<?xml version="1.0" encoding="UTF-8"?>
<testsuites tests="21" failures="0" errors="0" skipped="0">
  <testsuite timestamp="2025-06-02T15:59:53" time="80.986" tests="16" failures="0" errors="0" skipped="0">
    <properties>
      <property name="specId" value="0" />
      <property name="suiteName" value="Configure System - Interfaces US132253" />
      <property name="capabilities" value="chrome.136_0_7103_93.windows" />
      <property name="file" value="file:///D:/a/1/s/test/specs/TECH/configure-system-endpoints.spec.js" />
    </properties>
    <testcase classname="chrome.136_0_7103_93.windows.Configure_System_-_Interfaces_US132253" name="System should have default destination system setted to S4HP" time="36.068">
      <system-out><![CDATA[
COMMAND: POST /session/0e856e49af9277885b73884c08d24d44/execute/async - {"script":"<script> [1562 bytes]","args":[{"selector":{"controlType":"sap.m.Text","viewName":"etm.portal.ui.configuresystem.view.Master","properties":{"text":"1 table filter active: Type"}},"wdio_ui5_key":"etmportal.ui.configuresystem.view.Mastersap.m.Text{\"text\":\"1 table filter active: Type\"}"}]}
RESULT: {"script":"<script> [1562 bytes]","args":[{"selector":{"controlType":"sap.m.Text","viewName":"etm.portal.ui.configuresystem.view.Master","properties":{"text":"1 table filter active: Type"}},"wdio_ui5_key":"etmportal.ui.configuresystem.view.Mastersap.m.Text{\"text\":\"1 table filter active: Type\"}"}]}
RESULT: undefined
COMMAND: POST /session/0e856e49af9277885b73884c08d24d44/execute/async - {"script":"<script> [1562 bytes]","args":[{"selector":{"controlType":"sap.m.Text","viewName":"etm.portal.ui.configuresystem.view.Master","properties":{"text":"S12_S4HC"}},"wdio_ui5_key":"etmportal.ui.configuresystem.view.Mastersap.m.Text{\"text\":\"S12_S4HC\"}"}]}
RESULT: {"script":"<script> [1562 bytes]","args":[{"selector":{"controlType":"sap.m.Text","viewName":"etm.portal.ui.configuresystem.view.Master","properties":{"text":"S12_S4HC"}},"wdio_ui5_key":"etmportal.ui.configuresystem.view.Mastersap.m.Text{\"text\":\"S12_S4HC\"}"}]}
RESULT: undefined
COMMAND: POST /session/0e856e49af9277885b73884c08d24d44/execute/async - {"script":"<script> [6424 bytes]","args":[{"element-6066-11e4-a52e-4f735466cecf":"f.49BEEE8BF19DF9EA4073247F2BDD4228.d.D43BDCA2DF32FE97A2F7F74D2281A5C3.e.131"},"getText",[]]}
RESULT: {"script":"<script> [6424 bytes]","args":[{"element-6066-11e4-a52e-4f735466cecf":"f.49BEEE8BF19DF9EA4073247F2BDD4228.d.D43BDCA2DF32FE97A2F7F74D2281A5C3.e.131"},"getText",[]]}
COMMAND: POST /session/0e856e49af9277885b73884c08d24d44/execute/async - {"script":"<script> [1562 bytes]","args":[{"selector":{"controlType":"sap.m.Button","viewName":"etm.portal.ui.configuresystem.view.Master","properties":{"text":"Endpoints"},"interaction":{"idSuffix":"BDI-content"}},"wdio_ui5_key":"etmportal.ui.configuresystem.view.Mastersap.m.Button{\"text\":\"Endpoints\"}"}]}
RESULT: {"script":"<script> [1562 bytes]","args":[{"selector":{"controlType":"sap.m.Button","viewName":"etm.portal.ui.configuresystem.view.Master","properties":{"text":"Endpoints"},"interaction":{"idSuffix":"BDI-content"}},"wdio_ui5_key":"etmportal.ui.configuresystem.view.Mastersap.m.Button{\"text\":\"Endpoints\"}"}]}
RESULT: undefined
COMMAND: POST /session/0e856e49af9277885b73884c08d24d44/element - {"using":"xpath","value":"//*[@id=\"__xmlview58--ObjectPageLayout-anchBar-__xmlview58--endpointsSection-anchor\"]"}
RESULT: {"using":"xpath","value":"//*[@id=\"__xmlview58--ObjectPageLayout-anchBar-__xmlview58--endpointsSection-anchor\"]"}
COMMAND: POST /session/0e856e49af9277885b73884c08d24d44/element/f.49BEEE8BF19DF9EA4073247F2BDD4228.d.D43BDCA2DF32FE97A2F7F74D2281A5C3.e.133/click - {}
RESULT: {}
]]></system-out>
    </testcase>
    <testcase classname="chrome.136_0_7103_93.windows.Configure_System_-_Interfaces_US132253" name="Validate Asset endpoint connection status to Success" time="5.1">
      <system-out><![CDATA[
COMMAND: POST /session/0e856e49af9277885b73884c08d24d44/execute/async - {"script":"<script> [1562 bytes]","args":[{"selector":{"controlType":"sap.m.Button","viewName":"etm.portal.ui.configuresystem.view.Master","bindingPath":{"path":"/EndpointsWithStatus('Asset')","propertyPath":"STATUS_TEXT"},"interaction":{"idSuffix":"BDI-content"}},"wdio_ui5_key":"etmportal.ui.configuresystem.view.Mastersap.m.Button{\"path\":\"/EndpointsWithStatus('Asset')\",\"propertyPath\":\"STATUS_TEXT\"}"}]}
COMMAND: GET /session/0e856e49af9277885b73884c08d24d44/screenshot - {}
RESULT: {"script":"<script> [1562 bytes]","args":[{"selector":{"controlType":"sap.m.Button","viewName":"etm.portal.ui.configuresystem.view.Master","bindingPath":{"path":"/EndpointsWithStatus('Asset')","propertyPath":"STATUS_TEXT"},"interaction":{"idSuffix":"BDI-content"}},"wdio_ui5_key":"etmportal.ui.configuresystem.view.Mastersap.m.Button{\"path\":\"/EndpointsWithStatus('Asset')\",\"propertyPath\":\"STATUS_TEXT\"}"}]}
RESULT: undefined
COMMAND: POST /session/0e856e49af9277885b73884c08d24d44/execute/async - {"script":"<script> [6424 bytes]","args":[{"element-6066-11e4-a52e-4f735466cecf":"f.49BEEE8BF19DF9EA4073247F2BDD4228.d.D43BDCA2DF32FE97A2F7F74D2281A5C3.e.174"},"getText",[]]}
RESULT: {}
RESULT: {"script":"<script> [6424 bytes]","args":[{"element-6066-11e4-a52e-4f735466cecf":"f.49BEEE8BF19DF9EA4073247F2BDD4228.d.D43BDCA2DF32FE97A2F7F74D2281A5C3.e.174"},"getText",[]]}
]]></system-out>
    </testcase>
    <testcase classname="chrome.136_0_7103_93.windows.Configure_System_-_Interfaces_US132253" name="Validate Equipment endpoint connection status to Success" time="1.088">
      <system-out><![CDATA[
COMMAND: POST /session/0e856e49af9277885b73884c08d24d44/execute/async - {"script":"<script> [1562 bytes]","args":[{"selector":{"controlType":"sap.m.Button","viewName":"etm.portal.ui.configuresystem.view.Master","bindingPath":{"path":"/EndpointsWithStatus('Equipment')","propertyPath":"STATUS_TEXT"},"interaction":{"idSuffix":"BDI-content"}},"wdio_ui5_key":"etmportal.ui.configuresystem.view.Mastersap.m.Button{\"path\":\"/EndpointsWithStatus('Equipment')\",\"propertyPath\":\"STATUS_TEXT\"}"}]}
RESULT: {"script":"<script> [1562 bytes]","args":[{"selector":{"controlType":"sap.m.Button","viewName":"etm.portal.ui.configuresystem.view.Master","bindingPath":{"path":"/EndpointsWithStatus('Equipment')","propertyPath":"STATUS_TEXT"},"interaction":{"idSuffix":"BDI-content"}},"wdio_ui5_key":"etmportal.ui.configuresystem.view.Mastersap.m.Button{\"path\":\"/EndpointsWithStatus('Equipment')\",\"propertyPath\":\"STATUS_TEXT\"}"}]}
RESULT: undefined
COMMAND: POST /session/0e856e49af9277885b73884c08d24d44/execute/async - {"script":"<script> [6424 bytes]","args":[{"element-6066-11e4-a52e-4f735466cecf":"f.49BEEE8BF19DF9EA4073247F2BDD4228.d.D43BDCA2DF32FE97A2F7F74D2281A5C3.e.198"},"getText",[]]}
RESULT: {"script":"<script> [6424 bytes]","args":[{"element-6066-11e4-a52e-4f735466cecf":"f.49BEEE8BF19DF9EA4073247F2BDD4228.d.D43BDCA2DF32FE97A2F7F74D2281A5C3.e.198"},"getText",[]]}
]]></system-out>
    </testcase>
    <testcase classname="chrome.136_0_7103_93.windows.Configure_System_-_Interfaces_US132253" name="Validate BillingAndGoodsMvmt endpoint connection status to Success" time="1.107">
      <system-out><![CDATA[
COMMAND: POST /session/0e856e49af9277885b73884c08d24d44/execute/async - {"script":"<script> [1562 bytes]","args":[{"selector":{"controlType":"sap.m.Button","viewName":"etm.portal.ui.configuresystem.view.Master","bindingPath":{"path":"/EndpointsWithStatus('BillingAndGoodsMvmt')","propertyPath":"STATUS_TEXT"},"interaction":{"idSuffix":"BDI-content"}},"wdio_ui5_key":"etmportal.ui.configuresystem.view.Mastersap.m.Button{\"path\":\"/EndpointsWithStatus('BillingAndGoodsMvmt')\",\"propertyPath\":\"STATUS_TEXT\"}"}]}
RESULT: {"script":"<script> [1562 bytes]","args":[{"selector":{"controlType":"sap.m.Button","viewName":"etm.portal.ui.configuresystem.view.Master","bindingPath":{"path":"/EndpointsWithStatus('BillingAndGoodsMvmt')","propertyPath":"STATUS_TEXT"},"interaction":{"idSuffix":"BDI-content"}},"wdio_ui5_key":"etmportal.ui.configuresystem.view.Mastersap.m.Button{\"path\":\"/EndpointsWithStatus('BillingAndGoodsMvmt')\",\"propertyPath\":\"STATUS_TEXT\"}"}]}
RESULT: undefined
COMMAND: POST /session/0e856e49af9277885b73884c08d24d44/execute/async - {"script":"<script> [6424 bytes]","args":[{"element-6066-11e4-a52e-4f735466cecf":"f.49BEEE8BF19DF9EA4073247F2BDD4228.d.D43BDCA2DF32FE97A2F7F74D2281A5C3.e.199"},"getText",[]]}
RESULT: {"script":"<script> [6424 bytes]","args":[{"element-6066-11e4-a52e-4f735466cecf":"f.49BEEE8BF19DF9EA4073247F2BDD4228.d.D43BDCA2DF32FE97A2F7F74D2281A5C3.e.199"},"getText",[]]}
]]></system-out>
    </testcase>
    <testcase classname="chrome.136_0_7103_93.windows.Configure_System_-_Interfaces_US132253" name="Validate CompanyCode endpoint connection status to Success" time="1.204">
      <system-out><![CDATA[
COMMAND: POST /session/0e856e49af9277885b73884c08d24d44/execute/async - {"script":"<script> [1562 bytes]","args":[{"selector":{"controlType":"sap.m.Button","viewName":"etm.portal.ui.configuresystem.view.Master","bindingPath":{"path":"/EndpointsWithStatus('CompanyCode')","propertyPath":"STATUS_TEXT"},"interaction":{"idSuffix":"BDI-content"}},"wdio_ui5_key":"etmportal.ui.configuresystem.view.Mastersap.m.Button{\"path\":\"/EndpointsWithStatus('CompanyCode')\",\"propertyPath\":\"STATUS_TEXT\"}"}]}
RESULT: {"script":"<script> [1562 bytes]","args":[{"selector":{"controlType":"sap.m.Button","viewName":"etm.portal.ui.configuresystem.view.Master","bindingPath":{"path":"/EndpointsWithStatus('CompanyCode')","propertyPath":"STATUS_TEXT"},"interaction":{"idSuffix":"BDI-content"}},"wdio_ui5_key":"etmportal.ui.configuresystem.view.Mastersap.m.Button{\"path\":\"/EndpointsWithStatus('CompanyCode')\",\"propertyPath\":\"STATUS_TEXT\"}"}]}
RESULT: undefined
COMMAND: POST /session/0e856e49af9277885b73884c08d24d44/execute/async - {"script":"<script> [6424 bytes]","args":[{"element-6066-11e4-a52e-4f735466cecf":"f.49BEEE8BF19DF9EA4073247F2BDD4228.d.D43BDCA2DF32FE97A2F7F74D2281A5C3.e.200"},"getText",[]]}
RESULT: {"script":"<script> [6424 bytes]","args":[{"element-6066-11e4-a52e-4f735466cecf":"f.49BEEE8BF19DF9EA4073247F2BDD4228.d.D43BDCA2DF32FE97A2F7F74D2281A5C3.e.200"},"getText",[]]}
]]></system-out>
    </testcase>
    <testcase classname="chrome.136_0_7103_93.windows.Configure_System_-_Interfaces_US132253" name="Validate CostCenter endpoint connection status to Success" time="1.249">
      <system-out><![CDATA[
COMMAND: POST /session/0e856e49af9277885b73884c08d24d44/execute/async - {"script":"<script> [1562 bytes]","args":[{"selector":{"controlType":"sap.m.Button","viewName":"etm.portal.ui.configuresystem.view.Master","bindingPath":{"path":"/EndpointsWithStatus('CostCenter')","propertyPath":"STATUS_TEXT"},"interaction":{"idSuffix":"BDI-content"}},"wdio_ui5_key":"etmportal.ui.configuresystem.view.Mastersap.m.Button{\"path\":\"/EndpointsWithStatus('CostCenter')\",\"propertyPath\":\"STATUS_TEXT\"}"}]}
RESULT: {"script":"<script> [1562 bytes]","args":[{"selector":{"controlType":"sap.m.Button","viewName":"etm.portal.ui.configuresystem.view.Master","bindingPath":{"path":"/EndpointsWithStatus('CostCenter')","propertyPath":"STATUS_TEXT"},"interaction":{"idSuffix":"BDI-content"}},"wdio_ui5_key":"etmportal.ui.configuresystem.view.Mastersap.m.Button{\"path\":\"/EndpointsWithStatus('CostCenter')\",\"propertyPath\":\"STATUS_TEXT\"}"}]}
RESULT: undefined
COMMAND: POST /session/0e856e49af9277885b73884c08d24d44/execute/async - {"script":"<script> [6424 bytes]","args":[{"element-6066-11e4-a52e-4f735466cecf":"f.49BEEE8BF19DF9EA4073247F2BDD4228.d.D43BDCA2DF32FE97A2F7F74D2281A5C3.e.201"},"getText",[]]}
RESULT: {"script":"<script> [6424 bytes]","args":[{"element-6066-11e4-a52e-4f735466cecf":"f.49BEEE8BF19DF9EA4073247F2BDD4228.d.D43BDCA2DF32FE97A2F7F74D2281A5C3.e.201"},"getText",[]]}
]]></system-out>
    </testcase>
    <testcase classname="chrome.136_0_7103_93.windows.Configure_System_-_Interfaces_US132253" name="Validate ExternalCustomer endpoint connection status to Success" time="1.114">
      <system-out><![CDATA[
COMMAND: POST /session/0e856e49af9277885b73884c08d24d44/execute/async - {"script":"<script> [1562 bytes]","args":[{"selector":{"controlType":"sap.m.Button","viewName":"etm.portal.ui.configuresystem.view.Master","bindingPath":{"path":"/EndpointsWithStatus('ExternalCustomer')","propertyPath":"STATUS_TEXT"},"interaction":{"idSuffix":"BDI-content"}},"wdio_ui5_key":"etmportal.ui.configuresystem.view.Mastersap.m.Button{\"path\":\"/EndpointsWithStatus('ExternalCustomer')\",\"propertyPath\":\"STATUS_TEXT\"}"}]}
RESULT: {"script":"<script> [1562 bytes]","args":[{"selector":{"controlType":"sap.m.Button","viewName":"etm.portal.ui.configuresystem.view.Master","bindingPath":{"path":"/EndpointsWithStatus('ExternalCustomer')","propertyPath":"STATUS_TEXT"},"interaction":{"idSuffix":"BDI-content"}},"wdio_ui5_key":"etmportal.ui.configuresystem.view.Mastersap.m.Button{\"path\":\"/EndpointsWithStatus('ExternalCustomer')\",\"propertyPath\":\"STATUS_TEXT\"}"}]}
RESULT: undefined
COMMAND: POST /session/0e856e49af9277885b73884c08d24d44/execute/async - {"script":"<script> [6424 bytes]","args":[{"element-6066-11e4-a52e-4f735466cecf":"f.49BEEE8BF19DF9EA4073247F2BDD4228.d.D43BDCA2DF32FE97A2F7F74D2281A5C3.e.202"},"getText",[]]}
RESULT: {"script":"<script> [6424 bytes]","args":[{"element-6066-11e4-a52e-4f735466cecf":"f.49BEEE8BF19DF9EA4073247F2BDD4228.d.D43BDCA2DF32FE97A2F7F74D2281A5C3.e.202"},"getText",[]]}
]]></system-out>
    </testcase>
    <testcase classname="chrome.136_0_7103_93.windows.Configure_System_-_Interfaces_US132253" name="Validate InternalOrder endpoint connection status to Success" time="1.054">
      <system-out><![CDATA[
COMMAND: POST /session/0e856e49af9277885b73884c08d24d44/execute/async - {"script":"<script> [1562 bytes]","args":[{"selector":{"controlType":"sap.m.Button","viewName":"etm.portal.ui.configuresystem.view.Master","bindingPath":{"path":"/EndpointsWithStatus('InternalOrder')","propertyPath":"STATUS_TEXT"},"interaction":{"idSuffix":"BDI-content"}},"wdio_ui5_key":"etmportal.ui.configuresystem.view.Mastersap.m.Button{\"path\":\"/EndpointsWithStatus('InternalOrder')\",\"propertyPath\":\"STATUS_TEXT\"}"}]}
RESULT: {"script":"<script> [1562 bytes]","args":[{"selector":{"controlType":"sap.m.Button","viewName":"etm.portal.ui.configuresystem.view.Master","bindingPath":{"path":"/EndpointsWithStatus('InternalOrder')","propertyPath":"STATUS_TEXT"},"interaction":{"idSuffix":"BDI-content"}},"wdio_ui5_key":"etmportal.ui.configuresystem.view.Mastersap.m.Button{\"path\":\"/EndpointsWithStatus('InternalOrder')\",\"propertyPath\":\"STATUS_TEXT\"}"}]}
RESULT: undefined
COMMAND: POST /session/0e856e49af9277885b73884c08d24d44/execute/async - {"script":"<script> [6424 bytes]","args":[{"element-6066-11e4-a52e-4f735466cecf":"f.49BEEE8BF19DF9EA4073247F2BDD4228.d.D43BDCA2DF32FE97A2F7F74D2281A5C3.e.203"},"getText",[]]}
RESULT: {"script":"<script> [6424 bytes]","args":[{"element-6066-11e4-a52e-4f735466cecf":"f.49BEEE8BF19DF9EA4073247F2BDD4228.d.D43BDCA2DF32FE97A2F7F74D2281A5C3.e.203"},"getText",[]]}
]]></system-out>
    </testcase>
    <testcase classname="chrome.136_0_7103_93.windows.Configure_System_-_Interfaces_US132253" name="Validate MaintenanceOrder endpoint connection status to Success" time="1.286">
      <system-out><![CDATA[
COMMAND: POST /session/0e856e49af9277885b73884c08d24d44/execute/async - {"script":"<script> [1562 bytes]","args":[{"selector":{"controlType":"sap.m.Button","viewName":"etm.portal.ui.configuresystem.view.Master","bindingPath":{"path":"/EndpointsWithStatus('MaintenanceOrder')","propertyPath":"STATUS_TEXT"},"interaction":{"idSuffix":"BDI-content"}},"wdio_ui5_key":"etmportal.ui.configuresystem.view.Mastersap.m.Button{\"path\":\"/EndpointsWithStatus('MaintenanceOrder')\",\"propertyPath\":\"STATUS_TEXT\"}"}]}
RESULT: {"script":"<script> [1562 bytes]","args":[{"selector":{"controlType":"sap.m.Button","viewName":"etm.portal.ui.configuresystem.view.Master","bindingPath":{"path":"/EndpointsWithStatus('MaintenanceOrder')","propertyPath":"STATUS_TEXT"},"interaction":{"idSuffix":"BDI-content"}},"wdio_ui5_key":"etmportal.ui.configuresystem.view.Mastersap.m.Button{\"path\":\"/EndpointsWithStatus('MaintenanceOrder')\",\"propertyPath\":\"STATUS_TEXT\"}"}]}
RESULT: undefined
COMMAND: POST /session/0e856e49af9277885b73884c08d24d44/execute/async - {"script":"<script> [6424 bytes]","args":[{"element-6066-11e4-a52e-4f735466cecf":"f.49BEEE8BF19DF9EA4073247F2BDD4228.d.D43BDCA2DF32FE97A2F7F74D2281A5C3.e.204"},"getText",[]]}
RESULT: {"script":"<script> [6424 bytes]","args":[{"element-6066-11e4-a52e-4f735466cecf":"f.49BEEE8BF19DF9EA4073247F2BDD4228.d.D43BDCA2DF32FE97A2F7F74D2281A5C3.e.204"},"getText",[]]}
]]></system-out>
    </testcase>
    <testcase classname="chrome.136_0_7103_93.windows.Configure_System_-_Interfaces_US132253" name="Validate Material endpoint connection status to Success" time="1.085">
      <system-out><![CDATA[
COMMAND: POST /session/0e856e49af9277885b73884c08d24d44/execute/async - {"script":"<script> [1562 bytes]","args":[{"selector":{"controlType":"sap.m.Button","viewName":"etm.portal.ui.configuresystem.view.Master","bindingPath":{"path":"/EndpointsWithStatus('Material')","propertyPath":"STATUS_TEXT"},"interaction":{"idSuffix":"BDI-content"}},"wdio_ui5_key":"etmportal.ui.configuresystem.view.Mastersap.m.Button{\"path\":\"/EndpointsWithStatus('Material')\",\"propertyPath\":\"STATUS_TEXT\"}"}]}
RESULT: {"script":"<script> [1562 bytes]","args":[{"selector":{"controlType":"sap.m.Button","viewName":"etm.portal.ui.configuresystem.view.Master","bindingPath":{"path":"/EndpointsWithStatus('Material')","propertyPath":"STATUS_TEXT"},"interaction":{"idSuffix":"BDI-content"}},"wdio_ui5_key":"etmportal.ui.configuresystem.view.Mastersap.m.Button{\"path\":\"/EndpointsWithStatus('Material')\",\"propertyPath\":\"STATUS_TEXT\"}"}]}
RESULT: undefined
COMMAND: POST /session/0e856e49af9277885b73884c08d24d44/execute/async - {"script":"<script> [6424 bytes]","args":[{"element-6066-11e4-a52e-4f735466cecf":"f.49BEEE8BF19DF9EA4073247F2BDD4228.d.D43BDCA2DF32FE97A2F7F74D2281A5C3.e.205"},"getText",[]]}
RESULT: {"script":"<script> [6424 bytes]","args":[{"element-6066-11e4-a52e-4f735466cecf":"f.49BEEE8BF19DF9EA4073247F2BDD4228.d.D43BDCA2DF32FE97A2F7F74D2281A5C3.e.205"},"getText",[]]}
]]></system-out>
    </testcase>
    <testcase classname="chrome.136_0_7103_93.windows.Configure_System_-_Interfaces_US132253" name="Validate MeasuringPoint endpoint connection status to Success" time="1.09">
      <system-out><![CDATA[
COMMAND: POST /session/0e856e49af9277885b73884c08d24d44/execute/async - {"script":"<script> [1562 bytes]","args":[{"selector":{"controlType":"sap.m.Button","viewName":"etm.portal.ui.configuresystem.view.Master","bindingPath":{"path":"/EndpointsWithStatus('MeasuringPoint')","propertyPath":"STATUS_TEXT"},"interaction":{"idSuffix":"BDI-content"}},"wdio_ui5_key":"etmportal.ui.configuresystem.view.Mastersap.m.Button{\"path\":\"/EndpointsWithStatus('MeasuringPoint')\",\"propertyPath\":\"STATUS_TEXT\"}"}]}
RESULT: {"script":"<script> [1562 bytes]","args":[{"selector":{"controlType":"sap.m.Button","viewName":"etm.portal.ui.configuresystem.view.Master","bindingPath":{"path":"/EndpointsWithStatus('MeasuringPoint')","propertyPath":"STATUS_TEXT"},"interaction":{"idSuffix":"BDI-content"}},"wdio_ui5_key":"etmportal.ui.configuresystem.view.Mastersap.m.Button{\"path\":\"/EndpointsWithStatus('MeasuringPoint')\",\"propertyPath\":\"STATUS_TEXT\"}"}]}
RESULT: undefined
COMMAND: POST /session/0e856e49af9277885b73884c08d24d44/execute/async - {"script":"<script> [6424 bytes]","args":[{"element-6066-11e4-a52e-4f735466cecf":"f.49BEEE8BF19DF9EA4073247F2BDD4228.d.D43BDCA2DF32FE97A2F7F74D2281A5C3.e.206"},"getText",[]]}
RESULT: {"script":"<script> [6424 bytes]","args":[{"element-6066-11e4-a52e-4f735466cecf":"f.49BEEE8BF19DF9EA4073247F2BDD4228.d.D43BDCA2DF32FE97A2F7F74D2281A5C3.e.206"},"getText",[]]}
]]></system-out>
    </testcase>
    <testcase classname="chrome.136_0_7103_93.windows.Configure_System_-_Interfaces_US132253" name="Validate OutboundDelivery endpoint connection status to Success" time="1.073">
      <system-out><![CDATA[
COMMAND: POST /session/0e856e49af9277885b73884c08d24d44/execute/async - {"script":"<script> [1562 bytes]","args":[{"selector":{"controlType":"sap.m.Button","viewName":"etm.portal.ui.configuresystem.view.Master","bindingPath":{"path":"/EndpointsWithStatus('OutboundDelivery')","propertyPath":"STATUS_TEXT"},"interaction":{"idSuffix":"BDI-content"}},"wdio_ui5_key":"etmportal.ui.configuresystem.view.Mastersap.m.Button{\"path\":\"/EndpointsWithStatus('OutboundDelivery')\",\"propertyPath\":\"STATUS_TEXT\"}"}]}
RESULT: {"script":"<script> [1562 bytes]","args":[{"selector":{"controlType":"sap.m.Button","viewName":"etm.portal.ui.configuresystem.view.Master","bindingPath":{"path":"/EndpointsWithStatus('OutboundDelivery')","propertyPath":"STATUS_TEXT"},"interaction":{"idSuffix":"BDI-content"}},"wdio_ui5_key":"etmportal.ui.configuresystem.view.Mastersap.m.Button{\"path\":\"/EndpointsWithStatus('OutboundDelivery')\",\"propertyPath\":\"STATUS_TEXT\"}"}]}
RESULT: undefined
COMMAND: POST /session/0e856e49af9277885b73884c08d24d44/execute/async - {"script":"<script> [6424 bytes]","args":[{"element-6066-11e4-a52e-4f735466cecf":"f.49BEEE8BF19DF9EA4073247F2BDD4228.d.D43BDCA2DF32FE97A2F7F74D2281A5C3.e.207"},"getText",[]]}
RESULT: {"script":"<script> [6424 bytes]","args":[{"element-6066-11e4-a52e-4f735466cecf":"f.49BEEE8BF19DF9EA4073247F2BDD4228.d.D43BDCA2DF32FE97A2F7F74D2281A5C3.e.207"},"getText",[]]}
]]></system-out>
    </testcase>
    <testcase classname="chrome.136_0_7103_93.windows.Configure_System_-_Interfaces_US132253" name="Validate PurchaseRequisition endpoint connection status to Success" time="1.045">
      <system-out><![CDATA[
COMMAND: POST /session/0e856e49af9277885b73884c08d24d44/execute/async - {"script":"<script> [1562 bytes]","args":[{"selector":{"controlType":"sap.m.Button","viewName":"etm.portal.ui.configuresystem.view.Master","bindingPath":{"path":"/EndpointsWithStatus('PurchaseRequisition')","propertyPath":"STATUS_TEXT"},"interaction":{"idSuffix":"BDI-content"}},"wdio_ui5_key":"etmportal.ui.configuresystem.view.Mastersap.m.Button{\"path\":\"/EndpointsWithStatus('PurchaseRequisition')\",\"propertyPath\":\"STATUS_TEXT\"}"}]}
RESULT: {"script":"<script> [1562 bytes]","args":[{"selector":{"controlType":"sap.m.Button","viewName":"etm.portal.ui.configuresystem.view.Master","bindingPath":{"path":"/EndpointsWithStatus('PurchaseRequisition')","propertyPath":"STATUS_TEXT"},"interaction":{"idSuffix":"BDI-content"}},"wdio_ui5_key":"etmportal.ui.configuresystem.view.Mastersap.m.Button{\"path\":\"/EndpointsWithStatus('PurchaseRequisition')\",\"propertyPath\":\"STATUS_TEXT\"}"}]}
RESULT: undefined
COMMAND: POST /session/0e856e49af9277885b73884c08d24d44/execute/async - {"script":"<script> [6424 bytes]","args":[{"element-6066-11e4-a52e-4f735466cecf":"f.49BEEE8BF19DF9EA4073247F2BDD4228.d.D43BDCA2DF32FE97A2F7F74D2281A5C3.e.208"},"getText",[]]}
RESULT: {"script":"<script> [6424 bytes]","args":[{"element-6066-11e4-a52e-4f735466cecf":"f.49BEEE8BF19DF9EA4073247F2BDD4228.d.D43BDCA2DF32FE97A2F7F74D2281A5C3.e.208"},"getText",[]]}
]]></system-out>
    </testcase>
    <testcase classname="chrome.136_0_7103_93.windows.Configure_System_-_Interfaces_US132253" name="Validate PurchaseRequisitionProcess endpoint connection status to Success" time="1.07">
      <system-out><![CDATA[
COMMAND: POST /session/0e856e49af9277885b73884c08d24d44/execute/async - {"script":"<script> [1562 bytes]","args":[{"selector":{"controlType":"sap.m.Button","viewName":"etm.portal.ui.configuresystem.view.Master","bindingPath":{"path":"/EndpointsWithStatus('PurchaseRequisitionProcess')","propertyPath":"STATUS_TEXT"},"interaction":{"idSuffix":"BDI-content"}},"wdio_ui5_key":"etmportal.ui.configuresystem.view.Mastersap.m.Button{\"path\":\"/EndpointsWithStatus('PurchaseRequisitionProcess')\",\"propertyPath\":\"STATUS_TEXT\"}"}]}
RESULT: {"script":"<script> [1562 bytes]","args":[{"selector":{"controlType":"sap.m.Button","viewName":"etm.portal.ui.configuresystem.view.Master","bindingPath":{"path":"/EndpointsWithStatus('PurchaseRequisitionProcess')","propertyPath":"STATUS_TEXT"},"interaction":{"idSuffix":"BDI-content"}},"wdio_ui5_key":"etmportal.ui.configuresystem.view.Mastersap.m.Button{\"path\":\"/EndpointsWithStatus('PurchaseRequisitionProcess')\",\"propertyPath\":\"STATUS_TEXT\"}"}]}
RESULT: undefined
COMMAND: POST /session/0e856e49af9277885b73884c08d24d44/execute/async - {"script":"<script> [6424 bytes]","args":[{"element-6066-11e4-a52e-4f735466cecf":"f.49BEEE8BF19DF9EA4073247F2BDD4228.d.D43BDCA2DF32FE97A2F7F74D2281A5C3.e.209"},"getText",[]]}
RESULT: {"script":"<script> [6424 bytes]","args":[{"element-6066-11e4-a52e-4f735466cecf":"f.49BEEE8BF19DF9EA4073247F2BDD4228.d.D43BDCA2DF32FE97A2F7F74D2281A5C3.e.209"},"getText",[]]}
]]></system-out>
    </testcase>
    <testcase classname="chrome.136_0_7103_93.windows.Configure_System_-_Interfaces_US132253" name="Validate Vendor endpoint connection status to Success" time="1.055">
      <system-out><![CDATA[
COMMAND: POST /session/0e856e49af9277885b73884c08d24d44/execute/async - {"script":"<script> [1562 bytes]","args":[{"selector":{"controlType":"sap.m.Button","viewName":"etm.portal.ui.configuresystem.view.Master","bindingPath":{"path":"/EndpointsWithStatus('Vendor')","propertyPath":"STATUS_TEXT"},"interaction":{"idSuffix":"BDI-content"}},"wdio_ui5_key":"etmportal.ui.configuresystem.view.Mastersap.m.Button{\"path\":\"/EndpointsWithStatus('Vendor')\",\"propertyPath\":\"STATUS_TEXT\"}"}]}
RESULT: {"script":"<script> [1562 bytes]","args":[{"selector":{"controlType":"sap.m.Button","viewName":"etm.portal.ui.configuresystem.view.Master","bindingPath":{"path":"/EndpointsWithStatus('Vendor')","propertyPath":"STATUS_TEXT"},"interaction":{"idSuffix":"BDI-content"}},"wdio_ui5_key":"etmportal.ui.configuresystem.view.Mastersap.m.Button{\"path\":\"/EndpointsWithStatus('Vendor')\",\"propertyPath\":\"STATUS_TEXT\"}"}]}
RESULT: undefined
COMMAND: POST /session/0e856e49af9277885b73884c08d24d44/execute/async - {"script":"<script> [6424 bytes]","args":[{"element-6066-11e4-a52e-4f735466cecf":"f.49BEEE8BF19DF9EA4073247F2BDD4228.d.D43BDCA2DF32FE97A2F7F74D2281A5C3.e.210"},"getText",[]]}
RESULT: {"script":"<script> [6424 bytes]","args":[{"element-6066-11e4-a52e-4f735466cecf":"f.49BEEE8BF19DF9EA4073247F2BDD4228.d.D43BDCA2DF32FE97A2F7F74D2281A5C3.e.210"},"getText",[]]}
]]></system-out>
    </testcase>
    <testcase classname="chrome.136_0_7103_93.windows.Configure_System_-_Interfaces_US132253" name="Validate WBSElement endpoint connection status to Success" time="1.115">
      <system-out><![CDATA[
COMMAND: POST /session/0e856e49af9277885b73884c08d24d44/execute/async - {"script":"<script> [1562 bytes]","args":[{"selector":{"controlType":"sap.m.Button","viewName":"etm.portal.ui.configuresystem.view.Master","bindingPath":{"path":"/EndpointsWithStatus('WBSElement')","propertyPath":"STATUS_TEXT"},"interaction":{"idSuffix":"BDI-content"}},"wdio_ui5_key":"etmportal.ui.configuresystem.view.Mastersap.m.Button{\"path\":\"/EndpointsWithStatus('WBSElement')\",\"propertyPath\":\"STATUS_TEXT\"}"}]}
RESULT: {"script":"<script> [1562 bytes]","args":[{"selector":{"controlType":"sap.m.Button","viewName":"etm.portal.ui.configuresystem.view.Master","bindingPath":{"path":"/EndpointsWithStatus('WBSElement')","propertyPath":"STATUS_TEXT"},"interaction":{"idSuffix":"BDI-content"}},"wdio_ui5_key":"etmportal.ui.configuresystem.view.Mastersap.m.Button{\"path\":\"/EndpointsWithStatus('WBSElement')\",\"propertyPath\":\"STATUS_TEXT\"}"}]}
RESULT: undefined
COMMAND: POST /session/0e856e49af9277885b73884c08d24d44/execute/async - {"script":"<script> [6424 bytes]","args":[{"element-6066-11e4-a52e-4f735466cecf":"f.49BEEE8BF19DF9EA4073247F2BDD4228.d.D43BDCA2DF32FE97A2F7F74D2281A5C3.e.211"},"getText",[]]}
RESULT: {"script":"<script> [6424 bytes]","args":[{"element-6066-11e4-a52e-4f735466cecf":"f.49BEEE8BF19DF9EA4073247F2BDD4228.d.D43BDCA2DF32FE97A2F7F74D2281A5C3.e.211"},"getText",[]]}
COMMAND: POST /session/0e856e49af9277885b73884c08d24d44/element - {"using":"css selector","value":"#j_username"}
COMMAND: POST /session/0e856e49af9277885b73884c08d24d44/url - {"url":"https://qa-testing-00-live-etm-ui.cfapps.eu10-004.hana.ondemand.com/"}
RESULT: {"using":"css selector","value":"#j_username"}
COMMAND: POST /session/0e856e49af9277885b73884c08d24d44/element - {"using":"css selector","value":"#j_username"}
RESULT: {"url":"https://qa-testing-00-live-etm-ui.cfapps.eu10-004.hana.ondemand.com/"}
RESULT: undefined
COMMAND: GET /session/0e856e49af9277885b73884c08d24d44/screenshot - {}
RESULT: {"using":"css selector","value":"#j_username"}
COMMAND: POST /session/0e856e49af9277885b73884c08d24d44/element - {"using":"css selector","value":"#shell-header-logo"}
RESULT: {}
RESULT: {"using":"css selector","value":"#shell-header-logo"}
COMMAND: POST /session/0e856e49af9277885b73884c08d24d44/execute/sync - {"script":"<script> [8489 bytes]","args":[{"element-6066-11e4-a52e-4f735466cecf":"f.49BEEE8BF19DF9EA4073247F2BDD4228.d.9314D5743F7436D6FE02E7A8CCA26066.e.223","ELEMENT":"f.49BEEE8BF19DF9EA4073247F2BDD4228.d.9314D5743F7436D6FE02E7A8CCA26066.e.223"}]}
RESULT: {"script":"<script> [8489 bytes]","args":[{"element-6066-11e4-a52e-4f735466cecf":"f.49BEEE8BF19DF9EA4073247F2BDD4228.d.9314D5743F7436D6FE02E7A8CCA26066.e.223","ELEMENT":"f.49BEEE8BF19DF9EA4073247F2BDD4228.d.9314D5743F7436D6FE02E7A8CCA26066.e.223"}]}
COMMAND: POST /session/0e856e49af9277885b73884c08d24d44/element - {"using":"css selector","value":"#shell-header-logo"}
COMMAND: GET /session/0e856e49af9277885b73884c08d24d44/screenshot - {}
RESULT: {"using":"css selector","value":"#shell-header-logo"}
COMMAND: POST /session/0e856e49af9277885b73884c08d24d44/execute/sync - {"script":"<script> [8489 bytes]","args":[{"element-6066-11e4-a52e-4f735466cecf":"f.49BEEE8BF19DF9EA4073247F2BDD4228.d.9314D5743F7436D6FE02E7A8CCA26066.e.223","ELEMENT":"f.49BEEE8BF19DF9EA4073247F2BDD4228.d.9314D5743F7436D6FE02E7A8CCA26066.e.223"}]}
RESULT: {}
RESULT: {"script":"<script> [8489 bytes]","args":[{"element-6066-11e4-a52e-4f735466cecf":"f.49BEEE8BF19DF9EA4073247F2BDD4228.d.9314D5743F7436D6FE02E7A8CCA26066.e.223","ELEMENT":"f.49BEEE8BF19DF9EA4073247F2BDD4228.d.9314D5743F7436D6FE02E7A8CCA26066.e.223"}]}
COMMAND: POST /session/0e856e49af9277885b73884c08d24d44/execute/sync - {"script":"<script> [5351 bytes]","args":[{"element-6066-11e4-a52e-4f735466cecf":"f.49BEEE8BF19DF9EA4073247F2BDD4228.d.9314D5743F7436D6FE02E7A8CCA26066.e.223","ELEMENT":"f.49BEEE8BF19DF9EA4073247F2BDD4228.d.9314D5743F7436D6FE02E7A8CCA26066.e.223"}]}
COMMAND: GET /session/0e856e49af9277885b73884c08d24d44/screenshot - {}
RESULT: {"script":"<script> [5351 bytes]","args":[{"element-6066-11e4-a52e-4f735466cecf":"f.49BEEE8BF19DF9EA4073247F2BDD4228.d.9314D5743F7436D6FE02E7A8CCA26066.e.223","ELEMENT":"f.49BEEE8BF19DF9EA4073247F2BDD4228.d.9314D5743F7436D6FE02E7A8CCA26066.e.223"}]}
COMMAND: POST /session/0e856e49af9277885b73884c08d24d44/element - {"using":"css selector","value":"#shell-header-logo"}
COMMAND: GET /session/0e856e49af9277885b73884c08d24d44/screenshot - {}
RESULT: {}
RESULT: {"using":"css selector","value":"#shell-header-logo"}
COMMAND: POST /session/0e856e49af9277885b73884c08d24d44/element/f.49BEEE8BF19DF9EA4073247F2BDD4228.d.9314D5743F7436D6FE02E7A8CCA26066.e.223/click - {}
RESULT: {}
RESULT: {}
COMMAND: GET /session/0e856e49af9277885b73884c08d24d44/screenshot - {}
RESULT: {}
COMMAND: POST /session/0e856e49af9277885b73884c08d24d44/execute/async - {"script":"<script> [189 bytes]","args":[]}
RESULT: {"script":"<script> [189 bytes]","args":[]}
COMMAND: POST /session/0e856e49af9277885b73884c08d24d44/execute/async - {"script":"<script> [123 bytes]","args":[]}
RESULT: {"script":"<script> [123 bytes]","args":[]}
COMMAND: POST /session/0e856e49af9277885b73884c08d24d44/timeouts - {"script":"<number>"}
RESULT: {"script":"<number>"}
COMMAND: GET /session/0e856e49af9277885b73884c08d24d44/timeouts - {}
RESULT: {}
RESULT: undefined
COMMAND: POST /session/0e856e49af9277885b73884c08d24d44/execute/async - {"script":"<script> [2676 bytes]","args":[]}
RESULT: {"script":"<script> [2676 bytes]","args":[]}
COMMAND: POST /session/0e856e49af9277885b73884c08d24d44/execute/async - {"script":"<script> [2342 bytes]","args":[{"protocol":"http","hostname":"0.0.0.0","path":"/","capabilities":{"browserName":"chrome","goog:chromeOptions":{"binary":"C:\\Program Files\\Google\\Chrome\\Application\\chrome.exe","args":["--start-maximized"]}},"logLevel":"warn","connectionRetryTimeout":120000,"connectionRetryCount":3,"logLevels":{},"enableDirectConnect":true,"strictSSL":true,"_":"65 more keys: [\"cacheDir\",\"port\",\"requestedCapabilities\",\"automationProtocol\",\"baseUrl\",\"waitforInterval\",\"waitforTimeout\",\"onReload\",\"beforeCommand\",\"afterCommand\",\"rootDir\",\"specs\",\"suites\",\"exclude\",\"groupLogsByTestSpec\",\"excludeDriverLogs\",\"bail\",\"framework\",\"reporters\",\"services\",\"maxInstances\",\"maxInstancesPerCapability\",\"injectGlobals\",\"filesToWatch\",\"execArgv\",\"runnerEnv\",\"runner\",\"shard\",\"specFileRetries\",\"specFileRetriesDelay\",\"specFileRetriesDeferred\",\"reporterSyncInterval\",\"reporterSyncTimeout\",\"cucumberFeaturesWithLineNumbers\",\"autoCompileOpts\",\"mochaOpts\",\"jasmineOpts\",\"cucumberOpts\",\"onPrepare\",\"onWorkerStart\",\"onWorkerEnd\",\"before\",\"beforeSession\",\"beforeSuite\",\"beforeHook\",\"beforeTest\",\"afterTest\",\"afterHook\",\"afterSuite\",\"afterSession\",\"after\",\"onComplete\",\"beforeAssertion\",\"afterAssertion\",\"beforeFeature\",\"beforeScenario\",\"beforeStep\",\"afterStep\",\"afterScenario\",\"afterFeature\",\"_\",\"suite\",\"$0\",\"ignoredWorkerServices\",\"wdi5\"]"}]}
RESULT: {"script":"<script> [2342 bytes]","args":[{"protocol":"http","hostname":"0.0.0.0","path":"/","capabilities":{"browserName":"chrome","goog:chromeOptions":{"binary":"C:\\Program Files\\Google\\Chrome\\Application\\chrome.exe","args":["--start-maximized"]}},"logLevel":"warn","connectionRetryTimeout":120000,"connectionRetryCount":3,"logLevels":{},"enableDirectConnect":true,"strictSSL":true,"_":"65 more keys: [\"cacheDir\",\"port\",\"requestedCapabilities\",\"automationProtocol\",\"baseUrl\",\"waitforInterval\",\"waitforTimeout\",\"onReload\",\"beforeCommand\",\"afterCommand\",\"rootDir\",\"specs\",\"suites\",\"exclude\",\"groupLogsByTestSpec\",\"excludeDriverLogs\",\"bail\",\"framework\",\"reporters\",\"services\",\"maxInstances\",\"maxInstancesPerCapability\",\"injectGlobals\",\"filesToWatch\",\"execArgv\",\"runnerEnv\",\"runner\",\"shard\",\"specFileRetries\",\"specFileRetriesDelay\",\"specFileRetriesDeferred\",\"reporterSyncInterval\",\"reporterSyncTimeout\",\"cucumberFeaturesWithLineNumbers\",\"autoCompileOpts\",\"mochaOpts\",\"jasmineOpts\",\"cucumberOpts\",\"onPrepare\",\"onWorkerStart\",\"onWorkerEnd\",\"before\",\"beforeSession\",\"beforeSuite\",\"beforeHook\",\"beforeTest\",\"afterTest\",\"afterHook\",\"afterSuite\",\"afterSession\",\"after\",\"onComplete\",\"beforeAssertion\",\"afterAssertion\",\"beforeFeature\",\"beforeScenario\",\"beforeStep\",\"afterStep\",\"afterScenario\",\"afterFeature\",\"_\",\"suite\",\"$0\",\"ignoredWorkerServices\",\"wdi5\"]"}]}
COMMAND: POST /session/0e856e49af9277885b73884c08d24d44/execute/async - {"script":"<script> [21126 bytes]","args":[35000]}
RESULT: {"script":"<script> [21126 bytes]","args":[35000]}
COMMAND: POST /session/0e856e49af9277885b73884c08d24d44/window/maximize - {}
RESULT: {}
COMMAND: POST /session/0e856e49af9277885b73884c08d24d44/execute/async - {"script":"<script> [1562 bytes]","args":[{"selector":{"id":"shell-header","interaction":{"idSuffix":"icon"}},"wdio_ui5_key":"shellheader"}]}
COMMAND: GET /session/0e856e49af9277885b73884c08d24d44/screenshot - {}
RESULT: {"script":"<script> [1562 bytes]","args":[{"selector":{"id":"shell-header","interaction":{"idSuffix":"icon"}},"wdio_ui5_key":"shellheader"}]}
RESULT: undefined
COMMAND: POST /session/0e856e49af9277885b73884c08d24d44/window/maximize - {}
RESULT: {}
RESULT: {}
]]></system-out>
    </testcase>
  </testsuite>
  <testsuite timestamp="2025-06-02T16:01:14" time="217.081" tests="4" failures="0" errors="0" skipped="0">
    <properties>
      <property name="specId" value="0" />
      <property name="suiteName" value="Manage RU: Interfaces Data Check for UI fields US132253" />
      <property name="capabilities" value="chrome.136_0_7103_93.windows" />
      <property name="file" value="file:///D:/a/1/s/test/specs/TECH/ru-interface-data-check.spec.js" />
    </properties>
    <testcase classname="chrome.136_0_7103_93.windows.Manage_RU:_Interfaces_Data_Check_for_UI_fields_US132253" name="Should see data from Equipment interface for Equipment Value Help Field" time="58.123">
      <system-out><![CDATA[
COMMAND: GET /session/0e856e49af9277885b73884c08d24d44/screenshot - {}
COMMAND: POST /session/0e856e49af9277885b73884c08d24d44/execute/async - {"script":"<script> [1562 bytes]","args":[{"selector":{"controlType":"sap.m.GenericTile","properties":{"header":"Manage Resources"}},"wdio_ui5_key":"sapm.GenericTile{\"header\":\"Manage Resources\"}"}]}
RESULT: {}
RESULT: {"script":"<script> [1562 bytes]","args":[{"selector":{"controlType":"sap.m.GenericTile","properties":{"header":"Manage Resources"}},"wdio_ui5_key":"sapm.GenericTile{\"header\":\"Manage Resources\"}"}]}
RESULT: undefined
COMMAND: POST /session/0e856e49af9277885b73884c08d24d44/element - {"using":"xpath","value":"//*[@id=\"__tile39\"]"}
RESULT: {"using":"xpath","value":"//*[@id=\"__tile39\"]"}
COMMAND: POST /session/0e856e49af9277885b73884c08d24d44/element/f.49BEEE8BF19DF9EA4073247F2BDD4228.d.9314D5743F7436D6FE02E7A8CCA26066.e.228/click - {}
RESULT: {}
COMMAND: GET /session/0e856e49af9277885b73884c08d24d44/screenshot - {}
RESULT: {}
COMMAND: POST /session/0e856e49af9277885b73884c08d24d44/elements - {"using":"xpath","value":"//span[text()='Error']"}
RESULT: {"using":"xpath","value":"//span[text()='Error']"}
COMMAND: POST /session/0e856e49af9277885b73884c08d24d44/execute/async - {"script":"<script> [1562 bytes]","args":[{"selector":{"controlType":"sap.ui.core.Icon","viewName":"etm.portal.ui.manageresources.view.Master","viewId":"application-manageresources-display-component---masterRU","properties":{"src":{"regex":{"source":"add"}}}},"wdio_ui5_key":"etmportal.ui.manageresources.view.Mastersap.ui.core.Icon{\"src\":{\"regex\":{\"source\":\"add\"}}}"}]}
RESULT: {"script":"<script> [1562 bytes]","args":[{"selector":{"controlType":"sap.ui.core.Icon","viewName":"etm.portal.ui.manageresources.view.Master","viewId":"application-manageresources-display-component---masterRU","properties":{"src":{"regex":{"source":"add"}}}},"wdio_ui5_key":"etmportal.ui.manageresources.view.Mastersap.ui.core.Icon{\"src\":{\"regex\":{\"source\":\"add\"}}}"}]}
RESULT: undefined
COMMAND: POST /session/0e856e49af9277885b73884c08d24d44/element - {"using":"xpath","value":"//*[@id=\"__button5-img\"]"}
RESULT: {"using":"xpath","value":"//*[@id=\"__button5-img\"]"}
COMMAND: POST /session/0e856e49af9277885b73884c08d24d44/element/f.49BEEE8BF19DF9EA4073247F2BDD4228.d.9314D5743F7436D6FE02E7A8CCA26066.e.274/click - {}
RESULT: {}
COMMAND: GET /session/0e856e49af9277885b73884c08d24d44/screenshot - {}
COMMAND: POST /session/0e856e49af9277885b73884c08d24d44/execute/async - {"script":"<script> [1562 bytes]","args":[{"selector":{"id":"application-manageresources-display-component---newResourceUnit--TYPE","interaction":{"idSuffix":"inner"}},"wdio_ui5_key":"applicationmanageresources-display-component---newResourceUnit--TYPE"}]}
RESULT: {}
RESULT: {"script":"<script> [1562 bytes]","args":[{"selector":{"id":"application-manageresources-display-component---newResourceUnit--TYPE","interaction":{"idSuffix":"inner"}},"wdio_ui5_key":"applicationmanageresources-display-component---newResourceUnit--TYPE"}]}
RESULT: undefined
COMMAND: POST /session/0e856e49af9277885b73884c08d24d44/execute/async - {"script":"<script> [776 bytes]","args":[{"enterText":"Equipment","selector":{"id":"application-manageresources-display-component---newResourceUnit--TYPE","interaction":{"idSuffix":"inner"}},"clearTextFirst":true,"interactionType":"ENTER_TEXT"}]}
RESULT: {"script":"<script> [776 bytes]","args":[{"enterText":"Equipment","selector":{"id":"application-manageresources-display-component---newResourceUnit--TYPE","interaction":{"idSuffix":"inner"}},"clearTextFirst":true,"interactionType":"ENTER_TEXT"}]}
COMMAND: POST /session/0e856e49af9277885b73884c08d24d44/actions - {"actions":[{"id":"action1","type":"key","parameters":{},"actions":[{"type":"keyDown","value":"î€•"},{"type":"pause","duration":10},{"type":"keyUp","value":"î€•"}]}]}
RESULT: {"actions":[{"id":"action1","type":"key","parameters":{},"actions":[{"type":"keyDown","value":"î€•"},{"type":"pause","duration":10},{"type":"keyUp","value":"î€•"}]}]}
COMMAND: POST /session/0e856e49af9277885b73884c08d24d44/actions - {"actions":[{"id":"action2","type":"key","parameters":{},"actions":[{"type":"keyDown","value":"î€‡"},{"type":"pause","duration":10},{"type":"keyUp","value":"î€‡"}]}]}
COMMAND: GET /session/0e856e49af9277885b73884c08d24d44/screenshot - {}
RESULT: {"actions":[{"id":"action2","type":"key","parameters":{},"actions":[{"type":"keyDown","value":"î€‡"},{"type":"pause","duration":10},{"type":"keyUp","value":"î€‡"}]}]}
COMMAND: GET /session/0e856e49af9277885b73884c08d24d44/screenshot - {}
RESULT: {}
RESULT: {}
COMMAND: POST /session/0e856e49af9277885b73884c08d24d44/execute/async - {"script":"<script> [1562 bytes]","args":[{"selector":{"id":"application-manageresources-display-component---newResourceUnit--rruEquipmentNo","interaction":{"idSuffix":"inner"}},"wdio_ui5_key":"applicationmanageresources-display-component---newResourceUnit--rruEquipmentNo"}]}
RESULT: {"script":"<script> [1562 bytes]","args":[{"selector":{"id":"application-manageresources-display-component---newResourceUnit--rruEquipmentNo","interaction":{"idSuffix":"inner"}},"wdio_ui5_key":"applicationmanageresources-display-component---newResourceUnit--rruEquipmentNo"}]}
RESULT: undefined
COMMAND: POST /session/0e856e49af9277885b73884c08d24d44/execute/async - {"script":"<script> [776 bytes]","args":[{"enterText":"","selector":{"id":"application-manageresources-display-component---newResourceUnit--rruEquipmentNo","interaction":{"idSuffix":"inner"}},"clearTextFirst":true,"interactionType":"ENTER_TEXT"}]}
RESULT: {"script":"<script> [776 bytes]","args":[{"enterText":"","selector":{"id":"application-manageresources-display-component---newResourceUnit--rruEquipmentNo","interaction":{"idSuffix":"inner"}},"clearTextFirst":true,"interactionType":"ENTER_TEXT"}]}
COMMAND: POST /session/0e856e49af9277885b73884c08d24d44/execute/async - {"script":"<script> [1562 bytes]","args":[{"selector":{"id":"application-manageresources-display-component---newResourceUnit--rruEquipmentNo-vhi"},"wdio_ui5_key":"applicationmanageresources-display-component---newResourceUnit--rruEquipmentNo-vhi"}]}
RESULT: {"script":"<script> [1562 bytes]","args":[{"selector":{"id":"application-manageresources-display-component---newResourceUnit--rruEquipmentNo-vhi"},"wdio_ui5_key":"applicationmanageresources-display-component---newResourceUnit--rruEquipmentNo-vhi"}]}
RESULT: undefined
COMMAND: POST /session/0e856e49af9277885b73884c08d24d44/element - {"using":"xpath","value":"//*[@id=\"application-manageresources-display-component---newResourceUnit--rruEquipmentNo-vhi\"]"}
RESULT: {"using":"xpath","value":"//*[@id=\"application-manageresources-display-component---newResourceUnit--rruEquipmentNo-vhi\"]"}
COMMAND: POST /session/0e856e49af9277885b73884c08d24d44/element/f.49BEEE8BF19DF9EA4073247F2BDD4228.d.9314D5743F7436D6FE02E7A8CCA26066.e.739/click - {}
RESULT: {}
COMMAND: GET /session/0e856e49af9277885b73884c08d24d44/screenshot - {}
RESULT: {}
COMMAND: POST /session/0e856e49af9277885b73884c08d24d44/execute/async - {"script":"<script> [1562 bytes]","args":[{"selector":{"controlType":"sap.m.Text","bindingPath":{"path":"/EquipmentValueHelpSet('10000007')","propertyPath":"EQUIPMENT","modelName":"EquipmentValueHelpModel"},"searchOpenDialogs":true},"wdio_ui5_key":"sapm.Text{\"path\":\"/EquipmentValueHelpSet('10000007')\",\"propertyPath\":\"EQUIPMENT\",\"modelName\":\"EquipmentValueHelpModel\"}"}]}
RESULT: {"script":"<script> [1562 bytes]","args":[{"selector":{"controlType":"sap.m.Text","bindingPath":{"path":"/EquipmentValueHelpSet('10000007')","propertyPath":"EQUIPMENT","modelName":"EquipmentValueHelpModel"},"searchOpenDialogs":true},"wdio_ui5_key":"sapm.Text{\"path\":\"/EquipmentValueHelpSet('10000007')\",\"propertyPath\":\"EQUIPMENT\",\"modelName\":\"EquipmentValueHelpModel\"}"}]}
RESULT: undefined
COMMAND: POST /session/0e856e49af9277885b73884c08d24d44/element - {"using":"xpath","value":"//*[@id=\"__text403-__clone308\"]"}
RESULT: {"using":"xpath","value":"//*[@id=\"__text403-__clone308\"]"}
COMMAND: POST /session/0e856e49af9277885b73884c08d24d44/element/f.49BEEE8BF19DF9EA4073247F2BDD4228.d.9314D5743F7436D6FE02E7A8CCA26066.e.746/click - {}
RESULT: {}
COMMAND: POST /session/0e856e49af9277885b73884c08d24d44/execute/async - {"script":"<script> [1562 bytes]","args":[{"selector":{"controlType":"sap.m.Button","properties":{"text":"OK"},"searchOpenDialogs":true,"interaction":{"idSuffix":"content"}},"wdio_ui5_key":"sapm.Button{\"text\":\"OK\"}"}]}
COMMAND: GET /session/0e856e49af9277885b73884c08d24d44/screenshot - {}
RESULT: {"script":"<script> [1562 bytes]","args":[{"selector":{"controlType":"sap.m.Button","properties":{"text":"OK"},"searchOpenDialogs":true,"interaction":{"idSuffix":"content"}},"wdio_ui5_key":"sapm.Button{\"text\":\"OK\"}"}]}
RESULT: undefined
COMMAND: POST /session/0e856e49af9277885b73884c08d24d44/element - {"using":"xpath","value":"//*[@id=\"__dialog2-ok\"]"}
RESULT: {}
RESULT: {"using":"xpath","value":"//*[@id=\"__dialog2-ok\"]"}
COMMAND: POST /session/0e856e49af9277885b73884c08d24d44/element/f.49BEEE8BF19DF9EA4073247F2BDD4228.d.9314D5743F7436D6FE02E7A8CCA26066.e.749/click - {}
RESULT: {}
COMMAND: GET /session/0e856e49af9277885b73884c08d24d44/screenshot - {}
RESULT: {}
RESULT: undefined
COMMAND: POST /session/0e856e49af9277885b73884c08d24d44/execute/async - {"script":"<script> [6424 bytes]","args":[{"element-6066-11e4-a52e-4f735466cecf":"f.49BEEE8BF19DF9EA4073247F2BDD4228.d.9314D5743F7436D6FE02E7A8CCA26066.e.718"},"getValue",[]]}
COMMAND: POST /session/0e856e49af9277885b73884c08d24d44/execute/async - {"script":"<script> [1562 bytes]","args":[{"selector":{"id":"application-manageresources-display-component---newResourceUnit--rruEquipmentNo","interaction":{"idSuffix":"inner"}},"wdio_ui5_key":"applicationmanageresources-display-component---newResourceUnit--rruEquipmentNo"}]}
RESULT: {"script":"<script> [1562 bytes]","args":[{"selector":{"id":"application-manageresources-display-component---newResourceUnit--rruEquipmentNo","interaction":{"idSuffix":"inner"}},"wdio_ui5_key":"applicationmanageresources-display-component---newResourceUnit--rruEquipmentNo"}]}
COMMAND: POST /session/0e856e49af9277885b73884c08d24d44/execute/async - {"script":"<script> [6424 bytes]","args":[{"element-6066-11e4-a52e-4f735466cecf":"f.49BEEE8BF19DF9EA4073247F2BDD4228.d.9314D5743F7436D6FE02E7A8CCA26066.e.753"},"getValue",[]]}
RESULT: {"script":"<script> [6424 bytes]","args":[{"element-6066-11e4-a52e-4f735466cecf":"f.49BEEE8BF19DF9EA4073247F2BDD4228.d.9314D5743F7436D6FE02E7A8CCA26066.e.753"},"getValue",[]]}
COMMAND: POST /session/0e856e49af9277885b73884c08d24d44/execute/async - {"script":"<script> [1562 bytes]","args":[{"selector":{"id":"application-manageresources-display-component---newResourceUnit--SHORT_TEXT"},"wdio_ui5_key":"applicationmanageresources-display-component---newResourceUnit--SHORT_TEXT"}]}
RESULT: {"script":"<script> [1562 bytes]","args":[{"selector":{"id":"application-manageresources-display-component---newResourceUnit--SHORT_TEXT"},"wdio_ui5_key":"applicationmanageresources-display-component---newResourceUnit--SHORT_TEXT"}]}
RESULT: undefined
COMMAND: POST /session/0e856e49af9277885b73884c08d24d44/execute/async - {"script":"<script> [6424 bytes]","args":[{"element-6066-11e4-a52e-4f735466cecf":"f.49BEEE8BF19DF9EA4073247F2BDD4228.d.9314D5743F7436D6FE02E7A8CCA26066.e.604"},"getValue",[]]}
RESULT: {"script":"<script> [6424 bytes]","args":[{"element-6066-11e4-a52e-4f735466cecf":"f.49BEEE8BF19DF9EA4073247F2BDD4228.d.9314D5743F7436D6FE02E7A8CCA26066.e.604"},"getValue",[]]}
]]></system-out>
    </testcase>
    <testcase classname="chrome.136_0_7103_93.windows.Manage_RU:_Interfaces_Data_Check_for_UI_fields_US132253" name="Should see data from Asset interface for Asset Value Help Field" time="76.669">
      <system-out><![CDATA[
COMMAND: POST /session/0e856e49af9277885b73884c08d24d44/execute/async - {"script":"<script> [1562 bytes]","args":[{"selector":{"id":"application-manageresources-display-component---newResourceUnit--rruAssetNo-vhi"},"wdio_ui5_key":"applicationmanageresources-display-component---newResourceUnit--rruAssetNo-vhi"}]}
RESULT: {"script":"<script> [1562 bytes]","args":[{"selector":{"id":"application-manageresources-display-component---newResourceUnit--rruAssetNo-vhi"},"wdio_ui5_key":"applicationmanageresources-display-component---newResourceUnit--rruAssetNo-vhi"}]}
RESULT: undefined
COMMAND: POST /session/0e856e49af9277885b73884c08d24d44/element - {"using":"xpath","value":"//*[@id=\"application-manageresources-display-component---newResourceUnit--rruAssetNo-vhi\"]"}
RESULT: {"using":"xpath","value":"//*[@id=\"application-manageresources-display-component---newResourceUnit--rruAssetNo-vhi\"]"}
COMMAND: POST /session/0e856e49af9277885b73884c08d24d44/element/f.49BEEE8BF19DF9EA4073247F2BDD4228.d.9314D5743F7436D6FE02E7A8CCA26066.e.756/click - {}
RESULT: {}
COMMAND: GET /session/0e856e49af9277885b73884c08d24d44/screenshot - {}
RESULT: {}
COMMAND: POST /session/0e856e49af9277885b73884c08d24d44/execute/async - {"script":"<script> [1562 bytes]","args":[{"selector":{"controlType":"sap.m.Text","bindingPath":{"path":"/I_FixedAssetValueHelp(CompanyCode='1000',MasterFixedAsset='400009',FixedAsset='0')","propertyPath":"MasterFixedAsset","modelName":"AssetValueHelpModel"},"searchOpenDialogs":true},"wdio_ui5_key":"sapm.Text{\"path\":\"/I_FixedAssetValueHelp(CompanyCode='1000',MasterFixedAsset='400009',FixedAsset='0')\",\"propertyPath\":\"MasterFixedAsset\",\"modelName\":\"AssetValueHelpModel\"}"}]}
RESULT: {"script":"<script> [1562 bytes]","args":[{"selector":{"controlType":"sap.m.Text","bindingPath":{"path":"/I_FixedAssetValueHelp(CompanyCode='1000',MasterFixedAsset='400009',FixedAsset='0')","propertyPath":"MasterFixedAsset","modelName":"AssetValueHelpModel"},"searchOpenDialogs":true},"wdio_ui5_key":"sapm.Text{\"path\":\"/I_FixedAssetValueHelp(CompanyCode='1000',MasterFixedAsset='400009',FixedAsset='0')\",\"propertyPath\":\"MasterFixedAsset\",\"modelName\":\"AssetValueHelpModel\"}"}]}
RESULT: undefined
COMMAND: POST /session/0e856e49af9277885b73884c08d24d44/element - {"using":"xpath","value":"//*[@id=\"__text411-__clone332\"]"}
RESULT: {"using":"xpath","value":"//*[@id=\"__text411-__clone332\"]"}
COMMAND: POST /session/0e856e49af9277885b73884c08d24d44/element/f.49BEEE8BF19DF9EA4073247F2BDD4228.d.9314D5743F7436D6FE02E7A8CCA26066.e.763/click - {}
RESULT: {}
RESULT: undefined
COMMAND: POST /session/0e856e49af9277885b73884c08d24d44/element - {"using":"xpath","value":"//*[@id=\"__dialog2-ok\"]"}
COMMAND: GET /session/0e856e49af9277885b73884c08d24d44/screenshot - {}
RESULT: {"using":"xpath","value":"//*[@id=\"__dialog2-ok\"]"}
COMMAND: POST /session/0e856e49af9277885b73884c08d24d44/elements - {"using":"xpath","value":"//*[@id=\"__dialog2-ok\"]"}
RESULT: {}
RESULT: {"using":"xpath","value":"//*[@id=\"__dialog2-ok\"]"}
COMMAND: POST /session/0e856e49af9277885b73884c08d24d44/elements - {"using":"xpath","value":"//*[@id=\"__dialog2-ok\"]"}
RESULT: {"using":"xpath","value":"//*[@id=\"__dialog2-ok\"]"}
COMMAND: POST /session/0e856e49af9277885b73884c08d24d44/elements - {"using":"xpath","value":"//*[@id=\"__dialog2-ok\"]"}
RESULT: {"using":"xpath","value":"//*[@id=\"__dialog2-ok\"]"}
COMMAND: POST /session/0e856e49af9277885b73884c08d24d44/elements - {"using":"xpath","value":"//*[@id=\"__dialog2-ok\"]"}
RESULT: {"using":"xpath","value":"//*[@id=\"__dialog2-ok\"]"}
COMMAND: POST /session/0e856e49af9277885b73884c08d24d44/elements - {"using":"xpath","value":"//*[@id=\"__dialog2-ok\"]"}
RESULT: {"using":"xpath","value":"//*[@id=\"__dialog2-ok\"]"}
COMMAND: POST /session/0e856e49af9277885b73884c08d24d44/elements - {"using":"xpath","value":"//*[@id=\"__dialog2-ok\"]"}
RESULT: {"using":"xpath","value":"//*[@id=\"__dialog2-ok\"]"}
COMMAND: POST /session/0e856e49af9277885b73884c08d24d44/elements - {"using":"xpath","value":"//*[@id=\"__dialog2-ok\"]"}
RESULT: {"using":"xpath","value":"//*[@id=\"__dialog2-ok\"]"}
COMMAND: POST /session/0e856e49af9277885b73884c08d24d44/elements - {"using":"xpath","value":"//*[@id=\"__dialog2-ok\"]"}
RESULT: {"using":"xpath","value":"//*[@id=\"__dialog2-ok\"]"}
COMMAND: POST /session/0e856e49af9277885b73884c08d24d44/elements - {"using":"xpath","value":"//*[@id=\"__dialog2-ok\"]"}
RESULT: {"using":"xpath","value":"//*[@id=\"__dialog2-ok\"]"}
COMMAND: POST /session/0e856e49af9277885b73884c08d24d44/elements - {"using":"xpath","value":"//*[@id=\"__dialog2-ok\"]"}
RESULT: {"using":"xpath","value":"//*[@id=\"__dialog2-ok\"]"}
COMMAND: POST /session/0e856e49af9277885b73884c08d24d44/elements - {"using":"xpath","value":"//*[@id=\"__dialog2-ok\"]"}
RESULT: {"using":"xpath","value":"//*[@id=\"__dialog2-ok\"]"}
COMMAND: POST /session/0e856e49af9277885b73884c08d24d44/elements - {"using":"xpath","value":"//*[@id=\"__dialog2-ok\"]"}
RESULT: {"using":"xpath","value":"//*[@id=\"__dialog2-ok\"]"}
COMMAND: POST /session/0e856e49af9277885b73884c08d24d44/elements - {"using":"xpath","value":"//*[@id=\"__dialog2-ok\"]"}
RESULT: {"using":"xpath","value":"//*[@id=\"__dialog2-ok\"]"}
COMMAND: POST /session/0e856e49af9277885b73884c08d24d44/elements - {"using":"xpath","value":"//*[@id=\"__dialog2-ok\"]"}
RESULT: {"using":"xpath","value":"//*[@id=\"__dialog2-ok\"]"}
COMMAND: POST /session/0e856e49af9277885b73884c08d24d44/elements - {"using":"xpath","value":"//*[@id=\"__dialog2-ok\"]"}
RESULT: {"using":"xpath","value":"//*[@id=\"__dialog2-ok\"]"}
COMMAND: POST /session/0e856e49af9277885b73884c08d24d44/elements - {"using":"xpath","value":"//*[@id=\"__dialog2-ok\"]"}
RESULT: {"using":"xpath","value":"//*[@id=\"__dialog2-ok\"]"}
COMMAND: POST /session/0e856e49af9277885b73884c08d24d44/elements - {"using":"xpath","value":"//*[@id=\"__dialog2-ok\"]"}
RESULT: {"using":"xpath","value":"//*[@id=\"__dialog2-ok\"]"}
COMMAND: POST /session/0e856e49af9277885b73884c08d24d44/elements - {"using":"xpath","value":"//*[@id=\"__dialog2-ok\"]"}
RESULT: {"using":"xpath","value":"//*[@id=\"__dialog2-ok\"]"}
COMMAND: POST /session/0e856e49af9277885b73884c08d24d44/elements - {"using":"xpath","value":"//*[@id=\"__dialog2-ok\"]"}
RESULT: {"using":"xpath","value":"//*[@id=\"__dialog2-ok\"]"}
COMMAND: POST /session/0e856e49af9277885b73884c08d24d44/elements - {"using":"xpath","value":"//*[@id=\"__dialog2-ok\"]"}
RESULT: {"using":"xpath","value":"//*[@id=\"__dialog2-ok\"]"}
COMMAND: POST /session/0e856e49af9277885b73884c08d24d44/elements - {"using":"xpath","value":"//*[@id=\"__dialog2-ok\"]"}
RESULT: {"using":"xpath","value":"//*[@id=\"__dialog2-ok\"]"}
COMMAND: POST /session/0e856e49af9277885b73884c08d24d44/elements - {"using":"xpath","value":"//*[@id=\"__dialog2-ok\"]"}
RESULT: {"using":"xpath","value":"//*[@id=\"__dialog2-ok\"]"}
COMMAND: POST /session/0e856e49af9277885b73884c08d24d44/elements - {"using":"xpath","value":"//*[@id=\"__dialog2-ok\"]"}
RESULT: {"using":"xpath","value":"//*[@id=\"__dialog2-ok\"]"}
COMMAND: POST /session/0e856e49af9277885b73884c08d24d44/elements - {"using":"xpath","value":"//*[@id=\"__dialog2-ok\"]"}
RESULT: {"using":"xpath","value":"//*[@id=\"__dialog2-ok\"]"}
COMMAND: POST /session/0e856e49af9277885b73884c08d24d44/elements - {"using":"xpath","value":"//*[@id=\"__dialog2-ok\"]"}
RESULT: {"using":"xpath","value":"//*[@id=\"__dialog2-ok\"]"}
COMMAND: POST /session/0e856e49af9277885b73884c08d24d44/elements - {"using":"xpath","value":"//*[@id=\"__dialog2-ok\"]"}
RESULT: {"using":"xpath","value":"//*[@id=\"__dialog2-ok\"]"}
COMMAND: POST /session/0e856e49af9277885b73884c08d24d44/elements - {"using":"xpath","value":"//*[@id=\"__dialog2-ok\"]"}
RESULT: {"using":"xpath","value":"//*[@id=\"__dialog2-ok\"]"}
COMMAND: POST /session/0e856e49af9277885b73884c08d24d44/elements - {"using":"xpath","value":"//*[@id=\"__dialog2-ok\"]"}
RESULT: {"using":"xpath","value":"//*[@id=\"__dialog2-ok\"]"}
COMMAND: POST /session/0e856e49af9277885b73884c08d24d44/elements - {"using":"xpath","value":"//*[@id=\"__dialog2-ok\"]"}
RESULT: {"using":"xpath","value":"//*[@id=\"__dialog2-ok\"]"}
COMMAND: POST /session/0e856e49af9277885b73884c08d24d44/elements - {"using":"xpath","value":"//*[@id=\"__dialog2-ok\"]"}
RESULT: {"using":"xpath","value":"//*[@id=\"__dialog2-ok\"]"}
COMMAND: POST /session/0e856e49af9277885b73884c08d24d44/elements - {"using":"xpath","value":"//*[@id=\"__dialog2-ok\"]"}
RESULT: {"using":"xpath","value":"//*[@id=\"__dialog2-ok\"]"}
COMMAND: POST /session/0e856e49af9277885b73884c08d24d44/elements - {"using":"xpath","value":"//*[@id=\"__dialog2-ok\"]"}
RESULT: {"using":"xpath","value":"//*[@id=\"__dialog2-ok\"]"}
COMMAND: POST /session/0e856e49af9277885b73884c08d24d44/elements - {"using":"xpath","value":"//*[@id=\"__dialog2-ok\"]"}
RESULT: {"using":"xpath","value":"//*[@id=\"__dialog2-ok\"]"}
COMMAND: POST /session/0e856e49af9277885b73884c08d24d44/elements - {"using":"xpath","value":"//*[@id=\"__dialog2-ok\"]"}
RESULT: {"using":"xpath","value":"//*[@id=\"__dialog2-ok\"]"}
COMMAND: POST /session/0e856e49af9277885b73884c08d24d44/elements - {"using":"xpath","value":"//*[@id=\"__dialog2-ok\"]"}
RESULT: {"using":"xpath","value":"//*[@id=\"__dialog2-ok\"]"}
COMMAND: POST /session/0e856e49af9277885b73884c08d24d44/elements - {"using":"xpath","value":"//*[@id=\"__dialog2-ok\"]"}
RESULT: {"using":"xpath","value":"//*[@id=\"__dialog2-ok\"]"}
COMMAND: POST /session/0e856e49af9277885b73884c08d24d44/elements - {"using":"xpath","value":"//*[@id=\"__dialog2-ok\"]"}
RESULT: {"using":"xpath","value":"//*[@id=\"__dialog2-ok\"]"}
COMMAND: POST /session/0e856e49af9277885b73884c08d24d44/elements - {"using":"xpath","value":"//*[@id=\"__dialog2-ok\"]"}
RESULT: {"using":"xpath","value":"//*[@id=\"__dialog2-ok\"]"}
COMMAND: POST /session/0e856e49af9277885b73884c08d24d44/elements - {"using":"xpath","value":"//*[@id=\"__dialog2-ok\"]"}
RESULT: {"using":"xpath","value":"//*[@id=\"__dialog2-ok\"]"}
COMMAND: POST /session/0e856e49af9277885b73884c08d24d44/elements - {"using":"xpath","value":"//*[@id=\"__dialog2-ok\"]"}
RESULT: {"using":"xpath","value":"//*[@id=\"__dialog2-ok\"]"}
COMMAND: POST /session/0e856e49af9277885b73884c08d24d44/elements - {"using":"xpath","value":"//*[@id=\"__dialog2-ok\"]"}
RESULT: {"using":"xpath","value":"//*[@id=\"__dialog2-ok\"]"}
COMMAND: POST /session/0e856e49af9277885b73884c08d24d44/elements - {"using":"xpath","value":"//*[@id=\"__dialog2-ok\"]"}
RESULT: {"using":"xpath","value":"//*[@id=\"__dialog2-ok\"]"}
COMMAND: POST /session/0e856e49af9277885b73884c08d24d44/elements - {"using":"xpath","value":"//*[@id=\"__dialog2-ok\"]"}
RESULT: {"using":"xpath","value":"//*[@id=\"__dialog2-ok\"]"}
COMMAND: POST /session/0e856e49af9277885b73884c08d24d44/elements - {"using":"xpath","value":"//*[@id=\"__dialog2-ok\"]"}
RESULT: {"using":"xpath","value":"//*[@id=\"__dialog2-ok\"]"}
COMMAND: POST /session/0e856e49af9277885b73884c08d24d44/elements - {"using":"xpath","value":"//*[@id=\"__dialog2-ok\"]"}
RESULT: {"using":"xpath","value":"//*[@id=\"__dialog2-ok\"]"}
COMMAND: POST /session/0e856e49af9277885b73884c08d24d44/elements - {"using":"xpath","value":"//*[@id=\"__dialog2-ok\"]"}
RESULT: {"using":"xpath","value":"//*[@id=\"__dialog2-ok\"]"}
COMMAND: POST /session/0e856e49af9277885b73884c08d24d44/elements - {"using":"xpath","value":"//*[@id=\"__dialog2-ok\"]"}
RESULT: {"using":"xpath","value":"//*[@id=\"__dialog2-ok\"]"}
COMMAND: POST /session/0e856e49af9277885b73884c08d24d44/elements - {"using":"xpath","value":"//*[@id=\"__dialog2-ok\"]"}
RESULT: {"using":"xpath","value":"//*[@id=\"__dialog2-ok\"]"}
COMMAND: POST /session/0e856e49af9277885b73884c08d24d44/elements - {"using":"xpath","value":"//*[@id=\"__dialog2-ok\"]"}
RESULT: {"using":"xpath","value":"//*[@id=\"__dialog2-ok\"]"}
COMMAND: POST /session/0e856e49af9277885b73884c08d24d44/elements - {"using":"xpath","value":"//*[@id=\"__dialog2-ok\"]"}
RESULT: {"using":"xpath","value":"//*[@id=\"__dialog2-ok\"]"}
COMMAND: POST /session/0e856e49af9277885b73884c08d24d44/elements - {"using":"xpath","value":"//*[@id=\"__dialog2-ok\"]"}
RESULT: {"using":"xpath","value":"//*[@id=\"__dialog2-ok\"]"}
COMMAND: POST /session/0e856e49af9277885b73884c08d24d44/elements - {"using":"xpath","value":"//*[@id=\"__dialog2-ok\"]"}
RESULT: {"using":"xpath","value":"//*[@id=\"__dialog2-ok\"]"}
COMMAND: POST /session/0e856e49af9277885b73884c08d24d44/elements - {"using":"xpath","value":"//*[@id=\"__dialog2-ok\"]"}
RESULT: {"using":"xpath","value":"//*[@id=\"__dialog2-ok\"]"}
COMMAND: POST /session/0e856e49af9277885b73884c08d24d44/elements - {"using":"xpath","value":"//*[@id=\"__dialog2-ok\"]"}
RESULT: {"using":"xpath","value":"//*[@id=\"__dialog2-ok\"]"}
COMMAND: POST /session/0e856e49af9277885b73884c08d24d44/elements - {"using":"xpath","value":"//*[@id=\"__dialog2-ok\"]"}
RESULT: {"using":"xpath","value":"//*[@id=\"__dialog2-ok\"]"}
COMMAND: POST /session/0e856e49af9277885b73884c08d24d44/elements - {"using":"xpath","value":"//*[@id=\"__dialog2-ok\"]"}
RESULT: {"using":"xpath","value":"//*[@id=\"__dialog2-ok\"]"}
COMMAND: POST /session/0e856e49af9277885b73884c08d24d44/elements - {"using":"xpath","value":"//*[@id=\"__dialog2-ok\"]"}
RESULT: {"using":"xpath","value":"//*[@id=\"__dialog2-ok\"]"}
COMMAND: POST /session/0e856e49af9277885b73884c08d24d44/elements - {"using":"xpath","value":"//*[@id=\"__dialog2-ok\"]"}
RESULT: {"using":"xpath","value":"//*[@id=\"__dialog2-ok\"]"}
COMMAND: POST /session/0e856e49af9277885b73884c08d24d44/elements - {"using":"xpath","value":"//*[@id=\"__dialog2-ok\"]"}
RESULT: {"using":"xpath","value":"//*[@id=\"__dialog2-ok\"]"}
COMMAND: POST /session/0e856e49af9277885b73884c08d24d44/elements - {"using":"xpath","value":"//*[@id=\"__dialog2-ok\"]"}
RESULT: {"using":"xpath","value":"//*[@id=\"__dialog2-ok\"]"}
COMMAND: POST /session/0e856e49af9277885b73884c08d24d44/elements - {"using":"xpath","value":"//*[@id=\"__dialog2-ok\"]"}
RESULT: {"using":"xpath","value":"//*[@id=\"__dialog2-ok\"]"}
COMMAND: POST /session/0e856e49af9277885b73884c08d24d44/elements - {"using":"xpath","value":"//*[@id=\"__dialog2-ok\"]"}
RESULT: {"using":"xpath","value":"//*[@id=\"__dialog2-ok\"]"}
COMMAND: POST /session/0e856e49af9277885b73884c08d24d44/elements - {"using":"xpath","value":"//*[@id=\"__dialog2-ok\"]"}
RESULT: {"using":"xpath","value":"//*[@id=\"__dialog2-ok\"]"}
COMMAND: POST /session/0e856e49af9277885b73884c08d24d44/elements - {"using":"xpath","value":"//*[@id=\"__dialog2-ok\"]"}
RESULT: {"using":"xpath","value":"//*[@id=\"__dialog2-ok\"]"}
COMMAND: POST /session/0e856e49af9277885b73884c08d24d44/elements - {"using":"xpath","value":"//*[@id=\"__dialog2-ok\"]"}
RESULT: {"using":"xpath","value":"//*[@id=\"__dialog2-ok\"]"}
COMMAND: POST /session/0e856e49af9277885b73884c08d24d44/elements - {"using":"xpath","value":"//*[@id=\"__dialog2-ok\"]"}
RESULT: {"using":"xpath","value":"//*[@id=\"__dialog2-ok\"]"}
COMMAND: POST /session/0e856e49af9277885b73884c08d24d44/elements - {"using":"xpath","value":"//*[@id=\"__dialog2-ok\"]"}
RESULT: {"using":"xpath","value":"//*[@id=\"__dialog2-ok\"]"}
COMMAND: POST /session/0e856e49af9277885b73884c08d24d44/elements - {"using":"xpath","value":"//*[@id=\"__dialog2-ok\"]"}
RESULT: {"using":"xpath","value":"//*[@id=\"__dialog2-ok\"]"}
COMMAND: POST /session/0e856e49af9277885b73884c08d24d44/elements - {"using":"xpath","value":"//*[@id=\"__dialog2-ok\"]"}
RESULT: {"using":"xpath","value":"//*[@id=\"__dialog2-ok\"]"}
COMMAND: POST /session/0e856e49af9277885b73884c08d24d44/elements - {"using":"xpath","value":"//*[@id=\"__dialog2-ok\"]"}
RESULT: {"using":"xpath","value":"//*[@id=\"__dialog2-ok\"]"}
COMMAND: POST /session/0e856e49af9277885b73884c08d24d44/elements - {"using":"xpath","value":"//*[@id=\"__dialog2-ok\"]"}
RESULT: {"using":"xpath","value":"//*[@id=\"__dialog2-ok\"]"}
COMMAND: POST /session/0e856e49af9277885b73884c08d24d44/elements - {"using":"xpath","value":"//*[@id=\"__dialog2-ok\"]"}
RESULT: {"using":"xpath","value":"//*[@id=\"__dialog2-ok\"]"}
COMMAND: POST /session/0e856e49af9277885b73884c08d24d44/elements - {"using":"xpath","value":"//*[@id=\"__dialog2-ok\"]"}
RESULT: {"using":"xpath","value":"//*[@id=\"__dialog2-ok\"]"}
COMMAND: POST /session/0e856e49af9277885b73884c08d24d44/elements - {"using":"xpath","value":"//*[@id=\"__dialog2-ok\"]"}
RESULT: {"using":"xpath","value":"//*[@id=\"__dialog2-ok\"]"}
COMMAND: POST /session/0e856e49af9277885b73884c08d24d44/elements - {"using":"xpath","value":"//*[@id=\"__dialog2-ok\"]"}
RESULT: {"using":"xpath","value":"//*[@id=\"__dialog2-ok\"]"}
COMMAND: POST /session/0e856e49af9277885b73884c08d24d44/elements - {"using":"xpath","value":"//*[@id=\"__dialog2-ok\"]"}
RESULT: {"using":"xpath","value":"//*[@id=\"__dialog2-ok\"]"}
COMMAND: POST /session/0e856e49af9277885b73884c08d24d44/elements - {"using":"xpath","value":"//*[@id=\"__dialog2-ok\"]"}
RESULT: {"using":"xpath","value":"//*[@id=\"__dialog2-ok\"]"}
COMMAND: POST /session/0e856e49af9277885b73884c08d24d44/elements - {"using":"xpath","value":"//*[@id=\"__dialog2-ok\"]"}
RESULT: {"using":"xpath","value":"//*[@id=\"__dialog2-ok\"]"}
COMMAND: POST /session/0e856e49af9277885b73884c08d24d44/elements - {"using":"xpath","value":"//*[@id=\"__dialog2-ok\"]"}
RESULT: {"using":"xpath","value":"//*[@id=\"__dialog2-ok\"]"}
COMMAND: POST /session/0e856e49af9277885b73884c08d24d44/elements - {"using":"xpath","value":"//*[@id=\"__dialog2-ok\"]"}
RESULT: {"using":"xpath","value":"//*[@id=\"__dialog2-ok\"]"}
COMMAND: POST /session/0e856e49af9277885b73884c08d24d44/elements - {"using":"xpath","value":"//*[@id=\"__dialog2-ok\"]"}
RESULT: {"using":"xpath","value":"//*[@id=\"__dialog2-ok\"]"}
COMMAND: POST /session/0e856e49af9277885b73884c08d24d44/elements - {"using":"xpath","value":"//*[@id=\"__dialog2-ok\"]"}
RESULT: {"using":"xpath","value":"//*[@id=\"__dialog2-ok\"]"}
COMMAND: POST /session/0e856e49af9277885b73884c08d24d44/elements - {"using":"xpath","value":"//*[@id=\"__dialog2-ok\"]"}
RESULT: {"using":"xpath","value":"//*[@id=\"__dialog2-ok\"]"}
COMMAND: POST /session/0e856e49af9277885b73884c08d24d44/elements - {"using":"xpath","value":"//*[@id=\"__dialog2-ok\"]"}
RESULT: {"using":"xpath","value":"//*[@id=\"__dialog2-ok\"]"}
COMMAND: POST /session/0e856e49af9277885b73884c08d24d44/elements - {"using":"xpath","value":"//*[@id=\"__dialog2-ok\"]"}
RESULT: {"using":"xpath","value":"//*[@id=\"__dialog2-ok\"]"}
COMMAND: POST /session/0e856e49af9277885b73884c08d24d44/elements - {"using":"xpath","value":"//*[@id=\"__dialog2-ok\"]"}
RESULT: {"using":"xpath","value":"//*[@id=\"__dialog2-ok\"]"}
COMMAND: POST /session/0e856e49af9277885b73884c08d24d44/elements - {"using":"xpath","value":"//*[@id=\"__dialog2-ok\"]"}
RESULT: {"using":"xpath","value":"//*[@id=\"__dialog2-ok\"]"}
COMMAND: POST /session/0e856e49af9277885b73884c08d24d44/elements - {"using":"xpath","value":"//*[@id=\"__dialog2-ok\"]"}
RESULT: {"using":"xpath","value":"//*[@id=\"__dialog2-ok\"]"}
COMMAND: POST /session/0e856e49af9277885b73884c08d24d44/elements - {"using":"xpath","value":"//*[@id=\"__dialog2-ok\"]"}
RESULT: {"using":"xpath","value":"//*[@id=\"__dialog2-ok\"]"}
COMMAND: POST /session/0e856e49af9277885b73884c08d24d44/elements - {"using":"xpath","value":"//*[@id=\"__dialog2-ok\"]"}
RESULT: {"using":"xpath","value":"//*[@id=\"__dialog2-ok\"]"}
COMMAND: POST /session/0e856e49af9277885b73884c08d24d44/elements - {"using":"xpath","value":"//*[@id=\"__dialog2-ok\"]"}
RESULT: {"using":"xpath","value":"//*[@id=\"__dialog2-ok\"]"}
COMMAND: POST /session/0e856e49af9277885b73884c08d24d44/elements - {"using":"xpath","value":"//*[@id=\"__dialog2-ok\"]"}
RESULT: {"using":"xpath","value":"//*[@id=\"__dialog2-ok\"]"}
COMMAND: POST /session/0e856e49af9277885b73884c08d24d44/elements - {"using":"xpath","value":"//*[@id=\"__dialog2-ok\"]"}
RESULT: {"using":"xpath","value":"//*[@id=\"__dialog2-ok\"]"}
COMMAND: POST /session/0e856e49af9277885b73884c08d24d44/elements - {"using":"xpath","value":"//*[@id=\"__dialog2-ok\"]"}
RESULT: {"using":"xpath","value":"//*[@id=\"__dialog2-ok\"]"}
COMMAND: POST /session/0e856e49af9277885b73884c08d24d44/elements - {"using":"xpath","value":"//*[@id=\"__dialog2-ok\"]"}
RESULT: {"using":"xpath","value":"//*[@id=\"__dialog2-ok\"]"}
COMMAND: POST /session/0e856e49af9277885b73884c08d24d44/elements - {"using":"xpath","value":"//*[@id=\"__dialog2-ok\"]"}
RESULT: {"using":"xpath","value":"//*[@id=\"__dialog2-ok\"]"}
COMMAND: POST /session/0e856e49af9277885b73884c08d24d44/elements - {"using":"xpath","value":"//*[@id=\"__dialog2-ok\"]"}
RESULT: {"using":"xpath","value":"//*[@id=\"__dialog2-ok\"]"}
COMMAND: POST /session/0e856e49af9277885b73884c08d24d44/elements - {"using":"xpath","value":"//*[@id=\"__dialog2-ok\"]"}
RESULT: {"using":"xpath","value":"//*[@id=\"__dialog2-ok\"]"}
COMMAND: POST /session/0e856e49af9277885b73884c08d24d44/elements - {"using":"xpath","value":"//*[@id=\"__dialog2-ok\"]"}
RESULT: {"using":"xpath","value":"//*[@id=\"__dialog2-ok\"]"}
COMMAND: POST /session/0e856e49af9277885b73884c08d24d44/elements - {"using":"xpath","value":"//*[@id=\"__dialog2-ok\"]"}
RESULT: {"using":"xpath","value":"//*[@id=\"__dialog2-ok\"]"}
COMMAND: POST /session/0e856e49af9277885b73884c08d24d44/elements - {"using":"xpath","value":"//*[@id=\"__dialog2-ok\"]"}
RESULT: {"using":"xpath","value":"//*[@id=\"__dialog2-ok\"]"}
COMMAND: POST /session/0e856e49af9277885b73884c08d24d44/elements - {"using":"xpath","value":"//*[@id=\"__dialog2-ok\"]"}
RESULT: {"using":"xpath","value":"//*[@id=\"__dialog2-ok\"]"}
COMMAND: POST /session/0e856e49af9277885b73884c08d24d44/elements - {"using":"xpath","value":"//*[@id=\"__dialog2-ok\"]"}
RESULT: {"using":"xpath","value":"//*[@id=\"__dialog2-ok\"]"}
COMMAND: POST /session/0e856e49af9277885b73884c08d24d44/elements - {"using":"xpath","value":"//*[@id=\"__dialog2-ok\"]"}
RESULT: {"using":"xpath","value":"//*[@id=\"__dialog2-ok\"]"}
COMMAND: POST /session/0e856e49af9277885b73884c08d24d44/elements - {"using":"xpath","value":"//*[@id=\"__dialog2-ok\"]"}
RESULT: {"using":"xpath","value":"//*[@id=\"__dialog2-ok\"]"}
COMMAND: POST /session/0e856e49af9277885b73884c08d24d44/elements - {"using":"xpath","value":"//*[@id=\"__dialog2-ok\"]"}
RESULT: {"using":"xpath","value":"//*[@id=\"__dialog2-ok\"]"}
COMMAND: POST /session/0e856e49af9277885b73884c08d24d44/elements - {"using":"xpath","value":"//*[@id=\"__dialog2-ok\"]"}
RESULT: {"using":"xpath","value":"//*[@id=\"__dialog2-ok\"]"}
COMMAND: POST /session/0e856e49af9277885b73884c08d24d44/elements - {"using":"xpath","value":"//*[@id=\"__dialog2-ok\"]"}
RESULT: {"using":"xpath","value":"//*[@id=\"__dialog2-ok\"]"}
COMMAND: POST /session/0e856e49af9277885b73884c08d24d44/elements - {"using":"xpath","value":"//*[@id=\"__dialog2-ok\"]"}
RESULT: {"using":"xpath","value":"//*[@id=\"__dialog2-ok\"]"}
COMMAND: POST /session/0e856e49af9277885b73884c08d24d44/elements - {"using":"xpath","value":"//*[@id=\"__dialog2-ok\"]"}
RESULT: {"using":"xpath","value":"//*[@id=\"__dialog2-ok\"]"}
COMMAND: POST /session/0e856e49af9277885b73884c08d24d44/elements - {"using":"xpath","value":"//*[@id=\"__dialog2-ok\"]"}
RESULT: {"using":"xpath","value":"//*[@id=\"__dialog2-ok\"]"}
COMMAND: POST /session/0e856e49af9277885b73884c08d24d44/elements - {"using":"xpath","value":"//*[@id=\"__dialog2-ok\"]"}
RESULT: {"using":"xpath","value":"//*[@id=\"__dialog2-ok\"]"}
COMMAND: POST /session/0e856e49af9277885b73884c08d24d44/elements - {"using":"xpath","value":"//*[@id=\"__dialog2-ok\"]"}
RESULT: {"using":"xpath","value":"//*[@id=\"__dialog2-ok\"]"}
COMMAND: POST /session/0e856e49af9277885b73884c08d24d44/elements - {"using":"xpath","value":"//*[@id=\"__dialog2-ok\"]"}
RESULT: {"using":"xpath","value":"//*[@id=\"__dialog2-ok\"]"}
COMMAND: POST /session/0e856e49af9277885b73884c08d24d44/elements - {"using":"xpath","value":"//*[@id=\"__dialog2-ok\"]"}
RESULT: {"using":"xpath","value":"//*[@id=\"__dialog2-ok\"]"}
COMMAND: POST /session/0e856e49af9277885b73884c08d24d44/elements - {"using":"xpath","value":"//*[@id=\"__dialog2-ok\"]"}
RESULT: {"using":"xpath","value":"//*[@id=\"__dialog2-ok\"]"}
COMMAND: POST /session/0e856e49af9277885b73884c08d24d44/elements - {"using":"xpath","value":"//*[@id=\"__dialog2-ok\"]"}
RESULT: {"using":"xpath","value":"//*[@id=\"__dialog2-ok\"]"}
COMMAND: POST /session/0e856e49af9277885b73884c08d24d44/elements - {"using":"xpath","value":"//*[@id=\"__dialog2-ok\"]"}
RESULT: {"using":"xpath","value":"//*[@id=\"__dialog2-ok\"]"}
COMMAND: POST /session/0e856e49af9277885b73884c08d24d44/elements - {"using":"xpath","value":"//*[@id=\"__dialog2-ok\"]"}
RESULT: {"using":"xpath","value":"//*[@id=\"__dialog2-ok\"]"}
COMMAND: POST /session/0e856e49af9277885b73884c08d24d44/elements - {"using":"xpath","value":"//*[@id=\"__dialog2-ok\"]"}
RESULT: {"using":"xpath","value":"//*[@id=\"__dialog2-ok\"]"}
COMMAND: POST /session/0e856e49af9277885b73884c08d24d44/element - {"using":"xpath","value":"//*[contains(text(), \"OK\")]"}
RESULT: {"using":"xpath","value":"//*[contains(text(), \"OK\")]"}
COMMAND: POST /session/0e856e49af9277885b73884c08d24d44/execute/sync - {"script":"<script> [8489 bytes]","args":[{"element-6066-11e4-a52e-4f735466cecf":"f.49BEEE8BF19DF9EA4073247F2BDD4228.d.9314D5743F7436D6FE02E7A8CCA26066.e.765","ELEMENT":"f.49BEEE8BF19DF9EA4073247F2BDD4228.d.9314D5743F7436D6FE02E7A8CCA26066.e.765"}]}
RESULT: {"script":"<script> [8489 bytes]","args":[{"element-6066-11e4-a52e-4f735466cecf":"f.49BEEE8BF19DF9EA4073247F2BDD4228.d.9314D5743F7436D6FE02E7A8CCA26066.e.765","ELEMENT":"f.49BEEE8BF19DF9EA4073247F2BDD4228.d.9314D5743F7436D6FE02E7A8CCA26066.e.765"}]}
COMMAND: POST /session/0e856e49af9277885b73884c08d24d44/execute/sync - {"script":"<script> [5351 bytes]","args":[{"element-6066-11e4-a52e-4f735466cecf":"f.49BEEE8BF19DF9EA4073247F2BDD4228.d.9314D5743F7436D6FE02E7A8CCA26066.e.765","ELEMENT":"f.49BEEE8BF19DF9EA4073247F2BDD4228.d.9314D5743F7436D6FE02E7A8CCA26066.e.765"}]}
COMMAND: GET /session/0e856e49af9277885b73884c08d24d44/screenshot - {}
RESULT: {}
RESULT: {"script":"<script> [5351 bytes]","args":[{"element-6066-11e4-a52e-4f735466cecf":"f.49BEEE8BF19DF9EA4073247F2BDD4228.d.9314D5743F7436D6FE02E7A8CCA26066.e.765","ELEMENT":"f.49BEEE8BF19DF9EA4073247F2BDD4228.d.9314D5743F7436D6FE02E7A8CCA26066.e.765"}]}
COMMAND: POST /session/0e856e49af9277885b73884c08d24d44/element/f.49BEEE8BF19DF9EA4073247F2BDD4228.d.9314D5743F7436D6FE02E7A8CCA26066.e.765/click - {}
COMMAND: GET /session/0e856e49af9277885b73884c08d24d44/screenshot - {}
RESULT: {}
COMMAND: GET /session/0e856e49af9277885b73884c08d24d44/screenshot - {}
RESULT: {}
RESULT: {}
COMMAND: POST /session/0e856e49af9277885b73884c08d24d44/execute/async - {"script":"<script> [1562 bytes]","args":[{"selector":{"id":"application-manageresources-display-component---newResourceUnit--rruAssetNo","interaction":{"idSuffix":"inner"}},"wdio_ui5_key":"applicationmanageresources-display-component---newResourceUnit--rruAssetNo"}]}
RESULT: {"script":"<script> [1562 bytes]","args":[{"selector":{"id":"application-manageresources-display-component---newResourceUnit--rruAssetNo","interaction":{"idSuffix":"inner"}},"wdio_ui5_key":"applicationmanageresources-display-component---newResourceUnit--rruAssetNo"}]}
RESULT: undefined
COMMAND: POST /session/0e856e49af9277885b73884c08d24d44/execute/async - {"script":"<script> [6424 bytes]","args":[{"element-6066-11e4-a52e-4f735466cecf":"f.49BEEE8BF19DF9EA4073247F2BDD4228.d.9314D5743F7436D6FE02E7A8CCA26066.e.768"},"getValue",[]]}
RESULT: {"script":"<script> [6424 bytes]","args":[{"element-6066-11e4-a52e-4f735466cecf":"f.49BEEE8BF19DF9EA4073247F2BDD4228.d.9314D5743F7436D6FE02E7A8CCA26066.e.768"},"getValue",[]]}
]]></system-out>
    </testcase>
    <testcase classname="chrome.136_0_7103_93.windows.Manage_RU:_Interfaces_Data_Check_for_UI_fields_US132253" name="Should see correct data from the Cost Object interface" time="16.827">
      <system-out><![CDATA[
COMMAND: POST /session/0e856e49af9277885b73884c08d24d44/execute/async - {"script":"<script> [1562 bytes]","args":[{"selector":{"id":"application-manageresources-display-component---newResourceUnit--newRRUPage-anchBar-application-manageresources-display-component---newResourceUnit--control-anchor","interaction":{"idSuffix":"BDI-content"}},"wdio_ui5_key":"applicationmanageresources-display-component---newResourceUnit--newRRUPage-anchBar-application-manageresources-display-component---newResourceUnit--control-anchor"}]}
RESULT: {"script":"<script> [1562 bytes]","args":[{"selector":{"id":"application-manageresources-display-component---newResourceUnit--newRRUPage-anchBar-application-manageresources-display-component---newResourceUnit--control-anchor","interaction":{"idSuffix":"BDI-content"}},"wdio_ui5_key":"applicationmanageresources-display-component---newResourceUnit--newRRUPage-anchBar-application-manageresources-display-component---newResourceUnit--control-anchor"}]}
RESULT: undefined
COMMAND: POST /session/0e856e49af9277885b73884c08d24d44/element - {"using":"xpath","value":"//*[@id=\"application-manageresources-display-component---newResourceUnit--newRRUPage-anchBar-application-manageresources-display-component---newResourceUnit--control-anchor\"]"}
RESULT: {"using":"xpath","value":"//*[@id=\"application-manageresources-display-component---newResourceUnit--newRRUPage-anchBar-application-manageresources-display-component---newResourceUnit--control-anchor\"]"}
COMMAND: POST /session/0e856e49af9277885b73884c08d24d44/element/f.49BEEE8BF19DF9EA4073247F2BDD4228.d.9314D5743F7436D6FE02E7A8CCA26066.e.771/click - {}
RESULT: {}
COMMAND: POST /session/0e856e49af9277885b73884c08d24d44/execute/async - {"script":"<script> [1562 bytes]","args":[{"selector":{"id":"application-manageresources-display-component---newResourceUnit--DECOMMISSIONING","interaction":{"idSuffix":"inner"}},"wdio_ui5_key":"applicationmanageresources-display-component---newResourceUnit--DECOMMISSIONING"}]}
COMMAND: GET /session/0e856e49af9277885b73884c08d24d44/screenshot - {}
RESULT: {"script":"<script> [1562 bytes]","args":[{"selector":{"id":"application-manageresources-display-component---newResourceUnit--DECOMMISSIONING","interaction":{"idSuffix":"inner"}},"wdio_ui5_key":"applicationmanageresources-display-component---newResourceUnit--DECOMMISSIONING"}]}
RESULT: undefined
COMMAND: POST /session/0e856e49af9277885b73884c08d24d44/execute/async - {"script":"<script> [776 bytes]","args":[{"enterText":0,"selector":{"id":"application-manageresources-display-component---newResourceUnit--DECOMMISSIONING","interaction":{"idSuffix":"inner"}},"clearTextFirst":true,"interactionType":"ENTER_TEXT"}]}
RESULT: {}
RESULT: {"script":"<script> [776 bytes]","args":[{"enterText":0,"selector":{"id":"application-manageresources-display-component---newResourceUnit--DECOMMISSIONING","interaction":{"idSuffix":"inner"}},"clearTextFirst":true,"interactionType":"ENTER_TEXT"}]}
COMMAND: POST /session/0e856e49af9277885b73884c08d24d44/execute/async - {"script":"<script> [1562 bytes]","args":[{"selector":{"id":"application-manageresources-display-component---newResourceUnit--btnAddTimeSegment-img"},"wdio_ui5_key":"applicationmanageresources-display-component---newResourceUnit--btnAddTimeSegment-img"}]}
RESULT: {"script":"<script> [1562 bytes]","args":[{"selector":{"id":"application-manageresources-display-component---newResourceUnit--btnAddTimeSegment-img"},"wdio_ui5_key":"applicationmanageresources-display-component---newResourceUnit--btnAddTimeSegment-img"}]}
RESULT: undefined
COMMAND: POST /session/0e856e49af9277885b73884c08d24d44/element - {"using":"xpath","value":"//*[@id=\"application-manageresources-display-component---newResourceUnit--btnAddTimeSegment-img\"]"}
COMMAND: POST /session/0e856e49af9277885b73884c08d24d44/execute/async - {"script":"<script> [6424 bytes]","args":[{"element-6066-11e4-a52e-4f735466cecf":"f.49BEEE8BF19DF9EA4073247F2BDD4228.d.9314D5743F7436D6FE02E7A8CCA26066.e.778"},"getVisible",[]]}
RESULT: {"using":"xpath","value":"//*[@id=\"application-manageresources-display-component---newResourceUnit--btnAddTimeSegment-img\"]"}
COMMAND: POST /session/0e856e49af9277885b73884c08d24d44/element/f.49BEEE8BF19DF9EA4073247F2BDD4228.d.9314D5743F7436D6FE02E7A8CCA26066.e.778/click - {}
RESULT: {"script":"<script> [6424 bytes]","args":[{"element-6066-11e4-a52e-4f735466cecf":"f.49BEEE8BF19DF9EA4073247F2BDD4228.d.9314D5743F7436D6FE02E7A8CCA26066.e.778"},"getVisible",[]]}
RESULT: {}
COMMAND: POST /session/0e856e49af9277885b73884c08d24d44/actions - {"actions":[{"id":"action3","type":"key","parameters":{},"actions":[{"type":"keyDown","value":"î€•"},{"type":"keyDown","value":"î€•"},{"type":"pause","duration":10},{"type":"keyUp","value":"î€•"},{"type":"keyUp","value":"î€•"}]}]}
COMMAND: GET /session/0e856e49af9277885b73884c08d24d44/screenshot - {}
RESULT: {"actions":[{"id":"action3","type":"key","parameters":{},"actions":[{"type":"keyDown","value":"î€•"},{"type":"keyDown","value":"î€•"},{"type":"pause","duration":10},{"type":"keyUp","value":"î€•"},{"type":"keyUp","value":"î€•"}]}]}
COMMAND: GET /session/0e856e49af9277885b73884c08d24d44/screenshot - {}
RESULT: {}
RESULT: {}
COMMAND: POST /session/0e856e49af9277885b73884c08d24d44/execute/async - {"script":"<script> [1562 bytes]","args":[{"selector":{"controlType":"sap.ui.core.Icon","viewName":"reusables.view.manageresources.NewResourceUnit","viewId":"application-manageresources-display-component---newResourceUnit","properties":{"src":{"regex":{"source":"slim\\-arrow\\-down"}}},"ancestor":{"controlType":"sap.m.ComboBox","viewName":"reusables.view.manageresources.NewResourceUnit","viewId":"application-manageresources-display-component---newResourceUnit","bindingPath":{"path":"/RESOURCE_UNIT_TIME_SEQUENCES/0","propertyPath":"COST_OBJECT_OWNER_CST_TYPE","modelName":"oNewRruModel"}}},"wdio_ui5_key":"reusablesview.manageresources.NewResourceUnitsap.ui.core.Icon{\"src\":{\"regex\":{\"source\":\"slim\\\\-arrow\\\\-down\"}}}{\"controlType\":\"sap.m.ComboBox\",\"viewName\":\"reusables.view.manageresources.NewResourceUnit\",\"viewId\":\"application-manageresources-display-component---newResourceUnit\",\"bindingPath\":{\"path\":\"/RESOURCE_UNIT_TIME_SEQUENCES/0\",\"propertyPath\":\"COST_OBJECT_OWNER_CST_TYPE\",\"modelName\":\"oNewRruModel\"}}"}]}
RESULT: {"script":"<script> [1562 bytes]","args":[{"selector":{"controlType":"sap.ui.core.Icon","viewName":"reusables.view.manageresources.NewResourceUnit","viewId":"application-manageresources-display-component---newResourceUnit","properties":{"src":{"regex":{"source":"slim\\-arrow\\-down"}}},"ancestor":{"controlType":"sap.m.ComboBox","viewName":"reusables.view.manageresources.NewResourceUnit","viewId":"application-manageresources-display-component---newResourceUnit","bindingPath":{"path":"/RESOURCE_UNIT_TIME_SEQUENCES/0","propertyPath":"COST_OBJECT_OWNER_CST_TYPE","modelName":"oNewRruModel"}}},"wdio_ui5_key":"reusablesview.manageresources.NewResourceUnitsap.ui.core.Icon{\"src\":{\"regex\":{\"source\":\"slim\\\\-arrow\\\\-down\"}}}{\"controlType\":\"sap.m.ComboBox\",\"viewName\":\"reusables.view.manageresources.NewResourceUnit\",\"viewId\":\"application-manageresources-display-component---newResourceUnit\",\"bindingPath\":{\"path\":\"/RESOURCE_UNIT_TIME_SEQUENCES/0\",\"propertyPath\":\"COST_OBJECT_OWNER_CST_TYPE\",\"modelName\":\"oNewRruModel\"}}"}]}
RESULT: undefined
COMMAND: POST /session/0e856e49af9277885b73884c08d24d44/element - {"using":"xpath","value":"//*[@id=\"__box4-application-manageresources-display-component---newResourceUnit--RUTimeSegment-0-arrow\"]"}
RESULT: {"using":"xpath","value":"//*[@id=\"__box4-application-manageresources-display-component---newResourceUnit--RUTimeSegment-0-arrow\"]"}
COMMAND: POST /session/0e856e49af9277885b73884c08d24d44/element/f.49BEEE8BF19DF9EA4073247F2BDD4228.d.9314D5743F7436D6FE02E7A8CCA26066.e.795/click - {}
RESULT: {}
COMMAND: POST /session/0e856e49af9277885b73884c08d24d44/element - {"using":"xpath","value":"//span[@aria-live=\"polite\" and text()=\"Cost Center\"]"}
COMMAND: GET /session/0e856e49af9277885b73884c08d24d44/screenshot - {}
RESULT: {"using":"xpath","value":"//span[@aria-live=\"polite\" and text()=\"Cost Center\"]"}
COMMAND: POST /session/0e856e49af9277885b73884c08d24d44/execute/sync - {"script":"<script> [8489 bytes]","args":[{"element-6066-11e4-a52e-4f735466cecf":"f.49BEEE8BF19DF9EA4073247F2BDD4228.d.9314D5743F7436D6FE02E7A8CCA26066.e.796","ELEMENT":"f.49BEEE8BF19DF9EA4073247F2BDD4228.d.9314D5743F7436D6FE02E7A8CCA26066.e.796"}]}
RESULT: {}
RESULT: {"script":"<script> [8489 bytes]","args":[{"element-6066-11e4-a52e-4f735466cecf":"f.49BEEE8BF19DF9EA4073247F2BDD4228.d.9314D5743F7436D6FE02E7A8CCA26066.e.796","ELEMENT":"f.49BEEE8BF19DF9EA4073247F2BDD4228.d.9314D5743F7436D6FE02E7A8CCA26066.e.796"}]}
COMMAND: POST /session/0e856e49af9277885b73884c08d24d44/element - {"using":"xpath","value":"//span[@aria-live=\"polite\" and text()=\"Internal Order\"]"}
COMMAND: GET /session/0e856e49af9277885b73884c08d24d44/screenshot - {}
RESULT: {"using":"xpath","value":"//span[@aria-live=\"polite\" and text()=\"Internal Order\"]"}
COMMAND: POST /session/0e856e49af9277885b73884c08d24d44/execute/sync - {"script":"<script> [8489 bytes]","args":[{"element-6066-11e4-a52e-4f735466cecf":"f.49BEEE8BF19DF9EA4073247F2BDD4228.d.9314D5743F7436D6FE02E7A8CCA26066.e.797","ELEMENT":"f.49BEEE8BF19DF9EA4073247F2BDD4228.d.9314D5743F7436D6FE02E7A8CCA26066.e.797"}]}
RESULT: {}
RESULT: {"script":"<script> [8489 bytes]","args":[{"element-6066-11e4-a52e-4f735466cecf":"f.49BEEE8BF19DF9EA4073247F2BDD4228.d.9314D5743F7436D6FE02E7A8CCA26066.e.797","ELEMENT":"f.49BEEE8BF19DF9EA4073247F2BDD4228.d.9314D5743F7436D6FE02E7A8CCA26066.e.797"}]}
COMMAND: POST /session/0e856e49af9277885b73884c08d24d44/element - {"using":"xpath","value":"//span[@aria-live=\"polite\" and text()=\"PM Order\"]"}
COMMAND: GET /session/0e856e49af9277885b73884c08d24d44/screenshot - {}
RESULT: {}
RESULT: {"using":"xpath","value":"//span[@aria-live=\"polite\" and text()=\"PM Order\"]"}
COMMAND: POST /session/0e856e49af9277885b73884c08d24d44/execute/sync - {"script":"<script> [8489 bytes]","args":[{"element-6066-11e4-a52e-4f735466cecf":"f.49BEEE8BF19DF9EA4073247F2BDD4228.d.9314D5743F7436D6FE02E7A8CCA26066.e.798","ELEMENT":"f.49BEEE8BF19DF9EA4073247F2BDD4228.d.9314D5743F7436D6FE02E7A8CCA26066.e.798"}]}
RESULT: {"script":"<script> [8489 bytes]","args":[{"element-6066-11e4-a52e-4f735466cecf":"f.49BEEE8BF19DF9EA4073247F2BDD4228.d.9314D5743F7436D6FE02E7A8CCA26066.e.798","ELEMENT":"f.49BEEE8BF19DF9EA4073247F2BDD4228.d.9314D5743F7436D6FE02E7A8CCA26066.e.798"}]}
COMMAND: POST /session/0e856e49af9277885b73884c08d24d44/element - {"using":"xpath","value":"//span[@aria-live=\"polite\" and text()=\"Work Breakdown Structure\"]"}
COMMAND: GET /session/0e856e49af9277885b73884c08d24d44/screenshot - {}
RESULT: {"using":"xpath","value":"//span[@aria-live=\"polite\" and text()=\"Work Breakdown Structure\"]"}
COMMAND: POST /session/0e856e49af9277885b73884c08d24d44/execute/sync - {"script":"<script> [8489 bytes]","args":[{"element-6066-11e4-a52e-4f735466cecf":"f.49BEEE8BF19DF9EA4073247F2BDD4228.d.9314D5743F7436D6FE02E7A8CCA26066.e.799","ELEMENT":"f.49BEEE8BF19DF9EA4073247F2BDD4228.d.9314D5743F7436D6FE02E7A8CCA26066.e.799"}]}
RESULT: {}
RESULT: {"script":"<script> [8489 bytes]","args":[{"element-6066-11e4-a52e-4f735466cecf":"f.49BEEE8BF19DF9EA4073247F2BDD4228.d.9314D5743F7436D6FE02E7A8CCA26066.e.799","ELEMENT":"f.49BEEE8BF19DF9EA4073247F2BDD4228.d.9314D5743F7436D6FE02E7A8CCA26066.e.799"}]}
]]></system-out>
    </testcase>
    <testcase classname="chrome.136_0_7103_93.windows.Manage_RU:_Interfaces_Data_Check_for_UI_fields_US132253" name="Should see data from Material interface for Material Value Help Field" time="44.536">
      <system-out><![CDATA[
COMMAND: POST /session/0e856e49af9277885b73884c08d24d44/execute/async - {"script":"<script> [1562 bytes]","args":[{"selector":{"id":"application-manageresources-display-component---newResourceUnit--closeButton","interaction":{"idSuffix":"BDI-content"}},"wdio_ui5_key":"applicationmanageresources-display-component---newResourceUnit--closeButton"}]}
COMMAND: GET /session/0e856e49af9277885b73884c08d24d44/screenshot - {}
RESULT: {"script":"<script> [1562 bytes]","args":[{"selector":{"id":"application-manageresources-display-component---newResourceUnit--closeButton","interaction":{"idSuffix":"BDI-content"}},"wdio_ui5_key":"applicationmanageresources-display-component---newResourceUnit--closeButton"}]}
RESULT: undefined
COMMAND: POST /session/0e856e49af9277885b73884c08d24d44/element - {"using":"xpath","value":"//*[@id=\"application-manageresources-display-component---newResourceUnit--closeButton\"]"}
RESULT: {}
RESULT: {"using":"xpath","value":"//*[@id=\"application-manageresources-display-component---newResourceUnit--closeButton\"]"}
COMMAND: POST /session/0e856e49af9277885b73884c08d24d44/element/f.49BEEE8BF19DF9EA4073247F2BDD4228.d.9314D5743F7436D6FE02E7A8CCA26066.e.600/click - {}
RESULT: {}
COMMAND: GET /session/0e856e49af9277885b73884c08d24d44/screenshot - {}
RESULT: {}
RESULT: undefined
COMMAND: POST /session/0e856e49af9277885b73884c08d24d44/element - {"using":"xpath","value":"//*[@id=\"__button5-img\"]"}
RESULT: {"using":"xpath","value":"//*[@id=\"__button5-img\"]"}
COMMAND: POST /session/0e856e49af9277885b73884c08d24d44/element/f.49BEEE8BF19DF9EA4073247F2BDD4228.d.9314D5743F7436D6FE02E7A8CCA26066.e.274/click - {}
RESULT: {}
COMMAND: GET /session/0e856e49af9277885b73884c08d24d44/screenshot - {}
RESULT: undefined
COMMAND: POST /session/0e856e49af9277885b73884c08d24d44/execute/async - {"script":"<script> [776 bytes]","args":[{"enterText":"Material","selector":{"id":"application-manageresources-display-component---newResourceUnit--TYPE","interaction":{"idSuffix":"inner"}},"clearTextFirst":true,"interactionType":"ENTER_TEXT"}]}
RESULT: {}
RESULT: {"script":"<script> [776 bytes]","args":[{"enterText":"Material","selector":{"id":"application-manageresources-display-component---newResourceUnit--TYPE","interaction":{"idSuffix":"inner"}},"clearTextFirst":true,"interactionType":"ENTER_TEXT"}]}
COMMAND: POST /session/0e856e49af9277885b73884c08d24d44/actions - {"actions":[{"id":"action4","type":"key","parameters":{},"actions":[{"type":"keyDown","value":"î€‡"},{"type":"pause","duration":10},{"type":"keyUp","value":"î€‡"}]}]}
RESULT: {"actions":[{"id":"action4","type":"key","parameters":{},"actions":[{"type":"keyDown","value":"î€‡"},{"type":"pause","duration":10},{"type":"keyUp","value":"î€‡"}]}]}
COMMAND: GET /session/0e856e49af9277885b73884c08d24d44/screenshot - {}
RESULT: {}
COMMAND: POST /session/0e856e49af9277885b73884c08d24d44/execute/async - {"script":"<script> [1562 bytes]","args":[{"selector":{"id":"application-manageresources-display-component---newResourceUnit--MATERIAL_NO","interaction":{"idSuffix":"inner"}},"wdio_ui5_key":"applicationmanageresources-display-component---newResourceUnit--MATERIAL_NO"}]}
RESULT: {"script":"<script> [1562 bytes]","args":[{"selector":{"id":"application-manageresources-display-component---newResourceUnit--MATERIAL_NO","interaction":{"idSuffix":"inner"}},"wdio_ui5_key":"applicationmanageresources-display-component---newResourceUnit--MATERIAL_NO"}]}
RESULT: undefined
COMMAND: POST /session/0e856e49af9277885b73884c08d24d44/execute/async - {"script":"<script> [776 bytes]","args":[{"enterText":"","selector":{"id":"application-manageresources-display-component---newResourceUnit--MATERIAL_NO","interaction":{"idSuffix":"inner"}},"clearTextFirst":true,"interactionType":"ENTER_TEXT"}]}
RESULT: {"script":"<script> [776 bytes]","args":[{"enterText":"","selector":{"id":"application-manageresources-display-component---newResourceUnit--MATERIAL_NO","interaction":{"idSuffix":"inner"}},"clearTextFirst":true,"interactionType":"ENTER_TEXT"}]}
COMMAND: POST /session/0e856e49af9277885b73884c08d24d44/execute/async - {"script":"<script> [1562 bytes]","args":[{"selector":{"id":"application-manageresources-display-component---newResourceUnit--MATERIAL_NO-vhi"},"wdio_ui5_key":"applicationmanageresources-display-component---newResourceUnit--MATERIAL_NO-vhi"}]}
RESULT: {"script":"<script> [1562 bytes]","args":[{"selector":{"id":"application-manageresources-display-component---newResourceUnit--MATERIAL_NO-vhi"},"wdio_ui5_key":"applicationmanageresources-display-component---newResourceUnit--MATERIAL_NO-vhi"}]}
RESULT: undefined
COMMAND: POST /session/0e856e49af9277885b73884c08d24d44/element - {"using":"xpath","value":"//*[@id=\"application-manageresources-display-component---newResourceUnit--MATERIAL_NO-vhi\"]"}
RESULT: {"using":"xpath","value":"//*[@id=\"application-manageresources-display-component---newResourceUnit--MATERIAL_NO-vhi\"]"}
COMMAND: POST /session/0e856e49af9277885b73884c08d24d44/element/f.49BEEE8BF19DF9EA4073247F2BDD4228.d.9314D5743F7436D6FE02E7A8CCA26066.e.1211/click - {}
RESULT: {}
COMMAND: POST /session/0e856e49af9277885b73884c08d24d44/execute/async - {"script":"<script> [1562 bytes]","args":[{"selector":{"controlType":"sap.m.SearchField","properties":{"placeholder":"Search"},"searchOpenDialogs":true,"interaction":{"idSuffix":"I"}},"wdio_ui5_key":"sapm.SearchField{\"placeholder\":\"Search\"}"}]}
COMMAND: GET /session/0e856e49af9277885b73884c08d24d44/screenshot - {}
RESULT: {"script":"<script> [1562 bytes]","args":[{"selector":{"controlType":"sap.m.SearchField","properties":{"placeholder":"Search"},"searchOpenDialogs":true,"interaction":{"idSuffix":"I"}},"wdio_ui5_key":"sapm.SearchField{\"placeholder\":\"Search\"}"}]}
RESULT: undefined
COMMAND: POST /session/0e856e49af9277885b73884c08d24d44/execute/async - {"script":"<script> [776 bytes]","args":[{"enterText":"SAP ME TEST","selector":{"controlType":"sap.m.SearchField","properties":{"placeholder":"Search"},"searchOpenDialogs":true,"interaction":{"idSuffix":"I"}},"clearTextFirst":true,"interactionType":"ENTER_TEXT"}]}
RESULT: {}
RESULT: {"script":"<script> [776 bytes]","args":[{"enterText":"SAP ME TEST","selector":{"controlType":"sap.m.SearchField","properties":{"placeholder":"Search"},"searchOpenDialogs":true,"interaction":{"idSuffix":"I"}},"clearTextFirst":true,"interactionType":"ENTER_TEXT"}]}
COMMAND: POST /session/0e856e49af9277885b73884c08d24d44/actions - {"actions":[{"id":"action5","type":"key","parameters":{},"actions":[{"type":"keyDown","value":"î€‡"},{"type":"pause","duration":10},{"type":"keyUp","value":"î€‡"}]}]}
RESULT: {"actions":[{"id":"action5","type":"key","parameters":{},"actions":[{"type":"keyDown","value":"î€‡"},{"type":"pause","duration":10},{"type":"keyUp","value":"î€‡"}]}]}
COMMAND: GET /session/0e856e49af9277885b73884c08d24d44/screenshot - {}
RESULT: {}
COMMAND: POST /session/0e856e49af9277885b73884c08d24d44/element - {"using":"xpath","value":"//span[text()=\"41\"]"}
RESULT: {"using":"xpath","value":"//span[text()=\"41\"]"}
COMMAND: POST /session/0e856e49af9277885b73884c08d24d44/elements - {"using":"xpath","value":"//span[text()=\"41\"]"}
RESULT: {"using":"xpath","value":"//span[text()=\"41\"]"}
COMMAND: POST /session/0e856e49af9277885b73884c08d24d44/execute/sync - {"script":"<script> [8489 bytes]","args":[{"element-6066-11e4-a52e-4f735466cecf":"f.49BEEE8BF19DF9EA4073247F2BDD4228.d.9314D5743F7436D6FE02E7A8CCA26066.e.1229","ELEMENT":"f.49BEEE8BF19DF9EA4073247F2BDD4228.d.9314D5743F7436D6FE02E7A8CCA26066.e.1229"}]}
RESULT: {"script":"<script> [8489 bytes]","args":[{"element-6066-11e4-a52e-4f735466cecf":"f.49BEEE8BF19DF9EA4073247F2BDD4228.d.9314D5743F7436D6FE02E7A8CCA26066.e.1229","ELEMENT":"f.49BEEE8BF19DF9EA4073247F2BDD4228.d.9314D5743F7436D6FE02E7A8CCA26066.e.1229"}]}
COMMAND: GET /session/0e856e49af9277885b73884c08d24d44/element/f.49BEEE8BF19DF9EA4073247F2BDD4228.d.9314D5743F7436D6FE02E7A8CCA26066.e.1229/enabled - {}
COMMAND: GET /session/0e856e49af9277885b73884c08d24d44/screenshot - {}
RESULT: {}
COMMAND: POST /session/0e856e49af9277885b73884c08d24d44/execute/sync - {"script":"<script> [8489 bytes]","args":[{"element-6066-11e4-a52e-4f735466cecf":"f.49BEEE8BF19DF9EA4073247F2BDD4228.d.9314D5743F7436D6FE02E7A8CCA26066.e.1229","ELEMENT":"f.49BEEE8BF19DF9EA4073247F2BDD4228.d.9314D5743F7436D6FE02E7A8CCA26066.e.1229"}]}
COMMAND: GET /session/0e856e49af9277885b73884c08d24d44/screenshot - {}
RESULT: {}
RESULT: {"script":"<script> [8489 bytes]","args":[{"element-6066-11e4-a52e-4f735466cecf":"f.49BEEE8BF19DF9EA4073247F2BDD4228.d.9314D5743F7436D6FE02E7A8CCA26066.e.1229","ELEMENT":"f.49BEEE8BF19DF9EA4073247F2BDD4228.d.9314D5743F7436D6FE02E7A8CCA26066.e.1229"}]}
COMMAND: POST /session/0e856e49af9277885b73884c08d24d44/execute/sync - {"script":"<script> [5351 bytes]","args":[{"element-6066-11e4-a52e-4f735466cecf":"f.49BEEE8BF19DF9EA4073247F2BDD4228.d.9314D5743F7436D6FE02E7A8CCA26066.e.1229","ELEMENT":"f.49BEEE8BF19DF9EA4073247F2BDD4228.d.9314D5743F7436D6FE02E7A8CCA26066.e.1229"}]}
COMMAND: GET /session/0e856e49af9277885b73884c08d24d44/screenshot - {}
RESULT: {}
RESULT: {"script":"<script> [5351 bytes]","args":[{"element-6066-11e4-a52e-4f735466cecf":"f.49BEEE8BF19DF9EA4073247F2BDD4228.d.9314D5743F7436D6FE02E7A8CCA26066.e.1229","ELEMENT":"f.49BEEE8BF19DF9EA4073247F2BDD4228.d.9314D5743F7436D6FE02E7A8CCA26066.e.1229"}]}
COMMAND: POST /session/0e856e49af9277885b73884c08d24d44/element/f.49BEEE8BF19DF9EA4073247F2BDD4228.d.9314D5743F7436D6FE02E7A8CCA26066.e.1229/click - {}
COMMAND: GET /session/0e856e49af9277885b73884c08d24d44/screenshot - {}
RESULT: {}
RESULT: {}
COMMAND: POST /session/0e856e49af9277885b73884c08d24d44/execute/async - {"script":"<script> [1562 bytes]","args":[{"selector":{"controlType":"sap.m.Token","properties":{"key":"MaterialValueHelpSet('41')"},"searchOpenDialogs":true},"wdio_ui5_key":"sapm.Token{\"key\":\"MaterialValueHelpSet('41')\"}"}]}
COMMAND: GET /session/0e856e49af9277885b73884c08d24d44/screenshot - {}
RESULT: {}
RESULT: {"script":"<script> [1562 bytes]","args":[{"selector":{"controlType":"sap.m.Token","properties":{"key":"MaterialValueHelpSet('41')"},"searchOpenDialogs":true},"wdio_ui5_key":"sapm.Token{\"key\":\"MaterialValueHelpSet('41')\"}"}]}
RESULT: undefined
COMMAND: POST /session/0e856e49af9277885b73884c08d24d44/execute/async - {"script":"<script> [6424 bytes]","args":[{"element-6066-11e4-a52e-4f735466cecf":"f.49BEEE8BF19DF9EA4073247F2BDD4228.d.9314D5743F7436D6FE02E7A8CCA26066.e.1231"},"getText",[]]}
RESULT: {}
RESULT: {"script":"<script> [6424 bytes]","args":[{"element-6066-11e4-a52e-4f735466cecf":"f.49BEEE8BF19DF9EA4073247F2BDD4228.d.9314D5743F7436D6FE02E7A8CCA26066.e.1231"},"getText",[]]}
COMMAND: POST /session/0e856e49af9277885b73884c08d24d44/execute/async - {"script":"<script> [1562 bytes]","args":[{"selector":{"controlType":"sap.m.Button","id":"__button41","properties":{"text":"OK"},"searchOpenDialogs":true,"interaction":{"idSuffix":"BDI-content"}},"wdio_ui5_key":"button41sap.m.Button{\"text\":\"OK\"}"}]}
RESULT: {"script":"<script> [1562 bytes]","args":[{"selector":{"controlType":"sap.m.Button","id":"__button41","properties":{"text":"OK"},"searchOpenDialogs":true,"interaction":{"idSuffix":"BDI-content"}},"wdio_ui5_key":"button41sap.m.Button{\"text\":\"OK\"}"}]}
RESULT: undefined
COMMAND: POST /session/0e856e49af9277885b73884c08d24d44/element - {"using":"xpath","value":"//*[contains(text(), \"OK\")]"}
RESULT: {"using":"xpath","value":"//*[contains(text(), \"OK\")]"}
COMMAND: POST /session/0e856e49af9277885b73884c08d24d44/execute/sync - {"script":"<script> [8489 bytes]","args":[{"element-6066-11e4-a52e-4f735466cecf":"f.49BEEE8BF19DF9EA4073247F2BDD4228.d.9314D5743F7436D6FE02E7A8CCA26066.e.1232","ELEMENT":"f.49BEEE8BF19DF9EA4073247F2BDD4228.d.9314D5743F7436D6FE02E7A8CCA26066.e.1232"}]}
RESULT: {"script":"<script> [8489 bytes]","args":[{"element-6066-11e4-a52e-4f735466cecf":"f.49BEEE8BF19DF9EA4073247F2BDD4228.d.9314D5743F7436D6FE02E7A8CCA26066.e.1232","ELEMENT":"f.49BEEE8BF19DF9EA4073247F2BDD4228.d.9314D5743F7436D6FE02E7A8CCA26066.e.1232"}]}
COMMAND: POST /session/0e856e49af9277885b73884c08d24d44/execute/sync - {"script":"<script> [5351 bytes]","args":[{"element-6066-11e4-a52e-4f735466cecf":"f.49BEEE8BF19DF9EA4073247F2BDD4228.d.9314D5743F7436D6FE02E7A8CCA26066.e.1232","ELEMENT":"f.49BEEE8BF19DF9EA4073247F2BDD4228.d.9314D5743F7436D6FE02E7A8CCA26066.e.1232"}]}
COMMAND: GET /session/0e856e49af9277885b73884c08d24d44/screenshot - {}
RESULT: {"script":"<script> [5351 bytes]","args":[{"element-6066-11e4-a52e-4f735466cecf":"f.49BEEE8BF19DF9EA4073247F2BDD4228.d.9314D5743F7436D6FE02E7A8CCA26066.e.1232","ELEMENT":"f.49BEEE8BF19DF9EA4073247F2BDD4228.d.9314D5743F7436D6FE02E7A8CCA26066.e.1232"}]}
COMMAND: POST /session/0e856e49af9277885b73884c08d24d44/element/f.49BEEE8BF19DF9EA4073247F2BDD4228.d.9314D5743F7436D6FE02E7A8CCA26066.e.1232/click - {}
COMMAND: GET /session/0e856e49af9277885b73884c08d24d44/screenshot - {}
RESULT: {}
RESULT: {}
COMMAND: GET /session/0e856e49af9277885b73884c08d24d44/screenshot - {}
RESULT: {}
RESULT: {}
COMMAND: POST /session/0e856e49af9277885b73884c08d24d44/element - {"using":"css selector","value":"#j_username"}
COMMAND: POST /session/0e856e49af9277885b73884c08d24d44/url - {"url":"https://qa-testing-00-live-etm-ui.cfapps.eu10-004.hana.ondemand.com/"}
RESULT: {"using":"css selector","value":"#j_username"}
COMMAND: POST /session/0e856e49af9277885b73884c08d24d44/element - {"using":"css selector","value":"#j_username"}
RESULT: {"url":"https://qa-testing-00-live-etm-ui.cfapps.eu10-004.hana.ondemand.com/"}
RESULT: undefined
COMMAND: GET /session/0e856e49af9277885b73884c08d24d44/screenshot - {}
RESULT: {"using":"css selector","value":"#j_username"}
COMMAND: POST /session/0e856e49af9277885b73884c08d24d44/element - {"using":"css selector","value":"#shell-header-logo"}
RESULT: {}
RESULT: {"using":"css selector","value":"#shell-header-logo"}
COMMAND: POST /session/0e856e49af9277885b73884c08d24d44/execute/sync - {"script":"<script> [8489 bytes]","args":[{"element-6066-11e4-a52e-4f735466cecf":"f.49BEEE8BF19DF9EA4073247F2BDD4228.d.E7F8CEC76A0FCFE542997E0D5742F9DF.e.1240","ELEMENT":"f.49BEEE8BF19DF9EA4073247F2BDD4228.d.E7F8CEC76A0FCFE542997E0D5742F9DF.e.1240"}]}
RESULT: {"script":"<script> [8489 bytes]","args":[{"element-6066-11e4-a52e-4f735466cecf":"f.49BEEE8BF19DF9EA4073247F2BDD4228.d.E7F8CEC76A0FCFE542997E0D5742F9DF.e.1240","ELEMENT":"f.49BEEE8BF19DF9EA4073247F2BDD4228.d.E7F8CEC76A0FCFE542997E0D5742F9DF.e.1240"}]}
COMMAND: POST /session/0e856e49af9277885b73884c08d24d44/element - {"using":"css selector","value":"#shell-header-logo"}
COMMAND: GET /session/0e856e49af9277885b73884c08d24d44/screenshot - {}
RESULT: {"using":"css selector","value":"#shell-header-logo"}
COMMAND: POST /session/0e856e49af9277885b73884c08d24d44/execute/sync - {"script":"<script> [8489 bytes]","args":[{"element-6066-11e4-a52e-4f735466cecf":"f.49BEEE8BF19DF9EA4073247F2BDD4228.d.E7F8CEC76A0FCFE542997E0D5742F9DF.e.1240","ELEMENT":"f.49BEEE8BF19DF9EA4073247F2BDD4228.d.E7F8CEC76A0FCFE542997E0D5742F9DF.e.1240"}]}
RESULT: {}
RESULT: {"script":"<script> [8489 bytes]","args":[{"element-6066-11e4-a52e-4f735466cecf":"f.49BEEE8BF19DF9EA4073247F2BDD4228.d.E7F8CEC76A0FCFE542997E0D5742F9DF.e.1240","ELEMENT":"f.49BEEE8BF19DF9EA4073247F2BDD4228.d.E7F8CEC76A0FCFE542997E0D5742F9DF.e.1240"}]}
COMMAND: POST /session/0e856e49af9277885b73884c08d24d44/execute/sync - {"script":"<script> [5351 bytes]","args":[{"element-6066-11e4-a52e-4f735466cecf":"f.49BEEE8BF19DF9EA4073247F2BDD4228.d.E7F8CEC76A0FCFE542997E0D5742F9DF.e.1240","ELEMENT":"f.49BEEE8BF19DF9EA4073247F2BDD4228.d.E7F8CEC76A0FCFE542997E0D5742F9DF.e.1240"}]}
COMMAND: GET /session/0e856e49af9277885b73884c08d24d44/screenshot - {}
RESULT: {"script":"<script> [5351 bytes]","args":[{"element-6066-11e4-a52e-4f735466cecf":"f.49BEEE8BF19DF9EA4073247F2BDD4228.d.E7F8CEC76A0FCFE542997E0D5742F9DF.e.1240","ELEMENT":"f.49BEEE8BF19DF9EA4073247F2BDD4228.d.E7F8CEC76A0FCFE542997E0D5742F9DF.e.1240"}]}
COMMAND: POST /session/0e856e49af9277885b73884c08d24d44/element - {"using":"css selector","value":"#shell-header-logo"}
COMMAND: GET /session/0e856e49af9277885b73884c08d24d44/screenshot - {}
RESULT: {}
RESULT: {"using":"css selector","value":"#shell-header-logo"}
COMMAND: POST /session/0e856e49af9277885b73884c08d24d44/element/f.49BEEE8BF19DF9EA4073247F2BDD4228.d.E7F8CEC76A0FCFE542997E0D5742F9DF.e.1240/click - {}
RESULT: {}
RESULT: {}
COMMAND: GET /session/0e856e49af9277885b73884c08d24d44/screenshot - {}
RESULT: {}
COMMAND: POST /session/0e856e49af9277885b73884c08d24d44/execute/async - {"script":"<script> [189 bytes]","args":[]}
RESULT: {"script":"<script> [189 bytes]","args":[]}
COMMAND: POST /session/0e856e49af9277885b73884c08d24d44/execute/async - {"script":"<script> [123 bytes]","args":[]}
RESULT: {"script":"<script> [123 bytes]","args":[]}
COMMAND: POST /session/0e856e49af9277885b73884c08d24d44/timeouts - {"script":"<number>"}
RESULT: {"script":"<number>"}
COMMAND: GET /session/0e856e49af9277885b73884c08d24d44/timeouts - {}
RESULT: {}
RESULT: undefined
COMMAND: POST /session/0e856e49af9277885b73884c08d24d44/execute/async - {"script":"<script> [2676 bytes]","args":[]}
RESULT: {"script":"<script> [2676 bytes]","args":[]}
COMMAND: POST /session/0e856e49af9277885b73884c08d24d44/execute/async - {"script":"<script> [2342 bytes]","args":[{"protocol":"http","hostname":"0.0.0.0","path":"/","capabilities":{"browserName":"chrome","goog:chromeOptions":{"binary":"C:\\Program Files\\Google\\Chrome\\Application\\chrome.exe","args":["--start-maximized"]}},"logLevel":"warn","connectionRetryTimeout":120000,"connectionRetryCount":3,"logLevels":{},"enableDirectConnect":true,"strictSSL":true,"_":"65 more keys: [\"cacheDir\",\"port\",\"requestedCapabilities\",\"automationProtocol\",\"baseUrl\",\"waitforInterval\",\"waitforTimeout\",\"onReload\",\"beforeCommand\",\"afterCommand\",\"rootDir\",\"specs\",\"suites\",\"exclude\",\"groupLogsByTestSpec\",\"excludeDriverLogs\",\"bail\",\"framework\",\"reporters\",\"services\",\"maxInstances\",\"maxInstancesPerCapability\",\"injectGlobals\",\"filesToWatch\",\"execArgv\",\"runnerEnv\",\"runner\",\"shard\",\"specFileRetries\",\"specFileRetriesDelay\",\"specFileRetriesDeferred\",\"reporterSyncInterval\",\"reporterSyncTimeout\",\"cucumberFeaturesWithLineNumbers\",\"autoCompileOpts\",\"mochaOpts\",\"jasmineOpts\",\"cucumberOpts\",\"onPrepare\",\"onWorkerStart\",\"onWorkerEnd\",\"before\",\"beforeSession\",\"beforeSuite\",\"beforeHook\",\"beforeTest\",\"afterTest\",\"afterHook\",\"afterSuite\",\"afterSession\",\"after\",\"onComplete\",\"beforeAssertion\",\"afterAssertion\",\"beforeFeature\",\"beforeScenario\",\"beforeStep\",\"afterStep\",\"afterScenario\",\"afterFeature\",\"_\",\"suite\",\"$0\",\"ignoredWorkerServices\",\"wdi5\"]"}]}
RESULT: {"script":"<script> [2342 bytes]","args":[{"protocol":"http","hostname":"0.0.0.0","path":"/","capabilities":{"browserName":"chrome","goog:chromeOptions":{"binary":"C:\\Program Files\\Google\\Chrome\\Application\\chrome.exe","args":["--start-maximized"]}},"logLevel":"warn","connectionRetryTimeout":120000,"connectionRetryCount":3,"logLevels":{},"enableDirectConnect":true,"strictSSL":true,"_":"65 more keys: [\"cacheDir\",\"port\",\"requestedCapabilities\",\"automationProtocol\",\"baseUrl\",\"waitforInterval\",\"waitforTimeout\",\"onReload\",\"beforeCommand\",\"afterCommand\",\"rootDir\",\"specs\",\"suites\",\"exclude\",\"groupLogsByTestSpec\",\"excludeDriverLogs\",\"bail\",\"framework\",\"reporters\",\"services\",\"maxInstances\",\"maxInstancesPerCapability\",\"injectGlobals\",\"filesToWatch\",\"execArgv\",\"runnerEnv\",\"runner\",\"shard\",\"specFileRetries\",\"specFileRetriesDelay\",\"specFileRetriesDeferred\",\"reporterSyncInterval\",\"reporterSyncTimeout\",\"cucumberFeaturesWithLineNumbers\",\"autoCompileOpts\",\"mochaOpts\",\"jasmineOpts\",\"cucumberOpts\",\"onPrepare\",\"onWorkerStart\",\"onWorkerEnd\",\"before\",\"beforeSession\",\"beforeSuite\",\"beforeHook\",\"beforeTest\",\"afterTest\",\"afterHook\",\"afterSuite\",\"afterSession\",\"after\",\"onComplete\",\"beforeAssertion\",\"afterAssertion\",\"beforeFeature\",\"beforeScenario\",\"beforeStep\",\"afterStep\",\"afterScenario\",\"afterFeature\",\"_\",\"suite\",\"$0\",\"ignoredWorkerServices\",\"wdi5\"]"}]}
COMMAND: POST /session/0e856e49af9277885b73884c08d24d44/execute/async - {"script":"<script> [21126 bytes]","args":[35000]}
RESULT: {"script":"<script> [21126 bytes]","args":[35000]}
COMMAND: POST /session/0e856e49af9277885b73884c08d24d44/window/maximize - {}
RESULT: {}
COMMAND: POST /session/0e856e49af9277885b73884c08d24d44/execute/async - {"script":"<script> [1562 bytes]","args":[{"selector":{"id":"shell-header","interaction":{"idSuffix":"icon"}},"wdio_ui5_key":"shellheader"}]}
COMMAND: GET /session/0e856e49af9277885b73884c08d24d44/screenshot - {}
RESULT: {"script":"<script> [1562 bytes]","args":[{"selector":{"id":"shell-header","interaction":{"idSuffix":"icon"}},"wdio_ui5_key":"shellheader"}]}
RESULT: undefined
COMMAND: POST /session/0e856e49af9277885b73884c08d24d44/execute/async - {"script":"<script> [1562 bytes]","args":[{"selector":{"controlType":"sap.m.GenericTile","properties":{"header":"Manage Partners"}},"wdio_ui5_key":"sapm.GenericTile{\"header\":\"Manage Partners\"}"}]}
RESULT: {}
RESULT: {"script":"<script> [1562 bytes]","args":[{"selector":{"controlType":"sap.m.GenericTile","properties":{"header":"Manage Partners"}},"wdio_ui5_key":"sapm.GenericTile{\"header\":\"Manage Partners\"}"}]}
RESULT: undefined
COMMAND: POST /session/0e856e49af9277885b73884c08d24d44/element - {"using":"xpath","value":"//*[@id=\"__tile38\"]"}
RESULT: {"using":"xpath","value":"//*[@id=\"__tile38\"]"}
COMMAND: POST /session/0e856e49af9277885b73884c08d24d44/element/f.49BEEE8BF19DF9EA4073247F2BDD4228.d.E7F8CEC76A0FCFE542997E0D5742F9DF.e.1252/click - {}
RESULT: {}
COMMAND: GET /session/0e856e49af9277885b73884c08d24d44/screenshot - {}
RESULT: {}
COMMAND: POST /session/0e856e49af9277885b73884c08d24d44/elements - {"using":"xpath","value":"//span[text()='Error']"}
RESULT: {"using":"xpath","value":"//span[text()='Error']"}
]]></system-out>
    </testcase>
  </testsuite>
  <testsuite timestamp="2025-06-02T16:04:51" time="76.992" tests="1" failures="0" errors="0" skipped="0">
    <properties>
      <property name="specId" value="0" />
      <property name="suiteName" value="Manage Partners: Interfaces Data Check for UI fields US132253" />
      <property name="capabilities" value="chrome.136_0_7103_93.windows" />
      <property name="file" value="file:///D:/a/1/s/test/specs/TECH/partner-interface-data-check.spec.js" />
    </properties>
    <testcase classname="chrome.136_0_7103_93.windows.Manage_Partners:_Interfaces_Data_Check_for_UI_fields_US132253" name="Should see data from Company Code interface for Company Code Field" time="45.402">
      <system-out><![CDATA[
COMMAND: POST /session/0e856e49af9277885b73884c08d24d44/execute/async - {"script":"<script> [1562 bytes]","args":[{"selector":{"controlType":"sap.m.Button","viewName":"etm.portal.ui.managepartners.view.Master","viewId":"application-managepartners-display-component---masterPtm","i18NText":{"propertyName":"tooltip","key":"add"}},"wdio_ui5_key":"etmportal.ui.managepartners.view.Mastersap.m.Button{\"propertyName\":\"tooltip\",\"key\":\"add\"}"}]}
RESULT: {"script":"<script> [1562 bytes]","args":[{"selector":{"controlType":"sap.m.Button","viewName":"etm.portal.ui.managepartners.view.Master","viewId":"application-managepartners-display-component---masterPtm","i18NText":{"propertyName":"tooltip","key":"add"}},"wdio_ui5_key":"etmportal.ui.managepartners.view.Mastersap.m.Button{\"propertyName\":\"tooltip\",\"key\":\"add\"}"}]}
RESULT: undefined
COMMAND: POST /session/0e856e49af9277885b73884c08d24d44/element - {"using":"xpath","value":"//*[@id=\"__button4\"]"}
RESULT: {"using":"xpath","value":"//*[@id=\"__button4\"]"}
COMMAND: POST /session/0e856e49af9277885b73884c08d24d44/element/f.49BEEE8BF19DF9EA4073247F2BDD4228.d.E7F8CEC76A0FCFE542997E0D5742F9DF.e.1301/click - {}
RESULT: {}
COMMAND: GET /session/0e856e49af9277885b73884c08d24d44/screenshot - {}
RESULT: {}
COMMAND: POST /session/0e856e49af9277885b73884c08d24d44/execute/async - {"script":"<script> [1562 bytes]","args":[{"selector":{"id":"application-managepartners-display-component---NewPartner--partnerDetailInternal","interaction":{"idSuffix":"inner"}},"wdio_ui5_key":"applicationmanagepartners-display-component---NewPartner--partnerDetailInternal"}]}
RESULT: {"script":"<script> [1562 bytes]","args":[{"selector":{"id":"application-managepartners-display-component---NewPartner--partnerDetailInternal","interaction":{"idSuffix":"inner"}},"wdio_ui5_key":"applicationmanagepartners-display-component---NewPartner--partnerDetailInternal"}]}
RESULT: undefined
COMMAND: POST /session/0e856e49af9277885b73884c08d24d44/execute/async - {"script":"<script> [776 bytes]","args":[{"enterText":"","selector":{"id":"application-managepartners-display-component---NewPartner--partnerDetailInternal","interaction":{"idSuffix":"inner"}},"clearTextFirst":true,"interactionType":"ENTER_TEXT"}]}
RESULT: {"script":"<script> [776 bytes]","args":[{"enterText":"","selector":{"id":"application-managepartners-display-component---NewPartner--partnerDetailInternal","interaction":{"idSuffix":"inner"}},"clearTextFirst":true,"interactionType":"ENTER_TEXT"}]}
COMMAND: POST /session/0e856e49af9277885b73884c08d24d44/execute/async - {"script":"<script> [1562 bytes]","args":[{"selector":{"id":"application-managepartners-display-component---NewPartner--partnerDetailInternal-arrow"},"wdio_ui5_key":"applicationmanagepartners-display-component---NewPartner--partnerDetailInternal-arrow"}]}
RESULT: {"script":"<script> [1562 bytes]","args":[{"selector":{"id":"application-managepartners-display-component---NewPartner--partnerDetailInternal-arrow"},"wdio_ui5_key":"applicationmanagepartners-display-component---NewPartner--partnerDetailInternal-arrow"}]}
RESULT: undefined
COMMAND: POST /session/0e856e49af9277885b73884c08d24d44/element - {"using":"xpath","value":"//*[@id=\"application-managepartners-display-component---NewPartner--partnerDetailInternal-arrow\"]"}
RESULT: {"using":"xpath","value":"//*[@id=\"application-managepartners-display-component---NewPartner--partnerDetailInternal-arrow\"]"}
COMMAND: POST /session/0e856e49af9277885b73884c08d24d44/element/f.49BEEE8BF19DF9EA4073247F2BDD4228.d.E7F8CEC76A0FCFE542997E0D5742F9DF.e.1721/click - {}
RESULT: {}
COMMAND: POST /session/0e856e49af9277885b73884c08d24d44/execute/async - {"script":"<script> [1562 bytes]","args":[{"selector":{"controlType":"sap.m.StandardListItem","viewName":"etm.portal.ui.managepartners.view.NewPartner","viewId":"application-managepartners-display-component---NewPartner","properties":{"title":"External partner"},"searchOpenDialogs":true},"wdio_ui5_key":"etmportal.ui.managepartners.view.NewPartnersap.m.StandardListItem{\"title\":\"External partner\"}"}]}
COMMAND: GET /session/0e856e49af9277885b73884c08d24d44/screenshot - {}
RESULT: {"script":"<script> [1562 bytes]","args":[{"selector":{"controlType":"sap.m.StandardListItem","viewName":"etm.portal.ui.managepartners.view.NewPartner","viewId":"application-managepartners-display-component---NewPartner","properties":{"title":"External partner"},"searchOpenDialogs":true},"wdio_ui5_key":"etmportal.ui.managepartners.view.NewPartnersap.m.StandardListItem{\"title\":\"External partner\"}"}]}
RESULT: undefined
COMMAND: POST /session/0e856e49af9277885b73884c08d24d44/element - {"using":"xpath","value":"//*[@id=\"__item89\"]"}
RESULT: {}
RESULT: {"using":"xpath","value":"//*[@id=\"__item89\"]"}
COMMAND: POST /session/0e856e49af9277885b73884c08d24d44/element/f.49BEEE8BF19DF9EA4073247F2BDD4228.d.E7F8CEC76A0FCFE542997E0D5742F9DF.e.1723/click - {}
RESULT: {}
COMMAND: POST /session/0e856e49af9277885b73884c08d24d44/execute/async - {"script":"<script> [1562 bytes]","args":[{"selector":{"controlType":"sap.m.Button","viewName":"etm.portal.ui.managepartners.view.NewPartner","viewId":"application-managepartners-display-component---NewPartner","properties":{"text":"Reference"},"interaction":{"idSuffix":"BDI-content"}},"wdio_ui5_key":"etmportal.ui.managepartners.view.NewPartnersap.m.Button{\"text\":\"Reference\"}"}]}
COMMAND: GET /session/0e856e49af9277885b73884c08d24d44/screenshot - {}
RESULT: {"script":"<script> [1562 bytes]","args":[{"selector":{"controlType":"sap.m.Button","viewName":"etm.portal.ui.managepartners.view.NewPartner","viewId":"application-managepartners-display-component---NewPartner","properties":{"text":"Reference"},"interaction":{"idSuffix":"BDI-content"}},"wdio_ui5_key":"etmportal.ui.managepartners.view.NewPartnersap.m.Button{\"text\":\"Reference\"}"}]}
RESULT: undefined
COMMAND: POST /session/0e856e49af9277885b73884c08d24d44/element - {"using":"xpath","value":"//*[@id=\"application-managepartners-display-component---NewPartner--ObjectPageLayout-anchBar-__section7-anchor\"]"}
RESULT: {}
RESULT: {"using":"xpath","value":"//*[@id=\"application-managepartners-display-component---NewPartner--ObjectPageLayout-anchBar-__section7-anchor\"]"}
COMMAND: POST /session/0e856e49af9277885b73884c08d24d44/element/f.49BEEE8BF19DF9EA4073247F2BDD4228.d.E7F8CEC76A0FCFE542997E0D5742F9DF.e.1725/click - {}
RESULT: {}
COMMAND: POST /session/0e856e49af9277885b73884c08d24d44/execute/async - {"script":"<script> [1562 bytes]","args":[{"selector":{"id":"application-managepartners-display-component---NewPartner--companyCodeComboBox","interaction":{"idSuffix":"inner"}},"wdio_ui5_key":"applicationmanagepartners-display-component---NewPartner--companyCodeComboBox"}]}
COMMAND: GET /session/0e856e49af9277885b73884c08d24d44/screenshot - {}
RESULT: {"script":"<script> [1562 bytes]","args":[{"selector":{"id":"application-managepartners-display-component---NewPartner--companyCodeComboBox","interaction":{"idSuffix":"inner"}},"wdio_ui5_key":"applicationmanagepartners-display-component---NewPartner--companyCodeComboBox"}]}
RESULT: undefined
COMMAND: POST /session/0e856e49af9277885b73884c08d24d44/execute/async - {"script":"<script> [776 bytes]","args":[{"enterText":"1010","selector":{"id":"application-managepartners-display-component---NewPartner--companyCodeComboBox","interaction":{"idSuffix":"inner"}},"clearTextFirst":true,"interactionType":"ENTER_TEXT"}]}
RESULT: {}
RESULT: {"script":"<script> [776 bytes]","args":[{"enterText":"1010","selector":{"id":"application-managepartners-display-component---NewPartner--companyCodeComboBox","interaction":{"idSuffix":"inner"}},"clearTextFirst":true,"interactionType":"ENTER_TEXT"}]}
COMMAND: POST /session/0e856e49af9277885b73884c08d24d44/actions - {"actions":[{"id":"action6","type":"key","parameters":{},"actions":[{"type":"keyDown","value":"î€•"},{"type":"pause","duration":10},{"type":"keyUp","value":"î€•"}]}]}
RESULT: {"actions":[{"id":"action6","type":"key","parameters":{},"actions":[{"type":"keyDown","value":"î€•"},{"type":"pause","duration":10},{"type":"keyUp","value":"î€•"}]}]}
COMMAND: POST /session/0e856e49af9277885b73884c08d24d44/actions - {"actions":[{"id":"action7","type":"key","parameters":{},"actions":[{"type":"keyDown","value":"î€‡"},{"type":"pause","duration":10},{"type":"keyUp","value":"î€‡"}]}]}
COMMAND: GET /session/0e856e49af9277885b73884c08d24d44/screenshot - {}
RESULT: {"actions":[{"id":"action7","type":"key","parameters":{},"actions":[{"type":"keyDown","value":"î€‡"},{"type":"pause","duration":10},{"type":"keyUp","value":"î€‡"}]}]}
RESULT: undefined
COMMAND: POST /session/0e856e49af9277885b73884c08d24d44/execute/async - {"script":"<script> [6424 bytes]","args":[{"element-6066-11e4-a52e-4f735466cecf":"f.49BEEE8BF19DF9EA4073247F2BDD4228.d.E7F8CEC76A0FCFE542997E0D5742F9DF.e.1599"},"getValue",[]]}
COMMAND: GET /session/0e856e49af9277885b73884c08d24d44/screenshot - {}
RESULT: {}
RESULT: {"script":"<script> [6424 bytes]","args":[{"element-6066-11e4-a52e-4f735466cecf":"f.49BEEE8BF19DF9EA4073247F2BDD4228.d.E7F8CEC76A0FCFE542997E0D5742F9DF.e.1599"},"getValue",[]]}
COMMAND: POST /session/0e856e49af9277885b73884c08d24d44/execute/async - {"script":"<script> [1562 bytes]","args":[{"selector":{"id":"application-managepartners-display-component---NewPartner--btnAddTableRow-img"},"wdio_ui5_key":"applicationmanagepartners-display-component---NewPartner--btnAddTableRow-img"}]}
RESULT: {}
RESULT: {"script":"<script> [1562 bytes]","args":[{"selector":{"id":"application-managepartners-display-component---NewPartner--btnAddTableRow-img"},"wdio_ui5_key":"applicationmanagepartners-display-component---NewPartner--btnAddTableRow-img"}]}
RESULT: undefined
COMMAND: POST /session/0e856e49af9277885b73884c08d24d44/element - {"using":"xpath","value":"//*[@id=\"application-managepartners-display-component---NewPartner--btnAddTableRow-img\"]"}
RESULT: {"using":"xpath","value":"//*[@id=\"application-managepartners-display-component---NewPartner--btnAddTableRow-img\"]"}
COMMAND: POST /session/0e856e49af9277885b73884c08d24d44/element/f.49BEEE8BF19DF9EA4073247F2BDD4228.d.E7F8CEC76A0FCFE542997E0D5742F9DF.e.1732/click - {}
RESULT: {}
COMMAND: POST /session/0e856e49af9277885b73884c08d24d44/execute/async - {"script":"<script> [1562 bytes]","args":[{"selector":{"id":"application-managepartners-display-component---NewPartner--assignmentYard-application-managepartners-display-component---NewPartner--assignmentsTable-0-arrow"},"wdio_ui5_key":"applicationmanagepartners-display-component---NewPartner--assignmentYard-application-managepartners-display-component---NewPartner--assignmentsTable-0-arrow"}]}
COMMAND: GET /session/0e856e49af9277885b73884c08d24d44/screenshot - {}
RESULT: {"script":"<script> [1562 bytes]","args":[{"selector":{"id":"application-managepartners-display-component---NewPartner--assignmentYard-application-managepartners-display-component---NewPartner--assignmentsTable-0-arrow"},"wdio_ui5_key":"applicationmanagepartners-display-component---NewPartner--assignmentYard-application-managepartners-display-component---NewPartner--assignmentsTable-0-arrow"}]}
RESULT: undefined
COMMAND: POST /session/0e856e49af9277885b73884c08d24d44/element - {"using":"xpath","value":"//*[@id=\"application-managepartners-display-component---NewPartner--assignmentYard-application-managepartners-display-component---NewPartner--assignmentsTable-0-arrow\"]"}
RESULT: {}
RESULT: {"using":"xpath","value":"//*[@id=\"application-managepartners-display-component---NewPartner--assignmentYard-application-managepartners-display-component---NewPartner--assignmentsTable-0-arrow\"]"}
COMMAND: POST /session/0e856e49af9277885b73884c08d24d44/element/f.49BEEE8BF19DF9EA4073247F2BDD4228.d.E7F8CEC76A0FCFE542997E0D5742F9DF.e.1741/click - {}
RESULT: {}
COMMAND: POST /session/0e856e49af9277885b73884c08d24d44/element - {"using":"xpath","value":"//input[@id=\"application-managepartners-display-component---NewPartner--assignmentYard-application-managepartners-display-component---NewPartner--assignmentsTable-0-inner\"]"}
COMMAND: GET /session/0e856e49af9277885b73884c08d24d44/screenshot - {}
RESULT: {"using":"xpath","value":"//input[@id=\"application-managepartners-display-component---NewPartner--assignmentYard-application-managepartners-display-component---NewPartner--assignmentsTable-0-inner\"]"}
COMMAND: POST /session/0e856e49af9277885b73884c08d24d44/elements - {"using":"xpath","value":"//input[@id=\"application-managepartners-display-component---NewPartner--assignmentYard-application-managepartners-display-component---NewPartner--assignmentsTable-0-inner\"]"}
RESULT: {}
RESULT: {"using":"xpath","value":"//input[@id=\"application-managepartners-display-component---NewPartner--assignmentYard-application-managepartners-display-component---NewPartner--assignmentsTable-0-inner\"]"}
COMMAND: POST /session/0e856e49af9277885b73884c08d24d44/execute/sync - {"script":"<script> [8489 bytes]","args":[{"element-6066-11e4-a52e-4f735466cecf":"f.49BEEE8BF19DF9EA4073247F2BDD4228.d.E7F8CEC76A0FCFE542997E0D5742F9DF.e.1735","ELEMENT":"f.49BEEE8BF19DF9EA4073247F2BDD4228.d.E7F8CEC76A0FCFE542997E0D5742F9DF.e.1735"}]}
RESULT: {"script":"<script> [8489 bytes]","args":[{"element-6066-11e4-a52e-4f735466cecf":"f.49BEEE8BF19DF9EA4073247F2BDD4228.d.E7F8CEC76A0FCFE542997E0D5742F9DF.e.1735","ELEMENT":"f.49BEEE8BF19DF9EA4073247F2BDD4228.d.E7F8CEC76A0FCFE542997E0D5742F9DF.e.1735"}]}
COMMAND: POST /session/0e856e49af9277885b73884c08d24d44/element/f.49BEEE8BF19DF9EA4073247F2BDD4228.d.E7F8CEC76A0FCFE542997E0D5742F9DF.e.1735/clear - {}
COMMAND: GET /session/0e856e49af9277885b73884c08d24d44/screenshot - {}
RESULT: {}
COMMAND: POST /session/0e856e49af9277885b73884c08d24d44/element/f.49BEEE8BF19DF9EA4073247F2BDD4228.d.E7F8CEC76A0FCFE542997E0D5742F9DF.e.1735/value - {"text":"176"}
COMMAND: GET /session/0e856e49af9277885b73884c08d24d44/screenshot - {}
RESULT: {}
RESULT: {"text":"176"}
COMMAND: GET /session/0e856e49af9277885b73884c08d24d44/screenshot - {}
RESULT: {}
RESULT: {}
COMMAND: POST /session/0e856e49af9277885b73884c08d24d44/actions - {"actions":[{"id":"action8","type":"key","parameters":{},"actions":[{"type":"keyDown","value":"î€•"},{"type":"pause","duration":10},{"type":"keyUp","value":"î€•"}]}]}
RESULT: {"actions":[{"id":"action8","type":"key","parameters":{},"actions":[{"type":"keyDown","value":"î€•"},{"type":"pause","duration":10},{"type":"keyUp","value":"î€•"}]}]}
COMMAND: POST /session/0e856e49af9277885b73884c08d24d44/actions - {"actions":[{"id":"action9","type":"key","parameters":{},"actions":[{"type":"keyDown","value":"î€‡"},{"type":"pause","duration":10},{"type":"keyUp","value":"î€‡"}]}]}
COMMAND: GET /session/0e856e49af9277885b73884c08d24d44/screenshot - {}
RESULT: {"actions":[{"id":"action9","type":"key","parameters":{},"actions":[{"type":"keyDown","value":"î€‡"},{"type":"pause","duration":10},{"type":"keyUp","value":"î€‡"}]}]}
COMMAND: POST /session/0e856e49af9277885b73884c08d24d44/execute/async - {"script":"<script> [1562 bytes]","args":[{"selector":{"id":"application-managepartners-display-component---NewPartner--externalCustomerComboBox-application-managepartners-display-component---NewPartner--assignmentsTable-0-vhi"},"wdio_ui5_key":"applicationmanagepartners-display-component---NewPartner--externalCustomerComboBox-application-managepartners-display-component---NewPartner--assignmentsTable-0-vhi"}]}
COMMAND: GET /session/0e856e49af9277885b73884c08d24d44/screenshot - {}
RESULT: {}
RESULT: {"script":"<script> [1562 bytes]","args":[{"selector":{"id":"application-managepartners-display-component---NewPartner--externalCustomerComboBox-application-managepartners-display-component---NewPartner--assignmentsTable-0-vhi"},"wdio_ui5_key":"applicationmanagepartners-display-component---NewPartner--externalCustomerComboBox-application-managepartners-display-component---NewPartner--assignmentsTable-0-vhi"}]}
RESULT: undefined
RESULT: {}
COMMAND: DELETE /session/0e856e49af9277885b73884c08d24d44 - {}
RESULT: {}
]]></system-out>
    </testcase>
  </testsuite>
</testsuites>