<?xml version="1.0" encoding="UTF-8"?>
<testsuites tests="48" failures="0" errors="0" skipped="0">
  <testsuite timestamp="2025-05-04T17:16:07" time="984.213" tests="12" failures="0" errors="0" skipped="0">
    <properties>
      <property name="specId" value="0" />
      <property name="suiteName" value="Billing Transfer - Master data &amp; Intercompany US127250" />
      <property name="capabilities" value="chrome.135_0_7049_96.windows" />
      <property name="file" value="file:///D:/a/1/s/test/specs/BTS/billing-transfer-intercompany.spec.js" />
    </properties>
    <testcase classname="chrome.135_0_7049_96.windows.Billing_Transfer_-_Master_data_&amp;_Intercompany_US127250" name="Should create a new yard" time="116.326">
      <system-out><![CDATA[
COMMAND: POST /session/bbd37991cd80103daa76f108f3796d35/window/fullscreen - {}
RESULT: {}
COMMAND: POST /session/bbd37991cd80103daa76f108f3796d35/execute/async - {"script":"<script> [1562 bytes]","args":[{"selector":{"controlType":"sap.m.GenericTile","properties":{"header":"Manage Yards"}},"wdio_ui5_key":"sapm.GenericTile{\"header\":\"Manage Yards\"}"}]}
RESULT: {"script":"<script> [1562 bytes]","args":[{"selector":{"controlType":"sap.m.GenericTile","properties":{"header":"Manage Yards"}},"wdio_ui5_key":"sapm.GenericTile{\"header\":\"Manage Yards\"}"}]}
RESULT: undefined
COMMAND: POST /session/bbd37991cd80103daa76f108f3796d35/element - {"using":"xpath","value":"//*[@id=\"__tile41\"]"}
RESULT: {"using":"xpath","value":"//*[@id=\"__tile41\"]"}
COMMAND: POST /session/bbd37991cd80103daa76f108f3796d35/element/f.BCC40A51FB0F962C15E825EB75C92327.d.35D6526D0D2F7B6CC994F3199986EC95.e.156/click - {}
RESULT: {}
COMMAND: POST /session/bbd37991cd80103daa76f108f3796d35/element - {"using":"xpath","value":"//button[@data-kt=\"addNewYardOverflowToolbarButton\"]"}
COMMAND: GET /session/bbd37991cd80103daa76f108f3796d35/screenshot - {}
RESULT: {"using":"xpath","value":"//button[@data-kt=\"addNewYardOverflowToolbarButton\"]"}
COMMAND: POST /session/bbd37991cd80103daa76f108f3796d35/elements - {"using":"xpath","value":"//button[@data-kt=\"addNewYardOverflowToolbarButton\"]"}
RESULT: {}
RESULT: {"using":"xpath","value":"//button[@data-kt=\"addNewYardOverflowToolbarButton\"]"}
COMMAND: POST /session/bbd37991cd80103daa76f108f3796d35/elements - {"using":"xpath","value":"//button[@data-kt=\"addNewYardOverflowToolbarButton\"]"}
RESULT: {"using":"xpath","value":"//button[@data-kt=\"addNewYardOverflowToolbarButton\"]"}
COMMAND: POST /session/bbd37991cd80103daa76f108f3796d35/elements - {"using":"xpath","value":"//button[@data-kt=\"addNewYardOverflowToolbarButton\"]"}
RESULT: {"using":"xpath","value":"//button[@data-kt=\"addNewYardOverflowToolbarButton\"]"}
COMMAND: POST /session/bbd37991cd80103daa76f108f3796d35/elements - {"using":"xpath","value":"//button[@data-kt=\"addNewYardOverflowToolbarButton\"]"}
RESULT: {"using":"xpath","value":"//button[@data-kt=\"addNewYardOverflowToolbarButton\"]"}
COMMAND: POST /session/bbd37991cd80103daa76f108f3796d35/elements - {"using":"xpath","value":"//button[@data-kt=\"addNewYardOverflowToolbarButton\"]"}
RESULT: {"using":"xpath","value":"//button[@data-kt=\"addNewYardOverflowToolbarButton\"]"}
COMMAND: POST /session/bbd37991cd80103daa76f108f3796d35/elements - {"using":"xpath","value":"//button[@data-kt=\"addNewYardOverflowToolbarButton\"]"}
RESULT: {"using":"xpath","value":"//button[@data-kt=\"addNewYardOverflowToolbarButton\"]"}
COMMAND: POST /session/bbd37991cd80103daa76f108f3796d35/elements - {"using":"xpath","value":"//button[@data-kt=\"addNewYardOverflowToolbarButton\"]"}
RESULT: {"using":"xpath","value":"//button[@data-kt=\"addNewYardOverflowToolbarButton\"]"}
COMMAND: POST /session/bbd37991cd80103daa76f108f3796d35/elements - {"using":"xpath","value":"//button[@data-kt=\"addNewYardOverflowToolbarButton\"]"}
RESULT: {"using":"xpath","value":"//button[@data-kt=\"addNewYardOverflowToolbarButton\"]"}
COMMAND: POST /session/bbd37991cd80103daa76f108f3796d35/elements - {"using":"xpath","value":"//button[@data-kt=\"addNewYardOverflowToolbarButton\"]"}
RESULT: {"using":"xpath","value":"//button[@data-kt=\"addNewYardOverflowToolbarButton\"]"}
COMMAND: POST /session/bbd37991cd80103daa76f108f3796d35/elements - {"using":"xpath","value":"//button[@data-kt=\"addNewYardOverflowToolbarButton\"]"}
RESULT: {"using":"xpath","value":"//button[@data-kt=\"addNewYardOverflowToolbarButton\"]"}
COMMAND: POST /session/bbd37991cd80103daa76f108f3796d35/elements - {"using":"xpath","value":"//button[@data-kt=\"addNewYardOverflowToolbarButton\"]"}
RESULT: {"using":"xpath","value":"//button[@data-kt=\"addNewYardOverflowToolbarButton\"]"}
COMMAND: POST /session/bbd37991cd80103daa76f108f3796d35/elements - {"using":"xpath","value":"//button[@data-kt=\"addNewYardOverflowToolbarButton\"]"}
RESULT: {"using":"xpath","value":"//button[@data-kt=\"addNewYardOverflowToolbarButton\"]"}
COMMAND: POST /session/bbd37991cd80103daa76f108f3796d35/elements - {"using":"xpath","value":"//button[@data-kt=\"addNewYardOverflowToolbarButton\"]"}
RESULT: {"using":"xpath","value":"//button[@data-kt=\"addNewYardOverflowToolbarButton\"]"}
COMMAND: POST /session/bbd37991cd80103daa76f108f3796d35/elements - {"using":"xpath","value":"//button[@data-kt=\"addNewYardOverflowToolbarButton\"]"}
RESULT: {"using":"xpath","value":"//button[@data-kt=\"addNewYardOverflowToolbarButton\"]"}
COMMAND: POST /session/bbd37991cd80103daa76f108f3796d35/elements - {"using":"xpath","value":"//button[@data-kt=\"addNewYardOverflowToolbarButton\"]"}
RESULT: {"using":"xpath","value":"//button[@data-kt=\"addNewYardOverflowToolbarButton\"]"}
COMMAND: POST /session/bbd37991cd80103daa76f108f3796d35/elements - {"using":"xpath","value":"//button[@data-kt=\"addNewYardOverflowToolbarButton\"]"}
RESULT: {"using":"xpath","value":"//button[@data-kt=\"addNewYardOverflowToolbarButton\"]"}
COMMAND: POST /session/bbd37991cd80103daa76f108f3796d35/elements - {"using":"xpath","value":"//button[@data-kt=\"addNewYardOverflowToolbarButton\"]"}
RESULT: {"using":"xpath","value":"//button[@data-kt=\"addNewYardOverflowToolbarButton\"]"}
COMMAND: POST /session/bbd37991cd80103daa76f108f3796d35/elements - {"using":"xpath","value":"//button[@data-kt=\"addNewYardOverflowToolbarButton\"]"}
RESULT: {"using":"xpath","value":"//button[@data-kt=\"addNewYardOverflowToolbarButton\"]"}
COMMAND: POST /session/bbd37991cd80103daa76f108f3796d35/elements - {"using":"xpath","value":"//button[@data-kt=\"addNewYardOverflowToolbarButton\"]"}
RESULT: {"using":"xpath","value":"//button[@data-kt=\"addNewYardOverflowToolbarButton\"]"}
COMMAND: POST /session/bbd37991cd80103daa76f108f3796d35/elements - {"using":"xpath","value":"//button[@data-kt=\"addNewYardOverflowToolbarButton\"]"}
RESULT: {"using":"xpath","value":"//button[@data-kt=\"addNewYardOverflowToolbarButton\"]"}
COMMAND: POST /session/bbd37991cd80103daa76f108f3796d35/elements - {"using":"xpath","value":"//button[@data-kt=\"addNewYardOverflowToolbarButton\"]"}
RESULT: {"using":"xpath","value":"//button[@data-kt=\"addNewYardOverflowToolbarButton\"]"}
COMMAND: POST /session/bbd37991cd80103daa76f108f3796d35/elements - {"using":"xpath","value":"//button[@data-kt=\"addNewYardOverflowToolbarButton\"]"}
RESULT: {"using":"xpath","value":"//button[@data-kt=\"addNewYardOverflowToolbarButton\"]"}
COMMAND: POST /session/bbd37991cd80103daa76f108f3796d35/elements - {"using":"xpath","value":"//button[@data-kt=\"addNewYardOverflowToolbarButton\"]"}
RESULT: {"using":"xpath","value":"//button[@data-kt=\"addNewYardOverflowToolbarButton\"]"}
COMMAND: POST /session/bbd37991cd80103daa76f108f3796d35/elements - {"using":"xpath","value":"//button[@data-kt=\"addNewYardOverflowToolbarButton\"]"}
RESULT: {"using":"xpath","value":"//button[@data-kt=\"addNewYardOverflowToolbarButton\"]"}
COMMAND: POST /session/bbd37991cd80103daa76f108f3796d35/elements - {"using":"xpath","value":"//button[@data-kt=\"addNewYardOverflowToolbarButton\"]"}
RESULT: {"using":"xpath","value":"//button[@data-kt=\"addNewYardOverflowToolbarButton\"]"}
COMMAND: POST /session/bbd37991cd80103daa76f108f3796d35/elements - {"using":"xpath","value":"//button[@data-kt=\"addNewYardOverflowToolbarButton\"]"}
RESULT: {"using":"xpath","value":"//button[@data-kt=\"addNewYardOverflowToolbarButton\"]"}
COMMAND: POST /session/bbd37991cd80103daa76f108f3796d35/elements - {"using":"xpath","value":"//button[@data-kt=\"addNewYardOverflowToolbarButton\"]"}
RESULT: {"using":"xpath","value":"//button[@data-kt=\"addNewYardOverflowToolbarButton\"]"}
COMMAND: POST /session/bbd37991cd80103daa76f108f3796d35/elements - {"using":"xpath","value":"//button[@data-kt=\"addNewYardOverflowToolbarButton\"]"}
RESULT: {"using":"xpath","value":"//button[@data-kt=\"addNewYardOverflowToolbarButton\"]"}
COMMAND: POST /session/bbd37991cd80103daa76f108f3796d35/elements - {"using":"xpath","value":"//button[@data-kt=\"addNewYardOverflowToolbarButton\"]"}
RESULT: {"using":"xpath","value":"//button[@data-kt=\"addNewYardOverflowToolbarButton\"]"}
COMMAND: POST /session/bbd37991cd80103daa76f108f3796d35/element - {"using":"xpath","value":"//button[@data-kt=\"addNewYardOverflowToolbarButton\"]"}
RESULT: {"using":"xpath","value":"//button[@data-kt=\"addNewYardOverflowToolbarButton\"]"}
COMMAND: POST /session/bbd37991cd80103daa76f108f3796d35/execute/sync - {"script":"<script> [8489 bytes]","args":[{"element-6066-11e4-a52e-4f735466cecf":"f.BCC40A51FB0F962C15E825EB75C92327.d.35D6526D0D2F7B6CC994F3199986EC95.e.293","ELEMENT":"f.BCC40A51FB0F962C15E825EB75C92327.d.35D6526D0D2F7B6CC994F3199986EC95.e.293"}]}
RESULT: {"script":"<script> [8489 bytes]","args":[{"element-6066-11e4-a52e-4f735466cecf":"f.BCC40A51FB0F962C15E825EB75C92327.d.35D6526D0D2F7B6CC994F3199986EC95.e.293","ELEMENT":"f.BCC40A51FB0F962C15E825EB75C92327.d.35D6526D0D2F7B6CC994F3199986EC95.e.293"}]}
COMMAND: GET /session/bbd37991cd80103daa76f108f3796d35/element/f.BCC40A51FB0F962C15E825EB75C92327.d.35D6526D0D2F7B6CC994F3199986EC95.e.293/enabled - {}
COMMAND: GET /session/bbd37991cd80103daa76f108f3796d35/screenshot - {}
RESULT: {}
COMMAND: POST /session/bbd37991cd80103daa76f108f3796d35/execute/sync - {"script":"<script> [8489 bytes]","args":[{"element-6066-11e4-a52e-4f735466cecf":"f.BCC40A51FB0F962C15E825EB75C92327.d.35D6526D0D2F7B6CC994F3199986EC95.e.293","ELEMENT":"f.BCC40A51FB0F962C15E825EB75C92327.d.35D6526D0D2F7B6CC994F3199986EC95.e.293"}]}
COMMAND: GET /session/bbd37991cd80103daa76f108f3796d35/screenshot - {}
RESULT: {}
RESULT: {}
RESULT: {"script":"<script> [8489 bytes]","args":[{"element-6066-11e4-a52e-4f735466cecf":"f.BCC40A51FB0F962C15E825EB75C92327.d.35D6526D0D2F7B6CC994F3199986EC95.e.293","ELEMENT":"f.BCC40A51FB0F962C15E825EB75C92327.d.35D6526D0D2F7B6CC994F3199986EC95.e.293"}]}
COMMAND: POST /session/bbd37991cd80103daa76f108f3796d35/execute/sync - {"script":"<script> [5351 bytes]","args":[{"element-6066-11e4-a52e-4f735466cecf":"f.BCC40A51FB0F962C15E825EB75C92327.d.35D6526D0D2F7B6CC994F3199986EC95.e.293","ELEMENT":"f.BCC40A51FB0F962C15E825EB75C92327.d.35D6526D0D2F7B6CC994F3199986EC95.e.293"}]}
COMMAND: GET /session/bbd37991cd80103daa76f108f3796d35/screenshot - {}
RESULT: {"script":"<script> [5351 bytes]","args":[{"element-6066-11e4-a52e-4f735466cecf":"f.BCC40A51FB0F962C15E825EB75C92327.d.35D6526D0D2F7B6CC994F3199986EC95.e.293","ELEMENT":"f.BCC40A51FB0F962C15E825EB75C92327.d.35D6526D0D2F7B6CC994F3199986EC95.e.293"}]}
COMMAND: POST /session/bbd37991cd80103daa76f108f3796d35/element/f.BCC40A51FB0F962C15E825EB75C92327.d.35D6526D0D2F7B6CC994F3199986EC95.e.293/click - {}
COMMAND: GET /session/bbd37991cd80103daa76f108f3796d35/screenshot - {}
RESULT: {}
RESULT: {}
COMMAND: GET /session/bbd37991cd80103daa76f108f3796d35/screenshot - {}
COMMAND: POST /session/bbd37991cd80103daa76f108f3796d35/element - {"using":"xpath","value":"//input[@id=\"application-manageyards-display-component---NewYard--yardId-inner\"]"}
RESULT: {}
RESULT: {}
RESULT: {"using":"xpath","value":"//input[@id=\"application-manageyards-display-component---NewYard--yardId-inner\"]"}
COMMAND: POST /session/bbd37991cd80103daa76f108f3796d35/element - {"using":"xpath","value":"//input[@id=\"application-manageyards-display-component---NewYard--yardId-inner\"]"}
RESULT: {"using":"xpath","value":"//input[@id=\"application-manageyards-display-component---NewYard--yardId-inner\"]"}
COMMAND: POST /session/bbd37991cd80103daa76f108f3796d35/execute/async - {"script":"<script> [1562 bytes]","args":[{"selector":{"id":"application-manageyards-display-component---NewYard--addressDetailDetailsName1","interaction":{"idSuffix":"inner"}},"wdio_ui5_key":"applicationmanageyards-display-component---NewYard--addressDetailDetailsName1"}]}
RESULT: {"script":"<script> [1562 bytes]","args":[{"selector":{"id":"application-manageyards-display-component---NewYard--addressDetailDetailsName1","interaction":{"idSuffix":"inner"}},"wdio_ui5_key":"applicationmanageyards-display-component---NewYard--addressDetailDetailsName1"}]}
RESULT: undefined
COMMAND: POST /session/bbd37991cd80103daa76f108f3796d35/execute/async - {"script":"<script> [776 bytes]","args":[{"enterText":"Intercompany Yard wdIO","selector":{"id":"application-manageyards-display-component---NewYard--addressDetailDetailsName1","interaction":{"idSuffix":"inner"}},"clearTextFirst":true,"interactionType":"ENTER_TEXT"}]}
RESULT: {"script":"<script> [776 bytes]","args":[{"enterText":"Intercompany Yard wdIO","selector":{"id":"application-manageyards-display-component---NewYard--addressDetailDetailsName1","interaction":{"idSuffix":"inner"}},"clearTextFirst":true,"interactionType":"ENTER_TEXT"}]}
COMMAND: POST /session/bbd37991cd80103daa76f108f3796d35/execute/async - {"script":"<script> [1562 bytes]","args":[{"selector":{"id":"application-manageyards-display-component---NewYard--addressDetailDetailsLanguage-arrow"},"wdio_ui5_key":"applicationmanageyards-display-component---NewYard--addressDetailDetailsLanguage-arrow"}]}
RESULT: {"script":"<script> [1562 bytes]","args":[{"selector":{"id":"application-manageyards-display-component---NewYard--addressDetailDetailsLanguage-arrow"},"wdio_ui5_key":"applicationmanageyards-display-component---NewYard--addressDetailDetailsLanguage-arrow"}]}
RESULT: undefined
COMMAND: POST /session/bbd37991cd80103daa76f108f3796d35/element - {"using":"xpath","value":"//*[@id=\"application-manageyards-display-component---NewYard--addressDetailDetailsLanguage-arrow\"]"}
RESULT: {"using":"xpath","value":"//*[@id=\"application-manageyards-display-component---NewYard--addressDetailDetailsLanguage-arrow\"]"}
COMMAND: POST /session/bbd37991cd80103daa76f108f3796d35/element/f.BCC40A51FB0F962C15E825EB75C92327.d.35D6526D0D2F7B6CC994F3199986EC95.e.716/click - {}
RESULT: {}
COMMAND: POST /session/bbd37991cd80103daa76f108f3796d35/element - {"using":"xpath","value":"//span[contains(text(), \"English\")]"}
COMMAND: GET /session/bbd37991cd80103daa76f108f3796d35/screenshot - {}
RESULT: {"using":"xpath","value":"//span[contains(text(), \"English\")]"}
COMMAND: POST /session/bbd37991cd80103daa76f108f3796d35/element/f.BCC40A51FB0F962C15E825EB75C92327.d.35D6526D0D2F7B6CC994F3199986EC95.e.717/click - {}
RESULT: {}
RESULT: {}
COMMAND: POST /session/bbd37991cd80103daa76f108f3796d35/execute/async - {"script":"<script> [1562 bytes]","args":[{"selector":{"id":"application-manageyards-display-component---NewYard--addressDetailDetailsCity1","interaction":{"idSuffix":"inner"}},"wdio_ui5_key":"applicationmanageyards-display-component---NewYard--addressDetailDetailsCity1"}]}
COMMAND: GET /session/bbd37991cd80103daa76f108f3796d35/screenshot - {}
RESULT: {"script":"<script> [1562 bytes]","args":[{"selector":{"id":"application-manageyards-display-component---NewYard--addressDetailDetailsCity1","interaction":{"idSuffix":"inner"}},"wdio_ui5_key":"applicationmanageyards-display-component---NewYard--addressDetailDetailsCity1"}]}
RESULT: undefined
COMMAND: POST /session/bbd37991cd80103daa76f108f3796d35/execute/async - {"script":"<script> [776 bytes]","args":[{"enterText":"Rosario","selector":{"id":"application-manageyards-display-component---NewYard--addressDetailDetailsCity1","interaction":{"idSuffix":"inner"}},"clearTextFirst":true,"interactionType":"ENTER_TEXT"}]}
RESULT: {}
RESULT: {"script":"<script> [776 bytes]","args":[{"enterText":"Rosario","selector":{"id":"application-manageyards-display-component---NewYard--addressDetailDetailsCity1","interaction":{"idSuffix":"inner"}},"clearTextFirst":true,"interactionType":"ENTER_TEXT"}]}
COMMAND: POST /session/bbd37991cd80103daa76f108f3796d35/execute/async - {"script":"<script> [1562 bytes]","args":[{"selector":{"id":"application-manageyards-display-component---NewYard--addressDetailDetailsCountry-arrow"},"wdio_ui5_key":"applicationmanageyards-display-component---NewYard--addressDetailDetailsCountry-arrow"}]}
RESULT: {"script":"<script> [1562 bytes]","args":[{"selector":{"id":"application-manageyards-display-component---NewYard--addressDetailDetailsCountry-arrow"},"wdio_ui5_key":"applicationmanageyards-display-component---NewYard--addressDetailDetailsCountry-arrow"}]}
RESULT: undefined
COMMAND: POST /session/bbd37991cd80103daa76f108f3796d35/element - {"using":"xpath","value":"//*[@id=\"application-manageyards-display-component---NewYard--addressDetailDetailsCountry-arrow\"]"}
RESULT: {"using":"xpath","value":"//*[@id=\"application-manageyards-display-component---NewYard--addressDetailDetailsCountry-arrow\"]"}
COMMAND: POST /session/bbd37991cd80103daa76f108f3796d35/element/f.BCC40A51FB0F962C15E825EB75C92327.d.35D6526D0D2F7B6CC994F3199986EC95.e.719/click - {}
RESULT: {}
COMMAND: POST /session/bbd37991cd80103daa76f108f3796d35/element - {"using":"xpath","value":"//span[contains(text(), \"Argentina\")]"}
COMMAND: GET /session/bbd37991cd80103daa76f108f3796d35/screenshot - {}
RESULT: {"using":"xpath","value":"//span[contains(text(), \"Argentina\")]"}
COMMAND: POST /session/bbd37991cd80103daa76f108f3796d35/element/f.BCC40A51FB0F962C15E825EB75C92327.d.35D6526D0D2F7B6CC994F3199986EC95.e.720/click - {}
RESULT: {}
RESULT: {}
COMMAND: POST /session/bbd37991cd80103daa76f108f3796d35/execute/async - {"script":"<script> [1562 bytes]","args":[{"selector":{"id":"application-manageyards-display-component---NewYard--addressEditDetailsCostObjectCstType-arrow"},"wdio_ui5_key":"applicationmanageyards-display-component---NewYard--addressEditDetailsCostObjectCstType-arrow"}]}
COMMAND: GET /session/bbd37991cd80103daa76f108f3796d35/screenshot - {}
RESULT: {"script":"<script> [1562 bytes]","args":[{"selector":{"id":"application-manageyards-display-component---NewYard--addressEditDetailsCostObjectCstType-arrow"},"wdio_ui5_key":"applicationmanageyards-display-component---NewYard--addressEditDetailsCostObjectCstType-arrow"}]}
RESULT: undefined
COMMAND: POST /session/bbd37991cd80103daa76f108f3796d35/element - {"using":"xpath","value":"//*[@id=\"application-manageyards-display-component---NewYard--addressEditDetailsCostObjectCstType-arrow\"]"}
RESULT: {}
RESULT: {"using":"xpath","value":"//*[@id=\"application-manageyards-display-component---NewYard--addressEditDetailsCostObjectCstType-arrow\"]"}
COMMAND: POST /session/bbd37991cd80103daa76f108f3796d35/element/f.BCC40A51FB0F962C15E825EB75C92327.d.35D6526D0D2F7B6CC994F3199986EC95.e.721/click - {}
RESULT: {}
COMMAND: POST /session/bbd37991cd80103daa76f108f3796d35/element - {"using":"xpath","value":"//span[contains(text(), \"Cost Center\")]"}
COMMAND: GET /session/bbd37991cd80103daa76f108f3796d35/screenshot - {}
RESULT: {"using":"xpath","value":"//span[contains(text(), \"Cost Center\")]"}
COMMAND: POST /session/bbd37991cd80103daa76f108f3796d35/element/f.BCC40A51FB0F962C15E825EB75C92327.d.35D6526D0D2F7B6CC994F3199986EC95.e.722/click - {}
RESULT: {}
RESULT: {}
COMMAND: GET /session/bbd37991cd80103daa76f108f3796d35/screenshot - {}
RESULT: {}
COMMAND: POST /session/bbd37991cd80103daa76f108f3796d35/element - {"using":"xpath","value":"//span[@id=\"application-manageyards-display-component---NewYard--addressNewCostObjectCstID-vhi\"]"}
RESULT: {"using":"xpath","value":"//span[@id=\"application-manageyards-display-component---NewYard--addressNewCostObjectCstID-vhi\"]"}
COMMAND: POST /session/bbd37991cd80103daa76f108f3796d35/execute/sync - {"script":"<script> [8489 bytes]","args":[{"element-6066-11e4-a52e-4f735466cecf":"f.BCC40A51FB0F962C15E825EB75C92327.d.35D6526D0D2F7B6CC994F3199986EC95.e.726","ELEMENT":"f.BCC40A51FB0F962C15E825EB75C92327.d.35D6526D0D2F7B6CC994F3199986EC95.e.726"}]}
RESULT: {"script":"<script> [8489 bytes]","args":[{"element-6066-11e4-a52e-4f735466cecf":"f.BCC40A51FB0F962C15E825EB75C92327.d.35D6526D0D2F7B6CC994F3199986EC95.e.726","ELEMENT":"f.BCC40A51FB0F962C15E825EB75C92327.d.35D6526D0D2F7B6CC994F3199986EC95.e.726"}]}
COMMAND: POST /session/bbd37991cd80103daa76f108f3796d35/execute/async - {"script":"<script> [1562 bytes]","args":[{"selector":{"id":"application-manageyards-display-component---NewYard--addressNewCostObjectCstID-vhi"},"wdio_ui5_key":"applicationmanageyards-display-component---NewYard--addressNewCostObjectCstID-vhi"}]}
COMMAND: GET /session/bbd37991cd80103daa76f108f3796d35/screenshot - {}
RESULT: {"script":"<script> [1562 bytes]","args":[{"selector":{"id":"application-manageyards-display-component---NewYard--addressNewCostObjectCstID-vhi"},"wdio_ui5_key":"applicationmanageyards-display-component---NewYard--addressNewCostObjectCstID-vhi"}]}
RESULT: undefined
COMMAND: POST /session/bbd37991cd80103daa76f108f3796d35/element - {"using":"xpath","value":"//*[@id=\"application-manageyards-display-component---NewYard--addressNewCostObjectCstID-vhi\"]"}
RESULT: {}
RESULT: {"using":"xpath","value":"//*[@id=\"application-manageyards-display-component---NewYard--addressNewCostObjectCstID-vhi\"]"}
COMMAND: POST /session/bbd37991cd80103daa76f108f3796d35/element/f.BCC40A51FB0F962C15E825EB75C92327.d.35D6526D0D2F7B6CC994F3199986EC95.e.726/click - {}
RESULT: {}
COMMAND: GET /session/bbd37991cd80103daa76f108f3796d35/screenshot - {}
RESULT: {}
COMMAND: POST /session/bbd37991cd80103daa76f108f3796d35/execute/async - {"script":"<script> [1562 bytes]","args":[{"selector":{"controlType":"sap.m.SearchField","properties":{"placeholder":"Search"},"searchOpenDialogs":true,"interaction":{"idSuffix":"I"}},"wdio_ui5_key":"sapm.SearchField{\"placeholder\":\"Search\"}"}]}
RESULT: {"script":"<script> [1562 bytes]","args":[{"selector":{"controlType":"sap.m.SearchField","properties":{"placeholder":"Search"},"searchOpenDialogs":true,"interaction":{"idSuffix":"I"}},"wdio_ui5_key":"sapm.SearchField{\"placeholder\":\"Search\"}"}]}
RESULT: undefined
COMMAND: POST /session/bbd37991cd80103daa76f108f3796d35/execute/async - {"script":"<script> [776 bytes]","args":[{"enterText":"10001013","selector":{"controlType":"sap.m.SearchField","properties":{"placeholder":"Search"},"searchOpenDialogs":true,"interaction":{"idSuffix":"I"}},"clearTextFirst":true,"interactionType":"ENTER_TEXT"}]}
RESULT: {"script":"<script> [776 bytes]","args":[{"enterText":"10001013","selector":{"controlType":"sap.m.SearchField","properties":{"placeholder":"Search"},"searchOpenDialogs":true,"interaction":{"idSuffix":"I"}},"clearTextFirst":true,"interactionType":"ENTER_TEXT"}]}
COMMAND: POST /session/bbd37991cd80103daa76f108f3796d35/actions - {"actions":[{"id":"action1","type":"key","parameters":{},"actions":[{"type":"keyDown","value":"î€‡"},{"type":"pause","duration":10},{"type":"keyUp","value":"î€‡"}]}]}
RESULT: {"actions":[{"id":"action1","type":"key","parameters":{},"actions":[{"type":"keyDown","value":"î€‡"},{"type":"pause","duration":10},{"type":"keyUp","value":"î€‡"}]}]}
COMMAND: GET /session/bbd37991cd80103daa76f108f3796d35/screenshot - {}
RESULT: {}
COMMAND: POST /session/bbd37991cd80103daa76f108f3796d35/element - {"using":"xpath","value":"//span[contains(text(), \"General Management\")]"}
RESULT: {"using":"xpath","value":"//span[contains(text(), \"General Management\")]"}
COMMAND: POST /session/bbd37991cd80103daa76f108f3796d35/element/f.BCC40A51FB0F962C15E825EB75C92327.d.35D6526D0D2F7B6CC994F3199986EC95.e.768/click - {}
RESULT: {}
COMMAND: GET /session/bbd37991cd80103daa76f108f3796d35/screenshot - {}
RESULT: {}
COMMAND: POST /session/bbd37991cd80103daa76f108f3796d35/element - {"using":"xpath","value":"//bdi[contains(text(), \"OK\")]"}
RESULT: {"using":"xpath","value":"//bdi[contains(text(), \"OK\")]"}
COMMAND: POST /session/bbd37991cd80103daa76f108f3796d35/element/f.BCC40A51FB0F962C15E825EB75C92327.d.35D6526D0D2F7B6CC994F3199986EC95.e.769/click - {}
RESULT: {}
COMMAND: GET /session/bbd37991cd80103daa76f108f3796d35/screenshot - {}
RESULT: {}
COMMAND: POST /session/bbd37991cd80103daa76f108f3796d35/execute/async - {"script":"<script> [1562 bytes]","args":[{"selector":{"id":"application-manageyards-display-component---NewYard--addressEditDetailsCurrency-arrow"},"wdio_ui5_key":"applicationmanageyards-display-component---NewYard--addressEditDetailsCurrency-arrow"}]}
RESULT: {"script":"<script> [1562 bytes]","args":[{"selector":{"id":"application-manageyards-display-component---NewYard--addressEditDetailsCurrency-arrow"},"wdio_ui5_key":"applicationmanageyards-display-component---NewYard--addressEditDetailsCurrency-arrow"}]}
RESULT: undefined
COMMAND: POST /session/bbd37991cd80103daa76f108f3796d35/element - {"using":"xpath","value":"//*[@id=\"application-manageyards-display-component---NewYard--addressEditDetailsCurrency-arrow\"]"}
RESULT: {"using":"xpath","value":"//*[@id=\"application-manageyards-display-component---NewYard--addressEditDetailsCurrency-arrow\"]"}
COMMAND: POST /session/bbd37991cd80103daa76f108f3796d35/element/f.BCC40A51FB0F962C15E825EB75C92327.d.35D6526D0D2F7B6CC994F3199986EC95.e.772/click - {}
RESULT: {}
COMMAND: POST /session/bbd37991cd80103daa76f108f3796d35/element - {"using":"xpath","value":"//span[contains(text(), \"Euro\")]"}
COMMAND: GET /session/bbd37991cd80103daa76f108f3796d35/screenshot - {}
RESULT: {"using":"xpath","value":"//span[contains(text(), \"Euro\")]"}
COMMAND: POST /session/bbd37991cd80103daa76f108f3796d35/element/f.BCC40A51FB0F962C15E825EB75C92327.d.35D6526D0D2F7B6CC994F3199986EC95.e.773/click - {}
RESULT: {}
RESULT: {}
COMMAND: POST /session/bbd37991cd80103daa76f108f3796d35/execute/async - {"script":"<script> [1562 bytes]","args":[{"selector":{"controlType":"sap.m.Input","viewName":"etm.portal.ui.manageyards.view.New","viewId":"application-manageyards-display-component---NewYard","bindingPath":{"path":"","propertyPath":"/CONTROLLING_AREA","modelName":"NewYardModel"},"interaction":{"idSuffix":"inner"}},"wdio_ui5_key":"etmportal.ui.manageyards.view.Newsap.m.Input{\"path\":\"\",\"propertyPath\":\"/CONTROLLING_AREA\",\"modelName\":\"NewYardModel\"}"}]}
COMMAND: GET /session/bbd37991cd80103daa76f108f3796d35/screenshot - {}
RESULT: {"script":"<script> [1562 bytes]","args":[{"selector":{"controlType":"sap.m.Input","viewName":"etm.portal.ui.manageyards.view.New","viewId":"application-manageyards-display-component---NewYard","bindingPath":{"path":"","propertyPath":"/CONTROLLING_AREA","modelName":"NewYardModel"},"interaction":{"idSuffix":"inner"}},"wdio_ui5_key":"etmportal.ui.manageyards.view.Newsap.m.Input{\"path\":\"\",\"propertyPath\":\"/CONTROLLING_AREA\",\"modelName\":\"NewYardModel\"}"}]}
RESULT: undefined
COMMAND: POST /session/bbd37991cd80103daa76f108f3796d35/execute/async - {"script":"<script> [776 bytes]","args":[{"enterText":"Z001","selector":{"controlType":"sap.m.Input","viewName":"etm.portal.ui.manageyards.view.New","viewId":"application-manageyards-display-component---NewYard","bindingPath":{"path":"","propertyPath":"/CONTROLLING_AREA","modelName":"NewYardModel"},"interaction":{"idSuffix":"inner"}},"clearTextFirst":true,"interactionType":"ENTER_TEXT"}]}
RESULT: {}
RESULT: {"script":"<script> [776 bytes]","args":[{"enterText":"Z001","selector":{"controlType":"sap.m.Input","viewName":"etm.portal.ui.manageyards.view.New","viewId":"application-manageyards-display-component---NewYard","bindingPath":{"path":"","propertyPath":"/CONTROLLING_AREA","modelName":"NewYardModel"},"interaction":{"idSuffix":"inner"}},"clearTextFirst":true,"interactionType":"ENTER_TEXT"}]}
COMMAND: POST /session/bbd37991cd80103daa76f108f3796d35/execute/async - {"script":"<script> [1562 bytes]","args":[{"selector":{"id":"application-manageyards-display-component---NewYard--companyCodeComboBox","interaction":{"idSuffix":"inner"}},"wdio_ui5_key":"applicationmanageyards-display-component---NewYard--companyCodeComboBox"}]}
RESULT: {"script":"<script> [1562 bytes]","args":[{"selector":{"id":"application-manageyards-display-component---NewYard--companyCodeComboBox","interaction":{"idSuffix":"inner"}},"wdio_ui5_key":"applicationmanageyards-display-component---NewYard--companyCodeComboBox"}]}
RESULT: undefined
COMMAND: POST /session/bbd37991cd80103daa76f108f3796d35/execute/async - {"script":"<script> [776 bytes]","args":[{"enterText":"1000","selector":{"id":"application-manageyards-display-component---NewYard--companyCodeComboBox","interaction":{"idSuffix":"inner"}},"clearTextFirst":true,"interactionType":"ENTER_TEXT"}]}
RESULT: {"script":"<script> [776 bytes]","args":[{"enterText":"1000","selector":{"id":"application-manageyards-display-component---NewYard--companyCodeComboBox","interaction":{"idSuffix":"inner"}},"clearTextFirst":true,"interactionType":"ENTER_TEXT"}]}
COMMAND: POST /session/bbd37991cd80103daa76f108f3796d35/execute/async - {"script":"<script> [1562 bytes]","args":[{"selector":{"controlType":"sap.m.Input","viewName":"etm.portal.ui.manageyards.view.New","viewId":"application-manageyards-display-component---NewYard","bindingPath":{"path":"","propertyPath":"/PLANT","modelName":"NewYardModel"},"interaction":{"idSuffix":"inner"}},"wdio_ui5_key":"etmportal.ui.manageyards.view.Newsap.m.Input{\"path\":\"\",\"propertyPath\":\"/PLANT\",\"modelName\":\"NewYardModel\"}"}]}
RESULT: {"script":"<script> [1562 bytes]","args":[{"selector":{"controlType":"sap.m.Input","viewName":"etm.portal.ui.manageyards.view.New","viewId":"application-manageyards-display-component---NewYard","bindingPath":{"path":"","propertyPath":"/PLANT","modelName":"NewYardModel"},"interaction":{"idSuffix":"inner"}},"wdio_ui5_key":"etmportal.ui.manageyards.view.Newsap.m.Input{\"path\":\"\",\"propertyPath\":\"/PLANT\",\"modelName\":\"NewYardModel\"}"}]}
RESULT: undefined
COMMAND: POST /session/bbd37991cd80103daa76f108f3796d35/execute/async - {"script":"<script> [776 bytes]","args":[{"enterText":"1001","selector":{"controlType":"sap.m.Input","viewName":"etm.portal.ui.manageyards.view.New","viewId":"application-manageyards-display-component---NewYard","bindingPath":{"path":"","propertyPath":"/PLANT","modelName":"NewYardModel"},"interaction":{"idSuffix":"inner"}},"clearTextFirst":true,"interactionType":"ENTER_TEXT"}]}
RESULT: {"script":"<script> [776 bytes]","args":[{"enterText":"1001","selector":{"controlType":"sap.m.Input","viewName":"etm.portal.ui.manageyards.view.New","viewId":"application-manageyards-display-component---NewYard","bindingPath":{"path":"","propertyPath":"/PLANT","modelName":"NewYardModel"},"interaction":{"idSuffix":"inner"}},"clearTextFirst":true,"interactionType":"ENTER_TEXT"}]}
COMMAND: POST /session/bbd37991cd80103daa76f108f3796d35/execute/async - {"script":"<script> [1562 bytes]","args":[{"selector":{"controlType":"sap.m.Input","viewName":"etm.portal.ui.manageyards.view.New","viewId":"application-manageyards-display-component---NewYard","bindingPath":{"path":"","propertyPath":"/SALES_AREA_VKORG","modelName":"NewYardModel"},"interaction":{"idSuffix":"inner"}},"wdio_ui5_key":"etmportal.ui.manageyards.view.Newsap.m.Input{\"path\":\"\",\"propertyPath\":\"/SALES_AREA_VKORG\",\"modelName\":\"NewYardModel\"}"}]}
RESULT: {"script":"<script> [1562 bytes]","args":[{"selector":{"controlType":"sap.m.Input","viewName":"etm.portal.ui.manageyards.view.New","viewId":"application-manageyards-display-component---NewYard","bindingPath":{"path":"","propertyPath":"/SALES_AREA_VKORG","modelName":"NewYardModel"},"interaction":{"idSuffix":"inner"}},"wdio_ui5_key":"etmportal.ui.manageyards.view.Newsap.m.Input{\"path\":\"\",\"propertyPath\":\"/SALES_AREA_VKORG\",\"modelName\":\"NewYardModel\"}"}]}
RESULT: undefined
COMMAND: POST /session/bbd37991cd80103daa76f108f3796d35/execute/async - {"script":"<script> [776 bytes]","args":[{"enterText":"C002","selector":{"controlType":"sap.m.Input","viewName":"etm.portal.ui.manageyards.view.New","viewId":"application-manageyards-display-component---NewYard","bindingPath":{"path":"","propertyPath":"/SALES_AREA_VKORG","modelName":"NewYardModel"},"interaction":{"idSuffix":"inner"}},"clearTextFirst":true,"interactionType":"ENTER_TEXT"}]}
RESULT: {"script":"<script> [776 bytes]","args":[{"enterText":"C002","selector":{"controlType":"sap.m.Input","viewName":"etm.portal.ui.manageyards.view.New","viewId":"application-manageyards-display-component---NewYard","bindingPath":{"path":"","propertyPath":"/SALES_AREA_VKORG","modelName":"NewYardModel"},"interaction":{"idSuffix":"inner"}},"clearTextFirst":true,"interactionType":"ENTER_TEXT"}]}
COMMAND: POST /session/bbd37991cd80103daa76f108f3796d35/execute/async - {"script":"<script> [1562 bytes]","args":[{"selector":{"controlType":"sap.m.Input","viewName":"etm.portal.ui.manageyards.view.New","viewId":"application-manageyards-display-component---NewYard","bindingPath":{"path":"","propertyPath":"/SALES_AREA_VTWEG","modelName":"NewYardModel"},"interaction":{"idSuffix":"inner"}},"wdio_ui5_key":"etmportal.ui.manageyards.view.Newsap.m.Input{\"path\":\"\",\"propertyPath\":\"/SALES_AREA_VTWEG\",\"modelName\":\"NewYardModel\"}"}]}
RESULT: {"script":"<script> [1562 bytes]","args":[{"selector":{"controlType":"sap.m.Input","viewName":"etm.portal.ui.manageyards.view.New","viewId":"application-manageyards-display-component---NewYard","bindingPath":{"path":"","propertyPath":"/SALES_AREA_VTWEG","modelName":"NewYardModel"},"interaction":{"idSuffix":"inner"}},"wdio_ui5_key":"etmportal.ui.manageyards.view.Newsap.m.Input{\"path\":\"\",\"propertyPath\":\"/SALES_AREA_VTWEG\",\"modelName\":\"NewYardModel\"}"}]}
RESULT: undefined
COMMAND: POST /session/bbd37991cd80103daa76f108f3796d35/execute/async - {"script":"<script> [776 bytes]","args":[{"enterText":"C2","selector":{"controlType":"sap.m.Input","viewName":"etm.portal.ui.manageyards.view.New","viewId":"application-manageyards-display-component---NewYard","bindingPath":{"path":"","propertyPath":"/SALES_AREA_VTWEG","modelName":"NewYardModel"},"interaction":{"idSuffix":"inner"}},"clearTextFirst":true,"interactionType":"ENTER_TEXT"}]}
RESULT: {"script":"<script> [776 bytes]","args":[{"enterText":"C2","selector":{"controlType":"sap.m.Input","viewName":"etm.portal.ui.manageyards.view.New","viewId":"application-manageyards-display-component---NewYard","bindingPath":{"path":"","propertyPath":"/SALES_AREA_VTWEG","modelName":"NewYardModel"},"interaction":{"idSuffix":"inner"}},"clearTextFirst":true,"interactionType":"ENTER_TEXT"}]}
COMMAND: POST /session/bbd37991cd80103daa76f108f3796d35/execute/async - {"script":"<script> [1562 bytes]","args":[{"selector":{"controlType":"sap.m.Input","viewName":"etm.portal.ui.manageyards.view.New","viewId":"application-manageyards-display-component---NewYard","bindingPath":{"path":"","propertyPath":"/SALES_AREA_SPART","modelName":"NewYardModel"},"interaction":{"idSuffix":"inner"}},"wdio_ui5_key":"etmportal.ui.manageyards.view.Newsap.m.Input{\"path\":\"\",\"propertyPath\":\"/SALES_AREA_SPART\",\"modelName\":\"NewYardModel\"}"}]}
RESULT: {"script":"<script> [1562 bytes]","args":[{"selector":{"controlType":"sap.m.Input","viewName":"etm.portal.ui.manageyards.view.New","viewId":"application-manageyards-display-component---NewYard","bindingPath":{"path":"","propertyPath":"/SALES_AREA_SPART","modelName":"NewYardModel"},"interaction":{"idSuffix":"inner"}},"wdio_ui5_key":"etmportal.ui.manageyards.view.Newsap.m.Input{\"path\":\"\",\"propertyPath\":\"/SALES_AREA_SPART\",\"modelName\":\"NewYardModel\"}"}]}
RESULT: undefined
COMMAND: POST /session/bbd37991cd80103daa76f108f3796d35/execute/async - {"script":"<script> [776 bytes]","args":[{"enterText":"C2","selector":{"controlType":"sap.m.Input","viewName":"etm.portal.ui.manageyards.view.New","viewId":"application-manageyards-display-component---NewYard","bindingPath":{"path":"","propertyPath":"/SALES_AREA_SPART","modelName":"NewYardModel"},"interaction":{"idSuffix":"inner"}},"clearTextFirst":true,"interactionType":"ENTER_TEXT"}]}
RESULT: {"script":"<script> [776 bytes]","args":[{"enterText":"C2","selector":{"controlType":"sap.m.Input","viewName":"etm.portal.ui.manageyards.view.New","viewId":"application-manageyards-display-component---NewYard","bindingPath":{"path":"","propertyPath":"/SALES_AREA_SPART","modelName":"NewYardModel"},"interaction":{"idSuffix":"inner"}},"clearTextFirst":true,"interactionType":"ENTER_TEXT"}]}
COMMAND: POST /session/bbd37991cd80103daa76f108f3796d35/execute/async - {"script":"<script> [1562 bytes]","args":[{"selector":{"controlType":"sap.m.Input","viewName":"etm.portal.ui.manageyards.view.New","viewId":"application-manageyards-display-component---NewYard","bindingPath":{"path":"","propertyPath":"/SHIP_POINT","modelName":"NewYardModel"},"interaction":{"idSuffix":"inner"}},"wdio_ui5_key":"etmportal.ui.manageyards.view.Newsap.m.Input{\"path\":\"\",\"propertyPath\":\"/SHIP_POINT\",\"modelName\":\"NewYardModel\"}"}]}
RESULT: {"script":"<script> [1562 bytes]","args":[{"selector":{"controlType":"sap.m.Input","viewName":"etm.portal.ui.manageyards.view.New","viewId":"application-manageyards-display-component---NewYard","bindingPath":{"path":"","propertyPath":"/SHIP_POINT","modelName":"NewYardModel"},"interaction":{"idSuffix":"inner"}},"wdio_ui5_key":"etmportal.ui.manageyards.view.Newsap.m.Input{\"path\":\"\",\"propertyPath\":\"/SHIP_POINT\",\"modelName\":\"NewYardModel\"}"}]}
RESULT: undefined
COMMAND: POST /session/bbd37991cd80103daa76f108f3796d35/execute/async - {"script":"<script> [776 bytes]","args":[{"enterText":"1710","selector":{"controlType":"sap.m.Input","viewName":"etm.portal.ui.manageyards.view.New","viewId":"application-manageyards-display-component---NewYard","bindingPath":{"path":"","propertyPath":"/SHIP_POINT","modelName":"NewYardModel"},"interaction":{"idSuffix":"inner"}},"clearTextFirst":true,"interactionType":"ENTER_TEXT"}]}
RESULT: {"script":"<script> [776 bytes]","args":[{"enterText":"1710","selector":{"controlType":"sap.m.Input","viewName":"etm.portal.ui.manageyards.view.New","viewId":"application-manageyards-display-component---NewYard","bindingPath":{"path":"","propertyPath":"/SHIP_POINT","modelName":"NewYardModel"},"interaction":{"idSuffix":"inner"}},"clearTextFirst":true,"interactionType":"ENTER_TEXT"}]}
COMMAND: POST /session/bbd37991cd80103daa76f108f3796d35/execute/async - {"script":"<script> [1562 bytes]","args":[{"selector":{"controlType":"sap.m.Input","viewName":"etm.portal.ui.manageyards.view.New","viewId":"application-manageyards-display-component---NewYard","bindingPath":{"path":"","propertyPath":"/DELIVERY_TYPE","modelName":"NewYardModel"},"interaction":{"idSuffix":"inner"}},"wdio_ui5_key":"etmportal.ui.manageyards.view.Newsap.m.Input{\"path\":\"\",\"propertyPath\":\"/DELIVERY_TYPE\",\"modelName\":\"NewYardModel\"}"}]}
RESULT: {"script":"<script> [1562 bytes]","args":[{"selector":{"controlType":"sap.m.Input","viewName":"etm.portal.ui.manageyards.view.New","viewId":"application-manageyards-display-component---NewYard","bindingPath":{"path":"","propertyPath":"/DELIVERY_TYPE","modelName":"NewYardModel"},"interaction":{"idSuffix":"inner"}},"wdio_ui5_key":"etmportal.ui.manageyards.view.Newsap.m.Input{\"path\":\"\",\"propertyPath\":\"/DELIVERY_TYPE\",\"modelName\":\"NewYardModel\"}"}]}
RESULT: undefined
COMMAND: POST /session/bbd37991cd80103daa76f108f3796d35/execute/async - {"script":"<script> [776 bytes]","args":[{"enterText":"ZL01","selector":{"controlType":"sap.m.Input","viewName":"etm.portal.ui.manageyards.view.New","viewId":"application-manageyards-display-component---NewYard","bindingPath":{"path":"","propertyPath":"/DELIVERY_TYPE","modelName":"NewYardModel"},"interaction":{"idSuffix":"inner"}},"clearTextFirst":true,"interactionType":"ENTER_TEXT"}]}
RESULT: {"script":"<script> [776 bytes]","args":[{"enterText":"ZL01","selector":{"controlType":"sap.m.Input","viewName":"etm.portal.ui.manageyards.view.New","viewId":"application-manageyards-display-component---NewYard","bindingPath":{"path":"","propertyPath":"/DELIVERY_TYPE","modelName":"NewYardModel"},"interaction":{"idSuffix":"inner"}},"clearTextFirst":true,"interactionType":"ENTER_TEXT"}]}
COMMAND: POST /session/bbd37991cd80103daa76f108f3796d35/execute/async - {"script":"<script> [1562 bytes]","args":[{"selector":{"controlType":"sap.m.Input","viewName":"etm.portal.ui.manageyards.view.New","viewId":"application-manageyards-display-component---NewYard","bindingPath":{"path":"","propertyPath":"/AUART","modelName":"NewYardModel"},"interaction":{"idSuffix":"inner"}},"wdio_ui5_key":"etmportal.ui.manageyards.view.Newsap.m.Input{\"path\":\"\",\"propertyPath\":\"/AUART\",\"modelName\":\"NewYardModel\"}"}]}
RESULT: {"script":"<script> [1562 bytes]","args":[{"selector":{"controlType":"sap.m.Input","viewName":"etm.portal.ui.manageyards.view.New","viewId":"application-manageyards-display-component---NewYard","bindingPath":{"path":"","propertyPath":"/AUART","modelName":"NewYardModel"},"interaction":{"idSuffix":"inner"}},"wdio_ui5_key":"etmportal.ui.manageyards.view.Newsap.m.Input{\"path\":\"\",\"propertyPath\":\"/AUART\",\"modelName\":\"NewYardModel\"}"}]}
RESULT: undefined
COMMAND: POST /session/bbd37991cd80103daa76f108f3796d35/execute/async - {"script":"<script> [776 bytes]","args":[{"enterText":"TA","selector":{"controlType":"sap.m.Input","viewName":"etm.portal.ui.manageyards.view.New","viewId":"application-manageyards-display-component---NewYard","bindingPath":{"path":"","propertyPath":"/AUART","modelName":"NewYardModel"},"interaction":{"idSuffix":"inner"}},"clearTextFirst":true,"interactionType":"ENTER_TEXT"}]}
RESULT: {"script":"<script> [776 bytes]","args":[{"enterText":"TA","selector":{"controlType":"sap.m.Input","viewName":"etm.portal.ui.manageyards.view.New","viewId":"application-manageyards-display-component---NewYard","bindingPath":{"path":"","propertyPath":"/AUART","modelName":"NewYardModel"},"interaction":{"idSuffix":"inner"}},"clearTextFirst":true,"interactionType":"ENTER_TEXT"}]}
COMMAND: POST /session/bbd37991cd80103daa76f108f3796d35/element - {"using":"xpath","value":"//button[@data-kt=\"newYardSaveButton\"]"}
RESULT: {"using":"xpath","value":"//button[@data-kt=\"newYardSaveButton\"]"}
COMMAND: POST /session/bbd37991cd80103daa76f108f3796d35/element/f.BCC40A51FB0F962C15E825EB75C92327.d.35D6526D0D2F7B6CC994F3199986EC95.e.697/click - {}
RESULT: {}
COMMAND: GET /session/bbd37991cd80103daa76f108f3796d35/screenshot - {}
RESULT: {}
COMMAND: POST /session/bbd37991cd80103daa76f108f3796d35/element - {"using":"xpath","value":"//header[contains(@id, 'ObjectPageLayout-headerTitle')]/div[1]/div[2]/div[1]/span[1]"}
RESULT: {"using":"xpath","value":"//header[contains(@id, 'ObjectPageLayout-headerTitle')]/div[1]/div[2]/div[1]/span[1]"}
COMMAND: POST /session/bbd37991cd80103daa76f108f3796d35/elements - {"using":"xpath","value":"//header[contains(@id, 'ObjectPageLayout-headerTitle')]/div[1]/div[2]/div[1]/span[1]"}
RESULT: {"using":"xpath","value":"//header[contains(@id, 'ObjectPageLayout-headerTitle')]/div[1]/div[2]/div[1]/span[1]"}
COMMAND: POST /session/bbd37991cd80103daa76f108f3796d35/execute/sync - {"script":"<script> [56 bytes]","args":[{"element-6066-11e4-a52e-4f735466cecf":"f.BCC40A51FB0F962C15E825EB75C92327.d.35D6526D0D2F7B6CC994F3199986EC95.e.997","ELEMENT":"f.BCC40A51FB0F962C15E825EB75C92327.d.35D6526D0D2F7B6CC994F3199986EC95.e.997"}]}
RESULT: {"script":"<script> [56 bytes]","args":[{"element-6066-11e4-a52e-4f735466cecf":"f.BCC40A51FB0F962C15E825EB75C92327.d.35D6526D0D2F7B6CC994F3199986EC95.e.997","ELEMENT":"f.BCC40A51FB0F962C15E825EB75C92327.d.35D6526D0D2F7B6CC994F3199986EC95.e.997"}]}
COMMAND: GET /session/bbd37991cd80103daa76f108f3796d35/screenshot - {}
COMMAND: POST /session/bbd37991cd80103daa76f108f3796d35/execute/sync - {"script":"<script> [56 bytes]","args":[{"element-6066-11e4-a52e-4f735466cecf":"f.BCC40A51FB0F962C15E825EB75C92327.d.35D6526D0D2F7B6CC994F3199986EC95.e.997","ELEMENT":"f.BCC40A51FB0F962C15E825EB75C92327.d.35D6526D0D2F7B6CC994F3199986EC95.e.997"}]}
RESULT: {}
RESULT: {"script":"<script> [56 bytes]","args":[{"element-6066-11e4-a52e-4f735466cecf":"f.BCC40A51FB0F962C15E825EB75C92327.d.35D6526D0D2F7B6CC994F3199986EC95.e.997","ELEMENT":"f.BCC40A51FB0F962C15E825EB75C92327.d.35D6526D0D2F7B6CC994F3199986EC95.e.997"}]}
COMMAND: GET /session/bbd37991cd80103daa76f108f3796d35/screenshot - {}
COMMAND: POST /session/bbd37991cd80103daa76f108f3796d35/execute/sync - {"script":"<script> [56 bytes]","args":[{"element-6066-11e4-a52e-4f735466cecf":"f.BCC40A51FB0F962C15E825EB75C92327.d.35D6526D0D2F7B6CC994F3199986EC95.e.997","ELEMENT":"f.BCC40A51FB0F962C15E825EB75C92327.d.35D6526D0D2F7B6CC994F3199986EC95.e.997"}]}
RESULT: {}
RESULT: {"script":"<script> [56 bytes]","args":[{"element-6066-11e4-a52e-4f735466cecf":"f.BCC40A51FB0F962C15E825EB75C92327.d.35D6526D0D2F7B6CC994F3199986EC95.e.997","ELEMENT":"f.BCC40A51FB0F962C15E825EB75C92327.d.35D6526D0D2F7B6CC994F3199986EC95.e.997"}]}
COMMAND: GET /session/bbd37991cd80103daa76f108f3796d35/screenshot - {}
COMMAND: POST /session/bbd37991cd80103daa76f108f3796d35/execute/sync - {"script":"<script> [56 bytes]","args":[{"element-6066-11e4-a52e-4f735466cecf":"f.BCC40A51FB0F962C15E825EB75C92327.d.35D6526D0D2F7B6CC994F3199986EC95.e.997","ELEMENT":"f.BCC40A51FB0F962C15E825EB75C92327.d.35D6526D0D2F7B6CC994F3199986EC95.e.997"}]}
RESULT: {}
RESULT: {"script":"<script> [56 bytes]","args":[{"element-6066-11e4-a52e-4f735466cecf":"f.BCC40A51FB0F962C15E825EB75C92327.d.35D6526D0D2F7B6CC994F3199986EC95.e.997","ELEMENT":"f.BCC40A51FB0F962C15E825EB75C92327.d.35D6526D0D2F7B6CC994F3199986EC95.e.997"}]}
COMMAND: GET /session/bbd37991cd80103daa76f108f3796d35/screenshot - {}
RESULT: {}
COMMAND: POST /session/bbd37991cd80103daa76f108f3796d35/element - {"using":"css selector","value":"#shell-header-logo"}
RESULT: {"using":"css selector","value":"#shell-header-logo"}
COMMAND: POST /session/bbd37991cd80103daa76f108f3796d35/element/f.BCC40A51FB0F962C15E825EB75C92327.d.35D6526D0D2F7B6CC994F3199986EC95.e.249/click - {}
RESULT: {}
COMMAND: GET /session/bbd37991cd80103daa76f108f3796d35/screenshot - {}
RESULT: {}
COMMAND: POST /session/bbd37991cd80103daa76f108f3796d35/execute/sync - {"script":"<script> [299 bytes]","args":[["getModel","getResource"]]}
RESULT: {"script":"<script> [299 bytes]","args":[["getModel","getResource"]]}
COMMAND: GET /session/bbd37991cd80103daa76f108f3796d35/screenshot - {}
]]></system-out>
    </testcase>
    <testcase classname="chrome.135_0_7049_96.windows.Billing_Transfer_-_Master_data_&amp;_Intercompany_US127250" name="Should create a new partner" time="119.907">
      <system-out><![CDATA[
COMMAND: POST /session/bbd37991cd80103daa76f108f3796d35/window/fullscreen - {}
RESULT: {}
RESULT: {}
COMMAND: POST /session/bbd37991cd80103daa76f108f3796d35/execute/async - {"script":"<script> [1562 bytes]","args":[{"selector":{"controlType":"sap.m.GenericTile","properties":{"header":"Manage Partners"}},"wdio_ui5_key":"sapm.GenericTile{\"header\":\"Manage Partners\"}"}]}
RESULT: {"script":"<script> [1562 bytes]","args":[{"selector":{"controlType":"sap.m.GenericTile","properties":{"header":"Manage Partners"}},"wdio_ui5_key":"sapm.GenericTile{\"header\":\"Manage Partners\"}"}]}
RESULT: undefined
COMMAND: POST /session/bbd37991cd80103daa76f108f3796d35/element - {"using":"xpath","value":"//*[@id=\"__tile38\"]"}
RESULT: {"using":"xpath","value":"//*[@id=\"__tile38\"]"}
COMMAND: POST /session/bbd37991cd80103daa76f108f3796d35/element/f.BCC40A51FB0F962C15E825EB75C92327.d.35D6526D0D2F7B6CC994F3199986EC95.e.147/click - {}
RESULT: {}
COMMAND: POST /session/bbd37991cd80103daa76f108f3796d35/element - {"using":"xpath","value":"//button[@data-kt=\"addButton\"]"}
COMMAND: GET /session/bbd37991cd80103daa76f108f3796d35/screenshot - {}
RESULT: {"using":"xpath","value":"//button[@data-kt=\"addButton\"]"}
COMMAND: POST /session/bbd37991cd80103daa76f108f3796d35/elements - {"using":"xpath","value":"//button[@data-kt=\"addButton\"]"}
RESULT: {}
RESULT: {"using":"xpath","value":"//button[@data-kt=\"addButton\"]"}
COMMAND: POST /session/bbd37991cd80103daa76f108f3796d35/elements - {"using":"xpath","value":"//button[@data-kt=\"addButton\"]"}
RESULT: {"using":"xpath","value":"//button[@data-kt=\"addButton\"]"}
COMMAND: POST /session/bbd37991cd80103daa76f108f3796d35/elements - {"using":"xpath","value":"//button[@data-kt=\"addButton\"]"}
RESULT: {"using":"xpath","value":"//button[@data-kt=\"addButton\"]"}
COMMAND: POST /session/bbd37991cd80103daa76f108f3796d35/elements - {"using":"xpath","value":"//button[@data-kt=\"addButton\"]"}
RESULT: {"using":"xpath","value":"//button[@data-kt=\"addButton\"]"}
COMMAND: POST /session/bbd37991cd80103daa76f108f3796d35/elements - {"using":"xpath","value":"//button[@data-kt=\"addButton\"]"}
RESULT: {"using":"xpath","value":"//button[@data-kt=\"addButton\"]"}
COMMAND: POST /session/bbd37991cd80103daa76f108f3796d35/elements - {"using":"xpath","value":"//button[@data-kt=\"addButton\"]"}
RESULT: {"using":"xpath","value":"//button[@data-kt=\"addButton\"]"}
COMMAND: POST /session/bbd37991cd80103daa76f108f3796d35/elements - {"using":"xpath","value":"//button[@data-kt=\"addButton\"]"}
RESULT: {"using":"xpath","value":"//button[@data-kt=\"addButton\"]"}
COMMAND: POST /session/bbd37991cd80103daa76f108f3796d35/elements - {"using":"xpath","value":"//button[@data-kt=\"addButton\"]"}
RESULT: {"using":"xpath","value":"//button[@data-kt=\"addButton\"]"}
COMMAND: POST /session/bbd37991cd80103daa76f108f3796d35/elements - {"using":"xpath","value":"//button[@data-kt=\"addButton\"]"}
RESULT: {"using":"xpath","value":"//button[@data-kt=\"addButton\"]"}
COMMAND: POST /session/bbd37991cd80103daa76f108f3796d35/elements - {"using":"xpath","value":"//button[@data-kt=\"addButton\"]"}
RESULT: {"using":"xpath","value":"//button[@data-kt=\"addButton\"]"}
COMMAND: POST /session/bbd37991cd80103daa76f108f3796d35/elements - {"using":"xpath","value":"//button[@data-kt=\"addButton\"]"}
RESULT: {"using":"xpath","value":"//button[@data-kt=\"addButton\"]"}
COMMAND: POST /session/bbd37991cd80103daa76f108f3796d35/elements - {"using":"xpath","value":"//button[@data-kt=\"addButton\"]"}
RESULT: {"using":"xpath","value":"//button[@data-kt=\"addButton\"]"}
COMMAND: POST /session/bbd37991cd80103daa76f108f3796d35/elements - {"using":"xpath","value":"//button[@data-kt=\"addButton\"]"}
RESULT: {"using":"xpath","value":"//button[@data-kt=\"addButton\"]"}
COMMAND: POST /session/bbd37991cd80103daa76f108f3796d35/elements - {"using":"xpath","value":"//button[@data-kt=\"addButton\"]"}
RESULT: {"using":"xpath","value":"//button[@data-kt=\"addButton\"]"}
COMMAND: POST /session/bbd37991cd80103daa76f108f3796d35/elements - {"using":"xpath","value":"//button[@data-kt=\"addButton\"]"}
RESULT: {"using":"xpath","value":"//button[@data-kt=\"addButton\"]"}
COMMAND: POST /session/bbd37991cd80103daa76f108f3796d35/elements - {"using":"xpath","value":"//button[@data-kt=\"addButton\"]"}
RESULT: {"using":"xpath","value":"//button[@data-kt=\"addButton\"]"}
COMMAND: POST /session/bbd37991cd80103daa76f108f3796d35/elements - {"using":"xpath","value":"//button[@data-kt=\"addButton\"]"}
RESULT: {"using":"xpath","value":"//button[@data-kt=\"addButton\"]"}
COMMAND: POST /session/bbd37991cd80103daa76f108f3796d35/elements - {"using":"xpath","value":"//button[@data-kt=\"addButton\"]"}
RESULT: {"using":"xpath","value":"//button[@data-kt=\"addButton\"]"}
COMMAND: POST /session/bbd37991cd80103daa76f108f3796d35/elements - {"using":"xpath","value":"//button[@data-kt=\"addButton\"]"}
RESULT: {"using":"xpath","value":"//button[@data-kt=\"addButton\"]"}
COMMAND: POST /session/bbd37991cd80103daa76f108f3796d35/elements - {"using":"xpath","value":"//button[@data-kt=\"addButton\"]"}
RESULT: {"using":"xpath","value":"//button[@data-kt=\"addButton\"]"}
COMMAND: POST /session/bbd37991cd80103daa76f108f3796d35/element - {"using":"xpath","value":"//button[@data-kt=\"addButton\"]"}
RESULT: {"using":"xpath","value":"//button[@data-kt=\"addButton\"]"}
COMMAND: POST /session/bbd37991cd80103daa76f108f3796d35/execute/sync - {"script":"<script> [8489 bytes]","args":[{"element-6066-11e4-a52e-4f735466cecf":"f.BCC40A51FB0F962C15E825EB75C92327.d.35D6526D0D2F7B6CC994F3199986EC95.e.1051","ELEMENT":"f.BCC40A51FB0F962C15E825EB75C92327.d.35D6526D0D2F7B6CC994F3199986EC95.e.1051"}]}
RESULT: {"script":"<script> [8489 bytes]","args":[{"element-6066-11e4-a52e-4f735466cecf":"f.BCC40A51FB0F962C15E825EB75C92327.d.35D6526D0D2F7B6CC994F3199986EC95.e.1051","ELEMENT":"f.BCC40A51FB0F962C15E825EB75C92327.d.35D6526D0D2F7B6CC994F3199986EC95.e.1051"}]}
COMMAND: GET /session/bbd37991cd80103daa76f108f3796d35/element/f.BCC40A51FB0F962C15E825EB75C92327.d.35D6526D0D2F7B6CC994F3199986EC95.e.1051/enabled - {}
COMMAND: GET /session/bbd37991cd80103daa76f108f3796d35/screenshot - {}
RESULT: {}
COMMAND: POST /session/bbd37991cd80103daa76f108f3796d35/execute/sync - {"script":"<script> [8489 bytes]","args":[{"element-6066-11e4-a52e-4f735466cecf":"f.BCC40A51FB0F962C15E825EB75C92327.d.35D6526D0D2F7B6CC994F3199986EC95.e.1051","ELEMENT":"f.BCC40A51FB0F962C15E825EB75C92327.d.35D6526D0D2F7B6CC994F3199986EC95.e.1051"}]}
COMMAND: GET /session/bbd37991cd80103daa76f108f3796d35/screenshot - {}
RESULT: {}
RESULT: {"script":"<script> [8489 bytes]","args":[{"element-6066-11e4-a52e-4f735466cecf":"f.BCC40A51FB0F962C15E825EB75C92327.d.35D6526D0D2F7B6CC994F3199986EC95.e.1051","ELEMENT":"f.BCC40A51FB0F962C15E825EB75C92327.d.35D6526D0D2F7B6CC994F3199986EC95.e.1051"}]}
COMMAND: POST /session/bbd37991cd80103daa76f108f3796d35/execute/sync - {"script":"<script> [5351 bytes]","args":[{"element-6066-11e4-a52e-4f735466cecf":"f.BCC40A51FB0F962C15E825EB75C92327.d.35D6526D0D2F7B6CC994F3199986EC95.e.1051","ELEMENT":"f.BCC40A51FB0F962C15E825EB75C92327.d.35D6526D0D2F7B6CC994F3199986EC95.e.1051"}]}
COMMAND: GET /session/bbd37991cd80103daa76f108f3796d35/screenshot - {}
RESULT: {}
RESULT: {"script":"<script> [5351 bytes]","args":[{"element-6066-11e4-a52e-4f735466cecf":"f.BCC40A51FB0F962C15E825EB75C92327.d.35D6526D0D2F7B6CC994F3199986EC95.e.1051","ELEMENT":"f.BCC40A51FB0F962C15E825EB75C92327.d.35D6526D0D2F7B6CC994F3199986EC95.e.1051"}]}
COMMAND: POST /session/bbd37991cd80103daa76f108f3796d35/element/f.BCC40A51FB0F962C15E825EB75C92327.d.35D6526D0D2F7B6CC994F3199986EC95.e.1051/click - {}
COMMAND: GET /session/bbd37991cd80103daa76f108f3796d35/screenshot - {}
RESULT: {}
RESULT: {}
COMMAND: GET /session/bbd37991cd80103daa76f108f3796d35/screenshot - {}
COMMAND: POST /session/bbd37991cd80103daa76f108f3796d35/execute/async - {"script":"<script> [1562 bytes]","args":[{"selector":{"id":"application-managepartners-display-component---NewPartner--addressDetailDetailsName1","interaction":{"idSuffix":"inner"}},"wdio_ui5_key":"applicationmanagepartners-display-component---NewPartner--addressDetailDetailsName1"}]}
RESULT: {}
RESULT: {}
RESULT: {"script":"<script> [1562 bytes]","args":[{"selector":{"id":"application-managepartners-display-component---NewPartner--addressDetailDetailsName1","interaction":{"idSuffix":"inner"}},"wdio_ui5_key":"applicationmanagepartners-display-component---NewPartner--addressDetailDetailsName1"}]}
RESULT: undefined
COMMAND: POST /session/bbd37991cd80103daa76f108f3796d35/execute/async - {"script":"<script> [776 bytes]","args":[{"enterText":"Intercompany Partner WDIO","selector":{"id":"application-managepartners-display-component---NewPartner--addressDetailDetailsName1","interaction":{"idSuffix":"inner"}},"clearTextFirst":true,"interactionType":"ENTER_TEXT"}]}
RESULT: {"script":"<script> [776 bytes]","args":[{"enterText":"Intercompany Partner WDIO","selector":{"id":"application-managepartners-display-component---NewPartner--addressDetailDetailsName1","interaction":{"idSuffix":"inner"}},"clearTextFirst":true,"interactionType":"ENTER_TEXT"}]}
COMMAND: POST /session/bbd37991cd80103daa76f108f3796d35/execute/async - {"script":"<script> [1562 bytes]","args":[{"selector":{"id":"application-managepartners-display-component---NewPartner--addressDetailDetailsLanguage-arrow"},"wdio_ui5_key":"applicationmanagepartners-display-component---NewPartner--addressDetailDetailsLanguage-arrow"}]}
RESULT: {"script":"<script> [1562 bytes]","args":[{"selector":{"id":"application-managepartners-display-component---NewPartner--addressDetailDetailsLanguage-arrow"},"wdio_ui5_key":"applicationmanagepartners-display-component---NewPartner--addressDetailDetailsLanguage-arrow"}]}
RESULT: undefined
COMMAND: POST /session/bbd37991cd80103daa76f108f3796d35/element - {"using":"xpath","value":"//*[@id=\"application-managepartners-display-component---NewPartner--addressDetailDetailsLanguage-arrow\"]"}
RESULT: {"using":"xpath","value":"//*[@id=\"application-managepartners-display-component---NewPartner--addressDetailDetailsLanguage-arrow\"]"}
COMMAND: POST /session/bbd37991cd80103daa76f108f3796d35/element/f.BCC40A51FB0F962C15E825EB75C92327.d.35D6526D0D2F7B6CC994F3199986EC95.e.1487/click - {}
RESULT: {}
COMMAND: POST /session/bbd37991cd80103daa76f108f3796d35/element - {"using":"xpath","value":"//span[contains(text(), \"English\")]"}
COMMAND: GET /session/bbd37991cd80103daa76f108f3796d35/screenshot - {}
RESULT: {"using":"xpath","value":"//span[contains(text(), \"English\")]"}
COMMAND: POST /session/bbd37991cd80103daa76f108f3796d35/element/f.BCC40A51FB0F962C15E825EB75C92327.d.35D6526D0D2F7B6CC994F3199986EC95.e.1488/click - {}
RESULT: {}
RESULT: {}
COMMAND: GET /session/bbd37991cd80103daa76f108f3796d35/screenshot - {}
RESULT: {}
COMMAND: POST /session/bbd37991cd80103daa76f108f3796d35/execute/async - {"script":"<script> [1562 bytes]","args":[{"selector":{"id":"application-managepartners-display-component---NewPartner--addressDetailDetailsCity1","interaction":{"idSuffix":"inner"}},"wdio_ui5_key":"applicationmanagepartners-display-component---NewPartner--addressDetailDetailsCity1"}]}
RESULT: {"script":"<script> [1562 bytes]","args":[{"selector":{"id":"application-managepartners-display-component---NewPartner--addressDetailDetailsCity1","interaction":{"idSuffix":"inner"}},"wdio_ui5_key":"applicationmanagepartners-display-component---NewPartner--addressDetailDetailsCity1"}]}
RESULT: undefined
COMMAND: POST /session/bbd37991cd80103daa76f108f3796d35/execute/async - {"script":"<script> [776 bytes]","args":[{"enterText":"Rosario","selector":{"id":"application-managepartners-display-component---NewPartner--addressDetailDetailsCity1","interaction":{"idSuffix":"inner"}},"clearTextFirst":true,"interactionType":"ENTER_TEXT"}]}
RESULT: {"script":"<script> [776 bytes]","args":[{"enterText":"Rosario","selector":{"id":"application-managepartners-display-component---NewPartner--addressDetailDetailsCity1","interaction":{"idSuffix":"inner"}},"clearTextFirst":true,"interactionType":"ENTER_TEXT"}]}
COMMAND: POST /session/bbd37991cd80103daa76f108f3796d35/execute/async - {"script":"<script> [1562 bytes]","args":[{"selector":{"id":"application-managepartners-display-component---NewPartner--addressDetailDetailsCountry-arrow"},"wdio_ui5_key":"applicationmanagepartners-display-component---NewPartner--addressDetailDetailsCountry-arrow"}]}
RESULT: {"script":"<script> [1562 bytes]","args":[{"selector":{"id":"application-managepartners-display-component---NewPartner--addressDetailDetailsCountry-arrow"},"wdio_ui5_key":"applicationmanagepartners-display-component---NewPartner--addressDetailDetailsCountry-arrow"}]}
RESULT: undefined
COMMAND: POST /session/bbd37991cd80103daa76f108f3796d35/element - {"using":"xpath","value":"//*[@id=\"application-managepartners-display-component---NewPartner--addressDetailDetailsCountry-arrow\"]"}
RESULT: {"using":"xpath","value":"//*[@id=\"application-managepartners-display-component---NewPartner--addressDetailDetailsCountry-arrow\"]"}
COMMAND: POST /session/bbd37991cd80103daa76f108f3796d35/element/f.BCC40A51FB0F962C15E825EB75C92327.d.35D6526D0D2F7B6CC994F3199986EC95.e.1473/click - {}
RESULT: {}
COMMAND: POST /session/bbd37991cd80103daa76f108f3796d35/element - {"using":"xpath","value":"//span[contains(text(), \"Argentina\")]"}
COMMAND: GET /session/bbd37991cd80103daa76f108f3796d35/screenshot - {}
RESULT: {"using":"xpath","value":"//span[contains(text(), \"Argentina\")]"}
COMMAND: POST /session/bbd37991cd80103daa76f108f3796d35/element/f.BCC40A51FB0F962C15E825EB75C92327.d.35D6526D0D2F7B6CC994F3199986EC95.e.1490/click - {}
RESULT: {}
RESULT: {}
COMMAND: GET /session/bbd37991cd80103daa76f108f3796d35/screenshot - {}
RESULT: {}
COMMAND: POST /session/bbd37991cd80103daa76f108f3796d35/element - {"using":"xpath","value":"//bdi[contains(text(), \"Commercial\")]"}
RESULT: {"using":"xpath","value":"//bdi[contains(text(), \"Commercial\")]"}
COMMAND: POST /session/bbd37991cd80103daa76f108f3796d35/element/f.BCC40A51FB0F962C15E825EB75C92327.d.35D6526D0D2F7B6CC994F3199986EC95.e.1491/click - {}
RESULT: {}
COMMAND: GET /session/bbd37991cd80103daa76f108f3796d35/screenshot - {}
RESULT: {}
COMMAND: POST /session/bbd37991cd80103daa76f108f3796d35/execute/async - {"script":"<script> [1562 bytes]","args":[{"selector":{"id":"application-managepartners-display-component---NewPartner--partnerDetailInternal-arrow"},"wdio_ui5_key":"applicationmanagepartners-display-component---NewPartner--partnerDetailInternal-arrow"}]}
RESULT: {"script":"<script> [1562 bytes]","args":[{"selector":{"id":"application-managepartners-display-component---NewPartner--partnerDetailInternal-arrow"},"wdio_ui5_key":"applicationmanagepartners-display-component---NewPartner--partnerDetailInternal-arrow"}]}
RESULT: undefined
COMMAND: POST /session/bbd37991cd80103daa76f108f3796d35/element - {"using":"xpath","value":"//*[@id=\"application-managepartners-display-component---NewPartner--partnerDetailInternal-arrow\"]"}
RESULT: {"using":"xpath","value":"//*[@id=\"application-managepartners-display-component---NewPartner--partnerDetailInternal-arrow\"]"}
COMMAND: POST /session/bbd37991cd80103daa76f108f3796d35/element/f.BCC40A51FB0F962C15E825EB75C92327.d.35D6526D0D2F7B6CC994F3199986EC95.e.1497/click - {}
RESULT: {}
COMMAND: POST /session/bbd37991cd80103daa76f108f3796d35/element - {"using":"xpath","value":"//span[contains(text(), \"Affiliated company\")]"}
COMMAND: GET /session/bbd37991cd80103daa76f108f3796d35/screenshot - {}
RESULT: {"using":"xpath","value":"//span[contains(text(), \"Affiliated company\")]"}
COMMAND: POST /session/bbd37991cd80103daa76f108f3796d35/element/f.BCC40A51FB0F962C15E825EB75C92327.d.35D6526D0D2F7B6CC994F3199986EC95.e.1498/click - {}
RESULT: {}
RESULT: {}
COMMAND: POST /session/bbd37991cd80103daa76f108f3796d35/execute/async - {"script":"<script> [1562 bytes]","args":[{"selector":{"id":"application-managepartners-display-component---NewPartner--partnerDetailsCurrency-arrow"},"wdio_ui5_key":"applicationmanagepartners-display-component---NewPartner--partnerDetailsCurrency-arrow"}]}
COMMAND: GET /session/bbd37991cd80103daa76f108f3796d35/screenshot - {}
RESULT: {"script":"<script> [1562 bytes]","args":[{"selector":{"id":"application-managepartners-display-component---NewPartner--partnerDetailsCurrency-arrow"},"wdio_ui5_key":"applicationmanagepartners-display-component---NewPartner--partnerDetailsCurrency-arrow"}]}
RESULT: undefined
COMMAND: POST /session/bbd37991cd80103daa76f108f3796d35/element - {"using":"xpath","value":"//*[@id=\"application-managepartners-display-component---NewPartner--partnerDetailsCurrency-arrow\"]"}
RESULT: {}
RESULT: {"using":"xpath","value":"//*[@id=\"application-managepartners-display-component---NewPartner--partnerDetailsCurrency-arrow\"]"}
COMMAND: POST /session/bbd37991cd80103daa76f108f3796d35/element/f.BCC40A51FB0F962C15E825EB75C92327.d.35D6526D0D2F7B6CC994F3199986EC95.e.1505/click - {}
RESULT: {}
COMMAND: POST /session/bbd37991cd80103daa76f108f3796d35/element - {"using":"xpath","value":"//span[contains(text(), \"Euro\")]"}
COMMAND: GET /session/bbd37991cd80103daa76f108f3796d35/screenshot - {}
RESULT: {"using":"xpath","value":"//span[contains(text(), \"Euro\")]"}
COMMAND: POST /session/bbd37991cd80103daa76f108f3796d35/element/f.BCC40A51FB0F962C15E825EB75C92327.d.35D6526D0D2F7B6CC994F3199986EC95.e.1506/click - {}
RESULT: {}
RESULT: {}
COMMAND: POST /session/bbd37991cd80103daa76f108f3796d35/execute/async - {"script":"<script> [1562 bytes]","args":[{"selector":{"id":"application-managepartners-display-component---NewPartner--addressEditDetailsCostObjectCstType-arrow"},"wdio_ui5_key":"applicationmanagepartners-display-component---NewPartner--addressEditDetailsCostObjectCstType-arrow"}]}
COMMAND: GET /session/bbd37991cd80103daa76f108f3796d35/screenshot - {}
RESULT: {"script":"<script> [1562 bytes]","args":[{"selector":{"id":"application-managepartners-display-component---NewPartner--addressEditDetailsCostObjectCstType-arrow"},"wdio_ui5_key":"applicationmanagepartners-display-component---NewPartner--addressEditDetailsCostObjectCstType-arrow"}]}
RESULT: undefined
COMMAND: POST /session/bbd37991cd80103daa76f108f3796d35/element - {"using":"xpath","value":"//*[@id=\"application-managepartners-display-component---NewPartner--addressEditDetailsCostObjectCstType-arrow\"]"}
RESULT: {}
RESULT: {"using":"xpath","value":"//*[@id=\"application-managepartners-display-component---NewPartner--addressEditDetailsCostObjectCstType-arrow\"]"}
COMMAND: POST /session/bbd37991cd80103daa76f108f3796d35/element/f.BCC40A51FB0F962C15E825EB75C92327.d.35D6526D0D2F7B6CC994F3199986EC95.e.1507/click - {}
RESULT: {}
COMMAND: POST /session/bbd37991cd80103daa76f108f3796d35/element - {"using":"xpath","value":"//span[contains(text(), \"Cost Center\")]"}
COMMAND: GET /session/bbd37991cd80103daa76f108f3796d35/screenshot - {}
RESULT: {"using":"xpath","value":"//span[contains(text(), \"Cost Center\")]"}
COMMAND: POST /session/bbd37991cd80103daa76f108f3796d35/element/f.BCC40A51FB0F962C15E825EB75C92327.d.35D6526D0D2F7B6CC994F3199986EC95.e.1508/click - {}
RESULT: {}
RESULT: {}
COMMAND: GET /session/bbd37991cd80103daa76f108f3796d35/screenshot - {}
RESULT: {}
COMMAND: POST /session/bbd37991cd80103daa76f108f3796d35/element - {"using":"xpath","value":"//span[@id=\"application-managepartners-display-component---NewPartner--addressNewCostObjectCstID-vhi\"]"}
RESULT: {"using":"xpath","value":"//span[@id=\"application-managepartners-display-component---NewPartner--addressNewCostObjectCstID-vhi\"]"}
COMMAND: POST /session/bbd37991cd80103daa76f108f3796d35/execute/sync - {"script":"<script> [8489 bytes]","args":[{"element-6066-11e4-a52e-4f735466cecf":"f.BCC40A51FB0F962C15E825EB75C92327.d.35D6526D0D2F7B6CC994F3199986EC95.e.1512","ELEMENT":"f.BCC40A51FB0F962C15E825EB75C92327.d.35D6526D0D2F7B6CC994F3199986EC95.e.1512"}]}
RESULT: {"script":"<script> [8489 bytes]","args":[{"element-6066-11e4-a52e-4f735466cecf":"f.BCC40A51FB0F962C15E825EB75C92327.d.35D6526D0D2F7B6CC994F3199986EC95.e.1512","ELEMENT":"f.BCC40A51FB0F962C15E825EB75C92327.d.35D6526D0D2F7B6CC994F3199986EC95.e.1512"}]}
COMMAND: POST /session/bbd37991cd80103daa76f108f3796d35/execute/async - {"script":"<script> [1562 bytes]","args":[{"selector":{"id":"application-managepartners-display-component---NewPartner--addressNewCostObjectCstID-vhi"},"wdio_ui5_key":"applicationmanagepartners-display-component---NewPartner--addressNewCostObjectCstID-vhi"}]}
COMMAND: GET /session/bbd37991cd80103daa76f108f3796d35/screenshot - {}
RESULT: {"script":"<script> [1562 bytes]","args":[{"selector":{"id":"application-managepartners-display-component---NewPartner--addressNewCostObjectCstID-vhi"},"wdio_ui5_key":"applicationmanagepartners-display-component---NewPartner--addressNewCostObjectCstID-vhi"}]}
RESULT: undefined
COMMAND: POST /session/bbd37991cd80103daa76f108f3796d35/element - {"using":"xpath","value":"//*[@id=\"application-managepartners-display-component---NewPartner--addressNewCostObjectCstID-vhi\"]"}
RESULT: {}
RESULT: {"using":"xpath","value":"//*[@id=\"application-managepartners-display-component---NewPartner--addressNewCostObjectCstID-vhi\"]"}
COMMAND: POST /session/bbd37991cd80103daa76f108f3796d35/element/f.BCC40A51FB0F962C15E825EB75C92327.d.35D6526D0D2F7B6CC994F3199986EC95.e.1512/click - {}
RESULT: {}
COMMAND: GET /session/bbd37991cd80103daa76f108f3796d35/screenshot - {}
RESULT: {}
RESULT: undefined
COMMAND: POST /session/bbd37991cd80103daa76f108f3796d35/execute/async - {"script":"<script> [776 bytes]","args":[{"enterText":"10001013","selector":{"controlType":"sap.m.SearchField","properties":{"placeholder":"Search"},"searchOpenDialogs":true,"interaction":{"idSuffix":"I"}},"clearTextFirst":true,"interactionType":"ENTER_TEXT"}]}
RESULT: {"script":"<script> [776 bytes]","args":[{"enterText":"10001013","selector":{"controlType":"sap.m.SearchField","properties":{"placeholder":"Search"},"searchOpenDialogs":true,"interaction":{"idSuffix":"I"}},"clearTextFirst":true,"interactionType":"ENTER_TEXT"}]}
COMMAND: POST /session/bbd37991cd80103daa76f108f3796d35/actions - {"actions":[{"id":"action2","type":"key","parameters":{},"actions":[{"type":"keyDown","value":"î€‡"},{"type":"pause","duration":10},{"type":"keyUp","value":"î€‡"}]}]}
RESULT: {"actions":[{"id":"action2","type":"key","parameters":{},"actions":[{"type":"keyDown","value":"î€‡"},{"type":"pause","duration":10},{"type":"keyUp","value":"î€‡"}]}]}
COMMAND: GET /session/bbd37991cd80103daa76f108f3796d35/screenshot - {}
RESULT: {}
COMMAND: POST /session/bbd37991cd80103daa76f108f3796d35/element - {"using":"xpath","value":"//span[contains(text(), \"General Management\")]"}
RESULT: {"using":"xpath","value":"//span[contains(text(), \"General Management\")]"}
COMMAND: POST /session/bbd37991cd80103daa76f108f3796d35/element/f.BCC40A51FB0F962C15E825EB75C92327.d.35D6526D0D2F7B6CC994F3199986EC95.e.1551/click - {}
RESULT: {}
COMMAND: GET /session/bbd37991cd80103daa76f108f3796d35/screenshot - {}
RESULT: {}
COMMAND: POST /session/bbd37991cd80103daa76f108f3796d35/element - {"using":"xpath","value":"//bdi[contains(text(), \"OK\")]"}
RESULT: {"using":"xpath","value":"//bdi[contains(text(), \"OK\")]"}
COMMAND: POST /session/bbd37991cd80103daa76f108f3796d35/element/f.BCC40A51FB0F962C15E825EB75C92327.d.35D6526D0D2F7B6CC994F3199986EC95.e.1552/click - {}
RESULT: {}
COMMAND: GET /session/bbd37991cd80103daa76f108f3796d35/screenshot - {}
RESULT: {}
COMMAND: POST /session/bbd37991cd80103daa76f108f3796d35/element - {"using":"xpath","value":"//input[@id=\"application-managepartners-display-component---NewPartner--companyCodeComboBox-inner\"]"}
RESULT: {"using":"xpath","value":"//input[@id=\"application-managepartners-display-component---NewPartner--companyCodeComboBox-inner\"]"}
COMMAND: POST /session/bbd37991cd80103daa76f108f3796d35/element/f.BCC40A51FB0F962C15E825EB75C92327.d.35D6526D0D2F7B6CC994F3199986EC95.e.1353/clear - {}
RESULT: {}
COMMAND: POST /session/bbd37991cd80103daa76f108f3796d35/element/f.BCC40A51FB0F962C15E825EB75C92327.d.35D6526D0D2F7B6CC994F3199986EC95.e.1353/value - {"text":"C002"}
COMMAND: GET /session/bbd37991cd80103daa76f108f3796d35/screenshot - {}
RESULT: {"text":"C002"}
COMMAND: GET /session/bbd37991cd80103daa76f108f3796d35/screenshot - {}
RESULT: {}
RESULT: {}
COMMAND: POST /session/bbd37991cd80103daa76f108f3796d35/element - {"using":"xpath","value":"//span[contains(text(), \"C002\")]"}
RESULT: {"using":"xpath","value":"//span[contains(text(), \"C002\")]"}
COMMAND: POST /session/bbd37991cd80103daa76f108f3796d35/element/f.BCC40A51FB0F962C15E825EB75C92327.d.35D6526D0D2F7B6CC994F3199986EC95.e.1558/click - {}
RESULT: {}
COMMAND: GET /session/bbd37991cd80103daa76f108f3796d35/screenshot - {}
RESULT: {}
COMMAND: POST /session/bbd37991cd80103daa76f108f3796d35/execute/async - {"script":"<script> [1562 bytes]","args":[{"selector":{"id":"application-managepartners-display-component---NewPartner--btnAddTableRow-img"},"wdio_ui5_key":"applicationmanagepartners-display-component---NewPartner--btnAddTableRow-img"}]}
RESULT: {"script":"<script> [1562 bytes]","args":[{"selector":{"id":"application-managepartners-display-component---NewPartner--btnAddTableRow-img"},"wdio_ui5_key":"applicationmanagepartners-display-component---NewPartner--btnAddTableRow-img"}]}
RESULT: undefined
COMMAND: POST /session/bbd37991cd80103daa76f108f3796d35/element - {"using":"xpath","value":"//*[@id=\"application-managepartners-display-component---NewPartner--btnAddTableRow-img\"]"}
RESULT: {"using":"xpath","value":"//*[@id=\"application-managepartners-display-component---NewPartner--btnAddTableRow-img\"]"}
COMMAND: POST /session/bbd37991cd80103daa76f108f3796d35/element/f.BCC40A51FB0F962C15E825EB75C92327.d.35D6526D0D2F7B6CC994F3199986EC95.e.1559/click - {}
RESULT: {}
COMMAND: GET /session/bbd37991cd80103daa76f108f3796d35/screenshot - {}
RESULT: {}
COMMAND: POST /session/bbd37991cd80103daa76f108f3796d35/element - {"using":"xpath","value":"//input[@id=\"application-managepartners-display-component---NewPartner--assignmentYard-application-managepartners-display-component---NewPartner--assignmentsTable-0-inner\"]"}
RESULT: {"using":"xpath","value":"//input[@id=\"application-managepartners-display-component---NewPartner--assignmentYard-application-managepartners-display-component---NewPartner--assignmentsTable-0-inner\"]"}
COMMAND: POST /session/bbd37991cd80103daa76f108f3796d35/element/f.BCC40A51FB0F962C15E825EB75C92327.d.35D6526D0D2F7B6CC994F3199986EC95.e.1562/clear - {}
RESULT: {}
COMMAND: POST /session/bbd37991cd80103daa76f108f3796d35/element/f.BCC40A51FB0F962C15E825EB75C92327.d.35D6526D0D2F7B6CC994F3199986EC95.e.1562/value - {"text":"547"}
COMMAND: GET /session/bbd37991cd80103daa76f108f3796d35/screenshot - {}
RESULT: {"text":"547"}
COMMAND: GET /session/bbd37991cd80103daa76f108f3796d35/screenshot - {}
RESULT: {}
RESULT: {}
COMMAND: POST /session/bbd37991cd80103daa76f108f3796d35/element - {"using":"xpath","value":"//li[.//span[text()='547']]"}
RESULT: {"using":"xpath","value":"//li[.//span[text()='547']]"}
COMMAND: POST /session/bbd37991cd80103daa76f108f3796d35/element/f.BCC40A51FB0F962C15E825EB75C92327.d.35D6526D0D2F7B6CC994F3199986EC95.e.1571/click - {}
RESULT: {}
COMMAND: GET /session/bbd37991cd80103daa76f108f3796d35/screenshot - {}
RESULT: {}
COMMAND: POST /session/bbd37991cd80103daa76f108f3796d35/actions - {"actions":[{"id":"action3","type":"key","parameters":{},"actions":[{"type":"keyDown","value":"î€‡"},{"type":"pause","duration":10},{"type":"keyUp","value":"î€‡"}]}]}
RESULT: {"actions":[{"id":"action3","type":"key","parameters":{},"actions":[{"type":"keyDown","value":"î€‡"},{"type":"pause","duration":10},{"type":"keyUp","value":"î€‡"}]}]}
COMMAND: POST /session/bbd37991cd80103daa76f108f3796d35/execute/async - {"script":"<script> [1562 bytes]","args":[{"selector":{"id":"application-managepartners-display-component---NewPartner--externalCustomerComboBox-application-managepartners-display-component---NewPartner--assignmentsTable-0-vhi"},"wdio_ui5_key":"applicationmanagepartners-display-component---NewPartner--externalCustomerComboBox-application-managepartners-display-component---NewPartner--assignmentsTable-0-vhi"}]}
COMMAND: GET /session/bbd37991cd80103daa76f108f3796d35/screenshot - {}
RESULT: {"script":"<script> [1562 bytes]","args":[{"selector":{"id":"application-managepartners-display-component---NewPartner--externalCustomerComboBox-application-managepartners-display-component---NewPartner--assignmentsTable-0-vhi"},"wdio_ui5_key":"applicationmanagepartners-display-component---NewPartner--externalCustomerComboBox-application-managepartners-display-component---NewPartner--assignmentsTable-0-vhi"}]}
RESULT: undefined
COMMAND: POST /session/bbd37991cd80103daa76f108f3796d35/element - {"using":"xpath","value":"//*[@id=\"application-managepartners-display-component---NewPartner--externalCustomerComboBox-application-managepartners-display-component---NewPartner--assignmentsTable-0-vhi\"]"}
RESULT: {}
RESULT: {"using":"xpath","value":"//*[@id=\"application-managepartners-display-component---NewPartner--externalCustomerComboBox-application-managepartners-display-component---NewPartner--assignmentsTable-0-vhi\"]"}
COMMAND: POST /session/bbd37991cd80103daa76f108f3796d35/element/f.BCC40A51FB0F962C15E825EB75C92327.d.35D6526D0D2F7B6CC994F3199986EC95.e.1575/click - {}
RESULT: {}
RESULT: undefined
COMMAND: POST /session/bbd37991cd80103daa76f108f3796d35/execute/async - {"script":"<script> [776 bytes]","args":[{"enterText":"300003","selector":{"controlType":"sap.m.SearchField","properties":{"placeholder":"Search"},"searchOpenDialogs":true,"interaction":{"idSuffix":"I"}},"clearTextFirst":true,"interactionType":"ENTER_TEXT"}]}
COMMAND: GET /session/bbd37991cd80103daa76f108f3796d35/screenshot - {}
RESULT: {"script":"<script> [776 bytes]","args":[{"enterText":"300003","selector":{"controlType":"sap.m.SearchField","properties":{"placeholder":"Search"},"searchOpenDialogs":true,"interaction":{"idSuffix":"I"}},"clearTextFirst":true,"interactionType":"ENTER_TEXT"}]}
COMMAND: POST /session/bbd37991cd80103daa76f108f3796d35/actions - {"actions":[{"id":"action4","type":"key","parameters":{},"actions":[{"type":"keyDown","value":"î€‡"},{"type":"pause","duration":10},{"type":"keyUp","value":"î€‡"}]}]}
RESULT: {}
RESULT: {"actions":[{"id":"action4","type":"key","parameters":{},"actions":[{"type":"keyDown","value":"î€‡"},{"type":"pause","duration":10},{"type":"keyUp","value":"î€‡"}]}]}
COMMAND: GET /session/bbd37991cd80103daa76f108f3796d35/screenshot - {}
RESULT: {}
COMMAND: POST /session/bbd37991cd80103daa76f108f3796d35/element - {"using":"xpath","value":"//span[contains(text(), \"300003\")]"}
RESULT: {"using":"xpath","value":"//span[contains(text(), \"300003\")]"}
COMMAND: POST /session/bbd37991cd80103daa76f108f3796d35/element/f.BCC40A51FB0F962C15E825EB75C92327.d.35D6526D0D2F7B6CC994F3199986EC95.e.1592/click - {}
RESULT: {}
COMMAND: GET /session/bbd37991cd80103daa76f108f3796d35/screenshot - {}
RESULT: {}
COMMAND: POST /session/bbd37991cd80103daa76f108f3796d35/element - {"using":"xpath","value":"//bdi[contains(text(), \"OK\")]"}
RESULT: {"using":"xpath","value":"//bdi[contains(text(), \"OK\")]"}
COMMAND: POST /session/bbd37991cd80103daa76f108f3796d35/element/f.BCC40A51FB0F962C15E825EB75C92327.d.35D6526D0D2F7B6CC994F3199986EC95.e.1594/click - {}
RESULT: {}
COMMAND: GET /session/bbd37991cd80103daa76f108f3796d35/screenshot - {}
RESULT: {}
COMMAND: POST /session/bbd37991cd80103daa76f108f3796d35/execute/async - {"script":"<script> [1562 bytes]","args":[{"selector":{"id":"application-managepartners-display-component---NewPartner--intercompVendorComboBox-application-managepartners-display-component---NewPartner--assignmentsTable-0-vhi"},"wdio_ui5_key":"applicationmanagepartners-display-component---NewPartner--intercompVendorComboBox-application-managepartners-display-component---NewPartner--assignmentsTable-0-vhi"}]}
RESULT: {"script":"<script> [1562 bytes]","args":[{"selector":{"id":"application-managepartners-display-component---NewPartner--intercompVendorComboBox-application-managepartners-display-component---NewPartner--assignmentsTable-0-vhi"},"wdio_ui5_key":"applicationmanagepartners-display-component---NewPartner--intercompVendorComboBox-application-managepartners-display-component---NewPartner--assignmentsTable-0-vhi"}]}
RESULT: undefined
COMMAND: POST /session/bbd37991cd80103daa76f108f3796d35/element - {"using":"xpath","value":"//*[@id=\"application-managepartners-display-component---NewPartner--intercompVendorComboBox-application-managepartners-display-component---NewPartner--assignmentsTable-0-vhi\"]"}
RESULT: {"using":"xpath","value":"//*[@id=\"application-managepartners-display-component---NewPartner--intercompVendorComboBox-application-managepartners-display-component---NewPartner--assignmentsTable-0-vhi\"]"}
COMMAND: POST /session/bbd37991cd80103daa76f108f3796d35/element/f.BCC40A51FB0F962C15E825EB75C92327.d.35D6526D0D2F7B6CC994F3199986EC95.e.1597/click - {}
RESULT: {}
RESULT: undefined
COMMAND: POST /session/bbd37991cd80103daa76f108f3796d35/execute/async - {"script":"<script> [776 bytes]","args":[{"enterText":"100005","selector":{"controlType":"sap.m.SearchField","properties":{"placeholder":"Search"},"searchOpenDialogs":true,"interaction":{"idSuffix":"I"}},"clearTextFirst":true,"interactionType":"ENTER_TEXT"}]}
COMMAND: GET /session/bbd37991cd80103daa76f108f3796d35/screenshot - {}
RESULT: {"script":"<script> [776 bytes]","args":[{"enterText":"100005","selector":{"controlType":"sap.m.SearchField","properties":{"placeholder":"Search"},"searchOpenDialogs":true,"interaction":{"idSuffix":"I"}},"clearTextFirst":true,"interactionType":"ENTER_TEXT"}]}
COMMAND: POST /session/bbd37991cd80103daa76f108f3796d35/actions - {"actions":[{"id":"action5","type":"key","parameters":{},"actions":[{"type":"keyDown","value":"î€‡"},{"type":"pause","duration":10},{"type":"keyUp","value":"î€‡"}]}]}
RESULT: {}
RESULT: {"actions":[{"id":"action5","type":"key","parameters":{},"actions":[{"type":"keyDown","value":"î€‡"},{"type":"pause","duration":10},{"type":"keyUp","value":"î€‡"}]}]}
COMMAND: GET /session/bbd37991cd80103daa76f108f3796d35/screenshot - {}
RESULT: {}
COMMAND: POST /session/bbd37991cd80103daa76f108f3796d35/element - {"using":"xpath","value":"//span[contains(text(), \"Penguins - Field/12345 Berlin\")]"}
RESULT: {"using":"xpath","value":"//span[contains(text(), \"Penguins - Field/12345 Berlin\")]"}
COMMAND: POST /session/bbd37991cd80103daa76f108f3796d35/element/f.BCC40A51FB0F962C15E825EB75C92327.d.35D6526D0D2F7B6CC994F3199986EC95.e.1614/click - {}
RESULT: {}
COMMAND: GET /session/bbd37991cd80103daa76f108f3796d35/screenshot - {}
RESULT: {}
COMMAND: POST /session/bbd37991cd80103daa76f108f3796d35/element - {"using":"xpath","value":"//bdi[contains(text(), \"OK\")]"}
RESULT: {"using":"xpath","value":"//bdi[contains(text(), \"OK\")]"}
COMMAND: POST /session/bbd37991cd80103daa76f108f3796d35/element/f.BCC40A51FB0F962C15E825EB75C92327.d.35D6526D0D2F7B6CC994F3199986EC95.e.1615/click - {}
RESULT: {}
COMMAND: GET /session/bbd37991cd80103daa76f108f3796d35/screenshot - {}
RESULT: {}
COMMAND: POST /session/bbd37991cd80103daa76f108f3796d35/element - {"using":"xpath","value":"//button[@data-kt=\"saveButton\"]"}
RESULT: {"using":"xpath","value":"//button[@data-kt=\"saveButton\"]"}
COMMAND: POST /session/bbd37991cd80103daa76f108f3796d35/element/f.BCC40A51FB0F962C15E825EB75C92327.d.35D6526D0D2F7B6CC994F3199986EC95.e.1469/click - {}
RESULT: {}
COMMAND: GET /session/bbd37991cd80103daa76f108f3796d35/screenshot - {}
RESULT: {}
COMMAND: POST /session/bbd37991cd80103daa76f108f3796d35/element - {"using":"xpath","value":"//header[contains(@id, 'ObjectPageLayout-headerTitle')]/div[1]/div[2]/div[2]/span[1]"}
RESULT: {"using":"xpath","value":"//header[contains(@id, 'ObjectPageLayout-headerTitle')]/div[1]/div[2]/div[2]/span[1]"}
COMMAND: POST /session/bbd37991cd80103daa76f108f3796d35/elements - {"using":"xpath","value":"//header[contains(@id, 'ObjectPageLayout-headerTitle')]/div[1]/div[2]/div[2]/span[1]"}
RESULT: {"using":"xpath","value":"//header[contains(@id, 'ObjectPageLayout-headerTitle')]/div[1]/div[2]/div[2]/span[1]"}
COMMAND: POST /session/bbd37991cd80103daa76f108f3796d35/execute/sync - {"script":"<script> [56 bytes]","args":[{"element-6066-11e4-a52e-4f735466cecf":"f.BCC40A51FB0F962C15E825EB75C92327.d.35D6526D0D2F7B6CC994F3199986EC95.e.1780","ELEMENT":"f.BCC40A51FB0F962C15E825EB75C92327.d.35D6526D0D2F7B6CC994F3199986EC95.e.1780"}]}
RESULT: {"script":"<script> [56 bytes]","args":[{"element-6066-11e4-a52e-4f735466cecf":"f.BCC40A51FB0F962C15E825EB75C92327.d.35D6526D0D2F7B6CC994F3199986EC95.e.1780","ELEMENT":"f.BCC40A51FB0F962C15E825EB75C92327.d.35D6526D0D2F7B6CC994F3199986EC95.e.1780"}]}
COMMAND: POST /session/bbd37991cd80103daa76f108f3796d35/element - {"using":"css selector","value":"#shell-header-logo"}
COMMAND: GET /session/bbd37991cd80103daa76f108f3796d35/screenshot - {}
RESULT: {"using":"css selector","value":"#shell-header-logo"}
COMMAND: POST /session/bbd37991cd80103daa76f108f3796d35/element/f.BCC40A51FB0F962C15E825EB75C92327.d.35D6526D0D2F7B6CC994F3199986EC95.e.1006/click - {}
RESULT: {}
RESULT: {}
COMMAND: GET /session/bbd37991cd80103daa76f108f3796d35/screenshot - {}
RESULT: {}
COMMAND: POST /session/bbd37991cd80103daa76f108f3796d35/execute/sync - {"script":"<script> [299 bytes]","args":[["getModel","getResource"]]}
RESULT: {"script":"<script> [299 bytes]","args":[["getModel","getResource"]]}
]]></system-out>
    </testcase>
    <testcase classname="chrome.135_0_7049_96.windows.Billing_Transfer_-_Master_data_&amp;_Intercompany_US127250" name="Should create a new site" time="85.981">
      <system-out><![CDATA[
COMMAND: GET /session/bbd37991cd80103daa76f108f3796d35/screenshot - {}
COMMAND: POST /session/bbd37991cd80103daa76f108f3796d35/execute/async - {"script":"<script> [1562 bytes]","args":[{"selector":{"controlType":"sap.m.TileContent","bindingPath":{"path":"","propertyPath":"/properties/info"},"ancestor":{"controlType":"sap.m.GenericTile","properties":{"header":"Manage Sites"}}},"wdio_ui5_key":"sapm.TileContent{\"path\":\"\",\"propertyPath\":\"/properties/info\"}{\"controlType\":\"sap.m.GenericTile\",\"properties\":{\"header\":\"Manage Sites\"}}"}]}
RESULT: {}
RESULT: {"script":"<script> [1562 bytes]","args":[{"selector":{"controlType":"sap.m.TileContent","bindingPath":{"path":"","propertyPath":"/properties/info"},"ancestor":{"controlType":"sap.m.GenericTile","properties":{"header":"Manage Sites"}}},"wdio_ui5_key":"sapm.TileContent{\"path\":\"\",\"propertyPath\":\"/properties/info\"}{\"controlType\":\"sap.m.GenericTile\",\"properties\":{\"header\":\"Manage Sites\"}}"}]}
RESULT: undefined
COMMAND: POST /session/bbd37991cd80103daa76f108f3796d35/element - {"using":"xpath","value":"//*[@id=\"__xmlview7--numericTileContent\"]"}
RESULT: {"using":"xpath","value":"//*[@id=\"__xmlview7--numericTileContent\"]"}
COMMAND: POST /session/bbd37991cd80103daa76f108f3796d35/element/f.BCC40A51FB0F962C15E825EB75C92327.d.35D6526D0D2F7B6CC994F3199986EC95.e.1782/click - {}
RESULT: {}
COMMAND: POST /session/bbd37991cd80103daa76f108f3796d35/element - {"using":"xpath","value":"//button[@data-kt=\"addOverflowToolbarButton\"]"}
COMMAND: GET /session/bbd37991cd80103daa76f108f3796d35/screenshot - {}
RESULT: {"using":"xpath","value":"//button[@data-kt=\"addOverflowToolbarButton\"]"}
COMMAND: POST /session/bbd37991cd80103daa76f108f3796d35/elements - {"using":"xpath","value":"//button[@data-kt=\"addOverflowToolbarButton\"]"}
RESULT: {}
RESULT: {"using":"xpath","value":"//button[@data-kt=\"addOverflowToolbarButton\"]"}
COMMAND: POST /session/bbd37991cd80103daa76f108f3796d35/elements - {"using":"xpath","value":"//button[@data-kt=\"addOverflowToolbarButton\"]"}
RESULT: {"using":"xpath","value":"//button[@data-kt=\"addOverflowToolbarButton\"]"}
COMMAND: POST /session/bbd37991cd80103daa76f108f3796d35/elements - {"using":"xpath","value":"//button[@data-kt=\"addOverflowToolbarButton\"]"}
RESULT: {"using":"xpath","value":"//button[@data-kt=\"addOverflowToolbarButton\"]"}
COMMAND: POST /session/bbd37991cd80103daa76f108f3796d35/element - {"using":"xpath","value":"//button[@data-kt=\"addOverflowToolbarButton\"]"}
RESULT: {"using":"xpath","value":"//button[@data-kt=\"addOverflowToolbarButton\"]"}
COMMAND: POST /session/bbd37991cd80103daa76f108f3796d35/execute/sync - {"script":"<script> [8489 bytes]","args":[{"element-6066-11e4-a52e-4f735466cecf":"f.BCC40A51FB0F962C15E825EB75C92327.d.35D6526D0D2F7B6CC994F3199986EC95.e.1829","ELEMENT":"f.BCC40A51FB0F962C15E825EB75C92327.d.35D6526D0D2F7B6CC994F3199986EC95.e.1829"}]}
RESULT: {"script":"<script> [8489 bytes]","args":[{"element-6066-11e4-a52e-4f735466cecf":"f.BCC40A51FB0F962C15E825EB75C92327.d.35D6526D0D2F7B6CC994F3199986EC95.e.1829","ELEMENT":"f.BCC40A51FB0F962C15E825EB75C92327.d.35D6526D0D2F7B6CC994F3199986EC95.e.1829"}]}
COMMAND: GET /session/bbd37991cd80103daa76f108f3796d35/element/f.BCC40A51FB0F962C15E825EB75C92327.d.35D6526D0D2F7B6CC994F3199986EC95.e.1829/enabled - {}
COMMAND: GET /session/bbd37991cd80103daa76f108f3796d35/screenshot - {}
RESULT: {}
COMMAND: POST /session/bbd37991cd80103daa76f108f3796d35/execute/sync - {"script":"<script> [8489 bytes]","args":[{"element-6066-11e4-a52e-4f735466cecf":"f.BCC40A51FB0F962C15E825EB75C92327.d.35D6526D0D2F7B6CC994F3199986EC95.e.1829","ELEMENT":"f.BCC40A51FB0F962C15E825EB75C92327.d.35D6526D0D2F7B6CC994F3199986EC95.e.1829"}]}
COMMAND: GET /session/bbd37991cd80103daa76f108f3796d35/screenshot - {}
RESULT: {}
RESULT: {"script":"<script> [8489 bytes]","args":[{"element-6066-11e4-a52e-4f735466cecf":"f.BCC40A51FB0F962C15E825EB75C92327.d.35D6526D0D2F7B6CC994F3199986EC95.e.1829","ELEMENT":"f.BCC40A51FB0F962C15E825EB75C92327.d.35D6526D0D2F7B6CC994F3199986EC95.e.1829"}]}
COMMAND: POST /session/bbd37991cd80103daa76f108f3796d35/execute/sync - {"script":"<script> [5351 bytes]","args":[{"element-6066-11e4-a52e-4f735466cecf":"f.BCC40A51FB0F962C15E825EB75C92327.d.35D6526D0D2F7B6CC994F3199986EC95.e.1829","ELEMENT":"f.BCC40A51FB0F962C15E825EB75C92327.d.35D6526D0D2F7B6CC994F3199986EC95.e.1829"}]}
COMMAND: GET /session/bbd37991cd80103daa76f108f3796d35/screenshot - {}
RESULT: {}
RESULT: {"script":"<script> [5351 bytes]","args":[{"element-6066-11e4-a52e-4f735466cecf":"f.BCC40A51FB0F962C15E825EB75C92327.d.35D6526D0D2F7B6CC994F3199986EC95.e.1829","ELEMENT":"f.BCC40A51FB0F962C15E825EB75C92327.d.35D6526D0D2F7B6CC994F3199986EC95.e.1829"}]}
COMMAND: POST /session/bbd37991cd80103daa76f108f3796d35/element/f.BCC40A51FB0F962C15E825EB75C92327.d.35D6526D0D2F7B6CC994F3199986EC95.e.1829/click - {}
COMMAND: GET /session/bbd37991cd80103daa76f108f3796d35/screenshot - {}
RESULT: {}
RESULT: {}
COMMAND: GET /session/bbd37991cd80103daa76f108f3796d35/screenshot - {}
RESULT: {}
COMMAND: POST /session/bbd37991cd80103daa76f108f3796d35/execute/async - {"script":"<script> [1562 bytes]","args":[{"selector":{"id":"application-managesites-display-component---NewSite--addressDetailDetailsName1","interaction":{"idSuffix":"inner"}},"wdio_ui5_key":"applicationmanagesites-display-component---NewSite--addressDetailDetailsName1"}]}
RESULT: {}
RESULT: {"script":"<script> [1562 bytes]","args":[{"selector":{"id":"application-managesites-display-component---NewSite--addressDetailDetailsName1","interaction":{"idSuffix":"inner"}},"wdio_ui5_key":"applicationmanagesites-display-component---NewSite--addressDetailDetailsName1"}]}
RESULT: undefined
COMMAND: POST /session/bbd37991cd80103daa76f108f3796d35/execute/async - {"script":"<script> [776 bytes]","args":[{"enterText":"Intercompany Site wdIO","selector":{"id":"application-managesites-display-component---NewSite--addressDetailDetailsName1","interaction":{"idSuffix":"inner"}},"clearTextFirst":true,"interactionType":"ENTER_TEXT"}]}
RESULT: {"script":"<script> [776 bytes]","args":[{"enterText":"Intercompany Site wdIO","selector":{"id":"application-managesites-display-component---NewSite--addressDetailDetailsName1","interaction":{"idSuffix":"inner"}},"clearTextFirst":true,"interactionType":"ENTER_TEXT"}]}
COMMAND: POST /session/bbd37991cd80103daa76f108f3796d35/execute/async - {"script":"<script> [1562 bytes]","args":[{"selector":{"id":"application-managesites-display-component---NewSite--addressDetailDetailsLanguage-arrow"},"wdio_ui5_key":"applicationmanagesites-display-component---NewSite--addressDetailDetailsLanguage-arrow"}]}
RESULT: {"script":"<script> [1562 bytes]","args":[{"selector":{"id":"application-managesites-display-component---NewSite--addressDetailDetailsLanguage-arrow"},"wdio_ui5_key":"applicationmanagesites-display-component---NewSite--addressDetailDetailsLanguage-arrow"}]}
RESULT: undefined
COMMAND: POST /session/bbd37991cd80103daa76f108f3796d35/element - {"using":"xpath","value":"//*[@id=\"application-managesites-display-component---NewSite--addressDetailDetailsLanguage-arrow\"]"}
RESULT: {"using":"xpath","value":"//*[@id=\"application-managesites-display-component---NewSite--addressDetailDetailsLanguage-arrow\"]"}
COMMAND: POST /session/bbd37991cd80103daa76f108f3796d35/element/f.BCC40A51FB0F962C15E825EB75C92327.d.35D6526D0D2F7B6CC994F3199986EC95.e.2227/click - {}
RESULT: {}
COMMAND: POST /session/bbd37991cd80103daa76f108f3796d35/element - {"using":"xpath","value":"//span[contains(text(), \"English\")]"}
COMMAND: GET /session/bbd37991cd80103daa76f108f3796d35/screenshot - {}
RESULT: {"using":"xpath","value":"//span[contains(text(), \"English\")]"}
COMMAND: POST /session/bbd37991cd80103daa76f108f3796d35/element/f.BCC40A51FB0F962C15E825EB75C92327.d.35D6526D0D2F7B6CC994F3199986EC95.e.2228/click - {}
RESULT: {}
RESULT: {}
COMMAND: POST /session/bbd37991cd80103daa76f108f3796d35/execute/async - {"script":"<script> [1562 bytes]","args":[{"selector":{"id":"application-managesites-display-component---NewSite--addressDetailDetailsCity1","interaction":{"idSuffix":"inner"}},"wdio_ui5_key":"applicationmanagesites-display-component---NewSite--addressDetailDetailsCity1"}]}
COMMAND: GET /session/bbd37991cd80103daa76f108f3796d35/screenshot - {}
RESULT: {"script":"<script> [1562 bytes]","args":[{"selector":{"id":"application-managesites-display-component---NewSite--addressDetailDetailsCity1","interaction":{"idSuffix":"inner"}},"wdio_ui5_key":"applicationmanagesites-display-component---NewSite--addressDetailDetailsCity1"}]}
RESULT: undefined
COMMAND: POST /session/bbd37991cd80103daa76f108f3796d35/execute/async - {"script":"<script> [776 bytes]","args":[{"enterText":"Rosario","selector":{"id":"application-managesites-display-component---NewSite--addressDetailDetailsCity1","interaction":{"idSuffix":"inner"}},"clearTextFirst":true,"interactionType":"ENTER_TEXT"}]}
RESULT: {}
RESULT: {"script":"<script> [776 bytes]","args":[{"enterText":"Rosario","selector":{"id":"application-managesites-display-component---NewSite--addressDetailDetailsCity1","interaction":{"idSuffix":"inner"}},"clearTextFirst":true,"interactionType":"ENTER_TEXT"}]}
COMMAND: POST /session/bbd37991cd80103daa76f108f3796d35/execute/async - {"script":"<script> [1562 bytes]","args":[{"selector":{"id":"application-managesites-display-component---NewSite--addressDetailDetailsCountry-arrow"},"wdio_ui5_key":"applicationmanagesites-display-component---NewSite--addressDetailDetailsCountry-arrow"}]}
RESULT: {"script":"<script> [1562 bytes]","args":[{"selector":{"id":"application-managesites-display-component---NewSite--addressDetailDetailsCountry-arrow"},"wdio_ui5_key":"applicationmanagesites-display-component---NewSite--addressDetailDetailsCountry-arrow"}]}
RESULT: undefined
COMMAND: POST /session/bbd37991cd80103daa76f108f3796d35/element - {"using":"xpath","value":"//*[@id=\"application-managesites-display-component---NewSite--addressDetailDetailsCountry-arrow\"]"}
RESULT: {"using":"xpath","value":"//*[@id=\"application-managesites-display-component---NewSite--addressDetailDetailsCountry-arrow\"]"}
COMMAND: POST /session/bbd37991cd80103daa76f108f3796d35/element/f.BCC40A51FB0F962C15E825EB75C92327.d.35D6526D0D2F7B6CC994F3199986EC95.e.2230/click - {}
RESULT: {}
COMMAND: POST /session/bbd37991cd80103daa76f108f3796d35/element - {"using":"xpath","value":"//span[contains(text(), \"Argentina\")]"}
COMMAND: GET /session/bbd37991cd80103daa76f108f3796d35/screenshot - {}
RESULT: {"using":"xpath","value":"//span[contains(text(), \"Argentina\")]"}
COMMAND: POST /session/bbd37991cd80103daa76f108f3796d35/element/f.BCC40A51FB0F962C15E825EB75C92327.d.35D6526D0D2F7B6CC994F3199986EC95.e.2231/click - {}
RESULT: {}
RESULT: {}
COMMAND: GET /session/bbd37991cd80103daa76f108f3796d35/screenshot - {}
RESULT: {}
COMMAND: POST /session/bbd37991cd80103daa76f108f3796d35/execute/async - {"script":"<script> [1562 bytes]","args":[{"selector":{"id":"application-managesites-display-component---NewSite--addressEditDetailsCostObjectCstType-arrow"},"wdio_ui5_key":"applicationmanagesites-display-component---NewSite--addressEditDetailsCostObjectCstType-arrow"}]}
RESULT: {"script":"<script> [1562 bytes]","args":[{"selector":{"id":"application-managesites-display-component---NewSite--addressEditDetailsCostObjectCstType-arrow"},"wdio_ui5_key":"applicationmanagesites-display-component---NewSite--addressEditDetailsCostObjectCstType-arrow"}]}
RESULT: undefined
COMMAND: POST /session/bbd37991cd80103daa76f108f3796d35/element - {"using":"xpath","value":"//*[@id=\"application-managesites-display-component---NewSite--addressEditDetailsCostObjectCstType-arrow\"]"}
RESULT: {"using":"xpath","value":"//*[@id=\"application-managesites-display-component---NewSite--addressEditDetailsCostObjectCstType-arrow\"]"}
COMMAND: POST /session/bbd37991cd80103daa76f108f3796d35/element/f.BCC40A51FB0F962C15E825EB75C92327.d.35D6526D0D2F7B6CC994F3199986EC95.e.2233/click - {}
RESULT: {}
COMMAND: POST /session/bbd37991cd80103daa76f108f3796d35/element - {"using":"xpath","value":"//span[contains(text(), \"Cost Center\")]"}
COMMAND: GET /session/bbd37991cd80103daa76f108f3796d35/screenshot - {}
RESULT: {"using":"xpath","value":"//span[contains(text(), \"Cost Center\")]"}
COMMAND: POST /session/bbd37991cd80103daa76f108f3796d35/element/f.BCC40A51FB0F962C15E825EB75C92327.d.35D6526D0D2F7B6CC994F3199986EC95.e.2234/click - {}
RESULT: {}
RESULT: {}
COMMAND: GET /session/bbd37991cd80103daa76f108f3796d35/screenshot - {}
RESULT: {}
COMMAND: POST /session/bbd37991cd80103daa76f108f3796d35/element - {"using":"xpath","value":"//span[@id=\"application-managesites-display-component---NewSite--addressNewCostObjectCstID-vhi\"]"}
RESULT: {"using":"xpath","value":"//span[@id=\"application-managesites-display-component---NewSite--addressNewCostObjectCstID-vhi\"]"}
COMMAND: POST /session/bbd37991cd80103daa76f108f3796d35/execute/sync - {"script":"<script> [8489 bytes]","args":[{"element-6066-11e4-a52e-4f735466cecf":"f.BCC40A51FB0F962C15E825EB75C92327.d.35D6526D0D2F7B6CC994F3199986EC95.e.2239","ELEMENT":"f.BCC40A51FB0F962C15E825EB75C92327.d.35D6526D0D2F7B6CC994F3199986EC95.e.2239"}]}
RESULT: {"script":"<script> [8489 bytes]","args":[{"element-6066-11e4-a52e-4f735466cecf":"f.BCC40A51FB0F962C15E825EB75C92327.d.35D6526D0D2F7B6CC994F3199986EC95.e.2239","ELEMENT":"f.BCC40A51FB0F962C15E825EB75C92327.d.35D6526D0D2F7B6CC994F3199986EC95.e.2239"}]}
COMMAND: POST /session/bbd37991cd80103daa76f108f3796d35/execute/async - {"script":"<script> [1562 bytes]","args":[{"selector":{"id":"application-managesites-display-component---NewSite--addressNewCostObjectCstID-vhi"},"wdio_ui5_key":"applicationmanagesites-display-component---NewSite--addressNewCostObjectCstID-vhi"}]}
COMMAND: GET /session/bbd37991cd80103daa76f108f3796d35/screenshot - {}
RESULT: {"script":"<script> [1562 bytes]","args":[{"selector":{"id":"application-managesites-display-component---NewSite--addressNewCostObjectCstID-vhi"},"wdio_ui5_key":"applicationmanagesites-display-component---NewSite--addressNewCostObjectCstID-vhi"}]}
RESULT: undefined
COMMAND: POST /session/bbd37991cd80103daa76f108f3796d35/element - {"using":"xpath","value":"//*[@id=\"application-managesites-display-component---NewSite--addressNewCostObjectCstID-vhi\"]"}
RESULT: {}
RESULT: {"using":"xpath","value":"//*[@id=\"application-managesites-display-component---NewSite--addressNewCostObjectCstID-vhi\"]"}
COMMAND: POST /session/bbd37991cd80103daa76f108f3796d35/element/f.BCC40A51FB0F962C15E825EB75C92327.d.35D6526D0D2F7B6CC994F3199986EC95.e.2239/click - {}
RESULT: {}
COMMAND: GET /session/bbd37991cd80103daa76f108f3796d35/screenshot - {}
RESULT: {}
RESULT: undefined
COMMAND: POST /session/bbd37991cd80103daa76f108f3796d35/execute/async - {"script":"<script> [776 bytes]","args":[{"enterText":"10001013","selector":{"controlType":"sap.m.SearchField","properties":{"placeholder":"Search"},"searchOpenDialogs":true,"interaction":{"idSuffix":"I"}},"clearTextFirst":true,"interactionType":"ENTER_TEXT"}]}
RESULT: {"script":"<script> [776 bytes]","args":[{"enterText":"10001013","selector":{"controlType":"sap.m.SearchField","properties":{"placeholder":"Search"},"searchOpenDialogs":true,"interaction":{"idSuffix":"I"}},"clearTextFirst":true,"interactionType":"ENTER_TEXT"}]}
COMMAND: POST /session/bbd37991cd80103daa76f108f3796d35/actions - {"actions":[{"id":"action6","type":"key","parameters":{},"actions":[{"type":"keyDown","value":"î€‡"},{"type":"pause","duration":10},{"type":"keyUp","value":"î€‡"}]}]}
RESULT: {"actions":[{"id":"action6","type":"key","parameters":{},"actions":[{"type":"keyDown","value":"î€‡"},{"type":"pause","duration":10},{"type":"keyUp","value":"î€‡"}]}]}
COMMAND: GET /session/bbd37991cd80103daa76f108f3796d35/screenshot - {}
RESULT: {}
COMMAND: POST /session/bbd37991cd80103daa76f108f3796d35/element - {"using":"xpath","value":"//span[contains(text(), \"General Management\")]"}
RESULT: {"using":"xpath","value":"//span[contains(text(), \"General Management\")]"}
COMMAND: POST /session/bbd37991cd80103daa76f108f3796d35/element/f.BCC40A51FB0F962C15E825EB75C92327.d.35D6526D0D2F7B6CC994F3199986EC95.e.2277/click - {}
RESULT: {}
COMMAND: GET /session/bbd37991cd80103daa76f108f3796d35/screenshot - {}
RESULT: {}
COMMAND: POST /session/bbd37991cd80103daa76f108f3796d35/element - {"using":"xpath","value":"//bdi[contains(text(), \"OK\")]"}
RESULT: {"using":"xpath","value":"//bdi[contains(text(), \"OK\")]"}
COMMAND: POST /session/bbd37991cd80103daa76f108f3796d35/element/f.BCC40A51FB0F962C15E825EB75C92327.d.35D6526D0D2F7B6CC994F3199986EC95.e.2278/click - {}
RESULT: {}
COMMAND: GET /session/bbd37991cd80103daa76f108f3796d35/screenshot - {}
RESULT: {}
COMMAND: POST /session/bbd37991cd80103daa76f108f3796d35/element - {"using":"xpath","value":"//input[@id=\"application-managesites-display-component---NewSite--addressDetailDetailsCalendar-inner\"]"}
RESULT: {"using":"xpath","value":"//input[@id=\"application-managesites-display-component---NewSite--addressDetailDetailsCalendar-inner\"]"}
COMMAND: POST /session/bbd37991cd80103daa76f108f3796d35/element/f.BCC40A51FB0F962C15E825EB75C92327.d.35D6526D0D2F7B6CC994F3199986EC95.e.2025/clear - {}
RESULT: {}
COMMAND: POST /session/bbd37991cd80103daa76f108f3796d35/element/f.BCC40A51FB0F962C15E825EB75C92327.d.35D6526D0D2F7B6CC994F3199986EC95.e.2025/value - {"text":"Unit"}
COMMAND: GET /session/bbd37991cd80103daa76f108f3796d35/screenshot - {}
RESULT: {"text":"Unit"}
COMMAND: GET /session/bbd37991cd80103daa76f108f3796d35/screenshot - {}
RESULT: {}
RESULT: {}
COMMAND: POST /session/bbd37991cd80103daa76f108f3796d35/actions - {"actions":[{"id":"action7","type":"key","parameters":{},"actions":[{"type":"keyDown","value":"î€‡"},{"type":"pause","duration":10},{"type":"keyUp","value":"î€‡"}]}]}
RESULT: {"actions":[{"id":"action7","type":"key","parameters":{},"actions":[{"type":"keyDown","value":"î€‡"},{"type":"pause","duration":10},{"type":"keyUp","value":"î€‡"}]}]}
COMMAND: POST /session/bbd37991cd80103daa76f108f3796d35/element - {"using":"xpath","value":"//input[@id=\"application-managesites-display-component---NewSite--addressDetailDetailsYard-inner\"]"}
COMMAND: GET /session/bbd37991cd80103daa76f108f3796d35/screenshot - {}
RESULT: {"using":"xpath","value":"//input[@id=\"application-managesites-display-component---NewSite--addressDetailDetailsYard-inner\"]"}
COMMAND: POST /session/bbd37991cd80103daa76f108f3796d35/element/f.BCC40A51FB0F962C15E825EB75C92327.d.35D6526D0D2F7B6CC994F3199986EC95.e.2026/clear - {}
RESULT: {}
RESULT: {}
COMMAND: POST /session/bbd37991cd80103daa76f108f3796d35/element/f.BCC40A51FB0F962C15E825EB75C92327.d.35D6526D0D2F7B6CC994F3199986EC95.e.2026/value - {"text":"547"}
COMMAND: GET /session/bbd37991cd80103daa76f108f3796d35/screenshot - {}
RESULT: {"text":"547"}
COMMAND: GET /session/bbd37991cd80103daa76f108f3796d35/screenshot - {}
RESULT: {}
RESULT: {}
COMMAND: POST /session/bbd37991cd80103daa76f108f3796d35/element - {"using":"xpath","value":"//li[.//span[text()='547']]"}
RESULT: {"using":"xpath","value":"//li[.//span[text()='547']]"}
COMMAND: POST /session/bbd37991cd80103daa76f108f3796d35/element/f.BCC40A51FB0F962C15E825EB75C92327.d.35D6526D0D2F7B6CC994F3199986EC95.e.2286/click - {}
RESULT: {}
COMMAND: GET /session/bbd37991cd80103daa76f108f3796d35/screenshot - {}
RESULT: {}
COMMAND: POST /session/bbd37991cd80103daa76f108f3796d35/element - {"using":"xpath","value":"//input[@id=\"application-managesites-display-component---NewSite--addressDetailDetailsPartner-inner\"]"}
RESULT: {"using":"xpath","value":"//input[@id=\"application-managesites-display-component---NewSite--addressDetailDetailsPartner-inner\"]"}
COMMAND: POST /session/bbd37991cd80103daa76f108f3796d35/element - {"using":"xpath","value":"//input[@id=\"application-managesites-display-component---NewSite--addressDetailDetailsPartner-inner\"]"}
RESULT: {"using":"xpath","value":"//input[@id=\"application-managesites-display-component---NewSite--addressDetailDetailsPartner-inner\"]"}
COMMAND: POST /session/bbd37991cd80103daa76f108f3796d35/element - {"using":"xpath","value":"//button[@data-kt=\"saveButton\"]"}
RESULT: {"using":"xpath","value":"//button[@data-kt=\"saveButton\"]"}
COMMAND: POST /session/bbd37991cd80103daa76f108f3796d35/element/f.BCC40A51FB0F962C15E825EB75C92327.d.35D6526D0D2F7B6CC994F3199986EC95.e.2176/click - {}
RESULT: {}
COMMAND: GET /session/bbd37991cd80103daa76f108f3796d35/screenshot - {}
RESULT: {}
COMMAND: POST /session/bbd37991cd80103daa76f108f3796d35/element - {"using":"xpath","value":"//header[contains(@id, 'ObjectPageLayout-headerTitle')]/div[1]/div[2]/div[2]/span[1]"}
RESULT: {"using":"xpath","value":"//header[contains(@id, 'ObjectPageLayout-headerTitle')]/div[1]/div[2]/div[2]/span[1]"}
COMMAND: POST /session/bbd37991cd80103daa76f108f3796d35/elements - {"using":"xpath","value":"//header[contains(@id, 'ObjectPageLayout-headerTitle')]/div[1]/div[2]/div[2]/span[1]"}
RESULT: {"using":"xpath","value":"//header[contains(@id, 'ObjectPageLayout-headerTitle')]/div[1]/div[2]/div[2]/span[1]"}
COMMAND: POST /session/bbd37991cd80103daa76f108f3796d35/execute/sync - {"script":"<script> [56 bytes]","args":[{"element-6066-11e4-a52e-4f735466cecf":"f.BCC40A51FB0F962C15E825EB75C92327.d.35D6526D0D2F7B6CC994F3199986EC95.e.2487","ELEMENT":"f.BCC40A51FB0F962C15E825EB75C92327.d.35D6526D0D2F7B6CC994F3199986EC95.e.2487"}]}
RESULT: {"script":"<script> [56 bytes]","args":[{"element-6066-11e4-a52e-4f735466cecf":"f.BCC40A51FB0F962C15E825EB75C92327.d.35D6526D0D2F7B6CC994F3199986EC95.e.2487","ELEMENT":"f.BCC40A51FB0F962C15E825EB75C92327.d.35D6526D0D2F7B6CC994F3199986EC95.e.2487"}]}
COMMAND: POST /session/bbd37991cd80103daa76f108f3796d35/element - {"using":"css selector","value":"#shell-header-logo"}
COMMAND: GET /session/bbd37991cd80103daa76f108f3796d35/screenshot - {}
RESULT: {"using":"css selector","value":"#shell-header-logo"}
COMMAND: POST /session/bbd37991cd80103daa76f108f3796d35/element/f.BCC40A51FB0F962C15E825EB75C92327.d.35D6526D0D2F7B6CC994F3199986EC95.e.1786/click - {}
RESULT: {}
RESULT: {}
COMMAND: GET /session/bbd37991cd80103daa76f108f3796d35/screenshot - {}
RESULT: {}
COMMAND: POST /session/bbd37991cd80103daa76f108f3796d35/execute/sync - {"script":"<script> [299 bytes]","args":[["getModel","getResource"]]}
RESULT: {"script":"<script> [299 bytes]","args":[["getModel","getResource"]]}
]]></system-out>
    </testcase>
    <testcase classname="chrome.135_0_7049_96.windows.Billing_Transfer_-_Master_data_&amp;_Intercompany_US127250" name="Should create a new equipment" time="116.592">
      <system-out><![CDATA[
COMMAND: GET /session/bbd37991cd80103daa76f108f3796d35/screenshot - {}
COMMAND: POST /session/bbd37991cd80103daa76f108f3796d35/execute/async - {"script":"<script> [1562 bytes]","args":[{"selector":{"controlType":"sap.m.GenericTile","properties":{"header":"Manage Resources"}},"wdio_ui5_key":"sapm.GenericTile{\"header\":\"Manage Resources\"}"}]}
RESULT: {"script":"<script> [1562 bytes]","args":[{"selector":{"controlType":"sap.m.GenericTile","properties":{"header":"Manage Resources"}},"wdio_ui5_key":"sapm.GenericTile{\"header\":\"Manage Resources\"}"}]}
RESULT: undefined
COMMAND: POST /session/bbd37991cd80103daa76f108f3796d35/element - {"using":"xpath","value":"//*[@id=\"__tile39\"]"}
RESULT: {}
RESULT: {"using":"xpath","value":"//*[@id=\"__tile39\"]"}
COMMAND: POST /session/bbd37991cd80103daa76f108f3796d35/element/f.BCC40A51FB0F962C15E825EB75C92327.d.35D6526D0D2F7B6CC994F3199986EC95.e.150/click - {}
RESULT: {}
COMMAND: POST /session/bbd37991cd80103daa76f108f3796d35/element - {"using":"xpath","value":"//button[@data-kt=\"addNewRUOverflowToolbarButton\"]"}
COMMAND: GET /session/bbd37991cd80103daa76f108f3796d35/screenshot - {}
RESULT: {}
RESULT: {"using":"xpath","value":"//button[@data-kt=\"addNewRUOverflowToolbarButton\"]"}
COMMAND: POST /session/bbd37991cd80103daa76f108f3796d35/elements - {"using":"xpath","value":"//button[@data-kt=\"addNewRUOverflowToolbarButton\"]"}
RESULT: {"using":"xpath","value":"//button[@data-kt=\"addNewRUOverflowToolbarButton\"]"}
COMMAND: POST /session/bbd37991cd80103daa76f108f3796d35/elements - {"using":"xpath","value":"//button[@data-kt=\"addNewRUOverflowToolbarButton\"]"}
RESULT: {"using":"xpath","value":"//button[@data-kt=\"addNewRUOverflowToolbarButton\"]"}
COMMAND: POST /session/bbd37991cd80103daa76f108f3796d35/elements - {"using":"xpath","value":"//button[@data-kt=\"addNewRUOverflowToolbarButton\"]"}
RESULT: {"using":"xpath","value":"//button[@data-kt=\"addNewRUOverflowToolbarButton\"]"}
COMMAND: POST /session/bbd37991cd80103daa76f108f3796d35/element - {"using":"xpath","value":"//button[@data-kt=\"addNewRUOverflowToolbarButton\"]"}
RESULT: {"using":"xpath","value":"//button[@data-kt=\"addNewRUOverflowToolbarButton\"]"}
COMMAND: POST /session/bbd37991cd80103daa76f108f3796d35/execute/sync - {"script":"<script> [8489 bytes]","args":[{"element-6066-11e4-a52e-4f735466cecf":"f.BCC40A51FB0F962C15E825EB75C92327.d.35D6526D0D2F7B6CC994F3199986EC95.e.2528","ELEMENT":"f.BCC40A51FB0F962C15E825EB75C92327.d.35D6526D0D2F7B6CC994F3199986EC95.e.2528"}]}
RESULT: {"script":"<script> [8489 bytes]","args":[{"element-6066-11e4-a52e-4f735466cecf":"f.BCC40A51FB0F962C15E825EB75C92327.d.35D6526D0D2F7B6CC994F3199986EC95.e.2528","ELEMENT":"f.BCC40A51FB0F962C15E825EB75C92327.d.35D6526D0D2F7B6CC994F3199986EC95.e.2528"}]}
COMMAND: GET /session/bbd37991cd80103daa76f108f3796d35/element/f.BCC40A51FB0F962C15E825EB75C92327.d.35D6526D0D2F7B6CC994F3199986EC95.e.2528/enabled - {}
COMMAND: GET /session/bbd37991cd80103daa76f108f3796d35/screenshot - {}
RESULT: {}
COMMAND: POST /session/bbd37991cd80103daa76f108f3796d35/execute/sync - {"script":"<script> [8489 bytes]","args":[{"element-6066-11e4-a52e-4f735466cecf":"f.BCC40A51FB0F962C15E825EB75C92327.d.35D6526D0D2F7B6CC994F3199986EC95.e.2528","ELEMENT":"f.BCC40A51FB0F962C15E825EB75C92327.d.35D6526D0D2F7B6CC994F3199986EC95.e.2528"}]}
COMMAND: GET /session/bbd37991cd80103daa76f108f3796d35/screenshot - {}
RESULT: {}
RESULT: {"script":"<script> [8489 bytes]","args":[{"element-6066-11e4-a52e-4f735466cecf":"f.BCC40A51FB0F962C15E825EB75C92327.d.35D6526D0D2F7B6CC994F3199986EC95.e.2528","ELEMENT":"f.BCC40A51FB0F962C15E825EB75C92327.d.35D6526D0D2F7B6CC994F3199986EC95.e.2528"}]}
COMMAND: POST /session/bbd37991cd80103daa76f108f3796d35/execute/sync - {"script":"<script> [5351 bytes]","args":[{"element-6066-11e4-a52e-4f735466cecf":"f.BCC40A51FB0F962C15E825EB75C92327.d.35D6526D0D2F7B6CC994F3199986EC95.e.2528","ELEMENT":"f.BCC40A51FB0F962C15E825EB75C92327.d.35D6526D0D2F7B6CC994F3199986EC95.e.2528"}]}
COMMAND: GET /session/bbd37991cd80103daa76f108f3796d35/screenshot - {}
RESULT: {}
RESULT: {"script":"<script> [5351 bytes]","args":[{"element-6066-11e4-a52e-4f735466cecf":"f.BCC40A51FB0F962C15E825EB75C92327.d.35D6526D0D2F7B6CC994F3199986EC95.e.2528","ELEMENT":"f.BCC40A51FB0F962C15E825EB75C92327.d.35D6526D0D2F7B6CC994F3199986EC95.e.2528"}]}
COMMAND: POST /session/bbd37991cd80103daa76f108f3796d35/element/f.BCC40A51FB0F962C15E825EB75C92327.d.35D6526D0D2F7B6CC994F3199986EC95.e.2528/click - {}
COMMAND: GET /session/bbd37991cd80103daa76f108f3796d35/screenshot - {}
RESULT: {}
RESULT: {}
COMMAND: GET /session/bbd37991cd80103daa76f108f3796d35/screenshot - {}
COMMAND: POST /session/bbd37991cd80103daa76f108f3796d35/execute/async - {"script":"<script> [1562 bytes]","args":[{"selector":{"id":"application-manageresources-display-component---newResourceUnit--TYPE-arrow"},"wdio_ui5_key":"applicationmanageresources-display-component---newResourceUnit--TYPE-arrow"}]}
RESULT: {}
RESULT: {}
RESULT: {"script":"<script> [1562 bytes]","args":[{"selector":{"id":"application-manageresources-display-component---newResourceUnit--TYPE-arrow"},"wdio_ui5_key":"applicationmanageresources-display-component---newResourceUnit--TYPE-arrow"}]}
RESULT: undefined
COMMAND: POST /session/bbd37991cd80103daa76f108f3796d35/element - {"using":"xpath","value":"//*[@id=\"application-manageresources-display-component---newResourceUnit--TYPE-arrow\"]"}
RESULT: {"using":"xpath","value":"//*[@id=\"application-manageresources-display-component---newResourceUnit--TYPE-arrow\"]"}
COMMAND: POST /session/bbd37991cd80103daa76f108f3796d35/element/f.BCC40A51FB0F962C15E825EB75C92327.d.35D6526D0D2F7B6CC994F3199986EC95.e.2888/click - {}
RESULT: {}
COMMAND: POST /session/bbd37991cd80103daa76f108f3796d35/element - {"using":"xpath","value":"//input[@id=\"application-manageresources-display-component---newResourceUnit--TYPE-inner\"]"}
COMMAND: GET /session/bbd37991cd80103daa76f108f3796d35/screenshot - {}
RESULT: {"using":"xpath","value":"//input[@id=\"application-manageresources-display-component---newResourceUnit--TYPE-inner\"]"}
COMMAND: POST /session/bbd37991cd80103daa76f108f3796d35/element/f.BCC40A51FB0F962C15E825EB75C92327.d.35D6526D0D2F7B6CC994F3199986EC95.e.2869/clear - {}
RESULT: {}
RESULT: {}
COMMAND: POST /session/bbd37991cd80103daa76f108f3796d35/element/f.BCC40A51FB0F962C15E825EB75C92327.d.35D6526D0D2F7B6CC994F3199986EC95.e.2869/value - {"text":"Equipment"}
COMMAND: GET /session/bbd37991cd80103daa76f108f3796d35/screenshot - {}
RESULT: {"text":"Equipment"}
COMMAND: GET /session/bbd37991cd80103daa76f108f3796d35/screenshot - {}
RESULT: {}
RESULT: {}
COMMAND: POST /session/bbd37991cd80103daa76f108f3796d35/actions - {"actions":[{"id":"action8","type":"key","parameters":{},"actions":[{"type":"keyDown","value":"î€‡"},{"type":"pause","duration":10},{"type":"keyUp","value":"î€‡"}]}]}
RESULT: {"actions":[{"id":"action8","type":"key","parameters":{},"actions":[{"type":"keyDown","value":"î€‡"},{"type":"pause","duration":10},{"type":"keyUp","value":"î€‡"}]}]}
COMMAND: POST /session/bbd37991cd80103daa76f108f3796d35/execute/async - {"script":"<script> [1562 bytes]","args":[{"selector":{"id":"application-manageresources-display-component---newResourceUnit--resourceId","interaction":{"idSuffix":"inner"}},"wdio_ui5_key":"applicationmanageresources-display-component---newResourceUnit--resourceId"}]}
COMMAND: GET /session/bbd37991cd80103daa76f108f3796d35/screenshot - {}
RESULT: {"script":"<script> [1562 bytes]","args":[{"selector":{"id":"application-manageresources-display-component---newResourceUnit--resourceId","interaction":{"idSuffix":"inner"}},"wdio_ui5_key":"applicationmanageresources-display-component---newResourceUnit--resourceId"}]}
RESULT: undefined
COMMAND: POST /session/bbd37991cd80103daa76f108f3796d35/execute/async - {"script":"<script> [776 bytes]","args":[{"enterText":"jbwmkMbap0","selector":{"id":"application-manageresources-display-component---newResourceUnit--resourceId","interaction":{"idSuffix":"inner"}},"clearTextFirst":true,"interactionType":"ENTER_TEXT"}]}
RESULT: {}
RESULT: {"script":"<script> [776 bytes]","args":[{"enterText":"jbwmkMbap0","selector":{"id":"application-manageresources-display-component---newResourceUnit--resourceId","interaction":{"idSuffix":"inner"}},"clearTextFirst":true,"interactionType":"ENTER_TEXT"}]}
COMMAND: POST /session/bbd37991cd80103daa76f108f3796d35/execute/async - {"script":"<script> [1562 bytes]","args":[{"selector":{"id":"application-manageresources-display-component---newResourceUnit--SHORT_TEXT","interaction":{"idSuffix":"inner"}},"wdio_ui5_key":"applicationmanageresources-display-component---newResourceUnit--SHORT_TEXT"}]}
RESULT: {"script":"<script> [1562 bytes]","args":[{"selector":{"id":"application-manageresources-display-component---newResourceUnit--SHORT_TEXT","interaction":{"idSuffix":"inner"}},"wdio_ui5_key":"applicationmanageresources-display-component---newResourceUnit--SHORT_TEXT"}]}
RESULT: undefined
COMMAND: POST /session/bbd37991cd80103daa76f108f3796d35/execute/async - {"script":"<script> [776 bytes]","args":[{"enterText":"Intercompany Equipment WDIO","selector":{"id":"application-manageresources-display-component---newResourceUnit--SHORT_TEXT","interaction":{"idSuffix":"inner"}},"clearTextFirst":true,"interactionType":"ENTER_TEXT"}]}
RESULT: {"script":"<script> [776 bytes]","args":[{"enterText":"Intercompany Equipment WDIO","selector":{"id":"application-manageresources-display-component---newResourceUnit--SHORT_TEXT","interaction":{"idSuffix":"inner"}},"clearTextFirst":true,"interactionType":"ENTER_TEXT"}]}
COMMAND: POST /session/bbd37991cd80103daa76f108f3796d35/execute/async - {"script":"<script> [1562 bytes]","args":[{"selector":{"id":"application-manageresources-display-component---newResourceUnit--BASE_UNIT_OF_MEASURE","interaction":{"idSuffix":"inner"}},"wdio_ui5_key":"applicationmanageresources-display-component---newResourceUnit--BASE_UNIT_OF_MEASURE"}]}
RESULT: {"script":"<script> [1562 bytes]","args":[{"selector":{"id":"application-manageresources-display-component---newResourceUnit--BASE_UNIT_OF_MEASURE","interaction":{"idSuffix":"inner"}},"wdio_ui5_key":"applicationmanageresources-display-component---newResourceUnit--BASE_UNIT_OF_MEASURE"}]}
RESULT: undefined
COMMAND: POST /session/bbd37991cd80103daa76f108f3796d35/execute/async - {"script":"<script> [776 bytes]","args":[{"enterText":"Piece","selector":{"id":"application-manageresources-display-component---newResourceUnit--BASE_UNIT_OF_MEASURE","interaction":{"idSuffix":"inner"}},"clearTextFirst":true,"interactionType":"ENTER_TEXT"}]}
RESULT: {"script":"<script> [776 bytes]","args":[{"enterText":"Piece","selector":{"id":"application-manageresources-display-component---newResourceUnit--BASE_UNIT_OF_MEASURE","interaction":{"idSuffix":"inner"}},"clearTextFirst":true,"interactionType":"ENTER_TEXT"}]}
COMMAND: POST /session/bbd37991cd80103daa76f108f3796d35/execute/async - {"script":"<script> [1562 bytes]","args":[{"selector":{"id":"application-manageresources-display-component---newResourceUnit--WEIGHT_UNIT","interaction":{"idSuffix":"inner"}},"wdio_ui5_key":"applicationmanageresources-display-component---newResourceUnit--WEIGHT_UNIT"}]}
RESULT: {"script":"<script> [1562 bytes]","args":[{"selector":{"id":"application-manageresources-display-component---newResourceUnit--WEIGHT_UNIT","interaction":{"idSuffix":"inner"}},"wdio_ui5_key":"applicationmanageresources-display-component---newResourceUnit--WEIGHT_UNIT"}]}
RESULT: undefined
COMMAND: POST /session/bbd37991cd80103daa76f108f3796d35/execute/async - {"script":"<script> [776 bytes]","args":[{"enterText":"Gram","selector":{"id":"application-manageresources-display-component---newResourceUnit--WEIGHT_UNIT","interaction":{"idSuffix":"inner"}},"clearTextFirst":true,"interactionType":"ENTER_TEXT"}]}
RESULT: {"script":"<script> [776 bytes]","args":[{"enterText":"Gram","selector":{"id":"application-manageresources-display-component---newResourceUnit--WEIGHT_UNIT","interaction":{"idSuffix":"inner"}},"clearTextFirst":true,"interactionType":"ENTER_TEXT"}]}
COMMAND: POST /session/bbd37991cd80103daa76f108f3796d35/execute/async - {"script":"<script> [1562 bytes]","args":[{"selector":{"id":"application-manageresources-display-component---newResourceUnit--DIMENSION_UNIT","interaction":{"idSuffix":"inner"}},"wdio_ui5_key":"applicationmanageresources-display-component---newResourceUnit--DIMENSION_UNIT"}]}
RESULT: {"script":"<script> [1562 bytes]","args":[{"selector":{"id":"application-manageresources-display-component---newResourceUnit--DIMENSION_UNIT","interaction":{"idSuffix":"inner"}},"wdio_ui5_key":"applicationmanageresources-display-component---newResourceUnit--DIMENSION_UNIT"}]}
RESULT: undefined
COMMAND: POST /session/bbd37991cd80103daa76f108f3796d35/execute/async - {"script":"<script> [776 bytes]","args":[{"enterText":"Meter","selector":{"id":"application-manageresources-display-component---newResourceUnit--DIMENSION_UNIT","interaction":{"idSuffix":"inner"}},"clearTextFirst":true,"interactionType":"ENTER_TEXT"}]}
RESULT: {"script":"<script> [776 bytes]","args":[{"enterText":"Meter","selector":{"id":"application-manageresources-display-component---newResourceUnit--DIMENSION_UNIT","interaction":{"idSuffix":"inner"}},"clearTextFirst":true,"interactionType":"ENTER_TEXT"}]}
COMMAND: POST /session/bbd37991cd80103daa76f108f3796d35/execute/async - {"script":"<script> [1562 bytes]","args":[{"selector":{"id":"application-manageresources-display-component---newResourceUnit--newRRUPage-anchBar-application-manageresources-display-component---newResourceUnit--control-anchor","interaction":{"idSuffix":"BDI-content"}},"wdio_ui5_key":"applicationmanageresources-display-component---newResourceUnit--newRRUPage-anchBar-application-manageresources-display-component---newResourceUnit--control-anchor"}]}
RESULT: {"script":"<script> [1562 bytes]","args":[{"selector":{"id":"application-manageresources-display-component---newResourceUnit--newRRUPage-anchBar-application-manageresources-display-component---newResourceUnit--control-anchor","interaction":{"idSuffix":"BDI-content"}},"wdio_ui5_key":"applicationmanageresources-display-component---newResourceUnit--newRRUPage-anchBar-application-manageresources-display-component---newResourceUnit--control-anchor"}]}
RESULT: undefined
COMMAND: POST /session/bbd37991cd80103daa76f108f3796d35/element - {"using":"xpath","value":"//*[@id=\"application-manageresources-display-component---newResourceUnit--newRRUPage-anchBar-application-manageresources-display-component---newResourceUnit--control-anchor\"]"}
RESULT: {"using":"xpath","value":"//*[@id=\"application-manageresources-display-component---newResourceUnit--newRRUPage-anchBar-application-manageresources-display-component---newResourceUnit--control-anchor\"]"}
COMMAND: POST /session/bbd37991cd80103daa76f108f3796d35/element/f.BCC40A51FB0F962C15E825EB75C92327.d.35D6526D0D2F7B6CC994F3199986EC95.e.3020/click - {}
RESULT: {}
COMMAND: POST /session/bbd37991cd80103daa76f108f3796d35/execute/async - {"script":"<script> [1562 bytes]","args":[{"selector":{"id":"application-manageresources-display-component---newResourceUnit--PLANNING_GROUP","interaction":{"idSuffix":"inner"}},"wdio_ui5_key":"applicationmanageresources-display-component---newResourceUnit--PLANNING_GROUP"}]}
COMMAND: GET /session/bbd37991cd80103daa76f108f3796d35/screenshot - {}
RESULT: {"script":"<script> [1562 bytes]","args":[{"selector":{"id":"application-manageresources-display-component---newResourceUnit--PLANNING_GROUP","interaction":{"idSuffix":"inner"}},"wdio_ui5_key":"applicationmanageresources-display-component---newResourceUnit--PLANNING_GROUP"}]}
RESULT: undefined
COMMAND: POST /session/bbd37991cd80103daa76f108f3796d35/execute/async - {"script":"<script> [776 bytes]","args":[{"enterText":"Heavy Equi","selector":{"id":"application-manageresources-display-component---newResourceUnit--PLANNING_GROUP","interaction":{"idSuffix":"inner"}},"clearTextFirst":true,"interactionType":"ENTER_TEXT"}]}
RESULT: {}
RESULT: {"script":"<script> [776 bytes]","args":[{"enterText":"Heavy Equi","selector":{"id":"application-manageresources-display-component---newResourceUnit--PLANNING_GROUP","interaction":{"idSuffix":"inner"}},"clearTextFirst":true,"interactionType":"ENTER_TEXT"}]}
COMMAND: POST /session/bbd37991cd80103daa76f108f3796d35/execute/async - {"script":"<script> [1562 bytes]","args":[{"selector":{"id":"application-manageresources-display-component---newResourceUnit--ITEM_TYPE-arrow"},"wdio_ui5_key":"applicationmanageresources-display-component---newResourceUnit--ITEM_TYPE-arrow"}]}
RESULT: {"script":"<script> [1562 bytes]","args":[{"selector":{"id":"application-manageresources-display-component---newResourceUnit--ITEM_TYPE-arrow"},"wdio_ui5_key":"applicationmanageresources-display-component---newResourceUnit--ITEM_TYPE-arrow"}]}
RESULT: undefined
COMMAND: POST /session/bbd37991cd80103daa76f108f3796d35/element - {"using":"xpath","value":"//*[@id=\"application-manageresources-display-component---newResourceUnit--ITEM_TYPE-arrow\"]"}
RESULT: {"using":"xpath","value":"//*[@id=\"application-manageresources-display-component---newResourceUnit--ITEM_TYPE-arrow\"]"}
COMMAND: POST /session/bbd37991cd80103daa76f108f3796d35/element/f.BCC40A51FB0F962C15E825EB75C92327.d.35D6526D0D2F7B6CC994F3199986EC95.e.3029/click - {}
RESULT: {}
COMMAND: POST /session/bbd37991cd80103daa76f108f3796d35/element - {"using":"xpath","value":"(//span[contains(text(), \"Resource Unit\")])[2]"}
COMMAND: GET /session/bbd37991cd80103daa76f108f3796d35/screenshot - {}
RESULT: {"using":"xpath","value":"(//span[contains(text(), \"Resource Unit\")])[2]"}
COMMAND: POST /session/bbd37991cd80103daa76f108f3796d35/element/f.BCC40A51FB0F962C15E825EB75C92327.d.35D6526D0D2F7B6CC994F3199986EC95.e.3030/click - {}
RESULT: {}
RESULT: {}
COMMAND: GET /session/bbd37991cd80103daa76f108f3796d35/screenshot - {}
RESULT: {}
COMMAND: POST /session/bbd37991cd80103daa76f108f3796d35/element - {"using":"css selector","value":"#application-manageresources-display-component---newResourceUnit--btnAddTimeSegment"}
RESULT: {"using":"css selector","value":"#application-manageresources-display-component---newResourceUnit--btnAddTimeSegment"}
COMMAND: GET /session/bbd37991cd80103daa76f108f3796d35/element/f.BCC40A51FB0F962C15E825EB75C92327.d.35D6526D0D2F7B6CC994F3199986EC95.e.3031/rect - {}
RESULT: {}
COMMAND: GET /session/bbd37991cd80103daa76f108f3796d35/window/rect - {}
RESULT: {}
COMMAND: POST /session/bbd37991cd80103daa76f108f3796d35/execute/sync - {"script":"<script> [92 bytes]","args":[]}
RESULT: {"script":"<script> [92 bytes]","args":[]}
COMMAND: POST /session/bbd37991cd80103daa76f108f3796d35/actions - {"actions":[{"id":"action9","type":"wheel","parameters":{},"actions":[{"type":"scroll","x":-1888,"y":-32,"deltaX":0,"deltaY":0,"duration":0,"origin":{"element-6066-11e4-a52e-4f735466cecf":"f.BCC40A51FB0F962C15E825EB75C92327.d.35D6526D0D2F7B6CC994F3199986EC95.e.3031"}}]}]}
COMMAND: GET /session/bbd37991cd80103daa76f108f3796d35/screenshot - {}
RESULT: {}
COMMAND: POST /session/bbd37991cd80103daa76f108f3796d35/execute/sync - {"script":"<script> [79 bytes]","args":[{"element-6066-11e4-a52e-4f735466cecf":"f.BCC40A51FB0F962C15E825EB75C92327.d.35D6526D0D2F7B6CC994F3199986EC95.e.3031","ELEMENT":"f.BCC40A51FB0F962C15E825EB75C92327.d.35D6526D0D2F7B6CC994F3199986EC95.e.3031"},{"block":"start","inline":"nearest"}]}
RESULT: {"script":"<script> [79 bytes]","args":[{"element-6066-11e4-a52e-4f735466cecf":"f.BCC40A51FB0F962C15E825EB75C92327.d.35D6526D0D2F7B6CC994F3199986EC95.e.3031","ELEMENT":"f.BCC40A51FB0F962C15E825EB75C92327.d.35D6526D0D2F7B6CC994F3199986EC95.e.3031"},{"block":"start","inline":"nearest"}]}
COMMAND: POST /session/bbd37991cd80103daa76f108f3796d35/execute/async - {"script":"<script> [1562 bytes]","args":[{"selector":{"id":"application-manageresources-display-component---newResourceUnit--btnAddTimeSegment","interaction":{"idSuffix":"inner"}},"wdio_ui5_key":"applicationmanageresources-display-component---newResourceUnit--btnAddTimeSegment"}]}
COMMAND: GET /session/bbd37991cd80103daa76f108f3796d35/screenshot - {}
RESULT: {"script":"<script> [1562 bytes]","args":[{"selector":{"id":"application-manageresources-display-component---newResourceUnit--btnAddTimeSegment","interaction":{"idSuffix":"inner"}},"wdio_ui5_key":"applicationmanageresources-display-component---newResourceUnit--btnAddTimeSegment"}]}
RESULT: undefined
COMMAND: POST /session/bbd37991cd80103daa76f108f3796d35/element - {"using":"xpath","value":"//*[@id=\"application-manageresources-display-component---newResourceUnit--btnAddTimeSegment\"]"}
RESULT: {}
RESULT: {"using":"xpath","value":"//*[@id=\"application-manageresources-display-component---newResourceUnit--btnAddTimeSegment\"]"}
COMMAND: POST /session/bbd37991cd80103daa76f108f3796d35/element/f.BCC40A51FB0F962C15E825EB75C92327.d.35D6526D0D2F7B6CC994F3199986EC95.e.3031/click - {}
RESULT: {}
COMMAND: GET /session/bbd37991cd80103daa76f108f3796d35/screenshot - {}
RESULT: {}
COMMAND: POST /session/bbd37991cd80103daa76f108f3796d35/element - {"using":"xpath","value":"//input[@id=\"application-manageresources-display-component---newResourceUnit--idRuTSAdmin-application-manageresources-display-component---newResourceUnit--RUTimeSegment-0-inner\"]"}
RESULT: {"using":"xpath","value":"//input[@id=\"application-manageresources-display-component---newResourceUnit--idRuTSAdmin-application-manageresources-display-component---newResourceUnit--RUTimeSegment-0-inner\"]"}
COMMAND: POST /session/bbd37991cd80103daa76f108f3796d35/element/f.BCC40A51FB0F962C15E825EB75C92327.d.35D6526D0D2F7B6CC994F3199986EC95.e.3037/clear - {}
RESULT: {}
COMMAND: POST /session/bbd37991cd80103daa76f108f3796d35/element/f.BCC40A51FB0F962C15E825EB75C92327.d.35D6526D0D2F7B6CC994F3199986EC95.e.3037/value - {"text":"547"}
COMMAND: GET /session/bbd37991cd80103daa76f108f3796d35/screenshot - {}
RESULT: {"text":"547"}
COMMAND: GET /session/bbd37991cd80103daa76f108f3796d35/screenshot - {}
RESULT: {}
RESULT: {}
COMMAND: POST /session/bbd37991cd80103daa76f108f3796d35/element - {"using":"xpath","value":"//li[.//span[text()='547']]"}
RESULT: {"using":"xpath","value":"//li[.//span[text()='547']]"}
COMMAND: POST /session/bbd37991cd80103daa76f108f3796d35/element/f.BCC40A51FB0F962C15E825EB75C92327.d.35D6526D0D2F7B6CC994F3199986EC95.e.3049/click - {}
RESULT: {}
COMMAND: GET /session/bbd37991cd80103daa76f108f3796d35/screenshot - {}
RESULT: {}
COMMAND: POST /session/bbd37991cd80103daa76f108f3796d35/element - {"using":"xpath","value":"(//span[contains(@id, \"-application-manageresources-display-component---newResourceUnit--RUTimeSegment-0-arrow\")])[6]"}
RESULT: {"using":"xpath","value":"(//span[contains(@id, \"-application-manageresources-display-component---newResourceUnit--RUTimeSegment-0-arrow\")])[6]"}
COMMAND: POST /session/bbd37991cd80103daa76f108f3796d35/element/f.BCC40A51FB0F962C15E825EB75C92327.d.35D6526D0D2F7B6CC994F3199986EC95.e.3050/click - {}
RESULT: {}
COMMAND: GET /session/bbd37991cd80103daa76f108f3796d35/screenshot - {}
RESULT: {}
COMMAND: POST /session/bbd37991cd80103daa76f108f3796d35/element - {"using":"xpath","value":"//span[contains(text(), \"PM Order\")]"}
RESULT: {"using":"xpath","value":"//span[contains(text(), \"PM Order\")]"}
COMMAND: POST /session/bbd37991cd80103daa76f108f3796d35/element/f.BCC40A51FB0F962C15E825EB75C92327.d.35D6526D0D2F7B6CC994F3199986EC95.e.3053/click - {}
RESULT: {}
COMMAND: GET /session/bbd37991cd80103daa76f108f3796d35/screenshot - {}
RESULT: {}
COMMAND: POST /session/bbd37991cd80103daa76f108f3796d35/element - {"using":"xpath","value":"(//span[contains(@id ,\"manageresources-display-component---newResourceUnit--RUTimeSegment-0-vhi\")])[1]"}
RESULT: {"using":"xpath","value":"(//span[contains(@id ,\"manageresources-display-component---newResourceUnit--RUTimeSegment-0-vhi\")])[1]"}
COMMAND: GET /session/bbd37991cd80103daa76f108f3796d35/element/f.BCC40A51FB0F962C15E825EB75C92327.d.35D6526D0D2F7B6CC994F3199986EC95.e.3057/rect - {}
RESULT: {}
COMMAND: GET /session/bbd37991cd80103daa76f108f3796d35/window/rect - {}
RESULT: {}
COMMAND: POST /session/bbd37991cd80103daa76f108f3796d35/execute/sync - {"script":"<script> [92 bytes]","args":[]}
RESULT: {"script":"<script> [92 bytes]","args":[]}
COMMAND: POST /session/bbd37991cd80103daa76f108f3796d35/actions - {"actions":[{"id":"action10","type":"wheel","parameters":{},"actions":[{"type":"scroll","x":-869,"y":-24,"deltaX":0,"deltaY":0,"duration":0,"origin":{"element-6066-11e4-a52e-4f735466cecf":"f.BCC40A51FB0F962C15E825EB75C92327.d.35D6526D0D2F7B6CC994F3199986EC95.e.3057"}}]}]}
COMMAND: GET /session/bbd37991cd80103daa76f108f3796d35/screenshot - {}
RESULT: {"actions":[{"id":"action10","type":"wheel","parameters":{},"actions":[{"type":"scroll","x":-869,"y":-24,"deltaX":0,"deltaY":0,"duration":0,"origin":{"element-6066-11e4-a52e-4f735466cecf":"f.BCC40A51FB0F962C15E825EB75C92327.d.35D6526D0D2F7B6CC994F3199986EC95.e.3057"}}]}]}
COMMAND: DELETE /session/bbd37991cd80103daa76f108f3796d35/actions - {}
COMMAND: GET /session/bbd37991cd80103daa76f108f3796d35/screenshot - {}
RESULT: {}
RESULT: {}
COMMAND: GET /session/bbd37991cd80103daa76f108f3796d35/screenshot - {}
RESULT: {}
RESULT: {}
COMMAND: POST /session/bbd37991cd80103daa76f108f3796d35/element/f.BCC40A51FB0F962C15E825EB75C92327.d.35D6526D0D2F7B6CC994F3199986EC95.e.3057/click - {}
RESULT: {}
COMMAND: GET /session/bbd37991cd80103daa76f108f3796d35/screenshot - {}
RESULT: {}
RESULT: undefined
COMMAND: POST /session/bbd37991cd80103daa76f108f3796d35/execute/async - {"script":"<script> [776 bytes]","args":[{"enterText":"4000360","selector":{"controlType":"sap.m.SearchField","properties":{"placeholder":"Search"},"searchOpenDialogs":true,"interaction":{"idSuffix":"I"}},"clearTextFirst":true,"interactionType":"ENTER_TEXT"}]}
RESULT: {"script":"<script> [776 bytes]","args":[{"enterText":"4000360","selector":{"controlType":"sap.m.SearchField","properties":{"placeholder":"Search"},"searchOpenDialogs":true,"interaction":{"idSuffix":"I"}},"clearTextFirst":true,"interactionType":"ENTER_TEXT"}]}
COMMAND: POST /session/bbd37991cd80103daa76f108f3796d35/actions - {"actions":[{"id":"action11","type":"key","parameters":{},"actions":[{"type":"keyDown","value":"î€‡"},{"type":"pause","duration":10},{"type":"keyUp","value":"î€‡"}]}]}
RESULT: {"actions":[{"id":"action11","type":"key","parameters":{},"actions":[{"type":"keyDown","value":"î€‡"},{"type":"pause","duration":10},{"type":"keyUp","value":"î€‡"}]}]}
COMMAND: GET /session/bbd37991cd80103daa76f108f3796d35/screenshot - {}
RESULT: {}
COMMAND: POST /session/bbd37991cd80103daa76f108f3796d35/element - {"using":"xpath","value":"//td/div/span[contains(text(), \"BGL Vehicles\")]"}
RESULT: {"using":"xpath","value":"//td/div/span[contains(text(), \"BGL Vehicles\")]"}
COMMAND: POST /session/bbd37991cd80103daa76f108f3796d35/element/f.BCC40A51FB0F962C15E825EB75C92327.d.35D6526D0D2F7B6CC994F3199986EC95.e.3077/click - {}
RESULT: {}
COMMAND: GET /session/bbd37991cd80103daa76f108f3796d35/screenshot - {}
RESULT: {}
COMMAND: POST /session/bbd37991cd80103daa76f108f3796d35/element - {"using":"xpath","value":"//bdi[contains(text(), \"OK\")]"}
RESULT: {"using":"xpath","value":"//bdi[contains(text(), \"OK\")]"}
COMMAND: POST /session/bbd37991cd80103daa76f108f3796d35/element/f.BCC40A51FB0F962C15E825EB75C92327.d.35D6526D0D2F7B6CC994F3199986EC95.e.3078/click - {}
RESULT: {}
COMMAND: GET /session/bbd37991cd80103daa76f108f3796d35/screenshot - {}
RESULT: {}
COMMAND: POST /session/bbd37991cd80103daa76f108f3796d35/execute/async - {"script":"<script> [1562 bytes]","args":[{"selector":{"id":"application-manageresources-display-component---newResourceUnit--newRRUPage-anchBar-application-manageresources-display-component---newResourceUnit--resource-anchor","interaction":{"idSuffix":"BDI-content"}},"wdio_ui5_key":"applicationmanageresources-display-component---newResourceUnit--newRRUPage-anchBar-application-manageresources-display-component---newResourceUnit--resource-anchor"}]}
RESULT: {"script":"<script> [1562 bytes]","args":[{"selector":{"id":"application-manageresources-display-component---newResourceUnit--newRRUPage-anchBar-application-manageresources-display-component---newResourceUnit--resource-anchor","interaction":{"idSuffix":"BDI-content"}},"wdio_ui5_key":"applicationmanageresources-display-component---newResourceUnit--newRRUPage-anchBar-application-manageresources-display-component---newResourceUnit--resource-anchor"}]}
RESULT: undefined
COMMAND: POST /session/bbd37991cd80103daa76f108f3796d35/element - {"using":"xpath","value":"//*[@id=\"application-manageresources-display-component---newResourceUnit--newRRUPage-anchBar-application-manageresources-display-component---newResourceUnit--resource-anchor\"]"}
RESULT: {"using":"xpath","value":"//*[@id=\"application-manageresources-display-component---newResourceUnit--newRRUPage-anchBar-application-manageresources-display-component---newResourceUnit--resource-anchor\"]"}
COMMAND: POST /session/bbd37991cd80103daa76f108f3796d35/element/f.BCC40A51FB0F962C15E825EB75C92327.d.35D6526D0D2F7B6CC994F3199986EC95.e.3082/click - {}
RESULT: {}
COMMAND: POST /session/bbd37991cd80103daa76f108f3796d35/execute/async - {"script":"<script> [1562 bytes]","args":[{"selector":{"id":"application-manageresources-display-component---newResourceUnit--PLANNED_DELIVERY_DATE","interaction":{"idSuffix":"inner"}},"wdio_ui5_key":"applicationmanageresources-display-component---newResourceUnit--PLANNED_DELIVERY_DATE"}]}
COMMAND: GET /session/bbd37991cd80103daa76f108f3796d35/screenshot - {}
RESULT: {"script":"<script> [1562 bytes]","args":[{"selector":{"id":"application-manageresources-display-component---newResourceUnit--PLANNED_DELIVERY_DATE","interaction":{"idSuffix":"inner"}},"wdio_ui5_key":"applicationmanageresources-display-component---newResourceUnit--PLANNED_DELIVERY_DATE"}]}
RESULT: undefined
COMMAND: POST /session/bbd37991cd80103daa76f108f3796d35/execute/async - {"script":"<script> [6424 bytes]","args":[{"element-6066-11e4-a52e-4f735466cecf":"f.BCC40A51FB0F962C15E825EB75C92327.d.35D6526D0D2F7B6CC994F3199986EC95.e.2943"},"setValue",["5/4/25"]]}
RESULT: {}
RESULT: {"script":"<script> [6424 bytes]","args":[{"element-6066-11e4-a52e-4f735466cecf":"f.BCC40A51FB0F962C15E825EB75C92327.d.35D6526D0D2F7B6CC994F3199986EC95.e.2943"},"setValue",["5/4/25"]]}
COMMAND: POST /session/bbd37991cd80103daa76f108f3796d35/element - {"using":"xpath","value":"//button[@data-kt=\"resourceUnitSaveButton\"]"}
RESULT: {"using":"xpath","value":"//button[@data-kt=\"resourceUnitSaveButton\"]"}
COMMAND: POST /session/bbd37991cd80103daa76f108f3796d35/element/f.BCC40A51FB0F962C15E825EB75C92327.d.35D6526D0D2F7B6CC994F3199986EC95.e.2904/click - {}
RESULT: {}
COMMAND: GET /session/bbd37991cd80103daa76f108f3796d35/screenshot - {}
RESULT: {}
COMMAND: POST /session/bbd37991cd80103daa76f108f3796d35/element - {"using":"xpath","value":"//bdi[contains(text(), \"Close\")]"}
RESULT: {"using":"xpath","value":"//bdi[contains(text(), \"Close\")]"}
COMMAND: POST /session/bbd37991cd80103daa76f108f3796d35/element/f.BCC40A51FB0F962C15E825EB75C92327.d.35D6526D0D2F7B6CC994F3199986EC95.e.3090/click - {}
RESULT: {}
COMMAND: GET /session/bbd37991cd80103daa76f108f3796d35/screenshot - {}
RESULT: {}
COMMAND: POST /session/bbd37991cd80103daa76f108f3796d35/element - {"using":"xpath","value":"(//button[contains(@id ,\"actionsToolbar-overflowButton\")])[1]"}
RESULT: {"using":"xpath","value":"(//button[contains(@id ,\"actionsToolbar-overflowButton\")])[1]"}
COMMAND: POST /session/bbd37991cd80103daa76f108f3796d35/element/f.BCC40A51FB0F962C15E825EB75C92327.d.35D6526D0D2F7B6CC994F3199986EC95.e.3145/click - {}
RESULT: {}
COMMAND: GET /session/bbd37991cd80103daa76f108f3796d35/screenshot - {}
RESULT: {}
COMMAND: POST /session/bbd37991cd80103daa76f108f3796d35/element - {"using":"xpath","value":"//button[@data-kt=\"priceInfoButton\"]"}
RESULT: {"using":"xpath","value":"//button[@data-kt=\"priceInfoButton\"]"}
COMMAND: POST /session/bbd37991cd80103daa76f108f3796d35/element/f.BCC40A51FB0F962C15E825EB75C92327.d.35D6526D0D2F7B6CC994F3199986EC95.e.3147/click - {}
RESULT: {}
COMMAND: GET /session/bbd37991cd80103daa76f108f3796d35/screenshot - {}
RESULT: {}
]]></system-out>
    </testcase>
    <testcase classname="chrome.135_0_7049_96.windows.Billing_Transfer_-_Master_data_&amp;_Intercompany_US127250" name="Should create new pricing rule TB on the equipment TB" time="51.063">
      <system-out><![CDATA[
COMMAND: POST /session/bbd37991cd80103daa76f108f3796d35/element - {"using":"xpath","value":"//button[@data-kt=\"addButton\"]"}
RESULT: {"using":"xpath","value":"//button[@data-kt=\"addButton\"]"}
COMMAND: POST /session/bbd37991cd80103daa76f108f3796d35/elements - {"using":"xpath","value":"//button[@data-kt=\"addButton\"]"}
RESULT: {"using":"xpath","value":"//button[@data-kt=\"addButton\"]"}
COMMAND: POST /session/bbd37991cd80103daa76f108f3796d35/execute/sync - {"script":"<script> [8489 bytes]","args":[{"element-6066-11e4-a52e-4f735466cecf":"f.BCC40A51FB0F962C15E825EB75C92327.d.35D6526D0D2F7B6CC994F3199986EC95.e.3183","ELEMENT":"f.BCC40A51FB0F962C15E825EB75C92327.d.35D6526D0D2F7B6CC994F3199986EC95.e.3183"}]}
RESULT: {"script":"<script> [8489 bytes]","args":[{"element-6066-11e4-a52e-4f735466cecf":"f.BCC40A51FB0F962C15E825EB75C92327.d.35D6526D0D2F7B6CC994F3199986EC95.e.3183","ELEMENT":"f.BCC40A51FB0F962C15E825EB75C92327.d.35D6526D0D2F7B6CC994F3199986EC95.e.3183"}]}
COMMAND: GET /session/bbd37991cd80103daa76f108f3796d35/element/f.BCC40A51FB0F962C15E825EB75C92327.d.35D6526D0D2F7B6CC994F3199986EC95.e.3183/enabled - {}
COMMAND: GET /session/bbd37991cd80103daa76f108f3796d35/screenshot - {}
RESULT: {}
COMMAND: POST /session/bbd37991cd80103daa76f108f3796d35/execute/sync - {"script":"<script> [8489 bytes]","args":[{"element-6066-11e4-a52e-4f735466cecf":"f.BCC40A51FB0F962C15E825EB75C92327.d.35D6526D0D2F7B6CC994F3199986EC95.e.3183","ELEMENT":"f.BCC40A51FB0F962C15E825EB75C92327.d.35D6526D0D2F7B6CC994F3199986EC95.e.3183"}]}
COMMAND: GET /session/bbd37991cd80103daa76f108f3796d35/screenshot - {}
RESULT: {}
RESULT: {"script":"<script> [8489 bytes]","args":[{"element-6066-11e4-a52e-4f735466cecf":"f.BCC40A51FB0F962C15E825EB75C92327.d.35D6526D0D2F7B6CC994F3199986EC95.e.3183","ELEMENT":"f.BCC40A51FB0F962C15E825EB75C92327.d.35D6526D0D2F7B6CC994F3199986EC95.e.3183"}]}
COMMAND: POST /session/bbd37991cd80103daa76f108f3796d35/execute/sync - {"script":"<script> [5351 bytes]","args":[{"element-6066-11e4-a52e-4f735466cecf":"f.BCC40A51FB0F962C15E825EB75C92327.d.35D6526D0D2F7B6CC994F3199986EC95.e.3183","ELEMENT":"f.BCC40A51FB0F962C15E825EB75C92327.d.35D6526D0D2F7B6CC994F3199986EC95.e.3183"}]}
COMMAND: GET /session/bbd37991cd80103daa76f108f3796d35/screenshot - {}
RESULT: {}
RESULT: {"script":"<script> [5351 bytes]","args":[{"element-6066-11e4-a52e-4f735466cecf":"f.BCC40A51FB0F962C15E825EB75C92327.d.35D6526D0D2F7B6CC994F3199986EC95.e.3183","ELEMENT":"f.BCC40A51FB0F962C15E825EB75C92327.d.35D6526D0D2F7B6CC994F3199986EC95.e.3183"}]}
COMMAND: POST /session/bbd37991cd80103daa76f108f3796d35/element/f.BCC40A51FB0F962C15E825EB75C92327.d.35D6526D0D2F7B6CC994F3199986EC95.e.3183/click - {}
COMMAND: GET /session/bbd37991cd80103daa76f108f3796d35/screenshot - {}
RESULT: {}
RESULT: {}
RESULT: {}
COMMAND: GET /session/bbd37991cd80103daa76f108f3796d35/screenshot - {}
RESULT: {}
COMMAND: POST /session/bbd37991cd80103daa76f108f3796d35/execute/async - {"script":"<script> [1562 bytes]","args":[{"selector":{"controlType":"sap.m.Title","viewName":"etm.portal.ui.managepricingrules.view.NewItem","viewId":"application-managepricingrules-display-component---newInfoPriceItem","properties":{"text":"New Pricing Rules - Item Level"}},"wdio_ui5_key":"etmportal.ui.managepricingrules.view.NewItemsap.m.Title{\"text\":\"New Pricing Rules - Item Level\"}"}]}
RESULT: {"script":"<script> [1562 bytes]","args":[{"selector":{"controlType":"sap.m.Title","viewName":"etm.portal.ui.managepricingrules.view.NewItem","viewId":"application-managepricingrules-display-component---newInfoPriceItem","properties":{"text":"New Pricing Rules - Item Level"}},"wdio_ui5_key":"etmportal.ui.managepricingrules.view.NewItemsap.m.Title{\"text\":\"New Pricing Rules - Item Level\"}"}]}
RESULT: undefined
COMMAND: POST /session/bbd37991cd80103daa76f108f3796d35/execute/async - {"script":"<script> [6424 bytes]","args":[{"element-6066-11e4-a52e-4f735466cecf":"f.BCC40A51FB0F962C15E825EB75C92327.d.35D6526D0D2F7B6CC994F3199986EC95.e.3257"},"getText",[]]}
RESULT: {"script":"<script> [6424 bytes]","args":[{"element-6066-11e4-a52e-4f735466cecf":"f.BCC40A51FB0F962C15E825EB75C92327.d.35D6526D0D2F7B6CC994F3199986EC95.e.3257"},"getText",[]]}
COMMAND: POST /session/bbd37991cd80103daa76f108f3796d35/execute/async - {"script":"<script> [1562 bytes]","args":[{"selector":{"id":"application-managepricingrules-display-component---newInfoPriceItem--condValidTo","interaction":{"idSuffix":"inner"}},"wdio_ui5_key":"applicationmanagepricingrules-display-component---newInfoPriceItem--condValidTo"}]}
RESULT: {"script":"<script> [1562 bytes]","args":[{"selector":{"id":"application-managepricingrules-display-component---newInfoPriceItem--condValidTo","interaction":{"idSuffix":"inner"}},"wdio_ui5_key":"applicationmanagepricingrules-display-component---newInfoPriceItem--condValidTo"}]}
RESULT: undefined
COMMAND: POST /session/bbd37991cd80103daa76f108f3796d35/execute/async - {"script":"<script> [776 bytes]","args":[{"enterText":"01/04/26","selector":{"id":"application-managepricingrules-display-component---newInfoPriceItem--condValidTo","interaction":{"idSuffix":"inner"}},"clearTextFirst":true,"interactionType":"ENTER_TEXT"}]}
RESULT: {"script":"<script> [776 bytes]","args":[{"enterText":"01/04/26","selector":{"id":"application-managepricingrules-display-component---newInfoPriceItem--condValidTo","interaction":{"idSuffix":"inner"}},"clearTextFirst":true,"interactionType":"ENTER_TEXT"}]}
COMMAND: POST /session/bbd37991cd80103daa76f108f3796d35/execute/async - {"script":"<script> [1562 bytes]","args":[{"selector":{"id":"application-managepricingrules-display-component---newInfoPriceItem--billType-arrow"},"wdio_ui5_key":"applicationmanagepricingrules-display-component---newInfoPriceItem--billType-arrow"}]}
RESULT: {"script":"<script> [1562 bytes]","args":[{"selector":{"id":"application-managepricingrules-display-component---newInfoPriceItem--billType-arrow"},"wdio_ui5_key":"applicationmanagepricingrules-display-component---newInfoPriceItem--billType-arrow"}]}
RESULT: undefined
COMMAND: POST /session/bbd37991cd80103daa76f108f3796d35/element - {"using":"xpath","value":"//*[@id=\"application-managepricingrules-display-component---newInfoPriceItem--billType-arrow\"]"}
RESULT: {"using":"xpath","value":"//*[@id=\"application-managepricingrules-display-component---newInfoPriceItem--billType-arrow\"]"}
COMMAND: POST /session/bbd37991cd80103daa76f108f3796d35/element/f.BCC40A51FB0F962C15E825EB75C92327.d.35D6526D0D2F7B6CC994F3199986EC95.e.3315/click - {}
RESULT: {}
COMMAND: POST /session/bbd37991cd80103daa76f108f3796d35/element - {"using":"xpath","value":"//span[contains(text(), \"TB - Time based\")]"}
COMMAND: GET /session/bbd37991cd80103daa76f108f3796d35/screenshot - {}
RESULT: {"using":"xpath","value":"//span[contains(text(), \"TB - Time based\")]"}
COMMAND: POST /session/bbd37991cd80103daa76f108f3796d35/element/f.BCC40A51FB0F962C15E825EB75C92327.d.35D6526D0D2F7B6CC994F3199986EC95.e.3356/click - {}
RESULT: {}
RESULT: {}
COMMAND: POST /session/bbd37991cd80103daa76f108f3796d35/execute/async - {"script":"<script> [1562 bytes]","args":[{"selector":{"id":"application-managepricingrules-display-component---newInfoPriceItem--priceProc-arrow"},"wdio_ui5_key":"applicationmanagepricingrules-display-component---newInfoPriceItem--priceProc-arrow"}]}
COMMAND: GET /session/bbd37991cd80103daa76f108f3796d35/screenshot - {}
RESULT: {"script":"<script> [1562 bytes]","args":[{"selector":{"id":"application-managepricingrules-display-component---newInfoPriceItem--priceProc-arrow"},"wdio_ui5_key":"applicationmanagepricingrules-display-component---newInfoPriceItem--priceProc-arrow"}]}
RESULT: undefined
COMMAND: POST /session/bbd37991cd80103daa76f108f3796d35/element - {"using":"xpath","value":"//*[@id=\"application-managepricingrules-display-component---newInfoPriceItem--priceProc-arrow\"]"}
RESULT: {}
RESULT: {"using":"xpath","value":"//*[@id=\"application-managepricingrules-display-component---newInfoPriceItem--priceProc-arrow\"]"}
COMMAND: POST /session/bbd37991cd80103daa76f108f3796d35/element/f.BCC40A51FB0F962C15E825EB75C92327.d.35D6526D0D2F7B6CC994F3199986EC95.e.3322/click - {}
RESULT: {}
COMMAND: POST /session/bbd37991cd80103daa76f108f3796d35/element - {"using":"xpath","value":"//span[contains(text(), \"TBS - Time based standard\")]"}
COMMAND: GET /session/bbd37991cd80103daa76f108f3796d35/screenshot - {}
RESULT: {"using":"xpath","value":"//span[contains(text(), \"TBS - Time based standard\")]"}
COMMAND: POST /session/bbd37991cd80103daa76f108f3796d35/element/f.BCC40A51FB0F962C15E825EB75C92327.d.35D6526D0D2F7B6CC994F3199986EC95.e.3357/click - {}
RESULT: {}
RESULT: {}
COMMAND: POST /session/bbd37991cd80103daa76f108f3796d35/execute/async - {"script":"<script> [1562 bytes]","args":[{"selector":{"id":"application-managepricingrules-display-component---newInfoPriceItem--calcBase-arrow"},"wdio_ui5_key":"applicationmanagepricingrules-display-component---newInfoPriceItem--calcBase-arrow"}]}
COMMAND: GET /session/bbd37991cd80103daa76f108f3796d35/screenshot - {}
RESULT: {"script":"<script> [1562 bytes]","args":[{"selector":{"id":"application-managepricingrules-display-component---newInfoPriceItem--calcBase-arrow"},"wdio_ui5_key":"applicationmanagepricingrules-display-component---newInfoPriceItem--calcBase-arrow"}]}
RESULT: undefined
COMMAND: POST /session/bbd37991cd80103daa76f108f3796d35/element - {"using":"xpath","value":"//*[@id=\"application-managepricingrules-display-component---newInfoPriceItem--calcBase-arrow\"]"}
RESULT: {}
RESULT: {"using":"xpath","value":"//*[@id=\"application-managepricingrules-display-component---newInfoPriceItem--calcBase-arrow\"]"}
COMMAND: POST /session/bbd37991cd80103daa76f108f3796d35/element/f.BCC40A51FB0F962C15E825EB75C92327.d.35D6526D0D2F7B6CC994F3199986EC95.e.3329/click - {}
RESULT: {}
COMMAND: GET /session/bbd37991cd80103daa76f108f3796d35/screenshot - {}
RESULT: {}
COMMAND: POST /session/bbd37991cd80103daa76f108f3796d35/element - {"using":"xpath","value":"//span[contains(text(), \"0006 - TB(calendar days)\")]"}
RESULT: {"using":"xpath","value":"//span[contains(text(), \"0006 - TB(calendar days)\")]"}
COMMAND: POST /session/bbd37991cd80103daa76f108f3796d35/element/f.BCC40A51FB0F962C15E825EB75C92327.d.35D6526D0D2F7B6CC994F3199986EC95.e.3358/click - {}
RESULT: {}
COMMAND: GET /session/bbd37991cd80103daa76f108f3796d35/screenshot - {}
RESULT: {}
COMMAND: POST /session/bbd37991cd80103daa76f108f3796d35/execute/async - {"script":"<script> [1562 bytes]","args":[{"selector":{"id":"application-managepricingrules-display-component---newInfoPriceItem--daysMonth","interaction":{"idSuffix":"inner"}},"wdio_ui5_key":"applicationmanagepricingrules-display-component---newInfoPriceItem--daysMonth"}]}
RESULT: {"script":"<script> [1562 bytes]","args":[{"selector":{"id":"application-managepricingrules-display-component---newInfoPriceItem--daysMonth","interaction":{"idSuffix":"inner"}},"wdio_ui5_key":"applicationmanagepricingrules-display-component---newInfoPriceItem--daysMonth"}]}
RESULT: undefined
COMMAND: POST /session/bbd37991cd80103daa76f108f3796d35/execute/async - {"script":"<script> [776 bytes]","args":[{"enterText":"30","selector":{"id":"application-managepricingrules-display-component---newInfoPriceItem--daysMonth","interaction":{"idSuffix":"inner"}},"clearTextFirst":true,"interactionType":"ENTER_TEXT"}]}
RESULT: {"script":"<script> [776 bytes]","args":[{"enterText":"30","selector":{"id":"application-managepricingrules-display-component---newInfoPriceItem--daysMonth","interaction":{"idSuffix":"inner"}},"clearTextFirst":true,"interactionType":"ENTER_TEXT"}]}
COMMAND: POST /session/bbd37991cd80103daa76f108f3796d35/element - {"using":"xpath","value":"//button[@data-kt=\"saveNewRuleButton\"]"}
RESULT: {"using":"xpath","value":"//button[@data-kt=\"saveNewRuleButton\"]"}
COMMAND: POST /session/bbd37991cd80103daa76f108f3796d35/element/f.BCC40A51FB0F962C15E825EB75C92327.d.35D6526D0D2F7B6CC994F3199986EC95.e.3349/click - {}
RESULT: {}
COMMAND: GET /session/bbd37991cd80103daa76f108f3796d35/screenshot - {}
RESULT: {}
COMMAND: POST /session/bbd37991cd80103daa76f108f3796d35/execute/async - {"script":"<script> [1562 bytes]","args":[{"selector":{"id":"application-managepricingrules-display-component---priceInfoItem--smartFilterBar-btnBasicSearch","interaction":{"idSuffix":"I"}},"wdio_ui5_key":"applicationmanagepricingrules-display-component---priceInfoItem--smartFilterBar-btnBasicSearch"}]}
RESULT: {"script":"<script> [1562 bytes]","args":[{"selector":{"id":"application-managepricingrules-display-component---priceInfoItem--smartFilterBar-btnBasicSearch","interaction":{"idSuffix":"I"}},"wdio_ui5_key":"applicationmanagepricingrules-display-component---priceInfoItem--smartFilterBar-btnBasicSearch"}]}
RESULT: undefined
COMMAND: POST /session/bbd37991cd80103daa76f108f3796d35/execute/async - {"script":"<script> [776 bytes]","args":[{"enterText":"jbwmkMbap0","selector":{"id":"application-managepricingrules-display-component---priceInfoItem--smartFilterBar-btnBasicSearch","interaction":{"idSuffix":"I"}},"clearTextFirst":true,"interactionType":"ENTER_TEXT"}]}
RESULT: {"script":"<script> [776 bytes]","args":[{"enterText":"jbwmkMbap0","selector":{"id":"application-managepricingrules-display-component---priceInfoItem--smartFilterBar-btnBasicSearch","interaction":{"idSuffix":"I"}},"clearTextFirst":true,"interactionType":"ENTER_TEXT"}]}
COMMAND: POST /session/bbd37991cd80103daa76f108f3796d35/actions - {"actions":[{"id":"action12","type":"key","parameters":{},"actions":[{"type":"keyDown","value":"î€‡"},{"type":"pause","duration":10},{"type":"keyUp","value":"î€‡"}]}]}
RESULT: {"actions":[{"id":"action12","type":"key","parameters":{},"actions":[{"type":"keyDown","value":"î€‡"},{"type":"pause","duration":10},{"type":"keyUp","value":"î€‡"}]}]}
COMMAND: GET /session/bbd37991cd80103daa76f108f3796d35/screenshot - {}
RESULT: {}
COMMAND: POST /session/bbd37991cd80103daa76f108f3796d35/element - {"using":"xpath","value":"//span[@id=\"application-managepricingrules-display-component---priceInfoItem--smartTable-header-inner\"]"}
RESULT: {"using":"xpath","value":"//span[@id=\"application-managepricingrules-display-component---priceInfoItem--smartTable-header-inner\"]"}
COMMAND: POST /session/bbd37991cd80103daa76f108f3796d35/elements - {"using":"xpath","value":"//span[@id=\"application-managepricingrules-display-component---priceInfoItem--smartTable-header-inner\"]"}
RESULT: {"using":"xpath","value":"//span[@id=\"application-managepricingrules-display-component---priceInfoItem--smartTable-header-inner\"]"}
COMMAND: POST /session/bbd37991cd80103daa76f108f3796d35/execute/sync - {"script":"<script> [56 bytes]","args":[{"element-6066-11e4-a52e-4f735466cecf":"f.BCC40A51FB0F962C15E825EB75C92327.d.35D6526D0D2F7B6CC994F3199986EC95.e.3383","ELEMENT":"f.BCC40A51FB0F962C15E825EB75C92327.d.35D6526D0D2F7B6CC994F3199986EC95.e.3383"}]}
RESULT: {"script":"<script> [56 bytes]","args":[{"element-6066-11e4-a52e-4f735466cecf":"f.BCC40A51FB0F962C15E825EB75C92327.d.35D6526D0D2F7B6CC994F3199986EC95.e.3383","ELEMENT":"f.BCC40A51FB0F962C15E825EB75C92327.d.35D6526D0D2F7B6CC994F3199986EC95.e.3383"}]}
COMMAND: POST /session/bbd37991cd80103daa76f108f3796d35/element - {"using":"css selector","value":"#shell-header-logo"}
COMMAND: GET /session/bbd37991cd80103daa76f108f3796d35/screenshot - {}
RESULT: {"using":"css selector","value":"#shell-header-logo"}
COMMAND: POST /session/bbd37991cd80103daa76f108f3796d35/element/f.BCC40A51FB0F962C15E825EB75C92327.d.35D6526D0D2F7B6CC994F3199986EC95.e.2490/click - {}
RESULT: {}
RESULT: {}
COMMAND: GET /session/bbd37991cd80103daa76f108f3796d35/screenshot - {}
RESULT: {}
]]></system-out>
    </testcase>
    <testcase classname="chrome.135_0_7049_96.windows.Billing_Transfer_-_Master_data_&amp;_Intercompany_US127250" name="Should create new condition for equipment TB" time="62.559">
      <system-out><![CDATA[
COMMAND: POST /session/bbd37991cd80103daa76f108f3796d35/execute/async - {"script":"<script> [1562 bytes]","args":[{"selector":{"controlType":"sap.m.Text","properties":{"text":"Manage Conditions & Prices"},"interaction":{"idSuffix":"inner"}},"wdio_ui5_key":"sapm.Text{\"text\":\"Manage Conditions & Prices\"}"}]}
RESULT: {"script":"<script> [1562 bytes]","args":[{"selector":{"controlType":"sap.m.Text","properties":{"text":"Manage Conditions & Prices"},"interaction":{"idSuffix":"inner"}},"wdio_ui5_key":"sapm.Text{\"text\":\"Manage Conditions & Prices\"}"}]}
RESULT: undefined
COMMAND: POST /session/bbd37991cd80103daa76f108f3796d35/element - {"using":"xpath","value":"//*[@id=\"__tile53-title\"]"}
RESULT: {"using":"xpath","value":"//*[@id=\"__tile53-title\"]"}
COMMAND: POST /session/bbd37991cd80103daa76f108f3796d35/element/f.BCC40A51FB0F962C15E825EB75C92327.d.35D6526D0D2F7B6CC994F3199986EC95.e.3386/click - {}
RESULT: {}
COMMAND: POST /session/bbd37991cd80103daa76f108f3796d35/element - {"using":"xpath","value":"//button[@aria-label=\"Create\"]"}
COMMAND: GET /session/bbd37991cd80103daa76f108f3796d35/screenshot - {}
RESULT: {"using":"xpath","value":"//button[@aria-label=\"Create\"]"}
COMMAND: POST /session/bbd37991cd80103daa76f108f3796d35/elements - {"using":"xpath","value":"//button[@aria-label=\"Create\"]"}
RESULT: {}
RESULT: {"using":"xpath","value":"//button[@aria-label=\"Create\"]"}
COMMAND: POST /session/bbd37991cd80103daa76f108f3796d35/elements - {"using":"xpath","value":"//button[@aria-label=\"Create\"]"}
RESULT: {"using":"xpath","value":"//button[@aria-label=\"Create\"]"}
COMMAND: POST /session/bbd37991cd80103daa76f108f3796d35/elements - {"using":"xpath","value":"//button[@aria-label=\"Create\"]"}
RESULT: {"using":"xpath","value":"//button[@aria-label=\"Create\"]"}
COMMAND: POST /session/bbd37991cd80103daa76f108f3796d35/element - {"using":"xpath","value":"//button[@aria-label=\"Create\"]"}
RESULT: {"using":"xpath","value":"//button[@aria-label=\"Create\"]"}
COMMAND: POST /session/bbd37991cd80103daa76f108f3796d35/execute/sync - {"script":"<script> [8489 bytes]","args":[{"element-6066-11e4-a52e-4f735466cecf":"f.BCC40A51FB0F962C15E825EB75C92327.d.35D6526D0D2F7B6CC994F3199986EC95.e.3420","ELEMENT":"f.BCC40A51FB0F962C15E825EB75C92327.d.35D6526D0D2F7B6CC994F3199986EC95.e.3420"}]}
RESULT: {"script":"<script> [8489 bytes]","args":[{"element-6066-11e4-a52e-4f735466cecf":"f.BCC40A51FB0F962C15E825EB75C92327.d.35D6526D0D2F7B6CC994F3199986EC95.e.3420","ELEMENT":"f.BCC40A51FB0F962C15E825EB75C92327.d.35D6526D0D2F7B6CC994F3199986EC95.e.3420"}]}
COMMAND: GET /session/bbd37991cd80103daa76f108f3796d35/element/f.BCC40A51FB0F962C15E825EB75C92327.d.35D6526D0D2F7B6CC994F3199986EC95.e.3420/enabled - {}
COMMAND: GET /session/bbd37991cd80103daa76f108f3796d35/screenshot - {}
RESULT: {}
COMMAND: POST /session/bbd37991cd80103daa76f108f3796d35/execute/sync - {"script":"<script> [8489 bytes]","args":[{"element-6066-11e4-a52e-4f735466cecf":"f.BCC40A51FB0F962C15E825EB75C92327.d.35D6526D0D2F7B6CC994F3199986EC95.e.3420","ELEMENT":"f.BCC40A51FB0F962C15E825EB75C92327.d.35D6526D0D2F7B6CC994F3199986EC95.e.3420"}]}
COMMAND: GET /session/bbd37991cd80103daa76f108f3796d35/screenshot - {}
RESULT: {}
RESULT: {"script":"<script> [8489 bytes]","args":[{"element-6066-11e4-a52e-4f735466cecf":"f.BCC40A51FB0F962C15E825EB75C92327.d.35D6526D0D2F7B6CC994F3199986EC95.e.3420","ELEMENT":"f.BCC40A51FB0F962C15E825EB75C92327.d.35D6526D0D2F7B6CC994F3199986EC95.e.3420"}]}
COMMAND: POST /session/bbd37991cd80103daa76f108f3796d35/execute/sync - {"script":"<script> [5351 bytes]","args":[{"element-6066-11e4-a52e-4f735466cecf":"f.BCC40A51FB0F962C15E825EB75C92327.d.35D6526D0D2F7B6CC994F3199986EC95.e.3420","ELEMENT":"f.BCC40A51FB0F962C15E825EB75C92327.d.35D6526D0D2F7B6CC994F3199986EC95.e.3420"}]}
COMMAND: GET /session/bbd37991cd80103daa76f108f3796d35/screenshot - {}
RESULT: {}
RESULT: {"script":"<script> [5351 bytes]","args":[{"element-6066-11e4-a52e-4f735466cecf":"f.BCC40A51FB0F962C15E825EB75C92327.d.35D6526D0D2F7B6CC994F3199986EC95.e.3420","ELEMENT":"f.BCC40A51FB0F962C15E825EB75C92327.d.35D6526D0D2F7B6CC994F3199986EC95.e.3420"}]}
COMMAND: POST /session/bbd37991cd80103daa76f108f3796d35/element/f.BCC40A51FB0F962C15E825EB75C92327.d.35D6526D0D2F7B6CC994F3199986EC95.e.3420/click - {}
COMMAND: GET /session/bbd37991cd80103daa76f108f3796d35/screenshot - {}
RESULT: {}
RESULT: {}
COMMAND: GET /session/bbd37991cd80103daa76f108f3796d35/screenshot - {}
RESULT: {}
RESULT: {}
COMMAND: POST /session/bbd37991cd80103daa76f108f3796d35/actions - {"actions":[{"id":"action13","type":"key","parameters":{},"actions":[{"type":"keyDown","value":"î€‡"},{"type":"pause","duration":10},{"type":"keyUp","value":"î€‡"}]}]}
RESULT: {"actions":[{"id":"action13","type":"key","parameters":{},"actions":[{"type":"keyDown","value":"î€‡"},{"type":"pause","duration":10},{"type":"keyUp","value":"î€‡"}]}]}
COMMAND: GET /session/bbd37991cd80103daa76f108f3796d35/screenshot - {}
RESULT: {}
COMMAND: POST /session/bbd37991cd80103daa76f108f3796d35/execute/async - {"script":"<script> [1562 bytes]","args":[{"selector":{"id":"application-manageconditionprice-display-component---newCondition--condBillCond-arrow"},"wdio_ui5_key":"applicationmanageconditionprice-display-component---newCondition--condBillCond-arrow"}]}
RESULT: {"script":"<script> [1562 bytes]","args":[{"selector":{"id":"application-manageconditionprice-display-component---newCondition--condBillCond-arrow"},"wdio_ui5_key":"applicationmanageconditionprice-display-component---newCondition--condBillCond-arrow"}]}
RESULT: undefined
COMMAND: POST /session/bbd37991cd80103daa76f108f3796d35/element - {"using":"xpath","value":"//*[@id=\"application-manageconditionprice-display-component---newCondition--condBillCond-arrow\"]"}
RESULT: {"using":"xpath","value":"//*[@id=\"application-manageconditionprice-display-component---newCondition--condBillCond-arrow\"]"}
COMMAND: POST /session/bbd37991cd80103daa76f108f3796d35/element/f.BCC40A51FB0F962C15E825EB75C92327.d.35D6526D0D2F7B6CC994F3199986EC95.e.3600/click - {}
RESULT: {}
COMMAND: GET /session/bbd37991cd80103daa76f108f3796d35/screenshot - {}
RESULT: {}
COMMAND: POST /session/bbd37991cd80103daa76f108f3796d35/element - {"using":"xpath","value":"//li[.//span[contains(text(), \"DISP - D&I special price\")]]"}
RESULT: {"using":"xpath","value":"//li[.//span[contains(text(), \"DISP - D&I special price\")]]"}
COMMAND: POST /session/bbd37991cd80103daa76f108f3796d35/element/f.BCC40A51FB0F962C15E825EB75C92327.d.35D6526D0D2F7B6CC994F3199986EC95.e.3603/click - {}
RESULT: {}
COMMAND: GET /session/bbd37991cd80103daa76f108f3796d35/screenshot - {}
RESULT: {}
COMMAND: POST /session/bbd37991cd80103daa76f108f3796d35/execute/async - {"script":"<script> [1562 bytes]","args":[{"selector":{"id":"application-manageconditionprice-display-component---newCondition--condValidTo","interaction":{"idSuffix":"inner"}},"wdio_ui5_key":"applicationmanageconditionprice-display-component---newCondition--condValidTo"}]}
RESULT: {"script":"<script> [1562 bytes]","args":[{"selector":{"id":"application-manageconditionprice-display-component---newCondition--condValidTo","interaction":{"idSuffix":"inner"}},"wdio_ui5_key":"applicationmanageconditionprice-display-component---newCondition--condValidTo"}]}
RESULT: undefined
COMMAND: POST /session/bbd37991cd80103daa76f108f3796d35/execute/async - {"script":"<script> [776 bytes]","args":[{"enterText":"01/04/26","selector":{"id":"application-manageconditionprice-display-component---newCondition--condValidTo","interaction":{"idSuffix":"inner"}},"clearTextFirst":true,"interactionType":"ENTER_TEXT"}]}
RESULT: {"script":"<script> [776 bytes]","args":[{"enterText":"01/04/26","selector":{"id":"application-manageconditionprice-display-component---newCondition--condValidTo","interaction":{"idSuffix":"inner"}},"clearTextFirst":true,"interactionType":"ENTER_TEXT"}]}
COMMAND: POST /session/bbd37991cd80103daa76f108f3796d35/element - {"using":"xpath","value":"//input[@id=\"application-manageconditionprice-display-component---newCondition--condRU-inner\"]"}
RESULT: {"using":"xpath","value":"//input[@id=\"application-manageconditionprice-display-component---newCondition--condRU-inner\"]"}
COMMAND: POST /session/bbd37991cd80103daa76f108f3796d35/element/f.BCC40A51FB0F962C15E825EB75C92327.d.35D6526D0D2F7B6CC994F3199986EC95.e.3465/clear - {}
RESULT: {}
COMMAND: POST /session/bbd37991cd80103daa76f108f3796d35/element/f.BCC40A51FB0F962C15E825EB75C92327.d.35D6526D0D2F7B6CC994F3199986EC95.e.3465/value - {"text":"jbwmkMbap0"}
COMMAND: GET /session/bbd37991cd80103daa76f108f3796d35/screenshot - {}
RESULT: {"text":"jbwmkMbap0"}
COMMAND: GET /session/bbd37991cd80103daa76f108f3796d35/screenshot - {}
RESULT: {}
RESULT: {}
COMMAND: POST /session/bbd37991cd80103daa76f108f3796d35/actions - {"actions":[{"id":"action14","type":"key","parameters":{},"actions":[{"type":"keyDown","value":"î€‡"},{"type":"pause","duration":10},{"type":"keyUp","value":"î€‡"}]}]}
RESULT: {"actions":[{"id":"action14","type":"key","parameters":{},"actions":[{"type":"keyDown","value":"î€‡"},{"type":"pause","duration":10},{"type":"keyUp","value":"î€‡"}]}]}
COMMAND: POST /session/bbd37991cd80103daa76f108f3796d35/execute/async - {"script":"<script> [1562 bytes]","args":[{"selector":{"id":"application-manageconditionprice-display-component---newCondition--condBaseQty","interaction":{"idSuffix":"inner"}},"wdio_ui5_key":"applicationmanageconditionprice-display-component---newCondition--condBaseQty"}]}
COMMAND: GET /session/bbd37991cd80103daa76f108f3796d35/screenshot - {}
RESULT: {"script":"<script> [1562 bytes]","args":[{"selector":{"id":"application-manageconditionprice-display-component---newCondition--condBaseQty","interaction":{"idSuffix":"inner"}},"wdio_ui5_key":"applicationmanageconditionprice-display-component---newCondition--condBaseQty"}]}
RESULT: undefined
COMMAND: POST /session/bbd37991cd80103daa76f108f3796d35/execute/async - {"script":"<script> [776 bytes]","args":[{"enterText":"1","selector":{"id":"application-manageconditionprice-display-component---newCondition--condBaseQty","interaction":{"idSuffix":"inner"}},"clearTextFirst":true,"interactionType":"ENTER_TEXT"}]}
RESULT: {}
RESULT: {"script":"<script> [776 bytes]","args":[{"enterText":"1","selector":{"id":"application-manageconditionprice-display-component---newCondition--condBaseQty","interaction":{"idSuffix":"inner"}},"clearTextFirst":true,"interactionType":"ENTER_TEXT"}]}
COMMAND: POST /session/bbd37991cd80103daa76f108f3796d35/execute/async - {"script":"<script> [1562 bytes]","args":[{"selector":{"id":"application-manageconditionprice-display-component---newCondition--condValue","interaction":{"idSuffix":"inner"}},"wdio_ui5_key":"applicationmanageconditionprice-display-component---newCondition--condValue"}]}
RESULT: {"script":"<script> [1562 bytes]","args":[{"selector":{"id":"application-manageconditionprice-display-component---newCondition--condValue","interaction":{"idSuffix":"inner"}},"wdio_ui5_key":"applicationmanageconditionprice-display-component---newCondition--condValue"}]}
RESULT: undefined
COMMAND: POST /session/bbd37991cd80103daa76f108f3796d35/execute/async - {"script":"<script> [776 bytes]","args":[{"enterText":"100","selector":{"id":"application-manageconditionprice-display-component---newCondition--condValue","interaction":{"idSuffix":"inner"}},"clearTextFirst":true,"interactionType":"ENTER_TEXT"}]}
RESULT: {"script":"<script> [776 bytes]","args":[{"enterText":"100","selector":{"id":"application-manageconditionprice-display-component---newCondition--condValue","interaction":{"idSuffix":"inner"}},"clearTextFirst":true,"interactionType":"ENTER_TEXT"}]}
COMMAND: POST /session/bbd37991cd80103daa76f108f3796d35/execute/async - {"script":"<script> [1562 bytes]","args":[{"selector":{"id":"application-manageconditionprice-display-component---newCondition--condCurr-arrow"},"wdio_ui5_key":"applicationmanageconditionprice-display-component---newCondition--condCurr-arrow"}]}
RESULT: {"script":"<script> [1562 bytes]","args":[{"selector":{"id":"application-manageconditionprice-display-component---newCondition--condCurr-arrow"},"wdio_ui5_key":"applicationmanageconditionprice-display-component---newCondition--condCurr-arrow"}]}
RESULT: undefined
COMMAND: POST /session/bbd37991cd80103daa76f108f3796d35/element - {"using":"xpath","value":"//*[@id=\"application-manageconditionprice-display-component---newCondition--condCurr-arrow\"]"}
RESULT: {"using":"xpath","value":"//*[@id=\"application-manageconditionprice-display-component---newCondition--condCurr-arrow\"]"}
COMMAND: POST /session/bbd37991cd80103daa76f108f3796d35/element/f.BCC40A51FB0F962C15E825EB75C92327.d.35D6526D0D2F7B6CC994F3199986EC95.e.3582/click - {}
RESULT: {}
COMMAND: POST /session/bbd37991cd80103daa76f108f3796d35/element - {"using":"xpath","value":"//span[contains(text(), \"Euro\")]"}
COMMAND: GET /session/bbd37991cd80103daa76f108f3796d35/screenshot - {}
RESULT: {"using":"xpath","value":"//span[contains(text(), \"Euro\")]"}
COMMAND: POST /session/bbd37991cd80103daa76f108f3796d35/element/f.BCC40A51FB0F962C15E825EB75C92327.d.35D6526D0D2F7B6CC994F3199986EC95.e.3640/click - {}
RESULT: {}
RESULT: {}
COMMAND: POST /session/bbd37991cd80103daa76f108f3796d35/element - {"using":"xpath","value":"//button[@data-kt=\"saveButton\"]"}
COMMAND: GET /session/bbd37991cd80103daa76f108f3796d35/screenshot - {}
RESULT: {"using":"xpath","value":"//button[@data-kt=\"saveButton\"]"}
COMMAND: POST /session/bbd37991cd80103daa76f108f3796d35/element/f.BCC40A51FB0F962C15E825EB75C92327.d.35D6526D0D2F7B6CC994F3199986EC95.e.3583/click - {}
RESULT: {}
RESULT: {}
COMMAND: GET /session/bbd37991cd80103daa76f108f3796d35/screenshot - {}
RESULT: {}
COMMAND: POST /session/bbd37991cd80103daa76f108f3796d35/execute/async - {"script":"<script> [1562 bytes]","args":[{"selector":{"id":"application-manageconditionprice-display-component---conditions--smartFilterBar-btnBasicSearch","interaction":{"idSuffix":"I"}},"wdio_ui5_key":"applicationmanageconditionprice-display-component---conditions--smartFilterBar-btnBasicSearch"}]}
RESULT: {"script":"<script> [1562 bytes]","args":[{"selector":{"id":"application-manageconditionprice-display-component---conditions--smartFilterBar-btnBasicSearch","interaction":{"idSuffix":"I"}},"wdio_ui5_key":"applicationmanageconditionprice-display-component---conditions--smartFilterBar-btnBasicSearch"}]}
RESULT: undefined
COMMAND: POST /session/bbd37991cd80103daa76f108f3796d35/execute/async - {"script":"<script> [776 bytes]","args":[{"enterText":"jbwmkMbap0","selector":{"id":"application-manageconditionprice-display-component---conditions--smartFilterBar-btnBasicSearch","interaction":{"idSuffix":"I"}},"clearTextFirst":true,"interactionType":"ENTER_TEXT"}]}
RESULT: {"script":"<script> [776 bytes]","args":[{"enterText":"jbwmkMbap0","selector":{"id":"application-manageconditionprice-display-component---conditions--smartFilterBar-btnBasicSearch","interaction":{"idSuffix":"I"}},"clearTextFirst":true,"interactionType":"ENTER_TEXT"}]}
COMMAND: POST /session/bbd37991cd80103daa76f108f3796d35/actions - {"actions":[{"id":"action15","type":"key","parameters":{},"actions":[{"type":"keyDown","value":"î€‡"},{"type":"pause","duration":10},{"type":"keyUp","value":"î€‡"}]}]}
RESULT: {"actions":[{"id":"action15","type":"key","parameters":{},"actions":[{"type":"keyDown","value":"î€‡"},{"type":"pause","duration":10},{"type":"keyUp","value":"î€‡"}]}]}
COMMAND: GET /session/bbd37991cd80103daa76f108f3796d35/screenshot - {}
RESULT: {}
COMMAND: POST /session/bbd37991cd80103daa76f108f3796d35/execute/async - {"script":"<script> [1562 bytes]","args":[{"selector":{"id":"application-manageconditionprice-display-component---conditions--smartFilterBar-filterItemControl_BASIC-BILL_TYPES-vhi"},"wdio_ui5_key":"applicationmanageconditionprice-display-component---conditions--smartFilterBar-filterItemControl_BASIC-BILL_TYPES-vhi"}]}
RESULT: {"script":"<script> [1562 bytes]","args":[{"selector":{"id":"application-manageconditionprice-display-component---conditions--smartFilterBar-filterItemControl_BASIC-BILL_TYPES-vhi"},"wdio_ui5_key":"applicationmanageconditionprice-display-component---conditions--smartFilterBar-filterItemControl_BASIC-BILL_TYPES-vhi"}]}
RESULT: undefined
COMMAND: POST /session/bbd37991cd80103daa76f108f3796d35/element - {"using":"xpath","value":"//*[@id=\"application-manageconditionprice-display-component---conditions--smartFilterBar-filterItemControl_BASIC-BILL_TYPES-vhi\"]"}
RESULT: {"using":"xpath","value":"//*[@id=\"application-manageconditionprice-display-component---conditions--smartFilterBar-filterItemControl_BASIC-BILL_TYPES-vhi\"]"}
COMMAND: POST /session/bbd37991cd80103daa76f108f3796d35/element/f.BCC40A51FB0F962C15E825EB75C92327.d.35D6526D0D2F7B6CC994F3199986EC95.e.3746/click - {}
RESULT: {}
COMMAND: POST /session/bbd37991cd80103daa76f108f3796d35/execute/async - {"script":"<script> [1562 bytes]","args":[{"selector":{"id":"application-manageconditionprice-display-component---conditions--smartFilterBar-filterItemControl_BASIC-BILL_TYPES-valueHelpDialog-smartFilterBar-btnBasicSearch","searchOpenDialogs":true,"interaction":{"idSuffix":"I"}},"wdio_ui5_key":"applicationmanageconditionprice-display-component---conditions--smartFilterBar-filterItemControl_BASIC-BILL_TYPES-valueHelpDialog-smartFilterBar-btnBasicSearch"}]}
COMMAND: GET /session/bbd37991cd80103daa76f108f3796d35/screenshot - {}
RESULT: {"script":"<script> [1562 bytes]","args":[{"selector":{"id":"application-manageconditionprice-display-component---conditions--smartFilterBar-filterItemControl_BASIC-BILL_TYPES-valueHelpDialog-smartFilterBar-btnBasicSearch","searchOpenDialogs":true,"interaction":{"idSuffix":"I"}},"wdio_ui5_key":"applicationmanageconditionprice-display-component---conditions--smartFilterBar-filterItemControl_BASIC-BILL_TYPES-valueHelpDialog-smartFilterBar-btnBasicSearch"}]}
RESULT: undefined
COMMAND: POST /session/bbd37991cd80103daa76f108f3796d35/execute/async - {"script":"<script> [776 bytes]","args":[{"enterText":"TB","selector":{"id":"application-manageconditionprice-display-component---conditions--smartFilterBar-filterItemControl_BASIC-BILL_TYPES-valueHelpDialog-smartFilterBar-btnBasicSearch","searchOpenDialogs":true,"interaction":{"idSuffix":"I"}},"clearTextFirst":true,"interactionType":"ENTER_TEXT"}]}
RESULT: {}
RESULT: {"script":"<script> [776 bytes]","args":[{"enterText":"TB","selector":{"id":"application-manageconditionprice-display-component---conditions--smartFilterBar-filterItemControl_BASIC-BILL_TYPES-valueHelpDialog-smartFilterBar-btnBasicSearch","searchOpenDialogs":true,"interaction":{"idSuffix":"I"}},"clearTextFirst":true,"interactionType":"ENTER_TEXT"}]}
COMMAND: POST /session/bbd37991cd80103daa76f108f3796d35/actions - {"actions":[{"id":"action16","type":"key","parameters":{},"actions":[{"type":"keyDown","value":"î€‡"},{"type":"pause","duration":10},{"type":"keyUp","value":"î€‡"}]}]}
RESULT: {"actions":[{"id":"action16","type":"key","parameters":{},"actions":[{"type":"keyDown","value":"î€‡"},{"type":"pause","duration":10},{"type":"keyUp","value":"î€‡"}]}]}
COMMAND: GET /session/bbd37991cd80103daa76f108f3796d35/screenshot - {}
RESULT: {}
COMMAND: POST /session/bbd37991cd80103daa76f108f3796d35/element - {"using":"xpath","value":"//div[contains(@id, 'application-manageconditionprice-display-component---conditions--smartFilterBar-filterItemControl_BASIC-BILL_TYPES-valueHelpDialog-table-rowsel0')]"}
RESULT: {"using":"xpath","value":"//div[contains(@id, 'application-manageconditionprice-display-component---conditions--smartFilterBar-filterItemControl_BASIC-BILL_TYPES-valueHelpDialog-table-rowsel0')]"}
COMMAND: POST /session/bbd37991cd80103daa76f108f3796d35/element/f.BCC40A51FB0F962C15E825EB75C92327.d.35D6526D0D2F7B6CC994F3199986EC95.e.3756/click - {}
RESULT: {}
COMMAND: GET /session/bbd37991cd80103daa76f108f3796d35/screenshot - {}
RESULT: {}
COMMAND: POST /session/bbd37991cd80103daa76f108f3796d35/element - {"using":"xpath","value":"//bdi[contains(text(), \"OK\")]"}
RESULT: {"using":"xpath","value":"//bdi[contains(text(), \"OK\")]"}
COMMAND: POST /session/bbd37991cd80103daa76f108f3796d35/element/f.BCC40A51FB0F962C15E825EB75C92327.d.35D6526D0D2F7B6CC994F3199986EC95.e.3758/click - {}
RESULT: {}
COMMAND: GET /session/bbd37991cd80103daa76f108f3796d35/screenshot - {}
RESULT: {}
COMMAND: POST /session/bbd37991cd80103daa76f108f3796d35/element - {"using":"xpath","value":"//span[@id=\"application-manageconditionprice-display-component---conditions--smartTable-header-inner\"]"}
RESULT: {"using":"xpath","value":"//span[@id=\"application-manageconditionprice-display-component---conditions--smartTable-header-inner\"]"}
COMMAND: POST /session/bbd37991cd80103daa76f108f3796d35/elements - {"using":"xpath","value":"//span[@id=\"application-manageconditionprice-display-component---conditions--smartTable-header-inner\"]"}
RESULT: {"using":"xpath","value":"//span[@id=\"application-manageconditionprice-display-component---conditions--smartTable-header-inner\"]"}
COMMAND: POST /session/bbd37991cd80103daa76f108f3796d35/execute/sync - {"script":"<script> [56 bytes]","args":[{"element-6066-11e4-a52e-4f735466cecf":"f.BCC40A51FB0F962C15E825EB75C92327.d.35D6526D0D2F7B6CC994F3199986EC95.e.3761","ELEMENT":"f.BCC40A51FB0F962C15E825EB75C92327.d.35D6526D0D2F7B6CC994F3199986EC95.e.3761"}]}
RESULT: {"script":"<script> [56 bytes]","args":[{"element-6066-11e4-a52e-4f735466cecf":"f.BCC40A51FB0F962C15E825EB75C92327.d.35D6526D0D2F7B6CC994F3199986EC95.e.3761","ELEMENT":"f.BCC40A51FB0F962C15E825EB75C92327.d.35D6526D0D2F7B6CC994F3199986EC95.e.3761"}]}
COMMAND: POST /session/bbd37991cd80103daa76f108f3796d35/element - {"using":"css selector","value":"#shell-header-logo"}
COMMAND: GET /session/bbd37991cd80103daa76f108f3796d35/screenshot - {}
RESULT: {"using":"css selector","value":"#shell-header-logo"}
COMMAND: POST /session/bbd37991cd80103daa76f108f3796d35/element/f.BCC40A51FB0F962C15E825EB75C92327.d.35D6526D0D2F7B6CC994F3199986EC95.e.3388/click - {}
RESULT: {}
RESULT: {}
COMMAND: GET /session/bbd37991cd80103daa76f108f3796d35/screenshot - {}
RESULT: {}
]]></system-out>
    </testcase>
    <testcase classname="chrome.135_0_7049_96.windows.Billing_Transfer_-_Master_data_&amp;_Intercompany_US127250" name="Should do a stock increase" time="85.776">
      <system-out><![CDATA[
COMMAND: POST /session/bbd37991cd80103daa76f108f3796d35/execute/async - {"script":"<script> [1562 bytes]","args":[{"selector":{"controlType":"sap.m.Text","viewName":"etm.portal.ui.managehandoverstile.view.Master","properties":{"text":"Manage Handovers"},"interaction":{"idSuffix":"inner"}},"wdio_ui5_key":"etmportal.ui.managehandoverstile.view.Mastersap.m.Text{\"text\":\"Manage Handovers\"}"}]}
RESULT: {"script":"<script> [1562 bytes]","args":[{"selector":{"controlType":"sap.m.Text","viewName":"etm.portal.ui.managehandoverstile.view.Master","properties":{"text":"Manage Handovers"},"interaction":{"idSuffix":"inner"}},"wdio_ui5_key":"etmportal.ui.managehandoverstile.view.Mastersap.m.Text{\"text\":\"Manage Handovers\"}"}]}
RESULT: undefined
COMMAND: POST /session/bbd37991cd80103daa76f108f3796d35/element - {"using":"xpath","value":"//*[@id=\"__tile131-title\"]"}
RESULT: {"using":"xpath","value":"//*[@id=\"__tile131-title\"]"}
COMMAND: POST /session/bbd37991cd80103daa76f108f3796d35/element/f.BCC40A51FB0F962C15E825EB75C92327.d.35D6526D0D2F7B6CC994F3199986EC95.e.3766/click - {}
RESULT: {}
COMMAND: POST /session/bbd37991cd80103daa76f108f3796d35/element - {"using":"xpath","value":"//button[@data-kt=\"masterHOAddButton\"]"}
COMMAND: GET /session/bbd37991cd80103daa76f108f3796d35/screenshot - {}
RESULT: {"using":"xpath","value":"//button[@data-kt=\"masterHOAddButton\"]"}
COMMAND: POST /session/bbd37991cd80103daa76f108f3796d35/elements - {"using":"xpath","value":"//button[@data-kt=\"masterHOAddButton\"]"}
RESULT: {}
RESULT: {"using":"xpath","value":"//button[@data-kt=\"masterHOAddButton\"]"}
COMMAND: POST /session/bbd37991cd80103daa76f108f3796d35/elements - {"using":"xpath","value":"//button[@data-kt=\"masterHOAddButton\"]"}
RESULT: {"using":"xpath","value":"//button[@data-kt=\"masterHOAddButton\"]"}
COMMAND: POST /session/bbd37991cd80103daa76f108f3796d35/elements - {"using":"xpath","value":"//button[@data-kt=\"masterHOAddButton\"]"}
RESULT: {"using":"xpath","value":"//button[@data-kt=\"masterHOAddButton\"]"}
COMMAND: POST /session/bbd37991cd80103daa76f108f3796d35/elements - {"using":"xpath","value":"//button[@data-kt=\"masterHOAddButton\"]"}
RESULT: {"using":"xpath","value":"//button[@data-kt=\"masterHOAddButton\"]"}
COMMAND: POST /session/bbd37991cd80103daa76f108f3796d35/elements - {"using":"xpath","value":"//button[@data-kt=\"masterHOAddButton\"]"}
RESULT: {"using":"xpath","value":"//button[@data-kt=\"masterHOAddButton\"]"}
COMMAND: POST /session/bbd37991cd80103daa76f108f3796d35/element - {"using":"xpath","value":"//button[@data-kt=\"masterHOAddButton\"]"}
RESULT: {"using":"xpath","value":"//button[@data-kt=\"masterHOAddButton\"]"}
COMMAND: POST /session/bbd37991cd80103daa76f108f3796d35/execute/sync - {"script":"<script> [8489 bytes]","args":[{"element-6066-11e4-a52e-4f735466cecf":"f.BCC40A51FB0F962C15E825EB75C92327.d.35D6526D0D2F7B6CC994F3199986EC95.e.3797","ELEMENT":"f.BCC40A51FB0F962C15E825EB75C92327.d.35D6526D0D2F7B6CC994F3199986EC95.e.3797"}]}
RESULT: {"script":"<script> [8489 bytes]","args":[{"element-6066-11e4-a52e-4f735466cecf":"f.BCC40A51FB0F962C15E825EB75C92327.d.35D6526D0D2F7B6CC994F3199986EC95.e.3797","ELEMENT":"f.BCC40A51FB0F962C15E825EB75C92327.d.35D6526D0D2F7B6CC994F3199986EC95.e.3797"}]}
COMMAND: GET /session/bbd37991cd80103daa76f108f3796d35/element/f.BCC40A51FB0F962C15E825EB75C92327.d.35D6526D0D2F7B6CC994F3199986EC95.e.3797/enabled - {}
COMMAND: GET /session/bbd37991cd80103daa76f108f3796d35/screenshot - {}
RESULT: {}
COMMAND: POST /session/bbd37991cd80103daa76f108f3796d35/execute/sync - {"script":"<script> [8489 bytes]","args":[{"element-6066-11e4-a52e-4f735466cecf":"f.BCC40A51FB0F962C15E825EB75C92327.d.35D6526D0D2F7B6CC994F3199986EC95.e.3797","ELEMENT":"f.BCC40A51FB0F962C15E825EB75C92327.d.35D6526D0D2F7B6CC994F3199986EC95.e.3797"}]}
COMMAND: GET /session/bbd37991cd80103daa76f108f3796d35/screenshot - {}
RESULT: {}
RESULT: {"script":"<script> [8489 bytes]","args":[{"element-6066-11e4-a52e-4f735466cecf":"f.BCC40A51FB0F962C15E825EB75C92327.d.35D6526D0D2F7B6CC994F3199986EC95.e.3797","ELEMENT":"f.BCC40A51FB0F962C15E825EB75C92327.d.35D6526D0D2F7B6CC994F3199986EC95.e.3797"}]}
COMMAND: POST /session/bbd37991cd80103daa76f108f3796d35/execute/sync - {"script":"<script> [5351 bytes]","args":[{"element-6066-11e4-a52e-4f735466cecf":"f.BCC40A51FB0F962C15E825EB75C92327.d.35D6526D0D2F7B6CC994F3199986EC95.e.3797","ELEMENT":"f.BCC40A51FB0F962C15E825EB75C92327.d.35D6526D0D2F7B6CC994F3199986EC95.e.3797"}]}
RESULT: {}
RESULT: {"script":"<script> [5351 bytes]","args":[{"element-6066-11e4-a52e-4f735466cecf":"f.BCC40A51FB0F962C15E825EB75C92327.d.35D6526D0D2F7B6CC994F3199986EC95.e.3797","ELEMENT":"f.BCC40A51FB0F962C15E825EB75C92327.d.35D6526D0D2F7B6CC994F3199986EC95.e.3797"}]}
COMMAND: POST /session/bbd37991cd80103daa76f108f3796d35/element/f.BCC40A51FB0F962C15E825EB75C92327.d.35D6526D0D2F7B6CC994F3199986EC95.e.3797/click - {}
COMMAND: GET /session/bbd37991cd80103daa76f108f3796d35/screenshot - {}
COMMAND: GET /session/bbd37991cd80103daa76f108f3796d35/screenshot - {}
RESULT: {}
COMMAND: GET /session/bbd37991cd80103daa76f108f3796d35/screenshot - {}
RESULT: {}
RESULT: {}
RESULT: {}
COMMAND: POST /session/bbd37991cd80103daa76f108f3796d35/element - {"using":"xpath","value":"//span[contains(@id ,\"AddNewHO--typeSelect-arrow\")]"}
RESULT: {"using":"xpath","value":"//span[contains(@id ,\"AddNewHO--typeSelect-arrow\")]"}
COMMAND: POST /session/bbd37991cd80103daa76f108f3796d35/element/f.BCC40A51FB0F962C15E825EB75C92327.d.35D6526D0D2F7B6CC994F3199986EC95.e.4146/click - {}
RESULT: {}
COMMAND: GET /session/bbd37991cd80103daa76f108f3796d35/screenshot - {}
RESULT: {}
COMMAND: POST /session/bbd37991cd80103daa76f108f3796d35/element - {"using":"xpath","value":"(//li[contains(text(), \"stock increase yard\")])[1]"}
RESULT: {"using":"xpath","value":"(//li[contains(text(), \"stock increase yard\")])[1]"}
COMMAND: POST /session/bbd37991cd80103daa76f108f3796d35/element/f.BCC40A51FB0F962C15E825EB75C92327.d.35D6526D0D2F7B6CC994F3199986EC95.e.4147/click - {}
RESULT: {}
COMMAND: GET /session/bbd37991cd80103daa76f108f3796d35/screenshot - {}
RESULT: {}
COMMAND: POST /session/bbd37991cd80103daa76f108f3796d35/execute/async - {"script":"<script> [1562 bytes]","args":[{"selector":{"id":"application-managehandovers-display-component---AddNewHO--dueDate","interaction":{"idSuffix":"inner"}},"wdio_ui5_key":"applicationmanagehandovers-display-component---AddNewHO--dueDate"}]}
RESULT: {"script":"<script> [1562 bytes]","args":[{"selector":{"id":"application-managehandovers-display-component---AddNewHO--dueDate","interaction":{"idSuffix":"inner"}},"wdio_ui5_key":"applicationmanagehandovers-display-component---AddNewHO--dueDate"}]}
RESULT: undefined
COMMAND: POST /session/bbd37991cd80103daa76f108f3796d35/execute/async - {"script":"<script> [6424 bytes]","args":[{"element-6066-11e4-a52e-4f735466cecf":"f.BCC40A51FB0F962C15E825EB75C92327.d.35D6526D0D2F7B6CC994F3199986EC95.e.4149"},"setValue",["05/04/2025"]]}
RESULT: {"script":"<script> [6424 bytes]","args":[{"element-6066-11e4-a52e-4f735466cecf":"f.BCC40A51FB0F962C15E825EB75C92327.d.35D6526D0D2F7B6CC994F3199986EC95.e.4149"},"setValue",["05/04/2025"]]}
COMMAND: POST /session/bbd37991cd80103daa76f108f3796d35/element - {"using":"xpath","value":"//input[@id=\"generalSectionFrg--receiveYard-inner\"]"}
RESULT: {"using":"xpath","value":"//input[@id=\"generalSectionFrg--receiveYard-inner\"]"}
COMMAND: POST /session/bbd37991cd80103daa76f108f3796d35/element/f.BCC40A51FB0F962C15E825EB75C92327.d.35D6526D0D2F7B6CC994F3199986EC95.e.4155/clear - {}
RESULT: {}
COMMAND: POST /session/bbd37991cd80103daa76f108f3796d35/element/f.BCC40A51FB0F962C15E825EB75C92327.d.35D6526D0D2F7B6CC994F3199986EC95.e.4155/value - {"text":"547"}
COMMAND: GET /session/bbd37991cd80103daa76f108f3796d35/screenshot - {}
RESULT: {"text":"547"}
COMMAND: GET /session/bbd37991cd80103daa76f108f3796d35/screenshot - {}
RESULT: {}
RESULT: {}
COMMAND: POST /session/bbd37991cd80103daa76f108f3796d35/element - {"using":"xpath","value":"//li[.//span[text()='547']]"}
RESULT: {"using":"xpath","value":"//li[.//span[text()='547']]"}
COMMAND: POST /session/bbd37991cd80103daa76f108f3796d35/element/f.BCC40A51FB0F962C15E825EB75C92327.d.35D6526D0D2F7B6CC994F3199986EC95.e.4171/click - {}
RESULT: {}
COMMAND: GET /session/bbd37991cd80103daa76f108f3796d35/screenshot - {}
RESULT: {}
COMMAND: POST /session/bbd37991cd80103daa76f108f3796d35/execute/async - {"script":"<script> [1562 bytes]","args":[{"selector":{"id":"application-managehandovers-display-component---AddNewHO--ObjectPageLayout-anchBar-application-managehandovers-display-component---AddNewHO--section4-anchor","interaction":{"idSuffix":"BDI-content"}},"wdio_ui5_key":"applicationmanagehandovers-display-component---AddNewHO--ObjectPageLayout-anchBar-application-managehandovers-display-component---AddNewHO--section4-anchor"}]}
RESULT: {"script":"<script> [1562 bytes]","args":[{"selector":{"id":"application-managehandovers-display-component---AddNewHO--ObjectPageLayout-anchBar-application-managehandovers-display-component---AddNewHO--section4-anchor","interaction":{"idSuffix":"BDI-content"}},"wdio_ui5_key":"applicationmanagehandovers-display-component---AddNewHO--ObjectPageLayout-anchBar-application-managehandovers-display-component---AddNewHO--section4-anchor"}]}
RESULT: undefined
COMMAND: POST /session/bbd37991cd80103daa76f108f3796d35/element - {"using":"xpath","value":"//*[@id=\"application-managehandovers-display-component---AddNewHO--ObjectPageLayout-anchBar-application-managehandovers-display-component---AddNewHO--section4-anchor\"]"}
RESULT: {"using":"xpath","value":"//*[@id=\"application-managehandovers-display-component---AddNewHO--ObjectPageLayout-anchBar-application-managehandovers-display-component---AddNewHO--section4-anchor\"]"}
COMMAND: POST /session/bbd37991cd80103daa76f108f3796d35/element/f.BCC40A51FB0F962C15E825EB75C92327.d.35D6526D0D2F7B6CC994F3199986EC95.e.4173/click - {}
RESULT: {}
COMMAND: POST /session/bbd37991cd80103daa76f108f3796d35/element - {"using":"xpath","value":"//button[@aria-label=\"Add\"]"}
COMMAND: GET /session/bbd37991cd80103daa76f108f3796d35/screenshot - {}
RESULT: {"using":"xpath","value":"//button[@aria-label=\"Add\"]"}
COMMAND: POST /session/bbd37991cd80103daa76f108f3796d35/element/f.BCC40A51FB0F962C15E825EB75C92327.d.35D6526D0D2F7B6CC994F3199986EC95.e.4175/click - {}
RESULT: {}
RESULT: {}
COMMAND: GET /session/bbd37991cd80103daa76f108f3796d35/screenshot - {}
RESULT: {}
COMMAND: POST /session/bbd37991cd80103daa76f108f3796d35/execute/async - {"script":"<script> [1562 bytes]","args":[{"selector":{"id":"application-managehandovers-display-component---AddNewHO--smartFilterBar-btnBasicSearch","searchOpenDialogs":true,"interaction":{"idSuffix":"I"}},"wdio_ui5_key":"applicationmanagehandovers-display-component---AddNewHO--smartFilterBar-btnBasicSearch"}]}
RESULT: {"script":"<script> [1562 bytes]","args":[{"selector":{"id":"application-managehandovers-display-component---AddNewHO--smartFilterBar-btnBasicSearch","searchOpenDialogs":true,"interaction":{"idSuffix":"I"}},"wdio_ui5_key":"applicationmanagehandovers-display-component---AddNewHO--smartFilterBar-btnBasicSearch"}]}
RESULT: undefined
COMMAND: POST /session/bbd37991cd80103daa76f108f3796d35/execute/async - {"script":"<script> [776 bytes]","args":[{"enterText":"jbwmkMbap0","selector":{"id":"application-managehandovers-display-component---AddNewHO--smartFilterBar-btnBasicSearch","searchOpenDialogs":true,"interaction":{"idSuffix":"I"}},"clearTextFirst":true,"interactionType":"ENTER_TEXT"}]}
RESULT: {"script":"<script> [776 bytes]","args":[{"enterText":"jbwmkMbap0","selector":{"id":"application-managehandovers-display-component---AddNewHO--smartFilterBar-btnBasicSearch","searchOpenDialogs":true,"interaction":{"idSuffix":"I"}},"clearTextFirst":true,"interactionType":"ENTER_TEXT"}]}
COMMAND: POST /session/bbd37991cd80103daa76f108f3796d35/actions - {"actions":[{"id":"action17","type":"key","parameters":{},"actions":[{"type":"keyDown","value":"î€‡"},{"type":"pause","duration":10},{"type":"keyUp","value":"î€‡"}]}]}
RESULT: {"actions":[{"id":"action17","type":"key","parameters":{},"actions":[{"type":"keyDown","value":"î€‡"},{"type":"pause","duration":10},{"type":"keyUp","value":"î€‡"}]}]}
COMMAND: GET /session/bbd37991cd80103daa76f108f3796d35/screenshot - {}
RESULT: {}
COMMAND: POST /session/bbd37991cd80103daa76f108f3796d35/execute/async - {"script":"<script> [1562 bytes]","args":[{"selector":{"id":"application-managehandovers-display-component---AddNewHO--popup-sa","searchOpenDialogs":true,"interaction":{"idSuffix":"CbBg"}},"wdio_ui5_key":"applicationmanagehandovers-display-component---AddNewHO--popup-sa"}]}
RESULT: {"script":"<script> [1562 bytes]","args":[{"selector":{"id":"application-managehandovers-display-component---AddNewHO--popup-sa","searchOpenDialogs":true,"interaction":{"idSuffix":"CbBg"}},"wdio_ui5_key":"applicationmanagehandovers-display-component---AddNewHO--popup-sa"}]}
RESULT: undefined
COMMAND: POST /session/bbd37991cd80103daa76f108f3796d35/element - {"using":"xpath","value":"//*[@id=\"application-managehandovers-display-component---AddNewHO--popup-sa\"]"}
RESULT: {"using":"xpath","value":"//*[@id=\"application-managehandovers-display-component---AddNewHO--popup-sa\"]"}
COMMAND: POST /session/bbd37991cd80103daa76f108f3796d35/element/f.BCC40A51FB0F962C15E825EB75C92327.d.35D6526D0D2F7B6CC994F3199986EC95.e.4328/click - {}
RESULT: {}
COMMAND: GET /session/bbd37991cd80103daa76f108f3796d35/screenshot - {}
RESULT: {}
COMMAND: POST /session/bbd37991cd80103daa76f108f3796d35/element - {"using":"xpath","value":"//bdi[contains(text(), \"Select\")]"}
RESULT: {"using":"xpath","value":"//bdi[contains(text(), \"Select\")]"}
COMMAND: POST /session/bbd37991cd80103daa76f108f3796d35/element/f.BCC40A51FB0F962C15E825EB75C92327.d.35D6526D0D2F7B6CC994F3199986EC95.e.4329/click - {}
RESULT: {}
COMMAND: GET /session/bbd37991cd80103daa76f108f3796d35/screenshot - {}
RESULT: {}
COMMAND: POST /session/bbd37991cd80103daa76f108f3796d35/element - {"using":"xpath","value":"//button[@data-kt=\"AddNewHOSaveButton\"]"}
RESULT: {"using":"xpath","value":"//button[@data-kt=\"AddNewHOSaveButton\"]"}
COMMAND: POST /session/bbd37991cd80103daa76f108f3796d35/element/f.BCC40A51FB0F962C15E825EB75C92327.d.35D6526D0D2F7B6CC994F3199986EC95.e.4333/click - {}
RESULT: {}
COMMAND: GET /session/bbd37991cd80103daa76f108f3796d35/screenshot - {}
RESULT: {}
COMMAND: POST /session/bbd37991cd80103daa76f108f3796d35/execute/async - {"script":"<script> [1562 bytes]","args":[{"selector":{"id":"receiptDatePicker","viewName":"etm.portal.ui.managehandovers.view.DetailExecuteHO","interaction":{"idSuffix":"inner"}},"wdio_ui5_key":"receiptDatePickeretmportal.ui.managehandovers.view.DetailExecuteHO"}]}
RESULT: {"script":"<script> [1562 bytes]","args":[{"selector":{"id":"receiptDatePicker","viewName":"etm.portal.ui.managehandovers.view.DetailExecuteHO","interaction":{"idSuffix":"inner"}},"wdio_ui5_key":"receiptDatePickeretmportal.ui.managehandovers.view.DetailExecuteHO"}]}
RESULT: undefined
COMMAND: POST /session/bbd37991cd80103daa76f108f3796d35/execute/async - {"script":"<script> [6424 bytes]","args":[{"element-6066-11e4-a52e-4f735466cecf":"f.BCC40A51FB0F962C15E825EB75C92327.d.35D6526D0D2F7B6CC994F3199986EC95.e.4363"},"setValue",["05/04/2025"]]}
RESULT: {"script":"<script> [6424 bytes]","args":[{"element-6066-11e4-a52e-4f735466cecf":"f.BCC40A51FB0F962C15E825EB75C92327.d.35D6526D0D2F7B6CC994F3199986EC95.e.4363"},"setValue",["05/04/2025"]]}
COMMAND: POST /session/bbd37991cd80103daa76f108f3796d35/element - {"using":"xpath","value":"//button[@data-kt=\"PickingTableConfirmAllButton\"]"}
RESULT: {"using":"xpath","value":"//button[@data-kt=\"PickingTableConfirmAllButton\"]"}
COMMAND: POST /session/bbd37991cd80103daa76f108f3796d35/element/f.BCC40A51FB0F962C15E825EB75C92327.d.35D6526D0D2F7B6CC994F3199986EC95.e.4378/click - {}
RESULT: {}
COMMAND: GET /session/bbd37991cd80103daa76f108f3796d35/screenshot - {}
RESULT: {}
COMMAND: POST /session/bbd37991cd80103daa76f108f3796d35/element - {"using":"xpath","value":"//bdi[contains(text(), \"OK\")]"}
RESULT: {"using":"xpath","value":"//bdi[contains(text(), \"OK\")]"}
COMMAND: POST /session/bbd37991cd80103daa76f108f3796d35/element/f.BCC40A51FB0F962C15E825EB75C92327.d.35D6526D0D2F7B6CC994F3199986EC95.e.4380/click - {}
RESULT: {}
COMMAND: GET /session/bbd37991cd80103daa76f108f3796d35/screenshot - {}
RESULT: {}
COMMAND: POST /session/bbd37991cd80103daa76f108f3796d35/element - {"using":"xpath","value":"(//bdi[contains(text(), \"Receive\")])[2]"}
RESULT: {"using":"xpath","value":"(//bdi[contains(text(), \"Receive\")])[2]"}
COMMAND: POST /session/bbd37991cd80103daa76f108f3796d35/element/f.BCC40A51FB0F962C15E825EB75C92327.d.35D6526D0D2F7B6CC994F3199986EC95.e.4382/click - {}
RESULT: {}
COMMAND: GET /session/bbd37991cd80103daa76f108f3796d35/screenshot - {}
RESULT: {}
COMMAND: POST /session/bbd37991cd80103daa76f108f3796d35/element - {"using":"css selector","value":"#shell-header-logo"}
RESULT: {"using":"css selector","value":"#shell-header-logo"}
COMMAND: POST /session/bbd37991cd80103daa76f108f3796d35/element/f.BCC40A51FB0F962C15E825EB75C92327.d.35D6526D0D2F7B6CC994F3199986EC95.e.3769/click - {}
RESULT: {}
COMMAND: GET /session/bbd37991cd80103daa76f108f3796d35/screenshot - {}
RESULT: {}
]]></system-out>
    </testcase>
    <testcase classname="chrome.135_0_7049_96.windows.Billing_Transfer_-_Master_data_&amp;_Intercompany_US127250" name="Should create a new contract" time="54.009">
      <system-out><![CDATA[
COMMAND: POST /session/bbd37991cd80103daa76f108f3796d35/execute/async - {"script":"<script> [1562 bytes]","args":[{"selector":{"controlType":"sap.m.Text","viewName":"etm.portal.ui.managecontractstile.view.Master","properties":{"text":"Manage Contracts"},"interaction":{"idSuffix":"inner"}},"wdio_ui5_key":"etmportal.ui.managecontractstile.view.Mastersap.m.Text{\"text\":\"Manage Contracts\"}"}]}
RESULT: {"script":"<script> [1562 bytes]","args":[{"selector":{"controlType":"sap.m.Text","viewName":"etm.portal.ui.managecontractstile.view.Master","properties":{"text":"Manage Contracts"},"interaction":{"idSuffix":"inner"}},"wdio_ui5_key":"etmportal.ui.managecontractstile.view.Mastersap.m.Text{\"text\":\"Manage Contracts\"}"}]}
RESULT: undefined
COMMAND: POST /session/bbd37991cd80103daa76f108f3796d35/element - {"using":"xpath","value":"//*[@id=\"__tile133-title\"]"}
RESULT: {"using":"xpath","value":"//*[@id=\"__tile133-title\"]"}
COMMAND: POST /session/bbd37991cd80103daa76f108f3796d35/element/f.BCC40A51FB0F962C15E825EB75C92327.d.35D6526D0D2F7B6CC994F3199986EC95.e.4660/click - {}
RESULT: {}
COMMAND: GET /session/bbd37991cd80103daa76f108f3796d35/screenshot - {}
RESULT: {}
COMMAND: POST /session/bbd37991cd80103daa76f108f3796d35/element - {"using":"xpath","value":"//button[@data-kt=\"addButton\"]"}
RESULT: {"using":"xpath","value":"//button[@data-kt=\"addButton\"]"}
COMMAND: POST /session/bbd37991cd80103daa76f108f3796d35/elements - {"using":"xpath","value":"//button[@data-kt=\"addButton\"]"}
RESULT: {"using":"xpath","value":"//button[@data-kt=\"addButton\"]"}
COMMAND: POST /session/bbd37991cd80103daa76f108f3796d35/element - {"using":"xpath","value":"//button[@data-kt=\"addButton\"]"}
RESULT: {"using":"xpath","value":"//button[@data-kt=\"addButton\"]"}
COMMAND: POST /session/bbd37991cd80103daa76f108f3796d35/execute/sync - {"script":"<script> [8489 bytes]","args":[{"element-6066-11e4-a52e-4f735466cecf":"f.BCC40A51FB0F962C15E825EB75C92327.d.35D6526D0D2F7B6CC994F3199986EC95.e.4733","ELEMENT":"f.BCC40A51FB0F962C15E825EB75C92327.d.35D6526D0D2F7B6CC994F3199986EC95.e.4733"}]}
RESULT: {"script":"<script> [8489 bytes]","args":[{"element-6066-11e4-a52e-4f735466cecf":"f.BCC40A51FB0F962C15E825EB75C92327.d.35D6526D0D2F7B6CC994F3199986EC95.e.4733","ELEMENT":"f.BCC40A51FB0F962C15E825EB75C92327.d.35D6526D0D2F7B6CC994F3199986EC95.e.4733"}]}
COMMAND: GET /session/bbd37991cd80103daa76f108f3796d35/element/f.BCC40A51FB0F962C15E825EB75C92327.d.35D6526D0D2F7B6CC994F3199986EC95.e.4733/enabled - {}
COMMAND: GET /session/bbd37991cd80103daa76f108f3796d35/screenshot - {}
RESULT: {}
COMMAND: POST /session/bbd37991cd80103daa76f108f3796d35/execute/sync - {"script":"<script> [8489 bytes]","args":[{"element-6066-11e4-a52e-4f735466cecf":"f.BCC40A51FB0F962C15E825EB75C92327.d.35D6526D0D2F7B6CC994F3199986EC95.e.4733","ELEMENT":"f.BCC40A51FB0F962C15E825EB75C92327.d.35D6526D0D2F7B6CC994F3199986EC95.e.4733"}]}
COMMAND: GET /session/bbd37991cd80103daa76f108f3796d35/screenshot - {}
RESULT: {}
RESULT: {"script":"<script> [8489 bytes]","args":[{"element-6066-11e4-a52e-4f735466cecf":"f.BCC40A51FB0F962C15E825EB75C92327.d.35D6526D0D2F7B6CC994F3199986EC95.e.4733","ELEMENT":"f.BCC40A51FB0F962C15E825EB75C92327.d.35D6526D0D2F7B6CC994F3199986EC95.e.4733"}]}
COMMAND: POST /session/bbd37991cd80103daa76f108f3796d35/execute/sync - {"script":"<script> [5351 bytes]","args":[{"element-6066-11e4-a52e-4f735466cecf":"f.BCC40A51FB0F962C15E825EB75C92327.d.35D6526D0D2F7B6CC994F3199986EC95.e.4733","ELEMENT":"f.BCC40A51FB0F962C15E825EB75C92327.d.35D6526D0D2F7B6CC994F3199986EC95.e.4733"}]}
COMMAND: GET /session/bbd37991cd80103daa76f108f3796d35/screenshot - {}
RESULT: {}
RESULT: {"script":"<script> [5351 bytes]","args":[{"element-6066-11e4-a52e-4f735466cecf":"f.BCC40A51FB0F962C15E825EB75C92327.d.35D6526D0D2F7B6CC994F3199986EC95.e.4733","ELEMENT":"f.BCC40A51FB0F962C15E825EB75C92327.d.35D6526D0D2F7B6CC994F3199986EC95.e.4733"}]}
COMMAND: GET /session/bbd37991cd80103daa76f108f3796d35/screenshot - {}
RESULT: {}
RESULT: {}
COMMAND: POST /session/bbd37991cd80103daa76f108f3796d35/element/f.BCC40A51FB0F962C15E825EB75C92327.d.35D6526D0D2F7B6CC994F3199986EC95.e.4733/click - {}
RESULT: {}
COMMAND: GET /session/bbd37991cd80103daa76f108f3796d35/screenshot - {}
COMMAND: POST /session/bbd37991cd80103daa76f108f3796d35/execute/async - {"script":"<script> [1562 bytes]","args":[{"selector":{"id":"application-managecontracts-display-component---AddNewContract--projectDescription","interaction":{"idSuffix":"inner"}},"wdio_ui5_key":"applicationmanagecontracts-display-component---AddNewContract--projectDescription"}]}
RESULT: {}
RESULT: {"script":"<script> [1562 bytes]","args":[{"selector":{"id":"application-managecontracts-display-component---AddNewContract--projectDescription","interaction":{"idSuffix":"inner"}},"wdio_ui5_key":"applicationmanagecontracts-display-component---AddNewContract--projectDescription"}]}
RESULT: undefined
COMMAND: POST /session/bbd37991cd80103daa76f108f3796d35/execute/async - {"script":"<script> [776 bytes]","args":[{"enterText":"Intercompany Contract WDIO","selector":{"id":"application-managecontracts-display-component---AddNewContract--projectDescription","interaction":{"idSuffix":"inner"}},"clearTextFirst":true,"interactionType":"ENTER_TEXT"}]}
RESULT: {"script":"<script> [776 bytes]","args":[{"enterText":"Intercompany Contract WDIO","selector":{"id":"application-managecontracts-display-component---AddNewContract--projectDescription","interaction":{"idSuffix":"inner"}},"clearTextFirst":true,"interactionType":"ENTER_TEXT"}]}
COMMAND: POST /session/bbd37991cd80103daa76f108f3796d35/element - {"using":"xpath","value":"//input[@id=\"application-managecontracts-display-component---AddNewContract--site-inner\"]"}
RESULT: {"using":"xpath","value":"//input[@id=\"application-managecontracts-display-component---AddNewContract--site-inner\"]"}
COMMAND: POST /session/bbd37991cd80103daa76f108f3796d35/element/f.BCC40A51FB0F962C15E825EB75C92327.d.35D6526D0D2F7B6CC994F3199986EC95.e.5027/clear - {}
RESULT: {}
COMMAND: POST /session/bbd37991cd80103daa76f108f3796d35/element/f.BCC40A51FB0F962C15E825EB75C92327.d.35D6526D0D2F7B6CC994F3199986EC95.e.5027/value - {"text":"2381"}
COMMAND: GET /session/bbd37991cd80103daa76f108f3796d35/screenshot - {}
RESULT: {"text":"2381"}
COMMAND: GET /session/bbd37991cd80103daa76f108f3796d35/screenshot - {}
RESULT: {}
RESULT: {}
COMMAND: POST /session/bbd37991cd80103daa76f108f3796d35/element - {"using":"xpath","value":"//li[.//span[text()='2381']]"}
RESULT: {"using":"xpath","value":"//li[.//span[text()='2381']]"}
COMMAND: POST /session/bbd37991cd80103daa76f108f3796d35/element/f.BCC40A51FB0F962C15E825EB75C92327.d.35D6526D0D2F7B6CC994F3199986EC95.e.5051/click - {}
RESULT: {}
COMMAND: GET /session/bbd37991cd80103daa76f108f3796d35/screenshot - {}
RESULT: {}
COMMAND: POST /session/bbd37991cd80103daa76f108f3796d35/element - {"using":"xpath","value":"//input[@id=\"application-managecontracts-display-component---AddNewContract--yardId-inner\"]"}
RESULT: {"using":"xpath","value":"//input[@id=\"application-managecontracts-display-component---AddNewContract--yardId-inner\"]"}
COMMAND: GET /session/bbd37991cd80103daa76f108f3796d35/element/f.BCC40A51FB0F962C15E825EB75C92327.d.35D6526D0D2F7B6CC994F3199986EC95.e.5028/property/value - {}
RESULT: {}
COMMAND: POST /session/bbd37991cd80103daa76f108f3796d35/element - {"using":"xpath","value":"//input[@id=\"application-managecontracts-display-component---AddNewContract--customerSelect-inner\"]"}
COMMAND: GET /session/bbd37991cd80103daa76f108f3796d35/screenshot - {}
RESULT: {"using":"xpath","value":"//input[@id=\"application-managecontracts-display-component---AddNewContract--customerSelect-inner\"]"}
COMMAND: POST /session/bbd37991cd80103daa76f108f3796d35/element/f.BCC40A51FB0F962C15E825EB75C92327.d.35D6526D0D2F7B6CC994F3199986EC95.e.5026/clear - {}
RESULT: {}
RESULT: {}
COMMAND: POST /session/bbd37991cd80103daa76f108f3796d35/element/f.BCC40A51FB0F962C15E825EB75C92327.d.35D6526D0D2F7B6CC994F3199986EC95.e.5026/value - {"text":"1422"}
COMMAND: GET /session/bbd37991cd80103daa76f108f3796d35/screenshot - {}
RESULT: {"text":"1422"}
COMMAND: GET /session/bbd37991cd80103daa76f108f3796d35/screenshot - {}
RESULT: {}
RESULT: {}
COMMAND: POST /session/bbd37991cd80103daa76f108f3796d35/element - {"using":"xpath","value":"//li[.//span[text()='1422']]"}
RESULT: {"using":"xpath","value":"//li[.//span[text()='1422']]"}
COMMAND: POST /session/bbd37991cd80103daa76f108f3796d35/element/f.BCC40A51FB0F962C15E825EB75C92327.d.35D6526D0D2F7B6CC994F3199986EC95.e.5054/click - {}
RESULT: {}
COMMAND: GET /session/bbd37991cd80103daa76f108f3796d35/screenshot - {}
RESULT: {}
COMMAND: POST /session/bbd37991cd80103daa76f108f3796d35/element - {"using":"xpath","value":"//button[@data-kt=\"saveButton\"]"}
RESULT: {"using":"xpath","value":"//button[@data-kt=\"saveButton\"]"}
COMMAND: POST /session/bbd37991cd80103daa76f108f3796d35/element/f.BCC40A51FB0F962C15E825EB75C92327.d.35D6526D0D2F7B6CC994F3199986EC95.e.5044/click - {}
RESULT: {}
COMMAND: GET /session/bbd37991cd80103daa76f108f3796d35/screenshot - {}
RESULT: {}
COMMAND: POST /session/bbd37991cd80103daa76f108f3796d35/element - {"using":"xpath","value":"//span[contains(@id ,\"contractDetailTitleNoExpanded\")]"}
RESULT: {"using":"xpath","value":"//span[contains(@id ,\"contractDetailTitleNoExpanded\")]"}
COMMAND: POST /session/bbd37991cd80103daa76f108f3796d35/elements - {"using":"xpath","value":"//span[contains(@id ,\"contractDetailTitleNoExpanded\")]"}
RESULT: {"using":"xpath","value":"//span[contains(@id ,\"contractDetailTitleNoExpanded\")]"}
COMMAND: POST /session/bbd37991cd80103daa76f108f3796d35/execute/sync - {"script":"<script> [56 bytes]","args":[{"element-6066-11e4-a52e-4f735466cecf":"f.BCC40A51FB0F962C15E825EB75C92327.d.35D6526D0D2F7B6CC994F3199986EC95.e.5123","ELEMENT":"f.BCC40A51FB0F962C15E825EB75C92327.d.35D6526D0D2F7B6CC994F3199986EC95.e.5123"}]}
RESULT: {"script":"<script> [56 bytes]","args":[{"element-6066-11e4-a52e-4f735466cecf":"f.BCC40A51FB0F962C15E825EB75C92327.d.35D6526D0D2F7B6CC994F3199986EC95.e.5123","ELEMENT":"f.BCC40A51FB0F962C15E825EB75C92327.d.35D6526D0D2F7B6CC994F3199986EC95.e.5123"}]}
COMMAND: GET /session/bbd37991cd80103daa76f108f3796d35/screenshot - {}
RESULT: {}
]]></system-out>
    </testcase>
    <testcase classname="chrome.135_0_7049_96.windows.Billing_Transfer_-_Master_data_&amp;_Intercompany_US127250" name="Should add equipment to the contract" time="47.16">
      <system-out><![CDATA[
COMMAND: POST /session/bbd37991cd80103daa76f108f3796d35/element - {"using":"xpath","value":"//button[@data-kt=\"contractDetailEditBtnButton\"]"}
RESULT: {"using":"xpath","value":"//button[@data-kt=\"contractDetailEditBtnButton\"]"}
COMMAND: POST /session/bbd37991cd80103daa76f108f3796d35/element/f.BCC40A51FB0F962C15E825EB75C92327.d.35D6526D0D2F7B6CC994F3199986EC95.e.5126/click - {}
RESULT: {}
COMMAND: GET /session/bbd37991cd80103daa76f108f3796d35/screenshot - {}
RESULT: {}
COMMAND: POST /session/bbd37991cd80103daa76f108f3796d35/element - {"using":"xpath","value":"(//span[contains(text(), \"Additional Addresses\")])[2]"}
RESULT: {"using":"xpath","value":"(//span[contains(text(), \"Additional Addresses\")])[2]"}
COMMAND: POST /session/bbd37991cd80103daa76f108f3796d35/element/f.BCC40A51FB0F962C15E825EB75C92327.d.35D6526D0D2F7B6CC994F3199986EC95.e.5182/click - {}
RESULT: {}
COMMAND: GET /session/bbd37991cd80103daa76f108f3796d35/screenshot - {}
RESULT: {}
COMMAND: POST /session/bbd37991cd80103daa76f108f3796d35/element - {"using":"xpath","value":"//button[@data-kt=\"btnAddTableRowOverflowToolbarButton\"]"}
RESULT: {"using":"xpath","value":"//button[@data-kt=\"btnAddTableRowOverflowToolbarButton\"]"}
COMMAND: POST /session/bbd37991cd80103daa76f108f3796d35/element/f.BCC40A51FB0F962C15E825EB75C92327.d.35D6526D0D2F7B6CC994F3199986EC95.e.5184/click - {}
RESULT: {}
COMMAND: GET /session/bbd37991cd80103daa76f108f3796d35/screenshot - {}
RESULT: {}
COMMAND: POST /session/bbd37991cd80103daa76f108f3796d35/element - {"using":"xpath","value":"//div[(text() = 'Standard Entry' or . = 'Standard Entry')]"}
RESULT: {"using":"xpath","value":"//div[(text() = 'Standard Entry' or . = 'Standard Entry')]"}
COMMAND: POST /session/bbd37991cd80103daa76f108f3796d35/element/f.BCC40A51FB0F962C15E825EB75C92327.d.35D6526D0D2F7B6CC994F3199986EC95.e.5186/click - {}
RESULT: {}
COMMAND: GET /session/bbd37991cd80103daa76f108f3796d35/screenshot - {}
RESULT: {}
COMMAND: POST /session/bbd37991cd80103daa76f108f3796d35/element - {"using":"xpath","value":"//td[7]/div/div/input"}
RESULT: {"using":"xpath","value":"//td[7]/div/div/input"}
COMMAND: POST /session/bbd37991cd80103daa76f108f3796d35/element/f.BCC40A51FB0F962C15E825EB75C92327.d.35D6526D0D2F7B6CC994F3199986EC95.e.5195/clear - {}
RESULT: {}
COMMAND: POST /session/bbd37991cd80103daa76f108f3796d35/element/f.BCC40A51FB0F962C15E825EB75C92327.d.35D6526D0D2F7B6CC994F3199986EC95.e.5195/value - {"text":"jbwmkMbap0"}
COMMAND: GET /session/bbd37991cd80103daa76f108f3796d35/screenshot - {}
RESULT: {"text":"jbwmkMbap0"}
COMMAND: GET /session/bbd37991cd80103daa76f108f3796d35/screenshot - {}
RESULT: {}
RESULT: {}
COMMAND: POST /session/bbd37991cd80103daa76f108f3796d35/actions - {"actions":[{"id":"action18","type":"key","parameters":{},"actions":[{"type":"keyDown","value":"î€‡"},{"type":"pause","duration":10},{"type":"keyUp","value":"î€‡"}]}]}
RESULT: {"actions":[{"id":"action18","type":"key","parameters":{},"actions":[{"type":"keyDown","value":"î€‡"},{"type":"pause","duration":10},{"type":"keyUp","value":"î€‡"}]}]}
COMMAND: GET /session/bbd37991cd80103daa76f108f3796d35/screenshot - {}
RESULT: {}
COMMAND: POST /session/bbd37991cd80103daa76f108f3796d35/execute/sync - {"script":"<script> [276 bytes]","args":["No pricing information was found"]}
RESULT: {"script":"<script> [276 bytes]","args":["No pricing information was found"]}
COMMAND: POST /session/bbd37991cd80103daa76f108f3796d35/element - {"using":"xpath","value":"(//button[@data-kt=\"saveButton\"])[2]"}
COMMAND: GET /session/bbd37991cd80103daa76f108f3796d35/screenshot - {}
RESULT: {"using":"xpath","value":"(//button[@data-kt=\"saveButton\"])[2]"}
COMMAND: POST /session/bbd37991cd80103daa76f108f3796d35/element/f.BCC40A51FB0F962C15E825EB75C92327.d.35D6526D0D2F7B6CC994F3199986EC95.e.5210/click - {}
RESULT: {}
RESULT: {}
COMMAND: GET /session/bbd37991cd80103daa76f108f3796d35/screenshot - {}
RESULT: {}
COMMAND: POST /session/bbd37991cd80103daa76f108f3796d35/execute/sync - {"script":"<script> [276 bytes]","args":["Some contract items are having rental validity exceeding header rental validity"]}
RESULT: {"script":"<script> [276 bytes]","args":["Some contract items are having rental validity exceeding header rental validity"]}
COMMAND: GET /session/bbd37991cd80103daa76f108f3796d35/screenshot - {}
RESULT: {}
COMMAND: POST /session/bbd37991cd80103daa76f108f3796d35/element - {"using":"xpath","value":"//span[contains(@id ,\"contractItemsSmartTable-header-inner\")]"}
RESULT: {"using":"xpath","value":"//span[contains(@id ,\"contractItemsSmartTable-header-inner\")]"}
COMMAND: POST /session/bbd37991cd80103daa76f108f3796d35/elements - {"using":"xpath","value":"//span[contains(@id ,\"contractItemsSmartTable-header-inner\")]"}
RESULT: {"using":"xpath","value":"//span[contains(@id ,\"contractItemsSmartTable-header-inner\")]"}
COMMAND: POST /session/bbd37991cd80103daa76f108f3796d35/execute/sync - {"script":"<script> [56 bytes]","args":[{"element-6066-11e4-a52e-4f735466cecf":"f.BCC40A51FB0F962C15E825EB75C92327.d.35D6526D0D2F7B6CC994F3199986EC95.e.5217","ELEMENT":"f.BCC40A51FB0F962C15E825EB75C92327.d.35D6526D0D2F7B6CC994F3199986EC95.e.5217"}]}
RESULT: {"script":"<script> [56 bytes]","args":[{"element-6066-11e4-a52e-4f735466cecf":"f.BCC40A51FB0F962C15E825EB75C92327.d.35D6526D0D2F7B6CC994F3199986EC95.e.5217","ELEMENT":"f.BCC40A51FB0F962C15E825EB75C92327.d.35D6526D0D2F7B6CC994F3199986EC95.e.5217"}]}
]]></system-out>
    </testcase>
    <testcase classname="chrome.135_0_7049_96.windows.Billing_Transfer_-_Master_data_&amp;_Intercompany_US127250" name="Should do a provide to site handover" time="52.039">
      <system-out><![CDATA[
COMMAND: POST /session/bbd37991cd80103daa76f108f3796d35/element - {"using":"xpath","value":"//button[@data-kt=\"provideButton\"]"}
COMMAND: GET /session/bbd37991cd80103daa76f108f3796d35/screenshot - {}
RESULT: {"using":"xpath","value":"//button[@data-kt=\"provideButton\"]"}
COMMAND: POST /session/bbd37991cd80103daa76f108f3796d35/element/f.BCC40A51FB0F962C15E825EB75C92327.d.35D6526D0D2F7B6CC994F3199986EC95.e.5218/click - {}
RESULT: {}
RESULT: {}
COMMAND: GET /session/bbd37991cd80103daa76f108f3796d35/screenshot - {}
RESULT: {}
RESULT: undefined
COMMAND: POST /session/bbd37991cd80103daa76f108f3796d35/execute/async - {"script":"<script> [6424 bytes]","args":[{"element-6066-11e4-a52e-4f735466cecf":"f.BCC40A51FB0F962C15E825EB75C92327.d.35D6526D0D2F7B6CC994F3199986EC95.e.4149"},"setValue",["05/04/2025"]]}
COMMAND: POST /session/bbd37991cd80103daa76f108f3796d35/execute/async - {"script":"<script> [1562 bytes]","args":[{"selector":{"id":"application-managehandovers-display-component---AddNewHO--dueDate","interaction":{"idSuffix":"inner"}},"wdio_ui5_key":"applicationmanagehandovers-display-component---AddNewHO--dueDate"}]}
RESULT: {"script":"<script> [1562 bytes]","args":[{"selector":{"id":"application-managehandovers-display-component---AddNewHO--dueDate","interaction":{"idSuffix":"inner"}},"wdio_ui5_key":"applicationmanagehandovers-display-component---AddNewHO--dueDate"}]}
COMMAND: POST /session/bbd37991cd80103daa76f108f3796d35/execute/async - {"script":"<script> [6424 bytes]","args":[{"element-6066-11e4-a52e-4f735466cecf":"f.BCC40A51FB0F962C15E825EB75C92327.d.35D6526D0D2F7B6CC994F3199986EC95.e.5308"},"setValue",["05/04/2025"]]}
RESULT: {"script":"<script> [6424 bytes]","args":[{"element-6066-11e4-a52e-4f735466cecf":"f.BCC40A51FB0F962C15E825EB75C92327.d.35D6526D0D2F7B6CC994F3199986EC95.e.5308"},"setValue",["05/04/2025"]]}
COMMAND: POST /session/bbd37991cd80103daa76f108f3796d35/element - {"using":"xpath","value":"//bdi[contains(text(), \"Instructions\")]"}
RESULT: {"using":"xpath","value":"//bdi[contains(text(), \"Instructions\")]"}
COMMAND: POST /session/bbd37991cd80103daa76f108f3796d35/element/f.BCC40A51FB0F962C15E825EB75C92327.d.35D6526D0D2F7B6CC994F3199986EC95.e.5535/click - {}
RESULT: {}
COMMAND: GET /session/bbd37991cd80103daa76f108f3796d35/screenshot - {}
RESULT: {}
COMMAND: POST /session/bbd37991cd80103daa76f108f3796d35/element - {"using":"xpath","value":"//button[@data-kt=\"AddNewHOProvideAddItemsButton\"]"}
RESULT: {"using":"xpath","value":"//button[@data-kt=\"AddNewHOProvideAddItemsButton\"]"}
COMMAND: POST /session/bbd37991cd80103daa76f108f3796d35/element/f.BCC40A51FB0F962C15E825EB75C92327.d.35D6526D0D2F7B6CC994F3199986EC95.e.5539/click - {}
RESULT: {}
COMMAND: GET /session/bbd37991cd80103daa76f108f3796d35/screenshot - {}
RESULT: {}
RESULT: undefined
COMMAND: POST /session/bbd37991cd80103daa76f108f3796d35/element - {"using":"xpath","value":"//*[@id=\"application-managehandovers-display-component---AddNewHO--popup-sa\"]"}
RESULT: {"using":"xpath","value":"//*[@id=\"application-managehandovers-display-component---AddNewHO--popup-sa\"]"}
COMMAND: POST /session/bbd37991cd80103daa76f108f3796d35/element/f.BCC40A51FB0F962C15E825EB75C92327.d.35D6526D0D2F7B6CC994F3199986EC95.e.5548/click - {}
RESULT: {}
COMMAND: GET /session/bbd37991cd80103daa76f108f3796d35/screenshot - {}
RESULT: {}
COMMAND: POST /session/bbd37991cd80103daa76f108f3796d35/element - {"using":"xpath","value":"//*[contains(@id ,\"BDI-content\")][contains(text(), \"Select\")]"}
RESULT: {"using":"xpath","value":"//*[contains(@id ,\"BDI-content\")][contains(text(), \"Select\")]"}
COMMAND: POST /session/bbd37991cd80103daa76f108f3796d35/element/f.BCC40A51FB0F962C15E825EB75C92327.d.35D6526D0D2F7B6CC994F3199986EC95.e.5550/click - {}
RESULT: {}
COMMAND: GET /session/bbd37991cd80103daa76f108f3796d35/screenshot - {}
RESULT: {}
COMMAND: POST /session/bbd37991cd80103daa76f108f3796d35/execute/async - {"script":"<script> [1562 bytes]","args":[{"selector":{"id":"application-managehandovers-display-component---AddNewHO--confirmCreationButton","interaction":{"idSuffix":"BDI-content"}},"wdio_ui5_key":"applicationmanagehandovers-display-component---AddNewHO--confirmCreationButton"}]}
RESULT: {"script":"<script> [1562 bytes]","args":[{"selector":{"id":"application-managehandovers-display-component---AddNewHO--confirmCreationButton","interaction":{"idSuffix":"BDI-content"}},"wdio_ui5_key":"applicationmanagehandovers-display-component---AddNewHO--confirmCreationButton"}]}
RESULT: undefined
COMMAND: POST /session/bbd37991cd80103daa76f108f3796d35/element - {"using":"xpath","value":"//*[@id=\"application-managehandovers-display-component---AddNewHO--confirmCreationButton\"]"}
RESULT: {"using":"xpath","value":"//*[@id=\"application-managehandovers-display-component---AddNewHO--confirmCreationButton\"]"}
COMMAND: POST /session/bbd37991cd80103daa76f108f3796d35/element/f.BCC40A51FB0F962C15E825EB75C92327.d.35D6526D0D2F7B6CC994F3199986EC95.e.5355/click - {}
RESULT: {}
COMMAND: GET /session/bbd37991cd80103daa76f108f3796d35/screenshot - {}
RESULT: {}
COMMAND: POST /session/bbd37991cd80103daa76f108f3796d35/element - {"using":"xpath","value":"//button[@data-kt=\"PickingTableConfirmAllButton\"]"}
RESULT: {"using":"xpath","value":"//button[@data-kt=\"PickingTableConfirmAllButton\"]"}
COMMAND: POST /session/bbd37991cd80103daa76f108f3796d35/element/f.BCC40A51FB0F962C15E825EB75C92327.d.35D6526D0D2F7B6CC994F3199986EC95.e.5587/click - {}
COMMAND: POST /session/bbd37991cd80103daa76f108f3796d35/element - {"using":"xpath","value":"//button[@data-kt=\"PickingTableConfirmAllButton\"]"}
RESULT: {"using":"xpath","value":"//button[@data-kt=\"PickingTableConfirmAllButton\"]"}
COMMAND: POST /session/bbd37991cd80103daa76f108f3796d35/element/f.BCC40A51FB0F962C15E825EB75C92327.d.35D6526D0D2F7B6CC994F3199986EC95.e.5587/click - {}
COMMAND: POST /session/bbd37991cd80103daa76f108f3796d35/element - {"using":"xpath","value":"//button[@data-kt=\"PickingTableConfirmAllButton\"]"}
RESULT: {"using":"xpath","value":"//button[@data-kt=\"PickingTableConfirmAllButton\"]"}
COMMAND: POST /session/bbd37991cd80103daa76f108f3796d35/element/f.BCC40A51FB0F962C15E825EB75C92327.d.35D6526D0D2F7B6CC994F3199986EC95.e.5608/click - {}
RESULT: {}
COMMAND: GET /session/bbd37991cd80103daa76f108f3796d35/screenshot - {}
RESULT: {}
COMMAND: POST /session/bbd37991cd80103daa76f108f3796d35/element - {"using":"xpath","value":"//bdi[contains(text(), \"OK\")]"}
RESULT: {"using":"xpath","value":"//bdi[contains(text(), \"OK\")]"}
COMMAND: POST /session/bbd37991cd80103daa76f108f3796d35/element/f.BCC40A51FB0F962C15E825EB75C92327.d.35D6526D0D2F7B6CC994F3199986EC95.e.5611/click - {}
RESULT: {}
COMMAND: GET /session/bbd37991cd80103daa76f108f3796d35/screenshot - {}
RESULT: {}
COMMAND: POST /session/bbd37991cd80103daa76f108f3796d35/element - {"using":"xpath","value":"//bdi[contains(text(), \"Issue\")]"}
RESULT: {"using":"xpath","value":"//bdi[contains(text(), \"Issue\")]"}
COMMAND: POST /session/bbd37991cd80103daa76f108f3796d35/element/f.BCC40A51FB0F962C15E825EB75C92327.d.35D6526D0D2F7B6CC994F3199986EC95.e.5613/click - {}
RESULT: {}
COMMAND: GET /session/bbd37991cd80103daa76f108f3796d35/screenshot - {}
RESULT: {}
COMMAND: POST /session/bbd37991cd80103daa76f108f3796d35/element - {"using":"css selector","value":"#shell-header-logo"}
RESULT: {"using":"css selector","value":"#shell-header-logo"}
COMMAND: POST /session/bbd37991cd80103daa76f108f3796d35/element/f.BCC40A51FB0F962C15E825EB75C92327.d.35D6526D0D2F7B6CC994F3199986EC95.e.4663/click - {}
RESULT: {}
COMMAND: GET /session/bbd37991cd80103daa76f108f3796d35/screenshot - {}
RESULT: {}
]]></system-out>
    </testcase>
    <testcase classname="chrome.135_0_7049_96.windows.Billing_Transfer_-_Master_data_&amp;_Intercompany_US127250" name="Should go navigate to Manage Billings and trigger contract calculation check result" time="56.904">
      <system-out><![CDATA[
COMMAND: POST /session/bbd37991cd80103daa76f108f3796d35/execute/async - {"script":"<script> [1562 bytes]","args":[{"selector":{"controlType":"sap.m.GenericTile","properties":{"header":"Manage Billings"}},"wdio_ui5_key":"sapm.GenericTile{\"header\":\"Manage Billings\"}"}]}
RESULT: {"script":"<script> [1562 bytes]","args":[{"selector":{"controlType":"sap.m.GenericTile","properties":{"header":"Manage Billings"}},"wdio_ui5_key":"sapm.GenericTile{\"header\":\"Manage Billings\"}"}]}
RESULT: undefined
COMMAND: POST /session/bbd37991cd80103daa76f108f3796d35/element - {"using":"xpath","value":"//*[@id=\"__tile51\"]"}
RESULT: {"using":"xpath","value":"//*[@id=\"__tile51\"]"}
COMMAND: POST /session/bbd37991cd80103daa76f108f3796d35/element/f.BCC40A51FB0F962C15E825EB75C92327.d.35D6526D0D2F7B6CC994F3199986EC95.e.193/click - {}
RESULT: {}
COMMAND: GET /session/bbd37991cd80103daa76f108f3796d35/screenshot - {}
RESULT: {}
COMMAND: POST /session/bbd37991cd80103daa76f108f3796d35/execute/async - {"script":"<script> [1562 bytes]","args":[{"selector":{"id":"application-managebillings-display-component---billRunCalcResult--smartFilterBar-btnBasicSearch","interaction":{"idSuffix":"I"}},"wdio_ui5_key":"applicationmanagebillings-display-component---billRunCalcResult--smartFilterBar-btnBasicSearch"}]}
RESULT: {"script":"<script> [1562 bytes]","args":[{"selector":{"id":"application-managebillings-display-component---billRunCalcResult--smartFilterBar-btnBasicSearch","interaction":{"idSuffix":"I"}},"wdio_ui5_key":"applicationmanagebillings-display-component---billRunCalcResult--smartFilterBar-btnBasicSearch"}]}
RESULT: undefined
COMMAND: POST /session/bbd37991cd80103daa76f108f3796d35/execute/async - {"script":"<script> [776 bytes]","args":[{"enterText":"10502","selector":{"id":"application-managebillings-display-component---billRunCalcResult--smartFilterBar-btnBasicSearch","interaction":{"idSuffix":"I"}},"clearTextFirst":true,"interactionType":"ENTER_TEXT"}]}
RESULT: {"script":"<script> [776 bytes]","args":[{"enterText":"10502","selector":{"id":"application-managebillings-display-component---billRunCalcResult--smartFilterBar-btnBasicSearch","interaction":{"idSuffix":"I"}},"clearTextFirst":true,"interactionType":"ENTER_TEXT"}]}
COMMAND: POST /session/bbd37991cd80103daa76f108f3796d35/actions - {"actions":[{"id":"action19","type":"key","parameters":{},"actions":[{"type":"keyDown","value":"î€‡"},{"type":"pause","duration":10},{"type":"keyUp","value":"î€‡"}]}]}
RESULT: {"actions":[{"id":"action19","type":"key","parameters":{},"actions":[{"type":"keyDown","value":"î€‡"},{"type":"pause","duration":10},{"type":"keyUp","value":"î€‡"}]}]}
COMMAND: GET /session/bbd37991cd80103daa76f108f3796d35/screenshot - {}
RESULT: {}
COMMAND: POST /session/bbd37991cd80103daa76f108f3796d35/element - {"using":"xpath","value":"//td[@aria-colindex=\"1\"]/div/div[contains(@class, \"sapMCbBg\")]"}
RESULT: {"using":"xpath","value":"//td[@aria-colindex=\"1\"]/div/div[contains(@class, \"sapMCbBg\")]"}
COMMAND: POST /session/bbd37991cd80103daa76f108f3796d35/element/f.BCC40A51FB0F962C15E825EB75C92327.d.35D6526D0D2F7B6CC994F3199986EC95.e.6004/click - {}
RESULT: {}
COMMAND: GET /session/bbd37991cd80103daa76f108f3796d35/screenshot - {}
RESULT: {}
COMMAND: POST /session/bbd37991cd80103daa76f108f3796d35/execute/async - {"script":"<script> [1562 bytes]","args":[{"selector":{"id":"application-managebillings-display-component---billRunCalcResult--contractBillRunDate","interaction":{"idSuffix":"inner"}},"wdio_ui5_key":"applicationmanagebillings-display-component---billRunCalcResult--contractBillRunDate"}]}
RESULT: {"script":"<script> [1562 bytes]","args":[{"selector":{"id":"application-managebillings-display-component---billRunCalcResult--contractBillRunDate","interaction":{"idSuffix":"inner"}},"wdio_ui5_key":"applicationmanagebillings-display-component---billRunCalcResult--contractBillRunDate"}]}
RESULT: undefined
COMMAND: POST /session/bbd37991cd80103daa76f108f3796d35/execute/async - {"script":"<script> [776 bytes]","args":[{"enterText":"06/04/25","selector":{"id":"application-managebillings-display-component---billRunCalcResult--contractBillRunDate","interaction":{"idSuffix":"inner"}},"clearTextFirst":true,"interactionType":"ENTER_TEXT"}]}
RESULT: {"script":"<script> [776 bytes]","args":[{"enterText":"06/04/25","selector":{"id":"application-managebillings-display-component---billRunCalcResult--contractBillRunDate","interaction":{"idSuffix":"inner"}},"clearTextFirst":true,"interactionType":"ENTER_TEXT"}]}
COMMAND: POST /session/bbd37991cd80103daa76f108f3796d35/element - {"using":"xpath","value":"//bdi[contains(text(), \"Trigger Calculation\")]"}
RESULT: {"using":"xpath","value":"//bdi[contains(text(), \"Trigger Calculation\")]"}
COMMAND: POST /session/bbd37991cd80103daa76f108f3796d35/element/f.BCC40A51FB0F962C15E825EB75C92327.d.35D6526D0D2F7B6CC994F3199986EC95.e.6055/click - {}
RESULT: {}
COMMAND: GET /session/bbd37991cd80103daa76f108f3796d35/screenshot - {}
RESULT: {}
COMMAND: POST /session/bbd37991cd80103daa76f108f3796d35/element - {"using":"xpath","value":"(//span[contains(@id, \"imgNav\")])[1]"}
RESULT: {"using":"xpath","value":"(//span[contains(@id, \"imgNav\")])[1]"}
COMMAND: POST /session/bbd37991cd80103daa76f108f3796d35/element/f.BCC40A51FB0F962C15E825EB75C92327.d.35D6526D0D2F7B6CC994F3199986EC95.e.6005/click - {}
RESULT: {}
COMMAND: GET /session/bbd37991cd80103daa76f108f3796d35/screenshot - {}
RESULT: {}
COMMAND: POST /session/bbd37991cd80103daa76f108f3796d35/element - {"using":"xpath","value":"//tr/td[6]/div[1]/span[1]/span[1]"}
RESULT: {"using":"xpath","value":"//tr/td[6]/div[1]/span[1]/span[1]"}
COMMAND: GET /session/bbd37991cd80103daa76f108f3796d35/element/f.BCC40A51FB0F962C15E825EB75C92327.d.35D6526D0D2F7B6CC994F3199986EC95.e.6060/text - {}
RESULT: {}
COMMAND: POST /session/bbd37991cd80103daa76f108f3796d35/element - {"using":"xpath","value":"(//span[contains(@id, \"imgNav\")])[2]"}
RESULT: {"using":"xpath","value":"(//span[contains(@id, \"imgNav\")])[2]"}
COMMAND: POST /session/bbd37991cd80103daa76f108f3796d35/element/f.BCC40A51FB0F962C15E825EB75C92327.d.35D6526D0D2F7B6CC994F3199986EC95.e.6061/click - {}
RESULT: {}
COMMAND: POST /session/bbd37991cd80103daa76f108f3796d35/element - {"using":"xpath","value":"//bdi[contains(text(), \"Business Confirm\")]"}
COMMAND: GET /session/bbd37991cd80103daa76f108f3796d35/screenshot - {}
RESULT: {"using":"xpath","value":"//bdi[contains(text(), \"Business Confirm\")]"}
COMMAND: POST /session/bbd37991cd80103daa76f108f3796d35/elements - {"using":"xpath","value":"//bdi[contains(text(), \"Business Confirm\")]"}
RESULT: {}
RESULT: {"using":"xpath","value":"//bdi[contains(text(), \"Business Confirm\")]"}
COMMAND: POST /session/bbd37991cd80103daa76f108f3796d35/element - {"using":"xpath","value":"//bdi[contains(text(), \"Business Confirm\")]"}
RESULT: {"using":"xpath","value":"//bdi[contains(text(), \"Business Confirm\")]"}
COMMAND: POST /session/bbd37991cd80103daa76f108f3796d35/element/f.BCC40A51FB0F962C15E825EB75C92327.d.35D6526D0D2F7B6CC994F3199986EC95.e.6113/click - {}
RESULT: {}
COMMAND: POST /session/bbd37991cd80103daa76f108f3796d35/element - {"using":"css selector","value":"#shell-header-logo"}
COMMAND: GET /session/bbd37991cd80103daa76f108f3796d35/screenshot - {}
RESULT: {"using":"css selector","value":"#shell-header-logo"}
COMMAND: POST /session/bbd37991cd80103daa76f108f3796d35/element/f.BCC40A51FB0F962C15E825EB75C92327.d.35D6526D0D2F7B6CC994F3199986EC95.e.5794/click - {}
RESULT: {}
RESULT: {}
COMMAND: GET /session/bbd37991cd80103daa76f108f3796d35/screenshot - {}
RESULT: {}
]]></system-out>
    </testcase>
    <testcase classname="chrome.135_0_7049_96.windows.Billing_Transfer_-_Master_data_&amp;_Intercompany_US127250" name="Should do Billing Transfer all the way into invoice open for intercompany case" time="84.955">
      <system-out><![CDATA[
COMMAND: POST /session/bbd37991cd80103daa76f108f3796d35/execute/async - {"script":"<script> [1562 bytes]","args":[{"selector":{"controlType":"sap.m.GenericTile","properties":{"header":"Billing Transfer"}},"wdio_ui5_key":"sapm.GenericTile{\"header\":\"Billing Transfer\"}"}]}
RESULT: {"script":"<script> [1562 bytes]","args":[{"selector":{"controlType":"sap.m.GenericTile","properties":{"header":"Billing Transfer"}},"wdio_ui5_key":"sapm.GenericTile{\"header\":\"Billing Transfer\"}"}]}
RESULT: undefined
COMMAND: POST /session/bbd37991cd80103daa76f108f3796d35/element - {"using":"xpath","value":"//*[@id=\"__tile50\"]"}
RESULT: {"using":"xpath","value":"//*[@id=\"__tile50\"]"}
COMMAND: POST /session/bbd37991cd80103daa76f108f3796d35/element/f.BCC40A51FB0F962C15E825EB75C92327.d.35D6526D0D2F7B6CC994F3199986EC95.e.191/click - {}
RESULT: {}
COMMAND: POST /session/bbd37991cd80103daa76f108f3796d35/element - {"using":"xpath","value":"//input[contains(@id ,\"application-billingtransfer-display-component---billingWorkbench--smartFilterBar-btnBasicSearch\")]"}
COMMAND: GET /session/bbd37991cd80103daa76f108f3796d35/screenshot - {}
RESULT: {"using":"xpath","value":"//input[contains(@id ,\"application-billingtransfer-display-component---billingWorkbench--smartFilterBar-btnBasicSearch\")]"}
COMMAND: POST /session/bbd37991cd80103daa76f108f3796d35/elements - {"using":"xpath","value":"//input[contains(@id ,\"application-billingtransfer-display-component---billingWorkbench--smartFilterBar-btnBasicSearch\")]"}
RESULT: {}
RESULT: {"using":"xpath","value":"//input[contains(@id ,\"application-billingtransfer-display-component---billingWorkbench--smartFilterBar-btnBasicSearch\")]"}
COMMAND: POST /session/bbd37991cd80103daa76f108f3796d35/elements - {"using":"xpath","value":"//input[contains(@id ,\"application-billingtransfer-display-component---billingWorkbench--smartFilterBar-btnBasicSearch\")]"}
RESULT: {"using":"xpath","value":"//input[contains(@id ,\"application-billingtransfer-display-component---billingWorkbench--smartFilterBar-btnBasicSearch\")]"}
COMMAND: POST /session/bbd37991cd80103daa76f108f3796d35/elements - {"using":"xpath","value":"//input[contains(@id ,\"application-billingtransfer-display-component---billingWorkbench--smartFilterBar-btnBasicSearch\")]"}
RESULT: {"using":"xpath","value":"//input[contains(@id ,\"application-billingtransfer-display-component---billingWorkbench--smartFilterBar-btnBasicSearch\")]"}
COMMAND: POST /session/bbd37991cd80103daa76f108f3796d35/elements - {"using":"xpath","value":"//input[contains(@id ,\"application-billingtransfer-display-component---billingWorkbench--smartFilterBar-btnBasicSearch\")]"}
RESULT: {"using":"xpath","value":"//input[contains(@id ,\"application-billingtransfer-display-component---billingWorkbench--smartFilterBar-btnBasicSearch\")]"}
COMMAND: POST /session/bbd37991cd80103daa76f108f3796d35/element - {"using":"xpath","value":"//input[contains(@id ,\"application-billingtransfer-display-component---billingWorkbench--smartFilterBar-btnBasicSearch\")]"}
RESULT: {"using":"xpath","value":"//input[contains(@id ,\"application-billingtransfer-display-component---billingWorkbench--smartFilterBar-btnBasicSearch\")]"}
COMMAND: POST /session/bbd37991cd80103daa76f108f3796d35/execute/sync - {"script":"<script> [8489 bytes]","args":[{"element-6066-11e4-a52e-4f735466cecf":"f.BCC40A51FB0F962C15E825EB75C92327.d.35D6526D0D2F7B6CC994F3199986EC95.e.6143","ELEMENT":"f.BCC40A51FB0F962C15E825EB75C92327.d.35D6526D0D2F7B6CC994F3199986EC95.e.6143"}]}
RESULT: {"script":"<script> [8489 bytes]","args":[{"element-6066-11e4-a52e-4f735466cecf":"f.BCC40A51FB0F962C15E825EB75C92327.d.35D6526D0D2F7B6CC994F3199986EC95.e.6143","ELEMENT":"f.BCC40A51FB0F962C15E825EB75C92327.d.35D6526D0D2F7B6CC994F3199986EC95.e.6143"}]}
COMMAND: GET /session/bbd37991cd80103daa76f108f3796d35/element/f.BCC40A51FB0F962C15E825EB75C92327.d.35D6526D0D2F7B6CC994F3199986EC95.e.6143/enabled - {}
COMMAND: GET /session/bbd37991cd80103daa76f108f3796d35/screenshot - {}
RESULT: {}
COMMAND: POST /session/bbd37991cd80103daa76f108f3796d35/element/f.BCC40A51FB0F962C15E825EB75C92327.d.35D6526D0D2F7B6CC994F3199986EC95.e.6143/click - {}
COMMAND: GET /session/bbd37991cd80103daa76f108f3796d35/screenshot - {}
RESULT: {}
RESULT: {}
COMMAND: GET /session/bbd37991cd80103daa76f108f3796d35/screenshot - {}
RESULT: {}
RESULT: {}
COMMAND: POST /session/bbd37991cd80103daa76f108f3796d35/element/f.BCC40A51FB0F962C15E825EB75C92327.d.35D6526D0D2F7B6CC994F3199986EC95.e.6143/clear - {}
RESULT: {}
COMMAND: POST /session/bbd37991cd80103daa76f108f3796d35/element/f.BCC40A51FB0F962C15E825EB75C92327.d.35D6526D0D2F7B6CC994F3199986EC95.e.6143/value - {"text":"10502"}
COMMAND: GET /session/bbd37991cd80103daa76f108f3796d35/screenshot - {}
RESULT: {"text":"10502"}
COMMAND: POST /session/bbd37991cd80103daa76f108f3796d35/actions - {"actions":[{"id":"action20","type":"key","parameters":{},"actions":[{"type":"keyDown","value":"î€‡"},{"type":"pause","duration":10},{"type":"keyUp","value":"î€‡"}]}]}
COMMAND: GET /session/bbd37991cd80103daa76f108f3796d35/screenshot - {}
RESULT: {}
RESULT: {"actions":[{"id":"action20","type":"key","parameters":{},"actions":[{"type":"keyDown","value":"î€‡"},{"type":"pause","duration":10},{"type":"keyUp","value":"î€‡"}]}]}
COMMAND: GET /session/bbd37991cd80103daa76f108f3796d35/screenshot - {}
RESULT: {}
RESULT: {}
COMMAND: POST /session/bbd37991cd80103daa76f108f3796d35/element - {"using":"xpath","value":"//span[contains(@id ,\"application-billingtransfer-display-component---billingWorkbench--smartTableBillingRuns-header-inner\")]"}
RESULT: {"using":"xpath","value":"//span[contains(@id ,\"application-billingtransfer-display-component---billingWorkbench--smartTableBillingRuns-header-inner\")]"}
COMMAND: POST /session/bbd37991cd80103daa76f108f3796d35/elements - {"using":"xpath","value":"//span[contains(@id ,\"application-billingtransfer-display-component---billingWorkbench--smartTableBillingRuns-header-inner\")]"}
RESULT: {"using":"xpath","value":"//span[contains(@id ,\"application-billingtransfer-display-component---billingWorkbench--smartTableBillingRuns-header-inner\")]"}
COMMAND: POST /session/bbd37991cd80103daa76f108f3796d35/execute/sync - {"script":"<script> [56 bytes]","args":[{"element-6066-11e4-a52e-4f735466cecf":"f.BCC40A51FB0F962C15E825EB75C92327.d.35D6526D0D2F7B6CC994F3199986EC95.e.6308","ELEMENT":"f.BCC40A51FB0F962C15E825EB75C92327.d.35D6526D0D2F7B6CC994F3199986EC95.e.6308"}]}
RESULT: {"script":"<script> [56 bytes]","args":[{"element-6066-11e4-a52e-4f735466cecf":"f.BCC40A51FB0F962C15E825EB75C92327.d.35D6526D0D2F7B6CC994F3199986EC95.e.6308","ELEMENT":"f.BCC40A51FB0F962C15E825EB75C92327.d.35D6526D0D2F7B6CC994F3199986EC95.e.6308"}]}
COMMAND: POST /session/bbd37991cd80103daa76f108f3796d35/element - {"using":"xpath","value":"//td[@aria-colindex=\"1\"]/div/div[contains(@class, \"sapMCbBg\")]"}
COMMAND: GET /session/bbd37991cd80103daa76f108f3796d35/screenshot - {}
RESULT: {}
RESULT: {"using":"xpath","value":"//td[@aria-colindex=\"1\"]/div/div[contains(@class, \"sapMCbBg\")]"}
COMMAND: POST /session/bbd37991cd80103daa76f108f3796d35/element/f.BCC40A51FB0F962C15E825EB75C92327.d.35D6526D0D2F7B6CC994F3199986EC95.e.6261/click - {}
RESULT: {}
COMMAND: GET /session/bbd37991cd80103daa76f108f3796d35/screenshot - {}
RESULT: {}
COMMAND: POST /session/bbd37991cd80103daa76f108f3796d35/element - {"using":"xpath","value":"//bdi[contains(text(), \"Check\")]"}
RESULT: {"using":"xpath","value":"//bdi[contains(text(), \"Check\")]"}
COMMAND: POST /session/bbd37991cd80103daa76f108f3796d35/element/f.BCC40A51FB0F962C15E825EB75C92327.d.35D6526D0D2F7B6CC994F3199986EC95.e.6309/click - {}
RESULT: {}
COMMAND: GET /session/bbd37991cd80103daa76f108f3796d35/screenshot - {}
RESULT: {}
COMMAND: POST /session/bbd37991cd80103daa76f108f3796d35/element - {"using":"xpath","value":"//bdi[contains(text(), \"OK\")]"}
RESULT: {"using":"xpath","value":"//bdi[contains(text(), \"OK\")]"}
COMMAND: POST /session/bbd37991cd80103daa76f108f3796d35/element/f.BCC40A51FB0F962C15E825EB75C92327.d.35D6526D0D2F7B6CC994F3199986EC95.e.6312/click - {}
RESULT: {}
COMMAND: GET /session/bbd37991cd80103daa76f108f3796d35/screenshot - {}
RESULT: {}
COMMAND: POST /session/bbd37991cd80103daa76f108f3796d35/element - {"using":"xpath","value":"(//span[contains(text(), \"CO/SD checked\")]/parent::div/preceding-sibling::div/span)[1]"}
RESULT: {"using":"xpath","value":"(//span[contains(text(), \"CO/SD checked\")]/parent::div/preceding-sibling::div/span)[1]"}
COMMAND: POST /session/bbd37991cd80103daa76f108f3796d35/element/f.BCC40A51FB0F962C15E825EB75C92327.d.35D6526D0D2F7B6CC994F3199986EC95.e.6314/click - {}
RESULT: {}
COMMAND: GET /session/bbd37991cd80103daa76f108f3796d35/screenshot - {}
RESULT: {}
COMMAND: POST /session/bbd37991cd80103daa76f108f3796d35/element - {"using":"xpath","value":"//input[contains(@id ,\"application-billingtransfer-display-component---billingWorkbench--smartFilterBar-btnBasicSearch\")]"}
RESULT: {"using":"xpath","value":"//input[contains(@id ,\"application-billingtransfer-display-component---billingWorkbench--smartFilterBar-btnBasicSearch\")]"}
COMMAND: POST /session/bbd37991cd80103daa76f108f3796d35/elements - {"using":"xpath","value":"//input[contains(@id ,\"application-billingtransfer-display-component---billingWorkbench--smartFilterBar-btnBasicSearch\")]"}
RESULT: {"using":"xpath","value":"//input[contains(@id ,\"application-billingtransfer-display-component---billingWorkbench--smartFilterBar-btnBasicSearch\")]"}
COMMAND: POST /session/bbd37991cd80103daa76f108f3796d35/execute/sync - {"script":"<script> [8489 bytes]","args":[{"element-6066-11e4-a52e-4f735466cecf":"f.BCC40A51FB0F962C15E825EB75C92327.d.35D6526D0D2F7B6CC994F3199986EC95.e.6143","ELEMENT":"f.BCC40A51FB0F962C15E825EB75C92327.d.35D6526D0D2F7B6CC994F3199986EC95.e.6143"}]}
RESULT: {"script":"<script> [8489 bytes]","args":[{"element-6066-11e4-a52e-4f735466cecf":"f.BCC40A51FB0F962C15E825EB75C92327.d.35D6526D0D2F7B6CC994F3199986EC95.e.6143","ELEMENT":"f.BCC40A51FB0F962C15E825EB75C92327.d.35D6526D0D2F7B6CC994F3199986EC95.e.6143"}]}
COMMAND: GET /session/bbd37991cd80103daa76f108f3796d35/element/f.BCC40A51FB0F962C15E825EB75C92327.d.35D6526D0D2F7B6CC994F3199986EC95.e.6143/enabled - {}
COMMAND: GET /session/bbd37991cd80103daa76f108f3796d35/screenshot - {}
RESULT: {}
COMMAND: POST /session/bbd37991cd80103daa76f108f3796d35/element/f.BCC40A51FB0F962C15E825EB75C92327.d.35D6526D0D2F7B6CC994F3199986EC95.e.6143/click - {}
COMMAND: GET /session/bbd37991cd80103daa76f108f3796d35/screenshot - {}
RESULT: {}
RESULT: {}
COMMAND: GET /session/bbd37991cd80103daa76f108f3796d35/screenshot - {}
RESULT: {}
RESULT: {}
COMMAND: POST /session/bbd37991cd80103daa76f108f3796d35/element/f.BCC40A51FB0F962C15E825EB75C92327.d.35D6526D0D2F7B6CC994F3199986EC95.e.6143/clear - {}
RESULT: {}
COMMAND: POST /session/bbd37991cd80103daa76f108f3796d35/element/f.BCC40A51FB0F962C15E825EB75C92327.d.35D6526D0D2F7B6CC994F3199986EC95.e.6143/value - {"text":"10502"}
COMMAND: GET /session/bbd37991cd80103daa76f108f3796d35/screenshot - {}
RESULT: {"text":"10502"}
COMMAND: POST /session/bbd37991cd80103daa76f108f3796d35/actions - {"actions":[{"id":"action21","type":"key","parameters":{},"actions":[{"type":"keyDown","value":"î€‡"},{"type":"pause","duration":10},{"type":"keyUp","value":"î€‡"}]}]}
COMMAND: GET /session/bbd37991cd80103daa76f108f3796d35/screenshot - {}
RESULT: {}
RESULT: {"actions":[{"id":"action21","type":"key","parameters":{},"actions":[{"type":"keyDown","value":"î€‡"},{"type":"pause","duration":10},{"type":"keyUp","value":"î€‡"}]}]}
COMMAND: GET /session/bbd37991cd80103daa76f108f3796d35/screenshot - {}
RESULT: {}
RESULT: {}
COMMAND: POST /session/bbd37991cd80103daa76f108f3796d35/element - {"using":"xpath","value":"//span[contains(@id ,\"application-billingtransfer-display-component---billingWorkbench--smartTableBillingRuns-header-inner\")]"}
RESULT: {"using":"xpath","value":"//span[contains(@id ,\"application-billingtransfer-display-component---billingWorkbench--smartTableBillingRuns-header-inner\")]"}
COMMAND: POST /session/bbd37991cd80103daa76f108f3796d35/elements - {"using":"xpath","value":"//span[contains(@id ,\"application-billingtransfer-display-component---billingWorkbench--smartTableBillingRuns-header-inner\")]"}
RESULT: {"using":"xpath","value":"//span[contains(@id ,\"application-billingtransfer-display-component---billingWorkbench--smartTableBillingRuns-header-inner\")]"}
COMMAND: POST /session/bbd37991cd80103daa76f108f3796d35/execute/sync - {"script":"<script> [56 bytes]","args":[{"element-6066-11e4-a52e-4f735466cecf":"f.BCC40A51FB0F962C15E825EB75C92327.d.35D6526D0D2F7B6CC994F3199986EC95.e.6308","ELEMENT":"f.BCC40A51FB0F962C15E825EB75C92327.d.35D6526D0D2F7B6CC994F3199986EC95.e.6308"}]}
RESULT: {"script":"<script> [56 bytes]","args":[{"element-6066-11e4-a52e-4f735466cecf":"f.BCC40A51FB0F962C15E825EB75C92327.d.35D6526D0D2F7B6CC994F3199986EC95.e.6308","ELEMENT":"f.BCC40A51FB0F962C15E825EB75C92327.d.35D6526D0D2F7B6CC994F3199986EC95.e.6308"}]}
COMMAND: GET /session/bbd37991cd80103daa76f108f3796d35/screenshot - {}
RESULT: {}
COMMAND: POST /session/bbd37991cd80103daa76f108f3796d35/execute/sync - {"script":"<script> [56 bytes]","args":[{"element-6066-11e4-a52e-4f735466cecf":"f.BCC40A51FB0F962C15E825EB75C92327.d.35D6526D0D2F7B6CC994F3199986EC95.e.6308","ELEMENT":"f.BCC40A51FB0F962C15E825EB75C92327.d.35D6526D0D2F7B6CC994F3199986EC95.e.6308"}]}
RESULT: {"script":"<script> [56 bytes]","args":[{"element-6066-11e4-a52e-4f735466cecf":"f.BCC40A51FB0F962C15E825EB75C92327.d.35D6526D0D2F7B6CC994F3199986EC95.e.6308","ELEMENT":"f.BCC40A51FB0F962C15E825EB75C92327.d.35D6526D0D2F7B6CC994F3199986EC95.e.6308"}]}
COMMAND: GET /session/bbd37991cd80103daa76f108f3796d35/screenshot - {}
RESULT: {}
COMMAND: POST /session/bbd37991cd80103daa76f108f3796d35/execute/sync - {"script":"<script> [56 bytes]","args":[{"element-6066-11e4-a52e-4f735466cecf":"f.BCC40A51FB0F962C15E825EB75C92327.d.35D6526D0D2F7B6CC994F3199986EC95.e.6308","ELEMENT":"f.BCC40A51FB0F962C15E825EB75C92327.d.35D6526D0D2F7B6CC994F3199986EC95.e.6308"}]}
RESULT: {"script":"<script> [56 bytes]","args":[{"element-6066-11e4-a52e-4f735466cecf":"f.BCC40A51FB0F962C15E825EB75C92327.d.35D6526D0D2F7B6CC994F3199986EC95.e.6308","ELEMENT":"f.BCC40A51FB0F962C15E825EB75C92327.d.35D6526D0D2F7B6CC994F3199986EC95.e.6308"}]}
COMMAND: GET /session/bbd37991cd80103daa76f108f3796d35/screenshot - {}
RESULT: {}
COMMAND: POST /session/bbd37991cd80103daa76f108f3796d35/execute/sync - {"script":"<script> [56 bytes]","args":[{"element-6066-11e4-a52e-4f735466cecf":"f.BCC40A51FB0F962C15E825EB75C92327.d.35D6526D0D2F7B6CC994F3199986EC95.e.6308","ELEMENT":"f.BCC40A51FB0F962C15E825EB75C92327.d.35D6526D0D2F7B6CC994F3199986EC95.e.6308"}]}
RESULT: {"script":"<script> [56 bytes]","args":[{"element-6066-11e4-a52e-4f735466cecf":"f.BCC40A51FB0F962C15E825EB75C92327.d.35D6526D0D2F7B6CC994F3199986EC95.e.6308","ELEMENT":"f.BCC40A51FB0F962C15E825EB75C92327.d.35D6526D0D2F7B6CC994F3199986EC95.e.6308"}]}
COMMAND: GET /session/bbd37991cd80103daa76f108f3796d35/screenshot - {}
RESULT: {}
COMMAND: POST /session/bbd37991cd80103daa76f108f3796d35/execute/sync - {"script":"<script> [56 bytes]","args":[{"element-6066-11e4-a52e-4f735466cecf":"f.BCC40A51FB0F962C15E825EB75C92327.d.35D6526D0D2F7B6CC994F3199986EC95.e.6308","ELEMENT":"f.BCC40A51FB0F962C15E825EB75C92327.d.35D6526D0D2F7B6CC994F3199986EC95.e.6308"}]}
RESULT: {"script":"<script> [56 bytes]","args":[{"element-6066-11e4-a52e-4f735466cecf":"f.BCC40A51FB0F962C15E825EB75C92327.d.35D6526D0D2F7B6CC994F3199986EC95.e.6308","ELEMENT":"f.BCC40A51FB0F962C15E825EB75C92327.d.35D6526D0D2F7B6CC994F3199986EC95.e.6308"}]}
COMMAND: GET /session/bbd37991cd80103daa76f108f3796d35/screenshot - {}
RESULT: {}
COMMAND: POST /session/bbd37991cd80103daa76f108f3796d35/execute/sync - {"script":"<script> [56 bytes]","args":[{"element-6066-11e4-a52e-4f735466cecf":"f.BCC40A51FB0F962C15E825EB75C92327.d.35D6526D0D2F7B6CC994F3199986EC95.e.6308","ELEMENT":"f.BCC40A51FB0F962C15E825EB75C92327.d.35D6526D0D2F7B6CC994F3199986EC95.e.6308"}]}
RESULT: {"script":"<script> [56 bytes]","args":[{"element-6066-11e4-a52e-4f735466cecf":"f.BCC40A51FB0F962C15E825EB75C92327.d.35D6526D0D2F7B6CC994F3199986EC95.e.6308","ELEMENT":"f.BCC40A51FB0F962C15E825EB75C92327.d.35D6526D0D2F7B6CC994F3199986EC95.e.6308"}]}
COMMAND: GET /session/bbd37991cd80103daa76f108f3796d35/screenshot - {}
RESULT: {}
COMMAND: POST /session/bbd37991cd80103daa76f108f3796d35/execute/sync - {"script":"<script> [56 bytes]","args":[{"element-6066-11e4-a52e-4f735466cecf":"f.BCC40A51FB0F962C15E825EB75C92327.d.35D6526D0D2F7B6CC994F3199986EC95.e.6308","ELEMENT":"f.BCC40A51FB0F962C15E825EB75C92327.d.35D6526D0D2F7B6CC994F3199986EC95.e.6308"}]}
RESULT: {"script":"<script> [56 bytes]","args":[{"element-6066-11e4-a52e-4f735466cecf":"f.BCC40A51FB0F962C15E825EB75C92327.d.35D6526D0D2F7B6CC994F3199986EC95.e.6308","ELEMENT":"f.BCC40A51FB0F962C15E825EB75C92327.d.35D6526D0D2F7B6CC994F3199986EC95.e.6308"}]}
COMMAND: GET /session/bbd37991cd80103daa76f108f3796d35/screenshot - {}
RESULT: {}
COMMAND: POST /session/bbd37991cd80103daa76f108f3796d35/execute/sync - {"script":"<script> [56 bytes]","args":[{"element-6066-11e4-a52e-4f735466cecf":"f.BCC40A51FB0F962C15E825EB75C92327.d.35D6526D0D2F7B6CC994F3199986EC95.e.6308","ELEMENT":"f.BCC40A51FB0F962C15E825EB75C92327.d.35D6526D0D2F7B6CC994F3199986EC95.e.6308"}]}
RESULT: {"script":"<script> [56 bytes]","args":[{"element-6066-11e4-a52e-4f735466cecf":"f.BCC40A51FB0F962C15E825EB75C92327.d.35D6526D0D2F7B6CC994F3199986EC95.e.6308","ELEMENT":"f.BCC40A51FB0F962C15E825EB75C92327.d.35D6526D0D2F7B6CC994F3199986EC95.e.6308"}]}
COMMAND: GET /session/bbd37991cd80103daa76f108f3796d35/screenshot - {}
RESULT: {}
COMMAND: POST /session/bbd37991cd80103daa76f108f3796d35/execute/sync - {"script":"<script> [56 bytes]","args":[{"element-6066-11e4-a52e-4f735466cecf":"f.BCC40A51FB0F962C15E825EB75C92327.d.35D6526D0D2F7B6CC994F3199986EC95.e.6308","ELEMENT":"f.BCC40A51FB0F962C15E825EB75C92327.d.35D6526D0D2F7B6CC994F3199986EC95.e.6308"}]}
RESULT: {"script":"<script> [56 bytes]","args":[{"element-6066-11e4-a52e-4f735466cecf":"f.BCC40A51FB0F962C15E825EB75C92327.d.35D6526D0D2F7B6CC994F3199986EC95.e.6308","ELEMENT":"f.BCC40A51FB0F962C15E825EB75C92327.d.35D6526D0D2F7B6CC994F3199986EC95.e.6308"}]}
COMMAND: GET /session/bbd37991cd80103daa76f108f3796d35/screenshot - {}
RESULT: {}
COMMAND: POST /session/bbd37991cd80103daa76f108f3796d35/execute/sync - {"script":"<script> [56 bytes]","args":[{"element-6066-11e4-a52e-4f735466cecf":"f.BCC40A51FB0F962C15E825EB75C92327.d.35D6526D0D2F7B6CC994F3199986EC95.e.6308","ELEMENT":"f.BCC40A51FB0F962C15E825EB75C92327.d.35D6526D0D2F7B6CC994F3199986EC95.e.6308"}]}
RESULT: {"script":"<script> [56 bytes]","args":[{"element-6066-11e4-a52e-4f735466cecf":"f.BCC40A51FB0F962C15E825EB75C92327.d.35D6526D0D2F7B6CC994F3199986EC95.e.6308","ELEMENT":"f.BCC40A51FB0F962C15E825EB75C92327.d.35D6526D0D2F7B6CC994F3199986EC95.e.6308"}]}
COMMAND: GET /session/bbd37991cd80103daa76f108f3796d35/screenshot - {}
RESULT: {}
COMMAND: POST /session/bbd37991cd80103daa76f108f3796d35/execute/sync - {"script":"<script> [56 bytes]","args":[{"element-6066-11e4-a52e-4f735466cecf":"f.BCC40A51FB0F962C15E825EB75C92327.d.35D6526D0D2F7B6CC994F3199986EC95.e.6308","ELEMENT":"f.BCC40A51FB0F962C15E825EB75C92327.d.35D6526D0D2F7B6CC994F3199986EC95.e.6308"}]}
RESULT: {"script":"<script> [56 bytes]","args":[{"element-6066-11e4-a52e-4f735466cecf":"f.BCC40A51FB0F962C15E825EB75C92327.d.35D6526D0D2F7B6CC994F3199986EC95.e.6308","ELEMENT":"f.BCC40A51FB0F962C15E825EB75C92327.d.35D6526D0D2F7B6CC994F3199986EC95.e.6308"}]}
COMMAND: GET /session/bbd37991cd80103daa76f108f3796d35/screenshot - {}
RESULT: {}
COMMAND: POST /session/bbd37991cd80103daa76f108f3796d35/execute/sync - {"script":"<script> [56 bytes]","args":[{"element-6066-11e4-a52e-4f735466cecf":"f.BCC40A51FB0F962C15E825EB75C92327.d.35D6526D0D2F7B6CC994F3199986EC95.e.6308","ELEMENT":"f.BCC40A51FB0F962C15E825EB75C92327.d.35D6526D0D2F7B6CC994F3199986EC95.e.6308"}]}
RESULT: {"script":"<script> [56 bytes]","args":[{"element-6066-11e4-a52e-4f735466cecf":"f.BCC40A51FB0F962C15E825EB75C92327.d.35D6526D0D2F7B6CC994F3199986EC95.e.6308","ELEMENT":"f.BCC40A51FB0F962C15E825EB75C92327.d.35D6526D0D2F7B6CC994F3199986EC95.e.6308"}]}
COMMAND: GET /session/bbd37991cd80103daa76f108f3796d35/screenshot - {}
RESULT: {}
COMMAND: POST /session/bbd37991cd80103daa76f108f3796d35/execute/sync - {"script":"<script> [56 bytes]","args":[{"element-6066-11e4-a52e-4f735466cecf":"f.BCC40A51FB0F962C15E825EB75C92327.d.35D6526D0D2F7B6CC994F3199986EC95.e.6308","ELEMENT":"f.BCC40A51FB0F962C15E825EB75C92327.d.35D6526D0D2F7B6CC994F3199986EC95.e.6308"}]}
RESULT: {"script":"<script> [56 bytes]","args":[{"element-6066-11e4-a52e-4f735466cecf":"f.BCC40A51FB0F962C15E825EB75C92327.d.35D6526D0D2F7B6CC994F3199986EC95.e.6308","ELEMENT":"f.BCC40A51FB0F962C15E825EB75C92327.d.35D6526D0D2F7B6CC994F3199986EC95.e.6308"}]}
COMMAND: GET /session/bbd37991cd80103daa76f108f3796d35/screenshot - {}
RESULT: {}
COMMAND: POST /session/bbd37991cd80103daa76f108f3796d35/execute/sync - {"script":"<script> [56 bytes]","args":[{"element-6066-11e4-a52e-4f735466cecf":"f.BCC40A51FB0F962C15E825EB75C92327.d.35D6526D0D2F7B6CC994F3199986EC95.e.6308","ELEMENT":"f.BCC40A51FB0F962C15E825EB75C92327.d.35D6526D0D2F7B6CC994F3199986EC95.e.6308"}]}
RESULT: {"script":"<script> [56 bytes]","args":[{"element-6066-11e4-a52e-4f735466cecf":"f.BCC40A51FB0F962C15E825EB75C92327.d.35D6526D0D2F7B6CC994F3199986EC95.e.6308","ELEMENT":"f.BCC40A51FB0F962C15E825EB75C92327.d.35D6526D0D2F7B6CC994F3199986EC95.e.6308"}]}
COMMAND: POST /session/bbd37991cd80103daa76f108f3796d35/element - {"using":"xpath","value":"//td[@aria-colindex=\"1\"]/div/div[contains(@class, \"sapMCbBg\")]"}
COMMAND: GET /session/bbd37991cd80103daa76f108f3796d35/screenshot - {}
RESULT: {"using":"xpath","value":"//td[@aria-colindex=\"1\"]/div/div[contains(@class, \"sapMCbBg\")]"}
COMMAND: POST /session/bbd37991cd80103daa76f108f3796d35/element/f.BCC40A51FB0F962C15E825EB75C92327.d.35D6526D0D2F7B6CC994F3199986EC95.e.6318/click - {}
RESULT: {}
RESULT: {}
COMMAND: GET /session/bbd37991cd80103daa76f108f3796d35/screenshot - {}
RESULT: {}
COMMAND: POST /session/bbd37991cd80103daa76f108f3796d35/element - {"using":"xpath","value":"//bdi[text()=\"Transfer\"]"}
RESULT: {"using":"xpath","value":"//bdi[text()=\"Transfer\"]"}
COMMAND: POST /session/bbd37991cd80103daa76f108f3796d35/element/f.BCC40A51FB0F962C15E825EB75C92327.d.35D6526D0D2F7B6CC994F3199986EC95.e.6319/click - {}
RESULT: {}
COMMAND: GET /session/bbd37991cd80103daa76f108f3796d35/screenshot - {}
RESULT: {}
COMMAND: POST /session/bbd37991cd80103daa76f108f3796d35/element - {"using":"xpath","value":"//bdi[contains(text(), \"OK\")]"}
RESULT: {"using":"xpath","value":"//bdi[contains(text(), \"OK\")]"}
COMMAND: POST /session/bbd37991cd80103daa76f108f3796d35/element/f.BCC40A51FB0F962C15E825EB75C92327.d.35D6526D0D2F7B6CC994F3199986EC95.e.6322/click - {}
RESULT: {}
COMMAND: GET /session/bbd37991cd80103daa76f108f3796d35/screenshot - {}
RESULT: {}
COMMAND: POST /session/bbd37991cd80103daa76f108f3796d35/element - {"using":"xpath","value":"(//span[contains(text(), \"Invoice open\")]/parent::div/preceding-sibling::div/span)[1]"}
RESULT: {"using":"xpath","value":"(//span[contains(text(), \"Invoice open\")]/parent::div/preceding-sibling::div/span)[1]"}
COMMAND: POST /session/bbd37991cd80103daa76f108f3796d35/element/f.BCC40A51FB0F962C15E825EB75C92327.d.35D6526D0D2F7B6CC994F3199986EC95.e.6331/click - {}
RESULT: {}
COMMAND: GET /session/bbd37991cd80103daa76f108f3796d35/screenshot - {}
RESULT: {}
COMMAND: POST /session/bbd37991cd80103daa76f108f3796d35/element - {"using":"xpath","value":"//input[contains(@id ,\"application-billingtransfer-display-component---billingWorkbench--smartFilterBar-btnBasicSearch\")]"}
RESULT: {"using":"xpath","value":"//input[contains(@id ,\"application-billingtransfer-display-component---billingWorkbench--smartFilterBar-btnBasicSearch\")]"}
COMMAND: POST /session/bbd37991cd80103daa76f108f3796d35/elements - {"using":"xpath","value":"//input[contains(@id ,\"application-billingtransfer-display-component---billingWorkbench--smartFilterBar-btnBasicSearch\")]"}
RESULT: {"using":"xpath","value":"//input[contains(@id ,\"application-billingtransfer-display-component---billingWorkbench--smartFilterBar-btnBasicSearch\")]"}
COMMAND: POST /session/bbd37991cd80103daa76f108f3796d35/execute/sync - {"script":"<script> [8489 bytes]","args":[{"element-6066-11e4-a52e-4f735466cecf":"f.BCC40A51FB0F962C15E825EB75C92327.d.35D6526D0D2F7B6CC994F3199986EC95.e.6143","ELEMENT":"f.BCC40A51FB0F962C15E825EB75C92327.d.35D6526D0D2F7B6CC994F3199986EC95.e.6143"}]}
RESULT: {"script":"<script> [8489 bytes]","args":[{"element-6066-11e4-a52e-4f735466cecf":"f.BCC40A51FB0F962C15E825EB75C92327.d.35D6526D0D2F7B6CC994F3199986EC95.e.6143","ELEMENT":"f.BCC40A51FB0F962C15E825EB75C92327.d.35D6526D0D2F7B6CC994F3199986EC95.e.6143"}]}
COMMAND: GET /session/bbd37991cd80103daa76f108f3796d35/element/f.BCC40A51FB0F962C15E825EB75C92327.d.35D6526D0D2F7B6CC994F3199986EC95.e.6143/enabled - {}
COMMAND: GET /session/bbd37991cd80103daa76f108f3796d35/screenshot - {}
RESULT: {}
COMMAND: POST /session/bbd37991cd80103daa76f108f3796d35/element/f.BCC40A51FB0F962C15E825EB75C92327.d.35D6526D0D2F7B6CC994F3199986EC95.e.6143/click - {}
COMMAND: GET /session/bbd37991cd80103daa76f108f3796d35/screenshot - {}
RESULT: {}
RESULT: {}
COMMAND: GET /session/bbd37991cd80103daa76f108f3796d35/screenshot - {}
RESULT: {}
RESULT: {}
COMMAND: POST /session/bbd37991cd80103daa76f108f3796d35/element/f.BCC40A51FB0F962C15E825EB75C92327.d.35D6526D0D2F7B6CC994F3199986EC95.e.6143/clear - {}
RESULT: {}
COMMAND: POST /session/bbd37991cd80103daa76f108f3796d35/element/f.BCC40A51FB0F962C15E825EB75C92327.d.35D6526D0D2F7B6CC994F3199986EC95.e.6143/value - {"text":"10502"}
COMMAND: GET /session/bbd37991cd80103daa76f108f3796d35/screenshot - {}
RESULT: {"text":"10502"}
COMMAND: POST /session/bbd37991cd80103daa76f108f3796d35/actions - {"actions":[{"id":"action22","type":"key","parameters":{},"actions":[{"type":"keyDown","value":"î€‡"},{"type":"pause","duration":10},{"type":"keyUp","value":"î€‡"}]}]}
COMMAND: GET /session/bbd37991cd80103daa76f108f3796d35/screenshot - {}
RESULT: {}
RESULT: {"actions":[{"id":"action22","type":"key","parameters":{},"actions":[{"type":"keyDown","value":"î€‡"},{"type":"pause","duration":10},{"type":"keyUp","value":"î€‡"}]}]}
COMMAND: GET /session/bbd37991cd80103daa76f108f3796d35/screenshot - {}
RESULT: {}
RESULT: {}
COMMAND: POST /session/bbd37991cd80103daa76f108f3796d35/element - {"using":"xpath","value":"//span[contains(@id ,\"application-billingtransfer-display-component---billingWorkbench--smartTableBillingRuns-header-inner\")]"}
RESULT: {"using":"xpath","value":"//span[contains(@id ,\"application-billingtransfer-display-component---billingWorkbench--smartTableBillingRuns-header-inner\")]"}
COMMAND: POST /session/bbd37991cd80103daa76f108f3796d35/elements - {"using":"xpath","value":"//span[contains(@id ,\"application-billingtransfer-display-component---billingWorkbench--smartTableBillingRuns-header-inner\")]"}
RESULT: {"using":"xpath","value":"//span[contains(@id ,\"application-billingtransfer-display-component---billingWorkbench--smartTableBillingRuns-header-inner\")]"}
COMMAND: POST /session/bbd37991cd80103daa76f108f3796d35/execute/sync - {"script":"<script> [56 bytes]","args":[{"element-6066-11e4-a52e-4f735466cecf":"f.BCC40A51FB0F962C15E825EB75C92327.d.35D6526D0D2F7B6CC994F3199986EC95.e.6308","ELEMENT":"f.BCC40A51FB0F962C15E825EB75C92327.d.35D6526D0D2F7B6CC994F3199986EC95.e.6308"}]}
RESULT: {"script":"<script> [56 bytes]","args":[{"element-6066-11e4-a52e-4f735466cecf":"f.BCC40A51FB0F962C15E825EB75C92327.d.35D6526D0D2F7B6CC994F3199986EC95.e.6308","ELEMENT":"f.BCC40A51FB0F962C15E825EB75C92327.d.35D6526D0D2F7B6CC994F3199986EC95.e.6308"}]}
COMMAND: GET /session/bbd37991cd80103daa76f108f3796d35/screenshot - {}
RESULT: {}
COMMAND: POST /session/bbd37991cd80103daa76f108f3796d35/execute/sync - {"script":"<script> [56 bytes]","args":[{"element-6066-11e4-a52e-4f735466cecf":"f.BCC40A51FB0F962C15E825EB75C92327.d.35D6526D0D2F7B6CC994F3199986EC95.e.6308","ELEMENT":"f.BCC40A51FB0F962C15E825EB75C92327.d.35D6526D0D2F7B6CC994F3199986EC95.e.6308"}]}
RESULT: {"script":"<script> [56 bytes]","args":[{"element-6066-11e4-a52e-4f735466cecf":"f.BCC40A51FB0F962C15E825EB75C92327.d.35D6526D0D2F7B6CC994F3199986EC95.e.6308","ELEMENT":"f.BCC40A51FB0F962C15E825EB75C92327.d.35D6526D0D2F7B6CC994F3199986EC95.e.6308"}]}
COMMAND: GET /session/bbd37991cd80103daa76f108f3796d35/screenshot - {}
RESULT: {}
COMMAND: POST /session/bbd37991cd80103daa76f108f3796d35/execute/sync - {"script":"<script> [56 bytes]","args":[{"element-6066-11e4-a52e-4f735466cecf":"f.BCC40A51FB0F962C15E825EB75C92327.d.35D6526D0D2F7B6CC994F3199986EC95.e.6308","ELEMENT":"f.BCC40A51FB0F962C15E825EB75C92327.d.35D6526D0D2F7B6CC994F3199986EC95.e.6308"}]}
RESULT: {"script":"<script> [56 bytes]","args":[{"element-6066-11e4-a52e-4f735466cecf":"f.BCC40A51FB0F962C15E825EB75C92327.d.35D6526D0D2F7B6CC994F3199986EC95.e.6308","ELEMENT":"f.BCC40A51FB0F962C15E825EB75C92327.d.35D6526D0D2F7B6CC994F3199986EC95.e.6308"}]}
COMMAND: GET /session/bbd37991cd80103daa76f108f3796d35/screenshot - {}
RESULT: {}
COMMAND: POST /session/bbd37991cd80103daa76f108f3796d35/execute/sync - {"script":"<script> [56 bytes]","args":[{"element-6066-11e4-a52e-4f735466cecf":"f.BCC40A51FB0F962C15E825EB75C92327.d.35D6526D0D2F7B6CC994F3199986EC95.e.6308","ELEMENT":"f.BCC40A51FB0F962C15E825EB75C92327.d.35D6526D0D2F7B6CC994F3199986EC95.e.6308"}]}
RESULT: {"script":"<script> [56 bytes]","args":[{"element-6066-11e4-a52e-4f735466cecf":"f.BCC40A51FB0F962C15E825EB75C92327.d.35D6526D0D2F7B6CC994F3199986EC95.e.6308","ELEMENT":"f.BCC40A51FB0F962C15E825EB75C92327.d.35D6526D0D2F7B6CC994F3199986EC95.e.6308"}]}
COMMAND: GET /session/bbd37991cd80103daa76f108f3796d35/screenshot - {}
RESULT: {}
COMMAND: POST /session/bbd37991cd80103daa76f108f3796d35/execute/sync - {"script":"<script> [56 bytes]","args":[{"element-6066-11e4-a52e-4f735466cecf":"f.BCC40A51FB0F962C15E825EB75C92327.d.35D6526D0D2F7B6CC994F3199986EC95.e.6308","ELEMENT":"f.BCC40A51FB0F962C15E825EB75C92327.d.35D6526D0D2F7B6CC994F3199986EC95.e.6308"}]}
RESULT: {"script":"<script> [56 bytes]","args":[{"element-6066-11e4-a52e-4f735466cecf":"f.BCC40A51FB0F962C15E825EB75C92327.d.35D6526D0D2F7B6CC994F3199986EC95.e.6308","ELEMENT":"f.BCC40A51FB0F962C15E825EB75C92327.d.35D6526D0D2F7B6CC994F3199986EC95.e.6308"}]}
COMMAND: GET /session/bbd37991cd80103daa76f108f3796d35/screenshot - {}
RESULT: {}
COMMAND: POST /session/bbd37991cd80103daa76f108f3796d35/execute/sync - {"script":"<script> [56 bytes]","args":[{"element-6066-11e4-a52e-4f735466cecf":"f.BCC40A51FB0F962C15E825EB75C92327.d.35D6526D0D2F7B6CC994F3199986EC95.e.6308","ELEMENT":"f.BCC40A51FB0F962C15E825EB75C92327.d.35D6526D0D2F7B6CC994F3199986EC95.e.6308"}]}
RESULT: {"script":"<script> [56 bytes]","args":[{"element-6066-11e4-a52e-4f735466cecf":"f.BCC40A51FB0F962C15E825EB75C92327.d.35D6526D0D2F7B6CC994F3199986EC95.e.6308","ELEMENT":"f.BCC40A51FB0F962C15E825EB75C92327.d.35D6526D0D2F7B6CC994F3199986EC95.e.6308"}]}
COMMAND: GET /session/bbd37991cd80103daa76f108f3796d35/screenshot - {}
RESULT: {}
COMMAND: POST /session/bbd37991cd80103daa76f108f3796d35/execute/sync - {"script":"<script> [56 bytes]","args":[{"element-6066-11e4-a52e-4f735466cecf":"f.BCC40A51FB0F962C15E825EB75C92327.d.35D6526D0D2F7B6CC994F3199986EC95.e.6308","ELEMENT":"f.BCC40A51FB0F962C15E825EB75C92327.d.35D6526D0D2F7B6CC994F3199986EC95.e.6308"}]}
RESULT: {"script":"<script> [56 bytes]","args":[{"element-6066-11e4-a52e-4f735466cecf":"f.BCC40A51FB0F962C15E825EB75C92327.d.35D6526D0D2F7B6CC994F3199986EC95.e.6308","ELEMENT":"f.BCC40A51FB0F962C15E825EB75C92327.d.35D6526D0D2F7B6CC994F3199986EC95.e.6308"}]}
COMMAND: GET /session/bbd37991cd80103daa76f108f3796d35/screenshot - {}
RESULT: {}
COMMAND: POST /session/bbd37991cd80103daa76f108f3796d35/execute/sync - {"script":"<script> [56 bytes]","args":[{"element-6066-11e4-a52e-4f735466cecf":"f.BCC40A51FB0F962C15E825EB75C92327.d.35D6526D0D2F7B6CC994F3199986EC95.e.6308","ELEMENT":"f.BCC40A51FB0F962C15E825EB75C92327.d.35D6526D0D2F7B6CC994F3199986EC95.e.6308"}]}
RESULT: {"script":"<script> [56 bytes]","args":[{"element-6066-11e4-a52e-4f735466cecf":"f.BCC40A51FB0F962C15E825EB75C92327.d.35D6526D0D2F7B6CC994F3199986EC95.e.6308","ELEMENT":"f.BCC40A51FB0F962C15E825EB75C92327.d.35D6526D0D2F7B6CC994F3199986EC95.e.6308"}]}
COMMAND: GET /session/bbd37991cd80103daa76f108f3796d35/screenshot - {}
RESULT: {}
COMMAND: POST /session/bbd37991cd80103daa76f108f3796d35/execute/sync - {"script":"<script> [56 bytes]","args":[{"element-6066-11e4-a52e-4f735466cecf":"f.BCC40A51FB0F962C15E825EB75C92327.d.35D6526D0D2F7B6CC994F3199986EC95.e.6308","ELEMENT":"f.BCC40A51FB0F962C15E825EB75C92327.d.35D6526D0D2F7B6CC994F3199986EC95.e.6308"}]}
RESULT: {"script":"<script> [56 bytes]","args":[{"element-6066-11e4-a52e-4f735466cecf":"f.BCC40A51FB0F962C15E825EB75C92327.d.35D6526D0D2F7B6CC994F3199986EC95.e.6308","ELEMENT":"f.BCC40A51FB0F962C15E825EB75C92327.d.35D6526D0D2F7B6CC994F3199986EC95.e.6308"}]}
COMMAND: GET /session/bbd37991cd80103daa76f108f3796d35/screenshot - {}
RESULT: {}
COMMAND: POST /session/bbd37991cd80103daa76f108f3796d35/execute/sync - {"script":"<script> [56 bytes]","args":[{"element-6066-11e4-a52e-4f735466cecf":"f.BCC40A51FB0F962C15E825EB75C92327.d.35D6526D0D2F7B6CC994F3199986EC95.e.6308","ELEMENT":"f.BCC40A51FB0F962C15E825EB75C92327.d.35D6526D0D2F7B6CC994F3199986EC95.e.6308"}]}
RESULT: {"script":"<script> [56 bytes]","args":[{"element-6066-11e4-a52e-4f735466cecf":"f.BCC40A51FB0F962C15E825EB75C92327.d.35D6526D0D2F7B6CC994F3199986EC95.e.6308","ELEMENT":"f.BCC40A51FB0F962C15E825EB75C92327.d.35D6526D0D2F7B6CC994F3199986EC95.e.6308"}]}
COMMAND: GET /session/bbd37991cd80103daa76f108f3796d35/screenshot - {}
RESULT: {}
COMMAND: POST /session/bbd37991cd80103daa76f108f3796d35/execute/sync - {"script":"<script> [56 bytes]","args":[{"element-6066-11e4-a52e-4f735466cecf":"f.BCC40A51FB0F962C15E825EB75C92327.d.35D6526D0D2F7B6CC994F3199986EC95.e.6308","ELEMENT":"f.BCC40A51FB0F962C15E825EB75C92327.d.35D6526D0D2F7B6CC994F3199986EC95.e.6308"}]}
RESULT: {"script":"<script> [56 bytes]","args":[{"element-6066-11e4-a52e-4f735466cecf":"f.BCC40A51FB0F962C15E825EB75C92327.d.35D6526D0D2F7B6CC994F3199986EC95.e.6308","ELEMENT":"f.BCC40A51FB0F962C15E825EB75C92327.d.35D6526D0D2F7B6CC994F3199986EC95.e.6308"}]}
COMMAND: GET /session/bbd37991cd80103daa76f108f3796d35/screenshot - {}
RESULT: {}
COMMAND: POST /session/bbd37991cd80103daa76f108f3796d35/execute/sync - {"script":"<script> [56 bytes]","args":[{"element-6066-11e4-a52e-4f735466cecf":"f.BCC40A51FB0F962C15E825EB75C92327.d.35D6526D0D2F7B6CC994F3199986EC95.e.6308","ELEMENT":"f.BCC40A51FB0F962C15E825EB75C92327.d.35D6526D0D2F7B6CC994F3199986EC95.e.6308"}]}
RESULT: {"script":"<script> [56 bytes]","args":[{"element-6066-11e4-a52e-4f735466cecf":"f.BCC40A51FB0F962C15E825EB75C92327.d.35D6526D0D2F7B6CC994F3199986EC95.e.6308","ELEMENT":"f.BCC40A51FB0F962C15E825EB75C92327.d.35D6526D0D2F7B6CC994F3199986EC95.e.6308"}]}
COMMAND: GET /session/bbd37991cd80103daa76f108f3796d35/screenshot - {}
RESULT: {}
COMMAND: POST /session/bbd37991cd80103daa76f108f3796d35/execute/sync - {"script":"<script> [56 bytes]","args":[{"element-6066-11e4-a52e-4f735466cecf":"f.BCC40A51FB0F962C15E825EB75C92327.d.35D6526D0D2F7B6CC994F3199986EC95.e.6308","ELEMENT":"f.BCC40A51FB0F962C15E825EB75C92327.d.35D6526D0D2F7B6CC994F3199986EC95.e.6308"}]}
RESULT: {"script":"<script> [56 bytes]","args":[{"element-6066-11e4-a52e-4f735466cecf":"f.BCC40A51FB0F962C15E825EB75C92327.d.35D6526D0D2F7B6CC994F3199986EC95.e.6308","ELEMENT":"f.BCC40A51FB0F962C15E825EB75C92327.d.35D6526D0D2F7B6CC994F3199986EC95.e.6308"}]}
COMMAND: GET /session/bbd37991cd80103daa76f108f3796d35/screenshot - {}
RESULT: {}
COMMAND: POST /session/bbd37991cd80103daa76f108f3796d35/execute/sync - {"script":"<script> [56 bytes]","args":[{"element-6066-11e4-a52e-4f735466cecf":"f.BCC40A51FB0F962C15E825EB75C92327.d.35D6526D0D2F7B6CC994F3199986EC95.e.6308","ELEMENT":"f.BCC40A51FB0F962C15E825EB75C92327.d.35D6526D0D2F7B6CC994F3199986EC95.e.6308"}]}
RESULT: {"script":"<script> [56 bytes]","args":[{"element-6066-11e4-a52e-4f735466cecf":"f.BCC40A51FB0F962C15E825EB75C92327.d.35D6526D0D2F7B6CC994F3199986EC95.e.6308","ELEMENT":"f.BCC40A51FB0F962C15E825EB75C92327.d.35D6526D0D2F7B6CC994F3199986EC95.e.6308"}]}
COMMAND: POST /session/bbd37991cd80103daa76f108f3796d35/element - {"using":"css selector","value":"#shell-header-logo"}
COMMAND: GET /session/bbd37991cd80103daa76f108f3796d35/screenshot - {}
RESULT: {"using":"css selector","value":"#shell-header-logo"}
COMMAND: POST /session/bbd37991cd80103daa76f108f3796d35/element/f.BCC40A51FB0F962C15E825EB75C92327.d.35D6526D0D2F7B6CC994F3199986EC95.e.6141/click - {}
RESULT: {}
RESULT: {}
COMMAND: GET /session/bbd37991cd80103daa76f108f3796d35/screenshot - {}
RESULT: {}
COMMAND: POST /session/bbd37991cd80103daa76f108f3796d35/element - {"using":"css selector","value":"#j_username"}
COMMAND: POST /session/bbd37991cd80103daa76f108f3796d35/url - {"url":"https://qa-testing-00-live-etm-ui.cfapps.eu10-004.hana.ondemand.com/"}
RESULT: {"using":"css selector","value":"#j_username"}
COMMAND: POST /session/bbd37991cd80103daa76f108f3796d35/element - {"using":"css selector","value":"#j_username"}
RESULT: {"url":"https://qa-testing-00-live-etm-ui.cfapps.eu10-004.hana.ondemand.com/"}
RESULT: undefined
COMMAND: GET /session/bbd37991cd80103daa76f108f3796d35/screenshot - {}
RESULT: {"using":"css selector","value":"#j_username"}
COMMAND: POST /session/bbd37991cd80103daa76f108f3796d35/element - {"using":"css selector","value":"#shell-header-logo"}
RESULT: {}
RESULT: {"using":"css selector","value":"#shell-header-logo"}
COMMAND: POST /session/bbd37991cd80103daa76f108f3796d35/execute/sync - {"script":"<script> [8489 bytes]","args":[{"element-6066-11e4-a52e-4f735466cecf":"f.BCC40A51FB0F962C15E825EB75C92327.d.7F2CC739CD02C15D07B5A301AC5BD672.e.6350","ELEMENT":"f.BCC40A51FB0F962C15E825EB75C92327.d.7F2CC739CD02C15D07B5A301AC5BD672.e.6350"}]}
RESULT: {"script":"<script> [8489 bytes]","args":[{"element-6066-11e4-a52e-4f735466cecf":"f.BCC40A51FB0F962C15E825EB75C92327.d.7F2CC739CD02C15D07B5A301AC5BD672.e.6350","ELEMENT":"f.BCC40A51FB0F962C15E825EB75C92327.d.7F2CC739CD02C15D07B5A301AC5BD672.e.6350"}]}
COMMAND: POST /session/bbd37991cd80103daa76f108f3796d35/element - {"using":"css selector","value":"#shell-header-logo"}
COMMAND: GET /session/bbd37991cd80103daa76f108f3796d35/screenshot - {}
RESULT: {"using":"css selector","value":"#shell-header-logo"}
COMMAND: POST /session/bbd37991cd80103daa76f108f3796d35/execute/sync - {"script":"<script> [8489 bytes]","args":[{"element-6066-11e4-a52e-4f735466cecf":"f.BCC40A51FB0F962C15E825EB75C92327.d.7F2CC739CD02C15D07B5A301AC5BD672.e.6350","ELEMENT":"f.BCC40A51FB0F962C15E825EB75C92327.d.7F2CC739CD02C15D07B5A301AC5BD672.e.6350"}]}
RESULT: {}
RESULT: {"script":"<script> [8489 bytes]","args":[{"element-6066-11e4-a52e-4f735466cecf":"f.BCC40A51FB0F962C15E825EB75C92327.d.7F2CC739CD02C15D07B5A301AC5BD672.e.6350","ELEMENT":"f.BCC40A51FB0F962C15E825EB75C92327.d.7F2CC739CD02C15D07B5A301AC5BD672.e.6350"}]}
COMMAND: POST /session/bbd37991cd80103daa76f108f3796d35/execute/sync - {"script":"<script> [5351 bytes]","args":[{"element-6066-11e4-a52e-4f735466cecf":"f.BCC40A51FB0F962C15E825EB75C92327.d.7F2CC739CD02C15D07B5A301AC5BD672.e.6350","ELEMENT":"f.BCC40A51FB0F962C15E825EB75C92327.d.7F2CC739CD02C15D07B5A301AC5BD672.e.6350"}]}
COMMAND: GET /session/bbd37991cd80103daa76f108f3796d35/screenshot - {}
RESULT: {"script":"<script> [5351 bytes]","args":[{"element-6066-11e4-a52e-4f735466cecf":"f.BCC40A51FB0F962C15E825EB75C92327.d.7F2CC739CD02C15D07B5A301AC5BD672.e.6350","ELEMENT":"f.BCC40A51FB0F962C15E825EB75C92327.d.7F2CC739CD02C15D07B5A301AC5BD672.e.6350"}]}
COMMAND: POST /session/bbd37991cd80103daa76f108f3796d35/element - {"using":"css selector","value":"#shell-header-logo"}
COMMAND: GET /session/bbd37991cd80103daa76f108f3796d35/screenshot - {}
RESULT: {}
RESULT: {"using":"css selector","value":"#shell-header-logo"}
COMMAND: POST /session/bbd37991cd80103daa76f108f3796d35/element/f.BCC40A51FB0F962C15E825EB75C92327.d.7F2CC739CD02C15D07B5A301AC5BD672.e.6350/click - {}
RESULT: {}
RESULT: {}
COMMAND: GET /session/bbd37991cd80103daa76f108f3796d35/screenshot - {}
RESULT: {}
COMMAND: POST /session/bbd37991cd80103daa76f108f3796d35/execute/async - {"script":"<script> [189 bytes]","args":[]}
RESULT: {"script":"<script> [189 bytes]","args":[]}
COMMAND: POST /session/bbd37991cd80103daa76f108f3796d35/execute/async - {"script":"<script> [123 bytes]","args":[]}
RESULT: {"script":"<script> [123 bytes]","args":[]}
COMMAND: POST /session/bbd37991cd80103daa76f108f3796d35/timeouts - {"script":"<number>"}
RESULT: {"script":"<number>"}
COMMAND: GET /session/bbd37991cd80103daa76f108f3796d35/timeouts - {}
RESULT: {}
RESULT: undefined
COMMAND: POST /session/bbd37991cd80103daa76f108f3796d35/execute/async - {"script":"<script> [2676 bytes]","args":[]}
RESULT: {"script":"<script> [2676 bytes]","args":[]}
COMMAND: POST /session/bbd37991cd80103daa76f108f3796d35/execute/async - {"script":"<script> [2342 bytes]","args":[{"protocol":"http","hostname":"0.0.0.0","path":"/","capabilities":{"browserName":"chrome","goog:chromeOptions":{"binary":"C:\\Program Files\\Google\\Chrome\\Application\\chrome.exe","args":["--start-maximized"]}},"logLevel":"warn","connectionRetryTimeout":120000,"connectionRetryCount":3,"logLevels":{},"enableDirectConnect":true,"strictSSL":true,"_":"65 more keys: [\"cacheDir\",\"port\",\"requestedCapabilities\",\"automationProtocol\",\"baseUrl\",\"waitforInterval\",\"waitforTimeout\",\"onReload\",\"beforeCommand\",\"afterCommand\",\"rootDir\",\"specs\",\"suites\",\"exclude\",\"groupLogsByTestSpec\",\"excludeDriverLogs\",\"bail\",\"framework\",\"reporters\",\"services\",\"maxInstances\",\"maxInstancesPerCapability\",\"injectGlobals\",\"filesToWatch\",\"execArgv\",\"runnerEnv\",\"runner\",\"shard\",\"specFileRetries\",\"specFileRetriesDelay\",\"specFileRetriesDeferred\",\"reporterSyncInterval\",\"reporterSyncTimeout\",\"cucumberFeaturesWithLineNumbers\",\"autoCompileOpts\",\"mochaOpts\",\"jasmineOpts\",\"cucumberOpts\",\"onPrepare\",\"onWorkerStart\",\"onWorkerEnd\",\"before\",\"beforeSession\",\"beforeSuite\",\"beforeHook\",\"beforeTest\",\"afterTest\",\"afterHook\",\"afterSuite\",\"afterSession\",\"after\",\"onComplete\",\"beforeAssertion\",\"afterAssertion\",\"beforeFeature\",\"beforeScenario\",\"beforeStep\",\"afterStep\",\"afterScenario\",\"afterFeature\",\"_\",\"suite\",\"$0\",\"ignoredWorkerServices\",\"wdi5\"]"}]}
RESULT: {"script":"<script> [2342 bytes]","args":[{"protocol":"http","hostname":"0.0.0.0","path":"/","capabilities":{"browserName":"chrome","goog:chromeOptions":{"binary":"C:\\Program Files\\Google\\Chrome\\Application\\chrome.exe","args":["--start-maximized"]}},"logLevel":"warn","connectionRetryTimeout":120000,"connectionRetryCount":3,"logLevels":{},"enableDirectConnect":true,"strictSSL":true,"_":"65 more keys: [\"cacheDir\",\"port\",\"requestedCapabilities\",\"automationProtocol\",\"baseUrl\",\"waitforInterval\",\"waitforTimeout\",\"onReload\",\"beforeCommand\",\"afterCommand\",\"rootDir\",\"specs\",\"suites\",\"exclude\",\"groupLogsByTestSpec\",\"excludeDriverLogs\",\"bail\",\"framework\",\"reporters\",\"services\",\"maxInstances\",\"maxInstancesPerCapability\",\"injectGlobals\",\"filesToWatch\",\"execArgv\",\"runnerEnv\",\"runner\",\"shard\",\"specFileRetries\",\"specFileRetriesDelay\",\"specFileRetriesDeferred\",\"reporterSyncInterval\",\"reporterSyncTimeout\",\"cucumberFeaturesWithLineNumbers\",\"autoCompileOpts\",\"mochaOpts\",\"jasmineOpts\",\"cucumberOpts\",\"onPrepare\",\"onWorkerStart\",\"onWorkerEnd\",\"before\",\"beforeSession\",\"beforeSuite\",\"beforeHook\",\"beforeTest\",\"afterTest\",\"afterHook\",\"afterSuite\",\"afterSession\",\"after\",\"onComplete\",\"beforeAssertion\",\"afterAssertion\",\"beforeFeature\",\"beforeScenario\",\"beforeStep\",\"afterStep\",\"afterScenario\",\"afterFeature\",\"_\",\"suite\",\"$0\",\"ignoredWorkerServices\",\"wdi5\"]"}]}
COMMAND: POST /session/bbd37991cd80103daa76f108f3796d35/execute/async - {"script":"<script> [21126 bytes]","args":[35000]}
RESULT: {"script":"<script> [21126 bytes]","args":[35000]}
COMMAND: POST /session/bbd37991cd80103daa76f108f3796d35/window/maximize - {}
RESULT: {}
COMMAND: POST /session/bbd37991cd80103daa76f108f3796d35/execute/async - {"script":"<script> [1562 bytes]","args":[{"selector":{"id":"shell-header","interaction":{"idSuffix":"icon"}},"wdio_ui5_key":"shellheader"}]}
COMMAND: GET /session/bbd37991cd80103daa76f108f3796d35/screenshot - {}
RESULT: {"script":"<script> [1562 bytes]","args":[{"selector":{"id":"shell-header","interaction":{"idSuffix":"icon"}},"wdio_ui5_key":"shellheader"}]}
RESULT: undefined
COMMAND: POST /session/bbd37991cd80103daa76f108f3796d35/refresh - {}
RESULT: {}
RESULT: {}
COMMAND: GET /session/bbd37991cd80103daa76f108f3796d35/screenshot - {}
RESULT: {}
COMMAND: POST /session/bbd37991cd80103daa76f108f3796d35/refresh - {}
RESULT: {}
COMMAND: GET /session/bbd37991cd80103daa76f108f3796d35/screenshot - {}
RESULT: {}
COMMAND: POST /session/bbd37991cd80103daa76f108f3796d35/window/fullscreen - {}
RESULT: {}
COMMAND: POST /session/bbd37991cd80103daa76f108f3796d35/execute/async - {"script":"<script> [189 bytes]","args":[]}
RESULT: {"script":"<script> [189 bytes]","args":[]}
COMMAND: POST /session/bbd37991cd80103daa76f108f3796d35/execute/async - {"script":"<script> [123 bytes]","args":[]}
RESULT: {"script":"<script> [123 bytes]","args":[]}
COMMAND: POST /session/bbd37991cd80103daa76f108f3796d35/timeouts - {"script":"<number>"}
RESULT: {"script":"<number>"}
COMMAND: GET /session/bbd37991cd80103daa76f108f3796d35/timeouts - {}
RESULT: {}
RESULT: undefined
COMMAND: POST /session/bbd37991cd80103daa76f108f3796d35/execute/async - {"script":"<script> [2676 bytes]","args":[]}
RESULT: {"script":"<script> [2676 bytes]","args":[]}
COMMAND: POST /session/bbd37991cd80103daa76f108f3796d35/execute/async - {"script":"<script> [2342 bytes]","args":[{"protocol":"http","hostname":"0.0.0.0","path":"/","capabilities":{"browserName":"chrome","goog:chromeOptions":{"binary":"C:\\Program Files\\Google\\Chrome\\Application\\chrome.exe","args":["--start-maximized"]}},"logLevel":"warn","connectionRetryTimeout":120000,"connectionRetryCount":3,"logLevels":{},"enableDirectConnect":true,"strictSSL":true,"_":"65 more keys: [\"cacheDir\",\"port\",\"requestedCapabilities\",\"automationProtocol\",\"baseUrl\",\"waitforInterval\",\"waitforTimeout\",\"onReload\",\"beforeCommand\",\"afterCommand\",\"rootDir\",\"specs\",\"suites\",\"exclude\",\"groupLogsByTestSpec\",\"excludeDriverLogs\",\"bail\",\"framework\",\"reporters\",\"services\",\"maxInstances\",\"maxInstancesPerCapability\",\"injectGlobals\",\"filesToWatch\",\"execArgv\",\"runnerEnv\",\"runner\",\"shard\",\"specFileRetries\",\"specFileRetriesDelay\",\"specFileRetriesDeferred\",\"reporterSyncInterval\",\"reporterSyncTimeout\",\"cucumberFeaturesWithLineNumbers\",\"autoCompileOpts\",\"mochaOpts\",\"jasmineOpts\",\"cucumberOpts\",\"onPrepare\",\"onWorkerStart\",\"onWorkerEnd\",\"before\",\"beforeSession\",\"beforeSuite\",\"beforeHook\",\"beforeTest\",\"afterTest\",\"afterHook\",\"afterSuite\",\"afterSession\",\"after\",\"onComplete\",\"beforeAssertion\",\"afterAssertion\",\"beforeFeature\",\"beforeScenario\",\"beforeStep\",\"afterStep\",\"afterScenario\",\"afterFeature\",\"_\",\"suite\",\"$0\",\"ignoredWorkerServices\",\"wdi5\"]"}]}
RESULT: {"script":"<script> [2342 bytes]","args":[{"protocol":"http","hostname":"0.0.0.0","path":"/","capabilities":{"browserName":"chrome","goog:chromeOptions":{"binary":"C:\\Program Files\\Google\\Chrome\\Application\\chrome.exe","args":["--start-maximized"]}},"logLevel":"warn","connectionRetryTimeout":120000,"connectionRetryCount":3,"logLevels":{},"enableDirectConnect":true,"strictSSL":true,"_":"65 more keys: [\"cacheDir\",\"port\",\"requestedCapabilities\",\"automationProtocol\",\"baseUrl\",\"waitforInterval\",\"waitforTimeout\",\"onReload\",\"beforeCommand\",\"afterCommand\",\"rootDir\",\"specs\",\"suites\",\"exclude\",\"groupLogsByTestSpec\",\"excludeDriverLogs\",\"bail\",\"framework\",\"reporters\",\"services\",\"maxInstances\",\"maxInstancesPerCapability\",\"injectGlobals\",\"filesToWatch\",\"execArgv\",\"runnerEnv\",\"runner\",\"shard\",\"specFileRetries\",\"specFileRetriesDelay\",\"specFileRetriesDeferred\",\"reporterSyncInterval\",\"reporterSyncTimeout\",\"cucumberFeaturesWithLineNumbers\",\"autoCompileOpts\",\"mochaOpts\",\"jasmineOpts\",\"cucumberOpts\",\"onPrepare\",\"onWorkerStart\",\"onWorkerEnd\",\"before\",\"beforeSession\",\"beforeSuite\",\"beforeHook\",\"beforeTest\",\"afterTest\",\"afterHook\",\"afterSuite\",\"afterSession\",\"after\",\"onComplete\",\"beforeAssertion\",\"afterAssertion\",\"beforeFeature\",\"beforeScenario\",\"beforeStep\",\"afterStep\",\"afterScenario\",\"afterFeature\",\"_\",\"suite\",\"$0\",\"ignoredWorkerServices\",\"wdi5\"]"}]}
COMMAND: POST /session/bbd37991cd80103daa76f108f3796d35/execute/async - {"script":"<script> [21126 bytes]","args":[35000]}
RESULT: {"script":"<script> [21126 bytes]","args":[35000]}
]]></system-out>
    </testcase>
  </testsuite>
  <testsuite timestamp="2025-05-04T17:32:31" time="994.461" tests="12" failures="0" errors="0" skipped="0">
    <properties>
      <property name="specId" value="0" />
      <property name="suiteName" value="Billing Transfer - Intracompany US127249" />
      <property name="capabilities" value="chrome.135_0_7049_96.windows" />
      <property name="file" value="file:///D:/a/1/s/test/specs/BTS/billing-transfer-intracompany.spec.js" />
    </properties>
    <testcase classname="chrome.135_0_7049_96.windows.Billing_Transfer_-_Intracompany_US127249" name="Should create a new yard" time="97.839">
      <system-out><![CDATA[
COMMAND: POST /session/bbd37991cd80103daa76f108f3796d35/window/fullscreen - {}
RESULT: {}
COMMAND: POST /session/bbd37991cd80103daa76f108f3796d35/execute/async - {"script":"<script> [1562 bytes]","args":[{"selector":{"controlType":"sap.m.GenericTile","properties":{"header":"Manage Yards"}},"wdio_ui5_key":"sapm.GenericTile{\"header\":\"Manage Yards\"}"}]}
RESULT: {"script":"<script> [1562 bytes]","args":[{"selector":{"controlType":"sap.m.GenericTile","properties":{"header":"Manage Yards"}},"wdio_ui5_key":"sapm.GenericTile{\"header\":\"Manage Yards\"}"}]}
RESULT: undefined
COMMAND: POST /session/bbd37991cd80103daa76f108f3796d35/element - {"using":"xpath","value":"//*[@id=\"__tile41\"]"}
RESULT: {"using":"xpath","value":"//*[@id=\"__tile41\"]"}
COMMAND: POST /session/bbd37991cd80103daa76f108f3796d35/element/f.BCC40A51FB0F962C15E825EB75C92327.d.FAE37B5623D70A1C6972FB3F98C7FAE5.e.6514/click - {}
RESULT: {}
COMMAND: POST /session/bbd37991cd80103daa76f108f3796d35/element - {"using":"xpath","value":"//button[@data-kt=\"addNewYardOverflowToolbarButton\"]"}
COMMAND: GET /session/bbd37991cd80103daa76f108f3796d35/screenshot - {}
RESULT: {"using":"xpath","value":"//button[@data-kt=\"addNewYardOverflowToolbarButton\"]"}
COMMAND: POST /session/bbd37991cd80103daa76f108f3796d35/elements - {"using":"xpath","value":"//button[@data-kt=\"addNewYardOverflowToolbarButton\"]"}
RESULT: {}
RESULT: {"using":"xpath","value":"//button[@data-kt=\"addNewYardOverflowToolbarButton\"]"}
COMMAND: POST /session/bbd37991cd80103daa76f108f3796d35/elements - {"using":"xpath","value":"//button[@data-kt=\"addNewYardOverflowToolbarButton\"]"}
RESULT: {"using":"xpath","value":"//button[@data-kt=\"addNewYardOverflowToolbarButton\"]"}
COMMAND: POST /session/bbd37991cd80103daa76f108f3796d35/elements - {"using":"xpath","value":"//button[@data-kt=\"addNewYardOverflowToolbarButton\"]"}
RESULT: {"using":"xpath","value":"//button[@data-kt=\"addNewYardOverflowToolbarButton\"]"}
COMMAND: POST /session/bbd37991cd80103daa76f108f3796d35/elements - {"using":"xpath","value":"//button[@data-kt=\"addNewYardOverflowToolbarButton\"]"}
RESULT: {"using":"xpath","value":"//button[@data-kt=\"addNewYardOverflowToolbarButton\"]"}
COMMAND: POST /session/bbd37991cd80103daa76f108f3796d35/elements - {"using":"xpath","value":"//button[@data-kt=\"addNewYardOverflowToolbarButton\"]"}
RESULT: {"using":"xpath","value":"//button[@data-kt=\"addNewYardOverflowToolbarButton\"]"}
COMMAND: POST /session/bbd37991cd80103daa76f108f3796d35/elements - {"using":"xpath","value":"//button[@data-kt=\"addNewYardOverflowToolbarButton\"]"}
RESULT: {"using":"xpath","value":"//button[@data-kt=\"addNewYardOverflowToolbarButton\"]"}
COMMAND: POST /session/bbd37991cd80103daa76f108f3796d35/elements - {"using":"xpath","value":"//button[@data-kt=\"addNewYardOverflowToolbarButton\"]"}
RESULT: {"using":"xpath","value":"//button[@data-kt=\"addNewYardOverflowToolbarButton\"]"}
COMMAND: POST /session/bbd37991cd80103daa76f108f3796d35/elements - {"using":"xpath","value":"//button[@data-kt=\"addNewYardOverflowToolbarButton\"]"}
RESULT: {"using":"xpath","value":"//button[@data-kt=\"addNewYardOverflowToolbarButton\"]"}
COMMAND: POST /session/bbd37991cd80103daa76f108f3796d35/elements - {"using":"xpath","value":"//button[@data-kt=\"addNewYardOverflowToolbarButton\"]"}
RESULT: {"using":"xpath","value":"//button[@data-kt=\"addNewYardOverflowToolbarButton\"]"}
COMMAND: POST /session/bbd37991cd80103daa76f108f3796d35/elements - {"using":"xpath","value":"//button[@data-kt=\"addNewYardOverflowToolbarButton\"]"}
RESULT: {"using":"xpath","value":"//button[@data-kt=\"addNewYardOverflowToolbarButton\"]"}
COMMAND: POST /session/bbd37991cd80103daa76f108f3796d35/elements - {"using":"xpath","value":"//button[@data-kt=\"addNewYardOverflowToolbarButton\"]"}
RESULT: {"using":"xpath","value":"//button[@data-kt=\"addNewYardOverflowToolbarButton\"]"}
COMMAND: POST /session/bbd37991cd80103daa76f108f3796d35/elements - {"using":"xpath","value":"//button[@data-kt=\"addNewYardOverflowToolbarButton\"]"}
RESULT: {"using":"xpath","value":"//button[@data-kt=\"addNewYardOverflowToolbarButton\"]"}
COMMAND: POST /session/bbd37991cd80103daa76f108f3796d35/elements - {"using":"xpath","value":"//button[@data-kt=\"addNewYardOverflowToolbarButton\"]"}
RESULT: {"using":"xpath","value":"//button[@data-kt=\"addNewYardOverflowToolbarButton\"]"}
COMMAND: POST /session/bbd37991cd80103daa76f108f3796d35/elements - {"using":"xpath","value":"//button[@data-kt=\"addNewYardOverflowToolbarButton\"]"}
RESULT: {"using":"xpath","value":"//button[@data-kt=\"addNewYardOverflowToolbarButton\"]"}
COMMAND: POST /session/bbd37991cd80103daa76f108f3796d35/elements - {"using":"xpath","value":"//button[@data-kt=\"addNewYardOverflowToolbarButton\"]"}
RESULT: {"using":"xpath","value":"//button[@data-kt=\"addNewYardOverflowToolbarButton\"]"}
COMMAND: POST /session/bbd37991cd80103daa76f108f3796d35/element - {"using":"xpath","value":"//button[@data-kt=\"addNewYardOverflowToolbarButton\"]"}
RESULT: {"using":"xpath","value":"//button[@data-kt=\"addNewYardOverflowToolbarButton\"]"}
COMMAND: POST /session/bbd37991cd80103daa76f108f3796d35/execute/sync - {"script":"<script> [8489 bytes]","args":[{"element-6066-11e4-a52e-4f735466cecf":"f.BCC40A51FB0F962C15E825EB75C92327.d.FAE37B5623D70A1C6972FB3F98C7FAE5.e.6642","ELEMENT":"f.BCC40A51FB0F962C15E825EB75C92327.d.FAE37B5623D70A1C6972FB3F98C7FAE5.e.6642"}]}
RESULT: {"script":"<script> [8489 bytes]","args":[{"element-6066-11e4-a52e-4f735466cecf":"f.BCC40A51FB0F962C15E825EB75C92327.d.FAE37B5623D70A1C6972FB3F98C7FAE5.e.6642","ELEMENT":"f.BCC40A51FB0F962C15E825EB75C92327.d.FAE37B5623D70A1C6972FB3F98C7FAE5.e.6642"}]}
COMMAND: GET /session/bbd37991cd80103daa76f108f3796d35/element/f.BCC40A51FB0F962C15E825EB75C92327.d.FAE37B5623D70A1C6972FB3F98C7FAE5.e.6642/enabled - {}
COMMAND: GET /session/bbd37991cd80103daa76f108f3796d35/screenshot - {}
RESULT: {}
COMMAND: POST /session/bbd37991cd80103daa76f108f3796d35/execute/sync - {"script":"<script> [8489 bytes]","args":[{"element-6066-11e4-a52e-4f735466cecf":"f.BCC40A51FB0F962C15E825EB75C92327.d.FAE37B5623D70A1C6972FB3F98C7FAE5.e.6642","ELEMENT":"f.BCC40A51FB0F962C15E825EB75C92327.d.FAE37B5623D70A1C6972FB3F98C7FAE5.e.6642"}]}
COMMAND: GET /session/bbd37991cd80103daa76f108f3796d35/screenshot - {}
RESULT: {}
RESULT: {"script":"<script> [8489 bytes]","args":[{"element-6066-11e4-a52e-4f735466cecf":"f.BCC40A51FB0F962C15E825EB75C92327.d.FAE37B5623D70A1C6972FB3F98C7FAE5.e.6642","ELEMENT":"f.BCC40A51FB0F962C15E825EB75C92327.d.FAE37B5623D70A1C6972FB3F98C7FAE5.e.6642"}]}
COMMAND: POST /session/bbd37991cd80103daa76f108f3796d35/execute/sync - {"script":"<script> [5351 bytes]","args":[{"element-6066-11e4-a52e-4f735466cecf":"f.BCC40A51FB0F962C15E825EB75C92327.d.FAE37B5623D70A1C6972FB3F98C7FAE5.e.6642","ELEMENT":"f.BCC40A51FB0F962C15E825EB75C92327.d.FAE37B5623D70A1C6972FB3F98C7FAE5.e.6642"}]}
COMMAND: GET /session/bbd37991cd80103daa76f108f3796d35/screenshot - {}
RESULT: {}
RESULT: {"script":"<script> [5351 bytes]","args":[{"element-6066-11e4-a52e-4f735466cecf":"f.BCC40A51FB0F962C15E825EB75C92327.d.FAE37B5623D70A1C6972FB3F98C7FAE5.e.6642","ELEMENT":"f.BCC40A51FB0F962C15E825EB75C92327.d.FAE37B5623D70A1C6972FB3F98C7FAE5.e.6642"}]}
COMMAND: POST /session/bbd37991cd80103daa76f108f3796d35/element/f.BCC40A51FB0F962C15E825EB75C92327.d.FAE37B5623D70A1C6972FB3F98C7FAE5.e.6642/click - {}
COMMAND: GET /session/bbd37991cd80103daa76f108f3796d35/screenshot - {}
RESULT: {}
RESULT: {}
COMMAND: GET /session/bbd37991cd80103daa76f108f3796d35/screenshot - {}
COMMAND: POST /session/bbd37991cd80103daa76f108f3796d35/element - {"using":"xpath","value":"//input[@id=\"application-manageyards-display-component---NewYard--yardId-inner\"]"}
RESULT: {}
RESULT: {}
RESULT: {"using":"xpath","value":"//input[@id=\"application-manageyards-display-component---NewYard--yardId-inner\"]"}
COMMAND: POST /session/bbd37991cd80103daa76f108f3796d35/element - {"using":"xpath","value":"//input[@id=\"application-manageyards-display-component---NewYard--yardId-inner\"]"}
RESULT: {"using":"xpath","value":"//input[@id=\"application-manageyards-display-component---NewYard--yardId-inner\"]"}
COMMAND: POST /session/bbd37991cd80103daa76f108f3796d35/execute/async - {"script":"<script> [1562 bytes]","args":[{"selector":{"id":"application-manageyards-display-component---NewYard--addressDetailDetailsName1","interaction":{"idSuffix":"inner"}},"wdio_ui5_key":"applicationmanageyards-display-component---NewYard--addressDetailDetailsName1"}]}
RESULT: {"script":"<script> [1562 bytes]","args":[{"selector":{"id":"application-manageyards-display-component---NewYard--addressDetailDetailsName1","interaction":{"idSuffix":"inner"}},"wdio_ui5_key":"applicationmanageyards-display-component---NewYard--addressDetailDetailsName1"}]}
RESULT: undefined
COMMAND: POST /session/bbd37991cd80103daa76f108f3796d35/execute/async - {"script":"<script> [776 bytes]","args":[{"enterText":"Intracompany Yard wdIO","selector":{"id":"application-manageyards-display-component---NewYard--addressDetailDetailsName1","interaction":{"idSuffix":"inner"}},"clearTextFirst":true,"interactionType":"ENTER_TEXT"}]}
RESULT: {"script":"<script> [776 bytes]","args":[{"enterText":"Intracompany Yard wdIO","selector":{"id":"application-manageyards-display-component---NewYard--addressDetailDetailsName1","interaction":{"idSuffix":"inner"}},"clearTextFirst":true,"interactionType":"ENTER_TEXT"}]}
COMMAND: POST /session/bbd37991cd80103daa76f108f3796d35/execute/async - {"script":"<script> [1562 bytes]","args":[{"selector":{"id":"application-manageyards-display-component---NewYard--addressDetailDetailsLanguage-arrow"},"wdio_ui5_key":"applicationmanageyards-display-component---NewYard--addressDetailDetailsLanguage-arrow"}]}
RESULT: {"script":"<script> [1562 bytes]","args":[{"selector":{"id":"application-manageyards-display-component---NewYard--addressDetailDetailsLanguage-arrow"},"wdio_ui5_key":"applicationmanageyards-display-component---NewYard--addressDetailDetailsLanguage-arrow"}]}
RESULT: undefined
COMMAND: POST /session/bbd37991cd80103daa76f108f3796d35/element - {"using":"xpath","value":"//*[@id=\"application-manageyards-display-component---NewYard--addressDetailDetailsLanguage-arrow\"]"}
RESULT: {"using":"xpath","value":"//*[@id=\"application-manageyards-display-component---NewYard--addressDetailDetailsLanguage-arrow\"]"}
COMMAND: POST /session/bbd37991cd80103daa76f108f3796d35/element/f.BCC40A51FB0F962C15E825EB75C92327.d.FAE37B5623D70A1C6972FB3F98C7FAE5.e.7080/click - {}
RESULT: {}
COMMAND: POST /session/bbd37991cd80103daa76f108f3796d35/element - {"using":"xpath","value":"//span[contains(text(), \"English\")]"}
COMMAND: GET /session/bbd37991cd80103daa76f108f3796d35/screenshot - {}
RESULT: {"using":"xpath","value":"//span[contains(text(), \"English\")]"}
COMMAND: POST /session/bbd37991cd80103daa76f108f3796d35/element/f.BCC40A51FB0F962C15E825EB75C92327.d.FAE37B5623D70A1C6972FB3F98C7FAE5.e.7081/click - {}
RESULT: {}
RESULT: {}
COMMAND: POST /session/bbd37991cd80103daa76f108f3796d35/execute/async - {"script":"<script> [1562 bytes]","args":[{"selector":{"id":"application-manageyards-display-component---NewYard--addressDetailDetailsCity1","interaction":{"idSuffix":"inner"}},"wdio_ui5_key":"applicationmanageyards-display-component---NewYard--addressDetailDetailsCity1"}]}
COMMAND: GET /session/bbd37991cd80103daa76f108f3796d35/screenshot - {}
RESULT: {"script":"<script> [1562 bytes]","args":[{"selector":{"id":"application-manageyards-display-component---NewYard--addressDetailDetailsCity1","interaction":{"idSuffix":"inner"}},"wdio_ui5_key":"applicationmanageyards-display-component---NewYard--addressDetailDetailsCity1"}]}
RESULT: undefined
COMMAND: POST /session/bbd37991cd80103daa76f108f3796d35/execute/async - {"script":"<script> [776 bytes]","args":[{"enterText":"Rosario","selector":{"id":"application-manageyards-display-component---NewYard--addressDetailDetailsCity1","interaction":{"idSuffix":"inner"}},"clearTextFirst":true,"interactionType":"ENTER_TEXT"}]}
RESULT: {}
RESULT: {"script":"<script> [776 bytes]","args":[{"enterText":"Rosario","selector":{"id":"application-manageyards-display-component---NewYard--addressDetailDetailsCity1","interaction":{"idSuffix":"inner"}},"clearTextFirst":true,"interactionType":"ENTER_TEXT"}]}
COMMAND: POST /session/bbd37991cd80103daa76f108f3796d35/execute/async - {"script":"<script> [1562 bytes]","args":[{"selector":{"id":"application-manageyards-display-component---NewYard--addressDetailDetailsCountry-arrow"},"wdio_ui5_key":"applicationmanageyards-display-component---NewYard--addressDetailDetailsCountry-arrow"}]}
RESULT: {"script":"<script> [1562 bytes]","args":[{"selector":{"id":"application-manageyards-display-component---NewYard--addressDetailDetailsCountry-arrow"},"wdio_ui5_key":"applicationmanageyards-display-component---NewYard--addressDetailDetailsCountry-arrow"}]}
RESULT: undefined
COMMAND: POST /session/bbd37991cd80103daa76f108f3796d35/element - {"using":"xpath","value":"//*[@id=\"application-manageyards-display-component---NewYard--addressDetailDetailsCountry-arrow\"]"}
RESULT: {"using":"xpath","value":"//*[@id=\"application-manageyards-display-component---NewYard--addressDetailDetailsCountry-arrow\"]"}
COMMAND: POST /session/bbd37991cd80103daa76f108f3796d35/element/f.BCC40A51FB0F962C15E825EB75C92327.d.FAE37B5623D70A1C6972FB3F98C7FAE5.e.7083/click - {}
RESULT: {}
COMMAND: POST /session/bbd37991cd80103daa76f108f3796d35/element - {"using":"xpath","value":"//span[contains(text(), \"Argentina\")]"}
COMMAND: GET /session/bbd37991cd80103daa76f108f3796d35/screenshot - {}
RESULT: {"using":"xpath","value":"//span[contains(text(), \"Argentina\")]"}
COMMAND: POST /session/bbd37991cd80103daa76f108f3796d35/element/f.BCC40A51FB0F962C15E825EB75C92327.d.FAE37B5623D70A1C6972FB3F98C7FAE5.e.7084/click - {}
RESULT: {}
RESULT: {}
COMMAND: POST /session/bbd37991cd80103daa76f108f3796d35/execute/async - {"script":"<script> [1562 bytes]","args":[{"selector":{"id":"application-manageyards-display-component---NewYard--addressEditDetailsCostObjectCstType-arrow"},"wdio_ui5_key":"applicationmanageyards-display-component---NewYard--addressEditDetailsCostObjectCstType-arrow"}]}
COMMAND: GET /session/bbd37991cd80103daa76f108f3796d35/screenshot - {}
RESULT: {"script":"<script> [1562 bytes]","args":[{"selector":{"id":"application-manageyards-display-component---NewYard--addressEditDetailsCostObjectCstType-arrow"},"wdio_ui5_key":"applicationmanageyards-display-component---NewYard--addressEditDetailsCostObjectCstType-arrow"}]}
RESULT: undefined
COMMAND: POST /session/bbd37991cd80103daa76f108f3796d35/element - {"using":"xpath","value":"//*[@id=\"application-manageyards-display-component---NewYard--addressEditDetailsCostObjectCstType-arrow\"]"}
RESULT: {}
RESULT: {"using":"xpath","value":"//*[@id=\"application-manageyards-display-component---NewYard--addressEditDetailsCostObjectCstType-arrow\"]"}
COMMAND: POST /session/bbd37991cd80103daa76f108f3796d35/element/f.BCC40A51FB0F962C15E825EB75C92327.d.FAE37B5623D70A1C6972FB3F98C7FAE5.e.7086/click - {}
RESULT: {}
COMMAND: POST /session/bbd37991cd80103daa76f108f3796d35/element - {"using":"xpath","value":"//span[contains(text(), \"Cost Center\")]"}
COMMAND: GET /session/bbd37991cd80103daa76f108f3796d35/screenshot - {}
RESULT: {"using":"xpath","value":"//span[contains(text(), \"Cost Center\")]"}
COMMAND: POST /session/bbd37991cd80103daa76f108f3796d35/element/f.BCC40A51FB0F962C15E825EB75C92327.d.FAE37B5623D70A1C6972FB3F98C7FAE5.e.7087/click - {}
RESULT: {}
RESULT: {}
COMMAND: GET /session/bbd37991cd80103daa76f108f3796d35/screenshot - {}
RESULT: {}
COMMAND: POST /session/bbd37991cd80103daa76f108f3796d35/element - {"using":"xpath","value":"//span[@id=\"application-manageyards-display-component---NewYard--addressNewCostObjectCstID-vhi\"]"}
RESULT: {"using":"xpath","value":"//span[@id=\"application-manageyards-display-component---NewYard--addressNewCostObjectCstID-vhi\"]"}
COMMAND: POST /session/bbd37991cd80103daa76f108f3796d35/execute/sync - {"script":"<script> [8489 bytes]","args":[{"element-6066-11e4-a52e-4f735466cecf":"f.BCC40A51FB0F962C15E825EB75C92327.d.FAE37B5623D70A1C6972FB3F98C7FAE5.e.7091","ELEMENT":"f.BCC40A51FB0F962C15E825EB75C92327.d.FAE37B5623D70A1C6972FB3F98C7FAE5.e.7091"}]}
RESULT: {"script":"<script> [8489 bytes]","args":[{"element-6066-11e4-a52e-4f735466cecf":"f.BCC40A51FB0F962C15E825EB75C92327.d.FAE37B5623D70A1C6972FB3F98C7FAE5.e.7091","ELEMENT":"f.BCC40A51FB0F962C15E825EB75C92327.d.FAE37B5623D70A1C6972FB3F98C7FAE5.e.7091"}]}
COMMAND: POST /session/bbd37991cd80103daa76f108f3796d35/execute/async - {"script":"<script> [1562 bytes]","args":[{"selector":{"id":"application-manageyards-display-component---NewYard--addressNewCostObjectCstID-vhi"},"wdio_ui5_key":"applicationmanageyards-display-component---NewYard--addressNewCostObjectCstID-vhi"}]}
COMMAND: GET /session/bbd37991cd80103daa76f108f3796d35/screenshot - {}
RESULT: {"script":"<script> [1562 bytes]","args":[{"selector":{"id":"application-manageyards-display-component---NewYard--addressNewCostObjectCstID-vhi"},"wdio_ui5_key":"applicationmanageyards-display-component---NewYard--addressNewCostObjectCstID-vhi"}]}
RESULT: undefined
COMMAND: POST /session/bbd37991cd80103daa76f108f3796d35/element - {"using":"xpath","value":"//*[@id=\"application-manageyards-display-component---NewYard--addressNewCostObjectCstID-vhi\"]"}
RESULT: {}
RESULT: {"using":"xpath","value":"//*[@id=\"application-manageyards-display-component---NewYard--addressNewCostObjectCstID-vhi\"]"}
COMMAND: POST /session/bbd37991cd80103daa76f108f3796d35/element/f.BCC40A51FB0F962C15E825EB75C92327.d.FAE37B5623D70A1C6972FB3F98C7FAE5.e.7091/click - {}
RESULT: {}
COMMAND: GET /session/bbd37991cd80103daa76f108f3796d35/screenshot - {}
RESULT: {}
COMMAND: POST /session/bbd37991cd80103daa76f108f3796d35/execute/async - {"script":"<script> [1562 bytes]","args":[{"selector":{"controlType":"sap.m.SearchField","properties":{"placeholder":"Search"},"searchOpenDialogs":true,"interaction":{"idSuffix":"I"}},"wdio_ui5_key":"sapm.SearchField{\"placeholder\":\"Search\"}"}]}
RESULT: {"script":"<script> [1562 bytes]","args":[{"selector":{"controlType":"sap.m.SearchField","properties":{"placeholder":"Search"},"searchOpenDialogs":true,"interaction":{"idSuffix":"I"}},"wdio_ui5_key":"sapm.SearchField{\"placeholder\":\"Search\"}"}]}
RESULT: undefined
COMMAND: POST /session/bbd37991cd80103daa76f108f3796d35/execute/async - {"script":"<script> [776 bytes]","args":[{"enterText":"10001013","selector":{"controlType":"sap.m.SearchField","properties":{"placeholder":"Search"},"searchOpenDialogs":true,"interaction":{"idSuffix":"I"}},"clearTextFirst":true,"interactionType":"ENTER_TEXT"}]}
RESULT: {"script":"<script> [776 bytes]","args":[{"enterText":"10001013","selector":{"controlType":"sap.m.SearchField","properties":{"placeholder":"Search"},"searchOpenDialogs":true,"interaction":{"idSuffix":"I"}},"clearTextFirst":true,"interactionType":"ENTER_TEXT"}]}
COMMAND: POST /session/bbd37991cd80103daa76f108f3796d35/actions - {"actions":[{"id":"action23","type":"key","parameters":{},"actions":[{"type":"keyDown","value":"î€‡"},{"type":"pause","duration":10},{"type":"keyUp","value":"î€‡"}]}]}
RESULT: {"actions":[{"id":"action23","type":"key","parameters":{},"actions":[{"type":"keyDown","value":"î€‡"},{"type":"pause","duration":10},{"type":"keyUp","value":"î€‡"}]}]}
COMMAND: GET /session/bbd37991cd80103daa76f108f3796d35/screenshot - {}
RESULT: {}
COMMAND: POST /session/bbd37991cd80103daa76f108f3796d35/element - {"using":"xpath","value":"//span[contains(text(), \"General Management\")]"}
RESULT: {"using":"xpath","value":"//span[contains(text(), \"General Management\")]"}
COMMAND: POST /session/bbd37991cd80103daa76f108f3796d35/element/f.BCC40A51FB0F962C15E825EB75C92327.d.FAE37B5623D70A1C6972FB3F98C7FAE5.e.7132/click - {}
RESULT: {}
COMMAND: GET /session/bbd37991cd80103daa76f108f3796d35/screenshot - {}
RESULT: {}
COMMAND: POST /session/bbd37991cd80103daa76f108f3796d35/element - {"using":"xpath","value":"//bdi[contains(text(), \"OK\")]"}
RESULT: {"using":"xpath","value":"//bdi[contains(text(), \"OK\")]"}
COMMAND: POST /session/bbd37991cd80103daa76f108f3796d35/element/f.BCC40A51FB0F962C15E825EB75C92327.d.FAE37B5623D70A1C6972FB3F98C7FAE5.e.7133/click - {}
RESULT: {}
COMMAND: GET /session/bbd37991cd80103daa76f108f3796d35/screenshot - {}
RESULT: {}
COMMAND: POST /session/bbd37991cd80103daa76f108f3796d35/execute/async - {"script":"<script> [1562 bytes]","args":[{"selector":{"id":"application-manageyards-display-component---NewYard--addressEditDetailsCurrency-arrow"},"wdio_ui5_key":"applicationmanageyards-display-component---NewYard--addressEditDetailsCurrency-arrow"}]}
RESULT: {"script":"<script> [1562 bytes]","args":[{"selector":{"id":"application-manageyards-display-component---NewYard--addressEditDetailsCurrency-arrow"},"wdio_ui5_key":"applicationmanageyards-display-component---NewYard--addressEditDetailsCurrency-arrow"}]}
RESULT: undefined
COMMAND: POST /session/bbd37991cd80103daa76f108f3796d35/element - {"using":"xpath","value":"//*[@id=\"application-manageyards-display-component---NewYard--addressEditDetailsCurrency-arrow\"]"}
RESULT: {"using":"xpath","value":"//*[@id=\"application-manageyards-display-component---NewYard--addressEditDetailsCurrency-arrow\"]"}
COMMAND: POST /session/bbd37991cd80103daa76f108f3796d35/element/f.BCC40A51FB0F962C15E825EB75C92327.d.FAE37B5623D70A1C6972FB3F98C7FAE5.e.7136/click - {}
RESULT: {}
COMMAND: POST /session/bbd37991cd80103daa76f108f3796d35/element - {"using":"xpath","value":"//span[contains(text(), \"Euro\")]"}
COMMAND: GET /session/bbd37991cd80103daa76f108f3796d35/screenshot - {}
RESULT: {"using":"xpath","value":"//span[contains(text(), \"Euro\")]"}
COMMAND: POST /session/bbd37991cd80103daa76f108f3796d35/element/f.BCC40A51FB0F962C15E825EB75C92327.d.FAE37B5623D70A1C6972FB3F98C7FAE5.e.7137/click - {}
RESULT: {}
RESULT: {}
COMMAND: POST /session/bbd37991cd80103daa76f108f3796d35/execute/async - {"script":"<script> [1562 bytes]","args":[{"selector":{"controlType":"sap.m.Input","viewName":"etm.portal.ui.manageyards.view.New","viewId":"application-manageyards-display-component---NewYard","bindingPath":{"path":"","propertyPath":"/CONTROLLING_AREA","modelName":"NewYardModel"},"interaction":{"idSuffix":"inner"}},"wdio_ui5_key":"etmportal.ui.manageyards.view.Newsap.m.Input{\"path\":\"\",\"propertyPath\":\"/CONTROLLING_AREA\",\"modelName\":\"NewYardModel\"}"}]}
COMMAND: GET /session/bbd37991cd80103daa76f108f3796d35/screenshot - {}
RESULT: {"script":"<script> [1562 bytes]","args":[{"selector":{"controlType":"sap.m.Input","viewName":"etm.portal.ui.manageyards.view.New","viewId":"application-manageyards-display-component---NewYard","bindingPath":{"path":"","propertyPath":"/CONTROLLING_AREA","modelName":"NewYardModel"},"interaction":{"idSuffix":"inner"}},"wdio_ui5_key":"etmportal.ui.manageyards.view.Newsap.m.Input{\"path\":\"\",\"propertyPath\":\"/CONTROLLING_AREA\",\"modelName\":\"NewYardModel\"}"}]}
RESULT: undefined
COMMAND: POST /session/bbd37991cd80103daa76f108f3796d35/execute/async - {"script":"<script> [776 bytes]","args":[{"enterText":"Z001","selector":{"controlType":"sap.m.Input","viewName":"etm.portal.ui.manageyards.view.New","viewId":"application-manageyards-display-component---NewYard","bindingPath":{"path":"","propertyPath":"/CONTROLLING_AREA","modelName":"NewYardModel"},"interaction":{"idSuffix":"inner"}},"clearTextFirst":true,"interactionType":"ENTER_TEXT"}]}
RESULT: {}
RESULT: {"script":"<script> [776 bytes]","args":[{"enterText":"Z001","selector":{"controlType":"sap.m.Input","viewName":"etm.portal.ui.manageyards.view.New","viewId":"application-manageyards-display-component---NewYard","bindingPath":{"path":"","propertyPath":"/CONTROLLING_AREA","modelName":"NewYardModel"},"interaction":{"idSuffix":"inner"}},"clearTextFirst":true,"interactionType":"ENTER_TEXT"}]}
COMMAND: POST /session/bbd37991cd80103daa76f108f3796d35/execute/async - {"script":"<script> [1562 bytes]","args":[{"selector":{"id":"application-manageyards-display-component---NewYard--companyCodeComboBox","interaction":{"idSuffix":"inner"}},"wdio_ui5_key":"applicationmanageyards-display-component---NewYard--companyCodeComboBox"}]}
RESULT: {"script":"<script> [1562 bytes]","args":[{"selector":{"id":"application-manageyards-display-component---NewYard--companyCodeComboBox","interaction":{"idSuffix":"inner"}},"wdio_ui5_key":"applicationmanageyards-display-component---NewYard--companyCodeComboBox"}]}
RESULT: undefined
COMMAND: POST /session/bbd37991cd80103daa76f108f3796d35/execute/async - {"script":"<script> [776 bytes]","args":[{"enterText":"1000","selector":{"id":"application-manageyards-display-component---NewYard--companyCodeComboBox","interaction":{"idSuffix":"inner"}},"clearTextFirst":true,"interactionType":"ENTER_TEXT"}]}
RESULT: {"script":"<script> [776 bytes]","args":[{"enterText":"1000","selector":{"id":"application-manageyards-display-component---NewYard--companyCodeComboBox","interaction":{"idSuffix":"inner"}},"clearTextFirst":true,"interactionType":"ENTER_TEXT"}]}
COMMAND: POST /session/bbd37991cd80103daa76f108f3796d35/execute/async - {"script":"<script> [1562 bytes]","args":[{"selector":{"controlType":"sap.m.Input","viewName":"etm.portal.ui.manageyards.view.New","viewId":"application-manageyards-display-component---NewYard","bindingPath":{"path":"","propertyPath":"/PLANT","modelName":"NewYardModel"},"interaction":{"idSuffix":"inner"}},"wdio_ui5_key":"etmportal.ui.manageyards.view.Newsap.m.Input{\"path\":\"\",\"propertyPath\":\"/PLANT\",\"modelName\":\"NewYardModel\"}"}]}
RESULT: {"script":"<script> [1562 bytes]","args":[{"selector":{"controlType":"sap.m.Input","viewName":"etm.portal.ui.manageyards.view.New","viewId":"application-manageyards-display-component---NewYard","bindingPath":{"path":"","propertyPath":"/PLANT","modelName":"NewYardModel"},"interaction":{"idSuffix":"inner"}},"wdio_ui5_key":"etmportal.ui.manageyards.view.Newsap.m.Input{\"path\":\"\",\"propertyPath\":\"/PLANT\",\"modelName\":\"NewYardModel\"}"}]}
RESULT: undefined
COMMAND: POST /session/bbd37991cd80103daa76f108f3796d35/execute/async - {"script":"<script> [776 bytes]","args":[{"enterText":"1001","selector":{"controlType":"sap.m.Input","viewName":"etm.portal.ui.manageyards.view.New","viewId":"application-manageyards-display-component---NewYard","bindingPath":{"path":"","propertyPath":"/PLANT","modelName":"NewYardModel"},"interaction":{"idSuffix":"inner"}},"clearTextFirst":true,"interactionType":"ENTER_TEXT"}]}
RESULT: {"script":"<script> [776 bytes]","args":[{"enterText":"1001","selector":{"controlType":"sap.m.Input","viewName":"etm.portal.ui.manageyards.view.New","viewId":"application-manageyards-display-component---NewYard","bindingPath":{"path":"","propertyPath":"/PLANT","modelName":"NewYardModel"},"interaction":{"idSuffix":"inner"}},"clearTextFirst":true,"interactionType":"ENTER_TEXT"}]}
COMMAND: POST /session/bbd37991cd80103daa76f108f3796d35/execute/async - {"script":"<script> [1562 bytes]","args":[{"selector":{"controlType":"sap.m.Input","viewName":"etm.portal.ui.manageyards.view.New","viewId":"application-manageyards-display-component---NewYard","bindingPath":{"path":"","propertyPath":"/SALES_AREA_VKORG","modelName":"NewYardModel"},"interaction":{"idSuffix":"inner"}},"wdio_ui5_key":"etmportal.ui.manageyards.view.Newsap.m.Input{\"path\":\"\",\"propertyPath\":\"/SALES_AREA_VKORG\",\"modelName\":\"NewYardModel\"}"}]}
RESULT: {"script":"<script> [1562 bytes]","args":[{"selector":{"controlType":"sap.m.Input","viewName":"etm.portal.ui.manageyards.view.New","viewId":"application-manageyards-display-component---NewYard","bindingPath":{"path":"","propertyPath":"/SALES_AREA_VKORG","modelName":"NewYardModel"},"interaction":{"idSuffix":"inner"}},"wdio_ui5_key":"etmportal.ui.manageyards.view.Newsap.m.Input{\"path\":\"\",\"propertyPath\":\"/SALES_AREA_VKORG\",\"modelName\":\"NewYardModel\"}"}]}
RESULT: undefined
COMMAND: POST /session/bbd37991cd80103daa76f108f3796d35/execute/async - {"script":"<script> [776 bytes]","args":[{"enterText":"C002","selector":{"controlType":"sap.m.Input","viewName":"etm.portal.ui.manageyards.view.New","viewId":"application-manageyards-display-component---NewYard","bindingPath":{"path":"","propertyPath":"/SALES_AREA_VKORG","modelName":"NewYardModel"},"interaction":{"idSuffix":"inner"}},"clearTextFirst":true,"interactionType":"ENTER_TEXT"}]}
RESULT: {"script":"<script> [776 bytes]","args":[{"enterText":"C002","selector":{"controlType":"sap.m.Input","viewName":"etm.portal.ui.manageyards.view.New","viewId":"application-manageyards-display-component---NewYard","bindingPath":{"path":"","propertyPath":"/SALES_AREA_VKORG","modelName":"NewYardModel"},"interaction":{"idSuffix":"inner"}},"clearTextFirst":true,"interactionType":"ENTER_TEXT"}]}
COMMAND: POST /session/bbd37991cd80103daa76f108f3796d35/execute/async - {"script":"<script> [1562 bytes]","args":[{"selector":{"controlType":"sap.m.Input","viewName":"etm.portal.ui.manageyards.view.New","viewId":"application-manageyards-display-component---NewYard","bindingPath":{"path":"","propertyPath":"/SALES_AREA_VTWEG","modelName":"NewYardModel"},"interaction":{"idSuffix":"inner"}},"wdio_ui5_key":"etmportal.ui.manageyards.view.Newsap.m.Input{\"path\":\"\",\"propertyPath\":\"/SALES_AREA_VTWEG\",\"modelName\":\"NewYardModel\"}"}]}
RESULT: {"script":"<script> [1562 bytes]","args":[{"selector":{"controlType":"sap.m.Input","viewName":"etm.portal.ui.manageyards.view.New","viewId":"application-manageyards-display-component---NewYard","bindingPath":{"path":"","propertyPath":"/SALES_AREA_VTWEG","modelName":"NewYardModel"},"interaction":{"idSuffix":"inner"}},"wdio_ui5_key":"etmportal.ui.manageyards.view.Newsap.m.Input{\"path\":\"\",\"propertyPath\":\"/SALES_AREA_VTWEG\",\"modelName\":\"NewYardModel\"}"}]}
RESULT: undefined
COMMAND: POST /session/bbd37991cd80103daa76f108f3796d35/execute/async - {"script":"<script> [776 bytes]","args":[{"enterText":"C2","selector":{"controlType":"sap.m.Input","viewName":"etm.portal.ui.manageyards.view.New","viewId":"application-manageyards-display-component---NewYard","bindingPath":{"path":"","propertyPath":"/SALES_AREA_VTWEG","modelName":"NewYardModel"},"interaction":{"idSuffix":"inner"}},"clearTextFirst":true,"interactionType":"ENTER_TEXT"}]}
RESULT: {"script":"<script> [776 bytes]","args":[{"enterText":"C2","selector":{"controlType":"sap.m.Input","viewName":"etm.portal.ui.manageyards.view.New","viewId":"application-manageyards-display-component---NewYard","bindingPath":{"path":"","propertyPath":"/SALES_AREA_VTWEG","modelName":"NewYardModel"},"interaction":{"idSuffix":"inner"}},"clearTextFirst":true,"interactionType":"ENTER_TEXT"}]}
COMMAND: POST /session/bbd37991cd80103daa76f108f3796d35/execute/async - {"script":"<script> [1562 bytes]","args":[{"selector":{"controlType":"sap.m.Input","viewName":"etm.portal.ui.manageyards.view.New","viewId":"application-manageyards-display-component---NewYard","bindingPath":{"path":"","propertyPath":"/SALES_AREA_SPART","modelName":"NewYardModel"},"interaction":{"idSuffix":"inner"}},"wdio_ui5_key":"etmportal.ui.manageyards.view.Newsap.m.Input{\"path\":\"\",\"propertyPath\":\"/SALES_AREA_SPART\",\"modelName\":\"NewYardModel\"}"}]}
RESULT: {"script":"<script> [1562 bytes]","args":[{"selector":{"controlType":"sap.m.Input","viewName":"etm.portal.ui.manageyards.view.New","viewId":"application-manageyards-display-component---NewYard","bindingPath":{"path":"","propertyPath":"/SALES_AREA_SPART","modelName":"NewYardModel"},"interaction":{"idSuffix":"inner"}},"wdio_ui5_key":"etmportal.ui.manageyards.view.Newsap.m.Input{\"path\":\"\",\"propertyPath\":\"/SALES_AREA_SPART\",\"modelName\":\"NewYardModel\"}"}]}
RESULT: undefined
COMMAND: POST /session/bbd37991cd80103daa76f108f3796d35/execute/async - {"script":"<script> [776 bytes]","args":[{"enterText":"C2","selector":{"controlType":"sap.m.Input","viewName":"etm.portal.ui.manageyards.view.New","viewId":"application-manageyards-display-component---NewYard","bindingPath":{"path":"","propertyPath":"/SALES_AREA_SPART","modelName":"NewYardModel"},"interaction":{"idSuffix":"inner"}},"clearTextFirst":true,"interactionType":"ENTER_TEXT"}]}
RESULT: {"script":"<script> [776 bytes]","args":[{"enterText":"C2","selector":{"controlType":"sap.m.Input","viewName":"etm.portal.ui.manageyards.view.New","viewId":"application-manageyards-display-component---NewYard","bindingPath":{"path":"","propertyPath":"/SALES_AREA_SPART","modelName":"NewYardModel"},"interaction":{"idSuffix":"inner"}},"clearTextFirst":true,"interactionType":"ENTER_TEXT"}]}
COMMAND: POST /session/bbd37991cd80103daa76f108f3796d35/execute/async - {"script":"<script> [1562 bytes]","args":[{"selector":{"controlType":"sap.m.Input","viewName":"etm.portal.ui.manageyards.view.New","viewId":"application-manageyards-display-component---NewYard","bindingPath":{"path":"","propertyPath":"/SHIP_POINT","modelName":"NewYardModel"},"interaction":{"idSuffix":"inner"}},"wdio_ui5_key":"etmportal.ui.manageyards.view.Newsap.m.Input{\"path\":\"\",\"propertyPath\":\"/SHIP_POINT\",\"modelName\":\"NewYardModel\"}"}]}
RESULT: {"script":"<script> [1562 bytes]","args":[{"selector":{"controlType":"sap.m.Input","viewName":"etm.portal.ui.manageyards.view.New","viewId":"application-manageyards-display-component---NewYard","bindingPath":{"path":"","propertyPath":"/SHIP_POINT","modelName":"NewYardModel"},"interaction":{"idSuffix":"inner"}},"wdio_ui5_key":"etmportal.ui.manageyards.view.Newsap.m.Input{\"path\":\"\",\"propertyPath\":\"/SHIP_POINT\",\"modelName\":\"NewYardModel\"}"}]}
RESULT: undefined
COMMAND: POST /session/bbd37991cd80103daa76f108f3796d35/execute/async - {"script":"<script> [776 bytes]","args":[{"enterText":"1710","selector":{"controlType":"sap.m.Input","viewName":"etm.portal.ui.manageyards.view.New","viewId":"application-manageyards-display-component---NewYard","bindingPath":{"path":"","propertyPath":"/SHIP_POINT","modelName":"NewYardModel"},"interaction":{"idSuffix":"inner"}},"clearTextFirst":true,"interactionType":"ENTER_TEXT"}]}
RESULT: {"script":"<script> [776 bytes]","args":[{"enterText":"1710","selector":{"controlType":"sap.m.Input","viewName":"etm.portal.ui.manageyards.view.New","viewId":"application-manageyards-display-component---NewYard","bindingPath":{"path":"","propertyPath":"/SHIP_POINT","modelName":"NewYardModel"},"interaction":{"idSuffix":"inner"}},"clearTextFirst":true,"interactionType":"ENTER_TEXT"}]}
COMMAND: POST /session/bbd37991cd80103daa76f108f3796d35/execute/async - {"script":"<script> [1562 bytes]","args":[{"selector":{"controlType":"sap.m.Input","viewName":"etm.portal.ui.manageyards.view.New","viewId":"application-manageyards-display-component---NewYard","bindingPath":{"path":"","propertyPath":"/DELIVERY_TYPE","modelName":"NewYardModel"},"interaction":{"idSuffix":"inner"}},"wdio_ui5_key":"etmportal.ui.manageyards.view.Newsap.m.Input{\"path\":\"\",\"propertyPath\":\"/DELIVERY_TYPE\",\"modelName\":\"NewYardModel\"}"}]}
RESULT: {"script":"<script> [1562 bytes]","args":[{"selector":{"controlType":"sap.m.Input","viewName":"etm.portal.ui.manageyards.view.New","viewId":"application-manageyards-display-component---NewYard","bindingPath":{"path":"","propertyPath":"/DELIVERY_TYPE","modelName":"NewYardModel"},"interaction":{"idSuffix":"inner"}},"wdio_ui5_key":"etmportal.ui.manageyards.view.Newsap.m.Input{\"path\":\"\",\"propertyPath\":\"/DELIVERY_TYPE\",\"modelName\":\"NewYardModel\"}"}]}
RESULT: undefined
COMMAND: POST /session/bbd37991cd80103daa76f108f3796d35/execute/async - {"script":"<script> [776 bytes]","args":[{"enterText":"ZL01","selector":{"controlType":"sap.m.Input","viewName":"etm.portal.ui.manageyards.view.New","viewId":"application-manageyards-display-component---NewYard","bindingPath":{"path":"","propertyPath":"/DELIVERY_TYPE","modelName":"NewYardModel"},"interaction":{"idSuffix":"inner"}},"clearTextFirst":true,"interactionType":"ENTER_TEXT"}]}
RESULT: {"script":"<script> [776 bytes]","args":[{"enterText":"ZL01","selector":{"controlType":"sap.m.Input","viewName":"etm.portal.ui.manageyards.view.New","viewId":"application-manageyards-display-component---NewYard","bindingPath":{"path":"","propertyPath":"/DELIVERY_TYPE","modelName":"NewYardModel"},"interaction":{"idSuffix":"inner"}},"clearTextFirst":true,"interactionType":"ENTER_TEXT"}]}
COMMAND: POST /session/bbd37991cd80103daa76f108f3796d35/execute/async - {"script":"<script> [1562 bytes]","args":[{"selector":{"controlType":"sap.m.Input","viewName":"etm.portal.ui.manageyards.view.New","viewId":"application-manageyards-display-component---NewYard","bindingPath":{"path":"","propertyPath":"/AUART","modelName":"NewYardModel"},"interaction":{"idSuffix":"inner"}},"wdio_ui5_key":"etmportal.ui.manageyards.view.Newsap.m.Input{\"path\":\"\",\"propertyPath\":\"/AUART\",\"modelName\":\"NewYardModel\"}"}]}
RESULT: {"script":"<script> [1562 bytes]","args":[{"selector":{"controlType":"sap.m.Input","viewName":"etm.portal.ui.manageyards.view.New","viewId":"application-manageyards-display-component---NewYard","bindingPath":{"path":"","propertyPath":"/AUART","modelName":"NewYardModel"},"interaction":{"idSuffix":"inner"}},"wdio_ui5_key":"etmportal.ui.manageyards.view.Newsap.m.Input{\"path\":\"\",\"propertyPath\":\"/AUART\",\"modelName\":\"NewYardModel\"}"}]}
RESULT: undefined
COMMAND: POST /session/bbd37991cd80103daa76f108f3796d35/execute/async - {"script":"<script> [776 bytes]","args":[{"enterText":"TA","selector":{"controlType":"sap.m.Input","viewName":"etm.portal.ui.manageyards.view.New","viewId":"application-manageyards-display-component---NewYard","bindingPath":{"path":"","propertyPath":"/AUART","modelName":"NewYardModel"},"interaction":{"idSuffix":"inner"}},"clearTextFirst":true,"interactionType":"ENTER_TEXT"}]}
RESULT: {"script":"<script> [776 bytes]","args":[{"enterText":"TA","selector":{"controlType":"sap.m.Input","viewName":"etm.portal.ui.manageyards.view.New","viewId":"application-manageyards-display-component---NewYard","bindingPath":{"path":"","propertyPath":"/AUART","modelName":"NewYardModel"},"interaction":{"idSuffix":"inner"}},"clearTextFirst":true,"interactionType":"ENTER_TEXT"}]}
COMMAND: POST /session/bbd37991cd80103daa76f108f3796d35/element - {"using":"xpath","value":"//button[@data-kt=\"newYardSaveButton\"]"}
RESULT: {"using":"xpath","value":"//button[@data-kt=\"newYardSaveButton\"]"}
COMMAND: POST /session/bbd37991cd80103daa76f108f3796d35/element/f.BCC40A51FB0F962C15E825EB75C92327.d.FAE37B5623D70A1C6972FB3F98C7FAE5.e.7061/click - {}
RESULT: {}
COMMAND: GET /session/bbd37991cd80103daa76f108f3796d35/screenshot - {}
RESULT: {}
COMMAND: POST /session/bbd37991cd80103daa76f108f3796d35/element - {"using":"xpath","value":"//header[contains(@id, 'ObjectPageLayout-headerTitle')]/div[1]/div[2]/div[1]/span[1]"}
RESULT: {"using":"xpath","value":"//header[contains(@id, 'ObjectPageLayout-headerTitle')]/div[1]/div[2]/div[1]/span[1]"}
COMMAND: POST /session/bbd37991cd80103daa76f108f3796d35/elements - {"using":"xpath","value":"//header[contains(@id, 'ObjectPageLayout-headerTitle')]/div[1]/div[2]/div[1]/span[1]"}
RESULT: {"using":"xpath","value":"//header[contains(@id, 'ObjectPageLayout-headerTitle')]/div[1]/div[2]/div[1]/span[1]"}
COMMAND: POST /session/bbd37991cd80103daa76f108f3796d35/execute/sync - {"script":"<script> [56 bytes]","args":[{"element-6066-11e4-a52e-4f735466cecf":"f.BCC40A51FB0F962C15E825EB75C92327.d.FAE37B5623D70A1C6972FB3F98C7FAE5.e.7358","ELEMENT":"f.BCC40A51FB0F962C15E825EB75C92327.d.FAE37B5623D70A1C6972FB3F98C7FAE5.e.7358"}]}
RESULT: {"script":"<script> [56 bytes]","args":[{"element-6066-11e4-a52e-4f735466cecf":"f.BCC40A51FB0F962C15E825EB75C92327.d.FAE37B5623D70A1C6972FB3F98C7FAE5.e.7358","ELEMENT":"f.BCC40A51FB0F962C15E825EB75C92327.d.FAE37B5623D70A1C6972FB3F98C7FAE5.e.7358"}]}
COMMAND: GET /session/bbd37991cd80103daa76f108f3796d35/screenshot - {}
RESULT: {}
COMMAND: POST /session/bbd37991cd80103daa76f108f3796d35/element - {"using":"css selector","value":"#shell-header-logo"}
RESULT: {"using":"css selector","value":"#shell-header-logo"}
COMMAND: POST /session/bbd37991cd80103daa76f108f3796d35/element/f.BCC40A51FB0F962C15E825EB75C92327.d.FAE37B5623D70A1C6972FB3F98C7FAE5.e.6617/click - {}
RESULT: {}
COMMAND: GET /session/bbd37991cd80103daa76f108f3796d35/screenshot - {}
RESULT: {}
COMMAND: POST /session/bbd37991cd80103daa76f108f3796d35/execute/sync - {"script":"<script> [299 bytes]","args":[["getModel","getResource"]]}
RESULT: {"script":"<script> [299 bytes]","args":[["getModel","getResource"]]}
COMMAND: GET /session/bbd37991cd80103daa76f108f3796d35/screenshot - {}
]]></system-out>
    </testcase>
    <testcase classname="chrome.135_0_7049_96.windows.Billing_Transfer_-_Intracompany_US127249" name="Should create a new partner" time="116.107">
      <system-out><![CDATA[
COMMAND: POST /session/bbd37991cd80103daa76f108f3796d35/window/fullscreen - {}
RESULT: {}
RESULT: {}
COMMAND: POST /session/bbd37991cd80103daa76f108f3796d35/execute/async - {"script":"<script> [1562 bytes]","args":[{"selector":{"controlType":"sap.m.GenericTile","properties":{"header":"Manage Partners"}},"wdio_ui5_key":"sapm.GenericTile{\"header\":\"Manage Partners\"}"}]}
RESULT: {"script":"<script> [1562 bytes]","args":[{"selector":{"controlType":"sap.m.GenericTile","properties":{"header":"Manage Partners"}},"wdio_ui5_key":"sapm.GenericTile{\"header\":\"Manage Partners\"}"}]}
RESULT: undefined
COMMAND: POST /session/bbd37991cd80103daa76f108f3796d35/element - {"using":"xpath","value":"//*[@id=\"__tile38\"]"}
RESULT: {"using":"xpath","value":"//*[@id=\"__tile38\"]"}
COMMAND: POST /session/bbd37991cd80103daa76f108f3796d35/element/f.BCC40A51FB0F962C15E825EB75C92327.d.FAE37B5623D70A1C6972FB3F98C7FAE5.e.6505/click - {}
RESULT: {}
COMMAND: POST /session/bbd37991cd80103daa76f108f3796d35/element - {"using":"xpath","value":"//button[@data-kt=\"addButton\"]"}
COMMAND: GET /session/bbd37991cd80103daa76f108f3796d35/screenshot - {}
RESULT: {"using":"xpath","value":"//button[@data-kt=\"addButton\"]"}
COMMAND: POST /session/bbd37991cd80103daa76f108f3796d35/elements - {"using":"xpath","value":"//button[@data-kt=\"addButton\"]"}
RESULT: {}
RESULT: {"using":"xpath","value":"//button[@data-kt=\"addButton\"]"}
COMMAND: POST /session/bbd37991cd80103daa76f108f3796d35/elements - {"using":"xpath","value":"//button[@data-kt=\"addButton\"]"}
RESULT: {"using":"xpath","value":"//button[@data-kt=\"addButton\"]"}
COMMAND: POST /session/bbd37991cd80103daa76f108f3796d35/elements - {"using":"xpath","value":"//button[@data-kt=\"addButton\"]"}
RESULT: {"using":"xpath","value":"//button[@data-kt=\"addButton\"]"}
COMMAND: POST /session/bbd37991cd80103daa76f108f3796d35/element - {"using":"xpath","value":"//button[@data-kt=\"addButton\"]"}
RESULT: {"using":"xpath","value":"//button[@data-kt=\"addButton\"]"}
COMMAND: POST /session/bbd37991cd80103daa76f108f3796d35/execute/sync - {"script":"<script> [8489 bytes]","args":[{"element-6066-11e4-a52e-4f735466cecf":"f.BCC40A51FB0F962C15E825EB75C92327.d.FAE37B5623D70A1C6972FB3F98C7FAE5.e.7406","ELEMENT":"f.BCC40A51FB0F962C15E825EB75C92327.d.FAE37B5623D70A1C6972FB3F98C7FAE5.e.7406"}]}
RESULT: {"script":"<script> [8489 bytes]","args":[{"element-6066-11e4-a52e-4f735466cecf":"f.BCC40A51FB0F962C15E825EB75C92327.d.FAE37B5623D70A1C6972FB3F98C7FAE5.e.7406","ELEMENT":"f.BCC40A51FB0F962C15E825EB75C92327.d.FAE37B5623D70A1C6972FB3F98C7FAE5.e.7406"}]}
COMMAND: GET /session/bbd37991cd80103daa76f108f3796d35/element/f.BCC40A51FB0F962C15E825EB75C92327.d.FAE37B5623D70A1C6972FB3F98C7FAE5.e.7406/enabled - {}
COMMAND: GET /session/bbd37991cd80103daa76f108f3796d35/screenshot - {}
RESULT: {}
COMMAND: POST /session/bbd37991cd80103daa76f108f3796d35/execute/sync - {"script":"<script> [8489 bytes]","args":[{"element-6066-11e4-a52e-4f735466cecf":"f.BCC40A51FB0F962C15E825EB75C92327.d.FAE37B5623D70A1C6972FB3F98C7FAE5.e.7406","ELEMENT":"f.BCC40A51FB0F962C15E825EB75C92327.d.FAE37B5623D70A1C6972FB3F98C7FAE5.e.7406"}]}
COMMAND: GET /session/bbd37991cd80103daa76f108f3796d35/screenshot - {}
RESULT: {}
RESULT: {"script":"<script> [8489 bytes]","args":[{"element-6066-11e4-a52e-4f735466cecf":"f.BCC40A51FB0F962C15E825EB75C92327.d.FAE37B5623D70A1C6972FB3F98C7FAE5.e.7406","ELEMENT":"f.BCC40A51FB0F962C15E825EB75C92327.d.FAE37B5623D70A1C6972FB3F98C7FAE5.e.7406"}]}
COMMAND: POST /session/bbd37991cd80103daa76f108f3796d35/execute/sync - {"script":"<script> [5351 bytes]","args":[{"element-6066-11e4-a52e-4f735466cecf":"f.BCC40A51FB0F962C15E825EB75C92327.d.FAE37B5623D70A1C6972FB3F98C7FAE5.e.7406","ELEMENT":"f.BCC40A51FB0F962C15E825EB75C92327.d.FAE37B5623D70A1C6972FB3F98C7FAE5.e.7406"}]}
COMMAND: GET /session/bbd37991cd80103daa76f108f3796d35/screenshot - {}
RESULT: {}
RESULT: {"script":"<script> [5351 bytes]","args":[{"element-6066-11e4-a52e-4f735466cecf":"f.BCC40A51FB0F962C15E825EB75C92327.d.FAE37B5623D70A1C6972FB3F98C7FAE5.e.7406","ELEMENT":"f.BCC40A51FB0F962C15E825EB75C92327.d.FAE37B5623D70A1C6972FB3F98C7FAE5.e.7406"}]}
COMMAND: POST /session/bbd37991cd80103daa76f108f3796d35/element/f.BCC40A51FB0F962C15E825EB75C92327.d.FAE37B5623D70A1C6972FB3F98C7FAE5.e.7406/click - {}
COMMAND: GET /session/bbd37991cd80103daa76f108f3796d35/screenshot - {}
RESULT: {}
RESULT: {}
COMMAND: GET /session/bbd37991cd80103daa76f108f3796d35/screenshot - {}
COMMAND: POST /session/bbd37991cd80103daa76f108f3796d35/execute/async - {"script":"<script> [1562 bytes]","args":[{"selector":{"id":"application-managepartners-display-component---NewPartner--addressDetailDetailsName1","interaction":{"idSuffix":"inner"}},"wdio_ui5_key":"applicationmanagepartners-display-component---NewPartner--addressDetailDetailsName1"}]}
RESULT: {}
RESULT: {}
RESULT: {"script":"<script> [1562 bytes]","args":[{"selector":{"id":"application-managepartners-display-component---NewPartner--addressDetailDetailsName1","interaction":{"idSuffix":"inner"}},"wdio_ui5_key":"applicationmanagepartners-display-component---NewPartner--addressDetailDetailsName1"}]}
RESULT: undefined
COMMAND: POST /session/bbd37991cd80103daa76f108f3796d35/execute/async - {"script":"<script> [776 bytes]","args":[{"enterText":"Intracompany Partner WDIO","selector":{"id":"application-managepartners-display-component---NewPartner--addressDetailDetailsName1","interaction":{"idSuffix":"inner"}},"clearTextFirst":true,"interactionType":"ENTER_TEXT"}]}
RESULT: {"script":"<script> [776 bytes]","args":[{"enterText":"Intracompany Partner WDIO","selector":{"id":"application-managepartners-display-component---NewPartner--addressDetailDetailsName1","interaction":{"idSuffix":"inner"}},"clearTextFirst":true,"interactionType":"ENTER_TEXT"}]}
COMMAND: POST /session/bbd37991cd80103daa76f108f3796d35/execute/async - {"script":"<script> [1562 bytes]","args":[{"selector":{"id":"application-managepartners-display-component---NewPartner--addressDetailDetailsLanguage-arrow"},"wdio_ui5_key":"applicationmanagepartners-display-component---NewPartner--addressDetailDetailsLanguage-arrow"}]}
RESULT: {"script":"<script> [1562 bytes]","args":[{"selector":{"id":"application-managepartners-display-component---NewPartner--addressDetailDetailsLanguage-arrow"},"wdio_ui5_key":"applicationmanagepartners-display-component---NewPartner--addressDetailDetailsLanguage-arrow"}]}
RESULT: undefined
COMMAND: POST /session/bbd37991cd80103daa76f108f3796d35/element - {"using":"xpath","value":"//*[@id=\"application-managepartners-display-component---NewPartner--addressDetailDetailsLanguage-arrow\"]"}
RESULT: {"using":"xpath","value":"//*[@id=\"application-managepartners-display-component---NewPartner--addressDetailDetailsLanguage-arrow\"]"}
COMMAND: POST /session/bbd37991cd80103daa76f108f3796d35/element/f.BCC40A51FB0F962C15E825EB75C92327.d.FAE37B5623D70A1C6972FB3F98C7FAE5.e.7847/click - {}
RESULT: {}
COMMAND: POST /session/bbd37991cd80103daa76f108f3796d35/element - {"using":"xpath","value":"//span[contains(text(), \"English\")]"}
COMMAND: GET /session/bbd37991cd80103daa76f108f3796d35/screenshot - {}
RESULT: {"using":"xpath","value":"//span[contains(text(), \"English\")]"}
COMMAND: POST /session/bbd37991cd80103daa76f108f3796d35/element/f.BCC40A51FB0F962C15E825EB75C92327.d.FAE37B5623D70A1C6972FB3F98C7FAE5.e.7848/click - {}
RESULT: {}
RESULT: {}
COMMAND: GET /session/bbd37991cd80103daa76f108f3796d35/screenshot - {}
RESULT: {}
COMMAND: POST /session/bbd37991cd80103daa76f108f3796d35/execute/async - {"script":"<script> [1562 bytes]","args":[{"selector":{"id":"application-managepartners-display-component---NewPartner--addressDetailDetailsCity1","interaction":{"idSuffix":"inner"}},"wdio_ui5_key":"applicationmanagepartners-display-component---NewPartner--addressDetailDetailsCity1"}]}
RESULT: {"script":"<script> [1562 bytes]","args":[{"selector":{"id":"application-managepartners-display-component---NewPartner--addressDetailDetailsCity1","interaction":{"idSuffix":"inner"}},"wdio_ui5_key":"applicationmanagepartners-display-component---NewPartner--addressDetailDetailsCity1"}]}
RESULT: undefined
COMMAND: POST /session/bbd37991cd80103daa76f108f3796d35/execute/async - {"script":"<script> [776 bytes]","args":[{"enterText":"Rosario","selector":{"id":"application-managepartners-display-component---NewPartner--addressDetailDetailsCity1","interaction":{"idSuffix":"inner"}},"clearTextFirst":true,"interactionType":"ENTER_TEXT"}]}
RESULT: {"script":"<script> [776 bytes]","args":[{"enterText":"Rosario","selector":{"id":"application-managepartners-display-component---NewPartner--addressDetailDetailsCity1","interaction":{"idSuffix":"inner"}},"clearTextFirst":true,"interactionType":"ENTER_TEXT"}]}
COMMAND: POST /session/bbd37991cd80103daa76f108f3796d35/execute/async - {"script":"<script> [1562 bytes]","args":[{"selector":{"id":"application-managepartners-display-component---NewPartner--addressDetailDetailsCountry-arrow"},"wdio_ui5_key":"applicationmanagepartners-display-component---NewPartner--addressDetailDetailsCountry-arrow"}]}
RESULT: {"script":"<script> [1562 bytes]","args":[{"selector":{"id":"application-managepartners-display-component---NewPartner--addressDetailDetailsCountry-arrow"},"wdio_ui5_key":"applicationmanagepartners-display-component---NewPartner--addressDetailDetailsCountry-arrow"}]}
RESULT: undefined
COMMAND: POST /session/bbd37991cd80103daa76f108f3796d35/element - {"using":"xpath","value":"//*[@id=\"application-managepartners-display-component---NewPartner--addressDetailDetailsCountry-arrow\"]"}
RESULT: {"using":"xpath","value":"//*[@id=\"application-managepartners-display-component---NewPartner--addressDetailDetailsCountry-arrow\"]"}
COMMAND: POST /session/bbd37991cd80103daa76f108f3796d35/element/f.BCC40A51FB0F962C15E825EB75C92327.d.FAE37B5623D70A1C6972FB3F98C7FAE5.e.7815/click - {}
RESULT: {}
COMMAND: POST /session/bbd37991cd80103daa76f108f3796d35/element - {"using":"xpath","value":"//span[contains(text(), \"Argentina\")]"}
COMMAND: GET /session/bbd37991cd80103daa76f108f3796d35/screenshot - {}
RESULT: {"using":"xpath","value":"//span[contains(text(), \"Argentina\")]"}
COMMAND: POST /session/bbd37991cd80103daa76f108f3796d35/element/f.BCC40A51FB0F962C15E825EB75C92327.d.FAE37B5623D70A1C6972FB3F98C7FAE5.e.7850/click - {}
RESULT: {}
RESULT: {}
COMMAND: GET /session/bbd37991cd80103daa76f108f3796d35/screenshot - {}
RESULT: {}
COMMAND: POST /session/bbd37991cd80103daa76f108f3796d35/element - {"using":"xpath","value":"//bdi[contains(text(), \"Commercial\")]"}
RESULT: {"using":"xpath","value":"//bdi[contains(text(), \"Commercial\")]"}
COMMAND: POST /session/bbd37991cd80103daa76f108f3796d35/element/f.BCC40A51FB0F962C15E825EB75C92327.d.FAE37B5623D70A1C6972FB3F98C7FAE5.e.7851/click - {}
RESULT: {}
COMMAND: GET /session/bbd37991cd80103daa76f108f3796d35/screenshot - {}
RESULT: {}
COMMAND: POST /session/bbd37991cd80103daa76f108f3796d35/execute/async - {"script":"<script> [1562 bytes]","args":[{"selector":{"id":"application-managepartners-display-component---NewPartner--partnerDetailInternal-arrow"},"wdio_ui5_key":"applicationmanagepartners-display-component---NewPartner--partnerDetailInternal-arrow"}]}
RESULT: {"script":"<script> [1562 bytes]","args":[{"selector":{"id":"application-managepartners-display-component---NewPartner--partnerDetailInternal-arrow"},"wdio_ui5_key":"applicationmanagepartners-display-component---NewPartner--partnerDetailInternal-arrow"}]}
RESULT: undefined
COMMAND: POST /session/bbd37991cd80103daa76f108f3796d35/element - {"using":"xpath","value":"//*[@id=\"application-managepartners-display-component---NewPartner--partnerDetailInternal-arrow\"]"}
RESULT: {"using":"xpath","value":"//*[@id=\"application-managepartners-display-component---NewPartner--partnerDetailInternal-arrow\"]"}
COMMAND: POST /session/bbd37991cd80103daa76f108f3796d35/element/f.BCC40A51FB0F962C15E825EB75C92327.d.FAE37B5623D70A1C6972FB3F98C7FAE5.e.7857/click - {}
RESULT: {}
COMMAND: POST /session/bbd37991cd80103daa76f108f3796d35/element - {"using":"xpath","value":"//span[contains(text(), \"Affiliated company\")]"}
COMMAND: GET /session/bbd37991cd80103daa76f108f3796d35/screenshot - {}
RESULT: {"using":"xpath","value":"//span[contains(text(), \"Affiliated company\")]"}
COMMAND: POST /session/bbd37991cd80103daa76f108f3796d35/element/f.BCC40A51FB0F962C15E825EB75C92327.d.FAE37B5623D70A1C6972FB3F98C7FAE5.e.7860/click - {}
RESULT: {}
RESULT: {}
COMMAND: POST /session/bbd37991cd80103daa76f108f3796d35/execute/async - {"script":"<script> [1562 bytes]","args":[{"selector":{"id":"application-managepartners-display-component---NewPartner--partnerDetailsCurrency-arrow"},"wdio_ui5_key":"applicationmanagepartners-display-component---NewPartner--partnerDetailsCurrency-arrow"}]}
COMMAND: GET /session/bbd37991cd80103daa76f108f3796d35/screenshot - {}
RESULT: {"script":"<script> [1562 bytes]","args":[{"selector":{"id":"application-managepartners-display-component---NewPartner--partnerDetailsCurrency-arrow"},"wdio_ui5_key":"applicationmanagepartners-display-component---NewPartner--partnerDetailsCurrency-arrow"}]}
RESULT: undefined
COMMAND: POST /session/bbd37991cd80103daa76f108f3796d35/element - {"using":"xpath","value":"//*[@id=\"application-managepartners-display-component---NewPartner--partnerDetailsCurrency-arrow\"]"}
RESULT: {}
RESULT: {"using":"xpath","value":"//*[@id=\"application-managepartners-display-component---NewPartner--partnerDetailsCurrency-arrow\"]"}
COMMAND: POST /session/bbd37991cd80103daa76f108f3796d35/element/f.BCC40A51FB0F962C15E825EB75C92327.d.FAE37B5623D70A1C6972FB3F98C7FAE5.e.7867/click - {}
RESULT: {}
COMMAND: POST /session/bbd37991cd80103daa76f108f3796d35/element - {"using":"xpath","value":"//span[contains(text(), \"Euro\")]"}
COMMAND: GET /session/bbd37991cd80103daa76f108f3796d35/screenshot - {}
RESULT: {"using":"xpath","value":"//span[contains(text(), \"Euro\")]"}
COMMAND: POST /session/bbd37991cd80103daa76f108f3796d35/element/f.BCC40A51FB0F962C15E825EB75C92327.d.FAE37B5623D70A1C6972FB3F98C7FAE5.e.7868/click - {}
RESULT: {}
RESULT: {}
COMMAND: POST /session/bbd37991cd80103daa76f108f3796d35/execute/async - {"script":"<script> [1562 bytes]","args":[{"selector":{"id":"application-managepartners-display-component---NewPartner--addressEditDetailsCostObjectCstType-arrow"},"wdio_ui5_key":"applicationmanagepartners-display-component---NewPartner--addressEditDetailsCostObjectCstType-arrow"}]}
COMMAND: GET /session/bbd37991cd80103daa76f108f3796d35/screenshot - {}
RESULT: {"script":"<script> [1562 bytes]","args":[{"selector":{"id":"application-managepartners-display-component---NewPartner--addressEditDetailsCostObjectCstType-arrow"},"wdio_ui5_key":"applicationmanagepartners-display-component---NewPartner--addressEditDetailsCostObjectCstType-arrow"}]}
RESULT: undefined
COMMAND: POST /session/bbd37991cd80103daa76f108f3796d35/element - {"using":"xpath","value":"//*[@id=\"application-managepartners-display-component---NewPartner--addressEditDetailsCostObjectCstType-arrow\"]"}
RESULT: {}
RESULT: {"using":"xpath","value":"//*[@id=\"application-managepartners-display-component---NewPartner--addressEditDetailsCostObjectCstType-arrow\"]"}
COMMAND: POST /session/bbd37991cd80103daa76f108f3796d35/element/f.BCC40A51FB0F962C15E825EB75C92327.d.FAE37B5623D70A1C6972FB3F98C7FAE5.e.7869/click - {}
RESULT: {}
COMMAND: POST /session/bbd37991cd80103daa76f108f3796d35/element - {"using":"xpath","value":"//span[contains(text(), \"Cost Center\")]"}
COMMAND: GET /session/bbd37991cd80103daa76f108f3796d35/screenshot - {}
RESULT: {"using":"xpath","value":"//span[contains(text(), \"Cost Center\")]"}
COMMAND: POST /session/bbd37991cd80103daa76f108f3796d35/element/f.BCC40A51FB0F962C15E825EB75C92327.d.FAE37B5623D70A1C6972FB3F98C7FAE5.e.7870/click - {}
RESULT: {}
RESULT: {}
COMMAND: GET /session/bbd37991cd80103daa76f108f3796d35/screenshot - {}
RESULT: {}
COMMAND: POST /session/bbd37991cd80103daa76f108f3796d35/element - {"using":"xpath","value":"//span[@id=\"application-managepartners-display-component---NewPartner--addressNewCostObjectCstID-vhi\"]"}
RESULT: {"using":"xpath","value":"//span[@id=\"application-managepartners-display-component---NewPartner--addressNewCostObjectCstID-vhi\"]"}
COMMAND: POST /session/bbd37991cd80103daa76f108f3796d35/execute/sync - {"script":"<script> [8489 bytes]","args":[{"element-6066-11e4-a52e-4f735466cecf":"f.BCC40A51FB0F962C15E825EB75C92327.d.FAE37B5623D70A1C6972FB3F98C7FAE5.e.7874","ELEMENT":"f.BCC40A51FB0F962C15E825EB75C92327.d.FAE37B5623D70A1C6972FB3F98C7FAE5.e.7874"}]}
RESULT: {"script":"<script> [8489 bytes]","args":[{"element-6066-11e4-a52e-4f735466cecf":"f.BCC40A51FB0F962C15E825EB75C92327.d.FAE37B5623D70A1C6972FB3F98C7FAE5.e.7874","ELEMENT":"f.BCC40A51FB0F962C15E825EB75C92327.d.FAE37B5623D70A1C6972FB3F98C7FAE5.e.7874"}]}
COMMAND: POST /session/bbd37991cd80103daa76f108f3796d35/execute/async - {"script":"<script> [1562 bytes]","args":[{"selector":{"id":"application-managepartners-display-component---NewPartner--addressNewCostObjectCstID-vhi"},"wdio_ui5_key":"applicationmanagepartners-display-component---NewPartner--addressNewCostObjectCstID-vhi"}]}
COMMAND: GET /session/bbd37991cd80103daa76f108f3796d35/screenshot - {}
RESULT: {"script":"<script> [1562 bytes]","args":[{"selector":{"id":"application-managepartners-display-component---NewPartner--addressNewCostObjectCstID-vhi"},"wdio_ui5_key":"applicationmanagepartners-display-component---NewPartner--addressNewCostObjectCstID-vhi"}]}
RESULT: undefined
COMMAND: POST /session/bbd37991cd80103daa76f108f3796d35/element - {"using":"xpath","value":"//*[@id=\"application-managepartners-display-component---NewPartner--addressNewCostObjectCstID-vhi\"]"}
RESULT: {}
RESULT: {"using":"xpath","value":"//*[@id=\"application-managepartners-display-component---NewPartner--addressNewCostObjectCstID-vhi\"]"}
COMMAND: POST /session/bbd37991cd80103daa76f108f3796d35/element/f.BCC40A51FB0F962C15E825EB75C92327.d.FAE37B5623D70A1C6972FB3F98C7FAE5.e.7874/click - {}
RESULT: {}
COMMAND: GET /session/bbd37991cd80103daa76f108f3796d35/screenshot - {}
RESULT: {}
RESULT: undefined
COMMAND: POST /session/bbd37991cd80103daa76f108f3796d35/execute/async - {"script":"<script> [776 bytes]","args":[{"enterText":"10001013","selector":{"controlType":"sap.m.SearchField","properties":{"placeholder":"Search"},"searchOpenDialogs":true,"interaction":{"idSuffix":"I"}},"clearTextFirst":true,"interactionType":"ENTER_TEXT"}]}
RESULT: {"script":"<script> [776 bytes]","args":[{"enterText":"10001013","selector":{"controlType":"sap.m.SearchField","properties":{"placeholder":"Search"},"searchOpenDialogs":true,"interaction":{"idSuffix":"I"}},"clearTextFirst":true,"interactionType":"ENTER_TEXT"}]}
COMMAND: POST /session/bbd37991cd80103daa76f108f3796d35/actions - {"actions":[{"id":"action24","type":"key","parameters":{},"actions":[{"type":"keyDown","value":"î€‡"},{"type":"pause","duration":10},{"type":"keyUp","value":"î€‡"}]}]}
RESULT: {"actions":[{"id":"action24","type":"key","parameters":{},"actions":[{"type":"keyDown","value":"î€‡"},{"type":"pause","duration":10},{"type":"keyUp","value":"î€‡"}]}]}
COMMAND: GET /session/bbd37991cd80103daa76f108f3796d35/screenshot - {}
RESULT: {}
COMMAND: POST /session/bbd37991cd80103daa76f108f3796d35/element - {"using":"xpath","value":"//span[contains(text(), \"General Management\")]"}
RESULT: {"using":"xpath","value":"//span[contains(text(), \"General Management\")]"}
COMMAND: POST /session/bbd37991cd80103daa76f108f3796d35/element/f.BCC40A51FB0F962C15E825EB75C92327.d.FAE37B5623D70A1C6972FB3F98C7FAE5.e.7913/click - {}
RESULT: {}
COMMAND: GET /session/bbd37991cd80103daa76f108f3796d35/screenshot - {}
RESULT: {}
COMMAND: POST /session/bbd37991cd80103daa76f108f3796d35/element - {"using":"xpath","value":"//bdi[contains(text(), \"OK\")]"}
RESULT: {"using":"xpath","value":"//bdi[contains(text(), \"OK\")]"}
COMMAND: POST /session/bbd37991cd80103daa76f108f3796d35/element/f.BCC40A51FB0F962C15E825EB75C92327.d.FAE37B5623D70A1C6972FB3F98C7FAE5.e.7914/click - {}
RESULT: {}
COMMAND: GET /session/bbd37991cd80103daa76f108f3796d35/screenshot - {}
RESULT: {}
COMMAND: POST /session/bbd37991cd80103daa76f108f3796d35/element - {"using":"xpath","value":"//input[@id=\"application-managepartners-display-component---NewPartner--companyCodeComboBox-inner\"]"}
RESULT: {"using":"xpath","value":"//input[@id=\"application-managepartners-display-component---NewPartner--companyCodeComboBox-inner\"]"}
COMMAND: POST /session/bbd37991cd80103daa76f108f3796d35/element/f.BCC40A51FB0F962C15E825EB75C92327.d.FAE37B5623D70A1C6972FB3F98C7FAE5.e.7706/clear - {}
RESULT: {}
COMMAND: POST /session/bbd37991cd80103daa76f108f3796d35/element/f.BCC40A51FB0F962C15E825EB75C92327.d.FAE37B5623D70A1C6972FB3F98C7FAE5.e.7706/value - {"text":"1000"}
COMMAND: GET /session/bbd37991cd80103daa76f108f3796d35/screenshot - {}
RESULT: {"text":"1000"}
COMMAND: GET /session/bbd37991cd80103daa76f108f3796d35/screenshot - {}
RESULT: {}
RESULT: {}
COMMAND: POST /session/bbd37991cd80103daa76f108f3796d35/element - {"using":"xpath","value":"//span[contains(text(), \"1000\")]"}
RESULT: {"using":"xpath","value":"//span[contains(text(), \"1000\")]"}
COMMAND: POST /session/bbd37991cd80103daa76f108f3796d35/element/f.BCC40A51FB0F962C15E825EB75C92327.d.FAE37B5623D70A1C6972FB3F98C7FAE5.e.7920/click - {}
RESULT: {}
COMMAND: GET /session/bbd37991cd80103daa76f108f3796d35/screenshot - {}
RESULT: {}
COMMAND: POST /session/bbd37991cd80103daa76f108f3796d35/execute/async - {"script":"<script> [1562 bytes]","args":[{"selector":{"id":"application-managepartners-display-component---NewPartner--btnAddTableRow-img"},"wdio_ui5_key":"applicationmanagepartners-display-component---NewPartner--btnAddTableRow-img"}]}
RESULT: {"script":"<script> [1562 bytes]","args":[{"selector":{"id":"application-managepartners-display-component---NewPartner--btnAddTableRow-img"},"wdio_ui5_key":"applicationmanagepartners-display-component---NewPartner--btnAddTableRow-img"}]}
RESULT: undefined
COMMAND: POST /session/bbd37991cd80103daa76f108f3796d35/element - {"using":"xpath","value":"//*[@id=\"application-managepartners-display-component---NewPartner--btnAddTableRow-img\"]"}
RESULT: {"using":"xpath","value":"//*[@id=\"application-managepartners-display-component---NewPartner--btnAddTableRow-img\"]"}
COMMAND: POST /session/bbd37991cd80103daa76f108f3796d35/element/f.BCC40A51FB0F962C15E825EB75C92327.d.FAE37B5623D70A1C6972FB3F98C7FAE5.e.7921/click - {}
RESULT: {}
COMMAND: GET /session/bbd37991cd80103daa76f108f3796d35/screenshot - {}
RESULT: {}
COMMAND: POST /session/bbd37991cd80103daa76f108f3796d35/element - {"using":"xpath","value":"//input[@id=\"application-managepartners-display-component---NewPartner--assignmentYard-application-managepartners-display-component---NewPartner--assignmentsTable-0-inner\"]"}
RESULT: {"using":"xpath","value":"//input[@id=\"application-managepartners-display-component---NewPartner--assignmentYard-application-managepartners-display-component---NewPartner--assignmentsTable-0-inner\"]"}
COMMAND: POST /session/bbd37991cd80103daa76f108f3796d35/element/f.BCC40A51FB0F962C15E825EB75C92327.d.FAE37B5623D70A1C6972FB3F98C7FAE5.e.7924/clear - {}
RESULT: {}
COMMAND: POST /session/bbd37991cd80103daa76f108f3796d35/element/f.BCC40A51FB0F962C15E825EB75C92327.d.FAE37B5623D70A1C6972FB3F98C7FAE5.e.7924/value - {"text":"550"}
COMMAND: GET /session/bbd37991cd80103daa76f108f3796d35/screenshot - {}
RESULT: {}
RESULT: {"text":"550"}
COMMAND: GET /session/bbd37991cd80103daa76f108f3796d35/screenshot - {}
RESULT: {}
COMMAND: POST /session/bbd37991cd80103daa76f108f3796d35/element - {"using":"xpath","value":"//li[.//span[text()='550']]"}
RESULT: {"using":"xpath","value":"//li[.//span[text()='550']]"}
COMMAND: POST /session/bbd37991cd80103daa76f108f3796d35/element/f.BCC40A51FB0F962C15E825EB75C92327.d.FAE37B5623D70A1C6972FB3F98C7FAE5.e.7933/click - {}
RESULT: {}
COMMAND: GET /session/bbd37991cd80103daa76f108f3796d35/screenshot - {}
RESULT: {}
COMMAND: POST /session/bbd37991cd80103daa76f108f3796d35/actions - {"actions":[{"id":"action25","type":"key","parameters":{},"actions":[{"type":"keyDown","value":"î€‡"},{"type":"pause","duration":10},{"type":"keyUp","value":"î€‡"}]}]}
RESULT: {"actions":[{"id":"action25","type":"key","parameters":{},"actions":[{"type":"keyDown","value":"î€‡"},{"type":"pause","duration":10},{"type":"keyUp","value":"î€‡"}]}]}
COMMAND: POST /session/bbd37991cd80103daa76f108f3796d35/execute/async - {"script":"<script> [1562 bytes]","args":[{"selector":{"id":"application-managepartners-display-component---NewPartner--externalCustomerComboBox-application-managepartners-display-component---NewPartner--assignmentsTable-0-vhi"},"wdio_ui5_key":"applicationmanagepartners-display-component---NewPartner--externalCustomerComboBox-application-managepartners-display-component---NewPartner--assignmentsTable-0-vhi"}]}
COMMAND: GET /session/bbd37991cd80103daa76f108f3796d35/screenshot - {}
RESULT: {"script":"<script> [1562 bytes]","args":[{"selector":{"id":"application-managepartners-display-component---NewPartner--externalCustomerComboBox-application-managepartners-display-component---NewPartner--assignmentsTable-0-vhi"},"wdio_ui5_key":"applicationmanagepartners-display-component---NewPartner--externalCustomerComboBox-application-managepartners-display-component---NewPartner--assignmentsTable-0-vhi"}]}
RESULT: undefined
COMMAND: POST /session/bbd37991cd80103daa76f108f3796d35/element - {"using":"xpath","value":"//*[@id=\"application-managepartners-display-component---NewPartner--externalCustomerComboBox-application-managepartners-display-component---NewPartner--assignmentsTable-0-vhi\"]"}
RESULT: {}
RESULT: {"using":"xpath","value":"//*[@id=\"application-managepartners-display-component---NewPartner--externalCustomerComboBox-application-managepartners-display-component---NewPartner--assignmentsTable-0-vhi\"]"}
COMMAND: POST /session/bbd37991cd80103daa76f108f3796d35/element/f.BCC40A51FB0F962C15E825EB75C92327.d.FAE37B5623D70A1C6972FB3F98C7FAE5.e.7937/click - {}
RESULT: {}
RESULT: undefined
COMMAND: POST /session/bbd37991cd80103daa76f108f3796d35/execute/async - {"script":"<script> [776 bytes]","args":[{"enterText":"300003","selector":{"controlType":"sap.m.SearchField","properties":{"placeholder":"Search"},"searchOpenDialogs":true,"interaction":{"idSuffix":"I"}},"clearTextFirst":true,"interactionType":"ENTER_TEXT"}]}
COMMAND: GET /session/bbd37991cd80103daa76f108f3796d35/screenshot - {}
RESULT: {"script":"<script> [776 bytes]","args":[{"enterText":"300003","selector":{"controlType":"sap.m.SearchField","properties":{"placeholder":"Search"},"searchOpenDialogs":true,"interaction":{"idSuffix":"I"}},"clearTextFirst":true,"interactionType":"ENTER_TEXT"}]}
COMMAND: POST /session/bbd37991cd80103daa76f108f3796d35/actions - {"actions":[{"id":"action26","type":"key","parameters":{},"actions":[{"type":"keyDown","value":"î€‡"},{"type":"pause","duration":10},{"type":"keyUp","value":"î€‡"}]}]}
RESULT: {}
RESULT: {"actions":[{"id":"action26","type":"key","parameters":{},"actions":[{"type":"keyDown","value":"î€‡"},{"type":"pause","duration":10},{"type":"keyUp","value":"î€‡"}]}]}
COMMAND: GET /session/bbd37991cd80103daa76f108f3796d35/screenshot - {}
RESULT: {}
COMMAND: POST /session/bbd37991cd80103daa76f108f3796d35/element - {"using":"xpath","value":"//span[contains(text(), \"300003\")]"}
RESULT: {"using":"xpath","value":"//span[contains(text(), \"300003\")]"}
COMMAND: POST /session/bbd37991cd80103daa76f108f3796d35/element/f.BCC40A51FB0F962C15E825EB75C92327.d.FAE37B5623D70A1C6972FB3F98C7FAE5.e.7954/click - {}
RESULT: {}
COMMAND: GET /session/bbd37991cd80103daa76f108f3796d35/screenshot - {}
RESULT: {}
COMMAND: POST /session/bbd37991cd80103daa76f108f3796d35/element - {"using":"xpath","value":"//bdi[contains(text(), \"OK\")]"}
RESULT: {"using":"xpath","value":"//bdi[contains(text(), \"OK\")]"}
COMMAND: POST /session/bbd37991cd80103daa76f108f3796d35/element/f.BCC40A51FB0F962C15E825EB75C92327.d.FAE37B5623D70A1C6972FB3F98C7FAE5.e.7956/click - {}
RESULT: {}
COMMAND: GET /session/bbd37991cd80103daa76f108f3796d35/screenshot - {}
RESULT: {}
COMMAND: POST /session/bbd37991cd80103daa76f108f3796d35/execute/async - {"script":"<script> [1562 bytes]","args":[{"selector":{"id":"application-managepartners-display-component---NewPartner--intercompVendorComboBox-application-managepartners-display-component---NewPartner--assignmentsTable-0-vhi"},"wdio_ui5_key":"applicationmanagepartners-display-component---NewPartner--intercompVendorComboBox-application-managepartners-display-component---NewPartner--assignmentsTable-0-vhi"}]}
RESULT: {"script":"<script> [1562 bytes]","args":[{"selector":{"id":"application-managepartners-display-component---NewPartner--intercompVendorComboBox-application-managepartners-display-component---NewPartner--assignmentsTable-0-vhi"},"wdio_ui5_key":"applicationmanagepartners-display-component---NewPartner--intercompVendorComboBox-application-managepartners-display-component---NewPartner--assignmentsTable-0-vhi"}]}
RESULT: undefined
COMMAND: POST /session/bbd37991cd80103daa76f108f3796d35/element - {"using":"xpath","value":"//*[@id=\"application-managepartners-display-component---NewPartner--intercompVendorComboBox-application-managepartners-display-component---NewPartner--assignmentsTable-0-vhi\"]"}
RESULT: {"using":"xpath","value":"//*[@id=\"application-managepartners-display-component---NewPartner--intercompVendorComboBox-application-managepartners-display-component---NewPartner--assignmentsTable-0-vhi\"]"}
COMMAND: POST /session/bbd37991cd80103daa76f108f3796d35/element/f.BCC40A51FB0F962C15E825EB75C92327.d.FAE37B5623D70A1C6972FB3F98C7FAE5.e.7959/click - {}
RESULT: {}
RESULT: undefined
COMMAND: POST /session/bbd37991cd80103daa76f108f3796d35/execute/async - {"script":"<script> [776 bytes]","args":[{"enterText":"100005","selector":{"controlType":"sap.m.SearchField","properties":{"placeholder":"Search"},"searchOpenDialogs":true,"interaction":{"idSuffix":"I"}},"clearTextFirst":true,"interactionType":"ENTER_TEXT"}]}
COMMAND: GET /session/bbd37991cd80103daa76f108f3796d35/screenshot - {}
RESULT: {"script":"<script> [776 bytes]","args":[{"enterText":"100005","selector":{"controlType":"sap.m.SearchField","properties":{"placeholder":"Search"},"searchOpenDialogs":true,"interaction":{"idSuffix":"I"}},"clearTextFirst":true,"interactionType":"ENTER_TEXT"}]}
COMMAND: POST /session/bbd37991cd80103daa76f108f3796d35/actions - {"actions":[{"id":"action27","type":"key","parameters":{},"actions":[{"type":"keyDown","value":"î€‡"},{"type":"pause","duration":10},{"type":"keyUp","value":"î€‡"}]}]}
RESULT: {}
RESULT: {"actions":[{"id":"action27","type":"key","parameters":{},"actions":[{"type":"keyDown","value":"î€‡"},{"type":"pause","duration":10},{"type":"keyUp","value":"î€‡"}]}]}
COMMAND: GET /session/bbd37991cd80103daa76f108f3796d35/screenshot - {}
RESULT: {}
COMMAND: POST /session/bbd37991cd80103daa76f108f3796d35/element - {"using":"xpath","value":"//span[contains(text(), \"Penguins - Field/12345 Berlin\")]"}
RESULT: {"using":"xpath","value":"//span[contains(text(), \"Penguins - Field/12345 Berlin\")]"}
COMMAND: POST /session/bbd37991cd80103daa76f108f3796d35/element/f.BCC40A51FB0F962C15E825EB75C92327.d.FAE37B5623D70A1C6972FB3F98C7FAE5.e.7976/click - {}
RESULT: {}
COMMAND: GET /session/bbd37991cd80103daa76f108f3796d35/screenshot - {}
RESULT: {}
COMMAND: POST /session/bbd37991cd80103daa76f108f3796d35/element - {"using":"xpath","value":"//bdi[contains(text(), \"OK\")]"}
RESULT: {"using":"xpath","value":"//bdi[contains(text(), \"OK\")]"}
COMMAND: POST /session/bbd37991cd80103daa76f108f3796d35/element/f.BCC40A51FB0F962C15E825EB75C92327.d.FAE37B5623D70A1C6972FB3F98C7FAE5.e.7977/click - {}
RESULT: {}
COMMAND: GET /session/bbd37991cd80103daa76f108f3796d35/screenshot - {}
RESULT: {}
COMMAND: POST /session/bbd37991cd80103daa76f108f3796d35/element - {"using":"xpath","value":"//button[@data-kt=\"saveButton\"]"}
RESULT: {"using":"xpath","value":"//button[@data-kt=\"saveButton\"]"}
COMMAND: POST /session/bbd37991cd80103daa76f108f3796d35/element/f.BCC40A51FB0F962C15E825EB75C92327.d.FAE37B5623D70A1C6972FB3F98C7FAE5.e.7761/click - {}
RESULT: {}
COMMAND: GET /session/bbd37991cd80103daa76f108f3796d35/screenshot - {}
RESULT: {}
COMMAND: POST /session/bbd37991cd80103daa76f108f3796d35/element - {"using":"xpath","value":"//header[contains(@id, 'ObjectPageLayout-headerTitle')]/div[1]/div[2]/div[2]/span[1]"}
RESULT: {"using":"xpath","value":"//header[contains(@id, 'ObjectPageLayout-headerTitle')]/div[1]/div[2]/div[2]/span[1]"}
COMMAND: POST /session/bbd37991cd80103daa76f108f3796d35/elements - {"using":"xpath","value":"//header[contains(@id, 'ObjectPageLayout-headerTitle')]/div[1]/div[2]/div[2]/span[1]"}
RESULT: {"using":"xpath","value":"//header[contains(@id, 'ObjectPageLayout-headerTitle')]/div[1]/div[2]/div[2]/span[1]"}
COMMAND: POST /session/bbd37991cd80103daa76f108f3796d35/execute/sync - {"script":"<script> [56 bytes]","args":[{"element-6066-11e4-a52e-4f735466cecf":"f.BCC40A51FB0F962C15E825EB75C92327.d.FAE37B5623D70A1C6972FB3F98C7FAE5.e.8141","ELEMENT":"f.BCC40A51FB0F962C15E825EB75C92327.d.FAE37B5623D70A1C6972FB3F98C7FAE5.e.8141"}]}
RESULT: {"script":"<script> [56 bytes]","args":[{"element-6066-11e4-a52e-4f735466cecf":"f.BCC40A51FB0F962C15E825EB75C92327.d.FAE37B5623D70A1C6972FB3F98C7FAE5.e.8141","ELEMENT":"f.BCC40A51FB0F962C15E825EB75C92327.d.FAE37B5623D70A1C6972FB3F98C7FAE5.e.8141"}]}
COMMAND: POST /session/bbd37991cd80103daa76f108f3796d35/element - {"using":"css selector","value":"#shell-header-logo"}
COMMAND: GET /session/bbd37991cd80103daa76f108f3796d35/screenshot - {}
RESULT: {"using":"css selector","value":"#shell-header-logo"}
COMMAND: POST /session/bbd37991cd80103daa76f108f3796d35/element/f.BCC40A51FB0F962C15E825EB75C92327.d.FAE37B5623D70A1C6972FB3F98C7FAE5.e.7362/click - {}
RESULT: {}
RESULT: {}
COMMAND: GET /session/bbd37991cd80103daa76f108f3796d35/screenshot - {}
RESULT: {}
COMMAND: POST /session/bbd37991cd80103daa76f108f3796d35/execute/sync - {"script":"<script> [299 bytes]","args":[["getModel","getResource"]]}
RESULT: {"script":"<script> [299 bytes]","args":[["getModel","getResource"]]}
COMMAND: GET /session/bbd37991cd80103daa76f108f3796d35/screenshot - {}
]]></system-out>
    </testcase>
    <testcase classname="chrome.135_0_7049_96.windows.Billing_Transfer_-_Intracompany_US127249" name="Should create a new site" time="140.435">
      <system-out><![CDATA[
COMMAND: POST /session/bbd37991cd80103daa76f108f3796d35/execute/async - {"script":"<script> [1562 bytes]","args":[{"selector":{"controlType":"sap.m.TileContent","bindingPath":{"path":"","propertyPath":"/properties/info"},"ancestor":{"controlType":"sap.m.GenericTile","properties":{"header":"Manage Sites"}}},"wdio_ui5_key":"sapm.TileContent{\"path\":\"\",\"propertyPath\":\"/properties/info\"}{\"controlType\":\"sap.m.GenericTile\",\"properties\":{\"header\":\"Manage Sites\"}}"}]}
RESULT: {}
RESULT: {"script":"<script> [1562 bytes]","args":[{"selector":{"controlType":"sap.m.TileContent","bindingPath":{"path":"","propertyPath":"/properties/info"},"ancestor":{"controlType":"sap.m.GenericTile","properties":{"header":"Manage Sites"}}},"wdio_ui5_key":"sapm.TileContent{\"path\":\"\",\"propertyPath\":\"/properties/info\"}{\"controlType\":\"sap.m.GenericTile\",\"properties\":{\"header\":\"Manage Sites\"}}"}]}
RESULT: undefined
COMMAND: POST /session/bbd37991cd80103daa76f108f3796d35/element - {"using":"xpath","value":"//*[@id=\"__xmlview7--numericTileContent\"]"}
RESULT: {"using":"xpath","value":"//*[@id=\"__xmlview7--numericTileContent\"]"}
COMMAND: POST /session/bbd37991cd80103daa76f108f3796d35/element/f.BCC40A51FB0F962C15E825EB75C92327.d.FAE37B5623D70A1C6972FB3F98C7FAE5.e.8143/click - {}
RESULT: {}
COMMAND: POST /session/bbd37991cd80103daa76f108f3796d35/element - {"using":"xpath","value":"//button[@data-kt=\"addOverflowToolbarButton\"]"}
COMMAND: GET /session/bbd37991cd80103daa76f108f3796d35/screenshot - {}
RESULT: {"using":"xpath","value":"//button[@data-kt=\"addOverflowToolbarButton\"]"}
COMMAND: POST /session/bbd37991cd80103daa76f108f3796d35/elements - {"using":"xpath","value":"//button[@data-kt=\"addOverflowToolbarButton\"]"}
RESULT: {}
RESULT: {"using":"xpath","value":"//button[@data-kt=\"addOverflowToolbarButton\"]"}
COMMAND: POST /session/bbd37991cd80103daa76f108f3796d35/element - {"using":"xpath","value":"//button[@data-kt=\"addOverflowToolbarButton\"]"}
RESULT: {"using":"xpath","value":"//button[@data-kt=\"addOverflowToolbarButton\"]"}
COMMAND: POST /session/bbd37991cd80103daa76f108f3796d35/execute/sync - {"script":"<script> [8489 bytes]","args":[{"element-6066-11e4-a52e-4f735466cecf":"f.BCC40A51FB0F962C15E825EB75C92327.d.FAE37B5623D70A1C6972FB3F98C7FAE5.e.8190","ELEMENT":"f.BCC40A51FB0F962C15E825EB75C92327.d.FAE37B5623D70A1C6972FB3F98C7FAE5.e.8190"}]}
RESULT: {"script":"<script> [8489 bytes]","args":[{"element-6066-11e4-a52e-4f735466cecf":"f.BCC40A51FB0F962C15E825EB75C92327.d.FAE37B5623D70A1C6972FB3F98C7FAE5.e.8190","ELEMENT":"f.BCC40A51FB0F962C15E825EB75C92327.d.FAE37B5623D70A1C6972FB3F98C7FAE5.e.8190"}]}
COMMAND: GET /session/bbd37991cd80103daa76f108f3796d35/element/f.BCC40A51FB0F962C15E825EB75C92327.d.FAE37B5623D70A1C6972FB3F98C7FAE5.e.8190/enabled - {}
COMMAND: GET /session/bbd37991cd80103daa76f108f3796d35/screenshot - {}
RESULT: {}
COMMAND: POST /session/bbd37991cd80103daa76f108f3796d35/execute/sync - {"script":"<script> [8489 bytes]","args":[{"element-6066-11e4-a52e-4f735466cecf":"f.BCC40A51FB0F962C15E825EB75C92327.d.FAE37B5623D70A1C6972FB3F98C7FAE5.e.8190","ELEMENT":"f.BCC40A51FB0F962C15E825EB75C92327.d.FAE37B5623D70A1C6972FB3F98C7FAE5.e.8190"}]}
COMMAND: GET /session/bbd37991cd80103daa76f108f3796d35/screenshot - {}
RESULT: {}
RESULT: {"script":"<script> [8489 bytes]","args":[{"element-6066-11e4-a52e-4f735466cecf":"f.BCC40A51FB0F962C15E825EB75C92327.d.FAE37B5623D70A1C6972FB3F98C7FAE5.e.8190","ELEMENT":"f.BCC40A51FB0F962C15E825EB75C92327.d.FAE37B5623D70A1C6972FB3F98C7FAE5.e.8190"}]}
COMMAND: POST /session/bbd37991cd80103daa76f108f3796d35/execute/sync - {"script":"<script> [5351 bytes]","args":[{"element-6066-11e4-a52e-4f735466cecf":"f.BCC40A51FB0F962C15E825EB75C92327.d.FAE37B5623D70A1C6972FB3F98C7FAE5.e.8190","ELEMENT":"f.BCC40A51FB0F962C15E825EB75C92327.d.FAE37B5623D70A1C6972FB3F98C7FAE5.e.8190"}]}
COMMAND: GET /session/bbd37991cd80103daa76f108f3796d35/screenshot - {}
RESULT: {}
RESULT: {"script":"<script> [5351 bytes]","args":[{"element-6066-11e4-a52e-4f735466cecf":"f.BCC40A51FB0F962C15E825EB75C92327.d.FAE37B5623D70A1C6972FB3F98C7FAE5.e.8190","ELEMENT":"f.BCC40A51FB0F962C15E825EB75C92327.d.FAE37B5623D70A1C6972FB3F98C7FAE5.e.8190"}]}
COMMAND: POST /session/bbd37991cd80103daa76f108f3796d35/element/f.BCC40A51FB0F962C15E825EB75C92327.d.FAE37B5623D70A1C6972FB3F98C7FAE5.e.8190/click - {}
COMMAND: GET /session/bbd37991cd80103daa76f108f3796d35/screenshot - {}
RESULT: {}
RESULT: {}
COMMAND: GET /session/bbd37991cd80103daa76f108f3796d35/screenshot - {}
RESULT: {}
RESULT: {}
COMMAND: POST /session/bbd37991cd80103daa76f108f3796d35/execute/async - {"script":"<script> [1562 bytes]","args":[{"selector":{"id":"application-managesites-display-component---NewSite--addressDetailDetailsName1","interaction":{"idSuffix":"inner"}},"wdio_ui5_key":"applicationmanagesites-display-component---NewSite--addressDetailDetailsName1"}]}
RESULT: {"script":"<script> [1562 bytes]","args":[{"selector":{"id":"application-managesites-display-component---NewSite--addressDetailDetailsName1","interaction":{"idSuffix":"inner"}},"wdio_ui5_key":"applicationmanagesites-display-component---NewSite--addressDetailDetailsName1"}]}
RESULT: undefined
COMMAND: POST /session/bbd37991cd80103daa76f108f3796d35/execute/async - {"script":"<script> [776 bytes]","args":[{"enterText":"Intracompany Site wdIO","selector":{"id":"application-managesites-display-component---NewSite--addressDetailDetailsName1","interaction":{"idSuffix":"inner"}},"clearTextFirst":true,"interactionType":"ENTER_TEXT"}]}
RESULT: {"script":"<script> [776 bytes]","args":[{"enterText":"Intracompany Site wdIO","selector":{"id":"application-managesites-display-component---NewSite--addressDetailDetailsName1","interaction":{"idSuffix":"inner"}},"clearTextFirst":true,"interactionType":"ENTER_TEXT"}]}
COMMAND: POST /session/bbd37991cd80103daa76f108f3796d35/execute/async - {"script":"<script> [1562 bytes]","args":[{"selector":{"id":"application-managesites-display-component---NewSite--addressDetailDetailsLanguage-arrow"},"wdio_ui5_key":"applicationmanagesites-display-component---NewSite--addressDetailDetailsLanguage-arrow"}]}
RESULT: {"script":"<script> [1562 bytes]","args":[{"selector":{"id":"application-managesites-display-component---NewSite--addressDetailDetailsLanguage-arrow"},"wdio_ui5_key":"applicationmanagesites-display-component---NewSite--addressDetailDetailsLanguage-arrow"}]}
RESULT: undefined
COMMAND: POST /session/bbd37991cd80103daa76f108f3796d35/element - {"using":"xpath","value":"//*[@id=\"application-managesites-display-component---NewSite--addressDetailDetailsLanguage-arrow\"]"}
RESULT: {"using":"xpath","value":"//*[@id=\"application-managesites-display-component---NewSite--addressDetailDetailsLanguage-arrow\"]"}
COMMAND: POST /session/bbd37991cd80103daa76f108f3796d35/element/f.BCC40A51FB0F962C15E825EB75C92327.d.FAE37B5623D70A1C6972FB3F98C7FAE5.e.8584/click - {}
RESULT: {}
COMMAND: POST /session/bbd37991cd80103daa76f108f3796d35/element - {"using":"xpath","value":"//span[contains(text(), \"English\")]"}
COMMAND: GET /session/bbd37991cd80103daa76f108f3796d35/screenshot - {}
RESULT: {"using":"xpath","value":"//span[contains(text(), \"English\")]"}
COMMAND: POST /session/bbd37991cd80103daa76f108f3796d35/element/f.BCC40A51FB0F962C15E825EB75C92327.d.FAE37B5623D70A1C6972FB3F98C7FAE5.e.8585/click - {}
RESULT: {}
RESULT: {}
COMMAND: POST /session/bbd37991cd80103daa76f108f3796d35/execute/async - {"script":"<script> [1562 bytes]","args":[{"selector":{"id":"application-managesites-display-component---NewSite--addressDetailDetailsCity1","interaction":{"idSuffix":"inner"}},"wdio_ui5_key":"applicationmanagesites-display-component---NewSite--addressDetailDetailsCity1"}]}
COMMAND: GET /session/bbd37991cd80103daa76f108f3796d35/screenshot - {}
RESULT: {"script":"<script> [1562 bytes]","args":[{"selector":{"id":"application-managesites-display-component---NewSite--addressDetailDetailsCity1","interaction":{"idSuffix":"inner"}},"wdio_ui5_key":"applicationmanagesites-display-component---NewSite--addressDetailDetailsCity1"}]}
RESULT: undefined
COMMAND: POST /session/bbd37991cd80103daa76f108f3796d35/execute/async - {"script":"<script> [776 bytes]","args":[{"enterText":"Rosario","selector":{"id":"application-managesites-display-component---NewSite--addressDetailDetailsCity1","interaction":{"idSuffix":"inner"}},"clearTextFirst":true,"interactionType":"ENTER_TEXT"}]}
RESULT: {}
RESULT: {"script":"<script> [776 bytes]","args":[{"enterText":"Rosario","selector":{"id":"application-managesites-display-component---NewSite--addressDetailDetailsCity1","interaction":{"idSuffix":"inner"}},"clearTextFirst":true,"interactionType":"ENTER_TEXT"}]}
COMMAND: POST /session/bbd37991cd80103daa76f108f3796d35/execute/async - {"script":"<script> [1562 bytes]","args":[{"selector":{"id":"application-managesites-display-component---NewSite--addressDetailDetailsCountry-arrow"},"wdio_ui5_key":"applicationmanagesites-display-component---NewSite--addressDetailDetailsCountry-arrow"}]}
RESULT: {"script":"<script> [1562 bytes]","args":[{"selector":{"id":"application-managesites-display-component---NewSite--addressDetailDetailsCountry-arrow"},"wdio_ui5_key":"applicationmanagesites-display-component---NewSite--addressDetailDetailsCountry-arrow"}]}
RESULT: undefined
COMMAND: POST /session/bbd37991cd80103daa76f108f3796d35/element - {"using":"xpath","value":"//*[@id=\"application-managesites-display-component---NewSite--addressDetailDetailsCountry-arrow\"]"}
RESULT: {"using":"xpath","value":"//*[@id=\"application-managesites-display-component---NewSite--addressDetailDetailsCountry-arrow\"]"}
COMMAND: POST /session/bbd37991cd80103daa76f108f3796d35/element/f.BCC40A51FB0F962C15E825EB75C92327.d.FAE37B5623D70A1C6972FB3F98C7FAE5.e.8587/click - {}
RESULT: {}
COMMAND: POST /session/bbd37991cd80103daa76f108f3796d35/element - {"using":"xpath","value":"//span[contains(text(), \"Argentina\")]"}
COMMAND: GET /session/bbd37991cd80103daa76f108f3796d35/screenshot - {}
RESULT: {"using":"xpath","value":"//span[contains(text(), \"Argentina\")]"}
COMMAND: POST /session/bbd37991cd80103daa76f108f3796d35/element/f.BCC40A51FB0F962C15E825EB75C92327.d.FAE37B5623D70A1C6972FB3F98C7FAE5.e.8588/click - {}
RESULT: {}
RESULT: {}
COMMAND: GET /session/bbd37991cd80103daa76f108f3796d35/screenshot - {}
RESULT: {}
COMMAND: POST /session/bbd37991cd80103daa76f108f3796d35/execute/async - {"script":"<script> [1562 bytes]","args":[{"selector":{"id":"application-managesites-display-component---NewSite--addressEditDetailsCostObjectCstType-arrow"},"wdio_ui5_key":"applicationmanagesites-display-component---NewSite--addressEditDetailsCostObjectCstType-arrow"}]}
RESULT: {"script":"<script> [1562 bytes]","args":[{"selector":{"id":"application-managesites-display-component---NewSite--addressEditDetailsCostObjectCstType-arrow"},"wdio_ui5_key":"applicationmanagesites-display-component---NewSite--addressEditDetailsCostObjectCstType-arrow"}]}
RESULT: undefined
COMMAND: POST /session/bbd37991cd80103daa76f108f3796d35/element - {"using":"xpath","value":"//*[@id=\"application-managesites-display-component---NewSite--addressEditDetailsCostObjectCstType-arrow\"]"}
RESULT: {"using":"xpath","value":"//*[@id=\"application-managesites-display-component---NewSite--addressEditDetailsCostObjectCstType-arrow\"]"}
COMMAND: POST /session/bbd37991cd80103daa76f108f3796d35/element/f.BCC40A51FB0F962C15E825EB75C92327.d.FAE37B5623D70A1C6972FB3F98C7FAE5.e.8590/click - {}
RESULT: {}
COMMAND: POST /session/bbd37991cd80103daa76f108f3796d35/element - {"using":"xpath","value":"//span[contains(text(), \"Cost Center\")]"}
COMMAND: GET /session/bbd37991cd80103daa76f108f3796d35/screenshot - {}
RESULT: {"using":"xpath","value":"//span[contains(text(), \"Cost Center\")]"}
COMMAND: POST /session/bbd37991cd80103daa76f108f3796d35/element/f.BCC40A51FB0F962C15E825EB75C92327.d.FAE37B5623D70A1C6972FB3F98C7FAE5.e.8592/click - {}
RESULT: {}
RESULT: {}
COMMAND: GET /session/bbd37991cd80103daa76f108f3796d35/screenshot - {}
RESULT: {}
COMMAND: POST /session/bbd37991cd80103daa76f108f3796d35/element - {"using":"xpath","value":"//span[@id=\"application-managesites-display-component---NewSite--addressNewCostObjectCstID-vhi\"]"}
RESULT: {"using":"xpath","value":"//span[@id=\"application-managesites-display-component---NewSite--addressNewCostObjectCstID-vhi\"]"}
COMMAND: POST /session/bbd37991cd80103daa76f108f3796d35/execute/sync - {"script":"<script> [8489 bytes]","args":[{"element-6066-11e4-a52e-4f735466cecf":"f.BCC40A51FB0F962C15E825EB75C92327.d.FAE37B5623D70A1C6972FB3F98C7FAE5.e.8596","ELEMENT":"f.BCC40A51FB0F962C15E825EB75C92327.d.FAE37B5623D70A1C6972FB3F98C7FAE5.e.8596"}]}
RESULT: {"script":"<script> [8489 bytes]","args":[{"element-6066-11e4-a52e-4f735466cecf":"f.BCC40A51FB0F962C15E825EB75C92327.d.FAE37B5623D70A1C6972FB3F98C7FAE5.e.8596","ELEMENT":"f.BCC40A51FB0F962C15E825EB75C92327.d.FAE37B5623D70A1C6972FB3F98C7FAE5.e.8596"}]}
COMMAND: POST /session/bbd37991cd80103daa76f108f3796d35/execute/async - {"script":"<script> [1562 bytes]","args":[{"selector":{"id":"application-managesites-display-component---NewSite--addressNewCostObjectCstID-vhi"},"wdio_ui5_key":"applicationmanagesites-display-component---NewSite--addressNewCostObjectCstID-vhi"}]}
COMMAND: GET /session/bbd37991cd80103daa76f108f3796d35/screenshot - {}
RESULT: {"script":"<script> [1562 bytes]","args":[{"selector":{"id":"application-managesites-display-component---NewSite--addressNewCostObjectCstID-vhi"},"wdio_ui5_key":"applicationmanagesites-display-component---NewSite--addressNewCostObjectCstID-vhi"}]}
RESULT: undefined
COMMAND: POST /session/bbd37991cd80103daa76f108f3796d35/element - {"using":"xpath","value":"//*[@id=\"application-managesites-display-component---NewSite--addressNewCostObjectCstID-vhi\"]"}
RESULT: {}
RESULT: {"using":"xpath","value":"//*[@id=\"application-managesites-display-component---NewSite--addressNewCostObjectCstID-vhi\"]"}
COMMAND: POST /session/bbd37991cd80103daa76f108f3796d35/element/f.BCC40A51FB0F962C15E825EB75C92327.d.FAE37B5623D70A1C6972FB3F98C7FAE5.e.8596/click - {}
RESULT: {}
COMMAND: GET /session/bbd37991cd80103daa76f108f3796d35/screenshot - {}
RESULT: {}
RESULT: undefined
COMMAND: POST /session/bbd37991cd80103daa76f108f3796d35/execute/async - {"script":"<script> [776 bytes]","args":[{"enterText":"10001013","selector":{"controlType":"sap.m.SearchField","properties":{"placeholder":"Search"},"searchOpenDialogs":true,"interaction":{"idSuffix":"I"}},"clearTextFirst":true,"interactionType":"ENTER_TEXT"}]}
RESULT: {"script":"<script> [776 bytes]","args":[{"enterText":"10001013","selector":{"controlType":"sap.m.SearchField","properties":{"placeholder":"Search"},"searchOpenDialogs":true,"interaction":{"idSuffix":"I"}},"clearTextFirst":true,"interactionType":"ENTER_TEXT"}]}
COMMAND: POST /session/bbd37991cd80103daa76f108f3796d35/actions - {"actions":[{"id":"action28","type":"key","parameters":{},"actions":[{"type":"keyDown","value":"î€‡"},{"type":"pause","duration":10},{"type":"keyUp","value":"î€‡"}]}]}
RESULT: {"actions":[{"id":"action28","type":"key","parameters":{},"actions":[{"type":"keyDown","value":"î€‡"},{"type":"pause","duration":10},{"type":"keyUp","value":"î€‡"}]}]}
COMMAND: GET /session/bbd37991cd80103daa76f108f3796d35/screenshot - {}
RESULT: {}
COMMAND: POST /session/bbd37991cd80103daa76f108f3796d35/element - {"using":"xpath","value":"//span[contains(text(), \"General Management\")]"}
RESULT: {"using":"xpath","value":"//span[contains(text(), \"General Management\")]"}
COMMAND: POST /session/bbd37991cd80103daa76f108f3796d35/element/f.BCC40A51FB0F962C15E825EB75C92327.d.FAE37B5623D70A1C6972FB3F98C7FAE5.e.8634/click - {}
RESULT: {}
COMMAND: GET /session/bbd37991cd80103daa76f108f3796d35/screenshot - {}
RESULT: {}
COMMAND: POST /session/bbd37991cd80103daa76f108f3796d35/element - {"using":"xpath","value":"//bdi[contains(text(), \"OK\")]"}
RESULT: {"using":"xpath","value":"//bdi[contains(text(), \"OK\")]"}
COMMAND: POST /session/bbd37991cd80103daa76f108f3796d35/element/f.BCC40A51FB0F962C15E825EB75C92327.d.FAE37B5623D70A1C6972FB3F98C7FAE5.e.8635/click - {}
RESULT: {}
COMMAND: GET /session/bbd37991cd80103daa76f108f3796d35/screenshot - {}
RESULT: {}
COMMAND: POST /session/bbd37991cd80103daa76f108f3796d35/element - {"using":"xpath","value":"//input[@id=\"application-managesites-display-component---NewSite--addressDetailDetailsCalendar-inner\"]"}
RESULT: {"using":"xpath","value":"//input[@id=\"application-managesites-display-component---NewSite--addressDetailDetailsCalendar-inner\"]"}
COMMAND: POST /session/bbd37991cd80103daa76f108f3796d35/element/f.BCC40A51FB0F962C15E825EB75C92327.d.FAE37B5623D70A1C6972FB3F98C7FAE5.e.8384/clear - {}
RESULT: {}
COMMAND: POST /session/bbd37991cd80103daa76f108f3796d35/element/f.BCC40A51FB0F962C15E825EB75C92327.d.FAE37B5623D70A1C6972FB3F98C7FAE5.e.8384/value - {"text":"Unit"}
COMMAND: GET /session/bbd37991cd80103daa76f108f3796d35/screenshot - {}
RESULT: {"text":"Unit"}
COMMAND: GET /session/bbd37991cd80103daa76f108f3796d35/screenshot - {}
RESULT: {}
RESULT: {}
COMMAND: POST /session/bbd37991cd80103daa76f108f3796d35/actions - {"actions":[{"id":"action29","type":"key","parameters":{},"actions":[{"type":"keyDown","value":"î€‡"},{"type":"pause","duration":10},{"type":"keyUp","value":"î€‡"}]}]}
RESULT: {"actions":[{"id":"action29","type":"key","parameters":{},"actions":[{"type":"keyDown","value":"î€‡"},{"type":"pause","duration":10},{"type":"keyUp","value":"î€‡"}]}]}
COMMAND: POST /session/bbd37991cd80103daa76f108f3796d35/element - {"using":"xpath","value":"//input[@id=\"application-managesites-display-component---NewSite--addressDetailDetailsYard-inner\"]"}
COMMAND: GET /session/bbd37991cd80103daa76f108f3796d35/screenshot - {}
RESULT: {"using":"xpath","value":"//input[@id=\"application-managesites-display-component---NewSite--addressDetailDetailsYard-inner\"]"}
COMMAND: POST /session/bbd37991cd80103daa76f108f3796d35/element/f.BCC40A51FB0F962C15E825EB75C92327.d.FAE37B5623D70A1C6972FB3F98C7FAE5.e.8385/clear - {}
RESULT: {}
RESULT: {}
COMMAND: POST /session/bbd37991cd80103daa76f108f3796d35/element/f.BCC40A51FB0F962C15E825EB75C92327.d.FAE37B5623D70A1C6972FB3F98C7FAE5.e.8385/value - {"text":"550"}
COMMAND: GET /session/bbd37991cd80103daa76f108f3796d35/screenshot - {}
RESULT: {"text":"550"}
COMMAND: GET /session/bbd37991cd80103daa76f108f3796d35/screenshot - {}
RESULT: {}
RESULT: {}
COMMAND: POST /session/bbd37991cd80103daa76f108f3796d35/element - {"using":"xpath","value":"//li[.//span[text()='550']]"}
RESULT: {"using":"xpath","value":"//li[.//span[text()='550']]"}
COMMAND: POST /session/bbd37991cd80103daa76f108f3796d35/element/f.BCC40A51FB0F962C15E825EB75C92327.d.FAE37B5623D70A1C6972FB3F98C7FAE5.e.8643/click - {}
RESULT: {}
COMMAND: GET /session/bbd37991cd80103daa76f108f3796d35/screenshot - {}
RESULT: {}
COMMAND: POST /session/bbd37991cd80103daa76f108f3796d35/element - {"using":"xpath","value":"//input[@id=\"application-managesites-display-component---NewSite--addressDetailDetailsPartner-inner\"]"}
RESULT: {"using":"xpath","value":"//input[@id=\"application-managesites-display-component---NewSite--addressDetailDetailsPartner-inner\"]"}
COMMAND: POST /session/bbd37991cd80103daa76f108f3796d35/element - {"using":"xpath","value":"//input[@id=\"application-managesites-display-component---NewSite--addressDetailDetailsPartner-inner\"]"}
RESULT: {"using":"xpath","value":"//input[@id=\"application-managesites-display-component---NewSite--addressDetailDetailsPartner-inner\"]"}
COMMAND: POST /session/bbd37991cd80103daa76f108f3796d35/element - {"using":"xpath","value":"//button[@data-kt=\"saveButton\"]"}
RESULT: {"using":"xpath","value":"//button[@data-kt=\"saveButton\"]"}
COMMAND: POST /session/bbd37991cd80103daa76f108f3796d35/element/f.BCC40A51FB0F962C15E825EB75C92327.d.FAE37B5623D70A1C6972FB3F98C7FAE5.e.8567/click - {}
RESULT: {}
COMMAND: GET /session/bbd37991cd80103daa76f108f3796d35/screenshot - {}
RESULT: {}
COMMAND: POST /session/bbd37991cd80103daa76f108f3796d35/element - {"using":"xpath","value":"//header[contains(@id, 'ObjectPageLayout-headerTitle')]/div[1]/div[2]/div[2]/span[1]"}
RESULT: {"using":"xpath","value":"//header[contains(@id, 'ObjectPageLayout-headerTitle')]/div[1]/div[2]/div[2]/span[1]"}
COMMAND: POST /session/bbd37991cd80103daa76f108f3796d35/elements - {"using":"xpath","value":"//header[contains(@id, 'ObjectPageLayout-headerTitle')]/div[1]/div[2]/div[2]/span[1]"}
RESULT: {"using":"xpath","value":"//header[contains(@id, 'ObjectPageLayout-headerTitle')]/div[1]/div[2]/div[2]/span[1]"}
COMMAND: POST /session/bbd37991cd80103daa76f108f3796d35/execute/sync - {"script":"<script> [56 bytes]","args":[{"element-6066-11e4-a52e-4f735466cecf":"f.BCC40A51FB0F962C15E825EB75C92327.d.FAE37B5623D70A1C6972FB3F98C7FAE5.e.8844","ELEMENT":"f.BCC40A51FB0F962C15E825EB75C92327.d.FAE37B5623D70A1C6972FB3F98C7FAE5.e.8844"}]}
RESULT: {"script":"<script> [56 bytes]","args":[{"element-6066-11e4-a52e-4f735466cecf":"f.BCC40A51FB0F962C15E825EB75C92327.d.FAE37B5623D70A1C6972FB3F98C7FAE5.e.8844","ELEMENT":"f.BCC40A51FB0F962C15E825EB75C92327.d.FAE37B5623D70A1C6972FB3F98C7FAE5.e.8844"}]}
COMMAND: POST /session/bbd37991cd80103daa76f108f3796d35/element - {"using":"css selector","value":"#shell-header-logo"}
COMMAND: GET /session/bbd37991cd80103daa76f108f3796d35/screenshot - {}
RESULT: {"using":"css selector","value":"#shell-header-logo"}
COMMAND: POST /session/bbd37991cd80103daa76f108f3796d35/element/f.BCC40A51FB0F962C15E825EB75C92327.d.FAE37B5623D70A1C6972FB3F98C7FAE5.e.8147/click - {}
RESULT: {}
RESULT: {}
COMMAND: GET /session/bbd37991cd80103daa76f108f3796d35/screenshot - {}
RESULT: {}
COMMAND: POST /session/bbd37991cd80103daa76f108f3796d35/execute/sync - {"script":"<script> [299 bytes]","args":[["getModel","getResource"]]}
RESULT: {"script":"<script> [299 bytes]","args":[["getModel","getResource"]]}
COMMAND: POST /session/bbd37991cd80103daa76f108f3796d35/element - {"using":"xpath","value":"//button[.//bdi[contains(text(), \"Close\")]]"}
COMMAND: GET /session/bbd37991cd80103daa76f108f3796d35/screenshot - {}
RESULT: {"using":"xpath","value":"//button[.//bdi[contains(text(), \"Close\")]]"}
COMMAND: POST /session/bbd37991cd80103daa76f108f3796d35/element/f.BCC40A51FB0F962C15E825EB75C92327.d.FAE37B5623D70A1C6972FB3F98C7FAE5.e.8847/click - {}
RESULT: {}
RESULT: {}
COMMAND: GET /session/bbd37991cd80103daa76f108f3796d35/screenshot - {}
RESULT: {}
COMMAND: POST /session/bbd37991cd80103daa76f108f3796d35/refresh - {}
RESULT: {}
COMMAND: GET /session/bbd37991cd80103daa76f108f3796d35/screenshot - {}
RESULT: {}
COMMAND: POST /session/bbd37991cd80103daa76f108f3796d35/refresh - {}
RESULT: {}
COMMAND: GET /session/bbd37991cd80103daa76f108f3796d35/screenshot - {}
RESULT: {}
COMMAND: POST /session/bbd37991cd80103daa76f108f3796d35/window/fullscreen - {}
RESULT: {}
COMMAND: POST /session/bbd37991cd80103daa76f108f3796d35/execute/async - {"script":"<script> [189 bytes]","args":[]}
RESULT: {"script":"<script> [189 bytes]","args":[]}
COMMAND: POST /session/bbd37991cd80103daa76f108f3796d35/execute/async - {"script":"<script> [123 bytes]","args":[]}
RESULT: {"script":"<script> [123 bytes]","args":[]}
COMMAND: POST /session/bbd37991cd80103daa76f108f3796d35/timeouts - {"script":"<number>"}
RESULT: {"script":"<number>"}
COMMAND: GET /session/bbd37991cd80103daa76f108f3796d35/timeouts - {}
RESULT: {}
RESULT: undefined
COMMAND: POST /session/bbd37991cd80103daa76f108f3796d35/execute/async - {"script":"<script> [2676 bytes]","args":[]}
RESULT: {"script":"<script> [2676 bytes]","args":[]}
COMMAND: POST /session/bbd37991cd80103daa76f108f3796d35/execute/async - {"script":"<script> [2342 bytes]","args":[{"protocol":"http","hostname":"0.0.0.0","path":"/","capabilities":{"browserName":"chrome","goog:chromeOptions":{"binary":"C:\\Program Files\\Google\\Chrome\\Application\\chrome.exe","args":["--start-maximized"]}},"logLevel":"warn","connectionRetryTimeout":120000,"connectionRetryCount":3,"logLevels":{},"enableDirectConnect":true,"strictSSL":true,"_":"65 more keys: [\"cacheDir\",\"port\",\"requestedCapabilities\",\"automationProtocol\",\"baseUrl\",\"waitforInterval\",\"waitforTimeout\",\"onReload\",\"beforeCommand\",\"afterCommand\",\"rootDir\",\"specs\",\"suites\",\"exclude\",\"groupLogsByTestSpec\",\"excludeDriverLogs\",\"bail\",\"framework\",\"reporters\",\"services\",\"maxInstances\",\"maxInstancesPerCapability\",\"injectGlobals\",\"filesToWatch\",\"execArgv\",\"runnerEnv\",\"runner\",\"shard\",\"specFileRetries\",\"specFileRetriesDelay\",\"specFileRetriesDeferred\",\"reporterSyncInterval\",\"reporterSyncTimeout\",\"cucumberFeaturesWithLineNumbers\",\"autoCompileOpts\",\"mochaOpts\",\"jasmineOpts\",\"cucumberOpts\",\"onPrepare\",\"onWorkerStart\",\"onWorkerEnd\",\"before\",\"beforeSession\",\"beforeSuite\",\"beforeHook\",\"beforeTest\",\"afterTest\",\"afterHook\",\"afterSuite\",\"afterSession\",\"after\",\"onComplete\",\"beforeAssertion\",\"afterAssertion\",\"beforeFeature\",\"beforeScenario\",\"beforeStep\",\"afterStep\",\"afterScenario\",\"afterFeature\",\"_\",\"suite\",\"$0\",\"ignoredWorkerServices\",\"wdi5\"]"}]}
RESULT: {"script":"<script> [2342 bytes]","args":[{"protocol":"http","hostname":"0.0.0.0","path":"/","capabilities":{"browserName":"chrome","goog:chromeOptions":{"binary":"C:\\Program Files\\Google\\Chrome\\Application\\chrome.exe","args":["--start-maximized"]}},"logLevel":"warn","connectionRetryTimeout":120000,"connectionRetryCount":3,"logLevels":{},"enableDirectConnect":true,"strictSSL":true,"_":"65 more keys: [\"cacheDir\",\"port\",\"requestedCapabilities\",\"automationProtocol\",\"baseUrl\",\"waitforInterval\",\"waitforTimeout\",\"onReload\",\"beforeCommand\",\"afterCommand\",\"rootDir\",\"specs\",\"suites\",\"exclude\",\"groupLogsByTestSpec\",\"excludeDriverLogs\",\"bail\",\"framework\",\"reporters\",\"services\",\"maxInstances\",\"maxInstancesPerCapability\",\"injectGlobals\",\"filesToWatch\",\"execArgv\",\"runnerEnv\",\"runner\",\"shard\",\"specFileRetries\",\"specFileRetriesDelay\",\"specFileRetriesDeferred\",\"reporterSyncInterval\",\"reporterSyncTimeout\",\"cucumberFeaturesWithLineNumbers\",\"autoCompileOpts\",\"mochaOpts\",\"jasmineOpts\",\"cucumberOpts\",\"onPrepare\",\"onWorkerStart\",\"onWorkerEnd\",\"before\",\"beforeSession\",\"beforeSuite\",\"beforeHook\",\"beforeTest\",\"afterTest\",\"afterHook\",\"afterSuite\",\"afterSession\",\"after\",\"onComplete\",\"beforeAssertion\",\"afterAssertion\",\"beforeFeature\",\"beforeScenario\",\"beforeStep\",\"afterStep\",\"afterScenario\",\"afterFeature\",\"_\",\"suite\",\"$0\",\"ignoredWorkerServices\",\"wdi5\"]"}]}
COMMAND: POST /session/bbd37991cd80103daa76f108f3796d35/execute/async - {"script":"<script> [21126 bytes]","args":[35000]}
RESULT: {"script":"<script> [21126 bytes]","args":[35000]}
COMMAND: POST /session/bbd37991cd80103daa76f108f3796d35/window/fullscreen - {}
RESULT: {}
]]></system-out>
    </testcase>
    <testcase classname="chrome.135_0_7049_96.windows.Billing_Transfer_-_Intracompany_US127249" name="Should create a new equipment" time="120.284">
      <system-out><![CDATA[
COMMAND: POST /session/bbd37991cd80103daa76f108f3796d35/execute/async - {"script":"<script> [1562 bytes]","args":[{"selector":{"controlType":"sap.m.GenericTile","properties":{"header":"Manage Resources"}},"wdio_ui5_key":"sapm.GenericTile{\"header\":\"Manage Resources\"}"}]}
RESULT: {"script":"<script> [1562 bytes]","args":[{"selector":{"controlType":"sap.m.GenericTile","properties":{"header":"Manage Resources"}},"wdio_ui5_key":"sapm.GenericTile{\"header\":\"Manage Resources\"}"}]}
RESULT: undefined
COMMAND: POST /session/bbd37991cd80103daa76f108f3796d35/element - {"using":"xpath","value":"//*[@id=\"__tile31\"]"}
RESULT: {"using":"xpath","value":"//*[@id=\"__tile31\"]"}
COMMAND: POST /session/bbd37991cd80103daa76f108f3796d35/element/f.BCC40A51FB0F962C15E825EB75C92327.d.55557152BC18D8EB163A46C4ABC773C9.e.8916/click - {}
RESULT: {}
COMMAND: POST /session/bbd37991cd80103daa76f108f3796d35/element - {"using":"xpath","value":"//button[@data-kt=\"addNewRUOverflowToolbarButton\"]"}
COMMAND: GET /session/bbd37991cd80103daa76f108f3796d35/screenshot - {}
RESULT: {"using":"xpath","value":"//button[@data-kt=\"addNewRUOverflowToolbarButton\"]"}
COMMAND: POST /session/bbd37991cd80103daa76f108f3796d35/elements - {"using":"xpath","value":"//button[@data-kt=\"addNewRUOverflowToolbarButton\"]"}
RESULT: {}
RESULT: {"using":"xpath","value":"//button[@data-kt=\"addNewRUOverflowToolbarButton\"]"}
COMMAND: POST /session/bbd37991cd80103daa76f108f3796d35/elements - {"using":"xpath","value":"//button[@data-kt=\"addNewRUOverflowToolbarButton\"]"}
RESULT: {"using":"xpath","value":"//button[@data-kt=\"addNewRUOverflowToolbarButton\"]"}
COMMAND: POST /session/bbd37991cd80103daa76f108f3796d35/elements - {"using":"xpath","value":"//button[@data-kt=\"addNewRUOverflowToolbarButton\"]"}
RESULT: {"using":"xpath","value":"//button[@data-kt=\"addNewRUOverflowToolbarButton\"]"}
COMMAND: POST /session/bbd37991cd80103daa76f108f3796d35/elements - {"using":"xpath","value":"//button[@data-kt=\"addNewRUOverflowToolbarButton\"]"}
RESULT: {"using":"xpath","value":"//button[@data-kt=\"addNewRUOverflowToolbarButton\"]"}
COMMAND: POST /session/bbd37991cd80103daa76f108f3796d35/elements - {"using":"xpath","value":"//button[@data-kt=\"addNewRUOverflowToolbarButton\"]"}
RESULT: {"using":"xpath","value":"//button[@data-kt=\"addNewRUOverflowToolbarButton\"]"}
COMMAND: POST /session/bbd37991cd80103daa76f108f3796d35/elements - {"using":"xpath","value":"//button[@data-kt=\"addNewRUOverflowToolbarButton\"]"}
RESULT: {"using":"xpath","value":"//button[@data-kt=\"addNewRUOverflowToolbarButton\"]"}
COMMAND: POST /session/bbd37991cd80103daa76f108f3796d35/elements - {"using":"xpath","value":"//button[@data-kt=\"addNewRUOverflowToolbarButton\"]"}
RESULT: {"using":"xpath","value":"//button[@data-kt=\"addNewRUOverflowToolbarButton\"]"}
COMMAND: POST /session/bbd37991cd80103daa76f108f3796d35/elements - {"using":"xpath","value":"//button[@data-kt=\"addNewRUOverflowToolbarButton\"]"}
RESULT: {"using":"xpath","value":"//button[@data-kt=\"addNewRUOverflowToolbarButton\"]"}
COMMAND: POST /session/bbd37991cd80103daa76f108f3796d35/elements - {"using":"xpath","value":"//button[@data-kt=\"addNewRUOverflowToolbarButton\"]"}
RESULT: {"using":"xpath","value":"//button[@data-kt=\"addNewRUOverflowToolbarButton\"]"}
COMMAND: POST /session/bbd37991cd80103daa76f108f3796d35/elements - {"using":"xpath","value":"//button[@data-kt=\"addNewRUOverflowToolbarButton\"]"}
RESULT: {"using":"xpath","value":"//button[@data-kt=\"addNewRUOverflowToolbarButton\"]"}
COMMAND: POST /session/bbd37991cd80103daa76f108f3796d35/elements - {"using":"xpath","value":"//button[@data-kt=\"addNewRUOverflowToolbarButton\"]"}
RESULT: {"using":"xpath","value":"//button[@data-kt=\"addNewRUOverflowToolbarButton\"]"}
COMMAND: POST /session/bbd37991cd80103daa76f108f3796d35/elements - {"using":"xpath","value":"//button[@data-kt=\"addNewRUOverflowToolbarButton\"]"}
RESULT: {"using":"xpath","value":"//button[@data-kt=\"addNewRUOverflowToolbarButton\"]"}
COMMAND: POST /session/bbd37991cd80103daa76f108f3796d35/elements - {"using":"xpath","value":"//button[@data-kt=\"addNewRUOverflowToolbarButton\"]"}
RESULT: {"using":"xpath","value":"//button[@data-kt=\"addNewRUOverflowToolbarButton\"]"}
COMMAND: POST /session/bbd37991cd80103daa76f108f3796d35/element - {"using":"xpath","value":"//button[@data-kt=\"addNewRUOverflowToolbarButton\"]"}
RESULT: {"using":"xpath","value":"//button[@data-kt=\"addNewRUOverflowToolbarButton\"]"}
COMMAND: POST /session/bbd37991cd80103daa76f108f3796d35/execute/sync - {"script":"<script> [8489 bytes]","args":[{"element-6066-11e4-a52e-4f735466cecf":"f.BCC40A51FB0F962C15E825EB75C92327.d.55557152BC18D8EB163A46C4ABC773C9.e.9022","ELEMENT":"f.BCC40A51FB0F962C15E825EB75C92327.d.55557152BC18D8EB163A46C4ABC773C9.e.9022"}]}
RESULT: {"script":"<script> [8489 bytes]","args":[{"element-6066-11e4-a52e-4f735466cecf":"f.BCC40A51FB0F962C15E825EB75C92327.d.55557152BC18D8EB163A46C4ABC773C9.e.9022","ELEMENT":"f.BCC40A51FB0F962C15E825EB75C92327.d.55557152BC18D8EB163A46C4ABC773C9.e.9022"}]}
COMMAND: GET /session/bbd37991cd80103daa76f108f3796d35/element/f.BCC40A51FB0F962C15E825EB75C92327.d.55557152BC18D8EB163A46C4ABC773C9.e.9022/enabled - {}
COMMAND: GET /session/bbd37991cd80103daa76f108f3796d35/screenshot - {}
RESULT: {}
COMMAND: POST /session/bbd37991cd80103daa76f108f3796d35/execute/sync - {"script":"<script> [8489 bytes]","args":[{"element-6066-11e4-a52e-4f735466cecf":"f.BCC40A51FB0F962C15E825EB75C92327.d.55557152BC18D8EB163A46C4ABC773C9.e.9022","ELEMENT":"f.BCC40A51FB0F962C15E825EB75C92327.d.55557152BC18D8EB163A46C4ABC773C9.e.9022"}]}
COMMAND: GET /session/bbd37991cd80103daa76f108f3796d35/screenshot - {}
RESULT: {}
RESULT: {"script":"<script> [8489 bytes]","args":[{"element-6066-11e4-a52e-4f735466cecf":"f.BCC40A51FB0F962C15E825EB75C92327.d.55557152BC18D8EB163A46C4ABC773C9.e.9022","ELEMENT":"f.BCC40A51FB0F962C15E825EB75C92327.d.55557152BC18D8EB163A46C4ABC773C9.e.9022"}]}
COMMAND: POST /session/bbd37991cd80103daa76f108f3796d35/execute/sync - {"script":"<script> [5351 bytes]","args":[{"element-6066-11e4-a52e-4f735466cecf":"f.BCC40A51FB0F962C15E825EB75C92327.d.55557152BC18D8EB163A46C4ABC773C9.e.9022","ELEMENT":"f.BCC40A51FB0F962C15E825EB75C92327.d.55557152BC18D8EB163A46C4ABC773C9.e.9022"}]}
COMMAND: GET /session/bbd37991cd80103daa76f108f3796d35/screenshot - {}
RESULT: {}
RESULT: {"script":"<script> [5351 bytes]","args":[{"element-6066-11e4-a52e-4f735466cecf":"f.BCC40A51FB0F962C15E825EB75C92327.d.55557152BC18D8EB163A46C4ABC773C9.e.9022","ELEMENT":"f.BCC40A51FB0F962C15E825EB75C92327.d.55557152BC18D8EB163A46C4ABC773C9.e.9022"}]}
COMMAND: POST /session/bbd37991cd80103daa76f108f3796d35/element/f.BCC40A51FB0F962C15E825EB75C92327.d.55557152BC18D8EB163A46C4ABC773C9.e.9022/click - {}
COMMAND: GET /session/bbd37991cd80103daa76f108f3796d35/screenshot - {}
RESULT: {}
RESULT: {}
COMMAND: GET /session/bbd37991cd80103daa76f108f3796d35/screenshot - {}
COMMAND: POST /session/bbd37991cd80103daa76f108f3796d35/execute/async - {"script":"<script> [1562 bytes]","args":[{"selector":{"id":"application-manageresources-display-component---newResourceUnit--TYPE-arrow"},"wdio_ui5_key":"applicationmanageresources-display-component---newResourceUnit--TYPE-arrow"}]}
RESULT: {}
RESULT: {}
RESULT: {"script":"<script> [1562 bytes]","args":[{"selector":{"id":"application-manageresources-display-component---newResourceUnit--TYPE-arrow"},"wdio_ui5_key":"applicationmanageresources-display-component---newResourceUnit--TYPE-arrow"}]}
RESULT: undefined
COMMAND: POST /session/bbd37991cd80103daa76f108f3796d35/element - {"using":"xpath","value":"//*[@id=\"application-manageresources-display-component---newResourceUnit--TYPE-arrow\"]"}
RESULT: {"using":"xpath","value":"//*[@id=\"application-manageresources-display-component---newResourceUnit--TYPE-arrow\"]"}
COMMAND: POST /session/bbd37991cd80103daa76f108f3796d35/element/f.BCC40A51FB0F962C15E825EB75C92327.d.55557152BC18D8EB163A46C4ABC773C9.e.9191/click - {}
RESULT: {}
COMMAND: POST /session/bbd37991cd80103daa76f108f3796d35/element - {"using":"xpath","value":"//input[@id=\"application-manageresources-display-component---newResourceUnit--TYPE-inner\"]"}
COMMAND: GET /session/bbd37991cd80103daa76f108f3796d35/screenshot - {}
RESULT: {"using":"xpath","value":"//input[@id=\"application-manageresources-display-component---newResourceUnit--TYPE-inner\"]"}
COMMAND: POST /session/bbd37991cd80103daa76f108f3796d35/element/f.BCC40A51FB0F962C15E825EB75C92327.d.55557152BC18D8EB163A46C4ABC773C9.e.9074/clear - {}
RESULT: {}
RESULT: {}
COMMAND: POST /session/bbd37991cd80103daa76f108f3796d35/element/f.BCC40A51FB0F962C15E825EB75C92327.d.55557152BC18D8EB163A46C4ABC773C9.e.9074/value - {"text":"Equipment"}
COMMAND: GET /session/bbd37991cd80103daa76f108f3796d35/screenshot - {}
RESULT: {"text":"Equipment"}
COMMAND: GET /session/bbd37991cd80103daa76f108f3796d35/screenshot - {}
RESULT: {}
RESULT: {}
COMMAND: POST /session/bbd37991cd80103daa76f108f3796d35/actions - {"actions":[{"id":"action30","type":"key","parameters":{},"actions":[{"type":"keyDown","value":"î€‡"},{"type":"pause","duration":10},{"type":"keyUp","value":"î€‡"}]}]}
RESULT: {"actions":[{"id":"action30","type":"key","parameters":{},"actions":[{"type":"keyDown","value":"î€‡"},{"type":"pause","duration":10},{"type":"keyUp","value":"î€‡"}]}]}
COMMAND: POST /session/bbd37991cd80103daa76f108f3796d35/execute/async - {"script":"<script> [1562 bytes]","args":[{"selector":{"id":"application-manageresources-display-component---newResourceUnit--resourceId","interaction":{"idSuffix":"inner"}},"wdio_ui5_key":"applicationmanageresources-display-component---newResourceUnit--resourceId"}]}
COMMAND: GET /session/bbd37991cd80103daa76f108f3796d35/screenshot - {}
RESULT: {"script":"<script> [1562 bytes]","args":[{"selector":{"id":"application-manageresources-display-component---newResourceUnit--resourceId","interaction":{"idSuffix":"inner"}},"wdio_ui5_key":"applicationmanageresources-display-component---newResourceUnit--resourceId"}]}
RESULT: undefined
COMMAND: POST /session/bbd37991cd80103daa76f108f3796d35/execute/async - {"script":"<script> [776 bytes]","args":[{"enterText":"RGacpoCYj2","selector":{"id":"application-manageresources-display-component---newResourceUnit--resourceId","interaction":{"idSuffix":"inner"}},"clearTextFirst":true,"interactionType":"ENTER_TEXT"}]}
RESULT: {}
RESULT: {"script":"<script> [776 bytes]","args":[{"enterText":"RGacpoCYj2","selector":{"id":"application-manageresources-display-component---newResourceUnit--resourceId","interaction":{"idSuffix":"inner"}},"clearTextFirst":true,"interactionType":"ENTER_TEXT"}]}
COMMAND: POST /session/bbd37991cd80103daa76f108f3796d35/execute/async - {"script":"<script> [1562 bytes]","args":[{"selector":{"id":"application-manageresources-display-component---newResourceUnit--SHORT_TEXT","interaction":{"idSuffix":"inner"}},"wdio_ui5_key":"applicationmanageresources-display-component---newResourceUnit--SHORT_TEXT"}]}
RESULT: {"script":"<script> [1562 bytes]","args":[{"selector":{"id":"application-manageresources-display-component---newResourceUnit--SHORT_TEXT","interaction":{"idSuffix":"inner"}},"wdio_ui5_key":"applicationmanageresources-display-component---newResourceUnit--SHORT_TEXT"}]}
RESULT: undefined
COMMAND: POST /session/bbd37991cd80103daa76f108f3796d35/execute/async - {"script":"<script> [776 bytes]","args":[{"enterText":"Intercompany Equipment WDIO","selector":{"id":"application-manageresources-display-component---newResourceUnit--SHORT_TEXT","interaction":{"idSuffix":"inner"}},"clearTextFirst":true,"interactionType":"ENTER_TEXT"}]}
RESULT: {"script":"<script> [776 bytes]","args":[{"enterText":"Intercompany Equipment WDIO","selector":{"id":"application-manageresources-display-component---newResourceUnit--SHORT_TEXT","interaction":{"idSuffix":"inner"}},"clearTextFirst":true,"interactionType":"ENTER_TEXT"}]}
COMMAND: POST /session/bbd37991cd80103daa76f108f3796d35/execute/async - {"script":"<script> [1562 bytes]","args":[{"selector":{"id":"application-manageresources-display-component---newResourceUnit--BASE_UNIT_OF_MEASURE","interaction":{"idSuffix":"inner"}},"wdio_ui5_key":"applicationmanageresources-display-component---newResourceUnit--BASE_UNIT_OF_MEASURE"}]}
RESULT: {"script":"<script> [1562 bytes]","args":[{"selector":{"id":"application-manageresources-display-component---newResourceUnit--BASE_UNIT_OF_MEASURE","interaction":{"idSuffix":"inner"}},"wdio_ui5_key":"applicationmanageresources-display-component---newResourceUnit--BASE_UNIT_OF_MEASURE"}]}
RESULT: undefined
COMMAND: POST /session/bbd37991cd80103daa76f108f3796d35/execute/async - {"script":"<script> [776 bytes]","args":[{"enterText":"Piece","selector":{"id":"application-manageresources-display-component---newResourceUnit--BASE_UNIT_OF_MEASURE","interaction":{"idSuffix":"inner"}},"clearTextFirst":true,"interactionType":"ENTER_TEXT"}]}
RESULT: {"script":"<script> [776 bytes]","args":[{"enterText":"Piece","selector":{"id":"application-manageresources-display-component---newResourceUnit--BASE_UNIT_OF_MEASURE","interaction":{"idSuffix":"inner"}},"clearTextFirst":true,"interactionType":"ENTER_TEXT"}]}
COMMAND: POST /session/bbd37991cd80103daa76f108f3796d35/execute/async - {"script":"<script> [1562 bytes]","args":[{"selector":{"id":"application-manageresources-display-component---newResourceUnit--WEIGHT_UNIT","interaction":{"idSuffix":"inner"}},"wdio_ui5_key":"applicationmanageresources-display-component---newResourceUnit--WEIGHT_UNIT"}]}
RESULT: {"script":"<script> [1562 bytes]","args":[{"selector":{"id":"application-manageresources-display-component---newResourceUnit--WEIGHT_UNIT","interaction":{"idSuffix":"inner"}},"wdio_ui5_key":"applicationmanageresources-display-component---newResourceUnit--WEIGHT_UNIT"}]}
RESULT: undefined
COMMAND: POST /session/bbd37991cd80103daa76f108f3796d35/execute/async - {"script":"<script> [776 bytes]","args":[{"enterText":"Gram","selector":{"id":"application-manageresources-display-component---newResourceUnit--WEIGHT_UNIT","interaction":{"idSuffix":"inner"}},"clearTextFirst":true,"interactionType":"ENTER_TEXT"}]}
RESULT: {"script":"<script> [776 bytes]","args":[{"enterText":"Gram","selector":{"id":"application-manageresources-display-component---newResourceUnit--WEIGHT_UNIT","interaction":{"idSuffix":"inner"}},"clearTextFirst":true,"interactionType":"ENTER_TEXT"}]}
COMMAND: POST /session/bbd37991cd80103daa76f108f3796d35/execute/async - {"script":"<script> [1562 bytes]","args":[{"selector":{"id":"application-manageresources-display-component---newResourceUnit--DIMENSION_UNIT","interaction":{"idSuffix":"inner"}},"wdio_ui5_key":"applicationmanageresources-display-component---newResourceUnit--DIMENSION_UNIT"}]}
RESULT: {"script":"<script> [1562 bytes]","args":[{"selector":{"id":"application-manageresources-display-component---newResourceUnit--DIMENSION_UNIT","interaction":{"idSuffix":"inner"}},"wdio_ui5_key":"applicationmanageresources-display-component---newResourceUnit--DIMENSION_UNIT"}]}
RESULT: undefined
COMMAND: POST /session/bbd37991cd80103daa76f108f3796d35/execute/async - {"script":"<script> [776 bytes]","args":[{"enterText":"Meter","selector":{"id":"application-manageresources-display-component---newResourceUnit--DIMENSION_UNIT","interaction":{"idSuffix":"inner"}},"clearTextFirst":true,"interactionType":"ENTER_TEXT"}]}
RESULT: {"script":"<script> [776 bytes]","args":[{"enterText":"Meter","selector":{"id":"application-manageresources-display-component---newResourceUnit--DIMENSION_UNIT","interaction":{"idSuffix":"inner"}},"clearTextFirst":true,"interactionType":"ENTER_TEXT"}]}
COMMAND: POST /session/bbd37991cd80103daa76f108f3796d35/execute/async - {"script":"<script> [1562 bytes]","args":[{"selector":{"id":"application-manageresources-display-component---newResourceUnit--newRRUPage-anchBar-application-manageresources-display-component---newResourceUnit--control-anchor","interaction":{"idSuffix":"BDI-content"}},"wdio_ui5_key":"applicationmanageresources-display-component---newResourceUnit--newRRUPage-anchBar-application-manageresources-display-component---newResourceUnit--control-anchor"}]}
RESULT: {"script":"<script> [1562 bytes]","args":[{"selector":{"id":"application-manageresources-display-component---newResourceUnit--newRRUPage-anchBar-application-manageresources-display-component---newResourceUnit--control-anchor","interaction":{"idSuffix":"BDI-content"}},"wdio_ui5_key":"applicationmanageresources-display-component---newResourceUnit--newRRUPage-anchBar-application-manageresources-display-component---newResourceUnit--control-anchor"}]}
RESULT: undefined
COMMAND: POST /session/bbd37991cd80103daa76f108f3796d35/element - {"using":"xpath","value":"//*[@id=\"application-manageresources-display-component---newResourceUnit--newRRUPage-anchBar-application-manageresources-display-component---newResourceUnit--control-anchor\"]"}
RESULT: {"using":"xpath","value":"//*[@id=\"application-manageresources-display-component---newResourceUnit--newRRUPage-anchBar-application-manageresources-display-component---newResourceUnit--control-anchor\"]"}
COMMAND: POST /session/bbd37991cd80103daa76f108f3796d35/element/f.BCC40A51FB0F962C15E825EB75C92327.d.55557152BC18D8EB163A46C4ABC773C9.e.9326/click - {}
RESULT: {}
COMMAND: POST /session/bbd37991cd80103daa76f108f3796d35/execute/async - {"script":"<script> [1562 bytes]","args":[{"selector":{"id":"application-manageresources-display-component---newResourceUnit--PLANNING_GROUP","interaction":{"idSuffix":"inner"}},"wdio_ui5_key":"applicationmanageresources-display-component---newResourceUnit--PLANNING_GROUP"}]}
COMMAND: GET /session/bbd37991cd80103daa76f108f3796d35/screenshot - {}
RESULT: {"script":"<script> [1562 bytes]","args":[{"selector":{"id":"application-manageresources-display-component---newResourceUnit--PLANNING_GROUP","interaction":{"idSuffix":"inner"}},"wdio_ui5_key":"applicationmanageresources-display-component---newResourceUnit--PLANNING_GROUP"}]}
RESULT: undefined
COMMAND: POST /session/bbd37991cd80103daa76f108f3796d35/execute/async - {"script":"<script> [776 bytes]","args":[{"enterText":"Heavy Equi","selector":{"id":"application-manageresources-display-component---newResourceUnit--PLANNING_GROUP","interaction":{"idSuffix":"inner"}},"clearTextFirst":true,"interactionType":"ENTER_TEXT"}]}
RESULT: {}
RESULT: {"script":"<script> [776 bytes]","args":[{"enterText":"Heavy Equi","selector":{"id":"application-manageresources-display-component---newResourceUnit--PLANNING_GROUP","interaction":{"idSuffix":"inner"}},"clearTextFirst":true,"interactionType":"ENTER_TEXT"}]}
COMMAND: POST /session/bbd37991cd80103daa76f108f3796d35/execute/async - {"script":"<script> [1562 bytes]","args":[{"selector":{"id":"application-manageresources-display-component---newResourceUnit--ITEM_TYPE-arrow"},"wdio_ui5_key":"applicationmanageresources-display-component---newResourceUnit--ITEM_TYPE-arrow"}]}
RESULT: {"script":"<script> [1562 bytes]","args":[{"selector":{"id":"application-manageresources-display-component---newResourceUnit--ITEM_TYPE-arrow"},"wdio_ui5_key":"applicationmanageresources-display-component---newResourceUnit--ITEM_TYPE-arrow"}]}
RESULT: undefined
COMMAND: POST /session/bbd37991cd80103daa76f108f3796d35/element - {"using":"xpath","value":"//*[@id=\"application-manageresources-display-component---newResourceUnit--ITEM_TYPE-arrow\"]"}
RESULT: {"using":"xpath","value":"//*[@id=\"application-manageresources-display-component---newResourceUnit--ITEM_TYPE-arrow\"]"}
COMMAND: POST /session/bbd37991cd80103daa76f108f3796d35/element/f.BCC40A51FB0F962C15E825EB75C92327.d.55557152BC18D8EB163A46C4ABC773C9.e.9335/click - {}
RESULT: {}
COMMAND: POST /session/bbd37991cd80103daa76f108f3796d35/element - {"using":"xpath","value":"(//span[contains(text(), \"Resource Unit\")])[2]"}
COMMAND: GET /session/bbd37991cd80103daa76f108f3796d35/screenshot - {}
RESULT: {"using":"xpath","value":"(//span[contains(text(), \"Resource Unit\")])[2]"}
COMMAND: POST /session/bbd37991cd80103daa76f108f3796d35/element/f.BCC40A51FB0F962C15E825EB75C92327.d.55557152BC18D8EB163A46C4ABC773C9.e.9336/click - {}
RESULT: {}
RESULT: {}
COMMAND: GET /session/bbd37991cd80103daa76f108f3796d35/screenshot - {}
RESULT: {}
COMMAND: POST /session/bbd37991cd80103daa76f108f3796d35/element - {"using":"css selector","value":"#application-manageresources-display-component---newResourceUnit--btnAddTimeSegment"}
RESULT: {"using":"css selector","value":"#application-manageresources-display-component---newResourceUnit--btnAddTimeSegment"}
COMMAND: GET /session/bbd37991cd80103daa76f108f3796d35/element/f.BCC40A51FB0F962C15E825EB75C92327.d.55557152BC18D8EB163A46C4ABC773C9.e.9337/rect - {}
RESULT: {}
COMMAND: GET /session/bbd37991cd80103daa76f108f3796d35/window/rect - {}
RESULT: {}
COMMAND: POST /session/bbd37991cd80103daa76f108f3796d35/execute/sync - {"script":"<script> [92 bytes]","args":[]}
RESULT: {"script":"<script> [92 bytes]","args":[]}
COMMAND: POST /session/bbd37991cd80103daa76f108f3796d35/actions - {"actions":[{"id":"action31","type":"wheel","parameters":{},"actions":[{"type":"scroll","x":-1888,"y":-32,"deltaX":0,"deltaY":0,"duration":0,"origin":{"element-6066-11e4-a52e-4f735466cecf":"f.BCC40A51FB0F962C15E825EB75C92327.d.55557152BC18D8EB163A46C4ABC773C9.e.9337"}}]}]}
COMMAND: GET /session/bbd37991cd80103daa76f108f3796d35/screenshot - {}
RESULT: {}
COMMAND: POST /session/bbd37991cd80103daa76f108f3796d35/execute/sync - {"script":"<script> [79 bytes]","args":[{"element-6066-11e4-a52e-4f735466cecf":"f.BCC40A51FB0F962C15E825EB75C92327.d.55557152BC18D8EB163A46C4ABC773C9.e.9337","ELEMENT":"f.BCC40A51FB0F962C15E825EB75C92327.d.55557152BC18D8EB163A46C4ABC773C9.e.9337"},{"block":"start","inline":"nearest"}]}
RESULT: {"script":"<script> [79 bytes]","args":[{"element-6066-11e4-a52e-4f735466cecf":"f.BCC40A51FB0F962C15E825EB75C92327.d.55557152BC18D8EB163A46C4ABC773C9.e.9337","ELEMENT":"f.BCC40A51FB0F962C15E825EB75C92327.d.55557152BC18D8EB163A46C4ABC773C9.e.9337"},{"block":"start","inline":"nearest"}]}
COMMAND: POST /session/bbd37991cd80103daa76f108f3796d35/execute/async - {"script":"<script> [1562 bytes]","args":[{"selector":{"id":"application-manageresources-display-component---newResourceUnit--btnAddTimeSegment","interaction":{"idSuffix":"inner"}},"wdio_ui5_key":"applicationmanageresources-display-component---newResourceUnit--btnAddTimeSegment"}]}
COMMAND: GET /session/bbd37991cd80103daa76f108f3796d35/screenshot - {}
RESULT: {"script":"<script> [1562 bytes]","args":[{"selector":{"id":"application-manageresources-display-component---newResourceUnit--btnAddTimeSegment","interaction":{"idSuffix":"inner"}},"wdio_ui5_key":"applicationmanageresources-display-component---newResourceUnit--btnAddTimeSegment"}]}
RESULT: undefined
COMMAND: POST /session/bbd37991cd80103daa76f108f3796d35/element - {"using":"xpath","value":"//*[@id=\"application-manageresources-display-component---newResourceUnit--btnAddTimeSegment\"]"}
RESULT: {}
RESULT: {"using":"xpath","value":"//*[@id=\"application-manageresources-display-component---newResourceUnit--btnAddTimeSegment\"]"}
COMMAND: POST /session/bbd37991cd80103daa76f108f3796d35/element/f.BCC40A51FB0F962C15E825EB75C92327.d.55557152BC18D8EB163A46C4ABC773C9.e.9337/click - {}
RESULT: {}
COMMAND: GET /session/bbd37991cd80103daa76f108f3796d35/screenshot - {}
RESULT: {}
COMMAND: POST /session/bbd37991cd80103daa76f108f3796d35/element - {"using":"xpath","value":"//input[@id=\"application-manageresources-display-component---newResourceUnit--idRuTSAdmin-application-manageresources-display-component---newResourceUnit--RUTimeSegment-0-inner\"]"}
RESULT: {"using":"xpath","value":"//input[@id=\"application-manageresources-display-component---newResourceUnit--idRuTSAdmin-application-manageresources-display-component---newResourceUnit--RUTimeSegment-0-inner\"]"}
COMMAND: POST /session/bbd37991cd80103daa76f108f3796d35/element/f.BCC40A51FB0F962C15E825EB75C92327.d.55557152BC18D8EB163A46C4ABC773C9.e.9343/clear - {}
RESULT: {}
COMMAND: POST /session/bbd37991cd80103daa76f108f3796d35/element/f.BCC40A51FB0F962C15E825EB75C92327.d.55557152BC18D8EB163A46C4ABC773C9.e.9343/value - {"text":"550"}
COMMAND: GET /session/bbd37991cd80103daa76f108f3796d35/screenshot - {}
RESULT: {"text":"550"}
COMMAND: GET /session/bbd37991cd80103daa76f108f3796d35/screenshot - {}
RESULT: {}
RESULT: {}
COMMAND: POST /session/bbd37991cd80103daa76f108f3796d35/element - {"using":"xpath","value":"//li[.//span[text()='550']]"}
RESULT: {"using":"xpath","value":"//li[.//span[text()='550']]"}
COMMAND: POST /session/bbd37991cd80103daa76f108f3796d35/element/f.BCC40A51FB0F962C15E825EB75C92327.d.55557152BC18D8EB163A46C4ABC773C9.e.9355/click - {}
RESULT: {}
COMMAND: GET /session/bbd37991cd80103daa76f108f3796d35/screenshot - {}
RESULT: {}
COMMAND: POST /session/bbd37991cd80103daa76f108f3796d35/element - {"using":"xpath","value":"(//span[contains(@id, \"-application-manageresources-display-component---newResourceUnit--RUTimeSegment-0-arrow\")])[6]"}
RESULT: {"using":"xpath","value":"(//span[contains(@id, \"-application-manageresources-display-component---newResourceUnit--RUTimeSegment-0-arrow\")])[6]"}
COMMAND: POST /session/bbd37991cd80103daa76f108f3796d35/element/f.BCC40A51FB0F962C15E825EB75C92327.d.55557152BC18D8EB163A46C4ABC773C9.e.9356/click - {}
RESULT: {}
COMMAND: GET /session/bbd37991cd80103daa76f108f3796d35/screenshot - {}
RESULT: {}
COMMAND: POST /session/bbd37991cd80103daa76f108f3796d35/element - {"using":"xpath","value":"//span[contains(text(), \"PM Order\")]"}
RESULT: {"using":"xpath","value":"//span[contains(text(), \"PM Order\")]"}
COMMAND: POST /session/bbd37991cd80103daa76f108f3796d35/element/f.BCC40A51FB0F962C15E825EB75C92327.d.55557152BC18D8EB163A46C4ABC773C9.e.9359/click - {}
RESULT: {}
COMMAND: GET /session/bbd37991cd80103daa76f108f3796d35/screenshot - {}
RESULT: {}
COMMAND: POST /session/bbd37991cd80103daa76f108f3796d35/element - {"using":"xpath","value":"(//span[contains(@id ,\"manageresources-display-component---newResourceUnit--RUTimeSegment-0-vhi\")])[1]"}
RESULT: {"using":"xpath","value":"(//span[contains(@id ,\"manageresources-display-component---newResourceUnit--RUTimeSegment-0-vhi\")])[1]"}
COMMAND: GET /session/bbd37991cd80103daa76f108f3796d35/element/f.BCC40A51FB0F962C15E825EB75C92327.d.55557152BC18D8EB163A46C4ABC773C9.e.9363/rect - {}
RESULT: {}
COMMAND: GET /session/bbd37991cd80103daa76f108f3796d35/window/rect - {}
RESULT: {}
COMMAND: POST /session/bbd37991cd80103daa76f108f3796d35/execute/sync - {"script":"<script> [92 bytes]","args":[]}
RESULT: {"script":"<script> [92 bytes]","args":[]}
COMMAND: POST /session/bbd37991cd80103daa76f108f3796d35/actions - {"actions":[{"id":"action32","type":"wheel","parameters":{},"actions":[{"type":"scroll","x":-869,"y":-24,"deltaX":0,"deltaY":0,"duration":0,"origin":{"element-6066-11e4-a52e-4f735466cecf":"f.BCC40A51FB0F962C15E825EB75C92327.d.55557152BC18D8EB163A46C4ABC773C9.e.9363"}}]}]}
COMMAND: GET /session/bbd37991cd80103daa76f108f3796d35/screenshot - {}
RESULT: {"actions":[{"id":"action32","type":"wheel","parameters":{},"actions":[{"type":"scroll","x":-869,"y":-24,"deltaX":0,"deltaY":0,"duration":0,"origin":{"element-6066-11e4-a52e-4f735466cecf":"f.BCC40A51FB0F962C15E825EB75C92327.d.55557152BC18D8EB163A46C4ABC773C9.e.9363"}}]}]}
COMMAND: DELETE /session/bbd37991cd80103daa76f108f3796d35/actions - {}
COMMAND: GET /session/bbd37991cd80103daa76f108f3796d35/screenshot - {}
RESULT: {}
RESULT: {}
COMMAND: GET /session/bbd37991cd80103daa76f108f3796d35/screenshot - {}
RESULT: {}
RESULT: {}
COMMAND: POST /session/bbd37991cd80103daa76f108f3796d35/element/f.BCC40A51FB0F962C15E825EB75C92327.d.55557152BC18D8EB163A46C4ABC773C9.e.9363/click - {}
RESULT: {}
COMMAND: GET /session/bbd37991cd80103daa76f108f3796d35/screenshot - {}
RESULT: {}
COMMAND: POST /session/bbd37991cd80103daa76f108f3796d35/execute/async - {"script":"<script> [1562 bytes]","args":[{"selector":{"controlType":"sap.m.SearchField","properties":{"placeholder":"Search"},"searchOpenDialogs":true,"interaction":{"idSuffix":"I"}},"wdio_ui5_key":"sapm.SearchField{\"placeholder\":\"Search\"}"}]}
RESULT: {"script":"<script> [1562 bytes]","args":[{"selector":{"controlType":"sap.m.SearchField","properties":{"placeholder":"Search"},"searchOpenDialogs":true,"interaction":{"idSuffix":"I"}},"wdio_ui5_key":"sapm.SearchField{\"placeholder\":\"Search\"}"}]}
RESULT: undefined
COMMAND: POST /session/bbd37991cd80103daa76f108f3796d35/execute/async - {"script":"<script> [776 bytes]","args":[{"enterText":"4000360","selector":{"controlType":"sap.m.SearchField","properties":{"placeholder":"Search"},"searchOpenDialogs":true,"interaction":{"idSuffix":"I"}},"clearTextFirst":true,"interactionType":"ENTER_TEXT"}]}
RESULT: {"script":"<script> [776 bytes]","args":[{"enterText":"4000360","selector":{"controlType":"sap.m.SearchField","properties":{"placeholder":"Search"},"searchOpenDialogs":true,"interaction":{"idSuffix":"I"}},"clearTextFirst":true,"interactionType":"ENTER_TEXT"}]}
COMMAND: POST /session/bbd37991cd80103daa76f108f3796d35/actions - {"actions":[{"id":"action33","type":"key","parameters":{},"actions":[{"type":"keyDown","value":"î€‡"},{"type":"pause","duration":10},{"type":"keyUp","value":"î€‡"}]}]}
RESULT: {"actions":[{"id":"action33","type":"key","parameters":{},"actions":[{"type":"keyDown","value":"î€‡"},{"type":"pause","duration":10},{"type":"keyUp","value":"î€‡"}]}]}
COMMAND: GET /session/bbd37991cd80103daa76f108f3796d35/screenshot - {}
RESULT: {}
COMMAND: POST /session/bbd37991cd80103daa76f108f3796d35/element - {"using":"xpath","value":"//td/div/span[contains(text(), \"BGL Vehicles\")]"}
RESULT: {"using":"xpath","value":"//td/div/span[contains(text(), \"BGL Vehicles\")]"}
COMMAND: POST /session/bbd37991cd80103daa76f108f3796d35/element/f.BCC40A51FB0F962C15E825EB75C92327.d.55557152BC18D8EB163A46C4ABC773C9.e.9384/click - {}
RESULT: {}
COMMAND: GET /session/bbd37991cd80103daa76f108f3796d35/screenshot - {}
RESULT: {}
COMMAND: POST /session/bbd37991cd80103daa76f108f3796d35/element - {"using":"xpath","value":"//bdi[contains(text(), \"OK\")]"}
RESULT: {"using":"xpath","value":"//bdi[contains(text(), \"OK\")]"}
COMMAND: POST /session/bbd37991cd80103daa76f108f3796d35/element/f.BCC40A51FB0F962C15E825EB75C92327.d.55557152BC18D8EB163A46C4ABC773C9.e.9385/click - {}
RESULT: {}
COMMAND: GET /session/bbd37991cd80103daa76f108f3796d35/screenshot - {}
RESULT: {}
COMMAND: POST /session/bbd37991cd80103daa76f108f3796d35/execute/async - {"script":"<script> [1562 bytes]","args":[{"selector":{"id":"application-manageresources-display-component---newResourceUnit--newRRUPage-anchBar-application-manageresources-display-component---newResourceUnit--resource-anchor","interaction":{"idSuffix":"BDI-content"}},"wdio_ui5_key":"applicationmanageresources-display-component---newResourceUnit--newRRUPage-anchBar-application-manageresources-display-component---newResourceUnit--resource-anchor"}]}
RESULT: {"script":"<script> [1562 bytes]","args":[{"selector":{"id":"application-manageresources-display-component---newResourceUnit--newRRUPage-anchBar-application-manageresources-display-component---newResourceUnit--resource-anchor","interaction":{"idSuffix":"BDI-content"}},"wdio_ui5_key":"applicationmanageresources-display-component---newResourceUnit--newRRUPage-anchBar-application-manageresources-display-component---newResourceUnit--resource-anchor"}]}
RESULT: undefined
COMMAND: POST /session/bbd37991cd80103daa76f108f3796d35/element - {"using":"xpath","value":"//*[@id=\"application-manageresources-display-component---newResourceUnit--newRRUPage-anchBar-application-manageresources-display-component---newResourceUnit--resource-anchor\"]"}
RESULT: {"using":"xpath","value":"//*[@id=\"application-manageresources-display-component---newResourceUnit--newRRUPage-anchBar-application-manageresources-display-component---newResourceUnit--resource-anchor\"]"}
COMMAND: POST /session/bbd37991cd80103daa76f108f3796d35/element/f.BCC40A51FB0F962C15E825EB75C92327.d.55557152BC18D8EB163A46C4ABC773C9.e.9389/click - {}
RESULT: {}
COMMAND: POST /session/bbd37991cd80103daa76f108f3796d35/execute/async - {"script":"<script> [1562 bytes]","args":[{"selector":{"id":"application-manageresources-display-component---newResourceUnit--PLANNED_DELIVERY_DATE","interaction":{"idSuffix":"inner"}},"wdio_ui5_key":"applicationmanageresources-display-component---newResourceUnit--PLANNED_DELIVERY_DATE"}]}
COMMAND: GET /session/bbd37991cd80103daa76f108f3796d35/screenshot - {}
RESULT: {"script":"<script> [1562 bytes]","args":[{"selector":{"id":"application-manageresources-display-component---newResourceUnit--PLANNED_DELIVERY_DATE","interaction":{"idSuffix":"inner"}},"wdio_ui5_key":"applicationmanageresources-display-component---newResourceUnit--PLANNED_DELIVERY_DATE"}]}
RESULT: undefined
COMMAND: POST /session/bbd37991cd80103daa76f108f3796d35/execute/async - {"script":"<script> [6424 bytes]","args":[{"element-6066-11e4-a52e-4f735466cecf":"f.BCC40A51FB0F962C15E825EB75C92327.d.55557152BC18D8EB163A46C4ABC773C9.e.9248"},"setValue",["5/4/25"]]}
RESULT: {}
RESULT: {"script":"<script> [6424 bytes]","args":[{"element-6066-11e4-a52e-4f735466cecf":"f.BCC40A51FB0F962C15E825EB75C92327.d.55557152BC18D8EB163A46C4ABC773C9.e.9248"},"setValue",["5/4/25"]]}
COMMAND: POST /session/bbd37991cd80103daa76f108f3796d35/element - {"using":"xpath","value":"//button[@data-kt=\"resourceUnitSaveButton\"]"}
RESULT: {"using":"xpath","value":"//button[@data-kt=\"resourceUnitSaveButton\"]"}
COMMAND: POST /session/bbd37991cd80103daa76f108f3796d35/element/f.BCC40A51FB0F962C15E825EB75C92327.d.55557152BC18D8EB163A46C4ABC773C9.e.9208/click - {}
RESULT: {}
COMMAND: GET /session/bbd37991cd80103daa76f108f3796d35/screenshot - {}
RESULT: {}
COMMAND: POST /session/bbd37991cd80103daa76f108f3796d35/element - {"using":"xpath","value":"//bdi[contains(text(), \"Close\")]"}
RESULT: {"using":"xpath","value":"//bdi[contains(text(), \"Close\")]"}
COMMAND: POST /session/bbd37991cd80103daa76f108f3796d35/element/f.BCC40A51FB0F962C15E825EB75C92327.d.55557152BC18D8EB163A46C4ABC773C9.e.9397/click - {}
RESULT: {}
COMMAND: GET /session/bbd37991cd80103daa76f108f3796d35/screenshot - {}
RESULT: {}
COMMAND: POST /session/bbd37991cd80103daa76f108f3796d35/element - {"using":"xpath","value":"(//button[contains(@id ,\"actionsToolbar-overflowButton\")])[1]"}
RESULT: {"using":"xpath","value":"(//button[contains(@id ,\"actionsToolbar-overflowButton\")])[1]"}
COMMAND: POST /session/bbd37991cd80103daa76f108f3796d35/element/f.BCC40A51FB0F962C15E825EB75C92327.d.55557152BC18D8EB163A46C4ABC773C9.e.9429/click - {}
RESULT: {}
COMMAND: GET /session/bbd37991cd80103daa76f108f3796d35/screenshot - {}
RESULT: {}
COMMAND: POST /session/bbd37991cd80103daa76f108f3796d35/element - {"using":"xpath","value":"//button[@data-kt=\"priceInfoButton\"]"}
RESULT: {"using":"xpath","value":"//button[@data-kt=\"priceInfoButton\"]"}
COMMAND: POST /session/bbd37991cd80103daa76f108f3796d35/element/f.BCC40A51FB0F962C15E825EB75C92327.d.55557152BC18D8EB163A46C4ABC773C9.e.9431/click - {}
RESULT: {}
COMMAND: GET /session/bbd37991cd80103daa76f108f3796d35/screenshot - {}
]]></system-out>
    </testcase>
    <testcase classname="chrome.135_0_7049_96.windows.Billing_Transfer_-_Intracompany_US127249" name="Should create a pricing procedure" time="49.593">
      <system-out><![CDATA[
COMMAND: POST /session/bbd37991cd80103daa76f108f3796d35/element - {"using":"xpath","value":"//button[@data-kt=\"addButton\"]"}
RESULT: {}
RESULT: {"using":"xpath","value":"//button[@data-kt=\"addButton\"]"}
COMMAND: POST /session/bbd37991cd80103daa76f108f3796d35/elements - {"using":"xpath","value":"//button[@data-kt=\"addButton\"]"}
RESULT: {"using":"xpath","value":"//button[@data-kt=\"addButton\"]"}
COMMAND: POST /session/bbd37991cd80103daa76f108f3796d35/execute/sync - {"script":"<script> [8489 bytes]","args":[{"element-6066-11e4-a52e-4f735466cecf":"f.BCC40A51FB0F962C15E825EB75C92327.d.55557152BC18D8EB163A46C4ABC773C9.e.9472","ELEMENT":"f.BCC40A51FB0F962C15E825EB75C92327.d.55557152BC18D8EB163A46C4ABC773C9.e.9472"}]}
RESULT: {"script":"<script> [8489 bytes]","args":[{"element-6066-11e4-a52e-4f735466cecf":"f.BCC40A51FB0F962C15E825EB75C92327.d.55557152BC18D8EB163A46C4ABC773C9.e.9472","ELEMENT":"f.BCC40A51FB0F962C15E825EB75C92327.d.55557152BC18D8EB163A46C4ABC773C9.e.9472"}]}
COMMAND: GET /session/bbd37991cd80103daa76f108f3796d35/element/f.BCC40A51FB0F962C15E825EB75C92327.d.55557152BC18D8EB163A46C4ABC773C9.e.9472/enabled - {}
COMMAND: GET /session/bbd37991cd80103daa76f108f3796d35/screenshot - {}
RESULT: {}
COMMAND: POST /session/bbd37991cd80103daa76f108f3796d35/execute/sync - {"script":"<script> [8489 bytes]","args":[{"element-6066-11e4-a52e-4f735466cecf":"f.BCC40A51FB0F962C15E825EB75C92327.d.55557152BC18D8EB163A46C4ABC773C9.e.9472","ELEMENT":"f.BCC40A51FB0F962C15E825EB75C92327.d.55557152BC18D8EB163A46C4ABC773C9.e.9472"}]}
COMMAND: GET /session/bbd37991cd80103daa76f108f3796d35/screenshot - {}
RESULT: {}
RESULT: {"script":"<script> [8489 bytes]","args":[{"element-6066-11e4-a52e-4f735466cecf":"f.BCC40A51FB0F962C15E825EB75C92327.d.55557152BC18D8EB163A46C4ABC773C9.e.9472","ELEMENT":"f.BCC40A51FB0F962C15E825EB75C92327.d.55557152BC18D8EB163A46C4ABC773C9.e.9472"}]}
COMMAND: POST /session/bbd37991cd80103daa76f108f3796d35/execute/sync - {"script":"<script> [5351 bytes]","args":[{"element-6066-11e4-a52e-4f735466cecf":"f.BCC40A51FB0F962C15E825EB75C92327.d.55557152BC18D8EB163A46C4ABC773C9.e.9472","ELEMENT":"f.BCC40A51FB0F962C15E825EB75C92327.d.55557152BC18D8EB163A46C4ABC773C9.e.9472"}]}
COMMAND: GET /session/bbd37991cd80103daa76f108f3796d35/screenshot - {}
RESULT: {}
RESULT: {"script":"<script> [5351 bytes]","args":[{"element-6066-11e4-a52e-4f735466cecf":"f.BCC40A51FB0F962C15E825EB75C92327.d.55557152BC18D8EB163A46C4ABC773C9.e.9472","ELEMENT":"f.BCC40A51FB0F962C15E825EB75C92327.d.55557152BC18D8EB163A46C4ABC773C9.e.9472"}]}
COMMAND: POST /session/bbd37991cd80103daa76f108f3796d35/element/f.BCC40A51FB0F962C15E825EB75C92327.d.55557152BC18D8EB163A46C4ABC773C9.e.9472/click - {}
COMMAND: GET /session/bbd37991cd80103daa76f108f3796d35/screenshot - {}
RESULT: {}
RESULT: {}
COMMAND: GET /session/bbd37991cd80103daa76f108f3796d35/screenshot - {}
RESULT: {}
RESULT: {}
COMMAND: POST /session/bbd37991cd80103daa76f108f3796d35/execute/async - {"script":"<script> [1562 bytes]","args":[{"selector":{"controlType":"sap.m.Title","viewName":"etm.portal.ui.managepricingrules.view.NewItem","viewId":"application-managepricingrules-display-component---newInfoPriceItem","properties":{"text":"New Pricing Rules - Item Level"}},"wdio_ui5_key":"etmportal.ui.managepricingrules.view.NewItemsap.m.Title{\"text\":\"New Pricing Rules - Item Level\"}"}]}
RESULT: {"script":"<script> [1562 bytes]","args":[{"selector":{"controlType":"sap.m.Title","viewName":"etm.portal.ui.managepricingrules.view.NewItem","viewId":"application-managepricingrules-display-component---newInfoPriceItem","properties":{"text":"New Pricing Rules - Item Level"}},"wdio_ui5_key":"etmportal.ui.managepricingrules.view.NewItemsap.m.Title{\"text\":\"New Pricing Rules - Item Level\"}"}]}
RESULT: undefined
COMMAND: POST /session/bbd37991cd80103daa76f108f3796d35/execute/async - {"script":"<script> [6424 bytes]","args":[{"element-6066-11e4-a52e-4f735466cecf":"f.BCC40A51FB0F962C15E825EB75C92327.d.55557152BC18D8EB163A46C4ABC773C9.e.9633"},"getText",[]]}
RESULT: {"script":"<script> [6424 bytes]","args":[{"element-6066-11e4-a52e-4f735466cecf":"f.BCC40A51FB0F962C15E825EB75C92327.d.55557152BC18D8EB163A46C4ABC773C9.e.9633"},"getText",[]]}
COMMAND: POST /session/bbd37991cd80103daa76f108f3796d35/execute/async - {"script":"<script> [1562 bytes]","args":[{"selector":{"id":"application-managepricingrules-display-component---newInfoPriceItem--condValidTo","interaction":{"idSuffix":"inner"}},"wdio_ui5_key":"applicationmanagepricingrules-display-component---newInfoPriceItem--condValidTo"}]}
RESULT: {"script":"<script> [1562 bytes]","args":[{"selector":{"id":"application-managepricingrules-display-component---newInfoPriceItem--condValidTo","interaction":{"idSuffix":"inner"}},"wdio_ui5_key":"applicationmanagepricingrules-display-component---newInfoPriceItem--condValidTo"}]}
RESULT: undefined
COMMAND: POST /session/bbd37991cd80103daa76f108f3796d35/execute/async - {"script":"<script> [776 bytes]","args":[{"enterText":"01/04/26","selector":{"id":"application-managepricingrules-display-component---newInfoPriceItem--condValidTo","interaction":{"idSuffix":"inner"}},"clearTextFirst":true,"interactionType":"ENTER_TEXT"}]}
RESULT: {"script":"<script> [776 bytes]","args":[{"enterText":"01/04/26","selector":{"id":"application-managepricingrules-display-component---newInfoPriceItem--condValidTo","interaction":{"idSuffix":"inner"}},"clearTextFirst":true,"interactionType":"ENTER_TEXT"}]}
COMMAND: POST /session/bbd37991cd80103daa76f108f3796d35/execute/async - {"script":"<script> [1562 bytes]","args":[{"selector":{"id":"application-managepricingrules-display-component---newInfoPriceItem--billType-arrow"},"wdio_ui5_key":"applicationmanagepricingrules-display-component---newInfoPriceItem--billType-arrow"}]}
RESULT: {"script":"<script> [1562 bytes]","args":[{"selector":{"id":"application-managepricingrules-display-component---newInfoPriceItem--billType-arrow"},"wdio_ui5_key":"applicationmanagepricingrules-display-component---newInfoPriceItem--billType-arrow"}]}
RESULT: undefined
COMMAND: POST /session/bbd37991cd80103daa76f108f3796d35/element - {"using":"xpath","value":"//*[@id=\"application-managepricingrules-display-component---newInfoPriceItem--billType-arrow\"]"}
RESULT: {"using":"xpath","value":"//*[@id=\"application-managepricingrules-display-component---newInfoPriceItem--billType-arrow\"]"}
COMMAND: POST /session/bbd37991cd80103daa76f108f3796d35/element/f.BCC40A51FB0F962C15E825EB75C92327.d.55557152BC18D8EB163A46C4ABC773C9.e.9637/click - {}
RESULT: {}
COMMAND: POST /session/bbd37991cd80103daa76f108f3796d35/element - {"using":"xpath","value":"//span[contains(text(), \"TB - Time based\")]"}
COMMAND: GET /session/bbd37991cd80103daa76f108f3796d35/screenshot - {}
RESULT: {"using":"xpath","value":"//span[contains(text(), \"TB - Time based\")]"}
COMMAND: POST /session/bbd37991cd80103daa76f108f3796d35/element/f.BCC40A51FB0F962C15E825EB75C92327.d.55557152BC18D8EB163A46C4ABC773C9.e.9638/click - {}
RESULT: {}
RESULT: {}
COMMAND: POST /session/bbd37991cd80103daa76f108f3796d35/execute/async - {"script":"<script> [1562 bytes]","args":[{"selector":{"id":"application-managepricingrules-display-component---newInfoPriceItem--priceProc-arrow"},"wdio_ui5_key":"applicationmanagepricingrules-display-component---newInfoPriceItem--priceProc-arrow"}]}
COMMAND: GET /session/bbd37991cd80103daa76f108f3796d35/screenshot - {}
RESULT: {"script":"<script> [1562 bytes]","args":[{"selector":{"id":"application-managepricingrules-display-component---newInfoPriceItem--priceProc-arrow"},"wdio_ui5_key":"applicationmanagepricingrules-display-component---newInfoPriceItem--priceProc-arrow"}]}
RESULT: undefined
COMMAND: POST /session/bbd37991cd80103daa76f108f3796d35/element - {"using":"xpath","value":"//*[@id=\"application-managepricingrules-display-component---newInfoPriceItem--priceProc-arrow\"]"}
RESULT: {}
RESULT: {"using":"xpath","value":"//*[@id=\"application-managepricingrules-display-component---newInfoPriceItem--priceProc-arrow\"]"}
COMMAND: POST /session/bbd37991cd80103daa76f108f3796d35/element/f.BCC40A51FB0F962C15E825EB75C92327.d.55557152BC18D8EB163A46C4ABC773C9.e.9599/click - {}
RESULT: {}
COMMAND: POST /session/bbd37991cd80103daa76f108f3796d35/element - {"using":"xpath","value":"//span[contains(text(), \"TBS - Time based standard\")]"}
COMMAND: GET /session/bbd37991cd80103daa76f108f3796d35/screenshot - {}
RESULT: {}
RESULT: {"using":"xpath","value":"//span[contains(text(), \"TBS - Time based standard\")]"}
COMMAND: POST /session/bbd37991cd80103daa76f108f3796d35/element/f.BCC40A51FB0F962C15E825EB75C92327.d.55557152BC18D8EB163A46C4ABC773C9.e.9639/click - {}
RESULT: {}
COMMAND: POST /session/bbd37991cd80103daa76f108f3796d35/execute/async - {"script":"<script> [1562 bytes]","args":[{"selector":{"id":"application-managepricingrules-display-component---newInfoPriceItem--calcBase-arrow"},"wdio_ui5_key":"applicationmanagepricingrules-display-component---newInfoPriceItem--calcBase-arrow"}]}
COMMAND: GET /session/bbd37991cd80103daa76f108f3796d35/screenshot - {}
RESULT: {"script":"<script> [1562 bytes]","args":[{"selector":{"id":"application-managepricingrules-display-component---newInfoPriceItem--calcBase-arrow"},"wdio_ui5_key":"applicationmanagepricingrules-display-component---newInfoPriceItem--calcBase-arrow"}]}
RESULT: undefined
COMMAND: POST /session/bbd37991cd80103daa76f108f3796d35/element - {"using":"xpath","value":"//*[@id=\"application-managepricingrules-display-component---newInfoPriceItem--calcBase-arrow\"]"}
RESULT: {}
RESULT: {"using":"xpath","value":"//*[@id=\"application-managepricingrules-display-component---newInfoPriceItem--calcBase-arrow\"]"}
COMMAND: POST /session/bbd37991cd80103daa76f108f3796d35/element/f.BCC40A51FB0F962C15E825EB75C92327.d.55557152BC18D8EB163A46C4ABC773C9.e.9606/click - {}
RESULT: {}
COMMAND: GET /session/bbd37991cd80103daa76f108f3796d35/screenshot - {}
RESULT: {}
COMMAND: POST /session/bbd37991cd80103daa76f108f3796d35/element - {"using":"xpath","value":"//span[contains(text(), \"0006 - TB(calendar days)\")]"}
RESULT: {"using":"xpath","value":"//span[contains(text(), \"0006 - TB(calendar days)\")]"}
COMMAND: POST /session/bbd37991cd80103daa76f108f3796d35/element/f.BCC40A51FB0F962C15E825EB75C92327.d.55557152BC18D8EB163A46C4ABC773C9.e.9640/click - {}
RESULT: {}
COMMAND: GET /session/bbd37991cd80103daa76f108f3796d35/screenshot - {}
RESULT: {}
COMMAND: POST /session/bbd37991cd80103daa76f108f3796d35/execute/async - {"script":"<script> [1562 bytes]","args":[{"selector":{"id":"application-managepricingrules-display-component---newInfoPriceItem--daysMonth","interaction":{"idSuffix":"inner"}},"wdio_ui5_key":"applicationmanagepricingrules-display-component---newInfoPriceItem--daysMonth"}]}
RESULT: {"script":"<script> [1562 bytes]","args":[{"selector":{"id":"application-managepricingrules-display-component---newInfoPriceItem--daysMonth","interaction":{"idSuffix":"inner"}},"wdio_ui5_key":"applicationmanagepricingrules-display-component---newInfoPriceItem--daysMonth"}]}
RESULT: undefined
COMMAND: POST /session/bbd37991cd80103daa76f108f3796d35/execute/async - {"script":"<script> [776 bytes]","args":[{"enterText":"30","selector":{"id":"application-managepricingrules-display-component---newInfoPriceItem--daysMonth","interaction":{"idSuffix":"inner"}},"clearTextFirst":true,"interactionType":"ENTER_TEXT"}]}
RESULT: {"script":"<script> [776 bytes]","args":[{"enterText":"30","selector":{"id":"application-managepricingrules-display-component---newInfoPriceItem--daysMonth","interaction":{"idSuffix":"inner"}},"clearTextFirst":true,"interactionType":"ENTER_TEXT"}]}
COMMAND: POST /session/bbd37991cd80103daa76f108f3796d35/element - {"using":"xpath","value":"//button[@data-kt=\"saveNewRuleButton\"]"}
RESULT: {"using":"xpath","value":"//button[@data-kt=\"saveNewRuleButton\"]"}
COMMAND: POST /session/bbd37991cd80103daa76f108f3796d35/element/f.BCC40A51FB0F962C15E825EB75C92327.d.55557152BC18D8EB163A46C4ABC773C9.e.9622/click - {}
RESULT: {}
COMMAND: GET /session/bbd37991cd80103daa76f108f3796d35/screenshot - {}
RESULT: {}
COMMAND: POST /session/bbd37991cd80103daa76f108f3796d35/execute/async - {"script":"<script> [1562 bytes]","args":[{"selector":{"id":"application-managepricingrules-display-component---priceInfoItem--smartFilterBar-btnBasicSearch","interaction":{"idSuffix":"I"}},"wdio_ui5_key":"applicationmanagepricingrules-display-component---priceInfoItem--smartFilterBar-btnBasicSearch"}]}
RESULT: {"script":"<script> [1562 bytes]","args":[{"selector":{"id":"application-managepricingrules-display-component---priceInfoItem--smartFilterBar-btnBasicSearch","interaction":{"idSuffix":"I"}},"wdio_ui5_key":"applicationmanagepricingrules-display-component---priceInfoItem--smartFilterBar-btnBasicSearch"}]}
RESULT: undefined
COMMAND: POST /session/bbd37991cd80103daa76f108f3796d35/execute/async - {"script":"<script> [776 bytes]","args":[{"enterText":"RGacpoCYj2","selector":{"id":"application-managepricingrules-display-component---priceInfoItem--smartFilterBar-btnBasicSearch","interaction":{"idSuffix":"I"}},"clearTextFirst":true,"interactionType":"ENTER_TEXT"}]}
RESULT: {"script":"<script> [776 bytes]","args":[{"enterText":"RGacpoCYj2","selector":{"id":"application-managepricingrules-display-component---priceInfoItem--smartFilterBar-btnBasicSearch","interaction":{"idSuffix":"I"}},"clearTextFirst":true,"interactionType":"ENTER_TEXT"}]}
COMMAND: POST /session/bbd37991cd80103daa76f108f3796d35/actions - {"actions":[{"id":"action34","type":"key","parameters":{},"actions":[{"type":"keyDown","value":"î€‡"},{"type":"pause","duration":10},{"type":"keyUp","value":"î€‡"}]}]}
RESULT: {"actions":[{"id":"action34","type":"key","parameters":{},"actions":[{"type":"keyDown","value":"î€‡"},{"type":"pause","duration":10},{"type":"keyUp","value":"î€‡"}]}]}
COMMAND: GET /session/bbd37991cd80103daa76f108f3796d35/screenshot - {}
RESULT: {}
COMMAND: POST /session/bbd37991cd80103daa76f108f3796d35/element - {"using":"xpath","value":"//span[@id=\"application-managepricingrules-display-component---priceInfoItem--smartTable-header-inner\"]"}
RESULT: {"using":"xpath","value":"//span[@id=\"application-managepricingrules-display-component---priceInfoItem--smartTable-header-inner\"]"}
COMMAND: POST /session/bbd37991cd80103daa76f108f3796d35/elements - {"using":"xpath","value":"//span[@id=\"application-managepricingrules-display-component---priceInfoItem--smartTable-header-inner\"]"}
RESULT: {"using":"xpath","value":"//span[@id=\"application-managepricingrules-display-component---priceInfoItem--smartTable-header-inner\"]"}
COMMAND: POST /session/bbd37991cd80103daa76f108f3796d35/execute/sync - {"script":"<script> [56 bytes]","args":[{"element-6066-11e4-a52e-4f735466cecf":"f.BCC40A51FB0F962C15E825EB75C92327.d.55557152BC18D8EB163A46C4ABC773C9.e.9653","ELEMENT":"f.BCC40A51FB0F962C15E825EB75C92327.d.55557152BC18D8EB163A46C4ABC773C9.e.9653"}]}
RESULT: {"script":"<script> [56 bytes]","args":[{"element-6066-11e4-a52e-4f735466cecf":"f.BCC40A51FB0F962C15E825EB75C92327.d.55557152BC18D8EB163A46C4ABC773C9.e.9653","ELEMENT":"f.BCC40A51FB0F962C15E825EB75C92327.d.55557152BC18D8EB163A46C4ABC773C9.e.9653"}]}
COMMAND: POST /session/bbd37991cd80103daa76f108f3796d35/element - {"using":"css selector","value":"#shell-header-logo"}
COMMAND: GET /session/bbd37991cd80103daa76f108f3796d35/screenshot - {}
RESULT: {}
RESULT: {"using":"css selector","value":"#shell-header-logo"}
COMMAND: POST /session/bbd37991cd80103daa76f108f3796d35/element/f.BCC40A51FB0F962C15E825EB75C92327.d.55557152BC18D8EB163A46C4ABC773C9.e.8992/click - {}
RESULT: {}
COMMAND: GET /session/bbd37991cd80103daa76f108f3796d35/screenshot - {}
RESULT: {}
]]></system-out>
    </testcase>
    <testcase classname="chrome.135_0_7049_96.windows.Billing_Transfer_-_Intracompany_US127249" name="Should manage conditions" time="62.338">
      <system-out><![CDATA[
COMMAND: POST /session/bbd37991cd80103daa76f108f3796d35/execute/async - {"script":"<script> [1562 bytes]","args":[{"selector":{"controlType":"sap.m.Text","properties":{"text":"Manage Conditions & Prices"},"interaction":{"idSuffix":"inner"}},"wdio_ui5_key":"sapm.Text{\"text\":\"Manage Conditions & Prices\"}"}]}
RESULT: {"script":"<script> [1562 bytes]","args":[{"selector":{"controlType":"sap.m.Text","properties":{"text":"Manage Conditions & Prices"},"interaction":{"idSuffix":"inner"}},"wdio_ui5_key":"sapm.Text{\"text\":\"Manage Conditions & Prices\"}"}]}
RESULT: undefined
COMMAND: POST /session/bbd37991cd80103daa76f108f3796d35/element - {"using":"xpath","value":"//*[@id=\"__tile93-title\"]"}
RESULT: {"using":"xpath","value":"//*[@id=\"__tile93-title\"]"}
COMMAND: POST /session/bbd37991cd80103daa76f108f3796d35/element/f.BCC40A51FB0F962C15E825EB75C92327.d.55557152BC18D8EB163A46C4ABC773C9.e.9656/click - {}
RESULT: {}
COMMAND: POST /session/bbd37991cd80103daa76f108f3796d35/element - {"using":"xpath","value":"//button[@aria-label=\"Create\"]"}
COMMAND: GET /session/bbd37991cd80103daa76f108f3796d35/screenshot - {}
RESULT: {"using":"xpath","value":"//button[@aria-label=\"Create\"]"}
COMMAND: POST /session/bbd37991cd80103daa76f108f3796d35/elements - {"using":"xpath","value":"//button[@aria-label=\"Create\"]"}
RESULT: {}
RESULT: {"using":"xpath","value":"//button[@aria-label=\"Create\"]"}
COMMAND: POST /session/bbd37991cd80103daa76f108f3796d35/element - {"using":"xpath","value":"//button[@aria-label=\"Create\"]"}
RESULT: {"using":"xpath","value":"//button[@aria-label=\"Create\"]"}
COMMAND: POST /session/bbd37991cd80103daa76f108f3796d35/execute/sync - {"script":"<script> [8489 bytes]","args":[{"element-6066-11e4-a52e-4f735466cecf":"f.BCC40A51FB0F962C15E825EB75C92327.d.55557152BC18D8EB163A46C4ABC773C9.e.9690","ELEMENT":"f.BCC40A51FB0F962C15E825EB75C92327.d.55557152BC18D8EB163A46C4ABC773C9.e.9690"}]}
RESULT: {"script":"<script> [8489 bytes]","args":[{"element-6066-11e4-a52e-4f735466cecf":"f.BCC40A51FB0F962C15E825EB75C92327.d.55557152BC18D8EB163A46C4ABC773C9.e.9690","ELEMENT":"f.BCC40A51FB0F962C15E825EB75C92327.d.55557152BC18D8EB163A46C4ABC773C9.e.9690"}]}
COMMAND: GET /session/bbd37991cd80103daa76f108f3796d35/element/f.BCC40A51FB0F962C15E825EB75C92327.d.55557152BC18D8EB163A46C4ABC773C9.e.9690/enabled - {}
COMMAND: GET /session/bbd37991cd80103daa76f108f3796d35/screenshot - {}
RESULT: {}
COMMAND: POST /session/bbd37991cd80103daa76f108f3796d35/execute/sync - {"script":"<script> [8489 bytes]","args":[{"element-6066-11e4-a52e-4f735466cecf":"f.BCC40A51FB0F962C15E825EB75C92327.d.55557152BC18D8EB163A46C4ABC773C9.e.9690","ELEMENT":"f.BCC40A51FB0F962C15E825EB75C92327.d.55557152BC18D8EB163A46C4ABC773C9.e.9690"}]}
COMMAND: GET /session/bbd37991cd80103daa76f108f3796d35/screenshot - {}
RESULT: {}
RESULT: {"script":"<script> [8489 bytes]","args":[{"element-6066-11e4-a52e-4f735466cecf":"f.BCC40A51FB0F962C15E825EB75C92327.d.55557152BC18D8EB163A46C4ABC773C9.e.9690","ELEMENT":"f.BCC40A51FB0F962C15E825EB75C92327.d.55557152BC18D8EB163A46C4ABC773C9.e.9690"}]}
COMMAND: POST /session/bbd37991cd80103daa76f108f3796d35/execute/sync - {"script":"<script> [5351 bytes]","args":[{"element-6066-11e4-a52e-4f735466cecf":"f.BCC40A51FB0F962C15E825EB75C92327.d.55557152BC18D8EB163A46C4ABC773C9.e.9690","ELEMENT":"f.BCC40A51FB0F962C15E825EB75C92327.d.55557152BC18D8EB163A46C4ABC773C9.e.9690"}]}
COMMAND: GET /session/bbd37991cd80103daa76f108f3796d35/screenshot - {}
RESULT: {}
RESULT: {"script":"<script> [5351 bytes]","args":[{"element-6066-11e4-a52e-4f735466cecf":"f.BCC40A51FB0F962C15E825EB75C92327.d.55557152BC18D8EB163A46C4ABC773C9.e.9690","ELEMENT":"f.BCC40A51FB0F962C15E825EB75C92327.d.55557152BC18D8EB163A46C4ABC773C9.e.9690"}]}
COMMAND: POST /session/bbd37991cd80103daa76f108f3796d35/element/f.BCC40A51FB0F962C15E825EB75C92327.d.55557152BC18D8EB163A46C4ABC773C9.e.9690/click - {}
COMMAND: GET /session/bbd37991cd80103daa76f108f3796d35/screenshot - {}
RESULT: {}
RESULT: {}
COMMAND: GET /session/bbd37991cd80103daa76f108f3796d35/screenshot - {}
RESULT: {}
RESULT: {}
COMMAND: POST /session/bbd37991cd80103daa76f108f3796d35/actions - {"actions":[{"id":"action35","type":"key","parameters":{},"actions":[{"type":"keyDown","value":"î€‡"},{"type":"pause","duration":10},{"type":"keyUp","value":"î€‡"}]}]}
RESULT: {"actions":[{"id":"action35","type":"key","parameters":{},"actions":[{"type":"keyDown","value":"î€‡"},{"type":"pause","duration":10},{"type":"keyUp","value":"î€‡"}]}]}
COMMAND: GET /session/bbd37991cd80103daa76f108f3796d35/screenshot - {}
RESULT: {}
COMMAND: POST /session/bbd37991cd80103daa76f108f3796d35/execute/async - {"script":"<script> [1562 bytes]","args":[{"selector":{"id":"application-manageconditionprice-display-component---newCondition--condBillCond-arrow"},"wdio_ui5_key":"applicationmanageconditionprice-display-component---newCondition--condBillCond-arrow"}]}
RESULT: {"script":"<script> [1562 bytes]","args":[{"selector":{"id":"application-manageconditionprice-display-component---newCondition--condBillCond-arrow"},"wdio_ui5_key":"applicationmanageconditionprice-display-component---newCondition--condBillCond-arrow"}]}
RESULT: undefined
COMMAND: POST /session/bbd37991cd80103daa76f108f3796d35/element - {"using":"xpath","value":"//*[@id=\"application-manageconditionprice-display-component---newCondition--condBillCond-arrow\"]"}
RESULT: {"using":"xpath","value":"//*[@id=\"application-manageconditionprice-display-component---newCondition--condBillCond-arrow\"]"}
COMMAND: POST /session/bbd37991cd80103daa76f108f3796d35/element/f.BCC40A51FB0F962C15E825EB75C92327.d.55557152BC18D8EB163A46C4ABC773C9.e.9863/click - {}
RESULT: {}
COMMAND: GET /session/bbd37991cd80103daa76f108f3796d35/screenshot - {}
RESULT: {}
COMMAND: POST /session/bbd37991cd80103daa76f108f3796d35/element - {"using":"xpath","value":"//li[.//span[contains(text(), \"DISP - D&I special price\")]]"}
RESULT: {"using":"xpath","value":"//li[.//span[contains(text(), \"DISP - D&I special price\")]]"}
COMMAND: POST /session/bbd37991cd80103daa76f108f3796d35/element/f.BCC40A51FB0F962C15E825EB75C92327.d.55557152BC18D8EB163A46C4ABC773C9.e.9867/click - {}
RESULT: {}
COMMAND: GET /session/bbd37991cd80103daa76f108f3796d35/screenshot - {}
RESULT: {}
COMMAND: POST /session/bbd37991cd80103daa76f108f3796d35/execute/async - {"script":"<script> [1562 bytes]","args":[{"selector":{"id":"application-manageconditionprice-display-component---newCondition--condValidTo","interaction":{"idSuffix":"inner"}},"wdio_ui5_key":"applicationmanageconditionprice-display-component---newCondition--condValidTo"}]}
RESULT: {"script":"<script> [1562 bytes]","args":[{"selector":{"id":"application-manageconditionprice-display-component---newCondition--condValidTo","interaction":{"idSuffix":"inner"}},"wdio_ui5_key":"applicationmanageconditionprice-display-component---newCondition--condValidTo"}]}
RESULT: undefined
COMMAND: POST /session/bbd37991cd80103daa76f108f3796d35/execute/async - {"script":"<script> [776 bytes]","args":[{"enterText":"01/04/26","selector":{"id":"application-manageconditionprice-display-component---newCondition--condValidTo","interaction":{"idSuffix":"inner"}},"clearTextFirst":true,"interactionType":"ENTER_TEXT"}]}
RESULT: {"script":"<script> [776 bytes]","args":[{"enterText":"01/04/26","selector":{"id":"application-manageconditionprice-display-component---newCondition--condValidTo","interaction":{"idSuffix":"inner"}},"clearTextFirst":true,"interactionType":"ENTER_TEXT"}]}
COMMAND: POST /session/bbd37991cd80103daa76f108f3796d35/element - {"using":"xpath","value":"//input[@id=\"application-manageconditionprice-display-component---newCondition--condRU-inner\"]"}
RESULT: {"using":"xpath","value":"//input[@id=\"application-manageconditionprice-display-component---newCondition--condRU-inner\"]"}
COMMAND: POST /session/bbd37991cd80103daa76f108f3796d35/element/f.BCC40A51FB0F962C15E825EB75C92327.d.55557152BC18D8EB163A46C4ABC773C9.e.9731/clear - {}
RESULT: {}
COMMAND: POST /session/bbd37991cd80103daa76f108f3796d35/element/f.BCC40A51FB0F962C15E825EB75C92327.d.55557152BC18D8EB163A46C4ABC773C9.e.9731/value - {"text":"RGacpoCYj2"}
COMMAND: GET /session/bbd37991cd80103daa76f108f3796d35/screenshot - {}
RESULT: {"text":"RGacpoCYj2"}
COMMAND: GET /session/bbd37991cd80103daa76f108f3796d35/screenshot - {}
RESULT: {}
RESULT: {}
COMMAND: POST /session/bbd37991cd80103daa76f108f3796d35/actions - {"actions":[{"id":"action36","type":"key","parameters":{},"actions":[{"type":"keyDown","value":"î€‡"},{"type":"pause","duration":10},{"type":"keyUp","value":"î€‡"}]}]}
RESULT: {"actions":[{"id":"action36","type":"key","parameters":{},"actions":[{"type":"keyDown","value":"î€‡"},{"type":"pause","duration":10},{"type":"keyUp","value":"î€‡"}]}]}
COMMAND: POST /session/bbd37991cd80103daa76f108f3796d35/execute/async - {"script":"<script> [1562 bytes]","args":[{"selector":{"id":"application-manageconditionprice-display-component---newCondition--condBaseQty","interaction":{"idSuffix":"inner"}},"wdio_ui5_key":"applicationmanageconditionprice-display-component---newCondition--condBaseQty"}]}
COMMAND: GET /session/bbd37991cd80103daa76f108f3796d35/screenshot - {}
RESULT: {"script":"<script> [1562 bytes]","args":[{"selector":{"id":"application-manageconditionprice-display-component---newCondition--condBaseQty","interaction":{"idSuffix":"inner"}},"wdio_ui5_key":"applicationmanageconditionprice-display-component---newCondition--condBaseQty"}]}
RESULT: undefined
COMMAND: POST /session/bbd37991cd80103daa76f108f3796d35/execute/async - {"script":"<script> [776 bytes]","args":[{"enterText":"1","selector":{"id":"application-manageconditionprice-display-component---newCondition--condBaseQty","interaction":{"idSuffix":"inner"}},"clearTextFirst":true,"interactionType":"ENTER_TEXT"}]}
RESULT: {}
RESULT: {"script":"<script> [776 bytes]","args":[{"enterText":"1","selector":{"id":"application-manageconditionprice-display-component---newCondition--condBaseQty","interaction":{"idSuffix":"inner"}},"clearTextFirst":true,"interactionType":"ENTER_TEXT"}]}
COMMAND: POST /session/bbd37991cd80103daa76f108f3796d35/execute/async - {"script":"<script> [1562 bytes]","args":[{"selector":{"id":"application-manageconditionprice-display-component---newCondition--condValue","interaction":{"idSuffix":"inner"}},"wdio_ui5_key":"applicationmanageconditionprice-display-component---newCondition--condValue"}]}
RESULT: {"script":"<script> [1562 bytes]","args":[{"selector":{"id":"application-manageconditionprice-display-component---newCondition--condValue","interaction":{"idSuffix":"inner"}},"wdio_ui5_key":"applicationmanageconditionprice-display-component---newCondition--condValue"}]}
RESULT: undefined
COMMAND: POST /session/bbd37991cd80103daa76f108f3796d35/execute/async - {"script":"<script> [776 bytes]","args":[{"enterText":"200","selector":{"id":"application-manageconditionprice-display-component---newCondition--condValue","interaction":{"idSuffix":"inner"}},"clearTextFirst":true,"interactionType":"ENTER_TEXT"}]}
RESULT: {"script":"<script> [776 bytes]","args":[{"enterText":"200","selector":{"id":"application-manageconditionprice-display-component---newCondition--condValue","interaction":{"idSuffix":"inner"}},"clearTextFirst":true,"interactionType":"ENTER_TEXT"}]}
COMMAND: POST /session/bbd37991cd80103daa76f108f3796d35/execute/async - {"script":"<script> [1562 bytes]","args":[{"selector":{"id":"application-manageconditionprice-display-component---newCondition--condCurr-arrow"},"wdio_ui5_key":"applicationmanageconditionprice-display-component---newCondition--condCurr-arrow"}]}
RESULT: {"script":"<script> [1562 bytes]","args":[{"selector":{"id":"application-manageconditionprice-display-component---newCondition--condCurr-arrow"},"wdio_ui5_key":"applicationmanageconditionprice-display-component---newCondition--condCurr-arrow"}]}
RESULT: undefined
COMMAND: POST /session/bbd37991cd80103daa76f108f3796d35/element - {"using":"xpath","value":"//*[@id=\"application-manageconditionprice-display-component---newCondition--condCurr-arrow\"]"}
RESULT: {"using":"xpath","value":"//*[@id=\"application-manageconditionprice-display-component---newCondition--condCurr-arrow\"]"}
COMMAND: POST /session/bbd37991cd80103daa76f108f3796d35/element/f.BCC40A51FB0F962C15E825EB75C92327.d.55557152BC18D8EB163A46C4ABC773C9.e.9841/click - {}
RESULT: {}
COMMAND: POST /session/bbd37991cd80103daa76f108f3796d35/element - {"using":"xpath","value":"//span[contains(text(), \"Euro\")]"}
COMMAND: GET /session/bbd37991cd80103daa76f108f3796d35/screenshot - {}
RESULT: {"using":"xpath","value":"//span[contains(text(), \"Euro\")]"}
COMMAND: POST /session/bbd37991cd80103daa76f108f3796d35/element/f.BCC40A51FB0F962C15E825EB75C92327.d.55557152BC18D8EB163A46C4ABC773C9.e.9904/click - {}
RESULT: {}
RESULT: {}
COMMAND: POST /session/bbd37991cd80103daa76f108f3796d35/element - {"using":"xpath","value":"//button[@data-kt=\"saveButton\"]"}
COMMAND: GET /session/bbd37991cd80103daa76f108f3796d35/screenshot - {}
RESULT: {"using":"xpath","value":"//button[@data-kt=\"saveButton\"]"}
COMMAND: POST /session/bbd37991cd80103daa76f108f3796d35/element/f.BCC40A51FB0F962C15E825EB75C92327.d.55557152BC18D8EB163A46C4ABC773C9.e.9842/click - {}
RESULT: {}
RESULT: {}
COMMAND: GET /session/bbd37991cd80103daa76f108f3796d35/screenshot - {}
RESULT: {}
COMMAND: POST /session/bbd37991cd80103daa76f108f3796d35/execute/async - {"script":"<script> [1562 bytes]","args":[{"selector":{"id":"application-manageconditionprice-display-component---conditions--smartFilterBar-btnBasicSearch","interaction":{"idSuffix":"I"}},"wdio_ui5_key":"applicationmanageconditionprice-display-component---conditions--smartFilterBar-btnBasicSearch"}]}
RESULT: {"script":"<script> [1562 bytes]","args":[{"selector":{"id":"application-manageconditionprice-display-component---conditions--smartFilterBar-btnBasicSearch","interaction":{"idSuffix":"I"}},"wdio_ui5_key":"applicationmanageconditionprice-display-component---conditions--smartFilterBar-btnBasicSearch"}]}
RESULT: undefined
COMMAND: POST /session/bbd37991cd80103daa76f108f3796d35/execute/async - {"script":"<script> [776 bytes]","args":[{"enterText":"RGacpoCYj2","selector":{"id":"application-manageconditionprice-display-component---conditions--smartFilterBar-btnBasicSearch","interaction":{"idSuffix":"I"}},"clearTextFirst":true,"interactionType":"ENTER_TEXT"}]}
RESULT: {"script":"<script> [776 bytes]","args":[{"enterText":"RGacpoCYj2","selector":{"id":"application-manageconditionprice-display-component---conditions--smartFilterBar-btnBasicSearch","interaction":{"idSuffix":"I"}},"clearTextFirst":true,"interactionType":"ENTER_TEXT"}]}
COMMAND: POST /session/bbd37991cd80103daa76f108f3796d35/actions - {"actions":[{"id":"action37","type":"key","parameters":{},"actions":[{"type":"keyDown","value":"î€‡"},{"type":"pause","duration":10},{"type":"keyUp","value":"î€‡"}]}]}
RESULT: {"actions":[{"id":"action37","type":"key","parameters":{},"actions":[{"type":"keyDown","value":"î€‡"},{"type":"pause","duration":10},{"type":"keyUp","value":"î€‡"}]}]}
COMMAND: GET /session/bbd37991cd80103daa76f108f3796d35/screenshot - {}
RESULT: {}
COMMAND: POST /session/bbd37991cd80103daa76f108f3796d35/execute/async - {"script":"<script> [1562 bytes]","args":[{"selector":{"id":"application-manageconditionprice-display-component---conditions--smartFilterBar-filterItemControl_BASIC-BILL_TYPES-vhi"},"wdio_ui5_key":"applicationmanageconditionprice-display-component---conditions--smartFilterBar-filterItemControl_BASIC-BILL_TYPES-vhi"}]}
RESULT: {"script":"<script> [1562 bytes]","args":[{"selector":{"id":"application-manageconditionprice-display-component---conditions--smartFilterBar-filterItemControl_BASIC-BILL_TYPES-vhi"},"wdio_ui5_key":"applicationmanageconditionprice-display-component---conditions--smartFilterBar-filterItemControl_BASIC-BILL_TYPES-vhi"}]}
RESULT: undefined
COMMAND: POST /session/bbd37991cd80103daa76f108f3796d35/element - {"using":"xpath","value":"//*[@id=\"application-manageconditionprice-display-component---conditions--smartFilterBar-filterItemControl_BASIC-BILL_TYPES-vhi\"]"}
RESULT: {"using":"xpath","value":"//*[@id=\"application-manageconditionprice-display-component---conditions--smartFilterBar-filterItemControl_BASIC-BILL_TYPES-vhi\"]"}
COMMAND: POST /session/bbd37991cd80103daa76f108f3796d35/element/f.BCC40A51FB0F962C15E825EB75C92327.d.55557152BC18D8EB163A46C4ABC773C9.e.9922/click - {}
RESULT: {}
COMMAND: POST /session/bbd37991cd80103daa76f108f3796d35/execute/async - {"script":"<script> [1562 bytes]","args":[{"selector":{"id":"application-manageconditionprice-display-component---conditions--smartFilterBar-filterItemControl_BASIC-BILL_TYPES-valueHelpDialog-smartFilterBar-btnBasicSearch","searchOpenDialogs":true,"interaction":{"idSuffix":"I"}},"wdio_ui5_key":"applicationmanageconditionprice-display-component---conditions--smartFilterBar-filterItemControl_BASIC-BILL_TYPES-valueHelpDialog-smartFilterBar-btnBasicSearch"}]}
COMMAND: GET /session/bbd37991cd80103daa76f108f3796d35/screenshot - {}
RESULT: {"script":"<script> [1562 bytes]","args":[{"selector":{"id":"application-manageconditionprice-display-component---conditions--smartFilterBar-filterItemControl_BASIC-BILL_TYPES-valueHelpDialog-smartFilterBar-btnBasicSearch","searchOpenDialogs":true,"interaction":{"idSuffix":"I"}},"wdio_ui5_key":"applicationmanageconditionprice-display-component---conditions--smartFilterBar-filterItemControl_BASIC-BILL_TYPES-valueHelpDialog-smartFilterBar-btnBasicSearch"}]}
RESULT: undefined
COMMAND: POST /session/bbd37991cd80103daa76f108f3796d35/execute/async - {"script":"<script> [776 bytes]","args":[{"enterText":"TB","selector":{"id":"application-manageconditionprice-display-component---conditions--smartFilterBar-filterItemControl_BASIC-BILL_TYPES-valueHelpDialog-smartFilterBar-btnBasicSearch","searchOpenDialogs":true,"interaction":{"idSuffix":"I"}},"clearTextFirst":true,"interactionType":"ENTER_TEXT"}]}
RESULT: {}
RESULT: {"script":"<script> [776 bytes]","args":[{"enterText":"TB","selector":{"id":"application-manageconditionprice-display-component---conditions--smartFilterBar-filterItemControl_BASIC-BILL_TYPES-valueHelpDialog-smartFilterBar-btnBasicSearch","searchOpenDialogs":true,"interaction":{"idSuffix":"I"}},"clearTextFirst":true,"interactionType":"ENTER_TEXT"}]}
COMMAND: POST /session/bbd37991cd80103daa76f108f3796d35/actions - {"actions":[{"id":"action38","type":"key","parameters":{},"actions":[{"type":"keyDown","value":"î€‡"},{"type":"pause","duration":10},{"type":"keyUp","value":"î€‡"}]}]}
RESULT: {"actions":[{"id":"action38","type":"key","parameters":{},"actions":[{"type":"keyDown","value":"î€‡"},{"type":"pause","duration":10},{"type":"keyUp","value":"î€‡"}]}]}
COMMAND: GET /session/bbd37991cd80103daa76f108f3796d35/screenshot - {}
RESULT: {}
COMMAND: POST /session/bbd37991cd80103daa76f108f3796d35/element - {"using":"xpath","value":"//div[contains(@id, 'application-manageconditionprice-display-component---conditions--smartFilterBar-filterItemControl_BASIC-BILL_TYPES-valueHelpDialog-table-rowsel0')]"}
RESULT: {"using":"xpath","value":"//div[contains(@id, 'application-manageconditionprice-display-component---conditions--smartFilterBar-filterItemControl_BASIC-BILL_TYPES-valueHelpDialog-table-rowsel0')]"}
COMMAND: POST /session/bbd37991cd80103daa76f108f3796d35/element/f.BCC40A51FB0F962C15E825EB75C92327.d.55557152BC18D8EB163A46C4ABC773C9.e.9932/click - {}
RESULT: {}
COMMAND: GET /session/bbd37991cd80103daa76f108f3796d35/screenshot - {}
RESULT: {}
COMMAND: POST /session/bbd37991cd80103daa76f108f3796d35/element - {"using":"xpath","value":"//bdi[contains(text(), \"OK\")]"}
RESULT: {"using":"xpath","value":"//bdi[contains(text(), \"OK\")]"}
COMMAND: POST /session/bbd37991cd80103daa76f108f3796d35/element/f.BCC40A51FB0F962C15E825EB75C92327.d.55557152BC18D8EB163A46C4ABC773C9.e.9934/click - {}
RESULT: {}
COMMAND: GET /session/bbd37991cd80103daa76f108f3796d35/screenshot - {}
RESULT: {}
COMMAND: POST /session/bbd37991cd80103daa76f108f3796d35/element - {"using":"xpath","value":"//span[@id=\"application-manageconditionprice-display-component---conditions--smartTable-header-inner\"]"}
RESULT: {"using":"xpath","value":"//span[@id=\"application-manageconditionprice-display-component---conditions--smartTable-header-inner\"]"}
COMMAND: POST /session/bbd37991cd80103daa76f108f3796d35/elements - {"using":"xpath","value":"//span[@id=\"application-manageconditionprice-display-component---conditions--smartTable-header-inner\"]"}
RESULT: {"using":"xpath","value":"//span[@id=\"application-manageconditionprice-display-component---conditions--smartTable-header-inner\"]"}
COMMAND: POST /session/bbd37991cd80103daa76f108f3796d35/execute/sync - {"script":"<script> [56 bytes]","args":[{"element-6066-11e4-a52e-4f735466cecf":"f.BCC40A51FB0F962C15E825EB75C92327.d.55557152BC18D8EB163A46C4ABC773C9.e.9937","ELEMENT":"f.BCC40A51FB0F962C15E825EB75C92327.d.55557152BC18D8EB163A46C4ABC773C9.e.9937"}]}
RESULT: {"script":"<script> [56 bytes]","args":[{"element-6066-11e4-a52e-4f735466cecf":"f.BCC40A51FB0F962C15E825EB75C92327.d.55557152BC18D8EB163A46C4ABC773C9.e.9937","ELEMENT":"f.BCC40A51FB0F962C15E825EB75C92327.d.55557152BC18D8EB163A46C4ABC773C9.e.9937"}]}
COMMAND: POST /session/bbd37991cd80103daa76f108f3796d35/element - {"using":"css selector","value":"#shell-header-logo"}
COMMAND: GET /session/bbd37991cd80103daa76f108f3796d35/screenshot - {}
RESULT: {"using":"css selector","value":"#shell-header-logo"}
COMMAND: POST /session/bbd37991cd80103daa76f108f3796d35/element/f.BCC40A51FB0F962C15E825EB75C92327.d.55557152BC18D8EB163A46C4ABC773C9.e.9658/click - {}
RESULT: {}
RESULT: {}
COMMAND: GET /session/bbd37991cd80103daa76f108f3796d35/screenshot - {}
RESULT: {}
]]></system-out>
    </testcase>
    <testcase classname="chrome.135_0_7049_96.windows.Billing_Transfer_-_Intracompany_US127249" name="Should do a stock increase handover" time="77.809">
      <system-out><![CDATA[
COMMAND: POST /session/bbd37991cd80103daa76f108f3796d35/execute/async - {"script":"<script> [1562 bytes]","args":[{"selector":{"controlType":"sap.m.Text","viewName":"etm.portal.ui.managehandoverstile.view.Master","properties":{"text":"Manage Handovers"},"interaction":{"idSuffix":"inner"}},"wdio_ui5_key":"etmportal.ui.managehandoverstile.view.Mastersap.m.Text{\"text\":\"Manage Handovers\"}"}]}
RESULT: {"script":"<script> [1562 bytes]","args":[{"selector":{"controlType":"sap.m.Text","viewName":"etm.portal.ui.managehandoverstile.view.Master","properties":{"text":"Manage Handovers"},"interaction":{"idSuffix":"inner"}},"wdio_ui5_key":"etmportal.ui.managehandoverstile.view.Mastersap.m.Text{\"text\":\"Manage Handovers\"}"}]}
RESULT: undefined
COMMAND: POST /session/bbd37991cd80103daa76f108f3796d35/element - {"using":"xpath","value":"//*[@id=\"__tile132-title\"]"}
RESULT: {"using":"xpath","value":"//*[@id=\"__tile132-title\"]"}
COMMAND: POST /session/bbd37991cd80103daa76f108f3796d35/element/f.BCC40A51FB0F962C15E825EB75C92327.d.55557152BC18D8EB163A46C4ABC773C9.e.9942/click - {}
RESULT: {}
COMMAND: POST /session/bbd37991cd80103daa76f108f3796d35/element - {"using":"xpath","value":"//button[@data-kt=\"masterHOAddButton\"]"}
COMMAND: GET /session/bbd37991cd80103daa76f108f3796d35/screenshot - {}
RESULT: {"using":"xpath","value":"//button[@data-kt=\"masterHOAddButton\"]"}
COMMAND: POST /session/bbd37991cd80103daa76f108f3796d35/elements - {"using":"xpath","value":"//button[@data-kt=\"masterHOAddButton\"]"}
RESULT: {}
RESULT: {"using":"xpath","value":"//button[@data-kt=\"masterHOAddButton\"]"}
COMMAND: POST /session/bbd37991cd80103daa76f108f3796d35/elements - {"using":"xpath","value":"//button[@data-kt=\"masterHOAddButton\"]"}
RESULT: {"using":"xpath","value":"//button[@data-kt=\"masterHOAddButton\"]"}
COMMAND: POST /session/bbd37991cd80103daa76f108f3796d35/elements - {"using":"xpath","value":"//button[@data-kt=\"masterHOAddButton\"]"}
RESULT: {"using":"xpath","value":"//button[@data-kt=\"masterHOAddButton\"]"}
COMMAND: POST /session/bbd37991cd80103daa76f108f3796d35/elements - {"using":"xpath","value":"//button[@data-kt=\"masterHOAddButton\"]"}
RESULT: {"using":"xpath","value":"//button[@data-kt=\"masterHOAddButton\"]"}
COMMAND: POST /session/bbd37991cd80103daa76f108f3796d35/elements - {"using":"xpath","value":"//button[@data-kt=\"masterHOAddButton\"]"}
RESULT: {"using":"xpath","value":"//button[@data-kt=\"masterHOAddButton\"]"}
COMMAND: POST /session/bbd37991cd80103daa76f108f3796d35/elements - {"using":"xpath","value":"//button[@data-kt=\"masterHOAddButton\"]"}
RESULT: {"using":"xpath","value":"//button[@data-kt=\"masterHOAddButton\"]"}
COMMAND: POST /session/bbd37991cd80103daa76f108f3796d35/elements - {"using":"xpath","value":"//button[@data-kt=\"masterHOAddButton\"]"}
RESULT: {"using":"xpath","value":"//button[@data-kt=\"masterHOAddButton\"]"}
COMMAND: POST /session/bbd37991cd80103daa76f108f3796d35/elements - {"using":"xpath","value":"//button[@data-kt=\"masterHOAddButton\"]"}
RESULT: {"using":"xpath","value":"//button[@data-kt=\"masterHOAddButton\"]"}
COMMAND: POST /session/bbd37991cd80103daa76f108f3796d35/elements - {"using":"xpath","value":"//button[@data-kt=\"masterHOAddButton\"]"}
RESULT: {"using":"xpath","value":"//button[@data-kt=\"masterHOAddButton\"]"}
COMMAND: POST /session/bbd37991cd80103daa76f108f3796d35/elements - {"using":"xpath","value":"//button[@data-kt=\"masterHOAddButton\"]"}
RESULT: {"using":"xpath","value":"//button[@data-kt=\"masterHOAddButton\"]"}
COMMAND: POST /session/bbd37991cd80103daa76f108f3796d35/element - {"using":"xpath","value":"//button[@data-kt=\"masterHOAddButton\"]"}
RESULT: {"using":"xpath","value":"//button[@data-kt=\"masterHOAddButton\"]"}
COMMAND: POST /session/bbd37991cd80103daa76f108f3796d35/execute/sync - {"script":"<script> [8489 bytes]","args":[{"element-6066-11e4-a52e-4f735466cecf":"f.BCC40A51FB0F962C15E825EB75C92327.d.55557152BC18D8EB163A46C4ABC773C9.e.9972","ELEMENT":"f.BCC40A51FB0F962C15E825EB75C92327.d.55557152BC18D8EB163A46C4ABC773C9.e.9972"}]}
RESULT: {"script":"<script> [8489 bytes]","args":[{"element-6066-11e4-a52e-4f735466cecf":"f.BCC40A51FB0F962C15E825EB75C92327.d.55557152BC18D8EB163A46C4ABC773C9.e.9972","ELEMENT":"f.BCC40A51FB0F962C15E825EB75C92327.d.55557152BC18D8EB163A46C4ABC773C9.e.9972"}]}
COMMAND: GET /session/bbd37991cd80103daa76f108f3796d35/element/f.BCC40A51FB0F962C15E825EB75C92327.d.55557152BC18D8EB163A46C4ABC773C9.e.9972/enabled - {}
COMMAND: GET /session/bbd37991cd80103daa76f108f3796d35/screenshot - {}
RESULT: {}
COMMAND: POST /session/bbd37991cd80103daa76f108f3796d35/execute/sync - {"script":"<script> [8489 bytes]","args":[{"element-6066-11e4-a52e-4f735466cecf":"f.BCC40A51FB0F962C15E825EB75C92327.d.55557152BC18D8EB163A46C4ABC773C9.e.9972","ELEMENT":"f.BCC40A51FB0F962C15E825EB75C92327.d.55557152BC18D8EB163A46C4ABC773C9.e.9972"}]}
COMMAND: GET /session/bbd37991cd80103daa76f108f3796d35/screenshot - {}
RESULT: {}
RESULT: {"script":"<script> [8489 bytes]","args":[{"element-6066-11e4-a52e-4f735466cecf":"f.BCC40A51FB0F962C15E825EB75C92327.d.55557152BC18D8EB163A46C4ABC773C9.e.9972","ELEMENT":"f.BCC40A51FB0F962C15E825EB75C92327.d.55557152BC18D8EB163A46C4ABC773C9.e.9972"}]}
COMMAND: POST /session/bbd37991cd80103daa76f108f3796d35/execute/sync - {"script":"<script> [5351 bytes]","args":[{"element-6066-11e4-a52e-4f735466cecf":"f.BCC40A51FB0F962C15E825EB75C92327.d.55557152BC18D8EB163A46C4ABC773C9.e.9972","ELEMENT":"f.BCC40A51FB0F962C15E825EB75C92327.d.55557152BC18D8EB163A46C4ABC773C9.e.9972"}]}
COMMAND: GET /session/bbd37991cd80103daa76f108f3796d35/screenshot - {}
RESULT: {}
RESULT: {"script":"<script> [5351 bytes]","args":[{"element-6066-11e4-a52e-4f735466cecf":"f.BCC40A51FB0F962C15E825EB75C92327.d.55557152BC18D8EB163A46C4ABC773C9.e.9972","ELEMENT":"f.BCC40A51FB0F962C15E825EB75C92327.d.55557152BC18D8EB163A46C4ABC773C9.e.9972"}]}
COMMAND: POST /session/bbd37991cd80103daa76f108f3796d35/element/f.BCC40A51FB0F962C15E825EB75C92327.d.55557152BC18D8EB163A46C4ABC773C9.e.9972/click - {}
COMMAND: GET /session/bbd37991cd80103daa76f108f3796d35/screenshot - {}
RESULT: {}
RESULT: {}
COMMAND: GET /session/bbd37991cd80103daa76f108f3796d35/screenshot - {}
RESULT: {}
RESULT: {}
COMMAND: POST /session/bbd37991cd80103daa76f108f3796d35/element - {"using":"xpath","value":"//span[contains(@id ,\"AddNewHO--typeSelect-arrow\")]"}
RESULT: {"using":"xpath","value":"//span[contains(@id ,\"AddNewHO--typeSelect-arrow\")]"}
COMMAND: POST /session/bbd37991cd80103daa76f108f3796d35/element/f.BCC40A51FB0F962C15E825EB75C92327.d.55557152BC18D8EB163A46C4ABC773C9.e.10328/click - {}
RESULT: {}
COMMAND: GET /session/bbd37991cd80103daa76f108f3796d35/screenshot - {}
RESULT: {}
COMMAND: POST /session/bbd37991cd80103daa76f108f3796d35/element - {"using":"xpath","value":"(//li[contains(text(), \"stock increase yard\")])[1]"}
RESULT: {"using":"xpath","value":"(//li[contains(text(), \"stock increase yard\")])[1]"}
COMMAND: POST /session/bbd37991cd80103daa76f108f3796d35/element/f.BCC40A51FB0F962C15E825EB75C92327.d.55557152BC18D8EB163A46C4ABC773C9.e.10329/click - {}
RESULT: {}
COMMAND: GET /session/bbd37991cd80103daa76f108f3796d35/screenshot - {}
RESULT: {}
COMMAND: POST /session/bbd37991cd80103daa76f108f3796d35/execute/async - {"script":"<script> [1562 bytes]","args":[{"selector":{"id":"application-managehandovers-display-component---AddNewHO--dueDate","interaction":{"idSuffix":"inner"}},"wdio_ui5_key":"applicationmanagehandovers-display-component---AddNewHO--dueDate"}]}
RESULT: {"script":"<script> [1562 bytes]","args":[{"selector":{"id":"application-managehandovers-display-component---AddNewHO--dueDate","interaction":{"idSuffix":"inner"}},"wdio_ui5_key":"applicationmanagehandovers-display-component---AddNewHO--dueDate"}]}
RESULT: undefined
COMMAND: POST /session/bbd37991cd80103daa76f108f3796d35/execute/async - {"script":"<script> [6424 bytes]","args":[{"element-6066-11e4-a52e-4f735466cecf":"f.BCC40A51FB0F962C15E825EB75C92327.d.55557152BC18D8EB163A46C4ABC773C9.e.10331"},"setValue",["05/04/2025"]]}
RESULT: {"script":"<script> [6424 bytes]","args":[{"element-6066-11e4-a52e-4f735466cecf":"f.BCC40A51FB0F962C15E825EB75C92327.d.55557152BC18D8EB163A46C4ABC773C9.e.10331"},"setValue",["05/04/2025"]]}
COMMAND: POST /session/bbd37991cd80103daa76f108f3796d35/element - {"using":"xpath","value":"//input[@id=\"generalSectionFrg--receiveYard-inner\"]"}
RESULT: {"using":"xpath","value":"//input[@id=\"generalSectionFrg--receiveYard-inner\"]"}
COMMAND: POST /session/bbd37991cd80103daa76f108f3796d35/element/f.BCC40A51FB0F962C15E825EB75C92327.d.55557152BC18D8EB163A46C4ABC773C9.e.10337/clear - {}
RESULT: {}
COMMAND: POST /session/bbd37991cd80103daa76f108f3796d35/element/f.BCC40A51FB0F962C15E825EB75C92327.d.55557152BC18D8EB163A46C4ABC773C9.e.10337/value - {"text":"550"}
COMMAND: GET /session/bbd37991cd80103daa76f108f3796d35/screenshot - {}
RESULT: {"text":"550"}
COMMAND: GET /session/bbd37991cd80103daa76f108f3796d35/screenshot - {}
RESULT: {}
RESULT: {}
COMMAND: POST /session/bbd37991cd80103daa76f108f3796d35/element - {"using":"xpath","value":"//li[.//span[text()='550']]"}
RESULT: {"using":"xpath","value":"//li[.//span[text()='550']]"}
COMMAND: POST /session/bbd37991cd80103daa76f108f3796d35/element/f.BCC40A51FB0F962C15E825EB75C92327.d.55557152BC18D8EB163A46C4ABC773C9.e.10355/click - {}
RESULT: {}
COMMAND: GET /session/bbd37991cd80103daa76f108f3796d35/screenshot - {}
RESULT: {}
COMMAND: POST /session/bbd37991cd80103daa76f108f3796d35/execute/async - {"script":"<script> [1562 bytes]","args":[{"selector":{"id":"application-managehandovers-display-component---AddNewHO--ObjectPageLayout-anchBar-application-managehandovers-display-component---AddNewHO--section4-anchor","interaction":{"idSuffix":"BDI-content"}},"wdio_ui5_key":"applicationmanagehandovers-display-component---AddNewHO--ObjectPageLayout-anchBar-application-managehandovers-display-component---AddNewHO--section4-anchor"}]}
RESULT: {"script":"<script> [1562 bytes]","args":[{"selector":{"id":"application-managehandovers-display-component---AddNewHO--ObjectPageLayout-anchBar-application-managehandovers-display-component---AddNewHO--section4-anchor","interaction":{"idSuffix":"BDI-content"}},"wdio_ui5_key":"applicationmanagehandovers-display-component---AddNewHO--ObjectPageLayout-anchBar-application-managehandovers-display-component---AddNewHO--section4-anchor"}]}
RESULT: undefined
COMMAND: POST /session/bbd37991cd80103daa76f108f3796d35/element - {"using":"xpath","value":"//*[@id=\"application-managehandovers-display-component---AddNewHO--ObjectPageLayout-anchBar-application-managehandovers-display-component---AddNewHO--section4-anchor\"]"}
RESULT: {"using":"xpath","value":"//*[@id=\"application-managehandovers-display-component---AddNewHO--ObjectPageLayout-anchBar-application-managehandovers-display-component---AddNewHO--section4-anchor\"]"}
COMMAND: POST /session/bbd37991cd80103daa76f108f3796d35/element/f.BCC40A51FB0F962C15E825EB75C92327.d.55557152BC18D8EB163A46C4ABC773C9.e.10357/click - {}
RESULT: {}
COMMAND: POST /session/bbd37991cd80103daa76f108f3796d35/element - {"using":"xpath","value":"//button[@aria-label=\"Add\"]"}
COMMAND: GET /session/bbd37991cd80103daa76f108f3796d35/screenshot - {}
RESULT: {"using":"xpath","value":"//button[@aria-label=\"Add\"]"}
COMMAND: POST /session/bbd37991cd80103daa76f108f3796d35/element/f.BCC40A51FB0F962C15E825EB75C92327.d.55557152BC18D8EB163A46C4ABC773C9.e.10359/click - {}
RESULT: {}
RESULT: {}
COMMAND: GET /session/bbd37991cd80103daa76f108f3796d35/screenshot - {}
RESULT: {}
COMMAND: POST /session/bbd37991cd80103daa76f108f3796d35/execute/async - {"script":"<script> [1562 bytes]","args":[{"selector":{"id":"application-managehandovers-display-component---AddNewHO--smartFilterBar-btnBasicSearch","searchOpenDialogs":true,"interaction":{"idSuffix":"I"}},"wdio_ui5_key":"applicationmanagehandovers-display-component---AddNewHO--smartFilterBar-btnBasicSearch"}]}
RESULT: {"script":"<script> [1562 bytes]","args":[{"selector":{"id":"application-managehandovers-display-component---AddNewHO--smartFilterBar-btnBasicSearch","searchOpenDialogs":true,"interaction":{"idSuffix":"I"}},"wdio_ui5_key":"applicationmanagehandovers-display-component---AddNewHO--smartFilterBar-btnBasicSearch"}]}
RESULT: undefined
COMMAND: POST /session/bbd37991cd80103daa76f108f3796d35/execute/async - {"script":"<script> [776 bytes]","args":[{"enterText":"RGacpoCYj2","selector":{"id":"application-managehandovers-display-component---AddNewHO--smartFilterBar-btnBasicSearch","searchOpenDialogs":true,"interaction":{"idSuffix":"I"}},"clearTextFirst":true,"interactionType":"ENTER_TEXT"}]}
RESULT: {"script":"<script> [776 bytes]","args":[{"enterText":"RGacpoCYj2","selector":{"id":"application-managehandovers-display-component---AddNewHO--smartFilterBar-btnBasicSearch","searchOpenDialogs":true,"interaction":{"idSuffix":"I"}},"clearTextFirst":true,"interactionType":"ENTER_TEXT"}]}
COMMAND: POST /session/bbd37991cd80103daa76f108f3796d35/actions - {"actions":[{"id":"action39","type":"key","parameters":{},"actions":[{"type":"keyDown","value":"î€‡"},{"type":"pause","duration":10},{"type":"keyUp","value":"î€‡"}]}]}
RESULT: {"actions":[{"id":"action39","type":"key","parameters":{},"actions":[{"type":"keyDown","value":"î€‡"},{"type":"pause","duration":10},{"type":"keyUp","value":"î€‡"}]}]}
COMMAND: GET /session/bbd37991cd80103daa76f108f3796d35/screenshot - {}
RESULT: {}
COMMAND: POST /session/bbd37991cd80103daa76f108f3796d35/execute/async - {"script":"<script> [1562 bytes]","args":[{"selector":{"id":"application-managehandovers-display-component---AddNewHO--popup-sa","searchOpenDialogs":true,"interaction":{"idSuffix":"CbBg"}},"wdio_ui5_key":"applicationmanagehandovers-display-component---AddNewHO--popup-sa"}]}
RESULT: {"script":"<script> [1562 bytes]","args":[{"selector":{"id":"application-managehandovers-display-component---AddNewHO--popup-sa","searchOpenDialogs":true,"interaction":{"idSuffix":"CbBg"}},"wdio_ui5_key":"applicationmanagehandovers-display-component---AddNewHO--popup-sa"}]}
RESULT: undefined
COMMAND: POST /session/bbd37991cd80103daa76f108f3796d35/element - {"using":"xpath","value":"//*[@id=\"application-managehandovers-display-component---AddNewHO--popup-sa\"]"}
RESULT: {"using":"xpath","value":"//*[@id=\"application-managehandovers-display-component---AddNewHO--popup-sa\"]"}
COMMAND: POST /session/bbd37991cd80103daa76f108f3796d35/element/f.BCC40A51FB0F962C15E825EB75C92327.d.55557152BC18D8EB163A46C4ABC773C9.e.10513/click - {}
RESULT: {}
COMMAND: GET /session/bbd37991cd80103daa76f108f3796d35/screenshot - {}
RESULT: {}
COMMAND: POST /session/bbd37991cd80103daa76f108f3796d35/element - {"using":"xpath","value":"//bdi[contains(text(), \"Select\")]"}
RESULT: {"using":"xpath","value":"//bdi[contains(text(), \"Select\")]"}
COMMAND: POST /session/bbd37991cd80103daa76f108f3796d35/element/f.BCC40A51FB0F962C15E825EB75C92327.d.55557152BC18D8EB163A46C4ABC773C9.e.10514/click - {}
RESULT: {}
COMMAND: GET /session/bbd37991cd80103daa76f108f3796d35/screenshot - {}
RESULT: {}
COMMAND: POST /session/bbd37991cd80103daa76f108f3796d35/element - {"using":"xpath","value":"//button[@data-kt=\"AddNewHOSaveButton\"]"}
RESULT: {"using":"xpath","value":"//button[@data-kt=\"AddNewHOSaveButton\"]"}
COMMAND: POST /session/bbd37991cd80103daa76f108f3796d35/element/f.BCC40A51FB0F962C15E825EB75C92327.d.55557152BC18D8EB163A46C4ABC773C9.e.10518/click - {}
RESULT: {}
COMMAND: GET /session/bbd37991cd80103daa76f108f3796d35/screenshot - {}
RESULT: {}
COMMAND: POST /session/bbd37991cd80103daa76f108f3796d35/execute/async - {"script":"<script> [1562 bytes]","args":[{"selector":{"id":"receiptDatePicker","viewName":"etm.portal.ui.managehandovers.view.DetailExecuteHO","interaction":{"idSuffix":"inner"}},"wdio_ui5_key":"receiptDatePickeretmportal.ui.managehandovers.view.DetailExecuteHO"}]}
RESULT: {"script":"<script> [1562 bytes]","args":[{"selector":{"id":"receiptDatePicker","viewName":"etm.portal.ui.managehandovers.view.DetailExecuteHO","interaction":{"idSuffix":"inner"}},"wdio_ui5_key":"receiptDatePickeretmportal.ui.managehandovers.view.DetailExecuteHO"}]}
RESULT: undefined
COMMAND: POST /session/bbd37991cd80103daa76f108f3796d35/execute/async - {"script":"<script> [6424 bytes]","args":[{"element-6066-11e4-a52e-4f735466cecf":"f.BCC40A51FB0F962C15E825EB75C92327.d.55557152BC18D8EB163A46C4ABC773C9.e.10533"},"setValue",["05/04/2025"]]}
RESULT: {"script":"<script> [6424 bytes]","args":[{"element-6066-11e4-a52e-4f735466cecf":"f.BCC40A51FB0F962C15E825EB75C92327.d.55557152BC18D8EB163A46C4ABC773C9.e.10533"},"setValue",["05/04/2025"]]}
COMMAND: POST /session/bbd37991cd80103daa76f108f3796d35/element - {"using":"xpath","value":"//button[@data-kt=\"PickingTableConfirmAllButton\"]"}
RESULT: {"using":"xpath","value":"//button[@data-kt=\"PickingTableConfirmAllButton\"]"}
COMMAND: POST /session/bbd37991cd80103daa76f108f3796d35/element/f.BCC40A51FB0F962C15E825EB75C92327.d.55557152BC18D8EB163A46C4ABC773C9.e.10563/click - {}
RESULT: {}
COMMAND: GET /session/bbd37991cd80103daa76f108f3796d35/screenshot - {}
RESULT: {}
COMMAND: POST /session/bbd37991cd80103daa76f108f3796d35/element - {"using":"xpath","value":"//bdi[contains(text(), \"OK\")]"}
RESULT: {"using":"xpath","value":"//bdi[contains(text(), \"OK\")]"}
COMMAND: POST /session/bbd37991cd80103daa76f108f3796d35/element/f.BCC40A51FB0F962C15E825EB75C92327.d.55557152BC18D8EB163A46C4ABC773C9.e.10565/click - {}
RESULT: {}
COMMAND: GET /session/bbd37991cd80103daa76f108f3796d35/screenshot - {}
RESULT: {}
COMMAND: POST /session/bbd37991cd80103daa76f108f3796d35/element - {"using":"xpath","value":"(//bdi[contains(text(), \"Receive\")])[2]"}
RESULT: {"using":"xpath","value":"(//bdi[contains(text(), \"Receive\")])[2]"}
COMMAND: POST /session/bbd37991cd80103daa76f108f3796d35/element/f.BCC40A51FB0F962C15E825EB75C92327.d.55557152BC18D8EB163A46C4ABC773C9.e.10567/click - {}
RESULT: {}
COMMAND: GET /session/bbd37991cd80103daa76f108f3796d35/screenshot - {}
RESULT: {}
COMMAND: POST /session/bbd37991cd80103daa76f108f3796d35/element - {"using":"css selector","value":"#shell-header-logo"}
RESULT: {"using":"css selector","value":"#shell-header-logo"}
COMMAND: POST /session/bbd37991cd80103daa76f108f3796d35/element/f.BCC40A51FB0F962C15E825EB75C92327.d.55557152BC18D8EB163A46C4ABC773C9.e.9944/click - {}
RESULT: {}
COMMAND: GET /session/bbd37991cd80103daa76f108f3796d35/screenshot - {}
RESULT: {}
]]></system-out>
    </testcase>
    <testcase classname="chrome.135_0_7049_96.windows.Billing_Transfer_-_Intracompany_US127249" name="Should create a new contract" time="53.977">
      <system-out><![CDATA[
COMMAND: POST /session/bbd37991cd80103daa76f108f3796d35/execute/async - {"script":"<script> [1562 bytes]","args":[{"selector":{"controlType":"sap.m.Text","viewName":"etm.portal.ui.managecontractstile.view.Master","properties":{"text":"Manage Contracts"},"interaction":{"idSuffix":"inner"}},"wdio_ui5_key":"etmportal.ui.managecontractstile.view.Mastersap.m.Text{\"text\":\"Manage Contracts\"}"}]}
RESULT: {"script":"<script> [1562 bytes]","args":[{"selector":{"controlType":"sap.m.Text","viewName":"etm.portal.ui.managecontractstile.view.Master","properties":{"text":"Manage Contracts"},"interaction":{"idSuffix":"inner"}},"wdio_ui5_key":"etmportal.ui.managecontractstile.view.Mastersap.m.Text{\"text\":\"Manage Contracts\"}"}]}
RESULT: undefined
COMMAND: POST /session/bbd37991cd80103daa76f108f3796d35/element - {"using":"xpath","value":"//*[@id=\"__tile130-title\"]"}
RESULT: {"using":"xpath","value":"//*[@id=\"__tile130-title\"]"}
COMMAND: POST /session/bbd37991cd80103daa76f108f3796d35/element/f.BCC40A51FB0F962C15E825EB75C92327.d.55557152BC18D8EB163A46C4ABC773C9.e.10741/click - {}
RESULT: {}
COMMAND: GET /session/bbd37991cd80103daa76f108f3796d35/screenshot - {}
RESULT: {}
COMMAND: POST /session/bbd37991cd80103daa76f108f3796d35/element - {"using":"xpath","value":"//button[@data-kt=\"addButton\"]"}
RESULT: {"using":"xpath","value":"//button[@data-kt=\"addButton\"]"}
COMMAND: POST /session/bbd37991cd80103daa76f108f3796d35/elements - {"using":"xpath","value":"//button[@data-kt=\"addButton\"]"}
RESULT: {"using":"xpath","value":"//button[@data-kt=\"addButton\"]"}
COMMAND: POST /session/bbd37991cd80103daa76f108f3796d35/execute/sync - {"script":"<script> [8489 bytes]","args":[{"element-6066-11e4-a52e-4f735466cecf":"f.BCC40A51FB0F962C15E825EB75C92327.d.55557152BC18D8EB163A46C4ABC773C9.e.10812","ELEMENT":"f.BCC40A51FB0F962C15E825EB75C92327.d.55557152BC18D8EB163A46C4ABC773C9.e.10812"}]}
RESULT: {"script":"<script> [8489 bytes]","args":[{"element-6066-11e4-a52e-4f735466cecf":"f.BCC40A51FB0F962C15E825EB75C92327.d.55557152BC18D8EB163A46C4ABC773C9.e.10812","ELEMENT":"f.BCC40A51FB0F962C15E825EB75C92327.d.55557152BC18D8EB163A46C4ABC773C9.e.10812"}]}
COMMAND: GET /session/bbd37991cd80103daa76f108f3796d35/element/f.BCC40A51FB0F962C15E825EB75C92327.d.55557152BC18D8EB163A46C4ABC773C9.e.10812/enabled - {}
COMMAND: GET /session/bbd37991cd80103daa76f108f3796d35/screenshot - {}
RESULT: {}
COMMAND: POST /session/bbd37991cd80103daa76f108f3796d35/execute/sync - {"script":"<script> [8489 bytes]","args":[{"element-6066-11e4-a52e-4f735466cecf":"f.BCC40A51FB0F962C15E825EB75C92327.d.55557152BC18D8EB163A46C4ABC773C9.e.10812","ELEMENT":"f.BCC40A51FB0F962C15E825EB75C92327.d.55557152BC18D8EB163A46C4ABC773C9.e.10812"}]}
COMMAND: GET /session/bbd37991cd80103daa76f108f3796d35/screenshot - {}
RESULT: {}
RESULT: {"script":"<script> [8489 bytes]","args":[{"element-6066-11e4-a52e-4f735466cecf":"f.BCC40A51FB0F962C15E825EB75C92327.d.55557152BC18D8EB163A46C4ABC773C9.e.10812","ELEMENT":"f.BCC40A51FB0F962C15E825EB75C92327.d.55557152BC18D8EB163A46C4ABC773C9.e.10812"}]}
COMMAND: POST /session/bbd37991cd80103daa76f108f3796d35/execute/sync - {"script":"<script> [5351 bytes]","args":[{"element-6066-11e4-a52e-4f735466cecf":"f.BCC40A51FB0F962C15E825EB75C92327.d.55557152BC18D8EB163A46C4ABC773C9.e.10812","ELEMENT":"f.BCC40A51FB0F962C15E825EB75C92327.d.55557152BC18D8EB163A46C4ABC773C9.e.10812"}]}
COMMAND: GET /session/bbd37991cd80103daa76f108f3796d35/screenshot - {}
RESULT: {}
RESULT: {"script":"<script> [5351 bytes]","args":[{"element-6066-11e4-a52e-4f735466cecf":"f.BCC40A51FB0F962C15E825EB75C92327.d.55557152BC18D8EB163A46C4ABC773C9.e.10812","ELEMENT":"f.BCC40A51FB0F962C15E825EB75C92327.d.55557152BC18D8EB163A46C4ABC773C9.e.10812"}]}
COMMAND: GET /session/bbd37991cd80103daa76f108f3796d35/screenshot - {}
RESULT: {}
RESULT: {}
COMMAND: POST /session/bbd37991cd80103daa76f108f3796d35/element/f.BCC40A51FB0F962C15E825EB75C92327.d.55557152BC18D8EB163A46C4ABC773C9.e.10812/click - {}
RESULT: {}
COMMAND: GET /session/bbd37991cd80103daa76f108f3796d35/screenshot - {}
RESULT: {}
COMMAND: POST /session/bbd37991cd80103daa76f108f3796d35/execute/async - {"script":"<script> [1562 bytes]","args":[{"selector":{"id":"application-managecontracts-display-component---AddNewContract--projectDescription","interaction":{"idSuffix":"inner"}},"wdio_ui5_key":"applicationmanagecontracts-display-component---AddNewContract--projectDescription"}]}
RESULT: {"script":"<script> [1562 bytes]","args":[{"selector":{"id":"application-managecontracts-display-component---AddNewContract--projectDescription","interaction":{"idSuffix":"inner"}},"wdio_ui5_key":"applicationmanagecontracts-display-component---AddNewContract--projectDescription"}]}
RESULT: undefined
COMMAND: POST /session/bbd37991cd80103daa76f108f3796d35/execute/async - {"script":"<script> [776 bytes]","args":[{"enterText":"Contract WDIO","selector":{"id":"application-managecontracts-display-component---AddNewContract--projectDescription","interaction":{"idSuffix":"inner"}},"clearTextFirst":true,"interactionType":"ENTER_TEXT"}]}
RESULT: {"script":"<script> [776 bytes]","args":[{"enterText":"Contract WDIO","selector":{"id":"application-managecontracts-display-component---AddNewContract--projectDescription","interaction":{"idSuffix":"inner"}},"clearTextFirst":true,"interactionType":"ENTER_TEXT"}]}
COMMAND: POST /session/bbd37991cd80103daa76f108f3796d35/element - {"using":"xpath","value":"//input[@id=\"application-managecontracts-display-component---AddNewContract--site-inner\"]"}
RESULT: {"using":"xpath","value":"//input[@id=\"application-managecontracts-display-component---AddNewContract--site-inner\"]"}
COMMAND: POST /session/bbd37991cd80103daa76f108f3796d35/element/f.BCC40A51FB0F962C15E825EB75C92327.d.55557152BC18D8EB163A46C4ABC773C9.e.11107/clear - {}
RESULT: {}
COMMAND: POST /session/bbd37991cd80103daa76f108f3796d35/element/f.BCC40A51FB0F962C15E825EB75C92327.d.55557152BC18D8EB163A46C4ABC773C9.e.11107/value - {"text":"2383"}
COMMAND: GET /session/bbd37991cd80103daa76f108f3796d35/screenshot - {}
RESULT: {"text":"2383"}
COMMAND: GET /session/bbd37991cd80103daa76f108f3796d35/screenshot - {}
RESULT: {}
RESULT: {}
COMMAND: POST /session/bbd37991cd80103daa76f108f3796d35/element - {"using":"xpath","value":"//li[.//span[text()='2383']]"}
RESULT: {"using":"xpath","value":"//li[.//span[text()='2383']]"}
COMMAND: POST /session/bbd37991cd80103daa76f108f3796d35/element/f.BCC40A51FB0F962C15E825EB75C92327.d.55557152BC18D8EB163A46C4ABC773C9.e.11131/click - {}
RESULT: {}
COMMAND: GET /session/bbd37991cd80103daa76f108f3796d35/screenshot - {}
RESULT: {}
COMMAND: POST /session/bbd37991cd80103daa76f108f3796d35/element - {"using":"xpath","value":"//input[@id=\"application-managecontracts-display-component---AddNewContract--yardId-inner\"]"}
RESULT: {"using":"xpath","value":"//input[@id=\"application-managecontracts-display-component---AddNewContract--yardId-inner\"]"}
COMMAND: GET /session/bbd37991cd80103daa76f108f3796d35/element/f.BCC40A51FB0F962C15E825EB75C92327.d.55557152BC18D8EB163A46C4ABC773C9.e.11108/property/value - {}
RESULT: {}
COMMAND: POST /session/bbd37991cd80103daa76f108f3796d35/element - {"using":"xpath","value":"//input[@id=\"application-managecontracts-display-component---AddNewContract--customerSelect-inner\"]"}
COMMAND: GET /session/bbd37991cd80103daa76f108f3796d35/screenshot - {}
RESULT: {"using":"xpath","value":"//input[@id=\"application-managecontracts-display-component---AddNewContract--customerSelect-inner\"]"}
COMMAND: POST /session/bbd37991cd80103daa76f108f3796d35/element/f.BCC40A51FB0F962C15E825EB75C92327.d.55557152BC18D8EB163A46C4ABC773C9.e.11106/clear - {}
RESULT: {}
RESULT: {}
COMMAND: POST /session/bbd37991cd80103daa76f108f3796d35/element/f.BCC40A51FB0F962C15E825EB75C92327.d.55557152BC18D8EB163A46C4ABC773C9.e.11106/value - {"text":"1425"}
COMMAND: GET /session/bbd37991cd80103daa76f108f3796d35/screenshot - {}
RESULT: {"text":"1425"}
COMMAND: GET /session/bbd37991cd80103daa76f108f3796d35/screenshot - {}
RESULT: {}
RESULT: {}
COMMAND: POST /session/bbd37991cd80103daa76f108f3796d35/element - {"using":"xpath","value":"//li[.//span[text()='1425']]"}
RESULT: {"using":"xpath","value":"//li[.//span[text()='1425']]"}
COMMAND: POST /session/bbd37991cd80103daa76f108f3796d35/element/f.BCC40A51FB0F962C15E825EB75C92327.d.55557152BC18D8EB163A46C4ABC773C9.e.11134/click - {}
RESULT: {}
COMMAND: GET /session/bbd37991cd80103daa76f108f3796d35/screenshot - {}
RESULT: {}
COMMAND: POST /session/bbd37991cd80103daa76f108f3796d35/element - {"using":"xpath","value":"//button[@data-kt=\"saveButton\"]"}
RESULT: {"using":"xpath","value":"//button[@data-kt=\"saveButton\"]"}
COMMAND: POST /session/bbd37991cd80103daa76f108f3796d35/element/f.BCC40A51FB0F962C15E825EB75C92327.d.55557152BC18D8EB163A46C4ABC773C9.e.11123/click - {}
RESULT: {}
COMMAND: GET /session/bbd37991cd80103daa76f108f3796d35/screenshot - {}
RESULT: {}
COMMAND: POST /session/bbd37991cd80103daa76f108f3796d35/element - {"using":"xpath","value":"//span[contains(@id ,\"contractDetailTitleNoExpanded\")]"}
RESULT: {"using":"xpath","value":"//span[contains(@id ,\"contractDetailTitleNoExpanded\")]"}
COMMAND: POST /session/bbd37991cd80103daa76f108f3796d35/elements - {"using":"xpath","value":"//span[contains(@id ,\"contractDetailTitleNoExpanded\")]"}
RESULT: {"using":"xpath","value":"//span[contains(@id ,\"contractDetailTitleNoExpanded\")]"}
COMMAND: POST /session/bbd37991cd80103daa76f108f3796d35/execute/sync - {"script":"<script> [56 bytes]","args":[{"element-6066-11e4-a52e-4f735466cecf":"f.BCC40A51FB0F962C15E825EB75C92327.d.55557152BC18D8EB163A46C4ABC773C9.e.11205","ELEMENT":"f.BCC40A51FB0F962C15E825EB75C92327.d.55557152BC18D8EB163A46C4ABC773C9.e.11205"}]}
RESULT: {"script":"<script> [56 bytes]","args":[{"element-6066-11e4-a52e-4f735466cecf":"f.BCC40A51FB0F962C15E825EB75C92327.d.55557152BC18D8EB163A46C4ABC773C9.e.11205","ELEMENT":"f.BCC40A51FB0F962C15E825EB75C92327.d.55557152BC18D8EB163A46C4ABC773C9.e.11205"}]}
COMMAND: GET /session/bbd37991cd80103daa76f108f3796d35/screenshot - {}
RESULT: {}
]]></system-out>
    </testcase>
    <testcase classname="chrome.135_0_7049_96.windows.Billing_Transfer_-_Intracompany_US127249" name="Should add equipment to the contract" time="48.138">
      <system-out><![CDATA[
COMMAND: POST /session/bbd37991cd80103daa76f108f3796d35/element - {"using":"xpath","value":"//button[@data-kt=\"contractDetailEditBtnButton\"]"}
RESULT: {"using":"xpath","value":"//button[@data-kt=\"contractDetailEditBtnButton\"]"}
COMMAND: POST /session/bbd37991cd80103daa76f108f3796d35/element/f.BCC40A51FB0F962C15E825EB75C92327.d.55557152BC18D8EB163A46C4ABC773C9.e.11206/click - {}
RESULT: {}
COMMAND: GET /session/bbd37991cd80103daa76f108f3796d35/screenshot - {}
RESULT: {}
COMMAND: POST /session/bbd37991cd80103daa76f108f3796d35/element - {"using":"xpath","value":"(//span[contains(text(), \"Additional Addresses\")])[2]"}
RESULT: {"using":"xpath","value":"(//span[contains(text(), \"Additional Addresses\")])[2]"}
COMMAND: POST /session/bbd37991cd80103daa76f108f3796d35/element/f.BCC40A51FB0F962C15E825EB75C92327.d.55557152BC18D8EB163A46C4ABC773C9.e.11260/click - {}
RESULT: {}
COMMAND: GET /session/bbd37991cd80103daa76f108f3796d35/screenshot - {}
RESULT: {}
COMMAND: POST /session/bbd37991cd80103daa76f108f3796d35/element - {"using":"xpath","value":"//button[@data-kt=\"btnAddTableRowOverflowToolbarButton\"]"}
RESULT: {"using":"xpath","value":"//button[@data-kt=\"btnAddTableRowOverflowToolbarButton\"]"}
COMMAND: POST /session/bbd37991cd80103daa76f108f3796d35/element/f.BCC40A51FB0F962C15E825EB75C92327.d.55557152BC18D8EB163A46C4ABC773C9.e.11264/click - {}
RESULT: {}
COMMAND: GET /session/bbd37991cd80103daa76f108f3796d35/screenshot - {}
RESULT: {}
COMMAND: POST /session/bbd37991cd80103daa76f108f3796d35/element - {"using":"xpath","value":"//div[(text() = 'Standard Entry' or . = 'Standard Entry')]"}
RESULT: {"using":"xpath","value":"//div[(text() = 'Standard Entry' or . = 'Standard Entry')]"}
COMMAND: POST /session/bbd37991cd80103daa76f108f3796d35/element/f.BCC40A51FB0F962C15E825EB75C92327.d.55557152BC18D8EB163A46C4ABC773C9.e.11266/click - {}
RESULT: {}
COMMAND: GET /session/bbd37991cd80103daa76f108f3796d35/screenshot - {}
RESULT: {}
COMMAND: POST /session/bbd37991cd80103daa76f108f3796d35/element - {"using":"xpath","value":"//td[7]/div/div/input"}
RESULT: {"using":"xpath","value":"//td[7]/div/div/input"}
COMMAND: POST /session/bbd37991cd80103daa76f108f3796d35/element/f.BCC40A51FB0F962C15E825EB75C92327.d.55557152BC18D8EB163A46C4ABC773C9.e.11275/clear - {}
RESULT: {}
COMMAND: POST /session/bbd37991cd80103daa76f108f3796d35/element/f.BCC40A51FB0F962C15E825EB75C92327.d.55557152BC18D8EB163A46C4ABC773C9.e.11275/value - {"text":"RGacpoCYj2"}
COMMAND: GET /session/bbd37991cd80103daa76f108f3796d35/screenshot - {}
RESULT: {"text":"RGacpoCYj2"}
COMMAND: GET /session/bbd37991cd80103daa76f108f3796d35/screenshot - {}
RESULT: {}
RESULT: {}
COMMAND: POST /session/bbd37991cd80103daa76f108f3796d35/actions - {"actions":[{"id":"action40","type":"key","parameters":{},"actions":[{"type":"keyDown","value":"î€‡"},{"type":"pause","duration":10},{"type":"keyUp","value":"î€‡"}]}]}
RESULT: {"actions":[{"id":"action40","type":"key","parameters":{},"actions":[{"type":"keyDown","value":"î€‡"},{"type":"pause","duration":10},{"type":"keyUp","value":"î€‡"}]}]}
COMMAND: GET /session/bbd37991cd80103daa76f108f3796d35/screenshot - {}
RESULT: {}
COMMAND: POST /session/bbd37991cd80103daa76f108f3796d35/execute/sync - {"script":"<script> [276 bytes]","args":["No pricing information was found"]}
RESULT: {"script":"<script> [276 bytes]","args":["No pricing information was found"]}
COMMAND: POST /session/bbd37991cd80103daa76f108f3796d35/element - {"using":"xpath","value":"(//button[@data-kt=\"saveButton\"])[2]"}
COMMAND: GET /session/bbd37991cd80103daa76f108f3796d35/screenshot - {}
RESULT: {"using":"xpath","value":"(//button[@data-kt=\"saveButton\"])[2]"}
COMMAND: POST /session/bbd37991cd80103daa76f108f3796d35/element/f.BCC40A51FB0F962C15E825EB75C92327.d.55557152BC18D8EB163A46C4ABC773C9.e.11290/click - {}
RESULT: {}
RESULT: {}
COMMAND: GET /session/bbd37991cd80103daa76f108f3796d35/screenshot - {}
RESULT: {}
COMMAND: POST /session/bbd37991cd80103daa76f108f3796d35/execute/sync - {"script":"<script> [276 bytes]","args":["Some contract items are having rental validity exceeding header rental validity"]}
RESULT: {"script":"<script> [276 bytes]","args":["Some contract items are having rental validity exceeding header rental validity"]}
COMMAND: GET /session/bbd37991cd80103daa76f108f3796d35/screenshot - {}
RESULT: {}
COMMAND: POST /session/bbd37991cd80103daa76f108f3796d35/element - {"using":"xpath","value":"//span[contains(@id ,\"contractItemsSmartTable-header-inner\")]"}
RESULT: {"using":"xpath","value":"//span[contains(@id ,\"contractItemsSmartTable-header-inner\")]"}
COMMAND: POST /session/bbd37991cd80103daa76f108f3796d35/elements - {"using":"xpath","value":"//span[contains(@id ,\"contractItemsSmartTable-header-inner\")]"}
RESULT: {"using":"xpath","value":"//span[contains(@id ,\"contractItemsSmartTable-header-inner\")]"}
COMMAND: POST /session/bbd37991cd80103daa76f108f3796d35/execute/sync - {"script":"<script> [56 bytes]","args":[{"element-6066-11e4-a52e-4f735466cecf":"f.BCC40A51FB0F962C15E825EB75C92327.d.55557152BC18D8EB163A46C4ABC773C9.e.11296","ELEMENT":"f.BCC40A51FB0F962C15E825EB75C92327.d.55557152BC18D8EB163A46C4ABC773C9.e.11296"}]}
RESULT: {"script":"<script> [56 bytes]","args":[{"element-6066-11e4-a52e-4f735466cecf":"f.BCC40A51FB0F962C15E825EB75C92327.d.55557152BC18D8EB163A46C4ABC773C9.e.11296","ELEMENT":"f.BCC40A51FB0F962C15E825EB75C92327.d.55557152BC18D8EB163A46C4ABC773C9.e.11296"}]}
COMMAND: GET /session/bbd37991cd80103daa76f108f3796d35/screenshot - {}
]]></system-out>
    </testcase>
    <testcase classname="chrome.135_0_7049_96.windows.Billing_Transfer_-_Intracompany_US127249" name="Should do a provide to site handover" time="50.577">
      <system-out><![CDATA[
COMMAND: POST /session/bbd37991cd80103daa76f108f3796d35/element - {"using":"xpath","value":"//button[@data-kt=\"provideButton\"]"}
RESULT: {}
RESULT: {"using":"xpath","value":"//button[@data-kt=\"provideButton\"]"}
COMMAND: POST /session/bbd37991cd80103daa76f108f3796d35/element/f.BCC40A51FB0F962C15E825EB75C92327.d.55557152BC18D8EB163A46C4ABC773C9.e.11297/click - {}
RESULT: {}
COMMAND: GET /session/bbd37991cd80103daa76f108f3796d35/screenshot - {}
RESULT: undefined
COMMAND: POST /session/bbd37991cd80103daa76f108f3796d35/execute/async - {"script":"<script> [6424 bytes]","args":[{"element-6066-11e4-a52e-4f735466cecf":"f.BCC40A51FB0F962C15E825EB75C92327.d.55557152BC18D8EB163A46C4ABC773C9.e.10331"},"setValue",["05/04/2025"]]}
RESULT: {}
COMMAND: POST /session/bbd37991cd80103daa76f108f3796d35/execute/async - {"script":"<script> [1562 bytes]","args":[{"selector":{"id":"application-managehandovers-display-component---AddNewHO--dueDate","interaction":{"idSuffix":"inner"}},"wdio_ui5_key":"applicationmanagehandovers-display-component---AddNewHO--dueDate"}]}
RESULT: {"script":"<script> [1562 bytes]","args":[{"selector":{"id":"application-managehandovers-display-component---AddNewHO--dueDate","interaction":{"idSuffix":"inner"}},"wdio_ui5_key":"applicationmanagehandovers-display-component---AddNewHO--dueDate"}]}
COMMAND: POST /session/bbd37991cd80103daa76f108f3796d35/execute/async - {"script":"<script> [6424 bytes]","args":[{"element-6066-11e4-a52e-4f735466cecf":"f.BCC40A51FB0F962C15E825EB75C92327.d.55557152BC18D8EB163A46C4ABC773C9.e.11387"},"setValue",["05/04/2025"]]}
RESULT: {"script":"<script> [6424 bytes]","args":[{"element-6066-11e4-a52e-4f735466cecf":"f.BCC40A51FB0F962C15E825EB75C92327.d.55557152BC18D8EB163A46C4ABC773C9.e.11387"},"setValue",["05/04/2025"]]}
COMMAND: POST /session/bbd37991cd80103daa76f108f3796d35/element - {"using":"xpath","value":"//bdi[contains(text(), \"Instructions\")]"}
RESULT: {"using":"xpath","value":"//bdi[contains(text(), \"Instructions\")]"}
COMMAND: POST /session/bbd37991cd80103daa76f108f3796d35/element/f.BCC40A51FB0F962C15E825EB75C92327.d.55557152BC18D8EB163A46C4ABC773C9.e.11607/click - {}
RESULT: {}
COMMAND: GET /session/bbd37991cd80103daa76f108f3796d35/screenshot - {}
RESULT: {}
COMMAND: POST /session/bbd37991cd80103daa76f108f3796d35/element - {"using":"xpath","value":"//button[@data-kt=\"AddNewHOProvideAddItemsButton\"]"}
RESULT: {"using":"xpath","value":"//button[@data-kt=\"AddNewHOProvideAddItemsButton\"]"}
COMMAND: POST /session/bbd37991cd80103daa76f108f3796d35/element/f.BCC40A51FB0F962C15E825EB75C92327.d.55557152BC18D8EB163A46C4ABC773C9.e.11611/click - {}
RESULT: {}
COMMAND: GET /session/bbd37991cd80103daa76f108f3796d35/screenshot - {}
RESULT: {}
RESULT: undefined
COMMAND: POST /session/bbd37991cd80103daa76f108f3796d35/element - {"using":"xpath","value":"//*[@id=\"application-managehandovers-display-component---AddNewHO--popup-sa\"]"}
RESULT: {"using":"xpath","value":"//*[@id=\"application-managehandovers-display-component---AddNewHO--popup-sa\"]"}
COMMAND: POST /session/bbd37991cd80103daa76f108f3796d35/element/f.BCC40A51FB0F962C15E825EB75C92327.d.55557152BC18D8EB163A46C4ABC773C9.e.11620/click - {}
RESULT: {}
COMMAND: GET /session/bbd37991cd80103daa76f108f3796d35/screenshot - {}
RESULT: {}
COMMAND: POST /session/bbd37991cd80103daa76f108f3796d35/element - {"using":"xpath","value":"//*[contains(@id ,\"BDI-content\")][contains(text(), \"Select\")]"}
RESULT: {"using":"xpath","value":"//*[contains(@id ,\"BDI-content\")][contains(text(), \"Select\")]"}
COMMAND: POST /session/bbd37991cd80103daa76f108f3796d35/element/f.BCC40A51FB0F962C15E825EB75C92327.d.55557152BC18D8EB163A46C4ABC773C9.e.11622/click - {}
RESULT: {}
COMMAND: GET /session/bbd37991cd80103daa76f108f3796d35/screenshot - {}
RESULT: {}
COMMAND: POST /session/bbd37991cd80103daa76f108f3796d35/execute/async - {"script":"<script> [1562 bytes]","args":[{"selector":{"id":"application-managehandovers-display-component---AddNewHO--confirmCreationButton","interaction":{"idSuffix":"BDI-content"}},"wdio_ui5_key":"applicationmanagehandovers-display-component---AddNewHO--confirmCreationButton"}]}
RESULT: {"script":"<script> [1562 bytes]","args":[{"selector":{"id":"application-managehandovers-display-component---AddNewHO--confirmCreationButton","interaction":{"idSuffix":"BDI-content"}},"wdio_ui5_key":"applicationmanagehandovers-display-component---AddNewHO--confirmCreationButton"}]}
RESULT: undefined
COMMAND: POST /session/bbd37991cd80103daa76f108f3796d35/element - {"using":"xpath","value":"//*[@id=\"application-managehandovers-display-component---AddNewHO--confirmCreationButton\"]"}
RESULT: {"using":"xpath","value":"//*[@id=\"application-managehandovers-display-component---AddNewHO--confirmCreationButton\"]"}
COMMAND: POST /session/bbd37991cd80103daa76f108f3796d35/element/f.BCC40A51FB0F962C15E825EB75C92327.d.55557152BC18D8EB163A46C4ABC773C9.e.11434/click - {}
RESULT: {}
COMMAND: GET /session/bbd37991cd80103daa76f108f3796d35/screenshot - {}
RESULT: {}
COMMAND: POST /session/bbd37991cd80103daa76f108f3796d35/element - {"using":"xpath","value":"//button[@data-kt=\"PickingTableConfirmAllButton\"]"}
RESULT: {"using":"xpath","value":"//button[@data-kt=\"PickingTableConfirmAllButton\"]"}
COMMAND: POST /session/bbd37991cd80103daa76f108f3796d35/element/f.BCC40A51FB0F962C15E825EB75C92327.d.55557152BC18D8EB163A46C4ABC773C9.e.11677/click - {}
RESULT: {}
COMMAND: GET /session/bbd37991cd80103daa76f108f3796d35/screenshot - {}
RESULT: {}
COMMAND: POST /session/bbd37991cd80103daa76f108f3796d35/element - {"using":"xpath","value":"//bdi[contains(text(), \"OK\")]"}
RESULT: {"using":"xpath","value":"//bdi[contains(text(), \"OK\")]"}
COMMAND: POST /session/bbd37991cd80103daa76f108f3796d35/element/f.BCC40A51FB0F962C15E825EB75C92327.d.55557152BC18D8EB163A46C4ABC773C9.e.11681/click - {}
RESULT: {}
COMMAND: GET /session/bbd37991cd80103daa76f108f3796d35/screenshot - {}
RESULT: {}
COMMAND: POST /session/bbd37991cd80103daa76f108f3796d35/element - {"using":"xpath","value":"//bdi[contains(text(), \"Issue\")]"}
RESULT: {"using":"xpath","value":"//bdi[contains(text(), \"Issue\")]"}
COMMAND: POST /session/bbd37991cd80103daa76f108f3796d35/element/f.BCC40A51FB0F962C15E825EB75C92327.d.55557152BC18D8EB163A46C4ABC773C9.e.11682/click - {}
RESULT: {}
COMMAND: GET /session/bbd37991cd80103daa76f108f3796d35/screenshot - {}
RESULT: {}
COMMAND: POST /session/bbd37991cd80103daa76f108f3796d35/element - {"using":"css selector","value":"#shell-header-logo"}
RESULT: {"using":"css selector","value":"#shell-header-logo"}
COMMAND: POST /session/bbd37991cd80103daa76f108f3796d35/element/f.BCC40A51FB0F962C15E825EB75C92327.d.55557152BC18D8EB163A46C4ABC773C9.e.10744/click - {}
RESULT: {}
COMMAND: GET /session/bbd37991cd80103daa76f108f3796d35/screenshot - {}
RESULT: {}
]]></system-out>
    </testcase>
    <testcase classname="chrome.135_0_7049_96.windows.Billing_Transfer_-_Intracompany_US127249" name="Should go navigate to Manage Billings and trigger contract calculation check result" time="56.744">
      <system-out><![CDATA[
COMMAND: POST /session/bbd37991cd80103daa76f108f3796d35/execute/async - {"script":"<script> [1562 bytes]","args":[{"selector":{"controlType":"sap.m.GenericTile","properties":{"header":"Manage Billings"}},"wdio_ui5_key":"sapm.GenericTile{\"header\":\"Manage Billings\"}"}]}
RESULT: {"script":"<script> [1562 bytes]","args":[{"selector":{"controlType":"sap.m.GenericTile","properties":{"header":"Manage Billings"}},"wdio_ui5_key":"sapm.GenericTile{\"header\":\"Manage Billings\"}"}]}
RESULT: undefined
COMMAND: POST /session/bbd37991cd80103daa76f108f3796d35/element - {"using":"xpath","value":"//*[@id=\"__tile91\"]"}
RESULT: {"using":"xpath","value":"//*[@id=\"__tile91\"]"}
COMMAND: POST /session/bbd37991cd80103daa76f108f3796d35/element/f.BCC40A51FB0F962C15E825EB75C92327.d.55557152BC18D8EB163A46C4ABC773C9.e.8973/click - {}
RESULT: {}
COMMAND: GET /session/bbd37991cd80103daa76f108f3796d35/screenshot - {}
RESULT: {}
COMMAND: POST /session/bbd37991cd80103daa76f108f3796d35/execute/async - {"script":"<script> [1562 bytes]","args":[{"selector":{"id":"application-managebillings-display-component---billRunCalcResult--smartFilterBar-btnBasicSearch","interaction":{"idSuffix":"I"}},"wdio_ui5_key":"applicationmanagebillings-display-component---billRunCalcResult--smartFilterBar-btnBasicSearch"}]}
RESULT: {"script":"<script> [1562 bytes]","args":[{"selector":{"id":"application-managebillings-display-component---billRunCalcResult--smartFilterBar-btnBasicSearch","interaction":{"idSuffix":"I"}},"wdio_ui5_key":"applicationmanagebillings-display-component---billRunCalcResult--smartFilterBar-btnBasicSearch"}]}
RESULT: undefined
COMMAND: POST /session/bbd37991cd80103daa76f108f3796d35/execute/async - {"script":"<script> [776 bytes]","args":[{"enterText":"10504","selector":{"id":"application-managebillings-display-component---billRunCalcResult--smartFilterBar-btnBasicSearch","interaction":{"idSuffix":"I"}},"clearTextFirst":true,"interactionType":"ENTER_TEXT"}]}
RESULT: {"script":"<script> [776 bytes]","args":[{"enterText":"10504","selector":{"id":"application-managebillings-display-component---billRunCalcResult--smartFilterBar-btnBasicSearch","interaction":{"idSuffix":"I"}},"clearTextFirst":true,"interactionType":"ENTER_TEXT"}]}
COMMAND: POST /session/bbd37991cd80103daa76f108f3796d35/actions - {"actions":[{"id":"action41","type":"key","parameters":{},"actions":[{"type":"keyDown","value":"î€‡"},{"type":"pause","duration":10},{"type":"keyUp","value":"î€‡"}]}]}
RESULT: {"actions":[{"id":"action41","type":"key","parameters":{},"actions":[{"type":"keyDown","value":"î€‡"},{"type":"pause","duration":10},{"type":"keyUp","value":"î€‡"}]}]}
COMMAND: GET /session/bbd37991cd80103daa76f108f3796d35/screenshot - {}
RESULT: {}
COMMAND: POST /session/bbd37991cd80103daa76f108f3796d35/element - {"using":"xpath","value":"//td[@aria-colindex=\"1\"]/div/div[contains(@class, \"sapMCbBg\")]"}
RESULT: {"using":"xpath","value":"//td[@aria-colindex=\"1\"]/div/div[contains(@class, \"sapMCbBg\")]"}
COMMAND: POST /session/bbd37991cd80103daa76f108f3796d35/element/f.BCC40A51FB0F962C15E825EB75C92327.d.55557152BC18D8EB163A46C4ABC773C9.e.12073/click - {}
RESULT: {}
COMMAND: GET /session/bbd37991cd80103daa76f108f3796d35/screenshot - {}
RESULT: {}
COMMAND: POST /session/bbd37991cd80103daa76f108f3796d35/execute/async - {"script":"<script> [1562 bytes]","args":[{"selector":{"id":"application-managebillings-display-component---billRunCalcResult--contractBillRunDate","interaction":{"idSuffix":"inner"}},"wdio_ui5_key":"applicationmanagebillings-display-component---billRunCalcResult--contractBillRunDate"}]}
RESULT: {"script":"<script> [1562 bytes]","args":[{"selector":{"id":"application-managebillings-display-component---billRunCalcResult--contractBillRunDate","interaction":{"idSuffix":"inner"}},"wdio_ui5_key":"applicationmanagebillings-display-component---billRunCalcResult--contractBillRunDate"}]}
RESULT: undefined
COMMAND: POST /session/bbd37991cd80103daa76f108f3796d35/execute/async - {"script":"<script> [776 bytes]","args":[{"enterText":"05/04/25","selector":{"id":"application-managebillings-display-component---billRunCalcResult--contractBillRunDate","interaction":{"idSuffix":"inner"}},"clearTextFirst":true,"interactionType":"ENTER_TEXT"}]}
RESULT: {"script":"<script> [776 bytes]","args":[{"enterText":"05/04/25","selector":{"id":"application-managebillings-display-component---billRunCalcResult--contractBillRunDate","interaction":{"idSuffix":"inner"}},"clearTextFirst":true,"interactionType":"ENTER_TEXT"}]}
COMMAND: POST /session/bbd37991cd80103daa76f108f3796d35/element - {"using":"xpath","value":"//bdi[contains(text(), \"Trigger Calculation\")]"}
RESULT: {"using":"xpath","value":"//bdi[contains(text(), \"Trigger Calculation\")]"}
COMMAND: POST /session/bbd37991cd80103daa76f108f3796d35/element/f.BCC40A51FB0F962C15E825EB75C92327.d.55557152BC18D8EB163A46C4ABC773C9.e.12125/click - {}
RESULT: {}
COMMAND: GET /session/bbd37991cd80103daa76f108f3796d35/screenshot - {}
RESULT: {}
COMMAND: POST /session/bbd37991cd80103daa76f108f3796d35/element - {"using":"xpath","value":"(//span[contains(@id, \"imgNav\")])[1]"}
RESULT: {"using":"xpath","value":"(//span[contains(@id, \"imgNav\")])[1]"}
COMMAND: POST /session/bbd37991cd80103daa76f108f3796d35/element/f.BCC40A51FB0F962C15E825EB75C92327.d.55557152BC18D8EB163A46C4ABC773C9.e.12074/click - {}
RESULT: {}
COMMAND: GET /session/bbd37991cd80103daa76f108f3796d35/screenshot - {}
RESULT: {}
COMMAND: POST /session/bbd37991cd80103daa76f108f3796d35/element - {"using":"xpath","value":"//tr/td[6]/div[1]/span[1]/span[1]"}
RESULT: {"using":"xpath","value":"//tr/td[6]/div[1]/span[1]/span[1]"}
COMMAND: GET /session/bbd37991cd80103daa76f108f3796d35/element/f.BCC40A51FB0F962C15E825EB75C92327.d.55557152BC18D8EB163A46C4ABC773C9.e.12129/text - {}
RESULT: {}
COMMAND: POST /session/bbd37991cd80103daa76f108f3796d35/element - {"using":"xpath","value":"(//span[contains(@id, \"imgNav\")])[2]"}
RESULT: {"using":"xpath","value":"(//span[contains(@id, \"imgNav\")])[2]"}
COMMAND: POST /session/bbd37991cd80103daa76f108f3796d35/element/f.BCC40A51FB0F962C15E825EB75C92327.d.55557152BC18D8EB163A46C4ABC773C9.e.12130/click - {}
RESULT: {}
COMMAND: POST /session/bbd37991cd80103daa76f108f3796d35/element - {"using":"xpath","value":"//bdi[contains(text(), \"Business Confirm\")]"}
COMMAND: GET /session/bbd37991cd80103daa76f108f3796d35/screenshot - {}
RESULT: {"using":"xpath","value":"//bdi[contains(text(), \"Business Confirm\")]"}
COMMAND: POST /session/bbd37991cd80103daa76f108f3796d35/elements - {"using":"xpath","value":"//bdi[contains(text(), \"Business Confirm\")]"}
RESULT: {}
RESULT: {"using":"xpath","value":"//bdi[contains(text(), \"Business Confirm\")]"}
COMMAND: POST /session/bbd37991cd80103daa76f108f3796d35/element - {"using":"xpath","value":"//bdi[contains(text(), \"Business Confirm\")]"}
RESULT: {"using":"xpath","value":"//bdi[contains(text(), \"Business Confirm\")]"}
COMMAND: POST /session/bbd37991cd80103daa76f108f3796d35/element/f.BCC40A51FB0F962C15E825EB75C92327.d.55557152BC18D8EB163A46C4ABC773C9.e.12180/click - {}
RESULT: {}
COMMAND: POST /session/bbd37991cd80103daa76f108f3796d35/element - {"using":"css selector","value":"#shell-header-logo"}
COMMAND: GET /session/bbd37991cd80103daa76f108f3796d35/screenshot - {}
RESULT: {"using":"css selector","value":"#shell-header-logo"}
COMMAND: POST /session/bbd37991cd80103daa76f108f3796d35/element/f.BCC40A51FB0F962C15E825EB75C92327.d.55557152BC18D8EB163A46C4ABC773C9.e.11863/click - {}
RESULT: {}
RESULT: {}
COMMAND: GET /session/bbd37991cd80103daa76f108f3796d35/screenshot - {}
RESULT: {}
]]></system-out>
    </testcase>
    <testcase classname="chrome.135_0_7049_96.windows.Billing_Transfer_-_Intracompany_US127249" name="Should navigate to billing transfer and invoice the contract" time="69.546">
      <system-out><![CDATA[
COMMAND: POST /session/bbd37991cd80103daa76f108f3796d35/execute/async - {"script":"<script> [1562 bytes]","args":[{"selector":{"controlType":"sap.m.GenericTile","properties":{"header":"Billing Transfer"}},"wdio_ui5_key":"sapm.GenericTile{\"header\":\"Billing Transfer\"}"}]}
RESULT: {"script":"<script> [1562 bytes]","args":[{"selector":{"controlType":"sap.m.GenericTile","properties":{"header":"Billing Transfer"}},"wdio_ui5_key":"sapm.GenericTile{\"header\":\"Billing Transfer\"}"}]}
RESULT: undefined
COMMAND: POST /session/bbd37991cd80103daa76f108f3796d35/element - {"using":"xpath","value":"//*[@id=\"__tile90\"]"}
RESULT: {"using":"xpath","value":"//*[@id=\"__tile90\"]"}
COMMAND: POST /session/bbd37991cd80103daa76f108f3796d35/element/f.BCC40A51FB0F962C15E825EB75C92327.d.55557152BC18D8EB163A46C4ABC773C9.e.8970/click - {}
RESULT: {}
COMMAND: POST /session/bbd37991cd80103daa76f108f3796d35/element - {"using":"xpath","value":"//input[contains(@id ,\"application-billingtransfer-display-component---billingWorkbench--smartFilterBar-btnBasicSearch\")]"}
COMMAND: GET /session/bbd37991cd80103daa76f108f3796d35/screenshot - {}
RESULT: {"using":"xpath","value":"//input[contains(@id ,\"application-billingtransfer-display-component---billingWorkbench--smartFilterBar-btnBasicSearch\")]"}
COMMAND: POST /session/bbd37991cd80103daa76f108f3796d35/elements - {"using":"xpath","value":"//input[contains(@id ,\"application-billingtransfer-display-component---billingWorkbench--smartFilterBar-btnBasicSearch\")]"}
RESULT: {}
RESULT: {"using":"xpath","value":"//input[contains(@id ,\"application-billingtransfer-display-component---billingWorkbench--smartFilterBar-btnBasicSearch\")]"}
COMMAND: POST /session/bbd37991cd80103daa76f108f3796d35/elements - {"using":"xpath","value":"//input[contains(@id ,\"application-billingtransfer-display-component---billingWorkbench--smartFilterBar-btnBasicSearch\")]"}
RESULT: {"using":"xpath","value":"//input[contains(@id ,\"application-billingtransfer-display-component---billingWorkbench--smartFilterBar-btnBasicSearch\")]"}
COMMAND: POST /session/bbd37991cd80103daa76f108f3796d35/element - {"using":"xpath","value":"//input[contains(@id ,\"application-billingtransfer-display-component---billingWorkbench--smartFilterBar-btnBasicSearch\")]"}
RESULT: {"using":"xpath","value":"//input[contains(@id ,\"application-billingtransfer-display-component---billingWorkbench--smartFilterBar-btnBasicSearch\")]"}
COMMAND: POST /session/bbd37991cd80103daa76f108f3796d35/execute/sync - {"script":"<script> [8489 bytes]","args":[{"element-6066-11e4-a52e-4f735466cecf":"f.BCC40A51FB0F962C15E825EB75C92327.d.55557152BC18D8EB163A46C4ABC773C9.e.12212","ELEMENT":"f.BCC40A51FB0F962C15E825EB75C92327.d.55557152BC18D8EB163A46C4ABC773C9.e.12212"}]}
RESULT: {"script":"<script> [8489 bytes]","args":[{"element-6066-11e4-a52e-4f735466cecf":"f.BCC40A51FB0F962C15E825EB75C92327.d.55557152BC18D8EB163A46C4ABC773C9.e.12212","ELEMENT":"f.BCC40A51FB0F962C15E825EB75C92327.d.55557152BC18D8EB163A46C4ABC773C9.e.12212"}]}
COMMAND: GET /session/bbd37991cd80103daa76f108f3796d35/element/f.BCC40A51FB0F962C15E825EB75C92327.d.55557152BC18D8EB163A46C4ABC773C9.e.12212/enabled - {}
COMMAND: GET /session/bbd37991cd80103daa76f108f3796d35/screenshot - {}
RESULT: {}
COMMAND: POST /session/bbd37991cd80103daa76f108f3796d35/element/f.BCC40A51FB0F962C15E825EB75C92327.d.55557152BC18D8EB163A46C4ABC773C9.e.12212/click - {}
COMMAND: GET /session/bbd37991cd80103daa76f108f3796d35/screenshot - {}
RESULT: {}
RESULT: {}
COMMAND: GET /session/bbd37991cd80103daa76f108f3796d35/screenshot - {}
RESULT: {}
RESULT: {}
COMMAND: POST /session/bbd37991cd80103daa76f108f3796d35/element/f.BCC40A51FB0F962C15E825EB75C92327.d.55557152BC18D8EB163A46C4ABC773C9.e.12212/clear - {}
RESULT: {}
COMMAND: POST /session/bbd37991cd80103daa76f108f3796d35/element/f.BCC40A51FB0F962C15E825EB75C92327.d.55557152BC18D8EB163A46C4ABC773C9.e.12212/value - {"text":"10504"}
COMMAND: GET /session/bbd37991cd80103daa76f108f3796d35/screenshot - {}
RESULT: {"text":"10504"}
COMMAND: POST /session/bbd37991cd80103daa76f108f3796d35/actions - {"actions":[{"id":"action42","type":"key","parameters":{},"actions":[{"type":"keyDown","value":"î€‡"},{"type":"pause","duration":10},{"type":"keyUp","value":"î€‡"}]}]}
COMMAND: GET /session/bbd37991cd80103daa76f108f3796d35/screenshot - {}
RESULT: {}
RESULT: {"actions":[{"id":"action42","type":"key","parameters":{},"actions":[{"type":"keyDown","value":"î€‡"},{"type":"pause","duration":10},{"type":"keyUp","value":"î€‡"}]}]}
COMMAND: GET /session/bbd37991cd80103daa76f108f3796d35/screenshot - {}
RESULT: {}
RESULT: {}
COMMAND: POST /session/bbd37991cd80103daa76f108f3796d35/element - {"using":"xpath","value":"//span[contains(@id ,\"application-billingtransfer-display-component---billingWorkbench--smartTableBillingRuns-header-inner\")]"}
RESULT: {"using":"xpath","value":"//span[contains(@id ,\"application-billingtransfer-display-component---billingWorkbench--smartTableBillingRuns-header-inner\")]"}
COMMAND: POST /session/bbd37991cd80103daa76f108f3796d35/elements - {"using":"xpath","value":"//span[contains(@id ,\"application-billingtransfer-display-component---billingWorkbench--smartTableBillingRuns-header-inner\")]"}
RESULT: {"using":"xpath","value":"//span[contains(@id ,\"application-billingtransfer-display-component---billingWorkbench--smartTableBillingRuns-header-inner\")]"}
COMMAND: POST /session/bbd37991cd80103daa76f108f3796d35/execute/sync - {"script":"<script> [56 bytes]","args":[{"element-6066-11e4-a52e-4f735466cecf":"f.BCC40A51FB0F962C15E825EB75C92327.d.55557152BC18D8EB163A46C4ABC773C9.e.12437","ELEMENT":"f.BCC40A51FB0F962C15E825EB75C92327.d.55557152BC18D8EB163A46C4ABC773C9.e.12437"}]}
RESULT: {"script":"<script> [56 bytes]","args":[{"element-6066-11e4-a52e-4f735466cecf":"f.BCC40A51FB0F962C15E825EB75C92327.d.55557152BC18D8EB163A46C4ABC773C9.e.12437","ELEMENT":"f.BCC40A51FB0F962C15E825EB75C92327.d.55557152BC18D8EB163A46C4ABC773C9.e.12437"}]}
COMMAND: POST /session/bbd37991cd80103daa76f108f3796d35/element - {"using":"xpath","value":"//td[@aria-colindex=\"1\"]/div/div[contains(@class, \"sapMCbBg\")]"}
COMMAND: GET /session/bbd37991cd80103daa76f108f3796d35/screenshot - {}
RESULT: {"using":"xpath","value":"//td[@aria-colindex=\"1\"]/div/div[contains(@class, \"sapMCbBg\")]"}
COMMAND: POST /session/bbd37991cd80103daa76f108f3796d35/element/f.BCC40A51FB0F962C15E825EB75C92327.d.55557152BC18D8EB163A46C4ABC773C9.e.12428/click - {}
RESULT: {}
RESULT: {}
COMMAND: GET /session/bbd37991cd80103daa76f108f3796d35/screenshot - {}
RESULT: {}
COMMAND: POST /session/bbd37991cd80103daa76f108f3796d35/element - {"using":"xpath","value":"//bdi[contains(text(), \"Check\")]"}
RESULT: {"using":"xpath","value":"//bdi[contains(text(), \"Check\")]"}
COMMAND: POST /session/bbd37991cd80103daa76f108f3796d35/element/f.BCC40A51FB0F962C15E825EB75C92327.d.55557152BC18D8EB163A46C4ABC773C9.e.12438/click - {}
RESULT: {}
COMMAND: GET /session/bbd37991cd80103daa76f108f3796d35/screenshot - {}
RESULT: {}
COMMAND: POST /session/bbd37991cd80103daa76f108f3796d35/element - {"using":"xpath","value":"//bdi[contains(text(), \"OK\")]"}
RESULT: {"using":"xpath","value":"//bdi[contains(text(), \"OK\")]"}
COMMAND: POST /session/bbd37991cd80103daa76f108f3796d35/element/f.BCC40A51FB0F962C15E825EB75C92327.d.55557152BC18D8EB163A46C4ABC773C9.e.12441/click - {}
RESULT: {}
COMMAND: GET /session/bbd37991cd80103daa76f108f3796d35/screenshot - {}
RESULT: {}
COMMAND: POST /session/bbd37991cd80103daa76f108f3796d35/element - {"using":"xpath","value":"(//span[contains(text(), \"CO/SD checked\")]/parent::div/preceding-sibling::div/span)[1]"}
RESULT: {"using":"xpath","value":"(//span[contains(text(), \"CO/SD checked\")]/parent::div/preceding-sibling::div/span)[1]"}
COMMAND: POST /session/bbd37991cd80103daa76f108f3796d35/element/f.BCC40A51FB0F962C15E825EB75C92327.d.55557152BC18D8EB163A46C4ABC773C9.e.12442/click - {}
RESULT: {}
COMMAND: GET /session/bbd37991cd80103daa76f108f3796d35/screenshot - {}
RESULT: {}
COMMAND: POST /session/bbd37991cd80103daa76f108f3796d35/element - {"using":"xpath","value":"//input[contains(@id ,\"application-billingtransfer-display-component---billingWorkbench--smartFilterBar-btnBasicSearch\")]"}
RESULT: {"using":"xpath","value":"//input[contains(@id ,\"application-billingtransfer-display-component---billingWorkbench--smartFilterBar-btnBasicSearch\")]"}
COMMAND: POST /session/bbd37991cd80103daa76f108f3796d35/elements - {"using":"xpath","value":"//input[contains(@id ,\"application-billingtransfer-display-component---billingWorkbench--smartFilterBar-btnBasicSearch\")]"}
RESULT: {"using":"xpath","value":"//input[contains(@id ,\"application-billingtransfer-display-component---billingWorkbench--smartFilterBar-btnBasicSearch\")]"}
COMMAND: POST /session/bbd37991cd80103daa76f108f3796d35/execute/sync - {"script":"<script> [8489 bytes]","args":[{"element-6066-11e4-a52e-4f735466cecf":"f.BCC40A51FB0F962C15E825EB75C92327.d.55557152BC18D8EB163A46C4ABC773C9.e.12212","ELEMENT":"f.BCC40A51FB0F962C15E825EB75C92327.d.55557152BC18D8EB163A46C4ABC773C9.e.12212"}]}
RESULT: {"script":"<script> [8489 bytes]","args":[{"element-6066-11e4-a52e-4f735466cecf":"f.BCC40A51FB0F962C15E825EB75C92327.d.55557152BC18D8EB163A46C4ABC773C9.e.12212","ELEMENT":"f.BCC40A51FB0F962C15E825EB75C92327.d.55557152BC18D8EB163A46C4ABC773C9.e.12212"}]}
COMMAND: GET /session/bbd37991cd80103daa76f108f3796d35/element/f.BCC40A51FB0F962C15E825EB75C92327.d.55557152BC18D8EB163A46C4ABC773C9.e.12212/enabled - {}
COMMAND: GET /session/bbd37991cd80103daa76f108f3796d35/screenshot - {}
RESULT: {}
COMMAND: POST /session/bbd37991cd80103daa76f108f3796d35/element/f.BCC40A51FB0F962C15E825EB75C92327.d.55557152BC18D8EB163A46C4ABC773C9.e.12212/click - {}
COMMAND: GET /session/bbd37991cd80103daa76f108f3796d35/screenshot - {}
RESULT: {}
RESULT: {}
COMMAND: GET /session/bbd37991cd80103daa76f108f3796d35/screenshot - {}
RESULT: {}
RESULT: {}
COMMAND: POST /session/bbd37991cd80103daa76f108f3796d35/element/f.BCC40A51FB0F962C15E825EB75C92327.d.55557152BC18D8EB163A46C4ABC773C9.e.12212/clear - {}
RESULT: {}
COMMAND: POST /session/bbd37991cd80103daa76f108f3796d35/element/f.BCC40A51FB0F962C15E825EB75C92327.d.55557152BC18D8EB163A46C4ABC773C9.e.12212/value - {"text":"10504"}
COMMAND: GET /session/bbd37991cd80103daa76f108f3796d35/screenshot - {}
RESULT: {"text":"10504"}
COMMAND: POST /session/bbd37991cd80103daa76f108f3796d35/actions - {"actions":[{"id":"action43","type":"key","parameters":{},"actions":[{"type":"keyDown","value":"î€‡"},{"type":"pause","duration":10},{"type":"keyUp","value":"î€‡"}]}]}
COMMAND: GET /session/bbd37991cd80103daa76f108f3796d35/screenshot - {}
RESULT: {}
RESULT: {"actions":[{"id":"action43","type":"key","parameters":{},"actions":[{"type":"keyDown","value":"î€‡"},{"type":"pause","duration":10},{"type":"keyUp","value":"î€‡"}]}]}
COMMAND: GET /session/bbd37991cd80103daa76f108f3796d35/screenshot - {}
RESULT: {}
RESULT: {}
COMMAND: POST /session/bbd37991cd80103daa76f108f3796d35/element - {"using":"xpath","value":"//span[contains(@id ,\"application-billingtransfer-display-component---billingWorkbench--smartTableBillingRuns-header-inner\")]"}
RESULT: {"using":"xpath","value":"//span[contains(@id ,\"application-billingtransfer-display-component---billingWorkbench--smartTableBillingRuns-header-inner\")]"}
COMMAND: POST /session/bbd37991cd80103daa76f108f3796d35/elements - {"using":"xpath","value":"//span[contains(@id ,\"application-billingtransfer-display-component---billingWorkbench--smartTableBillingRuns-header-inner\")]"}
RESULT: {"using":"xpath","value":"//span[contains(@id ,\"application-billingtransfer-display-component---billingWorkbench--smartTableBillingRuns-header-inner\")]"}
COMMAND: POST /session/bbd37991cd80103daa76f108f3796d35/execute/sync - {"script":"<script> [56 bytes]","args":[{"element-6066-11e4-a52e-4f735466cecf":"f.BCC40A51FB0F962C15E825EB75C92327.d.55557152BC18D8EB163A46C4ABC773C9.e.12437","ELEMENT":"f.BCC40A51FB0F962C15E825EB75C92327.d.55557152BC18D8EB163A46C4ABC773C9.e.12437"}]}
RESULT: {"script":"<script> [56 bytes]","args":[{"element-6066-11e4-a52e-4f735466cecf":"f.BCC40A51FB0F962C15E825EB75C92327.d.55557152BC18D8EB163A46C4ABC773C9.e.12437","ELEMENT":"f.BCC40A51FB0F962C15E825EB75C92327.d.55557152BC18D8EB163A46C4ABC773C9.e.12437"}]}
COMMAND: POST /session/bbd37991cd80103daa76f108f3796d35/element - {"using":"xpath","value":"//td[@aria-colindex=\"1\"]/div/div[contains(@class, \"sapMCbBg\")]"}
COMMAND: GET /session/bbd37991cd80103daa76f108f3796d35/screenshot - {}
RESULT: {"using":"xpath","value":"//td[@aria-colindex=\"1\"]/div/div[contains(@class, \"sapMCbBg\")]"}
COMMAND: POST /session/bbd37991cd80103daa76f108f3796d35/element/f.BCC40A51FB0F962C15E825EB75C92327.d.55557152BC18D8EB163A46C4ABC773C9.e.12446/click - {}
RESULT: {}
RESULT: {}
COMMAND: GET /session/bbd37991cd80103daa76f108f3796d35/screenshot - {}
RESULT: {}
COMMAND: POST /session/bbd37991cd80103daa76f108f3796d35/element - {"using":"xpath","value":"//bdi[text()=\"Transfer\"]"}
RESULT: {"using":"xpath","value":"//bdi[text()=\"Transfer\"]"}
COMMAND: POST /session/bbd37991cd80103daa76f108f3796d35/element/f.BCC40A51FB0F962C15E825EB75C92327.d.55557152BC18D8EB163A46C4ABC773C9.e.12447/click - {}
RESULT: {}
COMMAND: GET /session/bbd37991cd80103daa76f108f3796d35/screenshot - {}
RESULT: {}
COMMAND: POST /session/bbd37991cd80103daa76f108f3796d35/element - {"using":"xpath","value":"//bdi[contains(text(), \"OK\")]"}
RESULT: {"using":"xpath","value":"//bdi[contains(text(), \"OK\")]"}
COMMAND: POST /session/bbd37991cd80103daa76f108f3796d35/element/f.BCC40A51FB0F962C15E825EB75C92327.d.55557152BC18D8EB163A46C4ABC773C9.e.12450/click - {}
RESULT: {}
COMMAND: GET /session/bbd37991cd80103daa76f108f3796d35/screenshot - {}
RESULT: {}
COMMAND: POST /session/bbd37991cd80103daa76f108f3796d35/element - {"using":"xpath","value":"(//span[contains(text(), \"Completed\")]/parent::div/preceding-sibling::div/span)[1]"}
RESULT: {"using":"xpath","value":"(//span[contains(text(), \"Completed\")]/parent::div/preceding-sibling::div/span)[1]"}
COMMAND: POST /session/bbd37991cd80103daa76f108f3796d35/element/f.BCC40A51FB0F962C15E825EB75C92327.d.55557152BC18D8EB163A46C4ABC773C9.e.12458/click - {}
RESULT: {}
COMMAND: POST /session/bbd37991cd80103daa76f108f3796d35/element - {"using":"xpath","value":"//input[contains(@id ,\"application-billingtransfer-display-component---billingWorkbench--smartFilterBar-btnBasicSearch\")]"}
COMMAND: GET /session/bbd37991cd80103daa76f108f3796d35/screenshot - {}
RESULT: {"using":"xpath","value":"//input[contains(@id ,\"application-billingtransfer-display-component---billingWorkbench--smartFilterBar-btnBasicSearch\")]"}
COMMAND: POST /session/bbd37991cd80103daa76f108f3796d35/elements - {"using":"xpath","value":"//input[contains(@id ,\"application-billingtransfer-display-component---billingWorkbench--smartFilterBar-btnBasicSearch\")]"}
RESULT: {}
RESULT: {"using":"xpath","value":"//input[contains(@id ,\"application-billingtransfer-display-component---billingWorkbench--smartFilterBar-btnBasicSearch\")]"}
COMMAND: POST /session/bbd37991cd80103daa76f108f3796d35/execute/sync - {"script":"<script> [8489 bytes]","args":[{"element-6066-11e4-a52e-4f735466cecf":"f.BCC40A51FB0F962C15E825EB75C92327.d.55557152BC18D8EB163A46C4ABC773C9.e.12212","ELEMENT":"f.BCC40A51FB0F962C15E825EB75C92327.d.55557152BC18D8EB163A46C4ABC773C9.e.12212"}]}
RESULT: {"script":"<script> [8489 bytes]","args":[{"element-6066-11e4-a52e-4f735466cecf":"f.BCC40A51FB0F962C15E825EB75C92327.d.55557152BC18D8EB163A46C4ABC773C9.e.12212","ELEMENT":"f.BCC40A51FB0F962C15E825EB75C92327.d.55557152BC18D8EB163A46C4ABC773C9.e.12212"}]}
COMMAND: GET /session/bbd37991cd80103daa76f108f3796d35/element/f.BCC40A51FB0F962C15E825EB75C92327.d.55557152BC18D8EB163A46C4ABC773C9.e.12212/enabled - {}
COMMAND: GET /session/bbd37991cd80103daa76f108f3796d35/screenshot - {}
RESULT: {}
COMMAND: POST /session/bbd37991cd80103daa76f108f3796d35/element/f.BCC40A51FB0F962C15E825EB75C92327.d.55557152BC18D8EB163A46C4ABC773C9.e.12212/click - {}
COMMAND: GET /session/bbd37991cd80103daa76f108f3796d35/screenshot - {}
RESULT: {}
RESULT: {}
COMMAND: GET /session/bbd37991cd80103daa76f108f3796d35/screenshot - {}
RESULT: {}
RESULT: {}
COMMAND: POST /session/bbd37991cd80103daa76f108f3796d35/element/f.BCC40A51FB0F962C15E825EB75C92327.d.55557152BC18D8EB163A46C4ABC773C9.e.12212/clear - {}
RESULT: {}
COMMAND: POST /session/bbd37991cd80103daa76f108f3796d35/element/f.BCC40A51FB0F962C15E825EB75C92327.d.55557152BC18D8EB163A46C4ABC773C9.e.12212/value - {"text":"10504"}
COMMAND: GET /session/bbd37991cd80103daa76f108f3796d35/screenshot - {}
RESULT: {"text":"10504"}
COMMAND: POST /session/bbd37991cd80103daa76f108f3796d35/actions - {"actions":[{"id":"action44","type":"key","parameters":{},"actions":[{"type":"keyDown","value":"î€‡"},{"type":"pause","duration":10},{"type":"keyUp","value":"î€‡"}]}]}
COMMAND: GET /session/bbd37991cd80103daa76f108f3796d35/screenshot - {}
RESULT: {}
RESULT: {"actions":[{"id":"action44","type":"key","parameters":{},"actions":[{"type":"keyDown","value":"î€‡"},{"type":"pause","duration":10},{"type":"keyUp","value":"î€‡"}]}]}
COMMAND: GET /session/bbd37991cd80103daa76f108f3796d35/screenshot - {}
RESULT: {}
RESULT: {}
COMMAND: POST /session/bbd37991cd80103daa76f108f3796d35/element - {"using":"xpath","value":"//span[contains(@id ,\"application-billingtransfer-display-component---billingWorkbench--smartTableBillingRuns-header-inner\")]"}
RESULT: {"using":"xpath","value":"//span[contains(@id ,\"application-billingtransfer-display-component---billingWorkbench--smartTableBillingRuns-header-inner\")]"}
COMMAND: POST /session/bbd37991cd80103daa76f108f3796d35/elements - {"using":"xpath","value":"//span[contains(@id ,\"application-billingtransfer-display-component---billingWorkbench--smartTableBillingRuns-header-inner\")]"}
RESULT: {"using":"xpath","value":"//span[contains(@id ,\"application-billingtransfer-display-component---billingWorkbench--smartTableBillingRuns-header-inner\")]"}
COMMAND: POST /session/bbd37991cd80103daa76f108f3796d35/execute/sync - {"script":"<script> [56 bytes]","args":[{"element-6066-11e4-a52e-4f735466cecf":"f.BCC40A51FB0F962C15E825EB75C92327.d.55557152BC18D8EB163A46C4ABC773C9.e.12437","ELEMENT":"f.BCC40A51FB0F962C15E825EB75C92327.d.55557152BC18D8EB163A46C4ABC773C9.e.12437"}]}
RESULT: {"script":"<script> [56 bytes]","args":[{"element-6066-11e4-a52e-4f735466cecf":"f.BCC40A51FB0F962C15E825EB75C92327.d.55557152BC18D8EB163A46C4ABC773C9.e.12437","ELEMENT":"f.BCC40A51FB0F962C15E825EB75C92327.d.55557152BC18D8EB163A46C4ABC773C9.e.12437"}]}
COMMAND: POST /session/bbd37991cd80103daa76f108f3796d35/element - {"using":"css selector","value":"#shell-header-logo"}
COMMAND: GET /session/bbd37991cd80103daa76f108f3796d35/screenshot - {}
RESULT: {"using":"css selector","value":"#shell-header-logo"}
COMMAND: POST /session/bbd37991cd80103daa76f108f3796d35/element/f.BCC40A51FB0F962C15E825EB75C92327.d.55557152BC18D8EB163A46C4ABC773C9.e.12210/click - {}
RESULT: {}
RESULT: {}
COMMAND: GET /session/bbd37991cd80103daa76f108f3796d35/screenshot - {}
RESULT: {}
COMMAND: POST /session/bbd37991cd80103daa76f108f3796d35/element - {"using":"css selector","value":"#j_username"}
COMMAND: POST /session/bbd37991cd80103daa76f108f3796d35/url - {"url":"https://qa-testing-00-live-etm-ui.cfapps.eu10-004.hana.ondemand.com/"}
RESULT: {"using":"css selector","value":"#j_username"}
COMMAND: POST /session/bbd37991cd80103daa76f108f3796d35/element - {"using":"css selector","value":"#j_username"}
RESULT: {"url":"https://qa-testing-00-live-etm-ui.cfapps.eu10-004.hana.ondemand.com/"}
RESULT: undefined
COMMAND: GET /session/bbd37991cd80103daa76f108f3796d35/screenshot - {}
RESULT: {"using":"css selector","value":"#j_username"}
COMMAND: POST /session/bbd37991cd80103daa76f108f3796d35/element - {"using":"css selector","value":"#shell-header-logo"}
RESULT: {}
RESULT: {"using":"css selector","value":"#shell-header-logo"}
COMMAND: POST /session/bbd37991cd80103daa76f108f3796d35/execute/sync - {"script":"<script> [8489 bytes]","args":[{"element-6066-11e4-a52e-4f735466cecf":"f.BCC40A51FB0F962C15E825EB75C92327.d.23DED8C7DCA8E91BFD732D06821BB3E7.e.12469","ELEMENT":"f.BCC40A51FB0F962C15E825EB75C92327.d.23DED8C7DCA8E91BFD732D06821BB3E7.e.12469"}]}
RESULT: {"script":"<script> [8489 bytes]","args":[{"element-6066-11e4-a52e-4f735466cecf":"f.BCC40A51FB0F962C15E825EB75C92327.d.23DED8C7DCA8E91BFD732D06821BB3E7.e.12469","ELEMENT":"f.BCC40A51FB0F962C15E825EB75C92327.d.23DED8C7DCA8E91BFD732D06821BB3E7.e.12469"}]}
COMMAND: POST /session/bbd37991cd80103daa76f108f3796d35/element - {"using":"css selector","value":"#shell-header-logo"}
COMMAND: GET /session/bbd37991cd80103daa76f108f3796d35/screenshot - {}
RESULT: {"using":"css selector","value":"#shell-header-logo"}
COMMAND: POST /session/bbd37991cd80103daa76f108f3796d35/execute/sync - {"script":"<script> [8489 bytes]","args":[{"element-6066-11e4-a52e-4f735466cecf":"f.BCC40A51FB0F962C15E825EB75C92327.d.23DED8C7DCA8E91BFD732D06821BB3E7.e.12469","ELEMENT":"f.BCC40A51FB0F962C15E825EB75C92327.d.23DED8C7DCA8E91BFD732D06821BB3E7.e.12469"}]}
RESULT: {}
RESULT: {"script":"<script> [8489 bytes]","args":[{"element-6066-11e4-a52e-4f735466cecf":"f.BCC40A51FB0F962C15E825EB75C92327.d.23DED8C7DCA8E91BFD732D06821BB3E7.e.12469","ELEMENT":"f.BCC40A51FB0F962C15E825EB75C92327.d.23DED8C7DCA8E91BFD732D06821BB3E7.e.12469"}]}
COMMAND: POST /session/bbd37991cd80103daa76f108f3796d35/execute/sync - {"script":"<script> [5351 bytes]","args":[{"element-6066-11e4-a52e-4f735466cecf":"f.BCC40A51FB0F962C15E825EB75C92327.d.23DED8C7DCA8E91BFD732D06821BB3E7.e.12469","ELEMENT":"f.BCC40A51FB0F962C15E825EB75C92327.d.23DED8C7DCA8E91BFD732D06821BB3E7.e.12469"}]}
COMMAND: GET /session/bbd37991cd80103daa76f108f3796d35/screenshot - {}
RESULT: {"script":"<script> [5351 bytes]","args":[{"element-6066-11e4-a52e-4f735466cecf":"f.BCC40A51FB0F962C15E825EB75C92327.d.23DED8C7DCA8E91BFD732D06821BB3E7.e.12469","ELEMENT":"f.BCC40A51FB0F962C15E825EB75C92327.d.23DED8C7DCA8E91BFD732D06821BB3E7.e.12469"}]}
COMMAND: POST /session/bbd37991cd80103daa76f108f3796d35/element - {"using":"css selector","value":"#shell-header-logo"}
COMMAND: GET /session/bbd37991cd80103daa76f108f3796d35/screenshot - {}
RESULT: {}
RESULT: {"using":"css selector","value":"#shell-header-logo"}
COMMAND: POST /session/bbd37991cd80103daa76f108f3796d35/element/f.BCC40A51FB0F962C15E825EB75C92327.d.23DED8C7DCA8E91BFD732D06821BB3E7.e.12469/click - {}
RESULT: {}
RESULT: {}
COMMAND: GET /session/bbd37991cd80103daa76f108f3796d35/screenshot - {}
RESULT: {}
COMMAND: POST /session/bbd37991cd80103daa76f108f3796d35/execute/async - {"script":"<script> [189 bytes]","args":[]}
RESULT: {"script":"<script> [189 bytes]","args":[]}
COMMAND: POST /session/bbd37991cd80103daa76f108f3796d35/execute/async - {"script":"<script> [123 bytes]","args":[]}
RESULT: {"script":"<script> [123 bytes]","args":[]}
COMMAND: POST /session/bbd37991cd80103daa76f108f3796d35/timeouts - {"script":"<number>"}
RESULT: {"script":"<number>"}
COMMAND: GET /session/bbd37991cd80103daa76f108f3796d35/timeouts - {}
RESULT: {}
RESULT: undefined
COMMAND: POST /session/bbd37991cd80103daa76f108f3796d35/execute/async - {"script":"<script> [2676 bytes]","args":[]}
RESULT: {"script":"<script> [2676 bytes]","args":[]}
COMMAND: POST /session/bbd37991cd80103daa76f108f3796d35/execute/async - {"script":"<script> [2342 bytes]","args":[{"protocol":"http","hostname":"0.0.0.0","path":"/","capabilities":{"browserName":"chrome","goog:chromeOptions":{"binary":"C:\\Program Files\\Google\\Chrome\\Application\\chrome.exe","args":["--start-maximized"]}},"logLevel":"warn","connectionRetryTimeout":120000,"connectionRetryCount":3,"logLevels":{},"enableDirectConnect":true,"strictSSL":true,"_":"65 more keys: [\"cacheDir\",\"port\",\"requestedCapabilities\",\"automationProtocol\",\"baseUrl\",\"waitforInterval\",\"waitforTimeout\",\"onReload\",\"beforeCommand\",\"afterCommand\",\"rootDir\",\"specs\",\"suites\",\"exclude\",\"groupLogsByTestSpec\",\"excludeDriverLogs\",\"bail\",\"framework\",\"reporters\",\"services\",\"maxInstances\",\"maxInstancesPerCapability\",\"injectGlobals\",\"filesToWatch\",\"execArgv\",\"runnerEnv\",\"runner\",\"shard\",\"specFileRetries\",\"specFileRetriesDelay\",\"specFileRetriesDeferred\",\"reporterSyncInterval\",\"reporterSyncTimeout\",\"cucumberFeaturesWithLineNumbers\",\"autoCompileOpts\",\"mochaOpts\",\"jasmineOpts\",\"cucumberOpts\",\"onPrepare\",\"onWorkerStart\",\"onWorkerEnd\",\"before\",\"beforeSession\",\"beforeSuite\",\"beforeHook\",\"beforeTest\",\"afterTest\",\"afterHook\",\"afterSuite\",\"afterSession\",\"after\",\"onComplete\",\"beforeAssertion\",\"afterAssertion\",\"beforeFeature\",\"beforeScenario\",\"beforeStep\",\"afterStep\",\"afterScenario\",\"afterFeature\",\"_\",\"suite\",\"$0\",\"ignoredWorkerServices\",\"wdi5\"]"}]}
RESULT: {"script":"<script> [2342 bytes]","args":[{"protocol":"http","hostname":"0.0.0.0","path":"/","capabilities":{"browserName":"chrome","goog:chromeOptions":{"binary":"C:\\Program Files\\Google\\Chrome\\Application\\chrome.exe","args":["--start-maximized"]}},"logLevel":"warn","connectionRetryTimeout":120000,"connectionRetryCount":3,"logLevels":{},"enableDirectConnect":true,"strictSSL":true,"_":"65 more keys: [\"cacheDir\",\"port\",\"requestedCapabilities\",\"automationProtocol\",\"baseUrl\",\"waitforInterval\",\"waitforTimeout\",\"onReload\",\"beforeCommand\",\"afterCommand\",\"rootDir\",\"specs\",\"suites\",\"exclude\",\"groupLogsByTestSpec\",\"excludeDriverLogs\",\"bail\",\"framework\",\"reporters\",\"services\",\"maxInstances\",\"maxInstancesPerCapability\",\"injectGlobals\",\"filesToWatch\",\"execArgv\",\"runnerEnv\",\"runner\",\"shard\",\"specFileRetries\",\"specFileRetriesDelay\",\"specFileRetriesDeferred\",\"reporterSyncInterval\",\"reporterSyncTimeout\",\"cucumberFeaturesWithLineNumbers\",\"autoCompileOpts\",\"mochaOpts\",\"jasmineOpts\",\"cucumberOpts\",\"onPrepare\",\"onWorkerStart\",\"onWorkerEnd\",\"before\",\"beforeSession\",\"beforeSuite\",\"beforeHook\",\"beforeTest\",\"afterTest\",\"afterHook\",\"afterSuite\",\"afterSession\",\"after\",\"onComplete\",\"beforeAssertion\",\"afterAssertion\",\"beforeFeature\",\"beforeScenario\",\"beforeStep\",\"afterStep\",\"afterScenario\",\"afterFeature\",\"_\",\"suite\",\"$0\",\"ignoredWorkerServices\",\"wdi5\"]"}]}
COMMAND: POST /session/bbd37991cd80103daa76f108f3796d35/execute/async - {"script":"<script> [21126 bytes]","args":[35000]}
RESULT: {"script":"<script> [21126 bytes]","args":[35000]}
COMMAND: POST /session/bbd37991cd80103daa76f108f3796d35/window/maximize - {}
RESULT: {}
COMMAND: POST /session/bbd37991cd80103daa76f108f3796d35/execute/async - {"script":"<script> [1562 bytes]","args":[{"selector":{"id":"shell-header","interaction":{"idSuffix":"icon"}},"wdio_ui5_key":"shellheader"}]}
COMMAND: GET /session/bbd37991cd80103daa76f108f3796d35/screenshot - {}
RESULT: {"script":"<script> [1562 bytes]","args":[{"selector":{"id":"shell-header","interaction":{"idSuffix":"icon"}},"wdio_ui5_key":"shellheader"}]}
RESULT: undefined
COMMAND: POST /session/bbd37991cd80103daa76f108f3796d35/refresh - {}
RESULT: {}
RESULT: {}
COMMAND: GET /session/bbd37991cd80103daa76f108f3796d35/screenshot - {}
RESULT: {}
COMMAND: POST /session/bbd37991cd80103daa76f108f3796d35/refresh - {}
RESULT: {}
COMMAND: GET /session/bbd37991cd80103daa76f108f3796d35/screenshot - {}
RESULT: {}
COMMAND: POST /session/bbd37991cd80103daa76f108f3796d35/window/fullscreen - {}
RESULT: {}
COMMAND: POST /session/bbd37991cd80103daa76f108f3796d35/execute/async - {"script":"<script> [189 bytes]","args":[]}
RESULT: {"script":"<script> [189 bytes]","args":[]}
COMMAND: POST /session/bbd37991cd80103daa76f108f3796d35/execute/async - {"script":"<script> [123 bytes]","args":[]}
RESULT: {"script":"<script> [123 bytes]","args":[]}
COMMAND: POST /session/bbd37991cd80103daa76f108f3796d35/timeouts - {"script":"<number>"}
RESULT: {"script":"<number>"}
COMMAND: GET /session/bbd37991cd80103daa76f108f3796d35/timeouts - {}
RESULT: {}
RESULT: undefined
COMMAND: POST /session/bbd37991cd80103daa76f108f3796d35/execute/async - {"script":"<script> [2676 bytes]","args":[]}
RESULT: {"script":"<script> [2676 bytes]","args":[]}
COMMAND: POST /session/bbd37991cd80103daa76f108f3796d35/execute/async - {"script":"<script> [2342 bytes]","args":[{"protocol":"http","hostname":"0.0.0.0","path":"/","capabilities":{"browserName":"chrome","goog:chromeOptions":{"binary":"C:\\Program Files\\Google\\Chrome\\Application\\chrome.exe","args":["--start-maximized"]}},"logLevel":"warn","connectionRetryTimeout":120000,"connectionRetryCount":3,"logLevels":{},"enableDirectConnect":true,"strictSSL":true,"_":"65 more keys: [\"cacheDir\",\"port\",\"requestedCapabilities\",\"automationProtocol\",\"baseUrl\",\"waitforInterval\",\"waitforTimeout\",\"onReload\",\"beforeCommand\",\"afterCommand\",\"rootDir\",\"specs\",\"suites\",\"exclude\",\"groupLogsByTestSpec\",\"excludeDriverLogs\",\"bail\",\"framework\",\"reporters\",\"services\",\"maxInstances\",\"maxInstancesPerCapability\",\"injectGlobals\",\"filesToWatch\",\"execArgv\",\"runnerEnv\",\"runner\",\"shard\",\"specFileRetries\",\"specFileRetriesDelay\",\"specFileRetriesDeferred\",\"reporterSyncInterval\",\"reporterSyncTimeout\",\"cucumberFeaturesWithLineNumbers\",\"autoCompileOpts\",\"mochaOpts\",\"jasmineOpts\",\"cucumberOpts\",\"onPrepare\",\"onWorkerStart\",\"onWorkerEnd\",\"before\",\"beforeSession\",\"beforeSuite\",\"beforeHook\",\"beforeTest\",\"afterTest\",\"afterHook\",\"afterSuite\",\"afterSession\",\"after\",\"onComplete\",\"beforeAssertion\",\"afterAssertion\",\"beforeFeature\",\"beforeScenario\",\"beforeStep\",\"afterStep\",\"afterScenario\",\"afterFeature\",\"_\",\"suite\",\"$0\",\"ignoredWorkerServices\",\"wdi5\"]"}]}
RESULT: {"script":"<script> [2342 bytes]","args":[{"protocol":"http","hostname":"0.0.0.0","path":"/","capabilities":{"browserName":"chrome","goog:chromeOptions":{"binary":"C:\\Program Files\\Google\\Chrome\\Application\\chrome.exe","args":["--start-maximized"]}},"logLevel":"warn","connectionRetryTimeout":120000,"connectionRetryCount":3,"logLevels":{},"enableDirectConnect":true,"strictSSL":true,"_":"65 more keys: [\"cacheDir\",\"port\",\"requestedCapabilities\",\"automationProtocol\",\"baseUrl\",\"waitforInterval\",\"waitforTimeout\",\"onReload\",\"beforeCommand\",\"afterCommand\",\"rootDir\",\"specs\",\"suites\",\"exclude\",\"groupLogsByTestSpec\",\"excludeDriverLogs\",\"bail\",\"framework\",\"reporters\",\"services\",\"maxInstances\",\"maxInstancesPerCapability\",\"injectGlobals\",\"filesToWatch\",\"execArgv\",\"runnerEnv\",\"runner\",\"shard\",\"specFileRetries\",\"specFileRetriesDelay\",\"specFileRetriesDeferred\",\"reporterSyncInterval\",\"reporterSyncTimeout\",\"cucumberFeaturesWithLineNumbers\",\"autoCompileOpts\",\"mochaOpts\",\"jasmineOpts\",\"cucumberOpts\",\"onPrepare\",\"onWorkerStart\",\"onWorkerEnd\",\"before\",\"beforeSession\",\"beforeSuite\",\"beforeHook\",\"beforeTest\",\"afterTest\",\"afterHook\",\"afterSuite\",\"afterSession\",\"after\",\"onComplete\",\"beforeAssertion\",\"afterAssertion\",\"beforeFeature\",\"beforeScenario\",\"beforeStep\",\"afterStep\",\"afterScenario\",\"afterFeature\",\"_\",\"suite\",\"$0\",\"ignoredWorkerServices\",\"wdi5\"]"}]}
COMMAND: POST /session/bbd37991cd80103daa76f108f3796d35/execute/async - {"script":"<script> [21126 bytes]","args":[35000]}
RESULT: {"script":"<script> [21126 bytes]","args":[35000]}
]]></system-out>
    </testcase>
  </testsuite>
  <testsuite timestamp="2025-05-04T17:49:05" time="628.813" tests="12" failures="0" errors="0" skipped="0">
    <properties>
      <property name="specId" value="0" />
      <property name="suiteName" value="Billing transfer US117289" />
      <property name="capabilities" value="chrome.135_0_7049_96.windows" />
      <property name="file" value="file:///D:/a/1/s/test/specs/BTS/billing-transfer.spec.js" />
    </properties>
    <testcase classname="chrome.135_0_7049_96.windows.Billing_transfer_US117289" name="Should create a new yard" time="0.01">
      <system-out><![CDATA[
COMMAND: POST /session/bbd37991cd80103daa76f108f3796d35/window/fullscreen - {}
RESULT: {}
]]></system-out>
    </testcase>
    <testcase classname="chrome.135_0_7049_96.windows.Billing_transfer_US117289" name="Should create a new partner" time="0.004" />
    <testcase classname="chrome.135_0_7049_96.windows.Billing_transfer_US117289" name="Should create a new site" time="0.005" />
    <testcase classname="chrome.135_0_7049_96.windows.Billing_transfer_US117289" name="Should create a new equipment" time="117.019">
      <system-out><![CDATA[
COMMAND: POST /session/bbd37991cd80103daa76f108f3796d35/execute/async - {"script":"<script> [1562 bytes]","args":[{"selector":{"controlType":"sap.m.GenericTile","properties":{"header":"Manage Resources"}},"wdio_ui5_key":"sapm.GenericTile{\"header\":\"Manage Resources\"}"}]}
RESULT: {"script":"<script> [1562 bytes]","args":[{"selector":{"controlType":"sap.m.GenericTile","properties":{"header":"Manage Resources"}},"wdio_ui5_key":"sapm.GenericTile{\"header\":\"Manage Resources\"}"}]}
RESULT: undefined
COMMAND: POST /session/bbd37991cd80103daa76f108f3796d35/element - {"using":"xpath","value":"//*[@id=\"__tile39\"]"}
RESULT: {"using":"xpath","value":"//*[@id=\"__tile39\"]"}
COMMAND: POST /session/bbd37991cd80103daa76f108f3796d35/element/f.BCC40A51FB0F962C15E825EB75C92327.d.330FCB1E2056EA85CD95B7ECA6FAEC69.e.12631/click - {}
RESULT: {}
COMMAND: POST /session/bbd37991cd80103daa76f108f3796d35/element - {"using":"xpath","value":"//button[@data-kt=\"addNewRUOverflowToolbarButton\"]"}
COMMAND: GET /session/bbd37991cd80103daa76f108f3796d35/screenshot - {}
RESULT: {"using":"xpath","value":"//button[@data-kt=\"addNewRUOverflowToolbarButton\"]"}
COMMAND: POST /session/bbd37991cd80103daa76f108f3796d35/elements - {"using":"xpath","value":"//button[@data-kt=\"addNewRUOverflowToolbarButton\"]"}
RESULT: {}
RESULT: {"using":"xpath","value":"//button[@data-kt=\"addNewRUOverflowToolbarButton\"]"}
COMMAND: POST /session/bbd37991cd80103daa76f108f3796d35/elements - {"using":"xpath","value":"//button[@data-kt=\"addNewRUOverflowToolbarButton\"]"}
RESULT: {"using":"xpath","value":"//button[@data-kt=\"addNewRUOverflowToolbarButton\"]"}
COMMAND: POST /session/bbd37991cd80103daa76f108f3796d35/elements - {"using":"xpath","value":"//button[@data-kt=\"addNewRUOverflowToolbarButton\"]"}
RESULT: {"using":"xpath","value":"//button[@data-kt=\"addNewRUOverflowToolbarButton\"]"}
COMMAND: POST /session/bbd37991cd80103daa76f108f3796d35/elements - {"using":"xpath","value":"//button[@data-kt=\"addNewRUOverflowToolbarButton\"]"}
RESULT: {"using":"xpath","value":"//button[@data-kt=\"addNewRUOverflowToolbarButton\"]"}
COMMAND: POST /session/bbd37991cd80103daa76f108f3796d35/elements - {"using":"xpath","value":"//button[@data-kt=\"addNewRUOverflowToolbarButton\"]"}
RESULT: {"using":"xpath","value":"//button[@data-kt=\"addNewRUOverflowToolbarButton\"]"}
COMMAND: POST /session/bbd37991cd80103daa76f108f3796d35/elements - {"using":"xpath","value":"//button[@data-kt=\"addNewRUOverflowToolbarButton\"]"}
RESULT: {"using":"xpath","value":"//button[@data-kt=\"addNewRUOverflowToolbarButton\"]"}
COMMAND: POST /session/bbd37991cd80103daa76f108f3796d35/elements - {"using":"xpath","value":"//button[@data-kt=\"addNewRUOverflowToolbarButton\"]"}
RESULT: {"using":"xpath","value":"//button[@data-kt=\"addNewRUOverflowToolbarButton\"]"}
COMMAND: POST /session/bbd37991cd80103daa76f108f3796d35/elements - {"using":"xpath","value":"//button[@data-kt=\"addNewRUOverflowToolbarButton\"]"}
RESULT: {"using":"xpath","value":"//button[@data-kt=\"addNewRUOverflowToolbarButton\"]"}
COMMAND: POST /session/bbd37991cd80103daa76f108f3796d35/elements - {"using":"xpath","value":"//button[@data-kt=\"addNewRUOverflowToolbarButton\"]"}
RESULT: {"using":"xpath","value":"//button[@data-kt=\"addNewRUOverflowToolbarButton\"]"}
COMMAND: POST /session/bbd37991cd80103daa76f108f3796d35/elements - {"using":"xpath","value":"//button[@data-kt=\"addNewRUOverflowToolbarButton\"]"}
RESULT: {"using":"xpath","value":"//button[@data-kt=\"addNewRUOverflowToolbarButton\"]"}
COMMAND: POST /session/bbd37991cd80103daa76f108f3796d35/elements - {"using":"xpath","value":"//button[@data-kt=\"addNewRUOverflowToolbarButton\"]"}
RESULT: {"using":"xpath","value":"//button[@data-kt=\"addNewRUOverflowToolbarButton\"]"}
COMMAND: POST /session/bbd37991cd80103daa76f108f3796d35/elements - {"using":"xpath","value":"//button[@data-kt=\"addNewRUOverflowToolbarButton\"]"}
RESULT: {"using":"xpath","value":"//button[@data-kt=\"addNewRUOverflowToolbarButton\"]"}
COMMAND: POST /session/bbd37991cd80103daa76f108f3796d35/elements - {"using":"xpath","value":"//button[@data-kt=\"addNewRUOverflowToolbarButton\"]"}
RESULT: {"using":"xpath","value":"//button[@data-kt=\"addNewRUOverflowToolbarButton\"]"}
COMMAND: POST /session/bbd37991cd80103daa76f108f3796d35/elements - {"using":"xpath","value":"//button[@data-kt=\"addNewRUOverflowToolbarButton\"]"}
RESULT: {"using":"xpath","value":"//button[@data-kt=\"addNewRUOverflowToolbarButton\"]"}
COMMAND: POST /session/bbd37991cd80103daa76f108f3796d35/elements - {"using":"xpath","value":"//button[@data-kt=\"addNewRUOverflowToolbarButton\"]"}
RESULT: {"using":"xpath","value":"//button[@data-kt=\"addNewRUOverflowToolbarButton\"]"}
COMMAND: POST /session/bbd37991cd80103daa76f108f3796d35/elements - {"using":"xpath","value":"//button[@data-kt=\"addNewRUOverflowToolbarButton\"]"}
RESULT: {"using":"xpath","value":"//button[@data-kt=\"addNewRUOverflowToolbarButton\"]"}
COMMAND: POST /session/bbd37991cd80103daa76f108f3796d35/elements - {"using":"xpath","value":"//button[@data-kt=\"addNewRUOverflowToolbarButton\"]"}
RESULT: {"using":"xpath","value":"//button[@data-kt=\"addNewRUOverflowToolbarButton\"]"}
COMMAND: POST /session/bbd37991cd80103daa76f108f3796d35/elements - {"using":"xpath","value":"//button[@data-kt=\"addNewRUOverflowToolbarButton\"]"}
RESULT: {"using":"xpath","value":"//button[@data-kt=\"addNewRUOverflowToolbarButton\"]"}
COMMAND: POST /session/bbd37991cd80103daa76f108f3796d35/elements - {"using":"xpath","value":"//button[@data-kt=\"addNewRUOverflowToolbarButton\"]"}
RESULT: {"using":"xpath","value":"//button[@data-kt=\"addNewRUOverflowToolbarButton\"]"}
COMMAND: POST /session/bbd37991cd80103daa76f108f3796d35/elements - {"using":"xpath","value":"//button[@data-kt=\"addNewRUOverflowToolbarButton\"]"}
RESULT: {"using":"xpath","value":"//button[@data-kt=\"addNewRUOverflowToolbarButton\"]"}
COMMAND: POST /session/bbd37991cd80103daa76f108f3796d35/element - {"using":"xpath","value":"//button[@data-kt=\"addNewRUOverflowToolbarButton\"]"}
RESULT: {"using":"xpath","value":"//button[@data-kt=\"addNewRUOverflowToolbarButton\"]"}
COMMAND: POST /session/bbd37991cd80103daa76f108f3796d35/execute/sync - {"script":"<script> [8489 bytes]","args":[{"element-6066-11e4-a52e-4f735466cecf":"f.BCC40A51FB0F962C15E825EB75C92327.d.330FCB1E2056EA85CD95B7ECA6FAEC69.e.12760","ELEMENT":"f.BCC40A51FB0F962C15E825EB75C92327.d.330FCB1E2056EA85CD95B7ECA6FAEC69.e.12760"}]}
RESULT: {"script":"<script> [8489 bytes]","args":[{"element-6066-11e4-a52e-4f735466cecf":"f.BCC40A51FB0F962C15E825EB75C92327.d.330FCB1E2056EA85CD95B7ECA6FAEC69.e.12760","ELEMENT":"f.BCC40A51FB0F962C15E825EB75C92327.d.330FCB1E2056EA85CD95B7ECA6FAEC69.e.12760"}]}
COMMAND: GET /session/bbd37991cd80103daa76f108f3796d35/element/f.BCC40A51FB0F962C15E825EB75C92327.d.330FCB1E2056EA85CD95B7ECA6FAEC69.e.12760/enabled - {}
COMMAND: GET /session/bbd37991cd80103daa76f108f3796d35/screenshot - {}
RESULT: {}
COMMAND: POST /session/bbd37991cd80103daa76f108f3796d35/execute/sync - {"script":"<script> [8489 bytes]","args":[{"element-6066-11e4-a52e-4f735466cecf":"f.BCC40A51FB0F962C15E825EB75C92327.d.330FCB1E2056EA85CD95B7ECA6FAEC69.e.12760","ELEMENT":"f.BCC40A51FB0F962C15E825EB75C92327.d.330FCB1E2056EA85CD95B7ECA6FAEC69.e.12760"}]}
COMMAND: GET /session/bbd37991cd80103daa76f108f3796d35/screenshot - {}
RESULT: {}
RESULT: {"script":"<script> [8489 bytes]","args":[{"element-6066-11e4-a52e-4f735466cecf":"f.BCC40A51FB0F962C15E825EB75C92327.d.330FCB1E2056EA85CD95B7ECA6FAEC69.e.12760","ELEMENT":"f.BCC40A51FB0F962C15E825EB75C92327.d.330FCB1E2056EA85CD95B7ECA6FAEC69.e.12760"}]}
COMMAND: POST /session/bbd37991cd80103daa76f108f3796d35/execute/sync - {"script":"<script> [5351 bytes]","args":[{"element-6066-11e4-a52e-4f735466cecf":"f.BCC40A51FB0F962C15E825EB75C92327.d.330FCB1E2056EA85CD95B7ECA6FAEC69.e.12760","ELEMENT":"f.BCC40A51FB0F962C15E825EB75C92327.d.330FCB1E2056EA85CD95B7ECA6FAEC69.e.12760"}]}
COMMAND: GET /session/bbd37991cd80103daa76f108f3796d35/screenshot - {}
RESULT: {}
RESULT: {"script":"<script> [5351 bytes]","args":[{"element-6066-11e4-a52e-4f735466cecf":"f.BCC40A51FB0F962C15E825EB75C92327.d.330FCB1E2056EA85CD95B7ECA6FAEC69.e.12760","ELEMENT":"f.BCC40A51FB0F962C15E825EB75C92327.d.330FCB1E2056EA85CD95B7ECA6FAEC69.e.12760"}]}
COMMAND: POST /session/bbd37991cd80103daa76f108f3796d35/element/f.BCC40A51FB0F962C15E825EB75C92327.d.330FCB1E2056EA85CD95B7ECA6FAEC69.e.12760/click - {}
COMMAND: GET /session/bbd37991cd80103daa76f108f3796d35/screenshot - {}
RESULT: {}
RESULT: {}
COMMAND: GET /session/bbd37991cd80103daa76f108f3796d35/screenshot - {}
RESULT: {}
RESULT: {}
COMMAND: POST /session/bbd37991cd80103daa76f108f3796d35/execute/async - {"script":"<script> [1562 bytes]","args":[{"selector":{"id":"application-manageresources-display-component---newResourceUnit--TYPE-arrow"},"wdio_ui5_key":"applicationmanageresources-display-component---newResourceUnit--TYPE-arrow"}]}
RESULT: {"script":"<script> [1562 bytes]","args":[{"selector":{"id":"application-manageresources-display-component---newResourceUnit--TYPE-arrow"},"wdio_ui5_key":"applicationmanageresources-display-component---newResourceUnit--TYPE-arrow"}]}
RESULT: undefined
COMMAND: POST /session/bbd37991cd80103daa76f108f3796d35/element - {"using":"xpath","value":"//*[@id=\"application-manageresources-display-component---newResourceUnit--TYPE-arrow\"]"}
RESULT: {"using":"xpath","value":"//*[@id=\"application-manageresources-display-component---newResourceUnit--TYPE-arrow\"]"}
COMMAND: POST /session/bbd37991cd80103daa76f108f3796d35/element/f.BCC40A51FB0F962C15E825EB75C92327.d.330FCB1E2056EA85CD95B7ECA6FAEC69.e.12932/click - {}
RESULT: {}
COMMAND: POST /session/bbd37991cd80103daa76f108f3796d35/element - {"using":"xpath","value":"//input[@id=\"application-manageresources-display-component---newResourceUnit--TYPE-inner\"]"}
COMMAND: GET /session/bbd37991cd80103daa76f108f3796d35/screenshot - {}
RESULT: {"using":"xpath","value":"//input[@id=\"application-manageresources-display-component---newResourceUnit--TYPE-inner\"]"}
COMMAND: POST /session/bbd37991cd80103daa76f108f3796d35/element/f.BCC40A51FB0F962C15E825EB75C92327.d.330FCB1E2056EA85CD95B7ECA6FAEC69.e.12812/clear - {}
RESULT: {}
RESULT: {}
COMMAND: POST /session/bbd37991cd80103daa76f108f3796d35/element/f.BCC40A51FB0F962C15E825EB75C92327.d.330FCB1E2056EA85CD95B7ECA6FAEC69.e.12812/value - {"text":"Equipment"}
COMMAND: GET /session/bbd37991cd80103daa76f108f3796d35/screenshot - {}
RESULT: {"text":"Equipment"}
COMMAND: GET /session/bbd37991cd80103daa76f108f3796d35/screenshot - {}
RESULT: {}
RESULT: {}
COMMAND: POST /session/bbd37991cd80103daa76f108f3796d35/actions - {"actions":[{"id":"action45","type":"key","parameters":{},"actions":[{"type":"keyDown","value":"î€‡"},{"type":"pause","duration":10},{"type":"keyUp","value":"î€‡"}]}]}
RESULT: {"actions":[{"id":"action45","type":"key","parameters":{},"actions":[{"type":"keyDown","value":"î€‡"},{"type":"pause","duration":10},{"type":"keyUp","value":"î€‡"}]}]}
COMMAND: POST /session/bbd37991cd80103daa76f108f3796d35/execute/async - {"script":"<script> [1562 bytes]","args":[{"selector":{"id":"application-manageresources-display-component---newResourceUnit--resourceId","interaction":{"idSuffix":"inner"}},"wdio_ui5_key":"applicationmanageresources-display-component---newResourceUnit--resourceId"}]}
COMMAND: GET /session/bbd37991cd80103daa76f108f3796d35/screenshot - {}
RESULT: {"script":"<script> [1562 bytes]","args":[{"selector":{"id":"application-manageresources-display-component---newResourceUnit--resourceId","interaction":{"idSuffix":"inner"}},"wdio_ui5_key":"applicationmanageresources-display-component---newResourceUnit--resourceId"}]}
RESULT: undefined
COMMAND: POST /session/bbd37991cd80103daa76f108f3796d35/execute/async - {"script":"<script> [776 bytes]","args":[{"enterText":"G0fRznJ13p","selector":{"id":"application-manageresources-display-component---newResourceUnit--resourceId","interaction":{"idSuffix":"inner"}},"clearTextFirst":true,"interactionType":"ENTER_TEXT"}]}
RESULT: {}
RESULT: {"script":"<script> [776 bytes]","args":[{"enterText":"G0fRznJ13p","selector":{"id":"application-manageresources-display-component---newResourceUnit--resourceId","interaction":{"idSuffix":"inner"}},"clearTextFirst":true,"interactionType":"ENTER_TEXT"}]}
COMMAND: POST /session/bbd37991cd80103daa76f108f3796d35/execute/async - {"script":"<script> [1562 bytes]","args":[{"selector":{"id":"application-manageresources-display-component---newResourceUnit--SHORT_TEXT","interaction":{"idSuffix":"inner"}},"wdio_ui5_key":"applicationmanageresources-display-component---newResourceUnit--SHORT_TEXT"}]}
RESULT: {"script":"<script> [1562 bytes]","args":[{"selector":{"id":"application-manageresources-display-component---newResourceUnit--SHORT_TEXT","interaction":{"idSuffix":"inner"}},"wdio_ui5_key":"applicationmanageresources-display-component---newResourceUnit--SHORT_TEXT"}]}
RESULT: undefined
COMMAND: POST /session/bbd37991cd80103daa76f108f3796d35/execute/async - {"script":"<script> [776 bytes]","args":[{"enterText":"Intercompany Equipment WDIO","selector":{"id":"application-manageresources-display-component---newResourceUnit--SHORT_TEXT","interaction":{"idSuffix":"inner"}},"clearTextFirst":true,"interactionType":"ENTER_TEXT"}]}
RESULT: {"script":"<script> [776 bytes]","args":[{"enterText":"Intercompany Equipment WDIO","selector":{"id":"application-manageresources-display-component---newResourceUnit--SHORT_TEXT","interaction":{"idSuffix":"inner"}},"clearTextFirst":true,"interactionType":"ENTER_TEXT"}]}
COMMAND: POST /session/bbd37991cd80103daa76f108f3796d35/execute/async - {"script":"<script> [1562 bytes]","args":[{"selector":{"id":"application-manageresources-display-component---newResourceUnit--BASE_UNIT_OF_MEASURE","interaction":{"idSuffix":"inner"}},"wdio_ui5_key":"applicationmanageresources-display-component---newResourceUnit--BASE_UNIT_OF_MEASURE"}]}
RESULT: {"script":"<script> [1562 bytes]","args":[{"selector":{"id":"application-manageresources-display-component---newResourceUnit--BASE_UNIT_OF_MEASURE","interaction":{"idSuffix":"inner"}},"wdio_ui5_key":"applicationmanageresources-display-component---newResourceUnit--BASE_UNIT_OF_MEASURE"}]}
RESULT: undefined
COMMAND: POST /session/bbd37991cd80103daa76f108f3796d35/execute/async - {"script":"<script> [776 bytes]","args":[{"enterText":"Piece","selector":{"id":"application-manageresources-display-component---newResourceUnit--BASE_UNIT_OF_MEASURE","interaction":{"idSuffix":"inner"}},"clearTextFirst":true,"interactionType":"ENTER_TEXT"}]}
RESULT: {"script":"<script> [776 bytes]","args":[{"enterText":"Piece","selector":{"id":"application-manageresources-display-component---newResourceUnit--BASE_UNIT_OF_MEASURE","interaction":{"idSuffix":"inner"}},"clearTextFirst":true,"interactionType":"ENTER_TEXT"}]}
COMMAND: POST /session/bbd37991cd80103daa76f108f3796d35/execute/async - {"script":"<script> [1562 bytes]","args":[{"selector":{"id":"application-manageresources-display-component---newResourceUnit--WEIGHT_UNIT","interaction":{"idSuffix":"inner"}},"wdio_ui5_key":"applicationmanageresources-display-component---newResourceUnit--WEIGHT_UNIT"}]}
RESULT: {"script":"<script> [1562 bytes]","args":[{"selector":{"id":"application-manageresources-display-component---newResourceUnit--WEIGHT_UNIT","interaction":{"idSuffix":"inner"}},"wdio_ui5_key":"applicationmanageresources-display-component---newResourceUnit--WEIGHT_UNIT"}]}
RESULT: undefined
COMMAND: POST /session/bbd37991cd80103daa76f108f3796d35/execute/async - {"script":"<script> [776 bytes]","args":[{"enterText":"Gram","selector":{"id":"application-manageresources-display-component---newResourceUnit--WEIGHT_UNIT","interaction":{"idSuffix":"inner"}},"clearTextFirst":true,"interactionType":"ENTER_TEXT"}]}
RESULT: {"script":"<script> [776 bytes]","args":[{"enterText":"Gram","selector":{"id":"application-manageresources-display-component---newResourceUnit--WEIGHT_UNIT","interaction":{"idSuffix":"inner"}},"clearTextFirst":true,"interactionType":"ENTER_TEXT"}]}
COMMAND: POST /session/bbd37991cd80103daa76f108f3796d35/execute/async - {"script":"<script> [1562 bytes]","args":[{"selector":{"id":"application-manageresources-display-component---newResourceUnit--DIMENSION_UNIT","interaction":{"idSuffix":"inner"}},"wdio_ui5_key":"applicationmanageresources-display-component---newResourceUnit--DIMENSION_UNIT"}]}
RESULT: {"script":"<script> [1562 bytes]","args":[{"selector":{"id":"application-manageresources-display-component---newResourceUnit--DIMENSION_UNIT","interaction":{"idSuffix":"inner"}},"wdio_ui5_key":"applicationmanageresources-display-component---newResourceUnit--DIMENSION_UNIT"}]}
RESULT: undefined
COMMAND: POST /session/bbd37991cd80103daa76f108f3796d35/execute/async - {"script":"<script> [776 bytes]","args":[{"enterText":"Meter","selector":{"id":"application-manageresources-display-component---newResourceUnit--DIMENSION_UNIT","interaction":{"idSuffix":"inner"}},"clearTextFirst":true,"interactionType":"ENTER_TEXT"}]}
RESULT: {"script":"<script> [776 bytes]","args":[{"enterText":"Meter","selector":{"id":"application-manageresources-display-component---newResourceUnit--DIMENSION_UNIT","interaction":{"idSuffix":"inner"}},"clearTextFirst":true,"interactionType":"ENTER_TEXT"}]}
COMMAND: POST /session/bbd37991cd80103daa76f108f3796d35/execute/async - {"script":"<script> [1562 bytes]","args":[{"selector":{"id":"application-manageresources-display-component---newResourceUnit--newRRUPage-anchBar-application-manageresources-display-component---newResourceUnit--control-anchor","interaction":{"idSuffix":"BDI-content"}},"wdio_ui5_key":"applicationmanageresources-display-component---newResourceUnit--newRRUPage-anchBar-application-manageresources-display-component---newResourceUnit--control-anchor"}]}
RESULT: {"script":"<script> [1562 bytes]","args":[{"selector":{"id":"application-manageresources-display-component---newResourceUnit--newRRUPage-anchBar-application-manageresources-display-component---newResourceUnit--control-anchor","interaction":{"idSuffix":"BDI-content"}},"wdio_ui5_key":"applicationmanageresources-display-component---newResourceUnit--newRRUPage-anchBar-application-manageresources-display-component---newResourceUnit--control-anchor"}]}
RESULT: undefined
COMMAND: POST /session/bbd37991cd80103daa76f108f3796d35/element - {"using":"xpath","value":"//*[@id=\"application-manageresources-display-component---newResourceUnit--newRRUPage-anchBar-application-manageresources-display-component---newResourceUnit--control-anchor\"]"}
RESULT: {"using":"xpath","value":"//*[@id=\"application-manageresources-display-component---newResourceUnit--newRRUPage-anchBar-application-manageresources-display-component---newResourceUnit--control-anchor\"]"}
COMMAND: POST /session/bbd37991cd80103daa76f108f3796d35/element/f.BCC40A51FB0F962C15E825EB75C92327.d.330FCB1E2056EA85CD95B7ECA6FAEC69.e.13066/click - {}
RESULT: {}
COMMAND: POST /session/bbd37991cd80103daa76f108f3796d35/execute/async - {"script":"<script> [1562 bytes]","args":[{"selector":{"id":"application-manageresources-display-component---newResourceUnit--PLANNING_GROUP","interaction":{"idSuffix":"inner"}},"wdio_ui5_key":"applicationmanageresources-display-component---newResourceUnit--PLANNING_GROUP"}]}
COMMAND: GET /session/bbd37991cd80103daa76f108f3796d35/screenshot - {}
RESULT: {"script":"<script> [1562 bytes]","args":[{"selector":{"id":"application-manageresources-display-component---newResourceUnit--PLANNING_GROUP","interaction":{"idSuffix":"inner"}},"wdio_ui5_key":"applicationmanageresources-display-component---newResourceUnit--PLANNING_GROUP"}]}
RESULT: undefined
COMMAND: POST /session/bbd37991cd80103daa76f108f3796d35/execute/async - {"script":"<script> [776 bytes]","args":[{"enterText":"Heavy Equi","selector":{"id":"application-manageresources-display-component---newResourceUnit--PLANNING_GROUP","interaction":{"idSuffix":"inner"}},"clearTextFirst":true,"interactionType":"ENTER_TEXT"}]}
RESULT: {}
RESULT: {"script":"<script> [776 bytes]","args":[{"enterText":"Heavy Equi","selector":{"id":"application-manageresources-display-component---newResourceUnit--PLANNING_GROUP","interaction":{"idSuffix":"inner"}},"clearTextFirst":true,"interactionType":"ENTER_TEXT"}]}
COMMAND: POST /session/bbd37991cd80103daa76f108f3796d35/execute/async - {"script":"<script> [1562 bytes]","args":[{"selector":{"id":"application-manageresources-display-component---newResourceUnit--ITEM_TYPE-arrow"},"wdio_ui5_key":"applicationmanageresources-display-component---newResourceUnit--ITEM_TYPE-arrow"}]}
RESULT: {"script":"<script> [1562 bytes]","args":[{"selector":{"id":"application-manageresources-display-component---newResourceUnit--ITEM_TYPE-arrow"},"wdio_ui5_key":"applicationmanageresources-display-component---newResourceUnit--ITEM_TYPE-arrow"}]}
RESULT: undefined
COMMAND: POST /session/bbd37991cd80103daa76f108f3796d35/element - {"using":"xpath","value":"//*[@id=\"application-manageresources-display-component---newResourceUnit--ITEM_TYPE-arrow\"]"}
RESULT: {"using":"xpath","value":"//*[@id=\"application-manageresources-display-component---newResourceUnit--ITEM_TYPE-arrow\"]"}
COMMAND: POST /session/bbd37991cd80103daa76f108f3796d35/element/f.BCC40A51FB0F962C15E825EB75C92327.d.330FCB1E2056EA85CD95B7ECA6FAEC69.e.13073/click - {}
RESULT: {}
COMMAND: POST /session/bbd37991cd80103daa76f108f3796d35/element - {"using":"xpath","value":"(//span[contains(text(), \"Resource Unit\")])[2]"}
COMMAND: GET /session/bbd37991cd80103daa76f108f3796d35/screenshot - {}
RESULT: {"using":"xpath","value":"(//span[contains(text(), \"Resource Unit\")])[2]"}
COMMAND: POST /session/bbd37991cd80103daa76f108f3796d35/element/f.BCC40A51FB0F962C15E825EB75C92327.d.330FCB1E2056EA85CD95B7ECA6FAEC69.e.13074/click - {}
RESULT: {}
RESULT: {}
COMMAND: GET /session/bbd37991cd80103daa76f108f3796d35/screenshot - {}
RESULT: {}
COMMAND: POST /session/bbd37991cd80103daa76f108f3796d35/element - {"using":"css selector","value":"#application-manageresources-display-component---newResourceUnit--btnAddTimeSegment"}
RESULT: {"using":"css selector","value":"#application-manageresources-display-component---newResourceUnit--btnAddTimeSegment"}
COMMAND: GET /session/bbd37991cd80103daa76f108f3796d35/element/f.BCC40A51FB0F962C15E825EB75C92327.d.330FCB1E2056EA85CD95B7ECA6FAEC69.e.13075/rect - {}
RESULT: {}
COMMAND: GET /session/bbd37991cd80103daa76f108f3796d35/window/rect - {}
RESULT: {}
COMMAND: POST /session/bbd37991cd80103daa76f108f3796d35/execute/sync - {"script":"<script> [92 bytes]","args":[]}
RESULT: {"script":"<script> [92 bytes]","args":[]}
COMMAND: POST /session/bbd37991cd80103daa76f108f3796d35/actions - {"actions":[{"id":"action46","type":"wheel","parameters":{},"actions":[{"type":"scroll","x":-1888,"y":-32,"deltaX":0,"deltaY":0,"duration":0,"origin":{"element-6066-11e4-a52e-4f735466cecf":"f.BCC40A51FB0F962C15E825EB75C92327.d.330FCB1E2056EA85CD95B7ECA6FAEC69.e.13075"}}]}]}
COMMAND: GET /session/bbd37991cd80103daa76f108f3796d35/screenshot - {}
RESULT: {}
COMMAND: POST /session/bbd37991cd80103daa76f108f3796d35/execute/sync - {"script":"<script> [79 bytes]","args":[{"element-6066-11e4-a52e-4f735466cecf":"f.BCC40A51FB0F962C15E825EB75C92327.d.330FCB1E2056EA85CD95B7ECA6FAEC69.e.13075","ELEMENT":"f.BCC40A51FB0F962C15E825EB75C92327.d.330FCB1E2056EA85CD95B7ECA6FAEC69.e.13075"},{"block":"start","inline":"nearest"}]}
RESULT: {"script":"<script> [79 bytes]","args":[{"element-6066-11e4-a52e-4f735466cecf":"f.BCC40A51FB0F962C15E825EB75C92327.d.330FCB1E2056EA85CD95B7ECA6FAEC69.e.13075","ELEMENT":"f.BCC40A51FB0F962C15E825EB75C92327.d.330FCB1E2056EA85CD95B7ECA6FAEC69.e.13075"},{"block":"start","inline":"nearest"}]}
COMMAND: POST /session/bbd37991cd80103daa76f108f3796d35/execute/async - {"script":"<script> [1562 bytes]","args":[{"selector":{"id":"application-manageresources-display-component---newResourceUnit--btnAddTimeSegment","interaction":{"idSuffix":"inner"}},"wdio_ui5_key":"applicationmanageresources-display-component---newResourceUnit--btnAddTimeSegment"}]}
COMMAND: GET /session/bbd37991cd80103daa76f108f3796d35/screenshot - {}
RESULT: {"script":"<script> [1562 bytes]","args":[{"selector":{"id":"application-manageresources-display-component---newResourceUnit--btnAddTimeSegment","interaction":{"idSuffix":"inner"}},"wdio_ui5_key":"applicationmanageresources-display-component---newResourceUnit--btnAddTimeSegment"}]}
RESULT: undefined
COMMAND: POST /session/bbd37991cd80103daa76f108f3796d35/element - {"using":"xpath","value":"//*[@id=\"application-manageresources-display-component---newResourceUnit--btnAddTimeSegment\"]"}
RESULT: {}
RESULT: {"using":"xpath","value":"//*[@id=\"application-manageresources-display-component---newResourceUnit--btnAddTimeSegment\"]"}
COMMAND: POST /session/bbd37991cd80103daa76f108f3796d35/element/f.BCC40A51FB0F962C15E825EB75C92327.d.330FCB1E2056EA85CD95B7ECA6FAEC69.e.13075/click - {}
RESULT: {}
COMMAND: GET /session/bbd37991cd80103daa76f108f3796d35/screenshot - {}
RESULT: {}
COMMAND: POST /session/bbd37991cd80103daa76f108f3796d35/element - {"using":"xpath","value":"//input[@id=\"application-manageresources-display-component---newResourceUnit--idRuTSAdmin-application-manageresources-display-component---newResourceUnit--RUTimeSegment-0-inner\"]"}
RESULT: {"using":"xpath","value":"//input[@id=\"application-manageresources-display-component---newResourceUnit--idRuTSAdmin-application-manageresources-display-component---newResourceUnit--RUTimeSegment-0-inner\"]"}
COMMAND: POST /session/bbd37991cd80103daa76f108f3796d35/element/f.BCC40A51FB0F962C15E825EB75C92327.d.330FCB1E2056EA85CD95B7ECA6FAEC69.e.13081/clear - {}
RESULT: {}
COMMAND: POST /session/bbd37991cd80103daa76f108f3796d35/element/f.BCC40A51FB0F962C15E825EB75C92327.d.330FCB1E2056EA85CD95B7ECA6FAEC69.e.13081/value - {"text":"550"}
COMMAND: GET /session/bbd37991cd80103daa76f108f3796d35/screenshot - {}
RESULT: {"text":"550"}
COMMAND: GET /session/bbd37991cd80103daa76f108f3796d35/screenshot - {}
RESULT: {}
RESULT: {}
COMMAND: POST /session/bbd37991cd80103daa76f108f3796d35/element - {"using":"xpath","value":"//li[.//span[text()='550']]"}
RESULT: {"using":"xpath","value":"//li[.//span[text()='550']]"}
COMMAND: POST /session/bbd37991cd80103daa76f108f3796d35/element/f.BCC40A51FB0F962C15E825EB75C92327.d.330FCB1E2056EA85CD95B7ECA6FAEC69.e.13093/click - {}
RESULT: {}
COMMAND: GET /session/bbd37991cd80103daa76f108f3796d35/screenshot - {}
RESULT: {}
COMMAND: POST /session/bbd37991cd80103daa76f108f3796d35/element - {"using":"xpath","value":"(//span[contains(@id, \"-application-manageresources-display-component---newResourceUnit--RUTimeSegment-0-arrow\")])[6]"}
RESULT: {"using":"xpath","value":"(//span[contains(@id, \"-application-manageresources-display-component---newResourceUnit--RUTimeSegment-0-arrow\")])[6]"}
COMMAND: POST /session/bbd37991cd80103daa76f108f3796d35/element/f.BCC40A51FB0F962C15E825EB75C92327.d.330FCB1E2056EA85CD95B7ECA6FAEC69.e.13094/click - {}
RESULT: {}
COMMAND: GET /session/bbd37991cd80103daa76f108f3796d35/screenshot - {}
RESULT: {}
COMMAND: POST /session/bbd37991cd80103daa76f108f3796d35/element - {"using":"xpath","value":"//span[contains(text(), \"PM Order\")]"}
RESULT: {"using":"xpath","value":"//span[contains(text(), \"PM Order\")]"}
COMMAND: POST /session/bbd37991cd80103daa76f108f3796d35/element/f.BCC40A51FB0F962C15E825EB75C92327.d.330FCB1E2056EA85CD95B7ECA6FAEC69.e.13097/click - {}
RESULT: {}
COMMAND: GET /session/bbd37991cd80103daa76f108f3796d35/screenshot - {}
RESULT: {}
COMMAND: POST /session/bbd37991cd80103daa76f108f3796d35/element - {"using":"xpath","value":"(//span[contains(@id ,\"manageresources-display-component---newResourceUnit--RUTimeSegment-0-vhi\")])[1]"}
RESULT: {"using":"xpath","value":"(//span[contains(@id ,\"manageresources-display-component---newResourceUnit--RUTimeSegment-0-vhi\")])[1]"}
COMMAND: GET /session/bbd37991cd80103daa76f108f3796d35/element/f.BCC40A51FB0F962C15E825EB75C92327.d.330FCB1E2056EA85CD95B7ECA6FAEC69.e.13101/rect - {}
RESULT: {}
COMMAND: GET /session/bbd37991cd80103daa76f108f3796d35/window/rect - {}
RESULT: {}
COMMAND: POST /session/bbd37991cd80103daa76f108f3796d35/execute/sync - {"script":"<script> [92 bytes]","args":[]}
RESULT: {"script":"<script> [92 bytes]","args":[]}
COMMAND: POST /session/bbd37991cd80103daa76f108f3796d35/actions - {"actions":[{"id":"action47","type":"wheel","parameters":{},"actions":[{"type":"scroll","x":-869,"y":-24,"deltaX":0,"deltaY":0,"duration":0,"origin":{"element-6066-11e4-a52e-4f735466cecf":"f.BCC40A51FB0F962C15E825EB75C92327.d.330FCB1E2056EA85CD95B7ECA6FAEC69.e.13101"}}]}]}
COMMAND: GET /session/bbd37991cd80103daa76f108f3796d35/screenshot - {}
RESULT: {"actions":[{"id":"action47","type":"wheel","parameters":{},"actions":[{"type":"scroll","x":-869,"y":-24,"deltaX":0,"deltaY":0,"duration":0,"origin":{"element-6066-11e4-a52e-4f735466cecf":"f.BCC40A51FB0F962C15E825EB75C92327.d.330FCB1E2056EA85CD95B7ECA6FAEC69.e.13101"}}]}]}
COMMAND: DELETE /session/bbd37991cd80103daa76f108f3796d35/actions - {}
COMMAND: GET /session/bbd37991cd80103daa76f108f3796d35/screenshot - {}
RESULT: {}
RESULT: {}
COMMAND: GET /session/bbd37991cd80103daa76f108f3796d35/screenshot - {}
RESULT: {}
RESULT: {}
COMMAND: POST /session/bbd37991cd80103daa76f108f3796d35/element/f.BCC40A51FB0F962C15E825EB75C92327.d.330FCB1E2056EA85CD95B7ECA6FAEC69.e.13101/click - {}
RESULT: {}
COMMAND: GET /session/bbd37991cd80103daa76f108f3796d35/screenshot - {}
RESULT: {}
COMMAND: POST /session/bbd37991cd80103daa76f108f3796d35/execute/async - {"script":"<script> [1562 bytes]","args":[{"selector":{"controlType":"sap.m.SearchField","properties":{"placeholder":"Search"},"searchOpenDialogs":true,"interaction":{"idSuffix":"I"}},"wdio_ui5_key":"sapm.SearchField{\"placeholder\":\"Search\"}"}]}
RESULT: {"script":"<script> [1562 bytes]","args":[{"selector":{"controlType":"sap.m.SearchField","properties":{"placeholder":"Search"},"searchOpenDialogs":true,"interaction":{"idSuffix":"I"}},"wdio_ui5_key":"sapm.SearchField{\"placeholder\":\"Search\"}"}]}
RESULT: undefined
COMMAND: POST /session/bbd37991cd80103daa76f108f3796d35/execute/async - {"script":"<script> [776 bytes]","args":[{"enterText":"4000360","selector":{"controlType":"sap.m.SearchField","properties":{"placeholder":"Search"},"searchOpenDialogs":true,"interaction":{"idSuffix":"I"}},"clearTextFirst":true,"interactionType":"ENTER_TEXT"}]}
RESULT: {"script":"<script> [776 bytes]","args":[{"enterText":"4000360","selector":{"controlType":"sap.m.SearchField","properties":{"placeholder":"Search"},"searchOpenDialogs":true,"interaction":{"idSuffix":"I"}},"clearTextFirst":true,"interactionType":"ENTER_TEXT"}]}
COMMAND: POST /session/bbd37991cd80103daa76f108f3796d35/actions - {"actions":[{"id":"action48","type":"key","parameters":{},"actions":[{"type":"keyDown","value":"î€‡"},{"type":"pause","duration":10},{"type":"keyUp","value":"î€‡"}]}]}
RESULT: {"actions":[{"id":"action48","type":"key","parameters":{},"actions":[{"type":"keyDown","value":"î€‡"},{"type":"pause","duration":10},{"type":"keyUp","value":"î€‡"}]}]}
COMMAND: GET /session/bbd37991cd80103daa76f108f3796d35/screenshot - {}
RESULT: {}
COMMAND: POST /session/bbd37991cd80103daa76f108f3796d35/element - {"using":"xpath","value":"//td/div/span[contains(text(), \"BGL Vehicles\")]"}
RESULT: {"using":"xpath","value":"//td/div/span[contains(text(), \"BGL Vehicles\")]"}
COMMAND: POST /session/bbd37991cd80103daa76f108f3796d35/element/f.BCC40A51FB0F962C15E825EB75C92327.d.330FCB1E2056EA85CD95B7ECA6FAEC69.e.13123/click - {}
RESULT: {}
COMMAND: GET /session/bbd37991cd80103daa76f108f3796d35/screenshot - {}
RESULT: {}
COMMAND: POST /session/bbd37991cd80103daa76f108f3796d35/element - {"using":"xpath","value":"//bdi[contains(text(), \"OK\")]"}
RESULT: {"using":"xpath","value":"//bdi[contains(text(), \"OK\")]"}
COMMAND: POST /session/bbd37991cd80103daa76f108f3796d35/element/f.BCC40A51FB0F962C15E825EB75C92327.d.330FCB1E2056EA85CD95B7ECA6FAEC69.e.13124/click - {}
RESULT: {}
COMMAND: GET /session/bbd37991cd80103daa76f108f3796d35/screenshot - {}
RESULT: {}
COMMAND: POST /session/bbd37991cd80103daa76f108f3796d35/execute/async - {"script":"<script> [1562 bytes]","args":[{"selector":{"id":"application-manageresources-display-component---newResourceUnit--newRRUPage-anchBar-application-manageresources-display-component---newResourceUnit--resource-anchor","interaction":{"idSuffix":"BDI-content"}},"wdio_ui5_key":"applicationmanageresources-display-component---newResourceUnit--newRRUPage-anchBar-application-manageresources-display-component---newResourceUnit--resource-anchor"}]}
RESULT: {"script":"<script> [1562 bytes]","args":[{"selector":{"id":"application-manageresources-display-component---newResourceUnit--newRRUPage-anchBar-application-manageresources-display-component---newResourceUnit--resource-anchor","interaction":{"idSuffix":"BDI-content"}},"wdio_ui5_key":"applicationmanageresources-display-component---newResourceUnit--newRRUPage-anchBar-application-manageresources-display-component---newResourceUnit--resource-anchor"}]}
RESULT: undefined
COMMAND: POST /session/bbd37991cd80103daa76f108f3796d35/element - {"using":"xpath","value":"//*[@id=\"application-manageresources-display-component---newResourceUnit--newRRUPage-anchBar-application-manageresources-display-component---newResourceUnit--resource-anchor\"]"}
RESULT: {"using":"xpath","value":"//*[@id=\"application-manageresources-display-component---newResourceUnit--newRRUPage-anchBar-application-manageresources-display-component---newResourceUnit--resource-anchor\"]"}
COMMAND: POST /session/bbd37991cd80103daa76f108f3796d35/element/f.BCC40A51FB0F962C15E825EB75C92327.d.330FCB1E2056EA85CD95B7ECA6FAEC69.e.13128/click - {}
RESULT: {}
COMMAND: POST /session/bbd37991cd80103daa76f108f3796d35/execute/async - {"script":"<script> [1562 bytes]","args":[{"selector":{"id":"application-manageresources-display-component---newResourceUnit--PLANNED_DELIVERY_DATE","interaction":{"idSuffix":"inner"}},"wdio_ui5_key":"applicationmanageresources-display-component---newResourceUnit--PLANNED_DELIVERY_DATE"}]}
COMMAND: GET /session/bbd37991cd80103daa76f108f3796d35/screenshot - {}
RESULT: {"script":"<script> [1562 bytes]","args":[{"selector":{"id":"application-manageresources-display-component---newResourceUnit--PLANNED_DELIVERY_DATE","interaction":{"idSuffix":"inner"}},"wdio_ui5_key":"applicationmanageresources-display-component---newResourceUnit--PLANNED_DELIVERY_DATE"}]}
RESULT: undefined
COMMAND: POST /session/bbd37991cd80103daa76f108f3796d35/execute/async - {"script":"<script> [6424 bytes]","args":[{"element-6066-11e4-a52e-4f735466cecf":"f.BCC40A51FB0F962C15E825EB75C92327.d.330FCB1E2056EA85CD95B7ECA6FAEC69.e.12989"},"setValue",["5/4/25"]]}
RESULT: {}
RESULT: {"script":"<script> [6424 bytes]","args":[{"element-6066-11e4-a52e-4f735466cecf":"f.BCC40A51FB0F962C15E825EB75C92327.d.330FCB1E2056EA85CD95B7ECA6FAEC69.e.12989"},"setValue",["5/4/25"]]}
COMMAND: POST /session/bbd37991cd80103daa76f108f3796d35/element - {"using":"xpath","value":"//button[@data-kt=\"resourceUnitSaveButton\"]"}
RESULT: {"using":"xpath","value":"//button[@data-kt=\"resourceUnitSaveButton\"]"}
COMMAND: POST /session/bbd37991cd80103daa76f108f3796d35/element/f.BCC40A51FB0F962C15E825EB75C92327.d.330FCB1E2056EA85CD95B7ECA6FAEC69.e.12950/click - {}
RESULT: {}
COMMAND: GET /session/bbd37991cd80103daa76f108f3796d35/screenshot - {}
RESULT: {}
COMMAND: POST /session/bbd37991cd80103daa76f108f3796d35/element - {"using":"xpath","value":"//bdi[contains(text(), \"Close\")]"}
RESULT: {"using":"xpath","value":"//bdi[contains(text(), \"Close\")]"}
COMMAND: POST /session/bbd37991cd80103daa76f108f3796d35/element/f.BCC40A51FB0F962C15E825EB75C92327.d.330FCB1E2056EA85CD95B7ECA6FAEC69.e.13136/click - {}
RESULT: {}
COMMAND: GET /session/bbd37991cd80103daa76f108f3796d35/screenshot - {}
RESULT: {}
COMMAND: POST /session/bbd37991cd80103daa76f108f3796d35/element - {"using":"xpath","value":"(//button[contains(@id ,\"actionsToolbar-overflowButton\")])[1]"}
RESULT: {"using":"xpath","value":"(//button[contains(@id ,\"actionsToolbar-overflowButton\")])[1]"}
COMMAND: POST /session/bbd37991cd80103daa76f108f3796d35/element/f.BCC40A51FB0F962C15E825EB75C92327.d.330FCB1E2056EA85CD95B7ECA6FAEC69.e.13168/click - {}
RESULT: {}
COMMAND: GET /session/bbd37991cd80103daa76f108f3796d35/screenshot - {}
RESULT: {}
COMMAND: POST /session/bbd37991cd80103daa76f108f3796d35/element - {"using":"xpath","value":"//button[@data-kt=\"priceInfoButton\"]"}
RESULT: {"using":"xpath","value":"//button[@data-kt=\"priceInfoButton\"]"}
COMMAND: POST /session/bbd37991cd80103daa76f108f3796d35/element/f.BCC40A51FB0F962C15E825EB75C92327.d.330FCB1E2056EA85CD95B7ECA6FAEC69.e.13170/click - {}
RESULT: {}
COMMAND: GET /session/bbd37991cd80103daa76f108f3796d35/screenshot - {}
RESULT: {}
]]></system-out>
    </testcase>
    <testcase classname="chrome.135_0_7049_96.windows.Billing_transfer_US117289" name="Should create new pricing rule" time="49.157">
      <system-out><![CDATA[
COMMAND: POST /session/bbd37991cd80103daa76f108f3796d35/element - {"using":"xpath","value":"//button[@data-kt=\"addButton\"]"}
RESULT: {"using":"xpath","value":"//button[@data-kt=\"addButton\"]"}
COMMAND: POST /session/bbd37991cd80103daa76f108f3796d35/elements - {"using":"xpath","value":"//button[@data-kt=\"addButton\"]"}
RESULT: {"using":"xpath","value":"//button[@data-kt=\"addButton\"]"}
COMMAND: POST /session/bbd37991cd80103daa76f108f3796d35/elements - {"using":"xpath","value":"//button[@data-kt=\"addButton\"]"}
RESULT: {"using":"xpath","value":"//button[@data-kt=\"addButton\"]"}
COMMAND: POST /session/bbd37991cd80103daa76f108f3796d35/element - {"using":"xpath","value":"//button[@data-kt=\"addButton\"]"}
RESULT: {"using":"xpath","value":"//button[@data-kt=\"addButton\"]"}
COMMAND: POST /session/bbd37991cd80103daa76f108f3796d35/execute/sync - {"script":"<script> [8489 bytes]","args":[{"element-6066-11e4-a52e-4f735466cecf":"f.BCC40A51FB0F962C15E825EB75C92327.d.330FCB1E2056EA85CD95B7ECA6FAEC69.e.13206","ELEMENT":"f.BCC40A51FB0F962C15E825EB75C92327.d.330FCB1E2056EA85CD95B7ECA6FAEC69.e.13206"}]}
RESULT: {"script":"<script> [8489 bytes]","args":[{"element-6066-11e4-a52e-4f735466cecf":"f.BCC40A51FB0F962C15E825EB75C92327.d.330FCB1E2056EA85CD95B7ECA6FAEC69.e.13206","ELEMENT":"f.BCC40A51FB0F962C15E825EB75C92327.d.330FCB1E2056EA85CD95B7ECA6FAEC69.e.13206"}]}
COMMAND: GET /session/bbd37991cd80103daa76f108f3796d35/element/f.BCC40A51FB0F962C15E825EB75C92327.d.330FCB1E2056EA85CD95B7ECA6FAEC69.e.13206/enabled - {}
COMMAND: GET /session/bbd37991cd80103daa76f108f3796d35/screenshot - {}
RESULT: {}
COMMAND: POST /session/bbd37991cd80103daa76f108f3796d35/execute/sync - {"script":"<script> [8489 bytes]","args":[{"element-6066-11e4-a52e-4f735466cecf":"f.BCC40A51FB0F962C15E825EB75C92327.d.330FCB1E2056EA85CD95B7ECA6FAEC69.e.13206","ELEMENT":"f.BCC40A51FB0F962C15E825EB75C92327.d.330FCB1E2056EA85CD95B7ECA6FAEC69.e.13206"}]}
COMMAND: GET /session/bbd37991cd80103daa76f108f3796d35/screenshot - {}
RESULT: {}
RESULT: {"script":"<script> [8489 bytes]","args":[{"element-6066-11e4-a52e-4f735466cecf":"f.BCC40A51FB0F962C15E825EB75C92327.d.330FCB1E2056EA85CD95B7ECA6FAEC69.e.13206","ELEMENT":"f.BCC40A51FB0F962C15E825EB75C92327.d.330FCB1E2056EA85CD95B7ECA6FAEC69.e.13206"}]}
COMMAND: POST /session/bbd37991cd80103daa76f108f3796d35/execute/sync - {"script":"<script> [5351 bytes]","args":[{"element-6066-11e4-a52e-4f735466cecf":"f.BCC40A51FB0F962C15E825EB75C92327.d.330FCB1E2056EA85CD95B7ECA6FAEC69.e.13206","ELEMENT":"f.BCC40A51FB0F962C15E825EB75C92327.d.330FCB1E2056EA85CD95B7ECA6FAEC69.e.13206"}]}
COMMAND: GET /session/bbd37991cd80103daa76f108f3796d35/screenshot - {}
RESULT: {}
RESULT: {"script":"<script> [5351 bytes]","args":[{"element-6066-11e4-a52e-4f735466cecf":"f.BCC40A51FB0F962C15E825EB75C92327.d.330FCB1E2056EA85CD95B7ECA6FAEC69.e.13206","ELEMENT":"f.BCC40A51FB0F962C15E825EB75C92327.d.330FCB1E2056EA85CD95B7ECA6FAEC69.e.13206"}]}
COMMAND: POST /session/bbd37991cd80103daa76f108f3796d35/element/f.BCC40A51FB0F962C15E825EB75C92327.d.330FCB1E2056EA85CD95B7ECA6FAEC69.e.13206/click - {}
COMMAND: GET /session/bbd37991cd80103daa76f108f3796d35/screenshot - {}
RESULT: {}
RESULT: {}
COMMAND: GET /session/bbd37991cd80103daa76f108f3796d35/screenshot - {}
RESULT: {}
RESULT: {}
COMMAND: POST /session/bbd37991cd80103daa76f108f3796d35/execute/async - {"script":"<script> [1562 bytes]","args":[{"selector":{"controlType":"sap.m.Title","viewName":"etm.portal.ui.managepricingrules.view.NewItem","viewId":"application-managepricingrules-display-component---newInfoPriceItem","properties":{"text":"New Pricing Rules - Item Level"}},"wdio_ui5_key":"etmportal.ui.managepricingrules.view.NewItemsap.m.Title{\"text\":\"New Pricing Rules - Item Level\"}"}]}
RESULT: {"script":"<script> [1562 bytes]","args":[{"selector":{"controlType":"sap.m.Title","viewName":"etm.portal.ui.managepricingrules.view.NewItem","viewId":"application-managepricingrules-display-component---newInfoPriceItem","properties":{"text":"New Pricing Rules - Item Level"}},"wdio_ui5_key":"etmportal.ui.managepricingrules.view.NewItemsap.m.Title{\"text\":\"New Pricing Rules - Item Level\"}"}]}
RESULT: undefined
COMMAND: POST /session/bbd37991cd80103daa76f108f3796d35/execute/async - {"script":"<script> [6424 bytes]","args":[{"element-6066-11e4-a52e-4f735466cecf":"f.BCC40A51FB0F962C15E825EB75C92327.d.330FCB1E2056EA85CD95B7ECA6FAEC69.e.13378"},"getText",[]]}
RESULT: {"script":"<script> [6424 bytes]","args":[{"element-6066-11e4-a52e-4f735466cecf":"f.BCC40A51FB0F962C15E825EB75C92327.d.330FCB1E2056EA85CD95B7ECA6FAEC69.e.13378"},"getText",[]]}
COMMAND: POST /session/bbd37991cd80103daa76f108f3796d35/execute/async - {"script":"<script> [1562 bytes]","args":[{"selector":{"id":"application-managepricingrules-display-component---newInfoPriceItem--condValidTo","interaction":{"idSuffix":"inner"}},"wdio_ui5_key":"applicationmanagepricingrules-display-component---newInfoPriceItem--condValidTo"}]}
RESULT: {"script":"<script> [1562 bytes]","args":[{"selector":{"id":"application-managepricingrules-display-component---newInfoPriceItem--condValidTo","interaction":{"idSuffix":"inner"}},"wdio_ui5_key":"applicationmanagepricingrules-display-component---newInfoPriceItem--condValidTo"}]}
RESULT: undefined
COMMAND: POST /session/bbd37991cd80103daa76f108f3796d35/execute/async - {"script":"<script> [776 bytes]","args":[{"enterText":"01/04/26","selector":{"id":"application-managepricingrules-display-component---newInfoPriceItem--condValidTo","interaction":{"idSuffix":"inner"}},"clearTextFirst":true,"interactionType":"ENTER_TEXT"}]}
RESULT: {"script":"<script> [776 bytes]","args":[{"enterText":"01/04/26","selector":{"id":"application-managepricingrules-display-component---newInfoPriceItem--condValidTo","interaction":{"idSuffix":"inner"}},"clearTextFirst":true,"interactionType":"ENTER_TEXT"}]}
COMMAND: POST /session/bbd37991cd80103daa76f108f3796d35/execute/async - {"script":"<script> [1562 bytes]","args":[{"selector":{"id":"application-managepricingrules-display-component---newInfoPriceItem--billType-arrow"},"wdio_ui5_key":"applicationmanagepricingrules-display-component---newInfoPriceItem--billType-arrow"}]}
RESULT: {"script":"<script> [1562 bytes]","args":[{"selector":{"id":"application-managepricingrules-display-component---newInfoPriceItem--billType-arrow"},"wdio_ui5_key":"applicationmanagepricingrules-display-component---newInfoPriceItem--billType-arrow"}]}
RESULT: undefined
COMMAND: POST /session/bbd37991cd80103daa76f108f3796d35/element - {"using":"xpath","value":"//*[@id=\"application-managepricingrules-display-component---newInfoPriceItem--billType-arrow\"]"}
RESULT: {"using":"xpath","value":"//*[@id=\"application-managepricingrules-display-component---newInfoPriceItem--billType-arrow\"]"}
COMMAND: POST /session/bbd37991cd80103daa76f108f3796d35/element/f.BCC40A51FB0F962C15E825EB75C92327.d.330FCB1E2056EA85CD95B7ECA6FAEC69.e.13337/click - {}
RESULT: {}
COMMAND: POST /session/bbd37991cd80103daa76f108f3796d35/element - {"using":"xpath","value":"//span[contains(text(), \"TB - Time based\")]"}
COMMAND: GET /session/bbd37991cd80103daa76f108f3796d35/screenshot - {}
RESULT: {"using":"xpath","value":"//span[contains(text(), \"TB - Time based\")]"}
COMMAND: POST /session/bbd37991cd80103daa76f108f3796d35/element/f.BCC40A51FB0F962C15E825EB75C92327.d.330FCB1E2056EA85CD95B7ECA6FAEC69.e.13380/click - {}
RESULT: {}
RESULT: {}
COMMAND: POST /session/bbd37991cd80103daa76f108f3796d35/execute/async - {"script":"<script> [1562 bytes]","args":[{"selector":{"id":"application-managepricingrules-display-component---newInfoPriceItem--priceProc-arrow"},"wdio_ui5_key":"applicationmanagepricingrules-display-component---newInfoPriceItem--priceProc-arrow"}]}
COMMAND: GET /session/bbd37991cd80103daa76f108f3796d35/screenshot - {}
RESULT: {"script":"<script> [1562 bytes]","args":[{"selector":{"id":"application-managepricingrules-display-component---newInfoPriceItem--priceProc-arrow"},"wdio_ui5_key":"applicationmanagepricingrules-display-component---newInfoPriceItem--priceProc-arrow"}]}
RESULT: undefined
COMMAND: POST /session/bbd37991cd80103daa76f108f3796d35/element - {"using":"xpath","value":"//*[@id=\"application-managepricingrules-display-component---newInfoPriceItem--priceProc-arrow\"]"}
RESULT: {}
RESULT: {"using":"xpath","value":"//*[@id=\"application-managepricingrules-display-component---newInfoPriceItem--priceProc-arrow\"]"}
COMMAND: POST /session/bbd37991cd80103daa76f108f3796d35/element/f.BCC40A51FB0F962C15E825EB75C92327.d.330FCB1E2056EA85CD95B7ECA6FAEC69.e.13344/click - {}
RESULT: {}
COMMAND: POST /session/bbd37991cd80103daa76f108f3796d35/element - {"using":"xpath","value":"//span[contains(text(), \"TBS - Time based standard\")]"}
COMMAND: GET /session/bbd37991cd80103daa76f108f3796d35/screenshot - {}
RESULT: {"using":"xpath","value":"//span[contains(text(), \"TBS - Time based standard\")]"}
COMMAND: POST /session/bbd37991cd80103daa76f108f3796d35/element/f.BCC40A51FB0F962C15E825EB75C92327.d.330FCB1E2056EA85CD95B7ECA6FAEC69.e.13381/click - {}
RESULT: {}
RESULT: {}
COMMAND: POST /session/bbd37991cd80103daa76f108f3796d35/execute/async - {"script":"<script> [1562 bytes]","args":[{"selector":{"id":"application-managepricingrules-display-component---newInfoPriceItem--calcBase-arrow"},"wdio_ui5_key":"applicationmanagepricingrules-display-component---newInfoPriceItem--calcBase-arrow"}]}
COMMAND: GET /session/bbd37991cd80103daa76f108f3796d35/screenshot - {}
RESULT: {"script":"<script> [1562 bytes]","args":[{"selector":{"id":"application-managepricingrules-display-component---newInfoPriceItem--calcBase-arrow"},"wdio_ui5_key":"applicationmanagepricingrules-display-component---newInfoPriceItem--calcBase-arrow"}]}
RESULT: undefined
COMMAND: POST /session/bbd37991cd80103daa76f108f3796d35/element - {"using":"xpath","value":"//*[@id=\"application-managepricingrules-display-component---newInfoPriceItem--calcBase-arrow\"]"}
RESULT: {}
RESULT: {"using":"xpath","value":"//*[@id=\"application-managepricingrules-display-component---newInfoPriceItem--calcBase-arrow\"]"}
COMMAND: POST /session/bbd37991cd80103daa76f108f3796d35/element/f.BCC40A51FB0F962C15E825EB75C92327.d.330FCB1E2056EA85CD95B7ECA6FAEC69.e.13351/click - {}
RESULT: {}
COMMAND: GET /session/bbd37991cd80103daa76f108f3796d35/screenshot - {}
RESULT: {}
COMMAND: POST /session/bbd37991cd80103daa76f108f3796d35/element - {"using":"xpath","value":"//span[contains(text(), \"0006 - TB(calendar days)\")]"}
RESULT: {"using":"xpath","value":"//span[contains(text(), \"0006 - TB(calendar days)\")]"}
COMMAND: POST /session/bbd37991cd80103daa76f108f3796d35/element/f.BCC40A51FB0F962C15E825EB75C92327.d.330FCB1E2056EA85CD95B7ECA6FAEC69.e.13382/click - {}
RESULT: {}
COMMAND: GET /session/bbd37991cd80103daa76f108f3796d35/screenshot - {}
RESULT: {}
COMMAND: POST /session/bbd37991cd80103daa76f108f3796d35/execute/async - {"script":"<script> [1562 bytes]","args":[{"selector":{"id":"application-managepricingrules-display-component---newInfoPriceItem--daysMonth","interaction":{"idSuffix":"inner"}},"wdio_ui5_key":"applicationmanagepricingrules-display-component---newInfoPriceItem--daysMonth"}]}
RESULT: {"script":"<script> [1562 bytes]","args":[{"selector":{"id":"application-managepricingrules-display-component---newInfoPriceItem--daysMonth","interaction":{"idSuffix":"inner"}},"wdio_ui5_key":"applicationmanagepricingrules-display-component---newInfoPriceItem--daysMonth"}]}
RESULT: undefined
COMMAND: POST /session/bbd37991cd80103daa76f108f3796d35/execute/async - {"script":"<script> [776 bytes]","args":[{"enterText":"30","selector":{"id":"application-managepricingrules-display-component---newInfoPriceItem--daysMonth","interaction":{"idSuffix":"inner"}},"clearTextFirst":true,"interactionType":"ENTER_TEXT"}]}
RESULT: {"script":"<script> [776 bytes]","args":[{"enterText":"30","selector":{"id":"application-managepricingrules-display-component---newInfoPriceItem--daysMonth","interaction":{"idSuffix":"inner"}},"clearTextFirst":true,"interactionType":"ENTER_TEXT"}]}
COMMAND: POST /session/bbd37991cd80103daa76f108f3796d35/element - {"using":"xpath","value":"//button[@data-kt=\"saveNewRuleButton\"]"}
RESULT: {"using":"xpath","value":"//button[@data-kt=\"saveNewRuleButton\"]"}
COMMAND: POST /session/bbd37991cd80103daa76f108f3796d35/element/f.BCC40A51FB0F962C15E825EB75C92327.d.330FCB1E2056EA85CD95B7ECA6FAEC69.e.13371/click - {}
RESULT: {}
COMMAND: GET /session/bbd37991cd80103daa76f108f3796d35/screenshot - {}
RESULT: {}
COMMAND: POST /session/bbd37991cd80103daa76f108f3796d35/execute/async - {"script":"<script> [1562 bytes]","args":[{"selector":{"id":"application-managepricingrules-display-component---priceInfoItem--smartFilterBar-btnBasicSearch","interaction":{"idSuffix":"I"}},"wdio_ui5_key":"applicationmanagepricingrules-display-component---priceInfoItem--smartFilterBar-btnBasicSearch"}]}
RESULT: {"script":"<script> [1562 bytes]","args":[{"selector":{"id":"application-managepricingrules-display-component---priceInfoItem--smartFilterBar-btnBasicSearch","interaction":{"idSuffix":"I"}},"wdio_ui5_key":"applicationmanagepricingrules-display-component---priceInfoItem--smartFilterBar-btnBasicSearch"}]}
RESULT: undefined
COMMAND: POST /session/bbd37991cd80103daa76f108f3796d35/execute/async - {"script":"<script> [776 bytes]","args":[{"enterText":"G0fRznJ13p","selector":{"id":"application-managepricingrules-display-component---priceInfoItem--smartFilterBar-btnBasicSearch","interaction":{"idSuffix":"I"}},"clearTextFirst":true,"interactionType":"ENTER_TEXT"}]}
RESULT: {"script":"<script> [776 bytes]","args":[{"enterText":"G0fRznJ13p","selector":{"id":"application-managepricingrules-display-component---priceInfoItem--smartFilterBar-btnBasicSearch","interaction":{"idSuffix":"I"}},"clearTextFirst":true,"interactionType":"ENTER_TEXT"}]}
COMMAND: POST /session/bbd37991cd80103daa76f108f3796d35/actions - {"actions":[{"id":"action49","type":"key","parameters":{},"actions":[{"type":"keyDown","value":"î€‡"},{"type":"pause","duration":10},{"type":"keyUp","value":"î€‡"}]}]}
RESULT: {"actions":[{"id":"action49","type":"key","parameters":{},"actions":[{"type":"keyDown","value":"î€‡"},{"type":"pause","duration":10},{"type":"keyUp","value":"î€‡"}]}]}
COMMAND: GET /session/bbd37991cd80103daa76f108f3796d35/screenshot - {}
RESULT: {}
COMMAND: POST /session/bbd37991cd80103daa76f108f3796d35/element - {"using":"xpath","value":"//span[@id=\"application-managepricingrules-display-component---priceInfoItem--smartTable-header-inner\"]"}
RESULT: {"using":"xpath","value":"//span[@id=\"application-managepricingrules-display-component---priceInfoItem--smartTable-header-inner\"]"}
COMMAND: POST /session/bbd37991cd80103daa76f108f3796d35/elements - {"using":"xpath","value":"//span[@id=\"application-managepricingrules-display-component---priceInfoItem--smartTable-header-inner\"]"}
RESULT: {"using":"xpath","value":"//span[@id=\"application-managepricingrules-display-component---priceInfoItem--smartTable-header-inner\"]"}
COMMAND: POST /session/bbd37991cd80103daa76f108f3796d35/execute/sync - {"script":"<script> [56 bytes]","args":[{"element-6066-11e4-a52e-4f735466cecf":"f.BCC40A51FB0F962C15E825EB75C92327.d.330FCB1E2056EA85CD95B7ECA6FAEC69.e.13396","ELEMENT":"f.BCC40A51FB0F962C15E825EB75C92327.d.330FCB1E2056EA85CD95B7ECA6FAEC69.e.13396"}]}
RESULT: {"script":"<script> [56 bytes]","args":[{"element-6066-11e4-a52e-4f735466cecf":"f.BCC40A51FB0F962C15E825EB75C92327.d.330FCB1E2056EA85CD95B7ECA6FAEC69.e.13396","ELEMENT":"f.BCC40A51FB0F962C15E825EB75C92327.d.330FCB1E2056EA85CD95B7ECA6FAEC69.e.13396"}]}
COMMAND: POST /session/bbd37991cd80103daa76f108f3796d35/element - {"using":"css selector","value":"#shell-header-logo"}
COMMAND: GET /session/bbd37991cd80103daa76f108f3796d35/screenshot - {}
RESULT: {"using":"css selector","value":"#shell-header-logo"}
COMMAND: POST /session/bbd37991cd80103daa76f108f3796d35/element/f.BCC40A51FB0F962C15E825EB75C92327.d.330FCB1E2056EA85CD95B7ECA6FAEC69.e.12730/click - {}
RESULT: {}
RESULT: {}
COMMAND: GET /session/bbd37991cd80103daa76f108f3796d35/screenshot - {}
RESULT: {}
]]></system-out>
    </testcase>
    <testcase classname="chrome.135_0_7049_96.windows.Billing_transfer_US117289" name="Should create new condition for equipment" time="61.495">
      <system-out><![CDATA[
COMMAND: POST /session/bbd37991cd80103daa76f108f3796d35/execute/async - {"script":"<script> [1562 bytes]","args":[{"selector":{"controlType":"sap.m.Text","properties":{"text":"Manage Conditions & Prices"},"interaction":{"idSuffix":"inner"}},"wdio_ui5_key":"sapm.Text{\"text\":\"Manage Conditions & Prices\"}"}]}
RESULT: {"script":"<script> [1562 bytes]","args":[{"selector":{"controlType":"sap.m.Text","properties":{"text":"Manage Conditions & Prices"},"interaction":{"idSuffix":"inner"}},"wdio_ui5_key":"sapm.Text{\"text\":\"Manage Conditions & Prices\"}"}]}
RESULT: undefined
COMMAND: POST /session/bbd37991cd80103daa76f108f3796d35/element - {"using":"xpath","value":"//*[@id=\"__tile53-title\"]"}
RESULT: {"using":"xpath","value":"//*[@id=\"__tile53-title\"]"}
COMMAND: POST /session/bbd37991cd80103daa76f108f3796d35/element/f.BCC40A51FB0F962C15E825EB75C92327.d.330FCB1E2056EA85CD95B7ECA6FAEC69.e.13399/click - {}
RESULT: {}
COMMAND: POST /session/bbd37991cd80103daa76f108f3796d35/element - {"using":"xpath","value":"//button[@aria-label=\"Create\"]"}
COMMAND: GET /session/bbd37991cd80103daa76f108f3796d35/screenshot - {}
RESULT: {"using":"xpath","value":"//button[@aria-label=\"Create\"]"}
COMMAND: POST /session/bbd37991cd80103daa76f108f3796d35/elements - {"using":"xpath","value":"//button[@aria-label=\"Create\"]"}
RESULT: {}
RESULT: {"using":"xpath","value":"//button[@aria-label=\"Create\"]"}
COMMAND: POST /session/bbd37991cd80103daa76f108f3796d35/elements - {"using":"xpath","value":"//button[@aria-label=\"Create\"]"}
RESULT: {"using":"xpath","value":"//button[@aria-label=\"Create\"]"}
COMMAND: POST /session/bbd37991cd80103daa76f108f3796d35/elements - {"using":"xpath","value":"//button[@aria-label=\"Create\"]"}
RESULT: {"using":"xpath","value":"//button[@aria-label=\"Create\"]"}
COMMAND: POST /session/bbd37991cd80103daa76f108f3796d35/elements - {"using":"xpath","value":"//button[@aria-label=\"Create\"]"}
RESULT: {"using":"xpath","value":"//button[@aria-label=\"Create\"]"}
COMMAND: POST /session/bbd37991cd80103daa76f108f3796d35/elements - {"using":"xpath","value":"//button[@aria-label=\"Create\"]"}
RESULT: {"using":"xpath","value":"//button[@aria-label=\"Create\"]"}
COMMAND: POST /session/bbd37991cd80103daa76f108f3796d35/elements - {"using":"xpath","value":"//button[@aria-label=\"Create\"]"}
RESULT: {"using":"xpath","value":"//button[@aria-label=\"Create\"]"}
COMMAND: POST /session/bbd37991cd80103daa76f108f3796d35/elements - {"using":"xpath","value":"//button[@aria-label=\"Create\"]"}
RESULT: {"using":"xpath","value":"//button[@aria-label=\"Create\"]"}
COMMAND: POST /session/bbd37991cd80103daa76f108f3796d35/elements - {"using":"xpath","value":"//button[@aria-label=\"Create\"]"}
RESULT: {"using":"xpath","value":"//button[@aria-label=\"Create\"]"}
COMMAND: POST /session/bbd37991cd80103daa76f108f3796d35/elements - {"using":"xpath","value":"//button[@aria-label=\"Create\"]"}
RESULT: {"using":"xpath","value":"//button[@aria-label=\"Create\"]"}
COMMAND: POST /session/bbd37991cd80103daa76f108f3796d35/elements - {"using":"xpath","value":"//button[@aria-label=\"Create\"]"}
RESULT: {"using":"xpath","value":"//button[@aria-label=\"Create\"]"}
COMMAND: POST /session/bbd37991cd80103daa76f108f3796d35/elements - {"using":"xpath","value":"//button[@aria-label=\"Create\"]"}
RESULT: {"using":"xpath","value":"//button[@aria-label=\"Create\"]"}
COMMAND: POST /session/bbd37991cd80103daa76f108f3796d35/elements - {"using":"xpath","value":"//button[@aria-label=\"Create\"]"}
RESULT: {"using":"xpath","value":"//button[@aria-label=\"Create\"]"}
COMMAND: POST /session/bbd37991cd80103daa76f108f3796d35/elements - {"using":"xpath","value":"//button[@aria-label=\"Create\"]"}
RESULT: {"using":"xpath","value":"//button[@aria-label=\"Create\"]"}
COMMAND: POST /session/bbd37991cd80103daa76f108f3796d35/elements - {"using":"xpath","value":"//button[@aria-label=\"Create\"]"}
RESULT: {"using":"xpath","value":"//button[@aria-label=\"Create\"]"}
COMMAND: POST /session/bbd37991cd80103daa76f108f3796d35/element - {"using":"xpath","value":"//button[@aria-label=\"Create\"]"}
RESULT: {"using":"xpath","value":"//button[@aria-label=\"Create\"]"}
COMMAND: POST /session/bbd37991cd80103daa76f108f3796d35/execute/sync - {"script":"<script> [8489 bytes]","args":[{"element-6066-11e4-a52e-4f735466cecf":"f.BCC40A51FB0F962C15E825EB75C92327.d.330FCB1E2056EA85CD95B7ECA6FAEC69.e.13433","ELEMENT":"f.BCC40A51FB0F962C15E825EB75C92327.d.330FCB1E2056EA85CD95B7ECA6FAEC69.e.13433"}]}
RESULT: {"script":"<script> [8489 bytes]","args":[{"element-6066-11e4-a52e-4f735466cecf":"f.BCC40A51FB0F962C15E825EB75C92327.d.330FCB1E2056EA85CD95B7ECA6FAEC69.e.13433","ELEMENT":"f.BCC40A51FB0F962C15E825EB75C92327.d.330FCB1E2056EA85CD95B7ECA6FAEC69.e.13433"}]}
COMMAND: GET /session/bbd37991cd80103daa76f108f3796d35/element/f.BCC40A51FB0F962C15E825EB75C92327.d.330FCB1E2056EA85CD95B7ECA6FAEC69.e.13433/enabled - {}
COMMAND: GET /session/bbd37991cd80103daa76f108f3796d35/screenshot - {}
RESULT: {}
COMMAND: POST /session/bbd37991cd80103daa76f108f3796d35/execute/sync - {"script":"<script> [8489 bytes]","args":[{"element-6066-11e4-a52e-4f735466cecf":"f.BCC40A51FB0F962C15E825EB75C92327.d.330FCB1E2056EA85CD95B7ECA6FAEC69.e.13433","ELEMENT":"f.BCC40A51FB0F962C15E825EB75C92327.d.330FCB1E2056EA85CD95B7ECA6FAEC69.e.13433"}]}
COMMAND: GET /session/bbd37991cd80103daa76f108f3796d35/screenshot - {}
RESULT: {}
RESULT: {"script":"<script> [8489 bytes]","args":[{"element-6066-11e4-a52e-4f735466cecf":"f.BCC40A51FB0F962C15E825EB75C92327.d.330FCB1E2056EA85CD95B7ECA6FAEC69.e.13433","ELEMENT":"f.BCC40A51FB0F962C15E825EB75C92327.d.330FCB1E2056EA85CD95B7ECA6FAEC69.e.13433"}]}
COMMAND: POST /session/bbd37991cd80103daa76f108f3796d35/execute/sync - {"script":"<script> [5351 bytes]","args":[{"element-6066-11e4-a52e-4f735466cecf":"f.BCC40A51FB0F962C15E825EB75C92327.d.330FCB1E2056EA85CD95B7ECA6FAEC69.e.13433","ELEMENT":"f.BCC40A51FB0F962C15E825EB75C92327.d.330FCB1E2056EA85CD95B7ECA6FAEC69.e.13433"}]}
COMMAND: GET /session/bbd37991cd80103daa76f108f3796d35/screenshot - {}
RESULT: {}
RESULT: {"script":"<script> [5351 bytes]","args":[{"element-6066-11e4-a52e-4f735466cecf":"f.BCC40A51FB0F962C15E825EB75C92327.d.330FCB1E2056EA85CD95B7ECA6FAEC69.e.13433","ELEMENT":"f.BCC40A51FB0F962C15E825EB75C92327.d.330FCB1E2056EA85CD95B7ECA6FAEC69.e.13433"}]}
COMMAND: POST /session/bbd37991cd80103daa76f108f3796d35/element/f.BCC40A51FB0F962C15E825EB75C92327.d.330FCB1E2056EA85CD95B7ECA6FAEC69.e.13433/click - {}
COMMAND: GET /session/bbd37991cd80103daa76f108f3796d35/screenshot - {}
RESULT: {}
RESULT: {}
COMMAND: GET /session/bbd37991cd80103daa76f108f3796d35/screenshot - {}
RESULT: {}
RESULT: {}
COMMAND: POST /session/bbd37991cd80103daa76f108f3796d35/actions - {"actions":[{"id":"action50","type":"key","parameters":{},"actions":[{"type":"keyDown","value":"î€‡"},{"type":"pause","duration":10},{"type":"keyUp","value":"î€‡"}]}]}
RESULT: {"actions":[{"id":"action50","type":"key","parameters":{},"actions":[{"type":"keyDown","value":"î€‡"},{"type":"pause","duration":10},{"type":"keyUp","value":"î€‡"}]}]}
COMMAND: GET /session/bbd37991cd80103daa76f108f3796d35/screenshot - {}
RESULT: {}
COMMAND: POST /session/bbd37991cd80103daa76f108f3796d35/execute/async - {"script":"<script> [1562 bytes]","args":[{"selector":{"id":"application-manageconditionprice-display-component---newCondition--condBillCond-arrow"},"wdio_ui5_key":"applicationmanageconditionprice-display-component---newCondition--condBillCond-arrow"}]}
RESULT: {"script":"<script> [1562 bytes]","args":[{"selector":{"id":"application-manageconditionprice-display-component---newCondition--condBillCond-arrow"},"wdio_ui5_key":"applicationmanageconditionprice-display-component---newCondition--condBillCond-arrow"}]}
RESULT: undefined
COMMAND: POST /session/bbd37991cd80103daa76f108f3796d35/element - {"using":"xpath","value":"//*[@id=\"application-manageconditionprice-display-component---newCondition--condBillCond-arrow\"]"}
RESULT: {"using":"xpath","value":"//*[@id=\"application-manageconditionprice-display-component---newCondition--condBillCond-arrow\"]"}
COMMAND: POST /session/bbd37991cd80103daa76f108f3796d35/element/f.BCC40A51FB0F962C15E825EB75C92327.d.330FCB1E2056EA85CD95B7ECA6FAEC69.e.13614/click - {}
RESULT: {}
COMMAND: GET /session/bbd37991cd80103daa76f108f3796d35/screenshot - {}
RESULT: {}
COMMAND: POST /session/bbd37991cd80103daa76f108f3796d35/element - {"using":"xpath","value":"//li[.//span[contains(text(), \"DISP - D&I special price\")]]"}
RESULT: {"using":"xpath","value":"//li[.//span[contains(text(), \"DISP - D&I special price\")]]"}
COMMAND: POST /session/bbd37991cd80103daa76f108f3796d35/element/f.BCC40A51FB0F962C15E825EB75C92327.d.330FCB1E2056EA85CD95B7ECA6FAEC69.e.13617/click - {}
RESULT: {}
COMMAND: GET /session/bbd37991cd80103daa76f108f3796d35/screenshot - {}
RESULT: {}
COMMAND: POST /session/bbd37991cd80103daa76f108f3796d35/execute/async - {"script":"<script> [1562 bytes]","args":[{"selector":{"id":"application-manageconditionprice-display-component---newCondition--condValidTo","interaction":{"idSuffix":"inner"}},"wdio_ui5_key":"applicationmanageconditionprice-display-component---newCondition--condValidTo"}]}
RESULT: {"script":"<script> [1562 bytes]","args":[{"selector":{"id":"application-manageconditionprice-display-component---newCondition--condValidTo","interaction":{"idSuffix":"inner"}},"wdio_ui5_key":"applicationmanageconditionprice-display-component---newCondition--condValidTo"}]}
RESULT: undefined
COMMAND: POST /session/bbd37991cd80103daa76f108f3796d35/execute/async - {"script":"<script> [776 bytes]","args":[{"enterText":"01/04/26","selector":{"id":"application-manageconditionprice-display-component---newCondition--condValidTo","interaction":{"idSuffix":"inner"}},"clearTextFirst":true,"interactionType":"ENTER_TEXT"}]}
RESULT: {"script":"<script> [776 bytes]","args":[{"enterText":"01/04/26","selector":{"id":"application-manageconditionprice-display-component---newCondition--condValidTo","interaction":{"idSuffix":"inner"}},"clearTextFirst":true,"interactionType":"ENTER_TEXT"}]}
COMMAND: POST /session/bbd37991cd80103daa76f108f3796d35/element - {"using":"xpath","value":"//input[@id=\"application-manageconditionprice-display-component---newCondition--condRU-inner\"]"}
RESULT: {"using":"xpath","value":"//input[@id=\"application-manageconditionprice-display-component---newCondition--condRU-inner\"]"}
COMMAND: POST /session/bbd37991cd80103daa76f108f3796d35/element/f.BCC40A51FB0F962C15E825EB75C92327.d.330FCB1E2056EA85CD95B7ECA6FAEC69.e.13479/clear - {}
RESULT: {}
COMMAND: POST /session/bbd37991cd80103daa76f108f3796d35/element/f.BCC40A51FB0F962C15E825EB75C92327.d.330FCB1E2056EA85CD95B7ECA6FAEC69.e.13479/value - {"text":"G0fRznJ13p"}
COMMAND: GET /session/bbd37991cd80103daa76f108f3796d35/screenshot - {}
RESULT: {"text":"G0fRznJ13p"}
COMMAND: GET /session/bbd37991cd80103daa76f108f3796d35/screenshot - {}
RESULT: {}
RESULT: {}
COMMAND: POST /session/bbd37991cd80103daa76f108f3796d35/actions - {"actions":[{"id":"action51","type":"key","parameters":{},"actions":[{"type":"keyDown","value":"î€‡"},{"type":"pause","duration":10},{"type":"keyUp","value":"î€‡"}]}]}
RESULT: {"actions":[{"id":"action51","type":"key","parameters":{},"actions":[{"type":"keyDown","value":"î€‡"},{"type":"pause","duration":10},{"type":"keyUp","value":"î€‡"}]}]}
COMMAND: POST /session/bbd37991cd80103daa76f108f3796d35/execute/async - {"script":"<script> [1562 bytes]","args":[{"selector":{"id":"application-manageconditionprice-display-component---newCondition--condBaseQty","interaction":{"idSuffix":"inner"}},"wdio_ui5_key":"applicationmanageconditionprice-display-component---newCondition--condBaseQty"}]}
COMMAND: GET /session/bbd37991cd80103daa76f108f3796d35/screenshot - {}
RESULT: {"script":"<script> [1562 bytes]","args":[{"selector":{"id":"application-manageconditionprice-display-component---newCondition--condBaseQty","interaction":{"idSuffix":"inner"}},"wdio_ui5_key":"applicationmanageconditionprice-display-component---newCondition--condBaseQty"}]}
RESULT: undefined
COMMAND: POST /session/bbd37991cd80103daa76f108f3796d35/execute/async - {"script":"<script> [776 bytes]","args":[{"enterText":"1","selector":{"id":"application-manageconditionprice-display-component---newCondition--condBaseQty","interaction":{"idSuffix":"inner"}},"clearTextFirst":true,"interactionType":"ENTER_TEXT"}]}
RESULT: {}
RESULT: {"script":"<script> [776 bytes]","args":[{"enterText":"1","selector":{"id":"application-manageconditionprice-display-component---newCondition--condBaseQty","interaction":{"idSuffix":"inner"}},"clearTextFirst":true,"interactionType":"ENTER_TEXT"}]}
COMMAND: POST /session/bbd37991cd80103daa76f108f3796d35/execute/async - {"script":"<script> [1562 bytes]","args":[{"selector":{"id":"application-manageconditionprice-display-component---newCondition--condValue","interaction":{"idSuffix":"inner"}},"wdio_ui5_key":"applicationmanageconditionprice-display-component---newCondition--condValue"}]}
RESULT: {"script":"<script> [1562 bytes]","args":[{"selector":{"id":"application-manageconditionprice-display-component---newCondition--condValue","interaction":{"idSuffix":"inner"}},"wdio_ui5_key":"applicationmanageconditionprice-display-component---newCondition--condValue"}]}
RESULT: undefined
COMMAND: POST /session/bbd37991cd80103daa76f108f3796d35/execute/async - {"script":"<script> [776 bytes]","args":[{"enterText":"100","selector":{"id":"application-manageconditionprice-display-component---newCondition--condValue","interaction":{"idSuffix":"inner"}},"clearTextFirst":true,"interactionType":"ENTER_TEXT"}]}
RESULT: {"script":"<script> [776 bytes]","args":[{"enterText":"100","selector":{"id":"application-manageconditionprice-display-component---newCondition--condValue","interaction":{"idSuffix":"inner"}},"clearTextFirst":true,"interactionType":"ENTER_TEXT"}]}
COMMAND: POST /session/bbd37991cd80103daa76f108f3796d35/execute/async - {"script":"<script> [1562 bytes]","args":[{"selector":{"id":"application-manageconditionprice-display-component---newCondition--condCurr-arrow"},"wdio_ui5_key":"applicationmanageconditionprice-display-component---newCondition--condCurr-arrow"}]}
RESULT: {"script":"<script> [1562 bytes]","args":[{"selector":{"id":"application-manageconditionprice-display-component---newCondition--condCurr-arrow"},"wdio_ui5_key":"applicationmanageconditionprice-display-component---newCondition--condCurr-arrow"}]}
RESULT: undefined
COMMAND: POST /session/bbd37991cd80103daa76f108f3796d35/element - {"using":"xpath","value":"//*[@id=\"application-manageconditionprice-display-component---newCondition--condCurr-arrow\"]"}
RESULT: {"using":"xpath","value":"//*[@id=\"application-manageconditionprice-display-component---newCondition--condCurr-arrow\"]"}
COMMAND: POST /session/bbd37991cd80103daa76f108f3796d35/element/f.BCC40A51FB0F962C15E825EB75C92327.d.330FCB1E2056EA85CD95B7ECA6FAEC69.e.13586/click - {}
RESULT: {}
COMMAND: POST /session/bbd37991cd80103daa76f108f3796d35/element - {"using":"xpath","value":"//span[contains(text(), \"Euro\")]"}
COMMAND: GET /session/bbd37991cd80103daa76f108f3796d35/screenshot - {}
RESULT: {"using":"xpath","value":"//span[contains(text(), \"Euro\")]"}
COMMAND: POST /session/bbd37991cd80103daa76f108f3796d35/element/f.BCC40A51FB0F962C15E825EB75C92327.d.330FCB1E2056EA85CD95B7ECA6FAEC69.e.13653/click - {}
RESULT: {}
RESULT: {}
COMMAND: POST /session/bbd37991cd80103daa76f108f3796d35/element - {"using":"xpath","value":"//button[@data-kt=\"saveButton\"]"}
COMMAND: GET /session/bbd37991cd80103daa76f108f3796d35/screenshot - {}
RESULT: {"using":"xpath","value":"//button[@data-kt=\"saveButton\"]"}
COMMAND: POST /session/bbd37991cd80103daa76f108f3796d35/element/f.BCC40A51FB0F962C15E825EB75C92327.d.330FCB1E2056EA85CD95B7ECA6FAEC69.e.13587/click - {}
RESULT: {}
RESULT: {}
COMMAND: GET /session/bbd37991cd80103daa76f108f3796d35/screenshot - {}
RESULT: {}
COMMAND: POST /session/bbd37991cd80103daa76f108f3796d35/execute/async - {"script":"<script> [1562 bytes]","args":[{"selector":{"id":"application-manageconditionprice-display-component---conditions--smartFilterBar-btnBasicSearch","interaction":{"idSuffix":"I"}},"wdio_ui5_key":"applicationmanageconditionprice-display-component---conditions--smartFilterBar-btnBasicSearch"}]}
RESULT: {"script":"<script> [1562 bytes]","args":[{"selector":{"id":"application-manageconditionprice-display-component---conditions--smartFilterBar-btnBasicSearch","interaction":{"idSuffix":"I"}},"wdio_ui5_key":"applicationmanageconditionprice-display-component---conditions--smartFilterBar-btnBasicSearch"}]}
RESULT: undefined
COMMAND: POST /session/bbd37991cd80103daa76f108f3796d35/execute/async - {"script":"<script> [776 bytes]","args":[{"enterText":"G0fRznJ13p","selector":{"id":"application-manageconditionprice-display-component---conditions--smartFilterBar-btnBasicSearch","interaction":{"idSuffix":"I"}},"clearTextFirst":true,"interactionType":"ENTER_TEXT"}]}
RESULT: {"script":"<script> [776 bytes]","args":[{"enterText":"G0fRznJ13p","selector":{"id":"application-manageconditionprice-display-component---conditions--smartFilterBar-btnBasicSearch","interaction":{"idSuffix":"I"}},"clearTextFirst":true,"interactionType":"ENTER_TEXT"}]}
COMMAND: POST /session/bbd37991cd80103daa76f108f3796d35/actions - {"actions":[{"id":"action52","type":"key","parameters":{},"actions":[{"type":"keyDown","value":"î€‡"},{"type":"pause","duration":10},{"type":"keyUp","value":"î€‡"}]}]}
RESULT: {"actions":[{"id":"action52","type":"key","parameters":{},"actions":[{"type":"keyDown","value":"î€‡"},{"type":"pause","duration":10},{"type":"keyUp","value":"î€‡"}]}]}
COMMAND: GET /session/bbd37991cd80103daa76f108f3796d35/screenshot - {}
RESULT: {}
COMMAND: POST /session/bbd37991cd80103daa76f108f3796d35/execute/async - {"script":"<script> [1562 bytes]","args":[{"selector":{"id":"application-manageconditionprice-display-component---conditions--smartFilterBar-filterItemControl_BASIC-BILL_TYPES-vhi"},"wdio_ui5_key":"applicationmanageconditionprice-display-component---conditions--smartFilterBar-filterItemControl_BASIC-BILL_TYPES-vhi"}]}
RESULT: {"script":"<script> [1562 bytes]","args":[{"selector":{"id":"application-manageconditionprice-display-component---conditions--smartFilterBar-filterItemControl_BASIC-BILL_TYPES-vhi"},"wdio_ui5_key":"applicationmanageconditionprice-display-component---conditions--smartFilterBar-filterItemControl_BASIC-BILL_TYPES-vhi"}]}
RESULT: undefined
COMMAND: POST /session/bbd37991cd80103daa76f108f3796d35/element - {"using":"xpath","value":"//*[@id=\"application-manageconditionprice-display-component---conditions--smartFilterBar-filterItemControl_BASIC-BILL_TYPES-vhi\"]"}
RESULT: {"using":"xpath","value":"//*[@id=\"application-manageconditionprice-display-component---conditions--smartFilterBar-filterItemControl_BASIC-BILL_TYPES-vhi\"]"}
COMMAND: POST /session/bbd37991cd80103daa76f108f3796d35/element/f.BCC40A51FB0F962C15E825EB75C92327.d.330FCB1E2056EA85CD95B7ECA6FAEC69.e.13759/click - {}
RESULT: {}
COMMAND: POST /session/bbd37991cd80103daa76f108f3796d35/execute/async - {"script":"<script> [1562 bytes]","args":[{"selector":{"id":"application-manageconditionprice-display-component---conditions--smartFilterBar-filterItemControl_BASIC-BILL_TYPES-valueHelpDialog-smartFilterBar-btnBasicSearch","searchOpenDialogs":true,"interaction":{"idSuffix":"I"}},"wdio_ui5_key":"applicationmanageconditionprice-display-component---conditions--smartFilterBar-filterItemControl_BASIC-BILL_TYPES-valueHelpDialog-smartFilterBar-btnBasicSearch"}]}
COMMAND: GET /session/bbd37991cd80103daa76f108f3796d35/screenshot - {}
RESULT: {"script":"<script> [1562 bytes]","args":[{"selector":{"id":"application-manageconditionprice-display-component---conditions--smartFilterBar-filterItemControl_BASIC-BILL_TYPES-valueHelpDialog-smartFilterBar-btnBasicSearch","searchOpenDialogs":true,"interaction":{"idSuffix":"I"}},"wdio_ui5_key":"applicationmanageconditionprice-display-component---conditions--smartFilterBar-filterItemControl_BASIC-BILL_TYPES-valueHelpDialog-smartFilterBar-btnBasicSearch"}]}
RESULT: undefined
COMMAND: POST /session/bbd37991cd80103daa76f108f3796d35/execute/async - {"script":"<script> [776 bytes]","args":[{"enterText":"TB","selector":{"id":"application-manageconditionprice-display-component---conditions--smartFilterBar-filterItemControl_BASIC-BILL_TYPES-valueHelpDialog-smartFilterBar-btnBasicSearch","searchOpenDialogs":true,"interaction":{"idSuffix":"I"}},"clearTextFirst":true,"interactionType":"ENTER_TEXT"}]}
RESULT: {}
RESULT: {"script":"<script> [776 bytes]","args":[{"enterText":"TB","selector":{"id":"application-manageconditionprice-display-component---conditions--smartFilterBar-filterItemControl_BASIC-BILL_TYPES-valueHelpDialog-smartFilterBar-btnBasicSearch","searchOpenDialogs":true,"interaction":{"idSuffix":"I"}},"clearTextFirst":true,"interactionType":"ENTER_TEXT"}]}
COMMAND: POST /session/bbd37991cd80103daa76f108f3796d35/actions - {"actions":[{"id":"action53","type":"key","parameters":{},"actions":[{"type":"keyDown","value":"î€‡"},{"type":"pause","duration":10},{"type":"keyUp","value":"î€‡"}]}]}
RESULT: {"actions":[{"id":"action53","type":"key","parameters":{},"actions":[{"type":"keyDown","value":"î€‡"},{"type":"pause","duration":10},{"type":"keyUp","value":"î€‡"}]}]}
COMMAND: GET /session/bbd37991cd80103daa76f108f3796d35/screenshot - {}
RESULT: {}
COMMAND: POST /session/bbd37991cd80103daa76f108f3796d35/element - {"using":"xpath","value":"//div[contains(@id, 'application-manageconditionprice-display-component---conditions--smartFilterBar-filterItemControl_BASIC-BILL_TYPES-valueHelpDialog-table-rowsel0')]"}
RESULT: {"using":"xpath","value":"//div[contains(@id, 'application-manageconditionprice-display-component---conditions--smartFilterBar-filterItemControl_BASIC-BILL_TYPES-valueHelpDialog-table-rowsel0')]"}
COMMAND: POST /session/bbd37991cd80103daa76f108f3796d35/element/f.BCC40A51FB0F962C15E825EB75C92327.d.330FCB1E2056EA85CD95B7ECA6FAEC69.e.13769/click - {}
RESULT: {}
COMMAND: GET /session/bbd37991cd80103daa76f108f3796d35/screenshot - {}
RESULT: {}
COMMAND: POST /session/bbd37991cd80103daa76f108f3796d35/element - {"using":"xpath","value":"//bdi[contains(text(), \"OK\")]"}
RESULT: {"using":"xpath","value":"//bdi[contains(text(), \"OK\")]"}
COMMAND: POST /session/bbd37991cd80103daa76f108f3796d35/element/f.BCC40A51FB0F962C15E825EB75C92327.d.330FCB1E2056EA85CD95B7ECA6FAEC69.e.13771/click - {}
RESULT: {}
COMMAND: GET /session/bbd37991cd80103daa76f108f3796d35/screenshot - {}
RESULT: {}
COMMAND: POST /session/bbd37991cd80103daa76f108f3796d35/element - {"using":"xpath","value":"//span[@id=\"application-manageconditionprice-display-component---conditions--smartTable-header-inner\"]"}
RESULT: {"using":"xpath","value":"//span[@id=\"application-manageconditionprice-display-component---conditions--smartTable-header-inner\"]"}
COMMAND: POST /session/bbd37991cd80103daa76f108f3796d35/elements - {"using":"xpath","value":"//span[@id=\"application-manageconditionprice-display-component---conditions--smartTable-header-inner\"]"}
RESULT: {"using":"xpath","value":"//span[@id=\"application-manageconditionprice-display-component---conditions--smartTable-header-inner\"]"}
COMMAND: POST /session/bbd37991cd80103daa76f108f3796d35/execute/sync - {"script":"<script> [56 bytes]","args":[{"element-6066-11e4-a52e-4f735466cecf":"f.BCC40A51FB0F962C15E825EB75C92327.d.330FCB1E2056EA85CD95B7ECA6FAEC69.e.13774","ELEMENT":"f.BCC40A51FB0F962C15E825EB75C92327.d.330FCB1E2056EA85CD95B7ECA6FAEC69.e.13774"}]}
RESULT: {"script":"<script> [56 bytes]","args":[{"element-6066-11e4-a52e-4f735466cecf":"f.BCC40A51FB0F962C15E825EB75C92327.d.330FCB1E2056EA85CD95B7ECA6FAEC69.e.13774","ELEMENT":"f.BCC40A51FB0F962C15E825EB75C92327.d.330FCB1E2056EA85CD95B7ECA6FAEC69.e.13774"}]}
COMMAND: POST /session/bbd37991cd80103daa76f108f3796d35/element - {"using":"css selector","value":"#shell-header-logo"}
COMMAND: GET /session/bbd37991cd80103daa76f108f3796d35/screenshot - {}
RESULT: {"using":"css selector","value":"#shell-header-logo"}
COMMAND: POST /session/bbd37991cd80103daa76f108f3796d35/element/f.BCC40A51FB0F962C15E825EB75C92327.d.330FCB1E2056EA85CD95B7ECA6FAEC69.e.13401/click - {}
RESULT: {}
RESULT: {}
COMMAND: GET /session/bbd37991cd80103daa76f108f3796d35/screenshot - {}
RESULT: {}
]]></system-out>
    </testcase>
    <testcase classname="chrome.135_0_7049_96.windows.Billing_transfer_US117289" name="Should do a stock increase" time="82.439">
      <system-out><![CDATA[
COMMAND: POST /session/bbd37991cd80103daa76f108f3796d35/execute/async - {"script":"<script> [1562 bytes]","args":[{"selector":{"controlType":"sap.m.Text","viewName":"etm.portal.ui.managehandoverstile.view.Master","properties":{"text":"Manage Handovers"},"interaction":{"idSuffix":"inner"}},"wdio_ui5_key":"etmportal.ui.managehandoverstile.view.Mastersap.m.Text{\"text\":\"Manage Handovers\"}"}]}
RESULT: {"script":"<script> [1562 bytes]","args":[{"selector":{"controlType":"sap.m.Text","viewName":"etm.portal.ui.managehandoverstile.view.Master","properties":{"text":"Manage Handovers"},"interaction":{"idSuffix":"inner"}},"wdio_ui5_key":"etmportal.ui.managehandoverstile.view.Mastersap.m.Text{\"text\":\"Manage Handovers\"}"}]}
RESULT: undefined
COMMAND: POST /session/bbd37991cd80103daa76f108f3796d35/element - {"using":"xpath","value":"//*[@id=\"__tile132-title\"]"}
RESULT: {"using":"xpath","value":"//*[@id=\"__tile132-title\"]"}
COMMAND: POST /session/bbd37991cd80103daa76f108f3796d35/element/f.BCC40A51FB0F962C15E825EB75C92327.d.330FCB1E2056EA85CD95B7ECA6FAEC69.e.13779/click - {}
RESULT: {}
COMMAND: POST /session/bbd37991cd80103daa76f108f3796d35/element - {"using":"xpath","value":"//button[@data-kt=\"masterHOAddButton\"]"}
COMMAND: GET /session/bbd37991cd80103daa76f108f3796d35/screenshot - {}
RESULT: {"using":"xpath","value":"//button[@data-kt=\"masterHOAddButton\"]"}
COMMAND: POST /session/bbd37991cd80103daa76f108f3796d35/elements - {"using":"xpath","value":"//button[@data-kt=\"masterHOAddButton\"]"}
RESULT: {}
RESULT: {"using":"xpath","value":"//button[@data-kt=\"masterHOAddButton\"]"}
COMMAND: POST /session/bbd37991cd80103daa76f108f3796d35/elements - {"using":"xpath","value":"//button[@data-kt=\"masterHOAddButton\"]"}
RESULT: {"using":"xpath","value":"//button[@data-kt=\"masterHOAddButton\"]"}
COMMAND: POST /session/bbd37991cd80103daa76f108f3796d35/elements - {"using":"xpath","value":"//button[@data-kt=\"masterHOAddButton\"]"}
RESULT: {"using":"xpath","value":"//button[@data-kt=\"masterHOAddButton\"]"}
COMMAND: POST /session/bbd37991cd80103daa76f108f3796d35/elements - {"using":"xpath","value":"//button[@data-kt=\"masterHOAddButton\"]"}
RESULT: {"using":"xpath","value":"//button[@data-kt=\"masterHOAddButton\"]"}
COMMAND: POST /session/bbd37991cd80103daa76f108f3796d35/elements - {"using":"xpath","value":"//button[@data-kt=\"masterHOAddButton\"]"}
RESULT: {"using":"xpath","value":"//button[@data-kt=\"masterHOAddButton\"]"}
COMMAND: POST /session/bbd37991cd80103daa76f108f3796d35/elements - {"using":"xpath","value":"//button[@data-kt=\"masterHOAddButton\"]"}
RESULT: {"using":"xpath","value":"//button[@data-kt=\"masterHOAddButton\"]"}
COMMAND: POST /session/bbd37991cd80103daa76f108f3796d35/elements - {"using":"xpath","value":"//button[@data-kt=\"masterHOAddButton\"]"}
RESULT: {"using":"xpath","value":"//button[@data-kt=\"masterHOAddButton\"]"}
COMMAND: POST /session/bbd37991cd80103daa76f108f3796d35/elements - {"using":"xpath","value":"//button[@data-kt=\"masterHOAddButton\"]"}
RESULT: {"using":"xpath","value":"//button[@data-kt=\"masterHOAddButton\"]"}
COMMAND: POST /session/bbd37991cd80103daa76f108f3796d35/elements - {"using":"xpath","value":"//button[@data-kt=\"masterHOAddButton\"]"}
RESULT: {"using":"xpath","value":"//button[@data-kt=\"masterHOAddButton\"]"}
COMMAND: POST /session/bbd37991cd80103daa76f108f3796d35/elements - {"using":"xpath","value":"//button[@data-kt=\"masterHOAddButton\"]"}
RESULT: {"using":"xpath","value":"//button[@data-kt=\"masterHOAddButton\"]"}
COMMAND: POST /session/bbd37991cd80103daa76f108f3796d35/elements - {"using":"xpath","value":"//button[@data-kt=\"masterHOAddButton\"]"}
RESULT: {"using":"xpath","value":"//button[@data-kt=\"masterHOAddButton\"]"}
COMMAND: POST /session/bbd37991cd80103daa76f108f3796d35/elements - {"using":"xpath","value":"//button[@data-kt=\"masterHOAddButton\"]"}
RESULT: {"using":"xpath","value":"//button[@data-kt=\"masterHOAddButton\"]"}
COMMAND: POST /session/bbd37991cd80103daa76f108f3796d35/element - {"using":"xpath","value":"//button[@data-kt=\"masterHOAddButton\"]"}
RESULT: {"using":"xpath","value":"//button[@data-kt=\"masterHOAddButton\"]"}
COMMAND: POST /session/bbd37991cd80103daa76f108f3796d35/execute/sync - {"script":"<script> [8489 bytes]","args":[{"element-6066-11e4-a52e-4f735466cecf":"f.BCC40A51FB0F962C15E825EB75C92327.d.330FCB1E2056EA85CD95B7ECA6FAEC69.e.13809","ELEMENT":"f.BCC40A51FB0F962C15E825EB75C92327.d.330FCB1E2056EA85CD95B7ECA6FAEC69.e.13809"}]}
RESULT: {"script":"<script> [8489 bytes]","args":[{"element-6066-11e4-a52e-4f735466cecf":"f.BCC40A51FB0F962C15E825EB75C92327.d.330FCB1E2056EA85CD95B7ECA6FAEC69.e.13809","ELEMENT":"f.BCC40A51FB0F962C15E825EB75C92327.d.330FCB1E2056EA85CD95B7ECA6FAEC69.e.13809"}]}
COMMAND: GET /session/bbd37991cd80103daa76f108f3796d35/element/f.BCC40A51FB0F962C15E825EB75C92327.d.330FCB1E2056EA85CD95B7ECA6FAEC69.e.13809/enabled - {}
COMMAND: GET /session/bbd37991cd80103daa76f108f3796d35/screenshot - {}
RESULT: {}
COMMAND: POST /session/bbd37991cd80103daa76f108f3796d35/execute/sync - {"script":"<script> [8489 bytes]","args":[{"element-6066-11e4-a52e-4f735466cecf":"f.BCC40A51FB0F962C15E825EB75C92327.d.330FCB1E2056EA85CD95B7ECA6FAEC69.e.13809","ELEMENT":"f.BCC40A51FB0F962C15E825EB75C92327.d.330FCB1E2056EA85CD95B7ECA6FAEC69.e.13809"}]}
COMMAND: GET /session/bbd37991cd80103daa76f108f3796d35/screenshot - {}
RESULT: {}
RESULT: {"script":"<script> [8489 bytes]","args":[{"element-6066-11e4-a52e-4f735466cecf":"f.BCC40A51FB0F962C15E825EB75C92327.d.330FCB1E2056EA85CD95B7ECA6FAEC69.e.13809","ELEMENT":"f.BCC40A51FB0F962C15E825EB75C92327.d.330FCB1E2056EA85CD95B7ECA6FAEC69.e.13809"}]}
COMMAND: POST /session/bbd37991cd80103daa76f108f3796d35/execute/sync - {"script":"<script> [5351 bytes]","args":[{"element-6066-11e4-a52e-4f735466cecf":"f.BCC40A51FB0F962C15E825EB75C92327.d.330FCB1E2056EA85CD95B7ECA6FAEC69.e.13809","ELEMENT":"f.BCC40A51FB0F962C15E825EB75C92327.d.330FCB1E2056EA85CD95B7ECA6FAEC69.e.13809"}]}
COMMAND: GET /session/bbd37991cd80103daa76f108f3796d35/screenshot - {}
RESULT: {}
RESULT: {"script":"<script> [5351 bytes]","args":[{"element-6066-11e4-a52e-4f735466cecf":"f.BCC40A51FB0F962C15E825EB75C92327.d.330FCB1E2056EA85CD95B7ECA6FAEC69.e.13809","ELEMENT":"f.BCC40A51FB0F962C15E825EB75C92327.d.330FCB1E2056EA85CD95B7ECA6FAEC69.e.13809"}]}
COMMAND: POST /session/bbd37991cd80103daa76f108f3796d35/element/f.BCC40A51FB0F962C15E825EB75C92327.d.330FCB1E2056EA85CD95B7ECA6FAEC69.e.13809/click - {}
COMMAND: GET /session/bbd37991cd80103daa76f108f3796d35/screenshot - {}
RESULT: {}
RESULT: {}
COMMAND: GET /session/bbd37991cd80103daa76f108f3796d35/screenshot - {}
RESULT: {}
COMMAND: POST /session/bbd37991cd80103daa76f108f3796d35/element - {"using":"xpath","value":"//span[contains(@id ,\"AddNewHO--typeSelect-arrow\")]"}
RESULT: {}
RESULT: {"using":"xpath","value":"//span[contains(@id ,\"AddNewHO--typeSelect-arrow\")]"}
COMMAND: POST /session/bbd37991cd80103daa76f108f3796d35/element/f.BCC40A51FB0F962C15E825EB75C92327.d.330FCB1E2056EA85CD95B7ECA6FAEC69.e.14172/click - {}
RESULT: {}
COMMAND: GET /session/bbd37991cd80103daa76f108f3796d35/screenshot - {}
RESULT: {}
COMMAND: POST /session/bbd37991cd80103daa76f108f3796d35/element - {"using":"xpath","value":"(//li[contains(text(), \"stock increase yard\")])[1]"}
RESULT: {"using":"xpath","value":"(//li[contains(text(), \"stock increase yard\")])[1]"}
COMMAND: POST /session/bbd37991cd80103daa76f108f3796d35/element/f.BCC40A51FB0F962C15E825EB75C92327.d.330FCB1E2056EA85CD95B7ECA6FAEC69.e.14173/click - {}
RESULT: {}
COMMAND: GET /session/bbd37991cd80103daa76f108f3796d35/screenshot - {}
RESULT: {}
COMMAND: POST /session/bbd37991cd80103daa76f108f3796d35/execute/async - {"script":"<script> [1562 bytes]","args":[{"selector":{"id":"application-managehandovers-display-component---AddNewHO--dueDate","interaction":{"idSuffix":"inner"}},"wdio_ui5_key":"applicationmanagehandovers-display-component---AddNewHO--dueDate"}]}
RESULT: {"script":"<script> [1562 bytes]","args":[{"selector":{"id":"application-managehandovers-display-component---AddNewHO--dueDate","interaction":{"idSuffix":"inner"}},"wdio_ui5_key":"applicationmanagehandovers-display-component---AddNewHO--dueDate"}]}
RESULT: undefined
COMMAND: POST /session/bbd37991cd80103daa76f108f3796d35/execute/async - {"script":"<script> [6424 bytes]","args":[{"element-6066-11e4-a52e-4f735466cecf":"f.BCC40A51FB0F962C15E825EB75C92327.d.330FCB1E2056EA85CD95B7ECA6FAEC69.e.14175"},"setValue",["05/04/2025"]]}
RESULT: {"script":"<script> [6424 bytes]","args":[{"element-6066-11e4-a52e-4f735466cecf":"f.BCC40A51FB0F962C15E825EB75C92327.d.330FCB1E2056EA85CD95B7ECA6FAEC69.e.14175"},"setValue",["05/04/2025"]]}
COMMAND: POST /session/bbd37991cd80103daa76f108f3796d35/element - {"using":"xpath","value":"//input[@id=\"generalSectionFrg--receiveYard-inner\"]"}
RESULT: {"using":"xpath","value":"//input[@id=\"generalSectionFrg--receiveYard-inner\"]"}
COMMAND: POST /session/bbd37991cd80103daa76f108f3796d35/element/f.BCC40A51FB0F962C15E825EB75C92327.d.330FCB1E2056EA85CD95B7ECA6FAEC69.e.14181/clear - {}
RESULT: {}
COMMAND: POST /session/bbd37991cd80103daa76f108f3796d35/element/f.BCC40A51FB0F962C15E825EB75C92327.d.330FCB1E2056EA85CD95B7ECA6FAEC69.e.14181/value - {"text":"550"}
COMMAND: GET /session/bbd37991cd80103daa76f108f3796d35/screenshot - {}
RESULT: {"text":"550"}
COMMAND: GET /session/bbd37991cd80103daa76f108f3796d35/screenshot - {}
RESULT: {}
RESULT: {}
COMMAND: POST /session/bbd37991cd80103daa76f108f3796d35/element - {"using":"xpath","value":"//li[.//span[text()='550']]"}
RESULT: {"using":"xpath","value":"//li[.//span[text()='550']]"}
COMMAND: POST /session/bbd37991cd80103daa76f108f3796d35/element/f.BCC40A51FB0F962C15E825EB75C92327.d.330FCB1E2056EA85CD95B7ECA6FAEC69.e.14199/click - {}
RESULT: {}
COMMAND: GET /session/bbd37991cd80103daa76f108f3796d35/screenshot - {}
RESULT: {}
COMMAND: POST /session/bbd37991cd80103daa76f108f3796d35/execute/async - {"script":"<script> [1562 bytes]","args":[{"selector":{"id":"application-managehandovers-display-component---AddNewHO--ObjectPageLayout-anchBar-application-managehandovers-display-component---AddNewHO--section4-anchor","interaction":{"idSuffix":"BDI-content"}},"wdio_ui5_key":"applicationmanagehandovers-display-component---AddNewHO--ObjectPageLayout-anchBar-application-managehandovers-display-component---AddNewHO--section4-anchor"}]}
RESULT: {"script":"<script> [1562 bytes]","args":[{"selector":{"id":"application-managehandovers-display-component---AddNewHO--ObjectPageLayout-anchBar-application-managehandovers-display-component---AddNewHO--section4-anchor","interaction":{"idSuffix":"BDI-content"}},"wdio_ui5_key":"applicationmanagehandovers-display-component---AddNewHO--ObjectPageLayout-anchBar-application-managehandovers-display-component---AddNewHO--section4-anchor"}]}
RESULT: undefined
COMMAND: POST /session/bbd37991cd80103daa76f108f3796d35/element - {"using":"xpath","value":"//*[@id=\"application-managehandovers-display-component---AddNewHO--ObjectPageLayout-anchBar-application-managehandovers-display-component---AddNewHO--section4-anchor\"]"}
RESULT: {"using":"xpath","value":"//*[@id=\"application-managehandovers-display-component---AddNewHO--ObjectPageLayout-anchBar-application-managehandovers-display-component---AddNewHO--section4-anchor\"]"}
COMMAND: POST /session/bbd37991cd80103daa76f108f3796d35/element/f.BCC40A51FB0F962C15E825EB75C92327.d.330FCB1E2056EA85CD95B7ECA6FAEC69.e.14201/click - {}
RESULT: {}
COMMAND: POST /session/bbd37991cd80103daa76f108f3796d35/element - {"using":"xpath","value":"//button[@aria-label=\"Add\"]"}
COMMAND: GET /session/bbd37991cd80103daa76f108f3796d35/screenshot - {}
RESULT: {"using":"xpath","value":"//button[@aria-label=\"Add\"]"}
COMMAND: POST /session/bbd37991cd80103daa76f108f3796d35/element/f.BCC40A51FB0F962C15E825EB75C92327.d.330FCB1E2056EA85CD95B7ECA6FAEC69.e.14203/click - {}
RESULT: {}
RESULT: {}
COMMAND: GET /session/bbd37991cd80103daa76f108f3796d35/screenshot - {}
RESULT: {}
COMMAND: POST /session/bbd37991cd80103daa76f108f3796d35/execute/async - {"script":"<script> [1562 bytes]","args":[{"selector":{"id":"application-managehandovers-display-component---AddNewHO--smartFilterBar-btnBasicSearch","searchOpenDialogs":true,"interaction":{"idSuffix":"I"}},"wdio_ui5_key":"applicationmanagehandovers-display-component---AddNewHO--smartFilterBar-btnBasicSearch"}]}
RESULT: {"script":"<script> [1562 bytes]","args":[{"selector":{"id":"application-managehandovers-display-component---AddNewHO--smartFilterBar-btnBasicSearch","searchOpenDialogs":true,"interaction":{"idSuffix":"I"}},"wdio_ui5_key":"applicationmanagehandovers-display-component---AddNewHO--smartFilterBar-btnBasicSearch"}]}
RESULT: undefined
COMMAND: POST /session/bbd37991cd80103daa76f108f3796d35/execute/async - {"script":"<script> [776 bytes]","args":[{"enterText":"G0fRznJ13p","selector":{"id":"application-managehandovers-display-component---AddNewHO--smartFilterBar-btnBasicSearch","searchOpenDialogs":true,"interaction":{"idSuffix":"I"}},"clearTextFirst":true,"interactionType":"ENTER_TEXT"}]}
RESULT: {"script":"<script> [776 bytes]","args":[{"enterText":"G0fRznJ13p","selector":{"id":"application-managehandovers-display-component---AddNewHO--smartFilterBar-btnBasicSearch","searchOpenDialogs":true,"interaction":{"idSuffix":"I"}},"clearTextFirst":true,"interactionType":"ENTER_TEXT"}]}
COMMAND: POST /session/bbd37991cd80103daa76f108f3796d35/actions - {"actions":[{"id":"action54","type":"key","parameters":{},"actions":[{"type":"keyDown","value":"î€‡"},{"type":"pause","duration":10},{"type":"keyUp","value":"î€‡"}]}]}
RESULT: {"actions":[{"id":"action54","type":"key","parameters":{},"actions":[{"type":"keyDown","value":"î€‡"},{"type":"pause","duration":10},{"type":"keyUp","value":"î€‡"}]}]}
COMMAND: GET /session/bbd37991cd80103daa76f108f3796d35/screenshot - {}
RESULT: {}
COMMAND: POST /session/bbd37991cd80103daa76f108f3796d35/execute/async - {"script":"<script> [1562 bytes]","args":[{"selector":{"id":"application-managehandovers-display-component---AddNewHO--popup-sa","searchOpenDialogs":true,"interaction":{"idSuffix":"CbBg"}},"wdio_ui5_key":"applicationmanagehandovers-display-component---AddNewHO--popup-sa"}]}
RESULT: {"script":"<script> [1562 bytes]","args":[{"selector":{"id":"application-managehandovers-display-component---AddNewHO--popup-sa","searchOpenDialogs":true,"interaction":{"idSuffix":"CbBg"}},"wdio_ui5_key":"applicationmanagehandovers-display-component---AddNewHO--popup-sa"}]}
RESULT: undefined
COMMAND: POST /session/bbd37991cd80103daa76f108f3796d35/element - {"using":"xpath","value":"//*[@id=\"application-managehandovers-display-component---AddNewHO--popup-sa\"]"}
RESULT: {"using":"xpath","value":"//*[@id=\"application-managehandovers-display-component---AddNewHO--popup-sa\"]"}
COMMAND: POST /session/bbd37991cd80103daa76f108f3796d35/element/f.BCC40A51FB0F962C15E825EB75C92327.d.330FCB1E2056EA85CD95B7ECA6FAEC69.e.14357/click - {}
RESULT: {}
COMMAND: GET /session/bbd37991cd80103daa76f108f3796d35/screenshot - {}
RESULT: {}
COMMAND: POST /session/bbd37991cd80103daa76f108f3796d35/element - {"using":"xpath","value":"//bdi[contains(text(), \"Select\")]"}
RESULT: {"using":"xpath","value":"//bdi[contains(text(), \"Select\")]"}
COMMAND: POST /session/bbd37991cd80103daa76f108f3796d35/element/f.BCC40A51FB0F962C15E825EB75C92327.d.330FCB1E2056EA85CD95B7ECA6FAEC69.e.14358/click - {}
RESULT: {}
COMMAND: GET /session/bbd37991cd80103daa76f108f3796d35/screenshot - {}
RESULT: {}
COMMAND: POST /session/bbd37991cd80103daa76f108f3796d35/element - {"using":"xpath","value":"//button[@data-kt=\"AddNewHOSaveButton\"]"}
RESULT: {"using":"xpath","value":"//button[@data-kt=\"AddNewHOSaveButton\"]"}
COMMAND: POST /session/bbd37991cd80103daa76f108f3796d35/element/f.BCC40A51FB0F962C15E825EB75C92327.d.330FCB1E2056EA85CD95B7ECA6FAEC69.e.14362/click - {}
RESULT: {}
COMMAND: GET /session/bbd37991cd80103daa76f108f3796d35/screenshot - {}
COMMAND: POST /session/bbd37991cd80103daa76f108f3796d35/execute/async - {"script":"<script> [1562 bytes]","args":[{"selector":{"id":"receiptDatePicker","viewName":"etm.portal.ui.managehandovers.view.DetailExecuteHO","interaction":{"idSuffix":"inner"}},"wdio_ui5_key":"receiptDatePickeretmportal.ui.managehandovers.view.DetailExecuteHO"}]}
RESULT: {}
RESULT: {"script":"<script> [1562 bytes]","args":[{"selector":{"id":"receiptDatePicker","viewName":"etm.portal.ui.managehandovers.view.DetailExecuteHO","interaction":{"idSuffix":"inner"}},"wdio_ui5_key":"receiptDatePickeretmportal.ui.managehandovers.view.DetailExecuteHO"}]}
RESULT: undefined
COMMAND: POST /session/bbd37991cd80103daa76f108f3796d35/execute/async - {"script":"<script> [6424 bytes]","args":[{"element-6066-11e4-a52e-4f735466cecf":"f.BCC40A51FB0F962C15E825EB75C92327.d.330FCB1E2056EA85CD95B7ECA6FAEC69.e.14388"},"setValue",["05/04/2025"]]}
RESULT: {"script":"<script> [6424 bytes]","args":[{"element-6066-11e4-a52e-4f735466cecf":"f.BCC40A51FB0F962C15E825EB75C92327.d.330FCB1E2056EA85CD95B7ECA6FAEC69.e.14388"},"setValue",["05/04/2025"]]}
COMMAND: POST /session/bbd37991cd80103daa76f108f3796d35/element - {"using":"xpath","value":"//button[@data-kt=\"PickingTableConfirmAllButton\"]"}
RESULT: {"using":"xpath","value":"//button[@data-kt=\"PickingTableConfirmAllButton\"]"}
COMMAND: POST /session/bbd37991cd80103daa76f108f3796d35/element/f.BCC40A51FB0F962C15E825EB75C92327.d.330FCB1E2056EA85CD95B7ECA6FAEC69.e.14407/click - {}
RESULT: {}
COMMAND: GET /session/bbd37991cd80103daa76f108f3796d35/screenshot - {}
RESULT: {}
COMMAND: POST /session/bbd37991cd80103daa76f108f3796d35/element - {"using":"xpath","value":"//bdi[contains(text(), \"OK\")]"}
RESULT: {"using":"xpath","value":"//bdi[contains(text(), \"OK\")]"}
COMMAND: POST /session/bbd37991cd80103daa76f108f3796d35/element/f.BCC40A51FB0F962C15E825EB75C92327.d.330FCB1E2056EA85CD95B7ECA6FAEC69.e.14409/click - {}
RESULT: {}
COMMAND: GET /session/bbd37991cd80103daa76f108f3796d35/screenshot - {}
RESULT: {}
COMMAND: POST /session/bbd37991cd80103daa76f108f3796d35/element - {"using":"xpath","value":"(//bdi[contains(text(), \"Receive\")])[2]"}
RESULT: {"using":"xpath","value":"(//bdi[contains(text(), \"Receive\")])[2]"}
COMMAND: POST /session/bbd37991cd80103daa76f108f3796d35/element/f.BCC40A51FB0F962C15E825EB75C92327.d.330FCB1E2056EA85CD95B7ECA6FAEC69.e.14411/click - {}
RESULT: {}
COMMAND: GET /session/bbd37991cd80103daa76f108f3796d35/screenshot - {}
RESULT: {}
COMMAND: POST /session/bbd37991cd80103daa76f108f3796d35/element - {"using":"css selector","value":"#shell-header-logo"}
RESULT: {"using":"css selector","value":"#shell-header-logo"}
COMMAND: POST /session/bbd37991cd80103daa76f108f3796d35/element/f.BCC40A51FB0F962C15E825EB75C92327.d.330FCB1E2056EA85CD95B7ECA6FAEC69.e.13781/click - {}
RESULT: {}
COMMAND: GET /session/bbd37991cd80103daa76f108f3796d35/screenshot - {}
RESULT: {}
]]></system-out>
    </testcase>
    <testcase classname="chrome.135_0_7049_96.windows.Billing_transfer_US117289" name="Should create a new contract" time="53.328">
      <system-out><![CDATA[
COMMAND: POST /session/bbd37991cd80103daa76f108f3796d35/execute/async - {"script":"<script> [1562 bytes]","args":[{"selector":{"controlType":"sap.m.Text","viewName":"etm.portal.ui.managecontractstile.view.Master","properties":{"text":"Manage Contracts"},"interaction":{"idSuffix":"inner"}},"wdio_ui5_key":"etmportal.ui.managecontractstile.view.Mastersap.m.Text{\"text\":\"Manage Contracts\"}"}]}
RESULT: {"script":"<script> [1562 bytes]","args":[{"selector":{"controlType":"sap.m.Text","viewName":"etm.portal.ui.managecontractstile.view.Master","properties":{"text":"Manage Contracts"},"interaction":{"idSuffix":"inner"}},"wdio_ui5_key":"etmportal.ui.managecontractstile.view.Mastersap.m.Text{\"text\":\"Manage Contracts\"}"}]}
RESULT: undefined
COMMAND: POST /session/bbd37991cd80103daa76f108f3796d35/element - {"using":"xpath","value":"//*[@id=\"__tile131-title\"]"}
RESULT: {"using":"xpath","value":"//*[@id=\"__tile131-title\"]"}
COMMAND: POST /session/bbd37991cd80103daa76f108f3796d35/element/f.BCC40A51FB0F962C15E825EB75C92327.d.330FCB1E2056EA85CD95B7ECA6FAEC69.e.14735/click - {}
RESULT: {}
COMMAND: GET /session/bbd37991cd80103daa76f108f3796d35/screenshot - {}
RESULT: {}
COMMAND: POST /session/bbd37991cd80103daa76f108f3796d35/element - {"using":"xpath","value":"//button[@data-kt=\"addButton\"]"}
RESULT: {"using":"xpath","value":"//button[@data-kt=\"addButton\"]"}
COMMAND: POST /session/bbd37991cd80103daa76f108f3796d35/elements - {"using":"xpath","value":"//button[@data-kt=\"addButton\"]"}
RESULT: {"using":"xpath","value":"//button[@data-kt=\"addButton\"]"}
COMMAND: POST /session/bbd37991cd80103daa76f108f3796d35/execute/sync - {"script":"<script> [8489 bytes]","args":[{"element-6066-11e4-a52e-4f735466cecf":"f.BCC40A51FB0F962C15E825EB75C92327.d.330FCB1E2056EA85CD95B7ECA6FAEC69.e.14805","ELEMENT":"f.BCC40A51FB0F962C15E825EB75C92327.d.330FCB1E2056EA85CD95B7ECA6FAEC69.e.14805"}]}
RESULT: {"script":"<script> [8489 bytes]","args":[{"element-6066-11e4-a52e-4f735466cecf":"f.BCC40A51FB0F962C15E825EB75C92327.d.330FCB1E2056EA85CD95B7ECA6FAEC69.e.14805","ELEMENT":"f.BCC40A51FB0F962C15E825EB75C92327.d.330FCB1E2056EA85CD95B7ECA6FAEC69.e.14805"}]}
COMMAND: GET /session/bbd37991cd80103daa76f108f3796d35/element/f.BCC40A51FB0F962C15E825EB75C92327.d.330FCB1E2056EA85CD95B7ECA6FAEC69.e.14805/enabled - {}
COMMAND: GET /session/bbd37991cd80103daa76f108f3796d35/screenshot - {}
RESULT: {}
COMMAND: POST /session/bbd37991cd80103daa76f108f3796d35/execute/sync - {"script":"<script> [8489 bytes]","args":[{"element-6066-11e4-a52e-4f735466cecf":"f.BCC40A51FB0F962C15E825EB75C92327.d.330FCB1E2056EA85CD95B7ECA6FAEC69.e.14805","ELEMENT":"f.BCC40A51FB0F962C15E825EB75C92327.d.330FCB1E2056EA85CD95B7ECA6FAEC69.e.14805"}]}
COMMAND: GET /session/bbd37991cd80103daa76f108f3796d35/screenshot - {}
RESULT: {}
RESULT: {"script":"<script> [8489 bytes]","args":[{"element-6066-11e4-a52e-4f735466cecf":"f.BCC40A51FB0F962C15E825EB75C92327.d.330FCB1E2056EA85CD95B7ECA6FAEC69.e.14805","ELEMENT":"f.BCC40A51FB0F962C15E825EB75C92327.d.330FCB1E2056EA85CD95B7ECA6FAEC69.e.14805"}]}
COMMAND: POST /session/bbd37991cd80103daa76f108f3796d35/execute/sync - {"script":"<script> [5351 bytes]","args":[{"element-6066-11e4-a52e-4f735466cecf":"f.BCC40A51FB0F962C15E825EB75C92327.d.330FCB1E2056EA85CD95B7ECA6FAEC69.e.14805","ELEMENT":"f.BCC40A51FB0F962C15E825EB75C92327.d.330FCB1E2056EA85CD95B7ECA6FAEC69.e.14805"}]}
COMMAND: GET /session/bbd37991cd80103daa76f108f3796d35/screenshot - {}
RESULT: {}
RESULT: {"script":"<script> [5351 bytes]","args":[{"element-6066-11e4-a52e-4f735466cecf":"f.BCC40A51FB0F962C15E825EB75C92327.d.330FCB1E2056EA85CD95B7ECA6FAEC69.e.14805","ELEMENT":"f.BCC40A51FB0F962C15E825EB75C92327.d.330FCB1E2056EA85CD95B7ECA6FAEC69.e.14805"}]}
COMMAND: GET /session/bbd37991cd80103daa76f108f3796d35/screenshot - {}
RESULT: {}
RESULT: {}
COMMAND: POST /session/bbd37991cd80103daa76f108f3796d35/element/f.BCC40A51FB0F962C15E825EB75C92327.d.330FCB1E2056EA85CD95B7ECA6FAEC69.e.14805/click - {}
RESULT: {}
COMMAND: GET /session/bbd37991cd80103daa76f108f3796d35/screenshot - {}
COMMAND: POST /session/bbd37991cd80103daa76f108f3796d35/execute/async - {"script":"<script> [1562 bytes]","args":[{"selector":{"id":"application-managecontracts-display-component---AddNewContract--projectDescription","interaction":{"idSuffix":"inner"}},"wdio_ui5_key":"applicationmanagecontracts-display-component---AddNewContract--projectDescription"}]}
RESULT: {}
RESULT: {"script":"<script> [1562 bytes]","args":[{"selector":{"id":"application-managecontracts-display-component---AddNewContract--projectDescription","interaction":{"idSuffix":"inner"}},"wdio_ui5_key":"applicationmanagecontracts-display-component---AddNewContract--projectDescription"}]}
RESULT: undefined
COMMAND: POST /session/bbd37991cd80103daa76f108f3796d35/execute/async - {"script":"<script> [776 bytes]","args":[{"enterText":"Contract WDIO","selector":{"id":"application-managecontracts-display-component---AddNewContract--projectDescription","interaction":{"idSuffix":"inner"}},"clearTextFirst":true,"interactionType":"ENTER_TEXT"}]}
RESULT: {"script":"<script> [776 bytes]","args":[{"enterText":"Contract WDIO","selector":{"id":"application-managecontracts-display-component---AddNewContract--projectDescription","interaction":{"idSuffix":"inner"}},"clearTextFirst":true,"interactionType":"ENTER_TEXT"}]}
COMMAND: POST /session/bbd37991cd80103daa76f108f3796d35/element - {"using":"xpath","value":"//input[@id=\"application-managecontracts-display-component---AddNewContract--site-inner\"]"}
RESULT: {"using":"xpath","value":"//input[@id=\"application-managecontracts-display-component---AddNewContract--site-inner\"]"}
COMMAND: POST /session/bbd37991cd80103daa76f108f3796d35/element/f.BCC40A51FB0F962C15E825EB75C92327.d.330FCB1E2056EA85CD95B7ECA6FAEC69.e.15100/clear - {}
RESULT: {}
COMMAND: POST /session/bbd37991cd80103daa76f108f3796d35/element/f.BCC40A51FB0F962C15E825EB75C92327.d.330FCB1E2056EA85CD95B7ECA6FAEC69.e.15100/value - {"text":"2383"}
COMMAND: GET /session/bbd37991cd80103daa76f108f3796d35/screenshot - {}
RESULT: {"text":"2383"}
COMMAND: GET /session/bbd37991cd80103daa76f108f3796d35/screenshot - {}
RESULT: {}
RESULT: {}
COMMAND: POST /session/bbd37991cd80103daa76f108f3796d35/element - {"using":"xpath","value":"//li[.//span[text()='2383']]"}
RESULT: {"using":"xpath","value":"//li[.//span[text()='2383']]"}
COMMAND: POST /session/bbd37991cd80103daa76f108f3796d35/element/f.BCC40A51FB0F962C15E825EB75C92327.d.330FCB1E2056EA85CD95B7ECA6FAEC69.e.15124/click - {}
RESULT: {}
COMMAND: GET /session/bbd37991cd80103daa76f108f3796d35/screenshot - {}
RESULT: {}
COMMAND: POST /session/bbd37991cd80103daa76f108f3796d35/element - {"using":"xpath","value":"//input[@id=\"application-managecontracts-display-component---AddNewContract--yardId-inner\"]"}
RESULT: {"using":"xpath","value":"//input[@id=\"application-managecontracts-display-component---AddNewContract--yardId-inner\"]"}
COMMAND: GET /session/bbd37991cd80103daa76f108f3796d35/element/f.BCC40A51FB0F962C15E825EB75C92327.d.330FCB1E2056EA85CD95B7ECA6FAEC69.e.15101/property/value - {}
RESULT: {}
COMMAND: POST /session/bbd37991cd80103daa76f108f3796d35/element - {"using":"xpath","value":"//input[@id=\"application-managecontracts-display-component---AddNewContract--customerSelect-inner\"]"}
COMMAND: GET /session/bbd37991cd80103daa76f108f3796d35/screenshot - {}
RESULT: {"using":"xpath","value":"//input[@id=\"application-managecontracts-display-component---AddNewContract--customerSelect-inner\"]"}
COMMAND: POST /session/bbd37991cd80103daa76f108f3796d35/element/f.BCC40A51FB0F962C15E825EB75C92327.d.330FCB1E2056EA85CD95B7ECA6FAEC69.e.15099/clear - {}
RESULT: {}
RESULT: {}
COMMAND: POST /session/bbd37991cd80103daa76f108f3796d35/element/f.BCC40A51FB0F962C15E825EB75C92327.d.330FCB1E2056EA85CD95B7ECA6FAEC69.e.15099/value - {"text":"1425"}
COMMAND: GET /session/bbd37991cd80103daa76f108f3796d35/screenshot - {}
RESULT: {"text":"1425"}
COMMAND: GET /session/bbd37991cd80103daa76f108f3796d35/screenshot - {}
RESULT: {}
RESULT: {}
COMMAND: POST /session/bbd37991cd80103daa76f108f3796d35/element - {"using":"xpath","value":"//li[.//span[text()='1425']]"}
RESULT: {"using":"xpath","value":"//li[.//span[text()='1425']]"}
COMMAND: POST /session/bbd37991cd80103daa76f108f3796d35/element/f.BCC40A51FB0F962C15E825EB75C92327.d.330FCB1E2056EA85CD95B7ECA6FAEC69.e.15127/click - {}
RESULT: {}
COMMAND: GET /session/bbd37991cd80103daa76f108f3796d35/screenshot - {}
RESULT: {}
COMMAND: POST /session/bbd37991cd80103daa76f108f3796d35/element - {"using":"xpath","value":"//button[@data-kt=\"saveButton\"]"}
RESULT: {"using":"xpath","value":"//button[@data-kt=\"saveButton\"]"}
COMMAND: POST /session/bbd37991cd80103daa76f108f3796d35/element/f.BCC40A51FB0F962C15E825EB75C92327.d.330FCB1E2056EA85CD95B7ECA6FAEC69.e.15117/click - {}
RESULT: {}
COMMAND: GET /session/bbd37991cd80103daa76f108f3796d35/screenshot - {}
RESULT: {}
COMMAND: POST /session/bbd37991cd80103daa76f108f3796d35/element - {"using":"xpath","value":"//span[contains(@id ,\"contractDetailTitleNoExpanded\")]"}
RESULT: {"using":"xpath","value":"//span[contains(@id ,\"contractDetailTitleNoExpanded\")]"}
COMMAND: POST /session/bbd37991cd80103daa76f108f3796d35/elements - {"using":"xpath","value":"//span[contains(@id ,\"contractDetailTitleNoExpanded\")]"}
RESULT: {"using":"xpath","value":"//span[contains(@id ,\"contractDetailTitleNoExpanded\")]"}
COMMAND: POST /session/bbd37991cd80103daa76f108f3796d35/execute/sync - {"script":"<script> [56 bytes]","args":[{"element-6066-11e4-a52e-4f735466cecf":"f.BCC40A51FB0F962C15E825EB75C92327.d.330FCB1E2056EA85CD95B7ECA6FAEC69.e.15197","ELEMENT":"f.BCC40A51FB0F962C15E825EB75C92327.d.330FCB1E2056EA85CD95B7ECA6FAEC69.e.15197"}]}
RESULT: {"script":"<script> [56 bytes]","args":[{"element-6066-11e4-a52e-4f735466cecf":"f.BCC40A51FB0F962C15E825EB75C92327.d.330FCB1E2056EA85CD95B7ECA6FAEC69.e.15197","ELEMENT":"f.BCC40A51FB0F962C15E825EB75C92327.d.330FCB1E2056EA85CD95B7ECA6FAEC69.e.15197"}]}
COMMAND: GET /session/bbd37991cd80103daa76f108f3796d35/screenshot - {}
RESULT: {}
]]></system-out>
    </testcase>
    <testcase classname="chrome.135_0_7049_96.windows.Billing_transfer_US117289" name="Should add created equipment to contract" time="45.314">
      <system-out><![CDATA[
COMMAND: POST /session/bbd37991cd80103daa76f108f3796d35/element - {"using":"xpath","value":"//button[@data-kt=\"contractDetailEditBtnButton\"]"}
RESULT: {"using":"xpath","value":"//button[@data-kt=\"contractDetailEditBtnButton\"]"}
COMMAND: POST /session/bbd37991cd80103daa76f108f3796d35/element/f.BCC40A51FB0F962C15E825EB75C92327.d.330FCB1E2056EA85CD95B7ECA6FAEC69.e.15200/click - {}
RESULT: {}
COMMAND: GET /session/bbd37991cd80103daa76f108f3796d35/screenshot - {}
RESULT: {}
COMMAND: POST /session/bbd37991cd80103daa76f108f3796d35/element - {"using":"xpath","value":"(//span[contains(text(), \"Additional Addresses\")])[2]"}
RESULT: {"using":"xpath","value":"(//span[contains(text(), \"Additional Addresses\")])[2]"}
COMMAND: POST /session/bbd37991cd80103daa76f108f3796d35/element/f.BCC40A51FB0F962C15E825EB75C92327.d.330FCB1E2056EA85CD95B7ECA6FAEC69.e.15262/click - {}
RESULT: {}
COMMAND: GET /session/bbd37991cd80103daa76f108f3796d35/screenshot - {}
RESULT: {}
COMMAND: POST /session/bbd37991cd80103daa76f108f3796d35/element - {"using":"xpath","value":"//button[@data-kt=\"btnAddTableRowOverflowToolbarButton\"]"}
RESULT: {"using":"xpath","value":"//button[@data-kt=\"btnAddTableRowOverflowToolbarButton\"]"}
COMMAND: POST /session/bbd37991cd80103daa76f108f3796d35/element/f.BCC40A51FB0F962C15E825EB75C92327.d.330FCB1E2056EA85CD95B7ECA6FAEC69.e.15264/click - {}
RESULT: {}
COMMAND: GET /session/bbd37991cd80103daa76f108f3796d35/screenshot - {}
RESULT: {}
COMMAND: POST /session/bbd37991cd80103daa76f108f3796d35/element - {"using":"xpath","value":"//div[(text() = 'Standard Entry' or . = 'Standard Entry')]"}
RESULT: {"using":"xpath","value":"//div[(text() = 'Standard Entry' or . = 'Standard Entry')]"}
COMMAND: POST /session/bbd37991cd80103daa76f108f3796d35/element/f.BCC40A51FB0F962C15E825EB75C92327.d.330FCB1E2056EA85CD95B7ECA6FAEC69.e.15266/click - {}
RESULT: {}
COMMAND: GET /session/bbd37991cd80103daa76f108f3796d35/screenshot - {}
RESULT: {}
COMMAND: POST /session/bbd37991cd80103daa76f108f3796d35/element - {"using":"xpath","value":"//td[7]/div/div/input"}
RESULT: {"using":"xpath","value":"//td[7]/div/div/input"}
COMMAND: POST /session/bbd37991cd80103daa76f108f3796d35/element/f.BCC40A51FB0F962C15E825EB75C92327.d.330FCB1E2056EA85CD95B7ECA6FAEC69.e.15275/clear - {}
RESULT: {}
COMMAND: POST /session/bbd37991cd80103daa76f108f3796d35/element/f.BCC40A51FB0F962C15E825EB75C92327.d.330FCB1E2056EA85CD95B7ECA6FAEC69.e.15275/value - {"text":"G0fRznJ13p"}
COMMAND: GET /session/bbd37991cd80103daa76f108f3796d35/screenshot - {}
RESULT: {"text":"G0fRznJ13p"}
COMMAND: GET /session/bbd37991cd80103daa76f108f3796d35/screenshot - {}
RESULT: {}
RESULT: {}
COMMAND: POST /session/bbd37991cd80103daa76f108f3796d35/actions - {"actions":[{"id":"action55","type":"key","parameters":{},"actions":[{"type":"keyDown","value":"î€‡"},{"type":"pause","duration":10},{"type":"keyUp","value":"î€‡"}]}]}
RESULT: {"actions":[{"id":"action55","type":"key","parameters":{},"actions":[{"type":"keyDown","value":"î€‡"},{"type":"pause","duration":10},{"type":"keyUp","value":"î€‡"}]}]}
COMMAND: GET /session/bbd37991cd80103daa76f108f3796d35/screenshot - {}
RESULT: {}
COMMAND: POST /session/bbd37991cd80103daa76f108f3796d35/execute/sync - {"script":"<script> [276 bytes]","args":["No pricing information was found"]}
RESULT: {"script":"<script> [276 bytes]","args":["No pricing information was found"]}
COMMAND: POST /session/bbd37991cd80103daa76f108f3796d35/element - {"using":"xpath","value":"(//button[@data-kt=\"saveButton\"])[2]"}
COMMAND: GET /session/bbd37991cd80103daa76f108f3796d35/screenshot - {}
RESULT: {"using":"xpath","value":"(//button[@data-kt=\"saveButton\"])[2]"}
COMMAND: POST /session/bbd37991cd80103daa76f108f3796d35/element/f.BCC40A51FB0F962C15E825EB75C92327.d.330FCB1E2056EA85CD95B7ECA6FAEC69.e.15290/click - {}
RESULT: {}
RESULT: {}
COMMAND: GET /session/bbd37991cd80103daa76f108f3796d35/screenshot - {}
RESULT: {}
COMMAND: POST /session/bbd37991cd80103daa76f108f3796d35/execute/sync - {"script":"<script> [276 bytes]","args":["Some contract items are having rental validity exceeding header rental validity"]}
RESULT: {"script":"<script> [276 bytes]","args":["Some contract items are having rental validity exceeding header rental validity"]}
COMMAND: GET /session/bbd37991cd80103daa76f108f3796d35/screenshot - {}
RESULT: {}
COMMAND: POST /session/bbd37991cd80103daa76f108f3796d35/element - {"using":"xpath","value":"//span[contains(@id ,\"contractItemsSmartTable-header-inner\")]"}
RESULT: {"using":"xpath","value":"//span[contains(@id ,\"contractItemsSmartTable-header-inner\")]"}
COMMAND: POST /session/bbd37991cd80103daa76f108f3796d35/elements - {"using":"xpath","value":"//span[contains(@id ,\"contractItemsSmartTable-header-inner\")]"}
RESULT: {"using":"xpath","value":"//span[contains(@id ,\"contractItemsSmartTable-header-inner\")]"}
COMMAND: POST /session/bbd37991cd80103daa76f108f3796d35/execute/sync - {"script":"<script> [56 bytes]","args":[{"element-6066-11e4-a52e-4f735466cecf":"f.BCC40A51FB0F962C15E825EB75C92327.d.330FCB1E2056EA85CD95B7ECA6FAEC69.e.15295","ELEMENT":"f.BCC40A51FB0F962C15E825EB75C92327.d.330FCB1E2056EA85CD95B7ECA6FAEC69.e.15295"}]}
RESULT: {"script":"<script> [56 bytes]","args":[{"element-6066-11e4-a52e-4f735466cecf":"f.BCC40A51FB0F962C15E825EB75C92327.d.330FCB1E2056EA85CD95B7ECA6FAEC69.e.15295","ELEMENT":"f.BCC40A51FB0F962C15E825EB75C92327.d.330FCB1E2056EA85CD95B7ECA6FAEC69.e.15295"}]}
]]></system-out>
    </testcase>
    <testcase classname="chrome.135_0_7049_96.windows.Billing_transfer_US117289" name="Should do a provide to site handover" time="49.955">
      <system-out><![CDATA[
COMMAND: POST /session/bbd37991cd80103daa76f108f3796d35/element - {"using":"xpath","value":"//button[@data-kt=\"provideButton\"]"}
COMMAND: GET /session/bbd37991cd80103daa76f108f3796d35/screenshot - {}
RESULT: {"using":"xpath","value":"//button[@data-kt=\"provideButton\"]"}
COMMAND: POST /session/bbd37991cd80103daa76f108f3796d35/element/f.BCC40A51FB0F962C15E825EB75C92327.d.330FCB1E2056EA85CD95B7ECA6FAEC69.e.15296/click - {}
RESULT: {}
RESULT: {}
COMMAND: GET /session/bbd37991cd80103daa76f108f3796d35/screenshot - {}
RESULT: undefined
COMMAND: POST /session/bbd37991cd80103daa76f108f3796d35/execute/async - {"script":"<script> [6424 bytes]","args":[{"element-6066-11e4-a52e-4f735466cecf":"f.BCC40A51FB0F962C15E825EB75C92327.d.330FCB1E2056EA85CD95B7ECA6FAEC69.e.14175"},"setValue",["05/04/2025"]]}
RESULT: {}
COMMAND: POST /session/bbd37991cd80103daa76f108f3796d35/execute/async - {"script":"<script> [1562 bytes]","args":[{"selector":{"id":"application-managehandovers-display-component---AddNewHO--dueDate","interaction":{"idSuffix":"inner"}},"wdio_ui5_key":"applicationmanagehandovers-display-component---AddNewHO--dueDate"}]}
RESULT: {"script":"<script> [1562 bytes]","args":[{"selector":{"id":"application-managehandovers-display-component---AddNewHO--dueDate","interaction":{"idSuffix":"inner"}},"wdio_ui5_key":"applicationmanagehandovers-display-component---AddNewHO--dueDate"}]}
COMMAND: POST /session/bbd37991cd80103daa76f108f3796d35/execute/async - {"script":"<script> [6424 bytes]","args":[{"element-6066-11e4-a52e-4f735466cecf":"f.BCC40A51FB0F962C15E825EB75C92327.d.330FCB1E2056EA85CD95B7ECA6FAEC69.e.15353"},"setValue",["05/04/2025"]]}
RESULT: {"script":"<script> [6424 bytes]","args":[{"element-6066-11e4-a52e-4f735466cecf":"f.BCC40A51FB0F962C15E825EB75C92327.d.330FCB1E2056EA85CD95B7ECA6FAEC69.e.15353"},"setValue",["05/04/2025"]]}
COMMAND: POST /session/bbd37991cd80103daa76f108f3796d35/element - {"using":"xpath","value":"//bdi[contains(text(), \"Instructions\")]"}
RESULT: {"using":"xpath","value":"//bdi[contains(text(), \"Instructions\")]"}
COMMAND: POST /session/bbd37991cd80103daa76f108f3796d35/element/f.BCC40A51FB0F962C15E825EB75C92327.d.330FCB1E2056EA85CD95B7ECA6FAEC69.e.15605/click - {}
RESULT: {}
COMMAND: GET /session/bbd37991cd80103daa76f108f3796d35/screenshot - {}
RESULT: {}
COMMAND: POST /session/bbd37991cd80103daa76f108f3796d35/element - {"using":"xpath","value":"//button[@data-kt=\"AddNewHOProvideAddItemsButton\"]"}
RESULT: {"using":"xpath","value":"//button[@data-kt=\"AddNewHOProvideAddItemsButton\"]"}
COMMAND: POST /session/bbd37991cd80103daa76f108f3796d35/element/f.BCC40A51FB0F962C15E825EB75C92327.d.330FCB1E2056EA85CD95B7ECA6FAEC69.e.15608/click - {}
RESULT: {}
COMMAND: GET /session/bbd37991cd80103daa76f108f3796d35/screenshot - {}
RESULT: {}
RESULT: undefined
COMMAND: POST /session/bbd37991cd80103daa76f108f3796d35/element - {"using":"xpath","value":"//*[@id=\"application-managehandovers-display-component---AddNewHO--popup-sa\"]"}
RESULT: {"using":"xpath","value":"//*[@id=\"application-managehandovers-display-component---AddNewHO--popup-sa\"]"}
COMMAND: POST /session/bbd37991cd80103daa76f108f3796d35/element/f.BCC40A51FB0F962C15E825EB75C92327.d.330FCB1E2056EA85CD95B7ECA6FAEC69.e.15619/click - {}
RESULT: {}
COMMAND: GET /session/bbd37991cd80103daa76f108f3796d35/screenshot - {}
RESULT: {}
COMMAND: POST /session/bbd37991cd80103daa76f108f3796d35/element - {"using":"xpath","value":"//*[contains(@id ,\"BDI-content\")][contains(text(), \"Select\")]"}
RESULT: {"using":"xpath","value":"//*[contains(@id ,\"BDI-content\")][contains(text(), \"Select\")]"}
COMMAND: POST /session/bbd37991cd80103daa76f108f3796d35/element/f.BCC40A51FB0F962C15E825EB75C92327.d.330FCB1E2056EA85CD95B7ECA6FAEC69.e.15621/click - {}
RESULT: {}
COMMAND: GET /session/bbd37991cd80103daa76f108f3796d35/screenshot - {}
RESULT: {}
COMMAND: POST /session/bbd37991cd80103daa76f108f3796d35/execute/async - {"script":"<script> [1562 bytes]","args":[{"selector":{"id":"application-managehandovers-display-component---AddNewHO--confirmCreationButton","interaction":{"idSuffix":"BDI-content"}},"wdio_ui5_key":"applicationmanagehandovers-display-component---AddNewHO--confirmCreationButton"}]}
RESULT: {"script":"<script> [1562 bytes]","args":[{"selector":{"id":"application-managehandovers-display-component---AddNewHO--confirmCreationButton","interaction":{"idSuffix":"BDI-content"}},"wdio_ui5_key":"applicationmanagehandovers-display-component---AddNewHO--confirmCreationButton"}]}
RESULT: undefined
COMMAND: POST /session/bbd37991cd80103daa76f108f3796d35/element - {"using":"xpath","value":"//*[@id=\"application-managehandovers-display-component---AddNewHO--confirmCreationButton\"]"}
RESULT: {"using":"xpath","value":"//*[@id=\"application-managehandovers-display-component---AddNewHO--confirmCreationButton\"]"}
COMMAND: POST /session/bbd37991cd80103daa76f108f3796d35/element/f.BCC40A51FB0F962C15E825EB75C92327.d.330FCB1E2056EA85CD95B7ECA6FAEC69.e.15433/click - {}
RESULT: {}
COMMAND: GET /session/bbd37991cd80103daa76f108f3796d35/screenshot - {}
RESULT: {}
COMMAND: POST /session/bbd37991cd80103daa76f108f3796d35/element - {"using":"xpath","value":"//button[@data-kt=\"PickingTableConfirmAllButton\"]"}
RESULT: {"using":"xpath","value":"//button[@data-kt=\"PickingTableConfirmAllButton\"]"}
COMMAND: POST /session/bbd37991cd80103daa76f108f3796d35/element/f.BCC40A51FB0F962C15E825EB75C92327.d.330FCB1E2056EA85CD95B7ECA6FAEC69.e.15659/click - {}
COMMAND: POST /session/bbd37991cd80103daa76f108f3796d35/element - {"using":"xpath","value":"//button[@data-kt=\"PickingTableConfirmAllButton\"]"}
RESULT: {"using":"xpath","value":"//button[@data-kt=\"PickingTableConfirmAllButton\"]"}
COMMAND: POST /session/bbd37991cd80103daa76f108f3796d35/element/f.BCC40A51FB0F962C15E825EB75C92327.d.330FCB1E2056EA85CD95B7ECA6FAEC69.e.15659/click - {}
COMMAND: POST /session/bbd37991cd80103daa76f108f3796d35/element - {"using":"xpath","value":"//button[@data-kt=\"PickingTableConfirmAllButton\"]"}
RESULT: {"using":"xpath","value":"//button[@data-kt=\"PickingTableConfirmAllButton\"]"}
COMMAND: POST /session/bbd37991cd80103daa76f108f3796d35/element/f.BCC40A51FB0F962C15E825EB75C92327.d.330FCB1E2056EA85CD95B7ECA6FAEC69.e.15679/click - {}
RESULT: {}
COMMAND: GET /session/bbd37991cd80103daa76f108f3796d35/screenshot - {}
RESULT: {}
COMMAND: POST /session/bbd37991cd80103daa76f108f3796d35/element - {"using":"xpath","value":"//bdi[contains(text(), \"OK\")]"}
RESULT: {"using":"xpath","value":"//bdi[contains(text(), \"OK\")]"}
COMMAND: POST /session/bbd37991cd80103daa76f108f3796d35/element/f.BCC40A51FB0F962C15E825EB75C92327.d.330FCB1E2056EA85CD95B7ECA6FAEC69.e.15681/click - {}
RESULT: {}
COMMAND: GET /session/bbd37991cd80103daa76f108f3796d35/screenshot - {}
RESULT: {}
COMMAND: POST /session/bbd37991cd80103daa76f108f3796d35/element - {"using":"xpath","value":"//bdi[contains(text(), \"Issue\")]"}
RESULT: {"using":"xpath","value":"//bdi[contains(text(), \"Issue\")]"}
COMMAND: POST /session/bbd37991cd80103daa76f108f3796d35/element/f.BCC40A51FB0F962C15E825EB75C92327.d.330FCB1E2056EA85CD95B7ECA6FAEC69.e.15683/click - {}
RESULT: {}
COMMAND: GET /session/bbd37991cd80103daa76f108f3796d35/screenshot - {}
RESULT: {}
COMMAND: POST /session/bbd37991cd80103daa76f108f3796d35/element - {"using":"css selector","value":"#shell-header-logo"}
RESULT: {"using":"css selector","value":"#shell-header-logo"}
COMMAND: POST /session/bbd37991cd80103daa76f108f3796d35/element/f.BCC40A51FB0F962C15E825EB75C92327.d.330FCB1E2056EA85CD95B7ECA6FAEC69.e.14738/click - {}
RESULT: {}
COMMAND: GET /session/bbd37991cd80103daa76f108f3796d35/screenshot - {}
RESULT: {}
]]></system-out>
    </testcase>
    <testcase classname="chrome.135_0_7049_96.windows.Billing_transfer_US117289" name="Should navigate to Manage Billings and trigger contract calculation business confirm it" time="49.926">
      <system-out><![CDATA[
COMMAND: POST /session/bbd37991cd80103daa76f108f3796d35/execute/async - {"script":"<script> [1562 bytes]","args":[{"selector":{"controlType":"sap.m.GenericTile","properties":{"header":"Manage Billings"}},"wdio_ui5_key":"sapm.GenericTile{\"header\":\"Manage Billings\"}"}]}
RESULT: {"script":"<script> [1562 bytes]","args":[{"selector":{"controlType":"sap.m.GenericTile","properties":{"header":"Manage Billings"}},"wdio_ui5_key":"sapm.GenericTile{\"header\":\"Manage Billings\"}"}]}
RESULT: undefined
COMMAND: POST /session/bbd37991cd80103daa76f108f3796d35/element - {"using":"xpath","value":"//*[@id=\"__tile51\"]"}
RESULT: {"using":"xpath","value":"//*[@id=\"__tile51\"]"}
COMMAND: POST /session/bbd37991cd80103daa76f108f3796d35/element/f.BCC40A51FB0F962C15E825EB75C92327.d.330FCB1E2056EA85CD95B7ECA6FAEC69.e.12674/click - {}
RESULT: {}
COMMAND: GET /session/bbd37991cd80103daa76f108f3796d35/screenshot - {}
RESULT: {}
COMMAND: POST /session/bbd37991cd80103daa76f108f3796d35/execute/async - {"script":"<script> [1562 bytes]","args":[{"selector":{"id":"application-managebillings-display-component---billRunCalcResult--smartFilterBar-btnBasicSearch","interaction":{"idSuffix":"I"}},"wdio_ui5_key":"applicationmanagebillings-display-component---billRunCalcResult--smartFilterBar-btnBasicSearch"}]}
RESULT: {"script":"<script> [1562 bytes]","args":[{"selector":{"id":"application-managebillings-display-component---billRunCalcResult--smartFilterBar-btnBasicSearch","interaction":{"idSuffix":"I"}},"wdio_ui5_key":"applicationmanagebillings-display-component---billRunCalcResult--smartFilterBar-btnBasicSearch"}]}
RESULT: undefined
COMMAND: POST /session/bbd37991cd80103daa76f108f3796d35/execute/async - {"script":"<script> [776 bytes]","args":[{"enterText":"10506","selector":{"id":"application-managebillings-display-component---billRunCalcResult--smartFilterBar-btnBasicSearch","interaction":{"idSuffix":"I"}},"clearTextFirst":true,"interactionType":"ENTER_TEXT"}]}
RESULT: {"script":"<script> [776 bytes]","args":[{"enterText":"10506","selector":{"id":"application-managebillings-display-component---billRunCalcResult--smartFilterBar-btnBasicSearch","interaction":{"idSuffix":"I"}},"clearTextFirst":true,"interactionType":"ENTER_TEXT"}]}
COMMAND: POST /session/bbd37991cd80103daa76f108f3796d35/actions - {"actions":[{"id":"action56","type":"key","parameters":{},"actions":[{"type":"keyDown","value":"î€‡"},{"type":"pause","duration":10},{"type":"keyUp","value":"î€‡"}]}]}
RESULT: {"actions":[{"id":"action56","type":"key","parameters":{},"actions":[{"type":"keyDown","value":"î€‡"},{"type":"pause","duration":10},{"type":"keyUp","value":"î€‡"}]}]}
COMMAND: GET /session/bbd37991cd80103daa76f108f3796d35/screenshot - {}
COMMAND: POST /session/bbd37991cd80103daa76f108f3796d35/element - {"using":"xpath","value":"//td[@aria-colindex=\"1\"]/div/div[contains(@class, \"sapMCbBg\")]"}
RESULT: {}
RESULT: {"using":"xpath","value":"//td[@aria-colindex=\"1\"]/div/div[contains(@class, \"sapMCbBg\")]"}
COMMAND: POST /session/bbd37991cd80103daa76f108f3796d35/element/f.BCC40A51FB0F962C15E825EB75C92327.d.330FCB1E2056EA85CD95B7ECA6FAEC69.e.16197/click - {}
RESULT: {}
COMMAND: GET /session/bbd37991cd80103daa76f108f3796d35/screenshot - {}
RESULT: {}
COMMAND: POST /session/bbd37991cd80103daa76f108f3796d35/execute/async - {"script":"<script> [1562 bytes]","args":[{"selector":{"id":"application-managebillings-display-component---billRunCalcResult--contractBillRunDate","interaction":{"idSuffix":"inner"}},"wdio_ui5_key":"applicationmanagebillings-display-component---billRunCalcResult--contractBillRunDate"}]}
RESULT: {"script":"<script> [1562 bytes]","args":[{"selector":{"id":"application-managebillings-display-component---billRunCalcResult--contractBillRunDate","interaction":{"idSuffix":"inner"}},"wdio_ui5_key":"applicationmanagebillings-display-component---billRunCalcResult--contractBillRunDate"}]}
RESULT: undefined
COMMAND: POST /session/bbd37991cd80103daa76f108f3796d35/execute/async - {"script":"<script> [776 bytes]","args":[{"enterText":"06/04/25","selector":{"id":"application-managebillings-display-component---billRunCalcResult--contractBillRunDate","interaction":{"idSuffix":"inner"}},"clearTextFirst":true,"interactionType":"ENTER_TEXT"}]}
RESULT: {"script":"<script> [776 bytes]","args":[{"enterText":"06/04/25","selector":{"id":"application-managebillings-display-component---billRunCalcResult--contractBillRunDate","interaction":{"idSuffix":"inner"}},"clearTextFirst":true,"interactionType":"ENTER_TEXT"}]}
COMMAND: POST /session/bbd37991cd80103daa76f108f3796d35/element - {"using":"xpath","value":"//bdi[contains(text(), \"Trigger Calculation\")]"}
RESULT: {"using":"xpath","value":"//bdi[contains(text(), \"Trigger Calculation\")]"}
COMMAND: POST /session/bbd37991cd80103daa76f108f3796d35/element/f.BCC40A51FB0F962C15E825EB75C92327.d.330FCB1E2056EA85CD95B7ECA6FAEC69.e.16211/click - {}
RESULT: {}
COMMAND: GET /session/bbd37991cd80103daa76f108f3796d35/screenshot - {}
RESULT: {}
COMMAND: POST /session/bbd37991cd80103daa76f108f3796d35/element - {"using":"xpath","value":"(//span[contains(@id, \"imgNav\")])[1]"}
RESULT: {"using":"xpath","value":"(//span[contains(@id, \"imgNav\")])[1]"}
COMMAND: POST /session/bbd37991cd80103daa76f108f3796d35/element/f.BCC40A51FB0F962C15E825EB75C92327.d.330FCB1E2056EA85CD95B7ECA6FAEC69.e.16195/click - {}
RESULT: {}
COMMAND: GET /session/bbd37991cd80103daa76f108f3796d35/screenshot - {}
RESULT: {}
COMMAND: POST /session/bbd37991cd80103daa76f108f3796d35/execute/async - {"script":"<script> [1562 bytes]","args":[{"selector":{"controlType":"sap.ui.core.Icon","viewName":"etm.portal.ui.managebillings.view.Master","viewId":"application-managebillings-display-component---billRunCalcResult","properties":{"src":{"regex":{"source":"slim\\-arrow\\-right"}}}},"wdio_ui5_key":"etmportal.ui.managebillings.view.Mastersap.ui.core.Icon{\"src\":{\"regex\":{\"source\":\"slim\\\\-arrow\\\\-right\"}}}"}]}
RESULT: {"script":"<script> [1562 bytes]","args":[{"selector":{"controlType":"sap.ui.core.Icon","viewName":"etm.portal.ui.managebillings.view.Master","viewId":"application-managebillings-display-component---billRunCalcResult","properties":{"src":{"regex":{"source":"slim\\-arrow\\-right"}}}},"wdio_ui5_key":"etmportal.ui.managebillings.view.Mastersap.ui.core.Icon{\"src\":{\"regex\":{\"source\":\"slim\\\\-arrow\\\\-right\"}}}"}]}
RESULT: undefined
COMMAND: POST /session/bbd37991cd80103daa76f108f3796d35/element - {"using":"xpath","value":"//*[@id=\"__item2248-application-managebillings-display-component---billRunCalcResult--billingRunsTable-0-imgNav\"]"}
RESULT: {"using":"xpath","value":"//*[@id=\"__item2248-application-managebillings-display-component---billRunCalcResult--billingRunsTable-0-imgNav\"]"}
COMMAND: POST /session/bbd37991cd80103daa76f108f3796d35/element/f.BCC40A51FB0F962C15E825EB75C92327.d.330FCB1E2056EA85CD95B7ECA6FAEC69.e.16215/click - {}
RESULT: {}
COMMAND: POST /session/bbd37991cd80103daa76f108f3796d35/execute/async - {"script":"<script> [1562 bytes]","args":[{"selector":{"id":"application-managebillings-display-component---billRunCalcResult--btnConf","interaction":{"idSuffix":"BDI-content"}},"wdio_ui5_key":"applicationmanagebillings-display-component---billRunCalcResult--btnConf"}]}
COMMAND: GET /session/bbd37991cd80103daa76f108f3796d35/screenshot - {}
RESULT: {"script":"<script> [1562 bytes]","args":[{"selector":{"id":"application-managebillings-display-component---billRunCalcResult--btnConf","interaction":{"idSuffix":"BDI-content"}},"wdio_ui5_key":"applicationmanagebillings-display-component---billRunCalcResult--btnConf"}]}
RESULT: undefined
COMMAND: POST /session/bbd37991cd80103daa76f108f3796d35/element - {"using":"xpath","value":"//*[@id=\"application-managebillings-display-component---billRunCalcResult--btnConf\"]"}
RESULT: {}
RESULT: {"using":"xpath","value":"//*[@id=\"application-managebillings-display-component---billRunCalcResult--btnConf\"]"}
COMMAND: POST /session/bbd37991cd80103daa76f108f3796d35/element/f.BCC40A51FB0F962C15E825EB75C92327.d.330FCB1E2056EA85CD95B7ECA6FAEC69.e.16262/click - {}
RESULT: {}
COMMAND: POST /session/bbd37991cd80103daa76f108f3796d35/element - {"using":"css selector","value":"#shell-header-logo"}
COMMAND: GET /session/bbd37991cd80103daa76f108f3796d35/screenshot - {}
RESULT: {"using":"css selector","value":"#shell-header-logo"}
COMMAND: POST /session/bbd37991cd80103daa76f108f3796d35/element/f.BCC40A51FB0F962C15E825EB75C92327.d.330FCB1E2056EA85CD95B7ECA6FAEC69.e.15973/click - {}
RESULT: {}
RESULT: {}
COMMAND: GET /session/bbd37991cd80103daa76f108f3796d35/screenshot - {}
RESULT: {}
]]></system-out>
    </testcase>
    <testcase classname="chrome.135_0_7049_96.windows.Billing_transfer_US117289" name="Should trigger Billing Transfer process all the way to completion" time="77.96">
      <system-out><![CDATA[
COMMAND: POST /session/bbd37991cd80103daa76f108f3796d35/execute/async - {"script":"<script> [1562 bytes]","args":[{"selector":{"controlType":"sap.m.GenericTile","properties":{"header":"Billing Transfer"}},"wdio_ui5_key":"sapm.GenericTile{\"header\":\"Billing Transfer\"}"}]}
RESULT: {"script":"<script> [1562 bytes]","args":[{"selector":{"controlType":"sap.m.GenericTile","properties":{"header":"Billing Transfer"}},"wdio_ui5_key":"sapm.GenericTile{\"header\":\"Billing Transfer\"}"}]}
RESULT: undefined
COMMAND: POST /session/bbd37991cd80103daa76f108f3796d35/element - {"using":"xpath","value":"//*[@id=\"__tile50\"]"}
RESULT: {"using":"xpath","value":"//*[@id=\"__tile50\"]"}
COMMAND: POST /session/bbd37991cd80103daa76f108f3796d35/element/f.BCC40A51FB0F962C15E825EB75C92327.d.330FCB1E2056EA85CD95B7ECA6FAEC69.e.12672/click - {}
RESULT: {}
COMMAND: POST /session/bbd37991cd80103daa76f108f3796d35/element - {"using":"xpath","value":"//input[contains(@id ,\"application-billingtransfer-display-component---billingWorkbench--smartFilterBar-btnBasicSearch\")]"}
COMMAND: GET /session/bbd37991cd80103daa76f108f3796d35/screenshot - {}
RESULT: {"using":"xpath","value":"//input[contains(@id ,\"application-billingtransfer-display-component---billingWorkbench--smartFilterBar-btnBasicSearch\")]"}
COMMAND: POST /session/bbd37991cd80103daa76f108f3796d35/elements - {"using":"xpath","value":"//input[contains(@id ,\"application-billingtransfer-display-component---billingWorkbench--smartFilterBar-btnBasicSearch\")]"}
RESULT: {}
RESULT: {"using":"xpath","value":"//input[contains(@id ,\"application-billingtransfer-display-component---billingWorkbench--smartFilterBar-btnBasicSearch\")]"}
COMMAND: POST /session/bbd37991cd80103daa76f108f3796d35/element - {"using":"xpath","value":"//input[contains(@id ,\"application-billingtransfer-display-component---billingWorkbench--smartFilterBar-btnBasicSearch\")]"}
RESULT: {"using":"xpath","value":"//input[contains(@id ,\"application-billingtransfer-display-component---billingWorkbench--smartFilterBar-btnBasicSearch\")]"}
COMMAND: POST /session/bbd37991cd80103daa76f108f3796d35/execute/sync - {"script":"<script> [8489 bytes]","args":[{"element-6066-11e4-a52e-4f735466cecf":"f.BCC40A51FB0F962C15E825EB75C92327.d.330FCB1E2056EA85CD95B7ECA6FAEC69.e.16294","ELEMENT":"f.BCC40A51FB0F962C15E825EB75C92327.d.330FCB1E2056EA85CD95B7ECA6FAEC69.e.16294"}]}
RESULT: {"script":"<script> [8489 bytes]","args":[{"element-6066-11e4-a52e-4f735466cecf":"f.BCC40A51FB0F962C15E825EB75C92327.d.330FCB1E2056EA85CD95B7ECA6FAEC69.e.16294","ELEMENT":"f.BCC40A51FB0F962C15E825EB75C92327.d.330FCB1E2056EA85CD95B7ECA6FAEC69.e.16294"}]}
COMMAND: GET /session/bbd37991cd80103daa76f108f3796d35/element/f.BCC40A51FB0F962C15E825EB75C92327.d.330FCB1E2056EA85CD95B7ECA6FAEC69.e.16294/enabled - {}
COMMAND: GET /session/bbd37991cd80103daa76f108f3796d35/screenshot - {}
RESULT: {}
COMMAND: POST /session/bbd37991cd80103daa76f108f3796d35/element/f.BCC40A51FB0F962C15E825EB75C92327.d.330FCB1E2056EA85CD95B7ECA6FAEC69.e.16294/click - {}
COMMAND: GET /session/bbd37991cd80103daa76f108f3796d35/screenshot - {}
RESULT: {}
RESULT: {}
COMMAND: GET /session/bbd37991cd80103daa76f108f3796d35/screenshot - {}
RESULT: {}
RESULT: {}
COMMAND: POST /session/bbd37991cd80103daa76f108f3796d35/element/f.BCC40A51FB0F962C15E825EB75C92327.d.330FCB1E2056EA85CD95B7ECA6FAEC69.e.16294/clear - {}
RESULT: {}
COMMAND: POST /session/bbd37991cd80103daa76f108f3796d35/element/f.BCC40A51FB0F962C15E825EB75C92327.d.330FCB1E2056EA85CD95B7ECA6FAEC69.e.16294/value - {"text":"10506"}
COMMAND: GET /session/bbd37991cd80103daa76f108f3796d35/screenshot - {}
RESULT: {"text":"10506"}
COMMAND: POST /session/bbd37991cd80103daa76f108f3796d35/actions - {"actions":[{"id":"action57","type":"key","parameters":{},"actions":[{"type":"keyDown","value":"î€‡"},{"type":"pause","duration":10},{"type":"keyUp","value":"î€‡"}]}]}
COMMAND: GET /session/bbd37991cd80103daa76f108f3796d35/screenshot - {}
RESULT: {}
RESULT: {"actions":[{"id":"action57","type":"key","parameters":{},"actions":[{"type":"keyDown","value":"î€‡"},{"type":"pause","duration":10},{"type":"keyUp","value":"î€‡"}]}]}
COMMAND: GET /session/bbd37991cd80103daa76f108f3796d35/screenshot - {}
RESULT: {}
RESULT: {}
COMMAND: POST /session/bbd37991cd80103daa76f108f3796d35/element - {"using":"xpath","value":"//span[contains(@id ,\"application-billingtransfer-display-component---billingWorkbench--smartTableBillingRuns-header-inner\")]"}
RESULT: {"using":"xpath","value":"//span[contains(@id ,\"application-billingtransfer-display-component---billingWorkbench--smartTableBillingRuns-header-inner\")]"}
COMMAND: POST /session/bbd37991cd80103daa76f108f3796d35/elements - {"using":"xpath","value":"//span[contains(@id ,\"application-billingtransfer-display-component---billingWorkbench--smartTableBillingRuns-header-inner\")]"}
RESULT: {"using":"xpath","value":"//span[contains(@id ,\"application-billingtransfer-display-component---billingWorkbench--smartTableBillingRuns-header-inner\")]"}
COMMAND: POST /session/bbd37991cd80103daa76f108f3796d35/execute/sync - {"script":"<script> [56 bytes]","args":[{"element-6066-11e4-a52e-4f735466cecf":"f.BCC40A51FB0F962C15E825EB75C92327.d.330FCB1E2056EA85CD95B7ECA6FAEC69.e.16465","ELEMENT":"f.BCC40A51FB0F962C15E825EB75C92327.d.330FCB1E2056EA85CD95B7ECA6FAEC69.e.16465"}]}
RESULT: {"script":"<script> [56 bytes]","args":[{"element-6066-11e4-a52e-4f735466cecf":"f.BCC40A51FB0F962C15E825EB75C92327.d.330FCB1E2056EA85CD95B7ECA6FAEC69.e.16465","ELEMENT":"f.BCC40A51FB0F962C15E825EB75C92327.d.330FCB1E2056EA85CD95B7ECA6FAEC69.e.16465"}]}
COMMAND: POST /session/bbd37991cd80103daa76f108f3796d35/element - {"using":"xpath","value":"//td[@aria-colindex=\"1\"]/div/div[contains(@class, \"sapMCbBg\")]"}
COMMAND: GET /session/bbd37991cd80103daa76f108f3796d35/screenshot - {}
RESULT: {"using":"xpath","value":"//td[@aria-colindex=\"1\"]/div/div[contains(@class, \"sapMCbBg\")]"}
COMMAND: POST /session/bbd37991cd80103daa76f108f3796d35/element/f.BCC40A51FB0F962C15E825EB75C92327.d.330FCB1E2056EA85CD95B7ECA6FAEC69.e.16456/click - {}
RESULT: {}
RESULT: {}
COMMAND: GET /session/bbd37991cd80103daa76f108f3796d35/screenshot - {}
RESULT: {}
COMMAND: POST /session/bbd37991cd80103daa76f108f3796d35/element - {"using":"xpath","value":"//bdi[contains(text(), \"Check\")]"}
RESULT: {"using":"xpath","value":"//bdi[contains(text(), \"Check\")]"}
COMMAND: POST /session/bbd37991cd80103daa76f108f3796d35/element/f.BCC40A51FB0F962C15E825EB75C92327.d.330FCB1E2056EA85CD95B7ECA6FAEC69.e.16466/click - {}
RESULT: {}
COMMAND: GET /session/bbd37991cd80103daa76f108f3796d35/screenshot - {}
RESULT: {}
COMMAND: POST /session/bbd37991cd80103daa76f108f3796d35/element - {"using":"xpath","value":"//bdi[contains(text(), \"OK\")]"}
RESULT: {"using":"xpath","value":"//bdi[contains(text(), \"OK\")]"}
COMMAND: POST /session/bbd37991cd80103daa76f108f3796d35/element/f.BCC40A51FB0F962C15E825EB75C92327.d.330FCB1E2056EA85CD95B7ECA6FAEC69.e.16469/click - {}
RESULT: {}
COMMAND: GET /session/bbd37991cd80103daa76f108f3796d35/screenshot - {}
RESULT: {}
COMMAND: POST /session/bbd37991cd80103daa76f108f3796d35/element - {"using":"xpath","value":"(//span[contains(text(), \"CO/SD checked\")]/parent::div/preceding-sibling::div/span)[1]"}
RESULT: {"using":"xpath","value":"(//span[contains(text(), \"CO/SD checked\")]/parent::div/preceding-sibling::div/span)[1]"}
COMMAND: POST /session/bbd37991cd80103daa76f108f3796d35/element/f.BCC40A51FB0F962C15E825EB75C92327.d.330FCB1E2056EA85CD95B7ECA6FAEC69.e.16470/click - {}
RESULT: {}
COMMAND: GET /session/bbd37991cd80103daa76f108f3796d35/screenshot - {}
RESULT: {}
COMMAND: POST /session/bbd37991cd80103daa76f108f3796d35/element - {"using":"xpath","value":"//input[contains(@id ,\"application-billingtransfer-display-component---billingWorkbench--smartFilterBar-btnBasicSearch\")]"}
RESULT: {"using":"xpath","value":"//input[contains(@id ,\"application-billingtransfer-display-component---billingWorkbench--smartFilterBar-btnBasicSearch\")]"}
COMMAND: POST /session/bbd37991cd80103daa76f108f3796d35/elements - {"using":"xpath","value":"//input[contains(@id ,\"application-billingtransfer-display-component---billingWorkbench--smartFilterBar-btnBasicSearch\")]"}
RESULT: {"using":"xpath","value":"//input[contains(@id ,\"application-billingtransfer-display-component---billingWorkbench--smartFilterBar-btnBasicSearch\")]"}
COMMAND: POST /session/bbd37991cd80103daa76f108f3796d35/execute/sync - {"script":"<script> [8489 bytes]","args":[{"element-6066-11e4-a52e-4f735466cecf":"f.BCC40A51FB0F962C15E825EB75C92327.d.330FCB1E2056EA85CD95B7ECA6FAEC69.e.16294","ELEMENT":"f.BCC40A51FB0F962C15E825EB75C92327.d.330FCB1E2056EA85CD95B7ECA6FAEC69.e.16294"}]}
RESULT: {"script":"<script> [8489 bytes]","args":[{"element-6066-11e4-a52e-4f735466cecf":"f.BCC40A51FB0F962C15E825EB75C92327.d.330FCB1E2056EA85CD95B7ECA6FAEC69.e.16294","ELEMENT":"f.BCC40A51FB0F962C15E825EB75C92327.d.330FCB1E2056EA85CD95B7ECA6FAEC69.e.16294"}]}
COMMAND: GET /session/bbd37991cd80103daa76f108f3796d35/element/f.BCC40A51FB0F962C15E825EB75C92327.d.330FCB1E2056EA85CD95B7ECA6FAEC69.e.16294/enabled - {}
COMMAND: GET /session/bbd37991cd80103daa76f108f3796d35/screenshot - {}
RESULT: {}
COMMAND: POST /session/bbd37991cd80103daa76f108f3796d35/element/f.BCC40A51FB0F962C15E825EB75C92327.d.330FCB1E2056EA85CD95B7ECA6FAEC69.e.16294/click - {}
COMMAND: GET /session/bbd37991cd80103daa76f108f3796d35/screenshot - {}
RESULT: {}
RESULT: {}
COMMAND: GET /session/bbd37991cd80103daa76f108f3796d35/screenshot - {}
RESULT: {}
RESULT: {}
COMMAND: POST /session/bbd37991cd80103daa76f108f3796d35/element/f.BCC40A51FB0F962C15E825EB75C92327.d.330FCB1E2056EA85CD95B7ECA6FAEC69.e.16294/clear - {}
RESULT: {}
COMMAND: POST /session/bbd37991cd80103daa76f108f3796d35/element/f.BCC40A51FB0F962C15E825EB75C92327.d.330FCB1E2056EA85CD95B7ECA6FAEC69.e.16294/value - {"text":"10506"}
COMMAND: GET /session/bbd37991cd80103daa76f108f3796d35/screenshot - {}
RESULT: {}
RESULT: {"text":"10506"}
COMMAND: POST /session/bbd37991cd80103daa76f108f3796d35/actions - {"actions":[{"id":"action58","type":"key","parameters":{},"actions":[{"type":"keyDown","value":"î€‡"},{"type":"pause","duration":10},{"type":"keyUp","value":"î€‡"}]}]}
COMMAND: GET /session/bbd37991cd80103daa76f108f3796d35/screenshot - {}
RESULT: {"actions":[{"id":"action58","type":"key","parameters":{},"actions":[{"type":"keyDown","value":"î€‡"},{"type":"pause","duration":10},{"type":"keyUp","value":"î€‡"}]}]}
COMMAND: GET /session/bbd37991cd80103daa76f108f3796d35/screenshot - {}
RESULT: {}
RESULT: {}
COMMAND: POST /session/bbd37991cd80103daa76f108f3796d35/element - {"using":"xpath","value":"//span[contains(@id ,\"application-billingtransfer-display-component---billingWorkbench--smartTableBillingRuns-header-inner\")]"}
RESULT: {"using":"xpath","value":"//span[contains(@id ,\"application-billingtransfer-display-component---billingWorkbench--smartTableBillingRuns-header-inner\")]"}
COMMAND: POST /session/bbd37991cd80103daa76f108f3796d35/elements - {"using":"xpath","value":"//span[contains(@id ,\"application-billingtransfer-display-component---billingWorkbench--smartTableBillingRuns-header-inner\")]"}
RESULT: {"using":"xpath","value":"//span[contains(@id ,\"application-billingtransfer-display-component---billingWorkbench--smartTableBillingRuns-header-inner\")]"}
COMMAND: POST /session/bbd37991cd80103daa76f108f3796d35/execute/sync - {"script":"<script> [56 bytes]","args":[{"element-6066-11e4-a52e-4f735466cecf":"f.BCC40A51FB0F962C15E825EB75C92327.d.330FCB1E2056EA85CD95B7ECA6FAEC69.e.16465","ELEMENT":"f.BCC40A51FB0F962C15E825EB75C92327.d.330FCB1E2056EA85CD95B7ECA6FAEC69.e.16465"}]}
RESULT: {"script":"<script> [56 bytes]","args":[{"element-6066-11e4-a52e-4f735466cecf":"f.BCC40A51FB0F962C15E825EB75C92327.d.330FCB1E2056EA85CD95B7ECA6FAEC69.e.16465","ELEMENT":"f.BCC40A51FB0F962C15E825EB75C92327.d.330FCB1E2056EA85CD95B7ECA6FAEC69.e.16465"}]}
COMMAND: POST /session/bbd37991cd80103daa76f108f3796d35/element - {"using":"xpath","value":"//td[@aria-colindex=\"1\"]/div/div[contains(@class, \"sapMCbBg\")]"}
COMMAND: GET /session/bbd37991cd80103daa76f108f3796d35/screenshot - {}
RESULT: {"using":"xpath","value":"//td[@aria-colindex=\"1\"]/div/div[contains(@class, \"sapMCbBg\")]"}
COMMAND: POST /session/bbd37991cd80103daa76f108f3796d35/element/f.BCC40A51FB0F962C15E825EB75C92327.d.330FCB1E2056EA85CD95B7ECA6FAEC69.e.16475/click - {}
RESULT: {}
RESULT: {}
COMMAND: GET /session/bbd37991cd80103daa76f108f3796d35/screenshot - {}
RESULT: {}
COMMAND: POST /session/bbd37991cd80103daa76f108f3796d35/element - {"using":"xpath","value":"//bdi[text()=\"Transfer\"]"}
RESULT: {"using":"xpath","value":"//bdi[text()=\"Transfer\"]"}
COMMAND: POST /session/bbd37991cd80103daa76f108f3796d35/element/f.BCC40A51FB0F962C15E825EB75C92327.d.330FCB1E2056EA85CD95B7ECA6FAEC69.e.16476/click - {}
RESULT: {}
COMMAND: GET /session/bbd37991cd80103daa76f108f3796d35/screenshot - {}
RESULT: {}
COMMAND: POST /session/bbd37991cd80103daa76f108f3796d35/element - {"using":"xpath","value":"//bdi[contains(text(), \"OK\")]"}
RESULT: {"using":"xpath","value":"//bdi[contains(text(), \"OK\")]"}
COMMAND: POST /session/bbd37991cd80103daa76f108f3796d35/element/f.BCC40A51FB0F962C15E825EB75C92327.d.330FCB1E2056EA85CD95B7ECA6FAEC69.e.16479/click - {}
RESULT: {}
COMMAND: GET /session/bbd37991cd80103daa76f108f3796d35/screenshot - {}
RESULT: {}
COMMAND: POST /session/bbd37991cd80103daa76f108f3796d35/element - {"using":"xpath","value":"(//span[contains(text(), \"Completed\")]/parent::div/preceding-sibling::div/span)[1]"}
RESULT: {"using":"xpath","value":"(//span[contains(text(), \"Completed\")]/parent::div/preceding-sibling::div/span)[1]"}
COMMAND: POST /session/bbd37991cd80103daa76f108f3796d35/element/f.BCC40A51FB0F962C15E825EB75C92327.d.330FCB1E2056EA85CD95B7ECA6FAEC69.e.16487/click - {}
RESULT: {}
COMMAND: POST /session/bbd37991cd80103daa76f108f3796d35/element - {"using":"xpath","value":"//input[contains(@id ,\"application-billingtransfer-display-component---billingWorkbench--smartFilterBar-btnBasicSearch\")]"}
COMMAND: GET /session/bbd37991cd80103daa76f108f3796d35/screenshot - {}
RESULT: {"using":"xpath","value":"//input[contains(@id ,\"application-billingtransfer-display-component---billingWorkbench--smartFilterBar-btnBasicSearch\")]"}
COMMAND: POST /session/bbd37991cd80103daa76f108f3796d35/elements - {"using":"xpath","value":"//input[contains(@id ,\"application-billingtransfer-display-component---billingWorkbench--smartFilterBar-btnBasicSearch\")]"}
RESULT: {}
RESULT: {"using":"xpath","value":"//input[contains(@id ,\"application-billingtransfer-display-component---billingWorkbench--smartFilterBar-btnBasicSearch\")]"}
COMMAND: POST /session/bbd37991cd80103daa76f108f3796d35/execute/sync - {"script":"<script> [8489 bytes]","args":[{"element-6066-11e4-a52e-4f735466cecf":"f.BCC40A51FB0F962C15E825EB75C92327.d.330FCB1E2056EA85CD95B7ECA6FAEC69.e.16294","ELEMENT":"f.BCC40A51FB0F962C15E825EB75C92327.d.330FCB1E2056EA85CD95B7ECA6FAEC69.e.16294"}]}
RESULT: {"script":"<script> [8489 bytes]","args":[{"element-6066-11e4-a52e-4f735466cecf":"f.BCC40A51FB0F962C15E825EB75C92327.d.330FCB1E2056EA85CD95B7ECA6FAEC69.e.16294","ELEMENT":"f.BCC40A51FB0F962C15E825EB75C92327.d.330FCB1E2056EA85CD95B7ECA6FAEC69.e.16294"}]}
COMMAND: GET /session/bbd37991cd80103daa76f108f3796d35/element/f.BCC40A51FB0F962C15E825EB75C92327.d.330FCB1E2056EA85CD95B7ECA6FAEC69.e.16294/enabled - {}
COMMAND: GET /session/bbd37991cd80103daa76f108f3796d35/screenshot - {}
RESULT: {}
COMMAND: POST /session/bbd37991cd80103daa76f108f3796d35/element/f.BCC40A51FB0F962C15E825EB75C92327.d.330FCB1E2056EA85CD95B7ECA6FAEC69.e.16294/click - {}
COMMAND: GET /session/bbd37991cd80103daa76f108f3796d35/screenshot - {}
RESULT: {}
RESULT: {}
COMMAND: GET /session/bbd37991cd80103daa76f108f3796d35/screenshot - {}
RESULT: {}
RESULT: {}
COMMAND: POST /session/bbd37991cd80103daa76f108f3796d35/element/f.BCC40A51FB0F962C15E825EB75C92327.d.330FCB1E2056EA85CD95B7ECA6FAEC69.e.16294/clear - {}
RESULT: {}
COMMAND: POST /session/bbd37991cd80103daa76f108f3796d35/element/f.BCC40A51FB0F962C15E825EB75C92327.d.330FCB1E2056EA85CD95B7ECA6FAEC69.e.16294/value - {"text":"10506"}
COMMAND: GET /session/bbd37991cd80103daa76f108f3796d35/screenshot - {}
RESULT: {"text":"10506"}
COMMAND: POST /session/bbd37991cd80103daa76f108f3796d35/actions - {"actions":[{"id":"action59","type":"key","parameters":{},"actions":[{"type":"keyDown","value":"î€‡"},{"type":"pause","duration":10},{"type":"keyUp","value":"î€‡"}]}]}
COMMAND: GET /session/bbd37991cd80103daa76f108f3796d35/screenshot - {}
RESULT: {}
RESULT: {"actions":[{"id":"action59","type":"key","parameters":{},"actions":[{"type":"keyDown","value":"î€‡"},{"type":"pause","duration":10},{"type":"keyUp","value":"î€‡"}]}]}
COMMAND: GET /session/bbd37991cd80103daa76f108f3796d35/screenshot - {}
RESULT: {}
RESULT: {}
COMMAND: POST /session/bbd37991cd80103daa76f108f3796d35/element - {"using":"xpath","value":"//span[contains(@id ,\"application-billingtransfer-display-component---billingWorkbench--smartTableBillingRuns-header-inner\")]"}
RESULT: {"using":"xpath","value":"//span[contains(@id ,\"application-billingtransfer-display-component---billingWorkbench--smartTableBillingRuns-header-inner\")]"}
COMMAND: POST /session/bbd37991cd80103daa76f108f3796d35/elements - {"using":"xpath","value":"//span[contains(@id ,\"application-billingtransfer-display-component---billingWorkbench--smartTableBillingRuns-header-inner\")]"}
RESULT: {"using":"xpath","value":"//span[contains(@id ,\"application-billingtransfer-display-component---billingWorkbench--smartTableBillingRuns-header-inner\")]"}
COMMAND: POST /session/bbd37991cd80103daa76f108f3796d35/execute/sync - {"script":"<script> [56 bytes]","args":[{"element-6066-11e4-a52e-4f735466cecf":"f.BCC40A51FB0F962C15E825EB75C92327.d.330FCB1E2056EA85CD95B7ECA6FAEC69.e.16465","ELEMENT":"f.BCC40A51FB0F962C15E825EB75C92327.d.330FCB1E2056EA85CD95B7ECA6FAEC69.e.16465"}]}
RESULT: {"script":"<script> [56 bytes]","args":[{"element-6066-11e4-a52e-4f735466cecf":"f.BCC40A51FB0F962C15E825EB75C92327.d.330FCB1E2056EA85CD95B7ECA6FAEC69.e.16465","ELEMENT":"f.BCC40A51FB0F962C15E825EB75C92327.d.330FCB1E2056EA85CD95B7ECA6FAEC69.e.16465"}]}
COMMAND: GET /session/bbd37991cd80103daa76f108f3796d35/screenshot - {}
RESULT: {}
COMMAND: POST /session/bbd37991cd80103daa76f108f3796d35/execute/sync - {"script":"<script> [56 bytes]","args":[{"element-6066-11e4-a52e-4f735466cecf":"f.BCC40A51FB0F962C15E825EB75C92327.d.330FCB1E2056EA85CD95B7ECA6FAEC69.e.16465","ELEMENT":"f.BCC40A51FB0F962C15E825EB75C92327.d.330FCB1E2056EA85CD95B7ECA6FAEC69.e.16465"}]}
RESULT: {"script":"<script> [56 bytes]","args":[{"element-6066-11e4-a52e-4f735466cecf":"f.BCC40A51FB0F962C15E825EB75C92327.d.330FCB1E2056EA85CD95B7ECA6FAEC69.e.16465","ELEMENT":"f.BCC40A51FB0F962C15E825EB75C92327.d.330FCB1E2056EA85CD95B7ECA6FAEC69.e.16465"}]}
COMMAND: GET /session/bbd37991cd80103daa76f108f3796d35/screenshot - {}
RESULT: {}
COMMAND: POST /session/bbd37991cd80103daa76f108f3796d35/execute/sync - {"script":"<script> [56 bytes]","args":[{"element-6066-11e4-a52e-4f735466cecf":"f.BCC40A51FB0F962C15E825EB75C92327.d.330FCB1E2056EA85CD95B7ECA6FAEC69.e.16465","ELEMENT":"f.BCC40A51FB0F962C15E825EB75C92327.d.330FCB1E2056EA85CD95B7ECA6FAEC69.e.16465"}]}
RESULT: {"script":"<script> [56 bytes]","args":[{"element-6066-11e4-a52e-4f735466cecf":"f.BCC40A51FB0F962C15E825EB75C92327.d.330FCB1E2056EA85CD95B7ECA6FAEC69.e.16465","ELEMENT":"f.BCC40A51FB0F962C15E825EB75C92327.d.330FCB1E2056EA85CD95B7ECA6FAEC69.e.16465"}]}
COMMAND: GET /session/bbd37991cd80103daa76f108f3796d35/screenshot - {}
RESULT: {}
COMMAND: POST /session/bbd37991cd80103daa76f108f3796d35/execute/sync - {"script":"<script> [56 bytes]","args":[{"element-6066-11e4-a52e-4f735466cecf":"f.BCC40A51FB0F962C15E825EB75C92327.d.330FCB1E2056EA85CD95B7ECA6FAEC69.e.16465","ELEMENT":"f.BCC40A51FB0F962C15E825EB75C92327.d.330FCB1E2056EA85CD95B7ECA6FAEC69.e.16465"}]}
RESULT: {"script":"<script> [56 bytes]","args":[{"element-6066-11e4-a52e-4f735466cecf":"f.BCC40A51FB0F962C15E825EB75C92327.d.330FCB1E2056EA85CD95B7ECA6FAEC69.e.16465","ELEMENT":"f.BCC40A51FB0F962C15E825EB75C92327.d.330FCB1E2056EA85CD95B7ECA6FAEC69.e.16465"}]}
COMMAND: GET /session/bbd37991cd80103daa76f108f3796d35/screenshot - {}
RESULT: {}
COMMAND: POST /session/bbd37991cd80103daa76f108f3796d35/execute/sync - {"script":"<script> [56 bytes]","args":[{"element-6066-11e4-a52e-4f735466cecf":"f.BCC40A51FB0F962C15E825EB75C92327.d.330FCB1E2056EA85CD95B7ECA6FAEC69.e.16465","ELEMENT":"f.BCC40A51FB0F962C15E825EB75C92327.d.330FCB1E2056EA85CD95B7ECA6FAEC69.e.16465"}]}
RESULT: {"script":"<script> [56 bytes]","args":[{"element-6066-11e4-a52e-4f735466cecf":"f.BCC40A51FB0F962C15E825EB75C92327.d.330FCB1E2056EA85CD95B7ECA6FAEC69.e.16465","ELEMENT":"f.BCC40A51FB0F962C15E825EB75C92327.d.330FCB1E2056EA85CD95B7ECA6FAEC69.e.16465"}]}
COMMAND: GET /session/bbd37991cd80103daa76f108f3796d35/screenshot - {}
RESULT: {}
COMMAND: POST /session/bbd37991cd80103daa76f108f3796d35/execute/sync - {"script":"<script> [56 bytes]","args":[{"element-6066-11e4-a52e-4f735466cecf":"f.BCC40A51FB0F962C15E825EB75C92327.d.330FCB1E2056EA85CD95B7ECA6FAEC69.e.16465","ELEMENT":"f.BCC40A51FB0F962C15E825EB75C92327.d.330FCB1E2056EA85CD95B7ECA6FAEC69.e.16465"}]}
RESULT: {"script":"<script> [56 bytes]","args":[{"element-6066-11e4-a52e-4f735466cecf":"f.BCC40A51FB0F962C15E825EB75C92327.d.330FCB1E2056EA85CD95B7ECA6FAEC69.e.16465","ELEMENT":"f.BCC40A51FB0F962C15E825EB75C92327.d.330FCB1E2056EA85CD95B7ECA6FAEC69.e.16465"}]}
COMMAND: GET /session/bbd37991cd80103daa76f108f3796d35/screenshot - {}
COMMAND: POST /session/bbd37991cd80103daa76f108f3796d35/execute/sync - {"script":"<script> [56 bytes]","args":[{"element-6066-11e4-a52e-4f735466cecf":"f.BCC40A51FB0F962C15E825EB75C92327.d.330FCB1E2056EA85CD95B7ECA6FAEC69.e.16465","ELEMENT":"f.BCC40A51FB0F962C15E825EB75C92327.d.330FCB1E2056EA85CD95B7ECA6FAEC69.e.16465"}]}
RESULT: {}
RESULT: {"script":"<script> [56 bytes]","args":[{"element-6066-11e4-a52e-4f735466cecf":"f.BCC40A51FB0F962C15E825EB75C92327.d.330FCB1E2056EA85CD95B7ECA6FAEC69.e.16465","ELEMENT":"f.BCC40A51FB0F962C15E825EB75C92327.d.330FCB1E2056EA85CD95B7ECA6FAEC69.e.16465"}]}
COMMAND: GET /session/bbd37991cd80103daa76f108f3796d35/screenshot - {}
RESULT: {}
COMMAND: POST /session/bbd37991cd80103daa76f108f3796d35/execute/sync - {"script":"<script> [56 bytes]","args":[{"element-6066-11e4-a52e-4f735466cecf":"f.BCC40A51FB0F962C15E825EB75C92327.d.330FCB1E2056EA85CD95B7ECA6FAEC69.e.16465","ELEMENT":"f.BCC40A51FB0F962C15E825EB75C92327.d.330FCB1E2056EA85CD95B7ECA6FAEC69.e.16465"}]}
RESULT: {"script":"<script> [56 bytes]","args":[{"element-6066-11e4-a52e-4f735466cecf":"f.BCC40A51FB0F962C15E825EB75C92327.d.330FCB1E2056EA85CD95B7ECA6FAEC69.e.16465","ELEMENT":"f.BCC40A51FB0F962C15E825EB75C92327.d.330FCB1E2056EA85CD95B7ECA6FAEC69.e.16465"}]}
COMMAND: GET /session/bbd37991cd80103daa76f108f3796d35/screenshot - {}
RESULT: {}
COMMAND: POST /session/bbd37991cd80103daa76f108f3796d35/execute/sync - {"script":"<script> [56 bytes]","args":[{"element-6066-11e4-a52e-4f735466cecf":"f.BCC40A51FB0F962C15E825EB75C92327.d.330FCB1E2056EA85CD95B7ECA6FAEC69.e.16465","ELEMENT":"f.BCC40A51FB0F962C15E825EB75C92327.d.330FCB1E2056EA85CD95B7ECA6FAEC69.e.16465"}]}
RESULT: {"script":"<script> [56 bytes]","args":[{"element-6066-11e4-a52e-4f735466cecf":"f.BCC40A51FB0F962C15E825EB75C92327.d.330FCB1E2056EA85CD95B7ECA6FAEC69.e.16465","ELEMENT":"f.BCC40A51FB0F962C15E825EB75C92327.d.330FCB1E2056EA85CD95B7ECA6FAEC69.e.16465"}]}
COMMAND: GET /session/bbd37991cd80103daa76f108f3796d35/screenshot - {}
RESULT: {}
COMMAND: POST /session/bbd37991cd80103daa76f108f3796d35/execute/sync - {"script":"<script> [56 bytes]","args":[{"element-6066-11e4-a52e-4f735466cecf":"f.BCC40A51FB0F962C15E825EB75C92327.d.330FCB1E2056EA85CD95B7ECA6FAEC69.e.16465","ELEMENT":"f.BCC40A51FB0F962C15E825EB75C92327.d.330FCB1E2056EA85CD95B7ECA6FAEC69.e.16465"}]}
RESULT: {"script":"<script> [56 bytes]","args":[{"element-6066-11e4-a52e-4f735466cecf":"f.BCC40A51FB0F962C15E825EB75C92327.d.330FCB1E2056EA85CD95B7ECA6FAEC69.e.16465","ELEMENT":"f.BCC40A51FB0F962C15E825EB75C92327.d.330FCB1E2056EA85CD95B7ECA6FAEC69.e.16465"}]}
COMMAND: GET /session/bbd37991cd80103daa76f108f3796d35/screenshot - {}
RESULT: {}
COMMAND: POST /session/bbd37991cd80103daa76f108f3796d35/execute/sync - {"script":"<script> [56 bytes]","args":[{"element-6066-11e4-a52e-4f735466cecf":"f.BCC40A51FB0F962C15E825EB75C92327.d.330FCB1E2056EA85CD95B7ECA6FAEC69.e.16465","ELEMENT":"f.BCC40A51FB0F962C15E825EB75C92327.d.330FCB1E2056EA85CD95B7ECA6FAEC69.e.16465"}]}
RESULT: {"script":"<script> [56 bytes]","args":[{"element-6066-11e4-a52e-4f735466cecf":"f.BCC40A51FB0F962C15E825EB75C92327.d.330FCB1E2056EA85CD95B7ECA6FAEC69.e.16465","ELEMENT":"f.BCC40A51FB0F962C15E825EB75C92327.d.330FCB1E2056EA85CD95B7ECA6FAEC69.e.16465"}]}
COMMAND: GET /session/bbd37991cd80103daa76f108f3796d35/screenshot - {}
RESULT: {}
COMMAND: POST /session/bbd37991cd80103daa76f108f3796d35/execute/sync - {"script":"<script> [56 bytes]","args":[{"element-6066-11e4-a52e-4f735466cecf":"f.BCC40A51FB0F962C15E825EB75C92327.d.330FCB1E2056EA85CD95B7ECA6FAEC69.e.16465","ELEMENT":"f.BCC40A51FB0F962C15E825EB75C92327.d.330FCB1E2056EA85CD95B7ECA6FAEC69.e.16465"}]}
RESULT: {"script":"<script> [56 bytes]","args":[{"element-6066-11e4-a52e-4f735466cecf":"f.BCC40A51FB0F962C15E825EB75C92327.d.330FCB1E2056EA85CD95B7ECA6FAEC69.e.16465","ELEMENT":"f.BCC40A51FB0F962C15E825EB75C92327.d.330FCB1E2056EA85CD95B7ECA6FAEC69.e.16465"}]}
COMMAND: GET /session/bbd37991cd80103daa76f108f3796d35/screenshot - {}
RESULT: {}
COMMAND: POST /session/bbd37991cd80103daa76f108f3796d35/execute/sync - {"script":"<script> [56 bytes]","args":[{"element-6066-11e4-a52e-4f735466cecf":"f.BCC40A51FB0F962C15E825EB75C92327.d.330FCB1E2056EA85CD95B7ECA6FAEC69.e.16465","ELEMENT":"f.BCC40A51FB0F962C15E825EB75C92327.d.330FCB1E2056EA85CD95B7ECA6FAEC69.e.16465"}]}
RESULT: {"script":"<script> [56 bytes]","args":[{"element-6066-11e4-a52e-4f735466cecf":"f.BCC40A51FB0F962C15E825EB75C92327.d.330FCB1E2056EA85CD95B7ECA6FAEC69.e.16465","ELEMENT":"f.BCC40A51FB0F962C15E825EB75C92327.d.330FCB1E2056EA85CD95B7ECA6FAEC69.e.16465"}]}
COMMAND: GET /session/bbd37991cd80103daa76f108f3796d35/screenshot - {}
RESULT: {}
COMMAND: POST /session/bbd37991cd80103daa76f108f3796d35/execute/sync - {"script":"<script> [56 bytes]","args":[{"element-6066-11e4-a52e-4f735466cecf":"f.BCC40A51FB0F962C15E825EB75C92327.d.330FCB1E2056EA85CD95B7ECA6FAEC69.e.16465","ELEMENT":"f.BCC40A51FB0F962C15E825EB75C92327.d.330FCB1E2056EA85CD95B7ECA6FAEC69.e.16465"}]}
RESULT: {"script":"<script> [56 bytes]","args":[{"element-6066-11e4-a52e-4f735466cecf":"f.BCC40A51FB0F962C15E825EB75C92327.d.330FCB1E2056EA85CD95B7ECA6FAEC69.e.16465","ELEMENT":"f.BCC40A51FB0F962C15E825EB75C92327.d.330FCB1E2056EA85CD95B7ECA6FAEC69.e.16465"}]}
COMMAND: GET /session/bbd37991cd80103daa76f108f3796d35/screenshot - {}
RESULT: {}
COMMAND: POST /session/bbd37991cd80103daa76f108f3796d35/execute/sync - {"script":"<script> [56 bytes]","args":[{"element-6066-11e4-a52e-4f735466cecf":"f.BCC40A51FB0F962C15E825EB75C92327.d.330FCB1E2056EA85CD95B7ECA6FAEC69.e.16465","ELEMENT":"f.BCC40A51FB0F962C15E825EB75C92327.d.330FCB1E2056EA85CD95B7ECA6FAEC69.e.16465"}]}
RESULT: {"script":"<script> [56 bytes]","args":[{"element-6066-11e4-a52e-4f735466cecf":"f.BCC40A51FB0F962C15E825EB75C92327.d.330FCB1E2056EA85CD95B7ECA6FAEC69.e.16465","ELEMENT":"f.BCC40A51FB0F962C15E825EB75C92327.d.330FCB1E2056EA85CD95B7ECA6FAEC69.e.16465"}]}
COMMAND: GET /session/bbd37991cd80103daa76f108f3796d35/screenshot - {}
RESULT: {}
COMMAND: POST /session/bbd37991cd80103daa76f108f3796d35/execute/sync - {"script":"<script> [56 bytes]","args":[{"element-6066-11e4-a52e-4f735466cecf":"f.BCC40A51FB0F962C15E825EB75C92327.d.330FCB1E2056EA85CD95B7ECA6FAEC69.e.16465","ELEMENT":"f.BCC40A51FB0F962C15E825EB75C92327.d.330FCB1E2056EA85CD95B7ECA6FAEC69.e.16465"}]}
RESULT: {"script":"<script> [56 bytes]","args":[{"element-6066-11e4-a52e-4f735466cecf":"f.BCC40A51FB0F962C15E825EB75C92327.d.330FCB1E2056EA85CD95B7ECA6FAEC69.e.16465","ELEMENT":"f.BCC40A51FB0F962C15E825EB75C92327.d.330FCB1E2056EA85CD95B7ECA6FAEC69.e.16465"}]}
COMMAND: GET /session/bbd37991cd80103daa76f108f3796d35/screenshot - {}
RESULT: {}
COMMAND: POST /session/bbd37991cd80103daa76f108f3796d35/execute/sync - {"script":"<script> [56 bytes]","args":[{"element-6066-11e4-a52e-4f735466cecf":"f.BCC40A51FB0F962C15E825EB75C92327.d.330FCB1E2056EA85CD95B7ECA6FAEC69.e.16465","ELEMENT":"f.BCC40A51FB0F962C15E825EB75C92327.d.330FCB1E2056EA85CD95B7ECA6FAEC69.e.16465"}]}
RESULT: {"script":"<script> [56 bytes]","args":[{"element-6066-11e4-a52e-4f735466cecf":"f.BCC40A51FB0F962C15E825EB75C92327.d.330FCB1E2056EA85CD95B7ECA6FAEC69.e.16465","ELEMENT":"f.BCC40A51FB0F962C15E825EB75C92327.d.330FCB1E2056EA85CD95B7ECA6FAEC69.e.16465"}]}
COMMAND: GET /session/bbd37991cd80103daa76f108f3796d35/screenshot - {}
RESULT: {}
COMMAND: POST /session/bbd37991cd80103daa76f108f3796d35/execute/sync - {"script":"<script> [56 bytes]","args":[{"element-6066-11e4-a52e-4f735466cecf":"f.BCC40A51FB0F962C15E825EB75C92327.d.330FCB1E2056EA85CD95B7ECA6FAEC69.e.16465","ELEMENT":"f.BCC40A51FB0F962C15E825EB75C92327.d.330FCB1E2056EA85CD95B7ECA6FAEC69.e.16465"}]}
RESULT: {"script":"<script> [56 bytes]","args":[{"element-6066-11e4-a52e-4f735466cecf":"f.BCC40A51FB0F962C15E825EB75C92327.d.330FCB1E2056EA85CD95B7ECA6FAEC69.e.16465","ELEMENT":"f.BCC40A51FB0F962C15E825EB75C92327.d.330FCB1E2056EA85CD95B7ECA6FAEC69.e.16465"}]}
COMMAND: GET /session/bbd37991cd80103daa76f108f3796d35/screenshot - {}
RESULT: {}
COMMAND: POST /session/bbd37991cd80103daa76f108f3796d35/execute/sync - {"script":"<script> [56 bytes]","args":[{"element-6066-11e4-a52e-4f735466cecf":"f.BCC40A51FB0F962C15E825EB75C92327.d.330FCB1E2056EA85CD95B7ECA6FAEC69.e.16465","ELEMENT":"f.BCC40A51FB0F962C15E825EB75C92327.d.330FCB1E2056EA85CD95B7ECA6FAEC69.e.16465"}]}
RESULT: {"script":"<script> [56 bytes]","args":[{"element-6066-11e4-a52e-4f735466cecf":"f.BCC40A51FB0F962C15E825EB75C92327.d.330FCB1E2056EA85CD95B7ECA6FAEC69.e.16465","ELEMENT":"f.BCC40A51FB0F962C15E825EB75C92327.d.330FCB1E2056EA85CD95B7ECA6FAEC69.e.16465"}]}
COMMAND: GET /session/bbd37991cd80103daa76f108f3796d35/screenshot - {}
RESULT: {}
COMMAND: POST /session/bbd37991cd80103daa76f108f3796d35/execute/sync - {"script":"<script> [56 bytes]","args":[{"element-6066-11e4-a52e-4f735466cecf":"f.BCC40A51FB0F962C15E825EB75C92327.d.330FCB1E2056EA85CD95B7ECA6FAEC69.e.16465","ELEMENT":"f.BCC40A51FB0F962C15E825EB75C92327.d.330FCB1E2056EA85CD95B7ECA6FAEC69.e.16465"}]}
RESULT: {"script":"<script> [56 bytes]","args":[{"element-6066-11e4-a52e-4f735466cecf":"f.BCC40A51FB0F962C15E825EB75C92327.d.330FCB1E2056EA85CD95B7ECA6FAEC69.e.16465","ELEMENT":"f.BCC40A51FB0F962C15E825EB75C92327.d.330FCB1E2056EA85CD95B7ECA6FAEC69.e.16465"}]}
COMMAND: GET /session/bbd37991cd80103daa76f108f3796d35/screenshot - {}
RESULT: {}
COMMAND: POST /session/bbd37991cd80103daa76f108f3796d35/execute/sync - {"script":"<script> [56 bytes]","args":[{"element-6066-11e4-a52e-4f735466cecf":"f.BCC40A51FB0F962C15E825EB75C92327.d.330FCB1E2056EA85CD95B7ECA6FAEC69.e.16465","ELEMENT":"f.BCC40A51FB0F962C15E825EB75C92327.d.330FCB1E2056EA85CD95B7ECA6FAEC69.e.16465"}]}
RESULT: {"script":"<script> [56 bytes]","args":[{"element-6066-11e4-a52e-4f735466cecf":"f.BCC40A51FB0F962C15E825EB75C92327.d.330FCB1E2056EA85CD95B7ECA6FAEC69.e.16465","ELEMENT":"f.BCC40A51FB0F962C15E825EB75C92327.d.330FCB1E2056EA85CD95B7ECA6FAEC69.e.16465"}]}
COMMAND: GET /session/bbd37991cd80103daa76f108f3796d35/screenshot - {}
RESULT: {}
COMMAND: POST /session/bbd37991cd80103daa76f108f3796d35/execute/sync - {"script":"<script> [56 bytes]","args":[{"element-6066-11e4-a52e-4f735466cecf":"f.BCC40A51FB0F962C15E825EB75C92327.d.330FCB1E2056EA85CD95B7ECA6FAEC69.e.16465","ELEMENT":"f.BCC40A51FB0F962C15E825EB75C92327.d.330FCB1E2056EA85CD95B7ECA6FAEC69.e.16465"}]}
RESULT: {"script":"<script> [56 bytes]","args":[{"element-6066-11e4-a52e-4f735466cecf":"f.BCC40A51FB0F962C15E825EB75C92327.d.330FCB1E2056EA85CD95B7ECA6FAEC69.e.16465","ELEMENT":"f.BCC40A51FB0F962C15E825EB75C92327.d.330FCB1E2056EA85CD95B7ECA6FAEC69.e.16465"}]}
COMMAND: POST /session/bbd37991cd80103daa76f108f3796d35/element - {"using":"css selector","value":"#shell-header-logo"}
COMMAND: GET /session/bbd37991cd80103daa76f108f3796d35/screenshot - {}
RESULT: {"using":"css selector","value":"#shell-header-logo"}
COMMAND: POST /session/bbd37991cd80103daa76f108f3796d35/element/f.BCC40A51FB0F962C15E825EB75C92327.d.330FCB1E2056EA85CD95B7ECA6FAEC69.e.16292/click - {}
RESULT: {}
RESULT: {}
COMMAND: GET /session/bbd37991cd80103daa76f108f3796d35/screenshot - {}
RESULT: {}
COMMAND: POST /session/bbd37991cd80103daa76f108f3796d35/element - {"using":"css selector","value":"#j_username"}
COMMAND: POST /session/bbd37991cd80103daa76f108f3796d35/url - {"url":"https://qa-testing-00-live-etm-ui.cfapps.eu10-004.hana.ondemand.com/"}
RESULT: {"using":"css selector","value":"#j_username"}
COMMAND: POST /session/bbd37991cd80103daa76f108f3796d35/element - {"using":"css selector","value":"#j_username"}
RESULT: {"url":"https://qa-testing-00-live-etm-ui.cfapps.eu10-004.hana.ondemand.com/"}
RESULT: undefined
COMMAND: GET /session/bbd37991cd80103daa76f108f3796d35/screenshot - {}
RESULT: {"using":"css selector","value":"#j_username"}
COMMAND: POST /session/bbd37991cd80103daa76f108f3796d35/element - {"using":"css selector","value":"#shell-header-logo"}
RESULT: {}
RESULT: {"using":"css selector","value":"#shell-header-logo"}
COMMAND: POST /session/bbd37991cd80103daa76f108f3796d35/execute/sync - {"script":"<script> [8489 bytes]","args":[{"element-6066-11e4-a52e-4f735466cecf":"f.BCC40A51FB0F962C15E825EB75C92327.d.7944A1362FA163D83447218E00AB5CE9.e.16504","ELEMENT":"f.BCC40A51FB0F962C15E825EB75C92327.d.7944A1362FA163D83447218E00AB5CE9.e.16504"}]}
RESULT: {"script":"<script> [8489 bytes]","args":[{"element-6066-11e4-a52e-4f735466cecf":"f.BCC40A51FB0F962C15E825EB75C92327.d.7944A1362FA163D83447218E00AB5CE9.e.16504","ELEMENT":"f.BCC40A51FB0F962C15E825EB75C92327.d.7944A1362FA163D83447218E00AB5CE9.e.16504"}]}
COMMAND: POST /session/bbd37991cd80103daa76f108f3796d35/element - {"using":"css selector","value":"#shell-header-logo"}
COMMAND: GET /session/bbd37991cd80103daa76f108f3796d35/screenshot - {}
RESULT: {"using":"css selector","value":"#shell-header-logo"}
COMMAND: POST /session/bbd37991cd80103daa76f108f3796d35/execute/sync - {"script":"<script> [8489 bytes]","args":[{"element-6066-11e4-a52e-4f735466cecf":"f.BCC40A51FB0F962C15E825EB75C92327.d.7944A1362FA163D83447218E00AB5CE9.e.16504","ELEMENT":"f.BCC40A51FB0F962C15E825EB75C92327.d.7944A1362FA163D83447218E00AB5CE9.e.16504"}]}
RESULT: {}
RESULT: {"script":"<script> [8489 bytes]","args":[{"element-6066-11e4-a52e-4f735466cecf":"f.BCC40A51FB0F962C15E825EB75C92327.d.7944A1362FA163D83447218E00AB5CE9.e.16504","ELEMENT":"f.BCC40A51FB0F962C15E825EB75C92327.d.7944A1362FA163D83447218E00AB5CE9.e.16504"}]}
COMMAND: POST /session/bbd37991cd80103daa76f108f3796d35/execute/sync - {"script":"<script> [5351 bytes]","args":[{"element-6066-11e4-a52e-4f735466cecf":"f.BCC40A51FB0F962C15E825EB75C92327.d.7944A1362FA163D83447218E00AB5CE9.e.16504","ELEMENT":"f.BCC40A51FB0F962C15E825EB75C92327.d.7944A1362FA163D83447218E00AB5CE9.e.16504"}]}
COMMAND: GET /session/bbd37991cd80103daa76f108f3796d35/screenshot - {}
RESULT: {"script":"<script> [5351 bytes]","args":[{"element-6066-11e4-a52e-4f735466cecf":"f.BCC40A51FB0F962C15E825EB75C92327.d.7944A1362FA163D83447218E00AB5CE9.e.16504","ELEMENT":"f.BCC40A51FB0F962C15E825EB75C92327.d.7944A1362FA163D83447218E00AB5CE9.e.16504"}]}
COMMAND: POST /session/bbd37991cd80103daa76f108f3796d35/element - {"using":"css selector","value":"#shell-header-logo"}
COMMAND: GET /session/bbd37991cd80103daa76f108f3796d35/screenshot - {}
RESULT: {}
RESULT: {"using":"css selector","value":"#shell-header-logo"}
COMMAND: POST /session/bbd37991cd80103daa76f108f3796d35/element/f.BCC40A51FB0F962C15E825EB75C92327.d.7944A1362FA163D83447218E00AB5CE9.e.16504/click - {}
RESULT: {}
RESULT: {}
COMMAND: GET /session/bbd37991cd80103daa76f108f3796d35/screenshot - {}
RESULT: {}
COMMAND: POST /session/bbd37991cd80103daa76f108f3796d35/execute/async - {"script":"<script> [189 bytes]","args":[]}
RESULT: {"script":"<script> [189 bytes]","args":[]}
COMMAND: POST /session/bbd37991cd80103daa76f108f3796d35/execute/async - {"script":"<script> [123 bytes]","args":[]}
RESULT: {"script":"<script> [123 bytes]","args":[]}
COMMAND: POST /session/bbd37991cd80103daa76f108f3796d35/timeouts - {"script":"<number>"}
RESULT: {"script":"<number>"}
COMMAND: GET /session/bbd37991cd80103daa76f108f3796d35/timeouts - {}
RESULT: {}
RESULT: undefined
COMMAND: POST /session/bbd37991cd80103daa76f108f3796d35/execute/async - {"script":"<script> [2676 bytes]","args":[]}
RESULT: {"script":"<script> [2676 bytes]","args":[]}
COMMAND: POST /session/bbd37991cd80103daa76f108f3796d35/execute/async - {"script":"<script> [2342 bytes]","args":[{"protocol":"http","hostname":"0.0.0.0","path":"/","capabilities":{"browserName":"chrome","goog:chromeOptions":{"binary":"C:\\Program Files\\Google\\Chrome\\Application\\chrome.exe","args":["--start-maximized"]}},"logLevel":"warn","connectionRetryTimeout":120000,"connectionRetryCount":3,"logLevels":{},"enableDirectConnect":true,"strictSSL":true,"_":"65 more keys: [\"cacheDir\",\"port\",\"requestedCapabilities\",\"automationProtocol\",\"baseUrl\",\"waitforInterval\",\"waitforTimeout\",\"onReload\",\"beforeCommand\",\"afterCommand\",\"rootDir\",\"specs\",\"suites\",\"exclude\",\"groupLogsByTestSpec\",\"excludeDriverLogs\",\"bail\",\"framework\",\"reporters\",\"services\",\"maxInstances\",\"maxInstancesPerCapability\",\"injectGlobals\",\"filesToWatch\",\"execArgv\",\"runnerEnv\",\"runner\",\"shard\",\"specFileRetries\",\"specFileRetriesDelay\",\"specFileRetriesDeferred\",\"reporterSyncInterval\",\"reporterSyncTimeout\",\"cucumberFeaturesWithLineNumbers\",\"autoCompileOpts\",\"mochaOpts\",\"jasmineOpts\",\"cucumberOpts\",\"onPrepare\",\"onWorkerStart\",\"onWorkerEnd\",\"before\",\"beforeSession\",\"beforeSuite\",\"beforeHook\",\"beforeTest\",\"afterTest\",\"afterHook\",\"afterSuite\",\"afterSession\",\"after\",\"onComplete\",\"beforeAssertion\",\"afterAssertion\",\"beforeFeature\",\"beforeScenario\",\"beforeStep\",\"afterStep\",\"afterScenario\",\"afterFeature\",\"_\",\"suite\",\"$0\",\"ignoredWorkerServices\",\"wdi5\"]"}]}
RESULT: {"script":"<script> [2342 bytes]","args":[{"protocol":"http","hostname":"0.0.0.0","path":"/","capabilities":{"browserName":"chrome","goog:chromeOptions":{"binary":"C:\\Program Files\\Google\\Chrome\\Application\\chrome.exe","args":["--start-maximized"]}},"logLevel":"warn","connectionRetryTimeout":120000,"connectionRetryCount":3,"logLevels":{},"enableDirectConnect":true,"strictSSL":true,"_":"65 more keys: [\"cacheDir\",\"port\",\"requestedCapabilities\",\"automationProtocol\",\"baseUrl\",\"waitforInterval\",\"waitforTimeout\",\"onReload\",\"beforeCommand\",\"afterCommand\",\"rootDir\",\"specs\",\"suites\",\"exclude\",\"groupLogsByTestSpec\",\"excludeDriverLogs\",\"bail\",\"framework\",\"reporters\",\"services\",\"maxInstances\",\"maxInstancesPerCapability\",\"injectGlobals\",\"filesToWatch\",\"execArgv\",\"runnerEnv\",\"runner\",\"shard\",\"specFileRetries\",\"specFileRetriesDelay\",\"specFileRetriesDeferred\",\"reporterSyncInterval\",\"reporterSyncTimeout\",\"cucumberFeaturesWithLineNumbers\",\"autoCompileOpts\",\"mochaOpts\",\"jasmineOpts\",\"cucumberOpts\",\"onPrepare\",\"onWorkerStart\",\"onWorkerEnd\",\"before\",\"beforeSession\",\"beforeSuite\",\"beforeHook\",\"beforeTest\",\"afterTest\",\"afterHook\",\"afterSuite\",\"afterSession\",\"after\",\"onComplete\",\"beforeAssertion\",\"afterAssertion\",\"beforeFeature\",\"beforeScenario\",\"beforeStep\",\"afterStep\",\"afterScenario\",\"afterFeature\",\"_\",\"suite\",\"$0\",\"ignoredWorkerServices\",\"wdi5\"]"}]}
COMMAND: POST /session/bbd37991cd80103daa76f108f3796d35/execute/async - {"script":"<script> [21126 bytes]","args":[35000]}
RESULT: {"script":"<script> [21126 bytes]","args":[35000]}
COMMAND: POST /session/bbd37991cd80103daa76f108f3796d35/window/maximize - {}
RESULT: {}
COMMAND: POST /session/bbd37991cd80103daa76f108f3796d35/execute/async - {"script":"<script> [1562 bytes]","args":[{"selector":{"id":"shell-header","interaction":{"idSuffix":"icon"}},"wdio_ui5_key":"shellheader"}]}
COMMAND: GET /session/bbd37991cd80103daa76f108f3796d35/screenshot - {}
RESULT: {"script":"<script> [1562 bytes]","args":[{"selector":{"id":"shell-header","interaction":{"idSuffix":"icon"}},"wdio_ui5_key":"shellheader"}]}
RESULT: undefined
COMMAND: POST /session/bbd37991cd80103daa76f108f3796d35/refresh - {}
RESULT: {}
RESULT: {}
COMMAND: GET /session/bbd37991cd80103daa76f108f3796d35/screenshot - {}
RESULT: {}
COMMAND: POST /session/bbd37991cd80103daa76f108f3796d35/refresh - {}
RESULT: {}
COMMAND: GET /session/bbd37991cd80103daa76f108f3796d35/screenshot - {}
RESULT: {}
COMMAND: POST /session/bbd37991cd80103daa76f108f3796d35/window/fullscreen - {}
RESULT: {}
COMMAND: POST /session/bbd37991cd80103daa76f108f3796d35/execute/async - {"script":"<script> [189 bytes]","args":[]}
RESULT: {"script":"<script> [189 bytes]","args":[]}
COMMAND: POST /session/bbd37991cd80103daa76f108f3796d35/execute/async - {"script":"<script> [123 bytes]","args":[]}
RESULT: {"script":"<script> [123 bytes]","args":[]}
COMMAND: POST /session/bbd37991cd80103daa76f108f3796d35/timeouts - {"script":"<number>"}
RESULT: {"script":"<number>"}
COMMAND: GET /session/bbd37991cd80103daa76f108f3796d35/timeouts - {}
RESULT: {}
RESULT: undefined
COMMAND: POST /session/bbd37991cd80103daa76f108f3796d35/execute/async - {"script":"<script> [2676 bytes]","args":[]}
RESULT: {"script":"<script> [2676 bytes]","args":[]}
COMMAND: POST /session/bbd37991cd80103daa76f108f3796d35/execute/async - {"script":"<script> [2342 bytes]","args":[{"protocol":"http","hostname":"0.0.0.0","path":"/","capabilities":{"browserName":"chrome","goog:chromeOptions":{"binary":"C:\\Program Files\\Google\\Chrome\\Application\\chrome.exe","args":["--start-maximized"]}},"logLevel":"warn","connectionRetryTimeout":120000,"connectionRetryCount":3,"logLevels":{},"enableDirectConnect":true,"strictSSL":true,"_":"65 more keys: [\"cacheDir\",\"port\",\"requestedCapabilities\",\"automationProtocol\",\"baseUrl\",\"waitforInterval\",\"waitforTimeout\",\"onReload\",\"beforeCommand\",\"afterCommand\",\"rootDir\",\"specs\",\"suites\",\"exclude\",\"groupLogsByTestSpec\",\"excludeDriverLogs\",\"bail\",\"framework\",\"reporters\",\"services\",\"maxInstances\",\"maxInstancesPerCapability\",\"injectGlobals\",\"filesToWatch\",\"execArgv\",\"runnerEnv\",\"runner\",\"shard\",\"specFileRetries\",\"specFileRetriesDelay\",\"specFileRetriesDeferred\",\"reporterSyncInterval\",\"reporterSyncTimeout\",\"cucumberFeaturesWithLineNumbers\",\"autoCompileOpts\",\"mochaOpts\",\"jasmineOpts\",\"cucumberOpts\",\"onPrepare\",\"onWorkerStart\",\"onWorkerEnd\",\"before\",\"beforeSession\",\"beforeSuite\",\"beforeHook\",\"beforeTest\",\"afterTest\",\"afterHook\",\"afterSuite\",\"afterSession\",\"after\",\"onComplete\",\"beforeAssertion\",\"afterAssertion\",\"beforeFeature\",\"beforeScenario\",\"beforeStep\",\"afterStep\",\"afterScenario\",\"afterFeature\",\"_\",\"suite\",\"$0\",\"ignoredWorkerServices\",\"wdi5\"]"}]}
RESULT: {"script":"<script> [2342 bytes]","args":[{"protocol":"http","hostname":"0.0.0.0","path":"/","capabilities":{"browserName":"chrome","goog:chromeOptions":{"binary":"C:\\Program Files\\Google\\Chrome\\Application\\chrome.exe","args":["--start-maximized"]}},"logLevel":"warn","connectionRetryTimeout":120000,"connectionRetryCount":3,"logLevels":{},"enableDirectConnect":true,"strictSSL":true,"_":"65 more keys: [\"cacheDir\",\"port\",\"requestedCapabilities\",\"automationProtocol\",\"baseUrl\",\"waitforInterval\",\"waitforTimeout\",\"onReload\",\"beforeCommand\",\"afterCommand\",\"rootDir\",\"specs\",\"suites\",\"exclude\",\"groupLogsByTestSpec\",\"excludeDriverLogs\",\"bail\",\"framework\",\"reporters\",\"services\",\"maxInstances\",\"maxInstancesPerCapability\",\"injectGlobals\",\"filesToWatch\",\"execArgv\",\"runnerEnv\",\"runner\",\"shard\",\"specFileRetries\",\"specFileRetriesDelay\",\"specFileRetriesDeferred\",\"reporterSyncInterval\",\"reporterSyncTimeout\",\"cucumberFeaturesWithLineNumbers\",\"autoCompileOpts\",\"mochaOpts\",\"jasmineOpts\",\"cucumberOpts\",\"onPrepare\",\"onWorkerStart\",\"onWorkerEnd\",\"before\",\"beforeSession\",\"beforeSuite\",\"beforeHook\",\"beforeTest\",\"afterTest\",\"afterHook\",\"afterSuite\",\"afterSession\",\"after\",\"onComplete\",\"beforeAssertion\",\"afterAssertion\",\"beforeFeature\",\"beforeScenario\",\"beforeStep\",\"afterStep\",\"afterScenario\",\"afterFeature\",\"_\",\"suite\",\"$0\",\"ignoredWorkerServices\",\"wdi5\"]"}]}
COMMAND: POST /session/bbd37991cd80103daa76f108f3796d35/execute/async - {"script":"<script> [21126 bytes]","args":[35000]}
RESULT: {"script":"<script> [21126 bytes]","args":[35000]}
]]></system-out>
    </testcase>
  </testsuite>
  <testsuite timestamp="2025-05-04T17:59:34" time="614.134" tests="12" failures="0" errors="0" skipped="0">
    <properties>
      <property name="specId" value="0" />
      <property name="suiteName" value="Create Reverse Billing US127248" />
      <property name="capabilities" value="chrome.135_0_7049_96.windows" />
      <property name="file" value="file:///D:/a/1/s/test/specs/BTS/reverse-billing.spec.js" />
    </properties>
    <testcase classname="chrome.135_0_7049_96.windows.Create_Reverse_Billing_US127248" name="Should create a new yard" time="0.011">
      <system-out><![CDATA[
COMMAND: POST /session/bbd37991cd80103daa76f108f3796d35/window/fullscreen - {}
RESULT: {}
]]></system-out>
    </testcase>
    <testcase classname="chrome.135_0_7049_96.windows.Create_Reverse_Billing_US127248" name="Should create a new partner" time="0.004" />
    <testcase classname="chrome.135_0_7049_96.windows.Create_Reverse_Billing_US127248" name="Should create a new site" time="0.003" />
    <testcase classname="chrome.135_0_7049_96.windows.Create_Reverse_Billing_US127248" name="Should create a resource" time="126.076">
      <system-out><![CDATA[
COMMAND: POST /session/bbd37991cd80103daa76f108f3796d35/execute/async - {"script":"<script> [1562 bytes]","args":[{"selector":{"controlType":"sap.m.GenericTile","properties":{"header":"Manage Resources"}},"wdio_ui5_key":"sapm.GenericTile{\"header\":\"Manage Resources\"}"}]}
RESULT: {"script":"<script> [1562 bytes]","args":[{"selector":{"controlType":"sap.m.GenericTile","properties":{"header":"Manage Resources"}},"wdio_ui5_key":"sapm.GenericTile{\"header\":\"Manage Resources\"}"}]}
RESULT: undefined
COMMAND: POST /session/bbd37991cd80103daa76f108f3796d35/element - {"using":"xpath","value":"//*[@id=\"__tile39\"]"}
RESULT: {"using":"xpath","value":"//*[@id=\"__tile39\"]"}
COMMAND: POST /session/bbd37991cd80103daa76f108f3796d35/element/f.BCC40A51FB0F962C15E825EB75C92327.d.AA5376172074F1108870DB049669920C.e.16653/click - {}
RESULT: {}
COMMAND: POST /session/bbd37991cd80103daa76f108f3796d35/element - {"using":"xpath","value":"//button[@data-kt=\"addNewRUOverflowToolbarButton\"]"}
COMMAND: GET /session/bbd37991cd80103daa76f108f3796d35/screenshot - {}
RESULT: {"using":"xpath","value":"//button[@data-kt=\"addNewRUOverflowToolbarButton\"]"}
COMMAND: POST /session/bbd37991cd80103daa76f108f3796d35/elements - {"using":"xpath","value":"//button[@data-kt=\"addNewRUOverflowToolbarButton\"]"}
RESULT: {}
RESULT: {"using":"xpath","value":"//button[@data-kt=\"addNewRUOverflowToolbarButton\"]"}
COMMAND: POST /session/bbd37991cd80103daa76f108f3796d35/elements - {"using":"xpath","value":"//button[@data-kt=\"addNewRUOverflowToolbarButton\"]"}
RESULT: {"using":"xpath","value":"//button[@data-kt=\"addNewRUOverflowToolbarButton\"]"}
COMMAND: POST /session/bbd37991cd80103daa76f108f3796d35/elements - {"using":"xpath","value":"//button[@data-kt=\"addNewRUOverflowToolbarButton\"]"}
RESULT: {"using":"xpath","value":"//button[@data-kt=\"addNewRUOverflowToolbarButton\"]"}
COMMAND: POST /session/bbd37991cd80103daa76f108f3796d35/elements - {"using":"xpath","value":"//button[@data-kt=\"addNewRUOverflowToolbarButton\"]"}
RESULT: {"using":"xpath","value":"//button[@data-kt=\"addNewRUOverflowToolbarButton\"]"}
COMMAND: POST /session/bbd37991cd80103daa76f108f3796d35/elements - {"using":"xpath","value":"//button[@data-kt=\"addNewRUOverflowToolbarButton\"]"}
RESULT: {"using":"xpath","value":"//button[@data-kt=\"addNewRUOverflowToolbarButton\"]"}
COMMAND: POST /session/bbd37991cd80103daa76f108f3796d35/elements - {"using":"xpath","value":"//button[@data-kt=\"addNewRUOverflowToolbarButton\"]"}
RESULT: {"using":"xpath","value":"//button[@data-kt=\"addNewRUOverflowToolbarButton\"]"}
COMMAND: POST /session/bbd37991cd80103daa76f108f3796d35/elements - {"using":"xpath","value":"//button[@data-kt=\"addNewRUOverflowToolbarButton\"]"}
RESULT: {"using":"xpath","value":"//button[@data-kt=\"addNewRUOverflowToolbarButton\"]"}
COMMAND: POST /session/bbd37991cd80103daa76f108f3796d35/elements - {"using":"xpath","value":"//button[@data-kt=\"addNewRUOverflowToolbarButton\"]"}
RESULT: {"using":"xpath","value":"//button[@data-kt=\"addNewRUOverflowToolbarButton\"]"}
COMMAND: POST /session/bbd37991cd80103daa76f108f3796d35/elements - {"using":"xpath","value":"//button[@data-kt=\"addNewRUOverflowToolbarButton\"]"}
RESULT: {"using":"xpath","value":"//button[@data-kt=\"addNewRUOverflowToolbarButton\"]"}
COMMAND: POST /session/bbd37991cd80103daa76f108f3796d35/elements - {"using":"xpath","value":"//button[@data-kt=\"addNewRUOverflowToolbarButton\"]"}
RESULT: {"using":"xpath","value":"//button[@data-kt=\"addNewRUOverflowToolbarButton\"]"}
COMMAND: POST /session/bbd37991cd80103daa76f108f3796d35/elements - {"using":"xpath","value":"//button[@data-kt=\"addNewRUOverflowToolbarButton\"]"}
RESULT: {"using":"xpath","value":"//button[@data-kt=\"addNewRUOverflowToolbarButton\"]"}
COMMAND: POST /session/bbd37991cd80103daa76f108f3796d35/elements - {"using":"xpath","value":"//button[@data-kt=\"addNewRUOverflowToolbarButton\"]"}
RESULT: {"using":"xpath","value":"//button[@data-kt=\"addNewRUOverflowToolbarButton\"]"}
COMMAND: POST /session/bbd37991cd80103daa76f108f3796d35/elements - {"using":"xpath","value":"//button[@data-kt=\"addNewRUOverflowToolbarButton\"]"}
RESULT: {"using":"xpath","value":"//button[@data-kt=\"addNewRUOverflowToolbarButton\"]"}
COMMAND: POST /session/bbd37991cd80103daa76f108f3796d35/elements - {"using":"xpath","value":"//button[@data-kt=\"addNewRUOverflowToolbarButton\"]"}
RESULT: {"using":"xpath","value":"//button[@data-kt=\"addNewRUOverflowToolbarButton\"]"}
COMMAND: POST /session/bbd37991cd80103daa76f108f3796d35/elements - {"using":"xpath","value":"//button[@data-kt=\"addNewRUOverflowToolbarButton\"]"}
RESULT: {"using":"xpath","value":"//button[@data-kt=\"addNewRUOverflowToolbarButton\"]"}
COMMAND: POST /session/bbd37991cd80103daa76f108f3796d35/elements - {"using":"xpath","value":"//button[@data-kt=\"addNewRUOverflowToolbarButton\"]"}
RESULT: {"using":"xpath","value":"//button[@data-kt=\"addNewRUOverflowToolbarButton\"]"}
COMMAND: POST /session/bbd37991cd80103daa76f108f3796d35/elements - {"using":"xpath","value":"//button[@data-kt=\"addNewRUOverflowToolbarButton\"]"}
RESULT: {"using":"xpath","value":"//button[@data-kt=\"addNewRUOverflowToolbarButton\"]"}
COMMAND: POST /session/bbd37991cd80103daa76f108f3796d35/elements - {"using":"xpath","value":"//button[@data-kt=\"addNewRUOverflowToolbarButton\"]"}
RESULT: {"using":"xpath","value":"//button[@data-kt=\"addNewRUOverflowToolbarButton\"]"}
COMMAND: POST /session/bbd37991cd80103daa76f108f3796d35/elements - {"using":"xpath","value":"//button[@data-kt=\"addNewRUOverflowToolbarButton\"]"}
RESULT: {"using":"xpath","value":"//button[@data-kt=\"addNewRUOverflowToolbarButton\"]"}
COMMAND: POST /session/bbd37991cd80103daa76f108f3796d35/elements - {"using":"xpath","value":"//button[@data-kt=\"addNewRUOverflowToolbarButton\"]"}
RESULT: {"using":"xpath","value":"//button[@data-kt=\"addNewRUOverflowToolbarButton\"]"}
COMMAND: POST /session/bbd37991cd80103daa76f108f3796d35/elements - {"using":"xpath","value":"//button[@data-kt=\"addNewRUOverflowToolbarButton\"]"}
RESULT: {"using":"xpath","value":"//button[@data-kt=\"addNewRUOverflowToolbarButton\"]"}
COMMAND: POST /session/bbd37991cd80103daa76f108f3796d35/elements - {"using":"xpath","value":"//button[@data-kt=\"addNewRUOverflowToolbarButton\"]"}
RESULT: {"using":"xpath","value":"//button[@data-kt=\"addNewRUOverflowToolbarButton\"]"}
COMMAND: POST /session/bbd37991cd80103daa76f108f3796d35/elements - {"using":"xpath","value":"//button[@data-kt=\"addNewRUOverflowToolbarButton\"]"}
RESULT: {"using":"xpath","value":"//button[@data-kt=\"addNewRUOverflowToolbarButton\"]"}
COMMAND: POST /session/bbd37991cd80103daa76f108f3796d35/elements - {"using":"xpath","value":"//button[@data-kt=\"addNewRUOverflowToolbarButton\"]"}
RESULT: {"using":"xpath","value":"//button[@data-kt=\"addNewRUOverflowToolbarButton\"]"}
COMMAND: POST /session/bbd37991cd80103daa76f108f3796d35/elements - {"using":"xpath","value":"//button[@data-kt=\"addNewRUOverflowToolbarButton\"]"}
RESULT: {"using":"xpath","value":"//button[@data-kt=\"addNewRUOverflowToolbarButton\"]"}
COMMAND: POST /session/bbd37991cd80103daa76f108f3796d35/element - {"using":"xpath","value":"//button[@data-kt=\"addNewRUOverflowToolbarButton\"]"}
RESULT: {"using":"xpath","value":"//button[@data-kt=\"addNewRUOverflowToolbarButton\"]"}
COMMAND: POST /session/bbd37991cd80103daa76f108f3796d35/execute/sync - {"script":"<script> [8489 bytes]","args":[{"element-6066-11e4-a52e-4f735466cecf":"f.BCC40A51FB0F962C15E825EB75C92327.d.AA5376172074F1108870DB049669920C.e.16792","ELEMENT":"f.BCC40A51FB0F962C15E825EB75C92327.d.AA5376172074F1108870DB049669920C.e.16792"}]}
RESULT: {"script":"<script> [8489 bytes]","args":[{"element-6066-11e4-a52e-4f735466cecf":"f.BCC40A51FB0F962C15E825EB75C92327.d.AA5376172074F1108870DB049669920C.e.16792","ELEMENT":"f.BCC40A51FB0F962C15E825EB75C92327.d.AA5376172074F1108870DB049669920C.e.16792"}]}
COMMAND: GET /session/bbd37991cd80103daa76f108f3796d35/element/f.BCC40A51FB0F962C15E825EB75C92327.d.AA5376172074F1108870DB049669920C.e.16792/enabled - {}
COMMAND: GET /session/bbd37991cd80103daa76f108f3796d35/screenshot - {}
RESULT: {}
COMMAND: POST /session/bbd37991cd80103daa76f108f3796d35/execute/sync - {"script":"<script> [8489 bytes]","args":[{"element-6066-11e4-a52e-4f735466cecf":"f.BCC40A51FB0F962C15E825EB75C92327.d.AA5376172074F1108870DB049669920C.e.16792","ELEMENT":"f.BCC40A51FB0F962C15E825EB75C92327.d.AA5376172074F1108870DB049669920C.e.16792"}]}
COMMAND: GET /session/bbd37991cd80103daa76f108f3796d35/screenshot - {}
RESULT: {}
RESULT: {"script":"<script> [8489 bytes]","args":[{"element-6066-11e4-a52e-4f735466cecf":"f.BCC40A51FB0F962C15E825EB75C92327.d.AA5376172074F1108870DB049669920C.e.16792","ELEMENT":"f.BCC40A51FB0F962C15E825EB75C92327.d.AA5376172074F1108870DB049669920C.e.16792"}]}
COMMAND: POST /session/bbd37991cd80103daa76f108f3796d35/execute/sync - {"script":"<script> [5351 bytes]","args":[{"element-6066-11e4-a52e-4f735466cecf":"f.BCC40A51FB0F962C15E825EB75C92327.d.AA5376172074F1108870DB049669920C.e.16792","ELEMENT":"f.BCC40A51FB0F962C15E825EB75C92327.d.AA5376172074F1108870DB049669920C.e.16792"}]}
COMMAND: GET /session/bbd37991cd80103daa76f108f3796d35/screenshot - {}
RESULT: {}
RESULT: {"script":"<script> [5351 bytes]","args":[{"element-6066-11e4-a52e-4f735466cecf":"f.BCC40A51FB0F962C15E825EB75C92327.d.AA5376172074F1108870DB049669920C.e.16792","ELEMENT":"f.BCC40A51FB0F962C15E825EB75C92327.d.AA5376172074F1108870DB049669920C.e.16792"}]}
COMMAND: POST /session/bbd37991cd80103daa76f108f3796d35/element/f.BCC40A51FB0F962C15E825EB75C92327.d.AA5376172074F1108870DB049669920C.e.16792/click - {}
COMMAND: GET /session/bbd37991cd80103daa76f108f3796d35/screenshot - {}
RESULT: {}
RESULT: {}
COMMAND: GET /session/bbd37991cd80103daa76f108f3796d35/screenshot - {}
RESULT: {}
RESULT: {}
COMMAND: POST /session/bbd37991cd80103daa76f108f3796d35/execute/async - {"script":"<script> [1562 bytes]","args":[{"selector":{"id":"application-manageresources-display-component---newResourceUnit--TYPE-arrow"},"wdio_ui5_key":"applicationmanageresources-display-component---newResourceUnit--TYPE-arrow"}]}
RESULT: {"script":"<script> [1562 bytes]","args":[{"selector":{"id":"application-manageresources-display-component---newResourceUnit--TYPE-arrow"},"wdio_ui5_key":"applicationmanageresources-display-component---newResourceUnit--TYPE-arrow"}]}
RESULT: undefined
COMMAND: POST /session/bbd37991cd80103daa76f108f3796d35/element - {"using":"xpath","value":"//*[@id=\"application-manageresources-display-component---newResourceUnit--TYPE-arrow\"]"}
RESULT: {"using":"xpath","value":"//*[@id=\"application-manageresources-display-component---newResourceUnit--TYPE-arrow\"]"}
COMMAND: POST /session/bbd37991cd80103daa76f108f3796d35/element/f.BCC40A51FB0F962C15E825EB75C92327.d.AA5376172074F1108870DB049669920C.e.17159/click - {}
RESULT: {}
COMMAND: POST /session/bbd37991cd80103daa76f108f3796d35/element - {"using":"xpath","value":"//input[@id=\"application-manageresources-display-component---newResourceUnit--TYPE-inner\"]"}
COMMAND: GET /session/bbd37991cd80103daa76f108f3796d35/screenshot - {}
RESULT: {"using":"xpath","value":"//input[@id=\"application-manageresources-display-component---newResourceUnit--TYPE-inner\"]"}
COMMAND: POST /session/bbd37991cd80103daa76f108f3796d35/element/f.BCC40A51FB0F962C15E825EB75C92327.d.AA5376172074F1108870DB049669920C.e.17144/clear - {}
RESULT: {}
RESULT: {}
COMMAND: POST /session/bbd37991cd80103daa76f108f3796d35/element/f.BCC40A51FB0F962C15E825EB75C92327.d.AA5376172074F1108870DB049669920C.e.17144/value - {"text":"Equipment"}
COMMAND: GET /session/bbd37991cd80103daa76f108f3796d35/screenshot - {}
RESULT: {"text":"Equipment"}
COMMAND: GET /session/bbd37991cd80103daa76f108f3796d35/screenshot - {}
RESULT: {}
RESULT: {}
COMMAND: POST /session/bbd37991cd80103daa76f108f3796d35/actions - {"actions":[{"id":"action60","type":"key","parameters":{},"actions":[{"type":"keyDown","value":"î€‡"},{"type":"pause","duration":10},{"type":"keyUp","value":"î€‡"}]}]}
RESULT: {"actions":[{"id":"action60","type":"key","parameters":{},"actions":[{"type":"keyDown","value":"î€‡"},{"type":"pause","duration":10},{"type":"keyUp","value":"î€‡"}]}]}
COMMAND: POST /session/bbd37991cd80103daa76f108f3796d35/execute/async - {"script":"<script> [1562 bytes]","args":[{"selector":{"id":"application-manageresources-display-component---newResourceUnit--resourceId","interaction":{"idSuffix":"inner"}},"wdio_ui5_key":"applicationmanageresources-display-component---newResourceUnit--resourceId"}]}
COMMAND: GET /session/bbd37991cd80103daa76f108f3796d35/screenshot - {}
RESULT: {"script":"<script> [1562 bytes]","args":[{"selector":{"id":"application-manageresources-display-component---newResourceUnit--resourceId","interaction":{"idSuffix":"inner"}},"wdio_ui5_key":"applicationmanageresources-display-component---newResourceUnit--resourceId"}]}
RESULT: undefined
COMMAND: POST /session/bbd37991cd80103daa76f108f3796d35/execute/async - {"script":"<script> [776 bytes]","args":[{"enterText":"Dbiq2kSSNp","selector":{"id":"application-manageresources-display-component---newResourceUnit--resourceId","interaction":{"idSuffix":"inner"}},"clearTextFirst":true,"interactionType":"ENTER_TEXT"}]}
RESULT: {}
RESULT: {"script":"<script> [776 bytes]","args":[{"enterText":"Dbiq2kSSNp","selector":{"id":"application-manageresources-display-component---newResourceUnit--resourceId","interaction":{"idSuffix":"inner"}},"clearTextFirst":true,"interactionType":"ENTER_TEXT"}]}
COMMAND: POST /session/bbd37991cd80103daa76f108f3796d35/execute/async - {"script":"<script> [1562 bytes]","args":[{"selector":{"id":"application-manageresources-display-component---newResourceUnit--SHORT_TEXT","interaction":{"idSuffix":"inner"}},"wdio_ui5_key":"applicationmanageresources-display-component---newResourceUnit--SHORT_TEXT"}]}
RESULT: {"script":"<script> [1562 bytes]","args":[{"selector":{"id":"application-manageresources-display-component---newResourceUnit--SHORT_TEXT","interaction":{"idSuffix":"inner"}},"wdio_ui5_key":"applicationmanageresources-display-component---newResourceUnit--SHORT_TEXT"}]}
RESULT: undefined
COMMAND: POST /session/bbd37991cd80103daa76f108f3796d35/execute/async - {"script":"<script> [776 bytes]","args":[{"enterText":"Intercompany Equipment WDIO","selector":{"id":"application-manageresources-display-component---newResourceUnit--SHORT_TEXT","interaction":{"idSuffix":"inner"}},"clearTextFirst":true,"interactionType":"ENTER_TEXT"}]}
RESULT: {"script":"<script> [776 bytes]","args":[{"enterText":"Intercompany Equipment WDIO","selector":{"id":"application-manageresources-display-component---newResourceUnit--SHORT_TEXT","interaction":{"idSuffix":"inner"}},"clearTextFirst":true,"interactionType":"ENTER_TEXT"}]}
COMMAND: POST /session/bbd37991cd80103daa76f108f3796d35/execute/async - {"script":"<script> [1562 bytes]","args":[{"selector":{"id":"application-manageresources-display-component---newResourceUnit--BASE_UNIT_OF_MEASURE","interaction":{"idSuffix":"inner"}},"wdio_ui5_key":"applicationmanageresources-display-component---newResourceUnit--BASE_UNIT_OF_MEASURE"}]}
RESULT: {"script":"<script> [1562 bytes]","args":[{"selector":{"id":"application-manageresources-display-component---newResourceUnit--BASE_UNIT_OF_MEASURE","interaction":{"idSuffix":"inner"}},"wdio_ui5_key":"applicationmanageresources-display-component---newResourceUnit--BASE_UNIT_OF_MEASURE"}]}
RESULT: undefined
COMMAND: POST /session/bbd37991cd80103daa76f108f3796d35/execute/async - {"script":"<script> [776 bytes]","args":[{"enterText":"Piece","selector":{"id":"application-manageresources-display-component---newResourceUnit--BASE_UNIT_OF_MEASURE","interaction":{"idSuffix":"inner"}},"clearTextFirst":true,"interactionType":"ENTER_TEXT"}]}
RESULT: {"script":"<script> [776 bytes]","args":[{"enterText":"Piece","selector":{"id":"application-manageresources-display-component---newResourceUnit--BASE_UNIT_OF_MEASURE","interaction":{"idSuffix":"inner"}},"clearTextFirst":true,"interactionType":"ENTER_TEXT"}]}
COMMAND: POST /session/bbd37991cd80103daa76f108f3796d35/execute/async - {"script":"<script> [1562 bytes]","args":[{"selector":{"id":"application-manageresources-display-component---newResourceUnit--WEIGHT_UNIT","interaction":{"idSuffix":"inner"}},"wdio_ui5_key":"applicationmanageresources-display-component---newResourceUnit--WEIGHT_UNIT"}]}
RESULT: {"script":"<script> [1562 bytes]","args":[{"selector":{"id":"application-manageresources-display-component---newResourceUnit--WEIGHT_UNIT","interaction":{"idSuffix":"inner"}},"wdio_ui5_key":"applicationmanageresources-display-component---newResourceUnit--WEIGHT_UNIT"}]}
RESULT: undefined
COMMAND: POST /session/bbd37991cd80103daa76f108f3796d35/execute/async - {"script":"<script> [776 bytes]","args":[{"enterText":"Gram","selector":{"id":"application-manageresources-display-component---newResourceUnit--WEIGHT_UNIT","interaction":{"idSuffix":"inner"}},"clearTextFirst":true,"interactionType":"ENTER_TEXT"}]}
RESULT: {"script":"<script> [776 bytes]","args":[{"enterText":"Gram","selector":{"id":"application-manageresources-display-component---newResourceUnit--WEIGHT_UNIT","interaction":{"idSuffix":"inner"}},"clearTextFirst":true,"interactionType":"ENTER_TEXT"}]}
COMMAND: POST /session/bbd37991cd80103daa76f108f3796d35/execute/async - {"script":"<script> [1562 bytes]","args":[{"selector":{"id":"application-manageresources-display-component---newResourceUnit--DIMENSION_UNIT","interaction":{"idSuffix":"inner"}},"wdio_ui5_key":"applicationmanageresources-display-component---newResourceUnit--DIMENSION_UNIT"}]}
RESULT: {"script":"<script> [1562 bytes]","args":[{"selector":{"id":"application-manageresources-display-component---newResourceUnit--DIMENSION_UNIT","interaction":{"idSuffix":"inner"}},"wdio_ui5_key":"applicationmanageresources-display-component---newResourceUnit--DIMENSION_UNIT"}]}
RESULT: undefined
COMMAND: POST /session/bbd37991cd80103daa76f108f3796d35/execute/async - {"script":"<script> [776 bytes]","args":[{"enterText":"Meter","selector":{"id":"application-manageresources-display-component---newResourceUnit--DIMENSION_UNIT","interaction":{"idSuffix":"inner"}},"clearTextFirst":true,"interactionType":"ENTER_TEXT"}]}
RESULT: {"script":"<script> [776 bytes]","args":[{"enterText":"Meter","selector":{"id":"application-manageresources-display-component---newResourceUnit--DIMENSION_UNIT","interaction":{"idSuffix":"inner"}},"clearTextFirst":true,"interactionType":"ENTER_TEXT"}]}
COMMAND: POST /session/bbd37991cd80103daa76f108f3796d35/execute/async - {"script":"<script> [1562 bytes]","args":[{"selector":{"id":"application-manageresources-display-component---newResourceUnit--newRRUPage-anchBar-application-manageresources-display-component---newResourceUnit--control-anchor","interaction":{"idSuffix":"BDI-content"}},"wdio_ui5_key":"applicationmanageresources-display-component---newResourceUnit--newRRUPage-anchBar-application-manageresources-display-component---newResourceUnit--control-anchor"}]}
RESULT: {"script":"<script> [1562 bytes]","args":[{"selector":{"id":"application-manageresources-display-component---newResourceUnit--newRRUPage-anchBar-application-manageresources-display-component---newResourceUnit--control-anchor","interaction":{"idSuffix":"BDI-content"}},"wdio_ui5_key":"applicationmanageresources-display-component---newResourceUnit--newRRUPage-anchBar-application-manageresources-display-component---newResourceUnit--control-anchor"}]}
RESULT: undefined
COMMAND: POST /session/bbd37991cd80103daa76f108f3796d35/element - {"using":"xpath","value":"//*[@id=\"application-manageresources-display-component---newResourceUnit--newRRUPage-anchBar-application-manageresources-display-component---newResourceUnit--control-anchor\"]"}
RESULT: {"using":"xpath","value":"//*[@id=\"application-manageresources-display-component---newResourceUnit--newRRUPage-anchBar-application-manageresources-display-component---newResourceUnit--control-anchor\"]"}
COMMAND: POST /session/bbd37991cd80103daa76f108f3796d35/element/f.BCC40A51FB0F962C15E825EB75C92327.d.AA5376172074F1108870DB049669920C.e.17294/click - {}
RESULT: {}
COMMAND: POST /session/bbd37991cd80103daa76f108f3796d35/execute/async - {"script":"<script> [1562 bytes]","args":[{"selector":{"id":"application-manageresources-display-component---newResourceUnit--PLANNING_GROUP","interaction":{"idSuffix":"inner"}},"wdio_ui5_key":"applicationmanageresources-display-component---newResourceUnit--PLANNING_GROUP"}]}
COMMAND: GET /session/bbd37991cd80103daa76f108f3796d35/screenshot - {}
RESULT: {"script":"<script> [1562 bytes]","args":[{"selector":{"id":"application-manageresources-display-component---newResourceUnit--PLANNING_GROUP","interaction":{"idSuffix":"inner"}},"wdio_ui5_key":"applicationmanageresources-display-component---newResourceUnit--PLANNING_GROUP"}]}
RESULT: undefined
COMMAND: POST /session/bbd37991cd80103daa76f108f3796d35/execute/async - {"script":"<script> [776 bytes]","args":[{"enterText":"Heavy Equi","selector":{"id":"application-manageresources-display-component---newResourceUnit--PLANNING_GROUP","interaction":{"idSuffix":"inner"}},"clearTextFirst":true,"interactionType":"ENTER_TEXT"}]}
RESULT: {}
RESULT: {"script":"<script> [776 bytes]","args":[{"enterText":"Heavy Equi","selector":{"id":"application-manageresources-display-component---newResourceUnit--PLANNING_GROUP","interaction":{"idSuffix":"inner"}},"clearTextFirst":true,"interactionType":"ENTER_TEXT"}]}
COMMAND: POST /session/bbd37991cd80103daa76f108f3796d35/execute/async - {"script":"<script> [1562 bytes]","args":[{"selector":{"id":"application-manageresources-display-component---newResourceUnit--ITEM_TYPE-arrow"},"wdio_ui5_key":"applicationmanageresources-display-component---newResourceUnit--ITEM_TYPE-arrow"}]}
RESULT: {"script":"<script> [1562 bytes]","args":[{"selector":{"id":"application-manageresources-display-component---newResourceUnit--ITEM_TYPE-arrow"},"wdio_ui5_key":"applicationmanageresources-display-component---newResourceUnit--ITEM_TYPE-arrow"}]}
RESULT: undefined
COMMAND: POST /session/bbd37991cd80103daa76f108f3796d35/element - {"using":"xpath","value":"//*[@id=\"application-manageresources-display-component---newResourceUnit--ITEM_TYPE-arrow\"]"}
RESULT: {"using":"xpath","value":"//*[@id=\"application-manageresources-display-component---newResourceUnit--ITEM_TYPE-arrow\"]"}
COMMAND: POST /session/bbd37991cd80103daa76f108f3796d35/element/f.BCC40A51FB0F962C15E825EB75C92327.d.AA5376172074F1108870DB049669920C.e.17303/click - {}
RESULT: {}
COMMAND: POST /session/bbd37991cd80103daa76f108f3796d35/element - {"using":"xpath","value":"(//span[contains(text(), \"Resource Unit\")])[2]"}
COMMAND: GET /session/bbd37991cd80103daa76f108f3796d35/screenshot - {}
RESULT: {"using":"xpath","value":"(//span[contains(text(), \"Resource Unit\")])[2]"}
COMMAND: POST /session/bbd37991cd80103daa76f108f3796d35/element/f.BCC40A51FB0F962C15E825EB75C92327.d.AA5376172074F1108870DB049669920C.e.17304/click - {}
RESULT: {}
RESULT: {}
COMMAND: GET /session/bbd37991cd80103daa76f108f3796d35/screenshot - {}
RESULT: {}
COMMAND: POST /session/bbd37991cd80103daa76f108f3796d35/element - {"using":"css selector","value":"#application-manageresources-display-component---newResourceUnit--btnAddTimeSegment"}
RESULT: {"using":"css selector","value":"#application-manageresources-display-component---newResourceUnit--btnAddTimeSegment"}
COMMAND: GET /session/bbd37991cd80103daa76f108f3796d35/element/f.BCC40A51FB0F962C15E825EB75C92327.d.AA5376172074F1108870DB049669920C.e.17305/rect - {}
RESULT: {}
COMMAND: GET /session/bbd37991cd80103daa76f108f3796d35/window/rect - {}
RESULT: {}
COMMAND: POST /session/bbd37991cd80103daa76f108f3796d35/execute/sync - {"script":"<script> [92 bytes]","args":[]}
RESULT: {"script":"<script> [92 bytes]","args":[]}
COMMAND: POST /session/bbd37991cd80103daa76f108f3796d35/actions - {"actions":[{"id":"action61","type":"wheel","parameters":{},"actions":[{"type":"scroll","x":-1888,"y":-32,"deltaX":0,"deltaY":0,"duration":0,"origin":{"element-6066-11e4-a52e-4f735466cecf":"f.BCC40A51FB0F962C15E825EB75C92327.d.AA5376172074F1108870DB049669920C.e.17305"}}]}]}
COMMAND: GET /session/bbd37991cd80103daa76f108f3796d35/screenshot - {}
RESULT: {}
COMMAND: POST /session/bbd37991cd80103daa76f108f3796d35/execute/sync - {"script":"<script> [79 bytes]","args":[{"element-6066-11e4-a52e-4f735466cecf":"f.BCC40A51FB0F962C15E825EB75C92327.d.AA5376172074F1108870DB049669920C.e.17305","ELEMENT":"f.BCC40A51FB0F962C15E825EB75C92327.d.AA5376172074F1108870DB049669920C.e.17305"},{"block":"start","inline":"nearest"}]}
RESULT: {"script":"<script> [79 bytes]","args":[{"element-6066-11e4-a52e-4f735466cecf":"f.BCC40A51FB0F962C15E825EB75C92327.d.AA5376172074F1108870DB049669920C.e.17305","ELEMENT":"f.BCC40A51FB0F962C15E825EB75C92327.d.AA5376172074F1108870DB049669920C.e.17305"},{"block":"start","inline":"nearest"}]}
COMMAND: POST /session/bbd37991cd80103daa76f108f3796d35/execute/async - {"script":"<script> [1562 bytes]","args":[{"selector":{"id":"application-manageresources-display-component---newResourceUnit--btnAddTimeSegment","interaction":{"idSuffix":"inner"}},"wdio_ui5_key":"applicationmanageresources-display-component---newResourceUnit--btnAddTimeSegment"}]}
COMMAND: GET /session/bbd37991cd80103daa76f108f3796d35/screenshot - {}
RESULT: {"script":"<script> [1562 bytes]","args":[{"selector":{"id":"application-manageresources-display-component---newResourceUnit--btnAddTimeSegment","interaction":{"idSuffix":"inner"}},"wdio_ui5_key":"applicationmanageresources-display-component---newResourceUnit--btnAddTimeSegment"}]}
RESULT: undefined
COMMAND: POST /session/bbd37991cd80103daa76f108f3796d35/element - {"using":"xpath","value":"//*[@id=\"application-manageresources-display-component---newResourceUnit--btnAddTimeSegment\"]"}
RESULT: {}
RESULT: {"using":"xpath","value":"//*[@id=\"application-manageresources-display-component---newResourceUnit--btnAddTimeSegment\"]"}
COMMAND: POST /session/bbd37991cd80103daa76f108f3796d35/element/f.BCC40A51FB0F962C15E825EB75C92327.d.AA5376172074F1108870DB049669920C.e.17305/click - {}
RESULT: {}
COMMAND: GET /session/bbd37991cd80103daa76f108f3796d35/screenshot - {}
RESULT: {}
COMMAND: POST /session/bbd37991cd80103daa76f108f3796d35/element - {"using":"xpath","value":"//input[@id=\"application-manageresources-display-component---newResourceUnit--idRuTSAdmin-application-manageresources-display-component---newResourceUnit--RUTimeSegment-0-inner\"]"}
RESULT: {"using":"xpath","value":"//input[@id=\"application-manageresources-display-component---newResourceUnit--idRuTSAdmin-application-manageresources-display-component---newResourceUnit--RUTimeSegment-0-inner\"]"}
COMMAND: POST /session/bbd37991cd80103daa76f108f3796d35/element/f.BCC40A51FB0F962C15E825EB75C92327.d.AA5376172074F1108870DB049669920C.e.17311/clear - {}
RESULT: {}
COMMAND: POST /session/bbd37991cd80103daa76f108f3796d35/element/f.BCC40A51FB0F962C15E825EB75C92327.d.AA5376172074F1108870DB049669920C.e.17311/value - {"text":"550"}
COMMAND: GET /session/bbd37991cd80103daa76f108f3796d35/screenshot - {}
RESULT: {"text":"550"}
COMMAND: GET /session/bbd37991cd80103daa76f108f3796d35/screenshot - {}
RESULT: {}
RESULT: {}
COMMAND: POST /session/bbd37991cd80103daa76f108f3796d35/element - {"using":"xpath","value":"//li[.//span[text()='550']]"}
RESULT: {"using":"xpath","value":"//li[.//span[text()='550']]"}
COMMAND: POST /session/bbd37991cd80103daa76f108f3796d35/element/f.BCC40A51FB0F962C15E825EB75C92327.d.AA5376172074F1108870DB049669920C.e.17323/click - {}
RESULT: {}
COMMAND: GET /session/bbd37991cd80103daa76f108f3796d35/screenshot - {}
RESULT: {}
COMMAND: POST /session/bbd37991cd80103daa76f108f3796d35/element - {"using":"xpath","value":"(//span[contains(@id, \"-application-manageresources-display-component---newResourceUnit--RUTimeSegment-0-arrow\")])[6]"}
RESULT: {"using":"xpath","value":"(//span[contains(@id, \"-application-manageresources-display-component---newResourceUnit--RUTimeSegment-0-arrow\")])[6]"}
COMMAND: POST /session/bbd37991cd80103daa76f108f3796d35/element/f.BCC40A51FB0F962C15E825EB75C92327.d.AA5376172074F1108870DB049669920C.e.17324/click - {}
RESULT: {}
COMMAND: GET /session/bbd37991cd80103daa76f108f3796d35/screenshot - {}
RESULT: {}
COMMAND: POST /session/bbd37991cd80103daa76f108f3796d35/element - {"using":"xpath","value":"//span[contains(text(), \"PM Order\")]"}
RESULT: {"using":"xpath","value":"//span[contains(text(), \"PM Order\")]"}
COMMAND: POST /session/bbd37991cd80103daa76f108f3796d35/element/f.BCC40A51FB0F962C15E825EB75C92327.d.AA5376172074F1108870DB049669920C.e.17327/click - {}
RESULT: {}
COMMAND: GET /session/bbd37991cd80103daa76f108f3796d35/screenshot - {}
RESULT: {}
COMMAND: POST /session/bbd37991cd80103daa76f108f3796d35/element - {"using":"xpath","value":"(//span[contains(@id ,\"manageresources-display-component---newResourceUnit--RUTimeSegment-0-vhi\")])[1]"}
RESULT: {"using":"xpath","value":"(//span[contains(@id ,\"manageresources-display-component---newResourceUnit--RUTimeSegment-0-vhi\")])[1]"}
COMMAND: GET /session/bbd37991cd80103daa76f108f3796d35/element/f.BCC40A51FB0F962C15E825EB75C92327.d.AA5376172074F1108870DB049669920C.e.17331/rect - {}
RESULT: {}
COMMAND: GET /session/bbd37991cd80103daa76f108f3796d35/window/rect - {}
RESULT: {}
COMMAND: POST /session/bbd37991cd80103daa76f108f3796d35/execute/sync - {"script":"<script> [92 bytes]","args":[]}
RESULT: {"script":"<script> [92 bytes]","args":[]}
COMMAND: POST /session/bbd37991cd80103daa76f108f3796d35/actions - {"actions":[{"id":"action62","type":"wheel","parameters":{},"actions":[{"type":"scroll","x":-869,"y":-24,"deltaX":0,"deltaY":0,"duration":0,"origin":{"element-6066-11e4-a52e-4f735466cecf":"f.BCC40A51FB0F962C15E825EB75C92327.d.AA5376172074F1108870DB049669920C.e.17331"}}]}]}
COMMAND: GET /session/bbd37991cd80103daa76f108f3796d35/screenshot - {}
RESULT: {"actions":[{"id":"action62","type":"wheel","parameters":{},"actions":[{"type":"scroll","x":-869,"y":-24,"deltaX":0,"deltaY":0,"duration":0,"origin":{"element-6066-11e4-a52e-4f735466cecf":"f.BCC40A51FB0F962C15E825EB75C92327.d.AA5376172074F1108870DB049669920C.e.17331"}}]}]}
COMMAND: DELETE /session/bbd37991cd80103daa76f108f3796d35/actions - {}
COMMAND: GET /session/bbd37991cd80103daa76f108f3796d35/screenshot - {}
RESULT: {}
RESULT: {}
COMMAND: GET /session/bbd37991cd80103daa76f108f3796d35/screenshot - {}
RESULT: {}
RESULT: {}
COMMAND: POST /session/bbd37991cd80103daa76f108f3796d35/element/f.BCC40A51FB0F962C15E825EB75C92327.d.AA5376172074F1108870DB049669920C.e.17331/click - {}
RESULT: {}
COMMAND: GET /session/bbd37991cd80103daa76f108f3796d35/screenshot - {}
RESULT: {}
COMMAND: POST /session/bbd37991cd80103daa76f108f3796d35/execute/async - {"script":"<script> [1562 bytes]","args":[{"selector":{"controlType":"sap.m.SearchField","properties":{"placeholder":"Search"},"searchOpenDialogs":true,"interaction":{"idSuffix":"I"}},"wdio_ui5_key":"sapm.SearchField{\"placeholder\":\"Search\"}"}]}
RESULT: {"script":"<script> [1562 bytes]","args":[{"selector":{"controlType":"sap.m.SearchField","properties":{"placeholder":"Search"},"searchOpenDialogs":true,"interaction":{"idSuffix":"I"}},"wdio_ui5_key":"sapm.SearchField{\"placeholder\":\"Search\"}"}]}
RESULT: undefined
COMMAND: POST /session/bbd37991cd80103daa76f108f3796d35/execute/async - {"script":"<script> [776 bytes]","args":[{"enterText":"4000360","selector":{"controlType":"sap.m.SearchField","properties":{"placeholder":"Search"},"searchOpenDialogs":true,"interaction":{"idSuffix":"I"}},"clearTextFirst":true,"interactionType":"ENTER_TEXT"}]}
RESULT: {"script":"<script> [776 bytes]","args":[{"enterText":"4000360","selector":{"controlType":"sap.m.SearchField","properties":{"placeholder":"Search"},"searchOpenDialogs":true,"interaction":{"idSuffix":"I"}},"clearTextFirst":true,"interactionType":"ENTER_TEXT"}]}
COMMAND: POST /session/bbd37991cd80103daa76f108f3796d35/actions - {"actions":[{"id":"action63","type":"key","parameters":{},"actions":[{"type":"keyDown","value":"î€‡"},{"type":"pause","duration":10},{"type":"keyUp","value":"î€‡"}]}]}
RESULT: {"actions":[{"id":"action63","type":"key","parameters":{},"actions":[{"type":"keyDown","value":"î€‡"},{"type":"pause","duration":10},{"type":"keyUp","value":"î€‡"}]}]}
COMMAND: GET /session/bbd37991cd80103daa76f108f3796d35/screenshot - {}
RESULT: {}
COMMAND: POST /session/bbd37991cd80103daa76f108f3796d35/element - {"using":"xpath","value":"//td/div/span[contains(text(), \"BGL Vehicles\")]"}
RESULT: {"using":"xpath","value":"//td/div/span[contains(text(), \"BGL Vehicles\")]"}
COMMAND: POST /session/bbd37991cd80103daa76f108f3796d35/element/f.BCC40A51FB0F962C15E825EB75C92327.d.AA5376172074F1108870DB049669920C.e.17352/click - {}
RESULT: {}
COMMAND: GET /session/bbd37991cd80103daa76f108f3796d35/screenshot - {}
RESULT: {}
COMMAND: POST /session/bbd37991cd80103daa76f108f3796d35/element - {"using":"xpath","value":"//bdi[contains(text(), \"OK\")]"}
RESULT: {"using":"xpath","value":"//bdi[contains(text(), \"OK\")]"}
COMMAND: POST /session/bbd37991cd80103daa76f108f3796d35/element/f.BCC40A51FB0F962C15E825EB75C92327.d.AA5376172074F1108870DB049669920C.e.17353/click - {}
RESULT: {}
COMMAND: GET /session/bbd37991cd80103daa76f108f3796d35/screenshot - {}
RESULT: {}
COMMAND: POST /session/bbd37991cd80103daa76f108f3796d35/execute/async - {"script":"<script> [1562 bytes]","args":[{"selector":{"id":"application-manageresources-display-component---newResourceUnit--newRRUPage-anchBar-application-manageresources-display-component---newResourceUnit--resource-anchor","interaction":{"idSuffix":"BDI-content"}},"wdio_ui5_key":"applicationmanageresources-display-component---newResourceUnit--newRRUPage-anchBar-application-manageresources-display-component---newResourceUnit--resource-anchor"}]}
RESULT: {"script":"<script> [1562 bytes]","args":[{"selector":{"id":"application-manageresources-display-component---newResourceUnit--newRRUPage-anchBar-application-manageresources-display-component---newResourceUnit--resource-anchor","interaction":{"idSuffix":"BDI-content"}},"wdio_ui5_key":"applicationmanageresources-display-component---newResourceUnit--newRRUPage-anchBar-application-manageresources-display-component---newResourceUnit--resource-anchor"}]}
RESULT: undefined
COMMAND: POST /session/bbd37991cd80103daa76f108f3796d35/element - {"using":"xpath","value":"//*[@id=\"application-manageresources-display-component---newResourceUnit--newRRUPage-anchBar-application-manageresources-display-component---newResourceUnit--resource-anchor\"]"}
RESULT: {"using":"xpath","value":"//*[@id=\"application-manageresources-display-component---newResourceUnit--newRRUPage-anchBar-application-manageresources-display-component---newResourceUnit--resource-anchor\"]"}
COMMAND: POST /session/bbd37991cd80103daa76f108f3796d35/element/f.BCC40A51FB0F962C15E825EB75C92327.d.AA5376172074F1108870DB049669920C.e.17357/click - {}
RESULT: {}
COMMAND: POST /session/bbd37991cd80103daa76f108f3796d35/execute/async - {"script":"<script> [1562 bytes]","args":[{"selector":{"id":"application-manageresources-display-component---newResourceUnit--PLANNED_DELIVERY_DATE","interaction":{"idSuffix":"inner"}},"wdio_ui5_key":"applicationmanageresources-display-component---newResourceUnit--PLANNED_DELIVERY_DATE"}]}
COMMAND: GET /session/bbd37991cd80103daa76f108f3796d35/screenshot - {}
RESULT: {"script":"<script> [1562 bytes]","args":[{"selector":{"id":"application-manageresources-display-component---newResourceUnit--PLANNED_DELIVERY_DATE","interaction":{"idSuffix":"inner"}},"wdio_ui5_key":"applicationmanageresources-display-component---newResourceUnit--PLANNED_DELIVERY_DATE"}]}
RESULT: undefined
COMMAND: POST /session/bbd37991cd80103daa76f108f3796d35/execute/async - {"script":"<script> [6424 bytes]","args":[{"element-6066-11e4-a52e-4f735466cecf":"f.BCC40A51FB0F962C15E825EB75C92327.d.AA5376172074F1108870DB049669920C.e.17216"},"setValue",["5/4/25"]]}
RESULT: {}
RESULT: {"script":"<script> [6424 bytes]","args":[{"element-6066-11e4-a52e-4f735466cecf":"f.BCC40A51FB0F962C15E825EB75C92327.d.AA5376172074F1108870DB049669920C.e.17216"},"setValue",["5/4/25"]]}
COMMAND: POST /session/bbd37991cd80103daa76f108f3796d35/element - {"using":"xpath","value":"//button[@data-kt=\"resourceUnitSaveButton\"]"}
RESULT: {"using":"xpath","value":"//button[@data-kt=\"resourceUnitSaveButton\"]"}
COMMAND: POST /session/bbd37991cd80103daa76f108f3796d35/element/f.BCC40A51FB0F962C15E825EB75C92327.d.AA5376172074F1108870DB049669920C.e.17177/click - {}
RESULT: {}
COMMAND: GET /session/bbd37991cd80103daa76f108f3796d35/screenshot - {}
RESULT: {}
COMMAND: POST /session/bbd37991cd80103daa76f108f3796d35/element - {"using":"xpath","value":"//bdi[contains(text(), \"Close\")]"}
RESULT: {"using":"xpath","value":"//bdi[contains(text(), \"Close\")]"}
COMMAND: POST /session/bbd37991cd80103daa76f108f3796d35/element/f.BCC40A51FB0F962C15E825EB75C92327.d.AA5376172074F1108870DB049669920C.e.17365/click - {}
RESULT: {}
COMMAND: GET /session/bbd37991cd80103daa76f108f3796d35/screenshot - {}
RESULT: {}
COMMAND: POST /session/bbd37991cd80103daa76f108f3796d35/element - {"using":"xpath","value":"(//button[contains(@id ,\"actionsToolbar-overflowButton\")])[1]"}
RESULT: {"using":"xpath","value":"(//button[contains(@id ,\"actionsToolbar-overflowButton\")])[1]"}
COMMAND: POST /session/bbd37991cd80103daa76f108f3796d35/element/f.BCC40A51FB0F962C15E825EB75C92327.d.AA5376172074F1108870DB049669920C.e.17420/click - {}
RESULT: {}
COMMAND: GET /session/bbd37991cd80103daa76f108f3796d35/screenshot - {}
RESULT: {}
COMMAND: POST /session/bbd37991cd80103daa76f108f3796d35/element - {"using":"xpath","value":"//button[@data-kt=\"priceInfoButton\"]"}
RESULT: {"using":"xpath","value":"//button[@data-kt=\"priceInfoButton\"]"}
COMMAND: POST /session/bbd37991cd80103daa76f108f3796d35/element/f.BCC40A51FB0F962C15E825EB75C92327.d.AA5376172074F1108870DB049669920C.e.17422/click - {}
RESULT: {}
COMMAND: GET /session/bbd37991cd80103daa76f108f3796d35/screenshot - {}
RESULT: {}
]]></system-out>
    </testcase>
    <testcase classname="chrome.135_0_7049_96.windows.Create_Reverse_Billing_US127248" name="Should create a pricing procedure" time="49.648">
      <system-out><![CDATA[
COMMAND: POST /session/bbd37991cd80103daa76f108f3796d35/element - {"using":"xpath","value":"//button[@data-kt=\"addButton\"]"}
RESULT: {"using":"xpath","value":"//button[@data-kt=\"addButton\"]"}
COMMAND: POST /session/bbd37991cd80103daa76f108f3796d35/elements - {"using":"xpath","value":"//button[@data-kt=\"addButton\"]"}
RESULT: {"using":"xpath","value":"//button[@data-kt=\"addButton\"]"}
COMMAND: POST /session/bbd37991cd80103daa76f108f3796d35/elements - {"using":"xpath","value":"//button[@data-kt=\"addButton\"]"}
RESULT: {"using":"xpath","value":"//button[@data-kt=\"addButton\"]"}
COMMAND: POST /session/bbd37991cd80103daa76f108f3796d35/element - {"using":"xpath","value":"//button[@data-kt=\"addButton\"]"}
RESULT: {"using":"xpath","value":"//button[@data-kt=\"addButton\"]"}
COMMAND: POST /session/bbd37991cd80103daa76f108f3796d35/execute/sync - {"script":"<script> [8489 bytes]","args":[{"element-6066-11e4-a52e-4f735466cecf":"f.BCC40A51FB0F962C15E825EB75C92327.d.AA5376172074F1108870DB049669920C.e.17460","ELEMENT":"f.BCC40A51FB0F962C15E825EB75C92327.d.AA5376172074F1108870DB049669920C.e.17460"}]}
RESULT: {"script":"<script> [8489 bytes]","args":[{"element-6066-11e4-a52e-4f735466cecf":"f.BCC40A51FB0F962C15E825EB75C92327.d.AA5376172074F1108870DB049669920C.e.17460","ELEMENT":"f.BCC40A51FB0F962C15E825EB75C92327.d.AA5376172074F1108870DB049669920C.e.17460"}]}
COMMAND: GET /session/bbd37991cd80103daa76f108f3796d35/element/f.BCC40A51FB0F962C15E825EB75C92327.d.AA5376172074F1108870DB049669920C.e.17460/enabled - {}
COMMAND: GET /session/bbd37991cd80103daa76f108f3796d35/screenshot - {}
RESULT: {}
COMMAND: POST /session/bbd37991cd80103daa76f108f3796d35/execute/sync - {"script":"<script> [8489 bytes]","args":[{"element-6066-11e4-a52e-4f735466cecf":"f.BCC40A51FB0F962C15E825EB75C92327.d.AA5376172074F1108870DB049669920C.e.17460","ELEMENT":"f.BCC40A51FB0F962C15E825EB75C92327.d.AA5376172074F1108870DB049669920C.e.17460"}]}
COMMAND: GET /session/bbd37991cd80103daa76f108f3796d35/screenshot - {}
RESULT: {}
RESULT: {"script":"<script> [8489 bytes]","args":[{"element-6066-11e4-a52e-4f735466cecf":"f.BCC40A51FB0F962C15E825EB75C92327.d.AA5376172074F1108870DB049669920C.e.17460","ELEMENT":"f.BCC40A51FB0F962C15E825EB75C92327.d.AA5376172074F1108870DB049669920C.e.17460"}]}
COMMAND: POST /session/bbd37991cd80103daa76f108f3796d35/execute/sync - {"script":"<script> [5351 bytes]","args":[{"element-6066-11e4-a52e-4f735466cecf":"f.BCC40A51FB0F962C15E825EB75C92327.d.AA5376172074F1108870DB049669920C.e.17460","ELEMENT":"f.BCC40A51FB0F962C15E825EB75C92327.d.AA5376172074F1108870DB049669920C.e.17460"}]}
COMMAND: GET /session/bbd37991cd80103daa76f108f3796d35/screenshot - {}
RESULT: {}
RESULT: {"script":"<script> [5351 bytes]","args":[{"element-6066-11e4-a52e-4f735466cecf":"f.BCC40A51FB0F962C15E825EB75C92327.d.AA5376172074F1108870DB049669920C.e.17460","ELEMENT":"f.BCC40A51FB0F962C15E825EB75C92327.d.AA5376172074F1108870DB049669920C.e.17460"}]}
COMMAND: POST /session/bbd37991cd80103daa76f108f3796d35/element/f.BCC40A51FB0F962C15E825EB75C92327.d.AA5376172074F1108870DB049669920C.e.17460/click - {}
COMMAND: GET /session/bbd37991cd80103daa76f108f3796d35/screenshot - {}
RESULT: {}
RESULT: {}
COMMAND: GET /session/bbd37991cd80103daa76f108f3796d35/screenshot - {}
RESULT: {}
RESULT: {}
COMMAND: POST /session/bbd37991cd80103daa76f108f3796d35/execute/async - {"script":"<script> [1562 bytes]","args":[{"selector":{"controlType":"sap.m.Title","viewName":"etm.portal.ui.managepricingrules.view.NewItem","viewId":"application-managepricingrules-display-component---newInfoPriceItem","properties":{"text":"New Pricing Rules - Item Level"}},"wdio_ui5_key":"etmportal.ui.managepricingrules.view.NewItemsap.m.Title{\"text\":\"New Pricing Rules - Item Level\"}"}]}
RESULT: {"script":"<script> [1562 bytes]","args":[{"selector":{"controlType":"sap.m.Title","viewName":"etm.portal.ui.managepricingrules.view.NewItem","viewId":"application-managepricingrules-display-component---newInfoPriceItem","properties":{"text":"New Pricing Rules - Item Level"}},"wdio_ui5_key":"etmportal.ui.managepricingrules.view.NewItemsap.m.Title{\"text\":\"New Pricing Rules - Item Level\"}"}]}
RESULT: undefined
COMMAND: POST /session/bbd37991cd80103daa76f108f3796d35/execute/async - {"script":"<script> [6424 bytes]","args":[{"element-6066-11e4-a52e-4f735466cecf":"f.BCC40A51FB0F962C15E825EB75C92327.d.AA5376172074F1108870DB049669920C.e.17631"},"getText",[]]}
RESULT: {"script":"<script> [6424 bytes]","args":[{"element-6066-11e4-a52e-4f735466cecf":"f.BCC40A51FB0F962C15E825EB75C92327.d.AA5376172074F1108870DB049669920C.e.17631"},"getText",[]]}
COMMAND: POST /session/bbd37991cd80103daa76f108f3796d35/execute/async - {"script":"<script> [1562 bytes]","args":[{"selector":{"id":"application-managepricingrules-display-component---newInfoPriceItem--condValidTo","interaction":{"idSuffix":"inner"}},"wdio_ui5_key":"applicationmanagepricingrules-display-component---newInfoPriceItem--condValidTo"}]}
RESULT: {"script":"<script> [1562 bytes]","args":[{"selector":{"id":"application-managepricingrules-display-component---newInfoPriceItem--condValidTo","interaction":{"idSuffix":"inner"}},"wdio_ui5_key":"applicationmanagepricingrules-display-component---newInfoPriceItem--condValidTo"}]}
RESULT: undefined
COMMAND: POST /session/bbd37991cd80103daa76f108f3796d35/execute/async - {"script":"<script> [776 bytes]","args":[{"enterText":"01/04/26","selector":{"id":"application-managepricingrules-display-component---newInfoPriceItem--condValidTo","interaction":{"idSuffix":"inner"}},"clearTextFirst":true,"interactionType":"ENTER_TEXT"}]}
RESULT: {"script":"<script> [776 bytes]","args":[{"enterText":"01/04/26","selector":{"id":"application-managepricingrules-display-component---newInfoPriceItem--condValidTo","interaction":{"idSuffix":"inner"}},"clearTextFirst":true,"interactionType":"ENTER_TEXT"}]}
COMMAND: POST /session/bbd37991cd80103daa76f108f3796d35/execute/async - {"script":"<script> [1562 bytes]","args":[{"selector":{"id":"application-managepricingrules-display-component---newInfoPriceItem--billType-arrow"},"wdio_ui5_key":"applicationmanagepricingrules-display-component---newInfoPriceItem--billType-arrow"}]}
RESULT: {"script":"<script> [1562 bytes]","args":[{"selector":{"id":"application-managepricingrules-display-component---newInfoPriceItem--billType-arrow"},"wdio_ui5_key":"applicationmanagepricingrules-display-component---newInfoPriceItem--billType-arrow"}]}
RESULT: undefined
COMMAND: POST /session/bbd37991cd80103daa76f108f3796d35/element - {"using":"xpath","value":"//*[@id=\"application-managepricingrules-display-component---newInfoPriceItem--billType-arrow\"]"}
RESULT: {"using":"xpath","value":"//*[@id=\"application-managepricingrules-display-component---newInfoPriceItem--billType-arrow\"]"}
COMMAND: POST /session/bbd37991cd80103daa76f108f3796d35/element/f.BCC40A51FB0F962C15E825EB75C92327.d.AA5376172074F1108870DB049669920C.e.17589/click - {}
RESULT: {}
COMMAND: POST /session/bbd37991cd80103daa76f108f3796d35/element - {"using":"xpath","value":"//span[contains(text(), \"TB - Time based\")]"}
COMMAND: GET /session/bbd37991cd80103daa76f108f3796d35/screenshot - {}
RESULT: {"using":"xpath","value":"//span[contains(text(), \"TB - Time based\")]"}
COMMAND: POST /session/bbd37991cd80103daa76f108f3796d35/element/f.BCC40A51FB0F962C15E825EB75C92327.d.AA5376172074F1108870DB049669920C.e.17633/click - {}
RESULT: {}
RESULT: {}
COMMAND: POST /session/bbd37991cd80103daa76f108f3796d35/execute/async - {"script":"<script> [1562 bytes]","args":[{"selector":{"id":"application-managepricingrules-display-component---newInfoPriceItem--priceProc-arrow"},"wdio_ui5_key":"applicationmanagepricingrules-display-component---newInfoPriceItem--priceProc-arrow"}]}
COMMAND: GET /session/bbd37991cd80103daa76f108f3796d35/screenshot - {}
RESULT: {"script":"<script> [1562 bytes]","args":[{"selector":{"id":"application-managepricingrules-display-component---newInfoPriceItem--priceProc-arrow"},"wdio_ui5_key":"applicationmanagepricingrules-display-component---newInfoPriceItem--priceProc-arrow"}]}
RESULT: undefined
COMMAND: POST /session/bbd37991cd80103daa76f108f3796d35/element - {"using":"xpath","value":"//*[@id=\"application-managepricingrules-display-component---newInfoPriceItem--priceProc-arrow\"]"}
RESULT: {}
RESULT: {"using":"xpath","value":"//*[@id=\"application-managepricingrules-display-component---newInfoPriceItem--priceProc-arrow\"]"}
COMMAND: POST /session/bbd37991cd80103daa76f108f3796d35/element/f.BCC40A51FB0F962C15E825EB75C92327.d.AA5376172074F1108870DB049669920C.e.17596/click - {}
RESULT: {}
COMMAND: POST /session/bbd37991cd80103daa76f108f3796d35/element - {"using":"xpath","value":"//span[contains(text(), \"TBS - Time based standard\")]"}
COMMAND: GET /session/bbd37991cd80103daa76f108f3796d35/screenshot - {}
RESULT: {"using":"xpath","value":"//span[contains(text(), \"TBS - Time based standard\")]"}
COMMAND: POST /session/bbd37991cd80103daa76f108f3796d35/element/f.BCC40A51FB0F962C15E825EB75C92327.d.AA5376172074F1108870DB049669920C.e.17634/click - {}
RESULT: {}
RESULT: {}
COMMAND: POST /session/bbd37991cd80103daa76f108f3796d35/execute/async - {"script":"<script> [1562 bytes]","args":[{"selector":{"id":"application-managepricingrules-display-component---newInfoPriceItem--calcBase-arrow"},"wdio_ui5_key":"applicationmanagepricingrules-display-component---newInfoPriceItem--calcBase-arrow"}]}
COMMAND: GET /session/bbd37991cd80103daa76f108f3796d35/screenshot - {}
RESULT: {"script":"<script> [1562 bytes]","args":[{"selector":{"id":"application-managepricingrules-display-component---newInfoPriceItem--calcBase-arrow"},"wdio_ui5_key":"applicationmanagepricingrules-display-component---newInfoPriceItem--calcBase-arrow"}]}
RESULT: undefined
COMMAND: POST /session/bbd37991cd80103daa76f108f3796d35/element - {"using":"xpath","value":"//*[@id=\"application-managepricingrules-display-component---newInfoPriceItem--calcBase-arrow\"]"}
RESULT: {}
RESULT: {"using":"xpath","value":"//*[@id=\"application-managepricingrules-display-component---newInfoPriceItem--calcBase-arrow\"]"}
COMMAND: POST /session/bbd37991cd80103daa76f108f3796d35/element/f.BCC40A51FB0F962C15E825EB75C92327.d.AA5376172074F1108870DB049669920C.e.17603/click - {}
RESULT: {}
COMMAND: GET /session/bbd37991cd80103daa76f108f3796d35/screenshot - {}
RESULT: {}
COMMAND: POST /session/bbd37991cd80103daa76f108f3796d35/element - {"using":"xpath","value":"//span[contains(text(), \"0006 - TB(calendar days)\")]"}
RESULT: {"using":"xpath","value":"//span[contains(text(), \"0006 - TB(calendar days)\")]"}
COMMAND: POST /session/bbd37991cd80103daa76f108f3796d35/element/f.BCC40A51FB0F962C15E825EB75C92327.d.AA5376172074F1108870DB049669920C.e.17635/click - {}
RESULT: {}
COMMAND: GET /session/bbd37991cd80103daa76f108f3796d35/screenshot - {}
RESULT: {}
COMMAND: POST /session/bbd37991cd80103daa76f108f3796d35/execute/async - {"script":"<script> [1562 bytes]","args":[{"selector":{"id":"application-managepricingrules-display-component---newInfoPriceItem--daysMonth","interaction":{"idSuffix":"inner"}},"wdio_ui5_key":"applicationmanagepricingrules-display-component---newInfoPriceItem--daysMonth"}]}
RESULT: {"script":"<script> [1562 bytes]","args":[{"selector":{"id":"application-managepricingrules-display-component---newInfoPriceItem--daysMonth","interaction":{"idSuffix":"inner"}},"wdio_ui5_key":"applicationmanagepricingrules-display-component---newInfoPriceItem--daysMonth"}]}
RESULT: undefined
COMMAND: POST /session/bbd37991cd80103daa76f108f3796d35/execute/async - {"script":"<script> [776 bytes]","args":[{"enterText":"30","selector":{"id":"application-managepricingrules-display-component---newInfoPriceItem--daysMonth","interaction":{"idSuffix":"inner"}},"clearTextFirst":true,"interactionType":"ENTER_TEXT"}]}
RESULT: {"script":"<script> [776 bytes]","args":[{"enterText":"30","selector":{"id":"application-managepricingrules-display-component---newInfoPriceItem--daysMonth","interaction":{"idSuffix":"inner"}},"clearTextFirst":true,"interactionType":"ENTER_TEXT"}]}
COMMAND: POST /session/bbd37991cd80103daa76f108f3796d35/element - {"using":"xpath","value":"//button[@data-kt=\"saveNewRuleButton\"]"}
RESULT: {"using":"xpath","value":"//button[@data-kt=\"saveNewRuleButton\"]"}
COMMAND: POST /session/bbd37991cd80103daa76f108f3796d35/element/f.BCC40A51FB0F962C15E825EB75C92327.d.AA5376172074F1108870DB049669920C.e.17623/click - {}
RESULT: {}
COMMAND: GET /session/bbd37991cd80103daa76f108f3796d35/screenshot - {}
RESULT: {}
COMMAND: POST /session/bbd37991cd80103daa76f108f3796d35/execute/async - {"script":"<script> [1562 bytes]","args":[{"selector":{"id":"application-managepricingrules-display-component---priceInfoItem--smartFilterBar-btnBasicSearch","interaction":{"idSuffix":"I"}},"wdio_ui5_key":"applicationmanagepricingrules-display-component---priceInfoItem--smartFilterBar-btnBasicSearch"}]}
RESULT: {"script":"<script> [1562 bytes]","args":[{"selector":{"id":"application-managepricingrules-display-component---priceInfoItem--smartFilterBar-btnBasicSearch","interaction":{"idSuffix":"I"}},"wdio_ui5_key":"applicationmanagepricingrules-display-component---priceInfoItem--smartFilterBar-btnBasicSearch"}]}
RESULT: undefined
COMMAND: POST /session/bbd37991cd80103daa76f108f3796d35/execute/async - {"script":"<script> [776 bytes]","args":[{"enterText":"Dbiq2kSSNp","selector":{"id":"application-managepricingrules-display-component---priceInfoItem--smartFilterBar-btnBasicSearch","interaction":{"idSuffix":"I"}},"clearTextFirst":true,"interactionType":"ENTER_TEXT"}]}
RESULT: {"script":"<script> [776 bytes]","args":[{"enterText":"Dbiq2kSSNp","selector":{"id":"application-managepricingrules-display-component---priceInfoItem--smartFilterBar-btnBasicSearch","interaction":{"idSuffix":"I"}},"clearTextFirst":true,"interactionType":"ENTER_TEXT"}]}
COMMAND: POST /session/bbd37991cd80103daa76f108f3796d35/actions - {"actions":[{"id":"action64","type":"key","parameters":{},"actions":[{"type":"keyDown","value":"î€‡"},{"type":"pause","duration":10},{"type":"keyUp","value":"î€‡"}]}]}
RESULT: {"actions":[{"id":"action64","type":"key","parameters":{},"actions":[{"type":"keyDown","value":"î€‡"},{"type":"pause","duration":10},{"type":"keyUp","value":"î€‡"}]}]}
COMMAND: GET /session/bbd37991cd80103daa76f108f3796d35/screenshot - {}
RESULT: {}
COMMAND: POST /session/bbd37991cd80103daa76f108f3796d35/element - {"using":"xpath","value":"//span[@id=\"application-managepricingrules-display-component---priceInfoItem--smartTable-header-inner\"]"}
RESULT: {"using":"xpath","value":"//span[@id=\"application-managepricingrules-display-component---priceInfoItem--smartTable-header-inner\"]"}
COMMAND: POST /session/bbd37991cd80103daa76f108f3796d35/elements - {"using":"xpath","value":"//span[@id=\"application-managepricingrules-display-component---priceInfoItem--smartTable-header-inner\"]"}
RESULT: {"using":"xpath","value":"//span[@id=\"application-managepricingrules-display-component---priceInfoItem--smartTable-header-inner\"]"}
COMMAND: POST /session/bbd37991cd80103daa76f108f3796d35/execute/sync - {"script":"<script> [56 bytes]","args":[{"element-6066-11e4-a52e-4f735466cecf":"f.BCC40A51FB0F962C15E825EB75C92327.d.AA5376172074F1108870DB049669920C.e.17648","ELEMENT":"f.BCC40A51FB0F962C15E825EB75C92327.d.AA5376172074F1108870DB049669920C.e.17648"}]}
RESULT: {"script":"<script> [56 bytes]","args":[{"element-6066-11e4-a52e-4f735466cecf":"f.BCC40A51FB0F962C15E825EB75C92327.d.AA5376172074F1108870DB049669920C.e.17648","ELEMENT":"f.BCC40A51FB0F962C15E825EB75C92327.d.AA5376172074F1108870DB049669920C.e.17648"}]}
COMMAND: POST /session/bbd37991cd80103daa76f108f3796d35/element - {"using":"css selector","value":"#shell-header-logo"}
COMMAND: GET /session/bbd37991cd80103daa76f108f3796d35/screenshot - {}
RESULT: {"using":"css selector","value":"#shell-header-logo"}
COMMAND: POST /session/bbd37991cd80103daa76f108f3796d35/element/f.BCC40A51FB0F962C15E825EB75C92327.d.AA5376172074F1108870DB049669920C.e.16762/click - {}
RESULT: {}
RESULT: {}
COMMAND: GET /session/bbd37991cd80103daa76f108f3796d35/screenshot - {}
RESULT: {}
]]></system-out>
    </testcase>
    <testcase classname="chrome.135_0_7049_96.windows.Create_Reverse_Billing_US127248" name="Should manage conditions" time="62.569">
      <system-out><![CDATA[
COMMAND: POST /session/bbd37991cd80103daa76f108f3796d35/execute/async - {"script":"<script> [1562 bytes]","args":[{"selector":{"controlType":"sap.m.Text","properties":{"text":"Manage Conditions & Prices"},"interaction":{"idSuffix":"inner"}},"wdio_ui5_key":"sapm.Text{\"text\":\"Manage Conditions & Prices\"}"}]}
RESULT: {"script":"<script> [1562 bytes]","args":[{"selector":{"controlType":"sap.m.Text","properties":{"text":"Manage Conditions & Prices"},"interaction":{"idSuffix":"inner"}},"wdio_ui5_key":"sapm.Text{\"text\":\"Manage Conditions & Prices\"}"}]}
RESULT: undefined
COMMAND: POST /session/bbd37991cd80103daa76f108f3796d35/element - {"using":"xpath","value":"//*[@id=\"__tile53-title\"]"}
RESULT: {"using":"xpath","value":"//*[@id=\"__tile53-title\"]"}
COMMAND: POST /session/bbd37991cd80103daa76f108f3796d35/element/f.BCC40A51FB0F962C15E825EB75C92327.d.AA5376172074F1108870DB049669920C.e.17651/click - {}
RESULT: {}
COMMAND: POST /session/bbd37991cd80103daa76f108f3796d35/element - {"using":"xpath","value":"//button[@aria-label=\"Create\"]"}
COMMAND: GET /session/bbd37991cd80103daa76f108f3796d35/screenshot - {}
RESULT: {"using":"xpath","value":"//button[@aria-label=\"Create\"]"}
COMMAND: POST /session/bbd37991cd80103daa76f108f3796d35/elements - {"using":"xpath","value":"//button[@aria-label=\"Create\"]"}
RESULT: {}
RESULT: {"using":"xpath","value":"//button[@aria-label=\"Create\"]"}
COMMAND: POST /session/bbd37991cd80103daa76f108f3796d35/elements - {"using":"xpath","value":"//button[@aria-label=\"Create\"]"}
RESULT: {"using":"xpath","value":"//button[@aria-label=\"Create\"]"}
COMMAND: POST /session/bbd37991cd80103daa76f108f3796d35/elements - {"using":"xpath","value":"//button[@aria-label=\"Create\"]"}
RESULT: {"using":"xpath","value":"//button[@aria-label=\"Create\"]"}
COMMAND: POST /session/bbd37991cd80103daa76f108f3796d35/elements - {"using":"xpath","value":"//button[@aria-label=\"Create\"]"}
RESULT: {"using":"xpath","value":"//button[@aria-label=\"Create\"]"}
COMMAND: POST /session/bbd37991cd80103daa76f108f3796d35/elements - {"using":"xpath","value":"//button[@aria-label=\"Create\"]"}
RESULT: {"using":"xpath","value":"//button[@aria-label=\"Create\"]"}
COMMAND: POST /session/bbd37991cd80103daa76f108f3796d35/elements - {"using":"xpath","value":"//button[@aria-label=\"Create\"]"}
RESULT: {"using":"xpath","value":"//button[@aria-label=\"Create\"]"}
COMMAND: POST /session/bbd37991cd80103daa76f108f3796d35/elements - {"using":"xpath","value":"//button[@aria-label=\"Create\"]"}
RESULT: {"using":"xpath","value":"//button[@aria-label=\"Create\"]"}
COMMAND: POST /session/bbd37991cd80103daa76f108f3796d35/elements - {"using":"xpath","value":"//button[@aria-label=\"Create\"]"}
RESULT: {"using":"xpath","value":"//button[@aria-label=\"Create\"]"}
COMMAND: POST /session/bbd37991cd80103daa76f108f3796d35/elements - {"using":"xpath","value":"//button[@aria-label=\"Create\"]"}
RESULT: {"using":"xpath","value":"//button[@aria-label=\"Create\"]"}
COMMAND: POST /session/bbd37991cd80103daa76f108f3796d35/elements - {"using":"xpath","value":"//button[@aria-label=\"Create\"]"}
RESULT: {"using":"xpath","value":"//button[@aria-label=\"Create\"]"}
COMMAND: POST /session/bbd37991cd80103daa76f108f3796d35/elements - {"using":"xpath","value":"//button[@aria-label=\"Create\"]"}
RESULT: {"using":"xpath","value":"//button[@aria-label=\"Create\"]"}
COMMAND: POST /session/bbd37991cd80103daa76f108f3796d35/elements - {"using":"xpath","value":"//button[@aria-label=\"Create\"]"}
RESULT: {"using":"xpath","value":"//button[@aria-label=\"Create\"]"}
COMMAND: POST /session/bbd37991cd80103daa76f108f3796d35/elements - {"using":"xpath","value":"//button[@aria-label=\"Create\"]"}
RESULT: {"using":"xpath","value":"//button[@aria-label=\"Create\"]"}
COMMAND: POST /session/bbd37991cd80103daa76f108f3796d35/elements - {"using":"xpath","value":"//button[@aria-label=\"Create\"]"}
RESULT: {"using":"xpath","value":"//button[@aria-label=\"Create\"]"}
COMMAND: POST /session/bbd37991cd80103daa76f108f3796d35/element - {"using":"xpath","value":"//button[@aria-label=\"Create\"]"}
RESULT: {"using":"xpath","value":"//button[@aria-label=\"Create\"]"}
COMMAND: POST /session/bbd37991cd80103daa76f108f3796d35/execute/sync - {"script":"<script> [8489 bytes]","args":[{"element-6066-11e4-a52e-4f735466cecf":"f.BCC40A51FB0F962C15E825EB75C92327.d.AA5376172074F1108870DB049669920C.e.17685","ELEMENT":"f.BCC40A51FB0F962C15E825EB75C92327.d.AA5376172074F1108870DB049669920C.e.17685"}]}
RESULT: {"script":"<script> [8489 bytes]","args":[{"element-6066-11e4-a52e-4f735466cecf":"f.BCC40A51FB0F962C15E825EB75C92327.d.AA5376172074F1108870DB049669920C.e.17685","ELEMENT":"f.BCC40A51FB0F962C15E825EB75C92327.d.AA5376172074F1108870DB049669920C.e.17685"}]}
COMMAND: GET /session/bbd37991cd80103daa76f108f3796d35/element/f.BCC40A51FB0F962C15E825EB75C92327.d.AA5376172074F1108870DB049669920C.e.17685/enabled - {}
COMMAND: GET /session/bbd37991cd80103daa76f108f3796d35/screenshot - {}
RESULT: {}
COMMAND: POST /session/bbd37991cd80103daa76f108f3796d35/execute/sync - {"script":"<script> [8489 bytes]","args":[{"element-6066-11e4-a52e-4f735466cecf":"f.BCC40A51FB0F962C15E825EB75C92327.d.AA5376172074F1108870DB049669920C.e.17685","ELEMENT":"f.BCC40A51FB0F962C15E825EB75C92327.d.AA5376172074F1108870DB049669920C.e.17685"}]}
COMMAND: GET /session/bbd37991cd80103daa76f108f3796d35/screenshot - {}
RESULT: {}
RESULT: {"script":"<script> [8489 bytes]","args":[{"element-6066-11e4-a52e-4f735466cecf":"f.BCC40A51FB0F962C15E825EB75C92327.d.AA5376172074F1108870DB049669920C.e.17685","ELEMENT":"f.BCC40A51FB0F962C15E825EB75C92327.d.AA5376172074F1108870DB049669920C.e.17685"}]}
COMMAND: POST /session/bbd37991cd80103daa76f108f3796d35/execute/sync - {"script":"<script> [5351 bytes]","args":[{"element-6066-11e4-a52e-4f735466cecf":"f.BCC40A51FB0F962C15E825EB75C92327.d.AA5376172074F1108870DB049669920C.e.17685","ELEMENT":"f.BCC40A51FB0F962C15E825EB75C92327.d.AA5376172074F1108870DB049669920C.e.17685"}]}
COMMAND: GET /session/bbd37991cd80103daa76f108f3796d35/screenshot - {}
RESULT: {}
RESULT: {"script":"<script> [5351 bytes]","args":[{"element-6066-11e4-a52e-4f735466cecf":"f.BCC40A51FB0F962C15E825EB75C92327.d.AA5376172074F1108870DB049669920C.e.17685","ELEMENT":"f.BCC40A51FB0F962C15E825EB75C92327.d.AA5376172074F1108870DB049669920C.e.17685"}]}
COMMAND: POST /session/bbd37991cd80103daa76f108f3796d35/element/f.BCC40A51FB0F962C15E825EB75C92327.d.AA5376172074F1108870DB049669920C.e.17685/click - {}
COMMAND: GET /session/bbd37991cd80103daa76f108f3796d35/screenshot - {}
RESULT: {}
RESULT: {}
COMMAND: GET /session/bbd37991cd80103daa76f108f3796d35/screenshot - {}
RESULT: {}
RESULT: {}
COMMAND: POST /session/bbd37991cd80103daa76f108f3796d35/actions - {"actions":[{"id":"action65","type":"key","parameters":{},"actions":[{"type":"keyDown","value":"î€‡"},{"type":"pause","duration":10},{"type":"keyUp","value":"î€‡"}]}]}
RESULT: {"actions":[{"id":"action65","type":"key","parameters":{},"actions":[{"type":"keyDown","value":"î€‡"},{"type":"pause","duration":10},{"type":"keyUp","value":"î€‡"}]}]}
COMMAND: GET /session/bbd37991cd80103daa76f108f3796d35/screenshot - {}
RESULT: {}
COMMAND: POST /session/bbd37991cd80103daa76f108f3796d35/execute/async - {"script":"<script> [1562 bytes]","args":[{"selector":{"id":"application-manageconditionprice-display-component---newCondition--condBillCond-arrow"},"wdio_ui5_key":"applicationmanageconditionprice-display-component---newCondition--condBillCond-arrow"}]}
RESULT: {"script":"<script> [1562 bytes]","args":[{"selector":{"id":"application-manageconditionprice-display-component---newCondition--condBillCond-arrow"},"wdio_ui5_key":"applicationmanageconditionprice-display-component---newCondition--condBillCond-arrow"}]}
RESULT: undefined
COMMAND: POST /session/bbd37991cd80103daa76f108f3796d35/element - {"using":"xpath","value":"//*[@id=\"application-manageconditionprice-display-component---newCondition--condBillCond-arrow\"]"}
RESULT: {"using":"xpath","value":"//*[@id=\"application-manageconditionprice-display-component---newCondition--condBillCond-arrow\"]"}
COMMAND: POST /session/bbd37991cd80103daa76f108f3796d35/element/f.BCC40A51FB0F962C15E825EB75C92327.d.AA5376172074F1108870DB049669920C.e.17864/click - {}
RESULT: {}
COMMAND: GET /session/bbd37991cd80103daa76f108f3796d35/screenshot - {}
RESULT: {}
COMMAND: POST /session/bbd37991cd80103daa76f108f3796d35/element - {"using":"xpath","value":"//li[.//span[contains(text(), \"DISP - D&I special price\")]]"}
RESULT: {"using":"xpath","value":"//li[.//span[contains(text(), \"DISP - D&I special price\")]]"}
COMMAND: POST /session/bbd37991cd80103daa76f108f3796d35/element/f.BCC40A51FB0F962C15E825EB75C92327.d.AA5376172074F1108870DB049669920C.e.17867/click - {}
RESULT: {}
COMMAND: GET /session/bbd37991cd80103daa76f108f3796d35/screenshot - {}
RESULT: {}
COMMAND: POST /session/bbd37991cd80103daa76f108f3796d35/execute/async - {"script":"<script> [1562 bytes]","args":[{"selector":{"id":"application-manageconditionprice-display-component---newCondition--condValidTo","interaction":{"idSuffix":"inner"}},"wdio_ui5_key":"applicationmanageconditionprice-display-component---newCondition--condValidTo"}]}
RESULT: {"script":"<script> [1562 bytes]","args":[{"selector":{"id":"application-manageconditionprice-display-component---newCondition--condValidTo","interaction":{"idSuffix":"inner"}},"wdio_ui5_key":"applicationmanageconditionprice-display-component---newCondition--condValidTo"}]}
RESULT: undefined
COMMAND: POST /session/bbd37991cd80103daa76f108f3796d35/execute/async - {"script":"<script> [776 bytes]","args":[{"enterText":"01/04/26","selector":{"id":"application-manageconditionprice-display-component---newCondition--condValidTo","interaction":{"idSuffix":"inner"}},"clearTextFirst":true,"interactionType":"ENTER_TEXT"}]}
RESULT: {"script":"<script> [776 bytes]","args":[{"enterText":"01/04/26","selector":{"id":"application-manageconditionprice-display-component---newCondition--condValidTo","interaction":{"idSuffix":"inner"}},"clearTextFirst":true,"interactionType":"ENTER_TEXT"}]}
COMMAND: POST /session/bbd37991cd80103daa76f108f3796d35/element - {"using":"xpath","value":"//input[@id=\"application-manageconditionprice-display-component---newCondition--condRU-inner\"]"}
RESULT: {"using":"xpath","value":"//input[@id=\"application-manageconditionprice-display-component---newCondition--condRU-inner\"]"}
COMMAND: POST /session/bbd37991cd80103daa76f108f3796d35/element/f.BCC40A51FB0F962C15E825EB75C92327.d.AA5376172074F1108870DB049669920C.e.17731/clear - {}
RESULT: {}
COMMAND: POST /session/bbd37991cd80103daa76f108f3796d35/element/f.BCC40A51FB0F962C15E825EB75C92327.d.AA5376172074F1108870DB049669920C.e.17731/value - {"text":"Dbiq2kSSNp"}
COMMAND: GET /session/bbd37991cd80103daa76f108f3796d35/screenshot - {}
RESULT: {"text":"Dbiq2kSSNp"}
COMMAND: GET /session/bbd37991cd80103daa76f108f3796d35/screenshot - {}
RESULT: {}
RESULT: {}
COMMAND: POST /session/bbd37991cd80103daa76f108f3796d35/actions - {"actions":[{"id":"action66","type":"key","parameters":{},"actions":[{"type":"keyDown","value":"î€‡"},{"type":"pause","duration":10},{"type":"keyUp","value":"î€‡"}]}]}
RESULT: {"actions":[{"id":"action66","type":"key","parameters":{},"actions":[{"type":"keyDown","value":"î€‡"},{"type":"pause","duration":10},{"type":"keyUp","value":"î€‡"}]}]}
COMMAND: POST /session/bbd37991cd80103daa76f108f3796d35/execute/async - {"script":"<script> [1562 bytes]","args":[{"selector":{"id":"application-manageconditionprice-display-component---newCondition--condBaseQty","interaction":{"idSuffix":"inner"}},"wdio_ui5_key":"applicationmanageconditionprice-display-component---newCondition--condBaseQty"}]}
COMMAND: GET /session/bbd37991cd80103daa76f108f3796d35/screenshot - {}
RESULT: {"script":"<script> [1562 bytes]","args":[{"selector":{"id":"application-manageconditionprice-display-component---newCondition--condBaseQty","interaction":{"idSuffix":"inner"}},"wdio_ui5_key":"applicationmanageconditionprice-display-component---newCondition--condBaseQty"}]}
RESULT: undefined
COMMAND: POST /session/bbd37991cd80103daa76f108f3796d35/execute/async - {"script":"<script> [776 bytes]","args":[{"enterText":"1","selector":{"id":"application-manageconditionprice-display-component---newCondition--condBaseQty","interaction":{"idSuffix":"inner"}},"clearTextFirst":true,"interactionType":"ENTER_TEXT"}]}
RESULT: {}
RESULT: {"script":"<script> [776 bytes]","args":[{"enterText":"1","selector":{"id":"application-manageconditionprice-display-component---newCondition--condBaseQty","interaction":{"idSuffix":"inner"}},"clearTextFirst":true,"interactionType":"ENTER_TEXT"}]}
COMMAND: POST /session/bbd37991cd80103daa76f108f3796d35/execute/async - {"script":"<script> [1562 bytes]","args":[{"selector":{"id":"application-manageconditionprice-display-component---newCondition--condValue","interaction":{"idSuffix":"inner"}},"wdio_ui5_key":"applicationmanageconditionprice-display-component---newCondition--condValue"}]}
RESULT: {"script":"<script> [1562 bytes]","args":[{"selector":{"id":"application-manageconditionprice-display-component---newCondition--condValue","interaction":{"idSuffix":"inner"}},"wdio_ui5_key":"applicationmanageconditionprice-display-component---newCondition--condValue"}]}
RESULT: undefined
COMMAND: POST /session/bbd37991cd80103daa76f108f3796d35/execute/async - {"script":"<script> [776 bytes]","args":[{"enterText":"200","selector":{"id":"application-manageconditionprice-display-component---newCondition--condValue","interaction":{"idSuffix":"inner"}},"clearTextFirst":true,"interactionType":"ENTER_TEXT"}]}
RESULT: {"script":"<script> [776 bytes]","args":[{"enterText":"200","selector":{"id":"application-manageconditionprice-display-component---newCondition--condValue","interaction":{"idSuffix":"inner"}},"clearTextFirst":true,"interactionType":"ENTER_TEXT"}]}
COMMAND: POST /session/bbd37991cd80103daa76f108f3796d35/execute/async - {"script":"<script> [1562 bytes]","args":[{"selector":{"id":"application-manageconditionprice-display-component---newCondition--condCurr-arrow"},"wdio_ui5_key":"applicationmanageconditionprice-display-component---newCondition--condCurr-arrow"}]}
RESULT: {"script":"<script> [1562 bytes]","args":[{"selector":{"id":"application-manageconditionprice-display-component---newCondition--condCurr-arrow"},"wdio_ui5_key":"applicationmanageconditionprice-display-component---newCondition--condCurr-arrow"}]}
RESULT: undefined
COMMAND: POST /session/bbd37991cd80103daa76f108f3796d35/element - {"using":"xpath","value":"//*[@id=\"application-manageconditionprice-display-component---newCondition--condCurr-arrow\"]"}
RESULT: {"using":"xpath","value":"//*[@id=\"application-manageconditionprice-display-component---newCondition--condCurr-arrow\"]"}
COMMAND: POST /session/bbd37991cd80103daa76f108f3796d35/element/f.BCC40A51FB0F962C15E825EB75C92327.d.AA5376172074F1108870DB049669920C.e.17837/click - {}
RESULT: {}
COMMAND: POST /session/bbd37991cd80103daa76f108f3796d35/element - {"using":"xpath","value":"//span[contains(text(), \"Euro\")]"}
COMMAND: GET /session/bbd37991cd80103daa76f108f3796d35/screenshot - {}
RESULT: {"using":"xpath","value":"//span[contains(text(), \"Euro\")]"}
COMMAND: POST /session/bbd37991cd80103daa76f108f3796d35/element/f.BCC40A51FB0F962C15E825EB75C92327.d.AA5376172074F1108870DB049669920C.e.17905/click - {}
RESULT: {}
RESULT: {}
COMMAND: POST /session/bbd37991cd80103daa76f108f3796d35/element - {"using":"xpath","value":"//button[@data-kt=\"saveButton\"]"}
COMMAND: GET /session/bbd37991cd80103daa76f108f3796d35/screenshot - {}
RESULT: {"using":"xpath","value":"//button[@data-kt=\"saveButton\"]"}
COMMAND: POST /session/bbd37991cd80103daa76f108f3796d35/element/f.BCC40A51FB0F962C15E825EB75C92327.d.AA5376172074F1108870DB049669920C.e.17838/click - {}
RESULT: {}
RESULT: {}
COMMAND: GET /session/bbd37991cd80103daa76f108f3796d35/screenshot - {}
RESULT: {}
COMMAND: POST /session/bbd37991cd80103daa76f108f3796d35/execute/async - {"script":"<script> [1562 bytes]","args":[{"selector":{"id":"application-manageconditionprice-display-component---conditions--smartFilterBar-btnBasicSearch","interaction":{"idSuffix":"I"}},"wdio_ui5_key":"applicationmanageconditionprice-display-component---conditions--smartFilterBar-btnBasicSearch"}]}
RESULT: {"script":"<script> [1562 bytes]","args":[{"selector":{"id":"application-manageconditionprice-display-component---conditions--smartFilterBar-btnBasicSearch","interaction":{"idSuffix":"I"}},"wdio_ui5_key":"applicationmanageconditionprice-display-component---conditions--smartFilterBar-btnBasicSearch"}]}
RESULT: undefined
COMMAND: POST /session/bbd37991cd80103daa76f108f3796d35/execute/async - {"script":"<script> [776 bytes]","args":[{"enterText":"Dbiq2kSSNp","selector":{"id":"application-manageconditionprice-display-component---conditions--smartFilterBar-btnBasicSearch","interaction":{"idSuffix":"I"}},"clearTextFirst":true,"interactionType":"ENTER_TEXT"}]}
RESULT: {"script":"<script> [776 bytes]","args":[{"enterText":"Dbiq2kSSNp","selector":{"id":"application-manageconditionprice-display-component---conditions--smartFilterBar-btnBasicSearch","interaction":{"idSuffix":"I"}},"clearTextFirst":true,"interactionType":"ENTER_TEXT"}]}
COMMAND: POST /session/bbd37991cd80103daa76f108f3796d35/actions - {"actions":[{"id":"action67","type":"key","parameters":{},"actions":[{"type":"keyDown","value":"î€‡"},{"type":"pause","duration":10},{"type":"keyUp","value":"î€‡"}]}]}
RESULT: {"actions":[{"id":"action67","type":"key","parameters":{},"actions":[{"type":"keyDown","value":"î€‡"},{"type":"pause","duration":10},{"type":"keyUp","value":"î€‡"}]}]}
COMMAND: GET /session/bbd37991cd80103daa76f108f3796d35/screenshot - {}
RESULT: {}
COMMAND: POST /session/bbd37991cd80103daa76f108f3796d35/execute/async - {"script":"<script> [1562 bytes]","args":[{"selector":{"id":"application-manageconditionprice-display-component---conditions--smartFilterBar-filterItemControl_BASIC-BILL_TYPES-vhi"},"wdio_ui5_key":"applicationmanageconditionprice-display-component---conditions--smartFilterBar-filterItemControl_BASIC-BILL_TYPES-vhi"}]}
RESULT: {"script":"<script> [1562 bytes]","args":[{"selector":{"id":"application-manageconditionprice-display-component---conditions--smartFilterBar-filterItemControl_BASIC-BILL_TYPES-vhi"},"wdio_ui5_key":"applicationmanageconditionprice-display-component---conditions--smartFilterBar-filterItemControl_BASIC-BILL_TYPES-vhi"}]}
RESULT: undefined
COMMAND: POST /session/bbd37991cd80103daa76f108f3796d35/element - {"using":"xpath","value":"//*[@id=\"application-manageconditionprice-display-component---conditions--smartFilterBar-filterItemControl_BASIC-BILL_TYPES-vhi\"]"}
RESULT: {"using":"xpath","value":"//*[@id=\"application-manageconditionprice-display-component---conditions--smartFilterBar-filterItemControl_BASIC-BILL_TYPES-vhi\"]"}
COMMAND: POST /session/bbd37991cd80103daa76f108f3796d35/element/f.BCC40A51FB0F962C15E825EB75C92327.d.AA5376172074F1108870DB049669920C.e.17922/click - {}
RESULT: {}
COMMAND: POST /session/bbd37991cd80103daa76f108f3796d35/execute/async - {"script":"<script> [1562 bytes]","args":[{"selector":{"id":"application-manageconditionprice-display-component---conditions--smartFilterBar-filterItemControl_BASIC-BILL_TYPES-valueHelpDialog-smartFilterBar-btnBasicSearch","searchOpenDialogs":true,"interaction":{"idSuffix":"I"}},"wdio_ui5_key":"applicationmanageconditionprice-display-component---conditions--smartFilterBar-filterItemControl_BASIC-BILL_TYPES-valueHelpDialog-smartFilterBar-btnBasicSearch"}]}
COMMAND: GET /session/bbd37991cd80103daa76f108f3796d35/screenshot - {}
RESULT: {"script":"<script> [1562 bytes]","args":[{"selector":{"id":"application-manageconditionprice-display-component---conditions--smartFilterBar-filterItemControl_BASIC-BILL_TYPES-valueHelpDialog-smartFilterBar-btnBasicSearch","searchOpenDialogs":true,"interaction":{"idSuffix":"I"}},"wdio_ui5_key":"applicationmanageconditionprice-display-component---conditions--smartFilterBar-filterItemControl_BASIC-BILL_TYPES-valueHelpDialog-smartFilterBar-btnBasicSearch"}]}
RESULT: undefined
COMMAND: POST /session/bbd37991cd80103daa76f108f3796d35/execute/async - {"script":"<script> [776 bytes]","args":[{"enterText":"TB","selector":{"id":"application-manageconditionprice-display-component---conditions--smartFilterBar-filterItemControl_BASIC-BILL_TYPES-valueHelpDialog-smartFilterBar-btnBasicSearch","searchOpenDialogs":true,"interaction":{"idSuffix":"I"}},"clearTextFirst":true,"interactionType":"ENTER_TEXT"}]}
RESULT: {}
RESULT: {"script":"<script> [776 bytes]","args":[{"enterText":"TB","selector":{"id":"application-manageconditionprice-display-component---conditions--smartFilterBar-filterItemControl_BASIC-BILL_TYPES-valueHelpDialog-smartFilterBar-btnBasicSearch","searchOpenDialogs":true,"interaction":{"idSuffix":"I"}},"clearTextFirst":true,"interactionType":"ENTER_TEXT"}]}
COMMAND: POST /session/bbd37991cd80103daa76f108f3796d35/actions - {"actions":[{"id":"action68","type":"key","parameters":{},"actions":[{"type":"keyDown","value":"î€‡"},{"type":"pause","duration":10},{"type":"keyUp","value":"î€‡"}]}]}
RESULT: {"actions":[{"id":"action68","type":"key","parameters":{},"actions":[{"type":"keyDown","value":"î€‡"},{"type":"pause","duration":10},{"type":"keyUp","value":"î€‡"}]}]}
COMMAND: GET /session/bbd37991cd80103daa76f108f3796d35/screenshot - {}
RESULT: {}
COMMAND: POST /session/bbd37991cd80103daa76f108f3796d35/element - {"using":"xpath","value":"//div[contains(@id, 'application-manageconditionprice-display-component---conditions--smartFilterBar-filterItemControl_BASIC-BILL_TYPES-valueHelpDialog-table-rowsel0')]"}
RESULT: {"using":"xpath","value":"//div[contains(@id, 'application-manageconditionprice-display-component---conditions--smartFilterBar-filterItemControl_BASIC-BILL_TYPES-valueHelpDialog-table-rowsel0')]"}
COMMAND: POST /session/bbd37991cd80103daa76f108f3796d35/element/f.BCC40A51FB0F962C15E825EB75C92327.d.AA5376172074F1108870DB049669920C.e.17931/click - {}
RESULT: {}
COMMAND: GET /session/bbd37991cd80103daa76f108f3796d35/screenshot - {}
RESULT: {}
COMMAND: POST /session/bbd37991cd80103daa76f108f3796d35/element - {"using":"xpath","value":"//bdi[contains(text(), \"OK\")]"}
RESULT: {"using":"xpath","value":"//bdi[contains(text(), \"OK\")]"}
COMMAND: POST /session/bbd37991cd80103daa76f108f3796d35/element/f.BCC40A51FB0F962C15E825EB75C92327.d.AA5376172074F1108870DB049669920C.e.17933/click - {}
RESULT: {}
COMMAND: GET /session/bbd37991cd80103daa76f108f3796d35/screenshot - {}
RESULT: {}
COMMAND: POST /session/bbd37991cd80103daa76f108f3796d35/element - {"using":"xpath","value":"//span[@id=\"application-manageconditionprice-display-component---conditions--smartTable-header-inner\"]"}
RESULT: {"using":"xpath","value":"//span[@id=\"application-manageconditionprice-display-component---conditions--smartTable-header-inner\"]"}
COMMAND: POST /session/bbd37991cd80103daa76f108f3796d35/elements - {"using":"xpath","value":"//span[@id=\"application-manageconditionprice-display-component---conditions--smartTable-header-inner\"]"}
RESULT: {"using":"xpath","value":"//span[@id=\"application-manageconditionprice-display-component---conditions--smartTable-header-inner\"]"}
COMMAND: POST /session/bbd37991cd80103daa76f108f3796d35/execute/sync - {"script":"<script> [56 bytes]","args":[{"element-6066-11e4-a52e-4f735466cecf":"f.BCC40A51FB0F962C15E825EB75C92327.d.AA5376172074F1108870DB049669920C.e.17936","ELEMENT":"f.BCC40A51FB0F962C15E825EB75C92327.d.AA5376172074F1108870DB049669920C.e.17936"}]}
RESULT: {"script":"<script> [56 bytes]","args":[{"element-6066-11e4-a52e-4f735466cecf":"f.BCC40A51FB0F962C15E825EB75C92327.d.AA5376172074F1108870DB049669920C.e.17936","ELEMENT":"f.BCC40A51FB0F962C15E825EB75C92327.d.AA5376172074F1108870DB049669920C.e.17936"}]}
COMMAND: POST /session/bbd37991cd80103daa76f108f3796d35/element - {"using":"css selector","value":"#shell-header-logo"}
COMMAND: GET /session/bbd37991cd80103daa76f108f3796d35/screenshot - {}
RESULT: {"using":"css selector","value":"#shell-header-logo"}
COMMAND: POST /session/bbd37991cd80103daa76f108f3796d35/element/f.BCC40A51FB0F962C15E825EB75C92327.d.AA5376172074F1108870DB049669920C.e.17653/click - {}
RESULT: {}
RESULT: {}
COMMAND: GET /session/bbd37991cd80103daa76f108f3796d35/screenshot - {}
RESULT: {}
]]></system-out>
    </testcase>
    <testcase classname="chrome.135_0_7049_96.windows.Create_Reverse_Billing_US127248" name="Should do a stock increase handover" time="78.568">
      <system-out><![CDATA[
COMMAND: POST /session/bbd37991cd80103daa76f108f3796d35/execute/async - {"script":"<script> [1562 bytes]","args":[{"selector":{"controlType":"sap.m.Text","viewName":"etm.portal.ui.managehandoverstile.view.Master","properties":{"text":"Manage Handovers"},"interaction":{"idSuffix":"inner"}},"wdio_ui5_key":"etmportal.ui.managehandoverstile.view.Mastersap.m.Text{\"text\":\"Manage Handovers\"}"}]}
RESULT: {"script":"<script> [1562 bytes]","args":[{"selector":{"controlType":"sap.m.Text","viewName":"etm.portal.ui.managehandoverstile.view.Master","properties":{"text":"Manage Handovers"},"interaction":{"idSuffix":"inner"}},"wdio_ui5_key":"etmportal.ui.managehandoverstile.view.Mastersap.m.Text{\"text\":\"Manage Handovers\"}"}]}
RESULT: undefined
COMMAND: POST /session/bbd37991cd80103daa76f108f3796d35/element - {"using":"xpath","value":"//*[@id=\"__tile133-title\"]"}
RESULT: {"using":"xpath","value":"//*[@id=\"__tile133-title\"]"}
COMMAND: POST /session/bbd37991cd80103daa76f108f3796d35/element/f.BCC40A51FB0F962C15E825EB75C92327.d.AA5376172074F1108870DB049669920C.e.17941/click - {}
RESULT: {}
COMMAND: POST /session/bbd37991cd80103daa76f108f3796d35/element - {"using":"xpath","value":"//button[@data-kt=\"masterHOAddButton\"]"}
COMMAND: GET /session/bbd37991cd80103daa76f108f3796d35/screenshot - {}
RESULT: {"using":"xpath","value":"//button[@data-kt=\"masterHOAddButton\"]"}
COMMAND: POST /session/bbd37991cd80103daa76f108f3796d35/elements - {"using":"xpath","value":"//button[@data-kt=\"masterHOAddButton\"]"}
RESULT: {}
RESULT: {"using":"xpath","value":"//button[@data-kt=\"masterHOAddButton\"]"}
COMMAND: POST /session/bbd37991cd80103daa76f108f3796d35/elements - {"using":"xpath","value":"//button[@data-kt=\"masterHOAddButton\"]"}
RESULT: {"using":"xpath","value":"//button[@data-kt=\"masterHOAddButton\"]"}
COMMAND: POST /session/bbd37991cd80103daa76f108f3796d35/elements - {"using":"xpath","value":"//button[@data-kt=\"masterHOAddButton\"]"}
RESULT: {"using":"xpath","value":"//button[@data-kt=\"masterHOAddButton\"]"}
COMMAND: POST /session/bbd37991cd80103daa76f108f3796d35/elements - {"using":"xpath","value":"//button[@data-kt=\"masterHOAddButton\"]"}
RESULT: {"using":"xpath","value":"//button[@data-kt=\"masterHOAddButton\"]"}
COMMAND: POST /session/bbd37991cd80103daa76f108f3796d35/elements - {"using":"xpath","value":"//button[@data-kt=\"masterHOAddButton\"]"}
RESULT: {"using":"xpath","value":"//button[@data-kt=\"masterHOAddButton\"]"}
COMMAND: POST /session/bbd37991cd80103daa76f108f3796d35/elements - {"using":"xpath","value":"//button[@data-kt=\"masterHOAddButton\"]"}
RESULT: {"using":"xpath","value":"//button[@data-kt=\"masterHOAddButton\"]"}
COMMAND: POST /session/bbd37991cd80103daa76f108f3796d35/elements - {"using":"xpath","value":"//button[@data-kt=\"masterHOAddButton\"]"}
RESULT: {"using":"xpath","value":"//button[@data-kt=\"masterHOAddButton\"]"}
COMMAND: POST /session/bbd37991cd80103daa76f108f3796d35/elements - {"using":"xpath","value":"//button[@data-kt=\"masterHOAddButton\"]"}
RESULT: {"using":"xpath","value":"//button[@data-kt=\"masterHOAddButton\"]"}
COMMAND: POST /session/bbd37991cd80103daa76f108f3796d35/elements - {"using":"xpath","value":"//button[@data-kt=\"masterHOAddButton\"]"}
RESULT: {"using":"xpath","value":"//button[@data-kt=\"masterHOAddButton\"]"}
COMMAND: POST /session/bbd37991cd80103daa76f108f3796d35/elements - {"using":"xpath","value":"//button[@data-kt=\"masterHOAddButton\"]"}
RESULT: {"using":"xpath","value":"//button[@data-kt=\"masterHOAddButton\"]"}
COMMAND: POST /session/bbd37991cd80103daa76f108f3796d35/elements - {"using":"xpath","value":"//button[@data-kt=\"masterHOAddButton\"]"}
RESULT: {"using":"xpath","value":"//button[@data-kt=\"masterHOAddButton\"]"}
COMMAND: POST /session/bbd37991cd80103daa76f108f3796d35/elements - {"using":"xpath","value":"//button[@data-kt=\"masterHOAddButton\"]"}
RESULT: {"using":"xpath","value":"//button[@data-kt=\"masterHOAddButton\"]"}
COMMAND: POST /session/bbd37991cd80103daa76f108f3796d35/elements - {"using":"xpath","value":"//button[@data-kt=\"masterHOAddButton\"]"}
RESULT: {"using":"xpath","value":"//button[@data-kt=\"masterHOAddButton\"]"}
COMMAND: POST /session/bbd37991cd80103daa76f108f3796d35/element - {"using":"xpath","value":"//button[@data-kt=\"masterHOAddButton\"]"}
RESULT: {"using":"xpath","value":"//button[@data-kt=\"masterHOAddButton\"]"}
COMMAND: POST /session/bbd37991cd80103daa76f108f3796d35/execute/sync - {"script":"<script> [8489 bytes]","args":[{"element-6066-11e4-a52e-4f735466cecf":"f.BCC40A51FB0F962C15E825EB75C92327.d.AA5376172074F1108870DB049669920C.e.17978","ELEMENT":"f.BCC40A51FB0F962C15E825EB75C92327.d.AA5376172074F1108870DB049669920C.e.17978"}]}
RESULT: {"script":"<script> [8489 bytes]","args":[{"element-6066-11e4-a52e-4f735466cecf":"f.BCC40A51FB0F962C15E825EB75C92327.d.AA5376172074F1108870DB049669920C.e.17978","ELEMENT":"f.BCC40A51FB0F962C15E825EB75C92327.d.AA5376172074F1108870DB049669920C.e.17978"}]}
COMMAND: GET /session/bbd37991cd80103daa76f108f3796d35/element/f.BCC40A51FB0F962C15E825EB75C92327.d.AA5376172074F1108870DB049669920C.e.17978/enabled - {}
COMMAND: GET /session/bbd37991cd80103daa76f108f3796d35/screenshot - {}
RESULT: {}
COMMAND: POST /session/bbd37991cd80103daa76f108f3796d35/execute/sync - {"script":"<script> [8489 bytes]","args":[{"element-6066-11e4-a52e-4f735466cecf":"f.BCC40A51FB0F962C15E825EB75C92327.d.AA5376172074F1108870DB049669920C.e.17978","ELEMENT":"f.BCC40A51FB0F962C15E825EB75C92327.d.AA5376172074F1108870DB049669920C.e.17978"}]}
COMMAND: GET /session/bbd37991cd80103daa76f108f3796d35/screenshot - {}
RESULT: {}
RESULT: {"script":"<script> [8489 bytes]","args":[{"element-6066-11e4-a52e-4f735466cecf":"f.BCC40A51FB0F962C15E825EB75C92327.d.AA5376172074F1108870DB049669920C.e.17978","ELEMENT":"f.BCC40A51FB0F962C15E825EB75C92327.d.AA5376172074F1108870DB049669920C.e.17978"}]}
COMMAND: POST /session/bbd37991cd80103daa76f108f3796d35/execute/sync - {"script":"<script> [5351 bytes]","args":[{"element-6066-11e4-a52e-4f735466cecf":"f.BCC40A51FB0F962C15E825EB75C92327.d.AA5376172074F1108870DB049669920C.e.17978","ELEMENT":"f.BCC40A51FB0F962C15E825EB75C92327.d.AA5376172074F1108870DB049669920C.e.17978"}]}
COMMAND: GET /session/bbd37991cd80103daa76f108f3796d35/screenshot - {}
RESULT: {}
RESULT: {"script":"<script> [5351 bytes]","args":[{"element-6066-11e4-a52e-4f735466cecf":"f.BCC40A51FB0F962C15E825EB75C92327.d.AA5376172074F1108870DB049669920C.e.17978","ELEMENT":"f.BCC40A51FB0F962C15E825EB75C92327.d.AA5376172074F1108870DB049669920C.e.17978"}]}
COMMAND: POST /session/bbd37991cd80103daa76f108f3796d35/element/f.BCC40A51FB0F962C15E825EB75C92327.d.AA5376172074F1108870DB049669920C.e.17978/click - {}
COMMAND: GET /session/bbd37991cd80103daa76f108f3796d35/screenshot - {}
RESULT: {}
RESULT: {}
COMMAND: GET /session/bbd37991cd80103daa76f108f3796d35/screenshot - {}
RESULT: {}
RESULT: {}
COMMAND: POST /session/bbd37991cd80103daa76f108f3796d35/element - {"using":"xpath","value":"//span[contains(@id ,\"AddNewHO--typeSelect-arrow\")]"}
RESULT: {"using":"xpath","value":"//span[contains(@id ,\"AddNewHO--typeSelect-arrow\")]"}
COMMAND: POST /session/bbd37991cd80103daa76f108f3796d35/element/f.BCC40A51FB0F962C15E825EB75C92327.d.AA5376172074F1108870DB049669920C.e.18335/click - {}
RESULT: {}
COMMAND: GET /session/bbd37991cd80103daa76f108f3796d35/screenshot - {}
RESULT: {}
COMMAND: POST /session/bbd37991cd80103daa76f108f3796d35/element - {"using":"xpath","value":"(//li[contains(text(), \"stock increase yard\")])[1]"}
RESULT: {"using":"xpath","value":"(//li[contains(text(), \"stock increase yard\")])[1]"}
COMMAND: POST /session/bbd37991cd80103daa76f108f3796d35/element/f.BCC40A51FB0F962C15E825EB75C92327.d.AA5376172074F1108870DB049669920C.e.18336/click - {}
RESULT: {}
COMMAND: GET /session/bbd37991cd80103daa76f108f3796d35/screenshot - {}
RESULT: {}
COMMAND: POST /session/bbd37991cd80103daa76f108f3796d35/execute/async - {"script":"<script> [1562 bytes]","args":[{"selector":{"id":"application-managehandovers-display-component---AddNewHO--dueDate","interaction":{"idSuffix":"inner"}},"wdio_ui5_key":"applicationmanagehandovers-display-component---AddNewHO--dueDate"}]}
RESULT: {"script":"<script> [1562 bytes]","args":[{"selector":{"id":"application-managehandovers-display-component---AddNewHO--dueDate","interaction":{"idSuffix":"inner"}},"wdio_ui5_key":"applicationmanagehandovers-display-component---AddNewHO--dueDate"}]}
RESULT: undefined
COMMAND: POST /session/bbd37991cd80103daa76f108f3796d35/execute/async - {"script":"<script> [6424 bytes]","args":[{"element-6066-11e4-a52e-4f735466cecf":"f.BCC40A51FB0F962C15E825EB75C92327.d.AA5376172074F1108870DB049669920C.e.18338"},"setValue",["05/04/2025"]]}
RESULT: {"script":"<script> [6424 bytes]","args":[{"element-6066-11e4-a52e-4f735466cecf":"f.BCC40A51FB0F962C15E825EB75C92327.d.AA5376172074F1108870DB049669920C.e.18338"},"setValue",["05/04/2025"]]}
COMMAND: POST /session/bbd37991cd80103daa76f108f3796d35/element - {"using":"xpath","value":"//input[@id=\"generalSectionFrg--receiveYard-inner\"]"}
RESULT: {"using":"xpath","value":"//input[@id=\"generalSectionFrg--receiveYard-inner\"]"}
COMMAND: POST /session/bbd37991cd80103daa76f108f3796d35/element/f.BCC40A51FB0F962C15E825EB75C92327.d.AA5376172074F1108870DB049669920C.e.18344/clear - {}
RESULT: {}
COMMAND: POST /session/bbd37991cd80103daa76f108f3796d35/element/f.BCC40A51FB0F962C15E825EB75C92327.d.AA5376172074F1108870DB049669920C.e.18344/value - {"text":"550"}
COMMAND: GET /session/bbd37991cd80103daa76f108f3796d35/screenshot - {}
RESULT: {"text":"550"}
COMMAND: GET /session/bbd37991cd80103daa76f108f3796d35/screenshot - {}
RESULT: {}
RESULT: {}
COMMAND: POST /session/bbd37991cd80103daa76f108f3796d35/element - {"using":"xpath","value":"//li[.//span[text()='550']]"}
RESULT: {"using":"xpath","value":"//li[.//span[text()='550']]"}
COMMAND: POST /session/bbd37991cd80103daa76f108f3796d35/element/f.BCC40A51FB0F962C15E825EB75C92327.d.AA5376172074F1108870DB049669920C.e.18362/click - {}
RESULT: {}
COMMAND: GET /session/bbd37991cd80103daa76f108f3796d35/screenshot - {}
RESULT: {}
COMMAND: POST /session/bbd37991cd80103daa76f108f3796d35/execute/async - {"script":"<script> [1562 bytes]","args":[{"selector":{"id":"application-managehandovers-display-component---AddNewHO--ObjectPageLayout-anchBar-application-managehandovers-display-component---AddNewHO--section4-anchor","interaction":{"idSuffix":"BDI-content"}},"wdio_ui5_key":"applicationmanagehandovers-display-component---AddNewHO--ObjectPageLayout-anchBar-application-managehandovers-display-component---AddNewHO--section4-anchor"}]}
RESULT: {"script":"<script> [1562 bytes]","args":[{"selector":{"id":"application-managehandovers-display-component---AddNewHO--ObjectPageLayout-anchBar-application-managehandovers-display-component---AddNewHO--section4-anchor","interaction":{"idSuffix":"BDI-content"}},"wdio_ui5_key":"applicationmanagehandovers-display-component---AddNewHO--ObjectPageLayout-anchBar-application-managehandovers-display-component---AddNewHO--section4-anchor"}]}
RESULT: undefined
COMMAND: POST /session/bbd37991cd80103daa76f108f3796d35/element - {"using":"xpath","value":"//*[@id=\"application-managehandovers-display-component---AddNewHO--ObjectPageLayout-anchBar-application-managehandovers-display-component---AddNewHO--section4-anchor\"]"}
RESULT: {"using":"xpath","value":"//*[@id=\"application-managehandovers-display-component---AddNewHO--ObjectPageLayout-anchBar-application-managehandovers-display-component---AddNewHO--section4-anchor\"]"}
COMMAND: POST /session/bbd37991cd80103daa76f108f3796d35/element/f.BCC40A51FB0F962C15E825EB75C92327.d.AA5376172074F1108870DB049669920C.e.18364/click - {}
RESULT: {}
COMMAND: POST /session/bbd37991cd80103daa76f108f3796d35/element - {"using":"xpath","value":"//button[@aria-label=\"Add\"]"}
COMMAND: GET /session/bbd37991cd80103daa76f108f3796d35/screenshot - {}
RESULT: {"using":"xpath","value":"//button[@aria-label=\"Add\"]"}
COMMAND: POST /session/bbd37991cd80103daa76f108f3796d35/element/f.BCC40A51FB0F962C15E825EB75C92327.d.AA5376172074F1108870DB049669920C.e.18366/click - {}
RESULT: {}
RESULT: {}
COMMAND: GET /session/bbd37991cd80103daa76f108f3796d35/screenshot - {}
RESULT: {}
COMMAND: POST /session/bbd37991cd80103daa76f108f3796d35/execute/async - {"script":"<script> [1562 bytes]","args":[{"selector":{"id":"application-managehandovers-display-component---AddNewHO--smartFilterBar-btnBasicSearch","searchOpenDialogs":true,"interaction":{"idSuffix":"I"}},"wdio_ui5_key":"applicationmanagehandovers-display-component---AddNewHO--smartFilterBar-btnBasicSearch"}]}
RESULT: {"script":"<script> [1562 bytes]","args":[{"selector":{"id":"application-managehandovers-display-component---AddNewHO--smartFilterBar-btnBasicSearch","searchOpenDialogs":true,"interaction":{"idSuffix":"I"}},"wdio_ui5_key":"applicationmanagehandovers-display-component---AddNewHO--smartFilterBar-btnBasicSearch"}]}
RESULT: undefined
COMMAND: POST /session/bbd37991cd80103daa76f108f3796d35/execute/async - {"script":"<script> [776 bytes]","args":[{"enterText":"Dbiq2kSSNp","selector":{"id":"application-managehandovers-display-component---AddNewHO--smartFilterBar-btnBasicSearch","searchOpenDialogs":true,"interaction":{"idSuffix":"I"}},"clearTextFirst":true,"interactionType":"ENTER_TEXT"}]}
RESULT: {"script":"<script> [776 bytes]","args":[{"enterText":"Dbiq2kSSNp","selector":{"id":"application-managehandovers-display-component---AddNewHO--smartFilterBar-btnBasicSearch","searchOpenDialogs":true,"interaction":{"idSuffix":"I"}},"clearTextFirst":true,"interactionType":"ENTER_TEXT"}]}
COMMAND: POST /session/bbd37991cd80103daa76f108f3796d35/actions - {"actions":[{"id":"action69","type":"key","parameters":{},"actions":[{"type":"keyDown","value":"î€‡"},{"type":"pause","duration":10},{"type":"keyUp","value":"î€‡"}]}]}
RESULT: {"actions":[{"id":"action69","type":"key","parameters":{},"actions":[{"type":"keyDown","value":"î€‡"},{"type":"pause","duration":10},{"type":"keyUp","value":"î€‡"}]}]}
COMMAND: GET /session/bbd37991cd80103daa76f108f3796d35/screenshot - {}
RESULT: {}
COMMAND: POST /session/bbd37991cd80103daa76f108f3796d35/execute/async - {"script":"<script> [1562 bytes]","args":[{"selector":{"id":"application-managehandovers-display-component---AddNewHO--popup-sa","searchOpenDialogs":true,"interaction":{"idSuffix":"CbBg"}},"wdio_ui5_key":"applicationmanagehandovers-display-component---AddNewHO--popup-sa"}]}
RESULT: {"script":"<script> [1562 bytes]","args":[{"selector":{"id":"application-managehandovers-display-component---AddNewHO--popup-sa","searchOpenDialogs":true,"interaction":{"idSuffix":"CbBg"}},"wdio_ui5_key":"applicationmanagehandovers-display-component---AddNewHO--popup-sa"}]}
RESULT: undefined
COMMAND: POST /session/bbd37991cd80103daa76f108f3796d35/element - {"using":"xpath","value":"//*[@id=\"application-managehandovers-display-component---AddNewHO--popup-sa\"]"}
RESULT: {"using":"xpath","value":"//*[@id=\"application-managehandovers-display-component---AddNewHO--popup-sa\"]"}
COMMAND: POST /session/bbd37991cd80103daa76f108f3796d35/element/f.BCC40A51FB0F962C15E825EB75C92327.d.AA5376172074F1108870DB049669920C.e.18520/click - {}
RESULT: {}
COMMAND: GET /session/bbd37991cd80103daa76f108f3796d35/screenshot - {}
RESULT: {}
COMMAND: POST /session/bbd37991cd80103daa76f108f3796d35/element - {"using":"xpath","value":"//bdi[contains(text(), \"Select\")]"}
RESULT: {"using":"xpath","value":"//bdi[contains(text(), \"Select\")]"}
COMMAND: POST /session/bbd37991cd80103daa76f108f3796d35/element/f.BCC40A51FB0F962C15E825EB75C92327.d.AA5376172074F1108870DB049669920C.e.18521/click - {}
RESULT: {}
COMMAND: GET /session/bbd37991cd80103daa76f108f3796d35/screenshot - {}
RESULT: {}
COMMAND: POST /session/bbd37991cd80103daa76f108f3796d35/element - {"using":"xpath","value":"//button[@data-kt=\"AddNewHOSaveButton\"]"}
RESULT: {"using":"xpath","value":"//button[@data-kt=\"AddNewHOSaveButton\"]"}
COMMAND: POST /session/bbd37991cd80103daa76f108f3796d35/element/f.BCC40A51FB0F962C15E825EB75C92327.d.AA5376172074F1108870DB049669920C.e.18525/click - {}
RESULT: {}
COMMAND: GET /session/bbd37991cd80103daa76f108f3796d35/screenshot - {}
RESULT: {}
COMMAND: POST /session/bbd37991cd80103daa76f108f3796d35/execute/async - {"script":"<script> [1562 bytes]","args":[{"selector":{"id":"receiptDatePicker","viewName":"etm.portal.ui.managehandovers.view.DetailExecuteHO","interaction":{"idSuffix":"inner"}},"wdio_ui5_key":"receiptDatePickeretmportal.ui.managehandovers.view.DetailExecuteHO"}]}
RESULT: {"script":"<script> [1562 bytes]","args":[{"selector":{"id":"receiptDatePicker","viewName":"etm.portal.ui.managehandovers.view.DetailExecuteHO","interaction":{"idSuffix":"inner"}},"wdio_ui5_key":"receiptDatePickeretmportal.ui.managehandovers.view.DetailExecuteHO"}]}
RESULT: undefined
COMMAND: POST /session/bbd37991cd80103daa76f108f3796d35/execute/async - {"script":"<script> [6424 bytes]","args":[{"element-6066-11e4-a52e-4f735466cecf":"f.BCC40A51FB0F962C15E825EB75C92327.d.AA5376172074F1108870DB049669920C.e.18537"},"setValue",["05/04/2025"]]}
RESULT: {"script":"<script> [6424 bytes]","args":[{"element-6066-11e4-a52e-4f735466cecf":"f.BCC40A51FB0F962C15E825EB75C92327.d.AA5376172074F1108870DB049669920C.e.18537"},"setValue",["05/04/2025"]]}
COMMAND: POST /session/bbd37991cd80103daa76f108f3796d35/element - {"using":"xpath","value":"//button[@data-kt=\"PickingTableConfirmAllButton\"]"}
RESULT: {"using":"xpath","value":"//button[@data-kt=\"PickingTableConfirmAllButton\"]"}
COMMAND: POST /session/bbd37991cd80103daa76f108f3796d35/element/f.BCC40A51FB0F962C15E825EB75C92327.d.AA5376172074F1108870DB049669920C.e.18586/click - {}
RESULT: {}
COMMAND: GET /session/bbd37991cd80103daa76f108f3796d35/screenshot - {}
RESULT: {}
COMMAND: POST /session/bbd37991cd80103daa76f108f3796d35/element - {"using":"xpath","value":"//bdi[contains(text(), \"OK\")]"}
RESULT: {"using":"xpath","value":"//bdi[contains(text(), \"OK\")]"}
COMMAND: POST /session/bbd37991cd80103daa76f108f3796d35/element/f.BCC40A51FB0F962C15E825EB75C92327.d.AA5376172074F1108870DB049669920C.e.18588/click - {}
RESULT: {}
COMMAND: GET /session/bbd37991cd80103daa76f108f3796d35/screenshot - {}
RESULT: {}
COMMAND: POST /session/bbd37991cd80103daa76f108f3796d35/element - {"using":"xpath","value":"(//bdi[contains(text(), \"Receive\")])[2]"}
RESULT: {"using":"xpath","value":"(//bdi[contains(text(), \"Receive\")])[2]"}
COMMAND: POST /session/bbd37991cd80103daa76f108f3796d35/element/f.BCC40A51FB0F962C15E825EB75C92327.d.AA5376172074F1108870DB049669920C.e.18590/click - {}
RESULT: {}
COMMAND: GET /session/bbd37991cd80103daa76f108f3796d35/screenshot - {}
RESULT: {}
COMMAND: POST /session/bbd37991cd80103daa76f108f3796d35/element - {"using":"css selector","value":"#shell-header-logo"}
RESULT: {"using":"css selector","value":"#shell-header-logo"}
COMMAND: POST /session/bbd37991cd80103daa76f108f3796d35/element/f.BCC40A51FB0F962C15E825EB75C92327.d.AA5376172074F1108870DB049669920C.e.17943/click - {}
RESULT: {}
COMMAND: GET /session/bbd37991cd80103daa76f108f3796d35/screenshot - {}
RESULT: {}
]]></system-out>
    </testcase>
    <testcase classname="chrome.135_0_7049_96.windows.Create_Reverse_Billing_US127248" name="Should create a new contract" time="55.917">
      <system-out><![CDATA[
COMMAND: POST /session/bbd37991cd80103daa76f108f3796d35/execute/async - {"script":"<script> [1562 bytes]","args":[{"selector":{"controlType":"sap.m.Text","viewName":"etm.portal.ui.managecontractstile.view.Master","properties":{"text":"Manage Contracts"},"interaction":{"idSuffix":"inner"}},"wdio_ui5_key":"etmportal.ui.managecontractstile.view.Mastersap.m.Text{\"text\":\"Manage Contracts\"}"}]}
RESULT: {"script":"<script> [1562 bytes]","args":[{"selector":{"controlType":"sap.m.Text","viewName":"etm.portal.ui.managecontractstile.view.Master","properties":{"text":"Manage Contracts"},"interaction":{"idSuffix":"inner"}},"wdio_ui5_key":"etmportal.ui.managecontractstile.view.Mastersap.m.Text{\"text\":\"Manage Contracts\"}"}]}
RESULT: undefined
COMMAND: POST /session/bbd37991cd80103daa76f108f3796d35/element - {"using":"xpath","value":"//*[@id=\"__tile130-title\"]"}
RESULT: {"using":"xpath","value":"//*[@id=\"__tile130-title\"]"}
COMMAND: POST /session/bbd37991cd80103daa76f108f3796d35/element/f.BCC40A51FB0F962C15E825EB75C92327.d.AA5376172074F1108870DB049669920C.e.18762/click - {}
RESULT: {}
COMMAND: GET /session/bbd37991cd80103daa76f108f3796d35/screenshot - {}
RESULT: {}
COMMAND: POST /session/bbd37991cd80103daa76f108f3796d35/element - {"using":"xpath","value":"//button[@data-kt=\"addButton\"]"}
RESULT: {"using":"xpath","value":"//button[@data-kt=\"addButton\"]"}
COMMAND: POST /session/bbd37991cd80103daa76f108f3796d35/elements - {"using":"xpath","value":"//button[@data-kt=\"addButton\"]"}
RESULT: {"using":"xpath","value":"//button[@data-kt=\"addButton\"]"}
COMMAND: POST /session/bbd37991cd80103daa76f108f3796d35/execute/sync - {"script":"<script> [8489 bytes]","args":[{"element-6066-11e4-a52e-4f735466cecf":"f.BCC40A51FB0F962C15E825EB75C92327.d.AA5376172074F1108870DB049669920C.e.18831","ELEMENT":"f.BCC40A51FB0F962C15E825EB75C92327.d.AA5376172074F1108870DB049669920C.e.18831"}]}
RESULT: {"script":"<script> [8489 bytes]","args":[{"element-6066-11e4-a52e-4f735466cecf":"f.BCC40A51FB0F962C15E825EB75C92327.d.AA5376172074F1108870DB049669920C.e.18831","ELEMENT":"f.BCC40A51FB0F962C15E825EB75C92327.d.AA5376172074F1108870DB049669920C.e.18831"}]}
COMMAND: GET /session/bbd37991cd80103daa76f108f3796d35/element/f.BCC40A51FB0F962C15E825EB75C92327.d.AA5376172074F1108870DB049669920C.e.18831/enabled - {}
COMMAND: GET /session/bbd37991cd80103daa76f108f3796d35/screenshot - {}
RESULT: {}
COMMAND: POST /session/bbd37991cd80103daa76f108f3796d35/execute/sync - {"script":"<script> [8489 bytes]","args":[{"element-6066-11e4-a52e-4f735466cecf":"f.BCC40A51FB0F962C15E825EB75C92327.d.AA5376172074F1108870DB049669920C.e.18831","ELEMENT":"f.BCC40A51FB0F962C15E825EB75C92327.d.AA5376172074F1108870DB049669920C.e.18831"}]}
COMMAND: GET /session/bbd37991cd80103daa76f108f3796d35/screenshot - {}
RESULT: {}
RESULT: {"script":"<script> [8489 bytes]","args":[{"element-6066-11e4-a52e-4f735466cecf":"f.BCC40A51FB0F962C15E825EB75C92327.d.AA5376172074F1108870DB049669920C.e.18831","ELEMENT":"f.BCC40A51FB0F962C15E825EB75C92327.d.AA5376172074F1108870DB049669920C.e.18831"}]}
COMMAND: POST /session/bbd37991cd80103daa76f108f3796d35/execute/sync - {"script":"<script> [5351 bytes]","args":[{"element-6066-11e4-a52e-4f735466cecf":"f.BCC40A51FB0F962C15E825EB75C92327.d.AA5376172074F1108870DB049669920C.e.18831","ELEMENT":"f.BCC40A51FB0F962C15E825EB75C92327.d.AA5376172074F1108870DB049669920C.e.18831"}]}
COMMAND: GET /session/bbd37991cd80103daa76f108f3796d35/screenshot - {}
RESULT: {}
RESULT: {"script":"<script> [5351 bytes]","args":[{"element-6066-11e4-a52e-4f735466cecf":"f.BCC40A51FB0F962C15E825EB75C92327.d.AA5376172074F1108870DB049669920C.e.18831","ELEMENT":"f.BCC40A51FB0F962C15E825EB75C92327.d.AA5376172074F1108870DB049669920C.e.18831"}]}
COMMAND: GET /session/bbd37991cd80103daa76f108f3796d35/screenshot - {}
RESULT: {}
RESULT: {}
COMMAND: POST /session/bbd37991cd80103daa76f108f3796d35/element/f.BCC40A51FB0F962C15E825EB75C92327.d.AA5376172074F1108870DB049669920C.e.18831/click - {}
RESULT: {}
COMMAND: GET /session/bbd37991cd80103daa76f108f3796d35/screenshot - {}
RESULT: {}
COMMAND: POST /session/bbd37991cd80103daa76f108f3796d35/execute/async - {"script":"<script> [1562 bytes]","args":[{"selector":{"id":"application-managecontracts-display-component---AddNewContract--projectDescription","interaction":{"idSuffix":"inner"}},"wdio_ui5_key":"applicationmanagecontracts-display-component---AddNewContract--projectDescription"}]}
RESULT: {"script":"<script> [1562 bytes]","args":[{"selector":{"id":"application-managecontracts-display-component---AddNewContract--projectDescription","interaction":{"idSuffix":"inner"}},"wdio_ui5_key":"applicationmanagecontracts-display-component---AddNewContract--projectDescription"}]}
RESULT: undefined
COMMAND: POST /session/bbd37991cd80103daa76f108f3796d35/execute/async - {"script":"<script> [776 bytes]","args":[{"enterText":"Contract WDIO","selector":{"id":"application-managecontracts-display-component---AddNewContract--projectDescription","interaction":{"idSuffix":"inner"}},"clearTextFirst":true,"interactionType":"ENTER_TEXT"}]}
RESULT: {"script":"<script> [776 bytes]","args":[{"enterText":"Contract WDIO","selector":{"id":"application-managecontracts-display-component---AddNewContract--projectDescription","interaction":{"idSuffix":"inner"}},"clearTextFirst":true,"interactionType":"ENTER_TEXT"}]}
COMMAND: POST /session/bbd37991cd80103daa76f108f3796d35/element - {"using":"xpath","value":"//input[@id=\"application-managecontracts-display-component---AddNewContract--site-inner\"]"}
RESULT: {"using":"xpath","value":"//input[@id=\"application-managecontracts-display-component---AddNewContract--site-inner\"]"}
COMMAND: POST /session/bbd37991cd80103daa76f108f3796d35/element/f.BCC40A51FB0F962C15E825EB75C92327.d.AA5376172074F1108870DB049669920C.e.19163/clear - {}
RESULT: {}
COMMAND: POST /session/bbd37991cd80103daa76f108f3796d35/element/f.BCC40A51FB0F962C15E825EB75C92327.d.AA5376172074F1108870DB049669920C.e.19163/value - {"text":"2383"}
COMMAND: GET /session/bbd37991cd80103daa76f108f3796d35/screenshot - {}
RESULT: {"text":"2383"}
COMMAND: GET /session/bbd37991cd80103daa76f108f3796d35/screenshot - {}
RESULT: {}
RESULT: {}
COMMAND: POST /session/bbd37991cd80103daa76f108f3796d35/element - {"using":"xpath","value":"//li[.//span[text()='2383']]"}
RESULT: {"using":"xpath","value":"//li[.//span[text()='2383']]"}
COMMAND: POST /session/bbd37991cd80103daa76f108f3796d35/element/f.BCC40A51FB0F962C15E825EB75C92327.d.AA5376172074F1108870DB049669920C.e.19188/click - {}
RESULT: {}
COMMAND: GET /session/bbd37991cd80103daa76f108f3796d35/screenshot - {}
RESULT: {}
COMMAND: POST /session/bbd37991cd80103daa76f108f3796d35/element - {"using":"xpath","value":"//input[@id=\"application-managecontracts-display-component---AddNewContract--yardId-inner\"]"}
RESULT: {"using":"xpath","value":"//input[@id=\"application-managecontracts-display-component---AddNewContract--yardId-inner\"]"}
COMMAND: GET /session/bbd37991cd80103daa76f108f3796d35/element/f.BCC40A51FB0F962C15E825EB75C92327.d.AA5376172074F1108870DB049669920C.e.19164/property/value - {}
RESULT: {}
COMMAND: POST /session/bbd37991cd80103daa76f108f3796d35/element - {"using":"xpath","value":"//input[@id=\"application-managecontracts-display-component---AddNewContract--customerSelect-inner\"]"}
COMMAND: GET /session/bbd37991cd80103daa76f108f3796d35/screenshot - {}
RESULT: {"using":"xpath","value":"//input[@id=\"application-managecontracts-display-component---AddNewContract--customerSelect-inner\"]"}
COMMAND: POST /session/bbd37991cd80103daa76f108f3796d35/element/f.BCC40A51FB0F962C15E825EB75C92327.d.AA5376172074F1108870DB049669920C.e.19162/clear - {}
RESULT: {}
RESULT: {}
COMMAND: POST /session/bbd37991cd80103daa76f108f3796d35/element/f.BCC40A51FB0F962C15E825EB75C92327.d.AA5376172074F1108870DB049669920C.e.19162/value - {"text":"1425"}
COMMAND: GET /session/bbd37991cd80103daa76f108f3796d35/screenshot - {}
RESULT: {"text":"1425"}
COMMAND: GET /session/bbd37991cd80103daa76f108f3796d35/screenshot - {}
RESULT: {}
RESULT: {}
COMMAND: POST /session/bbd37991cd80103daa76f108f3796d35/element - {"using":"xpath","value":"//li[.//span[text()='1425']]"}
RESULT: {"using":"xpath","value":"//li[.//span[text()='1425']]"}
COMMAND: POST /session/bbd37991cd80103daa76f108f3796d35/element/f.BCC40A51FB0F962C15E825EB75C92327.d.AA5376172074F1108870DB049669920C.e.19191/click - {}
RESULT: {}
COMMAND: GET /session/bbd37991cd80103daa76f108f3796d35/screenshot - {}
RESULT: {}
COMMAND: POST /session/bbd37991cd80103daa76f108f3796d35/element - {"using":"xpath","value":"//button[@data-kt=\"saveButton\"]"}
RESULT: {"using":"xpath","value":"//button[@data-kt=\"saveButton\"]"}
COMMAND: POST /session/bbd37991cd80103daa76f108f3796d35/element/f.BCC40A51FB0F962C15E825EB75C92327.d.AA5376172074F1108870DB049669920C.e.19180/click - {}
RESULT: {}
COMMAND: GET /session/bbd37991cd80103daa76f108f3796d35/screenshot - {}
RESULT: {}
COMMAND: POST /session/bbd37991cd80103daa76f108f3796d35/element - {"using":"xpath","value":"//span[contains(@id ,\"contractDetailTitleNoExpanded\")]"}
RESULT: {"using":"xpath","value":"//span[contains(@id ,\"contractDetailTitleNoExpanded\")]"}
COMMAND: POST /session/bbd37991cd80103daa76f108f3796d35/elements - {"using":"xpath","value":"//span[contains(@id ,\"contractDetailTitleNoExpanded\")]"}
RESULT: {"using":"xpath","value":"//span[contains(@id ,\"contractDetailTitleNoExpanded\")]"}
COMMAND: POST /session/bbd37991cd80103daa76f108f3796d35/execute/sync - {"script":"<script> [56 bytes]","args":[{"element-6066-11e4-a52e-4f735466cecf":"f.BCC40A51FB0F962C15E825EB75C92327.d.AA5376172074F1108870DB049669920C.e.19260","ELEMENT":"f.BCC40A51FB0F962C15E825EB75C92327.d.AA5376172074F1108870DB049669920C.e.19260"}]}
RESULT: {"script":"<script> [56 bytes]","args":[{"element-6066-11e4-a52e-4f735466cecf":"f.BCC40A51FB0F962C15E825EB75C92327.d.AA5376172074F1108870DB049669920C.e.19260","ELEMENT":"f.BCC40A51FB0F962C15E825EB75C92327.d.AA5376172074F1108870DB049669920C.e.19260"}]}
COMMAND: GET /session/bbd37991cd80103daa76f108f3796d35/screenshot - {}
RESULT: {}
]]></system-out>
    </testcase>
    <testcase classname="chrome.135_0_7049_96.windows.Create_Reverse_Billing_US127248" name="Should add equipment to the contract" time="46.463">
      <system-out><![CDATA[
COMMAND: POST /session/bbd37991cd80103daa76f108f3796d35/element - {"using":"xpath","value":"//button[@data-kt=\"contractDetailEditBtnButton\"]"}
RESULT: {"using":"xpath","value":"//button[@data-kt=\"contractDetailEditBtnButton\"]"}
COMMAND: POST /session/bbd37991cd80103daa76f108f3796d35/element/f.BCC40A51FB0F962C15E825EB75C92327.d.AA5376172074F1108870DB049669920C.e.19263/click - {}
RESULT: {}
COMMAND: GET /session/bbd37991cd80103daa76f108f3796d35/screenshot - {}
RESULT: {}
COMMAND: POST /session/bbd37991cd80103daa76f108f3796d35/element - {"using":"xpath","value":"(//span[contains(text(), \"Additional Addresses\")])[2]"}
RESULT: {"using":"xpath","value":"(//span[contains(text(), \"Additional Addresses\")])[2]"}
COMMAND: POST /session/bbd37991cd80103daa76f108f3796d35/element/f.BCC40A51FB0F962C15E825EB75C92327.d.AA5376172074F1108870DB049669920C.e.19317/click - {}
RESULT: {}
COMMAND: GET /session/bbd37991cd80103daa76f108f3796d35/screenshot - {}
RESULT: {}
COMMAND: POST /session/bbd37991cd80103daa76f108f3796d35/element - {"using":"xpath","value":"//button[@data-kt=\"btnAddTableRowOverflowToolbarButton\"]"}
RESULT: {"using":"xpath","value":"//button[@data-kt=\"btnAddTableRowOverflowToolbarButton\"]"}
COMMAND: POST /session/bbd37991cd80103daa76f108f3796d35/element/f.BCC40A51FB0F962C15E825EB75C92327.d.AA5376172074F1108870DB049669920C.e.19321/click - {}
RESULT: {}
COMMAND: GET /session/bbd37991cd80103daa76f108f3796d35/screenshot - {}
RESULT: {}
COMMAND: POST /session/bbd37991cd80103daa76f108f3796d35/element - {"using":"xpath","value":"//div[(text() = 'Standard Entry' or . = 'Standard Entry')]"}
RESULT: {"using":"xpath","value":"//div[(text() = 'Standard Entry' or . = 'Standard Entry')]"}
COMMAND: POST /session/bbd37991cd80103daa76f108f3796d35/element/f.BCC40A51FB0F962C15E825EB75C92327.d.AA5376172074F1108870DB049669920C.e.19323/click - {}
RESULT: {}
COMMAND: GET /session/bbd37991cd80103daa76f108f3796d35/screenshot - {}
RESULT: {}
COMMAND: POST /session/bbd37991cd80103daa76f108f3796d35/element - {"using":"xpath","value":"//td[7]/div/div/input"}
RESULT: {"using":"xpath","value":"//td[7]/div/div/input"}
COMMAND: POST /session/bbd37991cd80103daa76f108f3796d35/element/f.BCC40A51FB0F962C15E825EB75C92327.d.AA5376172074F1108870DB049669920C.e.19332/clear - {}
RESULT: {}
COMMAND: POST /session/bbd37991cd80103daa76f108f3796d35/element/f.BCC40A51FB0F962C15E825EB75C92327.d.AA5376172074F1108870DB049669920C.e.19332/value - {"text":"Dbiq2kSSNp"}
COMMAND: GET /session/bbd37991cd80103daa76f108f3796d35/screenshot - {}
RESULT: {"text":"Dbiq2kSSNp"}
COMMAND: GET /session/bbd37991cd80103daa76f108f3796d35/screenshot - {}
RESULT: {}
RESULT: {}
COMMAND: POST /session/bbd37991cd80103daa76f108f3796d35/actions - {"actions":[{"id":"action70","type":"key","parameters":{},"actions":[{"type":"keyDown","value":"î€‡"},{"type":"pause","duration":10},{"type":"keyUp","value":"î€‡"}]}]}
RESULT: {"actions":[{"id":"action70","type":"key","parameters":{},"actions":[{"type":"keyDown","value":"î€‡"},{"type":"pause","duration":10},{"type":"keyUp","value":"î€‡"}]}]}
COMMAND: GET /session/bbd37991cd80103daa76f108f3796d35/screenshot - {}
RESULT: {}
COMMAND: POST /session/bbd37991cd80103daa76f108f3796d35/execute/sync - {"script":"<script> [276 bytes]","args":["No pricing information was found"]}
RESULT: {"script":"<script> [276 bytes]","args":["No pricing information was found"]}
COMMAND: POST /session/bbd37991cd80103daa76f108f3796d35/element - {"using":"xpath","value":"(//button[@data-kt=\"saveButton\"])[2]"}
COMMAND: GET /session/bbd37991cd80103daa76f108f3796d35/screenshot - {}
RESULT: {"using":"xpath","value":"(//button[@data-kt=\"saveButton\"])[2]"}
COMMAND: POST /session/bbd37991cd80103daa76f108f3796d35/element/f.BCC40A51FB0F962C15E825EB75C92327.d.AA5376172074F1108870DB049669920C.e.19347/click - {}
RESULT: {}
RESULT: {}
COMMAND: GET /session/bbd37991cd80103daa76f108f3796d35/screenshot - {}
RESULT: {}
COMMAND: POST /session/bbd37991cd80103daa76f108f3796d35/execute/sync - {"script":"<script> [276 bytes]","args":["Some contract items are having rental validity exceeding header rental validity"]}
RESULT: {"script":"<script> [276 bytes]","args":["Some contract items are having rental validity exceeding header rental validity"]}
COMMAND: GET /session/bbd37991cd80103daa76f108f3796d35/screenshot - {}
RESULT: {}
COMMAND: POST /session/bbd37991cd80103daa76f108f3796d35/element - {"using":"xpath","value":"//span[contains(@id ,\"contractItemsSmartTable-header-inner\")]"}
RESULT: {"using":"xpath","value":"//span[contains(@id ,\"contractItemsSmartTable-header-inner\")]"}
COMMAND: POST /session/bbd37991cd80103daa76f108f3796d35/elements - {"using":"xpath","value":"//span[contains(@id ,\"contractItemsSmartTable-header-inner\")]"}
RESULT: {"using":"xpath","value":"//span[contains(@id ,\"contractItemsSmartTable-header-inner\")]"}
COMMAND: POST /session/bbd37991cd80103daa76f108f3796d35/execute/sync - {"script":"<script> [56 bytes]","args":[{"element-6066-11e4-a52e-4f735466cecf":"f.BCC40A51FB0F962C15E825EB75C92327.d.AA5376172074F1108870DB049669920C.e.19352","ELEMENT":"f.BCC40A51FB0F962C15E825EB75C92327.d.AA5376172074F1108870DB049669920C.e.19352"}]}
RESULT: {"script":"<script> [56 bytes]","args":[{"element-6066-11e4-a52e-4f735466cecf":"f.BCC40A51FB0F962C15E825EB75C92327.d.AA5376172074F1108870DB049669920C.e.19352","ELEMENT":"f.BCC40A51FB0F962C15E825EB75C92327.d.AA5376172074F1108870DB049669920C.e.19352"}]}
]]></system-out>
    </testcase>
    <testcase classname="chrome.135_0_7049_96.windows.Create_Reverse_Billing_US127248" name="Should do a provide to site handover" time="49.348">
      <system-out><![CDATA[
COMMAND: GET /session/bbd37991cd80103daa76f108f3796d35/screenshot - {}
COMMAND: POST /session/bbd37991cd80103daa76f108f3796d35/element - {"using":"xpath","value":"//button[@data-kt=\"provideButton\"]"}
RESULT: {}
RESULT: {"using":"xpath","value":"//button[@data-kt=\"provideButton\"]"}
COMMAND: POST /session/bbd37991cd80103daa76f108f3796d35/element/f.BCC40A51FB0F962C15E825EB75C92327.d.AA5376172074F1108870DB049669920C.e.19353/click - {}
RESULT: {}
COMMAND: GET /session/bbd37991cd80103daa76f108f3796d35/screenshot - {}
RESULT: undefined
COMMAND: POST /session/bbd37991cd80103daa76f108f3796d35/execute/async - {"script":"<script> [6424 bytes]","args":[{"element-6066-11e4-a52e-4f735466cecf":"f.BCC40A51FB0F962C15E825EB75C92327.d.AA5376172074F1108870DB049669920C.e.18338"},"setValue",["05/04/2025"]]}
RESULT: {}
COMMAND: POST /session/bbd37991cd80103daa76f108f3796d35/execute/async - {"script":"<script> [1562 bytes]","args":[{"selector":{"id":"application-managehandovers-display-component---AddNewHO--dueDate","interaction":{"idSuffix":"inner"}},"wdio_ui5_key":"applicationmanagehandovers-display-component---AddNewHO--dueDate"}]}
RESULT: {"script":"<script> [1562 bytes]","args":[{"selector":{"id":"application-managehandovers-display-component---AddNewHO--dueDate","interaction":{"idSuffix":"inner"}},"wdio_ui5_key":"applicationmanagehandovers-display-component---AddNewHO--dueDate"}]}
COMMAND: POST /session/bbd37991cd80103daa76f108f3796d35/execute/async - {"script":"<script> [6424 bytes]","args":[{"element-6066-11e4-a52e-4f735466cecf":"f.BCC40A51FB0F962C15E825EB75C92327.d.AA5376172074F1108870DB049669920C.e.19410"},"setValue",["05/04/2025"]]}
RESULT: {"script":"<script> [6424 bytes]","args":[{"element-6066-11e4-a52e-4f735466cecf":"f.BCC40A51FB0F962C15E825EB75C92327.d.AA5376172074F1108870DB049669920C.e.19410"},"setValue",["05/04/2025"]]}
COMMAND: POST /session/bbd37991cd80103daa76f108f3796d35/element - {"using":"xpath","value":"//bdi[contains(text(), \"Instructions\")]"}
RESULT: {"using":"xpath","value":"//bdi[contains(text(), \"Instructions\")]"}
COMMAND: POST /session/bbd37991cd80103daa76f108f3796d35/element/f.BCC40A51FB0F962C15E825EB75C92327.d.AA5376172074F1108870DB049669920C.e.19663/click - {}
RESULT: {}
COMMAND: GET /session/bbd37991cd80103daa76f108f3796d35/screenshot - {}
RESULT: {}
COMMAND: POST /session/bbd37991cd80103daa76f108f3796d35/element - {"using":"xpath","value":"//button[@data-kt=\"AddNewHOProvideAddItemsButton\"]"}
RESULT: {"using":"xpath","value":"//button[@data-kt=\"AddNewHOProvideAddItemsButton\"]"}
COMMAND: POST /session/bbd37991cd80103daa76f108f3796d35/element/f.BCC40A51FB0F962C15E825EB75C92327.d.AA5376172074F1108870DB049669920C.e.19667/click - {}
RESULT: {}
COMMAND: GET /session/bbd37991cd80103daa76f108f3796d35/screenshot - {}
RESULT: {}
RESULT: undefined
COMMAND: POST /session/bbd37991cd80103daa76f108f3796d35/element - {"using":"xpath","value":"//*[@id=\"application-managehandovers-display-component---AddNewHO--popup-sa\"]"}
RESULT: {"using":"xpath","value":"//*[@id=\"application-managehandovers-display-component---AddNewHO--popup-sa\"]"}
COMMAND: POST /session/bbd37991cd80103daa76f108f3796d35/element/f.BCC40A51FB0F962C15E825EB75C92327.d.AA5376172074F1108870DB049669920C.e.19676/click - {}
RESULT: {}
COMMAND: GET /session/bbd37991cd80103daa76f108f3796d35/screenshot - {}
RESULT: {}
COMMAND: POST /session/bbd37991cd80103daa76f108f3796d35/element - {"using":"xpath","value":"//*[contains(@id ,\"BDI-content\")][contains(text(), \"Select\")]"}
RESULT: {"using":"xpath","value":"//*[contains(@id ,\"BDI-content\")][contains(text(), \"Select\")]"}
COMMAND: POST /session/bbd37991cd80103daa76f108f3796d35/element/f.BCC40A51FB0F962C15E825EB75C92327.d.AA5376172074F1108870DB049669920C.e.19678/click - {}
RESULT: {}
COMMAND: GET /session/bbd37991cd80103daa76f108f3796d35/screenshot - {}
RESULT: {}
COMMAND: POST /session/bbd37991cd80103daa76f108f3796d35/execute/async - {"script":"<script> [1562 bytes]","args":[{"selector":{"id":"application-managehandovers-display-component---AddNewHO--confirmCreationButton","interaction":{"idSuffix":"BDI-content"}},"wdio_ui5_key":"applicationmanagehandovers-display-component---AddNewHO--confirmCreationButton"}]}
RESULT: {"script":"<script> [1562 bytes]","args":[{"selector":{"id":"application-managehandovers-display-component---AddNewHO--confirmCreationButton","interaction":{"idSuffix":"BDI-content"}},"wdio_ui5_key":"applicationmanagehandovers-display-component---AddNewHO--confirmCreationButton"}]}
RESULT: undefined
COMMAND: POST /session/bbd37991cd80103daa76f108f3796d35/element - {"using":"xpath","value":"//*[@id=\"application-managehandovers-display-component---AddNewHO--confirmCreationButton\"]"}
RESULT: {"using":"xpath","value":"//*[@id=\"application-managehandovers-display-component---AddNewHO--confirmCreationButton\"]"}
COMMAND: POST /session/bbd37991cd80103daa76f108f3796d35/element/f.BCC40A51FB0F962C15E825EB75C92327.d.AA5376172074F1108870DB049669920C.e.19477/click - {}
RESULT: {}
COMMAND: GET /session/bbd37991cd80103daa76f108f3796d35/screenshot - {}
RESULT: {}
COMMAND: POST /session/bbd37991cd80103daa76f108f3796d35/element - {"using":"xpath","value":"//button[@data-kt=\"PickingTableConfirmAllButton\"]"}
RESULT: {"using":"xpath","value":"//button[@data-kt=\"PickingTableConfirmAllButton\"]"}
COMMAND: POST /session/bbd37991cd80103daa76f108f3796d35/element/f.BCC40A51FB0F962C15E825EB75C92327.d.AA5376172074F1108870DB049669920C.e.19715/click - {}
COMMAND: POST /session/bbd37991cd80103daa76f108f3796d35/element - {"using":"xpath","value":"//button[@data-kt=\"PickingTableConfirmAllButton\"]"}
RESULT: {"using":"xpath","value":"//button[@data-kt=\"PickingTableConfirmAllButton\"]"}
COMMAND: POST /session/bbd37991cd80103daa76f108f3796d35/element/f.BCC40A51FB0F962C15E825EB75C92327.d.AA5376172074F1108870DB049669920C.e.19715/click - {}
COMMAND: POST /session/bbd37991cd80103daa76f108f3796d35/element - {"using":"xpath","value":"//button[@data-kt=\"PickingTableConfirmAllButton\"]"}
RESULT: {"using":"xpath","value":"//button[@data-kt=\"PickingTableConfirmAllButton\"]"}
COMMAND: POST /session/bbd37991cd80103daa76f108f3796d35/element/f.BCC40A51FB0F962C15E825EB75C92327.d.AA5376172074F1108870DB049669920C.e.19727/click - {}
RESULT: {}
COMMAND: GET /session/bbd37991cd80103daa76f108f3796d35/screenshot - {}
RESULT: {}
COMMAND: POST /session/bbd37991cd80103daa76f108f3796d35/element - {"using":"xpath","value":"//bdi[contains(text(), \"OK\")]"}
RESULT: {"using":"xpath","value":"//bdi[contains(text(), \"OK\")]"}
COMMAND: POST /session/bbd37991cd80103daa76f108f3796d35/element/f.BCC40A51FB0F962C15E825EB75C92327.d.AA5376172074F1108870DB049669920C.e.19738/click - {}
RESULT: {}
COMMAND: GET /session/bbd37991cd80103daa76f108f3796d35/screenshot - {}
RESULT: {}
COMMAND: POST /session/bbd37991cd80103daa76f108f3796d35/element - {"using":"xpath","value":"//bdi[contains(text(), \"Issue\")]"}
RESULT: {"using":"xpath","value":"//bdi[contains(text(), \"Issue\")]"}
COMMAND: POST /session/bbd37991cd80103daa76f108f3796d35/element/f.BCC40A51FB0F962C15E825EB75C92327.d.AA5376172074F1108870DB049669920C.e.19740/click - {}
RESULT: {}
COMMAND: GET /session/bbd37991cd80103daa76f108f3796d35/screenshot - {}
RESULT: {}
COMMAND: POST /session/bbd37991cd80103daa76f108f3796d35/element - {"using":"css selector","value":"#shell-header-logo"}
RESULT: {"using":"css selector","value":"#shell-header-logo"}
COMMAND: POST /session/bbd37991cd80103daa76f108f3796d35/element/f.BCC40A51FB0F962C15E825EB75C92327.d.AA5376172074F1108870DB049669920C.e.18765/click - {}
RESULT: {}
COMMAND: GET /session/bbd37991cd80103daa76f108f3796d35/screenshot - {}
RESULT: {}
]]></system-out>
    </testcase>
    <testcase classname="chrome.135_0_7049_96.windows.Create_Reverse_Billing_US127248" name="Should go navigate to Manage Billings and trigger contract calculation check result" time="53.063">
      <system-out><![CDATA[
COMMAND: POST /session/bbd37991cd80103daa76f108f3796d35/execute/async - {"script":"<script> [1562 bytes]","args":[{"selector":{"controlType":"sap.m.GenericTile","properties":{"header":"Manage Billings"}},"wdio_ui5_key":"sapm.GenericTile{\"header\":\"Manage Billings\"}"}]}
RESULT: {"script":"<script> [1562 bytes]","args":[{"selector":{"controlType":"sap.m.GenericTile","properties":{"header":"Manage Billings"}},"wdio_ui5_key":"sapm.GenericTile{\"header\":\"Manage Billings\"}"}]}
RESULT: undefined
COMMAND: POST /session/bbd37991cd80103daa76f108f3796d35/element - {"using":"xpath","value":"//*[@id=\"__tile51\"]"}
RESULT: {"using":"xpath","value":"//*[@id=\"__tile51\"]"}
COMMAND: POST /session/bbd37991cd80103daa76f108f3796d35/element/f.BCC40A51FB0F962C15E825EB75C92327.d.AA5376172074F1108870DB049669920C.e.16696/click - {}
RESULT: {}
COMMAND: GET /session/bbd37991cd80103daa76f108f3796d35/screenshot - {}
RESULT: {}
COMMAND: POST /session/bbd37991cd80103daa76f108f3796d35/execute/async - {"script":"<script> [1562 bytes]","args":[{"selector":{"id":"application-managebillings-display-component---billRunCalcResult--smartFilterBar-btnBasicSearch","interaction":{"idSuffix":"I"}},"wdio_ui5_key":"applicationmanagebillings-display-component---billRunCalcResult--smartFilterBar-btnBasicSearch"}]}
RESULT: {"script":"<script> [1562 bytes]","args":[{"selector":{"id":"application-managebillings-display-component---billRunCalcResult--smartFilterBar-btnBasicSearch","interaction":{"idSuffix":"I"}},"wdio_ui5_key":"applicationmanagebillings-display-component---billRunCalcResult--smartFilterBar-btnBasicSearch"}]}
RESULT: undefined
COMMAND: POST /session/bbd37991cd80103daa76f108f3796d35/execute/async - {"script":"<script> [776 bytes]","args":[{"enterText":"10509","selector":{"id":"application-managebillings-display-component---billRunCalcResult--smartFilterBar-btnBasicSearch","interaction":{"idSuffix":"I"}},"clearTextFirst":true,"interactionType":"ENTER_TEXT"}]}
RESULT: {"script":"<script> [776 bytes]","args":[{"enterText":"10509","selector":{"id":"application-managebillings-display-component---billRunCalcResult--smartFilterBar-btnBasicSearch","interaction":{"idSuffix":"I"}},"clearTextFirst":true,"interactionType":"ENTER_TEXT"}]}
COMMAND: POST /session/bbd37991cd80103daa76f108f3796d35/actions - {"actions":[{"id":"action71","type":"key","parameters":{},"actions":[{"type":"keyDown","value":"î€‡"},{"type":"pause","duration":10},{"type":"keyUp","value":"î€‡"}]}]}
RESULT: {"actions":[{"id":"action71","type":"key","parameters":{},"actions":[{"type":"keyDown","value":"î€‡"},{"type":"pause","duration":10},{"type":"keyUp","value":"î€‡"}]}]}
COMMAND: GET /session/bbd37991cd80103daa76f108f3796d35/screenshot - {}
RESULT: {}
COMMAND: POST /session/bbd37991cd80103daa76f108f3796d35/element - {"using":"xpath","value":"//td[@aria-colindex=\"1\"]/div/div[contains(@class, \"sapMCbBg\")]"}
RESULT: {"using":"xpath","value":"//td[@aria-colindex=\"1\"]/div/div[contains(@class, \"sapMCbBg\")]"}
COMMAND: POST /session/bbd37991cd80103daa76f108f3796d35/element/f.BCC40A51FB0F962C15E825EB75C92327.d.AA5376172074F1108870DB049669920C.e.20132/click - {}
RESULT: {}
COMMAND: GET /session/bbd37991cd80103daa76f108f3796d35/screenshot - {}
RESULT: {}
COMMAND: POST /session/bbd37991cd80103daa76f108f3796d35/execute/async - {"script":"<script> [1562 bytes]","args":[{"selector":{"id":"application-managebillings-display-component---billRunCalcResult--contractBillRunDate","interaction":{"idSuffix":"inner"}},"wdio_ui5_key":"applicationmanagebillings-display-component---billRunCalcResult--contractBillRunDate"}]}
RESULT: {"script":"<script> [1562 bytes]","args":[{"selector":{"id":"application-managebillings-display-component---billRunCalcResult--contractBillRunDate","interaction":{"idSuffix":"inner"}},"wdio_ui5_key":"applicationmanagebillings-display-component---billRunCalcResult--contractBillRunDate"}]}
RESULT: undefined
COMMAND: POST /session/bbd37991cd80103daa76f108f3796d35/execute/async - {"script":"<script> [776 bytes]","args":[{"enterText":"06/04/25","selector":{"id":"application-managebillings-display-component---billRunCalcResult--contractBillRunDate","interaction":{"idSuffix":"inner"}},"clearTextFirst":true,"interactionType":"ENTER_TEXT"}]}
RESULT: {"script":"<script> [776 bytes]","args":[{"enterText":"06/04/25","selector":{"id":"application-managebillings-display-component---billRunCalcResult--contractBillRunDate","interaction":{"idSuffix":"inner"}},"clearTextFirst":true,"interactionType":"ENTER_TEXT"}]}
COMMAND: POST /session/bbd37991cd80103daa76f108f3796d35/element - {"using":"xpath","value":"//bdi[contains(text(), \"Trigger Calculation\")]"}
RESULT: {"using":"xpath","value":"//bdi[contains(text(), \"Trigger Calculation\")]"}
COMMAND: POST /session/bbd37991cd80103daa76f108f3796d35/element/f.BCC40A51FB0F962C15E825EB75C92327.d.AA5376172074F1108870DB049669920C.e.20183/click - {}
RESULT: {}
COMMAND: GET /session/bbd37991cd80103daa76f108f3796d35/screenshot - {}
RESULT: {}
COMMAND: POST /session/bbd37991cd80103daa76f108f3796d35/element - {"using":"xpath","value":"(//span[contains(@id, \"imgNav\")])[1]"}
RESULT: {"using":"xpath","value":"(//span[contains(@id, \"imgNav\")])[1]"}
COMMAND: POST /session/bbd37991cd80103daa76f108f3796d35/element/f.BCC40A51FB0F962C15E825EB75C92327.d.AA5376172074F1108870DB049669920C.e.20133/click - {}
RESULT: {}
COMMAND: GET /session/bbd37991cd80103daa76f108f3796d35/screenshot - {}
RESULT: {}
COMMAND: POST /session/bbd37991cd80103daa76f108f3796d35/element - {"using":"xpath","value":"//tr/td[6]/div[1]/span[1]/span[1]"}
RESULT: {"using":"xpath","value":"//tr/td[6]/div[1]/span[1]/span[1]"}
COMMAND: GET /session/bbd37991cd80103daa76f108f3796d35/element/f.BCC40A51FB0F962C15E825EB75C92327.d.AA5376172074F1108870DB049669920C.e.20188/text - {}
RESULT: {}
COMMAND: POST /session/bbd37991cd80103daa76f108f3796d35/element - {"using":"xpath","value":"(//span[contains(@id, \"imgNav\")])[2]"}
RESULT: {"using":"xpath","value":"(//span[contains(@id, \"imgNav\")])[2]"}
COMMAND: POST /session/bbd37991cd80103daa76f108f3796d35/element/f.BCC40A51FB0F962C15E825EB75C92327.d.AA5376172074F1108870DB049669920C.e.20189/click - {}
RESULT: {}
COMMAND: POST /session/bbd37991cd80103daa76f108f3796d35/element - {"using":"xpath","value":"//bdi[contains(text(), \"Business Confirm\")]"}
COMMAND: GET /session/bbd37991cd80103daa76f108f3796d35/screenshot - {}
RESULT: {"using":"xpath","value":"//bdi[contains(text(), \"Business Confirm\")]"}
COMMAND: POST /session/bbd37991cd80103daa76f108f3796d35/elements - {"using":"xpath","value":"//bdi[contains(text(), \"Business Confirm\")]"}
RESULT: {}
RESULT: {"using":"xpath","value":"//bdi[contains(text(), \"Business Confirm\")]"}
COMMAND: POST /session/bbd37991cd80103daa76f108f3796d35/element - {"using":"xpath","value":"//bdi[contains(text(), \"Business Confirm\")]"}
RESULT: {"using":"xpath","value":"//bdi[contains(text(), \"Business Confirm\")]"}
COMMAND: POST /session/bbd37991cd80103daa76f108f3796d35/element/f.BCC40A51FB0F962C15E825EB75C92327.d.AA5376172074F1108870DB049669920C.e.20191/click - {}
RESULT: {}
COMMAND: POST /session/bbd37991cd80103daa76f108f3796d35/element - {"using":"css selector","value":"#shell-header-logo"}
COMMAND: GET /session/bbd37991cd80103daa76f108f3796d35/screenshot - {}
RESULT: {"using":"css selector","value":"#shell-header-logo"}
COMMAND: POST /session/bbd37991cd80103daa76f108f3796d35/element/f.BCC40A51FB0F962C15E825EB75C92327.d.AA5376172074F1108870DB049669920C.e.19922/click - {}
RESULT: {}
RESULT: {}
COMMAND: GET /session/bbd37991cd80103daa76f108f3796d35/screenshot - {}
RESULT: {}
]]></system-out>
    </testcase>
    <testcase classname="chrome.135_0_7049_96.windows.Create_Reverse_Billing_US127248" name="Should go into Billing Transfer and reverse the billing" time="34.498">
      <system-out><![CDATA[
COMMAND: POST /session/bbd37991cd80103daa76f108f3796d35/execute/async - {"script":"<script> [1562 bytes]","args":[{"selector":{"controlType":"sap.m.GenericTile","properties":{"header":"Billing Transfer"}},"wdio_ui5_key":"sapm.GenericTile{\"header\":\"Billing Transfer\"}"}]}
RESULT: {"script":"<script> [1562 bytes]","args":[{"selector":{"controlType":"sap.m.GenericTile","properties":{"header":"Billing Transfer"}},"wdio_ui5_key":"sapm.GenericTile{\"header\":\"Billing Transfer\"}"}]}
RESULT: undefined
COMMAND: POST /session/bbd37991cd80103daa76f108f3796d35/element - {"using":"xpath","value":"//*[@id=\"__tile50\"]"}
RESULT: {"using":"xpath","value":"//*[@id=\"__tile50\"]"}
COMMAND: POST /session/bbd37991cd80103daa76f108f3796d35/element/f.BCC40A51FB0F962C15E825EB75C92327.d.AA5376172074F1108870DB049669920C.e.16694/click - {}
RESULT: {}
COMMAND: POST /session/bbd37991cd80103daa76f108f3796d35/element - {"using":"xpath","value":"//input[contains(@id ,\"application-billingtransfer-display-component---billingWorkbench--smartFilterBar-btnBasicSearch\")]"}
COMMAND: GET /session/bbd37991cd80103daa76f108f3796d35/screenshot - {}
RESULT: {"using":"xpath","value":"//input[contains(@id ,\"application-billingtransfer-display-component---billingWorkbench--smartFilterBar-btnBasicSearch\")]"}
COMMAND: POST /session/bbd37991cd80103daa76f108f3796d35/elements - {"using":"xpath","value":"//input[contains(@id ,\"application-billingtransfer-display-component---billingWorkbench--smartFilterBar-btnBasicSearch\")]"}
RESULT: {}
RESULT: {"using":"xpath","value":"//input[contains(@id ,\"application-billingtransfer-display-component---billingWorkbench--smartFilterBar-btnBasicSearch\")]"}
COMMAND: POST /session/bbd37991cd80103daa76f108f3796d35/elements - {"using":"xpath","value":"//input[contains(@id ,\"application-billingtransfer-display-component---billingWorkbench--smartFilterBar-btnBasicSearch\")]"}
RESULT: {"using":"xpath","value":"//input[contains(@id ,\"application-billingtransfer-display-component---billingWorkbench--smartFilterBar-btnBasicSearch\")]"}
COMMAND: POST /session/bbd37991cd80103daa76f108f3796d35/element - {"using":"xpath","value":"//input[contains(@id ,\"application-billingtransfer-display-component---billingWorkbench--smartFilterBar-btnBasicSearch\")]"}
RESULT: {"using":"xpath","value":"//input[contains(@id ,\"application-billingtransfer-display-component---billingWorkbench--smartFilterBar-btnBasicSearch\")]"}
COMMAND: POST /session/bbd37991cd80103daa76f108f3796d35/execute/sync - {"script":"<script> [8489 bytes]","args":[{"element-6066-11e4-a52e-4f735466cecf":"f.BCC40A51FB0F962C15E825EB75C92327.d.AA5376172074F1108870DB049669920C.e.20258","ELEMENT":"f.BCC40A51FB0F962C15E825EB75C92327.d.AA5376172074F1108870DB049669920C.e.20258"}]}
RESULT: {"script":"<script> [8489 bytes]","args":[{"element-6066-11e4-a52e-4f735466cecf":"f.BCC40A51FB0F962C15E825EB75C92327.d.AA5376172074F1108870DB049669920C.e.20258","ELEMENT":"f.BCC40A51FB0F962C15E825EB75C92327.d.AA5376172074F1108870DB049669920C.e.20258"}]}
COMMAND: GET /session/bbd37991cd80103daa76f108f3796d35/element/f.BCC40A51FB0F962C15E825EB75C92327.d.AA5376172074F1108870DB049669920C.e.20258/enabled - {}
COMMAND: GET /session/bbd37991cd80103daa76f108f3796d35/screenshot - {}
RESULT: {}
COMMAND: POST /session/bbd37991cd80103daa76f108f3796d35/element/f.BCC40A51FB0F962C15E825EB75C92327.d.AA5376172074F1108870DB049669920C.e.20258/click - {}
COMMAND: GET /session/bbd37991cd80103daa76f108f3796d35/screenshot - {}
RESULT: {}
RESULT: {}
COMMAND: GET /session/bbd37991cd80103daa76f108f3796d35/screenshot - {}
RESULT: {}
RESULT: {}
COMMAND: POST /session/bbd37991cd80103daa76f108f3796d35/element/f.BCC40A51FB0F962C15E825EB75C92327.d.AA5376172074F1108870DB049669920C.e.20258/clear - {}
RESULT: {}
COMMAND: POST /session/bbd37991cd80103daa76f108f3796d35/element/f.BCC40A51FB0F962C15E825EB75C92327.d.AA5376172074F1108870DB049669920C.e.20258/value - {"text":"10509"}
COMMAND: GET /session/bbd37991cd80103daa76f108f3796d35/screenshot - {}
RESULT: {"text":"10509"}
COMMAND: POST /session/bbd37991cd80103daa76f108f3796d35/actions - {"actions":[{"id":"action72","type":"key","parameters":{},"actions":[{"type":"keyDown","value":"î€‡"},{"type":"pause","duration":10},{"type":"keyUp","value":"î€‡"}]}]}
COMMAND: GET /session/bbd37991cd80103daa76f108f3796d35/screenshot - {}
RESULT: {}
RESULT: {"actions":[{"id":"action72","type":"key","parameters":{},"actions":[{"type":"keyDown","value":"î€‡"},{"type":"pause","duration":10},{"type":"keyUp","value":"î€‡"}]}]}
COMMAND: GET /session/bbd37991cd80103daa76f108f3796d35/screenshot - {}
RESULT: {}
RESULT: {}
COMMAND: POST /session/bbd37991cd80103daa76f108f3796d35/element - {"using":"xpath","value":"//span[contains(@id ,\"application-billingtransfer-display-component---billingWorkbench--smartTableBillingRuns-header-inner\")]"}
RESULT: {"using":"xpath","value":"//span[contains(@id ,\"application-billingtransfer-display-component---billingWorkbench--smartTableBillingRuns-header-inner\")]"}
COMMAND: POST /session/bbd37991cd80103daa76f108f3796d35/elements - {"using":"xpath","value":"//span[contains(@id ,\"application-billingtransfer-display-component---billingWorkbench--smartTableBillingRuns-header-inner\")]"}
RESULT: {"using":"xpath","value":"//span[contains(@id ,\"application-billingtransfer-display-component---billingWorkbench--smartTableBillingRuns-header-inner\")]"}
COMMAND: POST /session/bbd37991cd80103daa76f108f3796d35/execute/sync - {"script":"<script> [56 bytes]","args":[{"element-6066-11e4-a52e-4f735466cecf":"f.BCC40A51FB0F962C15E825EB75C92327.d.AA5376172074F1108870DB049669920C.e.20488","ELEMENT":"f.BCC40A51FB0F962C15E825EB75C92327.d.AA5376172074F1108870DB049669920C.e.20488"}]}
RESULT: {"script":"<script> [56 bytes]","args":[{"element-6066-11e4-a52e-4f735466cecf":"f.BCC40A51FB0F962C15E825EB75C92327.d.AA5376172074F1108870DB049669920C.e.20488","ELEMENT":"f.BCC40A51FB0F962C15E825EB75C92327.d.AA5376172074F1108870DB049669920C.e.20488"}]}
COMMAND: POST /session/bbd37991cd80103daa76f108f3796d35/element - {"using":"xpath","value":"//td[@aria-colindex=\"1\"]/div/div[contains(@class, \"sapMCbBg\")]"}
COMMAND: GET /session/bbd37991cd80103daa76f108f3796d35/screenshot - {}
RESULT: {"using":"xpath","value":"//td[@aria-colindex=\"1\"]/div/div[contains(@class, \"sapMCbBg\")]"}
COMMAND: POST /session/bbd37991cd80103daa76f108f3796d35/element/f.BCC40A51FB0F962C15E825EB75C92327.d.AA5376172074F1108870DB049669920C.e.20478/click - {}
RESULT: {}
RESULT: {}
COMMAND: GET /session/bbd37991cd80103daa76f108f3796d35/screenshot - {}
RESULT: {}
COMMAND: POST /session/bbd37991cd80103daa76f108f3796d35/element - {"using":"xpath","value":"//bdi[contains(text(), \"Reverse\")]"}
RESULT: {"using":"xpath","value":"//bdi[contains(text(), \"Reverse\")]"}
COMMAND: POST /session/bbd37991cd80103daa76f108f3796d35/element/f.BCC40A51FB0F962C15E825EB75C92327.d.AA5376172074F1108870DB049669920C.e.20489/click - {}
RESULT: {}
COMMAND: GET /session/bbd37991cd80103daa76f108f3796d35/screenshot - {}
RESULT: {}
COMMAND: POST /session/bbd37991cd80103daa76f108f3796d35/element - {"using":"xpath","value":"//input[contains(@id ,\"application-billingtransfer-display-component---billingWorkbench--smartFilterBar-btnBasicSearch\")]"}
RESULT: {"using":"xpath","value":"//input[contains(@id ,\"application-billingtransfer-display-component---billingWorkbench--smartFilterBar-btnBasicSearch\")]"}
COMMAND: POST /session/bbd37991cd80103daa76f108f3796d35/elements - {"using":"xpath","value":"//input[contains(@id ,\"application-billingtransfer-display-component---billingWorkbench--smartFilterBar-btnBasicSearch\")]"}
RESULT: {"using":"xpath","value":"//input[contains(@id ,\"application-billingtransfer-display-component---billingWorkbench--smartFilterBar-btnBasicSearch\")]"}
COMMAND: POST /session/bbd37991cd80103daa76f108f3796d35/execute/sync - {"script":"<script> [8489 bytes]","args":[{"element-6066-11e4-a52e-4f735466cecf":"f.BCC40A51FB0F962C15E825EB75C92327.d.AA5376172074F1108870DB049669920C.e.20258","ELEMENT":"f.BCC40A51FB0F962C15E825EB75C92327.d.AA5376172074F1108870DB049669920C.e.20258"}]}
RESULT: {"script":"<script> [8489 bytes]","args":[{"element-6066-11e4-a52e-4f735466cecf":"f.BCC40A51FB0F962C15E825EB75C92327.d.AA5376172074F1108870DB049669920C.e.20258","ELEMENT":"f.BCC40A51FB0F962C15E825EB75C92327.d.AA5376172074F1108870DB049669920C.e.20258"}]}
COMMAND: GET /session/bbd37991cd80103daa76f108f3796d35/element/f.BCC40A51FB0F962C15E825EB75C92327.d.AA5376172074F1108870DB049669920C.e.20258/enabled - {}
COMMAND: GET /session/bbd37991cd80103daa76f108f3796d35/screenshot - {}
RESULT: {}
COMMAND: POST /session/bbd37991cd80103daa76f108f3796d35/element/f.BCC40A51FB0F962C15E825EB75C92327.d.AA5376172074F1108870DB049669920C.e.20258/click - {}
COMMAND: GET /session/bbd37991cd80103daa76f108f3796d35/screenshot - {}
RESULT: {}
RESULT: {}
COMMAND: GET /session/bbd37991cd80103daa76f108f3796d35/screenshot - {}
RESULT: {}
RESULT: {}
COMMAND: POST /session/bbd37991cd80103daa76f108f3796d35/element/f.BCC40A51FB0F962C15E825EB75C92327.d.AA5376172074F1108870DB049669920C.e.20258/clear - {}
RESULT: {}
COMMAND: POST /session/bbd37991cd80103daa76f108f3796d35/element/f.BCC40A51FB0F962C15E825EB75C92327.d.AA5376172074F1108870DB049669920C.e.20258/value - {"text":"10509"}
COMMAND: GET /session/bbd37991cd80103daa76f108f3796d35/screenshot - {}
RESULT: {"text":"10509"}
COMMAND: POST /session/bbd37991cd80103daa76f108f3796d35/actions - {"actions":[{"id":"action73","type":"key","parameters":{},"actions":[{"type":"keyDown","value":"î€‡"},{"type":"pause","duration":10},{"type":"keyUp","value":"î€‡"}]}]}
COMMAND: GET /session/bbd37991cd80103daa76f108f3796d35/screenshot - {}
RESULT: {}
RESULT: {"actions":[{"id":"action73","type":"key","parameters":{},"actions":[{"type":"keyDown","value":"î€‡"},{"type":"pause","duration":10},{"type":"keyUp","value":"î€‡"}]}]}
COMMAND: GET /session/bbd37991cd80103daa76f108f3796d35/screenshot - {}
RESULT: {}
RESULT: {}
COMMAND: POST /session/bbd37991cd80103daa76f108f3796d35/element - {"using":"xpath","value":"//span[contains(@id ,\"application-billingtransfer-display-component---billingWorkbench--smartTableBillingRuns-header-inner\")]"}
RESULT: {"using":"xpath","value":"//span[contains(@id ,\"application-billingtransfer-display-component---billingWorkbench--smartTableBillingRuns-header-inner\")]"}
COMMAND: POST /session/bbd37991cd80103daa76f108f3796d35/elements - {"using":"xpath","value":"//span[contains(@id ,\"application-billingtransfer-display-component---billingWorkbench--smartTableBillingRuns-header-inner\")]"}
RESULT: {"using":"xpath","value":"//span[contains(@id ,\"application-billingtransfer-display-component---billingWorkbench--smartTableBillingRuns-header-inner\")]"}
COMMAND: POST /session/bbd37991cd80103daa76f108f3796d35/execute/sync - {"script":"<script> [56 bytes]","args":[{"element-6066-11e4-a52e-4f735466cecf":"f.BCC40A51FB0F962C15E825EB75C92327.d.AA5376172074F1108870DB049669920C.e.20488","ELEMENT":"f.BCC40A51FB0F962C15E825EB75C92327.d.AA5376172074F1108870DB049669920C.e.20488"}]}
RESULT: {"script":"<script> [56 bytes]","args":[{"element-6066-11e4-a52e-4f735466cecf":"f.BCC40A51FB0F962C15E825EB75C92327.d.AA5376172074F1108870DB049669920C.e.20488","ELEMENT":"f.BCC40A51FB0F962C15E825EB75C92327.d.AA5376172074F1108870DB049669920C.e.20488"}]}
COMMAND: POST /session/bbd37991cd80103daa76f108f3796d35/element - {"using":"css selector","value":"#shell-header-logo"}
COMMAND: GET /session/bbd37991cd80103daa76f108f3796d35/screenshot - {}
RESULT: {"using":"css selector","value":"#shell-header-logo"}
COMMAND: POST /session/bbd37991cd80103daa76f108f3796d35/element/f.BCC40A51FB0F962C15E825EB75C92327.d.AA5376172074F1108870DB049669920C.e.20256/click - {}
RESULT: {}
RESULT: {}
COMMAND: GET /session/bbd37991cd80103daa76f108f3796d35/screenshot - {}
RESULT: {}
COMMAND: DELETE /session/bbd37991cd80103daa76f108f3796d35 - {}
RESULT: {}
]]></system-out>
    </testcase>
  </testsuite>
</testsuites>