<?xml version="1.0" encoding="UTF-8"?>
<testsuites tests="15" failures="0" errors="0" skipped="0">
  <testsuite timestamp="2025-05-18T15:16:34" time="58.038" tests="2" failures="0" errors="0" skipped="0">
    <properties>
      <property name="specId" value="0" />
      <property name="suiteName" value="Assign the user test user id to an address" />
      <property name="capabilities" value="chrome.136_0_7103_93.windows" />
      <property name="file" value="file:///D:/a/1/s/test/specs/R2C/assign-user-id-to-an-address.spec.js" />
    </properties>
    <testcase classname="chrome.136_0_7103_93.windows.Assign_the_user_test_user_id_to_an_address" name="Should search for test1ETM create only if not present" time="9.559">
      <system-out><![CDATA[
COMMAND: POST /session/2d5135847e5304f57daa7dc4bdee4d03/execute/async - {"script":"<script> [1562 bytes]","args":[{"selector":{"id":"application-addressmanagement-display-component---masterAdm--smartFilterBar-filterItemControl_BASIC-NAME-vhi"},"wdio_ui5_key":"applicationaddressmanagement-display-component---masterAdm--smartFilterBar-filterItemControl_BASIC-NAME-vhi"}]}
RESULT: {"script":"<script> [1562 bytes]","args":[{"selector":{"id":"application-addressmanagement-display-component---masterAdm--smartFilterBar-filterItemControl_BASIC-NAME-vhi"},"wdio_ui5_key":"applicationaddressmanagement-display-component---masterAdm--smartFilterBar-filterItemControl_BASIC-NAME-vhi"}]}
RESULT: undefined
COMMAND: POST /session/2d5135847e5304f57daa7dc4bdee4d03/element - {"using":"xpath","value":"//*[@id=\"application-addressmanagement-display-component---masterAdm--smartFilterBar-filterItemControl_BASIC-NAME-vhi\"]"}
RESULT: {"using":"xpath","value":"//*[@id=\"application-addressmanagement-display-component---masterAdm--smartFilterBar-filterItemControl_BASIC-NAME-vhi\"]"}
COMMAND: POST /session/2d5135847e5304f57daa7dc4bdee4d03/element/f.C9F7354B4C3623E4DF2D19FF41AB4D20.d.2D0DF0EF7868B5BBCD3DE2C43E948034.e.294/click - {}
RESULT: {}
COMMAND: POST /session/2d5135847e5304f57daa7dc4bdee4d03/execute/async - {"script":"<script> [1562 bytes]","args":[{"selector":{"controlType":"sap.m.Input","viewName":"etm.portal.ui.addressmanagement.view.Master","viewId":"application-addressmanagement-display-component---masterAdm","properties":{"valueState":"None"},"searchOpenDialogs":true,"interaction":{"idSuffix":"inner"}},"wdio_ui5_key":"etmportal.ui.addressmanagement.view.Mastersap.m.Input{\"valueState\":\"None\"}"}]}
COMMAND: GET /session/2d5135847e5304f57daa7dc4bdee4d03/screenshot - {}
RESULT: {"script":"<script> [1562 bytes]","args":[{"selector":{"controlType":"sap.m.Input","viewName":"etm.portal.ui.addressmanagement.view.Master","viewId":"application-addressmanagement-display-component---masterAdm","properties":{"valueState":"None"},"searchOpenDialogs":true,"interaction":{"idSuffix":"inner"}},"wdio_ui5_key":"etmportal.ui.addressmanagement.view.Mastersap.m.Input{\"valueState\":\"None\"}"}]}
RESULT: undefined
COMMAND: POST /session/2d5135847e5304f57daa7dc4bdee4d03/execute/async - {"script":"<script> [776 bytes]","args":[{"enterText":"Test1ETM","selector":{"controlType":"sap.m.Input","viewName":"etm.portal.ui.addressmanagement.view.Master","viewId":"application-addressmanagement-display-component---masterAdm","properties":{"valueState":"None"},"searchOpenDialogs":true,"interaction":{"idSuffix":"inner"}},"clearTextFirst":true,"interactionType":"ENTER_TEXT"}]}
RESULT: {}
RESULT: {"script":"<script> [776 bytes]","args":[{"enterText":"Test1ETM","selector":{"controlType":"sap.m.Input","viewName":"etm.portal.ui.addressmanagement.view.Master","viewId":"application-addressmanagement-display-component---masterAdm","properties":{"valueState":"None"},"searchOpenDialogs":true,"interaction":{"idSuffix":"inner"}},"clearTextFirst":true,"interactionType":"ENTER_TEXT"}]}
COMMAND: POST /session/2d5135847e5304f57daa7dc4bdee4d03/actions - {"actions":[{"id":"action1","type":"key","parameters":{},"actions":[{"type":"keyDown","value":"î€‡"},{"type":"pause","duration":10},{"type":"keyUp","value":"î€‡"}]}]}
RESULT: {"actions":[{"id":"action1","type":"key","parameters":{},"actions":[{"type":"keyDown","value":"î€‡"},{"type":"pause","duration":10},{"type":"keyUp","value":"î€‡"}]}]}
COMMAND: POST /session/2d5135847e5304f57daa7dc4bdee4d03/execute/async - {"script":"<script> [1562 bytes]","args":[{"selector":{"id":"application-addressmanagement-display-component---masterAdm--smartFilterBar-filterItemControl_BASIC-NAME-valueHelpDialog-ok","searchOpenDialogs":true,"interaction":{"idSuffix":"BDI-content"}},"wdio_ui5_key":"applicationaddressmanagement-display-component---masterAdm--smartFilterBar-filterItemControl_BASIC-NAME-valueHelpDialog-ok"}]}
COMMAND: GET /session/2d5135847e5304f57daa7dc4bdee4d03/screenshot - {}
RESULT: {"script":"<script> [1562 bytes]","args":[{"selector":{"id":"application-addressmanagement-display-component---masterAdm--smartFilterBar-filterItemControl_BASIC-NAME-valueHelpDialog-ok","searchOpenDialogs":true,"interaction":{"idSuffix":"BDI-content"}},"wdio_ui5_key":"applicationaddressmanagement-display-component---masterAdm--smartFilterBar-filterItemControl_BASIC-NAME-valueHelpDialog-ok"}]}
RESULT: undefined
COMMAND: POST /session/2d5135847e5304f57daa7dc4bdee4d03/element - {"using":"xpath","value":"//*[@id=\"application-addressmanagement-display-component---masterAdm--smartFilterBar-filterItemControl_BASIC-NAME-valueHelpDialog-ok\"]"}
RESULT: {}
RESULT: {"using":"xpath","value":"//*[@id=\"application-addressmanagement-display-component---masterAdm--smartFilterBar-filterItemControl_BASIC-NAME-valueHelpDialog-ok\"]"}
COMMAND: POST /session/2d5135847e5304f57daa7dc4bdee4d03/element/f.C9F7354B4C3623E4DF2D19FF41AB4D20.d.2D0DF0EF7868B5BBCD3DE2C43E948034.e.303/click - {}
RESULT: {}
COMMAND: GET /session/2d5135847e5304f57daa7dc4bdee4d03/screenshot - {}
RESULT: {}
COMMAND: POST /session/2d5135847e5304f57daa7dc4bdee4d03/element - {"using":"xpath","value":"(//span[text()=\"Active\"])[1]"}
RESULT: {"using":"xpath","value":"(//span[text()=\"Active\"])[1]"}
COMMAND: POST /session/2d5135847e5304f57daa7dc4bdee4d03/elements - {"using":"xpath","value":"(//span[text()=\"Active\"])[1]"}
RESULT: {"using":"xpath","value":"(//span[text()=\"Active\"])[1]"}
COMMAND: POST /session/2d5135847e5304f57daa7dc4bdee4d03/execute/sync - {"script":"<script> [8489 bytes]","args":[{"element-6066-11e4-a52e-4f735466cecf":"f.C9F7354B4C3623E4DF2D19FF41AB4D20.d.2D0DF0EF7868B5BBCD3DE2C43E948034.e.321","ELEMENT":"f.C9F7354B4C3623E4DF2D19FF41AB4D20.d.2D0DF0EF7868B5BBCD3DE2C43E948034.e.321"}]}
RESULT: {"script":"<script> [8489 bytes]","args":[{"element-6066-11e4-a52e-4f735466cecf":"f.C9F7354B4C3623E4DF2D19FF41AB4D20.d.2D0DF0EF7868B5BBCD3DE2C43E948034.e.321","ELEMENT":"f.C9F7354B4C3623E4DF2D19FF41AB4D20.d.2D0DF0EF7868B5BBCD3DE2C43E948034.e.321"}]}
COMMAND: POST /session/2d5135847e5304f57daa7dc4bdee4d03/execute/sync - {"script":"<script> [5351 bytes]","args":[{"element-6066-11e4-a52e-4f735466cecf":"f.C9F7354B4C3623E4DF2D19FF41AB4D20.d.2D0DF0EF7868B5BBCD3DE2C43E948034.e.321","ELEMENT":"f.C9F7354B4C3623E4DF2D19FF41AB4D20.d.2D0DF0EF7868B5BBCD3DE2C43E948034.e.321"}]}
COMMAND: GET /session/2d5135847e5304f57daa7dc4bdee4d03/screenshot - {}
RESULT: {"script":"<script> [5351 bytes]","args":[{"element-6066-11e4-a52e-4f735466cecf":"f.C9F7354B4C3623E4DF2D19FF41AB4D20.d.2D0DF0EF7868B5BBCD3DE2C43E948034.e.321","ELEMENT":"f.C9F7354B4C3623E4DF2D19FF41AB4D20.d.2D0DF0EF7868B5BBCD3DE2C43E948034.e.321"}]}
COMMAND: POST /session/2d5135847e5304f57daa7dc4bdee4d03/element/f.C9F7354B4C3623E4DF2D19FF41AB4D20.d.2D0DF0EF7868B5BBCD3DE2C43E948034.e.321/click - {}
COMMAND: GET /session/2d5135847e5304f57daa7dc4bdee4d03/screenshot - {}
RESULT: {}
RESULT: {}
COMMAND: POST /session/2d5135847e5304f57daa7dc4bdee4d03/element - {"using":"xpath","value":"//span[@id=\"application-addressmanagement-display-component---detailAdm--addressDetailDetailsName1\"]"}
COMMAND: GET /session/2d5135847e5304f57daa7dc4bdee4d03/screenshot - {}
RESULT: {}
RESULT: {"using":"xpath","value":"//span[@id=\"application-addressmanagement-display-component---detailAdm--addressDetailDetailsName1\"]"}
COMMAND: POST /session/2d5135847e5304f57daa7dc4bdee4d03/execute/sync - {"script":"<script> [8489 bytes]","args":[{"element-6066-11e4-a52e-4f735466cecf":"f.C9F7354B4C3623E4DF2D19FF41AB4D20.d.2D0DF0EF7868B5BBCD3DE2C43E948034.e.396","ELEMENT":"f.C9F7354B4C3623E4DF2D19FF41AB4D20.d.2D0DF0EF7868B5BBCD3DE2C43E948034.e.396"}]}
RESULT: {}
RESULT: {"script":"<script> [8489 bytes]","args":[{"element-6066-11e4-a52e-4f735466cecf":"f.C9F7354B4C3623E4DF2D19FF41AB4D20.d.2D0DF0EF7868B5BBCD3DE2C43E948034.e.396","ELEMENT":"f.C9F7354B4C3623E4DF2D19FF41AB4D20.d.2D0DF0EF7868B5BBCD3DE2C43E948034.e.396"}]}
]]></system-out>
    </testcase>
    <testcase classname="chrome.136_0_7103_93.windows.Assign_the_user_test_user_id_to_an_address" name="Should edit the title of the created found address" time="10.271">
      <system-out><![CDATA[
COMMAND: POST /session/2d5135847e5304f57daa7dc4bdee4d03/execute/async - {"script":"<script> [1562 bytes]","args":[{"selector":{"controlType":"sap.m.Button","viewName":"etm.portal.ui.addressmanagement.view.Detail","viewId":"application-addressmanagement-display-component---detailAdm","i18NText":{"propertyName":"text","key":"edit"}},"wdio_ui5_key":"etmportal.ui.addressmanagement.view.Detailsap.m.Button{\"propertyName\":\"text\",\"key\":\"edit\"}"}]}
COMMAND: GET /session/2d5135847e5304f57daa7dc4bdee4d03/screenshot - {}
RESULT: {"script":"<script> [1562 bytes]","args":[{"selector":{"controlType":"sap.m.Button","viewName":"etm.portal.ui.addressmanagement.view.Detail","viewId":"application-addressmanagement-display-component---detailAdm","i18NText":{"propertyName":"text","key":"edit"}},"wdio_ui5_key":"etmportal.ui.addressmanagement.view.Detailsap.m.Button{\"propertyName\":\"text\",\"key\":\"edit\"}"}]}
RESULT: undefined
COMMAND: POST /session/2d5135847e5304f57daa7dc4bdee4d03/element - {"using":"xpath","value":"//*[@id=\"__button16\"]"}
RESULT: {}
RESULT: {"using":"xpath","value":"//*[@id=\"__button16\"]"}
COMMAND: POST /session/2d5135847e5304f57daa7dc4bdee4d03/element/f.C9F7354B4C3623E4DF2D19FF41AB4D20.d.2D0DF0EF7868B5BBCD3DE2C43E948034.e.399/click - {}
RESULT: {}
COMMAND: POST /session/2d5135847e5304f57daa7dc4bdee4d03/execute/async - {"script":"<script> [1562 bytes]","args":[{"selector":{"controlType":"sap.ui.core.Icon","viewName":"etm.portal.ui.addressmanagement.view.EditDetail","properties":{"src":{"regex":{"source":"slim\\-arrow\\-down"}}},"ancestor":{"id":"addressTitle","viewName":"etm.portal.ui.addressmanagement.view.EditDetail"}},"wdio_ui5_key":"etmportal.ui.addressmanagement.view.EditDetailsap.ui.core.Icon{\"src\":{\"regex\":{\"source\":\"slim\\\\-arrow\\\\-down\"}}}{\"id\":\"addressTitle\",\"viewName\":\"etm.portal.ui.addressmanagement.view.EditDetail\"}"}]}
COMMAND: GET /session/2d5135847e5304f57daa7dc4bdee4d03/screenshot - {}
RESULT: {"script":"<script> [1562 bytes]","args":[{"selector":{"controlType":"sap.ui.core.Icon","viewName":"etm.portal.ui.addressmanagement.view.EditDetail","properties":{"src":{"regex":{"source":"slim\\-arrow\\-down"}}},"ancestor":{"id":"addressTitle","viewName":"etm.portal.ui.addressmanagement.view.EditDetail"}},"wdio_ui5_key":"etmportal.ui.addressmanagement.view.EditDetailsap.ui.core.Icon{\"src\":{\"regex\":{\"source\":\"slim\\\\-arrow\\\\-down\"}}}{\"id\":\"addressTitle\",\"viewName\":\"etm.portal.ui.addressmanagement.view.EditDetail\"}"}]}
RESULT: undefined
COMMAND: POST /session/2d5135847e5304f57daa7dc4bdee4d03/element - {"using":"xpath","value":"//*[@id=\"__xmlview58--addressTitle-arrow\"]"}
RESULT: {}
RESULT: {"using":"xpath","value":"//*[@id=\"__xmlview58--addressTitle-arrow\"]"}
COMMAND: POST /session/2d5135847e5304f57daa7dc4bdee4d03/element/f.C9F7354B4C3623E4DF2D19FF41AB4D20.d.2D0DF0EF7868B5BBCD3DE2C43E948034.e.445/click - {}
RESULT: {}
COMMAND: POST /session/2d5135847e5304f57daa7dc4bdee4d03/execute/async - {"script":"<script> [1562 bytes]","args":[{"selector":{"controlType":"sap.m.StandardListItem","viewName":"etm.portal.ui.addressmanagement.view.EditDetail","properties":{"title":"Dr."},"searchOpenDialogs":true},"wdio_ui5_key":"etmportal.ui.addressmanagement.view.EditDetailsap.m.StandardListItem{\"title\":\"Dr.\"}"}]}
COMMAND: GET /session/2d5135847e5304f57daa7dc4bdee4d03/screenshot - {}
RESULT: {"script":"<script> [1562 bytes]","args":[{"selector":{"controlType":"sap.m.StandardListItem","viewName":"etm.portal.ui.addressmanagement.view.EditDetail","properties":{"title":"Dr."},"searchOpenDialogs":true},"wdio_ui5_key":"etmportal.ui.addressmanagement.view.EditDetailsap.m.StandardListItem{\"title\":\"Dr.\"}"}]}
RESULT: undefined
COMMAND: POST /session/2d5135847e5304f57daa7dc4bdee4d03/element - {"using":"xpath","value":"//*[@id=\"__item219\"]"}
RESULT: {}
RESULT: {"using":"xpath","value":"//*[@id=\"__item219\"]"}
COMMAND: POST /session/2d5135847e5304f57daa7dc4bdee4d03/element/f.C9F7354B4C3623E4DF2D19FF41AB4D20.d.2D0DF0EF7868B5BBCD3DE2C43E948034.e.446/click - {}
RESULT: {}
COMMAND: POST /session/2d5135847e5304f57daa7dc4bdee4d03/execute/async - {"script":"<script> [1562 bytes]","args":[{"selector":{"controlType":"sap.m.Button","viewName":"etm.portal.ui.addressmanagement.view.EditDetail","i18NText":{"propertyName":"text","key":"save"}},"wdio_ui5_key":"etmportal.ui.addressmanagement.view.EditDetailsap.m.Button{\"propertyName\":\"text\",\"key\":\"save\"}"}]}
COMMAND: GET /session/2d5135847e5304f57daa7dc4bdee4d03/screenshot - {}
RESULT: {"script":"<script> [1562 bytes]","args":[{"selector":{"controlType":"sap.m.Button","viewName":"etm.portal.ui.addressmanagement.view.EditDetail","i18NText":{"propertyName":"text","key":"save"}},"wdio_ui5_key":"etmportal.ui.addressmanagement.view.EditDetailsap.m.Button{\"propertyName\":\"text\",\"key\":\"save\"}"}]}
RESULT: undefined
COMMAND: POST /session/2d5135847e5304f57daa7dc4bdee4d03/element - {"using":"xpath","value":"//*[@id=\"__button37\"]"}
RESULT: {}
RESULT: {"using":"xpath","value":"//*[@id=\"__button37\"]"}
COMMAND: POST /session/2d5135847e5304f57daa7dc4bdee4d03/element/f.C9F7354B4C3623E4DF2D19FF41AB4D20.d.2D0DF0EF7868B5BBCD3DE2C43E948034.e.447/click - {}
RESULT: {}
COMMAND: GET /session/2d5135847e5304f57daa7dc4bdee4d03/screenshot - {}
RESULT: {}
COMMAND: POST /session/2d5135847e5304f57daa7dc4bdee4d03/element - {"using":"xpath","value":"//span[@id=\"application-addressmanagement-display-component---detailAdm--addressTitle\"]"}
RESULT: {"using":"xpath","value":"//span[@id=\"application-addressmanagement-display-component---detailAdm--addressTitle\"]"}
COMMAND: GET /session/2d5135847e5304f57daa7dc4bdee4d03/element/f.C9F7354B4C3623E4DF2D19FF41AB4D20.d.2D0DF0EF7868B5BBCD3DE2C43E948034.e.458/text - {}
RESULT: {}
COMMAND: POST /session/2d5135847e5304f57daa7dc4bdee4d03/element - {"using":"xpath","value":"//span[@id=\"application-addressmanagement-display-component---detailAdm--addressDetailDetailsName1\"]"}
RESULT: {"using":"xpath","value":"//span[@id=\"application-addressmanagement-display-component---detailAdm--addressDetailDetailsName1\"]"}
COMMAND: GET /session/2d5135847e5304f57daa7dc4bdee4d03/element/f.C9F7354B4C3623E4DF2D19FF41AB4D20.d.2D0DF0EF7868B5BBCD3DE2C43E948034.e.396/text - {}
RESULT: {}
COMMAND: POST /session/2d5135847e5304f57daa7dc4bdee4d03/refresh - {}
RESULT: {}
COMMAND: GET /session/2d5135847e5304f57daa7dc4bdee4d03/screenshot - {}
RESULT: {}
COMMAND: POST /session/2d5135847e5304f57daa7dc4bdee4d03/refresh - {}
RESULT: {}
COMMAND: GET /session/2d5135847e5304f57daa7dc4bdee4d03/screenshot - {}
RESULT: {}
COMMAND: POST /session/2d5135847e5304f57daa7dc4bdee4d03/window/fullscreen - {}
RESULT: {}
COMMAND: POST /session/2d5135847e5304f57daa7dc4bdee4d03/execute/async - {"script":"<script> [189 bytes]","args":[]}
RESULT: {"script":"<script> [189 bytes]","args":[]}
COMMAND: POST /session/2d5135847e5304f57daa7dc4bdee4d03/execute/async - {"script":"<script> [123 bytes]","args":[]}
RESULT: {"script":"<script> [123 bytes]","args":[]}
COMMAND: POST /session/2d5135847e5304f57daa7dc4bdee4d03/timeouts - {"script":"<number>"}
RESULT: {"script":"<number>"}
COMMAND: GET /session/2d5135847e5304f57daa7dc4bdee4d03/timeouts - {}
RESULT: {}
RESULT: undefined
COMMAND: POST /session/2d5135847e5304f57daa7dc4bdee4d03/execute/async - {"script":"<script> [2676 bytes]","args":[]}
RESULT: {"script":"<script> [2676 bytes]","args":[]}
COMMAND: POST /session/2d5135847e5304f57daa7dc4bdee4d03/execute/async - {"script":"<script> [2342 bytes]","args":[{"protocol":"http","hostname":"0.0.0.0","path":"/","capabilities":{"browserName":"chrome","goog:chromeOptions":{"binary":"C:\\Program Files\\Google\\Chrome\\Application\\chrome.exe","args":["--start-maximized"]}},"logLevel":"warn","connectionRetryTimeout":120000,"connectionRetryCount":3,"logLevels":{},"enableDirectConnect":true,"strictSSL":true,"_":"65 more keys: [\"cacheDir\",\"port\",\"requestedCapabilities\",\"automationProtocol\",\"baseUrl\",\"waitforInterval\",\"waitforTimeout\",\"onReload\",\"beforeCommand\",\"afterCommand\",\"rootDir\",\"specs\",\"suites\",\"exclude\",\"groupLogsByTestSpec\",\"excludeDriverLogs\",\"bail\",\"framework\",\"reporters\",\"services\",\"maxInstances\",\"maxInstancesPerCapability\",\"injectGlobals\",\"filesToWatch\",\"execArgv\",\"runnerEnv\",\"runner\",\"shard\",\"specFileRetries\",\"specFileRetriesDelay\",\"specFileRetriesDeferred\",\"reporterSyncInterval\",\"reporterSyncTimeout\",\"cucumberFeaturesWithLineNumbers\",\"autoCompileOpts\",\"mochaOpts\",\"jasmineOpts\",\"cucumberOpts\",\"onPrepare\",\"onWorkerStart\",\"onWorkerEnd\",\"before\",\"beforeSession\",\"beforeSuite\",\"beforeHook\",\"beforeTest\",\"afterTest\",\"afterHook\",\"afterSuite\",\"afterSession\",\"after\",\"onComplete\",\"beforeAssertion\",\"afterAssertion\",\"beforeFeature\",\"beforeScenario\",\"beforeStep\",\"afterStep\",\"afterScenario\",\"afterFeature\",\"_\",\"suite\",\"$0\",\"ignoredWorkerServices\",\"wdi5\"]"}]}
RESULT: {"script":"<script> [2342 bytes]","args":[{"protocol":"http","hostname":"0.0.0.0","path":"/","capabilities":{"browserName":"chrome","goog:chromeOptions":{"binary":"C:\\Program Files\\Google\\Chrome\\Application\\chrome.exe","args":["--start-maximized"]}},"logLevel":"warn","connectionRetryTimeout":120000,"connectionRetryCount":3,"logLevels":{},"enableDirectConnect":true,"strictSSL":true,"_":"65 more keys: [\"cacheDir\",\"port\",\"requestedCapabilities\",\"automationProtocol\",\"baseUrl\",\"waitforInterval\",\"waitforTimeout\",\"onReload\",\"beforeCommand\",\"afterCommand\",\"rootDir\",\"specs\",\"suites\",\"exclude\",\"groupLogsByTestSpec\",\"excludeDriverLogs\",\"bail\",\"framework\",\"reporters\",\"services\",\"maxInstances\",\"maxInstancesPerCapability\",\"injectGlobals\",\"filesToWatch\",\"execArgv\",\"runnerEnv\",\"runner\",\"shard\",\"specFileRetries\",\"specFileRetriesDelay\",\"specFileRetriesDeferred\",\"reporterSyncInterval\",\"reporterSyncTimeout\",\"cucumberFeaturesWithLineNumbers\",\"autoCompileOpts\",\"mochaOpts\",\"jasmineOpts\",\"cucumberOpts\",\"onPrepare\",\"onWorkerStart\",\"onWorkerEnd\",\"before\",\"beforeSession\",\"beforeSuite\",\"beforeHook\",\"beforeTest\",\"afterTest\",\"afterHook\",\"afterSuite\",\"afterSession\",\"after\",\"onComplete\",\"beforeAssertion\",\"afterAssertion\",\"beforeFeature\",\"beforeScenario\",\"beforeStep\",\"afterStep\",\"afterScenario\",\"afterFeature\",\"_\",\"suite\",\"$0\",\"ignoredWorkerServices\",\"wdi5\"]"}]}
COMMAND: POST /session/2d5135847e5304f57daa7dc4bdee4d03/execute/async - {"script":"<script> [21126 bytes]","args":[35000]}
RESULT: {"script":"<script> [21126 bytes]","args":[35000]}
COMMAND: POST /session/2d5135847e5304f57daa7dc4bdee4d03/element - {"using":"css selector","value":"#shell-header-logo"}
RESULT: {"using":"css selector","value":"#shell-header-logo"}
COMMAND: POST /session/2d5135847e5304f57daa7dc4bdee4d03/element/f.C9F7354B4C3623E4DF2D19FF41AB4D20.d.BB66682CF7C884C6B513F363A36AB268.e.474/click - {}
RESULT: {}
COMMAND: GET /session/2d5135847e5304f57daa7dc4bdee4d03/screenshot - {}
RESULT: {}
COMMAND: POST /session/2d5135847e5304f57daa7dc4bdee4d03/execute/async - {"script":"<script> [1562 bytes]","args":[{"selector":{"controlType":"sap.m.GenericTile","properties":{"header":"Manage Yards"}},"wdio_ui5_key":"sapm.GenericTile{\"header\":\"Manage Yards\"}"}]}
RESULT: {"script":"<script> [1562 bytes]","args":[{"selector":{"controlType":"sap.m.GenericTile","properties":{"header":"Manage Yards"}},"wdio_ui5_key":"sapm.GenericTile{\"header\":\"Manage Yards\"}"}]}
RESULT: undefined
COMMAND: POST /session/2d5135847e5304f57daa7dc4bdee4d03/element - {"using":"xpath","value":"//*[@id=\"__tile52\"]"}
RESULT: {"using":"xpath","value":"//*[@id=\"__tile52\"]"}
COMMAND: POST /session/2d5135847e5304f57daa7dc4bdee4d03/element/f.C9F7354B4C3623E4DF2D19FF41AB4D20.d.BB66682CF7C884C6B513F363A36AB268.e.753/click - {}
RESULT: {}
COMMAND: GET /session/2d5135847e5304f57daa7dc4bdee4d03/screenshot - {}
RESULT: {}
COMMAND: POST /session/2d5135847e5304f57daa7dc4bdee4d03/elements - {"using":"xpath","value":"//span[text()='Error']"}
RESULT: {"using":"xpath","value":"//span[text()='Error']"}
]]></system-out>
    </testcase>
  </testsuite>
  <testsuite timestamp="2025-05-18T15:17:32" time="251.391" tests="2" failures="0" errors="0" skipped="0">
    <properties>
      <property name="specId" value="0" />
      <property name="suiteName" value="Create 2 Yards US112496" />
      <property name="capabilities" value="chrome.136_0_7103_93.windows" />
      <property name="file" value="file:///D:/a/1/s/test/specs/R2C/create-yard.spec.js" />
    </properties>
    <testcase classname="chrome.136_0_7103_93.windows.Create_2_Yards_US112496" name="Should create a new simple yard" time="120.43">
      <system-out><![CDATA[
COMMAND: POST /session/2d5135847e5304f57daa7dc4bdee4d03/execute/async - {"script":"<script> [1562 bytes]","args":[{"selector":{"controlType":"sap.ui.core.Icon","viewName":"etm.portal.ui.manageyards.view.Master","viewId":"application-manageyards-display-component---masterYard","properties":{"src":{"regex":{"source":"add"}}}},"wdio_ui5_key":"etmportal.ui.manageyards.view.Mastersap.ui.core.Icon{\"src\":{\"regex\":{\"source\":\"add\"}}}"}]}
RESULT: {"script":"<script> [1562 bytes]","args":[{"selector":{"controlType":"sap.ui.core.Icon","viewName":"etm.portal.ui.manageyards.view.Master","viewId":"application-manageyards-display-component---masterYard","properties":{"src":{"regex":{"source":"add"}}}},"wdio_ui5_key":"etmportal.ui.manageyards.view.Mastersap.ui.core.Icon{\"src\":{\"regex\":{\"source\":\"add\"}}}"}]}
RESULT: undefined
COMMAND: POST /session/2d5135847e5304f57daa7dc4bdee4d03/element - {"using":"xpath","value":"//*[@id=\"__button23-img\"]"}
RESULT: {"using":"xpath","value":"//*[@id=\"__button23-img\"]"}
COMMAND: POST /session/2d5135847e5304f57daa7dc4bdee4d03/element/f.C9F7354B4C3623E4DF2D19FF41AB4D20.d.BB66682CF7C884C6B513F363A36AB268.e.798/click - {}
RESULT: {}
COMMAND: GET /session/2d5135847e5304f57daa7dc4bdee4d03/screenshot - {}
RESULT: {}
COMMAND: POST /session/2d5135847e5304f57daa7dc4bdee4d03/execute/async - {"script":"<script> [1562 bytes]","args":[{"selector":{"id":"application-manageyards-display-component---NewYard--yardId","interaction":{"idSuffix":"inner"}},"wdio_ui5_key":"applicationmanageyards-display-component---NewYard--yardId"}]}
RESULT: {"script":"<script> [1562 bytes]","args":[{"selector":{"id":"application-manageyards-display-component---NewYard--yardId","interaction":{"idSuffix":"inner"}},"wdio_ui5_key":"applicationmanageyards-display-component---NewYard--yardId"}]}
RESULT: undefined
COMMAND: POST /session/2d5135847e5304f57daa7dc4bdee4d03/element - {"using":"xpath","value":"//*[@id=\"application-manageyards-display-component---NewYard--addressDetailDetailsName1-inner\"]"}
RESULT: {"using":"xpath","value":"//*[@id=\"application-manageyards-display-component---NewYard--addressDetailDetailsName1-inner\"]"}
COMMAND: POST /session/2d5135847e5304f57daa7dc4bdee4d03/element/f.C9F7354B4C3623E4DF2D19FF41AB4D20.d.BB66682CF7C884C6B513F363A36AB268.e.970/clear - {}
RESULT: {}
COMMAND: POST /session/2d5135847e5304f57daa7dc4bdee4d03/element/f.C9F7354B4C3623E4DF2D19FF41AB4D20.d.BB66682CF7C884C6B513F363A36AB268.e.970/value - {"text":"Webdriver Yard jlqwmi"}
COMMAND: GET /session/2d5135847e5304f57daa7dc4bdee4d03/screenshot - {}
RESULT: {}
RESULT: {"text":"Webdriver Yard jlqwmi"}
COMMAND: POST /session/2d5135847e5304f57daa7dc4bdee4d03/element - {"using":"xpath","value":"//*[@id=\"application-manageyards-display-component---NewYard--addressDetailDetailsLanguage-inner\"]"}
COMMAND: GET /session/2d5135847e5304f57daa7dc4bdee4d03/screenshot - {}
RESULT: {"using":"xpath","value":"//*[@id=\"application-manageyards-display-component---NewYard--addressDetailDetailsLanguage-inner\"]"}
COMMAND: POST /session/2d5135847e5304f57daa7dc4bdee4d03/element/f.C9F7354B4C3623E4DF2D19FF41AB4D20.d.BB66682CF7C884C6B513F363A36AB268.e.971/clear - {}
RESULT: {}
RESULT: {}
COMMAND: POST /session/2d5135847e5304f57daa7dc4bdee4d03/element/f.C9F7354B4C3623E4DF2D19FF41AB4D20.d.BB66682CF7C884C6B513F363A36AB268.e.971/value - {"text":"Romanian"}
COMMAND: GET /session/2d5135847e5304f57daa7dc4bdee4d03/screenshot - {}
RESULT: {"text":"Romanian"}
COMMAND: GET /session/2d5135847e5304f57daa7dc4bdee4d03/screenshot - {}
RESULT: {}
RESULT: {}
COMMAND: POST /session/2d5135847e5304f57daa7dc4bdee4d03/element - {"using":"xpath","value":"//*[@id=\"application-manageyards-display-component---NewYard--addressDetailDetailsCity1-inner\"]"}
RESULT: {"using":"xpath","value":"//*[@id=\"application-manageyards-display-component---NewYard--addressDetailDetailsCity1-inner\"]"}
COMMAND: POST /session/2d5135847e5304f57daa7dc4bdee4d03/element/f.C9F7354B4C3623E4DF2D19FF41AB4D20.d.BB66682CF7C884C6B513F363A36AB268.e.973/clear - {}
RESULT: {}
COMMAND: POST /session/2d5135847e5304f57daa7dc4bdee4d03/element/f.C9F7354B4C3623E4DF2D19FF41AB4D20.d.BB66682CF7C884C6B513F363A36AB268.e.973/value - {"text":"Bucuresti"}
COMMAND: GET /session/2d5135847e5304f57daa7dc4bdee4d03/screenshot - {}
RESULT: {"text":"Bucuresti"}
COMMAND: GET /session/2d5135847e5304f57daa7dc4bdee4d03/screenshot - {}
RESULT: {}
RESULT: {}
COMMAND: POST /session/2d5135847e5304f57daa7dc4bdee4d03/element - {"using":"xpath","value":"//*[@id=\"application-manageyards-display-component---NewYard--addressDetailDetailsCountry-inner\"]"}
RESULT: {"using":"xpath","value":"//*[@id=\"application-manageyards-display-component---NewYard--addressDetailDetailsCountry-inner\"]"}
COMMAND: POST /session/2d5135847e5304f57daa7dc4bdee4d03/element/f.C9F7354B4C3623E4DF2D19FF41AB4D20.d.BB66682CF7C884C6B513F363A36AB268.e.977/clear - {}
RESULT: {}
COMMAND: POST /session/2d5135847e5304f57daa7dc4bdee4d03/element/f.C9F7354B4C3623E4DF2D19FF41AB4D20.d.BB66682CF7C884C6B513F363A36AB268.e.977/value - {"text":"Romania"}
COMMAND: GET /session/2d5135847e5304f57daa7dc4bdee4d03/screenshot - {}
RESULT: {"text":"Romania"}
COMMAND: GET /session/2d5135847e5304f57daa7dc4bdee4d03/screenshot - {}
RESULT: {}
RESULT: {}
COMMAND: POST /session/2d5135847e5304f57daa7dc4bdee4d03/element - {"using":"xpath","value":"//div[contains(text(), \"Commercial\")]"}
RESULT: {"using":"xpath","value":"//div[contains(text(), \"Commercial\")]"}
COMMAND: GET /session/2d5135847e5304f57daa7dc4bdee4d03/element/f.C9F7354B4C3623E4DF2D19FF41AB4D20.d.BB66682CF7C884C6B513F363A36AB268.e.1230/rect - {}
RESULT: {}
COMMAND: GET /session/2d5135847e5304f57daa7dc4bdee4d03/window/rect - {}
RESULT: {}
COMMAND: POST /session/2d5135847e5304f57daa7dc4bdee4d03/execute/sync - {"script":"<script> [92 bytes]","args":[]}
RESULT: {"script":"<script> [92 bytes]","args":[]}
COMMAND: POST /session/2d5135847e5304f57daa7dc4bdee4d03/actions - {"actions":[{"id":"action2","type":"wheel","parameters":{},"actions":[{"type":"scroll","x":-1825,"y":-44,"deltaX":0,"deltaY":0,"duration":0,"origin":{"element-6066-11e4-a52e-4f735466cecf":"f.C9F7354B4C3623E4DF2D19FF41AB4D20.d.BB66682CF7C884C6B513F363A36AB268.e.1230"}}]}]}
COMMAND: GET /session/2d5135847e5304f57daa7dc4bdee4d03/screenshot - {}
RESULT: {}
COMMAND: POST /session/2d5135847e5304f57daa7dc4bdee4d03/execute/sync - {"script":"<script> [79 bytes]","args":[{"element-6066-11e4-a52e-4f735466cecf":"f.C9F7354B4C3623E4DF2D19FF41AB4D20.d.BB66682CF7C884C6B513F363A36AB268.e.1230","ELEMENT":"f.C9F7354B4C3623E4DF2D19FF41AB4D20.d.BB66682CF7C884C6B513F363A36AB268.e.1230"},{"block":"start","inline":"nearest"}]}
RESULT: {"script":"<script> [79 bytes]","args":[{"element-6066-11e4-a52e-4f735466cecf":"f.C9F7354B4C3623E4DF2D19FF41AB4D20.d.BB66682CF7C884C6B513F363A36AB268.e.1230","ELEMENT":"f.C9F7354B4C3623E4DF2D19FF41AB4D20.d.BB66682CF7C884C6B513F363A36AB268.e.1230"},{"block":"start","inline":"nearest"}]}
COMMAND: GET /session/2d5135847e5304f57daa7dc4bdee4d03/screenshot - {}
RESULT: {}
COMMAND: POST /session/2d5135847e5304f57daa7dc4bdee4d03/element - {"using":"xpath","value":"//input[@id='application-manageyards-display-component---NewYard--addressEditDetailsCostObjectCstType-inner']"}
RESULT: {"using":"xpath","value":"//input[@id='application-manageyards-display-component---NewYard--addressEditDetailsCostObjectCstType-inner']"}
COMMAND: POST /session/2d5135847e5304f57daa7dc4bdee4d03/execute/sync - {"script":"<script> [8489 bytes]","args":[{"element-6066-11e4-a52e-4f735466cecf":"f.C9F7354B4C3623E4DF2D19FF41AB4D20.d.BB66682CF7C884C6B513F363A36AB268.e.983","ELEMENT":"f.C9F7354B4C3623E4DF2D19FF41AB4D20.d.BB66682CF7C884C6B513F363A36AB268.e.983"}]}
RESULT: {"script":"<script> [8489 bytes]","args":[{"element-6066-11e4-a52e-4f735466cecf":"f.C9F7354B4C3623E4DF2D19FF41AB4D20.d.BB66682CF7C884C6B513F363A36AB268.e.983","ELEMENT":"f.C9F7354B4C3623E4DF2D19FF41AB4D20.d.BB66682CF7C884C6B513F363A36AB268.e.983"}]}
COMMAND: POST /session/2d5135847e5304f57daa7dc4bdee4d03/element/f.C9F7354B4C3623E4DF2D19FF41AB4D20.d.BB66682CF7C884C6B513F363A36AB268.e.983/clear - {}
COMMAND: GET /session/2d5135847e5304f57daa7dc4bdee4d03/screenshot - {}
RESULT: {}
COMMAND: POST /session/2d5135847e5304f57daa7dc4bdee4d03/element/f.C9F7354B4C3623E4DF2D19FF41AB4D20.d.BB66682CF7C884C6B513F363A36AB268.e.983/value - {"text":"Cost"}
COMMAND: GET /session/2d5135847e5304f57daa7dc4bdee4d03/screenshot - {}
RESULT: {}
RESULT: {"text":"Cost"}
COMMAND: GET /session/2d5135847e5304f57daa7dc4bdee4d03/screenshot - {}
RESULT: {}
RESULT: {}
COMMAND: POST /session/2d5135847e5304f57daa7dc4bdee4d03/execute/async - {"script":"<script> [1562 bytes]","args":[{"selector":{"id":"application-manageyards-display-component---NewYard--addressNewCostObjectCstID","interaction":{"idSuffix":"inner"}},"wdio_ui5_key":"applicationmanageyards-display-component---NewYard--addressNewCostObjectCstID"}]}
RESULT: {"script":"<script> [1562 bytes]","args":[{"selector":{"id":"application-manageyards-display-component---NewYard--addressNewCostObjectCstID","interaction":{"idSuffix":"inner"}},"wdio_ui5_key":"applicationmanageyards-display-component---NewYard--addressNewCostObjectCstID"}]}
RESULT: undefined
COMMAND: POST /session/2d5135847e5304f57daa7dc4bdee4d03/execute/async - {"script":"<script> [776 bytes]","args":[{"enterText":"10001013","selector":{"id":"application-manageyards-display-component---NewYard--addressNewCostObjectCstID","interaction":{"idSuffix":"inner"}},"clearTextFirst":true,"interactionType":"ENTER_TEXT"}]}
RESULT: {"script":"<script> [776 bytes]","args":[{"enterText":"10001013","selector":{"id":"application-manageyards-display-component---NewYard--addressNewCostObjectCstID","interaction":{"idSuffix":"inner"}},"clearTextFirst":true,"interactionType":"ENTER_TEXT"}]}
COMMAND: POST /session/2d5135847e5304f57daa7dc4bdee4d03/actions - {"actions":[{"id":"action3","type":"key","parameters":{},"actions":[{"type":"keyDown","value":"î€‡"},{"type":"pause","duration":10},{"type":"keyUp","value":"î€‡"}]}]}
RESULT: {"actions":[{"id":"action3","type":"key","parameters":{},"actions":[{"type":"keyDown","value":"î€‡"},{"type":"pause","duration":10},{"type":"keyUp","value":"î€‡"}]}]}
COMMAND: GET /session/2d5135847e5304f57daa7dc4bdee4d03/screenshot - {}
RESULT: {}
COMMAND: POST /session/2d5135847e5304f57daa7dc4bdee4d03/execute/async - {"script":"<script> [1562 bytes]","args":[{"selector":{"controlType":"sap.m.Button","viewName":"etm.portal.ui.manageyards.view.New","viewId":"application-manageyards-display-component---NewYard","i18NText":{"propertyName":"text","key":"save"},"interaction":{"idSuffix":"inner"}},"wdio_ui5_key":"etmportal.ui.manageyards.view.Newsap.m.Button{\"propertyName\":\"text\",\"key\":\"save\"}"}]}
RESULT: {"script":"<script> [1562 bytes]","args":[{"selector":{"controlType":"sap.m.Button","viewName":"etm.portal.ui.manageyards.view.New","viewId":"application-manageyards-display-component---NewYard","i18NText":{"propertyName":"text","key":"save"},"interaction":{"idSuffix":"inner"}},"wdio_ui5_key":"etmportal.ui.manageyards.view.Newsap.m.Button{\"propertyName\":\"text\",\"key\":\"save\"}"}]}
RESULT: undefined
COMMAND: POST /session/2d5135847e5304f57daa7dc4bdee4d03/element - {"using":"xpath","value":"//*[@id=\"__button37\"]"}
RESULT: {"using":"xpath","value":"//*[@id=\"__button37\"]"}
COMMAND: POST /session/2d5135847e5304f57daa7dc4bdee4d03/element/f.C9F7354B4C3623E4DF2D19FF41AB4D20.d.BB66682CF7C884C6B513F363A36AB268.e.1187/click - {}
RESULT: {}
COMMAND: GET /session/2d5135847e5304f57daa7dc4bdee4d03/screenshot - {}
RESULT: {}
COMMAND: POST /session/2d5135847e5304f57daa7dc4bdee4d03/element - {"using":"xpath","value":"//header/div/div/div/div/div/div[2]/div/span"}
RESULT: {"using":"xpath","value":"//header/div/div/div/div/div/div[2]/div/span"}
COMMAND: GET /session/2d5135847e5304f57daa7dc4bdee4d03/element/f.C9F7354B4C3623E4DF2D19FF41AB4D20.d.BB66682CF7C884C6B513F363A36AB268.e.1455/text - {}
RESULT: {}
COMMAND: POST /session/2d5135847e5304f57daa7dc4bdee4d03/element - {"using":"xpath","value":"//header/div/div[2]/div[2]/span"}
RESULT: {"using":"xpath","value":"//header/div/div[2]/div[2]/span"}
COMMAND: GET /session/2d5135847e5304f57daa7dc4bdee4d03/element/f.C9F7354B4C3623E4DF2D19FF41AB4D20.d.BB66682CF7C884C6B513F363A36AB268.e.1456/text - {}
RESULT: {}
COMMAND: POST /session/2d5135847e5304f57daa7dc4bdee4d03/execute/async - {"script":"<script> [1562 bytes]","args":[{"selector":{"controlType":"sap.m.OverflowToolbarButton","viewName":"etm.portal.ui.manageyards.view.Detail","viewId":"application-manageyards-display-component---detailYard","i18NText":{"propertyName":"tooltip","key":"closeColumn"},"interaction":{"idSuffix":"inner"}},"wdio_ui5_key":"etmportal.ui.manageyards.view.Detailsap.m.OverflowToolbarButton{\"propertyName\":\"tooltip\",\"key\":\"closeColumn\"}"}]}
RESULT: {"script":"<script> [1562 bytes]","args":[{"selector":{"controlType":"sap.m.OverflowToolbarButton","viewName":"etm.portal.ui.manageyards.view.Detail","viewId":"application-manageyards-display-component---detailYard","i18NText":{"propertyName":"tooltip","key":"closeColumn"},"interaction":{"idSuffix":"inner"}},"wdio_ui5_key":"etmportal.ui.manageyards.view.Detailsap.m.OverflowToolbarButton{\"propertyName\":\"tooltip\",\"key\":\"closeColumn\"}"}]}
RESULT: undefined
COMMAND: POST /session/2d5135847e5304f57daa7dc4bdee4d03/element - {"using":"xpath","value":"//*[@id=\"__button58\"]"}
RESULT: {"using":"xpath","value":"//*[@id=\"__button58\"]"}
COMMAND: POST /session/2d5135847e5304f57daa7dc4bdee4d03/element/f.C9F7354B4C3623E4DF2D19FF41AB4D20.d.BB66682CF7C884C6B513F363A36AB268.e.1458/click - {}
RESULT: {}
COMMAND: POST /session/2d5135847e5304f57daa7dc4bdee4d03/refresh - {}
COMMAND: GET /session/2d5135847e5304f57daa7dc4bdee4d03/screenshot - {}
RESULT: {}
COMMAND: GET /session/2d5135847e5304f57daa7dc4bdee4d03/screenshot - {}
RESULT: {}
RESULT: {}
COMMAND: POST /session/2d5135847e5304f57daa7dc4bdee4d03/refresh - {}
RESULT: {}
COMMAND: GET /session/2d5135847e5304f57daa7dc4bdee4d03/screenshot - {}
RESULT: {}
COMMAND: POST /session/2d5135847e5304f57daa7dc4bdee4d03/window/fullscreen - {}
RESULT: {}
COMMAND: POST /session/2d5135847e5304f57daa7dc4bdee4d03/execute/async - {"script":"<script> [189 bytes]","args":[]}
RESULT: {"script":"<script> [189 bytes]","args":[]}
COMMAND: POST /session/2d5135847e5304f57daa7dc4bdee4d03/execute/async - {"script":"<script> [123 bytes]","args":[]}
RESULT: {"script":"<script> [123 bytes]","args":[]}
COMMAND: POST /session/2d5135847e5304f57daa7dc4bdee4d03/timeouts - {"script":"<number>"}
RESULT: {"script":"<number>"}
COMMAND: GET /session/2d5135847e5304f57daa7dc4bdee4d03/timeouts - {}
RESULT: {}
RESULT: undefined
COMMAND: POST /session/2d5135847e5304f57daa7dc4bdee4d03/execute/async - {"script":"<script> [2676 bytes]","args":[]}
RESULT: {"script":"<script> [2676 bytes]","args":[]}
COMMAND: POST /session/2d5135847e5304f57daa7dc4bdee4d03/execute/async - {"script":"<script> [2342 bytes]","args":[{"protocol":"http","hostname":"0.0.0.0","path":"/","capabilities":{"browserName":"chrome","goog:chromeOptions":{"binary":"C:\\Program Files\\Google\\Chrome\\Application\\chrome.exe","args":["--start-maximized"]}},"logLevel":"warn","connectionRetryTimeout":120000,"connectionRetryCount":3,"logLevels":{},"enableDirectConnect":true,"strictSSL":true,"_":"65 more keys: [\"cacheDir\",\"port\",\"requestedCapabilities\",\"automationProtocol\",\"baseUrl\",\"waitforInterval\",\"waitforTimeout\",\"onReload\",\"beforeCommand\",\"afterCommand\",\"rootDir\",\"specs\",\"suites\",\"exclude\",\"groupLogsByTestSpec\",\"excludeDriverLogs\",\"bail\",\"framework\",\"reporters\",\"services\",\"maxInstances\",\"maxInstancesPerCapability\",\"injectGlobals\",\"filesToWatch\",\"execArgv\",\"runnerEnv\",\"runner\",\"shard\",\"specFileRetries\",\"specFileRetriesDelay\",\"specFileRetriesDeferred\",\"reporterSyncInterval\",\"reporterSyncTimeout\",\"cucumberFeaturesWithLineNumbers\",\"autoCompileOpts\",\"mochaOpts\",\"jasmineOpts\",\"cucumberOpts\",\"onPrepare\",\"onWorkerStart\",\"onWorkerEnd\",\"before\",\"beforeSession\",\"beforeSuite\",\"beforeHook\",\"beforeTest\",\"afterTest\",\"afterHook\",\"afterSuite\",\"afterSession\",\"after\",\"onComplete\",\"beforeAssertion\",\"afterAssertion\",\"beforeFeature\",\"beforeScenario\",\"beforeStep\",\"afterStep\",\"afterScenario\",\"afterFeature\",\"_\",\"suite\",\"$0\",\"ignoredWorkerServices\",\"wdi5\"]"}]}
RESULT: {"script":"<script> [2342 bytes]","args":[{"protocol":"http","hostname":"0.0.0.0","path":"/","capabilities":{"browserName":"chrome","goog:chromeOptions":{"binary":"C:\\Program Files\\Google\\Chrome\\Application\\chrome.exe","args":["--start-maximized"]}},"logLevel":"warn","connectionRetryTimeout":120000,"connectionRetryCount":3,"logLevels":{},"enableDirectConnect":true,"strictSSL":true,"_":"65 more keys: [\"cacheDir\",\"port\",\"requestedCapabilities\",\"automationProtocol\",\"baseUrl\",\"waitforInterval\",\"waitforTimeout\",\"onReload\",\"beforeCommand\",\"afterCommand\",\"rootDir\",\"specs\",\"suites\",\"exclude\",\"groupLogsByTestSpec\",\"excludeDriverLogs\",\"bail\",\"framework\",\"reporters\",\"services\",\"maxInstances\",\"maxInstancesPerCapability\",\"injectGlobals\",\"filesToWatch\",\"execArgv\",\"runnerEnv\",\"runner\",\"shard\",\"specFileRetries\",\"specFileRetriesDelay\",\"specFileRetriesDeferred\",\"reporterSyncInterval\",\"reporterSyncTimeout\",\"cucumberFeaturesWithLineNumbers\",\"autoCompileOpts\",\"mochaOpts\",\"jasmineOpts\",\"cucumberOpts\",\"onPrepare\",\"onWorkerStart\",\"onWorkerEnd\",\"before\",\"beforeSession\",\"beforeSuite\",\"beforeHook\",\"beforeTest\",\"afterTest\",\"afterHook\",\"afterSuite\",\"afterSession\",\"after\",\"onComplete\",\"beforeAssertion\",\"afterAssertion\",\"beforeFeature\",\"beforeScenario\",\"beforeStep\",\"afterStep\",\"afterScenario\",\"afterFeature\",\"_\",\"suite\",\"$0\",\"ignoredWorkerServices\",\"wdi5\"]"}]}
COMMAND: POST /session/2d5135847e5304f57daa7dc4bdee4d03/execute/async - {"script":"<script> [21126 bytes]","args":[35000]}
RESULT: {"script":"<script> [21126 bytes]","args":[35000]}
]]></system-out>
    </testcase>
    <testcase classname="chrome.136_0_7103_93.windows.Create_2_Yards_US112496" name="Should create a WHM yard" time="67.663">
      <system-out><![CDATA[
COMMAND: POST /session/2d5135847e5304f57daa7dc4bdee4d03/execute/async - {"script":"<script> [1562 bytes]","args":[{"selector":{"controlType":"sap.ui.core.Icon","viewName":"etm.portal.ui.manageyards.view.Master","viewId":"application-manageyards-display-component---masterYard","properties":{"src":{"regex":{"source":"add"}}}},"wdio_ui5_key":"etmportal.ui.manageyards.view.Mastersap.ui.core.Icon{\"src\":{\"regex\":{\"source\":\"add\"}}}"}]}
RESULT: {"script":"<script> [1562 bytes]","args":[{"selector":{"controlType":"sap.ui.core.Icon","viewName":"etm.portal.ui.manageyards.view.Master","viewId":"application-manageyards-display-component---masterYard","properties":{"src":{"regex":{"source":"add"}}}},"wdio_ui5_key":"etmportal.ui.manageyards.view.Mastersap.ui.core.Icon{\"src\":{\"regex\":{\"source\":\"add\"}}}"}]}
RESULT: undefined
COMMAND: POST /session/2d5135847e5304f57daa7dc4bdee4d03/element - {"using":"xpath","value":"//*[@id=\"__button9-img\"]"}
RESULT: {"using":"xpath","value":"//*[@id=\"__button9-img\"]"}
COMMAND: POST /session/2d5135847e5304f57daa7dc4bdee4d03/element/f.C9F7354B4C3623E4DF2D19FF41AB4D20.d.95179474F23D8A37526D8C9CB5C256B6.e.2273/click - {}
RESULT: {}
COMMAND: GET /session/2d5135847e5304f57daa7dc4bdee4d03/screenshot - {}
RESULT: {}
COMMAND: POST /session/2d5135847e5304f57daa7dc4bdee4d03/execute/async - {"script":"<script> [1562 bytes]","args":[{"selector":{"id":"application-manageyards-display-component---NewYard--yardId","interaction":{"idSuffix":"inner"}},"wdio_ui5_key":"applicationmanageyards-display-component---NewYard--yardId"}]}
RESULT: {"script":"<script> [1562 bytes]","args":[{"selector":{"id":"application-manageyards-display-component---NewYard--yardId","interaction":{"idSuffix":"inner"}},"wdio_ui5_key":"applicationmanageyards-display-component---NewYard--yardId"}]}
RESULT: undefined
COMMAND: POST /session/2d5135847e5304f57daa7dc4bdee4d03/element - {"using":"xpath","value":"//*[@id=\"application-manageyards-display-component---NewYard--addressDetailDetailsName1-inner\"]"}
RESULT: {"using":"xpath","value":"//*[@id=\"application-manageyards-display-component---NewYard--addressDetailDetailsName1-inner\"]"}
COMMAND: POST /session/2d5135847e5304f57daa7dc4bdee4d03/element/f.C9F7354B4C3623E4DF2D19FF41AB4D20.d.95179474F23D8A37526D8C9CB5C256B6.e.2405/clear - {}
RESULT: {}
COMMAND: POST /session/2d5135847e5304f57daa7dc4bdee4d03/element/f.C9F7354B4C3623E4DF2D19FF41AB4D20.d.95179474F23D8A37526D8C9CB5C256B6.e.2405/value - {"text":"Webdriver WHM Yard y1sbm"}
COMMAND: GET /session/2d5135847e5304f57daa7dc4bdee4d03/screenshot - {}
RESULT: {"text":"Webdriver WHM Yard y1sbm"}
COMMAND: POST /session/2d5135847e5304f57daa7dc4bdee4d03/element - {"using":"xpath","value":"//*[@id=\"application-manageyards-display-component---NewYard--addressDetailDetailsLanguage-inner\"]"}
COMMAND: GET /session/2d5135847e5304f57daa7dc4bdee4d03/screenshot - {}
RESULT: {}
RESULT: {"using":"xpath","value":"//*[@id=\"application-manageyards-display-component---NewYard--addressDetailDetailsLanguage-inner\"]"}
COMMAND: POST /session/2d5135847e5304f57daa7dc4bdee4d03/element/f.C9F7354B4C3623E4DF2D19FF41AB4D20.d.95179474F23D8A37526D8C9CB5C256B6.e.2406/clear - {}
RESULT: {}
RESULT: {}
COMMAND: POST /session/2d5135847e5304f57daa7dc4bdee4d03/element/f.C9F7354B4C3623E4DF2D19FF41AB4D20.d.95179474F23D8A37526D8C9CB5C256B6.e.2406/value - {"text":"Romanian"}
COMMAND: GET /session/2d5135847e5304f57daa7dc4bdee4d03/screenshot - {}
RESULT: {"text":"Romanian"}
COMMAND: GET /session/2d5135847e5304f57daa7dc4bdee4d03/screenshot - {}
RESULT: {}
RESULT: {}
COMMAND: POST /session/2d5135847e5304f57daa7dc4bdee4d03/element - {"using":"xpath","value":"//*[@id=\"application-manageyards-display-component---NewYard--addressDetailDetailsCity1-inner\"]"}
RESULT: {"using":"xpath","value":"//*[@id=\"application-manageyards-display-component---NewYard--addressDetailDetailsCity1-inner\"]"}
COMMAND: POST /session/2d5135847e5304f57daa7dc4bdee4d03/element/f.C9F7354B4C3623E4DF2D19FF41AB4D20.d.95179474F23D8A37526D8C9CB5C256B6.e.2408/clear - {}
RESULT: {}
COMMAND: POST /session/2d5135847e5304f57daa7dc4bdee4d03/element/f.C9F7354B4C3623E4DF2D19FF41AB4D20.d.95179474F23D8A37526D8C9CB5C256B6.e.2408/value - {"text":"Bucuresti"}
COMMAND: GET /session/2d5135847e5304f57daa7dc4bdee4d03/screenshot - {}
RESULT: {"text":"Bucuresti"}
COMMAND: GET /session/2d5135847e5304f57daa7dc4bdee4d03/screenshot - {}
RESULT: {}
RESULT: {}
COMMAND: POST /session/2d5135847e5304f57daa7dc4bdee4d03/element - {"using":"xpath","value":"//*[@id=\"application-manageyards-display-component---NewYard--addressDetailDetailsCountry-inner\"]"}
RESULT: {"using":"xpath","value":"//*[@id=\"application-manageyards-display-component---NewYard--addressDetailDetailsCountry-inner\"]"}
COMMAND: POST /session/2d5135847e5304f57daa7dc4bdee4d03/element/f.C9F7354B4C3623E4DF2D19FF41AB4D20.d.95179474F23D8A37526D8C9CB5C256B6.e.2412/clear - {}
RESULT: {}
COMMAND: POST /session/2d5135847e5304f57daa7dc4bdee4d03/element/f.C9F7354B4C3623E4DF2D19FF41AB4D20.d.95179474F23D8A37526D8C9CB5C256B6.e.2412/value - {"text":"Romania"}
COMMAND: GET /session/2d5135847e5304f57daa7dc4bdee4d03/screenshot - {}
RESULT: {"text":"Romania"}
COMMAND: GET /session/2d5135847e5304f57daa7dc4bdee4d03/screenshot - {}
RESULT: {}
RESULT: {}
COMMAND: POST /session/2d5135847e5304f57daa7dc4bdee4d03/execute/async - {"script":"<script> [1562 bytes]","args":[{"selector":{"controlType":"sap.m.Button","viewName":"etm.portal.ui.manageyards.view.New","viewId":"application-manageyards-display-component---NewYard","properties":{"text":"Commercial"},"interaction":{"idSuffix":"BDI-content"}},"wdio_ui5_key":"etmportal.ui.manageyards.view.Newsap.m.Button{\"text\":\"Commercial\"}"}]}
RESULT: {"script":"<script> [1562 bytes]","args":[{"selector":{"controlType":"sap.m.Button","viewName":"etm.portal.ui.manageyards.view.New","viewId":"application-manageyards-display-component---NewYard","properties":{"text":"Commercial"},"interaction":{"idSuffix":"BDI-content"}},"wdio_ui5_key":"etmportal.ui.manageyards.view.Newsap.m.Button{\"text\":\"Commercial\"}"}]}
RESULT: undefined
COMMAND: POST /session/2d5135847e5304f57daa7dc4bdee4d03/element - {"using":"xpath","value":"//*[@id=\"application-manageyards-display-component---NewYard--ObjectPageLayout-anchBar-__section17-anchor\"]"}
RESULT: {"using":"xpath","value":"//*[@id=\"application-manageyards-display-component---NewYard--ObjectPageLayout-anchBar-__section17-anchor\"]"}
COMMAND: POST /session/2d5135847e5304f57daa7dc4bdee4d03/element/f.C9F7354B4C3623E4DF2D19FF41AB4D20.d.95179474F23D8A37526D8C9CB5C256B6.e.2556/click - {}
RESULT: {}
COMMAND: GET /session/2d5135847e5304f57daa7dc4bdee4d03/screenshot - {}
RESULT: {}
COMMAND: POST /session/2d5135847e5304f57daa7dc4bdee4d03/element - {"using":"xpath","value":"//input[@id='application-manageyards-display-component---NewYard--addressEditDetailsCostObjectCstType-inner']"}
RESULT: {"using":"xpath","value":"//input[@id='application-manageyards-display-component---NewYard--addressEditDetailsCostObjectCstType-inner']"}
COMMAND: POST /session/2d5135847e5304f57daa7dc4bdee4d03/execute/sync - {"script":"<script> [8489 bytes]","args":[{"element-6066-11e4-a52e-4f735466cecf":"f.C9F7354B4C3623E4DF2D19FF41AB4D20.d.95179474F23D8A37526D8C9CB5C256B6.e.2418","ELEMENT":"f.C9F7354B4C3623E4DF2D19FF41AB4D20.d.95179474F23D8A37526D8C9CB5C256B6.e.2418"}]}
RESULT: {"script":"<script> [8489 bytes]","args":[{"element-6066-11e4-a52e-4f735466cecf":"f.C9F7354B4C3623E4DF2D19FF41AB4D20.d.95179474F23D8A37526D8C9CB5C256B6.e.2418","ELEMENT":"f.C9F7354B4C3623E4DF2D19FF41AB4D20.d.95179474F23D8A37526D8C9CB5C256B6.e.2418"}]}
COMMAND: POST /session/2d5135847e5304f57daa7dc4bdee4d03/element/f.C9F7354B4C3623E4DF2D19FF41AB4D20.d.95179474F23D8A37526D8C9CB5C256B6.e.2418/clear - {}
COMMAND: GET /session/2d5135847e5304f57daa7dc4bdee4d03/screenshot - {}
RESULT: {}
COMMAND: POST /session/2d5135847e5304f57daa7dc4bdee4d03/element/f.C9F7354B4C3623E4DF2D19FF41AB4D20.d.95179474F23D8A37526D8C9CB5C256B6.e.2418/value - {"text":"Cost"}
COMMAND: GET /session/2d5135847e5304f57daa7dc4bdee4d03/screenshot - {}
RESULT: {}
RESULT: {}
RESULT: {"text":"Cost"}
COMMAND: GET /session/2d5135847e5304f57daa7dc4bdee4d03/screenshot - {}
RESULT: {}
COMMAND: POST /session/2d5135847e5304f57daa7dc4bdee4d03/execute/async - {"script":"<script> [1562 bytes]","args":[{"selector":{"id":"application-manageyards-display-component---NewYard--addressNewCostObjectCstID","interaction":{"idSuffix":"inner"}},"wdio_ui5_key":"applicationmanageyards-display-component---NewYard--addressNewCostObjectCstID"}]}
RESULT: {"script":"<script> [1562 bytes]","args":[{"selector":{"id":"application-manageyards-display-component---NewYard--addressNewCostObjectCstID","interaction":{"idSuffix":"inner"}},"wdio_ui5_key":"applicationmanageyards-display-component---NewYard--addressNewCostObjectCstID"}]}
RESULT: undefined
COMMAND: POST /session/2d5135847e5304f57daa7dc4bdee4d03/execute/async - {"script":"<script> [776 bytes]","args":[{"enterText":"10001013","selector":{"id":"application-manageyards-display-component---NewYard--addressNewCostObjectCstID","interaction":{"idSuffix":"inner"}},"clearTextFirst":true,"interactionType":"ENTER_TEXT"}]}
RESULT: {"script":"<script> [776 bytes]","args":[{"enterText":"10001013","selector":{"id":"application-manageyards-display-component---NewYard--addressNewCostObjectCstID","interaction":{"idSuffix":"inner"}},"clearTextFirst":true,"interactionType":"ENTER_TEXT"}]}
COMMAND: POST /session/2d5135847e5304f57daa7dc4bdee4d03/actions - {"actions":[{"id":"action4","type":"key","parameters":{},"actions":[{"type":"keyDown","value":"î€‡"},{"type":"pause","duration":10},{"type":"keyUp","value":"î€‡"}]}]}
RESULT: {"actions":[{"id":"action4","type":"key","parameters":{},"actions":[{"type":"keyDown","value":"î€‡"},{"type":"pause","duration":10},{"type":"keyUp","value":"î€‡"}]}]}
COMMAND: POST /session/2d5135847e5304f57daa7dc4bdee4d03/execute/async - {"script":"<script> [1562 bytes]","args":[{"selector":{"id":"application-manageyards-display-component---NewYard--addressEditDetailsCurrency","interaction":{"idSuffix":"inner"}},"wdio_ui5_key":"applicationmanageyards-display-component---NewYard--addressEditDetailsCurrency"}]}
COMMAND: GET /session/2d5135847e5304f57daa7dc4bdee4d03/screenshot - {}
RESULT: {"script":"<script> [1562 bytes]","args":[{"selector":{"id":"application-manageyards-display-component---NewYard--addressEditDetailsCurrency","interaction":{"idSuffix":"inner"}},"wdio_ui5_key":"applicationmanageyards-display-component---NewYard--addressEditDetailsCurrency"}]}
RESULT: undefined
COMMAND: POST /session/2d5135847e5304f57daa7dc4bdee4d03/execute/async - {"script":"<script> [776 bytes]","args":[{"enterText":"Euro","selector":{"id":"application-manageyards-display-component---NewYard--addressEditDetailsCurrency","interaction":{"idSuffix":"inner"}},"clearTextFirst":true,"interactionType":"ENTER_TEXT"}]}
RESULT: {}
RESULT: {"script":"<script> [776 bytes]","args":[{"enterText":"Euro","selector":{"id":"application-manageyards-display-component---NewYard--addressEditDetailsCurrency","interaction":{"idSuffix":"inner"}},"clearTextFirst":true,"interactionType":"ENTER_TEXT"}]}
COMMAND: POST /session/2d5135847e5304f57daa7dc4bdee4d03/execute/async - {"script":"<script> [1562 bytes]","args":[{"selector":{"controlType":"sap.m.Input","viewName":"etm.portal.ui.manageyards.view.New","viewId":"application-manageyards-display-component---NewYard","bindingPath":{"path":"","propertyPath":"/CONTROLLING_AREA","modelName":"NewYardModel"},"interaction":{"idSuffix":"inner"}},"wdio_ui5_key":"etmportal.ui.manageyards.view.Newsap.m.Input{\"path\":\"\",\"propertyPath\":\"/CONTROLLING_AREA\",\"modelName\":\"NewYardModel\"}"}]}
RESULT: {"script":"<script> [1562 bytes]","args":[{"selector":{"controlType":"sap.m.Input","viewName":"etm.portal.ui.manageyards.view.New","viewId":"application-manageyards-display-component---NewYard","bindingPath":{"path":"","propertyPath":"/CONTROLLING_AREA","modelName":"NewYardModel"},"interaction":{"idSuffix":"inner"}},"wdio_ui5_key":"etmportal.ui.manageyards.view.Newsap.m.Input{\"path\":\"\",\"propertyPath\":\"/CONTROLLING_AREA\",\"modelName\":\"NewYardModel\"}"}]}
RESULT: undefined
COMMAND: POST /session/2d5135847e5304f57daa7dc4bdee4d03/execute/async - {"script":"<script> [776 bytes]","args":[{"enterText":"Z001","selector":{"controlType":"sap.m.Input","viewName":"etm.portal.ui.manageyards.view.New","viewId":"application-manageyards-display-component---NewYard","bindingPath":{"path":"","propertyPath":"/CONTROLLING_AREA","modelName":"NewYardModel"},"interaction":{"idSuffix":"inner"}},"clearTextFirst":true,"interactionType":"ENTER_TEXT"}]}
RESULT: {"script":"<script> [776 bytes]","args":[{"enterText":"Z001","selector":{"controlType":"sap.m.Input","viewName":"etm.portal.ui.manageyards.view.New","viewId":"application-manageyards-display-component---NewYard","bindingPath":{"path":"","propertyPath":"/CONTROLLING_AREA","modelName":"NewYardModel"},"interaction":{"idSuffix":"inner"}},"clearTextFirst":true,"interactionType":"ENTER_TEXT"}]}
COMMAND: POST /session/2d5135847e5304f57daa7dc4bdee4d03/execute/async - {"script":"<script> [1562 bytes]","args":[{"selector":{"id":"application-manageyards-display-component---NewYard--companyCodeComboBox","interaction":{"idSuffix":"inner"}},"wdio_ui5_key":"applicationmanageyards-display-component---NewYard--companyCodeComboBox"}]}
RESULT: {"script":"<script> [1562 bytes]","args":[{"selector":{"id":"application-manageyards-display-component---NewYard--companyCodeComboBox","interaction":{"idSuffix":"inner"}},"wdio_ui5_key":"applicationmanageyards-display-component---NewYard--companyCodeComboBox"}]}
RESULT: undefined
COMMAND: POST /session/2d5135847e5304f57daa7dc4bdee4d03/execute/async - {"script":"<script> [776 bytes]","args":[{"enterText":"1000","selector":{"id":"application-manageyards-display-component---NewYard--companyCodeComboBox","interaction":{"idSuffix":"inner"}},"clearTextFirst":true,"interactionType":"ENTER_TEXT"}]}
RESULT: {"script":"<script> [776 bytes]","args":[{"enterText":"1000","selector":{"id":"application-manageyards-display-component---NewYard--companyCodeComboBox","interaction":{"idSuffix":"inner"}},"clearTextFirst":true,"interactionType":"ENTER_TEXT"}]}
COMMAND: POST /session/2d5135847e5304f57daa7dc4bdee4d03/actions - {"actions":[{"id":"action5","type":"key","parameters":{},"actions":[{"type":"keyDown","value":"î€‡"},{"type":"pause","duration":10},{"type":"keyUp","value":"î€‡"}]}]}
RESULT: {"actions":[{"id":"action5","type":"key","parameters":{},"actions":[{"type":"keyDown","value":"î€‡"},{"type":"pause","duration":10},{"type":"keyUp","value":"î€‡"}]}]}
COMMAND: POST /session/2d5135847e5304f57daa7dc4bdee4d03/execute/async - {"script":"<script> [1562 bytes]","args":[{"selector":{"controlType":"sap.m.Input","viewName":"etm.portal.ui.manageyards.view.New","viewId":"application-manageyards-display-component---NewYard","bindingPath":{"path":"","propertyPath":"/PLANT","modelName":"NewYardModel"},"interaction":{"idSuffix":"inner"}},"wdio_ui5_key":"etmportal.ui.manageyards.view.Newsap.m.Input{\"path\":\"\",\"propertyPath\":\"/PLANT\",\"modelName\":\"NewYardModel\"}"}]}
COMMAND: GET /session/2d5135847e5304f57daa7dc4bdee4d03/screenshot - {}
RESULT: {"script":"<script> [1562 bytes]","args":[{"selector":{"controlType":"sap.m.Input","viewName":"etm.portal.ui.manageyards.view.New","viewId":"application-manageyards-display-component---NewYard","bindingPath":{"path":"","propertyPath":"/PLANT","modelName":"NewYardModel"},"interaction":{"idSuffix":"inner"}},"wdio_ui5_key":"etmportal.ui.manageyards.view.Newsap.m.Input{\"path\":\"\",\"propertyPath\":\"/PLANT\",\"modelName\":\"NewYardModel\"}"}]}
RESULT: undefined
COMMAND: POST /session/2d5135847e5304f57daa7dc4bdee4d03/execute/async - {"script":"<script> [776 bytes]","args":[{"enterText":"1001","selector":{"controlType":"sap.m.Input","viewName":"etm.portal.ui.manageyards.view.New","viewId":"application-manageyards-display-component---NewYard","bindingPath":{"path":"","propertyPath":"/PLANT","modelName":"NewYardModel"},"interaction":{"idSuffix":"inner"}},"clearTextFirst":true,"interactionType":"ENTER_TEXT"}]}
RESULT: {}
RESULT: {"script":"<script> [776 bytes]","args":[{"enterText":"1001","selector":{"controlType":"sap.m.Input","viewName":"etm.portal.ui.manageyards.view.New","viewId":"application-manageyards-display-component---NewYard","bindingPath":{"path":"","propertyPath":"/PLANT","modelName":"NewYardModel"},"interaction":{"idSuffix":"inner"}},"clearTextFirst":true,"interactionType":"ENTER_TEXT"}]}
COMMAND: POST /session/2d5135847e5304f57daa7dc4bdee4d03/execute/async - {"script":"<script> [1562 bytes]","args":[{"selector":{"controlType":"sap.m.Input","viewName":"etm.portal.ui.manageyards.view.New","viewId":"application-manageyards-display-component---NewYard","bindingPath":{"path":"","propertyPath":"/SALES_AREA_VKORG","modelName":"NewYardModel"},"interaction":{"idSuffix":"inner"}},"wdio_ui5_key":"etmportal.ui.manageyards.view.Newsap.m.Input{\"path\":\"\",\"propertyPath\":\"/SALES_AREA_VKORG\",\"modelName\":\"NewYardModel\"}"}]}
RESULT: {"script":"<script> [1562 bytes]","args":[{"selector":{"controlType":"sap.m.Input","viewName":"etm.portal.ui.manageyards.view.New","viewId":"application-manageyards-display-component---NewYard","bindingPath":{"path":"","propertyPath":"/SALES_AREA_VKORG","modelName":"NewYardModel"},"interaction":{"idSuffix":"inner"}},"wdio_ui5_key":"etmportal.ui.manageyards.view.Newsap.m.Input{\"path\":\"\",\"propertyPath\":\"/SALES_AREA_VKORG\",\"modelName\":\"NewYardModel\"}"}]}
RESULT: undefined
COMMAND: POST /session/2d5135847e5304f57daa7dc4bdee4d03/execute/async - {"script":"<script> [776 bytes]","args":[{"enterText":"C002","selector":{"controlType":"sap.m.Input","viewName":"etm.portal.ui.manageyards.view.New","viewId":"application-manageyards-display-component---NewYard","bindingPath":{"path":"","propertyPath":"/SALES_AREA_VKORG","modelName":"NewYardModel"},"interaction":{"idSuffix":"inner"}},"clearTextFirst":true,"interactionType":"ENTER_TEXT"}]}
RESULT: {"script":"<script> [776 bytes]","args":[{"enterText":"C002","selector":{"controlType":"sap.m.Input","viewName":"etm.portal.ui.manageyards.view.New","viewId":"application-manageyards-display-component---NewYard","bindingPath":{"path":"","propertyPath":"/SALES_AREA_VKORG","modelName":"NewYardModel"},"interaction":{"idSuffix":"inner"}},"clearTextFirst":true,"interactionType":"ENTER_TEXT"}]}
COMMAND: POST /session/2d5135847e5304f57daa7dc4bdee4d03/execute/async - {"script":"<script> [1562 bytes]","args":[{"selector":{"controlType":"sap.m.Input","viewName":"etm.portal.ui.manageyards.view.New","viewId":"application-manageyards-display-component---NewYard","bindingPath":{"path":"","propertyPath":"/SALES_AREA_VTWEG","modelName":"NewYardModel"},"interaction":{"idSuffix":"inner"}},"wdio_ui5_key":"etmportal.ui.manageyards.view.Newsap.m.Input{\"path\":\"\",\"propertyPath\":\"/SALES_AREA_VTWEG\",\"modelName\":\"NewYardModel\"}"}]}
RESULT: {"script":"<script> [1562 bytes]","args":[{"selector":{"controlType":"sap.m.Input","viewName":"etm.portal.ui.manageyards.view.New","viewId":"application-manageyards-display-component---NewYard","bindingPath":{"path":"","propertyPath":"/SALES_AREA_VTWEG","modelName":"NewYardModel"},"interaction":{"idSuffix":"inner"}},"wdio_ui5_key":"etmportal.ui.manageyards.view.Newsap.m.Input{\"path\":\"\",\"propertyPath\":\"/SALES_AREA_VTWEG\",\"modelName\":\"NewYardModel\"}"}]}
RESULT: undefined
COMMAND: POST /session/2d5135847e5304f57daa7dc4bdee4d03/execute/async - {"script":"<script> [776 bytes]","args":[{"enterText":"C2","selector":{"controlType":"sap.m.Input","viewName":"etm.portal.ui.manageyards.view.New","viewId":"application-manageyards-display-component---NewYard","bindingPath":{"path":"","propertyPath":"/SALES_AREA_VTWEG","modelName":"NewYardModel"},"interaction":{"idSuffix":"inner"}},"clearTextFirst":true,"interactionType":"ENTER_TEXT"}]}
RESULT: {"script":"<script> [776 bytes]","args":[{"enterText":"C2","selector":{"controlType":"sap.m.Input","viewName":"etm.portal.ui.manageyards.view.New","viewId":"application-manageyards-display-component---NewYard","bindingPath":{"path":"","propertyPath":"/SALES_AREA_VTWEG","modelName":"NewYardModel"},"interaction":{"idSuffix":"inner"}},"clearTextFirst":true,"interactionType":"ENTER_TEXT"}]}
COMMAND: POST /session/2d5135847e5304f57daa7dc4bdee4d03/execute/async - {"script":"<script> [1562 bytes]","args":[{"selector":{"controlType":"sap.m.Input","viewName":"etm.portal.ui.manageyards.view.New","viewId":"application-manageyards-display-component---NewYard","bindingPath":{"path":"","propertyPath":"/SALES_AREA_SPART","modelName":"NewYardModel"},"interaction":{"idSuffix":"inner"}},"wdio_ui5_key":"etmportal.ui.manageyards.view.Newsap.m.Input{\"path\":\"\",\"propertyPath\":\"/SALES_AREA_SPART\",\"modelName\":\"NewYardModel\"}"}]}
RESULT: {"script":"<script> [1562 bytes]","args":[{"selector":{"controlType":"sap.m.Input","viewName":"etm.portal.ui.manageyards.view.New","viewId":"application-manageyards-display-component---NewYard","bindingPath":{"path":"","propertyPath":"/SALES_AREA_SPART","modelName":"NewYardModel"},"interaction":{"idSuffix":"inner"}},"wdio_ui5_key":"etmportal.ui.manageyards.view.Newsap.m.Input{\"path\":\"\",\"propertyPath\":\"/SALES_AREA_SPART\",\"modelName\":\"NewYardModel\"}"}]}
RESULT: undefined
COMMAND: POST /session/2d5135847e5304f57daa7dc4bdee4d03/execute/async - {"script":"<script> [776 bytes]","args":[{"enterText":"C2","selector":{"controlType":"sap.m.Input","viewName":"etm.portal.ui.manageyards.view.New","viewId":"application-manageyards-display-component---NewYard","bindingPath":{"path":"","propertyPath":"/SALES_AREA_SPART","modelName":"NewYardModel"},"interaction":{"idSuffix":"inner"}},"clearTextFirst":true,"interactionType":"ENTER_TEXT"}]}
RESULT: {"script":"<script> [776 bytes]","args":[{"enterText":"C2","selector":{"controlType":"sap.m.Input","viewName":"etm.portal.ui.manageyards.view.New","viewId":"application-manageyards-display-component---NewYard","bindingPath":{"path":"","propertyPath":"/SALES_AREA_SPART","modelName":"NewYardModel"},"interaction":{"idSuffix":"inner"}},"clearTextFirst":true,"interactionType":"ENTER_TEXT"}]}
COMMAND: POST /session/2d5135847e5304f57daa7dc4bdee4d03/execute/async - {"script":"<script> [1562 bytes]","args":[{"selector":{"id":"application-manageyards-display-component---NewYard--whmCheckBox","interaction":{"idSuffix":"CbBg"}},"wdio_ui5_key":"applicationmanageyards-display-component---NewYard--whmCheckBox"}]}
RESULT: {"script":"<script> [1562 bytes]","args":[{"selector":{"id":"application-manageyards-display-component---NewYard--whmCheckBox","interaction":{"idSuffix":"CbBg"}},"wdio_ui5_key":"applicationmanageyards-display-component---NewYard--whmCheckBox"}]}
RESULT: undefined
COMMAND: POST /session/2d5135847e5304f57daa7dc4bdee4d03/element - {"using":"xpath","value":"//*[@id=\"application-manageyards-display-component---NewYard--whmCheckBox\"]"}
RESULT: {"using":"xpath","value":"//*[@id=\"application-manageyards-display-component---NewYard--whmCheckBox\"]"}
COMMAND: POST /session/2d5135847e5304f57daa7dc4bdee4d03/element/f.C9F7354B4C3623E4DF2D19FF41AB4D20.d.95179474F23D8A37526D8C9CB5C256B6.e.2584/click - {}
RESULT: {}
COMMAND: POST /session/2d5135847e5304f57daa7dc4bdee4d03/execute/async - {"script":"<script> [1562 bytes]","args":[{"selector":{"controlType":"sap.m.Button","viewName":"etm.portal.ui.manageyards.view.New","viewId":"application-manageyards-display-component---NewYard","i18NText":{"propertyName":"text","key":"save"},"interaction":{"idSuffix":"inner"}},"wdio_ui5_key":"etmportal.ui.manageyards.view.Newsap.m.Button{\"propertyName\":\"text\",\"key\":\"save\"}"}]}
COMMAND: GET /session/2d5135847e5304f57daa7dc4bdee4d03/screenshot - {}
RESULT: {"script":"<script> [1562 bytes]","args":[{"selector":{"controlType":"sap.m.Button","viewName":"etm.portal.ui.manageyards.view.New","viewId":"application-manageyards-display-component---NewYard","i18NText":{"propertyName":"text","key":"save"},"interaction":{"idSuffix":"inner"}},"wdio_ui5_key":"etmportal.ui.manageyards.view.Newsap.m.Button{\"propertyName\":\"text\",\"key\":\"save\"}"}]}
RESULT: undefined
COMMAND: POST /session/2d5135847e5304f57daa7dc4bdee4d03/element - {"using":"xpath","value":"//*[@id=\"__button41\"]"}
RESULT: {}
RESULT: {"using":"xpath","value":"//*[@id=\"__button41\"]"}
COMMAND: POST /session/2d5135847e5304f57daa7dc4bdee4d03/element/f.C9F7354B4C3623E4DF2D19FF41AB4D20.d.95179474F23D8A37526D8C9CB5C256B6.e.2543/click - {}
RESULT: {}
COMMAND: GET /session/2d5135847e5304f57daa7dc4bdee4d03/screenshot - {}
RESULT: {}
COMMAND: POST /session/2d5135847e5304f57daa7dc4bdee4d03/element - {"using":"xpath","value":"//header/div/div/div/div/div/div[2]/div/span"}
RESULT: {"using":"xpath","value":"//header/div/div/div/div/div/div[2]/div/span"}
COMMAND: GET /session/2d5135847e5304f57daa7dc4bdee4d03/element/f.C9F7354B4C3623E4DF2D19FF41AB4D20.d.95179474F23D8A37526D8C9CB5C256B6.e.2735/text - {}
RESULT: {}
COMMAND: POST /session/2d5135847e5304f57daa7dc4bdee4d03/element - {"using":"xpath","value":"//header/div/div[2]/div[2]/span"}
RESULT: {"using":"xpath","value":"//header/div/div[2]/div[2]/span"}
COMMAND: GET /session/2d5135847e5304f57daa7dc4bdee4d03/element/f.C9F7354B4C3623E4DF2D19FF41AB4D20.d.95179474F23D8A37526D8C9CB5C256B6.e.2736/text - {}
RESULT: {}
COMMAND: POST /session/2d5135847e5304f57daa7dc4bdee4d03/element - {"using":"css selector","value":"#j_username"}
COMMAND: POST /session/2d5135847e5304f57daa7dc4bdee4d03/url - {"url":"https://qa-testing-00-live-etm-ui.cfapps.eu10-004.hana.ondemand.com/"}
RESULT: {"url":"https://qa-testing-00-live-etm-ui.cfapps.eu10-004.hana.ondemand.com/"}
RESULT: undefined
COMMAND: GET /session/2d5135847e5304f57daa7dc4bdee4d03/screenshot - {}
RESULT: {"using":"css selector","value":"#j_username"}
COMMAND: POST /session/2d5135847e5304f57daa7dc4bdee4d03/element - {"using":"css selector","value":"#j_username"}
RESULT: {}
RESULT: {"using":"css selector","value":"#j_username"}
COMMAND: POST /session/2d5135847e5304f57daa7dc4bdee4d03/element - {"using":"css selector","value":"#shell-header-logo"}
RESULT: {"using":"css selector","value":"#shell-header-logo"}
COMMAND: POST /session/2d5135847e5304f57daa7dc4bdee4d03/execute/sync - {"script":"<script> [8489 bytes]","args":[{"element-6066-11e4-a52e-4f735466cecf":"f.C9F7354B4C3623E4DF2D19FF41AB4D20.d.2245E897FD6E4619BA56A90D01638472.e.2746","ELEMENT":"f.C9F7354B4C3623E4DF2D19FF41AB4D20.d.2245E897FD6E4619BA56A90D01638472.e.2746"}]}
RESULT: {"script":"<script> [8489 bytes]","args":[{"element-6066-11e4-a52e-4f735466cecf":"f.C9F7354B4C3623E4DF2D19FF41AB4D20.d.2245E897FD6E4619BA56A90D01638472.e.2746","ELEMENT":"f.C9F7354B4C3623E4DF2D19FF41AB4D20.d.2245E897FD6E4619BA56A90D01638472.e.2746"}]}
COMMAND: POST /session/2d5135847e5304f57daa7dc4bdee4d03/element - {"using":"css selector","value":"#shell-header-logo"}
COMMAND: GET /session/2d5135847e5304f57daa7dc4bdee4d03/screenshot - {}
RESULT: {"using":"css selector","value":"#shell-header-logo"}
COMMAND: POST /session/2d5135847e5304f57daa7dc4bdee4d03/execute/sync - {"script":"<script> [8489 bytes]","args":[{"element-6066-11e4-a52e-4f735466cecf":"f.C9F7354B4C3623E4DF2D19FF41AB4D20.d.2245E897FD6E4619BA56A90D01638472.e.2746","ELEMENT":"f.C9F7354B4C3623E4DF2D19FF41AB4D20.d.2245E897FD6E4619BA56A90D01638472.e.2746"}]}
RESULT: {}
RESULT: {"script":"<script> [8489 bytes]","args":[{"element-6066-11e4-a52e-4f735466cecf":"f.C9F7354B4C3623E4DF2D19FF41AB4D20.d.2245E897FD6E4619BA56A90D01638472.e.2746","ELEMENT":"f.C9F7354B4C3623E4DF2D19FF41AB4D20.d.2245E897FD6E4619BA56A90D01638472.e.2746"}]}
COMMAND: POST /session/2d5135847e5304f57daa7dc4bdee4d03/execute/sync - {"script":"<script> [5351 bytes]","args":[{"element-6066-11e4-a52e-4f735466cecf":"f.C9F7354B4C3623E4DF2D19FF41AB4D20.d.2245E897FD6E4619BA56A90D01638472.e.2746","ELEMENT":"f.C9F7354B4C3623E4DF2D19FF41AB4D20.d.2245E897FD6E4619BA56A90D01638472.e.2746"}]}
COMMAND: GET /session/2d5135847e5304f57daa7dc4bdee4d03/screenshot - {}
RESULT: {"script":"<script> [5351 bytes]","args":[{"element-6066-11e4-a52e-4f735466cecf":"f.C9F7354B4C3623E4DF2D19FF41AB4D20.d.2245E897FD6E4619BA56A90D01638472.e.2746","ELEMENT":"f.C9F7354B4C3623E4DF2D19FF41AB4D20.d.2245E897FD6E4619BA56A90D01638472.e.2746"}]}
COMMAND: POST /session/2d5135847e5304f57daa7dc4bdee4d03/element - {"using":"css selector","value":"#shell-header-logo"}
COMMAND: GET /session/2d5135847e5304f57daa7dc4bdee4d03/screenshot - {}
RESULT: {}
RESULT: {"using":"css selector","value":"#shell-header-logo"}
COMMAND: POST /session/2d5135847e5304f57daa7dc4bdee4d03/element/f.C9F7354B4C3623E4DF2D19FF41AB4D20.d.2245E897FD6E4619BA56A90D01638472.e.2746/click - {}
RESULT: {}
RESULT: {}
COMMAND: GET /session/2d5135847e5304f57daa7dc4bdee4d03/screenshot - {}
RESULT: {}
COMMAND: POST /session/2d5135847e5304f57daa7dc4bdee4d03/execute/async - {"script":"<script> [189 bytes]","args":[]}
RESULT: {"script":"<script> [189 bytes]","args":[]}
COMMAND: POST /session/2d5135847e5304f57daa7dc4bdee4d03/execute/async - {"script":"<script> [123 bytes]","args":[]}
RESULT: {"script":"<script> [123 bytes]","args":[]}
COMMAND: POST /session/2d5135847e5304f57daa7dc4bdee4d03/timeouts - {"script":"<number>"}
RESULT: {"script":"<number>"}
COMMAND: GET /session/2d5135847e5304f57daa7dc4bdee4d03/timeouts - {}
RESULT: {}
RESULT: undefined
COMMAND: POST /session/2d5135847e5304f57daa7dc4bdee4d03/execute/async - {"script":"<script> [2676 bytes]","args":[]}
RESULT: {"script":"<script> [2676 bytes]","args":[]}
COMMAND: POST /session/2d5135847e5304f57daa7dc4bdee4d03/execute/async - {"script":"<script> [2342 bytes]","args":[{"protocol":"http","hostname":"0.0.0.0","path":"/","capabilities":{"browserName":"chrome","goog:chromeOptions":{"binary":"C:\\Program Files\\Google\\Chrome\\Application\\chrome.exe","args":["--start-maximized"]}},"logLevel":"warn","connectionRetryTimeout":120000,"connectionRetryCount":3,"logLevels":{},"enableDirectConnect":true,"strictSSL":true,"_":"65 more keys: [\"cacheDir\",\"port\",\"requestedCapabilities\",\"automationProtocol\",\"baseUrl\",\"waitforInterval\",\"waitforTimeout\",\"onReload\",\"beforeCommand\",\"afterCommand\",\"rootDir\",\"specs\",\"suites\",\"exclude\",\"groupLogsByTestSpec\",\"excludeDriverLogs\",\"bail\",\"framework\",\"reporters\",\"services\",\"maxInstances\",\"maxInstancesPerCapability\",\"injectGlobals\",\"filesToWatch\",\"execArgv\",\"runnerEnv\",\"runner\",\"shard\",\"specFileRetries\",\"specFileRetriesDelay\",\"specFileRetriesDeferred\",\"reporterSyncInterval\",\"reporterSyncTimeout\",\"cucumberFeaturesWithLineNumbers\",\"autoCompileOpts\",\"mochaOpts\",\"jasmineOpts\",\"cucumberOpts\",\"onPrepare\",\"onWorkerStart\",\"onWorkerEnd\",\"before\",\"beforeSession\",\"beforeSuite\",\"beforeHook\",\"beforeTest\",\"afterTest\",\"afterHook\",\"afterSuite\",\"afterSession\",\"after\",\"onComplete\",\"beforeAssertion\",\"afterAssertion\",\"beforeFeature\",\"beforeScenario\",\"beforeStep\",\"afterStep\",\"afterScenario\",\"afterFeature\",\"_\",\"suite\",\"$0\",\"ignoredWorkerServices\",\"wdi5\"]"}]}
RESULT: {"script":"<script> [2342 bytes]","args":[{"protocol":"http","hostname":"0.0.0.0","path":"/","capabilities":{"browserName":"chrome","goog:chromeOptions":{"binary":"C:\\Program Files\\Google\\Chrome\\Application\\chrome.exe","args":["--start-maximized"]}},"logLevel":"warn","connectionRetryTimeout":120000,"connectionRetryCount":3,"logLevels":{},"enableDirectConnect":true,"strictSSL":true,"_":"65 more keys: [\"cacheDir\",\"port\",\"requestedCapabilities\",\"automationProtocol\",\"baseUrl\",\"waitforInterval\",\"waitforTimeout\",\"onReload\",\"beforeCommand\",\"afterCommand\",\"rootDir\",\"specs\",\"suites\",\"exclude\",\"groupLogsByTestSpec\",\"excludeDriverLogs\",\"bail\",\"framework\",\"reporters\",\"services\",\"maxInstances\",\"maxInstancesPerCapability\",\"injectGlobals\",\"filesToWatch\",\"execArgv\",\"runnerEnv\",\"runner\",\"shard\",\"specFileRetries\",\"specFileRetriesDelay\",\"specFileRetriesDeferred\",\"reporterSyncInterval\",\"reporterSyncTimeout\",\"cucumberFeaturesWithLineNumbers\",\"autoCompileOpts\",\"mochaOpts\",\"jasmineOpts\",\"cucumberOpts\",\"onPrepare\",\"onWorkerStart\",\"onWorkerEnd\",\"before\",\"beforeSession\",\"beforeSuite\",\"beforeHook\",\"beforeTest\",\"afterTest\",\"afterHook\",\"afterSuite\",\"afterSession\",\"after\",\"onComplete\",\"beforeAssertion\",\"afterAssertion\",\"beforeFeature\",\"beforeScenario\",\"beforeStep\",\"afterStep\",\"afterScenario\",\"afterFeature\",\"_\",\"suite\",\"$0\",\"ignoredWorkerServices\",\"wdi5\"]"}]}
COMMAND: POST /session/2d5135847e5304f57daa7dc4bdee4d03/execute/async - {"script":"<script> [21126 bytes]","args":[35000]}
RESULT: {"script":"<script> [21126 bytes]","args":[35000]}
COMMAND: POST /session/2d5135847e5304f57daa7dc4bdee4d03/window/maximize - {}
RESULT: {}
COMMAND: POST /session/2d5135847e5304f57daa7dc4bdee4d03/execute/async - {"script":"<script> [1562 bytes]","args":[{"selector":{"id":"shell-header","interaction":{"idSuffix":"icon"}},"wdio_ui5_key":"shellheader"}]}
COMMAND: GET /session/2d5135847e5304f57daa7dc4bdee4d03/screenshot - {}
RESULT: {"script":"<script> [1562 bytes]","args":[{"selector":{"id":"shell-header","interaction":{"idSuffix":"icon"}},"wdio_ui5_key":"shellheader"}]}
RESULT: undefined
COMMAND: POST /session/2d5135847e5304f57daa7dc4bdee4d03/refresh - {}
RESULT: {}
RESULT: {}
COMMAND: GET /session/2d5135847e5304f57daa7dc4bdee4d03/screenshot - {}
RESULT: {}
COMMAND: POST /session/2d5135847e5304f57daa7dc4bdee4d03/refresh - {}
RESULT: {}
COMMAND: GET /session/2d5135847e5304f57daa7dc4bdee4d03/screenshot - {}
RESULT: {}
COMMAND: POST /session/2d5135847e5304f57daa7dc4bdee4d03/window/fullscreen - {}
RESULT: {}
COMMAND: POST /session/2d5135847e5304f57daa7dc4bdee4d03/execute/async - {"script":"<script> [189 bytes]","args":[]}
RESULT: {"script":"<script> [189 bytes]","args":[]}
COMMAND: POST /session/2d5135847e5304f57daa7dc4bdee4d03/execute/async - {"script":"<script> [123 bytes]","args":[]}
RESULT: {"script":"<script> [123 bytes]","args":[]}
COMMAND: POST /session/2d5135847e5304f57daa7dc4bdee4d03/timeouts - {"script":"<number>"}
RESULT: {"script":"<number>"}
COMMAND: GET /session/2d5135847e5304f57daa7dc4bdee4d03/timeouts - {}
RESULT: {}
RESULT: undefined
COMMAND: POST /session/2d5135847e5304f57daa7dc4bdee4d03/execute/async - {"script":"<script> [2676 bytes]","args":[]}
RESULT: {"script":"<script> [2676 bytes]","args":[]}
COMMAND: POST /session/2d5135847e5304f57daa7dc4bdee4d03/execute/async - {"script":"<script> [2342 bytes]","args":[{"protocol":"http","hostname":"0.0.0.0","path":"/","capabilities":{"browserName":"chrome","goog:chromeOptions":{"binary":"C:\\Program Files\\Google\\Chrome\\Application\\chrome.exe","args":["--start-maximized"]}},"logLevel":"warn","connectionRetryTimeout":120000,"connectionRetryCount":3,"logLevels":{},"enableDirectConnect":true,"strictSSL":true,"_":"65 more keys: [\"cacheDir\",\"port\",\"requestedCapabilities\",\"automationProtocol\",\"baseUrl\",\"waitforInterval\",\"waitforTimeout\",\"onReload\",\"beforeCommand\",\"afterCommand\",\"rootDir\",\"specs\",\"suites\",\"exclude\",\"groupLogsByTestSpec\",\"excludeDriverLogs\",\"bail\",\"framework\",\"reporters\",\"services\",\"maxInstances\",\"maxInstancesPerCapability\",\"injectGlobals\",\"filesToWatch\",\"execArgv\",\"runnerEnv\",\"runner\",\"shard\",\"specFileRetries\",\"specFileRetriesDelay\",\"specFileRetriesDeferred\",\"reporterSyncInterval\",\"reporterSyncTimeout\",\"cucumberFeaturesWithLineNumbers\",\"autoCompileOpts\",\"mochaOpts\",\"jasmineOpts\",\"cucumberOpts\",\"onPrepare\",\"onWorkerStart\",\"onWorkerEnd\",\"before\",\"beforeSession\",\"beforeSuite\",\"beforeHook\",\"beforeTest\",\"afterTest\",\"afterHook\",\"afterSuite\",\"afterSession\",\"after\",\"onComplete\",\"beforeAssertion\",\"afterAssertion\",\"beforeFeature\",\"beforeScenario\",\"beforeStep\",\"afterStep\",\"afterScenario\",\"afterFeature\",\"_\",\"suite\",\"$0\",\"ignoredWorkerServices\",\"wdi5\"]"}]}
RESULT: {"script":"<script> [2342 bytes]","args":[{"protocol":"http","hostname":"0.0.0.0","path":"/","capabilities":{"browserName":"chrome","goog:chromeOptions":{"binary":"C:\\Program Files\\Google\\Chrome\\Application\\chrome.exe","args":["--start-maximized"]}},"logLevel":"warn","connectionRetryTimeout":120000,"connectionRetryCount":3,"logLevels":{},"enableDirectConnect":true,"strictSSL":true,"_":"65 more keys: [\"cacheDir\",\"port\",\"requestedCapabilities\",\"automationProtocol\",\"baseUrl\",\"waitforInterval\",\"waitforTimeout\",\"onReload\",\"beforeCommand\",\"afterCommand\",\"rootDir\",\"specs\",\"suites\",\"exclude\",\"groupLogsByTestSpec\",\"excludeDriverLogs\",\"bail\",\"framework\",\"reporters\",\"services\",\"maxInstances\",\"maxInstancesPerCapability\",\"injectGlobals\",\"filesToWatch\",\"execArgv\",\"runnerEnv\",\"runner\",\"shard\",\"specFileRetries\",\"specFileRetriesDelay\",\"specFileRetriesDeferred\",\"reporterSyncInterval\",\"reporterSyncTimeout\",\"cucumberFeaturesWithLineNumbers\",\"autoCompileOpts\",\"mochaOpts\",\"jasmineOpts\",\"cucumberOpts\",\"onPrepare\",\"onWorkerStart\",\"onWorkerEnd\",\"before\",\"beforeSession\",\"beforeSuite\",\"beforeHook\",\"beforeTest\",\"afterTest\",\"afterHook\",\"afterSuite\",\"afterSession\",\"after\",\"onComplete\",\"beforeAssertion\",\"afterAssertion\",\"beforeFeature\",\"beforeScenario\",\"beforeStep\",\"afterStep\",\"afterScenario\",\"afterFeature\",\"_\",\"suite\",\"$0\",\"ignoredWorkerServices\",\"wdi5\"]"}]}
COMMAND: POST /session/2d5135847e5304f57daa7dc4bdee4d03/execute/async - {"script":"<script> [21126 bytes]","args":[35000]}
RESULT: {"script":"<script> [21126 bytes]","args":[35000]}
]]></system-out>
    </testcase>
  </testsuite>
  <testsuite timestamp="2025-05-18T15:21:43" time="231.134" tests="4" failures="0" errors="0" skipped="0">
    <properties>
      <property name="specId" value="0" />
      <property name="suiteName" value="Create partner US118246" />
      <property name="capabilities" value="chrome.136_0_7103_93.windows" />
      <property name="file" value="file:///D:/a/1/s/test/specs/BTS/create-partner.spec.js" />
    </properties>
    <testcase classname="chrome.136_0_7103_93.windows.Create_partner_US118246" name="Should create a new yard in case create yard failed" time="0.014">
      <system-out><![CDATA[
COMMAND: POST /session/2d5135847e5304f57daa7dc4bdee4d03/window/fullscreen - {}
RESULT: {}
]]></system-out>
    </testcase>
    <testcase classname="chrome.136_0_7103_93.windows.Create_partner_US118246" name="Should create new external partner" time="97.352">
      <system-out><![CDATA[
COMMAND: POST /session/2d5135847e5304f57daa7dc4bdee4d03/window/fullscreen - {}
RESULT: {}
COMMAND: POST /session/2d5135847e5304f57daa7dc4bdee4d03/execute/async - {"script":"<script> [1562 bytes]","args":[{"selector":{"controlType":"sap.m.GenericTile","properties":{"header":"Manage Partners"}},"wdio_ui5_key":"sapm.GenericTile{\"header\":\"Manage Partners\"}"}]}
RESULT: {"script":"<script> [1562 bytes]","args":[{"selector":{"controlType":"sap.m.GenericTile","properties":{"header":"Manage Partners"}},"wdio_ui5_key":"sapm.GenericTile{\"header\":\"Manage Partners\"}"}]}
RESULT: undefined
COMMAND: POST /session/2d5135847e5304f57daa7dc4bdee4d03/element - {"using":"xpath","value":"//*[@id=\"__tile38\"]"}
RESULT: {"using":"xpath","value":"//*[@id=\"__tile38\"]"}
COMMAND: POST /session/2d5135847e5304f57daa7dc4bdee4d03/element/f.C9F7354B4C3623E4DF2D19FF41AB4D20.d.E1E68154077409B33A3F356FFFDF8C8F.e.2896/click - {}
RESULT: {}
COMMAND: GET /session/2d5135847e5304f57daa7dc4bdee4d03/screenshot - {}
RESULT: {}
COMMAND: POST /session/2d5135847e5304f57daa7dc4bdee4d03/elements - {"using":"xpath","value":"//span[text()='Error']"}
RESULT: {"using":"xpath","value":"//span[text()='Error']"}
COMMAND: POST /session/2d5135847e5304f57daa7dc4bdee4d03/element - {"using":"xpath","value":"//button[@data-kt=\"addButton\"]"}
RESULT: {"using":"xpath","value":"//button[@data-kt=\"addButton\"]"}
COMMAND: POST /session/2d5135847e5304f57daa7dc4bdee4d03/elements - {"using":"xpath","value":"//button[@data-kt=\"addButton\"]"}
RESULT: {"using":"xpath","value":"//button[@data-kt=\"addButton\"]"}
COMMAND: POST /session/2d5135847e5304f57daa7dc4bdee4d03/elements - {"using":"xpath","value":"//button[@data-kt=\"addButton\"]"}
RESULT: {"using":"xpath","value":"//button[@data-kt=\"addButton\"]"}
COMMAND: POST /session/2d5135847e5304f57daa7dc4bdee4d03/element - {"using":"xpath","value":"//button[@data-kt=\"addButton\"]"}
RESULT: {"using":"xpath","value":"//button[@data-kt=\"addButton\"]"}
COMMAND: POST /session/2d5135847e5304f57daa7dc4bdee4d03/execute/sync - {"script":"<script> [8489 bytes]","args":[{"element-6066-11e4-a52e-4f735466cecf":"f.C9F7354B4C3623E4DF2D19FF41AB4D20.d.E1E68154077409B33A3F356FFFDF8C8F.e.3046","ELEMENT":"f.C9F7354B4C3623E4DF2D19FF41AB4D20.d.E1E68154077409B33A3F356FFFDF8C8F.e.3046"}]}
RESULT: {"script":"<script> [8489 bytes]","args":[{"element-6066-11e4-a52e-4f735466cecf":"f.C9F7354B4C3623E4DF2D19FF41AB4D20.d.E1E68154077409B33A3F356FFFDF8C8F.e.3046","ELEMENT":"f.C9F7354B4C3623E4DF2D19FF41AB4D20.d.E1E68154077409B33A3F356FFFDF8C8F.e.3046"}]}
COMMAND: GET /session/2d5135847e5304f57daa7dc4bdee4d03/element/f.C9F7354B4C3623E4DF2D19FF41AB4D20.d.E1E68154077409B33A3F356FFFDF8C8F.e.3046/enabled - {}
COMMAND: GET /session/2d5135847e5304f57daa7dc4bdee4d03/screenshot - {}
RESULT: {}
COMMAND: POST /session/2d5135847e5304f57daa7dc4bdee4d03/execute/sync - {"script":"<script> [8489 bytes]","args":[{"element-6066-11e4-a52e-4f735466cecf":"f.C9F7354B4C3623E4DF2D19FF41AB4D20.d.E1E68154077409B33A3F356FFFDF8C8F.e.3046","ELEMENT":"f.C9F7354B4C3623E4DF2D19FF41AB4D20.d.E1E68154077409B33A3F356FFFDF8C8F.e.3046"}]}
COMMAND: GET /session/2d5135847e5304f57daa7dc4bdee4d03/screenshot - {}
RESULT: {}
RESULT: {"script":"<script> [8489 bytes]","args":[{"element-6066-11e4-a52e-4f735466cecf":"f.C9F7354B4C3623E4DF2D19FF41AB4D20.d.E1E68154077409B33A3F356FFFDF8C8F.e.3046","ELEMENT":"f.C9F7354B4C3623E4DF2D19FF41AB4D20.d.E1E68154077409B33A3F356FFFDF8C8F.e.3046"}]}
COMMAND: POST /session/2d5135847e5304f57daa7dc4bdee4d03/execute/sync - {"script":"<script> [5351 bytes]","args":[{"element-6066-11e4-a52e-4f735466cecf":"f.C9F7354B4C3623E4DF2D19FF41AB4D20.d.E1E68154077409B33A3F356FFFDF8C8F.e.3046","ELEMENT":"f.C9F7354B4C3623E4DF2D19FF41AB4D20.d.E1E68154077409B33A3F356FFFDF8C8F.e.3046"}]}
COMMAND: GET /session/2d5135847e5304f57daa7dc4bdee4d03/screenshot - {}
RESULT: {}
RESULT: {"script":"<script> [5351 bytes]","args":[{"element-6066-11e4-a52e-4f735466cecf":"f.C9F7354B4C3623E4DF2D19FF41AB4D20.d.E1E68154077409B33A3F356FFFDF8C8F.e.3046","ELEMENT":"f.C9F7354B4C3623E4DF2D19FF41AB4D20.d.E1E68154077409B33A3F356FFFDF8C8F.e.3046"}]}
COMMAND: POST /session/2d5135847e5304f57daa7dc4bdee4d03/element/f.C9F7354B4C3623E4DF2D19FF41AB4D20.d.E1E68154077409B33A3F356FFFDF8C8F.e.3046/click - {}
COMMAND: GET /session/2d5135847e5304f57daa7dc4bdee4d03/screenshot - {}
RESULT: {}
RESULT: {}
COMMAND: GET /session/2d5135847e5304f57daa7dc4bdee4d03/screenshot - {}
RESULT: {}
RESULT: {}
COMMAND: POST /session/2d5135847e5304f57daa7dc4bdee4d03/execute/async - {"script":"<script> [1562 bytes]","args":[{"selector":{"id":"application-managepartners-display-component---NewPartner--addressDetailDetailsName1","interaction":{"idSuffix":"inner"}},"wdio_ui5_key":"applicationmanagepartners-display-component---NewPartner--addressDetailDetailsName1"}]}
RESULT: {"script":"<script> [1562 bytes]","args":[{"selector":{"id":"application-managepartners-display-component---NewPartner--addressDetailDetailsName1","interaction":{"idSuffix":"inner"}},"wdio_ui5_key":"applicationmanagepartners-display-component---NewPartner--addressDetailDetailsName1"}]}
RESULT: undefined
COMMAND: POST /session/2d5135847e5304f57daa7dc4bdee4d03/execute/async - {"script":"<script> [776 bytes]","args":[{"enterText":"External Partner WDIO","selector":{"id":"application-managepartners-display-component---NewPartner--addressDetailDetailsName1","interaction":{"idSuffix":"inner"}},"clearTextFirst":true,"interactionType":"ENTER_TEXT"}]}
RESULT: {"script":"<script> [776 bytes]","args":[{"enterText":"External Partner WDIO","selector":{"id":"application-managepartners-display-component---NewPartner--addressDetailDetailsName1","interaction":{"idSuffix":"inner"}},"clearTextFirst":true,"interactionType":"ENTER_TEXT"}]}
COMMAND: POST /session/2d5135847e5304f57daa7dc4bdee4d03/execute/async - {"script":"<script> [1562 bytes]","args":[{"selector":{"id":"application-managepartners-display-component---NewPartner--addressDetailDetailsLanguage-arrow"},"wdio_ui5_key":"applicationmanagepartners-display-component---NewPartner--addressDetailDetailsLanguage-arrow"}]}
RESULT: {"script":"<script> [1562 bytes]","args":[{"selector":{"id":"application-managepartners-display-component---NewPartner--addressDetailDetailsLanguage-arrow"},"wdio_ui5_key":"applicationmanagepartners-display-component---NewPartner--addressDetailDetailsLanguage-arrow"}]}
RESULT: undefined
COMMAND: POST /session/2d5135847e5304f57daa7dc4bdee4d03/element - {"using":"xpath","value":"//*[@id=\"application-managepartners-display-component---NewPartner--addressDetailDetailsLanguage-arrow\"]"}
RESULT: {"using":"xpath","value":"//*[@id=\"application-managepartners-display-component---NewPartner--addressDetailDetailsLanguage-arrow\"]"}
COMMAND: POST /session/2d5135847e5304f57daa7dc4bdee4d03/element/f.C9F7354B4C3623E4DF2D19FF41AB4D20.d.E1E68154077409B33A3F356FFFDF8C8F.e.3505/click - {}
RESULT: {}
COMMAND: POST /session/2d5135847e5304f57daa7dc4bdee4d03/element - {"using":"xpath","value":"//span[contains(text(), \"English\")]"}
COMMAND: GET /session/2d5135847e5304f57daa7dc4bdee4d03/screenshot - {}
RESULT: {"using":"xpath","value":"//span[contains(text(), \"English\")]"}
COMMAND: POST /session/2d5135847e5304f57daa7dc4bdee4d03/element/f.C9F7354B4C3623E4DF2D19FF41AB4D20.d.E1E68154077409B33A3F356FFFDF8C8F.e.3506/click - {}
RESULT: {}
RESULT: {}
COMMAND: GET /session/2d5135847e5304f57daa7dc4bdee4d03/screenshot - {}
RESULT: {}
COMMAND: POST /session/2d5135847e5304f57daa7dc4bdee4d03/execute/async - {"script":"<script> [1562 bytes]","args":[{"selector":{"id":"application-managepartners-display-component---NewPartner--addressDetailDetailsCity1","interaction":{"idSuffix":"inner"}},"wdio_ui5_key":"applicationmanagepartners-display-component---NewPartner--addressDetailDetailsCity1"}]}
RESULT: {"script":"<script> [1562 bytes]","args":[{"selector":{"id":"application-managepartners-display-component---NewPartner--addressDetailDetailsCity1","interaction":{"idSuffix":"inner"}},"wdio_ui5_key":"applicationmanagepartners-display-component---NewPartner--addressDetailDetailsCity1"}]}
RESULT: undefined
COMMAND: POST /session/2d5135847e5304f57daa7dc4bdee4d03/execute/async - {"script":"<script> [776 bytes]","args":[{"enterText":"Rosario","selector":{"id":"application-managepartners-display-component---NewPartner--addressDetailDetailsCity1","interaction":{"idSuffix":"inner"}},"clearTextFirst":true,"interactionType":"ENTER_TEXT"}]}
RESULT: {"script":"<script> [776 bytes]","args":[{"enterText":"Rosario","selector":{"id":"application-managepartners-display-component---NewPartner--addressDetailDetailsCity1","interaction":{"idSuffix":"inner"}},"clearTextFirst":true,"interactionType":"ENTER_TEXT"}]}
COMMAND: POST /session/2d5135847e5304f57daa7dc4bdee4d03/execute/async - {"script":"<script> [1562 bytes]","args":[{"selector":{"id":"application-managepartners-display-component---NewPartner--addressDetailDetailsCountry-arrow"},"wdio_ui5_key":"applicationmanagepartners-display-component---NewPartner--addressDetailDetailsCountry-arrow"}]}
RESULT: {"script":"<script> [1562 bytes]","args":[{"selector":{"id":"application-managepartners-display-component---NewPartner--addressDetailDetailsCountry-arrow"},"wdio_ui5_key":"applicationmanagepartners-display-component---NewPartner--addressDetailDetailsCountry-arrow"}]}
RESULT: undefined
COMMAND: POST /session/2d5135847e5304f57daa7dc4bdee4d03/element - {"using":"xpath","value":"//*[@id=\"application-managepartners-display-component---NewPartner--addressDetailDetailsCountry-arrow\"]"}
RESULT: {"using":"xpath","value":"//*[@id=\"application-managepartners-display-component---NewPartner--addressDetailDetailsCountry-arrow\"]"}
COMMAND: POST /session/2d5135847e5304f57daa7dc4bdee4d03/element/f.C9F7354B4C3623E4DF2D19FF41AB4D20.d.E1E68154077409B33A3F356FFFDF8C8F.e.3473/click - {}
RESULT: {}
COMMAND: POST /session/2d5135847e5304f57daa7dc4bdee4d03/element - {"using":"xpath","value":"//span[contains(text(), \"Argentina\")]"}
COMMAND: GET /session/2d5135847e5304f57daa7dc4bdee4d03/screenshot - {}
RESULT: {"using":"xpath","value":"//span[contains(text(), \"Argentina\")]"}
COMMAND: POST /session/2d5135847e5304f57daa7dc4bdee4d03/element/f.C9F7354B4C3623E4DF2D19FF41AB4D20.d.E1E68154077409B33A3F356FFFDF8C8F.e.3508/click - {}
RESULT: {}
RESULT: {}
COMMAND: GET /session/2d5135847e5304f57daa7dc4bdee4d03/screenshot - {}
RESULT: {}
COMMAND: POST /session/2d5135847e5304f57daa7dc4bdee4d03/element - {"using":"xpath","value":"//bdi[contains(text(), \"Commercial\")]"}
RESULT: {"using":"xpath","value":"//bdi[contains(text(), \"Commercial\")]"}
COMMAND: POST /session/2d5135847e5304f57daa7dc4bdee4d03/element/f.C9F7354B4C3623E4DF2D19FF41AB4D20.d.E1E68154077409B33A3F356FFFDF8C8F.e.3509/click - {}
RESULT: {}
COMMAND: GET /session/2d5135847e5304f57daa7dc4bdee4d03/screenshot - {}
RESULT: {}
COMMAND: POST /session/2d5135847e5304f57daa7dc4bdee4d03/execute/async - {"script":"<script> [1562 bytes]","args":[{"selector":{"id":"application-managepartners-display-component---NewPartner--partnerDetailInternal-arrow"},"wdio_ui5_key":"applicationmanagepartners-display-component---NewPartner--partnerDetailInternal-arrow"}]}
RESULT: {"script":"<script> [1562 bytes]","args":[{"selector":{"id":"application-managepartners-display-component---NewPartner--partnerDetailInternal-arrow"},"wdio_ui5_key":"applicationmanagepartners-display-component---NewPartner--partnerDetailInternal-arrow"}]}
RESULT: undefined
COMMAND: POST /session/2d5135847e5304f57daa7dc4bdee4d03/element - {"using":"xpath","value":"//*[@id=\"application-managepartners-display-component---NewPartner--partnerDetailInternal-arrow\"]"}
RESULT: {"using":"xpath","value":"//*[@id=\"application-managepartners-display-component---NewPartner--partnerDetailInternal-arrow\"]"}
COMMAND: POST /session/2d5135847e5304f57daa7dc4bdee4d03/element/f.C9F7354B4C3623E4DF2D19FF41AB4D20.d.E1E68154077409B33A3F356FFFDF8C8F.e.3515/click - {}
RESULT: {}
COMMAND: POST /session/2d5135847e5304f57daa7dc4bdee4d03/element - {"using":"xpath","value":"//span[contains(text(), \"External partner\")]"}
COMMAND: GET /session/2d5135847e5304f57daa7dc4bdee4d03/screenshot - {}
RESULT: {"using":"xpath","value":"//span[contains(text(), \"External partner\")]"}
COMMAND: POST /session/2d5135847e5304f57daa7dc4bdee4d03/element/f.C9F7354B4C3623E4DF2D19FF41AB4D20.d.E1E68154077409B33A3F356FFFDF8C8F.e.3516/click - {}
RESULT: {}
RESULT: {}
COMMAND: POST /session/2d5135847e5304f57daa7dc4bdee4d03/execute/async - {"script":"<script> [1562 bytes]","args":[{"selector":{"id":"application-managepartners-display-component---NewPartner--partnerDetailsCurrency-arrow"},"wdio_ui5_key":"applicationmanagepartners-display-component---NewPartner--partnerDetailsCurrency-arrow"}]}
COMMAND: GET /session/2d5135847e5304f57daa7dc4bdee4d03/screenshot - {}
RESULT: {"script":"<script> [1562 bytes]","args":[{"selector":{"id":"application-managepartners-display-component---NewPartner--partnerDetailsCurrency-arrow"},"wdio_ui5_key":"applicationmanagepartners-display-component---NewPartner--partnerDetailsCurrency-arrow"}]}
RESULT: undefined
COMMAND: POST /session/2d5135847e5304f57daa7dc4bdee4d03/element - {"using":"xpath","value":"//*[@id=\"application-managepartners-display-component---NewPartner--partnerDetailsCurrency-arrow\"]"}
RESULT: {}
RESULT: {"using":"xpath","value":"//*[@id=\"application-managepartners-display-component---NewPartner--partnerDetailsCurrency-arrow\"]"}
COMMAND: POST /session/2d5135847e5304f57daa7dc4bdee4d03/element/f.C9F7354B4C3623E4DF2D19FF41AB4D20.d.E1E68154077409B33A3F356FFFDF8C8F.e.3521/click - {}
RESULT: {}
COMMAND: POST /session/2d5135847e5304f57daa7dc4bdee4d03/element - {"using":"xpath","value":"//span[contains(text(), \"US Dollar\")]"}
COMMAND: GET /session/2d5135847e5304f57daa7dc4bdee4d03/screenshot - {}
RESULT: {"using":"xpath","value":"//span[contains(text(), \"US Dollar\")]"}
COMMAND: POST /session/2d5135847e5304f57daa7dc4bdee4d03/element/f.C9F7354B4C3623E4DF2D19FF41AB4D20.d.E1E68154077409B33A3F356FFFDF8C8F.e.3522/click - {}
RESULT: {}
RESULT: {}
COMMAND: GET /session/2d5135847e5304f57daa7dc4bdee4d03/screenshot - {}
RESULT: {}
COMMAND: POST /session/2d5135847e5304f57daa7dc4bdee4d03/element - {"using":"xpath","value":"//input[@id=\"application-managepartners-display-component---NewPartner--companyCodeComboBox-inner\"]"}
RESULT: {"using":"xpath","value":"//input[@id=\"application-managepartners-display-component---NewPartner--companyCodeComboBox-inner\"]"}
COMMAND: POST /session/2d5135847e5304f57daa7dc4bdee4d03/element/f.C9F7354B4C3623E4DF2D19FF41AB4D20.d.E1E68154077409B33A3F356FFFDF8C8F.e.3370/clear - {}
RESULT: {}
COMMAND: POST /session/2d5135847e5304f57daa7dc4bdee4d03/element/f.C9F7354B4C3623E4DF2D19FF41AB4D20.d.E1E68154077409B33A3F356FFFDF8C8F.e.3370/value - {"text":"C002"}
COMMAND: GET /session/2d5135847e5304f57daa7dc4bdee4d03/screenshot - {}
RESULT: {"text":"C002"}
COMMAND: GET /session/2d5135847e5304f57daa7dc4bdee4d03/screenshot - {}
RESULT: {}
RESULT: {}
COMMAND: POST /session/2d5135847e5304f57daa7dc4bdee4d03/element - {"using":"xpath","value":"//li[.//span[text()= \"C002\"]]"}
RESULT: {"using":"xpath","value":"//li[.//span[text()= \"C002\"]]"}
COMMAND: POST /session/2d5135847e5304f57daa7dc4bdee4d03/element/f.C9F7354B4C3623E4DF2D19FF41AB4D20.d.E1E68154077409B33A3F356FFFDF8C8F.e.3526/click - {}
RESULT: {}
COMMAND: GET /session/2d5135847e5304f57daa7dc4bdee4d03/screenshot - {}
RESULT: {}
COMMAND: POST /session/2d5135847e5304f57daa7dc4bdee4d03/execute/async - {"script":"<script> [1562 bytes]","args":[{"selector":{"id":"application-managepartners-display-component---NewPartner--btnAddTableRow-img"},"wdio_ui5_key":"applicationmanagepartners-display-component---NewPartner--btnAddTableRow-img"}]}
RESULT: {"script":"<script> [1562 bytes]","args":[{"selector":{"id":"application-managepartners-display-component---NewPartner--btnAddTableRow-img"},"wdio_ui5_key":"applicationmanagepartners-display-component---NewPartner--btnAddTableRow-img"}]}
RESULT: undefined
COMMAND: POST /session/2d5135847e5304f57daa7dc4bdee4d03/element - {"using":"xpath","value":"//*[@id=\"application-managepartners-display-component---NewPartner--btnAddTableRow-img\"]"}
RESULT: {"using":"xpath","value":"//*[@id=\"application-managepartners-display-component---NewPartner--btnAddTableRow-img\"]"}
COMMAND: POST /session/2d5135847e5304f57daa7dc4bdee4d03/element/f.C9F7354B4C3623E4DF2D19FF41AB4D20.d.E1E68154077409B33A3F356FFFDF8C8F.e.3527/click - {}
RESULT: {}
COMMAND: GET /session/2d5135847e5304f57daa7dc4bdee4d03/screenshot - {}
RESULT: {}
COMMAND: POST /session/2d5135847e5304f57daa7dc4bdee4d03/element - {"using":"xpath","value":"//input[@id=\"application-managepartners-display-component---NewPartner--assignmentYard-application-managepartners-display-component---NewPartner--assignmentsTable-0-inner\"]"}
RESULT: {"using":"xpath","value":"//input[@id=\"application-managepartners-display-component---NewPartner--assignmentYard-application-managepartners-display-component---NewPartner--assignmentsTable-0-inner\"]"}
COMMAND: POST /session/2d5135847e5304f57daa7dc4bdee4d03/element/f.C9F7354B4C3623E4DF2D19FF41AB4D20.d.E1E68154077409B33A3F356FFFDF8C8F.e.3530/clear - {}
RESULT: {}
COMMAND: POST /session/2d5135847e5304f57daa7dc4bdee4d03/element/f.C9F7354B4C3623E4DF2D19FF41AB4D20.d.E1E68154077409B33A3F356FFFDF8C8F.e.3530/value - {"text":"514"}
COMMAND: GET /session/2d5135847e5304f57daa7dc4bdee4d03/screenshot - {}
RESULT: {"text":"514"}
COMMAND: GET /session/2d5135847e5304f57daa7dc4bdee4d03/screenshot - {}
RESULT: {}
RESULT: {}
COMMAND: POST /session/2d5135847e5304f57daa7dc4bdee4d03/element - {"using":"xpath","value":"//li[.//span[text()='514']]"}
RESULT: {"using":"xpath","value":"//li[.//span[text()='514']]"}
COMMAND: POST /session/2d5135847e5304f57daa7dc4bdee4d03/element/f.C9F7354B4C3623E4DF2D19FF41AB4D20.d.E1E68154077409B33A3F356FFFDF8C8F.e.3537/click - {}
RESULT: {}
COMMAND: GET /session/2d5135847e5304f57daa7dc4bdee4d03/screenshot - {}
RESULT: {}
COMMAND: POST /session/2d5135847e5304f57daa7dc4bdee4d03/actions - {"actions":[{"id":"action6","type":"key","parameters":{},"actions":[{"type":"keyDown","value":"î€‡"},{"type":"pause","duration":10},{"type":"keyUp","value":"î€‡"}]}]}
RESULT: {"actions":[{"id":"action6","type":"key","parameters":{},"actions":[{"type":"keyDown","value":"î€‡"},{"type":"pause","duration":10},{"type":"keyUp","value":"î€‡"}]}]}
COMMAND: POST /session/2d5135847e5304f57daa7dc4bdee4d03/element - {"using":"xpath","value":"//td[contains(@id, \"assignmentsTable-0-cell2\")]/div/div"}
COMMAND: GET /session/2d5135847e5304f57daa7dc4bdee4d03/screenshot - {}
RESULT: {"using":"xpath","value":"//td[contains(@id, \"assignmentsTable-0-cell2\")]/div/div"}
COMMAND: POST /session/2d5135847e5304f57daa7dc4bdee4d03/element/f.C9F7354B4C3623E4DF2D19FF41AB4D20.d.E1E68154077409B33A3F356FFFDF8C8F.e.3540/click - {}
RESULT: {}
RESULT: {}
COMMAND: GET /session/2d5135847e5304f57daa7dc4bdee4d03/screenshot - {}
RESULT: {}
COMMAND: POST /session/2d5135847e5304f57daa7dc4bdee4d03/element - {"using":"xpath","value":"//button[@data-kt=\"saveButton\"]"}
RESULT: {"using":"xpath","value":"//button[@data-kt=\"saveButton\"]"}
COMMAND: POST /session/2d5135847e5304f57daa7dc4bdee4d03/element/f.C9F7354B4C3623E4DF2D19FF41AB4D20.d.E1E68154077409B33A3F356FFFDF8C8F.e.3415/click - {}
RESULT: {}
COMMAND: GET /session/2d5135847e5304f57daa7dc4bdee4d03/screenshot - {}
RESULT: {}
COMMAND: POST /session/2d5135847e5304f57daa7dc4bdee4d03/element - {"using":"xpath","value":"//header[contains(@id, 'ObjectPageLayout-headerTitle')]/div[1]/div[2]/div[2]/span[1]"}
RESULT: {"using":"xpath","value":"//header[contains(@id, 'ObjectPageLayout-headerTitle')]/div[1]/div[2]/div[2]/span[1]"}
COMMAND: POST /session/2d5135847e5304f57daa7dc4bdee4d03/elements - {"using":"xpath","value":"//header[contains(@id, 'ObjectPageLayout-headerTitle')]/div[1]/div[2]/div[2]/span[1]"}
RESULT: {"using":"xpath","value":"//header[contains(@id, 'ObjectPageLayout-headerTitle')]/div[1]/div[2]/div[2]/span[1]"}
COMMAND: POST /session/2d5135847e5304f57daa7dc4bdee4d03/execute/sync - {"script":"<script> [56 bytes]","args":[{"element-6066-11e4-a52e-4f735466cecf":"f.C9F7354B4C3623E4DF2D19FF41AB4D20.d.E1E68154077409B33A3F356FFFDF8C8F.e.3702","ELEMENT":"f.C9F7354B4C3623E4DF2D19FF41AB4D20.d.E1E68154077409B33A3F356FFFDF8C8F.e.3702"}]}
RESULT: {"script":"<script> [56 bytes]","args":[{"element-6066-11e4-a52e-4f735466cecf":"f.C9F7354B4C3623E4DF2D19FF41AB4D20.d.E1E68154077409B33A3F356FFFDF8C8F.e.3702","ELEMENT":"f.C9F7354B4C3623E4DF2D19FF41AB4D20.d.E1E68154077409B33A3F356FFFDF8C8F.e.3702"}]}
COMMAND: POST /session/2d5135847e5304f57daa7dc4bdee4d03/element - {"using":"css selector","value":"#shell-header-logo"}
COMMAND: GET /session/2d5135847e5304f57daa7dc4bdee4d03/screenshot - {}
RESULT: {"using":"css selector","value":"#shell-header-logo"}
COMMAND: POST /session/2d5135847e5304f57daa7dc4bdee4d03/element/f.C9F7354B4C3623E4DF2D19FF41AB4D20.d.E1E68154077409B33A3F356FFFDF8C8F.e.3012/click - {}
RESULT: {}
RESULT: {}
COMMAND: GET /session/2d5135847e5304f57daa7dc4bdee4d03/screenshot - {}
RESULT: {}
COMMAND: POST /session/2d5135847e5304f57daa7dc4bdee4d03/execute/sync - {"script":"<script> [299 bytes]","args":[["getModel","getResource"]]}
RESULT: {"script":"<script> [299 bytes]","args":[["getModel","getResource"]]}
]]></system-out>
    </testcase>
    <testcase classname="chrome.136_0_7103_93.windows.Create_partner_US118246" name="Should create a new yard in case create yard failed" time="0.004" />
    <testcase classname="chrome.136_0_7103_93.windows.Create_partner_US118246" name="Should create new external WHM partner" time="84.131">
      <system-out><![CDATA[
COMMAND: GET /session/2d5135847e5304f57daa7dc4bdee4d03/screenshot - {}
COMMAND: POST /session/2d5135847e5304f57daa7dc4bdee4d03/window/fullscreen - {}
RESULT: {}
RESULT: {}
RESULT: undefined
COMMAND: POST /session/2d5135847e5304f57daa7dc4bdee4d03/element - {"using":"xpath","value":"//*[@id=\"__tile38\"]"}
RESULT: {"using":"xpath","value":"//*[@id=\"__tile38\"]"}
COMMAND: POST /session/2d5135847e5304f57daa7dc4bdee4d03/element/f.C9F7354B4C3623E4DF2D19FF41AB4D20.d.E1E68154077409B33A3F356FFFDF8C8F.e.2896/click - {}
RESULT: {}
COMMAND: GET /session/2d5135847e5304f57daa7dc4bdee4d03/screenshot - {}
COMMAND: POST /session/2d5135847e5304f57daa7dc4bdee4d03/elements - {"using":"xpath","value":"//span[text()='Error']"}
RESULT: {}
RESULT: {"using":"xpath","value":"//span[text()='Error']"}
COMMAND: POST /session/2d5135847e5304f57daa7dc4bdee4d03/element - {"using":"xpath","value":"//button[@data-kt=\"addButton\"]"}
RESULT: {"using":"xpath","value":"//button[@data-kt=\"addButton\"]"}
COMMAND: POST /session/2d5135847e5304f57daa7dc4bdee4d03/elements - {"using":"xpath","value":"//button[@data-kt=\"addButton\"]"}
RESULT: {"using":"xpath","value":"//button[@data-kt=\"addButton\"]"}
COMMAND: POST /session/2d5135847e5304f57daa7dc4bdee4d03/elements - {"using":"xpath","value":"//button[@data-kt=\"addButton\"]"}
RESULT: {"using":"xpath","value":"//button[@data-kt=\"addButton\"]"}
COMMAND: POST /session/2d5135847e5304f57daa7dc4bdee4d03/element - {"using":"xpath","value":"//button[@data-kt=\"addButton\"]"}
RESULT: {"using":"xpath","value":"//button[@data-kt=\"addButton\"]"}
COMMAND: POST /session/2d5135847e5304f57daa7dc4bdee4d03/execute/sync - {"script":"<script> [8489 bytes]","args":[{"element-6066-11e4-a52e-4f735466cecf":"f.C9F7354B4C3623E4DF2D19FF41AB4D20.d.E1E68154077409B33A3F356FFFDF8C8F.e.3749","ELEMENT":"f.C9F7354B4C3623E4DF2D19FF41AB4D20.d.E1E68154077409B33A3F356FFFDF8C8F.e.3749"}]}
RESULT: {"script":"<script> [8489 bytes]","args":[{"element-6066-11e4-a52e-4f735466cecf":"f.C9F7354B4C3623E4DF2D19FF41AB4D20.d.E1E68154077409B33A3F356FFFDF8C8F.e.3749","ELEMENT":"f.C9F7354B4C3623E4DF2D19FF41AB4D20.d.E1E68154077409B33A3F356FFFDF8C8F.e.3749"}]}
COMMAND: GET /session/2d5135847e5304f57daa7dc4bdee4d03/element/f.C9F7354B4C3623E4DF2D19FF41AB4D20.d.E1E68154077409B33A3F356FFFDF8C8F.e.3749/enabled - {}
COMMAND: GET /session/2d5135847e5304f57daa7dc4bdee4d03/screenshot - {}
RESULT: {}
COMMAND: POST /session/2d5135847e5304f57daa7dc4bdee4d03/execute/sync - {"script":"<script> [8489 bytes]","args":[{"element-6066-11e4-a52e-4f735466cecf":"f.C9F7354B4C3623E4DF2D19FF41AB4D20.d.E1E68154077409B33A3F356FFFDF8C8F.e.3749","ELEMENT":"f.C9F7354B4C3623E4DF2D19FF41AB4D20.d.E1E68154077409B33A3F356FFFDF8C8F.e.3749"}]}
COMMAND: GET /session/2d5135847e5304f57daa7dc4bdee4d03/screenshot - {}
RESULT: {}
RESULT: {"script":"<script> [8489 bytes]","args":[{"element-6066-11e4-a52e-4f735466cecf":"f.C9F7354B4C3623E4DF2D19FF41AB4D20.d.E1E68154077409B33A3F356FFFDF8C8F.e.3749","ELEMENT":"f.C9F7354B4C3623E4DF2D19FF41AB4D20.d.E1E68154077409B33A3F356FFFDF8C8F.e.3749"}]}
COMMAND: POST /session/2d5135847e5304f57daa7dc4bdee4d03/execute/sync - {"script":"<script> [5351 bytes]","args":[{"element-6066-11e4-a52e-4f735466cecf":"f.C9F7354B4C3623E4DF2D19FF41AB4D20.d.E1E68154077409B33A3F356FFFDF8C8F.e.3749","ELEMENT":"f.C9F7354B4C3623E4DF2D19FF41AB4D20.d.E1E68154077409B33A3F356FFFDF8C8F.e.3749"}]}
COMMAND: GET /session/2d5135847e5304f57daa7dc4bdee4d03/screenshot - {}
RESULT: {}
RESULT: {"script":"<script> [5351 bytes]","args":[{"element-6066-11e4-a52e-4f735466cecf":"f.C9F7354B4C3623E4DF2D19FF41AB4D20.d.E1E68154077409B33A3F356FFFDF8C8F.e.3749","ELEMENT":"f.C9F7354B4C3623E4DF2D19FF41AB4D20.d.E1E68154077409B33A3F356FFFDF8C8F.e.3749"}]}
COMMAND: POST /session/2d5135847e5304f57daa7dc4bdee4d03/element/f.C9F7354B4C3623E4DF2D19FF41AB4D20.d.E1E68154077409B33A3F356FFFDF8C8F.e.3749/click - {}
COMMAND: GET /session/2d5135847e5304f57daa7dc4bdee4d03/screenshot - {}
RESULT: {}
RESULT: {}
COMMAND: GET /session/2d5135847e5304f57daa7dc4bdee4d03/screenshot - {}
RESULT: {}
RESULT: undefined
COMMAND: POST /session/2d5135847e5304f57daa7dc4bdee4d03/execute/async - {"script":"<script> [776 bytes]","args":[{"enterText":"External Partner WDIO","selector":{"id":"application-managepartners-display-component---NewPartner--addressDetailDetailsName1","interaction":{"idSuffix":"inner"}},"clearTextFirst":true,"interactionType":"ENTER_TEXT"}]}
RESULT: {}
RESULT: {"script":"<script> [776 bytes]","args":[{"enterText":"External Partner WDIO","selector":{"id":"application-managepartners-display-component---NewPartner--addressDetailDetailsName1","interaction":{"idSuffix":"inner"}},"clearTextFirst":true,"interactionType":"ENTER_TEXT"}]}
RESULT: undefined
COMMAND: POST /session/2d5135847e5304f57daa7dc4bdee4d03/element - {"using":"xpath","value":"//*[@id=\"application-managepartners-display-component---NewPartner--addressDetailDetailsLanguage-arrow\"]"}
RESULT: {"using":"xpath","value":"//*[@id=\"application-managepartners-display-component---NewPartner--addressDetailDetailsLanguage-arrow\"]"}
COMMAND: POST /session/2d5135847e5304f57daa7dc4bdee4d03/element/f.C9F7354B4C3623E4DF2D19FF41AB4D20.d.E1E68154077409B33A3F356FFFDF8C8F.e.4193/click - {}
RESULT: {}
COMMAND: POST /session/2d5135847e5304f57daa7dc4bdee4d03/element - {"using":"xpath","value":"//span[contains(text(), \"English\")]"}
COMMAND: GET /session/2d5135847e5304f57daa7dc4bdee4d03/screenshot - {}
RESULT: {"using":"xpath","value":"//span[contains(text(), \"English\")]"}
COMMAND: POST /session/2d5135847e5304f57daa7dc4bdee4d03/element/f.C9F7354B4C3623E4DF2D19FF41AB4D20.d.E1E68154077409B33A3F356FFFDF8C8F.e.4194/click - {}
RESULT: {}
RESULT: {}
COMMAND: GET /session/2d5135847e5304f57daa7dc4bdee4d03/screenshot - {}
RESULT: {}
RESULT: undefined
COMMAND: POST /session/2d5135847e5304f57daa7dc4bdee4d03/execute/async - {"script":"<script> [776 bytes]","args":[{"enterText":"Rosario","selector":{"id":"application-managepartners-display-component---NewPartner--addressDetailDetailsCity1","interaction":{"idSuffix":"inner"}},"clearTextFirst":true,"interactionType":"ENTER_TEXT"}]}
RESULT: {"script":"<script> [776 bytes]","args":[{"enterText":"Rosario","selector":{"id":"application-managepartners-display-component---NewPartner--addressDetailDetailsCity1","interaction":{"idSuffix":"inner"}},"clearTextFirst":true,"interactionType":"ENTER_TEXT"}]}
RESULT: undefined
COMMAND: POST /session/2d5135847e5304f57daa7dc4bdee4d03/element - {"using":"xpath","value":"//*[@id=\"application-managepartners-display-component---NewPartner--addressDetailDetailsCountry-arrow\"]"}
RESULT: {"using":"xpath","value":"//*[@id=\"application-managepartners-display-component---NewPartner--addressDetailDetailsCountry-arrow\"]"}
COMMAND: POST /session/2d5135847e5304f57daa7dc4bdee4d03/element/f.C9F7354B4C3623E4DF2D19FF41AB4D20.d.E1E68154077409B33A3F356FFFDF8C8F.e.4181/click - {}
RESULT: {}
COMMAND: POST /session/2d5135847e5304f57daa7dc4bdee4d03/element - {"using":"xpath","value":"//span[contains(text(), \"Argentina\")]"}
COMMAND: GET /session/2d5135847e5304f57daa7dc4bdee4d03/screenshot - {}
RESULT: {"using":"xpath","value":"//span[contains(text(), \"Argentina\")]"}
COMMAND: POST /session/2d5135847e5304f57daa7dc4bdee4d03/element/f.C9F7354B4C3623E4DF2D19FF41AB4D20.d.E1E68154077409B33A3F356FFFDF8C8F.e.4195/click - {}
RESULT: {}
RESULT: {}
COMMAND: GET /session/2d5135847e5304f57daa7dc4bdee4d03/screenshot - {}
RESULT: {}
COMMAND: POST /session/2d5135847e5304f57daa7dc4bdee4d03/element - {"using":"xpath","value":"//bdi[contains(text(), \"Commercial\")]"}
RESULT: {"using":"xpath","value":"//bdi[contains(text(), \"Commercial\")]"}
COMMAND: POST /session/2d5135847e5304f57daa7dc4bdee4d03/element/f.C9F7354B4C3623E4DF2D19FF41AB4D20.d.E1E68154077409B33A3F356FFFDF8C8F.e.4196/click - {}
RESULT: {}
COMMAND: GET /session/2d5135847e5304f57daa7dc4bdee4d03/screenshot - {}
RESULT: {}
RESULT: undefined
COMMAND: POST /session/2d5135847e5304f57daa7dc4bdee4d03/element - {"using":"xpath","value":"//*[@id=\"application-managepartners-display-component---NewPartner--partnerDetailInternal-arrow\"]"}
RESULT: {"using":"xpath","value":"//*[@id=\"application-managepartners-display-component---NewPartner--partnerDetailInternal-arrow\"]"}
COMMAND: POST /session/2d5135847e5304f57daa7dc4bdee4d03/element/f.C9F7354B4C3623E4DF2D19FF41AB4D20.d.E1E68154077409B33A3F356FFFDF8C8F.e.4202/click - {}
RESULT: {}
COMMAND: POST /session/2d5135847e5304f57daa7dc4bdee4d03/element - {"using":"xpath","value":"//span[contains(text(), \"External partner\")]"}
COMMAND: GET /session/2d5135847e5304f57daa7dc4bdee4d03/screenshot - {}
RESULT: {"using":"xpath","value":"//span[contains(text(), \"External partner\")]"}
COMMAND: POST /session/2d5135847e5304f57daa7dc4bdee4d03/element/f.C9F7354B4C3623E4DF2D19FF41AB4D20.d.E1E68154077409B33A3F356FFFDF8C8F.e.4205/click - {}
RESULT: {}
RESULT: {}
RESULT: undefined
COMMAND: POST /session/2d5135847e5304f57daa7dc4bdee4d03/element - {"using":"xpath","value":"//*[@id=\"application-managepartners-display-component---NewPartner--partnerDetailsCurrency-arrow\"]"}
COMMAND: GET /session/2d5135847e5304f57daa7dc4bdee4d03/screenshot - {}
RESULT: {"using":"xpath","value":"//*[@id=\"application-managepartners-display-component---NewPartner--partnerDetailsCurrency-arrow\"]"}
COMMAND: POST /session/2d5135847e5304f57daa7dc4bdee4d03/element/f.C9F7354B4C3623E4DF2D19FF41AB4D20.d.E1E68154077409B33A3F356FFFDF8C8F.e.4210/click - {}
RESULT: {}
RESULT: {}
COMMAND: POST /session/2d5135847e5304f57daa7dc4bdee4d03/element - {"using":"xpath","value":"//span[contains(text(), \"US Dollar\")]"}
COMMAND: GET /session/2d5135847e5304f57daa7dc4bdee4d03/screenshot - {}
RESULT: {"using":"xpath","value":"//span[contains(text(), \"US Dollar\")]"}
COMMAND: POST /session/2d5135847e5304f57daa7dc4bdee4d03/element/f.C9F7354B4C3623E4DF2D19FF41AB4D20.d.E1E68154077409B33A3F356FFFDF8C8F.e.4211/click - {}
RESULT: {}
RESULT: {}
COMMAND: GET /session/2d5135847e5304f57daa7dc4bdee4d03/screenshot - {}
RESULT: {}
COMMAND: POST /session/2d5135847e5304f57daa7dc4bdee4d03/element - {"using":"xpath","value":"//input[@id=\"application-managepartners-display-component---NewPartner--companyCodeComboBox-inner\"]"}
RESULT: {"using":"xpath","value":"//input[@id=\"application-managepartners-display-component---NewPartner--companyCodeComboBox-inner\"]"}
COMMAND: POST /session/2d5135847e5304f57daa7dc4bdee4d03/element/f.C9F7354B4C3623E4DF2D19FF41AB4D20.d.E1E68154077409B33A3F356FFFDF8C8F.e.4061/clear - {}
RESULT: {}
COMMAND: POST /session/2d5135847e5304f57daa7dc4bdee4d03/element/f.C9F7354B4C3623E4DF2D19FF41AB4D20.d.E1E68154077409B33A3F356FFFDF8C8F.e.4061/value - {"text":"C002"}
COMMAND: GET /session/2d5135847e5304f57daa7dc4bdee4d03/screenshot - {}
RESULT: {"text":"C002"}
COMMAND: GET /session/2d5135847e5304f57daa7dc4bdee4d03/screenshot - {}
RESULT: {}
RESULT: {}
COMMAND: POST /session/2d5135847e5304f57daa7dc4bdee4d03/element - {"using":"xpath","value":"//li[.//span[text()= \"C002\"]]"}
RESULT: {"using":"xpath","value":"//li[.//span[text()= \"C002\"]]"}
COMMAND: POST /session/2d5135847e5304f57daa7dc4bdee4d03/element/f.C9F7354B4C3623E4DF2D19FF41AB4D20.d.E1E68154077409B33A3F356FFFDF8C8F.e.4215/click - {}
RESULT: {}
COMMAND: GET /session/2d5135847e5304f57daa7dc4bdee4d03/screenshot - {}
RESULT: {}
RESULT: undefined
COMMAND: POST /session/2d5135847e5304f57daa7dc4bdee4d03/element - {"using":"xpath","value":"//*[@id=\"application-managepartners-display-component---NewPartner--btnAddTableRow-img\"]"}
RESULT: {"using":"xpath","value":"//*[@id=\"application-managepartners-display-component---NewPartner--btnAddTableRow-img\"]"}
COMMAND: POST /session/2d5135847e5304f57daa7dc4bdee4d03/element/f.C9F7354B4C3623E4DF2D19FF41AB4D20.d.E1E68154077409B33A3F356FFFDF8C8F.e.4216/click - {}
RESULT: {}
COMMAND: GET /session/2d5135847e5304f57daa7dc4bdee4d03/screenshot - {}
RESULT: {}
COMMAND: POST /session/2d5135847e5304f57daa7dc4bdee4d03/element - {"using":"xpath","value":"//input[@id=\"application-managepartners-display-component---NewPartner--assignmentYard-application-managepartners-display-component---NewPartner--assignmentsTable-0-inner\"]"}
RESULT: {"using":"xpath","value":"//input[@id=\"application-managepartners-display-component---NewPartner--assignmentYard-application-managepartners-display-component---NewPartner--assignmentsTable-0-inner\"]"}
COMMAND: POST /session/2d5135847e5304f57daa7dc4bdee4d03/element/f.C9F7354B4C3623E4DF2D19FF41AB4D20.d.E1E68154077409B33A3F356FFFDF8C8F.e.4219/clear - {}
RESULT: {}
COMMAND: POST /session/2d5135847e5304f57daa7dc4bdee4d03/element/f.C9F7354B4C3623E4DF2D19FF41AB4D20.d.E1E68154077409B33A3F356FFFDF8C8F.e.4219/value - {"text":"515"}
COMMAND: GET /session/2d5135847e5304f57daa7dc4bdee4d03/screenshot - {}
RESULT: {"text":"515"}
COMMAND: GET /session/2d5135847e5304f57daa7dc4bdee4d03/screenshot - {}
RESULT: {}
RESULT: {}
COMMAND: POST /session/2d5135847e5304f57daa7dc4bdee4d03/element - {"using":"xpath","value":"//li[.//span[text()='515']]"}
RESULT: {"using":"xpath","value":"//li[.//span[text()='515']]"}
COMMAND: POST /session/2d5135847e5304f57daa7dc4bdee4d03/element/f.C9F7354B4C3623E4DF2D19FF41AB4D20.d.E1E68154077409B33A3F356FFFDF8C8F.e.4226/click - {}
RESULT: {}
COMMAND: GET /session/2d5135847e5304f57daa7dc4bdee4d03/screenshot - {}
RESULT: {}
COMMAND: POST /session/2d5135847e5304f57daa7dc4bdee4d03/actions - {"actions":[{"id":"action7","type":"key","parameters":{},"actions":[{"type":"keyDown","value":"î€‡"},{"type":"pause","duration":10},{"type":"keyUp","value":"î€‡"}]}]}
RESULT: {"actions":[{"id":"action7","type":"key","parameters":{},"actions":[{"type":"keyDown","value":"î€‡"},{"type":"pause","duration":10},{"type":"keyUp","value":"î€‡"}]}]}
COMMAND: POST /session/2d5135847e5304f57daa7dc4bdee4d03/element - {"using":"xpath","value":"//td[contains(@id, \"assignmentsTable-0-cell2\")]/div/div"}
COMMAND: GET /session/2d5135847e5304f57daa7dc4bdee4d03/screenshot - {}
RESULT: {"using":"xpath","value":"//td[contains(@id, \"assignmentsTable-0-cell2\")]/div/div"}
COMMAND: POST /session/2d5135847e5304f57daa7dc4bdee4d03/element/f.C9F7354B4C3623E4DF2D19FF41AB4D20.d.E1E68154077409B33A3F356FFFDF8C8F.e.4229/click - {}
RESULT: {}
RESULT: {}
COMMAND: GET /session/2d5135847e5304f57daa7dc4bdee4d03/screenshot - {}
RESULT: {}
COMMAND: POST /session/2d5135847e5304f57daa7dc4bdee4d03/element - {"using":"xpath","value":"//button[@data-kt=\"saveButton\"]"}
RESULT: {"using":"xpath","value":"//button[@data-kt=\"saveButton\"]"}
COMMAND: POST /session/2d5135847e5304f57daa7dc4bdee4d03/element/f.C9F7354B4C3623E4DF2D19FF41AB4D20.d.E1E68154077409B33A3F356FFFDF8C8F.e.4130/click - {}
RESULT: {}
COMMAND: GET /session/2d5135847e5304f57daa7dc4bdee4d03/screenshot - {}
RESULT: {}
COMMAND: POST /session/2d5135847e5304f57daa7dc4bdee4d03/element - {"using":"xpath","value":"//header[contains(@id, 'ObjectPageLayout-headerTitle')]/div[1]/div[2]/div[2]/span[1]"}
RESULT: {"using":"xpath","value":"//header[contains(@id, 'ObjectPageLayout-headerTitle')]/div[1]/div[2]/div[2]/span[1]"}
COMMAND: POST /session/2d5135847e5304f57daa7dc4bdee4d03/elements - {"using":"xpath","value":"//header[contains(@id, 'ObjectPageLayout-headerTitle')]/div[1]/div[2]/div[2]/span[1]"}
RESULT: {"using":"xpath","value":"//header[contains(@id, 'ObjectPageLayout-headerTitle')]/div[1]/div[2]/div[2]/span[1]"}
COMMAND: POST /session/2d5135847e5304f57daa7dc4bdee4d03/execute/sync - {"script":"<script> [56 bytes]","args":[{"element-6066-11e4-a52e-4f735466cecf":"f.C9F7354B4C3623E4DF2D19FF41AB4D20.d.E1E68154077409B33A3F356FFFDF8C8F.e.4393","ELEMENT":"f.C9F7354B4C3623E4DF2D19FF41AB4D20.d.E1E68154077409B33A3F356FFFDF8C8F.e.4393"}]}
RESULT: {"script":"<script> [56 bytes]","args":[{"element-6066-11e4-a52e-4f735466cecf":"f.C9F7354B4C3623E4DF2D19FF41AB4D20.d.E1E68154077409B33A3F356FFFDF8C8F.e.4393","ELEMENT":"f.C9F7354B4C3623E4DF2D19FF41AB4D20.d.E1E68154077409B33A3F356FFFDF8C8F.e.4393"}]}
COMMAND: POST /session/2d5135847e5304f57daa7dc4bdee4d03/element - {"using":"css selector","value":"#shell-header-logo"}
COMMAND: GET /session/2d5135847e5304f57daa7dc4bdee4d03/screenshot - {}
RESULT: {"using":"css selector","value":"#shell-header-logo"}
COMMAND: POST /session/2d5135847e5304f57daa7dc4bdee4d03/element/f.C9F7354B4C3623E4DF2D19FF41AB4D20.d.E1E68154077409B33A3F356FFFDF8C8F.e.3705/click - {}
RESULT: {}
RESULT: {}
COMMAND: GET /session/2d5135847e5304f57daa7dc4bdee4d03/screenshot - {}
RESULT: {}
COMMAND: POST /session/2d5135847e5304f57daa7dc4bdee4d03/execute/sync - {"script":"<script> [299 bytes]","args":[["getModel","getResource"]]}
RESULT: {"script":"<script> [299 bytes]","args":[["getModel","getResource"]]}
COMMAND: POST /session/2d5135847e5304f57daa7dc4bdee4d03/refresh - {}
COMMAND: GET /session/2d5135847e5304f57daa7dc4bdee4d03/screenshot - {}
RESULT: {}
COMMAND: GET /session/2d5135847e5304f57daa7dc4bdee4d03/screenshot - {}
RESULT: {}
RESULT: {}
COMMAND: POST /session/2d5135847e5304f57daa7dc4bdee4d03/refresh - {}
RESULT: {}
COMMAND: GET /session/2d5135847e5304f57daa7dc4bdee4d03/screenshot - {}
RESULT: {}
COMMAND: POST /session/2d5135847e5304f57daa7dc4bdee4d03/window/fullscreen - {}
RESULT: {}
COMMAND: POST /session/2d5135847e5304f57daa7dc4bdee4d03/execute/async - {"script":"<script> [189 bytes]","args":[]}
RESULT: {"script":"<script> [189 bytes]","args":[]}
COMMAND: POST /session/2d5135847e5304f57daa7dc4bdee4d03/execute/async - {"script":"<script> [123 bytes]","args":[]}
RESULT: {"script":"<script> [123 bytes]","args":[]}
COMMAND: POST /session/2d5135847e5304f57daa7dc4bdee4d03/timeouts - {"script":"<number>"}
RESULT: {"script":"<number>"}
COMMAND: GET /session/2d5135847e5304f57daa7dc4bdee4d03/timeouts - {}
RESULT: {}
RESULT: undefined
COMMAND: POST /session/2d5135847e5304f57daa7dc4bdee4d03/execute/async - {"script":"<script> [2676 bytes]","args":[]}
RESULT: {"script":"<script> [2676 bytes]","args":[]}
COMMAND: POST /session/2d5135847e5304f57daa7dc4bdee4d03/execute/async - {"script":"<script> [2342 bytes]","args":[{"protocol":"http","hostname":"0.0.0.0","path":"/","capabilities":{"browserName":"chrome","goog:chromeOptions":{"binary":"C:\\Program Files\\Google\\Chrome\\Application\\chrome.exe","args":["--start-maximized"]}},"logLevel":"warn","connectionRetryTimeout":120000,"connectionRetryCount":3,"logLevels":{},"enableDirectConnect":true,"strictSSL":true,"_":"65 more keys: [\"cacheDir\",\"port\",\"requestedCapabilities\",\"automationProtocol\",\"baseUrl\",\"waitforInterval\",\"waitforTimeout\",\"onReload\",\"beforeCommand\",\"afterCommand\",\"rootDir\",\"specs\",\"suites\",\"exclude\",\"groupLogsByTestSpec\",\"excludeDriverLogs\",\"bail\",\"framework\",\"reporters\",\"services\",\"maxInstances\",\"maxInstancesPerCapability\",\"injectGlobals\",\"filesToWatch\",\"execArgv\",\"runnerEnv\",\"runner\",\"shard\",\"specFileRetries\",\"specFileRetriesDelay\",\"specFileRetriesDeferred\",\"reporterSyncInterval\",\"reporterSyncTimeout\",\"cucumberFeaturesWithLineNumbers\",\"autoCompileOpts\",\"mochaOpts\",\"jasmineOpts\",\"cucumberOpts\",\"onPrepare\",\"onWorkerStart\",\"onWorkerEnd\",\"before\",\"beforeSession\",\"beforeSuite\",\"beforeHook\",\"beforeTest\",\"afterTest\",\"afterHook\",\"afterSuite\",\"afterSession\",\"after\",\"onComplete\",\"beforeAssertion\",\"afterAssertion\",\"beforeFeature\",\"beforeScenario\",\"beforeStep\",\"afterStep\",\"afterScenario\",\"afterFeature\",\"_\",\"suite\",\"$0\",\"ignoredWorkerServices\",\"wdi5\"]"}]}
RESULT: {"script":"<script> [2342 bytes]","args":[{"protocol":"http","hostname":"0.0.0.0","path":"/","capabilities":{"browserName":"chrome","goog:chromeOptions":{"binary":"C:\\Program Files\\Google\\Chrome\\Application\\chrome.exe","args":["--start-maximized"]}},"logLevel":"warn","connectionRetryTimeout":120000,"connectionRetryCount":3,"logLevels":{},"enableDirectConnect":true,"strictSSL":true,"_":"65 more keys: [\"cacheDir\",\"port\",\"requestedCapabilities\",\"automationProtocol\",\"baseUrl\",\"waitforInterval\",\"waitforTimeout\",\"onReload\",\"beforeCommand\",\"afterCommand\",\"rootDir\",\"specs\",\"suites\",\"exclude\",\"groupLogsByTestSpec\",\"excludeDriverLogs\",\"bail\",\"framework\",\"reporters\",\"services\",\"maxInstances\",\"maxInstancesPerCapability\",\"injectGlobals\",\"filesToWatch\",\"execArgv\",\"runnerEnv\",\"runner\",\"shard\",\"specFileRetries\",\"specFileRetriesDelay\",\"specFileRetriesDeferred\",\"reporterSyncInterval\",\"reporterSyncTimeout\",\"cucumberFeaturesWithLineNumbers\",\"autoCompileOpts\",\"mochaOpts\",\"jasmineOpts\",\"cucumberOpts\",\"onPrepare\",\"onWorkerStart\",\"onWorkerEnd\",\"before\",\"beforeSession\",\"beforeSuite\",\"beforeHook\",\"beforeTest\",\"afterTest\",\"afterHook\",\"afterSuite\",\"afterSession\",\"after\",\"onComplete\",\"beforeAssertion\",\"afterAssertion\",\"beforeFeature\",\"beforeScenario\",\"beforeStep\",\"afterStep\",\"afterScenario\",\"afterFeature\",\"_\",\"suite\",\"$0\",\"ignoredWorkerServices\",\"wdi5\"]"}]}
COMMAND: POST /session/2d5135847e5304f57daa7dc4bdee4d03/execute/async - {"script":"<script> [21126 bytes]","args":[35000]}
RESULT: {"script":"<script> [21126 bytes]","args":[35000]}
COMMAND: POST /session/2d5135847e5304f57daa7dc4bdee4d03/element - {"using":"css selector","value":"#shell-header-logo"}
RESULT: {"using":"css selector","value":"#shell-header-logo"}
COMMAND: POST /session/2d5135847e5304f57daa7dc4bdee4d03/element/f.C9F7354B4C3623E4DF2D19FF41AB4D20.d.061513D2C605D007A5D0862989E5FCC7.e.4538/click - {}
RESULT: {}
COMMAND: GET /session/2d5135847e5304f57daa7dc4bdee4d03/screenshot - {}
RESULT: {}
COMMAND: POST /session/2d5135847e5304f57daa7dc4bdee4d03/execute/async - {"script":"<script> [1562 bytes]","args":[{"selector":{"controlType":"sap.m.GenericTile","properties":{"header":"Manage Sites"}},"wdio_ui5_key":"sapm.GenericTile{\"header\":\"Manage Sites\"}"}]}
RESULT: {"script":"<script> [1562 bytes]","args":[{"selector":{"controlType":"sap.m.GenericTile","properties":{"header":"Manage Sites"}},"wdio_ui5_key":"sapm.GenericTile{\"header\":\"Manage Sites\"}"}]}
RESULT: undefined
COMMAND: POST /session/2d5135847e5304f57daa7dc4bdee4d03/element - {"using":"xpath","value":"//*[@id=\"__tile32\"]"}
RESULT: {"using":"xpath","value":"//*[@id=\"__tile32\"]"}
COMMAND: POST /session/2d5135847e5304f57daa7dc4bdee4d03/element/f.C9F7354B4C3623E4DF2D19FF41AB4D20.d.061513D2C605D007A5D0862989E5FCC7.e.4467/click - {}
RESULT: {}
COMMAND: GET /session/2d5135847e5304f57daa7dc4bdee4d03/screenshot - {}
RESULT: {}
COMMAND: POST /session/2d5135847e5304f57daa7dc4bdee4d03/elements - {"using":"xpath","value":"//span[text()='Error']"}
RESULT: {"using":"xpath","value":"//span[text()='Error']"}
]]></system-out>
    </testcase>
  </testsuite>
  <testsuite timestamp="2025-05-18T15:25:34" time="172.96" tests="2" failures="0" errors="0" skipped="0">
    <properties>
      <property name="specId" value="0" />
      <property name="suiteName" value="Create 2 sites US118246" />
      <property name="capabilities" value="chrome.136_0_7103_93.windows" />
      <property name="file" value="file:///D:/a/1/s/test/specs/R2C/create-site.spec.js" />
    </properties>
    <testcase classname="chrome.136_0_7103_93.windows.Create_2_sites_US118246" name="Should create new site" time="63.411">
      <system-out><![CDATA[
COMMAND: POST /session/2d5135847e5304f57daa7dc4bdee4d03/execute/async - {"script":"<script> [1562 bytes]","args":[{"selector":{"controlType":"sap.m.Title","viewName":"etm.portal.ui.managesites.view.Master","viewId":"application-managesites-display-component---masterSite","i18NText":{"propertyName":"text","key":"sites"}},"wdio_ui5_key":"etmportal.ui.managesites.view.Mastersap.m.Title{\"propertyName\":\"text\",\"key\":\"sites\"}"}]}
RESULT: {"script":"<script> [1562 bytes]","args":[{"selector":{"controlType":"sap.m.Title","viewName":"etm.portal.ui.managesites.view.Master","viewId":"application-managesites-display-component---masterSite","i18NText":{"propertyName":"text","key":"sites"}},"wdio_ui5_key":"etmportal.ui.managesites.view.Mastersap.m.Title{\"propertyName\":\"text\",\"key\":\"sites\"}"}]}
RESULT: undefined
COMMAND: POST /session/2d5135847e5304f57daa7dc4bdee4d03/execute/async - {"script":"<script> [6424 bytes]","args":[{"element-6066-11e4-a52e-4f735466cecf":"f.C9F7354B4C3623E4DF2D19FF41AB4D20.d.061513D2C605D007A5D0862989E5FCC7.e.4710"},"getText",[]]}
RESULT: {"script":"<script> [6424 bytes]","args":[{"element-6066-11e4-a52e-4f735466cecf":"f.C9F7354B4C3623E4DF2D19FF41AB4D20.d.061513D2C605D007A5D0862989E5FCC7.e.4710"},"getText",[]]}
COMMAND: POST /session/2d5135847e5304f57daa7dc4bdee4d03/execute/async - {"script":"<script> [1562 bytes]","args":[{"selector":{"controlType":"sap.ui.core.Icon","viewName":"etm.portal.ui.managesites.view.Master","viewId":"application-managesites-display-component---masterSite","properties":{"src":{"regex":{"source":"add"}}}},"wdio_ui5_key":"etmportal.ui.managesites.view.Mastersap.ui.core.Icon{\"src\":{\"regex\":{\"source\":\"add\"}}}"}]}
RESULT: {"script":"<script> [1562 bytes]","args":[{"selector":{"controlType":"sap.ui.core.Icon","viewName":"etm.portal.ui.managesites.view.Master","viewId":"application-managesites-display-component---masterSite","properties":{"src":{"regex":{"source":"add"}}}},"wdio_ui5_key":"etmportal.ui.managesites.view.Mastersap.ui.core.Icon{\"src\":{\"regex\":{\"source\":\"add\"}}}"}]}
RESULT: undefined
COMMAND: POST /session/2d5135847e5304f57daa7dc4bdee4d03/element - {"using":"xpath","value":"//*[@id=\"__button4-img\"]"}
RESULT: {"using":"xpath","value":"//*[@id=\"__button4-img\"]"}
COMMAND: POST /session/2d5135847e5304f57daa7dc4bdee4d03/element/f.C9F7354B4C3623E4DF2D19FF41AB4D20.d.061513D2C605D007A5D0862989E5FCC7.e.4588/click - {}
RESULT: {}
COMMAND: POST /session/2d5135847e5304f57daa7dc4bdee4d03/execute/async - {"script":"<script> [1562 bytes]","args":[{"selector":{"id":"application-managesites-display-component---NewSite--siteId","interaction":{"idSuffix":"inner"}},"wdio_ui5_key":"applicationmanagesites-display-component---NewSite--siteId"}]}
COMMAND: GET /session/2d5135847e5304f57daa7dc4bdee4d03/screenshot - {}
RESULT: {"script":"<script> [1562 bytes]","args":[{"selector":{"id":"application-managesites-display-component---NewSite--siteId","interaction":{"idSuffix":"inner"}},"wdio_ui5_key":"applicationmanagesites-display-component---NewSite--siteId"}]}
RESULT: undefined
COMMAND: POST /session/2d5135847e5304f57daa7dc4bdee4d03/execute/async - {"script":"<script> [1562 bytes]","args":[{"selector":{"id":"application-managesites-display-component---NewSite--addressDetailDetailsName1","interaction":{"idSuffix":"inner"}},"wdio_ui5_key":"applicationmanagesites-display-component---NewSite--addressDetailDetailsName1"}]}
RESULT: {}
RESULT: {"script":"<script> [1562 bytes]","args":[{"selector":{"id":"application-managesites-display-component---NewSite--addressDetailDetailsName1","interaction":{"idSuffix":"inner"}},"wdio_ui5_key":"applicationmanagesites-display-component---NewSite--addressDetailDetailsName1"}]}
RESULT: undefined
COMMAND: POST /session/2d5135847e5304f57daa7dc4bdee4d03/execute/async - {"script":"<script> [776 bytes]","args":[{"enterText":"Webdriver Site 3ej3","selector":{"id":"application-managesites-display-component---NewSite--addressDetailDetailsName1","interaction":{"idSuffix":"inner"}},"clearTextFirst":true,"interactionType":"ENTER_TEXT"}]}
RESULT: {"script":"<script> [776 bytes]","args":[{"enterText":"Webdriver Site 3ej3","selector":{"id":"application-managesites-display-component---NewSite--addressDetailDetailsName1","interaction":{"idSuffix":"inner"}},"clearTextFirst":true,"interactionType":"ENTER_TEXT"}]}
COMMAND: POST /session/2d5135847e5304f57daa7dc4bdee4d03/execute/async - {"script":"<script> [1562 bytes]","args":[{"selector":{"id":"application-managesites-display-component---NewSite--addressDetailDetailsLanguage","interaction":{"idSuffix":"inner"}},"wdio_ui5_key":"applicationmanagesites-display-component---NewSite--addressDetailDetailsLanguage"}]}
RESULT: {"script":"<script> [1562 bytes]","args":[{"selector":{"id":"application-managesites-display-component---NewSite--addressDetailDetailsLanguage","interaction":{"idSuffix":"inner"}},"wdio_ui5_key":"applicationmanagesites-display-component---NewSite--addressDetailDetailsLanguage"}]}
RESULT: undefined
COMMAND: POST /session/2d5135847e5304f57daa7dc4bdee4d03/execute/async - {"script":"<script> [776 bytes]","args":[{"enterText":"Romanian","selector":{"id":"application-managesites-display-component---NewSite--addressDetailDetailsLanguage","interaction":{"idSuffix":"inner"}},"clearTextFirst":true,"interactionType":"ENTER_TEXT"}]}
RESULT: {"script":"<script> [776 bytes]","args":[{"enterText":"Romanian","selector":{"id":"application-managesites-display-component---NewSite--addressDetailDetailsLanguage","interaction":{"idSuffix":"inner"}},"clearTextFirst":true,"interactionType":"ENTER_TEXT"}]}
COMMAND: POST /session/2d5135847e5304f57daa7dc4bdee4d03/execute/async - {"script":"<script> [1562 bytes]","args":[{"selector":{"id":"application-managesites-display-component---NewSite--addressDetailDetailsCity1","interaction":{"idSuffix":"inner"}},"wdio_ui5_key":"applicationmanagesites-display-component---NewSite--addressDetailDetailsCity1"}]}
RESULT: {"script":"<script> [1562 bytes]","args":[{"selector":{"id":"application-managesites-display-component---NewSite--addressDetailDetailsCity1","interaction":{"idSuffix":"inner"}},"wdio_ui5_key":"applicationmanagesites-display-component---NewSite--addressDetailDetailsCity1"}]}
RESULT: undefined
COMMAND: POST /session/2d5135847e5304f57daa7dc4bdee4d03/execute/async - {"script":"<script> [776 bytes]","args":[{"enterText":"Bucharest","selector":{"id":"application-managesites-display-component---NewSite--addressDetailDetailsCity1","interaction":{"idSuffix":"inner"}},"clearTextFirst":true,"interactionType":"ENTER_TEXT"}]}
RESULT: {"script":"<script> [776 bytes]","args":[{"enterText":"Bucharest","selector":{"id":"application-managesites-display-component---NewSite--addressDetailDetailsCity1","interaction":{"idSuffix":"inner"}},"clearTextFirst":true,"interactionType":"ENTER_TEXT"}]}
COMMAND: POST /session/2d5135847e5304f57daa7dc4bdee4d03/execute/async - {"script":"<script> [1562 bytes]","args":[{"selector":{"id":"application-managesites-display-component---NewSite--addressDetailDetailsCountry","interaction":{"idSuffix":"inner"}},"wdio_ui5_key":"applicationmanagesites-display-component---NewSite--addressDetailDetailsCountry"}]}
RESULT: {"script":"<script> [1562 bytes]","args":[{"selector":{"id":"application-managesites-display-component---NewSite--addressDetailDetailsCountry","interaction":{"idSuffix":"inner"}},"wdio_ui5_key":"applicationmanagesites-display-component---NewSite--addressDetailDetailsCountry"}]}
RESULT: undefined
COMMAND: POST /session/2d5135847e5304f57daa7dc4bdee4d03/execute/async - {"script":"<script> [776 bytes]","args":[{"enterText":"Romania","selector":{"id":"application-managesites-display-component---NewSite--addressDetailDetailsCountry","interaction":{"idSuffix":"inner"}},"clearTextFirst":true,"interactionType":"ENTER_TEXT"}]}
RESULT: {"script":"<script> [776 bytes]","args":[{"enterText":"Romania","selector":{"id":"application-managesites-display-component---NewSite--addressDetailDetailsCountry","interaction":{"idSuffix":"inner"}},"clearTextFirst":true,"interactionType":"ENTER_TEXT"}]}
COMMAND: POST /session/2d5135847e5304f57daa7dc4bdee4d03/execute/async - {"script":"<script> [1562 bytes]","args":[{"selector":{"id":"application-managesites-display-component---NewSite--addressDetailDetailsCalendar","interaction":{"idSuffix":"inner"}},"wdio_ui5_key":"applicationmanagesites-display-component---NewSite--addressDetailDetailsCalendar"}]}
RESULT: {"script":"<script> [1562 bytes]","args":[{"selector":{"id":"application-managesites-display-component---NewSite--addressDetailDetailsCalendar","interaction":{"idSuffix":"inner"}},"wdio_ui5_key":"applicationmanagesites-display-component---NewSite--addressDetailDetailsCalendar"}]}
RESULT: undefined
COMMAND: POST /session/2d5135847e5304f57daa7dc4bdee4d03/execute/async - {"script":"<script> [776 bytes]","args":[{"enterText":"Germany","selector":{"id":"application-managesites-display-component---NewSite--addressDetailDetailsCalendar","interaction":{"idSuffix":"inner"}},"clearTextFirst":true,"interactionType":"ENTER_TEXT"}]}
RESULT: {"script":"<script> [776 bytes]","args":[{"enterText":"Germany","selector":{"id":"application-managesites-display-component---NewSite--addressDetailDetailsCalendar","interaction":{"idSuffix":"inner"}},"clearTextFirst":true,"interactionType":"ENTER_TEXT"}]}
COMMAND: POST /session/2d5135847e5304f57daa7dc4bdee4d03/execute/async - {"script":"<script> [1562 bytes]","args":[{"selector":{"id":"application-managesites-display-component---NewSite--addressEditDetailsCostObjectCstType-arrow"},"wdio_ui5_key":"applicationmanagesites-display-component---NewSite--addressEditDetailsCostObjectCstType-arrow"}]}
RESULT: {"script":"<script> [1562 bytes]","args":[{"selector":{"id":"application-managesites-display-component---NewSite--addressEditDetailsCostObjectCstType-arrow"},"wdio_ui5_key":"applicationmanagesites-display-component---NewSite--addressEditDetailsCostObjectCstType-arrow"}]}
RESULT: undefined
COMMAND: POST /session/2d5135847e5304f57daa7dc4bdee4d03/element - {"using":"xpath","value":"//*[@id=\"application-managesites-display-component---NewSite--addressEditDetailsCostObjectCstType-arrow\"]"}
RESULT: {"using":"xpath","value":"//*[@id=\"application-managesites-display-component---NewSite--addressEditDetailsCostObjectCstType-arrow\"]"}
COMMAND: POST /session/2d5135847e5304f57daa7dc4bdee4d03/element/f.C9F7354B4C3623E4DF2D19FF41AB4D20.d.061513D2C605D007A5D0862989E5FCC7.e.4986/click - {}
RESULT: {}
COMMAND: POST /session/2d5135847e5304f57daa7dc4bdee4d03/element - {"using":"xpath","value":"//span[contains(text(), \"Work Breakdown Structure\")]"}
COMMAND: GET /session/2d5135847e5304f57daa7dc4bdee4d03/screenshot - {}
RESULT: {"using":"xpath","value":"//span[contains(text(), \"Work Breakdown Structure\")]"}
COMMAND: POST /session/2d5135847e5304f57daa7dc4bdee4d03/element/f.C9F7354B4C3623E4DF2D19FF41AB4D20.d.061513D2C605D007A5D0862989E5FCC7.e.4988/click - {}
RESULT: {}
RESULT: {}
COMMAND: GET /session/2d5135847e5304f57daa7dc4bdee4d03/screenshot - {}
RESULT: {}
COMMAND: POST /session/2d5135847e5304f57daa7dc4bdee4d03/execute/async - {"script":"<script> [1562 bytes]","args":[{"selector":{"id":"application-managesites-display-component---NewSite--addressNewCostObjectCstID-vhi"},"wdio_ui5_key":"applicationmanagesites-display-component---NewSite--addressNewCostObjectCstID-vhi"}]}
RESULT: {"script":"<script> [1562 bytes]","args":[{"selector":{"id":"application-managesites-display-component---NewSite--addressNewCostObjectCstID-vhi"},"wdio_ui5_key":"applicationmanagesites-display-component---NewSite--addressNewCostObjectCstID-vhi"}]}
RESULT: undefined
COMMAND: POST /session/2d5135847e5304f57daa7dc4bdee4d03/element - {"using":"xpath","value":"//*[@id=\"application-managesites-display-component---NewSite--addressNewCostObjectCstID-vhi\"]"}
RESULT: {"using":"xpath","value":"//*[@id=\"application-managesites-display-component---NewSite--addressNewCostObjectCstID-vhi\"]"}
COMMAND: POST /session/2d5135847e5304f57daa7dc4bdee4d03/element/f.C9F7354B4C3623E4DF2D19FF41AB4D20.d.061513D2C605D007A5D0862989E5FCC7.e.4992/click - {}
RESULT: {}
COMMAND: GET /session/2d5135847e5304f57daa7dc4bdee4d03/screenshot - {}
RESULT: {}
COMMAND: POST /session/2d5135847e5304f57daa7dc4bdee4d03/execute/async - {"script":"<script> [1562 bytes]","args":[{"selector":{"controlType":"sap.m.SearchField","properties":{"placeholder":"Search"},"searchOpenDialogs":true,"interaction":{"idSuffix":"I"}},"wdio_ui5_key":"sapm.SearchField{\"placeholder\":\"Search\"}"}]}
RESULT: {"script":"<script> [1562 bytes]","args":[{"selector":{"controlType":"sap.m.SearchField","properties":{"placeholder":"Search"},"searchOpenDialogs":true,"interaction":{"idSuffix":"I"}},"wdio_ui5_key":"sapm.SearchField{\"placeholder\":\"Search\"}"}]}
RESULT: undefined
COMMAND: POST /session/2d5135847e5304f57daa7dc4bdee4d03/execute/async - {"script":"<script> [776 bytes]","args":[{"enterText":"A1-000100-01","selector":{"controlType":"sap.m.SearchField","properties":{"placeholder":"Search"},"searchOpenDialogs":true,"interaction":{"idSuffix":"I"}},"clearTextFirst":true,"interactionType":"ENTER_TEXT"}]}
RESULT: {"script":"<script> [776 bytes]","args":[{"enterText":"A1-000100-01","selector":{"controlType":"sap.m.SearchField","properties":{"placeholder":"Search"},"searchOpenDialogs":true,"interaction":{"idSuffix":"I"}},"clearTextFirst":true,"interactionType":"ENTER_TEXT"}]}
COMMAND: POST /session/2d5135847e5304f57daa7dc4bdee4d03/actions - {"actions":[{"id":"action8","type":"key","parameters":{},"actions":[{"type":"keyDown","value":"î€‡"},{"type":"pause","duration":10},{"type":"keyUp","value":"î€‡"}]}]}
RESULT: {"actions":[{"id":"action8","type":"key","parameters":{},"actions":[{"type":"keyDown","value":"î€‡"},{"type":"pause","duration":10},{"type":"keyUp","value":"î€‡"}]}]}
COMMAND: GET /session/2d5135847e5304f57daa7dc4bdee4d03/screenshot - {}
RESULT: {}
COMMAND: POST /session/2d5135847e5304f57daa7dc4bdee4d03/element - {"using":"xpath","value":"//span[contains(text(), \"Template for ETO-Process\")]"}
RESULT: {"using":"xpath","value":"//span[contains(text(), \"Template for ETO-Process\")]"}
COMMAND: POST /session/2d5135847e5304f57daa7dc4bdee4d03/element/f.C9F7354B4C3623E4DF2D19FF41AB4D20.d.061513D2C605D007A5D0862989E5FCC7.e.5012/click - {}
RESULT: {}
COMMAND: GET /session/2d5135847e5304f57daa7dc4bdee4d03/screenshot - {}
RESULT: {}
COMMAND: POST /session/2d5135847e5304f57daa7dc4bdee4d03/element - {"using":"xpath","value":"//bdi[contains(text(), \"OK\")]"}
RESULT: {"using":"xpath","value":"//bdi[contains(text(), \"OK\")]"}
COMMAND: POST /session/2d5135847e5304f57daa7dc4bdee4d03/element/f.C9F7354B4C3623E4DF2D19FF41AB4D20.d.061513D2C605D007A5D0862989E5FCC7.e.5013/click - {}
RESULT: {}
COMMAND: GET /session/2d5135847e5304f57daa7dc4bdee4d03/screenshot - {}
RESULT: {}
COMMAND: POST /session/2d5135847e5304f57daa7dc4bdee4d03/element - {"using":"xpath","value":"//input[@id=\"application-managesites-display-component---NewSite--addressDetailDetailsYard-inner\"]"}
RESULT: {"using":"xpath","value":"//input[@id=\"application-managesites-display-component---NewSite--addressDetailDetailsYard-inner\"]"}
COMMAND: POST /session/2d5135847e5304f57daa7dc4bdee4d03/element/f.C9F7354B4C3623E4DF2D19FF41AB4D20.d.061513D2C605D007A5D0862989E5FCC7.e.4779/value - {"text":"514"}
RESULT: {"text":"514"}
COMMAND: GET /session/2d5135847e5304f57daa7dc4bdee4d03/screenshot - {}
RESULT: {}
COMMAND: POST /session/2d5135847e5304f57daa7dc4bdee4d03/actions - {"actions":[{"id":"action9","type":"key","parameters":{},"actions":[{"type":"keyDown","value":"î€‡"},{"type":"pause","duration":10},{"type":"keyUp","value":"î€‡"}]}]}
RESULT: {"actions":[{"id":"action9","type":"key","parameters":{},"actions":[{"type":"keyDown","value":"î€‡"},{"type":"pause","duration":10},{"type":"keyUp","value":"î€‡"}]}]}
COMMAND: GET /session/2d5135847e5304f57daa7dc4bdee4d03/screenshot - {}
RESULT: {}
COMMAND: POST /session/2d5135847e5304f57daa7dc4bdee4d03/element - {"using":"xpath","value":"//input[@id=\"application-managesites-display-component---NewSite--addressDetailDetailsPartner-inner\"]"}
RESULT: {"using":"xpath","value":"//input[@id=\"application-managesites-display-component---NewSite--addressDetailDetailsPartner-inner\"]"}
COMMAND: POST /session/2d5135847e5304f57daa7dc4bdee4d03/elements - {"using":"xpath","value":"//input[@id=\"application-managesites-display-component---NewSite--addressDetailDetailsPartner-inner\"]"}
RESULT: {"using":"xpath","value":"//input[@id=\"application-managesites-display-component---NewSite--addressDetailDetailsPartner-inner\"]"}
COMMAND: POST /session/2d5135847e5304f57daa7dc4bdee4d03/execute/async - {"script":"<script> [1562 bytes]","args":[{"selector":{"controlType":"sap.m.Button","viewName":"etm.portal.ui.managesites.view.NewSmartSite","viewId":"application-managesites-display-component---NewSite","properties":{"text":"Commercial"},"interaction":{"idSuffix":"BDI-content"}},"wdio_ui5_key":"etmportal.ui.managesites.view.NewSmartSitesap.m.Button{\"text\":\"Commercial\"}"}]}
RESULT: {"script":"<script> [1562 bytes]","args":[{"selector":{"controlType":"sap.m.Button","viewName":"etm.portal.ui.managesites.view.NewSmartSite","viewId":"application-managesites-display-component---NewSite","properties":{"text":"Commercial"},"interaction":{"idSuffix":"BDI-content"}},"wdio_ui5_key":"etmportal.ui.managesites.view.NewSmartSitesap.m.Button{\"text\":\"Commercial\"}"}]}
RESULT: undefined
COMMAND: POST /session/2d5135847e5304f57daa7dc4bdee4d03/element - {"using":"xpath","value":"//*[@id=\"application-managesites-display-component---NewSite--ObjectPageLayout-anchBar-__section5-anchor\"]"}
RESULT: {"using":"xpath","value":"//*[@id=\"application-managesites-display-component---NewSite--ObjectPageLayout-anchBar-__section5-anchor\"]"}
COMMAND: POST /session/2d5135847e5304f57daa7dc4bdee4d03/element/f.C9F7354B4C3623E4DF2D19FF41AB4D20.d.061513D2C605D007A5D0862989E5FCC7.e.5020/click - {}
RESULT: {}
COMMAND: POST /session/2d5135847e5304f57daa7dc4bdee4d03/execute/async - {"script":"<script> [1562 bytes]","args":[{"selector":{"controlType":"sap.m.Button","viewName":"etm.portal.ui.managesites.view.NewSmartSite","viewId":"application-managesites-display-component---NewSite","i18NText":{"propertyName":"text","key":"save"},"interaction":{"idSuffix":"BDI-content"}},"wdio_ui5_key":"etmportal.ui.managesites.view.NewSmartSitesap.m.Button{\"propertyName\":\"text\",\"key\":\"save\"}"}]}
COMMAND: GET /session/2d5135847e5304f57daa7dc4bdee4d03/screenshot - {}
RESULT: {"script":"<script> [1562 bytes]","args":[{"selector":{"controlType":"sap.m.Button","viewName":"etm.portal.ui.managesites.view.NewSmartSite","viewId":"application-managesites-display-component---NewSite","i18NText":{"propertyName":"text","key":"save"},"interaction":{"idSuffix":"BDI-content"}},"wdio_ui5_key":"etmportal.ui.managesites.view.NewSmartSitesap.m.Button{\"propertyName\":\"text\",\"key\":\"save\"}"}]}
RESULT: undefined
COMMAND: POST /session/2d5135847e5304f57daa7dc4bdee4d03/element - {"using":"xpath","value":"//*[@id=\"__button16\"]"}
RESULT: {}
RESULT: {"using":"xpath","value":"//*[@id=\"__button16\"]"}
COMMAND: POST /session/2d5135847e5304f57daa7dc4bdee4d03/element/f.C9F7354B4C3623E4DF2D19FF41AB4D20.d.061513D2C605D007A5D0862989E5FCC7.e.4919/click - {}
RESULT: {}
COMMAND: GET /session/2d5135847e5304f57daa7dc4bdee4d03/screenshot - {}
RESULT: {}
COMMAND: POST /session/2d5135847e5304f57daa7dc4bdee4d03/execute/async - {"script":"<script> [1562 bytes]","args":[{"selector":{"id":"application-managesites-display-component---detailSite--addressDetailDetailsYardText"},"wdio_ui5_key":"applicationmanagesites-display-component---detailSite--addressDetailDetailsYardText"}]}
RESULT: {"script":"<script> [1562 bytes]","args":[{"selector":{"id":"application-managesites-display-component---detailSite--addressDetailDetailsYardText"},"wdio_ui5_key":"applicationmanagesites-display-component---detailSite--addressDetailDetailsYardText"}]}
RESULT: undefined
COMMAND: POST /session/2d5135847e5304f57daa7dc4bdee4d03/element - {"using":"xpath","value":"//header/div/div[2]/div[2]/span"}
RESULT: {"using":"xpath","value":"//header/div/div[2]/div[2]/span"}
COMMAND: GET /session/2d5135847e5304f57daa7dc4bdee4d03/element/f.C9F7354B4C3623E4DF2D19FF41AB4D20.d.061513D2C605D007A5D0862989E5FCC7.e.5245/text - {}
RESULT: {}
COMMAND: POST /session/2d5135847e5304f57daa7dc4bdee4d03/execute/async - {"script":"<script> [1562 bytes]","args":[{"selector":{"controlType":"sap.m.Label","viewName":"etm.portal.ui.managesites.view.Detail","viewId":"application-managesites-display-component---detailSite","i18NText":{"propertyName":"text","key":"status"}},"wdio_ui5_key":"etmportal.ui.managesites.view.Detailsap.m.Label{\"propertyName\":\"text\",\"key\":\"status\"}"}]}
RESULT: {"script":"<script> [1562 bytes]","args":[{"selector":{"controlType":"sap.m.Label","viewName":"etm.portal.ui.managesites.view.Detail","viewId":"application-managesites-display-component---detailSite","i18NText":{"propertyName":"text","key":"status"}},"wdio_ui5_key":"etmportal.ui.managesites.view.Detailsap.m.Label{\"propertyName\":\"text\",\"key\":\"status\"}"}]}
RESULT: undefined
COMMAND: POST /session/2d5135847e5304f57daa7dc4bdee4d03/execute/async - {"script":"<script> [6424 bytes]","args":[{"element-6066-11e4-a52e-4f735466cecf":"f.C9F7354B4C3623E4DF2D19FF41AB4D20.d.061513D2C605D007A5D0862989E5FCC7.e.5232"},"getText",[]]}
RESULT: {"script":"<script> [6424 bytes]","args":[{"element-6066-11e4-a52e-4f735466cecf":"f.C9F7354B4C3623E4DF2D19FF41AB4D20.d.061513D2C605D007A5D0862989E5FCC7.e.5232"},"getText",[]]}
]]></system-out>
    </testcase>
    <testcase classname="chrome.136_0_7103_93.windows.Create_2_sites_US118246" name="Should create WHM site" time="52.182">
      <system-out><![CDATA[
RESULT: undefined
COMMAND: POST /session/2d5135847e5304f57daa7dc4bdee4d03/element - {"using":"xpath","value":"//*[@id=\"__button4-img\"]"}
RESULT: {"using":"xpath","value":"//*[@id=\"__button4-img\"]"}
COMMAND: POST /session/2d5135847e5304f57daa7dc4bdee4d03/element/f.C9F7354B4C3623E4DF2D19FF41AB4D20.d.061513D2C605D007A5D0862989E5FCC7.e.5246/click - {}
RESULT: {}
COMMAND: GET /session/2d5135847e5304f57daa7dc4bdee4d03/screenshot - {}
RESULT: {}
RESULT: undefined
COMMAND: POST /session/2d5135847e5304f57daa7dc4bdee4d03/execute/async - {"script":"<script> [1562 bytes]","args":[{"selector":{"controlType":"sap.m.Button","viewName":"etm.portal.ui.managesites.view.NewSmartSite","viewId":"application-managesites-display-component---NewSite","properties":{"text":"General Information"},"interaction":{"idSuffix":"BDI-content"}},"wdio_ui5_key":"etmportal.ui.managesites.view.NewSmartSitesap.m.Button{\"text\":\"General Information\"}"}]}
RESULT: {"script":"<script> [1562 bytes]","args":[{"selector":{"controlType":"sap.m.Button","viewName":"etm.portal.ui.managesites.view.NewSmartSite","viewId":"application-managesites-display-component---NewSite","properties":{"text":"General Information"},"interaction":{"idSuffix":"BDI-content"}},"wdio_ui5_key":"etmportal.ui.managesites.view.NewSmartSitesap.m.Button{\"text\":\"General Information\"}"}]}
RESULT: undefined
COMMAND: POST /session/2d5135847e5304f57daa7dc4bdee4d03/element - {"using":"xpath","value":"//*[@id=\"application-managesites-display-component---NewSite--ObjectPageLayout-anchBar-__section3-anchor\"]"}
RESULT: {"using":"xpath","value":"//*[@id=\"application-managesites-display-component---NewSite--ObjectPageLayout-anchBar-__section3-anchor\"]"}
COMMAND: POST /session/2d5135847e5304f57daa7dc4bdee4d03/element/f.C9F7354B4C3623E4DF2D19FF41AB4D20.d.061513D2C605D007A5D0862989E5FCC7.e.5430/click - {}
RESULT: {}
RESULT: undefined
COMMAND: POST /session/2d5135847e5304f57daa7dc4bdee4d03/execute/async - {"script":"<script> [776 bytes]","args":[{"enterText":"Webdriver WHM Site gmvcf","selector":{"id":"application-managesites-display-component---NewSite--addressDetailDetailsName1","interaction":{"idSuffix":"inner"}},"clearTextFirst":true,"interactionType":"ENTER_TEXT"}]}
COMMAND: GET /session/2d5135847e5304f57daa7dc4bdee4d03/screenshot - {}
RESULT: {"script":"<script> [776 bytes]","args":[{"enterText":"Webdriver WHM Site gmvcf","selector":{"id":"application-managesites-display-component---NewSite--addressDetailDetailsName1","interaction":{"idSuffix":"inner"}},"clearTextFirst":true,"interactionType":"ENTER_TEXT"}]}
RESULT: {}
RESULT: undefined
COMMAND: POST /session/2d5135847e5304f57daa7dc4bdee4d03/execute/async - {"script":"<script> [776 bytes]","args":[{"enterText":"Romanian","selector":{"id":"application-managesites-display-component---NewSite--addressDetailDetailsLanguage","interaction":{"idSuffix":"inner"}},"clearTextFirst":true,"interactionType":"ENTER_TEXT"}]}
RESULT: {"script":"<script> [776 bytes]","args":[{"enterText":"Romanian","selector":{"id":"application-managesites-display-component---NewSite--addressDetailDetailsLanguage","interaction":{"idSuffix":"inner"}},"clearTextFirst":true,"interactionType":"ENTER_TEXT"}]}
COMMAND: POST /session/2d5135847e5304f57daa7dc4bdee4d03/actions - {"actions":[{"id":"action10","type":"key","parameters":{},"actions":[{"type":"keyDown","value":"î€‡"},{"type":"pause","duration":10},{"type":"keyUp","value":"î€‡"}]}]}
RESULT: {"actions":[{"id":"action10","type":"key","parameters":{},"actions":[{"type":"keyDown","value":"î€‡"},{"type":"pause","duration":10},{"type":"keyUp","value":"î€‡"}]}]}
RESULT: undefined
COMMAND: POST /session/2d5135847e5304f57daa7dc4bdee4d03/execute/async - {"script":"<script> [776 bytes]","args":[{"enterText":"Bucharest","selector":{"id":"application-managesites-display-component---NewSite--addressDetailDetailsCity1","interaction":{"idSuffix":"inner"}},"clearTextFirst":true,"interactionType":"ENTER_TEXT"}]}
COMMAND: GET /session/2d5135847e5304f57daa7dc4bdee4d03/screenshot - {}
RESULT: {"script":"<script> [776 bytes]","args":[{"enterText":"Bucharest","selector":{"id":"application-managesites-display-component---NewSite--addressDetailDetailsCity1","interaction":{"idSuffix":"inner"}},"clearTextFirst":true,"interactionType":"ENTER_TEXT"}]}
RESULT: {}
COMMAND: POST /session/2d5135847e5304f57daa7dc4bdee4d03/actions - {"actions":[{"id":"action11","type":"key","parameters":{},"actions":[{"type":"keyDown","value":"î€‡"},{"type":"pause","duration":10},{"type":"keyUp","value":"î€‡"}]}]}
RESULT: {"actions":[{"id":"action11","type":"key","parameters":{},"actions":[{"type":"keyDown","value":"î€‡"},{"type":"pause","duration":10},{"type":"keyUp","value":"î€‡"}]}]}
RESULT: undefined
COMMAND: POST /session/2d5135847e5304f57daa7dc4bdee4d03/execute/async - {"script":"<script> [6424 bytes]","args":[{"element-6066-11e4-a52e-4f735466cecf":"f.C9F7354B4C3623E4DF2D19FF41AB4D20.d.061513D2C605D007A5D0862989E5FCC7.e.4768"},"setValue",["Romania"]]}
COMMAND: GET /session/2d5135847e5304f57daa7dc4bdee4d03/screenshot - {}
COMMAND: POST /session/2d5135847e5304f57daa7dc4bdee4d03/execute/async - {"script":"<script> [1562 bytes]","args":[{"selector":{"id":"application-managesites-display-component---NewSite--addressDetailDetailsCountry","interaction":{"idSuffix":"inner"}},"wdio_ui5_key":"applicationmanagesites-display-component---NewSite--addressDetailDetailsCountry"}]}
RESULT: {}
RESULT: {"script":"<script> [1562 bytes]","args":[{"selector":{"id":"application-managesites-display-component---NewSite--addressDetailDetailsCountry","interaction":{"idSuffix":"inner"}},"wdio_ui5_key":"applicationmanagesites-display-component---NewSite--addressDetailDetailsCountry"}]}
COMMAND: POST /session/2d5135847e5304f57daa7dc4bdee4d03/execute/async - {"script":"<script> [6424 bytes]","args":[{"element-6066-11e4-a52e-4f735466cecf":"f.C9F7354B4C3623E4DF2D19FF41AB4D20.d.061513D2C605D007A5D0862989E5FCC7.e.5302"},"setValue",["Romania"]]}
RESULT: {"script":"<script> [6424 bytes]","args":[{"element-6066-11e4-a52e-4f735466cecf":"f.C9F7354B4C3623E4DF2D19FF41AB4D20.d.061513D2C605D007A5D0862989E5FCC7.e.5302"},"setValue",["Romania"]]}
COMMAND: POST /session/2d5135847e5304f57daa7dc4bdee4d03/actions - {"actions":[{"id":"action12","type":"key","parameters":{},"actions":[{"type":"keyDown","value":"î€‡"},{"type":"pause","duration":10},{"type":"keyUp","value":"î€‡"}]}]}
RESULT: {"actions":[{"id":"action12","type":"key","parameters":{},"actions":[{"type":"keyDown","value":"î€‡"},{"type":"pause","duration":10},{"type":"keyUp","value":"î€‡"}]}]}
RESULT: undefined
COMMAND: POST /session/2d5135847e5304f57daa7dc4bdee4d03/execute/async - {"script":"<script> [776 bytes]","args":[{"enterText":"Germany","selector":{"id":"application-managesites-display-component---NewSite--addressDetailDetailsCalendar","interaction":{"idSuffix":"inner"}},"clearTextFirst":true,"interactionType":"ENTER_TEXT"}]}
COMMAND: GET /session/2d5135847e5304f57daa7dc4bdee4d03/screenshot - {}
RESULT: {"script":"<script> [776 bytes]","args":[{"enterText":"Germany","selector":{"id":"application-managesites-display-component---NewSite--addressDetailDetailsCalendar","interaction":{"idSuffix":"inner"}},"clearTextFirst":true,"interactionType":"ENTER_TEXT"}]}
RESULT: {}
COMMAND: POST /session/2d5135847e5304f57daa7dc4bdee4d03/actions - {"actions":[{"id":"action13","type":"key","parameters":{},"actions":[{"type":"keyDown","value":"î€‡"},{"type":"pause","duration":10},{"type":"keyUp","value":"î€‡"}]}]}
RESULT: {"actions":[{"id":"action13","type":"key","parameters":{},"actions":[{"type":"keyDown","value":"î€‡"},{"type":"pause","duration":10},{"type":"keyUp","value":"î€‡"}]}]}
COMMAND: POST /session/2d5135847e5304f57daa7dc4bdee4d03/execute/async - {"script":"<script> [1562 bytes]","args":[{"selector":{"id":"application-managesites-display-component---NewSite--addressEditDetailsCostObjectCstType","interaction":{"idSuffix":"inner"}},"wdio_ui5_key":"applicationmanagesites-display-component---NewSite--addressEditDetailsCostObjectCstType"}]}
COMMAND: GET /session/2d5135847e5304f57daa7dc4bdee4d03/screenshot - {}
RESULT: {"script":"<script> [1562 bytes]","args":[{"selector":{"id":"application-managesites-display-component---NewSite--addressEditDetailsCostObjectCstType","interaction":{"idSuffix":"inner"}},"wdio_ui5_key":"applicationmanagesites-display-component---NewSite--addressEditDetailsCostObjectCstType"}]}
RESULT: undefined
COMMAND: POST /session/2d5135847e5304f57daa7dc4bdee4d03/execute/async - {"script":"<script> [776 bytes]","args":[{"enterText":"Cost","selector":{"id":"application-managesites-display-component---NewSite--addressEditDetailsCostObjectCstType","interaction":{"idSuffix":"inner"}},"clearTextFirst":true,"interactionType":"ENTER_TEXT"}]}
RESULT: {}
RESULT: {"script":"<script> [776 bytes]","args":[{"enterText":"Cost","selector":{"id":"application-managesites-display-component---NewSite--addressEditDetailsCostObjectCstType","interaction":{"idSuffix":"inner"}},"clearTextFirst":true,"interactionType":"ENTER_TEXT"}]}
COMMAND: POST /session/2d5135847e5304f57daa7dc4bdee4d03/actions - {"actions":[{"id":"action14","type":"key","parameters":{},"actions":[{"type":"keyDown","value":"î€‡"},{"type":"pause","duration":10},{"type":"keyUp","value":"î€‡"}]}]}
RESULT: {"actions":[{"id":"action14","type":"key","parameters":{},"actions":[{"type":"keyDown","value":"î€‡"},{"type":"pause","duration":10},{"type":"keyUp","value":"î€‡"}]}]}
COMMAND: POST /session/2d5135847e5304f57daa7dc4bdee4d03/execute/async - {"script":"<script> [1562 bytes]","args":[{"selector":{"id":"application-managesites-display-component---NewSite--addressNewCostObjectCstID","interaction":{"idSuffix":"inner"}},"wdio_ui5_key":"applicationmanagesites-display-component---NewSite--addressNewCostObjectCstID"}]}
COMMAND: GET /session/2d5135847e5304f57daa7dc4bdee4d03/screenshot - {}
RESULT: {"script":"<script> [1562 bytes]","args":[{"selector":{"id":"application-managesites-display-component---NewSite--addressNewCostObjectCstID","interaction":{"idSuffix":"inner"}},"wdio_ui5_key":"applicationmanagesites-display-component---NewSite--addressNewCostObjectCstID"}]}
RESULT: undefined
COMMAND: POST /session/2d5135847e5304f57daa7dc4bdee4d03/execute/async - {"script":"<script> [776 bytes]","args":[{"enterText":"1001","selector":{"id":"application-managesites-display-component---NewSite--addressNewCostObjectCstID","interaction":{"idSuffix":"inner"}},"clearTextFirst":true,"interactionType":"ENTER_TEXT"}]}
RESULT: {}
RESULT: {"script":"<script> [776 bytes]","args":[{"enterText":"1001","selector":{"id":"application-managesites-display-component---NewSite--addressNewCostObjectCstID","interaction":{"idSuffix":"inner"}},"clearTextFirst":true,"interactionType":"ENTER_TEXT"}]}
COMMAND: POST /session/2d5135847e5304f57daa7dc4bdee4d03/actions - {"actions":[{"id":"action15","type":"key","parameters":{},"actions":[{"type":"keyDown","value":"î€‡"},{"type":"pause","duration":10},{"type":"keyUp","value":"î€‡"}]}]}
RESULT: {"actions":[{"id":"action15","type":"key","parameters":{},"actions":[{"type":"keyDown","value":"î€‡"},{"type":"pause","duration":10},{"type":"keyUp","value":"î€‡"}]}]}
COMMAND: POST /session/2d5135847e5304f57daa7dc4bdee4d03/element - {"using":"xpath","value":"//input[@id=\"application-managesites-display-component---NewSite--addressDetailDetailsYard-inner\"]"}
COMMAND: GET /session/2d5135847e5304f57daa7dc4bdee4d03/screenshot - {}
RESULT: {"using":"xpath","value":"//input[@id=\"application-managesites-display-component---NewSite--addressDetailDetailsYard-inner\"]"}
COMMAND: POST /session/2d5135847e5304f57daa7dc4bdee4d03/element/f.C9F7354B4C3623E4DF2D19FF41AB4D20.d.061513D2C605D007A5D0862989E5FCC7.e.5313/value - {"text":"515"}
RESULT: {}
RESULT: {"text":"515"}
COMMAND: GET /session/2d5135847e5304f57daa7dc4bdee4d03/screenshot - {}
RESULT: {}
COMMAND: POST /session/2d5135847e5304f57daa7dc4bdee4d03/actions - {"actions":[{"id":"action16","type":"key","parameters":{},"actions":[{"type":"keyDown","value":"î€‡"},{"type":"pause","duration":10},{"type":"keyUp","value":"î€‡"}]}]}
RESULT: {"actions":[{"id":"action16","type":"key","parameters":{},"actions":[{"type":"keyDown","value":"î€‡"},{"type":"pause","duration":10},{"type":"keyUp","value":"î€‡"}]}]}
COMMAND: GET /session/2d5135847e5304f57daa7dc4bdee4d03/screenshot - {}
RESULT: {}
COMMAND: POST /session/2d5135847e5304f57daa7dc4bdee4d03/element - {"using":"xpath","value":"//input[@id=\"application-managesites-display-component---NewSite--addressDetailDetailsPartner-inner\"]"}
RESULT: {"using":"xpath","value":"//input[@id=\"application-managesites-display-component---NewSite--addressDetailDetailsPartner-inner\"]"}
COMMAND: POST /session/2d5135847e5304f57daa7dc4bdee4d03/elements - {"using":"xpath","value":"//input[@id=\"application-managesites-display-component---NewSite--addressDetailDetailsPartner-inner\"]"}
RESULT: {"using":"xpath","value":"//input[@id=\"application-managesites-display-component---NewSite--addressDetailDetailsPartner-inner\"]"}
RESULT: undefined
COMMAND: POST /session/2d5135847e5304f57daa7dc4bdee4d03/element - {"using":"xpath","value":"//*[@id=\"application-managesites-display-component---NewSite--ObjectPageLayout-anchBar-__section5-anchor\"]"}
RESULT: {"using":"xpath","value":"//*[@id=\"application-managesites-display-component---NewSite--ObjectPageLayout-anchBar-__section5-anchor\"]"}
COMMAND: POST /session/2d5135847e5304f57daa7dc4bdee4d03/element/f.C9F7354B4C3623E4DF2D19FF41AB4D20.d.061513D2C605D007A5D0862989E5FCC7.e.5437/click - {}
RESULT: {}
COMMAND: POST /session/2d5135847e5304f57daa7dc4bdee4d03/execute/async - {"script":"<script> [1562 bytes]","args":[{"selector":{"id":"application-managesites-display-component---NewSite--siteWhmCheckBox-label","interaction":{"idSuffix":"bdi"}},"wdio_ui5_key":"applicationmanagesites-display-component---NewSite--siteWhmCheckBox-label"}]}
COMMAND: GET /session/2d5135847e5304f57daa7dc4bdee4d03/screenshot - {}
RESULT: {"script":"<script> [1562 bytes]","args":[{"selector":{"id":"application-managesites-display-component---NewSite--siteWhmCheckBox-label","interaction":{"idSuffix":"bdi"}},"wdio_ui5_key":"applicationmanagesites-display-component---NewSite--siteWhmCheckBox-label"}]}
RESULT: undefined
COMMAND: POST /session/2d5135847e5304f57daa7dc4bdee4d03/element - {"using":"xpath","value":"//*[@id=\"application-managesites-display-component---NewSite--siteWhmCheckBox-label\"]"}
RESULT: {}
RESULT: {"using":"xpath","value":"//*[@id=\"application-managesites-display-component---NewSite--siteWhmCheckBox-label\"]"}
COMMAND: POST /session/2d5135847e5304f57daa7dc4bdee4d03/element/f.C9F7354B4C3623E4DF2D19FF41AB4D20.d.061513D2C605D007A5D0862989E5FCC7.e.5440/click - {}
RESULT: {}
RESULT: undefined
COMMAND: POST /session/2d5135847e5304f57daa7dc4bdee4d03/element - {"using":"xpath","value":"//*[@id=\"__button16\"]"}
COMMAND: GET /session/2d5135847e5304f57daa7dc4bdee4d03/screenshot - {}
RESULT: {"using":"xpath","value":"//*[@id=\"__button16\"]"}
COMMAND: POST /session/2d5135847e5304f57daa7dc4bdee4d03/element/f.C9F7354B4C3623E4DF2D19FF41AB4D20.d.061513D2C605D007A5D0862989E5FCC7.e.5441/click - {}
RESULT: {}
RESULT: {}
COMMAND: GET /session/2d5135847e5304f57daa7dc4bdee4d03/screenshot - {}
RESULT: {}
COMMAND: POST /session/2d5135847e5304f57daa7dc4bdee4d03/element - {"using":"xpath","value":"//header/div/div[2]/div[2]/span"}
RESULT: {"using":"xpath","value":"//header/div/div[2]/div[2]/span"}
COMMAND: GET /session/2d5135847e5304f57daa7dc4bdee4d03/element/f.C9F7354B4C3623E4DF2D19FF41AB4D20.d.061513D2C605D007A5D0862989E5FCC7.e.5644/text - {}
RESULT: {}
RESULT: undefined
RESULT: undefined
COMMAND: POST /session/2d5135847e5304f57daa7dc4bdee4d03/execute/async - {"script":"<script> [6424 bytes]","args":[{"element-6066-11e4-a52e-4f735466cecf":"f.C9F7354B4C3623E4DF2D19FF41AB4D20.d.061513D2C605D007A5D0862989E5FCC7.e.5232"},"getText",[]]}
COMMAND: POST /session/2d5135847e5304f57daa7dc4bdee4d03/execute/async - {"script":"<script> [1562 bytes]","args":[{"selector":{"controlType":"sap.m.Label","viewName":"etm.portal.ui.managesites.view.Detail","viewId":"application-managesites-display-component---detailSite","i18NText":{"propertyName":"text","key":"status"}},"wdio_ui5_key":"etmportal.ui.managesites.view.Detailsap.m.Label{\"propertyName\":\"text\",\"key\":\"status\"}"}]}
RESULT: {"script":"<script> [1562 bytes]","args":[{"selector":{"controlType":"sap.m.Label","viewName":"etm.portal.ui.managesites.view.Detail","viewId":"application-managesites-display-component---detailSite","i18NText":{"propertyName":"text","key":"status"}},"wdio_ui5_key":"etmportal.ui.managesites.view.Detailsap.m.Label{\"propertyName\":\"text\",\"key\":\"status\"}"}]}
COMMAND: POST /session/2d5135847e5304f57daa7dc4bdee4d03/execute/async - {"script":"<script> [6424 bytes]","args":[{"element-6066-11e4-a52e-4f735466cecf":"f.C9F7354B4C3623E4DF2D19FF41AB4D20.d.061513D2C605D007A5D0862989E5FCC7.e.5631"},"getText",[]]}
RESULT: {"script":"<script> [6424 bytes]","args":[{"element-6066-11e4-a52e-4f735466cecf":"f.C9F7354B4C3623E4DF2D19FF41AB4D20.d.061513D2C605D007A5D0862989E5FCC7.e.5631"},"getText",[]]}
COMMAND: POST /session/2d5135847e5304f57daa7dc4bdee4d03/execute/async - {"script":"<script> [1562 bytes]","args":[{"selector":{"id":"shell-header","interaction":{"idSuffix":"icon"}},"wdio_ui5_key":"shellheader"}]}
RESULT: {"script":"<script> [1562 bytes]","args":[{"selector":{"id":"shell-header","interaction":{"idSuffix":"icon"}},"wdio_ui5_key":"shellheader"}]}
RESULT: undefined
COMMAND: POST /session/2d5135847e5304f57daa7dc4bdee4d03/element - {"using":"xpath","value":"//*[@id=\"shell-header\"]"}
RESULT: {"using":"xpath","value":"//*[@id=\"shell-header\"]"}
COMMAND: POST /session/2d5135847e5304f57daa7dc4bdee4d03/element/f.C9F7354B4C3623E4DF2D19FF41AB4D20.d.061513D2C605D007A5D0862989E5FCC7.e.5645/click - {}
RESULT: {}
COMMAND: GET /session/2d5135847e5304f57daa7dc4bdee4d03/screenshot - {}
COMMAND: POST /session/2d5135847e5304f57daa7dc4bdee4d03/refresh - {}
RESULT: {}
RESULT: {}
COMMAND: GET /session/2d5135847e5304f57daa7dc4bdee4d03/screenshot - {}
RESULT: {}
COMMAND: POST /session/2d5135847e5304f57daa7dc4bdee4d03/refresh - {}
RESULT: {}
COMMAND: GET /session/2d5135847e5304f57daa7dc4bdee4d03/screenshot - {}
RESULT: {}
COMMAND: POST /session/2d5135847e5304f57daa7dc4bdee4d03/window/fullscreen - {}
RESULT: {}
COMMAND: POST /session/2d5135847e5304f57daa7dc4bdee4d03/execute/async - {"script":"<script> [189 bytes]","args":[]}
RESULT: {"script":"<script> [189 bytes]","args":[]}
COMMAND: POST /session/2d5135847e5304f57daa7dc4bdee4d03/execute/async - {"script":"<script> [123 bytes]","args":[]}
RESULT: {"script":"<script> [123 bytes]","args":[]}
COMMAND: POST /session/2d5135847e5304f57daa7dc4bdee4d03/timeouts - {"script":"<number>"}
RESULT: {"script":"<number>"}
COMMAND: GET /session/2d5135847e5304f57daa7dc4bdee4d03/timeouts - {}
RESULT: {}
RESULT: undefined
COMMAND: POST /session/2d5135847e5304f57daa7dc4bdee4d03/execute/async - {"script":"<script> [2676 bytes]","args":[]}
RESULT: {"script":"<script> [2676 bytes]","args":[]}
COMMAND: POST /session/2d5135847e5304f57daa7dc4bdee4d03/execute/async - {"script":"<script> [2342 bytes]","args":[{"protocol":"http","hostname":"0.0.0.0","path":"/","capabilities":{"browserName":"chrome","goog:chromeOptions":{"binary":"C:\\Program Files\\Google\\Chrome\\Application\\chrome.exe","args":["--start-maximized"]}},"logLevel":"warn","connectionRetryTimeout":120000,"connectionRetryCount":3,"logLevels":{},"enableDirectConnect":true,"strictSSL":true,"_":"65 more keys: [\"cacheDir\",\"port\",\"requestedCapabilities\",\"automationProtocol\",\"baseUrl\",\"waitforInterval\",\"waitforTimeout\",\"onReload\",\"beforeCommand\",\"afterCommand\",\"rootDir\",\"specs\",\"suites\",\"exclude\",\"groupLogsByTestSpec\",\"excludeDriverLogs\",\"bail\",\"framework\",\"reporters\",\"services\",\"maxInstances\",\"maxInstancesPerCapability\",\"injectGlobals\",\"filesToWatch\",\"execArgv\",\"runnerEnv\",\"runner\",\"shard\",\"specFileRetries\",\"specFileRetriesDelay\",\"specFileRetriesDeferred\",\"reporterSyncInterval\",\"reporterSyncTimeout\",\"cucumberFeaturesWithLineNumbers\",\"autoCompileOpts\",\"mochaOpts\",\"jasmineOpts\",\"cucumberOpts\",\"onPrepare\",\"onWorkerStart\",\"onWorkerEnd\",\"before\",\"beforeSession\",\"beforeSuite\",\"beforeHook\",\"beforeTest\",\"afterTest\",\"afterHook\",\"afterSuite\",\"afterSession\",\"after\",\"onComplete\",\"beforeAssertion\",\"afterAssertion\",\"beforeFeature\",\"beforeScenario\",\"beforeStep\",\"afterStep\",\"afterScenario\",\"afterFeature\",\"_\",\"suite\",\"$0\",\"ignoredWorkerServices\",\"wdi5\"]"}]}
RESULT: {"script":"<script> [2342 bytes]","args":[{"protocol":"http","hostname":"0.0.0.0","path":"/","capabilities":{"browserName":"chrome","goog:chromeOptions":{"binary":"C:\\Program Files\\Google\\Chrome\\Application\\chrome.exe","args":["--start-maximized"]}},"logLevel":"warn","connectionRetryTimeout":120000,"connectionRetryCount":3,"logLevels":{},"enableDirectConnect":true,"strictSSL":true,"_":"65 more keys: [\"cacheDir\",\"port\",\"requestedCapabilities\",\"automationProtocol\",\"baseUrl\",\"waitforInterval\",\"waitforTimeout\",\"onReload\",\"beforeCommand\",\"afterCommand\",\"rootDir\",\"specs\",\"suites\",\"exclude\",\"groupLogsByTestSpec\",\"excludeDriverLogs\",\"bail\",\"framework\",\"reporters\",\"services\",\"maxInstances\",\"maxInstancesPerCapability\",\"injectGlobals\",\"filesToWatch\",\"execArgv\",\"runnerEnv\",\"runner\",\"shard\",\"specFileRetries\",\"specFileRetriesDelay\",\"specFileRetriesDeferred\",\"reporterSyncInterval\",\"reporterSyncTimeout\",\"cucumberFeaturesWithLineNumbers\",\"autoCompileOpts\",\"mochaOpts\",\"jasmineOpts\",\"cucumberOpts\",\"onPrepare\",\"onWorkerStart\",\"onWorkerEnd\",\"before\",\"beforeSession\",\"beforeSuite\",\"beforeHook\",\"beforeTest\",\"afterTest\",\"afterHook\",\"afterSuite\",\"afterSession\",\"after\",\"onComplete\",\"beforeAssertion\",\"afterAssertion\",\"beforeFeature\",\"beforeScenario\",\"beforeStep\",\"afterStep\",\"afterScenario\",\"afterFeature\",\"_\",\"suite\",\"$0\",\"ignoredWorkerServices\",\"wdi5\"]"}]}
COMMAND: POST /session/2d5135847e5304f57daa7dc4bdee4d03/execute/async - {"script":"<script> [21126 bytes]","args":[35000]}
RESULT: {"script":"<script> [21126 bytes]","args":[35000]}
COMMAND: POST /session/2d5135847e5304f57daa7dc4bdee4d03/element - {"using":"css selector","value":"#j_username"}
COMMAND: POST /session/2d5135847e5304f57daa7dc4bdee4d03/url - {"url":"https://qa-testing-00-live-etm-ui.cfapps.eu10-004.hana.ondemand.com/"}
RESULT: {"using":"css selector","value":"#j_username"}
COMMAND: POST /session/2d5135847e5304f57daa7dc4bdee4d03/element - {"using":"css selector","value":"#j_username"}
RESULT: {"url":"https://qa-testing-00-live-etm-ui.cfapps.eu10-004.hana.ondemand.com/"}
RESULT: undefined
COMMAND: GET /session/2d5135847e5304f57daa7dc4bdee4d03/screenshot - {}
RESULT: {"using":"css selector","value":"#j_username"}
COMMAND: POST /session/2d5135847e5304f57daa7dc4bdee4d03/element - {"using":"css selector","value":"#shell-header-logo"}
RESULT: {}
RESULT: {"using":"css selector","value":"#shell-header-logo"}
COMMAND: POST /session/2d5135847e5304f57daa7dc4bdee4d03/execute/sync - {"script":"<script> [8489 bytes]","args":[{"element-6066-11e4-a52e-4f735466cecf":"f.C9F7354B4C3623E4DF2D19FF41AB4D20.d.213FDC537FA43F648DE465CDAB231482.e.5952","ELEMENT":"f.C9F7354B4C3623E4DF2D19FF41AB4D20.d.213FDC537FA43F648DE465CDAB231482.e.5952"}]}
RESULT: {"script":"<script> [8489 bytes]","args":[{"element-6066-11e4-a52e-4f735466cecf":"f.C9F7354B4C3623E4DF2D19FF41AB4D20.d.213FDC537FA43F648DE465CDAB231482.e.5952","ELEMENT":"f.C9F7354B4C3623E4DF2D19FF41AB4D20.d.213FDC537FA43F648DE465CDAB231482.e.5952"}]}
COMMAND: POST /session/2d5135847e5304f57daa7dc4bdee4d03/element - {"using":"css selector","value":"#shell-header-logo"}
COMMAND: GET /session/2d5135847e5304f57daa7dc4bdee4d03/screenshot - {}
RESULT: {"using":"css selector","value":"#shell-header-logo"}
COMMAND: POST /session/2d5135847e5304f57daa7dc4bdee4d03/execute/sync - {"script":"<script> [8489 bytes]","args":[{"element-6066-11e4-a52e-4f735466cecf":"f.C9F7354B4C3623E4DF2D19FF41AB4D20.d.213FDC537FA43F648DE465CDAB231482.e.5952","ELEMENT":"f.C9F7354B4C3623E4DF2D19FF41AB4D20.d.213FDC537FA43F648DE465CDAB231482.e.5952"}]}
RESULT: {}
RESULT: {"script":"<script> [8489 bytes]","args":[{"element-6066-11e4-a52e-4f735466cecf":"f.C9F7354B4C3623E4DF2D19FF41AB4D20.d.213FDC537FA43F648DE465CDAB231482.e.5952","ELEMENT":"f.C9F7354B4C3623E4DF2D19FF41AB4D20.d.213FDC537FA43F648DE465CDAB231482.e.5952"}]}
COMMAND: POST /session/2d5135847e5304f57daa7dc4bdee4d03/execute/sync - {"script":"<script> [5351 bytes]","args":[{"element-6066-11e4-a52e-4f735466cecf":"f.C9F7354B4C3623E4DF2D19FF41AB4D20.d.213FDC537FA43F648DE465CDAB231482.e.5952","ELEMENT":"f.C9F7354B4C3623E4DF2D19FF41AB4D20.d.213FDC537FA43F648DE465CDAB231482.e.5952"}]}
COMMAND: GET /session/2d5135847e5304f57daa7dc4bdee4d03/screenshot - {}
RESULT: {"script":"<script> [5351 bytes]","args":[{"element-6066-11e4-a52e-4f735466cecf":"f.C9F7354B4C3623E4DF2D19FF41AB4D20.d.213FDC537FA43F648DE465CDAB231482.e.5952","ELEMENT":"f.C9F7354B4C3623E4DF2D19FF41AB4D20.d.213FDC537FA43F648DE465CDAB231482.e.5952"}]}
COMMAND: POST /session/2d5135847e5304f57daa7dc4bdee4d03/element - {"using":"css selector","value":"#shell-header-logo"}
COMMAND: GET /session/2d5135847e5304f57daa7dc4bdee4d03/screenshot - {}
RESULT: {}
RESULT: {"using":"css selector","value":"#shell-header-logo"}
COMMAND: POST /session/2d5135847e5304f57daa7dc4bdee4d03/element/f.C9F7354B4C3623E4DF2D19FF41AB4D20.d.213FDC537FA43F648DE465CDAB231482.e.5952/click - {}
RESULT: {}
RESULT: {}
COMMAND: GET /session/2d5135847e5304f57daa7dc4bdee4d03/screenshot - {}
RESULT: {}
COMMAND: POST /session/2d5135847e5304f57daa7dc4bdee4d03/execute/async - {"script":"<script> [189 bytes]","args":[]}
RESULT: {"script":"<script> [189 bytes]","args":[]}
COMMAND: POST /session/2d5135847e5304f57daa7dc4bdee4d03/execute/async - {"script":"<script> [123 bytes]","args":[]}
RESULT: {"script":"<script> [123 bytes]","args":[]}
COMMAND: POST /session/2d5135847e5304f57daa7dc4bdee4d03/timeouts - {"script":"<number>"}
RESULT: {"script":"<number>"}
COMMAND: GET /session/2d5135847e5304f57daa7dc4bdee4d03/timeouts - {}
RESULT: {}
RESULT: undefined
COMMAND: POST /session/2d5135847e5304f57daa7dc4bdee4d03/execute/async - {"script":"<script> [2676 bytes]","args":[]}
RESULT: {"script":"<script> [2676 bytes]","args":[]}
COMMAND: POST /session/2d5135847e5304f57daa7dc4bdee4d03/execute/async - {"script":"<script> [2342 bytes]","args":[{"protocol":"http","hostname":"0.0.0.0","path":"/","capabilities":{"browserName":"chrome","goog:chromeOptions":{"binary":"C:\\Program Files\\Google\\Chrome\\Application\\chrome.exe","args":["--start-maximized"]}},"logLevel":"warn","connectionRetryTimeout":120000,"connectionRetryCount":3,"logLevels":{},"enableDirectConnect":true,"strictSSL":true,"_":"65 more keys: [\"cacheDir\",\"port\",\"requestedCapabilities\",\"automationProtocol\",\"baseUrl\",\"waitforInterval\",\"waitforTimeout\",\"onReload\",\"beforeCommand\",\"afterCommand\",\"rootDir\",\"specs\",\"suites\",\"exclude\",\"groupLogsByTestSpec\",\"excludeDriverLogs\",\"bail\",\"framework\",\"reporters\",\"services\",\"maxInstances\",\"maxInstancesPerCapability\",\"injectGlobals\",\"filesToWatch\",\"execArgv\",\"runnerEnv\",\"runner\",\"shard\",\"specFileRetries\",\"specFileRetriesDelay\",\"specFileRetriesDeferred\",\"reporterSyncInterval\",\"reporterSyncTimeout\",\"cucumberFeaturesWithLineNumbers\",\"autoCompileOpts\",\"mochaOpts\",\"jasmineOpts\",\"cucumberOpts\",\"onPrepare\",\"onWorkerStart\",\"onWorkerEnd\",\"before\",\"beforeSession\",\"beforeSuite\",\"beforeHook\",\"beforeTest\",\"afterTest\",\"afterHook\",\"afterSuite\",\"afterSession\",\"after\",\"onComplete\",\"beforeAssertion\",\"afterAssertion\",\"beforeFeature\",\"beforeScenario\",\"beforeStep\",\"afterStep\",\"afterScenario\",\"afterFeature\",\"_\",\"suite\",\"$0\",\"ignoredWorkerServices\",\"wdi5\"]"}]}
RESULT: {"script":"<script> [2342 bytes]","args":[{"protocol":"http","hostname":"0.0.0.0","path":"/","capabilities":{"browserName":"chrome","goog:chromeOptions":{"binary":"C:\\Program Files\\Google\\Chrome\\Application\\chrome.exe","args":["--start-maximized"]}},"logLevel":"warn","connectionRetryTimeout":120000,"connectionRetryCount":3,"logLevels":{},"enableDirectConnect":true,"strictSSL":true,"_":"65 more keys: [\"cacheDir\",\"port\",\"requestedCapabilities\",\"automationProtocol\",\"baseUrl\",\"waitforInterval\",\"waitforTimeout\",\"onReload\",\"beforeCommand\",\"afterCommand\",\"rootDir\",\"specs\",\"suites\",\"exclude\",\"groupLogsByTestSpec\",\"excludeDriverLogs\",\"bail\",\"framework\",\"reporters\",\"services\",\"maxInstances\",\"maxInstancesPerCapability\",\"injectGlobals\",\"filesToWatch\",\"execArgv\",\"runnerEnv\",\"runner\",\"shard\",\"specFileRetries\",\"specFileRetriesDelay\",\"specFileRetriesDeferred\",\"reporterSyncInterval\",\"reporterSyncTimeout\",\"cucumberFeaturesWithLineNumbers\",\"autoCompileOpts\",\"mochaOpts\",\"jasmineOpts\",\"cucumberOpts\",\"onPrepare\",\"onWorkerStart\",\"onWorkerEnd\",\"before\",\"beforeSession\",\"beforeSuite\",\"beforeHook\",\"beforeTest\",\"afterTest\",\"afterHook\",\"afterSuite\",\"afterSession\",\"after\",\"onComplete\",\"beforeAssertion\",\"afterAssertion\",\"beforeFeature\",\"beforeScenario\",\"beforeStep\",\"afterStep\",\"afterScenario\",\"afterFeature\",\"_\",\"suite\",\"$0\",\"ignoredWorkerServices\",\"wdi5\"]"}]}
COMMAND: POST /session/2d5135847e5304f57daa7dc4bdee4d03/execute/async - {"script":"<script> [21126 bytes]","args":[35000]}
RESULT: {"script":"<script> [21126 bytes]","args":[35000]}
COMMAND: POST /session/2d5135847e5304f57daa7dc4bdee4d03/window/maximize - {}
RESULT: {}
COMMAND: POST /session/2d5135847e5304f57daa7dc4bdee4d03/execute/async - {"script":"<script> [1562 bytes]","args":[{"selector":{"id":"shell-header","interaction":{"idSuffix":"icon"}},"wdio_ui5_key":"shellheader"}]}
COMMAND: GET /session/2d5135847e5304f57daa7dc4bdee4d03/screenshot - {}
RESULT: {"script":"<script> [1562 bytes]","args":[{"selector":{"id":"shell-header","interaction":{"idSuffix":"icon"}},"wdio_ui5_key":"shellheader"}]}
RESULT: undefined
RESULT: {}
COMMAND: POST /session/2d5135847e5304f57daa7dc4bdee4d03/execute/async - {"script":"<script> [1562 bytes]","args":[{"selector":{"controlType":"sap.m.Title","i18NText":{"propertyName":"text","key":"dataCollectionAgreement"},"searchOpenDialogs":true},"wdio_ui5_key":"sapm.Title{\"propertyName\":\"text\",\"key\":\"dataCollectionAgreement\"}"}]}
RESULT: {"script":"<script> [1562 bytes]","args":[{"selector":{"controlType":"sap.m.Title","i18NText":{"propertyName":"text","key":"dataCollectionAgreement"},"searchOpenDialogs":true},"wdio_ui5_key":"sapm.Title{\"propertyName\":\"text\",\"key\":\"dataCollectionAgreement\"}"}]}
RESULT: undefined
COMMAND: POST /session/2d5135847e5304f57daa7dc4bdee4d03/execute/async - {"script":"<script> [1562 bytes]","args":[{"selector":{"controlType":"sap.m.GenericTile","properties":{"header":"Manage Resources"}},"wdio_ui5_key":"sapm.GenericTile{\"header\":\"Manage Resources\"}"}]}
RESULT: {"script":"<script> [1562 bytes]","args":[{"selector":{"controlType":"sap.m.GenericTile","properties":{"header":"Manage Resources"}},"wdio_ui5_key":"sapm.GenericTile{\"header\":\"Manage Resources\"}"}]}
RESULT: undefined
COMMAND: POST /session/2d5135847e5304f57daa7dc4bdee4d03/element - {"using":"xpath","value":"//*[@id=\"__tile31\"]"}
RESULT: {"using":"xpath","value":"//*[@id=\"__tile31\"]"}
COMMAND: POST /session/2d5135847e5304f57daa7dc4bdee4d03/element/f.C9F7354B4C3623E4DF2D19FF41AB4D20.d.213FDC537FA43F648DE465CDAB231482.e.5975/click - {}
RESULT: {}
COMMAND: GET /session/2d5135847e5304f57daa7dc4bdee4d03/screenshot - {}
RESULT: {}
COMMAND: POST /session/2d5135847e5304f57daa7dc4bdee4d03/elements - {"using":"xpath","value":"//span[text()='Error']"}
RESULT: {"using":"xpath","value":"//span[text()='Error']"}
]]></system-out>
    </testcase>
  </testsuite>
  <testsuite timestamp="2025-05-18T15:28:27" time="516.324" tests="2" failures="0" errors="0" skipped="0">
    <properties>
      <property name="specId" value="0" />
      <property name="suiteName" value="Create 2 RU material US118246" />
      <property name="capabilities" value="chrome.136_0_7103_93.windows" />
      <property name="file" value="file:///D:/a/1/s/test/specs/R2C/create-material.spec.js" />
    </properties>
    <testcase classname="chrome.136_0_7103_93.windows.Create_2_RU_material_US118246" name="Create material" time="241.772">
      <system-out><![CDATA[
COMMAND: POST /session/2d5135847e5304f57daa7dc4bdee4d03/element - {"using":"xpath","value":"//button[@data-kt=\"addNewRUOverflowToolbarButton\"]"}
RESULT: {"using":"xpath","value":"//button[@data-kt=\"addNewRUOverflowToolbarButton\"]"}
COMMAND: POST /session/2d5135847e5304f57daa7dc4bdee4d03/execute/sync - {"script":"<script> [8489 bytes]","args":[{"element-6066-11e4-a52e-4f735466cecf":"f.C9F7354B4C3623E4DF2D19FF41AB4D20.d.213FDC537FA43F648DE465CDAB231482.e.6113","ELEMENT":"f.C9F7354B4C3623E4DF2D19FF41AB4D20.d.213FDC537FA43F648DE465CDAB231482.e.6113"}]}
RESULT: {"script":"<script> [8489 bytes]","args":[{"element-6066-11e4-a52e-4f735466cecf":"f.C9F7354B4C3623E4DF2D19FF41AB4D20.d.213FDC537FA43F648DE465CDAB231482.e.6113","ELEMENT":"f.C9F7354B4C3623E4DF2D19FF41AB4D20.d.213FDC537FA43F648DE465CDAB231482.e.6113"}]}
COMMAND: POST /session/2d5135847e5304f57daa7dc4bdee4d03/element/f.C9F7354B4C3623E4DF2D19FF41AB4D20.d.213FDC537FA43F648DE465CDAB231482.e.6113/click - {}
COMMAND: GET /session/2d5135847e5304f57daa7dc4bdee4d03/screenshot - {}
RESULT: {}
COMMAND: GET /session/2d5135847e5304f57daa7dc4bdee4d03/screenshot - {}
RESULT: {}
RESULT: {}
COMMAND: POST /session/2d5135847e5304f57daa7dc4bdee4d03/execute/async - {"script":"<script> [1562 bytes]","args":[{"selector":{"controlType":"sap.m.ComboBox","viewName":"reusables.view.manageresources.NewResourceUnit","viewId":"application-manageresources-display-component---newResourceUnit","bindingPath":{"path":"","propertyPath":"/RuTypes","modelName":"catalogModel"},"searchOpenDialogs":true},"wdio_ui5_key":"reusablesview.manageresources.NewResourceUnitsap.m.ComboBox{\"path\":\"\",\"propertyPath\":\"/RuTypes\",\"modelName\":\"catalogModel\"}"}]}
RESULT: {"script":"<script> [1562 bytes]","args":[{"selector":{"controlType":"sap.m.ComboBox","viewName":"reusables.view.manageresources.NewResourceUnit","viewId":"application-manageresources-display-component---newResourceUnit","bindingPath":{"path":"","propertyPath":"/RuTypes","modelName":"catalogModel"},"searchOpenDialogs":true},"wdio_ui5_key":"reusablesview.manageresources.NewResourceUnitsap.m.ComboBox{\"path\":\"\",\"propertyPath\":\"/RuTypes\",\"modelName\":\"catalogModel\"}"}]}
RESULT: undefined
COMMAND: POST /session/2d5135847e5304f57daa7dc4bdee4d03/execute/async - {"script":"<script> [1562 bytes]","args":[{"selector":{"controlType":"sap.m.ComboBox","viewName":"reusables.view.manageresources.NewResourceUnit","viewId":"application-manageresources-display-component---newResourceUnit","bindingPath":{"path":"","propertyPath":"/Yards","modelName":"catalogModel"},"searchOpenDialogs":true},"wdio_ui5_key":"reusablesview.manageresources.NewResourceUnitsap.m.ComboBox{\"path\":\"\",\"propertyPath\":\"/Yards\",\"modelName\":\"catalogModel\"}"}]}
RESULT: {"script":"<script> [1562 bytes]","args":[{"selector":{"controlType":"sap.m.ComboBox","viewName":"reusables.view.manageresources.NewResourceUnit","viewId":"application-manageresources-display-component---newResourceUnit","bindingPath":{"path":"","propertyPath":"/Yards","modelName":"catalogModel"},"searchOpenDialogs":true},"wdio_ui5_key":"reusablesview.manageresources.NewResourceUnitsap.m.ComboBox{\"path\":\"\",\"propertyPath\":\"/Yards\",\"modelName\":\"catalogModel\"}"}]}
RESULT: undefined
COMMAND: POST /session/2d5135847e5304f57daa7dc4bdee4d03/execute/async - {"script":"<script> [1562 bytes]","args":[{"selector":{"controlType":"etm.portal.ui.reusables.customControls.LiveSearchComboBox","viewName":"reusables.view.manageresources.NewResourceUnit","viewId":"application-manageresources-display-component---newResourceUnit","bindingPath":{"path":"","propertyPath":"/CatalogItems","modelName":"catalogModel"},"searchOpenDialogs":true},"wdio_ui5_key":"reusablesview.manageresources.NewResourceUnitetm.portal.ui.reusables.customControls.LiveSearchComboBox{\"path\":\"\",\"propertyPath\":\"/CatalogItems\",\"modelName\":\"catalogModel\"}"}]}
RESULT: {"script":"<script> [1562 bytes]","args":[{"selector":{"controlType":"etm.portal.ui.reusables.customControls.LiveSearchComboBox","viewName":"reusables.view.manageresources.NewResourceUnit","viewId":"application-manageresources-display-component---newResourceUnit","bindingPath":{"path":"","propertyPath":"/CatalogItems","modelName":"catalogModel"},"searchOpenDialogs":true},"wdio_ui5_key":"reusablesview.manageresources.NewResourceUnitetm.portal.ui.reusables.customControls.LiveSearchComboBox{\"path\":\"\",\"propertyPath\":\"/CatalogItems\",\"modelName\":\"catalogModel\"}"}]}
RESULT: undefined
COMMAND: POST /session/2d5135847e5304f57daa7dc4bdee4d03/element - {"using":"xpath","value":"//bdi[text()=\"OK\"]"}
RESULT: {"using":"xpath","value":"//bdi[text()=\"OK\"]"}
COMMAND: POST /session/2d5135847e5304f57daa7dc4bdee4d03/elements - {"using":"xpath","value":"//bdi[text()=\"OK\"]"}
RESULT: {"using":"xpath","value":"//bdi[text()=\"OK\"]"}
COMMAND: POST /session/2d5135847e5304f57daa7dc4bdee4d03/elements - {"using":"xpath","value":"//bdi[text()=\"OK\"]"}
RESULT: {"using":"xpath","value":"//bdi[text()=\"OK\"]"}
COMMAND: POST /session/2d5135847e5304f57daa7dc4bdee4d03/elements - {"using":"xpath","value":"//bdi[text()=\"OK\"]"}
RESULT: {"using":"xpath","value":"//bdi[text()=\"OK\"]"}
COMMAND: POST /session/2d5135847e5304f57daa7dc4bdee4d03/elements - {"using":"xpath","value":"//bdi[text()=\"OK\"]"}
RESULT: {"using":"xpath","value":"//bdi[text()=\"OK\"]"}
COMMAND: POST /session/2d5135847e5304f57daa7dc4bdee4d03/elements - {"using":"xpath","value":"//bdi[text()=\"OK\"]"}
RESULT: {"using":"xpath","value":"//bdi[text()=\"OK\"]"}
COMMAND: POST /session/2d5135847e5304f57daa7dc4bdee4d03/elements - {"using":"xpath","value":"//bdi[text()=\"OK\"]"}
RESULT: {"using":"xpath","value":"//bdi[text()=\"OK\"]"}
COMMAND: POST /session/2d5135847e5304f57daa7dc4bdee4d03/elements - {"using":"xpath","value":"//bdi[text()=\"OK\"]"}
RESULT: {"using":"xpath","value":"//bdi[text()=\"OK\"]"}
COMMAND: POST /session/2d5135847e5304f57daa7dc4bdee4d03/elements - {"using":"xpath","value":"//bdi[text()=\"OK\"]"}
RESULT: {"using":"xpath","value":"//bdi[text()=\"OK\"]"}
COMMAND: POST /session/2d5135847e5304f57daa7dc4bdee4d03/elements - {"using":"xpath","value":"//bdi[text()=\"OK\"]"}
RESULT: {"using":"xpath","value":"//bdi[text()=\"OK\"]"}
COMMAND: POST /session/2d5135847e5304f57daa7dc4bdee4d03/elements - {"using":"xpath","value":"//bdi[text()=\"OK\"]"}
RESULT: {"using":"xpath","value":"//bdi[text()=\"OK\"]"}
COMMAND: POST /session/2d5135847e5304f57daa7dc4bdee4d03/elements - {"using":"xpath","value":"//bdi[text()=\"OK\"]"}
RESULT: {"using":"xpath","value":"//bdi[text()=\"OK\"]"}
COMMAND: POST /session/2d5135847e5304f57daa7dc4bdee4d03/elements - {"using":"xpath","value":"//bdi[text()=\"OK\"]"}
RESULT: {"using":"xpath","value":"//bdi[text()=\"OK\"]"}
COMMAND: POST /session/2d5135847e5304f57daa7dc4bdee4d03/elements - {"using":"xpath","value":"//bdi[text()=\"OK\"]"}
RESULT: {"using":"xpath","value":"//bdi[text()=\"OK\"]"}
COMMAND: POST /session/2d5135847e5304f57daa7dc4bdee4d03/elements - {"using":"xpath","value":"//bdi[text()=\"OK\"]"}
RESULT: {"using":"xpath","value":"//bdi[text()=\"OK\"]"}
COMMAND: POST /session/2d5135847e5304f57daa7dc4bdee4d03/elements - {"using":"xpath","value":"//bdi[text()=\"OK\"]"}
RESULT: {"using":"xpath","value":"//bdi[text()=\"OK\"]"}
COMMAND: POST /session/2d5135847e5304f57daa7dc4bdee4d03/elements - {"using":"xpath","value":"//bdi[text()=\"OK\"]"}
RESULT: {"using":"xpath","value":"//bdi[text()=\"OK\"]"}
COMMAND: POST /session/2d5135847e5304f57daa7dc4bdee4d03/elements - {"using":"xpath","value":"//bdi[text()=\"OK\"]"}
RESULT: {"using":"xpath","value":"//bdi[text()=\"OK\"]"}
COMMAND: POST /session/2d5135847e5304f57daa7dc4bdee4d03/elements - {"using":"xpath","value":"//bdi[text()=\"OK\"]"}
RESULT: {"using":"xpath","value":"//bdi[text()=\"OK\"]"}
COMMAND: POST /session/2d5135847e5304f57daa7dc4bdee4d03/elements - {"using":"xpath","value":"//bdi[text()=\"OK\"]"}
RESULT: {"using":"xpath","value":"//bdi[text()=\"OK\"]"}
COMMAND: POST /session/2d5135847e5304f57daa7dc4bdee4d03/elements - {"using":"xpath","value":"//bdi[text()=\"OK\"]"}
RESULT: {"using":"xpath","value":"//bdi[text()=\"OK\"]"}
COMMAND: POST /session/2d5135847e5304f57daa7dc4bdee4d03/elements - {"using":"xpath","value":"//bdi[text()=\"OK\"]"}
RESULT: {"using":"xpath","value":"//bdi[text()=\"OK\"]"}
COMMAND: POST /session/2d5135847e5304f57daa7dc4bdee4d03/elements - {"using":"xpath","value":"//bdi[text()=\"OK\"]"}
RESULT: {"using":"xpath","value":"//bdi[text()=\"OK\"]"}
COMMAND: POST /session/2d5135847e5304f57daa7dc4bdee4d03/elements - {"using":"xpath","value":"//bdi[text()=\"OK\"]"}
RESULT: {"using":"xpath","value":"//bdi[text()=\"OK\"]"}
COMMAND: POST /session/2d5135847e5304f57daa7dc4bdee4d03/elements - {"using":"xpath","value":"//bdi[text()=\"OK\"]"}
RESULT: {"using":"xpath","value":"//bdi[text()=\"OK\"]"}
COMMAND: POST /session/2d5135847e5304f57daa7dc4bdee4d03/elements - {"using":"xpath","value":"//bdi[text()=\"OK\"]"}
RESULT: {"using":"xpath","value":"//bdi[text()=\"OK\"]"}
COMMAND: POST /session/2d5135847e5304f57daa7dc4bdee4d03/elements - {"using":"xpath","value":"//bdi[text()=\"OK\"]"}
RESULT: {"using":"xpath","value":"//bdi[text()=\"OK\"]"}
COMMAND: POST /session/2d5135847e5304f57daa7dc4bdee4d03/elements - {"using":"xpath","value":"//bdi[text()=\"OK\"]"}
RESULT: {"using":"xpath","value":"//bdi[text()=\"OK\"]"}
COMMAND: POST /session/2d5135847e5304f57daa7dc4bdee4d03/elements - {"using":"xpath","value":"//bdi[text()=\"OK\"]"}
RESULT: {"using":"xpath","value":"//bdi[text()=\"OK\"]"}
COMMAND: POST /session/2d5135847e5304f57daa7dc4bdee4d03/elements - {"using":"xpath","value":"//bdi[text()=\"OK\"]"}
RESULT: {"using":"xpath","value":"//bdi[text()=\"OK\"]"}
COMMAND: POST /session/2d5135847e5304f57daa7dc4bdee4d03/elements - {"using":"xpath","value":"//bdi[text()=\"OK\"]"}
RESULT: {"using":"xpath","value":"//bdi[text()=\"OK\"]"}
COMMAND: POST /session/2d5135847e5304f57daa7dc4bdee4d03/elements - {"using":"xpath","value":"//bdi[text()=\"OK\"]"}
RESULT: {"using":"xpath","value":"//bdi[text()=\"OK\"]"}
COMMAND: POST /session/2d5135847e5304f57daa7dc4bdee4d03/elements - {"using":"xpath","value":"//bdi[text()=\"OK\"]"}
RESULT: {"using":"xpath","value":"//bdi[text()=\"OK\"]"}
COMMAND: POST /session/2d5135847e5304f57daa7dc4bdee4d03/elements - {"using":"xpath","value":"//bdi[text()=\"OK\"]"}
RESULT: {"using":"xpath","value":"//bdi[text()=\"OK\"]"}
COMMAND: POST /session/2d5135847e5304f57daa7dc4bdee4d03/elements - {"using":"xpath","value":"//bdi[text()=\"OK\"]"}
RESULT: {"using":"xpath","value":"//bdi[text()=\"OK\"]"}
COMMAND: POST /session/2d5135847e5304f57daa7dc4bdee4d03/elements - {"using":"xpath","value":"//bdi[text()=\"OK\"]"}
RESULT: {"using":"xpath","value":"//bdi[text()=\"OK\"]"}
COMMAND: POST /session/2d5135847e5304f57daa7dc4bdee4d03/elements - {"using":"xpath","value":"//bdi[text()=\"OK\"]"}
RESULT: {"using":"xpath","value":"//bdi[text()=\"OK\"]"}
COMMAND: POST /session/2d5135847e5304f57daa7dc4bdee4d03/elements - {"using":"xpath","value":"//bdi[text()=\"OK\"]"}
RESULT: {"using":"xpath","value":"//bdi[text()=\"OK\"]"}
COMMAND: POST /session/2d5135847e5304f57daa7dc4bdee4d03/elements - {"using":"xpath","value":"//bdi[text()=\"OK\"]"}
RESULT: {"using":"xpath","value":"//bdi[text()=\"OK\"]"}
COMMAND: POST /session/2d5135847e5304f57daa7dc4bdee4d03/elements - {"using":"xpath","value":"//bdi[text()=\"OK\"]"}
RESULT: {"using":"xpath","value":"//bdi[text()=\"OK\"]"}
COMMAND: POST /session/2d5135847e5304f57daa7dc4bdee4d03/elements - {"using":"xpath","value":"//bdi[text()=\"OK\"]"}
RESULT: {"using":"xpath","value":"//bdi[text()=\"OK\"]"}
COMMAND: POST /session/2d5135847e5304f57daa7dc4bdee4d03/elements - {"using":"xpath","value":"//bdi[text()=\"OK\"]"}
RESULT: {"using":"xpath","value":"//bdi[text()=\"OK\"]"}
COMMAND: POST /session/2d5135847e5304f57daa7dc4bdee4d03/elements - {"using":"xpath","value":"//bdi[text()=\"OK\"]"}
RESULT: {"using":"xpath","value":"//bdi[text()=\"OK\"]"}
COMMAND: POST /session/2d5135847e5304f57daa7dc4bdee4d03/elements - {"using":"xpath","value":"//bdi[text()=\"OK\"]"}
RESULT: {"using":"xpath","value":"//bdi[text()=\"OK\"]"}
COMMAND: POST /session/2d5135847e5304f57daa7dc4bdee4d03/elements - {"using":"xpath","value":"//bdi[text()=\"OK\"]"}
RESULT: {"using":"xpath","value":"//bdi[text()=\"OK\"]"}
COMMAND: POST /session/2d5135847e5304f57daa7dc4bdee4d03/elements - {"using":"xpath","value":"//bdi[text()=\"OK\"]"}
RESULT: {"using":"xpath","value":"//bdi[text()=\"OK\"]"}
COMMAND: POST /session/2d5135847e5304f57daa7dc4bdee4d03/elements - {"using":"xpath","value":"//bdi[text()=\"OK\"]"}
RESULT: {"using":"xpath","value":"//bdi[text()=\"OK\"]"}
COMMAND: POST /session/2d5135847e5304f57daa7dc4bdee4d03/elements - {"using":"xpath","value":"//bdi[text()=\"OK\"]"}
RESULT: {"using":"xpath","value":"//bdi[text()=\"OK\"]"}
COMMAND: POST /session/2d5135847e5304f57daa7dc4bdee4d03/elements - {"using":"xpath","value":"//bdi[text()=\"OK\"]"}
RESULT: {"using":"xpath","value":"//bdi[text()=\"OK\"]"}
COMMAND: POST /session/2d5135847e5304f57daa7dc4bdee4d03/elements - {"using":"xpath","value":"//bdi[text()=\"OK\"]"}
RESULT: {"using":"xpath","value":"//bdi[text()=\"OK\"]"}
COMMAND: POST /session/2d5135847e5304f57daa7dc4bdee4d03/elements - {"using":"xpath","value":"//bdi[text()=\"OK\"]"}
RESULT: {"using":"xpath","value":"//bdi[text()=\"OK\"]"}
COMMAND: POST /session/2d5135847e5304f57daa7dc4bdee4d03/elements - {"using":"xpath","value":"//bdi[text()=\"OK\"]"}
RESULT: {"using":"xpath","value":"//bdi[text()=\"OK\"]"}
COMMAND: POST /session/2d5135847e5304f57daa7dc4bdee4d03/elements - {"using":"xpath","value":"//bdi[text()=\"OK\"]"}
RESULT: {"using":"xpath","value":"//bdi[text()=\"OK\"]"}
COMMAND: POST /session/2d5135847e5304f57daa7dc4bdee4d03/elements - {"using":"xpath","value":"//bdi[text()=\"OK\"]"}
RESULT: {"using":"xpath","value":"//bdi[text()=\"OK\"]"}
COMMAND: POST /session/2d5135847e5304f57daa7dc4bdee4d03/elements - {"using":"xpath","value":"//bdi[text()=\"OK\"]"}
RESULT: {"using":"xpath","value":"//bdi[text()=\"OK\"]"}
COMMAND: POST /session/2d5135847e5304f57daa7dc4bdee4d03/elements - {"using":"xpath","value":"//bdi[text()=\"OK\"]"}
RESULT: {"using":"xpath","value":"//bdi[text()=\"OK\"]"}
COMMAND: POST /session/2d5135847e5304f57daa7dc4bdee4d03/elements - {"using":"xpath","value":"//bdi[text()=\"OK\"]"}
RESULT: {"using":"xpath","value":"//bdi[text()=\"OK\"]"}
COMMAND: POST /session/2d5135847e5304f57daa7dc4bdee4d03/elements - {"using":"xpath","value":"//bdi[text()=\"OK\"]"}
RESULT: {"using":"xpath","value":"//bdi[text()=\"OK\"]"}
COMMAND: POST /session/2d5135847e5304f57daa7dc4bdee4d03/elements - {"using":"xpath","value":"//bdi[text()=\"OK\"]"}
RESULT: {"using":"xpath","value":"//bdi[text()=\"OK\"]"}
COMMAND: POST /session/2d5135847e5304f57daa7dc4bdee4d03/elements - {"using":"xpath","value":"//bdi[text()=\"OK\"]"}
RESULT: {"using":"xpath","value":"//bdi[text()=\"OK\"]"}
COMMAND: POST /session/2d5135847e5304f57daa7dc4bdee4d03/elements - {"using":"xpath","value":"//bdi[text()=\"OK\"]"}
RESULT: {"using":"xpath","value":"//bdi[text()=\"OK\"]"}
COMMAND: POST /session/2d5135847e5304f57daa7dc4bdee4d03/elements - {"using":"xpath","value":"//bdi[text()=\"OK\"]"}
RESULT: {"using":"xpath","value":"//bdi[text()=\"OK\"]"}
COMMAND: POST /session/2d5135847e5304f57daa7dc4bdee4d03/elements - {"using":"xpath","value":"//bdi[text()=\"OK\"]"}
RESULT: {"using":"xpath","value":"//bdi[text()=\"OK\"]"}
COMMAND: POST /session/2d5135847e5304f57daa7dc4bdee4d03/elements - {"using":"xpath","value":"//bdi[text()=\"OK\"]"}
RESULT: {"using":"xpath","value":"//bdi[text()=\"OK\"]"}
COMMAND: POST /session/2d5135847e5304f57daa7dc4bdee4d03/elements - {"using":"xpath","value":"//bdi[text()=\"OK\"]"}
RESULT: {"using":"xpath","value":"//bdi[text()=\"OK\"]"}
COMMAND: POST /session/2d5135847e5304f57daa7dc4bdee4d03/elements - {"using":"xpath","value":"//bdi[text()=\"OK\"]"}
RESULT: {"using":"xpath","value":"//bdi[text()=\"OK\"]"}
COMMAND: POST /session/2d5135847e5304f57daa7dc4bdee4d03/elements - {"using":"xpath","value":"//bdi[text()=\"OK\"]"}
RESULT: {"using":"xpath","value":"//bdi[text()=\"OK\"]"}
COMMAND: POST /session/2d5135847e5304f57daa7dc4bdee4d03/elements - {"using":"xpath","value":"//bdi[text()=\"OK\"]"}
RESULT: {"using":"xpath","value":"//bdi[text()=\"OK\"]"}
COMMAND: POST /session/2d5135847e5304f57daa7dc4bdee4d03/elements - {"using":"xpath","value":"//bdi[text()=\"OK\"]"}
RESULT: {"using":"xpath","value":"//bdi[text()=\"OK\"]"}
COMMAND: POST /session/2d5135847e5304f57daa7dc4bdee4d03/elements - {"using":"xpath","value":"//bdi[text()=\"OK\"]"}
RESULT: {"using":"xpath","value":"//bdi[text()=\"OK\"]"}
COMMAND: POST /session/2d5135847e5304f57daa7dc4bdee4d03/elements - {"using":"xpath","value":"//bdi[text()=\"OK\"]"}
RESULT: {"using":"xpath","value":"//bdi[text()=\"OK\"]"}
COMMAND: POST /session/2d5135847e5304f57daa7dc4bdee4d03/elements - {"using":"xpath","value":"//bdi[text()=\"OK\"]"}
RESULT: {"using":"xpath","value":"//bdi[text()=\"OK\"]"}
COMMAND: POST /session/2d5135847e5304f57daa7dc4bdee4d03/elements - {"using":"xpath","value":"//bdi[text()=\"OK\"]"}
RESULT: {"using":"xpath","value":"//bdi[text()=\"OK\"]"}
COMMAND: POST /session/2d5135847e5304f57daa7dc4bdee4d03/elements - {"using":"xpath","value":"//bdi[text()=\"OK\"]"}
RESULT: {"using":"xpath","value":"//bdi[text()=\"OK\"]"}
COMMAND: POST /session/2d5135847e5304f57daa7dc4bdee4d03/elements - {"using":"xpath","value":"//bdi[text()=\"OK\"]"}
RESULT: {"using":"xpath","value":"//bdi[text()=\"OK\"]"}
COMMAND: POST /session/2d5135847e5304f57daa7dc4bdee4d03/elements - {"using":"xpath","value":"//bdi[text()=\"OK\"]"}
RESULT: {"using":"xpath","value":"//bdi[text()=\"OK\"]"}
COMMAND: POST /session/2d5135847e5304f57daa7dc4bdee4d03/elements - {"using":"xpath","value":"//bdi[text()=\"OK\"]"}
RESULT: {"using":"xpath","value":"//bdi[text()=\"OK\"]"}
COMMAND: POST /session/2d5135847e5304f57daa7dc4bdee4d03/elements - {"using":"xpath","value":"//bdi[text()=\"OK\"]"}
RESULT: {"using":"xpath","value":"//bdi[text()=\"OK\"]"}
COMMAND: POST /session/2d5135847e5304f57daa7dc4bdee4d03/elements - {"using":"xpath","value":"//bdi[text()=\"OK\"]"}
RESULT: {"using":"xpath","value":"//bdi[text()=\"OK\"]"}
COMMAND: POST /session/2d5135847e5304f57daa7dc4bdee4d03/elements - {"using":"xpath","value":"//bdi[text()=\"OK\"]"}
RESULT: {"using":"xpath","value":"//bdi[text()=\"OK\"]"}
COMMAND: POST /session/2d5135847e5304f57daa7dc4bdee4d03/elements - {"using":"xpath","value":"//bdi[text()=\"OK\"]"}
RESULT: {"using":"xpath","value":"//bdi[text()=\"OK\"]"}
COMMAND: POST /session/2d5135847e5304f57daa7dc4bdee4d03/elements - {"using":"xpath","value":"//bdi[text()=\"OK\"]"}
RESULT: {"using":"xpath","value":"//bdi[text()=\"OK\"]"}
COMMAND: POST /session/2d5135847e5304f57daa7dc4bdee4d03/elements - {"using":"xpath","value":"//bdi[text()=\"OK\"]"}
RESULT: {"using":"xpath","value":"//bdi[text()=\"OK\"]"}
COMMAND: POST /session/2d5135847e5304f57daa7dc4bdee4d03/elements - {"using":"xpath","value":"//bdi[text()=\"OK\"]"}
RESULT: {"using":"xpath","value":"//bdi[text()=\"OK\"]"}
COMMAND: POST /session/2d5135847e5304f57daa7dc4bdee4d03/elements - {"using":"xpath","value":"//bdi[text()=\"OK\"]"}
RESULT: {"using":"xpath","value":"//bdi[text()=\"OK\"]"}
COMMAND: POST /session/2d5135847e5304f57daa7dc4bdee4d03/elements - {"using":"xpath","value":"//bdi[text()=\"OK\"]"}
RESULT: {"using":"xpath","value":"//bdi[text()=\"OK\"]"}
COMMAND: POST /session/2d5135847e5304f57daa7dc4bdee4d03/elements - {"using":"xpath","value":"//bdi[text()=\"OK\"]"}
RESULT: {"using":"xpath","value":"//bdi[text()=\"OK\"]"}
COMMAND: POST /session/2d5135847e5304f57daa7dc4bdee4d03/elements - {"using":"xpath","value":"//bdi[text()=\"OK\"]"}
RESULT: {"using":"xpath","value":"//bdi[text()=\"OK\"]"}
COMMAND: POST /session/2d5135847e5304f57daa7dc4bdee4d03/elements - {"using":"xpath","value":"//bdi[text()=\"OK\"]"}
RESULT: {"using":"xpath","value":"//bdi[text()=\"OK\"]"}
COMMAND: POST /session/2d5135847e5304f57daa7dc4bdee4d03/elements - {"using":"xpath","value":"//bdi[text()=\"OK\"]"}
RESULT: {"using":"xpath","value":"//bdi[text()=\"OK\"]"}
COMMAND: POST /session/2d5135847e5304f57daa7dc4bdee4d03/elements - {"using":"xpath","value":"//bdi[text()=\"OK\"]"}
RESULT: {"using":"xpath","value":"//bdi[text()=\"OK\"]"}
COMMAND: POST /session/2d5135847e5304f57daa7dc4bdee4d03/elements - {"using":"xpath","value":"//bdi[text()=\"OK\"]"}
RESULT: {"using":"xpath","value":"//bdi[text()=\"OK\"]"}
COMMAND: POST /session/2d5135847e5304f57daa7dc4bdee4d03/elements - {"using":"xpath","value":"//bdi[text()=\"OK\"]"}
RESULT: {"using":"xpath","value":"//bdi[text()=\"OK\"]"}
COMMAND: POST /session/2d5135847e5304f57daa7dc4bdee4d03/elements - {"using":"xpath","value":"//bdi[text()=\"OK\"]"}
RESULT: {"using":"xpath","value":"//bdi[text()=\"OK\"]"}
COMMAND: POST /session/2d5135847e5304f57daa7dc4bdee4d03/elements - {"using":"xpath","value":"//bdi[text()=\"OK\"]"}
RESULT: {"using":"xpath","value":"//bdi[text()=\"OK\"]"}
COMMAND: POST /session/2d5135847e5304f57daa7dc4bdee4d03/elements - {"using":"xpath","value":"//bdi[text()=\"OK\"]"}
RESULT: {"using":"xpath","value":"//bdi[text()=\"OK\"]"}
COMMAND: POST /session/2d5135847e5304f57daa7dc4bdee4d03/elements - {"using":"xpath","value":"//bdi[text()=\"OK\"]"}
RESULT: {"using":"xpath","value":"//bdi[text()=\"OK\"]"}
COMMAND: POST /session/2d5135847e5304f57daa7dc4bdee4d03/elements - {"using":"xpath","value":"//bdi[text()=\"OK\"]"}
RESULT: {"using":"xpath","value":"//bdi[text()=\"OK\"]"}
COMMAND: POST /session/2d5135847e5304f57daa7dc4bdee4d03/elements - {"using":"xpath","value":"//bdi[text()=\"OK\"]"}
RESULT: {"using":"xpath","value":"//bdi[text()=\"OK\"]"}
COMMAND: POST /session/2d5135847e5304f57daa7dc4bdee4d03/elements - {"using":"xpath","value":"//bdi[text()=\"OK\"]"}
RESULT: {"using":"xpath","value":"//bdi[text()=\"OK\"]"}
COMMAND: POST /session/2d5135847e5304f57daa7dc4bdee4d03/elements - {"using":"xpath","value":"//bdi[text()=\"OK\"]"}
RESULT: {"using":"xpath","value":"//bdi[text()=\"OK\"]"}
COMMAND: POST /session/2d5135847e5304f57daa7dc4bdee4d03/elements - {"using":"xpath","value":"//bdi[text()=\"OK\"]"}
RESULT: {"using":"xpath","value":"//bdi[text()=\"OK\"]"}
COMMAND: POST /session/2d5135847e5304f57daa7dc4bdee4d03/elements - {"using":"xpath","value":"//bdi[text()=\"OK\"]"}
RESULT: {"using":"xpath","value":"//bdi[text()=\"OK\"]"}
COMMAND: POST /session/2d5135847e5304f57daa7dc4bdee4d03/elements - {"using":"xpath","value":"//bdi[text()=\"OK\"]"}
RESULT: {"using":"xpath","value":"//bdi[text()=\"OK\"]"}
COMMAND: POST /session/2d5135847e5304f57daa7dc4bdee4d03/elements - {"using":"xpath","value":"//bdi[text()=\"OK\"]"}
RESULT: {"using":"xpath","value":"//bdi[text()=\"OK\"]"}
COMMAND: POST /session/2d5135847e5304f57daa7dc4bdee4d03/elements - {"using":"xpath","value":"//bdi[text()=\"OK\"]"}
RESULT: {"using":"xpath","value":"//bdi[text()=\"OK\"]"}
COMMAND: POST /session/2d5135847e5304f57daa7dc4bdee4d03/elements - {"using":"xpath","value":"//bdi[text()=\"OK\"]"}
RESULT: {"using":"xpath","value":"//bdi[text()=\"OK\"]"}
COMMAND: POST /session/2d5135847e5304f57daa7dc4bdee4d03/elements - {"using":"xpath","value":"//bdi[text()=\"OK\"]"}
RESULT: {"using":"xpath","value":"//bdi[text()=\"OK\"]"}
COMMAND: POST /session/2d5135847e5304f57daa7dc4bdee4d03/elements - {"using":"xpath","value":"//bdi[text()=\"OK\"]"}
RESULT: {"using":"xpath","value":"//bdi[text()=\"OK\"]"}
COMMAND: POST /session/2d5135847e5304f57daa7dc4bdee4d03/elements - {"using":"xpath","value":"//bdi[text()=\"OK\"]"}
RESULT: {"using":"xpath","value":"//bdi[text()=\"OK\"]"}
COMMAND: POST /session/2d5135847e5304f57daa7dc4bdee4d03/elements - {"using":"xpath","value":"//bdi[text()=\"OK\"]"}
RESULT: {"using":"xpath","value":"//bdi[text()=\"OK\"]"}
COMMAND: POST /session/2d5135847e5304f57daa7dc4bdee4d03/elements - {"using":"xpath","value":"//bdi[text()=\"OK\"]"}
RESULT: {"using":"xpath","value":"//bdi[text()=\"OK\"]"}
COMMAND: POST /session/2d5135847e5304f57daa7dc4bdee4d03/elements - {"using":"xpath","value":"//bdi[text()=\"OK\"]"}
RESULT: {"using":"xpath","value":"//bdi[text()=\"OK\"]"}
COMMAND: POST /session/2d5135847e5304f57daa7dc4bdee4d03/elements - {"using":"xpath","value":"//bdi[text()=\"OK\"]"}
RESULT: {"using":"xpath","value":"//bdi[text()=\"OK\"]"}
COMMAND: POST /session/2d5135847e5304f57daa7dc4bdee4d03/elements - {"using":"xpath","value":"//bdi[text()=\"OK\"]"}
RESULT: {"using":"xpath","value":"//bdi[text()=\"OK\"]"}
COMMAND: POST /session/2d5135847e5304f57daa7dc4bdee4d03/elements - {"using":"xpath","value":"//bdi[text()=\"OK\"]"}
RESULT: {"using":"xpath","value":"//bdi[text()=\"OK\"]"}
COMMAND: POST /session/2d5135847e5304f57daa7dc4bdee4d03/elements - {"using":"xpath","value":"//bdi[text()=\"OK\"]"}
RESULT: {"using":"xpath","value":"//bdi[text()=\"OK\"]"}
COMMAND: POST /session/2d5135847e5304f57daa7dc4bdee4d03/elements - {"using":"xpath","value":"//bdi[text()=\"OK\"]"}
RESULT: {"using":"xpath","value":"//bdi[text()=\"OK\"]"}
COMMAND: POST /session/2d5135847e5304f57daa7dc4bdee4d03/elements - {"using":"xpath","value":"//bdi[text()=\"OK\"]"}
RESULT: {"using":"xpath","value":"//bdi[text()=\"OK\"]"}
COMMAND: POST /session/2d5135847e5304f57daa7dc4bdee4d03/elements - {"using":"xpath","value":"//bdi[text()=\"OK\"]"}
RESULT: {"using":"xpath","value":"//bdi[text()=\"OK\"]"}
COMMAND: POST /session/2d5135847e5304f57daa7dc4bdee4d03/elements - {"using":"xpath","value":"//bdi[text()=\"OK\"]"}
RESULT: {"using":"xpath","value":"//bdi[text()=\"OK\"]"}
COMMAND: POST /session/2d5135847e5304f57daa7dc4bdee4d03/elements - {"using":"xpath","value":"//bdi[text()=\"OK\"]"}
COMMAND: POST /session/2d5135847e5304f57daa7dc4bdee4d03/element - {"using":"xpath","value":"//bdi[text()=\"OK\"]"}
RESULT: {"using":"xpath","value":"//bdi[text()=\"OK\"]"}
RESULT: {"using":"xpath","value":"//bdi[text()=\"OK\"]"}
COMMAND: POST /session/2d5135847e5304f57daa7dc4bdee4d03/elements - {"using":"xpath","value":"//bdi[text()=\"OK\"]"}
RESULT: {"using":"xpath","value":"//bdi[text()=\"OK\"]"}
COMMAND: POST /session/2d5135847e5304f57daa7dc4bdee4d03/elements - {"using":"xpath","value":"//bdi[text()=\"OK\"]"}
RESULT: {"using":"xpath","value":"//bdi[text()=\"OK\"]"}
COMMAND: POST /session/2d5135847e5304f57daa7dc4bdee4d03/elements - {"using":"xpath","value":"//bdi[text()=\"OK\"]"}
RESULT: {"using":"xpath","value":"//bdi[text()=\"OK\"]"}
COMMAND: POST /session/2d5135847e5304f57daa7dc4bdee4d03/elements - {"using":"xpath","value":"//bdi[text()=\"OK\"]"}
RESULT: {"using":"xpath","value":"//bdi[text()=\"OK\"]"}
COMMAND: POST /session/2d5135847e5304f57daa7dc4bdee4d03/elements - {"using":"xpath","value":"//bdi[text()=\"OK\"]"}
RESULT: {"using":"xpath","value":"//bdi[text()=\"OK\"]"}
COMMAND: POST /session/2d5135847e5304f57daa7dc4bdee4d03/elements - {"using":"xpath","value":"//bdi[text()=\"OK\"]"}
RESULT: {"using":"xpath","value":"//bdi[text()=\"OK\"]"}
COMMAND: POST /session/2d5135847e5304f57daa7dc4bdee4d03/elements - {"using":"xpath","value":"//bdi[text()=\"OK\"]"}
RESULT: {"using":"xpath","value":"//bdi[text()=\"OK\"]"}
COMMAND: POST /session/2d5135847e5304f57daa7dc4bdee4d03/elements - {"using":"xpath","value":"//bdi[text()=\"OK\"]"}
RESULT: {"using":"xpath","value":"//bdi[text()=\"OK\"]"}
COMMAND: POST /session/2d5135847e5304f57daa7dc4bdee4d03/elements - {"using":"xpath","value":"//bdi[text()=\"OK\"]"}
RESULT: {"using":"xpath","value":"//bdi[text()=\"OK\"]"}
COMMAND: POST /session/2d5135847e5304f57daa7dc4bdee4d03/elements - {"using":"xpath","value":"//bdi[text()=\"OK\"]"}
RESULT: {"using":"xpath","value":"//bdi[text()=\"OK\"]"}
COMMAND: POST /session/2d5135847e5304f57daa7dc4bdee4d03/elements - {"using":"xpath","value":"//bdi[text()=\"OK\"]"}
RESULT: {"using":"xpath","value":"//bdi[text()=\"OK\"]"}
COMMAND: POST /session/2d5135847e5304f57daa7dc4bdee4d03/elements - {"using":"xpath","value":"//bdi[text()=\"OK\"]"}
RESULT: {"using":"xpath","value":"//bdi[text()=\"OK\"]"}
COMMAND: POST /session/2d5135847e5304f57daa7dc4bdee4d03/elements - {"using":"xpath","value":"//bdi[text()=\"OK\"]"}
RESULT: {"using":"xpath","value":"//bdi[text()=\"OK\"]"}
COMMAND: POST /session/2d5135847e5304f57daa7dc4bdee4d03/elements - {"using":"xpath","value":"//bdi[text()=\"OK\"]"}
RESULT: {"using":"xpath","value":"//bdi[text()=\"OK\"]"}
COMMAND: POST /session/2d5135847e5304f57daa7dc4bdee4d03/elements - {"using":"xpath","value":"//bdi[text()=\"OK\"]"}
RESULT: {"using":"xpath","value":"//bdi[text()=\"OK\"]"}
COMMAND: POST /session/2d5135847e5304f57daa7dc4bdee4d03/elements - {"using":"xpath","value":"//bdi[text()=\"OK\"]"}
RESULT: {"using":"xpath","value":"//bdi[text()=\"OK\"]"}
COMMAND: POST /session/2d5135847e5304f57daa7dc4bdee4d03/elements - {"using":"xpath","value":"//bdi[text()=\"OK\"]"}
RESULT: {"using":"xpath","value":"//bdi[text()=\"OK\"]"}
COMMAND: POST /session/2d5135847e5304f57daa7dc4bdee4d03/elements - {"using":"xpath","value":"//bdi[text()=\"OK\"]"}
RESULT: {"using":"xpath","value":"//bdi[text()=\"OK\"]"}
COMMAND: POST /session/2d5135847e5304f57daa7dc4bdee4d03/elements - {"using":"xpath","value":"//bdi[text()=\"OK\"]"}
RESULT: {"using":"xpath","value":"//bdi[text()=\"OK\"]"}
COMMAND: POST /session/2d5135847e5304f57daa7dc4bdee4d03/elements - {"using":"xpath","value":"//bdi[text()=\"OK\"]"}
RESULT: {"using":"xpath","value":"//bdi[text()=\"OK\"]"}
COMMAND: POST /session/2d5135847e5304f57daa7dc4bdee4d03/elements - {"using":"xpath","value":"//bdi[text()=\"OK\"]"}
RESULT: {"using":"xpath","value":"//bdi[text()=\"OK\"]"}
COMMAND: POST /session/2d5135847e5304f57daa7dc4bdee4d03/elements - {"using":"xpath","value":"//bdi[text()=\"OK\"]"}
RESULT: {"using":"xpath","value":"//bdi[text()=\"OK\"]"}
COMMAND: POST /session/2d5135847e5304f57daa7dc4bdee4d03/elements - {"using":"xpath","value":"//bdi[text()=\"OK\"]"}
RESULT: {"using":"xpath","value":"//bdi[text()=\"OK\"]"}
COMMAND: POST /session/2d5135847e5304f57daa7dc4bdee4d03/elements - {"using":"xpath","value":"//bdi[text()=\"OK\"]"}
RESULT: {"using":"xpath","value":"//bdi[text()=\"OK\"]"}
COMMAND: POST /session/2d5135847e5304f57daa7dc4bdee4d03/elements - {"using":"xpath","value":"//bdi[text()=\"OK\"]"}
RESULT: {"using":"xpath","value":"//bdi[text()=\"OK\"]"}
COMMAND: POST /session/2d5135847e5304f57daa7dc4bdee4d03/elements - {"using":"xpath","value":"//bdi[text()=\"OK\"]"}
RESULT: {"using":"xpath","value":"//bdi[text()=\"OK\"]"}
COMMAND: POST /session/2d5135847e5304f57daa7dc4bdee4d03/elements - {"using":"xpath","value":"//bdi[text()=\"OK\"]"}
RESULT: {"using":"xpath","value":"//bdi[text()=\"OK\"]"}
COMMAND: POST /session/2d5135847e5304f57daa7dc4bdee4d03/elements - {"using":"xpath","value":"//bdi[text()=\"OK\"]"}
RESULT: {"using":"xpath","value":"//bdi[text()=\"OK\"]"}
COMMAND: POST /session/2d5135847e5304f57daa7dc4bdee4d03/elements - {"using":"xpath","value":"//bdi[text()=\"OK\"]"}
RESULT: {"using":"xpath","value":"//bdi[text()=\"OK\"]"}
COMMAND: POST /session/2d5135847e5304f57daa7dc4bdee4d03/elements - {"using":"xpath","value":"//bdi[text()=\"OK\"]"}
RESULT: {"using":"xpath","value":"//bdi[text()=\"OK\"]"}
COMMAND: POST /session/2d5135847e5304f57daa7dc4bdee4d03/elements - {"using":"xpath","value":"//bdi[text()=\"OK\"]"}
RESULT: {"using":"xpath","value":"//bdi[text()=\"OK\"]"}
COMMAND: POST /session/2d5135847e5304f57daa7dc4bdee4d03/elements - {"using":"xpath","value":"//bdi[text()=\"OK\"]"}
RESULT: {"using":"xpath","value":"//bdi[text()=\"OK\"]"}
COMMAND: POST /session/2d5135847e5304f57daa7dc4bdee4d03/elements - {"using":"xpath","value":"//bdi[text()=\"OK\"]"}
RESULT: {"using":"xpath","value":"//bdi[text()=\"OK\"]"}
COMMAND: POST /session/2d5135847e5304f57daa7dc4bdee4d03/elements - {"using":"xpath","value":"//bdi[text()=\"OK\"]"}
RESULT: {"using":"xpath","value":"//bdi[text()=\"OK\"]"}
COMMAND: POST /session/2d5135847e5304f57daa7dc4bdee4d03/elements - {"using":"xpath","value":"//bdi[text()=\"OK\"]"}
RESULT: {"using":"xpath","value":"//bdi[text()=\"OK\"]"}
COMMAND: POST /session/2d5135847e5304f57daa7dc4bdee4d03/elements - {"using":"xpath","value":"//bdi[text()=\"OK\"]"}
RESULT: {"using":"xpath","value":"//bdi[text()=\"OK\"]"}
COMMAND: POST /session/2d5135847e5304f57daa7dc4bdee4d03/elements - {"using":"xpath","value":"//bdi[text()=\"OK\"]"}
RESULT: {"using":"xpath","value":"//bdi[text()=\"OK\"]"}
COMMAND: POST /session/2d5135847e5304f57daa7dc4bdee4d03/elements - {"using":"xpath","value":"//bdi[text()=\"OK\"]"}
RESULT: {"using":"xpath","value":"//bdi[text()=\"OK\"]"}
COMMAND: POST /session/2d5135847e5304f57daa7dc4bdee4d03/elements - {"using":"xpath","value":"//bdi[text()=\"OK\"]"}
RESULT: {"using":"xpath","value":"//bdi[text()=\"OK\"]"}
COMMAND: POST /session/2d5135847e5304f57daa7dc4bdee4d03/elements - {"using":"xpath","value":"//bdi[text()=\"OK\"]"}
RESULT: {"using":"xpath","value":"//bdi[text()=\"OK\"]"}
COMMAND: POST /session/2d5135847e5304f57daa7dc4bdee4d03/elements - {"using":"xpath","value":"//bdi[text()=\"OK\"]"}
RESULT: {"using":"xpath","value":"//bdi[text()=\"OK\"]"}
COMMAND: POST /session/2d5135847e5304f57daa7dc4bdee4d03/elements - {"using":"xpath","value":"//bdi[text()=\"OK\"]"}
RESULT: {"using":"xpath","value":"//bdi[text()=\"OK\"]"}
COMMAND: POST /session/2d5135847e5304f57daa7dc4bdee4d03/elements - {"using":"xpath","value":"//bdi[text()=\"OK\"]"}
RESULT: {"using":"xpath","value":"//bdi[text()=\"OK\"]"}
COMMAND: POST /session/2d5135847e5304f57daa7dc4bdee4d03/elements - {"using":"xpath","value":"//bdi[text()=\"OK\"]"}
RESULT: {"using":"xpath","value":"//bdi[text()=\"OK\"]"}
COMMAND: POST /session/2d5135847e5304f57daa7dc4bdee4d03/elements - {"using":"xpath","value":"//bdi[text()=\"OK\"]"}
RESULT: {"using":"xpath","value":"//bdi[text()=\"OK\"]"}
COMMAND: POST /session/2d5135847e5304f57daa7dc4bdee4d03/elements - {"using":"xpath","value":"//bdi[text()=\"OK\"]"}
RESULT: {"using":"xpath","value":"//bdi[text()=\"OK\"]"}
COMMAND: POST /session/2d5135847e5304f57daa7dc4bdee4d03/elements - {"using":"xpath","value":"//bdi[text()=\"OK\"]"}
RESULT: {"using":"xpath","value":"//bdi[text()=\"OK\"]"}
COMMAND: POST /session/2d5135847e5304f57daa7dc4bdee4d03/elements - {"using":"xpath","value":"//bdi[text()=\"OK\"]"}
RESULT: {"using":"xpath","value":"//bdi[text()=\"OK\"]"}
COMMAND: POST /session/2d5135847e5304f57daa7dc4bdee4d03/elements - {"using":"xpath","value":"//bdi[text()=\"OK\"]"}
RESULT: {"using":"xpath","value":"//bdi[text()=\"OK\"]"}
COMMAND: POST /session/2d5135847e5304f57daa7dc4bdee4d03/elements - {"using":"xpath","value":"//bdi[text()=\"OK\"]"}
RESULT: {"using":"xpath","value":"//bdi[text()=\"OK\"]"}
COMMAND: POST /session/2d5135847e5304f57daa7dc4bdee4d03/elements - {"using":"xpath","value":"//bdi[text()=\"OK\"]"}
RESULT: {"using":"xpath","value":"//bdi[text()=\"OK\"]"}
COMMAND: POST /session/2d5135847e5304f57daa7dc4bdee4d03/elements - {"using":"xpath","value":"//bdi[text()=\"OK\"]"}
RESULT: {"using":"xpath","value":"//bdi[text()=\"OK\"]"}
COMMAND: POST /session/2d5135847e5304f57daa7dc4bdee4d03/elements - {"using":"xpath","value":"//bdi[text()=\"OK\"]"}
RESULT: {"using":"xpath","value":"//bdi[text()=\"OK\"]"}
COMMAND: POST /session/2d5135847e5304f57daa7dc4bdee4d03/elements - {"using":"xpath","value":"//bdi[text()=\"OK\"]"}
RESULT: {"using":"xpath","value":"//bdi[text()=\"OK\"]"}
COMMAND: POST /session/2d5135847e5304f57daa7dc4bdee4d03/elements - {"using":"xpath","value":"//bdi[text()=\"OK\"]"}
RESULT: {"using":"xpath","value":"//bdi[text()=\"OK\"]"}
COMMAND: POST /session/2d5135847e5304f57daa7dc4bdee4d03/elements - {"using":"xpath","value":"//bdi[text()=\"OK\"]"}
RESULT: {"using":"xpath","value":"//bdi[text()=\"OK\"]"}
COMMAND: POST /session/2d5135847e5304f57daa7dc4bdee4d03/elements - {"using":"xpath","value":"//bdi[text()=\"OK\"]"}
RESULT: {"using":"xpath","value":"//bdi[text()=\"OK\"]"}
COMMAND: POST /session/2d5135847e5304f57daa7dc4bdee4d03/elements - {"using":"xpath","value":"//bdi[text()=\"OK\"]"}
RESULT: {"using":"xpath","value":"//bdi[text()=\"OK\"]"}
COMMAND: POST /session/2d5135847e5304f57daa7dc4bdee4d03/elements - {"using":"xpath","value":"//bdi[text()=\"OK\"]"}
RESULT: {"using":"xpath","value":"//bdi[text()=\"OK\"]"}
COMMAND: POST /session/2d5135847e5304f57daa7dc4bdee4d03/elements - {"using":"xpath","value":"//bdi[text()=\"OK\"]"}
RESULT: {"using":"xpath","value":"//bdi[text()=\"OK\"]"}
COMMAND: POST /session/2d5135847e5304f57daa7dc4bdee4d03/elements - {"using":"xpath","value":"//bdi[text()=\"OK\"]"}
RESULT: {"using":"xpath","value":"//bdi[text()=\"OK\"]"}
COMMAND: POST /session/2d5135847e5304f57daa7dc4bdee4d03/elements - {"using":"xpath","value":"//bdi[text()=\"OK\"]"}
RESULT: {"using":"xpath","value":"//bdi[text()=\"OK\"]"}
COMMAND: POST /session/2d5135847e5304f57daa7dc4bdee4d03/elements - {"using":"xpath","value":"//bdi[text()=\"OK\"]"}
RESULT: {"using":"xpath","value":"//bdi[text()=\"OK\"]"}
COMMAND: POST /session/2d5135847e5304f57daa7dc4bdee4d03/elements - {"using":"xpath","value":"//bdi[text()=\"OK\"]"}
RESULT: {"using":"xpath","value":"//bdi[text()=\"OK\"]"}
COMMAND: POST /session/2d5135847e5304f57daa7dc4bdee4d03/elements - {"using":"xpath","value":"//bdi[text()=\"OK\"]"}
RESULT: {"using":"xpath","value":"//bdi[text()=\"OK\"]"}
COMMAND: POST /session/2d5135847e5304f57daa7dc4bdee4d03/elements - {"using":"xpath","value":"//bdi[text()=\"OK\"]"}
RESULT: {"using":"xpath","value":"//bdi[text()=\"OK\"]"}
COMMAND: POST /session/2d5135847e5304f57daa7dc4bdee4d03/elements - {"using":"xpath","value":"//bdi[text()=\"OK\"]"}
RESULT: {"using":"xpath","value":"//bdi[text()=\"OK\"]"}
COMMAND: POST /session/2d5135847e5304f57daa7dc4bdee4d03/elements - {"using":"xpath","value":"//bdi[text()=\"OK\"]"}
RESULT: {"using":"xpath","value":"//bdi[text()=\"OK\"]"}
COMMAND: POST /session/2d5135847e5304f57daa7dc4bdee4d03/elements - {"using":"xpath","value":"//bdi[text()=\"OK\"]"}
RESULT: {"using":"xpath","value":"//bdi[text()=\"OK\"]"}
COMMAND: POST /session/2d5135847e5304f57daa7dc4bdee4d03/elements - {"using":"xpath","value":"//bdi[text()=\"OK\"]"}
RESULT: {"using":"xpath","value":"//bdi[text()=\"OK\"]"}
COMMAND: POST /session/2d5135847e5304f57daa7dc4bdee4d03/elements - {"using":"xpath","value":"//bdi[text()=\"OK\"]"}
RESULT: {"using":"xpath","value":"//bdi[text()=\"OK\"]"}
COMMAND: POST /session/2d5135847e5304f57daa7dc4bdee4d03/elements - {"using":"xpath","value":"//bdi[text()=\"OK\"]"}
RESULT: {"using":"xpath","value":"//bdi[text()=\"OK\"]"}
COMMAND: POST /session/2d5135847e5304f57daa7dc4bdee4d03/elements - {"using":"xpath","value":"//bdi[text()=\"OK\"]"}
RESULT: {"using":"xpath","value":"//bdi[text()=\"OK\"]"}
COMMAND: POST /session/2d5135847e5304f57daa7dc4bdee4d03/elements - {"using":"xpath","value":"//bdi[text()=\"OK\"]"}
RESULT: {"using":"xpath","value":"//bdi[text()=\"OK\"]"}
COMMAND: POST /session/2d5135847e5304f57daa7dc4bdee4d03/elements - {"using":"xpath","value":"//bdi[text()=\"OK\"]"}
RESULT: {"using":"xpath","value":"//bdi[text()=\"OK\"]"}
COMMAND: POST /session/2d5135847e5304f57daa7dc4bdee4d03/elements - {"using":"xpath","value":"//bdi[text()=\"OK\"]"}
RESULT: {"using":"xpath","value":"//bdi[text()=\"OK\"]"}
COMMAND: POST /session/2d5135847e5304f57daa7dc4bdee4d03/elements - {"using":"xpath","value":"//bdi[text()=\"OK\"]"}
RESULT: {"using":"xpath","value":"//bdi[text()=\"OK\"]"}
COMMAND: POST /session/2d5135847e5304f57daa7dc4bdee4d03/elements - {"using":"xpath","value":"//bdi[text()=\"OK\"]"}
RESULT: {"using":"xpath","value":"//bdi[text()=\"OK\"]"}
COMMAND: POST /session/2d5135847e5304f57daa7dc4bdee4d03/elements - {"using":"xpath","value":"//bdi[text()=\"OK\"]"}
RESULT: {"using":"xpath","value":"//bdi[text()=\"OK\"]"}
COMMAND: POST /session/2d5135847e5304f57daa7dc4bdee4d03/elements - {"using":"xpath","value":"//bdi[text()=\"OK\"]"}
RESULT: {"using":"xpath","value":"//bdi[text()=\"OK\"]"}
COMMAND: POST /session/2d5135847e5304f57daa7dc4bdee4d03/elements - {"using":"xpath","value":"//bdi[text()=\"OK\"]"}
RESULT: {"using":"xpath","value":"//bdi[text()=\"OK\"]"}
COMMAND: POST /session/2d5135847e5304f57daa7dc4bdee4d03/elements - {"using":"xpath","value":"//bdi[text()=\"OK\"]"}
RESULT: {"using":"xpath","value":"//bdi[text()=\"OK\"]"}
COMMAND: POST /session/2d5135847e5304f57daa7dc4bdee4d03/elements - {"using":"xpath","value":"//bdi[text()=\"OK\"]"}
RESULT: {"using":"xpath","value":"//bdi[text()=\"OK\"]"}
COMMAND: POST /session/2d5135847e5304f57daa7dc4bdee4d03/elements - {"using":"xpath","value":"//bdi[text()=\"OK\"]"}
RESULT: {"using":"xpath","value":"//bdi[text()=\"OK\"]"}
COMMAND: POST /session/2d5135847e5304f57daa7dc4bdee4d03/elements - {"using":"xpath","value":"//bdi[text()=\"OK\"]"}
RESULT: {"using":"xpath","value":"//bdi[text()=\"OK\"]"}
COMMAND: POST /session/2d5135847e5304f57daa7dc4bdee4d03/elements - {"using":"xpath","value":"//bdi[text()=\"OK\"]"}
RESULT: {"using":"xpath","value":"//bdi[text()=\"OK\"]"}
COMMAND: POST /session/2d5135847e5304f57daa7dc4bdee4d03/elements - {"using":"xpath","value":"//bdi[text()=\"OK\"]"}
RESULT: {"using":"xpath","value":"//bdi[text()=\"OK\"]"}
COMMAND: POST /session/2d5135847e5304f57daa7dc4bdee4d03/elements - {"using":"xpath","value":"//bdi[text()=\"OK\"]"}
RESULT: {"using":"xpath","value":"//bdi[text()=\"OK\"]"}
COMMAND: POST /session/2d5135847e5304f57daa7dc4bdee4d03/elements - {"using":"xpath","value":"//bdi[text()=\"OK\"]"}
RESULT: {"using":"xpath","value":"//bdi[text()=\"OK\"]"}
COMMAND: POST /session/2d5135847e5304f57daa7dc4bdee4d03/elements - {"using":"xpath","value":"//bdi[text()=\"OK\"]"}
RESULT: {"using":"xpath","value":"//bdi[text()=\"OK\"]"}
COMMAND: POST /session/2d5135847e5304f57daa7dc4bdee4d03/elements - {"using":"xpath","value":"//bdi[text()=\"OK\"]"}
RESULT: {"using":"xpath","value":"//bdi[text()=\"OK\"]"}
COMMAND: POST /session/2d5135847e5304f57daa7dc4bdee4d03/elements - {"using":"xpath","value":"//bdi[text()=\"OK\"]"}
RESULT: {"using":"xpath","value":"//bdi[text()=\"OK\"]"}
COMMAND: POST /session/2d5135847e5304f57daa7dc4bdee4d03/elements - {"using":"xpath","value":"//bdi[text()=\"OK\"]"}
RESULT: {"using":"xpath","value":"//bdi[text()=\"OK\"]"}
COMMAND: POST /session/2d5135847e5304f57daa7dc4bdee4d03/elements - {"using":"xpath","value":"//bdi[text()=\"OK\"]"}
RESULT: {"using":"xpath","value":"//bdi[text()=\"OK\"]"}
COMMAND: POST /session/2d5135847e5304f57daa7dc4bdee4d03/elements - {"using":"xpath","value":"//bdi[text()=\"OK\"]"}
RESULT: {"using":"xpath","value":"//bdi[text()=\"OK\"]"}
COMMAND: POST /session/2d5135847e5304f57daa7dc4bdee4d03/elements - {"using":"xpath","value":"//bdi[text()=\"OK\"]"}
RESULT: {"using":"xpath","value":"//bdi[text()=\"OK\"]"}
COMMAND: POST /session/2d5135847e5304f57daa7dc4bdee4d03/elements - {"using":"xpath","value":"//bdi[text()=\"OK\"]"}
RESULT: {"using":"xpath","value":"//bdi[text()=\"OK\"]"}
COMMAND: POST /session/2d5135847e5304f57daa7dc4bdee4d03/elements - {"using":"xpath","value":"//bdi[text()=\"OK\"]"}
RESULT: {"using":"xpath","value":"//bdi[text()=\"OK\"]"}
COMMAND: POST /session/2d5135847e5304f57daa7dc4bdee4d03/elements - {"using":"xpath","value":"//bdi[text()=\"OK\"]"}
RESULT: {"using":"xpath","value":"//bdi[text()=\"OK\"]"}
COMMAND: POST /session/2d5135847e5304f57daa7dc4bdee4d03/elements - {"using":"xpath","value":"//bdi[text()=\"OK\"]"}
RESULT: {"using":"xpath","value":"//bdi[text()=\"OK\"]"}
COMMAND: POST /session/2d5135847e5304f57daa7dc4bdee4d03/elements - {"using":"xpath","value":"//bdi[text()=\"OK\"]"}
RESULT: {"using":"xpath","value":"//bdi[text()=\"OK\"]"}
COMMAND: POST /session/2d5135847e5304f57daa7dc4bdee4d03/elements - {"using":"xpath","value":"//bdi[text()=\"OK\"]"}
RESULT: {"using":"xpath","value":"//bdi[text()=\"OK\"]"}
COMMAND: POST /session/2d5135847e5304f57daa7dc4bdee4d03/elements - {"using":"xpath","value":"//bdi[text()=\"OK\"]"}
RESULT: {"using":"xpath","value":"//bdi[text()=\"OK\"]"}
COMMAND: POST /session/2d5135847e5304f57daa7dc4bdee4d03/elements - {"using":"xpath","value":"//bdi[text()=\"OK\"]"}
RESULT: {"using":"xpath","value":"//bdi[text()=\"OK\"]"}
COMMAND: POST /session/2d5135847e5304f57daa7dc4bdee4d03/elements - {"using":"xpath","value":"//bdi[text()=\"OK\"]"}
RESULT: {"using":"xpath","value":"//bdi[text()=\"OK\"]"}
COMMAND: POST /session/2d5135847e5304f57daa7dc4bdee4d03/elements - {"using":"xpath","value":"//bdi[text()=\"OK\"]"}
RESULT: {"using":"xpath","value":"//bdi[text()=\"OK\"]"}
COMMAND: POST /session/2d5135847e5304f57daa7dc4bdee4d03/elements - {"using":"xpath","value":"//bdi[text()=\"OK\"]"}
RESULT: {"using":"xpath","value":"//bdi[text()=\"OK\"]"}
COMMAND: POST /session/2d5135847e5304f57daa7dc4bdee4d03/elements - {"using":"xpath","value":"//bdi[text()=\"OK\"]"}
RESULT: {"using":"xpath","value":"//bdi[text()=\"OK\"]"}
COMMAND: POST /session/2d5135847e5304f57daa7dc4bdee4d03/elements - {"using":"xpath","value":"//bdi[text()=\"OK\"]"}
RESULT: {"using":"xpath","value":"//bdi[text()=\"OK\"]"}
COMMAND: POST /session/2d5135847e5304f57daa7dc4bdee4d03/elements - {"using":"xpath","value":"//bdi[text()=\"OK\"]"}
RESULT: {"using":"xpath","value":"//bdi[text()=\"OK\"]"}
COMMAND: POST /session/2d5135847e5304f57daa7dc4bdee4d03/elements - {"using":"xpath","value":"//bdi[text()=\"OK\"]"}
RESULT: {"using":"xpath","value":"//bdi[text()=\"OK\"]"}
COMMAND: POST /session/2d5135847e5304f57daa7dc4bdee4d03/elements - {"using":"xpath","value":"//bdi[text()=\"OK\"]"}
RESULT: {"using":"xpath","value":"//bdi[text()=\"OK\"]"}
COMMAND: POST /session/2d5135847e5304f57daa7dc4bdee4d03/elements - {"using":"xpath","value":"//bdi[text()=\"OK\"]"}
RESULT: {"using":"xpath","value":"//bdi[text()=\"OK\"]"}
COMMAND: POST /session/2d5135847e5304f57daa7dc4bdee4d03/elements - {"using":"xpath","value":"//bdi[text()=\"OK\"]"}
RESULT: {"using":"xpath","value":"//bdi[text()=\"OK\"]"}
COMMAND: POST /session/2d5135847e5304f57daa7dc4bdee4d03/elements - {"using":"xpath","value":"//bdi[text()=\"OK\"]"}
RESULT: {"using":"xpath","value":"//bdi[text()=\"OK\"]"}
COMMAND: POST /session/2d5135847e5304f57daa7dc4bdee4d03/elements - {"using":"xpath","value":"//bdi[text()=\"OK\"]"}
RESULT: {"using":"xpath","value":"//bdi[text()=\"OK\"]"}
COMMAND: POST /session/2d5135847e5304f57daa7dc4bdee4d03/elements - {"using":"xpath","value":"//bdi[text()=\"OK\"]"}
RESULT: {"using":"xpath","value":"//bdi[text()=\"OK\"]"}
COMMAND: POST /session/2d5135847e5304f57daa7dc4bdee4d03/elements - {"using":"xpath","value":"//bdi[text()=\"OK\"]"}
RESULT: {"using":"xpath","value":"//bdi[text()=\"OK\"]"}
COMMAND: POST /session/2d5135847e5304f57daa7dc4bdee4d03/elements - {"using":"xpath","value":"//bdi[text()=\"OK\"]"}
RESULT: {"using":"xpath","value":"//bdi[text()=\"OK\"]"}
COMMAND: POST /session/2d5135847e5304f57daa7dc4bdee4d03/elements - {"using":"xpath","value":"//bdi[text()=\"OK\"]"}
RESULT: {"using":"xpath","value":"//bdi[text()=\"OK\"]"}
COMMAND: POST /session/2d5135847e5304f57daa7dc4bdee4d03/execute/async - {"script":"<script> [1562 bytes]","args":[{"selector":{"id":"application-manageresources-display-component---newResourceUnit--TYPE-arrow"},"wdio_ui5_key":"applicationmanageresources-display-component---newResourceUnit--TYPE-arrow"}]}
RESULT: {"script":"<script> [1562 bytes]","args":[{"selector":{"id":"application-manageresources-display-component---newResourceUnit--TYPE-arrow"},"wdio_ui5_key":"applicationmanageresources-display-component---newResourceUnit--TYPE-arrow"}]}
RESULT: undefined
COMMAND: POST /session/2d5135847e5304f57daa7dc4bdee4d03/element - {"using":"xpath","value":"//*[@id=\"application-manageresources-display-component---newResourceUnit--TYPE-arrow\"]"}
RESULT: {"using":"xpath","value":"//*[@id=\"application-manageresources-display-component---newResourceUnit--TYPE-arrow\"]"}
COMMAND: POST /session/2d5135847e5304f57daa7dc4bdee4d03/element/f.C9F7354B4C3623E4DF2D19FF41AB4D20.d.213FDC537FA43F648DE465CDAB231482.e.6436/click - {}
RESULT: {}
COMMAND: POST /session/2d5135847e5304f57daa7dc4bdee4d03/execute/async - {"script":"<script> [1562 bytes]","args":[{"selector":{"controlType":"sap.m.StandardListItem","viewName":"reusables.view.manageresources.NewResourceUnit","viewId":"application-manageresources-display-component---newResourceUnit","properties":{"title":"Material"},"searchOpenDialogs":true,"interaction":{"idSuffix":"titleText"}},"wdio_ui5_key":"reusablesview.manageresources.NewResourceUnitsap.m.StandardListItem{\"title\":\"Material\"}"}]}
COMMAND: GET /session/2d5135847e5304f57daa7dc4bdee4d03/screenshot - {}
RESULT: {"script":"<script> [1562 bytes]","args":[{"selector":{"controlType":"sap.m.StandardListItem","viewName":"reusables.view.manageresources.NewResourceUnit","viewId":"application-manageresources-display-component---newResourceUnit","properties":{"title":"Material"},"searchOpenDialogs":true,"interaction":{"idSuffix":"titleText"}},"wdio_ui5_key":"reusablesview.manageresources.NewResourceUnitsap.m.StandardListItem{\"title\":\"Material\"}"}]}
RESULT: undefined
COMMAND: POST /session/2d5135847e5304f57daa7dc4bdee4d03/element - {"using":"xpath","value":"//*[@id=\"__item141\"]"}
RESULT: {}
RESULT: {"using":"xpath","value":"//*[@id=\"__item141\"]"}
COMMAND: POST /session/2d5135847e5304f57daa7dc4bdee4d03/element/f.C9F7354B4C3623E4DF2D19FF41AB4D20.d.213FDC537FA43F648DE465CDAB231482.e.6439/click - {}
RESULT: {}
COMMAND: POST /session/2d5135847e5304f57daa7dc4bdee4d03/execute/async - {"script":"<script> [1562 bytes]","args":[{"selector":{"id":"application-manageresources-display-component---newResourceUnit--SHORT_TEXT","interaction":{"idSuffix":"inner"}},"wdio_ui5_key":"applicationmanageresources-display-component---newResourceUnit--SHORT_TEXT"}]}
COMMAND: GET /session/2d5135847e5304f57daa7dc4bdee4d03/screenshot - {}
RESULT: {"script":"<script> [1562 bytes]","args":[{"selector":{"id":"application-manageresources-display-component---newResourceUnit--SHORT_TEXT","interaction":{"idSuffix":"inner"}},"wdio_ui5_key":"applicationmanageresources-display-component---newResourceUnit--SHORT_TEXT"}]}
RESULT: undefined
COMMAND: POST /session/2d5135847e5304f57daa7dc4bdee4d03/execute/async - {"script":"<script> [776 bytes]","args":[{"enterText":"WebdriverRU R2C0vozi","selector":{"id":"application-manageresources-display-component---newResourceUnit--SHORT_TEXT","interaction":{"idSuffix":"inner"}},"clearTextFirst":true,"interactionType":"ENTER_TEXT"}]}
RESULT: {}
RESULT: {"script":"<script> [776 bytes]","args":[{"enterText":"WebdriverRU R2C0vozi","selector":{"id":"application-manageresources-display-component---newResourceUnit--SHORT_TEXT","interaction":{"idSuffix":"inner"}},"clearTextFirst":true,"interactionType":"ENTER_TEXT"}]}
COMMAND: POST /session/2d5135847e5304f57daa7dc4bdee4d03/execute/async - {"script":"<script> [1562 bytes]","args":[{"selector":{"id":"application-manageresources-display-component---newResourceUnit--BASE_UNIT_OF_MEASURE-arrow"},"wdio_ui5_key":"applicationmanageresources-display-component---newResourceUnit--BASE_UNIT_OF_MEASURE-arrow"}]}
RESULT: {"script":"<script> [1562 bytes]","args":[{"selector":{"id":"application-manageresources-display-component---newResourceUnit--BASE_UNIT_OF_MEASURE-arrow"},"wdio_ui5_key":"applicationmanageresources-display-component---newResourceUnit--BASE_UNIT_OF_MEASURE-arrow"}]}
RESULT: undefined
COMMAND: POST /session/2d5135847e5304f57daa7dc4bdee4d03/element - {"using":"xpath","value":"//*[@id=\"application-manageresources-display-component---newResourceUnit--BASE_UNIT_OF_MEASURE-arrow\"]"}
RESULT: {"using":"xpath","value":"//*[@id=\"application-manageresources-display-component---newResourceUnit--BASE_UNIT_OF_MEASURE-arrow\"]"}
COMMAND: POST /session/2d5135847e5304f57daa7dc4bdee4d03/element/f.C9F7354B4C3623E4DF2D19FF41AB4D20.d.213FDC537FA43F648DE465CDAB231482.e.6495/click - {}
RESULT: {}
COMMAND: POST /session/2d5135847e5304f57daa7dc4bdee4d03/execute/async - {"script":"<script> [1562 bytes]","args":[{"selector":{"controlType":"sap.m.StandardListItem","viewName":"reusables.view.manageresources.NewResourceUnit","viewId":"application-manageresources-display-component---newResourceUnit","properties":{"title":"Piece"},"searchOpenDialogs":true,"interaction":{"idSuffix":"titleText"}},"wdio_ui5_key":"reusablesview.manageresources.NewResourceUnitsap.m.StandardListItem{\"title\":\"Piece\"}"}]}
COMMAND: GET /session/2d5135847e5304f57daa7dc4bdee4d03/screenshot - {}
RESULT: {"script":"<script> [1562 bytes]","args":[{"selector":{"controlType":"sap.m.StandardListItem","viewName":"reusables.view.manageresources.NewResourceUnit","viewId":"application-manageresources-display-component---newResourceUnit","properties":{"title":"Piece"},"searchOpenDialogs":true,"interaction":{"idSuffix":"titleText"}},"wdio_ui5_key":"reusablesview.manageresources.NewResourceUnitsap.m.StandardListItem{\"title\":\"Piece\"}"}]}
RESULT: undefined
COMMAND: POST /session/2d5135847e5304f57daa7dc4bdee4d03/element - {"using":"xpath","value":"//*[@id=\"__item183\"]"}
RESULT: {}
RESULT: {"using":"xpath","value":"//*[@id=\"__item183\"]"}
COMMAND: POST /session/2d5135847e5304f57daa7dc4bdee4d03/element/f.C9F7354B4C3623E4DF2D19FF41AB4D20.d.213FDC537FA43F648DE465CDAB231482.e.6497/click - {}
RESULT: {}
COMMAND: POST /session/2d5135847e5304f57daa7dc4bdee4d03/execute/async - {"script":"<script> [1562 bytes]","args":[{"selector":{"id":"application-manageresources-display-component---newResourceUnit--WEIGHT_UNIT-arrow"},"wdio_ui5_key":"applicationmanageresources-display-component---newResourceUnit--WEIGHT_UNIT-arrow"}]}
COMMAND: GET /session/2d5135847e5304f57daa7dc4bdee4d03/screenshot - {}
RESULT: {"script":"<script> [1562 bytes]","args":[{"selector":{"id":"application-manageresources-display-component---newResourceUnit--WEIGHT_UNIT-arrow"},"wdio_ui5_key":"applicationmanageresources-display-component---newResourceUnit--WEIGHT_UNIT-arrow"}]}
RESULT: undefined
COMMAND: POST /session/2d5135847e5304f57daa7dc4bdee4d03/element - {"using":"xpath","value":"//*[@id=\"application-manageresources-display-component---newResourceUnit--WEIGHT_UNIT-arrow\"]"}
RESULT: {}
RESULT: {"using":"xpath","value":"//*[@id=\"application-manageresources-display-component---newResourceUnit--WEIGHT_UNIT-arrow\"]"}
COMMAND: POST /session/2d5135847e5304f57daa7dc4bdee4d03/element/f.C9F7354B4C3623E4DF2D19FF41AB4D20.d.213FDC537FA43F648DE465CDAB231482.e.6498/click - {}
RESULT: {}
COMMAND: POST /session/2d5135847e5304f57daa7dc4bdee4d03/execute/async - {"script":"<script> [1562 bytes]","args":[{"selector":{"controlType":"sap.m.StandardListItem","viewName":"reusables.view.manageresources.NewResourceUnit","viewId":"application-manageresources-display-component---newResourceUnit","properties":{"title":"Gram"},"searchOpenDialogs":true,"interaction":{"idSuffix":"content"}},"wdio_ui5_key":"reusablesview.manageresources.NewResourceUnitsap.m.StandardListItem{\"title\":\"Gram\"}"}]}
COMMAND: GET /session/2d5135847e5304f57daa7dc4bdee4d03/screenshot - {}
RESULT: {"script":"<script> [1562 bytes]","args":[{"selector":{"controlType":"sap.m.StandardListItem","viewName":"reusables.view.manageresources.NewResourceUnit","viewId":"application-manageresources-display-component---newResourceUnit","properties":{"title":"Gram"},"searchOpenDialogs":true,"interaction":{"idSuffix":"content"}},"wdio_ui5_key":"reusablesview.manageresources.NewResourceUnitsap.m.StandardListItem{\"title\":\"Gram\"}"}]}
RESULT: undefined
COMMAND: POST /session/2d5135847e5304f57daa7dc4bdee4d03/element - {"using":"xpath","value":"//*[@id=\"__item248\"]"}
RESULT: {}
RESULT: {"using":"xpath","value":"//*[@id=\"__item248\"]"}
COMMAND: POST /session/2d5135847e5304f57daa7dc4bdee4d03/element/f.C9F7354B4C3623E4DF2D19FF41AB4D20.d.213FDC537FA43F648DE465CDAB231482.e.6500/click - {}
RESULT: {}
COMMAND: GET /session/2d5135847e5304f57daa7dc4bdee4d03/screenshot - {}
RESULT: {}
COMMAND: POST /session/2d5135847e5304f57daa7dc4bdee4d03/execute/async - {"script":"<script> [1562 bytes]","args":[{"selector":{"id":"application-manageresources-display-component---newResourceUnit--newRRUPage-OPHeaderContent-collapseBtn-img"},"wdio_ui5_key":"applicationmanageresources-display-component---newResourceUnit--newRRUPage-OPHeaderContent-collapseBtn-img"}]}
RESULT: {"script":"<script> [1562 bytes]","args":[{"selector":{"id":"application-manageresources-display-component---newResourceUnit--newRRUPage-OPHeaderContent-collapseBtn-img"},"wdio_ui5_key":"applicationmanageresources-display-component---newResourceUnit--newRRUPage-OPHeaderContent-collapseBtn-img"}]}
RESULT: undefined
COMMAND: POST /session/2d5135847e5304f57daa7dc4bdee4d03/element - {"using":"xpath","value":"//*[@id=\"application-manageresources-display-component---newResourceUnit--newRRUPage-OPHeaderContent-collapseBtn-img\"]"}
RESULT: {"using":"xpath","value":"//*[@id=\"application-manageresources-display-component---newResourceUnit--newRRUPage-OPHeaderContent-collapseBtn-img\"]"}
COMMAND: POST /session/2d5135847e5304f57daa7dc4bdee4d03/element/f.C9F7354B4C3623E4DF2D19FF41AB4D20.d.213FDC537FA43F648DE465CDAB231482.e.6447/click - {}
RESULT: {}
COMMAND: GET /session/2d5135847e5304f57daa7dc4bdee4d03/screenshot - {}
RESULT: {}
COMMAND: POST /session/2d5135847e5304f57daa7dc4bdee4d03/element - {"using":"xpath","value":"(//span[contains(@id ,\"application-manageresources-display-component---newResourceUnit--DIMENSION_UNIT-arrow\")])[1]"}
RESULT: {"using":"xpath","value":"(//span[contains(@id ,\"application-manageresources-display-component---newResourceUnit--DIMENSION_UNIT-arrow\")])[1]"}
COMMAND: POST /session/2d5135847e5304f57daa7dc4bdee4d03/element/f.C9F7354B4C3623E4DF2D19FF41AB4D20.d.213FDC537FA43F648DE465CDAB231482.e.6506/click - {}
RESULT: {}
COMMAND: GET /session/2d5135847e5304f57daa7dc4bdee4d03/screenshot - {}
RESULT: {}
COMMAND: POST /session/2d5135847e5304f57daa7dc4bdee4d03/execute/async - {"script":"<script> [1562 bytes]","args":[{"selector":{"controlType":"sap.m.StandardListItem","viewName":"reusables.view.manageresources.NewResourceUnit","viewId":"application-manageresources-display-component---newResourceUnit","properties":{"title":"Centimeter"},"searchOpenDialogs":true,"interaction":{"idSuffix":"titleText"}},"wdio_ui5_key":"reusablesview.manageresources.NewResourceUnitsap.m.StandardListItem{\"title\":\"Centimeter\"}"}]}
RESULT: {"script":"<script> [1562 bytes]","args":[{"selector":{"controlType":"sap.m.StandardListItem","viewName":"reusables.view.manageresources.NewResourceUnit","viewId":"application-manageresources-display-component---newResourceUnit","properties":{"title":"Centimeter"},"searchOpenDialogs":true,"interaction":{"idSuffix":"titleText"}},"wdio_ui5_key":"reusablesview.manageresources.NewResourceUnitsap.m.StandardListItem{\"title\":\"Centimeter\"}"}]}
RESULT: undefined
COMMAND: POST /session/2d5135847e5304f57daa7dc4bdee4d03/element - {"using":"xpath","value":"//*[@id=\"__item251\"]"}
RESULT: {"using":"xpath","value":"//*[@id=\"__item251\"]"}
COMMAND: POST /session/2d5135847e5304f57daa7dc4bdee4d03/element/f.C9F7354B4C3623E4DF2D19FF41AB4D20.d.213FDC537FA43F648DE465CDAB231482.e.6508/click - {}
RESULT: {}
COMMAND: GET /session/2d5135847e5304f57daa7dc4bdee4d03/screenshot - {}
RESULT: {}
COMMAND: POST /session/2d5135847e5304f57daa7dc4bdee4d03/execute/async - {"script":"<script> [1562 bytes]","args":[{"selector":{"id":"application-manageresources-display-component---newResourceUnit--newRRUPage-anchBar-application-manageresources-display-component---newResourceUnit--reference-anchor","interaction":{"idSuffix":"BDI-content"}},"wdio_ui5_key":"applicationmanageresources-display-component---newResourceUnit--newRRUPage-anchBar-application-manageresources-display-component---newResourceUnit--reference-anchor"}]}
RESULT: {"script":"<script> [1562 bytes]","args":[{"selector":{"id":"application-manageresources-display-component---newResourceUnit--newRRUPage-anchBar-application-manageresources-display-component---newResourceUnit--reference-anchor","interaction":{"idSuffix":"BDI-content"}},"wdio_ui5_key":"applicationmanageresources-display-component---newResourceUnit--newRRUPage-anchBar-application-manageresources-display-component---newResourceUnit--reference-anchor"}]}
RESULT: undefined
COMMAND: POST /session/2d5135847e5304f57daa7dc4bdee4d03/element - {"using":"xpath","value":"//*[@id=\"application-manageresources-display-component---newResourceUnit--newRRUPage-anchBar-application-manageresources-display-component---newResourceUnit--reference-anchor\"]"}
RESULT: {"using":"xpath","value":"//*[@id=\"application-manageresources-display-component---newResourceUnit--newRRUPage-anchBar-application-manageresources-display-component---newResourceUnit--reference-anchor\"]"}
COMMAND: POST /session/2d5135847e5304f57daa7dc4bdee4d03/element/f.C9F7354B4C3623E4DF2D19FF41AB4D20.d.213FDC537FA43F648DE465CDAB231482.e.6510/click - {}
RESULT: {}
COMMAND: POST /session/2d5135847e5304f57daa7dc4bdee4d03/execute/async - {"script":"<script> [1562 bytes]","args":[{"selector":{"id":"application-manageresources-display-component---newResourceUnit--PLANNING_GROUP-arrow"},"wdio_ui5_key":"applicationmanageresources-display-component---newResourceUnit--PLANNING_GROUP-arrow"}]}
COMMAND: GET /session/2d5135847e5304f57daa7dc4bdee4d03/screenshot - {}
RESULT: {"script":"<script> [1562 bytes]","args":[{"selector":{"id":"application-manageresources-display-component---newResourceUnit--PLANNING_GROUP-arrow"},"wdio_ui5_key":"applicationmanageresources-display-component---newResourceUnit--PLANNING_GROUP-arrow"}]}
RESULT: undefined
COMMAND: POST /session/2d5135847e5304f57daa7dc4bdee4d03/element - {"using":"xpath","value":"//*[@id=\"application-manageresources-display-component---newResourceUnit--PLANNING_GROUP-arrow\"]"}
RESULT: {}
RESULT: {"using":"xpath","value":"//*[@id=\"application-manageresources-display-component---newResourceUnit--PLANNING_GROUP-arrow\"]"}
COMMAND: POST /session/2d5135847e5304f57daa7dc4bdee4d03/element/f.C9F7354B4C3623E4DF2D19FF41AB4D20.d.213FDC537FA43F648DE465CDAB231482.e.6514/click - {}
RESULT: {}
COMMAND: POST /session/2d5135847e5304f57daa7dc4bdee4d03/execute/async - {"script":"<script> [1562 bytes]","args":[{"selector":{"controlType":"sap.m.StandardListItem","viewName":"reusables.view.manageresources.NewResourceUnit","viewId":"application-manageresources-display-component---newResourceUnit","properties":{"title":"Heavy Equi"},"searchOpenDialogs":true,"interaction":{"idSuffix":"content"}},"wdio_ui5_key":"reusablesview.manageresources.NewResourceUnitsap.m.StandardListItem{\"title\":\"Heavy Equi\"}"}]}
COMMAND: GET /session/2d5135847e5304f57daa7dc4bdee4d03/screenshot - {}
RESULT: {"script":"<script> [1562 bytes]","args":[{"selector":{"controlType":"sap.m.StandardListItem","viewName":"reusables.view.manageresources.NewResourceUnit","viewId":"application-manageresources-display-component---newResourceUnit","properties":{"title":"Heavy Equi"},"searchOpenDialogs":true,"interaction":{"idSuffix":"content"}},"wdio_ui5_key":"reusablesview.manageresources.NewResourceUnitsap.m.StandardListItem{\"title\":\"Heavy Equi\"}"}]}
RESULT: undefined
COMMAND: POST /session/2d5135847e5304f57daa7dc4bdee4d03/element - {"using":"xpath","value":"//*[@id=\"__item259\"]"}
RESULT: {}
RESULT: {"using":"xpath","value":"//*[@id=\"__item259\"]"}
COMMAND: POST /session/2d5135847e5304f57daa7dc4bdee4d03/element/f.C9F7354B4C3623E4DF2D19FF41AB4D20.d.213FDC537FA43F648DE465CDAB231482.e.6518/click - {}
RESULT: {}
COMMAND: GET /session/2d5135847e5304f57daa7dc4bdee4d03/screenshot - {}
RESULT: {}
COMMAND: POST /session/2d5135847e5304f57daa7dc4bdee4d03/execute/async - {"script":"<script> [1562 bytes]","args":[{"selector":{"id":"application-manageresources-display-component---newResourceUnit--PLANNING_INDICATOR-arrow"},"wdio_ui5_key":"applicationmanageresources-display-component---newResourceUnit--PLANNING_INDICATOR-arrow"}]}
RESULT: {"script":"<script> [1562 bytes]","args":[{"selector":{"id":"application-manageresources-display-component---newResourceUnit--PLANNING_INDICATOR-arrow"},"wdio_ui5_key":"applicationmanageresources-display-component---newResourceUnit--PLANNING_INDICATOR-arrow"}]}
RESULT: undefined
COMMAND: POST /session/2d5135847e5304f57daa7dc4bdee4d03/element - {"using":"xpath","value":"//*[@id=\"application-manageresources-display-component---newResourceUnit--PLANNING_INDICATOR-arrow\"]"}
RESULT: {"using":"xpath","value":"//*[@id=\"application-manageresources-display-component---newResourceUnit--PLANNING_INDICATOR-arrow\"]"}
COMMAND: POST /session/2d5135847e5304f57daa7dc4bdee4d03/element/f.C9F7354B4C3623E4DF2D19FF41AB4D20.d.213FDC537FA43F648DE465CDAB231482.e.6519/click - {}
RESULT: {}
COMMAND: POST /session/2d5135847e5304f57daa7dc4bdee4d03/execute/async - {"script":"<script> [1562 bytes]","args":[{"selector":{"controlType":"sap.m.StandardListItem","viewName":"reusables.view.manageresources.NewResourceUnit","viewId":"application-manageresources-display-component---newResourceUnit","properties":{"title":"10 - infinite"},"searchOpenDialogs":true,"interaction":{"idSuffix":"content"}},"wdio_ui5_key":"reusablesview.manageresources.NewResourceUnitsap.m.StandardListItem{\"title\":\"10 - infinite\"}"}]}
COMMAND: GET /session/2d5135847e5304f57daa7dc4bdee4d03/screenshot - {}
RESULT: {"script":"<script> [1562 bytes]","args":[{"selector":{"controlType":"sap.m.StandardListItem","viewName":"reusables.view.manageresources.NewResourceUnit","viewId":"application-manageresources-display-component---newResourceUnit","properties":{"title":"10 - infinite"},"searchOpenDialogs":true,"interaction":{"idSuffix":"content"}},"wdio_ui5_key":"reusablesview.manageresources.NewResourceUnitsap.m.StandardListItem{\"title\":\"10 - infinite\"}"}]}
RESULT: undefined
COMMAND: POST /session/2d5135847e5304f57daa7dc4bdee4d03/element - {"using":"xpath","value":"//*[@id=\"__item269\"]"}
RESULT: {}
RESULT: {"using":"xpath","value":"//*[@id=\"__item269\"]"}
COMMAND: POST /session/2d5135847e5304f57daa7dc4bdee4d03/element/f.C9F7354B4C3623E4DF2D19FF41AB4D20.d.213FDC537FA43F648DE465CDAB231482.e.6521/click - {}
RESULT: {}
COMMAND: GET /session/2d5135847e5304f57daa7dc4bdee4d03/screenshot - {}
RESULT: {}
COMMAND: POST /session/2d5135847e5304f57daa7dc4bdee4d03/element - {"using":"xpath","value":"//bdi[contains(text(), \"Time Segment\")]"}
RESULT: {"using":"xpath","value":"//bdi[contains(text(), \"Time Segment\")]"}
COMMAND: GET /session/2d5135847e5304f57daa7dc4bdee4d03/element/f.C9F7354B4C3623E4DF2D19FF41AB4D20.d.213FDC537FA43F648DE465CDAB231482.e.6522/rect - {}
RESULT: {}
COMMAND: GET /session/2d5135847e5304f57daa7dc4bdee4d03/window/rect - {}
RESULT: {}
COMMAND: POST /session/2d5135847e5304f57daa7dc4bdee4d03/execute/sync - {"script":"<script> [92 bytes]","args":[]}
RESULT: {"script":"<script> [92 bytes]","args":[]}
COMMAND: POST /session/2d5135847e5304f57daa7dc4bdee4d03/actions - {"actions":[{"id":"action17","type":"wheel","parameters":{},"actions":[{"type":"scroll","x":-1820,"y":-21,"deltaX":0,"deltaY":0,"duration":0,"origin":{"element-6066-11e4-a52e-4f735466cecf":"f.C9F7354B4C3623E4DF2D19FF41AB4D20.d.213FDC537FA43F648DE465CDAB231482.e.6522"}}]}]}
COMMAND: GET /session/2d5135847e5304f57daa7dc4bdee4d03/screenshot - {}
RESULT: {}
COMMAND: POST /session/2d5135847e5304f57daa7dc4bdee4d03/execute/sync - {"script":"<script> [79 bytes]","args":[{"element-6066-11e4-a52e-4f735466cecf":"f.C9F7354B4C3623E4DF2D19FF41AB4D20.d.213FDC537FA43F648DE465CDAB231482.e.6522","ELEMENT":"f.C9F7354B4C3623E4DF2D19FF41AB4D20.d.213FDC537FA43F648DE465CDAB231482.e.6522"},{"block":"start","inline":"nearest"}]}
RESULT: {"script":"<script> [79 bytes]","args":[{"element-6066-11e4-a52e-4f735466cecf":"f.C9F7354B4C3623E4DF2D19FF41AB4D20.d.213FDC537FA43F648DE465CDAB231482.e.6522","ELEMENT":"f.C9F7354B4C3623E4DF2D19FF41AB4D20.d.213FDC537FA43F648DE465CDAB231482.e.6522"},{"block":"start","inline":"nearest"}]}
COMMAND: GET /session/2d5135847e5304f57daa7dc4bdee4d03/screenshot - {}
RESULT: {}
COMMAND: POST /session/2d5135847e5304f57daa7dc4bdee4d03/element - {"using":"xpath","value":"//span[@id=\"application-manageresources-display-component---newResourceUnit--btnAddTimeSegment-img\"]"}
RESULT: {"using":"xpath","value":"//span[@id=\"application-manageresources-display-component---newResourceUnit--btnAddTimeSegment-img\"]"}
COMMAND: POST /session/2d5135847e5304f57daa7dc4bdee4d03/execute/sync - {"script":"<script> [8489 bytes]","args":[{"element-6066-11e4-a52e-4f735466cecf":"f.C9F7354B4C3623E4DF2D19FF41AB4D20.d.213FDC537FA43F648DE465CDAB231482.e.6525","ELEMENT":"f.C9F7354B4C3623E4DF2D19FF41AB4D20.d.213FDC537FA43F648DE465CDAB231482.e.6525"}]}
RESULT: {"script":"<script> [8489 bytes]","args":[{"element-6066-11e4-a52e-4f735466cecf":"f.C9F7354B4C3623E4DF2D19FF41AB4D20.d.213FDC537FA43F648DE465CDAB231482.e.6525","ELEMENT":"f.C9F7354B4C3623E4DF2D19FF41AB4D20.d.213FDC537FA43F648DE465CDAB231482.e.6525"}]}
COMMAND: POST /session/2d5135847e5304f57daa7dc4bdee4d03/element/f.C9F7354B4C3623E4DF2D19FF41AB4D20.d.213FDC537FA43F648DE465CDAB231482.e.6525/click - {}
COMMAND: GET /session/2d5135847e5304f57daa7dc4bdee4d03/screenshot - {}
RESULT: {}
COMMAND: GET /session/2d5135847e5304f57daa7dc4bdee4d03/screenshot - {}
COMMAND: POST /session/2d5135847e5304f57daa7dc4bdee4d03/element - {"using":"xpath","value":"//input[@id=\"application-manageresources-display-component---newResourceUnit--idRuTSAdmin-application-manageresources-display-component---newResourceUnit--RUTimeSegment-0-inner\"]"}
RESULT: {}
RESULT: {}
RESULT: {"using":"xpath","value":"//input[@id=\"application-manageresources-display-component---newResourceUnit--idRuTSAdmin-application-manageresources-display-component---newResourceUnit--RUTimeSegment-0-inner\"]"}
COMMAND: POST /session/2d5135847e5304f57daa7dc4bdee4d03/element/f.C9F7354B4C3623E4DF2D19FF41AB4D20.d.213FDC537FA43F648DE465CDAB231482.e.6528/clear - {}
RESULT: {}
COMMAND: POST /session/2d5135847e5304f57daa7dc4bdee4d03/element/f.C9F7354B4C3623E4DF2D19FF41AB4D20.d.213FDC537FA43F648DE465CDAB231482.e.6528/value - {"text":"514"}
COMMAND: GET /session/2d5135847e5304f57daa7dc4bdee4d03/screenshot - {}
RESULT: {"text":"514"}
COMMAND: GET /session/2d5135847e5304f57daa7dc4bdee4d03/screenshot - {}
RESULT: {}
RESULT: {}
COMMAND: POST /session/2d5135847e5304f57daa7dc4bdee4d03/actions - {"actions":[{"id":"action18","type":"key","parameters":{},"actions":[{"type":"keyDown","value":"î€‡"},{"type":"pause","duration":10},{"type":"keyUp","value":"î€‡"}]}]}
RESULT: {"actions":[{"id":"action18","type":"key","parameters":{},"actions":[{"type":"keyDown","value":"î€‡"},{"type":"pause","duration":10},{"type":"keyUp","value":"î€‡"}]}]}
COMMAND: GET /session/2d5135847e5304f57daa7dc4bdee4d03/screenshot - {}
RESULT: {}
COMMAND: POST /session/2d5135847e5304f57daa7dc4bdee4d03/execute/async - {"script":"<script> [1562 bytes]","args":[{"selector":{"controlType":"sap.m.Button","viewName":"reusables.view.manageresources.NewResourceUnit","viewId":"application-manageresources-display-component---newResourceUnit","i18NText":{"propertyName":"tooltip","key":"save"},"interaction":{"idSuffix":"BDI-content"}},"wdio_ui5_key":"reusablesview.manageresources.NewResourceUnitsap.m.Button{\"propertyName\":\"tooltip\",\"key\":\"save\"}"}]}
RESULT: {"script":"<script> [1562 bytes]","args":[{"selector":{"controlType":"sap.m.Button","viewName":"reusables.view.manageresources.NewResourceUnit","viewId":"application-manageresources-display-component---newResourceUnit","i18NText":{"propertyName":"tooltip","key":"save"},"interaction":{"idSuffix":"BDI-content"}},"wdio_ui5_key":"reusablesview.manageresources.NewResourceUnitsap.m.Button{\"propertyName\":\"tooltip\",\"key\":\"save\"}"}]}
RESULT: undefined
COMMAND: POST /session/2d5135847e5304f57daa7dc4bdee4d03/element - {"using":"xpath","value":"//*[@id=\"application-manageresources-display-component---newResourceUnit--createRuButton\"]"}
RESULT: {"using":"xpath","value":"//*[@id=\"application-manageresources-display-component---newResourceUnit--createRuButton\"]"}
COMMAND: POST /session/2d5135847e5304f57daa7dc4bdee4d03/element/f.C9F7354B4C3623E4DF2D19FF41AB4D20.d.213FDC537FA43F648DE465CDAB231482.e.6453/click - {}
RESULT: {}
COMMAND: GET /session/2d5135847e5304f57daa7dc4bdee4d03/screenshot - {}
RESULT: {}
COMMAND: POST /session/2d5135847e5304f57daa7dc4bdee4d03/execute/async - {"script":"<script> [1562 bytes]","args":[{"selector":{"controlType":"sap.m.Title","properties":{"text":"Success"},"searchOpenDialogs":true},"wdio_ui5_key":"sapm.Title{\"text\":\"Success\"}"}]}
RESULT: {"script":"<script> [1562 bytes]","args":[{"selector":{"controlType":"sap.m.Title","properties":{"text":"Success"},"searchOpenDialogs":true},"wdio_ui5_key":"sapm.Title{\"text\":\"Success\"}"}]}
RESULT: undefined
COMMAND: POST /session/2d5135847e5304f57daa7dc4bdee4d03/execute/async - {"script":"<script> [6424 bytes]","args":[{"element-6066-11e4-a52e-4f735466cecf":"f.C9F7354B4C3623E4DF2D19FF41AB4D20.d.213FDC537FA43F648DE465CDAB231482.e.6544"},"getText",[]]}
RESULT: {"script":"<script> [6424 bytes]","args":[{"element-6066-11e4-a52e-4f735466cecf":"f.C9F7354B4C3623E4DF2D19FF41AB4D20.d.213FDC537FA43F648DE465CDAB231482.e.6544"},"getText",[]]}
COMMAND: POST /session/2d5135847e5304f57daa7dc4bdee4d03/element - {"using":"xpath","value":"//*[contains(@id, '__text') and (contains(text(), 'successfully created') or contains(., 'successfully created'))]"}
RESULT: {"using":"xpath","value":"//*[contains(@id, '__text') and (contains(text(), 'successfully created') or contains(., 'successfully created'))]"}
COMMAND: GET /session/2d5135847e5304f57daa7dc4bdee4d03/element/f.C9F7354B4C3623E4DF2D19FF41AB4D20.d.213FDC537FA43F648DE465CDAB231482.e.6543/text - {}
RESULT: {}
COMMAND: POST /session/2d5135847e5304f57daa7dc4bdee4d03/execute/async - {"script":"<script> [1562 bytes]","args":[{"selector":{"controlType":"sap.m.Button","properties":{"text":"Close"},"searchOpenDialogs":true,"interaction":{"idSuffix":"BDI-content"}},"wdio_ui5_key":"sapm.Button{\"text\":\"Close\"}"}]}
RESULT: {"script":"<script> [1562 bytes]","args":[{"selector":{"controlType":"sap.m.Button","properties":{"text":"Close"},"searchOpenDialogs":true,"interaction":{"idSuffix":"BDI-content"}},"wdio_ui5_key":"sapm.Button{\"text\":\"Close\"}"}]}
RESULT: undefined
COMMAND: POST /session/2d5135847e5304f57daa7dc4bdee4d03/element - {"using":"xpath","value":"//*[@id=\"__mbox-btn-0\"]"}
RESULT: {"using":"xpath","value":"//*[@id=\"__mbox-btn-0\"]"}
COMMAND: POST /session/2d5135847e5304f57daa7dc4bdee4d03/element/f.C9F7354B4C3623E4DF2D19FF41AB4D20.d.213FDC537FA43F648DE465CDAB231482.e.6540/click - {}
RESULT: {}
COMMAND: GET /session/2d5135847e5304f57daa7dc4bdee4d03/screenshot - {}
RESULT: {}
COMMAND: POST /session/2d5135847e5304f57daa7dc4bdee4d03/execute/async - {"script":"<script> [1562 bytes]","args":[{"selector":{"controlType":"sap.ui.core.Icon","viewName":"etm.portal.ui.manageresources.view.Detail","viewId":"application-manageresources-display-component---detailRU","properties":{"src":{"regex":{"source":"overflow"}}}},"wdio_ui5_key":"etmportal.ui.manageresources.view.Detailsap.ui.core.Icon{\"src\":{\"regex\":{\"source\":\"overflow\"}}}"}]}
RESULT: {"script":"<script> [1562 bytes]","args":[{"selector":{"controlType":"sap.ui.core.Icon","viewName":"etm.portal.ui.manageresources.view.Detail","viewId":"application-manageresources-display-component---detailRU","properties":{"src":{"regex":{"source":"overflow"}}}},"wdio_ui5_key":"etmportal.ui.manageresources.view.Detailsap.ui.core.Icon{\"src\":{\"regex\":{\"source\":\"overflow\"}}}"}]}
RESULT: undefined
COMMAND: POST /session/2d5135847e5304f57daa7dc4bdee4d03/element - {"using":"xpath","value":"//*[@id=\"__title14-_actionsToolbar-overflowButton-img\"]"}
RESULT: {"using":"xpath","value":"//*[@id=\"__title14-_actionsToolbar-overflowButton-img\"]"}
COMMAND: POST /session/2d5135847e5304f57daa7dc4bdee4d03/element/f.C9F7354B4C3623E4DF2D19FF41AB4D20.d.213FDC537FA43F648DE465CDAB231482.e.6574/click - {}
RESULT: {}
COMMAND: POST /session/2d5135847e5304f57daa7dc4bdee4d03/execute/async - {"script":"<script> [1562 bytes]","args":[{"selector":{"controlType":"sap.m.Button","viewName":"etm.portal.ui.manageresources.view.Detail","viewId":"application-manageresources-display-component---detailRU","i18NText":{"propertyName":"tooltip","key":"closeColumn"},"searchOpenDialogs":true,"interaction":{"idSuffix":"inner"}},"wdio_ui5_key":"etmportal.ui.manageresources.view.Detailsap.m.Button{\"propertyName\":\"tooltip\",\"key\":\"closeColumn\"}"}]}
COMMAND: GET /session/2d5135847e5304f57daa7dc4bdee4d03/screenshot - {}
RESULT: {"script":"<script> [1562 bytes]","args":[{"selector":{"controlType":"sap.m.Button","viewName":"etm.portal.ui.manageresources.view.Detail","viewId":"application-manageresources-display-component---detailRU","i18NText":{"propertyName":"tooltip","key":"closeColumn"},"searchOpenDialogs":true,"interaction":{"idSuffix":"inner"}},"wdio_ui5_key":"etmportal.ui.manageresources.view.Detailsap.m.Button{\"propertyName\":\"tooltip\",\"key\":\"closeColumn\"}"}]}
RESULT: undefined
COMMAND: POST /session/2d5135847e5304f57daa7dc4bdee4d03/element - {"using":"xpath","value":"//*[@id=\"__button41\"]"}
RESULT: {}
RESULT: {"using":"xpath","value":"//*[@id=\"__button41\"]"}
COMMAND: POST /session/2d5135847e5304f57daa7dc4bdee4d03/element/f.C9F7354B4C3623E4DF2D19FF41AB4D20.d.213FDC537FA43F648DE465CDAB231482.e.6576/click - {}
RESULT: {}
COMMAND: GET /session/2d5135847e5304f57daa7dc4bdee4d03/screenshot - {}
RESULT: {}
COMMAND: POST /session/2d5135847e5304f57daa7dc4bdee4d03/refresh - {}
RESULT: {}
COMMAND: GET /session/2d5135847e5304f57daa7dc4bdee4d03/screenshot - {}
RESULT: {}
COMMAND: POST /session/2d5135847e5304f57daa7dc4bdee4d03/refresh - {}
RESULT: {}
COMMAND: GET /session/2d5135847e5304f57daa7dc4bdee4d03/screenshot - {}
RESULT: {}
COMMAND: POST /session/2d5135847e5304f57daa7dc4bdee4d03/window/fullscreen - {}
RESULT: {}
COMMAND: POST /session/2d5135847e5304f57daa7dc4bdee4d03/execute/async - {"script":"<script> [189 bytes]","args":[]}
RESULT: {"script":"<script> [189 bytes]","args":[]}
COMMAND: POST /session/2d5135847e5304f57daa7dc4bdee4d03/execute/async - {"script":"<script> [123 bytes]","args":[]}
RESULT: {"script":"<script> [123 bytes]","args":[]}
COMMAND: POST /session/2d5135847e5304f57daa7dc4bdee4d03/timeouts - {"script":"<number>"}
RESULT: {"script":"<number>"}
COMMAND: GET /session/2d5135847e5304f57daa7dc4bdee4d03/timeouts - {}
RESULT: {}
RESULT: undefined
COMMAND: POST /session/2d5135847e5304f57daa7dc4bdee4d03/execute/async - {"script":"<script> [2676 bytes]","args":[]}
RESULT: {"script":"<script> [2676 bytes]","args":[]}
COMMAND: POST /session/2d5135847e5304f57daa7dc4bdee4d03/execute/async - {"script":"<script> [2342 bytes]","args":[{"protocol":"http","hostname":"0.0.0.0","path":"/","capabilities":{"browserName":"chrome","goog:chromeOptions":{"binary":"C:\\Program Files\\Google\\Chrome\\Application\\chrome.exe","args":["--start-maximized"]}},"logLevel":"warn","connectionRetryTimeout":120000,"connectionRetryCount":3,"logLevels":{},"enableDirectConnect":true,"strictSSL":true,"_":"65 more keys: [\"cacheDir\",\"port\",\"requestedCapabilities\",\"automationProtocol\",\"baseUrl\",\"waitforInterval\",\"waitforTimeout\",\"onReload\",\"beforeCommand\",\"afterCommand\",\"rootDir\",\"specs\",\"suites\",\"exclude\",\"groupLogsByTestSpec\",\"excludeDriverLogs\",\"bail\",\"framework\",\"reporters\",\"services\",\"maxInstances\",\"maxInstancesPerCapability\",\"injectGlobals\",\"filesToWatch\",\"execArgv\",\"runnerEnv\",\"runner\",\"shard\",\"specFileRetries\",\"specFileRetriesDelay\",\"specFileRetriesDeferred\",\"reporterSyncInterval\",\"reporterSyncTimeout\",\"cucumberFeaturesWithLineNumbers\",\"autoCompileOpts\",\"mochaOpts\",\"jasmineOpts\",\"cucumberOpts\",\"onPrepare\",\"onWorkerStart\",\"onWorkerEnd\",\"before\",\"beforeSession\",\"beforeSuite\",\"beforeHook\",\"beforeTest\",\"afterTest\",\"afterHook\",\"afterSuite\",\"afterSession\",\"after\",\"onComplete\",\"beforeAssertion\",\"afterAssertion\",\"beforeFeature\",\"beforeScenario\",\"beforeStep\",\"afterStep\",\"afterScenario\",\"afterFeature\",\"_\",\"suite\",\"$0\",\"ignoredWorkerServices\",\"wdi5\"]"}]}
RESULT: {"script":"<script> [2342 bytes]","args":[{"protocol":"http","hostname":"0.0.0.0","path":"/","capabilities":{"browserName":"chrome","goog:chromeOptions":{"binary":"C:\\Program Files\\Google\\Chrome\\Application\\chrome.exe","args":["--start-maximized"]}},"logLevel":"warn","connectionRetryTimeout":120000,"connectionRetryCount":3,"logLevels":{},"enableDirectConnect":true,"strictSSL":true,"_":"65 more keys: [\"cacheDir\",\"port\",\"requestedCapabilities\",\"automationProtocol\",\"baseUrl\",\"waitforInterval\",\"waitforTimeout\",\"onReload\",\"beforeCommand\",\"afterCommand\",\"rootDir\",\"specs\",\"suites\",\"exclude\",\"groupLogsByTestSpec\",\"excludeDriverLogs\",\"bail\",\"framework\",\"reporters\",\"services\",\"maxInstances\",\"maxInstancesPerCapability\",\"injectGlobals\",\"filesToWatch\",\"execArgv\",\"runnerEnv\",\"runner\",\"shard\",\"specFileRetries\",\"specFileRetriesDelay\",\"specFileRetriesDeferred\",\"reporterSyncInterval\",\"reporterSyncTimeout\",\"cucumberFeaturesWithLineNumbers\",\"autoCompileOpts\",\"mochaOpts\",\"jasmineOpts\",\"cucumberOpts\",\"onPrepare\",\"onWorkerStart\",\"onWorkerEnd\",\"before\",\"beforeSession\",\"beforeSuite\",\"beforeHook\",\"beforeTest\",\"afterTest\",\"afterHook\",\"afterSuite\",\"afterSession\",\"after\",\"onComplete\",\"beforeAssertion\",\"afterAssertion\",\"beforeFeature\",\"beforeScenario\",\"beforeStep\",\"afterStep\",\"afterScenario\",\"afterFeature\",\"_\",\"suite\",\"$0\",\"ignoredWorkerServices\",\"wdi5\"]"}]}
COMMAND: POST /session/2d5135847e5304f57daa7dc4bdee4d03/execute/async - {"script":"<script> [21126 bytes]","args":[35000]}
RESULT: {"script":"<script> [21126 bytes]","args":[35000]}
]]></system-out>
    </testcase>
    <testcase classname="chrome.136_0_7103_93.windows.Create_2_RU_material_US118246" name="Create WHM material" time="182.349">
      <system-out><![CDATA[
COMMAND: POST /session/2d5135847e5304f57daa7dc4bdee4d03/element - {"using":"xpath","value":"//button[@data-kt=\"addNewRUOverflowToolbarButton\"]"}
RESULT: {"using":"xpath","value":"//button[@data-kt=\"addNewRUOverflowToolbarButton\"]"}
COMMAND: POST /session/2d5135847e5304f57daa7dc4bdee4d03/execute/sync - {"script":"<script> [8489 bytes]","args":[{"element-6066-11e4-a52e-4f735466cecf":"f.C9F7354B4C3623E4DF2D19FF41AB4D20.d.535CA4E7EE3E819655A417805532AB19.e.6717","ELEMENT":"f.C9F7354B4C3623E4DF2D19FF41AB4D20.d.535CA4E7EE3E819655A417805532AB19.e.6717"}]}
RESULT: {"script":"<script> [8489 bytes]","args":[{"element-6066-11e4-a52e-4f735466cecf":"f.C9F7354B4C3623E4DF2D19FF41AB4D20.d.535CA4E7EE3E819655A417805532AB19.e.6717","ELEMENT":"f.C9F7354B4C3623E4DF2D19FF41AB4D20.d.535CA4E7EE3E819655A417805532AB19.e.6717"}]}
COMMAND: POST /session/2d5135847e5304f57daa7dc4bdee4d03/element/f.C9F7354B4C3623E4DF2D19FF41AB4D20.d.535CA4E7EE3E819655A417805532AB19.e.6717/click - {}
COMMAND: GET /session/2d5135847e5304f57daa7dc4bdee4d03/screenshot - {}
RESULT: {}
COMMAND: GET /session/2d5135847e5304f57daa7dc4bdee4d03/screenshot - {}
RESULT: {}
RESULT: {}
COMMAND: POST /session/2d5135847e5304f57daa7dc4bdee4d03/execute/async - {"script":"<script> [1562 bytes]","args":[{"selector":{"controlType":"sap.m.ComboBox","viewName":"reusables.view.manageresources.NewResourceUnit","viewId":"application-manageresources-display-component---newResourceUnit","bindingPath":{"path":"","propertyPath":"/RuTypes","modelName":"catalogModel"},"searchOpenDialogs":true},"wdio_ui5_key":"reusablesview.manageresources.NewResourceUnitsap.m.ComboBox{\"path\":\"\",\"propertyPath\":\"/RuTypes\",\"modelName\":\"catalogModel\"}"}]}
RESULT: {"script":"<script> [1562 bytes]","args":[{"selector":{"controlType":"sap.m.ComboBox","viewName":"reusables.view.manageresources.NewResourceUnit","viewId":"application-manageresources-display-component---newResourceUnit","bindingPath":{"path":"","propertyPath":"/RuTypes","modelName":"catalogModel"},"searchOpenDialogs":true},"wdio_ui5_key":"reusablesview.manageresources.NewResourceUnitsap.m.ComboBox{\"path\":\"\",\"propertyPath\":\"/RuTypes\",\"modelName\":\"catalogModel\"}"}]}
RESULT: undefined
COMMAND: POST /session/2d5135847e5304f57daa7dc4bdee4d03/execute/async - {"script":"<script> [1562 bytes]","args":[{"selector":{"controlType":"sap.m.ComboBox","viewName":"reusables.view.manageresources.NewResourceUnit","viewId":"application-manageresources-display-component---newResourceUnit","bindingPath":{"path":"","propertyPath":"/Yards","modelName":"catalogModel"},"searchOpenDialogs":true},"wdio_ui5_key":"reusablesview.manageresources.NewResourceUnitsap.m.ComboBox{\"path\":\"\",\"propertyPath\":\"/Yards\",\"modelName\":\"catalogModel\"}"}]}
RESULT: {"script":"<script> [1562 bytes]","args":[{"selector":{"controlType":"sap.m.ComboBox","viewName":"reusables.view.manageresources.NewResourceUnit","viewId":"application-manageresources-display-component---newResourceUnit","bindingPath":{"path":"","propertyPath":"/Yards","modelName":"catalogModel"},"searchOpenDialogs":true},"wdio_ui5_key":"reusablesview.manageresources.NewResourceUnitsap.m.ComboBox{\"path\":\"\",\"propertyPath\":\"/Yards\",\"modelName\":\"catalogModel\"}"}]}
RESULT: undefined
COMMAND: POST /session/2d5135847e5304f57daa7dc4bdee4d03/execute/async - {"script":"<script> [1562 bytes]","args":[{"selector":{"controlType":"etm.portal.ui.reusables.customControls.LiveSearchComboBox","viewName":"reusables.view.manageresources.NewResourceUnit","viewId":"application-manageresources-display-component---newResourceUnit","bindingPath":{"path":"","propertyPath":"/CatalogItems","modelName":"catalogModel"},"searchOpenDialogs":true},"wdio_ui5_key":"reusablesview.manageresources.NewResourceUnitetm.portal.ui.reusables.customControls.LiveSearchComboBox{\"path\":\"\",\"propertyPath\":\"/CatalogItems\",\"modelName\":\"catalogModel\"}"}]}
RESULT: {"script":"<script> [1562 bytes]","args":[{"selector":{"controlType":"etm.portal.ui.reusables.customControls.LiveSearchComboBox","viewName":"reusables.view.manageresources.NewResourceUnit","viewId":"application-manageresources-display-component---newResourceUnit","bindingPath":{"path":"","propertyPath":"/CatalogItems","modelName":"catalogModel"},"searchOpenDialogs":true},"wdio_ui5_key":"reusablesview.manageresources.NewResourceUnitetm.portal.ui.reusables.customControls.LiveSearchComboBox{\"path\":\"\",\"propertyPath\":\"/CatalogItems\",\"modelName\":\"catalogModel\"}"}]}
RESULT: undefined
COMMAND: POST /session/2d5135847e5304f57daa7dc4bdee4d03/element - {"using":"xpath","value":"//bdi[text()=\"OK\"]"}
RESULT: {"using":"xpath","value":"//bdi[text()=\"OK\"]"}
COMMAND: POST /session/2d5135847e5304f57daa7dc4bdee4d03/elements - {"using":"xpath","value":"//bdi[text()=\"OK\"]"}
RESULT: {"using":"xpath","value":"//bdi[text()=\"OK\"]"}
COMMAND: POST /session/2d5135847e5304f57daa7dc4bdee4d03/elements - {"using":"xpath","value":"//bdi[text()=\"OK\"]"}
RESULT: {"using":"xpath","value":"//bdi[text()=\"OK\"]"}
COMMAND: POST /session/2d5135847e5304f57daa7dc4bdee4d03/elements - {"using":"xpath","value":"//bdi[text()=\"OK\"]"}
RESULT: {"using":"xpath","value":"//bdi[text()=\"OK\"]"}
COMMAND: POST /session/2d5135847e5304f57daa7dc4bdee4d03/elements - {"using":"xpath","value":"//bdi[text()=\"OK\"]"}
RESULT: {"using":"xpath","value":"//bdi[text()=\"OK\"]"}
COMMAND: POST /session/2d5135847e5304f57daa7dc4bdee4d03/elements - {"using":"xpath","value":"//bdi[text()=\"OK\"]"}
RESULT: {"using":"xpath","value":"//bdi[text()=\"OK\"]"}
COMMAND: POST /session/2d5135847e5304f57daa7dc4bdee4d03/elements - {"using":"xpath","value":"//bdi[text()=\"OK\"]"}
RESULT: {"using":"xpath","value":"//bdi[text()=\"OK\"]"}
COMMAND: POST /session/2d5135847e5304f57daa7dc4bdee4d03/elements - {"using":"xpath","value":"//bdi[text()=\"OK\"]"}
RESULT: {"using":"xpath","value":"//bdi[text()=\"OK\"]"}
COMMAND: POST /session/2d5135847e5304f57daa7dc4bdee4d03/elements - {"using":"xpath","value":"//bdi[text()=\"OK\"]"}
RESULT: {"using":"xpath","value":"//bdi[text()=\"OK\"]"}
COMMAND: POST /session/2d5135847e5304f57daa7dc4bdee4d03/elements - {"using":"xpath","value":"//bdi[text()=\"OK\"]"}
RESULT: {"using":"xpath","value":"//bdi[text()=\"OK\"]"}
COMMAND: POST /session/2d5135847e5304f57daa7dc4bdee4d03/elements - {"using":"xpath","value":"//bdi[text()=\"OK\"]"}
RESULT: {"using":"xpath","value":"//bdi[text()=\"OK\"]"}
COMMAND: POST /session/2d5135847e5304f57daa7dc4bdee4d03/elements - {"using":"xpath","value":"//bdi[text()=\"OK\"]"}
RESULT: {"using":"xpath","value":"//bdi[text()=\"OK\"]"}
COMMAND: POST /session/2d5135847e5304f57daa7dc4bdee4d03/elements - {"using":"xpath","value":"//bdi[text()=\"OK\"]"}
RESULT: {"using":"xpath","value":"//bdi[text()=\"OK\"]"}
COMMAND: POST /session/2d5135847e5304f57daa7dc4bdee4d03/elements - {"using":"xpath","value":"//bdi[text()=\"OK\"]"}
RESULT: {"using":"xpath","value":"//bdi[text()=\"OK\"]"}
COMMAND: POST /session/2d5135847e5304f57daa7dc4bdee4d03/elements - {"using":"xpath","value":"//bdi[text()=\"OK\"]"}
RESULT: {"using":"xpath","value":"//bdi[text()=\"OK\"]"}
COMMAND: POST /session/2d5135847e5304f57daa7dc4bdee4d03/elements - {"using":"xpath","value":"//bdi[text()=\"OK\"]"}
RESULT: {"using":"xpath","value":"//bdi[text()=\"OK\"]"}
COMMAND: POST /session/2d5135847e5304f57daa7dc4bdee4d03/elements - {"using":"xpath","value":"//bdi[text()=\"OK\"]"}
RESULT: {"using":"xpath","value":"//bdi[text()=\"OK\"]"}
COMMAND: POST /session/2d5135847e5304f57daa7dc4bdee4d03/elements - {"using":"xpath","value":"//bdi[text()=\"OK\"]"}
RESULT: {"using":"xpath","value":"//bdi[text()=\"OK\"]"}
COMMAND: POST /session/2d5135847e5304f57daa7dc4bdee4d03/elements - {"using":"xpath","value":"//bdi[text()=\"OK\"]"}
RESULT: {"using":"xpath","value":"//bdi[text()=\"OK\"]"}
COMMAND: POST /session/2d5135847e5304f57daa7dc4bdee4d03/elements - {"using":"xpath","value":"//bdi[text()=\"OK\"]"}
RESULT: {"using":"xpath","value":"//bdi[text()=\"OK\"]"}
COMMAND: POST /session/2d5135847e5304f57daa7dc4bdee4d03/elements - {"using":"xpath","value":"//bdi[text()=\"OK\"]"}
RESULT: {"using":"xpath","value":"//bdi[text()=\"OK\"]"}
COMMAND: POST /session/2d5135847e5304f57daa7dc4bdee4d03/elements - {"using":"xpath","value":"//bdi[text()=\"OK\"]"}
RESULT: {"using":"xpath","value":"//bdi[text()=\"OK\"]"}
COMMAND: POST /session/2d5135847e5304f57daa7dc4bdee4d03/elements - {"using":"xpath","value":"//bdi[text()=\"OK\"]"}
RESULT: {"using":"xpath","value":"//bdi[text()=\"OK\"]"}
COMMAND: POST /session/2d5135847e5304f57daa7dc4bdee4d03/elements - {"using":"xpath","value":"//bdi[text()=\"OK\"]"}
RESULT: {"using":"xpath","value":"//bdi[text()=\"OK\"]"}
COMMAND: POST /session/2d5135847e5304f57daa7dc4bdee4d03/elements - {"using":"xpath","value":"//bdi[text()=\"OK\"]"}
RESULT: {"using":"xpath","value":"//bdi[text()=\"OK\"]"}
COMMAND: POST /session/2d5135847e5304f57daa7dc4bdee4d03/elements - {"using":"xpath","value":"//bdi[text()=\"OK\"]"}
RESULT: {"using":"xpath","value":"//bdi[text()=\"OK\"]"}
COMMAND: POST /session/2d5135847e5304f57daa7dc4bdee4d03/elements - {"using":"xpath","value":"//bdi[text()=\"OK\"]"}
RESULT: {"using":"xpath","value":"//bdi[text()=\"OK\"]"}
COMMAND: POST /session/2d5135847e5304f57daa7dc4bdee4d03/elements - {"using":"xpath","value":"//bdi[text()=\"OK\"]"}
RESULT: {"using":"xpath","value":"//bdi[text()=\"OK\"]"}
COMMAND: POST /session/2d5135847e5304f57daa7dc4bdee4d03/elements - {"using":"xpath","value":"//bdi[text()=\"OK\"]"}
RESULT: {"using":"xpath","value":"//bdi[text()=\"OK\"]"}
COMMAND: POST /session/2d5135847e5304f57daa7dc4bdee4d03/elements - {"using":"xpath","value":"//bdi[text()=\"OK\"]"}
RESULT: {"using":"xpath","value":"//bdi[text()=\"OK\"]"}
COMMAND: POST /session/2d5135847e5304f57daa7dc4bdee4d03/elements - {"using":"xpath","value":"//bdi[text()=\"OK\"]"}
RESULT: {"using":"xpath","value":"//bdi[text()=\"OK\"]"}
COMMAND: POST /session/2d5135847e5304f57daa7dc4bdee4d03/elements - {"using":"xpath","value":"//bdi[text()=\"OK\"]"}
RESULT: {"using":"xpath","value":"//bdi[text()=\"OK\"]"}
COMMAND: POST /session/2d5135847e5304f57daa7dc4bdee4d03/elements - {"using":"xpath","value":"//bdi[text()=\"OK\"]"}
RESULT: {"using":"xpath","value":"//bdi[text()=\"OK\"]"}
COMMAND: POST /session/2d5135847e5304f57daa7dc4bdee4d03/elements - {"using":"xpath","value":"//bdi[text()=\"OK\"]"}
RESULT: {"using":"xpath","value":"//bdi[text()=\"OK\"]"}
COMMAND: POST /session/2d5135847e5304f57daa7dc4bdee4d03/elements - {"using":"xpath","value":"//bdi[text()=\"OK\"]"}
RESULT: {"using":"xpath","value":"//bdi[text()=\"OK\"]"}
COMMAND: POST /session/2d5135847e5304f57daa7dc4bdee4d03/elements - {"using":"xpath","value":"//bdi[text()=\"OK\"]"}
RESULT: {"using":"xpath","value":"//bdi[text()=\"OK\"]"}
COMMAND: POST /session/2d5135847e5304f57daa7dc4bdee4d03/elements - {"using":"xpath","value":"//bdi[text()=\"OK\"]"}
RESULT: {"using":"xpath","value":"//bdi[text()=\"OK\"]"}
COMMAND: POST /session/2d5135847e5304f57daa7dc4bdee4d03/elements - {"using":"xpath","value":"//bdi[text()=\"OK\"]"}
RESULT: {"using":"xpath","value":"//bdi[text()=\"OK\"]"}
COMMAND: POST /session/2d5135847e5304f57daa7dc4bdee4d03/elements - {"using":"xpath","value":"//bdi[text()=\"OK\"]"}
RESULT: {"using":"xpath","value":"//bdi[text()=\"OK\"]"}
COMMAND: POST /session/2d5135847e5304f57daa7dc4bdee4d03/elements - {"using":"xpath","value":"//bdi[text()=\"OK\"]"}
RESULT: {"using":"xpath","value":"//bdi[text()=\"OK\"]"}
COMMAND: POST /session/2d5135847e5304f57daa7dc4bdee4d03/elements - {"using":"xpath","value":"//bdi[text()=\"OK\"]"}
RESULT: {"using":"xpath","value":"//bdi[text()=\"OK\"]"}
COMMAND: POST /session/2d5135847e5304f57daa7dc4bdee4d03/elements - {"using":"xpath","value":"//bdi[text()=\"OK\"]"}
RESULT: {"using":"xpath","value":"//bdi[text()=\"OK\"]"}
COMMAND: POST /session/2d5135847e5304f57daa7dc4bdee4d03/elements - {"using":"xpath","value":"//bdi[text()=\"OK\"]"}
RESULT: {"using":"xpath","value":"//bdi[text()=\"OK\"]"}
COMMAND: POST /session/2d5135847e5304f57daa7dc4bdee4d03/elements - {"using":"xpath","value":"//bdi[text()=\"OK\"]"}
RESULT: {"using":"xpath","value":"//bdi[text()=\"OK\"]"}
COMMAND: POST /session/2d5135847e5304f57daa7dc4bdee4d03/elements - {"using":"xpath","value":"//bdi[text()=\"OK\"]"}
RESULT: {"using":"xpath","value":"//bdi[text()=\"OK\"]"}
COMMAND: POST /session/2d5135847e5304f57daa7dc4bdee4d03/elements - {"using":"xpath","value":"//bdi[text()=\"OK\"]"}
RESULT: {"using":"xpath","value":"//bdi[text()=\"OK\"]"}
COMMAND: POST /session/2d5135847e5304f57daa7dc4bdee4d03/elements - {"using":"xpath","value":"//bdi[text()=\"OK\"]"}
RESULT: {"using":"xpath","value":"//bdi[text()=\"OK\"]"}
COMMAND: POST /session/2d5135847e5304f57daa7dc4bdee4d03/elements - {"using":"xpath","value":"//bdi[text()=\"OK\"]"}
RESULT: {"using":"xpath","value":"//bdi[text()=\"OK\"]"}
COMMAND: POST /session/2d5135847e5304f57daa7dc4bdee4d03/elements - {"using":"xpath","value":"//bdi[text()=\"OK\"]"}
RESULT: {"using":"xpath","value":"//bdi[text()=\"OK\"]"}
COMMAND: POST /session/2d5135847e5304f57daa7dc4bdee4d03/elements - {"using":"xpath","value":"//bdi[text()=\"OK\"]"}
RESULT: {"using":"xpath","value":"//bdi[text()=\"OK\"]"}
COMMAND: POST /session/2d5135847e5304f57daa7dc4bdee4d03/elements - {"using":"xpath","value":"//bdi[text()=\"OK\"]"}
RESULT: {"using":"xpath","value":"//bdi[text()=\"OK\"]"}
COMMAND: POST /session/2d5135847e5304f57daa7dc4bdee4d03/elements - {"using":"xpath","value":"//bdi[text()=\"OK\"]"}
RESULT: {"using":"xpath","value":"//bdi[text()=\"OK\"]"}
COMMAND: POST /session/2d5135847e5304f57daa7dc4bdee4d03/elements - {"using":"xpath","value":"//bdi[text()=\"OK\"]"}
RESULT: {"using":"xpath","value":"//bdi[text()=\"OK\"]"}
COMMAND: POST /session/2d5135847e5304f57daa7dc4bdee4d03/elements - {"using":"xpath","value":"//bdi[text()=\"OK\"]"}
RESULT: {"using":"xpath","value":"//bdi[text()=\"OK\"]"}
COMMAND: POST /session/2d5135847e5304f57daa7dc4bdee4d03/elements - {"using":"xpath","value":"//bdi[text()=\"OK\"]"}
RESULT: {"using":"xpath","value":"//bdi[text()=\"OK\"]"}
COMMAND: POST /session/2d5135847e5304f57daa7dc4bdee4d03/elements - {"using":"xpath","value":"//bdi[text()=\"OK\"]"}
RESULT: {"using":"xpath","value":"//bdi[text()=\"OK\"]"}
COMMAND: POST /session/2d5135847e5304f57daa7dc4bdee4d03/elements - {"using":"xpath","value":"//bdi[text()=\"OK\"]"}
RESULT: {"using":"xpath","value":"//bdi[text()=\"OK\"]"}
COMMAND: POST /session/2d5135847e5304f57daa7dc4bdee4d03/elements - {"using":"xpath","value":"//bdi[text()=\"OK\"]"}
RESULT: {"using":"xpath","value":"//bdi[text()=\"OK\"]"}
COMMAND: POST /session/2d5135847e5304f57daa7dc4bdee4d03/elements - {"using":"xpath","value":"//bdi[text()=\"OK\"]"}
RESULT: {"using":"xpath","value":"//bdi[text()=\"OK\"]"}
COMMAND: POST /session/2d5135847e5304f57daa7dc4bdee4d03/elements - {"using":"xpath","value":"//bdi[text()=\"OK\"]"}
RESULT: {"using":"xpath","value":"//bdi[text()=\"OK\"]"}
COMMAND: POST /session/2d5135847e5304f57daa7dc4bdee4d03/elements - {"using":"xpath","value":"//bdi[text()=\"OK\"]"}
RESULT: {"using":"xpath","value":"//bdi[text()=\"OK\"]"}
COMMAND: POST /session/2d5135847e5304f57daa7dc4bdee4d03/elements - {"using":"xpath","value":"//bdi[text()=\"OK\"]"}
RESULT: {"using":"xpath","value":"//bdi[text()=\"OK\"]"}
COMMAND: POST /session/2d5135847e5304f57daa7dc4bdee4d03/elements - {"using":"xpath","value":"//bdi[text()=\"OK\"]"}
RESULT: {"using":"xpath","value":"//bdi[text()=\"OK\"]"}
COMMAND: POST /session/2d5135847e5304f57daa7dc4bdee4d03/elements - {"using":"xpath","value":"//bdi[text()=\"OK\"]"}
RESULT: {"using":"xpath","value":"//bdi[text()=\"OK\"]"}
COMMAND: POST /session/2d5135847e5304f57daa7dc4bdee4d03/elements - {"using":"xpath","value":"//bdi[text()=\"OK\"]"}
RESULT: {"using":"xpath","value":"//bdi[text()=\"OK\"]"}
COMMAND: POST /session/2d5135847e5304f57daa7dc4bdee4d03/elements - {"using":"xpath","value":"//bdi[text()=\"OK\"]"}
RESULT: {"using":"xpath","value":"//bdi[text()=\"OK\"]"}
COMMAND: POST /session/2d5135847e5304f57daa7dc4bdee4d03/elements - {"using":"xpath","value":"//bdi[text()=\"OK\"]"}
RESULT: {"using":"xpath","value":"//bdi[text()=\"OK\"]"}
COMMAND: POST /session/2d5135847e5304f57daa7dc4bdee4d03/elements - {"using":"xpath","value":"//bdi[text()=\"OK\"]"}
RESULT: {"using":"xpath","value":"//bdi[text()=\"OK\"]"}
COMMAND: POST /session/2d5135847e5304f57daa7dc4bdee4d03/elements - {"using":"xpath","value":"//bdi[text()=\"OK\"]"}
RESULT: {"using":"xpath","value":"//bdi[text()=\"OK\"]"}
COMMAND: POST /session/2d5135847e5304f57daa7dc4bdee4d03/elements - {"using":"xpath","value":"//bdi[text()=\"OK\"]"}
RESULT: {"using":"xpath","value":"//bdi[text()=\"OK\"]"}
COMMAND: POST /session/2d5135847e5304f57daa7dc4bdee4d03/elements - {"using":"xpath","value":"//bdi[text()=\"OK\"]"}
RESULT: {"using":"xpath","value":"//bdi[text()=\"OK\"]"}
COMMAND: POST /session/2d5135847e5304f57daa7dc4bdee4d03/elements - {"using":"xpath","value":"//bdi[text()=\"OK\"]"}
RESULT: {"using":"xpath","value":"//bdi[text()=\"OK\"]"}
COMMAND: POST /session/2d5135847e5304f57daa7dc4bdee4d03/elements - {"using":"xpath","value":"//bdi[text()=\"OK\"]"}
RESULT: {"using":"xpath","value":"//bdi[text()=\"OK\"]"}
COMMAND: POST /session/2d5135847e5304f57daa7dc4bdee4d03/elements - {"using":"xpath","value":"//bdi[text()=\"OK\"]"}
RESULT: {"using":"xpath","value":"//bdi[text()=\"OK\"]"}
COMMAND: POST /session/2d5135847e5304f57daa7dc4bdee4d03/elements - {"using":"xpath","value":"//bdi[text()=\"OK\"]"}
RESULT: {"using":"xpath","value":"//bdi[text()=\"OK\"]"}
COMMAND: POST /session/2d5135847e5304f57daa7dc4bdee4d03/elements - {"using":"xpath","value":"//bdi[text()=\"OK\"]"}
RESULT: {"using":"xpath","value":"//bdi[text()=\"OK\"]"}
COMMAND: POST /session/2d5135847e5304f57daa7dc4bdee4d03/elements - {"using":"xpath","value":"//bdi[text()=\"OK\"]"}
RESULT: {"using":"xpath","value":"//bdi[text()=\"OK\"]"}
COMMAND: POST /session/2d5135847e5304f57daa7dc4bdee4d03/elements - {"using":"xpath","value":"//bdi[text()=\"OK\"]"}
RESULT: {"using":"xpath","value":"//bdi[text()=\"OK\"]"}
COMMAND: POST /session/2d5135847e5304f57daa7dc4bdee4d03/elements - {"using":"xpath","value":"//bdi[text()=\"OK\"]"}
RESULT: {"using":"xpath","value":"//bdi[text()=\"OK\"]"}
COMMAND: POST /session/2d5135847e5304f57daa7dc4bdee4d03/elements - {"using":"xpath","value":"//bdi[text()=\"OK\"]"}
RESULT: {"using":"xpath","value":"//bdi[text()=\"OK\"]"}
COMMAND: POST /session/2d5135847e5304f57daa7dc4bdee4d03/elements - {"using":"xpath","value":"//bdi[text()=\"OK\"]"}
RESULT: {"using":"xpath","value":"//bdi[text()=\"OK\"]"}
COMMAND: POST /session/2d5135847e5304f57daa7dc4bdee4d03/elements - {"using":"xpath","value":"//bdi[text()=\"OK\"]"}
RESULT: {"using":"xpath","value":"//bdi[text()=\"OK\"]"}
COMMAND: POST /session/2d5135847e5304f57daa7dc4bdee4d03/elements - {"using":"xpath","value":"//bdi[text()=\"OK\"]"}
RESULT: {"using":"xpath","value":"//bdi[text()=\"OK\"]"}
COMMAND: POST /session/2d5135847e5304f57daa7dc4bdee4d03/elements - {"using":"xpath","value":"//bdi[text()=\"OK\"]"}
RESULT: {"using":"xpath","value":"//bdi[text()=\"OK\"]"}
COMMAND: POST /session/2d5135847e5304f57daa7dc4bdee4d03/elements - {"using":"xpath","value":"//bdi[text()=\"OK\"]"}
RESULT: {"using":"xpath","value":"//bdi[text()=\"OK\"]"}
COMMAND: POST /session/2d5135847e5304f57daa7dc4bdee4d03/elements - {"using":"xpath","value":"//bdi[text()=\"OK\"]"}
RESULT: {"using":"xpath","value":"//bdi[text()=\"OK\"]"}
COMMAND: POST /session/2d5135847e5304f57daa7dc4bdee4d03/elements - {"using":"xpath","value":"//bdi[text()=\"OK\"]"}
RESULT: {"using":"xpath","value":"//bdi[text()=\"OK\"]"}
COMMAND: POST /session/2d5135847e5304f57daa7dc4bdee4d03/elements - {"using":"xpath","value":"//bdi[text()=\"OK\"]"}
RESULT: {"using":"xpath","value":"//bdi[text()=\"OK\"]"}
COMMAND: POST /session/2d5135847e5304f57daa7dc4bdee4d03/elements - {"using":"xpath","value":"//bdi[text()=\"OK\"]"}
RESULT: {"using":"xpath","value":"//bdi[text()=\"OK\"]"}
COMMAND: POST /session/2d5135847e5304f57daa7dc4bdee4d03/elements - {"using":"xpath","value":"//bdi[text()=\"OK\"]"}
RESULT: {"using":"xpath","value":"//bdi[text()=\"OK\"]"}
COMMAND: POST /session/2d5135847e5304f57daa7dc4bdee4d03/elements - {"using":"xpath","value":"//bdi[text()=\"OK\"]"}
RESULT: {"using":"xpath","value":"//bdi[text()=\"OK\"]"}
COMMAND: POST /session/2d5135847e5304f57daa7dc4bdee4d03/elements - {"using":"xpath","value":"//bdi[text()=\"OK\"]"}
RESULT: {"using":"xpath","value":"//bdi[text()=\"OK\"]"}
COMMAND: POST /session/2d5135847e5304f57daa7dc4bdee4d03/elements - {"using":"xpath","value":"//bdi[text()=\"OK\"]"}
RESULT: {"using":"xpath","value":"//bdi[text()=\"OK\"]"}
COMMAND: POST /session/2d5135847e5304f57daa7dc4bdee4d03/elements - {"using":"xpath","value":"//bdi[text()=\"OK\"]"}
RESULT: {"using":"xpath","value":"//bdi[text()=\"OK\"]"}
COMMAND: POST /session/2d5135847e5304f57daa7dc4bdee4d03/elements - {"using":"xpath","value":"//bdi[text()=\"OK\"]"}
RESULT: {"using":"xpath","value":"//bdi[text()=\"OK\"]"}
COMMAND: POST /session/2d5135847e5304f57daa7dc4bdee4d03/elements - {"using":"xpath","value":"//bdi[text()=\"OK\"]"}
RESULT: {"using":"xpath","value":"//bdi[text()=\"OK\"]"}
COMMAND: POST /session/2d5135847e5304f57daa7dc4bdee4d03/elements - {"using":"xpath","value":"//bdi[text()=\"OK\"]"}
RESULT: {"using":"xpath","value":"//bdi[text()=\"OK\"]"}
COMMAND: POST /session/2d5135847e5304f57daa7dc4bdee4d03/elements - {"using":"xpath","value":"//bdi[text()=\"OK\"]"}
RESULT: {"using":"xpath","value":"//bdi[text()=\"OK\"]"}
COMMAND: POST /session/2d5135847e5304f57daa7dc4bdee4d03/elements - {"using":"xpath","value":"//bdi[text()=\"OK\"]"}
RESULT: {"using":"xpath","value":"//bdi[text()=\"OK\"]"}
COMMAND: POST /session/2d5135847e5304f57daa7dc4bdee4d03/elements - {"using":"xpath","value":"//bdi[text()=\"OK\"]"}
RESULT: {"using":"xpath","value":"//bdi[text()=\"OK\"]"}
COMMAND: POST /session/2d5135847e5304f57daa7dc4bdee4d03/elements - {"using":"xpath","value":"//bdi[text()=\"OK\"]"}
RESULT: {"using":"xpath","value":"//bdi[text()=\"OK\"]"}
COMMAND: POST /session/2d5135847e5304f57daa7dc4bdee4d03/elements - {"using":"xpath","value":"//bdi[text()=\"OK\"]"}
RESULT: {"using":"xpath","value":"//bdi[text()=\"OK\"]"}
COMMAND: POST /session/2d5135847e5304f57daa7dc4bdee4d03/elements - {"using":"xpath","value":"//bdi[text()=\"OK\"]"}
RESULT: {"using":"xpath","value":"//bdi[text()=\"OK\"]"}
COMMAND: POST /session/2d5135847e5304f57daa7dc4bdee4d03/elements - {"using":"xpath","value":"//bdi[text()=\"OK\"]"}
RESULT: {"using":"xpath","value":"//bdi[text()=\"OK\"]"}
COMMAND: POST /session/2d5135847e5304f57daa7dc4bdee4d03/elements - {"using":"xpath","value":"//bdi[text()=\"OK\"]"}
RESULT: {"using":"xpath","value":"//bdi[text()=\"OK\"]"}
COMMAND: POST /session/2d5135847e5304f57daa7dc4bdee4d03/elements - {"using":"xpath","value":"//bdi[text()=\"OK\"]"}
RESULT: {"using":"xpath","value":"//bdi[text()=\"OK\"]"}
COMMAND: POST /session/2d5135847e5304f57daa7dc4bdee4d03/elements - {"using":"xpath","value":"//bdi[text()=\"OK\"]"}
RESULT: {"using":"xpath","value":"//bdi[text()=\"OK\"]"}
COMMAND: POST /session/2d5135847e5304f57daa7dc4bdee4d03/elements - {"using":"xpath","value":"//bdi[text()=\"OK\"]"}
RESULT: {"using":"xpath","value":"//bdi[text()=\"OK\"]"}
COMMAND: POST /session/2d5135847e5304f57daa7dc4bdee4d03/elements - {"using":"xpath","value":"//bdi[text()=\"OK\"]"}
RESULT: {"using":"xpath","value":"//bdi[text()=\"OK\"]"}
COMMAND: POST /session/2d5135847e5304f57daa7dc4bdee4d03/elements - {"using":"xpath","value":"//bdi[text()=\"OK\"]"}
RESULT: {"using":"xpath","value":"//bdi[text()=\"OK\"]"}
COMMAND: POST /session/2d5135847e5304f57daa7dc4bdee4d03/elements - {"using":"xpath","value":"//bdi[text()=\"OK\"]"}
RESULT: {"using":"xpath","value":"//bdi[text()=\"OK\"]"}
COMMAND: POST /session/2d5135847e5304f57daa7dc4bdee4d03/elements - {"using":"xpath","value":"//bdi[text()=\"OK\"]"}
RESULT: {"using":"xpath","value":"//bdi[text()=\"OK\"]"}
COMMAND: POST /session/2d5135847e5304f57daa7dc4bdee4d03/elements - {"using":"xpath","value":"//bdi[text()=\"OK\"]"}
RESULT: {"using":"xpath","value":"//bdi[text()=\"OK\"]"}
COMMAND: POST /session/2d5135847e5304f57daa7dc4bdee4d03/elements - {"using":"xpath","value":"//bdi[text()=\"OK\"]"}
RESULT: {"using":"xpath","value":"//bdi[text()=\"OK\"]"}
COMMAND: POST /session/2d5135847e5304f57daa7dc4bdee4d03/elements - {"using":"xpath","value":"//bdi[text()=\"OK\"]"}
RESULT: {"using":"xpath","value":"//bdi[text()=\"OK\"]"}
COMMAND: POST /session/2d5135847e5304f57daa7dc4bdee4d03/elements - {"using":"xpath","value":"//bdi[text()=\"OK\"]"}
RESULT: {"using":"xpath","value":"//bdi[text()=\"OK\"]"}
COMMAND: POST /session/2d5135847e5304f57daa7dc4bdee4d03/elements - {"using":"xpath","value":"//bdi[text()=\"OK\"]"}
RESULT: {"using":"xpath","value":"//bdi[text()=\"OK\"]"}
COMMAND: POST /session/2d5135847e5304f57daa7dc4bdee4d03/elements - {"using":"xpath","value":"//bdi[text()=\"OK\"]"}
RESULT: {"using":"xpath","value":"//bdi[text()=\"OK\"]"}
COMMAND: POST /session/2d5135847e5304f57daa7dc4bdee4d03/elements - {"using":"xpath","value":"//bdi[text()=\"OK\"]"}
RESULT: {"using":"xpath","value":"//bdi[text()=\"OK\"]"}
COMMAND: POST /session/2d5135847e5304f57daa7dc4bdee4d03/elements - {"using":"xpath","value":"//bdi[text()=\"OK\"]"}
RESULT: {"using":"xpath","value":"//bdi[text()=\"OK\"]"}
COMMAND: POST /session/2d5135847e5304f57daa7dc4bdee4d03/elements - {"using":"xpath","value":"//bdi[text()=\"OK\"]"}
RESULT: {"using":"xpath","value":"//bdi[text()=\"OK\"]"}
COMMAND: POST /session/2d5135847e5304f57daa7dc4bdee4d03/elements - {"using":"xpath","value":"//bdi[text()=\"OK\"]"}
COMMAND: POST /session/2d5135847e5304f57daa7dc4bdee4d03/element - {"using":"xpath","value":"//bdi[text()=\"OK\"]"}
RESULT: {"using":"xpath","value":"//bdi[text()=\"OK\"]"}
RESULT: {"using":"xpath","value":"//bdi[text()=\"OK\"]"}
COMMAND: POST /session/2d5135847e5304f57daa7dc4bdee4d03/elements - {"using":"xpath","value":"//bdi[text()=\"OK\"]"}
RESULT: {"using":"xpath","value":"//bdi[text()=\"OK\"]"}
COMMAND: POST /session/2d5135847e5304f57daa7dc4bdee4d03/elements - {"using":"xpath","value":"//bdi[text()=\"OK\"]"}
RESULT: {"using":"xpath","value":"//bdi[text()=\"OK\"]"}
COMMAND: POST /session/2d5135847e5304f57daa7dc4bdee4d03/elements - {"using":"xpath","value":"//bdi[text()=\"OK\"]"}
RESULT: {"using":"xpath","value":"//bdi[text()=\"OK\"]"}
COMMAND: POST /session/2d5135847e5304f57daa7dc4bdee4d03/elements - {"using":"xpath","value":"//bdi[text()=\"OK\"]"}
RESULT: {"using":"xpath","value":"//bdi[text()=\"OK\"]"}
COMMAND: POST /session/2d5135847e5304f57daa7dc4bdee4d03/elements - {"using":"xpath","value":"//bdi[text()=\"OK\"]"}
RESULT: {"using":"xpath","value":"//bdi[text()=\"OK\"]"}
COMMAND: POST /session/2d5135847e5304f57daa7dc4bdee4d03/elements - {"using":"xpath","value":"//bdi[text()=\"OK\"]"}
RESULT: {"using":"xpath","value":"//bdi[text()=\"OK\"]"}
COMMAND: POST /session/2d5135847e5304f57daa7dc4bdee4d03/elements - {"using":"xpath","value":"//bdi[text()=\"OK\"]"}
RESULT: {"using":"xpath","value":"//bdi[text()=\"OK\"]"}
COMMAND: POST /session/2d5135847e5304f57daa7dc4bdee4d03/elements - {"using":"xpath","value":"//bdi[text()=\"OK\"]"}
RESULT: {"using":"xpath","value":"//bdi[text()=\"OK\"]"}
COMMAND: POST /session/2d5135847e5304f57daa7dc4bdee4d03/elements - {"using":"xpath","value":"//bdi[text()=\"OK\"]"}
RESULT: {"using":"xpath","value":"//bdi[text()=\"OK\"]"}
COMMAND: POST /session/2d5135847e5304f57daa7dc4bdee4d03/elements - {"using":"xpath","value":"//bdi[text()=\"OK\"]"}
RESULT: {"using":"xpath","value":"//bdi[text()=\"OK\"]"}
COMMAND: POST /session/2d5135847e5304f57daa7dc4bdee4d03/elements - {"using":"xpath","value":"//bdi[text()=\"OK\"]"}
RESULT: {"using":"xpath","value":"//bdi[text()=\"OK\"]"}
COMMAND: POST /session/2d5135847e5304f57daa7dc4bdee4d03/elements - {"using":"xpath","value":"//bdi[text()=\"OK\"]"}
RESULT: {"using":"xpath","value":"//bdi[text()=\"OK\"]"}
COMMAND: POST /session/2d5135847e5304f57daa7dc4bdee4d03/elements - {"using":"xpath","value":"//bdi[text()=\"OK\"]"}
RESULT: {"using":"xpath","value":"//bdi[text()=\"OK\"]"}
COMMAND: POST /session/2d5135847e5304f57daa7dc4bdee4d03/elements - {"using":"xpath","value":"//bdi[text()=\"OK\"]"}
RESULT: {"using":"xpath","value":"//bdi[text()=\"OK\"]"}
COMMAND: POST /session/2d5135847e5304f57daa7dc4bdee4d03/elements - {"using":"xpath","value":"//bdi[text()=\"OK\"]"}
RESULT: {"using":"xpath","value":"//bdi[text()=\"OK\"]"}
COMMAND: POST /session/2d5135847e5304f57daa7dc4bdee4d03/elements - {"using":"xpath","value":"//bdi[text()=\"OK\"]"}
RESULT: {"using":"xpath","value":"//bdi[text()=\"OK\"]"}
COMMAND: POST /session/2d5135847e5304f57daa7dc4bdee4d03/elements - {"using":"xpath","value":"//bdi[text()=\"OK\"]"}
RESULT: {"using":"xpath","value":"//bdi[text()=\"OK\"]"}
COMMAND: POST /session/2d5135847e5304f57daa7dc4bdee4d03/elements - {"using":"xpath","value":"//bdi[text()=\"OK\"]"}
RESULT: {"using":"xpath","value":"//bdi[text()=\"OK\"]"}
COMMAND: POST /session/2d5135847e5304f57daa7dc4bdee4d03/elements - {"using":"xpath","value":"//bdi[text()=\"OK\"]"}
RESULT: {"using":"xpath","value":"//bdi[text()=\"OK\"]"}
COMMAND: POST /session/2d5135847e5304f57daa7dc4bdee4d03/elements - {"using":"xpath","value":"//bdi[text()=\"OK\"]"}
RESULT: {"using":"xpath","value":"//bdi[text()=\"OK\"]"}
COMMAND: POST /session/2d5135847e5304f57daa7dc4bdee4d03/elements - {"using":"xpath","value":"//bdi[text()=\"OK\"]"}
RESULT: {"using":"xpath","value":"//bdi[text()=\"OK\"]"}
COMMAND: POST /session/2d5135847e5304f57daa7dc4bdee4d03/elements - {"using":"xpath","value":"//bdi[text()=\"OK\"]"}
RESULT: {"using":"xpath","value":"//bdi[text()=\"OK\"]"}
COMMAND: POST /session/2d5135847e5304f57daa7dc4bdee4d03/elements - {"using":"xpath","value":"//bdi[text()=\"OK\"]"}
RESULT: {"using":"xpath","value":"//bdi[text()=\"OK\"]"}
COMMAND: POST /session/2d5135847e5304f57daa7dc4bdee4d03/elements - {"using":"xpath","value":"//bdi[text()=\"OK\"]"}
RESULT: {"using":"xpath","value":"//bdi[text()=\"OK\"]"}
COMMAND: POST /session/2d5135847e5304f57daa7dc4bdee4d03/elements - {"using":"xpath","value":"//bdi[text()=\"OK\"]"}
RESULT: {"using":"xpath","value":"//bdi[text()=\"OK\"]"}
COMMAND: POST /session/2d5135847e5304f57daa7dc4bdee4d03/elements - {"using":"xpath","value":"//bdi[text()=\"OK\"]"}
RESULT: {"using":"xpath","value":"//bdi[text()=\"OK\"]"}
COMMAND: POST /session/2d5135847e5304f57daa7dc4bdee4d03/elements - {"using":"xpath","value":"//bdi[text()=\"OK\"]"}
RESULT: {"using":"xpath","value":"//bdi[text()=\"OK\"]"}
COMMAND: POST /session/2d5135847e5304f57daa7dc4bdee4d03/elements - {"using":"xpath","value":"//bdi[text()=\"OK\"]"}
RESULT: {"using":"xpath","value":"//bdi[text()=\"OK\"]"}
COMMAND: POST /session/2d5135847e5304f57daa7dc4bdee4d03/elements - {"using":"xpath","value":"//bdi[text()=\"OK\"]"}
RESULT: {"using":"xpath","value":"//bdi[text()=\"OK\"]"}
COMMAND: POST /session/2d5135847e5304f57daa7dc4bdee4d03/elements - {"using":"xpath","value":"//bdi[text()=\"OK\"]"}
RESULT: {"using":"xpath","value":"//bdi[text()=\"OK\"]"}
COMMAND: POST /session/2d5135847e5304f57daa7dc4bdee4d03/elements - {"using":"xpath","value":"//bdi[text()=\"OK\"]"}
RESULT: {"using":"xpath","value":"//bdi[text()=\"OK\"]"}
COMMAND: POST /session/2d5135847e5304f57daa7dc4bdee4d03/elements - {"using":"xpath","value":"//bdi[text()=\"OK\"]"}
RESULT: {"using":"xpath","value":"//bdi[text()=\"OK\"]"}
COMMAND: POST /session/2d5135847e5304f57daa7dc4bdee4d03/elements - {"using":"xpath","value":"//bdi[text()=\"OK\"]"}
RESULT: {"using":"xpath","value":"//bdi[text()=\"OK\"]"}
COMMAND: POST /session/2d5135847e5304f57daa7dc4bdee4d03/elements - {"using":"xpath","value":"//bdi[text()=\"OK\"]"}
RESULT: {"using":"xpath","value":"//bdi[text()=\"OK\"]"}
COMMAND: POST /session/2d5135847e5304f57daa7dc4bdee4d03/elements - {"using":"xpath","value":"//bdi[text()=\"OK\"]"}
RESULT: {"using":"xpath","value":"//bdi[text()=\"OK\"]"}
COMMAND: POST /session/2d5135847e5304f57daa7dc4bdee4d03/elements - {"using":"xpath","value":"//bdi[text()=\"OK\"]"}
RESULT: {"using":"xpath","value":"//bdi[text()=\"OK\"]"}
COMMAND: POST /session/2d5135847e5304f57daa7dc4bdee4d03/elements - {"using":"xpath","value":"//bdi[text()=\"OK\"]"}
RESULT: {"using":"xpath","value":"//bdi[text()=\"OK\"]"}
COMMAND: POST /session/2d5135847e5304f57daa7dc4bdee4d03/elements - {"using":"xpath","value":"//bdi[text()=\"OK\"]"}
RESULT: {"using":"xpath","value":"//bdi[text()=\"OK\"]"}
COMMAND: POST /session/2d5135847e5304f57daa7dc4bdee4d03/elements - {"using":"xpath","value":"//bdi[text()=\"OK\"]"}
RESULT: {"using":"xpath","value":"//bdi[text()=\"OK\"]"}
COMMAND: POST /session/2d5135847e5304f57daa7dc4bdee4d03/elements - {"using":"xpath","value":"//bdi[text()=\"OK\"]"}
RESULT: {"using":"xpath","value":"//bdi[text()=\"OK\"]"}
COMMAND: POST /session/2d5135847e5304f57daa7dc4bdee4d03/elements - {"using":"xpath","value":"//bdi[text()=\"OK\"]"}
RESULT: {"using":"xpath","value":"//bdi[text()=\"OK\"]"}
COMMAND: POST /session/2d5135847e5304f57daa7dc4bdee4d03/elements - {"using":"xpath","value":"//bdi[text()=\"OK\"]"}
RESULT: {"using":"xpath","value":"//bdi[text()=\"OK\"]"}
COMMAND: POST /session/2d5135847e5304f57daa7dc4bdee4d03/elements - {"using":"xpath","value":"//bdi[text()=\"OK\"]"}
RESULT: {"using":"xpath","value":"//bdi[text()=\"OK\"]"}
COMMAND: POST /session/2d5135847e5304f57daa7dc4bdee4d03/elements - {"using":"xpath","value":"//bdi[text()=\"OK\"]"}
RESULT: {"using":"xpath","value":"//bdi[text()=\"OK\"]"}
COMMAND: POST /session/2d5135847e5304f57daa7dc4bdee4d03/elements - {"using":"xpath","value":"//bdi[text()=\"OK\"]"}
RESULT: {"using":"xpath","value":"//bdi[text()=\"OK\"]"}
COMMAND: POST /session/2d5135847e5304f57daa7dc4bdee4d03/elements - {"using":"xpath","value":"//bdi[text()=\"OK\"]"}
RESULT: {"using":"xpath","value":"//bdi[text()=\"OK\"]"}
COMMAND: POST /session/2d5135847e5304f57daa7dc4bdee4d03/elements - {"using":"xpath","value":"//bdi[text()=\"OK\"]"}
RESULT: {"using":"xpath","value":"//bdi[text()=\"OK\"]"}
COMMAND: POST /session/2d5135847e5304f57daa7dc4bdee4d03/elements - {"using":"xpath","value":"//bdi[text()=\"OK\"]"}
RESULT: {"using":"xpath","value":"//bdi[text()=\"OK\"]"}
COMMAND: POST /session/2d5135847e5304f57daa7dc4bdee4d03/elements - {"using":"xpath","value":"//bdi[text()=\"OK\"]"}
RESULT: {"using":"xpath","value":"//bdi[text()=\"OK\"]"}
COMMAND: POST /session/2d5135847e5304f57daa7dc4bdee4d03/elements - {"using":"xpath","value":"//bdi[text()=\"OK\"]"}
RESULT: {"using":"xpath","value":"//bdi[text()=\"OK\"]"}
COMMAND: POST /session/2d5135847e5304f57daa7dc4bdee4d03/elements - {"using":"xpath","value":"//bdi[text()=\"OK\"]"}
RESULT: {"using":"xpath","value":"//bdi[text()=\"OK\"]"}
COMMAND: POST /session/2d5135847e5304f57daa7dc4bdee4d03/elements - {"using":"xpath","value":"//bdi[text()=\"OK\"]"}
RESULT: {"using":"xpath","value":"//bdi[text()=\"OK\"]"}
COMMAND: POST /session/2d5135847e5304f57daa7dc4bdee4d03/elements - {"using":"xpath","value":"//bdi[text()=\"OK\"]"}
RESULT: {"using":"xpath","value":"//bdi[text()=\"OK\"]"}
COMMAND: POST /session/2d5135847e5304f57daa7dc4bdee4d03/elements - {"using":"xpath","value":"//bdi[text()=\"OK\"]"}
RESULT: {"using":"xpath","value":"//bdi[text()=\"OK\"]"}
COMMAND: POST /session/2d5135847e5304f57daa7dc4bdee4d03/elements - {"using":"xpath","value":"//bdi[text()=\"OK\"]"}
RESULT: {"using":"xpath","value":"//bdi[text()=\"OK\"]"}
COMMAND: POST /session/2d5135847e5304f57daa7dc4bdee4d03/elements - {"using":"xpath","value":"//bdi[text()=\"OK\"]"}
RESULT: {"using":"xpath","value":"//bdi[text()=\"OK\"]"}
COMMAND: POST /session/2d5135847e5304f57daa7dc4bdee4d03/elements - {"using":"xpath","value":"//bdi[text()=\"OK\"]"}
RESULT: {"using":"xpath","value":"//bdi[text()=\"OK\"]"}
COMMAND: POST /session/2d5135847e5304f57daa7dc4bdee4d03/elements - {"using":"xpath","value":"//bdi[text()=\"OK\"]"}
RESULT: {"using":"xpath","value":"//bdi[text()=\"OK\"]"}
COMMAND: POST /session/2d5135847e5304f57daa7dc4bdee4d03/elements - {"using":"xpath","value":"//bdi[text()=\"OK\"]"}
RESULT: {"using":"xpath","value":"//bdi[text()=\"OK\"]"}
COMMAND: POST /session/2d5135847e5304f57daa7dc4bdee4d03/elements - {"using":"xpath","value":"//bdi[text()=\"OK\"]"}
RESULT: {"using":"xpath","value":"//bdi[text()=\"OK\"]"}
COMMAND: POST /session/2d5135847e5304f57daa7dc4bdee4d03/elements - {"using":"xpath","value":"//bdi[text()=\"OK\"]"}
RESULT: {"using":"xpath","value":"//bdi[text()=\"OK\"]"}
COMMAND: POST /session/2d5135847e5304f57daa7dc4bdee4d03/elements - {"using":"xpath","value":"//bdi[text()=\"OK\"]"}
RESULT: {"using":"xpath","value":"//bdi[text()=\"OK\"]"}
COMMAND: POST /session/2d5135847e5304f57daa7dc4bdee4d03/elements - {"using":"xpath","value":"//bdi[text()=\"OK\"]"}
RESULT: {"using":"xpath","value":"//bdi[text()=\"OK\"]"}
COMMAND: POST /session/2d5135847e5304f57daa7dc4bdee4d03/elements - {"using":"xpath","value":"//bdi[text()=\"OK\"]"}
RESULT: {"using":"xpath","value":"//bdi[text()=\"OK\"]"}
COMMAND: POST /session/2d5135847e5304f57daa7dc4bdee4d03/elements - {"using":"xpath","value":"//bdi[text()=\"OK\"]"}
RESULT: {"using":"xpath","value":"//bdi[text()=\"OK\"]"}
COMMAND: POST /session/2d5135847e5304f57daa7dc4bdee4d03/elements - {"using":"xpath","value":"//bdi[text()=\"OK\"]"}
RESULT: {"using":"xpath","value":"//bdi[text()=\"OK\"]"}
COMMAND: POST /session/2d5135847e5304f57daa7dc4bdee4d03/elements - {"using":"xpath","value":"//bdi[text()=\"OK\"]"}
RESULT: {"using":"xpath","value":"//bdi[text()=\"OK\"]"}
COMMAND: POST /session/2d5135847e5304f57daa7dc4bdee4d03/elements - {"using":"xpath","value":"//bdi[text()=\"OK\"]"}
RESULT: {"using":"xpath","value":"//bdi[text()=\"OK\"]"}
COMMAND: POST /session/2d5135847e5304f57daa7dc4bdee4d03/elements - {"using":"xpath","value":"//bdi[text()=\"OK\"]"}
RESULT: {"using":"xpath","value":"//bdi[text()=\"OK\"]"}
COMMAND: POST /session/2d5135847e5304f57daa7dc4bdee4d03/elements - {"using":"xpath","value":"//bdi[text()=\"OK\"]"}
RESULT: {"using":"xpath","value":"//bdi[text()=\"OK\"]"}
COMMAND: POST /session/2d5135847e5304f57daa7dc4bdee4d03/elements - {"using":"xpath","value":"//bdi[text()=\"OK\"]"}
RESULT: {"using":"xpath","value":"//bdi[text()=\"OK\"]"}
COMMAND: POST /session/2d5135847e5304f57daa7dc4bdee4d03/elements - {"using":"xpath","value":"//bdi[text()=\"OK\"]"}
RESULT: {"using":"xpath","value":"//bdi[text()=\"OK\"]"}
COMMAND: POST /session/2d5135847e5304f57daa7dc4bdee4d03/elements - {"using":"xpath","value":"//bdi[text()=\"OK\"]"}
RESULT: {"using":"xpath","value":"//bdi[text()=\"OK\"]"}
COMMAND: POST /session/2d5135847e5304f57daa7dc4bdee4d03/elements - {"using":"xpath","value":"//bdi[text()=\"OK\"]"}
RESULT: {"using":"xpath","value":"//bdi[text()=\"OK\"]"}
COMMAND: POST /session/2d5135847e5304f57daa7dc4bdee4d03/elements - {"using":"xpath","value":"//bdi[text()=\"OK\"]"}
RESULT: {"using":"xpath","value":"//bdi[text()=\"OK\"]"}
COMMAND: POST /session/2d5135847e5304f57daa7dc4bdee4d03/elements - {"using":"xpath","value":"//bdi[text()=\"OK\"]"}
RESULT: {"using":"xpath","value":"//bdi[text()=\"OK\"]"}
COMMAND: POST /session/2d5135847e5304f57daa7dc4bdee4d03/elements - {"using":"xpath","value":"//bdi[text()=\"OK\"]"}
RESULT: {"using":"xpath","value":"//bdi[text()=\"OK\"]"}
COMMAND: POST /session/2d5135847e5304f57daa7dc4bdee4d03/elements - {"using":"xpath","value":"//bdi[text()=\"OK\"]"}
RESULT: {"using":"xpath","value":"//bdi[text()=\"OK\"]"}
COMMAND: POST /session/2d5135847e5304f57daa7dc4bdee4d03/elements - {"using":"xpath","value":"//bdi[text()=\"OK\"]"}
RESULT: {"using":"xpath","value":"//bdi[text()=\"OK\"]"}
COMMAND: POST /session/2d5135847e5304f57daa7dc4bdee4d03/elements - {"using":"xpath","value":"//bdi[text()=\"OK\"]"}
RESULT: {"using":"xpath","value":"//bdi[text()=\"OK\"]"}
COMMAND: POST /session/2d5135847e5304f57daa7dc4bdee4d03/elements - {"using":"xpath","value":"//bdi[text()=\"OK\"]"}
RESULT: {"using":"xpath","value":"//bdi[text()=\"OK\"]"}
COMMAND: POST /session/2d5135847e5304f57daa7dc4bdee4d03/elements - {"using":"xpath","value":"//bdi[text()=\"OK\"]"}
RESULT: {"using":"xpath","value":"//bdi[text()=\"OK\"]"}
COMMAND: POST /session/2d5135847e5304f57daa7dc4bdee4d03/elements - {"using":"xpath","value":"//bdi[text()=\"OK\"]"}
RESULT: {"using":"xpath","value":"//bdi[text()=\"OK\"]"}
COMMAND: POST /session/2d5135847e5304f57daa7dc4bdee4d03/elements - {"using":"xpath","value":"//bdi[text()=\"OK\"]"}
RESULT: {"using":"xpath","value":"//bdi[text()=\"OK\"]"}
COMMAND: POST /session/2d5135847e5304f57daa7dc4bdee4d03/elements - {"using":"xpath","value":"//bdi[text()=\"OK\"]"}
RESULT: {"using":"xpath","value":"//bdi[text()=\"OK\"]"}
COMMAND: POST /session/2d5135847e5304f57daa7dc4bdee4d03/elements - {"using":"xpath","value":"//bdi[text()=\"OK\"]"}
RESULT: {"using":"xpath","value":"//bdi[text()=\"OK\"]"}
COMMAND: POST /session/2d5135847e5304f57daa7dc4bdee4d03/elements - {"using":"xpath","value":"//bdi[text()=\"OK\"]"}
RESULT: {"using":"xpath","value":"//bdi[text()=\"OK\"]"}
COMMAND: POST /session/2d5135847e5304f57daa7dc4bdee4d03/elements - {"using":"xpath","value":"//bdi[text()=\"OK\"]"}
RESULT: {"using":"xpath","value":"//bdi[text()=\"OK\"]"}
COMMAND: POST /session/2d5135847e5304f57daa7dc4bdee4d03/elements - {"using":"xpath","value":"//bdi[text()=\"OK\"]"}
RESULT: {"using":"xpath","value":"//bdi[text()=\"OK\"]"}
COMMAND: POST /session/2d5135847e5304f57daa7dc4bdee4d03/elements - {"using":"xpath","value":"//bdi[text()=\"OK\"]"}
RESULT: {"using":"xpath","value":"//bdi[text()=\"OK\"]"}
COMMAND: POST /session/2d5135847e5304f57daa7dc4bdee4d03/elements - {"using":"xpath","value":"//bdi[text()=\"OK\"]"}
RESULT: {"using":"xpath","value":"//bdi[text()=\"OK\"]"}
COMMAND: POST /session/2d5135847e5304f57daa7dc4bdee4d03/elements - {"using":"xpath","value":"//bdi[text()=\"OK\"]"}
RESULT: {"using":"xpath","value":"//bdi[text()=\"OK\"]"}
COMMAND: POST /session/2d5135847e5304f57daa7dc4bdee4d03/elements - {"using":"xpath","value":"//bdi[text()=\"OK\"]"}
RESULT: {"using":"xpath","value":"//bdi[text()=\"OK\"]"}
COMMAND: POST /session/2d5135847e5304f57daa7dc4bdee4d03/elements - {"using":"xpath","value":"//bdi[text()=\"OK\"]"}
RESULT: {"using":"xpath","value":"//bdi[text()=\"OK\"]"}
COMMAND: POST /session/2d5135847e5304f57daa7dc4bdee4d03/elements - {"using":"xpath","value":"//bdi[text()=\"OK\"]"}
RESULT: {"using":"xpath","value":"//bdi[text()=\"OK\"]"}
COMMAND: POST /session/2d5135847e5304f57daa7dc4bdee4d03/elements - {"using":"xpath","value":"//bdi[text()=\"OK\"]"}
RESULT: {"using":"xpath","value":"//bdi[text()=\"OK\"]"}
COMMAND: POST /session/2d5135847e5304f57daa7dc4bdee4d03/elements - {"using":"xpath","value":"//bdi[text()=\"OK\"]"}
RESULT: {"using":"xpath","value":"//bdi[text()=\"OK\"]"}
COMMAND: POST /session/2d5135847e5304f57daa7dc4bdee4d03/elements - {"using":"xpath","value":"//bdi[text()=\"OK\"]"}
RESULT: {"using":"xpath","value":"//bdi[text()=\"OK\"]"}
COMMAND: POST /session/2d5135847e5304f57daa7dc4bdee4d03/elements - {"using":"xpath","value":"//bdi[text()=\"OK\"]"}
RESULT: {"using":"xpath","value":"//bdi[text()=\"OK\"]"}
COMMAND: POST /session/2d5135847e5304f57daa7dc4bdee4d03/elements - {"using":"xpath","value":"//bdi[text()=\"OK\"]"}
RESULT: {"using":"xpath","value":"//bdi[text()=\"OK\"]"}
COMMAND: POST /session/2d5135847e5304f57daa7dc4bdee4d03/elements - {"using":"xpath","value":"//bdi[text()=\"OK\"]"}
RESULT: {"using":"xpath","value":"//bdi[text()=\"OK\"]"}
COMMAND: POST /session/2d5135847e5304f57daa7dc4bdee4d03/elements - {"using":"xpath","value":"//bdi[text()=\"OK\"]"}
RESULT: {"using":"xpath","value":"//bdi[text()=\"OK\"]"}
COMMAND: POST /session/2d5135847e5304f57daa7dc4bdee4d03/elements - {"using":"xpath","value":"//bdi[text()=\"OK\"]"}
RESULT: {"using":"xpath","value":"//bdi[text()=\"OK\"]"}
COMMAND: POST /session/2d5135847e5304f57daa7dc4bdee4d03/elements - {"using":"xpath","value":"//bdi[text()=\"OK\"]"}
RESULT: {"using":"xpath","value":"//bdi[text()=\"OK\"]"}
COMMAND: POST /session/2d5135847e5304f57daa7dc4bdee4d03/elements - {"using":"xpath","value":"//bdi[text()=\"OK\"]"}
RESULT: {"using":"xpath","value":"//bdi[text()=\"OK\"]"}
COMMAND: POST /session/2d5135847e5304f57daa7dc4bdee4d03/elements - {"using":"xpath","value":"//bdi[text()=\"OK\"]"}
RESULT: {"using":"xpath","value":"//bdi[text()=\"OK\"]"}
COMMAND: POST /session/2d5135847e5304f57daa7dc4bdee4d03/elements - {"using":"xpath","value":"//bdi[text()=\"OK\"]"}
RESULT: {"using":"xpath","value":"//bdi[text()=\"OK\"]"}
COMMAND: POST /session/2d5135847e5304f57daa7dc4bdee4d03/elements - {"using":"xpath","value":"//bdi[text()=\"OK\"]"}
RESULT: {"using":"xpath","value":"//bdi[text()=\"OK\"]"}
COMMAND: POST /session/2d5135847e5304f57daa7dc4bdee4d03/elements - {"using":"xpath","value":"//bdi[text()=\"OK\"]"}
RESULT: {"using":"xpath","value":"//bdi[text()=\"OK\"]"}
COMMAND: POST /session/2d5135847e5304f57daa7dc4bdee4d03/elements - {"using":"xpath","value":"//bdi[text()=\"OK\"]"}
RESULT: {"using":"xpath","value":"//bdi[text()=\"OK\"]"}
COMMAND: POST /session/2d5135847e5304f57daa7dc4bdee4d03/elements - {"using":"xpath","value":"//bdi[text()=\"OK\"]"}
RESULT: {"using":"xpath","value":"//bdi[text()=\"OK\"]"}
COMMAND: POST /session/2d5135847e5304f57daa7dc4bdee4d03/elements - {"using":"xpath","value":"//bdi[text()=\"OK\"]"}
RESULT: {"using":"xpath","value":"//bdi[text()=\"OK\"]"}
COMMAND: POST /session/2d5135847e5304f57daa7dc4bdee4d03/elements - {"using":"xpath","value":"//bdi[text()=\"OK\"]"}
RESULT: {"using":"xpath","value":"//bdi[text()=\"OK\"]"}
COMMAND: POST /session/2d5135847e5304f57daa7dc4bdee4d03/elements - {"using":"xpath","value":"//bdi[text()=\"OK\"]"}
RESULT: {"using":"xpath","value":"//bdi[text()=\"OK\"]"}
COMMAND: POST /session/2d5135847e5304f57daa7dc4bdee4d03/elements - {"using":"xpath","value":"//bdi[text()=\"OK\"]"}
RESULT: {"using":"xpath","value":"//bdi[text()=\"OK\"]"}
COMMAND: POST /session/2d5135847e5304f57daa7dc4bdee4d03/elements - {"using":"xpath","value":"//bdi[text()=\"OK\"]"}
RESULT: {"using":"xpath","value":"//bdi[text()=\"OK\"]"}
COMMAND: POST /session/2d5135847e5304f57daa7dc4bdee4d03/elements - {"using":"xpath","value":"//bdi[text()=\"OK\"]"}
RESULT: {"using":"xpath","value":"//bdi[text()=\"OK\"]"}
COMMAND: POST /session/2d5135847e5304f57daa7dc4bdee4d03/elements - {"using":"xpath","value":"//bdi[text()=\"OK\"]"}
RESULT: {"using":"xpath","value":"//bdi[text()=\"OK\"]"}
COMMAND: POST /session/2d5135847e5304f57daa7dc4bdee4d03/elements - {"using":"xpath","value":"//bdi[text()=\"OK\"]"}
RESULT: {"using":"xpath","value":"//bdi[text()=\"OK\"]"}
COMMAND: POST /session/2d5135847e5304f57daa7dc4bdee4d03/elements - {"using":"xpath","value":"//bdi[text()=\"OK\"]"}
RESULT: {"using":"xpath","value":"//bdi[text()=\"OK\"]"}
COMMAND: POST /session/2d5135847e5304f57daa7dc4bdee4d03/elements - {"using":"xpath","value":"//bdi[text()=\"OK\"]"}
COMMAND: POST /session/2d5135847e5304f57daa7dc4bdee4d03/execute/async - {"script":"<script> [1562 bytes]","args":[{"selector":{"id":"application-manageresources-display-component---newResourceUnit--TYPE-arrow"},"wdio_ui5_key":"applicationmanageresources-display-component---newResourceUnit--TYPE-arrow"}]}
RESULT: {"using":"xpath","value":"//bdi[text()=\"OK\"]"}
RESULT: {"script":"<script> [1562 bytes]","args":[{"selector":{"id":"application-manageresources-display-component---newResourceUnit--TYPE-arrow"},"wdio_ui5_key":"applicationmanageresources-display-component---newResourceUnit--TYPE-arrow"}]}
RESULT: undefined
COMMAND: POST /session/2d5135847e5304f57daa7dc4bdee4d03/element - {"using":"xpath","value":"//*[@id=\"application-manageresources-display-component---newResourceUnit--TYPE-arrow\"]"}
RESULT: {"using":"xpath","value":"//*[@id=\"application-manageresources-display-component---newResourceUnit--TYPE-arrow\"]"}
COMMAND: POST /session/2d5135847e5304f57daa7dc4bdee4d03/element/f.C9F7354B4C3623E4DF2D19FF41AB4D20.d.535CA4E7EE3E819655A417805532AB19.e.7072/click - {}
RESULT: {}
COMMAND: POST /session/2d5135847e5304f57daa7dc4bdee4d03/execute/async - {"script":"<script> [1562 bytes]","args":[{"selector":{"controlType":"sap.m.StandardListItem","viewName":"reusables.view.manageresources.NewResourceUnit","viewId":"application-manageresources-display-component---newResourceUnit","properties":{"title":"Material"},"searchOpenDialogs":true,"interaction":{"idSuffix":"titleText"}},"wdio_ui5_key":"reusablesview.manageresources.NewResourceUnitsap.m.StandardListItem{\"title\":\"Material\"}"}]}
COMMAND: GET /session/2d5135847e5304f57daa7dc4bdee4d03/screenshot - {}
RESULT: {"script":"<script> [1562 bytes]","args":[{"selector":{"controlType":"sap.m.StandardListItem","viewName":"reusables.view.manageresources.NewResourceUnit","viewId":"application-manageresources-display-component---newResourceUnit","properties":{"title":"Material"},"searchOpenDialogs":true,"interaction":{"idSuffix":"titleText"}},"wdio_ui5_key":"reusablesview.manageresources.NewResourceUnitsap.m.StandardListItem{\"title\":\"Material\"}"}]}
RESULT: undefined
COMMAND: POST /session/2d5135847e5304f57daa7dc4bdee4d03/element - {"using":"xpath","value":"//*[@id=\"__item142\"]"}
RESULT: {}
RESULT: {"using":"xpath","value":"//*[@id=\"__item142\"]"}
COMMAND: POST /session/2d5135847e5304f57daa7dc4bdee4d03/element/f.C9F7354B4C3623E4DF2D19FF41AB4D20.d.535CA4E7EE3E819655A417805532AB19.e.7075/click - {}
RESULT: {}
COMMAND: POST /session/2d5135847e5304f57daa7dc4bdee4d03/execute/async - {"script":"<script> [1562 bytes]","args":[{"selector":{"id":"application-manageresources-display-component---newResourceUnit--SHORT_TEXT","interaction":{"idSuffix":"inner"}},"wdio_ui5_key":"applicationmanageresources-display-component---newResourceUnit--SHORT_TEXT"}]}
COMMAND: GET /session/2d5135847e5304f57daa7dc4bdee4d03/screenshot - {}
RESULT: {"script":"<script> [1562 bytes]","args":[{"selector":{"id":"application-manageresources-display-component---newResourceUnit--SHORT_TEXT","interaction":{"idSuffix":"inner"}},"wdio_ui5_key":"applicationmanageresources-display-component---newResourceUnit--SHORT_TEXT"}]}
RESULT: undefined
COMMAND: POST /session/2d5135847e5304f57daa7dc4bdee4d03/execute/async - {"script":"<script> [776 bytes]","args":[{"enterText":"WebdriverWHM_RU R2Cvvphql","selector":{"id":"application-manageresources-display-component---newResourceUnit--SHORT_TEXT","interaction":{"idSuffix":"inner"}},"clearTextFirst":true,"interactionType":"ENTER_TEXT"}]}
RESULT: {}
RESULT: {"script":"<script> [776 bytes]","args":[{"enterText":"WebdriverWHM_RU R2Cvvphql","selector":{"id":"application-manageresources-display-component---newResourceUnit--SHORT_TEXT","interaction":{"idSuffix":"inner"}},"clearTextFirst":true,"interactionType":"ENTER_TEXT"}]}
COMMAND: POST /session/2d5135847e5304f57daa7dc4bdee4d03/execute/async - {"script":"<script> [1562 bytes]","args":[{"selector":{"id":"application-manageresources-display-component---newResourceUnit--BASE_UNIT_OF_MEASURE-arrow"},"wdio_ui5_key":"applicationmanageresources-display-component---newResourceUnit--BASE_UNIT_OF_MEASURE-arrow"}]}
RESULT: {"script":"<script> [1562 bytes]","args":[{"selector":{"id":"application-manageresources-display-component---newResourceUnit--BASE_UNIT_OF_MEASURE-arrow"},"wdio_ui5_key":"applicationmanageresources-display-component---newResourceUnit--BASE_UNIT_OF_MEASURE-arrow"}]}
RESULT: undefined
COMMAND: POST /session/2d5135847e5304f57daa7dc4bdee4d03/element - {"using":"xpath","value":"//*[@id=\"application-manageresources-display-component---newResourceUnit--BASE_UNIT_OF_MEASURE-arrow\"]"}
RESULT: {"using":"xpath","value":"//*[@id=\"application-manageresources-display-component---newResourceUnit--BASE_UNIT_OF_MEASURE-arrow\"]"}
COMMAND: POST /session/2d5135847e5304f57daa7dc4bdee4d03/element/f.C9F7354B4C3623E4DF2D19FF41AB4D20.d.535CA4E7EE3E819655A417805532AB19.e.7131/click - {}
RESULT: {}
COMMAND: POST /session/2d5135847e5304f57daa7dc4bdee4d03/execute/async - {"script":"<script> [1562 bytes]","args":[{"selector":{"controlType":"sap.m.StandardListItem","viewName":"reusables.view.manageresources.NewResourceUnit","viewId":"application-manageresources-display-component---newResourceUnit","properties":{"title":"Piece"},"searchOpenDialogs":true,"interaction":{"idSuffix":"content"}},"wdio_ui5_key":"reusablesview.manageresources.NewResourceUnitsap.m.StandardListItem{\"title\":\"Piece\"}"}]}
COMMAND: GET /session/2d5135847e5304f57daa7dc4bdee4d03/screenshot - {}
RESULT: {}
RESULT: {"script":"<script> [1562 bytes]","args":[{"selector":{"controlType":"sap.m.StandardListItem","viewName":"reusables.view.manageresources.NewResourceUnit","viewId":"application-manageresources-display-component---newResourceUnit","properties":{"title":"Piece"},"searchOpenDialogs":true,"interaction":{"idSuffix":"content"}},"wdio_ui5_key":"reusablesview.manageresources.NewResourceUnitsap.m.StandardListItem{\"title\":\"Piece\"}"}]}
RESULT: undefined
COMMAND: POST /session/2d5135847e5304f57daa7dc4bdee4d03/element - {"using":"xpath","value":"//*[@id=\"__item184\"]"}
RESULT: {"using":"xpath","value":"//*[@id=\"__item184\"]"}
COMMAND: POST /session/2d5135847e5304f57daa7dc4bdee4d03/element/f.C9F7354B4C3623E4DF2D19FF41AB4D20.d.535CA4E7EE3E819655A417805532AB19.e.7133/click - {}
RESULT: {}
COMMAND: POST /session/2d5135847e5304f57daa7dc4bdee4d03/execute/async - {"script":"<script> [1562 bytes]","args":[{"selector":{"id":"application-manageresources-display-component---newResourceUnit--WEIGHT_UNIT-arrow"},"wdio_ui5_key":"applicationmanageresources-display-component---newResourceUnit--WEIGHT_UNIT-arrow"}]}
COMMAND: GET /session/2d5135847e5304f57daa7dc4bdee4d03/screenshot - {}
RESULT: {"script":"<script> [1562 bytes]","args":[{"selector":{"id":"application-manageresources-display-component---newResourceUnit--WEIGHT_UNIT-arrow"},"wdio_ui5_key":"applicationmanageresources-display-component---newResourceUnit--WEIGHT_UNIT-arrow"}]}
RESULT: undefined
COMMAND: POST /session/2d5135847e5304f57daa7dc4bdee4d03/element - {"using":"xpath","value":"//*[@id=\"application-manageresources-display-component---newResourceUnit--WEIGHT_UNIT-arrow\"]"}
RESULT: {}
RESULT: {"using":"xpath","value":"//*[@id=\"application-manageresources-display-component---newResourceUnit--WEIGHT_UNIT-arrow\"]"}
COMMAND: POST /session/2d5135847e5304f57daa7dc4bdee4d03/element/f.C9F7354B4C3623E4DF2D19FF41AB4D20.d.535CA4E7EE3E819655A417805532AB19.e.7134/click - {}
RESULT: {}
COMMAND: POST /session/2d5135847e5304f57daa7dc4bdee4d03/execute/async - {"script":"<script> [1562 bytes]","args":[{"selector":{"controlType":"sap.m.StandardListItem","viewName":"reusables.view.manageresources.NewResourceUnit","viewId":"application-manageresources-display-component---newResourceUnit","properties":{"title":"Gram"},"searchOpenDialogs":true,"interaction":{"idSuffix":"content"}},"wdio_ui5_key":"reusablesview.manageresources.NewResourceUnitsap.m.StandardListItem{\"title\":\"Gram\"}"}]}
COMMAND: GET /session/2d5135847e5304f57daa7dc4bdee4d03/screenshot - {}
RESULT: {"script":"<script> [1562 bytes]","args":[{"selector":{"controlType":"sap.m.StandardListItem","viewName":"reusables.view.manageresources.NewResourceUnit","viewId":"application-manageresources-display-component---newResourceUnit","properties":{"title":"Gram"},"searchOpenDialogs":true,"interaction":{"idSuffix":"content"}},"wdio_ui5_key":"reusablesview.manageresources.NewResourceUnitsap.m.StandardListItem{\"title\":\"Gram\"}"}]}
RESULT: undefined
COMMAND: POST /session/2d5135847e5304f57daa7dc4bdee4d03/element - {"using":"xpath","value":"//*[@id=\"__item249\"]"}
RESULT: {}
RESULT: {"using":"xpath","value":"//*[@id=\"__item249\"]"}
COMMAND: POST /session/2d5135847e5304f57daa7dc4bdee4d03/element/f.C9F7354B4C3623E4DF2D19FF41AB4D20.d.535CA4E7EE3E819655A417805532AB19.e.7136/click - {}
RESULT: {}
COMMAND: GET /session/2d5135847e5304f57daa7dc4bdee4d03/screenshot - {}
RESULT: {}
COMMAND: POST /session/2d5135847e5304f57daa7dc4bdee4d03/execute/async - {"script":"<script> [1562 bytes]","args":[{"selector":{"id":"application-manageresources-display-component---newResourceUnit--newRRUPage-OPHeaderContent-collapseBtn-img"},"wdio_ui5_key":"applicationmanageresources-display-component---newResourceUnit--newRRUPage-OPHeaderContent-collapseBtn-img"}]}
RESULT: {"script":"<script> [1562 bytes]","args":[{"selector":{"id":"application-manageresources-display-component---newResourceUnit--newRRUPage-OPHeaderContent-collapseBtn-img"},"wdio_ui5_key":"applicationmanageresources-display-component---newResourceUnit--newRRUPage-OPHeaderContent-collapseBtn-img"}]}
RESULT: undefined
COMMAND: POST /session/2d5135847e5304f57daa7dc4bdee4d03/element - {"using":"xpath","value":"//*[@id=\"application-manageresources-display-component---newResourceUnit--newRRUPage-OPHeaderContent-collapseBtn-img\"]"}
RESULT: {"using":"xpath","value":"//*[@id=\"application-manageresources-display-component---newResourceUnit--newRRUPage-OPHeaderContent-collapseBtn-img\"]"}
COMMAND: POST /session/2d5135847e5304f57daa7dc4bdee4d03/element/f.C9F7354B4C3623E4DF2D19FF41AB4D20.d.535CA4E7EE3E819655A417805532AB19.e.7083/click - {}
RESULT: {}
COMMAND: GET /session/2d5135847e5304f57daa7dc4bdee4d03/screenshot - {}
RESULT: {}
COMMAND: POST /session/2d5135847e5304f57daa7dc4bdee4d03/element - {"using":"xpath","value":"(//span[contains(@id ,\"application-manageresources-display-component---newResourceUnit--DIMENSION_UNIT-arrow\")])[1]"}
RESULT: {"using":"xpath","value":"(//span[contains(@id ,\"application-manageresources-display-component---newResourceUnit--DIMENSION_UNIT-arrow\")])[1]"}
COMMAND: POST /session/2d5135847e5304f57daa7dc4bdee4d03/element/f.C9F7354B4C3623E4DF2D19FF41AB4D20.d.535CA4E7EE3E819655A417805532AB19.e.7142/click - {}
RESULT: {}
COMMAND: GET /session/2d5135847e5304f57daa7dc4bdee4d03/screenshot - {}
RESULT: {}
COMMAND: POST /session/2d5135847e5304f57daa7dc4bdee4d03/execute/async - {"script":"<script> [1562 bytes]","args":[{"selector":{"controlType":"sap.m.StandardListItem","viewName":"reusables.view.manageresources.NewResourceUnit","viewId":"application-manageresources-display-component---newResourceUnit","properties":{"title":"Centimeter"},"searchOpenDialogs":true,"interaction":{"idSuffix":"titleText"}},"wdio_ui5_key":"reusablesview.manageresources.NewResourceUnitsap.m.StandardListItem{\"title\":\"Centimeter\"}"}]}
RESULT: {"script":"<script> [1562 bytes]","args":[{"selector":{"controlType":"sap.m.StandardListItem","viewName":"reusables.view.manageresources.NewResourceUnit","viewId":"application-manageresources-display-component---newResourceUnit","properties":{"title":"Centimeter"},"searchOpenDialogs":true,"interaction":{"idSuffix":"titleText"}},"wdio_ui5_key":"reusablesview.manageresources.NewResourceUnitsap.m.StandardListItem{\"title\":\"Centimeter\"}"}]}
RESULT: undefined
COMMAND: POST /session/2d5135847e5304f57daa7dc4bdee4d03/element - {"using":"xpath","value":"//*[@id=\"__item252\"]"}
RESULT: {"using":"xpath","value":"//*[@id=\"__item252\"]"}
COMMAND: POST /session/2d5135847e5304f57daa7dc4bdee4d03/element/f.C9F7354B4C3623E4DF2D19FF41AB4D20.d.535CA4E7EE3E819655A417805532AB19.e.7144/click - {}
RESULT: {}
COMMAND: GET /session/2d5135847e5304f57daa7dc4bdee4d03/screenshot - {}
RESULT: {}
COMMAND: POST /session/2d5135847e5304f57daa7dc4bdee4d03/execute/async - {"script":"<script> [1562 bytes]","args":[{"selector":{"id":"application-manageresources-display-component---newResourceUnit--newRRUPage-anchBar-application-manageresources-display-component---newResourceUnit--reference-anchor","interaction":{"idSuffix":"BDI-content"}},"wdio_ui5_key":"applicationmanageresources-display-component---newResourceUnit--newRRUPage-anchBar-application-manageresources-display-component---newResourceUnit--reference-anchor"}]}
RESULT: {"script":"<script> [1562 bytes]","args":[{"selector":{"id":"application-manageresources-display-component---newResourceUnit--newRRUPage-anchBar-application-manageresources-display-component---newResourceUnit--reference-anchor","interaction":{"idSuffix":"BDI-content"}},"wdio_ui5_key":"applicationmanageresources-display-component---newResourceUnit--newRRUPage-anchBar-application-manageresources-display-component---newResourceUnit--reference-anchor"}]}
RESULT: undefined
COMMAND: POST /session/2d5135847e5304f57daa7dc4bdee4d03/element - {"using":"xpath","value":"//*[@id=\"application-manageresources-display-component---newResourceUnit--newRRUPage-anchBar-application-manageresources-display-component---newResourceUnit--reference-anchor\"]"}
RESULT: {"using":"xpath","value":"//*[@id=\"application-manageresources-display-component---newResourceUnit--newRRUPage-anchBar-application-manageresources-display-component---newResourceUnit--reference-anchor\"]"}
COMMAND: POST /session/2d5135847e5304f57daa7dc4bdee4d03/element/f.C9F7354B4C3623E4DF2D19FF41AB4D20.d.535CA4E7EE3E819655A417805532AB19.e.7146/click - {}
RESULT: {}
COMMAND: POST /session/2d5135847e5304f57daa7dc4bdee4d03/execute/async - {"script":"<script> [1562 bytes]","args":[{"selector":{"id":"application-manageresources-display-component---newResourceUnit--PLANNING_GROUP-arrow"},"wdio_ui5_key":"applicationmanageresources-display-component---newResourceUnit--PLANNING_GROUP-arrow"}]}
COMMAND: GET /session/2d5135847e5304f57daa7dc4bdee4d03/screenshot - {}
RESULT: {"script":"<script> [1562 bytes]","args":[{"selector":{"id":"application-manageresources-display-component---newResourceUnit--PLANNING_GROUP-arrow"},"wdio_ui5_key":"applicationmanageresources-display-component---newResourceUnit--PLANNING_GROUP-arrow"}]}
RESULT: undefined
COMMAND: POST /session/2d5135847e5304f57daa7dc4bdee4d03/element - {"using":"xpath","value":"//*[@id=\"application-manageresources-display-component---newResourceUnit--PLANNING_GROUP-arrow\"]"}
RESULT: {}
RESULT: {"using":"xpath","value":"//*[@id=\"application-manageresources-display-component---newResourceUnit--PLANNING_GROUP-arrow\"]"}
COMMAND: POST /session/2d5135847e5304f57daa7dc4bdee4d03/element/f.C9F7354B4C3623E4DF2D19FF41AB4D20.d.535CA4E7EE3E819655A417805532AB19.e.7150/click - {}
RESULT: {}
COMMAND: POST /session/2d5135847e5304f57daa7dc4bdee4d03/execute/async - {"script":"<script> [1562 bytes]","args":[{"selector":{"controlType":"sap.m.StandardListItem","viewName":"reusables.view.manageresources.NewResourceUnit","viewId":"application-manageresources-display-component---newResourceUnit","properties":{"title":"Heavy Equi"},"searchOpenDialogs":true,"interaction":{"idSuffix":"content"}},"wdio_ui5_key":"reusablesview.manageresources.NewResourceUnitsap.m.StandardListItem{\"title\":\"Heavy Equi\"}"}]}
COMMAND: GET /session/2d5135847e5304f57daa7dc4bdee4d03/screenshot - {}
RESULT: {"script":"<script> [1562 bytes]","args":[{"selector":{"controlType":"sap.m.StandardListItem","viewName":"reusables.view.manageresources.NewResourceUnit","viewId":"application-manageresources-display-component---newResourceUnit","properties":{"title":"Heavy Equi"},"searchOpenDialogs":true,"interaction":{"idSuffix":"content"}},"wdio_ui5_key":"reusablesview.manageresources.NewResourceUnitsap.m.StandardListItem{\"title\":\"Heavy Equi\"}"}]}
RESULT: undefined
COMMAND: POST /session/2d5135847e5304f57daa7dc4bdee4d03/element - {"using":"xpath","value":"//*[@id=\"__item260\"]"}
RESULT: {}
RESULT: {"using":"xpath","value":"//*[@id=\"__item260\"]"}
COMMAND: POST /session/2d5135847e5304f57daa7dc4bdee4d03/element/f.C9F7354B4C3623E4DF2D19FF41AB4D20.d.535CA4E7EE3E819655A417805532AB19.e.7152/click - {}
RESULT: {}
COMMAND: GET /session/2d5135847e5304f57daa7dc4bdee4d03/screenshot - {}
RESULT: {}
COMMAND: POST /session/2d5135847e5304f57daa7dc4bdee4d03/execute/async - {"script":"<script> [1562 bytes]","args":[{"selector":{"id":"application-manageresources-display-component---newResourceUnit--PLANNING_INDICATOR-arrow"},"wdio_ui5_key":"applicationmanageresources-display-component---newResourceUnit--PLANNING_INDICATOR-arrow"}]}
RESULT: {"script":"<script> [1562 bytes]","args":[{"selector":{"id":"application-manageresources-display-component---newResourceUnit--PLANNING_INDICATOR-arrow"},"wdio_ui5_key":"applicationmanageresources-display-component---newResourceUnit--PLANNING_INDICATOR-arrow"}]}
RESULT: undefined
COMMAND: POST /session/2d5135847e5304f57daa7dc4bdee4d03/element - {"using":"xpath","value":"//*[@id=\"application-manageresources-display-component---newResourceUnit--PLANNING_INDICATOR-arrow\"]"}
RESULT: {"using":"xpath","value":"//*[@id=\"application-manageresources-display-component---newResourceUnit--PLANNING_INDICATOR-arrow\"]"}
COMMAND: POST /session/2d5135847e5304f57daa7dc4bdee4d03/element/f.C9F7354B4C3623E4DF2D19FF41AB4D20.d.535CA4E7EE3E819655A417805532AB19.e.7153/click - {}
RESULT: {}
COMMAND: POST /session/2d5135847e5304f57daa7dc4bdee4d03/execute/async - {"script":"<script> [1562 bytes]","args":[{"selector":{"controlType":"sap.m.StandardListItem","viewName":"reusables.view.manageresources.NewResourceUnit","viewId":"application-manageresources-display-component---newResourceUnit","properties":{"title":"10 - infinite"},"searchOpenDialogs":true,"interaction":{"idSuffix":"content"}},"wdio_ui5_key":"reusablesview.manageresources.NewResourceUnitsap.m.StandardListItem{\"title\":\"10 - infinite\"}"}]}
COMMAND: GET /session/2d5135847e5304f57daa7dc4bdee4d03/screenshot - {}
RESULT: {"script":"<script> [1562 bytes]","args":[{"selector":{"controlType":"sap.m.StandardListItem","viewName":"reusables.view.manageresources.NewResourceUnit","viewId":"application-manageresources-display-component---newResourceUnit","properties":{"title":"10 - infinite"},"searchOpenDialogs":true,"interaction":{"idSuffix":"content"}},"wdio_ui5_key":"reusablesview.manageresources.NewResourceUnitsap.m.StandardListItem{\"title\":\"10 - infinite\"}"}]}
RESULT: undefined
COMMAND: POST /session/2d5135847e5304f57daa7dc4bdee4d03/element - {"using":"xpath","value":"//*[@id=\"__item270\"]"}
RESULT: {}
RESULT: {"using":"xpath","value":"//*[@id=\"__item270\"]"}
COMMAND: POST /session/2d5135847e5304f57daa7dc4bdee4d03/element/f.C9F7354B4C3623E4DF2D19FF41AB4D20.d.535CA4E7EE3E819655A417805532AB19.e.7155/click - {}
RESULT: {}
COMMAND: GET /session/2d5135847e5304f57daa7dc4bdee4d03/screenshot - {}
RESULT: {}
COMMAND: POST /session/2d5135847e5304f57daa7dc4bdee4d03/element - {"using":"xpath","value":"//bdi[contains(text(), \"Time Segment\")]"}
RESULT: {"using":"xpath","value":"//bdi[contains(text(), \"Time Segment\")]"}
COMMAND: GET /session/2d5135847e5304f57daa7dc4bdee4d03/element/f.C9F7354B4C3623E4DF2D19FF41AB4D20.d.535CA4E7EE3E819655A417805532AB19.e.7156/rect - {}
RESULT: {}
COMMAND: GET /session/2d5135847e5304f57daa7dc4bdee4d03/window/rect - {}
RESULT: {}
COMMAND: POST /session/2d5135847e5304f57daa7dc4bdee4d03/execute/sync - {"script":"<script> [92 bytes]","args":[]}
RESULT: {"script":"<script> [92 bytes]","args":[]}
COMMAND: POST /session/2d5135847e5304f57daa7dc4bdee4d03/actions - {"actions":[{"id":"action19","type":"wheel","parameters":{},"actions":[{"type":"scroll","x":-1804,"y":-21,"deltaX":0,"deltaY":0,"duration":0,"origin":{"element-6066-11e4-a52e-4f735466cecf":"f.C9F7354B4C3623E4DF2D19FF41AB4D20.d.535CA4E7EE3E819655A417805532AB19.e.7156"}}]}]}
COMMAND: GET /session/2d5135847e5304f57daa7dc4bdee4d03/screenshot - {}
RESULT: {}
COMMAND: POST /session/2d5135847e5304f57daa7dc4bdee4d03/execute/sync - {"script":"<script> [79 bytes]","args":[{"element-6066-11e4-a52e-4f735466cecf":"f.C9F7354B4C3623E4DF2D19FF41AB4D20.d.535CA4E7EE3E819655A417805532AB19.e.7156","ELEMENT":"f.C9F7354B4C3623E4DF2D19FF41AB4D20.d.535CA4E7EE3E819655A417805532AB19.e.7156"},{"block":"start","inline":"nearest"}]}
RESULT: {"script":"<script> [79 bytes]","args":[{"element-6066-11e4-a52e-4f735466cecf":"f.C9F7354B4C3623E4DF2D19FF41AB4D20.d.535CA4E7EE3E819655A417805532AB19.e.7156","ELEMENT":"f.C9F7354B4C3623E4DF2D19FF41AB4D20.d.535CA4E7EE3E819655A417805532AB19.e.7156"},{"block":"start","inline":"nearest"}]}
COMMAND: GET /session/2d5135847e5304f57daa7dc4bdee4d03/screenshot - {}
RESULT: {}
COMMAND: POST /session/2d5135847e5304f57daa7dc4bdee4d03/element - {"using":"xpath","value":"//span[@id=\"application-manageresources-display-component---newResourceUnit--btnAddTimeSegment-img\"]"}
RESULT: {"using":"xpath","value":"//span[@id=\"application-manageresources-display-component---newResourceUnit--btnAddTimeSegment-img\"]"}
COMMAND: POST /session/2d5135847e5304f57daa7dc4bdee4d03/execute/sync - {"script":"<script> [8489 bytes]","args":[{"element-6066-11e4-a52e-4f735466cecf":"f.C9F7354B4C3623E4DF2D19FF41AB4D20.d.535CA4E7EE3E819655A417805532AB19.e.7159","ELEMENT":"f.C9F7354B4C3623E4DF2D19FF41AB4D20.d.535CA4E7EE3E819655A417805532AB19.e.7159"}]}
RESULT: {"script":"<script> [8489 bytes]","args":[{"element-6066-11e4-a52e-4f735466cecf":"f.C9F7354B4C3623E4DF2D19FF41AB4D20.d.535CA4E7EE3E819655A417805532AB19.e.7159","ELEMENT":"f.C9F7354B4C3623E4DF2D19FF41AB4D20.d.535CA4E7EE3E819655A417805532AB19.e.7159"}]}
COMMAND: POST /session/2d5135847e5304f57daa7dc4bdee4d03/element/f.C9F7354B4C3623E4DF2D19FF41AB4D20.d.535CA4E7EE3E819655A417805532AB19.e.7159/click - {}
COMMAND: GET /session/2d5135847e5304f57daa7dc4bdee4d03/screenshot - {}
RESULT: {}
COMMAND: GET /session/2d5135847e5304f57daa7dc4bdee4d03/screenshot - {}
COMMAND: POST /session/2d5135847e5304f57daa7dc4bdee4d03/element - {"using":"xpath","value":"//input[@id=\"application-manageresources-display-component---newResourceUnit--idRuTSAdmin-application-manageresources-display-component---newResourceUnit--RUTimeSegment-0-inner\"]"}
RESULT: {}
RESULT: {}
RESULT: {"using":"xpath","value":"//input[@id=\"application-manageresources-display-component---newResourceUnit--idRuTSAdmin-application-manageresources-display-component---newResourceUnit--RUTimeSegment-0-inner\"]"}
COMMAND: POST /session/2d5135847e5304f57daa7dc4bdee4d03/element/f.C9F7354B4C3623E4DF2D19FF41AB4D20.d.535CA4E7EE3E819655A417805532AB19.e.7162/clear - {}
RESULT: {}
COMMAND: POST /session/2d5135847e5304f57daa7dc4bdee4d03/element/f.C9F7354B4C3623E4DF2D19FF41AB4D20.d.535CA4E7EE3E819655A417805532AB19.e.7162/value - {"text":"515"}
COMMAND: GET /session/2d5135847e5304f57daa7dc4bdee4d03/screenshot - {}
RESULT: {"text":"515"}
COMMAND: GET /session/2d5135847e5304f57daa7dc4bdee4d03/screenshot - {}
RESULT: {}
RESULT: {}
COMMAND: POST /session/2d5135847e5304f57daa7dc4bdee4d03/actions - {"actions":[{"id":"action20","type":"key","parameters":{},"actions":[{"type":"keyDown","value":"î€‡"},{"type":"pause","duration":10},{"type":"keyUp","value":"î€‡"}]}]}
RESULT: {"actions":[{"id":"action20","type":"key","parameters":{},"actions":[{"type":"keyDown","value":"î€‡"},{"type":"pause","duration":10},{"type":"keyUp","value":"î€‡"}]}]}
COMMAND: POST /session/2d5135847e5304f57daa7dc4bdee4d03/execute/async - {"script":"<script> [1562 bytes]","args":[{"selector":{"controlType":"sap.m.Button","viewName":"reusables.view.manageresources.NewResourceUnit","viewId":"application-manageresources-display-component---newResourceUnit","i18NText":{"propertyName":"tooltip","key":"save"},"interaction":{"idSuffix":"BDI-content"}},"wdio_ui5_key":"reusablesview.manageresources.NewResourceUnitsap.m.Button{\"propertyName\":\"tooltip\",\"key\":\"save\"}"}]}
COMMAND: GET /session/2d5135847e5304f57daa7dc4bdee4d03/screenshot - {}
RESULT: {"script":"<script> [1562 bytes]","args":[{"selector":{"controlType":"sap.m.Button","viewName":"reusables.view.manageresources.NewResourceUnit","viewId":"application-manageresources-display-component---newResourceUnit","i18NText":{"propertyName":"tooltip","key":"save"},"interaction":{"idSuffix":"BDI-content"}},"wdio_ui5_key":"reusablesview.manageresources.NewResourceUnitsap.m.Button{\"propertyName\":\"tooltip\",\"key\":\"save\"}"}]}
RESULT: undefined
COMMAND: POST /session/2d5135847e5304f57daa7dc4bdee4d03/element - {"using":"xpath","value":"//*[@id=\"application-manageresources-display-component---newResourceUnit--createRuButton\"]"}
RESULT: {}
RESULT: {"using":"xpath","value":"//*[@id=\"application-manageresources-display-component---newResourceUnit--createRuButton\"]"}
COMMAND: POST /session/2d5135847e5304f57daa7dc4bdee4d03/element/f.C9F7354B4C3623E4DF2D19FF41AB4D20.d.535CA4E7EE3E819655A417805532AB19.e.7089/click - {}
RESULT: {}
COMMAND: GET /session/2d5135847e5304f57daa7dc4bdee4d03/screenshot - {}
RESULT: {}
COMMAND: POST /session/2d5135847e5304f57daa7dc4bdee4d03/execute/async - {"script":"<script> [1562 bytes]","args":[{"selector":{"controlType":"sap.m.Title","properties":{"text":"Success"},"searchOpenDialogs":true},"wdio_ui5_key":"sapm.Title{\"text\":\"Success\"}"}]}
RESULT: {"script":"<script> [1562 bytes]","args":[{"selector":{"controlType":"sap.m.Title","properties":{"text":"Success"},"searchOpenDialogs":true},"wdio_ui5_key":"sapm.Title{\"text\":\"Success\"}"}]}
RESULT: undefined
COMMAND: POST /session/2d5135847e5304f57daa7dc4bdee4d03/execute/async - {"script":"<script> [6424 bytes]","args":[{"element-6066-11e4-a52e-4f735466cecf":"f.C9F7354B4C3623E4DF2D19FF41AB4D20.d.535CA4E7EE3E819655A417805532AB19.e.7177"},"getText",[]]}
RESULT: {"script":"<script> [6424 bytes]","args":[{"element-6066-11e4-a52e-4f735466cecf":"f.C9F7354B4C3623E4DF2D19FF41AB4D20.d.535CA4E7EE3E819655A417805532AB19.e.7177"},"getText",[]]}
COMMAND: POST /session/2d5135847e5304f57daa7dc4bdee4d03/element - {"using":"xpath","value":"//*[contains(@id, '__text') and (contains(text(), 'successfully created') or contains(., 'successfully created'))]"}
RESULT: {"using":"xpath","value":"//*[contains(@id, '__text') and (contains(text(), 'successfully created') or contains(., 'successfully created'))]"}
COMMAND: GET /session/2d5135847e5304f57daa7dc4bdee4d03/element/f.C9F7354B4C3623E4DF2D19FF41AB4D20.d.535CA4E7EE3E819655A417805532AB19.e.7176/text - {}
RESULT: {}
COMMAND: POST /session/2d5135847e5304f57daa7dc4bdee4d03/execute/async - {"script":"<script> [1562 bytes]","args":[{"selector":{"controlType":"sap.m.Button","properties":{"text":"Close"},"searchOpenDialogs":true,"interaction":{"idSuffix":"BDI-content"}},"wdio_ui5_key":"sapm.Button{\"text\":\"Close\"}"}]}
RESULT: {"script":"<script> [1562 bytes]","args":[{"selector":{"controlType":"sap.m.Button","properties":{"text":"Close"},"searchOpenDialogs":true,"interaction":{"idSuffix":"BDI-content"}},"wdio_ui5_key":"sapm.Button{\"text\":\"Close\"}"}]}
RESULT: undefined
COMMAND: POST /session/2d5135847e5304f57daa7dc4bdee4d03/element - {"using":"xpath","value":"//*[@id=\"__mbox-btn-0\"]"}
RESULT: {"using":"xpath","value":"//*[@id=\"__mbox-btn-0\"]"}
COMMAND: POST /session/2d5135847e5304f57daa7dc4bdee4d03/element/f.C9F7354B4C3623E4DF2D19FF41AB4D20.d.535CA4E7EE3E819655A417805532AB19.e.7173/click - {}
RESULT: {}
COMMAND: GET /session/2d5135847e5304f57daa7dc4bdee4d03/screenshot - {}
RESULT: {}
COMMAND: POST /session/2d5135847e5304f57daa7dc4bdee4d03/execute/async - {"script":"<script> [1562 bytes]","args":[{"selector":{"controlType":"sap.ui.core.Icon","viewName":"etm.portal.ui.manageresources.view.Detail","viewId":"application-manageresources-display-component---detailRU","properties":{"src":{"regex":{"source":"overflow"}}}},"wdio_ui5_key":"etmportal.ui.manageresources.view.Detailsap.ui.core.Icon{\"src\":{\"regex\":{\"source\":\"overflow\"}}}"}]}
RESULT: {"script":"<script> [1562 bytes]","args":[{"selector":{"controlType":"sap.ui.core.Icon","viewName":"etm.portal.ui.manageresources.view.Detail","viewId":"application-manageresources-display-component---detailRU","properties":{"src":{"regex":{"source":"overflow"}}}},"wdio_ui5_key":"etmportal.ui.manageresources.view.Detailsap.ui.core.Icon{\"src\":{\"regex\":{\"source\":\"overflow\"}}}"}]}
RESULT: undefined
COMMAND: POST /session/2d5135847e5304f57daa7dc4bdee4d03/element - {"using":"xpath","value":"//*[@id=\"__title14-_actionsToolbar-overflowButton-img\"]"}
RESULT: {"using":"xpath","value":"//*[@id=\"__title14-_actionsToolbar-overflowButton-img\"]"}
COMMAND: POST /session/2d5135847e5304f57daa7dc4bdee4d03/element/f.C9F7354B4C3623E4DF2D19FF41AB4D20.d.535CA4E7EE3E819655A417805532AB19.e.7208/click - {}
RESULT: {}
COMMAND: POST /session/2d5135847e5304f57daa7dc4bdee4d03/execute/async - {"script":"<script> [1562 bytes]","args":[{"selector":{"controlType":"sap.m.Button","viewName":"etm.portal.ui.manageresources.view.Detail","viewId":"application-manageresources-display-component---detailRU","i18NText":{"propertyName":"tooltip","key":"closeColumn"},"searchOpenDialogs":true,"interaction":{"idSuffix":"inner"}},"wdio_ui5_key":"etmportal.ui.manageresources.view.Detailsap.m.Button{\"propertyName\":\"tooltip\",\"key\":\"closeColumn\"}"}]}
COMMAND: GET /session/2d5135847e5304f57daa7dc4bdee4d03/screenshot - {}
RESULT: {"script":"<script> [1562 bytes]","args":[{"selector":{"controlType":"sap.m.Button","viewName":"etm.portal.ui.manageresources.view.Detail","viewId":"application-manageresources-display-component---detailRU","i18NText":{"propertyName":"tooltip","key":"closeColumn"},"searchOpenDialogs":true,"interaction":{"idSuffix":"inner"}},"wdio_ui5_key":"etmportal.ui.manageresources.view.Detailsap.m.Button{\"propertyName\":\"tooltip\",\"key\":\"closeColumn\"}"}]}
RESULT: undefined
COMMAND: POST /session/2d5135847e5304f57daa7dc4bdee4d03/element - {"using":"xpath","value":"//*[@id=\"__button39\"]"}
RESULT: {}
RESULT: {"using":"xpath","value":"//*[@id=\"__button39\"]"}
COMMAND: POST /session/2d5135847e5304f57daa7dc4bdee4d03/element/f.C9F7354B4C3623E4DF2D19FF41AB4D20.d.535CA4E7EE3E819655A417805532AB19.e.7210/click - {}
RESULT: {}
COMMAND: POST /session/2d5135847e5304f57daa7dc4bdee4d03/element - {"using":"css selector","value":"#j_username"}
COMMAND: POST /session/2d5135847e5304f57daa7dc4bdee4d03/url - {"url":"https://qa-testing-00-live-etm-ui.cfapps.eu10-004.hana.ondemand.com/"}
COMMAND: GET /session/2d5135847e5304f57daa7dc4bdee4d03/screenshot - {}
RESULT: {"using":"css selector","value":"#j_username"}
COMMAND: POST /session/2d5135847e5304f57daa7dc4bdee4d03/element - {"using":"css selector","value":"#j_username"}
RESULT: {"url":"https://qa-testing-00-live-etm-ui.cfapps.eu10-004.hana.ondemand.com/"}
RESULT: undefined
COMMAND: GET /session/2d5135847e5304f57daa7dc4bdee4d03/screenshot - {}
RESULT: {}
RESULT: {"using":"css selector","value":"#j_username"}
COMMAND: POST /session/2d5135847e5304f57daa7dc4bdee4d03/element - {"using":"css selector","value":"#shell-header-logo"}
RESULT: {}
RESULT: {"using":"css selector","value":"#shell-header-logo"}
COMMAND: POST /session/2d5135847e5304f57daa7dc4bdee4d03/execute/sync - {"script":"<script> [8489 bytes]","args":[{"element-6066-11e4-a52e-4f735466cecf":"f.C9F7354B4C3623E4DF2D19FF41AB4D20.d.6CFB0C83B8929E5E22820894B2C6172A.e.7398","ELEMENT":"f.C9F7354B4C3623E4DF2D19FF41AB4D20.d.6CFB0C83B8929E5E22820894B2C6172A.e.7398"}]}
RESULT: {"script":"<script> [8489 bytes]","args":[{"element-6066-11e4-a52e-4f735466cecf":"f.C9F7354B4C3623E4DF2D19FF41AB4D20.d.6CFB0C83B8929E5E22820894B2C6172A.e.7398","ELEMENT":"f.C9F7354B4C3623E4DF2D19FF41AB4D20.d.6CFB0C83B8929E5E22820894B2C6172A.e.7398"}]}
COMMAND: POST /session/2d5135847e5304f57daa7dc4bdee4d03/element - {"using":"css selector","value":"#shell-header-logo"}
COMMAND: GET /session/2d5135847e5304f57daa7dc4bdee4d03/screenshot - {}
RESULT: {"using":"css selector","value":"#shell-header-logo"}
COMMAND: POST /session/2d5135847e5304f57daa7dc4bdee4d03/execute/sync - {"script":"<script> [8489 bytes]","args":[{"element-6066-11e4-a52e-4f735466cecf":"f.C9F7354B4C3623E4DF2D19FF41AB4D20.d.6CFB0C83B8929E5E22820894B2C6172A.e.7398","ELEMENT":"f.C9F7354B4C3623E4DF2D19FF41AB4D20.d.6CFB0C83B8929E5E22820894B2C6172A.e.7398"}]}
RESULT: {}
RESULT: {"script":"<script> [8489 bytes]","args":[{"element-6066-11e4-a52e-4f735466cecf":"f.C9F7354B4C3623E4DF2D19FF41AB4D20.d.6CFB0C83B8929E5E22820894B2C6172A.e.7398","ELEMENT":"f.C9F7354B4C3623E4DF2D19FF41AB4D20.d.6CFB0C83B8929E5E22820894B2C6172A.e.7398"}]}
COMMAND: POST /session/2d5135847e5304f57daa7dc4bdee4d03/execute/sync - {"script":"<script> [5351 bytes]","args":[{"element-6066-11e4-a52e-4f735466cecf":"f.C9F7354B4C3623E4DF2D19FF41AB4D20.d.6CFB0C83B8929E5E22820894B2C6172A.e.7398","ELEMENT":"f.C9F7354B4C3623E4DF2D19FF41AB4D20.d.6CFB0C83B8929E5E22820894B2C6172A.e.7398"}]}
COMMAND: GET /session/2d5135847e5304f57daa7dc4bdee4d03/screenshot - {}
RESULT: {"script":"<script> [5351 bytes]","args":[{"element-6066-11e4-a52e-4f735466cecf":"f.C9F7354B4C3623E4DF2D19FF41AB4D20.d.6CFB0C83B8929E5E22820894B2C6172A.e.7398","ELEMENT":"f.C9F7354B4C3623E4DF2D19FF41AB4D20.d.6CFB0C83B8929E5E22820894B2C6172A.e.7398"}]}
COMMAND: POST /session/2d5135847e5304f57daa7dc4bdee4d03/element - {"using":"css selector","value":"#shell-header-logo"}
COMMAND: GET /session/2d5135847e5304f57daa7dc4bdee4d03/screenshot - {}
RESULT: {}
RESULT: {"using":"css selector","value":"#shell-header-logo"}
COMMAND: POST /session/2d5135847e5304f57daa7dc4bdee4d03/element/f.C9F7354B4C3623E4DF2D19FF41AB4D20.d.6CFB0C83B8929E5E22820894B2C6172A.e.7398/click - {}
RESULT: {}
RESULT: {}
COMMAND: GET /session/2d5135847e5304f57daa7dc4bdee4d03/screenshot - {}
RESULT: {}
COMMAND: POST /session/2d5135847e5304f57daa7dc4bdee4d03/execute/async - {"script":"<script> [189 bytes]","args":[]}
RESULT: {"script":"<script> [189 bytes]","args":[]}
COMMAND: POST /session/2d5135847e5304f57daa7dc4bdee4d03/execute/async - {"script":"<script> [123 bytes]","args":[]}
RESULT: {"script":"<script> [123 bytes]","args":[]}
COMMAND: POST /session/2d5135847e5304f57daa7dc4bdee4d03/timeouts - {"script":"<number>"}
RESULT: {"script":"<number>"}
COMMAND: GET /session/2d5135847e5304f57daa7dc4bdee4d03/timeouts - {}
RESULT: {}
RESULT: undefined
COMMAND: POST /session/2d5135847e5304f57daa7dc4bdee4d03/execute/async - {"script":"<script> [2676 bytes]","args":[]}
RESULT: {"script":"<script> [2676 bytes]","args":[]}
COMMAND: POST /session/2d5135847e5304f57daa7dc4bdee4d03/execute/async - {"script":"<script> [2342 bytes]","args":[{"protocol":"http","hostname":"0.0.0.0","path":"/","capabilities":{"browserName":"chrome","goog:chromeOptions":{"binary":"C:\\Program Files\\Google\\Chrome\\Application\\chrome.exe","args":["--start-maximized"]}},"logLevel":"warn","connectionRetryTimeout":120000,"connectionRetryCount":3,"logLevels":{},"enableDirectConnect":true,"strictSSL":true,"_":"65 more keys: [\"cacheDir\",\"port\",\"requestedCapabilities\",\"automationProtocol\",\"baseUrl\",\"waitforInterval\",\"waitforTimeout\",\"onReload\",\"beforeCommand\",\"afterCommand\",\"rootDir\",\"specs\",\"suites\",\"exclude\",\"groupLogsByTestSpec\",\"excludeDriverLogs\",\"bail\",\"framework\",\"reporters\",\"services\",\"maxInstances\",\"maxInstancesPerCapability\",\"injectGlobals\",\"filesToWatch\",\"execArgv\",\"runnerEnv\",\"runner\",\"shard\",\"specFileRetries\",\"specFileRetriesDelay\",\"specFileRetriesDeferred\",\"reporterSyncInterval\",\"reporterSyncTimeout\",\"cucumberFeaturesWithLineNumbers\",\"autoCompileOpts\",\"mochaOpts\",\"jasmineOpts\",\"cucumberOpts\",\"onPrepare\",\"onWorkerStart\",\"onWorkerEnd\",\"before\",\"beforeSession\",\"beforeSuite\",\"beforeHook\",\"beforeTest\",\"afterTest\",\"afterHook\",\"afterSuite\",\"afterSession\",\"after\",\"onComplete\",\"beforeAssertion\",\"afterAssertion\",\"beforeFeature\",\"beforeScenario\",\"beforeStep\",\"afterStep\",\"afterScenario\",\"afterFeature\",\"_\",\"suite\",\"$0\",\"ignoredWorkerServices\",\"wdi5\"]"}]}
RESULT: {"script":"<script> [2342 bytes]","args":[{"protocol":"http","hostname":"0.0.0.0","path":"/","capabilities":{"browserName":"chrome","goog:chromeOptions":{"binary":"C:\\Program Files\\Google\\Chrome\\Application\\chrome.exe","args":["--start-maximized"]}},"logLevel":"warn","connectionRetryTimeout":120000,"connectionRetryCount":3,"logLevels":{},"enableDirectConnect":true,"strictSSL":true,"_":"65 more keys: [\"cacheDir\",\"port\",\"requestedCapabilities\",\"automationProtocol\",\"baseUrl\",\"waitforInterval\",\"waitforTimeout\",\"onReload\",\"beforeCommand\",\"afterCommand\",\"rootDir\",\"specs\",\"suites\",\"exclude\",\"groupLogsByTestSpec\",\"excludeDriverLogs\",\"bail\",\"framework\",\"reporters\",\"services\",\"maxInstances\",\"maxInstancesPerCapability\",\"injectGlobals\",\"filesToWatch\",\"execArgv\",\"runnerEnv\",\"runner\",\"shard\",\"specFileRetries\",\"specFileRetriesDelay\",\"specFileRetriesDeferred\",\"reporterSyncInterval\",\"reporterSyncTimeout\",\"cucumberFeaturesWithLineNumbers\",\"autoCompileOpts\",\"mochaOpts\",\"jasmineOpts\",\"cucumberOpts\",\"onPrepare\",\"onWorkerStart\",\"onWorkerEnd\",\"before\",\"beforeSession\",\"beforeSuite\",\"beforeHook\",\"beforeTest\",\"afterTest\",\"afterHook\",\"afterSuite\",\"afterSession\",\"after\",\"onComplete\",\"beforeAssertion\",\"afterAssertion\",\"beforeFeature\",\"beforeScenario\",\"beforeStep\",\"afterStep\",\"afterScenario\",\"afterFeature\",\"_\",\"suite\",\"$0\",\"ignoredWorkerServices\",\"wdi5\"]"}]}
COMMAND: POST /session/2d5135847e5304f57daa7dc4bdee4d03/execute/async - {"script":"<script> [21126 bytes]","args":[35000]}
RESULT: {"script":"<script> [21126 bytes]","args":[35000]}
COMMAND: POST /session/2d5135847e5304f57daa7dc4bdee4d03/window/maximize - {}
RESULT: {}
COMMAND: POST /session/2d5135847e5304f57daa7dc4bdee4d03/execute/async - {"script":"<script> [1562 bytes]","args":[{"selector":{"id":"shell-header","interaction":{"idSuffix":"icon"}},"wdio_ui5_key":"shellheader"}]}
COMMAND: GET /session/2d5135847e5304f57daa7dc4bdee4d03/screenshot - {}
RESULT: {"script":"<script> [1562 bytes]","args":[{"selector":{"id":"shell-header","interaction":{"idSuffix":"icon"}},"wdio_ui5_key":"shellheader"}]}
RESULT: undefined
]]></system-out>
    </testcase>
  </testsuite>
  <testsuite timestamp="2025-05-18T15:37:04" time="277.386" tests="1" failures="0" errors="0" skipped="0">
    <properties>
      <property name="specId" value="0" />
      <property name="suiteName" value="create-equipment" />
      <property name="capabilities" value="chrome.136_0_7103_93.windows" />
      <property name="file" value="file:///D:/a/1/s/test/specs/R2C/create-equipment.spec.js" />
    </properties>
    <testcase classname="chrome.136_0_7103_93.windows.create-equipment" name="create equipment" time="261.221">
      <system-out><![CDATA[
COMMAND: POST /session/2d5135847e5304f57daa7dc4bdee4d03/execute/async - {"script":"<script> [1562 bytes]","args":[{"selector":{"controlType":"sap.m.GenericTile","properties":{"header":"Manage Resources"}},"wdio_ui5_key":"sapm.GenericTile{\"header\":\"Manage Resources\"}"}]}
RESULT: {}
RESULT: {"script":"<script> [1562 bytes]","args":[{"selector":{"controlType":"sap.m.GenericTile","properties":{"header":"Manage Resources"}},"wdio_ui5_key":"sapm.GenericTile{\"header\":\"Manage Resources\"}"}]}
RESULT: undefined
COMMAND: POST /session/2d5135847e5304f57daa7dc4bdee4d03/element - {"using":"xpath","value":"//*[@id=\"__tile31\"]"}
RESULT: {"using":"xpath","value":"//*[@id=\"__tile31\"]"}
COMMAND: POST /session/2d5135847e5304f57daa7dc4bdee4d03/element/f.C9F7354B4C3623E4DF2D19FF41AB4D20.d.6CFB0C83B8929E5E22820894B2C6172A.e.7414/click - {}
RESULT: {}
COMMAND: GET /session/2d5135847e5304f57daa7dc4bdee4d03/screenshot - {}
RESULT: {}
COMMAND: POST /session/2d5135847e5304f57daa7dc4bdee4d03/elements - {"using":"xpath","value":"//span[text()='Error']"}
RESULT: {"using":"xpath","value":"//span[text()='Error']"}
COMMAND: POST /session/2d5135847e5304f57daa7dc4bdee4d03/element - {"using":"xpath","value":"//button[@data-kt=\"addNewRUOverflowToolbarButton\"]"}
RESULT: {"using":"xpath","value":"//button[@data-kt=\"addNewRUOverflowToolbarButton\"]"}
COMMAND: POST /session/2d5135847e5304f57daa7dc4bdee4d03/execute/sync - {"script":"<script> [8489 bytes]","args":[{"element-6066-11e4-a52e-4f735466cecf":"f.C9F7354B4C3623E4DF2D19FF41AB4D20.d.6CFB0C83B8929E5E22820894B2C6172A.e.7549","ELEMENT":"f.C9F7354B4C3623E4DF2D19FF41AB4D20.d.6CFB0C83B8929E5E22820894B2C6172A.e.7549"}]}
RESULT: {"script":"<script> [8489 bytes]","args":[{"element-6066-11e4-a52e-4f735466cecf":"f.C9F7354B4C3623E4DF2D19FF41AB4D20.d.6CFB0C83B8929E5E22820894B2C6172A.e.7549","ELEMENT":"f.C9F7354B4C3623E4DF2D19FF41AB4D20.d.6CFB0C83B8929E5E22820894B2C6172A.e.7549"}]}
COMMAND: POST /session/2d5135847e5304f57daa7dc4bdee4d03/element/f.C9F7354B4C3623E4DF2D19FF41AB4D20.d.6CFB0C83B8929E5E22820894B2C6172A.e.7549/click - {}
COMMAND: GET /session/2d5135847e5304f57daa7dc4bdee4d03/screenshot - {}
RESULT: {}
COMMAND: GET /session/2d5135847e5304f57daa7dc4bdee4d03/screenshot - {}
RESULT: {}
RESULT: {}
COMMAND: POST /session/2d5135847e5304f57daa7dc4bdee4d03/execute/async - {"script":"<script> [1562 bytes]","args":[{"selector":{"controlType":"sap.m.ComboBox","viewName":"reusables.view.manageresources.NewResourceUnit","viewId":"application-manageresources-display-component---newResourceUnit","bindingPath":{"path":"","propertyPath":"/RuTypes","modelName":"catalogModel"},"searchOpenDialogs":true},"wdio_ui5_key":"reusablesview.manageresources.NewResourceUnitsap.m.ComboBox{\"path\":\"\",\"propertyPath\":\"/RuTypes\",\"modelName\":\"catalogModel\"}"}]}
RESULT: {"script":"<script> [1562 bytes]","args":[{"selector":{"controlType":"sap.m.ComboBox","viewName":"reusables.view.manageresources.NewResourceUnit","viewId":"application-manageresources-display-component---newResourceUnit","bindingPath":{"path":"","propertyPath":"/RuTypes","modelName":"catalogModel"},"searchOpenDialogs":true},"wdio_ui5_key":"reusablesview.manageresources.NewResourceUnitsap.m.ComboBox{\"path\":\"\",\"propertyPath\":\"/RuTypes\",\"modelName\":\"catalogModel\"}"}]}
RESULT: undefined
COMMAND: POST /session/2d5135847e5304f57daa7dc4bdee4d03/execute/async - {"script":"<script> [1562 bytes]","args":[{"selector":{"controlType":"sap.m.ComboBox","viewName":"reusables.view.manageresources.NewResourceUnit","viewId":"application-manageresources-display-component---newResourceUnit","bindingPath":{"path":"","propertyPath":"/Yards","modelName":"catalogModel"},"searchOpenDialogs":true},"wdio_ui5_key":"reusablesview.manageresources.NewResourceUnitsap.m.ComboBox{\"path\":\"\",\"propertyPath\":\"/Yards\",\"modelName\":\"catalogModel\"}"}]}
RESULT: {"script":"<script> [1562 bytes]","args":[{"selector":{"controlType":"sap.m.ComboBox","viewName":"reusables.view.manageresources.NewResourceUnit","viewId":"application-manageresources-display-component---newResourceUnit","bindingPath":{"path":"","propertyPath":"/Yards","modelName":"catalogModel"},"searchOpenDialogs":true},"wdio_ui5_key":"reusablesview.manageresources.NewResourceUnitsap.m.ComboBox{\"path\":\"\",\"propertyPath\":\"/Yards\",\"modelName\":\"catalogModel\"}"}]}
RESULT: undefined
COMMAND: POST /session/2d5135847e5304f57daa7dc4bdee4d03/execute/async - {"script":"<script> [1562 bytes]","args":[{"selector":{"controlType":"etm.portal.ui.reusables.customControls.LiveSearchComboBox","viewName":"reusables.view.manageresources.NewResourceUnit","viewId":"application-manageresources-display-component---newResourceUnit","bindingPath":{"path":"","propertyPath":"/CatalogItems","modelName":"catalogModel"},"searchOpenDialogs":true},"wdio_ui5_key":"reusablesview.manageresources.NewResourceUnitetm.portal.ui.reusables.customControls.LiveSearchComboBox{\"path\":\"\",\"propertyPath\":\"/CatalogItems\",\"modelName\":\"catalogModel\"}"}]}
RESULT: {"script":"<script> [1562 bytes]","args":[{"selector":{"controlType":"etm.portal.ui.reusables.customControls.LiveSearchComboBox","viewName":"reusables.view.manageresources.NewResourceUnit","viewId":"application-manageresources-display-component---newResourceUnit","bindingPath":{"path":"","propertyPath":"/CatalogItems","modelName":"catalogModel"},"searchOpenDialogs":true},"wdio_ui5_key":"reusablesview.manageresources.NewResourceUnitetm.portal.ui.reusables.customControls.LiveSearchComboBox{\"path\":\"\",\"propertyPath\":\"/CatalogItems\",\"modelName\":\"catalogModel\"}"}]}
RESULT: undefined
COMMAND: POST /session/2d5135847e5304f57daa7dc4bdee4d03/element - {"using":"xpath","value":"//bdi[text()=\"OK\"]"}
RESULT: {"using":"xpath","value":"//bdi[text()=\"OK\"]"}
COMMAND: POST /session/2d5135847e5304f57daa7dc4bdee4d03/elements - {"using":"xpath","value":"//bdi[text()=\"OK\"]"}
RESULT: {"using":"xpath","value":"//bdi[text()=\"OK\"]"}
COMMAND: POST /session/2d5135847e5304f57daa7dc4bdee4d03/elements - {"using":"xpath","value":"//bdi[text()=\"OK\"]"}
RESULT: {"using":"xpath","value":"//bdi[text()=\"OK\"]"}
COMMAND: POST /session/2d5135847e5304f57daa7dc4bdee4d03/elements - {"using":"xpath","value":"//bdi[text()=\"OK\"]"}
RESULT: {"using":"xpath","value":"//bdi[text()=\"OK\"]"}
COMMAND: POST /session/2d5135847e5304f57daa7dc4bdee4d03/elements - {"using":"xpath","value":"//bdi[text()=\"OK\"]"}
RESULT: {"using":"xpath","value":"//bdi[text()=\"OK\"]"}
COMMAND: POST /session/2d5135847e5304f57daa7dc4bdee4d03/elements - {"using":"xpath","value":"//bdi[text()=\"OK\"]"}
RESULT: {"using":"xpath","value":"//bdi[text()=\"OK\"]"}
COMMAND: POST /session/2d5135847e5304f57daa7dc4bdee4d03/elements - {"using":"xpath","value":"//bdi[text()=\"OK\"]"}
RESULT: {"using":"xpath","value":"//bdi[text()=\"OK\"]"}
COMMAND: POST /session/2d5135847e5304f57daa7dc4bdee4d03/elements - {"using":"xpath","value":"//bdi[text()=\"OK\"]"}
RESULT: {"using":"xpath","value":"//bdi[text()=\"OK\"]"}
COMMAND: POST /session/2d5135847e5304f57daa7dc4bdee4d03/elements - {"using":"xpath","value":"//bdi[text()=\"OK\"]"}
RESULT: {"using":"xpath","value":"//bdi[text()=\"OK\"]"}
COMMAND: POST /session/2d5135847e5304f57daa7dc4bdee4d03/elements - {"using":"xpath","value":"//bdi[text()=\"OK\"]"}
RESULT: {"using":"xpath","value":"//bdi[text()=\"OK\"]"}
COMMAND: POST /session/2d5135847e5304f57daa7dc4bdee4d03/elements - {"using":"xpath","value":"//bdi[text()=\"OK\"]"}
RESULT: {"using":"xpath","value":"//bdi[text()=\"OK\"]"}
COMMAND: POST /session/2d5135847e5304f57daa7dc4bdee4d03/elements - {"using":"xpath","value":"//bdi[text()=\"OK\"]"}
RESULT: {"using":"xpath","value":"//bdi[text()=\"OK\"]"}
COMMAND: POST /session/2d5135847e5304f57daa7dc4bdee4d03/elements - {"using":"xpath","value":"//bdi[text()=\"OK\"]"}
RESULT: {"using":"xpath","value":"//bdi[text()=\"OK\"]"}
COMMAND: POST /session/2d5135847e5304f57daa7dc4bdee4d03/elements - {"using":"xpath","value":"//bdi[text()=\"OK\"]"}
RESULT: {"using":"xpath","value":"//bdi[text()=\"OK\"]"}
COMMAND: POST /session/2d5135847e5304f57daa7dc4bdee4d03/elements - {"using":"xpath","value":"//bdi[text()=\"OK\"]"}
RESULT: {"using":"xpath","value":"//bdi[text()=\"OK\"]"}
COMMAND: POST /session/2d5135847e5304f57daa7dc4bdee4d03/elements - {"using":"xpath","value":"//bdi[text()=\"OK\"]"}
RESULT: {"using":"xpath","value":"//bdi[text()=\"OK\"]"}
COMMAND: POST /session/2d5135847e5304f57daa7dc4bdee4d03/elements - {"using":"xpath","value":"//bdi[text()=\"OK\"]"}
RESULT: {"using":"xpath","value":"//bdi[text()=\"OK\"]"}
COMMAND: POST /session/2d5135847e5304f57daa7dc4bdee4d03/elements - {"using":"xpath","value":"//bdi[text()=\"OK\"]"}
RESULT: {"using":"xpath","value":"//bdi[text()=\"OK\"]"}
COMMAND: POST /session/2d5135847e5304f57daa7dc4bdee4d03/elements - {"using":"xpath","value":"//bdi[text()=\"OK\"]"}
RESULT: {"using":"xpath","value":"//bdi[text()=\"OK\"]"}
COMMAND: POST /session/2d5135847e5304f57daa7dc4bdee4d03/elements - {"using":"xpath","value":"//bdi[text()=\"OK\"]"}
RESULT: {"using":"xpath","value":"//bdi[text()=\"OK\"]"}
COMMAND: POST /session/2d5135847e5304f57daa7dc4bdee4d03/elements - {"using":"xpath","value":"//bdi[text()=\"OK\"]"}
RESULT: {"using":"xpath","value":"//bdi[text()=\"OK\"]"}
COMMAND: POST /session/2d5135847e5304f57daa7dc4bdee4d03/elements - {"using":"xpath","value":"//bdi[text()=\"OK\"]"}
RESULT: {"using":"xpath","value":"//bdi[text()=\"OK\"]"}
COMMAND: POST /session/2d5135847e5304f57daa7dc4bdee4d03/elements - {"using":"xpath","value":"//bdi[text()=\"OK\"]"}
RESULT: {"using":"xpath","value":"//bdi[text()=\"OK\"]"}
COMMAND: POST /session/2d5135847e5304f57daa7dc4bdee4d03/elements - {"using":"xpath","value":"//bdi[text()=\"OK\"]"}
RESULT: {"using":"xpath","value":"//bdi[text()=\"OK\"]"}
COMMAND: POST /session/2d5135847e5304f57daa7dc4bdee4d03/elements - {"using":"xpath","value":"//bdi[text()=\"OK\"]"}
RESULT: {"using":"xpath","value":"//bdi[text()=\"OK\"]"}
COMMAND: POST /session/2d5135847e5304f57daa7dc4bdee4d03/elements - {"using":"xpath","value":"//bdi[text()=\"OK\"]"}
RESULT: {"using":"xpath","value":"//bdi[text()=\"OK\"]"}
COMMAND: POST /session/2d5135847e5304f57daa7dc4bdee4d03/elements - {"using":"xpath","value":"//bdi[text()=\"OK\"]"}
RESULT: {"using":"xpath","value":"//bdi[text()=\"OK\"]"}
COMMAND: POST /session/2d5135847e5304f57daa7dc4bdee4d03/elements - {"using":"xpath","value":"//bdi[text()=\"OK\"]"}
RESULT: {"using":"xpath","value":"//bdi[text()=\"OK\"]"}
COMMAND: POST /session/2d5135847e5304f57daa7dc4bdee4d03/elements - {"using":"xpath","value":"//bdi[text()=\"OK\"]"}
RESULT: {"using":"xpath","value":"//bdi[text()=\"OK\"]"}
COMMAND: POST /session/2d5135847e5304f57daa7dc4bdee4d03/elements - {"using":"xpath","value":"//bdi[text()=\"OK\"]"}
RESULT: {"using":"xpath","value":"//bdi[text()=\"OK\"]"}
COMMAND: POST /session/2d5135847e5304f57daa7dc4bdee4d03/elements - {"using":"xpath","value":"//bdi[text()=\"OK\"]"}
RESULT: {"using":"xpath","value":"//bdi[text()=\"OK\"]"}
COMMAND: POST /session/2d5135847e5304f57daa7dc4bdee4d03/elements - {"using":"xpath","value":"//bdi[text()=\"OK\"]"}
RESULT: {"using":"xpath","value":"//bdi[text()=\"OK\"]"}
COMMAND: POST /session/2d5135847e5304f57daa7dc4bdee4d03/elements - {"using":"xpath","value":"//bdi[text()=\"OK\"]"}
RESULT: {"using":"xpath","value":"//bdi[text()=\"OK\"]"}
COMMAND: POST /session/2d5135847e5304f57daa7dc4bdee4d03/elements - {"using":"xpath","value":"//bdi[text()=\"OK\"]"}
RESULT: {"using":"xpath","value":"//bdi[text()=\"OK\"]"}
COMMAND: POST /session/2d5135847e5304f57daa7dc4bdee4d03/elements - {"using":"xpath","value":"//bdi[text()=\"OK\"]"}
RESULT: {"using":"xpath","value":"//bdi[text()=\"OK\"]"}
COMMAND: POST /session/2d5135847e5304f57daa7dc4bdee4d03/elements - {"using":"xpath","value":"//bdi[text()=\"OK\"]"}
RESULT: {"using":"xpath","value":"//bdi[text()=\"OK\"]"}
COMMAND: POST /session/2d5135847e5304f57daa7dc4bdee4d03/elements - {"using":"xpath","value":"//bdi[text()=\"OK\"]"}
RESULT: {"using":"xpath","value":"//bdi[text()=\"OK\"]"}
COMMAND: POST /session/2d5135847e5304f57daa7dc4bdee4d03/elements - {"using":"xpath","value":"//bdi[text()=\"OK\"]"}
RESULT: {"using":"xpath","value":"//bdi[text()=\"OK\"]"}
COMMAND: POST /session/2d5135847e5304f57daa7dc4bdee4d03/elements - {"using":"xpath","value":"//bdi[text()=\"OK\"]"}
RESULT: {"using":"xpath","value":"//bdi[text()=\"OK\"]"}
COMMAND: POST /session/2d5135847e5304f57daa7dc4bdee4d03/elements - {"using":"xpath","value":"//bdi[text()=\"OK\"]"}
RESULT: {"using":"xpath","value":"//bdi[text()=\"OK\"]"}
COMMAND: POST /session/2d5135847e5304f57daa7dc4bdee4d03/elements - {"using":"xpath","value":"//bdi[text()=\"OK\"]"}
RESULT: {"using":"xpath","value":"//bdi[text()=\"OK\"]"}
COMMAND: POST /session/2d5135847e5304f57daa7dc4bdee4d03/elements - {"using":"xpath","value":"//bdi[text()=\"OK\"]"}
RESULT: {"using":"xpath","value":"//bdi[text()=\"OK\"]"}
COMMAND: POST /session/2d5135847e5304f57daa7dc4bdee4d03/elements - {"using":"xpath","value":"//bdi[text()=\"OK\"]"}
RESULT: {"using":"xpath","value":"//bdi[text()=\"OK\"]"}
COMMAND: POST /session/2d5135847e5304f57daa7dc4bdee4d03/elements - {"using":"xpath","value":"//bdi[text()=\"OK\"]"}
RESULT: {"using":"xpath","value":"//bdi[text()=\"OK\"]"}
COMMAND: POST /session/2d5135847e5304f57daa7dc4bdee4d03/elements - {"using":"xpath","value":"//bdi[text()=\"OK\"]"}
RESULT: {"using":"xpath","value":"//bdi[text()=\"OK\"]"}
COMMAND: POST /session/2d5135847e5304f57daa7dc4bdee4d03/elements - {"using":"xpath","value":"//bdi[text()=\"OK\"]"}
RESULT: {"using":"xpath","value":"//bdi[text()=\"OK\"]"}
COMMAND: POST /session/2d5135847e5304f57daa7dc4bdee4d03/elements - {"using":"xpath","value":"//bdi[text()=\"OK\"]"}
RESULT: {"using":"xpath","value":"//bdi[text()=\"OK\"]"}
COMMAND: POST /session/2d5135847e5304f57daa7dc4bdee4d03/elements - {"using":"xpath","value":"//bdi[text()=\"OK\"]"}
RESULT: {"using":"xpath","value":"//bdi[text()=\"OK\"]"}
COMMAND: POST /session/2d5135847e5304f57daa7dc4bdee4d03/elements - {"using":"xpath","value":"//bdi[text()=\"OK\"]"}
RESULT: {"using":"xpath","value":"//bdi[text()=\"OK\"]"}
COMMAND: POST /session/2d5135847e5304f57daa7dc4bdee4d03/elements - {"using":"xpath","value":"//bdi[text()=\"OK\"]"}
RESULT: {"using":"xpath","value":"//bdi[text()=\"OK\"]"}
COMMAND: POST /session/2d5135847e5304f57daa7dc4bdee4d03/elements - {"using":"xpath","value":"//bdi[text()=\"OK\"]"}
RESULT: {"using":"xpath","value":"//bdi[text()=\"OK\"]"}
COMMAND: POST /session/2d5135847e5304f57daa7dc4bdee4d03/elements - {"using":"xpath","value":"//bdi[text()=\"OK\"]"}
RESULT: {"using":"xpath","value":"//bdi[text()=\"OK\"]"}
COMMAND: POST /session/2d5135847e5304f57daa7dc4bdee4d03/elements - {"using":"xpath","value":"//bdi[text()=\"OK\"]"}
RESULT: {"using":"xpath","value":"//bdi[text()=\"OK\"]"}
COMMAND: POST /session/2d5135847e5304f57daa7dc4bdee4d03/elements - {"using":"xpath","value":"//bdi[text()=\"OK\"]"}
RESULT: {"using":"xpath","value":"//bdi[text()=\"OK\"]"}
COMMAND: POST /session/2d5135847e5304f57daa7dc4bdee4d03/elements - {"using":"xpath","value":"//bdi[text()=\"OK\"]"}
RESULT: {"using":"xpath","value":"//bdi[text()=\"OK\"]"}
COMMAND: POST /session/2d5135847e5304f57daa7dc4bdee4d03/elements - {"using":"xpath","value":"//bdi[text()=\"OK\"]"}
RESULT: {"using":"xpath","value":"//bdi[text()=\"OK\"]"}
COMMAND: POST /session/2d5135847e5304f57daa7dc4bdee4d03/elements - {"using":"xpath","value":"//bdi[text()=\"OK\"]"}
RESULT: {"using":"xpath","value":"//bdi[text()=\"OK\"]"}
COMMAND: POST /session/2d5135847e5304f57daa7dc4bdee4d03/elements - {"using":"xpath","value":"//bdi[text()=\"OK\"]"}
RESULT: {"using":"xpath","value":"//bdi[text()=\"OK\"]"}
COMMAND: POST /session/2d5135847e5304f57daa7dc4bdee4d03/elements - {"using":"xpath","value":"//bdi[text()=\"OK\"]"}
RESULT: {"using":"xpath","value":"//bdi[text()=\"OK\"]"}
COMMAND: POST /session/2d5135847e5304f57daa7dc4bdee4d03/elements - {"using":"xpath","value":"//bdi[text()=\"OK\"]"}
RESULT: {"using":"xpath","value":"//bdi[text()=\"OK\"]"}
COMMAND: POST /session/2d5135847e5304f57daa7dc4bdee4d03/elements - {"using":"xpath","value":"//bdi[text()=\"OK\"]"}
RESULT: {"using":"xpath","value":"//bdi[text()=\"OK\"]"}
COMMAND: POST /session/2d5135847e5304f57daa7dc4bdee4d03/elements - {"using":"xpath","value":"//bdi[text()=\"OK\"]"}
RESULT: {"using":"xpath","value":"//bdi[text()=\"OK\"]"}
COMMAND: POST /session/2d5135847e5304f57daa7dc4bdee4d03/elements - {"using":"xpath","value":"//bdi[text()=\"OK\"]"}
RESULT: {"using":"xpath","value":"//bdi[text()=\"OK\"]"}
COMMAND: POST /session/2d5135847e5304f57daa7dc4bdee4d03/elements - {"using":"xpath","value":"//bdi[text()=\"OK\"]"}
RESULT: {"using":"xpath","value":"//bdi[text()=\"OK\"]"}
COMMAND: POST /session/2d5135847e5304f57daa7dc4bdee4d03/elements - {"using":"xpath","value":"//bdi[text()=\"OK\"]"}
RESULT: {"using":"xpath","value":"//bdi[text()=\"OK\"]"}
COMMAND: POST /session/2d5135847e5304f57daa7dc4bdee4d03/elements - {"using":"xpath","value":"//bdi[text()=\"OK\"]"}
RESULT: {"using":"xpath","value":"//bdi[text()=\"OK\"]"}
COMMAND: POST /session/2d5135847e5304f57daa7dc4bdee4d03/elements - {"using":"xpath","value":"//bdi[text()=\"OK\"]"}
RESULT: {"using":"xpath","value":"//bdi[text()=\"OK\"]"}
COMMAND: POST /session/2d5135847e5304f57daa7dc4bdee4d03/elements - {"using":"xpath","value":"//bdi[text()=\"OK\"]"}
RESULT: {"using":"xpath","value":"//bdi[text()=\"OK\"]"}
COMMAND: POST /session/2d5135847e5304f57daa7dc4bdee4d03/elements - {"using":"xpath","value":"//bdi[text()=\"OK\"]"}
RESULT: {"using":"xpath","value":"//bdi[text()=\"OK\"]"}
COMMAND: POST /session/2d5135847e5304f57daa7dc4bdee4d03/elements - {"using":"xpath","value":"//bdi[text()=\"OK\"]"}
RESULT: {"using":"xpath","value":"//bdi[text()=\"OK\"]"}
COMMAND: POST /session/2d5135847e5304f57daa7dc4bdee4d03/elements - {"using":"xpath","value":"//bdi[text()=\"OK\"]"}
RESULT: {"using":"xpath","value":"//bdi[text()=\"OK\"]"}
COMMAND: POST /session/2d5135847e5304f57daa7dc4bdee4d03/elements - {"using":"xpath","value":"//bdi[text()=\"OK\"]"}
RESULT: {"using":"xpath","value":"//bdi[text()=\"OK\"]"}
COMMAND: POST /session/2d5135847e5304f57daa7dc4bdee4d03/elements - {"using":"xpath","value":"//bdi[text()=\"OK\"]"}
RESULT: {"using":"xpath","value":"//bdi[text()=\"OK\"]"}
COMMAND: POST /session/2d5135847e5304f57daa7dc4bdee4d03/elements - {"using":"xpath","value":"//bdi[text()=\"OK\"]"}
RESULT: {"using":"xpath","value":"//bdi[text()=\"OK\"]"}
COMMAND: POST /session/2d5135847e5304f57daa7dc4bdee4d03/elements - {"using":"xpath","value":"//bdi[text()=\"OK\"]"}
RESULT: {"using":"xpath","value":"//bdi[text()=\"OK\"]"}
COMMAND: POST /session/2d5135847e5304f57daa7dc4bdee4d03/elements - {"using":"xpath","value":"//bdi[text()=\"OK\"]"}
RESULT: {"using":"xpath","value":"//bdi[text()=\"OK\"]"}
COMMAND: POST /session/2d5135847e5304f57daa7dc4bdee4d03/elements - {"using":"xpath","value":"//bdi[text()=\"OK\"]"}
RESULT: {"using":"xpath","value":"//bdi[text()=\"OK\"]"}
COMMAND: POST /session/2d5135847e5304f57daa7dc4bdee4d03/elements - {"using":"xpath","value":"//bdi[text()=\"OK\"]"}
RESULT: {"using":"xpath","value":"//bdi[text()=\"OK\"]"}
COMMAND: POST /session/2d5135847e5304f57daa7dc4bdee4d03/elements - {"using":"xpath","value":"//bdi[text()=\"OK\"]"}
RESULT: {"using":"xpath","value":"//bdi[text()=\"OK\"]"}
COMMAND: POST /session/2d5135847e5304f57daa7dc4bdee4d03/elements - {"using":"xpath","value":"//bdi[text()=\"OK\"]"}
RESULT: {"using":"xpath","value":"//bdi[text()=\"OK\"]"}
COMMAND: POST /session/2d5135847e5304f57daa7dc4bdee4d03/elements - {"using":"xpath","value":"//bdi[text()=\"OK\"]"}
RESULT: {"using":"xpath","value":"//bdi[text()=\"OK\"]"}
COMMAND: POST /session/2d5135847e5304f57daa7dc4bdee4d03/elements - {"using":"xpath","value":"//bdi[text()=\"OK\"]"}
RESULT: {"using":"xpath","value":"//bdi[text()=\"OK\"]"}
COMMAND: POST /session/2d5135847e5304f57daa7dc4bdee4d03/elements - {"using":"xpath","value":"//bdi[text()=\"OK\"]"}
RESULT: {"using":"xpath","value":"//bdi[text()=\"OK\"]"}
COMMAND: POST /session/2d5135847e5304f57daa7dc4bdee4d03/elements - {"using":"xpath","value":"//bdi[text()=\"OK\"]"}
RESULT: {"using":"xpath","value":"//bdi[text()=\"OK\"]"}
COMMAND: POST /session/2d5135847e5304f57daa7dc4bdee4d03/elements - {"using":"xpath","value":"//bdi[text()=\"OK\"]"}
RESULT: {"using":"xpath","value":"//bdi[text()=\"OK\"]"}
COMMAND: POST /session/2d5135847e5304f57daa7dc4bdee4d03/elements - {"using":"xpath","value":"//bdi[text()=\"OK\"]"}
RESULT: {"using":"xpath","value":"//bdi[text()=\"OK\"]"}
COMMAND: POST /session/2d5135847e5304f57daa7dc4bdee4d03/elements - {"using":"xpath","value":"//bdi[text()=\"OK\"]"}
RESULT: {"using":"xpath","value":"//bdi[text()=\"OK\"]"}
COMMAND: POST /session/2d5135847e5304f57daa7dc4bdee4d03/elements - {"using":"xpath","value":"//bdi[text()=\"OK\"]"}
RESULT: {"using":"xpath","value":"//bdi[text()=\"OK\"]"}
COMMAND: POST /session/2d5135847e5304f57daa7dc4bdee4d03/elements - {"using":"xpath","value":"//bdi[text()=\"OK\"]"}
RESULT: {"using":"xpath","value":"//bdi[text()=\"OK\"]"}
COMMAND: POST /session/2d5135847e5304f57daa7dc4bdee4d03/elements - {"using":"xpath","value":"//bdi[text()=\"OK\"]"}
RESULT: {"using":"xpath","value":"//bdi[text()=\"OK\"]"}
COMMAND: POST /session/2d5135847e5304f57daa7dc4bdee4d03/elements - {"using":"xpath","value":"//bdi[text()=\"OK\"]"}
RESULT: {"using":"xpath","value":"//bdi[text()=\"OK\"]"}
COMMAND: POST /session/2d5135847e5304f57daa7dc4bdee4d03/elements - {"using":"xpath","value":"//bdi[text()=\"OK\"]"}
RESULT: {"using":"xpath","value":"//bdi[text()=\"OK\"]"}
COMMAND: POST /session/2d5135847e5304f57daa7dc4bdee4d03/elements - {"using":"xpath","value":"//bdi[text()=\"OK\"]"}
RESULT: {"using":"xpath","value":"//bdi[text()=\"OK\"]"}
COMMAND: POST /session/2d5135847e5304f57daa7dc4bdee4d03/elements - {"using":"xpath","value":"//bdi[text()=\"OK\"]"}
RESULT: {"using":"xpath","value":"//bdi[text()=\"OK\"]"}
COMMAND: POST /session/2d5135847e5304f57daa7dc4bdee4d03/elements - {"using":"xpath","value":"//bdi[text()=\"OK\"]"}
RESULT: {"using":"xpath","value":"//bdi[text()=\"OK\"]"}
COMMAND: POST /session/2d5135847e5304f57daa7dc4bdee4d03/elements - {"using":"xpath","value":"//bdi[text()=\"OK\"]"}
RESULT: {"using":"xpath","value":"//bdi[text()=\"OK\"]"}
COMMAND: POST /session/2d5135847e5304f57daa7dc4bdee4d03/elements - {"using":"xpath","value":"//bdi[text()=\"OK\"]"}
RESULT: {"using":"xpath","value":"//bdi[text()=\"OK\"]"}
COMMAND: POST /session/2d5135847e5304f57daa7dc4bdee4d03/elements - {"using":"xpath","value":"//bdi[text()=\"OK\"]"}
RESULT: {"using":"xpath","value":"//bdi[text()=\"OK\"]"}
COMMAND: POST /session/2d5135847e5304f57daa7dc4bdee4d03/elements - {"using":"xpath","value":"//bdi[text()=\"OK\"]"}
RESULT: {"using":"xpath","value":"//bdi[text()=\"OK\"]"}
COMMAND: POST /session/2d5135847e5304f57daa7dc4bdee4d03/elements - {"using":"xpath","value":"//bdi[text()=\"OK\"]"}
RESULT: {"using":"xpath","value":"//bdi[text()=\"OK\"]"}
COMMAND: POST /session/2d5135847e5304f57daa7dc4bdee4d03/elements - {"using":"xpath","value":"//bdi[text()=\"OK\"]"}
RESULT: {"using":"xpath","value":"//bdi[text()=\"OK\"]"}
COMMAND: POST /session/2d5135847e5304f57daa7dc4bdee4d03/elements - {"using":"xpath","value":"//bdi[text()=\"OK\"]"}
RESULT: {"using":"xpath","value":"//bdi[text()=\"OK\"]"}
COMMAND: POST /session/2d5135847e5304f57daa7dc4bdee4d03/elements - {"using":"xpath","value":"//bdi[text()=\"OK\"]"}
RESULT: {"using":"xpath","value":"//bdi[text()=\"OK\"]"}
COMMAND: POST /session/2d5135847e5304f57daa7dc4bdee4d03/elements - {"using":"xpath","value":"//bdi[text()=\"OK\"]"}
RESULT: {"using":"xpath","value":"//bdi[text()=\"OK\"]"}
COMMAND: POST /session/2d5135847e5304f57daa7dc4bdee4d03/elements - {"using":"xpath","value":"//bdi[text()=\"OK\"]"}
RESULT: {"using":"xpath","value":"//bdi[text()=\"OK\"]"}
COMMAND: POST /session/2d5135847e5304f57daa7dc4bdee4d03/elements - {"using":"xpath","value":"//bdi[text()=\"OK\"]"}
RESULT: {"using":"xpath","value":"//bdi[text()=\"OK\"]"}
COMMAND: POST /session/2d5135847e5304f57daa7dc4bdee4d03/elements - {"using":"xpath","value":"//bdi[text()=\"OK\"]"}
RESULT: {"using":"xpath","value":"//bdi[text()=\"OK\"]"}
COMMAND: POST /session/2d5135847e5304f57daa7dc4bdee4d03/elements - {"using":"xpath","value":"//bdi[text()=\"OK\"]"}
RESULT: {"using":"xpath","value":"//bdi[text()=\"OK\"]"}
COMMAND: POST /session/2d5135847e5304f57daa7dc4bdee4d03/elements - {"using":"xpath","value":"//bdi[text()=\"OK\"]"}
RESULT: {"using":"xpath","value":"//bdi[text()=\"OK\"]"}
COMMAND: POST /session/2d5135847e5304f57daa7dc4bdee4d03/elements - {"using":"xpath","value":"//bdi[text()=\"OK\"]"}
RESULT: {"using":"xpath","value":"//bdi[text()=\"OK\"]"}
COMMAND: POST /session/2d5135847e5304f57daa7dc4bdee4d03/elements - {"using":"xpath","value":"//bdi[text()=\"OK\"]"}
RESULT: {"using":"xpath","value":"//bdi[text()=\"OK\"]"}
COMMAND: POST /session/2d5135847e5304f57daa7dc4bdee4d03/elements - {"using":"xpath","value":"//bdi[text()=\"OK\"]"}
RESULT: {"using":"xpath","value":"//bdi[text()=\"OK\"]"}
COMMAND: POST /session/2d5135847e5304f57daa7dc4bdee4d03/elements - {"using":"xpath","value":"//bdi[text()=\"OK\"]"}
RESULT: {"using":"xpath","value":"//bdi[text()=\"OK\"]"}
COMMAND: POST /session/2d5135847e5304f57daa7dc4bdee4d03/elements - {"using":"xpath","value":"//bdi[text()=\"OK\"]"}
RESULT: {"using":"xpath","value":"//bdi[text()=\"OK\"]"}
COMMAND: POST /session/2d5135847e5304f57daa7dc4bdee4d03/elements - {"using":"xpath","value":"//bdi[text()=\"OK\"]"}
RESULT: {"using":"xpath","value":"//bdi[text()=\"OK\"]"}
COMMAND: POST /session/2d5135847e5304f57daa7dc4bdee4d03/elements - {"using":"xpath","value":"//bdi[text()=\"OK\"]"}
RESULT: {"using":"xpath","value":"//bdi[text()=\"OK\"]"}
COMMAND: POST /session/2d5135847e5304f57daa7dc4bdee4d03/elements - {"using":"xpath","value":"//bdi[text()=\"OK\"]"}
RESULT: {"using":"xpath","value":"//bdi[text()=\"OK\"]"}
COMMAND: POST /session/2d5135847e5304f57daa7dc4bdee4d03/elements - {"using":"xpath","value":"//bdi[text()=\"OK\"]"}
RESULT: {"using":"xpath","value":"//bdi[text()=\"OK\"]"}
COMMAND: POST /session/2d5135847e5304f57daa7dc4bdee4d03/elements - {"using":"xpath","value":"//bdi[text()=\"OK\"]"}
RESULT: {"using":"xpath","value":"//bdi[text()=\"OK\"]"}
COMMAND: POST /session/2d5135847e5304f57daa7dc4bdee4d03/elements - {"using":"xpath","value":"//bdi[text()=\"OK\"]"}
RESULT: {"using":"xpath","value":"//bdi[text()=\"OK\"]"}
COMMAND: POST /session/2d5135847e5304f57daa7dc4bdee4d03/elements - {"using":"xpath","value":"//bdi[text()=\"OK\"]"}
RESULT: {"using":"xpath","value":"//bdi[text()=\"OK\"]"}
COMMAND: POST /session/2d5135847e5304f57daa7dc4bdee4d03/elements - {"using":"xpath","value":"//bdi[text()=\"OK\"]"}
COMMAND: POST /session/2d5135847e5304f57daa7dc4bdee4d03/element - {"using":"xpath","value":"//bdi[text()=\"OK\"]"}
RESULT: {"using":"xpath","value":"//bdi[text()=\"OK\"]"}
RESULT: {"using":"xpath","value":"//bdi[text()=\"OK\"]"}
COMMAND: POST /session/2d5135847e5304f57daa7dc4bdee4d03/elements - {"using":"xpath","value":"//bdi[text()=\"OK\"]"}
RESULT: {"using":"xpath","value":"//bdi[text()=\"OK\"]"}
COMMAND: POST /session/2d5135847e5304f57daa7dc4bdee4d03/elements - {"using":"xpath","value":"//bdi[text()=\"OK\"]"}
RESULT: {"using":"xpath","value":"//bdi[text()=\"OK\"]"}
COMMAND: POST /session/2d5135847e5304f57daa7dc4bdee4d03/elements - {"using":"xpath","value":"//bdi[text()=\"OK\"]"}
RESULT: {"using":"xpath","value":"//bdi[text()=\"OK\"]"}
COMMAND: POST /session/2d5135847e5304f57daa7dc4bdee4d03/elements - {"using":"xpath","value":"//bdi[text()=\"OK\"]"}
RESULT: {"using":"xpath","value":"//bdi[text()=\"OK\"]"}
COMMAND: POST /session/2d5135847e5304f57daa7dc4bdee4d03/elements - {"using":"xpath","value":"//bdi[text()=\"OK\"]"}
RESULT: {"using":"xpath","value":"//bdi[text()=\"OK\"]"}
COMMAND: POST /session/2d5135847e5304f57daa7dc4bdee4d03/elements - {"using":"xpath","value":"//bdi[text()=\"OK\"]"}
RESULT: {"using":"xpath","value":"//bdi[text()=\"OK\"]"}
COMMAND: POST /session/2d5135847e5304f57daa7dc4bdee4d03/elements - {"using":"xpath","value":"//bdi[text()=\"OK\"]"}
RESULT: {"using":"xpath","value":"//bdi[text()=\"OK\"]"}
COMMAND: POST /session/2d5135847e5304f57daa7dc4bdee4d03/elements - {"using":"xpath","value":"//bdi[text()=\"OK\"]"}
RESULT: {"using":"xpath","value":"//bdi[text()=\"OK\"]"}
COMMAND: POST /session/2d5135847e5304f57daa7dc4bdee4d03/elements - {"using":"xpath","value":"//bdi[text()=\"OK\"]"}
RESULT: {"using":"xpath","value":"//bdi[text()=\"OK\"]"}
COMMAND: POST /session/2d5135847e5304f57daa7dc4bdee4d03/elements - {"using":"xpath","value":"//bdi[text()=\"OK\"]"}
RESULT: {"using":"xpath","value":"//bdi[text()=\"OK\"]"}
COMMAND: POST /session/2d5135847e5304f57daa7dc4bdee4d03/elements - {"using":"xpath","value":"//bdi[text()=\"OK\"]"}
RESULT: {"using":"xpath","value":"//bdi[text()=\"OK\"]"}
COMMAND: POST /session/2d5135847e5304f57daa7dc4bdee4d03/elements - {"using":"xpath","value":"//bdi[text()=\"OK\"]"}
RESULT: {"using":"xpath","value":"//bdi[text()=\"OK\"]"}
COMMAND: POST /session/2d5135847e5304f57daa7dc4bdee4d03/elements - {"using":"xpath","value":"//bdi[text()=\"OK\"]"}
RESULT: {"using":"xpath","value":"//bdi[text()=\"OK\"]"}
COMMAND: POST /session/2d5135847e5304f57daa7dc4bdee4d03/elements - {"using":"xpath","value":"//bdi[text()=\"OK\"]"}
RESULT: {"using":"xpath","value":"//bdi[text()=\"OK\"]"}
COMMAND: POST /session/2d5135847e5304f57daa7dc4bdee4d03/elements - {"using":"xpath","value":"//bdi[text()=\"OK\"]"}
RESULT: {"using":"xpath","value":"//bdi[text()=\"OK\"]"}
COMMAND: POST /session/2d5135847e5304f57daa7dc4bdee4d03/elements - {"using":"xpath","value":"//bdi[text()=\"OK\"]"}
RESULT: {"using":"xpath","value":"//bdi[text()=\"OK\"]"}
COMMAND: POST /session/2d5135847e5304f57daa7dc4bdee4d03/elements - {"using":"xpath","value":"//bdi[text()=\"OK\"]"}
RESULT: {"using":"xpath","value":"//bdi[text()=\"OK\"]"}
COMMAND: POST /session/2d5135847e5304f57daa7dc4bdee4d03/elements - {"using":"xpath","value":"//bdi[text()=\"OK\"]"}
RESULT: {"using":"xpath","value":"//bdi[text()=\"OK\"]"}
COMMAND: POST /session/2d5135847e5304f57daa7dc4bdee4d03/elements - {"using":"xpath","value":"//bdi[text()=\"OK\"]"}
RESULT: {"using":"xpath","value":"//bdi[text()=\"OK\"]"}
COMMAND: POST /session/2d5135847e5304f57daa7dc4bdee4d03/elements - {"using":"xpath","value":"//bdi[text()=\"OK\"]"}
RESULT: {"using":"xpath","value":"//bdi[text()=\"OK\"]"}
COMMAND: POST /session/2d5135847e5304f57daa7dc4bdee4d03/elements - {"using":"xpath","value":"//bdi[text()=\"OK\"]"}
RESULT: {"using":"xpath","value":"//bdi[text()=\"OK\"]"}
COMMAND: POST /session/2d5135847e5304f57daa7dc4bdee4d03/elements - {"using":"xpath","value":"//bdi[text()=\"OK\"]"}
RESULT: {"using":"xpath","value":"//bdi[text()=\"OK\"]"}
COMMAND: POST /session/2d5135847e5304f57daa7dc4bdee4d03/elements - {"using":"xpath","value":"//bdi[text()=\"OK\"]"}
RESULT: {"using":"xpath","value":"//bdi[text()=\"OK\"]"}
COMMAND: POST /session/2d5135847e5304f57daa7dc4bdee4d03/elements - {"using":"xpath","value":"//bdi[text()=\"OK\"]"}
RESULT: {"using":"xpath","value":"//bdi[text()=\"OK\"]"}
COMMAND: POST /session/2d5135847e5304f57daa7dc4bdee4d03/elements - {"using":"xpath","value":"//bdi[text()=\"OK\"]"}
RESULT: {"using":"xpath","value":"//bdi[text()=\"OK\"]"}
COMMAND: POST /session/2d5135847e5304f57daa7dc4bdee4d03/elements - {"using":"xpath","value":"//bdi[text()=\"OK\"]"}
RESULT: {"using":"xpath","value":"//bdi[text()=\"OK\"]"}
COMMAND: POST /session/2d5135847e5304f57daa7dc4bdee4d03/elements - {"using":"xpath","value":"//bdi[text()=\"OK\"]"}
RESULT: {"using":"xpath","value":"//bdi[text()=\"OK\"]"}
COMMAND: POST /session/2d5135847e5304f57daa7dc4bdee4d03/elements - {"using":"xpath","value":"//bdi[text()=\"OK\"]"}
RESULT: {"using":"xpath","value":"//bdi[text()=\"OK\"]"}
COMMAND: POST /session/2d5135847e5304f57daa7dc4bdee4d03/elements - {"using":"xpath","value":"//bdi[text()=\"OK\"]"}
RESULT: {"using":"xpath","value":"//bdi[text()=\"OK\"]"}
COMMAND: POST /session/2d5135847e5304f57daa7dc4bdee4d03/elements - {"using":"xpath","value":"//bdi[text()=\"OK\"]"}
RESULT: {"using":"xpath","value":"//bdi[text()=\"OK\"]"}
COMMAND: POST /session/2d5135847e5304f57daa7dc4bdee4d03/elements - {"using":"xpath","value":"//bdi[text()=\"OK\"]"}
RESULT: {"using":"xpath","value":"//bdi[text()=\"OK\"]"}
COMMAND: POST /session/2d5135847e5304f57daa7dc4bdee4d03/elements - {"using":"xpath","value":"//bdi[text()=\"OK\"]"}
RESULT: {"using":"xpath","value":"//bdi[text()=\"OK\"]"}
COMMAND: POST /session/2d5135847e5304f57daa7dc4bdee4d03/elements - {"using":"xpath","value":"//bdi[text()=\"OK\"]"}
RESULT: {"using":"xpath","value":"//bdi[text()=\"OK\"]"}
COMMAND: POST /session/2d5135847e5304f57daa7dc4bdee4d03/elements - {"using":"xpath","value":"//bdi[text()=\"OK\"]"}
RESULT: {"using":"xpath","value":"//bdi[text()=\"OK\"]"}
COMMAND: POST /session/2d5135847e5304f57daa7dc4bdee4d03/elements - {"using":"xpath","value":"//bdi[text()=\"OK\"]"}
RESULT: {"using":"xpath","value":"//bdi[text()=\"OK\"]"}
COMMAND: POST /session/2d5135847e5304f57daa7dc4bdee4d03/elements - {"using":"xpath","value":"//bdi[text()=\"OK\"]"}
RESULT: {"using":"xpath","value":"//bdi[text()=\"OK\"]"}
COMMAND: POST /session/2d5135847e5304f57daa7dc4bdee4d03/elements - {"using":"xpath","value":"//bdi[text()=\"OK\"]"}
RESULT: {"using":"xpath","value":"//bdi[text()=\"OK\"]"}
COMMAND: POST /session/2d5135847e5304f57daa7dc4bdee4d03/elements - {"using":"xpath","value":"//bdi[text()=\"OK\"]"}
RESULT: {"using":"xpath","value":"//bdi[text()=\"OK\"]"}
COMMAND: POST /session/2d5135847e5304f57daa7dc4bdee4d03/elements - {"using":"xpath","value":"//bdi[text()=\"OK\"]"}
RESULT: {"using":"xpath","value":"//bdi[text()=\"OK\"]"}
COMMAND: POST /session/2d5135847e5304f57daa7dc4bdee4d03/elements - {"using":"xpath","value":"//bdi[text()=\"OK\"]"}
RESULT: {"using":"xpath","value":"//bdi[text()=\"OK\"]"}
COMMAND: POST /session/2d5135847e5304f57daa7dc4bdee4d03/elements - {"using":"xpath","value":"//bdi[text()=\"OK\"]"}
RESULT: {"using":"xpath","value":"//bdi[text()=\"OK\"]"}
COMMAND: POST /session/2d5135847e5304f57daa7dc4bdee4d03/elements - {"using":"xpath","value":"//bdi[text()=\"OK\"]"}
RESULT: {"using":"xpath","value":"//bdi[text()=\"OK\"]"}
COMMAND: POST /session/2d5135847e5304f57daa7dc4bdee4d03/elements - {"using":"xpath","value":"//bdi[text()=\"OK\"]"}
RESULT: {"using":"xpath","value":"//bdi[text()=\"OK\"]"}
COMMAND: POST /session/2d5135847e5304f57daa7dc4bdee4d03/elements - {"using":"xpath","value":"//bdi[text()=\"OK\"]"}
RESULT: {"using":"xpath","value":"//bdi[text()=\"OK\"]"}
COMMAND: POST /session/2d5135847e5304f57daa7dc4bdee4d03/elements - {"using":"xpath","value":"//bdi[text()=\"OK\"]"}
RESULT: {"using":"xpath","value":"//bdi[text()=\"OK\"]"}
COMMAND: POST /session/2d5135847e5304f57daa7dc4bdee4d03/elements - {"using":"xpath","value":"//bdi[text()=\"OK\"]"}
RESULT: {"using":"xpath","value":"//bdi[text()=\"OK\"]"}
COMMAND: POST /session/2d5135847e5304f57daa7dc4bdee4d03/elements - {"using":"xpath","value":"//bdi[text()=\"OK\"]"}
RESULT: {"using":"xpath","value":"//bdi[text()=\"OK\"]"}
COMMAND: POST /session/2d5135847e5304f57daa7dc4bdee4d03/elements - {"using":"xpath","value":"//bdi[text()=\"OK\"]"}
RESULT: {"using":"xpath","value":"//bdi[text()=\"OK\"]"}
COMMAND: POST /session/2d5135847e5304f57daa7dc4bdee4d03/elements - {"using":"xpath","value":"//bdi[text()=\"OK\"]"}
RESULT: {"using":"xpath","value":"//bdi[text()=\"OK\"]"}
COMMAND: POST /session/2d5135847e5304f57daa7dc4bdee4d03/elements - {"using":"xpath","value":"//bdi[text()=\"OK\"]"}
RESULT: {"using":"xpath","value":"//bdi[text()=\"OK\"]"}
COMMAND: POST /session/2d5135847e5304f57daa7dc4bdee4d03/elements - {"using":"xpath","value":"//bdi[text()=\"OK\"]"}
RESULT: {"using":"xpath","value":"//bdi[text()=\"OK\"]"}
COMMAND: POST /session/2d5135847e5304f57daa7dc4bdee4d03/elements - {"using":"xpath","value":"//bdi[text()=\"OK\"]"}
RESULT: {"using":"xpath","value":"//bdi[text()=\"OK\"]"}
COMMAND: POST /session/2d5135847e5304f57daa7dc4bdee4d03/elements - {"using":"xpath","value":"//bdi[text()=\"OK\"]"}
RESULT: {"using":"xpath","value":"//bdi[text()=\"OK\"]"}
COMMAND: POST /session/2d5135847e5304f57daa7dc4bdee4d03/elements - {"using":"xpath","value":"//bdi[text()=\"OK\"]"}
RESULT: {"using":"xpath","value":"//bdi[text()=\"OK\"]"}
COMMAND: POST /session/2d5135847e5304f57daa7dc4bdee4d03/elements - {"using":"xpath","value":"//bdi[text()=\"OK\"]"}
RESULT: {"using":"xpath","value":"//bdi[text()=\"OK\"]"}
COMMAND: POST /session/2d5135847e5304f57daa7dc4bdee4d03/elements - {"using":"xpath","value":"//bdi[text()=\"OK\"]"}
RESULT: {"using":"xpath","value":"//bdi[text()=\"OK\"]"}
COMMAND: POST /session/2d5135847e5304f57daa7dc4bdee4d03/elements - {"using":"xpath","value":"//bdi[text()=\"OK\"]"}
RESULT: {"using":"xpath","value":"//bdi[text()=\"OK\"]"}
COMMAND: POST /session/2d5135847e5304f57daa7dc4bdee4d03/elements - {"using":"xpath","value":"//bdi[text()=\"OK\"]"}
RESULT: {"using":"xpath","value":"//bdi[text()=\"OK\"]"}
COMMAND: POST /session/2d5135847e5304f57daa7dc4bdee4d03/elements - {"using":"xpath","value":"//bdi[text()=\"OK\"]"}
RESULT: {"using":"xpath","value":"//bdi[text()=\"OK\"]"}
COMMAND: POST /session/2d5135847e5304f57daa7dc4bdee4d03/elements - {"using":"xpath","value":"//bdi[text()=\"OK\"]"}
RESULT: {"using":"xpath","value":"//bdi[text()=\"OK\"]"}
COMMAND: POST /session/2d5135847e5304f57daa7dc4bdee4d03/elements - {"using":"xpath","value":"//bdi[text()=\"OK\"]"}
RESULT: {"using":"xpath","value":"//bdi[text()=\"OK\"]"}
COMMAND: POST /session/2d5135847e5304f57daa7dc4bdee4d03/elements - {"using":"xpath","value":"//bdi[text()=\"OK\"]"}
RESULT: {"using":"xpath","value":"//bdi[text()=\"OK\"]"}
COMMAND: POST /session/2d5135847e5304f57daa7dc4bdee4d03/elements - {"using":"xpath","value":"//bdi[text()=\"OK\"]"}
RESULT: {"using":"xpath","value":"//bdi[text()=\"OK\"]"}
COMMAND: POST /session/2d5135847e5304f57daa7dc4bdee4d03/elements - {"using":"xpath","value":"//bdi[text()=\"OK\"]"}
RESULT: {"using":"xpath","value":"//bdi[text()=\"OK\"]"}
COMMAND: POST /session/2d5135847e5304f57daa7dc4bdee4d03/elements - {"using":"xpath","value":"//bdi[text()=\"OK\"]"}
RESULT: {"using":"xpath","value":"//bdi[text()=\"OK\"]"}
COMMAND: POST /session/2d5135847e5304f57daa7dc4bdee4d03/elements - {"using":"xpath","value":"//bdi[text()=\"OK\"]"}
RESULT: {"using":"xpath","value":"//bdi[text()=\"OK\"]"}
COMMAND: POST /session/2d5135847e5304f57daa7dc4bdee4d03/elements - {"using":"xpath","value":"//bdi[text()=\"OK\"]"}
RESULT: {"using":"xpath","value":"//bdi[text()=\"OK\"]"}
COMMAND: POST /session/2d5135847e5304f57daa7dc4bdee4d03/elements - {"using":"xpath","value":"//bdi[text()=\"OK\"]"}
RESULT: {"using":"xpath","value":"//bdi[text()=\"OK\"]"}
COMMAND: POST /session/2d5135847e5304f57daa7dc4bdee4d03/elements - {"using":"xpath","value":"//bdi[text()=\"OK\"]"}
RESULT: {"using":"xpath","value":"//bdi[text()=\"OK\"]"}
COMMAND: POST /session/2d5135847e5304f57daa7dc4bdee4d03/elements - {"using":"xpath","value":"//bdi[text()=\"OK\"]"}
RESULT: {"using":"xpath","value":"//bdi[text()=\"OK\"]"}
COMMAND: POST /session/2d5135847e5304f57daa7dc4bdee4d03/elements - {"using":"xpath","value":"//bdi[text()=\"OK\"]"}
RESULT: {"using":"xpath","value":"//bdi[text()=\"OK\"]"}
COMMAND: POST /session/2d5135847e5304f57daa7dc4bdee4d03/elements - {"using":"xpath","value":"//bdi[text()=\"OK\"]"}
RESULT: {"using":"xpath","value":"//bdi[text()=\"OK\"]"}
COMMAND: POST /session/2d5135847e5304f57daa7dc4bdee4d03/elements - {"using":"xpath","value":"//bdi[text()=\"OK\"]"}
RESULT: {"using":"xpath","value":"//bdi[text()=\"OK\"]"}
COMMAND: POST /session/2d5135847e5304f57daa7dc4bdee4d03/elements - {"using":"xpath","value":"//bdi[text()=\"OK\"]"}
RESULT: {"using":"xpath","value":"//bdi[text()=\"OK\"]"}
COMMAND: POST /session/2d5135847e5304f57daa7dc4bdee4d03/elements - {"using":"xpath","value":"//bdi[text()=\"OK\"]"}
RESULT: {"using":"xpath","value":"//bdi[text()=\"OK\"]"}
COMMAND: POST /session/2d5135847e5304f57daa7dc4bdee4d03/elements - {"using":"xpath","value":"//bdi[text()=\"OK\"]"}
RESULT: {"using":"xpath","value":"//bdi[text()=\"OK\"]"}
COMMAND: POST /session/2d5135847e5304f57daa7dc4bdee4d03/elements - {"using":"xpath","value":"//bdi[text()=\"OK\"]"}
RESULT: {"using":"xpath","value":"//bdi[text()=\"OK\"]"}
COMMAND: POST /session/2d5135847e5304f57daa7dc4bdee4d03/elements - {"using":"xpath","value":"//bdi[text()=\"OK\"]"}
RESULT: {"using":"xpath","value":"//bdi[text()=\"OK\"]"}
COMMAND: POST /session/2d5135847e5304f57daa7dc4bdee4d03/elements - {"using":"xpath","value":"//bdi[text()=\"OK\"]"}
RESULT: {"using":"xpath","value":"//bdi[text()=\"OK\"]"}
COMMAND: POST /session/2d5135847e5304f57daa7dc4bdee4d03/elements - {"using":"xpath","value":"//bdi[text()=\"OK\"]"}
RESULT: {"using":"xpath","value":"//bdi[text()=\"OK\"]"}
COMMAND: POST /session/2d5135847e5304f57daa7dc4bdee4d03/elements - {"using":"xpath","value":"//bdi[text()=\"OK\"]"}
RESULT: {"using":"xpath","value":"//bdi[text()=\"OK\"]"}
COMMAND: POST /session/2d5135847e5304f57daa7dc4bdee4d03/elements - {"using":"xpath","value":"//bdi[text()=\"OK\"]"}
RESULT: {"using":"xpath","value":"//bdi[text()=\"OK\"]"}
COMMAND: POST /session/2d5135847e5304f57daa7dc4bdee4d03/elements - {"using":"xpath","value":"//bdi[text()=\"OK\"]"}
RESULT: {"using":"xpath","value":"//bdi[text()=\"OK\"]"}
COMMAND: POST /session/2d5135847e5304f57daa7dc4bdee4d03/elements - {"using":"xpath","value":"//bdi[text()=\"OK\"]"}
RESULT: {"using":"xpath","value":"//bdi[text()=\"OK\"]"}
COMMAND: POST /session/2d5135847e5304f57daa7dc4bdee4d03/elements - {"using":"xpath","value":"//bdi[text()=\"OK\"]"}
RESULT: {"using":"xpath","value":"//bdi[text()=\"OK\"]"}
COMMAND: POST /session/2d5135847e5304f57daa7dc4bdee4d03/elements - {"using":"xpath","value":"//bdi[text()=\"OK\"]"}
RESULT: {"using":"xpath","value":"//bdi[text()=\"OK\"]"}
COMMAND: POST /session/2d5135847e5304f57daa7dc4bdee4d03/elements - {"using":"xpath","value":"//bdi[text()=\"OK\"]"}
RESULT: {"using":"xpath","value":"//bdi[text()=\"OK\"]"}
COMMAND: POST /session/2d5135847e5304f57daa7dc4bdee4d03/elements - {"using":"xpath","value":"//bdi[text()=\"OK\"]"}
RESULT: {"using":"xpath","value":"//bdi[text()=\"OK\"]"}
COMMAND: POST /session/2d5135847e5304f57daa7dc4bdee4d03/elements - {"using":"xpath","value":"//bdi[text()=\"OK\"]"}
RESULT: {"using":"xpath","value":"//bdi[text()=\"OK\"]"}
COMMAND: POST /session/2d5135847e5304f57daa7dc4bdee4d03/elements - {"using":"xpath","value":"//bdi[text()=\"OK\"]"}
RESULT: {"using":"xpath","value":"//bdi[text()=\"OK\"]"}
COMMAND: POST /session/2d5135847e5304f57daa7dc4bdee4d03/elements - {"using":"xpath","value":"//bdi[text()=\"OK\"]"}
RESULT: {"using":"xpath","value":"//bdi[text()=\"OK\"]"}
COMMAND: POST /session/2d5135847e5304f57daa7dc4bdee4d03/elements - {"using":"xpath","value":"//bdi[text()=\"OK\"]"}
RESULT: {"using":"xpath","value":"//bdi[text()=\"OK\"]"}
COMMAND: POST /session/2d5135847e5304f57daa7dc4bdee4d03/elements - {"using":"xpath","value":"//bdi[text()=\"OK\"]"}
RESULT: {"using":"xpath","value":"//bdi[text()=\"OK\"]"}
COMMAND: POST /session/2d5135847e5304f57daa7dc4bdee4d03/elements - {"using":"xpath","value":"//bdi[text()=\"OK\"]"}
RESULT: {"using":"xpath","value":"//bdi[text()=\"OK\"]"}
COMMAND: POST /session/2d5135847e5304f57daa7dc4bdee4d03/elements - {"using":"xpath","value":"//bdi[text()=\"OK\"]"}
RESULT: {"using":"xpath","value":"//bdi[text()=\"OK\"]"}
COMMAND: POST /session/2d5135847e5304f57daa7dc4bdee4d03/elements - {"using":"xpath","value":"//bdi[text()=\"OK\"]"}
RESULT: {"using":"xpath","value":"//bdi[text()=\"OK\"]"}
COMMAND: POST /session/2d5135847e5304f57daa7dc4bdee4d03/elements - {"using":"xpath","value":"//bdi[text()=\"OK\"]"}
RESULT: {"using":"xpath","value":"//bdi[text()=\"OK\"]"}
COMMAND: POST /session/2d5135847e5304f57daa7dc4bdee4d03/elements - {"using":"xpath","value":"//bdi[text()=\"OK\"]"}
RESULT: {"using":"xpath","value":"//bdi[text()=\"OK\"]"}
COMMAND: POST /session/2d5135847e5304f57daa7dc4bdee4d03/elements - {"using":"xpath","value":"//bdi[text()=\"OK\"]"}
RESULT: {"using":"xpath","value":"//bdi[text()=\"OK\"]"}
COMMAND: POST /session/2d5135847e5304f57daa7dc4bdee4d03/elements - {"using":"xpath","value":"//bdi[text()=\"OK\"]"}
RESULT: {"using":"xpath","value":"//bdi[text()=\"OK\"]"}
COMMAND: POST /session/2d5135847e5304f57daa7dc4bdee4d03/elements - {"using":"xpath","value":"//bdi[text()=\"OK\"]"}
RESULT: {"using":"xpath","value":"//bdi[text()=\"OK\"]"}
COMMAND: POST /session/2d5135847e5304f57daa7dc4bdee4d03/elements - {"using":"xpath","value":"//bdi[text()=\"OK\"]"}
RESULT: {"using":"xpath","value":"//bdi[text()=\"OK\"]"}
COMMAND: POST /session/2d5135847e5304f57daa7dc4bdee4d03/elements - {"using":"xpath","value":"//bdi[text()=\"OK\"]"}
RESULT: {"using":"xpath","value":"//bdi[text()=\"OK\"]"}
COMMAND: POST /session/2d5135847e5304f57daa7dc4bdee4d03/elements - {"using":"xpath","value":"//bdi[text()=\"OK\"]"}
RESULT: {"using":"xpath","value":"//bdi[text()=\"OK\"]"}
COMMAND: POST /session/2d5135847e5304f57daa7dc4bdee4d03/elements - {"using":"xpath","value":"//bdi[text()=\"OK\"]"}
RESULT: {"using":"xpath","value":"//bdi[text()=\"OK\"]"}
COMMAND: POST /session/2d5135847e5304f57daa7dc4bdee4d03/elements - {"using":"xpath","value":"//bdi[text()=\"OK\"]"}
RESULT: {"using":"xpath","value":"//bdi[text()=\"OK\"]"}
COMMAND: POST /session/2d5135847e5304f57daa7dc4bdee4d03/elements - {"using":"xpath","value":"//bdi[text()=\"OK\"]"}
RESULT: {"using":"xpath","value":"//bdi[text()=\"OK\"]"}
COMMAND: POST /session/2d5135847e5304f57daa7dc4bdee4d03/elements - {"using":"xpath","value":"//bdi[text()=\"OK\"]"}
RESULT: {"using":"xpath","value":"//bdi[text()=\"OK\"]"}
COMMAND: POST /session/2d5135847e5304f57daa7dc4bdee4d03/elements - {"using":"xpath","value":"//bdi[text()=\"OK\"]"}
RESULT: {"using":"xpath","value":"//bdi[text()=\"OK\"]"}
COMMAND: POST /session/2d5135847e5304f57daa7dc4bdee4d03/elements - {"using":"xpath","value":"//bdi[text()=\"OK\"]"}
RESULT: {"using":"xpath","value":"//bdi[text()=\"OK\"]"}
COMMAND: POST /session/2d5135847e5304f57daa7dc4bdee4d03/elements - {"using":"xpath","value":"//bdi[text()=\"OK\"]"}
RESULT: {"using":"xpath","value":"//bdi[text()=\"OK\"]"}
COMMAND: POST /session/2d5135847e5304f57daa7dc4bdee4d03/elements - {"using":"xpath","value":"//bdi[text()=\"OK\"]"}
RESULT: {"using":"xpath","value":"//bdi[text()=\"OK\"]"}
COMMAND: POST /session/2d5135847e5304f57daa7dc4bdee4d03/elements - {"using":"xpath","value":"//bdi[text()=\"OK\"]"}
RESULT: {"using":"xpath","value":"//bdi[text()=\"OK\"]"}
COMMAND: POST /session/2d5135847e5304f57daa7dc4bdee4d03/elements - {"using":"xpath","value":"//bdi[text()=\"OK\"]"}
RESULT: {"using":"xpath","value":"//bdi[text()=\"OK\"]"}
COMMAND: POST /session/2d5135847e5304f57daa7dc4bdee4d03/elements - {"using":"xpath","value":"//bdi[text()=\"OK\"]"}
RESULT: {"using":"xpath","value":"//bdi[text()=\"OK\"]"}
COMMAND: POST /session/2d5135847e5304f57daa7dc4bdee4d03/elements - {"using":"xpath","value":"//bdi[text()=\"OK\"]"}
RESULT: {"using":"xpath","value":"//bdi[text()=\"OK\"]"}
COMMAND: POST /session/2d5135847e5304f57daa7dc4bdee4d03/elements - {"using":"xpath","value":"//bdi[text()=\"OK\"]"}
RESULT: {"using":"xpath","value":"//bdi[text()=\"OK\"]"}
COMMAND: POST /session/2d5135847e5304f57daa7dc4bdee4d03/elements - {"using":"xpath","value":"//bdi[text()=\"OK\"]"}
RESULT: {"using":"xpath","value":"//bdi[text()=\"OK\"]"}
COMMAND: POST /session/2d5135847e5304f57daa7dc4bdee4d03/elements - {"using":"xpath","value":"//bdi[text()=\"OK\"]"}
RESULT: {"using":"xpath","value":"//bdi[text()=\"OK\"]"}
COMMAND: POST /session/2d5135847e5304f57daa7dc4bdee4d03/elements - {"using":"xpath","value":"//bdi[text()=\"OK\"]"}
RESULT: {"using":"xpath","value":"//bdi[text()=\"OK\"]"}
COMMAND: POST /session/2d5135847e5304f57daa7dc4bdee4d03/execute/async - {"script":"<script> [1562 bytes]","args":[{"selector":{"id":"application-manageresources-display-component---newResourceUnit--TYPE-arrow"},"wdio_ui5_key":"applicationmanageresources-display-component---newResourceUnit--TYPE-arrow"}]}
RESULT: {"script":"<script> [1562 bytes]","args":[{"selector":{"id":"application-manageresources-display-component---newResourceUnit--TYPE-arrow"},"wdio_ui5_key":"applicationmanageresources-display-component---newResourceUnit--TYPE-arrow"}]}
RESULT: undefined
COMMAND: POST /session/2d5135847e5304f57daa7dc4bdee4d03/element - {"using":"xpath","value":"//*[@id=\"application-manageresources-display-component---newResourceUnit--TYPE-arrow\"]"}
RESULT: {"using":"xpath","value":"//*[@id=\"application-manageresources-display-component---newResourceUnit--TYPE-arrow\"]"}
COMMAND: POST /session/2d5135847e5304f57daa7dc4bdee4d03/element/f.C9F7354B4C3623E4DF2D19FF41AB4D20.d.6CFB0C83B8929E5E22820894B2C6172A.e.7872/click - {}
RESULT: {}
COMMAND: POST /session/2d5135847e5304f57daa7dc4bdee4d03/execute/async - {"script":"<script> [1562 bytes]","args":[{"selector":{"controlType":"sap.m.StandardListItem","viewName":"reusables.view.manageresources.NewResourceUnit","viewId":"application-manageresources-display-component---newResourceUnit","properties":{"title":"Equipment"},"searchOpenDialogs":true,"interaction":{"idSuffix":"content"}},"wdio_ui5_key":"reusablesview.manageresources.NewResourceUnitsap.m.StandardListItem{\"title\":\"Equipment\"}"}]}
COMMAND: GET /session/2d5135847e5304f57daa7dc4bdee4d03/screenshot - {}
RESULT: {"script":"<script> [1562 bytes]","args":[{"selector":{"controlType":"sap.m.StandardListItem","viewName":"reusables.view.manageresources.NewResourceUnit","viewId":"application-manageresources-display-component---newResourceUnit","properties":{"title":"Equipment"},"searchOpenDialogs":true,"interaction":{"idSuffix":"content"}},"wdio_ui5_key":"reusablesview.manageresources.NewResourceUnitsap.m.StandardListItem{\"title\":\"Equipment\"}"}]}
RESULT: undefined
COMMAND: POST /session/2d5135847e5304f57daa7dc4bdee4d03/element - {"using":"xpath","value":"//*[@id=\"__item138\"]"}
RESULT: {}
RESULT: {"using":"xpath","value":"//*[@id=\"__item138\"]"}
COMMAND: POST /session/2d5135847e5304f57daa7dc4bdee4d03/element/f.C9F7354B4C3623E4DF2D19FF41AB4D20.d.6CFB0C83B8929E5E22820894B2C6172A.e.7875/click - {}
RESULT: {}
COMMAND: POST /session/2d5135847e5304f57daa7dc4bdee4d03/execute/async - {"script":"<script> [1562 bytes]","args":[{"selector":{"id":"application-manageresources-display-component---newResourceUnit--resourceId","interaction":{"idSuffix":"inner"}},"wdio_ui5_key":"applicationmanageresources-display-component---newResourceUnit--resourceId"}]}
COMMAND: GET /session/2d5135847e5304f57daa7dc4bdee4d03/screenshot - {}
RESULT: {"script":"<script> [1562 bytes]","args":[{"selector":{"id":"application-manageresources-display-component---newResourceUnit--resourceId","interaction":{"idSuffix":"inner"}},"wdio_ui5_key":"applicationmanageresources-display-component---newResourceUnit--resourceId"}]}
RESULT: undefined
COMMAND: POST /session/2d5135847e5304f57daa7dc4bdee4d03/execute/async - {"script":"<script> [776 bytes]","args":[{"enterText":"EquipmentCounter 6e0l8","selector":{"id":"application-manageresources-display-component---newResourceUnit--resourceId","interaction":{"idSuffix":"inner"}},"clearTextFirst":true,"interactionType":"ENTER_TEXT"}]}
RESULT: {}
RESULT: {"script":"<script> [776 bytes]","args":[{"enterText":"EquipmentCounter 6e0l8","selector":{"id":"application-manageresources-display-component---newResourceUnit--resourceId","interaction":{"idSuffix":"inner"}},"clearTextFirst":true,"interactionType":"ENTER_TEXT"}]}
COMMAND: POST /session/2d5135847e5304f57daa7dc4bdee4d03/execute/async - {"script":"<script> [1562 bytes]","args":[{"selector":{"id":"application-manageresources-display-component---newResourceUnit--SHORT_TEXT","interaction":{"idSuffix":"inner"}},"wdio_ui5_key":"applicationmanageresources-display-component---newResourceUnit--SHORT_TEXT"}]}
RESULT: {"script":"<script> [1562 bytes]","args":[{"selector":{"id":"application-manageresources-display-component---newResourceUnit--SHORT_TEXT","interaction":{"idSuffix":"inner"}},"wdio_ui5_key":"applicationmanageresources-display-component---newResourceUnit--SHORT_TEXT"}]}
RESULT: undefined
COMMAND: POST /session/2d5135847e5304f57daa7dc4bdee4d03/execute/async - {"script":"<script> [776 bytes]","args":[{"enterText":"EquipmentCounter 6e0l8","selector":{"id":"application-manageresources-display-component---newResourceUnit--SHORT_TEXT","interaction":{"idSuffix":"inner"}},"clearTextFirst":true,"interactionType":"ENTER_TEXT"}]}
RESULT: {"script":"<script> [776 bytes]","args":[{"enterText":"EquipmentCounter 6e0l8","selector":{"id":"application-manageresources-display-component---newResourceUnit--SHORT_TEXT","interaction":{"idSuffix":"inner"}},"clearTextFirst":true,"interactionType":"ENTER_TEXT"}]}
COMMAND: POST /session/2d5135847e5304f57daa7dc4bdee4d03/execute/async - {"script":"<script> [1562 bytes]","args":[{"selector":{"id":"application-manageresources-display-component---newResourceUnit--BASE_UNIT_OF_MEASURE","interaction":{"idSuffix":"inner"}},"wdio_ui5_key":"applicationmanageresources-display-component---newResourceUnit--BASE_UNIT_OF_MEASURE"}]}
RESULT: {"script":"<script> [1562 bytes]","args":[{"selector":{"id":"application-manageresources-display-component---newResourceUnit--BASE_UNIT_OF_MEASURE","interaction":{"idSuffix":"inner"}},"wdio_ui5_key":"applicationmanageresources-display-component---newResourceUnit--BASE_UNIT_OF_MEASURE"}]}
RESULT: undefined
COMMAND: POST /session/2d5135847e5304f57daa7dc4bdee4d03/execute/async - {"script":"<script> [776 bytes]","args":[{"enterText":"Piece","selector":{"id":"application-manageresources-display-component---newResourceUnit--BASE_UNIT_OF_MEASURE","interaction":{"idSuffix":"inner"}},"clearTextFirst":true,"interactionType":"ENTER_TEXT"}]}
RESULT: {"script":"<script> [776 bytes]","args":[{"enterText":"Piece","selector":{"id":"application-manageresources-display-component---newResourceUnit--BASE_UNIT_OF_MEASURE","interaction":{"idSuffix":"inner"}},"clearTextFirst":true,"interactionType":"ENTER_TEXT"}]}
COMMAND: POST /session/2d5135847e5304f57daa7dc4bdee4d03/execute/async - {"script":"<script> [1562 bytes]","args":[{"selector":{"id":"application-manageresources-display-component---newResourceUnit--WEIGHT_UNIT","interaction":{"idSuffix":"inner"}},"wdio_ui5_key":"applicationmanageresources-display-component---newResourceUnit--WEIGHT_UNIT"}]}
RESULT: {"script":"<script> [1562 bytes]","args":[{"selector":{"id":"application-manageresources-display-component---newResourceUnit--WEIGHT_UNIT","interaction":{"idSuffix":"inner"}},"wdio_ui5_key":"applicationmanageresources-display-component---newResourceUnit--WEIGHT_UNIT"}]}
RESULT: undefined
COMMAND: POST /session/2d5135847e5304f57daa7dc4bdee4d03/execute/async - {"script":"<script> [776 bytes]","args":[{"enterText":"Gram","selector":{"id":"application-manageresources-display-component---newResourceUnit--WEIGHT_UNIT","interaction":{"idSuffix":"inner"}},"clearTextFirst":true,"interactionType":"ENTER_TEXT"}]}
RESULT: {"script":"<script> [776 bytes]","args":[{"enterText":"Gram","selector":{"id":"application-manageresources-display-component---newResourceUnit--WEIGHT_UNIT","interaction":{"idSuffix":"inner"}},"clearTextFirst":true,"interactionType":"ENTER_TEXT"}]}
COMMAND: POST /session/2d5135847e5304f57daa7dc4bdee4d03/execute/async - {"script":"<script> [1562 bytes]","args":[{"selector":{"id":"application-manageresources-display-component---newResourceUnit--newRRUPage-OPHeaderContent-collapseBtn-img"},"wdio_ui5_key":"applicationmanageresources-display-component---newResourceUnit--newRRUPage-OPHeaderContent-collapseBtn-img"}]}
RESULT: {"script":"<script> [1562 bytes]","args":[{"selector":{"id":"application-manageresources-display-component---newResourceUnit--newRRUPage-OPHeaderContent-collapseBtn-img"},"wdio_ui5_key":"applicationmanageresources-display-component---newResourceUnit--newRRUPage-OPHeaderContent-collapseBtn-img"}]}
RESULT: undefined
COMMAND: POST /session/2d5135847e5304f57daa7dc4bdee4d03/element - {"using":"xpath","value":"//*[@id=\"application-manageresources-display-component---newResourceUnit--newRRUPage-OPHeaderContent-collapseBtn-img\"]"}
RESULT: {"using":"xpath","value":"//*[@id=\"application-manageresources-display-component---newResourceUnit--newRRUPage-OPHeaderContent-collapseBtn-img\"]"}
COMMAND: POST /session/2d5135847e5304f57daa7dc4bdee4d03/element/f.C9F7354B4C3623E4DF2D19FF41AB4D20.d.6CFB0C83B8929E5E22820894B2C6172A.e.7883/click - {}
RESULT: {}
COMMAND: GET /session/2d5135847e5304f57daa7dc4bdee4d03/screenshot - {}
RESULT: {}
COMMAND: POST /session/2d5135847e5304f57daa7dc4bdee4d03/element - {"using":"xpath","value":"(//span[contains(@id ,\"application-manageresources-display-component---newResourceUnit--DIMENSION_UNIT-arrow\")])[1]"}
RESULT: {"using":"xpath","value":"(//span[contains(@id ,\"application-manageresources-display-component---newResourceUnit--DIMENSION_UNIT-arrow\")])[1]"}
COMMAND: POST /session/2d5135847e5304f57daa7dc4bdee4d03/element/f.C9F7354B4C3623E4DF2D19FF41AB4D20.d.6CFB0C83B8929E5E22820894B2C6172A.e.8006/click - {}
RESULT: {}
COMMAND: GET /session/2d5135847e5304f57daa7dc4bdee4d03/screenshot - {}
RESULT: {}
COMMAND: POST /session/2d5135847e5304f57daa7dc4bdee4d03/execute/async - {"script":"<script> [1562 bytes]","args":[{"selector":{"controlType":"sap.m.StandardListItem","viewName":"reusables.view.manageresources.NewResourceUnit","viewId":"application-manageresources-display-component---newResourceUnit","properties":{"title":"Centimeter"},"searchOpenDialogs":true,"interaction":{"idSuffix":"titleText"}},"wdio_ui5_key":"reusablesview.manageresources.NewResourceUnitsap.m.StandardListItem{\"title\":\"Centimeter\"}"}]}
RESULT: {"script":"<script> [1562 bytes]","args":[{"selector":{"controlType":"sap.m.StandardListItem","viewName":"reusables.view.manageresources.NewResourceUnit","viewId":"application-manageresources-display-component---newResourceUnit","properties":{"title":"Centimeter"},"searchOpenDialogs":true,"interaction":{"idSuffix":"titleText"}},"wdio_ui5_key":"reusablesview.manageresources.NewResourceUnitsap.m.StandardListItem{\"title\":\"Centimeter\"}"}]}
RESULT: undefined
COMMAND: POST /session/2d5135847e5304f57daa7dc4bdee4d03/element - {"using":"xpath","value":"//*[@id=\"__item179\"]"}
RESULT: {"using":"xpath","value":"//*[@id=\"__item179\"]"}
COMMAND: POST /session/2d5135847e5304f57daa7dc4bdee4d03/element/f.C9F7354B4C3623E4DF2D19FF41AB4D20.d.6CFB0C83B8929E5E22820894B2C6172A.e.8008/click - {}
RESULT: {}
COMMAND: GET /session/2d5135847e5304f57daa7dc4bdee4d03/screenshot - {}
RESULT: {}
COMMAND: POST /session/2d5135847e5304f57daa7dc4bdee4d03/execute/async - {"script":"<script> [1562 bytes]","args":[{"selector":{"id":"application-manageresources-display-component---newResourceUnit--newRRUPage-anchBar-application-manageresources-display-component---newResourceUnit--control-anchor","interaction":{"idSuffix":"BDI-content"}},"wdio_ui5_key":"applicationmanageresources-display-component---newResourceUnit--newRRUPage-anchBar-application-manageresources-display-component---newResourceUnit--control-anchor"}]}
RESULT: {"script":"<script> [1562 bytes]","args":[{"selector":{"id":"application-manageresources-display-component---newResourceUnit--newRRUPage-anchBar-application-manageresources-display-component---newResourceUnit--control-anchor","interaction":{"idSuffix":"BDI-content"}},"wdio_ui5_key":"applicationmanageresources-display-component---newResourceUnit--newRRUPage-anchBar-application-manageresources-display-component---newResourceUnit--control-anchor"}]}
RESULT: undefined
COMMAND: POST /session/2d5135847e5304f57daa7dc4bdee4d03/element - {"using":"xpath","value":"//*[@id=\"application-manageresources-display-component---newResourceUnit--newRRUPage-anchBar-application-manageresources-display-component---newResourceUnit--control-anchor\"]"}
RESULT: {"using":"xpath","value":"//*[@id=\"application-manageresources-display-component---newResourceUnit--newRRUPage-anchBar-application-manageresources-display-component---newResourceUnit--control-anchor\"]"}
COMMAND: POST /session/2d5135847e5304f57daa7dc4bdee4d03/element/f.C9F7354B4C3623E4DF2D19FF41AB4D20.d.6CFB0C83B8929E5E22820894B2C6172A.e.8010/click - {}
RESULT: {}
COMMAND: POST /session/2d5135847e5304f57daa7dc4bdee4d03/execute/async - {"script":"<script> [1562 bytes]","args":[{"selector":{"id":"application-manageresources-display-component---newResourceUnit--PLANNING_GROUP","interaction":{"idSuffix":"inner"}},"wdio_ui5_key":"applicationmanageresources-display-component---newResourceUnit--PLANNING_GROUP"}]}
COMMAND: GET /session/2d5135847e5304f57daa7dc4bdee4d03/screenshot - {}
RESULT: {"script":"<script> [1562 bytes]","args":[{"selector":{"id":"application-manageresources-display-component---newResourceUnit--PLANNING_GROUP","interaction":{"idSuffix":"inner"}},"wdio_ui5_key":"applicationmanageresources-display-component---newResourceUnit--PLANNING_GROUP"}]}
RESULT: undefined
COMMAND: POST /session/2d5135847e5304f57daa7dc4bdee4d03/execute/async - {"script":"<script> [776 bytes]","args":[{"enterText":"Heavy Equi","selector":{"id":"application-manageresources-display-component---newResourceUnit--PLANNING_GROUP","interaction":{"idSuffix":"inner"}},"clearTextFirst":true,"interactionType":"ENTER_TEXT"}]}
RESULT: {}
RESULT: {"script":"<script> [776 bytes]","args":[{"enterText":"Heavy Equi","selector":{"id":"application-manageresources-display-component---newResourceUnit--PLANNING_GROUP","interaction":{"idSuffix":"inner"}},"clearTextFirst":true,"interactionType":"ENTER_TEXT"}]}
COMMAND: POST /session/2d5135847e5304f57daa7dc4bdee4d03/execute/async - {"script":"<script> [1562 bytes]","args":[{"selector":{"id":"application-manageresources-display-component---newResourceUnit--ITEM_TYPE-arrow"},"wdio_ui5_key":"applicationmanageresources-display-component---newResourceUnit--ITEM_TYPE-arrow"}]}
RESULT: {"script":"<script> [1562 bytes]","args":[{"selector":{"id":"application-manageresources-display-component---newResourceUnit--ITEM_TYPE-arrow"},"wdio_ui5_key":"applicationmanageresources-display-component---newResourceUnit--ITEM_TYPE-arrow"}]}
RESULT: undefined
COMMAND: POST /session/2d5135847e5304f57daa7dc4bdee4d03/element - {"using":"xpath","value":"//*[@id=\"application-manageresources-display-component---newResourceUnit--ITEM_TYPE-arrow\"]"}
RESULT: {"using":"xpath","value":"//*[@id=\"application-manageresources-display-component---newResourceUnit--ITEM_TYPE-arrow\"]"}
COMMAND: POST /session/2d5135847e5304f57daa7dc4bdee4d03/element/f.C9F7354B4C3623E4DF2D19FF41AB4D20.d.6CFB0C83B8929E5E22820894B2C6172A.e.8015/click - {}
RESULT: {}
COMMAND: POST /session/2d5135847e5304f57daa7dc4bdee4d03/execute/async - {"script":"<script> [1562 bytes]","args":[{"selector":{"controlType":"sap.m.StandardListItem","viewName":"reusables.view.manageresources.NewResourceUnit","viewId":"application-manageresources-display-component---newResourceUnit","properties":{"title":"Resource Unit"},"searchOpenDialogs":true,"interaction":{"idSuffix":"titleText"}},"wdio_ui5_key":"reusablesview.manageresources.NewResourceUnitsap.m.StandardListItem{\"title\":\"Resource Unit\"}"}]}
COMMAND: GET /session/2d5135847e5304f57daa7dc4bdee4d03/screenshot - {}
RESULT: {"script":"<script> [1562 bytes]","args":[{"selector":{"controlType":"sap.m.StandardListItem","viewName":"reusables.view.manageresources.NewResourceUnit","viewId":"application-manageresources-display-component---newResourceUnit","properties":{"title":"Resource Unit"},"searchOpenDialogs":true,"interaction":{"idSuffix":"titleText"}},"wdio_ui5_key":"reusablesview.manageresources.NewResourceUnitsap.m.StandardListItem{\"title\":\"Resource Unit\"}"}]}
RESULT: undefined
COMMAND: POST /session/2d5135847e5304f57daa7dc4bdee4d03/element - {"using":"xpath","value":"//*[@id=\"__item201\"]"}
RESULT: {}
RESULT: {"using":"xpath","value":"//*[@id=\"__item201\"]"}
COMMAND: POST /session/2d5135847e5304f57daa7dc4bdee4d03/element/f.C9F7354B4C3623E4DF2D19FF41AB4D20.d.6CFB0C83B8929E5E22820894B2C6172A.e.8017/click - {}
RESULT: {}
COMMAND: POST /session/2d5135847e5304f57daa7dc4bdee4d03/element - {"using":"xpath","value":"//bdi[contains(text(), \"Time Segment\")]"}
COMMAND: GET /session/2d5135847e5304f57daa7dc4bdee4d03/screenshot - {}
RESULT: {"using":"xpath","value":"//bdi[contains(text(), \"Time Segment\")]"}
COMMAND: GET /session/2d5135847e5304f57daa7dc4bdee4d03/element/f.C9F7354B4C3623E4DF2D19FF41AB4D20.d.6CFB0C83B8929E5E22820894B2C6172A.e.8018/rect - {}
RESULT: {}
RESULT: {}
COMMAND: GET /session/2d5135847e5304f57daa7dc4bdee4d03/window/rect - {}
RESULT: {}
COMMAND: POST /session/2d5135847e5304f57daa7dc4bdee4d03/execute/sync - {"script":"<script> [92 bytes]","args":[]}
RESULT: {"script":"<script> [92 bytes]","args":[]}
COMMAND: POST /session/2d5135847e5304f57daa7dc4bdee4d03/actions - {"actions":[{"id":"action21","type":"wheel","parameters":{},"actions":[{"type":"scroll","x":-1820,"y":-21,"deltaX":0,"deltaY":0,"duration":0,"origin":{"element-6066-11e4-a52e-4f735466cecf":"f.C9F7354B4C3623E4DF2D19FF41AB4D20.d.6CFB0C83B8929E5E22820894B2C6172A.e.8018"}}]}]}
COMMAND: GET /session/2d5135847e5304f57daa7dc4bdee4d03/screenshot - {}
RESULT: {}
COMMAND: POST /session/2d5135847e5304f57daa7dc4bdee4d03/execute/sync - {"script":"<script> [79 bytes]","args":[{"element-6066-11e4-a52e-4f735466cecf":"f.C9F7354B4C3623E4DF2D19FF41AB4D20.d.6CFB0C83B8929E5E22820894B2C6172A.e.8018","ELEMENT":"f.C9F7354B4C3623E4DF2D19FF41AB4D20.d.6CFB0C83B8929E5E22820894B2C6172A.e.8018"},{"block":"start","inline":"nearest"}]}
RESULT: {"script":"<script> [79 bytes]","args":[{"element-6066-11e4-a52e-4f735466cecf":"f.C9F7354B4C3623E4DF2D19FF41AB4D20.d.6CFB0C83B8929E5E22820894B2C6172A.e.8018","ELEMENT":"f.C9F7354B4C3623E4DF2D19FF41AB4D20.d.6CFB0C83B8929E5E22820894B2C6172A.e.8018"},{"block":"start","inline":"nearest"}]}
COMMAND: POST /session/2d5135847e5304f57daa7dc4bdee4d03/execute/async - {"script":"<script> [1562 bytes]","args":[{"selector":{"id":"application-manageresources-display-component---newResourceUnit--btnAddTimeSegment-img"},"wdio_ui5_key":"applicationmanageresources-display-component---newResourceUnit--btnAddTimeSegment-img"}]}
COMMAND: GET /session/2d5135847e5304f57daa7dc4bdee4d03/screenshot - {}
RESULT: {"script":"<script> [1562 bytes]","args":[{"selector":{"id":"application-manageresources-display-component---newResourceUnit--btnAddTimeSegment-img"},"wdio_ui5_key":"applicationmanageresources-display-component---newResourceUnit--btnAddTimeSegment-img"}]}
RESULT: undefined
COMMAND: POST /session/2d5135847e5304f57daa7dc4bdee4d03/element - {"using":"xpath","value":"//*[@id=\"application-manageresources-display-component---newResourceUnit--btnAddTimeSegment-img\"]"}
RESULT: {}
RESULT: {"using":"xpath","value":"//*[@id=\"application-manageresources-display-component---newResourceUnit--btnAddTimeSegment-img\"]"}
COMMAND: POST /session/2d5135847e5304f57daa7dc4bdee4d03/element/f.C9F7354B4C3623E4DF2D19FF41AB4D20.d.6CFB0C83B8929E5E22820894B2C6172A.e.8021/click - {}
RESULT: {}
COMMAND: POST /session/2d5135847e5304f57daa7dc4bdee4d03/element - {"using":"xpath","value":"//input[@id=\"application-manageresources-display-component---newResourceUnit--idRuTSAdmin-application-manageresources-display-component---newResourceUnit--RUTimeSegment-0-inner\"]"}
COMMAND: GET /session/2d5135847e5304f57daa7dc4bdee4d03/screenshot - {}
RESULT: {"using":"xpath","value":"//input[@id=\"application-manageresources-display-component---newResourceUnit--idRuTSAdmin-application-manageresources-display-component---newResourceUnit--RUTimeSegment-0-inner\"]"}
COMMAND: POST /session/2d5135847e5304f57daa7dc4bdee4d03/element/f.C9F7354B4C3623E4DF2D19FF41AB4D20.d.6CFB0C83B8929E5E22820894B2C6172A.e.8024/clear - {}
RESULT: {}
RESULT: {}
COMMAND: POST /session/2d5135847e5304f57daa7dc4bdee4d03/element/f.C9F7354B4C3623E4DF2D19FF41AB4D20.d.6CFB0C83B8929E5E22820894B2C6172A.e.8024/value - {"text":"Webdriver Yard"}
COMMAND: GET /session/2d5135847e5304f57daa7dc4bdee4d03/screenshot - {}
RESULT: {"text":"Webdriver Yard"}
COMMAND: GET /session/2d5135847e5304f57daa7dc4bdee4d03/screenshot - {}
RESULT: {}
RESULT: {}
COMMAND: POST /session/2d5135847e5304f57daa7dc4bdee4d03/actions - {"actions":[{"id":"action22","type":"key","parameters":{},"actions":[{"type":"keyDown","value":"î€‡"},{"type":"pause","duration":10},{"type":"keyUp","value":"î€‡"}]}]}
RESULT: {"actions":[{"id":"action22","type":"key","parameters":{},"actions":[{"type":"keyDown","value":"î€‡"},{"type":"pause","duration":10},{"type":"keyUp","value":"î€‡"}]}]}
COMMAND: POST /session/2d5135847e5304f57daa7dc4bdee4d03/execute/async - {"script":"<script> [1562 bytes]","args":[{"selector":{"controlType":"sap.ui.core.Icon","viewName":"reusables.view.manageresources.NewResourceUnit","viewId":"application-manageresources-display-component---newResourceUnit","properties":{"src":{"regex":{"source":"slim\\-arrow\\-down"}}},"ancestor":{"controlType":"sap.m.ComboBox","viewName":"reusables.view.manageresources.NewResourceUnit","viewId":"application-manageresources-display-component---newResourceUnit","bindingPath":{"path":"/RESOURCE_UNIT_TIME_SEQUENCES/0","propertyPath":"COST_OBJECT_ADMIN_CST_TYPE","modelName":"oNewRruModel"}}},"wdio_ui5_key":"reusablesview.manageresources.NewResourceUnitsap.ui.core.Icon{\"src\":{\"regex\":{\"source\":\"slim\\\\-arrow\\\\-down\"}}}{\"controlType\":\"sap.m.ComboBox\",\"viewName\":\"reusables.view.manageresources.NewResourceUnit\",\"viewId\":\"application-manageresources-display-component---newResourceUnit\",\"bindingPath\":{\"path\":\"/RESOURCE_UNIT_TIME_SEQUENCES/0\",\"propertyPath\":\"COST_OBJECT_ADMIN_CST_TYPE\",\"modelName\":\"oNewRruModel\"}}"}]}
COMMAND: GET /session/2d5135847e5304f57daa7dc4bdee4d03/screenshot - {}
RESULT: {"script":"<script> [1562 bytes]","args":[{"selector":{"controlType":"sap.ui.core.Icon","viewName":"reusables.view.manageresources.NewResourceUnit","viewId":"application-manageresources-display-component---newResourceUnit","properties":{"src":{"regex":{"source":"slim\\-arrow\\-down"}}},"ancestor":{"controlType":"sap.m.ComboBox","viewName":"reusables.view.manageresources.NewResourceUnit","viewId":"application-manageresources-display-component---newResourceUnit","bindingPath":{"path":"/RESOURCE_UNIT_TIME_SEQUENCES/0","propertyPath":"COST_OBJECT_ADMIN_CST_TYPE","modelName":"oNewRruModel"}}},"wdio_ui5_key":"reusablesview.manageresources.NewResourceUnitsap.ui.core.Icon{\"src\":{\"regex\":{\"source\":\"slim\\\\-arrow\\\\-down\"}}}{\"controlType\":\"sap.m.ComboBox\",\"viewName\":\"reusables.view.manageresources.NewResourceUnit\",\"viewId\":\"application-manageresources-display-component---newResourceUnit\",\"bindingPath\":{\"path\":\"/RESOURCE_UNIT_TIME_SEQUENCES/0\",\"propertyPath\":\"COST_OBJECT_ADMIN_CST_TYPE\",\"modelName\":\"oNewRruModel\"}}"}]}
RESULT: undefined
COMMAND: POST /session/2d5135847e5304f57daa7dc4bdee4d03/element - {"using":"xpath","value":"//*[@id=\"__box4-application-manageresources-display-component---newResourceUnit--RUTimeSegment-0-arrow\"]"}
RESULT: {}
RESULT: {"using":"xpath","value":"//*[@id=\"__box4-application-manageresources-display-component---newResourceUnit--RUTimeSegment-0-arrow\"]"}
COMMAND: POST /session/2d5135847e5304f57daa7dc4bdee4d03/element/f.C9F7354B4C3623E4DF2D19FF41AB4D20.d.6CFB0C83B8929E5E22820894B2C6172A.e.8038/click - {}
RESULT: {}
COMMAND: POST /session/2d5135847e5304f57daa7dc4bdee4d03/execute/async - {"script":"<script> [1562 bytes]","args":[{"selector":{"controlType":"sap.m.StandardListItem","viewName":"reusables.view.manageresources.NewResourceUnit","viewId":"application-manageresources-display-component---newResourceUnit","properties":{"title":"PM Order"},"searchOpenDialogs":true,"interaction":{"idSuffix":"titleText"}},"wdio_ui5_key":"reusablesview.manageresources.NewResourceUnitsap.m.StandardListItem{\"title\":\"PM Order\"}"}]}
COMMAND: GET /session/2d5135847e5304f57daa7dc4bdee4d03/screenshot - {}
RESULT: {"script":"<script> [1562 bytes]","args":[{"selector":{"controlType":"sap.m.StandardListItem","viewName":"reusables.view.manageresources.NewResourceUnit","viewId":"application-manageresources-display-component---newResourceUnit","properties":{"title":"PM Order"},"searchOpenDialogs":true,"interaction":{"idSuffix":"titleText"}},"wdio_ui5_key":"reusablesview.manageresources.NewResourceUnitsap.m.StandardListItem{\"title\":\"PM Order\"}"}]}
RESULT: undefined
COMMAND: POST /session/2d5135847e5304f57daa7dc4bdee4d03/element - {"using":"xpath","value":"//*[@id=\"__item627\"]"}
RESULT: {}
RESULT: {"using":"xpath","value":"//*[@id=\"__item627\"]"}
COMMAND: POST /session/2d5135847e5304f57daa7dc4bdee4d03/element/f.C9F7354B4C3623E4DF2D19FF41AB4D20.d.6CFB0C83B8929E5E22820894B2C6172A.e.8042/click - {}
RESULT: {}
COMMAND: GET /session/2d5135847e5304f57daa7dc4bdee4d03/screenshot - {}
RESULT: {}
COMMAND: POST /session/2d5135847e5304f57daa7dc4bdee4d03/element - {"using":"xpath","value":"(//input[contains(@id ,\"-application-manageresources-display-component---newResourceUnit--RUTimeSegment-0-inner\")])[8]"}
RESULT: {"using":"xpath","value":"(//input[contains(@id ,\"-application-manageresources-display-component---newResourceUnit--RUTimeSegment-0-inner\")])[8]"}
COMMAND: POST /session/2d5135847e5304f57daa7dc4bdee4d03/element/f.C9F7354B4C3623E4DF2D19FF41AB4D20.d.6CFB0C83B8929E5E22820894B2C6172A.e.8045/clear - {}
RESULT: {}
COMMAND: POST /session/2d5135847e5304f57daa7dc4bdee4d03/element/f.C9F7354B4C3623E4DF2D19FF41AB4D20.d.6CFB0C83B8929E5E22820894B2C6172A.e.8045/value - {"text":"4000360"}
COMMAND: GET /session/2d5135847e5304f57daa7dc4bdee4d03/screenshot - {}
RESULT: {"text":"4000360"}
COMMAND: GET /session/2d5135847e5304f57daa7dc4bdee4d03/screenshot - {}
RESULT: {}
RESULT: {}
COMMAND: POST /session/2d5135847e5304f57daa7dc4bdee4d03/actions - {"actions":[{"id":"action23","type":"key","parameters":{},"actions":[{"type":"keyDown","value":"î€‡"},{"type":"pause","duration":10},{"type":"keyUp","value":"î€‡"}]}]}
RESULT: {"actions":[{"id":"action23","type":"key","parameters":{},"actions":[{"type":"keyDown","value":"î€‡"},{"type":"pause","duration":10},{"type":"keyUp","value":"î€‡"}]}]}
COMMAND: GET /session/2d5135847e5304f57daa7dc4bdee4d03/screenshot - {}
RESULT: {}
COMMAND: POST /session/2d5135847e5304f57daa7dc4bdee4d03/execute/async - {"script":"<script> [1562 bytes]","args":[{"selector":{"id":"application-manageresources-display-component---newResourceUnit--newTimeSegmentDateRangePicker-application-manageresources-display-component---newResourceUnit--RUTimeSegment-0","interaction":{"idSuffix":"inner"}},"wdio_ui5_key":"applicationmanageresources-display-component---newResourceUnit--newTimeSegmentDateRangePicker-application-manageresources-display-component---newResourceUnit--RUTimeSegment-0"}]}
RESULT: {"script":"<script> [1562 bytes]","args":[{"selector":{"id":"application-manageresources-display-component---newResourceUnit--newTimeSegmentDateRangePicker-application-manageresources-display-component---newResourceUnit--RUTimeSegment-0","interaction":{"idSuffix":"inner"}},"wdio_ui5_key":"applicationmanageresources-display-component---newResourceUnit--newTimeSegmentDateRangePicker-application-manageresources-display-component---newResourceUnit--RUTimeSegment-0"}]}
RESULT: undefined
COMMAND: POST /session/2d5135847e5304f57daa7dc4bdee4d03/execute/async - {"script":"<script> [1562 bytes]","args":[{"selector":{"id":"application-manageresources-display-component---newResourceUnit--newRRUPage-anchBar-application-manageresources-display-component---newResourceUnit--resource-anchor","interaction":{"idSuffix":"BDI-content"}},"wdio_ui5_key":"applicationmanageresources-display-component---newResourceUnit--newRRUPage-anchBar-application-manageresources-display-component---newResourceUnit--resource-anchor"}]}
RESULT: {"script":"<script> [1562 bytes]","args":[{"selector":{"id":"application-manageresources-display-component---newResourceUnit--newRRUPage-anchBar-application-manageresources-display-component---newResourceUnit--resource-anchor","interaction":{"idSuffix":"BDI-content"}},"wdio_ui5_key":"applicationmanageresources-display-component---newResourceUnit--newRRUPage-anchBar-application-manageresources-display-component---newResourceUnit--resource-anchor"}]}
RESULT: undefined
COMMAND: POST /session/2d5135847e5304f57daa7dc4bdee4d03/element - {"using":"xpath","value":"//*[@id=\"application-manageresources-display-component---newResourceUnit--newRRUPage-anchBar-application-manageresources-display-component---newResourceUnit--resource-anchor\"]"}
RESULT: {"using":"xpath","value":"//*[@id=\"application-manageresources-display-component---newResourceUnit--newRRUPage-anchBar-application-manageresources-display-component---newResourceUnit--resource-anchor\"]"}
COMMAND: POST /session/2d5135847e5304f57daa7dc4bdee4d03/element/f.C9F7354B4C3623E4DF2D19FF41AB4D20.d.6CFB0C83B8929E5E22820894B2C6172A.e.8050/click - {}
RESULT: {}
COMMAND: POST /session/2d5135847e5304f57daa7dc4bdee4d03/execute/async - {"script":"<script> [1562 bytes]","args":[{"selector":{"id":"application-manageresources-display-component---newResourceUnit--PLANNED_DELIVERY_DATE","interaction":{"idSuffix":"inner"}},"wdio_ui5_key":"applicationmanageresources-display-component---newResourceUnit--PLANNED_DELIVERY_DATE"}]}
COMMAND: GET /session/2d5135847e5304f57daa7dc4bdee4d03/screenshot - {}
RESULT: {"script":"<script> [1562 bytes]","args":[{"selector":{"id":"application-manageresources-display-component---newResourceUnit--PLANNED_DELIVERY_DATE","interaction":{"idSuffix":"inner"}},"wdio_ui5_key":"applicationmanageresources-display-component---newResourceUnit--PLANNED_DELIVERY_DATE"}]}
RESULT: undefined
COMMAND: POST /session/2d5135847e5304f57daa7dc4bdee4d03/execute/async - {"script":"<script> [6424 bytes]","args":[{"element-6066-11e4-a52e-4f735466cecf":"f.C9F7354B4C3623E4DF2D19FF41AB4D20.d.6CFB0C83B8929E5E22820894B2C6172A.e.7929"},"setValue",["06/18/24"]]}
RESULT: {}
RESULT: {"script":"<script> [6424 bytes]","args":[{"element-6066-11e4-a52e-4f735466cecf":"f.C9F7354B4C3623E4DF2D19FF41AB4D20.d.6CFB0C83B8929E5E22820894B2C6172A.e.7929"},"setValue",["06/18/24"]]}
COMMAND: POST /session/2d5135847e5304f57daa7dc4bdee4d03/execute/async - {"script":"<script> [1562 bytes]","args":[{"selector":{"controlType":"sap.m.Button","viewName":"reusables.view.manageresources.NewResourceUnit","viewId":"application-manageresources-display-component---newResourceUnit","i18NText":{"propertyName":"tooltip","key":"save"},"interaction":{"idSuffix":"BDI-content"}},"wdio_ui5_key":"reusablesview.manageresources.NewResourceUnitsap.m.Button{\"propertyName\":\"tooltip\",\"key\":\"save\"}"}]}
RESULT: {"script":"<script> [1562 bytes]","args":[{"selector":{"controlType":"sap.m.Button","viewName":"reusables.view.manageresources.NewResourceUnit","viewId":"application-manageresources-display-component---newResourceUnit","i18NText":{"propertyName":"tooltip","key":"save"},"interaction":{"idSuffix":"BDI-content"}},"wdio_ui5_key":"reusablesview.manageresources.NewResourceUnitsap.m.Button{\"propertyName\":\"tooltip\",\"key\":\"save\"}"}]}
RESULT: undefined
COMMAND: POST /session/2d5135847e5304f57daa7dc4bdee4d03/element - {"using":"xpath","value":"//*[@id=\"application-manageresources-display-component---newResourceUnit--createRuButton\"]"}
RESULT: {"using":"xpath","value":"//*[@id=\"application-manageresources-display-component---newResourceUnit--createRuButton\"]"}
COMMAND: POST /session/2d5135847e5304f57daa7dc4bdee4d03/element/f.C9F7354B4C3623E4DF2D19FF41AB4D20.d.6CFB0C83B8929E5E22820894B2C6172A.e.7889/click - {}
RESULT: {}
COMMAND: GET /session/2d5135847e5304f57daa7dc4bdee4d03/screenshot - {}
RESULT: {}
COMMAND: POST /session/2d5135847e5304f57daa7dc4bdee4d03/execute/async - {"script":"<script> [1562 bytes]","args":[{"selector":{"controlType":"sap.m.Button","properties":{"text":"Close"},"searchOpenDialogs":true,"interaction":{"idSuffix":"inner"}},"wdio_ui5_key":"sapm.Button{\"text\":\"Close\"}"}]}
RESULT: {"script":"<script> [1562 bytes]","args":[{"selector":{"controlType":"sap.m.Button","properties":{"text":"Close"},"searchOpenDialogs":true,"interaction":{"idSuffix":"inner"}},"wdio_ui5_key":"sapm.Button{\"text\":\"Close\"}"}]}
RESULT: undefined
COMMAND: POST /session/2d5135847e5304f57daa7dc4bdee4d03/element - {"using":"xpath","value":"//*[@id=\"__mbox-btn-0\"]"}
RESULT: {"using":"xpath","value":"//*[@id=\"__mbox-btn-0\"]"}
COMMAND: POST /session/2d5135847e5304f57daa7dc4bdee4d03/element/f.C9F7354B4C3623E4DF2D19FF41AB4D20.d.6CFB0C83B8929E5E22820894B2C6172A.e.8056/click - {}
RESULT: {}
COMMAND: GET /session/2d5135847e5304f57daa7dc4bdee4d03/screenshot - {}
RESULT: {}
COMMAND: POST /session/2d5135847e5304f57daa7dc4bdee4d03/execute/async - {"script":"<script> [1562 bytes]","args":[{"selector":{"controlType":"sap.m.Text","viewName":"etm.portal.ui.manageresources.view.Detail","viewId":"application-manageresources-display-component---detailRU","bindingPath":{"propertyPath":"ID","modelName":"catalogModel"}},"wdio_ui5_key":"etmportal.ui.manageresources.view.Detailsap.m.Text{\"propertyPath\":\"ID\",\"modelName\":\"catalogModel\"}"}]}
RESULT: {"script":"<script> [1562 bytes]","args":[{"selector":{"controlType":"sap.m.Text","viewName":"etm.portal.ui.manageresources.view.Detail","viewId":"application-manageresources-display-component---detailRU","bindingPath":{"propertyPath":"ID","modelName":"catalogModel"}},"wdio_ui5_key":"etmportal.ui.manageresources.view.Detailsap.m.Text{\"propertyPath\":\"ID\",\"modelName\":\"catalogModel\"}"}]}
RESULT: undefined
COMMAND: POST /session/2d5135847e5304f57daa7dc4bdee4d03/execute/async - {"script":"<script> [6424 bytes]","args":[{"element-6066-11e4-a52e-4f735466cecf":"f.C9F7354B4C3623E4DF2D19FF41AB4D20.d.6CFB0C83B8929E5E22820894B2C6172A.e.8091"},"getText",[]]}
RESULT: {"script":"<script> [6424 bytes]","args":[{"element-6066-11e4-a52e-4f735466cecf":"f.C9F7354B4C3623E4DF2D19FF41AB4D20.d.6CFB0C83B8929E5E22820894B2C6172A.e.8091"},"getText",[]]}
COMMAND: POST /session/2d5135847e5304f57daa7dc4bdee4d03/element - {"using":"xpath","value":"//bdi[text()=\"Edit\"]"}
RESULT: {"using":"xpath","value":"//bdi[text()=\"Edit\"]"}
COMMAND: GET /session/2d5135847e5304f57daa7dc4bdee4d03/element/f.C9F7354B4C3623E4DF2D19FF41AB4D20.d.6CFB0C83B8929E5E22820894B2C6172A.e.8092/enabled - {}
RESULT: {}
COMMAND: POST /session/2d5135847e5304f57daa7dc4bdee4d03/execute/sync - {"script":"<script> [8489 bytes]","args":[{"element-6066-11e4-a52e-4f735466cecf":"f.C9F7354B4C3623E4DF2D19FF41AB4D20.d.6CFB0C83B8929E5E22820894B2C6172A.e.8092","ELEMENT":"f.C9F7354B4C3623E4DF2D19FF41AB4D20.d.6CFB0C83B8929E5E22820894B2C6172A.e.8092"}]}
COMMAND: GET /session/2d5135847e5304f57daa7dc4bdee4d03/screenshot - {}
RESULT: {}
RESULT: {"script":"<script> [8489 bytes]","args":[{"element-6066-11e4-a52e-4f735466cecf":"f.C9F7354B4C3623E4DF2D19FF41AB4D20.d.6CFB0C83B8929E5E22820894B2C6172A.e.8092","ELEMENT":"f.C9F7354B4C3623E4DF2D19FF41AB4D20.d.6CFB0C83B8929E5E22820894B2C6172A.e.8092"}]}
COMMAND: POST /session/2d5135847e5304f57daa7dc4bdee4d03/execute/sync - {"script":"<script> [5351 bytes]","args":[{"element-6066-11e4-a52e-4f735466cecf":"f.C9F7354B4C3623E4DF2D19FF41AB4D20.d.6CFB0C83B8929E5E22820894B2C6172A.e.8092","ELEMENT":"f.C9F7354B4C3623E4DF2D19FF41AB4D20.d.6CFB0C83B8929E5E22820894B2C6172A.e.8092"}]}
COMMAND: GET /session/2d5135847e5304f57daa7dc4bdee4d03/screenshot - {}
RESULT: {"script":"<script> [5351 bytes]","args":[{"element-6066-11e4-a52e-4f735466cecf":"f.C9F7354B4C3623E4DF2D19FF41AB4D20.d.6CFB0C83B8929E5E22820894B2C6172A.e.8092","ELEMENT":"f.C9F7354B4C3623E4DF2D19FF41AB4D20.d.6CFB0C83B8929E5E22820894B2C6172A.e.8092"}]}
COMMAND: POST /session/2d5135847e5304f57daa7dc4bdee4d03/element/f.C9F7354B4C3623E4DF2D19FF41AB4D20.d.6CFB0C83B8929E5E22820894B2C6172A.e.8092/click - {}
COMMAND: GET /session/2d5135847e5304f57daa7dc4bdee4d03/screenshot - {}
RESULT: {}
RESULT: {}
COMMAND: GET /session/2d5135847e5304f57daa7dc4bdee4d03/screenshot - {}
RESULT: {}
RESULT: {}
COMMAND: POST /session/2d5135847e5304f57daa7dc4bdee4d03/element - {"using":"xpath","value":"//bdi[@id=\"application-manageresources-display-component---editResource--editRruPage-anchBar-application-manageresources-display-component---editResource--counters-anchor-BDI-content\"]"}
RESULT: {"using":"xpath","value":"//bdi[@id=\"application-manageresources-display-component---editResource--editRruPage-anchBar-application-manageresources-display-component---editResource--counters-anchor-BDI-content\"]"}
COMMAND: POST /session/2d5135847e5304f57daa7dc4bdee4d03/execute/sync - {"script":"<script> [8489 bytes]","args":[{"element-6066-11e4-a52e-4f735466cecf":"f.C9F7354B4C3623E4DF2D19FF41AB4D20.d.6CFB0C83B8929E5E22820894B2C6172A.e.8190","ELEMENT":"f.C9F7354B4C3623E4DF2D19FF41AB4D20.d.6CFB0C83B8929E5E22820894B2C6172A.e.8190"}]}
RESULT: {"script":"<script> [8489 bytes]","args":[{"element-6066-11e4-a52e-4f735466cecf":"f.C9F7354B4C3623E4DF2D19FF41AB4D20.d.6CFB0C83B8929E5E22820894B2C6172A.e.8190","ELEMENT":"f.C9F7354B4C3623E4DF2D19FF41AB4D20.d.6CFB0C83B8929E5E22820894B2C6172A.e.8190"}]}
COMMAND: POST /session/2d5135847e5304f57daa7dc4bdee4d03/element/f.C9F7354B4C3623E4DF2D19FF41AB4D20.d.6CFB0C83B8929E5E22820894B2C6172A.e.8190/click - {}
COMMAND: GET /session/2d5135847e5304f57daa7dc4bdee4d03/screenshot - {}
RESULT: {}
COMMAND: GET /session/2d5135847e5304f57daa7dc4bdee4d03/screenshot - {}
RESULT: {}
RESULT: {}
COMMAND: POST /session/2d5135847e5304f57daa7dc4bdee4d03/execute/async - {"script":"<script> [1562 bytes]","args":[{"selector":{"id":"application-manageresources-display-component---editResource--btnAddCounter-img"},"wdio_ui5_key":"applicationmanageresources-display-component---editResource--btnAddCounter-img"}]}
RESULT: {"script":"<script> [1562 bytes]","args":[{"selector":{"id":"application-manageresources-display-component---editResource--btnAddCounter-img"},"wdio_ui5_key":"applicationmanageresources-display-component---editResource--btnAddCounter-img"}]}
RESULT: undefined
COMMAND: POST /session/2d5135847e5304f57daa7dc4bdee4d03/element - {"using":"xpath","value":"//*[@id=\"application-manageresources-display-component---editResource--btnAddCounter-img\"]"}
RESULT: {"using":"xpath","value":"//*[@id=\"application-manageresources-display-component---editResource--btnAddCounter-img\"]"}
COMMAND: POST /session/2d5135847e5304f57daa7dc4bdee4d03/element/f.C9F7354B4C3623E4DF2D19FF41AB4D20.d.6CFB0C83B8929E5E22820894B2C6172A.e.8225/click - {}
RESULT: {}
COMMAND: GET /session/2d5135847e5304f57daa7dc4bdee4d03/screenshot - {}
RESULT: {}
COMMAND: POST /session/2d5135847e5304f57daa7dc4bdee4d03/execute/async - {"script":"<script> [1562 bytes]","args":[{"selector":{"id":"application-manageresources-display-component---editResource--HAND_OVER_TYPE-application-manageresources-display-component---editResource--RUCounters-0","interaction":{"idSuffix":"CbBg"}},"wdio_ui5_key":"applicationmanageresources-display-component---editResource--HAND_OVER_TYPE-application-manageresources-display-component---editResource--RUCounters-0"}]}
RESULT: {"script":"<script> [1562 bytes]","args":[{"selector":{"id":"application-manageresources-display-component---editResource--HAND_OVER_TYPE-application-manageresources-display-component---editResource--RUCounters-0","interaction":{"idSuffix":"CbBg"}},"wdio_ui5_key":"applicationmanageresources-display-component---editResource--HAND_OVER_TYPE-application-manageresources-display-component---editResource--RUCounters-0"}]}
RESULT: undefined
COMMAND: POST /session/2d5135847e5304f57daa7dc4bdee4d03/element - {"using":"xpath","value":"//*[@id=\"application-manageresources-display-component---editResource--HAND_OVER_TYPE-application-manageresources-display-component---editResource--RUCounters-0\"]"}
RESULT: {"using":"xpath","value":"//*[@id=\"application-manageresources-display-component---editResource--HAND_OVER_TYPE-application-manageresources-display-component---editResource--RUCounters-0\"]"}
COMMAND: POST /session/2d5135847e5304f57daa7dc4bdee4d03/element/f.C9F7354B4C3623E4DF2D19FF41AB4D20.d.6CFB0C83B8929E5E22820894B2C6172A.e.8231/click - {}
RESULT: {}
COMMAND: POST /session/2d5135847e5304f57daa7dc4bdee4d03/execute/async - {"script":"<script> [1562 bytes]","args":[{"selector":{"controlType":"sap.m.Button","viewName":"etm.portal.ui.manageresources.view.EditResource","viewId":"application-manageresources-display-component---editResource","i18NText":{"propertyName":"text","key":"save"},"interaction":{"idSuffix":"BDI-content"}},"wdio_ui5_key":"etmportal.ui.manageresources.view.EditResourcesap.m.Button{\"propertyName\":\"text\",\"key\":\"save\"}"}]}
COMMAND: GET /session/2d5135847e5304f57daa7dc4bdee4d03/screenshot - {}
RESULT: {"script":"<script> [1562 bytes]","args":[{"selector":{"controlType":"sap.m.Button","viewName":"etm.portal.ui.manageresources.view.EditResource","viewId":"application-manageresources-display-component---editResource","i18NText":{"propertyName":"text","key":"save"},"interaction":{"idSuffix":"BDI-content"}},"wdio_ui5_key":"etmportal.ui.manageresources.view.EditResourcesap.m.Button{\"propertyName\":\"text\",\"key\":\"save\"}"}]}
RESULT: undefined
COMMAND: POST /session/2d5135847e5304f57daa7dc4bdee4d03/element - {"using":"xpath","value":"//*[@id=\"__button86\"]"}
RESULT: {}
RESULT: {"using":"xpath","value":"//*[@id=\"__button86\"]"}
COMMAND: POST /session/2d5135847e5304f57daa7dc4bdee4d03/element/f.C9F7354B4C3623E4DF2D19FF41AB4D20.d.6CFB0C83B8929E5E22820894B2C6172A.e.8233/click - {}
RESULT: {}
COMMAND: GET /session/2d5135847e5304f57daa7dc4bdee4d03/screenshot - {}
RESULT: {}
COMMAND: POST /session/2d5135847e5304f57daa7dc4bdee4d03/element - {"using":"css selector","value":"#shell-header-logo"}
RESULT: {"using":"css selector","value":"#shell-header-logo"}
COMMAND: POST /session/2d5135847e5304f57daa7dc4bdee4d03/elements - {"using":"css selector","value":"#shell-header-logo"}
RESULT: {"using":"css selector","value":"#shell-header-logo"}
COMMAND: POST /session/2d5135847e5304f57daa7dc4bdee4d03/execute/sync - {"script":"<script> [8489 bytes]","args":[{"element-6066-11e4-a52e-4f735466cecf":"f.C9F7354B4C3623E4DF2D19FF41AB4D20.d.6CFB0C83B8929E5E22820894B2C6172A.e.7398","ELEMENT":"f.C9F7354B4C3623E4DF2D19FF41AB4D20.d.6CFB0C83B8929E5E22820894B2C6172A.e.7398"}]}
RESULT: {"script":"<script> [8489 bytes]","args":[{"element-6066-11e4-a52e-4f735466cecf":"f.C9F7354B4C3623E4DF2D19FF41AB4D20.d.6CFB0C83B8929E5E22820894B2C6172A.e.7398","ELEMENT":"f.C9F7354B4C3623E4DF2D19FF41AB4D20.d.6CFB0C83B8929E5E22820894B2C6172A.e.7398"}]}
COMMAND: POST /session/2d5135847e5304f57daa7dc4bdee4d03/execute/sync - {"script":"<script> [5351 bytes]","args":[{"element-6066-11e4-a52e-4f735466cecf":"f.C9F7354B4C3623E4DF2D19FF41AB4D20.d.6CFB0C83B8929E5E22820894B2C6172A.e.7398","ELEMENT":"f.C9F7354B4C3623E4DF2D19FF41AB4D20.d.6CFB0C83B8929E5E22820894B2C6172A.e.7398"}]}
COMMAND: GET /session/2d5135847e5304f57daa7dc4bdee4d03/screenshot - {}
RESULT: {"script":"<script> [5351 bytes]","args":[{"element-6066-11e4-a52e-4f735466cecf":"f.C9F7354B4C3623E4DF2D19FF41AB4D20.d.6CFB0C83B8929E5E22820894B2C6172A.e.7398","ELEMENT":"f.C9F7354B4C3623E4DF2D19FF41AB4D20.d.6CFB0C83B8929E5E22820894B2C6172A.e.7398"}]}
COMMAND: POST /session/2d5135847e5304f57daa7dc4bdee4d03/element/f.C9F7354B4C3623E4DF2D19FF41AB4D20.d.6CFB0C83B8929E5E22820894B2C6172A.e.7398/click - {}
COMMAND: GET /session/2d5135847e5304f57daa7dc4bdee4d03/screenshot - {}
RESULT: {}
RESULT: {}
COMMAND: GET /session/2d5135847e5304f57daa7dc4bdee4d03/screenshot - {}
RESULT: {}
RESULT: {}
COMMAND: POST /session/2d5135847e5304f57daa7dc4bdee4d03/element - {"using":"css selector","value":"#shell-header-logo"}
RESULT: {"using":"css selector","value":"#shell-header-logo"}
COMMAND: POST /session/2d5135847e5304f57daa7dc4bdee4d03/element/f.C9F7354B4C3623E4DF2D19FF41AB4D20.d.6CFB0C83B8929E5E22820894B2C6172A.e.8247/click - {}
RESULT: {}
COMMAND: GET /session/2d5135847e5304f57daa7dc4bdee4d03/screenshot - {}
RESULT: {}
]]></system-out>
    </testcase>
  </testsuite>
  <testsuite timestamp="2025-05-18T15:41:41" time="85.689" tests="2" failures="0" errors="0" skipped="0">
    <properties>
      <property name="specId" value="0" />
      <property name="suiteName" value="Personnel creation and reference material verification  US120163" />
      <property name="capabilities" value="chrome.136_0_7103_93.windows" />
      <property name="file" value="file:///D:/a/1/s/test/specs/R2C/create-personnel-no-material-reference.spec.js" />
    </properties>
    <testcase classname="chrome.136_0_7103_93.windows.Personnel_creation_and_reference_material_verification__US120163" name="Should create a new personnel and verify if the material reference is visible" time="67.014">
      <system-out><![CDATA[
RESULT: undefined
COMMAND: POST /session/2d5135847e5304f57daa7dc4bdee4d03/element - {"using":"xpath","value":"//*[@id=\"__tile31\"]"}
RESULT: {"using":"xpath","value":"//*[@id=\"__tile31\"]"}
COMMAND: POST /session/2d5135847e5304f57daa7dc4bdee4d03/element/f.C9F7354B4C3623E4DF2D19FF41AB4D20.d.6CFB0C83B8929E5E22820894B2C6172A.e.7414/click - {}
RESULT: {}
COMMAND: GET /session/2d5135847e5304f57daa7dc4bdee4d03/screenshot - {}
RESULT: {}
COMMAND: POST /session/2d5135847e5304f57daa7dc4bdee4d03/elements - {"using":"xpath","value":"//span[text()='Error']"}
RESULT: {"using":"xpath","value":"//span[text()='Error']"}
COMMAND: POST /session/2d5135847e5304f57daa7dc4bdee4d03/element - {"using":"xpath","value":"//button[@data-kt=\"addNewRUOverflowToolbarButton\"]"}
RESULT: {"using":"xpath","value":"//button[@data-kt=\"addNewRUOverflowToolbarButton\"]"}
COMMAND: POST /session/2d5135847e5304f57daa7dc4bdee4d03/execute/sync - {"script":"<script> [8489 bytes]","args":[{"element-6066-11e4-a52e-4f735466cecf":"f.C9F7354B4C3623E4DF2D19FF41AB4D20.d.6CFB0C83B8929E5E22820894B2C6172A.e.8287","ELEMENT":"f.C9F7354B4C3623E4DF2D19FF41AB4D20.d.6CFB0C83B8929E5E22820894B2C6172A.e.8287"}]}
RESULT: {"script":"<script> [8489 bytes]","args":[{"element-6066-11e4-a52e-4f735466cecf":"f.C9F7354B4C3623E4DF2D19FF41AB4D20.d.6CFB0C83B8929E5E22820894B2C6172A.e.8287","ELEMENT":"f.C9F7354B4C3623E4DF2D19FF41AB4D20.d.6CFB0C83B8929E5E22820894B2C6172A.e.8287"}]}
COMMAND: POST /session/2d5135847e5304f57daa7dc4bdee4d03/element/f.C9F7354B4C3623E4DF2D19FF41AB4D20.d.6CFB0C83B8929E5E22820894B2C6172A.e.8287/click - {}
COMMAND: GET /session/2d5135847e5304f57daa7dc4bdee4d03/screenshot - {}
RESULT: {}
RESULT: undefined
COMMAND: POST /session/2d5135847e5304f57daa7dc4bdee4d03/element - {"using":"xpath","value":"//*[@id=\"application-manageresources-display-component---newResourceUnit--TYPE-arrow\"]"}
COMMAND: GET /session/2d5135847e5304f57daa7dc4bdee4d03/screenshot - {}
RESULT: {}
RESULT: {"using":"xpath","value":"//*[@id=\"application-manageresources-display-component---newResourceUnit--TYPE-arrow\"]"}
COMMAND: POST /session/2d5135847e5304f57daa7dc4bdee4d03/element/f.C9F7354B4C3623E4DF2D19FF41AB4D20.d.6CFB0C83B8929E5E22820894B2C6172A.e.8606/click - {}
RESULT: {}
RESULT: {}
COMMAND: POST /session/2d5135847e5304f57daa7dc4bdee4d03/execute/async - {"script":"<script> [1562 bytes]","args":[{"selector":{"controlType":"sap.m.StandardListItem","viewName":"reusables.view.manageresources.NewResourceUnit","viewId":"application-manageresources-display-component---newResourceUnit","properties":{"title":"Personnel"},"searchOpenDialogs":true,"interaction":{"idSuffix":"titleText"}},"wdio_ui5_key":"reusablesview.manageresources.NewResourceUnitsap.m.StandardListItem{\"title\":\"Personnel\"}"}]}
COMMAND: GET /session/2d5135847e5304f57daa7dc4bdee4d03/screenshot - {}
RESULT: {"script":"<script> [1562 bytes]","args":[{"selector":{"controlType":"sap.m.StandardListItem","viewName":"reusables.view.manageresources.NewResourceUnit","viewId":"application-manageresources-display-component---newResourceUnit","properties":{"title":"Personnel"},"searchOpenDialogs":true,"interaction":{"idSuffix":"titleText"}},"wdio_ui5_key":"reusablesview.manageresources.NewResourceUnitsap.m.StandardListItem{\"title\":\"Personnel\"}"}]}
RESULT: undefined
COMMAND: POST /session/2d5135847e5304f57daa7dc4bdee4d03/element - {"using":"xpath","value":"//*[@id=\"__item1173\"]"}
RESULT: {}
RESULT: {"using":"xpath","value":"//*[@id=\"__item1173\"]"}
COMMAND: POST /session/2d5135847e5304f57daa7dc4bdee4d03/element/f.C9F7354B4C3623E4DF2D19FF41AB4D20.d.6CFB0C83B8929E5E22820894B2C6172A.e.8609/click - {}
RESULT: {}
RESULT: undefined
COMMAND: POST /session/2d5135847e5304f57daa7dc4bdee4d03/execute/async - {"script":"<script> [776 bytes]","args":[{"enterText":"WdIOPersonnels9gcx","selector":{"id":"application-manageresources-display-component---newResourceUnit--SHORT_TEXT","interaction":{"idSuffix":"inner"}},"clearTextFirst":true,"interactionType":"ENTER_TEXT"}]}
COMMAND: GET /session/2d5135847e5304f57daa7dc4bdee4d03/screenshot - {}
RESULT: {"script":"<script> [776 bytes]","args":[{"enterText":"WdIOPersonnels9gcx","selector":{"id":"application-manageresources-display-component---newResourceUnit--SHORT_TEXT","interaction":{"idSuffix":"inner"}},"clearTextFirst":true,"interactionType":"ENTER_TEXT"}]}
COMMAND: POST /session/2d5135847e5304f57daa7dc4bdee4d03/element - {"using":"xpath","value":"//bdi[contains(text(), \"Material\")]"}
RESULT: {}
RESULT: {"using":"xpath","value":"//bdi[contains(text(), \"Material\")]"}
COMMAND: POST /session/2d5135847e5304f57daa7dc4bdee4d03/element - {"using":"xpath","value":"//bdi[contains(text(), \"Material\")]"}
RESULT: {"using":"xpath","value":"//bdi[contains(text(), \"Material\")]"}
COMMAND: POST /session/2d5135847e5304f57daa7dc4bdee4d03/execute/async - {"script":"<script> [1562 bytes]","args":[{"selector":{"id":"application-manageresources-display-component---newResourceUnit--BASE_UNIT_OF_MEASURE-arrow"},"wdio_ui5_key":"applicationmanageresources-display-component---newResourceUnit--BASE_UNIT_OF_MEASURE-arrow"}]}
RESULT: {"script":"<script> [1562 bytes]","args":[{"selector":{"id":"application-manageresources-display-component---newResourceUnit--BASE_UNIT_OF_MEASURE-arrow"},"wdio_ui5_key":"applicationmanageresources-display-component---newResourceUnit--BASE_UNIT_OF_MEASURE-arrow"}]}
RESULT: undefined
COMMAND: POST /session/2d5135847e5304f57daa7dc4bdee4d03/element - {"using":"xpath","value":"//*[@id=\"application-manageresources-display-component---newResourceUnit--BASE_UNIT_OF_MEASURE-arrow\"]"}
RESULT: {"using":"xpath","value":"//*[@id=\"application-manageresources-display-component---newResourceUnit--BASE_UNIT_OF_MEASURE-arrow\"]"}
COMMAND: POST /session/2d5135847e5304f57daa7dc4bdee4d03/element/f.C9F7354B4C3623E4DF2D19FF41AB4D20.d.6CFB0C83B8929E5E22820894B2C6172A.e.8649/click - {}
RESULT: {}
COMMAND: POST /session/2d5135847e5304f57daa7dc4bdee4d03/execute/async - {"script":"<script> [1562 bytes]","args":[{"selector":{"controlType":"sap.m.StandardListItem","viewName":"reusables.view.manageresources.NewResourceUnit","viewId":"application-manageresources-display-component---newResourceUnit","properties":{"title":"Percent"},"searchOpenDialogs":true,"interaction":{"idSuffix":"titleText"}},"wdio_ui5_key":"reusablesview.manageresources.NewResourceUnitsap.m.StandardListItem{\"title\":\"Percent\"}"}]}
COMMAND: GET /session/2d5135847e5304f57daa7dc4bdee4d03/screenshot - {}
RESULT: {"script":"<script> [1562 bytes]","args":[{"selector":{"controlType":"sap.m.StandardListItem","viewName":"reusables.view.manageresources.NewResourceUnit","viewId":"application-manageresources-display-component---newResourceUnit","properties":{"title":"Percent"},"searchOpenDialogs":true,"interaction":{"idSuffix":"titleText"}},"wdio_ui5_key":"reusablesview.manageresources.NewResourceUnitsap.m.StandardListItem{\"title\":\"Percent\"}"}]}
RESULT: undefined
COMMAND: POST /session/2d5135847e5304f57daa7dc4bdee4d03/element - {"using":"xpath","value":"//*[@id=\"__item1193\"]"}
RESULT: {}
RESULT: {"using":"xpath","value":"//*[@id=\"__item1193\"]"}
COMMAND: POST /session/2d5135847e5304f57daa7dc4bdee4d03/element/f.C9F7354B4C3623E4DF2D19FF41AB4D20.d.6CFB0C83B8929E5E22820894B2C6172A.e.8651/click - {}
RESULT: {}
COMMAND: POST /session/2d5135847e5304f57daa7dc4bdee4d03/execute/async - {"script":"<script> [1562 bytes]","args":[{"selector":{"id":"application-manageresources-display-component---newResourceUnit--PLANNING_GROUP-arrow"},"wdio_ui5_key":"applicationmanageresources-display-component---newResourceUnit--PLANNING_GROUP-arrow"}]}
COMMAND: GET /session/2d5135847e5304f57daa7dc4bdee4d03/screenshot - {}
RESULT: {"script":"<script> [1562 bytes]","args":[{"selector":{"id":"application-manageresources-display-component---newResourceUnit--PLANNING_GROUP-arrow"},"wdio_ui5_key":"applicationmanageresources-display-component---newResourceUnit--PLANNING_GROUP-arrow"}]}
RESULT: undefined
COMMAND: POST /session/2d5135847e5304f57daa7dc4bdee4d03/element - {"using":"xpath","value":"//*[@id=\"application-manageresources-display-component---newResourceUnit--PLANNING_GROUP-arrow\"]"}
RESULT: {}
RESULT: {"using":"xpath","value":"//*[@id=\"application-manageresources-display-component---newResourceUnit--PLANNING_GROUP-arrow\"]"}
COMMAND: POST /session/2d5135847e5304f57daa7dc4bdee4d03/element/f.C9F7354B4C3623E4DF2D19FF41AB4D20.d.6CFB0C83B8929E5E22820894B2C6172A.e.8652/click - {}
RESULT: {}
COMMAND: GET /session/2d5135847e5304f57daa7dc4bdee4d03/screenshot - {}
RESULT: {}
COMMAND: POST /session/2d5135847e5304f57daa7dc4bdee4d03/execute/async - {"script":"<script> [1562 bytes]","args":[{"selector":{"controlType":"sap.m.StandardListItem","viewName":"reusables.view.manageresources.NewResourceUnit","viewId":"application-manageresources-display-component---newResourceUnit","properties":{"title":"Operating personnel"},"searchOpenDialogs":true,"interaction":{"idSuffix":"titleText"}},"wdio_ui5_key":"reusablesview.manageresources.NewResourceUnitsap.m.StandardListItem{\"title\":\"Operating personnel\"}"}]}
RESULT: {"script":"<script> [1562 bytes]","args":[{"selector":{"controlType":"sap.m.StandardListItem","viewName":"reusables.view.manageresources.NewResourceUnit","viewId":"application-manageresources-display-component---newResourceUnit","properties":{"title":"Operating personnel"},"searchOpenDialogs":true,"interaction":{"idSuffix":"titleText"}},"wdio_ui5_key":"reusablesview.manageresources.NewResourceUnitsap.m.StandardListItem{\"title\":\"Operating personnel\"}"}]}
RESULT: undefined
COMMAND: POST /session/2d5135847e5304f57daa7dc4bdee4d03/element - {"using":"xpath","value":"//*[@id=\"__item1202\"]"}
RESULT: {"using":"xpath","value":"//*[@id=\"__item1202\"]"}
COMMAND: POST /session/2d5135847e5304f57daa7dc4bdee4d03/element/f.C9F7354B4C3623E4DF2D19FF41AB4D20.d.6CFB0C83B8929E5E22820894B2C6172A.e.8654/click - {}
RESULT: {}
COMMAND: GET /session/2d5135847e5304f57daa7dc4bdee4d03/screenshot - {}
RESULT: {}
COMMAND: POST /session/2d5135847e5304f57daa7dc4bdee4d03/element - {"using":"xpath","value":"//bdi[contains(text(), \"Time Segment\")]"}
RESULT: {"using":"xpath","value":"//bdi[contains(text(), \"Time Segment\")]"}
COMMAND: GET /session/2d5135847e5304f57daa7dc4bdee4d03/element/f.C9F7354B4C3623E4DF2D19FF41AB4D20.d.6CFB0C83B8929E5E22820894B2C6172A.e.8655/rect - {}
RESULT: {}
COMMAND: GET /session/2d5135847e5304f57daa7dc4bdee4d03/window/rect - {}
RESULT: {}
COMMAND: POST /session/2d5135847e5304f57daa7dc4bdee4d03/execute/sync - {"script":"<script> [92 bytes]","args":[]}
RESULT: {"script":"<script> [92 bytes]","args":[]}
COMMAND: POST /session/2d5135847e5304f57daa7dc4bdee4d03/actions - {"actions":[{"id":"action24","type":"wheel","parameters":{},"actions":[{"type":"scroll","x":-1820,"y":804,"deltaX":0,"deltaY":0,"duration":0,"origin":{"element-6066-11e4-a52e-4f735466cecf":"f.C9F7354B4C3623E4DF2D19FF41AB4D20.d.6CFB0C83B8929E5E22820894B2C6172A.e.8655"}}]}]}
COMMAND: GET /session/2d5135847e5304f57daa7dc4bdee4d03/screenshot - {}
RESULT: {}
COMMAND: POST /session/2d5135847e5304f57daa7dc4bdee4d03/execute/sync - {"script":"<script> [79 bytes]","args":[{"element-6066-11e4-a52e-4f735466cecf":"f.C9F7354B4C3623E4DF2D19FF41AB4D20.d.6CFB0C83B8929E5E22820894B2C6172A.e.8655","ELEMENT":"f.C9F7354B4C3623E4DF2D19FF41AB4D20.d.6CFB0C83B8929E5E22820894B2C6172A.e.8655"},{"block":"start","inline":"nearest"}]}
RESULT: {"script":"<script> [79 bytes]","args":[{"element-6066-11e4-a52e-4f735466cecf":"f.C9F7354B4C3623E4DF2D19FF41AB4D20.d.6CFB0C83B8929E5E22820894B2C6172A.e.8655","ELEMENT":"f.C9F7354B4C3623E4DF2D19FF41AB4D20.d.6CFB0C83B8929E5E22820894B2C6172A.e.8655"},{"block":"start","inline":"nearest"}]}
COMMAND: GET /session/2d5135847e5304f57daa7dc4bdee4d03/screenshot - {}
RESULT: {}
COMMAND: POST /session/2d5135847e5304f57daa7dc4bdee4d03/element - {"using":"xpath","value":"//span[@id=\"application-manageresources-display-component---newResourceUnit--btnAddTimeSegment-img\"]"}
RESULT: {"using":"xpath","value":"//span[@id=\"application-manageresources-display-component---newResourceUnit--btnAddTimeSegment-img\"]"}
COMMAND: POST /session/2d5135847e5304f57daa7dc4bdee4d03/execute/sync - {"script":"<script> [8489 bytes]","args":[{"element-6066-11e4-a52e-4f735466cecf":"f.C9F7354B4C3623E4DF2D19FF41AB4D20.d.6CFB0C83B8929E5E22820894B2C6172A.e.8660","ELEMENT":"f.C9F7354B4C3623E4DF2D19FF41AB4D20.d.6CFB0C83B8929E5E22820894B2C6172A.e.8660"}]}
RESULT: {"script":"<script> [8489 bytes]","args":[{"element-6066-11e4-a52e-4f735466cecf":"f.C9F7354B4C3623E4DF2D19FF41AB4D20.d.6CFB0C83B8929E5E22820894B2C6172A.e.8660","ELEMENT":"f.C9F7354B4C3623E4DF2D19FF41AB4D20.d.6CFB0C83B8929E5E22820894B2C6172A.e.8660"}]}
COMMAND: POST /session/2d5135847e5304f57daa7dc4bdee4d03/element/f.C9F7354B4C3623E4DF2D19FF41AB4D20.d.6CFB0C83B8929E5E22820894B2C6172A.e.8660/click - {}
COMMAND: GET /session/2d5135847e5304f57daa7dc4bdee4d03/screenshot - {}
RESULT: {}
COMMAND: GET /session/2d5135847e5304f57daa7dc4bdee4d03/screenshot - {}
COMMAND: POST /session/2d5135847e5304f57daa7dc4bdee4d03/element - {"using":"xpath","value":"//input[@id=\"application-manageresources-display-component---newResourceUnit--idRuTSAdmin-application-manageresources-display-component---newResourceUnit--RUTimeSegment-0-inner\"]"}
RESULT: {}
RESULT: {}
RESULT: {"using":"xpath","value":"//input[@id=\"application-manageresources-display-component---newResourceUnit--idRuTSAdmin-application-manageresources-display-component---newResourceUnit--RUTimeSegment-0-inner\"]"}
COMMAND: POST /session/2d5135847e5304f57daa7dc4bdee4d03/element/f.C9F7354B4C3623E4DF2D19FF41AB4D20.d.6CFB0C83B8929E5E22820894B2C6172A.e.8663/clear - {}
RESULT: {}
COMMAND: POST /session/2d5135847e5304f57daa7dc4bdee4d03/element/f.C9F7354B4C3623E4DF2D19FF41AB4D20.d.6CFB0C83B8929E5E22820894B2C6172A.e.8663/value - {"text":"webdriveryard"}
COMMAND: GET /session/2d5135847e5304f57daa7dc4bdee4d03/screenshot - {}
RESULT: {"text":"webdriveryard"}
COMMAND: GET /session/2d5135847e5304f57daa7dc4bdee4d03/screenshot - {}
RESULT: {}
RESULT: {}
COMMAND: POST /session/2d5135847e5304f57daa7dc4bdee4d03/actions - {"actions":[{"id":"action25","type":"key","parameters":{},"actions":[{"type":"keyDown","value":"î€‡"},{"type":"pause","duration":10},{"type":"keyUp","value":"î€‡"}]}]}
RESULT: {"actions":[{"id":"action25","type":"key","parameters":{},"actions":[{"type":"keyDown","value":"î€‡"},{"type":"pause","duration":10},{"type":"keyUp","value":"î€‡"}]}]}
COMMAND: GET /session/2d5135847e5304f57daa7dc4bdee4d03/screenshot - {}
RESULT: {}
COMMAND: POST /session/2d5135847e5304f57daa7dc4bdee4d03/element - {"using":"xpath","value":"//input[contains(@id, \"application-manageresources-display-component---newResourceUnit--newControlDataDateRangePicker-inner\")]"}
RESULT: {"using":"xpath","value":"//input[contains(@id, \"application-manageresources-display-component---newResourceUnit--newControlDataDateRangePicker-inner\")]"}
COMMAND: POST /session/2d5135847e5304f57daa7dc4bdee4d03/element/f.C9F7354B4C3623E4DF2D19FF41AB4D20.d.6CFB0C83B8929E5E22820894B2C6172A.e.8638/clear - {}
RESULT: {}
COMMAND: POST /session/2d5135847e5304f57daa7dc4bdee4d03/element/f.C9F7354B4C3623E4DF2D19FF41AB4D20.d.6CFB0C83B8929E5E22820894B2C6172A.e.8638/value - {"text":"12/17/26 - 2/18/27"}
COMMAND: GET /session/2d5135847e5304f57daa7dc4bdee4d03/screenshot - {}
RESULT: {"text":"12/17/26 - 2/18/27"}
COMMAND: POST /session/2d5135847e5304f57daa7dc4bdee4d03/element - {"using":"xpath","value":"//bdi[contains(@id, \"application-manageresources-display-component---newResourceUnit--createRuButton-BDI-content\")]"}
COMMAND: GET /session/2d5135847e5304f57daa7dc4bdee4d03/screenshot - {}
RESULT: {}
RESULT: {"using":"xpath","value":"//bdi[contains(@id, \"application-manageresources-display-component---newResourceUnit--createRuButton-BDI-content\")]"}
COMMAND: POST /session/2d5135847e5304f57daa7dc4bdee4d03/element/f.C9F7354B4C3623E4DF2D19FF41AB4D20.d.6CFB0C83B8929E5E22820894B2C6172A.e.8675/click - {}
RESULT: {}
RESULT: {}
COMMAND: GET /session/2d5135847e5304f57daa7dc4bdee4d03/screenshot - {}
RESULT: {}
COMMAND: POST /session/2d5135847e5304f57daa7dc4bdee4d03/actions - {"actions":[{"id":"action26","type":"key","parameters":{},"actions":[{"type":"keyDown","value":"î€‡"},{"type":"pause","duration":10},{"type":"keyUp","value":"î€‡"}]}]}
RESULT: {"actions":[{"id":"action26","type":"key","parameters":{},"actions":[{"type":"keyDown","value":"î€‡"},{"type":"pause","duration":10},{"type":"keyUp","value":"î€‡"}]}]}
COMMAND: GET /session/2d5135847e5304f57daa7dc4bdee4d03/screenshot - {}
RESULT: {}
]]></system-out>
    </testcase>
    <testcase classname="chrome.136_0_7103_93.windows.Personnel_creation_and_reference_material_verification__US120163" name="Should verify if the reference material is visible in edit and detail mode" time="15.46">
      <system-out><![CDATA[
COMMAND: POST /session/2d5135847e5304f57daa7dc4bdee4d03/element - {"using":"xpath","value":"//bdi[contains(text(), \"Edit\")]"}
RESULT: {"using":"xpath","value":"//bdi[contains(text(), \"Edit\")]"}
COMMAND: POST /session/2d5135847e5304f57daa7dc4bdee4d03/element/f.C9F7354B4C3623E4DF2D19FF41AB4D20.d.6CFB0C83B8929E5E22820894B2C6172A.e.8701/click - {}
RESULT: {}
COMMAND: GET /session/2d5135847e5304f57daa7dc4bdee4d03/screenshot - {}
RESULT: {}
COMMAND: POST /session/2d5135847e5304f57daa7dc4bdee4d03/element - {"using":"xpath","value":"//bdi[contains(text(), \"Material\")]"}
RESULT: {"using":"xpath","value":"//bdi[contains(text(), \"Material\")]"}
COMMAND: POST /session/2d5135847e5304f57daa7dc4bdee4d03/element - {"using":"xpath","value":"//bdi[contains(text(), \"Material\")]"}
RESULT: {"using":"xpath","value":"//bdi[contains(text(), \"Material\")]"}
COMMAND: POST /session/2d5135847e5304f57daa7dc4bdee4d03/element - {"using":"xpath","value":"(//bdi[contains(text(), \"Save\")])[2]"}
RESULT: {"using":"xpath","value":"(//bdi[contains(text(), \"Save\")])[2]"}
COMMAND: POST /session/2d5135847e5304f57daa7dc4bdee4d03/element/f.C9F7354B4C3623E4DF2D19FF41AB4D20.d.6CFB0C83B8929E5E22820894B2C6172A.e.8751/click - {}
RESULT: {}
COMMAND: GET /session/2d5135847e5304f57daa7dc4bdee4d03/screenshot - {}
RESULT: {}
COMMAND: DELETE /session/2d5135847e5304f57daa7dc4bdee4d03 - {}
RESULT: {}
]]></system-out>
    </testcase>
  </testsuite>
</testsuites>