<?xml version="1.0" encoding="UTF-8"?>
<testsuites tests="11" failures="0" errors="0" skipped="0">
  <testsuite timestamp="2025-06-12T16:07:05" time="932.822" tests="4" failures="0" errors="0" skipped="0">
    <properties>
      <property name="specId" value="0" />
      <property name="suiteName" value="Webshop - Hyperlinks visible and working properly  US139085" />
      <property name="capabilities" value="chrome.137_0_7151_69.windows" />
      <property name="file" value="file:///D:/a/1/s/test/specs/R2C/webshop-hyperlinks-yard-site.spec.js" />
    </properties>
    <testcase classname="chrome.137_0_7151_69.windows.Webshop_-_Hyperlinks_visible_and_working_properly__US139085" name="Should create prerequisites for webshop suite" time="311.562">
      <system-out><![CDATA[
COMMAND: POST /session/1d980a951abea0b22294b008109eaf7e/execute/async - {"script":"<script> [1562 bytes]","args":[{"selector":{"controlType":"sap.m.GenericTile","properties":{"header":"Manage Yards"}},"wdio_ui5_key":"sapm.GenericTile{\"header\":\"Manage Yards\"}"}]}
RESULT: {"script":"<script> [1562 bytes]","args":[{"selector":{"controlType":"sap.m.GenericTile","properties":{"header":"Manage Yards"}},"wdio_ui5_key":"sapm.GenericTile{\"header\":\"Manage Yards\"}"}]}
RESULT: undefined
COMMAND: POST /session/1d980a951abea0b22294b008109eaf7e/element - {"using":"xpath","value":"//*[@id=\"__tile42\"]"}
RESULT: {"using":"xpath","value":"//*[@id=\"__tile42\"]"}
COMMAND: POST /session/1d980a951abea0b22294b008109eaf7e/element/f.003B7F97663A213565201A76C4492A9B.d.B6EA25F4215D071EF10CB42274C19D08.e.113/click - {}
RESULT: {}
COMMAND: GET /session/1d980a951abea0b22294b008109eaf7e/screenshot - {}
RESULT: {}
COMMAND: POST /session/1d980a951abea0b22294b008109eaf7e/elements - {"using":"xpath","value":"//span[text()='Error']"}
RESULT: {"using":"xpath","value":"//span[text()='Error']"}
COMMAND: POST /session/1d980a951abea0b22294b008109eaf7e/execute/async - {"script":"<script> [1562 bytes]","args":[{"selector":{"controlType":"sap.ui.core.Icon","viewName":"etm.portal.ui.manageyards.view.Master","viewId":"application-manageyards-display-component---masterYard","properties":{"src":{"regex":{"source":"add"}}}},"wdio_ui5_key":"etmportal.ui.manageyards.view.Mastersap.ui.core.Icon{\"src\":{\"regex\":{\"source\":\"add\"}}}"}]}
RESULT: {"script":"<script> [1562 bytes]","args":[{"selector":{"controlType":"sap.ui.core.Icon","viewName":"etm.portal.ui.manageyards.view.Master","viewId":"application-manageyards-display-component---masterYard","properties":{"src":{"regex":{"source":"add"}}}},"wdio_ui5_key":"etmportal.ui.manageyards.view.Mastersap.ui.core.Icon{\"src\":{\"regex\":{\"source\":\"add\"}}}"}]}
RESULT: undefined
COMMAND: POST /session/1d980a951abea0b22294b008109eaf7e/element - {"using":"xpath","value":"//*[@id=\"__button4-img\"]"}
RESULT: {"using":"xpath","value":"//*[@id=\"__button4-img\"]"}
COMMAND: POST /session/1d980a951abea0b22294b008109eaf7e/element/f.003B7F97663A213565201A76C4492A9B.d.B6EA25F4215D071EF10CB42274C19D08.e.162/click - {}
RESULT: {}
COMMAND: GET /session/1d980a951abea0b22294b008109eaf7e/screenshot - {}
RESULT: {}
COMMAND: POST /session/1d980a951abea0b22294b008109eaf7e/execute/async - {"script":"<script> [1562 bytes]","args":[{"selector":{"id":"application-manageyards-display-component---NewYard--yardId","interaction":{"idSuffix":"inner"}},"wdio_ui5_key":"applicationmanageyards-display-component---NewYard--yardId"}]}
RESULT: {"script":"<script> [1562 bytes]","args":[{"selector":{"id":"application-manageyards-display-component---NewYard--yardId","interaction":{"idSuffix":"inner"}},"wdio_ui5_key":"applicationmanageyards-display-component---NewYard--yardId"}]}
RESULT: undefined
COMMAND: POST /session/1d980a951abea0b22294b008109eaf7e/element - {"using":"xpath","value":"//*[@id=\"application-manageyards-display-component---NewYard--addressDetailDetailsName1-inner\"]"}
RESULT: {"using":"xpath","value":"//*[@id=\"application-manageyards-display-component---NewYard--addressDetailDetailsName1-inner\"]"}
COMMAND: POST /session/1d980a951abea0b22294b008109eaf7e/element/f.003B7F97663A213565201A76C4492A9B.d.B6EA25F4215D071EF10CB42274C19D08.e.359/clear - {}
RESULT: {}
COMMAND: POST /session/1d980a951abea0b22294b008109eaf7e/element/f.003B7F97663A213565201A76C4492A9B.d.B6EA25F4215D071EF10CB42274C19D08.e.359/value - {"text":"WebdriverYardli3cg"}
COMMAND: GET /session/1d980a951abea0b22294b008109eaf7e/screenshot - {}
RESULT: {"text":"WebdriverYardli3cg"}
COMMAND: POST /session/1d980a951abea0b22294b008109eaf7e/element - {"using":"xpath","value":"//*[@id=\"application-manageyards-display-component---NewYard--addressDetailDetailsLanguage-inner\"]"}
COMMAND: GET /session/1d980a951abea0b22294b008109eaf7e/screenshot - {}
RESULT: {}
RESULT: {"using":"xpath","value":"//*[@id=\"application-manageyards-display-component---NewYard--addressDetailDetailsLanguage-inner\"]"}
COMMAND: POST /session/1d980a951abea0b22294b008109eaf7e/element/f.003B7F97663A213565201A76C4492A9B.d.B6EA25F4215D071EF10CB42274C19D08.e.360/clear - {}
RESULT: {}
RESULT: {}
COMMAND: POST /session/1d980a951abea0b22294b008109eaf7e/element/f.003B7F97663A213565201A76C4492A9B.d.B6EA25F4215D071EF10CB42274C19D08.e.360/value - {"text":"Romanian"}
COMMAND: GET /session/1d980a951abea0b22294b008109eaf7e/screenshot - {}
RESULT: {"text":"Romanian"}
COMMAND: POST /session/1d980a951abea0b22294b008109eaf7e/element - {"using":"xpath","value":"//input[contains(@id ,\"application-manageyards-display-component---NewYard--addressDetailDetailsName1-inner\")]"}
COMMAND: GET /session/1d980a951abea0b22294b008109eaf7e/screenshot - {}
RESULT: {}
RESULT: {"using":"xpath","value":"//input[contains(@id ,\"application-manageyards-display-component---NewYard--addressDetailDetailsName1-inner\")]"}
COMMAND: GET /session/1d980a951abea0b22294b008109eaf7e/element/f.003B7F97663A213565201A76C4492A9B.d.B6EA25F4215D071EF10CB42274C19D08.e.359/property/value - {}
RESULT: {}
RESULT: {}
COMMAND: GET /session/1d980a951abea0b22294b008109eaf7e/screenshot - {}
RESULT: {}
COMMAND: POST /session/1d980a951abea0b22294b008109eaf7e/element - {"using":"xpath","value":"//*[@id=\"application-manageyards-display-component---NewYard--addressDetailDetailsCity1-inner\"]"}
RESULT: {"using":"xpath","value":"//*[@id=\"application-manageyards-display-component---NewYard--addressDetailDetailsCity1-inner\"]"}
COMMAND: POST /session/1d980a951abea0b22294b008109eaf7e/element/f.003B7F97663A213565201A76C4492A9B.d.B6EA25F4215D071EF10CB42274C19D08.e.362/clear - {}
RESULT: {}
COMMAND: POST /session/1d980a951abea0b22294b008109eaf7e/element/f.003B7F97663A213565201A76C4492A9B.d.B6EA25F4215D071EF10CB42274C19D08.e.362/value - {"text":"Bucuresti"}
COMMAND: GET /session/1d980a951abea0b22294b008109eaf7e/screenshot - {}
RESULT: {"text":"Bucuresti"}
COMMAND: GET /session/1d980a951abea0b22294b008109eaf7e/screenshot - {}
RESULT: {}
RESULT: {}
COMMAND: POST /session/1d980a951abea0b22294b008109eaf7e/element - {"using":"xpath","value":"//*[@id=\"application-manageyards-display-component---NewYard--addressDetailDetailsCountry-inner\"]"}
RESULT: {"using":"xpath","value":"//*[@id=\"application-manageyards-display-component---NewYard--addressDetailDetailsCountry-inner\"]"}
COMMAND: POST /session/1d980a951abea0b22294b008109eaf7e/element/f.003B7F97663A213565201A76C4492A9B.d.B6EA25F4215D071EF10CB42274C19D08.e.366/clear - {}
RESULT: {}
COMMAND: POST /session/1d980a951abea0b22294b008109eaf7e/element/f.003B7F97663A213565201A76C4492A9B.d.B6EA25F4215D071EF10CB42274C19D08.e.366/value - {"text":"Romania"}
COMMAND: GET /session/1d980a951abea0b22294b008109eaf7e/screenshot - {}
RESULT: {"text":"Romania"}
COMMAND: GET /session/1d980a951abea0b22294b008109eaf7e/screenshot - {}
RESULT: {}
RESULT: {}
COMMAND: POST /session/1d980a951abea0b22294b008109eaf7e/element - {"using":"xpath","value":"//div[contains(text(), \"Commercial\")]"}
RESULT: {"using":"xpath","value":"//div[contains(text(), \"Commercial\")]"}
COMMAND: GET /session/1d980a951abea0b22294b008109eaf7e/element/f.003B7F97663A213565201A76C4492A9B.d.B6EA25F4215D071EF10CB42274C19D08.e.540/rect - {}
RESULT: {}
COMMAND: GET /session/1d980a951abea0b22294b008109eaf7e/window/rect - {}
RESULT: {}
COMMAND: POST /session/1d980a951abea0b22294b008109eaf7e/execute/sync - {"script":"<script> [92 bytes]","args":[]}
RESULT: {"script":"<script> [92 bytes]","args":[]}
COMMAND: POST /session/1d980a951abea0b22294b008109eaf7e/actions - {"actions":[{"id":"action1","type":"wheel","parameters":{},"actions":[{"type":"scroll","x":-1841,"y":-44,"deltaX":0,"deltaY":0,"duration":0,"origin":{"element-6066-11e4-a52e-4f735466cecf":"f.003B7F97663A213565201A76C4492A9B.d.B6EA25F4215D071EF10CB42274C19D08.e.540"}}]}]}
COMMAND: GET /session/1d980a951abea0b22294b008109eaf7e/screenshot - {}
RESULT: {}
COMMAND: POST /session/1d980a951abea0b22294b008109eaf7e/execute/sync - {"script":"<script> [79 bytes]","args":[{"element-6066-11e4-a52e-4f735466cecf":"f.003B7F97663A213565201A76C4492A9B.d.B6EA25F4215D071EF10CB42274C19D08.e.540","ELEMENT":"f.003B7F97663A213565201A76C4492A9B.d.B6EA25F4215D071EF10CB42274C19D08.e.540"},{"block":"start","inline":"nearest"}]}
RESULT: {"script":"<script> [79 bytes]","args":[{"element-6066-11e4-a52e-4f735466cecf":"f.003B7F97663A213565201A76C4492A9B.d.B6EA25F4215D071EF10CB42274C19D08.e.540","ELEMENT":"f.003B7F97663A213565201A76C4492A9B.d.B6EA25F4215D071EF10CB42274C19D08.e.540"},{"block":"start","inline":"nearest"}]}
COMMAND: GET /session/1d980a951abea0b22294b008109eaf7e/screenshot - {}
RESULT: {}
COMMAND: POST /session/1d980a951abea0b22294b008109eaf7e/execute/async - {"script":"<script> [1562 bytes]","args":[{"selector":{"id":"application-manageyards-display-component---NewYard--addressEditDetailsCostObjectCstType-arrow"},"wdio_ui5_key":"applicationmanageyards-display-component---NewYard--addressEditDetailsCostObjectCstType-arrow"}]}
RESULT: {"script":"<script> [1562 bytes]","args":[{"selector":{"id":"application-manageyards-display-component---NewYard--addressEditDetailsCostObjectCstType-arrow"},"wdio_ui5_key":"applicationmanageyards-display-component---NewYard--addressEditDetailsCostObjectCstType-arrow"}]}
RESULT: undefined
COMMAND: POST /session/1d980a951abea0b22294b008109eaf7e/element - {"using":"xpath","value":"//*[@id=\"application-manageyards-display-component---NewYard--addressEditDetailsCostObjectCstType-arrow\"]"}
RESULT: {"using":"xpath","value":"//*[@id=\"application-manageyards-display-component---NewYard--addressEditDetailsCostObjectCstType-arrow\"]"}
COMMAND: POST /session/1d980a951abea0b22294b008109eaf7e/element/f.003B7F97663A213565201A76C4492A9B.d.B6EA25F4215D071EF10CB42274C19D08.e.549/click - {}
RESULT: {}
COMMAND: POST /session/1d980a951abea0b22294b008109eaf7e/element - {"using":"xpath","value":"//span[contains(text(), \"Cost Center\")]"}
COMMAND: GET /session/1d980a951abea0b22294b008109eaf7e/screenshot - {}
RESULT: {"using":"xpath","value":"//span[contains(text(), \"Cost Center\")]"}
COMMAND: POST /session/1d980a951abea0b22294b008109eaf7e/element/f.003B7F97663A213565201A76C4492A9B.d.B6EA25F4215D071EF10CB42274C19D08.e.550/click - {}
RESULT: {}
RESULT: {}
COMMAND: GET /session/1d980a951abea0b22294b008109eaf7e/screenshot - {}
RESULT: {}
COMMAND: POST /session/1d980a951abea0b22294b008109eaf7e/execute/async - {"script":"<script> [1562 bytes]","args":[{"selector":{"id":"application-manageyards-display-component---NewYard--addressNewCostObjectCstID-vhi"},"wdio_ui5_key":"applicationmanageyards-display-component---NewYard--addressNewCostObjectCstID-vhi"}]}
RESULT: {"script":"<script> [1562 bytes]","args":[{"selector":{"id":"application-manageyards-display-component---NewYard--addressNewCostObjectCstID-vhi"},"wdio_ui5_key":"applicationmanageyards-display-component---NewYard--addressNewCostObjectCstID-vhi"}]}
RESULT: undefined
COMMAND: POST /session/1d980a951abea0b22294b008109eaf7e/element - {"using":"xpath","value":"//*[@id=\"application-manageyards-display-component---NewYard--addressNewCostObjectCstID-vhi\"]"}
RESULT: {"using":"xpath","value":"//*[@id=\"application-manageyards-display-component---NewYard--addressNewCostObjectCstID-vhi\"]"}
COMMAND: POST /session/1d980a951abea0b22294b008109eaf7e/element/f.003B7F97663A213565201A76C4492A9B.d.B6EA25F4215D071EF10CB42274C19D08.e.554/click - {}
RESULT: {}
COMMAND: GET /session/1d980a951abea0b22294b008109eaf7e/screenshot - {}
RESULT: {}
COMMAND: POST /session/1d980a951abea0b22294b008109eaf7e/execute/async - {"script":"<script> [1562 bytes]","args":[{"selector":{"controlType":"sap.m.SearchField","properties":{"placeholder":"Search"},"searchOpenDialogs":true,"interaction":{"idSuffix":"I"}},"wdio_ui5_key":"sapm.SearchField{\"placeholder\":\"Search\"}"}]}
RESULT: {"script":"<script> [1562 bytes]","args":[{"selector":{"controlType":"sap.m.SearchField","properties":{"placeholder":"Search"},"searchOpenDialogs":true,"interaction":{"idSuffix":"I"}},"wdio_ui5_key":"sapm.SearchField{\"placeholder\":\"Search\"}"}]}
RESULT: undefined
COMMAND: POST /session/1d980a951abea0b22294b008109eaf7e/execute/async - {"script":"<script> [776 bytes]","args":[{"enterText":"10001013","selector":{"controlType":"sap.m.SearchField","properties":{"placeholder":"Search"},"searchOpenDialogs":true,"interaction":{"idSuffix":"I"}},"clearTextFirst":true,"interactionType":"ENTER_TEXT"}]}
RESULT: {"script":"<script> [776 bytes]","args":[{"enterText":"10001013","selector":{"controlType":"sap.m.SearchField","properties":{"placeholder":"Search"},"searchOpenDialogs":true,"interaction":{"idSuffix":"I"}},"clearTextFirst":true,"interactionType":"ENTER_TEXT"}]}
COMMAND: POST /session/1d980a951abea0b22294b008109eaf7e/actions - {"actions":[{"id":"action2","type":"key","parameters":{},"actions":[{"type":"keyDown","value":"î€‡"},{"type":"pause","duration":10},{"type":"keyUp","value":"î€‡"}]}]}
RESULT: {"actions":[{"id":"action2","type":"key","parameters":{},"actions":[{"type":"keyDown","value":"î€‡"},{"type":"pause","duration":10},{"type":"keyUp","value":"î€‡"}]}]}
COMMAND: GET /session/1d980a951abea0b22294b008109eaf7e/screenshot - {}
RESULT: {}
COMMAND: POST /session/1d980a951abea0b22294b008109eaf7e/element - {"using":"xpath","value":"//span[contains(text(), \"General Management\")]"}
RESULT: {"using":"xpath","value":"//span[contains(text(), \"General Management\")]"}
COMMAND: POST /session/1d980a951abea0b22294b008109eaf7e/element/f.003B7F97663A213565201A76C4492A9B.d.B6EA25F4215D071EF10CB42274C19D08.e.595/click - {}
RESULT: {}
COMMAND: GET /session/1d980a951abea0b22294b008109eaf7e/screenshot - {}
RESULT: {}
COMMAND: POST /session/1d980a951abea0b22294b008109eaf7e/element - {"using":"xpath","value":"//bdi[contains(text(), \"OK\")]"}
RESULT: {"using":"xpath","value":"//bdi[contains(text(), \"OK\")]"}
COMMAND: POST /session/1d980a951abea0b22294b008109eaf7e/element/f.003B7F97663A213565201A76C4492A9B.d.B6EA25F4215D071EF10CB42274C19D08.e.596/click - {}
RESULT: {}
COMMAND: GET /session/1d980a951abea0b22294b008109eaf7e/screenshot - {}
RESULT: {}
COMMAND: POST /session/1d980a951abea0b22294b008109eaf7e/execute/async - {"script":"<script> [1562 bytes]","args":[{"selector":{"controlType":"sap.m.Button","viewName":"etm.portal.ui.manageyards.view.New","viewId":"application-manageyards-display-component---NewYard","i18NText":{"propertyName":"text","key":"save"},"interaction":{"idSuffix":"inner"}},"wdio_ui5_key":"etmportal.ui.manageyards.view.Newsap.m.Button{\"propertyName\":\"text\",\"key\":\"save\"}"}]}
RESULT: {"script":"<script> [1562 bytes]","args":[{"selector":{"controlType":"sap.m.Button","viewName":"etm.portal.ui.manageyards.view.New","viewId":"application-manageyards-display-component---NewYard","i18NText":{"propertyName":"text","key":"save"},"interaction":{"idSuffix":"inner"}},"wdio_ui5_key":"etmportal.ui.manageyards.view.Newsap.m.Button{\"propertyName\":\"text\",\"key\":\"save\"}"}]}
RESULT: undefined
COMMAND: POST /session/1d980a951abea0b22294b008109eaf7e/element - {"using":"xpath","value":"//*[@id=\"__button18\"]"}
RESULT: {"using":"xpath","value":"//*[@id=\"__button18\"]"}
COMMAND: POST /session/1d980a951abea0b22294b008109eaf7e/element/f.003B7F97663A213565201A76C4492A9B.d.B6EA25F4215D071EF10CB42274C19D08.e.517/click - {}
RESULT: {}
COMMAND: GET /session/1d980a951abea0b22294b008109eaf7e/screenshot - {}
RESULT: {}
COMMAND: POST /session/1d980a951abea0b22294b008109eaf7e/element - {"using":"xpath","value":"//header/div/div[2]/div[2]/span"}
RESULT: {"using":"xpath","value":"//header/div/div[2]/div[2]/span"}
COMMAND: GET /session/1d980a951abea0b22294b008109eaf7e/element/f.003B7F97663A213565201A76C4492A9B.d.B6EA25F4215D071EF10CB42274C19D08.e.776/text - {}
RESULT: {}
COMMAND: POST /session/1d980a951abea0b22294b008109eaf7e/execute/async - {"script":"<script> [1562 bytes]","args":[{"selector":{"controlType":"sap.m.OverflowToolbarButton","viewName":"etm.portal.ui.manageyards.view.Detail","viewId":"application-manageyards-display-component---detailYard","i18NText":{"propertyName":"tooltip","key":"closeColumn"},"interaction":{"idSuffix":"inner"}},"wdio_ui5_key":"etmportal.ui.manageyards.view.Detailsap.m.OverflowToolbarButton{\"propertyName\":\"tooltip\",\"key\":\"closeColumn\"}"}]}
RESULT: {"script":"<script> [1562 bytes]","args":[{"selector":{"controlType":"sap.m.OverflowToolbarButton","viewName":"etm.portal.ui.manageyards.view.Detail","viewId":"application-manageyards-display-component---detailYard","i18NText":{"propertyName":"tooltip","key":"closeColumn"},"interaction":{"idSuffix":"inner"}},"wdio_ui5_key":"etmportal.ui.manageyards.view.Detailsap.m.OverflowToolbarButton{\"propertyName\":\"tooltip\",\"key\":\"closeColumn\"}"}]}
RESULT: undefined
COMMAND: POST /session/1d980a951abea0b22294b008109eaf7e/element - {"using":"xpath","value":"//*[@id=\"__button42\"]"}
RESULT: {"using":"xpath","value":"//*[@id=\"__button42\"]"}
COMMAND: POST /session/1d980a951abea0b22294b008109eaf7e/element/f.003B7F97663A213565201A76C4492A9B.d.B6EA25F4215D071EF10CB42274C19D08.e.778/click - {}
RESULT: {}
COMMAND: GET /session/1d980a951abea0b22294b008109eaf7e/screenshot - {}
RESULT: {}
COMMAND: POST /session/1d980a951abea0b22294b008109eaf7e/element - {"using":"css selector","value":"#shell-header-logo"}
RESULT: {"using":"css selector","value":"#shell-header-logo"}
COMMAND: POST /session/1d980a951abea0b22294b008109eaf7e/element/f.003B7F97663A213565201A76C4492A9B.d.B6EA25F4215D071EF10CB42274C19D08.e.116/click - {}
RESULT: {}
COMMAND: GET /session/1d980a951abea0b22294b008109eaf7e/screenshot - {}
RESULT: {}
COMMAND: POST /session/1d980a951abea0b22294b008109eaf7e/refresh - {}
RESULT: {}
COMMAND: GET /session/1d980a951abea0b22294b008109eaf7e/screenshot - {}
RESULT: {}
COMMAND: POST /session/1d980a951abea0b22294b008109eaf7e/execute/async - {"script":"<script> [189 bytes]","args":[]}
RESULT: {"script":"<script> [189 bytes]","args":[]}
COMMAND: POST /session/1d980a951abea0b22294b008109eaf7e/execute/async - {"script":"<script> [123 bytes]","args":[]}
RESULT: {"script":"<script> [123 bytes]","args":[]}
COMMAND: POST /session/1d980a951abea0b22294b008109eaf7e/timeouts - {"script":"<number>"}
RESULT: {"script":"<number>"}
COMMAND: GET /session/1d980a951abea0b22294b008109eaf7e/timeouts - {}
RESULT: {}
RESULT: undefined
COMMAND: POST /session/1d980a951abea0b22294b008109eaf7e/execute/async - {"script":"<script> [2676 bytes]","args":[]}
RESULT: {"script":"<script> [2676 bytes]","args":[]}
COMMAND: POST /session/1d980a951abea0b22294b008109eaf7e/execute/async - {"script":"<script> [2342 bytes]","args":[{"protocol":"http","hostname":"0.0.0.0","path":"/","capabilities":{"browserName":"chrome","goog:chromeOptions":{"binary":"C:\\Program Files\\Google\\Chrome\\Application\\chrome.exe","args":["--start-maximized"]}},"logLevel":"warn","connectionRetryTimeout":120000,"connectionRetryCount":3,"logLevels":{},"enableDirectConnect":true,"strictSSL":true,"_":"65 more keys: [\"cacheDir\",\"port\",\"requestedCapabilities\",\"automationProtocol\",\"baseUrl\",\"waitforInterval\",\"waitforTimeout\",\"onReload\",\"beforeCommand\",\"afterCommand\",\"rootDir\",\"specs\",\"suites\",\"exclude\",\"groupLogsByTestSpec\",\"excludeDriverLogs\",\"bail\",\"framework\",\"reporters\",\"services\",\"maxInstances\",\"maxInstancesPerCapability\",\"injectGlobals\",\"filesToWatch\",\"execArgv\",\"runnerEnv\",\"runner\",\"shard\",\"specFileRetries\",\"specFileRetriesDelay\",\"specFileRetriesDeferred\",\"reporterSyncInterval\",\"reporterSyncTimeout\",\"cucumberFeaturesWithLineNumbers\",\"autoCompileOpts\",\"mochaOpts\",\"jasmineOpts\",\"cucumberOpts\",\"onPrepare\",\"onWorkerStart\",\"onWorkerEnd\",\"before\",\"beforeSession\",\"beforeSuite\",\"beforeHook\",\"beforeTest\",\"afterTest\",\"afterHook\",\"afterSuite\",\"afterSession\",\"after\",\"onComplete\",\"beforeAssertion\",\"afterAssertion\",\"beforeFeature\",\"beforeScenario\",\"beforeStep\",\"afterStep\",\"afterScenario\",\"afterFeature\",\"_\",\"suite\",\"$0\",\"ignoredWorkerServices\",\"wdi5\"]"}]}
RESULT: {"script":"<script> [2342 bytes]","args":[{"protocol":"http","hostname":"0.0.0.0","path":"/","capabilities":{"browserName":"chrome","goog:chromeOptions":{"binary":"C:\\Program Files\\Google\\Chrome\\Application\\chrome.exe","args":["--start-maximized"]}},"logLevel":"warn","connectionRetryTimeout":120000,"connectionRetryCount":3,"logLevels":{},"enableDirectConnect":true,"strictSSL":true,"_":"65 more keys: [\"cacheDir\",\"port\",\"requestedCapabilities\",\"automationProtocol\",\"baseUrl\",\"waitforInterval\",\"waitforTimeout\",\"onReload\",\"beforeCommand\",\"afterCommand\",\"rootDir\",\"specs\",\"suites\",\"exclude\",\"groupLogsByTestSpec\",\"excludeDriverLogs\",\"bail\",\"framework\",\"reporters\",\"services\",\"maxInstances\",\"maxInstancesPerCapability\",\"injectGlobals\",\"filesToWatch\",\"execArgv\",\"runnerEnv\",\"runner\",\"shard\",\"specFileRetries\",\"specFileRetriesDelay\",\"specFileRetriesDeferred\",\"reporterSyncInterval\",\"reporterSyncTimeout\",\"cucumberFeaturesWithLineNumbers\",\"autoCompileOpts\",\"mochaOpts\",\"jasmineOpts\",\"cucumberOpts\",\"onPrepare\",\"onWorkerStart\",\"onWorkerEnd\",\"before\",\"beforeSession\",\"beforeSuite\",\"beforeHook\",\"beforeTest\",\"afterTest\",\"afterHook\",\"afterSuite\",\"afterSession\",\"after\",\"onComplete\",\"beforeAssertion\",\"afterAssertion\",\"beforeFeature\",\"beforeScenario\",\"beforeStep\",\"afterStep\",\"afterScenario\",\"afterFeature\",\"_\",\"suite\",\"$0\",\"ignoredWorkerServices\",\"wdi5\"]"}]}
COMMAND: POST /session/1d980a951abea0b22294b008109eaf7e/execute/async - {"script":"<script> [21126 bytes]","args":[35000]}
RESULT: {"script":"<script> [21126 bytes]","args":[35000]}
COMMAND: POST /session/1d980a951abea0b22294b008109eaf7e/execute/async - {"script":"<script> [1562 bytes]","args":[{"selector":{"controlType":"sap.m.GenericTile","properties":{"header":"Manage Sites"}},"wdio_ui5_key":"sapm.GenericTile{\"header\":\"Manage Sites\"}"}]}
RESULT: {"script":"<script> [1562 bytes]","args":[{"selector":{"controlType":"sap.m.GenericTile","properties":{"header":"Manage Sites"}},"wdio_ui5_key":"sapm.GenericTile{\"header\":\"Manage Sites\"}"}]}
RESULT: undefined
COMMAND: POST /session/1d980a951abea0b22294b008109eaf7e/element - {"using":"xpath","value":"//*[@id=\"__tile41\"]"}
RESULT: {"using":"xpath","value":"//*[@id=\"__tile41\"]"}
COMMAND: POST /session/1d980a951abea0b22294b008109eaf7e/element/f.003B7F97663A213565201A76C4492A9B.d.1672955B7B0CECAD5CD9E69F53AADC4B.e.1107/click - {}
RESULT: {}
COMMAND: GET /session/1d980a951abea0b22294b008109eaf7e/screenshot - {}
RESULT: {}
COMMAND: POST /session/1d980a951abea0b22294b008109eaf7e/elements - {"using":"xpath","value":"//span[text()='Error']"}
RESULT: {"using":"xpath","value":"//span[text()='Error']"}
COMMAND: POST /session/1d980a951abea0b22294b008109eaf7e/execute/async - {"script":"<script> [1562 bytes]","args":[{"selector":{"controlType":"sap.ui.core.Icon","viewName":"etm.portal.ui.managesites.view.Master","viewId":"application-managesites-display-component---masterSite","properties":{"src":{"regex":{"source":"add"}}}},"wdio_ui5_key":"etmportal.ui.managesites.view.Mastersap.ui.core.Icon{\"src\":{\"regex\":{\"source\":\"add\"}}}"}]}
RESULT: {"script":"<script> [1562 bytes]","args":[{"selector":{"controlType":"sap.ui.core.Icon","viewName":"etm.portal.ui.managesites.view.Master","viewId":"application-managesites-display-component---masterSite","properties":{"src":{"regex":{"source":"add"}}}},"wdio_ui5_key":"etmportal.ui.managesites.view.Mastersap.ui.core.Icon{\"src\":{\"regex\":{\"source\":\"add\"}}}"}]}
RESULT: undefined
COMMAND: POST /session/1d980a951abea0b22294b008109eaf7e/element - {"using":"xpath","value":"//*[@id=\"__button4-img\"]"}
RESULT: {"using":"xpath","value":"//*[@id=\"__button4-img\"]"}
COMMAND: POST /session/1d980a951abea0b22294b008109eaf7e/element/f.003B7F97663A213565201A76C4492A9B.d.1672955B7B0CECAD5CD9E69F53AADC4B.e.1156/click - {}
RESULT: {}
COMMAND: POST /session/1d980a951abea0b22294b008109eaf7e/execute/async - {"script":"<script> [1562 bytes]","args":[{"selector":{"id":"application-managesites-display-component---NewSite--siteId","interaction":{"idSuffix":"inner"}},"wdio_ui5_key":"applicationmanagesites-display-component---NewSite--siteId"}]}
COMMAND: GET /session/1d980a951abea0b22294b008109eaf7e/screenshot - {}
RESULT: {"script":"<script> [1562 bytes]","args":[{"selector":{"id":"application-managesites-display-component---NewSite--siteId","interaction":{"idSuffix":"inner"}},"wdio_ui5_key":"applicationmanagesites-display-component---NewSite--siteId"}]}
RESULT: undefined
COMMAND: POST /session/1d980a951abea0b22294b008109eaf7e/execute/async - {"script":"<script> [1562 bytes]","args":[{"selector":{"id":"application-managesites-display-component---NewSite--addressDetailDetailsName1","interaction":{"idSuffix":"inner"}},"wdio_ui5_key":"applicationmanagesites-display-component---NewSite--addressDetailDetailsName1"}]}
RESULT: {}
RESULT: {"script":"<script> [1562 bytes]","args":[{"selector":{"id":"application-managesites-display-component---NewSite--addressDetailDetailsName1","interaction":{"idSuffix":"inner"}},"wdio_ui5_key":"applicationmanagesites-display-component---NewSite--addressDetailDetailsName1"}]}
RESULT: undefined
COMMAND: POST /session/1d980a951abea0b22294b008109eaf7e/execute/async - {"script":"<script> [776 bytes]","args":[{"enterText":"WebdriverSiteo8ght","selector":{"id":"application-managesites-display-component---NewSite--addressDetailDetailsName1","interaction":{"idSuffix":"inner"}},"clearTextFirst":true,"interactionType":"ENTER_TEXT"}]}
RESULT: {"script":"<script> [776 bytes]","args":[{"enterText":"WebdriverSiteo8ght","selector":{"id":"application-managesites-display-component---NewSite--addressDetailDetailsName1","interaction":{"idSuffix":"inner"}},"clearTextFirst":true,"interactionType":"ENTER_TEXT"}]}
COMMAND: POST /session/1d980a951abea0b22294b008109eaf7e/execute/async - {"script":"<script> [1562 bytes]","args":[{"selector":{"id":"application-managesites-display-component---NewSite--addressDetailDetailsLanguage","interaction":{"idSuffix":"inner"}},"wdio_ui5_key":"applicationmanagesites-display-component---NewSite--addressDetailDetailsLanguage"}]}
RESULT: {"script":"<script> [1562 bytes]","args":[{"selector":{"id":"application-managesites-display-component---NewSite--addressDetailDetailsLanguage","interaction":{"idSuffix":"inner"}},"wdio_ui5_key":"applicationmanagesites-display-component---NewSite--addressDetailDetailsLanguage"}]}
RESULT: undefined
COMMAND: POST /session/1d980a951abea0b22294b008109eaf7e/execute/async - {"script":"<script> [776 bytes]","args":[{"enterText":"Romanian","selector":{"id":"application-managesites-display-component---NewSite--addressDetailDetailsLanguage","interaction":{"idSuffix":"inner"}},"clearTextFirst":true,"interactionType":"ENTER_TEXT"}]}
RESULT: {"script":"<script> [776 bytes]","args":[{"enterText":"Romanian","selector":{"id":"application-managesites-display-component---NewSite--addressDetailDetailsLanguage","interaction":{"idSuffix":"inner"}},"clearTextFirst":true,"interactionType":"ENTER_TEXT"}]}
COMMAND: POST /session/1d980a951abea0b22294b008109eaf7e/execute/async - {"script":"<script> [1562 bytes]","args":[{"selector":{"id":"application-managesites-display-component---NewSite--addressDetailDetailsCity1","interaction":{"idSuffix":"inner"}},"wdio_ui5_key":"applicationmanagesites-display-component---NewSite--addressDetailDetailsCity1"}]}
RESULT: {"script":"<script> [1562 bytes]","args":[{"selector":{"id":"application-managesites-display-component---NewSite--addressDetailDetailsCity1","interaction":{"idSuffix":"inner"}},"wdio_ui5_key":"applicationmanagesites-display-component---NewSite--addressDetailDetailsCity1"}]}
RESULT: undefined
COMMAND: POST /session/1d980a951abea0b22294b008109eaf7e/execute/async - {"script":"<script> [776 bytes]","args":[{"enterText":"Bucharest","selector":{"id":"application-managesites-display-component---NewSite--addressDetailDetailsCity1","interaction":{"idSuffix":"inner"}},"clearTextFirst":true,"interactionType":"ENTER_TEXT"}]}
RESULT: {"script":"<script> [776 bytes]","args":[{"enterText":"Bucharest","selector":{"id":"application-managesites-display-component---NewSite--addressDetailDetailsCity1","interaction":{"idSuffix":"inner"}},"clearTextFirst":true,"interactionType":"ENTER_TEXT"}]}
COMMAND: POST /session/1d980a951abea0b22294b008109eaf7e/execute/async - {"script":"<script> [1562 bytes]","args":[{"selector":{"id":"application-managesites-display-component---NewSite--addressDetailDetailsCountry","interaction":{"idSuffix":"inner"}},"wdio_ui5_key":"applicationmanagesites-display-component---NewSite--addressDetailDetailsCountry"}]}
RESULT: {"script":"<script> [1562 bytes]","args":[{"selector":{"id":"application-managesites-display-component---NewSite--addressDetailDetailsCountry","interaction":{"idSuffix":"inner"}},"wdio_ui5_key":"applicationmanagesites-display-component---NewSite--addressDetailDetailsCountry"}]}
RESULT: undefined
COMMAND: POST /session/1d980a951abea0b22294b008109eaf7e/execute/async - {"script":"<script> [776 bytes]","args":[{"enterText":"Romania","selector":{"id":"application-managesites-display-component---NewSite--addressDetailDetailsCountry","interaction":{"idSuffix":"inner"}},"clearTextFirst":true,"interactionType":"ENTER_TEXT"}]}
RESULT: {"script":"<script> [776 bytes]","args":[{"enterText":"Romania","selector":{"id":"application-managesites-display-component---NewSite--addressDetailDetailsCountry","interaction":{"idSuffix":"inner"}},"clearTextFirst":true,"interactionType":"ENTER_TEXT"}]}
COMMAND: POST /session/1d980a951abea0b22294b008109eaf7e/element - {"using":"css selector","value":"#application-managesites-display-component---NewSite--addressDetailDetailsCalendar-inner"}
RESULT: {"using":"css selector","value":"#application-managesites-display-component---NewSite--addressDetailDetailsCalendar-inner"}
COMMAND: POST /session/1d980a951abea0b22294b008109eaf7e/element/f.003B7F97663A213565201A76C4492A9B.d.1672955B7B0CECAD5CD9E69F53AADC4B.e.1276/clear - {}
RESULT: {}
COMMAND: POST /session/1d980a951abea0b22294b008109eaf7e/element/f.003B7F97663A213565201A76C4492A9B.d.1672955B7B0CECAD5CD9E69F53AADC4B.e.1276/value - {"text":"Germany"}
COMMAND: GET /session/1d980a951abea0b22294b008109eaf7e/screenshot - {}
RESULT: {"text":"Germany"}
COMMAND: POST /session/1d980a951abea0b22294b008109eaf7e/execute/async - {"script":"<script> [1562 bytes]","args":[{"selector":{"id":"application-managesites-display-component---NewSite--addressEditDetailsCostObjectCstType-arrow"},"wdio_ui5_key":"applicationmanagesites-display-component---NewSite--addressEditDetailsCostObjectCstType-arrow"}]}
COMMAND: GET /session/1d980a951abea0b22294b008109eaf7e/screenshot - {}
RESULT: {}
RESULT: {"script":"<script> [1562 bytes]","args":[{"selector":{"id":"application-managesites-display-component---NewSite--addressEditDetailsCostObjectCstType-arrow"},"wdio_ui5_key":"applicationmanagesites-display-component---NewSite--addressEditDetailsCostObjectCstType-arrow"}]}
RESULT: undefined
COMMAND: POST /session/1d980a951abea0b22294b008109eaf7e/element - {"using":"xpath","value":"//*[@id=\"application-managesites-display-component---NewSite--addressEditDetailsCostObjectCstType-arrow\"]"}
RESULT: {}
RESULT: {"using":"xpath","value":"//*[@id=\"application-managesites-display-component---NewSite--addressEditDetailsCostObjectCstType-arrow\"]"}
COMMAND: POST /session/1d980a951abea0b22294b008109eaf7e/element/f.003B7F97663A213565201A76C4492A9B.d.1672955B7B0CECAD5CD9E69F53AADC4B.e.1423/click - {}
RESULT: {}
COMMAND: POST /session/1d980a951abea0b22294b008109eaf7e/element - {"using":"xpath","value":"//span[contains(text(), \"Work Breakdown Structure\")]"}
COMMAND: GET /session/1d980a951abea0b22294b008109eaf7e/screenshot - {}
RESULT: {"using":"xpath","value":"//span[contains(text(), \"Work Breakdown Structure\")]"}
COMMAND: POST /session/1d980a951abea0b22294b008109eaf7e/element/f.003B7F97663A213565201A76C4492A9B.d.1672955B7B0CECAD5CD9E69F53AADC4B.e.1424/click - {}
RESULT: {}
RESULT: {}
COMMAND: GET /session/1d980a951abea0b22294b008109eaf7e/screenshot - {}
RESULT: {}
RESULT: undefined
COMMAND: POST /session/1d980a951abea0b22294b008109eaf7e/execute/async - {"script":"<script> [1562 bytes]","args":[{"selector":{"id":"application-managesites-display-component---NewSite--addressNewCostObjectCstID-vhi"},"wdio_ui5_key":"applicationmanagesites-display-component---NewSite--addressNewCostObjectCstID-vhi"}]}
RESULT: {"script":"<script> [1562 bytes]","args":[{"selector":{"id":"application-managesites-display-component---NewSite--addressNewCostObjectCstID-vhi"},"wdio_ui5_key":"applicationmanagesites-display-component---NewSite--addressNewCostObjectCstID-vhi"}]}
RESULT: undefined
COMMAND: POST /session/1d980a951abea0b22294b008109eaf7e/element - {"using":"xpath","value":"//*[@id=\"application-managesites-display-component---NewSite--addressNewCostObjectCstID-vhi\"]"}
RESULT: {"using":"xpath","value":"//*[@id=\"application-managesites-display-component---NewSite--addressNewCostObjectCstID-vhi\"]"}
COMMAND: POST /session/1d980a951abea0b22294b008109eaf7e/element/f.003B7F97663A213565201A76C4492A9B.d.1672955B7B0CECAD5CD9E69F53AADC4B.e.1429/click - {}
RESULT: {}
COMMAND: GET /session/1d980a951abea0b22294b008109eaf7e/screenshot - {}
RESULT: {}
COMMAND: POST /session/1d980a951abea0b22294b008109eaf7e/execute/async - {"script":"<script> [1562 bytes]","args":[{"selector":{"controlType":"sap.m.SearchField","properties":{"placeholder":"Search"},"searchOpenDialogs":true,"interaction":{"idSuffix":"I"}},"wdio_ui5_key":"sapm.SearchField{\"placeholder\":\"Search\"}"}]}
RESULT: {"script":"<script> [1562 bytes]","args":[{"selector":{"controlType":"sap.m.SearchField","properties":{"placeholder":"Search"},"searchOpenDialogs":true,"interaction":{"idSuffix":"I"}},"wdio_ui5_key":"sapm.SearchField{\"placeholder\":\"Search\"}"}]}
RESULT: undefined
COMMAND: POST /session/1d980a951abea0b22294b008109eaf7e/execute/async - {"script":"<script> [776 bytes]","args":[{"enterText":"A1-000100-01","selector":{"controlType":"sap.m.SearchField","properties":{"placeholder":"Search"},"searchOpenDialogs":true,"interaction":{"idSuffix":"I"}},"clearTextFirst":true,"interactionType":"ENTER_TEXT"}]}
RESULT: {"script":"<script> [776 bytes]","args":[{"enterText":"A1-000100-01","selector":{"controlType":"sap.m.SearchField","properties":{"placeholder":"Search"},"searchOpenDialogs":true,"interaction":{"idSuffix":"I"}},"clearTextFirst":true,"interactionType":"ENTER_TEXT"}]}
COMMAND: POST /session/1d980a951abea0b22294b008109eaf7e/actions - {"actions":[{"id":"action3","type":"key","parameters":{},"actions":[{"type":"keyDown","value":"î€‡"},{"type":"pause","duration":10},{"type":"keyUp","value":"î€‡"}]}]}
RESULT: {"actions":[{"id":"action3","type":"key","parameters":{},"actions":[{"type":"keyDown","value":"î€‡"},{"type":"pause","duration":10},{"type":"keyUp","value":"î€‡"}]}]}
COMMAND: GET /session/1d980a951abea0b22294b008109eaf7e/screenshot - {}
RESULT: {}
COMMAND: POST /session/1d980a951abea0b22294b008109eaf7e/element - {"using":"xpath","value":"//span[contains(text(), \"Template for ETO-Process\")]"}
RESULT: {"using":"xpath","value":"//span[contains(text(), \"Template for ETO-Process\")]"}
COMMAND: POST /session/1d980a951abea0b22294b008109eaf7e/element/f.003B7F97663A213565201A76C4492A9B.d.1672955B7B0CECAD5CD9E69F53AADC4B.e.1449/click - {}
RESULT: {}
COMMAND: GET /session/1d980a951abea0b22294b008109eaf7e/screenshot - {}
RESULT: {}
COMMAND: POST /session/1d980a951abea0b22294b008109eaf7e/element - {"using":"xpath","value":"//bdi[contains(text(), \"OK\")]"}
RESULT: {"using":"xpath","value":"//bdi[contains(text(), \"OK\")]"}
COMMAND: POST /session/1d980a951abea0b22294b008109eaf7e/element/f.003B7F97663A213565201A76C4492A9B.d.1672955B7B0CECAD5CD9E69F53AADC4B.e.1450/click - {}
RESULT: {}
COMMAND: GET /session/1d980a951abea0b22294b008109eaf7e/screenshot - {}
RESULT: {}
COMMAND: POST /session/1d980a951abea0b22294b008109eaf7e/element - {"using":"xpath","value":"//input[@id=\"application-managesites-display-component---NewSite--addressDetailDetailsYard-inner\"]"}
RESULT: {"using":"xpath","value":"//input[@id=\"application-managesites-display-component---NewSite--addressDetailDetailsYard-inner\"]"}
COMMAND: POST /session/1d980a951abea0b22294b008109eaf7e/element/f.003B7F97663A213565201A76C4492A9B.d.1672955B7B0CECAD5CD9E69F53AADC4B.e.1277/value - {"text":"WebdriverYardli3cg"}
RESULT: {"text":"WebdriverYardli3cg"}
COMMAND: GET /session/1d980a951abea0b22294b008109eaf7e/screenshot - {}
RESULT: {}
COMMAND: POST /session/1d980a951abea0b22294b008109eaf7e/actions - {"actions":[{"id":"action4","type":"key","parameters":{},"actions":[{"type":"keyDown","value":"î€‡"},{"type":"pause","duration":10},{"type":"keyUp","value":"î€‡"}]}]}
RESULT: {"actions":[{"id":"action4","type":"key","parameters":{},"actions":[{"type":"keyDown","value":"î€‡"},{"type":"pause","duration":10},{"type":"keyUp","value":"î€‡"}]}]}
COMMAND: GET /session/1d980a951abea0b22294b008109eaf7e/screenshot - {}
RESULT: {}
COMMAND: POST /session/1d980a951abea0b22294b008109eaf7e/element - {"using":"xpath","value":"//input[@id=\"application-managesites-display-component---NewSite--addressDetailDetailsPartner-inner\"]"}
RESULT: {"using":"xpath","value":"//input[@id=\"application-managesites-display-component---NewSite--addressDetailDetailsPartner-inner\"]"}
COMMAND: POST /session/1d980a951abea0b22294b008109eaf7e/elements - {"using":"xpath","value":"//input[@id=\"application-managesites-display-component---NewSite--addressDetailDetailsPartner-inner\"]"}
RESULT: {"using":"xpath","value":"//input[@id=\"application-managesites-display-component---NewSite--addressDetailDetailsPartner-inner\"]"}
COMMAND: POST /session/1d980a951abea0b22294b008109eaf7e/execute/async - {"script":"<script> [1562 bytes]","args":[{"selector":{"controlType":"sap.m.Button","viewName":"etm.portal.ui.managesites.view.NewSmartSite","viewId":"application-managesites-display-component---NewSite","properties":{"text":"Commercial"},"interaction":{"idSuffix":"BDI-content"}},"wdio_ui5_key":"etmportal.ui.managesites.view.NewSmartSitesap.m.Button{\"text\":\"Commercial\"}"}]}
RESULT: {"script":"<script> [1562 bytes]","args":[{"selector":{"controlType":"sap.m.Button","viewName":"etm.portal.ui.managesites.view.NewSmartSite","viewId":"application-managesites-display-component---NewSite","properties":{"text":"Commercial"},"interaction":{"idSuffix":"BDI-content"}},"wdio_ui5_key":"etmportal.ui.managesites.view.NewSmartSitesap.m.Button{\"text\":\"Commercial\"}"}]}
RESULT: undefined
COMMAND: POST /session/1d980a951abea0b22294b008109eaf7e/element - {"using":"xpath","value":"//*[@id=\"application-managesites-display-component---NewSite--ObjectPageLayout-anchBar-__section5-anchor\"]"}
RESULT: {"using":"xpath","value":"//*[@id=\"application-managesites-display-component---NewSite--ObjectPageLayout-anchBar-__section5-anchor\"]"}
COMMAND: POST /session/1d980a951abea0b22294b008109eaf7e/element/f.003B7F97663A213565201A76C4492A9B.d.1672955B7B0CECAD5CD9E69F53AADC4B.e.1457/click - {}
RESULT: {}
COMMAND: POST /session/1d980a951abea0b22294b008109eaf7e/execute/async - {"script":"<script> [1562 bytes]","args":[{"selector":{"controlType":"sap.m.Button","viewName":"etm.portal.ui.managesites.view.NewSmartSite","viewId":"application-managesites-display-component---NewSite","i18NText":{"propertyName":"text","key":"save"},"interaction":{"idSuffix":"BDI-content"}},"wdio_ui5_key":"etmportal.ui.managesites.view.NewSmartSitesap.m.Button{\"propertyName\":\"text\",\"key\":\"save\"}"}]}
COMMAND: GET /session/1d980a951abea0b22294b008109eaf7e/screenshot - {}
RESULT: {"script":"<script> [1562 bytes]","args":[{"selector":{"controlType":"sap.m.Button","viewName":"etm.portal.ui.managesites.view.NewSmartSite","viewId":"application-managesites-display-component---NewSite","i18NText":{"propertyName":"text","key":"save"},"interaction":{"idSuffix":"BDI-content"}},"wdio_ui5_key":"etmportal.ui.managesites.view.NewSmartSitesap.m.Button{\"propertyName\":\"text\",\"key\":\"save\"}"}]}
RESULT: undefined
COMMAND: POST /session/1d980a951abea0b22294b008109eaf7e/element - {"using":"xpath","value":"//*[@id=\"__button16\"]"}
RESULT: {}
RESULT: {"using":"xpath","value":"//*[@id=\"__button16\"]"}
COMMAND: POST /session/1d980a951abea0b22294b008109eaf7e/element/f.003B7F97663A213565201A76C4492A9B.d.1672955B7B0CECAD5CD9E69F53AADC4B.e.1399/click - {}
RESULT: {}
COMMAND: GET /session/1d980a951abea0b22294b008109eaf7e/screenshot - {}
RESULT: {}
COMMAND: POST /session/1d980a951abea0b22294b008109eaf7e/execute/async - {"script":"<script> [1562 bytes]","args":[{"selector":{"id":"application-managesites-display-component---detailSite--addressDetailDetailsYardText"},"wdio_ui5_key":"applicationmanagesites-display-component---detailSite--addressDetailDetailsYardText"}]}
RESULT: {"script":"<script> [1562 bytes]","args":[{"selector":{"id":"application-managesites-display-component---detailSite--addressDetailDetailsYardText"},"wdio_ui5_key":"applicationmanagesites-display-component---detailSite--addressDetailDetailsYardText"}]}
RESULT: undefined
COMMAND: POST /session/1d980a951abea0b22294b008109eaf7e/element - {"using":"xpath","value":"//header/div/div[2]/div[2]/span"}
RESULT: {"using":"xpath","value":"//header/div/div[2]/div[2]/span"}
COMMAND: GET /session/1d980a951abea0b22294b008109eaf7e/element/f.003B7F97663A213565201A76C4492A9B.d.1672955B7B0CECAD5CD9E69F53AADC4B.e.1601/text - {}
RESULT: {}
COMMAND: POST /session/1d980a951abea0b22294b008109eaf7e/element - {"using":"xpath","value":"//header/div/div/div/div/div/div[2]/div/span"}
RESULT: {"using":"xpath","value":"//header/div/div/div/div/div/div[2]/div/span"}
COMMAND: GET /session/1d980a951abea0b22294b008109eaf7e/element/f.003B7F97663A213565201A76C4492A9B.d.1672955B7B0CECAD5CD9E69F53AADC4B.e.1602/text - {}
RESULT: {}
COMMAND: POST /session/1d980a951abea0b22294b008109eaf7e/element - {"using":"css selector","value":"#shell-header-logo"}
RESULT: {"using":"css selector","value":"#shell-header-logo"}
COMMAND: POST /session/1d980a951abea0b22294b008109eaf7e/element/f.003B7F97663A213565201A76C4492A9B.d.1672955B7B0CECAD5CD9E69F53AADC4B.e.1110/click - {}
RESULT: {}
COMMAND: GET /session/1d980a951abea0b22294b008109eaf7e/screenshot - {}
RESULT: {}
COMMAND: POST /session/1d980a951abea0b22294b008109eaf7e/execute/async - {"script":"<script> [1562 bytes]","args":[{"selector":{"controlType":"sap.m.GenericTile","properties":{"header":"Manage Partners"}},"wdio_ui5_key":"sapm.GenericTile{\"header\":\"Manage Partners\"}"}]}
RESULT: {"script":"<script> [1562 bytes]","args":[{"selector":{"controlType":"sap.m.GenericTile","properties":{"header":"Manage Partners"}},"wdio_ui5_key":"sapm.GenericTile{\"header\":\"Manage Partners\"}"}]}
RESULT: undefined
COMMAND: POST /session/1d980a951abea0b22294b008109eaf7e/element - {"using":"xpath","value":"//*[@id=\"__tile39\"]"}
RESULT: {"using":"xpath","value":"//*[@id=\"__tile39\"]"}
COMMAND: POST /session/1d980a951abea0b22294b008109eaf7e/element/f.003B7F97663A213565201A76C4492A9B.d.1672955B7B0CECAD5CD9E69F53AADC4B.e.1605/click - {}
RESULT: {}
COMMAND: GET /session/1d980a951abea0b22294b008109eaf7e/screenshot - {}
RESULT: {}
COMMAND: POST /session/1d980a951abea0b22294b008109eaf7e/elements - {"using":"xpath","value":"//span[text()='Error']"}
RESULT: {"using":"xpath","value":"//span[text()='Error']"}
COMMAND: POST /session/1d980a951abea0b22294b008109eaf7e/execute/async - {"script":"<script> [1562 bytes]","args":[{"selector":{"controlType":"sap.ui.core.Icon","viewName":"etm.portal.ui.managepartners.view.Master","viewId":"application-managepartners-display-component---masterPtm","properties":{"src":{"regex":{"source":"add"}}}},"wdio_ui5_key":"etmportal.ui.managepartners.view.Mastersap.ui.core.Icon{\"src\":{\"regex\":{\"source\":\"add\"}}}"}]}
RESULT: {"script":"<script> [1562 bytes]","args":[{"selector":{"controlType":"sap.ui.core.Icon","viewName":"etm.portal.ui.managepartners.view.Master","viewId":"application-managepartners-display-component---masterPtm","properties":{"src":{"regex":{"source":"add"}}}},"wdio_ui5_key":"etmportal.ui.managepartners.view.Mastersap.ui.core.Icon{\"src\":{\"regex\":{\"source\":\"add\"}}}"}]}
RESULT: undefined
COMMAND: POST /session/1d980a951abea0b22294b008109eaf7e/element - {"using":"xpath","value":"//*[@id=\"__button60-img\"]"}
RESULT: {"using":"xpath","value":"//*[@id=\"__button60-img\"]"}
COMMAND: POST /session/1d980a951abea0b22294b008109eaf7e/element/f.003B7F97663A213565201A76C4492A9B.d.1672955B7B0CECAD5CD9E69F53AADC4B.e.1657/click - {}
RESULT: {}
COMMAND: GET /session/1d980a951abea0b22294b008109eaf7e/screenshot - {}
RESULT: {}
COMMAND: POST /session/1d980a951abea0b22294b008109eaf7e/execute/async - {"script":"<script> [1562 bytes]","args":[{"selector":{"id":"application-managepartners-display-component---NewPartner--partnerId","interaction":{"idSuffix":"inner"}},"wdio_ui5_key":"applicationmanagepartners-display-component---NewPartner--partnerId"}]}
RESULT: {"script":"<script> [1562 bytes]","args":[{"selector":{"id":"application-managepartners-display-component---NewPartner--partnerId","interaction":{"idSuffix":"inner"}},"wdio_ui5_key":"applicationmanagepartners-display-component---NewPartner--partnerId"}]}
RESULT: undefined
COMMAND: POST /session/1d980a951abea0b22294b008109eaf7e/execute/async - {"script":"<script> [1562 bytes]","args":[{"selector":{"id":"application-managepartners-display-component---NewPartner--addressDetailDetailsName1","interaction":{"idSuffix":"inner"}},"wdio_ui5_key":"applicationmanagepartners-display-component---NewPartner--addressDetailDetailsName1"}]}
RESULT: {"script":"<script> [1562 bytes]","args":[{"selector":{"id":"application-managepartners-display-component---NewPartner--addressDetailDetailsName1","interaction":{"idSuffix":"inner"}},"wdio_ui5_key":"applicationmanagepartners-display-component---NewPartner--addressDetailDetailsName1"}]}
RESULT: undefined
COMMAND: POST /session/1d980a951abea0b22294b008109eaf7e/execute/async - {"script":"<script> [776 bytes]","args":[{"enterText":"WebdriverPartnerb6fbw","selector":{"id":"application-managepartners-display-component---NewPartner--addressDetailDetailsName1","interaction":{"idSuffix":"inner"}},"clearTextFirst":true,"interactionType":"ENTER_TEXT"}]}
RESULT: {"script":"<script> [776 bytes]","args":[{"enterText":"WebdriverPartnerb6fbw","selector":{"id":"application-managepartners-display-component---NewPartner--addressDetailDetailsName1","interaction":{"idSuffix":"inner"}},"clearTextFirst":true,"interactionType":"ENTER_TEXT"}]}
COMMAND: POST /session/1d980a951abea0b22294b008109eaf7e/execute/async - {"script":"<script> [1562 bytes]","args":[{"selector":{"id":"application-managepartners-display-component---NewPartner--addressDetailDetailsLanguage","interaction":{"idSuffix":"inner"}},"wdio_ui5_key":"applicationmanagepartners-display-component---NewPartner--addressDetailDetailsLanguage"}]}
RESULT: {"script":"<script> [1562 bytes]","args":[{"selector":{"id":"application-managepartners-display-component---NewPartner--addressDetailDetailsLanguage","interaction":{"idSuffix":"inner"}},"wdio_ui5_key":"applicationmanagepartners-display-component---NewPartner--addressDetailDetailsLanguage"}]}
RESULT: undefined
COMMAND: POST /session/1d980a951abea0b22294b008109eaf7e/execute/async - {"script":"<script> [776 bytes]","args":[{"enterText":"Romanian","selector":{"id":"application-managepartners-display-component---NewPartner--addressDetailDetailsLanguage","interaction":{"idSuffix":"inner"}},"clearTextFirst":true,"interactionType":"ENTER_TEXT"}]}
RESULT: {"script":"<script> [776 bytes]","args":[{"enterText":"Romanian","selector":{"id":"application-managepartners-display-component---NewPartner--addressDetailDetailsLanguage","interaction":{"idSuffix":"inner"}},"clearTextFirst":true,"interactionType":"ENTER_TEXT"}]}
COMMAND: POST /session/1d980a951abea0b22294b008109eaf7e/element - {"using":"xpath","value":"//input[contains(@id ,\"application-managepartners-display-component---NewPartner--addressDetailDetailsName1-inner\")]"}
RESULT: {"using":"xpath","value":"//input[contains(@id ,\"application-managepartners-display-component---NewPartner--addressDetailDetailsName1-inner\")]"}
COMMAND: GET /session/1d980a951abea0b22294b008109eaf7e/element/f.003B7F97663A213565201A76C4492A9B.d.1672955B7B0CECAD5CD9E69F53AADC4B.e.1765/property/value - {}
RESULT: {}
COMMAND: POST /session/1d980a951abea0b22294b008109eaf7e/execute/async - {"script":"<script> [1562 bytes]","args":[{"selector":{"id":"application-managepartners-display-component---NewPartner--addressDetailDetailsCity1","interaction":{"idSuffix":"inner"}},"wdio_ui5_key":"applicationmanagepartners-display-component---NewPartner--addressDetailDetailsCity1"}]}
COMMAND: GET /session/1d980a951abea0b22294b008109eaf7e/screenshot - {}
RESULT: {"script":"<script> [1562 bytes]","args":[{"selector":{"id":"application-managepartners-display-component---NewPartner--addressDetailDetailsCity1","interaction":{"idSuffix":"inner"}},"wdio_ui5_key":"applicationmanagepartners-display-component---NewPartner--addressDetailDetailsCity1"}]}
RESULT: undefined
COMMAND: POST /session/1d980a951abea0b22294b008109eaf7e/execute/async - {"script":"<script> [776 bytes]","args":[{"enterText":"Bucharest","selector":{"id":"application-managepartners-display-component---NewPartner--addressDetailDetailsCity1","interaction":{"idSuffix":"inner"}},"clearTextFirst":true,"interactionType":"ENTER_TEXT"}]}
RESULT: {}
RESULT: {"script":"<script> [776 bytes]","args":[{"enterText":"Bucharest","selector":{"id":"application-managepartners-display-component---NewPartner--addressDetailDetailsCity1","interaction":{"idSuffix":"inner"}},"clearTextFirst":true,"interactionType":"ENTER_TEXT"}]}
COMMAND: POST /session/1d980a951abea0b22294b008109eaf7e/execute/async - {"script":"<script> [1562 bytes]","args":[{"selector":{"id":"application-managepartners-display-component---NewPartner--addressDetailDetailsCountry","interaction":{"idSuffix":"inner"}},"wdio_ui5_key":"applicationmanagepartners-display-component---NewPartner--addressDetailDetailsCountry"}]}
RESULT: {"script":"<script> [1562 bytes]","args":[{"selector":{"id":"application-managepartners-display-component---NewPartner--addressDetailDetailsCountry","interaction":{"idSuffix":"inner"}},"wdio_ui5_key":"applicationmanagepartners-display-component---NewPartner--addressDetailDetailsCountry"}]}
RESULT: undefined
COMMAND: POST /session/1d980a951abea0b22294b008109eaf7e/execute/async - {"script":"<script> [6424 bytes]","args":[{"element-6066-11e4-a52e-4f735466cecf":"f.003B7F97663A213565201A76C4492A9B.d.1672955B7B0CECAD5CD9E69F53AADC4B.e.1772"},"setValue",["Romania"]]}
RESULT: {"script":"<script> [6424 bytes]","args":[{"element-6066-11e4-a52e-4f735466cecf":"f.003B7F97663A213565201A76C4492A9B.d.1672955B7B0CECAD5CD9E69F53AADC4B.e.1772"},"setValue",["Romania"]]}
COMMAND: POST /session/1d980a951abea0b22294b008109eaf7e/execute/async - {"script":"<script> [1562 bytes]","args":[{"selector":{"id":"application-managepartners-display-component---NewPartner--partnerDetailInternal","interaction":{"idSuffix":"inner"}},"wdio_ui5_key":"applicationmanagepartners-display-component---NewPartner--partnerDetailInternal"}]}
RESULT: {"script":"<script> [1562 bytes]","args":[{"selector":{"id":"application-managepartners-display-component---NewPartner--partnerDetailInternal","interaction":{"idSuffix":"inner"}},"wdio_ui5_key":"applicationmanagepartners-display-component---NewPartner--partnerDetailInternal"}]}
RESULT: undefined
COMMAND: POST /session/1d980a951abea0b22294b008109eaf7e/execute/async - {"script":"<script> [776 bytes]","args":[{"enterText":"External partner","selector":{"id":"application-managepartners-display-component---NewPartner--partnerDetailInternal","interaction":{"idSuffix":"inner"}},"clearTextFirst":true,"interactionType":"ENTER_TEXT"}]}
RESULT: {"script":"<script> [776 bytes]","args":[{"enterText":"External partner","selector":{"id":"application-managepartners-display-component---NewPartner--partnerDetailInternal","interaction":{"idSuffix":"inner"}},"clearTextFirst":true,"interactionType":"ENTER_TEXT"}]}
COMMAND: POST /session/1d980a951abea0b22294b008109eaf7e/execute/async - {"script":"<script> [1562 bytes]","args":[{"selector":{"id":"application-managepartners-display-component---NewPartner--partnerDetailsCurrency","interaction":{"idSuffix":"inner"}},"wdio_ui5_key":"applicationmanagepartners-display-component---NewPartner--partnerDetailsCurrency"}]}
RESULT: {"script":"<script> [1562 bytes]","args":[{"selector":{"id":"application-managepartners-display-component---NewPartner--partnerDetailsCurrency","interaction":{"idSuffix":"inner"}},"wdio_ui5_key":"applicationmanagepartners-display-component---NewPartner--partnerDetailsCurrency"}]}
RESULT: undefined
COMMAND: POST /session/1d980a951abea0b22294b008109eaf7e/execute/async - {"script":"<script> [776 bytes]","args":[{"enterText":"Euro","selector":{"id":"application-managepartners-display-component---NewPartner--partnerDetailsCurrency","interaction":{"idSuffix":"inner"}},"clearTextFirst":true,"interactionType":"ENTER_TEXT"}]}
RESULT: {"script":"<script> [776 bytes]","args":[{"enterText":"Euro","selector":{"id":"application-managepartners-display-component---NewPartner--partnerDetailsCurrency","interaction":{"idSuffix":"inner"}},"clearTextFirst":true,"interactionType":"ENTER_TEXT"}]}
COMMAND: POST /session/1d980a951abea0b22294b008109eaf7e/execute/async - {"script":"<script> [1562 bytes]","args":[{"selector":{"controlType":"sap.m.Button","viewName":"etm.portal.ui.managepartners.view.NewPartner","viewId":"application-managepartners-display-component---NewPartner","properties":{"text":"Commercial"},"interaction":{"idSuffix":"BDI-content"}},"wdio_ui5_key":"etmportal.ui.managepartners.view.NewPartnersap.m.Button{\"text\":\"Commercial\"}"}]}
RESULT: {"script":"<script> [1562 bytes]","args":[{"selector":{"controlType":"sap.m.Button","viewName":"etm.portal.ui.managepartners.view.NewPartner","viewId":"application-managepartners-display-component---NewPartner","properties":{"text":"Commercial"},"interaction":{"idSuffix":"BDI-content"}},"wdio_ui5_key":"etmportal.ui.managepartners.view.NewPartnersap.m.Button{\"text\":\"Commercial\"}"}]}
RESULT: undefined
COMMAND: POST /session/1d980a951abea0b22294b008109eaf7e/element - {"using":"xpath","value":"//*[@id=\"application-managepartners-display-component---NewPartner--ObjectPageLayout-anchBar-__section29-anchor\"]"}
RESULT: {"using":"xpath","value":"//*[@id=\"application-managepartners-display-component---NewPartner--ObjectPageLayout-anchBar-__section29-anchor\"]"}
COMMAND: POST /session/1d980a951abea0b22294b008109eaf7e/element/f.003B7F97663A213565201A76C4492A9B.d.1672955B7B0CECAD5CD9E69F53AADC4B.e.1961/click - {}
RESULT: {}
COMMAND: GET /session/1d980a951abea0b22294b008109eaf7e/screenshot - {}
RESULT: {}
COMMAND: POST /session/1d980a951abea0b22294b008109eaf7e/execute/async - {"script":"<script> [1562 bytes]","args":[{"selector":{"id":"application-managepartners-display-component---NewPartner--btnAddTableRow-img"},"wdio_ui5_key":"applicationmanagepartners-display-component---NewPartner--btnAddTableRow-img"}]}
RESULT: {"script":"<script> [1562 bytes]","args":[{"selector":{"id":"application-managepartners-display-component---NewPartner--btnAddTableRow-img"},"wdio_ui5_key":"applicationmanagepartners-display-component---NewPartner--btnAddTableRow-img"}]}
RESULT: undefined
COMMAND: POST /session/1d980a951abea0b22294b008109eaf7e/element - {"using":"xpath","value":"//*[@id=\"application-managepartners-display-component---NewPartner--btnAddTableRow-img\"]"}
RESULT: {"using":"xpath","value":"//*[@id=\"application-managepartners-display-component---NewPartner--btnAddTableRow-img\"]"}
COMMAND: POST /session/1d980a951abea0b22294b008109eaf7e/element/f.003B7F97663A213565201A76C4492A9B.d.1672955B7B0CECAD5CD9E69F53AADC4B.e.1967/click - {}
RESULT: {}
COMMAND: POST /session/1d980a951abea0b22294b008109eaf7e/element - {"using":"xpath","value":"//input[contains(@id ,\"application-managepartners-display-component---NewPartner--assignmentYard-application-managepartners-display-component---NewPartner\")]"}
COMMAND: GET /session/1d980a951abea0b22294b008109eaf7e/screenshot - {}
RESULT: {"using":"xpath","value":"//input[contains(@id ,\"application-managepartners-display-component---NewPartner--assignmentYard-application-managepartners-display-component---NewPartner\")]"}
COMMAND: POST /session/1d980a951abea0b22294b008109eaf7e/element/f.003B7F97663A213565201A76C4492A9B.d.1672955B7B0CECAD5CD9E69F53AADC4B.e.1970/clear - {}
RESULT: {}
RESULT: {}
COMMAND: POST /session/1d980a951abea0b22294b008109eaf7e/element/f.003B7F97663A213565201A76C4492A9B.d.1672955B7B0CECAD5CD9E69F53AADC4B.e.1970/value - {"text":"WebdriverYardli3cg"}
COMMAND: GET /session/1d980a951abea0b22294b008109eaf7e/screenshot - {}
RESULT: {"text":"WebdriverYardli3cg"}
COMMAND: GET /session/1d980a951abea0b22294b008109eaf7e/screenshot - {}
RESULT: {}
RESULT: {}
COMMAND: POST /session/1d980a951abea0b22294b008109eaf7e/execute/async - {"script":"<script> [1562 bytes]","args":[{"selector":{"controlType":"sap.m.Button","viewName":"etm.portal.ui.managepartners.view.NewPartner","viewId":"application-managepartners-display-component---NewPartner","i18NText":{"propertyName":"text","key":"save"},"interaction":{"idSuffix":"BDI-content"}},"wdio_ui5_key":"etmportal.ui.managepartners.view.NewPartnersap.m.Button{\"propertyName\":\"text\",\"key\":\"save\"}"}]}
RESULT: {"script":"<script> [1562 bytes]","args":[{"selector":{"controlType":"sap.m.Button","viewName":"etm.portal.ui.managepartners.view.NewPartner","viewId":"application-managepartners-display-component---NewPartner","i18NText":{"propertyName":"text","key":"save"},"interaction":{"idSuffix":"BDI-content"}},"wdio_ui5_key":"etmportal.ui.managepartners.view.NewPartnersap.m.Button{\"propertyName\":\"text\",\"key\":\"save\"}"}]}
RESULT: undefined
COMMAND: POST /session/1d980a951abea0b22294b008109eaf7e/element - {"using":"xpath","value":"//*[@id=\"__button68\"]"}
RESULT: {"using":"xpath","value":"//*[@id=\"__button68\"]"}
COMMAND: POST /session/1d980a951abea0b22294b008109eaf7e/element/f.003B7F97663A213565201A76C4492A9B.d.1672955B7B0CECAD5CD9E69F53AADC4B.e.1901/click - {}
RESULT: {}
COMMAND: GET /session/1d980a951abea0b22294b008109eaf7e/screenshot - {}
RESULT: {}
COMMAND: POST /session/1d980a951abea0b22294b008109eaf7e/element - {"using":"xpath","value":"//header/div/div[2]/div[2]/span"}
RESULT: {"using":"xpath","value":"//header/div/div[2]/div[2]/span"}
COMMAND: GET /session/1d980a951abea0b22294b008109eaf7e/element/f.003B7F97663A213565201A76C4492A9B.d.1672955B7B0CECAD5CD9E69F53AADC4B.e.2079/text - {}
RESULT: {}
COMMAND: POST /session/1d980a951abea0b22294b008109eaf7e/element - {"using":"xpath","value":"//header/div/div/div/div/div/div[2]/div/span"}
RESULT: {"using":"xpath","value":"//header/div/div/div/div/div/div[2]/div/span"}
COMMAND: GET /session/1d980a951abea0b22294b008109eaf7e/element/f.003B7F97663A213565201A76C4492A9B.d.1672955B7B0CECAD5CD9E69F53AADC4B.e.2080/text - {}
RESULT: {}
COMMAND: POST /session/1d980a951abea0b22294b008109eaf7e/execute/async - {"script":"<script> [1562 bytes]","args":[{"selector":{"id":"application-managepartners-display-component---detailPtm--partnerType"},"wdio_ui5_key":"applicationmanagepartners-display-component---detailPtm--partnerType"}]}
RESULT: {"script":"<script> [1562 bytes]","args":[{"selector":{"id":"application-managepartners-display-component---detailPtm--partnerType"},"wdio_ui5_key":"applicationmanagepartners-display-component---detailPtm--partnerType"}]}
RESULT: undefined
COMMAND: POST /session/1d980a951abea0b22294b008109eaf7e/execute/async - {"script":"<script> [6424 bytes]","args":[{"element-6066-11e4-a52e-4f735466cecf":"f.003B7F97663A213565201A76C4492A9B.d.1672955B7B0CECAD5CD9E69F53AADC4B.e.2081"},"getText",[]]}
RESULT: {"script":"<script> [6424 bytes]","args":[{"element-6066-11e4-a52e-4f735466cecf":"f.003B7F97663A213565201A76C4492A9B.d.1672955B7B0CECAD5CD9E69F53AADC4B.e.2081"},"getText",[]]}
COMMAND: POST /session/1d980a951abea0b22294b008109eaf7e/element - {"using":"css selector","value":"#shell-header-logo"}
RESULT: {"using":"css selector","value":"#shell-header-logo"}
COMMAND: POST /session/1d980a951abea0b22294b008109eaf7e/element/f.003B7F97663A213565201A76C4492A9B.d.1672955B7B0CECAD5CD9E69F53AADC4B.e.1608/click - {}
RESULT: {}
COMMAND: GET /session/1d980a951abea0b22294b008109eaf7e/screenshot - {}
RESULT: {}
]]></system-out>
    </testcase>
    <testcase classname="chrome.137_0_7151_69.windows.Webshop_-_Hyperlinks_visible_and_working_properly__US139085" name="Should create a new contract" time="108.707">
      <system-out><![CDATA[
COMMAND: POST /session/1d980a951abea0b22294b008109eaf7e/execute/async - {"script":"<script> [1562 bytes]","args":[{"selector":{"controlType":"sap.m.GenericTile","properties":{"header":"Manage Contracts"}},"wdio_ui5_key":"sapm.GenericTile{\"header\":\"Manage Contracts\"}"}]}
RESULT: {"script":"<script> [1562 bytes]","args":[{"selector":{"controlType":"sap.m.GenericTile","properties":{"header":"Manage Contracts"}},"wdio_ui5_key":"sapm.GenericTile{\"header\":\"Manage Contracts\"}"}]}
RESULT: undefined
COMMAND: POST /session/1d980a951abea0b22294b008109eaf7e/element - {"using":"xpath","value":"//*[@id=\"__tile132\"]"}
RESULT: {"using":"xpath","value":"//*[@id=\"__tile132\"]"}
COMMAND: POST /session/1d980a951abea0b22294b008109eaf7e/element/f.003B7F97663A213565201A76C4492A9B.d.1672955B7B0CECAD5CD9E69F53AADC4B.e.2083/click - {}
RESULT: {}
COMMAND: GET /session/1d980a951abea0b22294b008109eaf7e/screenshot - {}
RESULT: {}
COMMAND: POST /session/1d980a951abea0b22294b008109eaf7e/elements - {"using":"xpath","value":"//span[text()='Error']"}
RESULT: {"using":"xpath","value":"//span[text()='Error']"}
COMMAND: POST /session/1d980a951abea0b22294b008109eaf7e/element - {"using":"xpath","value":"//button[@data-kt=\"addButton\"]"}
RESULT: {"using":"xpath","value":"//button[@data-kt=\"addButton\"]"}
COMMAND: POST /session/1d980a951abea0b22294b008109eaf7e/element/f.003B7F97663A213565201A76C4492A9B.d.1672955B7B0CECAD5CD9E69F53AADC4B.e.2133/click - {}
RESULT: {}
COMMAND: GET /session/1d980a951abea0b22294b008109eaf7e/screenshot - {}
RESULT: {}
COMMAND: POST /session/1d980a951abea0b22294b008109eaf7e/execute/async - {"script":"<script> [1562 bytes]","args":[{"selector":{"id":"application-managecontracts-display-component---AddNewContract--projectDescription","interaction":{"idSuffix":"inner"}},"wdio_ui5_key":"applicationmanagecontracts-display-component---AddNewContract--projectDescription"}]}
RESULT: {"script":"<script> [1562 bytes]","args":[{"selector":{"id":"application-managecontracts-display-component---AddNewContract--projectDescription","interaction":{"idSuffix":"inner"}},"wdio_ui5_key":"applicationmanagecontracts-display-component---AddNewContract--projectDescription"}]}
RESULT: undefined
COMMAND: POST /session/1d980a951abea0b22294b008109eaf7e/execute/async - {"script":"<script> [776 bytes]","args":[{"enterText":"WdIOTestapktc","selector":{"id":"application-managecontracts-display-component---AddNewContract--projectDescription","interaction":{"idSuffix":"inner"}},"clearTextFirst":true,"interactionType":"ENTER_TEXT"}]}
RESULT: {"script":"<script> [776 bytes]","args":[{"enterText":"WdIOTestapktc","selector":{"id":"application-managecontracts-display-component---AddNewContract--projectDescription","interaction":{"idSuffix":"inner"}},"clearTextFirst":true,"interactionType":"ENTER_TEXT"}]}
COMMAND: POST /session/1d980a951abea0b22294b008109eaf7e/element - {"using":"xpath","value":"//input[@id=\"application-managecontracts-display-component---AddNewContract--yardId-inner\"]"}
RESULT: {"using":"xpath","value":"//input[@id=\"application-managecontracts-display-component---AddNewContract--yardId-inner\"]"}
COMMAND: POST /session/1d980a951abea0b22294b008109eaf7e/element/f.003B7F97663A213565201A76C4492A9B.d.1672955B7B0CECAD5CD9E69F53AADC4B.e.2399/clear - {}
RESULT: {}
COMMAND: POST /session/1d980a951abea0b22294b008109eaf7e/element/f.003B7F97663A213565201A76C4492A9B.d.1672955B7B0CECAD5CD9E69F53AADC4B.e.2399/value - {"text":"WebdriverYardli3cg"}
COMMAND: GET /session/1d980a951abea0b22294b008109eaf7e/screenshot - {}
RESULT: {"text":"WebdriverYardli3cg"}
COMMAND: GET /session/1d980a951abea0b22294b008109eaf7e/screenshot - {}
RESULT: {}
RESULT: {}
COMMAND: POST /session/1d980a951abea0b22294b008109eaf7e/actions - {"actions":[{"id":"action5","type":"key","parameters":{},"actions":[{"type":"keyDown","value":"î€‡"},{"type":"pause","duration":10},{"type":"keyUp","value":"î€‡"}]}]}
RESULT: {"actions":[{"id":"action5","type":"key","parameters":{},"actions":[{"type":"keyDown","value":"î€‡"},{"type":"pause","duration":10},{"type":"keyUp","value":"î€‡"}]}]}
COMMAND: GET /session/1d980a951abea0b22294b008109eaf7e/screenshot - {}
RESULT: {}
COMMAND: POST /session/1d980a951abea0b22294b008109eaf7e/element - {"using":"xpath","value":"//input[@id=\"application-managecontracts-display-component---AddNewContract--customerSelect-inner\"]"}
RESULT: {"using":"xpath","value":"//input[@id=\"application-managecontracts-display-component---AddNewContract--customerSelect-inner\"]"}
COMMAND: POST /session/1d980a951abea0b22294b008109eaf7e/element/f.003B7F97663A213565201A76C4492A9B.d.1672955B7B0CECAD5CD9E69F53AADC4B.e.2397/clear - {}
RESULT: {}
COMMAND: POST /session/1d980a951abea0b22294b008109eaf7e/element/f.003B7F97663A213565201A76C4492A9B.d.1672955B7B0CECAD5CD9E69F53AADC4B.e.2397/value - {"text":"WebdriverPartnerb6fbw"}
COMMAND: GET /session/1d980a951abea0b22294b008109eaf7e/screenshot - {}
RESULT: {"text":"WebdriverPartnerb6fbw"}
COMMAND: GET /session/1d980a951abea0b22294b008109eaf7e/screenshot - {}
RESULT: {}
RESULT: {}
COMMAND: POST /session/1d980a951abea0b22294b008109eaf7e/actions - {"actions":[{"id":"action6","type":"key","parameters":{},"actions":[{"type":"keyDown","value":"î€‡"},{"type":"pause","duration":10},{"type":"keyUp","value":"î€‡"}]}]}
RESULT: {"actions":[{"id":"action6","type":"key","parameters":{},"actions":[{"type":"keyDown","value":"î€‡"},{"type":"pause","duration":10},{"type":"keyUp","value":"î€‡"}]}]}
COMMAND: GET /session/1d980a951abea0b22294b008109eaf7e/screenshot - {}
RESULT: {}
COMMAND: POST /session/1d980a951abea0b22294b008109eaf7e/element - {"using":"xpath","value":"//input[@id=\"application-managecontracts-display-component---AddNewContract--site-inner\"]"}
RESULT: {"using":"xpath","value":"//input[@id=\"application-managecontracts-display-component---AddNewContract--site-inner\"]"}
COMMAND: POST /session/1d980a951abea0b22294b008109eaf7e/element/f.003B7F97663A213565201A76C4492A9B.d.1672955B7B0CECAD5CD9E69F53AADC4B.e.2398/clear - {}
RESULT: {}
COMMAND: POST /session/1d980a951abea0b22294b008109eaf7e/element/f.003B7F97663A213565201A76C4492A9B.d.1672955B7B0CECAD5CD9E69F53AADC4B.e.2398/value - {"text":"WebdriverSiteo8ght"}
COMMAND: GET /session/1d980a951abea0b22294b008109eaf7e/screenshot - {}
RESULT: {"text":"WebdriverSiteo8ght"}
COMMAND: GET /session/1d980a951abea0b22294b008109eaf7e/screenshot - {}
RESULT: {}
RESULT: {}
COMMAND: POST /session/1d980a951abea0b22294b008109eaf7e/actions - {"actions":[{"id":"action7","type":"key","parameters":{},"actions":[{"type":"keyDown","value":"î€‡"},{"type":"pause","duration":10},{"type":"keyUp","value":"î€‡"}]}]}
RESULT: {"actions":[{"id":"action7","type":"key","parameters":{},"actions":[{"type":"keyDown","value":"î€‡"},{"type":"pause","duration":10},{"type":"keyUp","value":"î€‡"}]}]}
COMMAND: GET /session/1d980a951abea0b22294b008109eaf7e/screenshot - {}
RESULT: {}
COMMAND: POST /session/1d980a951abea0b22294b008109eaf7e/element - {"using":"xpath","value":"//button[@data-kt=\"saveButton\"]"}
RESULT: {"using":"xpath","value":"//button[@data-kt=\"saveButton\"]"}
COMMAND: POST /session/1d980a951abea0b22294b008109eaf7e/element/f.003B7F97663A213565201A76C4492A9B.d.1672955B7B0CECAD5CD9E69F53AADC4B.e.2475/click - {}
RESULT: {}
COMMAND: GET /session/1d980a951abea0b22294b008109eaf7e/screenshot - {}
RESULT: {}
COMMAND: POST /session/1d980a951abea0b22294b008109eaf7e/execute/async - {"script":"<script> [1562 bytes]","args":[{"selector":{"id":"contractDetailTitleNoExpanded","viewName":"etm.portal.ui.managecontracts.view.Detail"},"wdio_ui5_key":"contractDetailTitleNoExpandedetmportal.ui.managecontracts.view.Detail"}]}
RESULT: {"script":"<script> [1562 bytes]","args":[{"selector":{"id":"contractDetailTitleNoExpanded","viewName":"etm.portal.ui.managecontracts.view.Detail"},"wdio_ui5_key":"contractDetailTitleNoExpandedetmportal.ui.managecontracts.view.Detail"}]}
RESULT: undefined
COMMAND: POST /session/1d980a951abea0b22294b008109eaf7e/execute/async - {"script":"<script> [6424 bytes]","args":[{"element-6066-11e4-a52e-4f735466cecf":"f.003B7F97663A213565201A76C4492A9B.d.1672955B7B0CECAD5CD9E69F53AADC4B.e.2555"},"getText",[]]}
RESULT: {"script":"<script> [6424 bytes]","args":[{"element-6066-11e4-a52e-4f735466cecf":"f.003B7F97663A213565201A76C4492A9B.d.1672955B7B0CECAD5CD9E69F53AADC4B.e.2555"},"getText",[]]}
COMMAND: POST /session/1d980a951abea0b22294b008109eaf7e/element - {"using":"css selector","value":"#shell-header-logo"}
RESULT: {"using":"css selector","value":"#shell-header-logo"}
COMMAND: POST /session/1d980a951abea0b22294b008109eaf7e/element/f.003B7F97663A213565201A76C4492A9B.d.1672955B7B0CECAD5CD9E69F53AADC4B.e.2086/click - {}
RESULT: {}
COMMAND: GET /session/1d980a951abea0b22294b008109eaf7e/screenshot - {}
RESULT: {}
]]></system-out>
    </testcase>
    <testcase classname="chrome.137_0_7151_69.windows.Webshop_-_Hyperlinks_visible_and_working_properly__US139085" name="Should create a new webshop request and verify yard hyperlinks" time="247.949">
      <system-out><![CDATA[
COMMAND: POST /session/1d980a951abea0b22294b008109eaf7e/execute/async - {"script":"<script> [1562 bytes]","args":[{"selector":{"controlType":"sap.m.GenericTile","properties":{"header":"Webshop"}},"wdio_ui5_key":"sapm.GenericTile{\"header\":\"Webshop\"}"}]}
RESULT: {"script":"<script> [1562 bytes]","args":[{"selector":{"controlType":"sap.m.GenericTile","properties":{"header":"Webshop"}},"wdio_ui5_key":"sapm.GenericTile{\"header\":\"Webshop\"}"}]}
RESULT: undefined
COMMAND: POST /session/1d980a951abea0b22294b008109eaf7e/element - {"using":"xpath","value":"//*[@id=\"__tile51\"]"}
RESULT: {"using":"xpath","value":"//*[@id=\"__tile51\"]"}
COMMAND: POST /session/1d980a951abea0b22294b008109eaf7e/element/f.003B7F97663A213565201A76C4492A9B.d.1672955B7B0CECAD5CD9E69F53AADC4B.e.2558/click - {}
RESULT: {}
COMMAND: GET /session/1d980a951abea0b22294b008109eaf7e/screenshot - {}
RESULT: {}
COMMAND: POST /session/1d980a951abea0b22294b008109eaf7e/elements - {"using":"xpath","value":"//span[text()='Error']"}
RESULT: {"using":"xpath","value":"//span[text()='Error']"}
COMMAND: POST /session/1d980a951abea0b22294b008109eaf7e/element - {"using":"css selector","value":"#requestCreationDialog--createRequestPopUp-title-inner"}
RESULT: {"using":"css selector","value":"#requestCreationDialog--createRequestPopUp-title-inner"}
COMMAND: POST /session/1d980a951abea0b22294b008109eaf7e/execute/sync - {"script":"<script> [8489 bytes]","args":[{"element-6066-11e4-a52e-4f735466cecf":"f.003B7F97663A213565201A76C4492A9B.d.1672955B7B0CECAD5CD9E69F53AADC4B.e.2584","ELEMENT":"f.003B7F97663A213565201A76C4492A9B.d.1672955B7B0CECAD5CD9E69F53AADC4B.e.2584"}]}
RESULT: {"script":"<script> [8489 bytes]","args":[{"element-6066-11e4-a52e-4f735466cecf":"f.003B7F97663A213565201A76C4492A9B.d.1672955B7B0CECAD5CD9E69F53AADC4B.e.2584","ELEMENT":"f.003B7F97663A213565201A76C4492A9B.d.1672955B7B0CECAD5CD9E69F53AADC4B.e.2584"}]}
COMMAND: GET /session/1d980a951abea0b22294b008109eaf7e/element/f.003B7F97663A213565201A76C4492A9B.d.1672955B7B0CECAD5CD9E69F53AADC4B.e.2584/enabled - {}
COMMAND: GET /session/1d980a951abea0b22294b008109eaf7e/screenshot - {}
RESULT: {}
COMMAND: POST /session/1d980a951abea0b22294b008109eaf7e/execute/async - {"script":"<script> [1562 bytes]","args":[{"selector":{"id":"requestCreationDialog--requestName","searchOpenDialogs":true,"interaction":{"idSuffix":"inner"}},"wdio_ui5_key":"requestCreationDialogrequestName"}]}
COMMAND: GET /session/1d980a951abea0b22294b008109eaf7e/screenshot - {}
RESULT: {}
RESULT: {"script":"<script> [1562 bytes]","args":[{"selector":{"id":"requestCreationDialog--requestName","searchOpenDialogs":true,"interaction":{"idSuffix":"inner"}},"wdio_ui5_key":"requestCreationDialogrequestName"}]}
RESULT: undefined
COMMAND: POST /session/1d980a951abea0b22294b008109eaf7e/execute/async - {"script":"<script> [776 bytes]","args":[{"enterText":"WebdriverTest","selector":{"id":"requestCreationDialog--requestName","searchOpenDialogs":true,"interaction":{"idSuffix":"inner"}},"clearTextFirst":true,"interactionType":"ENTER_TEXT"}]}
RESULT: {}
RESULT: {"script":"<script> [776 bytes]","args":[{"enterText":"WebdriverTest","selector":{"id":"requestCreationDialog--requestName","searchOpenDialogs":true,"interaction":{"idSuffix":"inner"}},"clearTextFirst":true,"interactionType":"ENTER_TEXT"}]}
COMMAND: POST /session/1d980a951abea0b22294b008109eaf7e/element - {"using":"xpath","value":"//input[contains(@id ,\"requestCreationDialog--contract-inner\")]"}
RESULT: {"using":"xpath","value":"//input[contains(@id ,\"requestCreationDialog--contract-inner\")]"}
COMMAND: POST /session/1d980a951abea0b22294b008109eaf7e/element/f.003B7F97663A213565201A76C4492A9B.d.1672955B7B0CECAD5CD9E69F53AADC4B.e.2570/clear - {}
RESULT: {}
COMMAND: POST /session/1d980a951abea0b22294b008109eaf7e/element/f.003B7F97663A213565201A76C4492A9B.d.1672955B7B0CECAD5CD9E69F53AADC4B.e.2570/value - {"text":"10130"}
COMMAND: GET /session/1d980a951abea0b22294b008109eaf7e/screenshot - {}
RESULT: {"text":"10130"}
COMMAND: GET /session/1d980a951abea0b22294b008109eaf7e/screenshot - {}
RESULT: {}
RESULT: {}
COMMAND: POST /session/1d980a951abea0b22294b008109eaf7e/actions - {"actions":[{"id":"action8","type":"key","parameters":{},"actions":[{"type":"keyDown","value":"î€‡"},{"type":"pause","duration":10},{"type":"keyUp","value":"î€‡"}]}]}
RESULT: {"actions":[{"id":"action8","type":"key","parameters":{},"actions":[{"type":"keyDown","value":"î€‡"},{"type":"pause","duration":10},{"type":"keyUp","value":"î€‡"}]}]}
COMMAND: GET /session/1d980a951abea0b22294b008109eaf7e/screenshot - {}
RESULT: {}
COMMAND: POST /session/1d980a951abea0b22294b008109eaf7e/element - {"using":"xpath","value":"//input[contains(@id ,\"requestCreationDialog--contract-inner\")]"}
RESULT: {"using":"xpath","value":"//input[contains(@id ,\"requestCreationDialog--contract-inner\")]"}
COMMAND: GET /session/1d980a951abea0b22294b008109eaf7e/element/f.003B7F97663A213565201A76C4492A9B.d.1672955B7B0CECAD5CD9E69F53AADC4B.e.2570/property/value - {}
RESULT: {}
COMMAND: POST /session/1d980a951abea0b22294b008109eaf7e/element - {"using":"xpath","value":"//input[contains(@id ,\"requestCreationDialog--contract-inner\")]"}
COMMAND: GET /session/1d980a951abea0b22294b008109eaf7e/screenshot - {}
RESULT: {"using":"xpath","value":"//input[contains(@id ,\"requestCreationDialog--contract-inner\")]"}
COMMAND: POST /session/1d980a951abea0b22294b008109eaf7e/execute/async - {"script":"<script> [1562 bytes]","args":[{"selector":{"id":"requestCreationDialog--okButton","searchOpenDialogs":true,"interaction":{"idSuffix":"BDI-content"}},"wdio_ui5_key":"requestCreationDialogokButton"}]}
RESULT: {}
RESULT: {"script":"<script> [1562 bytes]","args":[{"selector":{"id":"requestCreationDialog--okButton","searchOpenDialogs":true,"interaction":{"idSuffix":"BDI-content"}},"wdio_ui5_key":"requestCreationDialogokButton"}]}
RESULT: undefined
COMMAND: POST /session/1d980a951abea0b22294b008109eaf7e/element - {"using":"xpath","value":"//*[@id=\"requestCreationDialog--okButton\"]"}
RESULT: {"using":"xpath","value":"//*[@id=\"requestCreationDialog--okButton\"]"}
COMMAND: POST /session/1d980a951abea0b22294b008109eaf7e/element/f.003B7F97663A213565201A76C4492A9B.d.1672955B7B0CECAD5CD9E69F53AADC4B.e.2592/click - {}
RESULT: {}
COMMAND: GET /session/1d980a951abea0b22294b008109eaf7e/screenshot - {}
RESULT: {}
COMMAND: POST /session/1d980a951abea0b22294b008109eaf7e/element - {"using":"xpath","value":"//input[contains(@id ,\"searchFiledId-I\")]"}
RESULT: {"using":"xpath","value":"//input[contains(@id ,\"searchFiledId-I\")]"}
COMMAND: POST /session/1d980a951abea0b22294b008109eaf7e/element/f.003B7F97663A213565201A76C4492A9B.d.1672955B7B0CECAD5CD9E69F53AADC4B.e.2563/value - {"text":"Dri-Prime CD150M Diesel Pump"}
RESULT: {"text":"Dri-Prime CD150M Diesel Pump"}
COMMAND: POST /session/1d980a951abea0b22294b008109eaf7e/actions - {"actions":[{"id":"action9","type":"key","parameters":{},"actions":[{"type":"keyDown","value":"î€‡"},{"type":"pause","duration":10},{"type":"keyUp","value":"î€‡"}]}]}
COMMAND: GET /session/1d980a951abea0b22294b008109eaf7e/screenshot - {}
RESULT: {"actions":[{"id":"action9","type":"key","parameters":{},"actions":[{"type":"keyDown","value":"î€‡"},{"type":"pause","duration":10},{"type":"keyUp","value":"î€‡"}]}]}
COMMAND: GET /session/1d980a951abea0b22294b008109eaf7e/screenshot - {}
RESULT: {}
RESULT: {}
COMMAND: POST /session/1d980a951abea0b22294b008109eaf7e/element - {"using":"xpath","value":"//span[contains(@id ,\"subTitle\")][contains(text(), \"Dri-Prime CD150M Diesel Pump\")]"}
RESULT: {"using":"xpath","value":"//span[contains(@id ,\"subTitle\")][contains(text(), \"Dri-Prime CD150M Diesel Pump\")]"}
COMMAND: POST /session/1d980a951abea0b22294b008109eaf7e/element/f.003B7F97663A213565201A76C4492A9B.d.1672955B7B0CECAD5CD9E69F53AADC4B.e.2600/click - {}
RESULT: {}
COMMAND: GET /session/1d980a951abea0b22294b008109eaf7e/screenshot - {}
RESULT: {}
COMMAND: POST /session/1d980a951abea0b22294b008109eaf7e/execute/async - {"script":"<script> [1562 bytes]","args":[{"selector":{"controlType":"sap.m.Button","viewName":"etm.portal.ui.webshop.view.Homepage","i18NText":{"propertyName":"text","key":"addToRequest"},"interaction":{"idSuffix":"BDI-content"}},"wdio_ui5_key":"etmportal.ui.webshop.view.Homepagesap.m.Button{\"propertyName\":\"text\",\"key\":\"addToRequest\"}"}]}
RESULT: {"script":"<script> [1562 bytes]","args":[{"selector":{"controlType":"sap.m.Button","viewName":"etm.portal.ui.webshop.view.Homepage","i18NText":{"propertyName":"text","key":"addToRequest"},"interaction":{"idSuffix":"BDI-content"}},"wdio_ui5_key":"etmportal.ui.webshop.view.Homepagesap.m.Button{\"propertyName\":\"text\",\"key\":\"addToRequest\"}"}]}
RESULT: undefined
COMMAND: POST /session/1d980a951abea0b22294b008109eaf7e/element - {"using":"xpath","value":"//*[@id=\"__button134\"]"}
RESULT: {"using":"xpath","value":"//*[@id=\"__button134\"]"}
COMMAND: POST /session/1d980a951abea0b22294b008109eaf7e/element/f.003B7F97663A213565201A76C4492A9B.d.1672955B7B0CECAD5CD9E69F53AADC4B.e.2614/click - {}
RESULT: {}
COMMAND: GET /session/1d980a951abea0b22294b008109eaf7e/screenshot - {}
RESULT: {}
COMMAND: POST /session/1d980a951abea0b22294b008109eaf7e/element - {"using":"xpath","value":"//*[contains(@id ,\"activeCartId-BDI-content\")]"}
RESULT: {"using":"xpath","value":"//*[contains(@id ,\"activeCartId-BDI-content\")]"}
COMMAND: POST /session/1d980a951abea0b22294b008109eaf7e/element/f.003B7F97663A213565201A76C4492A9B.d.1672955B7B0CECAD5CD9E69F53AADC4B.e.2622/click - {}
RESULT: {}
COMMAND: GET /session/1d980a951abea0b22294b008109eaf7e/screenshot - {}
RESULT: {}
COMMAND: POST /session/1d980a951abea0b22294b008109eaf7e/element - {"using":"xpath","value":"//bdi[contains(text(), \"Check out my request\")]"}
RESULT: {"using":"xpath","value":"//bdi[contains(text(), \"Check out my request\")]"}
COMMAND: POST /session/1d980a951abea0b22294b008109eaf7e/element/f.003B7F97663A213565201A76C4492A9B.d.1672955B7B0CECAD5CD9E69F53AADC4B.e.2624/click - {}
RESULT: {}
COMMAND: GET /session/1d980a951abea0b22294b008109eaf7e/screenshot - {}
RESULT: {}
COMMAND: POST /session/1d980a951abea0b22294b008109eaf7e/element - {"using":"xpath","value":"//*[contains(@data-kt ,\"webshopDetailYardLink\")]"}
RESULT: {"using":"xpath","value":"//*[contains(@data-kt ,\"webshopDetailYardLink\")]"}
COMMAND: POST /session/1d980a951abea0b22294b008109eaf7e/element/f.003B7F97663A213565201A76C4492A9B.d.1672955B7B0CECAD5CD9E69F53AADC4B.e.2700/click - {}
RESULT: {}
COMMAND: POST /session/1d980a951abea0b22294b008109eaf7e/element - {"using":"xpath","value":"//*[contains(@data-kt ,\"ContextMenuId2Link\")][contains(text(), \"Yard Overview\")]"}
COMMAND: GET /session/1d980a951abea0b22294b008109eaf7e/screenshot - {}
RESULT: {"using":"xpath","value":"//*[contains(@data-kt ,\"ContextMenuId2Link\")][contains(text(), \"Yard Overview\")]"}
COMMAND: POST /session/1d980a951abea0b22294b008109eaf7e/execute/sync - {"script":"<script> [8489 bytes]","args":[{"element-6066-11e4-a52e-4f735466cecf":"f.003B7F97663A213565201A76C4492A9B.d.1672955B7B0CECAD5CD9E69F53AADC4B.e.2703","ELEMENT":"f.003B7F97663A213565201A76C4492A9B.d.1672955B7B0CECAD5CD9E69F53AADC4B.e.2703"}]}
COMMAND: POST /session/1d980a951abea0b22294b008109eaf7e/element - {"using":"xpath","value":"//*[contains(@data-kt ,\"ContextMenuId3Link\")][contains(text(), \"Yard Main Address\")]"}
RESULT: {}
RESULT: {"using":"xpath","value":"//*[contains(@data-kt ,\"ContextMenuId3Link\")][contains(text(), \"Yard Main Address\")]"}
COMMAND: POST /session/1d980a951abea0b22294b008109eaf7e/execute/sync - {"script":"<script> [8489 bytes]","args":[{"element-6066-11e4-a52e-4f735466cecf":"f.003B7F97663A213565201A76C4492A9B.d.1672955B7B0CECAD5CD9E69F53AADC4B.e.2704","ELEMENT":"f.003B7F97663A213565201A76C4492A9B.d.1672955B7B0CECAD5CD9E69F53AADC4B.e.2704"}]}
COMMAND: POST /session/1d980a951abea0b22294b008109eaf7e/element - {"using":"xpath","value":"//*[contains(@data-kt ,\"ContextMenuId2Link\")][contains(text(), \"Yard Overview\")]"}
RESULT: {"script":"<script> [8489 bytes]","args":[{"element-6066-11e4-a52e-4f735466cecf":"f.003B7F97663A213565201A76C4492A9B.d.1672955B7B0CECAD5CD9E69F53AADC4B.e.2703","ELEMENT":"f.003B7F97663A213565201A76C4492A9B.d.1672955B7B0CECAD5CD9E69F53AADC4B.e.2703"}]}
COMMAND: GET /session/1d980a951abea0b22294b008109eaf7e/screenshot - {}
RESULT: {"script":"<script> [8489 bytes]","args":[{"element-6066-11e4-a52e-4f735466cecf":"f.003B7F97663A213565201A76C4492A9B.d.1672955B7B0CECAD5CD9E69F53AADC4B.e.2704","ELEMENT":"f.003B7F97663A213565201A76C4492A9B.d.1672955B7B0CECAD5CD9E69F53AADC4B.e.2704"}]}
COMMAND: GET /session/1d980a951abea0b22294b008109eaf7e/screenshot - {}
RESULT: {"using":"xpath","value":"//*[contains(@data-kt ,\"ContextMenuId2Link\")][contains(text(), \"Yard Overview\")]"}
COMMAND: POST /session/1d980a951abea0b22294b008109eaf7e/element/f.003B7F97663A213565201A76C4492A9B.d.1672955B7B0CECAD5CD9E69F53AADC4B.e.2703/click - {}
RESULT: {}
RESULT: {}
RESULT: {}
COMMAND: GET /session/1d980a951abea0b22294b008109eaf7e/screenshot - {}
RESULT: {}
COMMAND: POST /session/1d980a951abea0b22294b008109eaf7e/execute/async - {"script":"<script> [1562 bytes]","args":[{"selector":{"id":"shellAppTitle"},"wdio_ui5_key":"shellAppTitle"}]}
RESULT: {"script":"<script> [1562 bytes]","args":[{"selector":{"id":"shellAppTitle"},"wdio_ui5_key":"shellAppTitle"}]}
RESULT: undefined
COMMAND: POST /session/1d980a951abea0b22294b008109eaf7e/execute/async - {"script":"<script> [6424 bytes]","args":[{"element-6066-11e4-a52e-4f735466cecf":"f.003B7F97663A213565201A76C4492A9B.d.1672955B7B0CECAD5CD9E69F53AADC4B.e.2799"},"getTitle",[]]}
RESULT: {"script":"<script> [6424 bytes]","args":[{"element-6066-11e4-a52e-4f735466cecf":"f.003B7F97663A213565201A76C4492A9B.d.1672955B7B0CECAD5CD9E69F53AADC4B.e.2799"},"getTitle",[]]}
COMMAND: POST /session/1d980a951abea0b22294b008109eaf7e/element - {"using":"xpath","value":"//span[contains(@id ,\"title\")][contains(text(), \"WebdriverYardli3cg\")]"}
RESULT: {"using":"xpath","value":"//span[contains(@id ,\"title\")][contains(text(), \"WebdriverYardli3cg\")]"}
COMMAND: POST /session/1d980a951abea0b22294b008109eaf7e/execute/sync - {"script":"<script> [8489 bytes]","args":[{"element-6066-11e4-a52e-4f735466cecf":"f.003B7F97663A213565201A76C4492A9B.d.1672955B7B0CECAD5CD9E69F53AADC4B.e.2800","ELEMENT":"f.003B7F97663A213565201A76C4492A9B.d.1672955B7B0CECAD5CD9E69F53AADC4B.e.2800"}]}
COMMAND: POST /session/1d980a951abea0b22294b008109eaf7e/execute/async - {"script":"<script> [1562 bytes]","args":[{"selector":{"id":"backBtn"},"wdio_ui5_key":"backBtn"}]}
RESULT: {"script":"<script> [8489 bytes]","args":[{"element-6066-11e4-a52e-4f735466cecf":"f.003B7F97663A213565201A76C4492A9B.d.1672955B7B0CECAD5CD9E69F53AADC4B.e.2800","ELEMENT":"f.003B7F97663A213565201A76C4492A9B.d.1672955B7B0CECAD5CD9E69F53AADC4B.e.2800"}]}
COMMAND: GET /session/1d980a951abea0b22294b008109eaf7e/screenshot - {}
RESULT: {"script":"<script> [1562 bytes]","args":[{"selector":{"id":"backBtn"},"wdio_ui5_key":"backBtn"}]}
RESULT: undefined
COMMAND: POST /session/1d980a951abea0b22294b008109eaf7e/element - {"using":"xpath","value":"//*[@id=\"backBtn\"]"}
COMMAND: POST /session/1d980a951abea0b22294b008109eaf7e/execute/sync - {"script":"<script> [8489 bytes]","args":[{"element-6066-11e4-a52e-4f735466cecf":"f.003B7F97663A213565201A76C4492A9B.d.1672955B7B0CECAD5CD9E69F53AADC4B.e.2800","ELEMENT":"f.003B7F97663A213565201A76C4492A9B.d.1672955B7B0CECAD5CD9E69F53AADC4B.e.2800"}]}
RESULT: {}
RESULT: {"using":"xpath","value":"//*[@id=\"backBtn\"]"}
COMMAND: POST /session/1d980a951abea0b22294b008109eaf7e/element/f.003B7F97663A213565201A76C4492A9B.d.1672955B7B0CECAD5CD9E69F53AADC4B.e.2801/click - {}
RESULT: {"script":"<script> [8489 bytes]","args":[{"element-6066-11e4-a52e-4f735466cecf":"f.003B7F97663A213565201A76C4492A9B.d.1672955B7B0CECAD5CD9E69F53AADC4B.e.2800","ELEMENT":"f.003B7F97663A213565201A76C4492A9B.d.1672955B7B0CECAD5CD9E69F53AADC4B.e.2800"}]}
COMMAND: GET /session/1d980a951abea0b22294b008109eaf7e/screenshot - {}
COMMAND: POST /session/1d980a951abea0b22294b008109eaf7e/execute/sync - {"script":"<script> [8489 bytes]","args":[{"element-6066-11e4-a52e-4f735466cecf":"f.003B7F97663A213565201A76C4492A9B.d.1672955B7B0CECAD5CD9E69F53AADC4B.e.2800","ELEMENT":"f.003B7F97663A213565201A76C4492A9B.d.1672955B7B0CECAD5CD9E69F53AADC4B.e.2800"}]}
RESULT: {}
COMMAND: GET /session/1d980a951abea0b22294b008109eaf7e/screenshot - {}
RESULT: {}
COMMAND: POST /session/1d980a951abea0b22294b008109eaf7e/element - {"using":"xpath","value":"//span[contains(@id ,\"title\")][contains(text(), \"WebdriverYardli3cg\")]"}
RESULT: {}
RESULT: {"using":"xpath","value":"//span[contains(@id ,\"title\")][contains(text(), \"WebdriverYardli3cg\")]"}
COMMAND: POST /session/1d980a951abea0b22294b008109eaf7e/element - {"using":"xpath","value":"//span[contains(@id ,\"title\")][contains(text(), \"WebdriverYardli3cg\")]"}
RESULT: {"using":"xpath","value":"//span[contains(@id ,\"title\")][contains(text(), \"WebdriverYardli3cg\")]"}
COMMAND: POST /session/1d980a951abea0b22294b008109eaf7e/element - {"using":"xpath","value":"//span[contains(@id ,\"title\")][contains(text(), \"WebdriverYardli3cg\")]"}
RESULT: {"using":"xpath","value":"//span[contains(@id ,\"title\")][contains(text(), \"WebdriverYardli3cg\")]"}
COMMAND: POST /session/1d980a951abea0b22294b008109eaf7e/element - {"using":"xpath","value":"//span[contains(@id ,\"title\")][contains(text(), \"WebdriverYardli3cg\")]"}
RESULT: {"using":"xpath","value":"//span[contains(@id ,\"title\")][contains(text(), \"WebdriverYardli3cg\")]"}
COMMAND: POST /session/1d980a951abea0b22294b008109eaf7e/element - {"using":"xpath","value":"//span[contains(@id ,\"title\")][contains(text(), \"WebdriverYardli3cg\")]"}
RESULT: {"using":"xpath","value":"//span[contains(@id ,\"title\")][contains(text(), \"WebdriverYardli3cg\")]"}
COMMAND: POST /session/1d980a951abea0b22294b008109eaf7e/element - {"using":"xpath","value":"//span[contains(@id ,\"title\")][contains(text(), \"WebdriverYardli3cg\")]"}
RESULT: {"using":"xpath","value":"//span[contains(@id ,\"title\")][contains(text(), \"WebdriverYardli3cg\")]"}
COMMAND: POST /session/1d980a951abea0b22294b008109eaf7e/element - {"using":"xpath","value":"//span[contains(@id ,\"title\")][contains(text(), \"WebdriverYardli3cg\")]"}
RESULT: {"using":"xpath","value":"//span[contains(@id ,\"title\")][contains(text(), \"WebdriverYardli3cg\")]"}
COMMAND: POST /session/1d980a951abea0b22294b008109eaf7e/element - {"using":"xpath","value":"//span[contains(@id ,\"title\")][contains(text(), \"WebdriverYardli3cg\")]"}
RESULT: {"using":"xpath","value":"//span[contains(@id ,\"title\")][contains(text(), \"WebdriverYardli3cg\")]"}
COMMAND: POST /session/1d980a951abea0b22294b008109eaf7e/element - {"using":"xpath","value":"//span[contains(@id ,\"title\")][contains(text(), \"WebdriverYardli3cg\")]"}
RESULT: {"using":"xpath","value":"//span[contains(@id ,\"title\")][contains(text(), \"WebdriverYardli3cg\")]"}
COMMAND: POST /session/1d980a951abea0b22294b008109eaf7e/element - {"using":"xpath","value":"//span[contains(@id ,\"title\")][contains(text(), \"WebdriverYardli3cg\")]"}
RESULT: {"using":"xpath","value":"//span[contains(@id ,\"title\")][contains(text(), \"WebdriverYardli3cg\")]"}
COMMAND: POST /session/1d980a951abea0b22294b008109eaf7e/element - {"using":"xpath","value":"//span[contains(@id ,\"title\")][contains(text(), \"WebdriverYardli3cg\")]"}
RESULT: {"using":"xpath","value":"//span[contains(@id ,\"title\")][contains(text(), \"WebdriverYardli3cg\")]"}
COMMAND: POST /session/1d980a951abea0b22294b008109eaf7e/element - {"using":"xpath","value":"//span[contains(@id ,\"title\")][contains(text(), \"WebdriverYardli3cg\")]"}
RESULT: {"using":"xpath","value":"//span[contains(@id ,\"title\")][contains(text(), \"WebdriverYardli3cg\")]"}
COMMAND: POST /session/1d980a951abea0b22294b008109eaf7e/element - {"using":"xpath","value":"//span[contains(@id ,\"title\")][contains(text(), \"WebdriverYardli3cg\")]"}
RESULT: {"using":"xpath","value":"//span[contains(@id ,\"title\")][contains(text(), \"WebdriverYardli3cg\")]"}
COMMAND: POST /session/1d980a951abea0b22294b008109eaf7e/element - {"using":"xpath","value":"//span[contains(@id ,\"title\")][contains(text(), \"WebdriverYardli3cg\")]"}
RESULT: {"using":"xpath","value":"//span[contains(@id ,\"title\")][contains(text(), \"WebdriverYardli3cg\")]"}
COMMAND: POST /session/1d980a951abea0b22294b008109eaf7e/element - {"using":"xpath","value":"//span[contains(@id ,\"title\")][contains(text(), \"WebdriverYardli3cg\")]"}
RESULT: {"using":"xpath","value":"//span[contains(@id ,\"title\")][contains(text(), \"WebdriverYardli3cg\")]"}
COMMAND: POST /session/1d980a951abea0b22294b008109eaf7e/element - {"using":"xpath","value":"//span[contains(@id ,\"title\")][contains(text(), \"WebdriverYardli3cg\")]"}
RESULT: {"using":"xpath","value":"//span[contains(@id ,\"title\")][contains(text(), \"WebdriverYardli3cg\")]"}
COMMAND: POST /session/1d980a951abea0b22294b008109eaf7e/element - {"using":"xpath","value":"//span[contains(@id ,\"title\")][contains(text(), \"WebdriverYardli3cg\")]"}
RESULT: {"using":"xpath","value":"//span[contains(@id ,\"title\")][contains(text(), \"WebdriverYardli3cg\")]"}
COMMAND: POST /session/1d980a951abea0b22294b008109eaf7e/element - {"using":"xpath","value":"//span[contains(@id ,\"title\")][contains(text(), \"WebdriverYardli3cg\")]"}
RESULT: {"using":"xpath","value":"//span[contains(@id ,\"title\")][contains(text(), \"WebdriverYardli3cg\")]"}
COMMAND: POST /session/1d980a951abea0b22294b008109eaf7e/element - {"using":"xpath","value":"//*[contains(@data-kt ,\"webshopDetailYardLink\")]"}
COMMAND: POST /session/1d980a951abea0b22294b008109eaf7e/element - {"using":"xpath","value":"//span[contains(@id ,\"title\")][contains(text(), \"WebdriverYardli3cg\")]"}
RESULT: {"using":"xpath","value":"//*[contains(@data-kt ,\"webshopDetailYardLink\")]"}
COMMAND: POST /session/1d980a951abea0b22294b008109eaf7e/execute/sync - {"script":"<script> [8489 bytes]","args":[{"element-6066-11e4-a52e-4f735466cecf":"f.003B7F97663A213565201A76C4492A9B.d.1672955B7B0CECAD5CD9E69F53AADC4B.e.2936","ELEMENT":"f.003B7F97663A213565201A76C4492A9B.d.1672955B7B0CECAD5CD9E69F53AADC4B.e.2936"}]}
RESULT: {"using":"xpath","value":"//span[contains(@id ,\"title\")][contains(text(), \"WebdriverYardli3cg\")]"}
RESULT: {"script":"<script> [8489 bytes]","args":[{"element-6066-11e4-a52e-4f735466cecf":"f.003B7F97663A213565201A76C4492A9B.d.1672955B7B0CECAD5CD9E69F53AADC4B.e.2936","ELEMENT":"f.003B7F97663A213565201A76C4492A9B.d.1672955B7B0CECAD5CD9E69F53AADC4B.e.2936"}]}
COMMAND: POST /session/1d980a951abea0b22294b008109eaf7e/execute/sync - {"script":"<script> [5351 bytes]","args":[{"element-6066-11e4-a52e-4f735466cecf":"f.003B7F97663A213565201A76C4492A9B.d.1672955B7B0CECAD5CD9E69F53AADC4B.e.2936","ELEMENT":"f.003B7F97663A213565201A76C4492A9B.d.1672955B7B0CECAD5CD9E69F53AADC4B.e.2936"}]}
COMMAND: GET /session/1d980a951abea0b22294b008109eaf7e/screenshot - {}
RESULT: {"script":"<script> [5351 bytes]","args":[{"element-6066-11e4-a52e-4f735466cecf":"f.003B7F97663A213565201A76C4492A9B.d.1672955B7B0CECAD5CD9E69F53AADC4B.e.2936","ELEMENT":"f.003B7F97663A213565201A76C4492A9B.d.1672955B7B0CECAD5CD9E69F53AADC4B.e.2936"}]}
COMMAND: POST /session/1d980a951abea0b22294b008109eaf7e/element - {"using":"xpath","value":"//*[contains(@data-kt ,\"webshopDetailYardLink\")]"}
COMMAND: GET /session/1d980a951abea0b22294b008109eaf7e/screenshot - {}
RESULT: {}
RESULT: {"using":"xpath","value":"//*[contains(@data-kt ,\"webshopDetailYardLink\")]"}
COMMAND: POST /session/1d980a951abea0b22294b008109eaf7e/element/f.003B7F97663A213565201A76C4492A9B.d.1672955B7B0CECAD5CD9E69F53AADC4B.e.2936/click - {}
COMMAND: POST /session/1d980a951abea0b22294b008109eaf7e/element - {"using":"xpath","value":"//span[contains(@id ,\"title\")][contains(text(), \"WebdriverYardli3cg\")]"}
RESULT: {}
RESULT: {}
COMMAND: GET /session/1d980a951abea0b22294b008109eaf7e/screenshot - {}
RESULT: {"using":"xpath","value":"//span[contains(@id ,\"title\")][contains(text(), \"WebdriverYardli3cg\")]"}
COMMAND: POST /session/1d980a951abea0b22294b008109eaf7e/execute/sync - {"script":"<script> [8489 bytes]","args":[{"element-6066-11e4-a52e-4f735466cecf":"f.003B7F97663A213565201A76C4492A9B.d.1672955B7B0CECAD5CD9E69F53AADC4B.e.2938","ELEMENT":"f.003B7F97663A213565201A76C4492A9B.d.1672955B7B0CECAD5CD9E69F53AADC4B.e.2938"}]}
RESULT: {}
RESULT: {"script":"<script> [8489 bytes]","args":[{"element-6066-11e4-a52e-4f735466cecf":"f.003B7F97663A213565201A76C4492A9B.d.1672955B7B0CECAD5CD9E69F53AADC4B.e.2938","ELEMENT":"f.003B7F97663A213565201A76C4492A9B.d.1672955B7B0CECAD5CD9E69F53AADC4B.e.2938"}]}
COMMAND: GET /session/1d980a951abea0b22294b008109eaf7e/screenshot - {}
RESULT: {}
COMMAND: POST /session/1d980a951abea0b22294b008109eaf7e/element - {"using":"xpath","value":"//*[contains(@data-kt ,\"ContextMenuId3Link\")][contains(text(), \"Yard Main Address\")]"}
RESULT: {"using":"xpath","value":"//*[contains(@data-kt ,\"ContextMenuId3Link\")][contains(text(), \"Yard Main Address\")]"}
COMMAND: POST /session/1d980a951abea0b22294b008109eaf7e/element/f.003B7F97663A213565201A76C4492A9B.d.1672955B7B0CECAD5CD9E69F53AADC4B.e.2939/click - {}
RESULT: {}
COMMAND: GET /session/1d980a951abea0b22294b008109eaf7e/screenshot - {}
RESULT: {}
COMMAND: POST /session/1d980a951abea0b22294b008109eaf7e/execute/async - {"script":"<script> [1562 bytes]","args":[{"selector":{"id":"application-addressmanagement-display-component---masterAdm--title1"},"wdio_ui5_key":"applicationaddressmanagement-display-component---masterAdm--title1"}]}
RESULT: {"script":"<script> [1562 bytes]","args":[{"selector":{"id":"application-addressmanagement-display-component---masterAdm--title1"},"wdio_ui5_key":"applicationaddressmanagement-display-component---masterAdm--title1"}]}
RESULT: undefined
COMMAND: POST /session/1d980a951abea0b22294b008109eaf7e/execute/async - {"script":"<script> [6424 bytes]","args":[{"element-6066-11e4-a52e-4f735466cecf":"f.003B7F97663A213565201A76C4492A9B.d.1672955B7B0CECAD5CD9E69F53AADC4B.e.3140"},"getText",[]]}
RESULT: {"script":"<script> [6424 bytes]","args":[{"element-6066-11e4-a52e-4f735466cecf":"f.003B7F97663A213565201A76C4492A9B.d.1672955B7B0CECAD5CD9E69F53AADC4B.e.3140"},"getText",[]]}
COMMAND: POST /session/1d980a951abea0b22294b008109eaf7e/element - {"using":"xpath","value":"//span[contains(text(), \"WebdriverYardjjtihg\")][contains(@id ,\"application-addressmanagement-display-component---detailAdm--addressDetailDetailsName1\")]"}
RESULT: {"using":"xpath","value":"//span[contains(text(), \"WebdriverYardjjtihg\")][contains(@id ,\"application-addressmanagement-display-component---detailAdm--addressDetailDetailsName1\")]"}
COMMAND: POST /session/1d980a951abea0b22294b008109eaf7e/element - {"using":"xpath","value":"//span[contains(text(), \"WebdriverYardjjtihg\")][contains(@id ,\"application-addressmanagement-display-component---detailAdm--addressDetailDetailsName1\")]"}
RESULT: undefined
COMMAND: POST /session/1d980a951abea0b22294b008109eaf7e/element - {"using":"xpath","value":"//*[@id=\"backBtn\"]"}
RESULT: {"using":"xpath","value":"//span[contains(text(), \"WebdriverYardjjtihg\")][contains(@id ,\"application-addressmanagement-display-component---detailAdm--addressDetailDetailsName1\")]"}
RESULT: {"using":"xpath","value":"//*[@id=\"backBtn\"]"}
COMMAND: POST /session/1d980a951abea0b22294b008109eaf7e/element/f.003B7F97663A213565201A76C4492A9B.d.1672955B7B0CECAD5CD9E69F53AADC4B.e.2801/click - {}
COMMAND: POST /session/1d980a951abea0b22294b008109eaf7e/element - {"using":"xpath","value":"//span[contains(text(), \"WebdriverYardjjtihg\")][contains(@id ,\"application-addressmanagement-display-component---detailAdm--addressDetailDetailsName1\")]"}
RESULT: {}
COMMAND: GET /session/1d980a951abea0b22294b008109eaf7e/screenshot - {}
RESULT: {"using":"xpath","value":"//span[contains(text(), \"WebdriverYardjjtihg\")][contains(@id ,\"application-addressmanagement-display-component---detailAdm--addressDetailDetailsName1\")]"}
RESULT: {}
COMMAND: POST /session/1d980a951abea0b22294b008109eaf7e/element - {"using":"xpath","value":"//span[contains(text(), \"WebdriverYardjjtihg\")][contains(@id ,\"application-addressmanagement-display-component---detailAdm--addressDetailDetailsName1\")]"}
RESULT: {"using":"xpath","value":"//span[contains(text(), \"WebdriverYardjjtihg\")][contains(@id ,\"application-addressmanagement-display-component---detailAdm--addressDetailDetailsName1\")]"}
COMMAND: POST /session/1d980a951abea0b22294b008109eaf7e/element - {"using":"xpath","value":"//span[contains(text(), \"WebdriverYardjjtihg\")][contains(@id ,\"application-addressmanagement-display-component---detailAdm--addressDetailDetailsName1\")]"}
RESULT: {"using":"xpath","value":"//span[contains(text(), \"WebdriverYardjjtihg\")][contains(@id ,\"application-addressmanagement-display-component---detailAdm--addressDetailDetailsName1\")]"}
COMMAND: POST /session/1d980a951abea0b22294b008109eaf7e/element - {"using":"xpath","value":"//span[contains(text(), \"WebdriverYardjjtihg\")][contains(@id ,\"application-addressmanagement-display-component---detailAdm--addressDetailDetailsName1\")]"}
RESULT: {"using":"xpath","value":"//span[contains(text(), \"WebdriverYardjjtihg\")][contains(@id ,\"application-addressmanagement-display-component---detailAdm--addressDetailDetailsName1\")]"}
COMMAND: POST /session/1d980a951abea0b22294b008109eaf7e/element - {"using":"xpath","value":"//span[contains(text(), \"WebdriverYardjjtihg\")][contains(@id ,\"application-addressmanagement-display-component---detailAdm--addressDetailDetailsName1\")]"}
RESULT: {"using":"xpath","value":"//span[contains(text(), \"WebdriverYardjjtihg\")][contains(@id ,\"application-addressmanagement-display-component---detailAdm--addressDetailDetailsName1\")]"}
COMMAND: POST /session/1d980a951abea0b22294b008109eaf7e/element - {"using":"xpath","value":"//span[contains(text(), \"WebdriverYardjjtihg\")][contains(@id ,\"application-addressmanagement-display-component---detailAdm--addressDetailDetailsName1\")]"}
RESULT: {"using":"xpath","value":"//span[contains(text(), \"WebdriverYardjjtihg\")][contains(@id ,\"application-addressmanagement-display-component---detailAdm--addressDetailDetailsName1\")]"}
COMMAND: POST /session/1d980a951abea0b22294b008109eaf7e/element - {"using":"xpath","value":"//span[contains(text(), \"WebdriverYardjjtihg\")][contains(@id ,\"application-addressmanagement-display-component---detailAdm--addressDetailDetailsName1\")]"}
RESULT: {"using":"xpath","value":"//span[contains(text(), \"WebdriverYardjjtihg\")][contains(@id ,\"application-addressmanagement-display-component---detailAdm--addressDetailDetailsName1\")]"}
COMMAND: POST /session/1d980a951abea0b22294b008109eaf7e/element - {"using":"xpath","value":"//span[contains(text(), \"WebdriverYardjjtihg\")][contains(@id ,\"application-addressmanagement-display-component---detailAdm--addressDetailDetailsName1\")]"}
RESULT: {"using":"xpath","value":"//span[contains(text(), \"WebdriverYardjjtihg\")][contains(@id ,\"application-addressmanagement-display-component---detailAdm--addressDetailDetailsName1\")]"}
COMMAND: POST /session/1d980a951abea0b22294b008109eaf7e/element - {"using":"xpath","value":"//span[contains(text(), \"WebdriverYardjjtihg\")][contains(@id ,\"application-addressmanagement-display-component---detailAdm--addressDetailDetailsName1\")]"}
RESULT: {"using":"xpath","value":"//span[contains(text(), \"WebdriverYardjjtihg\")][contains(@id ,\"application-addressmanagement-display-component---detailAdm--addressDetailDetailsName1\")]"}
COMMAND: POST /session/1d980a951abea0b22294b008109eaf7e/element - {"using":"xpath","value":"//span[contains(text(), \"WebdriverYardjjtihg\")][contains(@id ,\"application-addressmanagement-display-component---detailAdm--addressDetailDetailsName1\")]"}
RESULT: {"using":"xpath","value":"//span[contains(text(), \"WebdriverYardjjtihg\")][contains(@id ,\"application-addressmanagement-display-component---detailAdm--addressDetailDetailsName1\")]"}
COMMAND: POST /session/1d980a951abea0b22294b008109eaf7e/element - {"using":"xpath","value":"//span[contains(text(), \"WebdriverYardjjtihg\")][contains(@id ,\"application-addressmanagement-display-component---detailAdm--addressDetailDetailsName1\")]"}
RESULT: {"using":"xpath","value":"//span[contains(text(), \"WebdriverYardjjtihg\")][contains(@id ,\"application-addressmanagement-display-component---detailAdm--addressDetailDetailsName1\")]"}
COMMAND: POST /session/1d980a951abea0b22294b008109eaf7e/element - {"using":"xpath","value":"//span[contains(text(), \"WebdriverYardjjtihg\")][contains(@id ,\"application-addressmanagement-display-component---detailAdm--addressDetailDetailsName1\")]"}
RESULT: {"using":"xpath","value":"//span[contains(text(), \"WebdriverYardjjtihg\")][contains(@id ,\"application-addressmanagement-display-component---detailAdm--addressDetailDetailsName1\")]"}
COMMAND: POST /session/1d980a951abea0b22294b008109eaf7e/execute/sync - {"script":"<script> [8489 bytes]","args":[{"element-6066-11e4-a52e-4f735466cecf":"f.003B7F97663A213565201A76C4492A9B.d.1672955B7B0CECAD5CD9E69F53AADC4B.e.2936","ELEMENT":"f.003B7F97663A213565201A76C4492A9B.d.1672955B7B0CECAD5CD9E69F53AADC4B.e.2936"}]}
COMMAND: POST /session/1d980a951abea0b22294b008109eaf7e/element - {"using":"xpath","value":"//*[contains(@data-kt ,\"webshopDetailYardLink\")]"}
RESULT: {"using":"xpath","value":"//*[contains(@data-kt ,\"webshopDetailYardLink\")]"}
COMMAND: POST /session/1d980a951abea0b22294b008109eaf7e/execute/sync - {"script":"<script> [8489 bytes]","args":[{"element-6066-11e4-a52e-4f735466cecf":"f.003B7F97663A213565201A76C4492A9B.d.1672955B7B0CECAD5CD9E69F53AADC4B.e.3273","ELEMENT":"f.003B7F97663A213565201A76C4492A9B.d.1672955B7B0CECAD5CD9E69F53AADC4B.e.3273"}]}
RESULT: {"script":"<script> [8489 bytes]","args":[{"element-6066-11e4-a52e-4f735466cecf":"f.003B7F97663A213565201A76C4492A9B.d.1672955B7B0CECAD5CD9E69F53AADC4B.e.3273","ELEMENT":"f.003B7F97663A213565201A76C4492A9B.d.1672955B7B0CECAD5CD9E69F53AADC4B.e.3273"}]}
COMMAND: POST /session/1d980a951abea0b22294b008109eaf7e/execute/sync - {"script":"<script> [5351 bytes]","args":[{"element-6066-11e4-a52e-4f735466cecf":"f.003B7F97663A213565201A76C4492A9B.d.1672955B7B0CECAD5CD9E69F53AADC4B.e.3273","ELEMENT":"f.003B7F97663A213565201A76C4492A9B.d.1672955B7B0CECAD5CD9E69F53AADC4B.e.3273"}]}
COMMAND: GET /session/1d980a951abea0b22294b008109eaf7e/screenshot - {}
RESULT: {"script":"<script> [5351 bytes]","args":[{"element-6066-11e4-a52e-4f735466cecf":"f.003B7F97663A213565201A76C4492A9B.d.1672955B7B0CECAD5CD9E69F53AADC4B.e.3273","ELEMENT":"f.003B7F97663A213565201A76C4492A9B.d.1672955B7B0CECAD5CD9E69F53AADC4B.e.3273"}]}
COMMAND: POST /session/1d980a951abea0b22294b008109eaf7e/element - {"using":"xpath","value":"//*[contains(@data-kt ,\"webshopDetailYardLink\")]"}
COMMAND: GET /session/1d980a951abea0b22294b008109eaf7e/screenshot - {}
COMMAND: POST /session/1d980a951abea0b22294b008109eaf7e/element - {"using":"xpath","value":"//span[contains(text(), \"WebdriverYardjjtihg\")][contains(@id ,\"application-addressmanagement-display-component---detailAdm--addressDetailDetailsName1\")]"}
RESULT: {}
RESULT: {"using":"xpath","value":"//*[contains(@data-kt ,\"webshopDetailYardLink\")]"}
COMMAND: POST /session/1d980a951abea0b22294b008109eaf7e/element/f.003B7F97663A213565201A76C4492A9B.d.1672955B7B0CECAD5CD9E69F53AADC4B.e.3273/click - {}
RESULT: {}
RESULT: {"using":"xpath","value":"//span[contains(text(), \"WebdriverYardjjtihg\")][contains(@id ,\"application-addressmanagement-display-component---detailAdm--addressDetailDetailsName1\")]"}
RESULT: {}
COMMAND: GET /session/1d980a951abea0b22294b008109eaf7e/screenshot - {}
RESULT: {}
COMMAND: POST /session/1d980a951abea0b22294b008109eaf7e/element - {"using":"xpath","value":"//span[contains(text(), \"WebdriverYardjjtihg\")][contains(@id ,\"application-addressmanagement-display-component---detailAdm--addressDetailDetailsName1\")]"}
RESULT: {"using":"xpath","value":"//span[contains(text(), \"WebdriverYardjjtihg\")][contains(@id ,\"application-addressmanagement-display-component---detailAdm--addressDetailDetailsName1\")]"}
COMMAND: POST /session/1d980a951abea0b22294b008109eaf7e/element - {"using":"xpath","value":"//span[contains(text(), \"WebdriverYardjjtihg\")][contains(@id ,\"application-addressmanagement-display-component---detailAdm--addressDetailDetailsName1\")]"}
RESULT: {"using":"xpath","value":"//span[contains(text(), \"WebdriverYardjjtihg\")][contains(@id ,\"application-addressmanagement-display-component---detailAdm--addressDetailDetailsName1\")]"}
COMMAND: POST /session/1d980a951abea0b22294b008109eaf7e/element - {"using":"xpath","value":"//span[contains(text(), \"WebdriverYardjjtihg\")][contains(@id ,\"application-addressmanagement-display-component---detailAdm--addressDetailDetailsName1\")]"}
RESULT: {"using":"xpath","value":"//span[contains(text(), \"WebdriverYardjjtihg\")][contains(@id ,\"application-addressmanagement-display-component---detailAdm--addressDetailDetailsName1\")]"}
COMMAND: POST /session/1d980a951abea0b22294b008109eaf7e/element - {"using":"xpath","value":"//span[contains(text(), \"WebdriverYardjjtihg\")][contains(@id ,\"application-addressmanagement-display-component---detailAdm--addressDetailDetailsName1\")]"}
RESULT: {"using":"xpath","value":"//span[contains(text(), \"WebdriverYardjjtihg\")][contains(@id ,\"application-addressmanagement-display-component---detailAdm--addressDetailDetailsName1\")]"}
COMMAND: POST /session/1d980a951abea0b22294b008109eaf7e/element - {"using":"xpath","value":"//button[contains(@data-kt ,\"ContextMenuExternalId2Link\")]"}
RESULT: {"using":"xpath","value":"//button[contains(@data-kt ,\"ContextMenuExternalId2Link\")]"}
COMMAND: POST /session/1d980a951abea0b22294b008109eaf7e/element/f.003B7F97663A213565201A76C4492A9B.d.1672955B7B0CECAD5CD9E69F53AADC4B.e.3274/click - {}
RESULT: {}
COMMAND: GET /session/1d980a951abea0b22294b008109eaf7e/screenshot - {}
COMMAND: POST /session/1d980a951abea0b22294b008109eaf7e/element - {"using":"xpath","value":"//span[contains(text(), \"WebdriverYardjjtihg\")][contains(@id ,\"application-addressmanagement-display-component---detailAdm--addressDetailDetailsName1\")]"}
RESULT: {}
RESULT: {"using":"xpath","value":"//span[contains(text(), \"WebdriverYardjjtihg\")][contains(@id ,\"application-addressmanagement-display-component---detailAdm--addressDetailDetailsName1\")]"}
COMMAND: POST /session/1d980a951abea0b22294b008109eaf7e/element - {"using":"xpath","value":"//span[contains(text(), \"WebdriverYardjjtihg\")][contains(@id ,\"application-addressmanagement-display-component---detailAdm--addressDetailDetailsName1\")]"}
RESULT: {"using":"xpath","value":"//span[contains(text(), \"WebdriverYardjjtihg\")][contains(@id ,\"application-addressmanagement-display-component---detailAdm--addressDetailDetailsName1\")]"}
COMMAND: POST /session/1d980a951abea0b22294b008109eaf7e/element - {"using":"xpath","value":"//span[contains(text(), \"WebdriverYardjjtihg\")][contains(@id ,\"application-addressmanagement-display-component---detailAdm--addressDetailDetailsName1\")]"}
RESULT: {"using":"xpath","value":"//span[contains(text(), \"WebdriverYardjjtihg\")][contains(@id ,\"application-addressmanagement-display-component---detailAdm--addressDetailDetailsName1\")]"}
COMMAND: POST /session/1d980a951abea0b22294b008109eaf7e/element - {"using":"xpath","value":"//span[contains(text(), \"WebdriverYardjjtihg\")][contains(@id ,\"application-addressmanagement-display-component---detailAdm--addressDetailDetailsName1\")]"}
RESULT: {"using":"xpath","value":"//span[contains(text(), \"WebdriverYardjjtihg\")][contains(@id ,\"application-addressmanagement-display-component---detailAdm--addressDetailDetailsName1\")]"}
COMMAND: POST /session/1d980a951abea0b22294b008109eaf7e/element - {"using":"xpath","value":"//span[contains(text(), \"WebdriverYardjjtihg\")][contains(@id ,\"application-addressmanagement-display-component---detailAdm--addressDetailDetailsName1\")]"}
RESULT: {"using":"xpath","value":"//span[contains(text(), \"WebdriverYardjjtihg\")][contains(@id ,\"application-addressmanagement-display-component---detailAdm--addressDetailDetailsName1\")]"}
COMMAND: POST /session/1d980a951abea0b22294b008109eaf7e/element - {"using":"xpath","value":"//span[contains(text(), \"WebdriverYardjjtihg\")][contains(@id ,\"application-addressmanagement-display-component---detailAdm--addressDetailDetailsName1\")]"}
RESULT: {"using":"xpath","value":"//span[contains(text(), \"WebdriverYardjjtihg\")][contains(@id ,\"application-addressmanagement-display-component---detailAdm--addressDetailDetailsName1\")]"}
COMMAND: POST /session/1d980a951abea0b22294b008109eaf7e/element - {"using":"xpath","value":"//span[contains(text(), \"WebdriverYardjjtihg\")][contains(@id ,\"application-addressmanagement-display-component---detailAdm--addressDetailDetailsName1\")]"}
RESULT: {"using":"xpath","value":"//span[contains(text(), \"WebdriverYardjjtihg\")][contains(@id ,\"application-addressmanagement-display-component---detailAdm--addressDetailDetailsName1\")]"}
COMMAND: POST /session/1d980a951abea0b22294b008109eaf7e/element - {"using":"xpath","value":"//span[contains(text(), \"WebdriverYardjjtihg\")][contains(@id ,\"application-addressmanagement-display-component---detailAdm--addressDetailDetailsName1\")]"}
RESULT: {"using":"xpath","value":"//span[contains(text(), \"WebdriverYardjjtihg\")][contains(@id ,\"application-addressmanagement-display-component---detailAdm--addressDetailDetailsName1\")]"}
COMMAND: GET /session/1d980a951abea0b22294b008109eaf7e/window/handles - {}
RESULT: {}
COMMAND: POST /session/1d980a951abea0b22294b008109eaf7e/window - {"handle":"133A54B8FDFB6FC72BF48657FB2ED05A"}
RESULT: {"handle":"133A54B8FDFB6FC72BF48657FB2ED05A"}
COMMAND: GET /session/1d980a951abea0b22294b008109eaf7e/url - {}
COMMAND: POST /session/1d980a951abea0b22294b008109eaf7e/element - {"using":"xpath","value":"//span[contains(text(), \"WebdriverYardjjtihg\")][contains(@id ,\"application-addressmanagement-display-component---detailAdm--addressDetailDetailsName1\")]"}
RESULT: {}
COMMAND: GET /session/1d980a951abea0b22294b008109eaf7e/screenshot - {}
RESULT: {"using":"xpath","value":"//span[contains(text(), \"WebdriverYardjjtihg\")][contains(@id ,\"application-addressmanagement-display-component---detailAdm--addressDetailDetailsName1\")]"}
RESULT: {}
COMMAND: POST /session/1d980a951abea0b22294b008109eaf7e/element - {"using":"xpath","value":"//span[contains(text(), \"WebdriverYardjjtihg\")][contains(@id ,\"application-addressmanagement-display-component---detailAdm--addressDetailDetailsName1\")]"}
RESULT: {"using":"xpath","value":"//span[contains(text(), \"WebdriverYardjjtihg\")][contains(@id ,\"application-addressmanagement-display-component---detailAdm--addressDetailDetailsName1\")]"}
COMMAND: POST /session/1d980a951abea0b22294b008109eaf7e/element - {"using":"xpath","value":"//span[contains(text(), \"WebdriverYardjjtihg\")][contains(@id ,\"application-addressmanagement-display-component---detailAdm--addressDetailDetailsName1\")]"}
RESULT: {"using":"xpath","value":"//span[contains(text(), \"WebdriverYardjjtihg\")][contains(@id ,\"application-addressmanagement-display-component---detailAdm--addressDetailDetailsName1\")]"}
COMMAND: POST /session/1d980a951abea0b22294b008109eaf7e/element - {"using":"xpath","value":"//span[contains(text(), \"WebdriverYardjjtihg\")][contains(@id ,\"application-addressmanagement-display-component---detailAdm--addressDetailDetailsName1\")]"}
RESULT: {"using":"xpath","value":"//span[contains(text(), \"WebdriverYardjjtihg\")][contains(@id ,\"application-addressmanagement-display-component---detailAdm--addressDetailDetailsName1\")]"}
COMMAND: POST /session/1d980a951abea0b22294b008109eaf7e/element - {"using":"xpath","value":"//span[contains(text(), \"WebdriverYardjjtihg\")][contains(@id ,\"application-addressmanagement-display-component---detailAdm--addressDetailDetailsName1\")]"}
RESULT: {"using":"xpath","value":"//span[contains(text(), \"WebdriverYardjjtihg\")][contains(@id ,\"application-addressmanagement-display-component---detailAdm--addressDetailDetailsName1\")]"}
COMMAND: POST /session/1d980a951abea0b22294b008109eaf7e/element - {"using":"xpath","value":"//span[contains(text(), \"WebdriverYardjjtihg\")][contains(@id ,\"application-addressmanagement-display-component---detailAdm--addressDetailDetailsName1\")]"}
RESULT: {"using":"xpath","value":"//span[contains(text(), \"WebdriverYardjjtihg\")][contains(@id ,\"application-addressmanagement-display-component---detailAdm--addressDetailDetailsName1\")]"}
COMMAND: POST /session/1d980a951abea0b22294b008109eaf7e/element - {"using":"xpath","value":"//span[contains(text(), \"WebdriverYardjjtihg\")][contains(@id ,\"application-addressmanagement-display-component---detailAdm--addressDetailDetailsName1\")]"}
RESULT: {"using":"xpath","value":"//span[contains(text(), \"WebdriverYardjjtihg\")][contains(@id ,\"application-addressmanagement-display-component---detailAdm--addressDetailDetailsName1\")]"}
COMMAND: POST /session/1d980a951abea0b22294b008109eaf7e/element - {"using":"xpath","value":"//span[contains(text(), \"WebdriverYardjjtihg\")][contains(@id ,\"application-addressmanagement-display-component---detailAdm--addressDetailDetailsName1\")]"}
RESULT: {"using":"xpath","value":"//span[contains(text(), \"WebdriverYardjjtihg\")][contains(@id ,\"application-addressmanagement-display-component---detailAdm--addressDetailDetailsName1\")]"}
COMMAND: POST /session/1d980a951abea0b22294b008109eaf7e/element - {"using":"xpath","value":"//span[contains(text(), \"WebdriverYardjjtihg\")][contains(@id ,\"application-addressmanagement-display-component---detailAdm--addressDetailDetailsName1\")]"}
RESULT: {"using":"xpath","value":"//span[contains(text(), \"WebdriverYardjjtihg\")][contains(@id ,\"application-addressmanagement-display-component---detailAdm--addressDetailDetailsName1\")]"}
COMMAND: POST /session/1d980a951abea0b22294b008109eaf7e/element - {"using":"xpath","value":"//span[contains(text(), \"WebdriverYardjjtihg\")][contains(@id ,\"application-addressmanagement-display-component---detailAdm--addressDetailDetailsName1\")]"}
RESULT: {"using":"xpath","value":"//span[contains(text(), \"WebdriverYardjjtihg\")][contains(@id ,\"application-addressmanagement-display-component---detailAdm--addressDetailDetailsName1\")]"}
COMMAND: POST /session/1d980a951abea0b22294b008109eaf7e/execute/sync - {"script":"<script> [8489 bytes]","args":[{"element-6066-11e4-a52e-4f735466cecf":"f.003B7F97663A213565201A76C4492A9B.d.1672955B7B0CECAD5CD9E69F53AADC4B.e.2938","ELEMENT":"f.003B7F97663A213565201A76C4492A9B.d.1672955B7B0CECAD5CD9E69F53AADC4B.e.2938"}]}
COMMAND: DELETE /session/1d980a951abea0b22294b008109eaf7e/window - {}
RESULT: {}
COMMAND: POST /session/1d980a951abea0b22294b008109eaf7e/window - {"handle":"003B7F97663A213565201A76C4492A9B"}
RESULT: {"handle":"003B7F97663A213565201A76C4492A9B"}
COMMAND: GET /session/1d980a951abea0b22294b008109eaf7e/url - {}
COMMAND: POST /session/1d980a951abea0b22294b008109eaf7e/element - {"using":"xpath","value":"//span[contains(@id ,\"title\")][contains(text(), \"WebdriverYardli3cg\")]"}
RESULT: {}
COMMAND: GET /session/1d980a951abea0b22294b008109eaf7e/screenshot - {}
COMMAND: POST /session/1d980a951abea0b22294b008109eaf7e/element - {"using":"xpath","value":"//span[contains(text(), \"WebdriverYardjjtihg\")][contains(@id ,\"application-addressmanagement-display-component---detailAdm--addressDetailDetailsName1\")]"}
RESULT: {"using":"xpath","value":"//span[contains(@id ,\"title\")][contains(text(), \"WebdriverYardli3cg\")]"}
COMMAND: POST /session/1d980a951abea0b22294b008109eaf7e/execute/sync - {"script":"<script> [8489 bytes]","args":[{"element-6066-11e4-a52e-4f735466cecf":"f.003B7F97663A213565201A76C4492A9B.d.1672955B7B0CECAD5CD9E69F53AADC4B.e.3320","ELEMENT":"f.003B7F97663A213565201A76C4492A9B.d.1672955B7B0CECAD5CD9E69F53AADC4B.e.3320"}]}
RESULT: {}
RESULT: {"using":"xpath","value":"//span[contains(text(), \"WebdriverYardjjtihg\")][contains(@id ,\"application-addressmanagement-display-component---detailAdm--addressDetailDetailsName1\")]"}
RESULT: {"script":"<script> [8489 bytes]","args":[{"element-6066-11e4-a52e-4f735466cecf":"f.003B7F97663A213565201A76C4492A9B.d.1672955B7B0CECAD5CD9E69F53AADC4B.e.3320","ELEMENT":"f.003B7F97663A213565201A76C4492A9B.d.1672955B7B0CECAD5CD9E69F53AADC4B.e.3320"}]}
COMMAND: GET /session/1d980a951abea0b22294b008109eaf7e/screenshot - {}
RESULT: {}
COMMAND: POST /session/1d980a951abea0b22294b008109eaf7e/element - {"using":"xpath","value":"//span[contains(text(), \"WebdriverYardjjtihg\")][contains(@id ,\"application-addressmanagement-display-component---detailAdm--addressDetailDetailsName1\")]"}
RESULT: {"using":"xpath","value":"//span[contains(text(), \"WebdriverYardjjtihg\")][contains(@id ,\"application-addressmanagement-display-component---detailAdm--addressDetailDetailsName1\")]"}
COMMAND: POST /session/1d980a951abea0b22294b008109eaf7e/element - {"using":"xpath","value":"//span[contains(text(), \"WebdriverYardjjtihg\")][contains(@id ,\"application-addressmanagement-display-component---detailAdm--addressDetailDetailsName1\")]"}
RESULT: {"using":"xpath","value":"//span[contains(text(), \"WebdriverYardjjtihg\")][contains(@id ,\"application-addressmanagement-display-component---detailAdm--addressDetailDetailsName1\")]"}
COMMAND: POST /session/1d980a951abea0b22294b008109eaf7e/element - {"using":"xpath","value":"//span[contains(text(), \"WebdriverYardjjtihg\")][contains(@id ,\"application-addressmanagement-display-component---detailAdm--addressDetailDetailsName1\")]"}
RESULT: {"using":"xpath","value":"//span[contains(text(), \"WebdriverYardjjtihg\")][contains(@id ,\"application-addressmanagement-display-component---detailAdm--addressDetailDetailsName1\")]"}
COMMAND: POST /session/1d980a951abea0b22294b008109eaf7e/element - {"using":"xpath","value":"//span[contains(text(), \"WebdriverYardjjtihg\")][contains(@id ,\"application-addressmanagement-display-component---detailAdm--addressDetailDetailsName1\")]"}
RESULT: {"using":"xpath","value":"//span[contains(text(), \"WebdriverYardjjtihg\")][contains(@id ,\"application-addressmanagement-display-component---detailAdm--addressDetailDetailsName1\")]"}
COMMAND: POST /session/1d980a951abea0b22294b008109eaf7e/element - {"using":"xpath","value":"//span[contains(text(), \"WebdriverYardjjtihg\")][contains(@id ,\"application-addressmanagement-display-component---detailAdm--addressDetailDetailsName1\")]"}
RESULT: {"using":"xpath","value":"//span[contains(text(), \"WebdriverYardjjtihg\")][contains(@id ,\"application-addressmanagement-display-component---detailAdm--addressDetailDetailsName1\")]"}
COMMAND: POST /session/1d980a951abea0b22294b008109eaf7e/element - {"using":"xpath","value":"//span[contains(text(), \"WebdriverYardjjtihg\")][contains(@id ,\"application-addressmanagement-display-component---detailAdm--addressDetailDetailsName1\")]"}
RESULT: {"using":"xpath","value":"//span[contains(text(), \"WebdriverYardjjtihg\")][contains(@id ,\"application-addressmanagement-display-component---detailAdm--addressDetailDetailsName1\")]"}
COMMAND: POST /session/1d980a951abea0b22294b008109eaf7e/element - {"using":"xpath","value":"//span[contains(text(), \"WebdriverYardjjtihg\")][contains(@id ,\"application-addressmanagement-display-component---detailAdm--addressDetailDetailsName1\")]"}
RESULT: {"using":"xpath","value":"//span[contains(text(), \"WebdriverYardjjtihg\")][contains(@id ,\"application-addressmanagement-display-component---detailAdm--addressDetailDetailsName1\")]"}
COMMAND: POST /session/1d980a951abea0b22294b008109eaf7e/element - {"using":"xpath","value":"//span[contains(text(), \"WebdriverYardjjtihg\")][contains(@id ,\"application-addressmanagement-display-component---detailAdm--addressDetailDetailsName1\")]"}
RESULT: {"using":"xpath","value":"//span[contains(text(), \"WebdriverYardjjtihg\")][contains(@id ,\"application-addressmanagement-display-component---detailAdm--addressDetailDetailsName1\")]"}
COMMAND: POST /session/1d980a951abea0b22294b008109eaf7e/element - {"using":"xpath","value":"//button[contains(@data-kt ,\"ContextMenuExternalId3Link\")]"}
RESULT: {"using":"xpath","value":"//button[contains(@data-kt ,\"ContextMenuExternalId3Link\")]"}
COMMAND: POST /session/1d980a951abea0b22294b008109eaf7e/element/f.003B7F97663A213565201A76C4492A9B.d.1672955B7B0CECAD5CD9E69F53AADC4B.e.3321/click - {}
COMMAND: POST /session/1d980a951abea0b22294b008109eaf7e/element - {"using":"xpath","value":"//span[contains(text(), \"WebdriverYardjjtihg\")][contains(@id ,\"application-addressmanagement-display-component---detailAdm--addressDetailDetailsName1\")]"}
RESULT: {}
COMMAND: GET /session/1d980a951abea0b22294b008109eaf7e/screenshot - {}
RESULT: {"using":"xpath","value":"//span[contains(text(), \"WebdriverYardjjtihg\")][contains(@id ,\"application-addressmanagement-display-component---detailAdm--addressDetailDetailsName1\")]"}
RESULT: {}
COMMAND: POST /session/1d980a951abea0b22294b008109eaf7e/element - {"using":"xpath","value":"//span[contains(text(), \"WebdriverYardjjtihg\")][contains(@id ,\"application-addressmanagement-display-component---detailAdm--addressDetailDetailsName1\")]"}
RESULT: {"using":"xpath","value":"//span[contains(text(), \"WebdriverYardjjtihg\")][contains(@id ,\"application-addressmanagement-display-component---detailAdm--addressDetailDetailsName1\")]"}
COMMAND: POST /session/1d980a951abea0b22294b008109eaf7e/element - {"using":"xpath","value":"//span[contains(text(), \"WebdriverYardjjtihg\")][contains(@id ,\"application-addressmanagement-display-component---detailAdm--addressDetailDetailsName1\")]"}
RESULT: {"using":"xpath","value":"//span[contains(text(), \"WebdriverYardjjtihg\")][contains(@id ,\"application-addressmanagement-display-component---detailAdm--addressDetailDetailsName1\")]"}
COMMAND: POST /session/1d980a951abea0b22294b008109eaf7e/element - {"using":"xpath","value":"//span[contains(text(), \"WebdriverYardjjtihg\")][contains(@id ,\"application-addressmanagement-display-component---detailAdm--addressDetailDetailsName1\")]"}
RESULT: {"using":"xpath","value":"//span[contains(text(), \"WebdriverYardjjtihg\")][contains(@id ,\"application-addressmanagement-display-component---detailAdm--addressDetailDetailsName1\")]"}
COMMAND: POST /session/1d980a951abea0b22294b008109eaf7e/element - {"using":"xpath","value":"//span[contains(text(), \"WebdriverYardjjtihg\")][contains(@id ,\"application-addressmanagement-display-component---detailAdm--addressDetailDetailsName1\")]"}
RESULT: {"using":"xpath","value":"//span[contains(text(), \"WebdriverYardjjtihg\")][contains(@id ,\"application-addressmanagement-display-component---detailAdm--addressDetailDetailsName1\")]"}
COMMAND: GET /session/1d980a951abea0b22294b008109eaf7e/window/handles - {}
RESULT: {}
COMMAND: POST /session/1d980a951abea0b22294b008109eaf7e/window - {"handle":"A7B8B602F53A5AAA3CEAD6F28C3023EF"}
RESULT: {"handle":"A7B8B602F53A5AAA3CEAD6F28C3023EF"}
COMMAND: GET /session/1d980a951abea0b22294b008109eaf7e/url - {}
RESULT: {}
COMMAND: GET /session/1d980a951abea0b22294b008109eaf7e/screenshot - {}
RESULT: {}
COMMAND: POST /session/1d980a951abea0b22294b008109eaf7e/element - {"using":"xpath","value":"//span[contains(text(), \"WebdriverYardjjtihg\")][contains(@id ,\"application-addressmanagement-display-component---detailAdm--addressDetailDetailsName1\")]"}
COMMAND: DELETE /session/1d980a951abea0b22294b008109eaf7e/window - {}
RESULT: {}
COMMAND: POST /session/1d980a951abea0b22294b008109eaf7e/window - {"handle":"003B7F97663A213565201A76C4492A9B"}
RESULT: {"handle":"003B7F97663A213565201A76C4492A9B"}
COMMAND: GET /session/1d980a951abea0b22294b008109eaf7e/url - {}
RESULT: {"using":"xpath","value":"//span[contains(text(), \"WebdriverYardjjtihg\")][contains(@id ,\"application-addressmanagement-display-component---detailAdm--addressDetailDetailsName1\")]"}
RESULT: {}
COMMAND: GET /session/1d980a951abea0b22294b008109eaf7e/screenshot - {}
RESULT: {}
COMMAND: POST /session/1d980a951abea0b22294b008109eaf7e/element - {"using":"xpath","value":"//span[contains(text(), \"WebdriverYardjjtihg\")][contains(@id ,\"application-addressmanagement-display-component---detailAdm--addressDetailDetailsName1\")]"}
RESULT: {"using":"xpath","value":"//span[contains(text(), \"WebdriverYardjjtihg\")][contains(@id ,\"application-addressmanagement-display-component---detailAdm--addressDetailDetailsName1\")]"}
COMMAND: POST /session/1d980a951abea0b22294b008109eaf7e/element - {"using":"xpath","value":"//span[contains(text(), \"WebdriverYardjjtihg\")][contains(@id ,\"application-addressmanagement-display-component---detailAdm--addressDetailDetailsName1\")]"}
RESULT: {"using":"xpath","value":"//span[contains(text(), \"WebdriverYardjjtihg\")][contains(@id ,\"application-addressmanagement-display-component---detailAdm--addressDetailDetailsName1\")]"}
COMMAND: POST /session/1d980a951abea0b22294b008109eaf7e/element - {"using":"xpath","value":"//span[contains(text(), \"WebdriverYardjjtihg\")][contains(@id ,\"application-addressmanagement-display-component---detailAdm--addressDetailDetailsName1\")]"}
RESULT: {"using":"xpath","value":"//span[contains(text(), \"WebdriverYardjjtihg\")][contains(@id ,\"application-addressmanagement-display-component---detailAdm--addressDetailDetailsName1\")]"}
COMMAND: POST /session/1d980a951abea0b22294b008109eaf7e/element - {"using":"xpath","value":"//span[contains(text(), \"WebdriverYardjjtihg\")][contains(@id ,\"application-addressmanagement-display-component---detailAdm--addressDetailDetailsName1\")]"}
RESULT: {"using":"xpath","value":"//span[contains(text(), \"WebdriverYardjjtihg\")][contains(@id ,\"application-addressmanagement-display-component---detailAdm--addressDetailDetailsName1\")]"}
COMMAND: POST /session/1d980a951abea0b22294b008109eaf7e/element - {"using":"xpath","value":"//span[contains(text(), \"WebdriverYardjjtihg\")][contains(@id ,\"application-addressmanagement-display-component---detailAdm--addressDetailDetailsName1\")]"}
RESULT: {"using":"xpath","value":"//span[contains(text(), \"WebdriverYardjjtihg\")][contains(@id ,\"application-addressmanagement-display-component---detailAdm--addressDetailDetailsName1\")]"}
COMMAND: POST /session/1d980a951abea0b22294b008109eaf7e/element - {"using":"xpath","value":"//span[contains(text(), \"WebdriverYardjjtihg\")][contains(@id ,\"application-addressmanagement-display-component---detailAdm--addressDetailDetailsName1\")]"}
RESULT: {"using":"xpath","value":"//span[contains(text(), \"WebdriverYardjjtihg\")][contains(@id ,\"application-addressmanagement-display-component---detailAdm--addressDetailDetailsName1\")]"}
COMMAND: POST /session/1d980a951abea0b22294b008109eaf7e/element - {"using":"xpath","value":"//span[contains(text(), \"WebdriverYardjjtihg\")][contains(@id ,\"application-addressmanagement-display-component---detailAdm--addressDetailDetailsName1\")]"}
RESULT: {"using":"xpath","value":"//span[contains(text(), \"WebdriverYardjjtihg\")][contains(@id ,\"application-addressmanagement-display-component---detailAdm--addressDetailDetailsName1\")]"}
COMMAND: POST /session/1d980a951abea0b22294b008109eaf7e/element - {"using":"xpath","value":"//span[contains(text(), \"WebdriverYardjjtihg\")][contains(@id ,\"application-addressmanagement-display-component---detailAdm--addressDetailDetailsName1\")]"}
RESULT: {"using":"xpath","value":"//span[contains(text(), \"WebdriverYardjjtihg\")][contains(@id ,\"application-addressmanagement-display-component---detailAdm--addressDetailDetailsName1\")]"}
COMMAND: POST /session/1d980a951abea0b22294b008109eaf7e/element - {"using":"xpath","value":"//span[contains(text(), \"WebdriverYardjjtihg\")][contains(@id ,\"application-addressmanagement-display-component---detailAdm--addressDetailDetailsName1\")]"}
RESULT: {"using":"xpath","value":"//span[contains(text(), \"WebdriverYardjjtihg\")][contains(@id ,\"application-addressmanagement-display-component---detailAdm--addressDetailDetailsName1\")]"}
]]></system-out>
    </testcase>
    <testcase classname="chrome.137_0_7151_69.windows.Webshop_-_Hyperlinks_visible_and_working_properly__US139085" name="Shpuld verify site hyperlinks" time="229.167">
      <system-out><![CDATA[
COMMAND: POST /session/1d980a951abea0b22294b008109eaf7e/element - {"using":"xpath","value":"//*[contains(@data-kt ,\"webshopDetailSiteLink\")]"}
RESULT: {"using":"xpath","value":"//*[contains(@data-kt ,\"webshopDetailSiteLink\")]"}
COMMAND: POST /session/1d980a951abea0b22294b008109eaf7e/execute/sync - {"script":"<script> [8489 bytes]","args":[{"element-6066-11e4-a52e-4f735466cecf":"f.003B7F97663A213565201A76C4492A9B.d.1672955B7B0CECAD5CD9E69F53AADC4B.e.3522","ELEMENT":"f.003B7F97663A213565201A76C4492A9B.d.1672955B7B0CECAD5CD9E69F53AADC4B.e.3522"}]}
RESULT: {"script":"<script> [8489 bytes]","args":[{"element-6066-11e4-a52e-4f735466cecf":"f.003B7F97663A213565201A76C4492A9B.d.1672955B7B0CECAD5CD9E69F53AADC4B.e.3522","ELEMENT":"f.003B7F97663A213565201A76C4492A9B.d.1672955B7B0CECAD5CD9E69F53AADC4B.e.3522"}]}
COMMAND: POST /session/1d980a951abea0b22294b008109eaf7e/execute/sync - {"script":"<script> [5351 bytes]","args":[{"element-6066-11e4-a52e-4f735466cecf":"f.003B7F97663A213565201A76C4492A9B.d.1672955B7B0CECAD5CD9E69F53AADC4B.e.3522","ELEMENT":"f.003B7F97663A213565201A76C4492A9B.d.1672955B7B0CECAD5CD9E69F53AADC4B.e.3522"}]}
COMMAND: POST /session/1d980a951abea0b22294b008109eaf7e/element - {"using":"xpath","value":"//span[contains(text(), \"WebdriverYardjjtihg\")][contains(@id ,\"application-addressmanagement-display-component---detailAdm--addressDetailDetailsName1\")]"}
COMMAND: GET /session/1d980a951abea0b22294b008109eaf7e/screenshot - {}
RESULT: {"script":"<script> [5351 bytes]","args":[{"element-6066-11e4-a52e-4f735466cecf":"f.003B7F97663A213565201A76C4492A9B.d.1672955B7B0CECAD5CD9E69F53AADC4B.e.3522","ELEMENT":"f.003B7F97663A213565201A76C4492A9B.d.1672955B7B0CECAD5CD9E69F53AADC4B.e.3522"}]}
COMMAND: POST /session/1d980a951abea0b22294b008109eaf7e/element - {"using":"xpath","value":"//*[contains(@data-kt ,\"webshopDetailSiteLink\")]"}
COMMAND: GET /session/1d980a951abea0b22294b008109eaf7e/screenshot - {}
RESULT: {}
RESULT: {"using":"xpath","value":"//span[contains(text(), \"WebdriverYardjjtihg\")][contains(@id ,\"application-addressmanagement-display-component---detailAdm--addressDetailDetailsName1\")]"}
RESULT: {"using":"xpath","value":"//*[contains(@data-kt ,\"webshopDetailSiteLink\")]"}
COMMAND: POST /session/1d980a951abea0b22294b008109eaf7e/element/f.003B7F97663A213565201A76C4492A9B.d.1672955B7B0CECAD5CD9E69F53AADC4B.e.3522/click - {}
COMMAND: POST /session/1d980a951abea0b22294b008109eaf7e/element - {"using":"xpath","value":"//span[contains(text(), \"WebdriverYardjjtihg\")][contains(@id ,\"application-addressmanagement-display-component---detailAdm--addressDetailDetailsName1\")]"}
RESULT: {}
RESULT: {}
RESULT: {"using":"xpath","value":"//span[contains(text(), \"WebdriverYardjjtihg\")][contains(@id ,\"application-addressmanagement-display-component---detailAdm--addressDetailDetailsName1\")]"}
COMMAND: GET /session/1d980a951abea0b22294b008109eaf7e/screenshot - {}
RESULT: {}
COMMAND: POST /session/1d980a951abea0b22294b008109eaf7e/element - {"using":"xpath","value":"//span[contains(text(), \"WebdriverYardjjtihg\")][contains(@id ,\"application-addressmanagement-display-component---detailAdm--addressDetailDetailsName1\")]"}
RESULT: {"using":"xpath","value":"//span[contains(text(), \"WebdriverYardjjtihg\")][contains(@id ,\"application-addressmanagement-display-component---detailAdm--addressDetailDetailsName1\")]"}
COMMAND: POST /session/1d980a951abea0b22294b008109eaf7e/element - {"using":"xpath","value":"//span[contains(text(), \"WebdriverYardjjtihg\")][contains(@id ,\"application-addressmanagement-display-component---detailAdm--addressDetailDetailsName1\")]"}
RESULT: {"using":"xpath","value":"//span[contains(text(), \"WebdriverYardjjtihg\")][contains(@id ,\"application-addressmanagement-display-component---detailAdm--addressDetailDetailsName1\")]"}
COMMAND: POST /session/1d980a951abea0b22294b008109eaf7e/element - {"using":"xpath","value":"//span[contains(text(), \"WebdriverYardjjtihg\")][contains(@id ,\"application-addressmanagement-display-component---detailAdm--addressDetailDetailsName1\")]"}
RESULT: {"using":"xpath","value":"//span[contains(text(), \"WebdriverYardjjtihg\")][contains(@id ,\"application-addressmanagement-display-component---detailAdm--addressDetailDetailsName1\")]"}
COMMAND: POST /session/1d980a951abea0b22294b008109eaf7e/element - {"using":"xpath","value":"//*[contains(@data-kt ,\"ContextMenuIdLink\")][contains(text(), \"Manage Site\")]"}
RESULT: {"using":"xpath","value":"//*[contains(@data-kt ,\"ContextMenuIdLink\")][contains(text(), \"Manage Site\")]"}
COMMAND: POST /session/1d980a951abea0b22294b008109eaf7e/execute/sync - {"script":"<script> [8489 bytes]","args":[{"element-6066-11e4-a52e-4f735466cecf":"f.003B7F97663A213565201A76C4492A9B.d.1672955B7B0CECAD5CD9E69F53AADC4B.e.3524","ELEMENT":"f.003B7F97663A213565201A76C4492A9B.d.1672955B7B0CECAD5CD9E69F53AADC4B.e.3524"}]}
COMMAND: POST /session/1d980a951abea0b22294b008109eaf7e/element - {"using":"xpath","value":"//*[contains(@data-kt ,\"ContextMenuId2Link\")][contains(text(), \"Site Overview\")]"}
RESULT: {"script":"<script> [8489 bytes]","args":[{"element-6066-11e4-a52e-4f735466cecf":"f.003B7F97663A213565201A76C4492A9B.d.1672955B7B0CECAD5CD9E69F53AADC4B.e.3524","ELEMENT":"f.003B7F97663A213565201A76C4492A9B.d.1672955B7B0CECAD5CD9E69F53AADC4B.e.3524"}]}
COMMAND: GET /session/1d980a951abea0b22294b008109eaf7e/screenshot - {}
RESULT: {"using":"xpath","value":"//*[contains(@data-kt ,\"ContextMenuId2Link\")][contains(text(), \"Site Overview\")]"}
COMMAND: POST /session/1d980a951abea0b22294b008109eaf7e/execute/sync - {"script":"<script> [8489 bytes]","args":[{"element-6066-11e4-a52e-4f735466cecf":"f.003B7F97663A213565201A76C4492A9B.d.1672955B7B0CECAD5CD9E69F53AADC4B.e.3525","ELEMENT":"f.003B7F97663A213565201A76C4492A9B.d.1672955B7B0CECAD5CD9E69F53AADC4B.e.3525"}]}
COMMAND: POST /session/1d980a951abea0b22294b008109eaf7e/element - {"using":"xpath","value":"//*[contains(@data-kt ,\"ContextMenuId3Link\")][contains(text(), \"Site Main Address\")]"}
COMMAND: POST /session/1d980a951abea0b22294b008109eaf7e/element - {"using":"xpath","value":"//span[contains(text(), \"WebdriverYardjjtihg\")][contains(@id ,\"application-addressmanagement-display-component---detailAdm--addressDetailDetailsName1\")]"}
RESULT: {}
RESULT: {"script":"<script> [8489 bytes]","args":[{"element-6066-11e4-a52e-4f735466cecf":"f.003B7F97663A213565201A76C4492A9B.d.1672955B7B0CECAD5CD9E69F53AADC4B.e.3525","ELEMENT":"f.003B7F97663A213565201A76C4492A9B.d.1672955B7B0CECAD5CD9E69F53AADC4B.e.3525"}]}
COMMAND: GET /session/1d980a951abea0b22294b008109eaf7e/screenshot - {}
RESULT: {"using":"xpath","value":"//*[contains(@data-kt ,\"ContextMenuId3Link\")][contains(text(), \"Site Main Address\")]"}
COMMAND: POST /session/1d980a951abea0b22294b008109eaf7e/execute/sync - {"script":"<script> [8489 bytes]","args":[{"element-6066-11e4-a52e-4f735466cecf":"f.003B7F97663A213565201A76C4492A9B.d.1672955B7B0CECAD5CD9E69F53AADC4B.e.3526","ELEMENT":"f.003B7F97663A213565201A76C4492A9B.d.1672955B7B0CECAD5CD9E69F53AADC4B.e.3526"}]}
COMMAND: POST /session/1d980a951abea0b22294b008109eaf7e/element/f.003B7F97663A213565201A76C4492A9B.d.1672955B7B0CECAD5CD9E69F53AADC4B.e.3524/click - {}
RESULT: {"using":"xpath","value":"//span[contains(text(), \"WebdriverYardjjtihg\")][contains(@id ,\"application-addressmanagement-display-component---detailAdm--addressDetailDetailsName1\")]"}
RESULT: {}
RESULT: {}
COMMAND: GET /session/1d980a951abea0b22294b008109eaf7e/screenshot - {}
COMMAND: POST /session/1d980a951abea0b22294b008109eaf7e/element - {"using":"xpath","value":"//span[contains(text(), \"WebdriverYardjjtihg\")][contains(@id ,\"application-addressmanagement-display-component---detailAdm--addressDetailDetailsName1\")]"}
COMMAND: POST /session/1d980a951abea0b22294b008109eaf7e/element - {"using":"xpath","value":"//*[contains(@data-kt ,\"ContextMenuId3Link\")][contains(text(), \"Site Main Address\")]"}
RESULT: {}
RESULT: {"using":"xpath","value":"//span[contains(text(), \"WebdriverYardjjtihg\")][contains(@id ,\"application-addressmanagement-display-component---detailAdm--addressDetailDetailsName1\")]"}
RESULT: {"using":"xpath","value":"//*[contains(@data-kt ,\"ContextMenuId3Link\")][contains(text(), \"Site Main Address\")]"}
COMMAND: POST /session/1d980a951abea0b22294b008109eaf7e/element - {"using":"xpath","value":"//*[contains(@data-kt ,\"ContextMenuId3Link\")][contains(text(), \"Site Main Address\")]"}
RESULT: {"using":"xpath","value":"//*[contains(@data-kt ,\"ContextMenuId3Link\")][contains(text(), \"Site Main Address\")]"}
COMMAND: POST /session/1d980a951abea0b22294b008109eaf7e/element - {"using":"xpath","value":"//span[contains(text(), \"WebdriverYardjjtihg\")][contains(@id ,\"application-addressmanagement-display-component---detailAdm--addressDetailDetailsName1\")]"}
COMMAND: POST /session/1d980a951abea0b22294b008109eaf7e/element - {"using":"xpath","value":"//*[contains(@data-kt ,\"ContextMenuId3Link\")][contains(text(), \"Site Main Address\")]"}
RESULT: {"using":"xpath","value":"//span[contains(text(), \"WebdriverYardjjtihg\")][contains(@id ,\"application-addressmanagement-display-component---detailAdm--addressDetailDetailsName1\")]"}
RESULT: {"using":"xpath","value":"//*[contains(@data-kt ,\"ContextMenuId3Link\")][contains(text(), \"Site Main Address\")]"}
COMMAND: POST /session/1d980a951abea0b22294b008109eaf7e/element - {"using":"xpath","value":"//span[contains(text(), \"WebdriverYardjjtihg\")][contains(@id ,\"application-addressmanagement-display-component---detailAdm--addressDetailDetailsName1\")]"}
COMMAND: POST /session/1d980a951abea0b22294b008109eaf7e/element - {"using":"xpath","value":"//*[contains(@data-kt ,\"ContextMenuId3Link\")][contains(text(), \"Site Main Address\")]"}
RESULT: {"using":"xpath","value":"//span[contains(text(), \"WebdriverYardjjtihg\")][contains(@id ,\"application-addressmanagement-display-component---detailAdm--addressDetailDetailsName1\")]"}
RESULT: {"using":"xpath","value":"//*[contains(@data-kt ,\"ContextMenuId3Link\")][contains(text(), \"Site Main Address\")]"}
COMMAND: POST /session/1d980a951abea0b22294b008109eaf7e/element - {"using":"xpath","value":"//span[contains(text(), \"WebdriverYardjjtihg\")][contains(@id ,\"application-addressmanagement-display-component---detailAdm--addressDetailDetailsName1\")]"}
RESULT: {"using":"xpath","value":"//span[contains(text(), \"WebdriverYardjjtihg\")][contains(@id ,\"application-addressmanagement-display-component---detailAdm--addressDetailDetailsName1\")]"}
COMMAND: POST /session/1d980a951abea0b22294b008109eaf7e/element - {"using":"xpath","value":"//*[contains(@data-kt ,\"ContextMenuId3Link\")][contains(text(), \"Site Main Address\")]"}
RESULT: {"using":"xpath","value":"//*[contains(@data-kt ,\"ContextMenuId3Link\")][contains(text(), \"Site Main Address\")]"}
COMMAND: POST /session/1d980a951abea0b22294b008109eaf7e/execute/async - {"script":"<script> [1562 bytes]","args":[{"selector":{"controlType":"sap.m.Title","viewName":"etm.portal.ui.managesites.view.Master","viewId":"application-managesites-display-component---masterSite","i18NText":{"propertyName":"text","key":"sites"}},"wdio_ui5_key":"etmportal.ui.managesites.view.Mastersap.m.Title{\"propertyName\":\"text\",\"key\":\"sites\"}"}]}
COMMAND: POST /session/1d980a951abea0b22294b008109eaf7e/element - {"using":"xpath","value":"//span[contains(text(), \"WebdriverYardjjtihg\")][contains(@id ,\"application-addressmanagement-display-component---detailAdm--addressDetailDetailsName1\")]"}
COMMAND: POST /session/1d980a951abea0b22294b008109eaf7e/element - {"using":"xpath","value":"//*[contains(@data-kt ,\"ContextMenuId3Link\")][contains(text(), \"Site Main Address\")]"}
RESULT: {"script":"<script> [1562 bytes]","args":[{"selector":{"controlType":"sap.m.Title","viewName":"etm.portal.ui.managesites.view.Master","viewId":"application-managesites-display-component---masterSite","i18NText":{"propertyName":"text","key":"sites"}},"wdio_ui5_key":"etmportal.ui.managesites.view.Mastersap.m.Title{\"propertyName\":\"text\",\"key\":\"sites\"}"}]}
RESULT: undefined
COMMAND: POST /session/1d980a951abea0b22294b008109eaf7e/execute/async - {"script":"<script> [6424 bytes]","args":[{"element-6066-11e4-a52e-4f735466cecf":"f.003B7F97663A213565201A76C4492A9B.d.1672955B7B0CECAD5CD9E69F53AADC4B.e.3680"},"getText",[]]}
RESULT: {"using":"xpath","value":"//span[contains(text(), \"WebdriverYardjjtihg\")][contains(@id ,\"application-addressmanagement-display-component---detailAdm--addressDetailDetailsName1\")]"}
RESULT: {"using":"xpath","value":"//*[contains(@data-kt ,\"ContextMenuId3Link\")][contains(text(), \"Site Main Address\")]"}
COMMAND: POST /session/1d980a951abea0b22294b008109eaf7e/element - {"using":"xpath","value":"//span[contains(text(), \"WebdriverYardjjtihg\")][contains(@id ,\"application-addressmanagement-display-component---detailAdm--addressDetailDetailsName1\")]"}
RESULT: {"script":"<script> [6424 bytes]","args":[{"element-6066-11e4-a52e-4f735466cecf":"f.003B7F97663A213565201A76C4492A9B.d.1672955B7B0CECAD5CD9E69F53AADC4B.e.3680"},"getText",[]]}
COMMAND: POST /session/1d980a951abea0b22294b008109eaf7e/execute/async - {"script":"<script> [1562 bytes]","args":[{"selector":{"id":"application-managesites-display-component---detailSite--addressDetailDetailsName1"},"wdio_ui5_key":"applicationmanagesites-display-component---detailSite--addressDetailDetailsName1"}]}
RESULT: {"using":"xpath","value":"//span[contains(text(), \"WebdriverYardjjtihg\")][contains(@id ,\"application-addressmanagement-display-component---detailAdm--addressDetailDetailsName1\")]"}
COMMAND: POST /session/1d980a951abea0b22294b008109eaf7e/element - {"using":"xpath","value":"//*[contains(@data-kt ,\"ContextMenuId3Link\")][contains(text(), \"Site Main Address\")]"}
RESULT: {"script":"<script> [1562 bytes]","args":[{"selector":{"id":"application-managesites-display-component---detailSite--addressDetailDetailsName1"},"wdio_ui5_key":"applicationmanagesites-display-component---detailSite--addressDetailDetailsName1"}]}
RESULT: undefined
COMMAND: POST /session/1d980a951abea0b22294b008109eaf7e/execute/async - {"script":"<script> [6424 bytes]","args":[{"element-6066-11e4-a52e-4f735466cecf":"f.003B7F97663A213565201A76C4492A9B.d.1672955B7B0CECAD5CD9E69F53AADC4B.e.3590"},"getValue",[]]}
RESULT: {"using":"xpath","value":"//*[contains(@data-kt ,\"ContextMenuId3Link\")][contains(text(), \"Site Main Address\")]"}
COMMAND: POST /session/1d980a951abea0b22294b008109eaf7e/element - {"using":"xpath","value":"//span[contains(text(), \"WebdriverYardjjtihg\")][contains(@id ,\"application-addressmanagement-display-component---detailAdm--addressDetailDetailsName1\")]"}
RESULT: {"script":"<script> [6424 bytes]","args":[{"element-6066-11e4-a52e-4f735466cecf":"f.003B7F97663A213565201A76C4492A9B.d.1672955B7B0CECAD5CD9E69F53AADC4B.e.3590"},"getValue",[]]}
RESULT: undefined
COMMAND: POST /session/1d980a951abea0b22294b008109eaf7e/element - {"using":"xpath","value":"//*[@id=\"backBtn\"]"}
RESULT: {"using":"xpath","value":"//span[contains(text(), \"WebdriverYardjjtihg\")][contains(@id ,\"application-addressmanagement-display-component---detailAdm--addressDetailDetailsName1\")]"}
COMMAND: POST /session/1d980a951abea0b22294b008109eaf7e/element - {"using":"xpath","value":"//*[contains(@data-kt ,\"ContextMenuId3Link\")][contains(text(), \"Site Main Address\")]"}
RESULT: {"using":"xpath","value":"//*[@id=\"backBtn\"]"}
COMMAND: POST /session/1d980a951abea0b22294b008109eaf7e/element/f.003B7F97663A213565201A76C4492A9B.d.1672955B7B0CECAD5CD9E69F53AADC4B.e.2801/click - {}
RESULT: {"using":"xpath","value":"//*[contains(@data-kt ,\"ContextMenuId3Link\")][contains(text(), \"Site Main Address\")]"}
COMMAND: POST /session/1d980a951abea0b22294b008109eaf7e/element - {"using":"xpath","value":"//span[contains(text(), \"WebdriverYardjjtihg\")][contains(@id ,\"application-addressmanagement-display-component---detailAdm--addressDetailDetailsName1\")]"}
COMMAND: POST /session/1d980a951abea0b22294b008109eaf7e/element - {"using":"xpath","value":"//*[contains(@data-kt ,\"ContextMenuId3Link\")][contains(text(), \"Site Main Address\")]"}
RESULT: {}
COMMAND: GET /session/1d980a951abea0b22294b008109eaf7e/screenshot - {}
RESULT: {"using":"xpath","value":"//span[contains(text(), \"WebdriverYardjjtihg\")][contains(@id ,\"application-addressmanagement-display-component---detailAdm--addressDetailDetailsName1\")]"}
RESULT: {"using":"xpath","value":"//*[contains(@data-kt ,\"ContextMenuId3Link\")][contains(text(), \"Site Main Address\")]"}
RESULT: {}
COMMAND: POST /session/1d980a951abea0b22294b008109eaf7e/element - {"using":"xpath","value":"//span[contains(text(), \"WebdriverYardjjtihg\")][contains(@id ,\"application-addressmanagement-display-component---detailAdm--addressDetailDetailsName1\")]"}
RESULT: {"using":"xpath","value":"//span[contains(text(), \"WebdriverYardjjtihg\")][contains(@id ,\"application-addressmanagement-display-component---detailAdm--addressDetailDetailsName1\")]"}
COMMAND: POST /session/1d980a951abea0b22294b008109eaf7e/element - {"using":"xpath","value":"//*[contains(@data-kt ,\"ContextMenuId3Link\")][contains(text(), \"Site Main Address\")]"}
RESULT: {"using":"xpath","value":"//*[contains(@data-kt ,\"ContextMenuId3Link\")][contains(text(), \"Site Main Address\")]"}
COMMAND: POST /session/1d980a951abea0b22294b008109eaf7e/element - {"using":"xpath","value":"//span[contains(text(), \"WebdriverYardjjtihg\")][contains(@id ,\"application-addressmanagement-display-component---detailAdm--addressDetailDetailsName1\")]"}
RESULT: {"using":"xpath","value":"//span[contains(text(), \"WebdriverYardjjtihg\")][contains(@id ,\"application-addressmanagement-display-component---detailAdm--addressDetailDetailsName1\")]"}
COMMAND: POST /session/1d980a951abea0b22294b008109eaf7e/element - {"using":"xpath","value":"//*[contains(@data-kt ,\"ContextMenuId3Link\")][contains(text(), \"Site Main Address\")]"}
RESULT: {"using":"xpath","value":"//*[contains(@data-kt ,\"ContextMenuId3Link\")][contains(text(), \"Site Main Address\")]"}
COMMAND: POST /session/1d980a951abea0b22294b008109eaf7e/element - {"using":"xpath","value":"//span[contains(text(), \"WebdriverYardjjtihg\")][contains(@id ,\"application-addressmanagement-display-component---detailAdm--addressDetailDetailsName1\")]"}
RESULT: {"using":"xpath","value":"//span[contains(text(), \"WebdriverYardjjtihg\")][contains(@id ,\"application-addressmanagement-display-component---detailAdm--addressDetailDetailsName1\")]"}
COMMAND: POST /session/1d980a951abea0b22294b008109eaf7e/element - {"using":"xpath","value":"//*[contains(@data-kt ,\"ContextMenuId3Link\")][contains(text(), \"Site Main Address\")]"}
RESULT: {"using":"xpath","value":"//*[contains(@data-kt ,\"ContextMenuId3Link\")][contains(text(), \"Site Main Address\")]"}
COMMAND: POST /session/1d980a951abea0b22294b008109eaf7e/element - {"using":"xpath","value":"//span[contains(text(), \"WebdriverYardjjtihg\")][contains(@id ,\"application-addressmanagement-display-component---detailAdm--addressDetailDetailsName1\")]"}
RESULT: {"using":"xpath","value":"//span[contains(text(), \"WebdriverYardjjtihg\")][contains(@id ,\"application-addressmanagement-display-component---detailAdm--addressDetailDetailsName1\")]"}
COMMAND: POST /session/1d980a951abea0b22294b008109eaf7e/element - {"using":"xpath","value":"//*[contains(@data-kt ,\"ContextMenuId3Link\")][contains(text(), \"Site Main Address\")]"}
RESULT: {"using":"xpath","value":"//*[contains(@data-kt ,\"ContextMenuId3Link\")][contains(text(), \"Site Main Address\")]"}
COMMAND: POST /session/1d980a951abea0b22294b008109eaf7e/element - {"using":"xpath","value":"//span[contains(text(), \"WebdriverYardjjtihg\")][contains(@id ,\"application-addressmanagement-display-component---detailAdm--addressDetailDetailsName1\")]"}
COMMAND: POST /session/1d980a951abea0b22294b008109eaf7e/element - {"using":"xpath","value":"//*[contains(@data-kt ,\"ContextMenuId3Link\")][contains(text(), \"Site Main Address\")]"}
RESULT: {"using":"xpath","value":"//span[contains(text(), \"WebdriverYardjjtihg\")][contains(@id ,\"application-addressmanagement-display-component---detailAdm--addressDetailDetailsName1\")]"}
RESULT: {"using":"xpath","value":"//*[contains(@data-kt ,\"ContextMenuId3Link\")][contains(text(), \"Site Main Address\")]"}
COMMAND: POST /session/1d980a951abea0b22294b008109eaf7e/element - {"using":"xpath","value":"//span[contains(text(), \"WebdriverYardjjtihg\")][contains(@id ,\"application-addressmanagement-display-component---detailAdm--addressDetailDetailsName1\")]"}
RESULT: {"using":"xpath","value":"//span[contains(text(), \"WebdriverYardjjtihg\")][contains(@id ,\"application-addressmanagement-display-component---detailAdm--addressDetailDetailsName1\")]"}
COMMAND: POST /session/1d980a951abea0b22294b008109eaf7e/element - {"using":"xpath","value":"//*[contains(@data-kt ,\"ContextMenuId3Link\")][contains(text(), \"Site Main Address\")]"}
RESULT: {"using":"xpath","value":"//*[contains(@data-kt ,\"ContextMenuId3Link\")][contains(text(), \"Site Main Address\")]"}
COMMAND: POST /session/1d980a951abea0b22294b008109eaf7e/execute/sync - {"script":"<script> [8489 bytes]","args":[{"element-6066-11e4-a52e-4f735466cecf":"f.003B7F97663A213565201A76C4492A9B.d.1672955B7B0CECAD5CD9E69F53AADC4B.e.3522","ELEMENT":"f.003B7F97663A213565201A76C4492A9B.d.1672955B7B0CECAD5CD9E69F53AADC4B.e.3522"}]}
COMMAND: POST /session/1d980a951abea0b22294b008109eaf7e/element - {"using":"xpath","value":"//*[contains(@data-kt ,\"webshopDetailSiteLink\")]"}
RESULT: {"using":"xpath","value":"//*[contains(@data-kt ,\"webshopDetailSiteLink\")]"}
COMMAND: POST /session/1d980a951abea0b22294b008109eaf7e/execute/sync - {"script":"<script> [8489 bytes]","args":[{"element-6066-11e4-a52e-4f735466cecf":"f.003B7F97663A213565201A76C4492A9B.d.1672955B7B0CECAD5CD9E69F53AADC4B.e.3816","ELEMENT":"f.003B7F97663A213565201A76C4492A9B.d.1672955B7B0CECAD5CD9E69F53AADC4B.e.3816"}]}
RESULT: {"script":"<script> [8489 bytes]","args":[{"element-6066-11e4-a52e-4f735466cecf":"f.003B7F97663A213565201A76C4492A9B.d.1672955B7B0CECAD5CD9E69F53AADC4B.e.3816","ELEMENT":"f.003B7F97663A213565201A76C4492A9B.d.1672955B7B0CECAD5CD9E69F53AADC4B.e.3816"}]}
COMMAND: POST /session/1d980a951abea0b22294b008109eaf7e/execute/sync - {"script":"<script> [5351 bytes]","args":[{"element-6066-11e4-a52e-4f735466cecf":"f.003B7F97663A213565201A76C4492A9B.d.1672955B7B0CECAD5CD9E69F53AADC4B.e.3816","ELEMENT":"f.003B7F97663A213565201A76C4492A9B.d.1672955B7B0CECAD5CD9E69F53AADC4B.e.3816"}]}
COMMAND: GET /session/1d980a951abea0b22294b008109eaf7e/screenshot - {}
COMMAND: POST /session/1d980a951abea0b22294b008109eaf7e/element - {"using":"xpath","value":"//span[contains(text(), \"WebdriverYardjjtihg\")][contains(@id ,\"application-addressmanagement-display-component---detailAdm--addressDetailDetailsName1\")]"}
RESULT: {"script":"<script> [5351 bytes]","args":[{"element-6066-11e4-a52e-4f735466cecf":"f.003B7F97663A213565201A76C4492A9B.d.1672955B7B0CECAD5CD9E69F53AADC4B.e.3816","ELEMENT":"f.003B7F97663A213565201A76C4492A9B.d.1672955B7B0CECAD5CD9E69F53AADC4B.e.3816"}]}
COMMAND: POST /session/1d980a951abea0b22294b008109eaf7e/element - {"using":"xpath","value":"//*[contains(@data-kt ,\"webshopDetailSiteLink\")]"}
COMMAND: GET /session/1d980a951abea0b22294b008109eaf7e/screenshot - {}
COMMAND: POST /session/1d980a951abea0b22294b008109eaf7e/element - {"using":"xpath","value":"//*[contains(@data-kt ,\"ContextMenuId3Link\")][contains(text(), \"Site Main Address\")]"}
RESULT: {}
RESULT: {"using":"xpath","value":"//span[contains(text(), \"WebdriverYardjjtihg\")][contains(@id ,\"application-addressmanagement-display-component---detailAdm--addressDetailDetailsName1\")]"}
RESULT: {"using":"xpath","value":"//*[contains(@data-kt ,\"webshopDetailSiteLink\")]"}
COMMAND: POST /session/1d980a951abea0b22294b008109eaf7e/element/f.003B7F97663A213565201A76C4492A9B.d.1672955B7B0CECAD5CD9E69F53AADC4B.e.3816/click - {}
RESULT: {}
RESULT: {"using":"xpath","value":"//*[contains(@data-kt ,\"ContextMenuId3Link\")][contains(text(), \"Site Main Address\")]"}
RESULT: {}
COMMAND: GET /session/1d980a951abea0b22294b008109eaf7e/screenshot - {}
COMMAND: POST /session/1d980a951abea0b22294b008109eaf7e/element - {"using":"xpath","value":"//span[contains(text(), \"WebdriverYardjjtihg\")][contains(@id ,\"application-addressmanagement-display-component---detailAdm--addressDetailDetailsName1\")]"}
RESULT: {}
RESULT: {"using":"xpath","value":"//span[contains(text(), \"WebdriverYardjjtihg\")][contains(@id ,\"application-addressmanagement-display-component---detailAdm--addressDetailDetailsName1\")]"}
COMMAND: POST /session/1d980a951abea0b22294b008109eaf7e/element - {"using":"xpath","value":"//*[contains(@data-kt ,\"ContextMenuId3Link\")][contains(text(), \"Site Main Address\")]"}
RESULT: {"using":"xpath","value":"//*[contains(@data-kt ,\"ContextMenuId3Link\")][contains(text(), \"Site Main Address\")]"}
COMMAND: POST /session/1d980a951abea0b22294b008109eaf7e/execute/sync - {"script":"<script> [8489 bytes]","args":[{"element-6066-11e4-a52e-4f735466cecf":"f.003B7F97663A213565201A76C4492A9B.d.1672955B7B0CECAD5CD9E69F53AADC4B.e.3818","ELEMENT":"f.003B7F97663A213565201A76C4492A9B.d.1672955B7B0CECAD5CD9E69F53AADC4B.e.3818"}]}
RESULT: {"script":"<script> [8489 bytes]","args":[{"element-6066-11e4-a52e-4f735466cecf":"f.003B7F97663A213565201A76C4492A9B.d.1672955B7B0CECAD5CD9E69F53AADC4B.e.3818","ELEMENT":"f.003B7F97663A213565201A76C4492A9B.d.1672955B7B0CECAD5CD9E69F53AADC4B.e.3818"}]}
COMMAND: GET /session/1d980a951abea0b22294b008109eaf7e/screenshot - {}
RESULT: {}
COMMAND: POST /session/1d980a951abea0b22294b008109eaf7e/element - {"using":"xpath","value":"//span[contains(text(), \"WebdriverYardjjtihg\")][contains(@id ,\"application-addressmanagement-display-component---detailAdm--addressDetailDetailsName1\")]"}
RESULT: {"using":"xpath","value":"//span[contains(text(), \"WebdriverYardjjtihg\")][contains(@id ,\"application-addressmanagement-display-component---detailAdm--addressDetailDetailsName1\")]"}
COMMAND: POST /session/1d980a951abea0b22294b008109eaf7e/element - {"using":"xpath","value":"//span[contains(text(), \"WebdriverYardjjtihg\")][contains(@id ,\"application-addressmanagement-display-component---detailAdm--addressDetailDetailsName1\")]"}
RESULT: {"using":"xpath","value":"//span[contains(text(), \"WebdriverYardjjtihg\")][contains(@id ,\"application-addressmanagement-display-component---detailAdm--addressDetailDetailsName1\")]"}
COMMAND: POST /session/1d980a951abea0b22294b008109eaf7e/element - {"using":"xpath","value":"//span[contains(text(), \"WebdriverYardjjtihg\")][contains(@id ,\"application-addressmanagement-display-component---detailAdm--addressDetailDetailsName1\")]"}
RESULT: {"using":"xpath","value":"//span[contains(text(), \"WebdriverYardjjtihg\")][contains(@id ,\"application-addressmanagement-display-component---detailAdm--addressDetailDetailsName1\")]"}
COMMAND: POST /session/1d980a951abea0b22294b008109eaf7e/element/f.003B7F97663A213565201A76C4492A9B.d.1672955B7B0CECAD5CD9E69F53AADC4B.e.3525/click - {}
COMMAND: POST /session/1d980a951abea0b22294b008109eaf7e/element - {"using":"xpath","value":"//*[contains(@data-kt ,\"ContextMenuId2Link\")][contains(text(), \"Site Overview\")]"}
RESULT: {"using":"xpath","value":"//*[contains(@data-kt ,\"ContextMenuId2Link\")][contains(text(), \"Site Overview\")]"}
COMMAND: POST /session/1d980a951abea0b22294b008109eaf7e/element/f.003B7F97663A213565201A76C4492A9B.d.1672955B7B0CECAD5CD9E69F53AADC4B.e.3525/click - {}
COMMAND: POST /session/1d980a951abea0b22294b008109eaf7e/element - {"using":"xpath","value":"//*[contains(@data-kt ,\"ContextMenuId2Link\")][contains(text(), \"Site Overview\")]"}
RESULT: {"using":"xpath","value":"//*[contains(@data-kt ,\"ContextMenuId2Link\")][contains(text(), \"Site Overview\")]"}
COMMAND: POST /session/1d980a951abea0b22294b008109eaf7e/element/f.003B7F97663A213565201A76C4492A9B.d.1672955B7B0CECAD5CD9E69F53AADC4B.e.3819/click - {}
RESULT: {}
COMMAND: GET /session/1d980a951abea0b22294b008109eaf7e/screenshot - {}
COMMAND: POST /session/1d980a951abea0b22294b008109eaf7e/element - {"using":"xpath","value":"//span[contains(text(), \"WebdriverYardjjtihg\")][contains(@id ,\"application-addressmanagement-display-component---detailAdm--addressDetailDetailsName1\")]"}
RESULT: {}
RESULT: {"using":"xpath","value":"//span[contains(text(), \"WebdriverYardjjtihg\")][contains(@id ,\"application-addressmanagement-display-component---detailAdm--addressDetailDetailsName1\")]"}
COMMAND: POST /session/1d980a951abea0b22294b008109eaf7e/element - {"using":"xpath","value":"//span[contains(text(), \"WebdriverYardjjtihg\")][contains(@id ,\"application-addressmanagement-display-component---detailAdm--addressDetailDetailsName1\")]"}
RESULT: {"using":"xpath","value":"//span[contains(text(), \"WebdriverYardjjtihg\")][contains(@id ,\"application-addressmanagement-display-component---detailAdm--addressDetailDetailsName1\")]"}
COMMAND: POST /session/1d980a951abea0b22294b008109eaf7e/element - {"using":"xpath","value":"//span[contains(text(), \"WebdriverYardjjtihg\")][contains(@id ,\"application-addressmanagement-display-component---detailAdm--addressDetailDetailsName1\")]"}
RESULT: {"using":"xpath","value":"//span[contains(text(), \"WebdriverYardjjtihg\")][contains(@id ,\"application-addressmanagement-display-component---detailAdm--addressDetailDetailsName1\")]"}
COMMAND: POST /session/1d980a951abea0b22294b008109eaf7e/element - {"using":"xpath","value":"//span[contains(text(), \"WebdriverYardjjtihg\")][contains(@id ,\"application-addressmanagement-display-component---detailAdm--addressDetailDetailsName1\")]"}
RESULT: {"using":"xpath","value":"//span[contains(text(), \"WebdriverYardjjtihg\")][contains(@id ,\"application-addressmanagement-display-component---detailAdm--addressDetailDetailsName1\")]"}
RESULT: undefined
COMMAND: POST /session/1d980a951abea0b22294b008109eaf7e/execute/async - {"script":"<script> [6424 bytes]","args":[{"element-6066-11e4-a52e-4f735466cecf":"f.003B7F97663A213565201A76C4492A9B.d.1672955B7B0CECAD5CD9E69F53AADC4B.e.2799"},"getTitle",[]]}
COMMAND: POST /session/1d980a951abea0b22294b008109eaf7e/execute/async - {"script":"<script> [1562 bytes]","args":[{"selector":{"id":"shellAppTitle"},"wdio_ui5_key":"shellAppTitle"}]}
RESULT: {"script":"<script> [1562 bytes]","args":[{"selector":{"id":"shellAppTitle"},"wdio_ui5_key":"shellAppTitle"}]}
COMMAND: POST /session/1d980a951abea0b22294b008109eaf7e/execute/async - {"script":"<script> [6424 bytes]","args":[{"element-6066-11e4-a52e-4f735466cecf":"f.003B7F97663A213565201A76C4492A9B.d.1672955B7B0CECAD5CD9E69F53AADC4B.e.3846"},"getTitle",[]]}
RESULT: {"script":"<script> [6424 bytes]","args":[{"element-6066-11e4-a52e-4f735466cecf":"f.003B7F97663A213565201A76C4492A9B.d.1672955B7B0CECAD5CD9E69F53AADC4B.e.3846"},"getTitle",[]]}
COMMAND: POST /session/1d980a951abea0b22294b008109eaf7e/element - {"using":"xpath","value":"(//span[contains(text(), \"WebdriverSiteo8ght\")])[2]"}
RESULT: {"using":"xpath","value":"(//span[contains(text(), \"WebdriverSiteo8ght\")])[2]"}
COMMAND: POST /session/1d980a951abea0b22294b008109eaf7e/execute/sync - {"script":"<script> [8489 bytes]","args":[{"element-6066-11e4-a52e-4f735466cecf":"f.003B7F97663A213565201A76C4492A9B.d.1672955B7B0CECAD5CD9E69F53AADC4B.e.3847","ELEMENT":"f.003B7F97663A213565201A76C4492A9B.d.1672955B7B0CECAD5CD9E69F53AADC4B.e.3847"}]}
RESULT: undefined
COMMAND: POST /session/1d980a951abea0b22294b008109eaf7e/element - {"using":"xpath","value":"//*[@id=\"backBtn\"]"}
RESULT: {"using":"xpath","value":"//*[@id=\"backBtn\"]"}
COMMAND: POST /session/1d980a951abea0b22294b008109eaf7e/element/f.003B7F97663A213565201A76C4492A9B.d.1672955B7B0CECAD5CD9E69F53AADC4B.e.2801/click - {}
RESULT: {"script":"<script> [8489 bytes]","args":[{"element-6066-11e4-a52e-4f735466cecf":"f.003B7F97663A213565201A76C4492A9B.d.1672955B7B0CECAD5CD9E69F53AADC4B.e.3847","ELEMENT":"f.003B7F97663A213565201A76C4492A9B.d.1672955B7B0CECAD5CD9E69F53AADC4B.e.3847"}]}
COMMAND: GET /session/1d980a951abea0b22294b008109eaf7e/screenshot - {}
RESULT: {}
COMMAND: GET /session/1d980a951abea0b22294b008109eaf7e/screenshot - {}
RESULT: {}
RESULT: {}
COMMAND: POST /session/1d980a951abea0b22294b008109eaf7e/execute/sync - {"script":"<script> [8489 bytes]","args":[{"element-6066-11e4-a52e-4f735466cecf":"f.003B7F97663A213565201A76C4492A9B.d.1672955B7B0CECAD5CD9E69F53AADC4B.e.3816","ELEMENT":"f.003B7F97663A213565201A76C4492A9B.d.1672955B7B0CECAD5CD9E69F53AADC4B.e.3816"}]}
COMMAND: POST /session/1d980a951abea0b22294b008109eaf7e/element - {"using":"xpath","value":"//*[contains(@data-kt ,\"webshopDetailSiteLink\")]"}
RESULT: {"using":"xpath","value":"//*[contains(@data-kt ,\"webshopDetailSiteLink\")]"}
COMMAND: POST /session/1d980a951abea0b22294b008109eaf7e/execute/sync - {"script":"<script> [8489 bytes]","args":[{"element-6066-11e4-a52e-4f735466cecf":"f.003B7F97663A213565201A76C4492A9B.d.1672955B7B0CECAD5CD9E69F53AADC4B.e.3986","ELEMENT":"f.003B7F97663A213565201A76C4492A9B.d.1672955B7B0CECAD5CD9E69F53AADC4B.e.3986"}]}
RESULT: {"script":"<script> [8489 bytes]","args":[{"element-6066-11e4-a52e-4f735466cecf":"f.003B7F97663A213565201A76C4492A9B.d.1672955B7B0CECAD5CD9E69F53AADC4B.e.3986","ELEMENT":"f.003B7F97663A213565201A76C4492A9B.d.1672955B7B0CECAD5CD9E69F53AADC4B.e.3986"}]}
COMMAND: POST /session/1d980a951abea0b22294b008109eaf7e/execute/sync - {"script":"<script> [5351 bytes]","args":[{"element-6066-11e4-a52e-4f735466cecf":"f.003B7F97663A213565201A76C4492A9B.d.1672955B7B0CECAD5CD9E69F53AADC4B.e.3986","ELEMENT":"f.003B7F97663A213565201A76C4492A9B.d.1672955B7B0CECAD5CD9E69F53AADC4B.e.3986"}]}
COMMAND: GET /session/1d980a951abea0b22294b008109eaf7e/screenshot - {}
RESULT: {"script":"<script> [5351 bytes]","args":[{"element-6066-11e4-a52e-4f735466cecf":"f.003B7F97663A213565201A76C4492A9B.d.1672955B7B0CECAD5CD9E69F53AADC4B.e.3986","ELEMENT":"f.003B7F97663A213565201A76C4492A9B.d.1672955B7B0CECAD5CD9E69F53AADC4B.e.3986"}]}
COMMAND: POST /session/1d980a951abea0b22294b008109eaf7e/element - {"using":"xpath","value":"//*[contains(@data-kt ,\"webshopDetailSiteLink\")]"}
COMMAND: GET /session/1d980a951abea0b22294b008109eaf7e/screenshot - {}
RESULT: {}
RESULT: {"using":"xpath","value":"//*[contains(@data-kt ,\"webshopDetailSiteLink\")]"}
COMMAND: POST /session/1d980a951abea0b22294b008109eaf7e/element/f.003B7F97663A213565201A76C4492A9B.d.1672955B7B0CECAD5CD9E69F53AADC4B.e.3986/click - {}
RESULT: {}
RESULT: {}
COMMAND: GET /session/1d980a951abea0b22294b008109eaf7e/screenshot - {}
RESULT: {}
COMMAND: POST /session/1d980a951abea0b22294b008109eaf7e/element/f.003B7F97663A213565201A76C4492A9B.d.1672955B7B0CECAD5CD9E69F53AADC4B.e.3818/click - {}
COMMAND: POST /session/1d980a951abea0b22294b008109eaf7e/element - {"using":"xpath","value":"//*[contains(@data-kt ,\"ContextMenuId3Link\")][contains(text(), \"Site Main Address\")]"}
RESULT: {"using":"xpath","value":"//*[contains(@data-kt ,\"ContextMenuId3Link\")][contains(text(), \"Site Main Address\")]"}
COMMAND: POST /session/1d980a951abea0b22294b008109eaf7e/element/f.003B7F97663A213565201A76C4492A9B.d.1672955B7B0CECAD5CD9E69F53AADC4B.e.3818/click - {}
COMMAND: POST /session/1d980a951abea0b22294b008109eaf7e/element - {"using":"xpath","value":"//*[contains(@data-kt ,\"ContextMenuId3Link\")][contains(text(), \"Site Main Address\")]"}
RESULT: {"using":"xpath","value":"//*[contains(@data-kt ,\"ContextMenuId3Link\")][contains(text(), \"Site Main Address\")]"}
COMMAND: POST /session/1d980a951abea0b22294b008109eaf7e/element/f.003B7F97663A213565201A76C4492A9B.d.1672955B7B0CECAD5CD9E69F53AADC4B.e.3988/click - {}
RESULT: {}
COMMAND: GET /session/1d980a951abea0b22294b008109eaf7e/screenshot - {}
RESULT: {}
COMMAND: POST /session/1d980a951abea0b22294b008109eaf7e/element - {"using":"xpath","value":"//span[contains(@id ,\"application-addressmanagement-display-component---masterAdm--title1-inner\")]"}
RESULT: {"using":"xpath","value":"//span[contains(@id ,\"application-addressmanagement-display-component---masterAdm--title1-inner\")]"}
COMMAND: GET /session/1d980a951abea0b22294b008109eaf7e/element/f.003B7F97663A213565201A76C4492A9B.d.1672955B7B0CECAD5CD9E69F53AADC4B.e.4263/text - {}
RESULT: {}
COMMAND: POST /session/1d980a951abea0b22294b008109eaf7e/element - {"using":"xpath","value":"//span[contains(@id ,\"application-addressmanagement-display-component---detailAdm--addressDetailDetailsName1\")][contains(text(), \"WebdriverSiteo8ght\")]"}
RESULT: {"using":"xpath","value":"//span[contains(@id ,\"application-addressmanagement-display-component---detailAdm--addressDetailDetailsName1\")][contains(text(), \"WebdriverSiteo8ght\")]"}
COMMAND: POST /session/1d980a951abea0b22294b008109eaf7e/execute/sync - {"script":"<script> [8489 bytes]","args":[{"element-6066-11e4-a52e-4f735466cecf":"f.003B7F97663A213565201A76C4492A9B.d.1672955B7B0CECAD5CD9E69F53AADC4B.e.4264","ELEMENT":"f.003B7F97663A213565201A76C4492A9B.d.1672955B7B0CECAD5CD9E69F53AADC4B.e.4264"}]}
RESULT: undefined
COMMAND: POST /session/1d980a951abea0b22294b008109eaf7e/element - {"using":"xpath","value":"//*[@id=\"backBtn\"]"}
RESULT: {"script":"<script> [8489 bytes]","args":[{"element-6066-11e4-a52e-4f735466cecf":"f.003B7F97663A213565201A76C4492A9B.d.1672955B7B0CECAD5CD9E69F53AADC4B.e.4264","ELEMENT":"f.003B7F97663A213565201A76C4492A9B.d.1672955B7B0CECAD5CD9E69F53AADC4B.e.4264"}]}
COMMAND: GET /session/1d980a951abea0b22294b008109eaf7e/screenshot - {}
RESULT: {"using":"xpath","value":"//*[@id=\"backBtn\"]"}
COMMAND: POST /session/1d980a951abea0b22294b008109eaf7e/element/f.003B7F97663A213565201A76C4492A9B.d.1672955B7B0CECAD5CD9E69F53AADC4B.e.2801/click - {}
RESULT: {}
RESULT: {}
COMMAND: GET /session/1d980a951abea0b22294b008109eaf7e/screenshot - {}
RESULT: {}
COMMAND: POST /session/1d980a951abea0b22294b008109eaf7e/execute/sync - {"script":"<script> [8489 bytes]","args":[{"element-6066-11e4-a52e-4f735466cecf":"f.003B7F97663A213565201A76C4492A9B.d.1672955B7B0CECAD5CD9E69F53AADC4B.e.3986","ELEMENT":"f.003B7F97663A213565201A76C4492A9B.d.1672955B7B0CECAD5CD9E69F53AADC4B.e.3986"}]}
COMMAND: POST /session/1d980a951abea0b22294b008109eaf7e/element - {"using":"xpath","value":"//*[contains(@data-kt ,\"webshopDetailSiteLink\")]"}
RESULT: {"using":"xpath","value":"//*[contains(@data-kt ,\"webshopDetailSiteLink\")]"}
COMMAND: POST /session/1d980a951abea0b22294b008109eaf7e/execute/sync - {"script":"<script> [8489 bytes]","args":[{"element-6066-11e4-a52e-4f735466cecf":"f.003B7F97663A213565201A76C4492A9B.d.1672955B7B0CECAD5CD9E69F53AADC4B.e.4398","ELEMENT":"f.003B7F97663A213565201A76C4492A9B.d.1672955B7B0CECAD5CD9E69F53AADC4B.e.4398"}]}
RESULT: {"script":"<script> [8489 bytes]","args":[{"element-6066-11e4-a52e-4f735466cecf":"f.003B7F97663A213565201A76C4492A9B.d.1672955B7B0CECAD5CD9E69F53AADC4B.e.4398","ELEMENT":"f.003B7F97663A213565201A76C4492A9B.d.1672955B7B0CECAD5CD9E69F53AADC4B.e.4398"}]}
COMMAND: POST /session/1d980a951abea0b22294b008109eaf7e/execute/sync - {"script":"<script> [5351 bytes]","args":[{"element-6066-11e4-a52e-4f735466cecf":"f.003B7F97663A213565201A76C4492A9B.d.1672955B7B0CECAD5CD9E69F53AADC4B.e.4398","ELEMENT":"f.003B7F97663A213565201A76C4492A9B.d.1672955B7B0CECAD5CD9E69F53AADC4B.e.4398"}]}
COMMAND: GET /session/1d980a951abea0b22294b008109eaf7e/screenshot - {}
RESULT: {"script":"<script> [5351 bytes]","args":[{"element-6066-11e4-a52e-4f735466cecf":"f.003B7F97663A213565201A76C4492A9B.d.1672955B7B0CECAD5CD9E69F53AADC4B.e.4398","ELEMENT":"f.003B7F97663A213565201A76C4492A9B.d.1672955B7B0CECAD5CD9E69F53AADC4B.e.4398"}]}
COMMAND: POST /session/1d980a951abea0b22294b008109eaf7e/element - {"using":"xpath","value":"//*[contains(@data-kt ,\"webshopDetailSiteLink\")]"}
COMMAND: GET /session/1d980a951abea0b22294b008109eaf7e/screenshot - {}
RESULT: {}
RESULT: {"using":"xpath","value":"//*[contains(@data-kt ,\"webshopDetailSiteLink\")]"}
COMMAND: POST /session/1d980a951abea0b22294b008109eaf7e/element/f.003B7F97663A213565201A76C4492A9B.d.1672955B7B0CECAD5CD9E69F53AADC4B.e.4398/click - {}
RESULT: {}
RESULT: {}
COMMAND: GET /session/1d980a951abea0b22294b008109eaf7e/screenshot - {}
RESULT: {}
COMMAND: POST /session/1d980a951abea0b22294b008109eaf7e/element - {"using":"xpath","value":"//button[contains(@data-kt ,\"ContextMenuIdExternalLink\")]"}
RESULT: {"using":"xpath","value":"//button[contains(@data-kt ,\"ContextMenuIdExternalLink\")]"}
COMMAND: POST /session/1d980a951abea0b22294b008109eaf7e/element/f.003B7F97663A213565201A76C4492A9B.d.1672955B7B0CECAD5CD9E69F53AADC4B.e.4399/click - {}
RESULT: {}
COMMAND: GET /session/1d980a951abea0b22294b008109eaf7e/screenshot - {}
RESULT: {}
COMMAND: GET /session/1d980a951abea0b22294b008109eaf7e/window/handles - {}
RESULT: {}
COMMAND: POST /session/1d980a951abea0b22294b008109eaf7e/window - {"handle":"506B98BDEDD84F378A99BD03EDDF4D1D"}
RESULT: {"handle":"506B98BDEDD84F378A99BD03EDDF4D1D"}
COMMAND: GET /session/1d980a951abea0b22294b008109eaf7e/url - {}
RESULT: {}
COMMAND: DELETE /session/1d980a951abea0b22294b008109eaf7e/window - {}
COMMAND: GET /session/1d980a951abea0b22294b008109eaf7e/screenshot - {}
RESULT: {}
COMMAND: POST /session/1d980a951abea0b22294b008109eaf7e/window - {"handle":"003B7F97663A213565201A76C4492A9B"}
RESULT: {"handle":"003B7F97663A213565201A76C4492A9B"}
COMMAND: GET /session/1d980a951abea0b22294b008109eaf7e/url - {}
RESULT: {}
RESULT: {}
COMMAND: GET /session/1d980a951abea0b22294b008109eaf7e/screenshot - {}
RESULT: {}
COMMAND: POST /session/1d980a951abea0b22294b008109eaf7e/element - {"using":"xpath","value":"//button[contains(@data-kt ,\"ContextMenuExternalId2Link\")]"}
RESULT: {"using":"xpath","value":"//button[contains(@data-kt ,\"ContextMenuExternalId2Link\")]"}
COMMAND: POST /session/1d980a951abea0b22294b008109eaf7e/element/f.003B7F97663A213565201A76C4492A9B.d.1672955B7B0CECAD5CD9E69F53AADC4B.e.4602/click - {}
RESULT: {}
COMMAND: GET /session/1d980a951abea0b22294b008109eaf7e/screenshot - {}
RESULT: {}
COMMAND: GET /session/1d980a951abea0b22294b008109eaf7e/window/handles - {}
RESULT: {}
COMMAND: POST /session/1d980a951abea0b22294b008109eaf7e/window - {"handle":"0DBE3E8153F6B050DF49493D1B918F1D"}
RESULT: {"handle":"0DBE3E8153F6B050DF49493D1B918F1D"}
COMMAND: GET /session/1d980a951abea0b22294b008109eaf7e/url - {}
RESULT: {}
COMMAND: GET /session/1d980a951abea0b22294b008109eaf7e/screenshot - {}
RESULT: {}
COMMAND: POST /session/1d980a951abea0b22294b008109eaf7e/execute/sync - {"script":"<script> [8489 bytes]","args":[{"element-6066-11e4-a52e-4f735466cecf":"f.003B7F97663A213565201A76C4492A9B.d.1672955B7B0CECAD5CD9E69F53AADC4B.e.3847","ELEMENT":"f.003B7F97663A213565201A76C4492A9B.d.1672955B7B0CECAD5CD9E69F53AADC4B.e.3847"}]}
COMMAND: DELETE /session/1d980a951abea0b22294b008109eaf7e/window - {}
RESULT: {}
COMMAND: POST /session/1d980a951abea0b22294b008109eaf7e/window - {"handle":"003B7F97663A213565201A76C4492A9B"}
RESULT: {"handle":"003B7F97663A213565201A76C4492A9B"}
COMMAND: GET /session/1d980a951abea0b22294b008109eaf7e/url - {}
COMMAND: POST /session/1d980a951abea0b22294b008109eaf7e/element - {"using":"xpath","value":"(//span[contains(text(), \"WebdriverSiteo8ght\")])[2]"}
RESULT: {}
COMMAND: GET /session/1d980a951abea0b22294b008109eaf7e/screenshot - {}
RESULT: {"using":"xpath","value":"(//span[contains(text(), \"WebdriverSiteo8ght\")])[2]"}
COMMAND: POST /session/1d980a951abea0b22294b008109eaf7e/element - {"using":"xpath","value":"(//span[contains(text(), \"WebdriverSiteo8ght\")])[2]"}
RESULT: {}
RESULT: {"using":"xpath","value":"(//span[contains(text(), \"WebdriverSiteo8ght\")])[2]"}
COMMAND: POST /session/1d980a951abea0b22294b008109eaf7e/element - {"using":"xpath","value":"(//span[contains(text(), \"WebdriverSiteo8ght\")])[2]"}
RESULT: {"using":"xpath","value":"(//span[contains(text(), \"WebdriverSiteo8ght\")])[2]"}
COMMAND: POST /session/1d980a951abea0b22294b008109eaf7e/element - {"using":"xpath","value":"(//span[contains(text(), \"WebdriverSiteo8ght\")])[2]"}
RESULT: {"using":"xpath","value":"(//span[contains(text(), \"WebdriverSiteo8ght\")])[2]"}
COMMAND: POST /session/1d980a951abea0b22294b008109eaf7e/element - {"using":"xpath","value":"(//span[contains(text(), \"WebdriverSiteo8ght\")])[2]"}
RESULT: {"using":"xpath","value":"(//span[contains(text(), \"WebdriverSiteo8ght\")])[2]"}
COMMAND: POST /session/1d980a951abea0b22294b008109eaf7e/element - {"using":"xpath","value":"(//span[contains(text(), \"WebdriverSiteo8ght\")])[2]"}
RESULT: {"using":"xpath","value":"(//span[contains(text(), \"WebdriverSiteo8ght\")])[2]"}
COMMAND: POST /session/1d980a951abea0b22294b008109eaf7e/element - {"using":"xpath","value":"(//span[contains(text(), \"WebdriverSiteo8ght\")])[2]"}
RESULT: {"using":"xpath","value":"(//span[contains(text(), \"WebdriverSiteo8ght\")])[2]"}
COMMAND: POST /session/1d980a951abea0b22294b008109eaf7e/element - {"using":"xpath","value":"(//span[contains(text(), \"WebdriverSiteo8ght\")])[2]"}
RESULT: {"using":"xpath","value":"(//span[contains(text(), \"WebdriverSiteo8ght\")])[2]"}
COMMAND: POST /session/1d980a951abea0b22294b008109eaf7e/element - {"using":"xpath","value":"(//span[contains(text(), \"WebdriverSiteo8ght\")])[2]"}
COMMAND: POST /session/1d980a951abea0b22294b008109eaf7e/execute/sync - {"script":"<script> [8489 bytes]","args":[{"element-6066-11e4-a52e-4f735466cecf":"f.003B7F97663A213565201A76C4492A9B.d.1672955B7B0CECAD5CD9E69F53AADC4B.e.4398","ELEMENT":"f.003B7F97663A213565201A76C4492A9B.d.1672955B7B0CECAD5CD9E69F53AADC4B.e.4398"}]}
RESULT: {"using":"xpath","value":"(//span[contains(text(), \"WebdriverSiteo8ght\")])[2]"}
RESULT: {"script":"<script> [8489 bytes]","args":[{"element-6066-11e4-a52e-4f735466cecf":"f.003B7F97663A213565201A76C4492A9B.d.1672955B7B0CECAD5CD9E69F53AADC4B.e.4398","ELEMENT":"f.003B7F97663A213565201A76C4492A9B.d.1672955B7B0CECAD5CD9E69F53AADC4B.e.4398"}]}
COMMAND: POST /session/1d980a951abea0b22294b008109eaf7e/execute/sync - {"script":"<script> [5351 bytes]","args":[{"element-6066-11e4-a52e-4f735466cecf":"f.003B7F97663A213565201A76C4492A9B.d.1672955B7B0CECAD5CD9E69F53AADC4B.e.4398","ELEMENT":"f.003B7F97663A213565201A76C4492A9B.d.1672955B7B0CECAD5CD9E69F53AADC4B.e.4398"}]}
COMMAND: GET /session/1d980a951abea0b22294b008109eaf7e/screenshot - {}
RESULT: {"script":"<script> [5351 bytes]","args":[{"element-6066-11e4-a52e-4f735466cecf":"f.003B7F97663A213565201A76C4492A9B.d.1672955B7B0CECAD5CD9E69F53AADC4B.e.4398","ELEMENT":"f.003B7F97663A213565201A76C4492A9B.d.1672955B7B0CECAD5CD9E69F53AADC4B.e.4398"}]}
COMMAND: POST /session/1d980a951abea0b22294b008109eaf7e/element - {"using":"xpath","value":"//*[contains(@data-kt ,\"webshopDetailSiteLink\")]"}
RESULT: {"using":"xpath","value":"//*[contains(@data-kt ,\"webshopDetailSiteLink\")]"}
COMMAND: POST /session/1d980a951abea0b22294b008109eaf7e/element/f.003B7F97663A213565201A76C4492A9B.d.1672955B7B0CECAD5CD9E69F53AADC4B.e.4398/click - {}
COMMAND: GET /session/1d980a951abea0b22294b008109eaf7e/screenshot - {}
RESULT: {}
COMMAND: POST /session/1d980a951abea0b22294b008109eaf7e/element - {"using":"xpath","value":"(//span[contains(text(), \"WebdriverSiteo8ght\")])[2]"}
RESULT: {}
RESULT: {}
COMMAND: GET /session/1d980a951abea0b22294b008109eaf7e/screenshot - {}
RESULT: {"using":"xpath","value":"(//span[contains(text(), \"WebdriverSiteo8ght\")])[2]"}
COMMAND: POST /session/1d980a951abea0b22294b008109eaf7e/execute/sync - {"script":"<script> [8489 bytes]","args":[{"element-6066-11e4-a52e-4f735466cecf":"f.003B7F97663A213565201A76C4492A9B.d.1672955B7B0CECAD5CD9E69F53AADC4B.e.4617","ELEMENT":"f.003B7F97663A213565201A76C4492A9B.d.1672955B7B0CECAD5CD9E69F53AADC4B.e.4617"}]}
RESULT: {}
RESULT: {"script":"<script> [8489 bytes]","args":[{"element-6066-11e4-a52e-4f735466cecf":"f.003B7F97663A213565201A76C4492A9B.d.1672955B7B0CECAD5CD9E69F53AADC4B.e.4617","ELEMENT":"f.003B7F97663A213565201A76C4492A9B.d.1672955B7B0CECAD5CD9E69F53AADC4B.e.4617"}]}
COMMAND: GET /session/1d980a951abea0b22294b008109eaf7e/screenshot - {}
RESULT: {}
COMMAND: POST /session/1d980a951abea0b22294b008109eaf7e/element - {"using":"xpath","value":"(//button[contains(@data-kt ,\"ContextMenuExternalId3Link\")])[2]"}
RESULT: {"using":"xpath","value":"(//button[contains(@data-kt ,\"ContextMenuExternalId3Link\")])[2]"}
COMMAND: POST /session/1d980a951abea0b22294b008109eaf7e/element/f.003B7F97663A213565201A76C4492A9B.d.1672955B7B0CECAD5CD9E69F53AADC4B.e.4618/click - {}
RESULT: {}
COMMAND: GET /session/1d980a951abea0b22294b008109eaf7e/screenshot - {}
RESULT: {}
COMMAND: GET /session/1d980a951abea0b22294b008109eaf7e/window/handles - {}
RESULT: {}
COMMAND: POST /session/1d980a951abea0b22294b008109eaf7e/window - {"handle":"25F313E386AAC292D460BE0C7BBBBAEB"}
RESULT: {"handle":"25F313E386AAC292D460BE0C7BBBBAEB"}
COMMAND: GET /session/1d980a951abea0b22294b008109eaf7e/url - {}
RESULT: {}
COMMAND: GET /session/1d980a951abea0b22294b008109eaf7e/screenshot - {}
COMMAND: POST /session/1d980a951abea0b22294b008109eaf7e/execute/sync - {"script":"<script> [8489 bytes]","args":[{"element-6066-11e4-a52e-4f735466cecf":"f.003B7F97663A213565201A76C4492A9B.d.1672955B7B0CECAD5CD9E69F53AADC4B.e.4264","ELEMENT":"f.003B7F97663A213565201A76C4492A9B.d.1672955B7B0CECAD5CD9E69F53AADC4B.e.4264"}]}
RESULT: {}
RESULT: {"script":"<script> [8489 bytes]","args":[{"element-6066-11e4-a52e-4f735466cecf":"f.003B7F97663A213565201A76C4492A9B.d.1672955B7B0CECAD5CD9E69F53AADC4B.e.4264","ELEMENT":"f.003B7F97663A213565201A76C4492A9B.d.1672955B7B0CECAD5CD9E69F53AADC4B.e.4264"}]}
COMMAND: GET /session/1d980a951abea0b22294b008109eaf7e/screenshot - {}
RESULT: {}
COMMAND: POST /session/1d980a951abea0b22294b008109eaf7e/execute/sync - {"script":"<script> [8489 bytes]","args":[{"element-6066-11e4-a52e-4f735466cecf":"f.003B7F97663A213565201A76C4492A9B.d.1672955B7B0CECAD5CD9E69F53AADC4B.e.4264","ELEMENT":"f.003B7F97663A213565201A76C4492A9B.d.1672955B7B0CECAD5CD9E69F53AADC4B.e.4264"}]}
RESULT: {"script":"<script> [8489 bytes]","args":[{"element-6066-11e4-a52e-4f735466cecf":"f.003B7F97663A213565201A76C4492A9B.d.1672955B7B0CECAD5CD9E69F53AADC4B.e.4264","ELEMENT":"f.003B7F97663A213565201A76C4492A9B.d.1672955B7B0CECAD5CD9E69F53AADC4B.e.4264"}]}
COMMAND: GET /session/1d980a951abea0b22294b008109eaf7e/screenshot - {}
RESULT: {}
COMMAND: POST /session/1d980a951abea0b22294b008109eaf7e/execute/sync - {"script":"<script> [8489 bytes]","args":[{"element-6066-11e4-a52e-4f735466cecf":"f.003B7F97663A213565201A76C4492A9B.d.1672955B7B0CECAD5CD9E69F53AADC4B.e.4264","ELEMENT":"f.003B7F97663A213565201A76C4492A9B.d.1672955B7B0CECAD5CD9E69F53AADC4B.e.4264"}]}
RESULT: {"script":"<script> [8489 bytes]","args":[{"element-6066-11e4-a52e-4f735466cecf":"f.003B7F97663A213565201A76C4492A9B.d.1672955B7B0CECAD5CD9E69F53AADC4B.e.4264","ELEMENT":"f.003B7F97663A213565201A76C4492A9B.d.1672955B7B0CECAD5CD9E69F53AADC4B.e.4264"}]}
COMMAND: GET /session/1d980a951abea0b22294b008109eaf7e/screenshot - {}
RESULT: {}
COMMAND: POST /session/1d980a951abea0b22294b008109eaf7e/execute/sync - {"script":"<script> [8489 bytes]","args":[{"element-6066-11e4-a52e-4f735466cecf":"f.003B7F97663A213565201A76C4492A9B.d.1672955B7B0CECAD5CD9E69F53AADC4B.e.4264","ELEMENT":"f.003B7F97663A213565201A76C4492A9B.d.1672955B7B0CECAD5CD9E69F53AADC4B.e.4264"}]}
RESULT: {"script":"<script> [8489 bytes]","args":[{"element-6066-11e4-a52e-4f735466cecf":"f.003B7F97663A213565201A76C4492A9B.d.1672955B7B0CECAD5CD9E69F53AADC4B.e.4264","ELEMENT":"f.003B7F97663A213565201A76C4492A9B.d.1672955B7B0CECAD5CD9E69F53AADC4B.e.4264"}]}
COMMAND: GET /session/1d980a951abea0b22294b008109eaf7e/screenshot - {}
RESULT: {}
COMMAND: POST /session/1d980a951abea0b22294b008109eaf7e/execute/sync - {"script":"<script> [8489 bytes]","args":[{"element-6066-11e4-a52e-4f735466cecf":"f.003B7F97663A213565201A76C4492A9B.d.1672955B7B0CECAD5CD9E69F53AADC4B.e.4264","ELEMENT":"f.003B7F97663A213565201A76C4492A9B.d.1672955B7B0CECAD5CD9E69F53AADC4B.e.4264"}]}
RESULT: {"script":"<script> [8489 bytes]","args":[{"element-6066-11e4-a52e-4f735466cecf":"f.003B7F97663A213565201A76C4492A9B.d.1672955B7B0CECAD5CD9E69F53AADC4B.e.4264","ELEMENT":"f.003B7F97663A213565201A76C4492A9B.d.1672955B7B0CECAD5CD9E69F53AADC4B.e.4264"}]}
COMMAND: GET /session/1d980a951abea0b22294b008109eaf7e/screenshot - {}
RESULT: {}
COMMAND: POST /session/1d980a951abea0b22294b008109eaf7e/execute/sync - {"script":"<script> [8489 bytes]","args":[{"element-6066-11e4-a52e-4f735466cecf":"f.003B7F97663A213565201A76C4492A9B.d.1672955B7B0CECAD5CD9E69F53AADC4B.e.4264","ELEMENT":"f.003B7F97663A213565201A76C4492A9B.d.1672955B7B0CECAD5CD9E69F53AADC4B.e.4264"}]}
RESULT: {"script":"<script> [8489 bytes]","args":[{"element-6066-11e4-a52e-4f735466cecf":"f.003B7F97663A213565201A76C4492A9B.d.1672955B7B0CECAD5CD9E69F53AADC4B.e.4264","ELEMENT":"f.003B7F97663A213565201A76C4492A9B.d.1672955B7B0CECAD5CD9E69F53AADC4B.e.4264"}]}
COMMAND: GET /session/1d980a951abea0b22294b008109eaf7e/screenshot - {}
RESULT: {}
COMMAND: POST /session/1d980a951abea0b22294b008109eaf7e/execute/sync - {"script":"<script> [8489 bytes]","args":[{"element-6066-11e4-a52e-4f735466cecf":"f.003B7F97663A213565201A76C4492A9B.d.1672955B7B0CECAD5CD9E69F53AADC4B.e.4264","ELEMENT":"f.003B7F97663A213565201A76C4492A9B.d.1672955B7B0CECAD5CD9E69F53AADC4B.e.4264"}]}
RESULT: {"script":"<script> [8489 bytes]","args":[{"element-6066-11e4-a52e-4f735466cecf":"f.003B7F97663A213565201A76C4492A9B.d.1672955B7B0CECAD5CD9E69F53AADC4B.e.4264","ELEMENT":"f.003B7F97663A213565201A76C4492A9B.d.1672955B7B0CECAD5CD9E69F53AADC4B.e.4264"}]}
COMMAND: GET /session/1d980a951abea0b22294b008109eaf7e/screenshot - {}
RESULT: {}
COMMAND: POST /session/1d980a951abea0b22294b008109eaf7e/execute/sync - {"script":"<script> [8489 bytes]","args":[{"element-6066-11e4-a52e-4f735466cecf":"f.003B7F97663A213565201A76C4492A9B.d.1672955B7B0CECAD5CD9E69F53AADC4B.e.4264","ELEMENT":"f.003B7F97663A213565201A76C4492A9B.d.1672955B7B0CECAD5CD9E69F53AADC4B.e.4264"}]}
RESULT: {"script":"<script> [8489 bytes]","args":[{"element-6066-11e4-a52e-4f735466cecf":"f.003B7F97663A213565201A76C4492A9B.d.1672955B7B0CECAD5CD9E69F53AADC4B.e.4264","ELEMENT":"f.003B7F97663A213565201A76C4492A9B.d.1672955B7B0CECAD5CD9E69F53AADC4B.e.4264"}]}
COMMAND: GET /session/1d980a951abea0b22294b008109eaf7e/screenshot - {}
RESULT: {}
COMMAND: POST /session/1d980a951abea0b22294b008109eaf7e/execute/sync - {"script":"<script> [8489 bytes]","args":[{"element-6066-11e4-a52e-4f735466cecf":"f.003B7F97663A213565201A76C4492A9B.d.1672955B7B0CECAD5CD9E69F53AADC4B.e.4264","ELEMENT":"f.003B7F97663A213565201A76C4492A9B.d.1672955B7B0CECAD5CD9E69F53AADC4B.e.4264"}]}
RESULT: {"script":"<script> [8489 bytes]","args":[{"element-6066-11e4-a52e-4f735466cecf":"f.003B7F97663A213565201A76C4492A9B.d.1672955B7B0CECAD5CD9E69F53AADC4B.e.4264","ELEMENT":"f.003B7F97663A213565201A76C4492A9B.d.1672955B7B0CECAD5CD9E69F53AADC4B.e.4264"}]}
COMMAND: GET /session/1d980a951abea0b22294b008109eaf7e/screenshot - {}
COMMAND: DELETE /session/1d980a951abea0b22294b008109eaf7e/window - {}
RESULT: {}
RESULT: {}
COMMAND: POST /session/1d980a951abea0b22294b008109eaf7e/window - {"handle":"003B7F97663A213565201A76C4492A9B"}
RESULT: {"handle":"003B7F97663A213565201A76C4492A9B"}
COMMAND: GET /session/1d980a951abea0b22294b008109eaf7e/url - {}
COMMAND: POST /session/1d980a951abea0b22294b008109eaf7e/execute/sync - {"script":"<script> [8489 bytes]","args":[{"element-6066-11e4-a52e-4f735466cecf":"f.003B7F97663A213565201A76C4492A9B.d.1672955B7B0CECAD5CD9E69F53AADC4B.e.4264","ELEMENT":"f.003B7F97663A213565201A76C4492A9B.d.1672955B7B0CECAD5CD9E69F53AADC4B.e.4264"}]}
RESULT: {}
COMMAND: POST /session/1d980a951abea0b22294b008109eaf7e/element - {"using":"xpath","value":"//span[contains(@id ,\"application-addressmanagement-display-component---detailAdm--addressDetailDetailsName1\")][contains(text(), \"WebdriverSiteo8ght\")]"}
COMMAND: GET /session/1d980a951abea0b22294b008109eaf7e/screenshot - {}
RESULT: {"using":"xpath","value":"//span[contains(@id ,\"application-addressmanagement-display-component---detailAdm--addressDetailDetailsName1\")][contains(text(), \"WebdriverSiteo8ght\")]"}
COMMAND: POST /session/1d980a951abea0b22294b008109eaf7e/element - {"using":"xpath","value":"//span[contains(@id ,\"application-addressmanagement-display-component---detailAdm--addressDetailDetailsName1\")][contains(text(), \"WebdriverSiteo8ght\")]"}
RESULT: {}
RESULT: {"using":"xpath","value":"//span[contains(@id ,\"application-addressmanagement-display-component---detailAdm--addressDetailDetailsName1\")][contains(text(), \"WebdriverSiteo8ght\")]"}
COMMAND: POST /session/1d980a951abea0b22294b008109eaf7e/element - {"using":"xpath","value":"//span[contains(@id ,\"application-addressmanagement-display-component---detailAdm--addressDetailDetailsName1\")][contains(text(), \"WebdriverSiteo8ght\")]"}
RESULT: {"using":"xpath","value":"//span[contains(@id ,\"application-addressmanagement-display-component---detailAdm--addressDetailDetailsName1\")][contains(text(), \"WebdriverSiteo8ght\")]"}
COMMAND: POST /session/1d980a951abea0b22294b008109eaf7e/element - {"using":"xpath","value":"//span[contains(@id ,\"application-addressmanagement-display-component---detailAdm--addressDetailDetailsName1\")][contains(text(), \"WebdriverSiteo8ght\")]"}
RESULT: {"using":"xpath","value":"//span[contains(@id ,\"application-addressmanagement-display-component---detailAdm--addressDetailDetailsName1\")][contains(text(), \"WebdriverSiteo8ght\")]"}
COMMAND: POST /session/1d980a951abea0b22294b008109eaf7e/element - {"using":"xpath","value":"//span[contains(@id ,\"application-addressmanagement-display-component---detailAdm--addressDetailDetailsName1\")][contains(text(), \"WebdriverSiteo8ght\")]"}
RESULT: {"using":"xpath","value":"//span[contains(@id ,\"application-addressmanagement-display-component---detailAdm--addressDetailDetailsName1\")][contains(text(), \"WebdriverSiteo8ght\")]"}
COMMAND: POST /session/1d980a951abea0b22294b008109eaf7e/element - {"using":"xpath","value":"//span[contains(@id ,\"application-addressmanagement-display-component---detailAdm--addressDetailDetailsName1\")][contains(text(), \"WebdriverSiteo8ght\")]"}
RESULT: {"using":"xpath","value":"//span[contains(@id ,\"application-addressmanagement-display-component---detailAdm--addressDetailDetailsName1\")][contains(text(), \"WebdriverSiteo8ght\")]"}
COMMAND: POST /session/1d980a951abea0b22294b008109eaf7e/element - {"using":"xpath","value":"//span[contains(@id ,\"application-addressmanagement-display-component---detailAdm--addressDetailDetailsName1\")][contains(text(), \"WebdriverSiteo8ght\")]"}
RESULT: {"using":"xpath","value":"//span[contains(@id ,\"application-addressmanagement-display-component---detailAdm--addressDetailDetailsName1\")][contains(text(), \"WebdriverSiteo8ght\")]"}
COMMAND: POST /session/1d980a951abea0b22294b008109eaf7e/element - {"using":"xpath","value":"//span[contains(@id ,\"application-addressmanagement-display-component---detailAdm--addressDetailDetailsName1\")][contains(text(), \"WebdriverSiteo8ght\")]"}
RESULT: {"using":"xpath","value":"//span[contains(@id ,\"application-addressmanagement-display-component---detailAdm--addressDetailDetailsName1\")][contains(text(), \"WebdriverSiteo8ght\")]"}
COMMAND: POST /session/1d980a951abea0b22294b008109eaf7e/element - {"using":"xpath","value":"//span[contains(@id ,\"application-addressmanagement-display-component---detailAdm--addressDetailDetailsName1\")][contains(text(), \"WebdriverSiteo8ght\")]"}
RESULT: {"using":"xpath","value":"//span[contains(@id ,\"application-addressmanagement-display-component---detailAdm--addressDetailDetailsName1\")][contains(text(), \"WebdriverSiteo8ght\")]"}
COMMAND: POST /session/1d980a951abea0b22294b008109eaf7e/element - {"using":"xpath","value":"//span[contains(@id ,\"application-addressmanagement-display-component---detailAdm--addressDetailDetailsName1\")][contains(text(), \"WebdriverSiteo8ght\")]"}
RESULT: {"using":"xpath","value":"//span[contains(@id ,\"application-addressmanagement-display-component---detailAdm--addressDetailDetailsName1\")][contains(text(), \"WebdriverSiteo8ght\")]"}
]]></system-out>
    </testcase>
  </testsuite>
  <testsuite timestamp="2025-06-12T16:22:38" time="250.348" tests="2" failures="0" errors="0" skipped="0">
    <properties>
      <property name="specId" value="0" />
      <property name="suiteName" value="Webshop - Hyperlinks visible and working properly  US139085" />
      <property name="capabilities" value="chrome.137_0_7151_69.windows" />
      <property name="file" value="file:///D:/a/1/s/test/specs/R2C/webshop-hyperlinks-partner-address-contract-item.spec.js" />
    </properties>
    <testcase classname="chrome.137_0_7151_69.windows.Webshop_-_Hyperlinks_visible_and_working_properly__US139085" name="Should verify the customer and address hyperlinks" time="149.344">
      <system-out><![CDATA[
COMMAND: POST /session/1d980a951abea0b22294b008109eaf7e/element - {"using":"xpath","value":"//*[contains(@data-kt ,\"webshopDetailAddressLink\")]"}
RESULT: {"using":"xpath","value":"//*[contains(@data-kt ,\"webshopDetailAddressLink\")]"}
COMMAND: POST /session/1d980a951abea0b22294b008109eaf7e/execute/sync - {"script":"<script> [8489 bytes]","args":[{"element-6066-11e4-a52e-4f735466cecf":"f.003B7F97663A213565201A76C4492A9B.d.1672955B7B0CECAD5CD9E69F53AADC4B.e.4816","ELEMENT":"f.003B7F97663A213565201A76C4492A9B.d.1672955B7B0CECAD5CD9E69F53AADC4B.e.4816"}]}
RESULT: {"script":"<script> [8489 bytes]","args":[{"element-6066-11e4-a52e-4f735466cecf":"f.003B7F97663A213565201A76C4492A9B.d.1672955B7B0CECAD5CD9E69F53AADC4B.e.4816","ELEMENT":"f.003B7F97663A213565201A76C4492A9B.d.1672955B7B0CECAD5CD9E69F53AADC4B.e.4816"}]}
COMMAND: POST /session/1d980a951abea0b22294b008109eaf7e/execute/sync - {"script":"<script> [5351 bytes]","args":[{"element-6066-11e4-a52e-4f735466cecf":"f.003B7F97663A213565201A76C4492A9B.d.1672955B7B0CECAD5CD9E69F53AADC4B.e.4816","ELEMENT":"f.003B7F97663A213565201A76C4492A9B.d.1672955B7B0CECAD5CD9E69F53AADC4B.e.4816"}]}
COMMAND: GET /session/1d980a951abea0b22294b008109eaf7e/screenshot - {}
RESULT: {"script":"<script> [5351 bytes]","args":[{"element-6066-11e4-a52e-4f735466cecf":"f.003B7F97663A213565201A76C4492A9B.d.1672955B7B0CECAD5CD9E69F53AADC4B.e.4816","ELEMENT":"f.003B7F97663A213565201A76C4492A9B.d.1672955B7B0CECAD5CD9E69F53AADC4B.e.4816"}]}
COMMAND: GET /session/1d980a951abea0b22294b008109eaf7e/screenshot - {}
COMMAND: POST /session/1d980a951abea0b22294b008109eaf7e/element - {"using":"xpath","value":"//span[contains(@id ,\"application-addressmanagement-display-component---detailAdm--addressDetailDetailsName1\")][contains(text(), \"WebdriverSiteo8ght\")]"}
RESULT: {}
RESULT: {}
RESULT: {"using":"xpath","value":"//span[contains(@id ,\"application-addressmanagement-display-component---detailAdm--addressDetailDetailsName1\")][contains(text(), \"WebdriverSiteo8ght\")]"}
COMMAND: POST /session/1d980a951abea0b22294b008109eaf7e/element - {"using":"xpath","value":"//span[contains(@id ,\"application-addressmanagement-display-component---detailAdm--addressDetailDetailsName1\")][contains(text(), \"WebdriverSiteo8ght\")]"}
RESULT: {"using":"xpath","value":"//span[contains(@id ,\"application-addressmanagement-display-component---detailAdm--addressDetailDetailsName1\")][contains(text(), \"WebdriverSiteo8ght\")]"}
COMMAND: POST /session/1d980a951abea0b22294b008109eaf7e/element - {"using":"xpath","value":"//span[contains(@id ,\"application-addressmanagement-display-component---detailAdm--addressDetailDetailsName1\")][contains(text(), \"WebdriverSiteo8ght\")]"}
RESULT: {"using":"xpath","value":"//span[contains(@id ,\"application-addressmanagement-display-component---detailAdm--addressDetailDetailsName1\")][contains(text(), \"WebdriverSiteo8ght\")]"}
COMMAND: POST /session/1d980a951abea0b22294b008109eaf7e/element - {"using":"xpath","value":"//span[contains(@id ,\"application-addressmanagement-display-component---detailAdm--addressDetailDetailsName1\")][contains(text(), \"WebdriverSiteo8ght\")]"}
RESULT: {"using":"xpath","value":"//span[contains(@id ,\"application-addressmanagement-display-component---detailAdm--addressDetailDetailsName1\")][contains(text(), \"WebdriverSiteo8ght\")]"}
COMMAND: POST /session/1d980a951abea0b22294b008109eaf7e/element - {"using":"xpath","value":"//span[contains(@id ,\"application-addressmanagement-display-component---detailAdm--addressDetailDetailsName1\")][contains(text(), \"WebdriverSiteo8ght\")]"}
RESULT: {"using":"xpath","value":"//span[contains(@id ,\"application-addressmanagement-display-component---detailAdm--addressDetailDetailsName1\")][contains(text(), \"WebdriverSiteo8ght\")]"}
COMMAND: POST /session/1d980a951abea0b22294b008109eaf7e/element - {"using":"xpath","value":"//span[contains(@id ,\"application-addressmanagement-display-component---detailAdm--addressDetailDetailsName1\")][contains(text(), \"WebdriverSiteo8ght\")]"}
RESULT: {"using":"xpath","value":"//span[contains(@id ,\"application-addressmanagement-display-component---detailAdm--addressDetailDetailsName1\")][contains(text(), \"WebdriverSiteo8ght\")]"}
COMMAND: POST /session/1d980a951abea0b22294b008109eaf7e/element - {"using":"xpath","value":"//span[contains(@id ,\"application-addressmanagement-display-component---detailAdm--addressDetailDetailsName1\")][contains(text(), \"WebdriverSiteo8ght\")]"}
RESULT: {"using":"xpath","value":"//span[contains(@id ,\"application-addressmanagement-display-component---detailAdm--addressDetailDetailsName1\")][contains(text(), \"WebdriverSiteo8ght\")]"}
COMMAND: POST /session/1d980a951abea0b22294b008109eaf7e/element - {"using":"xpath","value":"//span[contains(@id ,\"application-addressmanagement-display-component---detailAdm--addressDetailDetailsName1\")][contains(text(), \"WebdriverSiteo8ght\")]"}
RESULT: {"using":"xpath","value":"//span[contains(@id ,\"application-addressmanagement-display-component---detailAdm--addressDetailDetailsName1\")][contains(text(), \"WebdriverSiteo8ght\")]"}
COMMAND: POST /session/1d980a951abea0b22294b008109eaf7e/element - {"using":"xpath","value":"//span[contains(@id ,\"application-addressmanagement-display-component---detailAdm--addressDetailDetailsName1\")][contains(text(), \"WebdriverSiteo8ght\")]"}
RESULT: {"using":"xpath","value":"//span[contains(@id ,\"application-addressmanagement-display-component---detailAdm--addressDetailDetailsName1\")][contains(text(), \"WebdriverSiteo8ght\")]"}
COMMAND: POST /session/1d980a951abea0b22294b008109eaf7e/element - {"using":"xpath","value":"//*[contains(@data-kt ,\"webshopDetailAddressLink\")]"}
RESULT: {"using":"xpath","value":"//*[contains(@data-kt ,\"webshopDetailAddressLink\")]"}
COMMAND: POST /session/1d980a951abea0b22294b008109eaf7e/element/f.003B7F97663A213565201A76C4492A9B.d.1672955B7B0CECAD5CD9E69F53AADC4B.e.4816/click - {}
COMMAND: POST /session/1d980a951abea0b22294b008109eaf7e/element - {"using":"xpath","value":"//span[contains(@id ,\"application-addressmanagement-display-component---detailAdm--addressDetailDetailsName1\")][contains(text(), \"WebdriverSiteo8ght\")]"}
RESULT: {}
RESULT: {"using":"xpath","value":"//span[contains(@id ,\"application-addressmanagement-display-component---detailAdm--addressDetailDetailsName1\")][contains(text(), \"WebdriverSiteo8ght\")]"}
COMMAND: GET /session/1d980a951abea0b22294b008109eaf7e/screenshot - {}
RESULT: {}
COMMAND: POST /session/1d980a951abea0b22294b008109eaf7e/element - {"using":"xpath","value":"//span[contains(@id ,\"application-addressmanagement-display-component---detailAdm--addressDetailDetailsName1\")][contains(text(), \"WebdriverSiteo8ght\")]"}
RESULT: {"using":"xpath","value":"//span[contains(@id ,\"application-addressmanagement-display-component---detailAdm--addressDetailDetailsName1\")][contains(text(), \"WebdriverSiteo8ght\")]"}
COMMAND: POST /session/1d980a951abea0b22294b008109eaf7e/element - {"using":"xpath","value":"//span[contains(@id ,\"application-addressmanagement-display-component---detailAdm--addressDetailDetailsName1\")][contains(text(), \"WebdriverSiteo8ght\")]"}
RESULT: {"using":"xpath","value":"//span[contains(@id ,\"application-addressmanagement-display-component---detailAdm--addressDetailDetailsName1\")][contains(text(), \"WebdriverSiteo8ght\")]"}
COMMAND: POST /session/1d980a951abea0b22294b008109eaf7e/element - {"using":"xpath","value":"//span[contains(@id ,\"application-addressmanagement-display-component---detailAdm--addressDetailDetailsName1\")][contains(text(), \"WebdriverSiteo8ght\")]"}
RESULT: {"using":"xpath","value":"//span[contains(@id ,\"application-addressmanagement-display-component---detailAdm--addressDetailDetailsName1\")][contains(text(), \"WebdriverSiteo8ght\")]"}
COMMAND: POST /session/1d980a951abea0b22294b008109eaf7e/element - {"using":"xpath","value":"//*[contains(@data-kt ,\"ContextMenuId2Link\")][contains(text(), \"Address Overview\")]"}
RESULT: {"using":"xpath","value":"//*[contains(@data-kt ,\"ContextMenuId2Link\")][contains(text(), \"Address Overview\")]"}
COMMAND: POST /session/1d980a951abea0b22294b008109eaf7e/execute/sync - {"script":"<script> [8489 bytes]","args":[{"element-6066-11e4-a52e-4f735466cecf":"f.003B7F97663A213565201A76C4492A9B.d.1672955B7B0CECAD5CD9E69F53AADC4B.e.4818","ELEMENT":"f.003B7F97663A213565201A76C4492A9B.d.1672955B7B0CECAD5CD9E69F53AADC4B.e.4818"}]}
COMMAND: POST /session/1d980a951abea0b22294b008109eaf7e/element - {"using":"xpath","value":"//*[contains(@data-kt ,\"ContextMenuId2Link\")][contains(text(), \"Address Overview\")]"}
RESULT: {"script":"<script> [8489 bytes]","args":[{"element-6066-11e4-a52e-4f735466cecf":"f.003B7F97663A213565201A76C4492A9B.d.1672955B7B0CECAD5CD9E69F53AADC4B.e.4818","ELEMENT":"f.003B7F97663A213565201A76C4492A9B.d.1672955B7B0CECAD5CD9E69F53AADC4B.e.4818"}]}
COMMAND: GET /session/1d980a951abea0b22294b008109eaf7e/screenshot - {}
RESULT: {"using":"xpath","value":"//*[contains(@data-kt ,\"ContextMenuId2Link\")][contains(text(), \"Address Overview\")]"}
COMMAND: POST /session/1d980a951abea0b22294b008109eaf7e/element/f.003B7F97663A213565201A76C4492A9B.d.1672955B7B0CECAD5CD9E69F53AADC4B.e.4818/click - {}
COMMAND: POST /session/1d980a951abea0b22294b008109eaf7e/element - {"using":"xpath","value":"//span[contains(@id ,\"application-addressmanagement-display-component---detailAdm--addressDetailDetailsName1\")][contains(text(), \"WebdriverSiteo8ght\")]"}
RESULT: {}
RESULT: {}
COMMAND: GET /session/1d980a951abea0b22294b008109eaf7e/screenshot - {}
RESULT: {"using":"xpath","value":"//span[contains(@id ,\"application-addressmanagement-display-component---detailAdm--addressDetailDetailsName1\")][contains(text(), \"WebdriverSiteo8ght\")]"}
RESULT: {}
COMMAND: POST /session/1d980a951abea0b22294b008109eaf7e/element - {"using":"xpath","value":"//span[contains(@id ,\"application-addressmanagement-display-component---detailAdm--addressDetailDetailsName1\")][contains(text(), \"WebdriverSiteo8ght\")]"}
RESULT: {"using":"xpath","value":"//span[contains(@id ,\"application-addressmanagement-display-component---detailAdm--addressDetailDetailsName1\")][contains(text(), \"WebdriverSiteo8ght\")]"}
COMMAND: POST /session/1d980a951abea0b22294b008109eaf7e/execute/sync - {"script":"<script> [8489 bytes]","args":[{"element-6066-11e4-a52e-4f735466cecf":"f.003B7F97663A213565201A76C4492A9B.d.1672955B7B0CECAD5CD9E69F53AADC4B.e.5088","ELEMENT":"f.003B7F97663A213565201A76C4492A9B.d.1672955B7B0CECAD5CD9E69F53AADC4B.e.5088"}]}
RESULT: {"script":"<script> [8489 bytes]","args":[{"element-6066-11e4-a52e-4f735466cecf":"f.003B7F97663A213565201A76C4492A9B.d.1672955B7B0CECAD5CD9E69F53AADC4B.e.5088","ELEMENT":"f.003B7F97663A213565201A76C4492A9B.d.1672955B7B0CECAD5CD9E69F53AADC4B.e.5088"}]}
COMMAND: GET /session/1d980a951abea0b22294b008109eaf7e/screenshot - {}
RESULT: {}
RESULT: undefined
COMMAND: POST /session/1d980a951abea0b22294b008109eaf7e/execute/async - {"script":"<script> [6424 bytes]","args":[{"element-6066-11e4-a52e-4f735466cecf":"f.003B7F97663A213565201A76C4492A9B.d.1672955B7B0CECAD5CD9E69F53AADC4B.e.2799"},"getTitle",[]]}
COMMAND: POST /session/1d980a951abea0b22294b008109eaf7e/execute/async - {"script":"<script> [1562 bytes]","args":[{"selector":{"id":"shellAppTitle"},"wdio_ui5_key":"shellAppTitle"}]}
RESULT: {"script":"<script> [1562 bytes]","args":[{"selector":{"id":"shellAppTitle"},"wdio_ui5_key":"shellAppTitle"}]}
COMMAND: POST /session/1d980a951abea0b22294b008109eaf7e/execute/async - {"script":"<script> [6424 bytes]","args":[{"element-6066-11e4-a52e-4f735466cecf":"f.003B7F97663A213565201A76C4492A9B.d.1672955B7B0CECAD5CD9E69F53AADC4B.e.5089"},"getTitle",[]]}
RESULT: {"script":"<script> [6424 bytes]","args":[{"element-6066-11e4-a52e-4f735466cecf":"f.003B7F97663A213565201A76C4492A9B.d.1672955B7B0CECAD5CD9E69F53AADC4B.e.5089"},"getTitle",[]]}
COMMAND: POST /session/1d980a951abea0b22294b008109eaf7e/element - {"using":"xpath","value":"//span[contains(@id ,\"application-addressmanagement-display-component---detailAdm--addressDetailDetailsName1\")][contains(text(), \"WebdriverSiteo8ght\")]"}
RESULT: {"using":"xpath","value":"//span[contains(@id ,\"application-addressmanagement-display-component---detailAdm--addressDetailDetailsName1\")][contains(text(), \"WebdriverSiteo8ght\")]"}
COMMAND: POST /session/1d980a951abea0b22294b008109eaf7e/execute/sync - {"script":"<script> [8489 bytes]","args":[{"element-6066-11e4-a52e-4f735466cecf":"f.003B7F97663A213565201A76C4492A9B.d.1672955B7B0CECAD5CD9E69F53AADC4B.e.5088","ELEMENT":"f.003B7F97663A213565201A76C4492A9B.d.1672955B7B0CECAD5CD9E69F53AADC4B.e.5088"}]}
RESULT: undefined
COMMAND: POST /session/1d980a951abea0b22294b008109eaf7e/element - {"using":"xpath","value":"//*[@id=\"backBtn\"]"}
RESULT: {"script":"<script> [8489 bytes]","args":[{"element-6066-11e4-a52e-4f735466cecf":"f.003B7F97663A213565201A76C4492A9B.d.1672955B7B0CECAD5CD9E69F53AADC4B.e.5088","ELEMENT":"f.003B7F97663A213565201A76C4492A9B.d.1672955B7B0CECAD5CD9E69F53AADC4B.e.5088"}]}
COMMAND: GET /session/1d980a951abea0b22294b008109eaf7e/screenshot - {}
RESULT: {"using":"xpath","value":"//*[@id=\"backBtn\"]"}
COMMAND: POST /session/1d980a951abea0b22294b008109eaf7e/element/f.003B7F97663A213565201A76C4492A9B.d.1672955B7B0CECAD5CD9E69F53AADC4B.e.2801/click - {}
RESULT: {}
RESULT: {}
COMMAND: GET /session/1d980a951abea0b22294b008109eaf7e/screenshot - {}
RESULT: {}
COMMAND: POST /session/1d980a951abea0b22294b008109eaf7e/execute/sync - {"script":"<script> [8489 bytes]","args":[{"element-6066-11e4-a52e-4f735466cecf":"f.003B7F97663A213565201A76C4492A9B.d.1672955B7B0CECAD5CD9E69F53AADC4B.e.4816","ELEMENT":"f.003B7F97663A213565201A76C4492A9B.d.1672955B7B0CECAD5CD9E69F53AADC4B.e.4816"}]}
COMMAND: POST /session/1d980a951abea0b22294b008109eaf7e/element - {"using":"xpath","value":"//*[contains(@data-kt ,\"webshopDetailAddressLink\")]"}
RESULT: {"using":"xpath","value":"//*[contains(@data-kt ,\"webshopDetailAddressLink\")]"}
COMMAND: POST /session/1d980a951abea0b22294b008109eaf7e/execute/sync - {"script":"<script> [8489 bytes]","args":[{"element-6066-11e4-a52e-4f735466cecf":"f.003B7F97663A213565201A76C4492A9B.d.1672955B7B0CECAD5CD9E69F53AADC4B.e.5224","ELEMENT":"f.003B7F97663A213565201A76C4492A9B.d.1672955B7B0CECAD5CD9E69F53AADC4B.e.5224"}]}
RESULT: {"script":"<script> [8489 bytes]","args":[{"element-6066-11e4-a52e-4f735466cecf":"f.003B7F97663A213565201A76C4492A9B.d.1672955B7B0CECAD5CD9E69F53AADC4B.e.5224","ELEMENT":"f.003B7F97663A213565201A76C4492A9B.d.1672955B7B0CECAD5CD9E69F53AADC4B.e.5224"}]}
COMMAND: POST /session/1d980a951abea0b22294b008109eaf7e/execute/sync - {"script":"<script> [5351 bytes]","args":[{"element-6066-11e4-a52e-4f735466cecf":"f.003B7F97663A213565201A76C4492A9B.d.1672955B7B0CECAD5CD9E69F53AADC4B.e.5224","ELEMENT":"f.003B7F97663A213565201A76C4492A9B.d.1672955B7B0CECAD5CD9E69F53AADC4B.e.5224"}]}
COMMAND: GET /session/1d980a951abea0b22294b008109eaf7e/screenshot - {}
RESULT: {}
RESULT: {"script":"<script> [5351 bytes]","args":[{"element-6066-11e4-a52e-4f735466cecf":"f.003B7F97663A213565201A76C4492A9B.d.1672955B7B0CECAD5CD9E69F53AADC4B.e.5224","ELEMENT":"f.003B7F97663A213565201A76C4492A9B.d.1672955B7B0CECAD5CD9E69F53AADC4B.e.5224"}]}
COMMAND: POST /session/1d980a951abea0b22294b008109eaf7e/element - {"using":"xpath","value":"//*[contains(@data-kt ,\"webshopDetailAddressLink\")]"}
COMMAND: GET /session/1d980a951abea0b22294b008109eaf7e/screenshot - {}
RESULT: {"using":"xpath","value":"//*[contains(@data-kt ,\"webshopDetailAddressLink\")]"}
COMMAND: POST /session/1d980a951abea0b22294b008109eaf7e/element/f.003B7F97663A213565201A76C4492A9B.d.1672955B7B0CECAD5CD9E69F53AADC4B.e.5224/click - {}
RESULT: {}
RESULT: {}
COMMAND: GET /session/1d980a951abea0b22294b008109eaf7e/screenshot - {}
RESULT: {}
COMMAND: POST /session/1d980a951abea0b22294b008109eaf7e/element - {"using":"xpath","value":"//button[contains(@data-kt ,\"ContextMenuExternalId2Link\")]"}
RESULT: {"using":"xpath","value":"//button[contains(@data-kt ,\"ContextMenuExternalId2Link\")]"}
COMMAND: POST /session/1d980a951abea0b22294b008109eaf7e/element/f.003B7F97663A213565201A76C4492A9B.d.1672955B7B0CECAD5CD9E69F53AADC4B.e.5225/click - {}
RESULT: {}
COMMAND: GET /session/1d980a951abea0b22294b008109eaf7e/screenshot - {}
RESULT: {}
COMMAND: GET /session/1d980a951abea0b22294b008109eaf7e/window/handles - {}
RESULT: {}
COMMAND: POST /session/1d980a951abea0b22294b008109eaf7e/window - {"handle":"4001C785B38D9F65B42B4E7A38E8B88C"}
RESULT: {"handle":"4001C785B38D9F65B42B4E7A38E8B88C"}
COMMAND: GET /session/1d980a951abea0b22294b008109eaf7e/url - {}
RESULT: {}
COMMAND: GET /session/1d980a951abea0b22294b008109eaf7e/screenshot - {}
RESULT: {}
COMMAND: POST /session/1d980a951abea0b22294b008109eaf7e/execute/sync - {"script":"<script> [8489 bytes]","args":[{"element-6066-11e4-a52e-4f735466cecf":"f.003B7F97663A213565201A76C4492A9B.d.1672955B7B0CECAD5CD9E69F53AADC4B.e.5088","ELEMENT":"f.003B7F97663A213565201A76C4492A9B.d.1672955B7B0CECAD5CD9E69F53AADC4B.e.5088"}]}
COMMAND: DELETE /session/1d980a951abea0b22294b008109eaf7e/window - {}
RESULT: {}
COMMAND: POST /session/1d980a951abea0b22294b008109eaf7e/window - {"handle":"003B7F97663A213565201A76C4492A9B"}
RESULT: {"handle":"003B7F97663A213565201A76C4492A9B"}
COMMAND: GET /session/1d980a951abea0b22294b008109eaf7e/url - {}
COMMAND: POST /session/1d980a951abea0b22294b008109eaf7e/element - {"using":"xpath","value":"//span[contains(@id ,\"application-addressmanagement-display-component---detailAdm--addressDetailDetailsName1\")][contains(text(), \"WebdriverSiteo8ght\")]"}
RESULT: {}
COMMAND: GET /session/1d980a951abea0b22294b008109eaf7e/screenshot - {}
RESULT: {"using":"xpath","value":"//span[contains(@id ,\"application-addressmanagement-display-component---detailAdm--addressDetailDetailsName1\")][contains(text(), \"WebdriverSiteo8ght\")]"}
COMMAND: POST /session/1d980a951abea0b22294b008109eaf7e/element - {"using":"xpath","value":"//span[contains(@id ,\"application-addressmanagement-display-component---detailAdm--addressDetailDetailsName1\")][contains(text(), \"WebdriverSiteo8ght\")]"}
RESULT: {}
RESULT: {"using":"xpath","value":"//span[contains(@id ,\"application-addressmanagement-display-component---detailAdm--addressDetailDetailsName1\")][contains(text(), \"WebdriverSiteo8ght\")]"}
COMMAND: POST /session/1d980a951abea0b22294b008109eaf7e/element - {"using":"xpath","value":"//span[contains(@id ,\"application-addressmanagement-display-component---detailAdm--addressDetailDetailsName1\")][contains(text(), \"WebdriverSiteo8ght\")]"}
RESULT: {"using":"xpath","value":"//span[contains(@id ,\"application-addressmanagement-display-component---detailAdm--addressDetailDetailsName1\")][contains(text(), \"WebdriverSiteo8ght\")]"}
COMMAND: POST /session/1d980a951abea0b22294b008109eaf7e/element - {"using":"xpath","value":"//span[contains(@id ,\"application-addressmanagement-display-component---detailAdm--addressDetailDetailsName1\")][contains(text(), \"WebdriverSiteo8ght\")]"}
RESULT: {"using":"xpath","value":"//span[contains(@id ,\"application-addressmanagement-display-component---detailAdm--addressDetailDetailsName1\")][contains(text(), \"WebdriverSiteo8ght\")]"}
COMMAND: POST /session/1d980a951abea0b22294b008109eaf7e/element - {"using":"xpath","value":"//span[contains(@id ,\"application-addressmanagement-display-component---detailAdm--addressDetailDetailsName1\")][contains(text(), \"WebdriverSiteo8ght\")]"}
RESULT: {"using":"xpath","value":"//span[contains(@id ,\"application-addressmanagement-display-component---detailAdm--addressDetailDetailsName1\")][contains(text(), \"WebdriverSiteo8ght\")]"}
COMMAND: POST /session/1d980a951abea0b22294b008109eaf7e/element - {"using":"xpath","value":"//span[contains(@id ,\"application-addressmanagement-display-component---detailAdm--addressDetailDetailsName1\")][contains(text(), \"WebdriverSiteo8ght\")]"}
RESULT: {"using":"xpath","value":"//span[contains(@id ,\"application-addressmanagement-display-component---detailAdm--addressDetailDetailsName1\")][contains(text(), \"WebdriverSiteo8ght\")]"}
COMMAND: POST /session/1d980a951abea0b22294b008109eaf7e/element - {"using":"xpath","value":"//span[contains(@id ,\"application-addressmanagement-display-component---detailAdm--addressDetailDetailsName1\")][contains(text(), \"WebdriverSiteo8ght\")]"}
RESULT: {"using":"xpath","value":"//span[contains(@id ,\"application-addressmanagement-display-component---detailAdm--addressDetailDetailsName1\")][contains(text(), \"WebdriverSiteo8ght\")]"}
COMMAND: POST /session/1d980a951abea0b22294b008109eaf7e/element - {"using":"xpath","value":"//*[contains(@data-kt ,\"webshopDetailCustomerLink\")]"}
RESULT: {"using":"xpath","value":"//*[contains(@data-kt ,\"webshopDetailCustomerLink\")]"}
COMMAND: POST /session/1d980a951abea0b22294b008109eaf7e/execute/sync - {"script":"<script> [8489 bytes]","args":[{"element-6066-11e4-a52e-4f735466cecf":"f.003B7F97663A213565201A76C4492A9B.d.1672955B7B0CECAD5CD9E69F53AADC4B.e.5427","ELEMENT":"f.003B7F97663A213565201A76C4492A9B.d.1672955B7B0CECAD5CD9E69F53AADC4B.e.5427"}]}
RESULT: {"script":"<script> [8489 bytes]","args":[{"element-6066-11e4-a52e-4f735466cecf":"f.003B7F97663A213565201A76C4492A9B.d.1672955B7B0CECAD5CD9E69F53AADC4B.e.5427","ELEMENT":"f.003B7F97663A213565201A76C4492A9B.d.1672955B7B0CECAD5CD9E69F53AADC4B.e.5427"}]}
COMMAND: POST /session/1d980a951abea0b22294b008109eaf7e/execute/sync - {"script":"<script> [5351 bytes]","args":[{"element-6066-11e4-a52e-4f735466cecf":"f.003B7F97663A213565201A76C4492A9B.d.1672955B7B0CECAD5CD9E69F53AADC4B.e.5427","ELEMENT":"f.003B7F97663A213565201A76C4492A9B.d.1672955B7B0CECAD5CD9E69F53AADC4B.e.5427"}]}
COMMAND: GET /session/1d980a951abea0b22294b008109eaf7e/screenshot - {}
RESULT: {"script":"<script> [5351 bytes]","args":[{"element-6066-11e4-a52e-4f735466cecf":"f.003B7F97663A213565201A76C4492A9B.d.1672955B7B0CECAD5CD9E69F53AADC4B.e.5427","ELEMENT":"f.003B7F97663A213565201A76C4492A9B.d.1672955B7B0CECAD5CD9E69F53AADC4B.e.5427"}]}
COMMAND: POST /session/1d980a951abea0b22294b008109eaf7e/element - {"using":"xpath","value":"//*[contains(@data-kt ,\"webshopDetailCustomerLink\")]"}
COMMAND: GET /session/1d980a951abea0b22294b008109eaf7e/screenshot - {}
RESULT: {}
RESULT: {"using":"xpath","value":"//*[contains(@data-kt ,\"webshopDetailCustomerLink\")]"}
COMMAND: POST /session/1d980a951abea0b22294b008109eaf7e/element/f.003B7F97663A213565201A76C4492A9B.d.1672955B7B0CECAD5CD9E69F53AADC4B.e.5427/click - {}
COMMAND: POST /session/1d980a951abea0b22294b008109eaf7e/element - {"using":"xpath","value":"//span[contains(@id ,\"application-addressmanagement-display-component---detailAdm--addressDetailDetailsName1\")][contains(text(), \"WebdriverSiteo8ght\")]"}
RESULT: {}
RESULT: {}
RESULT: {"using":"xpath","value":"//span[contains(@id ,\"application-addressmanagement-display-component---detailAdm--addressDetailDetailsName1\")][contains(text(), \"WebdriverSiteo8ght\")]"}
COMMAND: GET /session/1d980a951abea0b22294b008109eaf7e/screenshot - {}
RESULT: {}
COMMAND: POST /session/1d980a951abea0b22294b008109eaf7e/element - {"using":"xpath","value":"//span[contains(@id ,\"application-addressmanagement-display-component---detailAdm--addressDetailDetailsName1\")][contains(text(), \"WebdriverSiteo8ght\")]"}
RESULT: {"using":"xpath","value":"//span[contains(@id ,\"application-addressmanagement-display-component---detailAdm--addressDetailDetailsName1\")][contains(text(), \"WebdriverSiteo8ght\")]"}
COMMAND: POST /session/1d980a951abea0b22294b008109eaf7e/element - {"using":"xpath","value":"//span[contains(@id ,\"application-addressmanagement-display-component---detailAdm--addressDetailDetailsName1\")][contains(text(), \"WebdriverSiteo8ght\")]"}
RESULT: {"using":"xpath","value":"//span[contains(@id ,\"application-addressmanagement-display-component---detailAdm--addressDetailDetailsName1\")][contains(text(), \"WebdriverSiteo8ght\")]"}
COMMAND: POST /session/1d980a951abea0b22294b008109eaf7e/element - {"using":"xpath","value":"//span[contains(@id ,\"application-addressmanagement-display-component---detailAdm--addressDetailDetailsName1\")][contains(text(), \"WebdriverSiteo8ght\")]"}
COMMAND: POST /session/1d980a951abea0b22294b008109eaf7e/element - {"using":"xpath","value":"//*[contains(@data-kt ,\"ContextMenuId2Link\")][contains(text(), \"Partner Overview\")]"}
RESULT: {"using":"xpath","value":"//span[contains(@id ,\"application-addressmanagement-display-component---detailAdm--addressDetailDetailsName1\")][contains(text(), \"WebdriverSiteo8ght\")]"}
COMMAND: POST /session/1d980a951abea0b22294b008109eaf7e/element - {"using":"xpath","value":"//span[contains(@id ,\"application-addressmanagement-display-component---detailAdm--addressDetailDetailsName1\")][contains(text(), \"WebdriverSiteo8ght\")]"}
RESULT: {"using":"xpath","value":"//*[contains(@data-kt ,\"ContextMenuId2Link\")][contains(text(), \"Partner Overview\")]"}
COMMAND: POST /session/1d980a951abea0b22294b008109eaf7e/execute/sync - {"script":"<script> [8489 bytes]","args":[{"element-6066-11e4-a52e-4f735466cecf":"f.003B7F97663A213565201A76C4492A9B.d.1672955B7B0CECAD5CD9E69F53AADC4B.e.5429","ELEMENT":"f.003B7F97663A213565201A76C4492A9B.d.1672955B7B0CECAD5CD9E69F53AADC4B.e.5429"}]}
COMMAND: POST /session/1d980a951abea0b22294b008109eaf7e/element - {"using":"xpath","value":"//*[contains(@data-kt ,\"ContextMenuId2Link\")][contains(text(), \"Partner Overview\")]"}
RESULT: {"using":"xpath","value":"//span[contains(@id ,\"application-addressmanagement-display-component---detailAdm--addressDetailDetailsName1\")][contains(text(), \"WebdriverSiteo8ght\")]"}
RESULT: {"script":"<script> [8489 bytes]","args":[{"element-6066-11e4-a52e-4f735466cecf":"f.003B7F97663A213565201A76C4492A9B.d.1672955B7B0CECAD5CD9E69F53AADC4B.e.5429","ELEMENT":"f.003B7F97663A213565201A76C4492A9B.d.1672955B7B0CECAD5CD9E69F53AADC4B.e.5429"}]}
COMMAND: GET /session/1d980a951abea0b22294b008109eaf7e/screenshot - {}
RESULT: {"using":"xpath","value":"//*[contains(@data-kt ,\"ContextMenuId2Link\")][contains(text(), \"Partner Overview\")]"}
COMMAND: POST /session/1d980a951abea0b22294b008109eaf7e/element/f.003B7F97663A213565201A76C4492A9B.d.1672955B7B0CECAD5CD9E69F53AADC4B.e.5429/click - {}
RESULT: {}
RESULT: {}
COMMAND: GET /session/1d980a951abea0b22294b008109eaf7e/screenshot - {}
COMMAND: POST /session/1d980a951abea0b22294b008109eaf7e/element - {"using":"xpath","value":"//span[contains(@id ,\"application-addressmanagement-display-component---detailAdm--addressDetailDetailsName1\")][contains(text(), \"WebdriverSiteo8ght\")]"}
RESULT: {}
RESULT: {"using":"xpath","value":"//span[contains(@id ,\"application-addressmanagement-display-component---detailAdm--addressDetailDetailsName1\")][contains(text(), \"WebdriverSiteo8ght\")]"}
COMMAND: POST /session/1d980a951abea0b22294b008109eaf7e/element - {"using":"xpath","value":"//span[contains(@id ,\"application-addressmanagement-display-component---detailAdm--addressDetailDetailsName1\")][contains(text(), \"WebdriverSiteo8ght\")]"}
RESULT: {"using":"xpath","value":"//span[contains(@id ,\"application-addressmanagement-display-component---detailAdm--addressDetailDetailsName1\")][contains(text(), \"WebdriverSiteo8ght\")]"}
COMMAND: POST /session/1d980a951abea0b22294b008109eaf7e/element - {"using":"xpath","value":"//span[contains(@id ,\"application-addressmanagement-display-component---detailAdm--addressDetailDetailsName1\")][contains(text(), \"WebdriverSiteo8ght\")]"}
RESULT: {"using":"xpath","value":"//span[contains(@id ,\"application-addressmanagement-display-component---detailAdm--addressDetailDetailsName1\")][contains(text(), \"WebdriverSiteo8ght\")]"}
COMMAND: POST /session/1d980a951abea0b22294b008109eaf7e/element - {"using":"xpath","value":"//span[contains(@id ,\"application-addressmanagement-display-component---detailAdm--addressDetailDetailsName1\")][contains(text(), \"WebdriverSiteo8ght\")]"}
RESULT: {"using":"xpath","value":"//span[contains(@id ,\"application-addressmanagement-display-component---detailAdm--addressDetailDetailsName1\")][contains(text(), \"WebdriverSiteo8ght\")]"}
RESULT: undefined
COMMAND: POST /session/1d980a951abea0b22294b008109eaf7e/execute/async - {"script":"<script> [6424 bytes]","args":[{"element-6066-11e4-a52e-4f735466cecf":"f.003B7F97663A213565201A76C4492A9B.d.1672955B7B0CECAD5CD9E69F53AADC4B.e.2799"},"getTitle",[]]}
COMMAND: POST /session/1d980a951abea0b22294b008109eaf7e/execute/async - {"script":"<script> [1562 bytes]","args":[{"selector":{"id":"shellAppTitle"},"wdio_ui5_key":"shellAppTitle"}]}
COMMAND: POST /session/1d980a951abea0b22294b008109eaf7e/element - {"using":"xpath","value":"//span[contains(@id ,\"application-addressmanagement-display-component---detailAdm--addressDetailDetailsName1\")][contains(text(), \"WebdriverSiteo8ght\")]"}
RESULT: {"script":"<script> [1562 bytes]","args":[{"selector":{"id":"shellAppTitle"},"wdio_ui5_key":"shellAppTitle"}]}
COMMAND: POST /session/1d980a951abea0b22294b008109eaf7e/execute/async - {"script":"<script> [6424 bytes]","args":[{"element-6066-11e4-a52e-4f735466cecf":"f.003B7F97663A213565201A76C4492A9B.d.1672955B7B0CECAD5CD9E69F53AADC4B.e.5614"},"getTitle",[]]}
RESULT: {"using":"xpath","value":"//span[contains(@id ,\"application-addressmanagement-display-component---detailAdm--addressDetailDetailsName1\")][contains(text(), \"WebdriverSiteo8ght\")]"}
RESULT: {"script":"<script> [6424 bytes]","args":[{"element-6066-11e4-a52e-4f735466cecf":"f.003B7F97663A213565201A76C4492A9B.d.1672955B7B0CECAD5CD9E69F53AADC4B.e.5614"},"getTitle",[]]}
COMMAND: POST /session/1d980a951abea0b22294b008109eaf7e/element - {"using":"xpath","value":"//span[contains(@id ,\"title\")][contains(text(), \"WebdriverPartnerb6fbw\")]"}
RESULT: {"using":"xpath","value":"//span[contains(@id ,\"title\")][contains(text(), \"WebdriverPartnerb6fbw\")]"}
COMMAND: POST /session/1d980a951abea0b22294b008109eaf7e/execute/sync - {"script":"<script> [8489 bytes]","args":[{"element-6066-11e4-a52e-4f735466cecf":"f.003B7F97663A213565201A76C4492A9B.d.1672955B7B0CECAD5CD9E69F53AADC4B.e.5615","ELEMENT":"f.003B7F97663A213565201A76C4492A9B.d.1672955B7B0CECAD5CD9E69F53AADC4B.e.5615"}]}
RESULT: undefined
COMMAND: POST /session/1d980a951abea0b22294b008109eaf7e/element - {"using":"xpath","value":"//*[@id=\"backBtn\"]"}
COMMAND: POST /session/1d980a951abea0b22294b008109eaf7e/element - {"using":"xpath","value":"//span[contains(@id ,\"application-addressmanagement-display-component---detailAdm--addressDetailDetailsName1\")][contains(text(), \"WebdriverSiteo8ght\")]"}
RESULT: {"script":"<script> [8489 bytes]","args":[{"element-6066-11e4-a52e-4f735466cecf":"f.003B7F97663A213565201A76C4492A9B.d.1672955B7B0CECAD5CD9E69F53AADC4B.e.5615","ELEMENT":"f.003B7F97663A213565201A76C4492A9B.d.1672955B7B0CECAD5CD9E69F53AADC4B.e.5615"}]}
COMMAND: GET /session/1d980a951abea0b22294b008109eaf7e/screenshot - {}
RESULT: {"using":"xpath","value":"//*[@id=\"backBtn\"]"}
COMMAND: POST /session/1d980a951abea0b22294b008109eaf7e/element/f.003B7F97663A213565201A76C4492A9B.d.1672955B7B0CECAD5CD9E69F53AADC4B.e.2801/click - {}
RESULT: {"using":"xpath","value":"//span[contains(@id ,\"application-addressmanagement-display-component---detailAdm--addressDetailDetailsName1\")][contains(text(), \"WebdriverSiteo8ght\")]"}
RESULT: {}
RESULT: {}
COMMAND: GET /session/1d980a951abea0b22294b008109eaf7e/screenshot - {}
COMMAND: POST /session/1d980a951abea0b22294b008109eaf7e/execute/sync - {"script":"<script> [8489 bytes]","args":[{"element-6066-11e4-a52e-4f735466cecf":"f.003B7F97663A213565201A76C4492A9B.d.1672955B7B0CECAD5CD9E69F53AADC4B.e.5615","ELEMENT":"f.003B7F97663A213565201A76C4492A9B.d.1672955B7B0CECAD5CD9E69F53AADC4B.e.5615"}]}
COMMAND: POST /session/1d980a951abea0b22294b008109eaf7e/element - {"using":"xpath","value":"//span[contains(@id ,\"application-addressmanagement-display-component---detailAdm--addressDetailDetailsName1\")][contains(text(), \"WebdriverSiteo8ght\")]"}
RESULT: {}
COMMAND: POST /session/1d980a951abea0b22294b008109eaf7e/element - {"using":"xpath","value":"//span[contains(@id ,\"title\")][contains(text(), \"WebdriverPartnerb6fbw\")]"}
RESULT: {"using":"xpath","value":"//span[contains(@id ,\"application-addressmanagement-display-component---detailAdm--addressDetailDetailsName1\")][contains(text(), \"WebdriverSiteo8ght\")]"}
RESULT: {"using":"xpath","value":"//span[contains(@id ,\"title\")][contains(text(), \"WebdriverPartnerb6fbw\")]"}
COMMAND: POST /session/1d980a951abea0b22294b008109eaf7e/element - {"using":"xpath","value":"//span[contains(@id ,\"title\")][contains(text(), \"WebdriverPartnerb6fbw\")]"}
COMMAND: POST /session/1d980a951abea0b22294b008109eaf7e/element - {"using":"xpath","value":"//span[contains(@id ,\"application-addressmanagement-display-component---detailAdm--addressDetailDetailsName1\")][contains(text(), \"WebdriverSiteo8ght\")]"}
RESULT: {"using":"xpath","value":"//span[contains(@id ,\"title\")][contains(text(), \"WebdriverPartnerb6fbw\")]"}
RESULT: {"using":"xpath","value":"//span[contains(@id ,\"application-addressmanagement-display-component---detailAdm--addressDetailDetailsName1\")][contains(text(), \"WebdriverSiteo8ght\")]"}
COMMAND: POST /session/1d980a951abea0b22294b008109eaf7e/element - {"using":"xpath","value":"//span[contains(@id ,\"title\")][contains(text(), \"WebdriverPartnerb6fbw\")]"}
RESULT: {"using":"xpath","value":"//span[contains(@id ,\"title\")][contains(text(), \"WebdriverPartnerb6fbw\")]"}
COMMAND: POST /session/1d980a951abea0b22294b008109eaf7e/element - {"using":"xpath","value":"//span[contains(@id ,\"application-addressmanagement-display-component---detailAdm--addressDetailDetailsName1\")][contains(text(), \"WebdriverSiteo8ght\")]"}
RESULT: {"using":"xpath","value":"//span[contains(@id ,\"application-addressmanagement-display-component---detailAdm--addressDetailDetailsName1\")][contains(text(), \"WebdriverSiteo8ght\")]"}
COMMAND: POST /session/1d980a951abea0b22294b008109eaf7e/element - {"using":"xpath","value":"//span[contains(@id ,\"title\")][contains(text(), \"WebdriverPartnerb6fbw\")]"}
COMMAND: POST /session/1d980a951abea0b22294b008109eaf7e/element - {"using":"xpath","value":"//span[contains(@id ,\"application-addressmanagement-display-component---detailAdm--addressDetailDetailsName1\")][contains(text(), \"WebdriverSiteo8ght\")]"}
RESULT: {"using":"xpath","value":"//span[contains(@id ,\"title\")][contains(text(), \"WebdriverPartnerb6fbw\")]"}
RESULT: {"using":"xpath","value":"//span[contains(@id ,\"application-addressmanagement-display-component---detailAdm--addressDetailDetailsName1\")][contains(text(), \"WebdriverSiteo8ght\")]"}
COMMAND: POST /session/1d980a951abea0b22294b008109eaf7e/element - {"using":"xpath","value":"//span[contains(@id ,\"title\")][contains(text(), \"WebdriverPartnerb6fbw\")]"}
COMMAND: POST /session/1d980a951abea0b22294b008109eaf7e/element - {"using":"xpath","value":"//span[contains(@id ,\"application-addressmanagement-display-component---detailAdm--addressDetailDetailsName1\")][contains(text(), \"WebdriverSiteo8ght\")]"}
RESULT: {"using":"xpath","value":"//span[contains(@id ,\"title\")][contains(text(), \"WebdriverPartnerb6fbw\")]"}
RESULT: {"using":"xpath","value":"//span[contains(@id ,\"application-addressmanagement-display-component---detailAdm--addressDetailDetailsName1\")][contains(text(), \"WebdriverSiteo8ght\")]"}
COMMAND: POST /session/1d980a951abea0b22294b008109eaf7e/element - {"using":"xpath","value":"//span[contains(@id ,\"title\")][contains(text(), \"WebdriverPartnerb6fbw\")]"}
COMMAND: POST /session/1d980a951abea0b22294b008109eaf7e/element - {"using":"xpath","value":"//span[contains(@id ,\"application-addressmanagement-display-component---detailAdm--addressDetailDetailsName1\")][contains(text(), \"WebdriverSiteo8ght\")]"}
RESULT: {"using":"xpath","value":"//span[contains(@id ,\"title\")][contains(text(), \"WebdriverPartnerb6fbw\")]"}
RESULT: {"using":"xpath","value":"//span[contains(@id ,\"application-addressmanagement-display-component---detailAdm--addressDetailDetailsName1\")][contains(text(), \"WebdriverSiteo8ght\")]"}
COMMAND: POST /session/1d980a951abea0b22294b008109eaf7e/element - {"using":"xpath","value":"//span[contains(@id ,\"title\")][contains(text(), \"WebdriverPartnerb6fbw\")]"}
RESULT: {"using":"xpath","value":"//span[contains(@id ,\"title\")][contains(text(), \"WebdriverPartnerb6fbw\")]"}
COMMAND: POST /session/1d980a951abea0b22294b008109eaf7e/element - {"using":"xpath","value":"//span[contains(@id ,\"application-addressmanagement-display-component---detailAdm--addressDetailDetailsName1\")][contains(text(), \"WebdriverSiteo8ght\")]"}
RESULT: {"using":"xpath","value":"//span[contains(@id ,\"application-addressmanagement-display-component---detailAdm--addressDetailDetailsName1\")][contains(text(), \"WebdriverSiteo8ght\")]"}
COMMAND: POST /session/1d980a951abea0b22294b008109eaf7e/element - {"using":"xpath","value":"//span[contains(@id ,\"title\")][contains(text(), \"WebdriverPartnerb6fbw\")]"}
RESULT: {"using":"xpath","value":"//span[contains(@id ,\"title\")][contains(text(), \"WebdriverPartnerb6fbw\")]"}
COMMAND: POST /session/1d980a951abea0b22294b008109eaf7e/element - {"using":"xpath","value":"//span[contains(@id ,\"application-addressmanagement-display-component---detailAdm--addressDetailDetailsName1\")][contains(text(), \"WebdriverSiteo8ght\")]"}
RESULT: {"using":"xpath","value":"//span[contains(@id ,\"application-addressmanagement-display-component---detailAdm--addressDetailDetailsName1\")][contains(text(), \"WebdriverSiteo8ght\")]"}
COMMAND: POST /session/1d980a951abea0b22294b008109eaf7e/element - {"using":"xpath","value":"//span[contains(@id ,\"title\")][contains(text(), \"WebdriverPartnerb6fbw\")]"}
RESULT: {"using":"xpath","value":"//span[contains(@id ,\"title\")][contains(text(), \"WebdriverPartnerb6fbw\")]"}
COMMAND: POST /session/1d980a951abea0b22294b008109eaf7e/element - {"using":"xpath","value":"//span[contains(@id ,\"application-addressmanagement-display-component---detailAdm--addressDetailDetailsName1\")][contains(text(), \"WebdriverSiteo8ght\")]"}
RESULT: {"using":"xpath","value":"//span[contains(@id ,\"application-addressmanagement-display-component---detailAdm--addressDetailDetailsName1\")][contains(text(), \"WebdriverSiteo8ght\")]"}
COMMAND: POST /session/1d980a951abea0b22294b008109eaf7e/element - {"using":"xpath","value":"//span[contains(@id ,\"title\")][contains(text(), \"WebdriverPartnerb6fbw\")]"}
RESULT: {"using":"xpath","value":"//span[contains(@id ,\"title\")][contains(text(), \"WebdriverPartnerb6fbw\")]"}
COMMAND: POST /session/1d980a951abea0b22294b008109eaf7e/element - {"using":"xpath","value":"//span[contains(@id ,\"application-addressmanagement-display-component---detailAdm--addressDetailDetailsName1\")][contains(text(), \"WebdriverSiteo8ght\")]"}
RESULT: {"using":"xpath","value":"//span[contains(@id ,\"application-addressmanagement-display-component---detailAdm--addressDetailDetailsName1\")][contains(text(), \"WebdriverSiteo8ght\")]"}
COMMAND: POST /session/1d980a951abea0b22294b008109eaf7e/element - {"using":"xpath","value":"//span[contains(@id ,\"title\")][contains(text(), \"WebdriverPartnerb6fbw\")]"}
RESULT: {"using":"xpath","value":"//span[contains(@id ,\"title\")][contains(text(), \"WebdriverPartnerb6fbw\")]"}
COMMAND: POST /session/1d980a951abea0b22294b008109eaf7e/element - {"using":"xpath","value":"//span[contains(@id ,\"application-addressmanagement-display-component---detailAdm--addressDetailDetailsName1\")][contains(text(), \"WebdriverSiteo8ght\")]"}
RESULT: {"using":"xpath","value":"//span[contains(@id ,\"application-addressmanagement-display-component---detailAdm--addressDetailDetailsName1\")][contains(text(), \"WebdriverSiteo8ght\")]"}
COMMAND: POST /session/1d980a951abea0b22294b008109eaf7e/element - {"using":"xpath","value":"//span[contains(@id ,\"title\")][contains(text(), \"WebdriverPartnerb6fbw\")]"}
RESULT: {"using":"xpath","value":"//span[contains(@id ,\"title\")][contains(text(), \"WebdriverPartnerb6fbw\")]"}
COMMAND: POST /session/1d980a951abea0b22294b008109eaf7e/element - {"using":"xpath","value":"//span[contains(@id ,\"application-addressmanagement-display-component---detailAdm--addressDetailDetailsName1\")][contains(text(), \"WebdriverSiteo8ght\")]"}
RESULT: {"using":"xpath","value":"//span[contains(@id ,\"application-addressmanagement-display-component---detailAdm--addressDetailDetailsName1\")][contains(text(), \"WebdriverSiteo8ght\")]"}
COMMAND: POST /session/1d980a951abea0b22294b008109eaf7e/execute/sync - {"script":"<script> [8489 bytes]","args":[{"element-6066-11e4-a52e-4f735466cecf":"f.003B7F97663A213565201A76C4492A9B.d.1672955B7B0CECAD5CD9E69F53AADC4B.e.5427","ELEMENT":"f.003B7F97663A213565201A76C4492A9B.d.1672955B7B0CECAD5CD9E69F53AADC4B.e.5427"}]}
COMMAND: POST /session/1d980a951abea0b22294b008109eaf7e/element - {"using":"xpath","value":"//*[contains(@data-kt ,\"webshopDetailCustomerLink\")]"}
RESULT: {"using":"xpath","value":"//*[contains(@data-kt ,\"webshopDetailCustomerLink\")]"}
COMMAND: POST /session/1d980a951abea0b22294b008109eaf7e/execute/sync - {"script":"<script> [8489 bytes]","args":[{"element-6066-11e4-a52e-4f735466cecf":"f.003B7F97663A213565201A76C4492A9B.d.1672955B7B0CECAD5CD9E69F53AADC4B.e.5794","ELEMENT":"f.003B7F97663A213565201A76C4492A9B.d.1672955B7B0CECAD5CD9E69F53AADC4B.e.5794"}]}
RESULT: {"script":"<script> [8489 bytes]","args":[{"element-6066-11e4-a52e-4f735466cecf":"f.003B7F97663A213565201A76C4492A9B.d.1672955B7B0CECAD5CD9E69F53AADC4B.e.5794","ELEMENT":"f.003B7F97663A213565201A76C4492A9B.d.1672955B7B0CECAD5CD9E69F53AADC4B.e.5794"}]}
COMMAND: POST /session/1d980a951abea0b22294b008109eaf7e/execute/sync - {"script":"<script> [5351 bytes]","args":[{"element-6066-11e4-a52e-4f735466cecf":"f.003B7F97663A213565201A76C4492A9B.d.1672955B7B0CECAD5CD9E69F53AADC4B.e.5794","ELEMENT":"f.003B7F97663A213565201A76C4492A9B.d.1672955B7B0CECAD5CD9E69F53AADC4B.e.5794"}]}
COMMAND: GET /session/1d980a951abea0b22294b008109eaf7e/screenshot - {}
RESULT: {"script":"<script> [5351 bytes]","args":[{"element-6066-11e4-a52e-4f735466cecf":"f.003B7F97663A213565201A76C4492A9B.d.1672955B7B0CECAD5CD9E69F53AADC4B.e.5794","ELEMENT":"f.003B7F97663A213565201A76C4492A9B.d.1672955B7B0CECAD5CD9E69F53AADC4B.e.5794"}]}
COMMAND: POST /session/1d980a951abea0b22294b008109eaf7e/element - {"using":"xpath","value":"//*[contains(@data-kt ,\"webshopDetailCustomerLink\")]"}
COMMAND: GET /session/1d980a951abea0b22294b008109eaf7e/screenshot - {}
RESULT: {}
RESULT: {"using":"xpath","value":"//*[contains(@data-kt ,\"webshopDetailCustomerLink\")]"}
COMMAND: POST /session/1d980a951abea0b22294b008109eaf7e/element/f.003B7F97663A213565201A76C4492A9B.d.1672955B7B0CECAD5CD9E69F53AADC4B.e.5794/click - {}
COMMAND: POST /session/1d980a951abea0b22294b008109eaf7e/element - {"using":"xpath","value":"//span[contains(@id ,\"title\")][contains(text(), \"WebdriverPartnerb6fbw\")]"}
COMMAND: POST /session/1d980a951abea0b22294b008109eaf7e/element - {"using":"xpath","value":"//span[contains(@id ,\"application-addressmanagement-display-component---detailAdm--addressDetailDetailsName1\")][contains(text(), \"WebdriverSiteo8ght\")]"}
RESULT: {}
RESULT: {}
RESULT: {"using":"xpath","value":"//span[contains(@id ,\"title\")][contains(text(), \"WebdriverPartnerb6fbw\")]"}
COMMAND: POST /session/1d980a951abea0b22294b008109eaf7e/execute/sync - {"script":"<script> [8489 bytes]","args":[{"element-6066-11e4-a52e-4f735466cecf":"f.003B7F97663A213565201A76C4492A9B.d.1672955B7B0CECAD5CD9E69F53AADC4B.e.5797","ELEMENT":"f.003B7F97663A213565201A76C4492A9B.d.1672955B7B0CECAD5CD9E69F53AADC4B.e.5797"}]}
RESULT: {"using":"xpath","value":"//span[contains(@id ,\"application-addressmanagement-display-component---detailAdm--addressDetailDetailsName1\")][contains(text(), \"WebdriverSiteo8ght\")]"}
COMMAND: GET /session/1d980a951abea0b22294b008109eaf7e/screenshot - {}
RESULT: {"script":"<script> [8489 bytes]","args":[{"element-6066-11e4-a52e-4f735466cecf":"f.003B7F97663A213565201A76C4492A9B.d.1672955B7B0CECAD5CD9E69F53AADC4B.e.5797","ELEMENT":"f.003B7F97663A213565201A76C4492A9B.d.1672955B7B0CECAD5CD9E69F53AADC4B.e.5797"}]}
COMMAND: GET /session/1d980a951abea0b22294b008109eaf7e/screenshot - {}
RESULT: {}
RESULT: {}
COMMAND: POST /session/1d980a951abea0b22294b008109eaf7e/element - {"using":"xpath","value":"//span[contains(@id ,\"application-addressmanagement-display-component---detailAdm--addressDetailDetailsName1\")][contains(text(), \"WebdriverSiteo8ght\")]"}
RESULT: {"using":"xpath","value":"//span[contains(@id ,\"application-addressmanagement-display-component---detailAdm--addressDetailDetailsName1\")][contains(text(), \"WebdriverSiteo8ght\")]"}
COMMAND: POST /session/1d980a951abea0b22294b008109eaf7e/element - {"using":"xpath","value":"//span[contains(@id ,\"application-addressmanagement-display-component---detailAdm--addressDetailDetailsName1\")][contains(text(), \"WebdriverSiteo8ght\")]"}
RESULT: {"using":"xpath","value":"//span[contains(@id ,\"application-addressmanagement-display-component---detailAdm--addressDetailDetailsName1\")][contains(text(), \"WebdriverSiteo8ght\")]"}
COMMAND: POST /session/1d980a951abea0b22294b008109eaf7e/element - {"using":"xpath","value":"//span[contains(@id ,\"application-addressmanagement-display-component---detailAdm--addressDetailDetailsName1\")][contains(text(), \"WebdriverSiteo8ght\")]"}
RESULT: {"using":"xpath","value":"//span[contains(@id ,\"application-addressmanagement-display-component---detailAdm--addressDetailDetailsName1\")][contains(text(), \"WebdriverSiteo8ght\")]"}
COMMAND: POST /session/1d980a951abea0b22294b008109eaf7e/element - {"using":"xpath","value":"//button[contains(@data-kt ,\"ContextMenuExternalId2Link\")]"}
RESULT: {"using":"xpath","value":"//button[contains(@data-kt ,\"ContextMenuExternalId2Link\")]"}
COMMAND: POST /session/1d980a951abea0b22294b008109eaf7e/element/f.003B7F97663A213565201A76C4492A9B.d.1672955B7B0CECAD5CD9E69F53AADC4B.e.5796/click - {}
COMMAND: POST /session/1d980a951abea0b22294b008109eaf7e/element - {"using":"xpath","value":"//span[contains(@id ,\"application-addressmanagement-display-component---detailAdm--addressDetailDetailsName1\")][contains(text(), \"WebdriverSiteo8ght\")]"}
RESULT: {}
COMMAND: GET /session/1d980a951abea0b22294b008109eaf7e/screenshot - {}
RESULT: {"using":"xpath","value":"//span[contains(@id ,\"application-addressmanagement-display-component---detailAdm--addressDetailDetailsName1\")][contains(text(), \"WebdriverSiteo8ght\")]"}
COMMAND: POST /session/1d980a951abea0b22294b008109eaf7e/element - {"using":"xpath","value":"//span[contains(@id ,\"application-addressmanagement-display-component---detailAdm--addressDetailDetailsName1\")][contains(text(), \"WebdriverSiteo8ght\")]"}
RESULT: {}
RESULT: {"using":"xpath","value":"//span[contains(@id ,\"application-addressmanagement-display-component---detailAdm--addressDetailDetailsName1\")][contains(text(), \"WebdriverSiteo8ght\")]"}
COMMAND: POST /session/1d980a951abea0b22294b008109eaf7e/element - {"using":"xpath","value":"//span[contains(@id ,\"application-addressmanagement-display-component---detailAdm--addressDetailDetailsName1\")][contains(text(), \"WebdriverSiteo8ght\")]"}
RESULT: {"using":"xpath","value":"//span[contains(@id ,\"application-addressmanagement-display-component---detailAdm--addressDetailDetailsName1\")][contains(text(), \"WebdriverSiteo8ght\")]"}
COMMAND: POST /session/1d980a951abea0b22294b008109eaf7e/element - {"using":"xpath","value":"//span[contains(@id ,\"application-addressmanagement-display-component---detailAdm--addressDetailDetailsName1\")][contains(text(), \"WebdriverSiteo8ght\")]"}
RESULT: {"using":"xpath","value":"//span[contains(@id ,\"application-addressmanagement-display-component---detailAdm--addressDetailDetailsName1\")][contains(text(), \"WebdriverSiteo8ght\")]"}
COMMAND: POST /session/1d980a951abea0b22294b008109eaf7e/element - {"using":"xpath","value":"//span[contains(@id ,\"application-addressmanagement-display-component---detailAdm--addressDetailDetailsName1\")][contains(text(), \"WebdriverSiteo8ght\")]"}
RESULT: {"using":"xpath","value":"//span[contains(@id ,\"application-addressmanagement-display-component---detailAdm--addressDetailDetailsName1\")][contains(text(), \"WebdriverSiteo8ght\")]"}
COMMAND: POST /session/1d980a951abea0b22294b008109eaf7e/element - {"using":"xpath","value":"//span[contains(@id ,\"application-addressmanagement-display-component---detailAdm--addressDetailDetailsName1\")][contains(text(), \"WebdriverSiteo8ght\")]"}
RESULT: {"using":"xpath","value":"//span[contains(@id ,\"application-addressmanagement-display-component---detailAdm--addressDetailDetailsName1\")][contains(text(), \"WebdriverSiteo8ght\")]"}
COMMAND: POST /session/1d980a951abea0b22294b008109eaf7e/element - {"using":"xpath","value":"//span[contains(@id ,\"application-addressmanagement-display-component---detailAdm--addressDetailDetailsName1\")][contains(text(), \"WebdriverSiteo8ght\")]"}
RESULT: {"using":"xpath","value":"//span[contains(@id ,\"application-addressmanagement-display-component---detailAdm--addressDetailDetailsName1\")][contains(text(), \"WebdriverSiteo8ght\")]"}
COMMAND: POST /session/1d980a951abea0b22294b008109eaf7e/element - {"using":"xpath","value":"//span[contains(@id ,\"application-addressmanagement-display-component---detailAdm--addressDetailDetailsName1\")][contains(text(), \"WebdriverSiteo8ght\")]"}
RESULT: {"using":"xpath","value":"//span[contains(@id ,\"application-addressmanagement-display-component---detailAdm--addressDetailDetailsName1\")][contains(text(), \"WebdriverSiteo8ght\")]"}
COMMAND: POST /session/1d980a951abea0b22294b008109eaf7e/element - {"using":"xpath","value":"//span[contains(@id ,\"application-addressmanagement-display-component---detailAdm--addressDetailDetailsName1\")][contains(text(), \"WebdriverSiteo8ght\")]"}
COMMAND: GET /session/1d980a951abea0b22294b008109eaf7e/window/handles - {}
RESULT: {"using":"xpath","value":"//span[contains(@id ,\"application-addressmanagement-display-component---detailAdm--addressDetailDetailsName1\")][contains(text(), \"WebdriverSiteo8ght\")]"}
RESULT: {}
COMMAND: POST /session/1d980a951abea0b22294b008109eaf7e/window - {"handle":"DB2EA8319CEDCFE18AEA4C117E1F4392"}
RESULT: {"handle":"DB2EA8319CEDCFE18AEA4C117E1F4392"}
COMMAND: GET /session/1d980a951abea0b22294b008109eaf7e/url - {}
RESULT: {}
COMMAND: GET /session/1d980a951abea0b22294b008109eaf7e/screenshot - {}
RESULT: {}
COMMAND: POST /session/1d980a951abea0b22294b008109eaf7e/execute/sync - {"script":"<script> [8489 bytes]","args":[{"element-6066-11e4-a52e-4f735466cecf":"f.003B7F97663A213565201A76C4492A9B.d.1672955B7B0CECAD5CD9E69F53AADC4B.e.5797","ELEMENT":"f.003B7F97663A213565201A76C4492A9B.d.1672955B7B0CECAD5CD9E69F53AADC4B.e.5797"}]}
COMMAND: DELETE /session/1d980a951abea0b22294b008109eaf7e/window - {}
RESULT: {}
COMMAND: POST /session/1d980a951abea0b22294b008109eaf7e/window - {"handle":"003B7F97663A213565201A76C4492A9B"}
RESULT: {"handle":"003B7F97663A213565201A76C4492A9B"}
COMMAND: GET /session/1d980a951abea0b22294b008109eaf7e/url - {}
RESULT: {"script":"<script> [8489 bytes]","args":[{"element-6066-11e4-a52e-4f735466cecf":"f.003B7F97663A213565201A76C4492A9B.d.1672955B7B0CECAD5CD9E69F53AADC4B.e.5797","ELEMENT":"f.003B7F97663A213565201A76C4492A9B.d.1672955B7B0CECAD5CD9E69F53AADC4B.e.5797"}]}
COMMAND: GET /session/1d980a951abea0b22294b008109eaf7e/screenshot - {}
RESULT: {}
COMMAND: GET /session/1d980a951abea0b22294b008109eaf7e/screenshot - {}
RESULT: {}
RESULT: {}
]]></system-out>
    </testcase>
    <testcase classname="chrome.137_0_7151_69.windows.Webshop_-_Hyperlinks_visible_and_working_properly__US139085" name="Should verify the contract and catalog item hyperlinks" time="100.996">
      <system-out><![CDATA[
COMMAND: POST /session/1d980a951abea0b22294b008109eaf7e/element - {"using":"xpath","value":"//*[contains(@data-kt ,\"webshopDetailContractLink\")]"}
RESULT: {"using":"xpath","value":"//*[contains(@data-kt ,\"webshopDetailContractLink\")]"}
COMMAND: POST /session/1d980a951abea0b22294b008109eaf7e/execute/sync - {"script":"<script> [8489 bytes]","args":[{"element-6066-11e4-a52e-4f735466cecf":"f.003B7F97663A213565201A76C4492A9B.d.1672955B7B0CECAD5CD9E69F53AADC4B.e.5986","ELEMENT":"f.003B7F97663A213565201A76C4492A9B.d.1672955B7B0CECAD5CD9E69F53AADC4B.e.5986"}]}
RESULT: {"script":"<script> [8489 bytes]","args":[{"element-6066-11e4-a52e-4f735466cecf":"f.003B7F97663A213565201A76C4492A9B.d.1672955B7B0CECAD5CD9E69F53AADC4B.e.5986","ELEMENT":"f.003B7F97663A213565201A76C4492A9B.d.1672955B7B0CECAD5CD9E69F53AADC4B.e.5986"}]}
COMMAND: POST /session/1d980a951abea0b22294b008109eaf7e/execute/sync - {"script":"<script> [5351 bytes]","args":[{"element-6066-11e4-a52e-4f735466cecf":"f.003B7F97663A213565201A76C4492A9B.d.1672955B7B0CECAD5CD9E69F53AADC4B.e.5986","ELEMENT":"f.003B7F97663A213565201A76C4492A9B.d.1672955B7B0CECAD5CD9E69F53AADC4B.e.5986"}]}
COMMAND: GET /session/1d980a951abea0b22294b008109eaf7e/screenshot - {}
RESULT: {"script":"<script> [5351 bytes]","args":[{"element-6066-11e4-a52e-4f735466cecf":"f.003B7F97663A213565201A76C4492A9B.d.1672955B7B0CECAD5CD9E69F53AADC4B.e.5986","ELEMENT":"f.003B7F97663A213565201A76C4492A9B.d.1672955B7B0CECAD5CD9E69F53AADC4B.e.5986"}]}
COMMAND: POST /session/1d980a951abea0b22294b008109eaf7e/element - {"using":"xpath","value":"//*[contains(@data-kt ,\"webshopDetailContractLink\")]"}
COMMAND: GET /session/1d980a951abea0b22294b008109eaf7e/screenshot - {}
RESULT: {}
RESULT: {"using":"xpath","value":"//*[contains(@data-kt ,\"webshopDetailContractLink\")]"}
COMMAND: POST /session/1d980a951abea0b22294b008109eaf7e/element/f.003B7F97663A213565201A76C4492A9B.d.1672955B7B0CECAD5CD9E69F53AADC4B.e.5986/click - {}
RESULT: {}
RESULT: {}
COMMAND: GET /session/1d980a951abea0b22294b008109eaf7e/screenshot - {}
RESULT: {}
COMMAND: POST /session/1d980a951abea0b22294b008109eaf7e/element - {"using":"xpath","value":"//*[contains(@data-kt ,\"ContextMenuId2Link\")][contains(text(), \"Contract Overview\")]"}
RESULT: {"using":"xpath","value":"//*[contains(@data-kt ,\"ContextMenuId2Link\")][contains(text(), \"Contract Overview\")]"}
COMMAND: POST /session/1d980a951abea0b22294b008109eaf7e/execute/sync - {"script":"<script> [8489 bytes]","args":[{"element-6066-11e4-a52e-4f735466cecf":"f.003B7F97663A213565201A76C4492A9B.d.1672955B7B0CECAD5CD9E69F53AADC4B.e.5988","ELEMENT":"f.003B7F97663A213565201A76C4492A9B.d.1672955B7B0CECAD5CD9E69F53AADC4B.e.5988"}]}
COMMAND: POST /session/1d980a951abea0b22294b008109eaf7e/element - {"using":"xpath","value":"//*[contains(@data-kt ,\"ContextMenuId2Link\")][contains(text(), \"Contract Overview\")]"}
RESULT: {"script":"<script> [8489 bytes]","args":[{"element-6066-11e4-a52e-4f735466cecf":"f.003B7F97663A213565201A76C4492A9B.d.1672955B7B0CECAD5CD9E69F53AADC4B.e.5988","ELEMENT":"f.003B7F97663A213565201A76C4492A9B.d.1672955B7B0CECAD5CD9E69F53AADC4B.e.5988"}]}
COMMAND: GET /session/1d980a951abea0b22294b008109eaf7e/screenshot - {}
RESULT: {"using":"xpath","value":"//*[contains(@data-kt ,\"ContextMenuId2Link\")][contains(text(), \"Contract Overview\")]"}
COMMAND: POST /session/1d980a951abea0b22294b008109eaf7e/element/f.003B7F97663A213565201A76C4492A9B.d.1672955B7B0CECAD5CD9E69F53AADC4B.e.5988/click - {}
RESULT: {}
RESULT: {}
COMMAND: GET /session/1d980a951abea0b22294b008109eaf7e/screenshot - {}
RESULT: {}
RESULT: undefined
COMMAND: POST /session/1d980a951abea0b22294b008109eaf7e/execute/async - {"script":"<script> [6424 bytes]","args":[{"element-6066-11e4-a52e-4f735466cecf":"f.003B7F97663A213565201A76C4492A9B.d.1672955B7B0CECAD5CD9E69F53AADC4B.e.2799"},"getTitle",[]]}
COMMAND: POST /session/1d980a951abea0b22294b008109eaf7e/execute/async - {"script":"<script> [1562 bytes]","args":[{"selector":{"id":"shellAppTitle"},"wdio_ui5_key":"shellAppTitle"}]}
RESULT: {"script":"<script> [1562 bytes]","args":[{"selector":{"id":"shellAppTitle"},"wdio_ui5_key":"shellAppTitle"}]}
COMMAND: POST /session/1d980a951abea0b22294b008109eaf7e/execute/async - {"script":"<script> [6424 bytes]","args":[{"element-6066-11e4-a52e-4f735466cecf":"f.003B7F97663A213565201A76C4492A9B.d.1672955B7B0CECAD5CD9E69F53AADC4B.e.6228"},"getTitle",[]]}
RESULT: {"script":"<script> [6424 bytes]","args":[{"element-6066-11e4-a52e-4f735466cecf":"f.003B7F97663A213565201A76C4492A9B.d.1672955B7B0CECAD5CD9E69F53AADC4B.e.6228"},"getTitle",[]]}
COMMAND: POST /session/1d980a951abea0b22294b008109eaf7e/element - {"using":"xpath","value":"//span[contains(@id ,\"contractDetailTitleNoExpanded\")][contains(text(), \"10130\")]"}
RESULT: {"using":"xpath","value":"//span[contains(@id ,\"contractDetailTitleNoExpanded\")][contains(text(), \"10130\")]"}
COMMAND: POST /session/1d980a951abea0b22294b008109eaf7e/execute/sync - {"script":"<script> [8489 bytes]","args":[{"element-6066-11e4-a52e-4f735466cecf":"f.003B7F97663A213565201A76C4492A9B.d.1672955B7B0CECAD5CD9E69F53AADC4B.e.6229","ELEMENT":"f.003B7F97663A213565201A76C4492A9B.d.1672955B7B0CECAD5CD9E69F53AADC4B.e.6229"}]}
RESULT: undefined
COMMAND: POST /session/1d980a951abea0b22294b008109eaf7e/element - {"using":"xpath","value":"//*[@id=\"backBtn\"]"}
RESULT: {"script":"<script> [8489 bytes]","args":[{"element-6066-11e4-a52e-4f735466cecf":"f.003B7F97663A213565201A76C4492A9B.d.1672955B7B0CECAD5CD9E69F53AADC4B.e.6229","ELEMENT":"f.003B7F97663A213565201A76C4492A9B.d.1672955B7B0CECAD5CD9E69F53AADC4B.e.6229"}]}
COMMAND: GET /session/1d980a951abea0b22294b008109eaf7e/screenshot - {}
RESULT: {"using":"xpath","value":"//*[@id=\"backBtn\"]"}
COMMAND: POST /session/1d980a951abea0b22294b008109eaf7e/element/f.003B7F97663A213565201A76C4492A9B.d.1672955B7B0CECAD5CD9E69F53AADC4B.e.2801/click - {}
RESULT: {}
RESULT: {}
COMMAND: GET /session/1d980a951abea0b22294b008109eaf7e/screenshot - {}
RESULT: {}
COMMAND: POST /session/1d980a951abea0b22294b008109eaf7e/execute/sync - {"script":"<script> [8489 bytes]","args":[{"element-6066-11e4-a52e-4f735466cecf":"f.003B7F97663A213565201A76C4492A9B.d.1672955B7B0CECAD5CD9E69F53AADC4B.e.5986","ELEMENT":"f.003B7F97663A213565201A76C4492A9B.d.1672955B7B0CECAD5CD9E69F53AADC4B.e.5986"}]}
COMMAND: POST /session/1d980a951abea0b22294b008109eaf7e/element - {"using":"xpath","value":"//*[contains(@data-kt ,\"webshopDetailContractLink\")]"}
RESULT: {"using":"xpath","value":"//*[contains(@data-kt ,\"webshopDetailContractLink\")]"}
COMMAND: POST /session/1d980a951abea0b22294b008109eaf7e/execute/sync - {"script":"<script> [8489 bytes]","args":[{"element-6066-11e4-a52e-4f735466cecf":"f.003B7F97663A213565201A76C4492A9B.d.1672955B7B0CECAD5CD9E69F53AADC4B.e.6363","ELEMENT":"f.003B7F97663A213565201A76C4492A9B.d.1672955B7B0CECAD5CD9E69F53AADC4B.e.6363"}]}
RESULT: {"script":"<script> [8489 bytes]","args":[{"element-6066-11e4-a52e-4f735466cecf":"f.003B7F97663A213565201A76C4492A9B.d.1672955B7B0CECAD5CD9E69F53AADC4B.e.6363","ELEMENT":"f.003B7F97663A213565201A76C4492A9B.d.1672955B7B0CECAD5CD9E69F53AADC4B.e.6363"}]}
COMMAND: POST /session/1d980a951abea0b22294b008109eaf7e/execute/sync - {"script":"<script> [5351 bytes]","args":[{"element-6066-11e4-a52e-4f735466cecf":"f.003B7F97663A213565201A76C4492A9B.d.1672955B7B0CECAD5CD9E69F53AADC4B.e.6363","ELEMENT":"f.003B7F97663A213565201A76C4492A9B.d.1672955B7B0CECAD5CD9E69F53AADC4B.e.6363"}]}
COMMAND: GET /session/1d980a951abea0b22294b008109eaf7e/screenshot - {}
RESULT: {"script":"<script> [5351 bytes]","args":[{"element-6066-11e4-a52e-4f735466cecf":"f.003B7F97663A213565201A76C4492A9B.d.1672955B7B0CECAD5CD9E69F53AADC4B.e.6363","ELEMENT":"f.003B7F97663A213565201A76C4492A9B.d.1672955B7B0CECAD5CD9E69F53AADC4B.e.6363"}]}
COMMAND: POST /session/1d980a951abea0b22294b008109eaf7e/element - {"using":"xpath","value":"//*[contains(@data-kt ,\"webshopDetailContractLink\")]"}
COMMAND: GET /session/1d980a951abea0b22294b008109eaf7e/screenshot - {}
RESULT: {}
RESULT: {"using":"xpath","value":"//*[contains(@data-kt ,\"webshopDetailContractLink\")]"}
COMMAND: POST /session/1d980a951abea0b22294b008109eaf7e/element/f.003B7F97663A213565201A76C4492A9B.d.1672955B7B0CECAD5CD9E69F53AADC4B.e.6363/click - {}
RESULT: {}
RESULT: {}
COMMAND: GET /session/1d980a951abea0b22294b008109eaf7e/screenshot - {}
RESULT: {}
COMMAND: POST /session/1d980a951abea0b22294b008109eaf7e/element - {"using":"xpath","value":"//button[contains(@data-kt ,\"ContextMenuExternalId2Link\")]"}
RESULT: {"using":"xpath","value":"//button[contains(@data-kt ,\"ContextMenuExternalId2Link\")]"}
COMMAND: POST /session/1d980a951abea0b22294b008109eaf7e/element/f.003B7F97663A213565201A76C4492A9B.d.1672955B7B0CECAD5CD9E69F53AADC4B.e.6364/click - {}
RESULT: {}
COMMAND: GET /session/1d980a951abea0b22294b008109eaf7e/screenshot - {}
RESULT: {}
COMMAND: GET /session/1d980a951abea0b22294b008109eaf7e/window/handles - {}
RESULT: {}
COMMAND: POST /session/1d980a951abea0b22294b008109eaf7e/window - {"handle":"573F285A30BCA631D3A99105599A9FDD"}
RESULT: {"handle":"573F285A30BCA631D3A99105599A9FDD"}
COMMAND: GET /session/1d980a951abea0b22294b008109eaf7e/url - {}
RESULT: {}
COMMAND: GET /session/1d980a951abea0b22294b008109eaf7e/screenshot - {}
RESULT: {}
COMMAND: POST /session/1d980a951abea0b22294b008109eaf7e/execute/sync - {"script":"<script> [8489 bytes]","args":[{"element-6066-11e4-a52e-4f735466cecf":"f.003B7F97663A213565201A76C4492A9B.d.1672955B7B0CECAD5CD9E69F53AADC4B.e.6229","ELEMENT":"f.003B7F97663A213565201A76C4492A9B.d.1672955B7B0CECAD5CD9E69F53AADC4B.e.6229"}]}
COMMAND: DELETE /session/1d980a951abea0b22294b008109eaf7e/window - {}
RESULT: {}
COMMAND: POST /session/1d980a951abea0b22294b008109eaf7e/window - {"handle":"003B7F97663A213565201A76C4492A9B"}
RESULT: {"handle":"003B7F97663A213565201A76C4492A9B"}
COMMAND: GET /session/1d980a951abea0b22294b008109eaf7e/url - {}
COMMAND: POST /session/1d980a951abea0b22294b008109eaf7e/element - {"using":"xpath","value":"//span[contains(@id ,\"contractDetailTitleNoExpanded\")][contains(text(), \"10130\")]"}
RESULT: {}
COMMAND: GET /session/1d980a951abea0b22294b008109eaf7e/screenshot - {}
RESULT: {"using":"xpath","value":"//span[contains(@id ,\"contractDetailTitleNoExpanded\")][contains(text(), \"10130\")]"}
COMMAND: POST /session/1d980a951abea0b22294b008109eaf7e/element - {"using":"xpath","value":"//span[contains(@id ,\"contractDetailTitleNoExpanded\")][contains(text(), \"10130\")]"}
RESULT: {}
RESULT: {"using":"xpath","value":"//span[contains(@id ,\"contractDetailTitleNoExpanded\")][contains(text(), \"10130\")]"}
COMMAND: POST /session/1d980a951abea0b22294b008109eaf7e/element - {"using":"xpath","value":"//span[contains(@id ,\"contractDetailTitleNoExpanded\")][contains(text(), \"10130\")]"}
RESULT: {"using":"xpath","value":"//span[contains(@id ,\"contractDetailTitleNoExpanded\")][contains(text(), \"10130\")]"}
COMMAND: POST /session/1d980a951abea0b22294b008109eaf7e/element - {"using":"xpath","value":"//span[contains(@id ,\"contractDetailTitleNoExpanded\")][contains(text(), \"10130\")]"}
RESULT: {"using":"xpath","value":"//span[contains(@id ,\"contractDetailTitleNoExpanded\")][contains(text(), \"10130\")]"}
COMMAND: POST /session/1d980a951abea0b22294b008109eaf7e/element - {"using":"xpath","value":"//span[contains(@id ,\"contractDetailTitleNoExpanded\")][contains(text(), \"10130\")]"}
RESULT: {"using":"xpath","value":"//span[contains(@id ,\"contractDetailTitleNoExpanded\")][contains(text(), \"10130\")]"}
COMMAND: POST /session/1d980a951abea0b22294b008109eaf7e/element - {"using":"xpath","value":"//span[contains(@id ,\"contractDetailTitleNoExpanded\")][contains(text(), \"10130\")]"}
RESULT: {"using":"xpath","value":"//span[contains(@id ,\"contractDetailTitleNoExpanded\")][contains(text(), \"10130\")]"}
COMMAND: POST /session/1d980a951abea0b22294b008109eaf7e/element - {"using":"xpath","value":"//span[contains(@id ,\"contractDetailTitleNoExpanded\")][contains(text(), \"10130\")]"}
RESULT: {"using":"xpath","value":"//span[contains(@id ,\"contractDetailTitleNoExpanded\")][contains(text(), \"10130\")]"}
COMMAND: POST /session/1d980a951abea0b22294b008109eaf7e/element - {"using":"xpath","value":"//span[contains(@id ,\"contractDetailTitleNoExpanded\")][contains(text(), \"10130\")]"}
RESULT: {"using":"xpath","value":"//span[contains(@id ,\"contractDetailTitleNoExpanded\")][contains(text(), \"10130\")]"}
COMMAND: POST /session/1d980a951abea0b22294b008109eaf7e/element - {"using":"xpath","value":"//span[contains(@id ,\"contractDetailTitleNoExpanded\")][contains(text(), \"10130\")]"}
RESULT: {"using":"xpath","value":"//span[contains(@id ,\"contractDetailTitleNoExpanded\")][contains(text(), \"10130\")]"}
COMMAND: POST /session/1d980a951abea0b22294b008109eaf7e/element - {"using":"xpath","value":"//span[contains(@id ,\"contractDetailTitleNoExpanded\")][contains(text(), \"10130\")]"}
RESULT: {"using":"xpath","value":"//span[contains(@id ,\"contractDetailTitleNoExpanded\")][contains(text(), \"10130\")]"}
COMMAND: POST /session/1d980a951abea0b22294b008109eaf7e/element - {"using":"xpath","value":"//*[contains(@data-kt ,\"webshopDetailCatalogItemLink\")]"}
RESULT: {"using":"xpath","value":"//*[contains(@data-kt ,\"webshopDetailCatalogItemLink\")]"}
COMMAND: POST /session/1d980a951abea0b22294b008109eaf7e/execute/sync - {"script":"<script> [8489 bytes]","args":[{"element-6066-11e4-a52e-4f735466cecf":"f.003B7F97663A213565201A76C4492A9B.d.1672955B7B0CECAD5CD9E69F53AADC4B.e.6514","ELEMENT":"f.003B7F97663A213565201A76C4492A9B.d.1672955B7B0CECAD5CD9E69F53AADC4B.e.6514"}]}
RESULT: {"script":"<script> [8489 bytes]","args":[{"element-6066-11e4-a52e-4f735466cecf":"f.003B7F97663A213565201A76C4492A9B.d.1672955B7B0CECAD5CD9E69F53AADC4B.e.6514","ELEMENT":"f.003B7F97663A213565201A76C4492A9B.d.1672955B7B0CECAD5CD9E69F53AADC4B.e.6514"}]}
COMMAND: POST /session/1d980a951abea0b22294b008109eaf7e/execute/sync - {"script":"<script> [5351 bytes]","args":[{"element-6066-11e4-a52e-4f735466cecf":"f.003B7F97663A213565201A76C4492A9B.d.1672955B7B0CECAD5CD9E69F53AADC4B.e.6514","ELEMENT":"f.003B7F97663A213565201A76C4492A9B.d.1672955B7B0CECAD5CD9E69F53AADC4B.e.6514"}]}
COMMAND: GET /session/1d980a951abea0b22294b008109eaf7e/screenshot - {}
COMMAND: POST /session/1d980a951abea0b22294b008109eaf7e/element - {"using":"xpath","value":"//span[contains(@id ,\"contractDetailTitleNoExpanded\")][contains(text(), \"10130\")]"}
RESULT: {"script":"<script> [5351 bytes]","args":[{"element-6066-11e4-a52e-4f735466cecf":"f.003B7F97663A213565201A76C4492A9B.d.1672955B7B0CECAD5CD9E69F53AADC4B.e.6514","ELEMENT":"f.003B7F97663A213565201A76C4492A9B.d.1672955B7B0CECAD5CD9E69F53AADC4B.e.6514"}]}
COMMAND: POST /session/1d980a951abea0b22294b008109eaf7e/element - {"using":"xpath","value":"//*[contains(@data-kt ,\"webshopDetailCatalogItemLink\")]"}
RESULT: {}
RESULT: {"using":"xpath","value":"//span[contains(@id ,\"contractDetailTitleNoExpanded\")][contains(text(), \"10130\")]"}
RESULT: {"using":"xpath","value":"//*[contains(@data-kt ,\"webshopDetailCatalogItemLink\")]"}
COMMAND: POST /session/1d980a951abea0b22294b008109eaf7e/element/f.003B7F97663A213565201A76C4492A9B.d.1672955B7B0CECAD5CD9E69F53AADC4B.e.6514/click - {}
COMMAND: GET /session/1d980a951abea0b22294b008109eaf7e/screenshot - {}
RESULT: {}
COMMAND: GET /session/1d980a951abea0b22294b008109eaf7e/screenshot - {}
COMMAND: POST /session/1d980a951abea0b22294b008109eaf7e/element - {"using":"xpath","value":"//span[contains(@id ,\"contractDetailTitleNoExpanded\")][contains(text(), \"10130\")]"}
RESULT: {}
RESULT: {}
RESULT: {"using":"xpath","value":"//span[contains(@id ,\"contractDetailTitleNoExpanded\")][contains(text(), \"10130\")]"}
COMMAND: POST /session/1d980a951abea0b22294b008109eaf7e/element - {"using":"xpath","value":"//span[contains(@id ,\"contractDetailTitleNoExpanded\")][contains(text(), \"10130\")]"}
RESULT: {"using":"xpath","value":"//span[contains(@id ,\"contractDetailTitleNoExpanded\")][contains(text(), \"10130\")]"}
COMMAND: POST /session/1d980a951abea0b22294b008109eaf7e/element - {"using":"xpath","value":"//span[contains(@id ,\"contractDetailTitleNoExpanded\")][contains(text(), \"10130\")]"}
RESULT: {"using":"xpath","value":"//span[contains(@id ,\"contractDetailTitleNoExpanded\")][contains(text(), \"10130\")]"}
COMMAND: POST /session/1d980a951abea0b22294b008109eaf7e/element - {"using":"xpath","value":"//span[contains(@id ,\"contractDetailTitleNoExpanded\")][contains(text(), \"10130\")]"}
RESULT: {"using":"xpath","value":"//span[contains(@id ,\"contractDetailTitleNoExpanded\")][contains(text(), \"10130\")]"}
COMMAND: POST /session/1d980a951abea0b22294b008109eaf7e/element - {"using":"xpath","value":"//span[contains(@id ,\"contractDetailTitleNoExpanded\")][contains(text(), \"10130\")]"}
RESULT: {"using":"xpath","value":"//span[contains(@id ,\"contractDetailTitleNoExpanded\")][contains(text(), \"10130\")]"}
COMMAND: POST /session/1d980a951abea0b22294b008109eaf7e/element - {"using":"xpath","value":"//span[contains(@id ,\"contractDetailTitleNoExpanded\")][contains(text(), \"10130\")]"}
RESULT: {"using":"xpath","value":"//span[contains(@id ,\"contractDetailTitleNoExpanded\")][contains(text(), \"10130\")]"}
COMMAND: POST /session/1d980a951abea0b22294b008109eaf7e/element - {"using":"xpath","value":"(//span[contains(text(), \"Dri-Prime CD150M Diesel Pump\")])[2]"}
RESULT: {"using":"xpath","value":"(//span[contains(text(), \"Dri-Prime CD150M Diesel Pump\")])[2]"}
COMMAND: POST /session/1d980a951abea0b22294b008109eaf7e/execute/sync - {"script":"<script> [8489 bytes]","args":[{"element-6066-11e4-a52e-4f735466cecf":"f.003B7F97663A213565201A76C4492A9B.d.1672955B7B0CECAD5CD9E69F53AADC4B.e.6521","ELEMENT":"f.003B7F97663A213565201A76C4492A9B.d.1672955B7B0CECAD5CD9E69F53AADC4B.e.6521"}]}
COMMAND: POST /session/1d980a951abea0b22294b008109eaf7e/element - {"using":"xpath","value":"(//span[contains(text(), \"Description\")])[1]"}
RESULT: {"using":"xpath","value":"(//span[contains(text(), \"Description\")])[1]"}
COMMAND: GET /session/1d980a951abea0b22294b008109eaf7e/element/f.003B7F97663A213565201A76C4492A9B.d.1672955B7B0CECAD5CD9E69F53AADC4B.e.6522/rect - {}
RESULT: {"script":"<script> [8489 bytes]","args":[{"element-6066-11e4-a52e-4f735466cecf":"f.003B7F97663A213565201A76C4492A9B.d.1672955B7B0CECAD5CD9E69F53AADC4B.e.6521","ELEMENT":"f.003B7F97663A213565201A76C4492A9B.d.1672955B7B0CECAD5CD9E69F53AADC4B.e.6521"}]}
COMMAND: GET /session/1d980a951abea0b22294b008109eaf7e/screenshot - {}
RESULT: {}
COMMAND: GET /session/1d980a951abea0b22294b008109eaf7e/window/rect - {}
RESULT: {}
RESULT: {}
COMMAND: POST /session/1d980a951abea0b22294b008109eaf7e/execute/sync - {"script":"<script> [92 bytes]","args":[]}
RESULT: {"script":"<script> [92 bytes]","args":[]}
COMMAND: POST /session/1d980a951abea0b22294b008109eaf7e/actions - {"actions":[{"id":"action10","type":"wheel","parameters":{},"actions":[{"type":"scroll","x":-1833,"y":-23,"deltaX":0,"deltaY":0,"duration":0,"origin":{"element-6066-11e4-a52e-4f735466cecf":"f.003B7F97663A213565201A76C4492A9B.d.1672955B7B0CECAD5CD9E69F53AADC4B.e.6522"}}]}]}
COMMAND: GET /session/1d980a951abea0b22294b008109eaf7e/screenshot - {}
COMMAND: POST /session/1d980a951abea0b22294b008109eaf7e/element - {"using":"xpath","value":"//span[contains(@id ,\"contractDetailTitleNoExpanded\")][contains(text(), \"10130\")]"}
RESULT: {}
RESULT: {"using":"xpath","value":"//span[contains(@id ,\"contractDetailTitleNoExpanded\")][contains(text(), \"10130\")]"}
COMMAND: POST /session/1d980a951abea0b22294b008109eaf7e/execute/sync - {"script":"<script> [79 bytes]","args":[{"element-6066-11e4-a52e-4f735466cecf":"f.003B7F97663A213565201A76C4492A9B.d.1672955B7B0CECAD5CD9E69F53AADC4B.e.6522","ELEMENT":"f.003B7F97663A213565201A76C4492A9B.d.1672955B7B0CECAD5CD9E69F53AADC4B.e.6522"},{"block":"start","inline":"nearest"}]}
RESULT: {"script":"<script> [79 bytes]","args":[{"element-6066-11e4-a52e-4f735466cecf":"f.003B7F97663A213565201A76C4492A9B.d.1672955B7B0CECAD5CD9E69F53AADC4B.e.6522","ELEMENT":"f.003B7F97663A213565201A76C4492A9B.d.1672955B7B0CECAD5CD9E69F53AADC4B.e.6522"},{"block":"start","inline":"nearest"}]}
COMMAND: GET /session/1d980a951abea0b22294b008109eaf7e/screenshot - {}
RESULT: {}
COMMAND: POST /session/1d980a951abea0b22294b008109eaf7e/element - {"using":"xpath","value":"//span[contains(@id ,\"contractDetailTitleNoExpanded\")][contains(text(), \"10130\")]"}
RESULT: {"using":"xpath","value":"//span[contains(@id ,\"contractDetailTitleNoExpanded\")][contains(text(), \"10130\")]"}
COMMAND: POST /session/1d980a951abea0b22294b008109eaf7e/element - {"using":"xpath","value":"//span[contains(@id ,\"contractDetailTitleNoExpanded\")][contains(text(), \"10130\")]"}
RESULT: {"using":"xpath","value":"//span[contains(@id ,\"contractDetailTitleNoExpanded\")][contains(text(), \"10130\")]"}
COMMAND: POST /session/1d980a951abea0b22294b008109eaf7e/element - {"using":"xpath","value":"//span[contains(@id ,\"contractDetailTitleNoExpanded\")][contains(text(), \"10130\")]"}
RESULT: {"using":"xpath","value":"//span[contains(@id ,\"contractDetailTitleNoExpanded\")][contains(text(), \"10130\")]"}
COMMAND: POST /session/1d980a951abea0b22294b008109eaf7e/element - {"using":"xpath","value":"//span[contains(@id ,\"contractDetailTitleNoExpanded\")][contains(text(), \"10130\")]"}
RESULT: {"using":"xpath","value":"//span[contains(@id ,\"contractDetailTitleNoExpanded\")][contains(text(), \"10130\")]"}
COMMAND: POST /session/1d980a951abea0b22294b008109eaf7e/element - {"using":"xpath","value":"//span[contains(@id ,\"contractDetailTitleNoExpanded\")][contains(text(), \"10130\")]"}
RESULT: {"using":"xpath","value":"//span[contains(@id ,\"contractDetailTitleNoExpanded\")][contains(text(), \"10130\")]"}
COMMAND: POST /session/1d980a951abea0b22294b008109eaf7e/element - {"using":"xpath","value":"(//textarea[@rows=\"15\"])[1]"}
RESULT: {"using":"xpath","value":"(//textarea[@rows=\"15\"])[1]"}
COMMAND: POST /session/1d980a951abea0b22294b008109eaf7e/execute/sync - {"script":"<script> [8489 bytes]","args":[{"element-6066-11e4-a52e-4f735466cecf":"f.003B7F97663A213565201A76C4492A9B.d.1672955B7B0CECAD5CD9E69F53AADC4B.e.6520","ELEMENT":"f.003B7F97663A213565201A76C4492A9B.d.1672955B7B0CECAD5CD9E69F53AADC4B.e.6520"}]}
RESULT: {"script":"<script> [8489 bytes]","args":[{"element-6066-11e4-a52e-4f735466cecf":"f.003B7F97663A213565201A76C4492A9B.d.1672955B7B0CECAD5CD9E69F53AADC4B.e.6520","ELEMENT":"f.003B7F97663A213565201A76C4492A9B.d.1672955B7B0CECAD5CD9E69F53AADC4B.e.6520"}]}
COMMAND: GET /session/1d980a951abea0b22294b008109eaf7e/screenshot - {}
COMMAND: POST /session/1d980a951abea0b22294b008109eaf7e/element - {"using":"xpath","value":"//span[contains(@id ,\"contractDetailTitleNoExpanded\")][contains(text(), \"10130\")]"}
RESULT: {}
RESULT: {"using":"xpath","value":"//span[contains(@id ,\"contractDetailTitleNoExpanded\")][contains(text(), \"10130\")]"}
COMMAND: POST /session/1d980a951abea0b22294b008109eaf7e/element - {"using":"xpath","value":"//span[contains(@id ,\"contractDetailTitleNoExpanded\")][contains(text(), \"10130\")]"}
RESULT: {"using":"xpath","value":"//span[contains(@id ,\"contractDetailTitleNoExpanded\")][contains(text(), \"10130\")]"}
COMMAND: POST /session/1d980a951abea0b22294b008109eaf7e/element - {"using":"xpath","value":"//span[contains(@id ,\"contractDetailTitleNoExpanded\")][contains(text(), \"10130\")]"}
RESULT: {"using":"xpath","value":"//span[contains(@id ,\"contractDetailTitleNoExpanded\")][contains(text(), \"10130\")]"}
COMMAND: POST /session/1d980a951abea0b22294b008109eaf7e/element - {"using":"xpath","value":"//span[contains(@id ,\"contractDetailTitleNoExpanded\")][contains(text(), \"10130\")]"}
RESULT: {"using":"xpath","value":"//span[contains(@id ,\"contractDetailTitleNoExpanded\")][contains(text(), \"10130\")]"}
COMMAND: POST /session/1d980a951abea0b22294b008109eaf7e/element - {"using":"xpath","value":"//span[contains(@id ,\"contractDetailTitleNoExpanded\")][contains(text(), \"10130\")]"}
RESULT: {"using":"xpath","value":"//span[contains(@id ,\"contractDetailTitleNoExpanded\")][contains(text(), \"10130\")]"}
COMMAND: POST /session/1d980a951abea0b22294b008109eaf7e/element - {"using":"xpath","value":"//span[contains(@id ,\"contractDetailTitleNoExpanded\")][contains(text(), \"10130\")]"}
RESULT: {"using":"xpath","value":"//span[contains(@id ,\"contractDetailTitleNoExpanded\")][contains(text(), \"10130\")]"}
COMMAND: POST /session/1d980a951abea0b22294b008109eaf7e/element - {"using":"xpath","value":"//span[contains(@id ,\"contractDetailTitleNoExpanded\")][contains(text(), \"10130\")]"}
RESULT: {"using":"xpath","value":"//span[contains(@id ,\"contractDetailTitleNoExpanded\")][contains(text(), \"10130\")]"}
COMMAND: POST /session/1d980a951abea0b22294b008109eaf7e/element - {"using":"xpath","value":"//span[contains(@id ,\"contractDetailTitleNoExpanded\")][contains(text(), \"10130\")]"}
RESULT: {"using":"xpath","value":"//span[contains(@id ,\"contractDetailTitleNoExpanded\")][contains(text(), \"10130\")]"}
COMMAND: POST /session/1d980a951abea0b22294b008109eaf7e/element - {"using":"xpath","value":"//span[contains(@id ,\"contractDetailTitleNoExpanded\")][contains(text(), \"10130\")]"}
RESULT: {"using":"xpath","value":"//span[contains(@id ,\"contractDetailTitleNoExpanded\")][contains(text(), \"10130\")]"}
COMMAND: POST /session/1d980a951abea0b22294b008109eaf7e/element - {"using":"xpath","value":"//span[contains(@id ,\"contractDetailTitleNoExpanded\")][contains(text(), \"10130\")]"}
COMMAND: POST /session/1d980a951abea0b22294b008109eaf7e/execute/async - {"script":"<script> [1562 bytes]","args":[{"selector":{"controlType":"sap.tnt.NavigationListItem","viewName":"etm.portal.ui.webshop.view.RequestDetail","i18NText":{"propertyName":"text","key":"exit"},"interaction":{"idSuffix":"a"}},"wdio_ui5_key":"etmportal.ui.webshop.view.RequestDetailsap.tnt.NavigationListItem{\"propertyName\":\"text\",\"key\":\"exit\"}"}]}
RESULT: {"using":"xpath","value":"//span[contains(@id ,\"contractDetailTitleNoExpanded\")][contains(text(), \"10130\")]"}
RESULT: {"script":"<script> [1562 bytes]","args":[{"selector":{"controlType":"sap.tnt.NavigationListItem","viewName":"etm.portal.ui.webshop.view.RequestDetail","i18NText":{"propertyName":"text","key":"exit"},"interaction":{"idSuffix":"a"}},"wdio_ui5_key":"etmportal.ui.webshop.view.RequestDetailsap.tnt.NavigationListItem{\"propertyName\":\"text\",\"key\":\"exit\"}"}]}
RESULT: undefined
COMMAND: POST /session/1d980a951abea0b22294b008109eaf7e/element - {"using":"xpath","value":"//*[@id=\"__item1744\"]"}
COMMAND: POST /session/1d980a951abea0b22294b008109eaf7e/element - {"using":"xpath","value":"//span[contains(@id ,\"contractDetailTitleNoExpanded\")][contains(text(), \"10130\")]"}
RESULT: {"using":"xpath","value":"//*[@id=\"__item1744\"]"}
COMMAND: POST /session/1d980a951abea0b22294b008109eaf7e/element/f.003B7F97663A213565201A76C4492A9B.d.1672955B7B0CECAD5CD9E69F53AADC4B.e.6528/click - {}
RESULT: {"using":"xpath","value":"//span[contains(@id ,\"contractDetailTitleNoExpanded\")][contains(text(), \"10130\")]"}
COMMAND: POST /session/1d980a951abea0b22294b008109eaf7e/element - {"using":"xpath","value":"//span[contains(@id ,\"contractDetailTitleNoExpanded\")][contains(text(), \"10130\")]"}
RESULT: {}
COMMAND: GET /session/1d980a951abea0b22294b008109eaf7e/screenshot - {}
RESULT: {"using":"xpath","value":"//span[contains(@id ,\"contractDetailTitleNoExpanded\")][contains(text(), \"10130\")]"}
RESULT: {}
COMMAND: POST /session/1d980a951abea0b22294b008109eaf7e/element - {"using":"xpath","value":"//span[contains(@id ,\"contractDetailTitleNoExpanded\")][contains(text(), \"10130\")]"}
RESULT: {"using":"xpath","value":"//span[contains(@id ,\"contractDetailTitleNoExpanded\")][contains(text(), \"10130\")]"}
COMMAND: POST /session/1d980a951abea0b22294b008109eaf7e/element - {"using":"xpath","value":"//span[contains(@id ,\"contractDetailTitleNoExpanded\")][contains(text(), \"10130\")]"}
RESULT: {"using":"xpath","value":"//span[contains(@id ,\"contractDetailTitleNoExpanded\")][contains(text(), \"10130\")]"}
COMMAND: POST /session/1d980a951abea0b22294b008109eaf7e/element - {"using":"xpath","value":"//span[contains(@id ,\"contractDetailTitleNoExpanded\")][contains(text(), \"10130\")]"}
RESULT: {"using":"xpath","value":"//span[contains(@id ,\"contractDetailTitleNoExpanded\")][contains(text(), \"10130\")]"}
COMMAND: POST /session/1d980a951abea0b22294b008109eaf7e/element - {"using":"xpath","value":"//span[contains(@id ,\"contractDetailTitleNoExpanded\")][contains(text(), \"10130\")]"}
RESULT: {"using":"xpath","value":"//span[contains(@id ,\"contractDetailTitleNoExpanded\")][contains(text(), \"10130\")]"}
COMMAND: POST /session/1d980a951abea0b22294b008109eaf7e/element - {"using":"xpath","value":"//span[contains(@id ,\"contractDetailTitleNoExpanded\")][contains(text(), \"10130\")]"}
RESULT: {"using":"xpath","value":"//span[contains(@id ,\"contractDetailTitleNoExpanded\")][contains(text(), \"10130\")]"}
COMMAND: POST /session/1d980a951abea0b22294b008109eaf7e/element - {"using":"xpath","value":"//span[contains(@id ,\"contractDetailTitleNoExpanded\")][contains(text(), \"10130\")]"}
RESULT: {"using":"xpath","value":"//span[contains(@id ,\"contractDetailTitleNoExpanded\")][contains(text(), \"10130\")]"}
COMMAND: POST /session/1d980a951abea0b22294b008109eaf7e/element - {"using":"xpath","value":"//span[contains(@id ,\"contractDetailTitleNoExpanded\")][contains(text(), \"10130\")]"}
RESULT: {"using":"xpath","value":"//span[contains(@id ,\"contractDetailTitleNoExpanded\")][contains(text(), \"10130\")]"}
COMMAND: POST /session/1d980a951abea0b22294b008109eaf7e/element - {"using":"css selector","value":"#shell-header-logo"}
RESULT: {"using":"css selector","value":"#shell-header-logo"}
COMMAND: POST /session/1d980a951abea0b22294b008109eaf7e/element/f.003B7F97663A213565201A76C4492A9B.d.1672955B7B0CECAD5CD9E69F53AADC4B.e.2801/click - {}
RESULT: {}
COMMAND: GET /session/1d980a951abea0b22294b008109eaf7e/screenshot - {}
COMMAND: POST /session/1d980a951abea0b22294b008109eaf7e/element - {"using":"xpath","value":"//span[contains(@id ,\"contractDetailTitleNoExpanded\")][contains(text(), \"10130\")]"}
RESULT: {}
RESULT: {"using":"xpath","value":"//span[contains(@id ,\"contractDetailTitleNoExpanded\")][contains(text(), \"10130\")]"}
COMMAND: POST /session/1d980a951abea0b22294b008109eaf7e/element - {"using":"xpath","value":"//span[contains(@id ,\"contractDetailTitleNoExpanded\")][contains(text(), \"10130\")]"}
RESULT: {"using":"xpath","value":"//span[contains(@id ,\"contractDetailTitleNoExpanded\")][contains(text(), \"10130\")]"}
COMMAND: POST /session/1d980a951abea0b22294b008109eaf7e/element - {"using":"xpath","value":"//span[contains(@id ,\"contractDetailTitleNoExpanded\")][contains(text(), \"10130\")]"}
RESULT: {"using":"xpath","value":"//span[contains(@id ,\"contractDetailTitleNoExpanded\")][contains(text(), \"10130\")]"}
COMMAND: POST /session/1d980a951abea0b22294b008109eaf7e/element - {"using":"xpath","value":"//span[contains(@id ,\"contractDetailTitleNoExpanded\")][contains(text(), \"10130\")]"}
RESULT: {"using":"xpath","value":"//span[contains(@id ,\"contractDetailTitleNoExpanded\")][contains(text(), \"10130\")]"}
COMMAND: POST /session/1d980a951abea0b22294b008109eaf7e/element - {"using":"xpath","value":"//span[contains(@id ,\"contractDetailTitleNoExpanded\")][contains(text(), \"10130\")]"}
RESULT: {"using":"xpath","value":"//span[contains(@id ,\"contractDetailTitleNoExpanded\")][contains(text(), \"10130\")]"}
COMMAND: POST /session/1d980a951abea0b22294b008109eaf7e/element - {"using":"xpath","value":"//span[contains(@id ,\"contractDetailTitleNoExpanded\")][contains(text(), \"10130\")]"}
RESULT: {"using":"xpath","value":"//span[contains(@id ,\"contractDetailTitleNoExpanded\")][contains(text(), \"10130\")]"}
]]></system-out>
    </testcase>
  </testsuite>
  <testsuite timestamp="2025-06-12T16:26:49" time="70.244" tests="1" failures="0" errors="0" skipped="0">
    <properties>
      <property name="specId" value="0" />
      <property name="suiteName" value="Add items into the basket without creating a request US151315" />
      <property name="capabilities" value="chrome.137_0_7151_69.windows" />
      <property name="file" value="file:///D:/a/1/s/test/specs/R2C/add-items-into-basket-wo-creating-a-request.spec.js" />
    </properties>
    <testcase classname="chrome.137_0_7151_69.windows.Add_items_into_the_basket_without_creating_a_request_US151315" name="Should verify if a catalog item can be added without creating a request" time="67.041">
      <system-out><![CDATA[
RESULT: undefined
COMMAND: POST /session/1d980a951abea0b22294b008109eaf7e/element - {"using":"xpath","value":"//*[@id=\"__tile51\"]"}
RESULT: {"using":"xpath","value":"//*[@id=\"__tile51\"]"}
COMMAND: POST /session/1d980a951abea0b22294b008109eaf7e/element/f.003B7F97663A213565201A76C4492A9B.d.1672955B7B0CECAD5CD9E69F53AADC4B.e.2558/click - {}
COMMAND: POST /session/1d980a951abea0b22294b008109eaf7e/element - {"using":"xpath","value":"//span[contains(@id ,\"contractDetailTitleNoExpanded\")][contains(text(), \"10130\")]"}
RESULT: {}
COMMAND: GET /session/1d980a951abea0b22294b008109eaf7e/screenshot - {}
RESULT: {"using":"xpath","value":"//span[contains(@id ,\"contractDetailTitleNoExpanded\")][contains(text(), \"10130\")]"}
COMMAND: POST /session/1d980a951abea0b22294b008109eaf7e/element - {"using":"xpath","value":"//span[contains(@id ,\"contractDetailTitleNoExpanded\")][contains(text(), \"10130\")]"}
RESULT: {}
RESULT: {"using":"xpath","value":"//span[contains(@id ,\"contractDetailTitleNoExpanded\")][contains(text(), \"10130\")]"}
COMMAND: POST /session/1d980a951abea0b22294b008109eaf7e/element - {"using":"xpath","value":"//span[contains(@id ,\"contractDetailTitleNoExpanded\")][contains(text(), \"10130\")]"}
RESULT: {"using":"xpath","value":"//span[contains(@id ,\"contractDetailTitleNoExpanded\")][contains(text(), \"10130\")]"}
COMMAND: POST /session/1d980a951abea0b22294b008109eaf7e/elements - {"using":"xpath","value":"//span[text()='Error']"}
RESULT: {"using":"xpath","value":"//span[text()='Error']"}
COMMAND: POST /session/1d980a951abea0b22294b008109eaf7e/element - {"using":"xpath","value":"//span[contains(@id ,\"contractDetailTitleNoExpanded\")][contains(text(), \"10130\")]"}
RESULT: {"using":"xpath","value":"//span[contains(@id ,\"contractDetailTitleNoExpanded\")][contains(text(), \"10130\")]"}
COMMAND: POST /session/1d980a951abea0b22294b008109eaf7e/element - {"using":"xpath","value":"//span[contains(@id ,\"contractDetailTitleNoExpanded\")][contains(text(), \"10130\")]"}
RESULT: {"using":"xpath","value":"//span[contains(@id ,\"contractDetailTitleNoExpanded\")][contains(text(), \"10130\")]"}
COMMAND: POST /session/1d980a951abea0b22294b008109eaf7e/element - {"using":"xpath","value":"//span[contains(@id ,\"contractDetailTitleNoExpanded\")][contains(text(), \"10130\")]"}
RESULT: {"using":"xpath","value":"//span[contains(@id ,\"contractDetailTitleNoExpanded\")][contains(text(), \"10130\")]"}
COMMAND: POST /session/1d980a951abea0b22294b008109eaf7e/element - {"using":"xpath","value":"//span[contains(@id ,\"contractDetailTitleNoExpanded\")][contains(text(), \"10130\")]"}
RESULT: {"using":"xpath","value":"//span[contains(@id ,\"contractDetailTitleNoExpanded\")][contains(text(), \"10130\")]"}
COMMAND: POST /session/1d980a951abea0b22294b008109eaf7e/element - {"using":"xpath","value":"//span[contains(@id ,\"contractDetailTitleNoExpanded\")][contains(text(), \"10130\")]"}
RESULT: {"using":"xpath","value":"//span[contains(@id ,\"contractDetailTitleNoExpanded\")][contains(text(), \"10130\")]"}
COMMAND: POST /session/1d980a951abea0b22294b008109eaf7e/element - {"using":"xpath","value":"//span[contains(@id ,\"contractDetailTitleNoExpanded\")][contains(text(), \"10130\")]"}
RESULT: {"using":"xpath","value":"//span[contains(@id ,\"contractDetailTitleNoExpanded\")][contains(text(), \"10130\")]"}
COMMAND: POST /session/1d980a951abea0b22294b008109eaf7e/element - {"using":"xpath","value":"//span[contains(@id ,\"contractDetailTitleNoExpanded\")][contains(text(), \"10130\")]"}
RESULT: {"using":"xpath","value":"//span[contains(@id ,\"contractDetailTitleNoExpanded\")][contains(text(), \"10130\")]"}
COMMAND: POST /session/1d980a951abea0b22294b008109eaf7e/element - {"using":"xpath","value":"//span[contains(@id ,\"contractDetailTitleNoExpanded\")][contains(text(), \"10130\")]"}
RESULT: {"using":"xpath","value":"//span[contains(@id ,\"contractDetailTitleNoExpanded\")][contains(text(), \"10130\")]"}
COMMAND: POST /session/1d980a951abea0b22294b008109eaf7e/element - {"using":"xpath","value":"//span[contains(@id ,\"contractDetailTitleNoExpanded\")][contains(text(), \"10130\")]"}
RESULT: {"using":"xpath","value":"//span[contains(@id ,\"contractDetailTitleNoExpanded\")][contains(text(), \"10130\")]"}
COMMAND: POST /session/1d980a951abea0b22294b008109eaf7e/element - {"using":"xpath","value":"//span[contains(@id ,\"contractDetailTitleNoExpanded\")][contains(text(), \"10130\")]"}
RESULT: {"using":"xpath","value":"//span[contains(@id ,\"contractDetailTitleNoExpanded\")][contains(text(), \"10130\")]"}
COMMAND: POST /session/1d980a951abea0b22294b008109eaf7e/element - {"using":"xpath","value":"//span[contains(@id ,\"contractDetailTitleNoExpanded\")][contains(text(), \"10130\")]"}
RESULT: {"using":"xpath","value":"//span[contains(@id ,\"contractDetailTitleNoExpanded\")][contains(text(), \"10130\")]"}
COMMAND: POST /session/1d980a951abea0b22294b008109eaf7e/element - {"using":"xpath","value":"//span[contains(@id ,\"contractDetailTitleNoExpanded\")][contains(text(), \"10130\")]"}
RESULT: {"using":"xpath","value":"//span[contains(@id ,\"contractDetailTitleNoExpanded\")][contains(text(), \"10130\")]"}
COMMAND: POST /session/1d980a951abea0b22294b008109eaf7e/element - {"using":"xpath","value":"//span[contains(@id ,\"contractDetailTitleNoExpanded\")][contains(text(), \"10130\")]"}
RESULT: {"using":"xpath","value":"//span[contains(@id ,\"contractDetailTitleNoExpanded\")][contains(text(), \"10130\")]"}
COMMAND: POST /session/1d980a951abea0b22294b008109eaf7e/element - {"using":"xpath","value":"//span[contains(@id ,\"contractDetailTitleNoExpanded\")][contains(text(), \"10130\")]"}
RESULT: {"using":"xpath","value":"//span[contains(@id ,\"contractDetailTitleNoExpanded\")][contains(text(), \"10130\")]"}
COMMAND: POST /session/1d980a951abea0b22294b008109eaf7e/element - {"using":"css selector","value":"#requestCreationDialog--createRequestPopUp-title-inner"}
RESULT: {"using":"css selector","value":"#requestCreationDialog--createRequestPopUp-title-inner"}
COMMAND: POST /session/1d980a951abea0b22294b008109eaf7e/execute/sync - {"script":"<script> [8489 bytes]","args":[{"element-6066-11e4-a52e-4f735466cecf":"f.003B7F97663A213565201A76C4492A9B.d.1672955B7B0CECAD5CD9E69F53AADC4B.e.6581","ELEMENT":"f.003B7F97663A213565201A76C4492A9B.d.1672955B7B0CECAD5CD9E69F53AADC4B.e.6581"}]}
RESULT: {"script":"<script> [8489 bytes]","args":[{"element-6066-11e4-a52e-4f735466cecf":"f.003B7F97663A213565201A76C4492A9B.d.1672955B7B0CECAD5CD9E69F53AADC4B.e.6581","ELEMENT":"f.003B7F97663A213565201A76C4492A9B.d.1672955B7B0CECAD5CD9E69F53AADC4B.e.6581"}]}
COMMAND: GET /session/1d980a951abea0b22294b008109eaf7e/element/f.003B7F97663A213565201A76C4492A9B.d.1672955B7B0CECAD5CD9E69F53AADC4B.e.6581/enabled - {}
COMMAND: GET /session/1d980a951abea0b22294b008109eaf7e/screenshot - {}
RESULT: {}
COMMAND: POST /session/1d980a951abea0b22294b008109eaf7e/element - {"using":"xpath","value":"//span[contains(@id ,\"requestCreationDialog--cancelButton-content\")]"}
COMMAND: GET /session/1d980a951abea0b22294b008109eaf7e/screenshot - {}
RESULT: {}
RESULT: {"using":"xpath","value":"//span[contains(@id ,\"requestCreationDialog--cancelButton-content\")]"}
COMMAND: POST /session/1d980a951abea0b22294b008109eaf7e/element/f.003B7F97663A213565201A76C4492A9B.d.1672955B7B0CECAD5CD9E69F53AADC4B.e.6582/click - {}
RESULT: {}
RESULT: {}
COMMAND: GET /session/1d980a951abea0b22294b008109eaf7e/screenshot - {}
RESULT: {}
COMMAND: POST /session/1d980a951abea0b22294b008109eaf7e/element - {"using":"xpath","value":"//input[contains(@id ,\"searchFiledId-I\")]"}
RESULT: {"using":"xpath","value":"//input[contains(@id ,\"searchFiledId-I\")]"}
COMMAND: POST /session/1d980a951abea0b22294b008109eaf7e/element/f.003B7F97663A213565201A76C4492A9B.d.1672955B7B0CECAD5CD9E69F53AADC4B.e.6531/value - {"text":"Dri-Prime CD150M Diesel Pump"}
RESULT: {"text":"Dri-Prime CD150M Diesel Pump"}
COMMAND: POST /session/1d980a951abea0b22294b008109eaf7e/actions - {"actions":[{"id":"action11","type":"key","parameters":{},"actions":[{"type":"keyDown","value":"î€‡"},{"type":"pause","duration":10},{"type":"keyUp","value":"î€‡"}]}]}
COMMAND: GET /session/1d980a951abea0b22294b008109eaf7e/screenshot - {}
RESULT: {"actions":[{"id":"action11","type":"key","parameters":{},"actions":[{"type":"keyDown","value":"î€‡"},{"type":"pause","duration":10},{"type":"keyUp","value":"î€‡"}]}]}
COMMAND: GET /session/1d980a951abea0b22294b008109eaf7e/screenshot - {}
RESULT: {}
RESULT: {}
COMMAND: POST /session/1d980a951abea0b22294b008109eaf7e/element - {"using":"xpath","value":"//span[contains(@id ,\"subTitle\")][contains(text(), \"Dri-Prime CD150M Diesel Pump\")]"}
RESULT: {"using":"xpath","value":"//span[contains(@id ,\"subTitle\")][contains(text(), \"Dri-Prime CD150M Diesel Pump\")]"}
COMMAND: POST /session/1d980a951abea0b22294b008109eaf7e/element/f.003B7F97663A213565201A76C4492A9B.d.1672955B7B0CECAD5CD9E69F53AADC4B.e.6589/click - {}
RESULT: {}
COMMAND: GET /session/1d980a951abea0b22294b008109eaf7e/screenshot - {}
RESULT: {}
COMMAND: POST /session/1d980a951abea0b22294b008109eaf7e/element - {"using":"xpath","value":"//bdi[contains(text(), \"Add to Request\")]"}
RESULT: {"using":"xpath","value":"//bdi[contains(text(), \"Add to Request\")]"}
COMMAND: POST /session/1d980a951abea0b22294b008109eaf7e/element/f.003B7F97663A213565201A76C4492A9B.d.1672955B7B0CECAD5CD9E69F53AADC4B.e.6602/click - {}
RESULT: {}
COMMAND: POST /session/1d980a951abea0b22294b008109eaf7e/element - {"using":"xpath","value":"//div[contains(@class ,\"sapMMessageToast sapUiSelectable sapContrast sapContrastPlus sapUiUserSelectable\")]"}
COMMAND: GET /session/1d980a951abea0b22294b008109eaf7e/screenshot - {}
RESULT: {"using":"xpath","value":"//div[contains(@class ,\"sapMMessageToast sapUiSelectable sapContrast sapContrastPlus sapUiUserSelectable\")]"}
COMMAND: POST /session/1d980a951abea0b22294b008109eaf7e/execute/sync - {"script":"<script> [8489 bytes]","args":[{"element-6066-11e4-a52e-4f735466cecf":"f.003B7F97663A213565201A76C4492A9B.d.1672955B7B0CECAD5CD9E69F53AADC4B.e.6606","ELEMENT":"f.003B7F97663A213565201A76C4492A9B.d.1672955B7B0CECAD5CD9E69F53AADC4B.e.6606"}]}
RESULT: {}
RESULT: {"script":"<script> [8489 bytes]","args":[{"element-6066-11e4-a52e-4f735466cecf":"f.003B7F97663A213565201A76C4492A9B.d.1672955B7B0CECAD5CD9E69F53AADC4B.e.6606","ELEMENT":"f.003B7F97663A213565201A76C4492A9B.d.1672955B7B0CECAD5CD9E69F53AADC4B.e.6606"}]}
COMMAND: GET /session/1d980a951abea0b22294b008109eaf7e/element/f.003B7F97663A213565201A76C4492A9B.d.1672955B7B0CECAD5CD9E69F53AADC4B.e.6606/text - {}
COMMAND: GET /session/1d980a951abea0b22294b008109eaf7e/screenshot - {}
RESULT: {}
RESULT: {}
COMMAND: POST /session/1d980a951abea0b22294b008109eaf7e/element - {"using":"xpath","value":"//bdi[contains(@id ,\"activeCartId-BDI-content\")]"}
RESULT: {"using":"xpath","value":"//bdi[contains(@id ,\"activeCartId-BDI-content\")]"}
COMMAND: GET /session/1d980a951abea0b22294b008109eaf7e/element/f.003B7F97663A213565201A76C4492A9B.d.1672955B7B0CECAD5CD9E69F53AADC4B.e.6607/text - {}
RESULT: {}
COMMAND: POST /session/1d980a951abea0b22294b008109eaf7e/element - {"using":"xpath","value":"//li[@title=\"Exit\"]"}
RESULT: {"using":"xpath","value":"//li[@title=\"Exit\"]"}
COMMAND: POST /session/1d980a951abea0b22294b008109eaf7e/element/f.003B7F97663A213565201A76C4492A9B.d.1672955B7B0CECAD5CD9E69F53AADC4B.e.6608/click - {}
RESULT: {}
COMMAND: GET /session/1d980a951abea0b22294b008109eaf7e/screenshot - {}
RESULT: {}
COMMAND: POST /session/1d980a951abea0b22294b008109eaf7e/element - {"using":"css selector","value":"#j_username"}
COMMAND: POST /session/1d980a951abea0b22294b008109eaf7e/url - {"url":"https://qa-testing-00-live-etm-ui.cfapps.eu10-004.hana.ondemand.com/"}
RESULT: {"using":"css selector","value":"#j_username"}
COMMAND: POST /session/1d980a951abea0b22294b008109eaf7e/element - {"using":"css selector","value":"#j_username"}
RESULT: {"url":"https://qa-testing-00-live-etm-ui.cfapps.eu10-004.hana.ondemand.com/"}
RESULT: undefined
RESULT: {"using":"css selector","value":"#j_username"}
COMMAND: POST /session/1d980a951abea0b22294b008109eaf7e/element - {"using":"css selector","value":"#shell-header-logo"}
COMMAND: GET /session/1d980a951abea0b22294b008109eaf7e/screenshot - {}
RESULT: {"using":"css selector","value":"#shell-header-logo"}
COMMAND: POST /session/1d980a951abea0b22294b008109eaf7e/execute/sync - {"script":"<script> [8489 bytes]","args":[{"element-6066-11e4-a52e-4f735466cecf":"f.003B7F97663A213565201A76C4492A9B.d.2A5DB9BFD65722362008EBAAF4116923.e.6626","ELEMENT":"f.003B7F97663A213565201A76C4492A9B.d.2A5DB9BFD65722362008EBAAF4116923.e.6626"}]}
RESULT: {}
RESULT: {"script":"<script> [8489 bytes]","args":[{"element-6066-11e4-a52e-4f735466cecf":"f.003B7F97663A213565201A76C4492A9B.d.2A5DB9BFD65722362008EBAAF4116923.e.6626","ELEMENT":"f.003B7F97663A213565201A76C4492A9B.d.2A5DB9BFD65722362008EBAAF4116923.e.6626"}]}
COMMAND: POST /session/1d980a951abea0b22294b008109eaf7e/element - {"using":"css selector","value":"#shell-header-logo"}
COMMAND: GET /session/1d980a951abea0b22294b008109eaf7e/screenshot - {}
RESULT: {"using":"css selector","value":"#shell-header-logo"}
COMMAND: POST /session/1d980a951abea0b22294b008109eaf7e/execute/sync - {"script":"<script> [8489 bytes]","args":[{"element-6066-11e4-a52e-4f735466cecf":"f.003B7F97663A213565201A76C4492A9B.d.2A5DB9BFD65722362008EBAAF4116923.e.6626","ELEMENT":"f.003B7F97663A213565201A76C4492A9B.d.2A5DB9BFD65722362008EBAAF4116923.e.6626"}]}
RESULT: {}
RESULT: {"script":"<script> [8489 bytes]","args":[{"element-6066-11e4-a52e-4f735466cecf":"f.003B7F97663A213565201A76C4492A9B.d.2A5DB9BFD65722362008EBAAF4116923.e.6626","ELEMENT":"f.003B7F97663A213565201A76C4492A9B.d.2A5DB9BFD65722362008EBAAF4116923.e.6626"}]}
COMMAND: POST /session/1d980a951abea0b22294b008109eaf7e/execute/sync - {"script":"<script> [5351 bytes]","args":[{"element-6066-11e4-a52e-4f735466cecf":"f.003B7F97663A213565201A76C4492A9B.d.2A5DB9BFD65722362008EBAAF4116923.e.6626","ELEMENT":"f.003B7F97663A213565201A76C4492A9B.d.2A5DB9BFD65722362008EBAAF4116923.e.6626"}]}
COMMAND: GET /session/1d980a951abea0b22294b008109eaf7e/screenshot - {}
RESULT: {"script":"<script> [5351 bytes]","args":[{"element-6066-11e4-a52e-4f735466cecf":"f.003B7F97663A213565201A76C4492A9B.d.2A5DB9BFD65722362008EBAAF4116923.e.6626","ELEMENT":"f.003B7F97663A213565201A76C4492A9B.d.2A5DB9BFD65722362008EBAAF4116923.e.6626"}]}
COMMAND: POST /session/1d980a951abea0b22294b008109eaf7e/element - {"using":"css selector","value":"#shell-header-logo"}
COMMAND: GET /session/1d980a951abea0b22294b008109eaf7e/screenshot - {}
RESULT: {}
RESULT: {"using":"css selector","value":"#shell-header-logo"}
COMMAND: POST /session/1d980a951abea0b22294b008109eaf7e/element/f.003B7F97663A213565201A76C4492A9B.d.2A5DB9BFD65722362008EBAAF4116923.e.6626/click - {}
RESULT: {}
RESULT: {}
COMMAND: GET /session/1d980a951abea0b22294b008109eaf7e/screenshot - {}
RESULT: {}
COMMAND: POST /session/1d980a951abea0b22294b008109eaf7e/execute/async - {"script":"<script> [189 bytes]","args":[]}
RESULT: {"script":"<script> [189 bytes]","args":[]}
COMMAND: POST /session/1d980a951abea0b22294b008109eaf7e/execute/async - {"script":"<script> [123 bytes]","args":[]}
RESULT: {"script":"<script> [123 bytes]","args":[]}
COMMAND: POST /session/1d980a951abea0b22294b008109eaf7e/timeouts - {"script":"<number>"}
RESULT: {"script":"<number>"}
COMMAND: GET /session/1d980a951abea0b22294b008109eaf7e/timeouts - {}
RESULT: {}
RESULT: undefined
COMMAND: POST /session/1d980a951abea0b22294b008109eaf7e/execute/async - {"script":"<script> [2676 bytes]","args":[]}
RESULT: {"script":"<script> [2676 bytes]","args":[]}
COMMAND: POST /session/1d980a951abea0b22294b008109eaf7e/execute/async - {"script":"<script> [2342 bytes]","args":[{"protocol":"http","hostname":"0.0.0.0","path":"/","capabilities":{"browserName":"chrome","goog:chromeOptions":{"binary":"C:\\Program Files\\Google\\Chrome\\Application\\chrome.exe","args":["--start-maximized"]}},"logLevel":"warn","connectionRetryTimeout":120000,"connectionRetryCount":3,"logLevels":{},"enableDirectConnect":true,"strictSSL":true,"_":"65 more keys: [\"cacheDir\",\"port\",\"requestedCapabilities\",\"automationProtocol\",\"baseUrl\",\"waitforInterval\",\"waitforTimeout\",\"onReload\",\"beforeCommand\",\"afterCommand\",\"rootDir\",\"specs\",\"suites\",\"exclude\",\"groupLogsByTestSpec\",\"excludeDriverLogs\",\"bail\",\"framework\",\"reporters\",\"services\",\"maxInstances\",\"maxInstancesPerCapability\",\"injectGlobals\",\"filesToWatch\",\"execArgv\",\"runnerEnv\",\"runner\",\"shard\",\"specFileRetries\",\"specFileRetriesDelay\",\"specFileRetriesDeferred\",\"reporterSyncInterval\",\"reporterSyncTimeout\",\"cucumberFeaturesWithLineNumbers\",\"autoCompileOpts\",\"mochaOpts\",\"jasmineOpts\",\"cucumberOpts\",\"onPrepare\",\"onWorkerStart\",\"onWorkerEnd\",\"before\",\"beforeSession\",\"beforeSuite\",\"beforeHook\",\"beforeTest\",\"afterTest\",\"afterHook\",\"afterSuite\",\"afterSession\",\"after\",\"onComplete\",\"beforeAssertion\",\"afterAssertion\",\"beforeFeature\",\"beforeScenario\",\"beforeStep\",\"afterStep\",\"afterScenario\",\"afterFeature\",\"_\",\"suite\",\"$0\",\"ignoredWorkerServices\",\"wdi5\"]"}]}
RESULT: {"script":"<script> [2342 bytes]","args":[{"protocol":"http","hostname":"0.0.0.0","path":"/","capabilities":{"browserName":"chrome","goog:chromeOptions":{"binary":"C:\\Program Files\\Google\\Chrome\\Application\\chrome.exe","args":["--start-maximized"]}},"logLevel":"warn","connectionRetryTimeout":120000,"connectionRetryCount":3,"logLevels":{},"enableDirectConnect":true,"strictSSL":true,"_":"65 more keys: [\"cacheDir\",\"port\",\"requestedCapabilities\",\"automationProtocol\",\"baseUrl\",\"waitforInterval\",\"waitforTimeout\",\"onReload\",\"beforeCommand\",\"afterCommand\",\"rootDir\",\"specs\",\"suites\",\"exclude\",\"groupLogsByTestSpec\",\"excludeDriverLogs\",\"bail\",\"framework\",\"reporters\",\"services\",\"maxInstances\",\"maxInstancesPerCapability\",\"injectGlobals\",\"filesToWatch\",\"execArgv\",\"runnerEnv\",\"runner\",\"shard\",\"specFileRetries\",\"specFileRetriesDelay\",\"specFileRetriesDeferred\",\"reporterSyncInterval\",\"reporterSyncTimeout\",\"cucumberFeaturesWithLineNumbers\",\"autoCompileOpts\",\"mochaOpts\",\"jasmineOpts\",\"cucumberOpts\",\"onPrepare\",\"onWorkerStart\",\"onWorkerEnd\",\"before\",\"beforeSession\",\"beforeSuite\",\"beforeHook\",\"beforeTest\",\"afterTest\",\"afterHook\",\"afterSuite\",\"afterSession\",\"after\",\"onComplete\",\"beforeAssertion\",\"afterAssertion\",\"beforeFeature\",\"beforeScenario\",\"beforeStep\",\"afterStep\",\"afterScenario\",\"afterFeature\",\"_\",\"suite\",\"$0\",\"ignoredWorkerServices\",\"wdi5\"]"}]}
COMMAND: POST /session/1d980a951abea0b22294b008109eaf7e/execute/async - {"script":"<script> [21126 bytes]","args":[35000]}
RESULT: {"script":"<script> [21126 bytes]","args":[35000]}
COMMAND: POST /session/1d980a951abea0b22294b008109eaf7e/window/maximize - {}
RESULT: {}
COMMAND: POST /session/1d980a951abea0b22294b008109eaf7e/execute/async - {"script":"<script> [1562 bytes]","args":[{"selector":{"id":"shell-header","interaction":{"idSuffix":"icon"}},"wdio_ui5_key":"shellheader"}]}
COMMAND: GET /session/1d980a951abea0b22294b008109eaf7e/screenshot - {}
RESULT: {"script":"<script> [1562 bytes]","args":[{"selector":{"id":"shell-header","interaction":{"idSuffix":"icon"}},"wdio_ui5_key":"shellheader"}]}
RESULT: undefined
RESULT: {}
COMMAND: POST /session/1d980a951abea0b22294b008109eaf7e/execute/async - {"script":"<script> [1562 bytes]","args":[{"selector":{"controlType":"sap.m.Title","i18NText":{"propertyName":"text","key":"dataCollectionAgreement"},"searchOpenDialogs":true},"wdio_ui5_key":"sapm.Title{\"propertyName\":\"text\",\"key\":\"dataCollectionAgreement\"}"}]}
RESULT: {"script":"<script> [1562 bytes]","args":[{"selector":{"controlType":"sap.m.Title","i18NText":{"propertyName":"text","key":"dataCollectionAgreement"},"searchOpenDialogs":true},"wdio_ui5_key":"sapm.Title{\"propertyName\":\"text\",\"key\":\"dataCollectionAgreement\"}"}]}
RESULT: undefined
]]></system-out>
    </testcase>
  </testsuite>
  <testsuite timestamp="2025-06-12T16:27:59" time="171.062" tests="2" failures="0" errors="0" skipped="0">
    <properties>
      <property name="specId" value="0" />
      <property name="suiteName" value=" Webshop - Request management - Verifying the Master List - Filtering /Sorting - Deleting - Creating US151314" />
      <property name="capabilities" value="chrome.137_0_7151_69.windows" />
      <property name="file" value="file:///D:/a/1/s/test/specs/R2C/webshop-request-management-verify-master-list.spec.js" />
    </properties>
    <testcase classname="chrome.137_0_7151_69.windows._Webshop_-_Request_management_-_Verifying_the_Master_List_-_Filtering_/Sorting_-_Deleting_-_Creating_US151314" name="Should navigate to request management in webshop and verify the filters" time="118.818">
      <system-out><![CDATA[
COMMAND: POST /session/1d980a951abea0b22294b008109eaf7e/execute/async - {"script":"<script> [1562 bytes]","args":[{"selector":{"controlType":"sap.m.GenericTile","properties":{"header":"Webshop"}},"wdio_ui5_key":"sapm.GenericTile{\"header\":\"Webshop\"}"}]}
RESULT: {"script":"<script> [1562 bytes]","args":[{"selector":{"controlType":"sap.m.GenericTile","properties":{"header":"Webshop"}},"wdio_ui5_key":"sapm.GenericTile{\"header\":\"Webshop\"}"}]}
RESULT: undefined
COMMAND: POST /session/1d980a951abea0b22294b008109eaf7e/element - {"using":"xpath","value":"//*[@id=\"__tile51\"]"}
RESULT: {"using":"xpath","value":"//*[@id=\"__tile51\"]"}
COMMAND: POST /session/1d980a951abea0b22294b008109eaf7e/element/f.003B7F97663A213565201A76C4492A9B.d.2A5DB9BFD65722362008EBAAF4116923.e.6640/click - {}
RESULT: {}
COMMAND: GET /session/1d980a951abea0b22294b008109eaf7e/screenshot - {}
RESULT: {}
COMMAND: POST /session/1d980a951abea0b22294b008109eaf7e/elements - {"using":"xpath","value":"//span[text()='Error']"}
RESULT: {"using":"xpath","value":"//span[text()='Error']"}
COMMAND: POST /session/1d980a951abea0b22294b008109eaf7e/execute/async - {"script":"<script> [1562 bytes]","args":[{"selector":{"id":"requestCreationDialog--cancelButton","searchOpenDialogs":true,"interaction":{"idSuffix":"BDI-content"}},"wdio_ui5_key":"requestCreationDialogcancelButton"}]}
RESULT: {"script":"<script> [1562 bytes]","args":[{"selector":{"id":"requestCreationDialog--cancelButton","searchOpenDialogs":true,"interaction":{"idSuffix":"BDI-content"}},"wdio_ui5_key":"requestCreationDialogcancelButton"}]}
RESULT: undefined
COMMAND: POST /session/1d980a951abea0b22294b008109eaf7e/element - {"using":"xpath","value":"//*[@id=\"requestCreationDialog--cancelButton\"]"}
RESULT: {"using":"xpath","value":"//*[@id=\"requestCreationDialog--cancelButton\"]"}
COMMAND: POST /session/1d980a951abea0b22294b008109eaf7e/element/f.003B7F97663A213565201A76C4492A9B.d.2A5DB9BFD65722362008EBAAF4116923.e.6671/click - {}
RESULT: {}
COMMAND: GET /session/1d980a951abea0b22294b008109eaf7e/screenshot - {}
RESULT: {}
COMMAND: POST /session/1d980a951abea0b22294b008109eaf7e/execute/async - {"script":"<script> [1562 bytes]","args":[{"selector":{"controlType":"sap.tnt.NavigationListItem","viewName":"etm.portal.ui.webshop.view.Homepage","i18NText":{"propertyName":"text","key":"requestsManagement"},"interaction":{"idSuffix":"a"}},"wdio_ui5_key":"etmportal.ui.webshop.view.Homepagesap.tnt.NavigationListItem{\"propertyName\":\"text\",\"key\":\"requestsManagement\"}"}]}
RESULT: {"script":"<script> [1562 bytes]","args":[{"selector":{"controlType":"sap.tnt.NavigationListItem","viewName":"etm.portal.ui.webshop.view.Homepage","i18NText":{"propertyName":"text","key":"requestsManagement"},"interaction":{"idSuffix":"a"}},"wdio_ui5_key":"etmportal.ui.webshop.view.Homepagesap.tnt.NavigationListItem{\"propertyName\":\"text\",\"key\":\"requestsManagement\"}"}]}
RESULT: undefined
COMMAND: POST /session/1d980a951abea0b22294b008109eaf7e/element - {"using":"xpath","value":"//*[@id=\"__item32\"]"}
RESULT: {"using":"xpath","value":"//*[@id=\"__item32\"]"}
COMMAND: POST /session/1d980a951abea0b22294b008109eaf7e/element/f.003B7F97663A213565201A76C4492A9B.d.2A5DB9BFD65722362008EBAAF4116923.e.6673/click - {}
RESULT: {}
COMMAND: GET /session/1d980a951abea0b22294b008109eaf7e/screenshot - {}
RESULT: {}
COMMAND: POST /session/1d980a951abea0b22294b008109eaf7e/element - {"using":"xpath","value":"//input[contains(@id ,\"smartFilterBar-btnBasicSearch-I\")]"}
RESULT: {"using":"xpath","value":"//input[contains(@id ,\"smartFilterBar-btnBasicSearch-I\")]"}
COMMAND: POST /session/1d980a951abea0b22294b008109eaf7e/element/f.003B7F97663A213565201A76C4492A9B.d.2A5DB9BFD65722362008EBAAF4116923.e.6679/clear - {}
RESULT: {}
COMMAND: POST /session/1d980a951abea0b22294b008109eaf7e/element/f.003B7F97663A213565201A76C4492A9B.d.2A5DB9BFD65722362008EBAAF4116923.e.6679/value - {"text":"20001"}
COMMAND: GET /session/1d980a951abea0b22294b008109eaf7e/screenshot - {}
RESULT: {"text":"20001"}
COMMAND: GET /session/1d980a951abea0b22294b008109eaf7e/screenshot - {}
RESULT: {}
RESULT: {}
COMMAND: POST /session/1d980a951abea0b22294b008109eaf7e/actions - {"actions":[{"id":"action12","type":"key","parameters":{},"actions":[{"type":"keyDown","value":"î€‡"},{"type":"pause","duration":10},{"type":"keyUp","value":"î€‡"}]}]}
RESULT: {"actions":[{"id":"action12","type":"key","parameters":{},"actions":[{"type":"keyDown","value":"î€‡"},{"type":"pause","duration":10},{"type":"keyUp","value":"î€‡"}]}]}
COMMAND: GET /session/1d980a951abea0b22294b008109eaf7e/screenshot - {}
RESULT: {}
COMMAND: POST /session/1d980a951abea0b22294b008109eaf7e/execute/async - {"script":"<script> [1562 bytes]","args":[{"selector":{"controlType":"sap.m.Title","viewName":"etm.portal.ui.webshop.view.RequestMaster","properties":{"text":"Records (1)"}},"wdio_ui5_key":"etmportal.ui.webshop.view.RequestMastersap.m.Title{\"text\":\"Records (1)\"}"}]}
RESULT: {"script":"<script> [1562 bytes]","args":[{"selector":{"controlType":"sap.m.Title","viewName":"etm.portal.ui.webshop.view.RequestMaster","properties":{"text":"Records (1)"}},"wdio_ui5_key":"etmportal.ui.webshop.view.RequestMastersap.m.Title{\"text\":\"Records (1)\"}"}]}
RESULT: undefined
COMMAND: POST /session/1d980a951abea0b22294b008109eaf7e/execute/async - {"script":"<script> [6424 bytes]","args":[{"element-6066-11e4-a52e-4f735466cecf":"f.003B7F97663A213565201A76C4492A9B.d.2A5DB9BFD65722362008EBAAF4116923.e.6760"},"getText",[]]}
RESULT: {"script":"<script> [6424 bytes]","args":[{"element-6066-11e4-a52e-4f735466cecf":"f.003B7F97663A213565201A76C4492A9B.d.2A5DB9BFD65722362008EBAAF4116923.e.6760"},"getText",[]]}
COMMAND: POST /session/1d980a951abea0b22294b008109eaf7e/element - {"using":"xpath","value":"//div[contains(@id ,\"smartFilterBar-btnBasicSearch-reset\")]"}
RESULT: {"using":"xpath","value":"//div[contains(@id ,\"smartFilterBar-btnBasicSearch-reset\")]"}
COMMAND: POST /session/1d980a951abea0b22294b008109eaf7e/element/f.003B7F97663A213565201A76C4492A9B.d.2A5DB9BFD65722362008EBAAF4116923.e.6761/click - {}
RESULT: {}
COMMAND: GET /session/1d980a951abea0b22294b008109eaf7e/screenshot - {}
COMMAND: POST /session/1d980a951abea0b22294b008109eaf7e/element - {"using":"xpath","value":"//input[contains(@id ,\"smartStatusFilter-inner\")]"}
RESULT: {}
RESULT: {"using":"xpath","value":"//input[contains(@id ,\"smartStatusFilter-inner\")]"}
COMMAND: POST /session/1d980a951abea0b22294b008109eaf7e/element/f.003B7F97663A213565201A76C4492A9B.d.2A5DB9BFD65722362008EBAAF4116923.e.6684/clear - {}
RESULT: {}
COMMAND: POST /session/1d980a951abea0b22294b008109eaf7e/element/f.003B7F97663A213565201A76C4492A9B.d.2A5DB9BFD65722362008EBAAF4116923.e.6684/value - {"text":"draft"}
COMMAND: GET /session/1d980a951abea0b22294b008109eaf7e/screenshot - {}
RESULT: {}
RESULT: {"text":"draft"}
COMMAND: GET /session/1d980a951abea0b22294b008109eaf7e/screenshot - {}
RESULT: {}
COMMAND: POST /session/1d980a951abea0b22294b008109eaf7e/actions - {"actions":[{"id":"action13","type":"key","parameters":{},"actions":[{"type":"keyDown","value":"î€‡"},{"type":"pause","duration":10},{"type":"keyUp","value":"î€‡"}]}]}
RESULT: {"actions":[{"id":"action13","type":"key","parameters":{},"actions":[{"type":"keyDown","value":"î€‡"},{"type":"pause","duration":10},{"type":"keyUp","value":"î€‡"}]}]}
COMMAND: GET /session/1d980a951abea0b22294b008109eaf7e/screenshot - {}
RESULT: {}
COMMAND: POST /session/1d980a951abea0b22294b008109eaf7e/execute/async - {"script":"<script> [1562 bytes]","args":[{"selector":{"controlType":"sap.m.ObjectStatus","viewName":"etm.portal.ui.webshop.view.RequestMaster","bindingPath":{"propertyPath":"STATUS_DESCRIPTION"}},"wdio_ui5_key":"etmportal.ui.webshop.view.RequestMastersap.m.ObjectStatus{\"propertyPath\":\"STATUS_DESCRIPTION\"}"}]}
RESULT: {"script":"<script> [1562 bytes]","args":[{"selector":{"controlType":"sap.m.ObjectStatus","viewName":"etm.portal.ui.webshop.view.RequestMaster","bindingPath":{"propertyPath":"STATUS_DESCRIPTION"}},"wdio_ui5_key":"etmportal.ui.webshop.view.RequestMastersap.m.ObjectStatus{\"propertyPath\":\"STATUS_DESCRIPTION\"}"}]}
RESULT: undefined
COMMAND: POST /session/1d980a951abea0b22294b008109eaf7e/execute/async - {"script":"<script> [6424 bytes]","args":[{"element-6066-11e4-a52e-4f735466cecf":"f.003B7F97663A213565201A76C4492A9B.d.2A5DB9BFD65722362008EBAAF4116923.e.6826"},"getText",[]]}
RESULT: {"script":"<script> [6424 bytes]","args":[{"element-6066-11e4-a52e-4f735466cecf":"f.003B7F97663A213565201A76C4492A9B.d.2A5DB9BFD65722362008EBAAF4116923.e.6826"},"getText",[]]}
COMMAND: POST /session/1d980a951abea0b22294b008109eaf7e/element - {"using":"xpath","value":"//span[contains(@title ,\"Remove\")]"}
RESULT: {"using":"xpath","value":"//span[contains(@title ,\"Remove\")]"}
COMMAND: POST /session/1d980a951abea0b22294b008109eaf7e/element/f.003B7F97663A213565201A76C4492A9B.d.2A5DB9BFD65722362008EBAAF4116923.e.6827/click - {}
RESULT: {}
COMMAND: GET /session/1d980a951abea0b22294b008109eaf7e/screenshot - {}
COMMAND: POST /session/1d980a951abea0b22294b008109eaf7e/element - {"using":"xpath","value":"//input[contains(@id ,\"smartStatusFilter-inner\")]"}
RESULT: {}
RESULT: {"using":"xpath","value":"//input[contains(@id ,\"smartStatusFilter-inner\")]"}
COMMAND: POST /session/1d980a951abea0b22294b008109eaf7e/element/f.003B7F97663A213565201A76C4492A9B.d.2A5DB9BFD65722362008EBAAF4116923.e.6684/clear - {}
RESULT: {}
COMMAND: POST /session/1d980a951abea0b22294b008109eaf7e/element/f.003B7F97663A213565201A76C4492A9B.d.2A5DB9BFD65722362008EBAAF4116923.e.6684/value - {"text":"created"}
COMMAND: GET /session/1d980a951abea0b22294b008109eaf7e/screenshot - {}
RESULT: {"text":"created"}
COMMAND: GET /session/1d980a951abea0b22294b008109eaf7e/screenshot - {}
RESULT: {}
RESULT: {}
COMMAND: POST /session/1d980a951abea0b22294b008109eaf7e/actions - {"actions":[{"id":"action14","type":"key","parameters":{},"actions":[{"type":"keyDown","value":"î€‡"},{"type":"pause","duration":10},{"type":"keyUp","value":"î€‡"}]}]}
RESULT: {"actions":[{"id":"action14","type":"key","parameters":{},"actions":[{"type":"keyDown","value":"î€‡"},{"type":"pause","duration":10},{"type":"keyUp","value":"î€‡"}]}]}
COMMAND: GET /session/1d980a951abea0b22294b008109eaf7e/screenshot - {}
RESULT: {}
RESULT: undefined
COMMAND: POST /session/1d980a951abea0b22294b008109eaf7e/execute/async - {"script":"<script> [6424 bytes]","args":[{"element-6066-11e4-a52e-4f735466cecf":"f.003B7F97663A213565201A76C4492A9B.d.2A5DB9BFD65722362008EBAAF4116923.e.6826"},"getText",[]]}
COMMAND: POST /session/1d980a951abea0b22294b008109eaf7e/execute/async - {"script":"<script> [1562 bytes]","args":[{"selector":{"controlType":"sap.m.ObjectStatus","viewName":"etm.portal.ui.webshop.view.RequestMaster","bindingPath":{"propertyPath":"STATUS_DESCRIPTION"}},"wdio_ui5_key":"etmportal.ui.webshop.view.RequestMastersap.m.ObjectStatus{\"propertyPath\":\"STATUS_DESCRIPTION\"}"}]}
RESULT: {"script":"<script> [1562 bytes]","args":[{"selector":{"controlType":"sap.m.ObjectStatus","viewName":"etm.portal.ui.webshop.view.RequestMaster","bindingPath":{"propertyPath":"STATUS_DESCRIPTION"}},"wdio_ui5_key":"etmportal.ui.webshop.view.RequestMastersap.m.ObjectStatus{\"propertyPath\":\"STATUS_DESCRIPTION\"}"}]}
COMMAND: POST /session/1d980a951abea0b22294b008109eaf7e/execute/async - {"script":"<script> [6424 bytes]","args":[{"element-6066-11e4-a52e-4f735466cecf":"f.003B7F97663A213565201A76C4492A9B.d.2A5DB9BFD65722362008EBAAF4116923.e.7005"},"getText",[]]}
RESULT: {"script":"<script> [6424 bytes]","args":[{"element-6066-11e4-a52e-4f735466cecf":"f.003B7F97663A213565201A76C4492A9B.d.2A5DB9BFD65722362008EBAAF4116923.e.7005"},"getText",[]]}
COMMAND: POST /session/1d980a951abea0b22294b008109eaf7e/element - {"using":"xpath","value":"//span[contains(@title ,\"Remove\")]"}
RESULT: {"using":"xpath","value":"//span[contains(@title ,\"Remove\")]"}
COMMAND: POST /session/1d980a951abea0b22294b008109eaf7e/element/f.003B7F97663A213565201A76C4492A9B.d.2A5DB9BFD65722362008EBAAF4116923.e.7006/click - {}
RESULT: {}
COMMAND: GET /session/1d980a951abea0b22294b008109eaf7e/screenshot - {}
COMMAND: POST /session/1d980a951abea0b22294b008109eaf7e/execute/async - {"script":"<script> [1562 bytes]","args":[{"selector":{"controlType":"sap.m.Button","viewName":"etm.portal.ui.webshop.view.RequestMaster","properties":{"text":"Filters (1)"},"interaction":{"idSuffix":"BDI-content"}},"wdio_ui5_key":"etmportal.ui.webshop.view.RequestMastersap.m.Button{\"text\":\"Filters (1)\"}"}]}
RESULT: {}
RESULT: {"script":"<script> [1562 bytes]","args":[{"selector":{"controlType":"sap.m.Button","viewName":"etm.portal.ui.webshop.view.RequestMaster","properties":{"text":"Filters (1)"},"interaction":{"idSuffix":"BDI-content"}},"wdio_ui5_key":"etmportal.ui.webshop.view.RequestMastersap.m.Button{\"text\":\"Filters (1)\"}"}]}
RESULT: undefined
COMMAND: POST /session/1d980a951abea0b22294b008109eaf7e/element - {"using":"xpath","value":"//*[@id=\"__xmlview60--smartFilterBar-btnFilters\"]"}
RESULT: {"using":"xpath","value":"//*[@id=\"__xmlview60--smartFilterBar-btnFilters\"]"}
COMMAND: POST /session/1d980a951abea0b22294b008109eaf7e/element/f.003B7F97663A213565201A76C4492A9B.d.2A5DB9BFD65722362008EBAAF4116923.e.6753/click - {}
RESULT: {}
COMMAND: GET /session/1d980a951abea0b22294b008109eaf7e/screenshot - {}
RESULT: {}
COMMAND: POST /session/1d980a951abea0b22294b008109eaf7e/element - {"using":"xpath","value":"//input[contains(@id ,\"searchField-I\")]"}
RESULT: {"using":"xpath","value":"//input[contains(@id ,\"searchField-I\")]"}
COMMAND: POST /session/1d980a951abea0b22294b008109eaf7e/element/f.003B7F97663A213565201A76C4492A9B.d.2A5DB9BFD65722362008EBAAF4116923.e.7054/clear - {}
RESULT: {}
COMMAND: POST /session/1d980a951abea0b22294b008109eaf7e/element/f.003B7F97663A213565201A76C4492A9B.d.2A5DB9BFD65722362008EBAAF4116923.e.7054/value - {"text":"tags"}
COMMAND: GET /session/1d980a951abea0b22294b008109eaf7e/screenshot - {}
RESULT: {"text":"tags"}
COMMAND: GET /session/1d980a951abea0b22294b008109eaf7e/screenshot - {}
RESULT: {}
RESULT: {}
COMMAND: POST /session/1d980a951abea0b22294b008109eaf7e/element - {"using":"xpath","value":"(//div[contains(@id ,\"selectMulti\")][@role=\"checkbox\"])[8]"}
RESULT: {"using":"xpath","value":"(//div[contains(@id ,\"selectMulti\")][@role=\"checkbox\"])[8]"}
COMMAND: POST /session/1d980a951abea0b22294b008109eaf7e/element/f.003B7F97663A213565201A76C4492A9B.d.2A5DB9BFD65722362008EBAAF4116923.e.7068/click - {}
RESULT: {}
COMMAND: GET /session/1d980a951abea0b22294b008109eaf7e/screenshot - {}
RESULT: {}
COMMAND: POST /session/1d980a951abea0b22294b008109eaf7e/execute/async - {"script":"<script> [1562 bytes]","args":[{"selector":{"controlType":"sap.m.Button","viewName":"etm.portal.ui.webshop.view.RequestMaster","properties":{"text":"OK"},"searchOpenDialogs":true,"interaction":{"idSuffix":"BDI-content"}},"wdio_ui5_key":"etmportal.ui.webshop.view.RequestMastersap.m.Button{\"text\":\"OK\"}"}]}
RESULT: {"script":"<script> [1562 bytes]","args":[{"selector":{"controlType":"sap.m.Button","viewName":"etm.portal.ui.webshop.view.RequestMaster","properties":{"text":"OK"},"searchOpenDialogs":true,"interaction":{"idSuffix":"BDI-content"}},"wdio_ui5_key":"etmportal.ui.webshop.view.RequestMastersap.m.Button{\"text\":\"OK\"}"}]}
RESULT: undefined
COMMAND: POST /session/1d980a951abea0b22294b008109eaf7e/element - {"using":"xpath","value":"//*[@id=\"__xmlview60--smartFilterBar-adapt-filters-dialog-confirmBtn\"]"}
RESULT: {"using":"xpath","value":"//*[@id=\"__xmlview60--smartFilterBar-adapt-filters-dialog-confirmBtn\"]"}
COMMAND: POST /session/1d980a951abea0b22294b008109eaf7e/element/f.003B7F97663A213565201A76C4492A9B.d.2A5DB9BFD65722362008EBAAF4116923.e.7072/click - {}
RESULT: {}
COMMAND: GET /session/1d980a951abea0b22294b008109eaf7e/screenshot - {}
RESULT: {}
COMMAND: POST /session/1d980a951abea0b22294b008109eaf7e/element - {"using":"xpath","value":"//input[contains(@id ,\"smartFilterBar-filterItemControlA_-ALL_TAGS-inner\")]"}
RESULT: {"using":"xpath","value":"//input[contains(@id ,\"smartFilterBar-filterItemControlA_-ALL_TAGS-inner\")]"}
COMMAND: POST /session/1d980a951abea0b22294b008109eaf7e/element/f.003B7F97663A213565201A76C4492A9B.d.2A5DB9BFD65722362008EBAAF4116923.e.7080/clear - {}
RESULT: {}
COMMAND: POST /session/1d980a951abea0b22294b008109eaf7e/element/f.003B7F97663A213565201A76C4492A9B.d.2A5DB9BFD65722362008EBAAF4116923.e.7080/value - {"text":"tag1"}
COMMAND: GET /session/1d980a951abea0b22294b008109eaf7e/screenshot - {}
RESULT: {"text":"tag1"}
COMMAND: GET /session/1d980a951abea0b22294b008109eaf7e/screenshot - {}
RESULT: {}
RESULT: {}
COMMAND: POST /session/1d980a951abea0b22294b008109eaf7e/actions - {"actions":[{"id":"action15","type":"key","parameters":{},"actions":[{"type":"keyDown","value":"î€‡"},{"type":"pause","duration":10},{"type":"keyUp","value":"î€‡"}]}]}
RESULT: {"actions":[{"id":"action15","type":"key","parameters":{},"actions":[{"type":"keyDown","value":"î€‡"},{"type":"pause","duration":10},{"type":"keyUp","value":"î€‡"}]}]}
COMMAND: GET /session/1d980a951abea0b22294b008109eaf7e/screenshot - {}
RESULT: {}
RESULT: undefined
COMMAND: POST /session/1d980a951abea0b22294b008109eaf7e/execute/async - {"script":"<script> [6424 bytes]","args":[{"element-6066-11e4-a52e-4f735466cecf":"f.003B7F97663A213565201A76C4492A9B.d.2A5DB9BFD65722362008EBAAF4116923.e.6760"},"getText",[]]}
RESULT: {"script":"<script> [6424 bytes]","args":[{"element-6066-11e4-a52e-4f735466cecf":"f.003B7F97663A213565201A76C4492A9B.d.2A5DB9BFD65722362008EBAAF4116923.e.6760"},"getText",[]]}
COMMAND: POST /session/1d980a951abea0b22294b008109eaf7e/execute/async - {"script":"<script> [1562 bytes]","args":[{"selector":{"controlType":"sap.ui.core.Icon","viewName":"etm.portal.ui.webshop.view.RequestMaster","properties":{"src":{"regex":{"source":"action\\-settings"}}}},"wdio_ui5_key":"etmportal.ui.webshop.view.RequestMastersap.ui.core.Icon{\"src\":{\"regex\":{\"source\":\"action\\\\-settings\"}}}"}]}
RESULT: {"script":"<script> [1562 bytes]","args":[{"selector":{"controlType":"sap.ui.core.Icon","viewName":"etm.portal.ui.webshop.view.RequestMaster","properties":{"src":{"regex":{"source":"action\\-settings"}}}},"wdio_ui5_key":"etmportal.ui.webshop.view.RequestMastersap.ui.core.Icon{\"src\":{\"regex\":{\"source\":\"action\\\\-settings\"}}}"}]}
RESULT: undefined
COMMAND: POST /session/1d980a951abea0b22294b008109eaf7e/element - {"using":"xpath","value":"//*[@id=\"__xmlview60--smartTable-btnPersonalisation-img\"]"}
RESULT: {"using":"xpath","value":"//*[@id=\"__xmlview60--smartTable-btnPersonalisation-img\"]"}
COMMAND: POST /session/1d980a951abea0b22294b008109eaf7e/element/f.003B7F97663A213565201A76C4492A9B.d.2A5DB9BFD65722362008EBAAF4116923.e.6712/click - {}
RESULT: {}
COMMAND: GET /session/1d980a951abea0b22294b008109eaf7e/screenshot - {}
RESULT: {}
COMMAND: POST /session/1d980a951abea0b22294b008109eaf7e/element - {"using":"xpath","value":"//input[contains(@id ,\"searchField-I\")]"}
RESULT: {"using":"xpath","value":"//input[contains(@id ,\"searchField-I\")]"}
COMMAND: POST /session/1d980a951abea0b22294b008109eaf7e/element/f.003B7F97663A213565201A76C4492A9B.d.2A5DB9BFD65722362008EBAAF4116923.e.7109/clear - {}
RESULT: {}
COMMAND: POST /session/1d980a951abea0b22294b008109eaf7e/element/f.003B7F97663A213565201A76C4492A9B.d.2A5DB9BFD65722362008EBAAF4116923.e.7109/value - {"text":"tags"}
COMMAND: GET /session/1d980a951abea0b22294b008109eaf7e/screenshot - {}
RESULT: {"text":"tags"}
COMMAND: GET /session/1d980a951abea0b22294b008109eaf7e/screenshot - {}
RESULT: {}
RESULT: {}
COMMAND: POST /session/1d980a951abea0b22294b008109eaf7e/element - {"using":"xpath","value":"(//div[contains(@id ,\"selectMulti\")][@role=\"checkbox\"])[8]"}
RESULT: {"using":"xpath","value":"(//div[contains(@id ,\"selectMulti\")][@role=\"checkbox\"])[8]"}
COMMAND: POST /session/1d980a951abea0b22294b008109eaf7e/element/f.003B7F97663A213565201A76C4492A9B.d.2A5DB9BFD65722362008EBAAF4116923.e.7177/click - {}
RESULT: {}
COMMAND: GET /session/1d980a951abea0b22294b008109eaf7e/screenshot - {}
RESULT: {}
COMMAND: POST /session/1d980a951abea0b22294b008109eaf7e/element - {"using":"xpath","value":"//div[contains(@id ,\"searchField-reset\")]"}
RESULT: {"using":"xpath","value":"//div[contains(@id ,\"searchField-reset\")]"}
COMMAND: POST /session/1d980a951abea0b22294b008109eaf7e/element - {"using":"xpath","value":"//input[contains(@id ,\"searchField-I\")]"}
RESULT: {"using":"xpath","value":"//input[contains(@id ,\"searchField-I\")]"}
COMMAND: POST /session/1d980a951abea0b22294b008109eaf7e/element/f.003B7F97663A213565201A76C4492A9B.d.2A5DB9BFD65722362008EBAAF4116923.e.7109/clear - {}
RESULT: {}
COMMAND: POST /session/1d980a951abea0b22294b008109eaf7e/element/f.003B7F97663A213565201A76C4492A9B.d.2A5DB9BFD65722362008EBAAF4116923.e.7109/value - {"text":"status"}
COMMAND: GET /session/1d980a951abea0b22294b008109eaf7e/screenshot - {}
RESULT: {"text":"status"}
COMMAND: GET /session/1d980a951abea0b22294b008109eaf7e/screenshot - {}
RESULT: {}
RESULT: {}
COMMAND: POST /session/1d980a951abea0b22294b008109eaf7e/element - {"using":"xpath","value":"(//div[contains(@id ,\"selectMulti\")][@role=\"checkbox\"])[8]"}
RESULT: {"using":"xpath","value":"(//div[contains(@id ,\"selectMulti\")][@role=\"checkbox\"])[8]"}
COMMAND: POST /session/1d980a951abea0b22294b008109eaf7e/element/f.003B7F97663A213565201A76C4492A9B.d.2A5DB9BFD65722362008EBAAF4116923.e.7177/click - {}
RESULT: {}
COMMAND: GET /session/1d980a951abea0b22294b008109eaf7e/screenshot - {}
RESULT: {}
COMMAND: POST /session/1d980a951abea0b22294b008109eaf7e/element - {"using":"xpath","value":"//bdi[contains(@id ,\"confirmBtn-BDI-content\")]"}
RESULT: {"using":"xpath","value":"//bdi[contains(@id ,\"confirmBtn-BDI-content\")]"}
COMMAND: POST /session/1d980a951abea0b22294b008109eaf7e/element/f.003B7F97663A213565201A76C4492A9B.d.2A5DB9BFD65722362008EBAAF4116923.e.7191/click - {}
RESULT: {}
COMMAND: GET /session/1d980a951abea0b22294b008109eaf7e/screenshot - {}
RESULT: {}
COMMAND: POST /session/1d980a951abea0b22294b008109eaf7e/element - {"using":"xpath","value":"(//span[contains(text(), \"Status\")])[2]"}
RESULT: {"using":"xpath","value":"(//span[contains(text(), \"Status\")])[2]"}
COMMAND: POST /session/1d980a951abea0b22294b008109eaf7e/element - {"using":"xpath","value":"(//span[contains(text(), \"Status\")])[2]"}
RESULT: {"using":"xpath","value":"(//span[contains(text(), \"Status\")])[2]"}
COMMAND: POST /session/1d980a951abea0b22294b008109eaf7e/element - {"using":"xpath","value":"(//bdi[contains(text(), \"Tags\")])[2]"}
RESULT: {"using":"xpath","value":"(//bdi[contains(text(), \"Tags\")])[2]"}
COMMAND: POST /session/1d980a951abea0b22294b008109eaf7e/execute/sync - {"script":"<script> [8489 bytes]","args":[{"element-6066-11e4-a52e-4f735466cecf":"f.003B7F97663A213565201A76C4492A9B.d.2A5DB9BFD65722362008EBAAF4116923.e.7198","ELEMENT":"f.003B7F97663A213565201A76C4492A9B.d.2A5DB9BFD65722362008EBAAF4116923.e.7198"}]}
RESULT: {"script":"<script> [8489 bytes]","args":[{"element-6066-11e4-a52e-4f735466cecf":"f.003B7F97663A213565201A76C4492A9B.d.2A5DB9BFD65722362008EBAAF4116923.e.7198","ELEMENT":"f.003B7F97663A213565201A76C4492A9B.d.2A5DB9BFD65722362008EBAAF4116923.e.7198"}]}
COMMAND: POST /session/1d980a951abea0b22294b008109eaf7e/element - {"using":"xpath","value":"//span[contains(@title ,\"Remove\")]"}
COMMAND: GET /session/1d980a951abea0b22294b008109eaf7e/screenshot - {}
RESULT: {"using":"xpath","value":"//span[contains(@title ,\"Remove\")]"}
COMMAND: POST /session/1d980a951abea0b22294b008109eaf7e/element/f.003B7F97663A213565201A76C4492A9B.d.2A5DB9BFD65722362008EBAAF4116923.e.7199/click - {}
RESULT: {}
RESULT: {}
COMMAND: GET /session/1d980a951abea0b22294b008109eaf7e/screenshot - {}
RESULT: {}
]]></system-out>
    </testcase>
    <testcase classname="chrome.137_0_7151_69.windows._Webshop_-_Request_management_-_Verifying_the_Master_List_-_Filtering_/Sorting_-_Deleting_-_Creating_US151314" name="Should verify the delete button and the requestor filter visibility on each tab" time="16.975">
      <system-out><![CDATA[
COMMAND: POST /session/1d980a951abea0b22294b008109eaf7e/element - {"using":"xpath","value":"//button[contains(@id ,\"btnDeleteRequest\")]"}
RESULT: {"using":"xpath","value":"//button[contains(@id ,\"btnDeleteRequest\")]"}
COMMAND: POST /session/1d980a951abea0b22294b008109eaf7e/element - {"using":"xpath","value":"//bdi[contains(@id ,\"INTERNAL_-REQUESTOR-bdi\")]"}
RESULT: {"using":"xpath","value":"//bdi[contains(@id ,\"INTERNAL_-REQUESTOR-bdi\")]"}
COMMAND: POST /session/1d980a951abea0b22294b008109eaf7e/element - {"using":"xpath","value":"//button[contains(@id ,\"btnDeleteRequest\")]"}
RESULT: {"using":"xpath","value":"//button[contains(@id ,\"btnDeleteRequest\")]"}
COMMAND: POST /session/1d980a951abea0b22294b008109eaf7e/execute/sync - {"script":"<script> [8489 bytes]","args":[{"element-6066-11e4-a52e-4f735466cecf":"f.003B7F97663A213565201A76C4492A9B.d.2A5DB9BFD65722362008EBAAF4116923.e.7221","ELEMENT":"f.003B7F97663A213565201A76C4492A9B.d.2A5DB9BFD65722362008EBAAF4116923.e.7221"}]}
RESULT: {"script":"<script> [8489 bytes]","args":[{"element-6066-11e4-a52e-4f735466cecf":"f.003B7F97663A213565201A76C4492A9B.d.2A5DB9BFD65722362008EBAAF4116923.e.7221","ELEMENT":"f.003B7F97663A213565201A76C4492A9B.d.2A5DB9BFD65722362008EBAAF4116923.e.7221"}]}
COMMAND: GET /session/1d980a951abea0b22294b008109eaf7e/screenshot - {}
RESULT: {}
COMMAND: POST /session/1d980a951abea0b22294b008109eaf7e/element - {"using":"xpath","value":"(//span[contains(text(), \"Draft\")])[1]"}
RESULT: {"using":"xpath","value":"(//span[contains(text(), \"Draft\")])[1]"}
COMMAND: POST /session/1d980a951abea0b22294b008109eaf7e/element/f.003B7F97663A213565201A76C4492A9B.d.2A5DB9BFD65722362008EBAAF4116923.e.7222/click - {}
RESULT: {}
COMMAND: GET /session/1d980a951abea0b22294b008109eaf7e/screenshot - {}
RESULT: {}
COMMAND: POST /session/1d980a951abea0b22294b008109eaf7e/element - {"using":"xpath","value":"//button[contains(@id ,\"btnDeleteRequest\")]"}
RESULT: {"using":"xpath","value":"//button[contains(@id ,\"btnDeleteRequest\")]"}
COMMAND: POST /session/1d980a951abea0b22294b008109eaf7e/execute/sync - {"script":"<script> [8489 bytes]","args":[{"element-6066-11e4-a52e-4f735466cecf":"f.003B7F97663A213565201A76C4492A9B.d.2A5DB9BFD65722362008EBAAF4116923.e.7253","ELEMENT":"f.003B7F97663A213565201A76C4492A9B.d.2A5DB9BFD65722362008EBAAF4116923.e.7253"}]}
RESULT: {"script":"<script> [8489 bytes]","args":[{"element-6066-11e4-a52e-4f735466cecf":"f.003B7F97663A213565201A76C4492A9B.d.2A5DB9BFD65722362008EBAAF4116923.e.7253","ELEMENT":"f.003B7F97663A213565201A76C4492A9B.d.2A5DB9BFD65722362008EBAAF4116923.e.7253"}]}
COMMAND: POST /session/1d980a951abea0b22294b008109eaf7e/execute/sync - {"script":"<script> [8489 bytes]","args":[{"element-6066-11e4-a52e-4f735466cecf":"f.003B7F97663A213565201A76C4492A9B.d.2A5DB9BFD65722362008EBAAF4116923.e.7221","ELEMENT":"f.003B7F97663A213565201A76C4492A9B.d.2A5DB9BFD65722362008EBAAF4116923.e.7221"}]}
COMMAND: GET /session/1d980a951abea0b22294b008109eaf7e/screenshot - {}
COMMAND: POST /session/1d980a951abea0b22294b008109eaf7e/element - {"using":"xpath","value":"//bdi[contains(@id ,\"INTERNAL_-REQUESTOR-bdi\")]"}
RESULT: {}
RESULT: {"using":"xpath","value":"//bdi[contains(@id ,\"INTERNAL_-REQUESTOR-bdi\")]"}
COMMAND: POST /session/1d980a951abea0b22294b008109eaf7e/element - {"using":"xpath","value":"//bdi[contains(@id ,\"INTERNAL_-REQUESTOR-bdi\")]"}
RESULT: {"using":"xpath","value":"//bdi[contains(@id ,\"INTERNAL_-REQUESTOR-bdi\")]"}
COMMAND: POST /session/1d980a951abea0b22294b008109eaf7e/element - {"using":"xpath","value":"(//span[contains(text(), \"Proposal\")])[1]"}
RESULT: {"using":"xpath","value":"(//span[contains(text(), \"Proposal\")])[1]"}
COMMAND: POST /session/1d980a951abea0b22294b008109eaf7e/element/f.003B7F97663A213565201A76C4492A9B.d.2A5DB9BFD65722362008EBAAF4116923.e.7271/click - {}
RESULT: {}
COMMAND: GET /session/1d980a951abea0b22294b008109eaf7e/screenshot - {}
RESULT: {}
COMMAND: POST /session/1d980a951abea0b22294b008109eaf7e/execute/sync - {"script":"<script> [8489 bytes]","args":[{"element-6066-11e4-a52e-4f735466cecf":"f.003B7F97663A213565201A76C4492A9B.d.2A5DB9BFD65722362008EBAAF4116923.e.7253","ELEMENT":"f.003B7F97663A213565201A76C4492A9B.d.2A5DB9BFD65722362008EBAAF4116923.e.7253"}]}
RESULT: {"script":"<script> [8489 bytes]","args":[{"element-6066-11e4-a52e-4f735466cecf":"f.003B7F97663A213565201A76C4492A9B.d.2A5DB9BFD65722362008EBAAF4116923.e.7253","ELEMENT":"f.003B7F97663A213565201A76C4492A9B.d.2A5DB9BFD65722362008EBAAF4116923.e.7253"}]}
COMMAND: POST /session/1d980a951abea0b22294b008109eaf7e/element - {"using":"xpath","value":"//bdi[contains(@id ,\"INTERNAL_-REQUESTOR-bdi\")]"}
COMMAND: GET /session/1d980a951abea0b22294b008109eaf7e/screenshot - {}
RESULT: {"using":"xpath","value":"//bdi[contains(@id ,\"INTERNAL_-REQUESTOR-bdi\")]"}
COMMAND: POST /session/1d980a951abea0b22294b008109eaf7e/execute/sync - {"script":"<script> [8489 bytes]","args":[{"element-6066-11e4-a52e-4f735466cecf":"f.003B7F97663A213565201A76C4492A9B.d.2A5DB9BFD65722362008EBAAF4116923.e.7295","ELEMENT":"f.003B7F97663A213565201A76C4492A9B.d.2A5DB9BFD65722362008EBAAF4116923.e.7295"}]}
RESULT: {}
RESULT: {"script":"<script> [8489 bytes]","args":[{"element-6066-11e4-a52e-4f735466cecf":"f.003B7F97663A213565201A76C4492A9B.d.2A5DB9BFD65722362008EBAAF4116923.e.7295","ELEMENT":"f.003B7F97663A213565201A76C4492A9B.d.2A5DB9BFD65722362008EBAAF4116923.e.7295"}]}
COMMAND: POST /session/1d980a951abea0b22294b008109eaf7e/element - {"using":"xpath","value":"(//span[contains(text(), \"Open\")])[1]"}
COMMAND: GET /session/1d980a951abea0b22294b008109eaf7e/screenshot - {}
RESULT: {"using":"xpath","value":"(//span[contains(text(), \"Open\")])[1]"}
COMMAND: POST /session/1d980a951abea0b22294b008109eaf7e/element/f.003B7F97663A213565201A76C4492A9B.d.2A5DB9BFD65722362008EBAAF4116923.e.7296/click - {}
RESULT: {}
RESULT: {}
COMMAND: GET /session/1d980a951abea0b22294b008109eaf7e/screenshot - {}
RESULT: {}
COMMAND: POST /session/1d980a951abea0b22294b008109eaf7e/execute/sync - {"script":"<script> [8489 bytes]","args":[{"element-6066-11e4-a52e-4f735466cecf":"f.003B7F97663A213565201A76C4492A9B.d.2A5DB9BFD65722362008EBAAF4116923.e.7253","ELEMENT":"f.003B7F97663A213565201A76C4492A9B.d.2A5DB9BFD65722362008EBAAF4116923.e.7253"}]}
COMMAND: POST /session/1d980a951abea0b22294b008109eaf7e/element - {"using":"xpath","value":"//button[contains(@id ,\"btnDeleteRequest\")]"}
RESULT: {"using":"xpath","value":"//button[contains(@id ,\"btnDeleteRequest\")]"}
COMMAND: POST /session/1d980a951abea0b22294b008109eaf7e/element - {"using":"xpath","value":"//button[contains(@id ,\"btnDeleteRequest\")]"}
RESULT: {"using":"xpath","value":"//button[contains(@id ,\"btnDeleteRequest\")]"}
COMMAND: POST /session/1d980a951abea0b22294b008109eaf7e/execute/sync - {"script":"<script> [8489 bytes]","args":[{"element-6066-11e4-a52e-4f735466cecf":"f.003B7F97663A213565201A76C4492A9B.d.2A5DB9BFD65722362008EBAAF4116923.e.7295","ELEMENT":"f.003B7F97663A213565201A76C4492A9B.d.2A5DB9BFD65722362008EBAAF4116923.e.7295"}]}
RESULT: {"script":"<script> [8489 bytes]","args":[{"element-6066-11e4-a52e-4f735466cecf":"f.003B7F97663A213565201A76C4492A9B.d.2A5DB9BFD65722362008EBAAF4116923.e.7295","ELEMENT":"f.003B7F97663A213565201A76C4492A9B.d.2A5DB9BFD65722362008EBAAF4116923.e.7295"}]}
COMMAND: POST /session/1d980a951abea0b22294b008109eaf7e/element - {"using":"xpath","value":"//li[contains(@data-kt ,\"exitWebshopNavigationListItem\")]"}
COMMAND: GET /session/1d980a951abea0b22294b008109eaf7e/screenshot - {}
RESULT: {"using":"xpath","value":"//li[contains(@data-kt ,\"exitWebshopNavigationListItem\")]"}
COMMAND: POST /session/1d980a951abea0b22294b008109eaf7e/element/f.003B7F97663A213565201A76C4492A9B.d.2A5DB9BFD65722362008EBAAF4116923.e.7304/click - {}
RESULT: {}
RESULT: {}
COMMAND: GET /session/1d980a951abea0b22294b008109eaf7e/screenshot - {}
RESULT: {}
]]></system-out>
    </testcase>
  </testsuite>
  <testsuite timestamp="2025-06-12T16:30:50" time="249.7" tests="1" failures="0" errors="0" skipped="0">
    <properties>
      <property name="specId" value="0" />
      <property name="suiteName" value="Webshop edit draft change dates pickup and delete items  US151281" />
      <property name="capabilities" value="chrome.137_0_7151_69.windows" />
      <property name="file" value="file:///D:/a/1/s/test/specs/R2C/webshop-edit-draft-dates-pickup-delete-items.spec.js" />
    </properties>
    <testcase classname="chrome.137_0_7151_69.windows.Webshop_edit_draft_change_dates_pickup_and_delete_items__US151281" name="Should create a new draft and add the catalog items" time="249.472">
      <system-out><![CDATA[
RESULT: undefined
COMMAND: POST /session/1d980a951abea0b22294b008109eaf7e/element - {"using":"xpath","value":"//*[@id=\"__tile51\"]"}
RESULT: {"using":"xpath","value":"//*[@id=\"__tile51\"]"}
COMMAND: POST /session/1d980a951abea0b22294b008109eaf7e/element/f.003B7F97663A213565201A76C4492A9B.d.2A5DB9BFD65722362008EBAAF4116923.e.6640/click - {}
RESULT: {}
COMMAND: GET /session/1d980a951abea0b22294b008109eaf7e/screenshot - {}
RESULT: {}
COMMAND: POST /session/1d980a951abea0b22294b008109eaf7e/elements - {"using":"xpath","value":"//span[text()='Error']"}
RESULT: {"using":"xpath","value":"//span[text()='Error']"}
COMMAND: POST /session/1d980a951abea0b22294b008109eaf7e/element - {"using":"css selector","value":"#requestCreationDialog--createRequestPopUp-title-inner"}
RESULT: {"using":"css selector","value":"#requestCreationDialog--createRequestPopUp-title-inner"}
COMMAND: POST /session/1d980a951abea0b22294b008109eaf7e/execute/sync - {"script":"<script> [8489 bytes]","args":[{"element-6066-11e4-a52e-4f735466cecf":"f.003B7F97663A213565201A76C4492A9B.d.2A5DB9BFD65722362008EBAAF4116923.e.7366","ELEMENT":"f.003B7F97663A213565201A76C4492A9B.d.2A5DB9BFD65722362008EBAAF4116923.e.7366"}]}
RESULT: {"script":"<script> [8489 bytes]","args":[{"element-6066-11e4-a52e-4f735466cecf":"f.003B7F97663A213565201A76C4492A9B.d.2A5DB9BFD65722362008EBAAF4116923.e.7366","ELEMENT":"f.003B7F97663A213565201A76C4492A9B.d.2A5DB9BFD65722362008EBAAF4116923.e.7366"}]}
COMMAND: GET /session/1d980a951abea0b22294b008109eaf7e/element/f.003B7F97663A213565201A76C4492A9B.d.2A5DB9BFD65722362008EBAAF4116923.e.7366/enabled - {}
COMMAND: GET /session/1d980a951abea0b22294b008109eaf7e/screenshot - {}
RESULT: {}
RESULT: {}
COMMAND: POST /session/1d980a951abea0b22294b008109eaf7e/execute/async - {"script":"<script> [1562 bytes]","args":[{"selector":{"id":"requestCreationDialog--requestName","searchOpenDialogs":true,"interaction":{"idSuffix":"inner"}},"wdio_ui5_key":"requestCreationDialogrequestName"}]}
COMMAND: GET /session/1d980a951abea0b22294b008109eaf7e/screenshot - {}
RESULT: {"script":"<script> [1562 bytes]","args":[{"selector":{"id":"requestCreationDialog--requestName","searchOpenDialogs":true,"interaction":{"idSuffix":"inner"}},"wdio_ui5_key":"requestCreationDialogrequestName"}]}
RESULT: undefined
COMMAND: POST /session/1d980a951abea0b22294b008109eaf7e/execute/async - {"script":"<script> [776 bytes]","args":[{"enterText":"WebdriverTest","selector":{"id":"requestCreationDialog--requestName","searchOpenDialogs":true,"interaction":{"idSuffix":"inner"}},"clearTextFirst":true,"interactionType":"ENTER_TEXT"}]}
RESULT: {}
RESULT: {"script":"<script> [776 bytes]","args":[{"enterText":"WebdriverTest","selector":{"id":"requestCreationDialog--requestName","searchOpenDialogs":true,"interaction":{"idSuffix":"inner"}},"clearTextFirst":true,"interactionType":"ENTER_TEXT"}]}
COMMAND: POST /session/1d980a951abea0b22294b008109eaf7e/element - {"using":"xpath","value":"//input[contains(@id ,\"requestCreationDialog--contract-inner\")]"}
RESULT: {"using":"xpath","value":"//input[contains(@id ,\"requestCreationDialog--contract-inner\")]"}
COMMAND: POST /session/1d980a951abea0b22294b008109eaf7e/element/f.003B7F97663A213565201A76C4492A9B.d.2A5DB9BFD65722362008EBAAF4116923.e.7351/clear - {}
RESULT: {}
COMMAND: POST /session/1d980a951abea0b22294b008109eaf7e/element/f.003B7F97663A213565201A76C4492A9B.d.2A5DB9BFD65722362008EBAAF4116923.e.7351/value - {"text":"10130"}
COMMAND: GET /session/1d980a951abea0b22294b008109eaf7e/screenshot - {}
RESULT: {"text":"10130"}
COMMAND: GET /session/1d980a951abea0b22294b008109eaf7e/screenshot - {}
RESULT: {}
RESULT: {}
COMMAND: POST /session/1d980a951abea0b22294b008109eaf7e/actions - {"actions":[{"id":"action16","type":"key","parameters":{},"actions":[{"type":"keyDown","value":"î€‡"},{"type":"pause","duration":10},{"type":"keyUp","value":"î€‡"}]}]}
RESULT: {"actions":[{"id":"action16","type":"key","parameters":{},"actions":[{"type":"keyDown","value":"î€‡"},{"type":"pause","duration":10},{"type":"keyUp","value":"î€‡"}]}]}
COMMAND: GET /session/1d980a951abea0b22294b008109eaf7e/screenshot - {}
RESULT: {}
COMMAND: POST /session/1d980a951abea0b22294b008109eaf7e/element - {"using":"xpath","value":"//input[contains(@id ,\"requestCreationDialog--contract-inner\")]"}
RESULT: {"using":"xpath","value":"//input[contains(@id ,\"requestCreationDialog--contract-inner\")]"}
COMMAND: GET /session/1d980a951abea0b22294b008109eaf7e/element/f.003B7F97663A213565201A76C4492A9B.d.2A5DB9BFD65722362008EBAAF4116923.e.7351/property/value - {}
RESULT: {}
COMMAND: POST /session/1d980a951abea0b22294b008109eaf7e/element - {"using":"xpath","value":"//input[contains(@id ,\"requestCreationDialog--contract-inner\")]"}
COMMAND: GET /session/1d980a951abea0b22294b008109eaf7e/screenshot - {}
RESULT: {"using":"xpath","value":"//input[contains(@id ,\"requestCreationDialog--contract-inner\")]"}
COMMAND: POST /session/1d980a951abea0b22294b008109eaf7e/execute/async - {"script":"<script> [1562 bytes]","args":[{"selector":{"id":"requestCreationDialog--okButton","searchOpenDialogs":true,"interaction":{"idSuffix":"BDI-content"}},"wdio_ui5_key":"requestCreationDialogokButton"}]}
RESULT: {}
RESULT: {"script":"<script> [1562 bytes]","args":[{"selector":{"id":"requestCreationDialog--okButton","searchOpenDialogs":true,"interaction":{"idSuffix":"BDI-content"}},"wdio_ui5_key":"requestCreationDialogokButton"}]}
RESULT: undefined
COMMAND: POST /session/1d980a951abea0b22294b008109eaf7e/element - {"using":"xpath","value":"//*[@id=\"requestCreationDialog--okButton\"]"}
RESULT: {"using":"xpath","value":"//*[@id=\"requestCreationDialog--okButton\"]"}
COMMAND: POST /session/1d980a951abea0b22294b008109eaf7e/element/f.003B7F97663A213565201A76C4492A9B.d.2A5DB9BFD65722362008EBAAF4116923.e.7374/click - {}
RESULT: {}
COMMAND: GET /session/1d980a951abea0b22294b008109eaf7e/screenshot - {}
RESULT: {}
COMMAND: POST /session/1d980a951abea0b22294b008109eaf7e/element - {"using":"xpath","value":"//input[contains(@id ,\"searchFiledId-I\")]"}
RESULT: {"using":"xpath","value":"//input[contains(@id ,\"searchFiledId-I\")]"}
COMMAND: POST /session/1d980a951abea0b22294b008109eaf7e/element/f.003B7F97663A213565201A76C4492A9B.d.2A5DB9BFD65722362008EBAAF4116923.e.7316/value - {"text":"Dri-Prime CD150M Diesel Pump"}
RESULT: {"text":"Dri-Prime CD150M Diesel Pump"}
COMMAND: POST /session/1d980a951abea0b22294b008109eaf7e/actions - {"actions":[{"id":"action17","type":"key","parameters":{},"actions":[{"type":"keyDown","value":"î€‡"},{"type":"pause","duration":10},{"type":"keyUp","value":"î€‡"}]}]}
COMMAND: GET /session/1d980a951abea0b22294b008109eaf7e/screenshot - {}
RESULT: {"actions":[{"id":"action17","type":"key","parameters":{},"actions":[{"type":"keyDown","value":"î€‡"},{"type":"pause","duration":10},{"type":"keyUp","value":"î€‡"}]}]}
COMMAND: GET /session/1d980a951abea0b22294b008109eaf7e/screenshot - {}
RESULT: {}
RESULT: {}
COMMAND: POST /session/1d980a951abea0b22294b008109eaf7e/element - {"using":"xpath","value":"//span[contains(@id ,\"subTitle\")][contains(text(), \"Dri-Prime CD150M Diesel Pump\")]"}
RESULT: {"using":"xpath","value":"//span[contains(@id ,\"subTitle\")][contains(text(), \"Dri-Prime CD150M Diesel Pump\")]"}
COMMAND: POST /session/1d980a951abea0b22294b008109eaf7e/element/f.003B7F97663A213565201A76C4492A9B.d.2A5DB9BFD65722362008EBAAF4116923.e.7380/click - {}
RESULT: {}
COMMAND: GET /session/1d980a951abea0b22294b008109eaf7e/screenshot - {}
RESULT: {}
COMMAND: POST /session/1d980a951abea0b22294b008109eaf7e/element - {"using":"xpath","value":"//bdi[contains(text(), \"Add to Request\")]"}
RESULT: {"using":"xpath","value":"//bdi[contains(text(), \"Add to Request\")]"}
COMMAND: POST /session/1d980a951abea0b22294b008109eaf7e/element/f.003B7F97663A213565201A76C4492A9B.d.2A5DB9BFD65722362008EBAAF4116923.e.7393/click - {}
RESULT: {}
COMMAND: GET /session/1d980a951abea0b22294b008109eaf7e/screenshot - {}
RESULT: {}
COMMAND: POST /session/1d980a951abea0b22294b008109eaf7e/element/f.003B7F97663A213565201A76C4492A9B.d.2A5DB9BFD65722362008EBAAF4116923.e.7393/click - {}
RESULT: {}
COMMAND: GET /session/1d980a951abea0b22294b008109eaf7e/screenshot - {}
RESULT: {}
COMMAND: POST /session/1d980a951abea0b22294b008109eaf7e/element - {"using":"xpath","value":"//*[contains(@id ,\"activeCartId-BDI-content\")]"}
RESULT: {"using":"xpath","value":"//*[contains(@id ,\"activeCartId-BDI-content\")]"}
COMMAND: POST /session/1d980a951abea0b22294b008109eaf7e/element/f.003B7F97663A213565201A76C4492A9B.d.2A5DB9BFD65722362008EBAAF4116923.e.7403/click - {}
RESULT: {}
COMMAND: GET /session/1d980a951abea0b22294b008109eaf7e/screenshot - {}
RESULT: {}
COMMAND: POST /session/1d980a951abea0b22294b008109eaf7e/element - {"using":"xpath","value":"//bdi[contains(text(), \"Check out my request\")]"}
RESULT: {"using":"xpath","value":"//bdi[contains(text(), \"Check out my request\")]"}
COMMAND: POST /session/1d980a951abea0b22294b008109eaf7e/element/f.003B7F97663A213565201A76C4492A9B.d.2A5DB9BFD65722362008EBAAF4116923.e.7405/click - {}
RESULT: {}
COMMAND: GET /session/1d980a951abea0b22294b008109eaf7e/screenshot - {}
RESULT: {}
COMMAND: POST /session/1d980a951abea0b22294b008109eaf7e/element - {"using":"xpath","value":"(//div[contains(@data-kt ,\"characteristicsObjectStatus\")])[1]"}
RESULT: {"using":"xpath","value":"(//div[contains(@data-kt ,\"characteristicsObjectStatus\")])[1]"}
COMMAND: POST /session/1d980a951abea0b22294b008109eaf7e/element/f.003B7F97663A213565201A76C4492A9B.d.2A5DB9BFD65722362008EBAAF4116923.e.7483/click - {}
RESULT: {}
COMMAND: GET /session/1d980a951abea0b22294b008109eaf7e/screenshot - {}
RESULT: {}
COMMAND: POST /session/1d980a951abea0b22294b008109eaf7e/element - {"using":"xpath","value":"//input[contains(@id ,\"costObjectAdminTypeComboBox-inner\")]"}
RESULT: {"using":"xpath","value":"//input[contains(@id ,\"costObjectAdminTypeComboBox-inner\")]"}
COMMAND: POST /session/1d980a951abea0b22294b008109eaf7e/element/f.003B7F97663A213565201A76C4492A9B.d.2A5DB9BFD65722362008EBAAF4116923.e.7484/clear - {}
RESULT: {}
COMMAND: POST /session/1d980a951abea0b22294b008109eaf7e/element/f.003B7F97663A213565201A76C4492A9B.d.2A5DB9BFD65722362008EBAAF4116923.e.7484/value - {"text":"Cost Center"}
COMMAND: GET /session/1d980a951abea0b22294b008109eaf7e/screenshot - {}
RESULT: {"text":"Cost Center"}
COMMAND: GET /session/1d980a951abea0b22294b008109eaf7e/screenshot - {}
RESULT: {}
RESULT: {}
COMMAND: POST /session/1d980a951abea0b22294b008109eaf7e/actions - {"actions":[{"id":"action18","type":"key","parameters":{},"actions":[{"type":"keyDown","value":"î€‡"},{"type":"pause","duration":10},{"type":"keyUp","value":"î€‡"}]}]}
RESULT: {"actions":[{"id":"action18","type":"key","parameters":{},"actions":[{"type":"keyDown","value":"î€‡"},{"type":"pause","duration":10},{"type":"keyUp","value":"î€‡"}]}]}
COMMAND: GET /session/1d980a951abea0b22294b008109eaf7e/screenshot - {}
RESULT: {}
COMMAND: POST /session/1d980a951abea0b22294b008109eaf7e/element - {"using":"xpath","value":"//input[contains(@id ,\"costObjectIdComboBox-inner\")]"}
RESULT: {"using":"xpath","value":"//input[contains(@id ,\"costObjectIdComboBox-inner\")]"}
COMMAND: POST /session/1d980a951abea0b22294b008109eaf7e/element/f.003B7F97663A213565201A76C4492A9B.d.2A5DB9BFD65722362008EBAAF4116923.e.7494/clear - {}
RESULT: {}
COMMAND: POST /session/1d980a951abea0b22294b008109eaf7e/element/f.003B7F97663A213565201A76C4492A9B.d.2A5DB9BFD65722362008EBAAF4116923.e.7494/value - {"text":"Vigra"}
COMMAND: GET /session/1d980a951abea0b22294b008109eaf7e/screenshot - {}
RESULT: {"text":"Vigra"}
COMMAND: GET /session/1d980a951abea0b22294b008109eaf7e/screenshot - {}
RESULT: {}
RESULT: {}
COMMAND: POST /session/1d980a951abea0b22294b008109eaf7e/actions - {"actions":[{"id":"action19","type":"key","parameters":{},"actions":[{"type":"keyDown","value":"î€‡"},{"type":"pause","duration":10},{"type":"keyUp","value":"î€‡"}]}]}
RESULT: {"actions":[{"id":"action19","type":"key","parameters":{},"actions":[{"type":"keyDown","value":"î€‡"},{"type":"pause","duration":10},{"type":"keyUp","value":"î€‡"}]}]}
COMMAND: GET /session/1d980a951abea0b22294b008109eaf7e/screenshot - {}
RESULT: {}
COMMAND: POST /session/1d980a951abea0b22294b008109eaf7e/element - {"using":"xpath","value":"//bdi[contains(text(), \"Save\")]"}
RESULT: {"using":"xpath","value":"//bdi[contains(text(), \"Save\")]"}
COMMAND: POST /session/1d980a951abea0b22294b008109eaf7e/element/f.003B7F97663A213565201A76C4492A9B.d.2A5DB9BFD65722362008EBAAF4116923.e.7499/click - {}
RESULT: {}
COMMAND: GET /session/1d980a951abea0b22294b008109eaf7e/screenshot - {}
RESULT: {}
COMMAND: POST /session/1d980a951abea0b22294b008109eaf7e/element - {"using":"xpath","value":"(//div[contains(@data-kt ,\"characteristicsObjectStatus\")])[2]"}
RESULT: {"using":"xpath","value":"(//div[contains(@data-kt ,\"characteristicsObjectStatus\")])[2]"}
COMMAND: POST /session/1d980a951abea0b22294b008109eaf7e/element/f.003B7F97663A213565201A76C4492A9B.d.2A5DB9BFD65722362008EBAAF4116923.e.7519/click - {}
RESULT: {}
COMMAND: GET /session/1d980a951abea0b22294b008109eaf7e/screenshot - {}
RESULT: {}
COMMAND: POST /session/1d980a951abea0b22294b008109eaf7e/element - {"using":"xpath","value":"//input[contains(@id ,\"costObjectAdminTypeComboBox-inner\")]"}
RESULT: {"using":"xpath","value":"//input[contains(@id ,\"costObjectAdminTypeComboBox-inner\")]"}
COMMAND: POST /session/1d980a951abea0b22294b008109eaf7e/element/f.003B7F97663A213565201A76C4492A9B.d.2A5DB9BFD65722362008EBAAF4116923.e.7520/clear - {}
RESULT: {}
COMMAND: POST /session/1d980a951abea0b22294b008109eaf7e/element/f.003B7F97663A213565201A76C4492A9B.d.2A5DB9BFD65722362008EBAAF4116923.e.7520/value - {"text":"Cost Center"}
COMMAND: GET /session/1d980a951abea0b22294b008109eaf7e/screenshot - {}
RESULT: {"text":"Cost Center"}
COMMAND: GET /session/1d980a951abea0b22294b008109eaf7e/screenshot - {}
RESULT: {}
RESULT: {}
COMMAND: POST /session/1d980a951abea0b22294b008109eaf7e/actions - {"actions":[{"id":"action20","type":"key","parameters":{},"actions":[{"type":"keyDown","value":"î€‡"},{"type":"pause","duration":10},{"type":"keyUp","value":"î€‡"}]}]}
RESULT: {"actions":[{"id":"action20","type":"key","parameters":{},"actions":[{"type":"keyDown","value":"î€‡"},{"type":"pause","duration":10},{"type":"keyUp","value":"î€‡"}]}]}
COMMAND: GET /session/1d980a951abea0b22294b008109eaf7e/screenshot - {}
RESULT: {}
COMMAND: POST /session/1d980a951abea0b22294b008109eaf7e/element - {"using":"xpath","value":"//input[contains(@id ,\"costObjectIdComboBox-inner\")]"}
RESULT: {"using":"xpath","value":"//input[contains(@id ,\"costObjectIdComboBox-inner\")]"}
COMMAND: POST /session/1d980a951abea0b22294b008109eaf7e/element/f.003B7F97663A213565201A76C4492A9B.d.2A5DB9BFD65722362008EBAAF4116923.e.7530/clear - {}
RESULT: {}
COMMAND: POST /session/1d980a951abea0b22294b008109eaf7e/element/f.003B7F97663A213565201A76C4492A9B.d.2A5DB9BFD65722362008EBAAF4116923.e.7530/value - {"text":"Vigra"}
COMMAND: GET /session/1d980a951abea0b22294b008109eaf7e/screenshot - {}
RESULT: {"text":"Vigra"}
COMMAND: GET /session/1d980a951abea0b22294b008109eaf7e/screenshot - {}
RESULT: {}
RESULT: {}
COMMAND: POST /session/1d980a951abea0b22294b008109eaf7e/actions - {"actions":[{"id":"action21","type":"key","parameters":{},"actions":[{"type":"keyDown","value":"î€‡"},{"type":"pause","duration":10},{"type":"keyUp","value":"î€‡"}]}]}
RESULT: {"actions":[{"id":"action21","type":"key","parameters":{},"actions":[{"type":"keyDown","value":"î€‡"},{"type":"pause","duration":10},{"type":"keyUp","value":"î€‡"}]}]}
COMMAND: GET /session/1d980a951abea0b22294b008109eaf7e/screenshot - {}
RESULT: {}
COMMAND: POST /session/1d980a951abea0b22294b008109eaf7e/element - {"using":"xpath","value":"//bdi[contains(text(), \"Save\")]"}
RESULT: {"using":"xpath","value":"//bdi[contains(text(), \"Save\")]"}
COMMAND: POST /session/1d980a951abea0b22294b008109eaf7e/element/f.003B7F97663A213565201A76C4492A9B.d.2A5DB9BFD65722362008EBAAF4116923.e.7535/click - {}
RESULT: {}
COMMAND: GET /session/1d980a951abea0b22294b008109eaf7e/screenshot - {}
RESULT: {}
COMMAND: POST /session/1d980a951abea0b22294b008109eaf7e/element - {"using":"xpath","value":"(//header/div[1]/div[3]/div/span)[1]"}
RESULT: {"using":"xpath","value":"(//header/div[1]/div[3]/div/span)[1]"}
COMMAND: POST /session/1d980a951abea0b22294b008109eaf7e/execute/sync - {"script":"<script> [149 bytes]","args":[{"element-6066-11e4-a52e-4f735466cecf":"f.003B7F97663A213565201A76C4492A9B.d.2A5DB9BFD65722362008EBAAF4116923.e.7555","ELEMENT":"f.003B7F97663A213565201A76C4492A9B.d.2A5DB9BFD65722362008EBAAF4116923.e.7555"},false]}
RESULT: {"script":"<script> [149 bytes]","args":[{"element-6066-11e4-a52e-4f735466cecf":"f.003B7F97663A213565201A76C4492A9B.d.2A5DB9BFD65722362008EBAAF4116923.e.7555","ELEMENT":"f.003B7F97663A213565201A76C4492A9B.d.2A5DB9BFD65722362008EBAAF4116923.e.7555"},false]}
COMMAND: POST /session/1d980a951abea0b22294b008109eaf7e/execute/async - {"script":"<script> [1562 bytes]","args":[{"selector":{"id":"pickUpSwitchHeader","viewName":"etm.portal.ui.webshop.view.RequestDetail","interaction":{"idSuffix":"textoff"}},"wdio_ui5_key":"pickUpSwitchHeaderetmportal.ui.webshop.view.RequestDetail"}]}
COMMAND: GET /session/1d980a951abea0b22294b008109eaf7e/screenshot - {}
RESULT: {"script":"<script> [1562 bytes]","args":[{"selector":{"id":"pickUpSwitchHeader","viewName":"etm.portal.ui.webshop.view.RequestDetail","interaction":{"idSuffix":"textoff"}},"wdio_ui5_key":"pickUpSwitchHeaderetmportal.ui.webshop.view.RequestDetail"}]}
RESULT: undefined
COMMAND: POST /session/1d980a951abea0b22294b008109eaf7e/element - {"using":"xpath","value":"//*[@id=\"__xmlview62--pickUpSwitchHeader\"]"}
RESULT: {}
RESULT: {"using":"xpath","value":"//*[@id=\"__xmlview62--pickUpSwitchHeader\"]"}
COMMAND: POST /session/1d980a951abea0b22294b008109eaf7e/element/f.003B7F97663A213565201A76C4492A9B.d.2A5DB9BFD65722362008EBAAF4116923.e.7557/click - {}
RESULT: {}
COMMAND: GET /session/1d980a951abea0b22294b008109eaf7e/screenshot - {}
RESULT: {}
COMMAND: POST /session/1d980a951abea0b22294b008109eaf7e/execute/async - {"script":"<script> [1562 bytes]","args":[{"selector":{"controlType":"sap.m.Button","viewName":"etm.portal.ui.webshop.view.RequestDetail","bindingPath":{"path":"/RequestItems(REQUEST='20069',ITEM=10m)","propertyPath":"STATUS"}},"wdio_ui5_key":"etmportal.ui.webshop.view.RequestDetailsap.m.Button{\"path\":\"/RequestItems(REQUEST='20069',ITEM=10m)\",\"propertyPath\":\"STATUS\"}"}]}
RESULT: {"script":"<script> [1562 bytes]","args":[{"selector":{"controlType":"sap.m.Button","viewName":"etm.portal.ui.webshop.view.RequestDetail","bindingPath":{"path":"/RequestItems(REQUEST='20069',ITEM=10m)","propertyPath":"STATUS"}},"wdio_ui5_key":"etmportal.ui.webshop.view.RequestDetailsap.m.Button{\"path\":\"/RequestItems(REQUEST='20069',ITEM=10m)\",\"propertyPath\":\"STATUS\"}"}]}
RESULT: undefined
COMMAND: POST /session/1d980a951abea0b22294b008109eaf7e/execute/async - {"script":"<script> [6424 bytes]","args":[{"element-6066-11e4-a52e-4f735466cecf":"f.003B7F97663A213565201A76C4492A9B.d.2A5DB9BFD65722362008EBAAF4116923.e.7423"},"getType",[]]}
RESULT: {"script":"<script> [6424 bytes]","args":[{"element-6066-11e4-a52e-4f735466cecf":"f.003B7F97663A213565201A76C4492A9B.d.2A5DB9BFD65722362008EBAAF4116923.e.7423"},"getType",[]]}
COMMAND: POST /session/1d980a951abea0b22294b008109eaf7e/execute/async - {"script":"<script> [1562 bytes]","args":[{"selector":{"controlType":"sap.m.Button","viewName":"etm.portal.ui.webshop.view.RequestDetail","bindingPath":{"path":"/RequestItems(REQUEST='20069',ITEM=20m)","propertyPath":"STATUS"}},"wdio_ui5_key":"etmportal.ui.webshop.view.RequestDetailsap.m.Button{\"path\":\"/RequestItems(REQUEST='20069',ITEM=20m)\",\"propertyPath\":\"STATUS\"}"}]}
RESULT: {"script":"<script> [1562 bytes]","args":[{"selector":{"controlType":"sap.m.Button","viewName":"etm.portal.ui.webshop.view.RequestDetail","bindingPath":{"path":"/RequestItems(REQUEST='20069',ITEM=20m)","propertyPath":"STATUS"}},"wdio_ui5_key":"etmportal.ui.webshop.view.RequestDetailsap.m.Button{\"path\":\"/RequestItems(REQUEST='20069',ITEM=20m)\",\"propertyPath\":\"STATUS\"}"}]}
RESULT: undefined
COMMAND: POST /session/1d980a951abea0b22294b008109eaf7e/execute/async - {"script":"<script> [6424 bytes]","args":[{"element-6066-11e4-a52e-4f735466cecf":"f.003B7F97663A213565201A76C4492A9B.d.2A5DB9BFD65722362008EBAAF4116923.e.7561"},"getType",[]]}
RESULT: {"script":"<script> [6424 bytes]","args":[{"element-6066-11e4-a52e-4f735466cecf":"f.003B7F97663A213565201A76C4492A9B.d.2A5DB9BFD65722362008EBAAF4116923.e.7561"},"getType",[]]}
RESULT: undefined
COMMAND: POST /session/1d980a951abea0b22294b008109eaf7e/element - {"using":"xpath","value":"//*[@id=\"__xmlview62--pickUpItemButton-__clone2764\"]"}
RESULT: {"using":"xpath","value":"//*[@id=\"__xmlview62--pickUpItemButton-__clone2764\"]"}
COMMAND: POST /session/1d980a951abea0b22294b008109eaf7e/element/f.003B7F97663A213565201A76C4492A9B.d.2A5DB9BFD65722362008EBAAF4116923.e.7423/click - {}
RESULT: {}
COMMAND: GET /session/1d980a951abea0b22294b008109eaf7e/screenshot - {}
RESULT: {}
COMMAND: POST /session/1d980a951abea0b22294b008109eaf7e/element - {"using":"xpath","value":"//span[contains(@class ,\"sapMBtnInner sapMBtnHoverable sapMFocusable sapMBtnText sapMBtnDefault\")][contains(@id ,\"pickUpItemButton\")]"}
RESULT: {"using":"xpath","value":"//span[contains(@class ,\"sapMBtnInner sapMBtnHoverable sapMFocusable sapMBtnText sapMBtnDefault\")][contains(@id ,\"pickUpItemButton\")]"}
COMMAND: POST /session/1d980a951abea0b22294b008109eaf7e/execute/sync - {"script":"<script> [8489 bytes]","args":[{"element-6066-11e4-a52e-4f735466cecf":"f.003B7F97663A213565201A76C4492A9B.d.2A5DB9BFD65722362008EBAAF4116923.e.7562","ELEMENT":"f.003B7F97663A213565201A76C4492A9B.d.2A5DB9BFD65722362008EBAAF4116923.e.7562"}]}
RESULT: undefined
COMMAND: POST /session/1d980a951abea0b22294b008109eaf7e/execute/async - {"script":"<script> [6424 bytes]","args":[{"element-6066-11e4-a52e-4f735466cecf":"f.003B7F97663A213565201A76C4492A9B.d.2A5DB9BFD65722362008EBAAF4116923.e.7556"},"getState",[]]}
RESULT: {"script":"<script> [8489 bytes]","args":[{"element-6066-11e4-a52e-4f735466cecf":"f.003B7F97663A213565201A76C4492A9B.d.2A5DB9BFD65722362008EBAAF4116923.e.7562","ELEMENT":"f.003B7F97663A213565201A76C4492A9B.d.2A5DB9BFD65722362008EBAAF4116923.e.7562"}]}
COMMAND: GET /session/1d980a951abea0b22294b008109eaf7e/screenshot - {}
RESULT: {"script":"<script> [6424 bytes]","args":[{"element-6066-11e4-a52e-4f735466cecf":"f.003B7F97663A213565201A76C4492A9B.d.2A5DB9BFD65722362008EBAAF4116923.e.7556"},"getState",[]]}
COMMAND: POST /session/1d980a951abea0b22294b008109eaf7e/execute/async - {"script":"<script> [1562 bytes]","args":[{"selector":{"id":"editRequest","viewName":"etm.portal.ui.webshop.view.RequestDetail","interaction":{"idSuffix":"BDI-content"}},"wdio_ui5_key":"editRequestetmportal.ui.webshop.view.RequestDetail"}]}
COMMAND: POST /session/1d980a951abea0b22294b008109eaf7e/execute/sync - {"script":"<script> [8489 bytes]","args":[{"element-6066-11e4-a52e-4f735466cecf":"f.003B7F97663A213565201A76C4492A9B.d.2A5DB9BFD65722362008EBAAF4116923.e.7562","ELEMENT":"f.003B7F97663A213565201A76C4492A9B.d.2A5DB9BFD65722362008EBAAF4116923.e.7562"}]}
RESULT: {}
RESULT: {"script":"<script> [1562 bytes]","args":[{"selector":{"id":"editRequest","viewName":"etm.portal.ui.webshop.view.RequestDetail","interaction":{"idSuffix":"BDI-content"}},"wdio_ui5_key":"editRequestetmportal.ui.webshop.view.RequestDetail"}]}
RESULT: undefined
COMMAND: POST /session/1d980a951abea0b22294b008109eaf7e/element - {"using":"xpath","value":"//*[@id=\"__xmlview62--editRequest\"]"}
RESULT: {"script":"<script> [8489 bytes]","args":[{"element-6066-11e4-a52e-4f735466cecf":"f.003B7F97663A213565201A76C4492A9B.d.2A5DB9BFD65722362008EBAAF4116923.e.7562","ELEMENT":"f.003B7F97663A213565201A76C4492A9B.d.2A5DB9BFD65722362008EBAAF4116923.e.7562"}]}
COMMAND: GET /session/1d980a951abea0b22294b008109eaf7e/screenshot - {}
RESULT: {"using":"xpath","value":"//*[@id=\"__xmlview62--editRequest\"]"}
COMMAND: POST /session/1d980a951abea0b22294b008109eaf7e/element/f.003B7F97663A213565201A76C4492A9B.d.2A5DB9BFD65722362008EBAAF4116923.e.7564/click - {}
RESULT: {}
COMMAND: POST /session/1d980a951abea0b22294b008109eaf7e/execute/sync - {"script":"<script> [8489 bytes]","args":[{"element-6066-11e4-a52e-4f735466cecf":"f.003B7F97663A213565201A76C4492A9B.d.2A5DB9BFD65722362008EBAAF4116923.e.7562","ELEMENT":"f.003B7F97663A213565201A76C4492A9B.d.2A5DB9BFD65722362008EBAAF4116923.e.7562"}]}
RESULT: {}
COMMAND: GET /session/1d980a951abea0b22294b008109eaf7e/screenshot - {}
RESULT: {"script":"<script> [8489 bytes]","args":[{"element-6066-11e4-a52e-4f735466cecf":"f.003B7F97663A213565201A76C4492A9B.d.2A5DB9BFD65722362008EBAAF4116923.e.7562","ELEMENT":"f.003B7F97663A213565201A76C4492A9B.d.2A5DB9BFD65722362008EBAAF4116923.e.7562"}]}
COMMAND: GET /session/1d980a951abea0b22294b008109eaf7e/screenshot - {}
RESULT: {}
COMMAND: POST /session/1d980a951abea0b22294b008109eaf7e/execute/sync - {"script":"<script> [8489 bytes]","args":[{"element-6066-11e4-a52e-4f735466cecf":"f.003B7F97663A213565201A76C4492A9B.d.2A5DB9BFD65722362008EBAAF4116923.e.7562","ELEMENT":"f.003B7F97663A213565201A76C4492A9B.d.2A5DB9BFD65722362008EBAAF4116923.e.7562"}]}
RESULT: {}
RESULT: {"script":"<script> [8489 bytes]","args":[{"element-6066-11e4-a52e-4f735466cecf":"f.003B7F97663A213565201A76C4492A9B.d.2A5DB9BFD65722362008EBAAF4116923.e.7562","ELEMENT":"f.003B7F97663A213565201A76C4492A9B.d.2A5DB9BFD65722362008EBAAF4116923.e.7562"}]}
COMMAND: GET /session/1d980a951abea0b22294b008109eaf7e/screenshot - {}
RESULT: {}
COMMAND: POST /session/1d980a951abea0b22294b008109eaf7e/execute/sync - {"script":"<script> [8489 bytes]","args":[{"element-6066-11e4-a52e-4f735466cecf":"f.003B7F97663A213565201A76C4492A9B.d.2A5DB9BFD65722362008EBAAF4116923.e.7562","ELEMENT":"f.003B7F97663A213565201A76C4492A9B.d.2A5DB9BFD65722362008EBAAF4116923.e.7562"}]}
RESULT: {"script":"<script> [8489 bytes]","args":[{"element-6066-11e4-a52e-4f735466cecf":"f.003B7F97663A213565201A76C4492A9B.d.2A5DB9BFD65722362008EBAAF4116923.e.7562","ELEMENT":"f.003B7F97663A213565201A76C4492A9B.d.2A5DB9BFD65722362008EBAAF4116923.e.7562"}]}
COMMAND: GET /session/1d980a951abea0b22294b008109eaf7e/screenshot - {}
RESULT: {}
COMMAND: POST /session/1d980a951abea0b22294b008109eaf7e/element - {"using":"xpath","value":"//input[contains(@id ,\"startDate\")]"}
RESULT: {"using":"xpath","value":"//input[contains(@id ,\"startDate\")]"}
COMMAND: POST /session/1d980a951abea0b22294b008109eaf7e/element/f.003B7F97663A213565201A76C4492A9B.d.2A5DB9BFD65722362008EBAAF4116923.e.7590/click - {}
RESULT: {}
COMMAND: POST /session/1d980a951abea0b22294b008109eaf7e/actions - {"actions":[{"id":"action22","type":"key","parameters":{},"actions":[{"type":"keyDown","value":"î€‰"},{"type":"keyDown","value":"a"},{"type":"pause","duration":10},{"type":"keyUp","value":"î€‰"},{"type":"keyUp","value":"a"}]}]}
COMMAND: GET /session/1d980a951abea0b22294b008109eaf7e/screenshot - {}
RESULT: {"actions":[{"id":"action22","type":"key","parameters":{},"actions":[{"type":"keyDown","value":"î€‰"},{"type":"keyDown","value":"a"},{"type":"pause","duration":10},{"type":"keyUp","value":"î€‰"},{"type":"keyUp","value":"a"}]}]}
COMMAND: POST /session/1d980a951abea0b22294b008109eaf7e/actions - {"actions":[{"id":"action23","type":"key","parameters":{},"actions":[{"type":"keyDown","value":"î€ƒ"},{"type":"pause","duration":10},{"type":"keyUp","value":"î€ƒ"}]}]}
COMMAND: GET /session/1d980a951abea0b22294b008109eaf7e/screenshot - {}
RESULT: {}
RESULT: {"actions":[{"id":"action23","type":"key","parameters":{},"actions":[{"type":"keyDown","value":"î€ƒ"},{"type":"pause","duration":10},{"type":"keyUp","value":"î€ƒ"}]}]}
COMMAND: GET /session/1d980a951abea0b22294b008109eaf7e/screenshot - {}
RESULT: {}
RESULT: {}
COMMAND: POST /session/1d980a951abea0b22294b008109eaf7e/element/f.003B7F97663A213565201A76C4492A9B.d.2A5DB9BFD65722362008EBAAF4116923.e.7590/clear - {}
RESULT: {}
COMMAND: POST /session/1d980a951abea0b22294b008109eaf7e/element/f.003B7F97663A213565201A76C4492A9B.d.2A5DB9BFD65722362008EBAAF4116923.e.7590/value - {"text":"6/19/25"}
COMMAND: GET /session/1d980a951abea0b22294b008109eaf7e/screenshot - {}
RESULT: {"text":"6/19/25"}
COMMAND: POST /session/1d980a951abea0b22294b008109eaf7e/actions - {"actions":[{"id":"action24","type":"key","parameters":{},"actions":[{"type":"keyDown","value":"î€‡"},{"type":"pause","duration":10},{"type":"keyUp","value":"î€‡"}]}]}
COMMAND: GET /session/1d980a951abea0b22294b008109eaf7e/screenshot - {}
RESULT: {}
RESULT: {"actions":[{"id":"action24","type":"key","parameters":{},"actions":[{"type":"keyDown","value":"î€‡"},{"type":"pause","duration":10},{"type":"keyUp","value":"î€‡"}]}]}
COMMAND: GET /session/1d980a951abea0b22294b008109eaf7e/screenshot - {}
RESULT: {}
RESULT: {}
COMMAND: POST /session/1d980a951abea0b22294b008109eaf7e/element - {"using":"xpath","value":"//input[contains(@id ,\"endDate\")]"}
RESULT: {"using":"xpath","value":"//input[contains(@id ,\"endDate\")]"}
COMMAND: GET /session/1d980a951abea0b22294b008109eaf7e/element/f.003B7F97663A213565201A76C4492A9B.d.2A5DB9BFD65722362008EBAAF4116923.e.7581/property/value - {}
RESULT: {}
COMMAND: POST /session/1d980a951abea0b22294b008109eaf7e/execute/async - {"script":"<script> [1562 bytes]","args":[{"selector":{"controlType":"sap.ui.core.Icon","viewName":"etm.portal.ui.webshop.view.RequestEdit","properties":{"src":{"regex":{"source":"action\\-settings"}}}},"wdio_ui5_key":"etmportal.ui.webshop.view.RequestEditsap.ui.core.Icon{\"src\":{\"regex\":{\"source\":\"action\\\\-settings\"}}}"}]}
COMMAND: GET /session/1d980a951abea0b22294b008109eaf7e/screenshot - {}
RESULT: {"script":"<script> [1562 bytes]","args":[{"selector":{"controlType":"sap.ui.core.Icon","viewName":"etm.portal.ui.webshop.view.RequestEdit","properties":{"src":{"regex":{"source":"action\\-settings"}}}},"wdio_ui5_key":"etmportal.ui.webshop.view.RequestEditsap.ui.core.Icon{\"src\":{\"regex\":{\"source\":\"action\\\\-settings\"}}}"}]}
RESULT: undefined
COMMAND: POST /session/1d980a951abea0b22294b008109eaf7e/element - {"using":"xpath","value":"//*[@id=\"__xmlview63--smartTable-btnPersonalisation-img\"]"}
RESULT: {}
RESULT: {"using":"xpath","value":"//*[@id=\"__xmlview63--smartTable-btnPersonalisation-img\"]"}
COMMAND: POST /session/1d980a951abea0b22294b008109eaf7e/element/f.003B7F97663A213565201A76C4492A9B.d.2A5DB9BFD65722362008EBAAF4116923.e.7612/click - {}
RESULT: {}
COMMAND: POST /session/1d980a951abea0b22294b008109eaf7e/element - {"using":"xpath","value":"//input[contains(@id ,\"searchField-I\")]"}
COMMAND: GET /session/1d980a951abea0b22294b008109eaf7e/screenshot - {}
RESULT: {"using":"xpath","value":"//input[contains(@id ,\"searchField-I\")]"}
COMMAND: POST /session/1d980a951abea0b22294b008109eaf7e/element/f.003B7F97663A213565201A76C4492A9B.d.2A5DB9BFD65722362008EBAAF4116923.e.7616/clear - {}
RESULT: {}
RESULT: {}
COMMAND: POST /session/1d980a951abea0b22294b008109eaf7e/element/f.003B7F97663A213565201A76C4492A9B.d.2A5DB9BFD65722362008EBAAF4116923.e.7616/value - {"text":"time"}
COMMAND: GET /session/1d980a951abea0b22294b008109eaf7e/screenshot - {}
RESULT: {"text":"time"}
COMMAND: GET /session/1d980a951abea0b22294b008109eaf7e/screenshot - {}
RESULT: {}
RESULT: {}
COMMAND: POST /session/1d980a951abea0b22294b008109eaf7e/element - {"using":"xpath","value":"//div[contains(@id ,\"innerSelectionPanelTable-sa-CbBg\")]"}
RESULT: {"using":"xpath","value":"//div[contains(@id ,\"innerSelectionPanelTable-sa-CbBg\")]"}
COMMAND: POST /session/1d980a951abea0b22294b008109eaf7e/element/f.003B7F97663A213565201A76C4492A9B.d.2A5DB9BFD65722362008EBAAF4116923.e.7640/click - {}
RESULT: {}
COMMAND: POST /session/1d980a951abea0b22294b008109eaf7e/element - {"using":"xpath","value":"//bdi[contains(text(), \"OK\")]"}
COMMAND: GET /session/1d980a951abea0b22294b008109eaf7e/screenshot - {}
RESULT: {"using":"xpath","value":"//bdi[contains(text(), \"OK\")]"}
COMMAND: POST /session/1d980a951abea0b22294b008109eaf7e/element/f.003B7F97663A213565201A76C4492A9B.d.2A5DB9BFD65722362008EBAAF4116923.e.7641/click - {}
RESULT: {}
RESULT: {}
COMMAND: GET /session/1d980a951abea0b22294b008109eaf7e/screenshot - {}
RESULT: {}
COMMAND: POST /session/1d980a951abea0b22294b008109eaf7e/execute/async - {"script":"<script> [1562 bytes]","args":[{"selector":{"controlType":"sap.m.CheckBox","viewName":"etm.portal.ui.webshop.view.RequestEdit","properties":{"editable":true},"ancestor":{"controlType":"sap.m.ColumnListItem","viewName":"etm.portal.ui.webshop.view.RequestEdit","bindingPath":{"path":"/RequestItems(REQUEST='20069',ITEM=10m)"},"ancestor":{"id":"customTable","viewName":"etm.portal.ui.webshop.view.RequestEdit"}},"interaction":{"idSuffix":"CbBg"}},"wdio_ui5_key":"etmportal.ui.webshop.view.RequestEditsap.m.CheckBox{\"editable\":true}{\"controlType\":\"sap.m.ColumnListItem\",\"viewName\":\"etm.portal.ui.webshop.view.RequestEdit\",\"bindingPath\":{\"path\":\"/RequestItems(REQUEST='20069',ITEM=10m)\"},\"ancestor\":{\"id\":\"customTable\",\"viewName\":\"etm.portal.ui.webshop.view.RequestEdit\"}}"}]}
RESULT: {"script":"<script> [1562 bytes]","args":[{"selector":{"controlType":"sap.m.CheckBox","viewName":"etm.portal.ui.webshop.view.RequestEdit","properties":{"editable":true},"ancestor":{"controlType":"sap.m.ColumnListItem","viewName":"etm.portal.ui.webshop.view.RequestEdit","bindingPath":{"path":"/RequestItems(REQUEST='20069',ITEM=10m)"},"ancestor":{"id":"customTable","viewName":"etm.portal.ui.webshop.view.RequestEdit"}},"interaction":{"idSuffix":"CbBg"}},"wdio_ui5_key":"etmportal.ui.webshop.view.RequestEditsap.m.CheckBox{\"editable\":true}{\"controlType\":\"sap.m.ColumnListItem\",\"viewName\":\"etm.portal.ui.webshop.view.RequestEdit\",\"bindingPath\":{\"path\":\"/RequestItems(REQUEST='20069',ITEM=10m)\"},\"ancestor\":{\"id\":\"customTable\",\"viewName\":\"etm.portal.ui.webshop.view.RequestEdit\"}}"}]}
RESULT: undefined
COMMAND: POST /session/1d980a951abea0b22294b008109eaf7e/element - {"using":"xpath","value":"//*[@id=\"__item709-__clone3175-selectMulti\"]"}
RESULT: {"using":"xpath","value":"//*[@id=\"__item709-__clone3175-selectMulti\"]"}
COMMAND: POST /session/1d980a951abea0b22294b008109eaf7e/element/f.003B7F97663A213565201A76C4492A9B.d.2A5DB9BFD65722362008EBAAF4116923.e.7676/click - {}
RESULT: {}
COMMAND: POST /session/1d980a951abea0b22294b008109eaf7e/execute/async - {"script":"<script> [1562 bytes]","args":[{"selector":{"controlType":"sap.m.Button","viewName":"etm.portal.ui.webshop.view.RequestEdit","i18NText":{"propertyName":"text","key":"update"},"interaction":{"idSuffix":"BDI-content"}},"wdio_ui5_key":"etmportal.ui.webshop.view.RequestEditsap.m.Button{\"propertyName\":\"text\",\"key\":\"update\"}"}]}
COMMAND: GET /session/1d980a951abea0b22294b008109eaf7e/screenshot - {}
RESULT: {"script":"<script> [1562 bytes]","args":[{"selector":{"controlType":"sap.m.Button","viewName":"etm.portal.ui.webshop.view.RequestEdit","i18NText":{"propertyName":"text","key":"update"},"interaction":{"idSuffix":"BDI-content"}},"wdio_ui5_key":"etmportal.ui.webshop.view.RequestEditsap.m.Button{\"propertyName\":\"text\",\"key\":\"update\"}"}]}
RESULT: undefined
COMMAND: POST /session/1d980a951abea0b22294b008109eaf7e/element - {"using":"xpath","value":"//*[@id=\"__button40\"]"}
RESULT: {}
RESULT: {"using":"xpath","value":"//*[@id=\"__button40\"]"}
COMMAND: POST /session/1d980a951abea0b22294b008109eaf7e/element/f.003B7F97663A213565201A76C4492A9B.d.2A5DB9BFD65722362008EBAAF4116923.e.7678/click - {}
RESULT: {}
COMMAND: POST /session/1d980a951abea0b22294b008109eaf7e/element - {"using":"xpath","value":"(//input[contains(@id ,\"startDateRI\")])[1]"}
COMMAND: GET /session/1d980a951abea0b22294b008109eaf7e/screenshot - {}
RESULT: {"using":"xpath","value":"(//input[contains(@id ,\"startDateRI\")])[1]"}
COMMAND: GET /session/1d980a951abea0b22294b008109eaf7e/element/f.003B7F97663A213565201A76C4492A9B.d.2A5DB9BFD65722362008EBAAF4116923.e.7665/property/value - {}
RESULT: {}
RESULT: {}
RESULT: undefined
COMMAND: POST /session/1d980a951abea0b22294b008109eaf7e/element - {"using":"xpath","value":"//*[@id=\"__item709-__clone3175-selectMulti\"]"}
COMMAND: GET /session/1d980a951abea0b22294b008109eaf7e/screenshot - {}
RESULT: {"using":"xpath","value":"//*[@id=\"__item709-__clone3175-selectMulti\"]"}
COMMAND: POST /session/1d980a951abea0b22294b008109eaf7e/element/f.003B7F97663A213565201A76C4492A9B.d.2A5DB9BFD65722362008EBAAF4116923.e.7676/click - {}
RESULT: {}
RESULT: {}
COMMAND: POST /session/1d980a951abea0b22294b008109eaf7e/execute/async - {"script":"<script> [1562 bytes]","args":[{"selector":{"controlType":"sap.m.CheckBox","viewName":"etm.portal.ui.webshop.view.RequestEdit","properties":{"editable":true},"ancestor":{"controlType":"sap.m.ColumnListItem","viewName":"etm.portal.ui.webshop.view.RequestEdit","bindingPath":{"path":"/RequestItems(REQUEST='20069',ITEM=20m)"},"ancestor":{"id":"customTable","viewName":"etm.portal.ui.webshop.view.RequestEdit"}},"interaction":{"idSuffix":"CbBg"}},"wdio_ui5_key":"etmportal.ui.webshop.view.RequestEditsap.m.CheckBox{\"editable\":true}{\"controlType\":\"sap.m.ColumnListItem\",\"viewName\":\"etm.portal.ui.webshop.view.RequestEdit\",\"bindingPath\":{\"path\":\"/RequestItems(REQUEST='20069',ITEM=20m)\"},\"ancestor\":{\"id\":\"customTable\",\"viewName\":\"etm.portal.ui.webshop.view.RequestEdit\"}}"}]}
COMMAND: GET /session/1d980a951abea0b22294b008109eaf7e/screenshot - {}
RESULT: {"script":"<script> [1562 bytes]","args":[{"selector":{"controlType":"sap.m.CheckBox","viewName":"etm.portal.ui.webshop.view.RequestEdit","properties":{"editable":true},"ancestor":{"controlType":"sap.m.ColumnListItem","viewName":"etm.portal.ui.webshop.view.RequestEdit","bindingPath":{"path":"/RequestItems(REQUEST='20069',ITEM=20m)"},"ancestor":{"id":"customTable","viewName":"etm.portal.ui.webshop.view.RequestEdit"}},"interaction":{"idSuffix":"CbBg"}},"wdio_ui5_key":"etmportal.ui.webshop.view.RequestEditsap.m.CheckBox{\"editable\":true}{\"controlType\":\"sap.m.ColumnListItem\",\"viewName\":\"etm.portal.ui.webshop.view.RequestEdit\",\"bindingPath\":{\"path\":\"/RequestItems(REQUEST='20069',ITEM=20m)\"},\"ancestor\":{\"id\":\"customTable\",\"viewName\":\"etm.portal.ui.webshop.view.RequestEdit\"}}"}]}
RESULT: undefined
COMMAND: POST /session/1d980a951abea0b22294b008109eaf7e/element - {"using":"xpath","value":"//*[@id=\"__item709-__clone3176-selectMulti\"]"}
RESULT: {}
RESULT: {"using":"xpath","value":"//*[@id=\"__item709-__clone3176-selectMulti\"]"}
COMMAND: POST /session/1d980a951abea0b22294b008109eaf7e/element/f.003B7F97663A213565201A76C4492A9B.d.2A5DB9BFD65722362008EBAAF4116923.e.7681/click - {}
RESULT: {}
COMMAND: POST /session/1d980a951abea0b22294b008109eaf7e/execute/async - {"script":"<script> [1562 bytes]","args":[{"selector":{"controlType":"sap.ui.core.Icon","viewName":"etm.portal.ui.webshop.view.RequestEdit","properties":{"src":{"regex":{"source":"delete"}}}},"wdio_ui5_key":"etmportal.ui.webshop.view.RequestEditsap.ui.core.Icon{\"src\":{\"regex\":{\"source\":\"delete\"}}}"}]}
COMMAND: GET /session/1d980a951abea0b22294b008109eaf7e/screenshot - {}
RESULT: {"script":"<script> [1562 bytes]","args":[{"selector":{"controlType":"sap.ui.core.Icon","viewName":"etm.portal.ui.webshop.view.RequestEdit","properties":{"src":{"regex":{"source":"delete"}}}},"wdio_ui5_key":"etmportal.ui.webshop.view.RequestEditsap.ui.core.Icon{\"src\":{\"regex\":{\"source\":\"delete\"}}}"}]}
RESULT: undefined
COMMAND: POST /session/1d980a951abea0b22294b008109eaf7e/element - {"using":"xpath","value":"//*[@id=\"__xmlview63--deleteItem-img\"]"}
RESULT: {}
RESULT: {"using":"xpath","value":"//*[@id=\"__xmlview63--deleteItem-img\"]"}
COMMAND: POST /session/1d980a951abea0b22294b008109eaf7e/element/f.003B7F97663A213565201A76C4492A9B.d.2A5DB9BFD65722362008EBAAF4116923.e.7682/click - {}
RESULT: {}
COMMAND: GET /session/1d980a951abea0b22294b008109eaf7e/screenshot - {}
RESULT: {}
COMMAND: POST /session/1d980a951abea0b22294b008109eaf7e/execute/async - {"script":"<script> [1562 bytes]","args":[{"selector":{"controlType":"sap.m.Button","properties":{"text":"OK"},"searchOpenDialogs":true,"interaction":{"idSuffix":"BDI-content"}},"wdio_ui5_key":"sapm.Button{\"text\":\"OK\"}"}]}
RESULT: {"script":"<script> [1562 bytes]","args":[{"selector":{"controlType":"sap.m.Button","properties":{"text":"OK"},"searchOpenDialogs":true,"interaction":{"idSuffix":"BDI-content"}},"wdio_ui5_key":"sapm.Button{\"text\":\"OK\"}"}]}
RESULT: undefined
COMMAND: POST /session/1d980a951abea0b22294b008109eaf7e/element - {"using":"xpath","value":"//*[@id=\"__mbox-btn-0\"]"}
RESULT: {"using":"xpath","value":"//*[@id=\"__mbox-btn-0\"]"}
COMMAND: POST /session/1d980a951abea0b22294b008109eaf7e/element/f.003B7F97663A213565201A76C4492A9B.d.2A5DB9BFD65722362008EBAAF4116923.e.7684/click - {}
RESULT: {}
COMMAND: GET /session/1d980a951abea0b22294b008109eaf7e/screenshot - {}
RESULT: {}
COMMAND: POST /session/1d980a951abea0b22294b008109eaf7e/execute/async - {"script":"<script> [1562 bytes]","args":[{"selector":{"id":"saveButtonId","viewName":"etm.portal.ui.webshop.view.RequestEdit","interaction":{"idSuffix":"BDI-content"}},"wdio_ui5_key":"saveButtonIdetmportal.ui.webshop.view.RequestEdit"}]}
RESULT: {"script":"<script> [1562 bytes]","args":[{"selector":{"id":"saveButtonId","viewName":"etm.portal.ui.webshop.view.RequestEdit","interaction":{"idSuffix":"BDI-content"}},"wdio_ui5_key":"saveButtonIdetmportal.ui.webshop.view.RequestEdit"}]}
RESULT: undefined
COMMAND: POST /session/1d980a951abea0b22294b008109eaf7e/element - {"using":"xpath","value":"//*[@id=\"__xmlview63--saveButtonId\"]"}
RESULT: {"using":"xpath","value":"//*[@id=\"__xmlview63--saveButtonId\"]"}
COMMAND: POST /session/1d980a951abea0b22294b008109eaf7e/element/f.003B7F97663A213565201A76C4492A9B.d.2A5DB9BFD65722362008EBAAF4116923.e.7692/click - {}
RESULT: {}
COMMAND: GET /session/1d980a951abea0b22294b008109eaf7e/screenshot - {}
RESULT: {}
COMMAND: POST /session/1d980a951abea0b22294b008109eaf7e/execute/async - {"script":"<script> [1562 bytes]","args":[{"selector":{"controlType":"sap.m.Title","viewName":"etm.portal.ui.webshop.view.RequestDetail","properties":{"text":"Items (1)"}},"wdio_ui5_key":"etmportal.ui.webshop.view.RequestDetailsap.m.Title{\"text\":\"Items (1)\"}"}]}
RESULT: {"script":"<script> [1562 bytes]","args":[{"selector":{"controlType":"sap.m.Title","viewName":"etm.portal.ui.webshop.view.RequestDetail","properties":{"text":"Items (1)"}},"wdio_ui5_key":"etmportal.ui.webshop.view.RequestDetailsap.m.Title{\"text\":\"Items (1)\"}"}]}
RESULT: undefined
COMMAND: POST /session/1d980a951abea0b22294b008109eaf7e/execute/async - {"script":"<script> [6424 bytes]","args":[{"element-6066-11e4-a52e-4f735466cecf":"f.003B7F97663A213565201A76C4492A9B.d.2A5DB9BFD65722362008EBAAF4116923.e.7716"},"getText",[]]}
RESULT: {"script":"<script> [6424 bytes]","args":[{"element-6066-11e4-a52e-4f735466cecf":"f.003B7F97663A213565201A76C4492A9B.d.2A5DB9BFD65722362008EBAAF4116923.e.7716"},"getText",[]]}
COMMAND: POST /session/1d980a951abea0b22294b008109eaf7e/execute/async - {"script":"<script> [1562 bytes]","args":[{"selector":{"controlType":"sap.m.Text","viewName":"etm.portal.ui.webshop.view.RequestDetail","bindingPath":{"path":"/RequestHeaders(NO='20069')","propertyPath":"END_DATE","modelName":"catalogModel"}},"wdio_ui5_key":"etmportal.ui.webshop.view.RequestDetailsap.m.Text{\"path\":\"/RequestHeaders(NO='20069')\",\"propertyPath\":\"END_DATE\",\"modelName\":\"catalogModel\"}"}]}
RESULT: {"script":"<script> [1562 bytes]","args":[{"selector":{"controlType":"sap.m.Text","viewName":"etm.portal.ui.webshop.view.RequestDetail","bindingPath":{"path":"/RequestHeaders(NO='20069')","propertyPath":"END_DATE","modelName":"catalogModel"}},"wdio_ui5_key":"etmportal.ui.webshop.view.RequestDetailsap.m.Text{\"path\":\"/RequestHeaders(NO='20069')\",\"propertyPath\":\"END_DATE\",\"modelName\":\"catalogModel\"}"}]}
RESULT: undefined
COMMAND: POST /session/1d980a951abea0b22294b008109eaf7e/execute/async - {"script":"<script> [1562 bytes]","args":[{"selector":{"controlType":"sap.m.Text","viewName":"etm.portal.ui.webshop.view.RequestDetail","bindingPath":{"path":"/RequestHeaders(NO='20069')","propertyPath":"START_DATE","modelName":"catalogModel"}},"wdio_ui5_key":"etmportal.ui.webshop.view.RequestDetailsap.m.Text{\"path\":\"/RequestHeaders(NO='20069')\",\"propertyPath\":\"START_DATE\",\"modelName\":\"catalogModel\"}"}]}
RESULT: {"script":"<script> [1562 bytes]","args":[{"selector":{"controlType":"sap.m.Text","viewName":"etm.portal.ui.webshop.view.RequestDetail","bindingPath":{"path":"/RequestHeaders(NO='20069')","propertyPath":"START_DATE","modelName":"catalogModel"}},"wdio_ui5_key":"etmportal.ui.webshop.view.RequestDetailsap.m.Text{\"path\":\"/RequestHeaders(NO='20069')\",\"propertyPath\":\"START_DATE\",\"modelName\":\"catalogModel\"}"}]}
RESULT: undefined
COMMAND: POST /session/1d980a951abea0b22294b008109eaf7e/execute/async - {"script":"<script> [6424 bytes]","args":[{"element-6066-11e4-a52e-4f735466cecf":"f.003B7F97663A213565201A76C4492A9B.d.2A5DB9BFD65722362008EBAAF4116923.e.7719"},"getText",[]]}
RESULT: {"script":"<script> [6424 bytes]","args":[{"element-6066-11e4-a52e-4f735466cecf":"f.003B7F97663A213565201A76C4492A9B.d.2A5DB9BFD65722362008EBAAF4116923.e.7719"},"getText",[]]}
RESULT: undefined
COMMAND: POST /session/1d980a951abea0b22294b008109eaf7e/execute/async - {"script":"<script> [6424 bytes]","args":[{"element-6066-11e4-a52e-4f735466cecf":"f.003B7F97663A213565201A76C4492A9B.d.2A5DB9BFD65722362008EBAAF4116923.e.7718"},"getText",[]]}
RESULT: {"script":"<script> [6424 bytes]","args":[{"element-6066-11e4-a52e-4f735466cecf":"f.003B7F97663A213565201A76C4492A9B.d.2A5DB9BFD65722362008EBAAF4116923.e.7718"},"getText",[]]}
COMMAND: POST /session/1d980a951abea0b22294b008109eaf7e/refresh - {}
RESULT: {}
COMMAND: GET /session/1d980a951abea0b22294b008109eaf7e/screenshot - {}
RESULT: {}
COMMAND: POST /session/1d980a951abea0b22294b008109eaf7e/execute/async - {"script":"<script> [189 bytes]","args":[]}
RESULT: {"script":"<script> [189 bytes]","args":[]}
COMMAND: POST /session/1d980a951abea0b22294b008109eaf7e/execute/async - {"script":"<script> [123 bytes]","args":[]}
RESULT: {"script":"<script> [123 bytes]","args":[]}
COMMAND: POST /session/1d980a951abea0b22294b008109eaf7e/timeouts - {"script":"<number>"}
RESULT: {"script":"<number>"}
COMMAND: GET /session/1d980a951abea0b22294b008109eaf7e/timeouts - {}
RESULT: {}
RESULT: undefined
COMMAND: POST /session/1d980a951abea0b22294b008109eaf7e/execute/async - {"script":"<script> [2676 bytes]","args":[]}
RESULT: {"script":"<script> [2676 bytes]","args":[]}
COMMAND: POST /session/1d980a951abea0b22294b008109eaf7e/execute/async - {"script":"<script> [2342 bytes]","args":[{"protocol":"http","hostname":"0.0.0.0","path":"/","capabilities":{"browserName":"chrome","goog:chromeOptions":{"binary":"C:\\Program Files\\Google\\Chrome\\Application\\chrome.exe","args":["--start-maximized"]}},"logLevel":"warn","connectionRetryTimeout":120000,"connectionRetryCount":3,"logLevels":{},"enableDirectConnect":true,"strictSSL":true,"_":"65 more keys: [\"cacheDir\",\"port\",\"requestedCapabilities\",\"automationProtocol\",\"baseUrl\",\"waitforInterval\",\"waitforTimeout\",\"onReload\",\"beforeCommand\",\"afterCommand\",\"rootDir\",\"specs\",\"suites\",\"exclude\",\"groupLogsByTestSpec\",\"excludeDriverLogs\",\"bail\",\"framework\",\"reporters\",\"services\",\"maxInstances\",\"maxInstancesPerCapability\",\"injectGlobals\",\"filesToWatch\",\"execArgv\",\"runnerEnv\",\"runner\",\"shard\",\"specFileRetries\",\"specFileRetriesDelay\",\"specFileRetriesDeferred\",\"reporterSyncInterval\",\"reporterSyncTimeout\",\"cucumberFeaturesWithLineNumbers\",\"autoCompileOpts\",\"mochaOpts\",\"jasmineOpts\",\"cucumberOpts\",\"onPrepare\",\"onWorkerStart\",\"onWorkerEnd\",\"before\",\"beforeSession\",\"beforeSuite\",\"beforeHook\",\"beforeTest\",\"afterTest\",\"afterHook\",\"afterSuite\",\"afterSession\",\"after\",\"onComplete\",\"beforeAssertion\",\"afterAssertion\",\"beforeFeature\",\"beforeScenario\",\"beforeStep\",\"afterStep\",\"afterScenario\",\"afterFeature\",\"_\",\"suite\",\"$0\",\"ignoredWorkerServices\",\"wdi5\"]"}]}
RESULT: {"script":"<script> [2342 bytes]","args":[{"protocol":"http","hostname":"0.0.0.0","path":"/","capabilities":{"browserName":"chrome","goog:chromeOptions":{"binary":"C:\\Program Files\\Google\\Chrome\\Application\\chrome.exe","args":["--start-maximized"]}},"logLevel":"warn","connectionRetryTimeout":120000,"connectionRetryCount":3,"logLevels":{},"enableDirectConnect":true,"strictSSL":true,"_":"65 more keys: [\"cacheDir\",\"port\",\"requestedCapabilities\",\"automationProtocol\",\"baseUrl\",\"waitforInterval\",\"waitforTimeout\",\"onReload\",\"beforeCommand\",\"afterCommand\",\"rootDir\",\"specs\",\"suites\",\"exclude\",\"groupLogsByTestSpec\",\"excludeDriverLogs\",\"bail\",\"framework\",\"reporters\",\"services\",\"maxInstances\",\"maxInstancesPerCapability\",\"injectGlobals\",\"filesToWatch\",\"execArgv\",\"runnerEnv\",\"runner\",\"shard\",\"specFileRetries\",\"specFileRetriesDelay\",\"specFileRetriesDeferred\",\"reporterSyncInterval\",\"reporterSyncTimeout\",\"cucumberFeaturesWithLineNumbers\",\"autoCompileOpts\",\"mochaOpts\",\"jasmineOpts\",\"cucumberOpts\",\"onPrepare\",\"onWorkerStart\",\"onWorkerEnd\",\"before\",\"beforeSession\",\"beforeSuite\",\"beforeHook\",\"beforeTest\",\"afterTest\",\"afterHook\",\"afterSuite\",\"afterSession\",\"after\",\"onComplete\",\"beforeAssertion\",\"afterAssertion\",\"beforeFeature\",\"beforeScenario\",\"beforeStep\",\"afterStep\",\"afterScenario\",\"afterFeature\",\"_\",\"suite\",\"$0\",\"ignoredWorkerServices\",\"wdi5\"]"}]}
COMMAND: POST /session/1d980a951abea0b22294b008109eaf7e/execute/async - {"script":"<script> [21126 bytes]","args":[35000]}
RESULT: {"script":"<script> [21126 bytes]","args":[35000]}
COMMAND: POST /session/1d980a951abea0b22294b008109eaf7e/element - {"using":"xpath","value":"//li[contains(@title ,\"Exit\")]"}
RESULT: {"using":"xpath","value":"//li[contains(@title ,\"Exit\")]"}
COMMAND: POST /session/1d980a951abea0b22294b008109eaf7e/element/f.003B7F97663A213565201A76C4492A9B.d.E768633121C1215706EF8B0736F1936A.e.7828/click - {}
RESULT: {}
COMMAND: GET /session/1d980a951abea0b22294b008109eaf7e/screenshot - {}
RESULT: {}
RESULT: undefined
RESULT: undefined
RESULT: undefined
RESULT: undefined
RESULT: undefined
RESULT: undefined
RESULT: undefined
RESULT: undefined
RESULT: undefined
COMMAND: POST /session/1d980a951abea0b22294b008109eaf7e/element - {"using":"css selector","value":"#shell-header-logo"}
RESULT: {"using":"css selector","value":"#shell-header-logo"}
COMMAND: POST /session/1d980a951abea0b22294b008109eaf7e/element/f.003B7F97663A213565201A76C4492A9B.d.E768633121C1215706EF8B0736F1936A.e.7847/click - {}
RESULT: {}
COMMAND: GET /session/1d980a951abea0b22294b008109eaf7e/screenshot - {}
RESULT: {}
]]></system-out>
    </testcase>
  </testsuite>
  <testsuite timestamp="2025-06-12T16:35:00" time="234.244" tests="1" failures="0" errors="0" skipped="0">
    <properties>
      <property name="specId" value="0" />
      <property name="suiteName" value="Webshop - download csv and pdf - set to proposal and submit a request" />
      <property name="capabilities" value="chrome.137_0_7151_69.windows" />
      <property name="file" value="file:///D:/a/1/s/test/specs/R2C/download-set-to-proposal-and-submit-a-request.spec.js" />
    </properties>
    <testcase classname="chrome.137_0_7151_69.windows.Webshop_-_download_csv_and_pdf_-_set_to_proposal_and_submit_a_request" name="Should create a new webshop request and verify the download proposal submit buttons" time="231.018">
      <system-out><![CDATA[
COMMAND: POST /session/1d980a951abea0b22294b008109eaf7e/execute/async - {"script":"<script> [1562 bytes]","args":[{"selector":{"controlType":"sap.m.GenericTile","properties":{"header":"Webshop"}},"wdio_ui5_key":"sapm.GenericTile{\"header\":\"Webshop\"}"}]}
RESULT: {"script":"<script> [1562 bytes]","args":[{"selector":{"controlType":"sap.m.GenericTile","properties":{"header":"Webshop"}},"wdio_ui5_key":"sapm.GenericTile{\"header\":\"Webshop\"}"}]}
RESULT: undefined
COMMAND: POST /session/1d980a951abea0b22294b008109eaf7e/element - {"using":"xpath","value":"//*[@id=\"__tile51\"]"}
RESULT: {"using":"xpath","value":"//*[@id=\"__tile51\"]"}
COMMAND: POST /session/1d980a951abea0b22294b008109eaf7e/element/f.003B7F97663A213565201A76C4492A9B.d.E768633121C1215706EF8B0736F1936A.e.7848/click - {}
RESULT: {}
COMMAND: GET /session/1d980a951abea0b22294b008109eaf7e/screenshot - {}
COMMAND: POST /session/1d980a951abea0b22294b008109eaf7e/elements - {"using":"xpath","value":"//span[text()='Error']"}
RESULT: {}
RESULT: {"using":"xpath","value":"//span[text()='Error']"}
COMMAND: POST /session/1d980a951abea0b22294b008109eaf7e/element - {"using":"css selector","value":"#requestCreationDialog--createRequestPopUp-title-inner"}
RESULT: {"using":"css selector","value":"#requestCreationDialog--createRequestPopUp-title-inner"}
COMMAND: POST /session/1d980a951abea0b22294b008109eaf7e/execute/sync - {"script":"<script> [8489 bytes]","args":[{"element-6066-11e4-a52e-4f735466cecf":"f.003B7F97663A213565201A76C4492A9B.d.E768633121C1215706EF8B0736F1936A.e.7903","ELEMENT":"f.003B7F97663A213565201A76C4492A9B.d.E768633121C1215706EF8B0736F1936A.e.7903"}]}
RESULT: {"script":"<script> [8489 bytes]","args":[{"element-6066-11e4-a52e-4f735466cecf":"f.003B7F97663A213565201A76C4492A9B.d.E768633121C1215706EF8B0736F1936A.e.7903","ELEMENT":"f.003B7F97663A213565201A76C4492A9B.d.E768633121C1215706EF8B0736F1936A.e.7903"}]}
COMMAND: GET /session/1d980a951abea0b22294b008109eaf7e/element/f.003B7F97663A213565201A76C4492A9B.d.E768633121C1215706EF8B0736F1936A.e.7903/enabled - {}
COMMAND: GET /session/1d980a951abea0b22294b008109eaf7e/screenshot - {}
RESULT: {}
COMMAND: POST /session/1d980a951abea0b22294b008109eaf7e/execute/async - {"script":"<script> [1562 bytes]","args":[{"selector":{"id":"requestCreationDialog--requestName","searchOpenDialogs":true,"interaction":{"idSuffix":"inner"}},"wdio_ui5_key":"requestCreationDialogrequestName"}]}
COMMAND: GET /session/1d980a951abea0b22294b008109eaf7e/screenshot - {}
RESULT: {}
RESULT: {"script":"<script> [1562 bytes]","args":[{"selector":{"id":"requestCreationDialog--requestName","searchOpenDialogs":true,"interaction":{"idSuffix":"inner"}},"wdio_ui5_key":"requestCreationDialogrequestName"}]}
RESULT: undefined
COMMAND: POST /session/1d980a951abea0b22294b008109eaf7e/execute/async - {"script":"<script> [776 bytes]","args":[{"enterText":"WebdriverTest","selector":{"id":"requestCreationDialog--requestName","searchOpenDialogs":true,"interaction":{"idSuffix":"inner"}},"clearTextFirst":true,"interactionType":"ENTER_TEXT"}]}
RESULT: {}
RESULT: {"script":"<script> [776 bytes]","args":[{"enterText":"WebdriverTest","selector":{"id":"requestCreationDialog--requestName","searchOpenDialogs":true,"interaction":{"idSuffix":"inner"}},"clearTextFirst":true,"interactionType":"ENTER_TEXT"}]}
COMMAND: POST /session/1d980a951abea0b22294b008109eaf7e/element - {"using":"xpath","value":"//input[contains(@id ,\"requestCreationDialog--contract-inner\")]"}
RESULT: {"using":"xpath","value":"//input[contains(@id ,\"requestCreationDialog--contract-inner\")]"}
COMMAND: POST /session/1d980a951abea0b22294b008109eaf7e/element/f.003B7F97663A213565201A76C4492A9B.d.E768633121C1215706EF8B0736F1936A.e.7887/clear - {}
RESULT: {}
COMMAND: POST /session/1d980a951abea0b22294b008109eaf7e/element/f.003B7F97663A213565201A76C4492A9B.d.E768633121C1215706EF8B0736F1936A.e.7887/value - {"text":"10130"}
COMMAND: GET /session/1d980a951abea0b22294b008109eaf7e/screenshot - {}
RESULT: {"text":"10130"}
COMMAND: GET /session/1d980a951abea0b22294b008109eaf7e/screenshot - {}
RESULT: {}
RESULT: {}
COMMAND: POST /session/1d980a951abea0b22294b008109eaf7e/actions - {"actions":[{"id":"action25","type":"key","parameters":{},"actions":[{"type":"keyDown","value":"î€‡"},{"type":"pause","duration":10},{"type":"keyUp","value":"î€‡"}]}]}
RESULT: {"actions":[{"id":"action25","type":"key","parameters":{},"actions":[{"type":"keyDown","value":"î€‡"},{"type":"pause","duration":10},{"type":"keyUp","value":"î€‡"}]}]}
COMMAND: GET /session/1d980a951abea0b22294b008109eaf7e/screenshot - {}
RESULT: {}
COMMAND: POST /session/1d980a951abea0b22294b008109eaf7e/element - {"using":"xpath","value":"//input[contains(@id ,\"requestCreationDialog--contract-inner\")]"}
RESULT: {"using":"xpath","value":"//input[contains(@id ,\"requestCreationDialog--contract-inner\")]"}
COMMAND: GET /session/1d980a951abea0b22294b008109eaf7e/element/f.003B7F97663A213565201A76C4492A9B.d.E768633121C1215706EF8B0736F1936A.e.7887/property/value - {}
RESULT: {}
COMMAND: POST /session/1d980a951abea0b22294b008109eaf7e/element - {"using":"xpath","value":"//input[contains(@id ,\"requestCreationDialog--contract-inner\")]"}
COMMAND: GET /session/1d980a951abea0b22294b008109eaf7e/screenshot - {}
RESULT: {"using":"xpath","value":"//input[contains(@id ,\"requestCreationDialog--contract-inner\")]"}
COMMAND: POST /session/1d980a951abea0b22294b008109eaf7e/execute/async - {"script":"<script> [1562 bytes]","args":[{"selector":{"id":"requestCreationDialog--okButton","searchOpenDialogs":true,"interaction":{"idSuffix":"BDI-content"}},"wdio_ui5_key":"requestCreationDialogokButton"}]}
RESULT: {}
RESULT: {"script":"<script> [1562 bytes]","args":[{"selector":{"id":"requestCreationDialog--okButton","searchOpenDialogs":true,"interaction":{"idSuffix":"BDI-content"}},"wdio_ui5_key":"requestCreationDialogokButton"}]}
RESULT: undefined
COMMAND: POST /session/1d980a951abea0b22294b008109eaf7e/element - {"using":"xpath","value":"//*[@id=\"requestCreationDialog--okButton\"]"}
RESULT: {"using":"xpath","value":"//*[@id=\"requestCreationDialog--okButton\"]"}
COMMAND: POST /session/1d980a951abea0b22294b008109eaf7e/element/f.003B7F97663A213565201A76C4492A9B.d.E768633121C1215706EF8B0736F1936A.e.7911/click - {}
RESULT: {}
COMMAND: GET /session/1d980a951abea0b22294b008109eaf7e/screenshot - {}
RESULT: {}
COMMAND: POST /session/1d980a951abea0b22294b008109eaf7e/element - {"using":"xpath","value":"//input[contains(@id ,\"searchFiledId-I\")]"}
RESULT: {"using":"xpath","value":"//input[contains(@id ,\"searchFiledId-I\")]"}
COMMAND: POST /session/1d980a951abea0b22294b008109eaf7e/element/f.003B7F97663A213565201A76C4492A9B.d.E768633121C1215706EF8B0736F1936A.e.7850/value - {"text":"Dri-Prime CD150M Diesel Pump"}
RESULT: {"text":"Dri-Prime CD150M Diesel Pump"}
COMMAND: POST /session/1d980a951abea0b22294b008109eaf7e/actions - {"actions":[{"id":"action26","type":"key","parameters":{},"actions":[{"type":"keyDown","value":"î€‡"},{"type":"pause","duration":10},{"type":"keyUp","value":"î€‡"}]}]}
COMMAND: GET /session/1d980a951abea0b22294b008109eaf7e/screenshot - {}
RESULT: {"actions":[{"id":"action26","type":"key","parameters":{},"actions":[{"type":"keyDown","value":"î€‡"},{"type":"pause","duration":10},{"type":"keyUp","value":"î€‡"}]}]}
COMMAND: GET /session/1d980a951abea0b22294b008109eaf7e/screenshot - {}
RESULT: {}
RESULT: {}
COMMAND: POST /session/1d980a951abea0b22294b008109eaf7e/element - {"using":"xpath","value":"//span[contains(@id ,\"subTitle\")][contains(text(), \"Dri-Prime CD150M Diesel Pump\")]"}
RESULT: {"using":"xpath","value":"//span[contains(@id ,\"subTitle\")][contains(text(), \"Dri-Prime CD150M Diesel Pump\")]"}
COMMAND: POST /session/1d980a951abea0b22294b008109eaf7e/element/f.003B7F97663A213565201A76C4492A9B.d.E768633121C1215706EF8B0736F1936A.e.7919/click - {}
RESULT: {}
COMMAND: GET /session/1d980a951abea0b22294b008109eaf7e/screenshot - {}
RESULT: {}
COMMAND: POST /session/1d980a951abea0b22294b008109eaf7e/execute/async - {"script":"<script> [1562 bytes]","args":[{"selector":{"controlType":"sap.m.Button","viewName":"etm.portal.ui.webshop.view.Homepage","i18NText":{"propertyName":"text","key":"addToRequest"},"interaction":{"idSuffix":"BDI-content"}},"wdio_ui5_key":"etmportal.ui.webshop.view.Homepagesap.m.Button{\"propertyName\":\"text\",\"key\":\"addToRequest\"}"}]}
RESULT: {"script":"<script> [1562 bytes]","args":[{"selector":{"controlType":"sap.m.Button","viewName":"etm.portal.ui.webshop.view.Homepage","i18NText":{"propertyName":"text","key":"addToRequest"},"interaction":{"idSuffix":"BDI-content"}},"wdio_ui5_key":"etmportal.ui.webshop.view.Homepagesap.m.Button{\"propertyName\":\"text\",\"key\":\"addToRequest\"}"}]}
RESULT: undefined
COMMAND: POST /session/1d980a951abea0b22294b008109eaf7e/element - {"using":"xpath","value":"//*[@id=\"__button13\"]"}
RESULT: {"using":"xpath","value":"//*[@id=\"__button13\"]"}
COMMAND: POST /session/1d980a951abea0b22294b008109eaf7e/element/f.003B7F97663A213565201A76C4492A9B.d.E768633121C1215706EF8B0736F1936A.e.7934/click - {}
RESULT: {}
COMMAND: GET /session/1d980a951abea0b22294b008109eaf7e/screenshot - {}
RESULT: {}
COMMAND: POST /session/1d980a951abea0b22294b008109eaf7e/element - {"using":"xpath","value":"//*[contains(@id ,\"activeCartId-BDI-content\")]"}
RESULT: {"using":"xpath","value":"//*[contains(@id ,\"activeCartId-BDI-content\")]"}
COMMAND: POST /session/1d980a951abea0b22294b008109eaf7e/element/f.003B7F97663A213565201A76C4492A9B.d.E768633121C1215706EF8B0736F1936A.e.7940/click - {}
RESULT: {}
COMMAND: GET /session/1d980a951abea0b22294b008109eaf7e/screenshot - {}
RESULT: {}
COMMAND: POST /session/1d980a951abea0b22294b008109eaf7e/element - {"using":"xpath","value":"//bdi[contains(text(), \"Check out my request\")]"}
RESULT: {"using":"xpath","value":"//bdi[contains(text(), \"Check out my request\")]"}
COMMAND: POST /session/1d980a951abea0b22294b008109eaf7e/element/f.003B7F97663A213565201A76C4492A9B.d.E768633121C1215706EF8B0736F1936A.e.7942/click - {}
RESULT: {}
COMMAND: GET /session/1d980a951abea0b22294b008109eaf7e/screenshot - {}
RESULT: {}
COMMAND: POST /session/1d980a951abea0b22294b008109eaf7e/element - {"using":"xpath","value":"(//header/div[1]/div[3]/div/span)[1]"}
RESULT: {"using":"xpath","value":"(//header/div[1]/div[3]/div/span)[1]"}
COMMAND: POST /session/1d980a951abea0b22294b008109eaf7e/execute/sync - {"script":"<script> [149 bytes]","args":[{"element-6066-11e4-a52e-4f735466cecf":"f.003B7F97663A213565201A76C4492A9B.d.E768633121C1215706EF8B0736F1936A.e.7999","ELEMENT":"f.003B7F97663A213565201A76C4492A9B.d.E768633121C1215706EF8B0736F1936A.e.7999"},false]}
RESULT: {"script":"<script> [149 bytes]","args":[{"element-6066-11e4-a52e-4f735466cecf":"f.003B7F97663A213565201A76C4492A9B.d.E768633121C1215706EF8B0736F1936A.e.7999","ELEMENT":"f.003B7F97663A213565201A76C4492A9B.d.E768633121C1215706EF8B0736F1936A.e.7999"},false]}
COMMAND: POST /session/1d980a951abea0b22294b008109eaf7e/element - {"using":"xpath","value":"(//div[contains(@data-kt ,\"characteristicsObjectStatus\")])[1]"}
COMMAND: GET /session/1d980a951abea0b22294b008109eaf7e/screenshot - {}
RESULT: {"using":"xpath","value":"(//div[contains(@data-kt ,\"characteristicsObjectStatus\")])[1]"}
COMMAND: POST /session/1d980a951abea0b22294b008109eaf7e/element/f.003B7F97663A213565201A76C4492A9B.d.E768633121C1215706EF8B0736F1936A.e.8000/click - {}
RESULT: {}
RESULT: {}
COMMAND: GET /session/1d980a951abea0b22294b008109eaf7e/screenshot - {}
RESULT: {}
COMMAND: POST /session/1d980a951abea0b22294b008109eaf7e/element - {"using":"xpath","value":"//input[contains(@id ,\"costObjectAdminTypeComboBox-inner\")]"}
RESULT: {"using":"xpath","value":"//input[contains(@id ,\"costObjectAdminTypeComboBox-inner\")]"}
COMMAND: POST /session/1d980a951abea0b22294b008109eaf7e/element/f.003B7F97663A213565201A76C4492A9B.d.E768633121C1215706EF8B0736F1936A.e.8002/clear - {}
RESULT: {}
COMMAND: POST /session/1d980a951abea0b22294b008109eaf7e/element/f.003B7F97663A213565201A76C4492A9B.d.E768633121C1215706EF8B0736F1936A.e.8002/value - {"text":"Cost Center"}
COMMAND: GET /session/1d980a951abea0b22294b008109eaf7e/screenshot - {}
RESULT: {"text":"Cost Center"}
COMMAND: GET /session/1d980a951abea0b22294b008109eaf7e/screenshot - {}
RESULT: {}
RESULT: {}
COMMAND: POST /session/1d980a951abea0b22294b008109eaf7e/actions - {"actions":[{"id":"action27","type":"key","parameters":{},"actions":[{"type":"keyDown","value":"î€‡"},{"type":"pause","duration":10},{"type":"keyUp","value":"î€‡"}]}]}
RESULT: {"actions":[{"id":"action27","type":"key","parameters":{},"actions":[{"type":"keyDown","value":"î€‡"},{"type":"pause","duration":10},{"type":"keyUp","value":"î€‡"}]}]}
COMMAND: GET /session/1d980a951abea0b22294b008109eaf7e/screenshot - {}
RESULT: {}
COMMAND: POST /session/1d980a951abea0b22294b008109eaf7e/element - {"using":"xpath","value":"//input[contains(@id ,\"costObjectIdComboBox-inner\")]"}
RESULT: {"using":"xpath","value":"//input[contains(@id ,\"costObjectIdComboBox-inner\")]"}
COMMAND: POST /session/1d980a951abea0b22294b008109eaf7e/element/f.003B7F97663A213565201A76C4492A9B.d.E768633121C1215706EF8B0736F1936A.e.8012/clear - {}
RESULT: {}
COMMAND: POST /session/1d980a951abea0b22294b008109eaf7e/element/f.003B7F97663A213565201A76C4492A9B.d.E768633121C1215706EF8B0736F1936A.e.8012/value - {"text":"Vigra"}
COMMAND: GET /session/1d980a951abea0b22294b008109eaf7e/screenshot - {}
RESULT: {"text":"Vigra"}
COMMAND: GET /session/1d980a951abea0b22294b008109eaf7e/screenshot - {}
RESULT: {}
RESULT: {}
COMMAND: POST /session/1d980a951abea0b22294b008109eaf7e/actions - {"actions":[{"id":"action28","type":"key","parameters":{},"actions":[{"type":"keyDown","value":"î€‡"},{"type":"pause","duration":10},{"type":"keyUp","value":"î€‡"}]}]}
RESULT: {"actions":[{"id":"action28","type":"key","parameters":{},"actions":[{"type":"keyDown","value":"î€‡"},{"type":"pause","duration":10},{"type":"keyUp","value":"î€‡"}]}]}
COMMAND: GET /session/1d980a951abea0b22294b008109eaf7e/screenshot - {}
RESULT: {}
COMMAND: POST /session/1d980a951abea0b22294b008109eaf7e/element - {"using":"xpath","value":"//bdi[contains(text(), \"Save\")]"}
RESULT: {"using":"xpath","value":"//bdi[contains(text(), \"Save\")]"}
COMMAND: POST /session/1d980a951abea0b22294b008109eaf7e/element/f.003B7F97663A213565201A76C4492A9B.d.E768633121C1215706EF8B0736F1936A.e.8017/click - {}
RESULT: {}
COMMAND: GET /session/1d980a951abea0b22294b008109eaf7e/screenshot - {}
RESULT: {}
COMMAND: POST /session/1d980a951abea0b22294b008109eaf7e/execute/async - {"script":"<script> [1562 bytes]","args":[{"selector":{"controlType":"sap.ui.core.Icon","viewName":"etm.portal.ui.webshop.view.RequestDetail","properties":{"src":{"regex":{"source":"slim\\-arrow\\-down"}}},"ancestor":{"controlType":"sap.m.SplitButton","viewName":"etm.portal.ui.webshop.view.RequestDetail","properties":{"text":"Download"}}},"wdio_ui5_key":"etmportal.ui.webshop.view.RequestDetailsap.ui.core.Icon{\"src\":{\"regex\":{\"source\":\"slim\\\\-arrow\\\\-down\"}}}{\"controlType\":\"sap.m.SplitButton\",\"viewName\":\"etm.portal.ui.webshop.view.RequestDetail\",\"properties\":{\"text\":\"Download\"}}"}]}
RESULT: {"script":"<script> [1562 bytes]","args":[{"selector":{"controlType":"sap.ui.core.Icon","viewName":"etm.portal.ui.webshop.view.RequestDetail","properties":{"src":{"regex":{"source":"slim\\-arrow\\-down"}}},"ancestor":{"controlType":"sap.m.SplitButton","viewName":"etm.portal.ui.webshop.view.RequestDetail","properties":{"text":"Download"}}},"wdio_ui5_key":"etmportal.ui.webshop.view.RequestDetailsap.ui.core.Icon{\"src\":{\"regex\":{\"source\":\"slim\\\\-arrow\\\\-down\"}}}{\"controlType\":\"sap.m.SplitButton\",\"viewName\":\"etm.portal.ui.webshop.view.RequestDetail\",\"properties\":{\"text\":\"Download\"}}"}]}
RESULT: undefined
COMMAND: POST /session/1d980a951abea0b22294b008109eaf7e/element - {"using":"xpath","value":"//*[@id=\"__button18-internalSplitBtn-arrowButton-img\"]"}
RESULT: {"using":"xpath","value":"//*[@id=\"__button18-internalSplitBtn-arrowButton-img\"]"}
COMMAND: POST /session/1d980a951abea0b22294b008109eaf7e/element/f.003B7F97663A213565201A76C4492A9B.d.E768633121C1215706EF8B0736F1936A.e.8028/click - {}
RESULT: {}
COMMAND: GET /session/1d980a951abea0b22294b008109eaf7e/screenshot - {}
RESULT: {}
COMMAND: POST /session/1d980a951abea0b22294b008109eaf7e/actions - {"actions":[{"id":"action29","type":"key","parameters":{},"actions":[{"type":"keyDown","value":"î€‡"},{"type":"pause","duration":10},{"type":"keyUp","value":"î€‡"}]}]}
RESULT: {"actions":[{"id":"action29","type":"key","parameters":{},"actions":[{"type":"keyDown","value":"î€‡"},{"type":"pause","duration":10},{"type":"keyUp","value":"î€‡"}]}]}
COMMAND: GET /session/1d980a951abea0b22294b008109eaf7e/screenshot - {}
RESULT: {}
COMMAND: GET /session/1d980a951abea0b22294b008109eaf7e/window/handles - {}
RESULT: {}
COMMAND: POST /session/1d980a951abea0b22294b008109eaf7e/window - {"handle":"988FDEC84721028C7DE081769AD2FC3C"}
RESULT: {"handle":"988FDEC84721028C7DE081769AD2FC3C"}
COMMAND: GET /session/1d980a951abea0b22294b008109eaf7e/url - {}
RESULT: {}
COMMAND: GET /session/1d980a951abea0b22294b008109eaf7e/screenshot - {}
RESULT: {}
COMMAND: DELETE /session/1d980a951abea0b22294b008109eaf7e/window - {}
RESULT: {}
COMMAND: POST /session/1d980a951abea0b22294b008109eaf7e/window - {"handle":"003B7F97663A213565201A76C4492A9B"}
RESULT: {"handle":"003B7F97663A213565201A76C4492A9B"}
COMMAND: GET /session/1d980a951abea0b22294b008109eaf7e/url - {}
RESULT: {}
COMMAND: GET /session/1d980a951abea0b22294b008109eaf7e/screenshot - {}
RESULT: {}
COMMAND: POST /session/1d980a951abea0b22294b008109eaf7e/element - {"using":"xpath","value":"(//span[contains(@id ,\"internalSplitBtn-arrowButton-img\")])[1]"}
RESULT: {"using":"xpath","value":"(//span[contains(@id ,\"internalSplitBtn-arrowButton-img\")])[1]"}
COMMAND: POST /session/1d980a951abea0b22294b008109eaf7e/element/f.003B7F97663A213565201A76C4492A9B.d.E768633121C1215706EF8B0736F1936A.e.8028/click - {}
RESULT: {}
COMMAND: GET /session/1d980a951abea0b22294b008109eaf7e/screenshot - {}
RESULT: {}
COMMAND: POST /session/1d980a951abea0b22294b008109eaf7e/actions - {"actions":[{"id":"action30","type":"key","parameters":{},"actions":[{"type":"keyDown","value":"î€•"},{"type":"pause","duration":10},{"type":"keyUp","value":"î€•"}]}]}
RESULT: {"actions":[{"id":"action30","type":"key","parameters":{},"actions":[{"type":"keyDown","value":"î€•"},{"type":"pause","duration":10},{"type":"keyUp","value":"î€•"}]}]}
COMMAND: POST /session/1d980a951abea0b22294b008109eaf7e/actions - {"actions":[{"id":"action31","type":"key","parameters":{},"actions":[{"type":"keyDown","value":"î€‡"},{"type":"pause","duration":10},{"type":"keyUp","value":"î€‡"}]}]}
COMMAND: GET /session/1d980a951abea0b22294b008109eaf7e/screenshot - {}
RESULT: {"actions":[{"id":"action31","type":"key","parameters":{},"actions":[{"type":"keyDown","value":"î€‡"},{"type":"pause","duration":10},{"type":"keyUp","value":"î€‡"}]}]}
COMMAND: GET /session/1d980a951abea0b22294b008109eaf7e/screenshot - {}
RESULT: {}
RESULT: {}
COMMAND: GET /session/1d980a951abea0b22294b008109eaf7e/window/handles - {}
RESULT: {}
COMMAND: POST /session/1d980a951abea0b22294b008109eaf7e/window - {"handle":"60F92D77EB91899A48D4D6D6EF62C6A1"}
RESULT: {"handle":"60F92D77EB91899A48D4D6D6EF62C6A1"}
COMMAND: GET /session/1d980a951abea0b22294b008109eaf7e/url - {}
RESULT: {}
COMMAND: GET /session/1d980a951abea0b22294b008109eaf7e/screenshot - {}
RESULT: {}
COMMAND: DELETE /session/1d980a951abea0b22294b008109eaf7e/window - {}
RESULT: {}
COMMAND: POST /session/1d980a951abea0b22294b008109eaf7e/window - {"handle":"003B7F97663A213565201A76C4492A9B"}
RESULT: {"handle":"003B7F97663A213565201A76C4492A9B"}
COMMAND: GET /session/1d980a951abea0b22294b008109eaf7e/url - {}
RESULT: {}
COMMAND: GET /session/1d980a951abea0b22294b008109eaf7e/screenshot - {}
RESULT: {}
COMMAND: POST /session/1d980a951abea0b22294b008109eaf7e/execute/async - {"script":"<script> [1562 bytes]","args":[{"selector":{"controlType":"sap.ui.core.Icon","viewName":"etm.portal.ui.webshop.view.RequestDetail","properties":{"src":{"regex":{"source":"slim\\-arrow\\-down"}}},"ancestor":{"controlType":"sap.m.SplitButton","viewName":"etm.portal.ui.webshop.view.RequestDetail","properties":{"text":"Actions"}}},"wdio_ui5_key":"etmportal.ui.webshop.view.RequestDetailsap.ui.core.Icon{\"src\":{\"regex\":{\"source\":\"slim\\\\-arrow\\\\-down\"}}}{\"controlType\":\"sap.m.SplitButton\",\"viewName\":\"etm.portal.ui.webshop.view.RequestDetail\",\"properties\":{\"text\":\"Actions\"}}"}]}
RESULT: {"script":"<script> [1562 bytes]","args":[{"selector":{"controlType":"sap.ui.core.Icon","viewName":"etm.portal.ui.webshop.view.RequestDetail","properties":{"src":{"regex":{"source":"slim\\-arrow\\-down"}}},"ancestor":{"controlType":"sap.m.SplitButton","viewName":"etm.portal.ui.webshop.view.RequestDetail","properties":{"text":"Actions"}}},"wdio_ui5_key":"etmportal.ui.webshop.view.RequestDetailsap.ui.core.Icon{\"src\":{\"regex\":{\"source\":\"slim\\\\-arrow\\\\-down\"}}}{\"controlType\":\"sap.m.SplitButton\",\"viewName\":\"etm.portal.ui.webshop.view.RequestDetail\",\"properties\":{\"text\":\"Actions\"}}"}]}
RESULT: undefined
COMMAND: POST /session/1d980a951abea0b22294b008109eaf7e/element - {"using":"xpath","value":"//*[@id=\"__xmlview61--actionsMenuButton-internalSplitBtn-arrowButton-img\"]"}
RESULT: {"using":"xpath","value":"//*[@id=\"__xmlview61--actionsMenuButton-internalSplitBtn-arrowButton-img\"]"}
COMMAND: POST /session/1d980a951abea0b22294b008109eaf7e/element/f.003B7F97663A213565201A76C4492A9B.d.E768633121C1215706EF8B0736F1936A.e.8034/click - {}
RESULT: {}
COMMAND: GET /session/1d980a951abea0b22294b008109eaf7e/screenshot - {}
RESULT: {}
COMMAND: POST /session/1d980a951abea0b22294b008109eaf7e/actions - {"actions":[{"id":"action32","type":"key","parameters":{},"actions":[{"type":"keyDown","value":"î€‡"},{"type":"pause","duration":10},{"type":"keyUp","value":"î€‡"}]}]}
RESULT: {"actions":[{"id":"action32","type":"key","parameters":{},"actions":[{"type":"keyDown","value":"î€‡"},{"type":"pause","duration":10},{"type":"keyUp","value":"î€‡"}]}]}
COMMAND: POST /session/1d980a951abea0b22294b008109eaf7e/element - {"using":"xpath","value":"//div[contains(@class ,\"sapMMessageToast sapUiSelectable sapContrast sapContrastPlus\")]"}
COMMAND: GET /session/1d980a951abea0b22294b008109eaf7e/screenshot - {}
RESULT: {"using":"xpath","value":"//div[contains(@class ,\"sapMMessageToast sapUiSelectable sapContrast sapContrastPlus\")]"}
COMMAND: POST /session/1d980a951abea0b22294b008109eaf7e/execute/sync - {"script":"<script> [8489 bytes]","args":[{"element-6066-11e4-a52e-4f735466cecf":"f.003B7F97663A213565201A76C4492A9B.d.E768633121C1215706EF8B0736F1936A.e.8040","ELEMENT":"f.003B7F97663A213565201A76C4492A9B.d.E768633121C1215706EF8B0736F1936A.e.8040"}]}
RESULT: {}
RESULT: {"script":"<script> [8489 bytes]","args":[{"element-6066-11e4-a52e-4f735466cecf":"f.003B7F97663A213565201A76C4492A9B.d.E768633121C1215706EF8B0736F1936A.e.8040","ELEMENT":"f.003B7F97663A213565201A76C4492A9B.d.E768633121C1215706EF8B0736F1936A.e.8040"}]}
COMMAND: GET /session/1d980a951abea0b22294b008109eaf7e/element/f.003B7F97663A213565201A76C4492A9B.d.E768633121C1215706EF8B0736F1936A.e.8040/text - {}
COMMAND: GET /session/1d980a951abea0b22294b008109eaf7e/screenshot - {}
RESULT: {}
RESULT: {}
COMMAND: POST /session/1d980a951abea0b22294b008109eaf7e/execute/async - {"script":"<script> [1562 bytes]","args":[{"selector":{"controlType":"sap.m.ObjectStatus","viewName":"etm.portal.ui.webshop.view.RequestDetail","bindingPath":{"path":"/RequestHeaders(NO='20070')","propertyPath":"LINK_TO_STATUS/DESCRIPTION","modelName":"catalogModel"}},"wdio_ui5_key":"etmportal.ui.webshop.view.RequestDetailsap.m.ObjectStatus{\"path\":\"/RequestHeaders(NO='20070')\",\"propertyPath\":\"LINK_TO_STATUS/DESCRIPTION\",\"modelName\":\"catalogModel\"}"}]}
RESULT: {"script":"<script> [1562 bytes]","args":[{"selector":{"controlType":"sap.m.ObjectStatus","viewName":"etm.portal.ui.webshop.view.RequestDetail","bindingPath":{"path":"/RequestHeaders(NO='20070')","propertyPath":"LINK_TO_STATUS/DESCRIPTION","modelName":"catalogModel"}},"wdio_ui5_key":"etmportal.ui.webshop.view.RequestDetailsap.m.ObjectStatus{\"path\":\"/RequestHeaders(NO='20070')\",\"propertyPath\":\"LINK_TO_STATUS/DESCRIPTION\",\"modelName\":\"catalogModel\"}"}]}
RESULT: undefined
COMMAND: POST /session/1d980a951abea0b22294b008109eaf7e/execute/async - {"script":"<script> [6424 bytes]","args":[{"element-6066-11e4-a52e-4f735466cecf":"f.003B7F97663A213565201A76C4492A9B.d.E768633121C1215706EF8B0736F1936A.e.8068"},"getText",[]]}
RESULT: {"script":"<script> [6424 bytes]","args":[{"element-6066-11e4-a52e-4f735466cecf":"f.003B7F97663A213565201A76C4492A9B.d.E768633121C1215706EF8B0736F1936A.e.8068"},"getText",[]]}
COMMAND: POST /session/1d980a951abea0b22294b008109eaf7e/element - {"using":"xpath","value":"(//span[contains(@id ,\"internalSplitBtn-arrowButton-img\")])[1]"}
RESULT: {"using":"xpath","value":"(//span[contains(@id ,\"internalSplitBtn-arrowButton-img\")])[1]"}
COMMAND: POST /session/1d980a951abea0b22294b008109eaf7e/element/f.003B7F97663A213565201A76C4492A9B.d.E768633121C1215706EF8B0736F1936A.e.8064/click - {}
RESULT: {}
COMMAND: GET /session/1d980a951abea0b22294b008109eaf7e/screenshot - {}
RESULT: {}
COMMAND: POST /session/1d980a951abea0b22294b008109eaf7e/actions - {"actions":[{"id":"action33","type":"key","parameters":{},"actions":[{"type":"keyDown","value":"î€‡"},{"type":"pause","duration":10},{"type":"keyUp","value":"î€‡"}]}]}
RESULT: {"actions":[{"id":"action33","type":"key","parameters":{},"actions":[{"type":"keyDown","value":"î€‡"},{"type":"pause","duration":10},{"type":"keyUp","value":"î€‡"}]}]}
COMMAND: GET /session/1d980a951abea0b22294b008109eaf7e/screenshot - {}
RESULT: {}
COMMAND: POST /session/1d980a951abea0b22294b008109eaf7e/element - {"using":"xpath","value":"//input[contains(@id ,\"smartFilterBar-btnBasicSearch-I\")]"}
RESULT: {"using":"xpath","value":"//input[contains(@id ,\"smartFilterBar-btnBasicSearch-I\")]"}
COMMAND: POST /session/1d980a951abea0b22294b008109eaf7e/element/f.003B7F97663A213565201A76C4492A9B.d.E768633121C1215706EF8B0736F1936A.e.8073/clear - {}
RESULT: {}
COMMAND: POST /session/1d980a951abea0b22294b008109eaf7e/element/f.003B7F97663A213565201A76C4492A9B.d.E768633121C1215706EF8B0736F1936A.e.8073/value - {"text":"20070"}
COMMAND: GET /session/1d980a951abea0b22294b008109eaf7e/screenshot - {}
RESULT: {"text":"20070"}
COMMAND: GET /session/1d980a951abea0b22294b008109eaf7e/screenshot - {}
RESULT: {}
RESULT: {}
COMMAND: POST /session/1d980a951abea0b22294b008109eaf7e/actions - {"actions":[{"id":"action34","type":"key","parameters":{},"actions":[{"type":"keyDown","value":"î€‡"},{"type":"pause","duration":10},{"type":"keyUp","value":"î€‡"}]}]}
RESULT: {"actions":[{"id":"action34","type":"key","parameters":{},"actions":[{"type":"keyDown","value":"î€‡"},{"type":"pause","duration":10},{"type":"keyUp","value":"î€‡"}]}]}
COMMAND: GET /session/1d980a951abea0b22294b008109eaf7e/screenshot - {}
RESULT: {}
COMMAND: POST /session/1d980a951abea0b22294b008109eaf7e/execute/async - {"script":"<script> [1562 bytes]","args":[{"selector":{"controlType":"sap.m.ObjectStatus","viewName":"etm.portal.ui.webshop.view.RequestMaster","bindingPath":{"path":"/SmartWebshopRequests('20070')","propertyPath":"STATUS_DESCRIPTION"}},"wdio_ui5_key":"etmportal.ui.webshop.view.RequestMastersap.m.ObjectStatus{\"path\":\"/SmartWebshopRequests('20070')\",\"propertyPath\":\"STATUS_DESCRIPTION\"}"}]}
RESULT: {"script":"<script> [1562 bytes]","args":[{"selector":{"controlType":"sap.m.ObjectStatus","viewName":"etm.portal.ui.webshop.view.RequestMaster","bindingPath":{"path":"/SmartWebshopRequests('20070')","propertyPath":"STATUS_DESCRIPTION"}},"wdio_ui5_key":"etmportal.ui.webshop.view.RequestMastersap.m.ObjectStatus{\"path\":\"/SmartWebshopRequests('20070')\",\"propertyPath\":\"STATUS_DESCRIPTION\"}"}]}
RESULT: undefined
COMMAND: POST /session/1d980a951abea0b22294b008109eaf7e/execute/async - {"script":"<script> [6424 bytes]","args":[{"element-6066-11e4-a52e-4f735466cecf":"f.003B7F97663A213565201A76C4492A9B.d.E768633121C1215706EF8B0736F1936A.e.8156"},"getText",[]]}
RESULT: {"script":"<script> [6424 bytes]","args":[{"element-6066-11e4-a52e-4f735466cecf":"f.003B7F97663A213565201A76C4492A9B.d.E768633121C1215706EF8B0736F1936A.e.8156"},"getText",[]]}
COMMAND: POST /session/1d980a951abea0b22294b008109eaf7e/refresh - {}
RESULT: {}
COMMAND: GET /session/1d980a951abea0b22294b008109eaf7e/screenshot - {}
RESULT: {}
COMMAND: POST /session/1d980a951abea0b22294b008109eaf7e/execute/async - {"script":"<script> [189 bytes]","args":[]}
RESULT: {"script":"<script> [189 bytes]","args":[]}
COMMAND: POST /session/1d980a951abea0b22294b008109eaf7e/execute/async - {"script":"<script> [123 bytes]","args":[]}
RESULT: {"script":"<script> [123 bytes]","args":[]}
COMMAND: POST /session/1d980a951abea0b22294b008109eaf7e/timeouts - {"script":"<number>"}
RESULT: {"script":"<number>"}
COMMAND: GET /session/1d980a951abea0b22294b008109eaf7e/timeouts - {}
RESULT: {}
RESULT: undefined
COMMAND: POST /session/1d980a951abea0b22294b008109eaf7e/execute/async - {"script":"<script> [2676 bytes]","args":[]}
RESULT: {"script":"<script> [2676 bytes]","args":[]}
COMMAND: POST /session/1d980a951abea0b22294b008109eaf7e/execute/async - {"script":"<script> [2342 bytes]","args":[{"protocol":"http","hostname":"0.0.0.0","path":"/","capabilities":{"browserName":"chrome","goog:chromeOptions":{"binary":"C:\\Program Files\\Google\\Chrome\\Application\\chrome.exe","args":["--start-maximized"]}},"logLevel":"warn","connectionRetryTimeout":120000,"connectionRetryCount":3,"logLevels":{},"enableDirectConnect":true,"strictSSL":true,"_":"65 more keys: [\"cacheDir\",\"port\",\"requestedCapabilities\",\"automationProtocol\",\"baseUrl\",\"waitforInterval\",\"waitforTimeout\",\"onReload\",\"beforeCommand\",\"afterCommand\",\"rootDir\",\"specs\",\"suites\",\"exclude\",\"groupLogsByTestSpec\",\"excludeDriverLogs\",\"bail\",\"framework\",\"reporters\",\"services\",\"maxInstances\",\"maxInstancesPerCapability\",\"injectGlobals\",\"filesToWatch\",\"execArgv\",\"runnerEnv\",\"runner\",\"shard\",\"specFileRetries\",\"specFileRetriesDelay\",\"specFileRetriesDeferred\",\"reporterSyncInterval\",\"reporterSyncTimeout\",\"cucumberFeaturesWithLineNumbers\",\"autoCompileOpts\",\"mochaOpts\",\"jasmineOpts\",\"cucumberOpts\",\"onPrepare\",\"onWorkerStart\",\"onWorkerEnd\",\"before\",\"beforeSession\",\"beforeSuite\",\"beforeHook\",\"beforeTest\",\"afterTest\",\"afterHook\",\"afterSuite\",\"afterSession\",\"after\",\"onComplete\",\"beforeAssertion\",\"afterAssertion\",\"beforeFeature\",\"beforeScenario\",\"beforeStep\",\"afterStep\",\"afterScenario\",\"afterFeature\",\"_\",\"suite\",\"$0\",\"ignoredWorkerServices\",\"wdi5\"]"}]}
RESULT: {"script":"<script> [2342 bytes]","args":[{"protocol":"http","hostname":"0.0.0.0","path":"/","capabilities":{"browserName":"chrome","goog:chromeOptions":{"binary":"C:\\Program Files\\Google\\Chrome\\Application\\chrome.exe","args":["--start-maximized"]}},"logLevel":"warn","connectionRetryTimeout":120000,"connectionRetryCount":3,"logLevels":{},"enableDirectConnect":true,"strictSSL":true,"_":"65 more keys: [\"cacheDir\",\"port\",\"requestedCapabilities\",\"automationProtocol\",\"baseUrl\",\"waitforInterval\",\"waitforTimeout\",\"onReload\",\"beforeCommand\",\"afterCommand\",\"rootDir\",\"specs\",\"suites\",\"exclude\",\"groupLogsByTestSpec\",\"excludeDriverLogs\",\"bail\",\"framework\",\"reporters\",\"services\",\"maxInstances\",\"maxInstancesPerCapability\",\"injectGlobals\",\"filesToWatch\",\"execArgv\",\"runnerEnv\",\"runner\",\"shard\",\"specFileRetries\",\"specFileRetriesDelay\",\"specFileRetriesDeferred\",\"reporterSyncInterval\",\"reporterSyncTimeout\",\"cucumberFeaturesWithLineNumbers\",\"autoCompileOpts\",\"mochaOpts\",\"jasmineOpts\",\"cucumberOpts\",\"onPrepare\",\"onWorkerStart\",\"onWorkerEnd\",\"before\",\"beforeSession\",\"beforeSuite\",\"beforeHook\",\"beforeTest\",\"afterTest\",\"afterHook\",\"afterSuite\",\"afterSession\",\"after\",\"onComplete\",\"beforeAssertion\",\"afterAssertion\",\"beforeFeature\",\"beforeScenario\",\"beforeStep\",\"afterStep\",\"afterScenario\",\"afterFeature\",\"_\",\"suite\",\"$0\",\"ignoredWorkerServices\",\"wdi5\"]"}]}
COMMAND: POST /session/1d980a951abea0b22294b008109eaf7e/execute/async - {"script":"<script> [21126 bytes]","args":[35000]}
RESULT: {"script":"<script> [21126 bytes]","args":[35000]}
COMMAND: POST /session/1d980a951abea0b22294b008109eaf7e/element - {"using":"xpath","value":"//li[contains(@title ,\"Exit\")]"}
RESULT: {"using":"xpath","value":"//li[contains(@title ,\"Exit\")]"}
COMMAND: POST /session/1d980a951abea0b22294b008109eaf7e/element/f.003B7F97663A213565201A76C4492A9B.d.9A3C7295BF504C65F16A0AEC6A05F4B5.e.8241/click - {}
RESULT: undefined
RESULT: undefined
RESULT: undefined
RESULT: undefined
RESULT: undefined
RESULT: undefined
RESULT: undefined
RESULT: undefined
RESULT: undefined
RESULT: undefined
RESULT: undefined
RESULT: {}
COMMAND: GET /session/1d980a951abea0b22294b008109eaf7e/screenshot - {}
RESULT: {}
COMMAND: DELETE /session/1d980a951abea0b22294b008109eaf7e - {}
RESULT: {}
]]></system-out>
    </testcase>
  </testsuite>
</testsuites>