<?xml version="1.0" encoding="UTF-8"?>
<testsuites tests="80" failures="1" errors="1" skipped="0">
  <testsuite timestamp="2025-05-27T16:17:58" time="783.033" tests="8" failures="0" errors="0" skipped="0">
    <properties>
      <property name="specId" value="0"/>
      <property name="suiteName" value="Stock increase - with WHM US125587"/>
      <property name="capabilities" value="chrome.136_0_7103_93.windows"/>
      <property name="file" value="file:///D:/a/1/s/test/specs/HTR/stock-increase.spec.js"/>
    </properties>
    <testcase classname="chrome.136_0_7103_93.windows.Stock_increase_-_with_WHM_US125587" name="Should create a new WHM yard" time="141.981">
      <system-out><![CDATA[
COMMAND: POST /session/cdd305857320dd590ea5bbf59a31d46e/window/fullscreen - {}
RESULT: {}
COMMAND: POST /session/cdd305857320dd590ea5bbf59a31d46e/execute/async - {"script":"<script> [1562 bytes]","args":[{"selector":{"controlType":"sap.m.GenericTile","properties":{"header":"Manage Yards"}},"wdio_ui5_key":"sapm.GenericTile{\"header\":\"Manage Yards\"}"}]}
RESULT: {"script":"<script> [1562 bytes]","args":[{"selector":{"controlType":"sap.m.GenericTile","properties":{"header":"Manage Yards"}},"wdio_ui5_key":"sapm.GenericTile{\"header\":\"Manage Yards\"}"}]}
RESULT: undefined
COMMAND: POST /session/cdd305857320dd590ea5bbf59a31d46e/element - {"using":"xpath","value":"//*[@id=\"__tile41\"]"}
RESULT: {"using":"xpath","value":"//*[@id=\"__tile41\"]"}
COMMAND: POST /session/cdd305857320dd590ea5bbf59a31d46e/element/f.492DEA3F6A95B07ADA96E928C4F8A0EF.d.6C174A8CEDB0C5F93F4619F2782A0EDD.e.132/click - {}
RESULT: {}
COMMAND: GET /session/cdd305857320dd590ea5bbf59a31d46e/screenshot - {}
RESULT: {}
COMMAND: POST /session/cdd305857320dd590ea5bbf59a31d46e/elements - {"using":"xpath","value":"//span[text()='Error']"}
RESULT: {"using":"xpath","value":"//span[text()='Error']"}
COMMAND: POST /session/cdd305857320dd590ea5bbf59a31d46e/element - {"using":"xpath","value":"//button[@data-kt=\"addNewYardOverflowToolbarButton\"]"}
RESULT: {"using":"xpath","value":"//button[@data-kt=\"addNewYardOverflowToolbarButton\"]"}
COMMAND: POST /session/cdd305857320dd590ea5bbf59a31d46e/elements - {"using":"xpath","value":"//button[@data-kt=\"addNewYardOverflowToolbarButton\"]"}
RESULT: {"using":"xpath","value":"//button[@data-kt=\"addNewYardOverflowToolbarButton\"]"}
COMMAND: POST /session/cdd305857320dd590ea5bbf59a31d46e/elements - {"using":"xpath","value":"//button[@data-kt=\"addNewYardOverflowToolbarButton\"]"}
RESULT: {"using":"xpath","value":"//button[@data-kt=\"addNewYardOverflowToolbarButton\"]"}
COMMAND: POST /session/cdd305857320dd590ea5bbf59a31d46e/elements - {"using":"xpath","value":"//button[@data-kt=\"addNewYardOverflowToolbarButton\"]"}
RESULT: {"using":"xpath","value":"//button[@data-kt=\"addNewYardOverflowToolbarButton\"]"}
COMMAND: POST /session/cdd305857320dd590ea5bbf59a31d46e/elements - {"using":"xpath","value":"//button[@data-kt=\"addNewYardOverflowToolbarButton\"]"}
RESULT: {"using":"xpath","value":"//button[@data-kt=\"addNewYardOverflowToolbarButton\"]"}
COMMAND: POST /session/cdd305857320dd590ea5bbf59a31d46e/elements - {"using":"xpath","value":"//button[@data-kt=\"addNewYardOverflowToolbarButton\"]"}
RESULT: {"using":"xpath","value":"//button[@data-kt=\"addNewYardOverflowToolbarButton\"]"}
COMMAND: POST /session/cdd305857320dd590ea5bbf59a31d46e/elements - {"using":"xpath","value":"//button[@data-kt=\"addNewYardOverflowToolbarButton\"]"}
RESULT: {"using":"xpath","value":"//button[@data-kt=\"addNewYardOverflowToolbarButton\"]"}
COMMAND: POST /session/cdd305857320dd590ea5bbf59a31d46e/elements - {"using":"xpath","value":"//button[@data-kt=\"addNewYardOverflowToolbarButton\"]"}
RESULT: {"using":"xpath","value":"//button[@data-kt=\"addNewYardOverflowToolbarButton\"]"}
COMMAND: POST /session/cdd305857320dd590ea5bbf59a31d46e/elements - {"using":"xpath","value":"//button[@data-kt=\"addNewYardOverflowToolbarButton\"]"}
RESULT: {"using":"xpath","value":"//button[@data-kt=\"addNewYardOverflowToolbarButton\"]"}
COMMAND: POST /session/cdd305857320dd590ea5bbf59a31d46e/element - {"using":"xpath","value":"//button[@data-kt=\"addNewYardOverflowToolbarButton\"]"}
RESULT: {"using":"xpath","value":"//button[@data-kt=\"addNewYardOverflowToolbarButton\"]"}
COMMAND: POST /session/cdd305857320dd590ea5bbf59a31d46e/execute/sync - {"script":"<script> [8489 bytes]","args":[{"element-6066-11e4-a52e-4f735466cecf":"f.492DEA3F6A95B07ADA96E928C4F8A0EF.d.6C174A8CEDB0C5F93F4619F2782A0EDD.e.268","ELEMENT":"f.492DEA3F6A95B07ADA96E928C4F8A0EF.d.6C174A8CEDB0C5F93F4619F2782A0EDD.e.268"}]}
RESULT: {"script":"<script> [8489 bytes]","args":[{"element-6066-11e4-a52e-4f735466cecf":"f.492DEA3F6A95B07ADA96E928C4F8A0EF.d.6C174A8CEDB0C5F93F4619F2782A0EDD.e.268","ELEMENT":"f.492DEA3F6A95B07ADA96E928C4F8A0EF.d.6C174A8CEDB0C5F93F4619F2782A0EDD.e.268"}]}
COMMAND: GET /session/cdd305857320dd590ea5bbf59a31d46e/element/f.492DEA3F6A95B07ADA96E928C4F8A0EF.d.6C174A8CEDB0C5F93F4619F2782A0EDD.e.268/enabled - {}
COMMAND: GET /session/cdd305857320dd590ea5bbf59a31d46e/screenshot - {}
RESULT: {}
COMMAND: POST /session/cdd305857320dd590ea5bbf59a31d46e/execute/sync - {"script":"<script> [8489 bytes]","args":[{"element-6066-11e4-a52e-4f735466cecf":"f.492DEA3F6A95B07ADA96E928C4F8A0EF.d.6C174A8CEDB0C5F93F4619F2782A0EDD.e.268","ELEMENT":"f.492DEA3F6A95B07ADA96E928C4F8A0EF.d.6C174A8CEDB0C5F93F4619F2782A0EDD.e.268"}]}
COMMAND: GET /session/cdd305857320dd590ea5bbf59a31d46e/screenshot - {}
RESULT: {}
RESULT: {"script":"<script> [8489 bytes]","args":[{"element-6066-11e4-a52e-4f735466cecf":"f.492DEA3F6A95B07ADA96E928C4F8A0EF.d.6C174A8CEDB0C5F93F4619F2782A0EDD.e.268","ELEMENT":"f.492DEA3F6A95B07ADA96E928C4F8A0EF.d.6C174A8CEDB0C5F93F4619F2782A0EDD.e.268"}]}
COMMAND: POST /session/cdd305857320dd590ea5bbf59a31d46e/execute/sync - {"script":"<script> [5351 bytes]","args":[{"element-6066-11e4-a52e-4f735466cecf":"f.492DEA3F6A95B07ADA96E928C4F8A0EF.d.6C174A8CEDB0C5F93F4619F2782A0EDD.e.268","ELEMENT":"f.492DEA3F6A95B07ADA96E928C4F8A0EF.d.6C174A8CEDB0C5F93F4619F2782A0EDD.e.268"}]}
RESULT: {}
COMMAND: GET /session/cdd305857320dd590ea5bbf59a31d46e/screenshot - {}
RESULT: {"script":"<script> [5351 bytes]","args":[{"element-6066-11e4-a52e-4f735466cecf":"f.492DEA3F6A95B07ADA96E928C4F8A0EF.d.6C174A8CEDB0C5F93F4619F2782A0EDD.e.268","ELEMENT":"f.492DEA3F6A95B07ADA96E928C4F8A0EF.d.6C174A8CEDB0C5F93F4619F2782A0EDD.e.268"}]}
COMMAND: POST /session/cdd305857320dd590ea5bbf59a31d46e/element/f.492DEA3F6A95B07ADA96E928C4F8A0EF.d.6C174A8CEDB0C5F93F4619F2782A0EDD.e.268/click - {}
COMMAND: GET /session/cdd305857320dd590ea5bbf59a31d46e/screenshot - {}
RESULT: {}
RESULT: {}
COMMAND: GET /session/cdd305857320dd590ea5bbf59a31d46e/screenshot - {}
RESULT: {}
RESULT: {}
COMMAND: POST /session/cdd305857320dd590ea5bbf59a31d46e/element - {"using":"xpath","value":"//input[@id=\"application-manageyards-display-component---NewYard--yardId-inner\"]"}
RESULT: {"using":"xpath","value":"//input[@id=\"application-manageyards-display-component---NewYard--yardId-inner\"]"}
COMMAND: POST /session/cdd305857320dd590ea5bbf59a31d46e/element - {"using":"xpath","value":"//input[@id=\"application-manageyards-display-component---NewYard--yardId-inner\"]"}
RESULT: {"using":"xpath","value":"//input[@id=\"application-manageyards-display-component---NewYard--yardId-inner\"]"}
COMMAND: POST /session/cdd305857320dd590ea5bbf59a31d46e/execute/async - {"script":"<script> [1562 bytes]","args":[{"selector":{"id":"application-manageyards-display-component---NewYard--addressDetailDetailsName1","interaction":{"idSuffix":"inner"}},"wdio_ui5_key":"applicationmanageyards-display-component---NewYard--addressDetailDetailsName1"}]}
RESULT: {"script":"<script> [1562 bytes]","args":[{"selector":{"id":"application-manageyards-display-component---NewYard--addressDetailDetailsName1","interaction":{"idSuffix":"inner"}},"wdio_ui5_key":"applicationmanageyards-display-component---NewYard--addressDetailDetailsName1"}]}
RESULT: undefined
COMMAND: POST /session/cdd305857320dd590ea5bbf59a31d46e/execute/async - {"script":"<script> [776 bytes]","args":[{"enterText":"Warehouse Managed WDIO","selector":{"id":"application-manageyards-display-component---NewYard--addressDetailDetailsName1","interaction":{"idSuffix":"inner"}},"clearTextFirst":true,"interactionType":"ENTER_TEXT"}]}
RESULT: {"script":"<script> [776 bytes]","args":[{"enterText":"Warehouse Managed WDIO","selector":{"id":"application-manageyards-display-component---NewYard--addressDetailDetailsName1","interaction":{"idSuffix":"inner"}},"clearTextFirst":true,"interactionType":"ENTER_TEXT"}]}
COMMAND: POST /session/cdd305857320dd590ea5bbf59a31d46e/execute/async - {"script":"<script> [1562 bytes]","args":[{"selector":{"id":"application-manageyards-display-component---NewYard--addressDetailDetailsLanguage-arrow"},"wdio_ui5_key":"applicationmanageyards-display-component---NewYard--addressDetailDetailsLanguage-arrow"}]}
RESULT: {"script":"<script> [1562 bytes]","args":[{"selector":{"id":"application-manageyards-display-component---NewYard--addressDetailDetailsLanguage-arrow"},"wdio_ui5_key":"applicationmanageyards-display-component---NewYard--addressDetailDetailsLanguage-arrow"}]}
RESULT: undefined
COMMAND: POST /session/cdd305857320dd590ea5bbf59a31d46e/element - {"using":"xpath","value":"//*[@id=\"application-manageyards-display-component---NewYard--addressDetailDetailsLanguage-arrow\"]"}
RESULT: {"using":"xpath","value":"//*[@id=\"application-manageyards-display-component---NewYard--addressDetailDetailsLanguage-arrow\"]"}
COMMAND: POST /session/cdd305857320dd590ea5bbf59a31d46e/element/f.492DEA3F6A95B07ADA96E928C4F8A0EF.d.6C174A8CEDB0C5F93F4619F2782A0EDD.e.698/click - {}
RESULT: {}
COMMAND: POST /session/cdd305857320dd590ea5bbf59a31d46e/element - {"using":"xpath","value":"//span[contains(text(), \"English\")]"}
COMMAND: GET /session/cdd305857320dd590ea5bbf59a31d46e/screenshot - {}
RESULT: {"using":"xpath","value":"//span[contains(text(), \"English\")]"}
COMMAND: POST /session/cdd305857320dd590ea5bbf59a31d46e/element/f.492DEA3F6A95B07ADA96E928C4F8A0EF.d.6C174A8CEDB0C5F93F4619F2782A0EDD.e.699/click - {}
RESULT: {}
RESULT: {}
COMMAND: POST /session/cdd305857320dd590ea5bbf59a31d46e/execute/async - {"script":"<script> [1562 bytes]","args":[{"selector":{"id":"application-manageyards-display-component---NewYard--addressDetailDetailsCity1","interaction":{"idSuffix":"inner"}},"wdio_ui5_key":"applicationmanageyards-display-component---NewYard--addressDetailDetailsCity1"}]}
COMMAND: GET /session/cdd305857320dd590ea5bbf59a31d46e/screenshot - {}
RESULT: {"script":"<script> [1562 bytes]","args":[{"selector":{"id":"application-manageyards-display-component---NewYard--addressDetailDetailsCity1","interaction":{"idSuffix":"inner"}},"wdio_ui5_key":"applicationmanageyards-display-component---NewYard--addressDetailDetailsCity1"}]}
RESULT: undefined
COMMAND: POST /session/cdd305857320dd590ea5bbf59a31d46e/execute/async - {"script":"<script> [776 bytes]","args":[{"enterText":"Rosario","selector":{"id":"application-manageyards-display-component---NewYard--addressDetailDetailsCity1","interaction":{"idSuffix":"inner"}},"clearTextFirst":true,"interactionType":"ENTER_TEXT"}]}
RESULT: {}
RESULT: {"script":"<script> [776 bytes]","args":[{"enterText":"Rosario","selector":{"id":"application-manageyards-display-component---NewYard--addressDetailDetailsCity1","interaction":{"idSuffix":"inner"}},"clearTextFirst":true,"interactionType":"ENTER_TEXT"}]}
COMMAND: POST /session/cdd305857320dd590ea5bbf59a31d46e/execute/async - {"script":"<script> [1562 bytes]","args":[{"selector":{"id":"application-manageyards-display-component---NewYard--addressDetailDetailsCountry-arrow"},"wdio_ui5_key":"applicationmanageyards-display-component---NewYard--addressDetailDetailsCountry-arrow"}]}
RESULT: {"script":"<script> [1562 bytes]","args":[{"selector":{"id":"application-manageyards-display-component---NewYard--addressDetailDetailsCountry-arrow"},"wdio_ui5_key":"applicationmanageyards-display-component---NewYard--addressDetailDetailsCountry-arrow"}]}
RESULT: undefined
COMMAND: POST /session/cdd305857320dd590ea5bbf59a31d46e/element - {"using":"xpath","value":"//*[@id=\"application-manageyards-display-component---NewYard--addressDetailDetailsCountry-arrow\"]"}
RESULT: {"using":"xpath","value":"//*[@id=\"application-manageyards-display-component---NewYard--addressDetailDetailsCountry-arrow\"]"}
COMMAND: POST /session/cdd305857320dd590ea5bbf59a31d46e/element/f.492DEA3F6A95B07ADA96E928C4F8A0EF.d.6C174A8CEDB0C5F93F4619F2782A0EDD.e.701/click - {}
RESULT: {}
COMMAND: POST /session/cdd305857320dd590ea5bbf59a31d46e/element - {"using":"xpath","value":"//span[contains(text(), \"Argentina\")]"}
COMMAND: GET /session/cdd305857320dd590ea5bbf59a31d46e/screenshot - {}
RESULT: {"using":"xpath","value":"//span[contains(text(), \"Argentina\")]"}
COMMAND: POST /session/cdd305857320dd590ea5bbf59a31d46e/element/f.492DEA3F6A95B07ADA96E928C4F8A0EF.d.6C174A8CEDB0C5F93F4619F2782A0EDD.e.702/click - {}
RESULT: {}
RESULT: {}
COMMAND: POST /session/cdd305857320dd590ea5bbf59a31d46e/execute/async - {"script":"<script> [1562 bytes]","args":[{"selector":{"id":"application-manageyards-display-component---NewYard--addressEditDetailsCostObjectCstType-arrow"},"wdio_ui5_key":"applicationmanageyards-display-component---NewYard--addressEditDetailsCostObjectCstType-arrow"}]}
COMMAND: GET /session/cdd305857320dd590ea5bbf59a31d46e/screenshot - {}
RESULT: {"script":"<script> [1562 bytes]","args":[{"selector":{"id":"application-manageyards-display-component---NewYard--addressEditDetailsCostObjectCstType-arrow"},"wdio_ui5_key":"applicationmanageyards-display-component---NewYard--addressEditDetailsCostObjectCstType-arrow"}]}
RESULT: undefined
COMMAND: POST /session/cdd305857320dd590ea5bbf59a31d46e/element - {"using":"xpath","value":"//*[@id=\"application-manageyards-display-component---NewYard--addressEditDetailsCostObjectCstType-arrow\"]"}
RESULT: {}
RESULT: {"using":"xpath","value":"//*[@id=\"application-manageyards-display-component---NewYard--addressEditDetailsCostObjectCstType-arrow\"]"}
COMMAND: POST /session/cdd305857320dd590ea5bbf59a31d46e/element/f.492DEA3F6A95B07ADA96E928C4F8A0EF.d.6C174A8CEDB0C5F93F4619F2782A0EDD.e.704/click - {}
RESULT: {}
COMMAND: POST /session/cdd305857320dd590ea5bbf59a31d46e/element - {"using":"xpath","value":"//span[contains(text(), \"Cost Center\")]"}
COMMAND: GET /session/cdd305857320dd590ea5bbf59a31d46e/screenshot - {}
RESULT: {"using":"xpath","value":"//span[contains(text(), \"Cost Center\")]"}
COMMAND: POST /session/cdd305857320dd590ea5bbf59a31d46e/element/f.492DEA3F6A95B07ADA96E928C4F8A0EF.d.6C174A8CEDB0C5F93F4619F2782A0EDD.e.705/click - {}
RESULT: {}
RESULT: {}
COMMAND: GET /session/cdd305857320dd590ea5bbf59a31d46e/screenshot - {}
RESULT: {}
COMMAND: POST /session/cdd305857320dd590ea5bbf59a31d46e/element - {"using":"xpath","value":"//span[@id=\"application-manageyards-display-component---NewYard--addressNewCostObjectCstID-vhi\"]"}
RESULT: {"using":"xpath","value":"//span[@id=\"application-manageyards-display-component---NewYard--addressNewCostObjectCstID-vhi\"]"}
COMMAND: POST /session/cdd305857320dd590ea5bbf59a31d46e/execute/sync - {"script":"<script> [8489 bytes]","args":[{"element-6066-11e4-a52e-4f735466cecf":"f.492DEA3F6A95B07ADA96E928C4F8A0EF.d.6C174A8CEDB0C5F93F4619F2782A0EDD.e.709","ELEMENT":"f.492DEA3F6A95B07ADA96E928C4F8A0EF.d.6C174A8CEDB0C5F93F4619F2782A0EDD.e.709"}]}
RESULT: {"script":"<script> [8489 bytes]","args":[{"element-6066-11e4-a52e-4f735466cecf":"f.492DEA3F6A95B07ADA96E928C4F8A0EF.d.6C174A8CEDB0C5F93F4619F2782A0EDD.e.709","ELEMENT":"f.492DEA3F6A95B07ADA96E928C4F8A0EF.d.6C174A8CEDB0C5F93F4619F2782A0EDD.e.709"}]}
COMMAND: POST /session/cdd305857320dd590ea5bbf59a31d46e/execute/async - {"script":"<script> [1562 bytes]","args":[{"selector":{"id":"application-manageyards-display-component---NewYard--addressNewCostObjectCstID-vhi"},"wdio_ui5_key":"applicationmanageyards-display-component---NewYard--addressNewCostObjectCstID-vhi"}]}
COMMAND: GET /session/cdd305857320dd590ea5bbf59a31d46e/screenshot - {}
RESULT: {"script":"<script> [1562 bytes]","args":[{"selector":{"id":"application-manageyards-display-component---NewYard--addressNewCostObjectCstID-vhi"},"wdio_ui5_key":"applicationmanageyards-display-component---NewYard--addressNewCostObjectCstID-vhi"}]}
RESULT: undefined
COMMAND: POST /session/cdd305857320dd590ea5bbf59a31d46e/element - {"using":"xpath","value":"//*[@id=\"application-manageyards-display-component---NewYard--addressNewCostObjectCstID-vhi\"]"}
RESULT: {}
RESULT: {"using":"xpath","value":"//*[@id=\"application-manageyards-display-component---NewYard--addressNewCostObjectCstID-vhi\"]"}
COMMAND: POST /session/cdd305857320dd590ea5bbf59a31d46e/element/f.492DEA3F6A95B07ADA96E928C4F8A0EF.d.6C174A8CEDB0C5F93F4619F2782A0EDD.e.709/click - {}
RESULT: {}
COMMAND: GET /session/cdd305857320dd590ea5bbf59a31d46e/screenshot - {}
RESULT: {}
COMMAND: POST /session/cdd305857320dd590ea5bbf59a31d46e/execute/async - {"script":"<script> [1562 bytes]","args":[{"selector":{"controlType":"sap.m.SearchField","properties":{"placeholder":"Search"},"searchOpenDialogs":true,"interaction":{"idSuffix":"I"}},"wdio_ui5_key":"sapm.SearchField{\"placeholder\":\"Search\"}"}]}
RESULT: {"script":"<script> [1562 bytes]","args":[{"selector":{"controlType":"sap.m.SearchField","properties":{"placeholder":"Search"},"searchOpenDialogs":true,"interaction":{"idSuffix":"I"}},"wdio_ui5_key":"sapm.SearchField{\"placeholder\":\"Search\"}"}]}
RESULT: undefined
COMMAND: POST /session/cdd305857320dd590ea5bbf59a31d46e/execute/async - {"script":"<script> [776 bytes]","args":[{"enterText":"bauh_b","selector":{"controlType":"sap.m.SearchField","properties":{"placeholder":"Search"},"searchOpenDialogs":true,"interaction":{"idSuffix":"I"}},"clearTextFirst":true,"interactionType":"ENTER_TEXT"}]}
RESULT: {"script":"<script> [776 bytes]","args":[{"enterText":"bauh_b","selector":{"controlType":"sap.m.SearchField","properties":{"placeholder":"Search"},"searchOpenDialogs":true,"interaction":{"idSuffix":"I"}},"clearTextFirst":true,"interactionType":"ENTER_TEXT"}]}
COMMAND: POST /session/cdd305857320dd590ea5bbf59a31d46e/actions - {"actions":[{"id":"action1","type":"key","parameters":{},"actions":[{"type":"keyDown","value":""},{"type":"pause","duration":10},{"type":"keyUp","value":""}]}]}
RESULT: {"actions":[{"id":"action1","type":"key","parameters":{},"actions":[{"type":"keyDown","value":""},{"type":"pause","duration":10},{"type":"keyUp","value":""}]}]}
COMMAND: GET /session/cdd305857320dd590ea5bbf59a31d46e/screenshot - {}
RESULT: {}
COMMAND: POST /session/cdd305857320dd590ea5bbf59a31d46e/element - {"using":"xpath","value":"//span[contains(text(), \"Demo Yard\")]"}
RESULT: {"using":"xpath","value":"//span[contains(text(), \"Demo Yard\")]"}
COMMAND: POST /session/cdd305857320dd590ea5bbf59a31d46e/element/f.492DEA3F6A95B07ADA96E928C4F8A0EF.d.6C174A8CEDB0C5F93F4619F2782A0EDD.e.750/click - {}
RESULT: {}
COMMAND: GET /session/cdd305857320dd590ea5bbf59a31d46e/screenshot - {}
RESULT: {}
COMMAND: POST /session/cdd305857320dd590ea5bbf59a31d46e/element - {"using":"xpath","value":"//bdi[contains(text(), \"OK\")]"}
RESULT: {"using":"xpath","value":"//bdi[contains(text(), \"OK\")]"}
COMMAND: POST /session/cdd305857320dd590ea5bbf59a31d46e/element/f.492DEA3F6A95B07ADA96E928C4F8A0EF.d.6C174A8CEDB0C5F93F4619F2782A0EDD.e.751/click - {}
RESULT: {}
COMMAND: GET /session/cdd305857320dd590ea5bbf59a31d46e/screenshot - {}
RESULT: {}
COMMAND: POST /session/cdd305857320dd590ea5bbf59a31d46e/execute/async - {"script":"<script> [1562 bytes]","args":[{"selector":{"id":"application-manageyards-display-component---NewYard--addressEditDetailsCurrency-arrow"},"wdio_ui5_key":"applicationmanageyards-display-component---NewYard--addressEditDetailsCurrency-arrow"}]}
RESULT: {"script":"<script> [1562 bytes]","args":[{"selector":{"id":"application-manageyards-display-component---NewYard--addressEditDetailsCurrency-arrow"},"wdio_ui5_key":"applicationmanageyards-display-component---NewYard--addressEditDetailsCurrency-arrow"}]}
RESULT: undefined
COMMAND: POST /session/cdd305857320dd590ea5bbf59a31d46e/element - {"using":"xpath","value":"//*[@id=\"application-manageyards-display-component---NewYard--addressEditDetailsCurrency-arrow\"]"}
RESULT: {"using":"xpath","value":"//*[@id=\"application-manageyards-display-component---NewYard--addressEditDetailsCurrency-arrow\"]"}
COMMAND: POST /session/cdd305857320dd590ea5bbf59a31d46e/element/f.492DEA3F6A95B07ADA96E928C4F8A0EF.d.6C174A8CEDB0C5F93F4619F2782A0EDD.e.754/click - {}
RESULT: {}
COMMAND: POST /session/cdd305857320dd590ea5bbf59a31d46e/element - {"using":"xpath","value":"//span[contains(text(), \"Euro\")]"}
COMMAND: GET /session/cdd305857320dd590ea5bbf59a31d46e/screenshot - {}
RESULT: {"using":"xpath","value":"//span[contains(text(), \"Euro\")]"}
COMMAND: POST /session/cdd305857320dd590ea5bbf59a31d46e/element/f.492DEA3F6A95B07ADA96E928C4F8A0EF.d.6C174A8CEDB0C5F93F4619F2782A0EDD.e.755/click - {}
RESULT: {}
RESULT: {}
COMMAND: POST /session/cdd305857320dd590ea5bbf59a31d46e/execute/async - {"script":"<script> [1562 bytes]","args":[{"selector":{"controlType":"sap.m.Input","viewName":"etm.portal.ui.manageyards.view.New","viewId":"application-manageyards-display-component---NewYard","bindingPath":{"path":"","propertyPath":"/CONTROLLING_AREA","modelName":"NewYardModel"},"interaction":{"idSuffix":"inner"}},"wdio_ui5_key":"etmportal.ui.manageyards.view.Newsap.m.Input{\"path\":\"\",\"propertyPath\":\"/CONTROLLING_AREA\",\"modelName\":\"NewYardModel\"}"}]}
COMMAND: GET /session/cdd305857320dd590ea5bbf59a31d46e/screenshot - {}
RESULT: {"script":"<script> [1562 bytes]","args":[{"selector":{"controlType":"sap.m.Input","viewName":"etm.portal.ui.manageyards.view.New","viewId":"application-manageyards-display-component---NewYard","bindingPath":{"path":"","propertyPath":"/CONTROLLING_AREA","modelName":"NewYardModel"},"interaction":{"idSuffix":"inner"}},"wdio_ui5_key":"etmportal.ui.manageyards.view.Newsap.m.Input{\"path\":\"\",\"propertyPath\":\"/CONTROLLING_AREA\",\"modelName\":\"NewYardModel\"}"}]}
RESULT: undefined
COMMAND: POST /session/cdd305857320dd590ea5bbf59a31d46e/execute/async - {"script":"<script> [776 bytes]","args":[{"enterText":"Z001","selector":{"controlType":"sap.m.Input","viewName":"etm.portal.ui.manageyards.view.New","viewId":"application-manageyards-display-component---NewYard","bindingPath":{"path":"","propertyPath":"/CONTROLLING_AREA","modelName":"NewYardModel"},"interaction":{"idSuffix":"inner"}},"clearTextFirst":true,"interactionType":"ENTER_TEXT"}]}
RESULT: {}
RESULT: {"script":"<script> [776 bytes]","args":[{"enterText":"Z001","selector":{"controlType":"sap.m.Input","viewName":"etm.portal.ui.manageyards.view.New","viewId":"application-manageyards-display-component---NewYard","bindingPath":{"path":"","propertyPath":"/CONTROLLING_AREA","modelName":"NewYardModel"},"interaction":{"idSuffix":"inner"}},"clearTextFirst":true,"interactionType":"ENTER_TEXT"}]}
COMMAND: POST /session/cdd305857320dd590ea5bbf59a31d46e/execute/async - {"script":"<script> [1562 bytes]","args":[{"selector":{"id":"application-manageyards-display-component---NewYard--companyCodeComboBox","interaction":{"idSuffix":"inner"}},"wdio_ui5_key":"applicationmanageyards-display-component---NewYard--companyCodeComboBox"}]}
RESULT: {"script":"<script> [1562 bytes]","args":[{"selector":{"id":"application-manageyards-display-component---NewYard--companyCodeComboBox","interaction":{"idSuffix":"inner"}},"wdio_ui5_key":"applicationmanageyards-display-component---NewYard--companyCodeComboBox"}]}
RESULT: undefined
COMMAND: POST /session/cdd305857320dd590ea5bbf59a31d46e/execute/async - {"script":"<script> [776 bytes]","args":[{"enterText":"1000","selector":{"id":"application-manageyards-display-component---NewYard--companyCodeComboBox","interaction":{"idSuffix":"inner"}},"clearTextFirst":true,"interactionType":"ENTER_TEXT"}]}
RESULT: {"script":"<script> [776 bytes]","args":[{"enterText":"1000","selector":{"id":"application-manageyards-display-component---NewYard--companyCodeComboBox","interaction":{"idSuffix":"inner"}},"clearTextFirst":true,"interactionType":"ENTER_TEXT"}]}
COMMAND: POST /session/cdd305857320dd590ea5bbf59a31d46e/execute/async - {"script":"<script> [1562 bytes]","args":[{"selector":{"controlType":"sap.m.Input","viewName":"etm.portal.ui.manageyards.view.New","viewId":"application-manageyards-display-component---NewYard","bindingPath":{"path":"","propertyPath":"/PLANT","modelName":"NewYardModel"},"interaction":{"idSuffix":"inner"}},"wdio_ui5_key":"etmportal.ui.manageyards.view.Newsap.m.Input{\"path\":\"\",\"propertyPath\":\"/PLANT\",\"modelName\":\"NewYardModel\"}"}]}
RESULT: {"script":"<script> [1562 bytes]","args":[{"selector":{"controlType":"sap.m.Input","viewName":"etm.portal.ui.manageyards.view.New","viewId":"application-manageyards-display-component---NewYard","bindingPath":{"path":"","propertyPath":"/PLANT","modelName":"NewYardModel"},"interaction":{"idSuffix":"inner"}},"wdio_ui5_key":"etmportal.ui.manageyards.view.Newsap.m.Input{\"path\":\"\",\"propertyPath\":\"/PLANT\",\"modelName\":\"NewYardModel\"}"}]}
RESULT: undefined
COMMAND: POST /session/cdd305857320dd590ea5bbf59a31d46e/execute/async - {"script":"<script> [776 bytes]","args":[{"enterText":"1001","selector":{"controlType":"sap.m.Input","viewName":"etm.portal.ui.manageyards.view.New","viewId":"application-manageyards-display-component---NewYard","bindingPath":{"path":"","propertyPath":"/PLANT","modelName":"NewYardModel"},"interaction":{"idSuffix":"inner"}},"clearTextFirst":true,"interactionType":"ENTER_TEXT"}]}
RESULT: {"script":"<script> [776 bytes]","args":[{"enterText":"1001","selector":{"controlType":"sap.m.Input","viewName":"etm.portal.ui.manageyards.view.New","viewId":"application-manageyards-display-component---NewYard","bindingPath":{"path":"","propertyPath":"/PLANT","modelName":"NewYardModel"},"interaction":{"idSuffix":"inner"}},"clearTextFirst":true,"interactionType":"ENTER_TEXT"}]}
COMMAND: POST /session/cdd305857320dd590ea5bbf59a31d46e/execute/async - {"script":"<script> [1562 bytes]","args":[{"selector":{"controlType":"sap.m.Input","viewName":"etm.portal.ui.manageyards.view.New","viewId":"application-manageyards-display-component---NewYard","bindingPath":{"path":"","propertyPath":"/SALES_AREA_VKORG","modelName":"NewYardModel"},"interaction":{"idSuffix":"inner"}},"wdio_ui5_key":"etmportal.ui.manageyards.view.Newsap.m.Input{\"path\":\"\",\"propertyPath\":\"/SALES_AREA_VKORG\",\"modelName\":\"NewYardModel\"}"}]}
RESULT: {"script":"<script> [1562 bytes]","args":[{"selector":{"controlType":"sap.m.Input","viewName":"etm.portal.ui.manageyards.view.New","viewId":"application-manageyards-display-component---NewYard","bindingPath":{"path":"","propertyPath":"/SALES_AREA_VKORG","modelName":"NewYardModel"},"interaction":{"idSuffix":"inner"}},"wdio_ui5_key":"etmportal.ui.manageyards.view.Newsap.m.Input{\"path\":\"\",\"propertyPath\":\"/SALES_AREA_VKORG\",\"modelName\":\"NewYardModel\"}"}]}
RESULT: undefined
COMMAND: POST /session/cdd305857320dd590ea5bbf59a31d46e/execute/async - {"script":"<script> [776 bytes]","args":[{"enterText":"C002","selector":{"controlType":"sap.m.Input","viewName":"etm.portal.ui.manageyards.view.New","viewId":"application-manageyards-display-component---NewYard","bindingPath":{"path":"","propertyPath":"/SALES_AREA_VKORG","modelName":"NewYardModel"},"interaction":{"idSuffix":"inner"}},"clearTextFirst":true,"interactionType":"ENTER_TEXT"}]}
RESULT: {"script":"<script> [776 bytes]","args":[{"enterText":"C002","selector":{"controlType":"sap.m.Input","viewName":"etm.portal.ui.manageyards.view.New","viewId":"application-manageyards-display-component---NewYard","bindingPath":{"path":"","propertyPath":"/SALES_AREA_VKORG","modelName":"NewYardModel"},"interaction":{"idSuffix":"inner"}},"clearTextFirst":true,"interactionType":"ENTER_TEXT"}]}
COMMAND: POST /session/cdd305857320dd590ea5bbf59a31d46e/execute/async - {"script":"<script> [1562 bytes]","args":[{"selector":{"controlType":"sap.m.Input","viewName":"etm.portal.ui.manageyards.view.New","viewId":"application-manageyards-display-component---NewYard","bindingPath":{"path":"","propertyPath":"/SALES_AREA_VTWEG","modelName":"NewYardModel"},"interaction":{"idSuffix":"inner"}},"wdio_ui5_key":"etmportal.ui.manageyards.view.Newsap.m.Input{\"path\":\"\",\"propertyPath\":\"/SALES_AREA_VTWEG\",\"modelName\":\"NewYardModel\"}"}]}
RESULT: {"script":"<script> [1562 bytes]","args":[{"selector":{"controlType":"sap.m.Input","viewName":"etm.portal.ui.manageyards.view.New","viewId":"application-manageyards-display-component---NewYard","bindingPath":{"path":"","propertyPath":"/SALES_AREA_VTWEG","modelName":"NewYardModel"},"interaction":{"idSuffix":"inner"}},"wdio_ui5_key":"etmportal.ui.manageyards.view.Newsap.m.Input{\"path\":\"\",\"propertyPath\":\"/SALES_AREA_VTWEG\",\"modelName\":\"NewYardModel\"}"}]}
RESULT: undefined
COMMAND: POST /session/cdd305857320dd590ea5bbf59a31d46e/execute/async - {"script":"<script> [776 bytes]","args":[{"enterText":"C2","selector":{"controlType":"sap.m.Input","viewName":"etm.portal.ui.manageyards.view.New","viewId":"application-manageyards-display-component---NewYard","bindingPath":{"path":"","propertyPath":"/SALES_AREA_VTWEG","modelName":"NewYardModel"},"interaction":{"idSuffix":"inner"}},"clearTextFirst":true,"interactionType":"ENTER_TEXT"}]}
RESULT: {"script":"<script> [776 bytes]","args":[{"enterText":"C2","selector":{"controlType":"sap.m.Input","viewName":"etm.portal.ui.manageyards.view.New","viewId":"application-manageyards-display-component---NewYard","bindingPath":{"path":"","propertyPath":"/SALES_AREA_VTWEG","modelName":"NewYardModel"},"interaction":{"idSuffix":"inner"}},"clearTextFirst":true,"interactionType":"ENTER_TEXT"}]}
COMMAND: POST /session/cdd305857320dd590ea5bbf59a31d46e/execute/async - {"script":"<script> [1562 bytes]","args":[{"selector":{"controlType":"sap.m.Input","viewName":"etm.portal.ui.manageyards.view.New","viewId":"application-manageyards-display-component---NewYard","bindingPath":{"path":"","propertyPath":"/SALES_AREA_SPART","modelName":"NewYardModel"},"interaction":{"idSuffix":"inner"}},"wdio_ui5_key":"etmportal.ui.manageyards.view.Newsap.m.Input{\"path\":\"\",\"propertyPath\":\"/SALES_AREA_SPART\",\"modelName\":\"NewYardModel\"}"}]}
RESULT: {"script":"<script> [1562 bytes]","args":[{"selector":{"controlType":"sap.m.Input","viewName":"etm.portal.ui.manageyards.view.New","viewId":"application-manageyards-display-component---NewYard","bindingPath":{"path":"","propertyPath":"/SALES_AREA_SPART","modelName":"NewYardModel"},"interaction":{"idSuffix":"inner"}},"wdio_ui5_key":"etmportal.ui.manageyards.view.Newsap.m.Input{\"path\":\"\",\"propertyPath\":\"/SALES_AREA_SPART\",\"modelName\":\"NewYardModel\"}"}]}
RESULT: undefined
COMMAND: POST /session/cdd305857320dd590ea5bbf59a31d46e/execute/async - {"script":"<script> [776 bytes]","args":[{"enterText":"C2","selector":{"controlType":"sap.m.Input","viewName":"etm.portal.ui.manageyards.view.New","viewId":"application-manageyards-display-component---NewYard","bindingPath":{"path":"","propertyPath":"/SALES_AREA_SPART","modelName":"NewYardModel"},"interaction":{"idSuffix":"inner"}},"clearTextFirst":true,"interactionType":"ENTER_TEXT"}]}
RESULT: {"script":"<script> [776 bytes]","args":[{"enterText":"C2","selector":{"controlType":"sap.m.Input","viewName":"etm.portal.ui.manageyards.view.New","viewId":"application-manageyards-display-component---NewYard","bindingPath":{"path":"","propertyPath":"/SALES_AREA_SPART","modelName":"NewYardModel"},"interaction":{"idSuffix":"inner"}},"clearTextFirst":true,"interactionType":"ENTER_TEXT"}]}
COMMAND: POST /session/cdd305857320dd590ea5bbf59a31d46e/execute/async - {"script":"<script> [1562 bytes]","args":[{"selector":{"controlType":"sap.m.Input","viewName":"etm.portal.ui.manageyards.view.New","viewId":"application-manageyards-display-component---NewYard","bindingPath":{"path":"","propertyPath":"/SHIP_POINT","modelName":"NewYardModel"},"interaction":{"idSuffix":"inner"}},"wdio_ui5_key":"etmportal.ui.manageyards.view.Newsap.m.Input{\"path\":\"\",\"propertyPath\":\"/SHIP_POINT\",\"modelName\":\"NewYardModel\"}"}]}
RESULT: {"script":"<script> [1562 bytes]","args":[{"selector":{"controlType":"sap.m.Input","viewName":"etm.portal.ui.manageyards.view.New","viewId":"application-manageyards-display-component---NewYard","bindingPath":{"path":"","propertyPath":"/SHIP_POINT","modelName":"NewYardModel"},"interaction":{"idSuffix":"inner"}},"wdio_ui5_key":"etmportal.ui.manageyards.view.Newsap.m.Input{\"path\":\"\",\"propertyPath\":\"/SHIP_POINT\",\"modelName\":\"NewYardModel\"}"}]}
RESULT: undefined
COMMAND: POST /session/cdd305857320dd590ea5bbf59a31d46e/execute/async - {"script":"<script> [776 bytes]","args":[{"enterText":"1710","selector":{"controlType":"sap.m.Input","viewName":"etm.portal.ui.manageyards.view.New","viewId":"application-manageyards-display-component---NewYard","bindingPath":{"path":"","propertyPath":"/SHIP_POINT","modelName":"NewYardModel"},"interaction":{"idSuffix":"inner"}},"clearTextFirst":true,"interactionType":"ENTER_TEXT"}]}
RESULT: {"script":"<script> [776 bytes]","args":[{"enterText":"1710","selector":{"controlType":"sap.m.Input","viewName":"etm.portal.ui.manageyards.view.New","viewId":"application-manageyards-display-component---NewYard","bindingPath":{"path":"","propertyPath":"/SHIP_POINT","modelName":"NewYardModel"},"interaction":{"idSuffix":"inner"}},"clearTextFirst":true,"interactionType":"ENTER_TEXT"}]}
COMMAND: POST /session/cdd305857320dd590ea5bbf59a31d46e/execute/async - {"script":"<script> [1562 bytes]","args":[{"selector":{"controlType":"sap.m.Input","viewName":"etm.portal.ui.manageyards.view.New","viewId":"application-manageyards-display-component---NewYard","bindingPath":{"path":"","propertyPath":"/DELIVERY_TYPE","modelName":"NewYardModel"},"interaction":{"idSuffix":"inner"}},"wdio_ui5_key":"etmportal.ui.manageyards.view.Newsap.m.Input{\"path\":\"\",\"propertyPath\":\"/DELIVERY_TYPE\",\"modelName\":\"NewYardModel\"}"}]}
RESULT: {"script":"<script> [1562 bytes]","args":[{"selector":{"controlType":"sap.m.Input","viewName":"etm.portal.ui.manageyards.view.New","viewId":"application-manageyards-display-component---NewYard","bindingPath":{"path":"","propertyPath":"/DELIVERY_TYPE","modelName":"NewYardModel"},"interaction":{"idSuffix":"inner"}},"wdio_ui5_key":"etmportal.ui.manageyards.view.Newsap.m.Input{\"path\":\"\",\"propertyPath\":\"/DELIVERY_TYPE\",\"modelName\":\"NewYardModel\"}"}]}
RESULT: undefined
COMMAND: POST /session/cdd305857320dd590ea5bbf59a31d46e/execute/async - {"script":"<script> [776 bytes]","args":[{"enterText":"ZL01","selector":{"controlType":"sap.m.Input","viewName":"etm.portal.ui.manageyards.view.New","viewId":"application-manageyards-display-component---NewYard","bindingPath":{"path":"","propertyPath":"/DELIVERY_TYPE","modelName":"NewYardModel"},"interaction":{"idSuffix":"inner"}},"clearTextFirst":true,"interactionType":"ENTER_TEXT"}]}
RESULT: {"script":"<script> [776 bytes]","args":[{"enterText":"ZL01","selector":{"controlType":"sap.m.Input","viewName":"etm.portal.ui.manageyards.view.New","viewId":"application-manageyards-display-component---NewYard","bindingPath":{"path":"","propertyPath":"/DELIVERY_TYPE","modelName":"NewYardModel"},"interaction":{"idSuffix":"inner"}},"clearTextFirst":true,"interactionType":"ENTER_TEXT"}]}
COMMAND: POST /session/cdd305857320dd590ea5bbf59a31d46e/execute/async - {"script":"<script> [1562 bytes]","args":[{"selector":{"controlType":"sap.m.Input","viewName":"etm.portal.ui.manageyards.view.New","viewId":"application-manageyards-display-component---NewYard","bindingPath":{"path":"","propertyPath":"/AUART","modelName":"NewYardModel"},"interaction":{"idSuffix":"inner"}},"wdio_ui5_key":"etmportal.ui.manageyards.view.Newsap.m.Input{\"path\":\"\",\"propertyPath\":\"/AUART\",\"modelName\":\"NewYardModel\"}"}]}
RESULT: {"script":"<script> [1562 bytes]","args":[{"selector":{"controlType":"sap.m.Input","viewName":"etm.portal.ui.manageyards.view.New","viewId":"application-manageyards-display-component---NewYard","bindingPath":{"path":"","propertyPath":"/AUART","modelName":"NewYardModel"},"interaction":{"idSuffix":"inner"}},"wdio_ui5_key":"etmportal.ui.manageyards.view.Newsap.m.Input{\"path\":\"\",\"propertyPath\":\"/AUART\",\"modelName\":\"NewYardModel\"}"}]}
RESULT: undefined
COMMAND: POST /session/cdd305857320dd590ea5bbf59a31d46e/execute/async - {"script":"<script> [776 bytes]","args":[{"enterText":"TA","selector":{"controlType":"sap.m.Input","viewName":"etm.portal.ui.manageyards.view.New","viewId":"application-manageyards-display-component---NewYard","bindingPath":{"path":"","propertyPath":"/AUART","modelName":"NewYardModel"},"interaction":{"idSuffix":"inner"}},"clearTextFirst":true,"interactionType":"ENTER_TEXT"}]}
RESULT: {"script":"<script> [776 bytes]","args":[{"enterText":"TA","selector":{"controlType":"sap.m.Input","viewName":"etm.portal.ui.manageyards.view.New","viewId":"application-manageyards-display-component---NewYard","bindingPath":{"path":"","propertyPath":"/AUART","modelName":"NewYardModel"},"interaction":{"idSuffix":"inner"}},"clearTextFirst":true,"interactionType":"ENTER_TEXT"}]}
COMMAND: POST /session/cdd305857320dd590ea5bbf59a31d46e/execute/async - {"script":"<script> [1562 bytes]","args":[{"selector":{"id":"application-manageyards-display-component---NewYard--whmCheckBox","interaction":{"idSuffix":"CbBg"}},"wdio_ui5_key":"applicationmanageyards-display-component---NewYard--whmCheckBox"}]}
RESULT: {"script":"<script> [1562 bytes]","args":[{"selector":{"id":"application-manageyards-display-component---NewYard--whmCheckBox","interaction":{"idSuffix":"CbBg"}},"wdio_ui5_key":"applicationmanageyards-display-component---NewYard--whmCheckBox"}]}
RESULT: undefined
COMMAND: POST /session/cdd305857320dd590ea5bbf59a31d46e/element - {"using":"xpath","value":"//*[@id=\"application-manageyards-display-component---NewYard--whmCheckBox\"]"}
RESULT: {"using":"xpath","value":"//*[@id=\"application-manageyards-display-component---NewYard--whmCheckBox\"]"}
COMMAND: POST /session/cdd305857320dd590ea5bbf59a31d46e/element/f.492DEA3F6A95B07ADA96E928C4F8A0EF.d.6C174A8CEDB0C5F93F4619F2782A0EDD.e.776/click - {}
RESULT: {}
COMMAND: GET /session/cdd305857320dd590ea5bbf59a31d46e/screenshot - {}
RESULT: {}
COMMAND: POST /session/cdd305857320dd590ea5bbf59a31d46e/element - {"using":"xpath","value":"//button[@data-kt=\"newYardSaveButton\"]"}
RESULT: {"using":"xpath","value":"//button[@data-kt=\"newYardSaveButton\"]"}
COMMAND: POST /session/cdd305857320dd590ea5bbf59a31d46e/element/f.492DEA3F6A95B07ADA96E928C4F8A0EF.d.6C174A8CEDB0C5F93F4619F2782A0EDD.e.683/click - {}
RESULT: {}
COMMAND: GET /session/cdd305857320dd590ea5bbf59a31d46e/screenshot - {}
RESULT: {}
COMMAND: POST /session/cdd305857320dd590ea5bbf59a31d46e/element - {"using":"xpath","value":"//header[contains(@id, 'ObjectPageLayout-headerTitle')]/div[1]/div[2]/div[1]/span[1]"}
RESULT: {"using":"xpath","value":"//header[contains(@id, 'ObjectPageLayout-headerTitle')]/div[1]/div[2]/div[1]/span[1]"}
COMMAND: POST /session/cdd305857320dd590ea5bbf59a31d46e/elements - {"using":"xpath","value":"//header[contains(@id, 'ObjectPageLayout-headerTitle')]/div[1]/div[2]/div[1]/span[1]"}
RESULT: {"using":"xpath","value":"//header[contains(@id, 'ObjectPageLayout-headerTitle')]/div[1]/div[2]/div[1]/span[1]"}
COMMAND: POST /session/cdd305857320dd590ea5bbf59a31d46e/execute/sync - {"script":"<script> [56 bytes]","args":[{"element-6066-11e4-a52e-4f735466cecf":"f.492DEA3F6A95B07ADA96E928C4F8A0EF.d.6C174A8CEDB0C5F93F4619F2782A0EDD.e.976","ELEMENT":"f.492DEA3F6A95B07ADA96E928C4F8A0EF.d.6C174A8CEDB0C5F93F4619F2782A0EDD.e.976"}]}
RESULT: {"script":"<script> [56 bytes]","args":[{"element-6066-11e4-a52e-4f735466cecf":"f.492DEA3F6A95B07ADA96E928C4F8A0EF.d.6C174A8CEDB0C5F93F4619F2782A0EDD.e.976","ELEMENT":"f.492DEA3F6A95B07ADA96E928C4F8A0EF.d.6C174A8CEDB0C5F93F4619F2782A0EDD.e.976"}]}
COMMAND: GET /session/cdd305857320dd590ea5bbf59a31d46e/screenshot - {}
RESULT: {}
COMMAND: POST /session/cdd305857320dd590ea5bbf59a31d46e/element - {"using":"css selector","value":"#shell-header-logo"}
RESULT: {"using":"css selector","value":"#shell-header-logo"}
COMMAND: POST /session/cdd305857320dd590ea5bbf59a31d46e/element/f.492DEA3F6A95B07ADA96E928C4F8A0EF.d.6C174A8CEDB0C5F93F4619F2782A0EDD.e.238/click - {}
RESULT: {}
COMMAND: GET /session/cdd305857320dd590ea5bbf59a31d46e/screenshot - {}
RESULT: {}
COMMAND: POST /session/cdd305857320dd590ea5bbf59a31d46e/execute/sync - {"script":"<script> [299 bytes]","args":[["getModel","getResource"]]}
RESULT: {"script":"<script> [299 bytes]","args":[["getModel","getResource"]]}
]]></system-out>
    </testcase>
    <testcase classname="chrome.136_0_7103_93.windows.Stock_increase_-_with_WHM_US125587" name="Should create a new external WHM partner" time="99.075">
      <system-out><![CDATA[
COMMAND: GET /session/cdd305857320dd590ea5bbf59a31d46e/screenshot - {}
COMMAND: POST /session/cdd305857320dd590ea5bbf59a31d46e/window/fullscreen - {}
RESULT: {}
RESULT: {}
COMMAND: POST /session/cdd305857320dd590ea5bbf59a31d46e/execute/async - {"script":"<script> [1562 bytes]","args":[{"selector":{"controlType":"sap.m.GenericTile","properties":{"header":"Manage Partners"}},"wdio_ui5_key":"sapm.GenericTile{\"header\":\"Manage Partners\"}"}]}
RESULT: {"script":"<script> [1562 bytes]","args":[{"selector":{"controlType":"sap.m.GenericTile","properties":{"header":"Manage Partners"}},"wdio_ui5_key":"sapm.GenericTile{\"header\":\"Manage Partners\"}"}]}
RESULT: undefined
COMMAND: POST /session/cdd305857320dd590ea5bbf59a31d46e/element - {"using":"xpath","value":"//*[@id=\"__tile38\"]"}
RESULT: {"using":"xpath","value":"//*[@id=\"__tile38\"]"}
COMMAND: POST /session/cdd305857320dd590ea5bbf59a31d46e/element/f.492DEA3F6A95B07ADA96E928C4F8A0EF.d.6C174A8CEDB0C5F93F4619F2782A0EDD.e.123/click - {}
RESULT: {}
COMMAND: GET /session/cdd305857320dd590ea5bbf59a31d46e/screenshot - {}
RESULT: {}
COMMAND: POST /session/cdd305857320dd590ea5bbf59a31d46e/elements - {"using":"xpath","value":"//span[text()='Error']"}
RESULT: {"using":"xpath","value":"//span[text()='Error']"}
COMMAND: POST /session/cdd305857320dd590ea5bbf59a31d46e/element - {"using":"xpath","value":"//button[@data-kt=\"addButton\"]"}
RESULT: {"using":"xpath","value":"//button[@data-kt=\"addButton\"]"}
COMMAND: POST /session/cdd305857320dd590ea5bbf59a31d46e/elements - {"using":"xpath","value":"//button[@data-kt=\"addButton\"]"}
RESULT: {"using":"xpath","value":"//button[@data-kt=\"addButton\"]"}
COMMAND: POST /session/cdd305857320dd590ea5bbf59a31d46e/execute/sync - {"script":"<script> [8489 bytes]","args":[{"element-6066-11e4-a52e-4f735466cecf":"f.492DEA3F6A95B07ADA96E928C4F8A0EF.d.6C174A8CEDB0C5F93F4619F2782A0EDD.e.1013","ELEMENT":"f.492DEA3F6A95B07ADA96E928C4F8A0EF.d.6C174A8CEDB0C5F93F4619F2782A0EDD.e.1013"}]}
RESULT: {"script":"<script> [8489 bytes]","args":[{"element-6066-11e4-a52e-4f735466cecf":"f.492DEA3F6A95B07ADA96E928C4F8A0EF.d.6C174A8CEDB0C5F93F4619F2782A0EDD.e.1013","ELEMENT":"f.492DEA3F6A95B07ADA96E928C4F8A0EF.d.6C174A8CEDB0C5F93F4619F2782A0EDD.e.1013"}]}
COMMAND: GET /session/cdd305857320dd590ea5bbf59a31d46e/element/f.492DEA3F6A95B07ADA96E928C4F8A0EF.d.6C174A8CEDB0C5F93F4619F2782A0EDD.e.1013/enabled - {}
COMMAND: GET /session/cdd305857320dd590ea5bbf59a31d46e/screenshot - {}
RESULT: {}
COMMAND: POST /session/cdd305857320dd590ea5bbf59a31d46e/execute/sync - {"script":"<script> [8489 bytes]","args":[{"element-6066-11e4-a52e-4f735466cecf":"f.492DEA3F6A95B07ADA96E928C4F8A0EF.d.6C174A8CEDB0C5F93F4619F2782A0EDD.e.1013","ELEMENT":"f.492DEA3F6A95B07ADA96E928C4F8A0EF.d.6C174A8CEDB0C5F93F4619F2782A0EDD.e.1013"}]}
COMMAND: GET /session/cdd305857320dd590ea5bbf59a31d46e/screenshot - {}
RESULT: {}
RESULT: {"script":"<script> [8489 bytes]","args":[{"element-6066-11e4-a52e-4f735466cecf":"f.492DEA3F6A95B07ADA96E928C4F8A0EF.d.6C174A8CEDB0C5F93F4619F2782A0EDD.e.1013","ELEMENT":"f.492DEA3F6A95B07ADA96E928C4F8A0EF.d.6C174A8CEDB0C5F93F4619F2782A0EDD.e.1013"}]}
COMMAND: POST /session/cdd305857320dd590ea5bbf59a31d46e/execute/sync - {"script":"<script> [5351 bytes]","args":[{"element-6066-11e4-a52e-4f735466cecf":"f.492DEA3F6A95B07ADA96E928C4F8A0EF.d.6C174A8CEDB0C5F93F4619F2782A0EDD.e.1013","ELEMENT":"f.492DEA3F6A95B07ADA96E928C4F8A0EF.d.6C174A8CEDB0C5F93F4619F2782A0EDD.e.1013"}]}
COMMAND: GET /session/cdd305857320dd590ea5bbf59a31d46e/screenshot - {}
RESULT: {}
RESULT: {"script":"<script> [5351 bytes]","args":[{"element-6066-11e4-a52e-4f735466cecf":"f.492DEA3F6A95B07ADA96E928C4F8A0EF.d.6C174A8CEDB0C5F93F4619F2782A0EDD.e.1013","ELEMENT":"f.492DEA3F6A95B07ADA96E928C4F8A0EF.d.6C174A8CEDB0C5F93F4619F2782A0EDD.e.1013"}]}
COMMAND: POST /session/cdd305857320dd590ea5bbf59a31d46e/element/f.492DEA3F6A95B07ADA96E928C4F8A0EF.d.6C174A8CEDB0C5F93F4619F2782A0EDD.e.1013/click - {}
COMMAND: GET /session/cdd305857320dd590ea5bbf59a31d46e/screenshot - {}
RESULT: {}
RESULT: {}
COMMAND: GET /session/cdd305857320dd590ea5bbf59a31d46e/screenshot - {}
COMMAND: POST /session/cdd305857320dd590ea5bbf59a31d46e/execute/async - {"script":"<script> [1562 bytes]","args":[{"selector":{"id":"application-managepartners-display-component---NewPartner--addressDetailDetailsName1","interaction":{"idSuffix":"inner"}},"wdio_ui5_key":"applicationmanagepartners-display-component---NewPartner--addressDetailDetailsName1"}]}
RESULT: {}
RESULT: {}
RESULT: {"script":"<script> [1562 bytes]","args":[{"selector":{"id":"application-managepartners-display-component---NewPartner--addressDetailDetailsName1","interaction":{"idSuffix":"inner"}},"wdio_ui5_key":"applicationmanagepartners-display-component---NewPartner--addressDetailDetailsName1"}]}
RESULT: undefined
COMMAND: POST /session/cdd305857320dd590ea5bbf59a31d46e/execute/async - {"script":"<script> [776 bytes]","args":[{"enterText":"External Partner WDIO","selector":{"id":"application-managepartners-display-component---NewPartner--addressDetailDetailsName1","interaction":{"idSuffix":"inner"}},"clearTextFirst":true,"interactionType":"ENTER_TEXT"}]}
RESULT: {"script":"<script> [776 bytes]","args":[{"enterText":"External Partner WDIO","selector":{"id":"application-managepartners-display-component---NewPartner--addressDetailDetailsName1","interaction":{"idSuffix":"inner"}},"clearTextFirst":true,"interactionType":"ENTER_TEXT"}]}
COMMAND: POST /session/cdd305857320dd590ea5bbf59a31d46e/execute/async - {"script":"<script> [1562 bytes]","args":[{"selector":{"id":"application-managepartners-display-component---NewPartner--addressDetailDetailsLanguage-arrow"},"wdio_ui5_key":"applicationmanagepartners-display-component---NewPartner--addressDetailDetailsLanguage-arrow"}]}
RESULT: {"script":"<script> [1562 bytes]","args":[{"selector":{"id":"application-managepartners-display-component---NewPartner--addressDetailDetailsLanguage-arrow"},"wdio_ui5_key":"applicationmanagepartners-display-component---NewPartner--addressDetailDetailsLanguage-arrow"}]}
RESULT: undefined
COMMAND: POST /session/cdd305857320dd590ea5bbf59a31d46e/element - {"using":"xpath","value":"//*[@id=\"application-managepartners-display-component---NewPartner--addressDetailDetailsLanguage-arrow\"]"}
RESULT: {"using":"xpath","value":"//*[@id=\"application-managepartners-display-component---NewPartner--addressDetailDetailsLanguage-arrow\"]"}
COMMAND: POST /session/cdd305857320dd590ea5bbf59a31d46e/element/f.492DEA3F6A95B07ADA96E928C4F8A0EF.d.6C174A8CEDB0C5F93F4619F2782A0EDD.e.1452/click - {}
RESULT: {}
COMMAND: POST /session/cdd305857320dd590ea5bbf59a31d46e/element - {"using":"xpath","value":"//span[contains(text(), \"English\")]"}
COMMAND: GET /session/cdd305857320dd590ea5bbf59a31d46e/screenshot - {}
RESULT: {"using":"xpath","value":"//span[contains(text(), \"English\")]"}
COMMAND: POST /session/cdd305857320dd590ea5bbf59a31d46e/element/f.492DEA3F6A95B07ADA96E928C4F8A0EF.d.6C174A8CEDB0C5F93F4619F2782A0EDD.e.1453/click - {}
RESULT: {}
RESULT: {}
COMMAND: GET /session/cdd305857320dd590ea5bbf59a31d46e/screenshot - {}
RESULT: {}
COMMAND: POST /session/cdd305857320dd590ea5bbf59a31d46e/execute/async - {"script":"<script> [1562 bytes]","args":[{"selector":{"id":"application-managepartners-display-component---NewPartner--addressDetailDetailsCity1","interaction":{"idSuffix":"inner"}},"wdio_ui5_key":"applicationmanagepartners-display-component---NewPartner--addressDetailDetailsCity1"}]}
RESULT: {"script":"<script> [1562 bytes]","args":[{"selector":{"id":"application-managepartners-display-component---NewPartner--addressDetailDetailsCity1","interaction":{"idSuffix":"inner"}},"wdio_ui5_key":"applicationmanagepartners-display-component---NewPartner--addressDetailDetailsCity1"}]}
RESULT: undefined
COMMAND: POST /session/cdd305857320dd590ea5bbf59a31d46e/execute/async - {"script":"<script> [776 bytes]","args":[{"enterText":"Rosario","selector":{"id":"application-managepartners-display-component---NewPartner--addressDetailDetailsCity1","interaction":{"idSuffix":"inner"}},"clearTextFirst":true,"interactionType":"ENTER_TEXT"}]}
RESULT: {"script":"<script> [776 bytes]","args":[{"enterText":"Rosario","selector":{"id":"application-managepartners-display-component---NewPartner--addressDetailDetailsCity1","interaction":{"idSuffix":"inner"}},"clearTextFirst":true,"interactionType":"ENTER_TEXT"}]}
COMMAND: POST /session/cdd305857320dd590ea5bbf59a31d46e/execute/async - {"script":"<script> [1562 bytes]","args":[{"selector":{"id":"application-managepartners-display-component---NewPartner--addressDetailDetailsCountry-arrow"},"wdio_ui5_key":"applicationmanagepartners-display-component---NewPartner--addressDetailDetailsCountry-arrow"}]}
RESULT: {"script":"<script> [1562 bytes]","args":[{"selector":{"id":"application-managepartners-display-component---NewPartner--addressDetailDetailsCountry-arrow"},"wdio_ui5_key":"applicationmanagepartners-display-component---NewPartner--addressDetailDetailsCountry-arrow"}]}
RESULT: undefined
COMMAND: POST /session/cdd305857320dd590ea5bbf59a31d46e/element - {"using":"xpath","value":"//*[@id=\"application-managepartners-display-component---NewPartner--addressDetailDetailsCountry-arrow\"]"}
RESULT: {"using":"xpath","value":"//*[@id=\"application-managepartners-display-component---NewPartner--addressDetailDetailsCountry-arrow\"]"}
COMMAND: POST /session/cdd305857320dd590ea5bbf59a31d46e/element/f.492DEA3F6A95B07ADA96E928C4F8A0EF.d.6C174A8CEDB0C5F93F4619F2782A0EDD.e.1427/click - {}
RESULT: {}
COMMAND: POST /session/cdd305857320dd590ea5bbf59a31d46e/element - {"using":"xpath","value":"//span[contains(text(), \"Argentina\")]"}
COMMAND: GET /session/cdd305857320dd590ea5bbf59a31d46e/screenshot - {}
RESULT: {"using":"xpath","value":"//span[contains(text(), \"Argentina\")]"}
COMMAND: POST /session/cdd305857320dd590ea5bbf59a31d46e/element/f.492DEA3F6A95B07ADA96E928C4F8A0EF.d.6C174A8CEDB0C5F93F4619F2782A0EDD.e.1455/click - {}
RESULT: {}
RESULT: {}
COMMAND: GET /session/cdd305857320dd590ea5bbf59a31d46e/screenshot - {}
RESULT: {}
COMMAND: POST /session/cdd305857320dd590ea5bbf59a31d46e/element - {"using":"xpath","value":"//bdi[contains(text(), \"Commercial\")]"}
RESULT: {"using":"xpath","value":"//bdi[contains(text(), \"Commercial\")]"}
COMMAND: POST /session/cdd305857320dd590ea5bbf59a31d46e/element/f.492DEA3F6A95B07ADA96E928C4F8A0EF.d.6C174A8CEDB0C5F93F4619F2782A0EDD.e.1456/click - {}
RESULT: {}
COMMAND: GET /session/cdd305857320dd590ea5bbf59a31d46e/screenshot - {}
RESULT: {}
COMMAND: POST /session/cdd305857320dd590ea5bbf59a31d46e/execute/async - {"script":"<script> [1562 bytes]","args":[{"selector":{"id":"application-managepartners-display-component---NewPartner--partnerDetailInternal-arrow"},"wdio_ui5_key":"applicationmanagepartners-display-component---NewPartner--partnerDetailInternal-arrow"}]}
RESULT: {"script":"<script> [1562 bytes]","args":[{"selector":{"id":"application-managepartners-display-component---NewPartner--partnerDetailInternal-arrow"},"wdio_ui5_key":"applicationmanagepartners-display-component---NewPartner--partnerDetailInternal-arrow"}]}
RESULT: undefined
COMMAND: POST /session/cdd305857320dd590ea5bbf59a31d46e/element - {"using":"xpath","value":"//*[@id=\"application-managepartners-display-component---NewPartner--partnerDetailInternal-arrow\"]"}
RESULT: {"using":"xpath","value":"//*[@id=\"application-managepartners-display-component---NewPartner--partnerDetailInternal-arrow\"]"}
COMMAND: POST /session/cdd305857320dd590ea5bbf59a31d46e/element/f.492DEA3F6A95B07ADA96E928C4F8A0EF.d.6C174A8CEDB0C5F93F4619F2782A0EDD.e.1462/click - {}
RESULT: {}
COMMAND: POST /session/cdd305857320dd590ea5bbf59a31d46e/element - {"using":"xpath","value":"//span[contains(text(), \"External partner\")]"}
COMMAND: GET /session/cdd305857320dd590ea5bbf59a31d46e/screenshot - {}
RESULT: {"using":"xpath","value":"//span[contains(text(), \"External partner\")]"}
COMMAND: POST /session/cdd305857320dd590ea5bbf59a31d46e/element/f.492DEA3F6A95B07ADA96E928C4F8A0EF.d.6C174A8CEDB0C5F93F4619F2782A0EDD.e.1463/click - {}
RESULT: {}
RESULT: {}
COMMAND: POST /session/cdd305857320dd590ea5bbf59a31d46e/execute/async - {"script":"<script> [1562 bytes]","args":[{"selector":{"id":"application-managepartners-display-component---NewPartner--partnerDetailsCurrency-arrow"},"wdio_ui5_key":"applicationmanagepartners-display-component---NewPartner--partnerDetailsCurrency-arrow"}]}
COMMAND: GET /session/cdd305857320dd590ea5bbf59a31d46e/screenshot - {}
RESULT: {"script":"<script> [1562 bytes]","args":[{"selector":{"id":"application-managepartners-display-component---NewPartner--partnerDetailsCurrency-arrow"},"wdio_ui5_key":"applicationmanagepartners-display-component---NewPartner--partnerDetailsCurrency-arrow"}]}
RESULT: undefined
COMMAND: POST /session/cdd305857320dd590ea5bbf59a31d46e/element - {"using":"xpath","value":"//*[@id=\"application-managepartners-display-component---NewPartner--partnerDetailsCurrency-arrow\"]"}
RESULT: {}
RESULT: {"using":"xpath","value":"//*[@id=\"application-managepartners-display-component---NewPartner--partnerDetailsCurrency-arrow\"]"}
COMMAND: POST /session/cdd305857320dd590ea5bbf59a31d46e/element/f.492DEA3F6A95B07ADA96E928C4F8A0EF.d.6C174A8CEDB0C5F93F4619F2782A0EDD.e.1468/click - {}
RESULT: {}
COMMAND: POST /session/cdd305857320dd590ea5bbf59a31d46e/element - {"using":"xpath","value":"//span[contains(text(), \"US Dollar\")]"}
COMMAND: GET /session/cdd305857320dd590ea5bbf59a31d46e/screenshot - {}
RESULT: {"using":"xpath","value":"//span[contains(text(), \"US Dollar\")]"}
COMMAND: POST /session/cdd305857320dd590ea5bbf59a31d46e/element/f.492DEA3F6A95B07ADA96E928C4F8A0EF.d.6C174A8CEDB0C5F93F4619F2782A0EDD.e.1469/click - {}
RESULT: {}
RESULT: {}
COMMAND: GET /session/cdd305857320dd590ea5bbf59a31d46e/screenshot - {}
RESULT: {}
COMMAND: POST /session/cdd305857320dd590ea5bbf59a31d46e/element - {"using":"xpath","value":"//input[@id=\"application-managepartners-display-component---NewPartner--companyCodeComboBox-inner\"]"}
RESULT: {"using":"xpath","value":"//input[@id=\"application-managepartners-display-component---NewPartner--companyCodeComboBox-inner\"]"}
COMMAND: POST /session/cdd305857320dd590ea5bbf59a31d46e/element/f.492DEA3F6A95B07ADA96E928C4F8A0EF.d.6C174A8CEDB0C5F93F4619F2782A0EDD.e.1326/clear - {}
RESULT: {}
COMMAND: POST /session/cdd305857320dd590ea5bbf59a31d46e/element/f.492DEA3F6A95B07ADA96E928C4F8A0EF.d.6C174A8CEDB0C5F93F4619F2782A0EDD.e.1326/value - {"text":"C002"}
COMMAND: GET /session/cdd305857320dd590ea5bbf59a31d46e/screenshot - {}
RESULT: {"text":"C002"}
COMMAND: GET /session/cdd305857320dd590ea5bbf59a31d46e/screenshot - {}
RESULT: {}
RESULT: {}
COMMAND: POST /session/cdd305857320dd590ea5bbf59a31d46e/element - {"using":"xpath","value":"//li[.//span[text()= \"C002\"]]"}
RESULT: {"using":"xpath","value":"//li[.//span[text()= \"C002\"]]"}
COMMAND: POST /session/cdd305857320dd590ea5bbf59a31d46e/element/f.492DEA3F6A95B07ADA96E928C4F8A0EF.d.6C174A8CEDB0C5F93F4619F2782A0EDD.e.1473/click - {}
RESULT: {}
COMMAND: GET /session/cdd305857320dd590ea5bbf59a31d46e/screenshot - {}
RESULT: {}
COMMAND: POST /session/cdd305857320dd590ea5bbf59a31d46e/execute/async - {"script":"<script> [1562 bytes]","args":[{"selector":{"id":"application-managepartners-display-component---NewPartner--btnAddTableRow-img"},"wdio_ui5_key":"applicationmanagepartners-display-component---NewPartner--btnAddTableRow-img"}]}
RESULT: {"script":"<script> [1562 bytes]","args":[{"selector":{"id":"application-managepartners-display-component---NewPartner--btnAddTableRow-img"},"wdio_ui5_key":"applicationmanagepartners-display-component---NewPartner--btnAddTableRow-img"}]}
RESULT: undefined
COMMAND: POST /session/cdd305857320dd590ea5bbf59a31d46e/element - {"using":"xpath","value":"//*[@id=\"application-managepartners-display-component---NewPartner--btnAddTableRow-img\"]"}
RESULT: {"using":"xpath","value":"//*[@id=\"application-managepartners-display-component---NewPartner--btnAddTableRow-img\"]"}
COMMAND: POST /session/cdd305857320dd590ea5bbf59a31d46e/element/f.492DEA3F6A95B07ADA96E928C4F8A0EF.d.6C174A8CEDB0C5F93F4619F2782A0EDD.e.1474/click - {}
RESULT: {}
COMMAND: GET /session/cdd305857320dd590ea5bbf59a31d46e/screenshot - {}
RESULT: {}
COMMAND: POST /session/cdd305857320dd590ea5bbf59a31d46e/element - {"using":"xpath","value":"//input[@id=\"application-managepartners-display-component---NewPartner--assignmentYard-application-managepartners-display-component---NewPartner--assignmentsTable-0-inner\"]"}
RESULT: {"using":"xpath","value":"//input[@id=\"application-managepartners-display-component---NewPartner--assignmentYard-application-managepartners-display-component---NewPartner--assignmentsTable-0-inner\"]"}
COMMAND: POST /session/cdd305857320dd590ea5bbf59a31d46e/element/f.492DEA3F6A95B07ADA96E928C4F8A0EF.d.6C174A8CEDB0C5F93F4619F2782A0EDD.e.1477/clear - {}
RESULT: {}
COMMAND: POST /session/cdd305857320dd590ea5bbf59a31d46e/element/f.492DEA3F6A95B07ADA96E928C4F8A0EF.d.6C174A8CEDB0C5F93F4619F2782A0EDD.e.1477/value - {"text":"388"}
COMMAND: GET /session/cdd305857320dd590ea5bbf59a31d46e/screenshot - {}
RESULT: {"text":"388"}
COMMAND: GET /session/cdd305857320dd590ea5bbf59a31d46e/screenshot - {}
RESULT: {}
RESULT: {}
COMMAND: POST /session/cdd305857320dd590ea5bbf59a31d46e/element - {"using":"xpath","value":"//li[.//span[text()='388']]"}
RESULT: {"using":"xpath","value":"//li[.//span[text()='388']]"}
COMMAND: POST /session/cdd305857320dd590ea5bbf59a31d46e/element/f.492DEA3F6A95B07ADA96E928C4F8A0EF.d.6C174A8CEDB0C5F93F4619F2782A0EDD.e.1485/click - {}
RESULT: {}
COMMAND: GET /session/cdd305857320dd590ea5bbf59a31d46e/screenshot - {}
RESULT: {}
COMMAND: POST /session/cdd305857320dd590ea5bbf59a31d46e/actions - {"actions":[{"id":"action2","type":"key","parameters":{},"actions":[{"type":"keyDown","value":""},{"type":"pause","duration":10},{"type":"keyUp","value":""}]}]}
RESULT: {"actions":[{"id":"action2","type":"key","parameters":{},"actions":[{"type":"keyDown","value":""},{"type":"pause","duration":10},{"type":"keyUp","value":""}]}]}
COMMAND: POST /session/cdd305857320dd590ea5bbf59a31d46e/element - {"using":"xpath","value":"//td[contains(@id, \"assignmentsTable-0-cell2\")]/div/div"}
COMMAND: GET /session/cdd305857320dd590ea5bbf59a31d46e/screenshot - {}
RESULT: {"using":"xpath","value":"//td[contains(@id, \"assignmentsTable-0-cell2\")]/div/div"}
COMMAND: POST /session/cdd305857320dd590ea5bbf59a31d46e/element/f.492DEA3F6A95B07ADA96E928C4F8A0EF.d.6C174A8CEDB0C5F93F4619F2782A0EDD.e.1488/click - {}
RESULT: {}
RESULT: {}
COMMAND: GET /session/cdd305857320dd590ea5bbf59a31d46e/screenshot - {}
RESULT: {}
COMMAND: POST /session/cdd305857320dd590ea5bbf59a31d46e/element - {"using":"xpath","value":"//button[@data-kt=\"saveButton\"]"}
RESULT: {"using":"xpath","value":"//button[@data-kt=\"saveButton\"]"}
COMMAND: POST /session/cdd305857320dd590ea5bbf59a31d46e/element/f.492DEA3F6A95B07ADA96E928C4F8A0EF.d.6C174A8CEDB0C5F93F4619F2782A0EDD.e.1429/click - {}
RESULT: {}
COMMAND: GET /session/cdd305857320dd590ea5bbf59a31d46e/screenshot - {}
RESULT: {}
COMMAND: POST /session/cdd305857320dd590ea5bbf59a31d46e/element - {"using":"xpath","value":"//header[contains(@id, 'ObjectPageLayout-headerTitle')]/div[1]/div[2]/div[2]/span[1]"}
RESULT: {"using":"xpath","value":"//header[contains(@id, 'ObjectPageLayout-headerTitle')]/div[1]/div[2]/div[2]/span[1]"}
COMMAND: POST /session/cdd305857320dd590ea5bbf59a31d46e/elements - {"using":"xpath","value":"//header[contains(@id, 'ObjectPageLayout-headerTitle')]/div[1]/div[2]/div[2]/span[1]"}
RESULT: {"using":"xpath","value":"//header[contains(@id, 'ObjectPageLayout-headerTitle')]/div[1]/div[2]/div[2]/span[1]"}
COMMAND: POST /session/cdd305857320dd590ea5bbf59a31d46e/execute/sync - {"script":"<script> [56 bytes]","args":[{"element-6066-11e4-a52e-4f735466cecf":"f.492DEA3F6A95B07ADA96E928C4F8A0EF.d.6C174A8CEDB0C5F93F4619F2782A0EDD.e.1651","ELEMENT":"f.492DEA3F6A95B07ADA96E928C4F8A0EF.d.6C174A8CEDB0C5F93F4619F2782A0EDD.e.1651"}]}
RESULT: {"script":"<script> [56 bytes]","args":[{"element-6066-11e4-a52e-4f735466cecf":"f.492DEA3F6A95B07ADA96E928C4F8A0EF.d.6C174A8CEDB0C5F93F4619F2782A0EDD.e.1651","ELEMENT":"f.492DEA3F6A95B07ADA96E928C4F8A0EF.d.6C174A8CEDB0C5F93F4619F2782A0EDD.e.1651"}]}
COMMAND: POST /session/cdd305857320dd590ea5bbf59a31d46e/element - {"using":"css selector","value":"#shell-header-logo"}
COMMAND: GET /session/cdd305857320dd590ea5bbf59a31d46e/screenshot - {}
RESULT: {"using":"css selector","value":"#shell-header-logo"}
COMMAND: POST /session/cdd305857320dd590ea5bbf59a31d46e/element/f.492DEA3F6A95B07ADA96E928C4F8A0EF.d.6C174A8CEDB0C5F93F4619F2782A0EDD.e.980/click - {}
RESULT: {}
RESULT: {}
COMMAND: GET /session/cdd305857320dd590ea5bbf59a31d46e/screenshot - {}
RESULT: {}
COMMAND: POST /session/cdd305857320dd590ea5bbf59a31d46e/execute/sync - {"script":"<script> [299 bytes]","args":[["getModel","getResource"]]}
RESULT: {"script":"<script> [299 bytes]","args":[["getModel","getResource"]]}
]]></system-out>
    </testcase>
    <testcase classname="chrome.136_0_7103_93.windows.Stock_increase_-_with_WHM_US125587" name="Should create a new WHM site" time="94.449">
      <system-out><![CDATA[
COMMAND: GET /session/cdd305857320dd590ea5bbf59a31d46e/screenshot - {}
COMMAND: POST /session/cdd305857320dd590ea5bbf59a31d46e/execute/async - {"script":"<script> [1562 bytes]","args":[{"selector":{"controlType":"sap.m.GenericTile","properties":{"header":"Manage Sites"}},"wdio_ui5_key":"sapm.GenericTile{\"header\":\"Manage Sites\"}"}]}
RESULT: {}
RESULT: {"script":"<script> [1562 bytes]","args":[{"selector":{"controlType":"sap.m.GenericTile","properties":{"header":"Manage Sites"}},"wdio_ui5_key":"sapm.GenericTile{\"header\":\"Manage Sites\"}"}]}
RESULT: undefined
COMMAND: POST /session/cdd305857320dd590ea5bbf59a31d46e/element - {"using":"xpath","value":"//*[@id=\"__tile40\"]"}
RESULT: {"using":"xpath","value":"//*[@id=\"__tile40\"]"}
COMMAND: POST /session/cdd305857320dd590ea5bbf59a31d46e/element/f.492DEA3F6A95B07ADA96E928C4F8A0EF.d.6C174A8CEDB0C5F93F4619F2782A0EDD.e.129/click - {}
RESULT: {}
COMMAND: GET /session/cdd305857320dd590ea5bbf59a31d46e/screenshot - {}
RESULT: {}
COMMAND: POST /session/cdd305857320dd590ea5bbf59a31d46e/elements - {"using":"xpath","value":"//span[text()='Error']"}
RESULT: {"using":"xpath","value":"//span[text()='Error']"}
COMMAND: POST /session/cdd305857320dd590ea5bbf59a31d46e/element - {"using":"xpath","value":"//button[@data-kt=\"addOverflowToolbarButton\"]"}
RESULT: {"using":"xpath","value":"//button[@data-kt=\"addOverflowToolbarButton\"]"}
COMMAND: POST /session/cdd305857320dd590ea5bbf59a31d46e/elements - {"using":"xpath","value":"//button[@data-kt=\"addOverflowToolbarButton\"]"}
RESULT: {"using":"xpath","value":"//button[@data-kt=\"addOverflowToolbarButton\"]"}
COMMAND: POST /session/cdd305857320dd590ea5bbf59a31d46e/execute/sync - {"script":"<script> [8489 bytes]","args":[{"element-6066-11e4-a52e-4f735466cecf":"f.492DEA3F6A95B07ADA96E928C4F8A0EF.d.6C174A8CEDB0C5F93F4619F2782A0EDD.e.1698","ELEMENT":"f.492DEA3F6A95B07ADA96E928C4F8A0EF.d.6C174A8CEDB0C5F93F4619F2782A0EDD.e.1698"}]}
RESULT: {"script":"<script> [8489 bytes]","args":[{"element-6066-11e4-a52e-4f735466cecf":"f.492DEA3F6A95B07ADA96E928C4F8A0EF.d.6C174A8CEDB0C5F93F4619F2782A0EDD.e.1698","ELEMENT":"f.492DEA3F6A95B07ADA96E928C4F8A0EF.d.6C174A8CEDB0C5F93F4619F2782A0EDD.e.1698"}]}
COMMAND: GET /session/cdd305857320dd590ea5bbf59a31d46e/element/f.492DEA3F6A95B07ADA96E928C4F8A0EF.d.6C174A8CEDB0C5F93F4619F2782A0EDD.e.1698/enabled - {}
COMMAND: GET /session/cdd305857320dd590ea5bbf59a31d46e/screenshot - {}
RESULT: {}
COMMAND: POST /session/cdd305857320dd590ea5bbf59a31d46e/execute/sync - {"script":"<script> [8489 bytes]","args":[{"element-6066-11e4-a52e-4f735466cecf":"f.492DEA3F6A95B07ADA96E928C4F8A0EF.d.6C174A8CEDB0C5F93F4619F2782A0EDD.e.1698","ELEMENT":"f.492DEA3F6A95B07ADA96E928C4F8A0EF.d.6C174A8CEDB0C5F93F4619F2782A0EDD.e.1698"}]}
COMMAND: GET /session/cdd305857320dd590ea5bbf59a31d46e/screenshot - {}
RESULT: {}
RESULT: {"script":"<script> [8489 bytes]","args":[{"element-6066-11e4-a52e-4f735466cecf":"f.492DEA3F6A95B07ADA96E928C4F8A0EF.d.6C174A8CEDB0C5F93F4619F2782A0EDD.e.1698","ELEMENT":"f.492DEA3F6A95B07ADA96E928C4F8A0EF.d.6C174A8CEDB0C5F93F4619F2782A0EDD.e.1698"}]}
COMMAND: POST /session/cdd305857320dd590ea5bbf59a31d46e/execute/sync - {"script":"<script> [5351 bytes]","args":[{"element-6066-11e4-a52e-4f735466cecf":"f.492DEA3F6A95B07ADA96E928C4F8A0EF.d.6C174A8CEDB0C5F93F4619F2782A0EDD.e.1698","ELEMENT":"f.492DEA3F6A95B07ADA96E928C4F8A0EF.d.6C174A8CEDB0C5F93F4619F2782A0EDD.e.1698"}]}
COMMAND: GET /session/cdd305857320dd590ea5bbf59a31d46e/screenshot - {}
RESULT: {}
RESULT: {"script":"<script> [5351 bytes]","args":[{"element-6066-11e4-a52e-4f735466cecf":"f.492DEA3F6A95B07ADA96E928C4F8A0EF.d.6C174A8CEDB0C5F93F4619F2782A0EDD.e.1698","ELEMENT":"f.492DEA3F6A95B07ADA96E928C4F8A0EF.d.6C174A8CEDB0C5F93F4619F2782A0EDD.e.1698"}]}
COMMAND: POST /session/cdd305857320dd590ea5bbf59a31d46e/element/f.492DEA3F6A95B07ADA96E928C4F8A0EF.d.6C174A8CEDB0C5F93F4619F2782A0EDD.e.1698/click - {}
COMMAND: GET /session/cdd305857320dd590ea5bbf59a31d46e/screenshot - {}
RESULT: {}
RESULT: {}
COMMAND: GET /session/cdd305857320dd590ea5bbf59a31d46e/screenshot - {}
COMMAND: POST /session/cdd305857320dd590ea5bbf59a31d46e/element - {"using":"xpath","value":"//input[@id=\"application-managesites-display-component---NewSite--siteId-inner\"]"}
RESULT: {}
RESULT: {}
RESULT: {"using":"xpath","value":"//input[@id=\"application-managesites-display-component---NewSite--siteId-inner\"]"}
COMMAND: POST /session/cdd305857320dd590ea5bbf59a31d46e/element - {"using":"xpath","value":"//input[@id=\"application-managesites-display-component---NewSite--siteId-inner\"]"}
RESULT: {"using":"xpath","value":"//input[@id=\"application-managesites-display-component---NewSite--siteId-inner\"]"}
COMMAND: POST /session/cdd305857320dd590ea5bbf59a31d46e/execute/async - {"script":"<script> [1562 bytes]","args":[{"selector":{"id":"application-managesites-display-component---NewSite--addressDetailDetailsName1","interaction":{"idSuffix":"inner"}},"wdio_ui5_key":"applicationmanagesites-display-component---NewSite--addressDetailDetailsName1"}]}
RESULT: {"script":"<script> [1562 bytes]","args":[{"selector":{"id":"application-managesites-display-component---NewSite--addressDetailDetailsName1","interaction":{"idSuffix":"inner"}},"wdio_ui5_key":"applicationmanagesites-display-component---NewSite--addressDetailDetailsName1"}]}
RESULT: undefined
COMMAND: POST /session/cdd305857320dd590ea5bbf59a31d46e/execute/async - {"script":"<script> [776 bytes]","args":[{"enterText":"Warehouse Managed Site WDIO","selector":{"id":"application-managesites-display-component---NewSite--addressDetailDetailsName1","interaction":{"idSuffix":"inner"}},"clearTextFirst":true,"interactionType":"ENTER_TEXT"}]}
RESULT: {"script":"<script> [776 bytes]","args":[{"enterText":"Warehouse Managed Site WDIO","selector":{"id":"application-managesites-display-component---NewSite--addressDetailDetailsName1","interaction":{"idSuffix":"inner"}},"clearTextFirst":true,"interactionType":"ENTER_TEXT"}]}
COMMAND: POST /session/cdd305857320dd590ea5bbf59a31d46e/execute/async - {"script":"<script> [1562 bytes]","args":[{"selector":{"id":"application-managesites-display-component---NewSite--addressDetailDetailsLanguage-arrow"},"wdio_ui5_key":"applicationmanagesites-display-component---NewSite--addressDetailDetailsLanguage-arrow"}]}
RESULT: {"script":"<script> [1562 bytes]","args":[{"selector":{"id":"application-managesites-display-component---NewSite--addressDetailDetailsLanguage-arrow"},"wdio_ui5_key":"applicationmanagesites-display-component---NewSite--addressDetailDetailsLanguage-arrow"}]}
RESULT: undefined
COMMAND: POST /session/cdd305857320dd590ea5bbf59a31d46e/element - {"using":"xpath","value":"//*[@id=\"application-managesites-display-component---NewSite--addressDetailDetailsLanguage-arrow\"]"}
RESULT: {"using":"xpath","value":"//*[@id=\"application-managesites-display-component---NewSite--addressDetailDetailsLanguage-arrow\"]"}
COMMAND: POST /session/cdd305857320dd590ea5bbf59a31d46e/element/f.492DEA3F6A95B07ADA96E928C4F8A0EF.d.6C174A8CEDB0C5F93F4619F2782A0EDD.e.2310/click - {}
RESULT: {}
COMMAND: POST /session/cdd305857320dd590ea5bbf59a31d46e/element - {"using":"xpath","value":"//span[contains(text(), \"English\")]"}
COMMAND: GET /session/cdd305857320dd590ea5bbf59a31d46e/screenshot - {}
RESULT: {"using":"xpath","value":"//span[contains(text(), \"English\")]"}
COMMAND: POST /session/cdd305857320dd590ea5bbf59a31d46e/element/f.492DEA3F6A95B07ADA96E928C4F8A0EF.d.6C174A8CEDB0C5F93F4619F2782A0EDD.e.2311/click - {}
RESULT: {}
RESULT: {}
COMMAND: POST /session/cdd305857320dd590ea5bbf59a31d46e/execute/async - {"script":"<script> [1562 bytes]","args":[{"selector":{"id":"application-managesites-display-component---NewSite--addressDetailDetailsCity1","interaction":{"idSuffix":"inner"}},"wdio_ui5_key":"applicationmanagesites-display-component---NewSite--addressDetailDetailsCity1"}]}
COMMAND: GET /session/cdd305857320dd590ea5bbf59a31d46e/screenshot - {}
RESULT: {"script":"<script> [1562 bytes]","args":[{"selector":{"id":"application-managesites-display-component---NewSite--addressDetailDetailsCity1","interaction":{"idSuffix":"inner"}},"wdio_ui5_key":"applicationmanagesites-display-component---NewSite--addressDetailDetailsCity1"}]}
RESULT: undefined
COMMAND: POST /session/cdd305857320dd590ea5bbf59a31d46e/execute/async - {"script":"<script> [776 bytes]","args":[{"enterText":"Rosario","selector":{"id":"application-managesites-display-component---NewSite--addressDetailDetailsCity1","interaction":{"idSuffix":"inner"}},"clearTextFirst":true,"interactionType":"ENTER_TEXT"}]}
RESULT: {}
RESULT: {"script":"<script> [776 bytes]","args":[{"enterText":"Rosario","selector":{"id":"application-managesites-display-component---NewSite--addressDetailDetailsCity1","interaction":{"idSuffix":"inner"}},"clearTextFirst":true,"interactionType":"ENTER_TEXT"}]}
COMMAND: POST /session/cdd305857320dd590ea5bbf59a31d46e/execute/async - {"script":"<script> [1562 bytes]","args":[{"selector":{"id":"application-managesites-display-component---NewSite--addressDetailDetailsCountry-arrow"},"wdio_ui5_key":"applicationmanagesites-display-component---NewSite--addressDetailDetailsCountry-arrow"}]}
RESULT: {"script":"<script> [1562 bytes]","args":[{"selector":{"id":"application-managesites-display-component---NewSite--addressDetailDetailsCountry-arrow"},"wdio_ui5_key":"applicationmanagesites-display-component---NewSite--addressDetailDetailsCountry-arrow"}]}
RESULT: undefined
COMMAND: POST /session/cdd305857320dd590ea5bbf59a31d46e/element - {"using":"xpath","value":"//*[@id=\"application-managesites-display-component---NewSite--addressDetailDetailsCountry-arrow\"]"}
RESULT: {"using":"xpath","value":"//*[@id=\"application-managesites-display-component---NewSite--addressDetailDetailsCountry-arrow\"]"}
COMMAND: POST /session/cdd305857320dd590ea5bbf59a31d46e/element/f.492DEA3F6A95B07ADA96E928C4F8A0EF.d.6C174A8CEDB0C5F93F4619F2782A0EDD.e.2313/click - {}
RESULT: {}
COMMAND: POST /session/cdd305857320dd590ea5bbf59a31d46e/element - {"using":"xpath","value":"//span[contains(text(), \"Argentina\")]"}
COMMAND: GET /session/cdd305857320dd590ea5bbf59a31d46e/screenshot - {}
RESULT: {"using":"xpath","value":"//span[contains(text(), \"Argentina\")]"}
COMMAND: POST /session/cdd305857320dd590ea5bbf59a31d46e/element/f.492DEA3F6A95B07ADA96E928C4F8A0EF.d.6C174A8CEDB0C5F93F4619F2782A0EDD.e.2314/click - {}
RESULT: {}
RESULT: {}
COMMAND: GET /session/cdd305857320dd590ea5bbf59a31d46e/screenshot - {}
RESULT: {}
COMMAND: POST /session/cdd305857320dd590ea5bbf59a31d46e/execute/async - {"script":"<script> [1562 bytes]","args":[{"selector":{"id":"application-managesites-display-component---NewSite--addressEditDetailsCostObjectCstType-arrow"},"wdio_ui5_key":"applicationmanagesites-display-component---NewSite--addressEditDetailsCostObjectCstType-arrow"}]}
RESULT: {"script":"<script> [1562 bytes]","args":[{"selector":{"id":"application-managesites-display-component---NewSite--addressEditDetailsCostObjectCstType-arrow"},"wdio_ui5_key":"applicationmanagesites-display-component---NewSite--addressEditDetailsCostObjectCstType-arrow"}]}
RESULT: undefined
COMMAND: POST /session/cdd305857320dd590ea5bbf59a31d46e/element - {"using":"xpath","value":"//*[@id=\"application-managesites-display-component---NewSite--addressEditDetailsCostObjectCstType-arrow\"]"}
RESULT: {"using":"xpath","value":"//*[@id=\"application-managesites-display-component---NewSite--addressEditDetailsCostObjectCstType-arrow\"]"}
COMMAND: POST /session/cdd305857320dd590ea5bbf59a31d46e/element/f.492DEA3F6A95B07ADA96E928C4F8A0EF.d.6C174A8CEDB0C5F93F4619F2782A0EDD.e.2316/click - {}
RESULT: {}
COMMAND: POST /session/cdd305857320dd590ea5bbf59a31d46e/element - {"using":"xpath","value":"//span[contains(text(), \"Cost Center\")]"}
COMMAND: GET /session/cdd305857320dd590ea5bbf59a31d46e/screenshot - {}
RESULT: {"using":"xpath","value":"//span[contains(text(), \"Cost Center\")]"}
COMMAND: POST /session/cdd305857320dd590ea5bbf59a31d46e/element/f.492DEA3F6A95B07ADA96E928C4F8A0EF.d.6C174A8CEDB0C5F93F4619F2782A0EDD.e.2317/click - {}
RESULT: {}
RESULT: {}
COMMAND: GET /session/cdd305857320dd590ea5bbf59a31d46e/screenshot - {}
RESULT: {}
COMMAND: POST /session/cdd305857320dd590ea5bbf59a31d46e/element - {"using":"xpath","value":"//span[@id=\"application-managesites-display-component---NewSite--addressNewCostObjectCstID-vhi\"]"}
RESULT: {"using":"xpath","value":"//span[@id=\"application-managesites-display-component---NewSite--addressNewCostObjectCstID-vhi\"]"}
COMMAND: POST /session/cdd305857320dd590ea5bbf59a31d46e/execute/sync - {"script":"<script> [8489 bytes]","args":[{"element-6066-11e4-a52e-4f735466cecf":"f.492DEA3F6A95B07ADA96E928C4F8A0EF.d.6C174A8CEDB0C5F93F4619F2782A0EDD.e.2322","ELEMENT":"f.492DEA3F6A95B07ADA96E928C4F8A0EF.d.6C174A8CEDB0C5F93F4619F2782A0EDD.e.2322"}]}
RESULT: {"script":"<script> [8489 bytes]","args":[{"element-6066-11e4-a52e-4f735466cecf":"f.492DEA3F6A95B07ADA96E928C4F8A0EF.d.6C174A8CEDB0C5F93F4619F2782A0EDD.e.2322","ELEMENT":"f.492DEA3F6A95B07ADA96E928C4F8A0EF.d.6C174A8CEDB0C5F93F4619F2782A0EDD.e.2322"}]}
COMMAND: POST /session/cdd305857320dd590ea5bbf59a31d46e/execute/async - {"script":"<script> [1562 bytes]","args":[{"selector":{"id":"application-managesites-display-component---NewSite--addressNewCostObjectCstID-vhi"},"wdio_ui5_key":"applicationmanagesites-display-component---NewSite--addressNewCostObjectCstID-vhi"}]}
COMMAND: GET /session/cdd305857320dd590ea5bbf59a31d46e/screenshot - {}
RESULT: {"script":"<script> [1562 bytes]","args":[{"selector":{"id":"application-managesites-display-component---NewSite--addressNewCostObjectCstID-vhi"},"wdio_ui5_key":"applicationmanagesites-display-component---NewSite--addressNewCostObjectCstID-vhi"}]}
RESULT: undefined
COMMAND: POST /session/cdd305857320dd590ea5bbf59a31d46e/element - {"using":"xpath","value":"//*[@id=\"application-managesites-display-component---NewSite--addressNewCostObjectCstID-vhi\"]"}
RESULT: {}
RESULT: {"using":"xpath","value":"//*[@id=\"application-managesites-display-component---NewSite--addressNewCostObjectCstID-vhi\"]"}
COMMAND: POST /session/cdd305857320dd590ea5bbf59a31d46e/element/f.492DEA3F6A95B07ADA96E928C4F8A0EF.d.6C174A8CEDB0C5F93F4619F2782A0EDD.e.2322/click - {}
RESULT: {}
COMMAND: GET /session/cdd305857320dd590ea5bbf59a31d46e/screenshot - {}
RESULT: {}
RESULT: undefined
COMMAND: POST /session/cdd305857320dd590ea5bbf59a31d46e/execute/async - {"script":"<script> [776 bytes]","args":[{"enterText":"10001013","selector":{"controlType":"sap.m.SearchField","properties":{"placeholder":"Search"},"searchOpenDialogs":true,"interaction":{"idSuffix":"I"}},"clearTextFirst":true,"interactionType":"ENTER_TEXT"}]}
RESULT: {"script":"<script> [776 bytes]","args":[{"enterText":"10001013","selector":{"controlType":"sap.m.SearchField","properties":{"placeholder":"Search"},"searchOpenDialogs":true,"interaction":{"idSuffix":"I"}},"clearTextFirst":true,"interactionType":"ENTER_TEXT"}]}
COMMAND: POST /session/cdd305857320dd590ea5bbf59a31d46e/actions - {"actions":[{"id":"action3","type":"key","parameters":{},"actions":[{"type":"keyDown","value":""},{"type":"pause","duration":10},{"type":"keyUp","value":""}]}]}
RESULT: {"actions":[{"id":"action3","type":"key","parameters":{},"actions":[{"type":"keyDown","value":""},{"type":"pause","duration":10},{"type":"keyUp","value":""}]}]}
COMMAND: GET /session/cdd305857320dd590ea5bbf59a31d46e/screenshot - {}
RESULT: {}
COMMAND: POST /session/cdd305857320dd590ea5bbf59a31d46e/element - {"using":"xpath","value":"//span[contains(text(), \"General Management\")]"}
RESULT: {"using":"xpath","value":"//span[contains(text(), \"General Management\")]"}
COMMAND: POST /session/cdd305857320dd590ea5bbf59a31d46e/element/f.492DEA3F6A95B07ADA96E928C4F8A0EF.d.6C174A8CEDB0C5F93F4619F2782A0EDD.e.2360/click - {}
RESULT: {}
COMMAND: GET /session/cdd305857320dd590ea5bbf59a31d46e/screenshot - {}
RESULT: {}
COMMAND: POST /session/cdd305857320dd590ea5bbf59a31d46e/element - {"using":"xpath","value":"//bdi[contains(text(), \"OK\")]"}
RESULT: {"using":"xpath","value":"//bdi[contains(text(), \"OK\")]"}
COMMAND: POST /session/cdd305857320dd590ea5bbf59a31d46e/element/f.492DEA3F6A95B07ADA96E928C4F8A0EF.d.6C174A8CEDB0C5F93F4619F2782A0EDD.e.2361/click - {}
RESULT: {}
COMMAND: GET /session/cdd305857320dd590ea5bbf59a31d46e/screenshot - {}
RESULT: {}
COMMAND: POST /session/cdd305857320dd590ea5bbf59a31d46e/element - {"using":"xpath","value":"//input[@id=\"application-managesites-display-component---NewSite--addressDetailDetailsCalendar-inner\"]"}
RESULT: {"using":"xpath","value":"//input[@id=\"application-managesites-display-component---NewSite--addressDetailDetailsCalendar-inner\"]"}
COMMAND: POST /session/cdd305857320dd590ea5bbf59a31d46e/element/f.492DEA3F6A95B07ADA96E928C4F8A0EF.d.6C174A8CEDB0C5F93F4619F2782A0EDD.e.2110/clear - {}
RESULT: {}
COMMAND: POST /session/cdd305857320dd590ea5bbf59a31d46e/element/f.492DEA3F6A95B07ADA96E928C4F8A0EF.d.6C174A8CEDB0C5F93F4619F2782A0EDD.e.2110/value - {"text":"Unit"}
COMMAND: GET /session/cdd305857320dd590ea5bbf59a31d46e/screenshot - {}
RESULT: {"text":"Unit"}
COMMAND: GET /session/cdd305857320dd590ea5bbf59a31d46e/screenshot - {}
RESULT: {}
RESULT: {}
COMMAND: POST /session/cdd305857320dd590ea5bbf59a31d46e/actions - {"actions":[{"id":"action4","type":"key","parameters":{},"actions":[{"type":"keyDown","value":""},{"type":"pause","duration":10},{"type":"keyUp","value":""}]}]}
RESULT: {"actions":[{"id":"action4","type":"key","parameters":{},"actions":[{"type":"keyDown","value":""},{"type":"pause","duration":10},{"type":"keyUp","value":""}]}]}
COMMAND: POST /session/cdd305857320dd590ea5bbf59a31d46e/element - {"using":"xpath","value":"//input[@id=\"application-managesites-display-component---NewSite--addressDetailDetailsYard-inner\"]"}
RESULT: {"using":"xpath","value":"//input[@id=\"application-managesites-display-component---NewSite--addressDetailDetailsYard-inner\"]"}
COMMAND: POST /session/cdd305857320dd590ea5bbf59a31d46e/element/f.492DEA3F6A95B07ADA96E928C4F8A0EF.d.6C174A8CEDB0C5F93F4619F2782A0EDD.e.2111/clear - {}
COMMAND: GET /session/cdd305857320dd590ea5bbf59a31d46e/screenshot - {}
RESULT: {}
COMMAND: POST /session/cdd305857320dd590ea5bbf59a31d46e/element/f.492DEA3F6A95B07ADA96E928C4F8A0EF.d.6C174A8CEDB0C5F93F4619F2782A0EDD.e.2111/value - {"text":"388"}
COMMAND: GET /session/cdd305857320dd590ea5bbf59a31d46e/screenshot - {}
RESULT: {}
RESULT: {"text":"388"}
COMMAND: GET /session/cdd305857320dd590ea5bbf59a31d46e/screenshot - {}
RESULT: {}
RESULT: {}
COMMAND: POST /session/cdd305857320dd590ea5bbf59a31d46e/element - {"using":"xpath","value":"//li[.//span[text()='388']]"}
RESULT: {"using":"xpath","value":"//li[.//span[text()='388']]"}
COMMAND: POST /session/cdd305857320dd590ea5bbf59a31d46e/element/f.492DEA3F6A95B07ADA96E928C4F8A0EF.d.6C174A8CEDB0C5F93F4619F2782A0EDD.e.2369/click - {}
RESULT: {}
COMMAND: GET /session/cdd305857320dd590ea5bbf59a31d46e/screenshot - {}
RESULT: {}
COMMAND: POST /session/cdd305857320dd590ea5bbf59a31d46e/element - {"using":"xpath","value":"//input[@id=\"application-managesites-display-component---NewSite--addressDetailDetailsPartner-inner\"]"}
RESULT: {"using":"xpath","value":"//input[@id=\"application-managesites-display-component---NewSite--addressDetailDetailsPartner-inner\"]"}
COMMAND: POST /session/cdd305857320dd590ea5bbf59a31d46e/element - {"using":"xpath","value":"//input[@id=\"application-managesites-display-component---NewSite--addressDetailDetailsPartner-inner\"]"}
RESULT: {"using":"xpath","value":"//input[@id=\"application-managesites-display-component---NewSite--addressDetailDetailsPartner-inner\"]"}
COMMAND: POST /session/cdd305857320dd590ea5bbf59a31d46e/execute/async - {"script":"<script> [1562 bytes]","args":[{"selector":{"id":"application-managesites-display-component---NewSite--siteWhmCheckBox-label","interaction":{"idSuffix":"bdi"}},"wdio_ui5_key":"applicationmanagesites-display-component---NewSite--siteWhmCheckBox-label"}]}
RESULT: {"script":"<script> [1562 bytes]","args":[{"selector":{"id":"application-managesites-display-component---NewSite--siteWhmCheckBox-label","interaction":{"idSuffix":"bdi"}},"wdio_ui5_key":"applicationmanagesites-display-component---NewSite--siteWhmCheckBox-label"}]}
RESULT: undefined
COMMAND: POST /session/cdd305857320dd590ea5bbf59a31d46e/element - {"using":"xpath","value":"//*[@id=\"application-managesites-display-component---NewSite--siteWhmCheckBox-label\"]"}
RESULT: {"using":"xpath","value":"//*[@id=\"application-managesites-display-component---NewSite--siteWhmCheckBox-label\"]"}
COMMAND: POST /session/cdd305857320dd590ea5bbf59a31d46e/element/f.492DEA3F6A95B07ADA96E928C4F8A0EF.d.6C174A8CEDB0C5F93F4619F2782A0EDD.e.2371/click - {}
RESULT: {}
COMMAND: GET /session/cdd305857320dd590ea5bbf59a31d46e/screenshot - {}
RESULT: {}
COMMAND: POST /session/cdd305857320dd590ea5bbf59a31d46e/element - {"using":"xpath","value":"//button[@data-kt=\"saveButton\"]"}
RESULT: {"using":"xpath","value":"//button[@data-kt=\"saveButton\"]"}
COMMAND: POST /session/cdd305857320dd590ea5bbf59a31d46e/element/f.492DEA3F6A95B07ADA96E928C4F8A0EF.d.6C174A8CEDB0C5F93F4619F2782A0EDD.e.2290/click - {}
RESULT: {}
COMMAND: GET /session/cdd305857320dd590ea5bbf59a31d46e/screenshot - {}
RESULT: {}
COMMAND: POST /session/cdd305857320dd590ea5bbf59a31d46e/element - {"using":"xpath","value":"//header[contains(@id, 'ObjectPageLayout-headerTitle')]/div[1]/div[2]/div[2]/span[1]"}
RESULT: {"using":"xpath","value":"//header[contains(@id, 'ObjectPageLayout-headerTitle')]/div[1]/div[2]/div[2]/span[1]"}
COMMAND: POST /session/cdd305857320dd590ea5bbf59a31d46e/elements - {"using":"xpath","value":"//header[contains(@id, 'ObjectPageLayout-headerTitle')]/div[1]/div[2]/div[2]/span[1]"}
RESULT: {"using":"xpath","value":"//header[contains(@id, 'ObjectPageLayout-headerTitle')]/div[1]/div[2]/div[2]/span[1]"}
COMMAND: POST /session/cdd305857320dd590ea5bbf59a31d46e/execute/sync - {"script":"<script> [56 bytes]","args":[{"element-6066-11e4-a52e-4f735466cecf":"f.492DEA3F6A95B07ADA96E928C4F8A0EF.d.6C174A8CEDB0C5F93F4619F2782A0EDD.e.2574","ELEMENT":"f.492DEA3F6A95B07ADA96E928C4F8A0EF.d.6C174A8CEDB0C5F93F4619F2782A0EDD.e.2574"}]}
RESULT: {"script":"<script> [56 bytes]","args":[{"element-6066-11e4-a52e-4f735466cecf":"f.492DEA3F6A95B07ADA96E928C4F8A0EF.d.6C174A8CEDB0C5F93F4619F2782A0EDD.e.2574","ELEMENT":"f.492DEA3F6A95B07ADA96E928C4F8A0EF.d.6C174A8CEDB0C5F93F4619F2782A0EDD.e.2574"}]}
COMMAND: POST /session/cdd305857320dd590ea5bbf59a31d46e/element - {"using":"css selector","value":"#shell-header-logo"}
COMMAND: GET /session/cdd305857320dd590ea5bbf59a31d46e/screenshot - {}
RESULT: {"using":"css selector","value":"#shell-header-logo"}
COMMAND: POST /session/cdd305857320dd590ea5bbf59a31d46e/element/f.492DEA3F6A95B07ADA96E928C4F8A0EF.d.6C174A8CEDB0C5F93F4619F2782A0EDD.e.1656/click - {}
RESULT: {}
RESULT: {}
COMMAND: GET /session/cdd305857320dd590ea5bbf59a31d46e/screenshot - {}
RESULT: {}
COMMAND: POST /session/cdd305857320dd590ea5bbf59a31d46e/execute/sync - {"script":"<script> [299 bytes]","args":[["getModel","getResource"]]}
RESULT: {"script":"<script> [299 bytes]","args":[["getModel","getResource"]]}
]]></system-out>
    </testcase>
    <testcase classname="chrome.136_0_7103_93.windows.Stock_increase_-_with_WHM_US125587" name="Should create a new material" time="123.714">
      <system-out><![CDATA[
COMMAND: GET /session/cdd305857320dd590ea5bbf59a31d46e/screenshot - {}
COMMAND: POST /session/cdd305857320dd590ea5bbf59a31d46e/execute/async - {"script":"<script> [1562 bytes]","args":[{"selector":{"controlType":"sap.m.GenericTile","properties":{"header":"Manage Resources"}},"wdio_ui5_key":"sapm.GenericTile{\"header\":\"Manage Resources\"}"}]}
RESULT: {}
RESULT: {"script":"<script> [1562 bytes]","args":[{"selector":{"controlType":"sap.m.GenericTile","properties":{"header":"Manage Resources"}},"wdio_ui5_key":"sapm.GenericTile{\"header\":\"Manage Resources\"}"}]}
RESULT: undefined
COMMAND: POST /session/cdd305857320dd590ea5bbf59a31d46e/element - {"using":"xpath","value":"//*[@id=\"__tile39\"]"}
RESULT: {"using":"xpath","value":"//*[@id=\"__tile39\"]"}
COMMAND: POST /session/cdd305857320dd590ea5bbf59a31d46e/element/f.492DEA3F6A95B07ADA96E928C4F8A0EF.d.6C174A8CEDB0C5F93F4619F2782A0EDD.e.126/click - {}
RESULT: {}
COMMAND: GET /session/cdd305857320dd590ea5bbf59a31d46e/screenshot - {}
RESULT: {}
COMMAND: POST /session/cdd305857320dd590ea5bbf59a31d46e/elements - {"using":"xpath","value":"//span[text()='Error']"}
RESULT: {"using":"xpath","value":"//span[text()='Error']"}
COMMAND: POST /session/cdd305857320dd590ea5bbf59a31d46e/element - {"using":"xpath","value":"//button[@data-kt=\"addNewRUOverflowToolbarButton\"]"}
RESULT: {"using":"xpath","value":"//button[@data-kt=\"addNewRUOverflowToolbarButton\"]"}
COMMAND: POST /session/cdd305857320dd590ea5bbf59a31d46e/elements - {"using":"xpath","value":"//button[@data-kt=\"addNewRUOverflowToolbarButton\"]"}
RESULT: {"using":"xpath","value":"//button[@data-kt=\"addNewRUOverflowToolbarButton\"]"}
COMMAND: POST /session/cdd305857320dd590ea5bbf59a31d46e/elements - {"using":"xpath","value":"//button[@data-kt=\"addNewRUOverflowToolbarButton\"]"}
RESULT: {"using":"xpath","value":"//button[@data-kt=\"addNewRUOverflowToolbarButton\"]"}
COMMAND: POST /session/cdd305857320dd590ea5bbf59a31d46e/elements - {"using":"xpath","value":"//button[@data-kt=\"addNewRUOverflowToolbarButton\"]"}
RESULT: {"using":"xpath","value":"//button[@data-kt=\"addNewRUOverflowToolbarButton\"]"}
COMMAND: POST /session/cdd305857320dd590ea5bbf59a31d46e/elements - {"using":"xpath","value":"//button[@data-kt=\"addNewRUOverflowToolbarButton\"]"}
RESULT: {"using":"xpath","value":"//button[@data-kt=\"addNewRUOverflowToolbarButton\"]"}
COMMAND: POST /session/cdd305857320dd590ea5bbf59a31d46e/element - {"using":"xpath","value":"//button[@data-kt=\"addNewRUOverflowToolbarButton\"]"}
RESULT: {"using":"xpath","value":"//button[@data-kt=\"addNewRUOverflowToolbarButton\"]"}
COMMAND: POST /session/cdd305857320dd590ea5bbf59a31d46e/execute/sync - {"script":"<script> [8489 bytes]","args":[{"element-6066-11e4-a52e-4f735466cecf":"f.492DEA3F6A95B07ADA96E928C4F8A0EF.d.6C174A8CEDB0C5F93F4619F2782A0EDD.e.2606","ELEMENT":"f.492DEA3F6A95B07ADA96E928C4F8A0EF.d.6C174A8CEDB0C5F93F4619F2782A0EDD.e.2606"}]}
RESULT: {"script":"<script> [8489 bytes]","args":[{"element-6066-11e4-a52e-4f735466cecf":"f.492DEA3F6A95B07ADA96E928C4F8A0EF.d.6C174A8CEDB0C5F93F4619F2782A0EDD.e.2606","ELEMENT":"f.492DEA3F6A95B07ADA96E928C4F8A0EF.d.6C174A8CEDB0C5F93F4619F2782A0EDD.e.2606"}]}
COMMAND: GET /session/cdd305857320dd590ea5bbf59a31d46e/element/f.492DEA3F6A95B07ADA96E928C4F8A0EF.d.6C174A8CEDB0C5F93F4619F2782A0EDD.e.2606/enabled - {}
COMMAND: GET /session/cdd305857320dd590ea5bbf59a31d46e/screenshot - {}
RESULT: {}
COMMAND: POST /session/cdd305857320dd590ea5bbf59a31d46e/execute/sync - {"script":"<script> [8489 bytes]","args":[{"element-6066-11e4-a52e-4f735466cecf":"f.492DEA3F6A95B07ADA96E928C4F8A0EF.d.6C174A8CEDB0C5F93F4619F2782A0EDD.e.2606","ELEMENT":"f.492DEA3F6A95B07ADA96E928C4F8A0EF.d.6C174A8CEDB0C5F93F4619F2782A0EDD.e.2606"}]}
COMMAND: GET /session/cdd305857320dd590ea5bbf59a31d46e/screenshot - {}
RESULT: {}
RESULT: {"script":"<script> [8489 bytes]","args":[{"element-6066-11e4-a52e-4f735466cecf":"f.492DEA3F6A95B07ADA96E928C4F8A0EF.d.6C174A8CEDB0C5F93F4619F2782A0EDD.e.2606","ELEMENT":"f.492DEA3F6A95B07ADA96E928C4F8A0EF.d.6C174A8CEDB0C5F93F4619F2782A0EDD.e.2606"}]}
COMMAND: POST /session/cdd305857320dd590ea5bbf59a31d46e/execute/sync - {"script":"<script> [5351 bytes]","args":[{"element-6066-11e4-a52e-4f735466cecf":"f.492DEA3F6A95B07ADA96E928C4F8A0EF.d.6C174A8CEDB0C5F93F4619F2782A0EDD.e.2606","ELEMENT":"f.492DEA3F6A95B07ADA96E928C4F8A0EF.d.6C174A8CEDB0C5F93F4619F2782A0EDD.e.2606"}]}
COMMAND: GET /session/cdd305857320dd590ea5bbf59a31d46e/screenshot - {}
RESULT: {}
RESULT: {}
RESULT: {"script":"<script> [5351 bytes]","args":[{"element-6066-11e4-a52e-4f735466cecf":"f.492DEA3F6A95B07ADA96E928C4F8A0EF.d.6C174A8CEDB0C5F93F4619F2782A0EDD.e.2606","ELEMENT":"f.492DEA3F6A95B07ADA96E928C4F8A0EF.d.6C174A8CEDB0C5F93F4619F2782A0EDD.e.2606"}]}
COMMAND: POST /session/cdd305857320dd590ea5bbf59a31d46e/element/f.492DEA3F6A95B07ADA96E928C4F8A0EF.d.6C174A8CEDB0C5F93F4619F2782A0EDD.e.2606/click - {}
COMMAND: GET /session/cdd305857320dd590ea5bbf59a31d46e/screenshot - {}
RESULT: {}
COMMAND: GET /session/cdd305857320dd590ea5bbf59a31d46e/screenshot - {}
COMMAND: POST /session/cdd305857320dd590ea5bbf59a31d46e/execute/async - {"script":"<script> [1562 bytes]","args":[{"selector":{"id":"application-manageresources-display-component---newResourceUnit--TYPE-arrow"},"wdio_ui5_key":"applicationmanageresources-display-component---newResourceUnit--TYPE-arrow"}]}
RESULT: {}
RESULT: {}
RESULT: {"script":"<script> [1562 bytes]","args":[{"selector":{"id":"application-manageresources-display-component---newResourceUnit--TYPE-arrow"},"wdio_ui5_key":"applicationmanageresources-display-component---newResourceUnit--TYPE-arrow"}]}
RESULT: undefined
COMMAND: POST /session/cdd305857320dd590ea5bbf59a31d46e/element - {"using":"xpath","value":"//*[@id=\"application-manageresources-display-component---newResourceUnit--TYPE-arrow\"]"}
RESULT: {"using":"xpath","value":"//*[@id=\"application-manageresources-display-component---newResourceUnit--TYPE-arrow\"]"}
COMMAND: POST /session/cdd305857320dd590ea5bbf59a31d46e/element/f.492DEA3F6A95B07ADA96E928C4F8A0EF.d.6C174A8CEDB0C5F93F4619F2782A0EDD.e.2962/click - {}
RESULT: {}
COMMAND: POST /session/cdd305857320dd590ea5bbf59a31d46e/element - {"using":"xpath","value":"//input[@id=\"application-manageresources-display-component---newResourceUnit--TYPE-inner\"]"}
COMMAND: GET /session/cdd305857320dd590ea5bbf59a31d46e/screenshot - {}
RESULT: {"using":"xpath","value":"//input[@id=\"application-manageresources-display-component---newResourceUnit--TYPE-inner\"]"}
COMMAND: POST /session/cdd305857320dd590ea5bbf59a31d46e/element/f.492DEA3F6A95B07ADA96E928C4F8A0EF.d.6C174A8CEDB0C5F93F4619F2782A0EDD.e.2958/clear - {}
RESULT: {}
RESULT: {}
COMMAND: POST /session/cdd305857320dd590ea5bbf59a31d46e/element/f.492DEA3F6A95B07ADA96E928C4F8A0EF.d.6C174A8CEDB0C5F93F4619F2782A0EDD.e.2958/value - {"text":"Material"}
COMMAND: GET /session/cdd305857320dd590ea5bbf59a31d46e/screenshot - {}
RESULT: {"text":"Material"}
COMMAND: GET /session/cdd305857320dd590ea5bbf59a31d46e/screenshot - {}
RESULT: {}
RESULT: {}
COMMAND: POST /session/cdd305857320dd590ea5bbf59a31d46e/actions - {"actions":[{"id":"action5","type":"key","parameters":{},"actions":[{"type":"keyDown","value":""},{"type":"pause","duration":10},{"type":"keyUp","value":""}]}]}
RESULT: {"actions":[{"id":"action5","type":"key","parameters":{},"actions":[{"type":"keyDown","value":""},{"type":"pause","duration":10},{"type":"keyUp","value":""}]}]}
COMMAND: POST /session/cdd305857320dd590ea5bbf59a31d46e/execute/async - {"script":"<script> [1562 bytes]","args":[{"selector":{"id":"application-manageresources-display-component---newResourceUnit--SHORT_TEXT","interaction":{"idSuffix":"inner"}},"wdio_ui5_key":"applicationmanageresources-display-component---newResourceUnit--SHORT_TEXT"}]}
COMMAND: GET /session/cdd305857320dd590ea5bbf59a31d46e/screenshot - {}
RESULT: {"script":"<script> [1562 bytes]","args":[{"selector":{"id":"application-manageresources-display-component---newResourceUnit--SHORT_TEXT","interaction":{"idSuffix":"inner"}},"wdio_ui5_key":"applicationmanageresources-display-component---newResourceUnit--SHORT_TEXT"}]}
RESULT: undefined
COMMAND: POST /session/cdd305857320dd590ea5bbf59a31d46e/execute/async - {"script":"<script> [776 bytes]","args":[{"enterText":"Cement WDIO","selector":{"id":"application-manageresources-display-component---newResourceUnit--SHORT_TEXT","interaction":{"idSuffix":"inner"}},"clearTextFirst":true,"interactionType":"ENTER_TEXT"}]}
RESULT: {}
RESULT: {"script":"<script> [776 bytes]","args":[{"enterText":"Cement WDIO","selector":{"id":"application-manageresources-display-component---newResourceUnit--SHORT_TEXT","interaction":{"idSuffix":"inner"}},"clearTextFirst":true,"interactionType":"ENTER_TEXT"}]}
COMMAND: POST /session/cdd305857320dd590ea5bbf59a31d46e/execute/async - {"script":"<script> [1562 bytes]","args":[{"selector":{"id":"application-manageresources-display-component---newResourceUnit--BASE_UNIT_OF_MEASURE","interaction":{"idSuffix":"inner"}},"wdio_ui5_key":"applicationmanageresources-display-component---newResourceUnit--BASE_UNIT_OF_MEASURE"}]}
RESULT: {"script":"<script> [1562 bytes]","args":[{"selector":{"id":"application-manageresources-display-component---newResourceUnit--BASE_UNIT_OF_MEASURE","interaction":{"idSuffix":"inner"}},"wdio_ui5_key":"applicationmanageresources-display-component---newResourceUnit--BASE_UNIT_OF_MEASURE"}]}
RESULT: undefined
COMMAND: POST /session/cdd305857320dd590ea5bbf59a31d46e/execute/async - {"script":"<script> [776 bytes]","args":[{"enterText":"Piece","selector":{"id":"application-manageresources-display-component---newResourceUnit--BASE_UNIT_OF_MEASURE","interaction":{"idSuffix":"inner"}},"clearTextFirst":true,"interactionType":"ENTER_TEXT"}]}
RESULT: {"script":"<script> [776 bytes]","args":[{"enterText":"Piece","selector":{"id":"application-manageresources-display-component---newResourceUnit--BASE_UNIT_OF_MEASURE","interaction":{"idSuffix":"inner"}},"clearTextFirst":true,"interactionType":"ENTER_TEXT"}]}
COMMAND: POST /session/cdd305857320dd590ea5bbf59a31d46e/execute/async - {"script":"<script> [1562 bytes]","args":[{"selector":{"id":"application-manageresources-display-component---newResourceUnit--WEIGHT_UNIT","interaction":{"idSuffix":"inner"}},"wdio_ui5_key":"applicationmanageresources-display-component---newResourceUnit--WEIGHT_UNIT"}]}
RESULT: {"script":"<script> [1562 bytes]","args":[{"selector":{"id":"application-manageresources-display-component---newResourceUnit--WEIGHT_UNIT","interaction":{"idSuffix":"inner"}},"wdio_ui5_key":"applicationmanageresources-display-component---newResourceUnit--WEIGHT_UNIT"}]}
RESULT: undefined
COMMAND: POST /session/cdd305857320dd590ea5bbf59a31d46e/execute/async - {"script":"<script> [776 bytes]","args":[{"enterText":"Gram","selector":{"id":"application-manageresources-display-component---newResourceUnit--WEIGHT_UNIT","interaction":{"idSuffix":"inner"}},"clearTextFirst":true,"interactionType":"ENTER_TEXT"}]}
RESULT: {"script":"<script> [776 bytes]","args":[{"enterText":"Gram","selector":{"id":"application-manageresources-display-component---newResourceUnit--WEIGHT_UNIT","interaction":{"idSuffix":"inner"}},"clearTextFirst":true,"interactionType":"ENTER_TEXT"}]}
COMMAND: POST /session/cdd305857320dd590ea5bbf59a31d46e/execute/async - {"script":"<script> [1562 bytes]","args":[{"selector":{"id":"application-manageresources-display-component---newResourceUnit--DIMENSION_UNIT","interaction":{"idSuffix":"inner"}},"wdio_ui5_key":"applicationmanageresources-display-component---newResourceUnit--DIMENSION_UNIT"}]}
RESULT: {"script":"<script> [1562 bytes]","args":[{"selector":{"id":"application-manageresources-display-component---newResourceUnit--DIMENSION_UNIT","interaction":{"idSuffix":"inner"}},"wdio_ui5_key":"applicationmanageresources-display-component---newResourceUnit--DIMENSION_UNIT"}]}
RESULT: undefined
COMMAND: POST /session/cdd305857320dd590ea5bbf59a31d46e/execute/async - {"script":"<script> [776 bytes]","args":[{"enterText":"Meter","selector":{"id":"application-manageresources-display-component---newResourceUnit--DIMENSION_UNIT","interaction":{"idSuffix":"inner"}},"clearTextFirst":true,"interactionType":"ENTER_TEXT"}]}
RESULT: {"script":"<script> [776 bytes]","args":[{"enterText":"Meter","selector":{"id":"application-manageresources-display-component---newResourceUnit--DIMENSION_UNIT","interaction":{"idSuffix":"inner"}},"clearTextFirst":true,"interactionType":"ENTER_TEXT"}]}
COMMAND: POST /session/cdd305857320dd590ea5bbf59a31d46e/execute/async - {"script":"<script> [1562 bytes]","args":[{"selector":{"id":"application-manageresources-display-component---newResourceUnit--newRRUPage-anchBar-application-manageresources-display-component---newResourceUnit--control-anchor","interaction":{"idSuffix":"BDI-content"}},"wdio_ui5_key":"applicationmanageresources-display-component---newResourceUnit--newRRUPage-anchBar-application-manageresources-display-component---newResourceUnit--control-anchor"}]}
RESULT: {"script":"<script> [1562 bytes]","args":[{"selector":{"id":"application-manageresources-display-component---newResourceUnit--newRRUPage-anchBar-application-manageresources-display-component---newResourceUnit--control-anchor","interaction":{"idSuffix":"BDI-content"}},"wdio_ui5_key":"applicationmanageresources-display-component---newResourceUnit--newRRUPage-anchBar-application-manageresources-display-component---newResourceUnit--control-anchor"}]}
RESULT: undefined
COMMAND: POST /session/cdd305857320dd590ea5bbf59a31d46e/element - {"using":"xpath","value":"//*[@id=\"application-manageresources-display-component---newResourceUnit--newRRUPage-anchBar-application-manageresources-display-component---newResourceUnit--control-anchor\"]"}
RESULT: {"using":"xpath","value":"//*[@id=\"application-manageresources-display-component---newResourceUnit--newRRUPage-anchBar-application-manageresources-display-component---newResourceUnit--control-anchor\"]"}
COMMAND: POST /session/cdd305857320dd590ea5bbf59a31d46e/element/f.492DEA3F6A95B07ADA96E928C4F8A0EF.d.6C174A8CEDB0C5F93F4619F2782A0EDD.e.3092/click - {}
RESULT: {}
COMMAND: POST /session/cdd305857320dd590ea5bbf59a31d46e/execute/async - {"script":"<script> [1562 bytes]","args":[{"selector":{"id":"application-manageresources-display-component---newResourceUnit--PLANNING_GROUP","interaction":{"idSuffix":"inner"}},"wdio_ui5_key":"applicationmanageresources-display-component---newResourceUnit--PLANNING_GROUP"}]}
COMMAND: GET /session/cdd305857320dd590ea5bbf59a31d46e/screenshot - {}
RESULT: {"script":"<script> [1562 bytes]","args":[{"selector":{"id":"application-manageresources-display-component---newResourceUnit--PLANNING_GROUP","interaction":{"idSuffix":"inner"}},"wdio_ui5_key":"applicationmanageresources-display-component---newResourceUnit--PLANNING_GROUP"}]}
RESULT: undefined
COMMAND: POST /session/cdd305857320dd590ea5bbf59a31d46e/execute/async - {"script":"<script> [776 bytes]","args":[{"enterText":"Material","selector":{"id":"application-manageresources-display-component---newResourceUnit--PLANNING_GROUP","interaction":{"idSuffix":"inner"}},"clearTextFirst":true,"interactionType":"ENTER_TEXT"}]}
RESULT: {}
RESULT: {"script":"<script> [776 bytes]","args":[{"enterText":"Material","selector":{"id":"application-manageresources-display-component---newResourceUnit--PLANNING_GROUP","interaction":{"idSuffix":"inner"}},"clearTextFirst":true,"interactionType":"ENTER_TEXT"}]}
COMMAND: POST /session/cdd305857320dd590ea5bbf59a31d46e/execute/async - {"script":"<script> [1562 bytes]","args":[{"selector":{"id":"application-manageresources-display-component---newResourceUnit--PLANNING_INDICATOR","interaction":{"idSuffix":"inner"}},"wdio_ui5_key":"applicationmanageresources-display-component---newResourceUnit--PLANNING_INDICATOR"}]}
RESULT: {"script":"<script> [1562 bytes]","args":[{"selector":{"id":"application-manageresources-display-component---newResourceUnit--PLANNING_INDICATOR","interaction":{"idSuffix":"inner"}},"wdio_ui5_key":"applicationmanageresources-display-component---newResourceUnit--PLANNING_INDICATOR"}]}
RESULT: undefined
COMMAND: POST /session/cdd305857320dd590ea5bbf59a31d46e/execute/async - {"script":"<script> [776 bytes]","args":[{"enterText":"10 - infinite","selector":{"id":"application-manageresources-display-component---newResourceUnit--PLANNING_INDICATOR","interaction":{"idSuffix":"inner"}},"clearTextFirst":true,"interactionType":"ENTER_TEXT"}]}
RESULT: {"script":"<script> [776 bytes]","args":[{"enterText":"10 - infinite","selector":{"id":"application-manageresources-display-component---newResourceUnit--PLANNING_INDICATOR","interaction":{"idSuffix":"inner"}},"clearTextFirst":true,"interactionType":"ENTER_TEXT"}]}
COMMAND: POST /session/cdd305857320dd590ea5bbf59a31d46e/element - {"using":"css selector","value":"#application-manageresources-display-component---newResourceUnit--btnAddTimeSegment"}
RESULT: {"using":"css selector","value":"#application-manageresources-display-component---newResourceUnit--btnAddTimeSegment"}
COMMAND: GET /session/cdd305857320dd590ea5bbf59a31d46e/element/f.492DEA3F6A95B07ADA96E928C4F8A0EF.d.6C174A8CEDB0C5F93F4619F2782A0EDD.e.3100/rect - {}
RESULT: {}
COMMAND: GET /session/cdd305857320dd590ea5bbf59a31d46e/window/rect - {}
RESULT: {}
COMMAND: POST /session/cdd305857320dd590ea5bbf59a31d46e/execute/sync - {"script":"<script> [92 bytes]","args":[]}
RESULT: {"script":"<script> [92 bytes]","args":[]}
COMMAND: POST /session/cdd305857320dd590ea5bbf59a31d46e/actions - {"actions":[{"id":"action6","type":"wheel","parameters":{},"actions":[{"type":"scroll","x":-1888,"y":-32,"deltaX":0,"deltaY":0,"duration":0,"origin":{"element-6066-11e4-a52e-4f735466cecf":"f.492DEA3F6A95B07ADA96E928C4F8A0EF.d.6C174A8CEDB0C5F93F4619F2782A0EDD.e.3100"}}]}]}
COMMAND: GET /session/cdd305857320dd590ea5bbf59a31d46e/screenshot - {}
RESULT: {}
COMMAND: POST /session/cdd305857320dd590ea5bbf59a31d46e/execute/sync - {"script":"<script> [79 bytes]","args":[{"element-6066-11e4-a52e-4f735466cecf":"f.492DEA3F6A95B07ADA96E928C4F8A0EF.d.6C174A8CEDB0C5F93F4619F2782A0EDD.e.3100","ELEMENT":"f.492DEA3F6A95B07ADA96E928C4F8A0EF.d.6C174A8CEDB0C5F93F4619F2782A0EDD.e.3100"},{"block":"start","inline":"nearest"}]}
RESULT: {"script":"<script> [79 bytes]","args":[{"element-6066-11e4-a52e-4f735466cecf":"f.492DEA3F6A95B07ADA96E928C4F8A0EF.d.6C174A8CEDB0C5F93F4619F2782A0EDD.e.3100","ELEMENT":"f.492DEA3F6A95B07ADA96E928C4F8A0EF.d.6C174A8CEDB0C5F93F4619F2782A0EDD.e.3100"},{"block":"start","inline":"nearest"}]}
COMMAND: POST /session/cdd305857320dd590ea5bbf59a31d46e/execute/async - {"script":"<script> [1562 bytes]","args":[{"selector":{"id":"application-manageresources-display-component---newResourceUnit--btnAddTimeSegment","interaction":{"idSuffix":"inner"}},"wdio_ui5_key":"applicationmanageresources-display-component---newResourceUnit--btnAddTimeSegment"}]}
COMMAND: GET /session/cdd305857320dd590ea5bbf59a31d46e/screenshot - {}
RESULT: {"script":"<script> [1562 bytes]","args":[{"selector":{"id":"application-manageresources-display-component---newResourceUnit--btnAddTimeSegment","interaction":{"idSuffix":"inner"}},"wdio_ui5_key":"applicationmanageresources-display-component---newResourceUnit--btnAddTimeSegment"}]}
RESULT: undefined
COMMAND: POST /session/cdd305857320dd590ea5bbf59a31d46e/element - {"using":"xpath","value":"//*[@id=\"application-manageresources-display-component---newResourceUnit--btnAddTimeSegment\"]"}
RESULT: {}
RESULT: {"using":"xpath","value":"//*[@id=\"application-manageresources-display-component---newResourceUnit--btnAddTimeSegment\"]"}
COMMAND: POST /session/cdd305857320dd590ea5bbf59a31d46e/element/f.492DEA3F6A95B07ADA96E928C4F8A0EF.d.6C174A8CEDB0C5F93F4619F2782A0EDD.e.3100/click - {}
RESULT: {}
COMMAND: GET /session/cdd305857320dd590ea5bbf59a31d46e/screenshot - {}
RESULT: {}
COMMAND: POST /session/cdd305857320dd590ea5bbf59a31d46e/element - {"using":"xpath","value":"//input[@id=\"application-manageresources-display-component---newResourceUnit--idRuTSAdmin-application-manageresources-display-component---newResourceUnit--RUTimeSegment-0-inner\"]"}
RESULT: {"using":"xpath","value":"//input[@id=\"application-manageresources-display-component---newResourceUnit--idRuTSAdmin-application-manageresources-display-component---newResourceUnit--RUTimeSegment-0-inner\"]"}
COMMAND: POST /session/cdd305857320dd590ea5bbf59a31d46e/element/f.492DEA3F6A95B07ADA96E928C4F8A0EF.d.6C174A8CEDB0C5F93F4619F2782A0EDD.e.3105/clear - {}
RESULT: {}
COMMAND: POST /session/cdd305857320dd590ea5bbf59a31d46e/element/f.492DEA3F6A95B07ADA96E928C4F8A0EF.d.6C174A8CEDB0C5F93F4619F2782A0EDD.e.3105/value - {"text":"388"}
COMMAND: GET /session/cdd305857320dd590ea5bbf59a31d46e/screenshot - {}
RESULT: {"text":"388"}
COMMAND: GET /session/cdd305857320dd590ea5bbf59a31d46e/screenshot - {}
RESULT: {}
RESULT: {}
COMMAND: POST /session/cdd305857320dd590ea5bbf59a31d46e/element - {"using":"xpath","value":"//li[.//span[text()='388']]"}
RESULT: {"using":"xpath","value":"//li[.//span[text()='388']]"}
COMMAND: POST /session/cdd305857320dd590ea5bbf59a31d46e/element/f.492DEA3F6A95B07ADA96E928C4F8A0EF.d.6C174A8CEDB0C5F93F4619F2782A0EDD.e.3114/click - {}
RESULT: {}
COMMAND: GET /session/cdd305857320dd590ea5bbf59a31d46e/screenshot - {}
RESULT: {}
COMMAND: POST /session/cdd305857320dd590ea5bbf59a31d46e/element - {"using":"xpath","value":"(//span[contains(@id, \"-application-manageresources-display-component---newResourceUnit--RUTimeSegment-0-arrow\")])[2]"}
RESULT: {"using":"xpath","value":"(//span[contains(@id, \"-application-manageresources-display-component---newResourceUnit--RUTimeSegment-0-arrow\")])[2]"}
COMMAND: POST /session/cdd305857320dd590ea5bbf59a31d46e/element/f.492DEA3F6A95B07ADA96E928C4F8A0EF.d.6C174A8CEDB0C5F93F4619F2782A0EDD.e.3115/click - {}
RESULT: {}
COMMAND: POST /session/cdd305857320dd590ea5bbf59a31d46e/element - {"using":"xpath","value":"//span[contains(text(), \"PM Order\")]"}
COMMAND: GET /session/cdd305857320dd590ea5bbf59a31d46e/screenshot - {}
RESULT: {"using":"xpath","value":"//span[contains(text(), \"PM Order\")]"}
COMMAND: POST /session/cdd305857320dd590ea5bbf59a31d46e/element/f.492DEA3F6A95B07ADA96E928C4F8A0EF.d.6C174A8CEDB0C5F93F4619F2782A0EDD.e.3116/click - {}
RESULT: {}
RESULT: {}
COMMAND: GET /session/cdd305857320dd590ea5bbf59a31d46e/screenshot - {}
RESULT: {}
COMMAND: POST /session/cdd305857320dd590ea5bbf59a31d46e/element - {"using":"xpath","value":"//td/div/div/div/span[contains(@id, \"newResourceUnit--RUTimeSegment-0-vhi\")][1]"}
RESULT: {"using":"xpath","value":"//td/div/div/div/span[contains(@id, \"newResourceUnit--RUTimeSegment-0-vhi\")][1]"}
COMMAND: GET /session/cdd305857320dd590ea5bbf59a31d46e/element/f.492DEA3F6A95B07ADA96E928C4F8A0EF.d.6C174A8CEDB0C5F93F4619F2782A0EDD.e.3120/rect - {}
RESULT: {}
COMMAND: GET /session/cdd305857320dd590ea5bbf59a31d46e/window/rect - {}
RESULT: {}
COMMAND: POST /session/cdd305857320dd590ea5bbf59a31d46e/execute/sync - {"script":"<script> [92 bytes]","args":[]}
RESULT: {"script":"<script> [92 bytes]","args":[]}
COMMAND: POST /session/cdd305857320dd590ea5bbf59a31d46e/actions - {"actions":[{"id":"action7","type":"wheel","parameters":{},"actions":[{"type":"scroll","x":-1888,"y":-24,"deltaX":0,"deltaY":0,"duration":0,"origin":{"element-6066-11e4-a52e-4f735466cecf":"f.492DEA3F6A95B07ADA96E928C4F8A0EF.d.6C174A8CEDB0C5F93F4619F2782A0EDD.e.3120"}}]}]}
COMMAND: GET /session/cdd305857320dd590ea5bbf59a31d46e/screenshot - {}
RESULT: {}
COMMAND: POST /session/cdd305857320dd590ea5bbf59a31d46e/execute/sync - {"script":"<script> [79 bytes]","args":[{"element-6066-11e4-a52e-4f735466cecf":"f.492DEA3F6A95B07ADA96E928C4F8A0EF.d.6C174A8CEDB0C5F93F4619F2782A0EDD.e.3120","ELEMENT":"f.492DEA3F6A95B07ADA96E928C4F8A0EF.d.6C174A8CEDB0C5F93F4619F2782A0EDD.e.3120"},{"block":"start","inline":"nearest"}]}
RESULT: {"script":"<script> [79 bytes]","args":[{"element-6066-11e4-a52e-4f735466cecf":"f.492DEA3F6A95B07ADA96E928C4F8A0EF.d.6C174A8CEDB0C5F93F4619F2782A0EDD.e.3120","ELEMENT":"f.492DEA3F6A95B07ADA96E928C4F8A0EF.d.6C174A8CEDB0C5F93F4619F2782A0EDD.e.3120"},{"block":"start","inline":"nearest"}]}
COMMAND: GET /session/cdd305857320dd590ea5bbf59a31d46e/screenshot - {}
RESULT: {}
COMMAND: POST /session/cdd305857320dd590ea5bbf59a31d46e/element/f.492DEA3F6A95B07ADA96E928C4F8A0EF.d.6C174A8CEDB0C5F93F4619F2782A0EDD.e.3120/click - {}
RESULT: {}
COMMAND: GET /session/cdd305857320dd590ea5bbf59a31d46e/screenshot - {}
RESULT: {}
RESULT: undefined
COMMAND: POST /session/cdd305857320dd590ea5bbf59a31d46e/execute/async - {"script":"<script> [776 bytes]","args":[{"enterText":"4000360","selector":{"controlType":"sap.m.SearchField","properties":{"placeholder":"Search"},"searchOpenDialogs":true,"interaction":{"idSuffix":"I"}},"clearTextFirst":true,"interactionType":"ENTER_TEXT"}]}
RESULT: {"script":"<script> [776 bytes]","args":[{"enterText":"4000360","selector":{"controlType":"sap.m.SearchField","properties":{"placeholder":"Search"},"searchOpenDialogs":true,"interaction":{"idSuffix":"I"}},"clearTextFirst":true,"interactionType":"ENTER_TEXT"}]}
COMMAND: POST /session/cdd305857320dd590ea5bbf59a31d46e/actions - {"actions":[{"id":"action8","type":"key","parameters":{},"actions":[{"type":"keyDown","value":""},{"type":"pause","duration":10},{"type":"keyUp","value":""}]}]}
RESULT: {"actions":[{"id":"action8","type":"key","parameters":{},"actions":[{"type":"keyDown","value":""},{"type":"pause","duration":10},{"type":"keyUp","value":""}]}]}
COMMAND: GET /session/cdd305857320dd590ea5bbf59a31d46e/screenshot - {}
RESULT: {}
COMMAND: POST /session/cdd305857320dd590ea5bbf59a31d46e/element - {"using":"xpath","value":"//td/div/span[contains(text(), \"BGL Vehicles\")]"}
RESULT: {"using":"xpath","value":"//td/div/span[contains(text(), \"BGL Vehicles\")]"}
COMMAND: POST /session/cdd305857320dd590ea5bbf59a31d46e/element/f.492DEA3F6A95B07ADA96E928C4F8A0EF.d.6C174A8CEDB0C5F93F4619F2782A0EDD.e.3139/click - {}
RESULT: {}
COMMAND: GET /session/cdd305857320dd590ea5bbf59a31d46e/screenshot - {}
RESULT: {}
COMMAND: POST /session/cdd305857320dd590ea5bbf59a31d46e/element - {"using":"xpath","value":"//bdi[contains(text(), \"OK\")]"}
RESULT: {"using":"xpath","value":"//bdi[contains(text(), \"OK\")]"}
COMMAND: POST /session/cdd305857320dd590ea5bbf59a31d46e/element/f.492DEA3F6A95B07ADA96E928C4F8A0EF.d.6C174A8CEDB0C5F93F4619F2782A0EDD.e.3140/click - {}
RESULT: {}
COMMAND: GET /session/cdd305857320dd590ea5bbf59a31d46e/screenshot - {}
RESULT: {}
COMMAND: POST /session/cdd305857320dd590ea5bbf59a31d46e/element - {"using":"xpath","value":"//label[contains(@class, 'sapMLabelRequired') and .//bdi[contains(text(), 'Planned Retirement')]]"}
RESULT: {"using":"xpath","value":"//label[contains(@class, 'sapMLabelRequired') and .//bdi[contains(text(), 'Planned Retirement')]]"}
COMMAND: POST /session/cdd305857320dd590ea5bbf59a31d46e/elements - {"using":"xpath","value":"//label[contains(@class, 'sapMLabelRequired') and .//bdi[contains(text(), 'Planned Retirement')]]"}
RESULT: {"using":"xpath","value":"//label[contains(@class, 'sapMLabelRequired') and .//bdi[contains(text(), 'Planned Retirement')]]"}
COMMAND: POST /session/cdd305857320dd590ea5bbf59a31d46e/element - {"using":"xpath","value":"//button[@data-kt=\"resourceUnitSaveButton\"]"}
RESULT: {"using":"xpath","value":"//button[@data-kt=\"resourceUnitSaveButton\"]"}
COMMAND: POST /session/cdd305857320dd590ea5bbf59a31d46e/element/f.492DEA3F6A95B07ADA96E928C4F8A0EF.d.6C174A8CEDB0C5F93F4619F2782A0EDD.e.2979/click - {}
RESULT: {}
COMMAND: GET /session/cdd305857320dd590ea5bbf59a31d46e/screenshot - {}
RESULT: {}
COMMAND: POST /session/cdd305857320dd590ea5bbf59a31d46e/element - {"using":"xpath","value":"//bdi[contains(text(), \"Close\")]"}
RESULT: {"using":"xpath","value":"//bdi[contains(text(), \"Close\")]"}
COMMAND: POST /session/cdd305857320dd590ea5bbf59a31d46e/element/f.492DEA3F6A95B07ADA96E928C4F8A0EF.d.6C174A8CEDB0C5F93F4619F2782A0EDD.e.3146/click - {}
RESULT: {}
COMMAND: GET /session/cdd305857320dd590ea5bbf59a31d46e/screenshot - {}
RESULT: {}
COMMAND: POST /session/cdd305857320dd590ea5bbf59a31d46e/element - {"using":"xpath","value":"//header[contains(@id, 'detailRruPage-headerTitle')]/div[1]/div[2]/div[2]/span[1]"}
RESULT: {"using":"xpath","value":"//header[contains(@id, 'detailRruPage-headerTitle')]/div[1]/div[2]/div[2]/span[1]"}
COMMAND: POST /session/cdd305857320dd590ea5bbf59a31d46e/elements - {"using":"xpath","value":"//header[contains(@id, 'detailRruPage-headerTitle')]/div[1]/div[2]/div[2]/span[1]"}
RESULT: {"using":"xpath","value":"//header[contains(@id, 'detailRruPage-headerTitle')]/div[1]/div[2]/div[2]/span[1]"}
COMMAND: POST /session/cdd305857320dd590ea5bbf59a31d46e/execute/sync - {"script":"<script> [56 bytes]","args":[{"element-6066-11e4-a52e-4f735466cecf":"f.492DEA3F6A95B07ADA96E928C4F8A0EF.d.6C174A8CEDB0C5F93F4619F2782A0EDD.e.3181","ELEMENT":"f.492DEA3F6A95B07ADA96E928C4F8A0EF.d.6C174A8CEDB0C5F93F4619F2782A0EDD.e.3181"}]}
RESULT: {"script":"<script> [56 bytes]","args":[{"element-6066-11e4-a52e-4f735466cecf":"f.492DEA3F6A95B07ADA96E928C4F8A0EF.d.6C174A8CEDB0C5F93F4619F2782A0EDD.e.3181","ELEMENT":"f.492DEA3F6A95B07ADA96E928C4F8A0EF.d.6C174A8CEDB0C5F93F4619F2782A0EDD.e.3181"}]}
COMMAND: POST /session/cdd305857320dd590ea5bbf59a31d46e/element - {"using":"css selector","value":"#shell-header-logo"}
COMMAND: GET /session/cdd305857320dd590ea5bbf59a31d46e/screenshot - {}
RESULT: {"using":"css selector","value":"#shell-header-logo"}
COMMAND: POST /session/cdd305857320dd590ea5bbf59a31d46e/element/f.492DEA3F6A95B07ADA96E928C4F8A0EF.d.6C174A8CEDB0C5F93F4619F2782A0EDD.e.2579/click - {}
RESULT: {}
RESULT: {}
COMMAND: GET /session/cdd305857320dd590ea5bbf59a31d46e/screenshot - {}
RESULT: {}
]]></system-out>
    </testcase>
    <testcase classname="chrome.136_0_7103_93.windows.Stock_increase_-_with_WHM_US125587" name="Bin Status Report Should Create New Organization yard" time="85.037">
      <system-out><![CDATA[
COMMAND: POST /session/cdd305857320dd590ea5bbf59a31d46e/execute/async - {"script":"<script> [1562 bytes]","args":[{"selector":{"controlType":"sap.m.GenericTile","properties":{"header":"Bin Status Report"}},"wdio_ui5_key":"sapm.GenericTile{\"header\":\"Bin Status Report\"}"}]}
RESULT: {"script":"<script> [1562 bytes]","args":[{"selector":{"controlType":"sap.m.GenericTile","properties":{"header":"Bin Status Report"}},"wdio_ui5_key":"sapm.GenericTile{\"header\":\"Bin Status Report\"}"}]}
RESULT: undefined
COMMAND: POST /session/cdd305857320dd590ea5bbf59a31d46e/element - {"using":"xpath","value":"//*[@id=\"__tile104\"]"}
RESULT: {"using":"xpath","value":"//*[@id=\"__tile104\"]"}
COMMAND: POST /session/cdd305857320dd590ea5bbf59a31d46e/element/f.492DEA3F6A95B07ADA96E928C4F8A0EF.d.6C174A8CEDB0C5F93F4619F2782A0EDD.e.3183/click - {}
RESULT: {}
COMMAND: GET /session/cdd305857320dd590ea5bbf59a31d46e/screenshot - {}
RESULT: {}
COMMAND: POST /session/cdd305857320dd590ea5bbf59a31d46e/elements - {"using":"xpath","value":"//span[text()='Error']"}
RESULT: {"using":"xpath","value":"//span[text()='Error']"}
COMMAND: POST /session/cdd305857320dd590ea5bbf59a31d46e/element - {"using":"xpath","value":"//button[@id=\"application-binstatusreport-display-component---warehousing--createOrgBtn\"]"}
RESULT: {"using":"xpath","value":"//button[@id=\"application-binstatusreport-display-component---warehousing--createOrgBtn\"]"}
COMMAND: POST /session/cdd305857320dd590ea5bbf59a31d46e/elements - {"using":"xpath","value":"//button[@id=\"application-binstatusreport-display-component---warehousing--createOrgBtn\"]"}
RESULT: {"using":"xpath","value":"//button[@id=\"application-binstatusreport-display-component---warehousing--createOrgBtn\"]"}
COMMAND: POST /session/cdd305857320dd590ea5bbf59a31d46e/execute/sync - {"script":"<script> [8489 bytes]","args":[{"element-6066-11e4-a52e-4f735466cecf":"f.492DEA3F6A95B07ADA96E928C4F8A0EF.d.6C174A8CEDB0C5F93F4619F2782A0EDD.e.3241","ELEMENT":"f.492DEA3F6A95B07ADA96E928C4F8A0EF.d.6C174A8CEDB0C5F93F4619F2782A0EDD.e.3241"}]}
RESULT: {"script":"<script> [8489 bytes]","args":[{"element-6066-11e4-a52e-4f735466cecf":"f.492DEA3F6A95B07ADA96E928C4F8A0EF.d.6C174A8CEDB0C5F93F4619F2782A0EDD.e.3241","ELEMENT":"f.492DEA3F6A95B07ADA96E928C4F8A0EF.d.6C174A8CEDB0C5F93F4619F2782A0EDD.e.3241"}]}
COMMAND: GET /session/cdd305857320dd590ea5bbf59a31d46e/element/f.492DEA3F6A95B07ADA96E928C4F8A0EF.d.6C174A8CEDB0C5F93F4619F2782A0EDD.e.3241/enabled - {}
COMMAND: GET /session/cdd305857320dd590ea5bbf59a31d46e/screenshot - {}
RESULT: {}
COMMAND: POST /session/cdd305857320dd590ea5bbf59a31d46e/execute/sync - {"script":"<script> [8489 bytes]","args":[{"element-6066-11e4-a52e-4f735466cecf":"f.492DEA3F6A95B07ADA96E928C4F8A0EF.d.6C174A8CEDB0C5F93F4619F2782A0EDD.e.3241","ELEMENT":"f.492DEA3F6A95B07ADA96E928C4F8A0EF.d.6C174A8CEDB0C5F93F4619F2782A0EDD.e.3241"}]}
COMMAND: GET /session/cdd305857320dd590ea5bbf59a31d46e/screenshot - {}
RESULT: {}
RESULT: {"script":"<script> [8489 bytes]","args":[{"element-6066-11e4-a52e-4f735466cecf":"f.492DEA3F6A95B07ADA96E928C4F8A0EF.d.6C174A8CEDB0C5F93F4619F2782A0EDD.e.3241","ELEMENT":"f.492DEA3F6A95B07ADA96E928C4F8A0EF.d.6C174A8CEDB0C5F93F4619F2782A0EDD.e.3241"}]}
COMMAND: POST /session/cdd305857320dd590ea5bbf59a31d46e/execute/sync - {"script":"<script> [5351 bytes]","args":[{"element-6066-11e4-a52e-4f735466cecf":"f.492DEA3F6A95B07ADA96E928C4F8A0EF.d.6C174A8CEDB0C5F93F4619F2782A0EDD.e.3241","ELEMENT":"f.492DEA3F6A95B07ADA96E928C4F8A0EF.d.6C174A8CEDB0C5F93F4619F2782A0EDD.e.3241"}]}
COMMAND: GET /session/cdd305857320dd590ea5bbf59a31d46e/screenshot - {}
RESULT: {}
RESULT: {"script":"<script> [5351 bytes]","args":[{"element-6066-11e4-a52e-4f735466cecf":"f.492DEA3F6A95B07ADA96E928C4F8A0EF.d.6C174A8CEDB0C5F93F4619F2782A0EDD.e.3241","ELEMENT":"f.492DEA3F6A95B07ADA96E928C4F8A0EF.d.6C174A8CEDB0C5F93F4619F2782A0EDD.e.3241"}]}
COMMAND: GET /session/cdd305857320dd590ea5bbf59a31d46e/screenshot - {}
RESULT: {}
RESULT: {}
COMMAND: POST /session/cdd305857320dd590ea5bbf59a31d46e/element/f.492DEA3F6A95B07ADA96E928C4F8A0EF.d.6C174A8CEDB0C5F93F4619F2782A0EDD.e.3241/click - {}
RESULT: {}
COMMAND: GET /session/cdd305857320dd590ea5bbf59a31d46e/screenshot - {}
RESULT: {}
COMMAND: POST /session/cdd305857320dd590ea5bbf59a31d46e/execute/async - {"script":"<script> [1562 bytes]","args":[{"selector":{"id":"createOrganizationPop--sectionInput","searchOpenDialogs":true,"interaction":{"idSuffix":"inner"}},"wdio_ui5_key":"createOrganizationPopsectionInput"}]}
RESULT: {"script":"<script> [1562 bytes]","args":[{"selector":{"id":"createOrganizationPop--sectionInput","searchOpenDialogs":true,"interaction":{"idSuffix":"inner"}},"wdio_ui5_key":"createOrganizationPopsectionInput"}]}
RESULT: undefined
COMMAND: POST /session/cdd305857320dd590ea5bbf59a31d46e/execute/async - {"script":"<script> [776 bytes]","args":[{"enterText":"WDIO-388","selector":{"id":"createOrganizationPop--sectionInput","searchOpenDialogs":true,"interaction":{"idSuffix":"inner"}},"clearTextFirst":true,"interactionType":"ENTER_TEXT"}]}
RESULT: {"script":"<script> [776 bytes]","args":[{"enterText":"WDIO-388","selector":{"id":"createOrganizationPop--sectionInput","searchOpenDialogs":true,"interaction":{"idSuffix":"inner"}},"clearTextFirst":true,"interactionType":"ENTER_TEXT"}]}
COMMAND: POST /session/cdd305857320dd590ea5bbf59a31d46e/execute/async - {"script":"<script> [1562 bytes]","args":[{"selector":{"id":"createOrganizationPop--descriptionInput","searchOpenDialogs":true,"interaction":{"idSuffix":"inner"}},"wdio_ui5_key":"createOrganizationPopdescriptionInput"}]}
RESULT: {"script":"<script> [1562 bytes]","args":[{"selector":{"id":"createOrganizationPop--descriptionInput","searchOpenDialogs":true,"interaction":{"idSuffix":"inner"}},"wdio_ui5_key":"createOrganizationPopdescriptionInput"}]}
RESULT: undefined
COMMAND: POST /session/cdd305857320dd590ea5bbf59a31d46e/execute/async - {"script":"<script> [776 bytes]","args":[{"enterText":"Shipping-388","selector":{"id":"createOrganizationPop--descriptionInput","searchOpenDialogs":true,"interaction":{"idSuffix":"inner"}},"clearTextFirst":true,"interactionType":"ENTER_TEXT"}]}
RESULT: {"script":"<script> [776 bytes]","args":[{"enterText":"Shipping-388","selector":{"id":"createOrganizationPop--descriptionInput","searchOpenDialogs":true,"interaction":{"idSuffix":"inner"}},"clearTextFirst":true,"interactionType":"ENTER_TEXT"}]}
COMMAND: POST /session/cdd305857320dd590ea5bbf59a31d46e/element - {"using":"css selector","value":"#createOrganizationPop--yardOrg-inner"}
RESULT: {"using":"css selector","value":"#createOrganizationPop--yardOrg-inner"}
COMMAND: POST /session/cdd305857320dd590ea5bbf59a31d46e/element/f.492DEA3F6A95B07ADA96E928C4F8A0EF.d.6C174A8CEDB0C5F93F4619F2782A0EDD.e.3277/clear - {}
RESULT: {}
COMMAND: POST /session/cdd305857320dd590ea5bbf59a31d46e/element/f.492DEA3F6A95B07ADA96E928C4F8A0EF.d.6C174A8CEDB0C5F93F4619F2782A0EDD.e.3277/value - {"text":"388"}
COMMAND: GET /session/cdd305857320dd590ea5bbf59a31d46e/screenshot - {}
RESULT: {"text":"388"}
COMMAND: GET /session/cdd305857320dd590ea5bbf59a31d46e/screenshot - {}
RESULT: {}
RESULT: {}
COMMAND: POST /session/cdd305857320dd590ea5bbf59a31d46e/actions - {"actions":[{"id":"action9","type":"key","parameters":{},"actions":[{"type":"keyDown","value":""},{"type":"pause","duration":10},{"type":"keyUp","value":""}]}]}
RESULT: {"actions":[{"id":"action9","type":"key","parameters":{},"actions":[{"type":"keyDown","value":""},{"type":"pause","duration":10},{"type":"keyUp","value":""}]}]}
COMMAND: POST /session/cdd305857320dd590ea5bbf59a31d46e/execute/async - {"script":"<script> [1562 bytes]","args":[{"selector":{"id":"createOrganizationPop--grZone","searchOpenDialogs":true,"interaction":{"idSuffix":"CbBg"}},"wdio_ui5_key":"createOrganizationPopgrZone"}]}
COMMAND: GET /session/cdd305857320dd590ea5bbf59a31d46e/screenshot - {}
RESULT: {"script":"<script> [1562 bytes]","args":[{"selector":{"id":"createOrganizationPop--grZone","searchOpenDialogs":true,"interaction":{"idSuffix":"CbBg"}},"wdio_ui5_key":"createOrganizationPopgrZone"}]}
RESULT: undefined
COMMAND: POST /session/cdd305857320dd590ea5bbf59a31d46e/element - {"using":"xpath","value":"//*[@id=\"createOrganizationPop--grZone\"]"}
RESULT: {}
RESULT: {"using":"xpath","value":"//*[@id=\"createOrganizationPop--grZone\"]"}
COMMAND: POST /session/cdd305857320dd590ea5bbf59a31d46e/element/f.492DEA3F6A95B07ADA96E928C4F8A0EF.d.6C174A8CEDB0C5F93F4619F2782A0EDD.e.3299/click - {}
RESULT: {}
COMMAND: GET /session/cdd305857320dd590ea5bbf59a31d46e/screenshot - {}
RESULT: {}
COMMAND: POST /session/cdd305857320dd590ea5bbf59a31d46e/execute/async - {"script":"<script> [1562 bytes]","args":[{"selector":{"id":"createOrganizationPop--giZone","searchOpenDialogs":true,"interaction":{"idSuffix":"CbBg"}},"wdio_ui5_key":"createOrganizationPopgiZone"}]}
RESULT: {"script":"<script> [1562 bytes]","args":[{"selector":{"id":"createOrganizationPop--giZone","searchOpenDialogs":true,"interaction":{"idSuffix":"CbBg"}},"wdio_ui5_key":"createOrganizationPopgiZone"}]}
RESULT: undefined
COMMAND: POST /session/cdd305857320dd590ea5bbf59a31d46e/element - {"using":"xpath","value":"//*[@id=\"createOrganizationPop--giZone\"]"}
RESULT: {"using":"xpath","value":"//*[@id=\"createOrganizationPop--giZone\"]"}
COMMAND: POST /session/cdd305857320dd590ea5bbf59a31d46e/element/f.492DEA3F6A95B07ADA96E928C4F8A0EF.d.6C174A8CEDB0C5F93F4619F2782A0EDD.e.3301/click - {}
RESULT: {}
COMMAND: GET /session/cdd305857320dd590ea5bbf59a31d46e/screenshot - {}
RESULT: {}
COMMAND: POST /session/cdd305857320dd590ea5bbf59a31d46e/execute/async - {"script":"<script> [1562 bytes]","args":[{"selector":{"id":"createOrganizationPop--binNoInput","searchOpenDialogs":true,"interaction":{"idSuffix":"inner"}},"wdio_ui5_key":"createOrganizationPopbinNoInput"}]}
RESULT: {"script":"<script> [1562 bytes]","args":[{"selector":{"id":"createOrganizationPop--binNoInput","searchOpenDialogs":true,"interaction":{"idSuffix":"inner"}},"wdio_ui5_key":"createOrganizationPopbinNoInput"}]}
RESULT: undefined
COMMAND: POST /session/cdd305857320dd590ea5bbf59a31d46e/execute/async - {"script":"<script> [776 bytes]","args":[{"enterText":"Bin-Wd","selector":{"id":"createOrganizationPop--binNoInput","searchOpenDialogs":true,"interaction":{"idSuffix":"inner"}},"clearTextFirst":true,"interactionType":"ENTER_TEXT"}]}
RESULT: {"script":"<script> [776 bytes]","args":[{"enterText":"Bin-Wd","selector":{"id":"createOrganizationPop--binNoInput","searchOpenDialogs":true,"interaction":{"idSuffix":"inner"}},"clearTextFirst":true,"interactionType":"ENTER_TEXT"}]}
COMMAND: POST /session/cdd305857320dd590ea5bbf59a31d46e/execute/async - {"script":"<script> [1562 bytes]","args":[{"selector":{"id":"createOrganizationPop--descriptionId","searchOpenDialogs":true,"interaction":{"idSuffix":"inner"}},"wdio_ui5_key":"createOrganizationPopdescriptionId"}]}
RESULT: {"script":"<script> [1562 bytes]","args":[{"selector":{"id":"createOrganizationPop--descriptionId","searchOpenDialogs":true,"interaction":{"idSuffix":"inner"}},"wdio_ui5_key":"createOrganizationPopdescriptionId"}]}
RESULT: undefined
COMMAND: POST /session/cdd305857320dd590ea5bbf59a31d46e/execute/async - {"script":"<script> [776 bytes]","args":[{"enterText":"Shipping-Wd","selector":{"id":"createOrganizationPop--descriptionId","searchOpenDialogs":true,"interaction":{"idSuffix":"inner"}},"clearTextFirst":true,"interactionType":"ENTER_TEXT"}]}
RESULT: {"script":"<script> [776 bytes]","args":[{"enterText":"Shipping-Wd","selector":{"id":"createOrganizationPop--descriptionId","searchOpenDialogs":true,"interaction":{"idSuffix":"inner"}},"clearTextFirst":true,"interactionType":"ENTER_TEXT"}]}
COMMAND: POST /session/cdd305857320dd590ea5bbf59a31d46e/execute/async - {"script":"<script> [1562 bytes]","args":[{"selector":{"controlType":"sap.m.CheckBox","viewName":"etm.portal.ui.binstatusreport.view.MasterWareBins","viewId":"application-binstatusreport-display-component---warehousing","bindingPath":{"path":"","propertyPath":"/ZONE","modelName":"newBin"},"searchOpenDialogs":true,"interaction":{"idSuffix":"CbBg"}},"wdio_ui5_key":"etmportal.ui.binstatusreport.view.MasterWareBinssap.m.CheckBox{\"path\":\"\",\"propertyPath\":\"/ZONE\",\"modelName\":\"newBin\"}"}]}
RESULT: {"script":"<script> [1562 bytes]","args":[{"selector":{"controlType":"sap.m.CheckBox","viewName":"etm.portal.ui.binstatusreport.view.MasterWareBins","viewId":"application-binstatusreport-display-component---warehousing","bindingPath":{"path":"","propertyPath":"/ZONE","modelName":"newBin"},"searchOpenDialogs":true,"interaction":{"idSuffix":"CbBg"}},"wdio_ui5_key":"etmportal.ui.binstatusreport.view.MasterWareBinssap.m.CheckBox{\"path\":\"\",\"propertyPath\":\"/ZONE\",\"modelName\":\"newBin\"}"}]}
RESULT: undefined
COMMAND: POST /session/cdd305857320dd590ea5bbf59a31d46e/element - {"using":"xpath","value":"//*[@id=\"__box56\"]"}
RESULT: {"using":"xpath","value":"//*[@id=\"__box56\"]"}
COMMAND: POST /session/cdd305857320dd590ea5bbf59a31d46e/element/f.492DEA3F6A95B07ADA96E928C4F8A0EF.d.6C174A8CEDB0C5F93F4619F2782A0EDD.e.3324/click - {}
RESULT: {}
COMMAND: GET /session/cdd305857320dd590ea5bbf59a31d46e/screenshot - {}
RESULT: {}
COMMAND: POST /session/cdd305857320dd590ea5bbf59a31d46e/execute/async - {"script":"<script> [1562 bytes]","args":[{"selector":{"id":"createOrganizationPop--binTypesCB","searchOpenDialogs":true,"interaction":{"idSuffix":"inner"}},"wdio_ui5_key":"createOrganizationPopbinTypesCB"}]}
RESULT: {"script":"<script> [1562 bytes]","args":[{"selector":{"id":"createOrganizationPop--binTypesCB","searchOpenDialogs":true,"interaction":{"idSuffix":"inner"}},"wdio_ui5_key":"createOrganizationPopbinTypesCB"}]}
RESULT: undefined
COMMAND: POST /session/cdd305857320dd590ea5bbf59a31d46e/execute/async - {"script":"<script> [776 bytes]","args":[{"enterText":"1 - General / No capacity check","selector":{"id":"createOrganizationPop--binTypesCB","searchOpenDialogs":true,"interaction":{"idSuffix":"inner"}},"clearTextFirst":true,"interactionType":"ENTER_TEXT"}]}
RESULT: {"script":"<script> [776 bytes]","args":[{"enterText":"1 - General / No capacity check","selector":{"id":"createOrganizationPop--binTypesCB","searchOpenDialogs":true,"interaction":{"idSuffix":"inner"}},"clearTextFirst":true,"interactionType":"ENTER_TEXT"}]}
COMMAND: POST /session/cdd305857320dd590ea5bbf59a31d46e/actions - {"actions":[{"id":"action10","type":"key","parameters":{},"actions":[{"type":"keyDown","value":""},{"type":"pause","duration":10},{"type":"keyUp","value":""}]}]}
RESULT: {"actions":[{"id":"action10","type":"key","parameters":{},"actions":[{"type":"keyDown","value":""},{"type":"pause","duration":10},{"type":"keyUp","value":""}]}]}
COMMAND: GET /session/cdd305857320dd590ea5bbf59a31d46e/screenshot - {}
RESULT: {}
COMMAND: POST /session/cdd305857320dd590ea5bbf59a31d46e/execute/async - {"script":"<script> [1562 bytes]","args":[{"selector":{"id":"createOrganizationPop--finishBtn","searchOpenDialogs":true,"interaction":{"idSuffix":"BDI-content"}},"wdio_ui5_key":"createOrganizationPopfinishBtn"}]}
RESULT: {"script":"<script> [1562 bytes]","args":[{"selector":{"id":"createOrganizationPop--finishBtn","searchOpenDialogs":true,"interaction":{"idSuffix":"BDI-content"}},"wdio_ui5_key":"createOrganizationPopfinishBtn"}]}
RESULT: undefined
COMMAND: POST /session/cdd305857320dd590ea5bbf59a31d46e/element - {"using":"xpath","value":"//*[@id=\"createOrganizationPop--finishBtn\"]"}
RESULT: {"using":"xpath","value":"//*[@id=\"createOrganizationPop--finishBtn\"]"}
COMMAND: POST /session/cdd305857320dd590ea5bbf59a31d46e/element/f.492DEA3F6A95B07ADA96E928C4F8A0EF.d.6C174A8CEDB0C5F93F4619F2782A0EDD.e.3335/click - {}
RESULT: {}
COMMAND: GET /session/cdd305857320dd590ea5bbf59a31d46e/screenshot - {}
RESULT: {}
COMMAND: POST /session/cdd305857320dd590ea5bbf59a31d46e/element - {"using":"css selector","value":"#shell-header-logo"}
RESULT: {"using":"css selector","value":"#shell-header-logo"}
COMMAND: POST /session/cdd305857320dd590ea5bbf59a31d46e/element/f.492DEA3F6A95B07ADA96E928C4F8A0EF.d.6C174A8CEDB0C5F93F4619F2782A0EDD.e.3190/click - {}
RESULT: {}
COMMAND: GET /session/cdd305857320dd590ea5bbf59a31d46e/screenshot - {}
RESULT: {}
]]></system-out>
    </testcase>
    <testcase classname="chrome.136_0_7103_93.windows.Stock_increase_-_with_WHM_US125587" name="Bin Status Report Should Create New Organization for Site" time="78.707">
      <system-out><![CDATA[
RESULT: undefined
COMMAND: POST /session/cdd305857320dd590ea5bbf59a31d46e/element - {"using":"xpath","value":"//*[@id=\"__tile104\"]"}
RESULT: {"using":"xpath","value":"//*[@id=\"__tile104\"]"}
COMMAND: POST /session/cdd305857320dd590ea5bbf59a31d46e/element/f.492DEA3F6A95B07ADA96E928C4F8A0EF.d.6C174A8CEDB0C5F93F4619F2782A0EDD.e.3183/click - {}
RESULT: {}
COMMAND: GET /session/cdd305857320dd590ea5bbf59a31d46e/screenshot - {}
RESULT: {}
COMMAND: POST /session/cdd305857320dd590ea5bbf59a31d46e/elements - {"using":"xpath","value":"//span[text()='Error']"}
RESULT: {"using":"xpath","value":"//span[text()='Error']"}
COMMAND: POST /session/cdd305857320dd590ea5bbf59a31d46e/element - {"using":"xpath","value":"//button[@id=\"application-binstatusreport-display-component---warehousing--createOrgBtn\"]"}
RESULT: {"using":"xpath","value":"//button[@id=\"application-binstatusreport-display-component---warehousing--createOrgBtn\"]"}
COMMAND: POST /session/cdd305857320dd590ea5bbf59a31d46e/elements - {"using":"xpath","value":"//button[@id=\"application-binstatusreport-display-component---warehousing--createOrgBtn\"]"}
RESULT: {"using":"xpath","value":"//button[@id=\"application-binstatusreport-display-component---warehousing--createOrgBtn\"]"}
COMMAND: POST /session/cdd305857320dd590ea5bbf59a31d46e/execute/sync - {"script":"<script> [8489 bytes]","args":[{"element-6066-11e4-a52e-4f735466cecf":"f.492DEA3F6A95B07ADA96E928C4F8A0EF.d.6C174A8CEDB0C5F93F4619F2782A0EDD.e.3394","ELEMENT":"f.492DEA3F6A95B07ADA96E928C4F8A0EF.d.6C174A8CEDB0C5F93F4619F2782A0EDD.e.3394"}]}
RESULT: {"script":"<script> [8489 bytes]","args":[{"element-6066-11e4-a52e-4f735466cecf":"f.492DEA3F6A95B07ADA96E928C4F8A0EF.d.6C174A8CEDB0C5F93F4619F2782A0EDD.e.3394","ELEMENT":"f.492DEA3F6A95B07ADA96E928C4F8A0EF.d.6C174A8CEDB0C5F93F4619F2782A0EDD.e.3394"}]}
COMMAND: GET /session/cdd305857320dd590ea5bbf59a31d46e/element/f.492DEA3F6A95B07ADA96E928C4F8A0EF.d.6C174A8CEDB0C5F93F4619F2782A0EDD.e.3394/enabled - {}
COMMAND: GET /session/cdd305857320dd590ea5bbf59a31d46e/screenshot - {}
RESULT: {}
COMMAND: POST /session/cdd305857320dd590ea5bbf59a31d46e/execute/sync - {"script":"<script> [8489 bytes]","args":[{"element-6066-11e4-a52e-4f735466cecf":"f.492DEA3F6A95B07ADA96E928C4F8A0EF.d.6C174A8CEDB0C5F93F4619F2782A0EDD.e.3394","ELEMENT":"f.492DEA3F6A95B07ADA96E928C4F8A0EF.d.6C174A8CEDB0C5F93F4619F2782A0EDD.e.3394"}]}
COMMAND: GET /session/cdd305857320dd590ea5bbf59a31d46e/screenshot - {}
RESULT: {}
RESULT: {"script":"<script> [8489 bytes]","args":[{"element-6066-11e4-a52e-4f735466cecf":"f.492DEA3F6A95B07ADA96E928C4F8A0EF.d.6C174A8CEDB0C5F93F4619F2782A0EDD.e.3394","ELEMENT":"f.492DEA3F6A95B07ADA96E928C4F8A0EF.d.6C174A8CEDB0C5F93F4619F2782A0EDD.e.3394"}]}
COMMAND: POST /session/cdd305857320dd590ea5bbf59a31d46e/execute/sync - {"script":"<script> [5351 bytes]","args":[{"element-6066-11e4-a52e-4f735466cecf":"f.492DEA3F6A95B07ADA96E928C4F8A0EF.d.6C174A8CEDB0C5F93F4619F2782A0EDD.e.3394","ELEMENT":"f.492DEA3F6A95B07ADA96E928C4F8A0EF.d.6C174A8CEDB0C5F93F4619F2782A0EDD.e.3394"}]}
COMMAND: GET /session/cdd305857320dd590ea5bbf59a31d46e/screenshot - {}
RESULT: {}
RESULT: {"script":"<script> [5351 bytes]","args":[{"element-6066-11e4-a52e-4f735466cecf":"f.492DEA3F6A95B07ADA96E928C4F8A0EF.d.6C174A8CEDB0C5F93F4619F2782A0EDD.e.3394","ELEMENT":"f.492DEA3F6A95B07ADA96E928C4F8A0EF.d.6C174A8CEDB0C5F93F4619F2782A0EDD.e.3394"}]}
COMMAND: GET /session/cdd305857320dd590ea5bbf59a31d46e/screenshot - {}
RESULT: {}
RESULT: {}
COMMAND: POST /session/cdd305857320dd590ea5bbf59a31d46e/element/f.492DEA3F6A95B07ADA96E928C4F8A0EF.d.6C174A8CEDB0C5F93F4619F2782A0EDD.e.3394/click - {}
RESULT: {}
COMMAND: GET /session/cdd305857320dd590ea5bbf59a31d46e/screenshot - {}
RESULT: {}
RESULT: undefined
COMMAND: POST /session/cdd305857320dd590ea5bbf59a31d46e/execute/async - {"script":"<script> [776 bytes]","args":[{"enterText":"2182","selector":{"id":"createOrganizationPop--sectionInput","searchOpenDialogs":true,"interaction":{"idSuffix":"inner"}},"clearTextFirst":true,"interactionType":"ENTER_TEXT"}]}
RESULT: {"script":"<script> [776 bytes]","args":[{"enterText":"2182","selector":{"id":"createOrganizationPop--sectionInput","searchOpenDialogs":true,"interaction":{"idSuffix":"inner"}},"clearTextFirst":true,"interactionType":"ENTER_TEXT"}]}
RESULT: undefined
COMMAND: POST /session/cdd305857320dd590ea5bbf59a31d46e/execute/async - {"script":"<script> [776 bytes]","args":[{"enterText":"WDIO-2182","selector":{"id":"createOrganizationPop--descriptionInput","searchOpenDialogs":true,"interaction":{"idSuffix":"inner"}},"clearTextFirst":true,"interactionType":"ENTER_TEXT"}]}
RESULT: {"script":"<script> [776 bytes]","args":[{"enterText":"WDIO-2182","selector":{"id":"createOrganizationPop--descriptionInput","searchOpenDialogs":true,"interaction":{"idSuffix":"inner"}},"clearTextFirst":true,"interactionType":"ENTER_TEXT"}]}
COMMAND: POST /session/cdd305857320dd590ea5bbf59a31d46e/element - {"using":"css selector","value":"#createOrganizationPop--siteOrg-inner"}
RESULT: {"using":"css selector","value":"#createOrganizationPop--siteOrg-inner"}
COMMAND: POST /session/cdd305857320dd590ea5bbf59a31d46e/element/f.492DEA3F6A95B07ADA96E928C4F8A0EF.d.6C174A8CEDB0C5F93F4619F2782A0EDD.e.3437/clear - {}
RESULT: {}
COMMAND: POST /session/cdd305857320dd590ea5bbf59a31d46e/element/f.492DEA3F6A95B07ADA96E928C4F8A0EF.d.6C174A8CEDB0C5F93F4619F2782A0EDD.e.3437/value - {"text":"2182"}
COMMAND: GET /session/cdd305857320dd590ea5bbf59a31d46e/screenshot - {}
RESULT: {"text":"2182"}
COMMAND: GET /session/cdd305857320dd590ea5bbf59a31d46e/screenshot - {}
RESULT: {}
RESULT: {}
COMMAND: POST /session/cdd305857320dd590ea5bbf59a31d46e/actions - {"actions":[{"id":"action11","type":"key","parameters":{},"actions":[{"type":"keyDown","value":""},{"type":"pause","duration":10},{"type":"keyUp","value":""}]}]}
RESULT: {"actions":[{"id":"action11","type":"key","parameters":{},"actions":[{"type":"keyDown","value":""},{"type":"pause","duration":10},{"type":"keyUp","value":""}]}]}
RESULT: undefined
COMMAND: POST /session/cdd305857320dd590ea5bbf59a31d46e/element - {"using":"xpath","value":"//*[@id=\"createOrganizationPop--giZone\"]"}
COMMAND: GET /session/cdd305857320dd590ea5bbf59a31d46e/screenshot - {}
RESULT: {"using":"xpath","value":"//*[@id=\"createOrganizationPop--giZone\"]"}
COMMAND: POST /session/cdd305857320dd590ea5bbf59a31d46e/element/f.492DEA3F6A95B07ADA96E928C4F8A0EF.d.6C174A8CEDB0C5F93F4619F2782A0EDD.e.3475/click - {}
RESULT: {}
RESULT: {}
COMMAND: GET /session/cdd305857320dd590ea5bbf59a31d46e/screenshot - {}
RESULT: {}
RESULT: undefined
COMMAND: POST /session/cdd305857320dd590ea5bbf59a31d46e/execute/async - {"script":"<script> [776 bytes]","args":[{"enterText":"WD-BIN","selector":{"id":"createOrganizationPop--binNoInput","searchOpenDialogs":true,"interaction":{"idSuffix":"inner"}},"clearTextFirst":true,"interactionType":"ENTER_TEXT"}]}
RESULT: {"script":"<script> [776 bytes]","args":[{"enterText":"WD-BIN","selector":{"id":"createOrganizationPop--binNoInput","searchOpenDialogs":true,"interaction":{"idSuffix":"inner"}},"clearTextFirst":true,"interactionType":"ENTER_TEXT"}]}
RESULT: undefined
COMMAND: POST /session/cdd305857320dd590ea5bbf59a31d46e/execute/async - {"script":"<script> [776 bytes]","args":[{"enterText":"WD-BIN","selector":{"id":"createOrganizationPop--descriptionId","searchOpenDialogs":true,"interaction":{"idSuffix":"inner"}},"clearTextFirst":true,"interactionType":"ENTER_TEXT"}]}
RESULT: {"script":"<script> [776 bytes]","args":[{"enterText":"WD-BIN","selector":{"id":"createOrganizationPop--descriptionId","searchOpenDialogs":true,"interaction":{"idSuffix":"inner"}},"clearTextFirst":true,"interactionType":"ENTER_TEXT"}]}
COMMAND: POST /session/cdd305857320dd590ea5bbf59a31d46e/execute/async - {"script":"<script> [1562 bytes]","args":[{"selector":{"controlType":"sap.m.CheckBox","viewName":"etm.portal.ui.binstatusreport.view.MasterWareBins","viewId":"application-binstatusreport-display-component---warehousing","bindingPath":{"propertyPath":"/ZONE","modelName":"newBin"},"searchOpenDialogs":true,"interaction":{"idSuffix":"CbBg"}},"wdio_ui5_key":"etmportal.ui.binstatusreport.view.MasterWareBinssap.m.CheckBox{\"propertyPath\":\"/ZONE\",\"modelName\":\"newBin\"}"}]}
RESULT: {"script":"<script> [1562 bytes]","args":[{"selector":{"controlType":"sap.m.CheckBox","viewName":"etm.portal.ui.binstatusreport.view.MasterWareBins","viewId":"application-binstatusreport-display-component---warehousing","bindingPath":{"propertyPath":"/ZONE","modelName":"newBin"},"searchOpenDialogs":true,"interaction":{"idSuffix":"CbBg"}},"wdio_ui5_key":"etmportal.ui.binstatusreport.view.MasterWareBinssap.m.CheckBox{\"propertyPath\":\"/ZONE\",\"modelName\":\"newBin\"}"}]}
RESULT: undefined
COMMAND: POST /session/cdd305857320dd590ea5bbf59a31d46e/element - {"using":"xpath","value":"//*[@id=\"__box68\"]"}
RESULT: {"using":"xpath","value":"//*[@id=\"__box68\"]"}
COMMAND: POST /session/cdd305857320dd590ea5bbf59a31d46e/element/f.492DEA3F6A95B07ADA96E928C4F8A0EF.d.6C174A8CEDB0C5F93F4619F2782A0EDD.e.3497/click - {}
RESULT: {}
COMMAND: GET /session/cdd305857320dd590ea5bbf59a31d46e/screenshot - {}
RESULT: {}
RESULT: undefined
COMMAND: POST /session/cdd305857320dd590ea5bbf59a31d46e/execute/async - {"script":"<script> [776 bytes]","args":[{"enterText":"1 - General / No capacity check","selector":{"id":"createOrganizationPop--binTypesCB","searchOpenDialogs":true,"interaction":{"idSuffix":"inner"}},"clearTextFirst":true,"interactionType":"ENTER_TEXT"}]}
RESULT: {"script":"<script> [776 bytes]","args":[{"enterText":"1 - General / No capacity check","selector":{"id":"createOrganizationPop--binTypesCB","searchOpenDialogs":true,"interaction":{"idSuffix":"inner"}},"clearTextFirst":true,"interactionType":"ENTER_TEXT"}]}
COMMAND: POST /session/cdd305857320dd590ea5bbf59a31d46e/execute/async - {"script":"<script> [1562 bytes]","args":[{"selector":{"id":"createOrganizationPop--capacityId","searchOpenDialogs":true,"interaction":{"idSuffix":"inner"}},"wdio_ui5_key":"createOrganizationPopcapacityId"}]}
RESULT: {"script":"<script> [1562 bytes]","args":[{"selector":{"id":"createOrganizationPop--capacityId","searchOpenDialogs":true,"interaction":{"idSuffix":"inner"}},"wdio_ui5_key":"createOrganizationPopcapacityId"}]}
RESULT: undefined
COMMAND: POST /session/cdd305857320dd590ea5bbf59a31d46e/actions - {"actions":[{"id":"action12","type":"key","parameters":{},"actions":[{"type":"keyDown","value":""},{"type":"pause","duration":10},{"type":"keyUp","value":""}]}]}
RESULT: {"actions":[{"id":"action12","type":"key","parameters":{},"actions":[{"type":"keyDown","value":""},{"type":"pause","duration":10},{"type":"keyUp","value":""}]}]}
COMMAND: GET /session/cdd305857320dd590ea5bbf59a31d46e/screenshot - {}
RESULT: {}
RESULT: undefined
COMMAND: POST /session/cdd305857320dd590ea5bbf59a31d46e/element - {"using":"xpath","value":"//*[@id=\"createOrganizationPop--finishBtn\"]"}
RESULT: {"using":"xpath","value":"//*[@id=\"createOrganizationPop--finishBtn\"]"}
COMMAND: POST /session/cdd305857320dd590ea5bbf59a31d46e/element/f.492DEA3F6A95B07ADA96E928C4F8A0EF.d.6C174A8CEDB0C5F93F4619F2782A0EDD.e.3511/click - {}
RESULT: {}
COMMAND: GET /session/cdd305857320dd590ea5bbf59a31d46e/screenshot - {}
RESULT: {}
COMMAND: POST /session/cdd305857320dd590ea5bbf59a31d46e/element - {"using":"css selector","value":"#shell-header-logo"}
RESULT: {"using":"css selector","value":"#shell-header-logo"}
COMMAND: POST /session/cdd305857320dd590ea5bbf59a31d46e/element/f.492DEA3F6A95B07ADA96E928C4F8A0EF.d.6C174A8CEDB0C5F93F4619F2782A0EDD.e.3344/click - {}
RESULT: {}
COMMAND: GET /session/cdd305857320dd590ea5bbf59a31d46e/screenshot - {}
RESULT: {}
]]></system-out>
    </testcase>
    <testcase classname="chrome.136_0_7103_93.windows.Stock_increase_-_with_WHM_US125587" name="Create a Warehouse Movement for created yard" time="48.491">
      <system-out><![CDATA[
COMMAND: POST /session/cdd305857320dd590ea5bbf59a31d46e/execute/async - {"script":"<script> [1562 bytes]","args":[{"selector":{"controlType":"sap.m.GenericTile","properties":{"header":"Manage Warehouse Movements"}},"wdio_ui5_key":"sapm.GenericTile{\"header\":\"Manage Warehouse Movements\"}"}]}
RESULT: {"script":"<script> [1562 bytes]","args":[{"selector":{"controlType":"sap.m.GenericTile","properties":{"header":"Manage Warehouse Movements"}},"wdio_ui5_key":"sapm.GenericTile{\"header\":\"Manage Warehouse Movements\"}"}]}
RESULT: undefined
COMMAND: POST /session/cdd305857320dd590ea5bbf59a31d46e/element - {"using":"xpath","value":"//*[@id=\"__tile105\"]"}
RESULT: {"using":"xpath","value":"//*[@id=\"__tile105\"]"}
COMMAND: POST /session/cdd305857320dd590ea5bbf59a31d46e/element/f.492DEA3F6A95B07ADA96E928C4F8A0EF.d.6C174A8CEDB0C5F93F4619F2782A0EDD.e.3531/click - {}
RESULT: {}
COMMAND: GET /session/cdd305857320dd590ea5bbf59a31d46e/screenshot - {}
RESULT: {}
COMMAND: POST /session/cdd305857320dd590ea5bbf59a31d46e/elements - {"using":"xpath","value":"//span[text()='Error']"}
RESULT: {"using":"xpath","value":"//span[text()='Error']"}
COMMAND: POST /session/cdd305857320dd590ea5bbf59a31d46e/element - {"using":"xpath","value":"//input[@id='application-warehousemovements-display-component---warehouseMovements--smartFilterBar-filterItemControl_BASIC-YARD-inner']"}
RESULT: {"using":"xpath","value":"//input[@id='application-warehousemovements-display-component---warehouseMovements--smartFilterBar-filterItemControl_BASIC-YARD-inner']"}
COMMAND: POST /session/cdd305857320dd590ea5bbf59a31d46e/elements - {"using":"xpath","value":"//input[@id='application-warehousemovements-display-component---warehouseMovements--smartFilterBar-filterItemControl_BASIC-YARD-inner']"}
RESULT: {"using":"xpath","value":"//input[@id='application-warehousemovements-display-component---warehouseMovements--smartFilterBar-filterItemControl_BASIC-YARD-inner']"}
COMMAND: POST /session/cdd305857320dd590ea5bbf59a31d46e/execute/sync - {"script":"<script> [8489 bytes]","args":[{"element-6066-11e4-a52e-4f735466cecf":"f.492DEA3F6A95B07ADA96E928C4F8A0EF.d.6C174A8CEDB0C5F93F4619F2782A0EDD.e.3538","ELEMENT":"f.492DEA3F6A95B07ADA96E928C4F8A0EF.d.6C174A8CEDB0C5F93F4619F2782A0EDD.e.3538"}]}
RESULT: {"script":"<script> [8489 bytes]","args":[{"element-6066-11e4-a52e-4f735466cecf":"f.492DEA3F6A95B07ADA96E928C4F8A0EF.d.6C174A8CEDB0C5F93F4619F2782A0EDD.e.3538","ELEMENT":"f.492DEA3F6A95B07ADA96E928C4F8A0EF.d.6C174A8CEDB0C5F93F4619F2782A0EDD.e.3538"}]}
COMMAND: GET /session/cdd305857320dd590ea5bbf59a31d46e/element/f.492DEA3F6A95B07ADA96E928C4F8A0EF.d.6C174A8CEDB0C5F93F4619F2782A0EDD.e.3538/enabled - {}
COMMAND: GET /session/cdd305857320dd590ea5bbf59a31d46e/screenshot - {}
RESULT: {}
COMMAND: POST /session/cdd305857320dd590ea5bbf59a31d46e/execute/sync - {"script":"<script> [8489 bytes]","args":[{"element-6066-11e4-a52e-4f735466cecf":"f.492DEA3F6A95B07ADA96E928C4F8A0EF.d.6C174A8CEDB0C5F93F4619F2782A0EDD.e.3538","ELEMENT":"f.492DEA3F6A95B07ADA96E928C4F8A0EF.d.6C174A8CEDB0C5F93F4619F2782A0EDD.e.3538"}]}
COMMAND: GET /session/cdd305857320dd590ea5bbf59a31d46e/screenshot - {}
RESULT: {}
RESULT: {"script":"<script> [8489 bytes]","args":[{"element-6066-11e4-a52e-4f735466cecf":"f.492DEA3F6A95B07ADA96E928C4F8A0EF.d.6C174A8CEDB0C5F93F4619F2782A0EDD.e.3538","ELEMENT":"f.492DEA3F6A95B07ADA96E928C4F8A0EF.d.6C174A8CEDB0C5F93F4619F2782A0EDD.e.3538"}]}
COMMAND: POST /session/cdd305857320dd590ea5bbf59a31d46e/execute/sync - {"script":"<script> [5351 bytes]","args":[{"element-6066-11e4-a52e-4f735466cecf":"f.492DEA3F6A95B07ADA96E928C4F8A0EF.d.6C174A8CEDB0C5F93F4619F2782A0EDD.e.3538","ELEMENT":"f.492DEA3F6A95B07ADA96E928C4F8A0EF.d.6C174A8CEDB0C5F93F4619F2782A0EDD.e.3538"}]}
COMMAND: GET /session/cdd305857320dd590ea5bbf59a31d46e/screenshot - {}
RESULT: {}
RESULT: {"script":"<script> [5351 bytes]","args":[{"element-6066-11e4-a52e-4f735466cecf":"f.492DEA3F6A95B07ADA96E928C4F8A0EF.d.6C174A8CEDB0C5F93F4619F2782A0EDD.e.3538","ELEMENT":"f.492DEA3F6A95B07ADA96E928C4F8A0EF.d.6C174A8CEDB0C5F93F4619F2782A0EDD.e.3538"}]}
COMMAND: GET /session/cdd305857320dd590ea5bbf59a31d46e/screenshot - {}
RESULT: {}
RESULT: {}
COMMAND: POST /session/cdd305857320dd590ea5bbf59a31d46e/element/f.492DEA3F6A95B07ADA96E928C4F8A0EF.d.6C174A8CEDB0C5F93F4619F2782A0EDD.e.3538/clear - {}
RESULT: {}
COMMAND: POST /session/cdd305857320dd590ea5bbf59a31d46e/element/f.492DEA3F6A95B07ADA96E928C4F8A0EF.d.6C174A8CEDB0C5F93F4619F2782A0EDD.e.3538/value - {"text":"388"}
COMMAND: GET /session/cdd305857320dd590ea5bbf59a31d46e/screenshot - {}
RESULT: {"text":"388"}
COMMAND: POST /session/cdd305857320dd590ea5bbf59a31d46e/actions - {"actions":[{"id":"action13","type":"key","parameters":{},"actions":[{"type":"keyDown","value":""},{"type":"pause","duration":10},{"type":"keyUp","value":""}]}]}
COMMAND: GET /session/cdd305857320dd590ea5bbf59a31d46e/screenshot - {}
RESULT: {}
RESULT: {"actions":[{"id":"action13","type":"key","parameters":{},"actions":[{"type":"keyDown","value":""},{"type":"pause","duration":10},{"type":"keyUp","value":""}]}]}
COMMAND: GET /session/cdd305857320dd590ea5bbf59a31d46e/screenshot - {}
RESULT: {}
RESULT: {}
COMMAND: POST /session/cdd305857320dd590ea5bbf59a31d46e/element - {"using":"xpath","value":"//button[contains(@data-kt, \"MasterMovementAddOverflowToolbarButton\")]"}
RESULT: {"using":"xpath","value":"//button[contains(@data-kt, \"MasterMovementAddOverflowToolbarButton\")]"}
COMMAND: POST /session/cdd305857320dd590ea5bbf59a31d46e/element/f.492DEA3F6A95B07ADA96E928C4F8A0EF.d.6C174A8CEDB0C5F93F4619F2782A0EDD.e.3567/click - {}
RESULT: {}
COMMAND: GET /session/cdd305857320dd590ea5bbf59a31d46e/screenshot - {}
RESULT: {}
COMMAND: POST /session/cdd305857320dd590ea5bbf59a31d46e/element - {"using":"xpath","value":"//*[@id=\"application-warehousemovements-display-component---addMovement--sectionsList-arrow\"]"}
RESULT: {"using":"xpath","value":"//*[@id=\"application-warehousemovements-display-component---addMovement--sectionsList-arrow\"]"}
COMMAND: POST /session/cdd305857320dd590ea5bbf59a31d46e/element/f.492DEA3F6A95B07ADA96E928C4F8A0EF.d.6C174A8CEDB0C5F93F4619F2782A0EDD.e.3740/click - {}
RESULT: {}
COMMAND: POST /session/cdd305857320dd590ea5bbf59a31d46e/actions - {"actions":[{"id":"action14","type":"key","parameters":{},"actions":[{"type":"keyDown","value":""},{"type":"pause","duration":10},{"type":"keyUp","value":""}]}]}
COMMAND: GET /session/cdd305857320dd590ea5bbf59a31d46e/screenshot - {}
RESULT: {"actions":[{"id":"action14","type":"key","parameters":{},"actions":[{"type":"keyDown","value":""},{"type":"pause","duration":10},{"type":"keyUp","value":""}]}]}
COMMAND: GET /session/cdd305857320dd590ea5bbf59a31d46e/screenshot - {}
RESULT: {}
RESULT: {}
COMMAND: POST /session/cdd305857320dd590ea5bbf59a31d46e/actions - {"actions":[{"id":"action15","type":"key","parameters":{},"actions":[{"type":"keyDown","value":""},{"type":"pause","duration":10},{"type":"keyUp","value":""}]}]}
RESULT: {"actions":[{"id":"action15","type":"key","parameters":{},"actions":[{"type":"keyDown","value":""},{"type":"pause","duration":10},{"type":"keyUp","value":""}]}]}
COMMAND: GET /session/cdd305857320dd590ea5bbf59a31d46e/screenshot - {}
RESULT: {}
COMMAND: POST /session/cdd305857320dd590ea5bbf59a31d46e/element - {"using":"xpath","value":"//*[@id=\"application-warehousemovements-display-component---addMovement--saveMovementBtn-BDI-content\" and text()=\"Save\"]"}
RESULT: {"using":"xpath","value":"//*[@id=\"application-warehousemovements-display-component---addMovement--saveMovementBtn-BDI-content\" and text()=\"Save\"]"}
COMMAND: POST /session/cdd305857320dd590ea5bbf59a31d46e/element/f.492DEA3F6A95B07ADA96E928C4F8A0EF.d.6C174A8CEDB0C5F93F4619F2782A0EDD.e.3741/click - {}
RESULT: {}
COMMAND: GET /session/cdd305857320dd590ea5bbf59a31d46e/screenshot - {}
RESULT: {}
COMMAND: POST /session/cdd305857320dd590ea5bbf59a31d46e/element - {"using":"css selector","value":"#shell-header-logo"}
RESULT: {"using":"css selector","value":"#shell-header-logo"}
COMMAND: POST /session/cdd305857320dd590ea5bbf59a31d46e/element/f.492DEA3F6A95B07ADA96E928C4F8A0EF.d.6C174A8CEDB0C5F93F4619F2782A0EDD.e.3534/click - {}
RESULT: {}
COMMAND: GET /session/cdd305857320dd590ea5bbf59a31d46e/screenshot - {}
RESULT: {}
]]></system-out>
    </testcase>
    <testcase classname="chrome.136_0_7103_93.windows.Stock_increase_-_with_WHM_US125587" name="Should do a stock increase handover" time="91.853">
      <system-out><![CDATA[
COMMAND: POST /session/cdd305857320dd590ea5bbf59a31d46e/execute/async - {"script":"<script> [1562 bytes]","args":[{"selector":{"controlType":"sap.m.GenericTile","properties":{"header":"Manage Handovers"}},"wdio_ui5_key":"sapm.GenericTile{\"header\":\"Manage Handovers\"}"}]}
RESULT: {"script":"<script> [1562 bytes]","args":[{"selector":{"controlType":"sap.m.GenericTile","properties":{"header":"Manage Handovers"}},"wdio_ui5_key":"sapm.GenericTile{\"header\":\"Manage Handovers\"}"}]}
RESULT: undefined
COMMAND: POST /session/cdd305857320dd590ea5bbf59a31d46e/element - {"using":"xpath","value":"//*[@id=\"__tile131\"]"}
RESULT: {"using":"xpath","value":"//*[@id=\"__tile131\"]"}
COMMAND: POST /session/cdd305857320dd590ea5bbf59a31d46e/element/f.492DEA3F6A95B07ADA96E928C4F8A0EF.d.6C174A8CEDB0C5F93F4619F2782A0EDD.e.212/click - {}
RESULT: {}
COMMAND: GET /session/cdd305857320dd590ea5bbf59a31d46e/screenshot - {}
RESULT: {}
COMMAND: POST /session/cdd305857320dd590ea5bbf59a31d46e/elements - {"using":"xpath","value":"//span[text()='Error']"}
RESULT: {"using":"xpath","value":"//span[text()='Error']"}
COMMAND: POST /session/cdd305857320dd590ea5bbf59a31d46e/element - {"using":"xpath","value":"//button[@data-kt=\"masterHOAddButton\"]"}
RESULT: {"using":"xpath","value":"//button[@data-kt=\"masterHOAddButton\"]"}
COMMAND: POST /session/cdd305857320dd590ea5bbf59a31d46e/elements - {"using":"xpath","value":"//button[@data-kt=\"masterHOAddButton\"]"}
RESULT: {"using":"xpath","value":"//button[@data-kt=\"masterHOAddButton\"]"}
COMMAND: POST /session/cdd305857320dd590ea5bbf59a31d46e/execute/sync - {"script":"<script> [8489 bytes]","args":[{"element-6066-11e4-a52e-4f735466cecf":"f.492DEA3F6A95B07ADA96E928C4F8A0EF.d.6C174A8CEDB0C5F93F4619F2782A0EDD.e.3848","ELEMENT":"f.492DEA3F6A95B07ADA96E928C4F8A0EF.d.6C174A8CEDB0C5F93F4619F2782A0EDD.e.3848"}]}
RESULT: {"script":"<script> [8489 bytes]","args":[{"element-6066-11e4-a52e-4f735466cecf":"f.492DEA3F6A95B07ADA96E928C4F8A0EF.d.6C174A8CEDB0C5F93F4619F2782A0EDD.e.3848","ELEMENT":"f.492DEA3F6A95B07ADA96E928C4F8A0EF.d.6C174A8CEDB0C5F93F4619F2782A0EDD.e.3848"}]}
COMMAND: GET /session/cdd305857320dd590ea5bbf59a31d46e/element/f.492DEA3F6A95B07ADA96E928C4F8A0EF.d.6C174A8CEDB0C5F93F4619F2782A0EDD.e.3848/enabled - {}
COMMAND: GET /session/cdd305857320dd590ea5bbf59a31d46e/screenshot - {}
RESULT: {}
COMMAND: POST /session/cdd305857320dd590ea5bbf59a31d46e/execute/sync - {"script":"<script> [8489 bytes]","args":[{"element-6066-11e4-a52e-4f735466cecf":"f.492DEA3F6A95B07ADA96E928C4F8A0EF.d.6C174A8CEDB0C5F93F4619F2782A0EDD.e.3848","ELEMENT":"f.492DEA3F6A95B07ADA96E928C4F8A0EF.d.6C174A8CEDB0C5F93F4619F2782A0EDD.e.3848"}]}
COMMAND: GET /session/cdd305857320dd590ea5bbf59a31d46e/screenshot - {}
RESULT: {}
RESULT: {"script":"<script> [8489 bytes]","args":[{"element-6066-11e4-a52e-4f735466cecf":"f.492DEA3F6A95B07ADA96E928C4F8A0EF.d.6C174A8CEDB0C5F93F4619F2782A0EDD.e.3848","ELEMENT":"f.492DEA3F6A95B07ADA96E928C4F8A0EF.d.6C174A8CEDB0C5F93F4619F2782A0EDD.e.3848"}]}
COMMAND: POST /session/cdd305857320dd590ea5bbf59a31d46e/execute/sync - {"script":"<script> [5351 bytes]","args":[{"element-6066-11e4-a52e-4f735466cecf":"f.492DEA3F6A95B07ADA96E928C4F8A0EF.d.6C174A8CEDB0C5F93F4619F2782A0EDD.e.3848","ELEMENT":"f.492DEA3F6A95B07ADA96E928C4F8A0EF.d.6C174A8CEDB0C5F93F4619F2782A0EDD.e.3848"}]}
COMMAND: GET /session/cdd305857320dd590ea5bbf59a31d46e/screenshot - {}
RESULT: {}
RESULT: {"script":"<script> [5351 bytes]","args":[{"element-6066-11e4-a52e-4f735466cecf":"f.492DEA3F6A95B07ADA96E928C4F8A0EF.d.6C174A8CEDB0C5F93F4619F2782A0EDD.e.3848","ELEMENT":"f.492DEA3F6A95B07ADA96E928C4F8A0EF.d.6C174A8CEDB0C5F93F4619F2782A0EDD.e.3848"}]}
COMMAND: POST /session/cdd305857320dd590ea5bbf59a31d46e/element/f.492DEA3F6A95B07ADA96E928C4F8A0EF.d.6C174A8CEDB0C5F93F4619F2782A0EDD.e.3848/click - {}
COMMAND: GET /session/cdd305857320dd590ea5bbf59a31d46e/screenshot - {}
RESULT: {}
RESULT: {}
COMMAND: GET /session/cdd305857320dd590ea5bbf59a31d46e/screenshot - {}
RESULT: {}
COMMAND: POST /session/cdd305857320dd590ea5bbf59a31d46e/element - {"using":"xpath","value":"//span[contains(@id ,\"AddNewHO--typeSelect-arrow\")]"}
RESULT: {}
RESULT: {"using":"xpath","value":"//span[contains(@id ,\"AddNewHO--typeSelect-arrow\")]"}
COMMAND: POST /session/cdd305857320dd590ea5bbf59a31d46e/element/f.492DEA3F6A95B07ADA96E928C4F8A0EF.d.6C174A8CEDB0C5F93F4619F2782A0EDD.e.4205/click - {}
RESULT: {}
COMMAND: GET /session/cdd305857320dd590ea5bbf59a31d46e/screenshot - {}
RESULT: {}
COMMAND: POST /session/cdd305857320dd590ea5bbf59a31d46e/element - {"using":"xpath","value":"(//li[contains(text(), \"stock increase yard\")])[1]"}
RESULT: {"using":"xpath","value":"(//li[contains(text(), \"stock increase yard\")])[1]"}
COMMAND: POST /session/cdd305857320dd590ea5bbf59a31d46e/element/f.492DEA3F6A95B07ADA96E928C4F8A0EF.d.6C174A8CEDB0C5F93F4619F2782A0EDD.e.4206/click - {}
RESULT: {}
COMMAND: GET /session/cdd305857320dd590ea5bbf59a31d46e/screenshot - {}
RESULT: {}
COMMAND: POST /session/cdd305857320dd590ea5bbf59a31d46e/execute/async - {"script":"<script> [1562 bytes]","args":[{"selector":{"id":"application-managehandovers-display-component---AddNewHO--dueDate","interaction":{"idSuffix":"inner"}},"wdio_ui5_key":"applicationmanagehandovers-display-component---AddNewHO--dueDate"}]}
RESULT: {"script":"<script> [1562 bytes]","args":[{"selector":{"id":"application-managehandovers-display-component---AddNewHO--dueDate","interaction":{"idSuffix":"inner"}},"wdio_ui5_key":"applicationmanagehandovers-display-component---AddNewHO--dueDate"}]}
RESULT: undefined
COMMAND: POST /session/cdd305857320dd590ea5bbf59a31d46e/execute/async - {"script":"<script> [6424 bytes]","args":[{"element-6066-11e4-a52e-4f735466cecf":"f.492DEA3F6A95B07ADA96E928C4F8A0EF.d.6C174A8CEDB0C5F93F4619F2782A0EDD.e.4208"},"setValue",["5/27/25"]]}
RESULT: {"script":"<script> [6424 bytes]","args":[{"element-6066-11e4-a52e-4f735466cecf":"f.492DEA3F6A95B07ADA96E928C4F8A0EF.d.6C174A8CEDB0C5F93F4619F2782A0EDD.e.4208"},"setValue",["5/27/25"]]}
COMMAND: POST /session/cdd305857320dd590ea5bbf59a31d46e/element - {"using":"xpath","value":"//input[@id=\"generalSectionFrg--receiveYard-inner\"]"}
RESULT: {"using":"xpath","value":"//input[@id=\"generalSectionFrg--receiveYard-inner\"]"}
COMMAND: POST /session/cdd305857320dd590ea5bbf59a31d46e/element/f.492DEA3F6A95B07ADA96E928C4F8A0EF.d.6C174A8CEDB0C5F93F4619F2782A0EDD.e.4214/clear - {}
RESULT: {}
COMMAND: POST /session/cdd305857320dd590ea5bbf59a31d46e/element/f.492DEA3F6A95B07ADA96E928C4F8A0EF.d.6C174A8CEDB0C5F93F4619F2782A0EDD.e.4214/value - {"text":"388"}
COMMAND: GET /session/cdd305857320dd590ea5bbf59a31d46e/screenshot - {}
RESULT: {"text":"388"}
COMMAND: GET /session/cdd305857320dd590ea5bbf59a31d46e/screenshot - {}
RESULT: {}
RESULT: {}
COMMAND: POST /session/cdd305857320dd590ea5bbf59a31d46e/element - {"using":"xpath","value":"//li[.//span[text()='388']]"}
RESULT: {"using":"xpath","value":"//li[.//span[text()='388']]"}
COMMAND: POST /session/cdd305857320dd590ea5bbf59a31d46e/element/f.492DEA3F6A95B07ADA96E928C4F8A0EF.d.6C174A8CEDB0C5F93F4619F2782A0EDD.e.4231/click - {}
RESULT: {}
COMMAND: GET /session/cdd305857320dd590ea5bbf59a31d46e/screenshot - {}
RESULT: {}
COMMAND: POST /session/cdd305857320dd590ea5bbf59a31d46e/execute/async - {"script":"<script> [1562 bytes]","args":[{"selector":{"id":"application-managehandovers-display-component---AddNewHO--ObjectPageLayout-anchBar-application-managehandovers-display-component---AddNewHO--section4-anchor","interaction":{"idSuffix":"BDI-content"}},"wdio_ui5_key":"applicationmanagehandovers-display-component---AddNewHO--ObjectPageLayout-anchBar-application-managehandovers-display-component---AddNewHO--section4-anchor"}]}
RESULT: {"script":"<script> [1562 bytes]","args":[{"selector":{"id":"application-managehandovers-display-component---AddNewHO--ObjectPageLayout-anchBar-application-managehandovers-display-component---AddNewHO--section4-anchor","interaction":{"idSuffix":"BDI-content"}},"wdio_ui5_key":"applicationmanagehandovers-display-component---AddNewHO--ObjectPageLayout-anchBar-application-managehandovers-display-component---AddNewHO--section4-anchor"}]}
RESULT: undefined
COMMAND: POST /session/cdd305857320dd590ea5bbf59a31d46e/element - {"using":"xpath","value":"//*[@id=\"application-managehandovers-display-component---AddNewHO--ObjectPageLayout-anchBar-application-managehandovers-display-component---AddNewHO--section4-anchor\"]"}
RESULT: {"using":"xpath","value":"//*[@id=\"application-managehandovers-display-component---AddNewHO--ObjectPageLayout-anchBar-application-managehandovers-display-component---AddNewHO--section4-anchor\"]"}
COMMAND: POST /session/cdd305857320dd590ea5bbf59a31d46e/element/f.492DEA3F6A95B07ADA96E928C4F8A0EF.d.6C174A8CEDB0C5F93F4619F2782A0EDD.e.4233/click - {}
RESULT: {}
COMMAND: POST /session/cdd305857320dd590ea5bbf59a31d46e/element - {"using":"xpath","value":"//button[@aria-label=\"Add\"]"}
COMMAND: GET /session/cdd305857320dd590ea5bbf59a31d46e/screenshot - {}
RESULT: {"using":"xpath","value":"//button[@aria-label=\"Add\"]"}
COMMAND: POST /session/cdd305857320dd590ea5bbf59a31d46e/element/f.492DEA3F6A95B07ADA96E928C4F8A0EF.d.6C174A8CEDB0C5F93F4619F2782A0EDD.e.4235/click - {}
RESULT: {}
RESULT: {}
COMMAND: GET /session/cdd305857320dd590ea5bbf59a31d46e/screenshot - {}
RESULT: {}
COMMAND: POST /session/cdd305857320dd590ea5bbf59a31d46e/execute/async - {"script":"<script> [1562 bytes]","args":[{"selector":{"id":"application-managehandovers-display-component---AddNewHO--smartFilterBar-btnBasicSearch","searchOpenDialogs":true,"interaction":{"idSuffix":"I"}},"wdio_ui5_key":"applicationmanagehandovers-display-component---AddNewHO--smartFilterBar-btnBasicSearch"}]}
RESULT: {"script":"<script> [1562 bytes]","args":[{"selector":{"id":"application-managehandovers-display-component---AddNewHO--smartFilterBar-btnBasicSearch","searchOpenDialogs":true,"interaction":{"idSuffix":"I"}},"wdio_ui5_key":"applicationmanagehandovers-display-component---AddNewHO--smartFilterBar-btnBasicSearch"}]}
RESULT: undefined
COMMAND: POST /session/cdd305857320dd590ea5bbf59a31d46e/execute/async - {"script":"<script> [776 bytes]","args":[{"enterText":"200208","selector":{"id":"application-managehandovers-display-component---AddNewHO--smartFilterBar-btnBasicSearch","searchOpenDialogs":true,"interaction":{"idSuffix":"I"}},"clearTextFirst":true,"interactionType":"ENTER_TEXT"}]}
RESULT: {"script":"<script> [776 bytes]","args":[{"enterText":"200208","selector":{"id":"application-managehandovers-display-component---AddNewHO--smartFilterBar-btnBasicSearch","searchOpenDialogs":true,"interaction":{"idSuffix":"I"}},"clearTextFirst":true,"interactionType":"ENTER_TEXT"}]}
COMMAND: POST /session/cdd305857320dd590ea5bbf59a31d46e/actions - {"actions":[{"id":"action16","type":"key","parameters":{},"actions":[{"type":"keyDown","value":""},{"type":"pause","duration":10},{"type":"keyUp","value":""}]}]}
RESULT: {"actions":[{"id":"action16","type":"key","parameters":{},"actions":[{"type":"keyDown","value":""},{"type":"pause","duration":10},{"type":"keyUp","value":""}]}]}
COMMAND: GET /session/cdd305857320dd590ea5bbf59a31d46e/screenshot - {}
RESULT: {}
COMMAND: POST /session/cdd305857320dd590ea5bbf59a31d46e/execute/async - {"script":"<script> [1562 bytes]","args":[{"selector":{"id":"application-managehandovers-display-component---AddNewHO--popup-sa","searchOpenDialogs":true,"interaction":{"idSuffix":"CbBg"}},"wdio_ui5_key":"applicationmanagehandovers-display-component---AddNewHO--popup-sa"}]}
RESULT: {"script":"<script> [1562 bytes]","args":[{"selector":{"id":"application-managehandovers-display-component---AddNewHO--popup-sa","searchOpenDialogs":true,"interaction":{"idSuffix":"CbBg"}},"wdio_ui5_key":"applicationmanagehandovers-display-component---AddNewHO--popup-sa"}]}
RESULT: undefined
COMMAND: POST /session/cdd305857320dd590ea5bbf59a31d46e/element - {"using":"xpath","value":"//*[@id=\"application-managehandovers-display-component---AddNewHO--popup-sa\"]"}
RESULT: {"using":"xpath","value":"//*[@id=\"application-managehandovers-display-component---AddNewHO--popup-sa\"]"}
COMMAND: POST /session/cdd305857320dd590ea5bbf59a31d46e/element/f.492DEA3F6A95B07ADA96E928C4F8A0EF.d.6C174A8CEDB0C5F93F4619F2782A0EDD.e.4390/click - {}
RESULT: {}
COMMAND: GET /session/cdd305857320dd590ea5bbf59a31d46e/screenshot - {}
RESULT: {}
COMMAND: POST /session/cdd305857320dd590ea5bbf59a31d46e/element - {"using":"xpath","value":"//bdi[contains(text(), \"Select\")]"}
RESULT: {"using":"xpath","value":"//bdi[contains(text(), \"Select\")]"}
COMMAND: POST /session/cdd305857320dd590ea5bbf59a31d46e/element/f.492DEA3F6A95B07ADA96E928C4F8A0EF.d.6C174A8CEDB0C5F93F4619F2782A0EDD.e.4391/click - {}
RESULT: {}
COMMAND: GET /session/cdd305857320dd590ea5bbf59a31d46e/screenshot - {}
RESULT: {}
COMMAND: POST /session/cdd305857320dd590ea5bbf59a31d46e/element - {"using":"xpath","value":"//button[@data-kt=\"AddNewHOSaveButton\"]"}
RESULT: {"using":"xpath","value":"//button[@data-kt=\"AddNewHOSaveButton\"]"}
COMMAND: POST /session/cdd305857320dd590ea5bbf59a31d46e/element/f.492DEA3F6A95B07ADA96E928C4F8A0EF.d.6C174A8CEDB0C5F93F4619F2782A0EDD.e.4395/click - {}
RESULT: {}
COMMAND: GET /session/cdd305857320dd590ea5bbf59a31d46e/screenshot - {}
RESULT: {}
COMMAND: POST /session/cdd305857320dd590ea5bbf59a31d46e/execute/async - {"script":"<script> [1562 bytes]","args":[{"selector":{"id":"receiptDatePicker","viewName":"etm.portal.ui.managehandovers.view.DetailExecuteHO","interaction":{"idSuffix":"inner"}},"wdio_ui5_key":"receiptDatePickeretmportal.ui.managehandovers.view.DetailExecuteHO"}]}
RESULT: {"script":"<script> [1562 bytes]","args":[{"selector":{"id":"receiptDatePicker","viewName":"etm.portal.ui.managehandovers.view.DetailExecuteHO","interaction":{"idSuffix":"inner"}},"wdio_ui5_key":"receiptDatePickeretmportal.ui.managehandovers.view.DetailExecuteHO"}]}
RESULT: undefined
COMMAND: POST /session/cdd305857320dd590ea5bbf59a31d46e/execute/async - {"script":"<script> [6424 bytes]","args":[{"element-6066-11e4-a52e-4f735466cecf":"f.492DEA3F6A95B07ADA96E928C4F8A0EF.d.6C174A8CEDB0C5F93F4619F2782A0EDD.e.4426"},"setValue",["5/27/25"]]}
RESULT: {"script":"<script> [6424 bytes]","args":[{"element-6066-11e4-a52e-4f735466cecf":"f.492DEA3F6A95B07ADA96E928C4F8A0EF.d.6C174A8CEDB0C5F93F4619F2782A0EDD.e.4426"},"setValue",["5/27/25"]]}
COMMAND: POST /session/cdd305857320dd590ea5bbf59a31d46e/element - {"using":"xpath","value":"//button[@data-kt=\"ReceivingTableConfirmAllButton\"]"}
RESULT: {"using":"xpath","value":"//button[@data-kt=\"ReceivingTableConfirmAllButton\"]"}
COMMAND: POST /session/cdd305857320dd590ea5bbf59a31d46e/element/f.492DEA3F6A95B07ADA96E928C4F8A0EF.d.6C174A8CEDB0C5F93F4619F2782A0EDD.e.4443/click - {}
RESULT: {}
COMMAND: GET /session/cdd305857320dd590ea5bbf59a31d46e/screenshot - {}
RESULT: {}
COMMAND: POST /session/cdd305857320dd590ea5bbf59a31d46e/element - {"using":"xpath","value":"//bdi[contains(text(), \"OK\")]"}
RESULT: {"using":"xpath","value":"//bdi[contains(text(), \"OK\")]"}
COMMAND: POST /session/cdd305857320dd590ea5bbf59a31d46e/element/f.492DEA3F6A95B07ADA96E928C4F8A0EF.d.6C174A8CEDB0C5F93F4619F2782A0EDD.e.4445/click - {}
RESULT: {}
COMMAND: GET /session/cdd305857320dd590ea5bbf59a31d46e/screenshot - {}
RESULT: {}
COMMAND: POST /session/cdd305857320dd590ea5bbf59a31d46e/element - {"using":"xpath","value":"(//bdi[contains(text(), \"Receive\")])[2]"}
RESULT: {"using":"xpath","value":"(//bdi[contains(text(), \"Receive\")])[2]"}
COMMAND: POST /session/cdd305857320dd590ea5bbf59a31d46e/element/f.492DEA3F6A95B07ADA96E928C4F8A0EF.d.6C174A8CEDB0C5F93F4619F2782A0EDD.e.4447/click - {}
RESULT: {}
COMMAND: GET /session/cdd305857320dd590ea5bbf59a31d46e/screenshot - {}
RESULT: {}
COMMAND: POST /session/cdd305857320dd590ea5bbf59a31d46e/element - {"using":"css selector","value":"#shell-header-logo"}
RESULT: {"using":"css selector","value":"#shell-header-logo"}
COMMAND: POST /session/cdd305857320dd590ea5bbf59a31d46e/element/f.492DEA3F6A95B07ADA96E928C4F8A0EF.d.6C174A8CEDB0C5F93F4619F2782A0EDD.e.3811/click - {}
RESULT: {}
COMMAND: GET /session/cdd305857320dd590ea5bbf59a31d46e/screenshot - {}
RESULT: {}
COMMAND: POST /session/cdd305857320dd590ea5bbf59a31d46e/element - {"using":"css selector","value":"#j_username"}
COMMAND: POST /session/cdd305857320dd590ea5bbf59a31d46e/url - {"url":"https://qa-testing-00-live-etm-ui.cfapps.eu10-004.hana.ondemand.com/"}
RESULT: {"using":"css selector","value":"#j_username"}
COMMAND: POST /session/cdd305857320dd590ea5bbf59a31d46e/element - {"using":"css selector","value":"#j_username"}
RESULT: {"url":"https://qa-testing-00-live-etm-ui.cfapps.eu10-004.hana.ondemand.com/"}
RESULT: undefined
COMMAND: GET /session/cdd305857320dd590ea5bbf59a31d46e/screenshot - {}
RESULT: {"using":"css selector","value":"#j_username"}
COMMAND: POST /session/cdd305857320dd590ea5bbf59a31d46e/element - {"using":"css selector","value":"#shell-header-logo"}
RESULT: {}
RESULT: {"using":"css selector","value":"#shell-header-logo"}
COMMAND: POST /session/cdd305857320dd590ea5bbf59a31d46e/execute/sync - {"script":"<script> [8489 bytes]","args":[{"element-6066-11e4-a52e-4f735466cecf":"f.492DEA3F6A95B07ADA96E928C4F8A0EF.d.B8E7263F503A9A0756C1DA6A5ADC3F25.e.4636","ELEMENT":"f.492DEA3F6A95B07ADA96E928C4F8A0EF.d.B8E7263F503A9A0756C1DA6A5ADC3F25.e.4636"}]}
RESULT: {"script":"<script> [8489 bytes]","args":[{"element-6066-11e4-a52e-4f735466cecf":"f.492DEA3F6A95B07ADA96E928C4F8A0EF.d.B8E7263F503A9A0756C1DA6A5ADC3F25.e.4636","ELEMENT":"f.492DEA3F6A95B07ADA96E928C4F8A0EF.d.B8E7263F503A9A0756C1DA6A5ADC3F25.e.4636"}]}
COMMAND: POST /session/cdd305857320dd590ea5bbf59a31d46e/element - {"using":"css selector","value":"#shell-header-logo"}
COMMAND: GET /session/cdd305857320dd590ea5bbf59a31d46e/screenshot - {}
RESULT: {"using":"css selector","value":"#shell-header-logo"}
COMMAND: POST /session/cdd305857320dd590ea5bbf59a31d46e/execute/sync - {"script":"<script> [8489 bytes]","args":[{"element-6066-11e4-a52e-4f735466cecf":"f.492DEA3F6A95B07ADA96E928C4F8A0EF.d.B8E7263F503A9A0756C1DA6A5ADC3F25.e.4636","ELEMENT":"f.492DEA3F6A95B07ADA96E928C4F8A0EF.d.B8E7263F503A9A0756C1DA6A5ADC3F25.e.4636"}]}
RESULT: {}
RESULT: {"script":"<script> [8489 bytes]","args":[{"element-6066-11e4-a52e-4f735466cecf":"f.492DEA3F6A95B07ADA96E928C4F8A0EF.d.B8E7263F503A9A0756C1DA6A5ADC3F25.e.4636","ELEMENT":"f.492DEA3F6A95B07ADA96E928C4F8A0EF.d.B8E7263F503A9A0756C1DA6A5ADC3F25.e.4636"}]}
COMMAND: POST /session/cdd305857320dd590ea5bbf59a31d46e/execute/sync - {"script":"<script> [5351 bytes]","args":[{"element-6066-11e4-a52e-4f735466cecf":"f.492DEA3F6A95B07ADA96E928C4F8A0EF.d.B8E7263F503A9A0756C1DA6A5ADC3F25.e.4636","ELEMENT":"f.492DEA3F6A95B07ADA96E928C4F8A0EF.d.B8E7263F503A9A0756C1DA6A5ADC3F25.e.4636"}]}
COMMAND: GET /session/cdd305857320dd590ea5bbf59a31d46e/screenshot - {}
RESULT: {"script":"<script> [5351 bytes]","args":[{"element-6066-11e4-a52e-4f735466cecf":"f.492DEA3F6A95B07ADA96E928C4F8A0EF.d.B8E7263F503A9A0756C1DA6A5ADC3F25.e.4636","ELEMENT":"f.492DEA3F6A95B07ADA96E928C4F8A0EF.d.B8E7263F503A9A0756C1DA6A5ADC3F25.e.4636"}]}
COMMAND: POST /session/cdd305857320dd590ea5bbf59a31d46e/element - {"using":"css selector","value":"#shell-header-logo"}
COMMAND: GET /session/cdd305857320dd590ea5bbf59a31d46e/screenshot - {}
RESULT: {}
RESULT: {"using":"css selector","value":"#shell-header-logo"}
COMMAND: POST /session/cdd305857320dd590ea5bbf59a31d46e/element/f.492DEA3F6A95B07ADA96E928C4F8A0EF.d.B8E7263F503A9A0756C1DA6A5ADC3F25.e.4636/click - {}
RESULT: {}
RESULT: {}
COMMAND: GET /session/cdd305857320dd590ea5bbf59a31d46e/screenshot - {}
RESULT: {}
COMMAND: POST /session/cdd305857320dd590ea5bbf59a31d46e/execute/async - {"script":"<script> [189 bytes]","args":[]}
RESULT: {"script":"<script> [189 bytes]","args":[]}
COMMAND: POST /session/cdd305857320dd590ea5bbf59a31d46e/execute/async - {"script":"<script> [123 bytes]","args":[]}
RESULT: {"script":"<script> [123 bytes]","args":[]}
COMMAND: POST /session/cdd305857320dd590ea5bbf59a31d46e/timeouts - {"script":"<number>"}
RESULT: {"script":"<number>"}
COMMAND: GET /session/cdd305857320dd590ea5bbf59a31d46e/timeouts - {}
RESULT: {}
RESULT: undefined
COMMAND: POST /session/cdd305857320dd590ea5bbf59a31d46e/execute/async - {"script":"<script> [2676 bytes]","args":[]}
RESULT: {"script":"<script> [2676 bytes]","args":[]}
COMMAND: POST /session/cdd305857320dd590ea5bbf59a31d46e/execute/async - {"script":"<script> [2342 bytes]","args":[{"protocol":"http","hostname":"0.0.0.0","path":"/","capabilities":{"browserName":"chrome","goog:chromeOptions":{"binary":"C:\\Program Files\\Google\\Chrome\\Application\\chrome.exe","args":["--start-maximized"]}},"logLevel":"warn","connectionRetryTimeout":120000,"connectionRetryCount":3,"logLevels":{},"enableDirectConnect":true,"strictSSL":true,"_":"65 more keys: [\"cacheDir\",\"port\",\"requestedCapabilities\",\"automationProtocol\",\"baseUrl\",\"waitforInterval\",\"waitforTimeout\",\"onReload\",\"beforeCommand\",\"afterCommand\",\"rootDir\",\"specs\",\"suites\",\"exclude\",\"groupLogsByTestSpec\",\"excludeDriverLogs\",\"bail\",\"framework\",\"reporters\",\"services\",\"maxInstances\",\"maxInstancesPerCapability\",\"injectGlobals\",\"filesToWatch\",\"execArgv\",\"runnerEnv\",\"runner\",\"shard\",\"specFileRetries\",\"specFileRetriesDelay\",\"specFileRetriesDeferred\",\"reporterSyncInterval\",\"reporterSyncTimeout\",\"cucumberFeaturesWithLineNumbers\",\"autoCompileOpts\",\"mochaOpts\",\"jasmineOpts\",\"cucumberOpts\",\"onPrepare\",\"onWorkerStart\",\"onWorkerEnd\",\"before\",\"beforeSession\",\"beforeSuite\",\"beforeHook\",\"beforeTest\",\"afterTest\",\"afterHook\",\"afterSuite\",\"afterSession\",\"after\",\"onComplete\",\"beforeAssertion\",\"afterAssertion\",\"beforeFeature\",\"beforeScenario\",\"beforeStep\",\"afterStep\",\"afterScenario\",\"afterFeature\",\"_\",\"suite\",\"$0\",\"ignoredWorkerServices\",\"wdi5\"]"}]}
RESULT: {"script":"<script> [2342 bytes]","args":[{"protocol":"http","hostname":"0.0.0.0","path":"/","capabilities":{"browserName":"chrome","goog:chromeOptions":{"binary":"C:\\Program Files\\Google\\Chrome\\Application\\chrome.exe","args":["--start-maximized"]}},"logLevel":"warn","connectionRetryTimeout":120000,"connectionRetryCount":3,"logLevels":{},"enableDirectConnect":true,"strictSSL":true,"_":"65 more keys: [\"cacheDir\",\"port\",\"requestedCapabilities\",\"automationProtocol\",\"baseUrl\",\"waitforInterval\",\"waitforTimeout\",\"onReload\",\"beforeCommand\",\"afterCommand\",\"rootDir\",\"specs\",\"suites\",\"exclude\",\"groupLogsByTestSpec\",\"excludeDriverLogs\",\"bail\",\"framework\",\"reporters\",\"services\",\"maxInstances\",\"maxInstancesPerCapability\",\"injectGlobals\",\"filesToWatch\",\"execArgv\",\"runnerEnv\",\"runner\",\"shard\",\"specFileRetries\",\"specFileRetriesDelay\",\"specFileRetriesDeferred\",\"reporterSyncInterval\",\"reporterSyncTimeout\",\"cucumberFeaturesWithLineNumbers\",\"autoCompileOpts\",\"mochaOpts\",\"jasmineOpts\",\"cucumberOpts\",\"onPrepare\",\"onWorkerStart\",\"onWorkerEnd\",\"before\",\"beforeSession\",\"beforeSuite\",\"beforeHook\",\"beforeTest\",\"afterTest\",\"afterHook\",\"afterSuite\",\"afterSession\",\"after\",\"onComplete\",\"beforeAssertion\",\"afterAssertion\",\"beforeFeature\",\"beforeScenario\",\"beforeStep\",\"afterStep\",\"afterScenario\",\"afterFeature\",\"_\",\"suite\",\"$0\",\"ignoredWorkerServices\",\"wdi5\"]"}]}
COMMAND: POST /session/cdd305857320dd590ea5bbf59a31d46e/execute/async - {"script":"<script> [21126 bytes]","args":[35000]}
RESULT: {"script":"<script> [21126 bytes]","args":[35000]}
COMMAND: POST /session/cdd305857320dd590ea5bbf59a31d46e/window/maximize - {}
RESULT: {}
COMMAND: POST /session/cdd305857320dd590ea5bbf59a31d46e/execute/async - {"script":"<script> [1562 bytes]","args":[{"selector":{"id":"shell-header","interaction":{"idSuffix":"icon"}},"wdio_ui5_key":"shellheader"}]}
COMMAND: GET /session/cdd305857320dd590ea5bbf59a31d46e/screenshot - {}
RESULT: {"script":"<script> [1562 bytes]","args":[{"selector":{"id":"shell-header","interaction":{"idSuffix":"icon"}},"wdio_ui5_key":"shellheader"}]}
RESULT: undefined
COMMAND: POST /session/cdd305857320dd590ea5bbf59a31d46e/window/fullscreen - {}
RESULT: {}
RESULT: {}
]]></system-out>
    </testcase>
  </testsuite>
  <testsuite timestamp="2025-05-27T16:31:02" time="152.124" tests="6" failures="0" errors="0" skipped="0">
    <properties>
      <property name="specId" value="0"/>
      <property name="suiteName" value="Provide to Site w/ warehouse management w/ clarification US115878"/>
      <property name="capabilities" value="chrome.136_0_7103_93.windows"/>
      <property name="file" value="file:///D:/a/1/s/test/specs/HTR/provide-to-site-w-warehouse-w-clarification.spec.js"/>
    </properties>
    <testcase classname="chrome.136_0_7103_93.windows.Provide_to_Site_w/_warehouse_management_w/_clarification_US115878" name="Should create a new WHM yard" time="0.03">
      <system-out><![CDATA[
COMMAND: POST /session/cdd305857320dd590ea5bbf59a31d46e/window/fullscreen - {}
RESULT: {}
]]></system-out>
    </testcase>
    <testcase classname="chrome.136_0_7103_93.windows.Provide_to_Site_w/_warehouse_management_w/_clarification_US115878" name="Should create a new external WHM partner" time="0.005"/>
    <testcase classname="chrome.136_0_7103_93.windows.Provide_to_Site_w/_warehouse_management_w/_clarification_US115878" name="Should create a new WHM site" time="0.006"/>
    <testcase classname="chrome.136_0_7103_93.windows.Provide_to_Site_w/_warehouse_management_w/_clarification_US115878" name="Should create a new material" time="135.404">
      <system-out><![CDATA[
COMMAND: POST /session/cdd305857320dd590ea5bbf59a31d46e/execute/async - {"script":"<script> [1562 bytes]","args":[{"selector":{"controlType":"sap.m.GenericTile","properties":{"header":"Manage Resources"}},"wdio_ui5_key":"sapm.GenericTile{\"header\":\"Manage Resources\"}"}]}
RESULT: {"script":"<script> [1562 bytes]","args":[{"selector":{"controlType":"sap.m.GenericTile","properties":{"header":"Manage Resources"}},"wdio_ui5_key":"sapm.GenericTile{\"header\":\"Manage Resources\"}"}]}
RESULT: undefined
COMMAND: POST /session/cdd305857320dd590ea5bbf59a31d46e/element - {"using":"xpath","value":"//*[@id=\"__tile31\"]"}
RESULT: {"using":"xpath","value":"//*[@id=\"__tile31\"]"}
COMMAND: POST /session/cdd305857320dd590ea5bbf59a31d46e/element/f.492DEA3F6A95B07ADA96E928C4F8A0EF.d.B8E7263F503A9A0756C1DA6A5ADC3F25.e.4655/click - {}
RESULT: {}
COMMAND: GET /session/cdd305857320dd590ea5bbf59a31d46e/screenshot - {}
RESULT: {}
COMMAND: POST /session/cdd305857320dd590ea5bbf59a31d46e/elements - {"using":"xpath","value":"//span[text()='Error']"}
RESULT: {"using":"xpath","value":"//span[text()='Error']"}
COMMAND: POST /session/cdd305857320dd590ea5bbf59a31d46e/element - {"using":"xpath","value":"//button[@data-kt=\"addNewRUOverflowToolbarButton\"]"}
RESULT: {"using":"xpath","value":"//button[@data-kt=\"addNewRUOverflowToolbarButton\"]"}
COMMAND: POST /session/cdd305857320dd590ea5bbf59a31d46e/elements - {"using":"xpath","value":"//button[@data-kt=\"addNewRUOverflowToolbarButton\"]"}
RESULT: {"using":"xpath","value":"//button[@data-kt=\"addNewRUOverflowToolbarButton\"]"}
COMMAND: POST /session/cdd305857320dd590ea5bbf59a31d46e/elements - {"using":"xpath","value":"//button[@data-kt=\"addNewRUOverflowToolbarButton\"]"}
RESULT: {"using":"xpath","value":"//button[@data-kt=\"addNewRUOverflowToolbarButton\"]"}
COMMAND: POST /session/cdd305857320dd590ea5bbf59a31d46e/elements - {"using":"xpath","value":"//button[@data-kt=\"addNewRUOverflowToolbarButton\"]"}
RESULT: {"using":"xpath","value":"//button[@data-kt=\"addNewRUOverflowToolbarButton\"]"}
COMMAND: POST /session/cdd305857320dd590ea5bbf59a31d46e/elements - {"using":"xpath","value":"//button[@data-kt=\"addNewRUOverflowToolbarButton\"]"}
RESULT: {"using":"xpath","value":"//button[@data-kt=\"addNewRUOverflowToolbarButton\"]"}
COMMAND: POST /session/cdd305857320dd590ea5bbf59a31d46e/elements - {"using":"xpath","value":"//button[@data-kt=\"addNewRUOverflowToolbarButton\"]"}
RESULT: {"using":"xpath","value":"//button[@data-kt=\"addNewRUOverflowToolbarButton\"]"}
COMMAND: POST /session/cdd305857320dd590ea5bbf59a31d46e/elements - {"using":"xpath","value":"//button[@data-kt=\"addNewRUOverflowToolbarButton\"]"}
RESULT: {"using":"xpath","value":"//button[@data-kt=\"addNewRUOverflowToolbarButton\"]"}
COMMAND: POST /session/cdd305857320dd590ea5bbf59a31d46e/elements - {"using":"xpath","value":"//button[@data-kt=\"addNewRUOverflowToolbarButton\"]"}
RESULT: {"using":"xpath","value":"//button[@data-kt=\"addNewRUOverflowToolbarButton\"]"}
COMMAND: POST /session/cdd305857320dd590ea5bbf59a31d46e/elements - {"using":"xpath","value":"//button[@data-kt=\"addNewRUOverflowToolbarButton\"]"}
RESULT: {"using":"xpath","value":"//button[@data-kt=\"addNewRUOverflowToolbarButton\"]"}
COMMAND: POST /session/cdd305857320dd590ea5bbf59a31d46e/elements - {"using":"xpath","value":"//button[@data-kt=\"addNewRUOverflowToolbarButton\"]"}
RESULT: {"using":"xpath","value":"//button[@data-kt=\"addNewRUOverflowToolbarButton\"]"}
COMMAND: POST /session/cdd305857320dd590ea5bbf59a31d46e/elements - {"using":"xpath","value":"//button[@data-kt=\"addNewRUOverflowToolbarButton\"]"}
RESULT: {"using":"xpath","value":"//button[@data-kt=\"addNewRUOverflowToolbarButton\"]"}
COMMAND: POST /session/cdd305857320dd590ea5bbf59a31d46e/elements - {"using":"xpath","value":"//button[@data-kt=\"addNewRUOverflowToolbarButton\"]"}
RESULT: {"using":"xpath","value":"//button[@data-kt=\"addNewRUOverflowToolbarButton\"]"}
COMMAND: POST /session/cdd305857320dd590ea5bbf59a31d46e/elements - {"using":"xpath","value":"//button[@data-kt=\"addNewRUOverflowToolbarButton\"]"}
RESULT: {"using":"xpath","value":"//button[@data-kt=\"addNewRUOverflowToolbarButton\"]"}
COMMAND: POST /session/cdd305857320dd590ea5bbf59a31d46e/elements - {"using":"xpath","value":"//button[@data-kt=\"addNewRUOverflowToolbarButton\"]"}
RESULT: {"using":"xpath","value":"//button[@data-kt=\"addNewRUOverflowToolbarButton\"]"}
COMMAND: POST /session/cdd305857320dd590ea5bbf59a31d46e/elements - {"using":"xpath","value":"//button[@data-kt=\"addNewRUOverflowToolbarButton\"]"}
RESULT: {"using":"xpath","value":"//button[@data-kt=\"addNewRUOverflowToolbarButton\"]"}
COMMAND: POST /session/cdd305857320dd590ea5bbf59a31d46e/elements - {"using":"xpath","value":"//button[@data-kt=\"addNewRUOverflowToolbarButton\"]"}
RESULT: {"using":"xpath","value":"//button[@data-kt=\"addNewRUOverflowToolbarButton\"]"}
COMMAND: POST /session/cdd305857320dd590ea5bbf59a31d46e/elements - {"using":"xpath","value":"//button[@data-kt=\"addNewRUOverflowToolbarButton\"]"}
RESULT: {"using":"xpath","value":"//button[@data-kt=\"addNewRUOverflowToolbarButton\"]"}
COMMAND: POST /session/cdd305857320dd590ea5bbf59a31d46e/elements - {"using":"xpath","value":"//button[@data-kt=\"addNewRUOverflowToolbarButton\"]"}
RESULT: {"using":"xpath","value":"//button[@data-kt=\"addNewRUOverflowToolbarButton\"]"}
COMMAND: POST /session/cdd305857320dd590ea5bbf59a31d46e/elements - {"using":"xpath","value":"//button[@data-kt=\"addNewRUOverflowToolbarButton\"]"}
RESULT: {"using":"xpath","value":"//button[@data-kt=\"addNewRUOverflowToolbarButton\"]"}
COMMAND: POST /session/cdd305857320dd590ea5bbf59a31d46e/elements - {"using":"xpath","value":"//button[@data-kt=\"addNewRUOverflowToolbarButton\"]"}
RESULT: {"using":"xpath","value":"//button[@data-kt=\"addNewRUOverflowToolbarButton\"]"}
COMMAND: POST /session/cdd305857320dd590ea5bbf59a31d46e/elements - {"using":"xpath","value":"//button[@data-kt=\"addNewRUOverflowToolbarButton\"]"}
RESULT: {"using":"xpath","value":"//button[@data-kt=\"addNewRUOverflowToolbarButton\"]"}
COMMAND: POST /session/cdd305857320dd590ea5bbf59a31d46e/elements - {"using":"xpath","value":"//button[@data-kt=\"addNewRUOverflowToolbarButton\"]"}
RESULT: {"using":"xpath","value":"//button[@data-kt=\"addNewRUOverflowToolbarButton\"]"}
COMMAND: POST /session/cdd305857320dd590ea5bbf59a31d46e/elements - {"using":"xpath","value":"//button[@data-kt=\"addNewRUOverflowToolbarButton\"]"}
RESULT: {"using":"xpath","value":"//button[@data-kt=\"addNewRUOverflowToolbarButton\"]"}
COMMAND: POST /session/cdd305857320dd590ea5bbf59a31d46e/elements - {"using":"xpath","value":"//button[@data-kt=\"addNewRUOverflowToolbarButton\"]"}
RESULT: {"using":"xpath","value":"//button[@data-kt=\"addNewRUOverflowToolbarButton\"]"}
COMMAND: POST /session/cdd305857320dd590ea5bbf59a31d46e/elements - {"using":"xpath","value":"//button[@data-kt=\"addNewRUOverflowToolbarButton\"]"}
RESULT: {"using":"xpath","value":"//button[@data-kt=\"addNewRUOverflowToolbarButton\"]"}
COMMAND: POST /session/cdd305857320dd590ea5bbf59a31d46e/elements - {"using":"xpath","value":"//button[@data-kt=\"addNewRUOverflowToolbarButton\"]"}
RESULT: {"using":"xpath","value":"//button[@data-kt=\"addNewRUOverflowToolbarButton\"]"}
COMMAND: POST /session/cdd305857320dd590ea5bbf59a31d46e/elements - {"using":"xpath","value":"//button[@data-kt=\"addNewRUOverflowToolbarButton\"]"}
RESULT: {"using":"xpath","value":"//button[@data-kt=\"addNewRUOverflowToolbarButton\"]"}
COMMAND: POST /session/cdd305857320dd590ea5bbf59a31d46e/elements - {"using":"xpath","value":"//button[@data-kt=\"addNewRUOverflowToolbarButton\"]"}
RESULT: {"using":"xpath","value":"//button[@data-kt=\"addNewRUOverflowToolbarButton\"]"}
COMMAND: POST /session/cdd305857320dd590ea5bbf59a31d46e/elements - {"using":"xpath","value":"//button[@data-kt=\"addNewRUOverflowToolbarButton\"]"}
RESULT: {"using":"xpath","value":"//button[@data-kt=\"addNewRUOverflowToolbarButton\"]"}
COMMAND: POST /session/cdd305857320dd590ea5bbf59a31d46e/elements - {"using":"xpath","value":"//button[@data-kt=\"addNewRUOverflowToolbarButton\"]"}
RESULT: {"using":"xpath","value":"//button[@data-kt=\"addNewRUOverflowToolbarButton\"]"}
COMMAND: POST /session/cdd305857320dd590ea5bbf59a31d46e/elements - {"using":"xpath","value":"//button[@data-kt=\"addNewRUOverflowToolbarButton\"]"}
RESULT: {"using":"xpath","value":"//button[@data-kt=\"addNewRUOverflowToolbarButton\"]"}
COMMAND: POST /session/cdd305857320dd590ea5bbf59a31d46e/elements - {"using":"xpath","value":"//button[@data-kt=\"addNewRUOverflowToolbarButton\"]"}
RESULT: {"using":"xpath","value":"//button[@data-kt=\"addNewRUOverflowToolbarButton\"]"}
COMMAND: POST /session/cdd305857320dd590ea5bbf59a31d46e/elements - {"using":"xpath","value":"//button[@data-kt=\"addNewRUOverflowToolbarButton\"]"}
RESULT: {"using":"xpath","value":"//button[@data-kt=\"addNewRUOverflowToolbarButton\"]"}
COMMAND: POST /session/cdd305857320dd590ea5bbf59a31d46e/elements - {"using":"xpath","value":"//button[@data-kt=\"addNewRUOverflowToolbarButton\"]"}
RESULT: {"using":"xpath","value":"//button[@data-kt=\"addNewRUOverflowToolbarButton\"]"}
COMMAND: POST /session/cdd305857320dd590ea5bbf59a31d46e/elements - {"using":"xpath","value":"//button[@data-kt=\"addNewRUOverflowToolbarButton\"]"}
RESULT: {"using":"xpath","value":"//button[@data-kt=\"addNewRUOverflowToolbarButton\"]"}
COMMAND: POST /session/cdd305857320dd590ea5bbf59a31d46e/element - {"using":"xpath","value":"//button[@data-kt=\"addNewRUOverflowToolbarButton\"]"}
RESULT: {"using":"xpath","value":"//button[@data-kt=\"addNewRUOverflowToolbarButton\"]"}
COMMAND: POST /session/cdd305857320dd590ea5bbf59a31d46e/execute/sync - {"script":"<script> [8489 bytes]","args":[{"element-6066-11e4-a52e-4f735466cecf":"f.492DEA3F6A95B07ADA96E928C4F8A0EF.d.B8E7263F503A9A0756C1DA6A5ADC3F25.e.4786","ELEMENT":"f.492DEA3F6A95B07ADA96E928C4F8A0EF.d.B8E7263F503A9A0756C1DA6A5ADC3F25.e.4786"}]}
RESULT: {"script":"<script> [8489 bytes]","args":[{"element-6066-11e4-a52e-4f735466cecf":"f.492DEA3F6A95B07ADA96E928C4F8A0EF.d.B8E7263F503A9A0756C1DA6A5ADC3F25.e.4786","ELEMENT":"f.492DEA3F6A95B07ADA96E928C4F8A0EF.d.B8E7263F503A9A0756C1DA6A5ADC3F25.e.4786"}]}
COMMAND: GET /session/cdd305857320dd590ea5bbf59a31d46e/element/f.492DEA3F6A95B07ADA96E928C4F8A0EF.d.B8E7263F503A9A0756C1DA6A5ADC3F25.e.4786/enabled - {}
COMMAND: GET /session/cdd305857320dd590ea5bbf59a31d46e/screenshot - {}
RESULT: {}
RESULT: {}
COMMAND: POST /session/cdd305857320dd590ea5bbf59a31d46e/execute/sync - {"script":"<script> [8489 bytes]","args":[{"element-6066-11e4-a52e-4f735466cecf":"f.492DEA3F6A95B07ADA96E928C4F8A0EF.d.B8E7263F503A9A0756C1DA6A5ADC3F25.e.4786","ELEMENT":"f.492DEA3F6A95B07ADA96E928C4F8A0EF.d.B8E7263F503A9A0756C1DA6A5ADC3F25.e.4786"}]}
COMMAND: GET /session/cdd305857320dd590ea5bbf59a31d46e/screenshot - {}
RESULT: {"script":"<script> [8489 bytes]","args":[{"element-6066-11e4-a52e-4f735466cecf":"f.492DEA3F6A95B07ADA96E928C4F8A0EF.d.B8E7263F503A9A0756C1DA6A5ADC3F25.e.4786","ELEMENT":"f.492DEA3F6A95B07ADA96E928C4F8A0EF.d.B8E7263F503A9A0756C1DA6A5ADC3F25.e.4786"}]}
COMMAND: POST /session/cdd305857320dd590ea5bbf59a31d46e/execute/sync - {"script":"<script> [5351 bytes]","args":[{"element-6066-11e4-a52e-4f735466cecf":"f.492DEA3F6A95B07ADA96E928C4F8A0EF.d.B8E7263F503A9A0756C1DA6A5ADC3F25.e.4786","ELEMENT":"f.492DEA3F6A95B07ADA96E928C4F8A0EF.d.B8E7263F503A9A0756C1DA6A5ADC3F25.e.4786"}]}
COMMAND: GET /session/cdd305857320dd590ea5bbf59a31d46e/screenshot - {}
RESULT: {}
RESULT: {"script":"<script> [5351 bytes]","args":[{"element-6066-11e4-a52e-4f735466cecf":"f.492DEA3F6A95B07ADA96E928C4F8A0EF.d.B8E7263F503A9A0756C1DA6A5ADC3F25.e.4786","ELEMENT":"f.492DEA3F6A95B07ADA96E928C4F8A0EF.d.B8E7263F503A9A0756C1DA6A5ADC3F25.e.4786"}]}
COMMAND: POST /session/cdd305857320dd590ea5bbf59a31d46e/element/f.492DEA3F6A95B07ADA96E928C4F8A0EF.d.B8E7263F503A9A0756C1DA6A5ADC3F25.e.4786/click - {}
COMMAND: GET /session/cdd305857320dd590ea5bbf59a31d46e/screenshot - {}
RESULT: {}
RESULT: {}
RESULT: {}
COMMAND: GET /session/cdd305857320dd590ea5bbf59a31d46e/screenshot - {}
COMMAND: POST /session/cdd305857320dd590ea5bbf59a31d46e/execute/async - {"script":"<script> [1562 bytes]","args":[{"selector":{"id":"application-manageresources-display-component---newResourceUnit--TYPE-arrow"},"wdio_ui5_key":"applicationmanageresources-display-component---newResourceUnit--TYPE-arrow"}]}
RESULT: {}
RESULT: {"script":"<script> [1562 bytes]","args":[{"selector":{"id":"application-manageresources-display-component---newResourceUnit--TYPE-arrow"},"wdio_ui5_key":"applicationmanageresources-display-component---newResourceUnit--TYPE-arrow"}]}
RESULT: undefined
COMMAND: POST /session/cdd305857320dd590ea5bbf59a31d46e/element - {"using":"xpath","value":"//*[@id=\"application-manageresources-display-component---newResourceUnit--TYPE-arrow\"]"}
RESULT: {"using":"xpath","value":"//*[@id=\"application-manageresources-display-component---newResourceUnit--TYPE-arrow\"]"}
COMMAND: POST /session/cdd305857320dd590ea5bbf59a31d46e/element/f.492DEA3F6A95B07ADA96E928C4F8A0EF.d.B8E7263F503A9A0756C1DA6A5ADC3F25.e.5147/click - {}
RESULT: {}
COMMAND: POST /session/cdd305857320dd590ea5bbf59a31d46e/element - {"using":"xpath","value":"//input[@id=\"application-manageresources-display-component---newResourceUnit--TYPE-inner\"]"}
COMMAND: GET /session/cdd305857320dd590ea5bbf59a31d46e/screenshot - {}
RESULT: {"using":"xpath","value":"//input[@id=\"application-manageresources-display-component---newResourceUnit--TYPE-inner\"]"}
COMMAND: POST /session/cdd305857320dd590ea5bbf59a31d46e/element/f.492DEA3F6A95B07ADA96E928C4F8A0EF.d.B8E7263F503A9A0756C1DA6A5ADC3F25.e.5138/clear - {}
RESULT: {}
RESULT: {}
COMMAND: POST /session/cdd305857320dd590ea5bbf59a31d46e/element/f.492DEA3F6A95B07ADA96E928C4F8A0EF.d.B8E7263F503A9A0756C1DA6A5ADC3F25.e.5138/value - {"text":"Material"}
COMMAND: GET /session/cdd305857320dd590ea5bbf59a31d46e/screenshot - {}
RESULT: {"text":"Material"}
COMMAND: GET /session/cdd305857320dd590ea5bbf59a31d46e/screenshot - {}
RESULT: {}
RESULT: {}
COMMAND: POST /session/cdd305857320dd590ea5bbf59a31d46e/actions - {"actions":[{"id":"action17","type":"key","parameters":{},"actions":[{"type":"keyDown","value":""},{"type":"pause","duration":10},{"type":"keyUp","value":""}]}]}
RESULT: {"actions":[{"id":"action17","type":"key","parameters":{},"actions":[{"type":"keyDown","value":""},{"type":"pause","duration":10},{"type":"keyUp","value":""}]}]}
COMMAND: POST /session/cdd305857320dd590ea5bbf59a31d46e/execute/async - {"script":"<script> [1562 bytes]","args":[{"selector":{"id":"application-manageresources-display-component---newResourceUnit--SHORT_TEXT","interaction":{"idSuffix":"inner"}},"wdio_ui5_key":"applicationmanageresources-display-component---newResourceUnit--SHORT_TEXT"}]}
COMMAND: GET /session/cdd305857320dd590ea5bbf59a31d46e/screenshot - {}
RESULT: {"script":"<script> [1562 bytes]","args":[{"selector":{"id":"application-manageresources-display-component---newResourceUnit--SHORT_TEXT","interaction":{"idSuffix":"inner"}},"wdio_ui5_key":"applicationmanageresources-display-component---newResourceUnit--SHORT_TEXT"}]}
RESULT: undefined
COMMAND: POST /session/cdd305857320dd590ea5bbf59a31d46e/execute/async - {"script":"<script> [776 bytes]","args":[{"enterText":"Cement WDIO","selector":{"id":"application-manageresources-display-component---newResourceUnit--SHORT_TEXT","interaction":{"idSuffix":"inner"}},"clearTextFirst":true,"interactionType":"ENTER_TEXT"}]}
RESULT: {}
RESULT: {"script":"<script> [776 bytes]","args":[{"enterText":"Cement WDIO","selector":{"id":"application-manageresources-display-component---newResourceUnit--SHORT_TEXT","interaction":{"idSuffix":"inner"}},"clearTextFirst":true,"interactionType":"ENTER_TEXT"}]}
COMMAND: POST /session/cdd305857320dd590ea5bbf59a31d46e/execute/async - {"script":"<script> [1562 bytes]","args":[{"selector":{"id":"application-manageresources-display-component---newResourceUnit--BASE_UNIT_OF_MEASURE","interaction":{"idSuffix":"inner"}},"wdio_ui5_key":"applicationmanageresources-display-component---newResourceUnit--BASE_UNIT_OF_MEASURE"}]}
RESULT: {"script":"<script> [1562 bytes]","args":[{"selector":{"id":"application-manageresources-display-component---newResourceUnit--BASE_UNIT_OF_MEASURE","interaction":{"idSuffix":"inner"}},"wdio_ui5_key":"applicationmanageresources-display-component---newResourceUnit--BASE_UNIT_OF_MEASURE"}]}
RESULT: undefined
COMMAND: POST /session/cdd305857320dd590ea5bbf59a31d46e/execute/async - {"script":"<script> [776 bytes]","args":[{"enterText":"Piece","selector":{"id":"application-manageresources-display-component---newResourceUnit--BASE_UNIT_OF_MEASURE","interaction":{"idSuffix":"inner"}},"clearTextFirst":true,"interactionType":"ENTER_TEXT"}]}
RESULT: {"script":"<script> [776 bytes]","args":[{"enterText":"Piece","selector":{"id":"application-manageresources-display-component---newResourceUnit--BASE_UNIT_OF_MEASURE","interaction":{"idSuffix":"inner"}},"clearTextFirst":true,"interactionType":"ENTER_TEXT"}]}
COMMAND: POST /session/cdd305857320dd590ea5bbf59a31d46e/execute/async - {"script":"<script> [1562 bytes]","args":[{"selector":{"id":"application-manageresources-display-component---newResourceUnit--WEIGHT_UNIT","interaction":{"idSuffix":"inner"}},"wdio_ui5_key":"applicationmanageresources-display-component---newResourceUnit--WEIGHT_UNIT"}]}
RESULT: {"script":"<script> [1562 bytes]","args":[{"selector":{"id":"application-manageresources-display-component---newResourceUnit--WEIGHT_UNIT","interaction":{"idSuffix":"inner"}},"wdio_ui5_key":"applicationmanageresources-display-component---newResourceUnit--WEIGHT_UNIT"}]}
RESULT: undefined
COMMAND: POST /session/cdd305857320dd590ea5bbf59a31d46e/execute/async - {"script":"<script> [776 bytes]","args":[{"enterText":"Gram","selector":{"id":"application-manageresources-display-component---newResourceUnit--WEIGHT_UNIT","interaction":{"idSuffix":"inner"}},"clearTextFirst":true,"interactionType":"ENTER_TEXT"}]}
RESULT: {"script":"<script> [776 bytes]","args":[{"enterText":"Gram","selector":{"id":"application-manageresources-display-component---newResourceUnit--WEIGHT_UNIT","interaction":{"idSuffix":"inner"}},"clearTextFirst":true,"interactionType":"ENTER_TEXT"}]}
COMMAND: POST /session/cdd305857320dd590ea5bbf59a31d46e/execute/async - {"script":"<script> [1562 bytes]","args":[{"selector":{"id":"application-manageresources-display-component---newResourceUnit--DIMENSION_UNIT","interaction":{"idSuffix":"inner"}},"wdio_ui5_key":"applicationmanageresources-display-component---newResourceUnit--DIMENSION_UNIT"}]}
RESULT: {"script":"<script> [1562 bytes]","args":[{"selector":{"id":"application-manageresources-display-component---newResourceUnit--DIMENSION_UNIT","interaction":{"idSuffix":"inner"}},"wdio_ui5_key":"applicationmanageresources-display-component---newResourceUnit--DIMENSION_UNIT"}]}
RESULT: undefined
COMMAND: POST /session/cdd305857320dd590ea5bbf59a31d46e/execute/async - {"script":"<script> [776 bytes]","args":[{"enterText":"Meter","selector":{"id":"application-manageresources-display-component---newResourceUnit--DIMENSION_UNIT","interaction":{"idSuffix":"inner"}},"clearTextFirst":true,"interactionType":"ENTER_TEXT"}]}
RESULT: {"script":"<script> [776 bytes]","args":[{"enterText":"Meter","selector":{"id":"application-manageresources-display-component---newResourceUnit--DIMENSION_UNIT","interaction":{"idSuffix":"inner"}},"clearTextFirst":true,"interactionType":"ENTER_TEXT"}]}
COMMAND: POST /session/cdd305857320dd590ea5bbf59a31d46e/execute/async - {"script":"<script> [1562 bytes]","args":[{"selector":{"id":"application-manageresources-display-component---newResourceUnit--newRRUPage-anchBar-application-manageresources-display-component---newResourceUnit--control-anchor","interaction":{"idSuffix":"BDI-content"}},"wdio_ui5_key":"applicationmanageresources-display-component---newResourceUnit--newRRUPage-anchBar-application-manageresources-display-component---newResourceUnit--control-anchor"}]}
RESULT: {"script":"<script> [1562 bytes]","args":[{"selector":{"id":"application-manageresources-display-component---newResourceUnit--newRRUPage-anchBar-application-manageresources-display-component---newResourceUnit--control-anchor","interaction":{"idSuffix":"BDI-content"}},"wdio_ui5_key":"applicationmanageresources-display-component---newResourceUnit--newRRUPage-anchBar-application-manageresources-display-component---newResourceUnit--control-anchor"}]}
RESULT: undefined
COMMAND: POST /session/cdd305857320dd590ea5bbf59a31d46e/element - {"using":"xpath","value":"//*[@id=\"application-manageresources-display-component---newResourceUnit--newRRUPage-anchBar-application-manageresources-display-component---newResourceUnit--control-anchor\"]"}
RESULT: {"using":"xpath","value":"//*[@id=\"application-manageresources-display-component---newResourceUnit--newRRUPage-anchBar-application-manageresources-display-component---newResourceUnit--control-anchor\"]"}
COMMAND: POST /session/cdd305857320dd590ea5bbf59a31d46e/element/f.492DEA3F6A95B07ADA96E928C4F8A0EF.d.B8E7263F503A9A0756C1DA6A5ADC3F25.e.5279/click - {}
RESULT: {}
COMMAND: POST /session/cdd305857320dd590ea5bbf59a31d46e/execute/async - {"script":"<script> [1562 bytes]","args":[{"selector":{"id":"application-manageresources-display-component---newResourceUnit--PLANNING_GROUP","interaction":{"idSuffix":"inner"}},"wdio_ui5_key":"applicationmanageresources-display-component---newResourceUnit--PLANNING_GROUP"}]}
COMMAND: GET /session/cdd305857320dd590ea5bbf59a31d46e/screenshot - {}
RESULT: {"script":"<script> [1562 bytes]","args":[{"selector":{"id":"application-manageresources-display-component---newResourceUnit--PLANNING_GROUP","interaction":{"idSuffix":"inner"}},"wdio_ui5_key":"applicationmanageresources-display-component---newResourceUnit--PLANNING_GROUP"}]}
RESULT: undefined
COMMAND: POST /session/cdd305857320dd590ea5bbf59a31d46e/execute/async - {"script":"<script> [776 bytes]","args":[{"enterText":"Material","selector":{"id":"application-manageresources-display-component---newResourceUnit--PLANNING_GROUP","interaction":{"idSuffix":"inner"}},"clearTextFirst":true,"interactionType":"ENTER_TEXT"}]}
RESULT: {}
RESULT: {"script":"<script> [776 bytes]","args":[{"enterText":"Material","selector":{"id":"application-manageresources-display-component---newResourceUnit--PLANNING_GROUP","interaction":{"idSuffix":"inner"}},"clearTextFirst":true,"interactionType":"ENTER_TEXT"}]}
COMMAND: POST /session/cdd305857320dd590ea5bbf59a31d46e/execute/async - {"script":"<script> [1562 bytes]","args":[{"selector":{"id":"application-manageresources-display-component---newResourceUnit--PLANNING_INDICATOR","interaction":{"idSuffix":"inner"}},"wdio_ui5_key":"applicationmanageresources-display-component---newResourceUnit--PLANNING_INDICATOR"}]}
RESULT: {"script":"<script> [1562 bytes]","args":[{"selector":{"id":"application-manageresources-display-component---newResourceUnit--PLANNING_INDICATOR","interaction":{"idSuffix":"inner"}},"wdio_ui5_key":"applicationmanageresources-display-component---newResourceUnit--PLANNING_INDICATOR"}]}
RESULT: undefined
COMMAND: POST /session/cdd305857320dd590ea5bbf59a31d46e/execute/async - {"script":"<script> [776 bytes]","args":[{"enterText":"10 - infinite","selector":{"id":"application-manageresources-display-component---newResourceUnit--PLANNING_INDICATOR","interaction":{"idSuffix":"inner"}},"clearTextFirst":true,"interactionType":"ENTER_TEXT"}]}
RESULT: {"script":"<script> [776 bytes]","args":[{"enterText":"10 - infinite","selector":{"id":"application-manageresources-display-component---newResourceUnit--PLANNING_INDICATOR","interaction":{"idSuffix":"inner"}},"clearTextFirst":true,"interactionType":"ENTER_TEXT"}]}
COMMAND: POST /session/cdd305857320dd590ea5bbf59a31d46e/element - {"using":"css selector","value":"#application-manageresources-display-component---newResourceUnit--btnAddTimeSegment"}
RESULT: {"using":"css selector","value":"#application-manageresources-display-component---newResourceUnit--btnAddTimeSegment"}
COMMAND: GET /session/cdd305857320dd590ea5bbf59a31d46e/element/f.492DEA3F6A95B07ADA96E928C4F8A0EF.d.B8E7263F503A9A0756C1DA6A5ADC3F25.e.5287/rect - {}
RESULT: {}
COMMAND: GET /session/cdd305857320dd590ea5bbf59a31d46e/window/rect - {}
RESULT: {}
COMMAND: POST /session/cdd305857320dd590ea5bbf59a31d46e/execute/sync - {"script":"<script> [92 bytes]","args":[]}
RESULT: {"script":"<script> [92 bytes]","args":[]}
COMMAND: POST /session/cdd305857320dd590ea5bbf59a31d46e/actions - {"actions":[{"id":"action18","type":"wheel","parameters":{},"actions":[{"type":"scroll","x":-1888,"y":-32,"deltaX":0,"deltaY":0,"duration":0,"origin":{"element-6066-11e4-a52e-4f735466cecf":"f.492DEA3F6A95B07ADA96E928C4F8A0EF.d.B8E7263F503A9A0756C1DA6A5ADC3F25.e.5287"}}]}]}
COMMAND: GET /session/cdd305857320dd590ea5bbf59a31d46e/screenshot - {}
RESULT: {}
COMMAND: POST /session/cdd305857320dd590ea5bbf59a31d46e/execute/sync - {"script":"<script> [79 bytes]","args":[{"element-6066-11e4-a52e-4f735466cecf":"f.492DEA3F6A95B07ADA96E928C4F8A0EF.d.B8E7263F503A9A0756C1DA6A5ADC3F25.e.5287","ELEMENT":"f.492DEA3F6A95B07ADA96E928C4F8A0EF.d.B8E7263F503A9A0756C1DA6A5ADC3F25.e.5287"},{"block":"start","inline":"nearest"}]}
RESULT: {"script":"<script> [79 bytes]","args":[{"element-6066-11e4-a52e-4f735466cecf":"f.492DEA3F6A95B07ADA96E928C4F8A0EF.d.B8E7263F503A9A0756C1DA6A5ADC3F25.e.5287","ELEMENT":"f.492DEA3F6A95B07ADA96E928C4F8A0EF.d.B8E7263F503A9A0756C1DA6A5ADC3F25.e.5287"},{"block":"start","inline":"nearest"}]}
COMMAND: POST /session/cdd305857320dd590ea5bbf59a31d46e/execute/async - {"script":"<script> [1562 bytes]","args":[{"selector":{"id":"application-manageresources-display-component---newResourceUnit--btnAddTimeSegment","interaction":{"idSuffix":"inner"}},"wdio_ui5_key":"applicationmanageresources-display-component---newResourceUnit--btnAddTimeSegment"}]}
COMMAND: GET /session/cdd305857320dd590ea5bbf59a31d46e/screenshot - {}
RESULT: {"script":"<script> [1562 bytes]","args":[{"selector":{"id":"application-manageresources-display-component---newResourceUnit--btnAddTimeSegment","interaction":{"idSuffix":"inner"}},"wdio_ui5_key":"applicationmanageresources-display-component---newResourceUnit--btnAddTimeSegment"}]}
RESULT: undefined
COMMAND: POST /session/cdd305857320dd590ea5bbf59a31d46e/element - {"using":"xpath","value":"//*[@id=\"application-manageresources-display-component---newResourceUnit--btnAddTimeSegment\"]"}
RESULT: {}
RESULT: {"using":"xpath","value":"//*[@id=\"application-manageresources-display-component---newResourceUnit--btnAddTimeSegment\"]"}
COMMAND: POST /session/cdd305857320dd590ea5bbf59a31d46e/element/f.492DEA3F6A95B07ADA96E928C4F8A0EF.d.B8E7263F503A9A0756C1DA6A5ADC3F25.e.5287/click - {}
RESULT: {}
COMMAND: GET /session/cdd305857320dd590ea5bbf59a31d46e/screenshot - {}
RESULT: {}
COMMAND: POST /session/cdd305857320dd590ea5bbf59a31d46e/element - {"using":"xpath","value":"//input[@id=\"application-manageresources-display-component---newResourceUnit--idRuTSAdmin-application-manageresources-display-component---newResourceUnit--RUTimeSegment-0-inner\"]"}
RESULT: {"using":"xpath","value":"//input[@id=\"application-manageresources-display-component---newResourceUnit--idRuTSAdmin-application-manageresources-display-component---newResourceUnit--RUTimeSegment-0-inner\"]"}
COMMAND: POST /session/cdd305857320dd590ea5bbf59a31d46e/element/f.492DEA3F6A95B07ADA96E928C4F8A0EF.d.B8E7263F503A9A0756C1DA6A5ADC3F25.e.5292/clear - {}
RESULT: {}
COMMAND: POST /session/cdd305857320dd590ea5bbf59a31d46e/element/f.492DEA3F6A95B07ADA96E928C4F8A0EF.d.B8E7263F503A9A0756C1DA6A5ADC3F25.e.5292/value - {"text":"388"}
COMMAND: GET /session/cdd305857320dd590ea5bbf59a31d46e/screenshot - {}
RESULT: {"text":"388"}
COMMAND: GET /session/cdd305857320dd590ea5bbf59a31d46e/screenshot - {}
RESULT: {}
RESULT: {}
COMMAND: POST /session/cdd305857320dd590ea5bbf59a31d46e/element - {"using":"xpath","value":"//li[.//span[text()='388']]"}
RESULT: {"using":"xpath","value":"//li[.//span[text()='388']]"}
COMMAND: POST /session/cdd305857320dd590ea5bbf59a31d46e/element/f.492DEA3F6A95B07ADA96E928C4F8A0EF.d.B8E7263F503A9A0756C1DA6A5ADC3F25.e.5301/click - {}
RESULT: {}
COMMAND: GET /session/cdd305857320dd590ea5bbf59a31d46e/screenshot - {}
RESULT: {}
COMMAND: POST /session/cdd305857320dd590ea5bbf59a31d46e/element - {"using":"xpath","value":"(//span[contains(@id, \"-application-manageresources-display-component---newResourceUnit--RUTimeSegment-0-arrow\")])[2]"}
RESULT: {"using":"xpath","value":"(//span[contains(@id, \"-application-manageresources-display-component---newResourceUnit--RUTimeSegment-0-arrow\")])[2]"}
COMMAND: POST /session/cdd305857320dd590ea5bbf59a31d46e/element/f.492DEA3F6A95B07ADA96E928C4F8A0EF.d.B8E7263F503A9A0756C1DA6A5ADC3F25.e.5302/click - {}
RESULT: {}
COMMAND: POST /session/cdd305857320dd590ea5bbf59a31d46e/element - {"using":"xpath","value":"//span[contains(text(), \"PM Order\")]"}
COMMAND: GET /session/cdd305857320dd590ea5bbf59a31d46e/screenshot - {}
RESULT: {"using":"xpath","value":"//span[contains(text(), \"PM Order\")]"}
COMMAND: POST /session/cdd305857320dd590ea5bbf59a31d46e/element/f.492DEA3F6A95B07ADA96E928C4F8A0EF.d.B8E7263F503A9A0756C1DA6A5ADC3F25.e.5303/click - {}
RESULT: {}
RESULT: {}
COMMAND: GET /session/cdd305857320dd590ea5bbf59a31d46e/screenshot - {}
RESULT: {}
COMMAND: POST /session/cdd305857320dd590ea5bbf59a31d46e/element - {"using":"xpath","value":"//td/div/div/div/span[contains(@id, \"newResourceUnit--RUTimeSegment-0-vhi\")][1]"}
RESULT: {"using":"xpath","value":"//td/div/div/div/span[contains(@id, \"newResourceUnit--RUTimeSegment-0-vhi\")][1]"}
COMMAND: GET /session/cdd305857320dd590ea5bbf59a31d46e/element/f.492DEA3F6A95B07ADA96E928C4F8A0EF.d.B8E7263F503A9A0756C1DA6A5ADC3F25.e.5307/rect - {}
RESULT: {}
COMMAND: GET /session/cdd305857320dd590ea5bbf59a31d46e/window/rect - {}
RESULT: {}
COMMAND: POST /session/cdd305857320dd590ea5bbf59a31d46e/execute/sync - {"script":"<script> [92 bytes]","args":[]}
RESULT: {"script":"<script> [92 bytes]","args":[]}
COMMAND: POST /session/cdd305857320dd590ea5bbf59a31d46e/actions - {"actions":[{"id":"action19","type":"wheel","parameters":{},"actions":[{"type":"scroll","x":-1888,"y":-24,"deltaX":0,"deltaY":0,"duration":0,"origin":{"element-6066-11e4-a52e-4f735466cecf":"f.492DEA3F6A95B07ADA96E928C4F8A0EF.d.B8E7263F503A9A0756C1DA6A5ADC3F25.e.5307"}}]}]}
COMMAND: GET /session/cdd305857320dd590ea5bbf59a31d46e/screenshot - {}
RESULT: {}
COMMAND: POST /session/cdd305857320dd590ea5bbf59a31d46e/execute/sync - {"script":"<script> [79 bytes]","args":[{"element-6066-11e4-a52e-4f735466cecf":"f.492DEA3F6A95B07ADA96E928C4F8A0EF.d.B8E7263F503A9A0756C1DA6A5ADC3F25.e.5307","ELEMENT":"f.492DEA3F6A95B07ADA96E928C4F8A0EF.d.B8E7263F503A9A0756C1DA6A5ADC3F25.e.5307"},{"block":"start","inline":"nearest"}]}
RESULT: {"script":"<script> [79 bytes]","args":[{"element-6066-11e4-a52e-4f735466cecf":"f.492DEA3F6A95B07ADA96E928C4F8A0EF.d.B8E7263F503A9A0756C1DA6A5ADC3F25.e.5307","ELEMENT":"f.492DEA3F6A95B07ADA96E928C4F8A0EF.d.B8E7263F503A9A0756C1DA6A5ADC3F25.e.5307"},{"block":"start","inline":"nearest"}]}
COMMAND: GET /session/cdd305857320dd590ea5bbf59a31d46e/screenshot - {}
RESULT: {}
COMMAND: POST /session/cdd305857320dd590ea5bbf59a31d46e/element/f.492DEA3F6A95B07ADA96E928C4F8A0EF.d.B8E7263F503A9A0756C1DA6A5ADC3F25.e.5307/click - {}
RESULT: {}
COMMAND: GET /session/cdd305857320dd590ea5bbf59a31d46e/screenshot - {}
RESULT: {}
COMMAND: POST /session/cdd305857320dd590ea5bbf59a31d46e/execute/async - {"script":"<script> [1562 bytes]","args":[{"selector":{"controlType":"sap.m.SearchField","properties":{"placeholder":"Search"},"searchOpenDialogs":true,"interaction":{"idSuffix":"I"}},"wdio_ui5_key":"sapm.SearchField{\"placeholder\":\"Search\"}"}]}
RESULT: {"script":"<script> [1562 bytes]","args":[{"selector":{"controlType":"sap.m.SearchField","properties":{"placeholder":"Search"},"searchOpenDialogs":true,"interaction":{"idSuffix":"I"}},"wdio_ui5_key":"sapm.SearchField{\"placeholder\":\"Search\"}"}]}
RESULT: undefined
COMMAND: POST /session/cdd305857320dd590ea5bbf59a31d46e/execute/async - {"script":"<script> [776 bytes]","args":[{"enterText":"4000360","selector":{"controlType":"sap.m.SearchField","properties":{"placeholder":"Search"},"searchOpenDialogs":true,"interaction":{"idSuffix":"I"}},"clearTextFirst":true,"interactionType":"ENTER_TEXT"}]}
RESULT: {"script":"<script> [776 bytes]","args":[{"enterText":"4000360","selector":{"controlType":"sap.m.SearchField","properties":{"placeholder":"Search"},"searchOpenDialogs":true,"interaction":{"idSuffix":"I"}},"clearTextFirst":true,"interactionType":"ENTER_TEXT"}]}
COMMAND: POST /session/cdd305857320dd590ea5bbf59a31d46e/actions - {"actions":[{"id":"action20","type":"key","parameters":{},"actions":[{"type":"keyDown","value":""},{"type":"pause","duration":10},{"type":"keyUp","value":""}]}]}
RESULT: {"actions":[{"id":"action20","type":"key","parameters":{},"actions":[{"type":"keyDown","value":""},{"type":"pause","duration":10},{"type":"keyUp","value":""}]}]}
COMMAND: GET /session/cdd305857320dd590ea5bbf59a31d46e/screenshot - {}
RESULT: {}
COMMAND: POST /session/cdd305857320dd590ea5bbf59a31d46e/element - {"using":"xpath","value":"//td/div/span[contains(text(), \"BGL Vehicles\")]"}
RESULT: {"using":"xpath","value":"//td/div/span[contains(text(), \"BGL Vehicles\")]"}
COMMAND: POST /session/cdd305857320dd590ea5bbf59a31d46e/element/f.492DEA3F6A95B07ADA96E928C4F8A0EF.d.B8E7263F503A9A0756C1DA6A5ADC3F25.e.5329/click - {}
RESULT: {}
COMMAND: GET /session/cdd305857320dd590ea5bbf59a31d46e/screenshot - {}
RESULT: {}
COMMAND: POST /session/cdd305857320dd590ea5bbf59a31d46e/element - {"using":"xpath","value":"//bdi[contains(text(), \"OK\")]"}
RESULT: {"using":"xpath","value":"//bdi[contains(text(), \"OK\")]"}
COMMAND: POST /session/cdd305857320dd590ea5bbf59a31d46e/element/f.492DEA3F6A95B07ADA96E928C4F8A0EF.d.B8E7263F503A9A0756C1DA6A5ADC3F25.e.5330/click - {}
RESULT: {}
COMMAND: GET /session/cdd305857320dd590ea5bbf59a31d46e/screenshot - {}
RESULT: {}
COMMAND: POST /session/cdd305857320dd590ea5bbf59a31d46e/element - {"using":"xpath","value":"//label[contains(@class, 'sapMLabelRequired') and .//bdi[contains(text(), 'Planned Retirement')]]"}
RESULT: {"using":"xpath","value":"//label[contains(@class, 'sapMLabelRequired') and .//bdi[contains(text(), 'Planned Retirement')]]"}
COMMAND: POST /session/cdd305857320dd590ea5bbf59a31d46e/elements - {"using":"xpath","value":"//label[contains(@class, 'sapMLabelRequired') and .//bdi[contains(text(), 'Planned Retirement')]]"}
RESULT: {"using":"xpath","value":"//label[contains(@class, 'sapMLabelRequired') and .//bdi[contains(text(), 'Planned Retirement')]]"}
COMMAND: POST /session/cdd305857320dd590ea5bbf59a31d46e/element - {"using":"xpath","value":"//button[@data-kt=\"resourceUnitSaveButton\"]"}
RESULT: {"using":"xpath","value":"//button[@data-kt=\"resourceUnitSaveButton\"]"}
COMMAND: POST /session/cdd305857320dd590ea5bbf59a31d46e/element/f.492DEA3F6A95B07ADA96E928C4F8A0EF.d.B8E7263F503A9A0756C1DA6A5ADC3F25.e.5166/click - {}
RESULT: {}
COMMAND: GET /session/cdd305857320dd590ea5bbf59a31d46e/screenshot - {}
RESULT: {}
COMMAND: POST /session/cdd305857320dd590ea5bbf59a31d46e/element - {"using":"xpath","value":"//bdi[contains(text(), \"Close\")]"}
RESULT: {"using":"xpath","value":"//bdi[contains(text(), \"Close\")]"}
COMMAND: POST /session/cdd305857320dd590ea5bbf59a31d46e/element/f.492DEA3F6A95B07ADA96E928C4F8A0EF.d.B8E7263F503A9A0756C1DA6A5ADC3F25.e.5336/click - {}
RESULT: {}
COMMAND: GET /session/cdd305857320dd590ea5bbf59a31d46e/screenshot - {}
RESULT: {}
COMMAND: POST /session/cdd305857320dd590ea5bbf59a31d46e/element - {"using":"xpath","value":"//header[contains(@id, 'detailRruPage-headerTitle')]/div[1]/div[2]/div[2]/span[1]"}
RESULT: {"using":"xpath","value":"//header[contains(@id, 'detailRruPage-headerTitle')]/div[1]/div[2]/div[2]/span[1]"}
COMMAND: POST /session/cdd305857320dd590ea5bbf59a31d46e/elements - {"using":"xpath","value":"//header[contains(@id, 'detailRruPage-headerTitle')]/div[1]/div[2]/div[2]/span[1]"}
RESULT: {"using":"xpath","value":"//header[contains(@id, 'detailRruPage-headerTitle')]/div[1]/div[2]/div[2]/span[1]"}
COMMAND: POST /session/cdd305857320dd590ea5bbf59a31d46e/execute/sync - {"script":"<script> [56 bytes]","args":[{"element-6066-11e4-a52e-4f735466cecf":"f.492DEA3F6A95B07ADA96E928C4F8A0EF.d.B8E7263F503A9A0756C1DA6A5ADC3F25.e.5366","ELEMENT":"f.492DEA3F6A95B07ADA96E928C4F8A0EF.d.B8E7263F503A9A0756C1DA6A5ADC3F25.e.5366"}]}
RESULT: {"script":"<script> [56 bytes]","args":[{"element-6066-11e4-a52e-4f735466cecf":"f.492DEA3F6A95B07ADA96E928C4F8A0EF.d.B8E7263F503A9A0756C1DA6A5ADC3F25.e.5366","ELEMENT":"f.492DEA3F6A95B07ADA96E928C4F8A0EF.d.B8E7263F503A9A0756C1DA6A5ADC3F25.e.5366"}]}
COMMAND: POST /session/cdd305857320dd590ea5bbf59a31d46e/element - {"using":"css selector","value":"#shell-header-logo"}
COMMAND: GET /session/cdd305857320dd590ea5bbf59a31d46e/screenshot - {}
RESULT: {"using":"css selector","value":"#shell-header-logo"}
COMMAND: POST /session/cdd305857320dd590ea5bbf59a31d46e/element/f.492DEA3F6A95B07ADA96E928C4F8A0EF.d.B8E7263F503A9A0756C1DA6A5ADC3F25.e.4636/click - {}
RESULT: {}
RESULT: {}
COMMAND: GET /session/cdd305857320dd590ea5bbf59a31d46e/screenshot - {}
RESULT: {}
]]></system-out>
    </testcase>
    <testcase classname="chrome.136_0_7103_93.windows.Provide_to_Site_w/_warehouse_management_w/_clarification_US115878" name="Bin Status Report Should Create New Organization yard" time="0.027"/>
    <testcase classname="chrome.136_0_7103_93.windows.Provide_to_Site_w/_warehouse_management_w/_clarification_US115878" name="Bin Status Report Should Create New Organization for Site" time="0.009"/>
  </testsuite>
  <testsuite timestamp="2025-05-27T16:33:34" time="480.304" tests="6" failures="0" errors="0" skipped="0">
    <properties>
      <property name="specId" value="0"/>
      <property name="suiteName" value="Provide to Site w/ warehouse management w clarification"/>
      <property name="capabilities" value="chrome.136_0_7103_93.windows"/>
      <property name="file" value="file:///D:/a/1/s/test/specs/HTR/provide-to-site-w-warehouse-w-clarification.spec.js"/>
    </properties>
    <testcase classname="chrome.136_0_7103_93.windows.Provide_to_Site_w/_warehouse_management_w_clarification" name="Should do a stock increase handover" time="94.347">
      <system-out><![CDATA[
COMMAND: POST /session/cdd305857320dd590ea5bbf59a31d46e/execute/async - {"script":"<script> [1562 bytes]","args":[{"selector":{"controlType":"sap.m.GenericTile","properties":{"header":"Manage Handovers"}},"wdio_ui5_key":"sapm.GenericTile{\"header\":\"Manage Handovers\"}"}]}
RESULT: {"script":"<script> [1562 bytes]","args":[{"selector":{"controlType":"sap.m.GenericTile","properties":{"header":"Manage Handovers"}},"wdio_ui5_key":"sapm.GenericTile{\"header\":\"Manage Handovers\"}"}]}
RESULT: undefined
COMMAND: POST /session/cdd305857320dd590ea5bbf59a31d46e/element - {"using":"xpath","value":"//*[@id=\"__tile132\"]"}
RESULT: {"using":"xpath","value":"//*[@id=\"__tile132\"]"}
COMMAND: POST /session/cdd305857320dd590ea5bbf59a31d46e/element/f.492DEA3F6A95B07ADA96E928C4F8A0EF.d.B8E7263F503A9A0756C1DA6A5ADC3F25.e.4682/click - {}
RESULT: {}
COMMAND: GET /session/cdd305857320dd590ea5bbf59a31d46e/screenshot - {}
RESULT: {}
COMMAND: POST /session/cdd305857320dd590ea5bbf59a31d46e/elements - {"using":"xpath","value":"//span[text()='Error']"}
RESULT: {"using":"xpath","value":"//span[text()='Error']"}
COMMAND: POST /session/cdd305857320dd590ea5bbf59a31d46e/element - {"using":"xpath","value":"//button[@data-kt=\"masterHOAddButton\"]"}
RESULT: {"using":"xpath","value":"//button[@data-kt=\"masterHOAddButton\"]"}
COMMAND: POST /session/cdd305857320dd590ea5bbf59a31d46e/elements - {"using":"xpath","value":"//button[@data-kt=\"masterHOAddButton\"]"}
RESULT: {"using":"xpath","value":"//button[@data-kt=\"masterHOAddButton\"]"}
COMMAND: POST /session/cdd305857320dd590ea5bbf59a31d46e/execute/sync - {"script":"<script> [8489 bytes]","args":[{"element-6066-11e4-a52e-4f735466cecf":"f.492DEA3F6A95B07ADA96E928C4F8A0EF.d.B8E7263F503A9A0756C1DA6A5ADC3F25.e.5402","ELEMENT":"f.492DEA3F6A95B07ADA96E928C4F8A0EF.d.B8E7263F503A9A0756C1DA6A5ADC3F25.e.5402"}]}
RESULT: {"script":"<script> [8489 bytes]","args":[{"element-6066-11e4-a52e-4f735466cecf":"f.492DEA3F6A95B07ADA96E928C4F8A0EF.d.B8E7263F503A9A0756C1DA6A5ADC3F25.e.5402","ELEMENT":"f.492DEA3F6A95B07ADA96E928C4F8A0EF.d.B8E7263F503A9A0756C1DA6A5ADC3F25.e.5402"}]}
COMMAND: GET /session/cdd305857320dd590ea5bbf59a31d46e/element/f.492DEA3F6A95B07ADA96E928C4F8A0EF.d.B8E7263F503A9A0756C1DA6A5ADC3F25.e.5402/enabled - {}
COMMAND: GET /session/cdd305857320dd590ea5bbf59a31d46e/screenshot - {}
RESULT: {}
COMMAND: POST /session/cdd305857320dd590ea5bbf59a31d46e/execute/sync - {"script":"<script> [8489 bytes]","args":[{"element-6066-11e4-a52e-4f735466cecf":"f.492DEA3F6A95B07ADA96E928C4F8A0EF.d.B8E7263F503A9A0756C1DA6A5ADC3F25.e.5402","ELEMENT":"f.492DEA3F6A95B07ADA96E928C4F8A0EF.d.B8E7263F503A9A0756C1DA6A5ADC3F25.e.5402"}]}
COMMAND: GET /session/cdd305857320dd590ea5bbf59a31d46e/screenshot - {}
RESULT: {}
RESULT: {"script":"<script> [8489 bytes]","args":[{"element-6066-11e4-a52e-4f735466cecf":"f.492DEA3F6A95B07ADA96E928C4F8A0EF.d.B8E7263F503A9A0756C1DA6A5ADC3F25.e.5402","ELEMENT":"f.492DEA3F6A95B07ADA96E928C4F8A0EF.d.B8E7263F503A9A0756C1DA6A5ADC3F25.e.5402"}]}
COMMAND: POST /session/cdd305857320dd590ea5bbf59a31d46e/execute/sync - {"script":"<script> [5351 bytes]","args":[{"element-6066-11e4-a52e-4f735466cecf":"f.492DEA3F6A95B07ADA96E928C4F8A0EF.d.B8E7263F503A9A0756C1DA6A5ADC3F25.e.5402","ELEMENT":"f.492DEA3F6A95B07ADA96E928C4F8A0EF.d.B8E7263F503A9A0756C1DA6A5ADC3F25.e.5402"}]}
COMMAND: GET /session/cdd305857320dd590ea5bbf59a31d46e/screenshot - {}
RESULT: {}
RESULT: {"script":"<script> [5351 bytes]","args":[{"element-6066-11e4-a52e-4f735466cecf":"f.492DEA3F6A95B07ADA96E928C4F8A0EF.d.B8E7263F503A9A0756C1DA6A5ADC3F25.e.5402","ELEMENT":"f.492DEA3F6A95B07ADA96E928C4F8A0EF.d.B8E7263F503A9A0756C1DA6A5ADC3F25.e.5402"}]}
COMMAND: POST /session/cdd305857320dd590ea5bbf59a31d46e/element/f.492DEA3F6A95B07ADA96E928C4F8A0EF.d.B8E7263F503A9A0756C1DA6A5ADC3F25.e.5402/click - {}
COMMAND: GET /session/cdd305857320dd590ea5bbf59a31d46e/screenshot - {}
RESULT: {}
RESULT: {}
COMMAND: GET /session/cdd305857320dd590ea5bbf59a31d46e/screenshot - {}
RESULT: {}
COMMAND: POST /session/cdd305857320dd590ea5bbf59a31d46e/element - {"using":"xpath","value":"//span[contains(@id ,\"AddNewHO--typeSelect-arrow\")]"}
RESULT: {}
RESULT: {"using":"xpath","value":"//span[contains(@id ,\"AddNewHO--typeSelect-arrow\")]"}
COMMAND: POST /session/cdd305857320dd590ea5bbf59a31d46e/element/f.492DEA3F6A95B07ADA96E928C4F8A0EF.d.B8E7263F503A9A0756C1DA6A5ADC3F25.e.5743/click - {}
RESULT: {}
COMMAND: GET /session/cdd305857320dd590ea5bbf59a31d46e/screenshot - {}
RESULT: {}
COMMAND: POST /session/cdd305857320dd590ea5bbf59a31d46e/element - {"using":"xpath","value":"(//li[contains(text(), \"stock increase yard\")])[1]"}
RESULT: {"using":"xpath","value":"(//li[contains(text(), \"stock increase yard\")])[1]"}
COMMAND: POST /session/cdd305857320dd590ea5bbf59a31d46e/element/f.492DEA3F6A95B07ADA96E928C4F8A0EF.d.B8E7263F503A9A0756C1DA6A5ADC3F25.e.5744/click - {}
RESULT: {}
COMMAND: GET /session/cdd305857320dd590ea5bbf59a31d46e/screenshot - {}
RESULT: {}
COMMAND: POST /session/cdd305857320dd590ea5bbf59a31d46e/execute/async - {"script":"<script> [1562 bytes]","args":[{"selector":{"id":"application-managehandovers-display-component---AddNewHO--dueDate","interaction":{"idSuffix":"inner"}},"wdio_ui5_key":"applicationmanagehandovers-display-component---AddNewHO--dueDate"}]}
RESULT: {"script":"<script> [1562 bytes]","args":[{"selector":{"id":"application-managehandovers-display-component---AddNewHO--dueDate","interaction":{"idSuffix":"inner"}},"wdio_ui5_key":"applicationmanagehandovers-display-component---AddNewHO--dueDate"}]}
RESULT: undefined
COMMAND: POST /session/cdd305857320dd590ea5bbf59a31d46e/execute/async - {"script":"<script> [6424 bytes]","args":[{"element-6066-11e4-a52e-4f735466cecf":"f.492DEA3F6A95B07ADA96E928C4F8A0EF.d.B8E7263F503A9A0756C1DA6A5ADC3F25.e.5746"},"setValue",["5/27/25"]]}
RESULT: {"script":"<script> [6424 bytes]","args":[{"element-6066-11e4-a52e-4f735466cecf":"f.492DEA3F6A95B07ADA96E928C4F8A0EF.d.B8E7263F503A9A0756C1DA6A5ADC3F25.e.5746"},"setValue",["5/27/25"]]}
COMMAND: POST /session/cdd305857320dd590ea5bbf59a31d46e/element - {"using":"xpath","value":"//input[@id=\"generalSectionFrg--receiveYard-inner\"]"}
RESULT: {"using":"xpath","value":"//input[@id=\"generalSectionFrg--receiveYard-inner\"]"}
COMMAND: POST /session/cdd305857320dd590ea5bbf59a31d46e/element/f.492DEA3F6A95B07ADA96E928C4F8A0EF.d.B8E7263F503A9A0756C1DA6A5ADC3F25.e.5752/clear - {}
RESULT: {}
COMMAND: POST /session/cdd305857320dd590ea5bbf59a31d46e/element/f.492DEA3F6A95B07ADA96E928C4F8A0EF.d.B8E7263F503A9A0756C1DA6A5ADC3F25.e.5752/value - {"text":"388"}
COMMAND: GET /session/cdd305857320dd590ea5bbf59a31d46e/screenshot - {}
RESULT: {"text":"388"}
COMMAND: GET /session/cdd305857320dd590ea5bbf59a31d46e/screenshot - {}
RESULT: {}
RESULT: {}
COMMAND: POST /session/cdd305857320dd590ea5bbf59a31d46e/element - {"using":"xpath","value":"//li[.//span[text()='388']]"}
RESULT: {"using":"xpath","value":"//li[.//span[text()='388']]"}
COMMAND: POST /session/cdd305857320dd590ea5bbf59a31d46e/element/f.492DEA3F6A95B07ADA96E928C4F8A0EF.d.B8E7263F503A9A0756C1DA6A5ADC3F25.e.5770/click - {}
RESULT: {}
COMMAND: GET /session/cdd305857320dd590ea5bbf59a31d46e/screenshot - {}
RESULT: {}
COMMAND: POST /session/cdd305857320dd590ea5bbf59a31d46e/execute/async - {"script":"<script> [1562 bytes]","args":[{"selector":{"id":"application-managehandovers-display-component---AddNewHO--ObjectPageLayout-anchBar-application-managehandovers-display-component---AddNewHO--section4-anchor","interaction":{"idSuffix":"BDI-content"}},"wdio_ui5_key":"applicationmanagehandovers-display-component---AddNewHO--ObjectPageLayout-anchBar-application-managehandovers-display-component---AddNewHO--section4-anchor"}]}
RESULT: {"script":"<script> [1562 bytes]","args":[{"selector":{"id":"application-managehandovers-display-component---AddNewHO--ObjectPageLayout-anchBar-application-managehandovers-display-component---AddNewHO--section4-anchor","interaction":{"idSuffix":"BDI-content"}},"wdio_ui5_key":"applicationmanagehandovers-display-component---AddNewHO--ObjectPageLayout-anchBar-application-managehandovers-display-component---AddNewHO--section4-anchor"}]}
RESULT: undefined
COMMAND: POST /session/cdd305857320dd590ea5bbf59a31d46e/element - {"using":"xpath","value":"//*[@id=\"application-managehandovers-display-component---AddNewHO--ObjectPageLayout-anchBar-application-managehandovers-display-component---AddNewHO--section4-anchor\"]"}
RESULT: {"using":"xpath","value":"//*[@id=\"application-managehandovers-display-component---AddNewHO--ObjectPageLayout-anchBar-application-managehandovers-display-component---AddNewHO--section4-anchor\"]"}
COMMAND: POST /session/cdd305857320dd590ea5bbf59a31d46e/element/f.492DEA3F6A95B07ADA96E928C4F8A0EF.d.B8E7263F503A9A0756C1DA6A5ADC3F25.e.5772/click - {}
RESULT: {}
COMMAND: POST /session/cdd305857320dd590ea5bbf59a31d46e/element - {"using":"xpath","value":"//button[@aria-label=\"Add\"]"}
COMMAND: GET /session/cdd305857320dd590ea5bbf59a31d46e/screenshot - {}
RESULT: {"using":"xpath","value":"//button[@aria-label=\"Add\"]"}
COMMAND: POST /session/cdd305857320dd590ea5bbf59a31d46e/element/f.492DEA3F6A95B07ADA96E928C4F8A0EF.d.B8E7263F503A9A0756C1DA6A5ADC3F25.e.5774/click - {}
RESULT: {}
RESULT: {}
COMMAND: GET /session/cdd305857320dd590ea5bbf59a31d46e/screenshot - {}
COMMAND: POST /session/cdd305857320dd590ea5bbf59a31d46e/execute/async - {"script":"<script> [1562 bytes]","args":[{"selector":{"id":"application-managehandovers-display-component---AddNewHO--smartFilterBar-btnBasicSearch","searchOpenDialogs":true,"interaction":{"idSuffix":"I"}},"wdio_ui5_key":"applicationmanagehandovers-display-component---AddNewHO--smartFilterBar-btnBasicSearch"}]}
RESULT: {}
RESULT: {"script":"<script> [1562 bytes]","args":[{"selector":{"id":"application-managehandovers-display-component---AddNewHO--smartFilterBar-btnBasicSearch","searchOpenDialogs":true,"interaction":{"idSuffix":"I"}},"wdio_ui5_key":"applicationmanagehandovers-display-component---AddNewHO--smartFilterBar-btnBasicSearch"}]}
RESULT: undefined
COMMAND: POST /session/cdd305857320dd590ea5bbf59a31d46e/execute/async - {"script":"<script> [776 bytes]","args":[{"enterText":"200209","selector":{"id":"application-managehandovers-display-component---AddNewHO--smartFilterBar-btnBasicSearch","searchOpenDialogs":true,"interaction":{"idSuffix":"I"}},"clearTextFirst":true,"interactionType":"ENTER_TEXT"}]}
RESULT: {"script":"<script> [776 bytes]","args":[{"enterText":"200209","selector":{"id":"application-managehandovers-display-component---AddNewHO--smartFilterBar-btnBasicSearch","searchOpenDialogs":true,"interaction":{"idSuffix":"I"}},"clearTextFirst":true,"interactionType":"ENTER_TEXT"}]}
COMMAND: POST /session/cdd305857320dd590ea5bbf59a31d46e/actions - {"actions":[{"id":"action21","type":"key","parameters":{},"actions":[{"type":"keyDown","value":""},{"type":"pause","duration":10},{"type":"keyUp","value":""}]}]}
RESULT: {"actions":[{"id":"action21","type":"key","parameters":{},"actions":[{"type":"keyDown","value":""},{"type":"pause","duration":10},{"type":"keyUp","value":""}]}]}
COMMAND: GET /session/cdd305857320dd590ea5bbf59a31d46e/screenshot - {}
RESULT: {}
COMMAND: POST /session/cdd305857320dd590ea5bbf59a31d46e/execute/async - {"script":"<script> [1562 bytes]","args":[{"selector":{"id":"application-managehandovers-display-component---AddNewHO--popup-sa","searchOpenDialogs":true,"interaction":{"idSuffix":"CbBg"}},"wdio_ui5_key":"applicationmanagehandovers-display-component---AddNewHO--popup-sa"}]}
RESULT: {"script":"<script> [1562 bytes]","args":[{"selector":{"id":"application-managehandovers-display-component---AddNewHO--popup-sa","searchOpenDialogs":true,"interaction":{"idSuffix":"CbBg"}},"wdio_ui5_key":"applicationmanagehandovers-display-component---AddNewHO--popup-sa"}]}
RESULT: undefined
COMMAND: POST /session/cdd305857320dd590ea5bbf59a31d46e/element - {"using":"xpath","value":"//*[@id=\"application-managehandovers-display-component---AddNewHO--popup-sa\"]"}
RESULT: {"using":"xpath","value":"//*[@id=\"application-managehandovers-display-component---AddNewHO--popup-sa\"]"}
COMMAND: POST /session/cdd305857320dd590ea5bbf59a31d46e/element/f.492DEA3F6A95B07ADA96E928C4F8A0EF.d.B8E7263F503A9A0756C1DA6A5ADC3F25.e.5929/click - {}
RESULT: {}
COMMAND: GET /session/cdd305857320dd590ea5bbf59a31d46e/screenshot - {}
RESULT: {}
COMMAND: POST /session/cdd305857320dd590ea5bbf59a31d46e/element - {"using":"xpath","value":"//bdi[contains(text(), \"Select\")]"}
RESULT: {"using":"xpath","value":"//bdi[contains(text(), \"Select\")]"}
COMMAND: POST /session/cdd305857320dd590ea5bbf59a31d46e/element/f.492DEA3F6A95B07ADA96E928C4F8A0EF.d.B8E7263F503A9A0756C1DA6A5ADC3F25.e.5930/click - {}
RESULT: {}
COMMAND: GET /session/cdd305857320dd590ea5bbf59a31d46e/screenshot - {}
RESULT: {}
COMMAND: POST /session/cdd305857320dd590ea5bbf59a31d46e/element - {"using":"xpath","value":"//button[@data-kt=\"AddNewHOSaveButton\"]"}
RESULT: {"using":"xpath","value":"//button[@data-kt=\"AddNewHOSaveButton\"]"}
COMMAND: POST /session/cdd305857320dd590ea5bbf59a31d46e/element/f.492DEA3F6A95B07ADA96E928C4F8A0EF.d.B8E7263F503A9A0756C1DA6A5ADC3F25.e.5934/click - {}
RESULT: {}
COMMAND: GET /session/cdd305857320dd590ea5bbf59a31d46e/screenshot - {}
RESULT: {}
COMMAND: POST /session/cdd305857320dd590ea5bbf59a31d46e/execute/async - {"script":"<script> [1562 bytes]","args":[{"selector":{"id":"receiptDatePicker","viewName":"etm.portal.ui.managehandovers.view.DetailExecuteHO","interaction":{"idSuffix":"inner"}},"wdio_ui5_key":"receiptDatePickeretmportal.ui.managehandovers.view.DetailExecuteHO"}]}
RESULT: {"script":"<script> [1562 bytes]","args":[{"selector":{"id":"receiptDatePicker","viewName":"etm.portal.ui.managehandovers.view.DetailExecuteHO","interaction":{"idSuffix":"inner"}},"wdio_ui5_key":"receiptDatePickeretmportal.ui.managehandovers.view.DetailExecuteHO"}]}
RESULT: undefined
COMMAND: POST /session/cdd305857320dd590ea5bbf59a31d46e/execute/async - {"script":"<script> [6424 bytes]","args":[{"element-6066-11e4-a52e-4f735466cecf":"f.492DEA3F6A95B07ADA96E928C4F8A0EF.d.B8E7263F503A9A0756C1DA6A5ADC3F25.e.5963"},"setValue",["5/27/25"]]}
RESULT: {"script":"<script> [6424 bytes]","args":[{"element-6066-11e4-a52e-4f735466cecf":"f.492DEA3F6A95B07ADA96E928C4F8A0EF.d.B8E7263F503A9A0756C1DA6A5ADC3F25.e.5963"},"setValue",["5/27/25"]]}
COMMAND: POST /session/cdd305857320dd590ea5bbf59a31d46e/element - {"using":"xpath","value":"//button[@data-kt=\"ReceivingTableConfirmAllButton\"]"}
RESULT: {"using":"xpath","value":"//button[@data-kt=\"ReceivingTableConfirmAllButton\"]"}
COMMAND: POST /session/cdd305857320dd590ea5bbf59a31d46e/element/f.492DEA3F6A95B07ADA96E928C4F8A0EF.d.B8E7263F503A9A0756C1DA6A5ADC3F25.e.5980/click - {}
RESULT: {}
COMMAND: GET /session/cdd305857320dd590ea5bbf59a31d46e/screenshot - {}
RESULT: {}
COMMAND: POST /session/cdd305857320dd590ea5bbf59a31d46e/element - {"using":"xpath","value":"//bdi[contains(text(), \"OK\")]"}
RESULT: {"using":"xpath","value":"//bdi[contains(text(), \"OK\")]"}
COMMAND: POST /session/cdd305857320dd590ea5bbf59a31d46e/element/f.492DEA3F6A95B07ADA96E928C4F8A0EF.d.B8E7263F503A9A0756C1DA6A5ADC3F25.e.5982/click - {}
RESULT: {}
COMMAND: GET /session/cdd305857320dd590ea5bbf59a31d46e/screenshot - {}
RESULT: {}
COMMAND: POST /session/cdd305857320dd590ea5bbf59a31d46e/element - {"using":"xpath","value":"(//bdi[contains(text(), \"Receive\")])[2]"}
RESULT: {"using":"xpath","value":"(//bdi[contains(text(), \"Receive\")])[2]"}
COMMAND: POST /session/cdd305857320dd590ea5bbf59a31d46e/element/f.492DEA3F6A95B07ADA96E928C4F8A0EF.d.B8E7263F503A9A0756C1DA6A5ADC3F25.e.5984/click - {}
RESULT: {}
COMMAND: GET /session/cdd305857320dd590ea5bbf59a31d46e/screenshot - {}
RESULT: {}
COMMAND: POST /session/cdd305857320dd590ea5bbf59a31d46e/element - {"using":"css selector","value":"#shell-header-logo"}
RESULT: {"using":"css selector","value":"#shell-header-logo"}
COMMAND: POST /session/cdd305857320dd590ea5bbf59a31d46e/element/f.492DEA3F6A95B07ADA96E928C4F8A0EF.d.B8E7263F503A9A0756C1DA6A5ADC3F25.e.5369/click - {}
RESULT: {}
COMMAND: GET /session/cdd305857320dd590ea5bbf59a31d46e/screenshot - {}
RESULT: {}
]]></system-out>
    </testcase>
    <testcase classname="chrome.136_0_7103_93.windows.Provide_to_Site_w/_warehouse_management_w_clarification" name="Should create a new contract" time="59.776">
      <system-out><![CDATA[
COMMAND: POST /session/cdd305857320dd590ea5bbf59a31d46e/execute/async - {"script":"<script> [1562 bytes]","args":[{"selector":{"controlType":"sap.m.GenericTile","properties":{"header":"Manage Contracts"}},"wdio_ui5_key":"sapm.GenericTile{\"header\":\"Manage Contracts\"}"}]}
RESULT: {"script":"<script> [1562 bytes]","args":[{"selector":{"controlType":"sap.m.GenericTile","properties":{"header":"Manage Contracts"}},"wdio_ui5_key":"sapm.GenericTile{\"header\":\"Manage Contracts\"}"}]}
RESULT: undefined
COMMAND: POST /session/cdd305857320dd590ea5bbf59a31d46e/element - {"using":"xpath","value":"//*[@id=\"__tile130\"]"}
RESULT: {"using":"xpath","value":"//*[@id=\"__tile130\"]"}
COMMAND: POST /session/cdd305857320dd590ea5bbf59a31d46e/element/f.492DEA3F6A95B07ADA96E928C4F8A0EF.d.B8E7263F503A9A0756C1DA6A5ADC3F25.e.4671/click - {}
RESULT: {}
COMMAND: GET /session/cdd305857320dd590ea5bbf59a31d46e/screenshot - {}
RESULT: {}
COMMAND: POST /session/cdd305857320dd590ea5bbf59a31d46e/elements - {"using":"xpath","value":"//span[text()='Error']"}
RESULT: {"using":"xpath","value":"//span[text()='Error']"}
COMMAND: POST /session/cdd305857320dd590ea5bbf59a31d46e/element - {"using":"xpath","value":"//button[@data-kt=\"addButton\"]"}
RESULT: {"using":"xpath","value":"//button[@data-kt=\"addButton\"]"}
COMMAND: POST /session/cdd305857320dd590ea5bbf59a31d46e/elements - {"using":"xpath","value":"//button[@data-kt=\"addButton\"]"}
RESULT: {"using":"xpath","value":"//button[@data-kt=\"addButton\"]"}
COMMAND: POST /session/cdd305857320dd590ea5bbf59a31d46e/execute/sync - {"script":"<script> [8489 bytes]","args":[{"element-6066-11e4-a52e-4f735466cecf":"f.492DEA3F6A95B07ADA96E928C4F8A0EF.d.B8E7263F503A9A0756C1DA6A5ADC3F25.e.6210","ELEMENT":"f.492DEA3F6A95B07ADA96E928C4F8A0EF.d.B8E7263F503A9A0756C1DA6A5ADC3F25.e.6210"}]}
RESULT: {"script":"<script> [8489 bytes]","args":[{"element-6066-11e4-a52e-4f735466cecf":"f.492DEA3F6A95B07ADA96E928C4F8A0EF.d.B8E7263F503A9A0756C1DA6A5ADC3F25.e.6210","ELEMENT":"f.492DEA3F6A95B07ADA96E928C4F8A0EF.d.B8E7263F503A9A0756C1DA6A5ADC3F25.e.6210"}]}
COMMAND: GET /session/cdd305857320dd590ea5bbf59a31d46e/element/f.492DEA3F6A95B07ADA96E928C4F8A0EF.d.B8E7263F503A9A0756C1DA6A5ADC3F25.e.6210/enabled - {}
COMMAND: GET /session/cdd305857320dd590ea5bbf59a31d46e/screenshot - {}
RESULT: {}
COMMAND: POST /session/cdd305857320dd590ea5bbf59a31d46e/execute/sync - {"script":"<script> [8489 bytes]","args":[{"element-6066-11e4-a52e-4f735466cecf":"f.492DEA3F6A95B07ADA96E928C4F8A0EF.d.B8E7263F503A9A0756C1DA6A5ADC3F25.e.6210","ELEMENT":"f.492DEA3F6A95B07ADA96E928C4F8A0EF.d.B8E7263F503A9A0756C1DA6A5ADC3F25.e.6210"}]}
COMMAND: GET /session/cdd305857320dd590ea5bbf59a31d46e/screenshot - {}
RESULT: {}
RESULT: {"script":"<script> [8489 bytes]","args":[{"element-6066-11e4-a52e-4f735466cecf":"f.492DEA3F6A95B07ADA96E928C4F8A0EF.d.B8E7263F503A9A0756C1DA6A5ADC3F25.e.6210","ELEMENT":"f.492DEA3F6A95B07ADA96E928C4F8A0EF.d.B8E7263F503A9A0756C1DA6A5ADC3F25.e.6210"}]}
COMMAND: POST /session/cdd305857320dd590ea5bbf59a31d46e/execute/sync - {"script":"<script> [5351 bytes]","args":[{"element-6066-11e4-a52e-4f735466cecf":"f.492DEA3F6A95B07ADA96E928C4F8A0EF.d.B8E7263F503A9A0756C1DA6A5ADC3F25.e.6210","ELEMENT":"f.492DEA3F6A95B07ADA96E928C4F8A0EF.d.B8E7263F503A9A0756C1DA6A5ADC3F25.e.6210"}]}
COMMAND: GET /session/cdd305857320dd590ea5bbf59a31d46e/screenshot - {}
RESULT: {}
RESULT: {"script":"<script> [5351 bytes]","args":[{"element-6066-11e4-a52e-4f735466cecf":"f.492DEA3F6A95B07ADA96E928C4F8A0EF.d.B8E7263F503A9A0756C1DA6A5ADC3F25.e.6210","ELEMENT":"f.492DEA3F6A95B07ADA96E928C4F8A0EF.d.B8E7263F503A9A0756C1DA6A5ADC3F25.e.6210"}]}
COMMAND: GET /session/cdd305857320dd590ea5bbf59a31d46e/screenshot - {}
RESULT: {}
RESULT: {}
COMMAND: POST /session/cdd305857320dd590ea5bbf59a31d46e/element/f.492DEA3F6A95B07ADA96E928C4F8A0EF.d.B8E7263F503A9A0756C1DA6A5ADC3F25.e.6210/click - {}
RESULT: {}
COMMAND: GET /session/cdd305857320dd590ea5bbf59a31d46e/screenshot - {}
COMMAND: POST /session/cdd305857320dd590ea5bbf59a31d46e/execute/async - {"script":"<script> [1562 bytes]","args":[{"selector":{"id":"application-managecontracts-display-component---AddNewContract--projectDescription","interaction":{"idSuffix":"inner"}},"wdio_ui5_key":"applicationmanagecontracts-display-component---AddNewContract--projectDescription"}]}
RESULT: {}
RESULT: {"script":"<script> [1562 bytes]","args":[{"selector":{"id":"application-managecontracts-display-component---AddNewContract--projectDescription","interaction":{"idSuffix":"inner"}},"wdio_ui5_key":"applicationmanagecontracts-display-component---AddNewContract--projectDescription"}]}
RESULT: undefined
COMMAND: POST /session/cdd305857320dd590ea5bbf59a31d46e/execute/async - {"script":"<script> [776 bytes]","args":[{"enterText":"Contract WDIO","selector":{"id":"application-managecontracts-display-component---AddNewContract--projectDescription","interaction":{"idSuffix":"inner"}},"clearTextFirst":true,"interactionType":"ENTER_TEXT"}]}
RESULT: {"script":"<script> [776 bytes]","args":[{"enterText":"Contract WDIO","selector":{"id":"application-managecontracts-display-component---AddNewContract--projectDescription","interaction":{"idSuffix":"inner"}},"clearTextFirst":true,"interactionType":"ENTER_TEXT"}]}
COMMAND: POST /session/cdd305857320dd590ea5bbf59a31d46e/element - {"using":"xpath","value":"//input[@id=\"application-managecontracts-display-component---AddNewContract--site-inner\"]"}
RESULT: {"using":"xpath","value":"//input[@id=\"application-managecontracts-display-component---AddNewContract--site-inner\"]"}
COMMAND: POST /session/cdd305857320dd590ea5bbf59a31d46e/element/f.492DEA3F6A95B07ADA96E928C4F8A0EF.d.B8E7263F503A9A0756C1DA6A5ADC3F25.e.6528/clear - {}
RESULT: {}
COMMAND: POST /session/cdd305857320dd590ea5bbf59a31d46e/element/f.492DEA3F6A95B07ADA96E928C4F8A0EF.d.B8E7263F503A9A0756C1DA6A5ADC3F25.e.6528/value - {"text":"2182"}
COMMAND: GET /session/cdd305857320dd590ea5bbf59a31d46e/screenshot - {}
RESULT: {"text":"2182"}
COMMAND: GET /session/cdd305857320dd590ea5bbf59a31d46e/screenshot - {}
RESULT: {}
RESULT: {}
COMMAND: POST /session/cdd305857320dd590ea5bbf59a31d46e/element - {"using":"xpath","value":"//li[.//span[text()='2182']]"}
RESULT: {"using":"xpath","value":"//li[.//span[text()='2182']]"}
COMMAND: POST /session/cdd305857320dd590ea5bbf59a31d46e/element/f.492DEA3F6A95B07ADA96E928C4F8A0EF.d.B8E7263F503A9A0756C1DA6A5ADC3F25.e.6611/click - {}
RESULT: {}
COMMAND: GET /session/cdd305857320dd590ea5bbf59a31d46e/screenshot - {}
RESULT: {}
COMMAND: POST /session/cdd305857320dd590ea5bbf59a31d46e/element - {"using":"xpath","value":"//input[@id=\"application-managecontracts-display-component---AddNewContract--yardId-inner\"]"}
RESULT: {"using":"xpath","value":"//input[@id=\"application-managecontracts-display-component---AddNewContract--yardId-inner\"]"}
COMMAND: GET /session/cdd305857320dd590ea5bbf59a31d46e/element/f.492DEA3F6A95B07ADA96E928C4F8A0EF.d.B8E7263F503A9A0756C1DA6A5ADC3F25.e.6529/property/value - {}
RESULT: {}
COMMAND: POST /session/cdd305857320dd590ea5bbf59a31d46e/element - {"using":"xpath","value":"//input[@id=\"application-managecontracts-display-component---AddNewContract--customerSelect-inner\"]"}
COMMAND: GET /session/cdd305857320dd590ea5bbf59a31d46e/screenshot - {}
RESULT: {"using":"xpath","value":"//input[@id=\"application-managecontracts-display-component---AddNewContract--customerSelect-inner\"]"}
COMMAND: POST /session/cdd305857320dd590ea5bbf59a31d46e/element/f.492DEA3F6A95B07ADA96E928C4F8A0EF.d.B8E7263F503A9A0756C1DA6A5ADC3F25.e.6527/clear - {}
RESULT: {}
RESULT: {}
COMMAND: POST /session/cdd305857320dd590ea5bbf59a31d46e/element/f.492DEA3F6A95B07ADA96E928C4F8A0EF.d.B8E7263F503A9A0756C1DA6A5ADC3F25.e.6527/value - {"text":"1198"}
COMMAND: GET /session/cdd305857320dd590ea5bbf59a31d46e/screenshot - {}
RESULT: {"text":"1198"}
COMMAND: GET /session/cdd305857320dd590ea5bbf59a31d46e/screenshot - {}
RESULT: {}
RESULT: {}
COMMAND: POST /session/cdd305857320dd590ea5bbf59a31d46e/element - {"using":"xpath","value":"//li[.//span[text()='1198']]"}
RESULT: {"using":"xpath","value":"//li[.//span[text()='1198']]"}
COMMAND: POST /session/cdd305857320dd590ea5bbf59a31d46e/element/f.492DEA3F6A95B07ADA96E928C4F8A0EF.d.B8E7263F503A9A0756C1DA6A5ADC3F25.e.6614/click - {}
RESULT: {}
COMMAND: GET /session/cdd305857320dd590ea5bbf59a31d46e/screenshot - {}
RESULT: {}
COMMAND: POST /session/cdd305857320dd590ea5bbf59a31d46e/element - {"using":"xpath","value":"//button[@data-kt=\"saveButton\"]"}
RESULT: {"using":"xpath","value":"//button[@data-kt=\"saveButton\"]"}
COMMAND: POST /session/cdd305857320dd590ea5bbf59a31d46e/element/f.492DEA3F6A95B07ADA96E928C4F8A0EF.d.B8E7263F503A9A0756C1DA6A5ADC3F25.e.6601/click - {}
RESULT: {}
COMMAND: GET /session/cdd305857320dd590ea5bbf59a31d46e/screenshot - {}
RESULT: {}
COMMAND: POST /session/cdd305857320dd590ea5bbf59a31d46e/element - {"using":"xpath","value":"//span[contains(@id ,\"contractDetailTitleNoExpanded\")]"}
RESULT: {"using":"xpath","value":"//span[contains(@id ,\"contractDetailTitleNoExpanded\")]"}
COMMAND: POST /session/cdd305857320dd590ea5bbf59a31d46e/elements - {"using":"xpath","value":"//span[contains(@id ,\"contractDetailTitleNoExpanded\")]"}
RESULT: {"using":"xpath","value":"//span[contains(@id ,\"contractDetailTitleNoExpanded\")]"}
COMMAND: POST /session/cdd305857320dd590ea5bbf59a31d46e/execute/sync - {"script":"<script> [56 bytes]","args":[{"element-6066-11e4-a52e-4f735466cecf":"f.492DEA3F6A95B07ADA96E928C4F8A0EF.d.B8E7263F503A9A0756C1DA6A5ADC3F25.e.6687","ELEMENT":"f.492DEA3F6A95B07ADA96E928C4F8A0EF.d.B8E7263F503A9A0756C1DA6A5ADC3F25.e.6687"}]}
RESULT: {"script":"<script> [56 bytes]","args":[{"element-6066-11e4-a52e-4f735466cecf":"f.492DEA3F6A95B07ADA96E928C4F8A0EF.d.B8E7263F503A9A0756C1DA6A5ADC3F25.e.6687","ELEMENT":"f.492DEA3F6A95B07ADA96E928C4F8A0EF.d.B8E7263F503A9A0756C1DA6A5ADC3F25.e.6687"}]}
COMMAND: GET /session/cdd305857320dd590ea5bbf59a31d46e/screenshot - {}
RESULT: {}
]]></system-out>
    </testcase>
    <testcase classname="chrome.136_0_7103_93.windows.Provide_to_Site_w/_warehouse_management_w_clarification" name="Should add equipment to the contract" time="58.61">
      <system-out><![CDATA[
COMMAND: POST /session/cdd305857320dd590ea5bbf59a31d46e/element - {"using":"xpath","value":"//button[@data-kt=\"contractDetailEditBtnButton\"]"}
RESULT: {"using":"xpath","value":"//button[@data-kt=\"contractDetailEditBtnButton\"]"}
COMMAND: POST /session/cdd305857320dd590ea5bbf59a31d46e/element/f.492DEA3F6A95B07ADA96E928C4F8A0EF.d.B8E7263F503A9A0756C1DA6A5ADC3F25.e.6689/click - {}
RESULT: {}
COMMAND: GET /session/cdd305857320dd590ea5bbf59a31d46e/screenshot - {}
RESULT: {}
COMMAND: POST /session/cdd305857320dd590ea5bbf59a31d46e/element - {"using":"xpath","value":"(//span[contains(text(), \"Additional Addresses\")])[2]"}
RESULT: {"using":"xpath","value":"(//span[contains(text(), \"Additional Addresses\")])[2]"}
COMMAND: POST /session/cdd305857320dd590ea5bbf59a31d46e/element/f.492DEA3F6A95B07ADA96E928C4F8A0EF.d.B8E7263F503A9A0756C1DA6A5ADC3F25.e.6744/click - {}
RESULT: {}
COMMAND: GET /session/cdd305857320dd590ea5bbf59a31d46e/screenshot - {}
RESULT: {}
COMMAND: POST /session/cdd305857320dd590ea5bbf59a31d46e/element - {"using":"xpath","value":"//button[@data-kt=\"btnAddTableRowOverflowToolbarButton\"]"}
RESULT: {"using":"xpath","value":"//button[@data-kt=\"btnAddTableRowOverflowToolbarButton\"]"}
COMMAND: POST /session/cdd305857320dd590ea5bbf59a31d46e/element/f.492DEA3F6A95B07ADA96E928C4F8A0EF.d.B8E7263F503A9A0756C1DA6A5ADC3F25.e.6747/click - {}
RESULT: {}
COMMAND: GET /session/cdd305857320dd590ea5bbf59a31d46e/screenshot - {}
RESULT: {}
COMMAND: POST /session/cdd305857320dd590ea5bbf59a31d46e/element - {"using":"xpath","value":"//div[(text() = 'Standard Entry' or . = 'Standard Entry')]"}
RESULT: {"using":"xpath","value":"//div[(text() = 'Standard Entry' or . = 'Standard Entry')]"}
COMMAND: POST /session/cdd305857320dd590ea5bbf59a31d46e/element/f.492DEA3F6A95B07ADA96E928C4F8A0EF.d.B8E7263F503A9A0756C1DA6A5ADC3F25.e.6749/click - {}
RESULT: {}
COMMAND: GET /session/cdd305857320dd590ea5bbf59a31d46e/screenshot - {}
RESULT: {}
COMMAND: POST /session/cdd305857320dd590ea5bbf59a31d46e/element - {"using":"xpath","value":"//td[6]/div/div/div/span"}
RESULT: {"using":"xpath","value":"//td[6]/div/div/div/span"}
COMMAND: POST /session/cdd305857320dd590ea5bbf59a31d46e/element/f.492DEA3F6A95B07ADA96E928C4F8A0EF.d.B8E7263F503A9A0756C1DA6A5ADC3F25.e.6761/click - {}
RESULT: {}
COMMAND: GET /session/cdd305857320dd590ea5bbf59a31d46e/screenshot - {}
RESULT: {}
COMMAND: POST /session/cdd305857320dd590ea5bbf59a31d46e/element - {"using":"xpath","value":"(//span[contains(text(), \"Material\")])"}
RESULT: {"using":"xpath","value":"(//span[contains(text(), \"Material\")])"}
COMMAND: POST /session/cdd305857320dd590ea5bbf59a31d46e/element/f.492DEA3F6A95B07ADA96E928C4F8A0EF.d.B8E7263F503A9A0756C1DA6A5ADC3F25.e.6762/click - {}
RESULT: {}
COMMAND: GET /session/cdd305857320dd590ea5bbf59a31d46e/screenshot - {}
RESULT: {}
COMMAND: POST /session/cdd305857320dd590ea5bbf59a31d46e/element - {"using":"xpath","value":"//td[7]/div/div/input"}
RESULT: {"using":"xpath","value":"//td[7]/div/div/input"}
COMMAND: POST /session/cdd305857320dd590ea5bbf59a31d46e/element/f.492DEA3F6A95B07ADA96E928C4F8A0EF.d.B8E7263F503A9A0756C1DA6A5ADC3F25.e.6766/clear - {}
RESULT: {}
COMMAND: POST /session/cdd305857320dd590ea5bbf59a31d46e/element/f.492DEA3F6A95B07ADA96E928C4F8A0EF.d.B8E7263F503A9A0756C1DA6A5ADC3F25.e.6766/value - {"text":"200209"}
COMMAND: GET /session/cdd305857320dd590ea5bbf59a31d46e/screenshot - {}
RESULT: {"text":"200209"}
COMMAND: GET /session/cdd305857320dd590ea5bbf59a31d46e/screenshot - {}
RESULT: {}
RESULT: {}
COMMAND: POST /session/cdd305857320dd590ea5bbf59a31d46e/actions - {"actions":[{"id":"action22","type":"key","parameters":{},"actions":[{"type":"keyDown","value":""},{"type":"pause","duration":10},{"type":"keyUp","value":""}]}]}
RESULT: {"actions":[{"id":"action22","type":"key","parameters":{},"actions":[{"type":"keyDown","value":""},{"type":"pause","duration":10},{"type":"keyUp","value":""}]}]}
COMMAND: GET /session/cdd305857320dd590ea5bbf59a31d46e/screenshot - {}
RESULT: {}
COMMAND: POST /session/cdd305857320dd590ea5bbf59a31d46e/execute/sync - {"script":"<script> [276 bytes]","args":["No pricing information was found"]}
RESULT: {"script":"<script> [276 bytes]","args":["No pricing information was found"]}
COMMAND: POST /session/cdd305857320dd590ea5bbf59a31d46e/element - {"using":"xpath","value":"//bdi[contains(text(), \"OK\")]"}
COMMAND: GET /session/cdd305857320dd590ea5bbf59a31d46e/screenshot - {}
RESULT: {"using":"xpath","value":"//bdi[contains(text(), \"OK\")]"}
COMMAND: POST /session/cdd305857320dd590ea5bbf59a31d46e/element/f.492DEA3F6A95B07ADA96E928C4F8A0EF.d.B8E7263F503A9A0756C1DA6A5ADC3F25.e.6792/click - {}
RESULT: {}
RESULT: {}
COMMAND: GET /session/cdd305857320dd590ea5bbf59a31d46e/screenshot - {}
RESULT: {}
COMMAND: POST /session/cdd305857320dd590ea5bbf59a31d46e/element - {"using":"xpath","value":"(//button[@data-kt=\"saveButton\"])[2]"}
RESULT: {"using":"xpath","value":"(//button[@data-kt=\"saveButton\"])[2]"}
COMMAND: POST /session/cdd305857320dd590ea5bbf59a31d46e/element/f.492DEA3F6A95B07ADA96E928C4F8A0EF.d.B8E7263F503A9A0756C1DA6A5ADC3F25.e.6793/click - {}
RESULT: {}
COMMAND: GET /session/cdd305857320dd590ea5bbf59a31d46e/screenshot - {}
RESULT: {}
COMMAND: POST /session/cdd305857320dd590ea5bbf59a31d46e/execute/sync - {"script":"<script> [276 bytes]","args":["Some contract items are having rental validity exceeding header rental validity"]}
RESULT: {"script":"<script> [276 bytes]","args":["Some contract items are having rental validity exceeding header rental validity"]}
COMMAND: GET /session/cdd305857320dd590ea5bbf59a31d46e/screenshot - {}
RESULT: {}
COMMAND: POST /session/cdd305857320dd590ea5bbf59a31d46e/element - {"using":"xpath","value":"//span[contains(@id ,\"contractItemsSmartTable-header-inner\")]"}
RESULT: {"using":"xpath","value":"//span[contains(@id ,\"contractItemsSmartTable-header-inner\")]"}
COMMAND: POST /session/cdd305857320dd590ea5bbf59a31d46e/elements - {"using":"xpath","value":"//span[contains(@id ,\"contractItemsSmartTable-header-inner\")]"}
RESULT: {"using":"xpath","value":"//span[contains(@id ,\"contractItemsSmartTable-header-inner\")]"}
COMMAND: POST /session/cdd305857320dd590ea5bbf59a31d46e/execute/sync - {"script":"<script> [56 bytes]","args":[{"element-6066-11e4-a52e-4f735466cecf":"f.492DEA3F6A95B07ADA96E928C4F8A0EF.d.B8E7263F503A9A0756C1DA6A5ADC3F25.e.6797","ELEMENT":"f.492DEA3F6A95B07ADA96E928C4F8A0EF.d.B8E7263F503A9A0756C1DA6A5ADC3F25.e.6797"}]}
RESULT: {"script":"<script> [56 bytes]","args":[{"element-6066-11e4-a52e-4f735466cecf":"f.492DEA3F6A95B07ADA96E928C4F8A0EF.d.B8E7263F503A9A0756C1DA6A5ADC3F25.e.6797","ELEMENT":"f.492DEA3F6A95B07ADA96E928C4F8A0EF.d.B8E7263F503A9A0756C1DA6A5ADC3F25.e.6797"}]}
]]></system-out>
    </testcase>
    <testcase classname="chrome.136_0_7103_93.windows.Provide_to_Site_w/_warehouse_management_w_clarification" name="Should provide to site" time="40.971">
      <system-out><![CDATA[
COMMAND: POST /session/cdd305857320dd590ea5bbf59a31d46e/element - {"using":"xpath","value":"//button[@data-kt=\"provideButton\"]"}
COMMAND: GET /session/cdd305857320dd590ea5bbf59a31d46e/screenshot - {}
RESULT: {"using":"xpath","value":"//button[@data-kt=\"provideButton\"]"}
COMMAND: POST /session/cdd305857320dd590ea5bbf59a31d46e/element/f.492DEA3F6A95B07ADA96E928C4F8A0EF.d.B8E7263F503A9A0756C1DA6A5ADC3F25.e.6798/click - {}
RESULT: {}
RESULT: {}
COMMAND: GET /session/cdd305857320dd590ea5bbf59a31d46e/screenshot - {}
RESULT: {}
RESULT: undefined
COMMAND: POST /session/cdd305857320dd590ea5bbf59a31d46e/execute/async - {"script":"<script> [6424 bytes]","args":[{"element-6066-11e4-a52e-4f735466cecf":"f.492DEA3F6A95B07ADA96E928C4F8A0EF.d.B8E7263F503A9A0756C1DA6A5ADC3F25.e.5746"},"setValue",["05/27/25"]]}
COMMAND: POST /session/cdd305857320dd590ea5bbf59a31d46e/execute/async - {"script":"<script> [1562 bytes]","args":[{"selector":{"id":"application-managehandovers-display-component---AddNewHO--dueDate","interaction":{"idSuffix":"inner"}},"wdio_ui5_key":"applicationmanagehandovers-display-component---AddNewHO--dueDate"}]}
RESULT: {"script":"<script> [1562 bytes]","args":[{"selector":{"id":"application-managehandovers-display-component---AddNewHO--dueDate","interaction":{"idSuffix":"inner"}},"wdio_ui5_key":"applicationmanagehandovers-display-component---AddNewHO--dueDate"}]}
COMMAND: POST /session/cdd305857320dd590ea5bbf59a31d46e/execute/async - {"script":"<script> [6424 bytes]","args":[{"element-6066-11e4-a52e-4f735466cecf":"f.492DEA3F6A95B07ADA96E928C4F8A0EF.d.B8E7263F503A9A0756C1DA6A5ADC3F25.e.6888"},"setValue",["05/27/25"]]}
RESULT: {"script":"<script> [6424 bytes]","args":[{"element-6066-11e4-a52e-4f735466cecf":"f.492DEA3F6A95B07ADA96E928C4F8A0EF.d.B8E7263F503A9A0756C1DA6A5ADC3F25.e.6888"},"setValue",["05/27/25"]]}
COMMAND: POST /session/cdd305857320dd590ea5bbf59a31d46e/element - {"using":"xpath","value":"//bdi[contains(text(), \"Instructions\")]"}
RESULT: {"using":"xpath","value":"//bdi[contains(text(), \"Instructions\")]"}
COMMAND: POST /session/cdd305857320dd590ea5bbf59a31d46e/element/f.492DEA3F6A95B07ADA96E928C4F8A0EF.d.B8E7263F503A9A0756C1DA6A5ADC3F25.e.7105/click - {}
RESULT: {}
COMMAND: GET /session/cdd305857320dd590ea5bbf59a31d46e/screenshot - {}
RESULT: {}
COMMAND: POST /session/cdd305857320dd590ea5bbf59a31d46e/element - {"using":"xpath","value":"//button[@data-kt=\"AddNewHOProvideAddItemsButton\"]"}
RESULT: {"using":"xpath","value":"//button[@data-kt=\"AddNewHOProvideAddItemsButton\"]"}
COMMAND: POST /session/cdd305857320dd590ea5bbf59a31d46e/element/f.492DEA3F6A95B07ADA96E928C4F8A0EF.d.B8E7263F503A9A0756C1DA6A5ADC3F25.e.7109/click - {}
RESULT: {}
COMMAND: GET /session/cdd305857320dd590ea5bbf59a31d46e/screenshot - {}
RESULT: {}
RESULT: undefined
COMMAND: POST /session/cdd305857320dd590ea5bbf59a31d46e/element - {"using":"xpath","value":"//*[@id=\"application-managehandovers-display-component---AddNewHO--popup-sa\"]"}
RESULT: {"using":"xpath","value":"//*[@id=\"application-managehandovers-display-component---AddNewHO--popup-sa\"]"}
COMMAND: POST /session/cdd305857320dd590ea5bbf59a31d46e/element/f.492DEA3F6A95B07ADA96E928C4F8A0EF.d.B8E7263F503A9A0756C1DA6A5ADC3F25.e.7124/click - {}
RESULT: {}
COMMAND: GET /session/cdd305857320dd590ea5bbf59a31d46e/screenshot - {}
RESULT: {}
COMMAND: POST /session/cdd305857320dd590ea5bbf59a31d46e/element - {"using":"xpath","value":"//*[contains(@id ,\"BDI-content\")][contains(text(), \"Select\")]"}
RESULT: {"using":"xpath","value":"//*[contains(@id ,\"BDI-content\")][contains(text(), \"Select\")]"}
COMMAND: POST /session/cdd305857320dd590ea5bbf59a31d46e/element/f.492DEA3F6A95B07ADA96E928C4F8A0EF.d.B8E7263F503A9A0756C1DA6A5ADC3F25.e.7125/click - {}
RESULT: {}
COMMAND: GET /session/cdd305857320dd590ea5bbf59a31d46e/screenshot - {}
RESULT: {}
COMMAND: POST /session/cdd305857320dd590ea5bbf59a31d46e/element - {"using":"xpath","value":"//bdi[(text() = 'Save' or . = 'Save')]"}
RESULT: {"using":"xpath","value":"//bdi[(text() = 'Save' or . = 'Save')]"}
COMMAND: POST /session/cdd305857320dd590ea5bbf59a31d46e/element/f.492DEA3F6A95B07ADA96E928C4F8A0EF.d.B8E7263F503A9A0756C1DA6A5ADC3F25.e.7133/click - {}
RESULT: {}
COMMAND: GET /session/cdd305857320dd590ea5bbf59a31d46e/screenshot - {}
RESULT: {}
]]></system-out>
    </testcase>
    <testcase classname="chrome.136_0_7103_93.windows.Provide_to_Site_w/_warehouse_management_w_clarification" name="Should test for Handover Execution" time="154.961">
      <system-out><![CDATA[
COMMAND: POST /session/cdd305857320dd590ea5bbf59a31d46e/execute/async - {"script":"<script> [1562 bytes]","args":[{"selector":{"controlType":"sap.m.Link","viewName":"etm.portal.ui.managehandovers.view.DetailExecuteHO","bindingPath":{"path":"","propertyPath":"/wmDoc","modelName":"warehouseMovModel"}},"wdio_ui5_key":"etmportal.ui.managehandovers.view.DetailExecuteHOsap.m.Link{\"path\":\"\",\"propertyPath\":\"/wmDoc\",\"modelName\":\"warehouseMovModel\"}"}]}
RESULT: {"script":"<script> [1562 bytes]","args":[{"selector":{"controlType":"sap.m.Link","viewName":"etm.portal.ui.managehandovers.view.DetailExecuteHO","bindingPath":{"path":"","propertyPath":"/wmDoc","modelName":"warehouseMovModel"}},"wdio_ui5_key":"etmportal.ui.managehandovers.view.DetailExecuteHOsap.m.Link{\"path\":\"\",\"propertyPath\":\"/wmDoc\",\"modelName\":\"warehouseMovModel\"}"}]}
RESULT: undefined
COMMAND: POST /session/cdd305857320dd590ea5bbf59a31d46e/element - {"using":"xpath","value":"//*[@id=\"__link82\"]"}
RESULT: {"using":"xpath","value":"//*[@id=\"__link82\"]"}
COMMAND: POST /session/cdd305857320dd590ea5bbf59a31d46e/element/f.492DEA3F6A95B07ADA96E928C4F8A0EF.d.B8E7263F503A9A0756C1DA6A5ADC3F25.e.7176/click - {}
RESULT: {}
COMMAND: GET /session/cdd305857320dd590ea5bbf59a31d46e/screenshot - {}
RESULT: {}
COMMAND: POST /session/cdd305857320dd590ea5bbf59a31d46e/execute/async - {"script":"<script> [1562 bytes]","args":[{"selector":{"controlType":"sap.m.Link","viewName":"etm.portal.ui.managehandovers.view.DetailExecuteHO","properties":{"text":"Warehouse Overview"},"searchOpenDialogs":true},"wdio_ui5_key":"etmportal.ui.managehandovers.view.DetailExecuteHOsap.m.Link{\"text\":\"Warehouse Overview\"}"}]}
RESULT: {"script":"<script> [1562 bytes]","args":[{"selector":{"controlType":"sap.m.Link","viewName":"etm.portal.ui.managehandovers.view.DetailExecuteHO","properties":{"text":"Warehouse Overview"},"searchOpenDialogs":true},"wdio_ui5_key":"etmportal.ui.managehandovers.view.DetailExecuteHOsap.m.Link{\"text\":\"Warehouse Overview\"}"}]}
RESULT: undefined
COMMAND: POST /session/cdd305857320dd590ea5bbf59a31d46e/element - {"using":"xpath","value":"//*[@id=\"__link98\"]"}
RESULT: {"using":"xpath","value":"//*[@id=\"__link98\"]"}
COMMAND: POST /session/cdd305857320dd590ea5bbf59a31d46e/element/f.492DEA3F6A95B07ADA96E928C4F8A0EF.d.B8E7263F503A9A0756C1DA6A5ADC3F25.e.7178/click - {}
RESULT: {}
COMMAND: GET /session/cdd305857320dd590ea5bbf59a31d46e/screenshot - {}
RESULT: {}
COMMAND: POST /session/cdd305857320dd590ea5bbf59a31d46e/execute/async - {"script":"<script> [1562 bytes]","args":[{"selector":{"controlType":"sap.m.Button","viewName":"etm.portal.ui.warehousemovements.view.DisplayMovement","viewId":"application-warehousemovements-display-component---displayMovement","i18NText":{"propertyName":"text","key":"execution"},"interaction":{"idSuffix":"BDI-content"}},"wdio_ui5_key":"etmportal.ui.warehousemovements.view.DisplayMovementsap.m.Button{\"propertyName\":\"text\",\"key\":\"execution\"}"}]}
RESULT: {"script":"<script> [1562 bytes]","args":[{"selector":{"controlType":"sap.m.Button","viewName":"etm.portal.ui.warehousemovements.view.DisplayMovement","viewId":"application-warehousemovements-display-component---displayMovement","i18NText":{"propertyName":"text","key":"execution"},"interaction":{"idSuffix":"BDI-content"}},"wdio_ui5_key":"etmportal.ui.warehousemovements.view.DisplayMovementsap.m.Button{\"propertyName\":\"text\",\"key\":\"execution\"}"}]}
RESULT: undefined
COMMAND: POST /session/cdd305857320dd590ea5bbf59a31d46e/element - {"using":"xpath","value":"//*[@id=\"__button247\"]"}
RESULT: {"using":"xpath","value":"//*[@id=\"__button247\"]"}
COMMAND: POST /session/cdd305857320dd590ea5bbf59a31d46e/element/f.492DEA3F6A95B07ADA96E928C4F8A0EF.d.B8E7263F503A9A0756C1DA6A5ADC3F25.e.7289/click - {}
RESULT: {}
COMMAND: GET /session/cdd305857320dd590ea5bbf59a31d46e/screenshot - {}
RESULT: {}
COMMAND: POST /session/cdd305857320dd590ea5bbf59a31d46e/execute/async - {"script":"<script> [1562 bytes]","args":[{"selector":{"controlType":"sap.m.Button","viewName":"etm.portal.ui.warehousemovements.view.ExecuteMovement","viewId":"application-warehousemovements-display-component---executeMovement","properties":{"text":"Items"},"interaction":{"idSuffix":"BDI-content"}},"wdio_ui5_key":"etmportal.ui.warehousemovements.view.ExecuteMovementsap.m.Button{\"text\":\"Items\"}"}]}
RESULT: {"script":"<script> [1562 bytes]","args":[{"selector":{"controlType":"sap.m.Button","viewName":"etm.portal.ui.warehousemovements.view.ExecuteMovement","viewId":"application-warehousemovements-display-component---executeMovement","properties":{"text":"Items"},"interaction":{"idSuffix":"BDI-content"}},"wdio_ui5_key":"etmportal.ui.warehousemovements.view.ExecuteMovementsap.m.Button{\"text\":\"Items\"}"}]}
RESULT: undefined
COMMAND: POST /session/cdd305857320dd590ea5bbf59a31d46e/element - {"using":"xpath","value":"//*[@id=\"__layout379-anchBar-application-warehousemovements-display-component---executeMovement--itemsSection-anchor\"]"}
RESULT: {"using":"xpath","value":"//*[@id=\"__layout379-anchBar-application-warehousemovements-display-component---executeMovement--itemsSection-anchor\"]"}
COMMAND: POST /session/cdd305857320dd590ea5bbf59a31d46e/element/f.492DEA3F6A95B07ADA96E928C4F8A0EF.d.B8E7263F503A9A0756C1DA6A5ADC3F25.e.7395/click - {}
RESULT: {}
COMMAND: GET /session/cdd305857320dd590ea5bbf59a31d46e/screenshot - {}
RESULT: {}
COMMAND: POST /session/cdd305857320dd590ea5bbf59a31d46e/execute/async - {"script":"<script> [1562 bytes]","args":[{"selector":{"controlType":"sap.m.ToggleButton","viewName":"etm.portal.ui.warehousemovements.view.ExecuteMovement","viewId":"application-warehousemovements-display-component---executeMovement","bindingPath":{"propertyPath":"STATUS","modelName":"catalogModel"},"interaction":{"idSuffix":"BDI-content"}},"wdio_ui5_key":"etmportal.ui.warehousemovements.view.ExecuteMovementsap.m.ToggleButton{\"propertyPath\":\"STATUS\",\"modelName\":\"catalogModel\"}"}]}
RESULT: {"script":"<script> [1562 bytes]","args":[{"selector":{"controlType":"sap.m.ToggleButton","viewName":"etm.portal.ui.warehousemovements.view.ExecuteMovement","viewId":"application-warehousemovements-display-component---executeMovement","bindingPath":{"propertyPath":"STATUS","modelName":"catalogModel"},"interaction":{"idSuffix":"BDI-content"}},"wdio_ui5_key":"etmportal.ui.warehousemovements.view.ExecuteMovementsap.m.ToggleButton{\"propertyPath\":\"STATUS\",\"modelName\":\"catalogModel\"}"}]}
RESULT: undefined
COMMAND: POST /session/cdd305857320dd590ea5bbf59a31d46e/element - {"using":"xpath","value":"//*[@id=\"__button272-__clone2896\"]"}
RESULT: {"using":"xpath","value":"//*[@id=\"__button272-__clone2896\"]"}
COMMAND: POST /session/cdd305857320dd590ea5bbf59a31d46e/element/f.492DEA3F6A95B07ADA96E928C4F8A0EF.d.B8E7263F503A9A0756C1DA6A5ADC3F25.e.7373/click - {}
RESULT: {}
RESULT: undefined
COMMAND: POST /session/cdd305857320dd590ea5bbf59a31d46e/element - {"using":"xpath","value":"//*[@id=\"__button272-__clone2896\"]"}
COMMAND: GET /session/cdd305857320dd590ea5bbf59a31d46e/screenshot - {}
RESULT: {"using":"xpath","value":"//*[@id=\"__button272-__clone2896\"]"}
COMMAND: POST /session/cdd305857320dd590ea5bbf59a31d46e/element/f.492DEA3F6A95B07ADA96E928C4F8A0EF.d.B8E7263F503A9A0756C1DA6A5ADC3F25.e.7373/click - {}
RESULT: {}
RESULT: {}
COMMAND: GET /session/cdd305857320dd590ea5bbf59a31d46e/screenshot - {}
RESULT: {}
COMMAND: POST /session/cdd305857320dd590ea5bbf59a31d46e/element - {"using":"xpath","value":"//section[contains(@id,\"FC-NoHead\")]/div[1]/div[5]/div[2]/span"}
RESULT: {"using":"xpath","value":"//section[contains(@id,\"FC-NoHead\")]/div[1]/div[5]/div[2]/span"}
COMMAND: POST /session/cdd305857320dd590ea5bbf59a31d46e/elements - {"using":"xpath","value":"//section[contains(@id,\"FC-NoHead\")]/div[1]/div[5]/div[2]/span"}
RESULT: {"using":"xpath","value":"//section[contains(@id,\"FC-NoHead\")]/div[1]/div[5]/div[2]/span"}
COMMAND: POST /session/cdd305857320dd590ea5bbf59a31d46e/execute/sync - {"script":"<script> [56 bytes]","args":[{"element-6066-11e4-a52e-4f735466cecf":"f.492DEA3F6A95B07ADA96E928C4F8A0EF.d.B8E7263F503A9A0756C1DA6A5ADC3F25.e.7402","ELEMENT":"f.492DEA3F6A95B07ADA96E928C4F8A0EF.d.B8E7263F503A9A0756C1DA6A5ADC3F25.e.7402"}]}
RESULT: {"script":"<script> [56 bytes]","args":[{"element-6066-11e4-a52e-4f735466cecf":"f.492DEA3F6A95B07ADA96E928C4F8A0EF.d.B8E7263F503A9A0756C1DA6A5ADC3F25.e.7402","ELEMENT":"f.492DEA3F6A95B07ADA96E928C4F8A0EF.d.B8E7263F503A9A0756C1DA6A5ADC3F25.e.7402"}]}
COMMAND: POST /session/cdd305857320dd590ea5bbf59a31d46e/actions - {"actions":[{"id":"action23","type":"key","parameters":{},"actions":[{"type":"keyDown","value":""},{"type":"pause","duration":10},{"type":"keyUp","value":""}]}]}
COMMAND: GET /session/cdd305857320dd590ea5bbf59a31d46e/screenshot - {}
RESULT: {"actions":[{"id":"action23","type":"key","parameters":{},"actions":[{"type":"keyDown","value":""},{"type":"pause","duration":10},{"type":"keyUp","value":""}]}]}
COMMAND: POST /session/cdd305857320dd590ea5bbf59a31d46e/execute/async - {"script":"<script> [1562 bytes]","args":[{"selector":{"id":"application-warehousemovements-display-component---executeMovement--executeId","interaction":{"idSuffix":"BDI-content"}},"wdio_ui5_key":"applicationwarehousemovements-display-component---executeMovement--executeId"}]}
COMMAND: GET /session/cdd305857320dd590ea5bbf59a31d46e/screenshot - {}
RESULT: {}
RESULT: {"script":"<script> [1562 bytes]","args":[{"selector":{"id":"application-warehousemovements-display-component---executeMovement--executeId","interaction":{"idSuffix":"BDI-content"}},"wdio_ui5_key":"applicationwarehousemovements-display-component---executeMovement--executeId"}]}
RESULT: undefined
COMMAND: POST /session/cdd305857320dd590ea5bbf59a31d46e/element - {"using":"xpath","value":"//*[@id=\"application-warehousemovements-display-component---executeMovement--executeId\"]"}
RESULT: {}
RESULT: {"using":"xpath","value":"//*[@id=\"application-warehousemovements-display-component---executeMovement--executeId\"]"}
COMMAND: POST /session/cdd305857320dd590ea5bbf59a31d46e/element/f.492DEA3F6A95B07ADA96E928C4F8A0EF.d.B8E7263F503A9A0756C1DA6A5ADC3F25.e.7367/click - {}
RESULT: {}
COMMAND: GET /session/cdd305857320dd590ea5bbf59a31d46e/screenshot - {}
RESULT: {}
COMMAND: POST /session/cdd305857320dd590ea5bbf59a31d46e/element - {"using":"css selector","value":"#shell-header-logo"}
RESULT: {"using":"css selector","value":"#shell-header-logo"}
COMMAND: POST /session/cdd305857320dd590ea5bbf59a31d46e/element/f.492DEA3F6A95B07ADA96E928C4F8A0EF.d.B8E7263F503A9A0756C1DA6A5ADC3F25.e.6163/click - {}
RESULT: {}
COMMAND: GET /session/cdd305857320dd590ea5bbf59a31d46e/screenshot - {}
RESULT: {}
RESULT: undefined
COMMAND: POST /session/cdd305857320dd590ea5bbf59a31d46e/element - {"using":"xpath","value":"//*[@id=\"__tile132\"]"}
RESULT: {"using":"xpath","value":"//*[@id=\"__tile132\"]"}
COMMAND: POST /session/cdd305857320dd590ea5bbf59a31d46e/element/f.492DEA3F6A95B07ADA96E928C4F8A0EF.d.B8E7263F503A9A0756C1DA6A5ADC3F25.e.4682/click - {}
RESULT: {}
COMMAND: GET /session/cdd305857320dd590ea5bbf59a31d46e/screenshot - {}
RESULT: {}
COMMAND: POST /session/cdd305857320dd590ea5bbf59a31d46e/elements - {"using":"xpath","value":"//span[text()='Error']"}
RESULT: {"using":"xpath","value":"//span[text()='Error']"}
COMMAND: POST /session/cdd305857320dd590ea5bbf59a31d46e/execute/async - {"script":"<script> [1562 bytes]","args":[{"selector":{"controlType":"sap.m.SearchField","viewName":"etm.portal.ui.managehandovers.view.MasterHO","bindingPath":{"propertyPath":"/_BASIC_SEARCH_FIELD","modelName":"fi1t3rM0d31"},"interaction":{"idSuffix":"I"}},"wdio_ui5_key":"etmportal.ui.managehandovers.view.MasterHOsap.m.SearchField{\"propertyPath\":\"/_BASIC_SEARCH_FIELD\",\"modelName\":\"fi1t3rM0d31\"}"}]}
RESULT: {"script":"<script> [1562 bytes]","args":[{"selector":{"controlType":"sap.m.SearchField","viewName":"etm.portal.ui.managehandovers.view.MasterHO","bindingPath":{"propertyPath":"/_BASIC_SEARCH_FIELD","modelName":"fi1t3rM0d31"},"interaction":{"idSuffix":"I"}},"wdio_ui5_key":"etmportal.ui.managehandovers.view.MasterHOsap.m.SearchField{\"propertyPath\":\"/_BASIC_SEARCH_FIELD\",\"modelName\":\"fi1t3rM0d31\"}"}]}
RESULT: undefined
COMMAND: POST /session/cdd305857320dd590ea5bbf59a31d46e/execute/async - {"script":"<script> [776 bytes]","args":[{"enterText":"30671","selector":{"controlType":"sap.m.SearchField","viewName":"etm.portal.ui.managehandovers.view.MasterHO","bindingPath":{"propertyPath":"/_BASIC_SEARCH_FIELD","modelName":"fi1t3rM0d31"},"interaction":{"idSuffix":"I"}},"clearTextFirst":true,"interactionType":"ENTER_TEXT"}]}
RESULT: {"script":"<script> [776 bytes]","args":[{"enterText":"30671","selector":{"controlType":"sap.m.SearchField","viewName":"etm.portal.ui.managehandovers.view.MasterHO","bindingPath":{"propertyPath":"/_BASIC_SEARCH_FIELD","modelName":"fi1t3rM0d31"},"interaction":{"idSuffix":"I"}},"clearTextFirst":true,"interactionType":"ENTER_TEXT"}]}
COMMAND: POST /session/cdd305857320dd590ea5bbf59a31d46e/actions - {"actions":[{"id":"action24","type":"key","parameters":{},"actions":[{"type":"keyDown","value":""},{"type":"pause","duration":10},{"type":"keyUp","value":""}]}]}
RESULT: {"actions":[{"id":"action24","type":"key","parameters":{},"actions":[{"type":"keyDown","value":""},{"type":"pause","duration":10},{"type":"keyUp","value":""}]}]}
COMMAND: GET /session/cdd305857320dd590ea5bbf59a31d46e/screenshot - {}
RESULT: {}
COMMAND: POST /session/cdd305857320dd590ea5bbf59a31d46e/execute/async - {"script":"<script> [1562 bytes]","args":[{"selector":{"controlType":"sap.ui.core.Icon","viewName":"etm.portal.ui.managehandovers.view.MasterHO","properties":{"src":{"regex":{"source":"slim\\-arrow\\-right"}}}},"wdio_ui5_key":"etmportal.ui.managehandovers.view.MasterHOsap.ui.core.Icon{\"src\":{\"regex\":{\"source\":\"slim\\\\-arrow\\\\-right\"}}}"}]}
RESULT: {"script":"<script> [1562 bytes]","args":[{"selector":{"controlType":"sap.ui.core.Icon","viewName":"etm.portal.ui.managehandovers.view.MasterHO","properties":{"src":{"regex":{"source":"slim\\-arrow\\-right"}}}},"wdio_ui5_key":"etmportal.ui.managehandovers.view.MasterHOsap.ui.core.Icon{\"src\":{\"regex\":{\"source\":\"slim\\\\-arrow\\\\-right\"}}}"}]}
RESULT: undefined
COMMAND: POST /session/cdd305857320dd590ea5bbf59a31d46e/element - {"using":"xpath","value":"//*[@id=\"__item1512-__clone2975-imgNav\"]"}
RESULT: {"using":"xpath","value":"//*[@id=\"__item1512-__clone2975-imgNav\"]"}
COMMAND: POST /session/cdd305857320dd590ea5bbf59a31d46e/element/f.492DEA3F6A95B07ADA96E928C4F8A0EF.d.B8E7263F503A9A0756C1DA6A5ADC3F25.e.7699/click - {}
RESULT: {}
COMMAND: GET /session/cdd305857320dd590ea5bbf59a31d46e/screenshot - {}
RESULT: {}
COMMAND: POST /session/cdd305857320dd590ea5bbf59a31d46e/element - {"using":"xpath","value":"//button[@data-kt=\"IssuingTableConfirmAllButton\"]"}
RESULT: {"using":"xpath","value":"//button[@data-kt=\"IssuingTableConfirmAllButton\"]"}
COMMAND: POST /session/cdd305857320dd590ea5bbf59a31d46e/element/f.492DEA3F6A95B07ADA96E928C4F8A0EF.d.B8E7263F503A9A0756C1DA6A5ADC3F25.e.7788/click - {}
RESULT: {}
COMMAND: GET /session/cdd305857320dd590ea5bbf59a31d46e/screenshot - {}
RESULT: {}
COMMAND: POST /session/cdd305857320dd590ea5bbf59a31d46e/element - {"using":"xpath","value":"//bdi[contains(text(), \"OK\")]"}
RESULT: {"using":"xpath","value":"//bdi[contains(text(), \"OK\")]"}
COMMAND: POST /session/cdd305857320dd590ea5bbf59a31d46e/element/f.492DEA3F6A95B07ADA96E928C4F8A0EF.d.B8E7263F503A9A0756C1DA6A5ADC3F25.e.7795/click - {}
RESULT: {}
COMMAND: GET /session/cdd305857320dd590ea5bbf59a31d46e/screenshot - {}
RESULT: {}
COMMAND: POST /session/cdd305857320dd590ea5bbf59a31d46e/element - {"using":"xpath","value":"//button[@data-kt=\"execHoIssueButton\"]"}
RESULT: {"using":"xpath","value":"//button[@data-kt=\"execHoIssueButton\"]"}
COMMAND: POST /session/cdd305857320dd590ea5bbf59a31d46e/element/f.492DEA3F6A95B07ADA96E928C4F8A0EF.d.B8E7263F503A9A0756C1DA6A5ADC3F25.e.7797/click - {}
RESULT: {}
COMMAND: GET /session/cdd305857320dd590ea5bbf59a31d46e/screenshot - {}
RESULT: {}
RESULT: undefined
COMMAND: POST /session/cdd305857320dd590ea5bbf59a31d46e/execute/async - {"script":"<script> [776 bytes]","args":[{"enterText":"30671","selector":{"controlType":"sap.m.SearchField","viewName":"etm.portal.ui.managehandovers.view.MasterHO","bindingPath":{"propertyPath":"/_BASIC_SEARCH_FIELD","modelName":"fi1t3rM0d31"},"interaction":{"idSuffix":"I"}},"clearTextFirst":true,"interactionType":"ENTER_TEXT"}]}
RESULT: {"script":"<script> [776 bytes]","args":[{"enterText":"30671","selector":{"controlType":"sap.m.SearchField","viewName":"etm.portal.ui.managehandovers.view.MasterHO","bindingPath":{"propertyPath":"/_BASIC_SEARCH_FIELD","modelName":"fi1t3rM0d31"},"interaction":{"idSuffix":"I"}},"clearTextFirst":true,"interactionType":"ENTER_TEXT"}]}
COMMAND: POST /session/cdd305857320dd590ea5bbf59a31d46e/actions - {"actions":[{"id":"action25","type":"key","parameters":{},"actions":[{"type":"keyDown","value":""},{"type":"pause","duration":10},{"type":"keyUp","value":""}]}]}
RESULT: {"actions":[{"id":"action25","type":"key","parameters":{},"actions":[{"type":"keyDown","value":""},{"type":"pause","duration":10},{"type":"keyUp","value":""}]}]}
COMMAND: GET /session/cdd305857320dd590ea5bbf59a31d46e/screenshot - {}
RESULT: {}
COMMAND: POST /session/cdd305857320dd590ea5bbf59a31d46e/element - {"using":"xpath","value":"//span[(text() = '30671' or . = '30671')]"}
RESULT: {"using":"xpath","value":"//span[(text() = '30671' or . = '30671')]"}
COMMAND: POST /session/cdd305857320dd590ea5bbf59a31d46e/element/f.492DEA3F6A95B07ADA96E928C4F8A0EF.d.B8E7263F503A9A0756C1DA6A5ADC3F25.e.7850/click - {}
RESULT: {}
COMMAND: GET /session/cdd305857320dd590ea5bbf59a31d46e/screenshot - {}
RESULT: {}
COMMAND: POST /session/cdd305857320dd590ea5bbf59a31d46e/element - {"using":"xpath","value":"//span[contains(text(), \"Instructions\")]"}
RESULT: {"using":"xpath","value":"//span[contains(text(), \"Instructions\")]"}
COMMAND: POST /session/cdd305857320dd590ea5bbf59a31d46e/element/f.492DEA3F6A95B07ADA96E928C4F8A0EF.d.B8E7263F503A9A0756C1DA6A5ADC3F25.e.7884/click - {}
RESULT: {}
COMMAND: GET /session/cdd305857320dd590ea5bbf59a31d46e/screenshot - {}
RESULT: {}
COMMAND: POST /session/cdd305857320dd590ea5bbf59a31d46e/element - {"using":"xpath","value":"//span[contains(text(), \"Instructions\")]"}
RESULT: {"using":"xpath","value":"//span[contains(text(), \"Instructions\")]"}
COMMAND: POST /session/cdd305857320dd590ea5bbf59a31d46e/element/f.492DEA3F6A95B07ADA96E928C4F8A0EF.d.B8E7263F503A9A0756C1DA6A5ADC3F25.e.7884/click - {}
RESULT: {}
COMMAND: GET /session/cdd305857320dd590ea5bbf59a31d46e/screenshot - {}
RESULT: {}
COMMAND: POST /session/cdd305857320dd590ea5bbf59a31d46e/execute/async - {"script":"<script> [1562 bytes]","args":[{"selector":{"controlType":"sap.m.ComboBox","viewName":"etm.portal.ui.managehandovers.view.DetailExecuteHO","bindingPath":{"propertyPath":"RECEIVING_SECTION","modelName":"catalogModel"},"interaction":{"idSuffix":"inner"}},"wdio_ui5_key":"etmportal.ui.managehandovers.view.DetailExecuteHOsap.m.ComboBox{\"propertyPath\":\"RECEIVING_SECTION\",\"modelName\":\"catalogModel\"}"}]}
RESULT: {"script":"<script> [1562 bytes]","args":[{"selector":{"controlType":"sap.m.ComboBox","viewName":"etm.portal.ui.managehandovers.view.DetailExecuteHO","bindingPath":{"propertyPath":"RECEIVING_SECTION","modelName":"catalogModel"},"interaction":{"idSuffix":"inner"}},"wdio_ui5_key":"etmportal.ui.managehandovers.view.DetailExecuteHOsap.m.ComboBox{\"propertyPath\":\"RECEIVING_SECTION\",\"modelName\":\"catalogModel\"}"}]}
RESULT: undefined
COMMAND: POST /session/cdd305857320dd590ea5bbf59a31d46e/execute/async - {"script":"<script> [776 bytes]","args":[{"enterText":"WDIO-2182","selector":{"controlType":"sap.m.ComboBox","viewName":"etm.portal.ui.managehandovers.view.DetailExecuteHO","bindingPath":{"propertyPath":"RECEIVING_SECTION","modelName":"catalogModel"},"interaction":{"idSuffix":"inner"}},"clearTextFirst":true,"interactionType":"ENTER_TEXT"}]}
RESULT: {"script":"<script> [776 bytes]","args":[{"enterText":"WDIO-2182","selector":{"controlType":"sap.m.ComboBox","viewName":"etm.portal.ui.managehandovers.view.DetailExecuteHO","bindingPath":{"propertyPath":"RECEIVING_SECTION","modelName":"catalogModel"},"interaction":{"idSuffix":"inner"}},"clearTextFirst":true,"interactionType":"ENTER_TEXT"}]}
COMMAND: POST /session/cdd305857320dd590ea5bbf59a31d46e/actions - {"actions":[{"id":"action26","type":"key","parameters":{},"actions":[{"type":"keyDown","value":""},{"type":"pause","duration":10},{"type":"keyUp","value":""}]}]}
RESULT: {"actions":[{"id":"action26","type":"key","parameters":{},"actions":[{"type":"keyDown","value":""},{"type":"pause","duration":10},{"type":"keyUp","value":""}]}]}
COMMAND: GET /session/cdd305857320dd590ea5bbf59a31d46e/screenshot - {}
RESULT: {}
COMMAND: POST /session/cdd305857320dd590ea5bbf59a31d46e/element - {"using":"xpath","value":"//button[@data-kt= \"execHoReceiveButton\"]"}
RESULT: {"using":"xpath","value":"//button[@data-kt= \"execHoReceiveButton\"]"}
COMMAND: POST /session/cdd305857320dd590ea5bbf59a31d46e/element/f.492DEA3F6A95B07ADA96E928C4F8A0EF.d.B8E7263F503A9A0756C1DA6A5ADC3F25.e.7891/click - {}
RESULT: {}
COMMAND: GET /session/cdd305857320dd590ea5bbf59a31d46e/screenshot - {}
RESULT: {}
COMMAND: POST /session/cdd305857320dd590ea5bbf59a31d46e/execute/async - {"script":"<script> [1562 bytes]","args":[{"selector":{"controlType":"sap.m.Button","properties":{"text":"Continue"},"searchOpenDialogs":true,"interaction":{"idSuffix":"content"}},"wdio_ui5_key":"sapm.Button{\"text\":\"Continue\"}"}]}
RESULT: {"script":"<script> [1562 bytes]","args":[{"selector":{"controlType":"sap.m.Button","properties":{"text":"Continue"},"searchOpenDialogs":true,"interaction":{"idSuffix":"content"}},"wdio_ui5_key":"sapm.Button{\"text\":\"Continue\"}"}]}
RESULT: undefined
COMMAND: POST /session/cdd305857320dd590ea5bbf59a31d46e/element - {"using":"xpath","value":"//*[@id=\"__mbox-btn-6\"]"}
RESULT: {"using":"xpath","value":"//*[@id=\"__mbox-btn-6\"]"}
COMMAND: POST /session/cdd305857320dd590ea5bbf59a31d46e/element/f.492DEA3F6A95B07ADA96E928C4F8A0EF.d.B8E7263F503A9A0756C1DA6A5ADC3F25.e.7892/click - {}
RESULT: {}
COMMAND: GET /session/cdd305857320dd590ea5bbf59a31d46e/screenshot - {}
RESULT: {}
COMMAND: POST /session/cdd305857320dd590ea5bbf59a31d46e/element - {"using":"css selector","value":"#shell-header-logo"}
RESULT: {"using":"css selector","value":"#shell-header-logo"}
COMMAND: POST /session/cdd305857320dd590ea5bbf59a31d46e/element/f.492DEA3F6A95B07ADA96E928C4F8A0EF.d.B8E7263F503A9A0756C1DA6A5ADC3F25.e.7454/click - {}
RESULT: {}
COMMAND: GET /session/cdd305857320dd590ea5bbf59a31d46e/screenshot - {}
RESULT: {}
]]></system-out>
    </testcase>
    <testcase classname="chrome.136_0_7103_93.windows.Provide_to_Site_w/_warehouse_management_w_clarification" name="Should test for Clarification" time="71.581">
      <system-out><![CDATA[
RESULT: undefined
COMMAND: POST /session/cdd305857320dd590ea5bbf59a31d46e/element - {"using":"xpath","value":"//*[@id=\"__tile132\"]"}
RESULT: {"using":"xpath","value":"//*[@id=\"__tile132\"]"}
COMMAND: POST /session/cdd305857320dd590ea5bbf59a31d46e/element/f.492DEA3F6A95B07ADA96E928C4F8A0EF.d.B8E7263F503A9A0756C1DA6A5ADC3F25.e.4682/click - {}
RESULT: {}
COMMAND: GET /session/cdd305857320dd590ea5bbf59a31d46e/screenshot - {}
RESULT: {}
COMMAND: POST /session/cdd305857320dd590ea5bbf59a31d46e/elements - {"using":"xpath","value":"//span[text()='Error']"}
RESULT: {"using":"xpath","value":"//span[text()='Error']"}
RESULT: undefined
COMMAND: POST /session/cdd305857320dd590ea5bbf59a31d46e/execute/async - {"script":"<script> [776 bytes]","args":[{"enterText":"30671","selector":{"controlType":"sap.m.SearchField","viewName":"etm.portal.ui.managehandovers.view.MasterHO","bindingPath":{"propertyPath":"/_BASIC_SEARCH_FIELD","modelName":"fi1t3rM0d31"},"interaction":{"idSuffix":"I"}},"clearTextFirst":true,"interactionType":"ENTER_TEXT"}]}
RESULT: {"script":"<script> [776 bytes]","args":[{"enterText":"30671","selector":{"controlType":"sap.m.SearchField","viewName":"etm.portal.ui.managehandovers.view.MasterHO","bindingPath":{"propertyPath":"/_BASIC_SEARCH_FIELD","modelName":"fi1t3rM0d31"},"interaction":{"idSuffix":"I"}},"clearTextFirst":true,"interactionType":"ENTER_TEXT"}]}
COMMAND: POST /session/cdd305857320dd590ea5bbf59a31d46e/actions - {"actions":[{"id":"action27","type":"key","parameters":{},"actions":[{"type":"keyDown","value":""},{"type":"pause","duration":10},{"type":"keyUp","value":""}]}]}
RESULT: {"actions":[{"id":"action27","type":"key","parameters":{},"actions":[{"type":"keyDown","value":""},{"type":"pause","duration":10},{"type":"keyUp","value":""}]}]}
COMMAND: GET /session/cdd305857320dd590ea5bbf59a31d46e/screenshot - {}
RESULT: {}
COMMAND: POST /session/cdd305857320dd590ea5bbf59a31d46e/element - {"using":"xpath","value":"//span[(text() = '30671' or . = '30671')]"}
RESULT: {"using":"xpath","value":"//span[(text() = '30671' or . = '30671')]"}
COMMAND: POST /session/cdd305857320dd590ea5bbf59a31d46e/element/f.492DEA3F6A95B07ADA96E928C4F8A0EF.d.B8E7263F503A9A0756C1DA6A5ADC3F25.e.8052/click - {}
RESULT: {}
COMMAND: GET /session/cdd305857320dd590ea5bbf59a31d46e/screenshot - {}
RESULT: {}
COMMAND: POST /session/cdd305857320dd590ea5bbf59a31d46e/element - {"using":"xpath","value":"//span[contains(text(), \"Instructions\")]"}
RESULT: {"using":"xpath","value":"//span[contains(text(), \"Instructions\")]"}
COMMAND: POST /session/cdd305857320dd590ea5bbf59a31d46e/element/f.492DEA3F6A95B07ADA96E928C4F8A0EF.d.B8E7263F503A9A0756C1DA6A5ADC3F25.e.8148/click - {}
RESULT: {}
COMMAND: GET /session/cdd305857320dd590ea5bbf59a31d46e/screenshot - {}
RESULT: {}
COMMAND: POST /session/cdd305857320dd590ea5bbf59a31d46e/element - {"using":"xpath","value":"//span[contains(text(), \"Instructions\")]"}
RESULT: {"using":"xpath","value":"//span[contains(text(), \"Instructions\")]"}
COMMAND: POST /session/cdd305857320dd590ea5bbf59a31d46e/element/f.492DEA3F6A95B07ADA96E928C4F8A0EF.d.B8E7263F503A9A0756C1DA6A5ADC3F25.e.8148/click - {}
RESULT: {}
COMMAND: GET /session/cdd305857320dd590ea5bbf59a31d46e/screenshot - {}
RESULT: {}
COMMAND: POST /session/cdd305857320dd590ea5bbf59a31d46e/element - {"using":"xpath","value":"//button[.//bdi[text() = \"Refuse\"]]"}
RESULT: {"using":"xpath","value":"//button[.//bdi[text() = \"Refuse\"]]"}
COMMAND: POST /session/cdd305857320dd590ea5bbf59a31d46e/element/f.492DEA3F6A95B07ADA96E928C4F8A0EF.d.B8E7263F503A9A0756C1DA6A5ADC3F25.e.8154/click - {}
RESULT: {}
COMMAND: GET /session/cdd305857320dd590ea5bbf59a31d46e/screenshot - {}
RESULT: {}
COMMAND: POST /session/cdd305857320dd590ea5bbf59a31d46e/element - {"using":"xpath","value":"//button[@data-kt= \"execHoReceiveRefuseButton\"]"}
RESULT: {"using":"xpath","value":"//button[@data-kt= \"execHoReceiveRefuseButton\"]"}
COMMAND: POST /session/cdd305857320dd590ea5bbf59a31d46e/element/f.492DEA3F6A95B07ADA96E928C4F8A0EF.d.B8E7263F503A9A0756C1DA6A5ADC3F25.e.8156/click - {}
RESULT: {}
COMMAND: GET /session/cdd305857320dd590ea5bbf59a31d46e/screenshot - {}
RESULT: {}
COMMAND: POST /session/cdd305857320dd590ea5bbf59a31d46e/element - {"using":"css selector","value":"#shell-header-logo"}
RESULT: {"using":"css selector","value":"#shell-header-logo"}
COMMAND: POST /session/cdd305857320dd590ea5bbf59a31d46e/element/f.492DEA3F6A95B07ADA96E928C4F8A0EF.d.B8E7263F503A9A0756C1DA6A5ADC3F25.e.7934/click - {}
RESULT: {}
COMMAND: GET /session/cdd305857320dd590ea5bbf59a31d46e/screenshot - {}
RESULT: {}
COMMAND: POST /session/cdd305857320dd590ea5bbf59a31d46e/element - {"using":"css selector","value":"#j_username"}
COMMAND: POST /session/cdd305857320dd590ea5bbf59a31d46e/url - {"url":"https://qa-testing-00-live-etm-ui.cfapps.eu10-004.hana.ondemand.com/"}
RESULT: {"using":"css selector","value":"#j_username"}
COMMAND: POST /session/cdd305857320dd590ea5bbf59a31d46e/element - {"using":"css selector","value":"#j_username"}
RESULT: {"url":"https://qa-testing-00-live-etm-ui.cfapps.eu10-004.hana.ondemand.com/"}
RESULT: undefined
COMMAND: GET /session/cdd305857320dd590ea5bbf59a31d46e/screenshot - {}
RESULT: {"using":"css selector","value":"#j_username"}
COMMAND: POST /session/cdd305857320dd590ea5bbf59a31d46e/element - {"using":"css selector","value":"#shell-header-logo"}
RESULT: {}
RESULT: {"using":"css selector","value":"#shell-header-logo"}
COMMAND: POST /session/cdd305857320dd590ea5bbf59a31d46e/execute/sync - {"script":"<script> [8489 bytes]","args":[{"element-6066-11e4-a52e-4f735466cecf":"f.492DEA3F6A95B07ADA96E928C4F8A0EF.d.B355379D4911C98F2DF1BE596C80A7E5.e.8213","ELEMENT":"f.492DEA3F6A95B07ADA96E928C4F8A0EF.d.B355379D4911C98F2DF1BE596C80A7E5.e.8213"}]}
RESULT: {"script":"<script> [8489 bytes]","args":[{"element-6066-11e4-a52e-4f735466cecf":"f.492DEA3F6A95B07ADA96E928C4F8A0EF.d.B355379D4911C98F2DF1BE596C80A7E5.e.8213","ELEMENT":"f.492DEA3F6A95B07ADA96E928C4F8A0EF.d.B355379D4911C98F2DF1BE596C80A7E5.e.8213"}]}
COMMAND: POST /session/cdd305857320dd590ea5bbf59a31d46e/element - {"using":"css selector","value":"#shell-header-logo"}
COMMAND: GET /session/cdd305857320dd590ea5bbf59a31d46e/screenshot - {}
RESULT: {"using":"css selector","value":"#shell-header-logo"}
COMMAND: POST /session/cdd305857320dd590ea5bbf59a31d46e/execute/sync - {"script":"<script> [8489 bytes]","args":[{"element-6066-11e4-a52e-4f735466cecf":"f.492DEA3F6A95B07ADA96E928C4F8A0EF.d.B355379D4911C98F2DF1BE596C80A7E5.e.8213","ELEMENT":"f.492DEA3F6A95B07ADA96E928C4F8A0EF.d.B355379D4911C98F2DF1BE596C80A7E5.e.8213"}]}
RESULT: {}
RESULT: {"script":"<script> [8489 bytes]","args":[{"element-6066-11e4-a52e-4f735466cecf":"f.492DEA3F6A95B07ADA96E928C4F8A0EF.d.B355379D4911C98F2DF1BE596C80A7E5.e.8213","ELEMENT":"f.492DEA3F6A95B07ADA96E928C4F8A0EF.d.B355379D4911C98F2DF1BE596C80A7E5.e.8213"}]}
COMMAND: POST /session/cdd305857320dd590ea5bbf59a31d46e/execute/sync - {"script":"<script> [5351 bytes]","args":[{"element-6066-11e4-a52e-4f735466cecf":"f.492DEA3F6A95B07ADA96E928C4F8A0EF.d.B355379D4911C98F2DF1BE596C80A7E5.e.8213","ELEMENT":"f.492DEA3F6A95B07ADA96E928C4F8A0EF.d.B355379D4911C98F2DF1BE596C80A7E5.e.8213"}]}
COMMAND: GET /session/cdd305857320dd590ea5bbf59a31d46e/screenshot - {}
RESULT: {"script":"<script> [5351 bytes]","args":[{"element-6066-11e4-a52e-4f735466cecf":"f.492DEA3F6A95B07ADA96E928C4F8A0EF.d.B355379D4911C98F2DF1BE596C80A7E5.e.8213","ELEMENT":"f.492DEA3F6A95B07ADA96E928C4F8A0EF.d.B355379D4911C98F2DF1BE596C80A7E5.e.8213"}]}
COMMAND: POST /session/cdd305857320dd590ea5bbf59a31d46e/element - {"using":"css selector","value":"#shell-header-logo"}
COMMAND: GET /session/cdd305857320dd590ea5bbf59a31d46e/screenshot - {}
RESULT: {}
RESULT: {"using":"css selector","value":"#shell-header-logo"}
COMMAND: POST /session/cdd305857320dd590ea5bbf59a31d46e/element/f.492DEA3F6A95B07ADA96E928C4F8A0EF.d.B355379D4911C98F2DF1BE596C80A7E5.e.8213/click - {}
RESULT: {}
RESULT: {}
COMMAND: GET /session/cdd305857320dd590ea5bbf59a31d46e/screenshot - {}
RESULT: {}
COMMAND: POST /session/cdd305857320dd590ea5bbf59a31d46e/execute/async - {"script":"<script> [189 bytes]","args":[]}
RESULT: {"script":"<script> [189 bytes]","args":[]}
COMMAND: POST /session/cdd305857320dd590ea5bbf59a31d46e/execute/async - {"script":"<script> [123 bytes]","args":[]}
RESULT: {"script":"<script> [123 bytes]","args":[]}
COMMAND: POST /session/cdd305857320dd590ea5bbf59a31d46e/timeouts - {"script":"<number>"}
RESULT: {"script":"<number>"}
COMMAND: GET /session/cdd305857320dd590ea5bbf59a31d46e/timeouts - {}
RESULT: {}
RESULT: undefined
COMMAND: POST /session/cdd305857320dd590ea5bbf59a31d46e/execute/async - {"script":"<script> [2676 bytes]","args":[]}
RESULT: {"script":"<script> [2676 bytes]","args":[]}
COMMAND: POST /session/cdd305857320dd590ea5bbf59a31d46e/execute/async - {"script":"<script> [2342 bytes]","args":[{"protocol":"http","hostname":"0.0.0.0","path":"/","capabilities":{"browserName":"chrome","goog:chromeOptions":{"binary":"C:\\Program Files\\Google\\Chrome\\Application\\chrome.exe","args":["--start-maximized"]}},"logLevel":"warn","connectionRetryTimeout":120000,"connectionRetryCount":3,"logLevels":{},"enableDirectConnect":true,"strictSSL":true,"_":"65 more keys: [\"cacheDir\",\"port\",\"requestedCapabilities\",\"automationProtocol\",\"baseUrl\",\"waitforInterval\",\"waitforTimeout\",\"onReload\",\"beforeCommand\",\"afterCommand\",\"rootDir\",\"specs\",\"suites\",\"exclude\",\"groupLogsByTestSpec\",\"excludeDriverLogs\",\"bail\",\"framework\",\"reporters\",\"services\",\"maxInstances\",\"maxInstancesPerCapability\",\"injectGlobals\",\"filesToWatch\",\"execArgv\",\"runnerEnv\",\"runner\",\"shard\",\"specFileRetries\",\"specFileRetriesDelay\",\"specFileRetriesDeferred\",\"reporterSyncInterval\",\"reporterSyncTimeout\",\"cucumberFeaturesWithLineNumbers\",\"autoCompileOpts\",\"mochaOpts\",\"jasmineOpts\",\"cucumberOpts\",\"onPrepare\",\"onWorkerStart\",\"onWorkerEnd\",\"before\",\"beforeSession\",\"beforeSuite\",\"beforeHook\",\"beforeTest\",\"afterTest\",\"afterHook\",\"afterSuite\",\"afterSession\",\"after\",\"onComplete\",\"beforeAssertion\",\"afterAssertion\",\"beforeFeature\",\"beforeScenario\",\"beforeStep\",\"afterStep\",\"afterScenario\",\"afterFeature\",\"_\",\"suite\",\"$0\",\"ignoredWorkerServices\",\"wdi5\"]"}]}
RESULT: {"script":"<script> [2342 bytes]","args":[{"protocol":"http","hostname":"0.0.0.0","path":"/","capabilities":{"browserName":"chrome","goog:chromeOptions":{"binary":"C:\\Program Files\\Google\\Chrome\\Application\\chrome.exe","args":["--start-maximized"]}},"logLevel":"warn","connectionRetryTimeout":120000,"connectionRetryCount":3,"logLevels":{},"enableDirectConnect":true,"strictSSL":true,"_":"65 more keys: [\"cacheDir\",\"port\",\"requestedCapabilities\",\"automationProtocol\",\"baseUrl\",\"waitforInterval\",\"waitforTimeout\",\"onReload\",\"beforeCommand\",\"afterCommand\",\"rootDir\",\"specs\",\"suites\",\"exclude\",\"groupLogsByTestSpec\",\"excludeDriverLogs\",\"bail\",\"framework\",\"reporters\",\"services\",\"maxInstances\",\"maxInstancesPerCapability\",\"injectGlobals\",\"filesToWatch\",\"execArgv\",\"runnerEnv\",\"runner\",\"shard\",\"specFileRetries\",\"specFileRetriesDelay\",\"specFileRetriesDeferred\",\"reporterSyncInterval\",\"reporterSyncTimeout\",\"cucumberFeaturesWithLineNumbers\",\"autoCompileOpts\",\"mochaOpts\",\"jasmineOpts\",\"cucumberOpts\",\"onPrepare\",\"onWorkerStart\",\"onWorkerEnd\",\"before\",\"beforeSession\",\"beforeSuite\",\"beforeHook\",\"beforeTest\",\"afterTest\",\"afterHook\",\"afterSuite\",\"afterSession\",\"after\",\"onComplete\",\"beforeAssertion\",\"afterAssertion\",\"beforeFeature\",\"beforeScenario\",\"beforeStep\",\"afterStep\",\"afterScenario\",\"afterFeature\",\"_\",\"suite\",\"$0\",\"ignoredWorkerServices\",\"wdi5\"]"}]}
COMMAND: POST /session/cdd305857320dd590ea5bbf59a31d46e/execute/async - {"script":"<script> [21126 bytes]","args":[35000]}
RESULT: {"script":"<script> [21126 bytes]","args":[35000]}
COMMAND: POST /session/cdd305857320dd590ea5bbf59a31d46e/window/maximize - {}
RESULT: {}
COMMAND: POST /session/cdd305857320dd590ea5bbf59a31d46e/execute/async - {"script":"<script> [1562 bytes]","args":[{"selector":{"id":"shell-header","interaction":{"idSuffix":"icon"}},"wdio_ui5_key":"shellheader"}]}
COMMAND: GET /session/cdd305857320dd590ea5bbf59a31d46e/screenshot - {}
RESULT: {"script":"<script> [1562 bytes]","args":[{"selector":{"id":"shell-header","interaction":{"idSuffix":"icon"}},"wdio_ui5_key":"shellheader"}]}
RESULT: undefined
COMMAND: POST /session/cdd305857320dd590ea5bbf59a31d46e/window/fullscreen - {}
RESULT: {}
RESULT: {}
]]></system-out>
    </testcase>
  </testsuite>
  <testsuite timestamp="2025-05-27T16:41:34" time="151.343" tests="6" failures="0" errors="0" skipped="0">
    <properties>
      <property name="specId" value="0"/>
      <property name="suiteName" value="Provide to Site w/ warehouse management w/o clarification US113782 "/>
      <property name="capabilities" value="chrome.136_0_7103_93.windows"/>
      <property name="file" value="file:///D:/a/1/s/test/specs/HTR/provide-to-site-w-warehouse-wo-clarification.spec.js"/>
    </properties>
    <testcase classname="chrome.136_0_7103_93.windows.Provide_to_Site_w/_warehouse_management_w/o_clarification_US113782_" name="Should create a new WHM yard" time="0.035">
      <system-out><![CDATA[
COMMAND: POST /session/cdd305857320dd590ea5bbf59a31d46e/window/fullscreen - {}
RESULT: {}
]]></system-out>
    </testcase>
    <testcase classname="chrome.136_0_7103_93.windows.Provide_to_Site_w/_warehouse_management_w/o_clarification_US113782_" name="Should create a new external WHM partner" time="0.004"/>
    <testcase classname="chrome.136_0_7103_93.windows.Provide_to_Site_w/_warehouse_management_w/o_clarification_US113782_" name="Should create a new WHM site" time="0.005"/>
    <testcase classname="chrome.136_0_7103_93.windows.Provide_to_Site_w/_warehouse_management_w/o_clarification_US113782_" name="Should create a new material" time="132.443">
      <system-out><![CDATA[
COMMAND: POST /session/cdd305857320dd590ea5bbf59a31d46e/execute/async - {"script":"<script> [1562 bytes]","args":[{"selector":{"controlType":"sap.m.GenericTile","properties":{"header":"Manage Resources"}},"wdio_ui5_key":"sapm.GenericTile{\"header\":\"Manage Resources\"}"}]}
RESULT: {"script":"<script> [1562 bytes]","args":[{"selector":{"controlType":"sap.m.GenericTile","properties":{"header":"Manage Resources"}},"wdio_ui5_key":"sapm.GenericTile{\"header\":\"Manage Resources\"}"}]}
RESULT: undefined
COMMAND: POST /session/cdd305857320dd590ea5bbf59a31d46e/element - {"using":"xpath","value":"//*[@id=\"__tile31\"]"}
RESULT: {"using":"xpath","value":"//*[@id=\"__tile31\"]"}
COMMAND: POST /session/cdd305857320dd590ea5bbf59a31d46e/element/f.492DEA3F6A95B07ADA96E928C4F8A0EF.d.B355379D4911C98F2DF1BE596C80A7E5.e.8232/click - {}
RESULT: {}
COMMAND: GET /session/cdd305857320dd590ea5bbf59a31d46e/screenshot - {}
RESULT: {}
COMMAND: POST /session/cdd305857320dd590ea5bbf59a31d46e/elements - {"using":"xpath","value":"//span[text()='Error']"}
RESULT: {"using":"xpath","value":"//span[text()='Error']"}
COMMAND: POST /session/cdd305857320dd590ea5bbf59a31d46e/element - {"using":"xpath","value":"//button[@data-kt=\"addNewRUOverflowToolbarButton\"]"}
RESULT: {"using":"xpath","value":"//button[@data-kt=\"addNewRUOverflowToolbarButton\"]"}
COMMAND: POST /session/cdd305857320dd590ea5bbf59a31d46e/elements - {"using":"xpath","value":"//button[@data-kt=\"addNewRUOverflowToolbarButton\"]"}
RESULT: {"using":"xpath","value":"//button[@data-kt=\"addNewRUOverflowToolbarButton\"]"}
COMMAND: POST /session/cdd305857320dd590ea5bbf59a31d46e/element - {"using":"xpath","value":"//button[@data-kt=\"addNewRUOverflowToolbarButton\"]"}
RESULT: {"using":"xpath","value":"//button[@data-kt=\"addNewRUOverflowToolbarButton\"]"}
COMMAND: POST /session/cdd305857320dd590ea5bbf59a31d46e/execute/sync - {"script":"<script> [8489 bytes]","args":[{"element-6066-11e4-a52e-4f735466cecf":"f.492DEA3F6A95B07ADA96E928C4F8A0EF.d.B355379D4911C98F2DF1BE596C80A7E5.e.8361","ELEMENT":"f.492DEA3F6A95B07ADA96E928C4F8A0EF.d.B355379D4911C98F2DF1BE596C80A7E5.e.8361"}]}
RESULT: {"script":"<script> [8489 bytes]","args":[{"element-6066-11e4-a52e-4f735466cecf":"f.492DEA3F6A95B07ADA96E928C4F8A0EF.d.B355379D4911C98F2DF1BE596C80A7E5.e.8361","ELEMENT":"f.492DEA3F6A95B07ADA96E928C4F8A0EF.d.B355379D4911C98F2DF1BE596C80A7E5.e.8361"}]}
COMMAND: GET /session/cdd305857320dd590ea5bbf59a31d46e/element/f.492DEA3F6A95B07ADA96E928C4F8A0EF.d.B355379D4911C98F2DF1BE596C80A7E5.e.8361/enabled - {}
COMMAND: GET /session/cdd305857320dd590ea5bbf59a31d46e/screenshot - {}
RESULT: {}
COMMAND: POST /session/cdd305857320dd590ea5bbf59a31d46e/execute/sync - {"script":"<script> [8489 bytes]","args":[{"element-6066-11e4-a52e-4f735466cecf":"f.492DEA3F6A95B07ADA96E928C4F8A0EF.d.B355379D4911C98F2DF1BE596C80A7E5.e.8361","ELEMENT":"f.492DEA3F6A95B07ADA96E928C4F8A0EF.d.B355379D4911C98F2DF1BE596C80A7E5.e.8361"}]}
COMMAND: GET /session/cdd305857320dd590ea5bbf59a31d46e/screenshot - {}
RESULT: {}
RESULT: {"script":"<script> [8489 bytes]","args":[{"element-6066-11e4-a52e-4f735466cecf":"f.492DEA3F6A95B07ADA96E928C4F8A0EF.d.B355379D4911C98F2DF1BE596C80A7E5.e.8361","ELEMENT":"f.492DEA3F6A95B07ADA96E928C4F8A0EF.d.B355379D4911C98F2DF1BE596C80A7E5.e.8361"}]}
COMMAND: POST /session/cdd305857320dd590ea5bbf59a31d46e/execute/sync - {"script":"<script> [5351 bytes]","args":[{"element-6066-11e4-a52e-4f735466cecf":"f.492DEA3F6A95B07ADA96E928C4F8A0EF.d.B355379D4911C98F2DF1BE596C80A7E5.e.8361","ELEMENT":"f.492DEA3F6A95B07ADA96E928C4F8A0EF.d.B355379D4911C98F2DF1BE596C80A7E5.e.8361"}]}
COMMAND: GET /session/cdd305857320dd590ea5bbf59a31d46e/screenshot - {}
RESULT: {}
RESULT: {"script":"<script> [5351 bytes]","args":[{"element-6066-11e4-a52e-4f735466cecf":"f.492DEA3F6A95B07ADA96E928C4F8A0EF.d.B355379D4911C98F2DF1BE596C80A7E5.e.8361","ELEMENT":"f.492DEA3F6A95B07ADA96E928C4F8A0EF.d.B355379D4911C98F2DF1BE596C80A7E5.e.8361"}]}
COMMAND: POST /session/cdd305857320dd590ea5bbf59a31d46e/element/f.492DEA3F6A95B07ADA96E928C4F8A0EF.d.B355379D4911C98F2DF1BE596C80A7E5.e.8361/click - {}
COMMAND: GET /session/cdd305857320dd590ea5bbf59a31d46e/screenshot - {}
RESULT: {}
RESULT: {}
COMMAND: GET /session/cdd305857320dd590ea5bbf59a31d46e/screenshot - {}
COMMAND: POST /session/cdd305857320dd590ea5bbf59a31d46e/execute/async - {"script":"<script> [1562 bytes]","args":[{"selector":{"id":"application-manageresources-display-component---newResourceUnit--TYPE-arrow"},"wdio_ui5_key":"applicationmanageresources-display-component---newResourceUnit--TYPE-arrow"}]}
RESULT: {}
RESULT: {}
RESULT: {"script":"<script> [1562 bytes]","args":[{"selector":{"id":"application-manageresources-display-component---newResourceUnit--TYPE-arrow"},"wdio_ui5_key":"applicationmanageresources-display-component---newResourceUnit--TYPE-arrow"}]}
RESULT: undefined
COMMAND: POST /session/cdd305857320dd590ea5bbf59a31d46e/element - {"using":"xpath","value":"//*[@id=\"application-manageresources-display-component---newResourceUnit--TYPE-arrow\"]"}
RESULT: {"using":"xpath","value":"//*[@id=\"application-manageresources-display-component---newResourceUnit--TYPE-arrow\"]"}
COMMAND: POST /session/cdd305857320dd590ea5bbf59a31d46e/element/f.492DEA3F6A95B07ADA96E928C4F8A0EF.d.B355379D4911C98F2DF1BE596C80A7E5.e.8720/click - {}
RESULT: {}
COMMAND: POST /session/cdd305857320dd590ea5bbf59a31d46e/element - {"using":"xpath","value":"//input[@id=\"application-manageresources-display-component---newResourceUnit--TYPE-inner\"]"}
COMMAND: GET /session/cdd305857320dd590ea5bbf59a31d46e/screenshot - {}
RESULT: {"using":"xpath","value":"//input[@id=\"application-manageresources-display-component---newResourceUnit--TYPE-inner\"]"}
COMMAND: POST /session/cdd305857320dd590ea5bbf59a31d46e/element/f.492DEA3F6A95B07ADA96E928C4F8A0EF.d.B355379D4911C98F2DF1BE596C80A7E5.e.8713/clear - {}
RESULT: {}
RESULT: {}
COMMAND: POST /session/cdd305857320dd590ea5bbf59a31d46e/element/f.492DEA3F6A95B07ADA96E928C4F8A0EF.d.B355379D4911C98F2DF1BE596C80A7E5.e.8713/value - {"text":"Material"}
COMMAND: GET /session/cdd305857320dd590ea5bbf59a31d46e/screenshot - {}
RESULT: {"text":"Material"}
COMMAND: GET /session/cdd305857320dd590ea5bbf59a31d46e/screenshot - {}
RESULT: {}
RESULT: {}
COMMAND: POST /session/cdd305857320dd590ea5bbf59a31d46e/actions - {"actions":[{"id":"action28","type":"key","parameters":{},"actions":[{"type":"keyDown","value":""},{"type":"pause","duration":10},{"type":"keyUp","value":""}]}]}
RESULT: {"actions":[{"id":"action28","type":"key","parameters":{},"actions":[{"type":"keyDown","value":""},{"type":"pause","duration":10},{"type":"keyUp","value":""}]}]}
COMMAND: POST /session/cdd305857320dd590ea5bbf59a31d46e/execute/async - {"script":"<script> [1562 bytes]","args":[{"selector":{"id":"application-manageresources-display-component---newResourceUnit--SHORT_TEXT","interaction":{"idSuffix":"inner"}},"wdio_ui5_key":"applicationmanageresources-display-component---newResourceUnit--SHORT_TEXT"}]}
COMMAND: GET /session/cdd305857320dd590ea5bbf59a31d46e/screenshot - {}
RESULT: {"script":"<script> [1562 bytes]","args":[{"selector":{"id":"application-manageresources-display-component---newResourceUnit--SHORT_TEXT","interaction":{"idSuffix":"inner"}},"wdio_ui5_key":"applicationmanageresources-display-component---newResourceUnit--SHORT_TEXT"}]}
RESULT: undefined
COMMAND: POST /session/cdd305857320dd590ea5bbf59a31d46e/execute/async - {"script":"<script> [776 bytes]","args":[{"enterText":"Cement WDIO","selector":{"id":"application-manageresources-display-component---newResourceUnit--SHORT_TEXT","interaction":{"idSuffix":"inner"}},"clearTextFirst":true,"interactionType":"ENTER_TEXT"}]}
RESULT: {}
RESULT: {"script":"<script> [776 bytes]","args":[{"enterText":"Cement WDIO","selector":{"id":"application-manageresources-display-component---newResourceUnit--SHORT_TEXT","interaction":{"idSuffix":"inner"}},"clearTextFirst":true,"interactionType":"ENTER_TEXT"}]}
COMMAND: POST /session/cdd305857320dd590ea5bbf59a31d46e/execute/async - {"script":"<script> [1562 bytes]","args":[{"selector":{"id":"application-manageresources-display-component---newResourceUnit--BASE_UNIT_OF_MEASURE","interaction":{"idSuffix":"inner"}},"wdio_ui5_key":"applicationmanageresources-display-component---newResourceUnit--BASE_UNIT_OF_MEASURE"}]}
RESULT: {"script":"<script> [1562 bytes]","args":[{"selector":{"id":"application-manageresources-display-component---newResourceUnit--BASE_UNIT_OF_MEASURE","interaction":{"idSuffix":"inner"}},"wdio_ui5_key":"applicationmanageresources-display-component---newResourceUnit--BASE_UNIT_OF_MEASURE"}]}
RESULT: undefined
COMMAND: POST /session/cdd305857320dd590ea5bbf59a31d46e/execute/async - {"script":"<script> [776 bytes]","args":[{"enterText":"Piece","selector":{"id":"application-manageresources-display-component---newResourceUnit--BASE_UNIT_OF_MEASURE","interaction":{"idSuffix":"inner"}},"clearTextFirst":true,"interactionType":"ENTER_TEXT"}]}
RESULT: {"script":"<script> [776 bytes]","args":[{"enterText":"Piece","selector":{"id":"application-manageresources-display-component---newResourceUnit--BASE_UNIT_OF_MEASURE","interaction":{"idSuffix":"inner"}},"clearTextFirst":true,"interactionType":"ENTER_TEXT"}]}
COMMAND: POST /session/cdd305857320dd590ea5bbf59a31d46e/execute/async - {"script":"<script> [1562 bytes]","args":[{"selector":{"id":"application-manageresources-display-component---newResourceUnit--WEIGHT_UNIT","interaction":{"idSuffix":"inner"}},"wdio_ui5_key":"applicationmanageresources-display-component---newResourceUnit--WEIGHT_UNIT"}]}
RESULT: {"script":"<script> [1562 bytes]","args":[{"selector":{"id":"application-manageresources-display-component---newResourceUnit--WEIGHT_UNIT","interaction":{"idSuffix":"inner"}},"wdio_ui5_key":"applicationmanageresources-display-component---newResourceUnit--WEIGHT_UNIT"}]}
RESULT: undefined
COMMAND: POST /session/cdd305857320dd590ea5bbf59a31d46e/execute/async - {"script":"<script> [776 bytes]","args":[{"enterText":"Gram","selector":{"id":"application-manageresources-display-component---newResourceUnit--WEIGHT_UNIT","interaction":{"idSuffix":"inner"}},"clearTextFirst":true,"interactionType":"ENTER_TEXT"}]}
RESULT: {"script":"<script> [776 bytes]","args":[{"enterText":"Gram","selector":{"id":"application-manageresources-display-component---newResourceUnit--WEIGHT_UNIT","interaction":{"idSuffix":"inner"}},"clearTextFirst":true,"interactionType":"ENTER_TEXT"}]}
COMMAND: POST /session/cdd305857320dd590ea5bbf59a31d46e/execute/async - {"script":"<script> [1562 bytes]","args":[{"selector":{"id":"application-manageresources-display-component---newResourceUnit--DIMENSION_UNIT","interaction":{"idSuffix":"inner"}},"wdio_ui5_key":"applicationmanageresources-display-component---newResourceUnit--DIMENSION_UNIT"}]}
RESULT: {"script":"<script> [1562 bytes]","args":[{"selector":{"id":"application-manageresources-display-component---newResourceUnit--DIMENSION_UNIT","interaction":{"idSuffix":"inner"}},"wdio_ui5_key":"applicationmanageresources-display-component---newResourceUnit--DIMENSION_UNIT"}]}
RESULT: undefined
COMMAND: POST /session/cdd305857320dd590ea5bbf59a31d46e/execute/async - {"script":"<script> [776 bytes]","args":[{"enterText":"Meter","selector":{"id":"application-manageresources-display-component---newResourceUnit--DIMENSION_UNIT","interaction":{"idSuffix":"inner"}},"clearTextFirst":true,"interactionType":"ENTER_TEXT"}]}
RESULT: {"script":"<script> [776 bytes]","args":[{"enterText":"Meter","selector":{"id":"application-manageresources-display-component---newResourceUnit--DIMENSION_UNIT","interaction":{"idSuffix":"inner"}},"clearTextFirst":true,"interactionType":"ENTER_TEXT"}]}
COMMAND: POST /session/cdd305857320dd590ea5bbf59a31d46e/execute/async - {"script":"<script> [1562 bytes]","args":[{"selector":{"id":"application-manageresources-display-component---newResourceUnit--newRRUPage-anchBar-application-manageresources-display-component---newResourceUnit--control-anchor","interaction":{"idSuffix":"BDI-content"}},"wdio_ui5_key":"applicationmanageresources-display-component---newResourceUnit--newRRUPage-anchBar-application-manageresources-display-component---newResourceUnit--control-anchor"}]}
RESULT: {"script":"<script> [1562 bytes]","args":[{"selector":{"id":"application-manageresources-display-component---newResourceUnit--newRRUPage-anchBar-application-manageresources-display-component---newResourceUnit--control-anchor","interaction":{"idSuffix":"BDI-content"}},"wdio_ui5_key":"applicationmanageresources-display-component---newResourceUnit--newRRUPage-anchBar-application-manageresources-display-component---newResourceUnit--control-anchor"}]}
RESULT: undefined
COMMAND: POST /session/cdd305857320dd590ea5bbf59a31d46e/element - {"using":"xpath","value":"//*[@id=\"application-manageresources-display-component---newResourceUnit--newRRUPage-anchBar-application-manageresources-display-component---newResourceUnit--control-anchor\"]"}
RESULT: {"using":"xpath","value":"//*[@id=\"application-manageresources-display-component---newResourceUnit--newRRUPage-anchBar-application-manageresources-display-component---newResourceUnit--control-anchor\"]"}
COMMAND: POST /session/cdd305857320dd590ea5bbf59a31d46e/element/f.492DEA3F6A95B07ADA96E928C4F8A0EF.d.B355379D4911C98F2DF1BE596C80A7E5.e.8852/click - {}
RESULT: {}
COMMAND: POST /session/cdd305857320dd590ea5bbf59a31d46e/execute/async - {"script":"<script> [1562 bytes]","args":[{"selector":{"id":"application-manageresources-display-component---newResourceUnit--PLANNING_GROUP","interaction":{"idSuffix":"inner"}},"wdio_ui5_key":"applicationmanageresources-display-component---newResourceUnit--PLANNING_GROUP"}]}
COMMAND: GET /session/cdd305857320dd590ea5bbf59a31d46e/screenshot - {}
RESULT: {"script":"<script> [1562 bytes]","args":[{"selector":{"id":"application-manageresources-display-component---newResourceUnit--PLANNING_GROUP","interaction":{"idSuffix":"inner"}},"wdio_ui5_key":"applicationmanageresources-display-component---newResourceUnit--PLANNING_GROUP"}]}
RESULT: undefined
COMMAND: POST /session/cdd305857320dd590ea5bbf59a31d46e/execute/async - {"script":"<script> [776 bytes]","args":[{"enterText":"Material","selector":{"id":"application-manageresources-display-component---newResourceUnit--PLANNING_GROUP","interaction":{"idSuffix":"inner"}},"clearTextFirst":true,"interactionType":"ENTER_TEXT"}]}
RESULT: {}
RESULT: {"script":"<script> [776 bytes]","args":[{"enterText":"Material","selector":{"id":"application-manageresources-display-component---newResourceUnit--PLANNING_GROUP","interaction":{"idSuffix":"inner"}},"clearTextFirst":true,"interactionType":"ENTER_TEXT"}]}
COMMAND: POST /session/cdd305857320dd590ea5bbf59a31d46e/execute/async - {"script":"<script> [1562 bytes]","args":[{"selector":{"id":"application-manageresources-display-component---newResourceUnit--PLANNING_INDICATOR","interaction":{"idSuffix":"inner"}},"wdio_ui5_key":"applicationmanageresources-display-component---newResourceUnit--PLANNING_INDICATOR"}]}
RESULT: {"script":"<script> [1562 bytes]","args":[{"selector":{"id":"application-manageresources-display-component---newResourceUnit--PLANNING_INDICATOR","interaction":{"idSuffix":"inner"}},"wdio_ui5_key":"applicationmanageresources-display-component---newResourceUnit--PLANNING_INDICATOR"}]}
RESULT: undefined
COMMAND: POST /session/cdd305857320dd590ea5bbf59a31d46e/execute/async - {"script":"<script> [776 bytes]","args":[{"enterText":"10 - infinite","selector":{"id":"application-manageresources-display-component---newResourceUnit--PLANNING_INDICATOR","interaction":{"idSuffix":"inner"}},"clearTextFirst":true,"interactionType":"ENTER_TEXT"}]}
RESULT: {"script":"<script> [776 bytes]","args":[{"enterText":"10 - infinite","selector":{"id":"application-manageresources-display-component---newResourceUnit--PLANNING_INDICATOR","interaction":{"idSuffix":"inner"}},"clearTextFirst":true,"interactionType":"ENTER_TEXT"}]}
COMMAND: POST /session/cdd305857320dd590ea5bbf59a31d46e/element - {"using":"css selector","value":"#application-manageresources-display-component---newResourceUnit--btnAddTimeSegment"}
RESULT: {"using":"css selector","value":"#application-manageresources-display-component---newResourceUnit--btnAddTimeSegment"}
COMMAND: GET /session/cdd305857320dd590ea5bbf59a31d46e/element/f.492DEA3F6A95B07ADA96E928C4F8A0EF.d.B355379D4911C98F2DF1BE596C80A7E5.e.8862/rect - {}
RESULT: {}
COMMAND: GET /session/cdd305857320dd590ea5bbf59a31d46e/window/rect - {}
RESULT: {}
COMMAND: POST /session/cdd305857320dd590ea5bbf59a31d46e/execute/sync - {"script":"<script> [92 bytes]","args":[]}
RESULT: {"script":"<script> [92 bytes]","args":[]}
COMMAND: POST /session/cdd305857320dd590ea5bbf59a31d46e/actions - {"actions":[{"id":"action29","type":"wheel","parameters":{},"actions":[{"type":"scroll","x":-1888,"y":-32,"deltaX":0,"deltaY":0,"duration":0,"origin":{"element-6066-11e4-a52e-4f735466cecf":"f.492DEA3F6A95B07ADA96E928C4F8A0EF.d.B355379D4911C98F2DF1BE596C80A7E5.e.8862"}}]}]}
COMMAND: GET /session/cdd305857320dd590ea5bbf59a31d46e/screenshot - {}
RESULT: {}
COMMAND: POST /session/cdd305857320dd590ea5bbf59a31d46e/execute/sync - {"script":"<script> [79 bytes]","args":[{"element-6066-11e4-a52e-4f735466cecf":"f.492DEA3F6A95B07ADA96E928C4F8A0EF.d.B355379D4911C98F2DF1BE596C80A7E5.e.8862","ELEMENT":"f.492DEA3F6A95B07ADA96E928C4F8A0EF.d.B355379D4911C98F2DF1BE596C80A7E5.e.8862"},{"block":"start","inline":"nearest"}]}
RESULT: {"script":"<script> [79 bytes]","args":[{"element-6066-11e4-a52e-4f735466cecf":"f.492DEA3F6A95B07ADA96E928C4F8A0EF.d.B355379D4911C98F2DF1BE596C80A7E5.e.8862","ELEMENT":"f.492DEA3F6A95B07ADA96E928C4F8A0EF.d.B355379D4911C98F2DF1BE596C80A7E5.e.8862"},{"block":"start","inline":"nearest"}]}
COMMAND: POST /session/cdd305857320dd590ea5bbf59a31d46e/execute/async - {"script":"<script> [1562 bytes]","args":[{"selector":{"id":"application-manageresources-display-component---newResourceUnit--btnAddTimeSegment","interaction":{"idSuffix":"inner"}},"wdio_ui5_key":"applicationmanageresources-display-component---newResourceUnit--btnAddTimeSegment"}]}
COMMAND: GET /session/cdd305857320dd590ea5bbf59a31d46e/screenshot - {}
RESULT: {"script":"<script> [1562 bytes]","args":[{"selector":{"id":"application-manageresources-display-component---newResourceUnit--btnAddTimeSegment","interaction":{"idSuffix":"inner"}},"wdio_ui5_key":"applicationmanageresources-display-component---newResourceUnit--btnAddTimeSegment"}]}
RESULT: undefined
COMMAND: POST /session/cdd305857320dd590ea5bbf59a31d46e/element - {"using":"xpath","value":"//*[@id=\"application-manageresources-display-component---newResourceUnit--btnAddTimeSegment\"]"}
RESULT: {}
RESULT: {"using":"xpath","value":"//*[@id=\"application-manageresources-display-component---newResourceUnit--btnAddTimeSegment\"]"}
COMMAND: POST /session/cdd305857320dd590ea5bbf59a31d46e/element/f.492DEA3F6A95B07ADA96E928C4F8A0EF.d.B355379D4911C98F2DF1BE596C80A7E5.e.8862/click - {}
RESULT: {}
COMMAND: GET /session/cdd305857320dd590ea5bbf59a31d46e/screenshot - {}
RESULT: {}
COMMAND: POST /session/cdd305857320dd590ea5bbf59a31d46e/element - {"using":"xpath","value":"//input[@id=\"application-manageresources-display-component---newResourceUnit--idRuTSAdmin-application-manageresources-display-component---newResourceUnit--RUTimeSegment-0-inner\"]"}
RESULT: {"using":"xpath","value":"//input[@id=\"application-manageresources-display-component---newResourceUnit--idRuTSAdmin-application-manageresources-display-component---newResourceUnit--RUTimeSegment-0-inner\"]"}
COMMAND: POST /session/cdd305857320dd590ea5bbf59a31d46e/element/f.492DEA3F6A95B07ADA96E928C4F8A0EF.d.B355379D4911C98F2DF1BE596C80A7E5.e.8867/clear - {}
RESULT: {}
COMMAND: POST /session/cdd305857320dd590ea5bbf59a31d46e/element/f.492DEA3F6A95B07ADA96E928C4F8A0EF.d.B355379D4911C98F2DF1BE596C80A7E5.e.8867/value - {"text":"388"}
COMMAND: GET /session/cdd305857320dd590ea5bbf59a31d46e/screenshot - {}
RESULT: {"text":"388"}
COMMAND: GET /session/cdd305857320dd590ea5bbf59a31d46e/screenshot - {}
RESULT: {}
RESULT: {}
COMMAND: POST /session/cdd305857320dd590ea5bbf59a31d46e/element - {"using":"xpath","value":"//li[.//span[text()='388']]"}
RESULT: {"using":"xpath","value":"//li[.//span[text()='388']]"}
COMMAND: POST /session/cdd305857320dd590ea5bbf59a31d46e/element/f.492DEA3F6A95B07ADA96E928C4F8A0EF.d.B355379D4911C98F2DF1BE596C80A7E5.e.8876/click - {}
RESULT: {}
COMMAND: GET /session/cdd305857320dd590ea5bbf59a31d46e/screenshot - {}
RESULT: {}
COMMAND: POST /session/cdd305857320dd590ea5bbf59a31d46e/element - {"using":"xpath","value":"(//span[contains(@id, \"-application-manageresources-display-component---newResourceUnit--RUTimeSegment-0-arrow\")])[2]"}
RESULT: {"using":"xpath","value":"(//span[contains(@id, \"-application-manageresources-display-component---newResourceUnit--RUTimeSegment-0-arrow\")])[2]"}
COMMAND: POST /session/cdd305857320dd590ea5bbf59a31d46e/element/f.492DEA3F6A95B07ADA96E928C4F8A0EF.d.B355379D4911C98F2DF1BE596C80A7E5.e.8877/click - {}
RESULT: {}
COMMAND: POST /session/cdd305857320dd590ea5bbf59a31d46e/element - {"using":"xpath","value":"//span[contains(text(), \"PM Order\")]"}
COMMAND: GET /session/cdd305857320dd590ea5bbf59a31d46e/screenshot - {}
RESULT: {"using":"xpath","value":"//span[contains(text(), \"PM Order\")]"}
COMMAND: POST /session/cdd305857320dd590ea5bbf59a31d46e/element/f.492DEA3F6A95B07ADA96E928C4F8A0EF.d.B355379D4911C98F2DF1BE596C80A7E5.e.8878/click - {}
RESULT: {}
RESULT: {}
COMMAND: GET /session/cdd305857320dd590ea5bbf59a31d46e/screenshot - {}
RESULT: {}
COMMAND: POST /session/cdd305857320dd590ea5bbf59a31d46e/element - {"using":"xpath","value":"//td/div/div/div/span[contains(@id, \"newResourceUnit--RUTimeSegment-0-vhi\")][1]"}
RESULT: {"using":"xpath","value":"//td/div/div/div/span[contains(@id, \"newResourceUnit--RUTimeSegment-0-vhi\")][1]"}
COMMAND: GET /session/cdd305857320dd590ea5bbf59a31d46e/element/f.492DEA3F6A95B07ADA96E928C4F8A0EF.d.B355379D4911C98F2DF1BE596C80A7E5.e.8882/rect - {}
RESULT: {}
COMMAND: GET /session/cdd305857320dd590ea5bbf59a31d46e/window/rect - {}
RESULT: {}
COMMAND: POST /session/cdd305857320dd590ea5bbf59a31d46e/execute/sync - {"script":"<script> [92 bytes]","args":[]}
RESULT: {"script":"<script> [92 bytes]","args":[]}
COMMAND: POST /session/cdd305857320dd590ea5bbf59a31d46e/actions - {"actions":[{"id":"action30","type":"wheel","parameters":{},"actions":[{"type":"scroll","x":-1888,"y":-24,"deltaX":0,"deltaY":0,"duration":0,"origin":{"element-6066-11e4-a52e-4f735466cecf":"f.492DEA3F6A95B07ADA96E928C4F8A0EF.d.B355379D4911C98F2DF1BE596C80A7E5.e.8882"}}]}]}
COMMAND: GET /session/cdd305857320dd590ea5bbf59a31d46e/screenshot - {}
RESULT: {}
COMMAND: POST /session/cdd305857320dd590ea5bbf59a31d46e/execute/sync - {"script":"<script> [79 bytes]","args":[{"element-6066-11e4-a52e-4f735466cecf":"f.492DEA3F6A95B07ADA96E928C4F8A0EF.d.B355379D4911C98F2DF1BE596C80A7E5.e.8882","ELEMENT":"f.492DEA3F6A95B07ADA96E928C4F8A0EF.d.B355379D4911C98F2DF1BE596C80A7E5.e.8882"},{"block":"start","inline":"nearest"}]}
RESULT: {"script":"<script> [79 bytes]","args":[{"element-6066-11e4-a52e-4f735466cecf":"f.492DEA3F6A95B07ADA96E928C4F8A0EF.d.B355379D4911C98F2DF1BE596C80A7E5.e.8882","ELEMENT":"f.492DEA3F6A95B07ADA96E928C4F8A0EF.d.B355379D4911C98F2DF1BE596C80A7E5.e.8882"},{"block":"start","inline":"nearest"}]}
COMMAND: GET /session/cdd305857320dd590ea5bbf59a31d46e/screenshot - {}
RESULT: {}
COMMAND: POST /session/cdd305857320dd590ea5bbf59a31d46e/element/f.492DEA3F6A95B07ADA96E928C4F8A0EF.d.B355379D4911C98F2DF1BE596C80A7E5.e.8882/click - {}
RESULT: {}
COMMAND: GET /session/cdd305857320dd590ea5bbf59a31d46e/screenshot - {}
RESULT: {}
COMMAND: POST /session/cdd305857320dd590ea5bbf59a31d46e/execute/async - {"script":"<script> [1562 bytes]","args":[{"selector":{"controlType":"sap.m.SearchField","properties":{"placeholder":"Search"},"searchOpenDialogs":true,"interaction":{"idSuffix":"I"}},"wdio_ui5_key":"sapm.SearchField{\"placeholder\":\"Search\"}"}]}
RESULT: {"script":"<script> [1562 bytes]","args":[{"selector":{"controlType":"sap.m.SearchField","properties":{"placeholder":"Search"},"searchOpenDialogs":true,"interaction":{"idSuffix":"I"}},"wdio_ui5_key":"sapm.SearchField{\"placeholder\":\"Search\"}"}]}
RESULT: undefined
COMMAND: POST /session/cdd305857320dd590ea5bbf59a31d46e/execute/async - {"script":"<script> [776 bytes]","args":[{"enterText":"4000360","selector":{"controlType":"sap.m.SearchField","properties":{"placeholder":"Search"},"searchOpenDialogs":true,"interaction":{"idSuffix":"I"}},"clearTextFirst":true,"interactionType":"ENTER_TEXT"}]}
RESULT: {"script":"<script> [776 bytes]","args":[{"enterText":"4000360","selector":{"controlType":"sap.m.SearchField","properties":{"placeholder":"Search"},"searchOpenDialogs":true,"interaction":{"idSuffix":"I"}},"clearTextFirst":true,"interactionType":"ENTER_TEXT"}]}
COMMAND: POST /session/cdd305857320dd590ea5bbf59a31d46e/actions - {"actions":[{"id":"action31","type":"key","parameters":{},"actions":[{"type":"keyDown","value":""},{"type":"pause","duration":10},{"type":"keyUp","value":""}]}]}
RESULT: {"actions":[{"id":"action31","type":"key","parameters":{},"actions":[{"type":"keyDown","value":""},{"type":"pause","duration":10},{"type":"keyUp","value":""}]}]}
COMMAND: GET /session/cdd305857320dd590ea5bbf59a31d46e/screenshot - {}
RESULT: {}
COMMAND: POST /session/cdd305857320dd590ea5bbf59a31d46e/element - {"using":"xpath","value":"//td/div/span[contains(text(), \"BGL Vehicles\")]"}
RESULT: {"using":"xpath","value":"//td/div/span[contains(text(), \"BGL Vehicles\")]"}
COMMAND: POST /session/cdd305857320dd590ea5bbf59a31d46e/element/f.492DEA3F6A95B07ADA96E928C4F8A0EF.d.B355379D4911C98F2DF1BE596C80A7E5.e.8905/click - {}
RESULT: {}
COMMAND: GET /session/cdd305857320dd590ea5bbf59a31d46e/screenshot - {}
RESULT: {}
COMMAND: POST /session/cdd305857320dd590ea5bbf59a31d46e/element - {"using":"xpath","value":"//bdi[contains(text(), \"OK\")]"}
RESULT: {"using":"xpath","value":"//bdi[contains(text(), \"OK\")]"}
COMMAND: POST /session/cdd305857320dd590ea5bbf59a31d46e/element/f.492DEA3F6A95B07ADA96E928C4F8A0EF.d.B355379D4911C98F2DF1BE596C80A7E5.e.8906/click - {}
RESULT: {}
COMMAND: GET /session/cdd305857320dd590ea5bbf59a31d46e/screenshot - {}
RESULT: {}
COMMAND: POST /session/cdd305857320dd590ea5bbf59a31d46e/element - {"using":"xpath","value":"//label[contains(@class, 'sapMLabelRequired') and .//bdi[contains(text(), 'Planned Retirement')]]"}
RESULT: {"using":"xpath","value":"//label[contains(@class, 'sapMLabelRequired') and .//bdi[contains(text(), 'Planned Retirement')]]"}
COMMAND: POST /session/cdd305857320dd590ea5bbf59a31d46e/elements - {"using":"xpath","value":"//label[contains(@class, 'sapMLabelRequired') and .//bdi[contains(text(), 'Planned Retirement')]]"}
RESULT: {"using":"xpath","value":"//label[contains(@class, 'sapMLabelRequired') and .//bdi[contains(text(), 'Planned Retirement')]]"}
COMMAND: POST /session/cdd305857320dd590ea5bbf59a31d46e/element - {"using":"xpath","value":"//button[@data-kt=\"resourceUnitSaveButton\"]"}
RESULT: {"using":"xpath","value":"//button[@data-kt=\"resourceUnitSaveButton\"]"}
COMMAND: POST /session/cdd305857320dd590ea5bbf59a31d46e/element/f.492DEA3F6A95B07ADA96E928C4F8A0EF.d.B355379D4911C98F2DF1BE596C80A7E5.e.8738/click - {}
RESULT: {}
COMMAND: GET /session/cdd305857320dd590ea5bbf59a31d46e/screenshot - {}
RESULT: {}
COMMAND: POST /session/cdd305857320dd590ea5bbf59a31d46e/element - {"using":"xpath","value":"//bdi[contains(text(), \"Close\")]"}
RESULT: {"using":"xpath","value":"//bdi[contains(text(), \"Close\")]"}
COMMAND: POST /session/cdd305857320dd590ea5bbf59a31d46e/element/f.492DEA3F6A95B07ADA96E928C4F8A0EF.d.B355379D4911C98F2DF1BE596C80A7E5.e.8912/click - {}
RESULT: {}
COMMAND: GET /session/cdd305857320dd590ea5bbf59a31d46e/screenshot - {}
RESULT: {}
COMMAND: POST /session/cdd305857320dd590ea5bbf59a31d46e/element - {"using":"xpath","value":"//header[contains(@id, 'detailRruPage-headerTitle')]/div[1]/div[2]/div[2]/span[1]"}
RESULT: {"using":"xpath","value":"//header[contains(@id, 'detailRruPage-headerTitle')]/div[1]/div[2]/div[2]/span[1]"}
COMMAND: POST /session/cdd305857320dd590ea5bbf59a31d46e/elements - {"using":"xpath","value":"//header[contains(@id, 'detailRruPage-headerTitle')]/div[1]/div[2]/div[2]/span[1]"}
RESULT: {"using":"xpath","value":"//header[contains(@id, 'detailRruPage-headerTitle')]/div[1]/div[2]/div[2]/span[1]"}
COMMAND: POST /session/cdd305857320dd590ea5bbf59a31d46e/execute/sync - {"script":"<script> [56 bytes]","args":[{"element-6066-11e4-a52e-4f735466cecf":"f.492DEA3F6A95B07ADA96E928C4F8A0EF.d.B355379D4911C98F2DF1BE596C80A7E5.e.8940","ELEMENT":"f.492DEA3F6A95B07ADA96E928C4F8A0EF.d.B355379D4911C98F2DF1BE596C80A7E5.e.8940"}]}
RESULT: {"script":"<script> [56 bytes]","args":[{"element-6066-11e4-a52e-4f735466cecf":"f.492DEA3F6A95B07ADA96E928C4F8A0EF.d.B355379D4911C98F2DF1BE596C80A7E5.e.8940","ELEMENT":"f.492DEA3F6A95B07ADA96E928C4F8A0EF.d.B355379D4911C98F2DF1BE596C80A7E5.e.8940"}]}
COMMAND: POST /session/cdd305857320dd590ea5bbf59a31d46e/element - {"using":"css selector","value":"#shell-header-logo"}
COMMAND: GET /session/cdd305857320dd590ea5bbf59a31d46e/screenshot - {}
RESULT: {"using":"css selector","value":"#shell-header-logo"}
COMMAND: POST /session/cdd305857320dd590ea5bbf59a31d46e/element/f.492DEA3F6A95B07ADA96E928C4F8A0EF.d.B355379D4911C98F2DF1BE596C80A7E5.e.8213/click - {}
RESULT: {}
RESULT: {}
COMMAND: GET /session/cdd305857320dd590ea5bbf59a31d46e/screenshot - {}
RESULT: {}
]]></system-out>
    </testcase>
    <testcase classname="chrome.136_0_7103_93.windows.Provide_to_Site_w/_warehouse_management_w/o_clarification_US113782_" name="Bin Status Report Should Create New Organization yard" time="0.008"/>
    <testcase classname="chrome.136_0_7103_93.windows.Provide_to_Site_w/_warehouse_management_w/o_clarification_US113782_" name="Bin Status Report Should Create New Organization for Site" time="0.006"/>
  </testsuite>
  <testsuite timestamp="2025-05-27T16:44:05" time="414.011" tests="5" failures="0" errors="0" skipped="0">
    <properties>
      <property name="specId" value="0"/>
      <property name="suiteName" value="Provide to Site w/ warehouse management wo clarification"/>
      <property name="capabilities" value="chrome.136_0_7103_93.windows"/>
      <property name="file" value="file:///D:/a/1/s/test/specs/HTR/provide-to-site-w-warehouse-wo-clarification.spec.js"/>
    </properties>
    <testcase classname="chrome.136_0_7103_93.windows.Provide_to_Site_w/_warehouse_management_wo_clarification" name="Should do a stock increase handover" time="98.494">
      <system-out><![CDATA[
COMMAND: POST /session/cdd305857320dd590ea5bbf59a31d46e/execute/async - {"script":"<script> [1562 bytes]","args":[{"selector":{"controlType":"sap.m.GenericTile","properties":{"header":"Manage Handovers"}},"wdio_ui5_key":"sapm.GenericTile{\"header\":\"Manage Handovers\"}"}]}
RESULT: {"script":"<script> [1562 bytes]","args":[{"selector":{"controlType":"sap.m.GenericTile","properties":{"header":"Manage Handovers"}},"wdio_ui5_key":"sapm.GenericTile{\"header\":\"Manage Handovers\"}"}]}
RESULT: undefined
COMMAND: POST /session/cdd305857320dd590ea5bbf59a31d46e/element - {"using":"xpath","value":"//*[@id=\"__tile133\"]"}
RESULT: {"using":"xpath","value":"//*[@id=\"__tile133\"]"}
COMMAND: POST /session/cdd305857320dd590ea5bbf59a31d46e/element/f.492DEA3F6A95B07ADA96E928C4F8A0EF.d.B355379D4911C98F2DF1BE596C80A7E5.e.8259/click - {}
RESULT: {}
COMMAND: GET /session/cdd305857320dd590ea5bbf59a31d46e/screenshot - {}
RESULT: {}
COMMAND: POST /session/cdd305857320dd590ea5bbf59a31d46e/elements - {"using":"xpath","value":"//span[text()='Error']"}
RESULT: {"using":"xpath","value":"//span[text()='Error']"}
COMMAND: POST /session/cdd305857320dd590ea5bbf59a31d46e/element - {"using":"xpath","value":"//button[@data-kt=\"masterHOAddButton\"]"}
RESULT: {"using":"xpath","value":"//button[@data-kt=\"masterHOAddButton\"]"}
COMMAND: POST /session/cdd305857320dd590ea5bbf59a31d46e/elements - {"using":"xpath","value":"//button[@data-kt=\"masterHOAddButton\"]"}
RESULT: {"using":"xpath","value":"//button[@data-kt=\"masterHOAddButton\"]"}
COMMAND: POST /session/cdd305857320dd590ea5bbf59a31d46e/elements - {"using":"xpath","value":"//button[@data-kt=\"masterHOAddButton\"]"}
RESULT: {"using":"xpath","value":"//button[@data-kt=\"masterHOAddButton\"]"}
COMMAND: POST /session/cdd305857320dd590ea5bbf59a31d46e/elements - {"using":"xpath","value":"//button[@data-kt=\"masterHOAddButton\"]"}
RESULT: {"using":"xpath","value":"//button[@data-kt=\"masterHOAddButton\"]"}
COMMAND: POST /session/cdd305857320dd590ea5bbf59a31d46e/element - {"using":"xpath","value":"//button[@data-kt=\"masterHOAddButton\"]"}
RESULT: {"using":"xpath","value":"//button[@data-kt=\"masterHOAddButton\"]"}
COMMAND: POST /session/cdd305857320dd590ea5bbf59a31d46e/execute/sync - {"script":"<script> [8489 bytes]","args":[{"element-6066-11e4-a52e-4f735466cecf":"f.492DEA3F6A95B07ADA96E928C4F8A0EF.d.B355379D4911C98F2DF1BE596C80A7E5.e.8979","ELEMENT":"f.492DEA3F6A95B07ADA96E928C4F8A0EF.d.B355379D4911C98F2DF1BE596C80A7E5.e.8979"}]}
RESULT: {"script":"<script> [8489 bytes]","args":[{"element-6066-11e4-a52e-4f735466cecf":"f.492DEA3F6A95B07ADA96E928C4F8A0EF.d.B355379D4911C98F2DF1BE596C80A7E5.e.8979","ELEMENT":"f.492DEA3F6A95B07ADA96E928C4F8A0EF.d.B355379D4911C98F2DF1BE596C80A7E5.e.8979"}]}
COMMAND: GET /session/cdd305857320dd590ea5bbf59a31d46e/element/f.492DEA3F6A95B07ADA96E928C4F8A0EF.d.B355379D4911C98F2DF1BE596C80A7E5.e.8979/enabled - {}
COMMAND: GET /session/cdd305857320dd590ea5bbf59a31d46e/screenshot - {}
RESULT: {}
COMMAND: POST /session/cdd305857320dd590ea5bbf59a31d46e/execute/sync - {"script":"<script> [8489 bytes]","args":[{"element-6066-11e4-a52e-4f735466cecf":"f.492DEA3F6A95B07ADA96E928C4F8A0EF.d.B355379D4911C98F2DF1BE596C80A7E5.e.8979","ELEMENT":"f.492DEA3F6A95B07ADA96E928C4F8A0EF.d.B355379D4911C98F2DF1BE596C80A7E5.e.8979"}]}
COMMAND: GET /session/cdd305857320dd590ea5bbf59a31d46e/screenshot - {}
RESULT: {}
RESULT: {"script":"<script> [8489 bytes]","args":[{"element-6066-11e4-a52e-4f735466cecf":"f.492DEA3F6A95B07ADA96E928C4F8A0EF.d.B355379D4911C98F2DF1BE596C80A7E5.e.8979","ELEMENT":"f.492DEA3F6A95B07ADA96E928C4F8A0EF.d.B355379D4911C98F2DF1BE596C80A7E5.e.8979"}]}
COMMAND: POST /session/cdd305857320dd590ea5bbf59a31d46e/execute/sync - {"script":"<script> [5351 bytes]","args":[{"element-6066-11e4-a52e-4f735466cecf":"f.492DEA3F6A95B07ADA96E928C4F8A0EF.d.B355379D4911C98F2DF1BE596C80A7E5.e.8979","ELEMENT":"f.492DEA3F6A95B07ADA96E928C4F8A0EF.d.B355379D4911C98F2DF1BE596C80A7E5.e.8979"}]}
COMMAND: GET /session/cdd305857320dd590ea5bbf59a31d46e/screenshot - {}
RESULT: {}
RESULT: {"script":"<script> [5351 bytes]","args":[{"element-6066-11e4-a52e-4f735466cecf":"f.492DEA3F6A95B07ADA96E928C4F8A0EF.d.B355379D4911C98F2DF1BE596C80A7E5.e.8979","ELEMENT":"f.492DEA3F6A95B07ADA96E928C4F8A0EF.d.B355379D4911C98F2DF1BE596C80A7E5.e.8979"}]}
COMMAND: POST /session/cdd305857320dd590ea5bbf59a31d46e/element/f.492DEA3F6A95B07ADA96E928C4F8A0EF.d.B355379D4911C98F2DF1BE596C80A7E5.e.8979/click - {}
COMMAND: GET /session/cdd305857320dd590ea5bbf59a31d46e/screenshot - {}
RESULT: {}
RESULT: {}
COMMAND: GET /session/cdd305857320dd590ea5bbf59a31d46e/screenshot - {}
RESULT: {}
RESULT: {}
COMMAND: POST /session/cdd305857320dd590ea5bbf59a31d46e/element - {"using":"xpath","value":"//span[contains(@id ,\"AddNewHO--typeSelect-arrow\")]"}
RESULT: {"using":"xpath","value":"//span[contains(@id ,\"AddNewHO--typeSelect-arrow\")]"}
COMMAND: POST /session/cdd305857320dd590ea5bbf59a31d46e/element/f.492DEA3F6A95B07ADA96E928C4F8A0EF.d.B355379D4911C98F2DF1BE596C80A7E5.e.9335/click - {}
RESULT: {}
COMMAND: GET /session/cdd305857320dd590ea5bbf59a31d46e/screenshot - {}
RESULT: {}
COMMAND: POST /session/cdd305857320dd590ea5bbf59a31d46e/element - {"using":"xpath","value":"(//li[contains(text(), \"stock increase yard\")])[1]"}
RESULT: {"using":"xpath","value":"(//li[contains(text(), \"stock increase yard\")])[1]"}
COMMAND: POST /session/cdd305857320dd590ea5bbf59a31d46e/element/f.492DEA3F6A95B07ADA96E928C4F8A0EF.d.B355379D4911C98F2DF1BE596C80A7E5.e.9336/click - {}
RESULT: {}
COMMAND: GET /session/cdd305857320dd590ea5bbf59a31d46e/screenshot - {}
RESULT: {}
COMMAND: POST /session/cdd305857320dd590ea5bbf59a31d46e/execute/async - {"script":"<script> [1562 bytes]","args":[{"selector":{"id":"application-managehandovers-display-component---AddNewHO--dueDate","interaction":{"idSuffix":"inner"}},"wdio_ui5_key":"applicationmanagehandovers-display-component---AddNewHO--dueDate"}]}
RESULT: {"script":"<script> [1562 bytes]","args":[{"selector":{"id":"application-managehandovers-display-component---AddNewHO--dueDate","interaction":{"idSuffix":"inner"}},"wdio_ui5_key":"applicationmanagehandovers-display-component---AddNewHO--dueDate"}]}
RESULT: undefined
COMMAND: POST /session/cdd305857320dd590ea5bbf59a31d46e/execute/async - {"script":"<script> [6424 bytes]","args":[{"element-6066-11e4-a52e-4f735466cecf":"f.492DEA3F6A95B07ADA96E928C4F8A0EF.d.B355379D4911C98F2DF1BE596C80A7E5.e.9340"},"setValue",["5/27/25"]]}
RESULT: {"script":"<script> [6424 bytes]","args":[{"element-6066-11e4-a52e-4f735466cecf":"f.492DEA3F6A95B07ADA96E928C4F8A0EF.d.B355379D4911C98F2DF1BE596C80A7E5.e.9340"},"setValue",["5/27/25"]]}
COMMAND: POST /session/cdd305857320dd590ea5bbf59a31d46e/element - {"using":"xpath","value":"//input[@id=\"generalSectionFrg--receiveYard-inner\"]"}
RESULT: {"using":"xpath","value":"//input[@id=\"generalSectionFrg--receiveYard-inner\"]"}
COMMAND: POST /session/cdd305857320dd590ea5bbf59a31d46e/element/f.492DEA3F6A95B07ADA96E928C4F8A0EF.d.B355379D4911C98F2DF1BE596C80A7E5.e.9346/clear - {}
RESULT: {}
COMMAND: POST /session/cdd305857320dd590ea5bbf59a31d46e/element/f.492DEA3F6A95B07ADA96E928C4F8A0EF.d.B355379D4911C98F2DF1BE596C80A7E5.e.9346/value - {"text":"388"}
COMMAND: GET /session/cdd305857320dd590ea5bbf59a31d46e/screenshot - {}
RESULT: {"text":"388"}
COMMAND: GET /session/cdd305857320dd590ea5bbf59a31d46e/screenshot - {}
RESULT: {}
RESULT: {}
COMMAND: POST /session/cdd305857320dd590ea5bbf59a31d46e/element - {"using":"xpath","value":"//li[.//span[text()='388']]"}
RESULT: {"using":"xpath","value":"//li[.//span[text()='388']]"}
COMMAND: POST /session/cdd305857320dd590ea5bbf59a31d46e/element/f.492DEA3F6A95B07ADA96E928C4F8A0EF.d.B355379D4911C98F2DF1BE596C80A7E5.e.9361/click - {}
RESULT: {}
COMMAND: GET /session/cdd305857320dd590ea5bbf59a31d46e/screenshot - {}
RESULT: {}
COMMAND: POST /session/cdd305857320dd590ea5bbf59a31d46e/execute/async - {"script":"<script> [1562 bytes]","args":[{"selector":{"id":"application-managehandovers-display-component---AddNewHO--ObjectPageLayout-anchBar-application-managehandovers-display-component---AddNewHO--section4-anchor","interaction":{"idSuffix":"BDI-content"}},"wdio_ui5_key":"applicationmanagehandovers-display-component---AddNewHO--ObjectPageLayout-anchBar-application-managehandovers-display-component---AddNewHO--section4-anchor"}]}
RESULT: {"script":"<script> [1562 bytes]","args":[{"selector":{"id":"application-managehandovers-display-component---AddNewHO--ObjectPageLayout-anchBar-application-managehandovers-display-component---AddNewHO--section4-anchor","interaction":{"idSuffix":"BDI-content"}},"wdio_ui5_key":"applicationmanagehandovers-display-component---AddNewHO--ObjectPageLayout-anchBar-application-managehandovers-display-component---AddNewHO--section4-anchor"}]}
RESULT: undefined
COMMAND: POST /session/cdd305857320dd590ea5bbf59a31d46e/element - {"using":"xpath","value":"//*[@id=\"application-managehandovers-display-component---AddNewHO--ObjectPageLayout-anchBar-application-managehandovers-display-component---AddNewHO--section4-anchor\"]"}
RESULT: {"using":"xpath","value":"//*[@id=\"application-managehandovers-display-component---AddNewHO--ObjectPageLayout-anchBar-application-managehandovers-display-component---AddNewHO--section4-anchor\"]"}
COMMAND: POST /session/cdd305857320dd590ea5bbf59a31d46e/element/f.492DEA3F6A95B07ADA96E928C4F8A0EF.d.B355379D4911C98F2DF1BE596C80A7E5.e.9363/click - {}
RESULT: {}
COMMAND: POST /session/cdd305857320dd590ea5bbf59a31d46e/element - {"using":"xpath","value":"//button[@aria-label=\"Add\"]"}
COMMAND: GET /session/cdd305857320dd590ea5bbf59a31d46e/screenshot - {}
RESULT: {"using":"xpath","value":"//button[@aria-label=\"Add\"]"}
COMMAND: POST /session/cdd305857320dd590ea5bbf59a31d46e/element/f.492DEA3F6A95B07ADA96E928C4F8A0EF.d.B355379D4911C98F2DF1BE596C80A7E5.e.9367/click - {}
RESULT: {}
RESULT: {}
COMMAND: GET /session/cdd305857320dd590ea5bbf59a31d46e/screenshot - {}
RESULT: {}
COMMAND: POST /session/cdd305857320dd590ea5bbf59a31d46e/execute/async - {"script":"<script> [1562 bytes]","args":[{"selector":{"id":"application-managehandovers-display-component---AddNewHO--smartFilterBar-btnBasicSearch","searchOpenDialogs":true,"interaction":{"idSuffix":"I"}},"wdio_ui5_key":"applicationmanagehandovers-display-component---AddNewHO--smartFilterBar-btnBasicSearch"}]}
RESULT: {"script":"<script> [1562 bytes]","args":[{"selector":{"id":"application-managehandovers-display-component---AddNewHO--smartFilterBar-btnBasicSearch","searchOpenDialogs":true,"interaction":{"idSuffix":"I"}},"wdio_ui5_key":"applicationmanagehandovers-display-component---AddNewHO--smartFilterBar-btnBasicSearch"}]}
RESULT: undefined
COMMAND: POST /session/cdd305857320dd590ea5bbf59a31d46e/execute/async - {"script":"<script> [776 bytes]","args":[{"enterText":"200212","selector":{"id":"application-managehandovers-display-component---AddNewHO--smartFilterBar-btnBasicSearch","searchOpenDialogs":true,"interaction":{"idSuffix":"I"}},"clearTextFirst":true,"interactionType":"ENTER_TEXT"}]}
RESULT: {"script":"<script> [776 bytes]","args":[{"enterText":"200212","selector":{"id":"application-managehandovers-display-component---AddNewHO--smartFilterBar-btnBasicSearch","searchOpenDialogs":true,"interaction":{"idSuffix":"I"}},"clearTextFirst":true,"interactionType":"ENTER_TEXT"}]}
COMMAND: POST /session/cdd305857320dd590ea5bbf59a31d46e/actions - {"actions":[{"id":"action32","type":"key","parameters":{},"actions":[{"type":"keyDown","value":""},{"type":"pause","duration":10},{"type":"keyUp","value":""}]}]}
RESULT: {"actions":[{"id":"action32","type":"key","parameters":{},"actions":[{"type":"keyDown","value":""},{"type":"pause","duration":10},{"type":"keyUp","value":""}]}]}
COMMAND: GET /session/cdd305857320dd590ea5bbf59a31d46e/screenshot - {}
RESULT: {}
COMMAND: POST /session/cdd305857320dd590ea5bbf59a31d46e/execute/async - {"script":"<script> [1562 bytes]","args":[{"selector":{"id":"application-managehandovers-display-component---AddNewHO--popup-sa","searchOpenDialogs":true,"interaction":{"idSuffix":"CbBg"}},"wdio_ui5_key":"applicationmanagehandovers-display-component---AddNewHO--popup-sa"}]}
RESULT: {"script":"<script> [1562 bytes]","args":[{"selector":{"id":"application-managehandovers-display-component---AddNewHO--popup-sa","searchOpenDialogs":true,"interaction":{"idSuffix":"CbBg"}},"wdio_ui5_key":"applicationmanagehandovers-display-component---AddNewHO--popup-sa"}]}
RESULT: undefined
COMMAND: POST /session/cdd305857320dd590ea5bbf59a31d46e/element - {"using":"xpath","value":"//*[@id=\"application-managehandovers-display-component---AddNewHO--popup-sa\"]"}
RESULT: {"using":"xpath","value":"//*[@id=\"application-managehandovers-display-component---AddNewHO--popup-sa\"]"}
COMMAND: POST /session/cdd305857320dd590ea5bbf59a31d46e/element/f.492DEA3F6A95B07ADA96E928C4F8A0EF.d.B355379D4911C98F2DF1BE596C80A7E5.e.9518/click - {}
RESULT: {}
COMMAND: GET /session/cdd305857320dd590ea5bbf59a31d46e/screenshot - {}
RESULT: {}
COMMAND: POST /session/cdd305857320dd590ea5bbf59a31d46e/element - {"using":"xpath","value":"//bdi[contains(text(), \"Select\")]"}
RESULT: {"using":"xpath","value":"//bdi[contains(text(), \"Select\")]"}
COMMAND: POST /session/cdd305857320dd590ea5bbf59a31d46e/element/f.492DEA3F6A95B07ADA96E928C4F8A0EF.d.B355379D4911C98F2DF1BE596C80A7E5.e.9519/click - {}
RESULT: {}
COMMAND: GET /session/cdd305857320dd590ea5bbf59a31d46e/screenshot - {}
RESULT: {}
COMMAND: POST /session/cdd305857320dd590ea5bbf59a31d46e/element - {"using":"xpath","value":"//button[@data-kt=\"AddNewHOSaveButton\"]"}
RESULT: {"using":"xpath","value":"//button[@data-kt=\"AddNewHOSaveButton\"]"}
COMMAND: POST /session/cdd305857320dd590ea5bbf59a31d46e/element/f.492DEA3F6A95B07ADA96E928C4F8A0EF.d.B355379D4911C98F2DF1BE596C80A7E5.e.9523/click - {}
RESULT: {}
COMMAND: GET /session/cdd305857320dd590ea5bbf59a31d46e/screenshot - {}
COMMAND: POST /session/cdd305857320dd590ea5bbf59a31d46e/execute/async - {"script":"<script> [1562 bytes]","args":[{"selector":{"id":"receiptDatePicker","viewName":"etm.portal.ui.managehandovers.view.DetailExecuteHO","interaction":{"idSuffix":"inner"}},"wdio_ui5_key":"receiptDatePickeretmportal.ui.managehandovers.view.DetailExecuteHO"}]}
RESULT: {}
RESULT: {"script":"<script> [1562 bytes]","args":[{"selector":{"id":"receiptDatePicker","viewName":"etm.portal.ui.managehandovers.view.DetailExecuteHO","interaction":{"idSuffix":"inner"}},"wdio_ui5_key":"receiptDatePickeretmportal.ui.managehandovers.view.DetailExecuteHO"}]}
RESULT: undefined
COMMAND: POST /session/cdd305857320dd590ea5bbf59a31d46e/execute/async - {"script":"<script> [6424 bytes]","args":[{"element-6066-11e4-a52e-4f735466cecf":"f.492DEA3F6A95B07ADA96E928C4F8A0EF.d.B355379D4911C98F2DF1BE596C80A7E5.e.9552"},"setValue",["5/27/25"]]}
RESULT: {"script":"<script> [6424 bytes]","args":[{"element-6066-11e4-a52e-4f735466cecf":"f.492DEA3F6A95B07ADA96E928C4F8A0EF.d.B355379D4911C98F2DF1BE596C80A7E5.e.9552"},"setValue",["5/27/25"]]}
COMMAND: POST /session/cdd305857320dd590ea5bbf59a31d46e/element - {"using":"xpath","value":"//button[@data-kt=\"ReceivingTableConfirmAllButton\"]"}
RESULT: {"using":"xpath","value":"//button[@data-kt=\"ReceivingTableConfirmAllButton\"]"}
COMMAND: POST /session/cdd305857320dd590ea5bbf59a31d46e/element/f.492DEA3F6A95B07ADA96E928C4F8A0EF.d.B355379D4911C98F2DF1BE596C80A7E5.e.9569/click - {}
RESULT: {}
COMMAND: GET /session/cdd305857320dd590ea5bbf59a31d46e/screenshot - {}
RESULT: {}
COMMAND: POST /session/cdd305857320dd590ea5bbf59a31d46e/element - {"using":"xpath","value":"//bdi[contains(text(), \"OK\")]"}
RESULT: {"using":"xpath","value":"//bdi[contains(text(), \"OK\")]"}
COMMAND: POST /session/cdd305857320dd590ea5bbf59a31d46e/element/f.492DEA3F6A95B07ADA96E928C4F8A0EF.d.B355379D4911C98F2DF1BE596C80A7E5.e.9571/click - {}
RESULT: {}
COMMAND: GET /session/cdd305857320dd590ea5bbf59a31d46e/screenshot - {}
RESULT: {}
COMMAND: POST /session/cdd305857320dd590ea5bbf59a31d46e/element - {"using":"xpath","value":"(//bdi[contains(text(), \"Receive\")])[2]"}
RESULT: {"using":"xpath","value":"(//bdi[contains(text(), \"Receive\")])[2]"}
COMMAND: POST /session/cdd305857320dd590ea5bbf59a31d46e/element/f.492DEA3F6A95B07ADA96E928C4F8A0EF.d.B355379D4911C98F2DF1BE596C80A7E5.e.9573/click - {}
RESULT: {}
COMMAND: GET /session/cdd305857320dd590ea5bbf59a31d46e/screenshot - {}
RESULT: {}
COMMAND: POST /session/cdd305857320dd590ea5bbf59a31d46e/element - {"using":"css selector","value":"#shell-header-logo"}
RESULT: {"using":"css selector","value":"#shell-header-logo"}
COMMAND: POST /session/cdd305857320dd590ea5bbf59a31d46e/element/f.492DEA3F6A95B07ADA96E928C4F8A0EF.d.B355379D4911C98F2DF1BE596C80A7E5.e.8943/click - {}
RESULT: {}
COMMAND: GET /session/cdd305857320dd590ea5bbf59a31d46e/screenshot - {}
RESULT: {}
]]></system-out>
    </testcase>
    <testcase classname="chrome.136_0_7103_93.windows.Provide_to_Site_w/_warehouse_management_wo_clarification" name="Should create a new contract" time="59.573">
      <system-out><![CDATA[
COMMAND: POST /session/cdd305857320dd590ea5bbf59a31d46e/execute/async - {"script":"<script> [1562 bytes]","args":[{"selector":{"controlType":"sap.m.GenericTile","properties":{"header":"Manage Contracts"}},"wdio_ui5_key":"sapm.GenericTile{\"header\":\"Manage Contracts\"}"}]}
RESULT: {"script":"<script> [1562 bytes]","args":[{"selector":{"controlType":"sap.m.GenericTile","properties":{"header":"Manage Contracts"}},"wdio_ui5_key":"sapm.GenericTile{\"header\":\"Manage Contracts\"}"}]}
RESULT: undefined
COMMAND: POST /session/cdd305857320dd590ea5bbf59a31d46e/element - {"using":"xpath","value":"//*[@id=\"__tile130\"]"}
RESULT: {"using":"xpath","value":"//*[@id=\"__tile130\"]"}
COMMAND: POST /session/cdd305857320dd590ea5bbf59a31d46e/element/f.492DEA3F6A95B07ADA96E928C4F8A0EF.d.B355379D4911C98F2DF1BE596C80A7E5.e.8248/click - {}
RESULT: {}
COMMAND: GET /session/cdd305857320dd590ea5bbf59a31d46e/screenshot - {}
RESULT: {}
COMMAND: POST /session/cdd305857320dd590ea5bbf59a31d46e/elements - {"using":"xpath","value":"//span[text()='Error']"}
RESULT: {"using":"xpath","value":"//span[text()='Error']"}
COMMAND: POST /session/cdd305857320dd590ea5bbf59a31d46e/element - {"using":"xpath","value":"//button[@data-kt=\"addButton\"]"}
RESULT: {"using":"xpath","value":"//button[@data-kt=\"addButton\"]"}
COMMAND: POST /session/cdd305857320dd590ea5bbf59a31d46e/elements - {"using":"xpath","value":"//button[@data-kt=\"addButton\"]"}
RESULT: {"using":"xpath","value":"//button[@data-kt=\"addButton\"]"}
COMMAND: POST /session/cdd305857320dd590ea5bbf59a31d46e/execute/sync - {"script":"<script> [8489 bytes]","args":[{"element-6066-11e4-a52e-4f735466cecf":"f.492DEA3F6A95B07ADA96E928C4F8A0EF.d.B355379D4911C98F2DF1BE596C80A7E5.e.9902","ELEMENT":"f.492DEA3F6A95B07ADA96E928C4F8A0EF.d.B355379D4911C98F2DF1BE596C80A7E5.e.9902"}]}
RESULT: {"script":"<script> [8489 bytes]","args":[{"element-6066-11e4-a52e-4f735466cecf":"f.492DEA3F6A95B07ADA96E928C4F8A0EF.d.B355379D4911C98F2DF1BE596C80A7E5.e.9902","ELEMENT":"f.492DEA3F6A95B07ADA96E928C4F8A0EF.d.B355379D4911C98F2DF1BE596C80A7E5.e.9902"}]}
COMMAND: GET /session/cdd305857320dd590ea5bbf59a31d46e/element/f.492DEA3F6A95B07ADA96E928C4F8A0EF.d.B355379D4911C98F2DF1BE596C80A7E5.e.9902/enabled - {}
COMMAND: GET /session/cdd305857320dd590ea5bbf59a31d46e/screenshot - {}
RESULT: {}
COMMAND: POST /session/cdd305857320dd590ea5bbf59a31d46e/execute/sync - {"script":"<script> [8489 bytes]","args":[{"element-6066-11e4-a52e-4f735466cecf":"f.492DEA3F6A95B07ADA96E928C4F8A0EF.d.B355379D4911C98F2DF1BE596C80A7E5.e.9902","ELEMENT":"f.492DEA3F6A95B07ADA96E928C4F8A0EF.d.B355379D4911C98F2DF1BE596C80A7E5.e.9902"}]}
COMMAND: GET /session/cdd305857320dd590ea5bbf59a31d46e/screenshot - {}
RESULT: {}
RESULT: {"script":"<script> [8489 bytes]","args":[{"element-6066-11e4-a52e-4f735466cecf":"f.492DEA3F6A95B07ADA96E928C4F8A0EF.d.B355379D4911C98F2DF1BE596C80A7E5.e.9902","ELEMENT":"f.492DEA3F6A95B07ADA96E928C4F8A0EF.d.B355379D4911C98F2DF1BE596C80A7E5.e.9902"}]}
COMMAND: POST /session/cdd305857320dd590ea5bbf59a31d46e/execute/sync - {"script":"<script> [5351 bytes]","args":[{"element-6066-11e4-a52e-4f735466cecf":"f.492DEA3F6A95B07ADA96E928C4F8A0EF.d.B355379D4911C98F2DF1BE596C80A7E5.e.9902","ELEMENT":"f.492DEA3F6A95B07ADA96E928C4F8A0EF.d.B355379D4911C98F2DF1BE596C80A7E5.e.9902"}]}
COMMAND: GET /session/cdd305857320dd590ea5bbf59a31d46e/screenshot - {}
RESULT: {}
RESULT: {"script":"<script> [5351 bytes]","args":[{"element-6066-11e4-a52e-4f735466cecf":"f.492DEA3F6A95B07ADA96E928C4F8A0EF.d.B355379D4911C98F2DF1BE596C80A7E5.e.9902","ELEMENT":"f.492DEA3F6A95B07ADA96E928C4F8A0EF.d.B355379D4911C98F2DF1BE596C80A7E5.e.9902"}]}
COMMAND: GET /session/cdd305857320dd590ea5bbf59a31d46e/screenshot - {}
RESULT: {}
RESULT: {}
COMMAND: POST /session/cdd305857320dd590ea5bbf59a31d46e/element/f.492DEA3F6A95B07ADA96E928C4F8A0EF.d.B355379D4911C98F2DF1BE596C80A7E5.e.9902/click - {}
RESULT: {}
COMMAND: GET /session/cdd305857320dd590ea5bbf59a31d46e/screenshot - {}
COMMAND: POST /session/cdd305857320dd590ea5bbf59a31d46e/execute/async - {"script":"<script> [1562 bytes]","args":[{"selector":{"id":"application-managecontracts-display-component---AddNewContract--projectDescription","interaction":{"idSuffix":"inner"}},"wdio_ui5_key":"applicationmanagecontracts-display-component---AddNewContract--projectDescription"}]}
RESULT: {}
RESULT: {"script":"<script> [1562 bytes]","args":[{"selector":{"id":"application-managecontracts-display-component---AddNewContract--projectDescription","interaction":{"idSuffix":"inner"}},"wdio_ui5_key":"applicationmanagecontracts-display-component---AddNewContract--projectDescription"}]}
RESULT: undefined
COMMAND: POST /session/cdd305857320dd590ea5bbf59a31d46e/execute/async - {"script":"<script> [776 bytes]","args":[{"enterText":"Contract WDIO","selector":{"id":"application-managecontracts-display-component---AddNewContract--projectDescription","interaction":{"idSuffix":"inner"}},"clearTextFirst":true,"interactionType":"ENTER_TEXT"}]}
RESULT: {"script":"<script> [776 bytes]","args":[{"enterText":"Contract WDIO","selector":{"id":"application-managecontracts-display-component---AddNewContract--projectDescription","interaction":{"idSuffix":"inner"}},"clearTextFirst":true,"interactionType":"ENTER_TEXT"}]}
COMMAND: POST /session/cdd305857320dd590ea5bbf59a31d46e/element - {"using":"xpath","value":"//input[@id=\"application-managecontracts-display-component---AddNewContract--site-inner\"]"}
RESULT: {"using":"xpath","value":"//input[@id=\"application-managecontracts-display-component---AddNewContract--site-inner\"]"}
COMMAND: POST /session/cdd305857320dd590ea5bbf59a31d46e/element/f.492DEA3F6A95B07ADA96E928C4F8A0EF.d.B355379D4911C98F2DF1BE596C80A7E5.e.10222/clear - {}
RESULT: {}
COMMAND: POST /session/cdd305857320dd590ea5bbf59a31d46e/element/f.492DEA3F6A95B07ADA96E928C4F8A0EF.d.B355379D4911C98F2DF1BE596C80A7E5.e.10222/value - {"text":"2182"}
COMMAND: GET /session/cdd305857320dd590ea5bbf59a31d46e/screenshot - {}
RESULT: {"text":"2182"}
COMMAND: GET /session/cdd305857320dd590ea5bbf59a31d46e/screenshot - {}
RESULT: {}
RESULT: {}
COMMAND: POST /session/cdd305857320dd590ea5bbf59a31d46e/element - {"using":"xpath","value":"//li[.//span[text()='2182']]"}
RESULT: {"using":"xpath","value":"//li[.//span[text()='2182']]"}
COMMAND: POST /session/cdd305857320dd590ea5bbf59a31d46e/element/f.492DEA3F6A95B07ADA96E928C4F8A0EF.d.B355379D4911C98F2DF1BE596C80A7E5.e.10305/click - {}
RESULT: {}
COMMAND: GET /session/cdd305857320dd590ea5bbf59a31d46e/screenshot - {}
RESULT: {}
COMMAND: POST /session/cdd305857320dd590ea5bbf59a31d46e/element - {"using":"xpath","value":"//input[@id=\"application-managecontracts-display-component---AddNewContract--yardId-inner\"]"}
RESULT: {"using":"xpath","value":"//input[@id=\"application-managecontracts-display-component---AddNewContract--yardId-inner\"]"}
COMMAND: GET /session/cdd305857320dd590ea5bbf59a31d46e/element/f.492DEA3F6A95B07ADA96E928C4F8A0EF.d.B355379D4911C98F2DF1BE596C80A7E5.e.10223/property/value - {}
RESULT: {}
COMMAND: POST /session/cdd305857320dd590ea5bbf59a31d46e/element - {"using":"xpath","value":"//input[@id=\"application-managecontracts-display-component---AddNewContract--customerSelect-inner\"]"}
COMMAND: GET /session/cdd305857320dd590ea5bbf59a31d46e/screenshot - {}
RESULT: {"using":"xpath","value":"//input[@id=\"application-managecontracts-display-component---AddNewContract--customerSelect-inner\"]"}
COMMAND: POST /session/cdd305857320dd590ea5bbf59a31d46e/element/f.492DEA3F6A95B07ADA96E928C4F8A0EF.d.B355379D4911C98F2DF1BE596C80A7E5.e.10221/clear - {}
RESULT: {}
RESULT: {}
COMMAND: POST /session/cdd305857320dd590ea5bbf59a31d46e/element/f.492DEA3F6A95B07ADA96E928C4F8A0EF.d.B355379D4911C98F2DF1BE596C80A7E5.e.10221/value - {"text":"1198"}
COMMAND: GET /session/cdd305857320dd590ea5bbf59a31d46e/screenshot - {}
RESULT: {"text":"1198"}
COMMAND: GET /session/cdd305857320dd590ea5bbf59a31d46e/screenshot - {}
RESULT: {}
RESULT: {}
COMMAND: POST /session/cdd305857320dd590ea5bbf59a31d46e/element - {"using":"xpath","value":"//li[.//span[text()='1198']]"}
RESULT: {"using":"xpath","value":"//li[.//span[text()='1198']]"}
COMMAND: POST /session/cdd305857320dd590ea5bbf59a31d46e/element/f.492DEA3F6A95B07ADA96E928C4F8A0EF.d.B355379D4911C98F2DF1BE596C80A7E5.e.10308/click - {}
RESULT: {}
COMMAND: GET /session/cdd305857320dd590ea5bbf59a31d46e/screenshot - {}
RESULT: {}
COMMAND: POST /session/cdd305857320dd590ea5bbf59a31d46e/element - {"using":"xpath","value":"//button[@data-kt=\"saveButton\"]"}
RESULT: {"using":"xpath","value":"//button[@data-kt=\"saveButton\"]"}
COMMAND: POST /session/cdd305857320dd590ea5bbf59a31d46e/element/f.492DEA3F6A95B07ADA96E928C4F8A0EF.d.B355379D4911C98F2DF1BE596C80A7E5.e.10296/click - {}
RESULT: {}
COMMAND: GET /session/cdd305857320dd590ea5bbf59a31d46e/screenshot - {}
RESULT: {}
COMMAND: POST /session/cdd305857320dd590ea5bbf59a31d46e/element - {"using":"xpath","value":"//span[contains(@id ,\"contractDetailTitleNoExpanded\")]"}
RESULT: {"using":"xpath","value":"//span[contains(@id ,\"contractDetailTitleNoExpanded\")]"}
COMMAND: POST /session/cdd305857320dd590ea5bbf59a31d46e/elements - {"using":"xpath","value":"//span[contains(@id ,\"contractDetailTitleNoExpanded\")]"}
RESULT: {"using":"xpath","value":"//span[contains(@id ,\"contractDetailTitleNoExpanded\")]"}
COMMAND: POST /session/cdd305857320dd590ea5bbf59a31d46e/execute/sync - {"script":"<script> [56 bytes]","args":[{"element-6066-11e4-a52e-4f735466cecf":"f.492DEA3F6A95B07ADA96E928C4F8A0EF.d.B355379D4911C98F2DF1BE596C80A7E5.e.10337","ELEMENT":"f.492DEA3F6A95B07ADA96E928C4F8A0EF.d.B355379D4911C98F2DF1BE596C80A7E5.e.10337"}]}
RESULT: {"script":"<script> [56 bytes]","args":[{"element-6066-11e4-a52e-4f735466cecf":"f.492DEA3F6A95B07ADA96E928C4F8A0EF.d.B355379D4911C98F2DF1BE596C80A7E5.e.10337","ELEMENT":"f.492DEA3F6A95B07ADA96E928C4F8A0EF.d.B355379D4911C98F2DF1BE596C80A7E5.e.10337"}]}
COMMAND: GET /session/cdd305857320dd590ea5bbf59a31d46e/screenshot - {}
RESULT: {}
]]></system-out>
    </testcase>
    <testcase classname="chrome.136_0_7103_93.windows.Provide_to_Site_w/_warehouse_management_wo_clarification" name="Should add equipment to the contract" time="58.56">
      <system-out><![CDATA[
COMMAND: POST /session/cdd305857320dd590ea5bbf59a31d46e/element - {"using":"xpath","value":"//button[@data-kt=\"contractDetailEditBtnButton\"]"}
RESULT: {"using":"xpath","value":"//button[@data-kt=\"contractDetailEditBtnButton\"]"}
COMMAND: POST /session/cdd305857320dd590ea5bbf59a31d46e/element/f.492DEA3F6A95B07ADA96E928C4F8A0EF.d.B355379D4911C98F2DF1BE596C80A7E5.e.10340/click - {}
RESULT: {}
COMMAND: GET /session/cdd305857320dd590ea5bbf59a31d46e/screenshot - {}
RESULT: {}
COMMAND: POST /session/cdd305857320dd590ea5bbf59a31d46e/element - {"using":"xpath","value":"(//span[contains(text(), \"Additional Addresses\")])[2]"}
RESULT: {"using":"xpath","value":"(//span[contains(text(), \"Additional Addresses\")])[2]"}
COMMAND: POST /session/cdd305857320dd590ea5bbf59a31d46e/element/f.492DEA3F6A95B07ADA96E928C4F8A0EF.d.B355379D4911C98F2DF1BE596C80A7E5.e.10396/click - {}
RESULT: {}
COMMAND: GET /session/cdd305857320dd590ea5bbf59a31d46e/screenshot - {}
RESULT: {}
COMMAND: POST /session/cdd305857320dd590ea5bbf59a31d46e/element - {"using":"xpath","value":"//button[@data-kt=\"btnAddTableRowOverflowToolbarButton\"]"}
RESULT: {"using":"xpath","value":"//button[@data-kt=\"btnAddTableRowOverflowToolbarButton\"]"}
COMMAND: POST /session/cdd305857320dd590ea5bbf59a31d46e/element/f.492DEA3F6A95B07ADA96E928C4F8A0EF.d.B355379D4911C98F2DF1BE596C80A7E5.e.10399/click - {}
RESULT: {}
COMMAND: GET /session/cdd305857320dd590ea5bbf59a31d46e/screenshot - {}
RESULT: {}
COMMAND: POST /session/cdd305857320dd590ea5bbf59a31d46e/element - {"using":"xpath","value":"//div[(text() = 'Standard Entry' or . = 'Standard Entry')]"}
RESULT: {"using":"xpath","value":"//div[(text() = 'Standard Entry' or . = 'Standard Entry')]"}
COMMAND: POST /session/cdd305857320dd590ea5bbf59a31d46e/element/f.492DEA3F6A95B07ADA96E928C4F8A0EF.d.B355379D4911C98F2DF1BE596C80A7E5.e.10400/click - {}
RESULT: {}
COMMAND: GET /session/cdd305857320dd590ea5bbf59a31d46e/screenshot - {}
RESULT: {}
COMMAND: POST /session/cdd305857320dd590ea5bbf59a31d46e/element - {"using":"xpath","value":"//td[6]/div/div/div/span"}
RESULT: {"using":"xpath","value":"//td[6]/div/div/div/span"}
COMMAND: POST /session/cdd305857320dd590ea5bbf59a31d46e/element/f.492DEA3F6A95B07ADA96E928C4F8A0EF.d.B355379D4911C98F2DF1BE596C80A7E5.e.10412/click - {}
RESULT: {}
COMMAND: GET /session/cdd305857320dd590ea5bbf59a31d46e/screenshot - {}
RESULT: {}
COMMAND: POST /session/cdd305857320dd590ea5bbf59a31d46e/element - {"using":"xpath","value":"(//span[contains(text(), \"Material\")])"}
RESULT: {"using":"xpath","value":"(//span[contains(text(), \"Material\")])"}
COMMAND: POST /session/cdd305857320dd590ea5bbf59a31d46e/element/f.492DEA3F6A95B07ADA96E928C4F8A0EF.d.B355379D4911C98F2DF1BE596C80A7E5.e.10413/click - {}
RESULT: {}
COMMAND: GET /session/cdd305857320dd590ea5bbf59a31d46e/screenshot - {}
RESULT: {}
COMMAND: POST /session/cdd305857320dd590ea5bbf59a31d46e/element - {"using":"xpath","value":"//td[7]/div/div/input"}
RESULT: {"using":"xpath","value":"//td[7]/div/div/input"}
COMMAND: POST /session/cdd305857320dd590ea5bbf59a31d46e/element/f.492DEA3F6A95B07ADA96E928C4F8A0EF.d.B355379D4911C98F2DF1BE596C80A7E5.e.10417/clear - {}
RESULT: {}
COMMAND: POST /session/cdd305857320dd590ea5bbf59a31d46e/element/f.492DEA3F6A95B07ADA96E928C4F8A0EF.d.B355379D4911C98F2DF1BE596C80A7E5.e.10417/value - {"text":"200212"}
COMMAND: GET /session/cdd305857320dd590ea5bbf59a31d46e/screenshot - {}
RESULT: {"text":"200212"}
COMMAND: GET /session/cdd305857320dd590ea5bbf59a31d46e/screenshot - {}
RESULT: {}
RESULT: {}
COMMAND: POST /session/cdd305857320dd590ea5bbf59a31d46e/actions - {"actions":[{"id":"action33","type":"key","parameters":{},"actions":[{"type":"keyDown","value":""},{"type":"pause","duration":10},{"type":"keyUp","value":""}]}]}
RESULT: {"actions":[{"id":"action33","type":"key","parameters":{},"actions":[{"type":"keyDown","value":""},{"type":"pause","duration":10},{"type":"keyUp","value":""}]}]}
COMMAND: GET /session/cdd305857320dd590ea5bbf59a31d46e/screenshot - {}
RESULT: {}
COMMAND: POST /session/cdd305857320dd590ea5bbf59a31d46e/execute/sync - {"script":"<script> [276 bytes]","args":["No pricing information was found"]}
RESULT: {"script":"<script> [276 bytes]","args":["No pricing information was found"]}
COMMAND: POST /session/cdd305857320dd590ea5bbf59a31d46e/element - {"using":"xpath","value":"//bdi[contains(text(), \"OK\")]"}
COMMAND: GET /session/cdd305857320dd590ea5bbf59a31d46e/screenshot - {}
RESULT: {"using":"xpath","value":"//bdi[contains(text(), \"OK\")]"}
COMMAND: POST /session/cdd305857320dd590ea5bbf59a31d46e/element/f.492DEA3F6A95B07ADA96E928C4F8A0EF.d.B355379D4911C98F2DF1BE596C80A7E5.e.10443/click - {}
RESULT: {}
RESULT: {}
COMMAND: GET /session/cdd305857320dd590ea5bbf59a31d46e/screenshot - {}
RESULT: {}
COMMAND: POST /session/cdd305857320dd590ea5bbf59a31d46e/element - {"using":"xpath","value":"(//button[@data-kt=\"saveButton\"])[2]"}
RESULT: {"using":"xpath","value":"(//button[@data-kt=\"saveButton\"])[2]"}
COMMAND: POST /session/cdd305857320dd590ea5bbf59a31d46e/element/f.492DEA3F6A95B07ADA96E928C4F8A0EF.d.B355379D4911C98F2DF1BE596C80A7E5.e.10444/click - {}
RESULT: {}
COMMAND: GET /session/cdd305857320dd590ea5bbf59a31d46e/screenshot - {}
RESULT: {}
COMMAND: POST /session/cdd305857320dd590ea5bbf59a31d46e/execute/sync - {"script":"<script> [276 bytes]","args":["Some contract items are having rental validity exceeding header rental validity"]}
RESULT: {"script":"<script> [276 bytes]","args":["Some contract items are having rental validity exceeding header rental validity"]}
COMMAND: GET /session/cdd305857320dd590ea5bbf59a31d46e/screenshot - {}
RESULT: {}
COMMAND: POST /session/cdd305857320dd590ea5bbf59a31d46e/element - {"using":"xpath","value":"//span[contains(@id ,\"contractItemsSmartTable-header-inner\")]"}
RESULT: {"using":"xpath","value":"//span[contains(@id ,\"contractItemsSmartTable-header-inner\")]"}
COMMAND: POST /session/cdd305857320dd590ea5bbf59a31d46e/elements - {"using":"xpath","value":"//span[contains(@id ,\"contractItemsSmartTable-header-inner\")]"}
RESULT: {"using":"xpath","value":"//span[contains(@id ,\"contractItemsSmartTable-header-inner\")]"}
COMMAND: POST /session/cdd305857320dd590ea5bbf59a31d46e/execute/sync - {"script":"<script> [56 bytes]","args":[{"element-6066-11e4-a52e-4f735466cecf":"f.492DEA3F6A95B07ADA96E928C4F8A0EF.d.B355379D4911C98F2DF1BE596C80A7E5.e.10449","ELEMENT":"f.492DEA3F6A95B07ADA96E928C4F8A0EF.d.B355379D4911C98F2DF1BE596C80A7E5.e.10449"}]}
RESULT: {"script":"<script> [56 bytes]","args":[{"element-6066-11e4-a52e-4f735466cecf":"f.492DEA3F6A95B07ADA96E928C4F8A0EF.d.B355379D4911C98F2DF1BE596C80A7E5.e.10449","ELEMENT":"f.492DEA3F6A95B07ADA96E928C4F8A0EF.d.B355379D4911C98F2DF1BE596C80A7E5.e.10449"}]}
]]></system-out>
    </testcase>
    <testcase classname="chrome.136_0_7103_93.windows.Provide_to_Site_w/_warehouse_management_wo_clarification" name="Should provide to site" time="40.427">
      <system-out><![CDATA[
COMMAND: POST /session/cdd305857320dd590ea5bbf59a31d46e/element - {"using":"xpath","value":"//button[@data-kt=\"provideButton\"]"}
COMMAND: GET /session/cdd305857320dd590ea5bbf59a31d46e/screenshot - {}
RESULT: {"using":"xpath","value":"//button[@data-kt=\"provideButton\"]"}
COMMAND: POST /session/cdd305857320dd590ea5bbf59a31d46e/element/f.492DEA3F6A95B07ADA96E928C4F8A0EF.d.B355379D4911C98F2DF1BE596C80A7E5.e.10450/click - {}
RESULT: {}
RESULT: {}
COMMAND: GET /session/cdd305857320dd590ea5bbf59a31d46e/screenshot - {}
RESULT: {}
RESULT: undefined
COMMAND: POST /session/cdd305857320dd590ea5bbf59a31d46e/execute/async - {"script":"<script> [6424 bytes]","args":[{"element-6066-11e4-a52e-4f735466cecf":"f.492DEA3F6A95B07ADA96E928C4F8A0EF.d.B355379D4911C98F2DF1BE596C80A7E5.e.9340"},"setValue",["05/27/25"]]}
COMMAND: POST /session/cdd305857320dd590ea5bbf59a31d46e/execute/async - {"script":"<script> [1562 bytes]","args":[{"selector":{"id":"application-managehandovers-display-component---AddNewHO--dueDate","interaction":{"idSuffix":"inner"}},"wdio_ui5_key":"applicationmanagehandovers-display-component---AddNewHO--dueDate"}]}
RESULT: {"script":"<script> [1562 bytes]","args":[{"selector":{"id":"application-managehandovers-display-component---AddNewHO--dueDate","interaction":{"idSuffix":"inner"}},"wdio_ui5_key":"applicationmanagehandovers-display-component---AddNewHO--dueDate"}]}
COMMAND: POST /session/cdd305857320dd590ea5bbf59a31d46e/execute/async - {"script":"<script> [6424 bytes]","args":[{"element-6066-11e4-a52e-4f735466cecf":"f.492DEA3F6A95B07ADA96E928C4F8A0EF.d.B355379D4911C98F2DF1BE596C80A7E5.e.10507"},"setValue",["05/27/25"]]}
RESULT: {"script":"<script> [6424 bytes]","args":[{"element-6066-11e4-a52e-4f735466cecf":"f.492DEA3F6A95B07ADA96E928C4F8A0EF.d.B355379D4911C98F2DF1BE596C80A7E5.e.10507"},"setValue",["05/27/25"]]}
COMMAND: POST /session/cdd305857320dd590ea5bbf59a31d46e/element - {"using":"xpath","value":"//bdi[contains(text(), \"Instructions\")]"}
RESULT: {"using":"xpath","value":"//bdi[contains(text(), \"Instructions\")]"}
COMMAND: POST /session/cdd305857320dd590ea5bbf59a31d46e/element/f.492DEA3F6A95B07ADA96E928C4F8A0EF.d.B355379D4911C98F2DF1BE596C80A7E5.e.10759/click - {}
RESULT: {}
COMMAND: GET /session/cdd305857320dd590ea5bbf59a31d46e/screenshot - {}
RESULT: {}
COMMAND: POST /session/cdd305857320dd590ea5bbf59a31d46e/element - {"using":"xpath","value":"//button[@data-kt=\"AddNewHOProvideAddItemsButton\"]"}
RESULT: {"using":"xpath","value":"//button[@data-kt=\"AddNewHOProvideAddItemsButton\"]"}
COMMAND: POST /session/cdd305857320dd590ea5bbf59a31d46e/element/f.492DEA3F6A95B07ADA96E928C4F8A0EF.d.B355379D4911C98F2DF1BE596C80A7E5.e.10763/click - {}
RESULT: {}
COMMAND: GET /session/cdd305857320dd590ea5bbf59a31d46e/screenshot - {}
RESULT: {}
RESULT: undefined
COMMAND: POST /session/cdd305857320dd590ea5bbf59a31d46e/element - {"using":"xpath","value":"//*[@id=\"application-managehandovers-display-component---AddNewHO--popup-sa\"]"}
RESULT: {"using":"xpath","value":"//*[@id=\"application-managehandovers-display-component---AddNewHO--popup-sa\"]"}
COMMAND: POST /session/cdd305857320dd590ea5bbf59a31d46e/element/f.492DEA3F6A95B07ADA96E928C4F8A0EF.d.B355379D4911C98F2DF1BE596C80A7E5.e.10772/click - {}
RESULT: {}
COMMAND: GET /session/cdd305857320dd590ea5bbf59a31d46e/screenshot - {}
RESULT: {}
COMMAND: POST /session/cdd305857320dd590ea5bbf59a31d46e/element - {"using":"xpath","value":"//*[contains(@id ,\"BDI-content\")][contains(text(), \"Select\")]"}
RESULT: {"using":"xpath","value":"//*[contains(@id ,\"BDI-content\")][contains(text(), \"Select\")]"}
COMMAND: POST /session/cdd305857320dd590ea5bbf59a31d46e/element/f.492DEA3F6A95B07ADA96E928C4F8A0EF.d.B355379D4911C98F2DF1BE596C80A7E5.e.10774/click - {}
RESULT: {}
COMMAND: GET /session/cdd305857320dd590ea5bbf59a31d46e/screenshot - {}
RESULT: {}
COMMAND: POST /session/cdd305857320dd590ea5bbf59a31d46e/element - {"using":"xpath","value":"//bdi[(text() = 'Save' or . = 'Save')]"}
RESULT: {"using":"xpath","value":"//bdi[(text() = 'Save' or . = 'Save')]"}
COMMAND: POST /session/cdd305857320dd590ea5bbf59a31d46e/element/f.492DEA3F6A95B07ADA96E928C4F8A0EF.d.B355379D4911C98F2DF1BE596C80A7E5.e.10782/click - {}
RESULT: {}
COMMAND: GET /session/cdd305857320dd590ea5bbf59a31d46e/screenshot - {}
RESULT: {}
]]></system-out>
    </testcase>
    <testcase classname="chrome.136_0_7103_93.windows.Provide_to_Site_w/_warehouse_management_wo_clarification" name="Should Test for Handover Execution" time="156.949">
      <system-out><![CDATA[
COMMAND: POST /session/cdd305857320dd590ea5bbf59a31d46e/execute/async - {"script":"<script> [1562 bytes]","args":[{"selector":{"controlType":"sap.m.Link","viewName":"etm.portal.ui.managehandovers.view.DetailExecuteHO","bindingPath":{"path":"","propertyPath":"/wmDoc","modelName":"warehouseMovModel"}},"wdio_ui5_key":"etmportal.ui.managehandovers.view.DetailExecuteHOsap.m.Link{\"path\":\"\",\"propertyPath\":\"/wmDoc\",\"modelName\":\"warehouseMovModel\"}"}]}
RESULT: {"script":"<script> [1562 bytes]","args":[{"selector":{"controlType":"sap.m.Link","viewName":"etm.portal.ui.managehandovers.view.DetailExecuteHO","bindingPath":{"path":"","propertyPath":"/wmDoc","modelName":"warehouseMovModel"}},"wdio_ui5_key":"etmportal.ui.managehandovers.view.DetailExecuteHOsap.m.Link{\"path\":\"\",\"propertyPath\":\"/wmDoc\",\"modelName\":\"warehouseMovModel\"}"}]}
RESULT: undefined
COMMAND: POST /session/cdd305857320dd590ea5bbf59a31d46e/element - {"using":"xpath","value":"//*[@id=\"__link82\"]"}
RESULT: {"using":"xpath","value":"//*[@id=\"__link82\"]"}
COMMAND: POST /session/cdd305857320dd590ea5bbf59a31d46e/element/f.492DEA3F6A95B07ADA96E928C4F8A0EF.d.B355379D4911C98F2DF1BE596C80A7E5.e.10840/click - {}
RESULT: {}
COMMAND: GET /session/cdd305857320dd590ea5bbf59a31d46e/screenshot - {}
RESULT: {}
COMMAND: POST /session/cdd305857320dd590ea5bbf59a31d46e/execute/async - {"script":"<script> [1562 bytes]","args":[{"selector":{"controlType":"sap.m.Link","viewName":"etm.portal.ui.managehandovers.view.DetailExecuteHO","properties":{"text":"Warehouse Overview"},"searchOpenDialogs":true},"wdio_ui5_key":"etmportal.ui.managehandovers.view.DetailExecuteHOsap.m.Link{\"text\":\"Warehouse Overview\"}"}]}
RESULT: {"script":"<script> [1562 bytes]","args":[{"selector":{"controlType":"sap.m.Link","viewName":"etm.portal.ui.managehandovers.view.DetailExecuteHO","properties":{"text":"Warehouse Overview"},"searchOpenDialogs":true},"wdio_ui5_key":"etmportal.ui.managehandovers.view.DetailExecuteHOsap.m.Link{\"text\":\"Warehouse Overview\"}"}]}
RESULT: undefined
COMMAND: POST /session/cdd305857320dd590ea5bbf59a31d46e/element - {"using":"xpath","value":"//*[@id=\"__link98\"]"}
RESULT: {"using":"xpath","value":"//*[@id=\"__link98\"]"}
COMMAND: POST /session/cdd305857320dd590ea5bbf59a31d46e/element/f.492DEA3F6A95B07ADA96E928C4F8A0EF.d.B355379D4911C98F2DF1BE596C80A7E5.e.10844/click - {}
RESULT: {}
COMMAND: GET /session/cdd305857320dd590ea5bbf59a31d46e/screenshot - {}
COMMAND: POST /session/cdd305857320dd590ea5bbf59a31d46e/execute/async - {"script":"<script> [1562 bytes]","args":[{"selector":{"controlType":"sap.m.Button","viewName":"etm.portal.ui.warehousemovements.view.DisplayMovement","viewId":"application-warehousemovements-display-component---displayMovement","i18NText":{"propertyName":"text","key":"execution"},"interaction":{"idSuffix":"BDI-content"}},"wdio_ui5_key":"etmportal.ui.warehousemovements.view.DisplayMovementsap.m.Button{\"propertyName\":\"text\",\"key\":\"execution\"}"}]}
RESULT: {}
RESULT: {"script":"<script> [1562 bytes]","args":[{"selector":{"controlType":"sap.m.Button","viewName":"etm.portal.ui.warehousemovements.view.DisplayMovement","viewId":"application-warehousemovements-display-component---displayMovement","i18NText":{"propertyName":"text","key":"execution"},"interaction":{"idSuffix":"BDI-content"}},"wdio_ui5_key":"etmportal.ui.warehousemovements.view.DisplayMovementsap.m.Button{\"propertyName\":\"text\",\"key\":\"execution\"}"}]}
RESULT: undefined
COMMAND: POST /session/cdd305857320dd590ea5bbf59a31d46e/element - {"using":"xpath","value":"//*[@id=\"__button247\"]"}
RESULT: {"using":"xpath","value":"//*[@id=\"__button247\"]"}
COMMAND: POST /session/cdd305857320dd590ea5bbf59a31d46e/element/f.492DEA3F6A95B07ADA96E928C4F8A0EF.d.B355379D4911C98F2DF1BE596C80A7E5.e.11004/click - {}
RESULT: {}
COMMAND: GET /session/cdd305857320dd590ea5bbf59a31d46e/screenshot - {}
RESULT: {}
COMMAND: POST /session/cdd305857320dd590ea5bbf59a31d46e/execute/async - {"script":"<script> [1562 bytes]","args":[{"selector":{"controlType":"sap.m.Button","viewName":"etm.portal.ui.warehousemovements.view.ExecuteMovement","viewId":"application-warehousemovements-display-component---executeMovement","properties":{"text":"Items"},"interaction":{"idSuffix":"BDI-content"}},"wdio_ui5_key":"etmportal.ui.warehousemovements.view.ExecuteMovementsap.m.Button{\"text\":\"Items\"}"}]}
RESULT: {"script":"<script> [1562 bytes]","args":[{"selector":{"controlType":"sap.m.Button","viewName":"etm.portal.ui.warehousemovements.view.ExecuteMovement","viewId":"application-warehousemovements-display-component---executeMovement","properties":{"text":"Items"},"interaction":{"idSuffix":"BDI-content"}},"wdio_ui5_key":"etmportal.ui.warehousemovements.view.ExecuteMovementsap.m.Button{\"text\":\"Items\"}"}]}
RESULT: undefined
COMMAND: POST /session/cdd305857320dd590ea5bbf59a31d46e/element - {"using":"xpath","value":"//*[@id=\"__layout379-anchBar-application-warehousemovements-display-component---executeMovement--itemsSection-anchor\"]"}
RESULT: {"using":"xpath","value":"//*[@id=\"__layout379-anchBar-application-warehousemovements-display-component---executeMovement--itemsSection-anchor\"]"}
COMMAND: POST /session/cdd305857320dd590ea5bbf59a31d46e/element/f.492DEA3F6A95B07ADA96E928C4F8A0EF.d.B355379D4911C98F2DF1BE596C80A7E5.e.11099/click - {}
RESULT: {}
COMMAND: GET /session/cdd305857320dd590ea5bbf59a31d46e/screenshot - {}
RESULT: {}
COMMAND: POST /session/cdd305857320dd590ea5bbf59a31d46e/execute/async - {"script":"<script> [1562 bytes]","args":[{"selector":{"controlType":"sap.m.ToggleButton","viewName":"etm.portal.ui.warehousemovements.view.ExecuteMovement","viewId":"application-warehousemovements-display-component---executeMovement","bindingPath":{"propertyPath":"STATUS","modelName":"catalogModel"},"interaction":{"idSuffix":"BDI-content"}},"wdio_ui5_key":"etmportal.ui.warehousemovements.view.ExecuteMovementsap.m.ToggleButton{\"propertyPath\":\"STATUS\",\"modelName\":\"catalogModel\"}"}]}
RESULT: {"script":"<script> [1562 bytes]","args":[{"selector":{"controlType":"sap.m.ToggleButton","viewName":"etm.portal.ui.warehousemovements.view.ExecuteMovement","viewId":"application-warehousemovements-display-component---executeMovement","bindingPath":{"propertyPath":"STATUS","modelName":"catalogModel"},"interaction":{"idSuffix":"BDI-content"}},"wdio_ui5_key":"etmportal.ui.warehousemovements.view.ExecuteMovementsap.m.ToggleButton{\"propertyPath\":\"STATUS\",\"modelName\":\"catalogModel\"}"}]}
RESULT: undefined
COMMAND: POST /session/cdd305857320dd590ea5bbf59a31d46e/element - {"using":"xpath","value":"//*[@id=\"__button272-__clone2904\"]"}
RESULT: {"using":"xpath","value":"//*[@id=\"__button272-__clone2904\"]"}
COMMAND: POST /session/cdd305857320dd590ea5bbf59a31d46e/element/f.492DEA3F6A95B07ADA96E928C4F8A0EF.d.B355379D4911C98F2DF1BE596C80A7E5.e.11078/click - {}
RESULT: {}
RESULT: undefined
COMMAND: POST /session/cdd305857320dd590ea5bbf59a31d46e/element - {"using":"xpath","value":"//*[@id=\"__button272-__clone2904\"]"}
COMMAND: GET /session/cdd305857320dd590ea5bbf59a31d46e/screenshot - {}
RESULT: {"using":"xpath","value":"//*[@id=\"__button272-__clone2904\"]"}
COMMAND: POST /session/cdd305857320dd590ea5bbf59a31d46e/element/f.492DEA3F6A95B07ADA96E928C4F8A0EF.d.B355379D4911C98F2DF1BE596C80A7E5.e.11078/click - {}
RESULT: {}
RESULT: {}
COMMAND: GET /session/cdd305857320dd590ea5bbf59a31d46e/screenshot - {}
RESULT: {}
RESULT: undefined
COMMAND: POST /session/cdd305857320dd590ea5bbf59a31d46e/execute/async - {"script":"<script> [6424 bytes]","args":[{"element-6066-11e4-a52e-4f735466cecf":"f.492DEA3F6A95B07ADA96E928C4F8A0EF.d.B355379D4911C98F2DF1BE596C80A7E5.e.11104"},"getText",[]]}
RESULT: {"script":"<script> [6424 bytes]","args":[{"element-6066-11e4-a52e-4f735466cecf":"f.492DEA3F6A95B07ADA96E928C4F8A0EF.d.B355379D4911C98F2DF1BE596C80A7E5.e.11104"},"getText",[]]}
COMMAND: POST /session/cdd305857320dd590ea5bbf59a31d46e/element - {"using":"xpath","value":"//section[contains(@id,\"FC-NoHead\")]/div[1]/div[5]/div[2]/span"}
RESULT: {"using":"xpath","value":"//section[contains(@id,\"FC-NoHead\")]/div[1]/div[5]/div[2]/span"}
COMMAND: POST /session/cdd305857320dd590ea5bbf59a31d46e/elements - {"using":"xpath","value":"//section[contains(@id,\"FC-NoHead\")]/div[1]/div[5]/div[2]/span"}
RESULT: {"using":"xpath","value":"//section[contains(@id,\"FC-NoHead\")]/div[1]/div[5]/div[2]/span"}
COMMAND: POST /session/cdd305857320dd590ea5bbf59a31d46e/execute/sync - {"script":"<script> [56 bytes]","args":[{"element-6066-11e4-a52e-4f735466cecf":"f.492DEA3F6A95B07ADA96E928C4F8A0EF.d.B355379D4911C98F2DF1BE596C80A7E5.e.11106","ELEMENT":"f.492DEA3F6A95B07ADA96E928C4F8A0EF.d.B355379D4911C98F2DF1BE596C80A7E5.e.11106"}]}
RESULT: {"script":"<script> [56 bytes]","args":[{"element-6066-11e4-a52e-4f735466cecf":"f.492DEA3F6A95B07ADA96E928C4F8A0EF.d.B355379D4911C98F2DF1BE596C80A7E5.e.11106","ELEMENT":"f.492DEA3F6A95B07ADA96E928C4F8A0EF.d.B355379D4911C98F2DF1BE596C80A7E5.e.11106"}]}
COMMAND: POST /session/cdd305857320dd590ea5bbf59a31d46e/actions - {"actions":[{"id":"action34","type":"key","parameters":{},"actions":[{"type":"keyDown","value":""},{"type":"pause","duration":10},{"type":"keyUp","value":""}]}]}
COMMAND: GET /session/cdd305857320dd590ea5bbf59a31d46e/screenshot - {}
RESULT: {"actions":[{"id":"action34","type":"key","parameters":{},"actions":[{"type":"keyDown","value":""},{"type":"pause","duration":10},{"type":"keyUp","value":""}]}]}
COMMAND: POST /session/cdd305857320dd590ea5bbf59a31d46e/execute/async - {"script":"<script> [1562 bytes]","args":[{"selector":{"id":"application-warehousemovements-display-component---executeMovement--executeId","interaction":{"idSuffix":"BDI-content"}},"wdio_ui5_key":"applicationwarehousemovements-display-component---executeMovement--executeId"}]}
COMMAND: GET /session/cdd305857320dd590ea5bbf59a31d46e/screenshot - {}
RESULT: {}
RESULT: {"script":"<script> [1562 bytes]","args":[{"selector":{"id":"application-warehousemovements-display-component---executeMovement--executeId","interaction":{"idSuffix":"BDI-content"}},"wdio_ui5_key":"applicationwarehousemovements-display-component---executeMovement--executeId"}]}
RESULT: undefined
COMMAND: POST /session/cdd305857320dd590ea5bbf59a31d46e/element - {"using":"xpath","value":"//*[@id=\"application-warehousemovements-display-component---executeMovement--executeId\"]"}
RESULT: {}
RESULT: {"using":"xpath","value":"//*[@id=\"application-warehousemovements-display-component---executeMovement--executeId\"]"}
COMMAND: POST /session/cdd305857320dd590ea5bbf59a31d46e/element/f.492DEA3F6A95B07ADA96E928C4F8A0EF.d.B355379D4911C98F2DF1BE596C80A7E5.e.11072/click - {}
RESULT: {}
COMMAND: GET /session/cdd305857320dd590ea5bbf59a31d46e/screenshot - {}
RESULT: {}
COMMAND: POST /session/cdd305857320dd590ea5bbf59a31d46e/element - {"using":"css selector","value":"#shell-header-logo"}
RESULT: {"using":"css selector","value":"#shell-header-logo"}
COMMAND: POST /session/cdd305857320dd590ea5bbf59a31d46e/element/f.492DEA3F6A95B07ADA96E928C4F8A0EF.d.B355379D4911C98F2DF1BE596C80A7E5.e.9857/click - {}
RESULT: {}
COMMAND: GET /session/cdd305857320dd590ea5bbf59a31d46e/screenshot - {}
RESULT: {}
RESULT: undefined
COMMAND: POST /session/cdd305857320dd590ea5bbf59a31d46e/element - {"using":"xpath","value":"//*[@id=\"__tile133\"]"}
RESULT: {"using":"xpath","value":"//*[@id=\"__tile133\"]"}
COMMAND: POST /session/cdd305857320dd590ea5bbf59a31d46e/element/f.492DEA3F6A95B07ADA96E928C4F8A0EF.d.B355379D4911C98F2DF1BE596C80A7E5.e.8259/click - {}
RESULT: {}
COMMAND: GET /session/cdd305857320dd590ea5bbf59a31d46e/screenshot - {}
RESULT: {}
COMMAND: POST /session/cdd305857320dd590ea5bbf59a31d46e/elements - {"using":"xpath","value":"//span[text()='Error']"}
RESULT: {"using":"xpath","value":"//span[text()='Error']"}
COMMAND: POST /session/cdd305857320dd590ea5bbf59a31d46e/execute/async - {"script":"<script> [1562 bytes]","args":[{"selector":{"controlType":"sap.m.SearchField","viewName":"etm.portal.ui.managehandovers.view.MasterHO","bindingPath":{"propertyPath":"/_BASIC_SEARCH_FIELD","modelName":"fi1t3rM0d31"},"interaction":{"idSuffix":"I"}},"wdio_ui5_key":"etmportal.ui.managehandovers.view.MasterHOsap.m.SearchField{\"propertyPath\":\"/_BASIC_SEARCH_FIELD\",\"modelName\":\"fi1t3rM0d31\"}"}]}
RESULT: {"script":"<script> [1562 bytes]","args":[{"selector":{"controlType":"sap.m.SearchField","viewName":"etm.portal.ui.managehandovers.view.MasterHO","bindingPath":{"propertyPath":"/_BASIC_SEARCH_FIELD","modelName":"fi1t3rM0d31"},"interaction":{"idSuffix":"I"}},"wdio_ui5_key":"etmportal.ui.managehandovers.view.MasterHOsap.m.SearchField{\"propertyPath\":\"/_BASIC_SEARCH_FIELD\",\"modelName\":\"fi1t3rM0d31\"}"}]}
RESULT: undefined
COMMAND: POST /session/cdd305857320dd590ea5bbf59a31d46e/execute/async - {"script":"<script> [776 bytes]","args":[{"enterText":"30675","selector":{"controlType":"sap.m.SearchField","viewName":"etm.portal.ui.managehandovers.view.MasterHO","bindingPath":{"propertyPath":"/_BASIC_SEARCH_FIELD","modelName":"fi1t3rM0d31"},"interaction":{"idSuffix":"I"}},"clearTextFirst":true,"interactionType":"ENTER_TEXT"}]}
RESULT: {"script":"<script> [776 bytes]","args":[{"enterText":"30675","selector":{"controlType":"sap.m.SearchField","viewName":"etm.portal.ui.managehandovers.view.MasterHO","bindingPath":{"propertyPath":"/_BASIC_SEARCH_FIELD","modelName":"fi1t3rM0d31"},"interaction":{"idSuffix":"I"}},"clearTextFirst":true,"interactionType":"ENTER_TEXT"}]}
COMMAND: POST /session/cdd305857320dd590ea5bbf59a31d46e/actions - {"actions":[{"id":"action35","type":"key","parameters":{},"actions":[{"type":"keyDown","value":""},{"type":"pause","duration":10},{"type":"keyUp","value":""}]}]}
RESULT: {"actions":[{"id":"action35","type":"key","parameters":{},"actions":[{"type":"keyDown","value":""},{"type":"pause","duration":10},{"type":"keyUp","value":""}]}]}
COMMAND: GET /session/cdd305857320dd590ea5bbf59a31d46e/screenshot - {}
RESULT: {}
COMMAND: POST /session/cdd305857320dd590ea5bbf59a31d46e/execute/async - {"script":"<script> [1562 bytes]","args":[{"selector":{"controlType":"sap.ui.core.Icon","viewName":"etm.portal.ui.managehandovers.view.MasterHO","properties":{"src":{"regex":{"source":"slim\\-arrow\\-right"}}}},"wdio_ui5_key":"etmportal.ui.managehandovers.view.MasterHOsap.ui.core.Icon{\"src\":{\"regex\":{\"source\":\"slim\\\\-arrow\\\\-right\"}}}"}]}
RESULT: {"script":"<script> [1562 bytes]","args":[{"selector":{"controlType":"sap.ui.core.Icon","viewName":"etm.portal.ui.managehandovers.view.MasterHO","properties":{"src":{"regex":{"source":"slim\\-arrow\\-right"}}}},"wdio_ui5_key":"etmportal.ui.managehandovers.view.MasterHOsap.ui.core.Icon{\"src\":{\"regex\":{\"source\":\"slim\\\\-arrow\\\\-right\"}}}"}]}
RESULT: undefined
COMMAND: POST /session/cdd305857320dd590ea5bbf59a31d46e/element - {"using":"xpath","value":"//*[@id=\"__item1520-__clone2985-imgNav\"]"}
RESULT: {"using":"xpath","value":"//*[@id=\"__item1520-__clone2985-imgNav\"]"}
COMMAND: POST /session/cdd305857320dd590ea5bbf59a31d46e/element/f.492DEA3F6A95B07ADA96E928C4F8A0EF.d.B355379D4911C98F2DF1BE596C80A7E5.e.11437/click - {}
RESULT: {}
COMMAND: GET /session/cdd305857320dd590ea5bbf59a31d46e/screenshot - {}
RESULT: {}
COMMAND: POST /session/cdd305857320dd590ea5bbf59a31d46e/execute/async - {"script":"<script> [1562 bytes]","args":[{"selector":{"controlType":"sap.m.Button","viewName":"etm.portal.ui.managehandovers.view.DetailExecuteHO","i18NText":{"propertyName":"text","key":"confirmAll"},"interaction":{"idSuffix":"BDI-content"}},"wdio_ui5_key":"etmportal.ui.managehandovers.view.DetailExecuteHOsap.m.Button{\"propertyName\":\"text\",\"key\":\"confirmAll\"}"}]}
RESULT: {"script":"<script> [1562 bytes]","args":[{"selector":{"controlType":"sap.m.Button","viewName":"etm.portal.ui.managehandovers.view.DetailExecuteHO","i18NText":{"propertyName":"text","key":"confirmAll"},"interaction":{"idSuffix":"BDI-content"}},"wdio_ui5_key":"etmportal.ui.managehandovers.view.DetailExecuteHOsap.m.Button{\"propertyName\":\"text\",\"key\":\"confirmAll\"}"}]}
RESULT: undefined
COMMAND: POST /session/cdd305857320dd590ea5bbf59a31d46e/element - {"using":"xpath","value":"//*[@id=\"__button313\"]"}
RESULT: {"using":"xpath","value":"//*[@id=\"__button313\"]"}
COMMAND: POST /session/cdd305857320dd590ea5bbf59a31d46e/element/f.492DEA3F6A95B07ADA96E928C4F8A0EF.d.B355379D4911C98F2DF1BE596C80A7E5.e.11532/click - {}
RESULT: {}
COMMAND: GET /session/cdd305857320dd590ea5bbf59a31d46e/screenshot - {}
RESULT: {}
COMMAND: POST /session/cdd305857320dd590ea5bbf59a31d46e/actions - {"actions":[{"id":"action36","type":"key","parameters":{},"actions":[{"type":"keyDown","value":""},{"type":"pause","duration":10},{"type":"keyUp","value":""}]}]}
RESULT: {"actions":[{"id":"action36","type":"key","parameters":{},"actions":[{"type":"keyDown","value":""},{"type":"pause","duration":10},{"type":"keyUp","value":""}]}]}
COMMAND: GET /session/cdd305857320dd590ea5bbf59a31d46e/screenshot - {}
RESULT: {}
COMMAND: POST /session/cdd305857320dd590ea5bbf59a31d46e/element - {"using":"xpath","value":"//button[@data-kt=\"execHoIssueButton\"]"}
RESULT: {"using":"xpath","value":"//button[@data-kt=\"execHoIssueButton\"]"}
COMMAND: POST /session/cdd305857320dd590ea5bbf59a31d46e/element/f.492DEA3F6A95B07ADA96E928C4F8A0EF.d.B355379D4911C98F2DF1BE596C80A7E5.e.11540/click - {}
RESULT: {}
COMMAND: GET /session/cdd305857320dd590ea5bbf59a31d46e/screenshot - {}
RESULT: {}
RESULT: undefined
COMMAND: POST /session/cdd305857320dd590ea5bbf59a31d46e/execute/async - {"script":"<script> [776 bytes]","args":[{"enterText":"30675","selector":{"controlType":"sap.m.SearchField","viewName":"etm.portal.ui.managehandovers.view.MasterHO","bindingPath":{"propertyPath":"/_BASIC_SEARCH_FIELD","modelName":"fi1t3rM0d31"},"interaction":{"idSuffix":"I"}},"clearTextFirst":true,"interactionType":"ENTER_TEXT"}]}
RESULT: {"script":"<script> [776 bytes]","args":[{"enterText":"30675","selector":{"controlType":"sap.m.SearchField","viewName":"etm.portal.ui.managehandovers.view.MasterHO","bindingPath":{"propertyPath":"/_BASIC_SEARCH_FIELD","modelName":"fi1t3rM0d31"},"interaction":{"idSuffix":"I"}},"clearTextFirst":true,"interactionType":"ENTER_TEXT"}]}
COMMAND: POST /session/cdd305857320dd590ea5bbf59a31d46e/actions - {"actions":[{"id":"action37","type":"key","parameters":{},"actions":[{"type":"keyDown","value":""},{"type":"pause","duration":10},{"type":"keyUp","value":""}]}]}
RESULT: {"actions":[{"id":"action37","type":"key","parameters":{},"actions":[{"type":"keyDown","value":""},{"type":"pause","duration":10},{"type":"keyUp","value":""}]}]}
COMMAND: GET /session/cdd305857320dd590ea5bbf59a31d46e/screenshot - {}
RESULT: {}
COMMAND: POST /session/cdd305857320dd590ea5bbf59a31d46e/element - {"using":"xpath","value":"//span[(text() = '30675' or . = '30675')]"}
RESULT: {"using":"xpath","value":"//span[(text() = '30675' or . = '30675')]"}
COMMAND: POST /session/cdd305857320dd590ea5bbf59a31d46e/element/f.492DEA3F6A95B07ADA96E928C4F8A0EF.d.B355379D4911C98F2DF1BE596C80A7E5.e.11582/click - {}
RESULT: {}
COMMAND: GET /session/cdd305857320dd590ea5bbf59a31d46e/screenshot - {}
RESULT: {}
COMMAND: POST /session/cdd305857320dd590ea5bbf59a31d46e/element - {"using":"xpath","value":"//span[contains(text(), \"Instructions\")]"}
RESULT: {"using":"xpath","value":"//span[contains(text(), \"Instructions\")]"}
COMMAND: POST /session/cdd305857320dd590ea5bbf59a31d46e/element/f.492DEA3F6A95B07ADA96E928C4F8A0EF.d.B355379D4911C98F2DF1BE596C80A7E5.e.11625/click - {}
RESULT: {}
COMMAND: GET /session/cdd305857320dd590ea5bbf59a31d46e/screenshot - {}
RESULT: {}
COMMAND: POST /session/cdd305857320dd590ea5bbf59a31d46e/element - {"using":"xpath","value":"//span[contains(text(), \"Instructions\")]"}
RESULT: {"using":"xpath","value":"//span[contains(text(), \"Instructions\")]"}
COMMAND: POST /session/cdd305857320dd590ea5bbf59a31d46e/element/f.492DEA3F6A95B07ADA96E928C4F8A0EF.d.B355379D4911C98F2DF1BE596C80A7E5.e.11625/click - {}
RESULT: {}
COMMAND: GET /session/cdd305857320dd590ea5bbf59a31d46e/screenshot - {}
RESULT: {}
COMMAND: POST /session/cdd305857320dd590ea5bbf59a31d46e/execute/async - {"script":"<script> [1562 bytes]","args":[{"selector":{"controlType":"sap.m.ComboBox","viewName":"etm.portal.ui.managehandovers.view.DetailExecuteHO","bindingPath":{"propertyPath":"RECEIVING_SECTION","modelName":"catalogModel"},"interaction":{"idSuffix":"inner"}},"wdio_ui5_key":"etmportal.ui.managehandovers.view.DetailExecuteHOsap.m.ComboBox{\"propertyPath\":\"RECEIVING_SECTION\",\"modelName\":\"catalogModel\"}"}]}
RESULT: {"script":"<script> [1562 bytes]","args":[{"selector":{"controlType":"sap.m.ComboBox","viewName":"etm.portal.ui.managehandovers.view.DetailExecuteHO","bindingPath":{"propertyPath":"RECEIVING_SECTION","modelName":"catalogModel"},"interaction":{"idSuffix":"inner"}},"wdio_ui5_key":"etmportal.ui.managehandovers.view.DetailExecuteHOsap.m.ComboBox{\"propertyPath\":\"RECEIVING_SECTION\",\"modelName\":\"catalogModel\"}"}]}
RESULT: undefined
COMMAND: POST /session/cdd305857320dd590ea5bbf59a31d46e/execute/async - {"script":"<script> [776 bytes]","args":[{"enterText":"WDIO-2182","selector":{"controlType":"sap.m.ComboBox","viewName":"etm.portal.ui.managehandovers.view.DetailExecuteHO","bindingPath":{"propertyPath":"RECEIVING_SECTION","modelName":"catalogModel"},"interaction":{"idSuffix":"inner"}},"clearTextFirst":true,"interactionType":"ENTER_TEXT"}]}
RESULT: {"script":"<script> [776 bytes]","args":[{"enterText":"WDIO-2182","selector":{"controlType":"sap.m.ComboBox","viewName":"etm.portal.ui.managehandovers.view.DetailExecuteHO","bindingPath":{"propertyPath":"RECEIVING_SECTION","modelName":"catalogModel"},"interaction":{"idSuffix":"inner"}},"clearTextFirst":true,"interactionType":"ENTER_TEXT"}]}
COMMAND: POST /session/cdd305857320dd590ea5bbf59a31d46e/actions - {"actions":[{"id":"action38","type":"key","parameters":{},"actions":[{"type":"keyDown","value":""},{"type":"pause","duration":10},{"type":"keyUp","value":""}]}]}
RESULT: {"actions":[{"id":"action38","type":"key","parameters":{},"actions":[{"type":"keyDown","value":""},{"type":"pause","duration":10},{"type":"keyUp","value":""}]}]}
COMMAND: GET /session/cdd305857320dd590ea5bbf59a31d46e/screenshot - {}
RESULT: {}
COMMAND: POST /session/cdd305857320dd590ea5bbf59a31d46e/element - {"using":"xpath","value":"//button[@data-kt= \"execHoReceiveButton\"]"}
RESULT: {"using":"xpath","value":"//button[@data-kt= \"execHoReceiveButton\"]"}
COMMAND: POST /session/cdd305857320dd590ea5bbf59a31d46e/element/f.492DEA3F6A95B07ADA96E928C4F8A0EF.d.B355379D4911C98F2DF1BE596C80A7E5.e.11631/click - {}
RESULT: {}
COMMAND: GET /session/cdd305857320dd590ea5bbf59a31d46e/screenshot - {}
RESULT: {}
COMMAND: POST /session/cdd305857320dd590ea5bbf59a31d46e/execute/async - {"script":"<script> [1562 bytes]","args":[{"selector":{"controlType":"sap.m.Button","properties":{"text":"Continue"},"searchOpenDialogs":true,"interaction":{"idSuffix":"content"}},"wdio_ui5_key":"sapm.Button{\"text\":\"Continue\"}"}]}
RESULT: {"script":"<script> [1562 bytes]","args":[{"selector":{"controlType":"sap.m.Button","properties":{"text":"Continue"},"searchOpenDialogs":true,"interaction":{"idSuffix":"content"}},"wdio_ui5_key":"sapm.Button{\"text\":\"Continue\"}"}]}
RESULT: undefined
COMMAND: POST /session/cdd305857320dd590ea5bbf59a31d46e/element - {"using":"xpath","value":"//*[@id=\"__mbox-btn-6\"]"}
RESULT: {"using":"xpath","value":"//*[@id=\"__mbox-btn-6\"]"}
COMMAND: POST /session/cdd305857320dd590ea5bbf59a31d46e/element/f.492DEA3F6A95B07ADA96E928C4F8A0EF.d.B355379D4911C98F2DF1BE596C80A7E5.e.11632/click - {}
RESULT: {}
COMMAND: GET /session/cdd305857320dd590ea5bbf59a31d46e/screenshot - {}
RESULT: {}
COMMAND: POST /session/cdd305857320dd590ea5bbf59a31d46e/element - {"using":"css selector","value":"#shell-header-logo"}
RESULT: {"using":"css selector","value":"#shell-header-logo"}
COMMAND: POST /session/cdd305857320dd590ea5bbf59a31d46e/element/f.492DEA3F6A95B07ADA96E928C4F8A0EF.d.B355379D4911C98F2DF1BE596C80A7E5.e.11172/click - {}
RESULT: {}
COMMAND: GET /session/cdd305857320dd590ea5bbf59a31d46e/screenshot - {}
RESULT: {}
COMMAND: POST /session/cdd305857320dd590ea5bbf59a31d46e/element - {"using":"css selector","value":"#j_username"}
COMMAND: POST /session/cdd305857320dd590ea5bbf59a31d46e/url - {"url":"https://qa-testing-00-live-etm-ui.cfapps.eu10-004.hana.ondemand.com/"}
RESULT: {"using":"css selector","value":"#j_username"}
COMMAND: POST /session/cdd305857320dd590ea5bbf59a31d46e/element - {"using":"css selector","value":"#j_username"}
RESULT: {"url":"https://qa-testing-00-live-etm-ui.cfapps.eu10-004.hana.ondemand.com/"}
RESULT: undefined
COMMAND: GET /session/cdd305857320dd590ea5bbf59a31d46e/screenshot - {}
RESULT: {"using":"css selector","value":"#j_username"}
COMMAND: POST /session/cdd305857320dd590ea5bbf59a31d46e/element - {"using":"css selector","value":"#shell-header-logo"}
RESULT: {}
RESULT: {"using":"css selector","value":"#shell-header-logo"}
COMMAND: POST /session/cdd305857320dd590ea5bbf59a31d46e/execute/sync - {"script":"<script> [8489 bytes]","args":[{"element-6066-11e4-a52e-4f735466cecf":"f.492DEA3F6A95B07ADA96E928C4F8A0EF.d.C8127BFAE3B22A34830454D12B7EF5E2.e.11696","ELEMENT":"f.492DEA3F6A95B07ADA96E928C4F8A0EF.d.C8127BFAE3B22A34830454D12B7EF5E2.e.11696"}]}
RESULT: {"script":"<script> [8489 bytes]","args":[{"element-6066-11e4-a52e-4f735466cecf":"f.492DEA3F6A95B07ADA96E928C4F8A0EF.d.C8127BFAE3B22A34830454D12B7EF5E2.e.11696","ELEMENT":"f.492DEA3F6A95B07ADA96E928C4F8A0EF.d.C8127BFAE3B22A34830454D12B7EF5E2.e.11696"}]}
COMMAND: POST /session/cdd305857320dd590ea5bbf59a31d46e/element - {"using":"css selector","value":"#shell-header-logo"}
COMMAND: GET /session/cdd305857320dd590ea5bbf59a31d46e/screenshot - {}
RESULT: {"using":"css selector","value":"#shell-header-logo"}
COMMAND: POST /session/cdd305857320dd590ea5bbf59a31d46e/execute/sync - {"script":"<script> [8489 bytes]","args":[{"element-6066-11e4-a52e-4f735466cecf":"f.492DEA3F6A95B07ADA96E928C4F8A0EF.d.C8127BFAE3B22A34830454D12B7EF5E2.e.11696","ELEMENT":"f.492DEA3F6A95B07ADA96E928C4F8A0EF.d.C8127BFAE3B22A34830454D12B7EF5E2.e.11696"}]}
RESULT: {}
RESULT: {"script":"<script> [8489 bytes]","args":[{"element-6066-11e4-a52e-4f735466cecf":"f.492DEA3F6A95B07ADA96E928C4F8A0EF.d.C8127BFAE3B22A34830454D12B7EF5E2.e.11696","ELEMENT":"f.492DEA3F6A95B07ADA96E928C4F8A0EF.d.C8127BFAE3B22A34830454D12B7EF5E2.e.11696"}]}
COMMAND: POST /session/cdd305857320dd590ea5bbf59a31d46e/execute/sync - {"script":"<script> [5351 bytes]","args":[{"element-6066-11e4-a52e-4f735466cecf":"f.492DEA3F6A95B07ADA96E928C4F8A0EF.d.C8127BFAE3B22A34830454D12B7EF5E2.e.11696","ELEMENT":"f.492DEA3F6A95B07ADA96E928C4F8A0EF.d.C8127BFAE3B22A34830454D12B7EF5E2.e.11696"}]}
COMMAND: GET /session/cdd305857320dd590ea5bbf59a31d46e/screenshot - {}
RESULT: {"script":"<script> [5351 bytes]","args":[{"element-6066-11e4-a52e-4f735466cecf":"f.492DEA3F6A95B07ADA96E928C4F8A0EF.d.C8127BFAE3B22A34830454D12B7EF5E2.e.11696","ELEMENT":"f.492DEA3F6A95B07ADA96E928C4F8A0EF.d.C8127BFAE3B22A34830454D12B7EF5E2.e.11696"}]}
COMMAND: POST /session/cdd305857320dd590ea5bbf59a31d46e/element - {"using":"css selector","value":"#shell-header-logo"}
COMMAND: GET /session/cdd305857320dd590ea5bbf59a31d46e/screenshot - {}
RESULT: {}
RESULT: {"using":"css selector","value":"#shell-header-logo"}
COMMAND: POST /session/cdd305857320dd590ea5bbf59a31d46e/element/f.492DEA3F6A95B07ADA96E928C4F8A0EF.d.C8127BFAE3B22A34830454D12B7EF5E2.e.11696/click - {}
RESULT: {}
RESULT: {}
COMMAND: GET /session/cdd305857320dd590ea5bbf59a31d46e/screenshot - {}
RESULT: {}
COMMAND: POST /session/cdd305857320dd590ea5bbf59a31d46e/execute/async - {"script":"<script> [189 bytes]","args":[]}
RESULT: {"script":"<script> [189 bytes]","args":[]}
COMMAND: POST /session/cdd305857320dd590ea5bbf59a31d46e/execute/async - {"script":"<script> [123 bytes]","args":[]}
RESULT: {"script":"<script> [123 bytes]","args":[]}
COMMAND: POST /session/cdd305857320dd590ea5bbf59a31d46e/timeouts - {"script":"<number>"}
RESULT: {"script":"<number>"}
COMMAND: GET /session/cdd305857320dd590ea5bbf59a31d46e/timeouts - {}
RESULT: {}
RESULT: undefined
COMMAND: POST /session/cdd305857320dd590ea5bbf59a31d46e/execute/async - {"script":"<script> [2676 bytes]","args":[]}
RESULT: {"script":"<script> [2676 bytes]","args":[]}
COMMAND: POST /session/cdd305857320dd590ea5bbf59a31d46e/execute/async - {"script":"<script> [2342 bytes]","args":[{"protocol":"http","hostname":"0.0.0.0","path":"/","capabilities":{"browserName":"chrome","goog:chromeOptions":{"binary":"C:\\Program Files\\Google\\Chrome\\Application\\chrome.exe","args":["--start-maximized"]}},"logLevel":"warn","connectionRetryTimeout":120000,"connectionRetryCount":3,"logLevels":{},"enableDirectConnect":true,"strictSSL":true,"_":"65 more keys: [\"cacheDir\",\"port\",\"requestedCapabilities\",\"automationProtocol\",\"baseUrl\",\"waitforInterval\",\"waitforTimeout\",\"onReload\",\"beforeCommand\",\"afterCommand\",\"rootDir\",\"specs\",\"suites\",\"exclude\",\"groupLogsByTestSpec\",\"excludeDriverLogs\",\"bail\",\"framework\",\"reporters\",\"services\",\"maxInstances\",\"maxInstancesPerCapability\",\"injectGlobals\",\"filesToWatch\",\"execArgv\",\"runnerEnv\",\"runner\",\"shard\",\"specFileRetries\",\"specFileRetriesDelay\",\"specFileRetriesDeferred\",\"reporterSyncInterval\",\"reporterSyncTimeout\",\"cucumberFeaturesWithLineNumbers\",\"autoCompileOpts\",\"mochaOpts\",\"jasmineOpts\",\"cucumberOpts\",\"onPrepare\",\"onWorkerStart\",\"onWorkerEnd\",\"before\",\"beforeSession\",\"beforeSuite\",\"beforeHook\",\"beforeTest\",\"afterTest\",\"afterHook\",\"afterSuite\",\"afterSession\",\"after\",\"onComplete\",\"beforeAssertion\",\"afterAssertion\",\"beforeFeature\",\"beforeScenario\",\"beforeStep\",\"afterStep\",\"afterScenario\",\"afterFeature\",\"_\",\"suite\",\"$0\",\"ignoredWorkerServices\",\"wdi5\"]"}]}
RESULT: {"script":"<script> [2342 bytes]","args":[{"protocol":"http","hostname":"0.0.0.0","path":"/","capabilities":{"browserName":"chrome","goog:chromeOptions":{"binary":"C:\\Program Files\\Google\\Chrome\\Application\\chrome.exe","args":["--start-maximized"]}},"logLevel":"warn","connectionRetryTimeout":120000,"connectionRetryCount":3,"logLevels":{},"enableDirectConnect":true,"strictSSL":true,"_":"65 more keys: [\"cacheDir\",\"port\",\"requestedCapabilities\",\"automationProtocol\",\"baseUrl\",\"waitforInterval\",\"waitforTimeout\",\"onReload\",\"beforeCommand\",\"afterCommand\",\"rootDir\",\"specs\",\"suites\",\"exclude\",\"groupLogsByTestSpec\",\"excludeDriverLogs\",\"bail\",\"framework\",\"reporters\",\"services\",\"maxInstances\",\"maxInstancesPerCapability\",\"injectGlobals\",\"filesToWatch\",\"execArgv\",\"runnerEnv\",\"runner\",\"shard\",\"specFileRetries\",\"specFileRetriesDelay\",\"specFileRetriesDeferred\",\"reporterSyncInterval\",\"reporterSyncTimeout\",\"cucumberFeaturesWithLineNumbers\",\"autoCompileOpts\",\"mochaOpts\",\"jasmineOpts\",\"cucumberOpts\",\"onPrepare\",\"onWorkerStart\",\"onWorkerEnd\",\"before\",\"beforeSession\",\"beforeSuite\",\"beforeHook\",\"beforeTest\",\"afterTest\",\"afterHook\",\"afterSuite\",\"afterSession\",\"after\",\"onComplete\",\"beforeAssertion\",\"afterAssertion\",\"beforeFeature\",\"beforeScenario\",\"beforeStep\",\"afterStep\",\"afterScenario\",\"afterFeature\",\"_\",\"suite\",\"$0\",\"ignoredWorkerServices\",\"wdi5\"]"}]}
COMMAND: POST /session/cdd305857320dd590ea5bbf59a31d46e/execute/async - {"script":"<script> [21126 bytes]","args":[35000]}
RESULT: {"script":"<script> [21126 bytes]","args":[35000]}
COMMAND: POST /session/cdd305857320dd590ea5bbf59a31d46e/window/maximize - {}
RESULT: {}
COMMAND: POST /session/cdd305857320dd590ea5bbf59a31d46e/execute/async - {"script":"<script> [1562 bytes]","args":[{"selector":{"id":"shell-header","interaction":{"idSuffix":"icon"}},"wdio_ui5_key":"shellheader"}]}
COMMAND: GET /session/cdd305857320dd590ea5bbf59a31d46e/screenshot - {}
RESULT: {"script":"<script> [1562 bytes]","args":[{"selector":{"id":"shell-header","interaction":{"idSuffix":"icon"}},"wdio_ui5_key":"shellheader"}]}
RESULT: undefined
COMMAND: POST /session/cdd305857320dd590ea5bbf59a31d46e/window/fullscreen - {}
RESULT: {}
RESULT: {}
]]></system-out>
    </testcase>
  </testsuite>
  <testsuite timestamp="2025-05-27T16:50:59" time="523.956" tests="4" failures="0" errors="0" skipped="0">
    <properties>
      <property name="specId" value="0"/>
      <property name="suiteName" value="Provide to Site w/o warehouse management w/ clarification US116605"/>
      <property name="capabilities" value="chrome.136_0_7103_93.windows"/>
      <property name="file" value="file:///D:/a/1/s/test/specs/HTR/provide-to-site-wo-warehouse-w-clarification.spec.js"/>
    </properties>
    <testcase classname="chrome.136_0_7103_93.windows.Provide_to_Site_w/o_warehouse_management_w/_clarification_US116605" name="Should create a new yard" time="125.415">
      <system-out><![CDATA[
COMMAND: POST /session/cdd305857320dd590ea5bbf59a31d46e/window/fullscreen - {}
RESULT: {}
COMMAND: POST /session/cdd305857320dd590ea5bbf59a31d46e/execute/async - {"script":"<script> [1562 bytes]","args":[{"selector":{"controlType":"sap.m.GenericTile","properties":{"header":"Manage Yards"}},"wdio_ui5_key":"sapm.GenericTile{\"header\":\"Manage Yards\"}"}]}
RESULT: {"script":"<script> [1562 bytes]","args":[{"selector":{"controlType":"sap.m.GenericTile","properties":{"header":"Manage Yards"}},"wdio_ui5_key":"sapm.GenericTile{\"header\":\"Manage Yards\"}"}]}
RESULT: undefined
COMMAND: POST /session/cdd305857320dd590ea5bbf59a31d46e/element - {"using":"xpath","value":"//*[@id=\"__tile33\"]"}
RESULT: {"using":"xpath","value":"//*[@id=\"__tile33\"]"}
COMMAND: POST /session/cdd305857320dd590ea5bbf59a31d46e/element/f.492DEA3F6A95B07ADA96E928C4F8A0EF.d.C8127BFAE3B22A34830454D12B7EF5E2.e.11727/click - {}
RESULT: {}
COMMAND: GET /session/cdd305857320dd590ea5bbf59a31d46e/screenshot - {}
RESULT: {}
COMMAND: POST /session/cdd305857320dd590ea5bbf59a31d46e/elements - {"using":"xpath","value":"//span[text()='Error']"}
RESULT: {"using":"xpath","value":"//span[text()='Error']"}
COMMAND: POST /session/cdd305857320dd590ea5bbf59a31d46e/element - {"using":"xpath","value":"//button[@data-kt=\"addNewYardOverflowToolbarButton\"]"}
RESULT: {"using":"xpath","value":"//button[@data-kt=\"addNewYardOverflowToolbarButton\"]"}
COMMAND: POST /session/cdd305857320dd590ea5bbf59a31d46e/elements - {"using":"xpath","value":"//button[@data-kt=\"addNewYardOverflowToolbarButton\"]"}
RESULT: {"using":"xpath","value":"//button[@data-kt=\"addNewYardOverflowToolbarButton\"]"}
COMMAND: POST /session/cdd305857320dd590ea5bbf59a31d46e/execute/sync - {"script":"<script> [8489 bytes]","args":[{"element-6066-11e4-a52e-4f735466cecf":"f.492DEA3F6A95B07ADA96E928C4F8A0EF.d.C8127BFAE3B22A34830454D12B7EF5E2.e.11863","ELEMENT":"f.492DEA3F6A95B07ADA96E928C4F8A0EF.d.C8127BFAE3B22A34830454D12B7EF5E2.e.11863"}]}
RESULT: {"script":"<script> [8489 bytes]","args":[{"element-6066-11e4-a52e-4f735466cecf":"f.492DEA3F6A95B07ADA96E928C4F8A0EF.d.C8127BFAE3B22A34830454D12B7EF5E2.e.11863","ELEMENT":"f.492DEA3F6A95B07ADA96E928C4F8A0EF.d.C8127BFAE3B22A34830454D12B7EF5E2.e.11863"}]}
COMMAND: GET /session/cdd305857320dd590ea5bbf59a31d46e/element/f.492DEA3F6A95B07ADA96E928C4F8A0EF.d.C8127BFAE3B22A34830454D12B7EF5E2.e.11863/enabled - {}
COMMAND: GET /session/cdd305857320dd590ea5bbf59a31d46e/screenshot - {}
RESULT: {}
COMMAND: POST /session/cdd305857320dd590ea5bbf59a31d46e/execute/sync - {"script":"<script> [8489 bytes]","args":[{"element-6066-11e4-a52e-4f735466cecf":"f.492DEA3F6A95B07ADA96E928C4F8A0EF.d.C8127BFAE3B22A34830454D12B7EF5E2.e.11863","ELEMENT":"f.492DEA3F6A95B07ADA96E928C4F8A0EF.d.C8127BFAE3B22A34830454D12B7EF5E2.e.11863"}]}
COMMAND: GET /session/cdd305857320dd590ea5bbf59a31d46e/screenshot - {}
RESULT: {}
RESULT: {"script":"<script> [8489 bytes]","args":[{"element-6066-11e4-a52e-4f735466cecf":"f.492DEA3F6A95B07ADA96E928C4F8A0EF.d.C8127BFAE3B22A34830454D12B7EF5E2.e.11863","ELEMENT":"f.492DEA3F6A95B07ADA96E928C4F8A0EF.d.C8127BFAE3B22A34830454D12B7EF5E2.e.11863"}]}
COMMAND: POST /session/cdd305857320dd590ea5bbf59a31d46e/execute/sync - {"script":"<script> [5351 bytes]","args":[{"element-6066-11e4-a52e-4f735466cecf":"f.492DEA3F6A95B07ADA96E928C4F8A0EF.d.C8127BFAE3B22A34830454D12B7EF5E2.e.11863","ELEMENT":"f.492DEA3F6A95B07ADA96E928C4F8A0EF.d.C8127BFAE3B22A34830454D12B7EF5E2.e.11863"}]}
COMMAND: GET /session/cdd305857320dd590ea5bbf59a31d46e/screenshot - {}
RESULT: {}
RESULT: {"script":"<script> [5351 bytes]","args":[{"element-6066-11e4-a52e-4f735466cecf":"f.492DEA3F6A95B07ADA96E928C4F8A0EF.d.C8127BFAE3B22A34830454D12B7EF5E2.e.11863","ELEMENT":"f.492DEA3F6A95B07ADA96E928C4F8A0EF.d.C8127BFAE3B22A34830454D12B7EF5E2.e.11863"}]}
COMMAND: POST /session/cdd305857320dd590ea5bbf59a31d46e/element/f.492DEA3F6A95B07ADA96E928C4F8A0EF.d.C8127BFAE3B22A34830454D12B7EF5E2.e.11863/click - {}
COMMAND: GET /session/cdd305857320dd590ea5bbf59a31d46e/screenshot - {}
RESULT: {}
RESULT: {}
COMMAND: GET /session/cdd305857320dd590ea5bbf59a31d46e/screenshot - {}
RESULT: {}
COMMAND: POST /session/cdd305857320dd590ea5bbf59a31d46e/element - {"using":"xpath","value":"//input[@id=\"application-manageyards-display-component---NewYard--yardId-inner\"]"}
RESULT: {}
RESULT: {"using":"xpath","value":"//input[@id=\"application-manageyards-display-component---NewYard--yardId-inner\"]"}
COMMAND: POST /session/cdd305857320dd590ea5bbf59a31d46e/element - {"using":"xpath","value":"//input[@id=\"application-manageyards-display-component---NewYard--yardId-inner\"]"}
RESULT: {"using":"xpath","value":"//input[@id=\"application-manageyards-display-component---NewYard--yardId-inner\"]"}
COMMAND: POST /session/cdd305857320dd590ea5bbf59a31d46e/execute/async - {"script":"<script> [1562 bytes]","args":[{"selector":{"id":"application-manageyards-display-component---NewYard--addressDetailDetailsName1","interaction":{"idSuffix":"inner"}},"wdio_ui5_key":"applicationmanageyards-display-component---NewYard--addressDetailDetailsName1"}]}
RESULT: {"script":"<script> [1562 bytes]","args":[{"selector":{"id":"application-manageyards-display-component---NewYard--addressDetailDetailsName1","interaction":{"idSuffix":"inner"}},"wdio_ui5_key":"applicationmanageyards-display-component---NewYard--addressDetailDetailsName1"}]}
RESULT: undefined
COMMAND: POST /session/cdd305857320dd590ea5bbf59a31d46e/execute/async - {"script":"<script> [776 bytes]","args":[{"enterText":"Other Yard WDIO","selector":{"id":"application-manageyards-display-component---NewYard--addressDetailDetailsName1","interaction":{"idSuffix":"inner"}},"clearTextFirst":true,"interactionType":"ENTER_TEXT"}]}
RESULT: {"script":"<script> [776 bytes]","args":[{"enterText":"Other Yard WDIO","selector":{"id":"application-manageyards-display-component---NewYard--addressDetailDetailsName1","interaction":{"idSuffix":"inner"}},"clearTextFirst":true,"interactionType":"ENTER_TEXT"}]}
COMMAND: POST /session/cdd305857320dd590ea5bbf59a31d46e/execute/async - {"script":"<script> [1562 bytes]","args":[{"selector":{"id":"application-manageyards-display-component---NewYard--addressDetailDetailsLanguage-arrow"},"wdio_ui5_key":"applicationmanageyards-display-component---NewYard--addressDetailDetailsLanguage-arrow"}]}
RESULT: {"script":"<script> [1562 bytes]","args":[{"selector":{"id":"application-manageyards-display-component---NewYard--addressDetailDetailsLanguage-arrow"},"wdio_ui5_key":"applicationmanageyards-display-component---NewYard--addressDetailDetailsLanguage-arrow"}]}
RESULT: undefined
COMMAND: POST /session/cdd305857320dd590ea5bbf59a31d46e/element - {"using":"xpath","value":"//*[@id=\"application-manageyards-display-component---NewYard--addressDetailDetailsLanguage-arrow\"]"}
RESULT: {"using":"xpath","value":"//*[@id=\"application-manageyards-display-component---NewYard--addressDetailDetailsLanguage-arrow\"]"}
COMMAND: POST /session/cdd305857320dd590ea5bbf59a31d46e/element/f.492DEA3F6A95B07ADA96E928C4F8A0EF.d.C8127BFAE3B22A34830454D12B7EF5E2.e.12283/click - {}
RESULT: {}
COMMAND: POST /session/cdd305857320dd590ea5bbf59a31d46e/element - {"using":"xpath","value":"//span[contains(text(), \"English\")]"}
COMMAND: GET /session/cdd305857320dd590ea5bbf59a31d46e/screenshot - {}
RESULT: {"using":"xpath","value":"//span[contains(text(), \"English\")]"}
COMMAND: POST /session/cdd305857320dd590ea5bbf59a31d46e/element/f.492DEA3F6A95B07ADA96E928C4F8A0EF.d.C8127BFAE3B22A34830454D12B7EF5E2.e.12284/click - {}
RESULT: {}
RESULT: {}
COMMAND: POST /session/cdd305857320dd590ea5bbf59a31d46e/execute/async - {"script":"<script> [1562 bytes]","args":[{"selector":{"id":"application-manageyards-display-component---NewYard--addressDetailDetailsCity1","interaction":{"idSuffix":"inner"}},"wdio_ui5_key":"applicationmanageyards-display-component---NewYard--addressDetailDetailsCity1"}]}
COMMAND: GET /session/cdd305857320dd590ea5bbf59a31d46e/screenshot - {}
RESULT: {"script":"<script> [1562 bytes]","args":[{"selector":{"id":"application-manageyards-display-component---NewYard--addressDetailDetailsCity1","interaction":{"idSuffix":"inner"}},"wdio_ui5_key":"applicationmanageyards-display-component---NewYard--addressDetailDetailsCity1"}]}
RESULT: undefined
COMMAND: POST /session/cdd305857320dd590ea5bbf59a31d46e/execute/async - {"script":"<script> [776 bytes]","args":[{"enterText":"Rosario","selector":{"id":"application-manageyards-display-component---NewYard--addressDetailDetailsCity1","interaction":{"idSuffix":"inner"}},"clearTextFirst":true,"interactionType":"ENTER_TEXT"}]}
RESULT: {}
RESULT: {"script":"<script> [776 bytes]","args":[{"enterText":"Rosario","selector":{"id":"application-manageyards-display-component---NewYard--addressDetailDetailsCity1","interaction":{"idSuffix":"inner"}},"clearTextFirst":true,"interactionType":"ENTER_TEXT"}]}
COMMAND: POST /session/cdd305857320dd590ea5bbf59a31d46e/execute/async - {"script":"<script> [1562 bytes]","args":[{"selector":{"id":"application-manageyards-display-component---NewYard--addressDetailDetailsCountry-arrow"},"wdio_ui5_key":"applicationmanageyards-display-component---NewYard--addressDetailDetailsCountry-arrow"}]}
RESULT: {"script":"<script> [1562 bytes]","args":[{"selector":{"id":"application-manageyards-display-component---NewYard--addressDetailDetailsCountry-arrow"},"wdio_ui5_key":"applicationmanageyards-display-component---NewYard--addressDetailDetailsCountry-arrow"}]}
RESULT: undefined
COMMAND: POST /session/cdd305857320dd590ea5bbf59a31d46e/element - {"using":"xpath","value":"//*[@id=\"application-manageyards-display-component---NewYard--addressDetailDetailsCountry-arrow\"]"}
RESULT: {"using":"xpath","value":"//*[@id=\"application-manageyards-display-component---NewYard--addressDetailDetailsCountry-arrow\"]"}
COMMAND: POST /session/cdd305857320dd590ea5bbf59a31d46e/element/f.492DEA3F6A95B07ADA96E928C4F8A0EF.d.C8127BFAE3B22A34830454D12B7EF5E2.e.12286/click - {}
RESULT: {}
COMMAND: POST /session/cdd305857320dd590ea5bbf59a31d46e/element - {"using":"xpath","value":"//span[contains(text(), \"Argentina\")]"}
COMMAND: GET /session/cdd305857320dd590ea5bbf59a31d46e/screenshot - {}
RESULT: {"using":"xpath","value":"//span[contains(text(), \"Argentina\")]"}
COMMAND: POST /session/cdd305857320dd590ea5bbf59a31d46e/element/f.492DEA3F6A95B07ADA96E928C4F8A0EF.d.C8127BFAE3B22A34830454D12B7EF5E2.e.12287/click - {}
RESULT: {}
RESULT: {}
COMMAND: POST /session/cdd305857320dd590ea5bbf59a31d46e/execute/async - {"script":"<script> [1562 bytes]","args":[{"selector":{"id":"application-manageyards-display-component---NewYard--addressEditDetailsCostObjectCstType-arrow"},"wdio_ui5_key":"applicationmanageyards-display-component---NewYard--addressEditDetailsCostObjectCstType-arrow"}]}
COMMAND: GET /session/cdd305857320dd590ea5bbf59a31d46e/screenshot - {}
RESULT: {"script":"<script> [1562 bytes]","args":[{"selector":{"id":"application-manageyards-display-component---NewYard--addressEditDetailsCostObjectCstType-arrow"},"wdio_ui5_key":"applicationmanageyards-display-component---NewYard--addressEditDetailsCostObjectCstType-arrow"}]}
RESULT: undefined
COMMAND: POST /session/cdd305857320dd590ea5bbf59a31d46e/element - {"using":"xpath","value":"//*[@id=\"application-manageyards-display-component---NewYard--addressEditDetailsCostObjectCstType-arrow\"]"}
RESULT: {}
RESULT: {"using":"xpath","value":"//*[@id=\"application-manageyards-display-component---NewYard--addressEditDetailsCostObjectCstType-arrow\"]"}
COMMAND: POST /session/cdd305857320dd590ea5bbf59a31d46e/element/f.492DEA3F6A95B07ADA96E928C4F8A0EF.d.C8127BFAE3B22A34830454D12B7EF5E2.e.12289/click - {}
RESULT: {}
COMMAND: POST /session/cdd305857320dd590ea5bbf59a31d46e/element - {"using":"xpath","value":"//span[contains(text(), \"Cost Center\")]"}
COMMAND: GET /session/cdd305857320dd590ea5bbf59a31d46e/screenshot - {}
RESULT: {"using":"xpath","value":"//span[contains(text(), \"Cost Center\")]"}
COMMAND: POST /session/cdd305857320dd590ea5bbf59a31d46e/element/f.492DEA3F6A95B07ADA96E928C4F8A0EF.d.C8127BFAE3B22A34830454D12B7EF5E2.e.12290/click - {}
RESULT: {}
RESULT: {}
COMMAND: GET /session/cdd305857320dd590ea5bbf59a31d46e/screenshot - {}
RESULT: {}
COMMAND: POST /session/cdd305857320dd590ea5bbf59a31d46e/element - {"using":"xpath","value":"//span[@id=\"application-manageyards-display-component---NewYard--addressNewCostObjectCstID-vhi\"]"}
RESULT: {"using":"xpath","value":"//span[@id=\"application-manageyards-display-component---NewYard--addressNewCostObjectCstID-vhi\"]"}
COMMAND: POST /session/cdd305857320dd590ea5bbf59a31d46e/execute/sync - {"script":"<script> [8489 bytes]","args":[{"element-6066-11e4-a52e-4f735466cecf":"f.492DEA3F6A95B07ADA96E928C4F8A0EF.d.C8127BFAE3B22A34830454D12B7EF5E2.e.12294","ELEMENT":"f.492DEA3F6A95B07ADA96E928C4F8A0EF.d.C8127BFAE3B22A34830454D12B7EF5E2.e.12294"}]}
RESULT: {"script":"<script> [8489 bytes]","args":[{"element-6066-11e4-a52e-4f735466cecf":"f.492DEA3F6A95B07ADA96E928C4F8A0EF.d.C8127BFAE3B22A34830454D12B7EF5E2.e.12294","ELEMENT":"f.492DEA3F6A95B07ADA96E928C4F8A0EF.d.C8127BFAE3B22A34830454D12B7EF5E2.e.12294"}]}
COMMAND: POST /session/cdd305857320dd590ea5bbf59a31d46e/execute/async - {"script":"<script> [1562 bytes]","args":[{"selector":{"id":"application-manageyards-display-component---NewYard--addressNewCostObjectCstID-vhi"},"wdio_ui5_key":"applicationmanageyards-display-component---NewYard--addressNewCostObjectCstID-vhi"}]}
COMMAND: GET /session/cdd305857320dd590ea5bbf59a31d46e/screenshot - {}
RESULT: {"script":"<script> [1562 bytes]","args":[{"selector":{"id":"application-manageyards-display-component---NewYard--addressNewCostObjectCstID-vhi"},"wdio_ui5_key":"applicationmanageyards-display-component---NewYard--addressNewCostObjectCstID-vhi"}]}
RESULT: undefined
COMMAND: POST /session/cdd305857320dd590ea5bbf59a31d46e/element - {"using":"xpath","value":"//*[@id=\"application-manageyards-display-component---NewYard--addressNewCostObjectCstID-vhi\"]"}
RESULT: {}
RESULT: {"using":"xpath","value":"//*[@id=\"application-manageyards-display-component---NewYard--addressNewCostObjectCstID-vhi\"]"}
COMMAND: POST /session/cdd305857320dd590ea5bbf59a31d46e/element/f.492DEA3F6A95B07ADA96E928C4F8A0EF.d.C8127BFAE3B22A34830454D12B7EF5E2.e.12294/click - {}
RESULT: {}
COMMAND: GET /session/cdd305857320dd590ea5bbf59a31d46e/screenshot - {}
RESULT: {}
COMMAND: POST /session/cdd305857320dd590ea5bbf59a31d46e/execute/async - {"script":"<script> [1562 bytes]","args":[{"selector":{"controlType":"sap.m.SearchField","properties":{"placeholder":"Search"},"searchOpenDialogs":true,"interaction":{"idSuffix":"I"}},"wdio_ui5_key":"sapm.SearchField{\"placeholder\":\"Search\"}"}]}
RESULT: {"script":"<script> [1562 bytes]","args":[{"selector":{"controlType":"sap.m.SearchField","properties":{"placeholder":"Search"},"searchOpenDialogs":true,"interaction":{"idSuffix":"I"}},"wdio_ui5_key":"sapm.SearchField{\"placeholder\":\"Search\"}"}]}
RESULT: undefined
COMMAND: POST /session/cdd305857320dd590ea5bbf59a31d46e/execute/async - {"script":"<script> [776 bytes]","args":[{"enterText":"bauh_b","selector":{"controlType":"sap.m.SearchField","properties":{"placeholder":"Search"},"searchOpenDialogs":true,"interaction":{"idSuffix":"I"}},"clearTextFirst":true,"interactionType":"ENTER_TEXT"}]}
RESULT: {"script":"<script> [776 bytes]","args":[{"enterText":"bauh_b","selector":{"controlType":"sap.m.SearchField","properties":{"placeholder":"Search"},"searchOpenDialogs":true,"interaction":{"idSuffix":"I"}},"clearTextFirst":true,"interactionType":"ENTER_TEXT"}]}
COMMAND: POST /session/cdd305857320dd590ea5bbf59a31d46e/actions - {"actions":[{"id":"action39","type":"key","parameters":{},"actions":[{"type":"keyDown","value":""},{"type":"pause","duration":10},{"type":"keyUp","value":""}]}]}
RESULT: {"actions":[{"id":"action39","type":"key","parameters":{},"actions":[{"type":"keyDown","value":""},{"type":"pause","duration":10},{"type":"keyUp","value":""}]}]}
COMMAND: GET /session/cdd305857320dd590ea5bbf59a31d46e/screenshot - {}
RESULT: {}
COMMAND: POST /session/cdd305857320dd590ea5bbf59a31d46e/element - {"using":"xpath","value":"//span[contains(text(), \"Demo Yard\")]"}
RESULT: {"using":"xpath","value":"//span[contains(text(), \"Demo Yard\")]"}
COMMAND: POST /session/cdd305857320dd590ea5bbf59a31d46e/element/f.492DEA3F6A95B07ADA96E928C4F8A0EF.d.C8127BFAE3B22A34830454D12B7EF5E2.e.12334/click - {}
RESULT: {}
COMMAND: GET /session/cdd305857320dd590ea5bbf59a31d46e/screenshot - {}
RESULT: {}
COMMAND: POST /session/cdd305857320dd590ea5bbf59a31d46e/element - {"using":"xpath","value":"//bdi[contains(text(), \"OK\")]"}
RESULT: {"using":"xpath","value":"//bdi[contains(text(), \"OK\")]"}
COMMAND: POST /session/cdd305857320dd590ea5bbf59a31d46e/element/f.492DEA3F6A95B07ADA96E928C4F8A0EF.d.C8127BFAE3B22A34830454D12B7EF5E2.e.12335/click - {}
RESULT: {}
COMMAND: GET /session/cdd305857320dd590ea5bbf59a31d46e/screenshot - {}
RESULT: {}
COMMAND: POST /session/cdd305857320dd590ea5bbf59a31d46e/execute/async - {"script":"<script> [1562 bytes]","args":[{"selector":{"id":"application-manageyards-display-component---NewYard--addressEditDetailsCurrency-arrow"},"wdio_ui5_key":"applicationmanageyards-display-component---NewYard--addressEditDetailsCurrency-arrow"}]}
RESULT: {"script":"<script> [1562 bytes]","args":[{"selector":{"id":"application-manageyards-display-component---NewYard--addressEditDetailsCurrency-arrow"},"wdio_ui5_key":"applicationmanageyards-display-component---NewYard--addressEditDetailsCurrency-arrow"}]}
RESULT: undefined
COMMAND: POST /session/cdd305857320dd590ea5bbf59a31d46e/element - {"using":"xpath","value":"//*[@id=\"application-manageyards-display-component---NewYard--addressEditDetailsCurrency-arrow\"]"}
RESULT: {"using":"xpath","value":"//*[@id=\"application-manageyards-display-component---NewYard--addressEditDetailsCurrency-arrow\"]"}
COMMAND: POST /session/cdd305857320dd590ea5bbf59a31d46e/element/f.492DEA3F6A95B07ADA96E928C4F8A0EF.d.C8127BFAE3B22A34830454D12B7EF5E2.e.12338/click - {}
RESULT: {}
COMMAND: POST /session/cdd305857320dd590ea5bbf59a31d46e/element - {"using":"xpath","value":"//span[contains(text(), \"Euro\")]"}
COMMAND: GET /session/cdd305857320dd590ea5bbf59a31d46e/screenshot - {}
RESULT: {"using":"xpath","value":"//span[contains(text(), \"Euro\")]"}
COMMAND: POST /session/cdd305857320dd590ea5bbf59a31d46e/element/f.492DEA3F6A95B07ADA96E928C4F8A0EF.d.C8127BFAE3B22A34830454D12B7EF5E2.e.12339/click - {}
RESULT: {}
RESULT: {}
COMMAND: POST /session/cdd305857320dd590ea5bbf59a31d46e/execute/async - {"script":"<script> [1562 bytes]","args":[{"selector":{"controlType":"sap.m.Input","viewName":"etm.portal.ui.manageyards.view.New","viewId":"application-manageyards-display-component---NewYard","bindingPath":{"path":"","propertyPath":"/CONTROLLING_AREA","modelName":"NewYardModel"},"interaction":{"idSuffix":"inner"}},"wdio_ui5_key":"etmportal.ui.manageyards.view.Newsap.m.Input{\"path\":\"\",\"propertyPath\":\"/CONTROLLING_AREA\",\"modelName\":\"NewYardModel\"}"}]}
COMMAND: GET /session/cdd305857320dd590ea5bbf59a31d46e/screenshot - {}
RESULT: {"script":"<script> [1562 bytes]","args":[{"selector":{"controlType":"sap.m.Input","viewName":"etm.portal.ui.manageyards.view.New","viewId":"application-manageyards-display-component---NewYard","bindingPath":{"path":"","propertyPath":"/CONTROLLING_AREA","modelName":"NewYardModel"},"interaction":{"idSuffix":"inner"}},"wdio_ui5_key":"etmportal.ui.manageyards.view.Newsap.m.Input{\"path\":\"\",\"propertyPath\":\"/CONTROLLING_AREA\",\"modelName\":\"NewYardModel\"}"}]}
RESULT: undefined
COMMAND: POST /session/cdd305857320dd590ea5bbf59a31d46e/execute/async - {"script":"<script> [776 bytes]","args":[{"enterText":"Z001","selector":{"controlType":"sap.m.Input","viewName":"etm.portal.ui.manageyards.view.New","viewId":"application-manageyards-display-component---NewYard","bindingPath":{"path":"","propertyPath":"/CONTROLLING_AREA","modelName":"NewYardModel"},"interaction":{"idSuffix":"inner"}},"clearTextFirst":true,"interactionType":"ENTER_TEXT"}]}
RESULT: {}
RESULT: {"script":"<script> [776 bytes]","args":[{"enterText":"Z001","selector":{"controlType":"sap.m.Input","viewName":"etm.portal.ui.manageyards.view.New","viewId":"application-manageyards-display-component---NewYard","bindingPath":{"path":"","propertyPath":"/CONTROLLING_AREA","modelName":"NewYardModel"},"interaction":{"idSuffix":"inner"}},"clearTextFirst":true,"interactionType":"ENTER_TEXT"}]}
COMMAND: POST /session/cdd305857320dd590ea5bbf59a31d46e/execute/async - {"script":"<script> [1562 bytes]","args":[{"selector":{"id":"application-manageyards-display-component---NewYard--companyCodeComboBox","interaction":{"idSuffix":"inner"}},"wdio_ui5_key":"applicationmanageyards-display-component---NewYard--companyCodeComboBox"}]}
RESULT: {"script":"<script> [1562 bytes]","args":[{"selector":{"id":"application-manageyards-display-component---NewYard--companyCodeComboBox","interaction":{"idSuffix":"inner"}},"wdio_ui5_key":"applicationmanageyards-display-component---NewYard--companyCodeComboBox"}]}
RESULT: undefined
COMMAND: POST /session/cdd305857320dd590ea5bbf59a31d46e/execute/async - {"script":"<script> [776 bytes]","args":[{"enterText":"1000","selector":{"id":"application-manageyards-display-component---NewYard--companyCodeComboBox","interaction":{"idSuffix":"inner"}},"clearTextFirst":true,"interactionType":"ENTER_TEXT"}]}
RESULT: {"script":"<script> [776 bytes]","args":[{"enterText":"1000","selector":{"id":"application-manageyards-display-component---NewYard--companyCodeComboBox","interaction":{"idSuffix":"inner"}},"clearTextFirst":true,"interactionType":"ENTER_TEXT"}]}
COMMAND: POST /session/cdd305857320dd590ea5bbf59a31d46e/execute/async - {"script":"<script> [1562 bytes]","args":[{"selector":{"controlType":"sap.m.Input","viewName":"etm.portal.ui.manageyards.view.New","viewId":"application-manageyards-display-component---NewYard","bindingPath":{"path":"","propertyPath":"/PLANT","modelName":"NewYardModel"},"interaction":{"idSuffix":"inner"}},"wdio_ui5_key":"etmportal.ui.manageyards.view.Newsap.m.Input{\"path\":\"\",\"propertyPath\":\"/PLANT\",\"modelName\":\"NewYardModel\"}"}]}
RESULT: {"script":"<script> [1562 bytes]","args":[{"selector":{"controlType":"sap.m.Input","viewName":"etm.portal.ui.manageyards.view.New","viewId":"application-manageyards-display-component---NewYard","bindingPath":{"path":"","propertyPath":"/PLANT","modelName":"NewYardModel"},"interaction":{"idSuffix":"inner"}},"wdio_ui5_key":"etmportal.ui.manageyards.view.Newsap.m.Input{\"path\":\"\",\"propertyPath\":\"/PLANT\",\"modelName\":\"NewYardModel\"}"}]}
RESULT: undefined
COMMAND: POST /session/cdd305857320dd590ea5bbf59a31d46e/execute/async - {"script":"<script> [776 bytes]","args":[{"enterText":"1001","selector":{"controlType":"sap.m.Input","viewName":"etm.portal.ui.manageyards.view.New","viewId":"application-manageyards-display-component---NewYard","bindingPath":{"path":"","propertyPath":"/PLANT","modelName":"NewYardModel"},"interaction":{"idSuffix":"inner"}},"clearTextFirst":true,"interactionType":"ENTER_TEXT"}]}
RESULT: {"script":"<script> [776 bytes]","args":[{"enterText":"1001","selector":{"controlType":"sap.m.Input","viewName":"etm.portal.ui.manageyards.view.New","viewId":"application-manageyards-display-component---NewYard","bindingPath":{"path":"","propertyPath":"/PLANT","modelName":"NewYardModel"},"interaction":{"idSuffix":"inner"}},"clearTextFirst":true,"interactionType":"ENTER_TEXT"}]}
COMMAND: POST /session/cdd305857320dd590ea5bbf59a31d46e/execute/async - {"script":"<script> [1562 bytes]","args":[{"selector":{"controlType":"sap.m.Input","viewName":"etm.portal.ui.manageyards.view.New","viewId":"application-manageyards-display-component---NewYard","bindingPath":{"path":"","propertyPath":"/SALES_AREA_VKORG","modelName":"NewYardModel"},"interaction":{"idSuffix":"inner"}},"wdio_ui5_key":"etmportal.ui.manageyards.view.Newsap.m.Input{\"path\":\"\",\"propertyPath\":\"/SALES_AREA_VKORG\",\"modelName\":\"NewYardModel\"}"}]}
RESULT: {"script":"<script> [1562 bytes]","args":[{"selector":{"controlType":"sap.m.Input","viewName":"etm.portal.ui.manageyards.view.New","viewId":"application-manageyards-display-component---NewYard","bindingPath":{"path":"","propertyPath":"/SALES_AREA_VKORG","modelName":"NewYardModel"},"interaction":{"idSuffix":"inner"}},"wdio_ui5_key":"etmportal.ui.manageyards.view.Newsap.m.Input{\"path\":\"\",\"propertyPath\":\"/SALES_AREA_VKORG\",\"modelName\":\"NewYardModel\"}"}]}
RESULT: undefined
COMMAND: POST /session/cdd305857320dd590ea5bbf59a31d46e/execute/async - {"script":"<script> [776 bytes]","args":[{"enterText":"C002","selector":{"controlType":"sap.m.Input","viewName":"etm.portal.ui.manageyards.view.New","viewId":"application-manageyards-display-component---NewYard","bindingPath":{"path":"","propertyPath":"/SALES_AREA_VKORG","modelName":"NewYardModel"},"interaction":{"idSuffix":"inner"}},"clearTextFirst":true,"interactionType":"ENTER_TEXT"}]}
RESULT: {"script":"<script> [776 bytes]","args":[{"enterText":"C002","selector":{"controlType":"sap.m.Input","viewName":"etm.portal.ui.manageyards.view.New","viewId":"application-manageyards-display-component---NewYard","bindingPath":{"path":"","propertyPath":"/SALES_AREA_VKORG","modelName":"NewYardModel"},"interaction":{"idSuffix":"inner"}},"clearTextFirst":true,"interactionType":"ENTER_TEXT"}]}
COMMAND: POST /session/cdd305857320dd590ea5bbf59a31d46e/execute/async - {"script":"<script> [1562 bytes]","args":[{"selector":{"controlType":"sap.m.Input","viewName":"etm.portal.ui.manageyards.view.New","viewId":"application-manageyards-display-component---NewYard","bindingPath":{"path":"","propertyPath":"/SALES_AREA_VTWEG","modelName":"NewYardModel"},"interaction":{"idSuffix":"inner"}},"wdio_ui5_key":"etmportal.ui.manageyards.view.Newsap.m.Input{\"path\":\"\",\"propertyPath\":\"/SALES_AREA_VTWEG\",\"modelName\":\"NewYardModel\"}"}]}
RESULT: {"script":"<script> [1562 bytes]","args":[{"selector":{"controlType":"sap.m.Input","viewName":"etm.portal.ui.manageyards.view.New","viewId":"application-manageyards-display-component---NewYard","bindingPath":{"path":"","propertyPath":"/SALES_AREA_VTWEG","modelName":"NewYardModel"},"interaction":{"idSuffix":"inner"}},"wdio_ui5_key":"etmportal.ui.manageyards.view.Newsap.m.Input{\"path\":\"\",\"propertyPath\":\"/SALES_AREA_VTWEG\",\"modelName\":\"NewYardModel\"}"}]}
RESULT: undefined
COMMAND: POST /session/cdd305857320dd590ea5bbf59a31d46e/execute/async - {"script":"<script> [776 bytes]","args":[{"enterText":"C2","selector":{"controlType":"sap.m.Input","viewName":"etm.portal.ui.manageyards.view.New","viewId":"application-manageyards-display-component---NewYard","bindingPath":{"path":"","propertyPath":"/SALES_AREA_VTWEG","modelName":"NewYardModel"},"interaction":{"idSuffix":"inner"}},"clearTextFirst":true,"interactionType":"ENTER_TEXT"}]}
RESULT: {"script":"<script> [776 bytes]","args":[{"enterText":"C2","selector":{"controlType":"sap.m.Input","viewName":"etm.portal.ui.manageyards.view.New","viewId":"application-manageyards-display-component---NewYard","bindingPath":{"path":"","propertyPath":"/SALES_AREA_VTWEG","modelName":"NewYardModel"},"interaction":{"idSuffix":"inner"}},"clearTextFirst":true,"interactionType":"ENTER_TEXT"}]}
COMMAND: POST /session/cdd305857320dd590ea5bbf59a31d46e/execute/async - {"script":"<script> [1562 bytes]","args":[{"selector":{"controlType":"sap.m.Input","viewName":"etm.portal.ui.manageyards.view.New","viewId":"application-manageyards-display-component---NewYard","bindingPath":{"path":"","propertyPath":"/SALES_AREA_SPART","modelName":"NewYardModel"},"interaction":{"idSuffix":"inner"}},"wdio_ui5_key":"etmportal.ui.manageyards.view.Newsap.m.Input{\"path\":\"\",\"propertyPath\":\"/SALES_AREA_SPART\",\"modelName\":\"NewYardModel\"}"}]}
RESULT: {"script":"<script> [1562 bytes]","args":[{"selector":{"controlType":"sap.m.Input","viewName":"etm.portal.ui.manageyards.view.New","viewId":"application-manageyards-display-component---NewYard","bindingPath":{"path":"","propertyPath":"/SALES_AREA_SPART","modelName":"NewYardModel"},"interaction":{"idSuffix":"inner"}},"wdio_ui5_key":"etmportal.ui.manageyards.view.Newsap.m.Input{\"path\":\"\",\"propertyPath\":\"/SALES_AREA_SPART\",\"modelName\":\"NewYardModel\"}"}]}
RESULT: undefined
COMMAND: POST /session/cdd305857320dd590ea5bbf59a31d46e/execute/async - {"script":"<script> [776 bytes]","args":[{"enterText":"C2","selector":{"controlType":"sap.m.Input","viewName":"etm.portal.ui.manageyards.view.New","viewId":"application-manageyards-display-component---NewYard","bindingPath":{"path":"","propertyPath":"/SALES_AREA_SPART","modelName":"NewYardModel"},"interaction":{"idSuffix":"inner"}},"clearTextFirst":true,"interactionType":"ENTER_TEXT"}]}
RESULT: {"script":"<script> [776 bytes]","args":[{"enterText":"C2","selector":{"controlType":"sap.m.Input","viewName":"etm.portal.ui.manageyards.view.New","viewId":"application-manageyards-display-component---NewYard","bindingPath":{"path":"","propertyPath":"/SALES_AREA_SPART","modelName":"NewYardModel"},"interaction":{"idSuffix":"inner"}},"clearTextFirst":true,"interactionType":"ENTER_TEXT"}]}
COMMAND: POST /session/cdd305857320dd590ea5bbf59a31d46e/execute/async - {"script":"<script> [1562 bytes]","args":[{"selector":{"controlType":"sap.m.Input","viewName":"etm.portal.ui.manageyards.view.New","viewId":"application-manageyards-display-component---NewYard","bindingPath":{"path":"","propertyPath":"/SHIP_POINT","modelName":"NewYardModel"},"interaction":{"idSuffix":"inner"}},"wdio_ui5_key":"etmportal.ui.manageyards.view.Newsap.m.Input{\"path\":\"\",\"propertyPath\":\"/SHIP_POINT\",\"modelName\":\"NewYardModel\"}"}]}
RESULT: {"script":"<script> [1562 bytes]","args":[{"selector":{"controlType":"sap.m.Input","viewName":"etm.portal.ui.manageyards.view.New","viewId":"application-manageyards-display-component---NewYard","bindingPath":{"path":"","propertyPath":"/SHIP_POINT","modelName":"NewYardModel"},"interaction":{"idSuffix":"inner"}},"wdio_ui5_key":"etmportal.ui.manageyards.view.Newsap.m.Input{\"path\":\"\",\"propertyPath\":\"/SHIP_POINT\",\"modelName\":\"NewYardModel\"}"}]}
RESULT: undefined
COMMAND: POST /session/cdd305857320dd590ea5bbf59a31d46e/execute/async - {"script":"<script> [776 bytes]","args":[{"enterText":"1710","selector":{"controlType":"sap.m.Input","viewName":"etm.portal.ui.manageyards.view.New","viewId":"application-manageyards-display-component---NewYard","bindingPath":{"path":"","propertyPath":"/SHIP_POINT","modelName":"NewYardModel"},"interaction":{"idSuffix":"inner"}},"clearTextFirst":true,"interactionType":"ENTER_TEXT"}]}
RESULT: {"script":"<script> [776 bytes]","args":[{"enterText":"1710","selector":{"controlType":"sap.m.Input","viewName":"etm.portal.ui.manageyards.view.New","viewId":"application-manageyards-display-component---NewYard","bindingPath":{"path":"","propertyPath":"/SHIP_POINT","modelName":"NewYardModel"},"interaction":{"idSuffix":"inner"}},"clearTextFirst":true,"interactionType":"ENTER_TEXT"}]}
COMMAND: POST /session/cdd305857320dd590ea5bbf59a31d46e/execute/async - {"script":"<script> [1562 bytes]","args":[{"selector":{"controlType":"sap.m.Input","viewName":"etm.portal.ui.manageyards.view.New","viewId":"application-manageyards-display-component---NewYard","bindingPath":{"path":"","propertyPath":"/DELIVERY_TYPE","modelName":"NewYardModel"},"interaction":{"idSuffix":"inner"}},"wdio_ui5_key":"etmportal.ui.manageyards.view.Newsap.m.Input{\"path\":\"\",\"propertyPath\":\"/DELIVERY_TYPE\",\"modelName\":\"NewYardModel\"}"}]}
RESULT: {"script":"<script> [1562 bytes]","args":[{"selector":{"controlType":"sap.m.Input","viewName":"etm.portal.ui.manageyards.view.New","viewId":"application-manageyards-display-component---NewYard","bindingPath":{"path":"","propertyPath":"/DELIVERY_TYPE","modelName":"NewYardModel"},"interaction":{"idSuffix":"inner"}},"wdio_ui5_key":"etmportal.ui.manageyards.view.Newsap.m.Input{\"path\":\"\",\"propertyPath\":\"/DELIVERY_TYPE\",\"modelName\":\"NewYardModel\"}"}]}
RESULT: undefined
COMMAND: POST /session/cdd305857320dd590ea5bbf59a31d46e/execute/async - {"script":"<script> [776 bytes]","args":[{"enterText":"ZL01","selector":{"controlType":"sap.m.Input","viewName":"etm.portal.ui.manageyards.view.New","viewId":"application-manageyards-display-component---NewYard","bindingPath":{"path":"","propertyPath":"/DELIVERY_TYPE","modelName":"NewYardModel"},"interaction":{"idSuffix":"inner"}},"clearTextFirst":true,"interactionType":"ENTER_TEXT"}]}
RESULT: {"script":"<script> [776 bytes]","args":[{"enterText":"ZL01","selector":{"controlType":"sap.m.Input","viewName":"etm.portal.ui.manageyards.view.New","viewId":"application-manageyards-display-component---NewYard","bindingPath":{"path":"","propertyPath":"/DELIVERY_TYPE","modelName":"NewYardModel"},"interaction":{"idSuffix":"inner"}},"clearTextFirst":true,"interactionType":"ENTER_TEXT"}]}
COMMAND: POST /session/cdd305857320dd590ea5bbf59a31d46e/execute/async - {"script":"<script> [1562 bytes]","args":[{"selector":{"controlType":"sap.m.Input","viewName":"etm.portal.ui.manageyards.view.New","viewId":"application-manageyards-display-component---NewYard","bindingPath":{"path":"","propertyPath":"/AUART","modelName":"NewYardModel"},"interaction":{"idSuffix":"inner"}},"wdio_ui5_key":"etmportal.ui.manageyards.view.Newsap.m.Input{\"path\":\"\",\"propertyPath\":\"/AUART\",\"modelName\":\"NewYardModel\"}"}]}
RESULT: {"script":"<script> [1562 bytes]","args":[{"selector":{"controlType":"sap.m.Input","viewName":"etm.portal.ui.manageyards.view.New","viewId":"application-manageyards-display-component---NewYard","bindingPath":{"path":"","propertyPath":"/AUART","modelName":"NewYardModel"},"interaction":{"idSuffix":"inner"}},"wdio_ui5_key":"etmportal.ui.manageyards.view.Newsap.m.Input{\"path\":\"\",\"propertyPath\":\"/AUART\",\"modelName\":\"NewYardModel\"}"}]}
RESULT: undefined
COMMAND: POST /session/cdd305857320dd590ea5bbf59a31d46e/execute/async - {"script":"<script> [776 bytes]","args":[{"enterText":"TA","selector":{"controlType":"sap.m.Input","viewName":"etm.portal.ui.manageyards.view.New","viewId":"application-manageyards-display-component---NewYard","bindingPath":{"path":"","propertyPath":"/AUART","modelName":"NewYardModel"},"interaction":{"idSuffix":"inner"}},"clearTextFirst":true,"interactionType":"ENTER_TEXT"}]}
RESULT: {"script":"<script> [776 bytes]","args":[{"enterText":"TA","selector":{"controlType":"sap.m.Input","viewName":"etm.portal.ui.manageyards.view.New","viewId":"application-manageyards-display-component---NewYard","bindingPath":{"path":"","propertyPath":"/AUART","modelName":"NewYardModel"},"interaction":{"idSuffix":"inner"}},"clearTextFirst":true,"interactionType":"ENTER_TEXT"}]}
COMMAND: POST /session/cdd305857320dd590ea5bbf59a31d46e/element - {"using":"xpath","value":"//button[@data-kt=\"newYardSaveButton\"]"}
RESULT: {"using":"xpath","value":"//button[@data-kt=\"newYardSaveButton\"]"}
COMMAND: POST /session/cdd305857320dd590ea5bbf59a31d46e/element/f.492DEA3F6A95B07ADA96E928C4F8A0EF.d.C8127BFAE3B22A34830454D12B7EF5E2.e.12276/click - {}
RESULT: {}
COMMAND: GET /session/cdd305857320dd590ea5bbf59a31d46e/screenshot - {}
RESULT: {}
COMMAND: POST /session/cdd305857320dd590ea5bbf59a31d46e/element - {"using":"xpath","value":"//header[contains(@id, 'ObjectPageLayout-headerTitle')]/div[1]/div[2]/div[1]/span[1]"}
RESULT: {"using":"xpath","value":"//header[contains(@id, 'ObjectPageLayout-headerTitle')]/div[1]/div[2]/div[1]/span[1]"}
COMMAND: POST /session/cdd305857320dd590ea5bbf59a31d46e/elements - {"using":"xpath","value":"//header[contains(@id, 'ObjectPageLayout-headerTitle')]/div[1]/div[2]/div[1]/span[1]"}
RESULT: {"using":"xpath","value":"//header[contains(@id, 'ObjectPageLayout-headerTitle')]/div[1]/div[2]/div[1]/span[1]"}
COMMAND: POST /session/cdd305857320dd590ea5bbf59a31d46e/execute/sync - {"script":"<script> [56 bytes]","args":[{"element-6066-11e4-a52e-4f735466cecf":"f.492DEA3F6A95B07ADA96E928C4F8A0EF.d.C8127BFAE3B22A34830454D12B7EF5E2.e.12556","ELEMENT":"f.492DEA3F6A95B07ADA96E928C4F8A0EF.d.C8127BFAE3B22A34830454D12B7EF5E2.e.12556"}]}
RESULT: {"script":"<script> [56 bytes]","args":[{"element-6066-11e4-a52e-4f735466cecf":"f.492DEA3F6A95B07ADA96E928C4F8A0EF.d.C8127BFAE3B22A34830454D12B7EF5E2.e.12556","ELEMENT":"f.492DEA3F6A95B07ADA96E928C4F8A0EF.d.C8127BFAE3B22A34830454D12B7EF5E2.e.12556"}]}
COMMAND: GET /session/cdd305857320dd590ea5bbf59a31d46e/screenshot - {}
RESULT: {}
COMMAND: POST /session/cdd305857320dd590ea5bbf59a31d46e/element - {"using":"css selector","value":"#shell-header-logo"}
RESULT: {"using":"css selector","value":"#shell-header-logo"}
COMMAND: POST /session/cdd305857320dd590ea5bbf59a31d46e/element/f.492DEA3F6A95B07ADA96E928C4F8A0EF.d.C8127BFAE3B22A34830454D12B7EF5E2.e.11696/click - {}
RESULT: {}
COMMAND: GET /session/cdd305857320dd590ea5bbf59a31d46e/screenshot - {}
RESULT: {}
COMMAND: POST /session/cdd305857320dd590ea5bbf59a31d46e/execute/sync - {"script":"<script> [299 bytes]","args":[["getModel","getResource"]]}
RESULT: {"script":"<script> [299 bytes]","args":[["getModel","getResource"]]}
]]></system-out>
    </testcase>
    <testcase classname="chrome.136_0_7103_93.windows.Provide_to_Site_w/o_warehouse_management_w/_clarification_US116605" name="Should create a new external partner" time="95.569">
      <system-out><![CDATA[
COMMAND: GET /session/cdd305857320dd590ea5bbf59a31d46e/screenshot - {}
COMMAND: POST /session/cdd305857320dd590ea5bbf59a31d46e/window/fullscreen - {}
RESULT: {}
RESULT: {}
COMMAND: POST /session/cdd305857320dd590ea5bbf59a31d46e/execute/async - {"script":"<script> [1562 bytes]","args":[{"selector":{"controlType":"sap.m.GenericTile","properties":{"header":"Manage Partners"}},"wdio_ui5_key":"sapm.GenericTile{\"header\":\"Manage Partners\"}"}]}
RESULT: {"script":"<script> [1562 bytes]","args":[{"selector":{"controlType":"sap.m.GenericTile","properties":{"header":"Manage Partners"}},"wdio_ui5_key":"sapm.GenericTile{\"header\":\"Manage Partners\"}"}]}
RESULT: undefined
COMMAND: POST /session/cdd305857320dd590ea5bbf59a31d46e/element - {"using":"xpath","value":"//*[@id=\"__tile30\"]"}
RESULT: {"using":"xpath","value":"//*[@id=\"__tile30\"]"}
COMMAND: POST /session/cdd305857320dd590ea5bbf59a31d46e/element/f.492DEA3F6A95B07ADA96E928C4F8A0EF.d.C8127BFAE3B22A34830454D12B7EF5E2.e.11718/click - {}
RESULT: {}
COMMAND: GET /session/cdd305857320dd590ea5bbf59a31d46e/screenshot - {}
RESULT: {}
COMMAND: POST /session/cdd305857320dd590ea5bbf59a31d46e/elements - {"using":"xpath","value":"//span[text()='Error']"}
RESULT: {"using":"xpath","value":"//span[text()='Error']"}
COMMAND: POST /session/cdd305857320dd590ea5bbf59a31d46e/element - {"using":"xpath","value":"//button[@data-kt=\"addButton\"]"}
RESULT: {"using":"xpath","value":"//button[@data-kt=\"addButton\"]"}
COMMAND: POST /session/cdd305857320dd590ea5bbf59a31d46e/elements - {"using":"xpath","value":"//button[@data-kt=\"addButton\"]"}
RESULT: {"using":"xpath","value":"//button[@data-kt=\"addButton\"]"}
COMMAND: POST /session/cdd305857320dd590ea5bbf59a31d46e/execute/sync - {"script":"<script> [8489 bytes]","args":[{"element-6066-11e4-a52e-4f735466cecf":"f.492DEA3F6A95B07ADA96E928C4F8A0EF.d.C8127BFAE3B22A34830454D12B7EF5E2.e.12593","ELEMENT":"f.492DEA3F6A95B07ADA96E928C4F8A0EF.d.C8127BFAE3B22A34830454D12B7EF5E2.e.12593"}]}
RESULT: {"script":"<script> [8489 bytes]","args":[{"element-6066-11e4-a52e-4f735466cecf":"f.492DEA3F6A95B07ADA96E928C4F8A0EF.d.C8127BFAE3B22A34830454D12B7EF5E2.e.12593","ELEMENT":"f.492DEA3F6A95B07ADA96E928C4F8A0EF.d.C8127BFAE3B22A34830454D12B7EF5E2.e.12593"}]}
COMMAND: GET /session/cdd305857320dd590ea5bbf59a31d46e/element/f.492DEA3F6A95B07ADA96E928C4F8A0EF.d.C8127BFAE3B22A34830454D12B7EF5E2.e.12593/enabled - {}
COMMAND: GET /session/cdd305857320dd590ea5bbf59a31d46e/screenshot - {}
RESULT: {}
COMMAND: POST /session/cdd305857320dd590ea5bbf59a31d46e/execute/sync - {"script":"<script> [8489 bytes]","args":[{"element-6066-11e4-a52e-4f735466cecf":"f.492DEA3F6A95B07ADA96E928C4F8A0EF.d.C8127BFAE3B22A34830454D12B7EF5E2.e.12593","ELEMENT":"f.492DEA3F6A95B07ADA96E928C4F8A0EF.d.C8127BFAE3B22A34830454D12B7EF5E2.e.12593"}]}
COMMAND: GET /session/cdd305857320dd590ea5bbf59a31d46e/screenshot - {}
RESULT: {}
RESULT: {"script":"<script> [8489 bytes]","args":[{"element-6066-11e4-a52e-4f735466cecf":"f.492DEA3F6A95B07ADA96E928C4F8A0EF.d.C8127BFAE3B22A34830454D12B7EF5E2.e.12593","ELEMENT":"f.492DEA3F6A95B07ADA96E928C4F8A0EF.d.C8127BFAE3B22A34830454D12B7EF5E2.e.12593"}]}
COMMAND: POST /session/cdd305857320dd590ea5bbf59a31d46e/execute/sync - {"script":"<script> [5351 bytes]","args":[{"element-6066-11e4-a52e-4f735466cecf":"f.492DEA3F6A95B07ADA96E928C4F8A0EF.d.C8127BFAE3B22A34830454D12B7EF5E2.e.12593","ELEMENT":"f.492DEA3F6A95B07ADA96E928C4F8A0EF.d.C8127BFAE3B22A34830454D12B7EF5E2.e.12593"}]}
COMMAND: GET /session/cdd305857320dd590ea5bbf59a31d46e/screenshot - {}
RESULT: {}
RESULT: {"script":"<script> [5351 bytes]","args":[{"element-6066-11e4-a52e-4f735466cecf":"f.492DEA3F6A95B07ADA96E928C4F8A0EF.d.C8127BFAE3B22A34830454D12B7EF5E2.e.12593","ELEMENT":"f.492DEA3F6A95B07ADA96E928C4F8A0EF.d.C8127BFAE3B22A34830454D12B7EF5E2.e.12593"}]}
COMMAND: POST /session/cdd305857320dd590ea5bbf59a31d46e/element/f.492DEA3F6A95B07ADA96E928C4F8A0EF.d.C8127BFAE3B22A34830454D12B7EF5E2.e.12593/click - {}
COMMAND: GET /session/cdd305857320dd590ea5bbf59a31d46e/screenshot - {}
RESULT: {}
RESULT: {}
COMMAND: GET /session/cdd305857320dd590ea5bbf59a31d46e/screenshot - {}
COMMAND: POST /session/cdd305857320dd590ea5bbf59a31d46e/execute/async - {"script":"<script> [1562 bytes]","args":[{"selector":{"id":"application-managepartners-display-component---NewPartner--addressDetailDetailsName1","interaction":{"idSuffix":"inner"}},"wdio_ui5_key":"applicationmanagepartners-display-component---NewPartner--addressDetailDetailsName1"}]}
RESULT: {}
RESULT: {}
RESULT: {"script":"<script> [1562 bytes]","args":[{"selector":{"id":"application-managepartners-display-component---NewPartner--addressDetailDetailsName1","interaction":{"idSuffix":"inner"}},"wdio_ui5_key":"applicationmanagepartners-display-component---NewPartner--addressDetailDetailsName1"}]}
RESULT: undefined
COMMAND: POST /session/cdd305857320dd590ea5bbf59a31d46e/execute/async - {"script":"<script> [776 bytes]","args":[{"enterText":"External Partner WDIO","selector":{"id":"application-managepartners-display-component---NewPartner--addressDetailDetailsName1","interaction":{"idSuffix":"inner"}},"clearTextFirst":true,"interactionType":"ENTER_TEXT"}]}
RESULT: {"script":"<script> [776 bytes]","args":[{"enterText":"External Partner WDIO","selector":{"id":"application-managepartners-display-component---NewPartner--addressDetailDetailsName1","interaction":{"idSuffix":"inner"}},"clearTextFirst":true,"interactionType":"ENTER_TEXT"}]}
COMMAND: POST /session/cdd305857320dd590ea5bbf59a31d46e/execute/async - {"script":"<script> [1562 bytes]","args":[{"selector":{"id":"application-managepartners-display-component---NewPartner--addressDetailDetailsLanguage-arrow"},"wdio_ui5_key":"applicationmanagepartners-display-component---NewPartner--addressDetailDetailsLanguage-arrow"}]}
RESULT: {"script":"<script> [1562 bytes]","args":[{"selector":{"id":"application-managepartners-display-component---NewPartner--addressDetailDetailsLanguage-arrow"},"wdio_ui5_key":"applicationmanagepartners-display-component---NewPartner--addressDetailDetailsLanguage-arrow"}]}
RESULT: undefined
COMMAND: POST /session/cdd305857320dd590ea5bbf59a31d46e/element - {"using":"xpath","value":"//*[@id=\"application-managepartners-display-component---NewPartner--addressDetailDetailsLanguage-arrow\"]"}
RESULT: {"using":"xpath","value":"//*[@id=\"application-managepartners-display-component---NewPartner--addressDetailDetailsLanguage-arrow\"]"}
COMMAND: POST /session/cdd305857320dd590ea5bbf59a31d46e/element/f.492DEA3F6A95B07ADA96E928C4F8A0EF.d.C8127BFAE3B22A34830454D12B7EF5E2.e.13044/click - {}
RESULT: {}
COMMAND: POST /session/cdd305857320dd590ea5bbf59a31d46e/element - {"using":"xpath","value":"//span[contains(text(), \"English\")]"}
COMMAND: GET /session/cdd305857320dd590ea5bbf59a31d46e/screenshot - {}
RESULT: {"using":"xpath","value":"//span[contains(text(), \"English\")]"}
COMMAND: POST /session/cdd305857320dd590ea5bbf59a31d46e/element/f.492DEA3F6A95B07ADA96E928C4F8A0EF.d.C8127BFAE3B22A34830454D12B7EF5E2.e.13045/click - {}
RESULT: {}
RESULT: {}
COMMAND: GET /session/cdd305857320dd590ea5bbf59a31d46e/screenshot - {}
RESULT: {}
COMMAND: POST /session/cdd305857320dd590ea5bbf59a31d46e/execute/async - {"script":"<script> [1562 bytes]","args":[{"selector":{"id":"application-managepartners-display-component---NewPartner--addressDetailDetailsCity1","interaction":{"idSuffix":"inner"}},"wdio_ui5_key":"applicationmanagepartners-display-component---NewPartner--addressDetailDetailsCity1"}]}
RESULT: {"script":"<script> [1562 bytes]","args":[{"selector":{"id":"application-managepartners-display-component---NewPartner--addressDetailDetailsCity1","interaction":{"idSuffix":"inner"}},"wdio_ui5_key":"applicationmanagepartners-display-component---NewPartner--addressDetailDetailsCity1"}]}
RESULT: undefined
COMMAND: POST /session/cdd305857320dd590ea5bbf59a31d46e/execute/async - {"script":"<script> [776 bytes]","args":[{"enterText":"Rosario","selector":{"id":"application-managepartners-display-component---NewPartner--addressDetailDetailsCity1","interaction":{"idSuffix":"inner"}},"clearTextFirst":true,"interactionType":"ENTER_TEXT"}]}
RESULT: {"script":"<script> [776 bytes]","args":[{"enterText":"Rosario","selector":{"id":"application-managepartners-display-component---NewPartner--addressDetailDetailsCity1","interaction":{"idSuffix":"inner"}},"clearTextFirst":true,"interactionType":"ENTER_TEXT"}]}
COMMAND: POST /session/cdd305857320dd590ea5bbf59a31d46e/execute/async - {"script":"<script> [1562 bytes]","args":[{"selector":{"id":"application-managepartners-display-component---NewPartner--addressDetailDetailsCountry-arrow"},"wdio_ui5_key":"applicationmanagepartners-display-component---NewPartner--addressDetailDetailsCountry-arrow"}]}
RESULT: {"script":"<script> [1562 bytes]","args":[{"selector":{"id":"application-managepartners-display-component---NewPartner--addressDetailDetailsCountry-arrow"},"wdio_ui5_key":"applicationmanagepartners-display-component---NewPartner--addressDetailDetailsCountry-arrow"}]}
RESULT: undefined
COMMAND: POST /session/cdd305857320dd590ea5bbf59a31d46e/element - {"using":"xpath","value":"//*[@id=\"application-managepartners-display-component---NewPartner--addressDetailDetailsCountry-arrow\"]"}
RESULT: {"using":"xpath","value":"//*[@id=\"application-managepartners-display-component---NewPartner--addressDetailDetailsCountry-arrow\"]"}
COMMAND: POST /session/cdd305857320dd590ea5bbf59a31d46e/element/f.492DEA3F6A95B07ADA96E928C4F8A0EF.d.C8127BFAE3B22A34830454D12B7EF5E2.e.13026/click - {}
RESULT: {}
COMMAND: POST /session/cdd305857320dd590ea5bbf59a31d46e/element - {"using":"xpath","value":"//span[contains(text(), \"Argentina\")]"}
COMMAND: GET /session/cdd305857320dd590ea5bbf59a31d46e/screenshot - {}
RESULT: {"using":"xpath","value":"//span[contains(text(), \"Argentina\")]"}
COMMAND: POST /session/cdd305857320dd590ea5bbf59a31d46e/element/f.492DEA3F6A95B07ADA96E928C4F8A0EF.d.C8127BFAE3B22A34830454D12B7EF5E2.e.13047/click - {}
RESULT: {}
RESULT: {}
COMMAND: GET /session/cdd305857320dd590ea5bbf59a31d46e/screenshot - {}
RESULT: {}
COMMAND: POST /session/cdd305857320dd590ea5bbf59a31d46e/element - {"using":"xpath","value":"//bdi[contains(text(), \"Commercial\")]"}
RESULT: {"using":"xpath","value":"//bdi[contains(text(), \"Commercial\")]"}
COMMAND: POST /session/cdd305857320dd590ea5bbf59a31d46e/element/f.492DEA3F6A95B07ADA96E928C4F8A0EF.d.C8127BFAE3B22A34830454D12B7EF5E2.e.13048/click - {}
RESULT: {}
COMMAND: GET /session/cdd305857320dd590ea5bbf59a31d46e/screenshot - {}
RESULT: {}
COMMAND: POST /session/cdd305857320dd590ea5bbf59a31d46e/execute/async - {"script":"<script> [1562 bytes]","args":[{"selector":{"id":"application-managepartners-display-component---NewPartner--partnerDetailInternal-arrow"},"wdio_ui5_key":"applicationmanagepartners-display-component---NewPartner--partnerDetailInternal-arrow"}]}
RESULT: {"script":"<script> [1562 bytes]","args":[{"selector":{"id":"application-managepartners-display-component---NewPartner--partnerDetailInternal-arrow"},"wdio_ui5_key":"applicationmanagepartners-display-component---NewPartner--partnerDetailInternal-arrow"}]}
RESULT: undefined
COMMAND: POST /session/cdd305857320dd590ea5bbf59a31d46e/element - {"using":"xpath","value":"//*[@id=\"application-managepartners-display-component---NewPartner--partnerDetailInternal-arrow\"]"}
RESULT: {"using":"xpath","value":"//*[@id=\"application-managepartners-display-component---NewPartner--partnerDetailInternal-arrow\"]"}
COMMAND: POST /session/cdd305857320dd590ea5bbf59a31d46e/element/f.492DEA3F6A95B07ADA96E928C4F8A0EF.d.C8127BFAE3B22A34830454D12B7EF5E2.e.13054/click - {}
RESULT: {}
COMMAND: POST /session/cdd305857320dd590ea5bbf59a31d46e/element - {"using":"xpath","value":"//span[contains(text(), \"External partner\")]"}
COMMAND: GET /session/cdd305857320dd590ea5bbf59a31d46e/screenshot - {}
RESULT: {"using":"xpath","value":"//span[contains(text(), \"External partner\")]"}
COMMAND: POST /session/cdd305857320dd590ea5bbf59a31d46e/element/f.492DEA3F6A95B07ADA96E928C4F8A0EF.d.C8127BFAE3B22A34830454D12B7EF5E2.e.13055/click - {}
RESULT: {}
RESULT: {}
COMMAND: POST /session/cdd305857320dd590ea5bbf59a31d46e/execute/async - {"script":"<script> [1562 bytes]","args":[{"selector":{"id":"application-managepartners-display-component---NewPartner--partnerDetailsCurrency-arrow"},"wdio_ui5_key":"applicationmanagepartners-display-component---NewPartner--partnerDetailsCurrency-arrow"}]}
COMMAND: GET /session/cdd305857320dd590ea5bbf59a31d46e/screenshot - {}
RESULT: {"script":"<script> [1562 bytes]","args":[{"selector":{"id":"application-managepartners-display-component---NewPartner--partnerDetailsCurrency-arrow"},"wdio_ui5_key":"applicationmanagepartners-display-component---NewPartner--partnerDetailsCurrency-arrow"}]}
RESULT: undefined
COMMAND: POST /session/cdd305857320dd590ea5bbf59a31d46e/element - {"using":"xpath","value":"//*[@id=\"application-managepartners-display-component---NewPartner--partnerDetailsCurrency-arrow\"]"}
RESULT: {}
RESULT: {"using":"xpath","value":"//*[@id=\"application-managepartners-display-component---NewPartner--partnerDetailsCurrency-arrow\"]"}
COMMAND: POST /session/cdd305857320dd590ea5bbf59a31d46e/element/f.492DEA3F6A95B07ADA96E928C4F8A0EF.d.C8127BFAE3B22A34830454D12B7EF5E2.e.13060/click - {}
RESULT: {}
COMMAND: POST /session/cdd305857320dd590ea5bbf59a31d46e/element - {"using":"xpath","value":"//span[contains(text(), \"US Dollar\")]"}
COMMAND: GET /session/cdd305857320dd590ea5bbf59a31d46e/screenshot - {}
RESULT: {"using":"xpath","value":"//span[contains(text(), \"US Dollar\")]"}
COMMAND: POST /session/cdd305857320dd590ea5bbf59a31d46e/element/f.492DEA3F6A95B07ADA96E928C4F8A0EF.d.C8127BFAE3B22A34830454D12B7EF5E2.e.13061/click - {}
RESULT: {}
RESULT: {}
COMMAND: GET /session/cdd305857320dd590ea5bbf59a31d46e/screenshot - {}
RESULT: {}
COMMAND: POST /session/cdd305857320dd590ea5bbf59a31d46e/element - {"using":"xpath","value":"//input[@id=\"application-managepartners-display-component---NewPartner--companyCodeComboBox-inner\"]"}
RESULT: {"using":"xpath","value":"//input[@id=\"application-managepartners-display-component---NewPartner--companyCodeComboBox-inner\"]"}
COMMAND: POST /session/cdd305857320dd590ea5bbf59a31d46e/element/f.492DEA3F6A95B07ADA96E928C4F8A0EF.d.C8127BFAE3B22A34830454D12B7EF5E2.e.12910/clear - {}
RESULT: {}
COMMAND: POST /session/cdd305857320dd590ea5bbf59a31d46e/element/f.492DEA3F6A95B07ADA96E928C4F8A0EF.d.C8127BFAE3B22A34830454D12B7EF5E2.e.12910/value - {"text":"C002"}
COMMAND: GET /session/cdd305857320dd590ea5bbf59a31d46e/screenshot - {}
RESULT: {"text":"C002"}
COMMAND: GET /session/cdd305857320dd590ea5bbf59a31d46e/screenshot - {}
RESULT: {}
RESULT: {}
COMMAND: POST /session/cdd305857320dd590ea5bbf59a31d46e/element - {"using":"xpath","value":"//li[.//span[text()= \"C002\"]]"}
RESULT: {"using":"xpath","value":"//li[.//span[text()= \"C002\"]]"}
COMMAND: POST /session/cdd305857320dd590ea5bbf59a31d46e/element/f.492DEA3F6A95B07ADA96E928C4F8A0EF.d.C8127BFAE3B22A34830454D12B7EF5E2.e.13065/click - {}
RESULT: {}
COMMAND: GET /session/cdd305857320dd590ea5bbf59a31d46e/screenshot - {}
RESULT: {}
COMMAND: POST /session/cdd305857320dd590ea5bbf59a31d46e/execute/async - {"script":"<script> [1562 bytes]","args":[{"selector":{"id":"application-managepartners-display-component---NewPartner--btnAddTableRow-img"},"wdio_ui5_key":"applicationmanagepartners-display-component---NewPartner--btnAddTableRow-img"}]}
RESULT: {"script":"<script> [1562 bytes]","args":[{"selector":{"id":"application-managepartners-display-component---NewPartner--btnAddTableRow-img"},"wdio_ui5_key":"applicationmanagepartners-display-component---NewPartner--btnAddTableRow-img"}]}
RESULT: undefined
COMMAND: POST /session/cdd305857320dd590ea5bbf59a31d46e/element - {"using":"xpath","value":"//*[@id=\"application-managepartners-display-component---NewPartner--btnAddTableRow-img\"]"}
RESULT: {"using":"xpath","value":"//*[@id=\"application-managepartners-display-component---NewPartner--btnAddTableRow-img\"]"}
COMMAND: POST /session/cdd305857320dd590ea5bbf59a31d46e/element/f.492DEA3F6A95B07ADA96E928C4F8A0EF.d.C8127BFAE3B22A34830454D12B7EF5E2.e.13066/click - {}
RESULT: {}
COMMAND: GET /session/cdd305857320dd590ea5bbf59a31d46e/screenshot - {}
RESULT: {}
COMMAND: POST /session/cdd305857320dd590ea5bbf59a31d46e/element - {"using":"xpath","value":"//input[@id=\"application-managepartners-display-component---NewPartner--assignmentYard-application-managepartners-display-component---NewPartner--assignmentsTable-0-inner\"]"}
RESULT: {"using":"xpath","value":"//input[@id=\"application-managepartners-display-component---NewPartner--assignmentYard-application-managepartners-display-component---NewPartner--assignmentsTable-0-inner\"]"}
COMMAND: POST /session/cdd305857320dd590ea5bbf59a31d46e/element/f.492DEA3F6A95B07ADA96E928C4F8A0EF.d.C8127BFAE3B22A34830454D12B7EF5E2.e.13069/clear - {}
RESULT: {}
COMMAND: POST /session/cdd305857320dd590ea5bbf59a31d46e/element/f.492DEA3F6A95B07ADA96E928C4F8A0EF.d.C8127BFAE3B22A34830454D12B7EF5E2.e.13069/value - {"text":"393"}
COMMAND: GET /session/cdd305857320dd590ea5bbf59a31d46e/screenshot - {}
RESULT: {"text":"393"}
COMMAND: GET /session/cdd305857320dd590ea5bbf59a31d46e/screenshot - {}
RESULT: {}
RESULT: {}
COMMAND: POST /session/cdd305857320dd590ea5bbf59a31d46e/element - {"using":"xpath","value":"//li[.//span[text()='393']]"}
RESULT: {"using":"xpath","value":"//li[.//span[text()='393']]"}
COMMAND: POST /session/cdd305857320dd590ea5bbf59a31d46e/element/f.492DEA3F6A95B07ADA96E928C4F8A0EF.d.C8127BFAE3B22A34830454D12B7EF5E2.e.13077/click - {}
RESULT: {}
COMMAND: GET /session/cdd305857320dd590ea5bbf59a31d46e/screenshot - {}
RESULT: {}
COMMAND: POST /session/cdd305857320dd590ea5bbf59a31d46e/actions - {"actions":[{"id":"action40","type":"key","parameters":{},"actions":[{"type":"keyDown","value":""},{"type":"pause","duration":10},{"type":"keyUp","value":""}]}]}
RESULT: {"actions":[{"id":"action40","type":"key","parameters":{},"actions":[{"type":"keyDown","value":""},{"type":"pause","duration":10},{"type":"keyUp","value":""}]}]}
COMMAND: POST /session/cdd305857320dd590ea5bbf59a31d46e/element - {"using":"xpath","value":"//td[contains(@id, \"assignmentsTable-0-cell2\")]/div/div"}
COMMAND: GET /session/cdd305857320dd590ea5bbf59a31d46e/screenshot - {}
RESULT: {"using":"xpath","value":"//td[contains(@id, \"assignmentsTable-0-cell2\")]/div/div"}
COMMAND: POST /session/cdd305857320dd590ea5bbf59a31d46e/element/f.492DEA3F6A95B07ADA96E928C4F8A0EF.d.C8127BFAE3B22A34830454D12B7EF5E2.e.13080/click - {}
RESULT: {}
RESULT: {}
COMMAND: GET /session/cdd305857320dd590ea5bbf59a31d46e/screenshot - {}
RESULT: {}
COMMAND: POST /session/cdd305857320dd590ea5bbf59a31d46e/element - {"using":"xpath","value":"//button[@data-kt=\"saveButton\"]"}
RESULT: {"using":"xpath","value":"//button[@data-kt=\"saveButton\"]"}
COMMAND: POST /session/cdd305857320dd590ea5bbf59a31d46e/element/f.492DEA3F6A95B07ADA96E928C4F8A0EF.d.C8127BFAE3B22A34830454D12B7EF5E2.e.13028/click - {}
RESULT: {}
COMMAND: GET /session/cdd305857320dd590ea5bbf59a31d46e/screenshot - {}
RESULT: {}
COMMAND: POST /session/cdd305857320dd590ea5bbf59a31d46e/element - {"using":"xpath","value":"//header[contains(@id, 'ObjectPageLayout-headerTitle')]/div[1]/div[2]/div[2]/span[1]"}
RESULT: {"using":"xpath","value":"//header[contains(@id, 'ObjectPageLayout-headerTitle')]/div[1]/div[2]/div[2]/span[1]"}
COMMAND: POST /session/cdd305857320dd590ea5bbf59a31d46e/elements - {"using":"xpath","value":"//header[contains(@id, 'ObjectPageLayout-headerTitle')]/div[1]/div[2]/div[2]/span[1]"}
RESULT: {"using":"xpath","value":"//header[contains(@id, 'ObjectPageLayout-headerTitle')]/div[1]/div[2]/div[2]/span[1]"}
COMMAND: POST /session/cdd305857320dd590ea5bbf59a31d46e/execute/sync - {"script":"<script> [56 bytes]","args":[{"element-6066-11e4-a52e-4f735466cecf":"f.492DEA3F6A95B07ADA96E928C4F8A0EF.d.C8127BFAE3B22A34830454D12B7EF5E2.e.13246","ELEMENT":"f.492DEA3F6A95B07ADA96E928C4F8A0EF.d.C8127BFAE3B22A34830454D12B7EF5E2.e.13246"}]}
RESULT: {"script":"<script> [56 bytes]","args":[{"element-6066-11e4-a52e-4f735466cecf":"f.492DEA3F6A95B07ADA96E928C4F8A0EF.d.C8127BFAE3B22A34830454D12B7EF5E2.e.13246","ELEMENT":"f.492DEA3F6A95B07ADA96E928C4F8A0EF.d.C8127BFAE3B22A34830454D12B7EF5E2.e.13246"}]}
COMMAND: POST /session/cdd305857320dd590ea5bbf59a31d46e/element - {"using":"css selector","value":"#shell-header-logo"}
COMMAND: GET /session/cdd305857320dd590ea5bbf59a31d46e/screenshot - {}
RESULT: {"using":"css selector","value":"#shell-header-logo"}
COMMAND: POST /session/cdd305857320dd590ea5bbf59a31d46e/element/f.492DEA3F6A95B07ADA96E928C4F8A0EF.d.C8127BFAE3B22A34830454D12B7EF5E2.e.12560/click - {}
RESULT: {}
RESULT: {}
COMMAND: GET /session/cdd305857320dd590ea5bbf59a31d46e/screenshot - {}
RESULT: {}
COMMAND: POST /session/cdd305857320dd590ea5bbf59a31d46e/execute/sync - {"script":"<script> [299 bytes]","args":[["getModel","getResource"]]}
RESULT: {"script":"<script> [299 bytes]","args":[["getModel","getResource"]]}
]]></system-out>
    </testcase>
    <testcase classname="chrome.136_0_7103_93.windows.Provide_to_Site_w/o_warehouse_management_w/_clarification_US116605" name="Should create a new site" time="152.512">
      <system-out><![CDATA[
COMMAND: GET /session/cdd305857320dd590ea5bbf59a31d46e/screenshot - {}
COMMAND: POST /session/cdd305857320dd590ea5bbf59a31d46e/execute/async - {"script":"<script> [1562 bytes]","args":[{"selector":{"controlType":"sap.m.GenericTile","properties":{"header":"Manage Sites"}},"wdio_ui5_key":"sapm.GenericTile{\"header\":\"Manage Sites\"}"}]}
RESULT: {}
RESULT: {"script":"<script> [1562 bytes]","args":[{"selector":{"controlType":"sap.m.GenericTile","properties":{"header":"Manage Sites"}},"wdio_ui5_key":"sapm.GenericTile{\"header\":\"Manage Sites\"}"}]}
RESULT: undefined
COMMAND: POST /session/cdd305857320dd590ea5bbf59a31d46e/element - {"using":"xpath","value":"//*[@id=\"__tile32\"]"}
RESULT: {"using":"xpath","value":"//*[@id=\"__tile32\"]"}
COMMAND: POST /session/cdd305857320dd590ea5bbf59a31d46e/element/f.492DEA3F6A95B07ADA96E928C4F8A0EF.d.C8127BFAE3B22A34830454D12B7EF5E2.e.11724/click - {}
RESULT: {}
COMMAND: GET /session/cdd305857320dd590ea5bbf59a31d46e/screenshot - {}
RESULT: {}
COMMAND: POST /session/cdd305857320dd590ea5bbf59a31d46e/elements - {"using":"xpath","value":"//span[text()='Error']"}
RESULT: {"using":"xpath","value":"//span[text()='Error']"}
COMMAND: POST /session/cdd305857320dd590ea5bbf59a31d46e/element - {"using":"xpath","value":"//button[@data-kt=\"addOverflowToolbarButton\"]"}
RESULT: {"using":"xpath","value":"//button[@data-kt=\"addOverflowToolbarButton\"]"}
COMMAND: POST /session/cdd305857320dd590ea5bbf59a31d46e/elements - {"using":"xpath","value":"//button[@data-kt=\"addOverflowToolbarButton\"]"}
RESULT: {"using":"xpath","value":"//button[@data-kt=\"addOverflowToolbarButton\"]"}
COMMAND: POST /session/cdd305857320dd590ea5bbf59a31d46e/execute/sync - {"script":"<script> [8489 bytes]","args":[{"element-6066-11e4-a52e-4f735466cecf":"f.492DEA3F6A95B07ADA96E928C4F8A0EF.d.C8127BFAE3B22A34830454D12B7EF5E2.e.13294","ELEMENT":"f.492DEA3F6A95B07ADA96E928C4F8A0EF.d.C8127BFAE3B22A34830454D12B7EF5E2.e.13294"}]}
RESULT: {"script":"<script> [8489 bytes]","args":[{"element-6066-11e4-a52e-4f735466cecf":"f.492DEA3F6A95B07ADA96E928C4F8A0EF.d.C8127BFAE3B22A34830454D12B7EF5E2.e.13294","ELEMENT":"f.492DEA3F6A95B07ADA96E928C4F8A0EF.d.C8127BFAE3B22A34830454D12B7EF5E2.e.13294"}]}
COMMAND: GET /session/cdd305857320dd590ea5bbf59a31d46e/element/f.492DEA3F6A95B07ADA96E928C4F8A0EF.d.C8127BFAE3B22A34830454D12B7EF5E2.e.13294/enabled - {}
COMMAND: GET /session/cdd305857320dd590ea5bbf59a31d46e/screenshot - {}
RESULT: {}
COMMAND: POST /session/cdd305857320dd590ea5bbf59a31d46e/execute/sync - {"script":"<script> [8489 bytes]","args":[{"element-6066-11e4-a52e-4f735466cecf":"f.492DEA3F6A95B07ADA96E928C4F8A0EF.d.C8127BFAE3B22A34830454D12B7EF5E2.e.13294","ELEMENT":"f.492DEA3F6A95B07ADA96E928C4F8A0EF.d.C8127BFAE3B22A34830454D12B7EF5E2.e.13294"}]}
COMMAND: GET /session/cdd305857320dd590ea5bbf59a31d46e/screenshot - {}
RESULT: {}
RESULT: {"script":"<script> [8489 bytes]","args":[{"element-6066-11e4-a52e-4f735466cecf":"f.492DEA3F6A95B07ADA96E928C4F8A0EF.d.C8127BFAE3B22A34830454D12B7EF5E2.e.13294","ELEMENT":"f.492DEA3F6A95B07ADA96E928C4F8A0EF.d.C8127BFAE3B22A34830454D12B7EF5E2.e.13294"}]}
COMMAND: POST /session/cdd305857320dd590ea5bbf59a31d46e/execute/sync - {"script":"<script> [5351 bytes]","args":[{"element-6066-11e4-a52e-4f735466cecf":"f.492DEA3F6A95B07ADA96E928C4F8A0EF.d.C8127BFAE3B22A34830454D12B7EF5E2.e.13294","ELEMENT":"f.492DEA3F6A95B07ADA96E928C4F8A0EF.d.C8127BFAE3B22A34830454D12B7EF5E2.e.13294"}]}
COMMAND: GET /session/cdd305857320dd590ea5bbf59a31d46e/screenshot - {}
RESULT: {}
RESULT: {"script":"<script> [5351 bytes]","args":[{"element-6066-11e4-a52e-4f735466cecf":"f.492DEA3F6A95B07ADA96E928C4F8A0EF.d.C8127BFAE3B22A34830454D12B7EF5E2.e.13294","ELEMENT":"f.492DEA3F6A95B07ADA96E928C4F8A0EF.d.C8127BFAE3B22A34830454D12B7EF5E2.e.13294"}]}
COMMAND: POST /session/cdd305857320dd590ea5bbf59a31d46e/element/f.492DEA3F6A95B07ADA96E928C4F8A0EF.d.C8127BFAE3B22A34830454D12B7EF5E2.e.13294/click - {}
COMMAND: GET /session/cdd305857320dd590ea5bbf59a31d46e/screenshot - {}
RESULT: {}
RESULT: {}
COMMAND: GET /session/cdd305857320dd590ea5bbf59a31d46e/screenshot - {}
COMMAND: POST /session/cdd305857320dd590ea5bbf59a31d46e/element - {"using":"xpath","value":"//input[@id=\"application-managesites-display-component---NewSite--siteId-inner\"]"}
RESULT: {}
RESULT: {}
RESULT: {"using":"xpath","value":"//input[@id=\"application-managesites-display-component---NewSite--siteId-inner\"]"}
COMMAND: POST /session/cdd305857320dd590ea5bbf59a31d46e/element - {"using":"xpath","value":"//input[@id=\"application-managesites-display-component---NewSite--siteId-inner\"]"}
RESULT: {"using":"xpath","value":"//input[@id=\"application-managesites-display-component---NewSite--siteId-inner\"]"}
COMMAND: POST /session/cdd305857320dd590ea5bbf59a31d46e/execute/async - {"script":"<script> [1562 bytes]","args":[{"selector":{"id":"application-managesites-display-component---NewSite--addressDetailDetailsName1","interaction":{"idSuffix":"inner"}},"wdio_ui5_key":"applicationmanagesites-display-component---NewSite--addressDetailDetailsName1"}]}
RESULT: {"script":"<script> [1562 bytes]","args":[{"selector":{"id":"application-managesites-display-component---NewSite--addressDetailDetailsName1","interaction":{"idSuffix":"inner"}},"wdio_ui5_key":"applicationmanagesites-display-component---NewSite--addressDetailDetailsName1"}]}
RESULT: undefined
COMMAND: POST /session/cdd305857320dd590ea5bbf59a31d46e/execute/async - {"script":"<script> [776 bytes]","args":[{"enterText":"Other Type Site WDIO","selector":{"id":"application-managesites-display-component---NewSite--addressDetailDetailsName1","interaction":{"idSuffix":"inner"}},"clearTextFirst":true,"interactionType":"ENTER_TEXT"}]}
RESULT: {"script":"<script> [776 bytes]","args":[{"enterText":"Other Type Site WDIO","selector":{"id":"application-managesites-display-component---NewSite--addressDetailDetailsName1","interaction":{"idSuffix":"inner"}},"clearTextFirst":true,"interactionType":"ENTER_TEXT"}]}
COMMAND: POST /session/cdd305857320dd590ea5bbf59a31d46e/execute/async - {"script":"<script> [1562 bytes]","args":[{"selector":{"id":"application-managesites-display-component---NewSite--addressDetailDetailsLanguage-arrow"},"wdio_ui5_key":"applicationmanagesites-display-component---NewSite--addressDetailDetailsLanguage-arrow"}]}
RESULT: {"script":"<script> [1562 bytes]","args":[{"selector":{"id":"application-managesites-display-component---NewSite--addressDetailDetailsLanguage-arrow"},"wdio_ui5_key":"applicationmanagesites-display-component---NewSite--addressDetailDetailsLanguage-arrow"}]}
RESULT: undefined
COMMAND: POST /session/cdd305857320dd590ea5bbf59a31d46e/element - {"using":"xpath","value":"//*[@id=\"application-managesites-display-component---NewSite--addressDetailDetailsLanguage-arrow\"]"}
RESULT: {"using":"xpath","value":"//*[@id=\"application-managesites-display-component---NewSite--addressDetailDetailsLanguage-arrow\"]"}
COMMAND: POST /session/cdd305857320dd590ea5bbf59a31d46e/element/f.492DEA3F6A95B07ADA96E928C4F8A0EF.d.C8127BFAE3B22A34830454D12B7EF5E2.e.13693/click - {}
RESULT: {}
COMMAND: POST /session/cdd305857320dd590ea5bbf59a31d46e/element - {"using":"xpath","value":"//span[contains(text(), \"English\")]"}
COMMAND: GET /session/cdd305857320dd590ea5bbf59a31d46e/screenshot - {}
RESULT: {"using":"xpath","value":"//span[contains(text(), \"English\")]"}
COMMAND: POST /session/cdd305857320dd590ea5bbf59a31d46e/element/f.492DEA3F6A95B07ADA96E928C4F8A0EF.d.C8127BFAE3B22A34830454D12B7EF5E2.e.13694/click - {}
RESULT: {}
RESULT: {}
COMMAND: POST /session/cdd305857320dd590ea5bbf59a31d46e/execute/async - {"script":"<script> [1562 bytes]","args":[{"selector":{"id":"application-managesites-display-component---NewSite--addressDetailDetailsCity1","interaction":{"idSuffix":"inner"}},"wdio_ui5_key":"applicationmanagesites-display-component---NewSite--addressDetailDetailsCity1"}]}
COMMAND: GET /session/cdd305857320dd590ea5bbf59a31d46e/screenshot - {}
RESULT: {"script":"<script> [1562 bytes]","args":[{"selector":{"id":"application-managesites-display-component---NewSite--addressDetailDetailsCity1","interaction":{"idSuffix":"inner"}},"wdio_ui5_key":"applicationmanagesites-display-component---NewSite--addressDetailDetailsCity1"}]}
RESULT: undefined
COMMAND: POST /session/cdd305857320dd590ea5bbf59a31d46e/execute/async - {"script":"<script> [776 bytes]","args":[{"enterText":"Rosario","selector":{"id":"application-managesites-display-component---NewSite--addressDetailDetailsCity1","interaction":{"idSuffix":"inner"}},"clearTextFirst":true,"interactionType":"ENTER_TEXT"}]}
RESULT: {}
RESULT: {"script":"<script> [776 bytes]","args":[{"enterText":"Rosario","selector":{"id":"application-managesites-display-component---NewSite--addressDetailDetailsCity1","interaction":{"idSuffix":"inner"}},"clearTextFirst":true,"interactionType":"ENTER_TEXT"}]}
COMMAND: POST /session/cdd305857320dd590ea5bbf59a31d46e/execute/async - {"script":"<script> [1562 bytes]","args":[{"selector":{"id":"application-managesites-display-component---NewSite--addressDetailDetailsCountry-arrow"},"wdio_ui5_key":"applicationmanagesites-display-component---NewSite--addressDetailDetailsCountry-arrow"}]}
RESULT: {"script":"<script> [1562 bytes]","args":[{"selector":{"id":"application-managesites-display-component---NewSite--addressDetailDetailsCountry-arrow"},"wdio_ui5_key":"applicationmanagesites-display-component---NewSite--addressDetailDetailsCountry-arrow"}]}
RESULT: undefined
COMMAND: POST /session/cdd305857320dd590ea5bbf59a31d46e/element - {"using":"xpath","value":"//*[@id=\"application-managesites-display-component---NewSite--addressDetailDetailsCountry-arrow\"]"}
RESULT: {"using":"xpath","value":"//*[@id=\"application-managesites-display-component---NewSite--addressDetailDetailsCountry-arrow\"]"}
COMMAND: POST /session/cdd305857320dd590ea5bbf59a31d46e/element/f.492DEA3F6A95B07ADA96E928C4F8A0EF.d.C8127BFAE3B22A34830454D12B7EF5E2.e.13696/click - {}
RESULT: {}
COMMAND: POST /session/cdd305857320dd590ea5bbf59a31d46e/element - {"using":"xpath","value":"//span[contains(text(), \"Argentina\")]"}
COMMAND: GET /session/cdd305857320dd590ea5bbf59a31d46e/screenshot - {}
RESULT: {"using":"xpath","value":"//span[contains(text(), \"Argentina\")]"}
COMMAND: POST /session/cdd305857320dd590ea5bbf59a31d46e/element/f.492DEA3F6A95B07ADA96E928C4F8A0EF.d.C8127BFAE3B22A34830454D12B7EF5E2.e.13697/click - {}
RESULT: {}
RESULT: {}
COMMAND: GET /session/cdd305857320dd590ea5bbf59a31d46e/screenshot - {}
RESULT: {}
COMMAND: POST /session/cdd305857320dd590ea5bbf59a31d46e/execute/async - {"script":"<script> [1562 bytes]","args":[{"selector":{"id":"application-managesites-display-component---NewSite--addressEditDetailsCostObjectCstType-arrow"},"wdio_ui5_key":"applicationmanagesites-display-component---NewSite--addressEditDetailsCostObjectCstType-arrow"}]}
RESULT: {"script":"<script> [1562 bytes]","args":[{"selector":{"id":"application-managesites-display-component---NewSite--addressEditDetailsCostObjectCstType-arrow"},"wdio_ui5_key":"applicationmanagesites-display-component---NewSite--addressEditDetailsCostObjectCstType-arrow"}]}
RESULT: undefined
COMMAND: POST /session/cdd305857320dd590ea5bbf59a31d46e/element - {"using":"xpath","value":"//*[@id=\"application-managesites-display-component---NewSite--addressEditDetailsCostObjectCstType-arrow\"]"}
RESULT: {"using":"xpath","value":"//*[@id=\"application-managesites-display-component---NewSite--addressEditDetailsCostObjectCstType-arrow\"]"}
COMMAND: POST /session/cdd305857320dd590ea5bbf59a31d46e/element/f.492DEA3F6A95B07ADA96E928C4F8A0EF.d.C8127BFAE3B22A34830454D12B7EF5E2.e.13699/click - {}
RESULT: {}
COMMAND: POST /session/cdd305857320dd590ea5bbf59a31d46e/element - {"using":"xpath","value":"//span[contains(text(), \"Cost Center\")]"}
COMMAND: GET /session/cdd305857320dd590ea5bbf59a31d46e/screenshot - {}
RESULT: {"using":"xpath","value":"//span[contains(text(), \"Cost Center\")]"}
COMMAND: POST /session/cdd305857320dd590ea5bbf59a31d46e/element/f.492DEA3F6A95B07ADA96E928C4F8A0EF.d.C8127BFAE3B22A34830454D12B7EF5E2.e.13701/click - {}
RESULT: {}
RESULT: {}
COMMAND: GET /session/cdd305857320dd590ea5bbf59a31d46e/screenshot - {}
RESULT: {}
COMMAND: POST /session/cdd305857320dd590ea5bbf59a31d46e/element - {"using":"xpath","value":"//span[@id=\"application-managesites-display-component---NewSite--addressNewCostObjectCstID-vhi\"]"}
RESULT: {"using":"xpath","value":"//span[@id=\"application-managesites-display-component---NewSite--addressNewCostObjectCstID-vhi\"]"}
COMMAND: POST /session/cdd305857320dd590ea5bbf59a31d46e/execute/sync - {"script":"<script> [8489 bytes]","args":[{"element-6066-11e4-a52e-4f735466cecf":"f.492DEA3F6A95B07ADA96E928C4F8A0EF.d.C8127BFAE3B22A34830454D12B7EF5E2.e.13705","ELEMENT":"f.492DEA3F6A95B07ADA96E928C4F8A0EF.d.C8127BFAE3B22A34830454D12B7EF5E2.e.13705"}]}
RESULT: {"script":"<script> [8489 bytes]","args":[{"element-6066-11e4-a52e-4f735466cecf":"f.492DEA3F6A95B07ADA96E928C4F8A0EF.d.C8127BFAE3B22A34830454D12B7EF5E2.e.13705","ELEMENT":"f.492DEA3F6A95B07ADA96E928C4F8A0EF.d.C8127BFAE3B22A34830454D12B7EF5E2.e.13705"}]}
COMMAND: POST /session/cdd305857320dd590ea5bbf59a31d46e/execute/async - {"script":"<script> [1562 bytes]","args":[{"selector":{"id":"application-managesites-display-component---NewSite--addressNewCostObjectCstID-vhi"},"wdio_ui5_key":"applicationmanagesites-display-component---NewSite--addressNewCostObjectCstID-vhi"}]}
COMMAND: GET /session/cdd305857320dd590ea5bbf59a31d46e/screenshot - {}
RESULT: {"script":"<script> [1562 bytes]","args":[{"selector":{"id":"application-managesites-display-component---NewSite--addressNewCostObjectCstID-vhi"},"wdio_ui5_key":"applicationmanagesites-display-component---NewSite--addressNewCostObjectCstID-vhi"}]}
RESULT: undefined
COMMAND: POST /session/cdd305857320dd590ea5bbf59a31d46e/element - {"using":"xpath","value":"//*[@id=\"application-managesites-display-component---NewSite--addressNewCostObjectCstID-vhi\"]"}
RESULT: {}
RESULT: {"using":"xpath","value":"//*[@id=\"application-managesites-display-component---NewSite--addressNewCostObjectCstID-vhi\"]"}
COMMAND: POST /session/cdd305857320dd590ea5bbf59a31d46e/element/f.492DEA3F6A95B07ADA96E928C4F8A0EF.d.C8127BFAE3B22A34830454D12B7EF5E2.e.13705/click - {}
RESULT: {}
COMMAND: GET /session/cdd305857320dd590ea5bbf59a31d46e/screenshot - {}
RESULT: {}
RESULT: undefined
COMMAND: POST /session/cdd305857320dd590ea5bbf59a31d46e/execute/async - {"script":"<script> [776 bytes]","args":[{"enterText":"10001013","selector":{"controlType":"sap.m.SearchField","properties":{"placeholder":"Search"},"searchOpenDialogs":true,"interaction":{"idSuffix":"I"}},"clearTextFirst":true,"interactionType":"ENTER_TEXT"}]}
RESULT: {"script":"<script> [776 bytes]","args":[{"enterText":"10001013","selector":{"controlType":"sap.m.SearchField","properties":{"placeholder":"Search"},"searchOpenDialogs":true,"interaction":{"idSuffix":"I"}},"clearTextFirst":true,"interactionType":"ENTER_TEXT"}]}
COMMAND: POST /session/cdd305857320dd590ea5bbf59a31d46e/actions - {"actions":[{"id":"action41","type":"key","parameters":{},"actions":[{"type":"keyDown","value":""},{"type":"pause","duration":10},{"type":"keyUp","value":""}]}]}
RESULT: {"actions":[{"id":"action41","type":"key","parameters":{},"actions":[{"type":"keyDown","value":""},{"type":"pause","duration":10},{"type":"keyUp","value":""}]}]}
COMMAND: GET /session/cdd305857320dd590ea5bbf59a31d46e/screenshot - {}
RESULT: {}
COMMAND: POST /session/cdd305857320dd590ea5bbf59a31d46e/element - {"using":"xpath","value":"//span[contains(text(), \"General Management\")]"}
RESULT: {"using":"xpath","value":"//span[contains(text(), \"General Management\")]"}
COMMAND: POST /session/cdd305857320dd590ea5bbf59a31d46e/element/f.492DEA3F6A95B07ADA96E928C4F8A0EF.d.C8127BFAE3B22A34830454D12B7EF5E2.e.13744/click - {}
RESULT: {}
COMMAND: GET /session/cdd305857320dd590ea5bbf59a31d46e/screenshot - {}
RESULT: {}
COMMAND: POST /session/cdd305857320dd590ea5bbf59a31d46e/element - {"using":"xpath","value":"//bdi[contains(text(), \"OK\")]"}
RESULT: {"using":"xpath","value":"//bdi[contains(text(), \"OK\")]"}
COMMAND: POST /session/cdd305857320dd590ea5bbf59a31d46e/element/f.492DEA3F6A95B07ADA96E928C4F8A0EF.d.C8127BFAE3B22A34830454D12B7EF5E2.e.13745/click - {}
RESULT: {}
COMMAND: GET /session/cdd305857320dd590ea5bbf59a31d46e/screenshot - {}
RESULT: {}
COMMAND: POST /session/cdd305857320dd590ea5bbf59a31d46e/element - {"using":"xpath","value":"//input[@id=\"application-managesites-display-component---NewSite--addressDetailDetailsCalendar-inner\"]"}
RESULT: {"using":"xpath","value":"//input[@id=\"application-managesites-display-component---NewSite--addressDetailDetailsCalendar-inner\"]"}
COMMAND: POST /session/cdd305857320dd590ea5bbf59a31d46e/element/f.492DEA3F6A95B07ADA96E928C4F8A0EF.d.C8127BFAE3B22A34830454D12B7EF5E2.e.13488/clear - {}
RESULT: {}
COMMAND: POST /session/cdd305857320dd590ea5bbf59a31d46e/element/f.492DEA3F6A95B07ADA96E928C4F8A0EF.d.C8127BFAE3B22A34830454D12B7EF5E2.e.13488/value - {"text":"Unit"}
COMMAND: GET /session/cdd305857320dd590ea5bbf59a31d46e/screenshot - {}
RESULT: {"text":"Unit"}
COMMAND: GET /session/cdd305857320dd590ea5bbf59a31d46e/screenshot - {}
RESULT: {}
RESULT: {}
COMMAND: POST /session/cdd305857320dd590ea5bbf59a31d46e/actions - {"actions":[{"id":"action42","type":"key","parameters":{},"actions":[{"type":"keyDown","value":""},{"type":"pause","duration":10},{"type":"keyUp","value":""}]}]}
RESULT: {"actions":[{"id":"action42","type":"key","parameters":{},"actions":[{"type":"keyDown","value":""},{"type":"pause","duration":10},{"type":"keyUp","value":""}]}]}
COMMAND: POST /session/cdd305857320dd590ea5bbf59a31d46e/element - {"using":"xpath","value":"//input[@id=\"application-managesites-display-component---NewSite--addressDetailDetailsYard-inner\"]"}
COMMAND: GET /session/cdd305857320dd590ea5bbf59a31d46e/screenshot - {}
RESULT: {"using":"xpath","value":"//input[@id=\"application-managesites-display-component---NewSite--addressDetailDetailsYard-inner\"]"}
COMMAND: POST /session/cdd305857320dd590ea5bbf59a31d46e/element/f.492DEA3F6A95B07ADA96E928C4F8A0EF.d.C8127BFAE3B22A34830454D12B7EF5E2.e.13489/clear - {}
RESULT: {}
RESULT: {}
COMMAND: POST /session/cdd305857320dd590ea5bbf59a31d46e/element/f.492DEA3F6A95B07ADA96E928C4F8A0EF.d.C8127BFAE3B22A34830454D12B7EF5E2.e.13489/value - {"text":"393"}
COMMAND: GET /session/cdd305857320dd590ea5bbf59a31d46e/screenshot - {}
RESULT: {"text":"393"}
COMMAND: GET /session/cdd305857320dd590ea5bbf59a31d46e/screenshot - {}
RESULT: {}
RESULT: {}
COMMAND: POST /session/cdd305857320dd590ea5bbf59a31d46e/element - {"using":"xpath","value":"//li[.//span[text()='393']]"}
RESULT: {"using":"xpath","value":"//li[.//span[text()='393']]"}
COMMAND: POST /session/cdd305857320dd590ea5bbf59a31d46e/element/f.492DEA3F6A95B07ADA96E928C4F8A0EF.d.C8127BFAE3B22A34830454D12B7EF5E2.e.13753/click - {}
RESULT: {}
COMMAND: GET /session/cdd305857320dd590ea5bbf59a31d46e/screenshot - {}
RESULT: {}
COMMAND: POST /session/cdd305857320dd590ea5bbf59a31d46e/element - {"using":"xpath","value":"//input[@id=\"application-managesites-display-component---NewSite--addressDetailDetailsPartner-inner\"]"}
RESULT: {"using":"xpath","value":"//input[@id=\"application-managesites-display-component---NewSite--addressDetailDetailsPartner-inner\"]"}
COMMAND: POST /session/cdd305857320dd590ea5bbf59a31d46e/element - {"using":"xpath","value":"//input[@id=\"application-managesites-display-component---NewSite--addressDetailDetailsPartner-inner\"]"}
RESULT: {"using":"xpath","value":"//input[@id=\"application-managesites-display-component---NewSite--addressDetailDetailsPartner-inner\"]"}
COMMAND: POST /session/cdd305857320dd590ea5bbf59a31d46e/element - {"using":"xpath","value":"//button[@data-kt=\"saveButton\"]"}
RESULT: {"using":"xpath","value":"//button[@data-kt=\"saveButton\"]"}
COMMAND: POST /session/cdd305857320dd590ea5bbf59a31d46e/element/f.492DEA3F6A95B07ADA96E928C4F8A0EF.d.C8127BFAE3B22A34830454D12B7EF5E2.e.13686/click - {}
RESULT: {}
COMMAND: GET /session/cdd305857320dd590ea5bbf59a31d46e/screenshot - {}
RESULT: {}
COMMAND: POST /session/cdd305857320dd590ea5bbf59a31d46e/element - {"using":"xpath","value":"//header[contains(@id, 'ObjectPageLayout-headerTitle')]/div[1]/div[2]/div[2]/span[1]"}
RESULT: {"using":"xpath","value":"//header[contains(@id, 'ObjectPageLayout-headerTitle')]/div[1]/div[2]/div[2]/span[1]"}
COMMAND: POST /session/cdd305857320dd590ea5bbf59a31d46e/elements - {"using":"xpath","value":"//header[contains(@id, 'ObjectPageLayout-headerTitle')]/div[1]/div[2]/div[2]/span[1]"}
RESULT: {"using":"xpath","value":"//header[contains(@id, 'ObjectPageLayout-headerTitle')]/div[1]/div[2]/div[2]/span[1]"}
COMMAND: POST /session/cdd305857320dd590ea5bbf59a31d46e/execute/sync - {"script":"<script> [56 bytes]","args":[{"element-6066-11e4-a52e-4f735466cecf":"f.492DEA3F6A95B07ADA96E928C4F8A0EF.d.C8127BFAE3B22A34830454D12B7EF5E2.e.13957","ELEMENT":"f.492DEA3F6A95B07ADA96E928C4F8A0EF.d.C8127BFAE3B22A34830454D12B7EF5E2.e.13957"}]}
RESULT: {"script":"<script> [56 bytes]","args":[{"element-6066-11e4-a52e-4f735466cecf":"f.492DEA3F6A95B07ADA96E928C4F8A0EF.d.C8127BFAE3B22A34830454D12B7EF5E2.e.13957","ELEMENT":"f.492DEA3F6A95B07ADA96E928C4F8A0EF.d.C8127BFAE3B22A34830454D12B7EF5E2.e.13957"}]}
COMMAND: POST /session/cdd305857320dd590ea5bbf59a31d46e/element - {"using":"css selector","value":"#shell-header-logo"}
COMMAND: GET /session/cdd305857320dd590ea5bbf59a31d46e/screenshot - {}
RESULT: {"using":"css selector","value":"#shell-header-logo"}
COMMAND: POST /session/cdd305857320dd590ea5bbf59a31d46e/element/f.492DEA3F6A95B07ADA96E928C4F8A0EF.d.C8127BFAE3B22A34830454D12B7EF5E2.e.13251/click - {}
RESULT: {}
RESULT: {}
COMMAND: GET /session/cdd305857320dd590ea5bbf59a31d46e/screenshot - {}
RESULT: {}
COMMAND: POST /session/cdd305857320dd590ea5bbf59a31d46e/execute/sync - {"script":"<script> [299 bytes]","args":[["getModel","getResource"]]}
RESULT: {"script":"<script> [299 bytes]","args":[["getModel","getResource"]]}
COMMAND: POST /session/cdd305857320dd590ea5bbf59a31d46e/actions - {"actions":[{"id":"action43","type":"key","parameters":{},"actions":[{"type":"keyDown","value":""},{"type":"pause","duration":10},{"type":"keyUp","value":""}]}]}
COMMAND: GET /session/cdd305857320dd590ea5bbf59a31d46e/screenshot - {}
RESULT: {"actions":[{"id":"action43","type":"key","parameters":{},"actions":[{"type":"keyDown","value":""},{"type":"pause","duration":10},{"type":"keyUp","value":""}]}]}
COMMAND: GET /session/cdd305857320dd590ea5bbf59a31d46e/screenshot - {}
RESULT: {}
RESULT: {}
COMMAND: POST /session/cdd305857320dd590ea5bbf59a31d46e/refresh - {}
RESULT: {}
COMMAND: GET /session/cdd305857320dd590ea5bbf59a31d46e/screenshot - {}
RESULT: {}
COMMAND: POST /session/cdd305857320dd590ea5bbf59a31d46e/refresh - {}
RESULT: {}
COMMAND: GET /session/cdd305857320dd590ea5bbf59a31d46e/screenshot - {}
RESULT: {}
COMMAND: POST /session/cdd305857320dd590ea5bbf59a31d46e/window/fullscreen - {}
RESULT: {}
COMMAND: POST /session/cdd305857320dd590ea5bbf59a31d46e/execute/async - {"script":"<script> [189 bytes]","args":[]}
RESULT: {"script":"<script> [189 bytes]","args":[]}
COMMAND: POST /session/cdd305857320dd590ea5bbf59a31d46e/execute/async - {"script":"<script> [123 bytes]","args":[]}
RESULT: {"script":"<script> [123 bytes]","args":[]}
COMMAND: POST /session/cdd305857320dd590ea5bbf59a31d46e/timeouts - {"script":"<number>"}
RESULT: {"script":"<number>"}
COMMAND: GET /session/cdd305857320dd590ea5bbf59a31d46e/timeouts - {}
RESULT: {}
RESULT: undefined
COMMAND: POST /session/cdd305857320dd590ea5bbf59a31d46e/execute/async - {"script":"<script> [2676 bytes]","args":[]}
RESULT: {"script":"<script> [2676 bytes]","args":[]}
COMMAND: POST /session/cdd305857320dd590ea5bbf59a31d46e/execute/async - {"script":"<script> [2342 bytes]","args":[{"protocol":"http","hostname":"0.0.0.0","path":"/","capabilities":{"browserName":"chrome","goog:chromeOptions":{"binary":"C:\\Program Files\\Google\\Chrome\\Application\\chrome.exe","args":["--start-maximized"]}},"logLevel":"warn","connectionRetryTimeout":120000,"connectionRetryCount":3,"logLevels":{},"enableDirectConnect":true,"strictSSL":true,"_":"65 more keys: [\"cacheDir\",\"port\",\"requestedCapabilities\",\"automationProtocol\",\"baseUrl\",\"waitforInterval\",\"waitforTimeout\",\"onReload\",\"beforeCommand\",\"afterCommand\",\"rootDir\",\"specs\",\"suites\",\"exclude\",\"groupLogsByTestSpec\",\"excludeDriverLogs\",\"bail\",\"framework\",\"reporters\",\"services\",\"maxInstances\",\"maxInstancesPerCapability\",\"injectGlobals\",\"filesToWatch\",\"execArgv\",\"runnerEnv\",\"runner\",\"shard\",\"specFileRetries\",\"specFileRetriesDelay\",\"specFileRetriesDeferred\",\"reporterSyncInterval\",\"reporterSyncTimeout\",\"cucumberFeaturesWithLineNumbers\",\"autoCompileOpts\",\"mochaOpts\",\"jasmineOpts\",\"cucumberOpts\",\"onPrepare\",\"onWorkerStart\",\"onWorkerEnd\",\"before\",\"beforeSession\",\"beforeSuite\",\"beforeHook\",\"beforeTest\",\"afterTest\",\"afterHook\",\"afterSuite\",\"afterSession\",\"after\",\"onComplete\",\"beforeAssertion\",\"afterAssertion\",\"beforeFeature\",\"beforeScenario\",\"beforeStep\",\"afterStep\",\"afterScenario\",\"afterFeature\",\"_\",\"suite\",\"$0\",\"ignoredWorkerServices\",\"wdi5\"]"}]}
RESULT: {"script":"<script> [2342 bytes]","args":[{"protocol":"http","hostname":"0.0.0.0","path":"/","capabilities":{"browserName":"chrome","goog:chromeOptions":{"binary":"C:\\Program Files\\Google\\Chrome\\Application\\chrome.exe","args":["--start-maximized"]}},"logLevel":"warn","connectionRetryTimeout":120000,"connectionRetryCount":3,"logLevels":{},"enableDirectConnect":true,"strictSSL":true,"_":"65 more keys: [\"cacheDir\",\"port\",\"requestedCapabilities\",\"automationProtocol\",\"baseUrl\",\"waitforInterval\",\"waitforTimeout\",\"onReload\",\"beforeCommand\",\"afterCommand\",\"rootDir\",\"specs\",\"suites\",\"exclude\",\"groupLogsByTestSpec\",\"excludeDriverLogs\",\"bail\",\"framework\",\"reporters\",\"services\",\"maxInstances\",\"maxInstancesPerCapability\",\"injectGlobals\",\"filesToWatch\",\"execArgv\",\"runnerEnv\",\"runner\",\"shard\",\"specFileRetries\",\"specFileRetriesDelay\",\"specFileRetriesDeferred\",\"reporterSyncInterval\",\"reporterSyncTimeout\",\"cucumberFeaturesWithLineNumbers\",\"autoCompileOpts\",\"mochaOpts\",\"jasmineOpts\",\"cucumberOpts\",\"onPrepare\",\"onWorkerStart\",\"onWorkerEnd\",\"before\",\"beforeSession\",\"beforeSuite\",\"beforeHook\",\"beforeTest\",\"afterTest\",\"afterHook\",\"afterSuite\",\"afterSession\",\"after\",\"onComplete\",\"beforeAssertion\",\"afterAssertion\",\"beforeFeature\",\"beforeScenario\",\"beforeStep\",\"afterStep\",\"afterScenario\",\"afterFeature\",\"_\",\"suite\",\"$0\",\"ignoredWorkerServices\",\"wdi5\"]"}]}
COMMAND: POST /session/cdd305857320dd590ea5bbf59a31d46e/execute/async - {"script":"<script> [21126 bytes]","args":[35000]}
RESULT: {"script":"<script> [21126 bytes]","args":[35000]}
COMMAND: POST /session/cdd305857320dd590ea5bbf59a31d46e/window/fullscreen - {}
RESULT: {}
]]></system-out>
    </testcase>
    <testcase classname="chrome.136_0_7103_93.windows.Provide_to_Site_w/o_warehouse_management_w/_clarification_US116605" name="Should create a new material" time="136.518">
      <system-out><![CDATA[
COMMAND: POST /session/cdd305857320dd590ea5bbf59a31d46e/execute/async - {"script":"<script> [1562 bytes]","args":[{"selector":{"controlType":"sap.m.GenericTile","properties":{"header":"Manage Resources"}},"wdio_ui5_key":"sapm.GenericTile{\"header\":\"Manage Resources\"}"}]}
RESULT: {"script":"<script> [1562 bytes]","args":[{"selector":{"controlType":"sap.m.GenericTile","properties":{"header":"Manage Resources"}},"wdio_ui5_key":"sapm.GenericTile{\"header\":\"Manage Resources\"}"}]}
RESULT: undefined
COMMAND: POST /session/cdd305857320dd590ea5bbf59a31d46e/element - {"using":"xpath","value":"//*[@id=\"__tile31\"]"}
RESULT: {"using":"xpath","value":"//*[@id=\"__tile31\"]"}
COMMAND: POST /session/cdd305857320dd590ea5bbf59a31d46e/element/f.492DEA3F6A95B07ADA96E928C4F8A0EF.d.78895829AB79F375BAFC442C32FAB3F5.e.14033/click - {}
RESULT: {}
COMMAND: GET /session/cdd305857320dd590ea5bbf59a31d46e/screenshot - {}
RESULT: {}
COMMAND: POST /session/cdd305857320dd590ea5bbf59a31d46e/elements - {"using":"xpath","value":"//span[text()='Error']"}
RESULT: {"using":"xpath","value":"//span[text()='Error']"}
COMMAND: POST /session/cdd305857320dd590ea5bbf59a31d46e/element - {"using":"xpath","value":"//button[@data-kt=\"addNewRUOverflowToolbarButton\"]"}
RESULT: {"using":"xpath","value":"//button[@data-kt=\"addNewRUOverflowToolbarButton\"]"}
COMMAND: POST /session/cdd305857320dd590ea5bbf59a31d46e/elements - {"using":"xpath","value":"//button[@data-kt=\"addNewRUOverflowToolbarButton\"]"}
RESULT: {"using":"xpath","value":"//button[@data-kt=\"addNewRUOverflowToolbarButton\"]"}
COMMAND: POST /session/cdd305857320dd590ea5bbf59a31d46e/elements - {"using":"xpath","value":"//button[@data-kt=\"addNewRUOverflowToolbarButton\"]"}
RESULT: {"using":"xpath","value":"//button[@data-kt=\"addNewRUOverflowToolbarButton\"]"}
COMMAND: POST /session/cdd305857320dd590ea5bbf59a31d46e/element - {"using":"xpath","value":"//button[@data-kt=\"addNewRUOverflowToolbarButton\"]"}
RESULT: {"using":"xpath","value":"//button[@data-kt=\"addNewRUOverflowToolbarButton\"]"}
COMMAND: POST /session/cdd305857320dd590ea5bbf59a31d46e/execute/sync - {"script":"<script> [8489 bytes]","args":[{"element-6066-11e4-a52e-4f735466cecf":"f.492DEA3F6A95B07ADA96E928C4F8A0EF.d.78895829AB79F375BAFC442C32FAB3F5.e.14153","ELEMENT":"f.492DEA3F6A95B07ADA96E928C4F8A0EF.d.78895829AB79F375BAFC442C32FAB3F5.e.14153"}]}
RESULT: {"script":"<script> [8489 bytes]","args":[{"element-6066-11e4-a52e-4f735466cecf":"f.492DEA3F6A95B07ADA96E928C4F8A0EF.d.78895829AB79F375BAFC442C32FAB3F5.e.14153","ELEMENT":"f.492DEA3F6A95B07ADA96E928C4F8A0EF.d.78895829AB79F375BAFC442C32FAB3F5.e.14153"}]}
COMMAND: GET /session/cdd305857320dd590ea5bbf59a31d46e/element/f.492DEA3F6A95B07ADA96E928C4F8A0EF.d.78895829AB79F375BAFC442C32FAB3F5.e.14153/enabled - {}
COMMAND: GET /session/cdd305857320dd590ea5bbf59a31d46e/screenshot - {}
RESULT: {}
COMMAND: POST /session/cdd305857320dd590ea5bbf59a31d46e/execute/sync - {"script":"<script> [8489 bytes]","args":[{"element-6066-11e4-a52e-4f735466cecf":"f.492DEA3F6A95B07ADA96E928C4F8A0EF.d.78895829AB79F375BAFC442C32FAB3F5.e.14153","ELEMENT":"f.492DEA3F6A95B07ADA96E928C4F8A0EF.d.78895829AB79F375BAFC442C32FAB3F5.e.14153"}]}
COMMAND: GET /session/cdd305857320dd590ea5bbf59a31d46e/screenshot - {}
RESULT: {}
RESULT: {"script":"<script> [8489 bytes]","args":[{"element-6066-11e4-a52e-4f735466cecf":"f.492DEA3F6A95B07ADA96E928C4F8A0EF.d.78895829AB79F375BAFC442C32FAB3F5.e.14153","ELEMENT":"f.492DEA3F6A95B07ADA96E928C4F8A0EF.d.78895829AB79F375BAFC442C32FAB3F5.e.14153"}]}
COMMAND: POST /session/cdd305857320dd590ea5bbf59a31d46e/execute/sync - {"script":"<script> [5351 bytes]","args":[{"element-6066-11e4-a52e-4f735466cecf":"f.492DEA3F6A95B07ADA96E928C4F8A0EF.d.78895829AB79F375BAFC442C32FAB3F5.e.14153","ELEMENT":"f.492DEA3F6A95B07ADA96E928C4F8A0EF.d.78895829AB79F375BAFC442C32FAB3F5.e.14153"}]}
COMMAND: GET /session/cdd305857320dd590ea5bbf59a31d46e/screenshot - {}
RESULT: {}
RESULT: {"script":"<script> [5351 bytes]","args":[{"element-6066-11e4-a52e-4f735466cecf":"f.492DEA3F6A95B07ADA96E928C4F8A0EF.d.78895829AB79F375BAFC442C32FAB3F5.e.14153","ELEMENT":"f.492DEA3F6A95B07ADA96E928C4F8A0EF.d.78895829AB79F375BAFC442C32FAB3F5.e.14153"}]}
COMMAND: POST /session/cdd305857320dd590ea5bbf59a31d46e/element/f.492DEA3F6A95B07ADA96E928C4F8A0EF.d.78895829AB79F375BAFC442C32FAB3F5.e.14153/click - {}
COMMAND: GET /session/cdd305857320dd590ea5bbf59a31d46e/screenshot - {}
RESULT: {}
RESULT: {}
COMMAND: GET /session/cdd305857320dd590ea5bbf59a31d46e/screenshot - {}
RESULT: {}
COMMAND: POST /session/cdd305857320dd590ea5bbf59a31d46e/execute/async - {"script":"<script> [1562 bytes]","args":[{"selector":{"id":"application-manageresources-display-component---newResourceUnit--TYPE-arrow"},"wdio_ui5_key":"applicationmanageresources-display-component---newResourceUnit--TYPE-arrow"}]}
RESULT: {}
RESULT: {"script":"<script> [1562 bytes]","args":[{"selector":{"id":"application-manageresources-display-component---newResourceUnit--TYPE-arrow"},"wdio_ui5_key":"applicationmanageresources-display-component---newResourceUnit--TYPE-arrow"}]}
RESULT: undefined
COMMAND: POST /session/cdd305857320dd590ea5bbf59a31d46e/element - {"using":"xpath","value":"//*[@id=\"application-manageresources-display-component---newResourceUnit--TYPE-arrow\"]"}
RESULT: {"using":"xpath","value":"//*[@id=\"application-manageresources-display-component---newResourceUnit--TYPE-arrow\"]"}
COMMAND: POST /session/cdd305857320dd590ea5bbf59a31d46e/element/f.492DEA3F6A95B07ADA96E928C4F8A0EF.d.78895829AB79F375BAFC442C32FAB3F5.e.14499/click - {}
RESULT: {}
COMMAND: POST /session/cdd305857320dd590ea5bbf59a31d46e/element - {"using":"xpath","value":"//input[@id=\"application-manageresources-display-component---newResourceUnit--TYPE-inner\"]"}
COMMAND: GET /session/cdd305857320dd590ea5bbf59a31d46e/screenshot - {}
RESULT: {"using":"xpath","value":"//input[@id=\"application-manageresources-display-component---newResourceUnit--TYPE-inner\"]"}
COMMAND: POST /session/cdd305857320dd590ea5bbf59a31d46e/element/f.492DEA3F6A95B07ADA96E928C4F8A0EF.d.78895829AB79F375BAFC442C32FAB3F5.e.14495/clear - {}
RESULT: {}
RESULT: {}
COMMAND: POST /session/cdd305857320dd590ea5bbf59a31d46e/element/f.492DEA3F6A95B07ADA96E928C4F8A0EF.d.78895829AB79F375BAFC442C32FAB3F5.e.14495/value - {"text":"Material"}
COMMAND: GET /session/cdd305857320dd590ea5bbf59a31d46e/screenshot - {}
RESULT: {"text":"Material"}
COMMAND: GET /session/cdd305857320dd590ea5bbf59a31d46e/screenshot - {}
RESULT: {}
RESULT: {}
COMMAND: POST /session/cdd305857320dd590ea5bbf59a31d46e/actions - {"actions":[{"id":"action44","type":"key","parameters":{},"actions":[{"type":"keyDown","value":""},{"type":"pause","duration":10},{"type":"keyUp","value":""}]}]}
RESULT: {"actions":[{"id":"action44","type":"key","parameters":{},"actions":[{"type":"keyDown","value":""},{"type":"pause","duration":10},{"type":"keyUp","value":""}]}]}
COMMAND: POST /session/cdd305857320dd590ea5bbf59a31d46e/execute/async - {"script":"<script> [1562 bytes]","args":[{"selector":{"id":"application-manageresources-display-component---newResourceUnit--SHORT_TEXT","interaction":{"idSuffix":"inner"}},"wdio_ui5_key":"applicationmanageresources-display-component---newResourceUnit--SHORT_TEXT"}]}
COMMAND: GET /session/cdd305857320dd590ea5bbf59a31d46e/screenshot - {}
RESULT: {"script":"<script> [1562 bytes]","args":[{"selector":{"id":"application-manageresources-display-component---newResourceUnit--SHORT_TEXT","interaction":{"idSuffix":"inner"}},"wdio_ui5_key":"applicationmanageresources-display-component---newResourceUnit--SHORT_TEXT"}]}
RESULT: undefined
COMMAND: POST /session/cdd305857320dd590ea5bbf59a31d46e/execute/async - {"script":"<script> [776 bytes]","args":[{"enterText":"Cement WDIO","selector":{"id":"application-manageresources-display-component---newResourceUnit--SHORT_TEXT","interaction":{"idSuffix":"inner"}},"clearTextFirst":true,"interactionType":"ENTER_TEXT"}]}
RESULT: {}
RESULT: {"script":"<script> [776 bytes]","args":[{"enterText":"Cement WDIO","selector":{"id":"application-manageresources-display-component---newResourceUnit--SHORT_TEXT","interaction":{"idSuffix":"inner"}},"clearTextFirst":true,"interactionType":"ENTER_TEXT"}]}
COMMAND: POST /session/cdd305857320dd590ea5bbf59a31d46e/execute/async - {"script":"<script> [1562 bytes]","args":[{"selector":{"id":"application-manageresources-display-component---newResourceUnit--BASE_UNIT_OF_MEASURE","interaction":{"idSuffix":"inner"}},"wdio_ui5_key":"applicationmanageresources-display-component---newResourceUnit--BASE_UNIT_OF_MEASURE"}]}
RESULT: {"script":"<script> [1562 bytes]","args":[{"selector":{"id":"application-manageresources-display-component---newResourceUnit--BASE_UNIT_OF_MEASURE","interaction":{"idSuffix":"inner"}},"wdio_ui5_key":"applicationmanageresources-display-component---newResourceUnit--BASE_UNIT_OF_MEASURE"}]}
RESULT: undefined
COMMAND: POST /session/cdd305857320dd590ea5bbf59a31d46e/execute/async - {"script":"<script> [776 bytes]","args":[{"enterText":"Piece","selector":{"id":"application-manageresources-display-component---newResourceUnit--BASE_UNIT_OF_MEASURE","interaction":{"idSuffix":"inner"}},"clearTextFirst":true,"interactionType":"ENTER_TEXT"}]}
RESULT: {"script":"<script> [776 bytes]","args":[{"enterText":"Piece","selector":{"id":"application-manageresources-display-component---newResourceUnit--BASE_UNIT_OF_MEASURE","interaction":{"idSuffix":"inner"}},"clearTextFirst":true,"interactionType":"ENTER_TEXT"}]}
COMMAND: POST /session/cdd305857320dd590ea5bbf59a31d46e/execute/async - {"script":"<script> [1562 bytes]","args":[{"selector":{"id":"application-manageresources-display-component---newResourceUnit--WEIGHT_UNIT","interaction":{"idSuffix":"inner"}},"wdio_ui5_key":"applicationmanageresources-display-component---newResourceUnit--WEIGHT_UNIT"}]}
RESULT: {"script":"<script> [1562 bytes]","args":[{"selector":{"id":"application-manageresources-display-component---newResourceUnit--WEIGHT_UNIT","interaction":{"idSuffix":"inner"}},"wdio_ui5_key":"applicationmanageresources-display-component---newResourceUnit--WEIGHT_UNIT"}]}
RESULT: undefined
COMMAND: POST /session/cdd305857320dd590ea5bbf59a31d46e/execute/async - {"script":"<script> [776 bytes]","args":[{"enterText":"Gram","selector":{"id":"application-manageresources-display-component---newResourceUnit--WEIGHT_UNIT","interaction":{"idSuffix":"inner"}},"clearTextFirst":true,"interactionType":"ENTER_TEXT"}]}
RESULT: {"script":"<script> [776 bytes]","args":[{"enterText":"Gram","selector":{"id":"application-manageresources-display-component---newResourceUnit--WEIGHT_UNIT","interaction":{"idSuffix":"inner"}},"clearTextFirst":true,"interactionType":"ENTER_TEXT"}]}
COMMAND: POST /session/cdd305857320dd590ea5bbf59a31d46e/execute/async - {"script":"<script> [1562 bytes]","args":[{"selector":{"id":"application-manageresources-display-component---newResourceUnit--DIMENSION_UNIT","interaction":{"idSuffix":"inner"}},"wdio_ui5_key":"applicationmanageresources-display-component---newResourceUnit--DIMENSION_UNIT"}]}
RESULT: {"script":"<script> [1562 bytes]","args":[{"selector":{"id":"application-manageresources-display-component---newResourceUnit--DIMENSION_UNIT","interaction":{"idSuffix":"inner"}},"wdio_ui5_key":"applicationmanageresources-display-component---newResourceUnit--DIMENSION_UNIT"}]}
RESULT: undefined
COMMAND: POST /session/cdd305857320dd590ea5bbf59a31d46e/execute/async - {"script":"<script> [776 bytes]","args":[{"enterText":"Meter","selector":{"id":"application-manageresources-display-component---newResourceUnit--DIMENSION_UNIT","interaction":{"idSuffix":"inner"}},"clearTextFirst":true,"interactionType":"ENTER_TEXT"}]}
RESULT: {"script":"<script> [776 bytes]","args":[{"enterText":"Meter","selector":{"id":"application-manageresources-display-component---newResourceUnit--DIMENSION_UNIT","interaction":{"idSuffix":"inner"}},"clearTextFirst":true,"interactionType":"ENTER_TEXT"}]}
COMMAND: POST /session/cdd305857320dd590ea5bbf59a31d46e/execute/async - {"script":"<script> [1562 bytes]","args":[{"selector":{"id":"application-manageresources-display-component---newResourceUnit--newRRUPage-anchBar-application-manageresources-display-component---newResourceUnit--control-anchor","interaction":{"idSuffix":"BDI-content"}},"wdio_ui5_key":"applicationmanageresources-display-component---newResourceUnit--newRRUPage-anchBar-application-manageresources-display-component---newResourceUnit--control-anchor"}]}
RESULT: {"script":"<script> [1562 bytes]","args":[{"selector":{"id":"application-manageresources-display-component---newResourceUnit--newRRUPage-anchBar-application-manageresources-display-component---newResourceUnit--control-anchor","interaction":{"idSuffix":"BDI-content"}},"wdio_ui5_key":"applicationmanageresources-display-component---newResourceUnit--newRRUPage-anchBar-application-manageresources-display-component---newResourceUnit--control-anchor"}]}
RESULT: undefined
COMMAND: POST /session/cdd305857320dd590ea5bbf59a31d46e/element - {"using":"xpath","value":"//*[@id=\"application-manageresources-display-component---newResourceUnit--newRRUPage-anchBar-application-manageresources-display-component---newResourceUnit--control-anchor\"]"}
RESULT: {"using":"xpath","value":"//*[@id=\"application-manageresources-display-component---newResourceUnit--newRRUPage-anchBar-application-manageresources-display-component---newResourceUnit--control-anchor\"]"}
COMMAND: POST /session/cdd305857320dd590ea5bbf59a31d46e/element/f.492DEA3F6A95B07ADA96E928C4F8A0EF.d.78895829AB79F375BAFC442C32FAB3F5.e.14632/click - {}
RESULT: {}
COMMAND: POST /session/cdd305857320dd590ea5bbf59a31d46e/execute/async - {"script":"<script> [1562 bytes]","args":[{"selector":{"id":"application-manageresources-display-component---newResourceUnit--PLANNING_GROUP","interaction":{"idSuffix":"inner"}},"wdio_ui5_key":"applicationmanageresources-display-component---newResourceUnit--PLANNING_GROUP"}]}
COMMAND: GET /session/cdd305857320dd590ea5bbf59a31d46e/screenshot - {}
RESULT: {"script":"<script> [1562 bytes]","args":[{"selector":{"id":"application-manageresources-display-component---newResourceUnit--PLANNING_GROUP","interaction":{"idSuffix":"inner"}},"wdio_ui5_key":"applicationmanageresources-display-component---newResourceUnit--PLANNING_GROUP"}]}
RESULT: undefined
COMMAND: POST /session/cdd305857320dd590ea5bbf59a31d46e/execute/async - {"script":"<script> [776 bytes]","args":[{"enterText":"Material","selector":{"id":"application-manageresources-display-component---newResourceUnit--PLANNING_GROUP","interaction":{"idSuffix":"inner"}},"clearTextFirst":true,"interactionType":"ENTER_TEXT"}]}
RESULT: {}
RESULT: {"script":"<script> [776 bytes]","args":[{"enterText":"Material","selector":{"id":"application-manageresources-display-component---newResourceUnit--PLANNING_GROUP","interaction":{"idSuffix":"inner"}},"clearTextFirst":true,"interactionType":"ENTER_TEXT"}]}
COMMAND: POST /session/cdd305857320dd590ea5bbf59a31d46e/execute/async - {"script":"<script> [1562 bytes]","args":[{"selector":{"id":"application-manageresources-display-component---newResourceUnit--PLANNING_INDICATOR","interaction":{"idSuffix":"inner"}},"wdio_ui5_key":"applicationmanageresources-display-component---newResourceUnit--PLANNING_INDICATOR"}]}
RESULT: {"script":"<script> [1562 bytes]","args":[{"selector":{"id":"application-manageresources-display-component---newResourceUnit--PLANNING_INDICATOR","interaction":{"idSuffix":"inner"}},"wdio_ui5_key":"applicationmanageresources-display-component---newResourceUnit--PLANNING_INDICATOR"}]}
RESULT: undefined
COMMAND: POST /session/cdd305857320dd590ea5bbf59a31d46e/execute/async - {"script":"<script> [776 bytes]","args":[{"enterText":"10 - infinite","selector":{"id":"application-manageresources-display-component---newResourceUnit--PLANNING_INDICATOR","interaction":{"idSuffix":"inner"}},"clearTextFirst":true,"interactionType":"ENTER_TEXT"}]}
RESULT: {"script":"<script> [776 bytes]","args":[{"enterText":"10 - infinite","selector":{"id":"application-manageresources-display-component---newResourceUnit--PLANNING_INDICATOR","interaction":{"idSuffix":"inner"}},"clearTextFirst":true,"interactionType":"ENTER_TEXT"}]}
COMMAND: POST /session/cdd305857320dd590ea5bbf59a31d46e/element - {"using":"css selector","value":"#application-manageresources-display-component---newResourceUnit--btnAddTimeSegment"}
RESULT: {"using":"css selector","value":"#application-manageresources-display-component---newResourceUnit--btnAddTimeSegment"}
COMMAND: GET /session/cdd305857320dd590ea5bbf59a31d46e/element/f.492DEA3F6A95B07ADA96E928C4F8A0EF.d.78895829AB79F375BAFC442C32FAB3F5.e.14640/rect - {}
RESULT: {}
COMMAND: GET /session/cdd305857320dd590ea5bbf59a31d46e/window/rect - {}
RESULT: {}
COMMAND: POST /session/cdd305857320dd590ea5bbf59a31d46e/execute/sync - {"script":"<script> [92 bytes]","args":[]}
RESULT: {"script":"<script> [92 bytes]","args":[]}
COMMAND: POST /session/cdd305857320dd590ea5bbf59a31d46e/actions - {"actions":[{"id":"action45","type":"wheel","parameters":{},"actions":[{"type":"scroll","x":-1888,"y":-32,"deltaX":0,"deltaY":0,"duration":0,"origin":{"element-6066-11e4-a52e-4f735466cecf":"f.492DEA3F6A95B07ADA96E928C4F8A0EF.d.78895829AB79F375BAFC442C32FAB3F5.e.14640"}}]}]}
COMMAND: GET /session/cdd305857320dd590ea5bbf59a31d46e/screenshot - {}
RESULT: {}
COMMAND: POST /session/cdd305857320dd590ea5bbf59a31d46e/execute/sync - {"script":"<script> [79 bytes]","args":[{"element-6066-11e4-a52e-4f735466cecf":"f.492DEA3F6A95B07ADA96E928C4F8A0EF.d.78895829AB79F375BAFC442C32FAB3F5.e.14640","ELEMENT":"f.492DEA3F6A95B07ADA96E928C4F8A0EF.d.78895829AB79F375BAFC442C32FAB3F5.e.14640"},{"block":"start","inline":"nearest"}]}
RESULT: {"script":"<script> [79 bytes]","args":[{"element-6066-11e4-a52e-4f735466cecf":"f.492DEA3F6A95B07ADA96E928C4F8A0EF.d.78895829AB79F375BAFC442C32FAB3F5.e.14640","ELEMENT":"f.492DEA3F6A95B07ADA96E928C4F8A0EF.d.78895829AB79F375BAFC442C32FAB3F5.e.14640"},{"block":"start","inline":"nearest"}]}
COMMAND: POST /session/cdd305857320dd590ea5bbf59a31d46e/execute/async - {"script":"<script> [1562 bytes]","args":[{"selector":{"id":"application-manageresources-display-component---newResourceUnit--btnAddTimeSegment","interaction":{"idSuffix":"inner"}},"wdio_ui5_key":"applicationmanageresources-display-component---newResourceUnit--btnAddTimeSegment"}]}
COMMAND: GET /session/cdd305857320dd590ea5bbf59a31d46e/screenshot - {}
RESULT: {"script":"<script> [1562 bytes]","args":[{"selector":{"id":"application-manageresources-display-component---newResourceUnit--btnAddTimeSegment","interaction":{"idSuffix":"inner"}},"wdio_ui5_key":"applicationmanageresources-display-component---newResourceUnit--btnAddTimeSegment"}]}
RESULT: undefined
COMMAND: POST /session/cdd305857320dd590ea5bbf59a31d46e/element - {"using":"xpath","value":"//*[@id=\"application-manageresources-display-component---newResourceUnit--btnAddTimeSegment\"]"}
RESULT: {}
RESULT: {"using":"xpath","value":"//*[@id=\"application-manageresources-display-component---newResourceUnit--btnAddTimeSegment\"]"}
COMMAND: POST /session/cdd305857320dd590ea5bbf59a31d46e/element/f.492DEA3F6A95B07ADA96E928C4F8A0EF.d.78895829AB79F375BAFC442C32FAB3F5.e.14640/click - {}
RESULT: {}
COMMAND: GET /session/cdd305857320dd590ea5bbf59a31d46e/screenshot - {}
RESULT: {}
COMMAND: POST /session/cdd305857320dd590ea5bbf59a31d46e/element - {"using":"xpath","value":"//input[@id=\"application-manageresources-display-component---newResourceUnit--idRuTSAdmin-application-manageresources-display-component---newResourceUnit--RUTimeSegment-0-inner\"]"}
RESULT: {"using":"xpath","value":"//input[@id=\"application-manageresources-display-component---newResourceUnit--idRuTSAdmin-application-manageresources-display-component---newResourceUnit--RUTimeSegment-0-inner\"]"}
COMMAND: POST /session/cdd305857320dd590ea5bbf59a31d46e/element/f.492DEA3F6A95B07ADA96E928C4F8A0EF.d.78895829AB79F375BAFC442C32FAB3F5.e.14645/clear - {}
RESULT: {}
COMMAND: POST /session/cdd305857320dd590ea5bbf59a31d46e/element/f.492DEA3F6A95B07ADA96E928C4F8A0EF.d.78895829AB79F375BAFC442C32FAB3F5.e.14645/value - {"text":"393"}
COMMAND: GET /session/cdd305857320dd590ea5bbf59a31d46e/screenshot - {}
RESULT: {"text":"393"}
COMMAND: GET /session/cdd305857320dd590ea5bbf59a31d46e/screenshot - {}
RESULT: {}
RESULT: {}
COMMAND: POST /session/cdd305857320dd590ea5bbf59a31d46e/element - {"using":"xpath","value":"//li[.//span[text()='393']]"}
RESULT: {"using":"xpath","value":"//li[.//span[text()='393']]"}
COMMAND: POST /session/cdd305857320dd590ea5bbf59a31d46e/element/f.492DEA3F6A95B07ADA96E928C4F8A0EF.d.78895829AB79F375BAFC442C32FAB3F5.e.14654/click - {}
RESULT: {}
COMMAND: GET /session/cdd305857320dd590ea5bbf59a31d46e/screenshot - {}
RESULT: {}
COMMAND: POST /session/cdd305857320dd590ea5bbf59a31d46e/element - {"using":"xpath","value":"(//span[contains(@id, \"-application-manageresources-display-component---newResourceUnit--RUTimeSegment-0-arrow\")])[2]"}
RESULT: {"using":"xpath","value":"(//span[contains(@id, \"-application-manageresources-display-component---newResourceUnit--RUTimeSegment-0-arrow\")])[2]"}
COMMAND: POST /session/cdd305857320dd590ea5bbf59a31d46e/element/f.492DEA3F6A95B07ADA96E928C4F8A0EF.d.78895829AB79F375BAFC442C32FAB3F5.e.14655/click - {}
RESULT: {}
COMMAND: POST /session/cdd305857320dd590ea5bbf59a31d46e/element - {"using":"xpath","value":"//span[contains(text(), \"PM Order\")]"}
COMMAND: GET /session/cdd305857320dd590ea5bbf59a31d46e/screenshot - {}
RESULT: {"using":"xpath","value":"//span[contains(text(), \"PM Order\")]"}
COMMAND: POST /session/cdd305857320dd590ea5bbf59a31d46e/element/f.492DEA3F6A95B07ADA96E928C4F8A0EF.d.78895829AB79F375BAFC442C32FAB3F5.e.14656/click - {}
RESULT: {}
RESULT: {}
COMMAND: GET /session/cdd305857320dd590ea5bbf59a31d46e/screenshot - {}
RESULT: {}
COMMAND: POST /session/cdd305857320dd590ea5bbf59a31d46e/element - {"using":"xpath","value":"//td/div/div/div/span[contains(@id, \"newResourceUnit--RUTimeSegment-0-vhi\")][1]"}
RESULT: {"using":"xpath","value":"//td/div/div/div/span[contains(@id, \"newResourceUnit--RUTimeSegment-0-vhi\")][1]"}
COMMAND: GET /session/cdd305857320dd590ea5bbf59a31d46e/element/f.492DEA3F6A95B07ADA96E928C4F8A0EF.d.78895829AB79F375BAFC442C32FAB3F5.e.14660/rect - {}
RESULT: {}
COMMAND: GET /session/cdd305857320dd590ea5bbf59a31d46e/window/rect - {}
RESULT: {}
COMMAND: POST /session/cdd305857320dd590ea5bbf59a31d46e/execute/sync - {"script":"<script> [92 bytes]","args":[]}
RESULT: {"script":"<script> [92 bytes]","args":[]}
COMMAND: POST /session/cdd305857320dd590ea5bbf59a31d46e/actions - {"actions":[{"id":"action46","type":"wheel","parameters":{},"actions":[{"type":"scroll","x":-1888,"y":-24,"deltaX":0,"deltaY":0,"duration":0,"origin":{"element-6066-11e4-a52e-4f735466cecf":"f.492DEA3F6A95B07ADA96E928C4F8A0EF.d.78895829AB79F375BAFC442C32FAB3F5.e.14660"}}]}]}
COMMAND: GET /session/cdd305857320dd590ea5bbf59a31d46e/screenshot - {}
RESULT: {}
COMMAND: POST /session/cdd305857320dd590ea5bbf59a31d46e/execute/sync - {"script":"<script> [79 bytes]","args":[{"element-6066-11e4-a52e-4f735466cecf":"f.492DEA3F6A95B07ADA96E928C4F8A0EF.d.78895829AB79F375BAFC442C32FAB3F5.e.14660","ELEMENT":"f.492DEA3F6A95B07ADA96E928C4F8A0EF.d.78895829AB79F375BAFC442C32FAB3F5.e.14660"},{"block":"start","inline":"nearest"}]}
RESULT: {"script":"<script> [79 bytes]","args":[{"element-6066-11e4-a52e-4f735466cecf":"f.492DEA3F6A95B07ADA96E928C4F8A0EF.d.78895829AB79F375BAFC442C32FAB3F5.e.14660","ELEMENT":"f.492DEA3F6A95B07ADA96E928C4F8A0EF.d.78895829AB79F375BAFC442C32FAB3F5.e.14660"},{"block":"start","inline":"nearest"}]}
COMMAND: GET /session/cdd305857320dd590ea5bbf59a31d46e/screenshot - {}
RESULT: {}
COMMAND: POST /session/cdd305857320dd590ea5bbf59a31d46e/element/f.492DEA3F6A95B07ADA96E928C4F8A0EF.d.78895829AB79F375BAFC442C32FAB3F5.e.14660/click - {}
RESULT: {}
COMMAND: GET /session/cdd305857320dd590ea5bbf59a31d46e/screenshot - {}
RESULT: {}
COMMAND: POST /session/cdd305857320dd590ea5bbf59a31d46e/execute/async - {"script":"<script> [1562 bytes]","args":[{"selector":{"controlType":"sap.m.SearchField","properties":{"placeholder":"Search"},"searchOpenDialogs":true,"interaction":{"idSuffix":"I"}},"wdio_ui5_key":"sapm.SearchField{\"placeholder\":\"Search\"}"}]}
RESULT: {"script":"<script> [1562 bytes]","args":[{"selector":{"controlType":"sap.m.SearchField","properties":{"placeholder":"Search"},"searchOpenDialogs":true,"interaction":{"idSuffix":"I"}},"wdio_ui5_key":"sapm.SearchField{\"placeholder\":\"Search\"}"}]}
RESULT: undefined
COMMAND: POST /session/cdd305857320dd590ea5bbf59a31d46e/execute/async - {"script":"<script> [776 bytes]","args":[{"enterText":"4000360","selector":{"controlType":"sap.m.SearchField","properties":{"placeholder":"Search"},"searchOpenDialogs":true,"interaction":{"idSuffix":"I"}},"clearTextFirst":true,"interactionType":"ENTER_TEXT"}]}
RESULT: {"script":"<script> [776 bytes]","args":[{"enterText":"4000360","selector":{"controlType":"sap.m.SearchField","properties":{"placeholder":"Search"},"searchOpenDialogs":true,"interaction":{"idSuffix":"I"}},"clearTextFirst":true,"interactionType":"ENTER_TEXT"}]}
COMMAND: POST /session/cdd305857320dd590ea5bbf59a31d46e/actions - {"actions":[{"id":"action47","type":"key","parameters":{},"actions":[{"type":"keyDown","value":""},{"type":"pause","duration":10},{"type":"keyUp","value":""}]}]}
RESULT: {"actions":[{"id":"action47","type":"key","parameters":{},"actions":[{"type":"keyDown","value":""},{"type":"pause","duration":10},{"type":"keyUp","value":""}]}]}
COMMAND: GET /session/cdd305857320dd590ea5bbf59a31d46e/screenshot - {}
RESULT: {}
COMMAND: POST /session/cdd305857320dd590ea5bbf59a31d46e/element - {"using":"xpath","value":"//td/div/span[contains(text(), \"BGL Vehicles\")]"}
RESULT: {"using":"xpath","value":"//td/div/span[contains(text(), \"BGL Vehicles\")]"}
COMMAND: POST /session/cdd305857320dd590ea5bbf59a31d46e/element/f.492DEA3F6A95B07ADA96E928C4F8A0EF.d.78895829AB79F375BAFC442C32FAB3F5.e.14681/click - {}
RESULT: {}
COMMAND: GET /session/cdd305857320dd590ea5bbf59a31d46e/screenshot - {}
RESULT: {}
COMMAND: POST /session/cdd305857320dd590ea5bbf59a31d46e/element - {"using":"xpath","value":"//bdi[contains(text(), \"OK\")]"}
RESULT: {"using":"xpath","value":"//bdi[contains(text(), \"OK\")]"}
COMMAND: POST /session/cdd305857320dd590ea5bbf59a31d46e/element/f.492DEA3F6A95B07ADA96E928C4F8A0EF.d.78895829AB79F375BAFC442C32FAB3F5.e.14682/click - {}
RESULT: {}
COMMAND: GET /session/cdd305857320dd590ea5bbf59a31d46e/screenshot - {}
RESULT: {}
COMMAND: POST /session/cdd305857320dd590ea5bbf59a31d46e/element - {"using":"xpath","value":"//label[contains(@class, 'sapMLabelRequired') and .//bdi[contains(text(), 'Planned Retirement')]]"}
RESULT: {"using":"xpath","value":"//label[contains(@class, 'sapMLabelRequired') and .//bdi[contains(text(), 'Planned Retirement')]]"}
COMMAND: POST /session/cdd305857320dd590ea5bbf59a31d46e/elements - {"using":"xpath","value":"//label[contains(@class, 'sapMLabelRequired') and .//bdi[contains(text(), 'Planned Retirement')]]"}
RESULT: {"using":"xpath","value":"//label[contains(@class, 'sapMLabelRequired') and .//bdi[contains(text(), 'Planned Retirement')]]"}
COMMAND: POST /session/cdd305857320dd590ea5bbf59a31d46e/element - {"using":"xpath","value":"//button[@data-kt=\"resourceUnitSaveButton\"]"}
RESULT: {"using":"xpath","value":"//button[@data-kt=\"resourceUnitSaveButton\"]"}
COMMAND: POST /session/cdd305857320dd590ea5bbf59a31d46e/element/f.492DEA3F6A95B07ADA96E928C4F8A0EF.d.78895829AB79F375BAFC442C32FAB3F5.e.14518/click - {}
RESULT: {}
COMMAND: GET /session/cdd305857320dd590ea5bbf59a31d46e/screenshot - {}
RESULT: {}
COMMAND: POST /session/cdd305857320dd590ea5bbf59a31d46e/element - {"using":"xpath","value":"//bdi[contains(text(), \"Close\")]"}
RESULT: {"using":"xpath","value":"//bdi[contains(text(), \"Close\")]"}
COMMAND: POST /session/cdd305857320dd590ea5bbf59a31d46e/element/f.492DEA3F6A95B07ADA96E928C4F8A0EF.d.78895829AB79F375BAFC442C32FAB3F5.e.14689/click - {}
RESULT: {}
COMMAND: GET /session/cdd305857320dd590ea5bbf59a31d46e/screenshot - {}
RESULT: {}
COMMAND: POST /session/cdd305857320dd590ea5bbf59a31d46e/element - {"using":"xpath","value":"//header[contains(@id, 'detailRruPage-headerTitle')]/div[1]/div[2]/div[2]/span[1]"}
RESULT: {"using":"xpath","value":"//header[contains(@id, 'detailRruPage-headerTitle')]/div[1]/div[2]/div[2]/span[1]"}
COMMAND: POST /session/cdd305857320dd590ea5bbf59a31d46e/elements - {"using":"xpath","value":"//header[contains(@id, 'detailRruPage-headerTitle')]/div[1]/div[2]/div[2]/span[1]"}
RESULT: {"using":"xpath","value":"//header[contains(@id, 'detailRruPage-headerTitle')]/div[1]/div[2]/div[2]/span[1]"}
COMMAND: POST /session/cdd305857320dd590ea5bbf59a31d46e/execute/sync - {"script":"<script> [56 bytes]","args":[{"element-6066-11e4-a52e-4f735466cecf":"f.492DEA3F6A95B07ADA96E928C4F8A0EF.d.78895829AB79F375BAFC442C32FAB3F5.e.14723","ELEMENT":"f.492DEA3F6A95B07ADA96E928C4F8A0EF.d.78895829AB79F375BAFC442C32FAB3F5.e.14723"}]}
RESULT: {"script":"<script> [56 bytes]","args":[{"element-6066-11e4-a52e-4f735466cecf":"f.492DEA3F6A95B07ADA96E928C4F8A0EF.d.78895829AB79F375BAFC442C32FAB3F5.e.14723","ELEMENT":"f.492DEA3F6A95B07ADA96E928C4F8A0EF.d.78895829AB79F375BAFC442C32FAB3F5.e.14723"}]}
COMMAND: POST /session/cdd305857320dd590ea5bbf59a31d46e/element - {"using":"css selector","value":"#shell-header-logo"}
COMMAND: GET /session/cdd305857320dd590ea5bbf59a31d46e/screenshot - {}
RESULT: {"using":"css selector","value":"#shell-header-logo"}
COMMAND: POST /session/cdd305857320dd590ea5bbf59a31d46e/element/f.492DEA3F6A95B07ADA96E928C4F8A0EF.d.78895829AB79F375BAFC442C32FAB3F5.e.14110/click - {}
RESULT: {}
RESULT: {}
COMMAND: GET /session/cdd305857320dd590ea5bbf59a31d46e/screenshot - {}
RESULT: {}
]]></system-out>
    </testcase>
  </testsuite>
  <testsuite timestamp="2025-05-27T16:59:43" time="367.453" tests="6" failures="0" errors="0" skipped="0">
    <properties>
      <property name="specId" value="0"/>
      <property name="suiteName" value="Provide to Site w/o warehouse management w clarification"/>
      <property name="capabilities" value="chrome.136_0_7103_93.windows"/>
      <property name="file" value="file:///D:/a/1/s/test/specs/HTR/provide-to-site-wo-warehouse-w-clarification.spec.js"/>
    </properties>
    <testcase classname="chrome.136_0_7103_93.windows.Provide_to_Site_w/o_warehouse_management_w_clarification" name="Should do a stock increase handover" time="93.335">
      <system-out><![CDATA[
COMMAND: POST /session/cdd305857320dd590ea5bbf59a31d46e/execute/async - {"script":"<script> [1562 bytes]","args":[{"selector":{"controlType":"sap.m.GenericTile","properties":{"header":"Manage Handovers"}},"wdio_ui5_key":"sapm.GenericTile{\"header\":\"Manage Handovers\"}"}]}
RESULT: {"script":"<script> [1562 bytes]","args":[{"selector":{"controlType":"sap.m.GenericTile","properties":{"header":"Manage Handovers"}},"wdio_ui5_key":"sapm.GenericTile{\"header\":\"Manage Handovers\"}"}]}
RESULT: undefined
COMMAND: POST /session/cdd305857320dd590ea5bbf59a31d46e/element - {"using":"xpath","value":"//*[@id=\"__tile132\"]"}
RESULT: {"using":"xpath","value":"//*[@id=\"__tile132\"]"}
COMMAND: POST /session/cdd305857320dd590ea5bbf59a31d46e/element/f.492DEA3F6A95B07ADA96E928C4F8A0EF.d.78895829AB79F375BAFC442C32FAB3F5.e.14060/click - {}
RESULT: {}
COMMAND: GET /session/cdd305857320dd590ea5bbf59a31d46e/screenshot - {}
RESULT: {}
COMMAND: POST /session/cdd305857320dd590ea5bbf59a31d46e/elements - {"using":"xpath","value":"//span[text()='Error']"}
RESULT: {"using":"xpath","value":"//span[text()='Error']"}
COMMAND: POST /session/cdd305857320dd590ea5bbf59a31d46e/element - {"using":"xpath","value":"//button[@data-kt=\"masterHOAddButton\"]"}
RESULT: {"using":"xpath","value":"//button[@data-kt=\"masterHOAddButton\"]"}
COMMAND: POST /session/cdd305857320dd590ea5bbf59a31d46e/elements - {"using":"xpath","value":"//button[@data-kt=\"masterHOAddButton\"]"}
RESULT: {"using":"xpath","value":"//button[@data-kt=\"masterHOAddButton\"]"}
COMMAND: POST /session/cdd305857320dd590ea5bbf59a31d46e/elements - {"using":"xpath","value":"//button[@data-kt=\"masterHOAddButton\"]"}
RESULT: {"using":"xpath","value":"//button[@data-kt=\"masterHOAddButton\"]"}
COMMAND: POST /session/cdd305857320dd590ea5bbf59a31d46e/elements - {"using":"xpath","value":"//button[@data-kt=\"masterHOAddButton\"]"}
RESULT: {"using":"xpath","value":"//button[@data-kt=\"masterHOAddButton\"]"}
COMMAND: POST /session/cdd305857320dd590ea5bbf59a31d46e/element - {"using":"xpath","value":"//button[@data-kt=\"masterHOAddButton\"]"}
RESULT: {"using":"xpath","value":"//button[@data-kt=\"masterHOAddButton\"]"}
COMMAND: POST /session/cdd305857320dd590ea5bbf59a31d46e/execute/sync - {"script":"<script> [8489 bytes]","args":[{"element-6066-11e4-a52e-4f735466cecf":"f.492DEA3F6A95B07ADA96E928C4F8A0EF.d.78895829AB79F375BAFC442C32FAB3F5.e.14764","ELEMENT":"f.492DEA3F6A95B07ADA96E928C4F8A0EF.d.78895829AB79F375BAFC442C32FAB3F5.e.14764"}]}
RESULT: {"script":"<script> [8489 bytes]","args":[{"element-6066-11e4-a52e-4f735466cecf":"f.492DEA3F6A95B07ADA96E928C4F8A0EF.d.78895829AB79F375BAFC442C32FAB3F5.e.14764","ELEMENT":"f.492DEA3F6A95B07ADA96E928C4F8A0EF.d.78895829AB79F375BAFC442C32FAB3F5.e.14764"}]}
COMMAND: GET /session/cdd305857320dd590ea5bbf59a31d46e/element/f.492DEA3F6A95B07ADA96E928C4F8A0EF.d.78895829AB79F375BAFC442C32FAB3F5.e.14764/enabled - {}
COMMAND: GET /session/cdd305857320dd590ea5bbf59a31d46e/screenshot - {}
RESULT: {}
COMMAND: POST /session/cdd305857320dd590ea5bbf59a31d46e/execute/sync - {"script":"<script> [8489 bytes]","args":[{"element-6066-11e4-a52e-4f735466cecf":"f.492DEA3F6A95B07ADA96E928C4F8A0EF.d.78895829AB79F375BAFC442C32FAB3F5.e.14764","ELEMENT":"f.492DEA3F6A95B07ADA96E928C4F8A0EF.d.78895829AB79F375BAFC442C32FAB3F5.e.14764"}]}
COMMAND: GET /session/cdd305857320dd590ea5bbf59a31d46e/screenshot - {}
RESULT: {}
RESULT: {"script":"<script> [8489 bytes]","args":[{"element-6066-11e4-a52e-4f735466cecf":"f.492DEA3F6A95B07ADA96E928C4F8A0EF.d.78895829AB79F375BAFC442C32FAB3F5.e.14764","ELEMENT":"f.492DEA3F6A95B07ADA96E928C4F8A0EF.d.78895829AB79F375BAFC442C32FAB3F5.e.14764"}]}
COMMAND: POST /session/cdd305857320dd590ea5bbf59a31d46e/execute/sync - {"script":"<script> [5351 bytes]","args":[{"element-6066-11e4-a52e-4f735466cecf":"f.492DEA3F6A95B07ADA96E928C4F8A0EF.d.78895829AB79F375BAFC442C32FAB3F5.e.14764","ELEMENT":"f.492DEA3F6A95B07ADA96E928C4F8A0EF.d.78895829AB79F375BAFC442C32FAB3F5.e.14764"}]}
COMMAND: GET /session/cdd305857320dd590ea5bbf59a31d46e/screenshot - {}
RESULT: {}
RESULT: {"script":"<script> [5351 bytes]","args":[{"element-6066-11e4-a52e-4f735466cecf":"f.492DEA3F6A95B07ADA96E928C4F8A0EF.d.78895829AB79F375BAFC442C32FAB3F5.e.14764","ELEMENT":"f.492DEA3F6A95B07ADA96E928C4F8A0EF.d.78895829AB79F375BAFC442C32FAB3F5.e.14764"}]}
COMMAND: POST /session/cdd305857320dd590ea5bbf59a31d46e/element/f.492DEA3F6A95B07ADA96E928C4F8A0EF.d.78895829AB79F375BAFC442C32FAB3F5.e.14764/click - {}
COMMAND: GET /session/cdd305857320dd590ea5bbf59a31d46e/screenshot - {}
RESULT: {}
RESULT: {}
COMMAND: GET /session/cdd305857320dd590ea5bbf59a31d46e/screenshot - {}
COMMAND: POST /session/cdd305857320dd590ea5bbf59a31d46e/element - {"using":"xpath","value":"//span[contains(@id ,\"AddNewHO--typeSelect-arrow\")]"}
RESULT: {}
RESULT: {}
RESULT: {"using":"xpath","value":"//span[contains(@id ,\"AddNewHO--typeSelect-arrow\")]"}
COMMAND: POST /session/cdd305857320dd590ea5bbf59a31d46e/element/f.492DEA3F6A95B07ADA96E928C4F8A0EF.d.78895829AB79F375BAFC442C32FAB3F5.e.15103/click - {}
RESULT: {}
COMMAND: GET /session/cdd305857320dd590ea5bbf59a31d46e/screenshot - {}
RESULT: {}
COMMAND: POST /session/cdd305857320dd590ea5bbf59a31d46e/element - {"using":"xpath","value":"(//li[contains(text(), \"stock increase yard\")])[1]"}
RESULT: {"using":"xpath","value":"(//li[contains(text(), \"stock increase yard\")])[1]"}
COMMAND: POST /session/cdd305857320dd590ea5bbf59a31d46e/element/f.492DEA3F6A95B07ADA96E928C4F8A0EF.d.78895829AB79F375BAFC442C32FAB3F5.e.15104/click - {}
RESULT: {}
COMMAND: GET /session/cdd305857320dd590ea5bbf59a31d46e/screenshot - {}
RESULT: {}
COMMAND: POST /session/cdd305857320dd590ea5bbf59a31d46e/execute/async - {"script":"<script> [1562 bytes]","args":[{"selector":{"id":"application-managehandovers-display-component---AddNewHO--dueDate","interaction":{"idSuffix":"inner"}},"wdio_ui5_key":"applicationmanagehandovers-display-component---AddNewHO--dueDate"}]}
RESULT: {"script":"<script> [1562 bytes]","args":[{"selector":{"id":"application-managehandovers-display-component---AddNewHO--dueDate","interaction":{"idSuffix":"inner"}},"wdio_ui5_key":"applicationmanagehandovers-display-component---AddNewHO--dueDate"}]}
RESULT: undefined
COMMAND: POST /session/cdd305857320dd590ea5bbf59a31d46e/execute/async - {"script":"<script> [6424 bytes]","args":[{"element-6066-11e4-a52e-4f735466cecf":"f.492DEA3F6A95B07ADA96E928C4F8A0EF.d.78895829AB79F375BAFC442C32FAB3F5.e.15108"},"setValue",["5/27/25"]]}
RESULT: {"script":"<script> [6424 bytes]","args":[{"element-6066-11e4-a52e-4f735466cecf":"f.492DEA3F6A95B07ADA96E928C4F8A0EF.d.78895829AB79F375BAFC442C32FAB3F5.e.15108"},"setValue",["5/27/25"]]}
COMMAND: POST /session/cdd305857320dd590ea5bbf59a31d46e/element - {"using":"xpath","value":"//input[@id=\"generalSectionFrg--receiveYard-inner\"]"}
RESULT: {"using":"xpath","value":"//input[@id=\"generalSectionFrg--receiveYard-inner\"]"}
COMMAND: POST /session/cdd305857320dd590ea5bbf59a31d46e/element/f.492DEA3F6A95B07ADA96E928C4F8A0EF.d.78895829AB79F375BAFC442C32FAB3F5.e.15114/clear - {}
RESULT: {}
COMMAND: POST /session/cdd305857320dd590ea5bbf59a31d46e/element/f.492DEA3F6A95B07ADA96E928C4F8A0EF.d.78895829AB79F375BAFC442C32FAB3F5.e.15114/value - {"text":"393"}
COMMAND: GET /session/cdd305857320dd590ea5bbf59a31d46e/screenshot - {}
RESULT: {"text":"393"}
COMMAND: GET /session/cdd305857320dd590ea5bbf59a31d46e/screenshot - {}
RESULT: {}
RESULT: {}
COMMAND: POST /session/cdd305857320dd590ea5bbf59a31d46e/element - {"using":"xpath","value":"//li[.//span[text()='393']]"}
RESULT: {"using":"xpath","value":"//li[.//span[text()='393']]"}
COMMAND: POST /session/cdd305857320dd590ea5bbf59a31d46e/element/f.492DEA3F6A95B07ADA96E928C4F8A0EF.d.78895829AB79F375BAFC442C32FAB3F5.e.15128/click - {}
RESULT: {}
COMMAND: GET /session/cdd305857320dd590ea5bbf59a31d46e/screenshot - {}
RESULT: {}
COMMAND: POST /session/cdd305857320dd590ea5bbf59a31d46e/execute/async - {"script":"<script> [1562 bytes]","args":[{"selector":{"id":"application-managehandovers-display-component---AddNewHO--ObjectPageLayout-anchBar-application-managehandovers-display-component---AddNewHO--section4-anchor","interaction":{"idSuffix":"BDI-content"}},"wdio_ui5_key":"applicationmanagehandovers-display-component---AddNewHO--ObjectPageLayout-anchBar-application-managehandovers-display-component---AddNewHO--section4-anchor"}]}
RESULT: {"script":"<script> [1562 bytes]","args":[{"selector":{"id":"application-managehandovers-display-component---AddNewHO--ObjectPageLayout-anchBar-application-managehandovers-display-component---AddNewHO--section4-anchor","interaction":{"idSuffix":"BDI-content"}},"wdio_ui5_key":"applicationmanagehandovers-display-component---AddNewHO--ObjectPageLayout-anchBar-application-managehandovers-display-component---AddNewHO--section4-anchor"}]}
RESULT: undefined
COMMAND: POST /session/cdd305857320dd590ea5bbf59a31d46e/element - {"using":"xpath","value":"//*[@id=\"application-managehandovers-display-component---AddNewHO--ObjectPageLayout-anchBar-application-managehandovers-display-component---AddNewHO--section4-anchor\"]"}
RESULT: {"using":"xpath","value":"//*[@id=\"application-managehandovers-display-component---AddNewHO--ObjectPageLayout-anchBar-application-managehandovers-display-component---AddNewHO--section4-anchor\"]"}
COMMAND: POST /session/cdd305857320dd590ea5bbf59a31d46e/element/f.492DEA3F6A95B07ADA96E928C4F8A0EF.d.78895829AB79F375BAFC442C32FAB3F5.e.15130/click - {}
RESULT: {}
COMMAND: POST /session/cdd305857320dd590ea5bbf59a31d46e/element - {"using":"xpath","value":"//button[@aria-label=\"Add\"]"}
COMMAND: GET /session/cdd305857320dd590ea5bbf59a31d46e/screenshot - {}
RESULT: {"using":"xpath","value":"//button[@aria-label=\"Add\"]"}
COMMAND: POST /session/cdd305857320dd590ea5bbf59a31d46e/element/f.492DEA3F6A95B07ADA96E928C4F8A0EF.d.78895829AB79F375BAFC442C32FAB3F5.e.15132/click - {}
RESULT: {}
RESULT: {}
COMMAND: GET /session/cdd305857320dd590ea5bbf59a31d46e/screenshot - {}
RESULT: {}
COMMAND: POST /session/cdd305857320dd590ea5bbf59a31d46e/execute/async - {"script":"<script> [1562 bytes]","args":[{"selector":{"id":"application-managehandovers-display-component---AddNewHO--smartFilterBar-btnBasicSearch","searchOpenDialogs":true,"interaction":{"idSuffix":"I"}},"wdio_ui5_key":"applicationmanagehandovers-display-component---AddNewHO--smartFilterBar-btnBasicSearch"}]}
RESULT: {"script":"<script> [1562 bytes]","args":[{"selector":{"id":"application-managehandovers-display-component---AddNewHO--smartFilterBar-btnBasicSearch","searchOpenDialogs":true,"interaction":{"idSuffix":"I"}},"wdio_ui5_key":"applicationmanagehandovers-display-component---AddNewHO--smartFilterBar-btnBasicSearch"}]}
RESULT: undefined
COMMAND: POST /session/cdd305857320dd590ea5bbf59a31d46e/execute/async - {"script":"<script> [776 bytes]","args":[{"enterText":"200215","selector":{"id":"application-managehandovers-display-component---AddNewHO--smartFilterBar-btnBasicSearch","searchOpenDialogs":true,"interaction":{"idSuffix":"I"}},"clearTextFirst":true,"interactionType":"ENTER_TEXT"}]}
RESULT: {"script":"<script> [776 bytes]","args":[{"enterText":"200215","selector":{"id":"application-managehandovers-display-component---AddNewHO--smartFilterBar-btnBasicSearch","searchOpenDialogs":true,"interaction":{"idSuffix":"I"}},"clearTextFirst":true,"interactionType":"ENTER_TEXT"}]}
COMMAND: POST /session/cdd305857320dd590ea5bbf59a31d46e/actions - {"actions":[{"id":"action48","type":"key","parameters":{},"actions":[{"type":"keyDown","value":""},{"type":"pause","duration":10},{"type":"keyUp","value":""}]}]}
RESULT: {"actions":[{"id":"action48","type":"key","parameters":{},"actions":[{"type":"keyDown","value":""},{"type":"pause","duration":10},{"type":"keyUp","value":""}]}]}
COMMAND: GET /session/cdd305857320dd590ea5bbf59a31d46e/screenshot - {}
RESULT: {}
COMMAND: POST /session/cdd305857320dd590ea5bbf59a31d46e/execute/async - {"script":"<script> [1562 bytes]","args":[{"selector":{"id":"application-managehandovers-display-component---AddNewHO--popup-sa","searchOpenDialogs":true,"interaction":{"idSuffix":"CbBg"}},"wdio_ui5_key":"applicationmanagehandovers-display-component---AddNewHO--popup-sa"}]}
RESULT: {"script":"<script> [1562 bytes]","args":[{"selector":{"id":"application-managehandovers-display-component---AddNewHO--popup-sa","searchOpenDialogs":true,"interaction":{"idSuffix":"CbBg"}},"wdio_ui5_key":"applicationmanagehandovers-display-component---AddNewHO--popup-sa"}]}
RESULT: undefined
COMMAND: POST /session/cdd305857320dd590ea5bbf59a31d46e/element - {"using":"xpath","value":"//*[@id=\"application-managehandovers-display-component---AddNewHO--popup-sa\"]"}
RESULT: {"using":"xpath","value":"//*[@id=\"application-managehandovers-display-component---AddNewHO--popup-sa\"]"}
COMMAND: POST /session/cdd305857320dd590ea5bbf59a31d46e/element/f.492DEA3F6A95B07ADA96E928C4F8A0EF.d.78895829AB79F375BAFC442C32FAB3F5.e.15287/click - {}
RESULT: {}
COMMAND: GET /session/cdd305857320dd590ea5bbf59a31d46e/screenshot - {}
RESULT: {}
COMMAND: POST /session/cdd305857320dd590ea5bbf59a31d46e/element - {"using":"xpath","value":"//bdi[contains(text(), \"Select\")]"}
RESULT: {"using":"xpath","value":"//bdi[contains(text(), \"Select\")]"}
COMMAND: POST /session/cdd305857320dd590ea5bbf59a31d46e/element/f.492DEA3F6A95B07ADA96E928C4F8A0EF.d.78895829AB79F375BAFC442C32FAB3F5.e.15288/click - {}
RESULT: {}
COMMAND: GET /session/cdd305857320dd590ea5bbf59a31d46e/screenshot - {}
RESULT: {}
COMMAND: POST /session/cdd305857320dd590ea5bbf59a31d46e/element - {"using":"xpath","value":"//button[@data-kt=\"AddNewHOSaveButton\"]"}
RESULT: {"using":"xpath","value":"//button[@data-kt=\"AddNewHOSaveButton\"]"}
COMMAND: POST /session/cdd305857320dd590ea5bbf59a31d46e/element/f.492DEA3F6A95B07ADA96E928C4F8A0EF.d.78895829AB79F375BAFC442C32FAB3F5.e.15292/click - {}
RESULT: {}
COMMAND: GET /session/cdd305857320dd590ea5bbf59a31d46e/screenshot - {}
RESULT: {}
COMMAND: POST /session/cdd305857320dd590ea5bbf59a31d46e/execute/async - {"script":"<script> [1562 bytes]","args":[{"selector":{"id":"receiptDatePicker","viewName":"etm.portal.ui.managehandovers.view.DetailExecuteHO","interaction":{"idSuffix":"inner"}},"wdio_ui5_key":"receiptDatePickeretmportal.ui.managehandovers.view.DetailExecuteHO"}]}
RESULT: {"script":"<script> [1562 bytes]","args":[{"selector":{"id":"receiptDatePicker","viewName":"etm.portal.ui.managehandovers.view.DetailExecuteHO","interaction":{"idSuffix":"inner"}},"wdio_ui5_key":"receiptDatePickeretmportal.ui.managehandovers.view.DetailExecuteHO"}]}
RESULT: undefined
COMMAND: POST /session/cdd305857320dd590ea5bbf59a31d46e/execute/async - {"script":"<script> [6424 bytes]","args":[{"element-6066-11e4-a52e-4f735466cecf":"f.492DEA3F6A95B07ADA96E928C4F8A0EF.d.78895829AB79F375BAFC442C32FAB3F5.e.15320"},"setValue",["5/27/25"]]}
RESULT: {"script":"<script> [6424 bytes]","args":[{"element-6066-11e4-a52e-4f735466cecf":"f.492DEA3F6A95B07ADA96E928C4F8A0EF.d.78895829AB79F375BAFC442C32FAB3F5.e.15320"},"setValue",["5/27/25"]]}
COMMAND: POST /session/cdd305857320dd590ea5bbf59a31d46e/element - {"using":"xpath","value":"//button[@data-kt=\"ReceivingTableConfirmAllButton\"]"}
RESULT: {"using":"xpath","value":"//button[@data-kt=\"ReceivingTableConfirmAllButton\"]"}
COMMAND: POST /session/cdd305857320dd590ea5bbf59a31d46e/element/f.492DEA3F6A95B07ADA96E928C4F8A0EF.d.78895829AB79F375BAFC442C32FAB3F5.e.15335/click - {}
RESULT: {}
COMMAND: GET /session/cdd305857320dd590ea5bbf59a31d46e/screenshot - {}
RESULT: {}
COMMAND: POST /session/cdd305857320dd590ea5bbf59a31d46e/element - {"using":"xpath","value":"//bdi[contains(text(), \"OK\")]"}
RESULT: {"using":"xpath","value":"//bdi[contains(text(), \"OK\")]"}
COMMAND: POST /session/cdd305857320dd590ea5bbf59a31d46e/element/f.492DEA3F6A95B07ADA96E928C4F8A0EF.d.78895829AB79F375BAFC442C32FAB3F5.e.15337/click - {}
RESULT: {}
COMMAND: GET /session/cdd305857320dd590ea5bbf59a31d46e/screenshot - {}
RESULT: {}
COMMAND: POST /session/cdd305857320dd590ea5bbf59a31d46e/element - {"using":"xpath","value":"(//bdi[contains(text(), \"Receive\")])[2]"}
RESULT: {"using":"xpath","value":"(//bdi[contains(text(), \"Receive\")])[2]"}
COMMAND: POST /session/cdd305857320dd590ea5bbf59a31d46e/element/f.492DEA3F6A95B07ADA96E928C4F8A0EF.d.78895829AB79F375BAFC442C32FAB3F5.e.15339/click - {}
RESULT: {}
COMMAND: GET /session/cdd305857320dd590ea5bbf59a31d46e/screenshot - {}
RESULT: {}
COMMAND: POST /session/cdd305857320dd590ea5bbf59a31d46e/element - {"using":"css selector","value":"#shell-header-logo"}
RESULT: {"using":"css selector","value":"#shell-header-logo"}
COMMAND: POST /session/cdd305857320dd590ea5bbf59a31d46e/element/f.492DEA3F6A95B07ADA96E928C4F8A0EF.d.78895829AB79F375BAFC442C32FAB3F5.e.14726/click - {}
RESULT: {}
COMMAND: GET /session/cdd305857320dd590ea5bbf59a31d46e/screenshot - {}
RESULT: {}
]]></system-out>
    </testcase>
    <testcase classname="chrome.136_0_7103_93.windows.Provide_to_Site_w/o_warehouse_management_w_clarification" name="Should create a new contract" time="59.921">
      <system-out><![CDATA[
COMMAND: POST /session/cdd305857320dd590ea5bbf59a31d46e/execute/async - {"script":"<script> [1562 bytes]","args":[{"selector":{"controlType":"sap.m.GenericTile","properties":{"header":"Manage Contracts"}},"wdio_ui5_key":"sapm.GenericTile{\"header\":\"Manage Contracts\"}"}]}
RESULT: {"script":"<script> [1562 bytes]","args":[{"selector":{"controlType":"sap.m.GenericTile","properties":{"header":"Manage Contracts"}},"wdio_ui5_key":"sapm.GenericTile{\"header\":\"Manage Contracts\"}"}]}
RESULT: undefined
COMMAND: POST /session/cdd305857320dd590ea5bbf59a31d46e/element - {"using":"xpath","value":"//*[@id=\"__tile130\"]"}
RESULT: {"using":"xpath","value":"//*[@id=\"__tile130\"]"}
COMMAND: POST /session/cdd305857320dd590ea5bbf59a31d46e/element/f.492DEA3F6A95B07ADA96E928C4F8A0EF.d.78895829AB79F375BAFC442C32FAB3F5.e.14049/click - {}
RESULT: {}
COMMAND: GET /session/cdd305857320dd590ea5bbf59a31d46e/screenshot - {}
RESULT: {}
COMMAND: POST /session/cdd305857320dd590ea5bbf59a31d46e/elements - {"using":"xpath","value":"//span[text()='Error']"}
RESULT: {"using":"xpath","value":"//span[text()='Error']"}
COMMAND: POST /session/cdd305857320dd590ea5bbf59a31d46e/element - {"using":"xpath","value":"//button[@data-kt=\"addButton\"]"}
RESULT: {"using":"xpath","value":"//button[@data-kt=\"addButton\"]"}
COMMAND: POST /session/cdd305857320dd590ea5bbf59a31d46e/elements - {"using":"xpath","value":"//button[@data-kt=\"addButton\"]"}
RESULT: {"using":"xpath","value":"//button[@data-kt=\"addButton\"]"}
COMMAND: POST /session/cdd305857320dd590ea5bbf59a31d46e/execute/sync - {"script":"<script> [8489 bytes]","args":[{"element-6066-11e4-a52e-4f735466cecf":"f.492DEA3F6A95B07ADA96E928C4F8A0EF.d.78895829AB79F375BAFC442C32FAB3F5.e.15669","ELEMENT":"f.492DEA3F6A95B07ADA96E928C4F8A0EF.d.78895829AB79F375BAFC442C32FAB3F5.e.15669"}]}
RESULT: {"script":"<script> [8489 bytes]","args":[{"element-6066-11e4-a52e-4f735466cecf":"f.492DEA3F6A95B07ADA96E928C4F8A0EF.d.78895829AB79F375BAFC442C32FAB3F5.e.15669","ELEMENT":"f.492DEA3F6A95B07ADA96E928C4F8A0EF.d.78895829AB79F375BAFC442C32FAB3F5.e.15669"}]}
COMMAND: GET /session/cdd305857320dd590ea5bbf59a31d46e/element/f.492DEA3F6A95B07ADA96E928C4F8A0EF.d.78895829AB79F375BAFC442C32FAB3F5.e.15669/enabled - {}
COMMAND: GET /session/cdd305857320dd590ea5bbf59a31d46e/screenshot - {}
RESULT: {}
COMMAND: POST /session/cdd305857320dd590ea5bbf59a31d46e/execute/sync - {"script":"<script> [8489 bytes]","args":[{"element-6066-11e4-a52e-4f735466cecf":"f.492DEA3F6A95B07ADA96E928C4F8A0EF.d.78895829AB79F375BAFC442C32FAB3F5.e.15669","ELEMENT":"f.492DEA3F6A95B07ADA96E928C4F8A0EF.d.78895829AB79F375BAFC442C32FAB3F5.e.15669"}]}
COMMAND: GET /session/cdd305857320dd590ea5bbf59a31d46e/screenshot - {}
RESULT: {}
RESULT: {"script":"<script> [8489 bytes]","args":[{"element-6066-11e4-a52e-4f735466cecf":"f.492DEA3F6A95B07ADA96E928C4F8A0EF.d.78895829AB79F375BAFC442C32FAB3F5.e.15669","ELEMENT":"f.492DEA3F6A95B07ADA96E928C4F8A0EF.d.78895829AB79F375BAFC442C32FAB3F5.e.15669"}]}
COMMAND: POST /session/cdd305857320dd590ea5bbf59a31d46e/execute/sync - {"script":"<script> [5351 bytes]","args":[{"element-6066-11e4-a52e-4f735466cecf":"f.492DEA3F6A95B07ADA96E928C4F8A0EF.d.78895829AB79F375BAFC442C32FAB3F5.e.15669","ELEMENT":"f.492DEA3F6A95B07ADA96E928C4F8A0EF.d.78895829AB79F375BAFC442C32FAB3F5.e.15669"}]}
COMMAND: GET /session/cdd305857320dd590ea5bbf59a31d46e/screenshot - {}
RESULT: {}
RESULT: {"script":"<script> [5351 bytes]","args":[{"element-6066-11e4-a52e-4f735466cecf":"f.492DEA3F6A95B07ADA96E928C4F8A0EF.d.78895829AB79F375BAFC442C32FAB3F5.e.15669","ELEMENT":"f.492DEA3F6A95B07ADA96E928C4F8A0EF.d.78895829AB79F375BAFC442C32FAB3F5.e.15669"}]}
COMMAND: GET /session/cdd305857320dd590ea5bbf59a31d46e/screenshot - {}
RESULT: {}
RESULT: {}
COMMAND: POST /session/cdd305857320dd590ea5bbf59a31d46e/element/f.492DEA3F6A95B07ADA96E928C4F8A0EF.d.78895829AB79F375BAFC442C32FAB3F5.e.15669/click - {}
RESULT: {}
COMMAND: GET /session/cdd305857320dd590ea5bbf59a31d46e/screenshot - {}
COMMAND: POST /session/cdd305857320dd590ea5bbf59a31d46e/execute/async - {"script":"<script> [1562 bytes]","args":[{"selector":{"id":"application-managecontracts-display-component---AddNewContract--projectDescription","interaction":{"idSuffix":"inner"}},"wdio_ui5_key":"applicationmanagecontracts-display-component---AddNewContract--projectDescription"}]}
RESULT: {}
RESULT: {"script":"<script> [1562 bytes]","args":[{"selector":{"id":"application-managecontracts-display-component---AddNewContract--projectDescription","interaction":{"idSuffix":"inner"}},"wdio_ui5_key":"applicationmanagecontracts-display-component---AddNewContract--projectDescription"}]}
RESULT: undefined
COMMAND: POST /session/cdd305857320dd590ea5bbf59a31d46e/execute/async - {"script":"<script> [776 bytes]","args":[{"enterText":"Contract WDIO","selector":{"id":"application-managecontracts-display-component---AddNewContract--projectDescription","interaction":{"idSuffix":"inner"}},"clearTextFirst":true,"interactionType":"ENTER_TEXT"}]}
RESULT: {"script":"<script> [776 bytes]","args":[{"enterText":"Contract WDIO","selector":{"id":"application-managecontracts-display-component---AddNewContract--projectDescription","interaction":{"idSuffix":"inner"}},"clearTextFirst":true,"interactionType":"ENTER_TEXT"}]}
COMMAND: POST /session/cdd305857320dd590ea5bbf59a31d46e/element - {"using":"xpath","value":"//input[@id=\"application-managecontracts-display-component---AddNewContract--site-inner\"]"}
RESULT: {"using":"xpath","value":"//input[@id=\"application-managecontracts-display-component---AddNewContract--site-inner\"]"}
COMMAND: POST /session/cdd305857320dd590ea5bbf59a31d46e/element/f.492DEA3F6A95B07ADA96E928C4F8A0EF.d.78895829AB79F375BAFC442C32FAB3F5.e.15988/clear - {}
RESULT: {}
COMMAND: POST /session/cdd305857320dd590ea5bbf59a31d46e/element/f.492DEA3F6A95B07ADA96E928C4F8A0EF.d.78895829AB79F375BAFC442C32FAB3F5.e.15988/value - {"text":"2184"}
COMMAND: GET /session/cdd305857320dd590ea5bbf59a31d46e/screenshot - {}
RESULT: {"text":"2184"}
COMMAND: GET /session/cdd305857320dd590ea5bbf59a31d46e/screenshot - {}
RESULT: {}
RESULT: {}
COMMAND: POST /session/cdd305857320dd590ea5bbf59a31d46e/element - {"using":"xpath","value":"//li[.//span[text()='2184']]"}
RESULT: {"using":"xpath","value":"//li[.//span[text()='2184']]"}
COMMAND: POST /session/cdd305857320dd590ea5bbf59a31d46e/element/f.492DEA3F6A95B07ADA96E928C4F8A0EF.d.78895829AB79F375BAFC442C32FAB3F5.e.16071/click - {}
RESULT: {}
COMMAND: GET /session/cdd305857320dd590ea5bbf59a31d46e/screenshot - {}
RESULT: {}
COMMAND: POST /session/cdd305857320dd590ea5bbf59a31d46e/element - {"using":"xpath","value":"//input[@id=\"application-managecontracts-display-component---AddNewContract--yardId-inner\"]"}
RESULT: {"using":"xpath","value":"//input[@id=\"application-managecontracts-display-component---AddNewContract--yardId-inner\"]"}
COMMAND: GET /session/cdd305857320dd590ea5bbf59a31d46e/element/f.492DEA3F6A95B07ADA96E928C4F8A0EF.d.78895829AB79F375BAFC442C32FAB3F5.e.15989/property/value - {}
RESULT: {}
COMMAND: POST /session/cdd305857320dd590ea5bbf59a31d46e/element - {"using":"xpath","value":"//input[@id=\"application-managecontracts-display-component---AddNewContract--customerSelect-inner\"]"}
COMMAND: GET /session/cdd305857320dd590ea5bbf59a31d46e/screenshot - {}
RESULT: {"using":"xpath","value":"//input[@id=\"application-managecontracts-display-component---AddNewContract--customerSelect-inner\"]"}
COMMAND: POST /session/cdd305857320dd590ea5bbf59a31d46e/element/f.492DEA3F6A95B07ADA96E928C4F8A0EF.d.78895829AB79F375BAFC442C32FAB3F5.e.15987/clear - {}
RESULT: {}
RESULT: {}
COMMAND: POST /session/cdd305857320dd590ea5bbf59a31d46e/element/f.492DEA3F6A95B07ADA96E928C4F8A0EF.d.78895829AB79F375BAFC442C32FAB3F5.e.15987/value - {"text":"1200"}
COMMAND: GET /session/cdd305857320dd590ea5bbf59a31d46e/screenshot - {}
RESULT: {"text":"1200"}
COMMAND: GET /session/cdd305857320dd590ea5bbf59a31d46e/screenshot - {}
RESULT: {}
RESULT: {}
COMMAND: POST /session/cdd305857320dd590ea5bbf59a31d46e/element - {"using":"xpath","value":"//li[.//span[text()='1200']]"}
RESULT: {"using":"xpath","value":"//li[.//span[text()='1200']]"}
COMMAND: POST /session/cdd305857320dd590ea5bbf59a31d46e/element/f.492DEA3F6A95B07ADA96E928C4F8A0EF.d.78895829AB79F375BAFC442C32FAB3F5.e.16074/click - {}
RESULT: {}
COMMAND: GET /session/cdd305857320dd590ea5bbf59a31d46e/screenshot - {}
RESULT: {}
COMMAND: POST /session/cdd305857320dd590ea5bbf59a31d46e/element - {"using":"xpath","value":"//button[@data-kt=\"saveButton\"]"}
RESULT: {"using":"xpath","value":"//button[@data-kt=\"saveButton\"]"}
COMMAND: POST /session/cdd305857320dd590ea5bbf59a31d46e/element/f.492DEA3F6A95B07ADA96E928C4F8A0EF.d.78895829AB79F375BAFC442C32FAB3F5.e.16064/click - {}
RESULT: {}
COMMAND: GET /session/cdd305857320dd590ea5bbf59a31d46e/screenshot - {}
RESULT: {}
COMMAND: POST /session/cdd305857320dd590ea5bbf59a31d46e/element - {"using":"xpath","value":"//span[contains(@id ,\"contractDetailTitleNoExpanded\")]"}
RESULT: {"using":"xpath","value":"//span[contains(@id ,\"contractDetailTitleNoExpanded\")]"}
COMMAND: POST /session/cdd305857320dd590ea5bbf59a31d46e/elements - {"using":"xpath","value":"//span[contains(@id ,\"contractDetailTitleNoExpanded\")]"}
RESULT: {"using":"xpath","value":"//span[contains(@id ,\"contractDetailTitleNoExpanded\")]"}
COMMAND: POST /session/cdd305857320dd590ea5bbf59a31d46e/execute/sync - {"script":"<script> [56 bytes]","args":[{"element-6066-11e4-a52e-4f735466cecf":"f.492DEA3F6A95B07ADA96E928C4F8A0EF.d.78895829AB79F375BAFC442C32FAB3F5.e.16147","ELEMENT":"f.492DEA3F6A95B07ADA96E928C4F8A0EF.d.78895829AB79F375BAFC442C32FAB3F5.e.16147"}]}
RESULT: {"script":"<script> [56 bytes]","args":[{"element-6066-11e4-a52e-4f735466cecf":"f.492DEA3F6A95B07ADA96E928C4F8A0EF.d.78895829AB79F375BAFC442C32FAB3F5.e.16147","ELEMENT":"f.492DEA3F6A95B07ADA96E928C4F8A0EF.d.78895829AB79F375BAFC442C32FAB3F5.e.16147"}]}
COMMAND: GET /session/cdd305857320dd590ea5bbf59a31d46e/screenshot - {}
RESULT: {}
]]></system-out>
    </testcase>
    <testcase classname="chrome.136_0_7103_93.windows.Provide_to_Site_w/o_warehouse_management_w_clarification" name="Should add equipment to the contract" time="55.431">
      <system-out><![CDATA[
COMMAND: POST /session/cdd305857320dd590ea5bbf59a31d46e/element - {"using":"xpath","value":"//button[@data-kt=\"contractDetailEditBtnButton\"]"}
RESULT: {"using":"xpath","value":"//button[@data-kt=\"contractDetailEditBtnButton\"]"}
COMMAND: POST /session/cdd305857320dd590ea5bbf59a31d46e/element/f.492DEA3F6A95B07ADA96E928C4F8A0EF.d.78895829AB79F375BAFC442C32FAB3F5.e.16149/click - {}
RESULT: {}
COMMAND: GET /session/cdd305857320dd590ea5bbf59a31d46e/screenshot - {}
RESULT: {}
COMMAND: POST /session/cdd305857320dd590ea5bbf59a31d46e/element - {"using":"xpath","value":"(//span[contains(text(), \"Additional Addresses\")])[2]"}
RESULT: {"using":"xpath","value":"(//span[contains(text(), \"Additional Addresses\")])[2]"}
COMMAND: POST /session/cdd305857320dd590ea5bbf59a31d46e/element/f.492DEA3F6A95B07ADA96E928C4F8A0EF.d.78895829AB79F375BAFC442C32FAB3F5.e.16204/click - {}
RESULT: {}
COMMAND: GET /session/cdd305857320dd590ea5bbf59a31d46e/screenshot - {}
RESULT: {}
COMMAND: POST /session/cdd305857320dd590ea5bbf59a31d46e/element - {"using":"xpath","value":"//button[@data-kt=\"btnAddTableRowOverflowToolbarButton\"]"}
RESULT: {"using":"xpath","value":"//button[@data-kt=\"btnAddTableRowOverflowToolbarButton\"]"}
COMMAND: POST /session/cdd305857320dd590ea5bbf59a31d46e/element/f.492DEA3F6A95B07ADA96E928C4F8A0EF.d.78895829AB79F375BAFC442C32FAB3F5.e.16207/click - {}
RESULT: {}
COMMAND: GET /session/cdd305857320dd590ea5bbf59a31d46e/screenshot - {}
RESULT: {}
COMMAND: POST /session/cdd305857320dd590ea5bbf59a31d46e/element - {"using":"xpath","value":"//div[(text() = 'Standard Entry' or . = 'Standard Entry')]"}
RESULT: {"using":"xpath","value":"//div[(text() = 'Standard Entry' or . = 'Standard Entry')]"}
COMMAND: POST /session/cdd305857320dd590ea5bbf59a31d46e/element/f.492DEA3F6A95B07ADA96E928C4F8A0EF.d.78895829AB79F375BAFC442C32FAB3F5.e.16209/click - {}
RESULT: {}
COMMAND: GET /session/cdd305857320dd590ea5bbf59a31d46e/screenshot - {}
RESULT: {}
COMMAND: POST /session/cdd305857320dd590ea5bbf59a31d46e/element - {"using":"xpath","value":"//td[6]/div/div/div/span"}
RESULT: {"using":"xpath","value":"//td[6]/div/div/div/span"}
COMMAND: POST /session/cdd305857320dd590ea5bbf59a31d46e/element/f.492DEA3F6A95B07ADA96E928C4F8A0EF.d.78895829AB79F375BAFC442C32FAB3F5.e.16221/click - {}
RESULT: {}
COMMAND: GET /session/cdd305857320dd590ea5bbf59a31d46e/screenshot - {}
RESULT: {}
COMMAND: POST /session/cdd305857320dd590ea5bbf59a31d46e/element - {"using":"xpath","value":"(//span[contains(text(), \"Material\")])"}
RESULT: {"using":"xpath","value":"(//span[contains(text(), \"Material\")])"}
COMMAND: POST /session/cdd305857320dd590ea5bbf59a31d46e/element/f.492DEA3F6A95B07ADA96E928C4F8A0EF.d.78895829AB79F375BAFC442C32FAB3F5.e.16222/click - {}
RESULT: {}
COMMAND: GET /session/cdd305857320dd590ea5bbf59a31d46e/screenshot - {}
RESULT: {}
COMMAND: POST /session/cdd305857320dd590ea5bbf59a31d46e/element - {"using":"xpath","value":"//td[7]/div/div/input"}
RESULT: {"using":"xpath","value":"//td[7]/div/div/input"}
COMMAND: POST /session/cdd305857320dd590ea5bbf59a31d46e/element/f.492DEA3F6A95B07ADA96E928C4F8A0EF.d.78895829AB79F375BAFC442C32FAB3F5.e.16225/clear - {}
RESULT: {}
COMMAND: POST /session/cdd305857320dd590ea5bbf59a31d46e/element/f.492DEA3F6A95B07ADA96E928C4F8A0EF.d.78895829AB79F375BAFC442C32FAB3F5.e.16225/value - {"text":"200215"}
COMMAND: GET /session/cdd305857320dd590ea5bbf59a31d46e/screenshot - {}
RESULT: {"text":"200215"}
COMMAND: GET /session/cdd305857320dd590ea5bbf59a31d46e/screenshot - {}
RESULT: {}
RESULT: {}
COMMAND: POST /session/cdd305857320dd590ea5bbf59a31d46e/actions - {"actions":[{"id":"action49","type":"key","parameters":{},"actions":[{"type":"keyDown","value":""},{"type":"pause","duration":10},{"type":"keyUp","value":""}]}]}
RESULT: {"actions":[{"id":"action49","type":"key","parameters":{},"actions":[{"type":"keyDown","value":""},{"type":"pause","duration":10},{"type":"keyUp","value":""}]}]}
COMMAND: GET /session/cdd305857320dd590ea5bbf59a31d46e/screenshot - {}
RESULT: {}
COMMAND: POST /session/cdd305857320dd590ea5bbf59a31d46e/execute/sync - {"script":"<script> [276 bytes]","args":["No pricing information was found"]}
RESULT: {"script":"<script> [276 bytes]","args":["No pricing information was found"]}
COMMAND: POST /session/cdd305857320dd590ea5bbf59a31d46e/element - {"using":"xpath","value":"//bdi[contains(text(), \"OK\")]"}
COMMAND: GET /session/cdd305857320dd590ea5bbf59a31d46e/screenshot - {}
RESULT: {"using":"xpath","value":"//bdi[contains(text(), \"OK\")]"}
COMMAND: POST /session/cdd305857320dd590ea5bbf59a31d46e/element/f.492DEA3F6A95B07ADA96E928C4F8A0EF.d.78895829AB79F375BAFC442C32FAB3F5.e.16251/click - {}
RESULT: {}
RESULT: {}
COMMAND: GET /session/cdd305857320dd590ea5bbf59a31d46e/screenshot - {}
RESULT: {}
COMMAND: POST /session/cdd305857320dd590ea5bbf59a31d46e/element - {"using":"xpath","value":"(//button[@data-kt=\"saveButton\"])[2]"}
RESULT: {"using":"xpath","value":"(//button[@data-kt=\"saveButton\"])[2]"}
COMMAND: POST /session/cdd305857320dd590ea5bbf59a31d46e/element/f.492DEA3F6A95B07ADA96E928C4F8A0EF.d.78895829AB79F375BAFC442C32FAB3F5.e.16252/click - {}
RESULT: {}
COMMAND: GET /session/cdd305857320dd590ea5bbf59a31d46e/screenshot - {}
RESULT: {}
COMMAND: POST /session/cdd305857320dd590ea5bbf59a31d46e/execute/sync - {"script":"<script> [276 bytes]","args":["Some contract items are having rental validity exceeding header rental validity"]}
RESULT: {"script":"<script> [276 bytes]","args":["Some contract items are having rental validity exceeding header rental validity"]}
COMMAND: GET /session/cdd305857320dd590ea5bbf59a31d46e/screenshot - {}
RESULT: {}
COMMAND: POST /session/cdd305857320dd590ea5bbf59a31d46e/element - {"using":"xpath","value":"//span[contains(@id ,\"contractItemsSmartTable-header-inner\")]"}
RESULT: {"using":"xpath","value":"//span[contains(@id ,\"contractItemsSmartTable-header-inner\")]"}
COMMAND: POST /session/cdd305857320dd590ea5bbf59a31d46e/elements - {"using":"xpath","value":"//span[contains(@id ,\"contractItemsSmartTable-header-inner\")]"}
RESULT: {"using":"xpath","value":"//span[contains(@id ,\"contractItemsSmartTable-header-inner\")]"}
COMMAND: POST /session/cdd305857320dd590ea5bbf59a31d46e/execute/sync - {"script":"<script> [56 bytes]","args":[{"element-6066-11e4-a52e-4f735466cecf":"f.492DEA3F6A95B07ADA96E928C4F8A0EF.d.78895829AB79F375BAFC442C32FAB3F5.e.16256","ELEMENT":"f.492DEA3F6A95B07ADA96E928C4F8A0EF.d.78895829AB79F375BAFC442C32FAB3F5.e.16256"}]}
RESULT: {"script":"<script> [56 bytes]","args":[{"element-6066-11e4-a52e-4f735466cecf":"f.492DEA3F6A95B07ADA96E928C4F8A0EF.d.78895829AB79F375BAFC442C32FAB3F5.e.16256","ELEMENT":"f.492DEA3F6A95B07ADA96E928C4F8A0EF.d.78895829AB79F375BAFC442C32FAB3F5.e.16256"}]}
]]></system-out>
    </testcase>
    <testcase classname="chrome.136_0_7103_93.windows.Provide_to_Site_w/o_warehouse_management_w_clarification" name="Should do provide to site" time="145.722">
      <system-out><![CDATA[
COMMAND: POST /session/cdd305857320dd590ea5bbf59a31d46e/element - {"using":"xpath","value":"//button[@data-kt=\"provideButton\"]"}
COMMAND: GET /session/cdd305857320dd590ea5bbf59a31d46e/screenshot - {}
RESULT: {"using":"xpath","value":"//button[@data-kt=\"provideButton\"]"}
COMMAND: POST /session/cdd305857320dd590ea5bbf59a31d46e/element/f.492DEA3F6A95B07ADA96E928C4F8A0EF.d.78895829AB79F375BAFC442C32FAB3F5.e.16257/click - {}
RESULT: {}
RESULT: {}
COMMAND: GET /session/cdd305857320dd590ea5bbf59a31d46e/screenshot - {}
RESULT: {}
COMMAND: POST /session/cdd305857320dd590ea5bbf59a31d46e/element - {"using":"xpath","value":"(//div[contains(@id, \"application-managehandovers-display-component---AddNewHO--oneStep-CbBg\")])"}
RESULT: {"using":"xpath","value":"(//div[contains(@id, \"application-managehandovers-display-component---AddNewHO--oneStep-CbBg\")])"}
COMMAND: POST /session/cdd305857320dd590ea5bbf59a31d46e/element - {"using":"xpath","value":"(//div[contains(@id, \"application-managehandovers-display-component---AddNewHO--oneStep-CbBg\")])/input"}
RESULT: {"using":"xpath","value":"(//div[contains(@id, \"application-managehandovers-display-component---AddNewHO--oneStep-CbBg\")])/input"}
COMMAND: GET /session/cdd305857320dd590ea5bbf59a31d46e/element/f.492DEA3F6A95B07ADA96E928C4F8A0EF.d.78895829AB79F375BAFC442C32FAB3F5.e.16316/attribute/checked - {}
RESULT: {}
RESULT: undefined
COMMAND: POST /session/cdd305857320dd590ea5bbf59a31d46e/execute/async - {"script":"<script> [6424 bytes]","args":[{"element-6066-11e4-a52e-4f735466cecf":"f.492DEA3F6A95B07ADA96E928C4F8A0EF.d.78895829AB79F375BAFC442C32FAB3F5.e.15108"},"setValue",["05/27/25"]]}
COMMAND: POST /session/cdd305857320dd590ea5bbf59a31d46e/element/f.492DEA3F6A95B07ADA96E928C4F8A0EF.d.78895829AB79F375BAFC442C32FAB3F5.e.16576/click - {}
COMMAND: POST /session/cdd305857320dd590ea5bbf59a31d46e/execute/async - {"script":"<script> [1562 bytes]","args":[{"selector":{"id":"application-managehandovers-display-component---AddNewHO--dueDate","interaction":{"idSuffix":"inner"}},"wdio_ui5_key":"applicationmanagehandovers-display-component---AddNewHO--dueDate"}]}
RESULT: {}
COMMAND: GET /session/cdd305857320dd590ea5bbf59a31d46e/screenshot - {}
RESULT: {"script":"<script> [1562 bytes]","args":[{"selector":{"id":"application-managehandovers-display-component---AddNewHO--dueDate","interaction":{"idSuffix":"inner"}},"wdio_ui5_key":"applicationmanagehandovers-display-component---AddNewHO--dueDate"}]}
COMMAND: POST /session/cdd305857320dd590ea5bbf59a31d46e/execute/async - {"script":"<script> [6424 bytes]","args":[{"element-6066-11e4-a52e-4f735466cecf":"f.492DEA3F6A95B07ADA96E928C4F8A0EF.d.78895829AB79F375BAFC442C32FAB3F5.e.16314"},"setValue",["05/27/25"]]}
RESULT: {}
RESULT: {"script":"<script> [6424 bytes]","args":[{"element-6066-11e4-a52e-4f735466cecf":"f.492DEA3F6A95B07ADA96E928C4F8A0EF.d.78895829AB79F375BAFC442C32FAB3F5.e.16314"},"setValue",["05/27/25"]]}
COMMAND: POST /session/cdd305857320dd590ea5bbf59a31d46e/element - {"using":"xpath","value":"//bdi[contains(text(), \"Instructions\")]"}
RESULT: {"using":"xpath","value":"//bdi[contains(text(), \"Instructions\")]"}
COMMAND: POST /session/cdd305857320dd590ea5bbf59a31d46e/element/f.492DEA3F6A95B07ADA96E928C4F8A0EF.d.78895829AB79F375BAFC442C32FAB3F5.e.16578/click - {}
RESULT: {}
COMMAND: GET /session/cdd305857320dd590ea5bbf59a31d46e/screenshot - {}
RESULT: {}
COMMAND: POST /session/cdd305857320dd590ea5bbf59a31d46e/element - {"using":"xpath","value":"//button[@data-kt=\"AddNewHOProvideAddItemsButton\"]"}
RESULT: {"using":"xpath","value":"//button[@data-kt=\"AddNewHOProvideAddItemsButton\"]"}
COMMAND: POST /session/cdd305857320dd590ea5bbf59a31d46e/element/f.492DEA3F6A95B07ADA96E928C4F8A0EF.d.78895829AB79F375BAFC442C32FAB3F5.e.16583/click - {}
RESULT: {}
COMMAND: GET /session/cdd305857320dd590ea5bbf59a31d46e/screenshot - {}
RESULT: {}
RESULT: undefined
COMMAND: POST /session/cdd305857320dd590ea5bbf59a31d46e/element - {"using":"xpath","value":"//*[@id=\"application-managehandovers-display-component---AddNewHO--popup-sa\"]"}
RESULT: {"using":"xpath","value":"//*[@id=\"application-managehandovers-display-component---AddNewHO--popup-sa\"]"}
COMMAND: POST /session/cdd305857320dd590ea5bbf59a31d46e/element/f.492DEA3F6A95B07ADA96E928C4F8A0EF.d.78895829AB79F375BAFC442C32FAB3F5.e.16591/click - {}
RESULT: {}
COMMAND: GET /session/cdd305857320dd590ea5bbf59a31d46e/screenshot - {}
RESULT: {}
COMMAND: POST /session/cdd305857320dd590ea5bbf59a31d46e/element - {"using":"xpath","value":"//*[contains(@id ,\"BDI-content\")][contains(text(), \"Select\")]"}
RESULT: {"using":"xpath","value":"//*[contains(@id ,\"BDI-content\")][contains(text(), \"Select\")]"}
COMMAND: POST /session/cdd305857320dd590ea5bbf59a31d46e/element/f.492DEA3F6A95B07ADA96E928C4F8A0EF.d.78895829AB79F375BAFC442C32FAB3F5.e.16592/click - {}
RESULT: {}
COMMAND: GET /session/cdd305857320dd590ea5bbf59a31d46e/screenshot - {}
RESULT: {}
COMMAND: POST /session/cdd305857320dd590ea5bbf59a31d46e/execute/async - {"script":"<script> [1562 bytes]","args":[{"selector":{"id":"application-managehandovers-display-component---AddNewHO--confirmCreationButton","interaction":{"idSuffix":"BDI-content"}},"wdio_ui5_key":"applicationmanagehandovers-display-component---AddNewHO--confirmCreationButton"}]}
RESULT: {"script":"<script> [1562 bytes]","args":[{"selector":{"id":"application-managehandovers-display-component---AddNewHO--confirmCreationButton","interaction":{"idSuffix":"BDI-content"}},"wdio_ui5_key":"applicationmanagehandovers-display-component---AddNewHO--confirmCreationButton"}]}
RESULT: undefined
COMMAND: POST /session/cdd305857320dd590ea5bbf59a31d46e/element - {"using":"xpath","value":"//*[@id=\"application-managehandovers-display-component---AddNewHO--confirmCreationButton\"]"}
RESULT: {"using":"xpath","value":"//*[@id=\"application-managehandovers-display-component---AddNewHO--confirmCreationButton\"]"}
COMMAND: POST /session/cdd305857320dd590ea5bbf59a31d46e/element/f.492DEA3F6A95B07ADA96E928C4F8A0EF.d.78895829AB79F375BAFC442C32FAB3F5.e.16384/click - {}
RESULT: {}
COMMAND: GET /session/cdd305857320dd590ea5bbf59a31d46e/screenshot - {}
RESULT: {}
COMMAND: POST /session/cdd305857320dd590ea5bbf59a31d46e/execute/async - {"script":"<script> [1562 bytes]","args":[{"selector":{"id":"issueDatePicker","viewName":"etm.portal.ui.managehandovers.view.DetailExecuteHO","interaction":{"idSuffix":"inner"}},"wdio_ui5_key":"issueDatePickeretmportal.ui.managehandovers.view.DetailExecuteHO"}]}
RESULT: {"script":"<script> [1562 bytes]","args":[{"selector":{"id":"issueDatePicker","viewName":"etm.portal.ui.managehandovers.view.DetailExecuteHO","interaction":{"idSuffix":"inner"}},"wdio_ui5_key":"issueDatePickeretmportal.ui.managehandovers.view.DetailExecuteHO"}]}
RESULT: undefined
COMMAND: POST /session/cdd305857320dd590ea5bbf59a31d46e/execute/async - {"script":"<script> [776 bytes]","args":[{"enterText":"5/27/25","selector":{"id":"issueDatePicker","viewName":"etm.portal.ui.managehandovers.view.DetailExecuteHO","interaction":{"idSuffix":"inner"}},"clearTextFirst":true,"interactionType":"ENTER_TEXT"}]}
RESULT: {"script":"<script> [776 bytes]","args":[{"enterText":"5/27/25","selector":{"id":"issueDatePicker","viewName":"etm.portal.ui.managehandovers.view.DetailExecuteHO","interaction":{"idSuffix":"inner"}},"clearTextFirst":true,"interactionType":"ENTER_TEXT"}]}
COMMAND: POST /session/cdd305857320dd590ea5bbf59a31d46e/element - {"using":"xpath","value":"//button[@data-kt=\"PickingTableConfirmAllButton\"]"}
RESULT: {"using":"xpath","value":"//button[@data-kt=\"PickingTableConfirmAllButton\"]"}
COMMAND: POST /session/cdd305857320dd590ea5bbf59a31d46e/element/f.492DEA3F6A95B07ADA96E928C4F8A0EF.d.78895829AB79F375BAFC442C32FAB3F5.e.16651/click - {}
RESULT: {}
COMMAND: GET /session/cdd305857320dd590ea5bbf59a31d46e/screenshot - {}
RESULT: {}
COMMAND: POST /session/cdd305857320dd590ea5bbf59a31d46e/element - {"using":"xpath","value":"//bdi[contains(text(), \"OK\")]"}
RESULT: {"using":"xpath","value":"//bdi[contains(text(), \"OK\")]"}
COMMAND: POST /session/cdd305857320dd590ea5bbf59a31d46e/element/f.492DEA3F6A95B07ADA96E928C4F8A0EF.d.78895829AB79F375BAFC442C32FAB3F5.e.16654/click - {}
RESULT: {}
COMMAND: GET /session/cdd305857320dd590ea5bbf59a31d46e/screenshot - {}
RESULT: {}
COMMAND: POST /session/cdd305857320dd590ea5bbf59a31d46e/element - {"using":"xpath","value":"//button[@data-kt=\"execHoPickButton\"]"}
RESULT: {"using":"xpath","value":"//button[@data-kt=\"execHoPickButton\"]"}
COMMAND: POST /session/cdd305857320dd590ea5bbf59a31d46e/element/f.492DEA3F6A95B07ADA96E928C4F8A0EF.d.78895829AB79F375BAFC442C32FAB3F5.e.16656/click - {}
RESULT: {}
COMMAND: GET /session/cdd305857320dd590ea5bbf59a31d46e/screenshot - {}
RESULT: {}
COMMAND: POST /session/cdd305857320dd590ea5bbf59a31d46e/element - {"using":"xpath","value":"//span[contains(@id ,\"filterItemControl_BASIC-RECEIVE_CONTRACT-vhi\")]"}
RESULT: {"using":"xpath","value":"//span[contains(@id ,\"filterItemControl_BASIC-RECEIVE_CONTRACT-vhi\")]"}
COMMAND: POST /session/cdd305857320dd590ea5bbf59a31d46e/element/f.492DEA3F6A95B07ADA96E928C4F8A0EF.d.78895829AB79F375BAFC442C32FAB3F5.e.16834/click - {}
RESULT: {}
COMMAND: GET /session/cdd305857320dd590ea5bbf59a31d46e/screenshot - {}
RESULT: {}
COMMAND: POST /session/cdd305857320dd590ea5bbf59a31d46e/execute/async - {"script":"<script> [1562 bytes]","args":[{"selector":{"controlType":"sap.m.SearchField","viewName":"etm.portal.ui.managehandovers.view.MasterHO","bindingPath":{"path":"","propertyPath":"/_BASIC_SEARCH_FIELD","modelName":"fi1t3rM0d31"},"searchOpenDialogs":true,"interaction":{"idSuffix":"I"}},"wdio_ui5_key":"etmportal.ui.managehandovers.view.MasterHOsap.m.SearchField{\"path\":\"\",\"propertyPath\":\"/_BASIC_SEARCH_FIELD\",\"modelName\":\"fi1t3rM0d31\"}"}]}
RESULT: {"script":"<script> [1562 bytes]","args":[{"selector":{"controlType":"sap.m.SearchField","viewName":"etm.portal.ui.managehandovers.view.MasterHO","bindingPath":{"path":"","propertyPath":"/_BASIC_SEARCH_FIELD","modelName":"fi1t3rM0d31"},"searchOpenDialogs":true,"interaction":{"idSuffix":"I"}},"wdio_ui5_key":"etmportal.ui.managehandovers.view.MasterHOsap.m.SearchField{\"path\":\"\",\"propertyPath\":\"/_BASIC_SEARCH_FIELD\",\"modelName\":\"fi1t3rM0d31\"}"}]}
RESULT: undefined
COMMAND: POST /session/cdd305857320dd590ea5bbf59a31d46e/execute/async - {"script":"<script> [776 bytes]","args":[{"enterText":"10312","selector":{"controlType":"sap.m.SearchField","viewName":"etm.portal.ui.managehandovers.view.MasterHO","bindingPath":{"path":"","propertyPath":"/_BASIC_SEARCH_FIELD","modelName":"fi1t3rM0d31"},"searchOpenDialogs":true,"interaction":{"idSuffix":"I"}},"clearTextFirst":true,"interactionType":"ENTER_TEXT"}]}
RESULT: {"script":"<script> [776 bytes]","args":[{"enterText":"10312","selector":{"controlType":"sap.m.SearchField","viewName":"etm.portal.ui.managehandovers.view.MasterHO","bindingPath":{"path":"","propertyPath":"/_BASIC_SEARCH_FIELD","modelName":"fi1t3rM0d31"},"searchOpenDialogs":true,"interaction":{"idSuffix":"I"}},"clearTextFirst":true,"interactionType":"ENTER_TEXT"}]}
COMMAND: POST /session/cdd305857320dd590ea5bbf59a31d46e/actions - {"actions":[{"id":"action50","type":"key","parameters":{},"actions":[{"type":"keyDown","value":""},{"type":"pause","duration":10},{"type":"keyUp","value":""}]}]}
RESULT: {"actions":[{"id":"action50","type":"key","parameters":{},"actions":[{"type":"keyDown","value":""},{"type":"pause","duration":10},{"type":"keyUp","value":""}]}]}
COMMAND: GET /session/cdd305857320dd590ea5bbf59a31d46e/screenshot - {}
RESULT: {}
COMMAND: POST /session/cdd305857320dd590ea5bbf59a31d46e/element - {"using":"xpath","value":"//div[contains(@id, 'filterItemControl_BASIC-RECEIVE_CONTRACT-valueHelpDialog-table-rowsel0')]"}
RESULT: {"using":"xpath","value":"//div[contains(@id, 'filterItemControl_BASIC-RECEIVE_CONTRACT-valueHelpDialog-table-rowsel0')]"}
COMMAND: POST /session/cdd305857320dd590ea5bbf59a31d46e/element/f.492DEA3F6A95B07ADA96E928C4F8A0EF.d.78895829AB79F375BAFC442C32FAB3F5.e.16844/click - {}
RESULT: {}
COMMAND: GET /session/cdd305857320dd590ea5bbf59a31d46e/screenshot - {}
RESULT: {}
COMMAND: POST /session/cdd305857320dd590ea5bbf59a31d46e/element - {"using":"xpath","value":"//bdi[contains(text(), \"OK\")]"}
RESULT: {"using":"xpath","value":"//bdi[contains(text(), \"OK\")]"}
COMMAND: POST /session/cdd305857320dd590ea5bbf59a31d46e/element/f.492DEA3F6A95B07ADA96E928C4F8A0EF.d.78895829AB79F375BAFC442C32FAB3F5.e.16846/click - {}
RESULT: {}
COMMAND: GET /session/cdd305857320dd590ea5bbf59a31d46e/screenshot - {}
RESULT: {}
COMMAND: POST /session/cdd305857320dd590ea5bbf59a31d46e/element - {"using":"xpath","value":"//span[contains(@id, \"smartTable-header-inner\")]"}
RESULT: {"using":"xpath","value":"//span[contains(@id, \"smartTable-header-inner\")]"}
COMMAND: POST /session/cdd305857320dd590ea5bbf59a31d46e/elements - {"using":"xpath","value":"//span[contains(@id, \"smartTable-header-inner\")]"}
RESULT: {"using":"xpath","value":"//span[contains(@id, \"smartTable-header-inner\")]"}
COMMAND: POST /session/cdd305857320dd590ea5bbf59a31d46e/execute/sync - {"script":"<script> [56 bytes]","args":[{"element-6066-11e4-a52e-4f735466cecf":"f.492DEA3F6A95B07ADA96E928C4F8A0EF.d.78895829AB79F375BAFC442C32FAB3F5.e.16874","ELEMENT":"f.492DEA3F6A95B07ADA96E928C4F8A0EF.d.78895829AB79F375BAFC442C32FAB3F5.e.16874"}]}
RESULT: {"script":"<script> [56 bytes]","args":[{"element-6066-11e4-a52e-4f735466cecf":"f.492DEA3F6A95B07ADA96E928C4F8A0EF.d.78895829AB79F375BAFC442C32FAB3F5.e.16874","ELEMENT":"f.492DEA3F6A95B07ADA96E928C4F8A0EF.d.78895829AB79F375BAFC442C32FAB3F5.e.16874"}]}
COMMAND: POST /session/cdd305857320dd590ea5bbf59a31d46e/element - {"using":"xpath","value":"//table[contains(@id, \"customHandovers\")]//tbody/tr[1]/td[2]/span"}
COMMAND: GET /session/cdd305857320dd590ea5bbf59a31d46e/screenshot - {}
RESULT: {"using":"xpath","value":"//table[contains(@id, \"customHandovers\")]//tbody/tr[1]/td[2]/span"}
COMMAND: POST /session/cdd305857320dd590ea5bbf59a31d46e/execute/sync - {"script":"<script> [56 bytes]","args":[{"element-6066-11e4-a52e-4f735466cecf":"f.492DEA3F6A95B07ADA96E928C4F8A0EF.d.78895829AB79F375BAFC442C32FAB3F5.e.16875","ELEMENT":"f.492DEA3F6A95B07ADA96E928C4F8A0EF.d.78895829AB79F375BAFC442C32FAB3F5.e.16875"}]}
RESULT: {}
RESULT: {"script":"<script> [56 bytes]","args":[{"element-6066-11e4-a52e-4f735466cecf":"f.492DEA3F6A95B07ADA96E928C4F8A0EF.d.78895829AB79F375BAFC442C32FAB3F5.e.16875","ELEMENT":"f.492DEA3F6A95B07ADA96E928C4F8A0EF.d.78895829AB79F375BAFC442C32FAB3F5.e.16875"}]}
COMMAND: POST /session/cdd305857320dd590ea5bbf59a31d46e/element - {"using":"xpath","value":"(//span[contains(@id, \"imgNav\")])[1]"}
COMMAND: GET /session/cdd305857320dd590ea5bbf59a31d46e/screenshot - {}
RESULT: {"using":"xpath","value":"(//span[contains(@id, \"imgNav\")])[1]"}
COMMAND: POST /session/cdd305857320dd590ea5bbf59a31d46e/element/f.492DEA3F6A95B07ADA96E928C4F8A0EF.d.78895829AB79F375BAFC442C32FAB3F5.e.16873/click - {}
RESULT: {}
RESULT: {}
COMMAND: GET /session/cdd305857320dd590ea5bbf59a31d46e/screenshot - {}
RESULT: {}
RESULT: undefined
COMMAND: POST /session/cdd305857320dd590ea5bbf59a31d46e/execute/async - {"script":"<script> [776 bytes]","args":[{"enterText":"5/27/25","selector":{"id":"issueDatePicker","viewName":"etm.portal.ui.managehandovers.view.DetailExecuteHO","interaction":{"idSuffix":"inner"}},"clearTextFirst":true,"interactionType":"ENTER_TEXT"}]}
RESULT: {"script":"<script> [776 bytes]","args":[{"enterText":"5/27/25","selector":{"id":"issueDatePicker","viewName":"etm.portal.ui.managehandovers.view.DetailExecuteHO","interaction":{"idSuffix":"inner"}},"clearTextFirst":true,"interactionType":"ENTER_TEXT"}]}
COMMAND: POST /session/cdd305857320dd590ea5bbf59a31d46e/element - {"using":"xpath","value":"//button[@data-kt=\"IssuingTableConfirmAllButton\"]"}
RESULT: {"using":"xpath","value":"//button[@data-kt=\"IssuingTableConfirmAllButton\"]"}
COMMAND: POST /session/cdd305857320dd590ea5bbf59a31d46e/element/f.492DEA3F6A95B07ADA96E928C4F8A0EF.d.78895829AB79F375BAFC442C32FAB3F5.e.16916/click - {}
RESULT: {}
COMMAND: GET /session/cdd305857320dd590ea5bbf59a31d46e/screenshot - {}
RESULT: {}
COMMAND: POST /session/cdd305857320dd590ea5bbf59a31d46e/element - {"using":"xpath","value":"//bdi[contains(text(), \"OK\")]"}
RESULT: {"using":"xpath","value":"//bdi[contains(text(), \"OK\")]"}
COMMAND: POST /session/cdd305857320dd590ea5bbf59a31d46e/element/f.492DEA3F6A95B07ADA96E928C4F8A0EF.d.78895829AB79F375BAFC442C32FAB3F5.e.16933/click - {}
RESULT: {}
COMMAND: GET /session/cdd305857320dd590ea5bbf59a31d46e/screenshot - {}
RESULT: {}
COMMAND: POST /session/cdd305857320dd590ea5bbf59a31d46e/element - {"using":"xpath","value":"//button[@data-kt=\"execHoIssueButton\"]"}
RESULT: {"using":"xpath","value":"//button[@data-kt=\"execHoIssueButton\"]"}
COMMAND: POST /session/cdd305857320dd590ea5bbf59a31d46e/element/f.492DEA3F6A95B07ADA96E928C4F8A0EF.d.78895829AB79F375BAFC442C32FAB3F5.e.16934/click - {}
RESULT: {}
COMMAND: GET /session/cdd305857320dd590ea5bbf59a31d46e/screenshot - {}
RESULT: {}
COMMAND: POST /session/cdd305857320dd590ea5bbf59a31d46e/element - {"using":"xpath","value":"//input[contains(@id ,\"smartFilterBar-btnBasicSearch-I\")]"}
RESULT: {"using":"xpath","value":"//input[contains(@id ,\"smartFilterBar-btnBasicSearch-I\")]"}
COMMAND: POST /session/cdd305857320dd590ea5bbf59a31d46e/elements - {"using":"xpath","value":"//input[contains(@id ,\"smartFilterBar-btnBasicSearch-I\")]"}
RESULT: {"using":"xpath","value":"//input[contains(@id ,\"smartFilterBar-btnBasicSearch-I\")]"}
COMMAND: POST /session/cdd305857320dd590ea5bbf59a31d46e/execute/sync - {"script":"<script> [8489 bytes]","args":[{"element-6066-11e4-a52e-4f735466cecf":"f.492DEA3F6A95B07ADA96E928C4F8A0EF.d.78895829AB79F375BAFC442C32FAB3F5.e.16349","ELEMENT":"f.492DEA3F6A95B07ADA96E928C4F8A0EF.d.78895829AB79F375BAFC442C32FAB3F5.e.16349"}]}
RESULT: {"script":"<script> [8489 bytes]","args":[{"element-6066-11e4-a52e-4f735466cecf":"f.492DEA3F6A95B07ADA96E928C4F8A0EF.d.78895829AB79F375BAFC442C32FAB3F5.e.16349","ELEMENT":"f.492DEA3F6A95B07ADA96E928C4F8A0EF.d.78895829AB79F375BAFC442C32FAB3F5.e.16349"}]}
COMMAND: GET /session/cdd305857320dd590ea5bbf59a31d46e/element/f.492DEA3F6A95B07ADA96E928C4F8A0EF.d.78895829AB79F375BAFC442C32FAB3F5.e.16349/enabled - {}
COMMAND: GET /session/cdd305857320dd590ea5bbf59a31d46e/screenshot - {}
RESULT: {}
COMMAND: POST /session/cdd305857320dd590ea5bbf59a31d46e/element/f.492DEA3F6A95B07ADA96E928C4F8A0EF.d.78895829AB79F375BAFC442C32FAB3F5.e.16349/clear - {}
COMMAND: GET /session/cdd305857320dd590ea5bbf59a31d46e/screenshot - {}
RESULT: {}
RESULT: {}
COMMAND: POST /session/cdd305857320dd590ea5bbf59a31d46e/element/f.492DEA3F6A95B07ADA96E928C4F8A0EF.d.78895829AB79F375BAFC442C32FAB3F5.e.16349/value - {"text":"30680"}
COMMAND: GET /session/cdd305857320dd590ea5bbf59a31d46e/screenshot - {}
RESULT: {}
RESULT: {"text":"30680"}
COMMAND: GET /session/cdd305857320dd590ea5bbf59a31d46e/screenshot - {}
RESULT: {}
RESULT: {}
COMMAND: POST /session/cdd305857320dd590ea5bbf59a31d46e/actions - {"actions":[{"id":"action51","type":"key","parameters":{},"actions":[{"type":"keyDown","value":""},{"type":"pause","duration":10},{"type":"keyUp","value":""}]}]}
RESULT: {"actions":[{"id":"action51","type":"key","parameters":{},"actions":[{"type":"keyDown","value":""},{"type":"pause","duration":10},{"type":"keyUp","value":""}]}]}
COMMAND: GET /session/cdd305857320dd590ea5bbf59a31d46e/screenshot - {}
RESULT: {}
COMMAND: POST /session/cdd305857320dd590ea5bbf59a31d46e/element - {"using":"xpath","value":"//span[contains(@id, \"smartTable-header-inner\")]"}
RESULT: {"using":"xpath","value":"//span[contains(@id, \"smartTable-header-inner\")]"}
COMMAND: POST /session/cdd305857320dd590ea5bbf59a31d46e/elements - {"using":"xpath","value":"//span[contains(@id, \"smartTable-header-inner\")]"}
RESULT: {"using":"xpath","value":"//span[contains(@id, \"smartTable-header-inner\")]"}
COMMAND: POST /session/cdd305857320dd590ea5bbf59a31d46e/execute/sync - {"script":"<script> [56 bytes]","args":[{"element-6066-11e4-a52e-4f735466cecf":"f.492DEA3F6A95B07ADA96E928C4F8A0EF.d.78895829AB79F375BAFC442C32FAB3F5.e.16874","ELEMENT":"f.492DEA3F6A95B07ADA96E928C4F8A0EF.d.78895829AB79F375BAFC442C32FAB3F5.e.16874"}]}
RESULT: {"script":"<script> [56 bytes]","args":[{"element-6066-11e4-a52e-4f735466cecf":"f.492DEA3F6A95B07ADA96E928C4F8A0EF.d.78895829AB79F375BAFC442C32FAB3F5.e.16874","ELEMENT":"f.492DEA3F6A95B07ADA96E928C4F8A0EF.d.78895829AB79F375BAFC442C32FAB3F5.e.16874"}]}
COMMAND: POST /session/cdd305857320dd590ea5bbf59a31d46e/elements - {"using":"xpath","value":"//thead[contains(@class, \"sapMTableTH\")]/tr/th"}
COMMAND: GET /session/cdd305857320dd590ea5bbf59a31d46e/screenshot - {}
RESULT: {"using":"xpath","value":"//thead[contains(@class, \"sapMTableTH\")]/tr/th"}
COMMAND: GET /session/cdd305857320dd590ea5bbf59a31d46e/element/f.492DEA3F6A95B07ADA96E928C4F8A0EF.d.78895829AB79F375BAFC442C32FAB3F5.e.16972/text - {}
RESULT: {}
RESULT: {}
COMMAND: GET /session/cdd305857320dd590ea5bbf59a31d46e/element/f.492DEA3F6A95B07ADA96E928C4F8A0EF.d.78895829AB79F375BAFC442C32FAB3F5.e.16973/text - {}
RESULT: {}
COMMAND: GET /session/cdd305857320dd590ea5bbf59a31d46e/element/f.492DEA3F6A95B07ADA96E928C4F8A0EF.d.78895829AB79F375BAFC442C32FAB3F5.e.16342/text - {}
RESULT: {}
COMMAND: GET /session/cdd305857320dd590ea5bbf59a31d46e/element/f.492DEA3F6A95B07ADA96E928C4F8A0EF.d.78895829AB79F375BAFC442C32FAB3F5.e.16344/text - {}
RESULT: {}
COMMAND: GET /session/cdd305857320dd590ea5bbf59a31d46e/element/f.492DEA3F6A95B07ADA96E928C4F8A0EF.d.78895829AB79F375BAFC442C32FAB3F5.e.16939/text - {}
RESULT: {}
COMMAND: GET /session/cdd305857320dd590ea5bbf59a31d46e/element/f.492DEA3F6A95B07ADA96E928C4F8A0EF.d.78895829AB79F375BAFC442C32FAB3F5.e.16940/text - {}
RESULT: {}
COMMAND: GET /session/cdd305857320dd590ea5bbf59a31d46e/element/f.492DEA3F6A95B07ADA96E928C4F8A0EF.d.78895829AB79F375BAFC442C32FAB3F5.e.16941/text - {}
RESULT: {}
COMMAND: GET /session/cdd305857320dd590ea5bbf59a31d46e/element/f.492DEA3F6A95B07ADA96E928C4F8A0EF.d.78895829AB79F375BAFC442C32FAB3F5.e.16942/text - {}
RESULT: {}
COMMAND: GET /session/cdd305857320dd590ea5bbf59a31d46e/element/f.492DEA3F6A95B07ADA96E928C4F8A0EF.d.78895829AB79F375BAFC442C32FAB3F5.e.16943/text - {}
RESULT: {}
COMMAND: GET /session/cdd305857320dd590ea5bbf59a31d46e/element/f.492DEA3F6A95B07ADA96E928C4F8A0EF.d.78895829AB79F375BAFC442C32FAB3F5.e.16944/text - {}
RESULT: {}
COMMAND: GET /session/cdd305857320dd590ea5bbf59a31d46e/element/f.492DEA3F6A95B07ADA96E928C4F8A0EF.d.78895829AB79F375BAFC442C32FAB3F5.e.16945/text - {}
RESULT: {}
COMMAND: GET /session/cdd305857320dd590ea5bbf59a31d46e/element/f.492DEA3F6A95B07ADA96E928C4F8A0EF.d.78895829AB79F375BAFC442C32FAB3F5.e.16946/text - {}
RESULT: {}
COMMAND: GET /session/cdd305857320dd590ea5bbf59a31d46e/element/f.492DEA3F6A95B07ADA96E928C4F8A0EF.d.78895829AB79F375BAFC442C32FAB3F5.e.16947/text - {}
RESULT: {}
COMMAND: GET /session/cdd305857320dd590ea5bbf59a31d46e/element/f.492DEA3F6A95B07ADA96E928C4F8A0EF.d.78895829AB79F375BAFC442C32FAB3F5.e.16345/text - {}
RESULT: {}
COMMAND: POST /session/cdd305857320dd590ea5bbf59a31d46e/element - {"using":"xpath","value":"//tbody[contains(@id, \"customHandoversTable-tblBody\")]/tr[1]/td[14]/div/span"}
RESULT: {"using":"xpath","value":"//tbody[contains(@id, \"customHandoversTable-tblBody\")]/tr[1]/td[14]/div/span"}
COMMAND: POST /session/cdd305857320dd590ea5bbf59a31d46e/execute/sync - {"script":"<script> [56 bytes]","args":[{"element-6066-11e4-a52e-4f735466cecf":"f.492DEA3F6A95B07ADA96E928C4F8A0EF.d.78895829AB79F375BAFC442C32FAB3F5.e.17022","ELEMENT":"f.492DEA3F6A95B07ADA96E928C4F8A0EF.d.78895829AB79F375BAFC442C32FAB3F5.e.17022"}]}
RESULT: {"script":"<script> [56 bytes]","args":[{"element-6066-11e4-a52e-4f735466cecf":"f.492DEA3F6A95B07ADA96E928C4F8A0EF.d.78895829AB79F375BAFC442C32FAB3F5.e.17022","ELEMENT":"f.492DEA3F6A95B07ADA96E928C4F8A0EF.d.78895829AB79F375BAFC442C32FAB3F5.e.17022"}]}
COMMAND: POST /session/cdd305857320dd590ea5bbf59a31d46e/element - {"using":"xpath","value":"(//span[contains(@id, \"imgNav\")])[1]"}
COMMAND: GET /session/cdd305857320dd590ea5bbf59a31d46e/screenshot - {}
RESULT: {"using":"xpath","value":"(//span[contains(@id, \"imgNav\")])[1]"}
COMMAND: POST /session/cdd305857320dd590ea5bbf59a31d46e/element/f.492DEA3F6A95B07ADA96E928C4F8A0EF.d.78895829AB79F375BAFC442C32FAB3F5.e.17023/click - {}
RESULT: {}
RESULT: {}
COMMAND: GET /session/cdd305857320dd590ea5bbf59a31d46e/screenshot - {}
RESULT: {}
RESULT: undefined
COMMAND: POST /session/cdd305857320dd590ea5bbf59a31d46e/execute/async - {"script":"<script> [776 bytes]","args":[{"enterText":"05/27/25","selector":{"id":"receiptDatePicker","viewName":"etm.portal.ui.managehandovers.view.DetailExecuteHO","interaction":{"idSuffix":"inner"}},"clearTextFirst":true,"interactionType":"ENTER_TEXT"}]}
RESULT: {"script":"<script> [776 bytes]","args":[{"enterText":"05/27/25","selector":{"id":"receiptDatePicker","viewName":"etm.portal.ui.managehandovers.view.DetailExecuteHO","interaction":{"idSuffix":"inner"}},"clearTextFirst":true,"interactionType":"ENTER_TEXT"}]}
COMMAND: POST /session/cdd305857320dd590ea5bbf59a31d46e/element - {"using":"xpath","value":"//bdi[contains(text(), \"OK\")]"}
RESULT: {"using":"xpath","value":"//bdi[contains(text(), \"OK\")]"}
COMMAND: POST /session/cdd305857320dd590ea5bbf59a31d46e/element/f.492DEA3F6A95B07ADA96E928C4F8A0EF.d.78895829AB79F375BAFC442C32FAB3F5.e.17057/click - {}
RESULT: {}
COMMAND: GET /session/cdd305857320dd590ea5bbf59a31d46e/screenshot - {}
RESULT: {}
COMMAND: POST /session/cdd305857320dd590ea5bbf59a31d46e/element - {"using":"xpath","value":"//button[@data-kt=\"ReceivingTableConfirmAllButton\"]"}
RESULT: {"using":"xpath","value":"//button[@data-kt=\"ReceivingTableConfirmAllButton\"]"}
COMMAND: POST /session/cdd305857320dd590ea5bbf59a31d46e/element/f.492DEA3F6A95B07ADA96E928C4F8A0EF.d.78895829AB79F375BAFC442C32FAB3F5.e.17042/click - {}
RESULT: {}
COMMAND: GET /session/cdd305857320dd590ea5bbf59a31d46e/screenshot - {}
RESULT: {}
COMMAND: POST /session/cdd305857320dd590ea5bbf59a31d46e/element - {"using":"xpath","value":"//bdi[contains(text(), \"OK\")]"}
RESULT: {"using":"xpath","value":"//bdi[contains(text(), \"OK\")]"}
COMMAND: POST /session/cdd305857320dd590ea5bbf59a31d46e/element/f.492DEA3F6A95B07ADA96E928C4F8A0EF.d.78895829AB79F375BAFC442C32FAB3F5.e.17067/click - {}
RESULT: {}
COMMAND: GET /session/cdd305857320dd590ea5bbf59a31d46e/screenshot - {}
RESULT: {}
COMMAND: POST /session/cdd305857320dd590ea5bbf59a31d46e/element - {"using":"xpath","value":"//button[@data-kt= \"execHoReceiveButton\"]"}
RESULT: {"using":"xpath","value":"//button[@data-kt= \"execHoReceiveButton\"]"}
COMMAND: POST /session/cdd305857320dd590ea5bbf59a31d46e/element/f.492DEA3F6A95B07ADA96E928C4F8A0EF.d.78895829AB79F375BAFC442C32FAB3F5.e.17069/click - {}
RESULT: {}
COMMAND: GET /session/cdd305857320dd590ea5bbf59a31d46e/screenshot - {}
RESULT: {}
COMMAND: POST /session/cdd305857320dd590ea5bbf59a31d46e/element - {"using":"xpath","value":"//input[contains(@id ,\"smartFilterBar-btnBasicSearch-I\")]"}
RESULT: {"using":"xpath","value":"//input[contains(@id ,\"smartFilterBar-btnBasicSearch-I\")]"}
COMMAND: POST /session/cdd305857320dd590ea5bbf59a31d46e/elements - {"using":"xpath","value":"//input[contains(@id ,\"smartFilterBar-btnBasicSearch-I\")]"}
RESULT: {"using":"xpath","value":"//input[contains(@id ,\"smartFilterBar-btnBasicSearch-I\")]"}
COMMAND: POST /session/cdd305857320dd590ea5bbf59a31d46e/execute/sync - {"script":"<script> [8489 bytes]","args":[{"element-6066-11e4-a52e-4f735466cecf":"f.492DEA3F6A95B07ADA96E928C4F8A0EF.d.78895829AB79F375BAFC442C32FAB3F5.e.16349","ELEMENT":"f.492DEA3F6A95B07ADA96E928C4F8A0EF.d.78895829AB79F375BAFC442C32FAB3F5.e.16349"}]}
RESULT: {"script":"<script> [8489 bytes]","args":[{"element-6066-11e4-a52e-4f735466cecf":"f.492DEA3F6A95B07ADA96E928C4F8A0EF.d.78895829AB79F375BAFC442C32FAB3F5.e.16349","ELEMENT":"f.492DEA3F6A95B07ADA96E928C4F8A0EF.d.78895829AB79F375BAFC442C32FAB3F5.e.16349"}]}
COMMAND: GET /session/cdd305857320dd590ea5bbf59a31d46e/element/f.492DEA3F6A95B07ADA96E928C4F8A0EF.d.78895829AB79F375BAFC442C32FAB3F5.e.16349/enabled - {}
COMMAND: GET /session/cdd305857320dd590ea5bbf59a31d46e/screenshot - {}
RESULT: {}
COMMAND: POST /session/cdd305857320dd590ea5bbf59a31d46e/element/f.492DEA3F6A95B07ADA96E928C4F8A0EF.d.78895829AB79F375BAFC442C32FAB3F5.e.16349/clear - {}
COMMAND: GET /session/cdd305857320dd590ea5bbf59a31d46e/screenshot - {}
RESULT: {}
RESULT: {}
COMMAND: POST /session/cdd305857320dd590ea5bbf59a31d46e/element/f.492DEA3F6A95B07ADA96E928C4F8A0EF.d.78895829AB79F375BAFC442C32FAB3F5.e.16349/value - {"text":"30680"}
COMMAND: GET /session/cdd305857320dd590ea5bbf59a31d46e/screenshot - {}
RESULT: {}
RESULT: {"text":"30680"}
COMMAND: GET /session/cdd305857320dd590ea5bbf59a31d46e/screenshot - {}
RESULT: {}
RESULT: {}
COMMAND: POST /session/cdd305857320dd590ea5bbf59a31d46e/actions - {"actions":[{"id":"action52","type":"key","parameters":{},"actions":[{"type":"keyDown","value":""},{"type":"pause","duration":10},{"type":"keyUp","value":""}]}]}
RESULT: {"actions":[{"id":"action52","type":"key","parameters":{},"actions":[{"type":"keyDown","value":""},{"type":"pause","duration":10},{"type":"keyUp","value":""}]}]}
COMMAND: GET /session/cdd305857320dd590ea5bbf59a31d46e/screenshot - {}
RESULT: {}
COMMAND: POST /session/cdd305857320dd590ea5bbf59a31d46e/element - {"using":"xpath","value":"//span[contains(@id, \"smartTable-header-inner\")]"}
RESULT: {"using":"xpath","value":"//span[contains(@id, \"smartTable-header-inner\")]"}
COMMAND: POST /session/cdd305857320dd590ea5bbf59a31d46e/elements - {"using":"xpath","value":"//span[contains(@id, \"smartTable-header-inner\")]"}
RESULT: {"using":"xpath","value":"//span[contains(@id, \"smartTable-header-inner\")]"}
COMMAND: POST /session/cdd305857320dd590ea5bbf59a31d46e/execute/sync - {"script":"<script> [56 bytes]","args":[{"element-6066-11e4-a52e-4f735466cecf":"f.492DEA3F6A95B07ADA96E928C4F8A0EF.d.78895829AB79F375BAFC442C32FAB3F5.e.16874","ELEMENT":"f.492DEA3F6A95B07ADA96E928C4F8A0EF.d.78895829AB79F375BAFC442C32FAB3F5.e.16874"}]}
RESULT: {"script":"<script> [56 bytes]","args":[{"element-6066-11e4-a52e-4f735466cecf":"f.492DEA3F6A95B07ADA96E928C4F8A0EF.d.78895829AB79F375BAFC442C32FAB3F5.e.16874","ELEMENT":"f.492DEA3F6A95B07ADA96E928C4F8A0EF.d.78895829AB79F375BAFC442C32FAB3F5.e.16874"}]}
COMMAND: POST /session/cdd305857320dd590ea5bbf59a31d46e/elements - {"using":"xpath","value":"//thead[contains(@class, \"sapMTableTH\")]/tr/th"}
COMMAND: GET /session/cdd305857320dd590ea5bbf59a31d46e/screenshot - {}
RESULT: {"using":"xpath","value":"//thead[contains(@class, \"sapMTableTH\")]/tr/th"}
COMMAND: GET /session/cdd305857320dd590ea5bbf59a31d46e/element/f.492DEA3F6A95B07ADA96E928C4F8A0EF.d.78895829AB79F375BAFC442C32FAB3F5.e.16972/text - {}
RESULT: {}
RESULT: {}
COMMAND: GET /session/cdd305857320dd590ea5bbf59a31d46e/element/f.492DEA3F6A95B07ADA96E928C4F8A0EF.d.78895829AB79F375BAFC442C32FAB3F5.e.16973/text - {}
RESULT: {}
COMMAND: GET /session/cdd305857320dd590ea5bbf59a31d46e/element/f.492DEA3F6A95B07ADA96E928C4F8A0EF.d.78895829AB79F375BAFC442C32FAB3F5.e.16342/text - {}
RESULT: {}
COMMAND: GET /session/cdd305857320dd590ea5bbf59a31d46e/element/f.492DEA3F6A95B07ADA96E928C4F8A0EF.d.78895829AB79F375BAFC442C32FAB3F5.e.16344/text - {}
RESULT: {}
COMMAND: GET /session/cdd305857320dd590ea5bbf59a31d46e/element/f.492DEA3F6A95B07ADA96E928C4F8A0EF.d.78895829AB79F375BAFC442C32FAB3F5.e.17074/text - {}
RESULT: {}
COMMAND: GET /session/cdd305857320dd590ea5bbf59a31d46e/element/f.492DEA3F6A95B07ADA96E928C4F8A0EF.d.78895829AB79F375BAFC442C32FAB3F5.e.17075/text - {}
RESULT: {}
COMMAND: GET /session/cdd305857320dd590ea5bbf59a31d46e/element/f.492DEA3F6A95B07ADA96E928C4F8A0EF.d.78895829AB79F375BAFC442C32FAB3F5.e.17076/text - {}
RESULT: {}
COMMAND: GET /session/cdd305857320dd590ea5bbf59a31d46e/element/f.492DEA3F6A95B07ADA96E928C4F8A0EF.d.78895829AB79F375BAFC442C32FAB3F5.e.17077/text - {}
RESULT: {}
COMMAND: GET /session/cdd305857320dd590ea5bbf59a31d46e/element/f.492DEA3F6A95B07ADA96E928C4F8A0EF.d.78895829AB79F375BAFC442C32FAB3F5.e.17078/text - {}
RESULT: {}
COMMAND: GET /session/cdd305857320dd590ea5bbf59a31d46e/element/f.492DEA3F6A95B07ADA96E928C4F8A0EF.d.78895829AB79F375BAFC442C32FAB3F5.e.17079/text - {}
RESULT: {}
COMMAND: GET /session/cdd305857320dd590ea5bbf59a31d46e/element/f.492DEA3F6A95B07ADA96E928C4F8A0EF.d.78895829AB79F375BAFC442C32FAB3F5.e.17080/text - {}
RESULT: {}
COMMAND: GET /session/cdd305857320dd590ea5bbf59a31d46e/element/f.492DEA3F6A95B07ADA96E928C4F8A0EF.d.78895829AB79F375BAFC442C32FAB3F5.e.17081/text - {}
RESULT: {}
COMMAND: GET /session/cdd305857320dd590ea5bbf59a31d46e/element/f.492DEA3F6A95B07ADA96E928C4F8A0EF.d.78895829AB79F375BAFC442C32FAB3F5.e.17082/text - {}
RESULT: {}
COMMAND: GET /session/cdd305857320dd590ea5bbf59a31d46e/element/f.492DEA3F6A95B07ADA96E928C4F8A0EF.d.78895829AB79F375BAFC442C32FAB3F5.e.16345/text - {}
RESULT: {}
COMMAND: POST /session/cdd305857320dd590ea5bbf59a31d46e/element - {"using":"xpath","value":"//tbody[contains(@id, \"customHandoversTable-tblBody\")]/tr[1]/td[14]/div/span"}
RESULT: {"using":"xpath","value":"//tbody[contains(@id, \"customHandoversTable-tblBody\")]/tr[1]/td[14]/div/span"}
COMMAND: POST /session/cdd305857320dd590ea5bbf59a31d46e/execute/sync - {"script":"<script> [56 bytes]","args":[{"element-6066-11e4-a52e-4f735466cecf":"f.492DEA3F6A95B07ADA96E928C4F8A0EF.d.78895829AB79F375BAFC442C32FAB3F5.e.17126","ELEMENT":"f.492DEA3F6A95B07ADA96E928C4F8A0EF.d.78895829AB79F375BAFC442C32FAB3F5.e.17126"}]}
RESULT: {"script":"<script> [56 bytes]","args":[{"element-6066-11e4-a52e-4f735466cecf":"f.492DEA3F6A95B07ADA96E928C4F8A0EF.d.78895829AB79F375BAFC442C32FAB3F5.e.17126","ELEMENT":"f.492DEA3F6A95B07ADA96E928C4F8A0EF.d.78895829AB79F375BAFC442C32FAB3F5.e.17126"}]}
]]></system-out>
    </testcase>
    <testcase classname="chrome.136_0_7103_93.windows.Provide_to_Site_w/o_warehouse_management_w_clarification" name="Should Test for Handover Execution" time="13.032">
      <system-out><![CDATA[
COMMAND: POST /session/cdd305857320dd590ea5bbf59a31d46e/element - {"using":"xpath","value":"(//span[contains(@id, \"imgNav\")])[1]"}
COMMAND: GET /session/cdd305857320dd590ea5bbf59a31d46e/screenshot - {}
RESULT: {"using":"xpath","value":"(//span[contains(@id, \"imgNav\")])[1]"}
COMMAND: POST /session/cdd305857320dd590ea5bbf59a31d46e/element/f.492DEA3F6A95B07ADA96E928C4F8A0EF.d.78895829AB79F375BAFC442C32FAB3F5.e.17127/click - {}
RESULT: {}
RESULT: {}
COMMAND: GET /session/cdd305857320dd590ea5bbf59a31d46e/screenshot - {}
RESULT: {}
COMMAND: POST /session/cdd305857320dd590ea5bbf59a31d46e/element - {"using":"css selector","value":"#shell-header-logo"}
RESULT: {"using":"css selector","value":"#shell-header-logo"}
COMMAND: POST /session/cdd305857320dd590ea5bbf59a31d46e/element/f.492DEA3F6A95B07ADA96E928C4F8A0EF.d.78895829AB79F375BAFC442C32FAB3F5.e.15621/click - {}
RESULT: {}
COMMAND: GET /session/cdd305857320dd590ea5bbf59a31d46e/screenshot - {}
RESULT: {}
]]></system-out>
    </testcase>
    <testcase classname="chrome.136_0_7103_93.windows.Provide_to_Site_w/o_warehouse_management_w_clarification" name="Should test for Clarification" time="0.004">
      <system-out><![CDATA[
COMMAND: POST /session/cdd305857320dd590ea5bbf59a31d46e/element - {"using":"css selector","value":"#j_username"}
COMMAND: POST /session/cdd305857320dd590ea5bbf59a31d46e/url - {"url":"https://qa-testing-00-live-etm-ui.cfapps.eu10-004.hana.ondemand.com/"}
RESULT: {"using":"css selector","value":"#j_username"}
COMMAND: POST /session/cdd305857320dd590ea5bbf59a31d46e/element - {"using":"css selector","value":"#j_username"}
RESULT: {"url":"https://qa-testing-00-live-etm-ui.cfapps.eu10-004.hana.ondemand.com/"}
RESULT: undefined
COMMAND: GET /session/cdd305857320dd590ea5bbf59a31d46e/screenshot - {}
RESULT: {"using":"css selector","value":"#j_username"}
COMMAND: POST /session/cdd305857320dd590ea5bbf59a31d46e/element - {"using":"css selector","value":"#shell-header-logo"}
RESULT: {}
RESULT: {"using":"css selector","value":"#shell-header-logo"}
COMMAND: POST /session/cdd305857320dd590ea5bbf59a31d46e/execute/sync - {"script":"<script> [8489 bytes]","args":[{"element-6066-11e4-a52e-4f735466cecf":"f.492DEA3F6A95B07ADA96E928C4F8A0EF.d.40E79A95F53D3A83A374BB859C28C7BC.e.17178","ELEMENT":"f.492DEA3F6A95B07ADA96E928C4F8A0EF.d.40E79A95F53D3A83A374BB859C28C7BC.e.17178"}]}
RESULT: {"script":"<script> [8489 bytes]","args":[{"element-6066-11e4-a52e-4f735466cecf":"f.492DEA3F6A95B07ADA96E928C4F8A0EF.d.40E79A95F53D3A83A374BB859C28C7BC.e.17178","ELEMENT":"f.492DEA3F6A95B07ADA96E928C4F8A0EF.d.40E79A95F53D3A83A374BB859C28C7BC.e.17178"}]}
COMMAND: POST /session/cdd305857320dd590ea5bbf59a31d46e/element - {"using":"css selector","value":"#shell-header-logo"}
COMMAND: GET /session/cdd305857320dd590ea5bbf59a31d46e/screenshot - {}
RESULT: {"using":"css selector","value":"#shell-header-logo"}
COMMAND: POST /session/cdd305857320dd590ea5bbf59a31d46e/execute/sync - {"script":"<script> [8489 bytes]","args":[{"element-6066-11e4-a52e-4f735466cecf":"f.492DEA3F6A95B07ADA96E928C4F8A0EF.d.40E79A95F53D3A83A374BB859C28C7BC.e.17178","ELEMENT":"f.492DEA3F6A95B07ADA96E928C4F8A0EF.d.40E79A95F53D3A83A374BB859C28C7BC.e.17178"}]}
RESULT: {}
RESULT: {"script":"<script> [8489 bytes]","args":[{"element-6066-11e4-a52e-4f735466cecf":"f.492DEA3F6A95B07ADA96E928C4F8A0EF.d.40E79A95F53D3A83A374BB859C28C7BC.e.17178","ELEMENT":"f.492DEA3F6A95B07ADA96E928C4F8A0EF.d.40E79A95F53D3A83A374BB859C28C7BC.e.17178"}]}
COMMAND: POST /session/cdd305857320dd590ea5bbf59a31d46e/execute/sync - {"script":"<script> [5351 bytes]","args":[{"element-6066-11e4-a52e-4f735466cecf":"f.492DEA3F6A95B07ADA96E928C4F8A0EF.d.40E79A95F53D3A83A374BB859C28C7BC.e.17178","ELEMENT":"f.492DEA3F6A95B07ADA96E928C4F8A0EF.d.40E79A95F53D3A83A374BB859C28C7BC.e.17178"}]}
COMMAND: GET /session/cdd305857320dd590ea5bbf59a31d46e/screenshot - {}
RESULT: {"script":"<script> [5351 bytes]","args":[{"element-6066-11e4-a52e-4f735466cecf":"f.492DEA3F6A95B07ADA96E928C4F8A0EF.d.40E79A95F53D3A83A374BB859C28C7BC.e.17178","ELEMENT":"f.492DEA3F6A95B07ADA96E928C4F8A0EF.d.40E79A95F53D3A83A374BB859C28C7BC.e.17178"}]}
COMMAND: POST /session/cdd305857320dd590ea5bbf59a31d46e/element - {"using":"css selector","value":"#shell-header-logo"}
COMMAND: GET /session/cdd305857320dd590ea5bbf59a31d46e/screenshot - {}
RESULT: {}
RESULT: {"using":"css selector","value":"#shell-header-logo"}
COMMAND: POST /session/cdd305857320dd590ea5bbf59a31d46e/element/f.492DEA3F6A95B07ADA96E928C4F8A0EF.d.40E79A95F53D3A83A374BB859C28C7BC.e.17178/click - {}
RESULT: {}
RESULT: {}
COMMAND: GET /session/cdd305857320dd590ea5bbf59a31d46e/screenshot - {}
RESULT: {}
COMMAND: POST /session/cdd305857320dd590ea5bbf59a31d46e/execute/async - {"script":"<script> [189 bytes]","args":[]}
RESULT: {"script":"<script> [189 bytes]","args":[]}
COMMAND: POST /session/cdd305857320dd590ea5bbf59a31d46e/execute/async - {"script":"<script> [123 bytes]","args":[]}
RESULT: {"script":"<script> [123 bytes]","args":[]}
COMMAND: POST /session/cdd305857320dd590ea5bbf59a31d46e/timeouts - {"script":"<number>"}
RESULT: {"script":"<number>"}
COMMAND: GET /session/cdd305857320dd590ea5bbf59a31d46e/timeouts - {}
RESULT: {}
RESULT: undefined
COMMAND: POST /session/cdd305857320dd590ea5bbf59a31d46e/execute/async - {"script":"<script> [2676 bytes]","args":[]}
RESULT: {"script":"<script> [2676 bytes]","args":[]}
COMMAND: POST /session/cdd305857320dd590ea5bbf59a31d46e/execute/async - {"script":"<script> [2342 bytes]","args":[{"protocol":"http","hostname":"0.0.0.0","path":"/","capabilities":{"browserName":"chrome","goog:chromeOptions":{"binary":"C:\\Program Files\\Google\\Chrome\\Application\\chrome.exe","args":["--start-maximized"]}},"logLevel":"warn","connectionRetryTimeout":120000,"connectionRetryCount":3,"logLevels":{},"enableDirectConnect":true,"strictSSL":true,"_":"65 more keys: [\"cacheDir\",\"port\",\"requestedCapabilities\",\"automationProtocol\",\"baseUrl\",\"waitforInterval\",\"waitforTimeout\",\"onReload\",\"beforeCommand\",\"afterCommand\",\"rootDir\",\"specs\",\"suites\",\"exclude\",\"groupLogsByTestSpec\",\"excludeDriverLogs\",\"bail\",\"framework\",\"reporters\",\"services\",\"maxInstances\",\"maxInstancesPerCapability\",\"injectGlobals\",\"filesToWatch\",\"execArgv\",\"runnerEnv\",\"runner\",\"shard\",\"specFileRetries\",\"specFileRetriesDelay\",\"specFileRetriesDeferred\",\"reporterSyncInterval\",\"reporterSyncTimeout\",\"cucumberFeaturesWithLineNumbers\",\"autoCompileOpts\",\"mochaOpts\",\"jasmineOpts\",\"cucumberOpts\",\"onPrepare\",\"onWorkerStart\",\"onWorkerEnd\",\"before\",\"beforeSession\",\"beforeSuite\",\"beforeHook\",\"beforeTest\",\"afterTest\",\"afterHook\",\"afterSuite\",\"afterSession\",\"after\",\"onComplete\",\"beforeAssertion\",\"afterAssertion\",\"beforeFeature\",\"beforeScenario\",\"beforeStep\",\"afterStep\",\"afterScenario\",\"afterFeature\",\"_\",\"suite\",\"$0\",\"ignoredWorkerServices\",\"wdi5\"]"}]}
RESULT: {"script":"<script> [2342 bytes]","args":[{"protocol":"http","hostname":"0.0.0.0","path":"/","capabilities":{"browserName":"chrome","goog:chromeOptions":{"binary":"C:\\Program Files\\Google\\Chrome\\Application\\chrome.exe","args":["--start-maximized"]}},"logLevel":"warn","connectionRetryTimeout":120000,"connectionRetryCount":3,"logLevels":{},"enableDirectConnect":true,"strictSSL":true,"_":"65 more keys: [\"cacheDir\",\"port\",\"requestedCapabilities\",\"automationProtocol\",\"baseUrl\",\"waitforInterval\",\"waitforTimeout\",\"onReload\",\"beforeCommand\",\"afterCommand\",\"rootDir\",\"specs\",\"suites\",\"exclude\",\"groupLogsByTestSpec\",\"excludeDriverLogs\",\"bail\",\"framework\",\"reporters\",\"services\",\"maxInstances\",\"maxInstancesPerCapability\",\"injectGlobals\",\"filesToWatch\",\"execArgv\",\"runnerEnv\",\"runner\",\"shard\",\"specFileRetries\",\"specFileRetriesDelay\",\"specFileRetriesDeferred\",\"reporterSyncInterval\",\"reporterSyncTimeout\",\"cucumberFeaturesWithLineNumbers\",\"autoCompileOpts\",\"mochaOpts\",\"jasmineOpts\",\"cucumberOpts\",\"onPrepare\",\"onWorkerStart\",\"onWorkerEnd\",\"before\",\"beforeSession\",\"beforeSuite\",\"beforeHook\",\"beforeTest\",\"afterTest\",\"afterHook\",\"afterSuite\",\"afterSession\",\"after\",\"onComplete\",\"beforeAssertion\",\"afterAssertion\",\"beforeFeature\",\"beforeScenario\",\"beforeStep\",\"afterStep\",\"afterScenario\",\"afterFeature\",\"_\",\"suite\",\"$0\",\"ignoredWorkerServices\",\"wdi5\"]"}]}
COMMAND: POST /session/cdd305857320dd590ea5bbf59a31d46e/execute/async - {"script":"<script> [21126 bytes]","args":[35000]}
RESULT: {"script":"<script> [21126 bytes]","args":[35000]}
COMMAND: POST /session/cdd305857320dd590ea5bbf59a31d46e/window/maximize - {}
RESULT: {}
COMMAND: POST /session/cdd305857320dd590ea5bbf59a31d46e/execute/async - {"script":"<script> [1562 bytes]","args":[{"selector":{"id":"shell-header","interaction":{"idSuffix":"icon"}},"wdio_ui5_key":"shellheader"}]}
COMMAND: GET /session/cdd305857320dd590ea5bbf59a31d46e/screenshot - {}
RESULT: {"script":"<script> [1562 bytes]","args":[{"selector":{"id":"shell-header","interaction":{"idSuffix":"icon"}},"wdio_ui5_key":"shellheader"}]}
RESULT: undefined
COMMAND: POST /session/cdd305857320dd590ea5bbf59a31d46e/window/fullscreen - {}
RESULT: {}
RESULT: {}
]]></system-out>
    </testcase>
  </testsuite>
  <testsuite timestamp="2025-05-27T17:05:51" time="144.336" tests="4" failures="0" errors="0" skipped="0">
    <properties>
      <property name="specId" value="0"/>
      <property name="suiteName" value="Provide to Site w/o warehouse management w/o clarification US116612"/>
      <property name="capabilities" value="chrome.136_0_7103_93.windows"/>
      <property name="file" value="file:///D:/a/1/s/test/specs/HTR/provide-to-site-wo-warehouse-wo-clarification.spec.js"/>
    </properties>
    <testcase classname="chrome.136_0_7103_93.windows.Provide_to_Site_w/o_warehouse_management_w/o_clarification_US116612" name="Should create a new yard" time="0.016">
      <system-out><![CDATA[
COMMAND: POST /session/cdd305857320dd590ea5bbf59a31d46e/window/fullscreen - {}
RESULT: {}
]]></system-out>
    </testcase>
    <testcase classname="chrome.136_0_7103_93.windows.Provide_to_Site_w/o_warehouse_management_w/o_clarification_US116612" name="Should create a new external partner" time="0.007"/>
    <testcase classname="chrome.136_0_7103_93.windows.Provide_to_Site_w/o_warehouse_management_w/o_clarification_US116612" name="Should create a new site" time="0.004"/>
    <testcase classname="chrome.136_0_7103_93.windows.Provide_to_Site_w/o_warehouse_management_w/o_clarification_US116612" name="Should create a new material" time="128.094">
      <system-out><![CDATA[
COMMAND: POST /session/cdd305857320dd590ea5bbf59a31d46e/execute/async - {"script":"<script> [1562 bytes]","args":[{"selector":{"controlType":"sap.m.GenericTile","properties":{"header":"Manage Resources"}},"wdio_ui5_key":"sapm.GenericTile{\"header\":\"Manage Resources\"}"}]}
RESULT: {"script":"<script> [1562 bytes]","args":[{"selector":{"controlType":"sap.m.GenericTile","properties":{"header":"Manage Resources"}},"wdio_ui5_key":"sapm.GenericTile{\"header\":\"Manage Resources\"}"}]}
RESULT: undefined
COMMAND: POST /session/cdd305857320dd590ea5bbf59a31d46e/element - {"using":"xpath","value":"//*[@id=\"__tile31\"]"}
RESULT: {"using":"xpath","value":"//*[@id=\"__tile31\"]"}
COMMAND: POST /session/cdd305857320dd590ea5bbf59a31d46e/element/f.492DEA3F6A95B07ADA96E928C4F8A0EF.d.40E79A95F53D3A83A374BB859C28C7BC.e.17195/click - {}
RESULT: {}
COMMAND: GET /session/cdd305857320dd590ea5bbf59a31d46e/screenshot - {}
RESULT: {}
COMMAND: POST /session/cdd305857320dd590ea5bbf59a31d46e/elements - {"using":"xpath","value":"//span[text()='Error']"}
RESULT: {"using":"xpath","value":"//span[text()='Error']"}
COMMAND: POST /session/cdd305857320dd590ea5bbf59a31d46e/element - {"using":"xpath","value":"//button[@data-kt=\"addNewRUOverflowToolbarButton\"]"}
RESULT: {"using":"xpath","value":"//button[@data-kt=\"addNewRUOverflowToolbarButton\"]"}
COMMAND: POST /session/cdd305857320dd590ea5bbf59a31d46e/elements - {"using":"xpath","value":"//button[@data-kt=\"addNewRUOverflowToolbarButton\"]"}
RESULT: {"using":"xpath","value":"//button[@data-kt=\"addNewRUOverflowToolbarButton\"]"}
COMMAND: POST /session/cdd305857320dd590ea5bbf59a31d46e/execute/sync - {"script":"<script> [8489 bytes]","args":[{"element-6066-11e4-a52e-4f735466cecf":"f.492DEA3F6A95B07ADA96E928C4F8A0EF.d.40E79A95F53D3A83A374BB859C28C7BC.e.17326","ELEMENT":"f.492DEA3F6A95B07ADA96E928C4F8A0EF.d.40E79A95F53D3A83A374BB859C28C7BC.e.17326"}]}
RESULT: {"script":"<script> [8489 bytes]","args":[{"element-6066-11e4-a52e-4f735466cecf":"f.492DEA3F6A95B07ADA96E928C4F8A0EF.d.40E79A95F53D3A83A374BB859C28C7BC.e.17326","ELEMENT":"f.492DEA3F6A95B07ADA96E928C4F8A0EF.d.40E79A95F53D3A83A374BB859C28C7BC.e.17326"}]}
COMMAND: GET /session/cdd305857320dd590ea5bbf59a31d46e/element/f.492DEA3F6A95B07ADA96E928C4F8A0EF.d.40E79A95F53D3A83A374BB859C28C7BC.e.17326/enabled - {}
COMMAND: GET /session/cdd305857320dd590ea5bbf59a31d46e/screenshot - {}
RESULT: {}
COMMAND: POST /session/cdd305857320dd590ea5bbf59a31d46e/execute/sync - {"script":"<script> [8489 bytes]","args":[{"element-6066-11e4-a52e-4f735466cecf":"f.492DEA3F6A95B07ADA96E928C4F8A0EF.d.40E79A95F53D3A83A374BB859C28C7BC.e.17326","ELEMENT":"f.492DEA3F6A95B07ADA96E928C4F8A0EF.d.40E79A95F53D3A83A374BB859C28C7BC.e.17326"}]}
COMMAND: GET /session/cdd305857320dd590ea5bbf59a31d46e/screenshot - {}
RESULT: {}
RESULT: {"script":"<script> [8489 bytes]","args":[{"element-6066-11e4-a52e-4f735466cecf":"f.492DEA3F6A95B07ADA96E928C4F8A0EF.d.40E79A95F53D3A83A374BB859C28C7BC.e.17326","ELEMENT":"f.492DEA3F6A95B07ADA96E928C4F8A0EF.d.40E79A95F53D3A83A374BB859C28C7BC.e.17326"}]}
COMMAND: POST /session/cdd305857320dd590ea5bbf59a31d46e/execute/sync - {"script":"<script> [5351 bytes]","args":[{"element-6066-11e4-a52e-4f735466cecf":"f.492DEA3F6A95B07ADA96E928C4F8A0EF.d.40E79A95F53D3A83A374BB859C28C7BC.e.17326","ELEMENT":"f.492DEA3F6A95B07ADA96E928C4F8A0EF.d.40E79A95F53D3A83A374BB859C28C7BC.e.17326"}]}
COMMAND: GET /session/cdd305857320dd590ea5bbf59a31d46e/screenshot - {}
RESULT: {}
RESULT: {"script":"<script> [5351 bytes]","args":[{"element-6066-11e4-a52e-4f735466cecf":"f.492DEA3F6A95B07ADA96E928C4F8A0EF.d.40E79A95F53D3A83A374BB859C28C7BC.e.17326","ELEMENT":"f.492DEA3F6A95B07ADA96E928C4F8A0EF.d.40E79A95F53D3A83A374BB859C28C7BC.e.17326"}]}
COMMAND: POST /session/cdd305857320dd590ea5bbf59a31d46e/element/f.492DEA3F6A95B07ADA96E928C4F8A0EF.d.40E79A95F53D3A83A374BB859C28C7BC.e.17326/click - {}
COMMAND: GET /session/cdd305857320dd590ea5bbf59a31d46e/screenshot - {}
RESULT: {}
RESULT: {}
COMMAND: GET /session/cdd305857320dd590ea5bbf59a31d46e/screenshot - {}
COMMAND: POST /session/cdd305857320dd590ea5bbf59a31d46e/execute/async - {"script":"<script> [1562 bytes]","args":[{"selector":{"id":"application-manageresources-display-component---newResourceUnit--TYPE-arrow"},"wdio_ui5_key":"applicationmanageresources-display-component---newResourceUnit--TYPE-arrow"}]}
RESULT: {}
RESULT: {}
RESULT: {"script":"<script> [1562 bytes]","args":[{"selector":{"id":"application-manageresources-display-component---newResourceUnit--TYPE-arrow"},"wdio_ui5_key":"applicationmanageresources-display-component---newResourceUnit--TYPE-arrow"}]}
RESULT: undefined
COMMAND: POST /session/cdd305857320dd590ea5bbf59a31d46e/element - {"using":"xpath","value":"//*[@id=\"application-manageresources-display-component---newResourceUnit--TYPE-arrow\"]"}
RESULT: {"using":"xpath","value":"//*[@id=\"application-manageresources-display-component---newResourceUnit--TYPE-arrow\"]"}
COMMAND: POST /session/cdd305857320dd590ea5bbf59a31d46e/element/f.492DEA3F6A95B07ADA96E928C4F8A0EF.d.40E79A95F53D3A83A374BB859C28C7BC.e.17686/click - {}
RESULT: {}
COMMAND: POST /session/cdd305857320dd590ea5bbf59a31d46e/element - {"using":"xpath","value":"//input[@id=\"application-manageresources-display-component---newResourceUnit--TYPE-inner\"]"}
COMMAND: GET /session/cdd305857320dd590ea5bbf59a31d46e/screenshot - {}
RESULT: {"using":"xpath","value":"//input[@id=\"application-manageresources-display-component---newResourceUnit--TYPE-inner\"]"}
COMMAND: POST /session/cdd305857320dd590ea5bbf59a31d46e/element/f.492DEA3F6A95B07ADA96E928C4F8A0EF.d.40E79A95F53D3A83A374BB859C28C7BC.e.17677/clear - {}
RESULT: {}
RESULT: {}
COMMAND: POST /session/cdd305857320dd590ea5bbf59a31d46e/element/f.492DEA3F6A95B07ADA96E928C4F8A0EF.d.40E79A95F53D3A83A374BB859C28C7BC.e.17677/value - {"text":"Material"}
COMMAND: GET /session/cdd305857320dd590ea5bbf59a31d46e/screenshot - {}
RESULT: {"text":"Material"}
COMMAND: GET /session/cdd305857320dd590ea5bbf59a31d46e/screenshot - {}
RESULT: {}
RESULT: {}
COMMAND: POST /session/cdd305857320dd590ea5bbf59a31d46e/actions - {"actions":[{"id":"action53","type":"key","parameters":{},"actions":[{"type":"keyDown","value":""},{"type":"pause","duration":10},{"type":"keyUp","value":""}]}]}
RESULT: {"actions":[{"id":"action53","type":"key","parameters":{},"actions":[{"type":"keyDown","value":""},{"type":"pause","duration":10},{"type":"keyUp","value":""}]}]}
COMMAND: POST /session/cdd305857320dd590ea5bbf59a31d46e/execute/async - {"script":"<script> [1562 bytes]","args":[{"selector":{"id":"application-manageresources-display-component---newResourceUnit--SHORT_TEXT","interaction":{"idSuffix":"inner"}},"wdio_ui5_key":"applicationmanageresources-display-component---newResourceUnit--SHORT_TEXT"}]}
COMMAND: GET /session/cdd305857320dd590ea5bbf59a31d46e/screenshot - {}
RESULT: {"script":"<script> [1562 bytes]","args":[{"selector":{"id":"application-manageresources-display-component---newResourceUnit--SHORT_TEXT","interaction":{"idSuffix":"inner"}},"wdio_ui5_key":"applicationmanageresources-display-component---newResourceUnit--SHORT_TEXT"}]}
RESULT: undefined
COMMAND: POST /session/cdd305857320dd590ea5bbf59a31d46e/execute/async - {"script":"<script> [776 bytes]","args":[{"enterText":"Cement WDIO","selector":{"id":"application-manageresources-display-component---newResourceUnit--SHORT_TEXT","interaction":{"idSuffix":"inner"}},"clearTextFirst":true,"interactionType":"ENTER_TEXT"}]}
RESULT: {}
RESULT: {"script":"<script> [776 bytes]","args":[{"enterText":"Cement WDIO","selector":{"id":"application-manageresources-display-component---newResourceUnit--SHORT_TEXT","interaction":{"idSuffix":"inner"}},"clearTextFirst":true,"interactionType":"ENTER_TEXT"}]}
COMMAND: POST /session/cdd305857320dd590ea5bbf59a31d46e/execute/async - {"script":"<script> [1562 bytes]","args":[{"selector":{"id":"application-manageresources-display-component---newResourceUnit--BASE_UNIT_OF_MEASURE","interaction":{"idSuffix":"inner"}},"wdio_ui5_key":"applicationmanageresources-display-component---newResourceUnit--BASE_UNIT_OF_MEASURE"}]}
RESULT: {"script":"<script> [1562 bytes]","args":[{"selector":{"id":"application-manageresources-display-component---newResourceUnit--BASE_UNIT_OF_MEASURE","interaction":{"idSuffix":"inner"}},"wdio_ui5_key":"applicationmanageresources-display-component---newResourceUnit--BASE_UNIT_OF_MEASURE"}]}
RESULT: undefined
COMMAND: POST /session/cdd305857320dd590ea5bbf59a31d46e/execute/async - {"script":"<script> [776 bytes]","args":[{"enterText":"Piece","selector":{"id":"application-manageresources-display-component---newResourceUnit--BASE_UNIT_OF_MEASURE","interaction":{"idSuffix":"inner"}},"clearTextFirst":true,"interactionType":"ENTER_TEXT"}]}
RESULT: {"script":"<script> [776 bytes]","args":[{"enterText":"Piece","selector":{"id":"application-manageresources-display-component---newResourceUnit--BASE_UNIT_OF_MEASURE","interaction":{"idSuffix":"inner"}},"clearTextFirst":true,"interactionType":"ENTER_TEXT"}]}
COMMAND: POST /session/cdd305857320dd590ea5bbf59a31d46e/execute/async - {"script":"<script> [1562 bytes]","args":[{"selector":{"id":"application-manageresources-display-component---newResourceUnit--WEIGHT_UNIT","interaction":{"idSuffix":"inner"}},"wdio_ui5_key":"applicationmanageresources-display-component---newResourceUnit--WEIGHT_UNIT"}]}
RESULT: {"script":"<script> [1562 bytes]","args":[{"selector":{"id":"application-manageresources-display-component---newResourceUnit--WEIGHT_UNIT","interaction":{"idSuffix":"inner"}},"wdio_ui5_key":"applicationmanageresources-display-component---newResourceUnit--WEIGHT_UNIT"}]}
RESULT: undefined
COMMAND: POST /session/cdd305857320dd590ea5bbf59a31d46e/execute/async - {"script":"<script> [776 bytes]","args":[{"enterText":"Gram","selector":{"id":"application-manageresources-display-component---newResourceUnit--WEIGHT_UNIT","interaction":{"idSuffix":"inner"}},"clearTextFirst":true,"interactionType":"ENTER_TEXT"}]}
RESULT: {"script":"<script> [776 bytes]","args":[{"enterText":"Gram","selector":{"id":"application-manageresources-display-component---newResourceUnit--WEIGHT_UNIT","interaction":{"idSuffix":"inner"}},"clearTextFirst":true,"interactionType":"ENTER_TEXT"}]}
COMMAND: POST /session/cdd305857320dd590ea5bbf59a31d46e/execute/async - {"script":"<script> [1562 bytes]","args":[{"selector":{"id":"application-manageresources-display-component---newResourceUnit--DIMENSION_UNIT","interaction":{"idSuffix":"inner"}},"wdio_ui5_key":"applicationmanageresources-display-component---newResourceUnit--DIMENSION_UNIT"}]}
RESULT: {"script":"<script> [1562 bytes]","args":[{"selector":{"id":"application-manageresources-display-component---newResourceUnit--DIMENSION_UNIT","interaction":{"idSuffix":"inner"}},"wdio_ui5_key":"applicationmanageresources-display-component---newResourceUnit--DIMENSION_UNIT"}]}
RESULT: undefined
COMMAND: POST /session/cdd305857320dd590ea5bbf59a31d46e/execute/async - {"script":"<script> [776 bytes]","args":[{"enterText":"Meter","selector":{"id":"application-manageresources-display-component---newResourceUnit--DIMENSION_UNIT","interaction":{"idSuffix":"inner"}},"clearTextFirst":true,"interactionType":"ENTER_TEXT"}]}
RESULT: {"script":"<script> [776 bytes]","args":[{"enterText":"Meter","selector":{"id":"application-manageresources-display-component---newResourceUnit--DIMENSION_UNIT","interaction":{"idSuffix":"inner"}},"clearTextFirst":true,"interactionType":"ENTER_TEXT"}]}
COMMAND: POST /session/cdd305857320dd590ea5bbf59a31d46e/execute/async - {"script":"<script> [1562 bytes]","args":[{"selector":{"id":"application-manageresources-display-component---newResourceUnit--newRRUPage-anchBar-application-manageresources-display-component---newResourceUnit--control-anchor","interaction":{"idSuffix":"BDI-content"}},"wdio_ui5_key":"applicationmanageresources-display-component---newResourceUnit--newRRUPage-anchBar-application-manageresources-display-component---newResourceUnit--control-anchor"}]}
RESULT: {"script":"<script> [1562 bytes]","args":[{"selector":{"id":"application-manageresources-display-component---newResourceUnit--newRRUPage-anchBar-application-manageresources-display-component---newResourceUnit--control-anchor","interaction":{"idSuffix":"BDI-content"}},"wdio_ui5_key":"applicationmanageresources-display-component---newResourceUnit--newRRUPage-anchBar-application-manageresources-display-component---newResourceUnit--control-anchor"}]}
RESULT: undefined
COMMAND: POST /session/cdd305857320dd590ea5bbf59a31d46e/element - {"using":"xpath","value":"//*[@id=\"application-manageresources-display-component---newResourceUnit--newRRUPage-anchBar-application-manageresources-display-component---newResourceUnit--control-anchor\"]"}
RESULT: {"using":"xpath","value":"//*[@id=\"application-manageresources-display-component---newResourceUnit--newRRUPage-anchBar-application-manageresources-display-component---newResourceUnit--control-anchor\"]"}
COMMAND: POST /session/cdd305857320dd590ea5bbf59a31d46e/element/f.492DEA3F6A95B07ADA96E928C4F8A0EF.d.40E79A95F53D3A83A374BB859C28C7BC.e.17818/click - {}
RESULT: {}
COMMAND: POST /session/cdd305857320dd590ea5bbf59a31d46e/execute/async - {"script":"<script> [1562 bytes]","args":[{"selector":{"id":"application-manageresources-display-component---newResourceUnit--PLANNING_GROUP","interaction":{"idSuffix":"inner"}},"wdio_ui5_key":"applicationmanageresources-display-component---newResourceUnit--PLANNING_GROUP"}]}
COMMAND: GET /session/cdd305857320dd590ea5bbf59a31d46e/screenshot - {}
RESULT: {"script":"<script> [1562 bytes]","args":[{"selector":{"id":"application-manageresources-display-component---newResourceUnit--PLANNING_GROUP","interaction":{"idSuffix":"inner"}},"wdio_ui5_key":"applicationmanageresources-display-component---newResourceUnit--PLANNING_GROUP"}]}
RESULT: undefined
COMMAND: POST /session/cdd305857320dd590ea5bbf59a31d46e/execute/async - {"script":"<script> [776 bytes]","args":[{"enterText":"Material","selector":{"id":"application-manageresources-display-component---newResourceUnit--PLANNING_GROUP","interaction":{"idSuffix":"inner"}},"clearTextFirst":true,"interactionType":"ENTER_TEXT"}]}
RESULT: {}
RESULT: {"script":"<script> [776 bytes]","args":[{"enterText":"Material","selector":{"id":"application-manageresources-display-component---newResourceUnit--PLANNING_GROUP","interaction":{"idSuffix":"inner"}},"clearTextFirst":true,"interactionType":"ENTER_TEXT"}]}
COMMAND: POST /session/cdd305857320dd590ea5bbf59a31d46e/execute/async - {"script":"<script> [1562 bytes]","args":[{"selector":{"id":"application-manageresources-display-component---newResourceUnit--PLANNING_INDICATOR","interaction":{"idSuffix":"inner"}},"wdio_ui5_key":"applicationmanageresources-display-component---newResourceUnit--PLANNING_INDICATOR"}]}
RESULT: {"script":"<script> [1562 bytes]","args":[{"selector":{"id":"application-manageresources-display-component---newResourceUnit--PLANNING_INDICATOR","interaction":{"idSuffix":"inner"}},"wdio_ui5_key":"applicationmanageresources-display-component---newResourceUnit--PLANNING_INDICATOR"}]}
RESULT: undefined
COMMAND: POST /session/cdd305857320dd590ea5bbf59a31d46e/execute/async - {"script":"<script> [776 bytes]","args":[{"enterText":"10 - infinite","selector":{"id":"application-manageresources-display-component---newResourceUnit--PLANNING_INDICATOR","interaction":{"idSuffix":"inner"}},"clearTextFirst":true,"interactionType":"ENTER_TEXT"}]}
RESULT: {"script":"<script> [776 bytes]","args":[{"enterText":"10 - infinite","selector":{"id":"application-manageresources-display-component---newResourceUnit--PLANNING_INDICATOR","interaction":{"idSuffix":"inner"}},"clearTextFirst":true,"interactionType":"ENTER_TEXT"}]}
COMMAND: POST /session/cdd305857320dd590ea5bbf59a31d46e/element - {"using":"css selector","value":"#application-manageresources-display-component---newResourceUnit--btnAddTimeSegment"}
RESULT: {"using":"css selector","value":"#application-manageresources-display-component---newResourceUnit--btnAddTimeSegment"}
COMMAND: GET /session/cdd305857320dd590ea5bbf59a31d46e/element/f.492DEA3F6A95B07ADA96E928C4F8A0EF.d.40E79A95F53D3A83A374BB859C28C7BC.e.17826/rect - {}
RESULT: {}
COMMAND: GET /session/cdd305857320dd590ea5bbf59a31d46e/window/rect - {}
RESULT: {}
COMMAND: POST /session/cdd305857320dd590ea5bbf59a31d46e/execute/sync - {"script":"<script> [92 bytes]","args":[]}
RESULT: {"script":"<script> [92 bytes]","args":[]}
COMMAND: POST /session/cdd305857320dd590ea5bbf59a31d46e/actions - {"actions":[{"id":"action54","type":"wheel","parameters":{},"actions":[{"type":"scroll","x":-1888,"y":-32,"deltaX":0,"deltaY":0,"duration":0,"origin":{"element-6066-11e4-a52e-4f735466cecf":"f.492DEA3F6A95B07ADA96E928C4F8A0EF.d.40E79A95F53D3A83A374BB859C28C7BC.e.17826"}}]}]}
COMMAND: GET /session/cdd305857320dd590ea5bbf59a31d46e/screenshot - {}
RESULT: {}
COMMAND: POST /session/cdd305857320dd590ea5bbf59a31d46e/execute/sync - {"script":"<script> [79 bytes]","args":[{"element-6066-11e4-a52e-4f735466cecf":"f.492DEA3F6A95B07ADA96E928C4F8A0EF.d.40E79A95F53D3A83A374BB859C28C7BC.e.17826","ELEMENT":"f.492DEA3F6A95B07ADA96E928C4F8A0EF.d.40E79A95F53D3A83A374BB859C28C7BC.e.17826"},{"block":"start","inline":"nearest"}]}
RESULT: {"script":"<script> [79 bytes]","args":[{"element-6066-11e4-a52e-4f735466cecf":"f.492DEA3F6A95B07ADA96E928C4F8A0EF.d.40E79A95F53D3A83A374BB859C28C7BC.e.17826","ELEMENT":"f.492DEA3F6A95B07ADA96E928C4F8A0EF.d.40E79A95F53D3A83A374BB859C28C7BC.e.17826"},{"block":"start","inline":"nearest"}]}
COMMAND: POST /session/cdd305857320dd590ea5bbf59a31d46e/execute/async - {"script":"<script> [1562 bytes]","args":[{"selector":{"id":"application-manageresources-display-component---newResourceUnit--btnAddTimeSegment","interaction":{"idSuffix":"inner"}},"wdio_ui5_key":"applicationmanageresources-display-component---newResourceUnit--btnAddTimeSegment"}]}
COMMAND: GET /session/cdd305857320dd590ea5bbf59a31d46e/screenshot - {}
RESULT: {"script":"<script> [1562 bytes]","args":[{"selector":{"id":"application-manageresources-display-component---newResourceUnit--btnAddTimeSegment","interaction":{"idSuffix":"inner"}},"wdio_ui5_key":"applicationmanageresources-display-component---newResourceUnit--btnAddTimeSegment"}]}
RESULT: undefined
COMMAND: POST /session/cdd305857320dd590ea5bbf59a31d46e/element - {"using":"xpath","value":"//*[@id=\"application-manageresources-display-component---newResourceUnit--btnAddTimeSegment\"]"}
RESULT: {}
RESULT: {"using":"xpath","value":"//*[@id=\"application-manageresources-display-component---newResourceUnit--btnAddTimeSegment\"]"}
COMMAND: POST /session/cdd305857320dd590ea5bbf59a31d46e/element/f.492DEA3F6A95B07ADA96E928C4F8A0EF.d.40E79A95F53D3A83A374BB859C28C7BC.e.17826/click - {}
RESULT: {}
COMMAND: GET /session/cdd305857320dd590ea5bbf59a31d46e/screenshot - {}
RESULT: {}
COMMAND: POST /session/cdd305857320dd590ea5bbf59a31d46e/element - {"using":"xpath","value":"//input[@id=\"application-manageresources-display-component---newResourceUnit--idRuTSAdmin-application-manageresources-display-component---newResourceUnit--RUTimeSegment-0-inner\"]"}
RESULT: {"using":"xpath","value":"//input[@id=\"application-manageresources-display-component---newResourceUnit--idRuTSAdmin-application-manageresources-display-component---newResourceUnit--RUTimeSegment-0-inner\"]"}
COMMAND: POST /session/cdd305857320dd590ea5bbf59a31d46e/element/f.492DEA3F6A95B07ADA96E928C4F8A0EF.d.40E79A95F53D3A83A374BB859C28C7BC.e.17831/clear - {}
RESULT: {}
COMMAND: POST /session/cdd305857320dd590ea5bbf59a31d46e/element/f.492DEA3F6A95B07ADA96E928C4F8A0EF.d.40E79A95F53D3A83A374BB859C28C7BC.e.17831/value - {"text":"393"}
COMMAND: GET /session/cdd305857320dd590ea5bbf59a31d46e/screenshot - {}
RESULT: {"text":"393"}
COMMAND: GET /session/cdd305857320dd590ea5bbf59a31d46e/screenshot - {}
RESULT: {}
RESULT: {}
COMMAND: POST /session/cdd305857320dd590ea5bbf59a31d46e/element - {"using":"xpath","value":"//li[.//span[text()='393']]"}
RESULT: {"using":"xpath","value":"//li[.//span[text()='393']]"}
COMMAND: POST /session/cdd305857320dd590ea5bbf59a31d46e/element/f.492DEA3F6A95B07ADA96E928C4F8A0EF.d.40E79A95F53D3A83A374BB859C28C7BC.e.17840/click - {}
RESULT: {}
COMMAND: GET /session/cdd305857320dd590ea5bbf59a31d46e/screenshot - {}
RESULT: {}
COMMAND: POST /session/cdd305857320dd590ea5bbf59a31d46e/element - {"using":"xpath","value":"(//span[contains(@id, \"-application-manageresources-display-component---newResourceUnit--RUTimeSegment-0-arrow\")])[2]"}
RESULT: {"using":"xpath","value":"(//span[contains(@id, \"-application-manageresources-display-component---newResourceUnit--RUTimeSegment-0-arrow\")])[2]"}
COMMAND: POST /session/cdd305857320dd590ea5bbf59a31d46e/element/f.492DEA3F6A95B07ADA96E928C4F8A0EF.d.40E79A95F53D3A83A374BB859C28C7BC.e.17841/click - {}
RESULT: {}
COMMAND: POST /session/cdd305857320dd590ea5bbf59a31d46e/element - {"using":"xpath","value":"//span[contains(text(), \"PM Order\")]"}
COMMAND: GET /session/cdd305857320dd590ea5bbf59a31d46e/screenshot - {}
RESULT: {"using":"xpath","value":"//span[contains(text(), \"PM Order\")]"}
COMMAND: POST /session/cdd305857320dd590ea5bbf59a31d46e/element/f.492DEA3F6A95B07ADA96E928C4F8A0EF.d.40E79A95F53D3A83A374BB859C28C7BC.e.17842/click - {}
RESULT: {}
RESULT: {}
COMMAND: GET /session/cdd305857320dd590ea5bbf59a31d46e/screenshot - {}
RESULT: {}
COMMAND: POST /session/cdd305857320dd590ea5bbf59a31d46e/element - {"using":"xpath","value":"//td/div/div/div/span[contains(@id, \"newResourceUnit--RUTimeSegment-0-vhi\")][1]"}
RESULT: {"using":"xpath","value":"//td/div/div/div/span[contains(@id, \"newResourceUnit--RUTimeSegment-0-vhi\")][1]"}
COMMAND: GET /session/cdd305857320dd590ea5bbf59a31d46e/element/f.492DEA3F6A95B07ADA96E928C4F8A0EF.d.40E79A95F53D3A83A374BB859C28C7BC.e.17846/rect - {}
RESULT: {}
COMMAND: GET /session/cdd305857320dd590ea5bbf59a31d46e/window/rect - {}
RESULT: {}
COMMAND: POST /session/cdd305857320dd590ea5bbf59a31d46e/execute/sync - {"script":"<script> [92 bytes]","args":[]}
RESULT: {"script":"<script> [92 bytes]","args":[]}
COMMAND: POST /session/cdd305857320dd590ea5bbf59a31d46e/actions - {"actions":[{"id":"action55","type":"wheel","parameters":{},"actions":[{"type":"scroll","x":-1888,"y":-24,"deltaX":0,"deltaY":0,"duration":0,"origin":{"element-6066-11e4-a52e-4f735466cecf":"f.492DEA3F6A95B07ADA96E928C4F8A0EF.d.40E79A95F53D3A83A374BB859C28C7BC.e.17846"}}]}]}
COMMAND: GET /session/cdd305857320dd590ea5bbf59a31d46e/screenshot - {}
RESULT: {}
COMMAND: POST /session/cdd305857320dd590ea5bbf59a31d46e/execute/sync - {"script":"<script> [79 bytes]","args":[{"element-6066-11e4-a52e-4f735466cecf":"f.492DEA3F6A95B07ADA96E928C4F8A0EF.d.40E79A95F53D3A83A374BB859C28C7BC.e.17846","ELEMENT":"f.492DEA3F6A95B07ADA96E928C4F8A0EF.d.40E79A95F53D3A83A374BB859C28C7BC.e.17846"},{"block":"start","inline":"nearest"}]}
RESULT: {"script":"<script> [79 bytes]","args":[{"element-6066-11e4-a52e-4f735466cecf":"f.492DEA3F6A95B07ADA96E928C4F8A0EF.d.40E79A95F53D3A83A374BB859C28C7BC.e.17846","ELEMENT":"f.492DEA3F6A95B07ADA96E928C4F8A0EF.d.40E79A95F53D3A83A374BB859C28C7BC.e.17846"},{"block":"start","inline":"nearest"}]}
COMMAND: GET /session/cdd305857320dd590ea5bbf59a31d46e/screenshot - {}
RESULT: {}
COMMAND: POST /session/cdd305857320dd590ea5bbf59a31d46e/element/f.492DEA3F6A95B07ADA96E928C4F8A0EF.d.40E79A95F53D3A83A374BB859C28C7BC.e.17846/click - {}
RESULT: {}
COMMAND: GET /session/cdd305857320dd590ea5bbf59a31d46e/screenshot - {}
RESULT: {}
COMMAND: POST /session/cdd305857320dd590ea5bbf59a31d46e/execute/async - {"script":"<script> [1562 bytes]","args":[{"selector":{"controlType":"sap.m.SearchField","properties":{"placeholder":"Search"},"searchOpenDialogs":true,"interaction":{"idSuffix":"I"}},"wdio_ui5_key":"sapm.SearchField{\"placeholder\":\"Search\"}"}]}
RESULT: {"script":"<script> [1562 bytes]","args":[{"selector":{"controlType":"sap.m.SearchField","properties":{"placeholder":"Search"},"searchOpenDialogs":true,"interaction":{"idSuffix":"I"}},"wdio_ui5_key":"sapm.SearchField{\"placeholder\":\"Search\"}"}]}
RESULT: undefined
COMMAND: POST /session/cdd305857320dd590ea5bbf59a31d46e/execute/async - {"script":"<script> [776 bytes]","args":[{"enterText":"4000360","selector":{"controlType":"sap.m.SearchField","properties":{"placeholder":"Search"},"searchOpenDialogs":true,"interaction":{"idSuffix":"I"}},"clearTextFirst":true,"interactionType":"ENTER_TEXT"}]}
RESULT: {"script":"<script> [776 bytes]","args":[{"enterText":"4000360","selector":{"controlType":"sap.m.SearchField","properties":{"placeholder":"Search"},"searchOpenDialogs":true,"interaction":{"idSuffix":"I"}},"clearTextFirst":true,"interactionType":"ENTER_TEXT"}]}
COMMAND: POST /session/cdd305857320dd590ea5bbf59a31d46e/actions - {"actions":[{"id":"action56","type":"key","parameters":{},"actions":[{"type":"keyDown","value":""},{"type":"pause","duration":10},{"type":"keyUp","value":""}]}]}
RESULT: {"actions":[{"id":"action56","type":"key","parameters":{},"actions":[{"type":"keyDown","value":""},{"type":"pause","duration":10},{"type":"keyUp","value":""}]}]}
COMMAND: GET /session/cdd305857320dd590ea5bbf59a31d46e/screenshot - {}
RESULT: {}
COMMAND: POST /session/cdd305857320dd590ea5bbf59a31d46e/element - {"using":"xpath","value":"//td/div/span[contains(text(), \"BGL Vehicles\")]"}
RESULT: {"using":"xpath","value":"//td/div/span[contains(text(), \"BGL Vehicles\")]"}
COMMAND: POST /session/cdd305857320dd590ea5bbf59a31d46e/element/f.492DEA3F6A95B07ADA96E928C4F8A0EF.d.40E79A95F53D3A83A374BB859C28C7BC.e.17869/click - {}
RESULT: {}
COMMAND: GET /session/cdd305857320dd590ea5bbf59a31d46e/screenshot - {}
RESULT: {}
COMMAND: POST /session/cdd305857320dd590ea5bbf59a31d46e/element - {"using":"xpath","value":"//bdi[contains(text(), \"OK\")]"}
RESULT: {"using":"xpath","value":"//bdi[contains(text(), \"OK\")]"}
COMMAND: POST /session/cdd305857320dd590ea5bbf59a31d46e/element/f.492DEA3F6A95B07ADA96E928C4F8A0EF.d.40E79A95F53D3A83A374BB859C28C7BC.e.17870/click - {}
RESULT: {}
COMMAND: GET /session/cdd305857320dd590ea5bbf59a31d46e/screenshot - {}
RESULT: {}
COMMAND: POST /session/cdd305857320dd590ea5bbf59a31d46e/element - {"using":"xpath","value":"//label[contains(@class, 'sapMLabelRequired') and .//bdi[contains(text(), 'Planned Retirement')]]"}
RESULT: {"using":"xpath","value":"//label[contains(@class, 'sapMLabelRequired') and .//bdi[contains(text(), 'Planned Retirement')]]"}
COMMAND: POST /session/cdd305857320dd590ea5bbf59a31d46e/elements - {"using":"xpath","value":"//label[contains(@class, 'sapMLabelRequired') and .//bdi[contains(text(), 'Planned Retirement')]]"}
RESULT: {"using":"xpath","value":"//label[contains(@class, 'sapMLabelRequired') and .//bdi[contains(text(), 'Planned Retirement')]]"}
COMMAND: POST /session/cdd305857320dd590ea5bbf59a31d46e/element - {"using":"xpath","value":"//button[@data-kt=\"resourceUnitSaveButton\"]"}
RESULT: {"using":"xpath","value":"//button[@data-kt=\"resourceUnitSaveButton\"]"}
COMMAND: POST /session/cdd305857320dd590ea5bbf59a31d46e/element/f.492DEA3F6A95B07ADA96E928C4F8A0EF.d.40E79A95F53D3A83A374BB859C28C7BC.e.17704/click - {}
RESULT: {}
COMMAND: GET /session/cdd305857320dd590ea5bbf59a31d46e/screenshot - {}
RESULT: {}
COMMAND: POST /session/cdd305857320dd590ea5bbf59a31d46e/element - {"using":"xpath","value":"//bdi[contains(text(), \"Close\")]"}
RESULT: {"using":"xpath","value":"//bdi[contains(text(), \"Close\")]"}
COMMAND: POST /session/cdd305857320dd590ea5bbf59a31d46e/element/f.492DEA3F6A95B07ADA96E928C4F8A0EF.d.40E79A95F53D3A83A374BB859C28C7BC.e.17876/click - {}
RESULT: {}
COMMAND: GET /session/cdd305857320dd590ea5bbf59a31d46e/screenshot - {}
RESULT: {}
COMMAND: POST /session/cdd305857320dd590ea5bbf59a31d46e/element - {"using":"xpath","value":"//header[contains(@id, 'detailRruPage-headerTitle')]/div[1]/div[2]/div[2]/span[1]"}
RESULT: {"using":"xpath","value":"//header[contains(@id, 'detailRruPage-headerTitle')]/div[1]/div[2]/div[2]/span[1]"}
COMMAND: POST /session/cdd305857320dd590ea5bbf59a31d46e/elements - {"using":"xpath","value":"//header[contains(@id, 'detailRruPage-headerTitle')]/div[1]/div[2]/div[2]/span[1]"}
RESULT: {"using":"xpath","value":"//header[contains(@id, 'detailRruPage-headerTitle')]/div[1]/div[2]/div[2]/span[1]"}
COMMAND: POST /session/cdd305857320dd590ea5bbf59a31d46e/execute/sync - {"script":"<script> [56 bytes]","args":[{"element-6066-11e4-a52e-4f735466cecf":"f.492DEA3F6A95B07ADA96E928C4F8A0EF.d.40E79A95F53D3A83A374BB859C28C7BC.e.17904","ELEMENT":"f.492DEA3F6A95B07ADA96E928C4F8A0EF.d.40E79A95F53D3A83A374BB859C28C7BC.e.17904"}]}
RESULT: {"script":"<script> [56 bytes]","args":[{"element-6066-11e4-a52e-4f735466cecf":"f.492DEA3F6A95B07ADA96E928C4F8A0EF.d.40E79A95F53D3A83A374BB859C28C7BC.e.17904","ELEMENT":"f.492DEA3F6A95B07ADA96E928C4F8A0EF.d.40E79A95F53D3A83A374BB859C28C7BC.e.17904"}]}
COMMAND: POST /session/cdd305857320dd590ea5bbf59a31d46e/element - {"using":"css selector","value":"#shell-header-logo"}
COMMAND: GET /session/cdd305857320dd590ea5bbf59a31d46e/screenshot - {}
RESULT: {"using":"css selector","value":"#shell-header-logo"}
COMMAND: POST /session/cdd305857320dd590ea5bbf59a31d46e/element/f.492DEA3F6A95B07ADA96E928C4F8A0EF.d.40E79A95F53D3A83A374BB859C28C7BC.e.17178/click - {}
RESULT: {}
RESULT: {}
COMMAND: GET /session/cdd305857320dd590ea5bbf59a31d46e/screenshot - {}
RESULT: {}
]]></system-out>
    </testcase>
  </testsuite>
  <testsuite timestamp="2025-05-27T17:08:15" time="377.126" tests="6" failures="0" errors="0" skipped="0">
    <properties>
      <property name="specId" value="0"/>
      <property name="suiteName" value="Provide to Site w/o warehouse management w/o clarification"/>
      <property name="capabilities" value="chrome.136_0_7103_93.windows"/>
      <property name="file" value="file:///D:/a/1/s/test/specs/HTR/provide-to-site-wo-warehouse-wo-clarification.spec.js"/>
    </properties>
    <testcase classname="chrome.136_0_7103_93.windows.Provide_to_Site_w/o_warehouse_management_w/o_clarification" name="Should do a stock increase handover" time="92.857">
      <system-out><![CDATA[
COMMAND: POST /session/cdd305857320dd590ea5bbf59a31d46e/execute/async - {"script":"<script> [1562 bytes]","args":[{"selector":{"controlType":"sap.m.GenericTile","properties":{"header":"Manage Handovers"}},"wdio_ui5_key":"sapm.GenericTile{\"header\":\"Manage Handovers\"}"}]}
RESULT: {"script":"<script> [1562 bytes]","args":[{"selector":{"controlType":"sap.m.GenericTile","properties":{"header":"Manage Handovers"}},"wdio_ui5_key":"sapm.GenericTile{\"header\":\"Manage Handovers\"}"}]}
RESULT: undefined
COMMAND: POST /session/cdd305857320dd590ea5bbf59a31d46e/element - {"using":"xpath","value":"//*[@id=\"__tile133\"]"}
RESULT: {"using":"xpath","value":"//*[@id=\"__tile133\"]"}
COMMAND: POST /session/cdd305857320dd590ea5bbf59a31d46e/element/f.492DEA3F6A95B07ADA96E928C4F8A0EF.d.40E79A95F53D3A83A374BB859C28C7BC.e.17222/click - {}
RESULT: {}
COMMAND: GET /session/cdd305857320dd590ea5bbf59a31d46e/screenshot - {}
RESULT: {}
COMMAND: POST /session/cdd305857320dd590ea5bbf59a31d46e/elements - {"using":"xpath","value":"//span[text()='Error']"}
RESULT: {"using":"xpath","value":"//span[text()='Error']"}
COMMAND: POST /session/cdd305857320dd590ea5bbf59a31d46e/element - {"using":"xpath","value":"//button[@data-kt=\"masterHOAddButton\"]"}
RESULT: {"using":"xpath","value":"//button[@data-kt=\"masterHOAddButton\"]"}
COMMAND: POST /session/cdd305857320dd590ea5bbf59a31d46e/elements - {"using":"xpath","value":"//button[@data-kt=\"masterHOAddButton\"]"}
RESULT: {"using":"xpath","value":"//button[@data-kt=\"masterHOAddButton\"]"}
COMMAND: POST /session/cdd305857320dd590ea5bbf59a31d46e/elements - {"using":"xpath","value":"//button[@data-kt=\"masterHOAddButton\"]"}
RESULT: {"using":"xpath","value":"//button[@data-kt=\"masterHOAddButton\"]"}
COMMAND: POST /session/cdd305857320dd590ea5bbf59a31d46e/element - {"using":"xpath","value":"//button[@data-kt=\"masterHOAddButton\"]"}
RESULT: {"using":"xpath","value":"//button[@data-kt=\"masterHOAddButton\"]"}
COMMAND: POST /session/cdd305857320dd590ea5bbf59a31d46e/execute/sync - {"script":"<script> [8489 bytes]","args":[{"element-6066-11e4-a52e-4f735466cecf":"f.492DEA3F6A95B07ADA96E928C4F8A0EF.d.40E79A95F53D3A83A374BB859C28C7BC.e.17942","ELEMENT":"f.492DEA3F6A95B07ADA96E928C4F8A0EF.d.40E79A95F53D3A83A374BB859C28C7BC.e.17942"}]}
RESULT: {"script":"<script> [8489 bytes]","args":[{"element-6066-11e4-a52e-4f735466cecf":"f.492DEA3F6A95B07ADA96E928C4F8A0EF.d.40E79A95F53D3A83A374BB859C28C7BC.e.17942","ELEMENT":"f.492DEA3F6A95B07ADA96E928C4F8A0EF.d.40E79A95F53D3A83A374BB859C28C7BC.e.17942"}]}
COMMAND: GET /session/cdd305857320dd590ea5bbf59a31d46e/element/f.492DEA3F6A95B07ADA96E928C4F8A0EF.d.40E79A95F53D3A83A374BB859C28C7BC.e.17942/enabled - {}
COMMAND: GET /session/cdd305857320dd590ea5bbf59a31d46e/screenshot - {}
RESULT: {}
COMMAND: POST /session/cdd305857320dd590ea5bbf59a31d46e/execute/sync - {"script":"<script> [8489 bytes]","args":[{"element-6066-11e4-a52e-4f735466cecf":"f.492DEA3F6A95B07ADA96E928C4F8A0EF.d.40E79A95F53D3A83A374BB859C28C7BC.e.17942","ELEMENT":"f.492DEA3F6A95B07ADA96E928C4F8A0EF.d.40E79A95F53D3A83A374BB859C28C7BC.e.17942"}]}
COMMAND: GET /session/cdd305857320dd590ea5bbf59a31d46e/screenshot - {}
RESULT: {}
RESULT: {"script":"<script> [8489 bytes]","args":[{"element-6066-11e4-a52e-4f735466cecf":"f.492DEA3F6A95B07ADA96E928C4F8A0EF.d.40E79A95F53D3A83A374BB859C28C7BC.e.17942","ELEMENT":"f.492DEA3F6A95B07ADA96E928C4F8A0EF.d.40E79A95F53D3A83A374BB859C28C7BC.e.17942"}]}
COMMAND: POST /session/cdd305857320dd590ea5bbf59a31d46e/execute/sync - {"script":"<script> [5351 bytes]","args":[{"element-6066-11e4-a52e-4f735466cecf":"f.492DEA3F6A95B07ADA96E928C4F8A0EF.d.40E79A95F53D3A83A374BB859C28C7BC.e.17942","ELEMENT":"f.492DEA3F6A95B07ADA96E928C4F8A0EF.d.40E79A95F53D3A83A374BB859C28C7BC.e.17942"}]}
COMMAND: GET /session/cdd305857320dd590ea5bbf59a31d46e/screenshot - {}
RESULT: {}
RESULT: {"script":"<script> [5351 bytes]","args":[{"element-6066-11e4-a52e-4f735466cecf":"f.492DEA3F6A95B07ADA96E928C4F8A0EF.d.40E79A95F53D3A83A374BB859C28C7BC.e.17942","ELEMENT":"f.492DEA3F6A95B07ADA96E928C4F8A0EF.d.40E79A95F53D3A83A374BB859C28C7BC.e.17942"}]}
COMMAND: POST /session/cdd305857320dd590ea5bbf59a31d46e/element/f.492DEA3F6A95B07ADA96E928C4F8A0EF.d.40E79A95F53D3A83A374BB859C28C7BC.e.17942/click - {}
COMMAND: GET /session/cdd305857320dd590ea5bbf59a31d46e/screenshot - {}
RESULT: {}
RESULT: {}
COMMAND: GET /session/cdd305857320dd590ea5bbf59a31d46e/screenshot - {}
RESULT: {}
COMMAND: POST /session/cdd305857320dd590ea5bbf59a31d46e/element - {"using":"xpath","value":"//span[contains(@id ,\"AddNewHO--typeSelect-arrow\")]"}
RESULT: {}
RESULT: {"using":"xpath","value":"//span[contains(@id ,\"AddNewHO--typeSelect-arrow\")]"}
COMMAND: POST /session/cdd305857320dd590ea5bbf59a31d46e/element/f.492DEA3F6A95B07ADA96E928C4F8A0EF.d.40E79A95F53D3A83A374BB859C28C7BC.e.18297/click - {}
RESULT: {}
COMMAND: GET /session/cdd305857320dd590ea5bbf59a31d46e/screenshot - {}
RESULT: {}
COMMAND: POST /session/cdd305857320dd590ea5bbf59a31d46e/element - {"using":"xpath","value":"(//li[contains(text(), \"stock increase yard\")])[1]"}
RESULT: {"using":"xpath","value":"(//li[contains(text(), \"stock increase yard\")])[1]"}
COMMAND: POST /session/cdd305857320dd590ea5bbf59a31d46e/element/f.492DEA3F6A95B07ADA96E928C4F8A0EF.d.40E79A95F53D3A83A374BB859C28C7BC.e.18298/click - {}
RESULT: {}
COMMAND: GET /session/cdd305857320dd590ea5bbf59a31d46e/screenshot - {}
RESULT: {}
COMMAND: POST /session/cdd305857320dd590ea5bbf59a31d46e/execute/async - {"script":"<script> [1562 bytes]","args":[{"selector":{"id":"application-managehandovers-display-component---AddNewHO--dueDate","interaction":{"idSuffix":"inner"}},"wdio_ui5_key":"applicationmanagehandovers-display-component---AddNewHO--dueDate"}]}
RESULT: {"script":"<script> [1562 bytes]","args":[{"selector":{"id":"application-managehandovers-display-component---AddNewHO--dueDate","interaction":{"idSuffix":"inner"}},"wdio_ui5_key":"applicationmanagehandovers-display-component---AddNewHO--dueDate"}]}
RESULT: undefined
COMMAND: POST /session/cdd305857320dd590ea5bbf59a31d46e/execute/async - {"script":"<script> [6424 bytes]","args":[{"element-6066-11e4-a52e-4f735466cecf":"f.492DEA3F6A95B07ADA96E928C4F8A0EF.d.40E79A95F53D3A83A374BB859C28C7BC.e.18300"},"setValue",["5/27/25"]]}
RESULT: {"script":"<script> [6424 bytes]","args":[{"element-6066-11e4-a52e-4f735466cecf":"f.492DEA3F6A95B07ADA96E928C4F8A0EF.d.40E79A95F53D3A83A374BB859C28C7BC.e.18300"},"setValue",["5/27/25"]]}
COMMAND: POST /session/cdd305857320dd590ea5bbf59a31d46e/element - {"using":"xpath","value":"//input[@id=\"generalSectionFrg--receiveYard-inner\"]"}
RESULT: {"using":"xpath","value":"//input[@id=\"generalSectionFrg--receiveYard-inner\"]"}
COMMAND: POST /session/cdd305857320dd590ea5bbf59a31d46e/element/f.492DEA3F6A95B07ADA96E928C4F8A0EF.d.40E79A95F53D3A83A374BB859C28C7BC.e.18306/clear - {}
RESULT: {}
COMMAND: POST /session/cdd305857320dd590ea5bbf59a31d46e/element/f.492DEA3F6A95B07ADA96E928C4F8A0EF.d.40E79A95F53D3A83A374BB859C28C7BC.e.18306/value - {"text":"393"}
COMMAND: GET /session/cdd305857320dd590ea5bbf59a31d46e/screenshot - {}
RESULT: {"text":"393"}
COMMAND: GET /session/cdd305857320dd590ea5bbf59a31d46e/screenshot - {}
RESULT: {}
RESULT: {}
COMMAND: POST /session/cdd305857320dd590ea5bbf59a31d46e/element - {"using":"xpath","value":"//li[.//span[text()='393']]"}
RESULT: {"using":"xpath","value":"//li[.//span[text()='393']]"}
COMMAND: POST /session/cdd305857320dd590ea5bbf59a31d46e/element/f.492DEA3F6A95B07ADA96E928C4F8A0EF.d.40E79A95F53D3A83A374BB859C28C7BC.e.18324/click - {}
RESULT: {}
COMMAND: GET /session/cdd305857320dd590ea5bbf59a31d46e/screenshot - {}
RESULT: {}
COMMAND: POST /session/cdd305857320dd590ea5bbf59a31d46e/execute/async - {"script":"<script> [1562 bytes]","args":[{"selector":{"id":"application-managehandovers-display-component---AddNewHO--ObjectPageLayout-anchBar-application-managehandovers-display-component---AddNewHO--section4-anchor","interaction":{"idSuffix":"BDI-content"}},"wdio_ui5_key":"applicationmanagehandovers-display-component---AddNewHO--ObjectPageLayout-anchBar-application-managehandovers-display-component---AddNewHO--section4-anchor"}]}
RESULT: {"script":"<script> [1562 bytes]","args":[{"selector":{"id":"application-managehandovers-display-component---AddNewHO--ObjectPageLayout-anchBar-application-managehandovers-display-component---AddNewHO--section4-anchor","interaction":{"idSuffix":"BDI-content"}},"wdio_ui5_key":"applicationmanagehandovers-display-component---AddNewHO--ObjectPageLayout-anchBar-application-managehandovers-display-component---AddNewHO--section4-anchor"}]}
RESULT: undefined
COMMAND: POST /session/cdd305857320dd590ea5bbf59a31d46e/element - {"using":"xpath","value":"//*[@id=\"application-managehandovers-display-component---AddNewHO--ObjectPageLayout-anchBar-application-managehandovers-display-component---AddNewHO--section4-anchor\"]"}
RESULT: {"using":"xpath","value":"//*[@id=\"application-managehandovers-display-component---AddNewHO--ObjectPageLayout-anchBar-application-managehandovers-display-component---AddNewHO--section4-anchor\"]"}
COMMAND: POST /session/cdd305857320dd590ea5bbf59a31d46e/element/f.492DEA3F6A95B07ADA96E928C4F8A0EF.d.40E79A95F53D3A83A374BB859C28C7BC.e.18326/click - {}
RESULT: {}
COMMAND: POST /session/cdd305857320dd590ea5bbf59a31d46e/element - {"using":"xpath","value":"//button[@aria-label=\"Add\"]"}
COMMAND: GET /session/cdd305857320dd590ea5bbf59a31d46e/screenshot - {}
RESULT: {"using":"xpath","value":"//button[@aria-label=\"Add\"]"}
COMMAND: POST /session/cdd305857320dd590ea5bbf59a31d46e/element/f.492DEA3F6A95B07ADA96E928C4F8A0EF.d.40E79A95F53D3A83A374BB859C28C7BC.e.18328/click - {}
RESULT: {}
RESULT: {}
COMMAND: GET /session/cdd305857320dd590ea5bbf59a31d46e/screenshot - {}
RESULT: {}
COMMAND: POST /session/cdd305857320dd590ea5bbf59a31d46e/execute/async - {"script":"<script> [1562 bytes]","args":[{"selector":{"id":"application-managehandovers-display-component---AddNewHO--smartFilterBar-btnBasicSearch","searchOpenDialogs":true,"interaction":{"idSuffix":"I"}},"wdio_ui5_key":"applicationmanagehandovers-display-component---AddNewHO--smartFilterBar-btnBasicSearch"}]}
RESULT: {"script":"<script> [1562 bytes]","args":[{"selector":{"id":"application-managehandovers-display-component---AddNewHO--smartFilterBar-btnBasicSearch","searchOpenDialogs":true,"interaction":{"idSuffix":"I"}},"wdio_ui5_key":"applicationmanagehandovers-display-component---AddNewHO--smartFilterBar-btnBasicSearch"}]}
RESULT: undefined
COMMAND: POST /session/cdd305857320dd590ea5bbf59a31d46e/execute/async - {"script":"<script> [776 bytes]","args":[{"enterText":"200216","selector":{"id":"application-managehandovers-display-component---AddNewHO--smartFilterBar-btnBasicSearch","searchOpenDialogs":true,"interaction":{"idSuffix":"I"}},"clearTextFirst":true,"interactionType":"ENTER_TEXT"}]}
RESULT: {"script":"<script> [776 bytes]","args":[{"enterText":"200216","selector":{"id":"application-managehandovers-display-component---AddNewHO--smartFilterBar-btnBasicSearch","searchOpenDialogs":true,"interaction":{"idSuffix":"I"}},"clearTextFirst":true,"interactionType":"ENTER_TEXT"}]}
COMMAND: POST /session/cdd305857320dd590ea5bbf59a31d46e/actions - {"actions":[{"id":"action57","type":"key","parameters":{},"actions":[{"type":"keyDown","value":""},{"type":"pause","duration":10},{"type":"keyUp","value":""}]}]}
RESULT: {"actions":[{"id":"action57","type":"key","parameters":{},"actions":[{"type":"keyDown","value":""},{"type":"pause","duration":10},{"type":"keyUp","value":""}]}]}
COMMAND: GET /session/cdd305857320dd590ea5bbf59a31d46e/screenshot - {}
RESULT: {}
COMMAND: POST /session/cdd305857320dd590ea5bbf59a31d46e/execute/async - {"script":"<script> [1562 bytes]","args":[{"selector":{"id":"application-managehandovers-display-component---AddNewHO--popup-sa","searchOpenDialogs":true,"interaction":{"idSuffix":"CbBg"}},"wdio_ui5_key":"applicationmanagehandovers-display-component---AddNewHO--popup-sa"}]}
RESULT: {"script":"<script> [1562 bytes]","args":[{"selector":{"id":"application-managehandovers-display-component---AddNewHO--popup-sa","searchOpenDialogs":true,"interaction":{"idSuffix":"CbBg"}},"wdio_ui5_key":"applicationmanagehandovers-display-component---AddNewHO--popup-sa"}]}
RESULT: undefined
COMMAND: POST /session/cdd305857320dd590ea5bbf59a31d46e/element - {"using":"xpath","value":"//*[@id=\"application-managehandovers-display-component---AddNewHO--popup-sa\"]"}
RESULT: {"using":"xpath","value":"//*[@id=\"application-managehandovers-display-component---AddNewHO--popup-sa\"]"}
COMMAND: POST /session/cdd305857320dd590ea5bbf59a31d46e/element/f.492DEA3F6A95B07ADA96E928C4F8A0EF.d.40E79A95F53D3A83A374BB859C28C7BC.e.18484/click - {}
RESULT: {}
COMMAND: GET /session/cdd305857320dd590ea5bbf59a31d46e/screenshot - {}
RESULT: {}
COMMAND: POST /session/cdd305857320dd590ea5bbf59a31d46e/element - {"using":"xpath","value":"//bdi[contains(text(), \"Select\")]"}
RESULT: {"using":"xpath","value":"//bdi[contains(text(), \"Select\")]"}
COMMAND: POST /session/cdd305857320dd590ea5bbf59a31d46e/element/f.492DEA3F6A95B07ADA96E928C4F8A0EF.d.40E79A95F53D3A83A374BB859C28C7BC.e.18485/click - {}
RESULT: {}
COMMAND: GET /session/cdd305857320dd590ea5bbf59a31d46e/screenshot - {}
RESULT: {}
COMMAND: POST /session/cdd305857320dd590ea5bbf59a31d46e/element - {"using":"xpath","value":"//button[@data-kt=\"AddNewHOSaveButton\"]"}
RESULT: {"using":"xpath","value":"//button[@data-kt=\"AddNewHOSaveButton\"]"}
COMMAND: POST /session/cdd305857320dd590ea5bbf59a31d46e/element/f.492DEA3F6A95B07ADA96E928C4F8A0EF.d.40E79A95F53D3A83A374BB859C28C7BC.e.18489/click - {}
RESULT: {}
COMMAND: GET /session/cdd305857320dd590ea5bbf59a31d46e/screenshot - {}
RESULT: {}
COMMAND: POST /session/cdd305857320dd590ea5bbf59a31d46e/execute/async - {"script":"<script> [1562 bytes]","args":[{"selector":{"id":"receiptDatePicker","viewName":"etm.portal.ui.managehandovers.view.DetailExecuteHO","interaction":{"idSuffix":"inner"}},"wdio_ui5_key":"receiptDatePickeretmportal.ui.managehandovers.view.DetailExecuteHO"}]}
RESULT: {"script":"<script> [1562 bytes]","args":[{"selector":{"id":"receiptDatePicker","viewName":"etm.portal.ui.managehandovers.view.DetailExecuteHO","interaction":{"idSuffix":"inner"}},"wdio_ui5_key":"receiptDatePickeretmportal.ui.managehandovers.view.DetailExecuteHO"}]}
RESULT: undefined
COMMAND: POST /session/cdd305857320dd590ea5bbf59a31d46e/execute/async - {"script":"<script> [6424 bytes]","args":[{"element-6066-11e4-a52e-4f735466cecf":"f.492DEA3F6A95B07ADA96E928C4F8A0EF.d.40E79A95F53D3A83A374BB859C28C7BC.e.18520"},"setValue",["5/27/25"]]}
RESULT: {"script":"<script> [6424 bytes]","args":[{"element-6066-11e4-a52e-4f735466cecf":"f.492DEA3F6A95B07ADA96E928C4F8A0EF.d.40E79A95F53D3A83A374BB859C28C7BC.e.18520"},"setValue",["5/27/25"]]}
COMMAND: POST /session/cdd305857320dd590ea5bbf59a31d46e/element - {"using":"xpath","value":"//button[@data-kt=\"ReceivingTableConfirmAllButton\"]"}
RESULT: {"using":"xpath","value":"//button[@data-kt=\"ReceivingTableConfirmAllButton\"]"}
COMMAND: POST /session/cdd305857320dd590ea5bbf59a31d46e/element/f.492DEA3F6A95B07ADA96E928C4F8A0EF.d.40E79A95F53D3A83A374BB859C28C7BC.e.18534/click - {}
RESULT: {}
COMMAND: GET /session/cdd305857320dd590ea5bbf59a31d46e/screenshot - {}
RESULT: {}
COMMAND: POST /session/cdd305857320dd590ea5bbf59a31d46e/element - {"using":"xpath","value":"//bdi[contains(text(), \"OK\")]"}
RESULT: {"using":"xpath","value":"//bdi[contains(text(), \"OK\")]"}
COMMAND: POST /session/cdd305857320dd590ea5bbf59a31d46e/element/f.492DEA3F6A95B07ADA96E928C4F8A0EF.d.40E79A95F53D3A83A374BB859C28C7BC.e.18536/click - {}
RESULT: {}
COMMAND: GET /session/cdd305857320dd590ea5bbf59a31d46e/screenshot - {}
RESULT: {}
COMMAND: POST /session/cdd305857320dd590ea5bbf59a31d46e/element - {"using":"xpath","value":"(//bdi[contains(text(), \"Receive\")])[2]"}
RESULT: {"using":"xpath","value":"(//bdi[contains(text(), \"Receive\")])[2]"}
COMMAND: POST /session/cdd305857320dd590ea5bbf59a31d46e/element/f.492DEA3F6A95B07ADA96E928C4F8A0EF.d.40E79A95F53D3A83A374BB859C28C7BC.e.18538/click - {}
RESULT: {}
COMMAND: GET /session/cdd305857320dd590ea5bbf59a31d46e/screenshot - {}
RESULT: {}
COMMAND: POST /session/cdd305857320dd590ea5bbf59a31d46e/element - {"using":"css selector","value":"#shell-header-logo"}
RESULT: {"using":"css selector","value":"#shell-header-logo"}
COMMAND: POST /session/cdd305857320dd590ea5bbf59a31d46e/element/f.492DEA3F6A95B07ADA96E928C4F8A0EF.d.40E79A95F53D3A83A374BB859C28C7BC.e.17907/click - {}
RESULT: {}
COMMAND: GET /session/cdd305857320dd590ea5bbf59a31d46e/screenshot - {}
RESULT: {}
]]></system-out>
    </testcase>
    <testcase classname="chrome.136_0_7103_93.windows.Provide_to_Site_w/o_warehouse_management_w/o_clarification" name="Should create a new contract" time="66.639">
      <system-out><![CDATA[
COMMAND: POST /session/cdd305857320dd590ea5bbf59a31d46e/execute/async - {"script":"<script> [1562 bytes]","args":[{"selector":{"controlType":"sap.m.GenericTile","properties":{"header":"Manage Contracts"}},"wdio_ui5_key":"sapm.GenericTile{\"header\":\"Manage Contracts\"}"}]}
RESULT: {"script":"<script> [1562 bytes]","args":[{"selector":{"controlType":"sap.m.GenericTile","properties":{"header":"Manage Contracts"}},"wdio_ui5_key":"sapm.GenericTile{\"header\":\"Manage Contracts\"}"}]}
RESULT: undefined
COMMAND: POST /session/cdd305857320dd590ea5bbf59a31d46e/element - {"using":"xpath","value":"//*[@id=\"__tile130\"]"}
RESULT: {"using":"xpath","value":"//*[@id=\"__tile130\"]"}
COMMAND: POST /session/cdd305857320dd590ea5bbf59a31d46e/element/f.492DEA3F6A95B07ADA96E928C4F8A0EF.d.40E79A95F53D3A83A374BB859C28C7BC.e.17211/click - {}
RESULT: {}
COMMAND: GET /session/cdd305857320dd590ea5bbf59a31d46e/screenshot - {}
RESULT: {}
COMMAND: POST /session/cdd305857320dd590ea5bbf59a31d46e/elements - {"using":"xpath","value":"//span[text()='Error']"}
RESULT: {"using":"xpath","value":"//span[text()='Error']"}
COMMAND: POST /session/cdd305857320dd590ea5bbf59a31d46e/element - {"using":"xpath","value":"//button[@data-kt=\"addButton\"]"}
RESULT: {"using":"xpath","value":"//button[@data-kt=\"addButton\"]"}
COMMAND: POST /session/cdd305857320dd590ea5bbf59a31d46e/elements - {"using":"xpath","value":"//button[@data-kt=\"addButton\"]"}
RESULT: {"using":"xpath","value":"//button[@data-kt=\"addButton\"]"}
COMMAND: POST /session/cdd305857320dd590ea5bbf59a31d46e/execute/sync - {"script":"<script> [8489 bytes]","args":[{"element-6066-11e4-a52e-4f735466cecf":"f.492DEA3F6A95B07ADA96E928C4F8A0EF.d.40E79A95F53D3A83A374BB859C28C7BC.e.18868","ELEMENT":"f.492DEA3F6A95B07ADA96E928C4F8A0EF.d.40E79A95F53D3A83A374BB859C28C7BC.e.18868"}]}
RESULT: {"script":"<script> [8489 bytes]","args":[{"element-6066-11e4-a52e-4f735466cecf":"f.492DEA3F6A95B07ADA96E928C4F8A0EF.d.40E79A95F53D3A83A374BB859C28C7BC.e.18868","ELEMENT":"f.492DEA3F6A95B07ADA96E928C4F8A0EF.d.40E79A95F53D3A83A374BB859C28C7BC.e.18868"}]}
COMMAND: GET /session/cdd305857320dd590ea5bbf59a31d46e/element/f.492DEA3F6A95B07ADA96E928C4F8A0EF.d.40E79A95F53D3A83A374BB859C28C7BC.e.18868/enabled - {}
COMMAND: GET /session/cdd305857320dd590ea5bbf59a31d46e/screenshot - {}
RESULT: {}
COMMAND: POST /session/cdd305857320dd590ea5bbf59a31d46e/execute/sync - {"script":"<script> [8489 bytes]","args":[{"element-6066-11e4-a52e-4f735466cecf":"f.492DEA3F6A95B07ADA96E928C4F8A0EF.d.40E79A95F53D3A83A374BB859C28C7BC.e.18868","ELEMENT":"f.492DEA3F6A95B07ADA96E928C4F8A0EF.d.40E79A95F53D3A83A374BB859C28C7BC.e.18868"}]}
COMMAND: GET /session/cdd305857320dd590ea5bbf59a31d46e/screenshot - {}
RESULT: {}
RESULT: {"script":"<script> [8489 bytes]","args":[{"element-6066-11e4-a52e-4f735466cecf":"f.492DEA3F6A95B07ADA96E928C4F8A0EF.d.40E79A95F53D3A83A374BB859C28C7BC.e.18868","ELEMENT":"f.492DEA3F6A95B07ADA96E928C4F8A0EF.d.40E79A95F53D3A83A374BB859C28C7BC.e.18868"}]}
COMMAND: POST /session/cdd305857320dd590ea5bbf59a31d46e/execute/sync - {"script":"<script> [5351 bytes]","args":[{"element-6066-11e4-a52e-4f735466cecf":"f.492DEA3F6A95B07ADA96E928C4F8A0EF.d.40E79A95F53D3A83A374BB859C28C7BC.e.18868","ELEMENT":"f.492DEA3F6A95B07ADA96E928C4F8A0EF.d.40E79A95F53D3A83A374BB859C28C7BC.e.18868"}]}
COMMAND: GET /session/cdd305857320dd590ea5bbf59a31d46e/screenshot - {}
RESULT: {}
RESULT: {"script":"<script> [5351 bytes]","args":[{"element-6066-11e4-a52e-4f735466cecf":"f.492DEA3F6A95B07ADA96E928C4F8A0EF.d.40E79A95F53D3A83A374BB859C28C7BC.e.18868","ELEMENT":"f.492DEA3F6A95B07ADA96E928C4F8A0EF.d.40E79A95F53D3A83A374BB859C28C7BC.e.18868"}]}
COMMAND: GET /session/cdd305857320dd590ea5bbf59a31d46e/screenshot - {}
RESULT: {}
RESULT: {}
COMMAND: POST /session/cdd305857320dd590ea5bbf59a31d46e/element/f.492DEA3F6A95B07ADA96E928C4F8A0EF.d.40E79A95F53D3A83A374BB859C28C7BC.e.18868/click - {}
RESULT: {}
COMMAND: GET /session/cdd305857320dd590ea5bbf59a31d46e/screenshot - {}
COMMAND: POST /session/cdd305857320dd590ea5bbf59a31d46e/execute/async - {"script":"<script> [1562 bytes]","args":[{"selector":{"id":"application-managecontracts-display-component---AddNewContract--projectDescription","interaction":{"idSuffix":"inner"}},"wdio_ui5_key":"applicationmanagecontracts-display-component---AddNewContract--projectDescription"}]}
RESULT: {}
RESULT: {"script":"<script> [1562 bytes]","args":[{"selector":{"id":"application-managecontracts-display-component---AddNewContract--projectDescription","interaction":{"idSuffix":"inner"}},"wdio_ui5_key":"applicationmanagecontracts-display-component---AddNewContract--projectDescription"}]}
RESULT: undefined
COMMAND: POST /session/cdd305857320dd590ea5bbf59a31d46e/execute/async - {"script":"<script> [776 bytes]","args":[{"enterText":"Contract WDIO","selector":{"id":"application-managecontracts-display-component---AddNewContract--projectDescription","interaction":{"idSuffix":"inner"}},"clearTextFirst":true,"interactionType":"ENTER_TEXT"}]}
RESULT: {"script":"<script> [776 bytes]","args":[{"enterText":"Contract WDIO","selector":{"id":"application-managecontracts-display-component---AddNewContract--projectDescription","interaction":{"idSuffix":"inner"}},"clearTextFirst":true,"interactionType":"ENTER_TEXT"}]}
COMMAND: POST /session/cdd305857320dd590ea5bbf59a31d46e/element - {"using":"xpath","value":"//input[@id=\"application-managecontracts-display-component---AddNewContract--site-inner\"]"}
RESULT: {"using":"xpath","value":"//input[@id=\"application-managecontracts-display-component---AddNewContract--site-inner\"]"}
COMMAND: POST /session/cdd305857320dd590ea5bbf59a31d46e/element/f.492DEA3F6A95B07ADA96E928C4F8A0EF.d.40E79A95F53D3A83A374BB859C28C7BC.e.19189/clear - {}
RESULT: {}
COMMAND: POST /session/cdd305857320dd590ea5bbf59a31d46e/element/f.492DEA3F6A95B07ADA96E928C4F8A0EF.d.40E79A95F53D3A83A374BB859C28C7BC.e.19189/value - {"text":"2184"}
COMMAND: GET /session/cdd305857320dd590ea5bbf59a31d46e/screenshot - {}
RESULT: {"text":"2184"}
COMMAND: GET /session/cdd305857320dd590ea5bbf59a31d46e/screenshot - {}
RESULT: {}
RESULT: {}
COMMAND: POST /session/cdd305857320dd590ea5bbf59a31d46e/element - {"using":"xpath","value":"//li[.//span[text()='2184']]"}
RESULT: {"using":"xpath","value":"//li[.//span[text()='2184']]"}
COMMAND: POST /session/cdd305857320dd590ea5bbf59a31d46e/element/f.492DEA3F6A95B07ADA96E928C4F8A0EF.d.40E79A95F53D3A83A374BB859C28C7BC.e.19272/click - {}
RESULT: {}
COMMAND: GET /session/cdd305857320dd590ea5bbf59a31d46e/screenshot - {}
RESULT: {}
COMMAND: POST /session/cdd305857320dd590ea5bbf59a31d46e/element - {"using":"xpath","value":"//input[@id=\"application-managecontracts-display-component---AddNewContract--yardId-inner\"]"}
RESULT: {"using":"xpath","value":"//input[@id=\"application-managecontracts-display-component---AddNewContract--yardId-inner\"]"}
COMMAND: GET /session/cdd305857320dd590ea5bbf59a31d46e/element/f.492DEA3F6A95B07ADA96E928C4F8A0EF.d.40E79A95F53D3A83A374BB859C28C7BC.e.19190/property/value - {}
RESULT: {}
COMMAND: POST /session/cdd305857320dd590ea5bbf59a31d46e/element - {"using":"xpath","value":"//input[@id=\"application-managecontracts-display-component---AddNewContract--customerSelect-inner\"]"}
COMMAND: GET /session/cdd305857320dd590ea5bbf59a31d46e/screenshot - {}
RESULT: {"using":"xpath","value":"//input[@id=\"application-managecontracts-display-component---AddNewContract--customerSelect-inner\"]"}
COMMAND: POST /session/cdd305857320dd590ea5bbf59a31d46e/element/f.492DEA3F6A95B07ADA96E928C4F8A0EF.d.40E79A95F53D3A83A374BB859C28C7BC.e.19188/clear - {}
RESULT: {}
RESULT: {}
COMMAND: POST /session/cdd305857320dd590ea5bbf59a31d46e/element/f.492DEA3F6A95B07ADA96E928C4F8A0EF.d.40E79A95F53D3A83A374BB859C28C7BC.e.19188/value - {"text":"1200"}
COMMAND: GET /session/cdd305857320dd590ea5bbf59a31d46e/screenshot - {}
RESULT: {"text":"1200"}
COMMAND: GET /session/cdd305857320dd590ea5bbf59a31d46e/screenshot - {}
RESULT: {}
RESULT: {}
COMMAND: POST /session/cdd305857320dd590ea5bbf59a31d46e/element - {"using":"xpath","value":"//li[.//span[text()='1200']]"}
RESULT: {"using":"xpath","value":"//li[.//span[text()='1200']]"}
COMMAND: POST /session/cdd305857320dd590ea5bbf59a31d46e/element/f.492DEA3F6A95B07ADA96E928C4F8A0EF.d.40E79A95F53D3A83A374BB859C28C7BC.e.19275/click - {}
RESULT: {}
COMMAND: GET /session/cdd305857320dd590ea5bbf59a31d46e/screenshot - {}
RESULT: {}
COMMAND: POST /session/cdd305857320dd590ea5bbf59a31d46e/element - {"using":"xpath","value":"//button[@data-kt=\"saveButton\"]"}
RESULT: {"using":"xpath","value":"//button[@data-kt=\"saveButton\"]"}
COMMAND: POST /session/cdd305857320dd590ea5bbf59a31d46e/element/f.492DEA3F6A95B07ADA96E928C4F8A0EF.d.40E79A95F53D3A83A374BB859C28C7BC.e.19262/click - {}
RESULT: {}
COMMAND: GET /session/cdd305857320dd590ea5bbf59a31d46e/screenshot - {}
RESULT: {}
COMMAND: POST /session/cdd305857320dd590ea5bbf59a31d46e/element - {"using":"xpath","value":"//span[contains(@id ,\"contractDetailTitleNoExpanded\")]"}
RESULT: {"using":"xpath","value":"//span[contains(@id ,\"contractDetailTitleNoExpanded\")]"}
COMMAND: POST /session/cdd305857320dd590ea5bbf59a31d46e/elements - {"using":"xpath","value":"//span[contains(@id ,\"contractDetailTitleNoExpanded\")]"}
RESULT: {"using":"xpath","value":"//span[contains(@id ,\"contractDetailTitleNoExpanded\")]"}
COMMAND: POST /session/cdd305857320dd590ea5bbf59a31d46e/execute/sync - {"script":"<script> [56 bytes]","args":[{"element-6066-11e4-a52e-4f735466cecf":"f.492DEA3F6A95B07ADA96E928C4F8A0EF.d.40E79A95F53D3A83A374BB859C28C7BC.e.19288","ELEMENT":"f.492DEA3F6A95B07ADA96E928C4F8A0EF.d.40E79A95F53D3A83A374BB859C28C7BC.e.19288"}]}
RESULT: {"script":"<script> [56 bytes]","args":[{"element-6066-11e4-a52e-4f735466cecf":"f.492DEA3F6A95B07ADA96E928C4F8A0EF.d.40E79A95F53D3A83A374BB859C28C7BC.e.19288","ELEMENT":"f.492DEA3F6A95B07ADA96E928C4F8A0EF.d.40E79A95F53D3A83A374BB859C28C7BC.e.19288"}]}
COMMAND: GET /session/cdd305857320dd590ea5bbf59a31d46e/screenshot - {}
RESULT: {}
]]></system-out>
    </testcase>
    <testcase classname="chrome.136_0_7103_93.windows.Provide_to_Site_w/o_warehouse_management_w/o_clarification" name="Should add equipment to the contract" time="60.424">
      <system-out><![CDATA[
COMMAND: POST /session/cdd305857320dd590ea5bbf59a31d46e/element - {"using":"xpath","value":"//button[@data-kt=\"contractDetailEditBtnButton\"]"}
RESULT: {"using":"xpath","value":"//button[@data-kt=\"contractDetailEditBtnButton\"]"}
COMMAND: POST /session/cdd305857320dd590ea5bbf59a31d46e/element/f.492DEA3F6A95B07ADA96E928C4F8A0EF.d.40E79A95F53D3A83A374BB859C28C7BC.e.19289/click - {}
RESULT: {}
COMMAND: GET /session/cdd305857320dd590ea5bbf59a31d46e/screenshot - {}
RESULT: {}
COMMAND: POST /session/cdd305857320dd590ea5bbf59a31d46e/element - {"using":"xpath","value":"(//span[contains(text(), \"Additional Addresses\")])[2]"}
RESULT: {"using":"xpath","value":"(//span[contains(text(), \"Additional Addresses\")])[2]"}
COMMAND: POST /session/cdd305857320dd590ea5bbf59a31d46e/element/f.492DEA3F6A95B07ADA96E928C4F8A0EF.d.40E79A95F53D3A83A374BB859C28C7BC.e.19345/click - {}
RESULT: {}
COMMAND: GET /session/cdd305857320dd590ea5bbf59a31d46e/screenshot - {}
RESULT: {}
COMMAND: POST /session/cdd305857320dd590ea5bbf59a31d46e/element - {"using":"xpath","value":"//button[@data-kt=\"btnAddTableRowOverflowToolbarButton\"]"}
RESULT: {"using":"xpath","value":"//button[@data-kt=\"btnAddTableRowOverflowToolbarButton\"]"}
COMMAND: POST /session/cdd305857320dd590ea5bbf59a31d46e/element/f.492DEA3F6A95B07ADA96E928C4F8A0EF.d.40E79A95F53D3A83A374BB859C28C7BC.e.19347/click - {}
RESULT: {}
COMMAND: GET /session/cdd305857320dd590ea5bbf59a31d46e/screenshot - {}
RESULT: {}
COMMAND: POST /session/cdd305857320dd590ea5bbf59a31d46e/element - {"using":"xpath","value":"//div[(text() = 'Standard Entry' or . = 'Standard Entry')]"}
RESULT: {"using":"xpath","value":"//div[(text() = 'Standard Entry' or . = 'Standard Entry')]"}
COMMAND: POST /session/cdd305857320dd590ea5bbf59a31d46e/element/f.492DEA3F6A95B07ADA96E928C4F8A0EF.d.40E79A95F53D3A83A374BB859C28C7BC.e.19349/click - {}
RESULT: {}
COMMAND: GET /session/cdd305857320dd590ea5bbf59a31d46e/screenshot - {}
RESULT: {}
COMMAND: POST /session/cdd305857320dd590ea5bbf59a31d46e/element - {"using":"xpath","value":"//td[6]/div/div/div/span"}
RESULT: {"using":"xpath","value":"//td[6]/div/div/div/span"}
COMMAND: POST /session/cdd305857320dd590ea5bbf59a31d46e/element/f.492DEA3F6A95B07ADA96E928C4F8A0EF.d.40E79A95F53D3A83A374BB859C28C7BC.e.19361/click - {}
RESULT: {}
COMMAND: GET /session/cdd305857320dd590ea5bbf59a31d46e/screenshot - {}
RESULT: {}
COMMAND: POST /session/cdd305857320dd590ea5bbf59a31d46e/element - {"using":"xpath","value":"(//span[contains(text(), \"Material\")])"}
RESULT: {"using":"xpath","value":"(//span[contains(text(), \"Material\")])"}
COMMAND: POST /session/cdd305857320dd590ea5bbf59a31d46e/element/f.492DEA3F6A95B07ADA96E928C4F8A0EF.d.40E79A95F53D3A83A374BB859C28C7BC.e.19362/click - {}
RESULT: {}
COMMAND: GET /session/cdd305857320dd590ea5bbf59a31d46e/screenshot - {}
RESULT: {}
COMMAND: POST /session/cdd305857320dd590ea5bbf59a31d46e/element - {"using":"xpath","value":"//td[7]/div/div/input"}
RESULT: {"using":"xpath","value":"//td[7]/div/div/input"}
COMMAND: POST /session/cdd305857320dd590ea5bbf59a31d46e/element/f.492DEA3F6A95B07ADA96E928C4F8A0EF.d.40E79A95F53D3A83A374BB859C28C7BC.e.19366/clear - {}
RESULT: {}
COMMAND: POST /session/cdd305857320dd590ea5bbf59a31d46e/element/f.492DEA3F6A95B07ADA96E928C4F8A0EF.d.40E79A95F53D3A83A374BB859C28C7BC.e.19366/value - {"text":"200216"}
COMMAND: GET /session/cdd305857320dd590ea5bbf59a31d46e/screenshot - {}
RESULT: {"text":"200216"}
COMMAND: GET /session/cdd305857320dd590ea5bbf59a31d46e/screenshot - {}
RESULT: {}
RESULT: {}
COMMAND: POST /session/cdd305857320dd590ea5bbf59a31d46e/actions - {"actions":[{"id":"action58","type":"key","parameters":{},"actions":[{"type":"keyDown","value":""},{"type":"pause","duration":10},{"type":"keyUp","value":""}]}]}
RESULT: {"actions":[{"id":"action58","type":"key","parameters":{},"actions":[{"type":"keyDown","value":""},{"type":"pause","duration":10},{"type":"keyUp","value":""}]}]}
COMMAND: GET /session/cdd305857320dd590ea5bbf59a31d46e/screenshot - {}
RESULT: {}
COMMAND: POST /session/cdd305857320dd590ea5bbf59a31d46e/execute/sync - {"script":"<script> [276 bytes]","args":["No pricing information was found"]}
RESULT: {"script":"<script> [276 bytes]","args":["No pricing information was found"]}
COMMAND: POST /session/cdd305857320dd590ea5bbf59a31d46e/element - {"using":"xpath","value":"//bdi[contains(text(), \"OK\")]"}
COMMAND: GET /session/cdd305857320dd590ea5bbf59a31d46e/screenshot - {}
RESULT: {"using":"xpath","value":"//bdi[contains(text(), \"OK\")]"}
COMMAND: POST /session/cdd305857320dd590ea5bbf59a31d46e/element/f.492DEA3F6A95B07ADA96E928C4F8A0EF.d.40E79A95F53D3A83A374BB859C28C7BC.e.19392/click - {}
RESULT: {}
RESULT: {}
COMMAND: GET /session/cdd305857320dd590ea5bbf59a31d46e/screenshot - {}
RESULT: {}
COMMAND: POST /session/cdd305857320dd590ea5bbf59a31d46e/element - {"using":"xpath","value":"(//button[@data-kt=\"saveButton\"])[2]"}
RESULT: {"using":"xpath","value":"(//button[@data-kt=\"saveButton\"])[2]"}
COMMAND: POST /session/cdd305857320dd590ea5bbf59a31d46e/element/f.492DEA3F6A95B07ADA96E928C4F8A0EF.d.40E79A95F53D3A83A374BB859C28C7BC.e.19393/click - {}
RESULT: {}
COMMAND: GET /session/cdd305857320dd590ea5bbf59a31d46e/screenshot - {}
RESULT: {}
COMMAND: POST /session/cdd305857320dd590ea5bbf59a31d46e/execute/sync - {"script":"<script> [276 bytes]","args":["Some contract items are having rental validity exceeding header rental validity"]}
RESULT: {"script":"<script> [276 bytes]","args":["Some contract items are having rental validity exceeding header rental validity"]}
COMMAND: GET /session/cdd305857320dd590ea5bbf59a31d46e/screenshot - {}
RESULT: {}
COMMAND: POST /session/cdd305857320dd590ea5bbf59a31d46e/element - {"using":"xpath","value":"//span[contains(@id ,\"contractItemsSmartTable-header-inner\")]"}
RESULT: {"using":"xpath","value":"//span[contains(@id ,\"contractItemsSmartTable-header-inner\")]"}
COMMAND: POST /session/cdd305857320dd590ea5bbf59a31d46e/elements - {"using":"xpath","value":"//span[contains(@id ,\"contractItemsSmartTable-header-inner\")]"}
RESULT: {"using":"xpath","value":"//span[contains(@id ,\"contractItemsSmartTable-header-inner\")]"}
COMMAND: POST /session/cdd305857320dd590ea5bbf59a31d46e/execute/sync - {"script":"<script> [56 bytes]","args":[{"element-6066-11e4-a52e-4f735466cecf":"f.492DEA3F6A95B07ADA96E928C4F8A0EF.d.40E79A95F53D3A83A374BB859C28C7BC.e.19397","ELEMENT":"f.492DEA3F6A95B07ADA96E928C4F8A0EF.d.40E79A95F53D3A83A374BB859C28C7BC.e.19397"}]}
RESULT: {"script":"<script> [56 bytes]","args":[{"element-6066-11e4-a52e-4f735466cecf":"f.492DEA3F6A95B07ADA96E928C4F8A0EF.d.40E79A95F53D3A83A374BB859C28C7BC.e.19397","ELEMENT":"f.492DEA3F6A95B07ADA96E928C4F8A0EF.d.40E79A95F53D3A83A374BB859C28C7BC.e.19397"}]}
]]></system-out>
    </testcase>
    <testcase classname="chrome.136_0_7103_93.windows.Provide_to_Site_w/o_warehouse_management_w/o_clarification" name="Should do provide to site" time="143.346">
      <system-out><![CDATA[
COMMAND: POST /session/cdd305857320dd590ea5bbf59a31d46e/element - {"using":"xpath","value":"//button[@data-kt=\"provideButton\"]"}
COMMAND: GET /session/cdd305857320dd590ea5bbf59a31d46e/screenshot - {}
RESULT: {"using":"xpath","value":"//button[@data-kt=\"provideButton\"]"}
COMMAND: POST /session/cdd305857320dd590ea5bbf59a31d46e/element/f.492DEA3F6A95B07ADA96E928C4F8A0EF.d.40E79A95F53D3A83A374BB859C28C7BC.e.19398/click - {}
RESULT: {}
RESULT: {}
COMMAND: GET /session/cdd305857320dd590ea5bbf59a31d46e/screenshot - {}
RESULT: {}
COMMAND: POST /session/cdd305857320dd590ea5bbf59a31d46e/element - {"using":"xpath","value":"(//div[contains(@id, \"application-managehandovers-display-component---AddNewHO--oneStep-CbBg\")])"}
RESULT: {"using":"xpath","value":"(//div[contains(@id, \"application-managehandovers-display-component---AddNewHO--oneStep-CbBg\")])"}
COMMAND: POST /session/cdd305857320dd590ea5bbf59a31d46e/element - {"using":"xpath","value":"(//div[contains(@id, \"application-managehandovers-display-component---AddNewHO--oneStep-CbBg\")])/input"}
RESULT: {"using":"xpath","value":"(//div[contains(@id, \"application-managehandovers-display-component---AddNewHO--oneStep-CbBg\")])/input"}
COMMAND: GET /session/cdd305857320dd590ea5bbf59a31d46e/element/f.492DEA3F6A95B07ADA96E928C4F8A0EF.d.40E79A95F53D3A83A374BB859C28C7BC.e.19478/attribute/checked - {}
RESULT: {}
RESULT: undefined
COMMAND: POST /session/cdd305857320dd590ea5bbf59a31d46e/execute/async - {"script":"<script> [6424 bytes]","args":[{"element-6066-11e4-a52e-4f735466cecf":"f.492DEA3F6A95B07ADA96E928C4F8A0EF.d.40E79A95F53D3A83A374BB859C28C7BC.e.18300"},"setValue",["05/27/25"]]}
COMMAND: POST /session/cdd305857320dd590ea5bbf59a31d46e/element/f.492DEA3F6A95B07ADA96E928C4F8A0EF.d.40E79A95F53D3A83A374BB859C28C7BC.e.19712/click - {}
RESULT: {}
COMMAND: GET /session/cdd305857320dd590ea5bbf59a31d46e/screenshot - {}
COMMAND: POST /session/cdd305857320dd590ea5bbf59a31d46e/execute/async - {"script":"<script> [1562 bytes]","args":[{"selector":{"id":"application-managehandovers-display-component---AddNewHO--dueDate","interaction":{"idSuffix":"inner"}},"wdio_ui5_key":"applicationmanagehandovers-display-component---AddNewHO--dueDate"}]}
RESULT: {}
RESULT: {"script":"<script> [1562 bytes]","args":[{"selector":{"id":"application-managehandovers-display-component---AddNewHO--dueDate","interaction":{"idSuffix":"inner"}},"wdio_ui5_key":"applicationmanagehandovers-display-component---AddNewHO--dueDate"}]}
COMMAND: POST /session/cdd305857320dd590ea5bbf59a31d46e/execute/async - {"script":"<script> [6424 bytes]","args":[{"element-6066-11e4-a52e-4f735466cecf":"f.492DEA3F6A95B07ADA96E928C4F8A0EF.d.40E79A95F53D3A83A374BB859C28C7BC.e.19474"},"setValue",["05/27/25"]]}
RESULT: {"script":"<script> [6424 bytes]","args":[{"element-6066-11e4-a52e-4f735466cecf":"f.492DEA3F6A95B07ADA96E928C4F8A0EF.d.40E79A95F53D3A83A374BB859C28C7BC.e.19474"},"setValue",["05/27/25"]]}
COMMAND: POST /session/cdd305857320dd590ea5bbf59a31d46e/element - {"using":"xpath","value":"//bdi[contains(text(), \"Instructions\")]"}
RESULT: {"using":"xpath","value":"//bdi[contains(text(), \"Instructions\")]"}
COMMAND: POST /session/cdd305857320dd590ea5bbf59a31d46e/element/f.492DEA3F6A95B07ADA96E928C4F8A0EF.d.40E79A95F53D3A83A374BB859C28C7BC.e.19714/click - {}
RESULT: {}
COMMAND: GET /session/cdd305857320dd590ea5bbf59a31d46e/screenshot - {}
RESULT: {}
COMMAND: POST /session/cdd305857320dd590ea5bbf59a31d46e/element - {"using":"xpath","value":"//button[@data-kt=\"AddNewHOProvideAddItemsButton\"]"}
RESULT: {"using":"xpath","value":"//button[@data-kt=\"AddNewHOProvideAddItemsButton\"]"}
COMMAND: POST /session/cdd305857320dd590ea5bbf59a31d46e/element/f.492DEA3F6A95B07ADA96E928C4F8A0EF.d.40E79A95F53D3A83A374BB859C28C7BC.e.19718/click - {}
RESULT: {}
COMMAND: GET /session/cdd305857320dd590ea5bbf59a31d46e/screenshot - {}
RESULT: {}
RESULT: undefined
COMMAND: POST /session/cdd305857320dd590ea5bbf59a31d46e/element - {"using":"xpath","value":"//*[@id=\"application-managehandovers-display-component---AddNewHO--popup-sa\"]"}
RESULT: {"using":"xpath","value":"//*[@id=\"application-managehandovers-display-component---AddNewHO--popup-sa\"]"}
COMMAND: POST /session/cdd305857320dd590ea5bbf59a31d46e/element/f.492DEA3F6A95B07ADA96E928C4F8A0EF.d.40E79A95F53D3A83A374BB859C28C7BC.e.19727/click - {}
RESULT: {}
COMMAND: GET /session/cdd305857320dd590ea5bbf59a31d46e/screenshot - {}
RESULT: {}
COMMAND: POST /session/cdd305857320dd590ea5bbf59a31d46e/element - {"using":"xpath","value":"//*[contains(@id ,\"BDI-content\")][contains(text(), \"Select\")]"}
RESULT: {"using":"xpath","value":"//*[contains(@id ,\"BDI-content\")][contains(text(), \"Select\")]"}
COMMAND: POST /session/cdd305857320dd590ea5bbf59a31d46e/element/f.492DEA3F6A95B07ADA96E928C4F8A0EF.d.40E79A95F53D3A83A374BB859C28C7BC.e.19729/click - {}
RESULT: {}
COMMAND: GET /session/cdd305857320dd590ea5bbf59a31d46e/screenshot - {}
RESULT: {}
COMMAND: POST /session/cdd305857320dd590ea5bbf59a31d46e/execute/async - {"script":"<script> [1562 bytes]","args":[{"selector":{"id":"application-managehandovers-display-component---AddNewHO--confirmCreationButton","interaction":{"idSuffix":"BDI-content"}},"wdio_ui5_key":"applicationmanagehandovers-display-component---AddNewHO--confirmCreationButton"}]}
RESULT: {"script":"<script> [1562 bytes]","args":[{"selector":{"id":"application-managehandovers-display-component---AddNewHO--confirmCreationButton","interaction":{"idSuffix":"BDI-content"}},"wdio_ui5_key":"applicationmanagehandovers-display-component---AddNewHO--confirmCreationButton"}]}
RESULT: undefined
COMMAND: POST /session/cdd305857320dd590ea5bbf59a31d46e/element - {"using":"xpath","value":"//*[@id=\"application-managehandovers-display-component---AddNewHO--confirmCreationButton\"]"}
RESULT: {"using":"xpath","value":"//*[@id=\"application-managehandovers-display-component---AddNewHO--confirmCreationButton\"]"}
COMMAND: POST /session/cdd305857320dd590ea5bbf59a31d46e/element/f.492DEA3F6A95B07ADA96E928C4F8A0EF.d.40E79A95F53D3A83A374BB859C28C7BC.e.19522/click - {}
RESULT: {}
COMMAND: GET /session/cdd305857320dd590ea5bbf59a31d46e/screenshot - {}
RESULT: {}
COMMAND: POST /session/cdd305857320dd590ea5bbf59a31d46e/execute/async - {"script":"<script> [1562 bytes]","args":[{"selector":{"id":"issueDatePicker","viewName":"etm.portal.ui.managehandovers.view.DetailExecuteHO","interaction":{"idSuffix":"inner"}},"wdio_ui5_key":"issueDatePickeretmportal.ui.managehandovers.view.DetailExecuteHO"}]}
RESULT: {"script":"<script> [1562 bytes]","args":[{"selector":{"id":"issueDatePicker","viewName":"etm.portal.ui.managehandovers.view.DetailExecuteHO","interaction":{"idSuffix":"inner"}},"wdio_ui5_key":"issueDatePickeretmportal.ui.managehandovers.view.DetailExecuteHO"}]}
RESULT: undefined
COMMAND: POST /session/cdd305857320dd590ea5bbf59a31d46e/execute/async - {"script":"<script> [776 bytes]","args":[{"enterText":"5/27/25","selector":{"id":"issueDatePicker","viewName":"etm.portal.ui.managehandovers.view.DetailExecuteHO","interaction":{"idSuffix":"inner"}},"clearTextFirst":true,"interactionType":"ENTER_TEXT"}]}
RESULT: {"script":"<script> [776 bytes]","args":[{"enterText":"5/27/25","selector":{"id":"issueDatePicker","viewName":"etm.portal.ui.managehandovers.view.DetailExecuteHO","interaction":{"idSuffix":"inner"}},"clearTextFirst":true,"interactionType":"ENTER_TEXT"}]}
COMMAND: POST /session/cdd305857320dd590ea5bbf59a31d46e/element - {"using":"xpath","value":"//button[@data-kt=\"PickingTableConfirmAllButton\"]"}
RESULT: {"using":"xpath","value":"//button[@data-kt=\"PickingTableConfirmAllButton\"]"}
COMMAND: POST /session/cdd305857320dd590ea5bbf59a31d46e/element/f.492DEA3F6A95B07ADA96E928C4F8A0EF.d.40E79A95F53D3A83A374BB859C28C7BC.e.19786/click - {}
RESULT: {}
COMMAND: GET /session/cdd305857320dd590ea5bbf59a31d46e/screenshot - {}
RESULT: {}
COMMAND: POST /session/cdd305857320dd590ea5bbf59a31d46e/element - {"using":"xpath","value":"//bdi[contains(text(), \"OK\")]"}
RESULT: {"using":"xpath","value":"//bdi[contains(text(), \"OK\")]"}
COMMAND: POST /session/cdd305857320dd590ea5bbf59a31d46e/element/f.492DEA3F6A95B07ADA96E928C4F8A0EF.d.40E79A95F53D3A83A374BB859C28C7BC.e.19789/click - {}
RESULT: {}
COMMAND: GET /session/cdd305857320dd590ea5bbf59a31d46e/screenshot - {}
RESULT: {}
COMMAND: POST /session/cdd305857320dd590ea5bbf59a31d46e/element - {"using":"xpath","value":"//button[@data-kt=\"execHoPickButton\"]"}
RESULT: {"using":"xpath","value":"//button[@data-kt=\"execHoPickButton\"]"}
COMMAND: POST /session/cdd305857320dd590ea5bbf59a31d46e/element/f.492DEA3F6A95B07ADA96E928C4F8A0EF.d.40E79A95F53D3A83A374BB859C28C7BC.e.19791/click - {}
RESULT: {}
COMMAND: GET /session/cdd305857320dd590ea5bbf59a31d46e/screenshot - {}
RESULT: {}
COMMAND: POST /session/cdd305857320dd590ea5bbf59a31d46e/element - {"using":"xpath","value":"//span[contains(@id ,\"filterItemControl_BASIC-RECEIVE_CONTRACT-vhi\")]"}
RESULT: {"using":"xpath","value":"//span[contains(@id ,\"filterItemControl_BASIC-RECEIVE_CONTRACT-vhi\")]"}
COMMAND: POST /session/cdd305857320dd590ea5bbf59a31d46e/element/f.492DEA3F6A95B07ADA96E928C4F8A0EF.d.40E79A95F53D3A83A374BB859C28C7BC.e.20076/click - {}
RESULT: {}
COMMAND: GET /session/cdd305857320dd590ea5bbf59a31d46e/screenshot - {}
RESULT: {}
COMMAND: POST /session/cdd305857320dd590ea5bbf59a31d46e/execute/async - {"script":"<script> [1562 bytes]","args":[{"selector":{"controlType":"sap.m.SearchField","viewName":"etm.portal.ui.managehandovers.view.MasterHO","bindingPath":{"path":"","propertyPath":"/_BASIC_SEARCH_FIELD","modelName":"fi1t3rM0d31"},"searchOpenDialogs":true,"interaction":{"idSuffix":"I"}},"wdio_ui5_key":"etmportal.ui.managehandovers.view.MasterHOsap.m.SearchField{\"path\":\"\",\"propertyPath\":\"/_BASIC_SEARCH_FIELD\",\"modelName\":\"fi1t3rM0d31\"}"}]}
RESULT: {"script":"<script> [1562 bytes]","args":[{"selector":{"controlType":"sap.m.SearchField","viewName":"etm.portal.ui.managehandovers.view.MasterHO","bindingPath":{"path":"","propertyPath":"/_BASIC_SEARCH_FIELD","modelName":"fi1t3rM0d31"},"searchOpenDialogs":true,"interaction":{"idSuffix":"I"}},"wdio_ui5_key":"etmportal.ui.managehandovers.view.MasterHOsap.m.SearchField{\"path\":\"\",\"propertyPath\":\"/_BASIC_SEARCH_FIELD\",\"modelName\":\"fi1t3rM0d31\"}"}]}
RESULT: undefined
COMMAND: POST /session/cdd305857320dd590ea5bbf59a31d46e/execute/async - {"script":"<script> [776 bytes]","args":[{"enterText":"10313","selector":{"controlType":"sap.m.SearchField","viewName":"etm.portal.ui.managehandovers.view.MasterHO","bindingPath":{"path":"","propertyPath":"/_BASIC_SEARCH_FIELD","modelName":"fi1t3rM0d31"},"searchOpenDialogs":true,"interaction":{"idSuffix":"I"}},"clearTextFirst":true,"interactionType":"ENTER_TEXT"}]}
RESULT: {"script":"<script> [776 bytes]","args":[{"enterText":"10313","selector":{"controlType":"sap.m.SearchField","viewName":"etm.portal.ui.managehandovers.view.MasterHO","bindingPath":{"path":"","propertyPath":"/_BASIC_SEARCH_FIELD","modelName":"fi1t3rM0d31"},"searchOpenDialogs":true,"interaction":{"idSuffix":"I"}},"clearTextFirst":true,"interactionType":"ENTER_TEXT"}]}
COMMAND: POST /session/cdd305857320dd590ea5bbf59a31d46e/actions - {"actions":[{"id":"action59","type":"key","parameters":{},"actions":[{"type":"keyDown","value":""},{"type":"pause","duration":10},{"type":"keyUp","value":""}]}]}
RESULT: {"actions":[{"id":"action59","type":"key","parameters":{},"actions":[{"type":"keyDown","value":""},{"type":"pause","duration":10},{"type":"keyUp","value":""}]}]}
COMMAND: GET /session/cdd305857320dd590ea5bbf59a31d46e/screenshot - {}
RESULT: {}
COMMAND: POST /session/cdd305857320dd590ea5bbf59a31d46e/element - {"using":"xpath","value":"//div[contains(@id, 'filterItemControl_BASIC-RECEIVE_CONTRACT-valueHelpDialog-table-rowsel0')]"}
RESULT: {"using":"xpath","value":"//div[contains(@id, 'filterItemControl_BASIC-RECEIVE_CONTRACT-valueHelpDialog-table-rowsel0')]"}
COMMAND: POST /session/cdd305857320dd590ea5bbf59a31d46e/element/f.492DEA3F6A95B07ADA96E928C4F8A0EF.d.40E79A95F53D3A83A374BB859C28C7BC.e.20085/click - {}
RESULT: {}
COMMAND: GET /session/cdd305857320dd590ea5bbf59a31d46e/screenshot - {}
RESULT: {}
COMMAND: POST /session/cdd305857320dd590ea5bbf59a31d46e/element - {"using":"xpath","value":"//bdi[contains(text(), \"OK\")]"}
RESULT: {"using":"xpath","value":"//bdi[contains(text(), \"OK\")]"}
COMMAND: POST /session/cdd305857320dd590ea5bbf59a31d46e/element/f.492DEA3F6A95B07ADA96E928C4F8A0EF.d.40E79A95F53D3A83A374BB859C28C7BC.e.20087/click - {}
RESULT: {}
COMMAND: GET /session/cdd305857320dd590ea5bbf59a31d46e/screenshot - {}
RESULT: {}
COMMAND: POST /session/cdd305857320dd590ea5bbf59a31d46e/element - {"using":"xpath","value":"//span[contains(@id, \"smartTable-header-inner\")]"}
RESULT: {"using":"xpath","value":"//span[contains(@id, \"smartTable-header-inner\")]"}
COMMAND: POST /session/cdd305857320dd590ea5bbf59a31d46e/elements - {"using":"xpath","value":"//span[contains(@id, \"smartTable-header-inner\")]"}
RESULT: {"using":"xpath","value":"//span[contains(@id, \"smartTable-header-inner\")]"}
COMMAND: POST /session/cdd305857320dd590ea5bbf59a31d46e/execute/sync - {"script":"<script> [56 bytes]","args":[{"element-6066-11e4-a52e-4f735466cecf":"f.492DEA3F6A95B07ADA96E928C4F8A0EF.d.40E79A95F53D3A83A374BB859C28C7BC.e.20115","ELEMENT":"f.492DEA3F6A95B07ADA96E928C4F8A0EF.d.40E79A95F53D3A83A374BB859C28C7BC.e.20115"}]}
RESULT: {"script":"<script> [56 bytes]","args":[{"element-6066-11e4-a52e-4f735466cecf":"f.492DEA3F6A95B07ADA96E928C4F8A0EF.d.40E79A95F53D3A83A374BB859C28C7BC.e.20115","ELEMENT":"f.492DEA3F6A95B07ADA96E928C4F8A0EF.d.40E79A95F53D3A83A374BB859C28C7BC.e.20115"}]}
COMMAND: POST /session/cdd305857320dd590ea5bbf59a31d46e/element - {"using":"xpath","value":"//table[contains(@id, \"customHandovers\")]//tbody/tr[1]/td[2]/span"}
COMMAND: GET /session/cdd305857320dd590ea5bbf59a31d46e/screenshot - {}
RESULT: {"using":"xpath","value":"//table[contains(@id, \"customHandovers\")]//tbody/tr[1]/td[2]/span"}
COMMAND: POST /session/cdd305857320dd590ea5bbf59a31d46e/execute/sync - {"script":"<script> [56 bytes]","args":[{"element-6066-11e4-a52e-4f735466cecf":"f.492DEA3F6A95B07ADA96E928C4F8A0EF.d.40E79A95F53D3A83A374BB859C28C7BC.e.20116","ELEMENT":"f.492DEA3F6A95B07ADA96E928C4F8A0EF.d.40E79A95F53D3A83A374BB859C28C7BC.e.20116"}]}
RESULT: {}
RESULT: {"script":"<script> [56 bytes]","args":[{"element-6066-11e4-a52e-4f735466cecf":"f.492DEA3F6A95B07ADA96E928C4F8A0EF.d.40E79A95F53D3A83A374BB859C28C7BC.e.20116","ELEMENT":"f.492DEA3F6A95B07ADA96E928C4F8A0EF.d.40E79A95F53D3A83A374BB859C28C7BC.e.20116"}]}
COMMAND: POST /session/cdd305857320dd590ea5bbf59a31d46e/element - {"using":"xpath","value":"(//span[contains(@id, \"imgNav\")])[1]"}
COMMAND: GET /session/cdd305857320dd590ea5bbf59a31d46e/screenshot - {}
RESULT: {"using":"xpath","value":"(//span[contains(@id, \"imgNav\")])[1]"}
COMMAND: POST /session/cdd305857320dd590ea5bbf59a31d46e/element/f.492DEA3F6A95B07ADA96E928C4F8A0EF.d.40E79A95F53D3A83A374BB859C28C7BC.e.20112/click - {}
RESULT: {}
RESULT: {}
COMMAND: GET /session/cdd305857320dd590ea5bbf59a31d46e/screenshot - {}
RESULT: {}
RESULT: undefined
COMMAND: POST /session/cdd305857320dd590ea5bbf59a31d46e/execute/async - {"script":"<script> [776 bytes]","args":[{"enterText":"5/27/25","selector":{"id":"issueDatePicker","viewName":"etm.portal.ui.managehandovers.view.DetailExecuteHO","interaction":{"idSuffix":"inner"}},"clearTextFirst":true,"interactionType":"ENTER_TEXT"}]}
RESULT: {"script":"<script> [776 bytes]","args":[{"enterText":"5/27/25","selector":{"id":"issueDatePicker","viewName":"etm.portal.ui.managehandovers.view.DetailExecuteHO","interaction":{"idSuffix":"inner"}},"clearTextFirst":true,"interactionType":"ENTER_TEXT"}]}
COMMAND: POST /session/cdd305857320dd590ea5bbf59a31d46e/element - {"using":"xpath","value":"//button[@data-kt=\"IssuingTableConfirmAllButton\"]"}
RESULT: {"using":"xpath","value":"//button[@data-kt=\"IssuingTableConfirmAllButton\"]"}
COMMAND: POST /session/cdd305857320dd590ea5bbf59a31d46e/element/f.492DEA3F6A95B07ADA96E928C4F8A0EF.d.40E79A95F53D3A83A374BB859C28C7BC.e.20157/click - {}
RESULT: {}
COMMAND: GET /session/cdd305857320dd590ea5bbf59a31d46e/screenshot - {}
RESULT: {}
COMMAND: POST /session/cdd305857320dd590ea5bbf59a31d46e/element - {"using":"xpath","value":"//bdi[contains(text(), \"OK\")]"}
RESULT: {"using":"xpath","value":"//bdi[contains(text(), \"OK\")]"}
COMMAND: POST /session/cdd305857320dd590ea5bbf59a31d46e/element/f.492DEA3F6A95B07ADA96E928C4F8A0EF.d.40E79A95F53D3A83A374BB859C28C7BC.e.20173/click - {}
RESULT: {}
COMMAND: GET /session/cdd305857320dd590ea5bbf59a31d46e/screenshot - {}
RESULT: {}
COMMAND: POST /session/cdd305857320dd590ea5bbf59a31d46e/element - {"using":"xpath","value":"//button[@data-kt=\"execHoIssueButton\"]"}
RESULT: {"using":"xpath","value":"//button[@data-kt=\"execHoIssueButton\"]"}
COMMAND: POST /session/cdd305857320dd590ea5bbf59a31d46e/element/f.492DEA3F6A95B07ADA96E928C4F8A0EF.d.40E79A95F53D3A83A374BB859C28C7BC.e.20175/click - {}
RESULT: {}
COMMAND: GET /session/cdd305857320dd590ea5bbf59a31d46e/screenshot - {}
RESULT: {}
COMMAND: POST /session/cdd305857320dd590ea5bbf59a31d46e/element - {"using":"xpath","value":"//input[contains(@id ,\"smartFilterBar-btnBasicSearch-I\")]"}
RESULT: {"using":"xpath","value":"//input[contains(@id ,\"smartFilterBar-btnBasicSearch-I\")]"}
COMMAND: POST /session/cdd305857320dd590ea5bbf59a31d46e/elements - {"using":"xpath","value":"//input[contains(@id ,\"smartFilterBar-btnBasicSearch-I\")]"}
RESULT: {"using":"xpath","value":"//input[contains(@id ,\"smartFilterBar-btnBasicSearch-I\")]"}
COMMAND: POST /session/cdd305857320dd590ea5bbf59a31d46e/execute/sync - {"script":"<script> [8489 bytes]","args":[{"element-6066-11e4-a52e-4f735466cecf":"f.492DEA3F6A95B07ADA96E928C4F8A0EF.d.40E79A95F53D3A83A374BB859C28C7BC.e.19473","ELEMENT":"f.492DEA3F6A95B07ADA96E928C4F8A0EF.d.40E79A95F53D3A83A374BB859C28C7BC.e.19473"}]}
RESULT: {"script":"<script> [8489 bytes]","args":[{"element-6066-11e4-a52e-4f735466cecf":"f.492DEA3F6A95B07ADA96E928C4F8A0EF.d.40E79A95F53D3A83A374BB859C28C7BC.e.19473","ELEMENT":"f.492DEA3F6A95B07ADA96E928C4F8A0EF.d.40E79A95F53D3A83A374BB859C28C7BC.e.19473"}]}
COMMAND: GET /session/cdd305857320dd590ea5bbf59a31d46e/element/f.492DEA3F6A95B07ADA96E928C4F8A0EF.d.40E79A95F53D3A83A374BB859C28C7BC.e.19473/enabled - {}
COMMAND: GET /session/cdd305857320dd590ea5bbf59a31d46e/screenshot - {}
RESULT: {}
COMMAND: POST /session/cdd305857320dd590ea5bbf59a31d46e/element/f.492DEA3F6A95B07ADA96E928C4F8A0EF.d.40E79A95F53D3A83A374BB859C28C7BC.e.19473/clear - {}
COMMAND: GET /session/cdd305857320dd590ea5bbf59a31d46e/screenshot - {}
RESULT: {}
RESULT: {}
COMMAND: POST /session/cdd305857320dd590ea5bbf59a31d46e/element/f.492DEA3F6A95B07ADA96E928C4F8A0EF.d.40E79A95F53D3A83A374BB859C28C7BC.e.19473/value - {"text":"30682"}
COMMAND: GET /session/cdd305857320dd590ea5bbf59a31d46e/screenshot - {}
RESULT: {}
RESULT: {"text":"30682"}
COMMAND: GET /session/cdd305857320dd590ea5bbf59a31d46e/screenshot - {}
RESULT: {}
RESULT: {}
COMMAND: POST /session/cdd305857320dd590ea5bbf59a31d46e/actions - {"actions":[{"id":"action60","type":"key","parameters":{},"actions":[{"type":"keyDown","value":""},{"type":"pause","duration":10},{"type":"keyUp","value":""}]}]}
RESULT: {"actions":[{"id":"action60","type":"key","parameters":{},"actions":[{"type":"keyDown","value":""},{"type":"pause","duration":10},{"type":"keyUp","value":""}]}]}
COMMAND: GET /session/cdd305857320dd590ea5bbf59a31d46e/screenshot - {}
RESULT: {}
COMMAND: POST /session/cdd305857320dd590ea5bbf59a31d46e/element - {"using":"xpath","value":"//span[contains(@id, \"smartTable-header-inner\")]"}
RESULT: {"using":"xpath","value":"//span[contains(@id, \"smartTable-header-inner\")]"}
COMMAND: POST /session/cdd305857320dd590ea5bbf59a31d46e/elements - {"using":"xpath","value":"//span[contains(@id, \"smartTable-header-inner\")]"}
RESULT: {"using":"xpath","value":"//span[contains(@id, \"smartTable-header-inner\")]"}
COMMAND: POST /session/cdd305857320dd590ea5bbf59a31d46e/execute/sync - {"script":"<script> [56 bytes]","args":[{"element-6066-11e4-a52e-4f735466cecf":"f.492DEA3F6A95B07ADA96E928C4F8A0EF.d.40E79A95F53D3A83A374BB859C28C7BC.e.20115","ELEMENT":"f.492DEA3F6A95B07ADA96E928C4F8A0EF.d.40E79A95F53D3A83A374BB859C28C7BC.e.20115"}]}
RESULT: {"script":"<script> [56 bytes]","args":[{"element-6066-11e4-a52e-4f735466cecf":"f.492DEA3F6A95B07ADA96E928C4F8A0EF.d.40E79A95F53D3A83A374BB859C28C7BC.e.20115","ELEMENT":"f.492DEA3F6A95B07ADA96E928C4F8A0EF.d.40E79A95F53D3A83A374BB859C28C7BC.e.20115"}]}
COMMAND: POST /session/cdd305857320dd590ea5bbf59a31d46e/elements - {"using":"xpath","value":"//thead[contains(@class, \"sapMTableTH\")]/tr/th"}
COMMAND: GET /session/cdd305857320dd590ea5bbf59a31d46e/screenshot - {}
RESULT: {"using":"xpath","value":"//thead[contains(@class, \"sapMTableTH\")]/tr/th"}
COMMAND: GET /session/cdd305857320dd590ea5bbf59a31d46e/element/f.492DEA3F6A95B07ADA96E928C4F8A0EF.d.40E79A95F53D3A83A374BB859C28C7BC.e.20213/text - {}
RESULT: {}
RESULT: {}
COMMAND: GET /session/cdd305857320dd590ea5bbf59a31d46e/element/f.492DEA3F6A95B07ADA96E928C4F8A0EF.d.40E79A95F53D3A83A374BB859C28C7BC.e.20214/text - {}
RESULT: {}
COMMAND: GET /session/cdd305857320dd590ea5bbf59a31d46e/element/f.492DEA3F6A95B07ADA96E928C4F8A0EF.d.40E79A95F53D3A83A374BB859C28C7BC.e.19467/text - {}
RESULT: {}
COMMAND: GET /session/cdd305857320dd590ea5bbf59a31d46e/element/f.492DEA3F6A95B07ADA96E928C4F8A0EF.d.40E79A95F53D3A83A374BB859C28C7BC.e.19469/text - {}
RESULT: {}
COMMAND: GET /session/cdd305857320dd590ea5bbf59a31d46e/element/f.492DEA3F6A95B07ADA96E928C4F8A0EF.d.40E79A95F53D3A83A374BB859C28C7BC.e.20180/text - {}
RESULT: {}
COMMAND: GET /session/cdd305857320dd590ea5bbf59a31d46e/element/f.492DEA3F6A95B07ADA96E928C4F8A0EF.d.40E79A95F53D3A83A374BB859C28C7BC.e.20181/text - {}
RESULT: {}
COMMAND: GET /session/cdd305857320dd590ea5bbf59a31d46e/element/f.492DEA3F6A95B07ADA96E928C4F8A0EF.d.40E79A95F53D3A83A374BB859C28C7BC.e.20182/text - {}
RESULT: {}
COMMAND: GET /session/cdd305857320dd590ea5bbf59a31d46e/element/f.492DEA3F6A95B07ADA96E928C4F8A0EF.d.40E79A95F53D3A83A374BB859C28C7BC.e.20183/text - {}
RESULT: {}
COMMAND: GET /session/cdd305857320dd590ea5bbf59a31d46e/element/f.492DEA3F6A95B07ADA96E928C4F8A0EF.d.40E79A95F53D3A83A374BB859C28C7BC.e.20184/text - {}
RESULT: {}
COMMAND: GET /session/cdd305857320dd590ea5bbf59a31d46e/element/f.492DEA3F6A95B07ADA96E928C4F8A0EF.d.40E79A95F53D3A83A374BB859C28C7BC.e.20185/text - {}
RESULT: {}
COMMAND: GET /session/cdd305857320dd590ea5bbf59a31d46e/element/f.492DEA3F6A95B07ADA96E928C4F8A0EF.d.40E79A95F53D3A83A374BB859C28C7BC.e.20186/text - {}
RESULT: {}
COMMAND: GET /session/cdd305857320dd590ea5bbf59a31d46e/element/f.492DEA3F6A95B07ADA96E928C4F8A0EF.d.40E79A95F53D3A83A374BB859C28C7BC.e.20187/text - {}
RESULT: {}
COMMAND: GET /session/cdd305857320dd590ea5bbf59a31d46e/element/f.492DEA3F6A95B07ADA96E928C4F8A0EF.d.40E79A95F53D3A83A374BB859C28C7BC.e.20188/text - {}
RESULT: {}
COMMAND: GET /session/cdd305857320dd590ea5bbf59a31d46e/element/f.492DEA3F6A95B07ADA96E928C4F8A0EF.d.40E79A95F53D3A83A374BB859C28C7BC.e.19470/text - {}
RESULT: {}
COMMAND: POST /session/cdd305857320dd590ea5bbf59a31d46e/element - {"using":"xpath","value":"//tbody[contains(@id, \"customHandoversTable-tblBody\")]/tr[1]/td[14]/div/span"}
RESULT: {"using":"xpath","value":"//tbody[contains(@id, \"customHandoversTable-tblBody\")]/tr[1]/td[14]/div/span"}
COMMAND: POST /session/cdd305857320dd590ea5bbf59a31d46e/execute/sync - {"script":"<script> [56 bytes]","args":[{"element-6066-11e4-a52e-4f735466cecf":"f.492DEA3F6A95B07ADA96E928C4F8A0EF.d.40E79A95F53D3A83A374BB859C28C7BC.e.20263","ELEMENT":"f.492DEA3F6A95B07ADA96E928C4F8A0EF.d.40E79A95F53D3A83A374BB859C28C7BC.e.20263"}]}
RESULT: {"script":"<script> [56 bytes]","args":[{"element-6066-11e4-a52e-4f735466cecf":"f.492DEA3F6A95B07ADA96E928C4F8A0EF.d.40E79A95F53D3A83A374BB859C28C7BC.e.20263","ELEMENT":"f.492DEA3F6A95B07ADA96E928C4F8A0EF.d.40E79A95F53D3A83A374BB859C28C7BC.e.20263"}]}
COMMAND: POST /session/cdd305857320dd590ea5bbf59a31d46e/element - {"using":"xpath","value":"(//span[contains(@id, \"imgNav\")])[1]"}
COMMAND: GET /session/cdd305857320dd590ea5bbf59a31d46e/screenshot - {}
RESULT: {"using":"xpath","value":"(//span[contains(@id, \"imgNav\")])[1]"}
COMMAND: POST /session/cdd305857320dd590ea5bbf59a31d46e/element/f.492DEA3F6A95B07ADA96E928C4F8A0EF.d.40E79A95F53D3A83A374BB859C28C7BC.e.20264/click - {}
RESULT: {}
RESULT: {}
COMMAND: GET /session/cdd305857320dd590ea5bbf59a31d46e/screenshot - {}
RESULT: {}
RESULT: undefined
COMMAND: POST /session/cdd305857320dd590ea5bbf59a31d46e/execute/async - {"script":"<script> [776 bytes]","args":[{"enterText":"05/27/25","selector":{"id":"receiptDatePicker","viewName":"etm.portal.ui.managehandovers.view.DetailExecuteHO","interaction":{"idSuffix":"inner"}},"clearTextFirst":true,"interactionType":"ENTER_TEXT"}]}
RESULT: {"script":"<script> [776 bytes]","args":[{"enterText":"05/27/25","selector":{"id":"receiptDatePicker","viewName":"etm.portal.ui.managehandovers.view.DetailExecuteHO","interaction":{"idSuffix":"inner"}},"clearTextFirst":true,"interactionType":"ENTER_TEXT"}]}
COMMAND: POST /session/cdd305857320dd590ea5bbf59a31d46e/element - {"using":"xpath","value":"//bdi[contains(text(), \"OK\")]"}
RESULT: {"using":"xpath","value":"//bdi[contains(text(), \"OK\")]"}
COMMAND: POST /session/cdd305857320dd590ea5bbf59a31d46e/element/f.492DEA3F6A95B07ADA96E928C4F8A0EF.d.40E79A95F53D3A83A374BB859C28C7BC.e.20299/click - {}
RESULT: {}
COMMAND: GET /session/cdd305857320dd590ea5bbf59a31d46e/screenshot - {}
RESULT: {}
COMMAND: POST /session/cdd305857320dd590ea5bbf59a31d46e/element - {"using":"xpath","value":"//button[@data-kt=\"ReceivingTableConfirmAllButton\"]"}
RESULT: {"using":"xpath","value":"//button[@data-kt=\"ReceivingTableConfirmAllButton\"]"}
COMMAND: POST /session/cdd305857320dd590ea5bbf59a31d46e/element/f.492DEA3F6A95B07ADA96E928C4F8A0EF.d.40E79A95F53D3A83A374BB859C28C7BC.e.20283/click - {}
RESULT: {}
COMMAND: GET /session/cdd305857320dd590ea5bbf59a31d46e/screenshot - {}
RESULT: {}
COMMAND: POST /session/cdd305857320dd590ea5bbf59a31d46e/element - {"using":"xpath","value":"//bdi[contains(text(), \"OK\")]"}
RESULT: {"using":"xpath","value":"//bdi[contains(text(), \"OK\")]"}
COMMAND: POST /session/cdd305857320dd590ea5bbf59a31d46e/element/f.492DEA3F6A95B07ADA96E928C4F8A0EF.d.40E79A95F53D3A83A374BB859C28C7BC.e.20308/click - {}
RESULT: {}
COMMAND: GET /session/cdd305857320dd590ea5bbf59a31d46e/screenshot - {}
RESULT: {}
COMMAND: POST /session/cdd305857320dd590ea5bbf59a31d46e/element - {"using":"xpath","value":"//button[@data-kt= \"execHoReceiveButton\"]"}
RESULT: {"using":"xpath","value":"//button[@data-kt= \"execHoReceiveButton\"]"}
COMMAND: POST /session/cdd305857320dd590ea5bbf59a31d46e/element/f.492DEA3F6A95B07ADA96E928C4F8A0EF.d.40E79A95F53D3A83A374BB859C28C7BC.e.20310/click - {}
RESULT: {}
COMMAND: GET /session/cdd305857320dd590ea5bbf59a31d46e/screenshot - {}
RESULT: {}
COMMAND: POST /session/cdd305857320dd590ea5bbf59a31d46e/element - {"using":"xpath","value":"//input[contains(@id ,\"smartFilterBar-btnBasicSearch-I\")]"}
RESULT: {"using":"xpath","value":"//input[contains(@id ,\"smartFilterBar-btnBasicSearch-I\")]"}
COMMAND: POST /session/cdd305857320dd590ea5bbf59a31d46e/elements - {"using":"xpath","value":"//input[contains(@id ,\"smartFilterBar-btnBasicSearch-I\")]"}
RESULT: {"using":"xpath","value":"//input[contains(@id ,\"smartFilterBar-btnBasicSearch-I\")]"}
COMMAND: POST /session/cdd305857320dd590ea5bbf59a31d46e/execute/sync - {"script":"<script> [8489 bytes]","args":[{"element-6066-11e4-a52e-4f735466cecf":"f.492DEA3F6A95B07ADA96E928C4F8A0EF.d.40E79A95F53D3A83A374BB859C28C7BC.e.19473","ELEMENT":"f.492DEA3F6A95B07ADA96E928C4F8A0EF.d.40E79A95F53D3A83A374BB859C28C7BC.e.19473"}]}
RESULT: {"script":"<script> [8489 bytes]","args":[{"element-6066-11e4-a52e-4f735466cecf":"f.492DEA3F6A95B07ADA96E928C4F8A0EF.d.40E79A95F53D3A83A374BB859C28C7BC.e.19473","ELEMENT":"f.492DEA3F6A95B07ADA96E928C4F8A0EF.d.40E79A95F53D3A83A374BB859C28C7BC.e.19473"}]}
COMMAND: GET /session/cdd305857320dd590ea5bbf59a31d46e/element/f.492DEA3F6A95B07ADA96E928C4F8A0EF.d.40E79A95F53D3A83A374BB859C28C7BC.e.19473/enabled - {}
COMMAND: GET /session/cdd305857320dd590ea5bbf59a31d46e/screenshot - {}
RESULT: {}
COMMAND: POST /session/cdd305857320dd590ea5bbf59a31d46e/element/f.492DEA3F6A95B07ADA96E928C4F8A0EF.d.40E79A95F53D3A83A374BB859C28C7BC.e.19473/clear - {}
COMMAND: GET /session/cdd305857320dd590ea5bbf59a31d46e/screenshot - {}
RESULT: {}
RESULT: {}
COMMAND: POST /session/cdd305857320dd590ea5bbf59a31d46e/element/f.492DEA3F6A95B07ADA96E928C4F8A0EF.d.40E79A95F53D3A83A374BB859C28C7BC.e.19473/value - {"text":"30682"}
COMMAND: GET /session/cdd305857320dd590ea5bbf59a31d46e/screenshot - {}
RESULT: {}
RESULT: {"text":"30682"}
COMMAND: GET /session/cdd305857320dd590ea5bbf59a31d46e/screenshot - {}
RESULT: {}
RESULT: {}
COMMAND: POST /session/cdd305857320dd590ea5bbf59a31d46e/actions - {"actions":[{"id":"action61","type":"key","parameters":{},"actions":[{"type":"keyDown","value":""},{"type":"pause","duration":10},{"type":"keyUp","value":""}]}]}
RESULT: {"actions":[{"id":"action61","type":"key","parameters":{},"actions":[{"type":"keyDown","value":""},{"type":"pause","duration":10},{"type":"keyUp","value":""}]}]}
COMMAND: GET /session/cdd305857320dd590ea5bbf59a31d46e/screenshot - {}
RESULT: {}
COMMAND: POST /session/cdd305857320dd590ea5bbf59a31d46e/element - {"using":"xpath","value":"//span[contains(@id, \"smartTable-header-inner\")]"}
RESULT: {"using":"xpath","value":"//span[contains(@id, \"smartTable-header-inner\")]"}
COMMAND: POST /session/cdd305857320dd590ea5bbf59a31d46e/elements - {"using":"xpath","value":"//span[contains(@id, \"smartTable-header-inner\")]"}
RESULT: {"using":"xpath","value":"//span[contains(@id, \"smartTable-header-inner\")]"}
COMMAND: POST /session/cdd305857320dd590ea5bbf59a31d46e/execute/sync - {"script":"<script> [56 bytes]","args":[{"element-6066-11e4-a52e-4f735466cecf":"f.492DEA3F6A95B07ADA96E928C4F8A0EF.d.40E79A95F53D3A83A374BB859C28C7BC.e.20115","ELEMENT":"f.492DEA3F6A95B07ADA96E928C4F8A0EF.d.40E79A95F53D3A83A374BB859C28C7BC.e.20115"}]}
RESULT: {"script":"<script> [56 bytes]","args":[{"element-6066-11e4-a52e-4f735466cecf":"f.492DEA3F6A95B07ADA96E928C4F8A0EF.d.40E79A95F53D3A83A374BB859C28C7BC.e.20115","ELEMENT":"f.492DEA3F6A95B07ADA96E928C4F8A0EF.d.40E79A95F53D3A83A374BB859C28C7BC.e.20115"}]}
COMMAND: POST /session/cdd305857320dd590ea5bbf59a31d46e/elements - {"using":"xpath","value":"//thead[contains(@class, \"sapMTableTH\")]/tr/th"}
COMMAND: GET /session/cdd305857320dd590ea5bbf59a31d46e/screenshot - {}
RESULT: {"using":"xpath","value":"//thead[contains(@class, \"sapMTableTH\")]/tr/th"}
COMMAND: GET /session/cdd305857320dd590ea5bbf59a31d46e/element/f.492DEA3F6A95B07ADA96E928C4F8A0EF.d.40E79A95F53D3A83A374BB859C28C7BC.e.20213/text - {}
RESULT: {}
RESULT: {}
COMMAND: GET /session/cdd305857320dd590ea5bbf59a31d46e/element/f.492DEA3F6A95B07ADA96E928C4F8A0EF.d.40E79A95F53D3A83A374BB859C28C7BC.e.20214/text - {}
RESULT: {}
COMMAND: GET /session/cdd305857320dd590ea5bbf59a31d46e/element/f.492DEA3F6A95B07ADA96E928C4F8A0EF.d.40E79A95F53D3A83A374BB859C28C7BC.e.19467/text - {}
RESULT: {}
COMMAND: GET /session/cdd305857320dd590ea5bbf59a31d46e/element/f.492DEA3F6A95B07ADA96E928C4F8A0EF.d.40E79A95F53D3A83A374BB859C28C7BC.e.19469/text - {}
RESULT: {}
COMMAND: GET /session/cdd305857320dd590ea5bbf59a31d46e/element/f.492DEA3F6A95B07ADA96E928C4F8A0EF.d.40E79A95F53D3A83A374BB859C28C7BC.e.20315/text - {}
RESULT: {}
COMMAND: GET /session/cdd305857320dd590ea5bbf59a31d46e/element/f.492DEA3F6A95B07ADA96E928C4F8A0EF.d.40E79A95F53D3A83A374BB859C28C7BC.e.20316/text - {}
RESULT: {}
COMMAND: GET /session/cdd305857320dd590ea5bbf59a31d46e/element/f.492DEA3F6A95B07ADA96E928C4F8A0EF.d.40E79A95F53D3A83A374BB859C28C7BC.e.20317/text - {}
RESULT: {}
COMMAND: GET /session/cdd305857320dd590ea5bbf59a31d46e/element/f.492DEA3F6A95B07ADA96E928C4F8A0EF.d.40E79A95F53D3A83A374BB859C28C7BC.e.20318/text - {}
RESULT: {}
COMMAND: GET /session/cdd305857320dd590ea5bbf59a31d46e/element/f.492DEA3F6A95B07ADA96E928C4F8A0EF.d.40E79A95F53D3A83A374BB859C28C7BC.e.20319/text - {}
RESULT: {}
COMMAND: GET /session/cdd305857320dd590ea5bbf59a31d46e/element/f.492DEA3F6A95B07ADA96E928C4F8A0EF.d.40E79A95F53D3A83A374BB859C28C7BC.e.20320/text - {}
RESULT: {}
COMMAND: GET /session/cdd305857320dd590ea5bbf59a31d46e/element/f.492DEA3F6A95B07ADA96E928C4F8A0EF.d.40E79A95F53D3A83A374BB859C28C7BC.e.20321/text - {}
RESULT: {}
COMMAND: GET /session/cdd305857320dd590ea5bbf59a31d46e/element/f.492DEA3F6A95B07ADA96E928C4F8A0EF.d.40E79A95F53D3A83A374BB859C28C7BC.e.20322/text - {}
RESULT: {}
COMMAND: GET /session/cdd305857320dd590ea5bbf59a31d46e/element/f.492DEA3F6A95B07ADA96E928C4F8A0EF.d.40E79A95F53D3A83A374BB859C28C7BC.e.20323/text - {}
RESULT: {}
COMMAND: GET /session/cdd305857320dd590ea5bbf59a31d46e/element/f.492DEA3F6A95B07ADA96E928C4F8A0EF.d.40E79A95F53D3A83A374BB859C28C7BC.e.19470/text - {}
RESULT: {}
COMMAND: POST /session/cdd305857320dd590ea5bbf59a31d46e/element - {"using":"xpath","value":"//tbody[contains(@id, \"customHandoversTable-tblBody\")]/tr[1]/td[14]/div/span"}
RESULT: {"using":"xpath","value":"//tbody[contains(@id, \"customHandoversTable-tblBody\")]/tr[1]/td[14]/div/span"}
COMMAND: POST /session/cdd305857320dd590ea5bbf59a31d46e/execute/sync - {"script":"<script> [56 bytes]","args":[{"element-6066-11e4-a52e-4f735466cecf":"f.492DEA3F6A95B07ADA96E928C4F8A0EF.d.40E79A95F53D3A83A374BB859C28C7BC.e.20367","ELEMENT":"f.492DEA3F6A95B07ADA96E928C4F8A0EF.d.40E79A95F53D3A83A374BB859C28C7BC.e.20367"}]}
RESULT: {"script":"<script> [56 bytes]","args":[{"element-6066-11e4-a52e-4f735466cecf":"f.492DEA3F6A95B07ADA96E928C4F8A0EF.d.40E79A95F53D3A83A374BB859C28C7BC.e.20367","ELEMENT":"f.492DEA3F6A95B07ADA96E928C4F8A0EF.d.40E79A95F53D3A83A374BB859C28C7BC.e.20367"}]}
COMMAND: GET /session/cdd305857320dd590ea5bbf59a31d46e/screenshot - {}
]]></system-out>
    </testcase>
    <testcase classname="chrome.136_0_7103_93.windows.Provide_to_Site_w/o_warehouse_management_w/o_clarification" name="Should Test for Handover Execution" time="13.843">
      <system-out><![CDATA[
COMMAND: POST /session/cdd305857320dd590ea5bbf59a31d46e/element - {"using":"xpath","value":"(//span[contains(@id, \"imgNav\")])[1]"}
RESULT: {}
RESULT: {"using":"xpath","value":"(//span[contains(@id, \"imgNav\")])[1]"}
COMMAND: POST /session/cdd305857320dd590ea5bbf59a31d46e/element/f.492DEA3F6A95B07ADA96E928C4F8A0EF.d.40E79A95F53D3A83A374BB859C28C7BC.e.20368/click - {}
RESULT: {}
COMMAND: GET /session/cdd305857320dd590ea5bbf59a31d46e/screenshot - {}
RESULT: {}
COMMAND: POST /session/cdd305857320dd590ea5bbf59a31d46e/element - {"using":"css selector","value":"#shell-header-logo"}
RESULT: {"using":"css selector","value":"#shell-header-logo"}
COMMAND: POST /session/cdd305857320dd590ea5bbf59a31d46e/element/f.492DEA3F6A95B07ADA96E928C4F8A0EF.d.40E79A95F53D3A83A374BB859C28C7BC.e.18823/click - {}
RESULT: {}
COMMAND: GET /session/cdd305857320dd590ea5bbf59a31d46e/screenshot - {}
RESULT: {}
]]></system-out>
    </testcase>
    <testcase classname="chrome.136_0_7103_93.windows.Provide_to_Site_w/o_warehouse_management_w/o_clarification" name="Should test for Clarification" time="0.007">
      <system-out><![CDATA[
COMMAND: POST /session/cdd305857320dd590ea5bbf59a31d46e/element - {"using":"css selector","value":"#j_username"}
COMMAND: POST /session/cdd305857320dd590ea5bbf59a31d46e/url - {"url":"https://qa-testing-00-live-etm-ui.cfapps.eu10-004.hana.ondemand.com/"}
RESULT: {"using":"css selector","value":"#j_username"}
COMMAND: POST /session/cdd305857320dd590ea5bbf59a31d46e/element - {"using":"css selector","value":"#j_username"}
RESULT: {"url":"https://qa-testing-00-live-etm-ui.cfapps.eu10-004.hana.ondemand.com/"}
RESULT: undefined
COMMAND: GET /session/cdd305857320dd590ea5bbf59a31d46e/screenshot - {}
RESULT: {"using":"css selector","value":"#j_username"}
COMMAND: POST /session/cdd305857320dd590ea5bbf59a31d46e/element - {"using":"css selector","value":"#shell-header-logo"}
RESULT: {}
RESULT: {"using":"css selector","value":"#shell-header-logo"}
COMMAND: POST /session/cdd305857320dd590ea5bbf59a31d46e/execute/sync - {"script":"<script> [8489 bytes]","args":[{"element-6066-11e4-a52e-4f735466cecf":"f.492DEA3F6A95B07ADA96E928C4F8A0EF.d.A7AB3339DEB0B3F59DF53C1CC99736CB.e.20415","ELEMENT":"f.492DEA3F6A95B07ADA96E928C4F8A0EF.d.A7AB3339DEB0B3F59DF53C1CC99736CB.e.20415"}]}
RESULT: {"script":"<script> [8489 bytes]","args":[{"element-6066-11e4-a52e-4f735466cecf":"f.492DEA3F6A95B07ADA96E928C4F8A0EF.d.A7AB3339DEB0B3F59DF53C1CC99736CB.e.20415","ELEMENT":"f.492DEA3F6A95B07ADA96E928C4F8A0EF.d.A7AB3339DEB0B3F59DF53C1CC99736CB.e.20415"}]}
COMMAND: POST /session/cdd305857320dd590ea5bbf59a31d46e/element - {"using":"css selector","value":"#shell-header-logo"}
COMMAND: GET /session/cdd305857320dd590ea5bbf59a31d46e/screenshot - {}
RESULT: {"using":"css selector","value":"#shell-header-logo"}
COMMAND: POST /session/cdd305857320dd590ea5bbf59a31d46e/execute/sync - {"script":"<script> [8489 bytes]","args":[{"element-6066-11e4-a52e-4f735466cecf":"f.492DEA3F6A95B07ADA96E928C4F8A0EF.d.A7AB3339DEB0B3F59DF53C1CC99736CB.e.20415","ELEMENT":"f.492DEA3F6A95B07ADA96E928C4F8A0EF.d.A7AB3339DEB0B3F59DF53C1CC99736CB.e.20415"}]}
RESULT: {}
RESULT: {"script":"<script> [8489 bytes]","args":[{"element-6066-11e4-a52e-4f735466cecf":"f.492DEA3F6A95B07ADA96E928C4F8A0EF.d.A7AB3339DEB0B3F59DF53C1CC99736CB.e.20415","ELEMENT":"f.492DEA3F6A95B07ADA96E928C4F8A0EF.d.A7AB3339DEB0B3F59DF53C1CC99736CB.e.20415"}]}
COMMAND: POST /session/cdd305857320dd590ea5bbf59a31d46e/execute/sync - {"script":"<script> [5351 bytes]","args":[{"element-6066-11e4-a52e-4f735466cecf":"f.492DEA3F6A95B07ADA96E928C4F8A0EF.d.A7AB3339DEB0B3F59DF53C1CC99736CB.e.20415","ELEMENT":"f.492DEA3F6A95B07ADA96E928C4F8A0EF.d.A7AB3339DEB0B3F59DF53C1CC99736CB.e.20415"}]}
COMMAND: GET /session/cdd305857320dd590ea5bbf59a31d46e/screenshot - {}
RESULT: {"script":"<script> [5351 bytes]","args":[{"element-6066-11e4-a52e-4f735466cecf":"f.492DEA3F6A95B07ADA96E928C4F8A0EF.d.A7AB3339DEB0B3F59DF53C1CC99736CB.e.20415","ELEMENT":"f.492DEA3F6A95B07ADA96E928C4F8A0EF.d.A7AB3339DEB0B3F59DF53C1CC99736CB.e.20415"}]}
COMMAND: POST /session/cdd305857320dd590ea5bbf59a31d46e/element - {"using":"css selector","value":"#shell-header-logo"}
COMMAND: GET /session/cdd305857320dd590ea5bbf59a31d46e/screenshot - {}
RESULT: {}
RESULT: {"using":"css selector","value":"#shell-header-logo"}
COMMAND: POST /session/cdd305857320dd590ea5bbf59a31d46e/element/f.492DEA3F6A95B07ADA96E928C4F8A0EF.d.A7AB3339DEB0B3F59DF53C1CC99736CB.e.20415/click - {}
RESULT: {}
RESULT: {}
COMMAND: GET /session/cdd305857320dd590ea5bbf59a31d46e/screenshot - {}
RESULT: {}
COMMAND: POST /session/cdd305857320dd590ea5bbf59a31d46e/execute/async - {"script":"<script> [189 bytes]","args":[]}
RESULT: {"script":"<script> [189 bytes]","args":[]}
COMMAND: POST /session/cdd305857320dd590ea5bbf59a31d46e/execute/async - {"script":"<script> [123 bytes]","args":[]}
RESULT: {"script":"<script> [123 bytes]","args":[]}
COMMAND: POST /session/cdd305857320dd590ea5bbf59a31d46e/timeouts - {"script":"<number>"}
RESULT: {"script":"<number>"}
COMMAND: GET /session/cdd305857320dd590ea5bbf59a31d46e/timeouts - {}
RESULT: {}
RESULT: undefined
COMMAND: POST /session/cdd305857320dd590ea5bbf59a31d46e/execute/async - {"script":"<script> [2676 bytes]","args":[]}
RESULT: {"script":"<script> [2676 bytes]","args":[]}
COMMAND: POST /session/cdd305857320dd590ea5bbf59a31d46e/execute/async - {"script":"<script> [2342 bytes]","args":[{"protocol":"http","hostname":"0.0.0.0","path":"/","capabilities":{"browserName":"chrome","goog:chromeOptions":{"binary":"C:\\Program Files\\Google\\Chrome\\Application\\chrome.exe","args":["--start-maximized"]}},"logLevel":"warn","connectionRetryTimeout":120000,"connectionRetryCount":3,"logLevels":{},"enableDirectConnect":true,"strictSSL":true,"_":"65 more keys: [\"cacheDir\",\"port\",\"requestedCapabilities\",\"automationProtocol\",\"baseUrl\",\"waitforInterval\",\"waitforTimeout\",\"onReload\",\"beforeCommand\",\"afterCommand\",\"rootDir\",\"specs\",\"suites\",\"exclude\",\"groupLogsByTestSpec\",\"excludeDriverLogs\",\"bail\",\"framework\",\"reporters\",\"services\",\"maxInstances\",\"maxInstancesPerCapability\",\"injectGlobals\",\"filesToWatch\",\"execArgv\",\"runnerEnv\",\"runner\",\"shard\",\"specFileRetries\",\"specFileRetriesDelay\",\"specFileRetriesDeferred\",\"reporterSyncInterval\",\"reporterSyncTimeout\",\"cucumberFeaturesWithLineNumbers\",\"autoCompileOpts\",\"mochaOpts\",\"jasmineOpts\",\"cucumberOpts\",\"onPrepare\",\"onWorkerStart\",\"onWorkerEnd\",\"before\",\"beforeSession\",\"beforeSuite\",\"beforeHook\",\"beforeTest\",\"afterTest\",\"afterHook\",\"afterSuite\",\"afterSession\",\"after\",\"onComplete\",\"beforeAssertion\",\"afterAssertion\",\"beforeFeature\",\"beforeScenario\",\"beforeStep\",\"afterStep\",\"afterScenario\",\"afterFeature\",\"_\",\"suite\",\"$0\",\"ignoredWorkerServices\",\"wdi5\"]"}]}
RESULT: {"script":"<script> [2342 bytes]","args":[{"protocol":"http","hostname":"0.0.0.0","path":"/","capabilities":{"browserName":"chrome","goog:chromeOptions":{"binary":"C:\\Program Files\\Google\\Chrome\\Application\\chrome.exe","args":["--start-maximized"]}},"logLevel":"warn","connectionRetryTimeout":120000,"connectionRetryCount":3,"logLevels":{},"enableDirectConnect":true,"strictSSL":true,"_":"65 more keys: [\"cacheDir\",\"port\",\"requestedCapabilities\",\"automationProtocol\",\"baseUrl\",\"waitforInterval\",\"waitforTimeout\",\"onReload\",\"beforeCommand\",\"afterCommand\",\"rootDir\",\"specs\",\"suites\",\"exclude\",\"groupLogsByTestSpec\",\"excludeDriverLogs\",\"bail\",\"framework\",\"reporters\",\"services\",\"maxInstances\",\"maxInstancesPerCapability\",\"injectGlobals\",\"filesToWatch\",\"execArgv\",\"runnerEnv\",\"runner\",\"shard\",\"specFileRetries\",\"specFileRetriesDelay\",\"specFileRetriesDeferred\",\"reporterSyncInterval\",\"reporterSyncTimeout\",\"cucumberFeaturesWithLineNumbers\",\"autoCompileOpts\",\"mochaOpts\",\"jasmineOpts\",\"cucumberOpts\",\"onPrepare\",\"onWorkerStart\",\"onWorkerEnd\",\"before\",\"beforeSession\",\"beforeSuite\",\"beforeHook\",\"beforeTest\",\"afterTest\",\"afterHook\",\"afterSuite\",\"afterSession\",\"after\",\"onComplete\",\"beforeAssertion\",\"afterAssertion\",\"beforeFeature\",\"beforeScenario\",\"beforeStep\",\"afterStep\",\"afterScenario\",\"afterFeature\",\"_\",\"suite\",\"$0\",\"ignoredWorkerServices\",\"wdi5\"]"}]}
COMMAND: POST /session/cdd305857320dd590ea5bbf59a31d46e/execute/async - {"script":"<script> [21126 bytes]","args":[35000]}
RESULT: {"script":"<script> [21126 bytes]","args":[35000]}
COMMAND: POST /session/cdd305857320dd590ea5bbf59a31d46e/window/maximize - {}
RESULT: {}
COMMAND: POST /session/cdd305857320dd590ea5bbf59a31d46e/execute/async - {"script":"<script> [1562 bytes]","args":[{"selector":{"id":"shell-header","interaction":{"idSuffix":"icon"}},"wdio_ui5_key":"shellheader"}]}
COMMAND: GET /session/cdd305857320dd590ea5bbf59a31d46e/screenshot - {}
RESULT: {"script":"<script> [1562 bytes]","args":[{"selector":{"id":"shell-header","interaction":{"idSuffix":"icon"}},"wdio_ui5_key":"shellheader"}]}
RESULT: undefined
COMMAND: POST /session/cdd305857320dd590ea5bbf59a31d46e/refresh - {}
RESULT: {}
RESULT: {}
COMMAND: GET /session/cdd305857320dd590ea5bbf59a31d46e/screenshot - {}
RESULT: {}
COMMAND: POST /session/cdd305857320dd590ea5bbf59a31d46e/refresh - {}
RESULT: {}
COMMAND: GET /session/cdd305857320dd590ea5bbf59a31d46e/screenshot - {}
RESULT: {}
COMMAND: POST /session/cdd305857320dd590ea5bbf59a31d46e/window/fullscreen - {}
RESULT: {}
COMMAND: POST /session/cdd305857320dd590ea5bbf59a31d46e/execute/async - {"script":"<script> [189 bytes]","args":[]}
RESULT: {"script":"<script> [189 bytes]","args":[]}
COMMAND: POST /session/cdd305857320dd590ea5bbf59a31d46e/execute/async - {"script":"<script> [123 bytes]","args":[]}
RESULT: {"script":"<script> [123 bytes]","args":[]}
COMMAND: POST /session/cdd305857320dd590ea5bbf59a31d46e/timeouts - {"script":"<number>"}
RESULT: {"script":"<number>"}
COMMAND: GET /session/cdd305857320dd590ea5bbf59a31d46e/timeouts - {}
RESULT: {}
RESULT: undefined
COMMAND: POST /session/cdd305857320dd590ea5bbf59a31d46e/execute/async - {"script":"<script> [2676 bytes]","args":[]}
RESULT: {"script":"<script> [2676 bytes]","args":[]}
COMMAND: POST /session/cdd305857320dd590ea5bbf59a31d46e/execute/async - {"script":"<script> [2342 bytes]","args":[{"protocol":"http","hostname":"0.0.0.0","path":"/","capabilities":{"browserName":"chrome","goog:chromeOptions":{"binary":"C:\\Program Files\\Google\\Chrome\\Application\\chrome.exe","args":["--start-maximized"]}},"logLevel":"warn","connectionRetryTimeout":120000,"connectionRetryCount":3,"logLevels":{},"enableDirectConnect":true,"strictSSL":true,"_":"65 more keys: [\"cacheDir\",\"port\",\"requestedCapabilities\",\"automationProtocol\",\"baseUrl\",\"waitforInterval\",\"waitforTimeout\",\"onReload\",\"beforeCommand\",\"afterCommand\",\"rootDir\",\"specs\",\"suites\",\"exclude\",\"groupLogsByTestSpec\",\"excludeDriverLogs\",\"bail\",\"framework\",\"reporters\",\"services\",\"maxInstances\",\"maxInstancesPerCapability\",\"injectGlobals\",\"filesToWatch\",\"execArgv\",\"runnerEnv\",\"runner\",\"shard\",\"specFileRetries\",\"specFileRetriesDelay\",\"specFileRetriesDeferred\",\"reporterSyncInterval\",\"reporterSyncTimeout\",\"cucumberFeaturesWithLineNumbers\",\"autoCompileOpts\",\"mochaOpts\",\"jasmineOpts\",\"cucumberOpts\",\"onPrepare\",\"onWorkerStart\",\"onWorkerEnd\",\"before\",\"beforeSession\",\"beforeSuite\",\"beforeHook\",\"beforeTest\",\"afterTest\",\"afterHook\",\"afterSuite\",\"afterSession\",\"after\",\"onComplete\",\"beforeAssertion\",\"afterAssertion\",\"beforeFeature\",\"beforeScenario\",\"beforeStep\",\"afterStep\",\"afterScenario\",\"afterFeature\",\"_\",\"suite\",\"$0\",\"ignoredWorkerServices\",\"wdi5\"]"}]}
RESULT: {"script":"<script> [2342 bytes]","args":[{"protocol":"http","hostname":"0.0.0.0","path":"/","capabilities":{"browserName":"chrome","goog:chromeOptions":{"binary":"C:\\Program Files\\Google\\Chrome\\Application\\chrome.exe","args":["--start-maximized"]}},"logLevel":"warn","connectionRetryTimeout":120000,"connectionRetryCount":3,"logLevels":{},"enableDirectConnect":true,"strictSSL":true,"_":"65 more keys: [\"cacheDir\",\"port\",\"requestedCapabilities\",\"automationProtocol\",\"baseUrl\",\"waitforInterval\",\"waitforTimeout\",\"onReload\",\"beforeCommand\",\"afterCommand\",\"rootDir\",\"specs\",\"suites\",\"exclude\",\"groupLogsByTestSpec\",\"excludeDriverLogs\",\"bail\",\"framework\",\"reporters\",\"services\",\"maxInstances\",\"maxInstancesPerCapability\",\"injectGlobals\",\"filesToWatch\",\"execArgv\",\"runnerEnv\",\"runner\",\"shard\",\"specFileRetries\",\"specFileRetriesDelay\",\"specFileRetriesDeferred\",\"reporterSyncInterval\",\"reporterSyncTimeout\",\"cucumberFeaturesWithLineNumbers\",\"autoCompileOpts\",\"mochaOpts\",\"jasmineOpts\",\"cucumberOpts\",\"onPrepare\",\"onWorkerStart\",\"onWorkerEnd\",\"before\",\"beforeSession\",\"beforeSuite\",\"beforeHook\",\"beforeTest\",\"afterTest\",\"afterHook\",\"afterSuite\",\"afterSession\",\"after\",\"onComplete\",\"beforeAssertion\",\"afterAssertion\",\"beforeFeature\",\"beforeScenario\",\"beforeStep\",\"afterStep\",\"afterScenario\",\"afterFeature\",\"_\",\"suite\",\"$0\",\"ignoredWorkerServices\",\"wdi5\"]"}]}
COMMAND: POST /session/cdd305857320dd590ea5bbf59a31d46e/execute/async - {"script":"<script> [21126 bytes]","args":[35000]}
RESULT: {"script":"<script> [21126 bytes]","args":[35000]}
]]></system-out>
    </testcase>
  </testsuite>
  <testsuite timestamp="2025-05-27T17:14:32" time="180.84" tests="6" failures="0" errors="0" skipped="0">
    <properties>
      <property name="specId" value="0"/>
      <property name="suiteName" value="Return from Site w/ warehouse management w/ clarification US125588"/>
      <property name="capabilities" value="chrome.136_0_7103_93.windows"/>
      <property name="file" value="file:///D:/a/1/s/test/specs/HTR/return-from-site-w-warehouse-management-w-clarification.spec.js"/>
    </properties>
    <testcase classname="chrome.136_0_7103_93.windows.Return_from_Site_w/_warehouse_management_w/_clarification_US125588" name="Should create a new WHM yard" time="0.755">
      <system-out><![CDATA[
COMMAND: POST /session/cdd305857320dd590ea5bbf59a31d46e/window/fullscreen - {}
RESULT: {}
]]></system-out>
    </testcase>
    <testcase classname="chrome.136_0_7103_93.windows.Return_from_Site_w/_warehouse_management_w/_clarification_US125588" name="Should create a new external WHM partner" time="0.004"/>
    <testcase classname="chrome.136_0_7103_93.windows.Return_from_Site_w/_warehouse_management_w/_clarification_US125588" name="Should create a new WHM site" time="0.004"/>
    <testcase classname="chrome.136_0_7103_93.windows.Return_from_Site_w/_warehouse_management_w/_clarification_US125588" name="Should create a new material" time="129.119">
      <system-out><![CDATA[
COMMAND: POST /session/cdd305857320dd590ea5bbf59a31d46e/execute/async - {"script":"<script> [1562 bytes]","args":[{"selector":{"controlType":"sap.m.GenericTile","properties":{"header":"Manage Resources"}},"wdio_ui5_key":"sapm.GenericTile{\"header\":\"Manage Resources\"}"}]}
RESULT: {"script":"<script> [1562 bytes]","args":[{"selector":{"controlType":"sap.m.GenericTile","properties":{"header":"Manage Resources"}},"wdio_ui5_key":"sapm.GenericTile{\"header\":\"Manage Resources\"}"}]}
RESULT: undefined
COMMAND: POST /session/cdd305857320dd590ea5bbf59a31d46e/element - {"using":"xpath","value":"//*[@id=\"__tile39\"]"}
RESULT: {"using":"xpath","value":"//*[@id=\"__tile39\"]"}
COMMAND: POST /session/cdd305857320dd590ea5bbf59a31d46e/element/f.492DEA3F6A95B07ADA96E928C4F8A0EF.d.4CA56E209AEDAA3C3D66AD93A47BD2AC.e.20578/click - {}
RESULT: {}
COMMAND: GET /session/cdd305857320dd590ea5bbf59a31d46e/screenshot - {}
RESULT: {}
COMMAND: POST /session/cdd305857320dd590ea5bbf59a31d46e/elements - {"using":"xpath","value":"//span[text()='Error']"}
RESULT: {"using":"xpath","value":"//span[text()='Error']"}
COMMAND: POST /session/cdd305857320dd590ea5bbf59a31d46e/element - {"using":"xpath","value":"//button[@data-kt=\"addNewRUOverflowToolbarButton\"]"}
RESULT: {"using":"xpath","value":"//button[@data-kt=\"addNewRUOverflowToolbarButton\"]"}
COMMAND: POST /session/cdd305857320dd590ea5bbf59a31d46e/elements - {"using":"xpath","value":"//button[@data-kt=\"addNewRUOverflowToolbarButton\"]"}
RESULT: {"using":"xpath","value":"//button[@data-kt=\"addNewRUOverflowToolbarButton\"]"}
COMMAND: POST /session/cdd305857320dd590ea5bbf59a31d46e/elements - {"using":"xpath","value":"//button[@data-kt=\"addNewRUOverflowToolbarButton\"]"}
RESULT: {"using":"xpath","value":"//button[@data-kt=\"addNewRUOverflowToolbarButton\"]"}
COMMAND: POST /session/cdd305857320dd590ea5bbf59a31d46e/elements - {"using":"xpath","value":"//button[@data-kt=\"addNewRUOverflowToolbarButton\"]"}
RESULT: {"using":"xpath","value":"//button[@data-kt=\"addNewRUOverflowToolbarButton\"]"}
COMMAND: POST /session/cdd305857320dd590ea5bbf59a31d46e/elements - {"using":"xpath","value":"//button[@data-kt=\"addNewRUOverflowToolbarButton\"]"}
RESULT: {"using":"xpath","value":"//button[@data-kt=\"addNewRUOverflowToolbarButton\"]"}
COMMAND: POST /session/cdd305857320dd590ea5bbf59a31d46e/element - {"using":"xpath","value":"//button[@data-kt=\"addNewRUOverflowToolbarButton\"]"}
RESULT: {"using":"xpath","value":"//button[@data-kt=\"addNewRUOverflowToolbarButton\"]"}
COMMAND: POST /session/cdd305857320dd590ea5bbf59a31d46e/execute/sync - {"script":"<script> [8489 bytes]","args":[{"element-6066-11e4-a52e-4f735466cecf":"f.492DEA3F6A95B07ADA96E928C4F8A0EF.d.4CA56E209AEDAA3C3D66AD93A47BD2AC.e.20709","ELEMENT":"f.492DEA3F6A95B07ADA96E928C4F8A0EF.d.4CA56E209AEDAA3C3D66AD93A47BD2AC.e.20709"}]}
RESULT: {"script":"<script> [8489 bytes]","args":[{"element-6066-11e4-a52e-4f735466cecf":"f.492DEA3F6A95B07ADA96E928C4F8A0EF.d.4CA56E209AEDAA3C3D66AD93A47BD2AC.e.20709","ELEMENT":"f.492DEA3F6A95B07ADA96E928C4F8A0EF.d.4CA56E209AEDAA3C3D66AD93A47BD2AC.e.20709"}]}
COMMAND: GET /session/cdd305857320dd590ea5bbf59a31d46e/element/f.492DEA3F6A95B07ADA96E928C4F8A0EF.d.4CA56E209AEDAA3C3D66AD93A47BD2AC.e.20709/enabled - {}
COMMAND: GET /session/cdd305857320dd590ea5bbf59a31d46e/screenshot - {}
RESULT: {}
COMMAND: POST /session/cdd305857320dd590ea5bbf59a31d46e/execute/sync - {"script":"<script> [8489 bytes]","args":[{"element-6066-11e4-a52e-4f735466cecf":"f.492DEA3F6A95B07ADA96E928C4F8A0EF.d.4CA56E209AEDAA3C3D66AD93A47BD2AC.e.20709","ELEMENT":"f.492DEA3F6A95B07ADA96E928C4F8A0EF.d.4CA56E209AEDAA3C3D66AD93A47BD2AC.e.20709"}]}
COMMAND: GET /session/cdd305857320dd590ea5bbf59a31d46e/screenshot - {}
RESULT: {}
RESULT: {"script":"<script> [8489 bytes]","args":[{"element-6066-11e4-a52e-4f735466cecf":"f.492DEA3F6A95B07ADA96E928C4F8A0EF.d.4CA56E209AEDAA3C3D66AD93A47BD2AC.e.20709","ELEMENT":"f.492DEA3F6A95B07ADA96E928C4F8A0EF.d.4CA56E209AEDAA3C3D66AD93A47BD2AC.e.20709"}]}
COMMAND: POST /session/cdd305857320dd590ea5bbf59a31d46e/execute/sync - {"script":"<script> [5351 bytes]","args":[{"element-6066-11e4-a52e-4f735466cecf":"f.492DEA3F6A95B07ADA96E928C4F8A0EF.d.4CA56E209AEDAA3C3D66AD93A47BD2AC.e.20709","ELEMENT":"f.492DEA3F6A95B07ADA96E928C4F8A0EF.d.4CA56E209AEDAA3C3D66AD93A47BD2AC.e.20709"}]}
COMMAND: GET /session/cdd305857320dd590ea5bbf59a31d46e/screenshot - {}
RESULT: {}
RESULT: {"script":"<script> [5351 bytes]","args":[{"element-6066-11e4-a52e-4f735466cecf":"f.492DEA3F6A95B07ADA96E928C4F8A0EF.d.4CA56E209AEDAA3C3D66AD93A47BD2AC.e.20709","ELEMENT":"f.492DEA3F6A95B07ADA96E928C4F8A0EF.d.4CA56E209AEDAA3C3D66AD93A47BD2AC.e.20709"}]}
COMMAND: POST /session/cdd305857320dd590ea5bbf59a31d46e/element/f.492DEA3F6A95B07ADA96E928C4F8A0EF.d.4CA56E209AEDAA3C3D66AD93A47BD2AC.e.20709/click - {}
COMMAND: GET /session/cdd305857320dd590ea5bbf59a31d46e/screenshot - {}
RESULT: {}
RESULT: {}
COMMAND: GET /session/cdd305857320dd590ea5bbf59a31d46e/screenshot - {}
COMMAND: POST /session/cdd305857320dd590ea5bbf59a31d46e/execute/async - {"script":"<script> [1562 bytes]","args":[{"selector":{"id":"application-manageresources-display-component---newResourceUnit--TYPE-arrow"},"wdio_ui5_key":"applicationmanageresources-display-component---newResourceUnit--TYPE-arrow"}]}
RESULT: {}
RESULT: {}
RESULT: {"script":"<script> [1562 bytes]","args":[{"selector":{"id":"application-manageresources-display-component---newResourceUnit--TYPE-arrow"},"wdio_ui5_key":"applicationmanageresources-display-component---newResourceUnit--TYPE-arrow"}]}
RESULT: undefined
COMMAND: POST /session/cdd305857320dd590ea5bbf59a31d46e/element - {"using":"xpath","value":"//*[@id=\"application-manageresources-display-component---newResourceUnit--TYPE-arrow\"]"}
RESULT: {"using":"xpath","value":"//*[@id=\"application-manageresources-display-component---newResourceUnit--TYPE-arrow\"]"}
COMMAND: POST /session/cdd305857320dd590ea5bbf59a31d46e/element/f.492DEA3F6A95B07ADA96E928C4F8A0EF.d.4CA56E209AEDAA3C3D66AD93A47BD2AC.e.21072/click - {}
RESULT: {}
COMMAND: POST /session/cdd305857320dd590ea5bbf59a31d46e/element - {"using":"xpath","value":"//input[@id=\"application-manageresources-display-component---newResourceUnit--TYPE-inner\"]"}
COMMAND: GET /session/cdd305857320dd590ea5bbf59a31d46e/screenshot - {}
RESULT: {"using":"xpath","value":"//input[@id=\"application-manageresources-display-component---newResourceUnit--TYPE-inner\"]"}
COMMAND: POST /session/cdd305857320dd590ea5bbf59a31d46e/element/f.492DEA3F6A95B07ADA96E928C4F8A0EF.d.4CA56E209AEDAA3C3D66AD93A47BD2AC.e.21064/clear - {}
RESULT: {}
RESULT: {}
COMMAND: POST /session/cdd305857320dd590ea5bbf59a31d46e/element/f.492DEA3F6A95B07ADA96E928C4F8A0EF.d.4CA56E209AEDAA3C3D66AD93A47BD2AC.e.21064/value - {"text":"Material"}
COMMAND: GET /session/cdd305857320dd590ea5bbf59a31d46e/screenshot - {}
RESULT: {"text":"Material"}
COMMAND: GET /session/cdd305857320dd590ea5bbf59a31d46e/screenshot - {}
RESULT: {}
RESULT: {}
COMMAND: POST /session/cdd305857320dd590ea5bbf59a31d46e/actions - {"actions":[{"id":"action62","type":"key","parameters":{},"actions":[{"type":"keyDown","value":""},{"type":"pause","duration":10},{"type":"keyUp","value":""}]}]}
RESULT: {"actions":[{"id":"action62","type":"key","parameters":{},"actions":[{"type":"keyDown","value":""},{"type":"pause","duration":10},{"type":"keyUp","value":""}]}]}
COMMAND: POST /session/cdd305857320dd590ea5bbf59a31d46e/execute/async - {"script":"<script> [1562 bytes]","args":[{"selector":{"id":"application-manageresources-display-component---newResourceUnit--SHORT_TEXT","interaction":{"idSuffix":"inner"}},"wdio_ui5_key":"applicationmanageresources-display-component---newResourceUnit--SHORT_TEXT"}]}
COMMAND: GET /session/cdd305857320dd590ea5bbf59a31d46e/screenshot - {}
RESULT: {"script":"<script> [1562 bytes]","args":[{"selector":{"id":"application-manageresources-display-component---newResourceUnit--SHORT_TEXT","interaction":{"idSuffix":"inner"}},"wdio_ui5_key":"applicationmanageresources-display-component---newResourceUnit--SHORT_TEXT"}]}
RESULT: undefined
COMMAND: POST /session/cdd305857320dd590ea5bbf59a31d46e/execute/async - {"script":"<script> [776 bytes]","args":[{"enterText":"Cement WDIO","selector":{"id":"application-manageresources-display-component---newResourceUnit--SHORT_TEXT","interaction":{"idSuffix":"inner"}},"clearTextFirst":true,"interactionType":"ENTER_TEXT"}]}
RESULT: {}
RESULT: {"script":"<script> [776 bytes]","args":[{"enterText":"Cement WDIO","selector":{"id":"application-manageresources-display-component---newResourceUnit--SHORT_TEXT","interaction":{"idSuffix":"inner"}},"clearTextFirst":true,"interactionType":"ENTER_TEXT"}]}
COMMAND: POST /session/cdd305857320dd590ea5bbf59a31d46e/execute/async - {"script":"<script> [1562 bytes]","args":[{"selector":{"id":"application-manageresources-display-component---newResourceUnit--BASE_UNIT_OF_MEASURE","interaction":{"idSuffix":"inner"}},"wdio_ui5_key":"applicationmanageresources-display-component---newResourceUnit--BASE_UNIT_OF_MEASURE"}]}
RESULT: {"script":"<script> [1562 bytes]","args":[{"selector":{"id":"application-manageresources-display-component---newResourceUnit--BASE_UNIT_OF_MEASURE","interaction":{"idSuffix":"inner"}},"wdio_ui5_key":"applicationmanageresources-display-component---newResourceUnit--BASE_UNIT_OF_MEASURE"}]}
RESULT: undefined
COMMAND: POST /session/cdd305857320dd590ea5bbf59a31d46e/execute/async - {"script":"<script> [776 bytes]","args":[{"enterText":"Piece","selector":{"id":"application-manageresources-display-component---newResourceUnit--BASE_UNIT_OF_MEASURE","interaction":{"idSuffix":"inner"}},"clearTextFirst":true,"interactionType":"ENTER_TEXT"}]}
RESULT: {"script":"<script> [776 bytes]","args":[{"enterText":"Piece","selector":{"id":"application-manageresources-display-component---newResourceUnit--BASE_UNIT_OF_MEASURE","interaction":{"idSuffix":"inner"}},"clearTextFirst":true,"interactionType":"ENTER_TEXT"}]}
COMMAND: POST /session/cdd305857320dd590ea5bbf59a31d46e/execute/async - {"script":"<script> [1562 bytes]","args":[{"selector":{"id":"application-manageresources-display-component---newResourceUnit--WEIGHT_UNIT","interaction":{"idSuffix":"inner"}},"wdio_ui5_key":"applicationmanageresources-display-component---newResourceUnit--WEIGHT_UNIT"}]}
RESULT: {"script":"<script> [1562 bytes]","args":[{"selector":{"id":"application-manageresources-display-component---newResourceUnit--WEIGHT_UNIT","interaction":{"idSuffix":"inner"}},"wdio_ui5_key":"applicationmanageresources-display-component---newResourceUnit--WEIGHT_UNIT"}]}
RESULT: undefined
COMMAND: POST /session/cdd305857320dd590ea5bbf59a31d46e/execute/async - {"script":"<script> [776 bytes]","args":[{"enterText":"Gram","selector":{"id":"application-manageresources-display-component---newResourceUnit--WEIGHT_UNIT","interaction":{"idSuffix":"inner"}},"clearTextFirst":true,"interactionType":"ENTER_TEXT"}]}
RESULT: {"script":"<script> [776 bytes]","args":[{"enterText":"Gram","selector":{"id":"application-manageresources-display-component---newResourceUnit--WEIGHT_UNIT","interaction":{"idSuffix":"inner"}},"clearTextFirst":true,"interactionType":"ENTER_TEXT"}]}
COMMAND: POST /session/cdd305857320dd590ea5bbf59a31d46e/execute/async - {"script":"<script> [1562 bytes]","args":[{"selector":{"id":"application-manageresources-display-component---newResourceUnit--DIMENSION_UNIT","interaction":{"idSuffix":"inner"}},"wdio_ui5_key":"applicationmanageresources-display-component---newResourceUnit--DIMENSION_UNIT"}]}
RESULT: {"script":"<script> [1562 bytes]","args":[{"selector":{"id":"application-manageresources-display-component---newResourceUnit--DIMENSION_UNIT","interaction":{"idSuffix":"inner"}},"wdio_ui5_key":"applicationmanageresources-display-component---newResourceUnit--DIMENSION_UNIT"}]}
RESULT: undefined
COMMAND: POST /session/cdd305857320dd590ea5bbf59a31d46e/execute/async - {"script":"<script> [776 bytes]","args":[{"enterText":"Meter","selector":{"id":"application-manageresources-display-component---newResourceUnit--DIMENSION_UNIT","interaction":{"idSuffix":"inner"}},"clearTextFirst":true,"interactionType":"ENTER_TEXT"}]}
RESULT: {"script":"<script> [776 bytes]","args":[{"enterText":"Meter","selector":{"id":"application-manageresources-display-component---newResourceUnit--DIMENSION_UNIT","interaction":{"idSuffix":"inner"}},"clearTextFirst":true,"interactionType":"ENTER_TEXT"}]}
COMMAND: POST /session/cdd305857320dd590ea5bbf59a31d46e/execute/async - {"script":"<script> [1562 bytes]","args":[{"selector":{"id":"application-manageresources-display-component---newResourceUnit--newRRUPage-anchBar-application-manageresources-display-component---newResourceUnit--control-anchor","interaction":{"idSuffix":"BDI-content"}},"wdio_ui5_key":"applicationmanageresources-display-component---newResourceUnit--newRRUPage-anchBar-application-manageresources-display-component---newResourceUnit--control-anchor"}]}
RESULT: {"script":"<script> [1562 bytes]","args":[{"selector":{"id":"application-manageresources-display-component---newResourceUnit--newRRUPage-anchBar-application-manageresources-display-component---newResourceUnit--control-anchor","interaction":{"idSuffix":"BDI-content"}},"wdio_ui5_key":"applicationmanageresources-display-component---newResourceUnit--newRRUPage-anchBar-application-manageresources-display-component---newResourceUnit--control-anchor"}]}
RESULT: undefined
COMMAND: POST /session/cdd305857320dd590ea5bbf59a31d46e/element - {"using":"xpath","value":"//*[@id=\"application-manageresources-display-component---newResourceUnit--newRRUPage-anchBar-application-manageresources-display-component---newResourceUnit--control-anchor\"]"}
RESULT: {"using":"xpath","value":"//*[@id=\"application-manageresources-display-component---newResourceUnit--newRRUPage-anchBar-application-manageresources-display-component---newResourceUnit--control-anchor\"]"}
COMMAND: POST /session/cdd305857320dd590ea5bbf59a31d46e/element/f.492DEA3F6A95B07ADA96E928C4F8A0EF.d.4CA56E209AEDAA3C3D66AD93A47BD2AC.e.21204/click - {}
RESULT: {}
COMMAND: POST /session/cdd305857320dd590ea5bbf59a31d46e/execute/async - {"script":"<script> [1562 bytes]","args":[{"selector":{"id":"application-manageresources-display-component---newResourceUnit--PLANNING_GROUP","interaction":{"idSuffix":"inner"}},"wdio_ui5_key":"applicationmanageresources-display-component---newResourceUnit--PLANNING_GROUP"}]}
COMMAND: GET /session/cdd305857320dd590ea5bbf59a31d46e/screenshot - {}
RESULT: {"script":"<script> [1562 bytes]","args":[{"selector":{"id":"application-manageresources-display-component---newResourceUnit--PLANNING_GROUP","interaction":{"idSuffix":"inner"}},"wdio_ui5_key":"applicationmanageresources-display-component---newResourceUnit--PLANNING_GROUP"}]}
RESULT: undefined
COMMAND: POST /session/cdd305857320dd590ea5bbf59a31d46e/execute/async - {"script":"<script> [776 bytes]","args":[{"enterText":"Material","selector":{"id":"application-manageresources-display-component---newResourceUnit--PLANNING_GROUP","interaction":{"idSuffix":"inner"}},"clearTextFirst":true,"interactionType":"ENTER_TEXT"}]}
RESULT: {}
RESULT: {"script":"<script> [776 bytes]","args":[{"enterText":"Material","selector":{"id":"application-manageresources-display-component---newResourceUnit--PLANNING_GROUP","interaction":{"idSuffix":"inner"}},"clearTextFirst":true,"interactionType":"ENTER_TEXT"}]}
COMMAND: POST /session/cdd305857320dd590ea5bbf59a31d46e/execute/async - {"script":"<script> [1562 bytes]","args":[{"selector":{"id":"application-manageresources-display-component---newResourceUnit--PLANNING_INDICATOR","interaction":{"idSuffix":"inner"}},"wdio_ui5_key":"applicationmanageresources-display-component---newResourceUnit--PLANNING_INDICATOR"}]}
RESULT: {"script":"<script> [1562 bytes]","args":[{"selector":{"id":"application-manageresources-display-component---newResourceUnit--PLANNING_INDICATOR","interaction":{"idSuffix":"inner"}},"wdio_ui5_key":"applicationmanageresources-display-component---newResourceUnit--PLANNING_INDICATOR"}]}
RESULT: undefined
COMMAND: POST /session/cdd305857320dd590ea5bbf59a31d46e/execute/async - {"script":"<script> [776 bytes]","args":[{"enterText":"10 - infinite","selector":{"id":"application-manageresources-display-component---newResourceUnit--PLANNING_INDICATOR","interaction":{"idSuffix":"inner"}},"clearTextFirst":true,"interactionType":"ENTER_TEXT"}]}
RESULT: {"script":"<script> [776 bytes]","args":[{"enterText":"10 - infinite","selector":{"id":"application-manageresources-display-component---newResourceUnit--PLANNING_INDICATOR","interaction":{"idSuffix":"inner"}},"clearTextFirst":true,"interactionType":"ENTER_TEXT"}]}
COMMAND: POST /session/cdd305857320dd590ea5bbf59a31d46e/element - {"using":"css selector","value":"#application-manageresources-display-component---newResourceUnit--btnAddTimeSegment"}
RESULT: {"using":"css selector","value":"#application-manageresources-display-component---newResourceUnit--btnAddTimeSegment"}
COMMAND: GET /session/cdd305857320dd590ea5bbf59a31d46e/element/f.492DEA3F6A95B07ADA96E928C4F8A0EF.d.4CA56E209AEDAA3C3D66AD93A47BD2AC.e.21214/rect - {}
RESULT: {}
COMMAND: GET /session/cdd305857320dd590ea5bbf59a31d46e/window/rect - {}
RESULT: {}
COMMAND: POST /session/cdd305857320dd590ea5bbf59a31d46e/execute/sync - {"script":"<script> [92 bytes]","args":[]}
RESULT: {"script":"<script> [92 bytes]","args":[]}
COMMAND: POST /session/cdd305857320dd590ea5bbf59a31d46e/actions - {"actions":[{"id":"action63","type":"wheel","parameters":{},"actions":[{"type":"scroll","x":-1888,"y":-32,"deltaX":0,"deltaY":0,"duration":0,"origin":{"element-6066-11e4-a52e-4f735466cecf":"f.492DEA3F6A95B07ADA96E928C4F8A0EF.d.4CA56E209AEDAA3C3D66AD93A47BD2AC.e.21214"}}]}]}
COMMAND: GET /session/cdd305857320dd590ea5bbf59a31d46e/screenshot - {}
RESULT: {}
COMMAND: POST /session/cdd305857320dd590ea5bbf59a31d46e/execute/sync - {"script":"<script> [79 bytes]","args":[{"element-6066-11e4-a52e-4f735466cecf":"f.492DEA3F6A95B07ADA96E928C4F8A0EF.d.4CA56E209AEDAA3C3D66AD93A47BD2AC.e.21214","ELEMENT":"f.492DEA3F6A95B07ADA96E928C4F8A0EF.d.4CA56E209AEDAA3C3D66AD93A47BD2AC.e.21214"},{"block":"start","inline":"nearest"}]}
RESULT: {"script":"<script> [79 bytes]","args":[{"element-6066-11e4-a52e-4f735466cecf":"f.492DEA3F6A95B07ADA96E928C4F8A0EF.d.4CA56E209AEDAA3C3D66AD93A47BD2AC.e.21214","ELEMENT":"f.492DEA3F6A95B07ADA96E928C4F8A0EF.d.4CA56E209AEDAA3C3D66AD93A47BD2AC.e.21214"},{"block":"start","inline":"nearest"}]}
COMMAND: POST /session/cdd305857320dd590ea5bbf59a31d46e/execute/async - {"script":"<script> [1562 bytes]","args":[{"selector":{"id":"application-manageresources-display-component---newResourceUnit--btnAddTimeSegment","interaction":{"idSuffix":"inner"}},"wdio_ui5_key":"applicationmanageresources-display-component---newResourceUnit--btnAddTimeSegment"}]}
COMMAND: GET /session/cdd305857320dd590ea5bbf59a31d46e/screenshot - {}
RESULT: {"script":"<script> [1562 bytes]","args":[{"selector":{"id":"application-manageresources-display-component---newResourceUnit--btnAddTimeSegment","interaction":{"idSuffix":"inner"}},"wdio_ui5_key":"applicationmanageresources-display-component---newResourceUnit--btnAddTimeSegment"}]}
RESULT: undefined
COMMAND: POST /session/cdd305857320dd590ea5bbf59a31d46e/element - {"using":"xpath","value":"//*[@id=\"application-manageresources-display-component---newResourceUnit--btnAddTimeSegment\"]"}
RESULT: {}
RESULT: {"using":"xpath","value":"//*[@id=\"application-manageresources-display-component---newResourceUnit--btnAddTimeSegment\"]"}
COMMAND: POST /session/cdd305857320dd590ea5bbf59a31d46e/element/f.492DEA3F6A95B07ADA96E928C4F8A0EF.d.4CA56E209AEDAA3C3D66AD93A47BD2AC.e.21214/click - {}
RESULT: {}
COMMAND: GET /session/cdd305857320dd590ea5bbf59a31d46e/screenshot - {}
RESULT: {}
COMMAND: POST /session/cdd305857320dd590ea5bbf59a31d46e/element - {"using":"xpath","value":"//input[@id=\"application-manageresources-display-component---newResourceUnit--idRuTSAdmin-application-manageresources-display-component---newResourceUnit--RUTimeSegment-0-inner\"]"}
RESULT: {"using":"xpath","value":"//input[@id=\"application-manageresources-display-component---newResourceUnit--idRuTSAdmin-application-manageresources-display-component---newResourceUnit--RUTimeSegment-0-inner\"]"}
COMMAND: POST /session/cdd305857320dd590ea5bbf59a31d46e/element/f.492DEA3F6A95B07ADA96E928C4F8A0EF.d.4CA56E209AEDAA3C3D66AD93A47BD2AC.e.21219/clear - {}
RESULT: {}
COMMAND: POST /session/cdd305857320dd590ea5bbf59a31d46e/element/f.492DEA3F6A95B07ADA96E928C4F8A0EF.d.4CA56E209AEDAA3C3D66AD93A47BD2AC.e.21219/value - {"text":"388"}
COMMAND: GET /session/cdd305857320dd590ea5bbf59a31d46e/screenshot - {}
RESULT: {"text":"388"}
COMMAND: GET /session/cdd305857320dd590ea5bbf59a31d46e/screenshot - {}
RESULT: {}
RESULT: {}
COMMAND: POST /session/cdd305857320dd590ea5bbf59a31d46e/element - {"using":"xpath","value":"//li[.//span[text()='388']]"}
RESULT: {"using":"xpath","value":"//li[.//span[text()='388']]"}
COMMAND: POST /session/cdd305857320dd590ea5bbf59a31d46e/element/f.492DEA3F6A95B07ADA96E928C4F8A0EF.d.4CA56E209AEDAA3C3D66AD93A47BD2AC.e.21228/click - {}
RESULT: {}
COMMAND: GET /session/cdd305857320dd590ea5bbf59a31d46e/screenshot - {}
RESULT: {}
COMMAND: POST /session/cdd305857320dd590ea5bbf59a31d46e/element - {"using":"xpath","value":"(//span[contains(@id, \"-application-manageresources-display-component---newResourceUnit--RUTimeSegment-0-arrow\")])[2]"}
RESULT: {"using":"xpath","value":"(//span[contains(@id, \"-application-manageresources-display-component---newResourceUnit--RUTimeSegment-0-arrow\")])[2]"}
COMMAND: POST /session/cdd305857320dd590ea5bbf59a31d46e/element/f.492DEA3F6A95B07ADA96E928C4F8A0EF.d.4CA56E209AEDAA3C3D66AD93A47BD2AC.e.21229/click - {}
RESULT: {}
COMMAND: POST /session/cdd305857320dd590ea5bbf59a31d46e/element - {"using":"xpath","value":"//span[contains(text(), \"PM Order\")]"}
COMMAND: GET /session/cdd305857320dd590ea5bbf59a31d46e/screenshot - {}
RESULT: {"using":"xpath","value":"//span[contains(text(), \"PM Order\")]"}
COMMAND: POST /session/cdd305857320dd590ea5bbf59a31d46e/element/f.492DEA3F6A95B07ADA96E928C4F8A0EF.d.4CA56E209AEDAA3C3D66AD93A47BD2AC.e.21230/click - {}
RESULT: {}
RESULT: {}
COMMAND: GET /session/cdd305857320dd590ea5bbf59a31d46e/screenshot - {}
RESULT: {}
COMMAND: POST /session/cdd305857320dd590ea5bbf59a31d46e/element - {"using":"xpath","value":"//td/div/div/div/span[contains(@id, \"newResourceUnit--RUTimeSegment-0-vhi\")][1]"}
RESULT: {"using":"xpath","value":"//td/div/div/div/span[contains(@id, \"newResourceUnit--RUTimeSegment-0-vhi\")][1]"}
COMMAND: GET /session/cdd305857320dd590ea5bbf59a31d46e/element/f.492DEA3F6A95B07ADA96E928C4F8A0EF.d.4CA56E209AEDAA3C3D66AD93A47BD2AC.e.21234/rect - {}
RESULT: {}
COMMAND: GET /session/cdd305857320dd590ea5bbf59a31d46e/window/rect - {}
RESULT: {}
COMMAND: POST /session/cdd305857320dd590ea5bbf59a31d46e/execute/sync - {"script":"<script> [92 bytes]","args":[]}
RESULT: {"script":"<script> [92 bytes]","args":[]}
COMMAND: POST /session/cdd305857320dd590ea5bbf59a31d46e/actions - {"actions":[{"id":"action64","type":"wheel","parameters":{},"actions":[{"type":"scroll","x":-1888,"y":-24,"deltaX":0,"deltaY":0,"duration":0,"origin":{"element-6066-11e4-a52e-4f735466cecf":"f.492DEA3F6A95B07ADA96E928C4F8A0EF.d.4CA56E209AEDAA3C3D66AD93A47BD2AC.e.21234"}}]}]}
COMMAND: GET /session/cdd305857320dd590ea5bbf59a31d46e/screenshot - {}
RESULT: {}
COMMAND: POST /session/cdd305857320dd590ea5bbf59a31d46e/execute/sync - {"script":"<script> [79 bytes]","args":[{"element-6066-11e4-a52e-4f735466cecf":"f.492DEA3F6A95B07ADA96E928C4F8A0EF.d.4CA56E209AEDAA3C3D66AD93A47BD2AC.e.21234","ELEMENT":"f.492DEA3F6A95B07ADA96E928C4F8A0EF.d.4CA56E209AEDAA3C3D66AD93A47BD2AC.e.21234"},{"block":"start","inline":"nearest"}]}
RESULT: {"script":"<script> [79 bytes]","args":[{"element-6066-11e4-a52e-4f735466cecf":"f.492DEA3F6A95B07ADA96E928C4F8A0EF.d.4CA56E209AEDAA3C3D66AD93A47BD2AC.e.21234","ELEMENT":"f.492DEA3F6A95B07ADA96E928C4F8A0EF.d.4CA56E209AEDAA3C3D66AD93A47BD2AC.e.21234"},{"block":"start","inline":"nearest"}]}
COMMAND: GET /session/cdd305857320dd590ea5bbf59a31d46e/screenshot - {}
RESULT: {}
COMMAND: POST /session/cdd305857320dd590ea5bbf59a31d46e/element/f.492DEA3F6A95B07ADA96E928C4F8A0EF.d.4CA56E209AEDAA3C3D66AD93A47BD2AC.e.21234/click - {}
RESULT: {}
COMMAND: GET /session/cdd305857320dd590ea5bbf59a31d46e/screenshot - {}
RESULT: {}
COMMAND: POST /session/cdd305857320dd590ea5bbf59a31d46e/execute/async - {"script":"<script> [1562 bytes]","args":[{"selector":{"controlType":"sap.m.SearchField","properties":{"placeholder":"Search"},"searchOpenDialogs":true,"interaction":{"idSuffix":"I"}},"wdio_ui5_key":"sapm.SearchField{\"placeholder\":\"Search\"}"}]}
RESULT: {"script":"<script> [1562 bytes]","args":[{"selector":{"controlType":"sap.m.SearchField","properties":{"placeholder":"Search"},"searchOpenDialogs":true,"interaction":{"idSuffix":"I"}},"wdio_ui5_key":"sapm.SearchField{\"placeholder\":\"Search\"}"}]}
RESULT: undefined
COMMAND: POST /session/cdd305857320dd590ea5bbf59a31d46e/execute/async - {"script":"<script> [776 bytes]","args":[{"enterText":"4000360","selector":{"controlType":"sap.m.SearchField","properties":{"placeholder":"Search"},"searchOpenDialogs":true,"interaction":{"idSuffix":"I"}},"clearTextFirst":true,"interactionType":"ENTER_TEXT"}]}
RESULT: {"script":"<script> [776 bytes]","args":[{"enterText":"4000360","selector":{"controlType":"sap.m.SearchField","properties":{"placeholder":"Search"},"searchOpenDialogs":true,"interaction":{"idSuffix":"I"}},"clearTextFirst":true,"interactionType":"ENTER_TEXT"}]}
COMMAND: POST /session/cdd305857320dd590ea5bbf59a31d46e/actions - {"actions":[{"id":"action65","type":"key","parameters":{},"actions":[{"type":"keyDown","value":""},{"type":"pause","duration":10},{"type":"keyUp","value":""}]}]}
RESULT: {"actions":[{"id":"action65","type":"key","parameters":{},"actions":[{"type":"keyDown","value":""},{"type":"pause","duration":10},{"type":"keyUp","value":""}]}]}
COMMAND: GET /session/cdd305857320dd590ea5bbf59a31d46e/screenshot - {}
RESULT: {}
COMMAND: POST /session/cdd305857320dd590ea5bbf59a31d46e/element - {"using":"xpath","value":"//td/div/span[contains(text(), \"BGL Vehicles\")]"}
RESULT: {"using":"xpath","value":"//td/div/span[contains(text(), \"BGL Vehicles\")]"}
COMMAND: POST /session/cdd305857320dd590ea5bbf59a31d46e/element/f.492DEA3F6A95B07ADA96E928C4F8A0EF.d.4CA56E209AEDAA3C3D66AD93A47BD2AC.e.21256/click - {}
RESULT: {}
COMMAND: GET /session/cdd305857320dd590ea5bbf59a31d46e/screenshot - {}
RESULT: {}
COMMAND: POST /session/cdd305857320dd590ea5bbf59a31d46e/element - {"using":"xpath","value":"//bdi[contains(text(), \"OK\")]"}
RESULT: {"using":"xpath","value":"//bdi[contains(text(), \"OK\")]"}
COMMAND: POST /session/cdd305857320dd590ea5bbf59a31d46e/element/f.492DEA3F6A95B07ADA96E928C4F8A0EF.d.4CA56E209AEDAA3C3D66AD93A47BD2AC.e.21257/click - {}
RESULT: {}
COMMAND: GET /session/cdd305857320dd590ea5bbf59a31d46e/screenshot - {}
RESULT: {}
COMMAND: POST /session/cdd305857320dd590ea5bbf59a31d46e/element - {"using":"xpath","value":"//label[contains(@class, 'sapMLabelRequired') and .//bdi[contains(text(), 'Planned Retirement')]]"}
RESULT: {"using":"xpath","value":"//label[contains(@class, 'sapMLabelRequired') and .//bdi[contains(text(), 'Planned Retirement')]]"}
COMMAND: POST /session/cdd305857320dd590ea5bbf59a31d46e/elements - {"using":"xpath","value":"//label[contains(@class, 'sapMLabelRequired') and .//bdi[contains(text(), 'Planned Retirement')]]"}
RESULT: {"using":"xpath","value":"//label[contains(@class, 'sapMLabelRequired') and .//bdi[contains(text(), 'Planned Retirement')]]"}
COMMAND: POST /session/cdd305857320dd590ea5bbf59a31d46e/element - {"using":"xpath","value":"//button[@data-kt=\"resourceUnitSaveButton\"]"}
RESULT: {"using":"xpath","value":"//button[@data-kt=\"resourceUnitSaveButton\"]"}
COMMAND: POST /session/cdd305857320dd590ea5bbf59a31d46e/element/f.492DEA3F6A95B07ADA96E928C4F8A0EF.d.4CA56E209AEDAA3C3D66AD93A47BD2AC.e.21091/click - {}
RESULT: {}
COMMAND: GET /session/cdd305857320dd590ea5bbf59a31d46e/screenshot - {}
RESULT: {}
COMMAND: POST /session/cdd305857320dd590ea5bbf59a31d46e/element - {"using":"xpath","value":"//bdi[contains(text(), \"Close\")]"}
RESULT: {"using":"xpath","value":"//bdi[contains(text(), \"Close\")]"}
COMMAND: POST /session/cdd305857320dd590ea5bbf59a31d46e/element/f.492DEA3F6A95B07ADA96E928C4F8A0EF.d.4CA56E209AEDAA3C3D66AD93A47BD2AC.e.21263/click - {}
RESULT: {}
COMMAND: GET /session/cdd305857320dd590ea5bbf59a31d46e/screenshot - {}
RESULT: {}
COMMAND: POST /session/cdd305857320dd590ea5bbf59a31d46e/element - {"using":"xpath","value":"//header[contains(@id, 'detailRruPage-headerTitle')]/div[1]/div[2]/div[2]/span[1]"}
RESULT: {"using":"xpath","value":"//header[contains(@id, 'detailRruPage-headerTitle')]/div[1]/div[2]/div[2]/span[1]"}
COMMAND: POST /session/cdd305857320dd590ea5bbf59a31d46e/elements - {"using":"xpath","value":"//header[contains(@id, 'detailRruPage-headerTitle')]/div[1]/div[2]/div[2]/span[1]"}
RESULT: {"using":"xpath","value":"//header[contains(@id, 'detailRruPage-headerTitle')]/div[1]/div[2]/div[2]/span[1]"}
COMMAND: POST /session/cdd305857320dd590ea5bbf59a31d46e/execute/sync - {"script":"<script> [56 bytes]","args":[{"element-6066-11e4-a52e-4f735466cecf":"f.492DEA3F6A95B07ADA96E928C4F8A0EF.d.4CA56E209AEDAA3C3D66AD93A47BD2AC.e.21300","ELEMENT":"f.492DEA3F6A95B07ADA96E928C4F8A0EF.d.4CA56E209AEDAA3C3D66AD93A47BD2AC.e.21300"}]}
RESULT: {"script":"<script> [56 bytes]","args":[{"element-6066-11e4-a52e-4f735466cecf":"f.492DEA3F6A95B07ADA96E928C4F8A0EF.d.4CA56E209AEDAA3C3D66AD93A47BD2AC.e.21300","ELEMENT":"f.492DEA3F6A95B07ADA96E928C4F8A0EF.d.4CA56E209AEDAA3C3D66AD93A47BD2AC.e.21300"}]}
COMMAND: POST /session/cdd305857320dd590ea5bbf59a31d46e/element - {"using":"css selector","value":"#shell-header-logo"}
COMMAND: GET /session/cdd305857320dd590ea5bbf59a31d46e/screenshot - {}
RESULT: {"using":"css selector","value":"#shell-header-logo"}
COMMAND: POST /session/cdd305857320dd590ea5bbf59a31d46e/element/f.492DEA3F6A95B07ADA96E928C4F8A0EF.d.4CA56E209AEDAA3C3D66AD93A47BD2AC.e.20679/click - {}
RESULT: {}
RESULT: {}
COMMAND: GET /session/cdd305857320dd590ea5bbf59a31d46e/screenshot - {}
RESULT: {}
]]></system-out>
    </testcase>
    <testcase classname="chrome.136_0_7103_93.windows.Return_from_Site_w/_warehouse_management_w/_clarification_US125588" name="Bin Status Report Should Create New Organization yard" time="0.007"/>
    <testcase classname="chrome.136_0_7103_93.windows.Return_from_Site_w/_warehouse_management_w/_clarification_US125588" name="Bin Status Report Should Create New Organization for Site" time="0.004"/>
  </testsuite>
  <testsuite timestamp="2025-05-27T17:17:33" time="719.598" tests="7" failures="0" errors="0" skipped="0">
    <properties>
      <property name="specId" value="0"/>
      <property name="suiteName" value="Return from Site w/ warehouse management w clarification"/>
      <property name="capabilities" value="chrome.136_0_7103_93.windows"/>
      <property name="file" value="file:///D:/a/1/s/test/specs/HTR/return-from-site-w-warehouse-management-w-clarification.spec.js"/>
    </properties>
    <testcase classname="chrome.136_0_7103_93.windows.Return_from_Site_w/_warehouse_management_w_clarification" name="Should do a stock increase handover" time="90.797">
      <system-out><![CDATA[
COMMAND: POST /session/cdd305857320dd590ea5bbf59a31d46e/execute/async - {"script":"<script> [1562 bytes]","args":[{"selector":{"controlType":"sap.m.GenericTile","properties":{"header":"Manage Handovers"}},"wdio_ui5_key":"sapm.GenericTile{\"header\":\"Manage Handovers\"}"}]}
RESULT: {"script":"<script> [1562 bytes]","args":[{"selector":{"controlType":"sap.m.GenericTile","properties":{"header":"Manage Handovers"}},"wdio_ui5_key":"sapm.GenericTile{\"header\":\"Manage Handovers\"}"}]}
RESULT: undefined
COMMAND: POST /session/cdd305857320dd590ea5bbf59a31d46e/element - {"using":"xpath","value":"//*[@id=\"__tile131\"]"}
RESULT: {"using":"xpath","value":"//*[@id=\"__tile131\"]"}
COMMAND: POST /session/cdd305857320dd590ea5bbf59a31d46e/element/f.492DEA3F6A95B07ADA96E928C4F8A0EF.d.4CA56E209AEDAA3C3D66AD93A47BD2AC.e.20656/click - {}
RESULT: {}
COMMAND: GET /session/cdd305857320dd590ea5bbf59a31d46e/screenshot - {}
RESULT: {}
COMMAND: POST /session/cdd305857320dd590ea5bbf59a31d46e/elements - {"using":"xpath","value":"//span[text()='Error']"}
RESULT: {"using":"xpath","value":"//span[text()='Error']"}
COMMAND: POST /session/cdd305857320dd590ea5bbf59a31d46e/element - {"using":"xpath","value":"//button[@data-kt=\"masterHOAddButton\"]"}
RESULT: {"using":"xpath","value":"//button[@data-kt=\"masterHOAddButton\"]"}
COMMAND: POST /session/cdd305857320dd590ea5bbf59a31d46e/elements - {"using":"xpath","value":"//button[@data-kt=\"masterHOAddButton\"]"}
RESULT: {"using":"xpath","value":"//button[@data-kt=\"masterHOAddButton\"]"}
COMMAND: POST /session/cdd305857320dd590ea5bbf59a31d46e/execute/sync - {"script":"<script> [8489 bytes]","args":[{"element-6066-11e4-a52e-4f735466cecf":"f.492DEA3F6A95B07ADA96E928C4F8A0EF.d.4CA56E209AEDAA3C3D66AD93A47BD2AC.e.21336","ELEMENT":"f.492DEA3F6A95B07ADA96E928C4F8A0EF.d.4CA56E209AEDAA3C3D66AD93A47BD2AC.e.21336"}]}
RESULT: {"script":"<script> [8489 bytes]","args":[{"element-6066-11e4-a52e-4f735466cecf":"f.492DEA3F6A95B07ADA96E928C4F8A0EF.d.4CA56E209AEDAA3C3D66AD93A47BD2AC.e.21336","ELEMENT":"f.492DEA3F6A95B07ADA96E928C4F8A0EF.d.4CA56E209AEDAA3C3D66AD93A47BD2AC.e.21336"}]}
COMMAND: GET /session/cdd305857320dd590ea5bbf59a31d46e/element/f.492DEA3F6A95B07ADA96E928C4F8A0EF.d.4CA56E209AEDAA3C3D66AD93A47BD2AC.e.21336/enabled - {}
COMMAND: GET /session/cdd305857320dd590ea5bbf59a31d46e/screenshot - {}
RESULT: {}
COMMAND: POST /session/cdd305857320dd590ea5bbf59a31d46e/execute/sync - {"script":"<script> [8489 bytes]","args":[{"element-6066-11e4-a52e-4f735466cecf":"f.492DEA3F6A95B07ADA96E928C4F8A0EF.d.4CA56E209AEDAA3C3D66AD93A47BD2AC.e.21336","ELEMENT":"f.492DEA3F6A95B07ADA96E928C4F8A0EF.d.4CA56E209AEDAA3C3D66AD93A47BD2AC.e.21336"}]}
COMMAND: GET /session/cdd305857320dd590ea5bbf59a31d46e/screenshot - {}
RESULT: {}
RESULT: {"script":"<script> [8489 bytes]","args":[{"element-6066-11e4-a52e-4f735466cecf":"f.492DEA3F6A95B07ADA96E928C4F8A0EF.d.4CA56E209AEDAA3C3D66AD93A47BD2AC.e.21336","ELEMENT":"f.492DEA3F6A95B07ADA96E928C4F8A0EF.d.4CA56E209AEDAA3C3D66AD93A47BD2AC.e.21336"}]}
COMMAND: POST /session/cdd305857320dd590ea5bbf59a31d46e/execute/sync - {"script":"<script> [5351 bytes]","args":[{"element-6066-11e4-a52e-4f735466cecf":"f.492DEA3F6A95B07ADA96E928C4F8A0EF.d.4CA56E209AEDAA3C3D66AD93A47BD2AC.e.21336","ELEMENT":"f.492DEA3F6A95B07ADA96E928C4F8A0EF.d.4CA56E209AEDAA3C3D66AD93A47BD2AC.e.21336"}]}
COMMAND: GET /session/cdd305857320dd590ea5bbf59a31d46e/screenshot - {}
RESULT: {}
RESULT: {"script":"<script> [5351 bytes]","args":[{"element-6066-11e4-a52e-4f735466cecf":"f.492DEA3F6A95B07ADA96E928C4F8A0EF.d.4CA56E209AEDAA3C3D66AD93A47BD2AC.e.21336","ELEMENT":"f.492DEA3F6A95B07ADA96E928C4F8A0EF.d.4CA56E209AEDAA3C3D66AD93A47BD2AC.e.21336"}]}
COMMAND: POST /session/cdd305857320dd590ea5bbf59a31d46e/element/f.492DEA3F6A95B07ADA96E928C4F8A0EF.d.4CA56E209AEDAA3C3D66AD93A47BD2AC.e.21336/click - {}
COMMAND: GET /session/cdd305857320dd590ea5bbf59a31d46e/screenshot - {}
RESULT: {}
RESULT: {}
COMMAND: GET /session/cdd305857320dd590ea5bbf59a31d46e/screenshot - {}
RESULT: {}
COMMAND: POST /session/cdd305857320dd590ea5bbf59a31d46e/element - {"using":"xpath","value":"//span[contains(@id ,\"AddNewHO--typeSelect-arrow\")]"}
RESULT: {}
RESULT: {"using":"xpath","value":"//span[contains(@id ,\"AddNewHO--typeSelect-arrow\")]"}
COMMAND: POST /session/cdd305857320dd590ea5bbf59a31d46e/element/f.492DEA3F6A95B07ADA96E928C4F8A0EF.d.4CA56E209AEDAA3C3D66AD93A47BD2AC.e.21677/click - {}
RESULT: {}
COMMAND: GET /session/cdd305857320dd590ea5bbf59a31d46e/screenshot - {}
RESULT: {}
COMMAND: POST /session/cdd305857320dd590ea5bbf59a31d46e/element - {"using":"xpath","value":"(//li[contains(text(), \"stock increase yard\")])[1]"}
RESULT: {"using":"xpath","value":"(//li[contains(text(), \"stock increase yard\")])[1]"}
COMMAND: POST /session/cdd305857320dd590ea5bbf59a31d46e/element/f.492DEA3F6A95B07ADA96E928C4F8A0EF.d.4CA56E209AEDAA3C3D66AD93A47BD2AC.e.21678/click - {}
RESULT: {}
COMMAND: GET /session/cdd305857320dd590ea5bbf59a31d46e/screenshot - {}
RESULT: {}
COMMAND: POST /session/cdd305857320dd590ea5bbf59a31d46e/execute/async - {"script":"<script> [1562 bytes]","args":[{"selector":{"id":"application-managehandovers-display-component---AddNewHO--dueDate","interaction":{"idSuffix":"inner"}},"wdio_ui5_key":"applicationmanagehandovers-display-component---AddNewHO--dueDate"}]}
RESULT: {"script":"<script> [1562 bytes]","args":[{"selector":{"id":"application-managehandovers-display-component---AddNewHO--dueDate","interaction":{"idSuffix":"inner"}},"wdio_ui5_key":"applicationmanagehandovers-display-component---AddNewHO--dueDate"}]}
RESULT: undefined
COMMAND: POST /session/cdd305857320dd590ea5bbf59a31d46e/execute/async - {"script":"<script> [6424 bytes]","args":[{"element-6066-11e4-a52e-4f735466cecf":"f.492DEA3F6A95B07ADA96E928C4F8A0EF.d.4CA56E209AEDAA3C3D66AD93A47BD2AC.e.21680"},"setValue",["5/27/25"]]}
RESULT: {"script":"<script> [6424 bytes]","args":[{"element-6066-11e4-a52e-4f735466cecf":"f.492DEA3F6A95B07ADA96E928C4F8A0EF.d.4CA56E209AEDAA3C3D66AD93A47BD2AC.e.21680"},"setValue",["5/27/25"]]}
COMMAND: POST /session/cdd305857320dd590ea5bbf59a31d46e/element - {"using":"xpath","value":"//input[@id=\"generalSectionFrg--receiveYard-inner\"]"}
RESULT: {"using":"xpath","value":"//input[@id=\"generalSectionFrg--receiveYard-inner\"]"}
COMMAND: POST /session/cdd305857320dd590ea5bbf59a31d46e/element/f.492DEA3F6A95B07ADA96E928C4F8A0EF.d.4CA56E209AEDAA3C3D66AD93A47BD2AC.e.21686/clear - {}
RESULT: {}
COMMAND: POST /session/cdd305857320dd590ea5bbf59a31d46e/element/f.492DEA3F6A95B07ADA96E928C4F8A0EF.d.4CA56E209AEDAA3C3D66AD93A47BD2AC.e.21686/value - {"text":"388"}
COMMAND: GET /session/cdd305857320dd590ea5bbf59a31d46e/screenshot - {}
RESULT: {"text":"388"}
COMMAND: GET /session/cdd305857320dd590ea5bbf59a31d46e/screenshot - {}
RESULT: {}
RESULT: {}
COMMAND: POST /session/cdd305857320dd590ea5bbf59a31d46e/element - {"using":"xpath","value":"//li[.//span[text()='388']]"}
RESULT: {"using":"xpath","value":"//li[.//span[text()='388']]"}
COMMAND: POST /session/cdd305857320dd590ea5bbf59a31d46e/element/f.492DEA3F6A95B07ADA96E928C4F8A0EF.d.4CA56E209AEDAA3C3D66AD93A47BD2AC.e.21704/click - {}
RESULT: {}
COMMAND: GET /session/cdd305857320dd590ea5bbf59a31d46e/screenshot - {}
RESULT: {}
COMMAND: POST /session/cdd305857320dd590ea5bbf59a31d46e/execute/async - {"script":"<script> [1562 bytes]","args":[{"selector":{"id":"application-managehandovers-display-component---AddNewHO--ObjectPageLayout-anchBar-application-managehandovers-display-component---AddNewHO--section4-anchor","interaction":{"idSuffix":"BDI-content"}},"wdio_ui5_key":"applicationmanagehandovers-display-component---AddNewHO--ObjectPageLayout-anchBar-application-managehandovers-display-component---AddNewHO--section4-anchor"}]}
RESULT: {"script":"<script> [1562 bytes]","args":[{"selector":{"id":"application-managehandovers-display-component---AddNewHO--ObjectPageLayout-anchBar-application-managehandovers-display-component---AddNewHO--section4-anchor","interaction":{"idSuffix":"BDI-content"}},"wdio_ui5_key":"applicationmanagehandovers-display-component---AddNewHO--ObjectPageLayout-anchBar-application-managehandovers-display-component---AddNewHO--section4-anchor"}]}
RESULT: undefined
COMMAND: POST /session/cdd305857320dd590ea5bbf59a31d46e/element - {"using":"xpath","value":"//*[@id=\"application-managehandovers-display-component---AddNewHO--ObjectPageLayout-anchBar-application-managehandovers-display-component---AddNewHO--section4-anchor\"]"}
RESULT: {"using":"xpath","value":"//*[@id=\"application-managehandovers-display-component---AddNewHO--ObjectPageLayout-anchBar-application-managehandovers-display-component---AddNewHO--section4-anchor\"]"}
COMMAND: POST /session/cdd305857320dd590ea5bbf59a31d46e/element/f.492DEA3F6A95B07ADA96E928C4F8A0EF.d.4CA56E209AEDAA3C3D66AD93A47BD2AC.e.21706/click - {}
RESULT: {}
COMMAND: POST /session/cdd305857320dd590ea5bbf59a31d46e/element - {"using":"xpath","value":"//button[@aria-label=\"Add\"]"}
COMMAND: GET /session/cdd305857320dd590ea5bbf59a31d46e/screenshot - {}
RESULT: {"using":"xpath","value":"//button[@aria-label=\"Add\"]"}
COMMAND: POST /session/cdd305857320dd590ea5bbf59a31d46e/element/f.492DEA3F6A95B07ADA96E928C4F8A0EF.d.4CA56E209AEDAA3C3D66AD93A47BD2AC.e.21708/click - {}
RESULT: {}
RESULT: {}
COMMAND: GET /session/cdd305857320dd590ea5bbf59a31d46e/screenshot - {}
RESULT: {}
COMMAND: POST /session/cdd305857320dd590ea5bbf59a31d46e/execute/async - {"script":"<script> [1562 bytes]","args":[{"selector":{"id":"application-managehandovers-display-component---AddNewHO--smartFilterBar-btnBasicSearch","searchOpenDialogs":true,"interaction":{"idSuffix":"I"}},"wdio_ui5_key":"applicationmanagehandovers-display-component---AddNewHO--smartFilterBar-btnBasicSearch"}]}
RESULT: {"script":"<script> [1562 bytes]","args":[{"selector":{"id":"application-managehandovers-display-component---AddNewHO--smartFilterBar-btnBasicSearch","searchOpenDialogs":true,"interaction":{"idSuffix":"I"}},"wdio_ui5_key":"applicationmanagehandovers-display-component---AddNewHO--smartFilterBar-btnBasicSearch"}]}
RESULT: undefined
COMMAND: POST /session/cdd305857320dd590ea5bbf59a31d46e/execute/async - {"script":"<script> [776 bytes]","args":[{"enterText":"200217","selector":{"id":"application-managehandovers-display-component---AddNewHO--smartFilterBar-btnBasicSearch","searchOpenDialogs":true,"interaction":{"idSuffix":"I"}},"clearTextFirst":true,"interactionType":"ENTER_TEXT"}]}
RESULT: {"script":"<script> [776 bytes]","args":[{"enterText":"200217","selector":{"id":"application-managehandovers-display-component---AddNewHO--smartFilterBar-btnBasicSearch","searchOpenDialogs":true,"interaction":{"idSuffix":"I"}},"clearTextFirst":true,"interactionType":"ENTER_TEXT"}]}
COMMAND: POST /session/cdd305857320dd590ea5bbf59a31d46e/actions - {"actions":[{"id":"action66","type":"key","parameters":{},"actions":[{"type":"keyDown","value":""},{"type":"pause","duration":10},{"type":"keyUp","value":""}]}]}
RESULT: {"actions":[{"id":"action66","type":"key","parameters":{},"actions":[{"type":"keyDown","value":""},{"type":"pause","duration":10},{"type":"keyUp","value":""}]}]}
COMMAND: GET /session/cdd305857320dd590ea5bbf59a31d46e/screenshot - {}
RESULT: {}
COMMAND: POST /session/cdd305857320dd590ea5bbf59a31d46e/execute/async - {"script":"<script> [1562 bytes]","args":[{"selector":{"id":"application-managehandovers-display-component---AddNewHO--popup-sa","searchOpenDialogs":true,"interaction":{"idSuffix":"CbBg"}},"wdio_ui5_key":"applicationmanagehandovers-display-component---AddNewHO--popup-sa"}]}
RESULT: {"script":"<script> [1562 bytes]","args":[{"selector":{"id":"application-managehandovers-display-component---AddNewHO--popup-sa","searchOpenDialogs":true,"interaction":{"idSuffix":"CbBg"}},"wdio_ui5_key":"applicationmanagehandovers-display-component---AddNewHO--popup-sa"}]}
RESULT: undefined
COMMAND: POST /session/cdd305857320dd590ea5bbf59a31d46e/element - {"using":"xpath","value":"//*[@id=\"application-managehandovers-display-component---AddNewHO--popup-sa\"]"}
RESULT: {"using":"xpath","value":"//*[@id=\"application-managehandovers-display-component---AddNewHO--popup-sa\"]"}
COMMAND: POST /session/cdd305857320dd590ea5bbf59a31d46e/element/f.492DEA3F6A95B07ADA96E928C4F8A0EF.d.4CA56E209AEDAA3C3D66AD93A47BD2AC.e.21861/click - {}
RESULT: {}
COMMAND: GET /session/cdd305857320dd590ea5bbf59a31d46e/screenshot - {}
RESULT: {}
COMMAND: POST /session/cdd305857320dd590ea5bbf59a31d46e/element - {"using":"xpath","value":"//bdi[contains(text(), \"Select\")]"}
RESULT: {"using":"xpath","value":"//bdi[contains(text(), \"Select\")]"}
COMMAND: POST /session/cdd305857320dd590ea5bbf59a31d46e/element/f.492DEA3F6A95B07ADA96E928C4F8A0EF.d.4CA56E209AEDAA3C3D66AD93A47BD2AC.e.21862/click - {}
RESULT: {}
COMMAND: GET /session/cdd305857320dd590ea5bbf59a31d46e/screenshot - {}
RESULT: {}
COMMAND: POST /session/cdd305857320dd590ea5bbf59a31d46e/element - {"using":"xpath","value":"//button[@data-kt=\"AddNewHOSaveButton\"]"}
RESULT: {"using":"xpath","value":"//button[@data-kt=\"AddNewHOSaveButton\"]"}
COMMAND: POST /session/cdd305857320dd590ea5bbf59a31d46e/element/f.492DEA3F6A95B07ADA96E928C4F8A0EF.d.4CA56E209AEDAA3C3D66AD93A47BD2AC.e.21866/click - {}
RESULT: {}
COMMAND: GET /session/cdd305857320dd590ea5bbf59a31d46e/screenshot - {}
RESULT: {}
COMMAND: POST /session/cdd305857320dd590ea5bbf59a31d46e/execute/async - {"script":"<script> [1562 bytes]","args":[{"selector":{"id":"receiptDatePicker","viewName":"etm.portal.ui.managehandovers.view.DetailExecuteHO","interaction":{"idSuffix":"inner"}},"wdio_ui5_key":"receiptDatePickeretmportal.ui.managehandovers.view.DetailExecuteHO"}]}
RESULT: {"script":"<script> [1562 bytes]","args":[{"selector":{"id":"receiptDatePicker","viewName":"etm.portal.ui.managehandovers.view.DetailExecuteHO","interaction":{"idSuffix":"inner"}},"wdio_ui5_key":"receiptDatePickeretmportal.ui.managehandovers.view.DetailExecuteHO"}]}
RESULT: undefined
COMMAND: POST /session/cdd305857320dd590ea5bbf59a31d46e/execute/async - {"script":"<script> [6424 bytes]","args":[{"element-6066-11e4-a52e-4f735466cecf":"f.492DEA3F6A95B07ADA96E928C4F8A0EF.d.4CA56E209AEDAA3C3D66AD93A47BD2AC.e.21896"},"setValue",["5/27/25"]]}
RESULT: {"script":"<script> [6424 bytes]","args":[{"element-6066-11e4-a52e-4f735466cecf":"f.492DEA3F6A95B07ADA96E928C4F8A0EF.d.4CA56E209AEDAA3C3D66AD93A47BD2AC.e.21896"},"setValue",["5/27/25"]]}
COMMAND: POST /session/cdd305857320dd590ea5bbf59a31d46e/element - {"using":"xpath","value":"//button[@data-kt=\"ReceivingTableConfirmAllButton\"]"}
RESULT: {"using":"xpath","value":"//button[@data-kt=\"ReceivingTableConfirmAllButton\"]"}
COMMAND: POST /session/cdd305857320dd590ea5bbf59a31d46e/element/f.492DEA3F6A95B07ADA96E928C4F8A0EF.d.4CA56E209AEDAA3C3D66AD93A47BD2AC.e.21914/click - {}
RESULT: {}
COMMAND: GET /session/cdd305857320dd590ea5bbf59a31d46e/screenshot - {}
RESULT: {}
COMMAND: POST /session/cdd305857320dd590ea5bbf59a31d46e/element - {"using":"xpath","value":"//bdi[contains(text(), \"OK\")]"}
RESULT: {"using":"xpath","value":"//bdi[contains(text(), \"OK\")]"}
COMMAND: POST /session/cdd305857320dd590ea5bbf59a31d46e/element/f.492DEA3F6A95B07ADA96E928C4F8A0EF.d.4CA56E209AEDAA3C3D66AD93A47BD2AC.e.21916/click - {}
RESULT: {}
COMMAND: GET /session/cdd305857320dd590ea5bbf59a31d46e/screenshot - {}
RESULT: {}
COMMAND: POST /session/cdd305857320dd590ea5bbf59a31d46e/element - {"using":"xpath","value":"(//bdi[contains(text(), \"Receive\")])[2]"}
RESULT: {"using":"xpath","value":"(//bdi[contains(text(), \"Receive\")])[2]"}
COMMAND: POST /session/cdd305857320dd590ea5bbf59a31d46e/element/f.492DEA3F6A95B07ADA96E928C4F8A0EF.d.4CA56E209AEDAA3C3D66AD93A47BD2AC.e.21918/click - {}
RESULT: {}
COMMAND: GET /session/cdd305857320dd590ea5bbf59a31d46e/screenshot - {}
RESULT: {}
COMMAND: POST /session/cdd305857320dd590ea5bbf59a31d46e/element - {"using":"css selector","value":"#shell-header-logo"}
RESULT: {"using":"css selector","value":"#shell-header-logo"}
COMMAND: POST /session/cdd305857320dd590ea5bbf59a31d46e/element/f.492DEA3F6A95B07ADA96E928C4F8A0EF.d.4CA56E209AEDAA3C3D66AD93A47BD2AC.e.21303/click - {}
RESULT: {}
COMMAND: GET /session/cdd305857320dd590ea5bbf59a31d46e/screenshot - {}
RESULT: {}
]]></system-out>
    </testcase>
    <testcase classname="chrome.136_0_7103_93.windows.Return_from_Site_w/_warehouse_management_w_clarification" name="Should create a new contract" time="61.364">
      <system-out><![CDATA[
COMMAND: POST /session/cdd305857320dd590ea5bbf59a31d46e/execute/async - {"script":"<script> [1562 bytes]","args":[{"selector":{"controlType":"sap.m.GenericTile","properties":{"header":"Manage Contracts"}},"wdio_ui5_key":"sapm.GenericTile{\"header\":\"Manage Contracts\"}"}]}
RESULT: {"script":"<script> [1562 bytes]","args":[{"selector":{"controlType":"sap.m.GenericTile","properties":{"header":"Manage Contracts"}},"wdio_ui5_key":"sapm.GenericTile{\"header\":\"Manage Contracts\"}"}]}
RESULT: undefined
COMMAND: POST /session/cdd305857320dd590ea5bbf59a31d46e/element - {"using":"xpath","value":"//*[@id=\"__tile130\"]"}
RESULT: {"using":"xpath","value":"//*[@id=\"__tile130\"]"}
COMMAND: POST /session/cdd305857320dd590ea5bbf59a31d46e/element/f.492DEA3F6A95B07ADA96E928C4F8A0EF.d.4CA56E209AEDAA3C3D66AD93A47BD2AC.e.20594/click - {}
RESULT: {}
COMMAND: GET /session/cdd305857320dd590ea5bbf59a31d46e/screenshot - {}
RESULT: {}
COMMAND: POST /session/cdd305857320dd590ea5bbf59a31d46e/elements - {"using":"xpath","value":"//span[text()='Error']"}
RESULT: {"using":"xpath","value":"//span[text()='Error']"}
COMMAND: POST /session/cdd305857320dd590ea5bbf59a31d46e/element - {"using":"xpath","value":"//button[@data-kt=\"addButton\"]"}
RESULT: {"using":"xpath","value":"//button[@data-kt=\"addButton\"]"}
COMMAND: POST /session/cdd305857320dd590ea5bbf59a31d46e/elements - {"using":"xpath","value":"//button[@data-kt=\"addButton\"]"}
RESULT: {"using":"xpath","value":"//button[@data-kt=\"addButton\"]"}
COMMAND: POST /session/cdd305857320dd590ea5bbf59a31d46e/execute/sync - {"script":"<script> [8489 bytes]","args":[{"element-6066-11e4-a52e-4f735466cecf":"f.492DEA3F6A95B07ADA96E928C4F8A0EF.d.4CA56E209AEDAA3C3D66AD93A47BD2AC.e.22137","ELEMENT":"f.492DEA3F6A95B07ADA96E928C4F8A0EF.d.4CA56E209AEDAA3C3D66AD93A47BD2AC.e.22137"}]}
RESULT: {"script":"<script> [8489 bytes]","args":[{"element-6066-11e4-a52e-4f735466cecf":"f.492DEA3F6A95B07ADA96E928C4F8A0EF.d.4CA56E209AEDAA3C3D66AD93A47BD2AC.e.22137","ELEMENT":"f.492DEA3F6A95B07ADA96E928C4F8A0EF.d.4CA56E209AEDAA3C3D66AD93A47BD2AC.e.22137"}]}
COMMAND: GET /session/cdd305857320dd590ea5bbf59a31d46e/element/f.492DEA3F6A95B07ADA96E928C4F8A0EF.d.4CA56E209AEDAA3C3D66AD93A47BD2AC.e.22137/enabled - {}
COMMAND: GET /session/cdd305857320dd590ea5bbf59a31d46e/screenshot - {}
RESULT: {}
COMMAND: POST /session/cdd305857320dd590ea5bbf59a31d46e/execute/sync - {"script":"<script> [8489 bytes]","args":[{"element-6066-11e4-a52e-4f735466cecf":"f.492DEA3F6A95B07ADA96E928C4F8A0EF.d.4CA56E209AEDAA3C3D66AD93A47BD2AC.e.22137","ELEMENT":"f.492DEA3F6A95B07ADA96E928C4F8A0EF.d.4CA56E209AEDAA3C3D66AD93A47BD2AC.e.22137"}]}
COMMAND: GET /session/cdd305857320dd590ea5bbf59a31d46e/screenshot - {}
RESULT: {}
RESULT: {"script":"<script> [8489 bytes]","args":[{"element-6066-11e4-a52e-4f735466cecf":"f.492DEA3F6A95B07ADA96E928C4F8A0EF.d.4CA56E209AEDAA3C3D66AD93A47BD2AC.e.22137","ELEMENT":"f.492DEA3F6A95B07ADA96E928C4F8A0EF.d.4CA56E209AEDAA3C3D66AD93A47BD2AC.e.22137"}]}
COMMAND: POST /session/cdd305857320dd590ea5bbf59a31d46e/execute/sync - {"script":"<script> [5351 bytes]","args":[{"element-6066-11e4-a52e-4f735466cecf":"f.492DEA3F6A95B07ADA96E928C4F8A0EF.d.4CA56E209AEDAA3C3D66AD93A47BD2AC.e.22137","ELEMENT":"f.492DEA3F6A95B07ADA96E928C4F8A0EF.d.4CA56E209AEDAA3C3D66AD93A47BD2AC.e.22137"}]}
COMMAND: GET /session/cdd305857320dd590ea5bbf59a31d46e/screenshot - {}
RESULT: {}
RESULT: {"script":"<script> [5351 bytes]","args":[{"element-6066-11e4-a52e-4f735466cecf":"f.492DEA3F6A95B07ADA96E928C4F8A0EF.d.4CA56E209AEDAA3C3D66AD93A47BD2AC.e.22137","ELEMENT":"f.492DEA3F6A95B07ADA96E928C4F8A0EF.d.4CA56E209AEDAA3C3D66AD93A47BD2AC.e.22137"}]}
COMMAND: GET /session/cdd305857320dd590ea5bbf59a31d46e/screenshot - {}
RESULT: {}
RESULT: {}
COMMAND: POST /session/cdd305857320dd590ea5bbf59a31d46e/element/f.492DEA3F6A95B07ADA96E928C4F8A0EF.d.4CA56E209AEDAA3C3D66AD93A47BD2AC.e.22137/click - {}
RESULT: {}
COMMAND: GET /session/cdd305857320dd590ea5bbf59a31d46e/screenshot - {}
COMMAND: POST /session/cdd305857320dd590ea5bbf59a31d46e/execute/async - {"script":"<script> [1562 bytes]","args":[{"selector":{"id":"application-managecontracts-display-component---AddNewContract--projectDescription","interaction":{"idSuffix":"inner"}},"wdio_ui5_key":"applicationmanagecontracts-display-component---AddNewContract--projectDescription"}]}
RESULT: {}
RESULT: {"script":"<script> [1562 bytes]","args":[{"selector":{"id":"application-managecontracts-display-component---AddNewContract--projectDescription","interaction":{"idSuffix":"inner"}},"wdio_ui5_key":"applicationmanagecontracts-display-component---AddNewContract--projectDescription"}]}
RESULT: undefined
COMMAND: POST /session/cdd305857320dd590ea5bbf59a31d46e/execute/async - {"script":"<script> [776 bytes]","args":[{"enterText":"Contract WDIO","selector":{"id":"application-managecontracts-display-component---AddNewContract--projectDescription","interaction":{"idSuffix":"inner"}},"clearTextFirst":true,"interactionType":"ENTER_TEXT"}]}
RESULT: {"script":"<script> [776 bytes]","args":[{"enterText":"Contract WDIO","selector":{"id":"application-managecontracts-display-component---AddNewContract--projectDescription","interaction":{"idSuffix":"inner"}},"clearTextFirst":true,"interactionType":"ENTER_TEXT"}]}
COMMAND: POST /session/cdd305857320dd590ea5bbf59a31d46e/element - {"using":"xpath","value":"//input[@id=\"application-managecontracts-display-component---AddNewContract--site-inner\"]"}
RESULT: {"using":"xpath","value":"//input[@id=\"application-managecontracts-display-component---AddNewContract--site-inner\"]"}
COMMAND: POST /session/cdd305857320dd590ea5bbf59a31d46e/element/f.492DEA3F6A95B07ADA96E928C4F8A0EF.d.4CA56E209AEDAA3C3D66AD93A47BD2AC.e.22455/clear - {}
RESULT: {}
COMMAND: POST /session/cdd305857320dd590ea5bbf59a31d46e/element/f.492DEA3F6A95B07ADA96E928C4F8A0EF.d.4CA56E209AEDAA3C3D66AD93A47BD2AC.e.22455/value - {"text":"2182"}
COMMAND: GET /session/cdd305857320dd590ea5bbf59a31d46e/screenshot - {}
RESULT: {"text":"2182"}
COMMAND: GET /session/cdd305857320dd590ea5bbf59a31d46e/screenshot - {}
RESULT: {}
RESULT: {}
COMMAND: POST /session/cdd305857320dd590ea5bbf59a31d46e/element - {"using":"xpath","value":"//li[.//span[text()='2182']]"}
RESULT: {"using":"xpath","value":"//li[.//span[text()='2182']]"}
COMMAND: POST /session/cdd305857320dd590ea5bbf59a31d46e/element/f.492DEA3F6A95B07ADA96E928C4F8A0EF.d.4CA56E209AEDAA3C3D66AD93A47BD2AC.e.22537/click - {}
RESULT: {}
COMMAND: GET /session/cdd305857320dd590ea5bbf59a31d46e/screenshot - {}
RESULT: {}
COMMAND: POST /session/cdd305857320dd590ea5bbf59a31d46e/element - {"using":"xpath","value":"//input[@id=\"application-managecontracts-display-component---AddNewContract--yardId-inner\"]"}
RESULT: {"using":"xpath","value":"//input[@id=\"application-managecontracts-display-component---AddNewContract--yardId-inner\"]"}
COMMAND: GET /session/cdd305857320dd590ea5bbf59a31d46e/element/f.492DEA3F6A95B07ADA96E928C4F8A0EF.d.4CA56E209AEDAA3C3D66AD93A47BD2AC.e.22456/property/value - {}
RESULT: {}
COMMAND: POST /session/cdd305857320dd590ea5bbf59a31d46e/element - {"using":"xpath","value":"//input[@id=\"application-managecontracts-display-component---AddNewContract--customerSelect-inner\"]"}
COMMAND: GET /session/cdd305857320dd590ea5bbf59a31d46e/screenshot - {}
RESULT: {"using":"xpath","value":"//input[@id=\"application-managecontracts-display-component---AddNewContract--customerSelect-inner\"]"}
COMMAND: POST /session/cdd305857320dd590ea5bbf59a31d46e/element/f.492DEA3F6A95B07ADA96E928C4F8A0EF.d.4CA56E209AEDAA3C3D66AD93A47BD2AC.e.22454/clear - {}
RESULT: {}
RESULT: {}
COMMAND: POST /session/cdd305857320dd590ea5bbf59a31d46e/element/f.492DEA3F6A95B07ADA96E928C4F8A0EF.d.4CA56E209AEDAA3C3D66AD93A47BD2AC.e.22454/value - {"text":"1198"}
COMMAND: GET /session/cdd305857320dd590ea5bbf59a31d46e/screenshot - {}
RESULT: {"text":"1198"}
COMMAND: GET /session/cdd305857320dd590ea5bbf59a31d46e/screenshot - {}
RESULT: {}
RESULT: {}
COMMAND: POST /session/cdd305857320dd590ea5bbf59a31d46e/element - {"using":"xpath","value":"//li[.//span[text()='1198']]"}
RESULT: {"using":"xpath","value":"//li[.//span[text()='1198']]"}
COMMAND: POST /session/cdd305857320dd590ea5bbf59a31d46e/element/f.492DEA3F6A95B07ADA96E928C4F8A0EF.d.4CA56E209AEDAA3C3D66AD93A47BD2AC.e.22540/click - {}
RESULT: {}
COMMAND: GET /session/cdd305857320dd590ea5bbf59a31d46e/screenshot - {}
RESULT: {}
COMMAND: POST /session/cdd305857320dd590ea5bbf59a31d46e/element - {"using":"xpath","value":"//button[@data-kt=\"saveButton\"]"}
RESULT: {"using":"xpath","value":"//button[@data-kt=\"saveButton\"]"}
COMMAND: POST /session/cdd305857320dd590ea5bbf59a31d46e/element/f.492DEA3F6A95B07ADA96E928C4F8A0EF.d.4CA56E209AEDAA3C3D66AD93A47BD2AC.e.22530/click - {}
RESULT: {}
COMMAND: GET /session/cdd305857320dd590ea5bbf59a31d46e/screenshot - {}
RESULT: {}
COMMAND: POST /session/cdd305857320dd590ea5bbf59a31d46e/element - {"using":"xpath","value":"//span[contains(@id ,\"contractDetailTitleNoExpanded\")]"}
RESULT: {"using":"xpath","value":"//span[contains(@id ,\"contractDetailTitleNoExpanded\")]"}
COMMAND: POST /session/cdd305857320dd590ea5bbf59a31d46e/elements - {"using":"xpath","value":"//span[contains(@id ,\"contractDetailTitleNoExpanded\")]"}
RESULT: {"using":"xpath","value":"//span[contains(@id ,\"contractDetailTitleNoExpanded\")]"}
COMMAND: POST /session/cdd305857320dd590ea5bbf59a31d46e/execute/sync - {"script":"<script> [56 bytes]","args":[{"element-6066-11e4-a52e-4f735466cecf":"f.492DEA3F6A95B07ADA96E928C4F8A0EF.d.4CA56E209AEDAA3C3D66AD93A47BD2AC.e.22611","ELEMENT":"f.492DEA3F6A95B07ADA96E928C4F8A0EF.d.4CA56E209AEDAA3C3D66AD93A47BD2AC.e.22611"}]}
RESULT: {"script":"<script> [56 bytes]","args":[{"element-6066-11e4-a52e-4f735466cecf":"f.492DEA3F6A95B07ADA96E928C4F8A0EF.d.4CA56E209AEDAA3C3D66AD93A47BD2AC.e.22611","ELEMENT":"f.492DEA3F6A95B07ADA96E928C4F8A0EF.d.4CA56E209AEDAA3C3D66AD93A47BD2AC.e.22611"}]}
COMMAND: GET /session/cdd305857320dd590ea5bbf59a31d46e/screenshot - {}
RESULT: {}
]]></system-out>
    </testcase>
    <testcase classname="chrome.136_0_7103_93.windows.Return_from_Site_w/_warehouse_management_w_clarification" name="Should add equipment to the contract" time="58.753">
      <system-out><![CDATA[
COMMAND: POST /session/cdd305857320dd590ea5bbf59a31d46e/element - {"using":"xpath","value":"//button[@data-kt=\"contractDetailEditBtnButton\"]"}
RESULT: {"using":"xpath","value":"//button[@data-kt=\"contractDetailEditBtnButton\"]"}
COMMAND: POST /session/cdd305857320dd590ea5bbf59a31d46e/element/f.492DEA3F6A95B07ADA96E928C4F8A0EF.d.4CA56E209AEDAA3C3D66AD93A47BD2AC.e.22612/click - {}
RESULT: {}
COMMAND: GET /session/cdd305857320dd590ea5bbf59a31d46e/screenshot - {}
RESULT: {}
COMMAND: POST /session/cdd305857320dd590ea5bbf59a31d46e/element - {"using":"xpath","value":"(//span[contains(text(), \"Additional Addresses\")])[2]"}
RESULT: {"using":"xpath","value":"(//span[contains(text(), \"Additional Addresses\")])[2]"}
COMMAND: POST /session/cdd305857320dd590ea5bbf59a31d46e/element/f.492DEA3F6A95B07ADA96E928C4F8A0EF.d.4CA56E209AEDAA3C3D66AD93A47BD2AC.e.22668/click - {}
RESULT: {}
COMMAND: GET /session/cdd305857320dd590ea5bbf59a31d46e/screenshot - {}
RESULT: {}
COMMAND: POST /session/cdd305857320dd590ea5bbf59a31d46e/element - {"using":"xpath","value":"//button[@data-kt=\"btnAddTableRowOverflowToolbarButton\"]"}
RESULT: {"using":"xpath","value":"//button[@data-kt=\"btnAddTableRowOverflowToolbarButton\"]"}
COMMAND: POST /session/cdd305857320dd590ea5bbf59a31d46e/element/f.492DEA3F6A95B07ADA96E928C4F8A0EF.d.4CA56E209AEDAA3C3D66AD93A47BD2AC.e.22671/click - {}
RESULT: {}
COMMAND: GET /session/cdd305857320dd590ea5bbf59a31d46e/screenshot - {}
RESULT: {}
COMMAND: POST /session/cdd305857320dd590ea5bbf59a31d46e/element - {"using":"xpath","value":"//div[(text() = 'Standard Entry' or . = 'Standard Entry')]"}
RESULT: {"using":"xpath","value":"//div[(text() = 'Standard Entry' or . = 'Standard Entry')]"}
COMMAND: POST /session/cdd305857320dd590ea5bbf59a31d46e/element/f.492DEA3F6A95B07ADA96E928C4F8A0EF.d.4CA56E209AEDAA3C3D66AD93A47BD2AC.e.22673/click - {}
RESULT: {}
COMMAND: GET /session/cdd305857320dd590ea5bbf59a31d46e/screenshot - {}
RESULT: {}
COMMAND: POST /session/cdd305857320dd590ea5bbf59a31d46e/element - {"using":"xpath","value":"//td[6]/div/div/div/span"}
RESULT: {"using":"xpath","value":"//td[6]/div/div/div/span"}
COMMAND: POST /session/cdd305857320dd590ea5bbf59a31d46e/element/f.492DEA3F6A95B07ADA96E928C4F8A0EF.d.4CA56E209AEDAA3C3D66AD93A47BD2AC.e.22685/click - {}
RESULT: {}
COMMAND: GET /session/cdd305857320dd590ea5bbf59a31d46e/screenshot - {}
RESULT: {}
COMMAND: POST /session/cdd305857320dd590ea5bbf59a31d46e/element - {"using":"xpath","value":"(//span[contains(text(), \"Material\")])"}
RESULT: {"using":"xpath","value":"(//span[contains(text(), \"Material\")])"}
COMMAND: POST /session/cdd305857320dd590ea5bbf59a31d46e/element/f.492DEA3F6A95B07ADA96E928C4F8A0EF.d.4CA56E209AEDAA3C3D66AD93A47BD2AC.e.22686/click - {}
RESULT: {}
COMMAND: GET /session/cdd305857320dd590ea5bbf59a31d46e/screenshot - {}
RESULT: {}
COMMAND: POST /session/cdd305857320dd590ea5bbf59a31d46e/element - {"using":"xpath","value":"//td[7]/div/div/input"}
RESULT: {"using":"xpath","value":"//td[7]/div/div/input"}
COMMAND: POST /session/cdd305857320dd590ea5bbf59a31d46e/element/f.492DEA3F6A95B07ADA96E928C4F8A0EF.d.4CA56E209AEDAA3C3D66AD93A47BD2AC.e.22690/clear - {}
RESULT: {}
COMMAND: POST /session/cdd305857320dd590ea5bbf59a31d46e/element/f.492DEA3F6A95B07ADA96E928C4F8A0EF.d.4CA56E209AEDAA3C3D66AD93A47BD2AC.e.22690/value - {"text":"200217"}
COMMAND: GET /session/cdd305857320dd590ea5bbf59a31d46e/screenshot - {}
RESULT: {"text":"200217"}
COMMAND: GET /session/cdd305857320dd590ea5bbf59a31d46e/screenshot - {}
RESULT: {}
RESULT: {}
COMMAND: POST /session/cdd305857320dd590ea5bbf59a31d46e/actions - {"actions":[{"id":"action67","type":"key","parameters":{},"actions":[{"type":"keyDown","value":""},{"type":"pause","duration":10},{"type":"keyUp","value":""}]}]}
RESULT: {"actions":[{"id":"action67","type":"key","parameters":{},"actions":[{"type":"keyDown","value":""},{"type":"pause","duration":10},{"type":"keyUp","value":""}]}]}
COMMAND: GET /session/cdd305857320dd590ea5bbf59a31d46e/screenshot - {}
RESULT: {}
COMMAND: POST /session/cdd305857320dd590ea5bbf59a31d46e/execute/sync - {"script":"<script> [276 bytes]","args":["No pricing information was found"]}
RESULT: {"script":"<script> [276 bytes]","args":["No pricing information was found"]}
COMMAND: POST /session/cdd305857320dd590ea5bbf59a31d46e/element - {"using":"xpath","value":"//bdi[contains(text(), \"OK\")]"}
COMMAND: GET /session/cdd305857320dd590ea5bbf59a31d46e/screenshot - {}
RESULT: {"using":"xpath","value":"//bdi[contains(text(), \"OK\")]"}
COMMAND: POST /session/cdd305857320dd590ea5bbf59a31d46e/element/f.492DEA3F6A95B07ADA96E928C4F8A0EF.d.4CA56E209AEDAA3C3D66AD93A47BD2AC.e.22716/click - {}
RESULT: {}
RESULT: {}
COMMAND: GET /session/cdd305857320dd590ea5bbf59a31d46e/screenshot - {}
RESULT: {}
COMMAND: POST /session/cdd305857320dd590ea5bbf59a31d46e/element - {"using":"xpath","value":"(//button[@data-kt=\"saveButton\"])[2]"}
RESULT: {"using":"xpath","value":"(//button[@data-kt=\"saveButton\"])[2]"}
COMMAND: POST /session/cdd305857320dd590ea5bbf59a31d46e/element/f.492DEA3F6A95B07ADA96E928C4F8A0EF.d.4CA56E209AEDAA3C3D66AD93A47BD2AC.e.22717/click - {}
RESULT: {}
COMMAND: GET /session/cdd305857320dd590ea5bbf59a31d46e/screenshot - {}
RESULT: {}
COMMAND: POST /session/cdd305857320dd590ea5bbf59a31d46e/execute/sync - {"script":"<script> [276 bytes]","args":["Some contract items are having rental validity exceeding header rental validity"]}
RESULT: {"script":"<script> [276 bytes]","args":["Some contract items are having rental validity exceeding header rental validity"]}
COMMAND: GET /session/cdd305857320dd590ea5bbf59a31d46e/screenshot - {}
RESULT: {}
COMMAND: POST /session/cdd305857320dd590ea5bbf59a31d46e/element - {"using":"xpath","value":"//span[contains(@id ,\"contractItemsSmartTable-header-inner\")]"}
RESULT: {"using":"xpath","value":"//span[contains(@id ,\"contractItemsSmartTable-header-inner\")]"}
COMMAND: POST /session/cdd305857320dd590ea5bbf59a31d46e/elements - {"using":"xpath","value":"//span[contains(@id ,\"contractItemsSmartTable-header-inner\")]"}
RESULT: {"using":"xpath","value":"//span[contains(@id ,\"contractItemsSmartTable-header-inner\")]"}
COMMAND: POST /session/cdd305857320dd590ea5bbf59a31d46e/execute/sync - {"script":"<script> [56 bytes]","args":[{"element-6066-11e4-a52e-4f735466cecf":"f.492DEA3F6A95B07ADA96E928C4F8A0EF.d.4CA56E209AEDAA3C3D66AD93A47BD2AC.e.22721","ELEMENT":"f.492DEA3F6A95B07ADA96E928C4F8A0EF.d.4CA56E209AEDAA3C3D66AD93A47BD2AC.e.22721"}]}
RESULT: {"script":"<script> [56 bytes]","args":[{"element-6066-11e4-a52e-4f735466cecf":"f.492DEA3F6A95B07ADA96E928C4F8A0EF.d.4CA56E209AEDAA3C3D66AD93A47BD2AC.e.22721","ELEMENT":"f.492DEA3F6A95B07ADA96E928C4F8A0EF.d.4CA56E209AEDAA3C3D66AD93A47BD2AC.e.22721"}]}
]]></system-out>
    </testcase>
    <testcase classname="chrome.136_0_7103_93.windows.Return_from_Site_w/_warehouse_management_w_clarification" name="Should provide to site" time="41.803">
      <system-out><![CDATA[
COMMAND: GET /session/cdd305857320dd590ea5bbf59a31d46e/screenshot - {}
COMMAND: POST /session/cdd305857320dd590ea5bbf59a31d46e/element - {"using":"xpath","value":"//button[@data-kt=\"provideButton\"]"}
RESULT: {}
RESULT: {"using":"xpath","value":"//button[@data-kt=\"provideButton\"]"}
COMMAND: POST /session/cdd305857320dd590ea5bbf59a31d46e/element/f.492DEA3F6A95B07ADA96E928C4F8A0EF.d.4CA56E209AEDAA3C3D66AD93A47BD2AC.e.22722/click - {}
RESULT: {}
COMMAND: GET /session/cdd305857320dd590ea5bbf59a31d46e/screenshot - {}
RESULT: {}
RESULT: undefined
COMMAND: POST /session/cdd305857320dd590ea5bbf59a31d46e/execute/async - {"script":"<script> [6424 bytes]","args":[{"element-6066-11e4-a52e-4f735466cecf":"f.492DEA3F6A95B07ADA96E928C4F8A0EF.d.4CA56E209AEDAA3C3D66AD93A47BD2AC.e.21680"},"setValue",["05/27/25"]]}
COMMAND: POST /session/cdd305857320dd590ea5bbf59a31d46e/execute/async - {"script":"<script> [1562 bytes]","args":[{"selector":{"id":"application-managehandovers-display-component---AddNewHO--dueDate","interaction":{"idSuffix":"inner"}},"wdio_ui5_key":"applicationmanagehandovers-display-component---AddNewHO--dueDate"}]}
RESULT: {"script":"<script> [1562 bytes]","args":[{"selector":{"id":"application-managehandovers-display-component---AddNewHO--dueDate","interaction":{"idSuffix":"inner"}},"wdio_ui5_key":"applicationmanagehandovers-display-component---AddNewHO--dueDate"}]}
COMMAND: POST /session/cdd305857320dd590ea5bbf59a31d46e/execute/async - {"script":"<script> [6424 bytes]","args":[{"element-6066-11e4-a52e-4f735466cecf":"f.492DEA3F6A95B07ADA96E928C4F8A0EF.d.4CA56E209AEDAA3C3D66AD93A47BD2AC.e.22779"},"setValue",["05/27/25"]]}
RESULT: {"script":"<script> [6424 bytes]","args":[{"element-6066-11e4-a52e-4f735466cecf":"f.492DEA3F6A95B07ADA96E928C4F8A0EF.d.4CA56E209AEDAA3C3D66AD93A47BD2AC.e.22779"},"setValue",["05/27/25"]]}
COMMAND: POST /session/cdd305857320dd590ea5bbf59a31d46e/element - {"using":"xpath","value":"//bdi[contains(text(), \"Instructions\")]"}
RESULT: {"using":"xpath","value":"//bdi[contains(text(), \"Instructions\")]"}
COMMAND: POST /session/cdd305857320dd590ea5bbf59a31d46e/element/f.492DEA3F6A95B07ADA96E928C4F8A0EF.d.4CA56E209AEDAA3C3D66AD93A47BD2AC.e.23040/click - {}
RESULT: {}
COMMAND: GET /session/cdd305857320dd590ea5bbf59a31d46e/screenshot - {}
RESULT: {}
COMMAND: POST /session/cdd305857320dd590ea5bbf59a31d46e/element - {"using":"xpath","value":"//button[@data-kt=\"AddNewHOProvideAddItemsButton\"]"}
RESULT: {"using":"xpath","value":"//button[@data-kt=\"AddNewHOProvideAddItemsButton\"]"}
COMMAND: POST /session/cdd305857320dd590ea5bbf59a31d46e/element/f.492DEA3F6A95B07ADA96E928C4F8A0EF.d.4CA56E209AEDAA3C3D66AD93A47BD2AC.e.23044/click - {}
RESULT: {}
COMMAND: GET /session/cdd305857320dd590ea5bbf59a31d46e/screenshot - {}
RESULT: {}
RESULT: undefined
COMMAND: POST /session/cdd305857320dd590ea5bbf59a31d46e/element - {"using":"xpath","value":"//*[@id=\"application-managehandovers-display-component---AddNewHO--popup-sa\"]"}
RESULT: {"using":"xpath","value":"//*[@id=\"application-managehandovers-display-component---AddNewHO--popup-sa\"]"}
COMMAND: POST /session/cdd305857320dd590ea5bbf59a31d46e/element/f.492DEA3F6A95B07ADA96E928C4F8A0EF.d.4CA56E209AEDAA3C3D66AD93A47BD2AC.e.23051/click - {}
RESULT: {}
COMMAND: GET /session/cdd305857320dd590ea5bbf59a31d46e/screenshot - {}
RESULT: {}
COMMAND: POST /session/cdd305857320dd590ea5bbf59a31d46e/element - {"using":"xpath","value":"//*[contains(@id ,\"BDI-content\")][contains(text(), \"Select\")]"}
RESULT: {"using":"xpath","value":"//*[contains(@id ,\"BDI-content\")][contains(text(), \"Select\")]"}
COMMAND: POST /session/cdd305857320dd590ea5bbf59a31d46e/element/f.492DEA3F6A95B07ADA96E928C4F8A0EF.d.4CA56E209AEDAA3C3D66AD93A47BD2AC.e.23053/click - {}
RESULT: {}
COMMAND: GET /session/cdd305857320dd590ea5bbf59a31d46e/screenshot - {}
RESULT: {}
COMMAND: POST /session/cdd305857320dd590ea5bbf59a31d46e/element - {"using":"xpath","value":"//bdi[(text() = 'Save' or . = 'Save')]"}
RESULT: {"using":"xpath","value":"//bdi[(text() = 'Save' or . = 'Save')]"}
COMMAND: POST /session/cdd305857320dd590ea5bbf59a31d46e/element/f.492DEA3F6A95B07ADA96E928C4F8A0EF.d.4CA56E209AEDAA3C3D66AD93A47BD2AC.e.23061/click - {}
RESULT: {}
COMMAND: GET /session/cdd305857320dd590ea5bbf59a31d46e/screenshot - {}
RESULT: {}
]]></system-out>
    </testcase>
    <testcase classname="chrome.136_0_7103_93.windows.Return_from_Site_w/_warehouse_management_w_clarification" name="Should test for Handover Execution" time="162.123">
      <system-out><![CDATA[
COMMAND: POST /session/cdd305857320dd590ea5bbf59a31d46e/execute/async - {"script":"<script> [1562 bytes]","args":[{"selector":{"controlType":"sap.m.Link","viewName":"etm.portal.ui.managehandovers.view.DetailExecuteHO","bindingPath":{"path":"","propertyPath":"/wmDoc","modelName":"warehouseMovModel"}},"wdio_ui5_key":"etmportal.ui.managehandovers.view.DetailExecuteHOsap.m.Link{\"path\":\"\",\"propertyPath\":\"/wmDoc\",\"modelName\":\"warehouseMovModel\"}"}]}
RESULT: {"script":"<script> [1562 bytes]","args":[{"selector":{"controlType":"sap.m.Link","viewName":"etm.portal.ui.managehandovers.view.DetailExecuteHO","bindingPath":{"path":"","propertyPath":"/wmDoc","modelName":"warehouseMovModel"}},"wdio_ui5_key":"etmportal.ui.managehandovers.view.DetailExecuteHOsap.m.Link{\"path\":\"\",\"propertyPath\":\"/wmDoc\",\"modelName\":\"warehouseMovModel\"}"}]}
RESULT: undefined
COMMAND: POST /session/cdd305857320dd590ea5bbf59a31d46e/element - {"using":"xpath","value":"//*[@id=\"__link82\"]"}
RESULT: {"using":"xpath","value":"//*[@id=\"__link82\"]"}
COMMAND: POST /session/cdd305857320dd590ea5bbf59a31d46e/element/f.492DEA3F6A95B07ADA96E928C4F8A0EF.d.4CA56E209AEDAA3C3D66AD93A47BD2AC.e.23102/click - {}
RESULT: {}
COMMAND: GET /session/cdd305857320dd590ea5bbf59a31d46e/screenshot - {}
RESULT: {}
COMMAND: POST /session/cdd305857320dd590ea5bbf59a31d46e/execute/async - {"script":"<script> [1562 bytes]","args":[{"selector":{"controlType":"sap.m.Link","viewName":"etm.portal.ui.managehandovers.view.DetailExecuteHO","properties":{"text":"Warehouse Overview"},"searchOpenDialogs":true},"wdio_ui5_key":"etmportal.ui.managehandovers.view.DetailExecuteHOsap.m.Link{\"text\":\"Warehouse Overview\"}"}]}
RESULT: {"script":"<script> [1562 bytes]","args":[{"selector":{"controlType":"sap.m.Link","viewName":"etm.portal.ui.managehandovers.view.DetailExecuteHO","properties":{"text":"Warehouse Overview"},"searchOpenDialogs":true},"wdio_ui5_key":"etmportal.ui.managehandovers.view.DetailExecuteHOsap.m.Link{\"text\":\"Warehouse Overview\"}"}]}
RESULT: undefined
COMMAND: POST /session/cdd305857320dd590ea5bbf59a31d46e/element - {"using":"xpath","value":"//*[@id=\"__link98\"]"}
RESULT: {"using":"xpath","value":"//*[@id=\"__link98\"]"}
COMMAND: POST /session/cdd305857320dd590ea5bbf59a31d46e/element/f.492DEA3F6A95B07ADA96E928C4F8A0EF.d.4CA56E209AEDAA3C3D66AD93A47BD2AC.e.23106/click - {}
RESULT: {}
COMMAND: GET /session/cdd305857320dd590ea5bbf59a31d46e/screenshot - {}
RESULT: {}
COMMAND: POST /session/cdd305857320dd590ea5bbf59a31d46e/execute/async - {"script":"<script> [1562 bytes]","args":[{"selector":{"controlType":"sap.m.Button","viewName":"etm.portal.ui.warehousemovements.view.DisplayMovement","viewId":"application-warehousemovements-display-component---displayMovement","i18NText":{"propertyName":"text","key":"execution"},"interaction":{"idSuffix":"BDI-content"}},"wdio_ui5_key":"etmportal.ui.warehousemovements.view.DisplayMovementsap.m.Button{\"propertyName\":\"text\",\"key\":\"execution\"}"}]}
RESULT: {"script":"<script> [1562 bytes]","args":[{"selector":{"controlType":"sap.m.Button","viewName":"etm.portal.ui.warehousemovements.view.DisplayMovement","viewId":"application-warehousemovements-display-component---displayMovement","i18NText":{"propertyName":"text","key":"execution"},"interaction":{"idSuffix":"BDI-content"}},"wdio_ui5_key":"etmportal.ui.warehousemovements.view.DisplayMovementsap.m.Button{\"propertyName\":\"text\",\"key\":\"execution\"}"}]}
RESULT: undefined
COMMAND: POST /session/cdd305857320dd590ea5bbf59a31d46e/element - {"using":"xpath","value":"//*[@id=\"__button247\"]"}
RESULT: {"using":"xpath","value":"//*[@id=\"__button247\"]"}
COMMAND: POST /session/cdd305857320dd590ea5bbf59a31d46e/element/f.492DEA3F6A95B07ADA96E928C4F8A0EF.d.4CA56E209AEDAA3C3D66AD93A47BD2AC.e.23220/click - {}
RESULT: {}
COMMAND: GET /session/cdd305857320dd590ea5bbf59a31d46e/screenshot - {}
RESULT: {}
COMMAND: POST /session/cdd305857320dd590ea5bbf59a31d46e/execute/async - {"script":"<script> [1562 bytes]","args":[{"selector":{"controlType":"sap.m.Button","viewName":"etm.portal.ui.warehousemovements.view.ExecuteMovement","viewId":"application-warehousemovements-display-component---executeMovement","properties":{"text":"Items"},"interaction":{"idSuffix":"BDI-content"}},"wdio_ui5_key":"etmportal.ui.warehousemovements.view.ExecuteMovementsap.m.Button{\"text\":\"Items\"}"}]}
RESULT: {"script":"<script> [1562 bytes]","args":[{"selector":{"controlType":"sap.m.Button","viewName":"etm.portal.ui.warehousemovements.view.ExecuteMovement","viewId":"application-warehousemovements-display-component---executeMovement","properties":{"text":"Items"},"interaction":{"idSuffix":"BDI-content"}},"wdio_ui5_key":"etmportal.ui.warehousemovements.view.ExecuteMovementsap.m.Button{\"text\":\"Items\"}"}]}
RESULT: undefined
COMMAND: POST /session/cdd305857320dd590ea5bbf59a31d46e/element - {"using":"xpath","value":"//*[@id=\"__layout379-anchBar-application-warehousemovements-display-component---executeMovement--itemsSection-anchor\"]"}
RESULT: {"using":"xpath","value":"//*[@id=\"__layout379-anchBar-application-warehousemovements-display-component---executeMovement--itemsSection-anchor\"]"}
COMMAND: POST /session/cdd305857320dd590ea5bbf59a31d46e/element/f.492DEA3F6A95B07ADA96E928C4F8A0EF.d.4CA56E209AEDAA3C3D66AD93A47BD2AC.e.23323/click - {}
RESULT: {}
COMMAND: GET /session/cdd305857320dd590ea5bbf59a31d46e/screenshot - {}
RESULT: {}
COMMAND: POST /session/cdd305857320dd590ea5bbf59a31d46e/execute/async - {"script":"<script> [1562 bytes]","args":[{"selector":{"controlType":"sap.m.ToggleButton","viewName":"etm.portal.ui.warehousemovements.view.ExecuteMovement","viewId":"application-warehousemovements-display-component---executeMovement","bindingPath":{"propertyPath":"STATUS","modelName":"catalogModel"},"interaction":{"idSuffix":"BDI-content"}},"wdio_ui5_key":"etmportal.ui.warehousemovements.view.ExecuteMovementsap.m.ToggleButton{\"propertyPath\":\"STATUS\",\"modelName\":\"catalogModel\"}"}]}
RESULT: {"script":"<script> [1562 bytes]","args":[{"selector":{"controlType":"sap.m.ToggleButton","viewName":"etm.portal.ui.warehousemovements.view.ExecuteMovement","viewId":"application-warehousemovements-display-component---executeMovement","bindingPath":{"propertyPath":"STATUS","modelName":"catalogModel"},"interaction":{"idSuffix":"BDI-content"}},"wdio_ui5_key":"etmportal.ui.warehousemovements.view.ExecuteMovementsap.m.ToggleButton{\"propertyPath\":\"STATUS\",\"modelName\":\"catalogModel\"}"}]}
RESULT: undefined
COMMAND: POST /session/cdd305857320dd590ea5bbf59a31d46e/element - {"using":"xpath","value":"//*[@id=\"__button272-__clone2917\"]"}
RESULT: {"using":"xpath","value":"//*[@id=\"__button272-__clone2917\"]"}
COMMAND: POST /session/cdd305857320dd590ea5bbf59a31d46e/element/f.492DEA3F6A95B07ADA96E928C4F8A0EF.d.4CA56E209AEDAA3C3D66AD93A47BD2AC.e.23301/click - {}
RESULT: {}
RESULT: undefined
COMMAND: POST /session/cdd305857320dd590ea5bbf59a31d46e/element - {"using":"xpath","value":"//*[@id=\"__button272-__clone2917\"]"}
COMMAND: GET /session/cdd305857320dd590ea5bbf59a31d46e/screenshot - {}
RESULT: {"using":"xpath","value":"//*[@id=\"__button272-__clone2917\"]"}
COMMAND: POST /session/cdd305857320dd590ea5bbf59a31d46e/element/f.492DEA3F6A95B07ADA96E928C4F8A0EF.d.4CA56E209AEDAA3C3D66AD93A47BD2AC.e.23301/click - {}
RESULT: {}
RESULT: {}
COMMAND: GET /session/cdd305857320dd590ea5bbf59a31d46e/screenshot - {}
RESULT: {}
COMMAND: POST /session/cdd305857320dd590ea5bbf59a31d46e/element - {"using":"xpath","value":"//section[contains(@id,\"FC-NoHead\")]/div[1]/div[5]/div[2]/span"}
RESULT: {"using":"xpath","value":"//section[contains(@id,\"FC-NoHead\")]/div[1]/div[5]/div[2]/span"}
COMMAND: POST /session/cdd305857320dd590ea5bbf59a31d46e/elements - {"using":"xpath","value":"//section[contains(@id,\"FC-NoHead\")]/div[1]/div[5]/div[2]/span"}
RESULT: {"using":"xpath","value":"//section[contains(@id,\"FC-NoHead\")]/div[1]/div[5]/div[2]/span"}
COMMAND: POST /session/cdd305857320dd590ea5bbf59a31d46e/execute/sync - {"script":"<script> [56 bytes]","args":[{"element-6066-11e4-a52e-4f735466cecf":"f.492DEA3F6A95B07ADA96E928C4F8A0EF.d.4CA56E209AEDAA3C3D66AD93A47BD2AC.e.23330","ELEMENT":"f.492DEA3F6A95B07ADA96E928C4F8A0EF.d.4CA56E209AEDAA3C3D66AD93A47BD2AC.e.23330"}]}
RESULT: {"script":"<script> [56 bytes]","args":[{"element-6066-11e4-a52e-4f735466cecf":"f.492DEA3F6A95B07ADA96E928C4F8A0EF.d.4CA56E209AEDAA3C3D66AD93A47BD2AC.e.23330","ELEMENT":"f.492DEA3F6A95B07ADA96E928C4F8A0EF.d.4CA56E209AEDAA3C3D66AD93A47BD2AC.e.23330"}]}
COMMAND: POST /session/cdd305857320dd590ea5bbf59a31d46e/actions - {"actions":[{"id":"action68","type":"key","parameters":{},"actions":[{"type":"keyDown","value":""},{"type":"pause","duration":10},{"type":"keyUp","value":""}]}]}
COMMAND: GET /session/cdd305857320dd590ea5bbf59a31d46e/screenshot - {}
RESULT: {"actions":[{"id":"action68","type":"key","parameters":{},"actions":[{"type":"keyDown","value":""},{"type":"pause","duration":10},{"type":"keyUp","value":""}]}]}
COMMAND: POST /session/cdd305857320dd590ea5bbf59a31d46e/execute/async - {"script":"<script> [1562 bytes]","args":[{"selector":{"id":"application-warehousemovements-display-component---executeMovement--executeId","interaction":{"idSuffix":"BDI-content"}},"wdio_ui5_key":"applicationwarehousemovements-display-component---executeMovement--executeId"}]}
COMMAND: GET /session/cdd305857320dd590ea5bbf59a31d46e/screenshot - {}
RESULT: {}
RESULT: {"script":"<script> [1562 bytes]","args":[{"selector":{"id":"application-warehousemovements-display-component---executeMovement--executeId","interaction":{"idSuffix":"BDI-content"}},"wdio_ui5_key":"applicationwarehousemovements-display-component---executeMovement--executeId"}]}
RESULT: undefined
COMMAND: POST /session/cdd305857320dd590ea5bbf59a31d46e/element - {"using":"xpath","value":"//*[@id=\"application-warehousemovements-display-component---executeMovement--executeId\"]"}
RESULT: {}
RESULT: {"using":"xpath","value":"//*[@id=\"application-warehousemovements-display-component---executeMovement--executeId\"]"}
COMMAND: POST /session/cdd305857320dd590ea5bbf59a31d46e/element/f.492DEA3F6A95B07ADA96E928C4F8A0EF.d.4CA56E209AEDAA3C3D66AD93A47BD2AC.e.23295/click - {}
RESULT: {}
COMMAND: GET /session/cdd305857320dd590ea5bbf59a31d46e/screenshot - {}
RESULT: {}
COMMAND: POST /session/cdd305857320dd590ea5bbf59a31d46e/element - {"using":"css selector","value":"#shell-header-logo"}
RESULT: {"using":"css selector","value":"#shell-header-logo"}
COMMAND: POST /session/cdd305857320dd590ea5bbf59a31d46e/element/f.492DEA3F6A95B07ADA96E928C4F8A0EF.d.4CA56E209AEDAA3C3D66AD93A47BD2AC.e.22092/click - {}
RESULT: {}
COMMAND: GET /session/cdd305857320dd590ea5bbf59a31d46e/screenshot - {}
RESULT: {}
RESULT: undefined
COMMAND: POST /session/cdd305857320dd590ea5bbf59a31d46e/element - {"using":"xpath","value":"//*[@id=\"__tile131\"]"}
RESULT: {"using":"xpath","value":"//*[@id=\"__tile131\"]"}
COMMAND: POST /session/cdd305857320dd590ea5bbf59a31d46e/element/f.492DEA3F6A95B07ADA96E928C4F8A0EF.d.4CA56E209AEDAA3C3D66AD93A47BD2AC.e.20656/click - {}
RESULT: {}
COMMAND: GET /session/cdd305857320dd590ea5bbf59a31d46e/screenshot - {}
RESULT: {}
COMMAND: POST /session/cdd305857320dd590ea5bbf59a31d46e/elements - {"using":"xpath","value":"//span[text()='Error']"}
RESULT: {"using":"xpath","value":"//span[text()='Error']"}
COMMAND: POST /session/cdd305857320dd590ea5bbf59a31d46e/execute/async - {"script":"<script> [1562 bytes]","args":[{"selector":{"controlType":"sap.m.SearchField","viewName":"etm.portal.ui.managehandovers.view.MasterHO","bindingPath":{"propertyPath":"/_BASIC_SEARCH_FIELD","modelName":"fi1t3rM0d31"},"interaction":{"idSuffix":"I"}},"wdio_ui5_key":"etmportal.ui.managehandovers.view.MasterHOsap.m.SearchField{\"propertyPath\":\"/_BASIC_SEARCH_FIELD\",\"modelName\":\"fi1t3rM0d31\"}"}]}
RESULT: {"script":"<script> [1562 bytes]","args":[{"selector":{"controlType":"sap.m.SearchField","viewName":"etm.portal.ui.managehandovers.view.MasterHO","bindingPath":{"propertyPath":"/_BASIC_SEARCH_FIELD","modelName":"fi1t3rM0d31"},"interaction":{"idSuffix":"I"}},"wdio_ui5_key":"etmportal.ui.managehandovers.view.MasterHOsap.m.SearchField{\"propertyPath\":\"/_BASIC_SEARCH_FIELD\",\"modelName\":\"fi1t3rM0d31\"}"}]}
RESULT: undefined
COMMAND: POST /session/cdd305857320dd590ea5bbf59a31d46e/execute/async - {"script":"<script> [776 bytes]","args":[{"enterText":"30684","selector":{"controlType":"sap.m.SearchField","viewName":"etm.portal.ui.managehandovers.view.MasterHO","bindingPath":{"propertyPath":"/_BASIC_SEARCH_FIELD","modelName":"fi1t3rM0d31"},"interaction":{"idSuffix":"I"}},"clearTextFirst":true,"interactionType":"ENTER_TEXT"}]}
RESULT: {"script":"<script> [776 bytes]","args":[{"enterText":"30684","selector":{"controlType":"sap.m.SearchField","viewName":"etm.portal.ui.managehandovers.view.MasterHO","bindingPath":{"propertyPath":"/_BASIC_SEARCH_FIELD","modelName":"fi1t3rM0d31"},"interaction":{"idSuffix":"I"}},"clearTextFirst":true,"interactionType":"ENTER_TEXT"}]}
COMMAND: POST /session/cdd305857320dd590ea5bbf59a31d46e/actions - {"actions":[{"id":"action69","type":"key","parameters":{},"actions":[{"type":"keyDown","value":""},{"type":"pause","duration":10},{"type":"keyUp","value":""}]}]}
RESULT: {"actions":[{"id":"action69","type":"key","parameters":{},"actions":[{"type":"keyDown","value":""},{"type":"pause","duration":10},{"type":"keyUp","value":""}]}]}
COMMAND: GET /session/cdd305857320dd590ea5bbf59a31d46e/screenshot - {}
RESULT: {}
COMMAND: POST /session/cdd305857320dd590ea5bbf59a31d46e/execute/async - {"script":"<script> [1562 bytes]","args":[{"selector":{"controlType":"sap.ui.core.Icon","viewName":"etm.portal.ui.managehandovers.view.MasterHO","properties":{"src":{"regex":{"source":"slim\\-arrow\\-right"}}}},"wdio_ui5_key":"etmportal.ui.managehandovers.view.MasterHOsap.ui.core.Icon{\"src\":{\"regex\":{\"source\":\"slim\\\\-arrow\\\\-right\"}}}"}]}
RESULT: {"script":"<script> [1562 bytes]","args":[{"selector":{"controlType":"sap.ui.core.Icon","viewName":"etm.portal.ui.managehandovers.view.MasterHO","properties":{"src":{"regex":{"source":"slim\\-arrow\\-right"}}}},"wdio_ui5_key":"etmportal.ui.managehandovers.view.MasterHOsap.ui.core.Icon{\"src\":{\"regex\":{\"source\":\"slim\\\\-arrow\\\\-right\"}}}"}]}
RESULT: undefined
COMMAND: POST /session/cdd305857320dd590ea5bbf59a31d46e/element - {"using":"xpath","value":"//*[@id=\"__item1525-__clone2996-imgNav\"]"}
RESULT: {"using":"xpath","value":"//*[@id=\"__item1525-__clone2996-imgNav\"]"}
COMMAND: POST /session/cdd305857320dd590ea5bbf59a31d46e/element/f.492DEA3F6A95B07ADA96E928C4F8A0EF.d.4CA56E209AEDAA3C3D66AD93A47BD2AC.e.23653/click - {}
RESULT: {}
COMMAND: GET /session/cdd305857320dd590ea5bbf59a31d46e/screenshot - {}
RESULT: {}
COMMAND: POST /session/cdd305857320dd590ea5bbf59a31d46e/element - {"using":"xpath","value":"//button[@data-kt=\"IssuingTableConfirmAllButton\"]"}
RESULT: {"using":"xpath","value":"//button[@data-kt=\"IssuingTableConfirmAllButton\"]"}
COMMAND: POST /session/cdd305857320dd590ea5bbf59a31d46e/element/f.492DEA3F6A95B07ADA96E928C4F8A0EF.d.4CA56E209AEDAA3C3D66AD93A47BD2AC.e.23749/click - {}
RESULT: {}
COMMAND: GET /session/cdd305857320dd590ea5bbf59a31d46e/screenshot - {}
RESULT: {}
COMMAND: POST /session/cdd305857320dd590ea5bbf59a31d46e/element - {"using":"xpath","value":"//bdi[contains(text(), \"OK\")]"}
RESULT: {"using":"xpath","value":"//bdi[contains(text(), \"OK\")]"}
COMMAND: POST /session/cdd305857320dd590ea5bbf59a31d46e/element/f.492DEA3F6A95B07ADA96E928C4F8A0EF.d.4CA56E209AEDAA3C3D66AD93A47BD2AC.e.23756/click - {}
RESULT: {}
COMMAND: GET /session/cdd305857320dd590ea5bbf59a31d46e/screenshot - {}
RESULT: {}
COMMAND: POST /session/cdd305857320dd590ea5bbf59a31d46e/element - {"using":"xpath","value":"//button[@data-kt=\"execHoIssueButton\"]"}
RESULT: {"using":"xpath","value":"//button[@data-kt=\"execHoIssueButton\"]"}
COMMAND: POST /session/cdd305857320dd590ea5bbf59a31d46e/element/f.492DEA3F6A95B07ADA96E928C4F8A0EF.d.4CA56E209AEDAA3C3D66AD93A47BD2AC.e.23757/click - {}
RESULT: {}
COMMAND: GET /session/cdd305857320dd590ea5bbf59a31d46e/screenshot - {}
RESULT: {}
RESULT: undefined
COMMAND: POST /session/cdd305857320dd590ea5bbf59a31d46e/execute/async - {"script":"<script> [776 bytes]","args":[{"enterText":"30684","selector":{"controlType":"sap.m.SearchField","viewName":"etm.portal.ui.managehandovers.view.MasterHO","bindingPath":{"propertyPath":"/_BASIC_SEARCH_FIELD","modelName":"fi1t3rM0d31"},"interaction":{"idSuffix":"I"}},"clearTextFirst":true,"interactionType":"ENTER_TEXT"}]}
RESULT: {"script":"<script> [776 bytes]","args":[{"enterText":"30684","selector":{"controlType":"sap.m.SearchField","viewName":"etm.portal.ui.managehandovers.view.MasterHO","bindingPath":{"propertyPath":"/_BASIC_SEARCH_FIELD","modelName":"fi1t3rM0d31"},"interaction":{"idSuffix":"I"}},"clearTextFirst":true,"interactionType":"ENTER_TEXT"}]}
COMMAND: POST /session/cdd305857320dd590ea5bbf59a31d46e/actions - {"actions":[{"id":"action70","type":"key","parameters":{},"actions":[{"type":"keyDown","value":""},{"type":"pause","duration":10},{"type":"keyUp","value":""}]}]}
RESULT: {"actions":[{"id":"action70","type":"key","parameters":{},"actions":[{"type":"keyDown","value":""},{"type":"pause","duration":10},{"type":"keyUp","value":""}]}]}
COMMAND: GET /session/cdd305857320dd590ea5bbf59a31d46e/screenshot - {}
RESULT: {}
COMMAND: POST /session/cdd305857320dd590ea5bbf59a31d46e/element - {"using":"xpath","value":"//span[(text() = '30684' or . = '30684')]"}
RESULT: {"using":"xpath","value":"//span[(text() = '30684' or . = '30684')]"}
COMMAND: POST /session/cdd305857320dd590ea5bbf59a31d46e/element/f.492DEA3F6A95B07ADA96E928C4F8A0EF.d.4CA56E209AEDAA3C3D66AD93A47BD2AC.e.23799/click - {}
RESULT: {}
COMMAND: GET /session/cdd305857320dd590ea5bbf59a31d46e/screenshot - {}
RESULT: {}
COMMAND: POST /session/cdd305857320dd590ea5bbf59a31d46e/element - {"using":"xpath","value":"//span[contains(text(), \"Instructions\")]"}
RESULT: {"using":"xpath","value":"//span[contains(text(), \"Instructions\")]"}
COMMAND: POST /session/cdd305857320dd590ea5bbf59a31d46e/element/f.492DEA3F6A95B07ADA96E928C4F8A0EF.d.4CA56E209AEDAA3C3D66AD93A47BD2AC.e.23843/click - {}
RESULT: {}
COMMAND: GET /session/cdd305857320dd590ea5bbf59a31d46e/screenshot - {}
RESULT: {}
COMMAND: POST /session/cdd305857320dd590ea5bbf59a31d46e/element - {"using":"xpath","value":"//span[contains(text(), \"Instructions\")]"}
RESULT: {"using":"xpath","value":"//span[contains(text(), \"Instructions\")]"}
COMMAND: POST /session/cdd305857320dd590ea5bbf59a31d46e/element/f.492DEA3F6A95B07ADA96E928C4F8A0EF.d.4CA56E209AEDAA3C3D66AD93A47BD2AC.e.23843/click - {}
RESULT: {}
COMMAND: GET /session/cdd305857320dd590ea5bbf59a31d46e/screenshot - {}
RESULT: {}
COMMAND: POST /session/cdd305857320dd590ea5bbf59a31d46e/execute/async - {"script":"<script> [1562 bytes]","args":[{"selector":{"controlType":"sap.m.ComboBox","viewName":"etm.portal.ui.managehandovers.view.DetailExecuteHO","bindingPath":{"propertyPath":"RECEIVING_SECTION","modelName":"catalogModel"},"interaction":{"idSuffix":"inner"}},"wdio_ui5_key":"etmportal.ui.managehandovers.view.DetailExecuteHOsap.m.ComboBox{\"propertyPath\":\"RECEIVING_SECTION\",\"modelName\":\"catalogModel\"}"}]}
RESULT: {"script":"<script> [1562 bytes]","args":[{"selector":{"controlType":"sap.m.ComboBox","viewName":"etm.portal.ui.managehandovers.view.DetailExecuteHO","bindingPath":{"propertyPath":"RECEIVING_SECTION","modelName":"catalogModel"},"interaction":{"idSuffix":"inner"}},"wdio_ui5_key":"etmportal.ui.managehandovers.view.DetailExecuteHOsap.m.ComboBox{\"propertyPath\":\"RECEIVING_SECTION\",\"modelName\":\"catalogModel\"}"}]}
RESULT: undefined
COMMAND: POST /session/cdd305857320dd590ea5bbf59a31d46e/execute/async - {"script":"<script> [776 bytes]","args":[{"enterText":"WDIO-2182","selector":{"controlType":"sap.m.ComboBox","viewName":"etm.portal.ui.managehandovers.view.DetailExecuteHO","bindingPath":{"propertyPath":"RECEIVING_SECTION","modelName":"catalogModel"},"interaction":{"idSuffix":"inner"}},"clearTextFirst":true,"interactionType":"ENTER_TEXT"}]}
RESULT: {"script":"<script> [776 bytes]","args":[{"enterText":"WDIO-2182","selector":{"controlType":"sap.m.ComboBox","viewName":"etm.portal.ui.managehandovers.view.DetailExecuteHO","bindingPath":{"propertyPath":"RECEIVING_SECTION","modelName":"catalogModel"},"interaction":{"idSuffix":"inner"}},"clearTextFirst":true,"interactionType":"ENTER_TEXT"}]}
COMMAND: POST /session/cdd305857320dd590ea5bbf59a31d46e/actions - {"actions":[{"id":"action71","type":"key","parameters":{},"actions":[{"type":"keyDown","value":""},{"type":"pause","duration":10},{"type":"keyUp","value":""}]}]}
RESULT: {"actions":[{"id":"action71","type":"key","parameters":{},"actions":[{"type":"keyDown","value":""},{"type":"pause","duration":10},{"type":"keyUp","value":""}]}]}
COMMAND: GET /session/cdd305857320dd590ea5bbf59a31d46e/screenshot - {}
RESULT: {}
COMMAND: POST /session/cdd305857320dd590ea5bbf59a31d46e/element - {"using":"xpath","value":"//button[@data-kt= \"execHoReceiveButton\"]"}
RESULT: {"using":"xpath","value":"//button[@data-kt= \"execHoReceiveButton\"]"}
COMMAND: POST /session/cdd305857320dd590ea5bbf59a31d46e/element/f.492DEA3F6A95B07ADA96E928C4F8A0EF.d.4CA56E209AEDAA3C3D66AD93A47BD2AC.e.23849/click - {}
RESULT: {}
COMMAND: GET /session/cdd305857320dd590ea5bbf59a31d46e/screenshot - {}
RESULT: {}
COMMAND: POST /session/cdd305857320dd590ea5bbf59a31d46e/execute/async - {"script":"<script> [1562 bytes]","args":[{"selector":{"controlType":"sap.m.Button","properties":{"text":"Continue"},"searchOpenDialogs":true,"interaction":{"idSuffix":"content"}},"wdio_ui5_key":"sapm.Button{\"text\":\"Continue\"}"}]}
RESULT: {"script":"<script> [1562 bytes]","args":[{"selector":{"controlType":"sap.m.Button","properties":{"text":"Continue"},"searchOpenDialogs":true,"interaction":{"idSuffix":"content"}},"wdio_ui5_key":"sapm.Button{\"text\":\"Continue\"}"}]}
RESULT: undefined
COMMAND: POST /session/cdd305857320dd590ea5bbf59a31d46e/element - {"using":"xpath","value":"//*[@id=\"__mbox-btn-6\"]"}
RESULT: {"using":"xpath","value":"//*[@id=\"__mbox-btn-6\"]"}
COMMAND: POST /session/cdd305857320dd590ea5bbf59a31d46e/element/f.492DEA3F6A95B07ADA96E928C4F8A0EF.d.4CA56E209AEDAA3C3D66AD93A47BD2AC.e.23850/click - {}
RESULT: {}
COMMAND: GET /session/cdd305857320dd590ea5bbf59a31d46e/screenshot - {}
RESULT: {}
COMMAND: POST /session/cdd305857320dd590ea5bbf59a31d46e/element - {"using":"css selector","value":"#shell-header-logo"}
RESULT: {"using":"css selector","value":"#shell-header-logo"}
COMMAND: POST /session/cdd305857320dd590ea5bbf59a31d46e/element/f.492DEA3F6A95B07ADA96E928C4F8A0EF.d.4CA56E209AEDAA3C3D66AD93A47BD2AC.e.23396/click - {}
RESULT: {}
COMMAND: GET /session/cdd305857320dd590ea5bbf59a31d46e/screenshot - {}
RESULT: {}
]]></system-out>
    </testcase>
    <testcase classname="chrome.136_0_7103_93.windows.Return_from_Site_w/_warehouse_management_w_clarification" name="Should test for Clarification" time="71.862">
      <system-out><![CDATA[
RESULT: undefined
COMMAND: POST /session/cdd305857320dd590ea5bbf59a31d46e/element - {"using":"xpath","value":"//*[@id=\"__tile131\"]"}
RESULT: {"using":"xpath","value":"//*[@id=\"__tile131\"]"}
COMMAND: POST /session/cdd305857320dd590ea5bbf59a31d46e/element/f.492DEA3F6A95B07ADA96E928C4F8A0EF.d.4CA56E209AEDAA3C3D66AD93A47BD2AC.e.20656/click - {}
RESULT: {}
COMMAND: GET /session/cdd305857320dd590ea5bbf59a31d46e/screenshot - {}
RESULT: {}
COMMAND: POST /session/cdd305857320dd590ea5bbf59a31d46e/elements - {"using":"xpath","value":"//span[text()='Error']"}
RESULT: {"using":"xpath","value":"//span[text()='Error']"}
RESULT: undefined
COMMAND: POST /session/cdd305857320dd590ea5bbf59a31d46e/execute/async - {"script":"<script> [776 bytes]","args":[{"enterText":"30684","selector":{"controlType":"sap.m.SearchField","viewName":"etm.portal.ui.managehandovers.view.MasterHO","bindingPath":{"propertyPath":"/_BASIC_SEARCH_FIELD","modelName":"fi1t3rM0d31"},"interaction":{"idSuffix":"I"}},"clearTextFirst":true,"interactionType":"ENTER_TEXT"}]}
RESULT: {"script":"<script> [776 bytes]","args":[{"enterText":"30684","selector":{"controlType":"sap.m.SearchField","viewName":"etm.portal.ui.managehandovers.view.MasterHO","bindingPath":{"propertyPath":"/_BASIC_SEARCH_FIELD","modelName":"fi1t3rM0d31"},"interaction":{"idSuffix":"I"}},"clearTextFirst":true,"interactionType":"ENTER_TEXT"}]}
COMMAND: POST /session/cdd305857320dd590ea5bbf59a31d46e/actions - {"actions":[{"id":"action72","type":"key","parameters":{},"actions":[{"type":"keyDown","value":""},{"type":"pause","duration":10},{"type":"keyUp","value":""}]}]}
RESULT: {"actions":[{"id":"action72","type":"key","parameters":{},"actions":[{"type":"keyDown","value":""},{"type":"pause","duration":10},{"type":"keyUp","value":""}]}]}
COMMAND: GET /session/cdd305857320dd590ea5bbf59a31d46e/screenshot - {}
RESULT: {}
COMMAND: POST /session/cdd305857320dd590ea5bbf59a31d46e/element - {"using":"xpath","value":"//span[(text() = '30684' or . = '30684')]"}
RESULT: {"using":"xpath","value":"//span[(text() = '30684' or . = '30684')]"}
COMMAND: POST /session/cdd305857320dd590ea5bbf59a31d46e/element/f.492DEA3F6A95B07ADA96E928C4F8A0EF.d.4CA56E209AEDAA3C3D66AD93A47BD2AC.e.24015/click - {}
RESULT: {}
COMMAND: GET /session/cdd305857320dd590ea5bbf59a31d46e/screenshot - {}
RESULT: {}
COMMAND: POST /session/cdd305857320dd590ea5bbf59a31d46e/element - {"using":"xpath","value":"//span[contains(text(), \"Instructions\")]"}
RESULT: {"using":"xpath","value":"//span[contains(text(), \"Instructions\")]"}
COMMAND: POST /session/cdd305857320dd590ea5bbf59a31d46e/element/f.492DEA3F6A95B07ADA96E928C4F8A0EF.d.4CA56E209AEDAA3C3D66AD93A47BD2AC.e.24113/click - {}
RESULT: {}
COMMAND: GET /session/cdd305857320dd590ea5bbf59a31d46e/screenshot - {}
RESULT: {}
COMMAND: POST /session/cdd305857320dd590ea5bbf59a31d46e/element - {"using":"xpath","value":"//span[contains(text(), \"Instructions\")]"}
RESULT: {"using":"xpath","value":"//span[contains(text(), \"Instructions\")]"}
COMMAND: POST /session/cdd305857320dd590ea5bbf59a31d46e/element/f.492DEA3F6A95B07ADA96E928C4F8A0EF.d.4CA56E209AEDAA3C3D66AD93A47BD2AC.e.24113/click - {}
RESULT: {}
COMMAND: GET /session/cdd305857320dd590ea5bbf59a31d46e/screenshot - {}
RESULT: {}
COMMAND: POST /session/cdd305857320dd590ea5bbf59a31d46e/element - {"using":"xpath","value":"//button[.//bdi[text() = \"Receive\"]]"}
RESULT: {"using":"xpath","value":"//button[.//bdi[text() = \"Receive\"]]"}
COMMAND: POST /session/cdd305857320dd590ea5bbf59a31d46e/element/f.492DEA3F6A95B07ADA96E928C4F8A0EF.d.4CA56E209AEDAA3C3D66AD93A47BD2AC.e.24119/click - {}
RESULT: {}
COMMAND: GET /session/cdd305857320dd590ea5bbf59a31d46e/screenshot - {}
RESULT: {}
COMMAND: POST /session/cdd305857320dd590ea5bbf59a31d46e/element - {"using":"xpath","value":"//button[@data-kt= \"execHoReceiveRefuseButton\"]"}
RESULT: {"using":"xpath","value":"//button[@data-kt= \"execHoReceiveRefuseButton\"]"}
COMMAND: POST /session/cdd305857320dd590ea5bbf59a31d46e/element/f.492DEA3F6A95B07ADA96E928C4F8A0EF.d.4CA56E209AEDAA3C3D66AD93A47BD2AC.e.24121/click - {}
RESULT: {}
COMMAND: GET /session/cdd305857320dd590ea5bbf59a31d46e/screenshot - {}
RESULT: {}
COMMAND: POST /session/cdd305857320dd590ea5bbf59a31d46e/element - {"using":"css selector","value":"#shell-header-logo"}
RESULT: {"using":"css selector","value":"#shell-header-logo"}
COMMAND: POST /session/cdd305857320dd590ea5bbf59a31d46e/element/f.492DEA3F6A95B07ADA96E928C4F8A0EF.d.4CA56E209AEDAA3C3D66AD93A47BD2AC.e.23891/click - {}
RESULT: {}
COMMAND: GET /session/cdd305857320dd590ea5bbf59a31d46e/screenshot - {}
RESULT: {}
]]></system-out>
    </testcase>
    <testcase classname="chrome.136_0_7103_93.windows.Return_from_Site_w/_warehouse_management_w_clarification" name="Should do a return to site from the contracts screen in one step" time="232.883">
      <system-out><![CDATA[
RESULT: undefined
COMMAND: POST /session/cdd305857320dd590ea5bbf59a31d46e/element - {"using":"xpath","value":"//*[@id=\"__tile130\"]"}
RESULT: {"using":"xpath","value":"//*[@id=\"__tile130\"]"}
COMMAND: POST /session/cdd305857320dd590ea5bbf59a31d46e/element/f.492DEA3F6A95B07ADA96E928C4F8A0EF.d.4CA56E209AEDAA3C3D66AD93A47BD2AC.e.20594/click - {}
RESULT: {}
COMMAND: GET /session/cdd305857320dd590ea5bbf59a31d46e/screenshot - {}
RESULT: {}
COMMAND: POST /session/cdd305857320dd590ea5bbf59a31d46e/elements - {"using":"xpath","value":"//span[text()='Error']"}
RESULT: {"using":"xpath","value":"//span[text()='Error']"}
COMMAND: POST /session/cdd305857320dd590ea5bbf59a31d46e/element - {"using":"xpath","value":"//button[@data-kt=\"addButton\"]"}
RESULT: {"using":"xpath","value":"//button[@data-kt=\"addButton\"]"}
COMMAND: POST /session/cdd305857320dd590ea5bbf59a31d46e/elements - {"using":"xpath","value":"//button[@data-kt=\"addButton\"]"}
RESULT: {"using":"xpath","value":"//button[@data-kt=\"addButton\"]"}
COMMAND: POST /session/cdd305857320dd590ea5bbf59a31d46e/execute/sync - {"script":"<script> [8489 bytes]","args":[{"element-6066-11e4-a52e-4f735466cecf":"f.492DEA3F6A95B07ADA96E928C4F8A0EF.d.4CA56E209AEDAA3C3D66AD93A47BD2AC.e.24213","ELEMENT":"f.492DEA3F6A95B07ADA96E928C4F8A0EF.d.4CA56E209AEDAA3C3D66AD93A47BD2AC.e.24213"}]}
RESULT: {"script":"<script> [8489 bytes]","args":[{"element-6066-11e4-a52e-4f735466cecf":"f.492DEA3F6A95B07ADA96E928C4F8A0EF.d.4CA56E209AEDAA3C3D66AD93A47BD2AC.e.24213","ELEMENT":"f.492DEA3F6A95B07ADA96E928C4F8A0EF.d.4CA56E209AEDAA3C3D66AD93A47BD2AC.e.24213"}]}
COMMAND: GET /session/cdd305857320dd590ea5bbf59a31d46e/element/f.492DEA3F6A95B07ADA96E928C4F8A0EF.d.4CA56E209AEDAA3C3D66AD93A47BD2AC.e.24213/enabled - {}
COMMAND: GET /session/cdd305857320dd590ea5bbf59a31d46e/screenshot - {}
RESULT: {}
COMMAND: POST /session/cdd305857320dd590ea5bbf59a31d46e/execute/sync - {"script":"<script> [8489 bytes]","args":[{"element-6066-11e4-a52e-4f735466cecf":"f.492DEA3F6A95B07ADA96E928C4F8A0EF.d.4CA56E209AEDAA3C3D66AD93A47BD2AC.e.24213","ELEMENT":"f.492DEA3F6A95B07ADA96E928C4F8A0EF.d.4CA56E209AEDAA3C3D66AD93A47BD2AC.e.24213"}]}
COMMAND: GET /session/cdd305857320dd590ea5bbf59a31d46e/screenshot - {}
RESULT: {}
RESULT: {"script":"<script> [8489 bytes]","args":[{"element-6066-11e4-a52e-4f735466cecf":"f.492DEA3F6A95B07ADA96E928C4F8A0EF.d.4CA56E209AEDAA3C3D66AD93A47BD2AC.e.24213","ELEMENT":"f.492DEA3F6A95B07ADA96E928C4F8A0EF.d.4CA56E209AEDAA3C3D66AD93A47BD2AC.e.24213"}]}
COMMAND: POST /session/cdd305857320dd590ea5bbf59a31d46e/execute/sync - {"script":"<script> [5351 bytes]","args":[{"element-6066-11e4-a52e-4f735466cecf":"f.492DEA3F6A95B07ADA96E928C4F8A0EF.d.4CA56E209AEDAA3C3D66AD93A47BD2AC.e.24213","ELEMENT":"f.492DEA3F6A95B07ADA96E928C4F8A0EF.d.4CA56E209AEDAA3C3D66AD93A47BD2AC.e.24213"}]}
COMMAND: GET /session/cdd305857320dd590ea5bbf59a31d46e/screenshot - {}
RESULT: {}
RESULT: {"script":"<script> [5351 bytes]","args":[{"element-6066-11e4-a52e-4f735466cecf":"f.492DEA3F6A95B07ADA96E928C4F8A0EF.d.4CA56E209AEDAA3C3D66AD93A47BD2AC.e.24213","ELEMENT":"f.492DEA3F6A95B07ADA96E928C4F8A0EF.d.4CA56E209AEDAA3C3D66AD93A47BD2AC.e.24213"}]}
COMMAND: GET /session/cdd305857320dd590ea5bbf59a31d46e/screenshot - {}
RESULT: {}
RESULT: {}
COMMAND: POST /session/cdd305857320dd590ea5bbf59a31d46e/element - {"using":"xpath","value":"//input[contains(@id ,\"smartContractFilterBar-btnBasicSearch-I\")]"}
RESULT: {"using":"xpath","value":"//input[contains(@id ,\"smartContractFilterBar-btnBasicSearch-I\")]"}
COMMAND: POST /session/cdd305857320dd590ea5bbf59a31d46e/elements - {"using":"xpath","value":"//input[contains(@id ,\"smartContractFilterBar-btnBasicSearch-I\")]"}
RESULT: {"using":"xpath","value":"//input[contains(@id ,\"smartContractFilterBar-btnBasicSearch-I\")]"}
COMMAND: POST /session/cdd305857320dd590ea5bbf59a31d46e/execute/sync - {"script":"<script> [8489 bytes]","args":[{"element-6066-11e4-a52e-4f735466cecf":"f.492DEA3F6A95B07ADA96E928C4F8A0EF.d.4CA56E209AEDAA3C3D66AD93A47BD2AC.e.24174","ELEMENT":"f.492DEA3F6A95B07ADA96E928C4F8A0EF.d.4CA56E209AEDAA3C3D66AD93A47BD2AC.e.24174"}]}
RESULT: {"script":"<script> [8489 bytes]","args":[{"element-6066-11e4-a52e-4f735466cecf":"f.492DEA3F6A95B07ADA96E928C4F8A0EF.d.4CA56E209AEDAA3C3D66AD93A47BD2AC.e.24174","ELEMENT":"f.492DEA3F6A95B07ADA96E928C4F8A0EF.d.4CA56E209AEDAA3C3D66AD93A47BD2AC.e.24174"}]}
COMMAND: GET /session/cdd305857320dd590ea5bbf59a31d46e/element/f.492DEA3F6A95B07ADA96E928C4F8A0EF.d.4CA56E209AEDAA3C3D66AD93A47BD2AC.e.24174/enabled - {}
COMMAND: GET /session/cdd305857320dd590ea5bbf59a31d46e/screenshot - {}
RESULT: {}
COMMAND: POST /session/cdd305857320dd590ea5bbf59a31d46e/element/f.492DEA3F6A95B07ADA96E928C4F8A0EF.d.4CA56E209AEDAA3C3D66AD93A47BD2AC.e.24174/clear - {}
COMMAND: GET /session/cdd305857320dd590ea5bbf59a31d46e/screenshot - {}
RESULT: {}
RESULT: {}
COMMAND: POST /session/cdd305857320dd590ea5bbf59a31d46e/element/f.492DEA3F6A95B07ADA96E928C4F8A0EF.d.4CA56E209AEDAA3C3D66AD93A47BD2AC.e.24174/value - {"text":"10314"}
COMMAND: GET /session/cdd305857320dd590ea5bbf59a31d46e/screenshot - {}
RESULT: {}
RESULT: {"text":"10314"}
COMMAND: GET /session/cdd305857320dd590ea5bbf59a31d46e/screenshot - {}
RESULT: {}
RESULT: {}
COMMAND: POST /session/cdd305857320dd590ea5bbf59a31d46e/actions - {"actions":[{"id":"action73","type":"key","parameters":{},"actions":[{"type":"keyDown","value":""},{"type":"pause","duration":10},{"type":"keyUp","value":""}]}]}
RESULT: {"actions":[{"id":"action73","type":"key","parameters":{},"actions":[{"type":"keyDown","value":""},{"type":"pause","duration":10},{"type":"keyUp","value":""}]}]}
COMMAND: GET /session/cdd305857320dd590ea5bbf59a31d46e/screenshot - {}
RESULT: {}
COMMAND: POST /session/cdd305857320dd590ea5bbf59a31d46e/element - {"using":"xpath","value":"//span[contains(@id, \"masterListContractsSmartTable-header-inner\")]"}
RESULT: {"using":"xpath","value":"//span[contains(@id, \"masterListContractsSmartTable-header-inner\")]"}
COMMAND: POST /session/cdd305857320dd590ea5bbf59a31d46e/elements - {"using":"xpath","value":"//span[contains(@id, \"masterListContractsSmartTable-header-inner\")]"}
RESULT: {"using":"xpath","value":"//span[contains(@id, \"masterListContractsSmartTable-header-inner\")]"}
COMMAND: POST /session/cdd305857320dd590ea5bbf59a31d46e/execute/sync - {"script":"<script> [56 bytes]","args":[{"element-6066-11e4-a52e-4f735466cecf":"f.492DEA3F6A95B07ADA96E928C4F8A0EF.d.4CA56E209AEDAA3C3D66AD93A47BD2AC.e.24265","ELEMENT":"f.492DEA3F6A95B07ADA96E928C4F8A0EF.d.4CA56E209AEDAA3C3D66AD93A47BD2AC.e.24265"}]}
RESULT: {"script":"<script> [56 bytes]","args":[{"element-6066-11e4-a52e-4f735466cecf":"f.492DEA3F6A95B07ADA96E928C4F8A0EF.d.4CA56E209AEDAA3C3D66AD93A47BD2AC.e.24265","ELEMENT":"f.492DEA3F6A95B07ADA96E928C4F8A0EF.d.4CA56E209AEDAA3C3D66AD93A47BD2AC.e.24265"}]}
COMMAND: POST /session/cdd305857320dd590ea5bbf59a31d46e/element - {"using":"xpath","value":"(//span[contains(@id, \"imgNav\")])[1]"}
COMMAND: GET /session/cdd305857320dd590ea5bbf59a31d46e/screenshot - {}
RESULT: {"using":"xpath","value":"(//span[contains(@id, \"imgNav\")])[1]"}
COMMAND: POST /session/cdd305857320dd590ea5bbf59a31d46e/element/f.492DEA3F6A95B07ADA96E928C4F8A0EF.d.4CA56E209AEDAA3C3D66AD93A47BD2AC.e.24264/click - {}
RESULT: {}
RESULT: {}
COMMAND: GET /session/cdd305857320dd590ea5bbf59a31d46e/screenshot - {}
RESULT: {}
COMMAND: POST /session/cdd305857320dd590ea5bbf59a31d46e/element - {"using":"xpath","value":"//button[contains(@id, \"contractDetailReturnButton\")]"}
RESULT: {"using":"xpath","value":"//button[contains(@id, \"contractDetailReturnButton\")]"}
COMMAND: POST /session/cdd305857320dd590ea5bbf59a31d46e/element/f.492DEA3F6A95B07ADA96E928C4F8A0EF.d.4CA56E209AEDAA3C3D66AD93A47BD2AC.e.24345/click - {}
RESULT: {}
COMMAND: GET /session/cdd305857320dd590ea5bbf59a31d46e/screenshot - {}
RESULT: undefined
COMMAND: POST /session/cdd305857320dd590ea5bbf59a31d46e/execute/async - {"script":"<script> [6424 bytes]","args":[{"element-6066-11e4-a52e-4f735466cecf":"f.492DEA3F6A95B07ADA96E928C4F8A0EF.d.4CA56E209AEDAA3C3D66AD93A47BD2AC.e.21680"},"setValue",["05/27/25"]]}
RESULT: {}
COMMAND: POST /session/cdd305857320dd590ea5bbf59a31d46e/execute/async - {"script":"<script> [1562 bytes]","args":[{"selector":{"id":"application-managehandovers-display-component---AddNewHO--dueDate","interaction":{"idSuffix":"inner"}},"wdio_ui5_key":"applicationmanagehandovers-display-component---AddNewHO--dueDate"}]}
RESULT: {"script":"<script> [1562 bytes]","args":[{"selector":{"id":"application-managehandovers-display-component---AddNewHO--dueDate","interaction":{"idSuffix":"inner"}},"wdio_ui5_key":"applicationmanagehandovers-display-component---AddNewHO--dueDate"}]}
COMMAND: POST /session/cdd305857320dd590ea5bbf59a31d46e/execute/async - {"script":"<script> [6424 bytes]","args":[{"element-6066-11e4-a52e-4f735466cecf":"f.492DEA3F6A95B07ADA96E928C4F8A0EF.d.4CA56E209AEDAA3C3D66AD93A47BD2AC.e.24523"},"setValue",["05/27/25"]]}
RESULT: {"script":"<script> [6424 bytes]","args":[{"element-6066-11e4-a52e-4f735466cecf":"f.492DEA3F6A95B07ADA96E928C4F8A0EF.d.4CA56E209AEDAA3C3D66AD93A47BD2AC.e.24523"},"setValue",["05/27/25"]]}
COMMAND: POST /session/cdd305857320dd590ea5bbf59a31d46e/element - {"using":"xpath","value":"//bdi[contains(text(), \"Instructions\")]"}
RESULT: {"using":"xpath","value":"//bdi[contains(text(), \"Instructions\")]"}
COMMAND: POST /session/cdd305857320dd590ea5bbf59a31d46e/element/f.492DEA3F6A95B07ADA96E928C4F8A0EF.d.4CA56E209AEDAA3C3D66AD93A47BD2AC.e.24737/click - {}
RESULT: {}
COMMAND: GET /session/cdd305857320dd590ea5bbf59a31d46e/screenshot - {}
RESULT: {}
COMMAND: POST /session/cdd305857320dd590ea5bbf59a31d46e/element - {"using":"xpath","value":"//button[@data-kt=\"AddNewHOProvideAddItemsButton\"]"}
RESULT: {"using":"xpath","value":"//button[@data-kt=\"AddNewHOProvideAddItemsButton\"]"}
COMMAND: POST /session/cdd305857320dd590ea5bbf59a31d46e/element/f.492DEA3F6A95B07ADA96E928C4F8A0EF.d.4CA56E209AEDAA3C3D66AD93A47BD2AC.e.24560/click - {}
RESULT: {}
COMMAND: GET /session/cdd305857320dd590ea5bbf59a31d46e/screenshot - {}
RESULT: {}
RESULT: undefined
COMMAND: POST /session/cdd305857320dd590ea5bbf59a31d46e/element - {"using":"xpath","value":"//*[@id=\"application-managehandovers-display-component---AddNewHO--popup-sa\"]"}
RESULT: {"using":"xpath","value":"//*[@id=\"application-managehandovers-display-component---AddNewHO--popup-sa\"]"}
COMMAND: POST /session/cdd305857320dd590ea5bbf59a31d46e/element/f.492DEA3F6A95B07ADA96E928C4F8A0EF.d.4CA56E209AEDAA3C3D66AD93A47BD2AC.e.24755/click - {}
RESULT: {}
COMMAND: GET /session/cdd305857320dd590ea5bbf59a31d46e/screenshot - {}
RESULT: {}
COMMAND: POST /session/cdd305857320dd590ea5bbf59a31d46e/element - {"using":"xpath","value":"//*[contains(@id ,\"BDI-content\")][contains(text(), \"Select\")]"}
RESULT: {"using":"xpath","value":"//*[contains(@id ,\"BDI-content\")][contains(text(), \"Select\")]"}
COMMAND: POST /session/cdd305857320dd590ea5bbf59a31d46e/element/f.492DEA3F6A95B07ADA96E928C4F8A0EF.d.4CA56E209AEDAA3C3D66AD93A47BD2AC.e.24757/click - {}
RESULT: {}
COMMAND: GET /session/cdd305857320dd590ea5bbf59a31d46e/screenshot - {}
RESULT: {}
COMMAND: POST /session/cdd305857320dd590ea5bbf59a31d46e/element - {"using":"xpath","value":"//bdi[(text() = 'Save' or . = 'Save')]"}
RESULT: {"using":"xpath","value":"//bdi[(text() = 'Save' or . = 'Save')]"}
COMMAND: POST /session/cdd305857320dd590ea5bbf59a31d46e/element/f.492DEA3F6A95B07ADA96E928C4F8A0EF.d.4CA56E209AEDAA3C3D66AD93A47BD2AC.e.24765/click - {}
RESULT: {}
COMMAND: GET /session/cdd305857320dd590ea5bbf59a31d46e/screenshot - {}
RESULT: {}
COMMAND: POST /session/cdd305857320dd590ea5bbf59a31d46e/element - {"using":"xpath","value":"//a[@data-kt=\"execHoWhMovementLink\"]"}
RESULT: {"using":"xpath","value":"//a[@data-kt=\"execHoWhMovementLink\"]"}
COMMAND: POST /session/cdd305857320dd590ea5bbf59a31d46e/element/f.492DEA3F6A95B07ADA96E928C4F8A0EF.d.4CA56E209AEDAA3C3D66AD93A47BD2AC.e.24803/click - {}
RESULT: {}
COMMAND: GET /session/cdd305857320dd590ea5bbf59a31d46e/screenshot - {}
RESULT: {}
COMMAND: POST /session/cdd305857320dd590ea5bbf59a31d46e/element - {"using":"xpath","value":"(//div[contains(@class, \"sapMPopover\") and .//div[contains(@style, \"display: block\")]])[last()]//a"}
RESULT: {"using":"xpath","value":"(//div[contains(@class, \"sapMPopover\") and .//div[contains(@style, \"display: block\")]])[last()]//a"}
COMMAND: POST /session/cdd305857320dd590ea5bbf59a31d46e/element/f.492DEA3F6A95B07ADA96E928C4F8A0EF.d.4CA56E209AEDAA3C3D66AD93A47BD2AC.e.24805/click - {}
RESULT: {}
COMMAND: GET /session/cdd305857320dd590ea5bbf59a31d46e/screenshot - {}
RESULT: {}
COMMAND: POST /session/cdd305857320dd590ea5bbf59a31d46e/element - {"using":"xpath","value":"//button[@data-kt=\"executionButton\"]"}
RESULT: {"using":"xpath","value":"//button[@data-kt=\"executionButton\"]"}
COMMAND: POST /session/cdd305857320dd590ea5bbf59a31d46e/element/f.492DEA3F6A95B07ADA96E928C4F8A0EF.d.4CA56E209AEDAA3C3D66AD93A47BD2AC.e.24917/click - {}
RESULT: {}
COMMAND: GET /session/cdd305857320dd590ea5bbf59a31d46e/screenshot - {}
RESULT: {}
COMMAND: POST /session/cdd305857320dd590ea5bbf59a31d46e/element - {"using":"xpath","value":"//button[contains(@id,\"executeMovement--itemsSection-anchor\")]"}
RESULT: {"using":"xpath","value":"//button[contains(@id,\"executeMovement--itemsSection-anchor\")]"}
COMMAND: POST /session/cdd305857320dd590ea5bbf59a31d46e/element/f.492DEA3F6A95B07ADA96E928C4F8A0EF.d.4CA56E209AEDAA3C3D66AD93A47BD2AC.e.25020/click - {}
RESULT: {}
COMMAND: GET /session/cdd305857320dd590ea5bbf59a31d46e/screenshot - {}
RESULT: {}
COMMAND: POST /session/cdd305857320dd590ea5bbf59a31d46e/element - {"using":"xpath","value":"//table[contains(@id,\"executeMovement--movementItemsTbl-listUl\")]/tbody/tr[1]/td[2]/button"}
RESULT: {"using":"xpath","value":"//table[contains(@id,\"executeMovement--movementItemsTbl-listUl\")]/tbody/tr[1]/td[2]/button"}
COMMAND: POST /session/cdd305857320dd590ea5bbf59a31d46e/element/f.492DEA3F6A95B07ADA96E928C4F8A0EF.d.4CA56E209AEDAA3C3D66AD93A47BD2AC.e.25025/click - {}
RESULT: {}
COMMAND: GET /session/cdd305857320dd590ea5bbf59a31d46e/screenshot - {}
RESULT: {}
COMMAND: POST /session/cdd305857320dd590ea5bbf59a31d46e/element - {"using":"xpath","value":"//table[contains(@id,\"executeMovement--movementItemsTbl-listUl\")]/tbody/tr[1]/td[2]/button"}
RESULT: {"using":"xpath","value":"//table[contains(@id,\"executeMovement--movementItemsTbl-listUl\")]/tbody/tr[1]/td[2]/button"}
COMMAND: POST /session/cdd305857320dd590ea5bbf59a31d46e/element/f.492DEA3F6A95B07ADA96E928C4F8A0EF.d.4CA56E209AEDAA3C3D66AD93A47BD2AC.e.25025/click - {}
RESULT: {}
COMMAND: GET /session/cdd305857320dd590ea5bbf59a31d46e/screenshot - {}
RESULT: {}
COMMAND: POST /session/cdd305857320dd590ea5bbf59a31d46e/element - {"using":"xpath","value":"//section[contains(@id,\"FC-NoHead\")]/div[1]/div[5]/div[2]/span"}
RESULT: {"using":"xpath","value":"//section[contains(@id,\"FC-NoHead\")]/div[1]/div[5]/div[2]/span"}
COMMAND: POST /session/cdd305857320dd590ea5bbf59a31d46e/elements - {"using":"xpath","value":"//section[contains(@id,\"FC-NoHead\")]/div[1]/div[5]/div[2]/span"}
RESULT: {"using":"xpath","value":"//section[contains(@id,\"FC-NoHead\")]/div[1]/div[5]/div[2]/span"}
COMMAND: POST /session/cdd305857320dd590ea5bbf59a31d46e/execute/sync - {"script":"<script> [56 bytes]","args":[{"element-6066-11e4-a52e-4f735466cecf":"f.492DEA3F6A95B07ADA96E928C4F8A0EF.d.4CA56E209AEDAA3C3D66AD93A47BD2AC.e.25027","ELEMENT":"f.492DEA3F6A95B07ADA96E928C4F8A0EF.d.4CA56E209AEDAA3C3D66AD93A47BD2AC.e.25027"}]}
RESULT: {"script":"<script> [56 bytes]","args":[{"element-6066-11e4-a52e-4f735466cecf":"f.492DEA3F6A95B07ADA96E928C4F8A0EF.d.4CA56E209AEDAA3C3D66AD93A47BD2AC.e.25027","ELEMENT":"f.492DEA3F6A95B07ADA96E928C4F8A0EF.d.4CA56E209AEDAA3C3D66AD93A47BD2AC.e.25027"}]}
COMMAND: POST /session/cdd305857320dd590ea5bbf59a31d46e/actions - {"actions":[{"id":"action74","type":"key","parameters":{},"actions":[{"type":"keyDown","value":""},{"type":"pause","duration":10},{"type":"keyUp","value":""}]}]}
COMMAND: GET /session/cdd305857320dd590ea5bbf59a31d46e/screenshot - {}
RESULT: {"actions":[{"id":"action74","type":"key","parameters":{},"actions":[{"type":"keyDown","value":""},{"type":"pause","duration":10},{"type":"keyUp","value":""}]}]}
COMMAND: POST /session/cdd305857320dd590ea5bbf59a31d46e/element - {"using":"xpath","value":"//button[contains(@id,\"executeMovement--executeId\")]"}
COMMAND: GET /session/cdd305857320dd590ea5bbf59a31d46e/screenshot - {}
RESULT: {}
RESULT: {"using":"xpath","value":"//button[contains(@id,\"executeMovement--executeId\")]"}
COMMAND: POST /session/cdd305857320dd590ea5bbf59a31d46e/element/f.492DEA3F6A95B07ADA96E928C4F8A0EF.d.4CA56E209AEDAA3C3D66AD93A47BD2AC.e.25014/click - {}
RESULT: {}
RESULT: {}
COMMAND: GET /session/cdd305857320dd590ea5bbf59a31d46e/screenshot - {}
RESULT: {}
COMMAND: POST /session/cdd305857320dd590ea5bbf59a31d46e/element - {"using":"css selector","value":"#shell-header-logo"}
RESULT: {"using":"css selector","value":"#shell-header-logo"}
COMMAND: POST /session/cdd305857320dd590ea5bbf59a31d46e/element/f.492DEA3F6A95B07ADA96E928C4F8A0EF.d.4CA56E209AEDAA3C3D66AD93A47BD2AC.e.24163/click - {}
RESULT: {}
COMMAND: GET /session/cdd305857320dd590ea5bbf59a31d46e/screenshot - {}
RESULT: {}
RESULT: undefined
COMMAND: POST /session/cdd305857320dd590ea5bbf59a31d46e/element - {"using":"xpath","value":"//*[@id=\"__tile131\"]"}
RESULT: {"using":"xpath","value":"//*[@id=\"__tile131\"]"}
COMMAND: POST /session/cdd305857320dd590ea5bbf59a31d46e/element/f.492DEA3F6A95B07ADA96E928C4F8A0EF.d.4CA56E209AEDAA3C3D66AD93A47BD2AC.e.20656/click - {}
RESULT: {}
COMMAND: GET /session/cdd305857320dd590ea5bbf59a31d46e/screenshot - {}
RESULT: {}
COMMAND: POST /session/cdd305857320dd590ea5bbf59a31d46e/elements - {"using":"xpath","value":"//span[text()='Error']"}
RESULT: {"using":"xpath","value":"//span[text()='Error']"}
RESULT: undefined
COMMAND: POST /session/cdd305857320dd590ea5bbf59a31d46e/execute/async - {"script":"<script> [776 bytes]","args":[{"enterText":"30685","selector":{"controlType":"sap.m.SearchField","viewName":"etm.portal.ui.managehandovers.view.MasterHO","bindingPath":{"propertyPath":"/_BASIC_SEARCH_FIELD","modelName":"fi1t3rM0d31"},"interaction":{"idSuffix":"I"}},"clearTextFirst":true,"interactionType":"ENTER_TEXT"}]}
RESULT: {"script":"<script> [776 bytes]","args":[{"enterText":"30685","selector":{"controlType":"sap.m.SearchField","viewName":"etm.portal.ui.managehandovers.view.MasterHO","bindingPath":{"propertyPath":"/_BASIC_SEARCH_FIELD","modelName":"fi1t3rM0d31"},"interaction":{"idSuffix":"I"}},"clearTextFirst":true,"interactionType":"ENTER_TEXT"}]}
COMMAND: POST /session/cdd305857320dd590ea5bbf59a31d46e/actions - {"actions":[{"id":"action75","type":"key","parameters":{},"actions":[{"type":"keyDown","value":""},{"type":"pause","duration":10},{"type":"keyUp","value":""}]}]}
RESULT: {"actions":[{"id":"action75","type":"key","parameters":{},"actions":[{"type":"keyDown","value":""},{"type":"pause","duration":10},{"type":"keyUp","value":""}]}]}
COMMAND: GET /session/cdd305857320dd590ea5bbf59a31d46e/screenshot - {}
RESULT: {}
COMMAND: POST /session/cdd305857320dd590ea5bbf59a31d46e/element - {"using":"xpath","value":"(//span[contains(@id, \"imgNav\")])[1]"}
RESULT: {"using":"xpath","value":"(//span[contains(@id, \"imgNav\")])[1]"}
COMMAND: POST /session/cdd305857320dd590ea5bbf59a31d46e/element/f.492DEA3F6A95B07ADA96E928C4F8A0EF.d.4CA56E209AEDAA3C3D66AD93A47BD2AC.e.25202/click - {}
RESULT: {}
COMMAND: GET /session/cdd305857320dd590ea5bbf59a31d46e/screenshot - {}
RESULT: {}
COMMAND: POST /session/cdd305857320dd590ea5bbf59a31d46e/element - {"using":"xpath","value":"//button[@data-kt=\"IssuingTableConfirmAllButton\"]"}
RESULT: {"using":"xpath","value":"//button[@data-kt=\"IssuingTableConfirmAllButton\"]"}
COMMAND: POST /session/cdd305857320dd590ea5bbf59a31d46e/element/f.492DEA3F6A95B07ADA96E928C4F8A0EF.d.4CA56E209AEDAA3C3D66AD93A47BD2AC.e.25299/click - {}
RESULT: {}
COMMAND: GET /session/cdd305857320dd590ea5bbf59a31d46e/screenshot - {}
RESULT: {}
COMMAND: POST /session/cdd305857320dd590ea5bbf59a31d46e/element - {"using":"xpath","value":"//bdi[contains(text(), \"OK\")]"}
RESULT: {"using":"xpath","value":"//bdi[contains(text(), \"OK\")]"}
COMMAND: POST /session/cdd305857320dd590ea5bbf59a31d46e/element/f.492DEA3F6A95B07ADA96E928C4F8A0EF.d.4CA56E209AEDAA3C3D66AD93A47BD2AC.e.25309/click - {}
RESULT: {}
COMMAND: GET /session/cdd305857320dd590ea5bbf59a31d46e/screenshot - {}
RESULT: {}
COMMAND: POST /session/cdd305857320dd590ea5bbf59a31d46e/element - {"using":"xpath","value":"//button[@data-kt=\"execHoIssueButton\"]"}
RESULT: {"using":"xpath","value":"//button[@data-kt=\"execHoIssueButton\"]"}
COMMAND: POST /session/cdd305857320dd590ea5bbf59a31d46e/element/f.492DEA3F6A95B07ADA96E928C4F8A0EF.d.4CA56E209AEDAA3C3D66AD93A47BD2AC.e.25310/click - {}
RESULT: {}
COMMAND: GET /session/cdd305857320dd590ea5bbf59a31d46e/screenshot - {}
RESULT: {}
RESULT: undefined
COMMAND: POST /session/cdd305857320dd590ea5bbf59a31d46e/execute/async - {"script":"<script> [776 bytes]","args":[{"enterText":"30685","selector":{"controlType":"sap.m.SearchField","viewName":"etm.portal.ui.managehandovers.view.MasterHO","bindingPath":{"propertyPath":"/_BASIC_SEARCH_FIELD","modelName":"fi1t3rM0d31"},"interaction":{"idSuffix":"I"}},"clearTextFirst":true,"interactionType":"ENTER_TEXT"}]}
RESULT: {"script":"<script> [776 bytes]","args":[{"enterText":"30685","selector":{"controlType":"sap.m.SearchField","viewName":"etm.portal.ui.managehandovers.view.MasterHO","bindingPath":{"propertyPath":"/_BASIC_SEARCH_FIELD","modelName":"fi1t3rM0d31"},"interaction":{"idSuffix":"I"}},"clearTextFirst":true,"interactionType":"ENTER_TEXT"}]}
COMMAND: POST /session/cdd305857320dd590ea5bbf59a31d46e/actions - {"actions":[{"id":"action76","type":"key","parameters":{},"actions":[{"type":"keyDown","value":""},{"type":"pause","duration":10},{"type":"keyUp","value":""}]}]}
RESULT: {"actions":[{"id":"action76","type":"key","parameters":{},"actions":[{"type":"keyDown","value":""},{"type":"pause","duration":10},{"type":"keyUp","value":""}]}]}
COMMAND: GET /session/cdd305857320dd590ea5bbf59a31d46e/screenshot - {}
RESULT: {}
COMMAND: POST /session/cdd305857320dd590ea5bbf59a31d46e/element - {"using":"xpath","value":"(//span[contains(@id, \"imgNav\")])[1]"}
RESULT: {"using":"xpath","value":"(//span[contains(@id, \"imgNav\")])[1]"}
COMMAND: POST /session/cdd305857320dd590ea5bbf59a31d46e/element/f.492DEA3F6A95B07ADA96E928C4F8A0EF.d.4CA56E209AEDAA3C3D66AD93A47BD2AC.e.25356/click - {}
RESULT: {}
COMMAND: GET /session/cdd305857320dd590ea5bbf59a31d46e/screenshot - {}
RESULT: {}
COMMAND: POST /session/cdd305857320dd590ea5bbf59a31d46e/execute/async - {"script":"<script> [1562 bytes]","args":[{"selector":{"id":"application-managehandovers-display-component---detailManageHO--completedItemsTableTitle"},"wdio_ui5_key":"applicationmanagehandovers-display-component---detailManageHO--completedItemsTableTitle"}]}
RESULT: {"script":"<script> [1562 bytes]","args":[{"selector":{"id":"application-managehandovers-display-component---detailManageHO--completedItemsTableTitle"},"wdio_ui5_key":"applicationmanagehandovers-display-component---detailManageHO--completedItemsTableTitle"}]}
RESULT: undefined
COMMAND: POST /session/cdd305857320dd590ea5bbf59a31d46e/execute/async - {"script":"<script> [6424 bytes]","args":[{"element-6066-11e4-a52e-4f735466cecf":"f.492DEA3F6A95B07ADA96E928C4F8A0EF.d.4CA56E209AEDAA3C3D66AD93A47BD2AC.e.25396"},"getText",[]]}
RESULT: {"script":"<script> [6424 bytes]","args":[{"element-6066-11e4-a52e-4f735466cecf":"f.492DEA3F6A95B07ADA96E928C4F8A0EF.d.4CA56E209AEDAA3C3D66AD93A47BD2AC.e.25396"},"getText",[]]}
COMMAND: POST /session/cdd305857320dd590ea5bbf59a31d46e/element - {"using":"xpath","value":"//div[contains(@id, \"detailManageHO--headerContentForm--FC-NoHead-content\")]/div[4]/div[2]/div/span"}
RESULT: {"using":"xpath","value":"//div[contains(@id, \"detailManageHO--headerContentForm--FC-NoHead-content\")]/div[4]/div[2]/div/span"}
COMMAND: POST /session/cdd305857320dd590ea5bbf59a31d46e/execute/sync - {"script":"<script> [56 bytes]","args":[{"element-6066-11e4-a52e-4f735466cecf":"f.492DEA3F6A95B07ADA96E928C4F8A0EF.d.4CA56E209AEDAA3C3D66AD93A47BD2AC.e.25397","ELEMENT":"f.492DEA3F6A95B07ADA96E928C4F8A0EF.d.4CA56E209AEDAA3C3D66AD93A47BD2AC.e.25397"}]}
RESULT: {"script":"<script> [56 bytes]","args":[{"element-6066-11e4-a52e-4f735466cecf":"f.492DEA3F6A95B07ADA96E928C4F8A0EF.d.4CA56E209AEDAA3C3D66AD93A47BD2AC.e.25397","ELEMENT":"f.492DEA3F6A95B07ADA96E928C4F8A0EF.d.4CA56E209AEDAA3C3D66AD93A47BD2AC.e.25397"}]}
COMMAND: GET /session/cdd305857320dd590ea5bbf59a31d46e/screenshot - {}
RESULT: {}
COMMAND: POST /session/cdd305857320dd590ea5bbf59a31d46e/element - {"using":"css selector","value":"#shell-header-logo"}
RESULT: {"using":"css selector","value":"#shell-header-logo"}
COMMAND: POST /session/cdd305857320dd590ea5bbf59a31d46e/element/f.492DEA3F6A95B07ADA96E928C4F8A0EF.d.4CA56E209AEDAA3C3D66AD93A47BD2AC.e.25093/click - {}
RESULT: {}
COMMAND: GET /session/cdd305857320dd590ea5bbf59a31d46e/screenshot - {}
RESULT: {}
COMMAND: POST /session/cdd305857320dd590ea5bbf59a31d46e/element - {"using":"css selector","value":"#j_username"}
COMMAND: POST /session/cdd305857320dd590ea5bbf59a31d46e/url - {"url":"https://qa-testing-00-live-etm-ui.cfapps.eu10-004.hana.ondemand.com/"}
RESULT: {"using":"css selector","value":"#j_username"}
COMMAND: POST /session/cdd305857320dd590ea5bbf59a31d46e/element - {"using":"css selector","value":"#j_username"}
RESULT: {"url":"https://qa-testing-00-live-etm-ui.cfapps.eu10-004.hana.ondemand.com/"}
RESULT: undefined
COMMAND: GET /session/cdd305857320dd590ea5bbf59a31d46e/screenshot - {}
RESULT: {"using":"css selector","value":"#j_username"}
COMMAND: POST /session/cdd305857320dd590ea5bbf59a31d46e/element - {"using":"css selector","value":"#shell-header-logo"}
RESULT: {}
RESULT: {"using":"css selector","value":"#shell-header-logo"}
COMMAND: POST /session/cdd305857320dd590ea5bbf59a31d46e/execute/sync - {"script":"<script> [8489 bytes]","args":[{"element-6066-11e4-a52e-4f735466cecf":"f.492DEA3F6A95B07ADA96E928C4F8A0EF.d.18256C95B6DB0A362537709DC5541B8B.e.25416","ELEMENT":"f.492DEA3F6A95B07ADA96E928C4F8A0EF.d.18256C95B6DB0A362537709DC5541B8B.e.25416"}]}
RESULT: {"script":"<script> [8489 bytes]","args":[{"element-6066-11e4-a52e-4f735466cecf":"f.492DEA3F6A95B07ADA96E928C4F8A0EF.d.18256C95B6DB0A362537709DC5541B8B.e.25416","ELEMENT":"f.492DEA3F6A95B07ADA96E928C4F8A0EF.d.18256C95B6DB0A362537709DC5541B8B.e.25416"}]}
COMMAND: POST /session/cdd305857320dd590ea5bbf59a31d46e/element - {"using":"css selector","value":"#shell-header-logo"}
COMMAND: GET /session/cdd305857320dd590ea5bbf59a31d46e/screenshot - {}
RESULT: {"using":"css selector","value":"#shell-header-logo"}
COMMAND: POST /session/cdd305857320dd590ea5bbf59a31d46e/execute/sync - {"script":"<script> [8489 bytes]","args":[{"element-6066-11e4-a52e-4f735466cecf":"f.492DEA3F6A95B07ADA96E928C4F8A0EF.d.18256C95B6DB0A362537709DC5541B8B.e.25416","ELEMENT":"f.492DEA3F6A95B07ADA96E928C4F8A0EF.d.18256C95B6DB0A362537709DC5541B8B.e.25416"}]}
RESULT: {}
RESULT: {"script":"<script> [8489 bytes]","args":[{"element-6066-11e4-a52e-4f735466cecf":"f.492DEA3F6A95B07ADA96E928C4F8A0EF.d.18256C95B6DB0A362537709DC5541B8B.e.25416","ELEMENT":"f.492DEA3F6A95B07ADA96E928C4F8A0EF.d.18256C95B6DB0A362537709DC5541B8B.e.25416"}]}
COMMAND: POST /session/cdd305857320dd590ea5bbf59a31d46e/execute/sync - {"script":"<script> [5351 bytes]","args":[{"element-6066-11e4-a52e-4f735466cecf":"f.492DEA3F6A95B07ADA96E928C4F8A0EF.d.18256C95B6DB0A362537709DC5541B8B.e.25416","ELEMENT":"f.492DEA3F6A95B07ADA96E928C4F8A0EF.d.18256C95B6DB0A362537709DC5541B8B.e.25416"}]}
COMMAND: GET /session/cdd305857320dd590ea5bbf59a31d46e/screenshot - {}
RESULT: {"script":"<script> [5351 bytes]","args":[{"element-6066-11e4-a52e-4f735466cecf":"f.492DEA3F6A95B07ADA96E928C4F8A0EF.d.18256C95B6DB0A362537709DC5541B8B.e.25416","ELEMENT":"f.492DEA3F6A95B07ADA96E928C4F8A0EF.d.18256C95B6DB0A362537709DC5541B8B.e.25416"}]}
COMMAND: POST /session/cdd305857320dd590ea5bbf59a31d46e/element - {"using":"css selector","value":"#shell-header-logo"}
COMMAND: GET /session/cdd305857320dd590ea5bbf59a31d46e/screenshot - {}
RESULT: {}
RESULT: {"using":"css selector","value":"#shell-header-logo"}
COMMAND: POST /session/cdd305857320dd590ea5bbf59a31d46e/element/f.492DEA3F6A95B07ADA96E928C4F8A0EF.d.18256C95B6DB0A362537709DC5541B8B.e.25416/click - {}
RESULT: {}
RESULT: {}
COMMAND: GET /session/cdd305857320dd590ea5bbf59a31d46e/screenshot - {}
RESULT: {}
COMMAND: POST /session/cdd305857320dd590ea5bbf59a31d46e/execute/async - {"script":"<script> [189 bytes]","args":[]}
RESULT: {"script":"<script> [189 bytes]","args":[]}
COMMAND: POST /session/cdd305857320dd590ea5bbf59a31d46e/execute/async - {"script":"<script> [123 bytes]","args":[]}
RESULT: {"script":"<script> [123 bytes]","args":[]}
COMMAND: POST /session/cdd305857320dd590ea5bbf59a31d46e/timeouts - {"script":"<number>"}
RESULT: {"script":"<number>"}
COMMAND: GET /session/cdd305857320dd590ea5bbf59a31d46e/timeouts - {}
RESULT: {}
RESULT: undefined
COMMAND: POST /session/cdd305857320dd590ea5bbf59a31d46e/execute/async - {"script":"<script> [2676 bytes]","args":[]}
RESULT: {"script":"<script> [2676 bytes]","args":[]}
COMMAND: POST /session/cdd305857320dd590ea5bbf59a31d46e/execute/async - {"script":"<script> [2342 bytes]","args":[{"protocol":"http","hostname":"0.0.0.0","path":"/","capabilities":{"browserName":"chrome","goog:chromeOptions":{"binary":"C:\\Program Files\\Google\\Chrome\\Application\\chrome.exe","args":["--start-maximized"]}},"logLevel":"warn","connectionRetryTimeout":120000,"connectionRetryCount":3,"logLevels":{},"enableDirectConnect":true,"strictSSL":true,"_":"65 more keys: [\"cacheDir\",\"port\",\"requestedCapabilities\",\"automationProtocol\",\"baseUrl\",\"waitforInterval\",\"waitforTimeout\",\"onReload\",\"beforeCommand\",\"afterCommand\",\"rootDir\",\"specs\",\"suites\",\"exclude\",\"groupLogsByTestSpec\",\"excludeDriverLogs\",\"bail\",\"framework\",\"reporters\",\"services\",\"maxInstances\",\"maxInstancesPerCapability\",\"injectGlobals\",\"filesToWatch\",\"execArgv\",\"runnerEnv\",\"runner\",\"shard\",\"specFileRetries\",\"specFileRetriesDelay\",\"specFileRetriesDeferred\",\"reporterSyncInterval\",\"reporterSyncTimeout\",\"cucumberFeaturesWithLineNumbers\",\"autoCompileOpts\",\"mochaOpts\",\"jasmineOpts\",\"cucumberOpts\",\"onPrepare\",\"onWorkerStart\",\"onWorkerEnd\",\"before\",\"beforeSession\",\"beforeSuite\",\"beforeHook\",\"beforeTest\",\"afterTest\",\"afterHook\",\"afterSuite\",\"afterSession\",\"after\",\"onComplete\",\"beforeAssertion\",\"afterAssertion\",\"beforeFeature\",\"beforeScenario\",\"beforeStep\",\"afterStep\",\"afterScenario\",\"afterFeature\",\"_\",\"suite\",\"$0\",\"ignoredWorkerServices\",\"wdi5\"]"}]}
RESULT: {"script":"<script> [2342 bytes]","args":[{"protocol":"http","hostname":"0.0.0.0","path":"/","capabilities":{"browserName":"chrome","goog:chromeOptions":{"binary":"C:\\Program Files\\Google\\Chrome\\Application\\chrome.exe","args":["--start-maximized"]}},"logLevel":"warn","connectionRetryTimeout":120000,"connectionRetryCount":3,"logLevels":{},"enableDirectConnect":true,"strictSSL":true,"_":"65 more keys: [\"cacheDir\",\"port\",\"requestedCapabilities\",\"automationProtocol\",\"baseUrl\",\"waitforInterval\",\"waitforTimeout\",\"onReload\",\"beforeCommand\",\"afterCommand\",\"rootDir\",\"specs\",\"suites\",\"exclude\",\"groupLogsByTestSpec\",\"excludeDriverLogs\",\"bail\",\"framework\",\"reporters\",\"services\",\"maxInstances\",\"maxInstancesPerCapability\",\"injectGlobals\",\"filesToWatch\",\"execArgv\",\"runnerEnv\",\"runner\",\"shard\",\"specFileRetries\",\"specFileRetriesDelay\",\"specFileRetriesDeferred\",\"reporterSyncInterval\",\"reporterSyncTimeout\",\"cucumberFeaturesWithLineNumbers\",\"autoCompileOpts\",\"mochaOpts\",\"jasmineOpts\",\"cucumberOpts\",\"onPrepare\",\"onWorkerStart\",\"onWorkerEnd\",\"before\",\"beforeSession\",\"beforeSuite\",\"beforeHook\",\"beforeTest\",\"afterTest\",\"afterHook\",\"afterSuite\",\"afterSession\",\"after\",\"onComplete\",\"beforeAssertion\",\"afterAssertion\",\"beforeFeature\",\"beforeScenario\",\"beforeStep\",\"afterStep\",\"afterScenario\",\"afterFeature\",\"_\",\"suite\",\"$0\",\"ignoredWorkerServices\",\"wdi5\"]"}]}
COMMAND: POST /session/cdd305857320dd590ea5bbf59a31d46e/execute/async - {"script":"<script> [21126 bytes]","args":[35000]}
RESULT: {"script":"<script> [21126 bytes]","args":[35000]}
COMMAND: POST /session/cdd305857320dd590ea5bbf59a31d46e/window/maximize - {}
RESULT: {}
COMMAND: POST /session/cdd305857320dd590ea5bbf59a31d46e/execute/async - {"script":"<script> [1562 bytes]","args":[{"selector":{"id":"shell-header","interaction":{"idSuffix":"icon"}},"wdio_ui5_key":"shellheader"}]}
COMMAND: GET /session/cdd305857320dd590ea5bbf59a31d46e/screenshot - {}
RESULT: {"script":"<script> [1562 bytes]","args":[{"selector":{"id":"shell-header","interaction":{"idSuffix":"icon"}},"wdio_ui5_key":"shellheader"}]}
RESULT: undefined
COMMAND: POST /session/cdd305857320dd590ea5bbf59a31d46e/window/fullscreen - {}
RESULT: {}
RESULT: {}
]]></system-out>
    </testcase>
  </testsuite>
  <testsuite timestamp="2025-05-27T17:29:33" time="457.458" tests="9" failures="0" errors="0" skipped="0">
    <properties>
      <property name="specId" value="0"/>
      <property name="suiteName" value="Create masterdata for Yard Overview - trigger provide US130988"/>
      <property name="capabilities" value="chrome.136_0_7103_93.windows"/>
      <property name="file" value="file:///D:/a/1/s/test/specs/HTR/stock-decrease.spec.js"/>
    </properties>
    <testcase classname="chrome.136_0_7103_93.windows.Create_masterdata_for_Yard_Overview_-_trigger_provide_US130988" name="Should create a new WHM yard" time="0.014">
      <system-out><![CDATA[
COMMAND: POST /session/cdd305857320dd590ea5bbf59a31d46e/window/fullscreen - {}
RESULT: {}
]]></system-out>
    </testcase>
    <testcase classname="chrome.136_0_7103_93.windows.Create_masterdata_for_Yard_Overview_-_trigger_provide_US130988" name="Should create a new partner" time="0.004"/>
    <testcase classname="chrome.136_0_7103_93.windows.Create_masterdata_for_Yard_Overview_-_trigger_provide_US130988" name="Should create a new site" time="0.004"/>
    <testcase classname="chrome.136_0_7103_93.windows.Create_masterdata_for_Yard_Overview_-_trigger_provide_US130988" name="Should create a new material" time="128.224">
      <system-out><![CDATA[
COMMAND: POST /session/cdd305857320dd590ea5bbf59a31d46e/execute/async - {"script":"<script> [1562 bytes]","args":[{"selector":{"controlType":"sap.m.GenericTile","properties":{"header":"Manage Resources"}},"wdio_ui5_key":"sapm.GenericTile{\"header\":\"Manage Resources\"}"}]}
RESULT: {"script":"<script> [1562 bytes]","args":[{"selector":{"controlType":"sap.m.GenericTile","properties":{"header":"Manage Resources"}},"wdio_ui5_key":"sapm.GenericTile{\"header\":\"Manage Resources\"}"}]}
RESULT: undefined
COMMAND: POST /session/cdd305857320dd590ea5bbf59a31d46e/element - {"using":"xpath","value":"//*[@id=\"__tile31\"]"}
RESULT: {"using":"xpath","value":"//*[@id=\"__tile31\"]"}
COMMAND: POST /session/cdd305857320dd590ea5bbf59a31d46e/element/f.492DEA3F6A95B07ADA96E928C4F8A0EF.d.18256C95B6DB0A362537709DC5541B8B.e.25434/click - {}
RESULT: {}
COMMAND: GET /session/cdd305857320dd590ea5bbf59a31d46e/screenshot - {}
RESULT: {}
COMMAND: POST /session/cdd305857320dd590ea5bbf59a31d46e/elements - {"using":"xpath","value":"//span[text()='Error']"}
RESULT: {"using":"xpath","value":"//span[text()='Error']"}
COMMAND: POST /session/cdd305857320dd590ea5bbf59a31d46e/element - {"using":"xpath","value":"//button[@data-kt=\"addNewRUOverflowToolbarButton\"]"}
RESULT: {"using":"xpath","value":"//button[@data-kt=\"addNewRUOverflowToolbarButton\"]"}
COMMAND: POST /session/cdd305857320dd590ea5bbf59a31d46e/elements - {"using":"xpath","value":"//button[@data-kt=\"addNewRUOverflowToolbarButton\"]"}
RESULT: {"using":"xpath","value":"//button[@data-kt=\"addNewRUOverflowToolbarButton\"]"}
COMMAND: POST /session/cdd305857320dd590ea5bbf59a31d46e/elements - {"using":"xpath","value":"//button[@data-kt=\"addNewRUOverflowToolbarButton\"]"}
RESULT: {"using":"xpath","value":"//button[@data-kt=\"addNewRUOverflowToolbarButton\"]"}
COMMAND: POST /session/cdd305857320dd590ea5bbf59a31d46e/element - {"using":"xpath","value":"//button[@data-kt=\"addNewRUOverflowToolbarButton\"]"}
RESULT: {"using":"xpath","value":"//button[@data-kt=\"addNewRUOverflowToolbarButton\"]"}
COMMAND: POST /session/cdd305857320dd590ea5bbf59a31d46e/execute/sync - {"script":"<script> [8489 bytes]","args":[{"element-6066-11e4-a52e-4f735466cecf":"f.492DEA3F6A95B07ADA96E928C4F8A0EF.d.18256C95B6DB0A362537709DC5541B8B.e.25561","ELEMENT":"f.492DEA3F6A95B07ADA96E928C4F8A0EF.d.18256C95B6DB0A362537709DC5541B8B.e.25561"}]}
RESULT: {"script":"<script> [8489 bytes]","args":[{"element-6066-11e4-a52e-4f735466cecf":"f.492DEA3F6A95B07ADA96E928C4F8A0EF.d.18256C95B6DB0A362537709DC5541B8B.e.25561","ELEMENT":"f.492DEA3F6A95B07ADA96E928C4F8A0EF.d.18256C95B6DB0A362537709DC5541B8B.e.25561"}]}
COMMAND: GET /session/cdd305857320dd590ea5bbf59a31d46e/element/f.492DEA3F6A95B07ADA96E928C4F8A0EF.d.18256C95B6DB0A362537709DC5541B8B.e.25561/enabled - {}
COMMAND: GET /session/cdd305857320dd590ea5bbf59a31d46e/screenshot - {}
RESULT: {}
COMMAND: POST /session/cdd305857320dd590ea5bbf59a31d46e/execute/sync - {"script":"<script> [8489 bytes]","args":[{"element-6066-11e4-a52e-4f735466cecf":"f.492DEA3F6A95B07ADA96E928C4F8A0EF.d.18256C95B6DB0A362537709DC5541B8B.e.25561","ELEMENT":"f.492DEA3F6A95B07ADA96E928C4F8A0EF.d.18256C95B6DB0A362537709DC5541B8B.e.25561"}]}
COMMAND: GET /session/cdd305857320dd590ea5bbf59a31d46e/screenshot - {}
RESULT: {}
RESULT: {"script":"<script> [8489 bytes]","args":[{"element-6066-11e4-a52e-4f735466cecf":"f.492DEA3F6A95B07ADA96E928C4F8A0EF.d.18256C95B6DB0A362537709DC5541B8B.e.25561","ELEMENT":"f.492DEA3F6A95B07ADA96E928C4F8A0EF.d.18256C95B6DB0A362537709DC5541B8B.e.25561"}]}
COMMAND: POST /session/cdd305857320dd590ea5bbf59a31d46e/execute/sync - {"script":"<script> [5351 bytes]","args":[{"element-6066-11e4-a52e-4f735466cecf":"f.492DEA3F6A95B07ADA96E928C4F8A0EF.d.18256C95B6DB0A362537709DC5541B8B.e.25561","ELEMENT":"f.492DEA3F6A95B07ADA96E928C4F8A0EF.d.18256C95B6DB0A362537709DC5541B8B.e.25561"}]}
COMMAND: GET /session/cdd305857320dd590ea5bbf59a31d46e/screenshot - {}
RESULT: {}
RESULT: {"script":"<script> [5351 bytes]","args":[{"element-6066-11e4-a52e-4f735466cecf":"f.492DEA3F6A95B07ADA96E928C4F8A0EF.d.18256C95B6DB0A362537709DC5541B8B.e.25561","ELEMENT":"f.492DEA3F6A95B07ADA96E928C4F8A0EF.d.18256C95B6DB0A362537709DC5541B8B.e.25561"}]}
COMMAND: POST /session/cdd305857320dd590ea5bbf59a31d46e/element/f.492DEA3F6A95B07ADA96E928C4F8A0EF.d.18256C95B6DB0A362537709DC5541B8B.e.25561/click - {}
COMMAND: GET /session/cdd305857320dd590ea5bbf59a31d46e/screenshot - {}
RESULT: {}
RESULT: {}
COMMAND: GET /session/cdd305857320dd590ea5bbf59a31d46e/screenshot - {}
RESULT: {}
RESULT: {}
COMMAND: POST /session/cdd305857320dd590ea5bbf59a31d46e/execute/async - {"script":"<script> [1562 bytes]","args":[{"selector":{"id":"application-manageresources-display-component---newResourceUnit--TYPE-arrow"},"wdio_ui5_key":"applicationmanageresources-display-component---newResourceUnit--TYPE-arrow"}]}
RESULT: {"script":"<script> [1562 bytes]","args":[{"selector":{"id":"application-manageresources-display-component---newResourceUnit--TYPE-arrow"},"wdio_ui5_key":"applicationmanageresources-display-component---newResourceUnit--TYPE-arrow"}]}
RESULT: undefined
COMMAND: POST /session/cdd305857320dd590ea5bbf59a31d46e/element - {"using":"xpath","value":"//*[@id=\"application-manageresources-display-component---newResourceUnit--TYPE-arrow\"]"}
RESULT: {"using":"xpath","value":"//*[@id=\"application-manageresources-display-component---newResourceUnit--TYPE-arrow\"]"}
COMMAND: POST /session/cdd305857320dd590ea5bbf59a31d46e/element/f.492DEA3F6A95B07ADA96E928C4F8A0EF.d.18256C95B6DB0A362537709DC5541B8B.e.25919/click - {}
RESULT: {}
COMMAND: POST /session/cdd305857320dd590ea5bbf59a31d46e/element - {"using":"xpath","value":"//input[@id=\"application-manageresources-display-component---newResourceUnit--TYPE-inner\"]"}
COMMAND: GET /session/cdd305857320dd590ea5bbf59a31d46e/screenshot - {}
RESULT: {"using":"xpath","value":"//input[@id=\"application-manageresources-display-component---newResourceUnit--TYPE-inner\"]"}
COMMAND: POST /session/cdd305857320dd590ea5bbf59a31d46e/element/f.492DEA3F6A95B07ADA96E928C4F8A0EF.d.18256C95B6DB0A362537709DC5541B8B.e.25912/clear - {}
RESULT: {}
RESULT: {}
COMMAND: POST /session/cdd305857320dd590ea5bbf59a31d46e/element/f.492DEA3F6A95B07ADA96E928C4F8A0EF.d.18256C95B6DB0A362537709DC5541B8B.e.25912/value - {"text":"Material"}
COMMAND: GET /session/cdd305857320dd590ea5bbf59a31d46e/screenshot - {}
RESULT: {}
RESULT: {"text":"Material"}
COMMAND: GET /session/cdd305857320dd590ea5bbf59a31d46e/screenshot - {}
RESULT: {}
COMMAND: POST /session/cdd305857320dd590ea5bbf59a31d46e/actions - {"actions":[{"id":"action77","type":"key","parameters":{},"actions":[{"type":"keyDown","value":""},{"type":"pause","duration":10},{"type":"keyUp","value":""}]}]}
RESULT: {"actions":[{"id":"action77","type":"key","parameters":{},"actions":[{"type":"keyDown","value":""},{"type":"pause","duration":10},{"type":"keyUp","value":""}]}]}
COMMAND: POST /session/cdd305857320dd590ea5bbf59a31d46e/execute/async - {"script":"<script> [1562 bytes]","args":[{"selector":{"id":"application-manageresources-display-component---newResourceUnit--SHORT_TEXT","interaction":{"idSuffix":"inner"}},"wdio_ui5_key":"applicationmanageresources-display-component---newResourceUnit--SHORT_TEXT"}]}
COMMAND: GET /session/cdd305857320dd590ea5bbf59a31d46e/screenshot - {}
RESULT: {"script":"<script> [1562 bytes]","args":[{"selector":{"id":"application-manageresources-display-component---newResourceUnit--SHORT_TEXT","interaction":{"idSuffix":"inner"}},"wdio_ui5_key":"applicationmanageresources-display-component---newResourceUnit--SHORT_TEXT"}]}
RESULT: undefined
COMMAND: POST /session/cdd305857320dd590ea5bbf59a31d46e/execute/async - {"script":"<script> [776 bytes]","args":[{"enterText":"Cement WDIO","selector":{"id":"application-manageresources-display-component---newResourceUnit--SHORT_TEXT","interaction":{"idSuffix":"inner"}},"clearTextFirst":true,"interactionType":"ENTER_TEXT"}]}
RESULT: {}
RESULT: {"script":"<script> [776 bytes]","args":[{"enterText":"Cement WDIO","selector":{"id":"application-manageresources-display-component---newResourceUnit--SHORT_TEXT","interaction":{"idSuffix":"inner"}},"clearTextFirst":true,"interactionType":"ENTER_TEXT"}]}
COMMAND: POST /session/cdd305857320dd590ea5bbf59a31d46e/execute/async - {"script":"<script> [1562 bytes]","args":[{"selector":{"id":"application-manageresources-display-component---newResourceUnit--BASE_UNIT_OF_MEASURE","interaction":{"idSuffix":"inner"}},"wdio_ui5_key":"applicationmanageresources-display-component---newResourceUnit--BASE_UNIT_OF_MEASURE"}]}
RESULT: {"script":"<script> [1562 bytes]","args":[{"selector":{"id":"application-manageresources-display-component---newResourceUnit--BASE_UNIT_OF_MEASURE","interaction":{"idSuffix":"inner"}},"wdio_ui5_key":"applicationmanageresources-display-component---newResourceUnit--BASE_UNIT_OF_MEASURE"}]}
RESULT: undefined
COMMAND: POST /session/cdd305857320dd590ea5bbf59a31d46e/execute/async - {"script":"<script> [776 bytes]","args":[{"enterText":"Piece","selector":{"id":"application-manageresources-display-component---newResourceUnit--BASE_UNIT_OF_MEASURE","interaction":{"idSuffix":"inner"}},"clearTextFirst":true,"interactionType":"ENTER_TEXT"}]}
RESULT: {"script":"<script> [776 bytes]","args":[{"enterText":"Piece","selector":{"id":"application-manageresources-display-component---newResourceUnit--BASE_UNIT_OF_MEASURE","interaction":{"idSuffix":"inner"}},"clearTextFirst":true,"interactionType":"ENTER_TEXT"}]}
COMMAND: POST /session/cdd305857320dd590ea5bbf59a31d46e/execute/async - {"script":"<script> [1562 bytes]","args":[{"selector":{"id":"application-manageresources-display-component---newResourceUnit--WEIGHT_UNIT","interaction":{"idSuffix":"inner"}},"wdio_ui5_key":"applicationmanageresources-display-component---newResourceUnit--WEIGHT_UNIT"}]}
RESULT: {"script":"<script> [1562 bytes]","args":[{"selector":{"id":"application-manageresources-display-component---newResourceUnit--WEIGHT_UNIT","interaction":{"idSuffix":"inner"}},"wdio_ui5_key":"applicationmanageresources-display-component---newResourceUnit--WEIGHT_UNIT"}]}
RESULT: undefined
COMMAND: POST /session/cdd305857320dd590ea5bbf59a31d46e/execute/async - {"script":"<script> [776 bytes]","args":[{"enterText":"Gram","selector":{"id":"application-manageresources-display-component---newResourceUnit--WEIGHT_UNIT","interaction":{"idSuffix":"inner"}},"clearTextFirst":true,"interactionType":"ENTER_TEXT"}]}
RESULT: {"script":"<script> [776 bytes]","args":[{"enterText":"Gram","selector":{"id":"application-manageresources-display-component---newResourceUnit--WEIGHT_UNIT","interaction":{"idSuffix":"inner"}},"clearTextFirst":true,"interactionType":"ENTER_TEXT"}]}
COMMAND: POST /session/cdd305857320dd590ea5bbf59a31d46e/execute/async - {"script":"<script> [1562 bytes]","args":[{"selector":{"id":"application-manageresources-display-component---newResourceUnit--DIMENSION_UNIT","interaction":{"idSuffix":"inner"}},"wdio_ui5_key":"applicationmanageresources-display-component---newResourceUnit--DIMENSION_UNIT"}]}
RESULT: {"script":"<script> [1562 bytes]","args":[{"selector":{"id":"application-manageresources-display-component---newResourceUnit--DIMENSION_UNIT","interaction":{"idSuffix":"inner"}},"wdio_ui5_key":"applicationmanageresources-display-component---newResourceUnit--DIMENSION_UNIT"}]}
RESULT: undefined
COMMAND: POST /session/cdd305857320dd590ea5bbf59a31d46e/execute/async - {"script":"<script> [776 bytes]","args":[{"enterText":"Meter","selector":{"id":"application-manageresources-display-component---newResourceUnit--DIMENSION_UNIT","interaction":{"idSuffix":"inner"}},"clearTextFirst":true,"interactionType":"ENTER_TEXT"}]}
RESULT: {"script":"<script> [776 bytes]","args":[{"enterText":"Meter","selector":{"id":"application-manageresources-display-component---newResourceUnit--DIMENSION_UNIT","interaction":{"idSuffix":"inner"}},"clearTextFirst":true,"interactionType":"ENTER_TEXT"}]}
COMMAND: POST /session/cdd305857320dd590ea5bbf59a31d46e/execute/async - {"script":"<script> [1562 bytes]","args":[{"selector":{"id":"application-manageresources-display-component---newResourceUnit--newRRUPage-anchBar-application-manageresources-display-component---newResourceUnit--control-anchor","interaction":{"idSuffix":"BDI-content"}},"wdio_ui5_key":"applicationmanageresources-display-component---newResourceUnit--newRRUPage-anchBar-application-manageresources-display-component---newResourceUnit--control-anchor"}]}
RESULT: {"script":"<script> [1562 bytes]","args":[{"selector":{"id":"application-manageresources-display-component---newResourceUnit--newRRUPage-anchBar-application-manageresources-display-component---newResourceUnit--control-anchor","interaction":{"idSuffix":"BDI-content"}},"wdio_ui5_key":"applicationmanageresources-display-component---newResourceUnit--newRRUPage-anchBar-application-manageresources-display-component---newResourceUnit--control-anchor"}]}
RESULT: undefined
COMMAND: POST /session/cdd305857320dd590ea5bbf59a31d46e/element - {"using":"xpath","value":"//*[@id=\"application-manageresources-display-component---newResourceUnit--newRRUPage-anchBar-application-manageresources-display-component---newResourceUnit--control-anchor\"]"}
RESULT: {"using":"xpath","value":"//*[@id=\"application-manageresources-display-component---newResourceUnit--newRRUPage-anchBar-application-manageresources-display-component---newResourceUnit--control-anchor\"]"}
COMMAND: POST /session/cdd305857320dd590ea5bbf59a31d46e/element/f.492DEA3F6A95B07ADA96E928C4F8A0EF.d.18256C95B6DB0A362537709DC5541B8B.e.26052/click - {}
RESULT: {}
COMMAND: POST /session/cdd305857320dd590ea5bbf59a31d46e/execute/async - {"script":"<script> [1562 bytes]","args":[{"selector":{"id":"application-manageresources-display-component---newResourceUnit--PLANNING_GROUP","interaction":{"idSuffix":"inner"}},"wdio_ui5_key":"applicationmanageresources-display-component---newResourceUnit--PLANNING_GROUP"}]}
COMMAND: GET /session/cdd305857320dd590ea5bbf59a31d46e/screenshot - {}
RESULT: {"script":"<script> [1562 bytes]","args":[{"selector":{"id":"application-manageresources-display-component---newResourceUnit--PLANNING_GROUP","interaction":{"idSuffix":"inner"}},"wdio_ui5_key":"applicationmanageresources-display-component---newResourceUnit--PLANNING_GROUP"}]}
RESULT: undefined
COMMAND: POST /session/cdd305857320dd590ea5bbf59a31d46e/execute/async - {"script":"<script> [776 bytes]","args":[{"enterText":"Material","selector":{"id":"application-manageresources-display-component---newResourceUnit--PLANNING_GROUP","interaction":{"idSuffix":"inner"}},"clearTextFirst":true,"interactionType":"ENTER_TEXT"}]}
RESULT: {}
RESULT: {"script":"<script> [776 bytes]","args":[{"enterText":"Material","selector":{"id":"application-manageresources-display-component---newResourceUnit--PLANNING_GROUP","interaction":{"idSuffix":"inner"}},"clearTextFirst":true,"interactionType":"ENTER_TEXT"}]}
COMMAND: POST /session/cdd305857320dd590ea5bbf59a31d46e/execute/async - {"script":"<script> [1562 bytes]","args":[{"selector":{"id":"application-manageresources-display-component---newResourceUnit--PLANNING_INDICATOR","interaction":{"idSuffix":"inner"}},"wdio_ui5_key":"applicationmanageresources-display-component---newResourceUnit--PLANNING_INDICATOR"}]}
RESULT: {"script":"<script> [1562 bytes]","args":[{"selector":{"id":"application-manageresources-display-component---newResourceUnit--PLANNING_INDICATOR","interaction":{"idSuffix":"inner"}},"wdio_ui5_key":"applicationmanageresources-display-component---newResourceUnit--PLANNING_INDICATOR"}]}
RESULT: undefined
COMMAND: POST /session/cdd305857320dd590ea5bbf59a31d46e/execute/async - {"script":"<script> [776 bytes]","args":[{"enterText":"10 - infinite","selector":{"id":"application-manageresources-display-component---newResourceUnit--PLANNING_INDICATOR","interaction":{"idSuffix":"inner"}},"clearTextFirst":true,"interactionType":"ENTER_TEXT"}]}
RESULT: {"script":"<script> [776 bytes]","args":[{"enterText":"10 - infinite","selector":{"id":"application-manageresources-display-component---newResourceUnit--PLANNING_INDICATOR","interaction":{"idSuffix":"inner"}},"clearTextFirst":true,"interactionType":"ENTER_TEXT"}]}
COMMAND: POST /session/cdd305857320dd590ea5bbf59a31d46e/element - {"using":"css selector","value":"#application-manageresources-display-component---newResourceUnit--btnAddTimeSegment"}
RESULT: {"using":"css selector","value":"#application-manageresources-display-component---newResourceUnit--btnAddTimeSegment"}
COMMAND: GET /session/cdd305857320dd590ea5bbf59a31d46e/element/f.492DEA3F6A95B07ADA96E928C4F8A0EF.d.18256C95B6DB0A362537709DC5541B8B.e.26060/rect - {}
RESULT: {}
COMMAND: GET /session/cdd305857320dd590ea5bbf59a31d46e/window/rect - {}
RESULT: {}
COMMAND: POST /session/cdd305857320dd590ea5bbf59a31d46e/execute/sync - {"script":"<script> [92 bytes]","args":[]}
RESULT: {"script":"<script> [92 bytes]","args":[]}
COMMAND: POST /session/cdd305857320dd590ea5bbf59a31d46e/actions - {"actions":[{"id":"action78","type":"wheel","parameters":{},"actions":[{"type":"scroll","x":-1888,"y":-32,"deltaX":0,"deltaY":0,"duration":0,"origin":{"element-6066-11e4-a52e-4f735466cecf":"f.492DEA3F6A95B07ADA96E928C4F8A0EF.d.18256C95B6DB0A362537709DC5541B8B.e.26060"}}]}]}
COMMAND: GET /session/cdd305857320dd590ea5bbf59a31d46e/screenshot - {}
RESULT: {}
COMMAND: POST /session/cdd305857320dd590ea5bbf59a31d46e/execute/sync - {"script":"<script> [79 bytes]","args":[{"element-6066-11e4-a52e-4f735466cecf":"f.492DEA3F6A95B07ADA96E928C4F8A0EF.d.18256C95B6DB0A362537709DC5541B8B.e.26060","ELEMENT":"f.492DEA3F6A95B07ADA96E928C4F8A0EF.d.18256C95B6DB0A362537709DC5541B8B.e.26060"},{"block":"start","inline":"nearest"}]}
RESULT: {"script":"<script> [79 bytes]","args":[{"element-6066-11e4-a52e-4f735466cecf":"f.492DEA3F6A95B07ADA96E928C4F8A0EF.d.18256C95B6DB0A362537709DC5541B8B.e.26060","ELEMENT":"f.492DEA3F6A95B07ADA96E928C4F8A0EF.d.18256C95B6DB0A362537709DC5541B8B.e.26060"},{"block":"start","inline":"nearest"}]}
COMMAND: POST /session/cdd305857320dd590ea5bbf59a31d46e/execute/async - {"script":"<script> [1562 bytes]","args":[{"selector":{"id":"application-manageresources-display-component---newResourceUnit--btnAddTimeSegment","interaction":{"idSuffix":"inner"}},"wdio_ui5_key":"applicationmanageresources-display-component---newResourceUnit--btnAddTimeSegment"}]}
COMMAND: GET /session/cdd305857320dd590ea5bbf59a31d46e/screenshot - {}
RESULT: {"script":"<script> [1562 bytes]","args":[{"selector":{"id":"application-manageresources-display-component---newResourceUnit--btnAddTimeSegment","interaction":{"idSuffix":"inner"}},"wdio_ui5_key":"applicationmanageresources-display-component---newResourceUnit--btnAddTimeSegment"}]}
RESULT: undefined
COMMAND: POST /session/cdd305857320dd590ea5bbf59a31d46e/element - {"using":"xpath","value":"//*[@id=\"application-manageresources-display-component---newResourceUnit--btnAddTimeSegment\"]"}
RESULT: {}
RESULT: {"using":"xpath","value":"//*[@id=\"application-manageresources-display-component---newResourceUnit--btnAddTimeSegment\"]"}
COMMAND: POST /session/cdd305857320dd590ea5bbf59a31d46e/element/f.492DEA3F6A95B07ADA96E928C4F8A0EF.d.18256C95B6DB0A362537709DC5541B8B.e.26060/click - {}
RESULT: {}
COMMAND: GET /session/cdd305857320dd590ea5bbf59a31d46e/screenshot - {}
RESULT: {}
COMMAND: POST /session/cdd305857320dd590ea5bbf59a31d46e/element - {"using":"xpath","value":"//input[@id=\"application-manageresources-display-component---newResourceUnit--idRuTSAdmin-application-manageresources-display-component---newResourceUnit--RUTimeSegment-0-inner\"]"}
RESULT: {"using":"xpath","value":"//input[@id=\"application-manageresources-display-component---newResourceUnit--idRuTSAdmin-application-manageresources-display-component---newResourceUnit--RUTimeSegment-0-inner\"]"}
COMMAND: POST /session/cdd305857320dd590ea5bbf59a31d46e/element/f.492DEA3F6A95B07ADA96E928C4F8A0EF.d.18256C95B6DB0A362537709DC5541B8B.e.26065/clear - {}
RESULT: {}
COMMAND: POST /session/cdd305857320dd590ea5bbf59a31d46e/element/f.492DEA3F6A95B07ADA96E928C4F8A0EF.d.18256C95B6DB0A362537709DC5541B8B.e.26065/value - {"text":"388"}
COMMAND: GET /session/cdd305857320dd590ea5bbf59a31d46e/screenshot - {}
RESULT: {"text":"388"}
COMMAND: GET /session/cdd305857320dd590ea5bbf59a31d46e/screenshot - {}
RESULT: {}
RESULT: {}
COMMAND: POST /session/cdd305857320dd590ea5bbf59a31d46e/element - {"using":"xpath","value":"//li[.//span[text()='388']]"}
RESULT: {"using":"xpath","value":"//li[.//span[text()='388']]"}
COMMAND: POST /session/cdd305857320dd590ea5bbf59a31d46e/element/f.492DEA3F6A95B07ADA96E928C4F8A0EF.d.18256C95B6DB0A362537709DC5541B8B.e.26074/click - {}
RESULT: {}
COMMAND: GET /session/cdd305857320dd590ea5bbf59a31d46e/screenshot - {}
RESULT: {}
COMMAND: POST /session/cdd305857320dd590ea5bbf59a31d46e/element - {"using":"xpath","value":"(//span[contains(@id, \"-application-manageresources-display-component---newResourceUnit--RUTimeSegment-0-arrow\")])[2]"}
RESULT: {"using":"xpath","value":"(//span[contains(@id, \"-application-manageresources-display-component---newResourceUnit--RUTimeSegment-0-arrow\")])[2]"}
COMMAND: POST /session/cdd305857320dd590ea5bbf59a31d46e/element/f.492DEA3F6A95B07ADA96E928C4F8A0EF.d.18256C95B6DB0A362537709DC5541B8B.e.26075/click - {}
RESULT: {}
COMMAND: POST /session/cdd305857320dd590ea5bbf59a31d46e/element - {"using":"xpath","value":"//span[contains(text(), \"PM Order\")]"}
COMMAND: GET /session/cdd305857320dd590ea5bbf59a31d46e/screenshot - {}
RESULT: {"using":"xpath","value":"//span[contains(text(), \"PM Order\")]"}
COMMAND: POST /session/cdd305857320dd590ea5bbf59a31d46e/element/f.492DEA3F6A95B07ADA96E928C4F8A0EF.d.18256C95B6DB0A362537709DC5541B8B.e.26076/click - {}
RESULT: {}
RESULT: {}
COMMAND: GET /session/cdd305857320dd590ea5bbf59a31d46e/screenshot - {}
RESULT: {}
COMMAND: POST /session/cdd305857320dd590ea5bbf59a31d46e/element - {"using":"xpath","value":"//td/div/div/div/span[contains(@id, \"newResourceUnit--RUTimeSegment-0-vhi\")][1]"}
RESULT: {"using":"xpath","value":"//td/div/div/div/span[contains(@id, \"newResourceUnit--RUTimeSegment-0-vhi\")][1]"}
COMMAND: GET /session/cdd305857320dd590ea5bbf59a31d46e/element/f.492DEA3F6A95B07ADA96E928C4F8A0EF.d.18256C95B6DB0A362537709DC5541B8B.e.26080/rect - {}
RESULT: {}
COMMAND: GET /session/cdd305857320dd590ea5bbf59a31d46e/window/rect - {}
RESULT: {}
COMMAND: POST /session/cdd305857320dd590ea5bbf59a31d46e/execute/sync - {"script":"<script> [92 bytes]","args":[]}
RESULT: {"script":"<script> [92 bytes]","args":[]}
COMMAND: POST /session/cdd305857320dd590ea5bbf59a31d46e/actions - {"actions":[{"id":"action79","type":"wheel","parameters":{},"actions":[{"type":"scroll","x":-1888,"y":-24,"deltaX":0,"deltaY":0,"duration":0,"origin":{"element-6066-11e4-a52e-4f735466cecf":"f.492DEA3F6A95B07ADA96E928C4F8A0EF.d.18256C95B6DB0A362537709DC5541B8B.e.26080"}}]}]}
COMMAND: GET /session/cdd305857320dd590ea5bbf59a31d46e/screenshot - {}
RESULT: {}
COMMAND: POST /session/cdd305857320dd590ea5bbf59a31d46e/execute/sync - {"script":"<script> [79 bytes]","args":[{"element-6066-11e4-a52e-4f735466cecf":"f.492DEA3F6A95B07ADA96E928C4F8A0EF.d.18256C95B6DB0A362537709DC5541B8B.e.26080","ELEMENT":"f.492DEA3F6A95B07ADA96E928C4F8A0EF.d.18256C95B6DB0A362537709DC5541B8B.e.26080"},{"block":"start","inline":"nearest"}]}
RESULT: {"script":"<script> [79 bytes]","args":[{"element-6066-11e4-a52e-4f735466cecf":"f.492DEA3F6A95B07ADA96E928C4F8A0EF.d.18256C95B6DB0A362537709DC5541B8B.e.26080","ELEMENT":"f.492DEA3F6A95B07ADA96E928C4F8A0EF.d.18256C95B6DB0A362537709DC5541B8B.e.26080"},{"block":"start","inline":"nearest"}]}
COMMAND: GET /session/cdd305857320dd590ea5bbf59a31d46e/screenshot - {}
RESULT: {}
COMMAND: POST /session/cdd305857320dd590ea5bbf59a31d46e/element/f.492DEA3F6A95B07ADA96E928C4F8A0EF.d.18256C95B6DB0A362537709DC5541B8B.e.26080/click - {}
RESULT: {}
COMMAND: GET /session/cdd305857320dd590ea5bbf59a31d46e/screenshot - {}
RESULT: {}
COMMAND: POST /session/cdd305857320dd590ea5bbf59a31d46e/execute/async - {"script":"<script> [1562 bytes]","args":[{"selector":{"controlType":"sap.m.SearchField","properties":{"placeholder":"Search"},"searchOpenDialogs":true,"interaction":{"idSuffix":"I"}},"wdio_ui5_key":"sapm.SearchField{\"placeholder\":\"Search\"}"}]}
RESULT: {"script":"<script> [1562 bytes]","args":[{"selector":{"controlType":"sap.m.SearchField","properties":{"placeholder":"Search"},"searchOpenDialogs":true,"interaction":{"idSuffix":"I"}},"wdio_ui5_key":"sapm.SearchField{\"placeholder\":\"Search\"}"}]}
RESULT: undefined
COMMAND: POST /session/cdd305857320dd590ea5bbf59a31d46e/execute/async - {"script":"<script> [776 bytes]","args":[{"enterText":"4000360","selector":{"controlType":"sap.m.SearchField","properties":{"placeholder":"Search"},"searchOpenDialogs":true,"interaction":{"idSuffix":"I"}},"clearTextFirst":true,"interactionType":"ENTER_TEXT"}]}
RESULT: {"script":"<script> [776 bytes]","args":[{"enterText":"4000360","selector":{"controlType":"sap.m.SearchField","properties":{"placeholder":"Search"},"searchOpenDialogs":true,"interaction":{"idSuffix":"I"}},"clearTextFirst":true,"interactionType":"ENTER_TEXT"}]}
COMMAND: POST /session/cdd305857320dd590ea5bbf59a31d46e/actions - {"actions":[{"id":"action80","type":"key","parameters":{},"actions":[{"type":"keyDown","value":""},{"type":"pause","duration":10},{"type":"keyUp","value":""}]}]}
RESULT: {"actions":[{"id":"action80","type":"key","parameters":{},"actions":[{"type":"keyDown","value":""},{"type":"pause","duration":10},{"type":"keyUp","value":""}]}]}
COMMAND: GET /session/cdd305857320dd590ea5bbf59a31d46e/screenshot - {}
RESULT: {}
COMMAND: POST /session/cdd305857320dd590ea5bbf59a31d46e/element - {"using":"xpath","value":"//td/div/span[contains(text(), \"BGL Vehicles\")]"}
RESULT: {"using":"xpath","value":"//td/div/span[contains(text(), \"BGL Vehicles\")]"}
COMMAND: POST /session/cdd305857320dd590ea5bbf59a31d46e/element/f.492DEA3F6A95B07ADA96E928C4F8A0EF.d.18256C95B6DB0A362537709DC5541B8B.e.26102/click - {}
RESULT: {}
COMMAND: GET /session/cdd305857320dd590ea5bbf59a31d46e/screenshot - {}
RESULT: {}
COMMAND: POST /session/cdd305857320dd590ea5bbf59a31d46e/element - {"using":"xpath","value":"//bdi[contains(text(), \"OK\")]"}
RESULT: {"using":"xpath","value":"//bdi[contains(text(), \"OK\")]"}
COMMAND: POST /session/cdd305857320dd590ea5bbf59a31d46e/element/f.492DEA3F6A95B07ADA96E928C4F8A0EF.d.18256C95B6DB0A362537709DC5541B8B.e.26103/click - {}
RESULT: {}
COMMAND: GET /session/cdd305857320dd590ea5bbf59a31d46e/screenshot - {}
RESULT: {}
COMMAND: POST /session/cdd305857320dd590ea5bbf59a31d46e/element - {"using":"xpath","value":"//label[contains(@class, 'sapMLabelRequired') and .//bdi[contains(text(), 'Planned Retirement')]]"}
RESULT: {"using":"xpath","value":"//label[contains(@class, 'sapMLabelRequired') and .//bdi[contains(text(), 'Planned Retirement')]]"}
COMMAND: POST /session/cdd305857320dd590ea5bbf59a31d46e/elements - {"using":"xpath","value":"//label[contains(@class, 'sapMLabelRequired') and .//bdi[contains(text(), 'Planned Retirement')]]"}
RESULT: {"using":"xpath","value":"//label[contains(@class, 'sapMLabelRequired') and .//bdi[contains(text(), 'Planned Retirement')]]"}
COMMAND: POST /session/cdd305857320dd590ea5bbf59a31d46e/element - {"using":"xpath","value":"//button[@data-kt=\"resourceUnitSaveButton\"]"}
RESULT: {"using":"xpath","value":"//button[@data-kt=\"resourceUnitSaveButton\"]"}
COMMAND: POST /session/cdd305857320dd590ea5bbf59a31d46e/element/f.492DEA3F6A95B07ADA96E928C4F8A0EF.d.18256C95B6DB0A362537709DC5541B8B.e.25938/click - {}
RESULT: {}
COMMAND: GET /session/cdd305857320dd590ea5bbf59a31d46e/screenshot - {}
RESULT: {}
COMMAND: POST /session/cdd305857320dd590ea5bbf59a31d46e/element - {"using":"xpath","value":"//bdi[contains(text(), \"Close\")]"}
RESULT: {"using":"xpath","value":"//bdi[contains(text(), \"Close\")]"}
COMMAND: POST /session/cdd305857320dd590ea5bbf59a31d46e/element/f.492DEA3F6A95B07ADA96E928C4F8A0EF.d.18256C95B6DB0A362537709DC5541B8B.e.26110/click - {}
RESULT: {}
COMMAND: GET /session/cdd305857320dd590ea5bbf59a31d46e/screenshot - {}
RESULT: {}
COMMAND: POST /session/cdd305857320dd590ea5bbf59a31d46e/element - {"using":"xpath","value":"//header[contains(@id, 'detailRruPage-headerTitle')]/div[1]/div[2]/div[2]/span[1]"}
RESULT: {"using":"xpath","value":"//header[contains(@id, 'detailRruPage-headerTitle')]/div[1]/div[2]/div[2]/span[1]"}
COMMAND: POST /session/cdd305857320dd590ea5bbf59a31d46e/elements - {"using":"xpath","value":"//header[contains(@id, 'detailRruPage-headerTitle')]/div[1]/div[2]/div[2]/span[1]"}
RESULT: {"using":"xpath","value":"//header[contains(@id, 'detailRruPage-headerTitle')]/div[1]/div[2]/div[2]/span[1]"}
COMMAND: POST /session/cdd305857320dd590ea5bbf59a31d46e/execute/sync - {"script":"<script> [56 bytes]","args":[{"element-6066-11e4-a52e-4f735466cecf":"f.492DEA3F6A95B07ADA96E928C4F8A0EF.d.18256C95B6DB0A362537709DC5541B8B.e.26143","ELEMENT":"f.492DEA3F6A95B07ADA96E928C4F8A0EF.d.18256C95B6DB0A362537709DC5541B8B.e.26143"}]}
RESULT: {"script":"<script> [56 bytes]","args":[{"element-6066-11e4-a52e-4f735466cecf":"f.492DEA3F6A95B07ADA96E928C4F8A0EF.d.18256C95B6DB0A362537709DC5541B8B.e.26143","ELEMENT":"f.492DEA3F6A95B07ADA96E928C4F8A0EF.d.18256C95B6DB0A362537709DC5541B8B.e.26143"}]}
COMMAND: POST /session/cdd305857320dd590ea5bbf59a31d46e/element - {"using":"css selector","value":"#shell-header-logo"}
COMMAND: GET /session/cdd305857320dd590ea5bbf59a31d46e/screenshot - {}
RESULT: {"using":"css selector","value":"#shell-header-logo"}
COMMAND: POST /session/cdd305857320dd590ea5bbf59a31d46e/element/f.492DEA3F6A95B07ADA96E928C4F8A0EF.d.18256C95B6DB0A362537709DC5541B8B.e.25416/click - {}
RESULT: {}
RESULT: {}
COMMAND: GET /session/cdd305857320dd590ea5bbf59a31d46e/screenshot - {}
RESULT: {}
]]></system-out>
    </testcase>
    <testcase classname="chrome.136_0_7103_93.windows.Create_masterdata_for_Yard_Overview_-_trigger_provide_US130988" name="Bin Status Report Should Create New Organization yard" time="0.006"/>
    <testcase classname="chrome.136_0_7103_93.windows.Create_masterdata_for_Yard_Overview_-_trigger_provide_US130988" name="Create a Warehouse Movement for created yard" time="47.332">
      <system-out><![CDATA[
COMMAND: POST /session/cdd305857320dd590ea5bbf59a31d46e/execute/async - {"script":"<script> [1562 bytes]","args":[{"selector":{"controlType":"sap.m.GenericTile","properties":{"header":"Manage Warehouse Movements"}},"wdio_ui5_key":"sapm.GenericTile{\"header\":\"Manage Warehouse Movements\"}"}]}
RESULT: {"script":"<script> [1562 bytes]","args":[{"selector":{"controlType":"sap.m.GenericTile","properties":{"header":"Manage Warehouse Movements"}},"wdio_ui5_key":"sapm.GenericTile{\"header\":\"Manage Warehouse Movements\"}"}]}
RESULT: undefined
COMMAND: POST /session/cdd305857320dd590ea5bbf59a31d46e/element - {"using":"xpath","value":"//*[@id=\"__tile105\"]"}
RESULT: {"using":"xpath","value":"//*[@id=\"__tile105\"]"}
COMMAND: POST /session/cdd305857320dd590ea5bbf59a31d46e/element/f.492DEA3F6A95B07ADA96E928C4F8A0EF.d.18256C95B6DB0A362537709DC5541B8B.e.26147/click - {}
RESULT: {}
COMMAND: POST /session/cdd305857320dd590ea5bbf59a31d46e/element - {"using":"xpath","value":"//input[@id='application-warehousemovements-display-component---warehouseMovements--smartFilterBar-filterItemControl_BASIC-YARD-inner']"}
COMMAND: GET /session/cdd305857320dd590ea5bbf59a31d46e/screenshot - {}
RESULT: {"using":"xpath","value":"//input[@id='application-warehousemovements-display-component---warehouseMovements--smartFilterBar-filterItemControl_BASIC-YARD-inner']"}
COMMAND: POST /session/cdd305857320dd590ea5bbf59a31d46e/elements - {"using":"xpath","value":"//input[@id='application-warehousemovements-display-component---warehouseMovements--smartFilterBar-filterItemControl_BASIC-YARD-inner']"}
RESULT: {}
RESULT: {"using":"xpath","value":"//input[@id='application-warehousemovements-display-component---warehouseMovements--smartFilterBar-filterItemControl_BASIC-YARD-inner']"}
COMMAND: POST /session/cdd305857320dd590ea5bbf59a31d46e/elements - {"using":"xpath","value":"//input[@id='application-warehousemovements-display-component---warehouseMovements--smartFilterBar-filterItemControl_BASIC-YARD-inner']"}
RESULT: {"using":"xpath","value":"//input[@id='application-warehousemovements-display-component---warehouseMovements--smartFilterBar-filterItemControl_BASIC-YARD-inner']"}
COMMAND: POST /session/cdd305857320dd590ea5bbf59a31d46e/elements - {"using":"xpath","value":"//input[@id='application-warehousemovements-display-component---warehouseMovements--smartFilterBar-filterItemControl_BASIC-YARD-inner']"}
RESULT: {"using":"xpath","value":"//input[@id='application-warehousemovements-display-component---warehouseMovements--smartFilterBar-filterItemControl_BASIC-YARD-inner']"}
COMMAND: POST /session/cdd305857320dd590ea5bbf59a31d46e/elements - {"using":"xpath","value":"//input[@id='application-warehousemovements-display-component---warehouseMovements--smartFilterBar-filterItemControl_BASIC-YARD-inner']"}
RESULT: {"using":"xpath","value":"//input[@id='application-warehousemovements-display-component---warehouseMovements--smartFilterBar-filterItemControl_BASIC-YARD-inner']"}
COMMAND: POST /session/cdd305857320dd590ea5bbf59a31d46e/elements - {"using":"xpath","value":"//input[@id='application-warehousemovements-display-component---warehouseMovements--smartFilterBar-filterItemControl_BASIC-YARD-inner']"}
RESULT: {"using":"xpath","value":"//input[@id='application-warehousemovements-display-component---warehouseMovements--smartFilterBar-filterItemControl_BASIC-YARD-inner']"}
COMMAND: POST /session/cdd305857320dd590ea5bbf59a31d46e/elements - {"using":"xpath","value":"//input[@id='application-warehousemovements-display-component---warehouseMovements--smartFilterBar-filterItemControl_BASIC-YARD-inner']"}
RESULT: {"using":"xpath","value":"//input[@id='application-warehousemovements-display-component---warehouseMovements--smartFilterBar-filterItemControl_BASIC-YARD-inner']"}
COMMAND: POST /session/cdd305857320dd590ea5bbf59a31d46e/elements - {"using":"xpath","value":"//input[@id='application-warehousemovements-display-component---warehouseMovements--smartFilterBar-filterItemControl_BASIC-YARD-inner']"}
RESULT: {"using":"xpath","value":"//input[@id='application-warehousemovements-display-component---warehouseMovements--smartFilterBar-filterItemControl_BASIC-YARD-inner']"}
COMMAND: POST /session/cdd305857320dd590ea5bbf59a31d46e/elements - {"using":"xpath","value":"//input[@id='application-warehousemovements-display-component---warehouseMovements--smartFilterBar-filterItemControl_BASIC-YARD-inner']"}
RESULT: {"using":"xpath","value":"//input[@id='application-warehousemovements-display-component---warehouseMovements--smartFilterBar-filterItemControl_BASIC-YARD-inner']"}
COMMAND: POST /session/cdd305857320dd590ea5bbf59a31d46e/elements - {"using":"xpath","value":"//input[@id='application-warehousemovements-display-component---warehouseMovements--smartFilterBar-filterItemControl_BASIC-YARD-inner']"}
RESULT: {"using":"xpath","value":"//input[@id='application-warehousemovements-display-component---warehouseMovements--smartFilterBar-filterItemControl_BASIC-YARD-inner']"}
COMMAND: POST /session/cdd305857320dd590ea5bbf59a31d46e/elements - {"using":"xpath","value":"//input[@id='application-warehousemovements-display-component---warehouseMovements--smartFilterBar-filterItemControl_BASIC-YARD-inner']"}
RESULT: {"using":"xpath","value":"//input[@id='application-warehousemovements-display-component---warehouseMovements--smartFilterBar-filterItemControl_BASIC-YARD-inner']"}
COMMAND: POST /session/cdd305857320dd590ea5bbf59a31d46e/elements - {"using":"xpath","value":"//input[@id='application-warehousemovements-display-component---warehouseMovements--smartFilterBar-filterItemControl_BASIC-YARD-inner']"}
RESULT: {"using":"xpath","value":"//input[@id='application-warehousemovements-display-component---warehouseMovements--smartFilterBar-filterItemControl_BASIC-YARD-inner']"}
COMMAND: POST /session/cdd305857320dd590ea5bbf59a31d46e/elements - {"using":"xpath","value":"//input[@id='application-warehousemovements-display-component---warehouseMovements--smartFilterBar-filterItemControl_BASIC-YARD-inner']"}
RESULT: {"using":"xpath","value":"//input[@id='application-warehousemovements-display-component---warehouseMovements--smartFilterBar-filterItemControl_BASIC-YARD-inner']"}
COMMAND: POST /session/cdd305857320dd590ea5bbf59a31d46e/elements - {"using":"xpath","value":"//input[@id='application-warehousemovements-display-component---warehouseMovements--smartFilterBar-filterItemControl_BASIC-YARD-inner']"}
RESULT: {"using":"xpath","value":"//input[@id='application-warehousemovements-display-component---warehouseMovements--smartFilterBar-filterItemControl_BASIC-YARD-inner']"}
COMMAND: POST /session/cdd305857320dd590ea5bbf59a31d46e/elements - {"using":"xpath","value":"//input[@id='application-warehousemovements-display-component---warehouseMovements--smartFilterBar-filterItemControl_BASIC-YARD-inner']"}
RESULT: {"using":"xpath","value":"//input[@id='application-warehousemovements-display-component---warehouseMovements--smartFilterBar-filterItemControl_BASIC-YARD-inner']"}
COMMAND: POST /session/cdd305857320dd590ea5bbf59a31d46e/elements - {"using":"xpath","value":"//input[@id='application-warehousemovements-display-component---warehouseMovements--smartFilterBar-filterItemControl_BASIC-YARD-inner']"}
RESULT: {"using":"xpath","value":"//input[@id='application-warehousemovements-display-component---warehouseMovements--smartFilterBar-filterItemControl_BASIC-YARD-inner']"}
COMMAND: POST /session/cdd305857320dd590ea5bbf59a31d46e/elements - {"using":"xpath","value":"//input[@id='application-warehousemovements-display-component---warehouseMovements--smartFilterBar-filterItemControl_BASIC-YARD-inner']"}
RESULT: {"using":"xpath","value":"//input[@id='application-warehousemovements-display-component---warehouseMovements--smartFilterBar-filterItemControl_BASIC-YARD-inner']"}
COMMAND: POST /session/cdd305857320dd590ea5bbf59a31d46e/elements - {"using":"xpath","value":"//input[@id='application-warehousemovements-display-component---warehouseMovements--smartFilterBar-filterItemControl_BASIC-YARD-inner']"}
RESULT: {"using":"xpath","value":"//input[@id='application-warehousemovements-display-component---warehouseMovements--smartFilterBar-filterItemControl_BASIC-YARD-inner']"}
COMMAND: POST /session/cdd305857320dd590ea5bbf59a31d46e/elements - {"using":"xpath","value":"//input[@id='application-warehousemovements-display-component---warehouseMovements--smartFilterBar-filterItemControl_BASIC-YARD-inner']"}
RESULT: {"using":"xpath","value":"//input[@id='application-warehousemovements-display-component---warehouseMovements--smartFilterBar-filterItemControl_BASIC-YARD-inner']"}
COMMAND: POST /session/cdd305857320dd590ea5bbf59a31d46e/element - {"using":"xpath","value":"//input[@id='application-warehousemovements-display-component---warehouseMovements--smartFilterBar-filterItemControl_BASIC-YARD-inner']"}
RESULT: {"using":"xpath","value":"//input[@id='application-warehousemovements-display-component---warehouseMovements--smartFilterBar-filterItemControl_BASIC-YARD-inner']"}
COMMAND: POST /session/cdd305857320dd590ea5bbf59a31d46e/execute/sync - {"script":"<script> [8489 bytes]","args":[{"element-6066-11e4-a52e-4f735466cecf":"f.492DEA3F6A95B07ADA96E928C4F8A0EF.d.18256C95B6DB0A362537709DC5541B8B.e.26156","ELEMENT":"f.492DEA3F6A95B07ADA96E928C4F8A0EF.d.18256C95B6DB0A362537709DC5541B8B.e.26156"}]}
RESULT: {"script":"<script> [8489 bytes]","args":[{"element-6066-11e4-a52e-4f735466cecf":"f.492DEA3F6A95B07ADA96E928C4F8A0EF.d.18256C95B6DB0A362537709DC5541B8B.e.26156","ELEMENT":"f.492DEA3F6A95B07ADA96E928C4F8A0EF.d.18256C95B6DB0A362537709DC5541B8B.e.26156"}]}
COMMAND: GET /session/cdd305857320dd590ea5bbf59a31d46e/element/f.492DEA3F6A95B07ADA96E928C4F8A0EF.d.18256C95B6DB0A362537709DC5541B8B.e.26156/enabled - {}
COMMAND: GET /session/cdd305857320dd590ea5bbf59a31d46e/screenshot - {}
RESULT: {}
COMMAND: POST /session/cdd305857320dd590ea5bbf59a31d46e/execute/sync - {"script":"<script> [8489 bytes]","args":[{"element-6066-11e4-a52e-4f735466cecf":"f.492DEA3F6A95B07ADA96E928C4F8A0EF.d.18256C95B6DB0A362537709DC5541B8B.e.26156","ELEMENT":"f.492DEA3F6A95B07ADA96E928C4F8A0EF.d.18256C95B6DB0A362537709DC5541B8B.e.26156"}]}
COMMAND: GET /session/cdd305857320dd590ea5bbf59a31d46e/screenshot - {}
RESULT: {}
RESULT: {"script":"<script> [8489 bytes]","args":[{"element-6066-11e4-a52e-4f735466cecf":"f.492DEA3F6A95B07ADA96E928C4F8A0EF.d.18256C95B6DB0A362537709DC5541B8B.e.26156","ELEMENT":"f.492DEA3F6A95B07ADA96E928C4F8A0EF.d.18256C95B6DB0A362537709DC5541B8B.e.26156"}]}
COMMAND: POST /session/cdd305857320dd590ea5bbf59a31d46e/execute/sync - {"script":"<script> [5351 bytes]","args":[{"element-6066-11e4-a52e-4f735466cecf":"f.492DEA3F6A95B07ADA96E928C4F8A0EF.d.18256C95B6DB0A362537709DC5541B8B.e.26156","ELEMENT":"f.492DEA3F6A95B07ADA96E928C4F8A0EF.d.18256C95B6DB0A362537709DC5541B8B.e.26156"}]}
COMMAND: GET /session/cdd305857320dd590ea5bbf59a31d46e/screenshot - {}
RESULT: {}
RESULT: {"script":"<script> [5351 bytes]","args":[{"element-6066-11e4-a52e-4f735466cecf":"f.492DEA3F6A95B07ADA96E928C4F8A0EF.d.18256C95B6DB0A362537709DC5541B8B.e.26156","ELEMENT":"f.492DEA3F6A95B07ADA96E928C4F8A0EF.d.18256C95B6DB0A362537709DC5541B8B.e.26156"}]}
COMMAND: GET /session/cdd305857320dd590ea5bbf59a31d46e/screenshot - {}
RESULT: {}
RESULT: {}
COMMAND: POST /session/cdd305857320dd590ea5bbf59a31d46e/element/f.492DEA3F6A95B07ADA96E928C4F8A0EF.d.18256C95B6DB0A362537709DC5541B8B.e.26156/clear - {}
RESULT: {}
COMMAND: POST /session/cdd305857320dd590ea5bbf59a31d46e/element/f.492DEA3F6A95B07ADA96E928C4F8A0EF.d.18256C95B6DB0A362537709DC5541B8B.e.26156/value - {"text":"388"}
COMMAND: GET /session/cdd305857320dd590ea5bbf59a31d46e/screenshot - {}
RESULT: {"text":"388"}
COMMAND: POST /session/cdd305857320dd590ea5bbf59a31d46e/actions - {"actions":[{"id":"action81","type":"key","parameters":{},"actions":[{"type":"keyDown","value":""},{"type":"pause","duration":10},{"type":"keyUp","value":""}]}]}
COMMAND: GET /session/cdd305857320dd590ea5bbf59a31d46e/screenshot - {}
RESULT: {}
RESULT: {"actions":[{"id":"action81","type":"key","parameters":{},"actions":[{"type":"keyDown","value":""},{"type":"pause","duration":10},{"type":"keyUp","value":""}]}]}
COMMAND: GET /session/cdd305857320dd590ea5bbf59a31d46e/screenshot - {}
RESULT: {}
RESULT: {}
COMMAND: POST /session/cdd305857320dd590ea5bbf59a31d46e/element - {"using":"xpath","value":"//button[contains(@data-kt, \"MasterMovementAddOverflowToolbarButton\")]"}
RESULT: {"using":"xpath","value":"//button[contains(@data-kt, \"MasterMovementAddOverflowToolbarButton\")]"}
COMMAND: POST /session/cdd305857320dd590ea5bbf59a31d46e/element/f.492DEA3F6A95B07ADA96E928C4F8A0EF.d.18256C95B6DB0A362537709DC5541B8B.e.26194/click - {}
RESULT: {}
COMMAND: GET /session/cdd305857320dd590ea5bbf59a31d46e/screenshot - {}
RESULT: {}
COMMAND: POST /session/cdd305857320dd590ea5bbf59a31d46e/element - {"using":"xpath","value":"//*[@id=\"application-warehousemovements-display-component---addMovement--sectionsList-arrow\"]"}
RESULT: {"using":"xpath","value":"//*[@id=\"application-warehousemovements-display-component---addMovement--sectionsList-arrow\"]"}
COMMAND: POST /session/cdd305857320dd590ea5bbf59a31d46e/element/f.492DEA3F6A95B07ADA96E928C4F8A0EF.d.18256C95B6DB0A362537709DC5541B8B.e.26413/click - {}
RESULT: {}
COMMAND: POST /session/cdd305857320dd590ea5bbf59a31d46e/actions - {"actions":[{"id":"action82","type":"key","parameters":{},"actions":[{"type":"keyDown","value":""},{"type":"pause","duration":10},{"type":"keyUp","value":""}]}]}
COMMAND: GET /session/cdd305857320dd590ea5bbf59a31d46e/screenshot - {}
RESULT: {"actions":[{"id":"action82","type":"key","parameters":{},"actions":[{"type":"keyDown","value":""},{"type":"pause","duration":10},{"type":"keyUp","value":""}]}]}
COMMAND: GET /session/cdd305857320dd590ea5bbf59a31d46e/screenshot - {}
RESULT: {}
RESULT: {}
COMMAND: POST /session/cdd305857320dd590ea5bbf59a31d46e/actions - {"actions":[{"id":"action83","type":"key","parameters":{},"actions":[{"type":"keyDown","value":""},{"type":"pause","duration":10},{"type":"keyUp","value":""}]}]}
RESULT: {"actions":[{"id":"action83","type":"key","parameters":{},"actions":[{"type":"keyDown","value":""},{"type":"pause","duration":10},{"type":"keyUp","value":""}]}]}
COMMAND: GET /session/cdd305857320dd590ea5bbf59a31d46e/screenshot - {}
RESULT: {}
COMMAND: POST /session/cdd305857320dd590ea5bbf59a31d46e/element - {"using":"xpath","value":"//*[@id=\"application-warehousemovements-display-component---addMovement--saveMovementBtn-BDI-content\" and text()=\"Save\"]"}
RESULT: {"using":"xpath","value":"//*[@id=\"application-warehousemovements-display-component---addMovement--saveMovementBtn-BDI-content\" and text()=\"Save\"]"}
COMMAND: POST /session/cdd305857320dd590ea5bbf59a31d46e/element/f.492DEA3F6A95B07ADA96E928C4F8A0EF.d.18256C95B6DB0A362537709DC5541B8B.e.26414/click - {}
RESULT: {}
COMMAND: GET /session/cdd305857320dd590ea5bbf59a31d46e/screenshot - {}
RESULT: {}
COMMAND: POST /session/cdd305857320dd590ea5bbf59a31d46e/element - {"using":"css selector","value":"#shell-header-logo"}
RESULT: {"using":"css selector","value":"#shell-header-logo"}
COMMAND: POST /session/cdd305857320dd590ea5bbf59a31d46e/element/f.492DEA3F6A95B07ADA96E928C4F8A0EF.d.18256C95B6DB0A362537709DC5541B8B.e.26151/click - {}
RESULT: {}
COMMAND: GET /session/cdd305857320dd590ea5bbf59a31d46e/screenshot - {}
RESULT: {}
]]></system-out>
    </testcase>
    <testcase classname="chrome.136_0_7103_93.windows.Create_masterdata_for_Yard_Overview_-_trigger_provide_US130988" name="Should do a stock increase handover for equipment" time="92.932">
      <system-out><![CDATA[
COMMAND: POST /session/cdd305857320dd590ea5bbf59a31d46e/execute/async - {"script":"<script> [1562 bytes]","args":[{"selector":{"controlType":"sap.m.GenericTile","properties":{"header":"Manage Handovers"}},"wdio_ui5_key":"sapm.GenericTile{\"header\":\"Manage Handovers\"}"}]}
RESULT: {"script":"<script> [1562 bytes]","args":[{"selector":{"controlType":"sap.m.GenericTile","properties":{"header":"Manage Handovers"}},"wdio_ui5_key":"sapm.GenericTile{\"header\":\"Manage Handovers\"}"}]}
RESULT: undefined
COMMAND: POST /session/cdd305857320dd590ea5bbf59a31d46e/element - {"using":"xpath","value":"//*[@id=\"__tile132\"]"}
RESULT: {"using":"xpath","value":"//*[@id=\"__tile132\"]"}
COMMAND: POST /session/cdd305857320dd590ea5bbf59a31d46e/element/f.492DEA3F6A95B07ADA96E928C4F8A0EF.d.18256C95B6DB0A362537709DC5541B8B.e.25461/click - {}
RESULT: {}
COMMAND: GET /session/cdd305857320dd590ea5bbf59a31d46e/screenshot - {}
RESULT: {}
COMMAND: POST /session/cdd305857320dd590ea5bbf59a31d46e/elements - {"using":"xpath","value":"//span[text()='Error']"}
RESULT: {"using":"xpath","value":"//span[text()='Error']"}
COMMAND: POST /session/cdd305857320dd590ea5bbf59a31d46e/element - {"using":"xpath","value":"//button[@data-kt=\"masterHOAddButton\"]"}
RESULT: {"using":"xpath","value":"//button[@data-kt=\"masterHOAddButton\"]"}
COMMAND: POST /session/cdd305857320dd590ea5bbf59a31d46e/elements - {"using":"xpath","value":"//button[@data-kt=\"masterHOAddButton\"]"}
RESULT: {"using":"xpath","value":"//button[@data-kt=\"masterHOAddButton\"]"}
COMMAND: POST /session/cdd305857320dd590ea5bbf59a31d46e/execute/sync - {"script":"<script> [8489 bytes]","args":[{"element-6066-11e4-a52e-4f735466cecf":"f.492DEA3F6A95B07ADA96E928C4F8A0EF.d.18256C95B6DB0A362537709DC5541B8B.e.26527","ELEMENT":"f.492DEA3F6A95B07ADA96E928C4F8A0EF.d.18256C95B6DB0A362537709DC5541B8B.e.26527"}]}
RESULT: {"script":"<script> [8489 bytes]","args":[{"element-6066-11e4-a52e-4f735466cecf":"f.492DEA3F6A95B07ADA96E928C4F8A0EF.d.18256C95B6DB0A362537709DC5541B8B.e.26527","ELEMENT":"f.492DEA3F6A95B07ADA96E928C4F8A0EF.d.18256C95B6DB0A362537709DC5541B8B.e.26527"}]}
COMMAND: GET /session/cdd305857320dd590ea5bbf59a31d46e/element/f.492DEA3F6A95B07ADA96E928C4F8A0EF.d.18256C95B6DB0A362537709DC5541B8B.e.26527/enabled - {}
COMMAND: GET /session/cdd305857320dd590ea5bbf59a31d46e/screenshot - {}
RESULT: {}
COMMAND: POST /session/cdd305857320dd590ea5bbf59a31d46e/execute/sync - {"script":"<script> [8489 bytes]","args":[{"element-6066-11e4-a52e-4f735466cecf":"f.492DEA3F6A95B07ADA96E928C4F8A0EF.d.18256C95B6DB0A362537709DC5541B8B.e.26527","ELEMENT":"f.492DEA3F6A95B07ADA96E928C4F8A0EF.d.18256C95B6DB0A362537709DC5541B8B.e.26527"}]}
COMMAND: GET /session/cdd305857320dd590ea5bbf59a31d46e/screenshot - {}
RESULT: {}
RESULT: {"script":"<script> [8489 bytes]","args":[{"element-6066-11e4-a52e-4f735466cecf":"f.492DEA3F6A95B07ADA96E928C4F8A0EF.d.18256C95B6DB0A362537709DC5541B8B.e.26527","ELEMENT":"f.492DEA3F6A95B07ADA96E928C4F8A0EF.d.18256C95B6DB0A362537709DC5541B8B.e.26527"}]}
COMMAND: POST /session/cdd305857320dd590ea5bbf59a31d46e/execute/sync - {"script":"<script> [5351 bytes]","args":[{"element-6066-11e4-a52e-4f735466cecf":"f.492DEA3F6A95B07ADA96E928C4F8A0EF.d.18256C95B6DB0A362537709DC5541B8B.e.26527","ELEMENT":"f.492DEA3F6A95B07ADA96E928C4F8A0EF.d.18256C95B6DB0A362537709DC5541B8B.e.26527"}]}
COMMAND: GET /session/cdd305857320dd590ea5bbf59a31d46e/screenshot - {}
RESULT: {}
RESULT: {"script":"<script> [5351 bytes]","args":[{"element-6066-11e4-a52e-4f735466cecf":"f.492DEA3F6A95B07ADA96E928C4F8A0EF.d.18256C95B6DB0A362537709DC5541B8B.e.26527","ELEMENT":"f.492DEA3F6A95B07ADA96E928C4F8A0EF.d.18256C95B6DB0A362537709DC5541B8B.e.26527"}]}
COMMAND: POST /session/cdd305857320dd590ea5bbf59a31d46e/element/f.492DEA3F6A95B07ADA96E928C4F8A0EF.d.18256C95B6DB0A362537709DC5541B8B.e.26527/click - {}
COMMAND: GET /session/cdd305857320dd590ea5bbf59a31d46e/screenshot - {}
RESULT: {}
RESULT: {}
COMMAND: GET /session/cdd305857320dd590ea5bbf59a31d46e/screenshot - {}
RESULT: {}
RESULT: {}
COMMAND: POST /session/cdd305857320dd590ea5bbf59a31d46e/element - {"using":"xpath","value":"//span[contains(@id ,\"AddNewHO--typeSelect-arrow\")]"}
RESULT: {"using":"xpath","value":"//span[contains(@id ,\"AddNewHO--typeSelect-arrow\")]"}
COMMAND: POST /session/cdd305857320dd590ea5bbf59a31d46e/element/f.492DEA3F6A95B07ADA96E928C4F8A0EF.d.18256C95B6DB0A362537709DC5541B8B.e.26881/click - {}
RESULT: {}
COMMAND: GET /session/cdd305857320dd590ea5bbf59a31d46e/screenshot - {}
RESULT: {}
COMMAND: POST /session/cdd305857320dd590ea5bbf59a31d46e/element - {"using":"xpath","value":"(//li[contains(text(), \"stock increase yard\")])[1]"}
RESULT: {"using":"xpath","value":"(//li[contains(text(), \"stock increase yard\")])[1]"}
COMMAND: POST /session/cdd305857320dd590ea5bbf59a31d46e/element/f.492DEA3F6A95B07ADA96E928C4F8A0EF.d.18256C95B6DB0A362537709DC5541B8B.e.26882/click - {}
RESULT: {}
COMMAND: GET /session/cdd305857320dd590ea5bbf59a31d46e/screenshot - {}
RESULT: {}
COMMAND: POST /session/cdd305857320dd590ea5bbf59a31d46e/execute/async - {"script":"<script> [1562 bytes]","args":[{"selector":{"id":"application-managehandovers-display-component---AddNewHO--dueDate","interaction":{"idSuffix":"inner"}},"wdio_ui5_key":"applicationmanagehandovers-display-component---AddNewHO--dueDate"}]}
RESULT: {"script":"<script> [1562 bytes]","args":[{"selector":{"id":"application-managehandovers-display-component---AddNewHO--dueDate","interaction":{"idSuffix":"inner"}},"wdio_ui5_key":"applicationmanagehandovers-display-component---AddNewHO--dueDate"}]}
RESULT: undefined
COMMAND: POST /session/cdd305857320dd590ea5bbf59a31d46e/execute/async - {"script":"<script> [6424 bytes]","args":[{"element-6066-11e4-a52e-4f735466cecf":"f.492DEA3F6A95B07ADA96E928C4F8A0EF.d.18256C95B6DB0A362537709DC5541B8B.e.26884"},"setValue",["5/27/25"]]}
RESULT: {"script":"<script> [6424 bytes]","args":[{"element-6066-11e4-a52e-4f735466cecf":"f.492DEA3F6A95B07ADA96E928C4F8A0EF.d.18256C95B6DB0A362537709DC5541B8B.e.26884"},"setValue",["5/27/25"]]}
COMMAND: POST /session/cdd305857320dd590ea5bbf59a31d46e/element - {"using":"xpath","value":"//input[@id=\"generalSectionFrg--receiveYard-inner\"]"}
RESULT: {"using":"xpath","value":"//input[@id=\"generalSectionFrg--receiveYard-inner\"]"}
COMMAND: POST /session/cdd305857320dd590ea5bbf59a31d46e/element/f.492DEA3F6A95B07ADA96E928C4F8A0EF.d.18256C95B6DB0A362537709DC5541B8B.e.26890/clear - {}
RESULT: {}
COMMAND: POST /session/cdd305857320dd590ea5bbf59a31d46e/element/f.492DEA3F6A95B07ADA96E928C4F8A0EF.d.18256C95B6DB0A362537709DC5541B8B.e.26890/value - {"text":"388"}
COMMAND: GET /session/cdd305857320dd590ea5bbf59a31d46e/screenshot - {}
RESULT: {"text":"388"}
COMMAND: GET /session/cdd305857320dd590ea5bbf59a31d46e/screenshot - {}
RESULT: {}
RESULT: {}
COMMAND: POST /session/cdd305857320dd590ea5bbf59a31d46e/element - {"using":"xpath","value":"//li[.//span[text()='388']]"}
RESULT: {"using":"xpath","value":"//li[.//span[text()='388']]"}
COMMAND: POST /session/cdd305857320dd590ea5bbf59a31d46e/element/f.492DEA3F6A95B07ADA96E928C4F8A0EF.d.18256C95B6DB0A362537709DC5541B8B.e.26907/click - {}
RESULT: {}
COMMAND: GET /session/cdd305857320dd590ea5bbf59a31d46e/screenshot - {}
RESULT: {}
COMMAND: POST /session/cdd305857320dd590ea5bbf59a31d46e/execute/async - {"script":"<script> [1562 bytes]","args":[{"selector":{"id":"application-managehandovers-display-component---AddNewHO--ObjectPageLayout-anchBar-application-managehandovers-display-component---AddNewHO--section4-anchor","interaction":{"idSuffix":"BDI-content"}},"wdio_ui5_key":"applicationmanagehandovers-display-component---AddNewHO--ObjectPageLayout-anchBar-application-managehandovers-display-component---AddNewHO--section4-anchor"}]}
RESULT: {"script":"<script> [1562 bytes]","args":[{"selector":{"id":"application-managehandovers-display-component---AddNewHO--ObjectPageLayout-anchBar-application-managehandovers-display-component---AddNewHO--section4-anchor","interaction":{"idSuffix":"BDI-content"}},"wdio_ui5_key":"applicationmanagehandovers-display-component---AddNewHO--ObjectPageLayout-anchBar-application-managehandovers-display-component---AddNewHO--section4-anchor"}]}
RESULT: undefined
COMMAND: POST /session/cdd305857320dd590ea5bbf59a31d46e/element - {"using":"xpath","value":"//*[@id=\"application-managehandovers-display-component---AddNewHO--ObjectPageLayout-anchBar-application-managehandovers-display-component---AddNewHO--section4-anchor\"]"}
RESULT: {"using":"xpath","value":"//*[@id=\"application-managehandovers-display-component---AddNewHO--ObjectPageLayout-anchBar-application-managehandovers-display-component---AddNewHO--section4-anchor\"]"}
COMMAND: POST /session/cdd305857320dd590ea5bbf59a31d46e/element/f.492DEA3F6A95B07ADA96E928C4F8A0EF.d.18256C95B6DB0A362537709DC5541B8B.e.26909/click - {}
RESULT: {}
COMMAND: POST /session/cdd305857320dd590ea5bbf59a31d46e/element - {"using":"xpath","value":"//button[@aria-label=\"Add\"]"}
COMMAND: GET /session/cdd305857320dd590ea5bbf59a31d46e/screenshot - {}
RESULT: {"using":"xpath","value":"//button[@aria-label=\"Add\"]"}
COMMAND: POST /session/cdd305857320dd590ea5bbf59a31d46e/element/f.492DEA3F6A95B07ADA96E928C4F8A0EF.d.18256C95B6DB0A362537709DC5541B8B.e.26913/click - {}
RESULT: {}
RESULT: {}
COMMAND: GET /session/cdd305857320dd590ea5bbf59a31d46e/screenshot - {}
RESULT: {}
COMMAND: POST /session/cdd305857320dd590ea5bbf59a31d46e/execute/async - {"script":"<script> [1562 bytes]","args":[{"selector":{"id":"application-managehandovers-display-component---AddNewHO--smartFilterBar-btnBasicSearch","searchOpenDialogs":true,"interaction":{"idSuffix":"I"}},"wdio_ui5_key":"applicationmanagehandovers-display-component---AddNewHO--smartFilterBar-btnBasicSearch"}]}
RESULT: {"script":"<script> [1562 bytes]","args":[{"selector":{"id":"application-managehandovers-display-component---AddNewHO--smartFilterBar-btnBasicSearch","searchOpenDialogs":true,"interaction":{"idSuffix":"I"}},"wdio_ui5_key":"applicationmanagehandovers-display-component---AddNewHO--smartFilterBar-btnBasicSearch"}]}
RESULT: undefined
COMMAND: POST /session/cdd305857320dd590ea5bbf59a31d46e/execute/async - {"script":"<script> [776 bytes]","args":[{"enterText":"200219","selector":{"id":"application-managehandovers-display-component---AddNewHO--smartFilterBar-btnBasicSearch","searchOpenDialogs":true,"interaction":{"idSuffix":"I"}},"clearTextFirst":true,"interactionType":"ENTER_TEXT"}]}
RESULT: {"script":"<script> [776 bytes]","args":[{"enterText":"200219","selector":{"id":"application-managehandovers-display-component---AddNewHO--smartFilterBar-btnBasicSearch","searchOpenDialogs":true,"interaction":{"idSuffix":"I"}},"clearTextFirst":true,"interactionType":"ENTER_TEXT"}]}
COMMAND: POST /session/cdd305857320dd590ea5bbf59a31d46e/actions - {"actions":[{"id":"action84","type":"key","parameters":{},"actions":[{"type":"keyDown","value":""},{"type":"pause","duration":10},{"type":"keyUp","value":""}]}]}
RESULT: {"actions":[{"id":"action84","type":"key","parameters":{},"actions":[{"type":"keyDown","value":""},{"type":"pause","duration":10},{"type":"keyUp","value":""}]}]}
COMMAND: GET /session/cdd305857320dd590ea5bbf59a31d46e/screenshot - {}
COMMAND: POST /session/cdd305857320dd590ea5bbf59a31d46e/execute/async - {"script":"<script> [1562 bytes]","args":[{"selector":{"id":"application-managehandovers-display-component---AddNewHO--popup-sa","searchOpenDialogs":true,"interaction":{"idSuffix":"CbBg"}},"wdio_ui5_key":"applicationmanagehandovers-display-component---AddNewHO--popup-sa"}]}
RESULT: {}
RESULT: {"script":"<script> [1562 bytes]","args":[{"selector":{"id":"application-managehandovers-display-component---AddNewHO--popup-sa","searchOpenDialogs":true,"interaction":{"idSuffix":"CbBg"}},"wdio_ui5_key":"applicationmanagehandovers-display-component---AddNewHO--popup-sa"}]}
RESULT: undefined
COMMAND: POST /session/cdd305857320dd590ea5bbf59a31d46e/element - {"using":"xpath","value":"//*[@id=\"application-managehandovers-display-component---AddNewHO--popup-sa\"]"}
RESULT: {"using":"xpath","value":"//*[@id=\"application-managehandovers-display-component---AddNewHO--popup-sa\"]"}
COMMAND: POST /session/cdd305857320dd590ea5bbf59a31d46e/element/f.492DEA3F6A95B07ADA96E928C4F8A0EF.d.18256C95B6DB0A362537709DC5541B8B.e.27066/click - {}
RESULT: {}
COMMAND: GET /session/cdd305857320dd590ea5bbf59a31d46e/screenshot - {}
RESULT: {}
COMMAND: POST /session/cdd305857320dd590ea5bbf59a31d46e/element - {"using":"xpath","value":"//bdi[contains(text(), \"Select\")]"}
RESULT: {"using":"xpath","value":"//bdi[contains(text(), \"Select\")]"}
COMMAND: POST /session/cdd305857320dd590ea5bbf59a31d46e/element/f.492DEA3F6A95B07ADA96E928C4F8A0EF.d.18256C95B6DB0A362537709DC5541B8B.e.27067/click - {}
RESULT: {}
COMMAND: GET /session/cdd305857320dd590ea5bbf59a31d46e/screenshot - {}
RESULT: {}
COMMAND: POST /session/cdd305857320dd590ea5bbf59a31d46e/element - {"using":"xpath","value":"//button[@data-kt=\"AddNewHOSaveButton\"]"}
RESULT: {"using":"xpath","value":"//button[@data-kt=\"AddNewHOSaveButton\"]"}
COMMAND: POST /session/cdd305857320dd590ea5bbf59a31d46e/element/f.492DEA3F6A95B07ADA96E928C4F8A0EF.d.18256C95B6DB0A362537709DC5541B8B.e.27071/click - {}
RESULT: {}
COMMAND: GET /session/cdd305857320dd590ea5bbf59a31d46e/screenshot - {}
RESULT: {}
COMMAND: POST /session/cdd305857320dd590ea5bbf59a31d46e/execute/async - {"script":"<script> [1562 bytes]","args":[{"selector":{"id":"receiptDatePicker","viewName":"etm.portal.ui.managehandovers.view.DetailExecuteHO","interaction":{"idSuffix":"inner"}},"wdio_ui5_key":"receiptDatePickeretmportal.ui.managehandovers.view.DetailExecuteHO"}]}
RESULT: {"script":"<script> [1562 bytes]","args":[{"selector":{"id":"receiptDatePicker","viewName":"etm.portal.ui.managehandovers.view.DetailExecuteHO","interaction":{"idSuffix":"inner"}},"wdio_ui5_key":"receiptDatePickeretmportal.ui.managehandovers.view.DetailExecuteHO"}]}
RESULT: undefined
COMMAND: POST /session/cdd305857320dd590ea5bbf59a31d46e/execute/async - {"script":"<script> [6424 bytes]","args":[{"element-6066-11e4-a52e-4f735466cecf":"f.492DEA3F6A95B07ADA96E928C4F8A0EF.d.18256C95B6DB0A362537709DC5541B8B.e.27099"},"setValue",["5/27/25"]]}
RESULT: {"script":"<script> [6424 bytes]","args":[{"element-6066-11e4-a52e-4f735466cecf":"f.492DEA3F6A95B07ADA96E928C4F8A0EF.d.18256C95B6DB0A362537709DC5541B8B.e.27099"},"setValue",["5/27/25"]]}
COMMAND: POST /session/cdd305857320dd590ea5bbf59a31d46e/element - {"using":"xpath","value":"//button[@data-kt=\"ReceivingTableConfirmAllButton\"]"}
RESULT: {"using":"xpath","value":"//button[@data-kt=\"ReceivingTableConfirmAllButton\"]"}
COMMAND: POST /session/cdd305857320dd590ea5bbf59a31d46e/element/f.492DEA3F6A95B07ADA96E928C4F8A0EF.d.18256C95B6DB0A362537709DC5541B8B.e.27116/click - {}
RESULT: {}
COMMAND: GET /session/cdd305857320dd590ea5bbf59a31d46e/screenshot - {}
RESULT: {}
COMMAND: POST /session/cdd305857320dd590ea5bbf59a31d46e/element - {"using":"xpath","value":"//bdi[contains(text(), \"OK\")]"}
RESULT: {"using":"xpath","value":"//bdi[contains(text(), \"OK\")]"}
COMMAND: POST /session/cdd305857320dd590ea5bbf59a31d46e/element/f.492DEA3F6A95B07ADA96E928C4F8A0EF.d.18256C95B6DB0A362537709DC5541B8B.e.27118/click - {}
RESULT: {}
COMMAND: GET /session/cdd305857320dd590ea5bbf59a31d46e/screenshot - {}
RESULT: {}
COMMAND: POST /session/cdd305857320dd590ea5bbf59a31d46e/element - {"using":"xpath","value":"(//bdi[contains(text(), \"Receive\")])[2]"}
RESULT: {"using":"xpath","value":"(//bdi[contains(text(), \"Receive\")])[2]"}
COMMAND: POST /session/cdd305857320dd590ea5bbf59a31d46e/element/f.492DEA3F6A95B07ADA96E928C4F8A0EF.d.18256C95B6DB0A362537709DC5541B8B.e.27120/click - {}
RESULT: {}
COMMAND: GET /session/cdd305857320dd590ea5bbf59a31d46e/screenshot - {}
RESULT: {}
COMMAND: POST /session/cdd305857320dd590ea5bbf59a31d46e/element - {"using":"css selector","value":"#shell-header-logo"}
RESULT: {"using":"css selector","value":"#shell-header-logo"}
COMMAND: POST /session/cdd305857320dd590ea5bbf59a31d46e/element/f.492DEA3F6A95B07ADA96E928C4F8A0EF.d.18256C95B6DB0A362537709DC5541B8B.e.26490/click - {}
RESULT: {}
COMMAND: GET /session/cdd305857320dd590ea5bbf59a31d46e/screenshot - {}
RESULT: {}
]]></system-out>
    </testcase>
    <testcase classname="chrome.136_0_7103_93.windows.Create_masterdata_for_Yard_Overview_-_trigger_provide_US130988" name="Set status to defect" time="64.457">
      <system-out><![CDATA[
COMMAND: POST /session/cdd305857320dd590ea5bbf59a31d46e/execute/async - {"script":"<script> [1562 bytes]","args":[{"selector":{"controlType":"sap.m.GenericTile","properties":{"header":"Manage States & Performance"}},"wdio_ui5_key":"sapm.GenericTile{\"header\":\"Manage States & Performance\"}"}]}
RESULT: {"script":"<script> [1562 bytes]","args":[{"selector":{"controlType":"sap.m.GenericTile","properties":{"header":"Manage States & Performance"}},"wdio_ui5_key":"sapm.GenericTile{\"header\":\"Manage States & Performance\"}"}]}
RESULT: undefined
COMMAND: POST /session/cdd305857320dd590ea5bbf59a31d46e/element - {"using":"xpath","value":"//*[@id=\"__tile96\"]"}
RESULT: {"using":"xpath","value":"//*[@id=\"__tile96\"]"}
COMMAND: POST /session/cdd305857320dd590ea5bbf59a31d46e/element/f.492DEA3F6A95B07ADA96E928C4F8A0EF.d.18256C95B6DB0A362537709DC5541B8B.e.25505/click - {}
RESULT: {}
COMMAND: GET /session/cdd305857320dd590ea5bbf59a31d46e/screenshot - {}
RESULT: {}
COMMAND: POST /session/cdd305857320dd590ea5bbf59a31d46e/elements - {"using":"xpath","value":"//span[text()='Error']"}
RESULT: {"using":"xpath","value":"//span[text()='Error']"}
COMMAND: POST /session/cdd305857320dd590ea5bbf59a31d46e/execute/async - {"script":"<script> [1562 bytes]","args":[{"selector":{"controlType":"sap.ui.core.Icon","viewName":"etm.portal.ui.managestatesandperformance.view.Master","viewId":"application-managestatesandperformance-display-component---stateAndPerform","properties":{"src":{"regex":{"source":"inventory"}}}},"wdio_ui5_key":"etmportal.ui.managestatesandperformance.view.Mastersap.ui.core.Icon{\"src\":{\"regex\":{\"source\":\"inventory\"}}}"}]}
RESULT: {"script":"<script> [1562 bytes]","args":[{"selector":{"controlType":"sap.ui.core.Icon","viewName":"etm.portal.ui.managestatesandperformance.view.Master","viewId":"application-managestatesandperformance-display-component---stateAndPerform","properties":{"src":{"regex":{"source":"inventory"}}}},"wdio_ui5_key":"etmportal.ui.managestatesandperformance.view.Mastersap.ui.core.Icon{\"src\":{\"regex\":{\"source\":\"inventory\"}}}"}]}
RESULT: undefined
COMMAND: POST /session/cdd305857320dd590ea5bbf59a31d46e/element - {"using":"xpath","value":"//*[@id=\"__filter57-icon\"]"}
RESULT: {"using":"xpath","value":"//*[@id=\"__filter57-icon\"]"}
COMMAND: POST /session/cdd305857320dd590ea5bbf59a31d46e/element/f.492DEA3F6A95B07ADA96E928C4F8A0EF.d.18256C95B6DB0A362537709DC5541B8B.e.27390/click - {}
RESULT: {}
COMMAND: POST /session/cdd305857320dd590ea5bbf59a31d46e/execute/async - {"script":"<script> [1562 bytes]","args":[{"selector":{"id":"application-managestatesandperformance-display-component---stateAndPerform--smartFilterBarYard-btnBasicSearch","interaction":{"idSuffix":"I"}},"wdio_ui5_key":"applicationmanagestatesandperformance-display-component---stateAndPerform--smartFilterBarYard-btnBasicSearch"}]}
COMMAND: GET /session/cdd305857320dd590ea5bbf59a31d46e/screenshot - {}
RESULT: {"script":"<script> [1562 bytes]","args":[{"selector":{"id":"application-managestatesandperformance-display-component---stateAndPerform--smartFilterBarYard-btnBasicSearch","interaction":{"idSuffix":"I"}},"wdio_ui5_key":"applicationmanagestatesandperformance-display-component---stateAndPerform--smartFilterBarYard-btnBasicSearch"}]}
RESULT: undefined
COMMAND: POST /session/cdd305857320dd590ea5bbf59a31d46e/execute/async - {"script":"<script> [776 bytes]","args":[{"enterText":"200219","selector":{"id":"application-managestatesandperformance-display-component---stateAndPerform--smartFilterBarYard-btnBasicSearch","interaction":{"idSuffix":"I"}},"clearTextFirst":true,"interactionType":"ENTER_TEXT"}]}
RESULT: {}
RESULT: {"script":"<script> [776 bytes]","args":[{"enterText":"200219","selector":{"id":"application-managestatesandperformance-display-component---stateAndPerform--smartFilterBarYard-btnBasicSearch","interaction":{"idSuffix":"I"}},"clearTextFirst":true,"interactionType":"ENTER_TEXT"}]}
COMMAND: POST /session/cdd305857320dd590ea5bbf59a31d46e/actions - {"actions":[{"id":"action85","type":"key","parameters":{},"actions":[{"type":"keyDown","value":""},{"type":"pause","duration":10},{"type":"keyUp","value":""}]}]}
RESULT: {"actions":[{"id":"action85","type":"key","parameters":{},"actions":[{"type":"keyDown","value":""},{"type":"pause","duration":10},{"type":"keyUp","value":""}]}]}
COMMAND: GET /session/cdd305857320dd590ea5bbf59a31d46e/screenshot - {}
RESULT: {}
COMMAND: POST /session/cdd305857320dd590ea5bbf59a31d46e/element - {"using":"xpath","value":"(//span[contains(@id, \"imgNav\")])[1]"}
RESULT: {"using":"xpath","value":"(//span[contains(@id, \"imgNav\")])[1]"}
COMMAND: POST /session/cdd305857320dd590ea5bbf59a31d46e/element/f.492DEA3F6A95B07ADA96E928C4F8A0EF.d.18256C95B6DB0A362537709DC5541B8B.e.27470/click - {}
RESULT: {}
COMMAND: GET /session/cdd305857320dd590ea5bbf59a31d46e/screenshot - {}
RESULT: {}
COMMAND: POST /session/cdd305857320dd590ea5bbf59a31d46e/execute/async - {"script":"<script> [1562 bytes]","args":[{"selector":{"controlType":"sap.m.Button","viewName":"etm.portal.ui.managestatesandperformance.view.Detail","viewId":"application-managestatesandperformance-display-component---detailStateAndPerform","i18NText":{"propertyName":"text","key":"createStateChange"},"interaction":{"idSuffix":"content"}},"wdio_ui5_key":"etmportal.ui.managestatesandperformance.view.Detailsap.m.Button{\"propertyName\":\"text\",\"key\":\"createStateChange\"}"}]}
RESULT: {"script":"<script> [1562 bytes]","args":[{"selector":{"controlType":"sap.m.Button","viewName":"etm.portal.ui.managestatesandperformance.view.Detail","viewId":"application-managestatesandperformance-display-component---detailStateAndPerform","i18NText":{"propertyName":"text","key":"createStateChange"},"interaction":{"idSuffix":"content"}},"wdio_ui5_key":"etmportal.ui.managestatesandperformance.view.Detailsap.m.Button{\"propertyName\":\"text\",\"key\":\"createStateChange\"}"}]}
RESULT: undefined
COMMAND: POST /session/cdd305857320dd590ea5bbf59a31d46e/element - {"using":"xpath","value":"//*[@id=\"__button186\"]"}
RESULT: {"using":"xpath","value":"//*[@id=\"__button186\"]"}
COMMAND: POST /session/cdd305857320dd590ea5bbf59a31d46e/element/f.492DEA3F6A95B07ADA96E928C4F8A0EF.d.18256C95B6DB0A362537709DC5541B8B.e.27514/click - {}
RESULT: {}
COMMAND: GET /session/cdd305857320dd590ea5bbf59a31d46e/screenshot - {}
RESULT: {}
COMMAND: POST /session/cdd305857320dd590ea5bbf59a31d46e/execute/async - {"script":"<script> [1562 bytes]","args":[{"selector":{"id":"addStateDialog--stateSelect","searchOpenDialogs":true,"interaction":{"idSuffix":"arrow"}},"wdio_ui5_key":"addStateDialogstateSelect"}]}
RESULT: {"script":"<script> [1562 bytes]","args":[{"selector":{"id":"addStateDialog--stateSelect","searchOpenDialogs":true,"interaction":{"idSuffix":"arrow"}},"wdio_ui5_key":"addStateDialogstateSelect"}]}
RESULT: undefined
COMMAND: POST /session/cdd305857320dd590ea5bbf59a31d46e/element - {"using":"xpath","value":"//*[@id=\"addStateDialog--stateSelect\"]"}
RESULT: {"using":"xpath","value":"//*[@id=\"addStateDialog--stateSelect\"]"}
COMMAND: POST /session/cdd305857320dd590ea5bbf59a31d46e/element/f.492DEA3F6A95B07ADA96E928C4F8A0EF.d.18256C95B6DB0A362537709DC5541B8B.e.27539/click - {}
RESULT: {}
COMMAND: GET /session/cdd305857320dd590ea5bbf59a31d46e/screenshot - {}
RESULT: {}
COMMAND: POST /session/cdd305857320dd590ea5bbf59a31d46e/element - {"using":"xpath","value":"//li[text()=\"defect\"]"}
RESULT: {"using":"xpath","value":"//li[text()=\"defect\"]"}
COMMAND: POST /session/cdd305857320dd590ea5bbf59a31d46e/element/f.492DEA3F6A95B07ADA96E928C4F8A0EF.d.18256C95B6DB0A362537709DC5541B8B.e.27541/click - {}
RESULT: {}
COMMAND: GET /session/cdd305857320dd590ea5bbf59a31d46e/screenshot - {}
RESULT: {}
COMMAND: POST /session/cdd305857320dd590ea5bbf59a31d46e/element - {"using":"xpath","value":"//span[contains(@id,\"incrementBtn\")]"}
RESULT: {"using":"xpath","value":"//span[contains(@id,\"incrementBtn\")]"}
COMMAND: POST /session/cdd305857320dd590ea5bbf59a31d46e/element/f.492DEA3F6A95B07ADA96E928C4F8A0EF.d.18256C95B6DB0A362537709DC5541B8B.e.27543/click - {}
RESULT: {}
COMMAND: GET /session/cdd305857320dd590ea5bbf59a31d46e/screenshot - {}
RESULT: {}
COMMAND: POST /session/cdd305857320dd590ea5bbf59a31d46e/element - {"using":"xpath","value":"//button[@data-kt=\"confirmAddStateButton\"]"}
RESULT: {"using":"xpath","value":"//button[@data-kt=\"confirmAddStateButton\"]"}
COMMAND: POST /session/cdd305857320dd590ea5bbf59a31d46e/element/f.492DEA3F6A95B07ADA96E928C4F8A0EF.d.18256C95B6DB0A362537709DC5541B8B.e.27544/click - {}
RESULT: {}
COMMAND: GET /session/cdd305857320dd590ea5bbf59a31d46e/screenshot - {}
RESULT: {}
COMMAND: POST /session/cdd305857320dd590ea5bbf59a31d46e/element - {"using":"css selector","value":"#shell-header-logo"}
RESULT: {"using":"css selector","value":"#shell-header-logo"}
COMMAND: POST /session/cdd305857320dd590ea5bbf59a31d46e/element/f.492DEA3F6A95B07ADA96E928C4F8A0EF.d.18256C95B6DB0A362537709DC5541B8B.e.27294/click - {}
RESULT: {}
COMMAND: GET /session/cdd305857320dd590ea5bbf59a31d46e/screenshot - {}
RESULT: {}
]]></system-out>
    </testcase>
    <testcase classname="chrome.136_0_7103_93.windows.Create_masterdata_for_Yard_Overview_-_trigger_provide_US130988" name="Should do a Stock Decrease" time="107.466">
      <system-out><![CDATA[
RESULT: undefined
COMMAND: POST /session/cdd305857320dd590ea5bbf59a31d46e/element - {"using":"xpath","value":"//*[@id=\"__tile132\"]"}
RESULT: {"using":"xpath","value":"//*[@id=\"__tile132\"]"}
COMMAND: POST /session/cdd305857320dd590ea5bbf59a31d46e/element/f.492DEA3F6A95B07ADA96E928C4F8A0EF.d.18256C95B6DB0A362537709DC5541B8B.e.25461/click - {}
RESULT: {}
COMMAND: GET /session/cdd305857320dd590ea5bbf59a31d46e/screenshot - {}
RESULT: {}
COMMAND: POST /session/cdd305857320dd590ea5bbf59a31d46e/elements - {"using":"xpath","value":"//span[text()='Error']"}
RESULT: {"using":"xpath","value":"//span[text()='Error']"}
COMMAND: POST /session/cdd305857320dd590ea5bbf59a31d46e/element - {"using":"xpath","value":"//button[@data-kt=\"masterHOAddButton\"]"}
RESULT: {"using":"xpath","value":"//button[@data-kt=\"masterHOAddButton\"]"}
COMMAND: POST /session/cdd305857320dd590ea5bbf59a31d46e/elements - {"using":"xpath","value":"//button[@data-kt=\"masterHOAddButton\"]"}
RESULT: {"using":"xpath","value":"//button[@data-kt=\"masterHOAddButton\"]"}
COMMAND: POST /session/cdd305857320dd590ea5bbf59a31d46e/execute/sync - {"script":"<script> [8489 bytes]","args":[{"element-6066-11e4-a52e-4f735466cecf":"f.492DEA3F6A95B07ADA96E928C4F8A0EF.d.18256C95B6DB0A362537709DC5541B8B.e.27578","ELEMENT":"f.492DEA3F6A95B07ADA96E928C4F8A0EF.d.18256C95B6DB0A362537709DC5541B8B.e.27578"}]}
RESULT: {"script":"<script> [8489 bytes]","args":[{"element-6066-11e4-a52e-4f735466cecf":"f.492DEA3F6A95B07ADA96E928C4F8A0EF.d.18256C95B6DB0A362537709DC5541B8B.e.27578","ELEMENT":"f.492DEA3F6A95B07ADA96E928C4F8A0EF.d.18256C95B6DB0A362537709DC5541B8B.e.27578"}]}
COMMAND: GET /session/cdd305857320dd590ea5bbf59a31d46e/element/f.492DEA3F6A95B07ADA96E928C4F8A0EF.d.18256C95B6DB0A362537709DC5541B8B.e.27578/enabled - {}
COMMAND: GET /session/cdd305857320dd590ea5bbf59a31d46e/screenshot - {}
RESULT: {}
COMMAND: POST /session/cdd305857320dd590ea5bbf59a31d46e/execute/sync - {"script":"<script> [8489 bytes]","args":[{"element-6066-11e4-a52e-4f735466cecf":"f.492DEA3F6A95B07ADA96E928C4F8A0EF.d.18256C95B6DB0A362537709DC5541B8B.e.27578","ELEMENT":"f.492DEA3F6A95B07ADA96E928C4F8A0EF.d.18256C95B6DB0A362537709DC5541B8B.e.27578"}]}
COMMAND: GET /session/cdd305857320dd590ea5bbf59a31d46e/screenshot - {}
RESULT: {}
RESULT: {"script":"<script> [8489 bytes]","args":[{"element-6066-11e4-a52e-4f735466cecf":"f.492DEA3F6A95B07ADA96E928C4F8A0EF.d.18256C95B6DB0A362537709DC5541B8B.e.27578","ELEMENT":"f.492DEA3F6A95B07ADA96E928C4F8A0EF.d.18256C95B6DB0A362537709DC5541B8B.e.27578"}]}
COMMAND: POST /session/cdd305857320dd590ea5bbf59a31d46e/execute/sync - {"script":"<script> [5351 bytes]","args":[{"element-6066-11e4-a52e-4f735466cecf":"f.492DEA3F6A95B07ADA96E928C4F8A0EF.d.18256C95B6DB0A362537709DC5541B8B.e.27578","ELEMENT":"f.492DEA3F6A95B07ADA96E928C4F8A0EF.d.18256C95B6DB0A362537709DC5541B8B.e.27578"}]}
COMMAND: GET /session/cdd305857320dd590ea5bbf59a31d46e/screenshot - {}
RESULT: {}
RESULT: {"script":"<script> [5351 bytes]","args":[{"element-6066-11e4-a52e-4f735466cecf":"f.492DEA3F6A95B07ADA96E928C4F8A0EF.d.18256C95B6DB0A362537709DC5541B8B.e.27578","ELEMENT":"f.492DEA3F6A95B07ADA96E928C4F8A0EF.d.18256C95B6DB0A362537709DC5541B8B.e.27578"}]}
COMMAND: POST /session/cdd305857320dd590ea5bbf59a31d46e/element/f.492DEA3F6A95B07ADA96E928C4F8A0EF.d.18256C95B6DB0A362537709DC5541B8B.e.27578/click - {}
COMMAND: GET /session/cdd305857320dd590ea5bbf59a31d46e/screenshot - {}
RESULT: {}
RESULT: {}
COMMAND: GET /session/cdd305857320dd590ea5bbf59a31d46e/screenshot - {}
RESULT: {}
RESULT: {}
COMMAND: POST /session/cdd305857320dd590ea5bbf59a31d46e/element - {"using":"xpath","value":"//span[contains(@id ,\"AddNewHO--typeSelect-arrow\")]"}
RESULT: {"using":"xpath","value":"//span[contains(@id ,\"AddNewHO--typeSelect-arrow\")]"}
COMMAND: POST /session/cdd305857320dd590ea5bbf59a31d46e/element/f.492DEA3F6A95B07ADA96E928C4F8A0EF.d.18256C95B6DB0A362537709DC5541B8B.e.28009/click - {}
RESULT: {}
COMMAND: GET /session/cdd305857320dd590ea5bbf59a31d46e/screenshot - {}
RESULT: {}
COMMAND: POST /session/cdd305857320dd590ea5bbf59a31d46e/element - {"using":"xpath","value":"(//li[contains(text(), \"stock decrease yard\")])[1]"}
RESULT: {"using":"xpath","value":"(//li[contains(text(), \"stock decrease yard\")])[1]"}
COMMAND: POST /session/cdd305857320dd590ea5bbf59a31d46e/element/f.492DEA3F6A95B07ADA96E928C4F8A0EF.d.18256C95B6DB0A362537709DC5541B8B.e.28010/click - {}
RESULT: {}
COMMAND: GET /session/cdd305857320dd590ea5bbf59a31d46e/screenshot - {}
RESULT: {}
RESULT: undefined
COMMAND: POST /session/cdd305857320dd590ea5bbf59a31d46e/execute/async - {"script":"<script> [6424 bytes]","args":[{"element-6066-11e4-a52e-4f735466cecf":"f.492DEA3F6A95B07ADA96E928C4F8A0EF.d.18256C95B6DB0A362537709DC5541B8B.e.26884"},"setValue",["5/27/25"]]}
COMMAND: POST /session/cdd305857320dd590ea5bbf59a31d46e/execute/async - {"script":"<script> [1562 bytes]","args":[{"selector":{"id":"application-managehandovers-display-component---AddNewHO--dueDate","interaction":{"idSuffix":"inner"}},"wdio_ui5_key":"applicationmanagehandovers-display-component---AddNewHO--dueDate"}]}
RESULT: {"script":"<script> [1562 bytes]","args":[{"selector":{"id":"application-managehandovers-display-component---AddNewHO--dueDate","interaction":{"idSuffix":"inner"}},"wdio_ui5_key":"applicationmanagehandovers-display-component---AddNewHO--dueDate"}]}
COMMAND: POST /session/cdd305857320dd590ea5bbf59a31d46e/execute/async - {"script":"<script> [6424 bytes]","args":[{"element-6066-11e4-a52e-4f735466cecf":"f.492DEA3F6A95B07ADA96E928C4F8A0EF.d.18256C95B6DB0A362537709DC5541B8B.e.28024"},"setValue",["5/27/25"]]}
RESULT: {"script":"<script> [6424 bytes]","args":[{"element-6066-11e4-a52e-4f735466cecf":"f.492DEA3F6A95B07ADA96E928C4F8A0EF.d.18256C95B6DB0A362537709DC5541B8B.e.28024"},"setValue",["5/27/25"]]}
COMMAND: POST /session/cdd305857320dd590ea5bbf59a31d46e/element - {"using":"xpath","value":"//input[@id=\"generalSectionFrg--sendYard-inner\"]"}
RESULT: {"using":"xpath","value":"//input[@id=\"generalSectionFrg--sendYard-inner\"]"}
COMMAND: POST /session/cdd305857320dd590ea5bbf59a31d46e/element/f.492DEA3F6A95B07ADA96E928C4F8A0EF.d.18256C95B6DB0A362537709DC5541B8B.e.28030/clear - {}
RESULT: {}
COMMAND: POST /session/cdd305857320dd590ea5bbf59a31d46e/element/f.492DEA3F6A95B07ADA96E928C4F8A0EF.d.18256C95B6DB0A362537709DC5541B8B.e.28030/value - {"text":"388"}
COMMAND: GET /session/cdd305857320dd590ea5bbf59a31d46e/screenshot - {}
RESULT: {"text":"388"}
COMMAND: GET /session/cdd305857320dd590ea5bbf59a31d46e/screenshot - {}
RESULT: {}
RESULT: {}
COMMAND: POST /session/cdd305857320dd590ea5bbf59a31d46e/element - {"using":"xpath","value":"//li[.//span[text()='388']]"}
RESULT: {"using":"xpath","value":"//li[.//span[text()='388']]"}
COMMAND: POST /session/cdd305857320dd590ea5bbf59a31d46e/element/f.492DEA3F6A95B07ADA96E928C4F8A0EF.d.18256C95B6DB0A362537709DC5541B8B.e.28048/click - {}
RESULT: {}
COMMAND: GET /session/cdd305857320dd590ea5bbf59a31d46e/screenshot - {}
RESULT: {}
COMMAND: POST /session/cdd305857320dd590ea5bbf59a31d46e/execute/async - {"script":"<script> [1562 bytes]","args":[{"selector":{"controlType":"sap.ui.core.Icon","viewName":"etm.portal.ui.managehandovers.view.AddNewHO","viewId":"application-managehandovers-display-component---AddNewHO","properties":{"src":{"regex":{"source":"slim\\-arrow\\-down"}}},"ancestor":{"controlType":"etm.portal.ui.reusables.customControls.LiveSearchComboBox","viewName":"etm.portal.ui.managehandovers.view.AddNewHO","viewId":"application-managehandovers-display-component---AddNewHO","bindingPath":{"path":"","propertyPath":"/FORWARDER","modelName":"hoItemsModel"}}},"wdio_ui5_key":"etmportal.ui.managehandovers.view.AddNewHOsap.ui.core.Icon{\"src\":{\"regex\":{\"source\":\"slim\\\\-arrow\\\\-down\"}}}{\"controlType\":\"etm.portal.ui.reusables.customControls.LiveSearchComboBox\",\"viewName\":\"etm.portal.ui.managehandovers.view.AddNewHO\",\"viewId\":\"application-managehandovers-display-component---AddNewHO\",\"bindingPath\":{\"path\":\"\",\"propertyPath\":\"/FORWARDER\",\"modelName\":\"hoItemsModel\"}}"}]}
RESULT: {"script":"<script> [1562 bytes]","args":[{"selector":{"controlType":"sap.ui.core.Icon","viewName":"etm.portal.ui.managehandovers.view.AddNewHO","viewId":"application-managehandovers-display-component---AddNewHO","properties":{"src":{"regex":{"source":"slim\\-arrow\\-down"}}},"ancestor":{"controlType":"etm.portal.ui.reusables.customControls.LiveSearchComboBox","viewName":"etm.portal.ui.managehandovers.view.AddNewHO","viewId":"application-managehandovers-display-component---AddNewHO","bindingPath":{"path":"","propertyPath":"/FORWARDER","modelName":"hoItemsModel"}}},"wdio_ui5_key":"etmportal.ui.managehandovers.view.AddNewHOsap.ui.core.Icon{\"src\":{\"regex\":{\"source\":\"slim\\\\-arrow\\\\-down\"}}}{\"controlType\":\"etm.portal.ui.reusables.customControls.LiveSearchComboBox\",\"viewName\":\"etm.portal.ui.managehandovers.view.AddNewHO\",\"viewId\":\"application-managehandovers-display-component---AddNewHO\",\"bindingPath\":{\"path\":\"\",\"propertyPath\":\"/FORWARDER\",\"modelName\":\"hoItemsModel\"}}"}]}
RESULT: undefined
COMMAND: POST /session/cdd305857320dd590ea5bbf59a31d46e/element - {"using":"xpath","value":"//*[@id=\"__box41-arrow\"]"}
RESULT: {"using":"xpath","value":"//*[@id=\"__box41-arrow\"]"}
COMMAND: POST /session/cdd305857320dd590ea5bbf59a31d46e/element/f.492DEA3F6A95B07ADA96E928C4F8A0EF.d.18256C95B6DB0A362537709DC5541B8B.e.28049/click - {}
RESULT: {}
COMMAND: GET /session/cdd305857320dd590ea5bbf59a31d46e/screenshot - {}
RESULT: {}
COMMAND: POST /session/cdd305857320dd590ea5bbf59a31d46e/execute/async - {"script":"<script> [1562 bytes]","args":[{"selector":{"controlType":"sap.m.StandardListItem","viewName":"etm.portal.ui.managehandovers.view.AddNewHO","viewId":"application-managehandovers-display-component---AddNewHO","properties":{"title":"1002 - Test "},"searchOpenDialogs":true,"interaction":{"idSuffix":"content"}},"wdio_ui5_key":"etmportal.ui.managehandovers.view.AddNewHOsap.m.StandardListItem{\"title\":\"1002 - Test \"}"}]}
RESULT: {"script":"<script> [1562 bytes]","args":[{"selector":{"controlType":"sap.m.StandardListItem","viewName":"etm.portal.ui.managehandovers.view.AddNewHO","viewId":"application-managehandovers-display-component---AddNewHO","properties":{"title":"1002 - Test "},"searchOpenDialogs":true,"interaction":{"idSuffix":"content"}},"wdio_ui5_key":"etmportal.ui.managehandovers.view.AddNewHOsap.m.StandardListItem{\"title\":\"1002 - Test \"}"}]}
RESULT: undefined
COMMAND: POST /session/cdd305857320dd590ea5bbf59a31d46e/element - {"using":"xpath","value":"//*[@id=\"__item1101\"]"}
RESULT: {"using":"xpath","value":"//*[@id=\"__item1101\"]"}
COMMAND: POST /session/cdd305857320dd590ea5bbf59a31d46e/element/f.492DEA3F6A95B07ADA96E928C4F8A0EF.d.18256C95B6DB0A362537709DC5541B8B.e.28052/click - {}
RESULT: {}
COMMAND: GET /session/cdd305857320dd590ea5bbf59a31d46e/screenshot - {}
RESULT: {}
COMMAND: POST /session/cdd305857320dd590ea5bbf59a31d46e/execute/async - {"script":"<script> [1562 bytes]","args":[{"selector":{"controlType":"sap.m.Input","viewName":"etm.portal.ui.managehandovers.view.AddNewHO","viewId":"application-managehandovers-display-component---AddNewHO","bindingPath":{"path":"","propertyPath":"/DRIVER","modelName":"hoItemsModel"},"interaction":{"idSuffix":"inner"}},"wdio_ui5_key":"etmportal.ui.managehandovers.view.AddNewHOsap.m.Input{\"path\":\"\",\"propertyPath\":\"/DRIVER\",\"modelName\":\"hoItemsModel\"}"}]}
RESULT: {"script":"<script> [1562 bytes]","args":[{"selector":{"controlType":"sap.m.Input","viewName":"etm.portal.ui.managehandovers.view.AddNewHO","viewId":"application-managehandovers-display-component---AddNewHO","bindingPath":{"path":"","propertyPath":"/DRIVER","modelName":"hoItemsModel"},"interaction":{"idSuffix":"inner"}},"wdio_ui5_key":"etmportal.ui.managehandovers.view.AddNewHOsap.m.Input{\"path\":\"\",\"propertyPath\":\"/DRIVER\",\"modelName\":\"hoItemsModel\"}"}]}
RESULT: undefined
COMMAND: POST /session/cdd305857320dd590ea5bbf59a31d46e/execute/async - {"script":"<script> [776 bytes]","args":[{"enterText":"StockDecrease Driver","selector":{"controlType":"sap.m.Input","viewName":"etm.portal.ui.managehandovers.view.AddNewHO","viewId":"application-managehandovers-display-component---AddNewHO","bindingPath":{"path":"","propertyPath":"/DRIVER","modelName":"hoItemsModel"},"interaction":{"idSuffix":"inner"}},"clearTextFirst":true,"interactionType":"ENTER_TEXT"}]}
RESULT: {"script":"<script> [776 bytes]","args":[{"enterText":"StockDecrease Driver","selector":{"controlType":"sap.m.Input","viewName":"etm.portal.ui.managehandovers.view.AddNewHO","viewId":"application-managehandovers-display-component---AddNewHO","bindingPath":{"path":"","propertyPath":"/DRIVER","modelName":"hoItemsModel"},"interaction":{"idSuffix":"inner"}},"clearTextFirst":true,"interactionType":"ENTER_TEXT"}]}
COMMAND: POST /session/cdd305857320dd590ea5bbf59a31d46e/execute/async - {"script":"<script> [1562 bytes]","args":[{"selector":{"id":"application-managehandovers-display-component---AddNewHO--responsibleCB-arrow"},"wdio_ui5_key":"applicationmanagehandovers-display-component---AddNewHO--responsibleCB-arrow"}]}
RESULT: {"script":"<script> [1562 bytes]","args":[{"selector":{"id":"application-managehandovers-display-component---AddNewHO--responsibleCB-arrow"},"wdio_ui5_key":"applicationmanagehandovers-display-component---AddNewHO--responsibleCB-arrow"}]}
RESULT: undefined
COMMAND: POST /session/cdd305857320dd590ea5bbf59a31d46e/element - {"using":"xpath","value":"//*[@id=\"application-managehandovers-display-component---AddNewHO--responsibleCB-arrow\"]"}
RESULT: {"using":"xpath","value":"//*[@id=\"application-managehandovers-display-component---AddNewHO--responsibleCB-arrow\"]"}
COMMAND: POST /session/cdd305857320dd590ea5bbf59a31d46e/element/f.492DEA3F6A95B07ADA96E928C4F8A0EF.d.18256C95B6DB0A362537709DC5541B8B.e.28054/click - {}
RESULT: {}
COMMAND: GET /session/cdd305857320dd590ea5bbf59a31d46e/screenshot - {}
RESULT: {}
COMMAND: POST /session/cdd305857320dd590ea5bbf59a31d46e/execute/async - {"script":"<script> [1562 bytes]","args":[{"selector":{"controlType":"sap.m.StandardListItem","viewName":"etm.portal.ui.managehandovers.view.AddNewHO","viewId":"application-managehandovers-display-component---AddNewHO","properties":{"title":"1 - Test unit Update "},"searchOpenDialogs":true},"wdio_ui5_key":"etmportal.ui.managehandovers.view.AddNewHOsap.m.StandardListItem{\"title\":\"1 - Test unit Update \"}"}]}
RESULT: {"script":"<script> [1562 bytes]","args":[{"selector":{"controlType":"sap.m.StandardListItem","viewName":"etm.portal.ui.managehandovers.view.AddNewHO","viewId":"application-managehandovers-display-component---AddNewHO","properties":{"title":"1 - Test unit Update "},"searchOpenDialogs":true},"wdio_ui5_key":"etmportal.ui.managehandovers.view.AddNewHOsap.m.StandardListItem{\"title\":\"1 - Test unit Update \"}"}]}
RESULT: undefined
COMMAND: POST /session/cdd305857320dd590ea5bbf59a31d46e/element - {"using":"xpath","value":"//*[@id=\"__item1200\"]"}
RESULT: {"using":"xpath","value":"//*[@id=\"__item1200\"]"}
COMMAND: POST /session/cdd305857320dd590ea5bbf59a31d46e/element/f.492DEA3F6A95B07ADA96E928C4F8A0EF.d.18256C95B6DB0A362537709DC5541B8B.e.28055/click - {}
RESULT: {}
COMMAND: GET /session/cdd305857320dd590ea5bbf59a31d46e/screenshot - {}
RESULT: {}
RESULT: undefined
COMMAND: POST /session/cdd305857320dd590ea5bbf59a31d46e/element - {"using":"xpath","value":"//*[@id=\"application-managehandovers-display-component---AddNewHO--ObjectPageLayout-anchBar-application-managehandovers-display-component---AddNewHO--section4-anchor\"]"}
RESULT: {"using":"xpath","value":"//*[@id=\"application-managehandovers-display-component---AddNewHO--ObjectPageLayout-anchBar-application-managehandovers-display-component---AddNewHO--section4-anchor\"]"}
COMMAND: POST /session/cdd305857320dd590ea5bbf59a31d46e/element/f.492DEA3F6A95B07ADA96E928C4F8A0EF.d.18256C95B6DB0A362537709DC5541B8B.e.28056/click - {}
RESULT: {}
COMMAND: GET /session/cdd305857320dd590ea5bbf59a31d46e/screenshot - {}
RESULT: {}
COMMAND: POST /session/cdd305857320dd590ea5bbf59a31d46e/execute/async - {"script":"<script> [1562 bytes]","args":[{"selector":{"controlType":"sap.ui.core.Icon","viewName":"etm.portal.ui.managehandovers.view.AddNewHO","viewId":"application-managehandovers-display-component---AddNewHO","properties":{"src":{"regex":{"source":"add"}}}},"wdio_ui5_key":"etmportal.ui.managehandovers.view.AddNewHOsap.ui.core.Icon{\"src\":{\"regex\":{\"source\":\"add\"}}}"}]}
RESULT: {"script":"<script> [1562 bytes]","args":[{"selector":{"controlType":"sap.ui.core.Icon","viewName":"etm.portal.ui.managehandovers.view.AddNewHO","viewId":"application-managehandovers-display-component---AddNewHO","properties":{"src":{"regex":{"source":"add"}}}},"wdio_ui5_key":"etmportal.ui.managehandovers.view.AddNewHOsap.ui.core.Icon{\"src\":{\"regex\":{\"source\":\"add\"}}}"}]}
RESULT: undefined
COMMAND: POST /session/cdd305857320dd590ea5bbf59a31d46e/element - {"using":"xpath","value":"//*[@id=\"__button220-img\"]"}
RESULT: {"using":"xpath","value":"//*[@id=\"__button220-img\"]"}
COMMAND: POST /session/cdd305857320dd590ea5bbf59a31d46e/element/f.492DEA3F6A95B07ADA96E928C4F8A0EF.d.18256C95B6DB0A362537709DC5541B8B.e.28060/click - {}
RESULT: {}
RESULT: undefined
COMMAND: POST /session/cdd305857320dd590ea5bbf59a31d46e/execute/async - {"script":"<script> [776 bytes]","args":[{"enterText":"200219","selector":{"id":"application-managehandovers-display-component---AddNewHO--smartFilterBar-btnBasicSearch","searchOpenDialogs":true,"interaction":{"idSuffix":"I"}},"clearTextFirst":true,"interactionType":"ENTER_TEXT"}]}
COMMAND: GET /session/cdd305857320dd590ea5bbf59a31d46e/screenshot - {}
RESULT: {"script":"<script> [776 bytes]","args":[{"enterText":"200219","selector":{"id":"application-managehandovers-display-component---AddNewHO--smartFilterBar-btnBasicSearch","searchOpenDialogs":true,"interaction":{"idSuffix":"I"}},"clearTextFirst":true,"interactionType":"ENTER_TEXT"}]}
RESULT: {}
RESULT: undefined
COMMAND: POST /session/cdd305857320dd590ea5bbf59a31d46e/element - {"using":"xpath","value":"//*[@id=\"application-managehandovers-display-component---AddNewHO--popup-sa\"]"}
RESULT: {"using":"xpath","value":"//*[@id=\"application-managehandovers-display-component---AddNewHO--popup-sa\"]"}
COMMAND: POST /session/cdd305857320dd590ea5bbf59a31d46e/element/f.492DEA3F6A95B07ADA96E928C4F8A0EF.d.18256C95B6DB0A362537709DC5541B8B.e.28096/click - {}
RESULT: {}
COMMAND: GET /session/cdd305857320dd590ea5bbf59a31d46e/screenshot - {}
RESULT: {}
COMMAND: POST /session/cdd305857320dd590ea5bbf59a31d46e/element - {"using":"xpath","value":"//*[contains(@id ,\"BDI-content\")][contains(text(), \"Select\")]"}
RESULT: {"using":"xpath","value":"//*[contains(@id ,\"BDI-content\")][contains(text(), \"Select\")]"}
COMMAND: POST /session/cdd305857320dd590ea5bbf59a31d46e/element/f.492DEA3F6A95B07ADA96E928C4F8A0EF.d.18256C95B6DB0A362537709DC5541B8B.e.28097/click - {}
RESULT: {}
COMMAND: POST /session/cdd305857320dd590ea5bbf59a31d46e/execute/async - {"script":"<script> [1562 bytes]","args":[{"selector":{"controlType":"sap.m.Button","viewName":"etm.portal.ui.managehandovers.view.AddNewHO","viewId":"application-managehandovers-display-component---AddNewHO","bindingPath":{"path":"/items/0","propertyPath":"QUANTITY","modelName":"hoItemsModel"},"interaction":{"idSuffix":"inner"}},"wdio_ui5_key":"etmportal.ui.managehandovers.view.AddNewHOsap.m.Button{\"path\":\"/items/0\",\"propertyPath\":\"QUANTITY\",\"modelName\":\"hoItemsModel\"}"}]}
COMMAND: GET /session/cdd305857320dd590ea5bbf59a31d46e/screenshot - {}
RESULT: {}
RESULT: {"script":"<script> [1562 bytes]","args":[{"selector":{"controlType":"sap.m.Button","viewName":"etm.portal.ui.managehandovers.view.AddNewHO","viewId":"application-managehandovers-display-component---AddNewHO","bindingPath":{"path":"/items/0","propertyPath":"QUANTITY","modelName":"hoItemsModel"},"interaction":{"idSuffix":"inner"}},"wdio_ui5_key":"etmportal.ui.managehandovers.view.AddNewHOsap.m.Button{\"path\":\"/items/0\",\"propertyPath\":\"QUANTITY\",\"modelName\":\"hoItemsModel\"}"}]}
RESULT: undefined
COMMAND: POST /session/cdd305857320dd590ea5bbf59a31d46e/element - {"using":"xpath","value":"//*[@id=\"__button221-__clone2318\"]"}
RESULT: {"using":"xpath","value":"//*[@id=\"__button221-__clone2318\"]"}
COMMAND: POST /session/cdd305857320dd590ea5bbf59a31d46e/element/f.492DEA3F6A95B07ADA96E928C4F8A0EF.d.18256C95B6DB0A362537709DC5541B8B.e.28101/click - {}
RESULT: {}
COMMAND: POST /session/cdd305857320dd590ea5bbf59a31d46e/execute/async - {"script":"<script> [1562 bytes]","args":[{"selector":{"controlType":"sap.m.NumericInput","viewName":"etm.portal.ui.managehandovers.view.AddNewHO","viewId":"application-managehandovers-display-component---AddNewHO","properties":{"value":"0"},"searchOpenDialogs":true,"interaction":{"idSuffix":"inner"}},"wdio_ui5_key":"etmportal.ui.managehandovers.view.AddNewHOsap.m.NumericInput{\"value\":\"0\"}"}]}
COMMAND: GET /session/cdd305857320dd590ea5bbf59a31d46e/screenshot - {}
RESULT: {"script":"<script> [1562 bytes]","args":[{"selector":{"controlType":"sap.m.NumericInput","viewName":"etm.portal.ui.managehandovers.view.AddNewHO","viewId":"application-managehandovers-display-component---AddNewHO","properties":{"value":"0"},"searchOpenDialogs":true,"interaction":{"idSuffix":"inner"}},"wdio_ui5_key":"etmportal.ui.managehandovers.view.AddNewHOsap.m.NumericInput{\"value\":\"0\"}"}]}
RESULT: undefined
COMMAND: POST /session/cdd305857320dd590ea5bbf59a31d46e/execute/async - {"script":"<script> [776 bytes]","args":[{"enterText":"1","selector":{"controlType":"sap.m.NumericInput","viewName":"etm.portal.ui.managehandovers.view.AddNewHO","viewId":"application-managehandovers-display-component---AddNewHO","properties":{"value":"0"},"searchOpenDialogs":true,"interaction":{"idSuffix":"inner"}},"clearTextFirst":true,"interactionType":"ENTER_TEXT"}]}
RESULT: {}
RESULT: {"script":"<script> [776 bytes]","args":[{"enterText":"1","selector":{"controlType":"sap.m.NumericInput","viewName":"etm.portal.ui.managehandovers.view.AddNewHO","viewId":"application-managehandovers-display-component---AddNewHO","properties":{"value":"0"},"searchOpenDialogs":true,"interaction":{"idSuffix":"inner"}},"clearTextFirst":true,"interactionType":"ENTER_TEXT"}]}
COMMAND: POST /session/cdd305857320dd590ea5bbf59a31d46e/execute/async - {"script":"<script> [1562 bytes]","args":[{"selector":{"controlType":"sap.m.Button","viewName":"etm.portal.ui.managehandovers.view.AddNewHO","viewId":"application-managehandovers-display-component---AddNewHO","i18NText":{"propertyName":"text","key":"confirm"},"searchOpenDialogs":true,"interaction":{"idSuffix":"BDI-content"}},"wdio_ui5_key":"etmportal.ui.managehandovers.view.AddNewHOsap.m.Button{\"propertyName\":\"text\",\"key\":\"confirm\"}"}]}
RESULT: {"script":"<script> [1562 bytes]","args":[{"selector":{"controlType":"sap.m.Button","viewName":"etm.portal.ui.managehandovers.view.AddNewHO","viewId":"application-managehandovers-display-component---AddNewHO","i18NText":{"propertyName":"text","key":"confirm"},"searchOpenDialogs":true,"interaction":{"idSuffix":"BDI-content"}},"wdio_ui5_key":"etmportal.ui.managehandovers.view.AddNewHOsap.m.Button{\"propertyName\":\"text\",\"key\":\"confirm\"}"}]}
RESULT: undefined
COMMAND: POST /session/cdd305857320dd590ea5bbf59a31d46e/element - {"using":"xpath","value":"//*[@id=\"__button224\"]"}
RESULT: {"using":"xpath","value":"//*[@id=\"__button224\"]"}
COMMAND: POST /session/cdd305857320dd590ea5bbf59a31d46e/element/f.492DEA3F6A95B07ADA96E928C4F8A0EF.d.18256C95B6DB0A362537709DC5541B8B.e.28102/click - {}
RESULT: {}
COMMAND: POST /session/cdd305857320dd590ea5bbf59a31d46e/execute/async - {"script":"<script> [1562 bytes]","args":[{"selector":{"id":"application-managehandovers-display-component---AddNewHO--confirmCreationButton","interaction":{"idSuffix":"inner"}},"wdio_ui5_key":"applicationmanagehandovers-display-component---AddNewHO--confirmCreationButton"}]}
COMMAND: GET /session/cdd305857320dd590ea5bbf59a31d46e/screenshot - {}
RESULT: {"script":"<script> [1562 bytes]","args":[{"selector":{"id":"application-managehandovers-display-component---AddNewHO--confirmCreationButton","interaction":{"idSuffix":"inner"}},"wdio_ui5_key":"applicationmanagehandovers-display-component---AddNewHO--confirmCreationButton"}]}
RESULT: undefined
COMMAND: POST /session/cdd305857320dd590ea5bbf59a31d46e/element - {"using":"xpath","value":"//*[@id=\"application-managehandovers-display-component---AddNewHO--confirmCreationButton\"]"}
RESULT: {}
RESULT: {"using":"xpath","value":"//*[@id=\"application-managehandovers-display-component---AddNewHO--confirmCreationButton\"]"}
COMMAND: POST /session/cdd305857320dd590ea5bbf59a31d46e/element/f.492DEA3F6A95B07ADA96E928C4F8A0EF.d.18256C95B6DB0A362537709DC5541B8B.e.28113/click - {}
RESULT: {}
COMMAND: GET /session/cdd305857320dd590ea5bbf59a31d46e/screenshot - {}
RESULT: {}
RESULT: undefined
COMMAND: POST /session/cdd305857320dd590ea5bbf59a31d46e/execute/async - {"script":"<script> [776 bytes]","args":[{"enterText":"5/27/25","selector":{"id":"receiptDatePicker","viewName":"etm.portal.ui.managehandovers.view.DetailExecuteHO","interaction":{"idSuffix":"inner"}},"clearTextFirst":true,"interactionType":"ENTER_TEXT"}]}
RESULT: {"script":"<script> [776 bytes]","args":[{"enterText":"5/27/25","selector":{"id":"receiptDatePicker","viewName":"etm.portal.ui.managehandovers.view.DetailExecuteHO","interaction":{"idSuffix":"inner"}},"clearTextFirst":true,"interactionType":"ENTER_TEXT"}]}
COMMAND: POST /session/cdd305857320dd590ea5bbf59a31d46e/element - {"using":"xpath","value":"//button[@data-kt=\"IssuingTableConfirmAllButton\"]"}
RESULT: {"using":"xpath","value":"//button[@data-kt=\"IssuingTableConfirmAllButton\"]"}
COMMAND: POST /session/cdd305857320dd590ea5bbf59a31d46e/element/f.492DEA3F6A95B07ADA96E928C4F8A0EF.d.18256C95B6DB0A362537709DC5541B8B.e.28154/click - {}
RESULT: {}
COMMAND: GET /session/cdd305857320dd590ea5bbf59a31d46e/screenshot - {}
RESULT: {}
COMMAND: POST /session/cdd305857320dd590ea5bbf59a31d46e/element - {"using":"xpath","value":"//bdi[contains(text(), \"OK\")]"}
RESULT: {"using":"xpath","value":"//bdi[contains(text(), \"OK\")]"}
COMMAND: POST /session/cdd305857320dd590ea5bbf59a31d46e/element/f.492DEA3F6A95B07ADA96E928C4F8A0EF.d.18256C95B6DB0A362537709DC5541B8B.e.28156/click - {}
RESULT: {}
COMMAND: GET /session/cdd305857320dd590ea5bbf59a31d46e/screenshot - {}
RESULT: {}
COMMAND: POST /session/cdd305857320dd590ea5bbf59a31d46e/element - {"using":"xpath","value":"//bdi[contains(text(), \"Issue\")]"}
RESULT: {"using":"xpath","value":"//bdi[contains(text(), \"Issue\")]"}
COMMAND: POST /session/cdd305857320dd590ea5bbf59a31d46e/element/f.492DEA3F6A95B07ADA96E928C4F8A0EF.d.18256C95B6DB0A362537709DC5541B8B.e.28158/click - {}
RESULT: {}
COMMAND: GET /session/cdd305857320dd590ea5bbf59a31d46e/screenshot - {}
RESULT: {}
COMMAND: POST /session/cdd305857320dd590ea5bbf59a31d46e/element - {"using":"css selector","value":"#shell-header-logo"}
RESULT: {"using":"css selector","value":"#shell-header-logo"}
COMMAND: POST /session/cdd305857320dd590ea5bbf59a31d46e/element/f.492DEA3F6A95B07ADA96E928C4F8A0EF.d.18256C95B6DB0A362537709DC5541B8B.e.27550/click - {}
RESULT: {}
COMMAND: GET /session/cdd305857320dd590ea5bbf59a31d46e/screenshot - {}
RESULT: {}
COMMAND: POST /session/cdd305857320dd590ea5bbf59a31d46e/element - {"using":"css selector","value":"#j_username"}
COMMAND: POST /session/cdd305857320dd590ea5bbf59a31d46e/url - {"url":"https://qa-testing-00-live-etm-ui.cfapps.eu10-004.hana.ondemand.com/"}
RESULT: {"using":"css selector","value":"#j_username"}
COMMAND: POST /session/cdd305857320dd590ea5bbf59a31d46e/element - {"using":"css selector","value":"#j_username"}
RESULT: {"url":"https://qa-testing-00-live-etm-ui.cfapps.eu10-004.hana.ondemand.com/"}
RESULT: undefined
COMMAND: GET /session/cdd305857320dd590ea5bbf59a31d46e/screenshot - {}
RESULT: {"using":"css selector","value":"#j_username"}
COMMAND: POST /session/cdd305857320dd590ea5bbf59a31d46e/element - {"using":"css selector","value":"#shell-header-logo"}
RESULT: {}
RESULT: {"using":"css selector","value":"#shell-header-logo"}
COMMAND: POST /session/cdd305857320dd590ea5bbf59a31d46e/execute/sync - {"script":"<script> [8489 bytes]","args":[{"element-6066-11e4-a52e-4f735466cecf":"f.492DEA3F6A95B07ADA96E928C4F8A0EF.d.EBACF845CD8335ADAC928DA98FC5CA74.e.28336","ELEMENT":"f.492DEA3F6A95B07ADA96E928C4F8A0EF.d.EBACF845CD8335ADAC928DA98FC5CA74.e.28336"}]}
RESULT: {"script":"<script> [8489 bytes]","args":[{"element-6066-11e4-a52e-4f735466cecf":"f.492DEA3F6A95B07ADA96E928C4F8A0EF.d.EBACF845CD8335ADAC928DA98FC5CA74.e.28336","ELEMENT":"f.492DEA3F6A95B07ADA96E928C4F8A0EF.d.EBACF845CD8335ADAC928DA98FC5CA74.e.28336"}]}
COMMAND: POST /session/cdd305857320dd590ea5bbf59a31d46e/element - {"using":"css selector","value":"#shell-header-logo"}
COMMAND: GET /session/cdd305857320dd590ea5bbf59a31d46e/screenshot - {}
RESULT: {"using":"css selector","value":"#shell-header-logo"}
COMMAND: POST /session/cdd305857320dd590ea5bbf59a31d46e/execute/sync - {"script":"<script> [8489 bytes]","args":[{"element-6066-11e4-a52e-4f735466cecf":"f.492DEA3F6A95B07ADA96E928C4F8A0EF.d.EBACF845CD8335ADAC928DA98FC5CA74.e.28336","ELEMENT":"f.492DEA3F6A95B07ADA96E928C4F8A0EF.d.EBACF845CD8335ADAC928DA98FC5CA74.e.28336"}]}
RESULT: {}
RESULT: {"script":"<script> [8489 bytes]","args":[{"element-6066-11e4-a52e-4f735466cecf":"f.492DEA3F6A95B07ADA96E928C4F8A0EF.d.EBACF845CD8335ADAC928DA98FC5CA74.e.28336","ELEMENT":"f.492DEA3F6A95B07ADA96E928C4F8A0EF.d.EBACF845CD8335ADAC928DA98FC5CA74.e.28336"}]}
COMMAND: POST /session/cdd305857320dd590ea5bbf59a31d46e/execute/sync - {"script":"<script> [5351 bytes]","args":[{"element-6066-11e4-a52e-4f735466cecf":"f.492DEA3F6A95B07ADA96E928C4F8A0EF.d.EBACF845CD8335ADAC928DA98FC5CA74.e.28336","ELEMENT":"f.492DEA3F6A95B07ADA96E928C4F8A0EF.d.EBACF845CD8335ADAC928DA98FC5CA74.e.28336"}]}
COMMAND: GET /session/cdd305857320dd590ea5bbf59a31d46e/screenshot - {}
RESULT: {"script":"<script> [5351 bytes]","args":[{"element-6066-11e4-a52e-4f735466cecf":"f.492DEA3F6A95B07ADA96E928C4F8A0EF.d.EBACF845CD8335ADAC928DA98FC5CA74.e.28336","ELEMENT":"f.492DEA3F6A95B07ADA96E928C4F8A0EF.d.EBACF845CD8335ADAC928DA98FC5CA74.e.28336"}]}
COMMAND: POST /session/cdd305857320dd590ea5bbf59a31d46e/element - {"using":"css selector","value":"#shell-header-logo"}
COMMAND: GET /session/cdd305857320dd590ea5bbf59a31d46e/screenshot - {}
RESULT: {}
RESULT: {"using":"css selector","value":"#shell-header-logo"}
COMMAND: POST /session/cdd305857320dd590ea5bbf59a31d46e/element/f.492DEA3F6A95B07ADA96E928C4F8A0EF.d.EBACF845CD8335ADAC928DA98FC5CA74.e.28336/click - {}
RESULT: {}
RESULT: {}
COMMAND: GET /session/cdd305857320dd590ea5bbf59a31d46e/screenshot - {}
RESULT: {}
COMMAND: POST /session/cdd305857320dd590ea5bbf59a31d46e/execute/async - {"script":"<script> [189 bytes]","args":[]}
RESULT: {"script":"<script> [189 bytes]","args":[]}
COMMAND: POST /session/cdd305857320dd590ea5bbf59a31d46e/execute/async - {"script":"<script> [123 bytes]","args":[]}
RESULT: {"script":"<script> [123 bytes]","args":[]}
COMMAND: POST /session/cdd305857320dd590ea5bbf59a31d46e/timeouts - {"script":"<number>"}
RESULT: {"script":"<number>"}
COMMAND: GET /session/cdd305857320dd590ea5bbf59a31d46e/timeouts - {}
RESULT: {}
RESULT: undefined
COMMAND: POST /session/cdd305857320dd590ea5bbf59a31d46e/execute/async - {"script":"<script> [2676 bytes]","args":[]}
RESULT: {"script":"<script> [2676 bytes]","args":[]}
COMMAND: POST /session/cdd305857320dd590ea5bbf59a31d46e/execute/async - {"script":"<script> [2342 bytes]","args":[{"protocol":"http","hostname":"0.0.0.0","path":"/","capabilities":{"browserName":"chrome","goog:chromeOptions":{"binary":"C:\\Program Files\\Google\\Chrome\\Application\\chrome.exe","args":["--start-maximized"]}},"logLevel":"warn","connectionRetryTimeout":120000,"connectionRetryCount":3,"logLevels":{},"enableDirectConnect":true,"strictSSL":true,"_":"65 more keys: [\"cacheDir\",\"port\",\"requestedCapabilities\",\"automationProtocol\",\"baseUrl\",\"waitforInterval\",\"waitforTimeout\",\"onReload\",\"beforeCommand\",\"afterCommand\",\"rootDir\",\"specs\",\"suites\",\"exclude\",\"groupLogsByTestSpec\",\"excludeDriverLogs\",\"bail\",\"framework\",\"reporters\",\"services\",\"maxInstances\",\"maxInstancesPerCapability\",\"injectGlobals\",\"filesToWatch\",\"execArgv\",\"runnerEnv\",\"runner\",\"shard\",\"specFileRetries\",\"specFileRetriesDelay\",\"specFileRetriesDeferred\",\"reporterSyncInterval\",\"reporterSyncTimeout\",\"cucumberFeaturesWithLineNumbers\",\"autoCompileOpts\",\"mochaOpts\",\"jasmineOpts\",\"cucumberOpts\",\"onPrepare\",\"onWorkerStart\",\"onWorkerEnd\",\"before\",\"beforeSession\",\"beforeSuite\",\"beforeHook\",\"beforeTest\",\"afterTest\",\"afterHook\",\"afterSuite\",\"afterSession\",\"after\",\"onComplete\",\"beforeAssertion\",\"afterAssertion\",\"beforeFeature\",\"beforeScenario\",\"beforeStep\",\"afterStep\",\"afterScenario\",\"afterFeature\",\"_\",\"suite\",\"$0\",\"ignoredWorkerServices\",\"wdi5\"]"}]}
RESULT: {"script":"<script> [2342 bytes]","args":[{"protocol":"http","hostname":"0.0.0.0","path":"/","capabilities":{"browserName":"chrome","goog:chromeOptions":{"binary":"C:\\Program Files\\Google\\Chrome\\Application\\chrome.exe","args":["--start-maximized"]}},"logLevel":"warn","connectionRetryTimeout":120000,"connectionRetryCount":3,"logLevels":{},"enableDirectConnect":true,"strictSSL":true,"_":"65 more keys: [\"cacheDir\",\"port\",\"requestedCapabilities\",\"automationProtocol\",\"baseUrl\",\"waitforInterval\",\"waitforTimeout\",\"onReload\",\"beforeCommand\",\"afterCommand\",\"rootDir\",\"specs\",\"suites\",\"exclude\",\"groupLogsByTestSpec\",\"excludeDriverLogs\",\"bail\",\"framework\",\"reporters\",\"services\",\"maxInstances\",\"maxInstancesPerCapability\",\"injectGlobals\",\"filesToWatch\",\"execArgv\",\"runnerEnv\",\"runner\",\"shard\",\"specFileRetries\",\"specFileRetriesDelay\",\"specFileRetriesDeferred\",\"reporterSyncInterval\",\"reporterSyncTimeout\",\"cucumberFeaturesWithLineNumbers\",\"autoCompileOpts\",\"mochaOpts\",\"jasmineOpts\",\"cucumberOpts\",\"onPrepare\",\"onWorkerStart\",\"onWorkerEnd\",\"before\",\"beforeSession\",\"beforeSuite\",\"beforeHook\",\"beforeTest\",\"afterTest\",\"afterHook\",\"afterSuite\",\"afterSession\",\"after\",\"onComplete\",\"beforeAssertion\",\"afterAssertion\",\"beforeFeature\",\"beforeScenario\",\"beforeStep\",\"afterStep\",\"afterScenario\",\"afterFeature\",\"_\",\"suite\",\"$0\",\"ignoredWorkerServices\",\"wdi5\"]"}]}
COMMAND: POST /session/cdd305857320dd590ea5bbf59a31d46e/execute/async - {"script":"<script> [21126 bytes]","args":[35000]}
RESULT: {"script":"<script> [21126 bytes]","args":[35000]}
COMMAND: POST /session/cdd305857320dd590ea5bbf59a31d46e/window/maximize - {}
RESULT: {}
COMMAND: POST /session/cdd305857320dd590ea5bbf59a31d46e/execute/async - {"script":"<script> [1562 bytes]","args":[{"selector":{"id":"shell-header","interaction":{"idSuffix":"icon"}},"wdio_ui5_key":"shellheader"}]}
COMMAND: GET /session/cdd305857320dd590ea5bbf59a31d46e/screenshot - {}
RESULT: {"script":"<script> [1562 bytes]","args":[{"selector":{"id":"shell-header","interaction":{"idSuffix":"icon"}},"wdio_ui5_key":"shellheader"}]}
RESULT: undefined
COMMAND: POST /session/cdd305857320dd590ea5bbf59a31d46e/window/fullscreen - {}
RESULT: {}
RESULT: {}
]]></system-out>
    </testcase>
  </testsuite>
  <testsuite timestamp="2025-05-27T17:37:10" time="724.952" tests="7" failures="1" errors="1" skipped="0">
    <properties>
      <property name="specId" value="0"/>
      <property name="suiteName" value="Transfer Yard to Yard US131076"/>
      <property name="capabilities" value="chrome.136_0_7103_93.windows"/>
      <property name="file" value="file:///D:/a/1/s/test/specs/HTR/transfer-yard-to-yard.spec.js"/>
    </properties>
    <testcase classname="chrome.136_0_7103_93.windows.Transfer_Yard_to_Yard_US131076" name="Should create a new yard" time="0.015">
      <system-out><![CDATA[
COMMAND: POST /session/cdd305857320dd590ea5bbf59a31d46e/window/fullscreen - {}
RESULT: {}
]]></system-out>
    </testcase>
    <testcase classname="chrome.136_0_7103_93.windows.Transfer_Yard_to_Yard_US131076" name="Should create a new 2nd yard" time="119.019">
      <system-out><![CDATA[
COMMAND: POST /session/cdd305857320dd590ea5bbf59a31d46e/window/fullscreen - {}
RESULT: {}
COMMAND: POST /session/cdd305857320dd590ea5bbf59a31d46e/execute/async - {"script":"<script> [1562 bytes]","args":[{"selector":{"controlType":"sap.m.GenericTile","properties":{"header":"Manage Yards"}},"wdio_ui5_key":"sapm.GenericTile{\"header\":\"Manage Yards\"}"}]}
RESULT: {"script":"<script> [1562 bytes]","args":[{"selector":{"controlType":"sap.m.GenericTile","properties":{"header":"Manage Yards"}},"wdio_ui5_key":"sapm.GenericTile{\"header\":\"Manage Yards\"}"}]}
RESULT: undefined
COMMAND: POST /session/cdd305857320dd590ea5bbf59a31d46e/element - {"using":"xpath","value":"//*[@id=\"__tile33\"]"}
RESULT: {"using":"xpath","value":"//*[@id=\"__tile33\"]"}
COMMAND: POST /session/cdd305857320dd590ea5bbf59a31d46e/element/f.492DEA3F6A95B07ADA96E928C4F8A0EF.d.EBACF845CD8335ADAC928DA98FC5CA74.e.28362/click - {}
RESULT: {}
COMMAND: GET /session/cdd305857320dd590ea5bbf59a31d46e/screenshot - {}
RESULT: {}
COMMAND: POST /session/cdd305857320dd590ea5bbf59a31d46e/elements - {"using":"xpath","value":"//span[text()='Error']"}
RESULT: {"using":"xpath","value":"//span[text()='Error']"}
COMMAND: POST /session/cdd305857320dd590ea5bbf59a31d46e/element - {"using":"xpath","value":"//button[@data-kt=\"addNewYardOverflowToolbarButton\"]"}
RESULT: {"using":"xpath","value":"//button[@data-kt=\"addNewYardOverflowToolbarButton\"]"}
COMMAND: POST /session/cdd305857320dd590ea5bbf59a31d46e/elements - {"using":"xpath","value":"//button[@data-kt=\"addNewYardOverflowToolbarButton\"]"}
RESULT: {"using":"xpath","value":"//button[@data-kt=\"addNewYardOverflowToolbarButton\"]"}
COMMAND: POST /session/cdd305857320dd590ea5bbf59a31d46e/execute/sync - {"script":"<script> [8489 bytes]","args":[{"element-6066-11e4-a52e-4f735466cecf":"f.492DEA3F6A95B07ADA96E928C4F8A0EF.d.EBACF845CD8335ADAC928DA98FC5CA74.e.28497","ELEMENT":"f.492DEA3F6A95B07ADA96E928C4F8A0EF.d.EBACF845CD8335ADAC928DA98FC5CA74.e.28497"}]}
RESULT: {"script":"<script> [8489 bytes]","args":[{"element-6066-11e4-a52e-4f735466cecf":"f.492DEA3F6A95B07ADA96E928C4F8A0EF.d.EBACF845CD8335ADAC928DA98FC5CA74.e.28497","ELEMENT":"f.492DEA3F6A95B07ADA96E928C4F8A0EF.d.EBACF845CD8335ADAC928DA98FC5CA74.e.28497"}]}
COMMAND: GET /session/cdd305857320dd590ea5bbf59a31d46e/element/f.492DEA3F6A95B07ADA96E928C4F8A0EF.d.EBACF845CD8335ADAC928DA98FC5CA74.e.28497/enabled - {}
COMMAND: GET /session/cdd305857320dd590ea5bbf59a31d46e/screenshot - {}
RESULT: {}
COMMAND: POST /session/cdd305857320dd590ea5bbf59a31d46e/execute/sync - {"script":"<script> [8489 bytes]","args":[{"element-6066-11e4-a52e-4f735466cecf":"f.492DEA3F6A95B07ADA96E928C4F8A0EF.d.EBACF845CD8335ADAC928DA98FC5CA74.e.28497","ELEMENT":"f.492DEA3F6A95B07ADA96E928C4F8A0EF.d.EBACF845CD8335ADAC928DA98FC5CA74.e.28497"}]}
COMMAND: GET /session/cdd305857320dd590ea5bbf59a31d46e/screenshot - {}
RESULT: {}
RESULT: {"script":"<script> [8489 bytes]","args":[{"element-6066-11e4-a52e-4f735466cecf":"f.492DEA3F6A95B07ADA96E928C4F8A0EF.d.EBACF845CD8335ADAC928DA98FC5CA74.e.28497","ELEMENT":"f.492DEA3F6A95B07ADA96E928C4F8A0EF.d.EBACF845CD8335ADAC928DA98FC5CA74.e.28497"}]}
COMMAND: POST /session/cdd305857320dd590ea5bbf59a31d46e/execute/sync - {"script":"<script> [5351 bytes]","args":[{"element-6066-11e4-a52e-4f735466cecf":"f.492DEA3F6A95B07ADA96E928C4F8A0EF.d.EBACF845CD8335ADAC928DA98FC5CA74.e.28497","ELEMENT":"f.492DEA3F6A95B07ADA96E928C4F8A0EF.d.EBACF845CD8335ADAC928DA98FC5CA74.e.28497"}]}
COMMAND: GET /session/cdd305857320dd590ea5bbf59a31d46e/screenshot - {}
RESULT: {}
RESULT: {"script":"<script> [5351 bytes]","args":[{"element-6066-11e4-a52e-4f735466cecf":"f.492DEA3F6A95B07ADA96E928C4F8A0EF.d.EBACF845CD8335ADAC928DA98FC5CA74.e.28497","ELEMENT":"f.492DEA3F6A95B07ADA96E928C4F8A0EF.d.EBACF845CD8335ADAC928DA98FC5CA74.e.28497"}]}
COMMAND: POST /session/cdd305857320dd590ea5bbf59a31d46e/element/f.492DEA3F6A95B07ADA96E928C4F8A0EF.d.EBACF845CD8335ADAC928DA98FC5CA74.e.28497/click - {}
COMMAND: GET /session/cdd305857320dd590ea5bbf59a31d46e/screenshot - {}
RESULT: {}
RESULT: {}
COMMAND: GET /session/cdd305857320dd590ea5bbf59a31d46e/screenshot - {}
COMMAND: POST /session/cdd305857320dd590ea5bbf59a31d46e/element - {"using":"xpath","value":"//input[@id=\"application-manageyards-display-component---NewYard--yardId-inner\"]"}
RESULT: {}
RESULT: {}
RESULT: {"using":"xpath","value":"//input[@id=\"application-manageyards-display-component---NewYard--yardId-inner\"]"}
COMMAND: POST /session/cdd305857320dd590ea5bbf59a31d46e/element - {"using":"xpath","value":"//input[@id=\"application-manageyards-display-component---NewYard--yardId-inner\"]"}
RESULT: {"using":"xpath","value":"//input[@id=\"application-manageyards-display-component---NewYard--yardId-inner\"]"}
COMMAND: POST /session/cdd305857320dd590ea5bbf59a31d46e/execute/async - {"script":"<script> [1562 bytes]","args":[{"selector":{"id":"application-manageyards-display-component---NewYard--addressDetailDetailsName1","interaction":{"idSuffix":"inner"}},"wdio_ui5_key":"applicationmanageyards-display-component---NewYard--addressDetailDetailsName1"}]}
RESULT: {"script":"<script> [1562 bytes]","args":[{"selector":{"id":"application-manageyards-display-component---NewYard--addressDetailDetailsName1","interaction":{"idSuffix":"inner"}},"wdio_ui5_key":"applicationmanageyards-display-component---NewYard--addressDetailDetailsName1"}]}
RESULT: undefined
COMMAND: POST /session/cdd305857320dd590ea5bbf59a31d46e/execute/async - {"script":"<script> [776 bytes]","args":[{"enterText":"Intracompany Yard wdIO","selector":{"id":"application-manageyards-display-component---NewYard--addressDetailDetailsName1","interaction":{"idSuffix":"inner"}},"clearTextFirst":true,"interactionType":"ENTER_TEXT"}]}
RESULT: {"script":"<script> [776 bytes]","args":[{"enterText":"Intracompany Yard wdIO","selector":{"id":"application-manageyards-display-component---NewYard--addressDetailDetailsName1","interaction":{"idSuffix":"inner"}},"clearTextFirst":true,"interactionType":"ENTER_TEXT"}]}
COMMAND: POST /session/cdd305857320dd590ea5bbf59a31d46e/execute/async - {"script":"<script> [1562 bytes]","args":[{"selector":{"id":"application-manageyards-display-component---NewYard--addressDetailDetailsLanguage-arrow"},"wdio_ui5_key":"applicationmanageyards-display-component---NewYard--addressDetailDetailsLanguage-arrow"}]}
RESULT: {"script":"<script> [1562 bytes]","args":[{"selector":{"id":"application-manageyards-display-component---NewYard--addressDetailDetailsLanguage-arrow"},"wdio_ui5_key":"applicationmanageyards-display-component---NewYard--addressDetailDetailsLanguage-arrow"}]}
RESULT: undefined
COMMAND: POST /session/cdd305857320dd590ea5bbf59a31d46e/element - {"using":"xpath","value":"//*[@id=\"application-manageyards-display-component---NewYard--addressDetailDetailsLanguage-arrow\"]"}
RESULT: {"using":"xpath","value":"//*[@id=\"application-manageyards-display-component---NewYard--addressDetailDetailsLanguage-arrow\"]"}
COMMAND: POST /session/cdd305857320dd590ea5bbf59a31d46e/element/f.492DEA3F6A95B07ADA96E928C4F8A0EF.d.EBACF845CD8335ADAC928DA98FC5CA74.e.28925/click - {}
RESULT: {}
COMMAND: POST /session/cdd305857320dd590ea5bbf59a31d46e/element - {"using":"xpath","value":"//span[contains(text(), \"English\")]"}
COMMAND: GET /session/cdd305857320dd590ea5bbf59a31d46e/screenshot - {}
RESULT: {"using":"xpath","value":"//span[contains(text(), \"English\")]"}
COMMAND: POST /session/cdd305857320dd590ea5bbf59a31d46e/element/f.492DEA3F6A95B07ADA96E928C4F8A0EF.d.EBACF845CD8335ADAC928DA98FC5CA74.e.28926/click - {}
RESULT: {}
RESULT: {}
COMMAND: POST /session/cdd305857320dd590ea5bbf59a31d46e/execute/async - {"script":"<script> [1562 bytes]","args":[{"selector":{"id":"application-manageyards-display-component---NewYard--addressDetailDetailsCity1","interaction":{"idSuffix":"inner"}},"wdio_ui5_key":"applicationmanageyards-display-component---NewYard--addressDetailDetailsCity1"}]}
COMMAND: GET /session/cdd305857320dd590ea5bbf59a31d46e/screenshot - {}
RESULT: {"script":"<script> [1562 bytes]","args":[{"selector":{"id":"application-manageyards-display-component---NewYard--addressDetailDetailsCity1","interaction":{"idSuffix":"inner"}},"wdio_ui5_key":"applicationmanageyards-display-component---NewYard--addressDetailDetailsCity1"}]}
RESULT: undefined
COMMAND: POST /session/cdd305857320dd590ea5bbf59a31d46e/execute/async - {"script":"<script> [776 bytes]","args":[{"enterText":"Rosario","selector":{"id":"application-manageyards-display-component---NewYard--addressDetailDetailsCity1","interaction":{"idSuffix":"inner"}},"clearTextFirst":true,"interactionType":"ENTER_TEXT"}]}
RESULT: {}
RESULT: {"script":"<script> [776 bytes]","args":[{"enterText":"Rosario","selector":{"id":"application-manageyards-display-component---NewYard--addressDetailDetailsCity1","interaction":{"idSuffix":"inner"}},"clearTextFirst":true,"interactionType":"ENTER_TEXT"}]}
COMMAND: POST /session/cdd305857320dd590ea5bbf59a31d46e/execute/async - {"script":"<script> [1562 bytes]","args":[{"selector":{"id":"application-manageyards-display-component---NewYard--addressDetailDetailsCountry-arrow"},"wdio_ui5_key":"applicationmanageyards-display-component---NewYard--addressDetailDetailsCountry-arrow"}]}
RESULT: {"script":"<script> [1562 bytes]","args":[{"selector":{"id":"application-manageyards-display-component---NewYard--addressDetailDetailsCountry-arrow"},"wdio_ui5_key":"applicationmanageyards-display-component---NewYard--addressDetailDetailsCountry-arrow"}]}
RESULT: undefined
COMMAND: POST /session/cdd305857320dd590ea5bbf59a31d46e/element - {"using":"xpath","value":"//*[@id=\"application-manageyards-display-component---NewYard--addressDetailDetailsCountry-arrow\"]"}
RESULT: {"using":"xpath","value":"//*[@id=\"application-manageyards-display-component---NewYard--addressDetailDetailsCountry-arrow\"]"}
COMMAND: POST /session/cdd305857320dd590ea5bbf59a31d46e/element/f.492DEA3F6A95B07ADA96E928C4F8A0EF.d.EBACF845CD8335ADAC928DA98FC5CA74.e.28928/click - {}
RESULT: {}
COMMAND: POST /session/cdd305857320dd590ea5bbf59a31d46e/element - {"using":"xpath","value":"//span[contains(text(), \"Argentina\")]"}
COMMAND: GET /session/cdd305857320dd590ea5bbf59a31d46e/screenshot - {}
RESULT: {"using":"xpath","value":"//span[contains(text(), \"Argentina\")]"}
COMMAND: POST /session/cdd305857320dd590ea5bbf59a31d46e/element/f.492DEA3F6A95B07ADA96E928C4F8A0EF.d.EBACF845CD8335ADAC928DA98FC5CA74.e.28929/click - {}
RESULT: {}
RESULT: {}
COMMAND: POST /session/cdd305857320dd590ea5bbf59a31d46e/execute/async - {"script":"<script> [1562 bytes]","args":[{"selector":{"id":"application-manageyards-display-component---NewYard--addressEditDetailsCostObjectCstType-arrow"},"wdio_ui5_key":"applicationmanageyards-display-component---NewYard--addressEditDetailsCostObjectCstType-arrow"}]}
COMMAND: GET /session/cdd305857320dd590ea5bbf59a31d46e/screenshot - {}
RESULT: {"script":"<script> [1562 bytes]","args":[{"selector":{"id":"application-manageyards-display-component---NewYard--addressEditDetailsCostObjectCstType-arrow"},"wdio_ui5_key":"applicationmanageyards-display-component---NewYard--addressEditDetailsCostObjectCstType-arrow"}]}
RESULT: undefined
COMMAND: POST /session/cdd305857320dd590ea5bbf59a31d46e/element - {"using":"xpath","value":"//*[@id=\"application-manageyards-display-component---NewYard--addressEditDetailsCostObjectCstType-arrow\"]"}
RESULT: {}
RESULT: {"using":"xpath","value":"//*[@id=\"application-manageyards-display-component---NewYard--addressEditDetailsCostObjectCstType-arrow\"]"}
COMMAND: POST /session/cdd305857320dd590ea5bbf59a31d46e/element/f.492DEA3F6A95B07ADA96E928C4F8A0EF.d.EBACF845CD8335ADAC928DA98FC5CA74.e.28931/click - {}
RESULT: {}
COMMAND: POST /session/cdd305857320dd590ea5bbf59a31d46e/element - {"using":"xpath","value":"//span[contains(text(), \"Cost Center\")]"}
COMMAND: GET /session/cdd305857320dd590ea5bbf59a31d46e/screenshot - {}
RESULT: {"using":"xpath","value":"//span[contains(text(), \"Cost Center\")]"}
COMMAND: POST /session/cdd305857320dd590ea5bbf59a31d46e/element/f.492DEA3F6A95B07ADA96E928C4F8A0EF.d.EBACF845CD8335ADAC928DA98FC5CA74.e.28932/click - {}
RESULT: {}
RESULT: {}
COMMAND: GET /session/cdd305857320dd590ea5bbf59a31d46e/screenshot - {}
RESULT: {}
COMMAND: POST /session/cdd305857320dd590ea5bbf59a31d46e/element - {"using":"xpath","value":"//span[@id=\"application-manageyards-display-component---NewYard--addressNewCostObjectCstID-vhi\"]"}
RESULT: {"using":"xpath","value":"//span[@id=\"application-manageyards-display-component---NewYard--addressNewCostObjectCstID-vhi\"]"}
COMMAND: POST /session/cdd305857320dd590ea5bbf59a31d46e/execute/sync - {"script":"<script> [8489 bytes]","args":[{"element-6066-11e4-a52e-4f735466cecf":"f.492DEA3F6A95B07ADA96E928C4F8A0EF.d.EBACF845CD8335ADAC928DA98FC5CA74.e.28936","ELEMENT":"f.492DEA3F6A95B07ADA96E928C4F8A0EF.d.EBACF845CD8335ADAC928DA98FC5CA74.e.28936"}]}
RESULT: {"script":"<script> [8489 bytes]","args":[{"element-6066-11e4-a52e-4f735466cecf":"f.492DEA3F6A95B07ADA96E928C4F8A0EF.d.EBACF845CD8335ADAC928DA98FC5CA74.e.28936","ELEMENT":"f.492DEA3F6A95B07ADA96E928C4F8A0EF.d.EBACF845CD8335ADAC928DA98FC5CA74.e.28936"}]}
COMMAND: POST /session/cdd305857320dd590ea5bbf59a31d46e/execute/async - {"script":"<script> [1562 bytes]","args":[{"selector":{"id":"application-manageyards-display-component---NewYard--addressNewCostObjectCstID-vhi"},"wdio_ui5_key":"applicationmanageyards-display-component---NewYard--addressNewCostObjectCstID-vhi"}]}
COMMAND: GET /session/cdd305857320dd590ea5bbf59a31d46e/screenshot - {}
RESULT: {"script":"<script> [1562 bytes]","args":[{"selector":{"id":"application-manageyards-display-component---NewYard--addressNewCostObjectCstID-vhi"},"wdio_ui5_key":"applicationmanageyards-display-component---NewYard--addressNewCostObjectCstID-vhi"}]}
RESULT: undefined
COMMAND: POST /session/cdd305857320dd590ea5bbf59a31d46e/element - {"using":"xpath","value":"//*[@id=\"application-manageyards-display-component---NewYard--addressNewCostObjectCstID-vhi\"]"}
RESULT: {}
RESULT: {"using":"xpath","value":"//*[@id=\"application-manageyards-display-component---NewYard--addressNewCostObjectCstID-vhi\"]"}
COMMAND: POST /session/cdd305857320dd590ea5bbf59a31d46e/element/f.492DEA3F6A95B07ADA96E928C4F8A0EF.d.EBACF845CD8335ADAC928DA98FC5CA74.e.28936/click - {}
RESULT: {}
COMMAND: GET /session/cdd305857320dd590ea5bbf59a31d46e/screenshot - {}
RESULT: {}
COMMAND: POST /session/cdd305857320dd590ea5bbf59a31d46e/execute/async - {"script":"<script> [1562 bytes]","args":[{"selector":{"controlType":"sap.m.SearchField","properties":{"placeholder":"Search"},"searchOpenDialogs":true,"interaction":{"idSuffix":"I"}},"wdio_ui5_key":"sapm.SearchField{\"placeholder\":\"Search\"}"}]}
RESULT: {"script":"<script> [1562 bytes]","args":[{"selector":{"controlType":"sap.m.SearchField","properties":{"placeholder":"Search"},"searchOpenDialogs":true,"interaction":{"idSuffix":"I"}},"wdio_ui5_key":"sapm.SearchField{\"placeholder\":\"Search\"}"}]}
RESULT: undefined
COMMAND: POST /session/cdd305857320dd590ea5bbf59a31d46e/execute/async - {"script":"<script> [776 bytes]","args":[{"enterText":"bauh_b","selector":{"controlType":"sap.m.SearchField","properties":{"placeholder":"Search"},"searchOpenDialogs":true,"interaction":{"idSuffix":"I"}},"clearTextFirst":true,"interactionType":"ENTER_TEXT"}]}
RESULT: {"script":"<script> [776 bytes]","args":[{"enterText":"bauh_b","selector":{"controlType":"sap.m.SearchField","properties":{"placeholder":"Search"},"searchOpenDialogs":true,"interaction":{"idSuffix":"I"}},"clearTextFirst":true,"interactionType":"ENTER_TEXT"}]}
COMMAND: POST /session/cdd305857320dd590ea5bbf59a31d46e/actions - {"actions":[{"id":"action86","type":"key","parameters":{},"actions":[{"type":"keyDown","value":""},{"type":"pause","duration":10},{"type":"keyUp","value":""}]}]}
RESULT: {"actions":[{"id":"action86","type":"key","parameters":{},"actions":[{"type":"keyDown","value":""},{"type":"pause","duration":10},{"type":"keyUp","value":""}]}]}
COMMAND: GET /session/cdd305857320dd590ea5bbf59a31d46e/screenshot - {}
RESULT: {}
COMMAND: POST /session/cdd305857320dd590ea5bbf59a31d46e/element - {"using":"xpath","value":"//span[contains(text(), \"Demo Yard\")]"}
RESULT: {"using":"xpath","value":"//span[contains(text(), \"Demo Yard\")]"}
COMMAND: POST /session/cdd305857320dd590ea5bbf59a31d46e/element/f.492DEA3F6A95B07ADA96E928C4F8A0EF.d.EBACF845CD8335ADAC928DA98FC5CA74.e.28977/click - {}
RESULT: {}
COMMAND: GET /session/cdd305857320dd590ea5bbf59a31d46e/screenshot - {}
RESULT: {}
COMMAND: POST /session/cdd305857320dd590ea5bbf59a31d46e/element - {"using":"xpath","value":"//bdi[contains(text(), \"OK\")]"}
RESULT: {"using":"xpath","value":"//bdi[contains(text(), \"OK\")]"}
COMMAND: POST /session/cdd305857320dd590ea5bbf59a31d46e/element/f.492DEA3F6A95B07ADA96E928C4F8A0EF.d.EBACF845CD8335ADAC928DA98FC5CA74.e.28978/click - {}
RESULT: {}
COMMAND: GET /session/cdd305857320dd590ea5bbf59a31d46e/screenshot - {}
RESULT: {}
COMMAND: POST /session/cdd305857320dd590ea5bbf59a31d46e/execute/async - {"script":"<script> [1562 bytes]","args":[{"selector":{"id":"application-manageyards-display-component---NewYard--addressEditDetailsCurrency-arrow"},"wdio_ui5_key":"applicationmanageyards-display-component---NewYard--addressEditDetailsCurrency-arrow"}]}
RESULT: {"script":"<script> [1562 bytes]","args":[{"selector":{"id":"application-manageyards-display-component---NewYard--addressEditDetailsCurrency-arrow"},"wdio_ui5_key":"applicationmanageyards-display-component---NewYard--addressEditDetailsCurrency-arrow"}]}
RESULT: undefined
COMMAND: POST /session/cdd305857320dd590ea5bbf59a31d46e/element - {"using":"xpath","value":"//*[@id=\"application-manageyards-display-component---NewYard--addressEditDetailsCurrency-arrow\"]"}
RESULT: {"using":"xpath","value":"//*[@id=\"application-manageyards-display-component---NewYard--addressEditDetailsCurrency-arrow\"]"}
COMMAND: POST /session/cdd305857320dd590ea5bbf59a31d46e/element/f.492DEA3F6A95B07ADA96E928C4F8A0EF.d.EBACF845CD8335ADAC928DA98FC5CA74.e.28981/click - {}
RESULT: {}
COMMAND: POST /session/cdd305857320dd590ea5bbf59a31d46e/element - {"using":"xpath","value":"//span[contains(text(), \"Euro\")]"}
COMMAND: GET /session/cdd305857320dd590ea5bbf59a31d46e/screenshot - {}
RESULT: {"using":"xpath","value":"//span[contains(text(), \"Euro\")]"}
COMMAND: POST /session/cdd305857320dd590ea5bbf59a31d46e/element/f.492DEA3F6A95B07ADA96E928C4F8A0EF.d.EBACF845CD8335ADAC928DA98FC5CA74.e.28982/click - {}
RESULT: {}
RESULT: {}
COMMAND: POST /session/cdd305857320dd590ea5bbf59a31d46e/execute/async - {"script":"<script> [1562 bytes]","args":[{"selector":{"controlType":"sap.m.Input","viewName":"etm.portal.ui.manageyards.view.New","viewId":"application-manageyards-display-component---NewYard","bindingPath":{"path":"","propertyPath":"/CONTROLLING_AREA","modelName":"NewYardModel"},"interaction":{"idSuffix":"inner"}},"wdio_ui5_key":"etmportal.ui.manageyards.view.Newsap.m.Input{\"path\":\"\",\"propertyPath\":\"/CONTROLLING_AREA\",\"modelName\":\"NewYardModel\"}"}]}
COMMAND: GET /session/cdd305857320dd590ea5bbf59a31d46e/screenshot - {}
RESULT: {"script":"<script> [1562 bytes]","args":[{"selector":{"controlType":"sap.m.Input","viewName":"etm.portal.ui.manageyards.view.New","viewId":"application-manageyards-display-component---NewYard","bindingPath":{"path":"","propertyPath":"/CONTROLLING_AREA","modelName":"NewYardModel"},"interaction":{"idSuffix":"inner"}},"wdio_ui5_key":"etmportal.ui.manageyards.view.Newsap.m.Input{\"path\":\"\",\"propertyPath\":\"/CONTROLLING_AREA\",\"modelName\":\"NewYardModel\"}"}]}
RESULT: undefined
COMMAND: POST /session/cdd305857320dd590ea5bbf59a31d46e/execute/async - {"script":"<script> [776 bytes]","args":[{"enterText":"Z001","selector":{"controlType":"sap.m.Input","viewName":"etm.portal.ui.manageyards.view.New","viewId":"application-manageyards-display-component---NewYard","bindingPath":{"path":"","propertyPath":"/CONTROLLING_AREA","modelName":"NewYardModel"},"interaction":{"idSuffix":"inner"}},"clearTextFirst":true,"interactionType":"ENTER_TEXT"}]}
RESULT: {}
RESULT: {"script":"<script> [776 bytes]","args":[{"enterText":"Z001","selector":{"controlType":"sap.m.Input","viewName":"etm.portal.ui.manageyards.view.New","viewId":"application-manageyards-display-component---NewYard","bindingPath":{"path":"","propertyPath":"/CONTROLLING_AREA","modelName":"NewYardModel"},"interaction":{"idSuffix":"inner"}},"clearTextFirst":true,"interactionType":"ENTER_TEXT"}]}
COMMAND: POST /session/cdd305857320dd590ea5bbf59a31d46e/execute/async - {"script":"<script> [1562 bytes]","args":[{"selector":{"id":"application-manageyards-display-component---NewYard--companyCodeComboBox","interaction":{"idSuffix":"inner"}},"wdio_ui5_key":"applicationmanageyards-display-component---NewYard--companyCodeComboBox"}]}
RESULT: {"script":"<script> [1562 bytes]","args":[{"selector":{"id":"application-manageyards-display-component---NewYard--companyCodeComboBox","interaction":{"idSuffix":"inner"}},"wdio_ui5_key":"applicationmanageyards-display-component---NewYard--companyCodeComboBox"}]}
RESULT: undefined
COMMAND: POST /session/cdd305857320dd590ea5bbf59a31d46e/execute/async - {"script":"<script> [776 bytes]","args":[{"enterText":"1000","selector":{"id":"application-manageyards-display-component---NewYard--companyCodeComboBox","interaction":{"idSuffix":"inner"}},"clearTextFirst":true,"interactionType":"ENTER_TEXT"}]}
RESULT: {"script":"<script> [776 bytes]","args":[{"enterText":"1000","selector":{"id":"application-manageyards-display-component---NewYard--companyCodeComboBox","interaction":{"idSuffix":"inner"}},"clearTextFirst":true,"interactionType":"ENTER_TEXT"}]}
COMMAND: POST /session/cdd305857320dd590ea5bbf59a31d46e/execute/async - {"script":"<script> [1562 bytes]","args":[{"selector":{"controlType":"sap.m.Input","viewName":"etm.portal.ui.manageyards.view.New","viewId":"application-manageyards-display-component---NewYard","bindingPath":{"path":"","propertyPath":"/PLANT","modelName":"NewYardModel"},"interaction":{"idSuffix":"inner"}},"wdio_ui5_key":"etmportal.ui.manageyards.view.Newsap.m.Input{\"path\":\"\",\"propertyPath\":\"/PLANT\",\"modelName\":\"NewYardModel\"}"}]}
RESULT: {"script":"<script> [1562 bytes]","args":[{"selector":{"controlType":"sap.m.Input","viewName":"etm.portal.ui.manageyards.view.New","viewId":"application-manageyards-display-component---NewYard","bindingPath":{"path":"","propertyPath":"/PLANT","modelName":"NewYardModel"},"interaction":{"idSuffix":"inner"}},"wdio_ui5_key":"etmportal.ui.manageyards.view.Newsap.m.Input{\"path\":\"\",\"propertyPath\":\"/PLANT\",\"modelName\":\"NewYardModel\"}"}]}
RESULT: undefined
COMMAND: POST /session/cdd305857320dd590ea5bbf59a31d46e/execute/async - {"script":"<script> [776 bytes]","args":[{"enterText":"1001","selector":{"controlType":"sap.m.Input","viewName":"etm.portal.ui.manageyards.view.New","viewId":"application-manageyards-display-component---NewYard","bindingPath":{"path":"","propertyPath":"/PLANT","modelName":"NewYardModel"},"interaction":{"idSuffix":"inner"}},"clearTextFirst":true,"interactionType":"ENTER_TEXT"}]}
RESULT: {"script":"<script> [776 bytes]","args":[{"enterText":"1001","selector":{"controlType":"sap.m.Input","viewName":"etm.portal.ui.manageyards.view.New","viewId":"application-manageyards-display-component---NewYard","bindingPath":{"path":"","propertyPath":"/PLANT","modelName":"NewYardModel"},"interaction":{"idSuffix":"inner"}},"clearTextFirst":true,"interactionType":"ENTER_TEXT"}]}
COMMAND: POST /session/cdd305857320dd590ea5bbf59a31d46e/execute/async - {"script":"<script> [1562 bytes]","args":[{"selector":{"controlType":"sap.m.Input","viewName":"etm.portal.ui.manageyards.view.New","viewId":"application-manageyards-display-component---NewYard","bindingPath":{"path":"","propertyPath":"/SALES_AREA_VKORG","modelName":"NewYardModel"},"interaction":{"idSuffix":"inner"}},"wdio_ui5_key":"etmportal.ui.manageyards.view.Newsap.m.Input{\"path\":\"\",\"propertyPath\":\"/SALES_AREA_VKORG\",\"modelName\":\"NewYardModel\"}"}]}
RESULT: {"script":"<script> [1562 bytes]","args":[{"selector":{"controlType":"sap.m.Input","viewName":"etm.portal.ui.manageyards.view.New","viewId":"application-manageyards-display-component---NewYard","bindingPath":{"path":"","propertyPath":"/SALES_AREA_VKORG","modelName":"NewYardModel"},"interaction":{"idSuffix":"inner"}},"wdio_ui5_key":"etmportal.ui.manageyards.view.Newsap.m.Input{\"path\":\"\",\"propertyPath\":\"/SALES_AREA_VKORG\",\"modelName\":\"NewYardModel\"}"}]}
RESULT: undefined
COMMAND: POST /session/cdd305857320dd590ea5bbf59a31d46e/execute/async - {"script":"<script> [776 bytes]","args":[{"enterText":"C002","selector":{"controlType":"sap.m.Input","viewName":"etm.portal.ui.manageyards.view.New","viewId":"application-manageyards-display-component---NewYard","bindingPath":{"path":"","propertyPath":"/SALES_AREA_VKORG","modelName":"NewYardModel"},"interaction":{"idSuffix":"inner"}},"clearTextFirst":true,"interactionType":"ENTER_TEXT"}]}
RESULT: {"script":"<script> [776 bytes]","args":[{"enterText":"C002","selector":{"controlType":"sap.m.Input","viewName":"etm.portal.ui.manageyards.view.New","viewId":"application-manageyards-display-component---NewYard","bindingPath":{"path":"","propertyPath":"/SALES_AREA_VKORG","modelName":"NewYardModel"},"interaction":{"idSuffix":"inner"}},"clearTextFirst":true,"interactionType":"ENTER_TEXT"}]}
COMMAND: POST /session/cdd305857320dd590ea5bbf59a31d46e/execute/async - {"script":"<script> [1562 bytes]","args":[{"selector":{"controlType":"sap.m.Input","viewName":"etm.portal.ui.manageyards.view.New","viewId":"application-manageyards-display-component---NewYard","bindingPath":{"path":"","propertyPath":"/SALES_AREA_VTWEG","modelName":"NewYardModel"},"interaction":{"idSuffix":"inner"}},"wdio_ui5_key":"etmportal.ui.manageyards.view.Newsap.m.Input{\"path\":\"\",\"propertyPath\":\"/SALES_AREA_VTWEG\",\"modelName\":\"NewYardModel\"}"}]}
RESULT: {"script":"<script> [1562 bytes]","args":[{"selector":{"controlType":"sap.m.Input","viewName":"etm.portal.ui.manageyards.view.New","viewId":"application-manageyards-display-component---NewYard","bindingPath":{"path":"","propertyPath":"/SALES_AREA_VTWEG","modelName":"NewYardModel"},"interaction":{"idSuffix":"inner"}},"wdio_ui5_key":"etmportal.ui.manageyards.view.Newsap.m.Input{\"path\":\"\",\"propertyPath\":\"/SALES_AREA_VTWEG\",\"modelName\":\"NewYardModel\"}"}]}
RESULT: undefined
COMMAND: POST /session/cdd305857320dd590ea5bbf59a31d46e/execute/async - {"script":"<script> [776 bytes]","args":[{"enterText":"C2","selector":{"controlType":"sap.m.Input","viewName":"etm.portal.ui.manageyards.view.New","viewId":"application-manageyards-display-component---NewYard","bindingPath":{"path":"","propertyPath":"/SALES_AREA_VTWEG","modelName":"NewYardModel"},"interaction":{"idSuffix":"inner"}},"clearTextFirst":true,"interactionType":"ENTER_TEXT"}]}
RESULT: {"script":"<script> [776 bytes]","args":[{"enterText":"C2","selector":{"controlType":"sap.m.Input","viewName":"etm.portal.ui.manageyards.view.New","viewId":"application-manageyards-display-component---NewYard","bindingPath":{"path":"","propertyPath":"/SALES_AREA_VTWEG","modelName":"NewYardModel"},"interaction":{"idSuffix":"inner"}},"clearTextFirst":true,"interactionType":"ENTER_TEXT"}]}
COMMAND: POST /session/cdd305857320dd590ea5bbf59a31d46e/execute/async - {"script":"<script> [1562 bytes]","args":[{"selector":{"controlType":"sap.m.Input","viewName":"etm.portal.ui.manageyards.view.New","viewId":"application-manageyards-display-component---NewYard","bindingPath":{"path":"","propertyPath":"/SALES_AREA_SPART","modelName":"NewYardModel"},"interaction":{"idSuffix":"inner"}},"wdio_ui5_key":"etmportal.ui.manageyards.view.Newsap.m.Input{\"path\":\"\",\"propertyPath\":\"/SALES_AREA_SPART\",\"modelName\":\"NewYardModel\"}"}]}
RESULT: {"script":"<script> [1562 bytes]","args":[{"selector":{"controlType":"sap.m.Input","viewName":"etm.portal.ui.manageyards.view.New","viewId":"application-manageyards-display-component---NewYard","bindingPath":{"path":"","propertyPath":"/SALES_AREA_SPART","modelName":"NewYardModel"},"interaction":{"idSuffix":"inner"}},"wdio_ui5_key":"etmportal.ui.manageyards.view.Newsap.m.Input{\"path\":\"\",\"propertyPath\":\"/SALES_AREA_SPART\",\"modelName\":\"NewYardModel\"}"}]}
RESULT: undefined
COMMAND: POST /session/cdd305857320dd590ea5bbf59a31d46e/execute/async - {"script":"<script> [776 bytes]","args":[{"enterText":"C2","selector":{"controlType":"sap.m.Input","viewName":"etm.portal.ui.manageyards.view.New","viewId":"application-manageyards-display-component---NewYard","bindingPath":{"path":"","propertyPath":"/SALES_AREA_SPART","modelName":"NewYardModel"},"interaction":{"idSuffix":"inner"}},"clearTextFirst":true,"interactionType":"ENTER_TEXT"}]}
RESULT: {"script":"<script> [776 bytes]","args":[{"enterText":"C2","selector":{"controlType":"sap.m.Input","viewName":"etm.portal.ui.manageyards.view.New","viewId":"application-manageyards-display-component---NewYard","bindingPath":{"path":"","propertyPath":"/SALES_AREA_SPART","modelName":"NewYardModel"},"interaction":{"idSuffix":"inner"}},"clearTextFirst":true,"interactionType":"ENTER_TEXT"}]}
COMMAND: POST /session/cdd305857320dd590ea5bbf59a31d46e/execute/async - {"script":"<script> [1562 bytes]","args":[{"selector":{"controlType":"sap.m.Input","viewName":"etm.portal.ui.manageyards.view.New","viewId":"application-manageyards-display-component---NewYard","bindingPath":{"path":"","propertyPath":"/SHIP_POINT","modelName":"NewYardModel"},"interaction":{"idSuffix":"inner"}},"wdio_ui5_key":"etmportal.ui.manageyards.view.Newsap.m.Input{\"path\":\"\",\"propertyPath\":\"/SHIP_POINT\",\"modelName\":\"NewYardModel\"}"}]}
RESULT: {"script":"<script> [1562 bytes]","args":[{"selector":{"controlType":"sap.m.Input","viewName":"etm.portal.ui.manageyards.view.New","viewId":"application-manageyards-display-component---NewYard","bindingPath":{"path":"","propertyPath":"/SHIP_POINT","modelName":"NewYardModel"},"interaction":{"idSuffix":"inner"}},"wdio_ui5_key":"etmportal.ui.manageyards.view.Newsap.m.Input{\"path\":\"\",\"propertyPath\":\"/SHIP_POINT\",\"modelName\":\"NewYardModel\"}"}]}
RESULT: undefined
COMMAND: POST /session/cdd305857320dd590ea5bbf59a31d46e/execute/async - {"script":"<script> [776 bytes]","args":[{"enterText":"1710","selector":{"controlType":"sap.m.Input","viewName":"etm.portal.ui.manageyards.view.New","viewId":"application-manageyards-display-component---NewYard","bindingPath":{"path":"","propertyPath":"/SHIP_POINT","modelName":"NewYardModel"},"interaction":{"idSuffix":"inner"}},"clearTextFirst":true,"interactionType":"ENTER_TEXT"}]}
RESULT: {"script":"<script> [776 bytes]","args":[{"enterText":"1710","selector":{"controlType":"sap.m.Input","viewName":"etm.portal.ui.manageyards.view.New","viewId":"application-manageyards-display-component---NewYard","bindingPath":{"path":"","propertyPath":"/SHIP_POINT","modelName":"NewYardModel"},"interaction":{"idSuffix":"inner"}},"clearTextFirst":true,"interactionType":"ENTER_TEXT"}]}
COMMAND: POST /session/cdd305857320dd590ea5bbf59a31d46e/execute/async - {"script":"<script> [1562 bytes]","args":[{"selector":{"controlType":"sap.m.Input","viewName":"etm.portal.ui.manageyards.view.New","viewId":"application-manageyards-display-component---NewYard","bindingPath":{"path":"","propertyPath":"/DELIVERY_TYPE","modelName":"NewYardModel"},"interaction":{"idSuffix":"inner"}},"wdio_ui5_key":"etmportal.ui.manageyards.view.Newsap.m.Input{\"path\":\"\",\"propertyPath\":\"/DELIVERY_TYPE\",\"modelName\":\"NewYardModel\"}"}]}
RESULT: {"script":"<script> [1562 bytes]","args":[{"selector":{"controlType":"sap.m.Input","viewName":"etm.portal.ui.manageyards.view.New","viewId":"application-manageyards-display-component---NewYard","bindingPath":{"path":"","propertyPath":"/DELIVERY_TYPE","modelName":"NewYardModel"},"interaction":{"idSuffix":"inner"}},"wdio_ui5_key":"etmportal.ui.manageyards.view.Newsap.m.Input{\"path\":\"\",\"propertyPath\":\"/DELIVERY_TYPE\",\"modelName\":\"NewYardModel\"}"}]}
RESULT: undefined
COMMAND: POST /session/cdd305857320dd590ea5bbf59a31d46e/execute/async - {"script":"<script> [776 bytes]","args":[{"enterText":"ZL01","selector":{"controlType":"sap.m.Input","viewName":"etm.portal.ui.manageyards.view.New","viewId":"application-manageyards-display-component---NewYard","bindingPath":{"path":"","propertyPath":"/DELIVERY_TYPE","modelName":"NewYardModel"},"interaction":{"idSuffix":"inner"}},"clearTextFirst":true,"interactionType":"ENTER_TEXT"}]}
RESULT: {"script":"<script> [776 bytes]","args":[{"enterText":"ZL01","selector":{"controlType":"sap.m.Input","viewName":"etm.portal.ui.manageyards.view.New","viewId":"application-manageyards-display-component---NewYard","bindingPath":{"path":"","propertyPath":"/DELIVERY_TYPE","modelName":"NewYardModel"},"interaction":{"idSuffix":"inner"}},"clearTextFirst":true,"interactionType":"ENTER_TEXT"}]}
COMMAND: POST /session/cdd305857320dd590ea5bbf59a31d46e/execute/async - {"script":"<script> [1562 bytes]","args":[{"selector":{"controlType":"sap.m.Input","viewName":"etm.portal.ui.manageyards.view.New","viewId":"application-manageyards-display-component---NewYard","bindingPath":{"path":"","propertyPath":"/AUART","modelName":"NewYardModel"},"interaction":{"idSuffix":"inner"}},"wdio_ui5_key":"etmportal.ui.manageyards.view.Newsap.m.Input{\"path\":\"\",\"propertyPath\":\"/AUART\",\"modelName\":\"NewYardModel\"}"}]}
RESULT: {"script":"<script> [1562 bytes]","args":[{"selector":{"controlType":"sap.m.Input","viewName":"etm.portal.ui.manageyards.view.New","viewId":"application-manageyards-display-component---NewYard","bindingPath":{"path":"","propertyPath":"/AUART","modelName":"NewYardModel"},"interaction":{"idSuffix":"inner"}},"wdio_ui5_key":"etmportal.ui.manageyards.view.Newsap.m.Input{\"path\":\"\",\"propertyPath\":\"/AUART\",\"modelName\":\"NewYardModel\"}"}]}
RESULT: undefined
COMMAND: POST /session/cdd305857320dd590ea5bbf59a31d46e/execute/async - {"script":"<script> [776 bytes]","args":[{"enterText":"TA","selector":{"controlType":"sap.m.Input","viewName":"etm.portal.ui.manageyards.view.New","viewId":"application-manageyards-display-component---NewYard","bindingPath":{"path":"","propertyPath":"/AUART","modelName":"NewYardModel"},"interaction":{"idSuffix":"inner"}},"clearTextFirst":true,"interactionType":"ENTER_TEXT"}]}
RESULT: {"script":"<script> [776 bytes]","args":[{"enterText":"TA","selector":{"controlType":"sap.m.Input","viewName":"etm.portal.ui.manageyards.view.New","viewId":"application-manageyards-display-component---NewYard","bindingPath":{"path":"","propertyPath":"/AUART","modelName":"NewYardModel"},"interaction":{"idSuffix":"inner"}},"clearTextFirst":true,"interactionType":"ENTER_TEXT"}]}
COMMAND: POST /session/cdd305857320dd590ea5bbf59a31d46e/element - {"using":"xpath","value":"//button[@data-kt=\"newYardSaveButton\"]"}
RESULT: {"using":"xpath","value":"//button[@data-kt=\"newYardSaveButton\"]"}
COMMAND: POST /session/cdd305857320dd590ea5bbf59a31d46e/element/f.492DEA3F6A95B07ADA96E928C4F8A0EF.d.EBACF845CD8335ADAC928DA98FC5CA74.e.28910/click - {}
RESULT: {}
COMMAND: GET /session/cdd305857320dd590ea5bbf59a31d46e/screenshot - {}
RESULT: {}
COMMAND: POST /session/cdd305857320dd590ea5bbf59a31d46e/element - {"using":"xpath","value":"//header[contains(@id, 'ObjectPageLayout-headerTitle')]/div[1]/div[2]/div[1]/span[1]"}
RESULT: {"using":"xpath","value":"//header[contains(@id, 'ObjectPageLayout-headerTitle')]/div[1]/div[2]/div[1]/span[1]"}
COMMAND: POST /session/cdd305857320dd590ea5bbf59a31d46e/elements - {"using":"xpath","value":"//header[contains(@id, 'ObjectPageLayout-headerTitle')]/div[1]/div[2]/div[1]/span[1]"}
RESULT: {"using":"xpath","value":"//header[contains(@id, 'ObjectPageLayout-headerTitle')]/div[1]/div[2]/div[1]/span[1]"}
COMMAND: POST /session/cdd305857320dd590ea5bbf59a31d46e/execute/sync - {"script":"<script> [56 bytes]","args":[{"element-6066-11e4-a52e-4f735466cecf":"f.492DEA3F6A95B07ADA96E928C4F8A0EF.d.EBACF845CD8335ADAC928DA98FC5CA74.e.29201","ELEMENT":"f.492DEA3F6A95B07ADA96E928C4F8A0EF.d.EBACF845CD8335ADAC928DA98FC5CA74.e.29201"}]}
RESULT: {"script":"<script> [56 bytes]","args":[{"element-6066-11e4-a52e-4f735466cecf":"f.492DEA3F6A95B07ADA96E928C4F8A0EF.d.EBACF845CD8335ADAC928DA98FC5CA74.e.29201","ELEMENT":"f.492DEA3F6A95B07ADA96E928C4F8A0EF.d.EBACF845CD8335ADAC928DA98FC5CA74.e.29201"}]}
COMMAND: GET /session/cdd305857320dd590ea5bbf59a31d46e/screenshot - {}
RESULT: {}
COMMAND: POST /session/cdd305857320dd590ea5bbf59a31d46e/element - {"using":"css selector","value":"#shell-header-logo"}
RESULT: {"using":"css selector","value":"#shell-header-logo"}
COMMAND: POST /session/cdd305857320dd590ea5bbf59a31d46e/element/f.492DEA3F6A95B07ADA96E928C4F8A0EF.d.EBACF845CD8335ADAC928DA98FC5CA74.e.28336/click - {}
RESULT: {}
COMMAND: GET /session/cdd305857320dd590ea5bbf59a31d46e/screenshot - {}
RESULT: {}
COMMAND: POST /session/cdd305857320dd590ea5bbf59a31d46e/execute/sync - {"script":"<script> [299 bytes]","args":[["getModel","getResource"]]}
RESULT: {"script":"<script> [299 bytes]","args":[["getModel","getResource"]]}
]]></system-out>
    </testcase>
    <testcase classname="chrome.136_0_7103_93.windows.Transfer_Yard_to_Yard_US131076" name="Should create an equipment" time="152.443">
      <system-out><![CDATA[
COMMAND: POST /session/cdd305857320dd590ea5bbf59a31d46e/execute/async - {"script":"<script> [1562 bytes]","args":[{"selector":{"controlType":"sap.m.GenericTile","properties":{"header":"Manage Resources"}},"wdio_ui5_key":"sapm.GenericTile{\"header\":\"Manage Resources\"}"}]}
COMMAND: GET /session/cdd305857320dd590ea5bbf59a31d46e/screenshot - {}
RESULT: {"script":"<script> [1562 bytes]","args":[{"selector":{"controlType":"sap.m.GenericTile","properties":{"header":"Manage Resources"}},"wdio_ui5_key":"sapm.GenericTile{\"header\":\"Manage Resources\"}"}]}
RESULT: undefined
COMMAND: POST /session/cdd305857320dd590ea5bbf59a31d46e/element - {"using":"xpath","value":"//*[@id=\"__tile31\"]"}
RESULT: {}
RESULT: {"using":"xpath","value":"//*[@id=\"__tile31\"]"}
COMMAND: POST /session/cdd305857320dd590ea5bbf59a31d46e/element/f.492DEA3F6A95B07ADA96E928C4F8A0EF.d.EBACF845CD8335ADAC928DA98FC5CA74.e.28356/click - {}
RESULT: {}
COMMAND: GET /session/cdd305857320dd590ea5bbf59a31d46e/screenshot - {}
RESULT: {}
COMMAND: POST /session/cdd305857320dd590ea5bbf59a31d46e/elements - {"using":"xpath","value":"//span[text()='Error']"}
RESULT: {"using":"xpath","value":"//span[text()='Error']"}
COMMAND: POST /session/cdd305857320dd590ea5bbf59a31d46e/element - {"using":"xpath","value":"//button[@data-kt=\"addNewRUOverflowToolbarButton\"]"}
RESULT: {"using":"xpath","value":"//button[@data-kt=\"addNewRUOverflowToolbarButton\"]"}
COMMAND: POST /session/cdd305857320dd590ea5bbf59a31d46e/elements - {"using":"xpath","value":"//button[@data-kt=\"addNewRUOverflowToolbarButton\"]"}
RESULT: {"using":"xpath","value":"//button[@data-kt=\"addNewRUOverflowToolbarButton\"]"}
COMMAND: POST /session/cdd305857320dd590ea5bbf59a31d46e/execute/sync - {"script":"<script> [8489 bytes]","args":[{"element-6066-11e4-a52e-4f735466cecf":"f.492DEA3F6A95B07ADA96E928C4F8A0EF.d.EBACF845CD8335ADAC928DA98FC5CA74.e.29231","ELEMENT":"f.492DEA3F6A95B07ADA96E928C4F8A0EF.d.EBACF845CD8335ADAC928DA98FC5CA74.e.29231"}]}
RESULT: {"script":"<script> [8489 bytes]","args":[{"element-6066-11e4-a52e-4f735466cecf":"f.492DEA3F6A95B07ADA96E928C4F8A0EF.d.EBACF845CD8335ADAC928DA98FC5CA74.e.29231","ELEMENT":"f.492DEA3F6A95B07ADA96E928C4F8A0EF.d.EBACF845CD8335ADAC928DA98FC5CA74.e.29231"}]}
COMMAND: GET /session/cdd305857320dd590ea5bbf59a31d46e/element/f.492DEA3F6A95B07ADA96E928C4F8A0EF.d.EBACF845CD8335ADAC928DA98FC5CA74.e.29231/enabled - {}
COMMAND: GET /session/cdd305857320dd590ea5bbf59a31d46e/screenshot - {}
RESULT: {}
COMMAND: POST /session/cdd305857320dd590ea5bbf59a31d46e/execute/sync - {"script":"<script> [8489 bytes]","args":[{"element-6066-11e4-a52e-4f735466cecf":"f.492DEA3F6A95B07ADA96E928C4F8A0EF.d.EBACF845CD8335ADAC928DA98FC5CA74.e.29231","ELEMENT":"f.492DEA3F6A95B07ADA96E928C4F8A0EF.d.EBACF845CD8335ADAC928DA98FC5CA74.e.29231"}]}
COMMAND: GET /session/cdd305857320dd590ea5bbf59a31d46e/screenshot - {}
RESULT: {}
RESULT: {"script":"<script> [8489 bytes]","args":[{"element-6066-11e4-a52e-4f735466cecf":"f.492DEA3F6A95B07ADA96E928C4F8A0EF.d.EBACF845CD8335ADAC928DA98FC5CA74.e.29231","ELEMENT":"f.492DEA3F6A95B07ADA96E928C4F8A0EF.d.EBACF845CD8335ADAC928DA98FC5CA74.e.29231"}]}
COMMAND: POST /session/cdd305857320dd590ea5bbf59a31d46e/execute/sync - {"script":"<script> [5351 bytes]","args":[{"element-6066-11e4-a52e-4f735466cecf":"f.492DEA3F6A95B07ADA96E928C4F8A0EF.d.EBACF845CD8335ADAC928DA98FC5CA74.e.29231","ELEMENT":"f.492DEA3F6A95B07ADA96E928C4F8A0EF.d.EBACF845CD8335ADAC928DA98FC5CA74.e.29231"}]}
COMMAND: GET /session/cdd305857320dd590ea5bbf59a31d46e/screenshot - {}
RESULT: {}
RESULT: {"script":"<script> [5351 bytes]","args":[{"element-6066-11e4-a52e-4f735466cecf":"f.492DEA3F6A95B07ADA96E928C4F8A0EF.d.EBACF845CD8335ADAC928DA98FC5CA74.e.29231","ELEMENT":"f.492DEA3F6A95B07ADA96E928C4F8A0EF.d.EBACF845CD8335ADAC928DA98FC5CA74.e.29231"}]}
COMMAND: POST /session/cdd305857320dd590ea5bbf59a31d46e/element/f.492DEA3F6A95B07ADA96E928C4F8A0EF.d.EBACF845CD8335ADAC928DA98FC5CA74.e.29231/click - {}
COMMAND: GET /session/cdd305857320dd590ea5bbf59a31d46e/screenshot - {}
RESULT: {}
RESULT: {}
COMMAND: GET /session/cdd305857320dd590ea5bbf59a31d46e/screenshot - {}
COMMAND: POST /session/cdd305857320dd590ea5bbf59a31d46e/execute/async - {"script":"<script> [1562 bytes]","args":[{"selector":{"id":"application-manageresources-display-component---newResourceUnit--TYPE-arrow"},"wdio_ui5_key":"applicationmanageresources-display-component---newResourceUnit--TYPE-arrow"}]}
RESULT: {}
RESULT: {}
RESULT: {"script":"<script> [1562 bytes]","args":[{"selector":{"id":"application-manageresources-display-component---newResourceUnit--TYPE-arrow"},"wdio_ui5_key":"applicationmanageresources-display-component---newResourceUnit--TYPE-arrow"}]}
RESULT: undefined
COMMAND: POST /session/cdd305857320dd590ea5bbf59a31d46e/element - {"using":"xpath","value":"//*[@id=\"application-manageresources-display-component---newResourceUnit--TYPE-arrow\"]"}
RESULT: {"using":"xpath","value":"//*[@id=\"application-manageresources-display-component---newResourceUnit--TYPE-arrow\"]"}
COMMAND: POST /session/cdd305857320dd590ea5bbf59a31d46e/element/f.492DEA3F6A95B07ADA96E928C4F8A0EF.d.EBACF845CD8335ADAC928DA98FC5CA74.e.29591/click - {}
RESULT: {}
COMMAND: POST /session/cdd305857320dd590ea5bbf59a31d46e/element - {"using":"xpath","value":"//input[@id=\"application-manageresources-display-component---newResourceUnit--TYPE-inner\"]"}
COMMAND: GET /session/cdd305857320dd590ea5bbf59a31d46e/screenshot - {}
RESULT: {"using":"xpath","value":"//input[@id=\"application-manageresources-display-component---newResourceUnit--TYPE-inner\"]"}
COMMAND: POST /session/cdd305857320dd590ea5bbf59a31d46e/element/f.492DEA3F6A95B07ADA96E928C4F8A0EF.d.EBACF845CD8335ADAC928DA98FC5CA74.e.29583/clear - {}
RESULT: {}
RESULT: {}
COMMAND: POST /session/cdd305857320dd590ea5bbf59a31d46e/element/f.492DEA3F6A95B07ADA96E928C4F8A0EF.d.EBACF845CD8335ADAC928DA98FC5CA74.e.29583/value - {"text":"Equipment"}
COMMAND: GET /session/cdd305857320dd590ea5bbf59a31d46e/screenshot - {}
RESULT: {"text":"Equipment"}
COMMAND: GET /session/cdd305857320dd590ea5bbf59a31d46e/screenshot - {}
RESULT: {}
RESULT: {}
COMMAND: POST /session/cdd305857320dd590ea5bbf59a31d46e/actions - {"actions":[{"id":"action87","type":"key","parameters":{},"actions":[{"type":"keyDown","value":""},{"type":"pause","duration":10},{"type":"keyUp","value":""}]}]}
RESULT: {"actions":[{"id":"action87","type":"key","parameters":{},"actions":[{"type":"keyDown","value":""},{"type":"pause","duration":10},{"type":"keyUp","value":""}]}]}
COMMAND: POST /session/cdd305857320dd590ea5bbf59a31d46e/execute/async - {"script":"<script> [1562 bytes]","args":[{"selector":{"id":"application-manageresources-display-component---newResourceUnit--resourceId","interaction":{"idSuffix":"inner"}},"wdio_ui5_key":"applicationmanageresources-display-component---newResourceUnit--resourceId"}]}
COMMAND: GET /session/cdd305857320dd590ea5bbf59a31d46e/screenshot - {}
RESULT: {"script":"<script> [1562 bytes]","args":[{"selector":{"id":"application-manageresources-display-component---newResourceUnit--resourceId","interaction":{"idSuffix":"inner"}},"wdio_ui5_key":"applicationmanageresources-display-component---newResourceUnit--resourceId"}]}
RESULT: undefined
COMMAND: POST /session/cdd305857320dd590ea5bbf59a31d46e/execute/async - {"script":"<script> [776 bytes]","args":[{"enterText":"08khSCvOvB","selector":{"id":"application-manageresources-display-component---newResourceUnit--resourceId","interaction":{"idSuffix":"inner"}},"clearTextFirst":true,"interactionType":"ENTER_TEXT"}]}
RESULT: {}
RESULT: {"script":"<script> [776 bytes]","args":[{"enterText":"08khSCvOvB","selector":{"id":"application-manageresources-display-component---newResourceUnit--resourceId","interaction":{"idSuffix":"inner"}},"clearTextFirst":true,"interactionType":"ENTER_TEXT"}]}
COMMAND: POST /session/cdd305857320dd590ea5bbf59a31d46e/execute/async - {"script":"<script> [1562 bytes]","args":[{"selector":{"id":"application-manageresources-display-component---newResourceUnit--SHORT_TEXT","interaction":{"idSuffix":"inner"}},"wdio_ui5_key":"applicationmanageresources-display-component---newResourceUnit--SHORT_TEXT"}]}
RESULT: {"script":"<script> [1562 bytes]","args":[{"selector":{"id":"application-manageresources-display-component---newResourceUnit--SHORT_TEXT","interaction":{"idSuffix":"inner"}},"wdio_ui5_key":"applicationmanageresources-display-component---newResourceUnit--SHORT_TEXT"}]}
RESULT: undefined
COMMAND: POST /session/cdd305857320dd590ea5bbf59a31d46e/execute/async - {"script":"<script> [776 bytes]","args":[{"enterText":"Intercompany Equipment WDIO","selector":{"id":"application-manageresources-display-component---newResourceUnit--SHORT_TEXT","interaction":{"idSuffix":"inner"}},"clearTextFirst":true,"interactionType":"ENTER_TEXT"}]}
RESULT: {"script":"<script> [776 bytes]","args":[{"enterText":"Intercompany Equipment WDIO","selector":{"id":"application-manageresources-display-component---newResourceUnit--SHORT_TEXT","interaction":{"idSuffix":"inner"}},"clearTextFirst":true,"interactionType":"ENTER_TEXT"}]}
COMMAND: POST /session/cdd305857320dd590ea5bbf59a31d46e/execute/async - {"script":"<script> [1562 bytes]","args":[{"selector":{"id":"application-manageresources-display-component---newResourceUnit--BASE_UNIT_OF_MEASURE","interaction":{"idSuffix":"inner"}},"wdio_ui5_key":"applicationmanageresources-display-component---newResourceUnit--BASE_UNIT_OF_MEASURE"}]}
RESULT: {"script":"<script> [1562 bytes]","args":[{"selector":{"id":"application-manageresources-display-component---newResourceUnit--BASE_UNIT_OF_MEASURE","interaction":{"idSuffix":"inner"}},"wdio_ui5_key":"applicationmanageresources-display-component---newResourceUnit--BASE_UNIT_OF_MEASURE"}]}
RESULT: undefined
COMMAND: POST /session/cdd305857320dd590ea5bbf59a31d46e/execute/async - {"script":"<script> [776 bytes]","args":[{"enterText":"Piece","selector":{"id":"application-manageresources-display-component---newResourceUnit--BASE_UNIT_OF_MEASURE","interaction":{"idSuffix":"inner"}},"clearTextFirst":true,"interactionType":"ENTER_TEXT"}]}
RESULT: {"script":"<script> [776 bytes]","args":[{"enterText":"Piece","selector":{"id":"application-manageresources-display-component---newResourceUnit--BASE_UNIT_OF_MEASURE","interaction":{"idSuffix":"inner"}},"clearTextFirst":true,"interactionType":"ENTER_TEXT"}]}
COMMAND: POST /session/cdd305857320dd590ea5bbf59a31d46e/execute/async - {"script":"<script> [1562 bytes]","args":[{"selector":{"id":"application-manageresources-display-component---newResourceUnit--WEIGHT_UNIT","interaction":{"idSuffix":"inner"}},"wdio_ui5_key":"applicationmanageresources-display-component---newResourceUnit--WEIGHT_UNIT"}]}
RESULT: {"script":"<script> [1562 bytes]","args":[{"selector":{"id":"application-manageresources-display-component---newResourceUnit--WEIGHT_UNIT","interaction":{"idSuffix":"inner"}},"wdio_ui5_key":"applicationmanageresources-display-component---newResourceUnit--WEIGHT_UNIT"}]}
RESULT: undefined
COMMAND: POST /session/cdd305857320dd590ea5bbf59a31d46e/execute/async - {"script":"<script> [776 bytes]","args":[{"enterText":"Gram","selector":{"id":"application-manageresources-display-component---newResourceUnit--WEIGHT_UNIT","interaction":{"idSuffix":"inner"}},"clearTextFirst":true,"interactionType":"ENTER_TEXT"}]}
RESULT: {"script":"<script> [776 bytes]","args":[{"enterText":"Gram","selector":{"id":"application-manageresources-display-component---newResourceUnit--WEIGHT_UNIT","interaction":{"idSuffix":"inner"}},"clearTextFirst":true,"interactionType":"ENTER_TEXT"}]}
COMMAND: POST /session/cdd305857320dd590ea5bbf59a31d46e/execute/async - {"script":"<script> [1562 bytes]","args":[{"selector":{"id":"application-manageresources-display-component---newResourceUnit--DIMENSION_UNIT","interaction":{"idSuffix":"inner"}},"wdio_ui5_key":"applicationmanageresources-display-component---newResourceUnit--DIMENSION_UNIT"}]}
RESULT: {"script":"<script> [1562 bytes]","args":[{"selector":{"id":"application-manageresources-display-component---newResourceUnit--DIMENSION_UNIT","interaction":{"idSuffix":"inner"}},"wdio_ui5_key":"applicationmanageresources-display-component---newResourceUnit--DIMENSION_UNIT"}]}
RESULT: undefined
COMMAND: POST /session/cdd305857320dd590ea5bbf59a31d46e/execute/async - {"script":"<script> [776 bytes]","args":[{"enterText":"Meter","selector":{"id":"application-manageresources-display-component---newResourceUnit--DIMENSION_UNIT","interaction":{"idSuffix":"inner"}},"clearTextFirst":true,"interactionType":"ENTER_TEXT"}]}
RESULT: {"script":"<script> [776 bytes]","args":[{"enterText":"Meter","selector":{"id":"application-manageresources-display-component---newResourceUnit--DIMENSION_UNIT","interaction":{"idSuffix":"inner"}},"clearTextFirst":true,"interactionType":"ENTER_TEXT"}]}
COMMAND: POST /session/cdd305857320dd590ea5bbf59a31d46e/execute/async - {"script":"<script> [1562 bytes]","args":[{"selector":{"id":"application-manageresources-display-component---newResourceUnit--newRRUPage-anchBar-application-manageresources-display-component---newResourceUnit--control-anchor","interaction":{"idSuffix":"BDI-content"}},"wdio_ui5_key":"applicationmanageresources-display-component---newResourceUnit--newRRUPage-anchBar-application-manageresources-display-component---newResourceUnit--control-anchor"}]}
RESULT: {"script":"<script> [1562 bytes]","args":[{"selector":{"id":"application-manageresources-display-component---newResourceUnit--newRRUPage-anchBar-application-manageresources-display-component---newResourceUnit--control-anchor","interaction":{"idSuffix":"BDI-content"}},"wdio_ui5_key":"applicationmanageresources-display-component---newResourceUnit--newRRUPage-anchBar-application-manageresources-display-component---newResourceUnit--control-anchor"}]}
RESULT: undefined
COMMAND: POST /session/cdd305857320dd590ea5bbf59a31d46e/element - {"using":"xpath","value":"//*[@id=\"application-manageresources-display-component---newResourceUnit--newRRUPage-anchBar-application-manageresources-display-component---newResourceUnit--control-anchor\"]"}
RESULT: {"using":"xpath","value":"//*[@id=\"application-manageresources-display-component---newResourceUnit--newRRUPage-anchBar-application-manageresources-display-component---newResourceUnit--control-anchor\"]"}
COMMAND: POST /session/cdd305857320dd590ea5bbf59a31d46e/element/f.492DEA3F6A95B07ADA96E928C4F8A0EF.d.EBACF845CD8335ADAC928DA98FC5CA74.e.29749/click - {}
RESULT: {}
COMMAND: POST /session/cdd305857320dd590ea5bbf59a31d46e/execute/async - {"script":"<script> [1562 bytes]","args":[{"selector":{"id":"application-manageresources-display-component---newResourceUnit--PLANNING_GROUP","interaction":{"idSuffix":"inner"}},"wdio_ui5_key":"applicationmanageresources-display-component---newResourceUnit--PLANNING_GROUP"}]}
COMMAND: GET /session/cdd305857320dd590ea5bbf59a31d46e/screenshot - {}
RESULT: {"script":"<script> [1562 bytes]","args":[{"selector":{"id":"application-manageresources-display-component---newResourceUnit--PLANNING_GROUP","interaction":{"idSuffix":"inner"}},"wdio_ui5_key":"applicationmanageresources-display-component---newResourceUnit--PLANNING_GROUP"}]}
RESULT: undefined
COMMAND: POST /session/cdd305857320dd590ea5bbf59a31d46e/execute/async - {"script":"<script> [776 bytes]","args":[{"enterText":"Heavy Equi","selector":{"id":"application-manageresources-display-component---newResourceUnit--PLANNING_GROUP","interaction":{"idSuffix":"inner"}},"clearTextFirst":true,"interactionType":"ENTER_TEXT"}]}
RESULT: {}
RESULT: {"script":"<script> [776 bytes]","args":[{"enterText":"Heavy Equi","selector":{"id":"application-manageresources-display-component---newResourceUnit--PLANNING_GROUP","interaction":{"idSuffix":"inner"}},"clearTextFirst":true,"interactionType":"ENTER_TEXT"}]}
COMMAND: POST /session/cdd305857320dd590ea5bbf59a31d46e/execute/async - {"script":"<script> [1562 bytes]","args":[{"selector":{"id":"application-manageresources-display-component---newResourceUnit--ITEM_TYPE-arrow"},"wdio_ui5_key":"applicationmanageresources-display-component---newResourceUnit--ITEM_TYPE-arrow"}]}
RESULT: {"script":"<script> [1562 bytes]","args":[{"selector":{"id":"application-manageresources-display-component---newResourceUnit--ITEM_TYPE-arrow"},"wdio_ui5_key":"applicationmanageresources-display-component---newResourceUnit--ITEM_TYPE-arrow"}]}
RESULT: undefined
COMMAND: POST /session/cdd305857320dd590ea5bbf59a31d46e/element - {"using":"xpath","value":"//*[@id=\"application-manageresources-display-component---newResourceUnit--ITEM_TYPE-arrow\"]"}
RESULT: {"using":"xpath","value":"//*[@id=\"application-manageresources-display-component---newResourceUnit--ITEM_TYPE-arrow\"]"}
COMMAND: POST /session/cdd305857320dd590ea5bbf59a31d46e/element/f.492DEA3F6A95B07ADA96E928C4F8A0EF.d.EBACF845CD8335ADAC928DA98FC5CA74.e.29756/click - {}
RESULT: {}
COMMAND: POST /session/cdd305857320dd590ea5bbf59a31d46e/element - {"using":"xpath","value":"(//span[contains(text(), \"Resource Unit\")])[2]"}
COMMAND: GET /session/cdd305857320dd590ea5bbf59a31d46e/screenshot - {}
RESULT: {"using":"xpath","value":"(//span[contains(text(), \"Resource Unit\")])[2]"}
COMMAND: POST /session/cdd305857320dd590ea5bbf59a31d46e/element/f.492DEA3F6A95B07ADA96E928C4F8A0EF.d.EBACF845CD8335ADAC928DA98FC5CA74.e.29757/click - {}
RESULT: {}
RESULT: {}
COMMAND: GET /session/cdd305857320dd590ea5bbf59a31d46e/screenshot - {}
RESULT: {}
COMMAND: POST /session/cdd305857320dd590ea5bbf59a31d46e/element - {"using":"css selector","value":"#application-manageresources-display-component---newResourceUnit--btnAddTimeSegment"}
RESULT: {"using":"css selector","value":"#application-manageresources-display-component---newResourceUnit--btnAddTimeSegment"}
COMMAND: GET /session/cdd305857320dd590ea5bbf59a31d46e/element/f.492DEA3F6A95B07ADA96E928C4F8A0EF.d.EBACF845CD8335ADAC928DA98FC5CA74.e.29765/rect - {}
RESULT: {}
COMMAND: GET /session/cdd305857320dd590ea5bbf59a31d46e/window/rect - {}
RESULT: {}
COMMAND: POST /session/cdd305857320dd590ea5bbf59a31d46e/execute/sync - {"script":"<script> [92 bytes]","args":[]}
RESULT: {"script":"<script> [92 bytes]","args":[]}
COMMAND: POST /session/cdd305857320dd590ea5bbf59a31d46e/actions - {"actions":[{"id":"action88","type":"wheel","parameters":{},"actions":[{"type":"scroll","x":-1888,"y":-32,"deltaX":0,"deltaY":0,"duration":0,"origin":{"element-6066-11e4-a52e-4f735466cecf":"f.492DEA3F6A95B07ADA96E928C4F8A0EF.d.EBACF845CD8335ADAC928DA98FC5CA74.e.29765"}}]}]}
COMMAND: GET /session/cdd305857320dd590ea5bbf59a31d46e/screenshot - {}
RESULT: {}
COMMAND: POST /session/cdd305857320dd590ea5bbf59a31d46e/execute/sync - {"script":"<script> [79 bytes]","args":[{"element-6066-11e4-a52e-4f735466cecf":"f.492DEA3F6A95B07ADA96E928C4F8A0EF.d.EBACF845CD8335ADAC928DA98FC5CA74.e.29765","ELEMENT":"f.492DEA3F6A95B07ADA96E928C4F8A0EF.d.EBACF845CD8335ADAC928DA98FC5CA74.e.29765"},{"block":"start","inline":"nearest"}]}
RESULT: {"script":"<script> [79 bytes]","args":[{"element-6066-11e4-a52e-4f735466cecf":"f.492DEA3F6A95B07ADA96E928C4F8A0EF.d.EBACF845CD8335ADAC928DA98FC5CA74.e.29765","ELEMENT":"f.492DEA3F6A95B07ADA96E928C4F8A0EF.d.EBACF845CD8335ADAC928DA98FC5CA74.e.29765"},{"block":"start","inline":"nearest"}]}
COMMAND: POST /session/cdd305857320dd590ea5bbf59a31d46e/execute/async - {"script":"<script> [1562 bytes]","args":[{"selector":{"id":"application-manageresources-display-component---newResourceUnit--btnAddTimeSegment","interaction":{"idSuffix":"inner"}},"wdio_ui5_key":"applicationmanageresources-display-component---newResourceUnit--btnAddTimeSegment"}]}
COMMAND: GET /session/cdd305857320dd590ea5bbf59a31d46e/screenshot - {}
RESULT: {"script":"<script> [1562 bytes]","args":[{"selector":{"id":"application-manageresources-display-component---newResourceUnit--btnAddTimeSegment","interaction":{"idSuffix":"inner"}},"wdio_ui5_key":"applicationmanageresources-display-component---newResourceUnit--btnAddTimeSegment"}]}
RESULT: undefined
COMMAND: POST /session/cdd305857320dd590ea5bbf59a31d46e/element - {"using":"xpath","value":"//*[@id=\"application-manageresources-display-component---newResourceUnit--btnAddTimeSegment\"]"}
RESULT: {}
RESULT: {"using":"xpath","value":"//*[@id=\"application-manageresources-display-component---newResourceUnit--btnAddTimeSegment\"]"}
COMMAND: POST /session/cdd305857320dd590ea5bbf59a31d46e/element/f.492DEA3F6A95B07ADA96E928C4F8A0EF.d.EBACF845CD8335ADAC928DA98FC5CA74.e.29765/click - {}
RESULT: {}
COMMAND: GET /session/cdd305857320dd590ea5bbf59a31d46e/screenshot - {}
RESULT: {}
COMMAND: POST /session/cdd305857320dd590ea5bbf59a31d46e/element - {"using":"xpath","value":"//input[@id=\"application-manageresources-display-component---newResourceUnit--idRuTSAdmin-application-manageresources-display-component---newResourceUnit--RUTimeSegment-0-inner\"]"}
RESULT: {"using":"xpath","value":"//input[@id=\"application-manageresources-display-component---newResourceUnit--idRuTSAdmin-application-manageresources-display-component---newResourceUnit--RUTimeSegment-0-inner\"]"}
COMMAND: POST /session/cdd305857320dd590ea5bbf59a31d46e/element/f.492DEA3F6A95B07ADA96E928C4F8A0EF.d.EBACF845CD8335ADAC928DA98FC5CA74.e.29771/clear - {}
RESULT: {}
COMMAND: POST /session/cdd305857320dd590ea5bbf59a31d46e/element/f.492DEA3F6A95B07ADA96E928C4F8A0EF.d.EBACF845CD8335ADAC928DA98FC5CA74.e.29771/value - {"text":"393"}
COMMAND: GET /session/cdd305857320dd590ea5bbf59a31d46e/screenshot - {}
RESULT: {"text":"393"}
COMMAND: GET /session/cdd305857320dd590ea5bbf59a31d46e/screenshot - {}
RESULT: {}
RESULT: {}
COMMAND: POST /session/cdd305857320dd590ea5bbf59a31d46e/element - {"using":"xpath","value":"//li[.//span[text()='393']]"}
RESULT: {"using":"xpath","value":"//li[.//span[text()='393']]"}
COMMAND: POST /session/cdd305857320dd590ea5bbf59a31d46e/element/f.492DEA3F6A95B07ADA96E928C4F8A0EF.d.EBACF845CD8335ADAC928DA98FC5CA74.e.29783/click - {}
RESULT: {}
COMMAND: GET /session/cdd305857320dd590ea5bbf59a31d46e/screenshot - {}
RESULT: {}
COMMAND: POST /session/cdd305857320dd590ea5bbf59a31d46e/element - {"using":"xpath","value":"(//span[contains(@id, \"-application-manageresources-display-component---newResourceUnit--RUTimeSegment-0-arrow\")])[6]"}
RESULT: {"using":"xpath","value":"(//span[contains(@id, \"-application-manageresources-display-component---newResourceUnit--RUTimeSegment-0-arrow\")])[6]"}
COMMAND: POST /session/cdd305857320dd590ea5bbf59a31d46e/element/f.492DEA3F6A95B07ADA96E928C4F8A0EF.d.EBACF845CD8335ADAC928DA98FC5CA74.e.29784/click - {}
RESULT: {}
COMMAND: GET /session/cdd305857320dd590ea5bbf59a31d46e/screenshot - {}
RESULT: {}
COMMAND: POST /session/cdd305857320dd590ea5bbf59a31d46e/element - {"using":"xpath","value":"//span[contains(text(), \"PM Order\")]"}
RESULT: {"using":"xpath","value":"//span[contains(text(), \"PM Order\")]"}
COMMAND: POST /session/cdd305857320dd590ea5bbf59a31d46e/element/f.492DEA3F6A95B07ADA96E928C4F8A0EF.d.EBACF845CD8335ADAC928DA98FC5CA74.e.29787/click - {}
RESULT: {}
COMMAND: GET /session/cdd305857320dd590ea5bbf59a31d46e/screenshot - {}
RESULT: {}
COMMAND: POST /session/cdd305857320dd590ea5bbf59a31d46e/element - {"using":"xpath","value":"(//span[contains(@id ,\"manageresources-display-component---newResourceUnit--RUTimeSegment-0-vhi\")])[1]"}
RESULT: {"using":"xpath","value":"(//span[contains(@id ,\"manageresources-display-component---newResourceUnit--RUTimeSegment-0-vhi\")])[1]"}
COMMAND: GET /session/cdd305857320dd590ea5bbf59a31d46e/element/f.492DEA3F6A95B07ADA96E928C4F8A0EF.d.EBACF845CD8335ADAC928DA98FC5CA74.e.29791/rect - {}
RESULT: {}
COMMAND: GET /session/cdd305857320dd590ea5bbf59a31d46e/window/rect - {}
RESULT: {}
COMMAND: POST /session/cdd305857320dd590ea5bbf59a31d46e/execute/sync - {"script":"<script> [92 bytes]","args":[]}
RESULT: {"script":"<script> [92 bytes]","args":[]}
COMMAND: POST /session/cdd305857320dd590ea5bbf59a31d46e/actions - {"actions":[{"id":"action89","type":"wheel","parameters":{},"actions":[{"type":"scroll","x":-869,"y":-24,"deltaX":0,"deltaY":0,"duration":0,"origin":{"element-6066-11e4-a52e-4f735466cecf":"f.492DEA3F6A95B07ADA96E928C4F8A0EF.d.EBACF845CD8335ADAC928DA98FC5CA74.e.29791"}}]}]}
COMMAND: GET /session/cdd305857320dd590ea5bbf59a31d46e/screenshot - {}
RESULT: {"actions":[{"id":"action89","type":"wheel","parameters":{},"actions":[{"type":"scroll","x":-869,"y":-24,"deltaX":0,"deltaY":0,"duration":0,"origin":{"element-6066-11e4-a52e-4f735466cecf":"f.492DEA3F6A95B07ADA96E928C4F8A0EF.d.EBACF845CD8335ADAC928DA98FC5CA74.e.29791"}}]}]}
COMMAND: DELETE /session/cdd305857320dd590ea5bbf59a31d46e/actions - {}
COMMAND: GET /session/cdd305857320dd590ea5bbf59a31d46e/screenshot - {}
RESULT: {}
RESULT: {}
COMMAND: GET /session/cdd305857320dd590ea5bbf59a31d46e/screenshot - {}
RESULT: {}
RESULT: {}
COMMAND: POST /session/cdd305857320dd590ea5bbf59a31d46e/element/f.492DEA3F6A95B07ADA96E928C4F8A0EF.d.EBACF845CD8335ADAC928DA98FC5CA74.e.29791/click - {}
RESULT: {}
COMMAND: GET /session/cdd305857320dd590ea5bbf59a31d46e/screenshot - {}
RESULT: {}
RESULT: undefined
COMMAND: POST /session/cdd305857320dd590ea5bbf59a31d46e/execute/async - {"script":"<script> [776 bytes]","args":[{"enterText":"4000360","selector":{"controlType":"sap.m.SearchField","properties":{"placeholder":"Search"},"searchOpenDialogs":true,"interaction":{"idSuffix":"I"}},"clearTextFirst":true,"interactionType":"ENTER_TEXT"}]}
RESULT: {"script":"<script> [776 bytes]","args":[{"enterText":"4000360","selector":{"controlType":"sap.m.SearchField","properties":{"placeholder":"Search"},"searchOpenDialogs":true,"interaction":{"idSuffix":"I"}},"clearTextFirst":true,"interactionType":"ENTER_TEXT"}]}
COMMAND: POST /session/cdd305857320dd590ea5bbf59a31d46e/actions - {"actions":[{"id":"action90","type":"key","parameters":{},"actions":[{"type":"keyDown","value":""},{"type":"pause","duration":10},{"type":"keyUp","value":""}]}]}
RESULT: {"actions":[{"id":"action90","type":"key","parameters":{},"actions":[{"type":"keyDown","value":""},{"type":"pause","duration":10},{"type":"keyUp","value":""}]}]}
COMMAND: GET /session/cdd305857320dd590ea5bbf59a31d46e/screenshot - {}
RESULT: {}
COMMAND: POST /session/cdd305857320dd590ea5bbf59a31d46e/element - {"using":"xpath","value":"//td/div/span[contains(text(), \"BGL Vehicles\")]"}
RESULT: {"using":"xpath","value":"//td/div/span[contains(text(), \"BGL Vehicles\")]"}
COMMAND: POST /session/cdd305857320dd590ea5bbf59a31d46e/element/f.492DEA3F6A95B07ADA96E928C4F8A0EF.d.EBACF845CD8335ADAC928DA98FC5CA74.e.29812/click - {}
RESULT: {}
COMMAND: GET /session/cdd305857320dd590ea5bbf59a31d46e/screenshot - {}
RESULT: {}
COMMAND: POST /session/cdd305857320dd590ea5bbf59a31d46e/element - {"using":"xpath","value":"//bdi[contains(text(), \"OK\")]"}
RESULT: {"using":"xpath","value":"//bdi[contains(text(), \"OK\")]"}
COMMAND: POST /session/cdd305857320dd590ea5bbf59a31d46e/element/f.492DEA3F6A95B07ADA96E928C4F8A0EF.d.EBACF845CD8335ADAC928DA98FC5CA74.e.29813/click - {}
RESULT: {}
COMMAND: GET /session/cdd305857320dd590ea5bbf59a31d46e/screenshot - {}
RESULT: {}
COMMAND: POST /session/cdd305857320dd590ea5bbf59a31d46e/execute/async - {"script":"<script> [1562 bytes]","args":[{"selector":{"id":"application-manageresources-display-component---newResourceUnit--newRRUPage-anchBar-application-manageresources-display-component---newResourceUnit--resource-anchor","interaction":{"idSuffix":"BDI-content"}},"wdio_ui5_key":"applicationmanageresources-display-component---newResourceUnit--newRRUPage-anchBar-application-manageresources-display-component---newResourceUnit--resource-anchor"}]}
RESULT: {"script":"<script> [1562 bytes]","args":[{"selector":{"id":"application-manageresources-display-component---newResourceUnit--newRRUPage-anchBar-application-manageresources-display-component---newResourceUnit--resource-anchor","interaction":{"idSuffix":"BDI-content"}},"wdio_ui5_key":"applicationmanageresources-display-component---newResourceUnit--newRRUPage-anchBar-application-manageresources-display-component---newResourceUnit--resource-anchor"}]}
RESULT: undefined
COMMAND: POST /session/cdd305857320dd590ea5bbf59a31d46e/element - {"using":"xpath","value":"//*[@id=\"application-manageresources-display-component---newResourceUnit--newRRUPage-anchBar-application-manageresources-display-component---newResourceUnit--resource-anchor\"]"}
RESULT: {"using":"xpath","value":"//*[@id=\"application-manageresources-display-component---newResourceUnit--newRRUPage-anchBar-application-manageresources-display-component---newResourceUnit--resource-anchor\"]"}
COMMAND: POST /session/cdd305857320dd590ea5bbf59a31d46e/element/f.492DEA3F6A95B07ADA96E928C4F8A0EF.d.EBACF845CD8335ADAC928DA98FC5CA74.e.29817/click - {}
RESULT: {}
COMMAND: POST /session/cdd305857320dd590ea5bbf59a31d46e/execute/async - {"script":"<script> [1562 bytes]","args":[{"selector":{"id":"application-manageresources-display-component---newResourceUnit--PLANNED_DELIVERY_DATE","interaction":{"idSuffix":"inner"}},"wdio_ui5_key":"applicationmanageresources-display-component---newResourceUnit--PLANNED_DELIVERY_DATE"}]}
COMMAND: GET /session/cdd305857320dd590ea5bbf59a31d46e/screenshot - {}
RESULT: {}
RESULT: {"script":"<script> [1562 bytes]","args":[{"selector":{"id":"application-manageresources-display-component---newResourceUnit--PLANNED_DELIVERY_DATE","interaction":{"idSuffix":"inner"}},"wdio_ui5_key":"applicationmanageresources-display-component---newResourceUnit--PLANNED_DELIVERY_DATE"}]}
RESULT: undefined
COMMAND: POST /session/cdd305857320dd590ea5bbf59a31d46e/execute/async - {"script":"<script> [6424 bytes]","args":[{"element-6066-11e4-a52e-4f735466cecf":"f.492DEA3F6A95B07ADA96E928C4F8A0EF.d.EBACF845CD8335ADAC928DA98FC5CA74.e.29647"},"setValue",["5/27/25"]]}
RESULT: {"script":"<script> [6424 bytes]","args":[{"element-6066-11e4-a52e-4f735466cecf":"f.492DEA3F6A95B07ADA96E928C4F8A0EF.d.EBACF845CD8335ADAC928DA98FC5CA74.e.29647"},"setValue",["5/27/25"]]}
COMMAND: POST /session/cdd305857320dd590ea5bbf59a31d46e/element - {"using":"xpath","value":"//label[contains(@class, 'sapMLabelRequired') and .//bdi[contains(text(), 'Planned Retirement')]]"}
RESULT: {"using":"xpath","value":"//label[contains(@class, 'sapMLabelRequired') and .//bdi[contains(text(), 'Planned Retirement')]]"}
COMMAND: POST /session/cdd305857320dd590ea5bbf59a31d46e/elements - {"using":"xpath","value":"//label[contains(@class, 'sapMLabelRequired') and .//bdi[contains(text(), 'Planned Retirement')]]"}
RESULT: {"using":"xpath","value":"//label[contains(@class, 'sapMLabelRequired') and .//bdi[contains(text(), 'Planned Retirement')]]"}
COMMAND: POST /session/cdd305857320dd590ea5bbf59a31d46e/element - {"using":"xpath","value":"//button[@data-kt=\"resourceUnitSaveButton\"]"}
RESULT: {"using":"xpath","value":"//button[@data-kt=\"resourceUnitSaveButton\"]"}
COMMAND: POST /session/cdd305857320dd590ea5bbf59a31d46e/element/f.492DEA3F6A95B07ADA96E928C4F8A0EF.d.EBACF845CD8335ADAC928DA98FC5CA74.e.29607/click - {}
RESULT: {}
COMMAND: GET /session/cdd305857320dd590ea5bbf59a31d46e/screenshot - {}
RESULT: {}
COMMAND: POST /session/cdd305857320dd590ea5bbf59a31d46e/element - {"using":"xpath","value":"//bdi[contains(text(), \"Close\")]"}
RESULT: {"using":"xpath","value":"//bdi[contains(text(), \"Close\")]"}
COMMAND: POST /session/cdd305857320dd590ea5bbf59a31d46e/element/f.492DEA3F6A95B07ADA96E928C4F8A0EF.d.EBACF845CD8335ADAC928DA98FC5CA74.e.29825/click - {}
RESULT: {}
COMMAND: GET /session/cdd305857320dd590ea5bbf59a31d46e/screenshot - {}
RESULT: {}
COMMAND: POST /session/cdd305857320dd590ea5bbf59a31d46e/element - {"using":"xpath","value":"(//button[contains(@id ,\"actionsToolbar-overflowButton\")])[1]"}
RESULT: {"using":"xpath","value":"(//button[contains(@id ,\"actionsToolbar-overflowButton\")])[1]"}
COMMAND: POST /session/cdd305857320dd590ea5bbf59a31d46e/element/f.492DEA3F6A95B07ADA96E928C4F8A0EF.d.EBACF845CD8335ADAC928DA98FC5CA74.e.29894/click - {}
RESULT: {}
COMMAND: GET /session/cdd305857320dd590ea5bbf59a31d46e/screenshot - {}
RESULT: {}
COMMAND: POST /session/cdd305857320dd590ea5bbf59a31d46e/element - {"using":"xpath","value":"//button[@data-kt=\"priceInfoButton\"]"}
RESULT: {"using":"xpath","value":"//button[@data-kt=\"priceInfoButton\"]"}
COMMAND: POST /session/cdd305857320dd590ea5bbf59a31d46e/element/f.492DEA3F6A95B07ADA96E928C4F8A0EF.d.EBACF845CD8335ADAC928DA98FC5CA74.e.29896/click - {}
RESULT: {}
COMMAND: GET /session/cdd305857320dd590ea5bbf59a31d46e/screenshot - {}
RESULT: {}
COMMAND: POST /session/cdd305857320dd590ea5bbf59a31d46e/element - {"using":"css selector","value":"#shell-header-logo"}
RESULT: {"using":"css selector","value":"#shell-header-logo"}
COMMAND: POST /session/cdd305857320dd590ea5bbf59a31d46e/element/f.492DEA3F6A95B07ADA96E928C4F8A0EF.d.EBACF845CD8335ADAC928DA98FC5CA74.e.29204/click - {}
RESULT: {}
COMMAND: GET /session/cdd305857320dd590ea5bbf59a31d46e/screenshot - {}
RESULT: {}
]]></system-out>
    </testcase>
    <testcase classname="chrome.136_0_7103_93.windows.Transfer_Yard_to_Yard_US131076" name="Prereq Should create a new equipment multipart" time="122.838">
      <system-out><![CDATA[
RESULT: undefined
COMMAND: POST /session/cdd305857320dd590ea5bbf59a31d46e/element - {"using":"xpath","value":"//*[@id=\"__tile31\"]"}
RESULT: {"using":"xpath","value":"//*[@id=\"__tile31\"]"}
COMMAND: POST /session/cdd305857320dd590ea5bbf59a31d46e/element/f.492DEA3F6A95B07ADA96E928C4F8A0EF.d.EBACF845CD8335ADAC928DA98FC5CA74.e.28356/click - {}
RESULT: {}
COMMAND: GET /session/cdd305857320dd590ea5bbf59a31d46e/screenshot - {}
RESULT: {}
COMMAND: POST /session/cdd305857320dd590ea5bbf59a31d46e/elements - {"using":"xpath","value":"//span[text()='Error']"}
RESULT: {"using":"xpath","value":"//span[text()='Error']"}
COMMAND: POST /session/cdd305857320dd590ea5bbf59a31d46e/element - {"using":"xpath","value":"//button[@data-kt=\"addNewRUOverflowToolbarButton\"]"}
RESULT: {"using":"xpath","value":"//button[@data-kt=\"addNewRUOverflowToolbarButton\"]"}
COMMAND: POST /session/cdd305857320dd590ea5bbf59a31d46e/elements - {"using":"xpath","value":"//button[@data-kt=\"addNewRUOverflowToolbarButton\"]"}
RESULT: {"using":"xpath","value":"//button[@data-kt=\"addNewRUOverflowToolbarButton\"]"}
COMMAND: POST /session/cdd305857320dd590ea5bbf59a31d46e/execute/sync - {"script":"<script> [8489 bytes]","args":[{"element-6066-11e4-a52e-4f735466cecf":"f.492DEA3F6A95B07ADA96E928C4F8A0EF.d.EBACF845CD8335ADAC928DA98FC5CA74.e.29974","ELEMENT":"f.492DEA3F6A95B07ADA96E928C4F8A0EF.d.EBACF845CD8335ADAC928DA98FC5CA74.e.29974"}]}
RESULT: {"script":"<script> [8489 bytes]","args":[{"element-6066-11e4-a52e-4f735466cecf":"f.492DEA3F6A95B07ADA96E928C4F8A0EF.d.EBACF845CD8335ADAC928DA98FC5CA74.e.29974","ELEMENT":"f.492DEA3F6A95B07ADA96E928C4F8A0EF.d.EBACF845CD8335ADAC928DA98FC5CA74.e.29974"}]}
COMMAND: GET /session/cdd305857320dd590ea5bbf59a31d46e/element/f.492DEA3F6A95B07ADA96E928C4F8A0EF.d.EBACF845CD8335ADAC928DA98FC5CA74.e.29974/enabled - {}
COMMAND: GET /session/cdd305857320dd590ea5bbf59a31d46e/screenshot - {}
RESULT: {}
COMMAND: POST /session/cdd305857320dd590ea5bbf59a31d46e/execute/sync - {"script":"<script> [8489 bytes]","args":[{"element-6066-11e4-a52e-4f735466cecf":"f.492DEA3F6A95B07ADA96E928C4F8A0EF.d.EBACF845CD8335ADAC928DA98FC5CA74.e.29974","ELEMENT":"f.492DEA3F6A95B07ADA96E928C4F8A0EF.d.EBACF845CD8335ADAC928DA98FC5CA74.e.29974"}]}
COMMAND: GET /session/cdd305857320dd590ea5bbf59a31d46e/screenshot - {}
RESULT: {}
RESULT: {"script":"<script> [8489 bytes]","args":[{"element-6066-11e4-a52e-4f735466cecf":"f.492DEA3F6A95B07ADA96E928C4F8A0EF.d.EBACF845CD8335ADAC928DA98FC5CA74.e.29974","ELEMENT":"f.492DEA3F6A95B07ADA96E928C4F8A0EF.d.EBACF845CD8335ADAC928DA98FC5CA74.e.29974"}]}
COMMAND: POST /session/cdd305857320dd590ea5bbf59a31d46e/execute/sync - {"script":"<script> [5351 bytes]","args":[{"element-6066-11e4-a52e-4f735466cecf":"f.492DEA3F6A95B07ADA96E928C4F8A0EF.d.EBACF845CD8335ADAC928DA98FC5CA74.e.29974","ELEMENT":"f.492DEA3F6A95B07ADA96E928C4F8A0EF.d.EBACF845CD8335ADAC928DA98FC5CA74.e.29974"}]}
COMMAND: GET /session/cdd305857320dd590ea5bbf59a31d46e/screenshot - {}
RESULT: {}
RESULT: {"script":"<script> [5351 bytes]","args":[{"element-6066-11e4-a52e-4f735466cecf":"f.492DEA3F6A95B07ADA96E928C4F8A0EF.d.EBACF845CD8335ADAC928DA98FC5CA74.e.29974","ELEMENT":"f.492DEA3F6A95B07ADA96E928C4F8A0EF.d.EBACF845CD8335ADAC928DA98FC5CA74.e.29974"}]}
COMMAND: POST /session/cdd305857320dd590ea5bbf59a31d46e/element/f.492DEA3F6A95B07ADA96E928C4F8A0EF.d.EBACF845CD8335ADAC928DA98FC5CA74.e.29974/click - {}
COMMAND: GET /session/cdd305857320dd590ea5bbf59a31d46e/screenshot - {}
RESULT: {}
RESULT: {}
COMMAND: GET /session/cdd305857320dd590ea5bbf59a31d46e/screenshot - {}
RESULT: undefined
COMMAND: POST /session/cdd305857320dd590ea5bbf59a31d46e/element - {"using":"xpath","value":"//*[@id=\"application-manageresources-display-component---newResourceUnit--TYPE-arrow\"]"}
RESULT: {}
RESULT: {}
RESULT: {"using":"xpath","value":"//*[@id=\"application-manageresources-display-component---newResourceUnit--TYPE-arrow\"]"}
COMMAND: POST /session/cdd305857320dd590ea5bbf59a31d46e/element/f.492DEA3F6A95B07ADA96E928C4F8A0EF.d.EBACF845CD8335ADAC928DA98FC5CA74.e.30324/click - {}
RESULT: {}
COMMAND: POST /session/cdd305857320dd590ea5bbf59a31d46e/element - {"using":"xpath","value":"//input[@id=\"application-manageresources-display-component---newResourceUnit--TYPE-inner\"]"}
COMMAND: GET /session/cdd305857320dd590ea5bbf59a31d46e/screenshot - {}
RESULT: {"using":"xpath","value":"//input[@id=\"application-manageresources-display-component---newResourceUnit--TYPE-inner\"]"}
COMMAND: POST /session/cdd305857320dd590ea5bbf59a31d46e/element/f.492DEA3F6A95B07ADA96E928C4F8A0EF.d.EBACF845CD8335ADAC928DA98FC5CA74.e.30314/clear - {}
RESULT: {}
RESULT: {}
COMMAND: POST /session/cdd305857320dd590ea5bbf59a31d46e/element/f.492DEA3F6A95B07ADA96E928C4F8A0EF.d.EBACF845CD8335ADAC928DA98FC5CA74.e.30314/value - {"text":"Equi Multipart"}
COMMAND: GET /session/cdd305857320dd590ea5bbf59a31d46e/screenshot - {}
RESULT: {"text":"Equi Multipart"}
COMMAND: GET /session/cdd305857320dd590ea5bbf59a31d46e/screenshot - {}
RESULT: {}
RESULT: {}
COMMAND: POST /session/cdd305857320dd590ea5bbf59a31d46e/actions - {"actions":[{"id":"action91","type":"key","parameters":{},"actions":[{"type":"keyDown","value":""},{"type":"pause","duration":10},{"type":"keyUp","value":""}]}]}
RESULT: {"actions":[{"id":"action91","type":"key","parameters":{},"actions":[{"type":"keyDown","value":""},{"type":"pause","duration":10},{"type":"keyUp","value":""}]}]}
RESULT: undefined
COMMAND: POST /session/cdd305857320dd590ea5bbf59a31d46e/execute/async - {"script":"<script> [776 bytes]","args":[{"enterText":"Equipment Multipart WDIO","selector":{"id":"application-manageresources-display-component---newResourceUnit--SHORT_TEXT","interaction":{"idSuffix":"inner"}},"clearTextFirst":true,"interactionType":"ENTER_TEXT"}]}
COMMAND: GET /session/cdd305857320dd590ea5bbf59a31d46e/screenshot - {}
RESULT: {"script":"<script> [776 bytes]","args":[{"enterText":"Equipment Multipart WDIO","selector":{"id":"application-manageresources-display-component---newResourceUnit--SHORT_TEXT","interaction":{"idSuffix":"inner"}},"clearTextFirst":true,"interactionType":"ENTER_TEXT"}]}
RESULT: undefined
COMMAND: POST /session/cdd305857320dd590ea5bbf59a31d46e/execute/async - {"script":"<script> [776 bytes]","args":[{"enterText":"Piece","selector":{"id":"application-manageresources-display-component---newResourceUnit--BASE_UNIT_OF_MEASURE","interaction":{"idSuffix":"inner"}},"clearTextFirst":true,"interactionType":"ENTER_TEXT"}]}
RESULT: {}
RESULT: {"script":"<script> [776 bytes]","args":[{"enterText":"Piece","selector":{"id":"application-manageresources-display-component---newResourceUnit--BASE_UNIT_OF_MEASURE","interaction":{"idSuffix":"inner"}},"clearTextFirst":true,"interactionType":"ENTER_TEXT"}]}
RESULT: undefined
COMMAND: POST /session/cdd305857320dd590ea5bbf59a31d46e/execute/async - {"script":"<script> [776 bytes]","args":[{"enterText":"Gram","selector":{"id":"application-manageresources-display-component---newResourceUnit--WEIGHT_UNIT","interaction":{"idSuffix":"inner"}},"clearTextFirst":true,"interactionType":"ENTER_TEXT"}]}
RESULT: {"script":"<script> [776 bytes]","args":[{"enterText":"Gram","selector":{"id":"application-manageresources-display-component---newResourceUnit--WEIGHT_UNIT","interaction":{"idSuffix":"inner"}},"clearTextFirst":true,"interactionType":"ENTER_TEXT"}]}
RESULT: undefined
COMMAND: POST /session/cdd305857320dd590ea5bbf59a31d46e/execute/async - {"script":"<script> [776 bytes]","args":[{"enterText":"Meter","selector":{"id":"application-manageresources-display-component---newResourceUnit--DIMENSION_UNIT","interaction":{"idSuffix":"inner"}},"clearTextFirst":true,"interactionType":"ENTER_TEXT"}]}
RESULT: {"script":"<script> [776 bytes]","args":[{"enterText":"Meter","selector":{"id":"application-manageresources-display-component---newResourceUnit--DIMENSION_UNIT","interaction":{"idSuffix":"inner"}},"clearTextFirst":true,"interactionType":"ENTER_TEXT"}]}
RESULT: undefined
COMMAND: POST /session/cdd305857320dd590ea5bbf59a31d46e/element - {"using":"xpath","value":"//*[@id=\"application-manageresources-display-component---newResourceUnit--newRRUPage-anchBar-application-manageresources-display-component---newResourceUnit--control-anchor\"]"}
RESULT: {"using":"xpath","value":"//*[@id=\"application-manageresources-display-component---newResourceUnit--newRRUPage-anchBar-application-manageresources-display-component---newResourceUnit--control-anchor\"]"}
COMMAND: POST /session/cdd305857320dd590ea5bbf59a31d46e/element/f.492DEA3F6A95B07ADA96E928C4F8A0EF.d.EBACF845CD8335ADAC928DA98FC5CA74.e.30452/click - {}
RESULT: {}
RESULT: undefined
COMMAND: POST /session/cdd305857320dd590ea5bbf59a31d46e/execute/async - {"script":"<script> [776 bytes]","args":[{"enterText":"Heavy Equi","selector":{"id":"application-manageresources-display-component---newResourceUnit--PLANNING_GROUP","interaction":{"idSuffix":"inner"}},"clearTextFirst":true,"interactionType":"ENTER_TEXT"}]}
COMMAND: GET /session/cdd305857320dd590ea5bbf59a31d46e/screenshot - {}
RESULT: {"script":"<script> [776 bytes]","args":[{"enterText":"Heavy Equi","selector":{"id":"application-manageresources-display-component---newResourceUnit--PLANNING_GROUP","interaction":{"idSuffix":"inner"}},"clearTextFirst":true,"interactionType":"ENTER_TEXT"}]}
RESULT: {}
COMMAND: POST /session/cdd305857320dd590ea5bbf59a31d46e/execute/async - {"script":"<script> [1562 bytes]","args":[{"selector":{"id":"application-manageresources-display-component---newResourceUnit--PLANNING_INDICATOR","interaction":{"idSuffix":"inner"}},"wdio_ui5_key":"applicationmanageresources-display-component---newResourceUnit--PLANNING_INDICATOR"}]}
RESULT: {"script":"<script> [1562 bytes]","args":[{"selector":{"id":"application-manageresources-display-component---newResourceUnit--PLANNING_INDICATOR","interaction":{"idSuffix":"inner"}},"wdio_ui5_key":"applicationmanageresources-display-component---newResourceUnit--PLANNING_INDICATOR"}]}
RESULT: undefined
COMMAND: POST /session/cdd305857320dd590ea5bbf59a31d46e/execute/async - {"script":"<script> [776 bytes]","args":[{"enterText":"10 - infinite","selector":{"id":"application-manageresources-display-component---newResourceUnit--PLANNING_INDICATOR","interaction":{"idSuffix":"inner"}},"clearTextFirst":true,"interactionType":"ENTER_TEXT"}]}
RESULT: {"script":"<script> [776 bytes]","args":[{"enterText":"10 - infinite","selector":{"id":"application-manageresources-display-component---newResourceUnit--PLANNING_INDICATOR","interaction":{"idSuffix":"inner"}},"clearTextFirst":true,"interactionType":"ENTER_TEXT"}]}
RESULT: undefined
COMMAND: POST /session/cdd305857320dd590ea5bbf59a31d46e/element - {"using":"xpath","value":"//*[@id=\"application-manageresources-display-component---newResourceUnit--ITEM_TYPE-arrow\"]"}
RESULT: {"using":"xpath","value":"//*[@id=\"application-manageresources-display-component---newResourceUnit--ITEM_TYPE-arrow\"]"}
COMMAND: POST /session/cdd305857320dd590ea5bbf59a31d46e/element/f.492DEA3F6A95B07ADA96E928C4F8A0EF.d.EBACF845CD8335ADAC928DA98FC5CA74.e.30459/click - {}
RESULT: {}
COMMAND: GET /session/cdd305857320dd590ea5bbf59a31d46e/screenshot - {}
RESULT: {}
COMMAND: POST /session/cdd305857320dd590ea5bbf59a31d46e/execute/async - {"script":"<script> [1562 bytes]","args":[{"selector":{"controlType":"sap.m.StandardListItem","viewName":"reusables.view.manageresources.NewResourceUnit","viewId":"application-manageresources-display-component---newResourceUnit","properties":{"title":"Pool Equipment"},"searchOpenDialogs":true,"interaction":{"idSuffix":"content"}},"wdio_ui5_key":"reusablesview.manageresources.NewResourceUnitsap.m.StandardListItem{\"title\":\"Pool Equipment\"}"}]}
RESULT: {"script":"<script> [1562 bytes]","args":[{"selector":{"controlType":"sap.m.StandardListItem","viewName":"reusables.view.manageresources.NewResourceUnit","viewId":"application-manageresources-display-component---newResourceUnit","properties":{"title":"Pool Equipment"},"searchOpenDialogs":true,"interaction":{"idSuffix":"content"}},"wdio_ui5_key":"reusablesview.manageresources.NewResourceUnitsap.m.StandardListItem{\"title\":\"Pool Equipment\"}"}]}
RESULT: undefined
COMMAND: POST /session/cdd305857320dd590ea5bbf59a31d46e/element - {"using":"xpath","value":"//*[@id=\"__item1275\"]"}
RESULT: {"using":"xpath","value":"//*[@id=\"__item1275\"]"}
COMMAND: POST /session/cdd305857320dd590ea5bbf59a31d46e/element/f.492DEA3F6A95B07ADA96E928C4F8A0EF.d.EBACF845CD8335ADAC928DA98FC5CA74.e.30461/click - {}
RESULT: {}
COMMAND: GET /session/cdd305857320dd590ea5bbf59a31d46e/screenshot - {}
RESULT: {}
COMMAND: POST /session/cdd305857320dd590ea5bbf59a31d46e/element - {"using":"css selector","value":"#application-manageresources-display-component---newResourceUnit--btnAddTimeSegment"}
RESULT: {"using":"css selector","value":"#application-manageresources-display-component---newResourceUnit--btnAddTimeSegment"}
COMMAND: GET /session/cdd305857320dd590ea5bbf59a31d46e/element/f.492DEA3F6A95B07ADA96E928C4F8A0EF.d.EBACF845CD8335ADAC928DA98FC5CA74.e.30523/rect - {}
RESULT: {}
COMMAND: GET /session/cdd305857320dd590ea5bbf59a31d46e/window/rect - {}
RESULT: {}
COMMAND: POST /session/cdd305857320dd590ea5bbf59a31d46e/execute/sync - {"script":"<script> [92 bytes]","args":[]}
RESULT: {"script":"<script> [92 bytes]","args":[]}
COMMAND: POST /session/cdd305857320dd590ea5bbf59a31d46e/actions - {"actions":[{"id":"action92","type":"wheel","parameters":{},"actions":[{"type":"scroll","x":-1888,"y":-32,"deltaX":0,"deltaY":0,"duration":0,"origin":{"element-6066-11e4-a52e-4f735466cecf":"f.492DEA3F6A95B07ADA96E928C4F8A0EF.d.EBACF845CD8335ADAC928DA98FC5CA74.e.30523"}}]}]}
COMMAND: GET /session/cdd305857320dd590ea5bbf59a31d46e/screenshot - {}
RESULT: {}
COMMAND: POST /session/cdd305857320dd590ea5bbf59a31d46e/execute/sync - {"script":"<script> [79 bytes]","args":[{"element-6066-11e4-a52e-4f735466cecf":"f.492DEA3F6A95B07ADA96E928C4F8A0EF.d.EBACF845CD8335ADAC928DA98FC5CA74.e.30523","ELEMENT":"f.492DEA3F6A95B07ADA96E928C4F8A0EF.d.EBACF845CD8335ADAC928DA98FC5CA74.e.30523"},{"block":"start","inline":"nearest"}]}
RESULT: {"script":"<script> [79 bytes]","args":[{"element-6066-11e4-a52e-4f735466cecf":"f.492DEA3F6A95B07ADA96E928C4F8A0EF.d.EBACF845CD8335ADAC928DA98FC5CA74.e.30523","ELEMENT":"f.492DEA3F6A95B07ADA96E928C4F8A0EF.d.EBACF845CD8335ADAC928DA98FC5CA74.e.30523"},{"block":"start","inline":"nearest"}]}
RESULT: undefined
COMMAND: POST /session/cdd305857320dd590ea5bbf59a31d46e/element - {"using":"xpath","value":"//*[@id=\"application-manageresources-display-component---newResourceUnit--btnAddTimeSegment\"]"}
COMMAND: GET /session/cdd305857320dd590ea5bbf59a31d46e/screenshot - {}
RESULT: {"using":"xpath","value":"//*[@id=\"application-manageresources-display-component---newResourceUnit--btnAddTimeSegment\"]"}
COMMAND: POST /session/cdd305857320dd590ea5bbf59a31d46e/element/f.492DEA3F6A95B07ADA96E928C4F8A0EF.d.EBACF845CD8335ADAC928DA98FC5CA74.e.30523/click - {}
RESULT: {}
RESULT: {}
COMMAND: GET /session/cdd305857320dd590ea5bbf59a31d46e/screenshot - {}
RESULT: {}
COMMAND: POST /session/cdd305857320dd590ea5bbf59a31d46e/element - {"using":"xpath","value":"//input[@id=\"application-manageresources-display-component---newResourceUnit--idRuTSAdmin-application-manageresources-display-component---newResourceUnit--RUTimeSegment-0-inner\"]"}
RESULT: {"using":"xpath","value":"//input[@id=\"application-manageresources-display-component---newResourceUnit--idRuTSAdmin-application-manageresources-display-component---newResourceUnit--RUTimeSegment-0-inner\"]"}
COMMAND: POST /session/cdd305857320dd590ea5bbf59a31d46e/element/f.492DEA3F6A95B07ADA96E928C4F8A0EF.d.EBACF845CD8335ADAC928DA98FC5CA74.e.30528/clear - {}
RESULT: {}
COMMAND: POST /session/cdd305857320dd590ea5bbf59a31d46e/element/f.492DEA3F6A95B07ADA96E928C4F8A0EF.d.EBACF845CD8335ADAC928DA98FC5CA74.e.30528/value - {"text":"393"}
COMMAND: GET /session/cdd305857320dd590ea5bbf59a31d46e/screenshot - {}
RESULT: {"text":"393"}
COMMAND: GET /session/cdd305857320dd590ea5bbf59a31d46e/screenshot - {}
RESULT: {}
RESULT: {}
COMMAND: POST /session/cdd305857320dd590ea5bbf59a31d46e/element - {"using":"xpath","value":"//li[.//span[text()='393']]"}
RESULT: {"using":"xpath","value":"//li[.//span[text()='393']]"}
COMMAND: POST /session/cdd305857320dd590ea5bbf59a31d46e/element/f.492DEA3F6A95B07ADA96E928C4F8A0EF.d.EBACF845CD8335ADAC928DA98FC5CA74.e.30543/click - {}
RESULT: {}
COMMAND: GET /session/cdd305857320dd590ea5bbf59a31d46e/screenshot - {}
RESULT: {}
COMMAND: POST /session/cdd305857320dd590ea5bbf59a31d46e/element - {"using":"xpath","value":"(//span[contains(@id, \"-application-manageresources-display-component---newResourceUnit--RUTimeSegment-0-arrow\")])[5]"}
RESULT: {"using":"xpath","value":"(//span[contains(@id, \"-application-manageresources-display-component---newResourceUnit--RUTimeSegment-0-arrow\")])[5]"}
COMMAND: POST /session/cdd305857320dd590ea5bbf59a31d46e/element/f.492DEA3F6A95B07ADA96E928C4F8A0EF.d.EBACF845CD8335ADAC928DA98FC5CA74.e.30544/click - {}
RESULT: {}
COMMAND: GET /session/cdd305857320dd590ea5bbf59a31d46e/screenshot - {}
RESULT: {}
COMMAND: POST /session/cdd305857320dd590ea5bbf59a31d46e/element - {"using":"xpath","value":"//span[contains(text(), \"PM Order\")]"}
RESULT: {"using":"xpath","value":"//span[contains(text(), \"PM Order\")]"}
COMMAND: POST /session/cdd305857320dd590ea5bbf59a31d46e/element/f.492DEA3F6A95B07ADA96E928C4F8A0EF.d.EBACF845CD8335ADAC928DA98FC5CA74.e.30545/click - {}
RESULT: {}
COMMAND: GET /session/cdd305857320dd590ea5bbf59a31d46e/screenshot - {}
RESULT: {}
COMMAND: POST /session/cdd305857320dd590ea5bbf59a31d46e/element - {"using":"xpath","value":"(//span[contains(@id ,\"manageresources-display-component---newResourceUnit--RUTimeSegment-0-vhi\")])[1]"}
RESULT: {"using":"xpath","value":"(//span[contains(@id ,\"manageresources-display-component---newResourceUnit--RUTimeSegment-0-vhi\")])[1]"}
COMMAND: GET /session/cdd305857320dd590ea5bbf59a31d46e/element/f.492DEA3F6A95B07ADA96E928C4F8A0EF.d.EBACF845CD8335ADAC928DA98FC5CA74.e.30549/rect - {}
RESULT: {}
COMMAND: GET /session/cdd305857320dd590ea5bbf59a31d46e/window/rect - {}
RESULT: {}
COMMAND: POST /session/cdd305857320dd590ea5bbf59a31d46e/execute/sync - {"script":"<script> [92 bytes]","args":[]}
RESULT: {"script":"<script> [92 bytes]","args":[]}
COMMAND: POST /session/cdd305857320dd590ea5bbf59a31d46e/actions - {"actions":[{"id":"action93","type":"wheel","parameters":{},"actions":[{"type":"scroll","x":-1888,"y":-24,"deltaX":0,"deltaY":0,"duration":0,"origin":{"element-6066-11e4-a52e-4f735466cecf":"f.492DEA3F6A95B07ADA96E928C4F8A0EF.d.EBACF845CD8335ADAC928DA98FC5CA74.e.30549"}}]}]}
COMMAND: GET /session/cdd305857320dd590ea5bbf59a31d46e/screenshot - {}
RESULT: {}
COMMAND: POST /session/cdd305857320dd590ea5bbf59a31d46e/execute/sync - {"script":"<script> [79 bytes]","args":[{"element-6066-11e4-a52e-4f735466cecf":"f.492DEA3F6A95B07ADA96E928C4F8A0EF.d.EBACF845CD8335ADAC928DA98FC5CA74.e.30549","ELEMENT":"f.492DEA3F6A95B07ADA96E928C4F8A0EF.d.EBACF845CD8335ADAC928DA98FC5CA74.e.30549"},{"block":"start","inline":"nearest"}]}
RESULT: {"script":"<script> [79 bytes]","args":[{"element-6066-11e4-a52e-4f735466cecf":"f.492DEA3F6A95B07ADA96E928C4F8A0EF.d.EBACF845CD8335ADAC928DA98FC5CA74.e.30549","ELEMENT":"f.492DEA3F6A95B07ADA96E928C4F8A0EF.d.EBACF845CD8335ADAC928DA98FC5CA74.e.30549"},{"block":"start","inline":"nearest"}]}
COMMAND: GET /session/cdd305857320dd590ea5bbf59a31d46e/screenshot - {}
RESULT: {}
COMMAND: POST /session/cdd305857320dd590ea5bbf59a31d46e/element/f.492DEA3F6A95B07ADA96E928C4F8A0EF.d.EBACF845CD8335ADAC928DA98FC5CA74.e.30549/click - {}
RESULT: {}
COMMAND: GET /session/cdd305857320dd590ea5bbf59a31d46e/screenshot - {}
RESULT: {}
RESULT: undefined
COMMAND: POST /session/cdd305857320dd590ea5bbf59a31d46e/execute/async - {"script":"<script> [776 bytes]","args":[{"enterText":"4000360","selector":{"controlType":"sap.m.SearchField","properties":{"placeholder":"Search"},"searchOpenDialogs":true,"interaction":{"idSuffix":"I"}},"clearTextFirst":true,"interactionType":"ENTER_TEXT"}]}
RESULT: {"script":"<script> [776 bytes]","args":[{"enterText":"4000360","selector":{"controlType":"sap.m.SearchField","properties":{"placeholder":"Search"},"searchOpenDialogs":true,"interaction":{"idSuffix":"I"}},"clearTextFirst":true,"interactionType":"ENTER_TEXT"}]}
COMMAND: POST /session/cdd305857320dd590ea5bbf59a31d46e/actions - {"actions":[{"id":"action94","type":"key","parameters":{},"actions":[{"type":"keyDown","value":""},{"type":"pause","duration":10},{"type":"keyUp","value":""}]}]}
RESULT: {"actions":[{"id":"action94","type":"key","parameters":{},"actions":[{"type":"keyDown","value":""},{"type":"pause","duration":10},{"type":"keyUp","value":""}]}]}
COMMAND: GET /session/cdd305857320dd590ea5bbf59a31d46e/screenshot - {}
RESULT: {}
COMMAND: POST /session/cdd305857320dd590ea5bbf59a31d46e/element - {"using":"xpath","value":"//td/div/span[contains(text(), \"BGL Vehicles\")]"}
RESULT: {"using":"xpath","value":"//td/div/span[contains(text(), \"BGL Vehicles\")]"}
COMMAND: POST /session/cdd305857320dd590ea5bbf59a31d46e/element/f.492DEA3F6A95B07ADA96E928C4F8A0EF.d.EBACF845CD8335ADAC928DA98FC5CA74.e.30569/click - {}
RESULT: {}
COMMAND: GET /session/cdd305857320dd590ea5bbf59a31d46e/screenshot - {}
RESULT: {}
COMMAND: POST /session/cdd305857320dd590ea5bbf59a31d46e/element - {"using":"xpath","value":"//bdi[contains(text(), \"OK\")]"}
RESULT: {"using":"xpath","value":"//bdi[contains(text(), \"OK\")]"}
COMMAND: POST /session/cdd305857320dd590ea5bbf59a31d46e/element/f.492DEA3F6A95B07ADA96E928C4F8A0EF.d.EBACF845CD8335ADAC928DA98FC5CA74.e.30570/click - {}
RESULT: {}
COMMAND: GET /session/cdd305857320dd590ea5bbf59a31d46e/screenshot - {}
RESULT: {}
COMMAND: POST /session/cdd305857320dd590ea5bbf59a31d46e/element - {"using":"xpath","value":"//label[contains(@class, 'sapMLabelRequired') and .//bdi[contains(text(), 'Planned Retirement')]]"}
RESULT: {"using":"xpath","value":"//label[contains(@class, 'sapMLabelRequired') and .//bdi[contains(text(), 'Planned Retirement')]]"}
COMMAND: POST /session/cdd305857320dd590ea5bbf59a31d46e/elements - {"using":"xpath","value":"//label[contains(@class, 'sapMLabelRequired') and .//bdi[contains(text(), 'Planned Retirement')]]"}
RESULT: {"using":"xpath","value":"//label[contains(@class, 'sapMLabelRequired') and .//bdi[contains(text(), 'Planned Retirement')]]"}
COMMAND: POST /session/cdd305857320dd590ea5bbf59a31d46e/element - {"using":"xpath","value":"//button[@data-kt=\"resourceUnitSaveButton\"]"}
RESULT: {"using":"xpath","value":"//button[@data-kt=\"resourceUnitSaveButton\"]"}
COMMAND: POST /session/cdd305857320dd590ea5bbf59a31d46e/element/f.492DEA3F6A95B07ADA96E928C4F8A0EF.d.EBACF845CD8335ADAC928DA98FC5CA74.e.30340/click - {}
RESULT: {}
COMMAND: GET /session/cdd305857320dd590ea5bbf59a31d46e/screenshot - {}
RESULT: {}
COMMAND: POST /session/cdd305857320dd590ea5bbf59a31d46e/element - {"using":"xpath","value":"//bdi[contains(text(), \"Close\")]"}
RESULT: {"using":"xpath","value":"//bdi[contains(text(), \"Close\")]"}
COMMAND: POST /session/cdd305857320dd590ea5bbf59a31d46e/element/f.492DEA3F6A95B07ADA96E928C4F8A0EF.d.EBACF845CD8335ADAC928DA98FC5CA74.e.30576/click - {}
RESULT: {}
COMMAND: GET /session/cdd305857320dd590ea5bbf59a31d46e/screenshot - {}
RESULT: {}
COMMAND: POST /session/cdd305857320dd590ea5bbf59a31d46e/element - {"using":"xpath","value":"//header[contains(@id, 'detailRruPage-headerTitle')]/div[1]/div[2]/div[2]/span[1]"}
RESULT: {"using":"xpath","value":"//header[contains(@id, 'detailRruPage-headerTitle')]/div[1]/div[2]/div[2]/span[1]"}
COMMAND: POST /session/cdd305857320dd590ea5bbf59a31d46e/elements - {"using":"xpath","value":"//header[contains(@id, 'detailRruPage-headerTitle')]/div[1]/div[2]/div[2]/span[1]"}
RESULT: {"using":"xpath","value":"//header[contains(@id, 'detailRruPage-headerTitle')]/div[1]/div[2]/div[2]/span[1]"}
COMMAND: POST /session/cdd305857320dd590ea5bbf59a31d46e/execute/sync - {"script":"<script> [56 bytes]","args":[{"element-6066-11e4-a52e-4f735466cecf":"f.492DEA3F6A95B07ADA96E928C4F8A0EF.d.EBACF845CD8335ADAC928DA98FC5CA74.e.30608","ELEMENT":"f.492DEA3F6A95B07ADA96E928C4F8A0EF.d.EBACF845CD8335ADAC928DA98FC5CA74.e.30608"}]}
RESULT: {"script":"<script> [56 bytes]","args":[{"element-6066-11e4-a52e-4f735466cecf":"f.492DEA3F6A95B07ADA96E928C4F8A0EF.d.EBACF845CD8335ADAC928DA98FC5CA74.e.30608","ELEMENT":"f.492DEA3F6A95B07ADA96E928C4F8A0EF.d.EBACF845CD8335ADAC928DA98FC5CA74.e.30608"}]}
COMMAND: POST /session/cdd305857320dd590ea5bbf59a31d46e/element - {"using":"css selector","value":"#shell-header-logo"}
COMMAND: GET /session/cdd305857320dd590ea5bbf59a31d46e/screenshot - {}
RESULT: {"using":"css selector","value":"#shell-header-logo"}
COMMAND: POST /session/cdd305857320dd590ea5bbf59a31d46e/element/f.492DEA3F6A95B07ADA96E928C4F8A0EF.d.EBACF845CD8335ADAC928DA98FC5CA74.e.29935/click - {}
RESULT: {}
RESULT: {}
COMMAND: GET /session/cdd305857320dd590ea5bbf59a31d46e/screenshot - {}
RESULT: {}
]]></system-out>
    </testcase>
    <testcase classname="chrome.136_0_7103_93.windows.Transfer_Yard_to_Yard_US131076" name="Should do a stock increase handover for equipment" time="91.507">
      <system-out><![CDATA[
COMMAND: POST /session/cdd305857320dd590ea5bbf59a31d46e/execute/async - {"script":"<script> [1562 bytes]","args":[{"selector":{"controlType":"sap.m.GenericTile","properties":{"header":"Manage Handovers"}},"wdio_ui5_key":"sapm.GenericTile{\"header\":\"Manage Handovers\"}"}]}
RESULT: {"script":"<script> [1562 bytes]","args":[{"selector":{"controlType":"sap.m.GenericTile","properties":{"header":"Manage Handovers"}},"wdio_ui5_key":"sapm.GenericTile{\"header\":\"Manage Handovers\"}"}]}
RESULT: undefined
COMMAND: POST /session/cdd305857320dd590ea5bbf59a31d46e/element - {"using":"xpath","value":"//*[@id=\"__tile131\"]"}
RESULT: {"using":"xpath","value":"//*[@id=\"__tile131\"]"}
COMMAND: POST /session/cdd305857320dd590ea5bbf59a31d46e/element/f.492DEA3F6A95B07ADA96E928C4F8A0EF.d.EBACF845CD8335ADAC928DA98FC5CA74.e.28383/click - {}
RESULT: {}
COMMAND: GET /session/cdd305857320dd590ea5bbf59a31d46e/screenshot - {}
COMMAND: POST /session/cdd305857320dd590ea5bbf59a31d46e/elements - {"using":"xpath","value":"//span[text()='Error']"}
RESULT: {}
RESULT: {"using":"xpath","value":"//span[text()='Error']"}
COMMAND: POST /session/cdd305857320dd590ea5bbf59a31d46e/element - {"using":"xpath","value":"//button[@data-kt=\"masterHOAddButton\"]"}
RESULT: {"using":"xpath","value":"//button[@data-kt=\"masterHOAddButton\"]"}
COMMAND: POST /session/cdd305857320dd590ea5bbf59a31d46e/elements - {"using":"xpath","value":"//button[@data-kt=\"masterHOAddButton\"]"}
RESULT: {"using":"xpath","value":"//button[@data-kt=\"masterHOAddButton\"]"}
COMMAND: POST /session/cdd305857320dd590ea5bbf59a31d46e/execute/sync - {"script":"<script> [8489 bytes]","args":[{"element-6066-11e4-a52e-4f735466cecf":"f.492DEA3F6A95B07ADA96E928C4F8A0EF.d.EBACF845CD8335ADAC928DA98FC5CA74.e.30645","ELEMENT":"f.492DEA3F6A95B07ADA96E928C4F8A0EF.d.EBACF845CD8335ADAC928DA98FC5CA74.e.30645"}]}
RESULT: {"script":"<script> [8489 bytes]","args":[{"element-6066-11e4-a52e-4f735466cecf":"f.492DEA3F6A95B07ADA96E928C4F8A0EF.d.EBACF845CD8335ADAC928DA98FC5CA74.e.30645","ELEMENT":"f.492DEA3F6A95B07ADA96E928C4F8A0EF.d.EBACF845CD8335ADAC928DA98FC5CA74.e.30645"}]}
COMMAND: GET /session/cdd305857320dd590ea5bbf59a31d46e/element/f.492DEA3F6A95B07ADA96E928C4F8A0EF.d.EBACF845CD8335ADAC928DA98FC5CA74.e.30645/enabled - {}
RESULT: {}
COMMAND: POST /session/cdd305857320dd590ea5bbf59a31d46e/execute/sync - {"script":"<script> [8489 bytes]","args":[{"element-6066-11e4-a52e-4f735466cecf":"f.492DEA3F6A95B07ADA96E928C4F8A0EF.d.EBACF845CD8335ADAC928DA98FC5CA74.e.30645","ELEMENT":"f.492DEA3F6A95B07ADA96E928C4F8A0EF.d.EBACF845CD8335ADAC928DA98FC5CA74.e.30645"}]}
RESULT: {"script":"<script> [8489 bytes]","args":[{"element-6066-11e4-a52e-4f735466cecf":"f.492DEA3F6A95B07ADA96E928C4F8A0EF.d.EBACF845CD8335ADAC928DA98FC5CA74.e.30645","ELEMENT":"f.492DEA3F6A95B07ADA96E928C4F8A0EF.d.EBACF845CD8335ADAC928DA98FC5CA74.e.30645"}]}
COMMAND: POST /session/cdd305857320dd590ea5bbf59a31d46e/execute/sync - {"script":"<script> [5351 bytes]","args":[{"element-6066-11e4-a52e-4f735466cecf":"f.492DEA3F6A95B07ADA96E928C4F8A0EF.d.EBACF845CD8335ADAC928DA98FC5CA74.e.30645","ELEMENT":"f.492DEA3F6A95B07ADA96E928C4F8A0EF.d.EBACF845CD8335ADAC928DA98FC5CA74.e.30645"}]}
RESULT: {"script":"<script> [5351 bytes]","args":[{"element-6066-11e4-a52e-4f735466cecf":"f.492DEA3F6A95B07ADA96E928C4F8A0EF.d.EBACF845CD8335ADAC928DA98FC5CA74.e.30645","ELEMENT":"f.492DEA3F6A95B07ADA96E928C4F8A0EF.d.EBACF845CD8335ADAC928DA98FC5CA74.e.30645"}]}
COMMAND: POST /session/cdd305857320dd590ea5bbf59a31d46e/element/f.492DEA3F6A95B07ADA96E928C4F8A0EF.d.EBACF845CD8335ADAC928DA98FC5CA74.e.30645/click - {}
RESULT: {}
COMMAND: GET /session/cdd305857320dd590ea5bbf59a31d46e/screenshot - {}
COMMAND: GET /session/cdd305857320dd590ea5bbf59a31d46e/screenshot - {}
COMMAND: GET /session/cdd305857320dd590ea5bbf59a31d46e/screenshot - {}
COMMAND: GET /session/cdd305857320dd590ea5bbf59a31d46e/screenshot - {}
COMMAND: GET /session/cdd305857320dd590ea5bbf59a31d46e/screenshot - {}
COMMAND: POST /session/cdd305857320dd590ea5bbf59a31d46e/element - {"using":"xpath","value":"//span[contains(@id ,\"AddNewHO--typeSelect-arrow\")]"}
RESULT: {}
RESULT: {}
RESULT: {}
RESULT: {}
RESULT: {}
RESULT: {"using":"xpath","value":"//span[contains(@id ,\"AddNewHO--typeSelect-arrow\")]"}
COMMAND: POST /session/cdd305857320dd590ea5bbf59a31d46e/element/f.492DEA3F6A95B07ADA96E928C4F8A0EF.d.EBACF845CD8335ADAC928DA98FC5CA74.e.30916/click - {}
RESULT: {}
COMMAND: GET /session/cdd305857320dd590ea5bbf59a31d46e/screenshot - {}
RESULT: {}
COMMAND: POST /session/cdd305857320dd590ea5bbf59a31d46e/element - {"using":"xpath","value":"(//li[contains(text(), \"stock increase yard\")])[1]"}
RESULT: {"using":"xpath","value":"(//li[contains(text(), \"stock increase yard\")])[1]"}
COMMAND: POST /session/cdd305857320dd590ea5bbf59a31d46e/element/f.492DEA3F6A95B07ADA96E928C4F8A0EF.d.EBACF845CD8335ADAC928DA98FC5CA74.e.30917/click - {}
RESULT: {}
COMMAND: GET /session/cdd305857320dd590ea5bbf59a31d46e/screenshot - {}
RESULT: {}
COMMAND: POST /session/cdd305857320dd590ea5bbf59a31d46e/execute/async - {"script":"<script> [1562 bytes]","args":[{"selector":{"id":"application-managehandovers-display-component---AddNewHO--dueDate","interaction":{"idSuffix":"inner"}},"wdio_ui5_key":"applicationmanagehandovers-display-component---AddNewHO--dueDate"}]}
RESULT: {"script":"<script> [1562 bytes]","args":[{"selector":{"id":"application-managehandovers-display-component---AddNewHO--dueDate","interaction":{"idSuffix":"inner"}},"wdio_ui5_key":"applicationmanagehandovers-display-component---AddNewHO--dueDate"}]}
RESULT: undefined
COMMAND: POST /session/cdd305857320dd590ea5bbf59a31d46e/execute/async - {"script":"<script> [6424 bytes]","args":[{"element-6066-11e4-a52e-4f735466cecf":"f.492DEA3F6A95B07ADA96E928C4F8A0EF.d.EBACF845CD8335ADAC928DA98FC5CA74.e.30921"},"setValue",["5/27/25"]]}
RESULT: {"script":"<script> [6424 bytes]","args":[{"element-6066-11e4-a52e-4f735466cecf":"f.492DEA3F6A95B07ADA96E928C4F8A0EF.d.EBACF845CD8335ADAC928DA98FC5CA74.e.30921"},"setValue",["5/27/25"]]}
COMMAND: POST /session/cdd305857320dd590ea5bbf59a31d46e/element - {"using":"xpath","value":"//input[@id=\"generalSectionFrg--receiveYard-inner\"]"}
RESULT: {"using":"xpath","value":"//input[@id=\"generalSectionFrg--receiveYard-inner\"]"}
COMMAND: POST /session/cdd305857320dd590ea5bbf59a31d46e/element/f.492DEA3F6A95B07ADA96E928C4F8A0EF.d.EBACF845CD8335ADAC928DA98FC5CA74.e.30927/clear - {}
RESULT: {}
COMMAND: POST /session/cdd305857320dd590ea5bbf59a31d46e/element/f.492DEA3F6A95B07ADA96E928C4F8A0EF.d.EBACF845CD8335ADAC928DA98FC5CA74.e.30927/value - {"text":"393"}
COMMAND: GET /session/cdd305857320dd590ea5bbf59a31d46e/screenshot - {}
RESULT: {"text":"393"}
COMMAND: GET /session/cdd305857320dd590ea5bbf59a31d46e/screenshot - {}
RESULT: {}
RESULT: {}
COMMAND: POST /session/cdd305857320dd590ea5bbf59a31d46e/element - {"using":"xpath","value":"//li[.//span[text()='393']]"}
RESULT: {"using":"xpath","value":"//li[.//span[text()='393']]"}
COMMAND: POST /session/cdd305857320dd590ea5bbf59a31d46e/element/f.492DEA3F6A95B07ADA96E928C4F8A0EF.d.EBACF845CD8335ADAC928DA98FC5CA74.e.30941/click - {}
RESULT: {}
COMMAND: GET /session/cdd305857320dd590ea5bbf59a31d46e/screenshot - {}
RESULT: {}
COMMAND: POST /session/cdd305857320dd590ea5bbf59a31d46e/execute/async - {"script":"<script> [1562 bytes]","args":[{"selector":{"id":"application-managehandovers-display-component---AddNewHO--ObjectPageLayout-anchBar-application-managehandovers-display-component---AddNewHO--section4-anchor","interaction":{"idSuffix":"BDI-content"}},"wdio_ui5_key":"applicationmanagehandovers-display-component---AddNewHO--ObjectPageLayout-anchBar-application-managehandovers-display-component---AddNewHO--section4-anchor"}]}
RESULT: {"script":"<script> [1562 bytes]","args":[{"selector":{"id":"application-managehandovers-display-component---AddNewHO--ObjectPageLayout-anchBar-application-managehandovers-display-component---AddNewHO--section4-anchor","interaction":{"idSuffix":"BDI-content"}},"wdio_ui5_key":"applicationmanagehandovers-display-component---AddNewHO--ObjectPageLayout-anchBar-application-managehandovers-display-component---AddNewHO--section4-anchor"}]}
RESULT: undefined
COMMAND: POST /session/cdd305857320dd590ea5bbf59a31d46e/element - {"using":"xpath","value":"//*[@id=\"application-managehandovers-display-component---AddNewHO--ObjectPageLayout-anchBar-application-managehandovers-display-component---AddNewHO--section4-anchor\"]"}
RESULT: {"using":"xpath","value":"//*[@id=\"application-managehandovers-display-component---AddNewHO--ObjectPageLayout-anchBar-application-managehandovers-display-component---AddNewHO--section4-anchor\"]"}
COMMAND: POST /session/cdd305857320dd590ea5bbf59a31d46e/element/f.492DEA3F6A95B07ADA96E928C4F8A0EF.d.EBACF845CD8335ADAC928DA98FC5CA74.e.30943/click - {}
RESULT: {}
COMMAND: POST /session/cdd305857320dd590ea5bbf59a31d46e/element - {"using":"xpath","value":"//button[@aria-label=\"Add\"]"}
COMMAND: GET /session/cdd305857320dd590ea5bbf59a31d46e/screenshot - {}
RESULT: {"using":"xpath","value":"//button[@aria-label=\"Add\"]"}
COMMAND: POST /session/cdd305857320dd590ea5bbf59a31d46e/element/f.492DEA3F6A95B07ADA96E928C4F8A0EF.d.EBACF845CD8335ADAC928DA98FC5CA74.e.30945/click - {}
RESULT: {}
RESULT: {}
COMMAND: GET /session/cdd305857320dd590ea5bbf59a31d46e/screenshot - {}
RESULT: {}
COMMAND: POST /session/cdd305857320dd590ea5bbf59a31d46e/execute/async - {"script":"<script> [1562 bytes]","args":[{"selector":{"id":"application-managehandovers-display-component---AddNewHO--smartFilterBar-btnBasicSearch","searchOpenDialogs":true,"interaction":{"idSuffix":"I"}},"wdio_ui5_key":"applicationmanagehandovers-display-component---AddNewHO--smartFilterBar-btnBasicSearch"}]}
RESULT: {"script":"<script> [1562 bytes]","args":[{"selector":{"id":"application-managehandovers-display-component---AddNewHO--smartFilterBar-btnBasicSearch","searchOpenDialogs":true,"interaction":{"idSuffix":"I"}},"wdio_ui5_key":"applicationmanagehandovers-display-component---AddNewHO--smartFilterBar-btnBasicSearch"}]}
RESULT: undefined
COMMAND: POST /session/cdd305857320dd590ea5bbf59a31d46e/execute/async - {"script":"<script> [776 bytes]","args":[{"enterText":"08khSCvOvB","selector":{"id":"application-managehandovers-display-component---AddNewHO--smartFilterBar-btnBasicSearch","searchOpenDialogs":true,"interaction":{"idSuffix":"I"}},"clearTextFirst":true,"interactionType":"ENTER_TEXT"}]}
RESULT: {"script":"<script> [776 bytes]","args":[{"enterText":"08khSCvOvB","selector":{"id":"application-managehandovers-display-component---AddNewHO--smartFilterBar-btnBasicSearch","searchOpenDialogs":true,"interaction":{"idSuffix":"I"}},"clearTextFirst":true,"interactionType":"ENTER_TEXT"}]}
COMMAND: POST /session/cdd305857320dd590ea5bbf59a31d46e/actions - {"actions":[{"id":"action95","type":"key","parameters":{},"actions":[{"type":"keyDown","value":""},{"type":"pause","duration":10},{"type":"keyUp","value":""}]}]}
RESULT: {"actions":[{"id":"action95","type":"key","parameters":{},"actions":[{"type":"keyDown","value":""},{"type":"pause","duration":10},{"type":"keyUp","value":""}]}]}
COMMAND: GET /session/cdd305857320dd590ea5bbf59a31d46e/screenshot - {}
RESULT: {}
COMMAND: POST /session/cdd305857320dd590ea5bbf59a31d46e/execute/async - {"script":"<script> [1562 bytes]","args":[{"selector":{"id":"application-managehandovers-display-component---AddNewHO--popup-sa","searchOpenDialogs":true,"interaction":{"idSuffix":"CbBg"}},"wdio_ui5_key":"applicationmanagehandovers-display-component---AddNewHO--popup-sa"}]}
RESULT: {"script":"<script> [1562 bytes]","args":[{"selector":{"id":"application-managehandovers-display-component---AddNewHO--popup-sa","searchOpenDialogs":true,"interaction":{"idSuffix":"CbBg"}},"wdio_ui5_key":"applicationmanagehandovers-display-component---AddNewHO--popup-sa"}]}
RESULT: undefined
COMMAND: POST /session/cdd305857320dd590ea5bbf59a31d46e/element - {"using":"xpath","value":"//*[@id=\"application-managehandovers-display-component---AddNewHO--popup-sa\"]"}
RESULT: {"using":"xpath","value":"//*[@id=\"application-managehandovers-display-component---AddNewHO--popup-sa\"]"}
COMMAND: POST /session/cdd305857320dd590ea5bbf59a31d46e/element/f.492DEA3F6A95B07ADA96E928C4F8A0EF.d.EBACF845CD8335ADAC928DA98FC5CA74.e.31100/click - {}
RESULT: {}
COMMAND: GET /session/cdd305857320dd590ea5bbf59a31d46e/screenshot - {}
RESULT: {}
COMMAND: POST /session/cdd305857320dd590ea5bbf59a31d46e/element - {"using":"xpath","value":"//bdi[contains(text(), \"Select\")]"}
RESULT: {"using":"xpath","value":"//bdi[contains(text(), \"Select\")]"}
COMMAND: POST /session/cdd305857320dd590ea5bbf59a31d46e/element/f.492DEA3F6A95B07ADA96E928C4F8A0EF.d.EBACF845CD8335ADAC928DA98FC5CA74.e.31101/click - {}
RESULT: {}
COMMAND: GET /session/cdd305857320dd590ea5bbf59a31d46e/screenshot - {}
RESULT: {}
COMMAND: POST /session/cdd305857320dd590ea5bbf59a31d46e/element - {"using":"xpath","value":"//button[@data-kt=\"AddNewHOSaveButton\"]"}
RESULT: {"using":"xpath","value":"//button[@data-kt=\"AddNewHOSaveButton\"]"}
COMMAND: POST /session/cdd305857320dd590ea5bbf59a31d46e/element/f.492DEA3F6A95B07ADA96E928C4F8A0EF.d.EBACF845CD8335ADAC928DA98FC5CA74.e.31105/click - {}
RESULT: {}
COMMAND: GET /session/cdd305857320dd590ea5bbf59a31d46e/screenshot - {}
RESULT: {}
COMMAND: POST /session/cdd305857320dd590ea5bbf59a31d46e/execute/async - {"script":"<script> [1562 bytes]","args":[{"selector":{"id":"receiptDatePicker","viewName":"etm.portal.ui.managehandovers.view.DetailExecuteHO","interaction":{"idSuffix":"inner"}},"wdio_ui5_key":"receiptDatePickeretmportal.ui.managehandovers.view.DetailExecuteHO"}]}
RESULT: {"script":"<script> [1562 bytes]","args":[{"selector":{"id":"receiptDatePicker","viewName":"etm.portal.ui.managehandovers.view.DetailExecuteHO","interaction":{"idSuffix":"inner"}},"wdio_ui5_key":"receiptDatePickeretmportal.ui.managehandovers.view.DetailExecuteHO"}]}
RESULT: undefined
COMMAND: POST /session/cdd305857320dd590ea5bbf59a31d46e/execute/async - {"script":"<script> [6424 bytes]","args":[{"element-6066-11e4-a52e-4f735466cecf":"f.492DEA3F6A95B07ADA96E928C4F8A0EF.d.EBACF845CD8335ADAC928DA98FC5CA74.e.31135"},"setValue",["5/27/25"]]}
RESULT: {"script":"<script> [6424 bytes]","args":[{"element-6066-11e4-a52e-4f735466cecf":"f.492DEA3F6A95B07ADA96E928C4F8A0EF.d.EBACF845CD8335ADAC928DA98FC5CA74.e.31135"},"setValue",["5/27/25"]]}
COMMAND: POST /session/cdd305857320dd590ea5bbf59a31d46e/element - {"using":"xpath","value":"//button[@data-kt=\"ReceivingTableConfirmAllButton\"]"}
RESULT: {"using":"xpath","value":"//button[@data-kt=\"ReceivingTableConfirmAllButton\"]"}
COMMAND: POST /session/cdd305857320dd590ea5bbf59a31d46e/element/f.492DEA3F6A95B07ADA96E928C4F8A0EF.d.EBACF845CD8335ADAC928DA98FC5CA74.e.31151/click - {}
RESULT: {}
COMMAND: GET /session/cdd305857320dd590ea5bbf59a31d46e/screenshot - {}
RESULT: {}
COMMAND: POST /session/cdd305857320dd590ea5bbf59a31d46e/element - {"using":"xpath","value":"//bdi[contains(text(), \"OK\")]"}
RESULT: {"using":"xpath","value":"//bdi[contains(text(), \"OK\")]"}
COMMAND: POST /session/cdd305857320dd590ea5bbf59a31d46e/element/f.492DEA3F6A95B07ADA96E928C4F8A0EF.d.EBACF845CD8335ADAC928DA98FC5CA74.e.31153/click - {}
RESULT: {}
COMMAND: GET /session/cdd305857320dd590ea5bbf59a31d46e/screenshot - {}
RESULT: {}
COMMAND: POST /session/cdd305857320dd590ea5bbf59a31d46e/element - {"using":"xpath","value":"(//bdi[contains(text(), \"Receive\")])[2]"}
RESULT: {"using":"xpath","value":"(//bdi[contains(text(), \"Receive\")])[2]"}
COMMAND: POST /session/cdd305857320dd590ea5bbf59a31d46e/element/f.492DEA3F6A95B07ADA96E928C4F8A0EF.d.EBACF845CD8335ADAC928DA98FC5CA74.e.31155/click - {}
RESULT: {}
COMMAND: GET /session/cdd305857320dd590ea5bbf59a31d46e/screenshot - {}
RESULT: {}
COMMAND: POST /session/cdd305857320dd590ea5bbf59a31d46e/element - {"using":"css selector","value":"#shell-header-logo"}
RESULT: {"using":"css selector","value":"#shell-header-logo"}
COMMAND: POST /session/cdd305857320dd590ea5bbf59a31d46e/element/f.492DEA3F6A95B07ADA96E928C4F8A0EF.d.EBACF845CD8335ADAC928DA98FC5CA74.e.30612/click - {}
RESULT: {}
COMMAND: GET /session/cdd305857320dd590ea5bbf59a31d46e/screenshot - {}
RESULT: {}
]]></system-out>
    </testcase>
    <testcase classname="chrome.136_0_7103_93.windows.Transfer_Yard_to_Yard_US131076" name="Should do a stock increase handover for equipment multipart" time="88.696">
      <system-out><![CDATA[
RESULT: undefined
COMMAND: POST /session/cdd305857320dd590ea5bbf59a31d46e/element - {"using":"xpath","value":"//*[@id=\"__tile131\"]"}
RESULT: {"using":"xpath","value":"//*[@id=\"__tile131\"]"}
COMMAND: POST /session/cdd305857320dd590ea5bbf59a31d46e/element/f.492DEA3F6A95B07ADA96E928C4F8A0EF.d.EBACF845CD8335ADAC928DA98FC5CA74.e.28383/click - {}
RESULT: {}
COMMAND: GET /session/cdd305857320dd590ea5bbf59a31d46e/screenshot - {}
RESULT: {}
COMMAND: POST /session/cdd305857320dd590ea5bbf59a31d46e/elements - {"using":"xpath","value":"//span[text()='Error']"}
RESULT: {"using":"xpath","value":"//span[text()='Error']"}
COMMAND: POST /session/cdd305857320dd590ea5bbf59a31d46e/element - {"using":"xpath","value":"//button[@data-kt=\"masterHOAddButton\"]"}
RESULT: {"using":"xpath","value":"//button[@data-kt=\"masterHOAddButton\"]"}
COMMAND: POST /session/cdd305857320dd590ea5bbf59a31d46e/elements - {"using":"xpath","value":"//button[@data-kt=\"masterHOAddButton\"]"}
RESULT: {"using":"xpath","value":"//button[@data-kt=\"masterHOAddButton\"]"}
COMMAND: POST /session/cdd305857320dd590ea5bbf59a31d46e/execute/sync - {"script":"<script> [8489 bytes]","args":[{"element-6066-11e4-a52e-4f735466cecf":"f.492DEA3F6A95B07ADA96E928C4F8A0EF.d.EBACF845CD8335ADAC928DA98FC5CA74.e.31380","ELEMENT":"f.492DEA3F6A95B07ADA96E928C4F8A0EF.d.EBACF845CD8335ADAC928DA98FC5CA74.e.31380"}]}
RESULT: {"script":"<script> [8489 bytes]","args":[{"element-6066-11e4-a52e-4f735466cecf":"f.492DEA3F6A95B07ADA96E928C4F8A0EF.d.EBACF845CD8335ADAC928DA98FC5CA74.e.31380","ELEMENT":"f.492DEA3F6A95B07ADA96E928C4F8A0EF.d.EBACF845CD8335ADAC928DA98FC5CA74.e.31380"}]}
COMMAND: GET /session/cdd305857320dd590ea5bbf59a31d46e/element/f.492DEA3F6A95B07ADA96E928C4F8A0EF.d.EBACF845CD8335ADAC928DA98FC5CA74.e.31380/enabled - {}
COMMAND: GET /session/cdd305857320dd590ea5bbf59a31d46e/screenshot - {}
RESULT: {}
COMMAND: POST /session/cdd305857320dd590ea5bbf59a31d46e/execute/sync - {"script":"<script> [8489 bytes]","args":[{"element-6066-11e4-a52e-4f735466cecf":"f.492DEA3F6A95B07ADA96E928C4F8A0EF.d.EBACF845CD8335ADAC928DA98FC5CA74.e.31380","ELEMENT":"f.492DEA3F6A95B07ADA96E928C4F8A0EF.d.EBACF845CD8335ADAC928DA98FC5CA74.e.31380"}]}
COMMAND: GET /session/cdd305857320dd590ea5bbf59a31d46e/screenshot - {}
RESULT: {}
RESULT: {"script":"<script> [8489 bytes]","args":[{"element-6066-11e4-a52e-4f735466cecf":"f.492DEA3F6A95B07ADA96E928C4F8A0EF.d.EBACF845CD8335ADAC928DA98FC5CA74.e.31380","ELEMENT":"f.492DEA3F6A95B07ADA96E928C4F8A0EF.d.EBACF845CD8335ADAC928DA98FC5CA74.e.31380"}]}
COMMAND: POST /session/cdd305857320dd590ea5bbf59a31d46e/execute/sync - {"script":"<script> [5351 bytes]","args":[{"element-6066-11e4-a52e-4f735466cecf":"f.492DEA3F6A95B07ADA96E928C4F8A0EF.d.EBACF845CD8335ADAC928DA98FC5CA74.e.31380","ELEMENT":"f.492DEA3F6A95B07ADA96E928C4F8A0EF.d.EBACF845CD8335ADAC928DA98FC5CA74.e.31380"}]}
COMMAND: GET /session/cdd305857320dd590ea5bbf59a31d46e/screenshot - {}
RESULT: {}
RESULT: {"script":"<script> [5351 bytes]","args":[{"element-6066-11e4-a52e-4f735466cecf":"f.492DEA3F6A95B07ADA96E928C4F8A0EF.d.EBACF845CD8335ADAC928DA98FC5CA74.e.31380","ELEMENT":"f.492DEA3F6A95B07ADA96E928C4F8A0EF.d.EBACF845CD8335ADAC928DA98FC5CA74.e.31380"}]}
COMMAND: POST /session/cdd305857320dd590ea5bbf59a31d46e/element/f.492DEA3F6A95B07ADA96E928C4F8A0EF.d.EBACF845CD8335ADAC928DA98FC5CA74.e.31380/click - {}
COMMAND: GET /session/cdd305857320dd590ea5bbf59a31d46e/screenshot - {}
RESULT: {}
RESULT: {}
COMMAND: GET /session/cdd305857320dd590ea5bbf59a31d46e/screenshot - {}
RESULT: {}
RESULT: {}
COMMAND: POST /session/cdd305857320dd590ea5bbf59a31d46e/element - {"using":"xpath","value":"//span[contains(@id ,\"AddNewHO--typeSelect-arrow\")]"}
RESULT: {"using":"xpath","value":"//span[contains(@id ,\"AddNewHO--typeSelect-arrow\")]"}
COMMAND: POST /session/cdd305857320dd590ea5bbf59a31d46e/element/f.492DEA3F6A95B07ADA96E928C4F8A0EF.d.EBACF845CD8335ADAC928DA98FC5CA74.e.31797/click - {}
RESULT: {}
COMMAND: GET /session/cdd305857320dd590ea5bbf59a31d46e/screenshot - {}
RESULT: {}
COMMAND: POST /session/cdd305857320dd590ea5bbf59a31d46e/element - {"using":"xpath","value":"(//li[contains(text(), \"stock increase yard\")])[1]"}
RESULT: {"using":"xpath","value":"(//li[contains(text(), \"stock increase yard\")])[1]"}
COMMAND: POST /session/cdd305857320dd590ea5bbf59a31d46e/element/f.492DEA3F6A95B07ADA96E928C4F8A0EF.d.EBACF845CD8335ADAC928DA98FC5CA74.e.31798/click - {}
RESULT: {}
COMMAND: GET /session/cdd305857320dd590ea5bbf59a31d46e/screenshot - {}
RESULT: {}
RESULT: undefined
COMMAND: POST /session/cdd305857320dd590ea5bbf59a31d46e/execute/async - {"script":"<script> [6424 bytes]","args":[{"element-6066-11e4-a52e-4f735466cecf":"f.492DEA3F6A95B07ADA96E928C4F8A0EF.d.EBACF845CD8335ADAC928DA98FC5CA74.e.30921"},"setValue",["5/27/25"]]}
COMMAND: POST /session/cdd305857320dd590ea5bbf59a31d46e/execute/async - {"script":"<script> [1562 bytes]","args":[{"selector":{"id":"application-managehandovers-display-component---AddNewHO--dueDate","interaction":{"idSuffix":"inner"}},"wdio_ui5_key":"applicationmanagehandovers-display-component---AddNewHO--dueDate"}]}
RESULT: {"script":"<script> [1562 bytes]","args":[{"selector":{"id":"application-managehandovers-display-component---AddNewHO--dueDate","interaction":{"idSuffix":"inner"}},"wdio_ui5_key":"applicationmanagehandovers-display-component---AddNewHO--dueDate"}]}
COMMAND: POST /session/cdd305857320dd590ea5bbf59a31d46e/execute/async - {"script":"<script> [6424 bytes]","args":[{"element-6066-11e4-a52e-4f735466cecf":"f.492DEA3F6A95B07ADA96E928C4F8A0EF.d.EBACF845CD8335ADAC928DA98FC5CA74.e.31802"},"setValue",["5/27/25"]]}
RESULT: {"script":"<script> [6424 bytes]","args":[{"element-6066-11e4-a52e-4f735466cecf":"f.492DEA3F6A95B07ADA96E928C4F8A0EF.d.EBACF845CD8335ADAC928DA98FC5CA74.e.31802"},"setValue",["5/27/25"]]}
COMMAND: POST /session/cdd305857320dd590ea5bbf59a31d46e/element - {"using":"xpath","value":"//input[@id=\"generalSectionFrg--receiveYard-inner\"]"}
RESULT: {"using":"xpath","value":"//input[@id=\"generalSectionFrg--receiveYard-inner\"]"}
COMMAND: POST /session/cdd305857320dd590ea5bbf59a31d46e/element/f.492DEA3F6A95B07ADA96E928C4F8A0EF.d.EBACF845CD8335ADAC928DA98FC5CA74.e.31808/clear - {}
RESULT: {}
COMMAND: POST /session/cdd305857320dd590ea5bbf59a31d46e/element/f.492DEA3F6A95B07ADA96E928C4F8A0EF.d.EBACF845CD8335ADAC928DA98FC5CA74.e.31808/value - {"text":"393"}
COMMAND: GET /session/cdd305857320dd590ea5bbf59a31d46e/screenshot - {}
RESULT: {"text":"393"}
COMMAND: GET /session/cdd305857320dd590ea5bbf59a31d46e/screenshot - {}
RESULT: {}
RESULT: {}
COMMAND: POST /session/cdd305857320dd590ea5bbf59a31d46e/element - {"using":"xpath","value":"//li[.//span[text()='393']]"}
RESULT: {"using":"xpath","value":"//li[.//span[text()='393']]"}
COMMAND: POST /session/cdd305857320dd590ea5bbf59a31d46e/element/f.492DEA3F6A95B07ADA96E928C4F8A0EF.d.EBACF845CD8335ADAC928DA98FC5CA74.e.31822/click - {}
RESULT: {}
COMMAND: GET /session/cdd305857320dd590ea5bbf59a31d46e/screenshot - {}
RESULT: {}
RESULT: undefined
COMMAND: POST /session/cdd305857320dd590ea5bbf59a31d46e/element - {"using":"xpath","value":"//*[@id=\"application-managehandovers-display-component---AddNewHO--ObjectPageLayout-anchBar-application-managehandovers-display-component---AddNewHO--section4-anchor\"]"}
RESULT: {"using":"xpath","value":"//*[@id=\"application-managehandovers-display-component---AddNewHO--ObjectPageLayout-anchBar-application-managehandovers-display-component---AddNewHO--section4-anchor\"]"}
COMMAND: POST /session/cdd305857320dd590ea5bbf59a31d46e/element/f.492DEA3F6A95B07ADA96E928C4F8A0EF.d.EBACF845CD8335ADAC928DA98FC5CA74.e.31823/click - {}
RESULT: {}
COMMAND: POST /session/cdd305857320dd590ea5bbf59a31d46e/element - {"using":"xpath","value":"//button[@aria-label=\"Add\"]"}
COMMAND: GET /session/cdd305857320dd590ea5bbf59a31d46e/screenshot - {}
RESULT: {"using":"xpath","value":"//button[@aria-label=\"Add\"]"}
COMMAND: POST /session/cdd305857320dd590ea5bbf59a31d46e/element/f.492DEA3F6A95B07ADA96E928C4F8A0EF.d.EBACF845CD8335ADAC928DA98FC5CA74.e.31825/click - {}
RESULT: {}
RESULT: {}
COMMAND: GET /session/cdd305857320dd590ea5bbf59a31d46e/screenshot - {}
RESULT: {}
RESULT: undefined
COMMAND: POST /session/cdd305857320dd590ea5bbf59a31d46e/execute/async - {"script":"<script> [776 bytes]","args":[{"enterText":"400024","selector":{"id":"application-managehandovers-display-component---AddNewHO--smartFilterBar-btnBasicSearch","searchOpenDialogs":true,"interaction":{"idSuffix":"I"}},"clearTextFirst":true,"interactionType":"ENTER_TEXT"}]}
RESULT: {"script":"<script> [776 bytes]","args":[{"enterText":"400024","selector":{"id":"application-managehandovers-display-component---AddNewHO--smartFilterBar-btnBasicSearch","searchOpenDialogs":true,"interaction":{"idSuffix":"I"}},"clearTextFirst":true,"interactionType":"ENTER_TEXT"}]}
COMMAND: POST /session/cdd305857320dd590ea5bbf59a31d46e/actions - {"actions":[{"id":"action96","type":"key","parameters":{},"actions":[{"type":"keyDown","value":""},{"type":"pause","duration":10},{"type":"keyUp","value":""}]}]}
RESULT: {"actions":[{"id":"action96","type":"key","parameters":{},"actions":[{"type":"keyDown","value":""},{"type":"pause","duration":10},{"type":"keyUp","value":""}]}]}
COMMAND: GET /session/cdd305857320dd590ea5bbf59a31d46e/screenshot - {}
RESULT: {}
RESULT: undefined
COMMAND: POST /session/cdd305857320dd590ea5bbf59a31d46e/element - {"using":"xpath","value":"//*[@id=\"application-managehandovers-display-component---AddNewHO--popup-sa\"]"}
RESULT: {"using":"xpath","value":"//*[@id=\"application-managehandovers-display-component---AddNewHO--popup-sa\"]"}
COMMAND: POST /session/cdd305857320dd590ea5bbf59a31d46e/element/f.492DEA3F6A95B07ADA96E928C4F8A0EF.d.EBACF845CD8335ADAC928DA98FC5CA74.e.31975/click - {}
RESULT: {}
COMMAND: GET /session/cdd305857320dd590ea5bbf59a31d46e/screenshot - {}
RESULT: {}
COMMAND: POST /session/cdd305857320dd590ea5bbf59a31d46e/element - {"using":"xpath","value":"//bdi[contains(text(), \"Select\")]"}
RESULT: {"using":"xpath","value":"//bdi[contains(text(), \"Select\")]"}
COMMAND: POST /session/cdd305857320dd590ea5bbf59a31d46e/element/f.492DEA3F6A95B07ADA96E928C4F8A0EF.d.EBACF845CD8335ADAC928DA98FC5CA74.e.31976/click - {}
RESULT: {}
COMMAND: GET /session/cdd305857320dd590ea5bbf59a31d46e/screenshot - {}
RESULT: {}
COMMAND: POST /session/cdd305857320dd590ea5bbf59a31d46e/element - {"using":"xpath","value":"//button[@data-kt=\"AddNewHOSaveButton\"]"}
RESULT: {"using":"xpath","value":"//button[@data-kt=\"AddNewHOSaveButton\"]"}
COMMAND: POST /session/cdd305857320dd590ea5bbf59a31d46e/element/f.492DEA3F6A95B07ADA96E928C4F8A0EF.d.EBACF845CD8335ADAC928DA98FC5CA74.e.31980/click - {}
RESULT: {}
COMMAND: GET /session/cdd305857320dd590ea5bbf59a31d46e/screenshot - {}
RESULT: {}
RESULT: undefined
COMMAND: POST /session/cdd305857320dd590ea5bbf59a31d46e/execute/async - {"script":"<script> [6424 bytes]","args":[{"element-6066-11e4-a52e-4f735466cecf":"f.492DEA3F6A95B07ADA96E928C4F8A0EF.d.EBACF845CD8335ADAC928DA98FC5CA74.e.31135"},"setValue",["5/27/25"]]}
COMMAND: POST /session/cdd305857320dd590ea5bbf59a31d46e/execute/async - {"script":"<script> [1562 bytes]","args":[{"selector":{"id":"receiptDatePicker","viewName":"etm.portal.ui.managehandovers.view.DetailExecuteHO","interaction":{"idSuffix":"inner"}},"wdio_ui5_key":"receiptDatePickeretmportal.ui.managehandovers.view.DetailExecuteHO"}]}
RESULT: {"script":"<script> [1562 bytes]","args":[{"selector":{"id":"receiptDatePicker","viewName":"etm.portal.ui.managehandovers.view.DetailExecuteHO","interaction":{"idSuffix":"inner"}},"wdio_ui5_key":"receiptDatePickeretmportal.ui.managehandovers.view.DetailExecuteHO"}]}
COMMAND: POST /session/cdd305857320dd590ea5bbf59a31d46e/execute/async - {"script":"<script> [6424 bytes]","args":[{"element-6066-11e4-a52e-4f735466cecf":"f.492DEA3F6A95B07ADA96E928C4F8A0EF.d.EBACF845CD8335ADAC928DA98FC5CA74.e.32012"},"setValue",["5/27/25"]]}
RESULT: {"script":"<script> [6424 bytes]","args":[{"element-6066-11e4-a52e-4f735466cecf":"f.492DEA3F6A95B07ADA96E928C4F8A0EF.d.EBACF845CD8335ADAC928DA98FC5CA74.e.32012"},"setValue",["5/27/25"]]}
COMMAND: POST /session/cdd305857320dd590ea5bbf59a31d46e/element - {"using":"xpath","value":"//button[@data-kt=\"ReceivingTableConfirmAllButton\"]"}
RESULT: {"using":"xpath","value":"//button[@data-kt=\"ReceivingTableConfirmAllButton\"]"}
COMMAND: POST /session/cdd305857320dd590ea5bbf59a31d46e/element/f.492DEA3F6A95B07ADA96E928C4F8A0EF.d.EBACF845CD8335ADAC928DA98FC5CA74.e.32026/click - {}
RESULT: {}
COMMAND: GET /session/cdd305857320dd590ea5bbf59a31d46e/screenshot - {}
RESULT: {}
COMMAND: POST /session/cdd305857320dd590ea5bbf59a31d46e/element - {"using":"xpath","value":"//bdi[contains(text(), \"OK\")]"}
RESULT: {"using":"xpath","value":"//bdi[contains(text(), \"OK\")]"}
COMMAND: POST /session/cdd305857320dd590ea5bbf59a31d46e/element/f.492DEA3F6A95B07ADA96E928C4F8A0EF.d.EBACF845CD8335ADAC928DA98FC5CA74.e.32028/click - {}
RESULT: {}
COMMAND: GET /session/cdd305857320dd590ea5bbf59a31d46e/screenshot - {}
RESULT: {}
COMMAND: POST /session/cdd305857320dd590ea5bbf59a31d46e/element - {"using":"xpath","value":"(//bdi[contains(text(), \"Receive\")])[2]"}
RESULT: {"using":"xpath","value":"(//bdi[contains(text(), \"Receive\")])[2]"}
COMMAND: POST /session/cdd305857320dd590ea5bbf59a31d46e/element/f.492DEA3F6A95B07ADA96E928C4F8A0EF.d.EBACF845CD8335ADAC928DA98FC5CA74.e.32030/click - {}
RESULT: {}
COMMAND: GET /session/cdd305857320dd590ea5bbf59a31d46e/screenshot - {}
RESULT: {}
COMMAND: POST /session/cdd305857320dd590ea5bbf59a31d46e/element - {"using":"css selector","value":"#shell-header-logo"}
RESULT: {"using":"css selector","value":"#shell-header-logo"}
COMMAND: POST /session/cdd305857320dd590ea5bbf59a31d46e/element/f.492DEA3F6A95B07ADA96E928C4F8A0EF.d.EBACF845CD8335ADAC928DA98FC5CA74.e.31330/click - {}
RESULT: {}
COMMAND: GET /session/cdd305857320dd590ea5bbf59a31d46e/screenshot - {}
RESULT: {}
]]></system-out>
    </testcase>
    <testcase classname="chrome.136_0_7103_93.windows.Transfer_Yard_to_Yard_US131076" name="Should create a yard to yard transfer handover MAY CRASH DUE TO LOGIC CHANGE NOT BUG CURRENTLY" time="132.251">
      <failure/>
      <error message="Handover issuing did not work"/>
      <system-out><![CDATA[
RESULT: undefined
COMMAND: POST /session/cdd305857320dd590ea5bbf59a31d46e/element - {"using":"xpath","value":"//*[@id=\"__tile131\"]"}
RESULT: {"using":"xpath","value":"//*[@id=\"__tile131\"]"}
COMMAND: POST /session/cdd305857320dd590ea5bbf59a31d46e/element/f.492DEA3F6A95B07ADA96E928C4F8A0EF.d.EBACF845CD8335ADAC928DA98FC5CA74.e.28383/click - {}
RESULT: {}
COMMAND: GET /session/cdd305857320dd590ea5bbf59a31d46e/screenshot - {}
RESULT: {}
COMMAND: POST /session/cdd305857320dd590ea5bbf59a31d46e/elements - {"using":"xpath","value":"//span[text()='Error']"}
RESULT: {"using":"xpath","value":"//span[text()='Error']"}
COMMAND: POST /session/cdd305857320dd590ea5bbf59a31d46e/element - {"using":"xpath","value":"//button[@data-kt=\"masterHOAddButton\"]"}
RESULT: {"using":"xpath","value":"//button[@data-kt=\"masterHOAddButton\"]"}
COMMAND: POST /session/cdd305857320dd590ea5bbf59a31d46e/elements - {"using":"xpath","value":"//button[@data-kt=\"masterHOAddButton\"]"}
RESULT: {"using":"xpath","value":"//button[@data-kt=\"masterHOAddButton\"]"}
COMMAND: POST /session/cdd305857320dd590ea5bbf59a31d46e/execute/sync - {"script":"<script> [8489 bytes]","args":[{"element-6066-11e4-a52e-4f735466cecf":"f.492DEA3F6A95B07ADA96E928C4F8A0EF.d.EBACF845CD8335ADAC928DA98FC5CA74.e.32244","ELEMENT":"f.492DEA3F6A95B07ADA96E928C4F8A0EF.d.EBACF845CD8335ADAC928DA98FC5CA74.e.32244"}]}
RESULT: {"script":"<script> [8489 bytes]","args":[{"element-6066-11e4-a52e-4f735466cecf":"f.492DEA3F6A95B07ADA96E928C4F8A0EF.d.EBACF845CD8335ADAC928DA98FC5CA74.e.32244","ELEMENT":"f.492DEA3F6A95B07ADA96E928C4F8A0EF.d.EBACF845CD8335ADAC928DA98FC5CA74.e.32244"}]}
COMMAND: GET /session/cdd305857320dd590ea5bbf59a31d46e/element/f.492DEA3F6A95B07ADA96E928C4F8A0EF.d.EBACF845CD8335ADAC928DA98FC5CA74.e.32244/enabled - {}
COMMAND: GET /session/cdd305857320dd590ea5bbf59a31d46e/screenshot - {}
RESULT: {}
COMMAND: POST /session/cdd305857320dd590ea5bbf59a31d46e/execute/sync - {"script":"<script> [8489 bytes]","args":[{"element-6066-11e4-a52e-4f735466cecf":"f.492DEA3F6A95B07ADA96E928C4F8A0EF.d.EBACF845CD8335ADAC928DA98FC5CA74.e.32244","ELEMENT":"f.492DEA3F6A95B07ADA96E928C4F8A0EF.d.EBACF845CD8335ADAC928DA98FC5CA74.e.32244"}]}
COMMAND: GET /session/cdd305857320dd590ea5bbf59a31d46e/screenshot - {}
RESULT: {}
RESULT: {"script":"<script> [8489 bytes]","args":[{"element-6066-11e4-a52e-4f735466cecf":"f.492DEA3F6A95B07ADA96E928C4F8A0EF.d.EBACF845CD8335ADAC928DA98FC5CA74.e.32244","ELEMENT":"f.492DEA3F6A95B07ADA96E928C4F8A0EF.d.EBACF845CD8335ADAC928DA98FC5CA74.e.32244"}]}
COMMAND: POST /session/cdd305857320dd590ea5bbf59a31d46e/execute/sync - {"script":"<script> [5351 bytes]","args":[{"element-6066-11e4-a52e-4f735466cecf":"f.492DEA3F6A95B07ADA96E928C4F8A0EF.d.EBACF845CD8335ADAC928DA98FC5CA74.e.32244","ELEMENT":"f.492DEA3F6A95B07ADA96E928C4F8A0EF.d.EBACF845CD8335ADAC928DA98FC5CA74.e.32244"}]}
COMMAND: GET /session/cdd305857320dd590ea5bbf59a31d46e/screenshot - {}
RESULT: {}
RESULT: {"script":"<script> [5351 bytes]","args":[{"element-6066-11e4-a52e-4f735466cecf":"f.492DEA3F6A95B07ADA96E928C4F8A0EF.d.EBACF845CD8335ADAC928DA98FC5CA74.e.32244","ELEMENT":"f.492DEA3F6A95B07ADA96E928C4F8A0EF.d.EBACF845CD8335ADAC928DA98FC5CA74.e.32244"}]}
COMMAND: POST /session/cdd305857320dd590ea5bbf59a31d46e/element/f.492DEA3F6A95B07ADA96E928C4F8A0EF.d.EBACF845CD8335ADAC928DA98FC5CA74.e.32244/click - {}
COMMAND: GET /session/cdd305857320dd590ea5bbf59a31d46e/screenshot - {}
RESULT: {}
RESULT: {}
COMMAND: GET /session/cdd305857320dd590ea5bbf59a31d46e/screenshot - {}
COMMAND: POST /session/cdd305857320dd590ea5bbf59a31d46e/element - {"using":"xpath","value":"//span[contains(@id ,\"AddNewHO--typeSelect-arrow\")]"}
RESULT: {}
RESULT: {}
RESULT: {"using":"xpath","value":"//span[contains(@id ,\"AddNewHO--typeSelect-arrow\")]"}
COMMAND: POST /session/cdd305857320dd590ea5bbf59a31d46e/element/f.492DEA3F6A95B07ADA96E928C4F8A0EF.d.EBACF845CD8335ADAC928DA98FC5CA74.e.32660/click - {}
RESULT: {}
COMMAND: GET /session/cdd305857320dd590ea5bbf59a31d46e/screenshot - {}
RESULT: {}
COMMAND: POST /session/cdd305857320dd590ea5bbf59a31d46e/element - {"using":"xpath","value":"(//li[contains(text(), \"transfer\")])[1]"}
RESULT: {"using":"xpath","value":"(//li[contains(text(), \"transfer\")])[1]"}
COMMAND: POST /session/cdd305857320dd590ea5bbf59a31d46e/element/f.492DEA3F6A95B07ADA96E928C4F8A0EF.d.EBACF845CD8335ADAC928DA98FC5CA74.e.32661/click - {}
RESULT: {}
COMMAND: GET /session/cdd305857320dd590ea5bbf59a31d46e/screenshot - {}
RESULT: {}
RESULT: undefined
COMMAND: POST /session/cdd305857320dd590ea5bbf59a31d46e/execute/async - {"script":"<script> [6424 bytes]","args":[{"element-6066-11e4-a52e-4f735466cecf":"f.492DEA3F6A95B07ADA96E928C4F8A0EF.d.EBACF845CD8335ADAC928DA98FC5CA74.e.30921"},"setValue",["05/27/25"]]}
COMMAND: POST /session/cdd305857320dd590ea5bbf59a31d46e/execute/async - {"script":"<script> [1562 bytes]","args":[{"selector":{"id":"application-managehandovers-display-component---AddNewHO--dueDate","interaction":{"idSuffix":"inner"}},"wdio_ui5_key":"applicationmanagehandovers-display-component---AddNewHO--dueDate"}]}
RESULT: {"script":"<script> [1562 bytes]","args":[{"selector":{"id":"application-managehandovers-display-component---AddNewHO--dueDate","interaction":{"idSuffix":"inner"}},"wdio_ui5_key":"applicationmanagehandovers-display-component---AddNewHO--dueDate"}]}
COMMAND: POST /session/cdd305857320dd590ea5bbf59a31d46e/execute/async - {"script":"<script> [6424 bytes]","args":[{"element-6066-11e4-a52e-4f735466cecf":"f.492DEA3F6A95B07ADA96E928C4F8A0EF.d.EBACF845CD8335ADAC928DA98FC5CA74.e.32663"},"setValue",["05/27/25"]]}
RESULT: {"script":"<script> [6424 bytes]","args":[{"element-6066-11e4-a52e-4f735466cecf":"f.492DEA3F6A95B07ADA96E928C4F8A0EF.d.EBACF845CD8335ADAC928DA98FC5CA74.e.32663"},"setValue",["05/27/25"]]}
COMMAND: POST /session/cdd305857320dd590ea5bbf59a31d46e/element - {"using":"xpath","value":"//input[@id=\"generalSectionFrg--sendYard-inner\"]"}
RESULT: {"using":"xpath","value":"//input[@id=\"generalSectionFrg--sendYard-inner\"]"}
COMMAND: POST /session/cdd305857320dd590ea5bbf59a31d46e/element/f.492DEA3F6A95B07ADA96E928C4F8A0EF.d.EBACF845CD8335ADAC928DA98FC5CA74.e.32669/clear - {}
RESULT: {}
COMMAND: POST /session/cdd305857320dd590ea5bbf59a31d46e/element/f.492DEA3F6A95B07ADA96E928C4F8A0EF.d.EBACF845CD8335ADAC928DA98FC5CA74.e.32669/value - {"text":"393"}
COMMAND: GET /session/cdd305857320dd590ea5bbf59a31d46e/screenshot - {}
RESULT: {"text":"393"}
COMMAND: GET /session/cdd305857320dd590ea5bbf59a31d46e/screenshot - {}
RESULT: {}
RESULT: {}
COMMAND: POST /session/cdd305857320dd590ea5bbf59a31d46e/element - {"using":"xpath","value":"//li[.//span[text()='393']]"}
RESULT: {"using":"xpath","value":"//li[.//span[text()='393']]"}
COMMAND: POST /session/cdd305857320dd590ea5bbf59a31d46e/element/f.492DEA3F6A95B07ADA96E928C4F8A0EF.d.EBACF845CD8335ADAC928DA98FC5CA74.e.32687/click - {}
RESULT: {}
COMMAND: GET /session/cdd305857320dd590ea5bbf59a31d46e/screenshot - {}
RESULT: {}
COMMAND: POST /session/cdd305857320dd590ea5bbf59a31d46e/element - {"using":"xpath","value":"//input[@id=\"generalSectionFrg--receiveYard-inner\"]"}
RESULT: {"using":"xpath","value":"//input[@id=\"generalSectionFrg--receiveYard-inner\"]"}
COMMAND: POST /session/cdd305857320dd590ea5bbf59a31d46e/element/f.492DEA3F6A95B07ADA96E928C4F8A0EF.d.EBACF845CD8335ADAC928DA98FC5CA74.e.32670/clear - {}
RESULT: {}
COMMAND: POST /session/cdd305857320dd590ea5bbf59a31d46e/element/f.492DEA3F6A95B07ADA96E928C4F8A0EF.d.EBACF845CD8335ADAC928DA98FC5CA74.e.32670/value - {"text":"399"}
COMMAND: GET /session/cdd305857320dd590ea5bbf59a31d46e/screenshot - {}
RESULT: {"text":"399"}
COMMAND: GET /session/cdd305857320dd590ea5bbf59a31d46e/screenshot - {}
RESULT: {}
RESULT: {}
COMMAND: POST /session/cdd305857320dd590ea5bbf59a31d46e/element - {"using":"xpath","value":"//li[.//span[text()='399']]"}
RESULT: {"using":"xpath","value":"//li[.//span[text()='399']]"}
COMMAND: POST /session/cdd305857320dd590ea5bbf59a31d46e/element/f.492DEA3F6A95B07ADA96E928C4F8A0EF.d.EBACF845CD8335ADAC928DA98FC5CA74.e.32689/click - {}
RESULT: {}
COMMAND: GET /session/cdd305857320dd590ea5bbf59a31d46e/screenshot - {}
RESULT: {}
RESULT: undefined
COMMAND: POST /session/cdd305857320dd590ea5bbf59a31d46e/element - {"using":"xpath","value":"//*[@id=\"application-managehandovers-display-component---AddNewHO--ObjectPageLayout-anchBar-application-managehandovers-display-component---AddNewHO--section4-anchor\"]"}
RESULT: {"using":"xpath","value":"//*[@id=\"application-managehandovers-display-component---AddNewHO--ObjectPageLayout-anchBar-application-managehandovers-display-component---AddNewHO--section4-anchor\"]"}
COMMAND: POST /session/cdd305857320dd590ea5bbf59a31d46e/element/f.492DEA3F6A95B07ADA96E928C4F8A0EF.d.EBACF845CD8335ADAC928DA98FC5CA74.e.32690/click - {}
RESULT: {}
COMMAND: GET /session/cdd305857320dd590ea5bbf59a31d46e/screenshot - {}
RESULT: {}
COMMAND: POST /session/cdd305857320dd590ea5bbf59a31d46e/element - {"using":"xpath","value":"//button[@data-kt=\"AddNewHOProvideAddItemsButton\"]"}
RESULT: {"using":"xpath","value":"//button[@data-kt=\"AddNewHOProvideAddItemsButton\"]"}
COMMAND: POST /session/cdd305857320dd590ea5bbf59a31d46e/element/f.492DEA3F6A95B07ADA96E928C4F8A0EF.d.EBACF845CD8335ADAC928DA98FC5CA74.e.32694/click - {}
RESULT: {}
COMMAND: GET /session/cdd305857320dd590ea5bbf59a31d46e/screenshot - {}
RESULT: {}
COMMAND: POST /session/cdd305857320dd590ea5bbf59a31d46e/element - {"using":"xpath","value":"//div[contains(@id,\"AddNewHO--TransferHOTypesRuDialogTable-sa-CbBg\")]"}
RESULT: {"using":"xpath","value":"//div[contains(@id,\"AddNewHO--TransferHOTypesRuDialogTable-sa-CbBg\")]"}
COMMAND: POST /session/cdd305857320dd590ea5bbf59a31d46e/element/f.492DEA3F6A95B07ADA96E928C4F8A0EF.d.EBACF845CD8335ADAC928DA98FC5CA74.e.32711/click - {}
RESULT: {}
COMMAND: GET /session/cdd305857320dd590ea5bbf59a31d46e/screenshot - {}
RESULT: {}
COMMAND: POST /session/cdd305857320dd590ea5bbf59a31d46e/element - {"using":"xpath","value":"//table[contains(@id,\"AddNewHO--TransferHOTypesRuDialogTable-listUl\")]/tbody/tr[1]/td[6]/div/div/input"}
RESULT: {"using":"xpath","value":"//table[contains(@id,\"AddNewHO--TransferHOTypesRuDialogTable-listUl\")]/tbody/tr[1]/td[6]/div/div/input"}
COMMAND: POST /session/cdd305857320dd590ea5bbf59a31d46e/elements - {"using":"xpath","value":"//table[contains(@id,\"AddNewHO--TransferHOTypesRuDialogTable-listUl\")]/tbody/tr[1]/td[6]/div/div/input"}
RESULT: {"using":"xpath","value":"//table[contains(@id,\"AddNewHO--TransferHOTypesRuDialogTable-listUl\")]/tbody/tr[1]/td[6]/div/div/input"}
COMMAND: GET /session/cdd305857320dd590ea5bbf59a31d46e/element/f.492DEA3F6A95B07ADA96E928C4F8A0EF.d.EBACF845CD8335ADAC928DA98FC5CA74.e.32703/attribute/readonly - {}
RESULT: {}
COMMAND: POST /session/cdd305857320dd590ea5bbf59a31d46e/element - {"using":"xpath","value":"//table[contains(@id,\"AddNewHO--TransferHOTypesRuDialogTable-listUl\")]/tbody/tr[2]/td[6]/div/div/input"}
RESULT: {"using":"xpath","value":"//table[contains(@id,\"AddNewHO--TransferHOTypesRuDialogTable-listUl\")]/tbody/tr[2]/td[6]/div/div/input"}
COMMAND: POST /session/cdd305857320dd590ea5bbf59a31d46e/element/f.492DEA3F6A95B07ADA96E928C4F8A0EF.d.EBACF845CD8335ADAC928DA98FC5CA74.e.32705/clear - {}
RESULT: {}
COMMAND: POST /session/cdd305857320dd590ea5bbf59a31d46e/element/f.492DEA3F6A95B07ADA96E928C4F8A0EF.d.EBACF845CD8335ADAC928DA98FC5CA74.e.32705/value - {"text":"1"}
COMMAND: GET /session/cdd305857320dd590ea5bbf59a31d46e/screenshot - {}
RESULT: {"text":"1"}
COMMAND: GET /session/cdd305857320dd590ea5bbf59a31d46e/screenshot - {}
RESULT: {}
RESULT: {}
COMMAND: POST /session/cdd305857320dd590ea5bbf59a31d46e/element - {"using":"xpath","value":"//bdi[contains(text(), \"OK\")]"}
RESULT: {"using":"xpath","value":"//bdi[contains(text(), \"OK\")]"}
COMMAND: POST /session/cdd305857320dd590ea5bbf59a31d46e/element/f.492DEA3F6A95B07ADA96E928C4F8A0EF.d.EBACF845CD8335ADAC928DA98FC5CA74.e.32716/click - {}
RESULT: {}
COMMAND: GET /session/cdd305857320dd590ea5bbf59a31d46e/screenshot - {}
RESULT: {}
COMMAND: POST /session/cdd305857320dd590ea5bbf59a31d46e/execute/async - {"script":"<script> [1562 bytes]","args":[{"selector":{"id":"application-managehandovers-display-component---AddNewHO--confirmCreationButton","interaction":{"idSuffix":"BDI-content"}},"wdio_ui5_key":"applicationmanagehandovers-display-component---AddNewHO--confirmCreationButton"}]}
RESULT: {"script":"<script> [1562 bytes]","args":[{"selector":{"id":"application-managehandovers-display-component---AddNewHO--confirmCreationButton","interaction":{"idSuffix":"BDI-content"}},"wdio_ui5_key":"applicationmanagehandovers-display-component---AddNewHO--confirmCreationButton"}]}
RESULT: undefined
COMMAND: POST /session/cdd305857320dd590ea5bbf59a31d46e/element - {"using":"xpath","value":"//*[@id=\"application-managehandovers-display-component---AddNewHO--confirmCreationButton\"]"}
RESULT: {"using":"xpath","value":"//*[@id=\"application-managehandovers-display-component---AddNewHO--confirmCreationButton\"]"}
COMMAND: POST /session/cdd305857320dd590ea5bbf59a31d46e/element/f.492DEA3F6A95B07ADA96E928C4F8A0EF.d.EBACF845CD8335ADAC928DA98FC5CA74.e.32732/click - {}
RESULT: {}
COMMAND: GET /session/cdd305857320dd590ea5bbf59a31d46e/screenshot - {}
RESULT: {}
COMMAND: POST /session/cdd305857320dd590ea5bbf59a31d46e/element - {"using":"xpath","value":"(//section[contains(@id,\"headerContentForm--FC-NoHead\")])[2]/div[1]/div[5]/div[2]/div/span"}
RESULT: {"using":"xpath","value":"(//section[contains(@id,\"headerContentForm--FC-NoHead\")])[2]/div[1]/div[5]/div[2]/div/span"}
COMMAND: POST /session/cdd305857320dd590ea5bbf59a31d46e/execute/sync - {"script":"<script> [56 bytes]","args":[{"element-6066-11e4-a52e-4f735466cecf":"f.492DEA3F6A95B07ADA96E928C4F8A0EF.d.EBACF845CD8335ADAC928DA98FC5CA74.e.32800","ELEMENT":"f.492DEA3F6A95B07ADA96E928C4F8A0EF.d.EBACF845CD8335ADAC928DA98FC5CA74.e.32800"}]}
RESULT: {"script":"<script> [56 bytes]","args":[{"element-6066-11e4-a52e-4f735466cecf":"f.492DEA3F6A95B07ADA96E928C4F8A0EF.d.EBACF845CD8335ADAC928DA98FC5CA74.e.32800","ELEMENT":"f.492DEA3F6A95B07ADA96E928C4F8A0EF.d.EBACF845CD8335ADAC928DA98FC5CA74.e.32800"}]}
COMMAND: POST /session/cdd305857320dd590ea5bbf59a31d46e/execute/async - {"script":"<script> [1562 bytes]","args":[{"selector":{"id":"issueDatePicker","viewName":"etm.portal.ui.managehandovers.view.DetailExecuteHO","interaction":{"idSuffix":"inner"}},"wdio_ui5_key":"issueDatePickeretmportal.ui.managehandovers.view.DetailExecuteHO"}]}
COMMAND: GET /session/cdd305857320dd590ea5bbf59a31d46e/screenshot - {}
RESULT: {"script":"<script> [1562 bytes]","args":[{"selector":{"id":"issueDatePicker","viewName":"etm.portal.ui.managehandovers.view.DetailExecuteHO","interaction":{"idSuffix":"inner"}},"wdio_ui5_key":"issueDatePickeretmportal.ui.managehandovers.view.DetailExecuteHO"}]}
RESULT: undefined
COMMAND: POST /session/cdd305857320dd590ea5bbf59a31d46e/execute/async - {"script":"<script> [776 bytes]","args":[{"enterText":"05/27/25","selector":{"id":"issueDatePicker","viewName":"etm.portal.ui.managehandovers.view.DetailExecuteHO","interaction":{"idSuffix":"inner"}},"clearTextFirst":true,"interactionType":"ENTER_TEXT"}]}
RESULT: {}
RESULT: {"script":"<script> [776 bytes]","args":[{"enterText":"05/27/25","selector":{"id":"issueDatePicker","viewName":"etm.portal.ui.managehandovers.view.DetailExecuteHO","interaction":{"idSuffix":"inner"}},"clearTextFirst":true,"interactionType":"ENTER_TEXT"}]}
COMMAND: POST /session/cdd305857320dd590ea5bbf59a31d46e/element - {"using":"xpath","value":"//bdi[contains(text(), \"OK\")]"}
RESULT: {"using":"xpath","value":"//bdi[contains(text(), \"OK\")]"}
COMMAND: POST /session/cdd305857320dd590ea5bbf59a31d46e/element/f.492DEA3F6A95B07ADA96E928C4F8A0EF.d.EBACF845CD8335ADAC928DA98FC5CA74.e.32805/click - {}
RESULT: {}
COMMAND: GET /session/cdd305857320dd590ea5bbf59a31d46e/screenshot - {}
RESULT: {}
COMMAND: POST /session/cdd305857320dd590ea5bbf59a31d46e/execute/async - {"script":"<script> [1562 bytes]","args":[{"selector":{"controlType":"sap.m.Button","viewName":"etm.portal.ui.managehandovers.view.DetailExecuteHO","i18NText":{"propertyName":"text","key":"pickQty"},"interaction":{"idSuffix":"content"}},"wdio_ui5_key":"etmportal.ui.managehandovers.view.DetailExecuteHOsap.m.Button{\"propertyName\":\"text\",\"key\":\"pickQty\"}"}]}
RESULT: {"script":"<script> [1562 bytes]","args":[{"selector":{"controlType":"sap.m.Button","viewName":"etm.portal.ui.managehandovers.view.DetailExecuteHO","i18NText":{"propertyName":"text","key":"pickQty"},"interaction":{"idSuffix":"content"}},"wdio_ui5_key":"etmportal.ui.managehandovers.view.DetailExecuteHOsap.m.Button{\"propertyName\":\"text\",\"key\":\"pickQty\"}"}]}
RESULT: undefined
COMMAND: POST /session/cdd305857320dd590ea5bbf59a31d46e/element - {"using":"xpath","value":"//*[@id=\"__button440\"]"}
RESULT: {"using":"xpath","value":"//*[@id=\"__button440\"]"}
COMMAND: POST /session/cdd305857320dd590ea5bbf59a31d46e/element/f.492DEA3F6A95B07ADA96E928C4F8A0EF.d.EBACF845CD8335ADAC928DA98FC5CA74.e.32813/click - {}
RESULT: {}
COMMAND: GET /session/cdd305857320dd590ea5bbf59a31d46e/screenshot - {}
RESULT: {}
COMMAND: POST /session/cdd305857320dd590ea5bbf59a31d46e/execute/async - {"script":"<script> [1562 bytes]","args":[{"selector":{"controlType":"sap.m.NumericInput","viewName":"etm.portal.ui.managehandovers.view.DetailExecuteHO","properties":{"value":"0"},"searchOpenDialogs":true,"interaction":{"idSuffix":"inner"}},"wdio_ui5_key":"etmportal.ui.managehandovers.view.DetailExecuteHOsap.m.NumericInput{\"value\":\"0\"}"}]}
RESULT: {"script":"<script> [1562 bytes]","args":[{"selector":{"controlType":"sap.m.NumericInput","viewName":"etm.portal.ui.managehandovers.view.DetailExecuteHO","properties":{"value":"0"},"searchOpenDialogs":true,"interaction":{"idSuffix":"inner"}},"wdio_ui5_key":"etmportal.ui.managehandovers.view.DetailExecuteHOsap.m.NumericInput{\"value\":\"0\"}"}]}
RESULT: undefined
COMMAND: POST /session/cdd305857320dd590ea5bbf59a31d46e/execute/async - {"script":"<script> [1562 bytes]","args":[{"selector":{"id":"statesDialog--okBttnStatesDialog","searchOpenDialogs":true,"interaction":{"idSuffix":"BDI-content"}},"wdio_ui5_key":"statesDialogokBttnStatesDialog"}]}
RESULT: {"script":"<script> [1562 bytes]","args":[{"selector":{"id":"statesDialog--okBttnStatesDialog","searchOpenDialogs":true,"interaction":{"idSuffix":"BDI-content"}},"wdio_ui5_key":"statesDialogokBttnStatesDialog"}]}
RESULT: undefined
COMMAND: POST /session/cdd305857320dd590ea5bbf59a31d46e/element - {"using":"xpath","value":"//*[@id=\"statesDialog--okBttnStatesDialog\"]"}
RESULT: {"using":"xpath","value":"//*[@id=\"statesDialog--okBttnStatesDialog\"]"}
COMMAND: POST /session/cdd305857320dd590ea5bbf59a31d46e/element/f.492DEA3F6A95B07ADA96E928C4F8A0EF.d.EBACF845CD8335ADAC928DA98FC5CA74.e.32820/click - {}
RESULT: {}
COMMAND: GET /session/cdd305857320dd590ea5bbf59a31d46e/screenshot - {}
RESULT: {}
COMMAND: POST /session/cdd305857320dd590ea5bbf59a31d46e/element - {"using":"xpath","value":"//button[@data-kt=\"PickingTableConfirmAllButton\"]"}
RESULT: {"using":"xpath","value":"//button[@data-kt=\"PickingTableConfirmAllButton\"]"}
COMMAND: POST /session/cdd305857320dd590ea5bbf59a31d46e/element/f.492DEA3F6A95B07ADA96E928C4F8A0EF.d.EBACF845CD8335ADAC928DA98FC5CA74.e.32826/click - {}
RESULT: {}
COMMAND: GET /session/cdd305857320dd590ea5bbf59a31d46e/screenshot - {}
RESULT: {}
COMMAND: POST /session/cdd305857320dd590ea5bbf59a31d46e/element - {"using":"xpath","value":"//bdi[contains(text(), \"OK\")]"}
RESULT: {"using":"xpath","value":"//bdi[contains(text(), \"OK\")]"}
COMMAND: POST /session/cdd305857320dd590ea5bbf59a31d46e/element/f.492DEA3F6A95B07ADA96E928C4F8A0EF.d.EBACF845CD8335ADAC928DA98FC5CA74.e.32829/click - {}
RESULT: {}
COMMAND: GET /session/cdd305857320dd590ea5bbf59a31d46e/screenshot - {}
RESULT: {}
COMMAND: POST /session/cdd305857320dd590ea5bbf59a31d46e/element - {"using":"xpath","value":"//header[contains(@id,\"headerTitle\") and @aria-roledescription=\"Object page header\"]/div[1]/div[2]/div[1]/span"}
RESULT: {"using":"xpath","value":"//header[contains(@id,\"headerTitle\") and @aria-roledescription=\"Object page header\"]/div[1]/div[2]/div[1]/span"}
COMMAND: POST /session/cdd305857320dd590ea5bbf59a31d46e/elements - {"using":"xpath","value":"//header[contains(@id,\"headerTitle\") and @aria-roledescription=\"Object page header\"]/div[1]/div[2]/div[1]/span"}
RESULT: {"using":"xpath","value":"//header[contains(@id,\"headerTitle\") and @aria-roledescription=\"Object page header\"]/div[1]/div[2]/div[1]/span"}
COMMAND: POST /session/cdd305857320dd590ea5bbf59a31d46e/execute/sync - {"script":"<script> [56 bytes]","args":[{"element-6066-11e4-a52e-4f735466cecf":"f.492DEA3F6A95B07ADA96E928C4F8A0EF.d.EBACF845CD8335ADAC928DA98FC5CA74.e.32832","ELEMENT":"f.492DEA3F6A95B07ADA96E928C4F8A0EF.d.EBACF845CD8335ADAC928DA98FC5CA74.e.32832"}]}
RESULT: {"script":"<script> [56 bytes]","args":[{"element-6066-11e4-a52e-4f735466cecf":"f.492DEA3F6A95B07ADA96E928C4F8A0EF.d.EBACF845CD8335ADAC928DA98FC5CA74.e.32832","ELEMENT":"f.492DEA3F6A95B07ADA96E928C4F8A0EF.d.EBACF845CD8335ADAC928DA98FC5CA74.e.32832"}]}
COMMAND: POST /session/cdd305857320dd590ea5bbf59a31d46e/element - {"using":"xpath","value":"//bdi[contains(text(), \"Issue\")]"}
COMMAND: GET /session/cdd305857320dd590ea5bbf59a31d46e/screenshot - {}
RESULT: {"using":"xpath","value":"//bdi[contains(text(), \"Issue\")]"}
COMMAND: POST /session/cdd305857320dd590ea5bbf59a31d46e/element/f.492DEA3F6A95B07ADA96E928C4F8A0EF.d.EBACF845CD8335ADAC928DA98FC5CA74.e.32833/click - {}
RESULT: {}
RESULT: {}
COMMAND: GET /session/cdd305857320dd590ea5bbf59a31d46e/screenshot - {}
RESULT: {}
COMMAND: POST /session/cdd305857320dd590ea5bbf59a31d46e/element - {"using":"xpath","value":"//input[contains(@id ,\"smartFilterBar-btnBasicSearch-I\")]"}
RESULT: {"using":"xpath","value":"//input[contains(@id ,\"smartFilterBar-btnBasicSearch-I\")]"}
COMMAND: POST /session/cdd305857320dd590ea5bbf59a31d46e/elements - {"using":"xpath","value":"//input[contains(@id ,\"smartFilterBar-btnBasicSearch-I\")]"}
RESULT: {"using":"xpath","value":"//input[contains(@id ,\"smartFilterBar-btnBasicSearch-I\")]"}
COMMAND: POST /session/cdd305857320dd590ea5bbf59a31d46e/execute/sync - {"script":"<script> [8489 bytes]","args":[{"element-6066-11e4-a52e-4f735466cecf":"f.492DEA3F6A95B07ADA96E928C4F8A0EF.d.EBACF845CD8335ADAC928DA98FC5CA74.e.32204","ELEMENT":"f.492DEA3F6A95B07ADA96E928C4F8A0EF.d.EBACF845CD8335ADAC928DA98FC5CA74.e.32204"}]}
RESULT: {"script":"<script> [8489 bytes]","args":[{"element-6066-11e4-a52e-4f735466cecf":"f.492DEA3F6A95B07ADA96E928C4F8A0EF.d.EBACF845CD8335ADAC928DA98FC5CA74.e.32204","ELEMENT":"f.492DEA3F6A95B07ADA96E928C4F8A0EF.d.EBACF845CD8335ADAC928DA98FC5CA74.e.32204"}]}
COMMAND: GET /session/cdd305857320dd590ea5bbf59a31d46e/element/f.492DEA3F6A95B07ADA96E928C4F8A0EF.d.EBACF845CD8335ADAC928DA98FC5CA74.e.32204/enabled - {}
COMMAND: GET /session/cdd305857320dd590ea5bbf59a31d46e/screenshot - {}
RESULT: {}
COMMAND: POST /session/cdd305857320dd590ea5bbf59a31d46e/element/f.492DEA3F6A95B07ADA96E928C4F8A0EF.d.EBACF845CD8335ADAC928DA98FC5CA74.e.32204/clear - {}
COMMAND: GET /session/cdd305857320dd590ea5bbf59a31d46e/screenshot - {}
RESULT: {}
RESULT: {}
COMMAND: POST /session/cdd305857320dd590ea5bbf59a31d46e/element/f.492DEA3F6A95B07ADA96E928C4F8A0EF.d.EBACF845CD8335ADAC928DA98FC5CA74.e.32204/value - {"text":"30694"}
COMMAND: GET /session/cdd305857320dd590ea5bbf59a31d46e/screenshot - {}
RESULT: {}
RESULT: {"text":"30694"}
COMMAND: GET /session/cdd305857320dd590ea5bbf59a31d46e/screenshot - {}
RESULT: {}
RESULT: {}
COMMAND: POST /session/cdd305857320dd590ea5bbf59a31d46e/actions - {"actions":[{"id":"action97","type":"key","parameters":{},"actions":[{"type":"keyDown","value":""},{"type":"pause","duration":10},{"type":"keyUp","value":""}]}]}
RESULT: {"actions":[{"id":"action97","type":"key","parameters":{},"actions":[{"type":"keyDown","value":""},{"type":"pause","duration":10},{"type":"keyUp","value":""}]}]}
COMMAND: GET /session/cdd305857320dd590ea5bbf59a31d46e/screenshot - {}
RESULT: {}
COMMAND: POST /session/cdd305857320dd590ea5bbf59a31d46e/element - {"using":"xpath","value":"//span[contains(@id, \"smartTable-header-inner\")]"}
RESULT: {"using":"xpath","value":"//span[contains(@id, \"smartTable-header-inner\")]"}
COMMAND: POST /session/cdd305857320dd590ea5bbf59a31d46e/elements - {"using":"xpath","value":"//span[contains(@id, \"smartTable-header-inner\")]"}
RESULT: {"using":"xpath","value":"//span[contains(@id, \"smartTable-header-inner\")]"}
COMMAND: POST /session/cdd305857320dd590ea5bbf59a31d46e/execute/sync - {"script":"<script> [56 bytes]","args":[{"element-6066-11e4-a52e-4f735466cecf":"f.492DEA3F6A95B07ADA96E928C4F8A0EF.d.EBACF845CD8335ADAC928DA98FC5CA74.e.32859","ELEMENT":"f.492DEA3F6A95B07ADA96E928C4F8A0EF.d.EBACF845CD8335ADAC928DA98FC5CA74.e.32859"}]}
RESULT: {"script":"<script> [56 bytes]","args":[{"element-6066-11e4-a52e-4f735466cecf":"f.492DEA3F6A95B07ADA96E928C4F8A0EF.d.EBACF845CD8335ADAC928DA98FC5CA74.e.32859","ELEMENT":"f.492DEA3F6A95B07ADA96E928C4F8A0EF.d.EBACF845CD8335ADAC928DA98FC5CA74.e.32859"}]}
COMMAND: GET /session/cdd305857320dd590ea5bbf59a31d46e/screenshot - {}
RESULT: {}
COMMAND: POST /session/cdd305857320dd590ea5bbf59a31d46e/execute/sync - {"script":"<script> [56 bytes]","args":[{"element-6066-11e4-a52e-4f735466cecf":"f.492DEA3F6A95B07ADA96E928C4F8A0EF.d.EBACF845CD8335ADAC928DA98FC5CA74.e.32859","ELEMENT":"f.492DEA3F6A95B07ADA96E928C4F8A0EF.d.EBACF845CD8335ADAC928DA98FC5CA74.e.32859"}]}
RESULT: {"script":"<script> [56 bytes]","args":[{"element-6066-11e4-a52e-4f735466cecf":"f.492DEA3F6A95B07ADA96E928C4F8A0EF.d.EBACF845CD8335ADAC928DA98FC5CA74.e.32859","ELEMENT":"f.492DEA3F6A95B07ADA96E928C4F8A0EF.d.EBACF845CD8335ADAC928DA98FC5CA74.e.32859"}]}
COMMAND: GET /session/cdd305857320dd590ea5bbf59a31d46e/screenshot - {}
RESULT: {}
COMMAND: POST /session/cdd305857320dd590ea5bbf59a31d46e/execute/sync - {"script":"<script> [56 bytes]","args":[{"element-6066-11e4-a52e-4f735466cecf":"f.492DEA3F6A95B07ADA96E928C4F8A0EF.d.EBACF845CD8335ADAC928DA98FC5CA74.e.32859","ELEMENT":"f.492DEA3F6A95B07ADA96E928C4F8A0EF.d.EBACF845CD8335ADAC928DA98FC5CA74.e.32859"}]}
RESULT: {"script":"<script> [56 bytes]","args":[{"element-6066-11e4-a52e-4f735466cecf":"f.492DEA3F6A95B07ADA96E928C4F8A0EF.d.EBACF845CD8335ADAC928DA98FC5CA74.e.32859","ELEMENT":"f.492DEA3F6A95B07ADA96E928C4F8A0EF.d.EBACF845CD8335ADAC928DA98FC5CA74.e.32859"}]}
COMMAND: GET /session/cdd305857320dd590ea5bbf59a31d46e/screenshot - {}
RESULT: {}
COMMAND: POST /session/cdd305857320dd590ea5bbf59a31d46e/execute/sync - {"script":"<script> [56 bytes]","args":[{"element-6066-11e4-a52e-4f735466cecf":"f.492DEA3F6A95B07ADA96E928C4F8A0EF.d.EBACF845CD8335ADAC928DA98FC5CA74.e.32859","ELEMENT":"f.492DEA3F6A95B07ADA96E928C4F8A0EF.d.EBACF845CD8335ADAC928DA98FC5CA74.e.32859"}]}
RESULT: {"script":"<script> [56 bytes]","args":[{"element-6066-11e4-a52e-4f735466cecf":"f.492DEA3F6A95B07ADA96E928C4F8A0EF.d.EBACF845CD8335ADAC928DA98FC5CA74.e.32859","ELEMENT":"f.492DEA3F6A95B07ADA96E928C4F8A0EF.d.EBACF845CD8335ADAC928DA98FC5CA74.e.32859"}]}
COMMAND: GET /session/cdd305857320dd590ea5bbf59a31d46e/screenshot - {}
RESULT: {}
COMMAND: POST /session/cdd305857320dd590ea5bbf59a31d46e/execute/sync - {"script":"<script> [56 bytes]","args":[{"element-6066-11e4-a52e-4f735466cecf":"f.492DEA3F6A95B07ADA96E928C4F8A0EF.d.EBACF845CD8335ADAC928DA98FC5CA74.e.32859","ELEMENT":"f.492DEA3F6A95B07ADA96E928C4F8A0EF.d.EBACF845CD8335ADAC928DA98FC5CA74.e.32859"}]}
RESULT: {"script":"<script> [56 bytes]","args":[{"element-6066-11e4-a52e-4f735466cecf":"f.492DEA3F6A95B07ADA96E928C4F8A0EF.d.EBACF845CD8335ADAC928DA98FC5CA74.e.32859","ELEMENT":"f.492DEA3F6A95B07ADA96E928C4F8A0EF.d.EBACF845CD8335ADAC928DA98FC5CA74.e.32859"}]}
COMMAND: GET /session/cdd305857320dd590ea5bbf59a31d46e/screenshot - {}
RESULT: {}
COMMAND: POST /session/cdd305857320dd590ea5bbf59a31d46e/execute/sync - {"script":"<script> [56 bytes]","args":[{"element-6066-11e4-a52e-4f735466cecf":"f.492DEA3F6A95B07ADA96E928C4F8A0EF.d.EBACF845CD8335ADAC928DA98FC5CA74.e.32859","ELEMENT":"f.492DEA3F6A95B07ADA96E928C4F8A0EF.d.EBACF845CD8335ADAC928DA98FC5CA74.e.32859"}]}
RESULT: {"script":"<script> [56 bytes]","args":[{"element-6066-11e4-a52e-4f735466cecf":"f.492DEA3F6A95B07ADA96E928C4F8A0EF.d.EBACF845CD8335ADAC928DA98FC5CA74.e.32859","ELEMENT":"f.492DEA3F6A95B07ADA96E928C4F8A0EF.d.EBACF845CD8335ADAC928DA98FC5CA74.e.32859"}]}
COMMAND: GET /session/cdd305857320dd590ea5bbf59a31d46e/screenshot - {}
RESULT: {}
COMMAND: POST /session/cdd305857320dd590ea5bbf59a31d46e/execute/sync - {"script":"<script> [56 bytes]","args":[{"element-6066-11e4-a52e-4f735466cecf":"f.492DEA3F6A95B07ADA96E928C4F8A0EF.d.EBACF845CD8335ADAC928DA98FC5CA74.e.32859","ELEMENT":"f.492DEA3F6A95B07ADA96E928C4F8A0EF.d.EBACF845CD8335ADAC928DA98FC5CA74.e.32859"}]}
RESULT: {"script":"<script> [56 bytes]","args":[{"element-6066-11e4-a52e-4f735466cecf":"f.492DEA3F6A95B07ADA96E928C4F8A0EF.d.EBACF845CD8335ADAC928DA98FC5CA74.e.32859","ELEMENT":"f.492DEA3F6A95B07ADA96E928C4F8A0EF.d.EBACF845CD8335ADAC928DA98FC5CA74.e.32859"}]}
COMMAND: GET /session/cdd305857320dd590ea5bbf59a31d46e/screenshot - {}
RESULT: {}
COMMAND: POST /session/cdd305857320dd590ea5bbf59a31d46e/execute/sync - {"script":"<script> [56 bytes]","args":[{"element-6066-11e4-a52e-4f735466cecf":"f.492DEA3F6A95B07ADA96E928C4F8A0EF.d.EBACF845CD8335ADAC928DA98FC5CA74.e.32859","ELEMENT":"f.492DEA3F6A95B07ADA96E928C4F8A0EF.d.EBACF845CD8335ADAC928DA98FC5CA74.e.32859"}]}
RESULT: {"script":"<script> [56 bytes]","args":[{"element-6066-11e4-a52e-4f735466cecf":"f.492DEA3F6A95B07ADA96E928C4F8A0EF.d.EBACF845CD8335ADAC928DA98FC5CA74.e.32859","ELEMENT":"f.492DEA3F6A95B07ADA96E928C4F8A0EF.d.EBACF845CD8335ADAC928DA98FC5CA74.e.32859"}]}
COMMAND: GET /session/cdd305857320dd590ea5bbf59a31d46e/screenshot - {}
RESULT: {}
COMMAND: POST /session/cdd305857320dd590ea5bbf59a31d46e/execute/sync - {"script":"<script> [56 bytes]","args":[{"element-6066-11e4-a52e-4f735466cecf":"f.492DEA3F6A95B07ADA96E928C4F8A0EF.d.EBACF845CD8335ADAC928DA98FC5CA74.e.32859","ELEMENT":"f.492DEA3F6A95B07ADA96E928C4F8A0EF.d.EBACF845CD8335ADAC928DA98FC5CA74.e.32859"}]}
RESULT: {"script":"<script> [56 bytes]","args":[{"element-6066-11e4-a52e-4f735466cecf":"f.492DEA3F6A95B07ADA96E928C4F8A0EF.d.EBACF845CD8335ADAC928DA98FC5CA74.e.32859","ELEMENT":"f.492DEA3F6A95B07ADA96E928C4F8A0EF.d.EBACF845CD8335ADAC928DA98FC5CA74.e.32859"}]}
COMMAND: GET /session/cdd305857320dd590ea5bbf59a31d46e/screenshot - {}
RESULT: {}
COMMAND: POST /session/cdd305857320dd590ea5bbf59a31d46e/execute/sync - {"script":"<script> [56 bytes]","args":[{"element-6066-11e4-a52e-4f735466cecf":"f.492DEA3F6A95B07ADA96E928C4F8A0EF.d.EBACF845CD8335ADAC928DA98FC5CA74.e.32859","ELEMENT":"f.492DEA3F6A95B07ADA96E928C4F8A0EF.d.EBACF845CD8335ADAC928DA98FC5CA74.e.32859"}]}
RESULT: {"script":"<script> [56 bytes]","args":[{"element-6066-11e4-a52e-4f735466cecf":"f.492DEA3F6A95B07ADA96E928C4F8A0EF.d.EBACF845CD8335ADAC928DA98FC5CA74.e.32859","ELEMENT":"f.492DEA3F6A95B07ADA96E928C4F8A0EF.d.EBACF845CD8335ADAC928DA98FC5CA74.e.32859"}]}
COMMAND: GET /session/cdd305857320dd590ea5bbf59a31d46e/screenshot - {}
RESULT: {}
COMMAND: POST /session/cdd305857320dd590ea5bbf59a31d46e/execute/sync - {"script":"<script> [56 bytes]","args":[{"element-6066-11e4-a52e-4f735466cecf":"f.492DEA3F6A95B07ADA96E928C4F8A0EF.d.EBACF845CD8335ADAC928DA98FC5CA74.e.32859","ELEMENT":"f.492DEA3F6A95B07ADA96E928C4F8A0EF.d.EBACF845CD8335ADAC928DA98FC5CA74.e.32859"}]}
RESULT: {"script":"<script> [56 bytes]","args":[{"element-6066-11e4-a52e-4f735466cecf":"f.492DEA3F6A95B07ADA96E928C4F8A0EF.d.EBACF845CD8335ADAC928DA98FC5CA74.e.32859","ELEMENT":"f.492DEA3F6A95B07ADA96E928C4F8A0EF.d.EBACF845CD8335ADAC928DA98FC5CA74.e.32859"}]}
COMMAND: GET /session/cdd305857320dd590ea5bbf59a31d46e/screenshot - {}
RESULT: {}
COMMAND: POST /session/cdd305857320dd590ea5bbf59a31d46e/execute/sync - {"script":"<script> [56 bytes]","args":[{"element-6066-11e4-a52e-4f735466cecf":"f.492DEA3F6A95B07ADA96E928C4F8A0EF.d.EBACF845CD8335ADAC928DA98FC5CA74.e.32859","ELEMENT":"f.492DEA3F6A95B07ADA96E928C4F8A0EF.d.EBACF845CD8335ADAC928DA98FC5CA74.e.32859"}]}
RESULT: {"script":"<script> [56 bytes]","args":[{"element-6066-11e4-a52e-4f735466cecf":"f.492DEA3F6A95B07ADA96E928C4F8A0EF.d.EBACF845CD8335ADAC928DA98FC5CA74.e.32859","ELEMENT":"f.492DEA3F6A95B07ADA96E928C4F8A0EF.d.EBACF845CD8335ADAC928DA98FC5CA74.e.32859"}]}
COMMAND: GET /session/cdd305857320dd590ea5bbf59a31d46e/screenshot - {}
RESULT: {}
COMMAND: POST /session/cdd305857320dd590ea5bbf59a31d46e/execute/sync - {"script":"<script> [56 bytes]","args":[{"element-6066-11e4-a52e-4f735466cecf":"f.492DEA3F6A95B07ADA96E928C4F8A0EF.d.EBACF845CD8335ADAC928DA98FC5CA74.e.32859","ELEMENT":"f.492DEA3F6A95B07ADA96E928C4F8A0EF.d.EBACF845CD8335ADAC928DA98FC5CA74.e.32859"}]}
RESULT: {"script":"<script> [56 bytes]","args":[{"element-6066-11e4-a52e-4f735466cecf":"f.492DEA3F6A95B07ADA96E928C4F8A0EF.d.EBACF845CD8335ADAC928DA98FC5CA74.e.32859","ELEMENT":"f.492DEA3F6A95B07ADA96E928C4F8A0EF.d.EBACF845CD8335ADAC928DA98FC5CA74.e.32859"}]}
COMMAND: GET /session/cdd305857320dd590ea5bbf59a31d46e/screenshot - {}
RESULT: {}
COMMAND: POST /session/cdd305857320dd590ea5bbf59a31d46e/execute/sync - {"script":"<script> [56 bytes]","args":[{"element-6066-11e4-a52e-4f735466cecf":"f.492DEA3F6A95B07ADA96E928C4F8A0EF.d.EBACF845CD8335ADAC928DA98FC5CA74.e.32859","ELEMENT":"f.492DEA3F6A95B07ADA96E928C4F8A0EF.d.EBACF845CD8335ADAC928DA98FC5CA74.e.32859"}]}
RESULT: {"script":"<script> [56 bytes]","args":[{"element-6066-11e4-a52e-4f735466cecf":"f.492DEA3F6A95B07ADA96E928C4F8A0EF.d.EBACF845CD8335ADAC928DA98FC5CA74.e.32859","ELEMENT":"f.492DEA3F6A95B07ADA96E928C4F8A0EF.d.EBACF845CD8335ADAC928DA98FC5CA74.e.32859"}]}
COMMAND: GET /session/cdd305857320dd590ea5bbf59a31d46e/screenshot - {}
RESULT: {}
COMMAND: POST /session/cdd305857320dd590ea5bbf59a31d46e/execute/sync - {"script":"<script> [56 bytes]","args":[{"element-6066-11e4-a52e-4f735466cecf":"f.492DEA3F6A95B07ADA96E928C4F8A0EF.d.EBACF845CD8335ADAC928DA98FC5CA74.e.32859","ELEMENT":"f.492DEA3F6A95B07ADA96E928C4F8A0EF.d.EBACF845CD8335ADAC928DA98FC5CA74.e.32859"}]}
RESULT: {"script":"<script> [56 bytes]","args":[{"element-6066-11e4-a52e-4f735466cecf":"f.492DEA3F6A95B07ADA96E928C4F8A0EF.d.EBACF845CD8335ADAC928DA98FC5CA74.e.32859","ELEMENT":"f.492DEA3F6A95B07ADA96E928C4F8A0EF.d.EBACF845CD8335ADAC928DA98FC5CA74.e.32859"}]}
COMMAND: GET /session/cdd305857320dd590ea5bbf59a31d46e/screenshot - {}
RESULT: {}
COMMAND: POST /session/cdd305857320dd590ea5bbf59a31d46e/execute/sync - {"script":"<script> [56 bytes]","args":[{"element-6066-11e4-a52e-4f735466cecf":"f.492DEA3F6A95B07ADA96E928C4F8A0EF.d.EBACF845CD8335ADAC928DA98FC5CA74.e.32859","ELEMENT":"f.492DEA3F6A95B07ADA96E928C4F8A0EF.d.EBACF845CD8335ADAC928DA98FC5CA74.e.32859"}]}
RESULT: {"script":"<script> [56 bytes]","args":[{"element-6066-11e4-a52e-4f735466cecf":"f.492DEA3F6A95B07ADA96E928C4F8A0EF.d.EBACF845CD8335ADAC928DA98FC5CA74.e.32859","ELEMENT":"f.492DEA3F6A95B07ADA96E928C4F8A0EF.d.EBACF845CD8335ADAC928DA98FC5CA74.e.32859"}]}
COMMAND: GET /session/cdd305857320dd590ea5bbf59a31d46e/screenshot - {}
RESULT: {}
COMMAND: POST /session/cdd305857320dd590ea5bbf59a31d46e/execute/sync - {"script":"<script> [56 bytes]","args":[{"element-6066-11e4-a52e-4f735466cecf":"f.492DEA3F6A95B07ADA96E928C4F8A0EF.d.EBACF845CD8335ADAC928DA98FC5CA74.e.32859","ELEMENT":"f.492DEA3F6A95B07ADA96E928C4F8A0EF.d.EBACF845CD8335ADAC928DA98FC5CA74.e.32859"}]}
RESULT: {"script":"<script> [56 bytes]","args":[{"element-6066-11e4-a52e-4f735466cecf":"f.492DEA3F6A95B07ADA96E928C4F8A0EF.d.EBACF845CD8335ADAC928DA98FC5CA74.e.32859","ELEMENT":"f.492DEA3F6A95B07ADA96E928C4F8A0EF.d.EBACF845CD8335ADAC928DA98FC5CA74.e.32859"}]}
COMMAND: GET /session/cdd305857320dd590ea5bbf59a31d46e/screenshot - {}
RESULT: {}
COMMAND: POST /session/cdd305857320dd590ea5bbf59a31d46e/execute/sync - {"script":"<script> [56 bytes]","args":[{"element-6066-11e4-a52e-4f735466cecf":"f.492DEA3F6A95B07ADA96E928C4F8A0EF.d.EBACF845CD8335ADAC928DA98FC5CA74.e.32859","ELEMENT":"f.492DEA3F6A95B07ADA96E928C4F8A0EF.d.EBACF845CD8335ADAC928DA98FC5CA74.e.32859"}]}
RESULT: {"script":"<script> [56 bytes]","args":[{"element-6066-11e4-a52e-4f735466cecf":"f.492DEA3F6A95B07ADA96E928C4F8A0EF.d.EBACF845CD8335ADAC928DA98FC5CA74.e.32859","ELEMENT":"f.492DEA3F6A95B07ADA96E928C4F8A0EF.d.EBACF845CD8335ADAC928DA98FC5CA74.e.32859"}]}
COMMAND: GET /session/cdd305857320dd590ea5bbf59a31d46e/screenshot - {}
RESULT: {}
COMMAND: POST /session/cdd305857320dd590ea5bbf59a31d46e/execute/sync - {"script":"<script> [56 bytes]","args":[{"element-6066-11e4-a52e-4f735466cecf":"f.492DEA3F6A95B07ADA96E928C4F8A0EF.d.EBACF845CD8335ADAC928DA98FC5CA74.e.32859","ELEMENT":"f.492DEA3F6A95B07ADA96E928C4F8A0EF.d.EBACF845CD8335ADAC928DA98FC5CA74.e.32859"}]}
RESULT: {"script":"<script> [56 bytes]","args":[{"element-6066-11e4-a52e-4f735466cecf":"f.492DEA3F6A95B07ADA96E928C4F8A0EF.d.EBACF845CD8335ADAC928DA98FC5CA74.e.32859","ELEMENT":"f.492DEA3F6A95B07ADA96E928C4F8A0EF.d.EBACF845CD8335ADAC928DA98FC5CA74.e.32859"}]}
COMMAND: GET /session/cdd305857320dd590ea5bbf59a31d46e/screenshot - {}
RESULT: {}
COMMAND: POST /session/cdd305857320dd590ea5bbf59a31d46e/execute/sync - {"script":"<script> [56 bytes]","args":[{"element-6066-11e4-a52e-4f735466cecf":"f.492DEA3F6A95B07ADA96E928C4F8A0EF.d.EBACF845CD8335ADAC928DA98FC5CA74.e.32859","ELEMENT":"f.492DEA3F6A95B07ADA96E928C4F8A0EF.d.EBACF845CD8335ADAC928DA98FC5CA74.e.32859"}]}
RESULT: {"script":"<script> [56 bytes]","args":[{"element-6066-11e4-a52e-4f735466cecf":"f.492DEA3F6A95B07ADA96E928C4F8A0EF.d.EBACF845CD8335ADAC928DA98FC5CA74.e.32859","ELEMENT":"f.492DEA3F6A95B07ADA96E928C4F8A0EF.d.EBACF845CD8335ADAC928DA98FC5CA74.e.32859"}]}
COMMAND: GET /session/cdd305857320dd590ea5bbf59a31d46e/screenshot - {}
RESULT: {}
COMMAND: GET /session/cdd305857320dd590ea5bbf59a31d46e/screenshot - {}
RESULT: {}
COMMAND: GET /session/cdd305857320dd590ea5bbf59a31d46e/screenshot - {}
COMMAND: GET /session/cdd305857320dd590ea5bbf59a31d46e/screenshot - {}
RESULT: {}
RESULT: {}
COMMAND: DELETE /session/cdd305857320dd590ea5bbf59a31d46e - {}
RESULT: {}
]]></system-out>
      <system-err><![CDATA[
Error: Handover issuing did not work
    at async Context.<anonymous> (D:\a\1\s\test\specs\HTR\transfer-yard-to-yard.spec.js:237:38)
]]></system-err>
    </testcase>
  </testsuite>
</testsuites>