<?xml version="1.0" encoding="UTF-8"?>
<testsuites tests="17" failures="2" errors="2" skipped="0">
  <testsuite timestamp="2025-06-05T17:32:13" time="1676.132" tests="13" failures="1" errors="1" skipped="0">
    <properties>
      <property name="specId" value="0" />
      <property name="suiteName" value="Partner specific tests US150819 US151080 US151654 US151176 US103444 US151078 US151079 US151109 US151174 US151175 US151189" />
      <property name="capabilities" value="chrome.137_0_7151_69.windows" />
      <property name="file" value="file:///D:/a/1/s/test/specs/BTS/manage-partners.spec.js" />
    </properties>
    <testcase classname="chrome.137_0_7151_69.windows.Partner_specific_tests_US150819_US151080_US151654_US151176_US103444_US151078_US151079_US151109_US151174_US151175_US151189" name="Should create a new yard prerequisite" time="139.033">
      <system-out><![CDATA[
COMMAND: POST /session/298a9cc2a40484f0c35b17e60ac53e2a/window/fullscreen - {}
RESULT: {}
COMMAND: POST /session/298a9cc2a40484f0c35b17e60ac53e2a/element - {"using":"xpath","value":"//li[.//span[text()=\"Manage Partners\"]]"}
RESULT: {"using":"xpath","value":"//li[.//span[text()=\"Manage Partners\"]]"}
COMMAND: POST /session/298a9cc2a40484f0c35b17e60ac53e2a/element - {"using":"xpath","value":"//li[.//span[text()=\"Manage Partners\"]]"}
RESULT: {"using":"xpath","value":"//li[.//span[text()=\"Manage Partners\"]]"}
COMMAND: POST /session/298a9cc2a40484f0c35b17e60ac53e2a/element - {"using":"css selector","value":"#shell-header-logo"}
RESULT: {"using":"css selector","value":"#shell-header-logo"}
COMMAND: POST /session/298a9cc2a40484f0c35b17e60ac53e2a/element/f.F7A39C3863F4D6A216F4478231FD999C.d.7F4EC432EC2CF2859B0AB533D5DFA8B8.e.258/click - {}
COMMAND: POST /session/298a9cc2a40484f0c35b17e60ac53e2a/execute/sync - {"script":"<script> [8489 bytes]","args":[{"element-6066-11e4-a52e-4f735466cecf":"f.F7A39C3863F4D6A216F4478231FD999C.d.7F4EC432EC2CF2859B0AB533D5DFA8B8.e.258","ELEMENT":"f.F7A39C3863F4D6A216F4478231FD999C.d.7F4EC432EC2CF2859B0AB533D5DFA8B8.e.258"}]}
RESULT: {"script":"<script> [8489 bytes]","args":[{"element-6066-11e4-a52e-4f735466cecf":"f.F7A39C3863F4D6A216F4478231FD999C.d.7F4EC432EC2CF2859B0AB533D5DFA8B8.e.258","ELEMENT":"f.F7A39C3863F4D6A216F4478231FD999C.d.7F4EC432EC2CF2859B0AB533D5DFA8B8.e.258"}]}
COMMAND: POST /session/298a9cc2a40484f0c35b17e60ac53e2a/execute/sync - {"script":"<script> [5351 bytes]","args":[{"element-6066-11e4-a52e-4f735466cecf":"f.F7A39C3863F4D6A216F4478231FD999C.d.7F4EC432EC2CF2859B0AB533D5DFA8B8.e.258","ELEMENT":"f.F7A39C3863F4D6A216F4478231FD999C.d.7F4EC432EC2CF2859B0AB533D5DFA8B8.e.258"}]}
COMMAND: GET /session/298a9cc2a40484f0c35b17e60ac53e2a/screenshot - {}
RESULT: {}
COMMAND: GET /session/298a9cc2a40484f0c35b17e60ac53e2a/screenshot - {}
RESULT: {"script":"<script> [5351 bytes]","args":[{"element-6066-11e4-a52e-4f735466cecf":"f.F7A39C3863F4D6A216F4478231FD999C.d.7F4EC432EC2CF2859B0AB533D5DFA8B8.e.258","ELEMENT":"f.F7A39C3863F4D6A216F4478231FD999C.d.7F4EC432EC2CF2859B0AB533D5DFA8B8.e.258"}]}
COMMAND: GET /session/298a9cc2a40484f0c35b17e60ac53e2a/screenshot - {}
RESULT: {}
RESULT: {}
RESULT: {}
COMMAND: POST /session/298a9cc2a40484f0c35b17e60ac53e2a/execute/async - {"script":"<script> [1562 bytes]","args":[{"selector":{"controlType":"sap.m.GenericTile","properties":{"header":"Manage Yards"}},"wdio_ui5_key":"sapm.GenericTile{\"header\":\"Manage Yards\"}"}]}
RESULT: {"script":"<script> [1562 bytes]","args":[{"selector":{"controlType":"sap.m.GenericTile","properties":{"header":"Manage Yards"}},"wdio_ui5_key":"sapm.GenericTile{\"header\":\"Manage Yards\"}"}]}
RESULT: undefined
COMMAND: POST /session/298a9cc2a40484f0c35b17e60ac53e2a/element - {"using":"xpath","value":"//*[@id=\"__tile41\"]"}
RESULT: {"using":"xpath","value":"//*[@id=\"__tile41\"]"}
COMMAND: POST /session/298a9cc2a40484f0c35b17e60ac53e2a/element/f.F7A39C3863F4D6A216F4478231FD999C.d.7F4EC432EC2CF2859B0AB533D5DFA8B8.e.155/click - {}
RESULT: {}
COMMAND: GET /session/298a9cc2a40484f0c35b17e60ac53e2a/screenshot - {}
RESULT: {}
COMMAND: POST /session/298a9cc2a40484f0c35b17e60ac53e2a/elements - {"using":"xpath","value":"//span[text()='Error']"}
RESULT: {"using":"xpath","value":"//span[text()='Error']"}
COMMAND: POST /session/298a9cc2a40484f0c35b17e60ac53e2a/element - {"using":"xpath","value":"//button[@data-kt=\"addNewYardOverflowToolbarButton\"]"}
RESULT: {"using":"xpath","value":"//button[@data-kt=\"addNewYardOverflowToolbarButton\"]"}
COMMAND: POST /session/298a9cc2a40484f0c35b17e60ac53e2a/elements - {"using":"xpath","value":"//button[@data-kt=\"addNewYardOverflowToolbarButton\"]"}
RESULT: {"using":"xpath","value":"//button[@data-kt=\"addNewYardOverflowToolbarButton\"]"}
COMMAND: POST /session/298a9cc2a40484f0c35b17e60ac53e2a/elements - {"using":"xpath","value":"//button[@data-kt=\"addNewYardOverflowToolbarButton\"]"}
RESULT: {"using":"xpath","value":"//button[@data-kt=\"addNewYardOverflowToolbarButton\"]"}
COMMAND: POST /session/298a9cc2a40484f0c35b17e60ac53e2a/elements - {"using":"xpath","value":"//button[@data-kt=\"addNewYardOverflowToolbarButton\"]"}
RESULT: {"using":"xpath","value":"//button[@data-kt=\"addNewYardOverflowToolbarButton\"]"}
COMMAND: POST /session/298a9cc2a40484f0c35b17e60ac53e2a/elements - {"using":"xpath","value":"//button[@data-kt=\"addNewYardOverflowToolbarButton\"]"}
RESULT: {"using":"xpath","value":"//button[@data-kt=\"addNewYardOverflowToolbarButton\"]"}
COMMAND: POST /session/298a9cc2a40484f0c35b17e60ac53e2a/elements - {"using":"xpath","value":"//button[@data-kt=\"addNewYardOverflowToolbarButton\"]"}
RESULT: {"using":"xpath","value":"//button[@data-kt=\"addNewYardOverflowToolbarButton\"]"}
COMMAND: POST /session/298a9cc2a40484f0c35b17e60ac53e2a/elements - {"using":"xpath","value":"//button[@data-kt=\"addNewYardOverflowToolbarButton\"]"}
RESULT: {"using":"xpath","value":"//button[@data-kt=\"addNewYardOverflowToolbarButton\"]"}
COMMAND: POST /session/298a9cc2a40484f0c35b17e60ac53e2a/elements - {"using":"xpath","value":"//button[@data-kt=\"addNewYardOverflowToolbarButton\"]"}
RESULT: {"using":"xpath","value":"//button[@data-kt=\"addNewYardOverflowToolbarButton\"]"}
COMMAND: POST /session/298a9cc2a40484f0c35b17e60ac53e2a/elements - {"using":"xpath","value":"//button[@data-kt=\"addNewYardOverflowToolbarButton\"]"}
RESULT: {"using":"xpath","value":"//button[@data-kt=\"addNewYardOverflowToolbarButton\"]"}
COMMAND: POST /session/298a9cc2a40484f0c35b17e60ac53e2a/element - {"using":"xpath","value":"//button[@data-kt=\"addNewYardOverflowToolbarButton\"]"}
RESULT: {"using":"xpath","value":"//button[@data-kt=\"addNewYardOverflowToolbarButton\"]"}
COMMAND: POST /session/298a9cc2a40484f0c35b17e60ac53e2a/execute/sync - {"script":"<script> [8489 bytes]","args":[{"element-6066-11e4-a52e-4f735466cecf":"f.F7A39C3863F4D6A216F4478231FD999C.d.7F4EC432EC2CF2859B0AB533D5DFA8B8.e.291","ELEMENT":"f.F7A39C3863F4D6A216F4478231FD999C.d.7F4EC432EC2CF2859B0AB533D5DFA8B8.e.291"}]}
RESULT: {"script":"<script> [8489 bytes]","args":[{"element-6066-11e4-a52e-4f735466cecf":"f.F7A39C3863F4D6A216F4478231FD999C.d.7F4EC432EC2CF2859B0AB533D5DFA8B8.e.291","ELEMENT":"f.F7A39C3863F4D6A216F4478231FD999C.d.7F4EC432EC2CF2859B0AB533D5DFA8B8.e.291"}]}
COMMAND: GET /session/298a9cc2a40484f0c35b17e60ac53e2a/element/f.F7A39C3863F4D6A216F4478231FD999C.d.7F4EC432EC2CF2859B0AB533D5DFA8B8.e.291/enabled - {}
COMMAND: GET /session/298a9cc2a40484f0c35b17e60ac53e2a/screenshot - {}
RESULT: {}
COMMAND: POST /session/298a9cc2a40484f0c35b17e60ac53e2a/execute/sync - {"script":"<script> [8489 bytes]","args":[{"element-6066-11e4-a52e-4f735466cecf":"f.F7A39C3863F4D6A216F4478231FD999C.d.7F4EC432EC2CF2859B0AB533D5DFA8B8.e.291","ELEMENT":"f.F7A39C3863F4D6A216F4478231FD999C.d.7F4EC432EC2CF2859B0AB533D5DFA8B8.e.291"}]}
COMMAND: GET /session/298a9cc2a40484f0c35b17e60ac53e2a/screenshot - {}
RESULT: {}
RESULT: {"script":"<script> [8489 bytes]","args":[{"element-6066-11e4-a52e-4f735466cecf":"f.F7A39C3863F4D6A216F4478231FD999C.d.7F4EC432EC2CF2859B0AB533D5DFA8B8.e.291","ELEMENT":"f.F7A39C3863F4D6A216F4478231FD999C.d.7F4EC432EC2CF2859B0AB533D5DFA8B8.e.291"}]}
COMMAND: POST /session/298a9cc2a40484f0c35b17e60ac53e2a/execute/sync - {"script":"<script> [5351 bytes]","args":[{"element-6066-11e4-a52e-4f735466cecf":"f.F7A39C3863F4D6A216F4478231FD999C.d.7F4EC432EC2CF2859B0AB533D5DFA8B8.e.291","ELEMENT":"f.F7A39C3863F4D6A216F4478231FD999C.d.7F4EC432EC2CF2859B0AB533D5DFA8B8.e.291"}]}
COMMAND: GET /session/298a9cc2a40484f0c35b17e60ac53e2a/screenshot - {}
RESULT: {}
RESULT: {"script":"<script> [5351 bytes]","args":[{"element-6066-11e4-a52e-4f735466cecf":"f.F7A39C3863F4D6A216F4478231FD999C.d.7F4EC432EC2CF2859B0AB533D5DFA8B8.e.291","ELEMENT":"f.F7A39C3863F4D6A216F4478231FD999C.d.7F4EC432EC2CF2859B0AB533D5DFA8B8.e.291"}]}
COMMAND: POST /session/298a9cc2a40484f0c35b17e60ac53e2a/element/f.F7A39C3863F4D6A216F4478231FD999C.d.7F4EC432EC2CF2859B0AB533D5DFA8B8.e.291/click - {}
COMMAND: GET /session/298a9cc2a40484f0c35b17e60ac53e2a/screenshot - {}
RESULT: {}
RESULT: {}
COMMAND: GET /session/298a9cc2a40484f0c35b17e60ac53e2a/screenshot - {}
COMMAND: POST /session/298a9cc2a40484f0c35b17e60ac53e2a/element - {"using":"xpath","value":"//input[@id=\"application-manageyards-display-component---NewYard--yardId-inner\"]"}
RESULT: {}
RESULT: {}
RESULT: {"using":"xpath","value":"//input[@id=\"application-manageyards-display-component---NewYard--yardId-inner\"]"}
COMMAND: POST /session/298a9cc2a40484f0c35b17e60ac53e2a/element - {"using":"xpath","value":"//input[@id=\"application-manageyards-display-component---NewYard--yardId-inner\"]"}
RESULT: {"using":"xpath","value":"//input[@id=\"application-manageyards-display-component---NewYard--yardId-inner\"]"}
COMMAND: POST /session/298a9cc2a40484f0c35b17e60ac53e2a/execute/async - {"script":"<script> [1562 bytes]","args":[{"selector":{"id":"application-manageyards-display-component---NewYard--addressDetailDetailsName1","interaction":{"idSuffix":"inner"}},"wdio_ui5_key":"applicationmanageyards-display-component---NewYard--addressDetailDetailsName1"}]}
RESULT: {"script":"<script> [1562 bytes]","args":[{"selector":{"id":"application-manageyards-display-component---NewYard--addressDetailDetailsName1","interaction":{"idSuffix":"inner"}},"wdio_ui5_key":"applicationmanageyards-display-component---NewYard--addressDetailDetailsName1"}]}
RESULT: undefined
COMMAND: POST /session/298a9cc2a40484f0c35b17e60ac53e2a/execute/async - {"script":"<script> [776 bytes]","args":[{"enterText":"Intracompany Yard wdIO","selector":{"id":"application-manageyards-display-component---NewYard--addressDetailDetailsName1","interaction":{"idSuffix":"inner"}},"clearTextFirst":true,"interactionType":"ENTER_TEXT"}]}
RESULT: {"script":"<script> [776 bytes]","args":[{"enterText":"Intracompany Yard wdIO","selector":{"id":"application-manageyards-display-component---NewYard--addressDetailDetailsName1","interaction":{"idSuffix":"inner"}},"clearTextFirst":true,"interactionType":"ENTER_TEXT"}]}
COMMAND: POST /session/298a9cc2a40484f0c35b17e60ac53e2a/execute/async - {"script":"<script> [1562 bytes]","args":[{"selector":{"id":"application-manageyards-display-component---NewYard--addressDetailDetailsLanguage-arrow"},"wdio_ui5_key":"applicationmanageyards-display-component---NewYard--addressDetailDetailsLanguage-arrow"}]}
RESULT: {"script":"<script> [1562 bytes]","args":[{"selector":{"id":"application-manageyards-display-component---NewYard--addressDetailDetailsLanguage-arrow"},"wdio_ui5_key":"applicationmanageyards-display-component---NewYard--addressDetailDetailsLanguage-arrow"}]}
RESULT: undefined
COMMAND: POST /session/298a9cc2a40484f0c35b17e60ac53e2a/element - {"using":"xpath","value":"//*[@id=\"application-manageyards-display-component---NewYard--addressDetailDetailsLanguage-arrow\"]"}
RESULT: {"using":"xpath","value":"//*[@id=\"application-manageyards-display-component---NewYard--addressDetailDetailsLanguage-arrow\"]"}
COMMAND: POST /session/298a9cc2a40484f0c35b17e60ac53e2a/element/f.F7A39C3863F4D6A216F4478231FD999C.d.7F4EC432EC2CF2859B0AB533D5DFA8B8.e.711/click - {}
RESULT: {}
COMMAND: POST /session/298a9cc2a40484f0c35b17e60ac53e2a/element - {"using":"xpath","value":"//span[contains(text(), \"English\")]"}
COMMAND: GET /session/298a9cc2a40484f0c35b17e60ac53e2a/screenshot - {}
RESULT: {"using":"xpath","value":"//span[contains(text(), \"English\")]"}
COMMAND: POST /session/298a9cc2a40484f0c35b17e60ac53e2a/element/f.F7A39C3863F4D6A216F4478231FD999C.d.7F4EC432EC2CF2859B0AB533D5DFA8B8.e.712/click - {}
RESULT: {}
RESULT: {}
COMMAND: POST /session/298a9cc2a40484f0c35b17e60ac53e2a/execute/async - {"script":"<script> [1562 bytes]","args":[{"selector":{"id":"application-manageyards-display-component---NewYard--addressDetailDetailsCity1","interaction":{"idSuffix":"inner"}},"wdio_ui5_key":"applicationmanageyards-display-component---NewYard--addressDetailDetailsCity1"}]}
COMMAND: GET /session/298a9cc2a40484f0c35b17e60ac53e2a/screenshot - {}
RESULT: {"script":"<script> [1562 bytes]","args":[{"selector":{"id":"application-manageyards-display-component---NewYard--addressDetailDetailsCity1","interaction":{"idSuffix":"inner"}},"wdio_ui5_key":"applicationmanageyards-display-component---NewYard--addressDetailDetailsCity1"}]}
RESULT: undefined
COMMAND: POST /session/298a9cc2a40484f0c35b17e60ac53e2a/execute/async - {"script":"<script> [776 bytes]","args":[{"enterText":"Rosario","selector":{"id":"application-manageyards-display-component---NewYard--addressDetailDetailsCity1","interaction":{"idSuffix":"inner"}},"clearTextFirst":true,"interactionType":"ENTER_TEXT"}]}
RESULT: {}
RESULT: {"script":"<script> [776 bytes]","args":[{"enterText":"Rosario","selector":{"id":"application-manageyards-display-component---NewYard--addressDetailDetailsCity1","interaction":{"idSuffix":"inner"}},"clearTextFirst":true,"interactionType":"ENTER_TEXT"}]}
COMMAND: POST /session/298a9cc2a40484f0c35b17e60ac53e2a/execute/async - {"script":"<script> [1562 bytes]","args":[{"selector":{"id":"application-manageyards-display-component---NewYard--addressDetailDetailsCountry-arrow"},"wdio_ui5_key":"applicationmanageyards-display-component---NewYard--addressDetailDetailsCountry-arrow"}]}
RESULT: {"script":"<script> [1562 bytes]","args":[{"selector":{"id":"application-manageyards-display-component---NewYard--addressDetailDetailsCountry-arrow"},"wdio_ui5_key":"applicationmanageyards-display-component---NewYard--addressDetailDetailsCountry-arrow"}]}
RESULT: undefined
COMMAND: POST /session/298a9cc2a40484f0c35b17e60ac53e2a/element - {"using":"xpath","value":"//*[@id=\"application-manageyards-display-component---NewYard--addressDetailDetailsCountry-arrow\"]"}
RESULT: {"using":"xpath","value":"//*[@id=\"application-manageyards-display-component---NewYard--addressDetailDetailsCountry-arrow\"]"}
COMMAND: POST /session/298a9cc2a40484f0c35b17e60ac53e2a/element/f.F7A39C3863F4D6A216F4478231FD999C.d.7F4EC432EC2CF2859B0AB533D5DFA8B8.e.714/click - {}
RESULT: {}
COMMAND: POST /session/298a9cc2a40484f0c35b17e60ac53e2a/element - {"using":"xpath","value":"//span[contains(text(), \"Argentina\")]"}
COMMAND: GET /session/298a9cc2a40484f0c35b17e60ac53e2a/screenshot - {}
RESULT: {"using":"xpath","value":"//span[contains(text(), \"Argentina\")]"}
COMMAND: POST /session/298a9cc2a40484f0c35b17e60ac53e2a/element/f.F7A39C3863F4D6A216F4478231FD999C.d.7F4EC432EC2CF2859B0AB533D5DFA8B8.e.715/click - {}
RESULT: {}
RESULT: {}
COMMAND: POST /session/298a9cc2a40484f0c35b17e60ac53e2a/execute/async - {"script":"<script> [1562 bytes]","args":[{"selector":{"id":"application-manageyards-display-component---NewYard--addressEditDetailsCostObjectCstType-arrow"},"wdio_ui5_key":"applicationmanageyards-display-component---NewYard--addressEditDetailsCostObjectCstType-arrow"}]}
COMMAND: GET /session/298a9cc2a40484f0c35b17e60ac53e2a/screenshot - {}
RESULT: {"script":"<script> [1562 bytes]","args":[{"selector":{"id":"application-manageyards-display-component---NewYard--addressEditDetailsCostObjectCstType-arrow"},"wdio_ui5_key":"applicationmanageyards-display-component---NewYard--addressEditDetailsCostObjectCstType-arrow"}]}
RESULT: undefined
COMMAND: POST /session/298a9cc2a40484f0c35b17e60ac53e2a/element - {"using":"xpath","value":"//*[@id=\"application-manageyards-display-component---NewYard--addressEditDetailsCostObjectCstType-arrow\"]"}
RESULT: {}
RESULT: {"using":"xpath","value":"//*[@id=\"application-manageyards-display-component---NewYard--addressEditDetailsCostObjectCstType-arrow\"]"}
COMMAND: POST /session/298a9cc2a40484f0c35b17e60ac53e2a/element/f.F7A39C3863F4D6A216F4478231FD999C.d.7F4EC432EC2CF2859B0AB533D5DFA8B8.e.717/click - {}
RESULT: {}
COMMAND: POST /session/298a9cc2a40484f0c35b17e60ac53e2a/element - {"using":"xpath","value":"//span[contains(text(), \"Cost Center\")]"}
COMMAND: GET /session/298a9cc2a40484f0c35b17e60ac53e2a/screenshot - {}
RESULT: {"using":"xpath","value":"//span[contains(text(), \"Cost Center\")]"}
COMMAND: POST /session/298a9cc2a40484f0c35b17e60ac53e2a/element/f.F7A39C3863F4D6A216F4478231FD999C.d.7F4EC432EC2CF2859B0AB533D5DFA8B8.e.718/click - {}
RESULT: {}
RESULT: {}
COMMAND: GET /session/298a9cc2a40484f0c35b17e60ac53e2a/screenshot - {}
RESULT: {}
COMMAND: POST /session/298a9cc2a40484f0c35b17e60ac53e2a/element - {"using":"xpath","value":"//span[@id=\"application-manageyards-display-component---NewYard--addressNewCostObjectCstID-vhi\"]"}
RESULT: {"using":"xpath","value":"//span[@id=\"application-manageyards-display-component---NewYard--addressNewCostObjectCstID-vhi\"]"}
COMMAND: POST /session/298a9cc2a40484f0c35b17e60ac53e2a/execute/sync - {"script":"<script> [8489 bytes]","args":[{"element-6066-11e4-a52e-4f735466cecf":"f.F7A39C3863F4D6A216F4478231FD999C.d.7F4EC432EC2CF2859B0AB533D5DFA8B8.e.722","ELEMENT":"f.F7A39C3863F4D6A216F4478231FD999C.d.7F4EC432EC2CF2859B0AB533D5DFA8B8.e.722"}]}
RESULT: {"script":"<script> [8489 bytes]","args":[{"element-6066-11e4-a52e-4f735466cecf":"f.F7A39C3863F4D6A216F4478231FD999C.d.7F4EC432EC2CF2859B0AB533D5DFA8B8.e.722","ELEMENT":"f.F7A39C3863F4D6A216F4478231FD999C.d.7F4EC432EC2CF2859B0AB533D5DFA8B8.e.722"}]}
COMMAND: POST /session/298a9cc2a40484f0c35b17e60ac53e2a/execute/async - {"script":"<script> [1562 bytes]","args":[{"selector":{"id":"application-manageyards-display-component---NewYard--addressNewCostObjectCstID-vhi"},"wdio_ui5_key":"applicationmanageyards-display-component---NewYard--addressNewCostObjectCstID-vhi"}]}
COMMAND: GET /session/298a9cc2a40484f0c35b17e60ac53e2a/screenshot - {}
RESULT: {"script":"<script> [1562 bytes]","args":[{"selector":{"id":"application-manageyards-display-component---NewYard--addressNewCostObjectCstID-vhi"},"wdio_ui5_key":"applicationmanageyards-display-component---NewYard--addressNewCostObjectCstID-vhi"}]}
RESULT: undefined
COMMAND: POST /session/298a9cc2a40484f0c35b17e60ac53e2a/element - {"using":"xpath","value":"//*[@id=\"application-manageyards-display-component---NewYard--addressNewCostObjectCstID-vhi\"]"}
RESULT: {}
RESULT: {"using":"xpath","value":"//*[@id=\"application-manageyards-display-component---NewYard--addressNewCostObjectCstID-vhi\"]"}
COMMAND: POST /session/298a9cc2a40484f0c35b17e60ac53e2a/element/f.F7A39C3863F4D6A216F4478231FD999C.d.7F4EC432EC2CF2859B0AB533D5DFA8B8.e.722/click - {}
RESULT: {}
COMMAND: GET /session/298a9cc2a40484f0c35b17e60ac53e2a/screenshot - {}
RESULT: {}
COMMAND: POST /session/298a9cc2a40484f0c35b17e60ac53e2a/execute/async - {"script":"<script> [1562 bytes]","args":[{"selector":{"controlType":"sap.m.SearchField","properties":{"placeholder":"Search"},"searchOpenDialogs":true,"interaction":{"idSuffix":"I"}},"wdio_ui5_key":"sapm.SearchField{\"placeholder\":\"Search\"}"}]}
RESULT: {"script":"<script> [1562 bytes]","args":[{"selector":{"controlType":"sap.m.SearchField","properties":{"placeholder":"Search"},"searchOpenDialogs":true,"interaction":{"idSuffix":"I"}},"wdio_ui5_key":"sapm.SearchField{\"placeholder\":\"Search\"}"}]}
RESULT: undefined
COMMAND: POST /session/298a9cc2a40484f0c35b17e60ac53e2a/execute/async - {"script":"<script> [776 bytes]","args":[{"enterText":"bauh_b","selector":{"controlType":"sap.m.SearchField","properties":{"placeholder":"Search"},"searchOpenDialogs":true,"interaction":{"idSuffix":"I"}},"clearTextFirst":true,"interactionType":"ENTER_TEXT"}]}
RESULT: {"script":"<script> [776 bytes]","args":[{"enterText":"bauh_b","selector":{"controlType":"sap.m.SearchField","properties":{"placeholder":"Search"},"searchOpenDialogs":true,"interaction":{"idSuffix":"I"}},"clearTextFirst":true,"interactionType":"ENTER_TEXT"}]}
COMMAND: POST /session/298a9cc2a40484f0c35b17e60ac53e2a/actions - {"actions":[{"id":"action1","type":"key","parameters":{},"actions":[{"type":"keyDown","value":"î€‡"},{"type":"pause","duration":10},{"type":"keyUp","value":"î€‡"}]}]}
RESULT: {"actions":[{"id":"action1","type":"key","parameters":{},"actions":[{"type":"keyDown","value":"î€‡"},{"type":"pause","duration":10},{"type":"keyUp","value":"î€‡"}]}]}
COMMAND: GET /session/298a9cc2a40484f0c35b17e60ac53e2a/screenshot - {}
RESULT: {}
COMMAND: POST /session/298a9cc2a40484f0c35b17e60ac53e2a/element - {"using":"xpath","value":"//span[contains(text(), \"Demo Yard\")]"}
RESULT: {"using":"xpath","value":"//span[contains(text(), \"Demo Yard\")]"}
COMMAND: POST /session/298a9cc2a40484f0c35b17e60ac53e2a/element/f.F7A39C3863F4D6A216F4478231FD999C.d.7F4EC432EC2CF2859B0AB533D5DFA8B8.e.765/click - {}
RESULT: {}
COMMAND: GET /session/298a9cc2a40484f0c35b17e60ac53e2a/screenshot - {}
RESULT: {}
COMMAND: POST /session/298a9cc2a40484f0c35b17e60ac53e2a/element - {"using":"xpath","value":"//bdi[contains(text(), \"OK\")]"}
RESULT: {"using":"xpath","value":"//bdi[contains(text(), \"OK\")]"}
COMMAND: POST /session/298a9cc2a40484f0c35b17e60ac53e2a/element/f.F7A39C3863F4D6A216F4478231FD999C.d.7F4EC432EC2CF2859B0AB533D5DFA8B8.e.766/click - {}
RESULT: {}
COMMAND: GET /session/298a9cc2a40484f0c35b17e60ac53e2a/screenshot - {}
RESULT: {}
COMMAND: POST /session/298a9cc2a40484f0c35b17e60ac53e2a/execute/async - {"script":"<script> [1562 bytes]","args":[{"selector":{"id":"application-manageyards-display-component---NewYard--addressEditDetailsCurrency-arrow"},"wdio_ui5_key":"applicationmanageyards-display-component---NewYard--addressEditDetailsCurrency-arrow"}]}
RESULT: {"script":"<script> [1562 bytes]","args":[{"selector":{"id":"application-manageyards-display-component---NewYard--addressEditDetailsCurrency-arrow"},"wdio_ui5_key":"applicationmanageyards-display-component---NewYard--addressEditDetailsCurrency-arrow"}]}
RESULT: undefined
COMMAND: POST /session/298a9cc2a40484f0c35b17e60ac53e2a/element - {"using":"xpath","value":"//*[@id=\"application-manageyards-display-component---NewYard--addressEditDetailsCurrency-arrow\"]"}
RESULT: {"using":"xpath","value":"//*[@id=\"application-manageyards-display-component---NewYard--addressEditDetailsCurrency-arrow\"]"}
COMMAND: POST /session/298a9cc2a40484f0c35b17e60ac53e2a/element/f.F7A39C3863F4D6A216F4478231FD999C.d.7F4EC432EC2CF2859B0AB533D5DFA8B8.e.769/click - {}
RESULT: {}
COMMAND: POST /session/298a9cc2a40484f0c35b17e60ac53e2a/element - {"using":"xpath","value":"//span[contains(text(), \"Euro\")]"}
COMMAND: GET /session/298a9cc2a40484f0c35b17e60ac53e2a/screenshot - {}
RESULT: {"using":"xpath","value":"//span[contains(text(), \"Euro\")]"}
COMMAND: POST /session/298a9cc2a40484f0c35b17e60ac53e2a/element/f.F7A39C3863F4D6A216F4478231FD999C.d.7F4EC432EC2CF2859B0AB533D5DFA8B8.e.770/click - {}
RESULT: {}
RESULT: {}
COMMAND: POST /session/298a9cc2a40484f0c35b17e60ac53e2a/execute/async - {"script":"<script> [1562 bytes]","args":[{"selector":{"controlType":"sap.m.Input","viewName":"etm.portal.ui.manageyards.view.New","viewId":"application-manageyards-display-component---NewYard","bindingPath":{"path":"","propertyPath":"/CONTROLLING_AREA","modelName":"NewYardModel"},"interaction":{"idSuffix":"inner"}},"wdio_ui5_key":"etmportal.ui.manageyards.view.Newsap.m.Input{\"path\":\"\",\"propertyPath\":\"/CONTROLLING_AREA\",\"modelName\":\"NewYardModel\"}"}]}
COMMAND: GET /session/298a9cc2a40484f0c35b17e60ac53e2a/screenshot - {}
RESULT: {"script":"<script> [1562 bytes]","args":[{"selector":{"controlType":"sap.m.Input","viewName":"etm.portal.ui.manageyards.view.New","viewId":"application-manageyards-display-component---NewYard","bindingPath":{"path":"","propertyPath":"/CONTROLLING_AREA","modelName":"NewYardModel"},"interaction":{"idSuffix":"inner"}},"wdio_ui5_key":"etmportal.ui.manageyards.view.Newsap.m.Input{\"path\":\"\",\"propertyPath\":\"/CONTROLLING_AREA\",\"modelName\":\"NewYardModel\"}"}]}
RESULT: undefined
COMMAND: POST /session/298a9cc2a40484f0c35b17e60ac53e2a/execute/async - {"script":"<script> [776 bytes]","args":[{"enterText":"Z001","selector":{"controlType":"sap.m.Input","viewName":"etm.portal.ui.manageyards.view.New","viewId":"application-manageyards-display-component---NewYard","bindingPath":{"path":"","propertyPath":"/CONTROLLING_AREA","modelName":"NewYardModel"},"interaction":{"idSuffix":"inner"}},"clearTextFirst":true,"interactionType":"ENTER_TEXT"}]}
RESULT: {}
RESULT: {"script":"<script> [776 bytes]","args":[{"enterText":"Z001","selector":{"controlType":"sap.m.Input","viewName":"etm.portal.ui.manageyards.view.New","viewId":"application-manageyards-display-component---NewYard","bindingPath":{"path":"","propertyPath":"/CONTROLLING_AREA","modelName":"NewYardModel"},"interaction":{"idSuffix":"inner"}},"clearTextFirst":true,"interactionType":"ENTER_TEXT"}]}
COMMAND: POST /session/298a9cc2a40484f0c35b17e60ac53e2a/execute/async - {"script":"<script> [1562 bytes]","args":[{"selector":{"id":"application-manageyards-display-component---NewYard--companyCodeComboBox","interaction":{"idSuffix":"inner"}},"wdio_ui5_key":"applicationmanageyards-display-component---NewYard--companyCodeComboBox"}]}
RESULT: {"script":"<script> [1562 bytes]","args":[{"selector":{"id":"application-manageyards-display-component---NewYard--companyCodeComboBox","interaction":{"idSuffix":"inner"}},"wdio_ui5_key":"applicationmanageyards-display-component---NewYard--companyCodeComboBox"}]}
RESULT: undefined
COMMAND: POST /session/298a9cc2a40484f0c35b17e60ac53e2a/execute/async - {"script":"<script> [776 bytes]","args":[{"enterText":"1000","selector":{"id":"application-manageyards-display-component---NewYard--companyCodeComboBox","interaction":{"idSuffix":"inner"}},"clearTextFirst":true,"interactionType":"ENTER_TEXT"}]}
RESULT: {"script":"<script> [776 bytes]","args":[{"enterText":"1000","selector":{"id":"application-manageyards-display-component---NewYard--companyCodeComboBox","interaction":{"idSuffix":"inner"}},"clearTextFirst":true,"interactionType":"ENTER_TEXT"}]}
COMMAND: POST /session/298a9cc2a40484f0c35b17e60ac53e2a/execute/async - {"script":"<script> [1562 bytes]","args":[{"selector":{"controlType":"sap.m.Input","viewName":"etm.portal.ui.manageyards.view.New","viewId":"application-manageyards-display-component---NewYard","bindingPath":{"path":"","propertyPath":"/PLANT","modelName":"NewYardModel"},"interaction":{"idSuffix":"inner"}},"wdio_ui5_key":"etmportal.ui.manageyards.view.Newsap.m.Input{\"path\":\"\",\"propertyPath\":\"/PLANT\",\"modelName\":\"NewYardModel\"}"}]}
RESULT: {"script":"<script> [1562 bytes]","args":[{"selector":{"controlType":"sap.m.Input","viewName":"etm.portal.ui.manageyards.view.New","viewId":"application-manageyards-display-component---NewYard","bindingPath":{"path":"","propertyPath":"/PLANT","modelName":"NewYardModel"},"interaction":{"idSuffix":"inner"}},"wdio_ui5_key":"etmportal.ui.manageyards.view.Newsap.m.Input{\"path\":\"\",\"propertyPath\":\"/PLANT\",\"modelName\":\"NewYardModel\"}"}]}
RESULT: undefined
COMMAND: POST /session/298a9cc2a40484f0c35b17e60ac53e2a/execute/async - {"script":"<script> [776 bytes]","args":[{"enterText":"1001","selector":{"controlType":"sap.m.Input","viewName":"etm.portal.ui.manageyards.view.New","viewId":"application-manageyards-display-component---NewYard","bindingPath":{"path":"","propertyPath":"/PLANT","modelName":"NewYardModel"},"interaction":{"idSuffix":"inner"}},"clearTextFirst":true,"interactionType":"ENTER_TEXT"}]}
RESULT: {"script":"<script> [776 bytes]","args":[{"enterText":"1001","selector":{"controlType":"sap.m.Input","viewName":"etm.portal.ui.manageyards.view.New","viewId":"application-manageyards-display-component---NewYard","bindingPath":{"path":"","propertyPath":"/PLANT","modelName":"NewYardModel"},"interaction":{"idSuffix":"inner"}},"clearTextFirst":true,"interactionType":"ENTER_TEXT"}]}
COMMAND: POST /session/298a9cc2a40484f0c35b17e60ac53e2a/execute/async - {"script":"<script> [1562 bytes]","args":[{"selector":{"controlType":"sap.m.Input","viewName":"etm.portal.ui.manageyards.view.New","viewId":"application-manageyards-display-component---NewYard","bindingPath":{"path":"","propertyPath":"/SALES_AREA_VKORG","modelName":"NewYardModel"},"interaction":{"idSuffix":"inner"}},"wdio_ui5_key":"etmportal.ui.manageyards.view.Newsap.m.Input{\"path\":\"\",\"propertyPath\":\"/SALES_AREA_VKORG\",\"modelName\":\"NewYardModel\"}"}]}
RESULT: {"script":"<script> [1562 bytes]","args":[{"selector":{"controlType":"sap.m.Input","viewName":"etm.portal.ui.manageyards.view.New","viewId":"application-manageyards-display-component---NewYard","bindingPath":{"path":"","propertyPath":"/SALES_AREA_VKORG","modelName":"NewYardModel"},"interaction":{"idSuffix":"inner"}},"wdio_ui5_key":"etmportal.ui.manageyards.view.Newsap.m.Input{\"path\":\"\",\"propertyPath\":\"/SALES_AREA_VKORG\",\"modelName\":\"NewYardModel\"}"}]}
RESULT: undefined
COMMAND: POST /session/298a9cc2a40484f0c35b17e60ac53e2a/execute/async - {"script":"<script> [776 bytes]","args":[{"enterText":"C002","selector":{"controlType":"sap.m.Input","viewName":"etm.portal.ui.manageyards.view.New","viewId":"application-manageyards-display-component---NewYard","bindingPath":{"path":"","propertyPath":"/SALES_AREA_VKORG","modelName":"NewYardModel"},"interaction":{"idSuffix":"inner"}},"clearTextFirst":true,"interactionType":"ENTER_TEXT"}]}
RESULT: {"script":"<script> [776 bytes]","args":[{"enterText":"C002","selector":{"controlType":"sap.m.Input","viewName":"etm.portal.ui.manageyards.view.New","viewId":"application-manageyards-display-component---NewYard","bindingPath":{"path":"","propertyPath":"/SALES_AREA_VKORG","modelName":"NewYardModel"},"interaction":{"idSuffix":"inner"}},"clearTextFirst":true,"interactionType":"ENTER_TEXT"}]}
COMMAND: POST /session/298a9cc2a40484f0c35b17e60ac53e2a/execute/async - {"script":"<script> [1562 bytes]","args":[{"selector":{"controlType":"sap.m.Input","viewName":"etm.portal.ui.manageyards.view.New","viewId":"application-manageyards-display-component---NewYard","bindingPath":{"path":"","propertyPath":"/SALES_AREA_VTWEG","modelName":"NewYardModel"},"interaction":{"idSuffix":"inner"}},"wdio_ui5_key":"etmportal.ui.manageyards.view.Newsap.m.Input{\"path\":\"\",\"propertyPath\":\"/SALES_AREA_VTWEG\",\"modelName\":\"NewYardModel\"}"}]}
RESULT: {"script":"<script> [1562 bytes]","args":[{"selector":{"controlType":"sap.m.Input","viewName":"etm.portal.ui.manageyards.view.New","viewId":"application-manageyards-display-component---NewYard","bindingPath":{"path":"","propertyPath":"/SALES_AREA_VTWEG","modelName":"NewYardModel"},"interaction":{"idSuffix":"inner"}},"wdio_ui5_key":"etmportal.ui.manageyards.view.Newsap.m.Input{\"path\":\"\",\"propertyPath\":\"/SALES_AREA_VTWEG\",\"modelName\":\"NewYardModel\"}"}]}
RESULT: undefined
COMMAND: POST /session/298a9cc2a40484f0c35b17e60ac53e2a/execute/async - {"script":"<script> [776 bytes]","args":[{"enterText":"C2","selector":{"controlType":"sap.m.Input","viewName":"etm.portal.ui.manageyards.view.New","viewId":"application-manageyards-display-component---NewYard","bindingPath":{"path":"","propertyPath":"/SALES_AREA_VTWEG","modelName":"NewYardModel"},"interaction":{"idSuffix":"inner"}},"clearTextFirst":true,"interactionType":"ENTER_TEXT"}]}
RESULT: {"script":"<script> [776 bytes]","args":[{"enterText":"C2","selector":{"controlType":"sap.m.Input","viewName":"etm.portal.ui.manageyards.view.New","viewId":"application-manageyards-display-component---NewYard","bindingPath":{"path":"","propertyPath":"/SALES_AREA_VTWEG","modelName":"NewYardModel"},"interaction":{"idSuffix":"inner"}},"clearTextFirst":true,"interactionType":"ENTER_TEXT"}]}
COMMAND: POST /session/298a9cc2a40484f0c35b17e60ac53e2a/execute/async - {"script":"<script> [1562 bytes]","args":[{"selector":{"controlType":"sap.m.Input","viewName":"etm.portal.ui.manageyards.view.New","viewId":"application-manageyards-display-component---NewYard","bindingPath":{"path":"","propertyPath":"/SALES_AREA_SPART","modelName":"NewYardModel"},"interaction":{"idSuffix":"inner"}},"wdio_ui5_key":"etmportal.ui.manageyards.view.Newsap.m.Input{\"path\":\"\",\"propertyPath\":\"/SALES_AREA_SPART\",\"modelName\":\"NewYardModel\"}"}]}
RESULT: {"script":"<script> [1562 bytes]","args":[{"selector":{"controlType":"sap.m.Input","viewName":"etm.portal.ui.manageyards.view.New","viewId":"application-manageyards-display-component---NewYard","bindingPath":{"path":"","propertyPath":"/SALES_AREA_SPART","modelName":"NewYardModel"},"interaction":{"idSuffix":"inner"}},"wdio_ui5_key":"etmportal.ui.manageyards.view.Newsap.m.Input{\"path\":\"\",\"propertyPath\":\"/SALES_AREA_SPART\",\"modelName\":\"NewYardModel\"}"}]}
RESULT: undefined
COMMAND: POST /session/298a9cc2a40484f0c35b17e60ac53e2a/execute/async - {"script":"<script> [776 bytes]","args":[{"enterText":"C2","selector":{"controlType":"sap.m.Input","viewName":"etm.portal.ui.manageyards.view.New","viewId":"application-manageyards-display-component---NewYard","bindingPath":{"path":"","propertyPath":"/SALES_AREA_SPART","modelName":"NewYardModel"},"interaction":{"idSuffix":"inner"}},"clearTextFirst":true,"interactionType":"ENTER_TEXT"}]}
RESULT: {"script":"<script> [776 bytes]","args":[{"enterText":"C2","selector":{"controlType":"sap.m.Input","viewName":"etm.portal.ui.manageyards.view.New","viewId":"application-manageyards-display-component---NewYard","bindingPath":{"path":"","propertyPath":"/SALES_AREA_SPART","modelName":"NewYardModel"},"interaction":{"idSuffix":"inner"}},"clearTextFirst":true,"interactionType":"ENTER_TEXT"}]}
COMMAND: POST /session/298a9cc2a40484f0c35b17e60ac53e2a/execute/async - {"script":"<script> [1562 bytes]","args":[{"selector":{"controlType":"sap.m.Input","viewName":"etm.portal.ui.manageyards.view.New","viewId":"application-manageyards-display-component---NewYard","bindingPath":{"path":"","propertyPath":"/SHIP_POINT","modelName":"NewYardModel"},"interaction":{"idSuffix":"inner"}},"wdio_ui5_key":"etmportal.ui.manageyards.view.Newsap.m.Input{\"path\":\"\",\"propertyPath\":\"/SHIP_POINT\",\"modelName\":\"NewYardModel\"}"}]}
RESULT: {"script":"<script> [1562 bytes]","args":[{"selector":{"controlType":"sap.m.Input","viewName":"etm.portal.ui.manageyards.view.New","viewId":"application-manageyards-display-component---NewYard","bindingPath":{"path":"","propertyPath":"/SHIP_POINT","modelName":"NewYardModel"},"interaction":{"idSuffix":"inner"}},"wdio_ui5_key":"etmportal.ui.manageyards.view.Newsap.m.Input{\"path\":\"\",\"propertyPath\":\"/SHIP_POINT\",\"modelName\":\"NewYardModel\"}"}]}
RESULT: undefined
COMMAND: POST /session/298a9cc2a40484f0c35b17e60ac53e2a/execute/async - {"script":"<script> [776 bytes]","args":[{"enterText":"1710","selector":{"controlType":"sap.m.Input","viewName":"etm.portal.ui.manageyards.view.New","viewId":"application-manageyards-display-component---NewYard","bindingPath":{"path":"","propertyPath":"/SHIP_POINT","modelName":"NewYardModel"},"interaction":{"idSuffix":"inner"}},"clearTextFirst":true,"interactionType":"ENTER_TEXT"}]}
RESULT: {"script":"<script> [776 bytes]","args":[{"enterText":"1710","selector":{"controlType":"sap.m.Input","viewName":"etm.portal.ui.manageyards.view.New","viewId":"application-manageyards-display-component---NewYard","bindingPath":{"path":"","propertyPath":"/SHIP_POINT","modelName":"NewYardModel"},"interaction":{"idSuffix":"inner"}},"clearTextFirst":true,"interactionType":"ENTER_TEXT"}]}
COMMAND: POST /session/298a9cc2a40484f0c35b17e60ac53e2a/execute/async - {"script":"<script> [1562 bytes]","args":[{"selector":{"controlType":"sap.m.Input","viewName":"etm.portal.ui.manageyards.view.New","viewId":"application-manageyards-display-component---NewYard","bindingPath":{"path":"","propertyPath":"/DELIVERY_TYPE","modelName":"NewYardModel"},"interaction":{"idSuffix":"inner"}},"wdio_ui5_key":"etmportal.ui.manageyards.view.Newsap.m.Input{\"path\":\"\",\"propertyPath\":\"/DELIVERY_TYPE\",\"modelName\":\"NewYardModel\"}"}]}
RESULT: {"script":"<script> [1562 bytes]","args":[{"selector":{"controlType":"sap.m.Input","viewName":"etm.portal.ui.manageyards.view.New","viewId":"application-manageyards-display-component---NewYard","bindingPath":{"path":"","propertyPath":"/DELIVERY_TYPE","modelName":"NewYardModel"},"interaction":{"idSuffix":"inner"}},"wdio_ui5_key":"etmportal.ui.manageyards.view.Newsap.m.Input{\"path\":\"\",\"propertyPath\":\"/DELIVERY_TYPE\",\"modelName\":\"NewYardModel\"}"}]}
RESULT: undefined
COMMAND: POST /session/298a9cc2a40484f0c35b17e60ac53e2a/execute/async - {"script":"<script> [776 bytes]","args":[{"enterText":"ZL01","selector":{"controlType":"sap.m.Input","viewName":"etm.portal.ui.manageyards.view.New","viewId":"application-manageyards-display-component---NewYard","bindingPath":{"path":"","propertyPath":"/DELIVERY_TYPE","modelName":"NewYardModel"},"interaction":{"idSuffix":"inner"}},"clearTextFirst":true,"interactionType":"ENTER_TEXT"}]}
RESULT: {"script":"<script> [776 bytes]","args":[{"enterText":"ZL01","selector":{"controlType":"sap.m.Input","viewName":"etm.portal.ui.manageyards.view.New","viewId":"application-manageyards-display-component---NewYard","bindingPath":{"path":"","propertyPath":"/DELIVERY_TYPE","modelName":"NewYardModel"},"interaction":{"idSuffix":"inner"}},"clearTextFirst":true,"interactionType":"ENTER_TEXT"}]}
COMMAND: POST /session/298a9cc2a40484f0c35b17e60ac53e2a/execute/async - {"script":"<script> [1562 bytes]","args":[{"selector":{"controlType":"sap.m.Input","viewName":"etm.portal.ui.manageyards.view.New","viewId":"application-manageyards-display-component---NewYard","bindingPath":{"path":"","propertyPath":"/AUART","modelName":"NewYardModel"},"interaction":{"idSuffix":"inner"}},"wdio_ui5_key":"etmportal.ui.manageyards.view.Newsap.m.Input{\"path\":\"\",\"propertyPath\":\"/AUART\",\"modelName\":\"NewYardModel\"}"}]}
RESULT: {"script":"<script> [1562 bytes]","args":[{"selector":{"controlType":"sap.m.Input","viewName":"etm.portal.ui.manageyards.view.New","viewId":"application-manageyards-display-component---NewYard","bindingPath":{"path":"","propertyPath":"/AUART","modelName":"NewYardModel"},"interaction":{"idSuffix":"inner"}},"wdio_ui5_key":"etmportal.ui.manageyards.view.Newsap.m.Input{\"path\":\"\",\"propertyPath\":\"/AUART\",\"modelName\":\"NewYardModel\"}"}]}
RESULT: undefined
COMMAND: POST /session/298a9cc2a40484f0c35b17e60ac53e2a/execute/async - {"script":"<script> [776 bytes]","args":[{"enterText":"TA","selector":{"controlType":"sap.m.Input","viewName":"etm.portal.ui.manageyards.view.New","viewId":"application-manageyards-display-component---NewYard","bindingPath":{"path":"","propertyPath":"/AUART","modelName":"NewYardModel"},"interaction":{"idSuffix":"inner"}},"clearTextFirst":true,"interactionType":"ENTER_TEXT"}]}
RESULT: {"script":"<script> [776 bytes]","args":[{"enterText":"TA","selector":{"controlType":"sap.m.Input","viewName":"etm.portal.ui.manageyards.view.New","viewId":"application-manageyards-display-component---NewYard","bindingPath":{"path":"","propertyPath":"/AUART","modelName":"NewYardModel"},"interaction":{"idSuffix":"inner"}},"clearTextFirst":true,"interactionType":"ENTER_TEXT"}]}
COMMAND: POST /session/298a9cc2a40484f0c35b17e60ac53e2a/element - {"using":"xpath","value":"//button[@data-kt=\"newYardSaveButton\"]"}
RESULT: {"using":"xpath","value":"//button[@data-kt=\"newYardSaveButton\"]"}
COMMAND: POST /session/298a9cc2a40484f0c35b17e60ac53e2a/element/f.F7A39C3863F4D6A216F4478231FD999C.d.7F4EC432EC2CF2859B0AB533D5DFA8B8.e.705/click - {}
RESULT: {}
COMMAND: GET /session/298a9cc2a40484f0c35b17e60ac53e2a/screenshot - {}
RESULT: {}
COMMAND: POST /session/298a9cc2a40484f0c35b17e60ac53e2a/element - {"using":"xpath","value":"//header[contains(@id, 'ObjectPageLayout-headerTitle')]/div[1]/div[2]/div[1]/span[1]"}
RESULT: {"using":"xpath","value":"//header[contains(@id, 'ObjectPageLayout-headerTitle')]/div[1]/div[2]/div[1]/span[1]"}
COMMAND: POST /session/298a9cc2a40484f0c35b17e60ac53e2a/elements - {"using":"xpath","value":"//header[contains(@id, 'ObjectPageLayout-headerTitle')]/div[1]/div[2]/div[1]/span[1]"}
RESULT: {"using":"xpath","value":"//header[contains(@id, 'ObjectPageLayout-headerTitle')]/div[1]/div[2]/div[1]/span[1]"}
COMMAND: POST /session/298a9cc2a40484f0c35b17e60ac53e2a/execute/sync - {"script":"<script> [56 bytes]","args":[{"element-6066-11e4-a52e-4f735466cecf":"f.F7A39C3863F4D6A216F4478231FD999C.d.7F4EC432EC2CF2859B0AB533D5DFA8B8.e.989","ELEMENT":"f.F7A39C3863F4D6A216F4478231FD999C.d.7F4EC432EC2CF2859B0AB533D5DFA8B8.e.989"}]}
RESULT: {"script":"<script> [56 bytes]","args":[{"element-6066-11e4-a52e-4f735466cecf":"f.F7A39C3863F4D6A216F4478231FD999C.d.7F4EC432EC2CF2859B0AB533D5DFA8B8.e.989","ELEMENT":"f.F7A39C3863F4D6A216F4478231FD999C.d.7F4EC432EC2CF2859B0AB533D5DFA8B8.e.989"}]}
COMMAND: GET /session/298a9cc2a40484f0c35b17e60ac53e2a/screenshot - {}
RESULT: {}
COMMAND: POST /session/298a9cc2a40484f0c35b17e60ac53e2a/element - {"using":"css selector","value":"#shell-header-logo"}
RESULT: {"using":"css selector","value":"#shell-header-logo"}
COMMAND: POST /session/298a9cc2a40484f0c35b17e60ac53e2a/element/f.F7A39C3863F4D6A216F4478231FD999C.d.7F4EC432EC2CF2859B0AB533D5DFA8B8.e.258/click - {}
RESULT: {}
COMMAND: GET /session/298a9cc2a40484f0c35b17e60ac53e2a/screenshot - {}
RESULT: {}
COMMAND: POST /session/298a9cc2a40484f0c35b17e60ac53e2a/execute/sync - {"script":"<script> [299 bytes]","args":[["getModel","getResource"]]}
RESULT: {"script":"<script> [299 bytes]","args":[["getModel","getResource"]]}
COMMAND: GET /session/298a9cc2a40484f0c35b17e60ac53e2a/screenshot - {}
]]></system-out>
    </testcase>
    <testcase classname="chrome.137_0_7151_69.windows.Partner_specific_tests_US150819_US151080_US151654_US151176_US103444_US151078_US151079_US151109_US151174_US151175_US151189" name="Should create new external partner US150819" time="137.113">
      <system-out><![CDATA[
COMMAND: POST /session/298a9cc2a40484f0c35b17e60ac53e2a/element - {"using":"xpath","value":"//li[.//span[text()=\"Manage Partners\"]]"}
RESULT: {}
RESULT: {"using":"xpath","value":"//li[.//span[text()=\"Manage Partners\"]]"}
COMMAND: POST /session/298a9cc2a40484f0c35b17e60ac53e2a/element - {"using":"xpath","value":"//li[.//span[text()=\"Manage Partners\"]]"}
RESULT: {"using":"xpath","value":"//li[.//span[text()=\"Manage Partners\"]]"}
COMMAND: POST /session/298a9cc2a40484f0c35b17e60ac53e2a/element - {"using":"css selector","value":"#shell-header-logo"}
RESULT: {"using":"css selector","value":"#shell-header-logo"}
COMMAND: POST /session/298a9cc2a40484f0c35b17e60ac53e2a/element/f.F7A39C3863F4D6A216F4478231FD999C.d.7F4EC432EC2CF2859B0AB533D5DFA8B8.e.991/click - {}
COMMAND: POST /session/298a9cc2a40484f0c35b17e60ac53e2a/execute/sync - {"script":"<script> [8489 bytes]","args":[{"element-6066-11e4-a52e-4f735466cecf":"f.F7A39C3863F4D6A216F4478231FD999C.d.7F4EC432EC2CF2859B0AB533D5DFA8B8.e.991","ELEMENT":"f.F7A39C3863F4D6A216F4478231FD999C.d.7F4EC432EC2CF2859B0AB533D5DFA8B8.e.991"}]}
RESULT: {"script":"<script> [8489 bytes]","args":[{"element-6066-11e4-a52e-4f735466cecf":"f.F7A39C3863F4D6A216F4478231FD999C.d.7F4EC432EC2CF2859B0AB533D5DFA8B8.e.991","ELEMENT":"f.F7A39C3863F4D6A216F4478231FD999C.d.7F4EC432EC2CF2859B0AB533D5DFA8B8.e.991"}]}
COMMAND: POST /session/298a9cc2a40484f0c35b17e60ac53e2a/execute/sync - {"script":"<script> [5351 bytes]","args":[{"element-6066-11e4-a52e-4f735466cecf":"f.F7A39C3863F4D6A216F4478231FD999C.d.7F4EC432EC2CF2859B0AB533D5DFA8B8.e.991","ELEMENT":"f.F7A39C3863F4D6A216F4478231FD999C.d.7F4EC432EC2CF2859B0AB533D5DFA8B8.e.991"}]}
COMMAND: GET /session/298a9cc2a40484f0c35b17e60ac53e2a/screenshot - {}
RESULT: {}
COMMAND: GET /session/298a9cc2a40484f0c35b17e60ac53e2a/screenshot - {}
RESULT: {"script":"<script> [5351 bytes]","args":[{"element-6066-11e4-a52e-4f735466cecf":"f.F7A39C3863F4D6A216F4478231FD999C.d.7F4EC432EC2CF2859B0AB533D5DFA8B8.e.991","ELEMENT":"f.F7A39C3863F4D6A216F4478231FD999C.d.7F4EC432EC2CF2859B0AB533D5DFA8B8.e.991"}]}
COMMAND: GET /session/298a9cc2a40484f0c35b17e60ac53e2a/screenshot - {}
RESULT: {}
RESULT: {}
RESULT: {}
COMMAND: POST /session/298a9cc2a40484f0c35b17e60ac53e2a/window/fullscreen - {}
RESULT: {}
COMMAND: POST /session/298a9cc2a40484f0c35b17e60ac53e2a/execute/async - {"script":"<script> [1562 bytes]","args":[{"selector":{"controlType":"sap.m.GenericTile","properties":{"header":"Manage Partners"}},"wdio_ui5_key":"sapm.GenericTile{\"header\":\"Manage Partners\"}"}]}
RESULT: {"script":"<script> [1562 bytes]","args":[{"selector":{"controlType":"sap.m.GenericTile","properties":{"header":"Manage Partners"}},"wdio_ui5_key":"sapm.GenericTile{\"header\":\"Manage Partners\"}"}]}
RESULT: undefined
COMMAND: POST /session/298a9cc2a40484f0c35b17e60ac53e2a/element - {"using":"xpath","value":"//*[@id=\"__tile38\"]"}
RESULT: {"using":"xpath","value":"//*[@id=\"__tile38\"]"}
COMMAND: POST /session/298a9cc2a40484f0c35b17e60ac53e2a/element/f.F7A39C3863F4D6A216F4478231FD999C.d.7F4EC432EC2CF2859B0AB533D5DFA8B8.e.146/click - {}
RESULT: {}
COMMAND: GET /session/298a9cc2a40484f0c35b17e60ac53e2a/screenshot - {}
RESULT: {}
COMMAND: POST /session/298a9cc2a40484f0c35b17e60ac53e2a/elements - {"using":"xpath","value":"//span[text()='Error']"}
RESULT: {"using":"xpath","value":"//span[text()='Error']"}
COMMAND: POST /session/298a9cc2a40484f0c35b17e60ac53e2a/element - {"using":"xpath","value":"//button[@data-kt=\"addButton\"]"}
RESULT: {"using":"xpath","value":"//button[@data-kt=\"addButton\"]"}
COMMAND: POST /session/298a9cc2a40484f0c35b17e60ac53e2a/elements - {"using":"xpath","value":"//button[@data-kt=\"addButton\"]"}
RESULT: {"using":"xpath","value":"//button[@data-kt=\"addButton\"]"}
COMMAND: POST /session/298a9cc2a40484f0c35b17e60ac53e2a/elements - {"using":"xpath","value":"//button[@data-kt=\"addButton\"]"}
RESULT: {"using":"xpath","value":"//button[@data-kt=\"addButton\"]"}
COMMAND: POST /session/298a9cc2a40484f0c35b17e60ac53e2a/elements - {"using":"xpath","value":"//button[@data-kt=\"addButton\"]"}
RESULT: {"using":"xpath","value":"//button[@data-kt=\"addButton\"]"}
COMMAND: POST /session/298a9cc2a40484f0c35b17e60ac53e2a/elements - {"using":"xpath","value":"//button[@data-kt=\"addButton\"]"}
RESULT: {"using":"xpath","value":"//button[@data-kt=\"addButton\"]"}
COMMAND: POST /session/298a9cc2a40484f0c35b17e60ac53e2a/element - {"using":"xpath","value":"//button[@data-kt=\"addButton\"]"}
RESULT: {"using":"xpath","value":"//button[@data-kt=\"addButton\"]"}
COMMAND: POST /session/298a9cc2a40484f0c35b17e60ac53e2a/execute/sync - {"script":"<script> [8489 bytes]","args":[{"element-6066-11e4-a52e-4f735466cecf":"f.F7A39C3863F4D6A216F4478231FD999C.d.7F4EC432EC2CF2859B0AB533D5DFA8B8.e.1038","ELEMENT":"f.F7A39C3863F4D6A216F4478231FD999C.d.7F4EC432EC2CF2859B0AB533D5DFA8B8.e.1038"}]}
RESULT: {"script":"<script> [8489 bytes]","args":[{"element-6066-11e4-a52e-4f735466cecf":"f.F7A39C3863F4D6A216F4478231FD999C.d.7F4EC432EC2CF2859B0AB533D5DFA8B8.e.1038","ELEMENT":"f.F7A39C3863F4D6A216F4478231FD999C.d.7F4EC432EC2CF2859B0AB533D5DFA8B8.e.1038"}]}
COMMAND: GET /session/298a9cc2a40484f0c35b17e60ac53e2a/element/f.F7A39C3863F4D6A216F4478231FD999C.d.7F4EC432EC2CF2859B0AB533D5DFA8B8.e.1038/enabled - {}
COMMAND: GET /session/298a9cc2a40484f0c35b17e60ac53e2a/screenshot - {}
RESULT: {}
COMMAND: POST /session/298a9cc2a40484f0c35b17e60ac53e2a/execute/sync - {"script":"<script> [8489 bytes]","args":[{"element-6066-11e4-a52e-4f735466cecf":"f.F7A39C3863F4D6A216F4478231FD999C.d.7F4EC432EC2CF2859B0AB533D5DFA8B8.e.1038","ELEMENT":"f.F7A39C3863F4D6A216F4478231FD999C.d.7F4EC432EC2CF2859B0AB533D5DFA8B8.e.1038"}]}
COMMAND: GET /session/298a9cc2a40484f0c35b17e60ac53e2a/screenshot - {}
RESULT: {}
RESULT: {"script":"<script> [8489 bytes]","args":[{"element-6066-11e4-a52e-4f735466cecf":"f.F7A39C3863F4D6A216F4478231FD999C.d.7F4EC432EC2CF2859B0AB533D5DFA8B8.e.1038","ELEMENT":"f.F7A39C3863F4D6A216F4478231FD999C.d.7F4EC432EC2CF2859B0AB533D5DFA8B8.e.1038"}]}
COMMAND: POST /session/298a9cc2a40484f0c35b17e60ac53e2a/execute/sync - {"script":"<script> [5351 bytes]","args":[{"element-6066-11e4-a52e-4f735466cecf":"f.F7A39C3863F4D6A216F4478231FD999C.d.7F4EC432EC2CF2859B0AB533D5DFA8B8.e.1038","ELEMENT":"f.F7A39C3863F4D6A216F4478231FD999C.d.7F4EC432EC2CF2859B0AB533D5DFA8B8.e.1038"}]}
COMMAND: GET /session/298a9cc2a40484f0c35b17e60ac53e2a/screenshot - {}
RESULT: {}
RESULT: {"script":"<script> [5351 bytes]","args":[{"element-6066-11e4-a52e-4f735466cecf":"f.F7A39C3863F4D6A216F4478231FD999C.d.7F4EC432EC2CF2859B0AB533D5DFA8B8.e.1038","ELEMENT":"f.F7A39C3863F4D6A216F4478231FD999C.d.7F4EC432EC2CF2859B0AB533D5DFA8B8.e.1038"}]}
COMMAND: POST /session/298a9cc2a40484f0c35b17e60ac53e2a/element/f.F7A39C3863F4D6A216F4478231FD999C.d.7F4EC432EC2CF2859B0AB533D5DFA8B8.e.1038/click - {}
COMMAND: GET /session/298a9cc2a40484f0c35b17e60ac53e2a/screenshot - {}
RESULT: {}
RESULT: {}
COMMAND: GET /session/298a9cc2a40484f0c35b17e60ac53e2a/screenshot - {}
RESULT: {}
COMMAND: POST /session/298a9cc2a40484f0c35b17e60ac53e2a/execute/async - {"script":"<script> [1562 bytes]","args":[{"selector":{"id":"application-managepartners-display-component---NewPartner--addressDetailDetailsName1","interaction":{"idSuffix":"inner"}},"wdio_ui5_key":"applicationmanagepartners-display-component---NewPartner--addressDetailDetailsName1"}]}
RESULT: {}
RESULT: {"script":"<script> [1562 bytes]","args":[{"selector":{"id":"application-managepartners-display-component---NewPartner--addressDetailDetailsName1","interaction":{"idSuffix":"inner"}},"wdio_ui5_key":"applicationmanagepartners-display-component---NewPartner--addressDetailDetailsName1"}]}
RESULT: undefined
COMMAND: POST /session/298a9cc2a40484f0c35b17e60ac53e2a/execute/async - {"script":"<script> [776 bytes]","args":[{"enterText":"External Partner WDIO","selector":{"id":"application-managepartners-display-component---NewPartner--addressDetailDetailsName1","interaction":{"idSuffix":"inner"}},"clearTextFirst":true,"interactionType":"ENTER_TEXT"}]}
RESULT: {"script":"<script> [776 bytes]","args":[{"enterText":"External Partner WDIO","selector":{"id":"application-managepartners-display-component---NewPartner--addressDetailDetailsName1","interaction":{"idSuffix":"inner"}},"clearTextFirst":true,"interactionType":"ENTER_TEXT"}]}
COMMAND: POST /session/298a9cc2a40484f0c35b17e60ac53e2a/execute/async - {"script":"<script> [1562 bytes]","args":[{"selector":{"id":"application-managepartners-display-component---NewPartner--addressDetailDetailsLanguage-arrow"},"wdio_ui5_key":"applicationmanagepartners-display-component---NewPartner--addressDetailDetailsLanguage-arrow"}]}
RESULT: {"script":"<script> [1562 bytes]","args":[{"selector":{"id":"application-managepartners-display-component---NewPartner--addressDetailDetailsLanguage-arrow"},"wdio_ui5_key":"applicationmanagepartners-display-component---NewPartner--addressDetailDetailsLanguage-arrow"}]}
RESULT: undefined
COMMAND: POST /session/298a9cc2a40484f0c35b17e60ac53e2a/element - {"using":"xpath","value":"//*[@id=\"application-managepartners-display-component---NewPartner--addressDetailDetailsLanguage-arrow\"]"}
RESULT: {"using":"xpath","value":"//*[@id=\"application-managepartners-display-component---NewPartner--addressDetailDetailsLanguage-arrow\"]"}
COMMAND: POST /session/298a9cc2a40484f0c35b17e60ac53e2a/element/f.F7A39C3863F4D6A216F4478231FD999C.d.7F4EC432EC2CF2859B0AB533D5DFA8B8.e.1478/click - {}
RESULT: {}
COMMAND: POST /session/298a9cc2a40484f0c35b17e60ac53e2a/element - {"using":"xpath","value":"//span[contains(text(), \"English\")]"}
COMMAND: GET /session/298a9cc2a40484f0c35b17e60ac53e2a/screenshot - {}
RESULT: {"using":"xpath","value":"//span[contains(text(), \"English\")]"}
COMMAND: POST /session/298a9cc2a40484f0c35b17e60ac53e2a/element/f.F7A39C3863F4D6A216F4478231FD999C.d.7F4EC432EC2CF2859B0AB533D5DFA8B8.e.1479/click - {}
RESULT: {}
RESULT: {}
COMMAND: GET /session/298a9cc2a40484f0c35b17e60ac53e2a/screenshot - {}
RESULT: {}
COMMAND: POST /session/298a9cc2a40484f0c35b17e60ac53e2a/execute/async - {"script":"<script> [1562 bytes]","args":[{"selector":{"id":"application-managepartners-display-component---NewPartner--addressDetailDetailsCity1","interaction":{"idSuffix":"inner"}},"wdio_ui5_key":"applicationmanagepartners-display-component---NewPartner--addressDetailDetailsCity1"}]}
RESULT: {"script":"<script> [1562 bytes]","args":[{"selector":{"id":"application-managepartners-display-component---NewPartner--addressDetailDetailsCity1","interaction":{"idSuffix":"inner"}},"wdio_ui5_key":"applicationmanagepartners-display-component---NewPartner--addressDetailDetailsCity1"}]}
RESULT: undefined
COMMAND: POST /session/298a9cc2a40484f0c35b17e60ac53e2a/execute/async - {"script":"<script> [776 bytes]","args":[{"enterText":"Rosario","selector":{"id":"application-managepartners-display-component---NewPartner--addressDetailDetailsCity1","interaction":{"idSuffix":"inner"}},"clearTextFirst":true,"interactionType":"ENTER_TEXT"}]}
RESULT: {"script":"<script> [776 bytes]","args":[{"enterText":"Rosario","selector":{"id":"application-managepartners-display-component---NewPartner--addressDetailDetailsCity1","interaction":{"idSuffix":"inner"}},"clearTextFirst":true,"interactionType":"ENTER_TEXT"}]}
COMMAND: POST /session/298a9cc2a40484f0c35b17e60ac53e2a/execute/async - {"script":"<script> [1562 bytes]","args":[{"selector":{"id":"application-managepartners-display-component---NewPartner--addressDetailDetailsCountry-arrow"},"wdio_ui5_key":"applicationmanagepartners-display-component---NewPartner--addressDetailDetailsCountry-arrow"}]}
RESULT: {"script":"<script> [1562 bytes]","args":[{"selector":{"id":"application-managepartners-display-component---NewPartner--addressDetailDetailsCountry-arrow"},"wdio_ui5_key":"applicationmanagepartners-display-component---NewPartner--addressDetailDetailsCountry-arrow"}]}
RESULT: undefined
COMMAND: POST /session/298a9cc2a40484f0c35b17e60ac53e2a/element - {"using":"xpath","value":"//*[@id=\"application-managepartners-display-component---NewPartner--addressDetailDetailsCountry-arrow\"]"}
RESULT: {"using":"xpath","value":"//*[@id=\"application-managepartners-display-component---NewPartner--addressDetailDetailsCountry-arrow\"]"}
COMMAND: POST /session/298a9cc2a40484f0c35b17e60ac53e2a/element/f.F7A39C3863F4D6A216F4478231FD999C.d.7F4EC432EC2CF2859B0AB533D5DFA8B8.e.1442/click - {}
RESULT: {}
COMMAND: POST /session/298a9cc2a40484f0c35b17e60ac53e2a/element - {"using":"xpath","value":"//span[contains(text(), \"Argentina\")]"}
COMMAND: GET /session/298a9cc2a40484f0c35b17e60ac53e2a/screenshot - {}
RESULT: {"using":"xpath","value":"//span[contains(text(), \"Argentina\")]"}
COMMAND: POST /session/298a9cc2a40484f0c35b17e60ac53e2a/element/f.F7A39C3863F4D6A216F4478231FD999C.d.7F4EC432EC2CF2859B0AB533D5DFA8B8.e.1481/click - {}
RESULT: {}
RESULT: {}
COMMAND: GET /session/298a9cc2a40484f0c35b17e60ac53e2a/screenshot - {}
RESULT: {}
COMMAND: POST /session/298a9cc2a40484f0c35b17e60ac53e2a/element - {"using":"xpath","value":"//bdi[contains(text(), \"Commercial\")]"}
RESULT: {"using":"xpath","value":"//bdi[contains(text(), \"Commercial\")]"}
COMMAND: POST /session/298a9cc2a40484f0c35b17e60ac53e2a/element/f.F7A39C3863F4D6A216F4478231FD999C.d.7F4EC432EC2CF2859B0AB533D5DFA8B8.e.1482/click - {}
RESULT: {}
COMMAND: GET /session/298a9cc2a40484f0c35b17e60ac53e2a/screenshot - {}
RESULT: {}
COMMAND: POST /session/298a9cc2a40484f0c35b17e60ac53e2a/execute/async - {"script":"<script> [1562 bytes]","args":[{"selector":{"id":"application-managepartners-display-component---NewPartner--partnerDetailInternal-arrow"},"wdio_ui5_key":"applicationmanagepartners-display-component---NewPartner--partnerDetailInternal-arrow"}]}
RESULT: {"script":"<script> [1562 bytes]","args":[{"selector":{"id":"application-managepartners-display-component---NewPartner--partnerDetailInternal-arrow"},"wdio_ui5_key":"applicationmanagepartners-display-component---NewPartner--partnerDetailInternal-arrow"}]}
RESULT: undefined
COMMAND: POST /session/298a9cc2a40484f0c35b17e60ac53e2a/element - {"using":"xpath","value":"//*[@id=\"application-managepartners-display-component---NewPartner--partnerDetailInternal-arrow\"]"}
RESULT: {"using":"xpath","value":"//*[@id=\"application-managepartners-display-component---NewPartner--partnerDetailInternal-arrow\"]"}
COMMAND: POST /session/298a9cc2a40484f0c35b17e60ac53e2a/element/f.F7A39C3863F4D6A216F4478231FD999C.d.7F4EC432EC2CF2859B0AB533D5DFA8B8.e.1488/click - {}
RESULT: {}
COMMAND: POST /session/298a9cc2a40484f0c35b17e60ac53e2a/element - {"using":"xpath","value":"//span[contains(text(), \"External partner\")]"}
COMMAND: GET /session/298a9cc2a40484f0c35b17e60ac53e2a/screenshot - {}
RESULT: {"using":"xpath","value":"//span[contains(text(), \"External partner\")]"}
COMMAND: POST /session/298a9cc2a40484f0c35b17e60ac53e2a/element/f.F7A39C3863F4D6A216F4478231FD999C.d.7F4EC432EC2CF2859B0AB533D5DFA8B8.e.1491/click - {}
RESULT: {}
RESULT: {}
COMMAND: POST /session/298a9cc2a40484f0c35b17e60ac53e2a/execute/async - {"script":"<script> [1562 bytes]","args":[{"selector":{"id":"application-managepartners-display-component---NewPartner--partnerDetailsCurrency-arrow"},"wdio_ui5_key":"applicationmanagepartners-display-component---NewPartner--partnerDetailsCurrency-arrow"}]}
COMMAND: GET /session/298a9cc2a40484f0c35b17e60ac53e2a/screenshot - {}
RESULT: {"script":"<script> [1562 bytes]","args":[{"selector":{"id":"application-managepartners-display-component---NewPartner--partnerDetailsCurrency-arrow"},"wdio_ui5_key":"applicationmanagepartners-display-component---NewPartner--partnerDetailsCurrency-arrow"}]}
RESULT: undefined
COMMAND: POST /session/298a9cc2a40484f0c35b17e60ac53e2a/element - {"using":"xpath","value":"//*[@id=\"application-managepartners-display-component---NewPartner--partnerDetailsCurrency-arrow\"]"}
RESULT: {}
RESULT: {"using":"xpath","value":"//*[@id=\"application-managepartners-display-component---NewPartner--partnerDetailsCurrency-arrow\"]"}
COMMAND: POST /session/298a9cc2a40484f0c35b17e60ac53e2a/element/f.F7A39C3863F4D6A216F4478231FD999C.d.7F4EC432EC2CF2859B0AB533D5DFA8B8.e.1496/click - {}
RESULT: {}
COMMAND: POST /session/298a9cc2a40484f0c35b17e60ac53e2a/element - {"using":"xpath","value":"//span[contains(text(), \"US Dollar\")]"}
COMMAND: GET /session/298a9cc2a40484f0c35b17e60ac53e2a/screenshot - {}
RESULT: {"using":"xpath","value":"//span[contains(text(), \"US Dollar\")]"}
COMMAND: POST /session/298a9cc2a40484f0c35b17e60ac53e2a/element/f.F7A39C3863F4D6A216F4478231FD999C.d.7F4EC432EC2CF2859B0AB533D5DFA8B8.e.1497/click - {}
RESULT: {}
RESULT: {}
COMMAND: GET /session/298a9cc2a40484f0c35b17e60ac53e2a/screenshot - {}
RESULT: {}
COMMAND: POST /session/298a9cc2a40484f0c35b17e60ac53e2a/element - {"using":"xpath","value":"//input[@id=\"application-managepartners-display-component---NewPartner--companyCodeComboBox-inner\"]"}
RESULT: {"using":"xpath","value":"//input[@id=\"application-managepartners-display-component---NewPartner--companyCodeComboBox-inner\"]"}
COMMAND: POST /session/298a9cc2a40484f0c35b17e60ac53e2a/element/f.F7A39C3863F4D6A216F4478231FD999C.d.7F4EC432EC2CF2859B0AB533D5DFA8B8.e.1437/clear - {}
RESULT: {}
COMMAND: POST /session/298a9cc2a40484f0c35b17e60ac53e2a/element/f.F7A39C3863F4D6A216F4478231FD999C.d.7F4EC432EC2CF2859B0AB533D5DFA8B8.e.1437/value - {"text":"C002"}
COMMAND: GET /session/298a9cc2a40484f0c35b17e60ac53e2a/screenshot - {}
RESULT: {"text":"C002"}
COMMAND: GET /session/298a9cc2a40484f0c35b17e60ac53e2a/screenshot - {}
RESULT: {}
RESULT: {}
COMMAND: POST /session/298a9cc2a40484f0c35b17e60ac53e2a/element - {"using":"xpath","value":"//li[.//span[text()= \"C002\"]]"}
RESULT: {"using":"xpath","value":"//li[.//span[text()= \"C002\"]]"}
COMMAND: POST /session/298a9cc2a40484f0c35b17e60ac53e2a/element/f.F7A39C3863F4D6A216F4478231FD999C.d.7F4EC432EC2CF2859B0AB533D5DFA8B8.e.1501/click - {}
RESULT: {}
COMMAND: GET /session/298a9cc2a40484f0c35b17e60ac53e2a/screenshot - {}
RESULT: {}
COMMAND: POST /session/298a9cc2a40484f0c35b17e60ac53e2a/execute/async - {"script":"<script> [1562 bytes]","args":[{"selector":{"controlType":"sap.ui.core.Icon","viewName":"etm.portal.ui.managepartners.view.NewPartner","viewId":"application-managepartners-display-component---NewPartner","properties":{"src":{"regex":{"source":"slim\\-arrow\\-down"}}},"ancestor":{"controlType":"sap.m.ComboBox","viewName":"etm.portal.ui.managepartners.view.NewPartner","viewId":"application-managepartners-display-component---NewPartner","bindingPath":{"path":"","propertyPath":"/CATALOG","modelName":"oNewPartnerModel"}}},"wdio_ui5_key":"etmportal.ui.managepartners.view.NewPartnersap.ui.core.Icon{\"src\":{\"regex\":{\"source\":\"slim\\\\-arrow\\\\-down\"}}}{\"controlType\":\"sap.m.ComboBox\",\"viewName\":\"etm.portal.ui.managepartners.view.NewPartner\",\"viewId\":\"application-managepartners-display-component---NewPartner\",\"bindingPath\":{\"path\":\"\",\"propertyPath\":\"/CATALOG\",\"modelName\":\"oNewPartnerModel\"}}"}]}
RESULT: {"script":"<script> [1562 bytes]","args":[{"selector":{"controlType":"sap.ui.core.Icon","viewName":"etm.portal.ui.managepartners.view.NewPartner","viewId":"application-managepartners-display-component---NewPartner","properties":{"src":{"regex":{"source":"slim\\-arrow\\-down"}}},"ancestor":{"controlType":"sap.m.ComboBox","viewName":"etm.portal.ui.managepartners.view.NewPartner","viewId":"application-managepartners-display-component---NewPartner","bindingPath":{"path":"","propertyPath":"/CATALOG","modelName":"oNewPartnerModel"}}},"wdio_ui5_key":"etmportal.ui.managepartners.view.NewPartnersap.ui.core.Icon{\"src\":{\"regex\":{\"source\":\"slim\\\\-arrow\\\\-down\"}}}{\"controlType\":\"sap.m.ComboBox\",\"viewName\":\"etm.portal.ui.managepartners.view.NewPartner\",\"viewId\":\"application-managepartners-display-component---NewPartner\",\"bindingPath\":{\"path\":\"\",\"propertyPath\":\"/CATALOG\",\"modelName\":\"oNewPartnerModel\"}}"}]}
RESULT: undefined
COMMAND: POST /session/298a9cc2a40484f0c35b17e60ac53e2a/element - {"using":"xpath","value":"//*[@id=\"__box22-arrow\"]"}
RESULT: {"using":"xpath","value":"//*[@id=\"__box22-arrow\"]"}
COMMAND: POST /session/298a9cc2a40484f0c35b17e60ac53e2a/element/f.F7A39C3863F4D6A216F4478231FD999C.d.7F4EC432EC2CF2859B0AB533D5DFA8B8.e.1443/click - {}
RESULT: {}
COMMAND: GET /session/298a9cc2a40484f0c35b17e60ac53e2a/screenshot - {}
RESULT: {}
COMMAND: POST /session/298a9cc2a40484f0c35b17e60ac53e2a/element - {"using":"xpath","value":"//ul[contains(@id,\"popup-list-listUl\")]//li[.//span[text()= \"Webshop Catalog\"]]"}
RESULT: {"using":"xpath","value":"//ul[contains(@id,\"popup-list-listUl\")]//li[.//span[text()= \"Webshop Catalog\"]]"}
COMMAND: POST /session/298a9cc2a40484f0c35b17e60ac53e2a/element/f.F7A39C3863F4D6A216F4478231FD999C.d.7F4EC432EC2CF2859B0AB533D5DFA8B8.e.1503/click - {}
RESULT: {}
COMMAND: GET /session/298a9cc2a40484f0c35b17e60ac53e2a/screenshot - {}
RESULT: {}
COMMAND: POST /session/298a9cc2a40484f0c35b17e60ac53e2a/execute/async - {"script":"<script> [1562 bytes]","args":[{"selector":{"id":"application-managepartners-display-component---NewPartner--btnAddTableRow-img"},"wdio_ui5_key":"applicationmanagepartners-display-component---NewPartner--btnAddTableRow-img"}]}
RESULT: {"script":"<script> [1562 bytes]","args":[{"selector":{"id":"application-managepartners-display-component---NewPartner--btnAddTableRow-img"},"wdio_ui5_key":"applicationmanagepartners-display-component---NewPartner--btnAddTableRow-img"}]}
RESULT: undefined
COMMAND: POST /session/298a9cc2a40484f0c35b17e60ac53e2a/element - {"using":"xpath","value":"//*[@id=\"application-managepartners-display-component---NewPartner--btnAddTableRow-img\"]"}
RESULT: {"using":"xpath","value":"//*[@id=\"application-managepartners-display-component---NewPartner--btnAddTableRow-img\"]"}
COMMAND: POST /session/298a9cc2a40484f0c35b17e60ac53e2a/element/f.F7A39C3863F4D6A216F4478231FD999C.d.7F4EC432EC2CF2859B0AB533D5DFA8B8.e.1504/click - {}
RESULT: {}
COMMAND: GET /session/298a9cc2a40484f0c35b17e60ac53e2a/screenshot - {}
RESULT: {}
COMMAND: POST /session/298a9cc2a40484f0c35b17e60ac53e2a/element - {"using":"xpath","value":"//input[@id=\"application-managepartners-display-component---NewPartner--assignmentYard-application-managepartners-display-component---NewPartner--assignmentsTable-0-inner\"]"}
RESULT: {"using":"xpath","value":"//input[@id=\"application-managepartners-display-component---NewPartner--assignmentYard-application-managepartners-display-component---NewPartner--assignmentsTable-0-inner\"]"}
COMMAND: POST /session/298a9cc2a40484f0c35b17e60ac53e2a/element/f.F7A39C3863F4D6A216F4478231FD999C.d.7F4EC432EC2CF2859B0AB533D5DFA8B8.e.1507/clear - {}
RESULT: {}
COMMAND: POST /session/298a9cc2a40484f0c35b17e60ac53e2a/element/f.F7A39C3863F4D6A216F4478231FD999C.d.7F4EC432EC2CF2859B0AB533D5DFA8B8.e.1507/value - {"text":"692"}
COMMAND: GET /session/298a9cc2a40484f0c35b17e60ac53e2a/screenshot - {}
RESULT: {"text":"692"}
COMMAND: GET /session/298a9cc2a40484f0c35b17e60ac53e2a/screenshot - {}
RESULT: {}
RESULT: {}
COMMAND: POST /session/298a9cc2a40484f0c35b17e60ac53e2a/element - {"using":"xpath","value":"//li[.//span[text()='692']]"}
RESULT: {"using":"xpath","value":"//li[.//span[text()='692']]"}
COMMAND: POST /session/298a9cc2a40484f0c35b17e60ac53e2a/element/f.F7A39C3863F4D6A216F4478231FD999C.d.7F4EC432EC2CF2859B0AB533D5DFA8B8.e.1515/click - {}
RESULT: {}
COMMAND: GET /session/298a9cc2a40484f0c35b17e60ac53e2a/screenshot - {}
RESULT: {}
COMMAND: POST /session/298a9cc2a40484f0c35b17e60ac53e2a/actions - {"actions":[{"id":"action2","type":"key","parameters":{},"actions":[{"type":"keyDown","value":"î€‡"},{"type":"pause","duration":10},{"type":"keyUp","value":"î€‡"}]}]}
RESULT: {"actions":[{"id":"action2","type":"key","parameters":{},"actions":[{"type":"keyDown","value":"î€‡"},{"type":"pause","duration":10},{"type":"keyUp","value":"î€‡"}]}]}
COMMAND: POST /session/298a9cc2a40484f0c35b17e60ac53e2a/element - {"using":"xpath","value":"//td[contains(@id, \"assignmentsTable-0-cell2\")]/div/div"}
COMMAND: GET /session/298a9cc2a40484f0c35b17e60ac53e2a/screenshot - {}
RESULT: {"using":"xpath","value":"//td[contains(@id, \"assignmentsTable-0-cell2\")]/div/div"}
COMMAND: POST /session/298a9cc2a40484f0c35b17e60ac53e2a/element/f.F7A39C3863F4D6A216F4478231FD999C.d.7F4EC432EC2CF2859B0AB533D5DFA8B8.e.1518/click - {}
RESULT: {}
RESULT: {}
COMMAND: GET /session/298a9cc2a40484f0c35b17e60ac53e2a/screenshot - {}
RESULT: {}
COMMAND: POST /session/298a9cc2a40484f0c35b17e60ac53e2a/element - {"using":"xpath","value":"//button[@data-kt=\"saveButton\"]"}
RESULT: {"using":"xpath","value":"//button[@data-kt=\"saveButton\"]"}
COMMAND: POST /session/298a9cc2a40484f0c35b17e60ac53e2a/element/f.F7A39C3863F4D6A216F4478231FD999C.d.7F4EC432EC2CF2859B0AB533D5DFA8B8.e.1463/click - {}
RESULT: {}
COMMAND: GET /session/298a9cc2a40484f0c35b17e60ac53e2a/screenshot - {}
RESULT: {}
COMMAND: POST /session/298a9cc2a40484f0c35b17e60ac53e2a/element - {"using":"xpath","value":"//header[contains(@id, 'ObjectPageLayout-headerTitle')]/div[1]/div[2]/div[2]/span[1]"}
RESULT: {"using":"xpath","value":"//header[contains(@id, 'ObjectPageLayout-headerTitle')]/div[1]/div[2]/div[2]/span[1]"}
COMMAND: POST /session/298a9cc2a40484f0c35b17e60ac53e2a/elements - {"using":"xpath","value":"//header[contains(@id, 'ObjectPageLayout-headerTitle')]/div[1]/div[2]/div[2]/span[1]"}
RESULT: {"using":"xpath","value":"//header[contains(@id, 'ObjectPageLayout-headerTitle')]/div[1]/div[2]/div[2]/span[1]"}
COMMAND: POST /session/298a9cc2a40484f0c35b17e60ac53e2a/execute/sync - {"script":"<script> [56 bytes]","args":[{"element-6066-11e4-a52e-4f735466cecf":"f.F7A39C3863F4D6A216F4478231FD999C.d.7F4EC432EC2CF2859B0AB533D5DFA8B8.e.1679","ELEMENT":"f.F7A39C3863F4D6A216F4478231FD999C.d.7F4EC432EC2CF2859B0AB533D5DFA8B8.e.1679"}]}
RESULT: {"script":"<script> [56 bytes]","args":[{"element-6066-11e4-a52e-4f735466cecf":"f.F7A39C3863F4D6A216F4478231FD999C.d.7F4EC432EC2CF2859B0AB533D5DFA8B8.e.1679","ELEMENT":"f.F7A39C3863F4D6A216F4478231FD999C.d.7F4EC432EC2CF2859B0AB533D5DFA8B8.e.1679"}]}
COMMAND: POST /session/298a9cc2a40484f0c35b17e60ac53e2a/element - {"using":"css selector","value":"#shell-header-logo"}
COMMAND: GET /session/298a9cc2a40484f0c35b17e60ac53e2a/screenshot - {}
RESULT: {"using":"css selector","value":"#shell-header-logo"}
COMMAND: POST /session/298a9cc2a40484f0c35b17e60ac53e2a/element/f.F7A39C3863F4D6A216F4478231FD999C.d.7F4EC432EC2CF2859B0AB533D5DFA8B8.e.991/click - {}
RESULT: {}
RESULT: {}
COMMAND: GET /session/298a9cc2a40484f0c35b17e60ac53e2a/screenshot - {}
RESULT: {}
COMMAND: POST /session/298a9cc2a40484f0c35b17e60ac53e2a/execute/sync - {"script":"<script> [299 bytes]","args":[["getModel","getResource"]]}
RESULT: {"script":"<script> [299 bytes]","args":[["getModel","getResource"]]}
COMMAND: GET /session/298a9cc2a40484f0c35b17e60ac53e2a/screenshot - {}
]]></system-out>
    </testcase>
    <testcase classname="chrome.137_0_7151_69.windows.Partner_specific_tests_US150819_US151080_US151654_US151176_US103444_US151078_US151079_US151109_US151174_US151175_US151189" name="Should filter and search partners US151080" time="97.533">
      <system-out><![CDATA[
COMMAND: POST /session/298a9cc2a40484f0c35b17e60ac53e2a/element - {"using":"xpath","value":"//li[.//span[text()=\"Manage Partners\"]]"}
RESULT: {}
RESULT: {"using":"xpath","value":"//li[.//span[text()=\"Manage Partners\"]]"}
COMMAND: POST /session/298a9cc2a40484f0c35b17e60ac53e2a/element - {"using":"xpath","value":"//li[.//span[text()=\"Manage Partners\"]]"}
RESULT: {"using":"xpath","value":"//li[.//span[text()=\"Manage Partners\"]]"}
COMMAND: POST /session/298a9cc2a40484f0c35b17e60ac53e2a/element - {"using":"css selector","value":"#shell-header-logo"}
RESULT: {"using":"css selector","value":"#shell-header-logo"}
COMMAND: POST /session/298a9cc2a40484f0c35b17e60ac53e2a/element/f.F7A39C3863F4D6A216F4478231FD999C.d.7F4EC432EC2CF2859B0AB533D5DFA8B8.e.1681/click - {}
COMMAND: POST /session/298a9cc2a40484f0c35b17e60ac53e2a/execute/sync - {"script":"<script> [8489 bytes]","args":[{"element-6066-11e4-a52e-4f735466cecf":"f.F7A39C3863F4D6A216F4478231FD999C.d.7F4EC432EC2CF2859B0AB533D5DFA8B8.e.1681","ELEMENT":"f.F7A39C3863F4D6A216F4478231FD999C.d.7F4EC432EC2CF2859B0AB533D5DFA8B8.e.1681"}]}
RESULT: {"script":"<script> [8489 bytes]","args":[{"element-6066-11e4-a52e-4f735466cecf":"f.F7A39C3863F4D6A216F4478231FD999C.d.7F4EC432EC2CF2859B0AB533D5DFA8B8.e.1681","ELEMENT":"f.F7A39C3863F4D6A216F4478231FD999C.d.7F4EC432EC2CF2859B0AB533D5DFA8B8.e.1681"}]}
COMMAND: POST /session/298a9cc2a40484f0c35b17e60ac53e2a/execute/sync - {"script":"<script> [5351 bytes]","args":[{"element-6066-11e4-a52e-4f735466cecf":"f.F7A39C3863F4D6A216F4478231FD999C.d.7F4EC432EC2CF2859B0AB533D5DFA8B8.e.1681","ELEMENT":"f.F7A39C3863F4D6A216F4478231FD999C.d.7F4EC432EC2CF2859B0AB533D5DFA8B8.e.1681"}]}
COMMAND: GET /session/298a9cc2a40484f0c35b17e60ac53e2a/screenshot - {}
RESULT: {}
COMMAND: GET /session/298a9cc2a40484f0c35b17e60ac53e2a/screenshot - {}
RESULT: {"script":"<script> [5351 bytes]","args":[{"element-6066-11e4-a52e-4f735466cecf":"f.F7A39C3863F4D6A216F4478231FD999C.d.7F4EC432EC2CF2859B0AB533D5DFA8B8.e.1681","ELEMENT":"f.F7A39C3863F4D6A216F4478231FD999C.d.7F4EC432EC2CF2859B0AB533D5DFA8B8.e.1681"}]}
COMMAND: GET /session/298a9cc2a40484f0c35b17e60ac53e2a/screenshot - {}
RESULT: {}
RESULT: {}
RESULT: {}
RESULT: undefined
COMMAND: POST /session/298a9cc2a40484f0c35b17e60ac53e2a/element - {"using":"xpath","value":"//*[@id=\"__tile38\"]"}
RESULT: {"using":"xpath","value":"//*[@id=\"__tile38\"]"}
COMMAND: POST /session/298a9cc2a40484f0c35b17e60ac53e2a/element/f.F7A39C3863F4D6A216F4478231FD999C.d.7F4EC432EC2CF2859B0AB533D5DFA8B8.e.146/click - {}
RESULT: {}
COMMAND: GET /session/298a9cc2a40484f0c35b17e60ac53e2a/screenshot - {}
RESULT: {}
COMMAND: POST /session/298a9cc2a40484f0c35b17e60ac53e2a/elements - {"using":"xpath","value":"//span[text()='Error']"}
RESULT: {"using":"xpath","value":"//span[text()='Error']"}
COMMAND: POST /session/298a9cc2a40484f0c35b17e60ac53e2a/element - {"using":"xpath","value":"//button[@data-kt=\"addButton\"]"}
RESULT: {"using":"xpath","value":"//button[@data-kt=\"addButton\"]"}
COMMAND: POST /session/298a9cc2a40484f0c35b17e60ac53e2a/elements - {"using":"xpath","value":"//button[@data-kt=\"addButton\"]"}
RESULT: {"using":"xpath","value":"//button[@data-kt=\"addButton\"]"}
COMMAND: POST /session/298a9cc2a40484f0c35b17e60ac53e2a/execute/sync - {"script":"<script> [8489 bytes]","args":[{"element-6066-11e4-a52e-4f735466cecf":"f.F7A39C3863F4D6A216F4478231FD999C.d.7F4EC432EC2CF2859B0AB533D5DFA8B8.e.1727","ELEMENT":"f.F7A39C3863F4D6A216F4478231FD999C.d.7F4EC432EC2CF2859B0AB533D5DFA8B8.e.1727"}]}
RESULT: {"script":"<script> [8489 bytes]","args":[{"element-6066-11e4-a52e-4f735466cecf":"f.F7A39C3863F4D6A216F4478231FD999C.d.7F4EC432EC2CF2859B0AB533D5DFA8B8.e.1727","ELEMENT":"f.F7A39C3863F4D6A216F4478231FD999C.d.7F4EC432EC2CF2859B0AB533D5DFA8B8.e.1727"}]}
COMMAND: GET /session/298a9cc2a40484f0c35b17e60ac53e2a/element/f.F7A39C3863F4D6A216F4478231FD999C.d.7F4EC432EC2CF2859B0AB533D5DFA8B8.e.1727/enabled - {}
COMMAND: GET /session/298a9cc2a40484f0c35b17e60ac53e2a/screenshot - {}
RESULT: {}
COMMAND: POST /session/298a9cc2a40484f0c35b17e60ac53e2a/execute/sync - {"script":"<script> [8489 bytes]","args":[{"element-6066-11e4-a52e-4f735466cecf":"f.F7A39C3863F4D6A216F4478231FD999C.d.7F4EC432EC2CF2859B0AB533D5DFA8B8.e.1727","ELEMENT":"f.F7A39C3863F4D6A216F4478231FD999C.d.7F4EC432EC2CF2859B0AB533D5DFA8B8.e.1727"}]}
COMMAND: GET /session/298a9cc2a40484f0c35b17e60ac53e2a/screenshot - {}
RESULT: {}
RESULT: {"script":"<script> [8489 bytes]","args":[{"element-6066-11e4-a52e-4f735466cecf":"f.F7A39C3863F4D6A216F4478231FD999C.d.7F4EC432EC2CF2859B0AB533D5DFA8B8.e.1727","ELEMENT":"f.F7A39C3863F4D6A216F4478231FD999C.d.7F4EC432EC2CF2859B0AB533D5DFA8B8.e.1727"}]}
COMMAND: POST /session/298a9cc2a40484f0c35b17e60ac53e2a/execute/sync - {"script":"<script> [5351 bytes]","args":[{"element-6066-11e4-a52e-4f735466cecf":"f.F7A39C3863F4D6A216F4478231FD999C.d.7F4EC432EC2CF2859B0AB533D5DFA8B8.e.1727","ELEMENT":"f.F7A39C3863F4D6A216F4478231FD999C.d.7F4EC432EC2CF2859B0AB533D5DFA8B8.e.1727"}]}
COMMAND: GET /session/298a9cc2a40484f0c35b17e60ac53e2a/screenshot - {}
RESULT: {}
RESULT: {"script":"<script> [5351 bytes]","args":[{"element-6066-11e4-a52e-4f735466cecf":"f.F7A39C3863F4D6A216F4478231FD999C.d.7F4EC432EC2CF2859B0AB533D5DFA8B8.e.1727","ELEMENT":"f.F7A39C3863F4D6A216F4478231FD999C.d.7F4EC432EC2CF2859B0AB533D5DFA8B8.e.1727"}]}
COMMAND: GET /session/298a9cc2a40484f0c35b17e60ac53e2a/screenshot - {}
RESULT: {}
RESULT: {}
COMMAND: POST /session/298a9cc2a40484f0c35b17e60ac53e2a/execute/async - {"script":"<script> [1562 bytes]","args":[{"selector":{"id":"application-managepartners-display-component---masterPtm--smartTable-btnPersonalisation-img"},"wdio_ui5_key":"applicationmanagepartners-display-component---masterPtm--smartTable-btnPersonalisation-img"}]}
RESULT: {"script":"<script> [1562 bytes]","args":[{"selector":{"id":"application-managepartners-display-component---masterPtm--smartTable-btnPersonalisation-img"},"wdio_ui5_key":"applicationmanagepartners-display-component---masterPtm--smartTable-btnPersonalisation-img"}]}
RESULT: undefined
COMMAND: POST /session/298a9cc2a40484f0c35b17e60ac53e2a/element - {"using":"xpath","value":"//*[@id=\"application-managepartners-display-component---masterPtm--smartTable-btnPersonalisation-img\"]"}
RESULT: {"using":"xpath","value":"//*[@id=\"application-managepartners-display-component---masterPtm--smartTable-btnPersonalisation-img\"]"}
COMMAND: POST /session/298a9cc2a40484f0c35b17e60ac53e2a/element/f.F7A39C3863F4D6A216F4478231FD999C.d.7F4EC432EC2CF2859B0AB533D5DFA8B8.e.1732/click - {}
RESULT: {}
COMMAND: GET /session/298a9cc2a40484f0c35b17e60ac53e2a/screenshot - {}
RESULT: {}
COMMAND: POST /session/298a9cc2a40484f0c35b17e60ac53e2a/execute/async - {"script":"<script> [1562 bytes]","args":[{"selector":{"controlType":"sap.m.IconTabFilter","viewName":"etm.portal.ui.managepartners.view.Master","viewId":"application-managepartners-display-component---masterPtm","properties":{"text":"Sort"},"searchOpenDialogs":true,"interaction":{"idSuffix":"text"}},"wdio_ui5_key":"etmportal.ui.managepartners.view.Mastersap.m.IconTabFilter{\"text\":\"Sort\"}"}]}
RESULT: {"script":"<script> [1562 bytes]","args":[{"selector":{"controlType":"sap.m.IconTabFilter","viewName":"etm.portal.ui.managepartners.view.Master","viewId":"application-managepartners-display-component---masterPtm","properties":{"text":"Sort"},"searchOpenDialogs":true,"interaction":{"idSuffix":"text"}},"wdio_ui5_key":"etmportal.ui.managepartners.view.Mastersap.m.IconTabFilter{\"text\":\"Sort\"}"}]}
RESULT: undefined
COMMAND: POST /session/298a9cc2a40484f0c35b17e60ac53e2a/element - {"using":"xpath","value":"//*[@id=\"__filter1\"]"}
RESULT: {"using":"xpath","value":"//*[@id=\"__filter1\"]"}
COMMAND: POST /session/298a9cc2a40484f0c35b17e60ac53e2a/element/f.F7A39C3863F4D6A216F4478231FD999C.d.7F4EC432EC2CF2859B0AB533D5DFA8B8.e.1875/click - {}
RESULT: {}
COMMAND: GET /session/298a9cc2a40484f0c35b17e60ac53e2a/screenshot - {}
RESULT: {}
COMMAND: POST /session/298a9cc2a40484f0c35b17e60ac53e2a/element - {"using":"xpath","value":"//input[@placeholder=\"Sort by\"]/following-sibling::div//span"}
RESULT: {"using":"xpath","value":"//input[@placeholder=\"Sort by\"]/following-sibling::div//span"}
COMMAND: POST /session/298a9cc2a40484f0c35b17e60ac53e2a/element/f.F7A39C3863F4D6A216F4478231FD999C.d.7F4EC432EC2CF2859B0AB533D5DFA8B8.e.1877/click - {}
RESULT: {}
COMMAND: GET /session/298a9cc2a40484f0c35b17e60ac53e2a/screenshot - {}
RESULT: {}
COMMAND: POST /session/298a9cc2a40484f0c35b17e60ac53e2a/element - {"using":"xpath","value":"//li[.//span[text()=\"Language\"]]"}
RESULT: {"using":"xpath","value":"//li[.//span[text()=\"Language\"]]"}
COMMAND: POST /session/298a9cc2a40484f0c35b17e60ac53e2a/element/f.F7A39C3863F4D6A216F4478231FD999C.d.7F4EC432EC2CF2859B0AB533D5DFA8B8.e.1878/click - {}
RESULT: {}
COMMAND: GET /session/298a9cc2a40484f0c35b17e60ac53e2a/screenshot - {}
RESULT: {}
COMMAND: POST /session/298a9cc2a40484f0c35b17e60ac53e2a/element - {"using":"xpath","value":"//bdi[contains(text(), \"OK\")]"}
RESULT: {"using":"xpath","value":"//bdi[contains(text(), \"OK\")]"}
COMMAND: POST /session/298a9cc2a40484f0c35b17e60ac53e2a/element/f.F7A39C3863F4D6A216F4478231FD999C.d.7F4EC432EC2CF2859B0AB533D5DFA8B8.e.1882/click - {}
RESULT: {}
COMMAND: GET /session/298a9cc2a40484f0c35b17e60ac53e2a/screenshot - {}
RESULT: {}
COMMAND: POST /session/298a9cc2a40484f0c35b17e60ac53e2a/element - {"using":"xpath","value":"//table[contains(@id, \"customPartnersTable\")]//tbody/tr[1]/td[3]/span"}
RESULT: {"using":"xpath","value":"//table[contains(@id, \"customPartnersTable\")]//tbody/tr[1]/td[3]/span"}
COMMAND: POST /session/298a9cc2a40484f0c35b17e60ac53e2a/execute/sync - {"script":"<script> [56 bytes]","args":[{"element-6066-11e4-a52e-4f735466cecf":"f.F7A39C3863F4D6A216F4478231FD999C.d.7F4EC432EC2CF2859B0AB533D5DFA8B8.e.1991","ELEMENT":"f.F7A39C3863F4D6A216F4478231FD999C.d.7F4EC432EC2CF2859B0AB533D5DFA8B8.e.1991"}]}
RESULT: {"script":"<script> [56 bytes]","args":[{"element-6066-11e4-a52e-4f735466cecf":"f.F7A39C3863F4D6A216F4478231FD999C.d.7F4EC432EC2CF2859B0AB533D5DFA8B8.e.1991","ELEMENT":"f.F7A39C3863F4D6A216F4478231FD999C.d.7F4EC432EC2CF2859B0AB533D5DFA8B8.e.1991"}]}
RESULT: undefined
COMMAND: POST /session/298a9cc2a40484f0c35b17e60ac53e2a/element - {"using":"xpath","value":"//*[@id=\"application-managepartners-display-component---masterPtm--smartTable-btnPersonalisation-img\"]"}
COMMAND: GET /session/298a9cc2a40484f0c35b17e60ac53e2a/screenshot - {}
RESULT: {"using":"xpath","value":"//*[@id=\"application-managepartners-display-component---masterPtm--smartTable-btnPersonalisation-img\"]"}
COMMAND: POST /session/298a9cc2a40484f0c35b17e60ac53e2a/element/f.F7A39C3863F4D6A216F4478231FD999C.d.7F4EC432EC2CF2859B0AB533D5DFA8B8.e.1732/click - {}
RESULT: {}
RESULT: {}
COMMAND: GET /session/298a9cc2a40484f0c35b17e60ac53e2a/screenshot - {}
RESULT: {}
COMMAND: POST /session/298a9cc2a40484f0c35b17e60ac53e2a/element - {"using":"xpath","value":"//bdi[contains(text(), \"Reset\")]"}
RESULT: {"using":"xpath","value":"//bdi[contains(text(), \"Reset\")]"}
COMMAND: POST /session/298a9cc2a40484f0c35b17e60ac53e2a/element/f.F7A39C3863F4D6A216F4478231FD999C.d.7F4EC432EC2CF2859B0AB533D5DFA8B8.e.1996/click - {}
RESULT: {}
COMMAND: GET /session/298a9cc2a40484f0c35b17e60ac53e2a/screenshot - {}
RESULT: {}
COMMAND: POST /session/298a9cc2a40484f0c35b17e60ac53e2a/element - {"using":"xpath","value":"(//bdi[contains(text(), \"OK\")])[2]"}
RESULT: {"using":"xpath","value":"(//bdi[contains(text(), \"OK\")])[2]"}
COMMAND: POST /session/298a9cc2a40484f0c35b17e60ac53e2a/element/f.F7A39C3863F4D6A216F4478231FD999C.d.7F4EC432EC2CF2859B0AB533D5DFA8B8.e.1998/click - {}
RESULT: {}
COMMAND: GET /session/298a9cc2a40484f0c35b17e60ac53e2a/screenshot - {}
RESULT: {}
COMMAND: POST /session/298a9cc2a40484f0c35b17e60ac53e2a/element - {"using":"xpath","value":"//bdi[contains(text(), \"OK\")]"}
RESULT: {"using":"xpath","value":"//bdi[contains(text(), \"OK\")]"}
COMMAND: POST /session/298a9cc2a40484f0c35b17e60ac53e2a/element/f.F7A39C3863F4D6A216F4478231FD999C.d.7F4EC432EC2CF2859B0AB533D5DFA8B8.e.2048/click - {}
RESULT: {}
COMMAND: GET /session/298a9cc2a40484f0c35b17e60ac53e2a/screenshot - {}
RESULT: {}
COMMAND: POST /session/298a9cc2a40484f0c35b17e60ac53e2a/element - {"using":"xpath","value":"//table[contains(@id, \"customPartnersTable\")]//tbody/tr[1]/td[3]/span"}
RESULT: {"using":"xpath","value":"//table[contains(@id, \"customPartnersTable\")]//tbody/tr[1]/td[3]/span"}
COMMAND: POST /session/298a9cc2a40484f0c35b17e60ac53e2a/execute/sync - {"script":"<script> [56 bytes]","args":[{"element-6066-11e4-a52e-4f735466cecf":"f.F7A39C3863F4D6A216F4478231FD999C.d.7F4EC432EC2CF2859B0AB533D5DFA8B8.e.2050","ELEMENT":"f.F7A39C3863F4D6A216F4478231FD999C.d.7F4EC432EC2CF2859B0AB533D5DFA8B8.e.2050"}]}
RESULT: {"script":"<script> [56 bytes]","args":[{"element-6066-11e4-a52e-4f735466cecf":"f.F7A39C3863F4D6A216F4478231FD999C.d.7F4EC432EC2CF2859B0AB533D5DFA8B8.e.2050","ELEMENT":"f.F7A39C3863F4D6A216F4478231FD999C.d.7F4EC432EC2CF2859B0AB533D5DFA8B8.e.2050"}]}
RESULT: undefined
COMMAND: POST /session/298a9cc2a40484f0c35b17e60ac53e2a/element - {"using":"xpath","value":"//*[@id=\"application-managepartners-display-component---masterPtm--smartTable-btnPersonalisation-img\"]"}
COMMAND: GET /session/298a9cc2a40484f0c35b17e60ac53e2a/screenshot - {}
RESULT: {"using":"xpath","value":"//*[@id=\"application-managepartners-display-component---masterPtm--smartTable-btnPersonalisation-img\"]"}
COMMAND: POST /session/298a9cc2a40484f0c35b17e60ac53e2a/element/f.F7A39C3863F4D6A216F4478231FD999C.d.7F4EC432EC2CF2859B0AB533D5DFA8B8.e.1732/click - {}
RESULT: {}
RESULT: {}
COMMAND: GET /session/298a9cc2a40484f0c35b17e60ac53e2a/screenshot - {}
RESULT: {}
COMMAND: POST /session/298a9cc2a40484f0c35b17e60ac53e2a/execute/async - {"script":"<script> [1562 bytes]","args":[{"selector":{"controlType":"sap.m.IconTabFilter","viewName":"etm.portal.ui.managepartners.view.Master","viewId":"application-managepartners-display-component---masterPtm","properties":{"text":"Filter"},"searchOpenDialogs":true,"interaction":{"idSuffix":"text"}},"wdio_ui5_key":"etmportal.ui.managepartners.view.Mastersap.m.IconTabFilter{\"text\":\"Filter\"}"}]}
RESULT: {"script":"<script> [1562 bytes]","args":[{"selector":{"controlType":"sap.m.IconTabFilter","viewName":"etm.portal.ui.managepartners.view.Master","viewId":"application-managepartners-display-component---masterPtm","properties":{"text":"Filter"},"searchOpenDialogs":true,"interaction":{"idSuffix":"text"}},"wdio_ui5_key":"etmportal.ui.managepartners.view.Mastersap.m.IconTabFilter{\"text\":\"Filter\"}"}]}
RESULT: undefined
COMMAND: POST /session/298a9cc2a40484f0c35b17e60ac53e2a/element - {"using":"xpath","value":"//*[@id=\"__filter10\"]"}
RESULT: {"using":"xpath","value":"//*[@id=\"__filter10\"]"}
COMMAND: POST /session/298a9cc2a40484f0c35b17e60ac53e2a/element/f.F7A39C3863F4D6A216F4478231FD999C.d.7F4EC432EC2CF2859B0AB533D5DFA8B8.e.2056/click - {}
RESULT: {}
COMMAND: GET /session/298a9cc2a40484f0c35b17e60ac53e2a/screenshot - {}
RESULT: {}
COMMAND: POST /session/298a9cc2a40484f0c35b17e60ac53e2a/element - {"using":"xpath","value":"//input[@placeholder=\"Filter by\"]/following-sibling::div//span"}
RESULT: {"using":"xpath","value":"//input[@placeholder=\"Filter by\"]/following-sibling::div//span"}
COMMAND: POST /session/298a9cc2a40484f0c35b17e60ac53e2a/element/f.F7A39C3863F4D6A216F4478231FD999C.d.7F4EC432EC2CF2859B0AB533D5DFA8B8.e.2058/click - {}
RESULT: {}
COMMAND: GET /session/298a9cc2a40484f0c35b17e60ac53e2a/screenshot - {}
RESULT: {}
COMMAND: POST /session/298a9cc2a40484f0c35b17e60ac53e2a/element - {"using":"xpath","value":"//li[.//span[text()=\"Preferred Yard\"]]"}
RESULT: {"using":"xpath","value":"//li[.//span[text()=\"Preferred Yard\"]]"}
COMMAND: POST /session/298a9cc2a40484f0c35b17e60ac53e2a/element/f.F7A39C3863F4D6A216F4478231FD999C.d.7F4EC432EC2CF2859B0AB533D5DFA8B8.e.2059/click - {}
RESULT: {}
COMMAND: GET /session/298a9cc2a40484f0c35b17e60ac53e2a/screenshot - {}
RESULT: {}
COMMAND: POST /session/298a9cc2a40484f0c35b17e60ac53e2a/execute/async - {"script":"<script> [1562 bytes]","args":[{"selector":{"id":"FilterPanel-filterItemControl_BASIC-application-managepartners-display-component---masterPtm--smartTable-YARDYARD-vhi","searchOpenDialogs":true},"wdio_ui5_key":"FilterPanelfilterItemControl_BASIC-application-managepartners-display-component---masterPtm--smartTable-YARDYARD-vhi"}]}
RESULT: {"script":"<script> [1562 bytes]","args":[{"selector":{"id":"FilterPanel-filterItemControl_BASIC-application-managepartners-display-component---masterPtm--smartTable-YARDYARD-vhi","searchOpenDialogs":true},"wdio_ui5_key":"FilterPanelfilterItemControl_BASIC-application-managepartners-display-component---masterPtm--smartTable-YARDYARD-vhi"}]}
RESULT: undefined
COMMAND: POST /session/298a9cc2a40484f0c35b17e60ac53e2a/element - {"using":"xpath","value":"//*[@id=\"FilterPanel-filterItemControl_BASIC-application-managepartners-display-component---masterPtm--smartTable-YARDYARD-vhi\"]"}
RESULT: {"using":"xpath","value":"//*[@id=\"FilterPanel-filterItemControl_BASIC-application-managepartners-display-component---masterPtm--smartTable-YARDYARD-vhi\"]"}
COMMAND: POST /session/298a9cc2a40484f0c35b17e60ac53e2a/element/f.F7A39C3863F4D6A216F4478231FD999C.d.7F4EC432EC2CF2859B0AB533D5DFA8B8.e.2062/click - {}
RESULT: {}
COMMAND: GET /session/298a9cc2a40484f0c35b17e60ac53e2a/screenshot - {}
RESULT: {}
COMMAND: POST /session/298a9cc2a40484f0c35b17e60ac53e2a/execute/async - {"script":"<script> [1562 bytes]","args":[{"selector":{"id":"FilterPanel-filterItemControl_BASIC-application-managepartners-display-component---masterPtm--smartTable-YARDYARD-valueHelpDialog-smartFilterBar-btnBasicSearch","searchOpenDialogs":true,"interaction":{"idSuffix":"I"}},"wdio_ui5_key":"FilterPanelfilterItemControl_BASIC-application-managepartners-display-component---masterPtm--smartTable-YARDYARD-valueHelpDialog-smartFilterBar-btnBasicSearch"}]}
RESULT: {"script":"<script> [1562 bytes]","args":[{"selector":{"id":"FilterPanel-filterItemControl_BASIC-application-managepartners-display-component---masterPtm--smartTable-YARDYARD-valueHelpDialog-smartFilterBar-btnBasicSearch","searchOpenDialogs":true,"interaction":{"idSuffix":"I"}},"wdio_ui5_key":"FilterPanelfilterItemControl_BASIC-application-managepartners-display-component---masterPtm--smartTable-YARDYARD-valueHelpDialog-smartFilterBar-btnBasicSearch"}]}
RESULT: undefined
COMMAND: POST /session/298a9cc2a40484f0c35b17e60ac53e2a/execute/async - {"script":"<script> [776 bytes]","args":[{"enterText":"692","selector":{"id":"FilterPanel-filterItemControl_BASIC-application-managepartners-display-component---masterPtm--smartTable-YARDYARD-valueHelpDialog-smartFilterBar-btnBasicSearch","searchOpenDialogs":true,"interaction":{"idSuffix":"I"}},"clearTextFirst":true,"interactionType":"ENTER_TEXT"}]}
RESULT: {"script":"<script> [776 bytes]","args":[{"enterText":"692","selector":{"id":"FilterPanel-filterItemControl_BASIC-application-managepartners-display-component---masterPtm--smartTable-YARDYARD-valueHelpDialog-smartFilterBar-btnBasicSearch","searchOpenDialogs":true,"interaction":{"idSuffix":"I"}},"clearTextFirst":true,"interactionType":"ENTER_TEXT"}]}
COMMAND: POST /session/298a9cc2a40484f0c35b17e60ac53e2a/actions - {"actions":[{"id":"action3","type":"key","parameters":{},"actions":[{"type":"keyDown","value":"î€‡"},{"type":"pause","duration":10},{"type":"keyUp","value":"î€‡"}]}]}
RESULT: {"actions":[{"id":"action3","type":"key","parameters":{},"actions":[{"type":"keyDown","value":"î€‡"},{"type":"pause","duration":10},{"type":"keyUp","value":"î€‡"}]}]}
COMMAND: GET /session/298a9cc2a40484f0c35b17e60ac53e2a/screenshot - {}
RESULT: {}
COMMAND: POST /session/298a9cc2a40484f0c35b17e60ac53e2a/elements - {"using":"xpath","value":"//table[contains(@id, \"smartTable-YARDYARD-valueHelpDialog-table-table\")]/tbody/tr"}
RESULT: {"using":"xpath","value":"//table[contains(@id, \"smartTable-YARDYARD-valueHelpDialog-table-table\")]/tbody/tr"}
COMMAND: POST /session/298a9cc2a40484f0c35b17e60ac53e2a/element - {"using":"xpath","value":"//table[contains(@id, \"smartTable-YARDYARD-valueHelpDialog-table-table\")]/tbody/tr[1]/td[1]/div/span"}
RESULT: {"using":"xpath","value":"//table[contains(@id, \"smartTable-YARDYARD-valueHelpDialog-table-table\")]/tbody/tr[1]/td[1]/div/span"}
COMMAND: POST /session/298a9cc2a40484f0c35b17e60ac53e2a/elements - {"using":"xpath","value":"//table[contains(@id, \"smartTable-YARDYARD-valueHelpDialog-table-table\")]/tbody/tr[1]/td[1]/div/span"}
RESULT: {"using":"xpath","value":"//table[contains(@id, \"smartTable-YARDYARD-valueHelpDialog-table-table\")]/tbody/tr[1]/td[1]/div/span"}
COMMAND: POST /session/298a9cc2a40484f0c35b17e60ac53e2a/execute/sync - {"script":"<script> [56 bytes]","args":[{"element-6066-11e4-a52e-4f735466cecf":"f.F7A39C3863F4D6A216F4478231FD999C.d.7F4EC432EC2CF2859B0AB533D5DFA8B8.e.2081","ELEMENT":"f.F7A39C3863F4D6A216F4478231FD999C.d.7F4EC432EC2CF2859B0AB533D5DFA8B8.e.2081"}]}
RESULT: {"script":"<script> [56 bytes]","args":[{"element-6066-11e4-a52e-4f735466cecf":"f.F7A39C3863F4D6A216F4478231FD999C.d.7F4EC432EC2CF2859B0AB533D5DFA8B8.e.2081","ELEMENT":"f.F7A39C3863F4D6A216F4478231FD999C.d.7F4EC432EC2CF2859B0AB533D5DFA8B8.e.2081"}]}
COMMAND: POST /session/298a9cc2a40484f0c35b17e60ac53e2a/element - {"using":"xpath","value":"//div[contains(@id, \"YARDYARD-valueHelpDialog-table-rowsel0\")]"}
COMMAND: GET /session/298a9cc2a40484f0c35b17e60ac53e2a/screenshot - {}
RESULT: {"using":"xpath","value":"//div[contains(@id, \"YARDYARD-valueHelpDialog-table-rowsel0\")]"}
COMMAND: POST /session/298a9cc2a40484f0c35b17e60ac53e2a/element/f.F7A39C3863F4D6A216F4478231FD999C.d.7F4EC432EC2CF2859B0AB533D5DFA8B8.e.2082/click - {}
RESULT: {}
RESULT: {}
COMMAND: GET /session/298a9cc2a40484f0c35b17e60ac53e2a/screenshot - {}
RESULT: {}
COMMAND: POST /session/298a9cc2a40484f0c35b17e60ac53e2a/element - {"using":"xpath","value":"(//bdi[contains(text(), \"OK\")])[2]"}
RESULT: {"using":"xpath","value":"(//bdi[contains(text(), \"OK\")])[2]"}
COMMAND: POST /session/298a9cc2a40484f0c35b17e60ac53e2a/element/f.F7A39C3863F4D6A216F4478231FD999C.d.7F4EC432EC2CF2859B0AB533D5DFA8B8.e.2084/click - {}
RESULT: {}
COMMAND: GET /session/298a9cc2a40484f0c35b17e60ac53e2a/screenshot - {}
RESULT: {}
COMMAND: POST /session/298a9cc2a40484f0c35b17e60ac53e2a/element - {"using":"xpath","value":"//bdi[contains(text(), \"OK\")]"}
RESULT: {"using":"xpath","value":"//bdi[contains(text(), \"OK\")]"}
COMMAND: POST /session/298a9cc2a40484f0c35b17e60ac53e2a/element/f.F7A39C3863F4D6A216F4478231FD999C.d.7F4EC432EC2CF2859B0AB533D5DFA8B8.e.2087/click - {}
RESULT: {}
COMMAND: GET /session/298a9cc2a40484f0c35b17e60ac53e2a/screenshot - {}
RESULT: {}
COMMAND: POST /session/298a9cc2a40484f0c35b17e60ac53e2a/element - {"using":"xpath","value":"//table[contains(@id, \"customPartnersTable\")]//tbody/tr[1]/td[3]/span"}
RESULT: {"using":"xpath","value":"//table[contains(@id, \"customPartnersTable\")]//tbody/tr[1]/td[3]/span"}
COMMAND: POST /session/298a9cc2a40484f0c35b17e60ac53e2a/execute/sync - {"script":"<script> [56 bytes]","args":[{"element-6066-11e4-a52e-4f735466cecf":"f.F7A39C3863F4D6A216F4478231FD999C.d.7F4EC432EC2CF2859B0AB533D5DFA8B8.e.2050","ELEMENT":"f.F7A39C3863F4D6A216F4478231FD999C.d.7F4EC432EC2CF2859B0AB533D5DFA8B8.e.2050"}]}
RESULT: {"script":"<script> [56 bytes]","args":[{"element-6066-11e4-a52e-4f735466cecf":"f.F7A39C3863F4D6A216F4478231FD999C.d.7F4EC432EC2CF2859B0AB533D5DFA8B8.e.2050","ELEMENT":"f.F7A39C3863F4D6A216F4478231FD999C.d.7F4EC432EC2CF2859B0AB533D5DFA8B8.e.2050"}]}
COMMAND: POST /session/298a9cc2a40484f0c35b17e60ac53e2a/element - {"using":"css selector","value":"#shell-header-logo"}
COMMAND: GET /session/298a9cc2a40484f0c35b17e60ac53e2a/screenshot - {}
RESULT: {"using":"css selector","value":"#shell-header-logo"}
COMMAND: POST /session/298a9cc2a40484f0c35b17e60ac53e2a/element/f.F7A39C3863F4D6A216F4478231FD999C.d.7F4EC432EC2CF2859B0AB533D5DFA8B8.e.1681/click - {}
RESULT: {}
RESULT: {}
COMMAND: GET /session/298a9cc2a40484f0c35b17e60ac53e2a/screenshot - {}
RESULT: {}
]]></system-out>
    </testcase>
    <testcase classname="chrome.137_0_7151_69.windows.Partner_specific_tests_US150819_US151080_US151654_US151176_US103444_US151078_US151079_US151109_US151174_US151175_US151189" name="Should deactivate the created partner in earlier step US151654" time="56.792">
      <system-out><![CDATA[
COMMAND: POST /session/298a9cc2a40484f0c35b17e60ac53e2a/element - {"using":"xpath","value":"//li[.//span[text()=\"Manage Partners\"]]"}
RESULT: {"using":"xpath","value":"//li[.//span[text()=\"Manage Partners\"]]"}
COMMAND: POST /session/298a9cc2a40484f0c35b17e60ac53e2a/element - {"using":"xpath","value":"//li[.//span[text()=\"Manage Partners\"]]"}
RESULT: {"using":"xpath","value":"//li[.//span[text()=\"Manage Partners\"]]"}
COMMAND: POST /session/298a9cc2a40484f0c35b17e60ac53e2a/element - {"using":"css selector","value":"#shell-header-logo"}
RESULT: {"using":"css selector","value":"#shell-header-logo"}
COMMAND: POST /session/298a9cc2a40484f0c35b17e60ac53e2a/element/f.F7A39C3863F4D6A216F4478231FD999C.d.7F4EC432EC2CF2859B0AB533D5DFA8B8.e.2142/click - {}
COMMAND: POST /session/298a9cc2a40484f0c35b17e60ac53e2a/execute/sync - {"script":"<script> [8489 bytes]","args":[{"element-6066-11e4-a52e-4f735466cecf":"f.F7A39C3863F4D6A216F4478231FD999C.d.7F4EC432EC2CF2859B0AB533D5DFA8B8.e.2142","ELEMENT":"f.F7A39C3863F4D6A216F4478231FD999C.d.7F4EC432EC2CF2859B0AB533D5DFA8B8.e.2142"}]}
RESULT: {"script":"<script> [8489 bytes]","args":[{"element-6066-11e4-a52e-4f735466cecf":"f.F7A39C3863F4D6A216F4478231FD999C.d.7F4EC432EC2CF2859B0AB533D5DFA8B8.e.2142","ELEMENT":"f.F7A39C3863F4D6A216F4478231FD999C.d.7F4EC432EC2CF2859B0AB533D5DFA8B8.e.2142"}]}
COMMAND: POST /session/298a9cc2a40484f0c35b17e60ac53e2a/execute/sync - {"script":"<script> [5351 bytes]","args":[{"element-6066-11e4-a52e-4f735466cecf":"f.F7A39C3863F4D6A216F4478231FD999C.d.7F4EC432EC2CF2859B0AB533D5DFA8B8.e.2142","ELEMENT":"f.F7A39C3863F4D6A216F4478231FD999C.d.7F4EC432EC2CF2859B0AB533D5DFA8B8.e.2142"}]}
COMMAND: GET /session/298a9cc2a40484f0c35b17e60ac53e2a/screenshot - {}
RESULT: {}
COMMAND: GET /session/298a9cc2a40484f0c35b17e60ac53e2a/screenshot - {}
RESULT: {"script":"<script> [5351 bytes]","args":[{"element-6066-11e4-a52e-4f735466cecf":"f.F7A39C3863F4D6A216F4478231FD999C.d.7F4EC432EC2CF2859B0AB533D5DFA8B8.e.2142","ELEMENT":"f.F7A39C3863F4D6A216F4478231FD999C.d.7F4EC432EC2CF2859B0AB533D5DFA8B8.e.2142"}]}
COMMAND: GET /session/298a9cc2a40484f0c35b17e60ac53e2a/screenshot - {}
RESULT: {}
RESULT: {}
RESULT: {}
RESULT: undefined
COMMAND: POST /session/298a9cc2a40484f0c35b17e60ac53e2a/element - {"using":"xpath","value":"//*[@id=\"__tile38\"]"}
RESULT: {"using":"xpath","value":"//*[@id=\"__tile38\"]"}
COMMAND: POST /session/298a9cc2a40484f0c35b17e60ac53e2a/element/f.F7A39C3863F4D6A216F4478231FD999C.d.7F4EC432EC2CF2859B0AB533D5DFA8B8.e.146/click - {}
RESULT: {}
COMMAND: GET /session/298a9cc2a40484f0c35b17e60ac53e2a/screenshot - {}
RESULT: {}
COMMAND: POST /session/298a9cc2a40484f0c35b17e60ac53e2a/elements - {"using":"xpath","value":"//span[text()='Error']"}
RESULT: {"using":"xpath","value":"//span[text()='Error']"}
COMMAND: POST /session/298a9cc2a40484f0c35b17e60ac53e2a/element - {"using":"xpath","value":"//button[@data-kt=\"addButton\"]"}
RESULT: {"using":"xpath","value":"//button[@data-kt=\"addButton\"]"}
COMMAND: POST /session/298a9cc2a40484f0c35b17e60ac53e2a/elements - {"using":"xpath","value":"//button[@data-kt=\"addButton\"]"}
RESULT: {"using":"xpath","value":"//button[@data-kt=\"addButton\"]"}
COMMAND: POST /session/298a9cc2a40484f0c35b17e60ac53e2a/execute/sync - {"script":"<script> [8489 bytes]","args":[{"element-6066-11e4-a52e-4f735466cecf":"f.F7A39C3863F4D6A216F4478231FD999C.d.7F4EC432EC2CF2859B0AB533D5DFA8B8.e.2177","ELEMENT":"f.F7A39C3863F4D6A216F4478231FD999C.d.7F4EC432EC2CF2859B0AB533D5DFA8B8.e.2177"}]}
RESULT: {"script":"<script> [8489 bytes]","args":[{"element-6066-11e4-a52e-4f735466cecf":"f.F7A39C3863F4D6A216F4478231FD999C.d.7F4EC432EC2CF2859B0AB533D5DFA8B8.e.2177","ELEMENT":"f.F7A39C3863F4D6A216F4478231FD999C.d.7F4EC432EC2CF2859B0AB533D5DFA8B8.e.2177"}]}
COMMAND: GET /session/298a9cc2a40484f0c35b17e60ac53e2a/element/f.F7A39C3863F4D6A216F4478231FD999C.d.7F4EC432EC2CF2859B0AB533D5DFA8B8.e.2177/enabled - {}
COMMAND: GET /session/298a9cc2a40484f0c35b17e60ac53e2a/screenshot - {}
RESULT: {}
COMMAND: POST /session/298a9cc2a40484f0c35b17e60ac53e2a/execute/sync - {"script":"<script> [8489 bytes]","args":[{"element-6066-11e4-a52e-4f735466cecf":"f.F7A39C3863F4D6A216F4478231FD999C.d.7F4EC432EC2CF2859B0AB533D5DFA8B8.e.2177","ELEMENT":"f.F7A39C3863F4D6A216F4478231FD999C.d.7F4EC432EC2CF2859B0AB533D5DFA8B8.e.2177"}]}
COMMAND: GET /session/298a9cc2a40484f0c35b17e60ac53e2a/screenshot - {}
RESULT: {}
RESULT: {}
RESULT: {"script":"<script> [8489 bytes]","args":[{"element-6066-11e4-a52e-4f735466cecf":"f.F7A39C3863F4D6A216F4478231FD999C.d.7F4EC432EC2CF2859B0AB533D5DFA8B8.e.2177","ELEMENT":"f.F7A39C3863F4D6A216F4478231FD999C.d.7F4EC432EC2CF2859B0AB533D5DFA8B8.e.2177"}]}
COMMAND: POST /session/298a9cc2a40484f0c35b17e60ac53e2a/execute/sync - {"script":"<script> [5351 bytes]","args":[{"element-6066-11e4-a52e-4f735466cecf":"f.F7A39C3863F4D6A216F4478231FD999C.d.7F4EC432EC2CF2859B0AB533D5DFA8B8.e.2177","ELEMENT":"f.F7A39C3863F4D6A216F4478231FD999C.d.7F4EC432EC2CF2859B0AB533D5DFA8B8.e.2177"}]}
COMMAND: GET /session/298a9cc2a40484f0c35b17e60ac53e2a/screenshot - {}
RESULT: {"script":"<script> [5351 bytes]","args":[{"element-6066-11e4-a52e-4f735466cecf":"f.F7A39C3863F4D6A216F4478231FD999C.d.7F4EC432EC2CF2859B0AB533D5DFA8B8.e.2177","ELEMENT":"f.F7A39C3863F4D6A216F4478231FD999C.d.7F4EC432EC2CF2859B0AB533D5DFA8B8.e.2177"}]}
COMMAND: GET /session/298a9cc2a40484f0c35b17e60ac53e2a/screenshot - {}
RESULT: {}
RESULT: {}
COMMAND: POST /session/298a9cc2a40484f0c35b17e60ac53e2a/execute/async - {"script":"<script> [1562 bytes]","args":[{"selector":{"id":"application-managepartners-display-component---masterPtm--smartFilterBar-btnBasicSearch","interaction":{"idSuffix":"I"}},"wdio_ui5_key":"applicationmanagepartners-display-component---masterPtm--smartFilterBar-btnBasicSearch"}]}
RESULT: {"script":"<script> [1562 bytes]","args":[{"selector":{"id":"application-managepartners-display-component---masterPtm--smartFilterBar-btnBasicSearch","interaction":{"idSuffix":"I"}},"wdio_ui5_key":"applicationmanagepartners-display-component---masterPtm--smartFilterBar-btnBasicSearch"}]}
RESULT: undefined
COMMAND: POST /session/298a9cc2a40484f0c35b17e60ac53e2a/execute/async - {"script":"<script> [776 bytes]","args":[{"enterText":"1454","selector":{"id":"application-managepartners-display-component---masterPtm--smartFilterBar-btnBasicSearch","interaction":{"idSuffix":"I"}},"clearTextFirst":true,"interactionType":"ENTER_TEXT"}]}
RESULT: {"script":"<script> [776 bytes]","args":[{"enterText":"1454","selector":{"id":"application-managepartners-display-component---masterPtm--smartFilterBar-btnBasicSearch","interaction":{"idSuffix":"I"}},"clearTextFirst":true,"interactionType":"ENTER_TEXT"}]}
COMMAND: POST /session/298a9cc2a40484f0c35b17e60ac53e2a/actions - {"actions":[{"id":"action4","type":"key","parameters":{},"actions":[{"type":"keyDown","value":"î€‡"},{"type":"pause","duration":10},{"type":"keyUp","value":"î€‡"}]}]}
RESULT: {"actions":[{"id":"action4","type":"key","parameters":{},"actions":[{"type":"keyDown","value":"î€‡"},{"type":"pause","duration":10},{"type":"keyUp","value":"î€‡"}]}]}
COMMAND: GET /session/298a9cc2a40484f0c35b17e60ac53e2a/screenshot - {}
RESULT: {}
COMMAND: POST /session/298a9cc2a40484f0c35b17e60ac53e2a/elements - {"using":"xpath","value":"//table[contains(@id, \"customPartnersTable-listUl\")]/tbody/tr"}
RESULT: {"using":"xpath","value":"//table[contains(@id, \"customPartnersTable-listUl\")]/tbody/tr"}
COMMAND: POST /session/298a9cc2a40484f0c35b17e60ac53e2a/element - {"using":"xpath","value":"//table[contains(@id, \"customPartnersTable-listUl\")]/tbody/tr[1]/td[3]/span"}
RESULT: {"using":"xpath","value":"//table[contains(@id, \"customPartnersTable-listUl\")]/tbody/tr[1]/td[3]/span"}
COMMAND: POST /session/298a9cc2a40484f0c35b17e60ac53e2a/elements - {"using":"xpath","value":"//table[contains(@id, \"customPartnersTable-listUl\")]/tbody/tr[1]/td[3]/span"}
RESULT: {"using":"xpath","value":"//table[contains(@id, \"customPartnersTable-listUl\")]/tbody/tr[1]/td[3]/span"}
COMMAND: POST /session/298a9cc2a40484f0c35b17e60ac53e2a/execute/sync - {"script":"<script> [56 bytes]","args":[{"element-6066-11e4-a52e-4f735466cecf":"f.F7A39C3863F4D6A216F4478231FD999C.d.7F4EC432EC2CF2859B0AB533D5DFA8B8.e.2326","ELEMENT":"f.F7A39C3863F4D6A216F4478231FD999C.d.7F4EC432EC2CF2859B0AB533D5DFA8B8.e.2326"}]}
RESULT: {"script":"<script> [56 bytes]","args":[{"element-6066-11e4-a52e-4f735466cecf":"f.F7A39C3863F4D6A216F4478231FD999C.d.7F4EC432EC2CF2859B0AB533D5DFA8B8.e.2326","ELEMENT":"f.F7A39C3863F4D6A216F4478231FD999C.d.7F4EC432EC2CF2859B0AB533D5DFA8B8.e.2326"}]}
COMMAND: POST /session/298a9cc2a40484f0c35b17e60ac53e2a/element - {"using":"xpath","value":"//table[contains(@id, \"customPartnersTable-listUl\")]/tbody/tr[1]/td[7]/div/span"}
COMMAND: GET /session/298a9cc2a40484f0c35b17e60ac53e2a/screenshot - {}
RESULT: {"using":"xpath","value":"//table[contains(@id, \"customPartnersTable-listUl\")]/tbody/tr[1]/td[7]/div/span"}
COMMAND: POST /session/298a9cc2a40484f0c35b17e60ac53e2a/execute/sync - {"script":"<script> [56 bytes]","args":[{"element-6066-11e4-a52e-4f735466cecf":"f.F7A39C3863F4D6A216F4478231FD999C.d.7F4EC432EC2CF2859B0AB533D5DFA8B8.e.2327","ELEMENT":"f.F7A39C3863F4D6A216F4478231FD999C.d.7F4EC432EC2CF2859B0AB533D5DFA8B8.e.2327"}]}
RESULT: {}
RESULT: {"script":"<script> [56 bytes]","args":[{"element-6066-11e4-a52e-4f735466cecf":"f.F7A39C3863F4D6A216F4478231FD999C.d.7F4EC432EC2CF2859B0AB533D5DFA8B8.e.2327","ELEMENT":"f.F7A39C3863F4D6A216F4478231FD999C.d.7F4EC432EC2CF2859B0AB533D5DFA8B8.e.2327"}]}
COMMAND: POST /session/298a9cc2a40484f0c35b17e60ac53e2a/element - {"using":"xpath","value":"//table[contains(@id, \"customPartnersTable-listUl\")]/tbody/tr[1]/td[2]/div/div"}
COMMAND: GET /session/298a9cc2a40484f0c35b17e60ac53e2a/screenshot - {}
RESULT: {"using":"xpath","value":"//table[contains(@id, \"customPartnersTable-listUl\")]/tbody/tr[1]/td[2]/div/div"}
COMMAND: POST /session/298a9cc2a40484f0c35b17e60ac53e2a/element/f.F7A39C3863F4D6A216F4478231FD999C.d.7F4EC432EC2CF2859B0AB533D5DFA8B8.e.2328/click - {}
RESULT: {}
RESULT: {}
COMMAND: GET /session/298a9cc2a40484f0c35b17e60ac53e2a/screenshot - {}
RESULT: {}
COMMAND: POST /session/298a9cc2a40484f0c35b17e60ac53e2a/element - {"using":"xpath","value":"//bdi[contains(text(), \"Deactivate\")]"}
RESULT: {"using":"xpath","value":"//bdi[contains(text(), \"Deactivate\")]"}
COMMAND: POST /session/298a9cc2a40484f0c35b17e60ac53e2a/element/f.F7A39C3863F4D6A216F4478231FD999C.d.7F4EC432EC2CF2859B0AB533D5DFA8B8.e.2329/click - {}
RESULT: {}
COMMAND: GET /session/298a9cc2a40484f0c35b17e60ac53e2a/screenshot - {}
RESULT: {}
COMMAND: POST /session/298a9cc2a40484f0c35b17e60ac53e2a/element - {"using":"xpath","value":"//bdi[contains(text(), \"Yes\")]"}
RESULT: {"using":"xpath","value":"//bdi[contains(text(), \"Yes\")]"}
COMMAND: POST /session/298a9cc2a40484f0c35b17e60ac53e2a/element/f.F7A39C3863F4D6A216F4478231FD999C.d.7F4EC432EC2CF2859B0AB533D5DFA8B8.e.2331/click - {}
RESULT: {}
COMMAND: GET /session/298a9cc2a40484f0c35b17e60ac53e2a/screenshot - {}
RESULT: {}
COMMAND: POST /session/298a9cc2a40484f0c35b17e60ac53e2a/element - {"using":"xpath","value":"//table[contains(@id, \"customPartnersTable-listUl\")]/tbody/tr[1]/td[7]/div/span"}
RESULT: {"using":"xpath","value":"//table[contains(@id, \"customPartnersTable-listUl\")]/tbody/tr[1]/td[7]/div/span"}
COMMAND: POST /session/298a9cc2a40484f0c35b17e60ac53e2a/execute/sync - {"script":"<script> [56 bytes]","args":[{"element-6066-11e4-a52e-4f735466cecf":"f.F7A39C3863F4D6A216F4478231FD999C.d.7F4EC432EC2CF2859B0AB533D5DFA8B8.e.2327","ELEMENT":"f.F7A39C3863F4D6A216F4478231FD999C.d.7F4EC432EC2CF2859B0AB533D5DFA8B8.e.2327"}]}
RESULT: {"script":"<script> [56 bytes]","args":[{"element-6066-11e4-a52e-4f735466cecf":"f.F7A39C3863F4D6A216F4478231FD999C.d.7F4EC432EC2CF2859B0AB533D5DFA8B8.e.2327","ELEMENT":"f.F7A39C3863F4D6A216F4478231FD999C.d.7F4EC432EC2CF2859B0AB533D5DFA8B8.e.2327"}]}
COMMAND: GET /session/298a9cc2a40484f0c35b17e60ac53e2a/screenshot - {}
RESULT: {}
COMMAND: POST /session/298a9cc2a40484f0c35b17e60ac53e2a/element - {"using":"css selector","value":"#shell-header-logo"}
RESULT: {"using":"css selector","value":"#shell-header-logo"}
COMMAND: POST /session/298a9cc2a40484f0c35b17e60ac53e2a/element/f.F7A39C3863F4D6A216F4478231FD999C.d.7F4EC432EC2CF2859B0AB533D5DFA8B8.e.2142/click - {}
RESULT: {}
COMMAND: GET /session/298a9cc2a40484f0c35b17e60ac53e2a/screenshot - {}
RESULT: {}
]]></system-out>
    </testcase>
    <testcase classname="chrome.137_0_7151_69.windows.Partner_specific_tests_US150819_US151080_US151654_US151176_US103444_US151078_US151079_US151109_US151174_US151175_US151189" name="Should activate the created partner again US151176" time="56.858">
      <system-out><![CDATA[
COMMAND: POST /session/298a9cc2a40484f0c35b17e60ac53e2a/element - {"using":"xpath","value":"//li[.//span[text()=\"Manage Partners\"]]"}
RESULT: {"using":"xpath","value":"//li[.//span[text()=\"Manage Partners\"]]"}
COMMAND: POST /session/298a9cc2a40484f0c35b17e60ac53e2a/element - {"using":"xpath","value":"//li[.//span[text()=\"Manage Partners\"]]"}
RESULT: {"using":"xpath","value":"//li[.//span[text()=\"Manage Partners\"]]"}
COMMAND: POST /session/298a9cc2a40484f0c35b17e60ac53e2a/element - {"using":"css selector","value":"#shell-header-logo"}
RESULT: {"using":"css selector","value":"#shell-header-logo"}
COMMAND: POST /session/298a9cc2a40484f0c35b17e60ac53e2a/element/f.F7A39C3863F4D6A216F4478231FD999C.d.7F4EC432EC2CF2859B0AB533D5DFA8B8.e.2335/click - {}
COMMAND: POST /session/298a9cc2a40484f0c35b17e60ac53e2a/execute/sync - {"script":"<script> [8489 bytes]","args":[{"element-6066-11e4-a52e-4f735466cecf":"f.F7A39C3863F4D6A216F4478231FD999C.d.7F4EC432EC2CF2859B0AB533D5DFA8B8.e.2335","ELEMENT":"f.F7A39C3863F4D6A216F4478231FD999C.d.7F4EC432EC2CF2859B0AB533D5DFA8B8.e.2335"}]}
RESULT: {}
COMMAND: GET /session/298a9cc2a40484f0c35b17e60ac53e2a/screenshot - {}
RESULT: {"script":"<script> [8489 bytes]","args":[{"element-6066-11e4-a52e-4f735466cecf":"f.F7A39C3863F4D6A216F4478231FD999C.d.7F4EC432EC2CF2859B0AB533D5DFA8B8.e.2335","ELEMENT":"f.F7A39C3863F4D6A216F4478231FD999C.d.7F4EC432EC2CF2859B0AB533D5DFA8B8.e.2335"}]}
COMMAND: POST /session/298a9cc2a40484f0c35b17e60ac53e2a/execute/sync - {"script":"<script> [5351 bytes]","args":[{"element-6066-11e4-a52e-4f735466cecf":"f.F7A39C3863F4D6A216F4478231FD999C.d.7F4EC432EC2CF2859B0AB533D5DFA8B8.e.2335","ELEMENT":"f.F7A39C3863F4D6A216F4478231FD999C.d.7F4EC432EC2CF2859B0AB533D5DFA8B8.e.2335"}]}
COMMAND: GET /session/298a9cc2a40484f0c35b17e60ac53e2a/screenshot - {}
RESULT: {}
RESULT: {"script":"<script> [5351 bytes]","args":[{"element-6066-11e4-a52e-4f735466cecf":"f.F7A39C3863F4D6A216F4478231FD999C.d.7F4EC432EC2CF2859B0AB533D5DFA8B8.e.2335","ELEMENT":"f.F7A39C3863F4D6A216F4478231FD999C.d.7F4EC432EC2CF2859B0AB533D5DFA8B8.e.2335"}]}
COMMAND: GET /session/298a9cc2a40484f0c35b17e60ac53e2a/screenshot - {}
RESULT: {}
RESULT: {}
RESULT: undefined
COMMAND: POST /session/298a9cc2a40484f0c35b17e60ac53e2a/element - {"using":"xpath","value":"//*[@id=\"__tile38\"]"}
RESULT: {"using":"xpath","value":"//*[@id=\"__tile38\"]"}
COMMAND: POST /session/298a9cc2a40484f0c35b17e60ac53e2a/element/f.F7A39C3863F4D6A216F4478231FD999C.d.7F4EC432EC2CF2859B0AB533D5DFA8B8.e.146/click - {}
RESULT: {}
COMMAND: GET /session/298a9cc2a40484f0c35b17e60ac53e2a/screenshot - {}
RESULT: {}
COMMAND: POST /session/298a9cc2a40484f0c35b17e60ac53e2a/elements - {"using":"xpath","value":"//span[text()='Error']"}
RESULT: {"using":"xpath","value":"//span[text()='Error']"}
COMMAND: POST /session/298a9cc2a40484f0c35b17e60ac53e2a/element - {"using":"xpath","value":"//button[@data-kt=\"addButton\"]"}
RESULT: {"using":"xpath","value":"//button[@data-kt=\"addButton\"]"}
COMMAND: POST /session/298a9cc2a40484f0c35b17e60ac53e2a/elements - {"using":"xpath","value":"//button[@data-kt=\"addButton\"]"}
RESULT: {"using":"xpath","value":"//button[@data-kt=\"addButton\"]"}
COMMAND: POST /session/298a9cc2a40484f0c35b17e60ac53e2a/elements - {"using":"xpath","value":"//button[@data-kt=\"addButton\"]"}
RESULT: {"using":"xpath","value":"//button[@data-kt=\"addButton\"]"}
COMMAND: POST /session/298a9cc2a40484f0c35b17e60ac53e2a/element - {"using":"xpath","value":"//button[@data-kt=\"addButton\"]"}
RESULT: {"using":"xpath","value":"//button[@data-kt=\"addButton\"]"}
COMMAND: POST /session/298a9cc2a40484f0c35b17e60ac53e2a/execute/sync - {"script":"<script> [8489 bytes]","args":[{"element-6066-11e4-a52e-4f735466cecf":"f.F7A39C3863F4D6A216F4478231FD999C.d.7F4EC432EC2CF2859B0AB533D5DFA8B8.e.2370","ELEMENT":"f.F7A39C3863F4D6A216F4478231FD999C.d.7F4EC432EC2CF2859B0AB533D5DFA8B8.e.2370"}]}
RESULT: {"script":"<script> [8489 bytes]","args":[{"element-6066-11e4-a52e-4f735466cecf":"f.F7A39C3863F4D6A216F4478231FD999C.d.7F4EC432EC2CF2859B0AB533D5DFA8B8.e.2370","ELEMENT":"f.F7A39C3863F4D6A216F4478231FD999C.d.7F4EC432EC2CF2859B0AB533D5DFA8B8.e.2370"}]}
COMMAND: GET /session/298a9cc2a40484f0c35b17e60ac53e2a/element/f.F7A39C3863F4D6A216F4478231FD999C.d.7F4EC432EC2CF2859B0AB533D5DFA8B8.e.2370/enabled - {}
COMMAND: GET /session/298a9cc2a40484f0c35b17e60ac53e2a/screenshot - {}
RESULT: {}
COMMAND: POST /session/298a9cc2a40484f0c35b17e60ac53e2a/execute/sync - {"script":"<script> [8489 bytes]","args":[{"element-6066-11e4-a52e-4f735466cecf":"f.F7A39C3863F4D6A216F4478231FD999C.d.7F4EC432EC2CF2859B0AB533D5DFA8B8.e.2370","ELEMENT":"f.F7A39C3863F4D6A216F4478231FD999C.d.7F4EC432EC2CF2859B0AB533D5DFA8B8.e.2370"}]}
COMMAND: GET /session/298a9cc2a40484f0c35b17e60ac53e2a/screenshot - {}
RESULT: {}
RESULT: {"script":"<script> [8489 bytes]","args":[{"element-6066-11e4-a52e-4f735466cecf":"f.F7A39C3863F4D6A216F4478231FD999C.d.7F4EC432EC2CF2859B0AB533D5DFA8B8.e.2370","ELEMENT":"f.F7A39C3863F4D6A216F4478231FD999C.d.7F4EC432EC2CF2859B0AB533D5DFA8B8.e.2370"}]}
COMMAND: POST /session/298a9cc2a40484f0c35b17e60ac53e2a/execute/sync - {"script":"<script> [5351 bytes]","args":[{"element-6066-11e4-a52e-4f735466cecf":"f.F7A39C3863F4D6A216F4478231FD999C.d.7F4EC432EC2CF2859B0AB533D5DFA8B8.e.2370","ELEMENT":"f.F7A39C3863F4D6A216F4478231FD999C.d.7F4EC432EC2CF2859B0AB533D5DFA8B8.e.2370"}]}
COMMAND: GET /session/298a9cc2a40484f0c35b17e60ac53e2a/screenshot - {}
RESULT: {}
RESULT: {"script":"<script> [5351 bytes]","args":[{"element-6066-11e4-a52e-4f735466cecf":"f.F7A39C3863F4D6A216F4478231FD999C.d.7F4EC432EC2CF2859B0AB533D5DFA8B8.e.2370","ELEMENT":"f.F7A39C3863F4D6A216F4478231FD999C.d.7F4EC432EC2CF2859B0AB533D5DFA8B8.e.2370"}]}
COMMAND: GET /session/298a9cc2a40484f0c35b17e60ac53e2a/screenshot - {}
RESULT: {}
RESULT: {}
RESULT: undefined
COMMAND: POST /session/298a9cc2a40484f0c35b17e60ac53e2a/execute/async - {"script":"<script> [776 bytes]","args":[{"enterText":"1454","selector":{"id":"application-managepartners-display-component---masterPtm--smartFilterBar-btnBasicSearch","interaction":{"idSuffix":"I"}},"clearTextFirst":true,"interactionType":"ENTER_TEXT"}]}
RESULT: {"script":"<script> [776 bytes]","args":[{"enterText":"1454","selector":{"id":"application-managepartners-display-component---masterPtm--smartFilterBar-btnBasicSearch","interaction":{"idSuffix":"I"}},"clearTextFirst":true,"interactionType":"ENTER_TEXT"}]}
COMMAND: POST /session/298a9cc2a40484f0c35b17e60ac53e2a/actions - {"actions":[{"id":"action5","type":"key","parameters":{},"actions":[{"type":"keyDown","value":"î€‡"},{"type":"pause","duration":10},{"type":"keyUp","value":"î€‡"}]}]}
RESULT: {"actions":[{"id":"action5","type":"key","parameters":{},"actions":[{"type":"keyDown","value":"î€‡"},{"type":"pause","duration":10},{"type":"keyUp","value":"î€‡"}]}]}
COMMAND: GET /session/298a9cc2a40484f0c35b17e60ac53e2a/screenshot - {}
RESULT: {}
COMMAND: POST /session/298a9cc2a40484f0c35b17e60ac53e2a/elements - {"using":"xpath","value":"//table[contains(@id, \"customPartnersTable-listUl\")]/tbody/tr"}
RESULT: {"using":"xpath","value":"//table[contains(@id, \"customPartnersTable-listUl\")]/tbody/tr"}
COMMAND: POST /session/298a9cc2a40484f0c35b17e60ac53e2a/element - {"using":"xpath","value":"//table[contains(@id, \"customPartnersTable-listUl\")]/tbody/tr[1]/td[3]/span"}
RESULT: {"using":"xpath","value":"//table[contains(@id, \"customPartnersTable-listUl\")]/tbody/tr[1]/td[3]/span"}
COMMAND: POST /session/298a9cc2a40484f0c35b17e60ac53e2a/elements - {"using":"xpath","value":"//table[contains(@id, \"customPartnersTable-listUl\")]/tbody/tr[1]/td[3]/span"}
RESULT: {"using":"xpath","value":"//table[contains(@id, \"customPartnersTable-listUl\")]/tbody/tr[1]/td[3]/span"}
COMMAND: POST /session/298a9cc2a40484f0c35b17e60ac53e2a/execute/sync - {"script":"<script> [56 bytes]","args":[{"element-6066-11e4-a52e-4f735466cecf":"f.F7A39C3863F4D6A216F4478231FD999C.d.7F4EC432EC2CF2859B0AB533D5DFA8B8.e.2516","ELEMENT":"f.F7A39C3863F4D6A216F4478231FD999C.d.7F4EC432EC2CF2859B0AB533D5DFA8B8.e.2516"}]}
RESULT: {"script":"<script> [56 bytes]","args":[{"element-6066-11e4-a52e-4f735466cecf":"f.F7A39C3863F4D6A216F4478231FD999C.d.7F4EC432EC2CF2859B0AB533D5DFA8B8.e.2516","ELEMENT":"f.F7A39C3863F4D6A216F4478231FD999C.d.7F4EC432EC2CF2859B0AB533D5DFA8B8.e.2516"}]}
COMMAND: POST /session/298a9cc2a40484f0c35b17e60ac53e2a/element - {"using":"xpath","value":"//table[contains(@id, \"customPartnersTable-listUl\")]/tbody/tr[1]/td[7]/div/span"}
COMMAND: GET /session/298a9cc2a40484f0c35b17e60ac53e2a/screenshot - {}
RESULT: {"using":"xpath","value":"//table[contains(@id, \"customPartnersTable-listUl\")]/tbody/tr[1]/td[7]/div/span"}
COMMAND: POST /session/298a9cc2a40484f0c35b17e60ac53e2a/execute/sync - {"script":"<script> [56 bytes]","args":[{"element-6066-11e4-a52e-4f735466cecf":"f.F7A39C3863F4D6A216F4478231FD999C.d.7F4EC432EC2CF2859B0AB533D5DFA8B8.e.2517","ELEMENT":"f.F7A39C3863F4D6A216F4478231FD999C.d.7F4EC432EC2CF2859B0AB533D5DFA8B8.e.2517"}]}
RESULT: {}
RESULT: {"script":"<script> [56 bytes]","args":[{"element-6066-11e4-a52e-4f735466cecf":"f.F7A39C3863F4D6A216F4478231FD999C.d.7F4EC432EC2CF2859B0AB533D5DFA8B8.e.2517","ELEMENT":"f.F7A39C3863F4D6A216F4478231FD999C.d.7F4EC432EC2CF2859B0AB533D5DFA8B8.e.2517"}]}
COMMAND: POST /session/298a9cc2a40484f0c35b17e60ac53e2a/element - {"using":"xpath","value":"//table[contains(@id, \"customPartnersTable-listUl\")]/tbody/tr[1]/td[2]/div/div"}
COMMAND: GET /session/298a9cc2a40484f0c35b17e60ac53e2a/screenshot - {}
RESULT: {"using":"xpath","value":"//table[contains(@id, \"customPartnersTable-listUl\")]/tbody/tr[1]/td[2]/div/div"}
COMMAND: POST /session/298a9cc2a40484f0c35b17e60ac53e2a/element/f.F7A39C3863F4D6A216F4478231FD999C.d.7F4EC432EC2CF2859B0AB533D5DFA8B8.e.2518/click - {}
RESULT: {}
RESULT: {}
COMMAND: GET /session/298a9cc2a40484f0c35b17e60ac53e2a/screenshot - {}
RESULT: {}
COMMAND: POST /session/298a9cc2a40484f0c35b17e60ac53e2a/element - {"using":"xpath","value":"//bdi[contains(text(), \"Activate\")]"}
RESULT: {"using":"xpath","value":"//bdi[contains(text(), \"Activate\")]"}
COMMAND: POST /session/298a9cc2a40484f0c35b17e60ac53e2a/element/f.F7A39C3863F4D6A216F4478231FD999C.d.7F4EC432EC2CF2859B0AB533D5DFA8B8.e.2519/click - {}
RESULT: {}
COMMAND: GET /session/298a9cc2a40484f0c35b17e60ac53e2a/screenshot - {}
RESULT: {}
COMMAND: POST /session/298a9cc2a40484f0c35b17e60ac53e2a/element - {"using":"xpath","value":"//bdi[contains(text(), \"Yes\")]"}
RESULT: {"using":"xpath","value":"//bdi[contains(text(), \"Yes\")]"}
COMMAND: POST /session/298a9cc2a40484f0c35b17e60ac53e2a/element/f.F7A39C3863F4D6A216F4478231FD999C.d.7F4EC432EC2CF2859B0AB533D5DFA8B8.e.2521/click - {}
RESULT: {}
COMMAND: GET /session/298a9cc2a40484f0c35b17e60ac53e2a/screenshot - {}
RESULT: {}
COMMAND: POST /session/298a9cc2a40484f0c35b17e60ac53e2a/element - {"using":"xpath","value":"//table[contains(@id, \"customPartnersTable-listUl\")]/tbody/tr[1]/td[7]/div/span"}
RESULT: {"using":"xpath","value":"//table[contains(@id, \"customPartnersTable-listUl\")]/tbody/tr[1]/td[7]/div/span"}
COMMAND: POST /session/298a9cc2a40484f0c35b17e60ac53e2a/execute/sync - {"script":"<script> [56 bytes]","args":[{"element-6066-11e4-a52e-4f735466cecf":"f.F7A39C3863F4D6A216F4478231FD999C.d.7F4EC432EC2CF2859B0AB533D5DFA8B8.e.2517","ELEMENT":"f.F7A39C3863F4D6A216F4478231FD999C.d.7F4EC432EC2CF2859B0AB533D5DFA8B8.e.2517"}]}
RESULT: {"script":"<script> [56 bytes]","args":[{"element-6066-11e4-a52e-4f735466cecf":"f.F7A39C3863F4D6A216F4478231FD999C.d.7F4EC432EC2CF2859B0AB533D5DFA8B8.e.2517","ELEMENT":"f.F7A39C3863F4D6A216F4478231FD999C.d.7F4EC432EC2CF2859B0AB533D5DFA8B8.e.2517"}]}
COMMAND: GET /session/298a9cc2a40484f0c35b17e60ac53e2a/screenshot - {}
RESULT: {}
COMMAND: POST /session/298a9cc2a40484f0c35b17e60ac53e2a/element - {"using":"css selector","value":"#shell-header-logo"}
RESULT: {"using":"css selector","value":"#shell-header-logo"}
COMMAND: POST /session/298a9cc2a40484f0c35b17e60ac53e2a/element/f.F7A39C3863F4D6A216F4478231FD999C.d.7F4EC432EC2CF2859B0AB533D5DFA8B8.e.2335/click - {}
RESULT: {}
COMMAND: GET /session/298a9cc2a40484f0c35b17e60ac53e2a/screenshot - {}
RESULT: {}
]]></system-out>
    </testcase>
    <testcase classname="chrome.137_0_7151_69.windows.Partner_specific_tests_US150819_US151080_US151654_US151176_US103444_US151078_US151079_US151109_US151174_US151175_US151189" name="Should edit the created external partner and save it and check its content US103444" time="68.106">
      <system-out><![CDATA[
COMMAND: POST /session/298a9cc2a40484f0c35b17e60ac53e2a/element - {"using":"xpath","value":"//li[.//span[text()=\"Manage Partners\"]]"}
RESULT: {"using":"xpath","value":"//li[.//span[text()=\"Manage Partners\"]]"}
COMMAND: POST /session/298a9cc2a40484f0c35b17e60ac53e2a/element - {"using":"xpath","value":"//li[.//span[text()=\"Manage Partners\"]]"}
RESULT: {"using":"xpath","value":"//li[.//span[text()=\"Manage Partners\"]]"}
COMMAND: POST /session/298a9cc2a40484f0c35b17e60ac53e2a/element - {"using":"css selector","value":"#shell-header-logo"}
RESULT: {"using":"css selector","value":"#shell-header-logo"}
COMMAND: POST /session/298a9cc2a40484f0c35b17e60ac53e2a/element/f.F7A39C3863F4D6A216F4478231FD999C.d.7F4EC432EC2CF2859B0AB533D5DFA8B8.e.2525/click - {}
COMMAND: POST /session/298a9cc2a40484f0c35b17e60ac53e2a/execute/sync - {"script":"<script> [8489 bytes]","args":[{"element-6066-11e4-a52e-4f735466cecf":"f.F7A39C3863F4D6A216F4478231FD999C.d.7F4EC432EC2CF2859B0AB533D5DFA8B8.e.2525","ELEMENT":"f.F7A39C3863F4D6A216F4478231FD999C.d.7F4EC432EC2CF2859B0AB533D5DFA8B8.e.2525"}]}
RESULT: {"script":"<script> [8489 bytes]","args":[{"element-6066-11e4-a52e-4f735466cecf":"f.F7A39C3863F4D6A216F4478231FD999C.d.7F4EC432EC2CF2859B0AB533D5DFA8B8.e.2525","ELEMENT":"f.F7A39C3863F4D6A216F4478231FD999C.d.7F4EC432EC2CF2859B0AB533D5DFA8B8.e.2525"}]}
COMMAND: POST /session/298a9cc2a40484f0c35b17e60ac53e2a/execute/sync - {"script":"<script> [5351 bytes]","args":[{"element-6066-11e4-a52e-4f735466cecf":"f.F7A39C3863F4D6A216F4478231FD999C.d.7F4EC432EC2CF2859B0AB533D5DFA8B8.e.2525","ELEMENT":"f.F7A39C3863F4D6A216F4478231FD999C.d.7F4EC432EC2CF2859B0AB533D5DFA8B8.e.2525"}]}
COMMAND: GET /session/298a9cc2a40484f0c35b17e60ac53e2a/screenshot - {}
RESULT: {}
COMMAND: GET /session/298a9cc2a40484f0c35b17e60ac53e2a/screenshot - {}
RESULT: {"script":"<script> [5351 bytes]","args":[{"element-6066-11e4-a52e-4f735466cecf":"f.F7A39C3863F4D6A216F4478231FD999C.d.7F4EC432EC2CF2859B0AB533D5DFA8B8.e.2525","ELEMENT":"f.F7A39C3863F4D6A216F4478231FD999C.d.7F4EC432EC2CF2859B0AB533D5DFA8B8.e.2525"}]}
COMMAND: GET /session/298a9cc2a40484f0c35b17e60ac53e2a/screenshot - {}
RESULT: {}
RESULT: {}
RESULT: {}
RESULT: undefined
COMMAND: POST /session/298a9cc2a40484f0c35b17e60ac53e2a/element - {"using":"xpath","value":"//*[@id=\"__tile38\"]"}
RESULT: {"using":"xpath","value":"//*[@id=\"__tile38\"]"}
COMMAND: POST /session/298a9cc2a40484f0c35b17e60ac53e2a/element/f.F7A39C3863F4D6A216F4478231FD999C.d.7F4EC432EC2CF2859B0AB533D5DFA8B8.e.146/click - {}
RESULT: {}
COMMAND: GET /session/298a9cc2a40484f0c35b17e60ac53e2a/screenshot - {}
RESULT: {}
COMMAND: POST /session/298a9cc2a40484f0c35b17e60ac53e2a/elements - {"using":"xpath","value":"//span[text()='Error']"}
RESULT: {"using":"xpath","value":"//span[text()='Error']"}
COMMAND: POST /session/298a9cc2a40484f0c35b17e60ac53e2a/element - {"using":"xpath","value":"//button[@data-kt=\"addButton\"]"}
RESULT: {"using":"xpath","value":"//button[@data-kt=\"addButton\"]"}
COMMAND: POST /session/298a9cc2a40484f0c35b17e60ac53e2a/elements - {"using":"xpath","value":"//button[@data-kt=\"addButton\"]"}
RESULT: {"using":"xpath","value":"//button[@data-kt=\"addButton\"]"}
COMMAND: POST /session/298a9cc2a40484f0c35b17e60ac53e2a/execute/sync - {"script":"<script> [8489 bytes]","args":[{"element-6066-11e4-a52e-4f735466cecf":"f.F7A39C3863F4D6A216F4478231FD999C.d.7F4EC432EC2CF2859B0AB533D5DFA8B8.e.2571","ELEMENT":"f.F7A39C3863F4D6A216F4478231FD999C.d.7F4EC432EC2CF2859B0AB533D5DFA8B8.e.2571"}]}
RESULT: {"script":"<script> [8489 bytes]","args":[{"element-6066-11e4-a52e-4f735466cecf":"f.F7A39C3863F4D6A216F4478231FD999C.d.7F4EC432EC2CF2859B0AB533D5DFA8B8.e.2571","ELEMENT":"f.F7A39C3863F4D6A216F4478231FD999C.d.7F4EC432EC2CF2859B0AB533D5DFA8B8.e.2571"}]}
COMMAND: GET /session/298a9cc2a40484f0c35b17e60ac53e2a/element/f.F7A39C3863F4D6A216F4478231FD999C.d.7F4EC432EC2CF2859B0AB533D5DFA8B8.e.2571/enabled - {}
COMMAND: GET /session/298a9cc2a40484f0c35b17e60ac53e2a/screenshot - {}
RESULT: {}
COMMAND: POST /session/298a9cc2a40484f0c35b17e60ac53e2a/execute/sync - {"script":"<script> [8489 bytes]","args":[{"element-6066-11e4-a52e-4f735466cecf":"f.F7A39C3863F4D6A216F4478231FD999C.d.7F4EC432EC2CF2859B0AB533D5DFA8B8.e.2571","ELEMENT":"f.F7A39C3863F4D6A216F4478231FD999C.d.7F4EC432EC2CF2859B0AB533D5DFA8B8.e.2571"}]}
COMMAND: GET /session/298a9cc2a40484f0c35b17e60ac53e2a/screenshot - {}
RESULT: {}
RESULT: {"script":"<script> [8489 bytes]","args":[{"element-6066-11e4-a52e-4f735466cecf":"f.F7A39C3863F4D6A216F4478231FD999C.d.7F4EC432EC2CF2859B0AB533D5DFA8B8.e.2571","ELEMENT":"f.F7A39C3863F4D6A216F4478231FD999C.d.7F4EC432EC2CF2859B0AB533D5DFA8B8.e.2571"}]}
COMMAND: POST /session/298a9cc2a40484f0c35b17e60ac53e2a/execute/sync - {"script":"<script> [5351 bytes]","args":[{"element-6066-11e4-a52e-4f735466cecf":"f.F7A39C3863F4D6A216F4478231FD999C.d.7F4EC432EC2CF2859B0AB533D5DFA8B8.e.2571","ELEMENT":"f.F7A39C3863F4D6A216F4478231FD999C.d.7F4EC432EC2CF2859B0AB533D5DFA8B8.e.2571"}]}
COMMAND: GET /session/298a9cc2a40484f0c35b17e60ac53e2a/screenshot - {}
RESULT: {}
RESULT: {"script":"<script> [5351 bytes]","args":[{"element-6066-11e4-a52e-4f735466cecf":"f.F7A39C3863F4D6A216F4478231FD999C.d.7F4EC432EC2CF2859B0AB533D5DFA8B8.e.2571","ELEMENT":"f.F7A39C3863F4D6A216F4478231FD999C.d.7F4EC432EC2CF2859B0AB533D5DFA8B8.e.2571"}]}
COMMAND: GET /session/298a9cc2a40484f0c35b17e60ac53e2a/screenshot - {}
RESULT: {}
RESULT: {}
RESULT: undefined
COMMAND: POST /session/298a9cc2a40484f0c35b17e60ac53e2a/execute/async - {"script":"<script> [776 bytes]","args":[{"enterText":"1454","selector":{"id":"application-managepartners-display-component---masterPtm--smartFilterBar-btnBasicSearch","interaction":{"idSuffix":"I"}},"clearTextFirst":true,"interactionType":"ENTER_TEXT"}]}
RESULT: {"script":"<script> [776 bytes]","args":[{"enterText":"1454","selector":{"id":"application-managepartners-display-component---masterPtm--smartFilterBar-btnBasicSearch","interaction":{"idSuffix":"I"}},"clearTextFirst":true,"interactionType":"ENTER_TEXT"}]}
COMMAND: POST /session/298a9cc2a40484f0c35b17e60ac53e2a/actions - {"actions":[{"id":"action6","type":"key","parameters":{},"actions":[{"type":"keyDown","value":"î€‡"},{"type":"pause","duration":10},{"type":"keyUp","value":"î€‡"}]}]}
RESULT: {"actions":[{"id":"action6","type":"key","parameters":{},"actions":[{"type":"keyDown","value":"î€‡"},{"type":"pause","duration":10},{"type":"keyUp","value":"î€‡"}]}]}
COMMAND: GET /session/298a9cc2a40484f0c35b17e60ac53e2a/screenshot - {}
RESULT: {}
COMMAND: POST /session/298a9cc2a40484f0c35b17e60ac53e2a/elements - {"using":"xpath","value":"//table[contains(@id, \"customPartnersTable-listUl\")]/tbody/tr"}
RESULT: {"using":"xpath","value":"//table[contains(@id, \"customPartnersTable-listUl\")]/tbody/tr"}
COMMAND: POST /session/298a9cc2a40484f0c35b17e60ac53e2a/element - {"using":"xpath","value":"//table[contains(@id, \"customPartnersTable-listUl\")]/tbody/tr[1]/td[3]/span"}
RESULT: {"using":"xpath","value":"//table[contains(@id, \"customPartnersTable-listUl\")]/tbody/tr[1]/td[3]/span"}
COMMAND: POST /session/298a9cc2a40484f0c35b17e60ac53e2a/elements - {"using":"xpath","value":"//table[contains(@id, \"customPartnersTable-listUl\")]/tbody/tr[1]/td[3]/span"}
RESULT: {"using":"xpath","value":"//table[contains(@id, \"customPartnersTable-listUl\")]/tbody/tr[1]/td[3]/span"}
COMMAND: POST /session/298a9cc2a40484f0c35b17e60ac53e2a/execute/sync - {"script":"<script> [56 bytes]","args":[{"element-6066-11e4-a52e-4f735466cecf":"f.F7A39C3863F4D6A216F4478231FD999C.d.7F4EC432EC2CF2859B0AB533D5DFA8B8.e.2704","ELEMENT":"f.F7A39C3863F4D6A216F4478231FD999C.d.7F4EC432EC2CF2859B0AB533D5DFA8B8.e.2704"}]}
RESULT: {"script":"<script> [56 bytes]","args":[{"element-6066-11e4-a52e-4f735466cecf":"f.F7A39C3863F4D6A216F4478231FD999C.d.7F4EC432EC2CF2859B0AB533D5DFA8B8.e.2704","ELEMENT":"f.F7A39C3863F4D6A216F4478231FD999C.d.7F4EC432EC2CF2859B0AB533D5DFA8B8.e.2704"}]}
COMMAND: POST /session/298a9cc2a40484f0c35b17e60ac53e2a/element - {"using":"xpath","value":"(//span[contains(@id, \"imgNav\")])[1]"}
COMMAND: GET /session/298a9cc2a40484f0c35b17e60ac53e2a/screenshot - {}
RESULT: {"using":"xpath","value":"(//span[contains(@id, \"imgNav\")])[1]"}
COMMAND: POST /session/298a9cc2a40484f0c35b17e60ac53e2a/element/f.F7A39C3863F4D6A216F4478231FD999C.d.7F4EC432EC2CF2859B0AB533D5DFA8B8.e.2702/click - {}
RESULT: {}
RESULT: {}
COMMAND: GET /session/298a9cc2a40484f0c35b17e60ac53e2a/screenshot - {}
RESULT: {}
COMMAND: POST /session/298a9cc2a40484f0c35b17e60ac53e2a/element - {"using":"xpath","value":"//bdi[contains(text(), \"Edit\")]"}
RESULT: {"using":"xpath","value":"//bdi[contains(text(), \"Edit\")]"}
COMMAND: POST /session/298a9cc2a40484f0c35b17e60ac53e2a/element/f.F7A39C3863F4D6A216F4478231FD999C.d.7F4EC432EC2CF2859B0AB533D5DFA8B8.e.2842/click - {}
RESULT: {}
COMMAND: GET /session/298a9cc2a40484f0c35b17e60ac53e2a/screenshot - {}
RESULT: {}
COMMAND: POST /session/298a9cc2a40484f0c35b17e60ac53e2a/execute/async - {"script":"<script> [1562 bytes]","args":[{"selector":{"controlType":"sap.m.Input","viewName":"etm.portal.ui.managepartners.view.EditDetail","labelFor":{"text":"Name"},"interaction":{"idSuffix":"inner"}},"wdio_ui5_key":"etmportal.ui.managepartners.view.EditDetailsap.m.Input{\"text\":\"Name\"}"}]}
RESULT: {"script":"<script> [1562 bytes]","args":[{"selector":{"controlType":"sap.m.Input","viewName":"etm.portal.ui.managepartners.view.EditDetail","labelFor":{"text":"Name"},"interaction":{"idSuffix":"inner"}},"wdio_ui5_key":"etmportal.ui.managepartners.view.EditDetailsap.m.Input{\"text\":\"Name\"}"}]}
RESULT: undefined
COMMAND: POST /session/298a9cc2a40484f0c35b17e60ac53e2a/execute/async - {"script":"<script> [776 bytes]","args":[{"enterText":"External EDIT","selector":{"controlType":"sap.m.Input","viewName":"etm.portal.ui.managepartners.view.EditDetail","labelFor":{"text":"Name"},"interaction":{"idSuffix":"inner"}},"clearTextFirst":true,"interactionType":"ENTER_TEXT"}]}
RESULT: {"script":"<script> [776 bytes]","args":[{"enterText":"External EDIT","selector":{"controlType":"sap.m.Input","viewName":"etm.portal.ui.managepartners.view.EditDetail","labelFor":{"text":"Name"},"interaction":{"idSuffix":"inner"}},"clearTextFirst":true,"interactionType":"ENTER_TEXT"}]}
COMMAND: POST /session/298a9cc2a40484f0c35b17e60ac53e2a/element - {"using":"xpath","value":"(//span[contains(@id,\"addressDetailDetailsLanguage-arrow\")])[1]"}
RESULT: {"using":"xpath","value":"(//span[contains(@id,\"addressDetailDetailsLanguage-arrow\")])[1]"}
COMMAND: POST /session/298a9cc2a40484f0c35b17e60ac53e2a/element/f.F7A39C3863F4D6A216F4478231FD999C.d.7F4EC432EC2CF2859B0AB533D5DFA8B8.e.2921/click - {}
RESULT: {}
COMMAND: POST /session/298a9cc2a40484f0c35b17e60ac53e2a/element - {"using":"xpath","value":"//span[contains(text(), \"Chinese\")]"}
COMMAND: GET /session/298a9cc2a40484f0c35b17e60ac53e2a/screenshot - {}
RESULT: {"using":"xpath","value":"//span[contains(text(), \"Chinese\")]"}
COMMAND: POST /session/298a9cc2a40484f0c35b17e60ac53e2a/element/f.F7A39C3863F4D6A216F4478231FD999C.d.7F4EC432EC2CF2859B0AB533D5DFA8B8.e.2922/click - {}
RESULT: {}
RESULT: {}
COMMAND: GET /session/298a9cc2a40484f0c35b17e60ac53e2a/screenshot - {}
RESULT: {}
COMMAND: POST /session/298a9cc2a40484f0c35b17e60ac53e2a/execute/async - {"script":"<script> [1562 bytes]","args":[{"selector":{"controlType":"sap.m.Input","viewName":"etm.portal.ui.managepartners.view.EditDetail","labelFor":{"text":"City"},"interaction":{"idSuffix":"inner"}},"wdio_ui5_key":"etmportal.ui.managepartners.view.EditDetailsap.m.Input{\"text\":\"City\"}"}]}
RESULT: {"script":"<script> [1562 bytes]","args":[{"selector":{"controlType":"sap.m.Input","viewName":"etm.portal.ui.managepartners.view.EditDetail","labelFor":{"text":"City"},"interaction":{"idSuffix":"inner"}},"wdio_ui5_key":"etmportal.ui.managepartners.view.EditDetailsap.m.Input{\"text\":\"City\"}"}]}
RESULT: undefined
COMMAND: POST /session/298a9cc2a40484f0c35b17e60ac53e2a/execute/async - {"script":"<script> [776 bytes]","args":[{"enterText":"Clooj-Napoca","selector":{"controlType":"sap.m.Input","viewName":"etm.portal.ui.managepartners.view.EditDetail","labelFor":{"text":"City"},"interaction":{"idSuffix":"inner"}},"clearTextFirst":true,"interactionType":"ENTER_TEXT"}]}
RESULT: {"script":"<script> [776 bytes]","args":[{"enterText":"Clooj-Napoca","selector":{"controlType":"sap.m.Input","viewName":"etm.portal.ui.managepartners.view.EditDetail","labelFor":{"text":"City"},"interaction":{"idSuffix":"inner"}},"clearTextFirst":true,"interactionType":"ENTER_TEXT"}]}
COMMAND: POST /session/298a9cc2a40484f0c35b17e60ac53e2a/element - {"using":"xpath","value":"//button[@data-kt=\"saveButton\"]"}
RESULT: {"using":"xpath","value":"//button[@data-kt=\"saveButton\"]"}
COMMAND: POST /session/298a9cc2a40484f0c35b17e60ac53e2a/element/f.F7A39C3863F4D6A216F4478231FD999C.d.7F4EC432EC2CF2859B0AB533D5DFA8B8.e.2905/click - {}
RESULT: {}
COMMAND: GET /session/298a9cc2a40484f0c35b17e60ac53e2a/screenshot - {}
RESULT: {}
COMMAND: POST /session/298a9cc2a40484f0c35b17e60ac53e2a/execute/async - {"script":"<script> [1562 bytes]","args":[{"selector":{"id":"application-managepartners-display-component---detailPtm--addressDetailDetailsName1"},"wdio_ui5_key":"applicationmanagepartners-display-component---detailPtm--addressDetailDetailsName1"}]}
RESULT: {"script":"<script> [1562 bytes]","args":[{"selector":{"id":"application-managepartners-display-component---detailPtm--addressDetailDetailsName1"},"wdio_ui5_key":"applicationmanagepartners-display-component---detailPtm--addressDetailDetailsName1"}]}
RESULT: undefined
COMMAND: POST /session/298a9cc2a40484f0c35b17e60ac53e2a/execute/async - {"script":"<script> [6424 bytes]","args":[{"element-6066-11e4-a52e-4f735466cecf":"f.F7A39C3863F4D6A216F4478231FD999C.d.7F4EC432EC2CF2859B0AB533D5DFA8B8.e.2953"},"getValue",[]]}
RESULT: {"script":"<script> [6424 bytes]","args":[{"element-6066-11e4-a52e-4f735466cecf":"f.F7A39C3863F4D6A216F4478231FD999C.d.7F4EC432EC2CF2859B0AB533D5DFA8B8.e.2953"},"getValue",[]]}
COMMAND: POST /session/298a9cc2a40484f0c35b17e60ac53e2a/element - {"using":"xpath","value":"//input[@id = \"application-managepartners-display-component---detailPtm--addressDetailDetailsLanguage-inner\"]"}
RESULT: {"using":"xpath","value":"//input[@id = \"application-managepartners-display-component---detailPtm--addressDetailDetailsLanguage-inner\"]"}
COMMAND: GET /session/298a9cc2a40484f0c35b17e60ac53e2a/element/f.F7A39C3863F4D6A216F4478231FD999C.d.7F4EC432EC2CF2859B0AB533D5DFA8B8.e.2954/property/value - {}
RESULT: {}
COMMAND: POST /session/298a9cc2a40484f0c35b17e60ac53e2a/execute/async - {"script":"<script> [1562 bytes]","args":[{"selector":{"id":"application-managepartners-display-component---detailPtm--addressDetailDetailsCity1"},"wdio_ui5_key":"applicationmanagepartners-display-component---detailPtm--addressDetailDetailsCity1"}]}
COMMAND: GET /session/298a9cc2a40484f0c35b17e60ac53e2a/screenshot - {}
RESULT: {"script":"<script> [1562 bytes]","args":[{"selector":{"id":"application-managepartners-display-component---detailPtm--addressDetailDetailsCity1"},"wdio_ui5_key":"applicationmanagepartners-display-component---detailPtm--addressDetailDetailsCity1"}]}
RESULT: undefined
COMMAND: POST /session/298a9cc2a40484f0c35b17e60ac53e2a/execute/async - {"script":"<script> [6424 bytes]","args":[{"element-6066-11e4-a52e-4f735466cecf":"f.F7A39C3863F4D6A216F4478231FD999C.d.7F4EC432EC2CF2859B0AB533D5DFA8B8.e.2955"},"getValue",[]]}
RESULT: {}
RESULT: {"script":"<script> [6424 bytes]","args":[{"element-6066-11e4-a52e-4f735466cecf":"f.F7A39C3863F4D6A216F4478231FD999C.d.7F4EC432EC2CF2859B0AB533D5DFA8B8.e.2955"},"getValue",[]]}
COMMAND: POST /session/298a9cc2a40484f0c35b17e60ac53e2a/element - {"using":"css selector","value":"#shell-header-logo"}
RESULT: {"using":"css selector","value":"#shell-header-logo"}
COMMAND: POST /session/298a9cc2a40484f0c35b17e60ac53e2a/element/f.F7A39C3863F4D6A216F4478231FD999C.d.7F4EC432EC2CF2859B0AB533D5DFA8B8.e.2525/click - {}
RESULT: {}
COMMAND: GET /session/298a9cc2a40484f0c35b17e60ac53e2a/screenshot - {}
RESULT: {}
]]></system-out>
    </testcase>
    <testcase classname="chrome.137_0_7151_69.windows.Partner_specific_tests_US150819_US151080_US151654_US151176_US103444_US151078_US151079_US151109_US151174_US151175_US151189" name="Should create a new intercompany partner edit some of its fields US151078" time="258.183">
      <system-out><![CDATA[
COMMAND: POST /session/298a9cc2a40484f0c35b17e60ac53e2a/element - {"using":"xpath","value":"//li[.//span[text()=\"Manage Partners\"]]"}
RESULT: {"using":"xpath","value":"//li[.//span[text()=\"Manage Partners\"]]"}
COMMAND: POST /session/298a9cc2a40484f0c35b17e60ac53e2a/element - {"using":"xpath","value":"//li[.//span[text()=\"Manage Partners\"]]"}
RESULT: {"using":"xpath","value":"//li[.//span[text()=\"Manage Partners\"]]"}
COMMAND: POST /session/298a9cc2a40484f0c35b17e60ac53e2a/element - {"using":"css selector","value":"#shell-header-logo"}
RESULT: {"using":"css selector","value":"#shell-header-logo"}
COMMAND: POST /session/298a9cc2a40484f0c35b17e60ac53e2a/element/f.F7A39C3863F4D6A216F4478231FD999C.d.7F4EC432EC2CF2859B0AB533D5DFA8B8.e.2985/click - {}
COMMAND: POST /session/298a9cc2a40484f0c35b17e60ac53e2a/execute/sync - {"script":"<script> [8489 bytes]","args":[{"element-6066-11e4-a52e-4f735466cecf":"f.F7A39C3863F4D6A216F4478231FD999C.d.7F4EC432EC2CF2859B0AB533D5DFA8B8.e.2985","ELEMENT":"f.F7A39C3863F4D6A216F4478231FD999C.d.7F4EC432EC2CF2859B0AB533D5DFA8B8.e.2985"}]}
RESULT: {"script":"<script> [8489 bytes]","args":[{"element-6066-11e4-a52e-4f735466cecf":"f.F7A39C3863F4D6A216F4478231FD999C.d.7F4EC432EC2CF2859B0AB533D5DFA8B8.e.2985","ELEMENT":"f.F7A39C3863F4D6A216F4478231FD999C.d.7F4EC432EC2CF2859B0AB533D5DFA8B8.e.2985"}]}
COMMAND: POST /session/298a9cc2a40484f0c35b17e60ac53e2a/execute/sync - {"script":"<script> [5351 bytes]","args":[{"element-6066-11e4-a52e-4f735466cecf":"f.F7A39C3863F4D6A216F4478231FD999C.d.7F4EC432EC2CF2859B0AB533D5DFA8B8.e.2985","ELEMENT":"f.F7A39C3863F4D6A216F4478231FD999C.d.7F4EC432EC2CF2859B0AB533D5DFA8B8.e.2985"}]}
COMMAND: GET /session/298a9cc2a40484f0c35b17e60ac53e2a/screenshot - {}
RESULT: {}
COMMAND: GET /session/298a9cc2a40484f0c35b17e60ac53e2a/screenshot - {}
RESULT: {"script":"<script> [5351 bytes]","args":[{"element-6066-11e4-a52e-4f735466cecf":"f.F7A39C3863F4D6A216F4478231FD999C.d.7F4EC432EC2CF2859B0AB533D5DFA8B8.e.2985","ELEMENT":"f.F7A39C3863F4D6A216F4478231FD999C.d.7F4EC432EC2CF2859B0AB533D5DFA8B8.e.2985"}]}
COMMAND: GET /session/298a9cc2a40484f0c35b17e60ac53e2a/screenshot - {}
RESULT: {}
RESULT: {}
RESULT: {}
COMMAND: POST /session/298a9cc2a40484f0c35b17e60ac53e2a/refresh - {}
RESULT: {}
COMMAND: GET /session/298a9cc2a40484f0c35b17e60ac53e2a/screenshot - {}
RESULT: {}
COMMAND: POST /session/298a9cc2a40484f0c35b17e60ac53e2a/refresh - {}
RESULT: {}
COMMAND: GET /session/298a9cc2a40484f0c35b17e60ac53e2a/screenshot - {}
RESULT: {}
COMMAND: POST /session/298a9cc2a40484f0c35b17e60ac53e2a/window/fullscreen - {}
RESULT: {}
COMMAND: POST /session/298a9cc2a40484f0c35b17e60ac53e2a/execute/async - {"script":"<script> [189 bytes]","args":[]}
RESULT: {"script":"<script> [189 bytes]","args":[]}
COMMAND: POST /session/298a9cc2a40484f0c35b17e60ac53e2a/execute/async - {"script":"<script> [123 bytes]","args":[]}
RESULT: {"script":"<script> [123 bytes]","args":[]}
COMMAND: POST /session/298a9cc2a40484f0c35b17e60ac53e2a/timeouts - {"script":"<number>"}
RESULT: {"script":"<number>"}
COMMAND: GET /session/298a9cc2a40484f0c35b17e60ac53e2a/timeouts - {}
RESULT: {}
RESULT: undefined
COMMAND: POST /session/298a9cc2a40484f0c35b17e60ac53e2a/execute/async - {"script":"<script> [2676 bytes]","args":[]}
RESULT: {"script":"<script> [2676 bytes]","args":[]}
COMMAND: POST /session/298a9cc2a40484f0c35b17e60ac53e2a/execute/async - {"script":"<script> [2342 bytes]","args":[{"protocol":"http","hostname":"0.0.0.0","path":"/","capabilities":{"browserName":"chrome","goog:chromeOptions":{"binary":"C:\\Program Files\\Google\\Chrome\\Application\\chrome.exe","args":["--start-maximized"]}},"logLevel":"warn","connectionRetryTimeout":120000,"connectionRetryCount":3,"logLevels":{},"enableDirectConnect":true,"strictSSL":true,"_":"65 more keys: [\"cacheDir\",\"port\",\"requestedCapabilities\",\"automationProtocol\",\"baseUrl\",\"waitforInterval\",\"waitforTimeout\",\"onReload\",\"beforeCommand\",\"afterCommand\",\"rootDir\",\"specs\",\"suites\",\"exclude\",\"groupLogsByTestSpec\",\"excludeDriverLogs\",\"bail\",\"framework\",\"reporters\",\"services\",\"maxInstances\",\"maxInstancesPerCapability\",\"injectGlobals\",\"filesToWatch\",\"execArgv\",\"runnerEnv\",\"runner\",\"shard\",\"specFileRetries\",\"specFileRetriesDelay\",\"specFileRetriesDeferred\",\"reporterSyncInterval\",\"reporterSyncTimeout\",\"cucumberFeaturesWithLineNumbers\",\"autoCompileOpts\",\"mochaOpts\",\"jasmineOpts\",\"cucumberOpts\",\"onPrepare\",\"onWorkerStart\",\"onWorkerEnd\",\"before\",\"beforeSession\",\"beforeSuite\",\"beforeHook\",\"beforeTest\",\"afterTest\",\"afterHook\",\"afterSuite\",\"afterSession\",\"after\",\"onComplete\",\"beforeAssertion\",\"afterAssertion\",\"beforeFeature\",\"beforeScenario\",\"beforeStep\",\"afterStep\",\"afterScenario\",\"afterFeature\",\"_\",\"suite\",\"$0\",\"ignoredWorkerServices\",\"wdi5\"]"}]}
RESULT: {"script":"<script> [2342 bytes]","args":[{"protocol":"http","hostname":"0.0.0.0","path":"/","capabilities":{"browserName":"chrome","goog:chromeOptions":{"binary":"C:\\Program Files\\Google\\Chrome\\Application\\chrome.exe","args":["--start-maximized"]}},"logLevel":"warn","connectionRetryTimeout":120000,"connectionRetryCount":3,"logLevels":{},"enableDirectConnect":true,"strictSSL":true,"_":"65 more keys: [\"cacheDir\",\"port\",\"requestedCapabilities\",\"automationProtocol\",\"baseUrl\",\"waitforInterval\",\"waitforTimeout\",\"onReload\",\"beforeCommand\",\"afterCommand\",\"rootDir\",\"specs\",\"suites\",\"exclude\",\"groupLogsByTestSpec\",\"excludeDriverLogs\",\"bail\",\"framework\",\"reporters\",\"services\",\"maxInstances\",\"maxInstancesPerCapability\",\"injectGlobals\",\"filesToWatch\",\"execArgv\",\"runnerEnv\",\"runner\",\"shard\",\"specFileRetries\",\"specFileRetriesDelay\",\"specFileRetriesDeferred\",\"reporterSyncInterval\",\"reporterSyncTimeout\",\"cucumberFeaturesWithLineNumbers\",\"autoCompileOpts\",\"mochaOpts\",\"jasmineOpts\",\"cucumberOpts\",\"onPrepare\",\"onWorkerStart\",\"onWorkerEnd\",\"before\",\"beforeSession\",\"beforeSuite\",\"beforeHook\",\"beforeTest\",\"afterTest\",\"afterHook\",\"afterSuite\",\"afterSession\",\"after\",\"onComplete\",\"beforeAssertion\",\"afterAssertion\",\"beforeFeature\",\"beforeScenario\",\"beforeStep\",\"afterStep\",\"afterScenario\",\"afterFeature\",\"_\",\"suite\",\"$0\",\"ignoredWorkerServices\",\"wdi5\"]"}]}
COMMAND: POST /session/298a9cc2a40484f0c35b17e60ac53e2a/execute/async - {"script":"<script> [21126 bytes]","args":[35000]}
RESULT: {"script":"<script> [21126 bytes]","args":[35000]}
COMMAND: POST /session/298a9cc2a40484f0c35b17e60ac53e2a/window/fullscreen - {}
RESULT: {}
COMMAND: POST /session/298a9cc2a40484f0c35b17e60ac53e2a/window/fullscreen - {}
RESULT: {}
COMMAND: POST /session/298a9cc2a40484f0c35b17e60ac53e2a/execute/async - {"script":"<script> [1562 bytes]","args":[{"selector":{"controlType":"sap.m.GenericTile","properties":{"header":"Manage Partners"}},"wdio_ui5_key":"sapm.GenericTile{\"header\":\"Manage Partners\"}"}]}
RESULT: {"script":"<script> [1562 bytes]","args":[{"selector":{"controlType":"sap.m.GenericTile","properties":{"header":"Manage Partners"}},"wdio_ui5_key":"sapm.GenericTile{\"header\":\"Manage Partners\"}"}]}
RESULT: undefined
COMMAND: POST /session/298a9cc2a40484f0c35b17e60ac53e2a/element - {"using":"xpath","value":"//*[@id=\"__tile30\"]"}
RESULT: {"using":"xpath","value":"//*[@id=\"__tile30\"]"}
COMMAND: POST /session/298a9cc2a40484f0c35b17e60ac53e2a/element/f.F7A39C3863F4D6A216F4478231FD999C.d.83712AD571BE2D252B7B748F642D1942.e.3053/click - {}
RESULT: {}
COMMAND: GET /session/298a9cc2a40484f0c35b17e60ac53e2a/screenshot - {}
RESULT: {}
COMMAND: POST /session/298a9cc2a40484f0c35b17e60ac53e2a/elements - {"using":"xpath","value":"//span[text()='Error']"}
RESULT: {"using":"xpath","value":"//span[text()='Error']"}
COMMAND: POST /session/298a9cc2a40484f0c35b17e60ac53e2a/element - {"using":"xpath","value":"//button[@data-kt=\"addButton\"]"}
RESULT: {"using":"xpath","value":"//button[@data-kt=\"addButton\"]"}
COMMAND: POST /session/298a9cc2a40484f0c35b17e60ac53e2a/elements - {"using":"xpath","value":"//button[@data-kt=\"addButton\"]"}
RESULT: {"using":"xpath","value":"//button[@data-kt=\"addButton\"]"}
COMMAND: POST /session/298a9cc2a40484f0c35b17e60ac53e2a/elements - {"using":"xpath","value":"//button[@data-kt=\"addButton\"]"}
RESULT: {"using":"xpath","value":"//button[@data-kt=\"addButton\"]"}
COMMAND: POST /session/298a9cc2a40484f0c35b17e60ac53e2a/elements - {"using":"xpath","value":"//button[@data-kt=\"addButton\"]"}
RESULT: {"using":"xpath","value":"//button[@data-kt=\"addButton\"]"}
COMMAND: POST /session/298a9cc2a40484f0c35b17e60ac53e2a/elements - {"using":"xpath","value":"//button[@data-kt=\"addButton\"]"}
RESULT: {"using":"xpath","value":"//button[@data-kt=\"addButton\"]"}
COMMAND: POST /session/298a9cc2a40484f0c35b17e60ac53e2a/elements - {"using":"xpath","value":"//button[@data-kt=\"addButton\"]"}
RESULT: {"using":"xpath","value":"//button[@data-kt=\"addButton\"]"}
COMMAND: POST /session/298a9cc2a40484f0c35b17e60ac53e2a/elements - {"using":"xpath","value":"//button[@data-kt=\"addButton\"]"}
RESULT: {"using":"xpath","value":"//button[@data-kt=\"addButton\"]"}
COMMAND: POST /session/298a9cc2a40484f0c35b17e60ac53e2a/elements - {"using":"xpath","value":"//button[@data-kt=\"addButton\"]"}
RESULT: {"using":"xpath","value":"//button[@data-kt=\"addButton\"]"}
COMMAND: POST /session/298a9cc2a40484f0c35b17e60ac53e2a/elements - {"using":"xpath","value":"//button[@data-kt=\"addButton\"]"}
RESULT: {"using":"xpath","value":"//button[@data-kt=\"addButton\"]"}
COMMAND: POST /session/298a9cc2a40484f0c35b17e60ac53e2a/elements - {"using":"xpath","value":"//button[@data-kt=\"addButton\"]"}
RESULT: {"using":"xpath","value":"//button[@data-kt=\"addButton\"]"}
COMMAND: POST /session/298a9cc2a40484f0c35b17e60ac53e2a/elements - {"using":"xpath","value":"//button[@data-kt=\"addButton\"]"}
RESULT: {"using":"xpath","value":"//button[@data-kt=\"addButton\"]"}
COMMAND: POST /session/298a9cc2a40484f0c35b17e60ac53e2a/elements - {"using":"xpath","value":"//button[@data-kt=\"addButton\"]"}
RESULT: {"using":"xpath","value":"//button[@data-kt=\"addButton\"]"}
COMMAND: POST /session/298a9cc2a40484f0c35b17e60ac53e2a/elements - {"using":"xpath","value":"//button[@data-kt=\"addButton\"]"}
RESULT: {"using":"xpath","value":"//button[@data-kt=\"addButton\"]"}
COMMAND: POST /session/298a9cc2a40484f0c35b17e60ac53e2a/element - {"using":"xpath","value":"//button[@data-kt=\"addButton\"]"}
RESULT: {"using":"xpath","value":"//button[@data-kt=\"addButton\"]"}
COMMAND: POST /session/298a9cc2a40484f0c35b17e60ac53e2a/execute/sync - {"script":"<script> [8489 bytes]","args":[{"element-6066-11e4-a52e-4f735466cecf":"f.F7A39C3863F4D6A216F4478231FD999C.d.83712AD571BE2D252B7B748F642D1942.e.3169","ELEMENT":"f.F7A39C3863F4D6A216F4478231FD999C.d.83712AD571BE2D252B7B748F642D1942.e.3169"}]}
RESULT: {"script":"<script> [8489 bytes]","args":[{"element-6066-11e4-a52e-4f735466cecf":"f.F7A39C3863F4D6A216F4478231FD999C.d.83712AD571BE2D252B7B748F642D1942.e.3169","ELEMENT":"f.F7A39C3863F4D6A216F4478231FD999C.d.83712AD571BE2D252B7B748F642D1942.e.3169"}]}
COMMAND: GET /session/298a9cc2a40484f0c35b17e60ac53e2a/element/f.F7A39C3863F4D6A216F4478231FD999C.d.83712AD571BE2D252B7B748F642D1942.e.3169/enabled - {}
COMMAND: GET /session/298a9cc2a40484f0c35b17e60ac53e2a/screenshot - {}
RESULT: {}
COMMAND: POST /session/298a9cc2a40484f0c35b17e60ac53e2a/execute/sync - {"script":"<script> [8489 bytes]","args":[{"element-6066-11e4-a52e-4f735466cecf":"f.F7A39C3863F4D6A216F4478231FD999C.d.83712AD571BE2D252B7B748F642D1942.e.3169","ELEMENT":"f.F7A39C3863F4D6A216F4478231FD999C.d.83712AD571BE2D252B7B748F642D1942.e.3169"}]}
COMMAND: GET /session/298a9cc2a40484f0c35b17e60ac53e2a/screenshot - {}
RESULT: {}
RESULT: {"script":"<script> [8489 bytes]","args":[{"element-6066-11e4-a52e-4f735466cecf":"f.F7A39C3863F4D6A216F4478231FD999C.d.83712AD571BE2D252B7B748F642D1942.e.3169","ELEMENT":"f.F7A39C3863F4D6A216F4478231FD999C.d.83712AD571BE2D252B7B748F642D1942.e.3169"}]}
COMMAND: POST /session/298a9cc2a40484f0c35b17e60ac53e2a/execute/sync - {"script":"<script> [5351 bytes]","args":[{"element-6066-11e4-a52e-4f735466cecf":"f.F7A39C3863F4D6A216F4478231FD999C.d.83712AD571BE2D252B7B748F642D1942.e.3169","ELEMENT":"f.F7A39C3863F4D6A216F4478231FD999C.d.83712AD571BE2D252B7B748F642D1942.e.3169"}]}
COMMAND: GET /session/298a9cc2a40484f0c35b17e60ac53e2a/screenshot - {}
RESULT: {}
RESULT: {"script":"<script> [5351 bytes]","args":[{"element-6066-11e4-a52e-4f735466cecf":"f.F7A39C3863F4D6A216F4478231FD999C.d.83712AD571BE2D252B7B748F642D1942.e.3169","ELEMENT":"f.F7A39C3863F4D6A216F4478231FD999C.d.83712AD571BE2D252B7B748F642D1942.e.3169"}]}
COMMAND: POST /session/298a9cc2a40484f0c35b17e60ac53e2a/element/f.F7A39C3863F4D6A216F4478231FD999C.d.83712AD571BE2D252B7B748F642D1942.e.3169/click - {}
COMMAND: GET /session/298a9cc2a40484f0c35b17e60ac53e2a/screenshot - {}
RESULT: {}
RESULT: {}
COMMAND: GET /session/298a9cc2a40484f0c35b17e60ac53e2a/screenshot - {}
COMMAND: POST /session/298a9cc2a40484f0c35b17e60ac53e2a/execute/async - {"script":"<script> [1562 bytes]","args":[{"selector":{"id":"application-managepartners-display-component---NewPartner--addressDetailDetailsName1","interaction":{"idSuffix":"inner"}},"wdio_ui5_key":"applicationmanagepartners-display-component---NewPartner--addressDetailDetailsName1"}]}
RESULT: {}
RESULT: {}
RESULT: {"script":"<script> [1562 bytes]","args":[{"selector":{"id":"application-managepartners-display-component---NewPartner--addressDetailDetailsName1","interaction":{"idSuffix":"inner"}},"wdio_ui5_key":"applicationmanagepartners-display-component---NewPartner--addressDetailDetailsName1"}]}
RESULT: undefined
COMMAND: POST /session/298a9cc2a40484f0c35b17e60ac53e2a/execute/async - {"script":"<script> [776 bytes]","args":[{"enterText":"Intercompany Partner WDIO","selector":{"id":"application-managepartners-display-component---NewPartner--addressDetailDetailsName1","interaction":{"idSuffix":"inner"}},"clearTextFirst":true,"interactionType":"ENTER_TEXT"}]}
RESULT: {"script":"<script> [776 bytes]","args":[{"enterText":"Intercompany Partner WDIO","selector":{"id":"application-managepartners-display-component---NewPartner--addressDetailDetailsName1","interaction":{"idSuffix":"inner"}},"clearTextFirst":true,"interactionType":"ENTER_TEXT"}]}
COMMAND: POST /session/298a9cc2a40484f0c35b17e60ac53e2a/execute/async - {"script":"<script> [1562 bytes]","args":[{"selector":{"id":"application-managepartners-display-component---NewPartner--addressDetailDetailsLanguage-arrow"},"wdio_ui5_key":"applicationmanagepartners-display-component---NewPartner--addressDetailDetailsLanguage-arrow"}]}
RESULT: {"script":"<script> [1562 bytes]","args":[{"selector":{"id":"application-managepartners-display-component---NewPartner--addressDetailDetailsLanguage-arrow"},"wdio_ui5_key":"applicationmanagepartners-display-component---NewPartner--addressDetailDetailsLanguage-arrow"}]}
RESULT: undefined
COMMAND: POST /session/298a9cc2a40484f0c35b17e60ac53e2a/element - {"using":"xpath","value":"//*[@id=\"application-managepartners-display-component---NewPartner--addressDetailDetailsLanguage-arrow\"]"}
RESULT: {"using":"xpath","value":"//*[@id=\"application-managepartners-display-component---NewPartner--addressDetailDetailsLanguage-arrow\"]"}
COMMAND: POST /session/298a9cc2a40484f0c35b17e60ac53e2a/element/f.F7A39C3863F4D6A216F4478231FD999C.d.83712AD571BE2D252B7B748F642D1942.e.3619/click - {}
RESULT: {}
COMMAND: POST /session/298a9cc2a40484f0c35b17e60ac53e2a/element - {"using":"xpath","value":"//span[contains(text(), \"English\")]"}
COMMAND: GET /session/298a9cc2a40484f0c35b17e60ac53e2a/screenshot - {}
RESULT: {"using":"xpath","value":"//span[contains(text(), \"English\")]"}
COMMAND: POST /session/298a9cc2a40484f0c35b17e60ac53e2a/element/f.F7A39C3863F4D6A216F4478231FD999C.d.83712AD571BE2D252B7B748F642D1942.e.3620/click - {}
RESULT: {}
RESULT: {}
COMMAND: GET /session/298a9cc2a40484f0c35b17e60ac53e2a/screenshot - {}
RESULT: {}
COMMAND: POST /session/298a9cc2a40484f0c35b17e60ac53e2a/execute/async - {"script":"<script> [1562 bytes]","args":[{"selector":{"id":"application-managepartners-display-component---NewPartner--addressDetailDetailsCity1","interaction":{"idSuffix":"inner"}},"wdio_ui5_key":"applicationmanagepartners-display-component---NewPartner--addressDetailDetailsCity1"}]}
RESULT: {"script":"<script> [1562 bytes]","args":[{"selector":{"id":"application-managepartners-display-component---NewPartner--addressDetailDetailsCity1","interaction":{"idSuffix":"inner"}},"wdio_ui5_key":"applicationmanagepartners-display-component---NewPartner--addressDetailDetailsCity1"}]}
RESULT: undefined
COMMAND: POST /session/298a9cc2a40484f0c35b17e60ac53e2a/execute/async - {"script":"<script> [776 bytes]","args":[{"enterText":"Rosario","selector":{"id":"application-managepartners-display-component---NewPartner--addressDetailDetailsCity1","interaction":{"idSuffix":"inner"}},"clearTextFirst":true,"interactionType":"ENTER_TEXT"}]}
RESULT: {"script":"<script> [776 bytes]","args":[{"enterText":"Rosario","selector":{"id":"application-managepartners-display-component---NewPartner--addressDetailDetailsCity1","interaction":{"idSuffix":"inner"}},"clearTextFirst":true,"interactionType":"ENTER_TEXT"}]}
COMMAND: POST /session/298a9cc2a40484f0c35b17e60ac53e2a/execute/async - {"script":"<script> [1562 bytes]","args":[{"selector":{"id":"application-managepartners-display-component---NewPartner--addressDetailDetailsCountry-arrow"},"wdio_ui5_key":"applicationmanagepartners-display-component---NewPartner--addressDetailDetailsCountry-arrow"}]}
RESULT: {"script":"<script> [1562 bytes]","args":[{"selector":{"id":"application-managepartners-display-component---NewPartner--addressDetailDetailsCountry-arrow"},"wdio_ui5_key":"applicationmanagepartners-display-component---NewPartner--addressDetailDetailsCountry-arrow"}]}
RESULT: undefined
COMMAND: POST /session/298a9cc2a40484f0c35b17e60ac53e2a/element - {"using":"xpath","value":"//*[@id=\"application-managepartners-display-component---NewPartner--addressDetailDetailsCountry-arrow\"]"}
RESULT: {"using":"xpath","value":"//*[@id=\"application-managepartners-display-component---NewPartner--addressDetailDetailsCountry-arrow\"]"}
COMMAND: POST /session/298a9cc2a40484f0c35b17e60ac53e2a/element/f.F7A39C3863F4D6A216F4478231FD999C.d.83712AD571BE2D252B7B748F642D1942.e.3602/click - {}
RESULT: {}
COMMAND: POST /session/298a9cc2a40484f0c35b17e60ac53e2a/element - {"using":"xpath","value":"//span[contains(text(), \"Argentina\")]"}
COMMAND: GET /session/298a9cc2a40484f0c35b17e60ac53e2a/screenshot - {}
RESULT: {"using":"xpath","value":"//span[contains(text(), \"Argentina\")]"}
COMMAND: POST /session/298a9cc2a40484f0c35b17e60ac53e2a/element/f.F7A39C3863F4D6A216F4478231FD999C.d.83712AD571BE2D252B7B748F642D1942.e.3622/click - {}
RESULT: {}
RESULT: {}
COMMAND: GET /session/298a9cc2a40484f0c35b17e60ac53e2a/screenshot - {}
RESULT: {}
COMMAND: POST /session/298a9cc2a40484f0c35b17e60ac53e2a/element - {"using":"xpath","value":"//bdi[contains(text(), \"Commercial\")]"}
RESULT: {"using":"xpath","value":"//bdi[contains(text(), \"Commercial\")]"}
COMMAND: POST /session/298a9cc2a40484f0c35b17e60ac53e2a/element/f.F7A39C3863F4D6A216F4478231FD999C.d.83712AD571BE2D252B7B748F642D1942.e.3623/click - {}
RESULT: {}
COMMAND: GET /session/298a9cc2a40484f0c35b17e60ac53e2a/screenshot - {}
RESULT: {}
COMMAND: POST /session/298a9cc2a40484f0c35b17e60ac53e2a/execute/async - {"script":"<script> [1562 bytes]","args":[{"selector":{"id":"application-managepartners-display-component---NewPartner--partnerDetailInternal-arrow"},"wdio_ui5_key":"applicationmanagepartners-display-component---NewPartner--partnerDetailInternal-arrow"}]}
RESULT: {"script":"<script> [1562 bytes]","args":[{"selector":{"id":"application-managepartners-display-component---NewPartner--partnerDetailInternal-arrow"},"wdio_ui5_key":"applicationmanagepartners-display-component---NewPartner--partnerDetailInternal-arrow"}]}
RESULT: undefined
COMMAND: POST /session/298a9cc2a40484f0c35b17e60ac53e2a/element - {"using":"xpath","value":"//*[@id=\"application-managepartners-display-component---NewPartner--partnerDetailInternal-arrow\"]"}
RESULT: {"using":"xpath","value":"//*[@id=\"application-managepartners-display-component---NewPartner--partnerDetailInternal-arrow\"]"}
COMMAND: POST /session/298a9cc2a40484f0c35b17e60ac53e2a/element/f.F7A39C3863F4D6A216F4478231FD999C.d.83712AD571BE2D252B7B748F642D1942.e.3629/click - {}
RESULT: {}
COMMAND: POST /session/298a9cc2a40484f0c35b17e60ac53e2a/element - {"using":"xpath","value":"//span[contains(text(), \"Affiliated company\")]"}
COMMAND: GET /session/298a9cc2a40484f0c35b17e60ac53e2a/screenshot - {}
RESULT: {"using":"xpath","value":"//span[contains(text(), \"Affiliated company\")]"}
COMMAND: POST /session/298a9cc2a40484f0c35b17e60ac53e2a/element/f.F7A39C3863F4D6A216F4478231FD999C.d.83712AD571BE2D252B7B748F642D1942.e.3630/click - {}
RESULT: {}
RESULT: {}
COMMAND: POST /session/298a9cc2a40484f0c35b17e60ac53e2a/execute/async - {"script":"<script> [1562 bytes]","args":[{"selector":{"id":"application-managepartners-display-component---NewPartner--partnerDetailsCurrency-arrow"},"wdio_ui5_key":"applicationmanagepartners-display-component---NewPartner--partnerDetailsCurrency-arrow"}]}
COMMAND: GET /session/298a9cc2a40484f0c35b17e60ac53e2a/screenshot - {}
RESULT: {"script":"<script> [1562 bytes]","args":[{"selector":{"id":"application-managepartners-display-component---NewPartner--partnerDetailsCurrency-arrow"},"wdio_ui5_key":"applicationmanagepartners-display-component---NewPartner--partnerDetailsCurrency-arrow"}]}
RESULT: undefined
COMMAND: POST /session/298a9cc2a40484f0c35b17e60ac53e2a/element - {"using":"xpath","value":"//*[@id=\"application-managepartners-display-component---NewPartner--partnerDetailsCurrency-arrow\"]"}
RESULT: {}
RESULT: {"using":"xpath","value":"//*[@id=\"application-managepartners-display-component---NewPartner--partnerDetailsCurrency-arrow\"]"}
COMMAND: POST /session/298a9cc2a40484f0c35b17e60ac53e2a/element/f.F7A39C3863F4D6A216F4478231FD999C.d.83712AD571BE2D252B7B748F642D1942.e.3637/click - {}
RESULT: {}
COMMAND: POST /session/298a9cc2a40484f0c35b17e60ac53e2a/element - {"using":"xpath","value":"//span[contains(text(), \"Euro\")]"}
COMMAND: GET /session/298a9cc2a40484f0c35b17e60ac53e2a/screenshot - {}
RESULT: {"using":"xpath","value":"//span[contains(text(), \"Euro\")]"}
COMMAND: POST /session/298a9cc2a40484f0c35b17e60ac53e2a/element/f.F7A39C3863F4D6A216F4478231FD999C.d.83712AD571BE2D252B7B748F642D1942.e.3638/click - {}
RESULT: {}
RESULT: {}
COMMAND: POST /session/298a9cc2a40484f0c35b17e60ac53e2a/execute/async - {"script":"<script> [1562 bytes]","args":[{"selector":{"id":"application-managepartners-display-component---NewPartner--addressEditDetailsCostObjectCstType-arrow"},"wdio_ui5_key":"applicationmanagepartners-display-component---NewPartner--addressEditDetailsCostObjectCstType-arrow"}]}
COMMAND: GET /session/298a9cc2a40484f0c35b17e60ac53e2a/screenshot - {}
RESULT: {"script":"<script> [1562 bytes]","args":[{"selector":{"id":"application-managepartners-display-component---NewPartner--addressEditDetailsCostObjectCstType-arrow"},"wdio_ui5_key":"applicationmanagepartners-display-component---NewPartner--addressEditDetailsCostObjectCstType-arrow"}]}
RESULT: undefined
COMMAND: POST /session/298a9cc2a40484f0c35b17e60ac53e2a/element - {"using":"xpath","value":"//*[@id=\"application-managepartners-display-component---NewPartner--addressEditDetailsCostObjectCstType-arrow\"]"}
RESULT: {}
RESULT: {"using":"xpath","value":"//*[@id=\"application-managepartners-display-component---NewPartner--addressEditDetailsCostObjectCstType-arrow\"]"}
COMMAND: POST /session/298a9cc2a40484f0c35b17e60ac53e2a/element/f.F7A39C3863F4D6A216F4478231FD999C.d.83712AD571BE2D252B7B748F642D1942.e.3639/click - {}
RESULT: {}
COMMAND: POST /session/298a9cc2a40484f0c35b17e60ac53e2a/element - {"using":"xpath","value":"//span[contains(text(), \"Cost Center\")]"}
COMMAND: GET /session/298a9cc2a40484f0c35b17e60ac53e2a/screenshot - {}
RESULT: {"using":"xpath","value":"//span[contains(text(), \"Cost Center\")]"}
COMMAND: POST /session/298a9cc2a40484f0c35b17e60ac53e2a/element/f.F7A39C3863F4D6A216F4478231FD999C.d.83712AD571BE2D252B7B748F642D1942.e.3640/click - {}
RESULT: {}
RESULT: {}
COMMAND: GET /session/298a9cc2a40484f0c35b17e60ac53e2a/screenshot - {}
RESULT: {}
COMMAND: POST /session/298a9cc2a40484f0c35b17e60ac53e2a/element - {"using":"xpath","value":"//span[@id=\"application-managepartners-display-component---NewPartner--addressNewCostObjectCstID-vhi\"]"}
RESULT: {"using":"xpath","value":"//span[@id=\"application-managepartners-display-component---NewPartner--addressNewCostObjectCstID-vhi\"]"}
COMMAND: POST /session/298a9cc2a40484f0c35b17e60ac53e2a/execute/sync - {"script":"<script> [8489 bytes]","args":[{"element-6066-11e4-a52e-4f735466cecf":"f.F7A39C3863F4D6A216F4478231FD999C.d.83712AD571BE2D252B7B748F642D1942.e.3644","ELEMENT":"f.F7A39C3863F4D6A216F4478231FD999C.d.83712AD571BE2D252B7B748F642D1942.e.3644"}]}
RESULT: {"script":"<script> [8489 bytes]","args":[{"element-6066-11e4-a52e-4f735466cecf":"f.F7A39C3863F4D6A216F4478231FD999C.d.83712AD571BE2D252B7B748F642D1942.e.3644","ELEMENT":"f.F7A39C3863F4D6A216F4478231FD999C.d.83712AD571BE2D252B7B748F642D1942.e.3644"}]}
COMMAND: POST /session/298a9cc2a40484f0c35b17e60ac53e2a/execute/async - {"script":"<script> [1562 bytes]","args":[{"selector":{"id":"application-managepartners-display-component---NewPartner--addressNewCostObjectCstID-vhi"},"wdio_ui5_key":"applicationmanagepartners-display-component---NewPartner--addressNewCostObjectCstID-vhi"}]}
COMMAND: GET /session/298a9cc2a40484f0c35b17e60ac53e2a/screenshot - {}
RESULT: {"script":"<script> [1562 bytes]","args":[{"selector":{"id":"application-managepartners-display-component---NewPartner--addressNewCostObjectCstID-vhi"},"wdio_ui5_key":"applicationmanagepartners-display-component---NewPartner--addressNewCostObjectCstID-vhi"}]}
RESULT: undefined
COMMAND: POST /session/298a9cc2a40484f0c35b17e60ac53e2a/element - {"using":"xpath","value":"//*[@id=\"application-managepartners-display-component---NewPartner--addressNewCostObjectCstID-vhi\"]"}
RESULT: {}
RESULT: {"using":"xpath","value":"//*[@id=\"application-managepartners-display-component---NewPartner--addressNewCostObjectCstID-vhi\"]"}
COMMAND: POST /session/298a9cc2a40484f0c35b17e60ac53e2a/element/f.F7A39C3863F4D6A216F4478231FD999C.d.83712AD571BE2D252B7B748F642D1942.e.3644/click - {}
RESULT: {}
COMMAND: GET /session/298a9cc2a40484f0c35b17e60ac53e2a/screenshot - {}
RESULT: {}
COMMAND: POST /session/298a9cc2a40484f0c35b17e60ac53e2a/execute/async - {"script":"<script> [1562 bytes]","args":[{"selector":{"controlType":"sap.m.SearchField","properties":{"placeholder":"Search"},"searchOpenDialogs":true,"interaction":{"idSuffix":"I"}},"wdio_ui5_key":"sapm.SearchField{\"placeholder\":\"Search\"}"}]}
RESULT: {"script":"<script> [1562 bytes]","args":[{"selector":{"controlType":"sap.m.SearchField","properties":{"placeholder":"Search"},"searchOpenDialogs":true,"interaction":{"idSuffix":"I"}},"wdio_ui5_key":"sapm.SearchField{\"placeholder\":\"Search\"}"}]}
RESULT: undefined
COMMAND: POST /session/298a9cc2a40484f0c35b17e60ac53e2a/execute/async - {"script":"<script> [776 bytes]","args":[{"enterText":"10001013","selector":{"controlType":"sap.m.SearchField","properties":{"placeholder":"Search"},"searchOpenDialogs":true,"interaction":{"idSuffix":"I"}},"clearTextFirst":true,"interactionType":"ENTER_TEXT"}]}
RESULT: {"script":"<script> [776 bytes]","args":[{"enterText":"10001013","selector":{"controlType":"sap.m.SearchField","properties":{"placeholder":"Search"},"searchOpenDialogs":true,"interaction":{"idSuffix":"I"}},"clearTextFirst":true,"interactionType":"ENTER_TEXT"}]}
COMMAND: POST /session/298a9cc2a40484f0c35b17e60ac53e2a/actions - {"actions":[{"id":"action7","type":"key","parameters":{},"actions":[{"type":"keyDown","value":"î€‡"},{"type":"pause","duration":10},{"type":"keyUp","value":"î€‡"}]}]}
RESULT: {"actions":[{"id":"action7","type":"key","parameters":{},"actions":[{"type":"keyDown","value":"î€‡"},{"type":"pause","duration":10},{"type":"keyUp","value":"î€‡"}]}]}
COMMAND: GET /session/298a9cc2a40484f0c35b17e60ac53e2a/screenshot - {}
RESULT: {}
COMMAND: POST /session/298a9cc2a40484f0c35b17e60ac53e2a/element - {"using":"xpath","value":"//span[contains(text(), \"General Management\")]"}
RESULT: {"using":"xpath","value":"//span[contains(text(), \"General Management\")]"}
COMMAND: POST /session/298a9cc2a40484f0c35b17e60ac53e2a/element/f.F7A39C3863F4D6A216F4478231FD999C.d.83712AD571BE2D252B7B748F642D1942.e.3686/click - {}
RESULT: {}
COMMAND: GET /session/298a9cc2a40484f0c35b17e60ac53e2a/screenshot - {}
RESULT: {}
COMMAND: POST /session/298a9cc2a40484f0c35b17e60ac53e2a/element - {"using":"xpath","value":"//bdi[contains(text(), \"OK\")]"}
RESULT: {"using":"xpath","value":"//bdi[contains(text(), \"OK\")]"}
COMMAND: POST /session/298a9cc2a40484f0c35b17e60ac53e2a/element/f.F7A39C3863F4D6A216F4478231FD999C.d.83712AD571BE2D252B7B748F642D1942.e.3687/click - {}
RESULT: {}
COMMAND: GET /session/298a9cc2a40484f0c35b17e60ac53e2a/screenshot - {}
RESULT: {}
COMMAND: POST /session/298a9cc2a40484f0c35b17e60ac53e2a/element - {"using":"xpath","value":"//input[@id=\"application-managepartners-display-component---NewPartner--companyCodeComboBox-inner\"]"}
RESULT: {"using":"xpath","value":"//input[@id=\"application-managepartners-display-component---NewPartner--companyCodeComboBox-inner\"]"}
COMMAND: POST /session/298a9cc2a40484f0c35b17e60ac53e2a/element/f.F7A39C3863F4D6A216F4478231FD999C.d.83712AD571BE2D252B7B748F642D1942.e.3578/clear - {}
RESULT: {}
COMMAND: POST /session/298a9cc2a40484f0c35b17e60ac53e2a/element/f.F7A39C3863F4D6A216F4478231FD999C.d.83712AD571BE2D252B7B748F642D1942.e.3578/value - {"text":"C002"}
COMMAND: GET /session/298a9cc2a40484f0c35b17e60ac53e2a/screenshot - {}
RESULT: {"text":"C002"}
COMMAND: GET /session/298a9cc2a40484f0c35b17e60ac53e2a/screenshot - {}
RESULT: {}
RESULT: {}
COMMAND: POST /session/298a9cc2a40484f0c35b17e60ac53e2a/element - {"using":"xpath","value":"//li[.//span[text()= \"C002\"]]"}
RESULT: {"using":"xpath","value":"//li[.//span[text()= \"C002\"]]"}
COMMAND: POST /session/298a9cc2a40484f0c35b17e60ac53e2a/element/f.F7A39C3863F4D6A216F4478231FD999C.d.83712AD571BE2D252B7B748F642D1942.e.3693/click - {}
RESULT: {}
COMMAND: GET /session/298a9cc2a40484f0c35b17e60ac53e2a/screenshot - {}
RESULT: {}
COMMAND: POST /session/298a9cc2a40484f0c35b17e60ac53e2a/execute/async - {"script":"<script> [1562 bytes]","args":[{"selector":{"id":"application-managepartners-display-component---NewPartner--btnAddTableRow-img"},"wdio_ui5_key":"applicationmanagepartners-display-component---NewPartner--btnAddTableRow-img"}]}
RESULT: {"script":"<script> [1562 bytes]","args":[{"selector":{"id":"application-managepartners-display-component---NewPartner--btnAddTableRow-img"},"wdio_ui5_key":"applicationmanagepartners-display-component---NewPartner--btnAddTableRow-img"}]}
RESULT: undefined
COMMAND: POST /session/298a9cc2a40484f0c35b17e60ac53e2a/element - {"using":"xpath","value":"//*[@id=\"application-managepartners-display-component---NewPartner--btnAddTableRow-img\"]"}
RESULT: {"using":"xpath","value":"//*[@id=\"application-managepartners-display-component---NewPartner--btnAddTableRow-img\"]"}
COMMAND: POST /session/298a9cc2a40484f0c35b17e60ac53e2a/element/f.F7A39C3863F4D6A216F4478231FD999C.d.83712AD571BE2D252B7B748F642D1942.e.3694/click - {}
RESULT: {}
COMMAND: GET /session/298a9cc2a40484f0c35b17e60ac53e2a/screenshot - {}
RESULT: {}
COMMAND: POST /session/298a9cc2a40484f0c35b17e60ac53e2a/element - {"using":"xpath","value":"//input[@id=\"application-managepartners-display-component---NewPartner--assignmentYard-application-managepartners-display-component---NewPartner--assignmentsTable-0-inner\"]"}
RESULT: {"using":"xpath","value":"//input[@id=\"application-managepartners-display-component---NewPartner--assignmentYard-application-managepartners-display-component---NewPartner--assignmentsTable-0-inner\"]"}
COMMAND: POST /session/298a9cc2a40484f0c35b17e60ac53e2a/element/f.F7A39C3863F4D6A216F4478231FD999C.d.83712AD571BE2D252B7B748F642D1942.e.3697/clear - {}
RESULT: {}
COMMAND: POST /session/298a9cc2a40484f0c35b17e60ac53e2a/element/f.F7A39C3863F4D6A216F4478231FD999C.d.83712AD571BE2D252B7B748F642D1942.e.3697/value - {"text":"692"}
COMMAND: GET /session/298a9cc2a40484f0c35b17e60ac53e2a/screenshot - {}
RESULT: {"text":"692"}
COMMAND: GET /session/298a9cc2a40484f0c35b17e60ac53e2a/screenshot - {}
RESULT: {}
RESULT: {}
COMMAND: POST /session/298a9cc2a40484f0c35b17e60ac53e2a/element - {"using":"xpath","value":"//li[.//span[text()='692']]"}
RESULT: {"using":"xpath","value":"//li[.//span[text()='692']]"}
COMMAND: POST /session/298a9cc2a40484f0c35b17e60ac53e2a/element/f.F7A39C3863F4D6A216F4478231FD999C.d.83712AD571BE2D252B7B748F642D1942.e.3706/click - {}
RESULT: {}
COMMAND: GET /session/298a9cc2a40484f0c35b17e60ac53e2a/screenshot - {}
RESULT: {}
COMMAND: POST /session/298a9cc2a40484f0c35b17e60ac53e2a/actions - {"actions":[{"id":"action8","type":"key","parameters":{},"actions":[{"type":"keyDown","value":"î€‡"},{"type":"pause","duration":10},{"type":"keyUp","value":"î€‡"}]}]}
RESULT: {"actions":[{"id":"action8","type":"key","parameters":{},"actions":[{"type":"keyDown","value":"î€‡"},{"type":"pause","duration":10},{"type":"keyUp","value":"î€‡"}]}]}
COMMAND: POST /session/298a9cc2a40484f0c35b17e60ac53e2a/execute/async - {"script":"<script> [1562 bytes]","args":[{"selector":{"id":"application-managepartners-display-component---NewPartner--externalCustomerComboBox-application-managepartners-display-component---NewPartner--assignmentsTable-0-vhi"},"wdio_ui5_key":"applicationmanagepartners-display-component---NewPartner--externalCustomerComboBox-application-managepartners-display-component---NewPartner--assignmentsTable-0-vhi"}]}
COMMAND: GET /session/298a9cc2a40484f0c35b17e60ac53e2a/screenshot - {}
RESULT: {"script":"<script> [1562 bytes]","args":[{"selector":{"id":"application-managepartners-display-component---NewPartner--externalCustomerComboBox-application-managepartners-display-component---NewPartner--assignmentsTable-0-vhi"},"wdio_ui5_key":"applicationmanagepartners-display-component---NewPartner--externalCustomerComboBox-application-managepartners-display-component---NewPartner--assignmentsTable-0-vhi"}]}
RESULT: undefined
COMMAND: POST /session/298a9cc2a40484f0c35b17e60ac53e2a/element - {"using":"xpath","value":"//*[@id=\"application-managepartners-display-component---NewPartner--externalCustomerComboBox-application-managepartners-display-component---NewPartner--assignmentsTable-0-vhi\"]"}
RESULT: {}
RESULT: {"using":"xpath","value":"//*[@id=\"application-managepartners-display-component---NewPartner--externalCustomerComboBox-application-managepartners-display-component---NewPartner--assignmentsTable-0-vhi\"]"}
COMMAND: POST /session/298a9cc2a40484f0c35b17e60ac53e2a/element/f.F7A39C3863F4D6A216F4478231FD999C.d.83712AD571BE2D252B7B748F642D1942.e.3710/click - {}
RESULT: {}
RESULT: undefined
COMMAND: POST /session/298a9cc2a40484f0c35b17e60ac53e2a/execute/async - {"script":"<script> [776 bytes]","args":[{"enterText":"300003","selector":{"controlType":"sap.m.SearchField","properties":{"placeholder":"Search"},"searchOpenDialogs":true,"interaction":{"idSuffix":"I"}},"clearTextFirst":true,"interactionType":"ENTER_TEXT"}]}
COMMAND: GET /session/298a9cc2a40484f0c35b17e60ac53e2a/screenshot - {}
RESULT: {"script":"<script> [776 bytes]","args":[{"enterText":"300003","selector":{"controlType":"sap.m.SearchField","properties":{"placeholder":"Search"},"searchOpenDialogs":true,"interaction":{"idSuffix":"I"}},"clearTextFirst":true,"interactionType":"ENTER_TEXT"}]}
COMMAND: POST /session/298a9cc2a40484f0c35b17e60ac53e2a/actions - {"actions":[{"id":"action9","type":"key","parameters":{},"actions":[{"type":"keyDown","value":"î€‡"},{"type":"pause","duration":10},{"type":"keyUp","value":"î€‡"}]}]}
RESULT: {}
RESULT: {"actions":[{"id":"action9","type":"key","parameters":{},"actions":[{"type":"keyDown","value":"î€‡"},{"type":"pause","duration":10},{"type":"keyUp","value":"î€‡"}]}]}
COMMAND: GET /session/298a9cc2a40484f0c35b17e60ac53e2a/screenshot - {}
RESULT: {}
COMMAND: POST /session/298a9cc2a40484f0c35b17e60ac53e2a/element - {"using":"xpath","value":"//span[contains(text(), \"300003\")]"}
RESULT: {"using":"xpath","value":"//span[contains(text(), \"300003\")]"}
COMMAND: POST /session/298a9cc2a40484f0c35b17e60ac53e2a/element/f.F7A39C3863F4D6A216F4478231FD999C.d.83712AD571BE2D252B7B748F642D1942.e.3728/click - {}
RESULT: {}
COMMAND: GET /session/298a9cc2a40484f0c35b17e60ac53e2a/screenshot - {}
RESULT: {}
COMMAND: POST /session/298a9cc2a40484f0c35b17e60ac53e2a/element - {"using":"xpath","value":"//bdi[contains(text(), \"OK\")]"}
RESULT: {"using":"xpath","value":"//bdi[contains(text(), \"OK\")]"}
COMMAND: POST /session/298a9cc2a40484f0c35b17e60ac53e2a/element/f.F7A39C3863F4D6A216F4478231FD999C.d.83712AD571BE2D252B7B748F642D1942.e.3730/click - {}
RESULT: {}
COMMAND: GET /session/298a9cc2a40484f0c35b17e60ac53e2a/screenshot - {}
COMMAND: POST /session/298a9cc2a40484f0c35b17e60ac53e2a/execute/async - {"script":"<script> [1562 bytes]","args":[{"selector":{"id":"application-managepartners-display-component---NewPartner--intercompVendorComboBox-application-managepartners-display-component---NewPartner--assignmentsTable-0-vhi"},"wdio_ui5_key":"applicationmanagepartners-display-component---NewPartner--intercompVendorComboBox-application-managepartners-display-component---NewPartner--assignmentsTable-0-vhi"}]}
RESULT: {}
RESULT: {"script":"<script> [1562 bytes]","args":[{"selector":{"id":"application-managepartners-display-component---NewPartner--intercompVendorComboBox-application-managepartners-display-component---NewPartner--assignmentsTable-0-vhi"},"wdio_ui5_key":"applicationmanagepartners-display-component---NewPartner--intercompVendorComboBox-application-managepartners-display-component---NewPartner--assignmentsTable-0-vhi"}]}
RESULT: undefined
COMMAND: POST /session/298a9cc2a40484f0c35b17e60ac53e2a/element - {"using":"xpath","value":"//*[@id=\"application-managepartners-display-component---NewPartner--intercompVendorComboBox-application-managepartners-display-component---NewPartner--assignmentsTable-0-vhi\"]"}
RESULT: {"using":"xpath","value":"//*[@id=\"application-managepartners-display-component---NewPartner--intercompVendorComboBox-application-managepartners-display-component---NewPartner--assignmentsTable-0-vhi\"]"}
COMMAND: POST /session/298a9cc2a40484f0c35b17e60ac53e2a/element/f.F7A39C3863F4D6A216F4478231FD999C.d.83712AD571BE2D252B7B748F642D1942.e.3733/click - {}
RESULT: {}
RESULT: undefined
COMMAND: POST /session/298a9cc2a40484f0c35b17e60ac53e2a/execute/async - {"script":"<script> [776 bytes]","args":[{"enterText":"100005","selector":{"controlType":"sap.m.SearchField","properties":{"placeholder":"Search"},"searchOpenDialogs":true,"interaction":{"idSuffix":"I"}},"clearTextFirst":true,"interactionType":"ENTER_TEXT"}]}
COMMAND: GET /session/298a9cc2a40484f0c35b17e60ac53e2a/screenshot - {}
RESULT: {"script":"<script> [776 bytes]","args":[{"enterText":"100005","selector":{"controlType":"sap.m.SearchField","properties":{"placeholder":"Search"},"searchOpenDialogs":true,"interaction":{"idSuffix":"I"}},"clearTextFirst":true,"interactionType":"ENTER_TEXT"}]}
COMMAND: POST /session/298a9cc2a40484f0c35b17e60ac53e2a/actions - {"actions":[{"id":"action10","type":"key","parameters":{},"actions":[{"type":"keyDown","value":"î€‡"},{"type":"pause","duration":10},{"type":"keyUp","value":"î€‡"}]}]}
RESULT: {}
RESULT: {"actions":[{"id":"action10","type":"key","parameters":{},"actions":[{"type":"keyDown","value":"î€‡"},{"type":"pause","duration":10},{"type":"keyUp","value":"î€‡"}]}]}
COMMAND: GET /session/298a9cc2a40484f0c35b17e60ac53e2a/screenshot - {}
RESULT: {}
COMMAND: POST /session/298a9cc2a40484f0c35b17e60ac53e2a/element - {"using":"xpath","value":"//span[contains(text(), \"Penguins - Field/12345 Berlin\")]"}
RESULT: {"using":"xpath","value":"//span[contains(text(), \"Penguins - Field/12345 Berlin\")]"}
COMMAND: POST /session/298a9cc2a40484f0c35b17e60ac53e2a/element/f.F7A39C3863F4D6A216F4478231FD999C.d.83712AD571BE2D252B7B748F642D1942.e.3751/click - {}
RESULT: {}
COMMAND: GET /session/298a9cc2a40484f0c35b17e60ac53e2a/screenshot - {}
RESULT: {}
COMMAND: POST /session/298a9cc2a40484f0c35b17e60ac53e2a/element - {"using":"xpath","value":"//bdi[contains(text(), \"OK\")]"}
RESULT: {"using":"xpath","value":"//bdi[contains(text(), \"OK\")]"}
COMMAND: POST /session/298a9cc2a40484f0c35b17e60ac53e2a/element/f.F7A39C3863F4D6A216F4478231FD999C.d.83712AD571BE2D252B7B748F642D1942.e.3752/click - {}
RESULT: {}
COMMAND: GET /session/298a9cc2a40484f0c35b17e60ac53e2a/screenshot - {}
RESULT: {}
COMMAND: POST /session/298a9cc2a40484f0c35b17e60ac53e2a/element - {"using":"xpath","value":"//button[@data-kt=\"saveButton\"]"}
RESULT: {"using":"xpath","value":"//button[@data-kt=\"saveButton\"]"}
COMMAND: POST /session/298a9cc2a40484f0c35b17e60ac53e2a/element/f.F7A39C3863F4D6A216F4478231FD999C.d.83712AD571BE2D252B7B748F642D1942.e.3604/click - {}
RESULT: {}
COMMAND: GET /session/298a9cc2a40484f0c35b17e60ac53e2a/screenshot - {}
RESULT: {}
COMMAND: POST /session/298a9cc2a40484f0c35b17e60ac53e2a/element - {"using":"xpath","value":"//header[contains(@id, 'ObjectPageLayout-headerTitle')]/div[1]/div[2]/div[2]/span[1]"}
RESULT: {"using":"xpath","value":"//header[contains(@id, 'ObjectPageLayout-headerTitle')]/div[1]/div[2]/div[2]/span[1]"}
COMMAND: POST /session/298a9cc2a40484f0c35b17e60ac53e2a/elements - {"using":"xpath","value":"//header[contains(@id, 'ObjectPageLayout-headerTitle')]/div[1]/div[2]/div[2]/span[1]"}
RESULT: {"using":"xpath","value":"//header[contains(@id, 'ObjectPageLayout-headerTitle')]/div[1]/div[2]/div[2]/span[1]"}
COMMAND: POST /session/298a9cc2a40484f0c35b17e60ac53e2a/execute/sync - {"script":"<script> [56 bytes]","args":[{"element-6066-11e4-a52e-4f735466cecf":"f.F7A39C3863F4D6A216F4478231FD999C.d.83712AD571BE2D252B7B748F642D1942.e.3920","ELEMENT":"f.F7A39C3863F4D6A216F4478231FD999C.d.83712AD571BE2D252B7B748F642D1942.e.3920"}]}
RESULT: {"script":"<script> [56 bytes]","args":[{"element-6066-11e4-a52e-4f735466cecf":"f.F7A39C3863F4D6A216F4478231FD999C.d.83712AD571BE2D252B7B748F642D1942.e.3920","ELEMENT":"f.F7A39C3863F4D6A216F4478231FD999C.d.83712AD571BE2D252B7B748F642D1942.e.3920"}]}
COMMAND: POST /session/298a9cc2a40484f0c35b17e60ac53e2a/element - {"using":"css selector","value":"#shell-header-logo"}
COMMAND: GET /session/298a9cc2a40484f0c35b17e60ac53e2a/screenshot - {}
RESULT: {"using":"css selector","value":"#shell-header-logo"}
COMMAND: POST /session/298a9cc2a40484f0c35b17e60ac53e2a/element/f.F7A39C3863F4D6A216F4478231FD999C.d.83712AD571BE2D252B7B748F642D1942.e.3133/click - {}
RESULT: {}
RESULT: {}
COMMAND: GET /session/298a9cc2a40484f0c35b17e60ac53e2a/screenshot - {}
RESULT: {}
COMMAND: POST /session/298a9cc2a40484f0c35b17e60ac53e2a/execute/sync - {"script":"<script> [299 bytes]","args":[["getModel","getResource"]]}
RESULT: {"script":"<script> [299 bytes]","args":[["getModel","getResource"]]}
RESULT: undefined
COMMAND: POST /session/298a9cc2a40484f0c35b17e60ac53e2a/element - {"using":"xpath","value":"//*[@id=\"__tile30\"]"}
COMMAND: GET /session/298a9cc2a40484f0c35b17e60ac53e2a/screenshot - {}
RESULT: {"using":"xpath","value":"//*[@id=\"__tile30\"]"}
COMMAND: POST /session/298a9cc2a40484f0c35b17e60ac53e2a/element/f.F7A39C3863F4D6A216F4478231FD999C.d.83712AD571BE2D252B7B748F642D1942.e.3053/click - {}
RESULT: {}
RESULT: {}
COMMAND: GET /session/298a9cc2a40484f0c35b17e60ac53e2a/screenshot - {}
RESULT: {}
COMMAND: POST /session/298a9cc2a40484f0c35b17e60ac53e2a/elements - {"using":"xpath","value":"//span[text()='Error']"}
RESULT: {"using":"xpath","value":"//span[text()='Error']"}
COMMAND: POST /session/298a9cc2a40484f0c35b17e60ac53e2a/element - {"using":"xpath","value":"//button[@data-kt=\"addButton\"]"}
RESULT: {"using":"xpath","value":"//button[@data-kt=\"addButton\"]"}
COMMAND: POST /session/298a9cc2a40484f0c35b17e60ac53e2a/elements - {"using":"xpath","value":"//button[@data-kt=\"addButton\"]"}
RESULT: {"using":"xpath","value":"//button[@data-kt=\"addButton\"]"}
COMMAND: POST /session/298a9cc2a40484f0c35b17e60ac53e2a/execute/sync - {"script":"<script> [8489 bytes]","args":[{"element-6066-11e4-a52e-4f735466cecf":"f.F7A39C3863F4D6A216F4478231FD999C.d.83712AD571BE2D252B7B748F642D1942.e.3968","ELEMENT":"f.F7A39C3863F4D6A216F4478231FD999C.d.83712AD571BE2D252B7B748F642D1942.e.3968"}]}
RESULT: {"script":"<script> [8489 bytes]","args":[{"element-6066-11e4-a52e-4f735466cecf":"f.F7A39C3863F4D6A216F4478231FD999C.d.83712AD571BE2D252B7B748F642D1942.e.3968","ELEMENT":"f.F7A39C3863F4D6A216F4478231FD999C.d.83712AD571BE2D252B7B748F642D1942.e.3968"}]}
COMMAND: GET /session/298a9cc2a40484f0c35b17e60ac53e2a/element/f.F7A39C3863F4D6A216F4478231FD999C.d.83712AD571BE2D252B7B748F642D1942.e.3968/enabled - {}
COMMAND: GET /session/298a9cc2a40484f0c35b17e60ac53e2a/screenshot - {}
RESULT: {}
COMMAND: POST /session/298a9cc2a40484f0c35b17e60ac53e2a/execute/sync - {"script":"<script> [8489 bytes]","args":[{"element-6066-11e4-a52e-4f735466cecf":"f.F7A39C3863F4D6A216F4478231FD999C.d.83712AD571BE2D252B7B748F642D1942.e.3968","ELEMENT":"f.F7A39C3863F4D6A216F4478231FD999C.d.83712AD571BE2D252B7B748F642D1942.e.3968"}]}
COMMAND: GET /session/298a9cc2a40484f0c35b17e60ac53e2a/screenshot - {}
RESULT: {}
RESULT: {"script":"<script> [8489 bytes]","args":[{"element-6066-11e4-a52e-4f735466cecf":"f.F7A39C3863F4D6A216F4478231FD999C.d.83712AD571BE2D252B7B748F642D1942.e.3968","ELEMENT":"f.F7A39C3863F4D6A216F4478231FD999C.d.83712AD571BE2D252B7B748F642D1942.e.3968"}]}
COMMAND: POST /session/298a9cc2a40484f0c35b17e60ac53e2a/execute/sync - {"script":"<script> [5351 bytes]","args":[{"element-6066-11e4-a52e-4f735466cecf":"f.F7A39C3863F4D6A216F4478231FD999C.d.83712AD571BE2D252B7B748F642D1942.e.3968","ELEMENT":"f.F7A39C3863F4D6A216F4478231FD999C.d.83712AD571BE2D252B7B748F642D1942.e.3968"}]}
COMMAND: GET /session/298a9cc2a40484f0c35b17e60ac53e2a/screenshot - {}
RESULT: {}
RESULT: {"script":"<script> [5351 bytes]","args":[{"element-6066-11e4-a52e-4f735466cecf":"f.F7A39C3863F4D6A216F4478231FD999C.d.83712AD571BE2D252B7B748F642D1942.e.3968","ELEMENT":"f.F7A39C3863F4D6A216F4478231FD999C.d.83712AD571BE2D252B7B748F642D1942.e.3968"}]}
COMMAND: GET /session/298a9cc2a40484f0c35b17e60ac53e2a/screenshot - {}
RESULT: {}
RESULT: {}
COMMAND: POST /session/298a9cc2a40484f0c35b17e60ac53e2a/execute/async - {"script":"<script> [1562 bytes]","args":[{"selector":{"id":"application-managepartners-display-component---masterPtm--smartFilterBar-btnBasicSearch","interaction":{"idSuffix":"I"}},"wdio_ui5_key":"applicationmanagepartners-display-component---masterPtm--smartFilterBar-btnBasicSearch"}]}
RESULT: {"script":"<script> [1562 bytes]","args":[{"selector":{"id":"application-managepartners-display-component---masterPtm--smartFilterBar-btnBasicSearch","interaction":{"idSuffix":"I"}},"wdio_ui5_key":"applicationmanagepartners-display-component---masterPtm--smartFilterBar-btnBasicSearch"}]}
RESULT: undefined
COMMAND: POST /session/298a9cc2a40484f0c35b17e60ac53e2a/execute/async - {"script":"<script> [776 bytes]","args":[{"enterText":"1455","selector":{"id":"application-managepartners-display-component---masterPtm--smartFilterBar-btnBasicSearch","interaction":{"idSuffix":"I"}},"clearTextFirst":true,"interactionType":"ENTER_TEXT"}]}
RESULT: {"script":"<script> [776 bytes]","args":[{"enterText":"1455","selector":{"id":"application-managepartners-display-component---masterPtm--smartFilterBar-btnBasicSearch","interaction":{"idSuffix":"I"}},"clearTextFirst":true,"interactionType":"ENTER_TEXT"}]}
COMMAND: POST /session/298a9cc2a40484f0c35b17e60ac53e2a/actions - {"actions":[{"id":"action11","type":"key","parameters":{},"actions":[{"type":"keyDown","value":"î€‡"},{"type":"pause","duration":10},{"type":"keyUp","value":"î€‡"}]}]}
RESULT: {"actions":[{"id":"action11","type":"key","parameters":{},"actions":[{"type":"keyDown","value":"î€‡"},{"type":"pause","duration":10},{"type":"keyUp","value":"î€‡"}]}]}
COMMAND: GET /session/298a9cc2a40484f0c35b17e60ac53e2a/screenshot - {}
RESULT: {}
COMMAND: POST /session/298a9cc2a40484f0c35b17e60ac53e2a/elements - {"using":"xpath","value":"//table[contains(@id, \"customPartnersTable-listUl\")]/tbody/tr"}
RESULT: {"using":"xpath","value":"//table[contains(@id, \"customPartnersTable-listUl\")]/tbody/tr"}
COMMAND: POST /session/298a9cc2a40484f0c35b17e60ac53e2a/element - {"using":"xpath","value":"//table[contains(@id, \"customPartnersTable-listUl\")]/tbody/tr[1]/td[3]/span"}
RESULT: {"using":"xpath","value":"//table[contains(@id, \"customPartnersTable-listUl\")]/tbody/tr[1]/td[3]/span"}
COMMAND: POST /session/298a9cc2a40484f0c35b17e60ac53e2a/elements - {"using":"xpath","value":"//table[contains(@id, \"customPartnersTable-listUl\")]/tbody/tr[1]/td[3]/span"}
RESULT: {"using":"xpath","value":"//table[contains(@id, \"customPartnersTable-listUl\")]/tbody/tr[1]/td[3]/span"}
COMMAND: POST /session/298a9cc2a40484f0c35b17e60ac53e2a/execute/sync - {"script":"<script> [56 bytes]","args":[{"element-6066-11e4-a52e-4f735466cecf":"f.F7A39C3863F4D6A216F4478231FD999C.d.83712AD571BE2D252B7B748F642D1942.e.4103","ELEMENT":"f.F7A39C3863F4D6A216F4478231FD999C.d.83712AD571BE2D252B7B748F642D1942.e.4103"}]}
RESULT: {"script":"<script> [56 bytes]","args":[{"element-6066-11e4-a52e-4f735466cecf":"f.F7A39C3863F4D6A216F4478231FD999C.d.83712AD571BE2D252B7B748F642D1942.e.4103","ELEMENT":"f.F7A39C3863F4D6A216F4478231FD999C.d.83712AD571BE2D252B7B748F642D1942.e.4103"}]}
COMMAND: POST /session/298a9cc2a40484f0c35b17e60ac53e2a/element - {"using":"xpath","value":"(//span[contains(@id, \"imgNav\")])[1]"}
COMMAND: GET /session/298a9cc2a40484f0c35b17e60ac53e2a/screenshot - {}
RESULT: {"using":"xpath","value":"(//span[contains(@id, \"imgNav\")])[1]"}
COMMAND: POST /session/298a9cc2a40484f0c35b17e60ac53e2a/element/f.F7A39C3863F4D6A216F4478231FD999C.d.83712AD571BE2D252B7B748F642D1942.e.4100/click - {}
RESULT: {}
RESULT: {}
COMMAND: GET /session/298a9cc2a40484f0c35b17e60ac53e2a/screenshot - {}
RESULT: {}
COMMAND: POST /session/298a9cc2a40484f0c35b17e60ac53e2a/element - {"using":"xpath","value":"//bdi[contains(text(), \"Edit\")]"}
RESULT: {"using":"xpath","value":"//bdi[contains(text(), \"Edit\")]"}
COMMAND: POST /session/298a9cc2a40484f0c35b17e60ac53e2a/element/f.F7A39C3863F4D6A216F4478231FD999C.d.83712AD571BE2D252B7B748F642D1942.e.4249/click - {}
RESULT: {}
COMMAND: GET /session/298a9cc2a40484f0c35b17e60ac53e2a/screenshot - {}
COMMAND: POST /session/298a9cc2a40484f0c35b17e60ac53e2a/execute/async - {"script":"<script> [1562 bytes]","args":[{"selector":{"controlType":"sap.m.Input","viewName":"etm.portal.ui.managepartners.view.EditDetail","labelFor":{"text":"Name"},"interaction":{"idSuffix":"inner"}},"wdio_ui5_key":"etmportal.ui.managepartners.view.EditDetailsap.m.Input{\"text\":\"Name\"}"}]}
RESULT: {}
RESULT: {"script":"<script> [1562 bytes]","args":[{"selector":{"controlType":"sap.m.Input","viewName":"etm.portal.ui.managepartners.view.EditDetail","labelFor":{"text":"Name"},"interaction":{"idSuffix":"inner"}},"wdio_ui5_key":"etmportal.ui.managepartners.view.EditDetailsap.m.Input{\"text\":\"Name\"}"}]}
RESULT: undefined
COMMAND: POST /session/298a9cc2a40484f0c35b17e60ac53e2a/execute/async - {"script":"<script> [776 bytes]","args":[{"enterText":"Intercompany EDIT","selector":{"controlType":"sap.m.Input","viewName":"etm.portal.ui.managepartners.view.EditDetail","labelFor":{"text":"Name"},"interaction":{"idSuffix":"inner"}},"clearTextFirst":true,"interactionType":"ENTER_TEXT"}]}
RESULT: {"script":"<script> [776 bytes]","args":[{"enterText":"Intercompany EDIT","selector":{"controlType":"sap.m.Input","viewName":"etm.portal.ui.managepartners.view.EditDetail","labelFor":{"text":"Name"},"interaction":{"idSuffix":"inner"}},"clearTextFirst":true,"interactionType":"ENTER_TEXT"}]}
COMMAND: POST /session/298a9cc2a40484f0c35b17e60ac53e2a/element - {"using":"xpath","value":"(//span[contains(@id,\"addressDetailDetailsLanguage-arrow\")])[1]"}
RESULT: {"using":"xpath","value":"(//span[contains(@id,\"addressDetailDetailsLanguage-arrow\")])[1]"}
COMMAND: POST /session/298a9cc2a40484f0c35b17e60ac53e2a/element/f.F7A39C3863F4D6A216F4478231FD999C.d.83712AD571BE2D252B7B748F642D1942.e.4333/click - {}
RESULT: {}
COMMAND: POST /session/298a9cc2a40484f0c35b17e60ac53e2a/element - {"using":"xpath","value":"//span[contains(text(), \"Chinese\")]"}
COMMAND: GET /session/298a9cc2a40484f0c35b17e60ac53e2a/screenshot - {}
RESULT: {"using":"xpath","value":"//span[contains(text(), \"Chinese\")]"}
COMMAND: POST /session/298a9cc2a40484f0c35b17e60ac53e2a/element/f.F7A39C3863F4D6A216F4478231FD999C.d.83712AD571BE2D252B7B748F642D1942.e.4334/click - {}
RESULT: {}
RESULT: {}
COMMAND: GET /session/298a9cc2a40484f0c35b17e60ac53e2a/screenshot - {}
RESULT: {}
COMMAND: POST /session/298a9cc2a40484f0c35b17e60ac53e2a/execute/async - {"script":"<script> [1562 bytes]","args":[{"selector":{"controlType":"sap.m.Input","viewName":"etm.portal.ui.managepartners.view.EditDetail","labelFor":{"text":"City"},"interaction":{"idSuffix":"inner"}},"wdio_ui5_key":"etmportal.ui.managepartners.view.EditDetailsap.m.Input{\"text\":\"City\"}"}]}
RESULT: {"script":"<script> [1562 bytes]","args":[{"selector":{"controlType":"sap.m.Input","viewName":"etm.portal.ui.managepartners.view.EditDetail","labelFor":{"text":"City"},"interaction":{"idSuffix":"inner"}},"wdio_ui5_key":"etmportal.ui.managepartners.view.EditDetailsap.m.Input{\"text\":\"City\"}"}]}
RESULT: undefined
COMMAND: POST /session/298a9cc2a40484f0c35b17e60ac53e2a/execute/async - {"script":"<script> [776 bytes]","args":[{"enterText":"Clooj-Napoca","selector":{"controlType":"sap.m.Input","viewName":"etm.portal.ui.managepartners.view.EditDetail","labelFor":{"text":"City"},"interaction":{"idSuffix":"inner"}},"clearTextFirst":true,"interactionType":"ENTER_TEXT"}]}
RESULT: {"script":"<script> [776 bytes]","args":[{"enterText":"Clooj-Napoca","selector":{"controlType":"sap.m.Input","viewName":"etm.portal.ui.managepartners.view.EditDetail","labelFor":{"text":"City"},"interaction":{"idSuffix":"inner"}},"clearTextFirst":true,"interactionType":"ENTER_TEXT"}]}
COMMAND: POST /session/298a9cc2a40484f0c35b17e60ac53e2a/element - {"using":"xpath","value":"//button[@data-kt=\"saveButton\"]"}
RESULT: {"using":"xpath","value":"//button[@data-kt=\"saveButton\"]"}
COMMAND: POST /session/298a9cc2a40484f0c35b17e60ac53e2a/element/f.F7A39C3863F4D6A216F4478231FD999C.d.83712AD571BE2D252B7B748F642D1942.e.4312/click - {}
RESULT: {}
COMMAND: GET /session/298a9cc2a40484f0c35b17e60ac53e2a/screenshot - {}
RESULT: {}
COMMAND: POST /session/298a9cc2a40484f0c35b17e60ac53e2a/execute/async - {"script":"<script> [1562 bytes]","args":[{"selector":{"id":"application-managepartners-display-component---detailPtm--addressDetailDetailsName1"},"wdio_ui5_key":"applicationmanagepartners-display-component---detailPtm--addressDetailDetailsName1"}]}
RESULT: {"script":"<script> [1562 bytes]","args":[{"selector":{"id":"application-managepartners-display-component---detailPtm--addressDetailDetailsName1"},"wdio_ui5_key":"applicationmanagepartners-display-component---detailPtm--addressDetailDetailsName1"}]}
RESULT: undefined
COMMAND: POST /session/298a9cc2a40484f0c35b17e60ac53e2a/execute/async - {"script":"<script> [6424 bytes]","args":[{"element-6066-11e4-a52e-4f735466cecf":"f.F7A39C3863F4D6A216F4478231FD999C.d.83712AD571BE2D252B7B748F642D1942.e.4366"},"getValue",[]]}
RESULT: {"script":"<script> [6424 bytes]","args":[{"element-6066-11e4-a52e-4f735466cecf":"f.F7A39C3863F4D6A216F4478231FD999C.d.83712AD571BE2D252B7B748F642D1942.e.4366"},"getValue",[]]}
COMMAND: POST /session/298a9cc2a40484f0c35b17e60ac53e2a/element - {"using":"xpath","value":"//input[@id = \"application-managepartners-display-component---detailPtm--addressDetailDetailsLanguage-inner\"]"}
RESULT: {"using":"xpath","value":"//input[@id = \"application-managepartners-display-component---detailPtm--addressDetailDetailsLanguage-inner\"]"}
COMMAND: GET /session/298a9cc2a40484f0c35b17e60ac53e2a/element/f.F7A39C3863F4D6A216F4478231FD999C.d.83712AD571BE2D252B7B748F642D1942.e.4367/property/value - {}
RESULT: {}
COMMAND: POST /session/298a9cc2a40484f0c35b17e60ac53e2a/execute/async - {"script":"<script> [1562 bytes]","args":[{"selector":{"id":"application-managepartners-display-component---detailPtm--addressDetailDetailsCity1"},"wdio_ui5_key":"applicationmanagepartners-display-component---detailPtm--addressDetailDetailsCity1"}]}
COMMAND: GET /session/298a9cc2a40484f0c35b17e60ac53e2a/screenshot - {}
RESULT: {"script":"<script> [1562 bytes]","args":[{"selector":{"id":"application-managepartners-display-component---detailPtm--addressDetailDetailsCity1"},"wdio_ui5_key":"applicationmanagepartners-display-component---detailPtm--addressDetailDetailsCity1"}]}
RESULT: undefined
COMMAND: POST /session/298a9cc2a40484f0c35b17e60ac53e2a/execute/async - {"script":"<script> [6424 bytes]","args":[{"element-6066-11e4-a52e-4f735466cecf":"f.F7A39C3863F4D6A216F4478231FD999C.d.83712AD571BE2D252B7B748F642D1942.e.4368"},"getValue",[]]}
RESULT: {}
RESULT: {"script":"<script> [6424 bytes]","args":[{"element-6066-11e4-a52e-4f735466cecf":"f.F7A39C3863F4D6A216F4478231FD999C.d.83712AD571BE2D252B7B748F642D1942.e.4368"},"getValue",[]]}
COMMAND: POST /session/298a9cc2a40484f0c35b17e60ac53e2a/element - {"using":"css selector","value":"#shell-header-logo"}
RESULT: {"using":"css selector","value":"#shell-header-logo"}
COMMAND: POST /session/298a9cc2a40484f0c35b17e60ac53e2a/element/f.F7A39C3863F4D6A216F4478231FD999C.d.83712AD571BE2D252B7B748F642D1942.e.3923/click - {}
RESULT: {}
COMMAND: GET /session/298a9cc2a40484f0c35b17e60ac53e2a/screenshot - {}
RESULT: {}
]]></system-out>
    </testcase>
    <testcase classname="chrome.137_0_7151_69.windows.Partner_specific_tests_US150819_US151080_US151654_US151176_US103444_US151078_US151079_US151109_US151174_US151175_US151189" name="Should create a new intracompany partner edit some of its fields US151079" time="268.024">
      <system-out><![CDATA[
COMMAND: POST /session/298a9cc2a40484f0c35b17e60ac53e2a/element - {"using":"xpath","value":"//li[.//span[text()=\"Manage Partners\"]]"}
RESULT: {"using":"xpath","value":"//li[.//span[text()=\"Manage Partners\"]]"}
COMMAND: POST /session/298a9cc2a40484f0c35b17e60ac53e2a/element - {"using":"xpath","value":"//li[.//span[text()=\"Manage Partners\"]]"}
RESULT: {"using":"xpath","value":"//li[.//span[text()=\"Manage Partners\"]]"}
COMMAND: POST /session/298a9cc2a40484f0c35b17e60ac53e2a/element - {"using":"css selector","value":"#shell-header-logo"}
RESULT: {"using":"css selector","value":"#shell-header-logo"}
COMMAND: POST /session/298a9cc2a40484f0c35b17e60ac53e2a/element/f.F7A39C3863F4D6A216F4478231FD999C.d.83712AD571BE2D252B7B748F642D1942.e.4398/click - {}
COMMAND: POST /session/298a9cc2a40484f0c35b17e60ac53e2a/execute/sync - {"script":"<script> [8489 bytes]","args":[{"element-6066-11e4-a52e-4f735466cecf":"f.F7A39C3863F4D6A216F4478231FD999C.d.83712AD571BE2D252B7B748F642D1942.e.4398","ELEMENT":"f.F7A39C3863F4D6A216F4478231FD999C.d.83712AD571BE2D252B7B748F642D1942.e.4398"}]}
RESULT: {}
COMMAND: GET /session/298a9cc2a40484f0c35b17e60ac53e2a/screenshot - {}
RESULT: {"script":"<script> [8489 bytes]","args":[{"element-6066-11e4-a52e-4f735466cecf":"f.F7A39C3863F4D6A216F4478231FD999C.d.83712AD571BE2D252B7B748F642D1942.e.4398","ELEMENT":"f.F7A39C3863F4D6A216F4478231FD999C.d.83712AD571BE2D252B7B748F642D1942.e.4398"}]}
COMMAND: POST /session/298a9cc2a40484f0c35b17e60ac53e2a/execute/sync - {"script":"<script> [5351 bytes]","args":[{"element-6066-11e4-a52e-4f735466cecf":"f.F7A39C3863F4D6A216F4478231FD999C.d.83712AD571BE2D252B7B748F642D1942.e.4398","ELEMENT":"f.F7A39C3863F4D6A216F4478231FD999C.d.83712AD571BE2D252B7B748F642D1942.e.4398"}]}
COMMAND: GET /session/298a9cc2a40484f0c35b17e60ac53e2a/screenshot - {}
RESULT: {}
RESULT: {"script":"<script> [5351 bytes]","args":[{"element-6066-11e4-a52e-4f735466cecf":"f.F7A39C3863F4D6A216F4478231FD999C.d.83712AD571BE2D252B7B748F642D1942.e.4398","ELEMENT":"f.F7A39C3863F4D6A216F4478231FD999C.d.83712AD571BE2D252B7B748F642D1942.e.4398"}]}
COMMAND: GET /session/298a9cc2a40484f0c35b17e60ac53e2a/screenshot - {}
RESULT: {}
RESULT: {}
COMMAND: POST /session/298a9cc2a40484f0c35b17e60ac53e2a/refresh - {}
RESULT: {}
COMMAND: GET /session/298a9cc2a40484f0c35b17e60ac53e2a/screenshot - {}
RESULT: {}
COMMAND: POST /session/298a9cc2a40484f0c35b17e60ac53e2a/refresh - {}
RESULT: {}
COMMAND: GET /session/298a9cc2a40484f0c35b17e60ac53e2a/screenshot - {}
RESULT: {}
COMMAND: POST /session/298a9cc2a40484f0c35b17e60ac53e2a/window/fullscreen - {}
RESULT: {}
COMMAND: POST /session/298a9cc2a40484f0c35b17e60ac53e2a/execute/async - {"script":"<script> [189 bytes]","args":[]}
RESULT: {"script":"<script> [189 bytes]","args":[]}
COMMAND: POST /session/298a9cc2a40484f0c35b17e60ac53e2a/execute/async - {"script":"<script> [123 bytes]","args":[]}
RESULT: {"script":"<script> [123 bytes]","args":[]}
COMMAND: POST /session/298a9cc2a40484f0c35b17e60ac53e2a/timeouts - {"script":"<number>"}
RESULT: {"script":"<number>"}
COMMAND: GET /session/298a9cc2a40484f0c35b17e60ac53e2a/timeouts - {}
RESULT: {}
RESULT: undefined
COMMAND: POST /session/298a9cc2a40484f0c35b17e60ac53e2a/execute/async - {"script":"<script> [2676 bytes]","args":[]}
RESULT: {"script":"<script> [2676 bytes]","args":[]}
COMMAND: POST /session/298a9cc2a40484f0c35b17e60ac53e2a/execute/async - {"script":"<script> [2342 bytes]","args":[{"protocol":"http","hostname":"0.0.0.0","path":"/","capabilities":{"browserName":"chrome","goog:chromeOptions":{"binary":"C:\\Program Files\\Google\\Chrome\\Application\\chrome.exe","args":["--start-maximized"]}},"logLevel":"warn","connectionRetryTimeout":120000,"connectionRetryCount":3,"logLevels":{},"enableDirectConnect":true,"strictSSL":true,"_":"65 more keys: [\"cacheDir\",\"port\",\"requestedCapabilities\",\"automationProtocol\",\"baseUrl\",\"waitforInterval\",\"waitforTimeout\",\"onReload\",\"beforeCommand\",\"afterCommand\",\"rootDir\",\"specs\",\"suites\",\"exclude\",\"groupLogsByTestSpec\",\"excludeDriverLogs\",\"bail\",\"framework\",\"reporters\",\"services\",\"maxInstances\",\"maxInstancesPerCapability\",\"injectGlobals\",\"filesToWatch\",\"execArgv\",\"runnerEnv\",\"runner\",\"shard\",\"specFileRetries\",\"specFileRetriesDelay\",\"specFileRetriesDeferred\",\"reporterSyncInterval\",\"reporterSyncTimeout\",\"cucumberFeaturesWithLineNumbers\",\"autoCompileOpts\",\"mochaOpts\",\"jasmineOpts\",\"cucumberOpts\",\"onPrepare\",\"onWorkerStart\",\"onWorkerEnd\",\"before\",\"beforeSession\",\"beforeSuite\",\"beforeHook\",\"beforeTest\",\"afterTest\",\"afterHook\",\"afterSuite\",\"afterSession\",\"after\",\"onComplete\",\"beforeAssertion\",\"afterAssertion\",\"beforeFeature\",\"beforeScenario\",\"beforeStep\",\"afterStep\",\"afterScenario\",\"afterFeature\",\"_\",\"suite\",\"$0\",\"ignoredWorkerServices\",\"wdi5\"]"}]}
RESULT: {"script":"<script> [2342 bytes]","args":[{"protocol":"http","hostname":"0.0.0.0","path":"/","capabilities":{"browserName":"chrome","goog:chromeOptions":{"binary":"C:\\Program Files\\Google\\Chrome\\Application\\chrome.exe","args":["--start-maximized"]}},"logLevel":"warn","connectionRetryTimeout":120000,"connectionRetryCount":3,"logLevels":{},"enableDirectConnect":true,"strictSSL":true,"_":"65 more keys: [\"cacheDir\",\"port\",\"requestedCapabilities\",\"automationProtocol\",\"baseUrl\",\"waitforInterval\",\"waitforTimeout\",\"onReload\",\"beforeCommand\",\"afterCommand\",\"rootDir\",\"specs\",\"suites\",\"exclude\",\"groupLogsByTestSpec\",\"excludeDriverLogs\",\"bail\",\"framework\",\"reporters\",\"services\",\"maxInstances\",\"maxInstancesPerCapability\",\"injectGlobals\",\"filesToWatch\",\"execArgv\",\"runnerEnv\",\"runner\",\"shard\",\"specFileRetries\",\"specFileRetriesDelay\",\"specFileRetriesDeferred\",\"reporterSyncInterval\",\"reporterSyncTimeout\",\"cucumberFeaturesWithLineNumbers\",\"autoCompileOpts\",\"mochaOpts\",\"jasmineOpts\",\"cucumberOpts\",\"onPrepare\",\"onWorkerStart\",\"onWorkerEnd\",\"before\",\"beforeSession\",\"beforeSuite\",\"beforeHook\",\"beforeTest\",\"afterTest\",\"afterHook\",\"afterSuite\",\"afterSession\",\"after\",\"onComplete\",\"beforeAssertion\",\"afterAssertion\",\"beforeFeature\",\"beforeScenario\",\"beforeStep\",\"afterStep\",\"afterScenario\",\"afterFeature\",\"_\",\"suite\",\"$0\",\"ignoredWorkerServices\",\"wdi5\"]"}]}
COMMAND: POST /session/298a9cc2a40484f0c35b17e60ac53e2a/execute/async - {"script":"<script> [21126 bytes]","args":[35000]}
RESULT: {"script":"<script> [21126 bytes]","args":[35000]}
COMMAND: POST /session/298a9cc2a40484f0c35b17e60ac53e2a/window/fullscreen - {}
RESULT: {}
COMMAND: POST /session/298a9cc2a40484f0c35b17e60ac53e2a/window/fullscreen - {}
RESULT: {}
COMMAND: POST /session/298a9cc2a40484f0c35b17e60ac53e2a/execute/async - {"script":"<script> [1562 bytes]","args":[{"selector":{"controlType":"sap.m.GenericTile","properties":{"header":"Manage Partners"}},"wdio_ui5_key":"sapm.GenericTile{\"header\":\"Manage Partners\"}"}]}
RESULT: {"script":"<script> [1562 bytes]","args":[{"selector":{"controlType":"sap.m.GenericTile","properties":{"header":"Manage Partners"}},"wdio_ui5_key":"sapm.GenericTile{\"header\":\"Manage Partners\"}"}]}
RESULT: undefined
COMMAND: POST /session/298a9cc2a40484f0c35b17e60ac53e2a/element - {"using":"xpath","value":"//*[@id=\"__tile30\"]"}
RESULT: {"using":"xpath","value":"//*[@id=\"__tile30\"]"}
COMMAND: POST /session/298a9cc2a40484f0c35b17e60ac53e2a/element/f.F7A39C3863F4D6A216F4478231FD999C.d.FADC8A666764F50321A92FD12CB60C81.e.4456/click - {}
RESULT: {}
COMMAND: GET /session/298a9cc2a40484f0c35b17e60ac53e2a/screenshot - {}
RESULT: {}
COMMAND: POST /session/298a9cc2a40484f0c35b17e60ac53e2a/elements - {"using":"xpath","value":"//span[text()='Error']"}
RESULT: {"using":"xpath","value":"//span[text()='Error']"}
COMMAND: POST /session/298a9cc2a40484f0c35b17e60ac53e2a/element - {"using":"xpath","value":"//button[@data-kt=\"addButton\"]"}
RESULT: {"using":"xpath","value":"//button[@data-kt=\"addButton\"]"}
COMMAND: POST /session/298a9cc2a40484f0c35b17e60ac53e2a/elements - {"using":"xpath","value":"//button[@data-kt=\"addButton\"]"}
RESULT: {"using":"xpath","value":"//button[@data-kt=\"addButton\"]"}
COMMAND: POST /session/298a9cc2a40484f0c35b17e60ac53e2a/elements - {"using":"xpath","value":"//button[@data-kt=\"addButton\"]"}
RESULT: {"using":"xpath","value":"//button[@data-kt=\"addButton\"]"}
COMMAND: POST /session/298a9cc2a40484f0c35b17e60ac53e2a/elements - {"using":"xpath","value":"//button[@data-kt=\"addButton\"]"}
RESULT: {"using":"xpath","value":"//button[@data-kt=\"addButton\"]"}
COMMAND: POST /session/298a9cc2a40484f0c35b17e60ac53e2a/elements - {"using":"xpath","value":"//button[@data-kt=\"addButton\"]"}
RESULT: {"using":"xpath","value":"//button[@data-kt=\"addButton\"]"}
COMMAND: POST /session/298a9cc2a40484f0c35b17e60ac53e2a/elements - {"using":"xpath","value":"//button[@data-kt=\"addButton\"]"}
RESULT: {"using":"xpath","value":"//button[@data-kt=\"addButton\"]"}
COMMAND: POST /session/298a9cc2a40484f0c35b17e60ac53e2a/elements - {"using":"xpath","value":"//button[@data-kt=\"addButton\"]"}
RESULT: {"using":"xpath","value":"//button[@data-kt=\"addButton\"]"}
COMMAND: POST /session/298a9cc2a40484f0c35b17e60ac53e2a/elements - {"using":"xpath","value":"//button[@data-kt=\"addButton\"]"}
RESULT: {"using":"xpath","value":"//button[@data-kt=\"addButton\"]"}
COMMAND: POST /session/298a9cc2a40484f0c35b17e60ac53e2a/elements - {"using":"xpath","value":"//button[@data-kt=\"addButton\"]"}
RESULT: {"using":"xpath","value":"//button[@data-kt=\"addButton\"]"}
COMMAND: POST /session/298a9cc2a40484f0c35b17e60ac53e2a/elements - {"using":"xpath","value":"//button[@data-kt=\"addButton\"]"}
RESULT: {"using":"xpath","value":"//button[@data-kt=\"addButton\"]"}
COMMAND: POST /session/298a9cc2a40484f0c35b17e60ac53e2a/elements - {"using":"xpath","value":"//button[@data-kt=\"addButton\"]"}
RESULT: {"using":"xpath","value":"//button[@data-kt=\"addButton\"]"}
COMMAND: POST /session/298a9cc2a40484f0c35b17e60ac53e2a/elements - {"using":"xpath","value":"//button[@data-kt=\"addButton\"]"}
RESULT: {"using":"xpath","value":"//button[@data-kt=\"addButton\"]"}
COMMAND: POST /session/298a9cc2a40484f0c35b17e60ac53e2a/elements - {"using":"xpath","value":"//button[@data-kt=\"addButton\"]"}
RESULT: {"using":"xpath","value":"//button[@data-kt=\"addButton\"]"}
COMMAND: POST /session/298a9cc2a40484f0c35b17e60ac53e2a/elements - {"using":"xpath","value":"//button[@data-kt=\"addButton\"]"}
RESULT: {"using":"xpath","value":"//button[@data-kt=\"addButton\"]"}
COMMAND: POST /session/298a9cc2a40484f0c35b17e60ac53e2a/elements - {"using":"xpath","value":"//button[@data-kt=\"addButton\"]"}
RESULT: {"using":"xpath","value":"//button[@data-kt=\"addButton\"]"}
COMMAND: POST /session/298a9cc2a40484f0c35b17e60ac53e2a/elements - {"using":"xpath","value":"//button[@data-kt=\"addButton\"]"}
RESULT: {"using":"xpath","value":"//button[@data-kt=\"addButton\"]"}
COMMAND: POST /session/298a9cc2a40484f0c35b17e60ac53e2a/elements - {"using":"xpath","value":"//button[@data-kt=\"addButton\"]"}
RESULT: {"using":"xpath","value":"//button[@data-kt=\"addButton\"]"}
COMMAND: POST /session/298a9cc2a40484f0c35b17e60ac53e2a/elements - {"using":"xpath","value":"//button[@data-kt=\"addButton\"]"}
RESULT: {"using":"xpath","value":"//button[@data-kt=\"addButton\"]"}
COMMAND: POST /session/298a9cc2a40484f0c35b17e60ac53e2a/elements - {"using":"xpath","value":"//button[@data-kt=\"addButton\"]"}
RESULT: {"using":"xpath","value":"//button[@data-kt=\"addButton\"]"}
COMMAND: POST /session/298a9cc2a40484f0c35b17e60ac53e2a/element - {"using":"xpath","value":"//button[@data-kt=\"addButton\"]"}
RESULT: {"using":"xpath","value":"//button[@data-kt=\"addButton\"]"}
COMMAND: POST /session/298a9cc2a40484f0c35b17e60ac53e2a/execute/sync - {"script":"<script> [8489 bytes]","args":[{"element-6066-11e4-a52e-4f735466cecf":"f.F7A39C3863F4D6A216F4478231FD999C.d.FADC8A666764F50321A92FD12CB60C81.e.4571","ELEMENT":"f.F7A39C3863F4D6A216F4478231FD999C.d.FADC8A666764F50321A92FD12CB60C81.e.4571"}]}
RESULT: {"script":"<script> [8489 bytes]","args":[{"element-6066-11e4-a52e-4f735466cecf":"f.F7A39C3863F4D6A216F4478231FD999C.d.FADC8A666764F50321A92FD12CB60C81.e.4571","ELEMENT":"f.F7A39C3863F4D6A216F4478231FD999C.d.FADC8A666764F50321A92FD12CB60C81.e.4571"}]}
COMMAND: GET /session/298a9cc2a40484f0c35b17e60ac53e2a/element/f.F7A39C3863F4D6A216F4478231FD999C.d.FADC8A666764F50321A92FD12CB60C81.e.4571/enabled - {}
COMMAND: GET /session/298a9cc2a40484f0c35b17e60ac53e2a/screenshot - {}
RESULT: {}
COMMAND: POST /session/298a9cc2a40484f0c35b17e60ac53e2a/execute/sync - {"script":"<script> [8489 bytes]","args":[{"element-6066-11e4-a52e-4f735466cecf":"f.F7A39C3863F4D6A216F4478231FD999C.d.FADC8A666764F50321A92FD12CB60C81.e.4571","ELEMENT":"f.F7A39C3863F4D6A216F4478231FD999C.d.FADC8A666764F50321A92FD12CB60C81.e.4571"}]}
COMMAND: GET /session/298a9cc2a40484f0c35b17e60ac53e2a/screenshot - {}
RESULT: {}
RESULT: {"script":"<script> [8489 bytes]","args":[{"element-6066-11e4-a52e-4f735466cecf":"f.F7A39C3863F4D6A216F4478231FD999C.d.FADC8A666764F50321A92FD12CB60C81.e.4571","ELEMENT":"f.F7A39C3863F4D6A216F4478231FD999C.d.FADC8A666764F50321A92FD12CB60C81.e.4571"}]}
COMMAND: POST /session/298a9cc2a40484f0c35b17e60ac53e2a/execute/sync - {"script":"<script> [5351 bytes]","args":[{"element-6066-11e4-a52e-4f735466cecf":"f.F7A39C3863F4D6A216F4478231FD999C.d.FADC8A666764F50321A92FD12CB60C81.e.4571","ELEMENT":"f.F7A39C3863F4D6A216F4478231FD999C.d.FADC8A666764F50321A92FD12CB60C81.e.4571"}]}
COMMAND: GET /session/298a9cc2a40484f0c35b17e60ac53e2a/screenshot - {}
RESULT: {}
RESULT: {"script":"<script> [5351 bytes]","args":[{"element-6066-11e4-a52e-4f735466cecf":"f.F7A39C3863F4D6A216F4478231FD999C.d.FADC8A666764F50321A92FD12CB60C81.e.4571","ELEMENT":"f.F7A39C3863F4D6A216F4478231FD999C.d.FADC8A666764F50321A92FD12CB60C81.e.4571"}]}
COMMAND: POST /session/298a9cc2a40484f0c35b17e60ac53e2a/element/f.F7A39C3863F4D6A216F4478231FD999C.d.FADC8A666764F50321A92FD12CB60C81.e.4571/click - {}
COMMAND: GET /session/298a9cc2a40484f0c35b17e60ac53e2a/screenshot - {}
RESULT: {}
RESULT: {}
COMMAND: GET /session/298a9cc2a40484f0c35b17e60ac53e2a/screenshot - {}
COMMAND: POST /session/298a9cc2a40484f0c35b17e60ac53e2a/execute/async - {"script":"<script> [1562 bytes]","args":[{"selector":{"id":"application-managepartners-display-component---NewPartner--addressDetailDetailsName1","interaction":{"idSuffix":"inner"}},"wdio_ui5_key":"applicationmanagepartners-display-component---NewPartner--addressDetailDetailsName1"}]}
RESULT: {}
RESULT: {}
RESULT: {"script":"<script> [1562 bytes]","args":[{"selector":{"id":"application-managepartners-display-component---NewPartner--addressDetailDetailsName1","interaction":{"idSuffix":"inner"}},"wdio_ui5_key":"applicationmanagepartners-display-component---NewPartner--addressDetailDetailsName1"}]}
RESULT: undefined
COMMAND: POST /session/298a9cc2a40484f0c35b17e60ac53e2a/execute/async - {"script":"<script> [776 bytes]","args":[{"enterText":"Intracompany Partner WDIO","selector":{"id":"application-managepartners-display-component---NewPartner--addressDetailDetailsName1","interaction":{"idSuffix":"inner"}},"clearTextFirst":true,"interactionType":"ENTER_TEXT"}]}
RESULT: {"script":"<script> [776 bytes]","args":[{"enterText":"Intracompany Partner WDIO","selector":{"id":"application-managepartners-display-component---NewPartner--addressDetailDetailsName1","interaction":{"idSuffix":"inner"}},"clearTextFirst":true,"interactionType":"ENTER_TEXT"}]}
COMMAND: POST /session/298a9cc2a40484f0c35b17e60ac53e2a/execute/async - {"script":"<script> [1562 bytes]","args":[{"selector":{"id":"application-managepartners-display-component---NewPartner--addressDetailDetailsLanguage-arrow"},"wdio_ui5_key":"applicationmanagepartners-display-component---NewPartner--addressDetailDetailsLanguage-arrow"}]}
RESULT: {"script":"<script> [1562 bytes]","args":[{"selector":{"id":"application-managepartners-display-component---NewPartner--addressDetailDetailsLanguage-arrow"},"wdio_ui5_key":"applicationmanagepartners-display-component---NewPartner--addressDetailDetailsLanguage-arrow"}]}
RESULT: undefined
COMMAND: POST /session/298a9cc2a40484f0c35b17e60ac53e2a/element - {"using":"xpath","value":"//*[@id=\"application-managepartners-display-component---NewPartner--addressDetailDetailsLanguage-arrow\"]"}
RESULT: {"using":"xpath","value":"//*[@id=\"application-managepartners-display-component---NewPartner--addressDetailDetailsLanguage-arrow\"]"}
COMMAND: POST /session/298a9cc2a40484f0c35b17e60ac53e2a/element/f.F7A39C3863F4D6A216F4478231FD999C.d.FADC8A666764F50321A92FD12CB60C81.e.5014/click - {}
RESULT: {}
COMMAND: POST /session/298a9cc2a40484f0c35b17e60ac53e2a/element - {"using":"xpath","value":"//span[contains(text(), \"English\")]"}
COMMAND: GET /session/298a9cc2a40484f0c35b17e60ac53e2a/screenshot - {}
RESULT: {"using":"xpath","value":"//span[contains(text(), \"English\")]"}
COMMAND: POST /session/298a9cc2a40484f0c35b17e60ac53e2a/element/f.F7A39C3863F4D6A216F4478231FD999C.d.FADC8A666764F50321A92FD12CB60C81.e.5015/click - {}
RESULT: {}
RESULT: {}
COMMAND: GET /session/298a9cc2a40484f0c35b17e60ac53e2a/screenshot - {}
RESULT: {}
COMMAND: POST /session/298a9cc2a40484f0c35b17e60ac53e2a/execute/async - {"script":"<script> [1562 bytes]","args":[{"selector":{"id":"application-managepartners-display-component---NewPartner--addressDetailDetailsCity1","interaction":{"idSuffix":"inner"}},"wdio_ui5_key":"applicationmanagepartners-display-component---NewPartner--addressDetailDetailsCity1"}]}
RESULT: {"script":"<script> [1562 bytes]","args":[{"selector":{"id":"application-managepartners-display-component---NewPartner--addressDetailDetailsCity1","interaction":{"idSuffix":"inner"}},"wdio_ui5_key":"applicationmanagepartners-display-component---NewPartner--addressDetailDetailsCity1"}]}
RESULT: undefined
COMMAND: POST /session/298a9cc2a40484f0c35b17e60ac53e2a/execute/async - {"script":"<script> [776 bytes]","args":[{"enterText":"Rosario","selector":{"id":"application-managepartners-display-component---NewPartner--addressDetailDetailsCity1","interaction":{"idSuffix":"inner"}},"clearTextFirst":true,"interactionType":"ENTER_TEXT"}]}
RESULT: {"script":"<script> [776 bytes]","args":[{"enterText":"Rosario","selector":{"id":"application-managepartners-display-component---NewPartner--addressDetailDetailsCity1","interaction":{"idSuffix":"inner"}},"clearTextFirst":true,"interactionType":"ENTER_TEXT"}]}
COMMAND: POST /session/298a9cc2a40484f0c35b17e60ac53e2a/execute/async - {"script":"<script> [1562 bytes]","args":[{"selector":{"id":"application-managepartners-display-component---NewPartner--addressDetailDetailsCountry-arrow"},"wdio_ui5_key":"applicationmanagepartners-display-component---NewPartner--addressDetailDetailsCountry-arrow"}]}
RESULT: {"script":"<script> [1562 bytes]","args":[{"selector":{"id":"application-managepartners-display-component---NewPartner--addressDetailDetailsCountry-arrow"},"wdio_ui5_key":"applicationmanagepartners-display-component---NewPartner--addressDetailDetailsCountry-arrow"}]}
RESULT: undefined
COMMAND: POST /session/298a9cc2a40484f0c35b17e60ac53e2a/element - {"using":"xpath","value":"//*[@id=\"application-managepartners-display-component---NewPartner--addressDetailDetailsCountry-arrow\"]"}
RESULT: {"using":"xpath","value":"//*[@id=\"application-managepartners-display-component---NewPartner--addressDetailDetailsCountry-arrow\"]"}
COMMAND: POST /session/298a9cc2a40484f0c35b17e60ac53e2a/element/f.F7A39C3863F4D6A216F4478231FD999C.d.FADC8A666764F50321A92FD12CB60C81.e.4971/click - {}
RESULT: {}
COMMAND: POST /session/298a9cc2a40484f0c35b17e60ac53e2a/element - {"using":"xpath","value":"//span[contains(text(), \"Argentina\")]"}
COMMAND: GET /session/298a9cc2a40484f0c35b17e60ac53e2a/screenshot - {}
RESULT: {"using":"xpath","value":"//span[contains(text(), \"Argentina\")]"}
COMMAND: POST /session/298a9cc2a40484f0c35b17e60ac53e2a/element/f.F7A39C3863F4D6A216F4478231FD999C.d.FADC8A666764F50321A92FD12CB60C81.e.5017/click - {}
RESULT: {}
RESULT: {}
COMMAND: GET /session/298a9cc2a40484f0c35b17e60ac53e2a/screenshot - {}
RESULT: {}
COMMAND: POST /session/298a9cc2a40484f0c35b17e60ac53e2a/element - {"using":"xpath","value":"//bdi[contains(text(), \"Commercial\")]"}
RESULT: {"using":"xpath","value":"//bdi[contains(text(), \"Commercial\")]"}
COMMAND: POST /session/298a9cc2a40484f0c35b17e60ac53e2a/element/f.F7A39C3863F4D6A216F4478231FD999C.d.FADC8A666764F50321A92FD12CB60C81.e.5018/click - {}
RESULT: {}
COMMAND: GET /session/298a9cc2a40484f0c35b17e60ac53e2a/screenshot - {}
RESULT: {}
COMMAND: POST /session/298a9cc2a40484f0c35b17e60ac53e2a/execute/async - {"script":"<script> [1562 bytes]","args":[{"selector":{"id":"application-managepartners-display-component---NewPartner--partnerDetailInternal-arrow"},"wdio_ui5_key":"applicationmanagepartners-display-component---NewPartner--partnerDetailInternal-arrow"}]}
RESULT: {"script":"<script> [1562 bytes]","args":[{"selector":{"id":"application-managepartners-display-component---NewPartner--partnerDetailInternal-arrow"},"wdio_ui5_key":"applicationmanagepartners-display-component---NewPartner--partnerDetailInternal-arrow"}]}
RESULT: undefined
COMMAND: POST /session/298a9cc2a40484f0c35b17e60ac53e2a/element - {"using":"xpath","value":"//*[@id=\"application-managepartners-display-component---NewPartner--partnerDetailInternal-arrow\"]"}
RESULT: {"using":"xpath","value":"//*[@id=\"application-managepartners-display-component---NewPartner--partnerDetailInternal-arrow\"]"}
COMMAND: POST /session/298a9cc2a40484f0c35b17e60ac53e2a/element/f.F7A39C3863F4D6A216F4478231FD999C.d.FADC8A666764F50321A92FD12CB60C81.e.5024/click - {}
RESULT: {}
COMMAND: POST /session/298a9cc2a40484f0c35b17e60ac53e2a/element - {"using":"xpath","value":"//span[contains(text(), \"Affiliated company\")]"}
COMMAND: GET /session/298a9cc2a40484f0c35b17e60ac53e2a/screenshot - {}
RESULT: {"using":"xpath","value":"//span[contains(text(), \"Affiliated company\")]"}
COMMAND: POST /session/298a9cc2a40484f0c35b17e60ac53e2a/element/f.F7A39C3863F4D6A216F4478231FD999C.d.FADC8A666764F50321A92FD12CB60C81.e.5027/click - {}
RESULT: {}
RESULT: {}
COMMAND: POST /session/298a9cc2a40484f0c35b17e60ac53e2a/execute/async - {"script":"<script> [1562 bytes]","args":[{"selector":{"id":"application-managepartners-display-component---NewPartner--partnerDetailsCurrency-arrow"},"wdio_ui5_key":"applicationmanagepartners-display-component---NewPartner--partnerDetailsCurrency-arrow"}]}
COMMAND: GET /session/298a9cc2a40484f0c35b17e60ac53e2a/screenshot - {}
RESULT: {"script":"<script> [1562 bytes]","args":[{"selector":{"id":"application-managepartners-display-component---NewPartner--partnerDetailsCurrency-arrow"},"wdio_ui5_key":"applicationmanagepartners-display-component---NewPartner--partnerDetailsCurrency-arrow"}]}
RESULT: undefined
COMMAND: POST /session/298a9cc2a40484f0c35b17e60ac53e2a/element - {"using":"xpath","value":"//*[@id=\"application-managepartners-display-component---NewPartner--partnerDetailsCurrency-arrow\"]"}
RESULT: {}
RESULT: {"using":"xpath","value":"//*[@id=\"application-managepartners-display-component---NewPartner--partnerDetailsCurrency-arrow\"]"}
COMMAND: POST /session/298a9cc2a40484f0c35b17e60ac53e2a/element/f.F7A39C3863F4D6A216F4478231FD999C.d.FADC8A666764F50321A92FD12CB60C81.e.5034/click - {}
RESULT: {}
COMMAND: POST /session/298a9cc2a40484f0c35b17e60ac53e2a/element - {"using":"xpath","value":"//span[contains(text(), \"Euro\")]"}
COMMAND: GET /session/298a9cc2a40484f0c35b17e60ac53e2a/screenshot - {}
RESULT: {"using":"xpath","value":"//span[contains(text(), \"Euro\")]"}
COMMAND: POST /session/298a9cc2a40484f0c35b17e60ac53e2a/element/f.F7A39C3863F4D6A216F4478231FD999C.d.FADC8A666764F50321A92FD12CB60C81.e.5035/click - {}
RESULT: {}
RESULT: {}
COMMAND: POST /session/298a9cc2a40484f0c35b17e60ac53e2a/execute/async - {"script":"<script> [1562 bytes]","args":[{"selector":{"id":"application-managepartners-display-component---NewPartner--addressEditDetailsCostObjectCstType-arrow"},"wdio_ui5_key":"applicationmanagepartners-display-component---NewPartner--addressEditDetailsCostObjectCstType-arrow"}]}
COMMAND: GET /session/298a9cc2a40484f0c35b17e60ac53e2a/screenshot - {}
RESULT: {"script":"<script> [1562 bytes]","args":[{"selector":{"id":"application-managepartners-display-component---NewPartner--addressEditDetailsCostObjectCstType-arrow"},"wdio_ui5_key":"applicationmanagepartners-display-component---NewPartner--addressEditDetailsCostObjectCstType-arrow"}]}
RESULT: undefined
COMMAND: POST /session/298a9cc2a40484f0c35b17e60ac53e2a/element - {"using":"xpath","value":"//*[@id=\"application-managepartners-display-component---NewPartner--addressEditDetailsCostObjectCstType-arrow\"]"}
RESULT: {}
RESULT: {"using":"xpath","value":"//*[@id=\"application-managepartners-display-component---NewPartner--addressEditDetailsCostObjectCstType-arrow\"]"}
COMMAND: POST /session/298a9cc2a40484f0c35b17e60ac53e2a/element/f.F7A39C3863F4D6A216F4478231FD999C.d.FADC8A666764F50321A92FD12CB60C81.e.5036/click - {}
RESULT: {}
COMMAND: POST /session/298a9cc2a40484f0c35b17e60ac53e2a/element - {"using":"xpath","value":"//span[contains(text(), \"Cost Center\")]"}
COMMAND: GET /session/298a9cc2a40484f0c35b17e60ac53e2a/screenshot - {}
RESULT: {"using":"xpath","value":"//span[contains(text(), \"Cost Center\")]"}
COMMAND: POST /session/298a9cc2a40484f0c35b17e60ac53e2a/element/f.F7A39C3863F4D6A216F4478231FD999C.d.FADC8A666764F50321A92FD12CB60C81.e.5037/click - {}
RESULT: {}
RESULT: {}
COMMAND: GET /session/298a9cc2a40484f0c35b17e60ac53e2a/screenshot - {}
RESULT: {}
COMMAND: POST /session/298a9cc2a40484f0c35b17e60ac53e2a/element - {"using":"xpath","value":"//span[@id=\"application-managepartners-display-component---NewPartner--addressNewCostObjectCstID-vhi\"]"}
RESULT: {"using":"xpath","value":"//span[@id=\"application-managepartners-display-component---NewPartner--addressNewCostObjectCstID-vhi\"]"}
COMMAND: POST /session/298a9cc2a40484f0c35b17e60ac53e2a/execute/sync - {"script":"<script> [8489 bytes]","args":[{"element-6066-11e4-a52e-4f735466cecf":"f.F7A39C3863F4D6A216F4478231FD999C.d.FADC8A666764F50321A92FD12CB60C81.e.5041","ELEMENT":"f.F7A39C3863F4D6A216F4478231FD999C.d.FADC8A666764F50321A92FD12CB60C81.e.5041"}]}
RESULT: {"script":"<script> [8489 bytes]","args":[{"element-6066-11e4-a52e-4f735466cecf":"f.F7A39C3863F4D6A216F4478231FD999C.d.FADC8A666764F50321A92FD12CB60C81.e.5041","ELEMENT":"f.F7A39C3863F4D6A216F4478231FD999C.d.FADC8A666764F50321A92FD12CB60C81.e.5041"}]}
COMMAND: POST /session/298a9cc2a40484f0c35b17e60ac53e2a/execute/async - {"script":"<script> [1562 bytes]","args":[{"selector":{"id":"application-managepartners-display-component---NewPartner--addressNewCostObjectCstID-vhi"},"wdio_ui5_key":"applicationmanagepartners-display-component---NewPartner--addressNewCostObjectCstID-vhi"}]}
COMMAND: GET /session/298a9cc2a40484f0c35b17e60ac53e2a/screenshot - {}
RESULT: {"script":"<script> [1562 bytes]","args":[{"selector":{"id":"application-managepartners-display-component---NewPartner--addressNewCostObjectCstID-vhi"},"wdio_ui5_key":"applicationmanagepartners-display-component---NewPartner--addressNewCostObjectCstID-vhi"}]}
RESULT: undefined
COMMAND: POST /session/298a9cc2a40484f0c35b17e60ac53e2a/element - {"using":"xpath","value":"//*[@id=\"application-managepartners-display-component---NewPartner--addressNewCostObjectCstID-vhi\"]"}
RESULT: {}
RESULT: {"using":"xpath","value":"//*[@id=\"application-managepartners-display-component---NewPartner--addressNewCostObjectCstID-vhi\"]"}
COMMAND: POST /session/298a9cc2a40484f0c35b17e60ac53e2a/element/f.F7A39C3863F4D6A216F4478231FD999C.d.FADC8A666764F50321A92FD12CB60C81.e.5041/click - {}
RESULT: {}
COMMAND: GET /session/298a9cc2a40484f0c35b17e60ac53e2a/screenshot - {}
RESULT: {}
COMMAND: POST /session/298a9cc2a40484f0c35b17e60ac53e2a/execute/async - {"script":"<script> [1562 bytes]","args":[{"selector":{"controlType":"sap.m.SearchField","properties":{"placeholder":"Search"},"searchOpenDialogs":true,"interaction":{"idSuffix":"I"}},"wdio_ui5_key":"sapm.SearchField{\"placeholder\":\"Search\"}"}]}
RESULT: {"script":"<script> [1562 bytes]","args":[{"selector":{"controlType":"sap.m.SearchField","properties":{"placeholder":"Search"},"searchOpenDialogs":true,"interaction":{"idSuffix":"I"}},"wdio_ui5_key":"sapm.SearchField{\"placeholder\":\"Search\"}"}]}
RESULT: undefined
COMMAND: POST /session/298a9cc2a40484f0c35b17e60ac53e2a/execute/async - {"script":"<script> [776 bytes]","args":[{"enterText":"10001013","selector":{"controlType":"sap.m.SearchField","properties":{"placeholder":"Search"},"searchOpenDialogs":true,"interaction":{"idSuffix":"I"}},"clearTextFirst":true,"interactionType":"ENTER_TEXT"}]}
RESULT: {"script":"<script> [776 bytes]","args":[{"enterText":"10001013","selector":{"controlType":"sap.m.SearchField","properties":{"placeholder":"Search"},"searchOpenDialogs":true,"interaction":{"idSuffix":"I"}},"clearTextFirst":true,"interactionType":"ENTER_TEXT"}]}
COMMAND: POST /session/298a9cc2a40484f0c35b17e60ac53e2a/actions - {"actions":[{"id":"action12","type":"key","parameters":{},"actions":[{"type":"keyDown","value":"î€‡"},{"type":"pause","duration":10},{"type":"keyUp","value":"î€‡"}]}]}
RESULT: {"actions":[{"id":"action12","type":"key","parameters":{},"actions":[{"type":"keyDown","value":"î€‡"},{"type":"pause","duration":10},{"type":"keyUp","value":"î€‡"}]}]}
COMMAND: GET /session/298a9cc2a40484f0c35b17e60ac53e2a/screenshot - {}
RESULT: {}
COMMAND: POST /session/298a9cc2a40484f0c35b17e60ac53e2a/element - {"using":"xpath","value":"//span[contains(text(), \"General Management\")]"}
RESULT: {"using":"xpath","value":"//span[contains(text(), \"General Management\")]"}
COMMAND: POST /session/298a9cc2a40484f0c35b17e60ac53e2a/element/f.F7A39C3863F4D6A216F4478231FD999C.d.FADC8A666764F50321A92FD12CB60C81.e.5083/click - {}
RESULT: {}
COMMAND: GET /session/298a9cc2a40484f0c35b17e60ac53e2a/screenshot - {}
RESULT: {}
COMMAND: POST /session/298a9cc2a40484f0c35b17e60ac53e2a/element - {"using":"xpath","value":"//bdi[contains(text(), \"OK\")]"}
RESULT: {"using":"xpath","value":"//bdi[contains(text(), \"OK\")]"}
COMMAND: POST /session/298a9cc2a40484f0c35b17e60ac53e2a/element/f.F7A39C3863F4D6A216F4478231FD999C.d.FADC8A666764F50321A92FD12CB60C81.e.5084/click - {}
RESULT: {}
COMMAND: GET /session/298a9cc2a40484f0c35b17e60ac53e2a/screenshot - {}
RESULT: {}
COMMAND: POST /session/298a9cc2a40484f0c35b17e60ac53e2a/element - {"using":"xpath","value":"//input[@id=\"application-managepartners-display-component---NewPartner--companyCodeComboBox-inner\"]"}
RESULT: {"using":"xpath","value":"//input[@id=\"application-managepartners-display-component---NewPartner--companyCodeComboBox-inner\"]"}
COMMAND: POST /session/298a9cc2a40484f0c35b17e60ac53e2a/element/f.F7A39C3863F4D6A216F4478231FD999C.d.FADC8A666764F50321A92FD12CB60C81.e.4966/clear - {}
RESULT: {}
COMMAND: POST /session/298a9cc2a40484f0c35b17e60ac53e2a/element/f.F7A39C3863F4D6A216F4478231FD999C.d.FADC8A666764F50321A92FD12CB60C81.e.4966/value - {"text":"1000"}
COMMAND: GET /session/298a9cc2a40484f0c35b17e60ac53e2a/screenshot - {}
RESULT: {"text":"1000"}
COMMAND: GET /session/298a9cc2a40484f0c35b17e60ac53e2a/screenshot - {}
RESULT: {}
RESULT: {}
COMMAND: POST /session/298a9cc2a40484f0c35b17e60ac53e2a/element - {"using":"xpath","value":"//li[.//span[text()= \"1000\"]]"}
RESULT: {"using":"xpath","value":"//li[.//span[text()= \"1000\"]]"}
COMMAND: POST /session/298a9cc2a40484f0c35b17e60ac53e2a/element/f.F7A39C3863F4D6A216F4478231FD999C.d.FADC8A666764F50321A92FD12CB60C81.e.5090/click - {}
RESULT: {}
COMMAND: GET /session/298a9cc2a40484f0c35b17e60ac53e2a/screenshot - {}
RESULT: {}
COMMAND: POST /session/298a9cc2a40484f0c35b17e60ac53e2a/execute/async - {"script":"<script> [1562 bytes]","args":[{"selector":{"id":"application-managepartners-display-component---NewPartner--btnAddTableRow-img"},"wdio_ui5_key":"applicationmanagepartners-display-component---NewPartner--btnAddTableRow-img"}]}
RESULT: {"script":"<script> [1562 bytes]","args":[{"selector":{"id":"application-managepartners-display-component---NewPartner--btnAddTableRow-img"},"wdio_ui5_key":"applicationmanagepartners-display-component---NewPartner--btnAddTableRow-img"}]}
RESULT: undefined
COMMAND: POST /session/298a9cc2a40484f0c35b17e60ac53e2a/element - {"using":"xpath","value":"//*[@id=\"application-managepartners-display-component---NewPartner--btnAddTableRow-img\"]"}
RESULT: {"using":"xpath","value":"//*[@id=\"application-managepartners-display-component---NewPartner--btnAddTableRow-img\"]"}
COMMAND: POST /session/298a9cc2a40484f0c35b17e60ac53e2a/element/f.F7A39C3863F4D6A216F4478231FD999C.d.FADC8A666764F50321A92FD12CB60C81.e.5091/click - {}
RESULT: {}
COMMAND: GET /session/298a9cc2a40484f0c35b17e60ac53e2a/screenshot - {}
RESULT: {}
COMMAND: POST /session/298a9cc2a40484f0c35b17e60ac53e2a/element - {"using":"xpath","value":"//input[@id=\"application-managepartners-display-component---NewPartner--assignmentYard-application-managepartners-display-component---NewPartner--assignmentsTable-0-inner\"]"}
RESULT: {"using":"xpath","value":"//input[@id=\"application-managepartners-display-component---NewPartner--assignmentYard-application-managepartners-display-component---NewPartner--assignmentsTable-0-inner\"]"}
COMMAND: POST /session/298a9cc2a40484f0c35b17e60ac53e2a/element/f.F7A39C3863F4D6A216F4478231FD999C.d.FADC8A666764F50321A92FD12CB60C81.e.5094/clear - {}
RESULT: {}
COMMAND: POST /session/298a9cc2a40484f0c35b17e60ac53e2a/element/f.F7A39C3863F4D6A216F4478231FD999C.d.FADC8A666764F50321A92FD12CB60C81.e.5094/value - {"text":"692"}
COMMAND: GET /session/298a9cc2a40484f0c35b17e60ac53e2a/screenshot - {}
RESULT: {"text":"692"}
COMMAND: GET /session/298a9cc2a40484f0c35b17e60ac53e2a/screenshot - {}
RESULT: {}
RESULT: {}
COMMAND: POST /session/298a9cc2a40484f0c35b17e60ac53e2a/element - {"using":"xpath","value":"//li[.//span[text()='692']]"}
RESULT: {"using":"xpath","value":"//li[.//span[text()='692']]"}
COMMAND: POST /session/298a9cc2a40484f0c35b17e60ac53e2a/element/f.F7A39C3863F4D6A216F4478231FD999C.d.FADC8A666764F50321A92FD12CB60C81.e.5103/click - {}
RESULT: {}
COMMAND: GET /session/298a9cc2a40484f0c35b17e60ac53e2a/screenshot - {}
RESULT: {}
COMMAND: POST /session/298a9cc2a40484f0c35b17e60ac53e2a/actions - {"actions":[{"id":"action13","type":"key","parameters":{},"actions":[{"type":"keyDown","value":"î€‡"},{"type":"pause","duration":10},{"type":"keyUp","value":"î€‡"}]}]}
RESULT: {"actions":[{"id":"action13","type":"key","parameters":{},"actions":[{"type":"keyDown","value":"î€‡"},{"type":"pause","duration":10},{"type":"keyUp","value":"î€‡"}]}]}
COMMAND: POST /session/298a9cc2a40484f0c35b17e60ac53e2a/execute/async - {"script":"<script> [1562 bytes]","args":[{"selector":{"id":"application-managepartners-display-component---NewPartner--externalCustomerComboBox-application-managepartners-display-component---NewPartner--assignmentsTable-0-vhi"},"wdio_ui5_key":"applicationmanagepartners-display-component---NewPartner--externalCustomerComboBox-application-managepartners-display-component---NewPartner--assignmentsTable-0-vhi"}]}
COMMAND: GET /session/298a9cc2a40484f0c35b17e60ac53e2a/screenshot - {}
RESULT: {"script":"<script> [1562 bytes]","args":[{"selector":{"id":"application-managepartners-display-component---NewPartner--externalCustomerComboBox-application-managepartners-display-component---NewPartner--assignmentsTable-0-vhi"},"wdio_ui5_key":"applicationmanagepartners-display-component---NewPartner--externalCustomerComboBox-application-managepartners-display-component---NewPartner--assignmentsTable-0-vhi"}]}
RESULT: undefined
COMMAND: POST /session/298a9cc2a40484f0c35b17e60ac53e2a/element - {"using":"xpath","value":"//*[@id=\"application-managepartners-display-component---NewPartner--externalCustomerComboBox-application-managepartners-display-component---NewPartner--assignmentsTable-0-vhi\"]"}
RESULT: {}
RESULT: {"using":"xpath","value":"//*[@id=\"application-managepartners-display-component---NewPartner--externalCustomerComboBox-application-managepartners-display-component---NewPartner--assignmentsTable-0-vhi\"]"}
COMMAND: POST /session/298a9cc2a40484f0c35b17e60ac53e2a/element/f.F7A39C3863F4D6A216F4478231FD999C.d.FADC8A666764F50321A92FD12CB60C81.e.5107/click - {}
RESULT: {}
RESULT: undefined
COMMAND: POST /session/298a9cc2a40484f0c35b17e60ac53e2a/execute/async - {"script":"<script> [776 bytes]","args":[{"enterText":"300003","selector":{"controlType":"sap.m.SearchField","properties":{"placeholder":"Search"},"searchOpenDialogs":true,"interaction":{"idSuffix":"I"}},"clearTextFirst":true,"interactionType":"ENTER_TEXT"}]}
COMMAND: GET /session/298a9cc2a40484f0c35b17e60ac53e2a/screenshot - {}
RESULT: {"script":"<script> [776 bytes]","args":[{"enterText":"300003","selector":{"controlType":"sap.m.SearchField","properties":{"placeholder":"Search"},"searchOpenDialogs":true,"interaction":{"idSuffix":"I"}},"clearTextFirst":true,"interactionType":"ENTER_TEXT"}]}
COMMAND: POST /session/298a9cc2a40484f0c35b17e60ac53e2a/actions - {"actions":[{"id":"action14","type":"key","parameters":{},"actions":[{"type":"keyDown","value":"î€‡"},{"type":"pause","duration":10},{"type":"keyUp","value":"î€‡"}]}]}
RESULT: {}
RESULT: {"actions":[{"id":"action14","type":"key","parameters":{},"actions":[{"type":"keyDown","value":"î€‡"},{"type":"pause","duration":10},{"type":"keyUp","value":"î€‡"}]}]}
COMMAND: GET /session/298a9cc2a40484f0c35b17e60ac53e2a/screenshot - {}
RESULT: {}
COMMAND: POST /session/298a9cc2a40484f0c35b17e60ac53e2a/element - {"using":"xpath","value":"//span[contains(text(), \"300003\")]"}
RESULT: {"using":"xpath","value":"//span[contains(text(), \"300003\")]"}
COMMAND: POST /session/298a9cc2a40484f0c35b17e60ac53e2a/element/f.F7A39C3863F4D6A216F4478231FD999C.d.FADC8A666764F50321A92FD12CB60C81.e.5115/click - {}
RESULT: {}
COMMAND: GET /session/298a9cc2a40484f0c35b17e60ac53e2a/screenshot - {}
RESULT: {}
COMMAND: POST /session/298a9cc2a40484f0c35b17e60ac53e2a/element - {"using":"xpath","value":"//bdi[contains(text(), \"OK\")]"}
RESULT: {"using":"xpath","value":"//bdi[contains(text(), \"OK\")]"}
COMMAND: POST /session/298a9cc2a40484f0c35b17e60ac53e2a/element/f.F7A39C3863F4D6A216F4478231FD999C.d.FADC8A666764F50321A92FD12CB60C81.e.5117/click - {}
RESULT: {}
COMMAND: GET /session/298a9cc2a40484f0c35b17e60ac53e2a/screenshot - {}
COMMAND: POST /session/298a9cc2a40484f0c35b17e60ac53e2a/execute/async - {"script":"<script> [1562 bytes]","args":[{"selector":{"id":"application-managepartners-display-component---NewPartner--intercompVendorComboBox-application-managepartners-display-component---NewPartner--assignmentsTable-0-vhi"},"wdio_ui5_key":"applicationmanagepartners-display-component---NewPartner--intercompVendorComboBox-application-managepartners-display-component---NewPartner--assignmentsTable-0-vhi"}]}
RESULT: {}
RESULT: {"script":"<script> [1562 bytes]","args":[{"selector":{"id":"application-managepartners-display-component---NewPartner--intercompVendorComboBox-application-managepartners-display-component---NewPartner--assignmentsTable-0-vhi"},"wdio_ui5_key":"applicationmanagepartners-display-component---NewPartner--intercompVendorComboBox-application-managepartners-display-component---NewPartner--assignmentsTable-0-vhi"}]}
RESULT: undefined
COMMAND: POST /session/298a9cc2a40484f0c35b17e60ac53e2a/element - {"using":"xpath","value":"//*[@id=\"application-managepartners-display-component---NewPartner--intercompVendorComboBox-application-managepartners-display-component---NewPartner--assignmentsTable-0-vhi\"]"}
RESULT: {"using":"xpath","value":"//*[@id=\"application-managepartners-display-component---NewPartner--intercompVendorComboBox-application-managepartners-display-component---NewPartner--assignmentsTable-0-vhi\"]"}
COMMAND: POST /session/298a9cc2a40484f0c35b17e60ac53e2a/element/f.F7A39C3863F4D6A216F4478231FD999C.d.FADC8A666764F50321A92FD12CB60C81.e.5120/click - {}
RESULT: {}
RESULT: undefined
COMMAND: POST /session/298a9cc2a40484f0c35b17e60ac53e2a/execute/async - {"script":"<script> [776 bytes]","args":[{"enterText":"100005","selector":{"controlType":"sap.m.SearchField","properties":{"placeholder":"Search"},"searchOpenDialogs":true,"interaction":{"idSuffix":"I"}},"clearTextFirst":true,"interactionType":"ENTER_TEXT"}]}
COMMAND: GET /session/298a9cc2a40484f0c35b17e60ac53e2a/screenshot - {}
RESULT: {"script":"<script> [776 bytes]","args":[{"enterText":"100005","selector":{"controlType":"sap.m.SearchField","properties":{"placeholder":"Search"},"searchOpenDialogs":true,"interaction":{"idSuffix":"I"}},"clearTextFirst":true,"interactionType":"ENTER_TEXT"}]}
COMMAND: POST /session/298a9cc2a40484f0c35b17e60ac53e2a/actions - {"actions":[{"id":"action15","type":"key","parameters":{},"actions":[{"type":"keyDown","value":"î€‡"},{"type":"pause","duration":10},{"type":"keyUp","value":"î€‡"}]}]}
RESULT: {}
RESULT: {"actions":[{"id":"action15","type":"key","parameters":{},"actions":[{"type":"keyDown","value":"î€‡"},{"type":"pause","duration":10},{"type":"keyUp","value":"î€‡"}]}]}
COMMAND: GET /session/298a9cc2a40484f0c35b17e60ac53e2a/screenshot - {}
RESULT: {}
COMMAND: POST /session/298a9cc2a40484f0c35b17e60ac53e2a/element - {"using":"xpath","value":"//span[contains(text(), \"Penguins - Field/12345 Berlin\")]"}
RESULT: {"using":"xpath","value":"//span[contains(text(), \"Penguins - Field/12345 Berlin\")]"}
COMMAND: POST /session/298a9cc2a40484f0c35b17e60ac53e2a/element/f.F7A39C3863F4D6A216F4478231FD999C.d.FADC8A666764F50321A92FD12CB60C81.e.5138/click - {}
RESULT: {}
COMMAND: GET /session/298a9cc2a40484f0c35b17e60ac53e2a/screenshot - {}
RESULT: {}
COMMAND: POST /session/298a9cc2a40484f0c35b17e60ac53e2a/element - {"using":"xpath","value":"//bdi[contains(text(), \"OK\")]"}
RESULT: {"using":"xpath","value":"//bdi[contains(text(), \"OK\")]"}
COMMAND: POST /session/298a9cc2a40484f0c35b17e60ac53e2a/element/f.F7A39C3863F4D6A216F4478231FD999C.d.FADC8A666764F50321A92FD12CB60C81.e.5139/click - {}
RESULT: {}
COMMAND: GET /session/298a9cc2a40484f0c35b17e60ac53e2a/screenshot - {}
RESULT: {}
COMMAND: POST /session/298a9cc2a40484f0c35b17e60ac53e2a/element - {"using":"xpath","value":"//button[@data-kt=\"saveButton\"]"}
RESULT: {"using":"xpath","value":"//button[@data-kt=\"saveButton\"]"}
COMMAND: POST /session/298a9cc2a40484f0c35b17e60ac53e2a/element/f.F7A39C3863F4D6A216F4478231FD999C.d.FADC8A666764F50321A92FD12CB60C81.e.4992/click - {}
RESULT: {}
COMMAND: GET /session/298a9cc2a40484f0c35b17e60ac53e2a/screenshot - {}
RESULT: {}
COMMAND: POST /session/298a9cc2a40484f0c35b17e60ac53e2a/element - {"using":"xpath","value":"//header[contains(@id, 'ObjectPageLayout-headerTitle')]/div[1]/div[2]/div[2]/span[1]"}
RESULT: {"using":"xpath","value":"//header[contains(@id, 'ObjectPageLayout-headerTitle')]/div[1]/div[2]/div[2]/span[1]"}
COMMAND: POST /session/298a9cc2a40484f0c35b17e60ac53e2a/elements - {"using":"xpath","value":"//header[contains(@id, 'ObjectPageLayout-headerTitle')]/div[1]/div[2]/div[2]/span[1]"}
RESULT: {"using":"xpath","value":"//header[contains(@id, 'ObjectPageLayout-headerTitle')]/div[1]/div[2]/div[2]/span[1]"}
COMMAND: POST /session/298a9cc2a40484f0c35b17e60ac53e2a/execute/sync - {"script":"<script> [56 bytes]","args":[{"element-6066-11e4-a52e-4f735466cecf":"f.F7A39C3863F4D6A216F4478231FD999C.d.FADC8A666764F50321A92FD12CB60C81.e.5303","ELEMENT":"f.F7A39C3863F4D6A216F4478231FD999C.d.FADC8A666764F50321A92FD12CB60C81.e.5303"}]}
RESULT: {"script":"<script> [56 bytes]","args":[{"element-6066-11e4-a52e-4f735466cecf":"f.F7A39C3863F4D6A216F4478231FD999C.d.FADC8A666764F50321A92FD12CB60C81.e.5303","ELEMENT":"f.F7A39C3863F4D6A216F4478231FD999C.d.FADC8A666764F50321A92FD12CB60C81.e.5303"}]}
COMMAND: POST /session/298a9cc2a40484f0c35b17e60ac53e2a/element - {"using":"css selector","value":"#shell-header-logo"}
COMMAND: GET /session/298a9cc2a40484f0c35b17e60ac53e2a/screenshot - {}
RESULT: {"using":"css selector","value":"#shell-header-logo"}
COMMAND: POST /session/298a9cc2a40484f0c35b17e60ac53e2a/element/f.F7A39C3863F4D6A216F4478231FD999C.d.FADC8A666764F50321A92FD12CB60C81.e.4536/click - {}
RESULT: {}
RESULT: {}
COMMAND: GET /session/298a9cc2a40484f0c35b17e60ac53e2a/screenshot - {}
RESULT: {}
COMMAND: POST /session/298a9cc2a40484f0c35b17e60ac53e2a/execute/sync - {"script":"<script> [299 bytes]","args":[["getModel","getResource"]]}
RESULT: {"script":"<script> [299 bytes]","args":[["getModel","getResource"]]}
RESULT: undefined
COMMAND: POST /session/298a9cc2a40484f0c35b17e60ac53e2a/element - {"using":"xpath","value":"//*[@id=\"__tile30\"]"}
COMMAND: GET /session/298a9cc2a40484f0c35b17e60ac53e2a/screenshot - {}
RESULT: {"using":"xpath","value":"//*[@id=\"__tile30\"]"}
COMMAND: POST /session/298a9cc2a40484f0c35b17e60ac53e2a/element/f.F7A39C3863F4D6A216F4478231FD999C.d.FADC8A666764F50321A92FD12CB60C81.e.4456/click - {}
RESULT: {}
RESULT: {}
COMMAND: GET /session/298a9cc2a40484f0c35b17e60ac53e2a/screenshot - {}
RESULT: {}
COMMAND: POST /session/298a9cc2a40484f0c35b17e60ac53e2a/elements - {"using":"xpath","value":"//span[text()='Error']"}
RESULT: {"using":"xpath","value":"//span[text()='Error']"}
COMMAND: POST /session/298a9cc2a40484f0c35b17e60ac53e2a/element - {"using":"xpath","value":"//button[@data-kt=\"addButton\"]"}
RESULT: {"using":"xpath","value":"//button[@data-kt=\"addButton\"]"}
COMMAND: POST /session/298a9cc2a40484f0c35b17e60ac53e2a/elements - {"using":"xpath","value":"//button[@data-kt=\"addButton\"]"}
RESULT: {"using":"xpath","value":"//button[@data-kt=\"addButton\"]"}
COMMAND: POST /session/298a9cc2a40484f0c35b17e60ac53e2a/execute/sync - {"script":"<script> [8489 bytes]","args":[{"element-6066-11e4-a52e-4f735466cecf":"f.F7A39C3863F4D6A216F4478231FD999C.d.FADC8A666764F50321A92FD12CB60C81.e.5351","ELEMENT":"f.F7A39C3863F4D6A216F4478231FD999C.d.FADC8A666764F50321A92FD12CB60C81.e.5351"}]}
RESULT: {"script":"<script> [8489 bytes]","args":[{"element-6066-11e4-a52e-4f735466cecf":"f.F7A39C3863F4D6A216F4478231FD999C.d.FADC8A666764F50321A92FD12CB60C81.e.5351","ELEMENT":"f.F7A39C3863F4D6A216F4478231FD999C.d.FADC8A666764F50321A92FD12CB60C81.e.5351"}]}
COMMAND: GET /session/298a9cc2a40484f0c35b17e60ac53e2a/element/f.F7A39C3863F4D6A216F4478231FD999C.d.FADC8A666764F50321A92FD12CB60C81.e.5351/enabled - {}
COMMAND: GET /session/298a9cc2a40484f0c35b17e60ac53e2a/screenshot - {}
RESULT: {}
COMMAND: POST /session/298a9cc2a40484f0c35b17e60ac53e2a/execute/sync - {"script":"<script> [8489 bytes]","args":[{"element-6066-11e4-a52e-4f735466cecf":"f.F7A39C3863F4D6A216F4478231FD999C.d.FADC8A666764F50321A92FD12CB60C81.e.5351","ELEMENT":"f.F7A39C3863F4D6A216F4478231FD999C.d.FADC8A666764F50321A92FD12CB60C81.e.5351"}]}
COMMAND: GET /session/298a9cc2a40484f0c35b17e60ac53e2a/screenshot - {}
RESULT: {}
RESULT: {"script":"<script> [8489 bytes]","args":[{"element-6066-11e4-a52e-4f735466cecf":"f.F7A39C3863F4D6A216F4478231FD999C.d.FADC8A666764F50321A92FD12CB60C81.e.5351","ELEMENT":"f.F7A39C3863F4D6A216F4478231FD999C.d.FADC8A666764F50321A92FD12CB60C81.e.5351"}]}
COMMAND: POST /session/298a9cc2a40484f0c35b17e60ac53e2a/execute/sync - {"script":"<script> [5351 bytes]","args":[{"element-6066-11e4-a52e-4f735466cecf":"f.F7A39C3863F4D6A216F4478231FD999C.d.FADC8A666764F50321A92FD12CB60C81.e.5351","ELEMENT":"f.F7A39C3863F4D6A216F4478231FD999C.d.FADC8A666764F50321A92FD12CB60C81.e.5351"}]}
COMMAND: GET /session/298a9cc2a40484f0c35b17e60ac53e2a/screenshot - {}
RESULT: {}
RESULT: {"script":"<script> [5351 bytes]","args":[{"element-6066-11e4-a52e-4f735466cecf":"f.F7A39C3863F4D6A216F4478231FD999C.d.FADC8A666764F50321A92FD12CB60C81.e.5351","ELEMENT":"f.F7A39C3863F4D6A216F4478231FD999C.d.FADC8A666764F50321A92FD12CB60C81.e.5351"}]}
COMMAND: GET /session/298a9cc2a40484f0c35b17e60ac53e2a/screenshot - {}
RESULT: {}
RESULT: {}
COMMAND: POST /session/298a9cc2a40484f0c35b17e60ac53e2a/execute/async - {"script":"<script> [1562 bytes]","args":[{"selector":{"id":"application-managepartners-display-component---masterPtm--smartFilterBar-btnBasicSearch","interaction":{"idSuffix":"I"}},"wdio_ui5_key":"applicationmanagepartners-display-component---masterPtm--smartFilterBar-btnBasicSearch"}]}
RESULT: {"script":"<script> [1562 bytes]","args":[{"selector":{"id":"application-managepartners-display-component---masterPtm--smartFilterBar-btnBasicSearch","interaction":{"idSuffix":"I"}},"wdio_ui5_key":"applicationmanagepartners-display-component---masterPtm--smartFilterBar-btnBasicSearch"}]}
RESULT: undefined
COMMAND: POST /session/298a9cc2a40484f0c35b17e60ac53e2a/execute/async - {"script":"<script> [776 bytes]","args":[{"enterText":"1457","selector":{"id":"application-managepartners-display-component---masterPtm--smartFilterBar-btnBasicSearch","interaction":{"idSuffix":"I"}},"clearTextFirst":true,"interactionType":"ENTER_TEXT"}]}
RESULT: {"script":"<script> [776 bytes]","args":[{"enterText":"1457","selector":{"id":"application-managepartners-display-component---masterPtm--smartFilterBar-btnBasicSearch","interaction":{"idSuffix":"I"}},"clearTextFirst":true,"interactionType":"ENTER_TEXT"}]}
COMMAND: POST /session/298a9cc2a40484f0c35b17e60ac53e2a/actions - {"actions":[{"id":"action16","type":"key","parameters":{},"actions":[{"type":"keyDown","value":"î€‡"},{"type":"pause","duration":10},{"type":"keyUp","value":"î€‡"}]}]}
RESULT: {"actions":[{"id":"action16","type":"key","parameters":{},"actions":[{"type":"keyDown","value":"î€‡"},{"type":"pause","duration":10},{"type":"keyUp","value":"î€‡"}]}]}
COMMAND: GET /session/298a9cc2a40484f0c35b17e60ac53e2a/screenshot - {}
RESULT: {}
COMMAND: POST /session/298a9cc2a40484f0c35b17e60ac53e2a/elements - {"using":"xpath","value":"//table[contains(@id, \"customPartnersTable-listUl\")]/tbody/tr"}
RESULT: {"using":"xpath","value":"//table[contains(@id, \"customPartnersTable-listUl\")]/tbody/tr"}
COMMAND: POST /session/298a9cc2a40484f0c35b17e60ac53e2a/element - {"using":"xpath","value":"//table[contains(@id, \"customPartnersTable-listUl\")]/tbody/tr[1]/td[3]/span"}
RESULT: {"using":"xpath","value":"//table[contains(@id, \"customPartnersTable-listUl\")]/tbody/tr[1]/td[3]/span"}
COMMAND: POST /session/298a9cc2a40484f0c35b17e60ac53e2a/elements - {"using":"xpath","value":"//table[contains(@id, \"customPartnersTable-listUl\")]/tbody/tr[1]/td[3]/span"}
RESULT: {"using":"xpath","value":"//table[contains(@id, \"customPartnersTable-listUl\")]/tbody/tr[1]/td[3]/span"}
COMMAND: POST /session/298a9cc2a40484f0c35b17e60ac53e2a/execute/sync - {"script":"<script> [56 bytes]","args":[{"element-6066-11e4-a52e-4f735466cecf":"f.F7A39C3863F4D6A216F4478231FD999C.d.FADC8A666764F50321A92FD12CB60C81.e.5486","ELEMENT":"f.F7A39C3863F4D6A216F4478231FD999C.d.FADC8A666764F50321A92FD12CB60C81.e.5486"}]}
RESULT: {"script":"<script> [56 bytes]","args":[{"element-6066-11e4-a52e-4f735466cecf":"f.F7A39C3863F4D6A216F4478231FD999C.d.FADC8A666764F50321A92FD12CB60C81.e.5486","ELEMENT":"f.F7A39C3863F4D6A216F4478231FD999C.d.FADC8A666764F50321A92FD12CB60C81.e.5486"}]}
COMMAND: POST /session/298a9cc2a40484f0c35b17e60ac53e2a/element - {"using":"xpath","value":"(//span[contains(@id, \"imgNav\")])[1]"}
COMMAND: GET /session/298a9cc2a40484f0c35b17e60ac53e2a/screenshot - {}
RESULT: {"using":"xpath","value":"(//span[contains(@id, \"imgNav\")])[1]"}
COMMAND: POST /session/298a9cc2a40484f0c35b17e60ac53e2a/element/f.F7A39C3863F4D6A216F4478231FD999C.d.FADC8A666764F50321A92FD12CB60C81.e.5484/click - {}
RESULT: {}
RESULT: {}
COMMAND: GET /session/298a9cc2a40484f0c35b17e60ac53e2a/screenshot - {}
RESULT: {}
COMMAND: POST /session/298a9cc2a40484f0c35b17e60ac53e2a/element - {"using":"xpath","value":"//bdi[contains(text(), \"Edit\")]"}
RESULT: {"using":"xpath","value":"//bdi[contains(text(), \"Edit\")]"}
COMMAND: POST /session/298a9cc2a40484f0c35b17e60ac53e2a/element/f.F7A39C3863F4D6A216F4478231FD999C.d.FADC8A666764F50321A92FD12CB60C81.e.5630/click - {}
RESULT: {}
COMMAND: GET /session/298a9cc2a40484f0c35b17e60ac53e2a/screenshot - {}
RESULT: {}
COMMAND: POST /session/298a9cc2a40484f0c35b17e60ac53e2a/execute/async - {"script":"<script> [1562 bytes]","args":[{"selector":{"controlType":"sap.m.Input","viewName":"etm.portal.ui.managepartners.view.EditDetail","labelFor":{"text":"Name"},"interaction":{"idSuffix":"inner"}},"wdio_ui5_key":"etmportal.ui.managepartners.view.EditDetailsap.m.Input{\"text\":\"Name\"}"}]}
RESULT: {"script":"<script> [1562 bytes]","args":[{"selector":{"controlType":"sap.m.Input","viewName":"etm.portal.ui.managepartners.view.EditDetail","labelFor":{"text":"Name"},"interaction":{"idSuffix":"inner"}},"wdio_ui5_key":"etmportal.ui.managepartners.view.EditDetailsap.m.Input{\"text\":\"Name\"}"}]}
RESULT: undefined
COMMAND: POST /session/298a9cc2a40484f0c35b17e60ac53e2a/execute/async - {"script":"<script> [776 bytes]","args":[{"enterText":"Intracompany EDIT","selector":{"controlType":"sap.m.Input","viewName":"etm.portal.ui.managepartners.view.EditDetail","labelFor":{"text":"Name"},"interaction":{"idSuffix":"inner"}},"clearTextFirst":true,"interactionType":"ENTER_TEXT"}]}
RESULT: {"script":"<script> [776 bytes]","args":[{"enterText":"Intracompany EDIT","selector":{"controlType":"sap.m.Input","viewName":"etm.portal.ui.managepartners.view.EditDetail","labelFor":{"text":"Name"},"interaction":{"idSuffix":"inner"}},"clearTextFirst":true,"interactionType":"ENTER_TEXT"}]}
COMMAND: POST /session/298a9cc2a40484f0c35b17e60ac53e2a/element - {"using":"xpath","value":"(//span[contains(@id,\"addressDetailDetailsLanguage-arrow\")])[1]"}
RESULT: {"using":"xpath","value":"(//span[contains(@id,\"addressDetailDetailsLanguage-arrow\")])[1]"}
COMMAND: POST /session/298a9cc2a40484f0c35b17e60ac53e2a/element/f.F7A39C3863F4D6A216F4478231FD999C.d.FADC8A666764F50321A92FD12CB60C81.e.5716/click - {}
RESULT: {}
COMMAND: POST /session/298a9cc2a40484f0c35b17e60ac53e2a/element - {"using":"xpath","value":"//span[contains(text(), \"Chinese\")]"}
COMMAND: GET /session/298a9cc2a40484f0c35b17e60ac53e2a/screenshot - {}
RESULT: {"using":"xpath","value":"//span[contains(text(), \"Chinese\")]"}
COMMAND: POST /session/298a9cc2a40484f0c35b17e60ac53e2a/element/f.F7A39C3863F4D6A216F4478231FD999C.d.FADC8A666764F50321A92FD12CB60C81.e.5717/click - {}
RESULT: {}
RESULT: {}
COMMAND: GET /session/298a9cc2a40484f0c35b17e60ac53e2a/screenshot - {}
RESULT: {}
COMMAND: POST /session/298a9cc2a40484f0c35b17e60ac53e2a/execute/async - {"script":"<script> [1562 bytes]","args":[{"selector":{"controlType":"sap.m.Input","viewName":"etm.portal.ui.managepartners.view.EditDetail","labelFor":{"text":"City"},"interaction":{"idSuffix":"inner"}},"wdio_ui5_key":"etmportal.ui.managepartners.view.EditDetailsap.m.Input{\"text\":\"City\"}"}]}
RESULT: {"script":"<script> [1562 bytes]","args":[{"selector":{"controlType":"sap.m.Input","viewName":"etm.portal.ui.managepartners.view.EditDetail","labelFor":{"text":"City"},"interaction":{"idSuffix":"inner"}},"wdio_ui5_key":"etmportal.ui.managepartners.view.EditDetailsap.m.Input{\"text\":\"City\"}"}]}
RESULT: undefined
COMMAND: POST /session/298a9cc2a40484f0c35b17e60ac53e2a/execute/async - {"script":"<script> [776 bytes]","args":[{"enterText":"Clooj-Napoca","selector":{"controlType":"sap.m.Input","viewName":"etm.portal.ui.managepartners.view.EditDetail","labelFor":{"text":"City"},"interaction":{"idSuffix":"inner"}},"clearTextFirst":true,"interactionType":"ENTER_TEXT"}]}
RESULT: {"script":"<script> [776 bytes]","args":[{"enterText":"Clooj-Napoca","selector":{"controlType":"sap.m.Input","viewName":"etm.portal.ui.managepartners.view.EditDetail","labelFor":{"text":"City"},"interaction":{"idSuffix":"inner"}},"clearTextFirst":true,"interactionType":"ENTER_TEXT"}]}
COMMAND: POST /session/298a9cc2a40484f0c35b17e60ac53e2a/element - {"using":"xpath","value":"//button[@data-kt=\"saveButton\"]"}
RESULT: {"using":"xpath","value":"//button[@data-kt=\"saveButton\"]"}
COMMAND: POST /session/298a9cc2a40484f0c35b17e60ac53e2a/element/f.F7A39C3863F4D6A216F4478231FD999C.d.FADC8A666764F50321A92FD12CB60C81.e.5693/click - {}
RESULT: {}
COMMAND: GET /session/298a9cc2a40484f0c35b17e60ac53e2a/screenshot - {}
RESULT: {}
COMMAND: POST /session/298a9cc2a40484f0c35b17e60ac53e2a/execute/async - {"script":"<script> [1562 bytes]","args":[{"selector":{"id":"application-managepartners-display-component---detailPtm--addressDetailDetailsName1"},"wdio_ui5_key":"applicationmanagepartners-display-component---detailPtm--addressDetailDetailsName1"}]}
RESULT: {"script":"<script> [1562 bytes]","args":[{"selector":{"id":"application-managepartners-display-component---detailPtm--addressDetailDetailsName1"},"wdio_ui5_key":"applicationmanagepartners-display-component---detailPtm--addressDetailDetailsName1"}]}
RESULT: undefined
COMMAND: POST /session/298a9cc2a40484f0c35b17e60ac53e2a/execute/async - {"script":"<script> [6424 bytes]","args":[{"element-6066-11e4-a52e-4f735466cecf":"f.F7A39C3863F4D6A216F4478231FD999C.d.FADC8A666764F50321A92FD12CB60C81.e.5748"},"getValue",[]]}
RESULT: {"script":"<script> [6424 bytes]","args":[{"element-6066-11e4-a52e-4f735466cecf":"f.F7A39C3863F4D6A216F4478231FD999C.d.FADC8A666764F50321A92FD12CB60C81.e.5748"},"getValue",[]]}
COMMAND: POST /session/298a9cc2a40484f0c35b17e60ac53e2a/element - {"using":"xpath","value":"//input[@id = \"application-managepartners-display-component---detailPtm--addressDetailDetailsLanguage-inner\"]"}
RESULT: {"using":"xpath","value":"//input[@id = \"application-managepartners-display-component---detailPtm--addressDetailDetailsLanguage-inner\"]"}
COMMAND: GET /session/298a9cc2a40484f0c35b17e60ac53e2a/element/f.F7A39C3863F4D6A216F4478231FD999C.d.FADC8A666764F50321A92FD12CB60C81.e.5749/property/value - {}
RESULT: {}
COMMAND: POST /session/298a9cc2a40484f0c35b17e60ac53e2a/execute/async - {"script":"<script> [1562 bytes]","args":[{"selector":{"id":"application-managepartners-display-component---detailPtm--addressDetailDetailsCity1"},"wdio_ui5_key":"applicationmanagepartners-display-component---detailPtm--addressDetailDetailsCity1"}]}
COMMAND: GET /session/298a9cc2a40484f0c35b17e60ac53e2a/screenshot - {}
RESULT: {"script":"<script> [1562 bytes]","args":[{"selector":{"id":"application-managepartners-display-component---detailPtm--addressDetailDetailsCity1"},"wdio_ui5_key":"applicationmanagepartners-display-component---detailPtm--addressDetailDetailsCity1"}]}
RESULT: undefined
COMMAND: POST /session/298a9cc2a40484f0c35b17e60ac53e2a/execute/async - {"script":"<script> [6424 bytes]","args":[{"element-6066-11e4-a52e-4f735466cecf":"f.F7A39C3863F4D6A216F4478231FD999C.d.FADC8A666764F50321A92FD12CB60C81.e.5750"},"getValue",[]]}
RESULT: {}
RESULT: {"script":"<script> [6424 bytes]","args":[{"element-6066-11e4-a52e-4f735466cecf":"f.F7A39C3863F4D6A216F4478231FD999C.d.FADC8A666764F50321A92FD12CB60C81.e.5750"},"getValue",[]]}
COMMAND: POST /session/298a9cc2a40484f0c35b17e60ac53e2a/element - {"using":"css selector","value":"#shell-header-logo"}
RESULT: {"using":"css selector","value":"#shell-header-logo"}
COMMAND: POST /session/298a9cc2a40484f0c35b17e60ac53e2a/element/f.F7A39C3863F4D6A216F4478231FD999C.d.FADC8A666764F50321A92FD12CB60C81.e.5306/click - {}
RESULT: {}
COMMAND: GET /session/298a9cc2a40484f0c35b17e60ac53e2a/screenshot - {}
RESULT: {}
]]></system-out>
    </testcase>
    <testcase classname="chrome.137_0_7151_69.windows.Partner_specific_tests_US150819_US151080_US151654_US151176_US103444_US151078_US151079_US151109_US151174_US151175_US151189" name="Should do filtering and navigation tests US151109" time="170.931">
      <system-out><![CDATA[
COMMAND: POST /session/298a9cc2a40484f0c35b17e60ac53e2a/element - {"using":"xpath","value":"//li[.//span[text()=\"Manage Partners\"]]"}
RESULT: {"using":"xpath","value":"//li[.//span[text()=\"Manage Partners\"]]"}
COMMAND: POST /session/298a9cc2a40484f0c35b17e60ac53e2a/element - {"using":"xpath","value":"//li[.//span[text()=\"Manage Partners\"]]"}
RESULT: {"using":"xpath","value":"//li[.//span[text()=\"Manage Partners\"]]"}
COMMAND: POST /session/298a9cc2a40484f0c35b17e60ac53e2a/element - {"using":"css selector","value":"#shell-header-logo"}
RESULT: {"using":"css selector","value":"#shell-header-logo"}
COMMAND: POST /session/298a9cc2a40484f0c35b17e60ac53e2a/element/f.F7A39C3863F4D6A216F4478231FD999C.d.FADC8A666764F50321A92FD12CB60C81.e.5780/click - {}
COMMAND: POST /session/298a9cc2a40484f0c35b17e60ac53e2a/execute/sync - {"script":"<script> [8489 bytes]","args":[{"element-6066-11e4-a52e-4f735466cecf":"f.F7A39C3863F4D6A216F4478231FD999C.d.FADC8A666764F50321A92FD12CB60C81.e.5780","ELEMENT":"f.F7A39C3863F4D6A216F4478231FD999C.d.FADC8A666764F50321A92FD12CB60C81.e.5780"}]}
RESULT: {"script":"<script> [8489 bytes]","args":[{"element-6066-11e4-a52e-4f735466cecf":"f.F7A39C3863F4D6A216F4478231FD999C.d.FADC8A666764F50321A92FD12CB60C81.e.5780","ELEMENT":"f.F7A39C3863F4D6A216F4478231FD999C.d.FADC8A666764F50321A92FD12CB60C81.e.5780"}]}
COMMAND: POST /session/298a9cc2a40484f0c35b17e60ac53e2a/execute/sync - {"script":"<script> [5351 bytes]","args":[{"element-6066-11e4-a52e-4f735466cecf":"f.F7A39C3863F4D6A216F4478231FD999C.d.FADC8A666764F50321A92FD12CB60C81.e.5780","ELEMENT":"f.F7A39C3863F4D6A216F4478231FD999C.d.FADC8A666764F50321A92FD12CB60C81.e.5780"}]}
COMMAND: GET /session/298a9cc2a40484f0c35b17e60ac53e2a/screenshot - {}
RESULT: {}
COMMAND: GET /session/298a9cc2a40484f0c35b17e60ac53e2a/screenshot - {}
RESULT: {"script":"<script> [5351 bytes]","args":[{"element-6066-11e4-a52e-4f735466cecf":"f.F7A39C3863F4D6A216F4478231FD999C.d.FADC8A666764F50321A92FD12CB60C81.e.5780","ELEMENT":"f.F7A39C3863F4D6A216F4478231FD999C.d.FADC8A666764F50321A92FD12CB60C81.e.5780"}]}
COMMAND: GET /session/298a9cc2a40484f0c35b17e60ac53e2a/screenshot - {}
RESULT: {}
RESULT: {}
RESULT: {}
RESULT: undefined
COMMAND: POST /session/298a9cc2a40484f0c35b17e60ac53e2a/element - {"using":"xpath","value":"//*[@id=\"__tile30\"]"}
RESULT: {"using":"xpath","value":"//*[@id=\"__tile30\"]"}
COMMAND: POST /session/298a9cc2a40484f0c35b17e60ac53e2a/element/f.F7A39C3863F4D6A216F4478231FD999C.d.FADC8A666764F50321A92FD12CB60C81.e.4456/click - {}
RESULT: {}
COMMAND: GET /session/298a9cc2a40484f0c35b17e60ac53e2a/screenshot - {}
RESULT: {}
COMMAND: POST /session/298a9cc2a40484f0c35b17e60ac53e2a/elements - {"using":"xpath","value":"//span[text()='Error']"}
RESULT: {"using":"xpath","value":"//span[text()='Error']"}
COMMAND: POST /session/298a9cc2a40484f0c35b17e60ac53e2a/element - {"using":"xpath","value":"//button[@data-kt=\"addButton\"]"}
RESULT: {"using":"xpath","value":"//button[@data-kt=\"addButton\"]"}
COMMAND: POST /session/298a9cc2a40484f0c35b17e60ac53e2a/elements - {"using":"xpath","value":"//button[@data-kt=\"addButton\"]"}
RESULT: {"using":"xpath","value":"//button[@data-kt=\"addButton\"]"}
COMMAND: POST /session/298a9cc2a40484f0c35b17e60ac53e2a/execute/sync - {"script":"<script> [8489 bytes]","args":[{"element-6066-11e4-a52e-4f735466cecf":"f.F7A39C3863F4D6A216F4478231FD999C.d.FADC8A666764F50321A92FD12CB60C81.e.5826","ELEMENT":"f.F7A39C3863F4D6A216F4478231FD999C.d.FADC8A666764F50321A92FD12CB60C81.e.5826"}]}
RESULT: {"script":"<script> [8489 bytes]","args":[{"element-6066-11e4-a52e-4f735466cecf":"f.F7A39C3863F4D6A216F4478231FD999C.d.FADC8A666764F50321A92FD12CB60C81.e.5826","ELEMENT":"f.F7A39C3863F4D6A216F4478231FD999C.d.FADC8A666764F50321A92FD12CB60C81.e.5826"}]}
COMMAND: GET /session/298a9cc2a40484f0c35b17e60ac53e2a/element/f.F7A39C3863F4D6A216F4478231FD999C.d.FADC8A666764F50321A92FD12CB60C81.e.5826/enabled - {}
COMMAND: GET /session/298a9cc2a40484f0c35b17e60ac53e2a/screenshot - {}
RESULT: {}
COMMAND: POST /session/298a9cc2a40484f0c35b17e60ac53e2a/execute/sync - {"script":"<script> [8489 bytes]","args":[{"element-6066-11e4-a52e-4f735466cecf":"f.F7A39C3863F4D6A216F4478231FD999C.d.FADC8A666764F50321A92FD12CB60C81.e.5826","ELEMENT":"f.F7A39C3863F4D6A216F4478231FD999C.d.FADC8A666764F50321A92FD12CB60C81.e.5826"}]}
COMMAND: GET /session/298a9cc2a40484f0c35b17e60ac53e2a/screenshot - {}
RESULT: {}
RESULT: {"script":"<script> [8489 bytes]","args":[{"element-6066-11e4-a52e-4f735466cecf":"f.F7A39C3863F4D6A216F4478231FD999C.d.FADC8A666764F50321A92FD12CB60C81.e.5826","ELEMENT":"f.F7A39C3863F4D6A216F4478231FD999C.d.FADC8A666764F50321A92FD12CB60C81.e.5826"}]}
COMMAND: POST /session/298a9cc2a40484f0c35b17e60ac53e2a/execute/sync - {"script":"<script> [5351 bytes]","args":[{"element-6066-11e4-a52e-4f735466cecf":"f.F7A39C3863F4D6A216F4478231FD999C.d.FADC8A666764F50321A92FD12CB60C81.e.5826","ELEMENT":"f.F7A39C3863F4D6A216F4478231FD999C.d.FADC8A666764F50321A92FD12CB60C81.e.5826"}]}
COMMAND: GET /session/298a9cc2a40484f0c35b17e60ac53e2a/screenshot - {}
RESULT: {}
RESULT: {"script":"<script> [5351 bytes]","args":[{"element-6066-11e4-a52e-4f735466cecf":"f.F7A39C3863F4D6A216F4478231FD999C.d.FADC8A666764F50321A92FD12CB60C81.e.5826","ELEMENT":"f.F7A39C3863F4D6A216F4478231FD999C.d.FADC8A666764F50321A92FD12CB60C81.e.5826"}]}
COMMAND: GET /session/298a9cc2a40484f0c35b17e60ac53e2a/screenshot - {}
RESULT: {}
RESULT: {}
COMMAND: POST /session/298a9cc2a40484f0c35b17e60ac53e2a/element - {"using":"xpath","value":"//span[@id=\"application-managepartners-display-component---masterPtm--smartTable-header-inner\"]"}
RESULT: {"using":"xpath","value":"//span[@id=\"application-managepartners-display-component---masterPtm--smartTable-header-inner\"]"}
COMMAND: POST /session/298a9cc2a40484f0c35b17e60ac53e2a/elements - {"using":"xpath","value":"//span[@id=\"application-managepartners-display-component---masterPtm--smartTable-header-inner\"]"}
RESULT: {"using":"xpath","value":"//span[@id=\"application-managepartners-display-component---masterPtm--smartTable-header-inner\"]"}
COMMAND: POST /session/298a9cc2a40484f0c35b17e60ac53e2a/execute/sync - {"script":"<script> [56 bytes]","args":[{"element-6066-11e4-a52e-4f735466cecf":"f.F7A39C3863F4D6A216F4478231FD999C.d.FADC8A666764F50321A92FD12CB60C81.e.5949","ELEMENT":"f.F7A39C3863F4D6A216F4478231FD999C.d.FADC8A666764F50321A92FD12CB60C81.e.5949"}]}
RESULT: {"script":"<script> [56 bytes]","args":[{"element-6066-11e4-a52e-4f735466cecf":"f.F7A39C3863F4D6A216F4478231FD999C.d.FADC8A666764F50321A92FD12CB60C81.e.5949","ELEMENT":"f.F7A39C3863F4D6A216F4478231FD999C.d.FADC8A666764F50321A92FD12CB60C81.e.5949"}]}
RESULT: undefined
COMMAND: POST /session/298a9cc2a40484f0c35b17e60ac53e2a/execute/async - {"script":"<script> [776 bytes]","args":[{"enterText":"External Partner WDIO","selector":{"id":"application-managepartners-display-component---masterPtm--smartFilterBar-btnBasicSearch","interaction":{"idSuffix":"I"}},"clearTextFirst":true,"interactionType":"ENTER_TEXT"}]}
COMMAND: GET /session/298a9cc2a40484f0c35b17e60ac53e2a/screenshot - {}
RESULT: {"script":"<script> [776 bytes]","args":[{"enterText":"External Partner WDIO","selector":{"id":"application-managepartners-display-component---masterPtm--smartFilterBar-btnBasicSearch","interaction":{"idSuffix":"I"}},"clearTextFirst":true,"interactionType":"ENTER_TEXT"}]}
RESULT: {}
COMMAND: POST /session/298a9cc2a40484f0c35b17e60ac53e2a/actions - {"actions":[{"id":"action17","type":"key","parameters":{},"actions":[{"type":"keyDown","value":"î€‡"},{"type":"pause","duration":10},{"type":"keyUp","value":"î€‡"}]}]}
RESULT: {"actions":[{"id":"action17","type":"key","parameters":{},"actions":[{"type":"keyDown","value":"î€‡"},{"type":"pause","duration":10},{"type":"keyUp","value":"î€‡"}]}]}
COMMAND: GET /session/298a9cc2a40484f0c35b17e60ac53e2a/screenshot - {}
RESULT: {}
COMMAND: POST /session/298a9cc2a40484f0c35b17e60ac53e2a/element - {"using":"xpath","value":"//span[@id=\"application-managepartners-display-component---masterPtm--smartTable-header-inner\"]"}
RESULT: {"using":"xpath","value":"//span[@id=\"application-managepartners-display-component---masterPtm--smartTable-header-inner\"]"}
COMMAND: POST /session/298a9cc2a40484f0c35b17e60ac53e2a/elements - {"using":"xpath","value":"//span[@id=\"application-managepartners-display-component---masterPtm--smartTable-header-inner\"]"}
RESULT: {"using":"xpath","value":"//span[@id=\"application-managepartners-display-component---masterPtm--smartTable-header-inner\"]"}
COMMAND: POST /session/298a9cc2a40484f0c35b17e60ac53e2a/execute/sync - {"script":"<script> [56 bytes]","args":[{"element-6066-11e4-a52e-4f735466cecf":"f.F7A39C3863F4D6A216F4478231FD999C.d.FADC8A666764F50321A92FD12CB60C81.e.5949","ELEMENT":"f.F7A39C3863F4D6A216F4478231FD999C.d.FADC8A666764F50321A92FD12CB60C81.e.5949"}]}
RESULT: {"script":"<script> [56 bytes]","args":[{"element-6066-11e4-a52e-4f735466cecf":"f.F7A39C3863F4D6A216F4478231FD999C.d.FADC8A666764F50321A92FD12CB60C81.e.5949","ELEMENT":"f.F7A39C3863F4D6A216F4478231FD999C.d.FADC8A666764F50321A92FD12CB60C81.e.5949"}]}
COMMAND: POST /session/298a9cc2a40484f0c35b17e60ac53e2a/element - {"using":"xpath","value":"//div[contains(@id, \"managepartners-display-component---masterPtm--smartFilterBar-btnBasicSearch-reset\")]"}
COMMAND: GET /session/298a9cc2a40484f0c35b17e60ac53e2a/screenshot - {}
RESULT: {"using":"xpath","value":"//div[contains(@id, \"managepartners-display-component---masterPtm--smartFilterBar-btnBasicSearch-reset\")]"}
COMMAND: POST /session/298a9cc2a40484f0c35b17e60ac53e2a/element/f.F7A39C3863F4D6A216F4478231FD999C.d.FADC8A666764F50321A92FD12CB60C81.e.6110/click - {}
RESULT: {}
RESULT: {}
COMMAND: GET /session/298a9cc2a40484f0c35b17e60ac53e2a/screenshot - {}
COMMAND: POST /session/298a9cc2a40484f0c35b17e60ac53e2a/execute/async - {"script":"<script> [1562 bytes]","args":[{"selector":{"id":"application-managepartners-display-component---masterPtm--smartFilterBar-filterItemControl_BASIC-MAIN_ADDRESS-vhi"},"wdio_ui5_key":"applicationmanagepartners-display-component---masterPtm--smartFilterBar-filterItemControl_BASIC-MAIN_ADDRESS-vhi"}]}
RESULT: {}
RESULT: {"script":"<script> [1562 bytes]","args":[{"selector":{"id":"application-managepartners-display-component---masterPtm--smartFilterBar-filterItemControl_BASIC-MAIN_ADDRESS-vhi"},"wdio_ui5_key":"applicationmanagepartners-display-component---masterPtm--smartFilterBar-filterItemControl_BASIC-MAIN_ADDRESS-vhi"}]}
RESULT: undefined
COMMAND: POST /session/298a9cc2a40484f0c35b17e60ac53e2a/element - {"using":"xpath","value":"//*[@id=\"application-managepartners-display-component---masterPtm--smartFilterBar-filterItemControl_BASIC-MAIN_ADDRESS-vhi\"]"}
RESULT: {"using":"xpath","value":"//*[@id=\"application-managepartners-display-component---masterPtm--smartFilterBar-filterItemControl_BASIC-MAIN_ADDRESS-vhi\"]"}
COMMAND: POST /session/298a9cc2a40484f0c35b17e60ac53e2a/element/f.F7A39C3863F4D6A216F4478231FD999C.d.FADC8A666764F50321A92FD12CB60C81.e.6193/click - {}
RESULT: {}
COMMAND: GET /session/298a9cc2a40484f0c35b17e60ac53e2a/screenshot - {}
RESULT: {}
COMMAND: POST /session/298a9cc2a40484f0c35b17e60ac53e2a/execute/async - {"script":"<script> [1562 bytes]","args":[{"selector":{"id":"application-managepartners-display-component---masterPtm--smartFilterBar-filterItemControl_BASIC-MAIN_ADDRESS-valueHelpDialog-smartFilterBar-btnBasicSearch","searchOpenDialogs":true,"interaction":{"idSuffix":"I"}},"wdio_ui5_key":"applicationmanagepartners-display-component---masterPtm--smartFilterBar-filterItemControl_BASIC-MAIN_ADDRESS-valueHelpDialog-smartFilterBar-btnBasicSearch"}]}
RESULT: {"script":"<script> [1562 bytes]","args":[{"selector":{"id":"application-managepartners-display-component---masterPtm--smartFilterBar-filterItemControl_BASIC-MAIN_ADDRESS-valueHelpDialog-smartFilterBar-btnBasicSearch","searchOpenDialogs":true,"interaction":{"idSuffix":"I"}},"wdio_ui5_key":"applicationmanagepartners-display-component---masterPtm--smartFilterBar-filterItemControl_BASIC-MAIN_ADDRESS-valueHelpDialog-smartFilterBar-btnBasicSearch"}]}
RESULT: undefined
COMMAND: POST /session/298a9cc2a40484f0c35b17e60ac53e2a/execute/async - {"script":"<script> [776 bytes]","args":[{"enterText":"Romania","selector":{"id":"application-managepartners-display-component---masterPtm--smartFilterBar-filterItemControl_BASIC-MAIN_ADDRESS-valueHelpDialog-smartFilterBar-btnBasicSearch","searchOpenDialogs":true,"interaction":{"idSuffix":"I"}},"clearTextFirst":true,"interactionType":"ENTER_TEXT"}]}
RESULT: {"script":"<script> [776 bytes]","args":[{"enterText":"Romania","selector":{"id":"application-managepartners-display-component---masterPtm--smartFilterBar-filterItemControl_BASIC-MAIN_ADDRESS-valueHelpDialog-smartFilterBar-btnBasicSearch","searchOpenDialogs":true,"interaction":{"idSuffix":"I"}},"clearTextFirst":true,"interactionType":"ENTER_TEXT"}]}
COMMAND: POST /session/298a9cc2a40484f0c35b17e60ac53e2a/actions - {"actions":[{"id":"action18","type":"key","parameters":{},"actions":[{"type":"keyDown","value":"î€‡"},{"type":"pause","duration":10},{"type":"keyUp","value":"î€‡"}]}]}
RESULT: {"actions":[{"id":"action18","type":"key","parameters":{},"actions":[{"type":"keyDown","value":"î€‡"},{"type":"pause","duration":10},{"type":"keyUp","value":"î€‡"}]}]}
COMMAND: POST /session/298a9cc2a40484f0c35b17e60ac53e2a/elements - {"using":"xpath","value":"//table[contains(@id, \"smartFilterBar-filterItemControl_BASIC-MAIN_ADDRESS-valueHelpDialog-table-table\")]/tbody/tr"}
COMMAND: GET /session/298a9cc2a40484f0c35b17e60ac53e2a/screenshot - {}
RESULT: {"using":"xpath","value":"//table[contains(@id, \"smartFilterBar-filterItemControl_BASIC-MAIN_ADDRESS-valueHelpDialog-table-table\")]/tbody/tr"}
COMMAND: POST /session/298a9cc2a40484f0c35b17e60ac53e2a/element - {"using":"xpath","value":"//table[contains(@id, \"smartFilterBar-filterItemControl_BASIC-MAIN_ADDRESS-valueHelpDialog-table-table\")]/tbody/tr[1]/td[1]/div/span"}
RESULT: {}
RESULT: {"using":"xpath","value":"//table[contains(@id, \"smartFilterBar-filterItemControl_BASIC-MAIN_ADDRESS-valueHelpDialog-table-table\")]/tbody/tr[1]/td[1]/div/span"}
COMMAND: POST /session/298a9cc2a40484f0c35b17e60ac53e2a/elements - {"using":"xpath","value":"//table[contains(@id, \"smartFilterBar-filterItemControl_BASIC-MAIN_ADDRESS-valueHelpDialog-table-table\")]/tbody/tr[1]/td[1]/div/span"}
RESULT: {"using":"xpath","value":"//table[contains(@id, \"smartFilterBar-filterItemControl_BASIC-MAIN_ADDRESS-valueHelpDialog-table-table\")]/tbody/tr[1]/td[1]/div/span"}
COMMAND: POST /session/298a9cc2a40484f0c35b17e60ac53e2a/execute/sync - {"script":"<script> [56 bytes]","args":[{"element-6066-11e4-a52e-4f735466cecf":"f.F7A39C3863F4D6A216F4478231FD999C.d.FADC8A666764F50321A92FD12CB60C81.e.6214","ELEMENT":"f.F7A39C3863F4D6A216F4478231FD999C.d.FADC8A666764F50321A92FD12CB60C81.e.6214"}]}
RESULT: {"script":"<script> [56 bytes]","args":[{"element-6066-11e4-a52e-4f735466cecf":"f.F7A39C3863F4D6A216F4478231FD999C.d.FADC8A666764F50321A92FD12CB60C81.e.6214","ELEMENT":"f.F7A39C3863F4D6A216F4478231FD999C.d.FADC8A666764F50321A92FD12CB60C81.e.6214"}]}
COMMAND: POST /session/298a9cc2a40484f0c35b17e60ac53e2a/element - {"using":"xpath","value":"//div[contains(@id, \"filterItemControl_BASIC-MAIN_ADDRESS-valueHelpDialog-table-rowsel0\")]"}
COMMAND: GET /session/298a9cc2a40484f0c35b17e60ac53e2a/screenshot - {}
RESULT: {"using":"xpath","value":"//div[contains(@id, \"filterItemControl_BASIC-MAIN_ADDRESS-valueHelpDialog-table-rowsel0\")]"}
COMMAND: POST /session/298a9cc2a40484f0c35b17e60ac53e2a/element/f.F7A39C3863F4D6A216F4478231FD999C.d.FADC8A666764F50321A92FD12CB60C81.e.6215/click - {}
RESULT: {}
RESULT: {}
COMMAND: GET /session/298a9cc2a40484f0c35b17e60ac53e2a/screenshot - {}
RESULT: {}
COMMAND: POST /session/298a9cc2a40484f0c35b17e60ac53e2a/element - {"using":"xpath","value":"(//bdi[contains(text(), \"OK\")])[1]"}
RESULT: {"using":"xpath","value":"(//bdi[contains(text(), \"OK\")])[1]"}
COMMAND: POST /session/298a9cc2a40484f0c35b17e60ac53e2a/element/f.F7A39C3863F4D6A216F4478231FD999C.d.FADC8A666764F50321A92FD12CB60C81.e.6217/click - {}
RESULT: {}
COMMAND: GET /session/298a9cc2a40484f0c35b17e60ac53e2a/screenshot - {}
RESULT: {}
COMMAND: POST /session/298a9cc2a40484f0c35b17e60ac53e2a/element - {"using":"xpath","value":"//span[@id=\"application-managepartners-display-component---masterPtm--smartTable-header-inner\"]"}
RESULT: {"using":"xpath","value":"//span[@id=\"application-managepartners-display-component---masterPtm--smartTable-header-inner\"]"}
COMMAND: POST /session/298a9cc2a40484f0c35b17e60ac53e2a/elements - {"using":"xpath","value":"//span[@id=\"application-managepartners-display-component---masterPtm--smartTable-header-inner\"]"}
RESULT: {"using":"xpath","value":"//span[@id=\"application-managepartners-display-component---masterPtm--smartTable-header-inner\"]"}
COMMAND: POST /session/298a9cc2a40484f0c35b17e60ac53e2a/execute/sync - {"script":"<script> [56 bytes]","args":[{"element-6066-11e4-a52e-4f735466cecf":"f.F7A39C3863F4D6A216F4478231FD999C.d.FADC8A666764F50321A92FD12CB60C81.e.5949","ELEMENT":"f.F7A39C3863F4D6A216F4478231FD999C.d.FADC8A666764F50321A92FD12CB60C81.e.5949"}]}
RESULT: {"script":"<script> [56 bytes]","args":[{"element-6066-11e4-a52e-4f735466cecf":"f.F7A39C3863F4D6A216F4478231FD999C.d.FADC8A666764F50321A92FD12CB60C81.e.5949","ELEMENT":"f.F7A39C3863F4D6A216F4478231FD999C.d.FADC8A666764F50321A92FD12CB60C81.e.5949"}]}
COMMAND: POST /session/298a9cc2a40484f0c35b17e60ac53e2a/element - {"using":"xpath","value":"//span[contains(@title, \"Remove\")]"}
COMMAND: GET /session/298a9cc2a40484f0c35b17e60ac53e2a/screenshot - {}
RESULT: {"using":"xpath","value":"//span[contains(@title, \"Remove\")]"}
COMMAND: POST /session/298a9cc2a40484f0c35b17e60ac53e2a/element/f.F7A39C3863F4D6A216F4478231FD999C.d.FADC8A666764F50321A92FD12CB60C81.e.6231/click - {}
RESULT: {}
RESULT: {}
COMMAND: GET /session/298a9cc2a40484f0c35b17e60ac53e2a/screenshot - {}
COMMAND: POST /session/298a9cc2a40484f0c35b17e60ac53e2a/element - {"using":"xpath","value":"//span[@id=\"application-managepartners-display-component---masterPtm--smartTable-header-inner\"]"}
RESULT: {}
RESULT: {"using":"xpath","value":"//span[@id=\"application-managepartners-display-component---masterPtm--smartTable-header-inner\"]"}
COMMAND: POST /session/298a9cc2a40484f0c35b17e60ac53e2a/elements - {"using":"xpath","value":"//span[@id=\"application-managepartners-display-component---masterPtm--smartTable-header-inner\"]"}
RESULT: {"using":"xpath","value":"//span[@id=\"application-managepartners-display-component---masterPtm--smartTable-header-inner\"]"}
COMMAND: POST /session/298a9cc2a40484f0c35b17e60ac53e2a/execute/sync - {"script":"<script> [56 bytes]","args":[{"element-6066-11e4-a52e-4f735466cecf":"f.F7A39C3863F4D6A216F4478231FD999C.d.FADC8A666764F50321A92FD12CB60C81.e.5949","ELEMENT":"f.F7A39C3863F4D6A216F4478231FD999C.d.FADC8A666764F50321A92FD12CB60C81.e.5949"}]}
RESULT: {"script":"<script> [56 bytes]","args":[{"element-6066-11e4-a52e-4f735466cecf":"f.F7A39C3863F4D6A216F4478231FD999C.d.FADC8A666764F50321A92FD12CB60C81.e.5949","ELEMENT":"f.F7A39C3863F4D6A216F4478231FD999C.d.FADC8A666764F50321A92FD12CB60C81.e.5949"}]}
COMMAND: POST /session/298a9cc2a40484f0c35b17e60ac53e2a/execute/async - {"script":"<script> [1562 bytes]","args":[{"selector":{"id":"application-managepartners-display-component---masterPtm--smartFilterBar-filterItemControl_BASIC-YARD-vhi"},"wdio_ui5_key":"applicationmanagepartners-display-component---masterPtm--smartFilterBar-filterItemControl_BASIC-YARD-vhi"}]}
COMMAND: GET /session/298a9cc2a40484f0c35b17e60ac53e2a/screenshot - {}
RESULT: {"script":"<script> [1562 bytes]","args":[{"selector":{"id":"application-managepartners-display-component---masterPtm--smartFilterBar-filterItemControl_BASIC-YARD-vhi"},"wdio_ui5_key":"applicationmanagepartners-display-component---masterPtm--smartFilterBar-filterItemControl_BASIC-YARD-vhi"}]}
RESULT: undefined
COMMAND: POST /session/298a9cc2a40484f0c35b17e60ac53e2a/element - {"using":"xpath","value":"//*[@id=\"application-managepartners-display-component---masterPtm--smartFilterBar-filterItemControl_BASIC-YARD-vhi\"]"}
RESULT: {}
RESULT: {"using":"xpath","value":"//*[@id=\"application-managepartners-display-component---masterPtm--smartFilterBar-filterItemControl_BASIC-YARD-vhi\"]"}
COMMAND: POST /session/298a9cc2a40484f0c35b17e60ac53e2a/element/f.F7A39C3863F4D6A216F4478231FD999C.d.FADC8A666764F50321A92FD12CB60C81.e.6335/click - {}
RESULT: {}
COMMAND: GET /session/298a9cc2a40484f0c35b17e60ac53e2a/screenshot - {}
RESULT: {}
COMMAND: POST /session/298a9cc2a40484f0c35b17e60ac53e2a/execute/async - {"script":"<script> [1562 bytes]","args":[{"selector":{"id":"application-managepartners-display-component---masterPtm--smartFilterBar-filterItemControl_BASIC-YARD-valueHelpDialog-smartFilterBar-btnBasicSearch","searchOpenDialogs":true,"interaction":{"idSuffix":"I"}},"wdio_ui5_key":"applicationmanagepartners-display-component---masterPtm--smartFilterBar-filterItemControl_BASIC-YARD-valueHelpDialog-smartFilterBar-btnBasicSearch"}]}
RESULT: {"script":"<script> [1562 bytes]","args":[{"selector":{"id":"application-managepartners-display-component---masterPtm--smartFilterBar-filterItemControl_BASIC-YARD-valueHelpDialog-smartFilterBar-btnBasicSearch","searchOpenDialogs":true,"interaction":{"idSuffix":"I"}},"wdio_ui5_key":"applicationmanagepartners-display-component---masterPtm--smartFilterBar-filterItemControl_BASIC-YARD-valueHelpDialog-smartFilterBar-btnBasicSearch"}]}
RESULT: undefined
COMMAND: POST /session/298a9cc2a40484f0c35b17e60ac53e2a/execute/async - {"script":"<script> [776 bytes]","args":[{"enterText":"Test","selector":{"id":"application-managepartners-display-component---masterPtm--smartFilterBar-filterItemControl_BASIC-YARD-valueHelpDialog-smartFilterBar-btnBasicSearch","searchOpenDialogs":true,"interaction":{"idSuffix":"I"}},"clearTextFirst":true,"interactionType":"ENTER_TEXT"}]}
RESULT: {"script":"<script> [776 bytes]","args":[{"enterText":"Test","selector":{"id":"application-managepartners-display-component---masterPtm--smartFilterBar-filterItemControl_BASIC-YARD-valueHelpDialog-smartFilterBar-btnBasicSearch","searchOpenDialogs":true,"interaction":{"idSuffix":"I"}},"clearTextFirst":true,"interactionType":"ENTER_TEXT"}]}
COMMAND: POST /session/298a9cc2a40484f0c35b17e60ac53e2a/actions - {"actions":[{"id":"action19","type":"key","parameters":{},"actions":[{"type":"keyDown","value":"î€‡"},{"type":"pause","duration":10},{"type":"keyUp","value":"î€‡"}]}]}
RESULT: {"actions":[{"id":"action19","type":"key","parameters":{},"actions":[{"type":"keyDown","value":"î€‡"},{"type":"pause","duration":10},{"type":"keyUp","value":"î€‡"}]}]}
COMMAND: POST /session/298a9cc2a40484f0c35b17e60ac53e2a/elements - {"using":"xpath","value":"//table[contains(@id, \"smartFilterBar-filterItemControl_BASIC-YARD-valueHelpDialog-table-table\")]/tbody/tr"}
COMMAND: GET /session/298a9cc2a40484f0c35b17e60ac53e2a/screenshot - {}
RESULT: {"using":"xpath","value":"//table[contains(@id, \"smartFilterBar-filterItemControl_BASIC-YARD-valueHelpDialog-table-table\")]/tbody/tr"}
COMMAND: POST /session/298a9cc2a40484f0c35b17e60ac53e2a/element - {"using":"xpath","value":"//table[contains(@id, \"smartFilterBar-filterItemControl_BASIC-YARD-valueHelpDialog-table-table\")]/tbody/tr[1]/td[1]/div/span"}
RESULT: {}
RESULT: {"using":"xpath","value":"//table[contains(@id, \"smartFilterBar-filterItemControl_BASIC-YARD-valueHelpDialog-table-table\")]/tbody/tr[1]/td[1]/div/span"}
COMMAND: POST /session/298a9cc2a40484f0c35b17e60ac53e2a/elements - {"using":"xpath","value":"//table[contains(@id, \"smartFilterBar-filterItemControl_BASIC-YARD-valueHelpDialog-table-table\")]/tbody/tr[1]/td[1]/div/span"}
RESULT: {"using":"xpath","value":"//table[contains(@id, \"smartFilterBar-filterItemControl_BASIC-YARD-valueHelpDialog-table-table\")]/tbody/tr[1]/td[1]/div/span"}
COMMAND: POST /session/298a9cc2a40484f0c35b17e60ac53e2a/execute/sync - {"script":"<script> [56 bytes]","args":[{"element-6066-11e4-a52e-4f735466cecf":"f.F7A39C3863F4D6A216F4478231FD999C.d.FADC8A666764F50321A92FD12CB60C81.e.6358","ELEMENT":"f.F7A39C3863F4D6A216F4478231FD999C.d.FADC8A666764F50321A92FD12CB60C81.e.6358"}]}
RESULT: {"script":"<script> [56 bytes]","args":[{"element-6066-11e4-a52e-4f735466cecf":"f.F7A39C3863F4D6A216F4478231FD999C.d.FADC8A666764F50321A92FD12CB60C81.e.6358","ELEMENT":"f.F7A39C3863F4D6A216F4478231FD999C.d.FADC8A666764F50321A92FD12CB60C81.e.6358"}]}
COMMAND: POST /session/298a9cc2a40484f0c35b17e60ac53e2a/element - {"using":"xpath","value":"//table[contains(@id, \"smartFilterBar-filterItemControl_BASIC-YARD-valueHelpDialog-table-table\")]/tbody/tr[2]/td[1]/div/span"}
COMMAND: GET /session/298a9cc2a40484f0c35b17e60ac53e2a/screenshot - {}
RESULT: {"using":"xpath","value":"//table[contains(@id, \"smartFilterBar-filterItemControl_BASIC-YARD-valueHelpDialog-table-table\")]/tbody/tr[2]/td[1]/div/span"}
COMMAND: POST /session/298a9cc2a40484f0c35b17e60ac53e2a/elements - {"using":"xpath","value":"//table[contains(@id, \"smartFilterBar-filterItemControl_BASIC-YARD-valueHelpDialog-table-table\")]/tbody/tr[2]/td[1]/div/span"}
RESULT: {}
RESULT: {"using":"xpath","value":"//table[contains(@id, \"smartFilterBar-filterItemControl_BASIC-YARD-valueHelpDialog-table-table\")]/tbody/tr[2]/td[1]/div/span"}
COMMAND: POST /session/298a9cc2a40484f0c35b17e60ac53e2a/execute/sync - {"script":"<script> [56 bytes]","args":[{"element-6066-11e4-a52e-4f735466cecf":"f.F7A39C3863F4D6A216F4478231FD999C.d.FADC8A666764F50321A92FD12CB60C81.e.6359","ELEMENT":"f.F7A39C3863F4D6A216F4478231FD999C.d.FADC8A666764F50321A92FD12CB60C81.e.6359"}]}
RESULT: {"script":"<script> [56 bytes]","args":[{"element-6066-11e4-a52e-4f735466cecf":"f.F7A39C3863F4D6A216F4478231FD999C.d.FADC8A666764F50321A92FD12CB60C81.e.6359","ELEMENT":"f.F7A39C3863F4D6A216F4478231FD999C.d.FADC8A666764F50321A92FD12CB60C81.e.6359"}]}
COMMAND: POST /session/298a9cc2a40484f0c35b17e60ac53e2a/element - {"using":"xpath","value":"//table[contains(@id, \"smartFilterBar-filterItemControl_BASIC-YARD-valueHelpDialog-table-table\")]/tbody/tr[3]/td[1]/div/span"}
COMMAND: GET /session/298a9cc2a40484f0c35b17e60ac53e2a/screenshot - {}
RESULT: {"using":"xpath","value":"//table[contains(@id, \"smartFilterBar-filterItemControl_BASIC-YARD-valueHelpDialog-table-table\")]/tbody/tr[3]/td[1]/div/span"}
COMMAND: POST /session/298a9cc2a40484f0c35b17e60ac53e2a/elements - {"using":"xpath","value":"//table[contains(@id, \"smartFilterBar-filterItemControl_BASIC-YARD-valueHelpDialog-table-table\")]/tbody/tr[3]/td[1]/div/span"}
RESULT: {}
RESULT: {"using":"xpath","value":"//table[contains(@id, \"smartFilterBar-filterItemControl_BASIC-YARD-valueHelpDialog-table-table\")]/tbody/tr[3]/td[1]/div/span"}
COMMAND: POST /session/298a9cc2a40484f0c35b17e60ac53e2a/execute/sync - {"script":"<script> [56 bytes]","args":[{"element-6066-11e4-a52e-4f735466cecf":"f.F7A39C3863F4D6A216F4478231FD999C.d.FADC8A666764F50321A92FD12CB60C81.e.6360","ELEMENT":"f.F7A39C3863F4D6A216F4478231FD999C.d.FADC8A666764F50321A92FD12CB60C81.e.6360"}]}
RESULT: {"script":"<script> [56 bytes]","args":[{"element-6066-11e4-a52e-4f735466cecf":"f.F7A39C3863F4D6A216F4478231FD999C.d.FADC8A666764F50321A92FD12CB60C81.e.6360","ELEMENT":"f.F7A39C3863F4D6A216F4478231FD999C.d.FADC8A666764F50321A92FD12CB60C81.e.6360"}]}
COMMAND: POST /session/298a9cc2a40484f0c35b17e60ac53e2a/element - {"using":"xpath","value":"//div[contains(@id, \"filterItemControl_BASIC-YARD-valueHelpDialog-table-rowsel2\")]"}
COMMAND: GET /session/298a9cc2a40484f0c35b17e60ac53e2a/screenshot - {}
RESULT: {"using":"xpath","value":"//div[contains(@id, \"filterItemControl_BASIC-YARD-valueHelpDialog-table-rowsel2\")]"}
COMMAND: POST /session/298a9cc2a40484f0c35b17e60ac53e2a/element/f.F7A39C3863F4D6A216F4478231FD999C.d.FADC8A666764F50321A92FD12CB60C81.e.6361/click - {}
RESULT: {}
RESULT: {}
COMMAND: GET /session/298a9cc2a40484f0c35b17e60ac53e2a/screenshot - {}
RESULT: {}
COMMAND: POST /session/298a9cc2a40484f0c35b17e60ac53e2a/element - {"using":"xpath","value":"(//bdi[contains(text(), \"OK\")])[1]"}
RESULT: {"using":"xpath","value":"(//bdi[contains(text(), \"OK\")])[1]"}
COMMAND: POST /session/298a9cc2a40484f0c35b17e60ac53e2a/element/f.F7A39C3863F4D6A216F4478231FD999C.d.FADC8A666764F50321A92FD12CB60C81.e.6363/click - {}
RESULT: {}
COMMAND: GET /session/298a9cc2a40484f0c35b17e60ac53e2a/screenshot - {}
RESULT: {}
COMMAND: POST /session/298a9cc2a40484f0c35b17e60ac53e2a/element - {"using":"xpath","value":"//span[@id=\"application-managepartners-display-component---masterPtm--smartTable-header-inner\"]"}
RESULT: {"using":"xpath","value":"//span[@id=\"application-managepartners-display-component---masterPtm--smartTable-header-inner\"]"}
COMMAND: POST /session/298a9cc2a40484f0c35b17e60ac53e2a/elements - {"using":"xpath","value":"//span[@id=\"application-managepartners-display-component---masterPtm--smartTable-header-inner\"]"}
RESULT: {"using":"xpath","value":"//span[@id=\"application-managepartners-display-component---masterPtm--smartTable-header-inner\"]"}
COMMAND: POST /session/298a9cc2a40484f0c35b17e60ac53e2a/execute/sync - {"script":"<script> [56 bytes]","args":[{"element-6066-11e4-a52e-4f735466cecf":"f.F7A39C3863F4D6A216F4478231FD999C.d.FADC8A666764F50321A92FD12CB60C81.e.5949","ELEMENT":"f.F7A39C3863F4D6A216F4478231FD999C.d.FADC8A666764F50321A92FD12CB60C81.e.5949"}]}
RESULT: {"script":"<script> [56 bytes]","args":[{"element-6066-11e4-a52e-4f735466cecf":"f.F7A39C3863F4D6A216F4478231FD999C.d.FADC8A666764F50321A92FD12CB60C81.e.5949","ELEMENT":"f.F7A39C3863F4D6A216F4478231FD999C.d.FADC8A666764F50321A92FD12CB60C81.e.5949"}]}
COMMAND: POST /session/298a9cc2a40484f0c35b17e60ac53e2a/element - {"using":"xpath","value":"//span[contains(@title, \"Remove\")]"}
COMMAND: GET /session/298a9cc2a40484f0c35b17e60ac53e2a/screenshot - {}
RESULT: {"using":"xpath","value":"//span[contains(@title, \"Remove\")]"}
COMMAND: POST /session/298a9cc2a40484f0c35b17e60ac53e2a/element/f.F7A39C3863F4D6A216F4478231FD999C.d.FADC8A666764F50321A92FD12CB60C81.e.6376/click - {}
RESULT: {}
RESULT: {}
COMMAND: GET /session/298a9cc2a40484f0c35b17e60ac53e2a/screenshot - {}
COMMAND: POST /session/298a9cc2a40484f0c35b17e60ac53e2a/element - {"using":"xpath","value":"//span[@id=\"application-managepartners-display-component---masterPtm--smartTable-header-inner\"]"}
RESULT: {}
RESULT: {"using":"xpath","value":"//span[@id=\"application-managepartners-display-component---masterPtm--smartTable-header-inner\"]"}
COMMAND: POST /session/298a9cc2a40484f0c35b17e60ac53e2a/elements - {"using":"xpath","value":"//span[@id=\"application-managepartners-display-component---masterPtm--smartTable-header-inner\"]"}
RESULT: {"using":"xpath","value":"//span[@id=\"application-managepartners-display-component---masterPtm--smartTable-header-inner\"]"}
COMMAND: POST /session/298a9cc2a40484f0c35b17e60ac53e2a/execute/sync - {"script":"<script> [56 bytes]","args":[{"element-6066-11e4-a52e-4f735466cecf":"f.F7A39C3863F4D6A216F4478231FD999C.d.FADC8A666764F50321A92FD12CB60C81.e.5949","ELEMENT":"f.F7A39C3863F4D6A216F4478231FD999C.d.FADC8A666764F50321A92FD12CB60C81.e.5949"}]}
RESULT: {"script":"<script> [56 bytes]","args":[{"element-6066-11e4-a52e-4f735466cecf":"f.F7A39C3863F4D6A216F4478231FD999C.d.FADC8A666764F50321A92FD12CB60C81.e.5949","ELEMENT":"f.F7A39C3863F4D6A216F4478231FD999C.d.FADC8A666764F50321A92FD12CB60C81.e.5949"}]}
COMMAND: POST /session/298a9cc2a40484f0c35b17e60ac53e2a/execute/async - {"script":"<script> [1562 bytes]","args":[{"selector":{"id":"application-managepartners-display-component---masterPtm--smartFilterBar-filterItemControl_BASIC-ALL_TAGS-vhi"},"wdio_ui5_key":"applicationmanagepartners-display-component---masterPtm--smartFilterBar-filterItemControl_BASIC-ALL_TAGS-vhi"}]}
COMMAND: GET /session/298a9cc2a40484f0c35b17e60ac53e2a/screenshot - {}
RESULT: {"script":"<script> [1562 bytes]","args":[{"selector":{"id":"application-managepartners-display-component---masterPtm--smartFilterBar-filterItemControl_BASIC-ALL_TAGS-vhi"},"wdio_ui5_key":"applicationmanagepartners-display-component---masterPtm--smartFilterBar-filterItemControl_BASIC-ALL_TAGS-vhi"}]}
RESULT: undefined
COMMAND: POST /session/298a9cc2a40484f0c35b17e60ac53e2a/element - {"using":"xpath","value":"//*[@id=\"application-managepartners-display-component---masterPtm--smartFilterBar-filterItemControl_BASIC-ALL_TAGS-vhi\"]"}
RESULT: {}
RESULT: {"using":"xpath","value":"//*[@id=\"application-managepartners-display-component---masterPtm--smartFilterBar-filterItemControl_BASIC-ALL_TAGS-vhi\"]"}
COMMAND: POST /session/298a9cc2a40484f0c35b17e60ac53e2a/element/f.F7A39C3863F4D6A216F4478231FD999C.d.FADC8A666764F50321A92FD12CB60C81.e.6479/click - {}
RESULT: {}
COMMAND: GET /session/298a9cc2a40484f0c35b17e60ac53e2a/screenshot - {}
RESULT: {}
COMMAND: POST /session/298a9cc2a40484f0c35b17e60ac53e2a/execute/async - {"script":"<script> [1562 bytes]","args":[{"selector":{"id":"application-managepartners-display-component---masterPtm--smartFilterBar-filterItemControl_BASIC-ALL_TAGS-valueHelpDialog-smartFilterBar-btnBasicSearch","searchOpenDialogs":true,"interaction":{"idSuffix":"I"}},"wdio_ui5_key":"applicationmanagepartners-display-component---masterPtm--smartFilterBar-filterItemControl_BASIC-ALL_TAGS-valueHelpDialog-smartFilterBar-btnBasicSearch"}]}
RESULT: {"script":"<script> [1562 bytes]","args":[{"selector":{"id":"application-managepartners-display-component---masterPtm--smartFilterBar-filterItemControl_BASIC-ALL_TAGS-valueHelpDialog-smartFilterBar-btnBasicSearch","searchOpenDialogs":true,"interaction":{"idSuffix":"I"}},"wdio_ui5_key":"applicationmanagepartners-display-component---masterPtm--smartFilterBar-filterItemControl_BASIC-ALL_TAGS-valueHelpDialog-smartFilterBar-btnBasicSearch"}]}
RESULT: undefined
COMMAND: POST /session/298a9cc2a40484f0c35b17e60ac53e2a/execute/async - {"script":"<script> [776 bytes]","args":[{"enterText":"test-tag-1","selector":{"id":"application-managepartners-display-component---masterPtm--smartFilterBar-filterItemControl_BASIC-ALL_TAGS-valueHelpDialog-smartFilterBar-btnBasicSearch","searchOpenDialogs":true,"interaction":{"idSuffix":"I"}},"clearTextFirst":true,"interactionType":"ENTER_TEXT"}]}
RESULT: {"script":"<script> [776 bytes]","args":[{"enterText":"test-tag-1","selector":{"id":"application-managepartners-display-component---masterPtm--smartFilterBar-filterItemControl_BASIC-ALL_TAGS-valueHelpDialog-smartFilterBar-btnBasicSearch","searchOpenDialogs":true,"interaction":{"idSuffix":"I"}},"clearTextFirst":true,"interactionType":"ENTER_TEXT"}]}
COMMAND: POST /session/298a9cc2a40484f0c35b17e60ac53e2a/actions - {"actions":[{"id":"action20","type":"key","parameters":{},"actions":[{"type":"keyDown","value":"î€‡"},{"type":"pause","duration":10},{"type":"keyUp","value":"î€‡"}]}]}
RESULT: {"actions":[{"id":"action20","type":"key","parameters":{},"actions":[{"type":"keyDown","value":"î€‡"},{"type":"pause","duration":10},{"type":"keyUp","value":"î€‡"}]}]}
COMMAND: POST /session/298a9cc2a40484f0c35b17e60ac53e2a/elements - {"using":"xpath","value":"//table[contains(@id, \"smartFilterBar-filterItemControl_BASIC-ALL_TAGS-valueHelpDialog-table-table\")]/tbody/tr"}
COMMAND: GET /session/298a9cc2a40484f0c35b17e60ac53e2a/screenshot - {}
RESULT: {"using":"xpath","value":"//table[contains(@id, \"smartFilterBar-filterItemControl_BASIC-ALL_TAGS-valueHelpDialog-table-table\")]/tbody/tr"}
COMMAND: POST /session/298a9cc2a40484f0c35b17e60ac53e2a/element - {"using":"xpath","value":"//table[contains(@id, \"smartFilterBar-filterItemControl_BASIC-ALL_TAGS-valueHelpDialog-table-table\")]/tbody/tr[1]/td[1]/div/span"}
RESULT: {}
RESULT: {"using":"xpath","value":"//table[contains(@id, \"smartFilterBar-filterItemControl_BASIC-ALL_TAGS-valueHelpDialog-table-table\")]/tbody/tr[1]/td[1]/div/span"}
COMMAND: POST /session/298a9cc2a40484f0c35b17e60ac53e2a/elements - {"using":"xpath","value":"//table[contains(@id, \"smartFilterBar-filterItemControl_BASIC-ALL_TAGS-valueHelpDialog-table-table\")]/tbody/tr[1]/td[1]/div/span"}
RESULT: {"using":"xpath","value":"//table[contains(@id, \"smartFilterBar-filterItemControl_BASIC-ALL_TAGS-valueHelpDialog-table-table\")]/tbody/tr[1]/td[1]/div/span"}
COMMAND: POST /session/298a9cc2a40484f0c35b17e60ac53e2a/execute/sync - {"script":"<script> [56 bytes]","args":[{"element-6066-11e4-a52e-4f735466cecf":"f.F7A39C3863F4D6A216F4478231FD999C.d.FADC8A666764F50321A92FD12CB60C81.e.6501","ELEMENT":"f.F7A39C3863F4D6A216F4478231FD999C.d.FADC8A666764F50321A92FD12CB60C81.e.6501"}]}
RESULT: {"script":"<script> [56 bytes]","args":[{"element-6066-11e4-a52e-4f735466cecf":"f.F7A39C3863F4D6A216F4478231FD999C.d.FADC8A666764F50321A92FD12CB60C81.e.6501","ELEMENT":"f.F7A39C3863F4D6A216F4478231FD999C.d.FADC8A666764F50321A92FD12CB60C81.e.6501"}]}
COMMAND: POST /session/298a9cc2a40484f0c35b17e60ac53e2a/element - {"using":"xpath","value":"//div[contains(@id, \"filterItemControl_BASIC-ALL_TAGS-valueHelpDialog-table-rowsel0\")]"}
COMMAND: GET /session/298a9cc2a40484f0c35b17e60ac53e2a/screenshot - {}
RESULT: {"using":"xpath","value":"//div[contains(@id, \"filterItemControl_BASIC-ALL_TAGS-valueHelpDialog-table-rowsel0\")]"}
COMMAND: POST /session/298a9cc2a40484f0c35b17e60ac53e2a/element/f.F7A39C3863F4D6A216F4478231FD999C.d.FADC8A666764F50321A92FD12CB60C81.e.6502/click - {}
RESULT: {}
RESULT: {}
COMMAND: GET /session/298a9cc2a40484f0c35b17e60ac53e2a/screenshot - {}
RESULT: {}
COMMAND: POST /session/298a9cc2a40484f0c35b17e60ac53e2a/element - {"using":"xpath","value":"(//bdi[contains(text(), \"OK\")])[1]"}
RESULT: {"using":"xpath","value":"(//bdi[contains(text(), \"OK\")])[1]"}
COMMAND: POST /session/298a9cc2a40484f0c35b17e60ac53e2a/element/f.F7A39C3863F4D6A216F4478231FD999C.d.FADC8A666764F50321A92FD12CB60C81.e.6504/click - {}
RESULT: {}
COMMAND: GET /session/298a9cc2a40484f0c35b17e60ac53e2a/screenshot - {}
RESULT: {}
COMMAND: POST /session/298a9cc2a40484f0c35b17e60ac53e2a/element - {"using":"xpath","value":"//span[@id=\"application-managepartners-display-component---masterPtm--smartTable-header-inner\"]"}
RESULT: {"using":"xpath","value":"//span[@id=\"application-managepartners-display-component---masterPtm--smartTable-header-inner\"]"}
COMMAND: POST /session/298a9cc2a40484f0c35b17e60ac53e2a/elements - {"using":"xpath","value":"//span[@id=\"application-managepartners-display-component---masterPtm--smartTable-header-inner\"]"}
RESULT: {"using":"xpath","value":"//span[@id=\"application-managepartners-display-component---masterPtm--smartTable-header-inner\"]"}
COMMAND: POST /session/298a9cc2a40484f0c35b17e60ac53e2a/execute/sync - {"script":"<script> [56 bytes]","args":[{"element-6066-11e4-a52e-4f735466cecf":"f.F7A39C3863F4D6A216F4478231FD999C.d.FADC8A666764F50321A92FD12CB60C81.e.5949","ELEMENT":"f.F7A39C3863F4D6A216F4478231FD999C.d.FADC8A666764F50321A92FD12CB60C81.e.5949"}]}
RESULT: {"script":"<script> [56 bytes]","args":[{"element-6066-11e4-a52e-4f735466cecf":"f.F7A39C3863F4D6A216F4478231FD999C.d.FADC8A666764F50321A92FD12CB60C81.e.5949","ELEMENT":"f.F7A39C3863F4D6A216F4478231FD999C.d.FADC8A666764F50321A92FD12CB60C81.e.5949"}]}
COMMAND: POST /session/298a9cc2a40484f0c35b17e60ac53e2a/element - {"using":"xpath","value":"//span[contains(@title, \"Remove\")]"}
COMMAND: GET /session/298a9cc2a40484f0c35b17e60ac53e2a/screenshot - {}
RESULT: {"using":"xpath","value":"//span[contains(@title, \"Remove\")]"}
COMMAND: POST /session/298a9cc2a40484f0c35b17e60ac53e2a/element/f.F7A39C3863F4D6A216F4478231FD999C.d.FADC8A666764F50321A92FD12CB60C81.e.6526/click - {}
RESULT: {}
RESULT: {}
COMMAND: GET /session/298a9cc2a40484f0c35b17e60ac53e2a/screenshot - {}
RESULT: {}
COMMAND: POST /session/298a9cc2a40484f0c35b17e60ac53e2a/execute/async - {"script":"<script> [1562 bytes]","args":[{"selector":{"id":"application-managepartners-display-component---masterPtm--partnerTypes-arrow"},"wdio_ui5_key":"applicationmanagepartners-display-component---masterPtm--partnerTypes-arrow"}]}
RESULT: {"script":"<script> [1562 bytes]","args":[{"selector":{"id":"application-managepartners-display-component---masterPtm--partnerTypes-arrow"},"wdio_ui5_key":"applicationmanagepartners-display-component---masterPtm--partnerTypes-arrow"}]}
RESULT: undefined
COMMAND: POST /session/298a9cc2a40484f0c35b17e60ac53e2a/element - {"using":"xpath","value":"//*[@id=\"application-managepartners-display-component---masterPtm--partnerTypes-arrow\"]"}
RESULT: {"using":"xpath","value":"//*[@id=\"application-managepartners-display-component---masterPtm--partnerTypes-arrow\"]"}
COMMAND: POST /session/298a9cc2a40484f0c35b17e60ac53e2a/element/f.F7A39C3863F4D6A216F4478231FD999C.d.FADC8A666764F50321A92FD12CB60C81.e.6631/click - {}
RESULT: {}
COMMAND: GET /session/298a9cc2a40484f0c35b17e60ac53e2a/screenshot - {}
RESULT: {}
COMMAND: POST /session/298a9cc2a40484f0c35b17e60ac53e2a/element - {"using":"xpath","value":"//li[.//span[text()=\"External partner\"]]//div[contains(@class,\"sapMCbBg\")]"}
RESULT: {"using":"xpath","value":"//li[.//span[text()=\"External partner\"]]//div[contains(@class,\"sapMCbBg\")]"}
COMMAND: POST /session/298a9cc2a40484f0c35b17e60ac53e2a/element/f.F7A39C3863F4D6A216F4478231FD999C.d.FADC8A666764F50321A92FD12CB60C81.e.6634/click - {}
RESULT: {}
COMMAND: GET /session/298a9cc2a40484f0c35b17e60ac53e2a/screenshot - {}
RESULT: {}
COMMAND: POST /session/298a9cc2a40484f0c35b17e60ac53e2a/element - {"using":"xpath","value":"//div[contains(@id,\"application-managepartners-display-component---masterPtm--smartFilterBar-btnBasicSearch-search\")]"}
RESULT: {"using":"xpath","value":"//div[contains(@id,\"application-managepartners-display-component---masterPtm--smartFilterBar-btnBasicSearch-search\")]"}
COMMAND: POST /session/298a9cc2a40484f0c35b17e60ac53e2a/element/f.F7A39C3863F4D6A216F4478231FD999C.d.FADC8A666764F50321A92FD12CB60C81.e.6713/click - {}
RESULT: {}
COMMAND: GET /session/298a9cc2a40484f0c35b17e60ac53e2a/screenshot - {}
RESULT: {}
COMMAND: POST /session/298a9cc2a40484f0c35b17e60ac53e2a/element - {"using":"xpath","value":"//span[@id=\"application-managepartners-display-component---masterPtm--smartTable-header-inner\"]"}
RESULT: {"using":"xpath","value":"//span[@id=\"application-managepartners-display-component---masterPtm--smartTable-header-inner\"]"}
COMMAND: POST /session/298a9cc2a40484f0c35b17e60ac53e2a/elements - {"using":"xpath","value":"//span[@id=\"application-managepartners-display-component---masterPtm--smartTable-header-inner\"]"}
RESULT: {"using":"xpath","value":"//span[@id=\"application-managepartners-display-component---masterPtm--smartTable-header-inner\"]"}
COMMAND: POST /session/298a9cc2a40484f0c35b17e60ac53e2a/execute/sync - {"script":"<script> [56 bytes]","args":[{"element-6066-11e4-a52e-4f735466cecf":"f.F7A39C3863F4D6A216F4478231FD999C.d.FADC8A666764F50321A92FD12CB60C81.e.5949","ELEMENT":"f.F7A39C3863F4D6A216F4478231FD999C.d.FADC8A666764F50321A92FD12CB60C81.e.5949"}]}
RESULT: {"script":"<script> [56 bytes]","args":[{"element-6066-11e4-a52e-4f735466cecf":"f.F7A39C3863F4D6A216F4478231FD999C.d.FADC8A666764F50321A92FD12CB60C81.e.5949","ELEMENT":"f.F7A39C3863F4D6A216F4478231FD999C.d.FADC8A666764F50321A92FD12CB60C81.e.5949"}]}
COMMAND: POST /session/298a9cc2a40484f0c35b17e60ac53e2a/element - {"using":"xpath","value":"//span[contains(@title, \"Remove\")]"}
COMMAND: GET /session/298a9cc2a40484f0c35b17e60ac53e2a/screenshot - {}
RESULT: {"using":"xpath","value":"//span[contains(@title, \"Remove\")]"}
COMMAND: POST /session/298a9cc2a40484f0c35b17e60ac53e2a/element/f.F7A39C3863F4D6A216F4478231FD999C.d.FADC8A666764F50321A92FD12CB60C81.e.6715/click - {}
RESULT: {}
RESULT: {}
COMMAND: GET /session/298a9cc2a40484f0c35b17e60ac53e2a/screenshot - {}
RESULT: {}
COMMAND: POST /session/298a9cc2a40484f0c35b17e60ac53e2a/execute/async - {"script":"<script> [1562 bytes]","args":[{"selector":{"id":"application-managepartners-display-component---masterPtm--smartFilterBar-btnFilters","interaction":{"idSuffix":"BDI-content"}},"wdio_ui5_key":"applicationmanagepartners-display-component---masterPtm--smartFilterBar-btnFilters"}]}
RESULT: {"script":"<script> [1562 bytes]","args":[{"selector":{"id":"application-managepartners-display-component---masterPtm--smartFilterBar-btnFilters","interaction":{"idSuffix":"BDI-content"}},"wdio_ui5_key":"applicationmanagepartners-display-component---masterPtm--smartFilterBar-btnFilters"}]}
RESULT: undefined
COMMAND: POST /session/298a9cc2a40484f0c35b17e60ac53e2a/element - {"using":"xpath","value":"//*[@id=\"application-managepartners-display-component---masterPtm--smartFilterBar-btnFilters\"]"}
RESULT: {"using":"xpath","value":"//*[@id=\"application-managepartners-display-component---masterPtm--smartFilterBar-btnFilters\"]"}
COMMAND: POST /session/298a9cc2a40484f0c35b17e60ac53e2a/element/f.F7A39C3863F4D6A216F4478231FD999C.d.FADC8A666764F50321A92FD12CB60C81.e.5790/click - {}
RESULT: {}
COMMAND: GET /session/298a9cc2a40484f0c35b17e60ac53e2a/screenshot - {}
RESULT: {}
COMMAND: POST /session/298a9cc2a40484f0c35b17e60ac53e2a/elements - {"using":"xpath","value":"//table[contains(@id, \"listView-innerSelectionPanelTable-listUl\")]/tbody/tr"}
RESULT: {"using":"xpath","value":"//table[contains(@id, \"listView-innerSelectionPanelTable-listUl\")]/tbody/tr"}
COMMAND: POST /session/298a9cc2a40484f0c35b17e60ac53e2a/element - {"using":"xpath","value":"//table[contains(@id, \"listView-innerSelectionPanelTable-listUl\")]/tbody/tr[2]/td[2]/div/div"}
RESULT: {"using":"xpath","value":"//table[contains(@id, \"listView-innerSelectionPanelTable-listUl\")]/tbody/tr[2]/td[2]/div/div"}
COMMAND: POST /session/298a9cc2a40484f0c35b17e60ac53e2a/element - {"using":"xpath","value":"//table[contains(@id, \"listView-innerSelectionPanelTable-listUl\")]/tbody/tr[2]/td[2]/div"}
RESULT: {"using":"xpath","value":"//table[contains(@id, \"listView-innerSelectionPanelTable-listUl\")]/tbody/tr[2]/td[2]/div"}
COMMAND: POST /session/298a9cc2a40484f0c35b17e60ac53e2a/element - {"using":"xpath","value":"//table[contains(@id, \"listView-innerSelectionPanelTable-listUl\")]/tbody/tr[2]/td[3]/div/div/span/span[1]/bdi"}
RESULT: {"using":"xpath","value":"//table[contains(@id, \"listView-innerSelectionPanelTable-listUl\")]/tbody/tr[2]/td[3]/div/div/span/span[1]/bdi"}
COMMAND: POST /session/298a9cc2a40484f0c35b17e60ac53e2a/execute/sync - {"script":"<script> [56 bytes]","args":[{"element-6066-11e4-a52e-4f735466cecf":"f.F7A39C3863F4D6A216F4478231FD999C.d.FADC8A666764F50321A92FD12CB60C81.e.6822","ELEMENT":"f.F7A39C3863F4D6A216F4478231FD999C.d.FADC8A666764F50321A92FD12CB60C81.e.6822"}]}
RESULT: {"script":"<script> [56 bytes]","args":[{"element-6066-11e4-a52e-4f735466cecf":"f.F7A39C3863F4D6A216F4478231FD999C.d.FADC8A666764F50321A92FD12CB60C81.e.6822","ELEMENT":"f.F7A39C3863F4D6A216F4478231FD999C.d.FADC8A666764F50321A92FD12CB60C81.e.6822"}]}
COMMAND: GET /session/298a9cc2a40484f0c35b17e60ac53e2a/element/f.F7A39C3863F4D6A216F4478231FD999C.d.FADC8A666764F50321A92FD12CB60C81.e.6821/attribute/aria-checked - {}
COMMAND: GET /session/298a9cc2a40484f0c35b17e60ac53e2a/screenshot - {}
RESULT: {}
COMMAND: POST /session/298a9cc2a40484f0c35b17e60ac53e2a/element - {"using":"xpath","value":"//table[contains(@id, \"listView-innerSelectionPanelTable-listUl\")]/tbody/tr[3]/td[2]/div/div"}
RESULT: {}
RESULT: {"using":"xpath","value":"//table[contains(@id, \"listView-innerSelectionPanelTable-listUl\")]/tbody/tr[3]/td[2]/div/div"}
COMMAND: POST /session/298a9cc2a40484f0c35b17e60ac53e2a/element - {"using":"xpath","value":"//table[contains(@id, \"listView-innerSelectionPanelTable-listUl\")]/tbody/tr[3]/td[2]/div"}
RESULT: {"using":"xpath","value":"//table[contains(@id, \"listView-innerSelectionPanelTable-listUl\")]/tbody/tr[3]/td[2]/div"}
COMMAND: POST /session/298a9cc2a40484f0c35b17e60ac53e2a/element - {"using":"xpath","value":"//table[contains(@id, \"listView-innerSelectionPanelTable-listUl\")]/tbody/tr[3]/td[3]/div/div/span/span[1]/bdi"}
RESULT: {"using":"xpath","value":"//table[contains(@id, \"listView-innerSelectionPanelTable-listUl\")]/tbody/tr[3]/td[3]/div/div/span/span[1]/bdi"}
COMMAND: POST /session/298a9cc2a40484f0c35b17e60ac53e2a/execute/sync - {"script":"<script> [56 bytes]","args":[{"element-6066-11e4-a52e-4f735466cecf":"f.F7A39C3863F4D6A216F4478231FD999C.d.FADC8A666764F50321A92FD12CB60C81.e.6825","ELEMENT":"f.F7A39C3863F4D6A216F4478231FD999C.d.FADC8A666764F50321A92FD12CB60C81.e.6825"}]}
RESULT: {"script":"<script> [56 bytes]","args":[{"element-6066-11e4-a52e-4f735466cecf":"f.F7A39C3863F4D6A216F4478231FD999C.d.FADC8A666764F50321A92FD12CB60C81.e.6825","ELEMENT":"f.F7A39C3863F4D6A216F4478231FD999C.d.FADC8A666764F50321A92FD12CB60C81.e.6825"}]}
COMMAND: GET /session/298a9cc2a40484f0c35b17e60ac53e2a/element/f.F7A39C3863F4D6A216F4478231FD999C.d.FADC8A666764F50321A92FD12CB60C81.e.6824/attribute/aria-checked - {}
COMMAND: GET /session/298a9cc2a40484f0c35b17e60ac53e2a/screenshot - {}
RESULT: {}
COMMAND: POST /session/298a9cc2a40484f0c35b17e60ac53e2a/element - {"using":"xpath","value":"//table[contains(@id, \"listView-innerSelectionPanelTable-listUl\")]/tbody/tr[4]/td[2]/div/div"}
RESULT: {}
RESULT: {"using":"xpath","value":"//table[contains(@id, \"listView-innerSelectionPanelTable-listUl\")]/tbody/tr[4]/td[2]/div/div"}
COMMAND: POST /session/298a9cc2a40484f0c35b17e60ac53e2a/element - {"using":"xpath","value":"//table[contains(@id, \"listView-innerSelectionPanelTable-listUl\")]/tbody/tr[4]/td[2]/div"}
RESULT: {"using":"xpath","value":"//table[contains(@id, \"listView-innerSelectionPanelTable-listUl\")]/tbody/tr[4]/td[2]/div"}
COMMAND: POST /session/298a9cc2a40484f0c35b17e60ac53e2a/element - {"using":"xpath","value":"//table[contains(@id, \"listView-innerSelectionPanelTable-listUl\")]/tbody/tr[4]/td[3]/div/div/span/span[1]/bdi"}
RESULT: {"using":"xpath","value":"//table[contains(@id, \"listView-innerSelectionPanelTable-listUl\")]/tbody/tr[4]/td[3]/div/div/span/span[1]/bdi"}
COMMAND: POST /session/298a9cc2a40484f0c35b17e60ac53e2a/execute/sync - {"script":"<script> [56 bytes]","args":[{"element-6066-11e4-a52e-4f735466cecf":"f.F7A39C3863F4D6A216F4478231FD999C.d.FADC8A666764F50321A92FD12CB60C81.e.6828","ELEMENT":"f.F7A39C3863F4D6A216F4478231FD999C.d.FADC8A666764F50321A92FD12CB60C81.e.6828"}]}
RESULT: {"script":"<script> [56 bytes]","args":[{"element-6066-11e4-a52e-4f735466cecf":"f.F7A39C3863F4D6A216F4478231FD999C.d.FADC8A666764F50321A92FD12CB60C81.e.6828","ELEMENT":"f.F7A39C3863F4D6A216F4478231FD999C.d.FADC8A666764F50321A92FD12CB60C81.e.6828"}]}
COMMAND: GET /session/298a9cc2a40484f0c35b17e60ac53e2a/element/f.F7A39C3863F4D6A216F4478231FD999C.d.FADC8A666764F50321A92FD12CB60C81.e.6827/attribute/aria-checked - {}
COMMAND: GET /session/298a9cc2a40484f0c35b17e60ac53e2a/screenshot - {}
RESULT: {}
COMMAND: POST /session/298a9cc2a40484f0c35b17e60ac53e2a/element - {"using":"xpath","value":"//table[contains(@id, \"listView-innerSelectionPanelTable-listUl\")]/tbody/tr[5]/td[2]/div/div"}
RESULT: {}
RESULT: {"using":"xpath","value":"//table[contains(@id, \"listView-innerSelectionPanelTable-listUl\")]/tbody/tr[5]/td[2]/div/div"}
COMMAND: POST /session/298a9cc2a40484f0c35b17e60ac53e2a/element - {"using":"xpath","value":"//table[contains(@id, \"listView-innerSelectionPanelTable-listUl\")]/tbody/tr[5]/td[2]/div"}
RESULT: {"using":"xpath","value":"//table[contains(@id, \"listView-innerSelectionPanelTable-listUl\")]/tbody/tr[5]/td[2]/div"}
COMMAND: POST /session/298a9cc2a40484f0c35b17e60ac53e2a/element - {"using":"xpath","value":"//table[contains(@id, \"listView-innerSelectionPanelTable-listUl\")]/tbody/tr[5]/td[3]/div/div/span/span[1]/bdi"}
RESULT: {"using":"xpath","value":"//table[contains(@id, \"listView-innerSelectionPanelTable-listUl\")]/tbody/tr[5]/td[3]/div/div/span/span[1]/bdi"}
COMMAND: POST /session/298a9cc2a40484f0c35b17e60ac53e2a/execute/sync - {"script":"<script> [56 bytes]","args":[{"element-6066-11e4-a52e-4f735466cecf":"f.F7A39C3863F4D6A216F4478231FD999C.d.FADC8A666764F50321A92FD12CB60C81.e.6831","ELEMENT":"f.F7A39C3863F4D6A216F4478231FD999C.d.FADC8A666764F50321A92FD12CB60C81.e.6831"}]}
RESULT: {"script":"<script> [56 bytes]","args":[{"element-6066-11e4-a52e-4f735466cecf":"f.F7A39C3863F4D6A216F4478231FD999C.d.FADC8A666764F50321A92FD12CB60C81.e.6831","ELEMENT":"f.F7A39C3863F4D6A216F4478231FD999C.d.FADC8A666764F50321A92FD12CB60C81.e.6831"}]}
COMMAND: GET /session/298a9cc2a40484f0c35b17e60ac53e2a/element/f.F7A39C3863F4D6A216F4478231FD999C.d.FADC8A666764F50321A92FD12CB60C81.e.6830/attribute/aria-checked - {}
COMMAND: GET /session/298a9cc2a40484f0c35b17e60ac53e2a/screenshot - {}
RESULT: {}
COMMAND: POST /session/298a9cc2a40484f0c35b17e60ac53e2a/element - {"using":"xpath","value":"//table[contains(@id, \"listView-innerSelectionPanelTable-listUl\")]/tbody/tr[6]/td[2]/div/div"}
RESULT: {}
RESULT: {"using":"xpath","value":"//table[contains(@id, \"listView-innerSelectionPanelTable-listUl\")]/tbody/tr[6]/td[2]/div/div"}
COMMAND: POST /session/298a9cc2a40484f0c35b17e60ac53e2a/element - {"using":"xpath","value":"//table[contains(@id, \"listView-innerSelectionPanelTable-listUl\")]/tbody/tr[6]/td[2]/div"}
RESULT: {"using":"xpath","value":"//table[contains(@id, \"listView-innerSelectionPanelTable-listUl\")]/tbody/tr[6]/td[2]/div"}
COMMAND: POST /session/298a9cc2a40484f0c35b17e60ac53e2a/element - {"using":"xpath","value":"//table[contains(@id, \"listView-innerSelectionPanelTable-listUl\")]/tbody/tr[6]/td[3]/div/div/span/span[1]/bdi"}
RESULT: {"using":"xpath","value":"//table[contains(@id, \"listView-innerSelectionPanelTable-listUl\")]/tbody/tr[6]/td[3]/div/div/span/span[1]/bdi"}
COMMAND: POST /session/298a9cc2a40484f0c35b17e60ac53e2a/execute/sync - {"script":"<script> [56 bytes]","args":[{"element-6066-11e4-a52e-4f735466cecf":"f.F7A39C3863F4D6A216F4478231FD999C.d.FADC8A666764F50321A92FD12CB60C81.e.6834","ELEMENT":"f.F7A39C3863F4D6A216F4478231FD999C.d.FADC8A666764F50321A92FD12CB60C81.e.6834"}]}
RESULT: {"script":"<script> [56 bytes]","args":[{"element-6066-11e4-a52e-4f735466cecf":"f.F7A39C3863F4D6A216F4478231FD999C.d.FADC8A666764F50321A92FD12CB60C81.e.6834","ELEMENT":"f.F7A39C3863F4D6A216F4478231FD999C.d.FADC8A666764F50321A92FD12CB60C81.e.6834"}]}
COMMAND: GET /session/298a9cc2a40484f0c35b17e60ac53e2a/element/f.F7A39C3863F4D6A216F4478231FD999C.d.FADC8A666764F50321A92FD12CB60C81.e.6833/attribute/aria-checked - {}
COMMAND: GET /session/298a9cc2a40484f0c35b17e60ac53e2a/screenshot - {}
RESULT: {}
COMMAND: POST /session/298a9cc2a40484f0c35b17e60ac53e2a/element - {"using":"xpath","value":"//table[contains(@id, \"listView-innerSelectionPanelTable-listUl\")]/tbody/tr[7]/td[2]/div/div"}
RESULT: {}
RESULT: {"using":"xpath","value":"//table[contains(@id, \"listView-innerSelectionPanelTable-listUl\")]/tbody/tr[7]/td[2]/div/div"}
COMMAND: POST /session/298a9cc2a40484f0c35b17e60ac53e2a/element - {"using":"xpath","value":"//table[contains(@id, \"listView-innerSelectionPanelTable-listUl\")]/tbody/tr[7]/td[2]/div"}
RESULT: {"using":"xpath","value":"//table[contains(@id, \"listView-innerSelectionPanelTable-listUl\")]/tbody/tr[7]/td[2]/div"}
COMMAND: POST /session/298a9cc2a40484f0c35b17e60ac53e2a/element - {"using":"xpath","value":"//table[contains(@id, \"listView-innerSelectionPanelTable-listUl\")]/tbody/tr[7]/td[3]/div/div/span/span[1]/bdi"}
RESULT: {"using":"xpath","value":"//table[contains(@id, \"listView-innerSelectionPanelTable-listUl\")]/tbody/tr[7]/td[3]/div/div/span/span[1]/bdi"}
COMMAND: POST /session/298a9cc2a40484f0c35b17e60ac53e2a/execute/sync - {"script":"<script> [56 bytes]","args":[{"element-6066-11e4-a52e-4f735466cecf":"f.F7A39C3863F4D6A216F4478231FD999C.d.FADC8A666764F50321A92FD12CB60C81.e.6837","ELEMENT":"f.F7A39C3863F4D6A216F4478231FD999C.d.FADC8A666764F50321A92FD12CB60C81.e.6837"}]}
RESULT: {"script":"<script> [56 bytes]","args":[{"element-6066-11e4-a52e-4f735466cecf":"f.F7A39C3863F4D6A216F4478231FD999C.d.FADC8A666764F50321A92FD12CB60C81.e.6837","ELEMENT":"f.F7A39C3863F4D6A216F4478231FD999C.d.FADC8A666764F50321A92FD12CB60C81.e.6837"}]}
COMMAND: GET /session/298a9cc2a40484f0c35b17e60ac53e2a/element/f.F7A39C3863F4D6A216F4478231FD999C.d.FADC8A666764F50321A92FD12CB60C81.e.6836/attribute/aria-checked - {}
COMMAND: GET /session/298a9cc2a40484f0c35b17e60ac53e2a/screenshot - {}
RESULT: {}
COMMAND: POST /session/298a9cc2a40484f0c35b17e60ac53e2a/element - {"using":"xpath","value":"//table[contains(@id, \"listView-innerSelectionPanelTable-listUl\")]/tbody/tr[8]/td[2]/div/div"}
RESULT: {}
RESULT: {"using":"xpath","value":"//table[contains(@id, \"listView-innerSelectionPanelTable-listUl\")]/tbody/tr[8]/td[2]/div/div"}
COMMAND: POST /session/298a9cc2a40484f0c35b17e60ac53e2a/element - {"using":"xpath","value":"//table[contains(@id, \"listView-innerSelectionPanelTable-listUl\")]/tbody/tr[8]/td[2]/div"}
RESULT: {"using":"xpath","value":"//table[contains(@id, \"listView-innerSelectionPanelTable-listUl\")]/tbody/tr[8]/td[2]/div"}
COMMAND: POST /session/298a9cc2a40484f0c35b17e60ac53e2a/element - {"using":"xpath","value":"//table[contains(@id, \"listView-innerSelectionPanelTable-listUl\")]/tbody/tr[8]/td[3]/div/div/span/span[1]/bdi"}
RESULT: {"using":"xpath","value":"//table[contains(@id, \"listView-innerSelectionPanelTable-listUl\")]/tbody/tr[8]/td[3]/div/div/span/span[1]/bdi"}
COMMAND: POST /session/298a9cc2a40484f0c35b17e60ac53e2a/execute/sync - {"script":"<script> [56 bytes]","args":[{"element-6066-11e4-a52e-4f735466cecf":"f.F7A39C3863F4D6A216F4478231FD999C.d.FADC8A666764F50321A92FD12CB60C81.e.6840","ELEMENT":"f.F7A39C3863F4D6A216F4478231FD999C.d.FADC8A666764F50321A92FD12CB60C81.e.6840"}]}
RESULT: {"script":"<script> [56 bytes]","args":[{"element-6066-11e4-a52e-4f735466cecf":"f.F7A39C3863F4D6A216F4478231FD999C.d.FADC8A666764F50321A92FD12CB60C81.e.6840","ELEMENT":"f.F7A39C3863F4D6A216F4478231FD999C.d.FADC8A666764F50321A92FD12CB60C81.e.6840"}]}
COMMAND: GET /session/298a9cc2a40484f0c35b17e60ac53e2a/element/f.F7A39C3863F4D6A216F4478231FD999C.d.FADC8A666764F50321A92FD12CB60C81.e.6839/attribute/aria-checked - {}
COMMAND: GET /session/298a9cc2a40484f0c35b17e60ac53e2a/screenshot - {}
RESULT: {}
COMMAND: POST /session/298a9cc2a40484f0c35b17e60ac53e2a/element - {"using":"xpath","value":"//table[contains(@id, \"listView-innerSelectionPanelTable-listUl\")]/tbody/tr[9]/td[2]/div/div"}
RESULT: {}
RESULT: {"using":"xpath","value":"//table[contains(@id, \"listView-innerSelectionPanelTable-listUl\")]/tbody/tr[9]/td[2]/div/div"}
COMMAND: POST /session/298a9cc2a40484f0c35b17e60ac53e2a/element - {"using":"xpath","value":"//table[contains(@id, \"listView-innerSelectionPanelTable-listUl\")]/tbody/tr[9]/td[2]/div"}
RESULT: {"using":"xpath","value":"//table[contains(@id, \"listView-innerSelectionPanelTable-listUl\")]/tbody/tr[9]/td[2]/div"}
COMMAND: POST /session/298a9cc2a40484f0c35b17e60ac53e2a/element - {"using":"xpath","value":"//table[contains(@id, \"listView-innerSelectionPanelTable-listUl\")]/tbody/tr[9]/td[3]/div/div/span/span[1]/bdi"}
RESULT: {"using":"xpath","value":"//table[contains(@id, \"listView-innerSelectionPanelTable-listUl\")]/tbody/tr[9]/td[3]/div/div/span/span[1]/bdi"}
COMMAND: POST /session/298a9cc2a40484f0c35b17e60ac53e2a/execute/sync - {"script":"<script> [56 bytes]","args":[{"element-6066-11e4-a52e-4f735466cecf":"f.F7A39C3863F4D6A216F4478231FD999C.d.FADC8A666764F50321A92FD12CB60C81.e.6843","ELEMENT":"f.F7A39C3863F4D6A216F4478231FD999C.d.FADC8A666764F50321A92FD12CB60C81.e.6843"}]}
RESULT: {"script":"<script> [56 bytes]","args":[{"element-6066-11e4-a52e-4f735466cecf":"f.F7A39C3863F4D6A216F4478231FD999C.d.FADC8A666764F50321A92FD12CB60C81.e.6843","ELEMENT":"f.F7A39C3863F4D6A216F4478231FD999C.d.FADC8A666764F50321A92FD12CB60C81.e.6843"}]}
COMMAND: GET /session/298a9cc2a40484f0c35b17e60ac53e2a/element/f.F7A39C3863F4D6A216F4478231FD999C.d.FADC8A666764F50321A92FD12CB60C81.e.6842/attribute/aria-checked - {}
COMMAND: GET /session/298a9cc2a40484f0c35b17e60ac53e2a/screenshot - {}
RESULT: {}
COMMAND: POST /session/298a9cc2a40484f0c35b17e60ac53e2a/element - {"using":"xpath","value":"//table[contains(@id, \"listView-innerSelectionPanelTable-listUl\")]/tbody/tr[10]/td[2]/div/div"}
RESULT: {}
RESULT: {"using":"xpath","value":"//table[contains(@id, \"listView-innerSelectionPanelTable-listUl\")]/tbody/tr[10]/td[2]/div/div"}
COMMAND: POST /session/298a9cc2a40484f0c35b17e60ac53e2a/element - {"using":"xpath","value":"//table[contains(@id, \"listView-innerSelectionPanelTable-listUl\")]/tbody/tr[10]/td[2]/div"}
RESULT: {"using":"xpath","value":"//table[contains(@id, \"listView-innerSelectionPanelTable-listUl\")]/tbody/tr[10]/td[2]/div"}
COMMAND: POST /session/298a9cc2a40484f0c35b17e60ac53e2a/element - {"using":"xpath","value":"//table[contains(@id, \"listView-innerSelectionPanelTable-listUl\")]/tbody/tr[10]/td[3]/div/div/span/span[1]/bdi"}
RESULT: {"using":"xpath","value":"//table[contains(@id, \"listView-innerSelectionPanelTable-listUl\")]/tbody/tr[10]/td[3]/div/div/span/span[1]/bdi"}
COMMAND: POST /session/298a9cc2a40484f0c35b17e60ac53e2a/execute/sync - {"script":"<script> [56 bytes]","args":[{"element-6066-11e4-a52e-4f735466cecf":"f.F7A39C3863F4D6A216F4478231FD999C.d.FADC8A666764F50321A92FD12CB60C81.e.6846","ELEMENT":"f.F7A39C3863F4D6A216F4478231FD999C.d.FADC8A666764F50321A92FD12CB60C81.e.6846"}]}
RESULT: {"script":"<script> [56 bytes]","args":[{"element-6066-11e4-a52e-4f735466cecf":"f.F7A39C3863F4D6A216F4478231FD999C.d.FADC8A666764F50321A92FD12CB60C81.e.6846","ELEMENT":"f.F7A39C3863F4D6A216F4478231FD999C.d.FADC8A666764F50321A92FD12CB60C81.e.6846"}]}
COMMAND: GET /session/298a9cc2a40484f0c35b17e60ac53e2a/element/f.F7A39C3863F4D6A216F4478231FD999C.d.FADC8A666764F50321A92FD12CB60C81.e.6845/attribute/aria-checked - {}
COMMAND: GET /session/298a9cc2a40484f0c35b17e60ac53e2a/screenshot - {}
RESULT: {}
COMMAND: POST /session/298a9cc2a40484f0c35b17e60ac53e2a/element - {"using":"xpath","value":"//table[contains(@id, \"listView-innerSelectionPanelTable-listUl\")]/tbody/tr[11]/td[2]/div/div"}
RESULT: {}
RESULT: {"using":"xpath","value":"//table[contains(@id, \"listView-innerSelectionPanelTable-listUl\")]/tbody/tr[11]/td[2]/div/div"}
COMMAND: POST /session/298a9cc2a40484f0c35b17e60ac53e2a/element - {"using":"xpath","value":"//table[contains(@id, \"listView-innerSelectionPanelTable-listUl\")]/tbody/tr[11]/td[2]/div"}
RESULT: {"using":"xpath","value":"//table[contains(@id, \"listView-innerSelectionPanelTable-listUl\")]/tbody/tr[11]/td[2]/div"}
COMMAND: POST /session/298a9cc2a40484f0c35b17e60ac53e2a/element - {"using":"xpath","value":"//table[contains(@id, \"listView-innerSelectionPanelTable-listUl\")]/tbody/tr[11]/td[3]/div/div/span/span[1]/bdi"}
RESULT: {"using":"xpath","value":"//table[contains(@id, \"listView-innerSelectionPanelTable-listUl\")]/tbody/tr[11]/td[3]/div/div/span/span[1]/bdi"}
COMMAND: POST /session/298a9cc2a40484f0c35b17e60ac53e2a/execute/sync - {"script":"<script> [56 bytes]","args":[{"element-6066-11e4-a52e-4f735466cecf":"f.F7A39C3863F4D6A216F4478231FD999C.d.FADC8A666764F50321A92FD12CB60C81.e.6849","ELEMENT":"f.F7A39C3863F4D6A216F4478231FD999C.d.FADC8A666764F50321A92FD12CB60C81.e.6849"}]}
RESULT: {"script":"<script> [56 bytes]","args":[{"element-6066-11e4-a52e-4f735466cecf":"f.F7A39C3863F4D6A216F4478231FD999C.d.FADC8A666764F50321A92FD12CB60C81.e.6849","ELEMENT":"f.F7A39C3863F4D6A216F4478231FD999C.d.FADC8A666764F50321A92FD12CB60C81.e.6849"}]}
COMMAND: GET /session/298a9cc2a40484f0c35b17e60ac53e2a/element/f.F7A39C3863F4D6A216F4478231FD999C.d.FADC8A666764F50321A92FD12CB60C81.e.6848/attribute/aria-checked - {}
COMMAND: GET /session/298a9cc2a40484f0c35b17e60ac53e2a/screenshot - {}
RESULT: {}
COMMAND: POST /session/298a9cc2a40484f0c35b17e60ac53e2a/element - {"using":"xpath","value":"//table[contains(@id, \"listView-innerSelectionPanelTable-listUl\")]/tbody/tr[12]/td[2]/div/div"}
RESULT: {}
RESULT: {"using":"xpath","value":"//table[contains(@id, \"listView-innerSelectionPanelTable-listUl\")]/tbody/tr[12]/td[2]/div/div"}
COMMAND: POST /session/298a9cc2a40484f0c35b17e60ac53e2a/element - {"using":"xpath","value":"//table[contains(@id, \"listView-innerSelectionPanelTable-listUl\")]/tbody/tr[12]/td[2]/div"}
RESULT: {"using":"xpath","value":"//table[contains(@id, \"listView-innerSelectionPanelTable-listUl\")]/tbody/tr[12]/td[2]/div"}
COMMAND: POST /session/298a9cc2a40484f0c35b17e60ac53e2a/element - {"using":"xpath","value":"//table[contains(@id, \"listView-innerSelectionPanelTable-listUl\")]/tbody/tr[12]/td[3]/div/div/span/span[1]/bdi"}
RESULT: {"using":"xpath","value":"//table[contains(@id, \"listView-innerSelectionPanelTable-listUl\")]/tbody/tr[12]/td[3]/div/div/span/span[1]/bdi"}
COMMAND: POST /session/298a9cc2a40484f0c35b17e60ac53e2a/execute/sync - {"script":"<script> [56 bytes]","args":[{"element-6066-11e4-a52e-4f735466cecf":"f.F7A39C3863F4D6A216F4478231FD999C.d.FADC8A666764F50321A92FD12CB60C81.e.6852","ELEMENT":"f.F7A39C3863F4D6A216F4478231FD999C.d.FADC8A666764F50321A92FD12CB60C81.e.6852"}]}
RESULT: {"script":"<script> [56 bytes]","args":[{"element-6066-11e4-a52e-4f735466cecf":"f.F7A39C3863F4D6A216F4478231FD999C.d.FADC8A666764F50321A92FD12CB60C81.e.6852","ELEMENT":"f.F7A39C3863F4D6A216F4478231FD999C.d.FADC8A666764F50321A92FD12CB60C81.e.6852"}]}
COMMAND: GET /session/298a9cc2a40484f0c35b17e60ac53e2a/element/f.F7A39C3863F4D6A216F4478231FD999C.d.FADC8A666764F50321A92FD12CB60C81.e.6851/attribute/aria-checked - {}
COMMAND: GET /session/298a9cc2a40484f0c35b17e60ac53e2a/screenshot - {}
RESULT: {}
COMMAND: POST /session/298a9cc2a40484f0c35b17e60ac53e2a/element - {"using":"xpath","value":"//table[contains(@id, \"listView-innerSelectionPanelTable-listUl\")]/tbody/tr[13]/td[2]/div/div"}
RESULT: {}
RESULT: {"using":"xpath","value":"//table[contains(@id, \"listView-innerSelectionPanelTable-listUl\")]/tbody/tr[13]/td[2]/div/div"}
COMMAND: POST /session/298a9cc2a40484f0c35b17e60ac53e2a/element - {"using":"xpath","value":"//table[contains(@id, \"listView-innerSelectionPanelTable-listUl\")]/tbody/tr[13]/td[2]/div"}
RESULT: {"using":"xpath","value":"//table[contains(@id, \"listView-innerSelectionPanelTable-listUl\")]/tbody/tr[13]/td[2]/div"}
COMMAND: POST /session/298a9cc2a40484f0c35b17e60ac53e2a/element - {"using":"xpath","value":"//table[contains(@id, \"listView-innerSelectionPanelTable-listUl\")]/tbody/tr[13]/td[3]/div/div/span/span[1]/bdi"}
RESULT: {"using":"xpath","value":"//table[contains(@id, \"listView-innerSelectionPanelTable-listUl\")]/tbody/tr[13]/td[3]/div/div/span/span[1]/bdi"}
COMMAND: POST /session/298a9cc2a40484f0c35b17e60ac53e2a/execute/sync - {"script":"<script> [56 bytes]","args":[{"element-6066-11e4-a52e-4f735466cecf":"f.F7A39C3863F4D6A216F4478231FD999C.d.FADC8A666764F50321A92FD12CB60C81.e.6855","ELEMENT":"f.F7A39C3863F4D6A216F4478231FD999C.d.FADC8A666764F50321A92FD12CB60C81.e.6855"}]}
RESULT: {"script":"<script> [56 bytes]","args":[{"element-6066-11e4-a52e-4f735466cecf":"f.F7A39C3863F4D6A216F4478231FD999C.d.FADC8A666764F50321A92FD12CB60C81.e.6855","ELEMENT":"f.F7A39C3863F4D6A216F4478231FD999C.d.FADC8A666764F50321A92FD12CB60C81.e.6855"}]}
COMMAND: GET /session/298a9cc2a40484f0c35b17e60ac53e2a/element/f.F7A39C3863F4D6A216F4478231FD999C.d.FADC8A666764F50321A92FD12CB60C81.e.6854/attribute/aria-checked - {}
COMMAND: GET /session/298a9cc2a40484f0c35b17e60ac53e2a/screenshot - {}
RESULT: {}
COMMAND: POST /session/298a9cc2a40484f0c35b17e60ac53e2a/element - {"using":"xpath","value":"//table[contains(@id, \"listView-innerSelectionPanelTable-listUl\")]/tbody/tr[14]/td[2]/div/div"}
COMMAND: POST /session/298a9cc2a40484f0c35b17e60ac53e2a/element/f.F7A39C3863F4D6A216F4478231FD999C.d.FADC8A666764F50321A92FD12CB60C81.e.6853/click - {}
RESULT: {}
RESULT: {}
COMMAND: GET /session/298a9cc2a40484f0c35b17e60ac53e2a/screenshot - {}
RESULT: {"using":"xpath","value":"//table[contains(@id, \"listView-innerSelectionPanelTable-listUl\")]/tbody/tr[14]/td[2]/div/div"}
COMMAND: POST /session/298a9cc2a40484f0c35b17e60ac53e2a/element - {"using":"xpath","value":"//table[contains(@id, \"listView-innerSelectionPanelTable-listUl\")]/tbody/tr[14]/td[2]/div"}
RESULT: {}
RESULT: {"using":"xpath","value":"//table[contains(@id, \"listView-innerSelectionPanelTable-listUl\")]/tbody/tr[14]/td[2]/div"}
COMMAND: POST /session/298a9cc2a40484f0c35b17e60ac53e2a/element - {"using":"xpath","value":"//table[contains(@id, \"listView-innerSelectionPanelTable-listUl\")]/tbody/tr[14]/td[3]/div/div/span/span[1]/bdi"}
RESULT: {"using":"xpath","value":"//table[contains(@id, \"listView-innerSelectionPanelTable-listUl\")]/tbody/tr[14]/td[3]/div/div/span/span[1]/bdi"}
COMMAND: POST /session/298a9cc2a40484f0c35b17e60ac53e2a/execute/sync - {"script":"<script> [56 bytes]","args":[{"element-6066-11e4-a52e-4f735466cecf":"f.F7A39C3863F4D6A216F4478231FD999C.d.FADC8A666764F50321A92FD12CB60C81.e.6859","ELEMENT":"f.F7A39C3863F4D6A216F4478231FD999C.d.FADC8A666764F50321A92FD12CB60C81.e.6859"}]}
RESULT: {"script":"<script> [56 bytes]","args":[{"element-6066-11e4-a52e-4f735466cecf":"f.F7A39C3863F4D6A216F4478231FD999C.d.FADC8A666764F50321A92FD12CB60C81.e.6859","ELEMENT":"f.F7A39C3863F4D6A216F4478231FD999C.d.FADC8A666764F50321A92FD12CB60C81.e.6859"}]}
COMMAND: GET /session/298a9cc2a40484f0c35b17e60ac53e2a/element/f.F7A39C3863F4D6A216F4478231FD999C.d.FADC8A666764F50321A92FD12CB60C81.e.6858/attribute/aria-checked - {}
COMMAND: GET /session/298a9cc2a40484f0c35b17e60ac53e2a/screenshot - {}
RESULT: {}
COMMAND: POST /session/298a9cc2a40484f0c35b17e60ac53e2a/element - {"using":"xpath","value":"//table[contains(@id, \"listView-innerSelectionPanelTable-listUl\")]/tbody/tr[15]/td[2]/div/div"}
RESULT: {}
RESULT: {"using":"xpath","value":"//table[contains(@id, \"listView-innerSelectionPanelTable-listUl\")]/tbody/tr[15]/td[2]/div/div"}
COMMAND: POST /session/298a9cc2a40484f0c35b17e60ac53e2a/element - {"using":"xpath","value":"//table[contains(@id, \"listView-innerSelectionPanelTable-listUl\")]/tbody/tr[15]/td[2]/div"}
RESULT: {"using":"xpath","value":"//table[contains(@id, \"listView-innerSelectionPanelTable-listUl\")]/tbody/tr[15]/td[2]/div"}
COMMAND: POST /session/298a9cc2a40484f0c35b17e60ac53e2a/element - {"using":"xpath","value":"//table[contains(@id, \"listView-innerSelectionPanelTable-listUl\")]/tbody/tr[15]/td[3]/div/div/span/span[1]/bdi"}
RESULT: {"using":"xpath","value":"//table[contains(@id, \"listView-innerSelectionPanelTable-listUl\")]/tbody/tr[15]/td[3]/div/div/span/span[1]/bdi"}
COMMAND: POST /session/298a9cc2a40484f0c35b17e60ac53e2a/execute/sync - {"script":"<script> [56 bytes]","args":[{"element-6066-11e4-a52e-4f735466cecf":"f.F7A39C3863F4D6A216F4478231FD999C.d.FADC8A666764F50321A92FD12CB60C81.e.6862","ELEMENT":"f.F7A39C3863F4D6A216F4478231FD999C.d.FADC8A666764F50321A92FD12CB60C81.e.6862"}]}
RESULT: {"script":"<script> [56 bytes]","args":[{"element-6066-11e4-a52e-4f735466cecf":"f.F7A39C3863F4D6A216F4478231FD999C.d.FADC8A666764F50321A92FD12CB60C81.e.6862","ELEMENT":"f.F7A39C3863F4D6A216F4478231FD999C.d.FADC8A666764F50321A92FD12CB60C81.e.6862"}]}
COMMAND: GET /session/298a9cc2a40484f0c35b17e60ac53e2a/element/f.F7A39C3863F4D6A216F4478231FD999C.d.FADC8A666764F50321A92FD12CB60C81.e.6861/attribute/aria-checked - {}
COMMAND: GET /session/298a9cc2a40484f0c35b17e60ac53e2a/screenshot - {}
RESULT: {}
COMMAND: POST /session/298a9cc2a40484f0c35b17e60ac53e2a/element - {"using":"xpath","value":"//table[contains(@id, \"listView-innerSelectionPanelTable-listUl\")]/tbody/tr[16]/td[2]/div/div"}
RESULT: {}
RESULT: {"using":"xpath","value":"//table[contains(@id, \"listView-innerSelectionPanelTable-listUl\")]/tbody/tr[16]/td[2]/div/div"}
COMMAND: POST /session/298a9cc2a40484f0c35b17e60ac53e2a/element - {"using":"xpath","value":"//table[contains(@id, \"listView-innerSelectionPanelTable-listUl\")]/tbody/tr[16]/td[2]/div"}
RESULT: {"using":"xpath","value":"//table[contains(@id, \"listView-innerSelectionPanelTable-listUl\")]/tbody/tr[16]/td[2]/div"}
COMMAND: POST /session/298a9cc2a40484f0c35b17e60ac53e2a/element - {"using":"xpath","value":"//table[contains(@id, \"listView-innerSelectionPanelTable-listUl\")]/tbody/tr[16]/td[3]/div/div/span/span[1]/bdi"}
RESULT: {"using":"xpath","value":"//table[contains(@id, \"listView-innerSelectionPanelTable-listUl\")]/tbody/tr[16]/td[3]/div/div/span/span[1]/bdi"}
COMMAND: POST /session/298a9cc2a40484f0c35b17e60ac53e2a/execute/sync - {"script":"<script> [56 bytes]","args":[{"element-6066-11e4-a52e-4f735466cecf":"f.F7A39C3863F4D6A216F4478231FD999C.d.FADC8A666764F50321A92FD12CB60C81.e.6865","ELEMENT":"f.F7A39C3863F4D6A216F4478231FD999C.d.FADC8A666764F50321A92FD12CB60C81.e.6865"}]}
RESULT: {"script":"<script> [56 bytes]","args":[{"element-6066-11e4-a52e-4f735466cecf":"f.F7A39C3863F4D6A216F4478231FD999C.d.FADC8A666764F50321A92FD12CB60C81.e.6865","ELEMENT":"f.F7A39C3863F4D6A216F4478231FD999C.d.FADC8A666764F50321A92FD12CB60C81.e.6865"}]}
COMMAND: GET /session/298a9cc2a40484f0c35b17e60ac53e2a/element/f.F7A39C3863F4D6A216F4478231FD999C.d.FADC8A666764F50321A92FD12CB60C81.e.6864/attribute/aria-checked - {}
COMMAND: GET /session/298a9cc2a40484f0c35b17e60ac53e2a/screenshot - {}
RESULT: {}
COMMAND: POST /session/298a9cc2a40484f0c35b17e60ac53e2a/element - {"using":"xpath","value":"//table[contains(@id, \"listView-innerSelectionPanelTable-listUl\")]/tbody/tr[17]/td[2]/div/div"}
RESULT: {}
RESULT: {"using":"xpath","value":"//table[contains(@id, \"listView-innerSelectionPanelTable-listUl\")]/tbody/tr[17]/td[2]/div/div"}
COMMAND: POST /session/298a9cc2a40484f0c35b17e60ac53e2a/element - {"using":"xpath","value":"//table[contains(@id, \"listView-innerSelectionPanelTable-listUl\")]/tbody/tr[17]/td[2]/div"}
RESULT: {"using":"xpath","value":"//table[contains(@id, \"listView-innerSelectionPanelTable-listUl\")]/tbody/tr[17]/td[2]/div"}
COMMAND: POST /session/298a9cc2a40484f0c35b17e60ac53e2a/element - {"using":"xpath","value":"//table[contains(@id, \"listView-innerSelectionPanelTable-listUl\")]/tbody/tr[17]/td[3]/div/div/span/span[1]/bdi"}
RESULT: {"using":"xpath","value":"//table[contains(@id, \"listView-innerSelectionPanelTable-listUl\")]/tbody/tr[17]/td[3]/div/div/span/span[1]/bdi"}
COMMAND: POST /session/298a9cc2a40484f0c35b17e60ac53e2a/execute/sync - {"script":"<script> [56 bytes]","args":[{"element-6066-11e4-a52e-4f735466cecf":"f.F7A39C3863F4D6A216F4478231FD999C.d.FADC8A666764F50321A92FD12CB60C81.e.6868","ELEMENT":"f.F7A39C3863F4D6A216F4478231FD999C.d.FADC8A666764F50321A92FD12CB60C81.e.6868"}]}
RESULT: {"script":"<script> [56 bytes]","args":[{"element-6066-11e4-a52e-4f735466cecf":"f.F7A39C3863F4D6A216F4478231FD999C.d.FADC8A666764F50321A92FD12CB60C81.e.6868","ELEMENT":"f.F7A39C3863F4D6A216F4478231FD999C.d.FADC8A666764F50321A92FD12CB60C81.e.6868"}]}
COMMAND: GET /session/298a9cc2a40484f0c35b17e60ac53e2a/element/f.F7A39C3863F4D6A216F4478231FD999C.d.FADC8A666764F50321A92FD12CB60C81.e.6867/attribute/aria-checked - {}
COMMAND: GET /session/298a9cc2a40484f0c35b17e60ac53e2a/screenshot - {}
RESULT: {}
COMMAND: POST /session/298a9cc2a40484f0c35b17e60ac53e2a/element - {"using":"xpath","value":"//table[contains(@id, \"listView-innerSelectionPanelTable-listUl\")]/tbody/tr[18]/td[2]/div/div"}
RESULT: {}
RESULT: {"using":"xpath","value":"//table[contains(@id, \"listView-innerSelectionPanelTable-listUl\")]/tbody/tr[18]/td[2]/div/div"}
COMMAND: POST /session/298a9cc2a40484f0c35b17e60ac53e2a/element - {"using":"xpath","value":"//table[contains(@id, \"listView-innerSelectionPanelTable-listUl\")]/tbody/tr[18]/td[2]/div"}
RESULT: {"using":"xpath","value":"//table[contains(@id, \"listView-innerSelectionPanelTable-listUl\")]/tbody/tr[18]/td[2]/div"}
COMMAND: POST /session/298a9cc2a40484f0c35b17e60ac53e2a/element - {"using":"xpath","value":"//table[contains(@id, \"listView-innerSelectionPanelTable-listUl\")]/tbody/tr[18]/td[3]/div/div/span/span[1]/bdi"}
RESULT: {"using":"xpath","value":"//table[contains(@id, \"listView-innerSelectionPanelTable-listUl\")]/tbody/tr[18]/td[3]/div/div/span/span[1]/bdi"}
COMMAND: POST /session/298a9cc2a40484f0c35b17e60ac53e2a/execute/sync - {"script":"<script> [56 bytes]","args":[{"element-6066-11e4-a52e-4f735466cecf":"f.F7A39C3863F4D6A216F4478231FD999C.d.FADC8A666764F50321A92FD12CB60C81.e.6871","ELEMENT":"f.F7A39C3863F4D6A216F4478231FD999C.d.FADC8A666764F50321A92FD12CB60C81.e.6871"}]}
RESULT: {"script":"<script> [56 bytes]","args":[{"element-6066-11e4-a52e-4f735466cecf":"f.F7A39C3863F4D6A216F4478231FD999C.d.FADC8A666764F50321A92FD12CB60C81.e.6871","ELEMENT":"f.F7A39C3863F4D6A216F4478231FD999C.d.FADC8A666764F50321A92FD12CB60C81.e.6871"}]}
COMMAND: GET /session/298a9cc2a40484f0c35b17e60ac53e2a/element/f.F7A39C3863F4D6A216F4478231FD999C.d.FADC8A666764F50321A92FD12CB60C81.e.6870/attribute/aria-checked - {}
COMMAND: GET /session/298a9cc2a40484f0c35b17e60ac53e2a/screenshot - {}
RESULT: {}
COMMAND: POST /session/298a9cc2a40484f0c35b17e60ac53e2a/element - {"using":"xpath","value":"//table[contains(@id, \"listView-innerSelectionPanelTable-listUl\")]/tbody/tr[19]/td[2]/div/div"}
RESULT: {}
RESULT: {"using":"xpath","value":"//table[contains(@id, \"listView-innerSelectionPanelTable-listUl\")]/tbody/tr[19]/td[2]/div/div"}
COMMAND: POST /session/298a9cc2a40484f0c35b17e60ac53e2a/element - {"using":"xpath","value":"//table[contains(@id, \"listView-innerSelectionPanelTable-listUl\")]/tbody/tr[19]/td[2]/div"}
RESULT: {"using":"xpath","value":"//table[contains(@id, \"listView-innerSelectionPanelTable-listUl\")]/tbody/tr[19]/td[2]/div"}
COMMAND: POST /session/298a9cc2a40484f0c35b17e60ac53e2a/element - {"using":"xpath","value":"//table[contains(@id, \"listView-innerSelectionPanelTable-listUl\")]/tbody/tr[19]/td[3]/div/div/span/span[1]/bdi"}
RESULT: {"using":"xpath","value":"//table[contains(@id, \"listView-innerSelectionPanelTable-listUl\")]/tbody/tr[19]/td[3]/div/div/span/span[1]/bdi"}
COMMAND: POST /session/298a9cc2a40484f0c35b17e60ac53e2a/execute/sync - {"script":"<script> [56 bytes]","args":[{"element-6066-11e4-a52e-4f735466cecf":"f.F7A39C3863F4D6A216F4478231FD999C.d.FADC8A666764F50321A92FD12CB60C81.e.6874","ELEMENT":"f.F7A39C3863F4D6A216F4478231FD999C.d.FADC8A666764F50321A92FD12CB60C81.e.6874"}]}
RESULT: {"script":"<script> [56 bytes]","args":[{"element-6066-11e4-a52e-4f735466cecf":"f.F7A39C3863F4D6A216F4478231FD999C.d.FADC8A666764F50321A92FD12CB60C81.e.6874","ELEMENT":"f.F7A39C3863F4D6A216F4478231FD999C.d.FADC8A666764F50321A92FD12CB60C81.e.6874"}]}
COMMAND: GET /session/298a9cc2a40484f0c35b17e60ac53e2a/element/f.F7A39C3863F4D6A216F4478231FD999C.d.FADC8A666764F50321A92FD12CB60C81.e.6873/attribute/aria-checked - {}
COMMAND: GET /session/298a9cc2a40484f0c35b17e60ac53e2a/screenshot - {}
RESULT: {}
COMMAND: POST /session/298a9cc2a40484f0c35b17e60ac53e2a/element - {"using":"xpath","value":"//table[contains(@id, \"listView-innerSelectionPanelTable-listUl\")]/tbody/tr[20]/td[2]/div/div"}
RESULT: {}
RESULT: {"using":"xpath","value":"//table[contains(@id, \"listView-innerSelectionPanelTable-listUl\")]/tbody/tr[20]/td[2]/div/div"}
COMMAND: POST /session/298a9cc2a40484f0c35b17e60ac53e2a/element - {"using":"xpath","value":"//table[contains(@id, \"listView-innerSelectionPanelTable-listUl\")]/tbody/tr[20]/td[2]/div"}
RESULT: {"using":"xpath","value":"//table[contains(@id, \"listView-innerSelectionPanelTable-listUl\")]/tbody/tr[20]/td[2]/div"}
COMMAND: POST /session/298a9cc2a40484f0c35b17e60ac53e2a/element - {"using":"xpath","value":"//table[contains(@id, \"listView-innerSelectionPanelTable-listUl\")]/tbody/tr[20]/td[3]/div/div/span/span[1]/bdi"}
RESULT: {"using":"xpath","value":"//table[contains(@id, \"listView-innerSelectionPanelTable-listUl\")]/tbody/tr[20]/td[3]/div/div/span/span[1]/bdi"}
COMMAND: POST /session/298a9cc2a40484f0c35b17e60ac53e2a/execute/sync - {"script":"<script> [56 bytes]","args":[{"element-6066-11e4-a52e-4f735466cecf":"f.F7A39C3863F4D6A216F4478231FD999C.d.FADC8A666764F50321A92FD12CB60C81.e.6877","ELEMENT":"f.F7A39C3863F4D6A216F4478231FD999C.d.FADC8A666764F50321A92FD12CB60C81.e.6877"}]}
RESULT: {"script":"<script> [56 bytes]","args":[{"element-6066-11e4-a52e-4f735466cecf":"f.F7A39C3863F4D6A216F4478231FD999C.d.FADC8A666764F50321A92FD12CB60C81.e.6877","ELEMENT":"f.F7A39C3863F4D6A216F4478231FD999C.d.FADC8A666764F50321A92FD12CB60C81.e.6877"}]}
COMMAND: GET /session/298a9cc2a40484f0c35b17e60ac53e2a/element/f.F7A39C3863F4D6A216F4478231FD999C.d.FADC8A666764F50321A92FD12CB60C81.e.6876/attribute/aria-checked - {}
COMMAND: GET /session/298a9cc2a40484f0c35b17e60ac53e2a/screenshot - {}
RESULT: {}
COMMAND: POST /session/298a9cc2a40484f0c35b17e60ac53e2a/element - {"using":"xpath","value":"//table[contains(@id, \"listView-innerSelectionPanelTable-listUl\")]/tbody/tr[21]/td[2]/div/div"}
RESULT: {}
RESULT: {"using":"xpath","value":"//table[contains(@id, \"listView-innerSelectionPanelTable-listUl\")]/tbody/tr[21]/td[2]/div/div"}
COMMAND: POST /session/298a9cc2a40484f0c35b17e60ac53e2a/element - {"using":"xpath","value":"//table[contains(@id, \"listView-innerSelectionPanelTable-listUl\")]/tbody/tr[21]/td[2]/div"}
RESULT: {"using":"xpath","value":"//table[contains(@id, \"listView-innerSelectionPanelTable-listUl\")]/tbody/tr[21]/td[2]/div"}
COMMAND: POST /session/298a9cc2a40484f0c35b17e60ac53e2a/element - {"using":"xpath","value":"//table[contains(@id, \"listView-innerSelectionPanelTable-listUl\")]/tbody/tr[21]/td[3]/div/div/span/span[1]/bdi"}
RESULT: {"using":"xpath","value":"//table[contains(@id, \"listView-innerSelectionPanelTable-listUl\")]/tbody/tr[21]/td[3]/div/div/span/span[1]/bdi"}
COMMAND: POST /session/298a9cc2a40484f0c35b17e60ac53e2a/execute/sync - {"script":"<script> [56 bytes]","args":[{"element-6066-11e4-a52e-4f735466cecf":"f.F7A39C3863F4D6A216F4478231FD999C.d.FADC8A666764F50321A92FD12CB60C81.e.6880","ELEMENT":"f.F7A39C3863F4D6A216F4478231FD999C.d.FADC8A666764F50321A92FD12CB60C81.e.6880"}]}
RESULT: {"script":"<script> [56 bytes]","args":[{"element-6066-11e4-a52e-4f735466cecf":"f.F7A39C3863F4D6A216F4478231FD999C.d.FADC8A666764F50321A92FD12CB60C81.e.6880","ELEMENT":"f.F7A39C3863F4D6A216F4478231FD999C.d.FADC8A666764F50321A92FD12CB60C81.e.6880"}]}
COMMAND: GET /session/298a9cc2a40484f0c35b17e60ac53e2a/element/f.F7A39C3863F4D6A216F4478231FD999C.d.FADC8A666764F50321A92FD12CB60C81.e.6879/attribute/aria-checked - {}
COMMAND: GET /session/298a9cc2a40484f0c35b17e60ac53e2a/screenshot - {}
RESULT: {}
COMMAND: POST /session/298a9cc2a40484f0c35b17e60ac53e2a/element - {"using":"xpath","value":"//table[contains(@id, \"listView-innerSelectionPanelTable-listUl\")]/tbody/tr[22]/td[2]/div/div"}
RESULT: {}
RESULT: {"using":"xpath","value":"//table[contains(@id, \"listView-innerSelectionPanelTable-listUl\")]/tbody/tr[22]/td[2]/div/div"}
COMMAND: POST /session/298a9cc2a40484f0c35b17e60ac53e2a/element - {"using":"xpath","value":"//table[contains(@id, \"listView-innerSelectionPanelTable-listUl\")]/tbody/tr[22]/td[2]/div"}
RESULT: {"using":"xpath","value":"//table[contains(@id, \"listView-innerSelectionPanelTable-listUl\")]/tbody/tr[22]/td[2]/div"}
COMMAND: POST /session/298a9cc2a40484f0c35b17e60ac53e2a/element - {"using":"xpath","value":"//table[contains(@id, \"listView-innerSelectionPanelTable-listUl\")]/tbody/tr[22]/td[3]/div/div/span/span[1]/bdi"}
RESULT: {"using":"xpath","value":"//table[contains(@id, \"listView-innerSelectionPanelTable-listUl\")]/tbody/tr[22]/td[3]/div/div/span/span[1]/bdi"}
COMMAND: POST /session/298a9cc2a40484f0c35b17e60ac53e2a/execute/sync - {"script":"<script> [56 bytes]","args":[{"element-6066-11e4-a52e-4f735466cecf":"f.F7A39C3863F4D6A216F4478231FD999C.d.FADC8A666764F50321A92FD12CB60C81.e.6883","ELEMENT":"f.F7A39C3863F4D6A216F4478231FD999C.d.FADC8A666764F50321A92FD12CB60C81.e.6883"}]}
RESULT: {"script":"<script> [56 bytes]","args":[{"element-6066-11e4-a52e-4f735466cecf":"f.F7A39C3863F4D6A216F4478231FD999C.d.FADC8A666764F50321A92FD12CB60C81.e.6883","ELEMENT":"f.F7A39C3863F4D6A216F4478231FD999C.d.FADC8A666764F50321A92FD12CB60C81.e.6883"}]}
COMMAND: GET /session/298a9cc2a40484f0c35b17e60ac53e2a/element/f.F7A39C3863F4D6A216F4478231FD999C.d.FADC8A666764F50321A92FD12CB60C81.e.6882/attribute/aria-checked - {}
COMMAND: GET /session/298a9cc2a40484f0c35b17e60ac53e2a/screenshot - {}
RESULT: {}
COMMAND: POST /session/298a9cc2a40484f0c35b17e60ac53e2a/element - {"using":"xpath","value":"//table[contains(@id, \"listView-innerSelectionPanelTable-listUl\")]/tbody/tr[23]/td[2]/div/div"}
RESULT: {}
RESULT: {"using":"xpath","value":"//table[contains(@id, \"listView-innerSelectionPanelTable-listUl\")]/tbody/tr[23]/td[2]/div/div"}
COMMAND: POST /session/298a9cc2a40484f0c35b17e60ac53e2a/element - {"using":"xpath","value":"//table[contains(@id, \"listView-innerSelectionPanelTable-listUl\")]/tbody/tr[23]/td[2]/div"}
RESULT: {"using":"xpath","value":"//table[contains(@id, \"listView-innerSelectionPanelTable-listUl\")]/tbody/tr[23]/td[2]/div"}
COMMAND: POST /session/298a9cc2a40484f0c35b17e60ac53e2a/element - {"using":"xpath","value":"//table[contains(@id, \"listView-innerSelectionPanelTable-listUl\")]/tbody/tr[23]/td[3]/div/div/span/span[1]/bdi"}
RESULT: {"using":"xpath","value":"//table[contains(@id, \"listView-innerSelectionPanelTable-listUl\")]/tbody/tr[23]/td[3]/div/div/span/span[1]/bdi"}
COMMAND: POST /session/298a9cc2a40484f0c35b17e60ac53e2a/execute/sync - {"script":"<script> [56 bytes]","args":[{"element-6066-11e4-a52e-4f735466cecf":"f.F7A39C3863F4D6A216F4478231FD999C.d.FADC8A666764F50321A92FD12CB60C81.e.6886","ELEMENT":"f.F7A39C3863F4D6A216F4478231FD999C.d.FADC8A666764F50321A92FD12CB60C81.e.6886"}]}
RESULT: {"script":"<script> [56 bytes]","args":[{"element-6066-11e4-a52e-4f735466cecf":"f.F7A39C3863F4D6A216F4478231FD999C.d.FADC8A666764F50321A92FD12CB60C81.e.6886","ELEMENT":"f.F7A39C3863F4D6A216F4478231FD999C.d.FADC8A666764F50321A92FD12CB60C81.e.6886"}]}
COMMAND: GET /session/298a9cc2a40484f0c35b17e60ac53e2a/element/f.F7A39C3863F4D6A216F4478231FD999C.d.FADC8A666764F50321A92FD12CB60C81.e.6885/attribute/aria-checked - {}
COMMAND: GET /session/298a9cc2a40484f0c35b17e60ac53e2a/screenshot - {}
RESULT: {}
COMMAND: POST /session/298a9cc2a40484f0c35b17e60ac53e2a/element - {"using":"xpath","value":"//table[contains(@id, \"listView-innerSelectionPanelTable-listUl\")]/tbody/tr[24]/td[2]/div/div"}
RESULT: {}
RESULT: {"using":"xpath","value":"//table[contains(@id, \"listView-innerSelectionPanelTable-listUl\")]/tbody/tr[24]/td[2]/div/div"}
COMMAND: POST /session/298a9cc2a40484f0c35b17e60ac53e2a/element - {"using":"xpath","value":"//table[contains(@id, \"listView-innerSelectionPanelTable-listUl\")]/tbody/tr[24]/td[2]/div"}
RESULT: {"using":"xpath","value":"//table[contains(@id, \"listView-innerSelectionPanelTable-listUl\")]/tbody/tr[24]/td[2]/div"}
COMMAND: POST /session/298a9cc2a40484f0c35b17e60ac53e2a/element - {"using":"xpath","value":"//table[contains(@id, \"listView-innerSelectionPanelTable-listUl\")]/tbody/tr[24]/td[3]/div/div/span/span[1]/bdi"}
RESULT: {"using":"xpath","value":"//table[contains(@id, \"listView-innerSelectionPanelTable-listUl\")]/tbody/tr[24]/td[3]/div/div/span/span[1]/bdi"}
COMMAND: POST /session/298a9cc2a40484f0c35b17e60ac53e2a/execute/sync - {"script":"<script> [56 bytes]","args":[{"element-6066-11e4-a52e-4f735466cecf":"f.F7A39C3863F4D6A216F4478231FD999C.d.FADC8A666764F50321A92FD12CB60C81.e.6889","ELEMENT":"f.F7A39C3863F4D6A216F4478231FD999C.d.FADC8A666764F50321A92FD12CB60C81.e.6889"}]}
RESULT: {"script":"<script> [56 bytes]","args":[{"element-6066-11e4-a52e-4f735466cecf":"f.F7A39C3863F4D6A216F4478231FD999C.d.FADC8A666764F50321A92FD12CB60C81.e.6889","ELEMENT":"f.F7A39C3863F4D6A216F4478231FD999C.d.FADC8A666764F50321A92FD12CB60C81.e.6889"}]}
COMMAND: GET /session/298a9cc2a40484f0c35b17e60ac53e2a/element/f.F7A39C3863F4D6A216F4478231FD999C.d.FADC8A666764F50321A92FD12CB60C81.e.6888/attribute/aria-checked - {}
COMMAND: GET /session/298a9cc2a40484f0c35b17e60ac53e2a/screenshot - {}
RESULT: {}
COMMAND: POST /session/298a9cc2a40484f0c35b17e60ac53e2a/element - {"using":"xpath","value":"//table[contains(@id, \"listView-innerSelectionPanelTable-listUl\")]/tbody/tr[25]/td[2]/div/div"}
RESULT: {}
RESULT: {"using":"xpath","value":"//table[contains(@id, \"listView-innerSelectionPanelTable-listUl\")]/tbody/tr[25]/td[2]/div/div"}
COMMAND: POST /session/298a9cc2a40484f0c35b17e60ac53e2a/element - {"using":"xpath","value":"//table[contains(@id, \"listView-innerSelectionPanelTable-listUl\")]/tbody/tr[25]/td[2]/div"}
RESULT: {"using":"xpath","value":"//table[contains(@id, \"listView-innerSelectionPanelTable-listUl\")]/tbody/tr[25]/td[2]/div"}
COMMAND: POST /session/298a9cc2a40484f0c35b17e60ac53e2a/element - {"using":"xpath","value":"//table[contains(@id, \"listView-innerSelectionPanelTable-listUl\")]/tbody/tr[25]/td[3]/div/div/span/span[1]/bdi"}
RESULT: {"using":"xpath","value":"//table[contains(@id, \"listView-innerSelectionPanelTable-listUl\")]/tbody/tr[25]/td[3]/div/div/span/span[1]/bdi"}
COMMAND: POST /session/298a9cc2a40484f0c35b17e60ac53e2a/execute/sync - {"script":"<script> [56 bytes]","args":[{"element-6066-11e4-a52e-4f735466cecf":"f.F7A39C3863F4D6A216F4478231FD999C.d.FADC8A666764F50321A92FD12CB60C81.e.6892","ELEMENT":"f.F7A39C3863F4D6A216F4478231FD999C.d.FADC8A666764F50321A92FD12CB60C81.e.6892"}]}
RESULT: {"script":"<script> [56 bytes]","args":[{"element-6066-11e4-a52e-4f735466cecf":"f.F7A39C3863F4D6A216F4478231FD999C.d.FADC8A666764F50321A92FD12CB60C81.e.6892","ELEMENT":"f.F7A39C3863F4D6A216F4478231FD999C.d.FADC8A666764F50321A92FD12CB60C81.e.6892"}]}
COMMAND: GET /session/298a9cc2a40484f0c35b17e60ac53e2a/element/f.F7A39C3863F4D6A216F4478231FD999C.d.FADC8A666764F50321A92FD12CB60C81.e.6891/attribute/aria-checked - {}
COMMAND: GET /session/298a9cc2a40484f0c35b17e60ac53e2a/screenshot - {}
RESULT: {}
COMMAND: POST /session/298a9cc2a40484f0c35b17e60ac53e2a/element - {"using":"xpath","value":"//bdi[contains(text(), \"OK\")]"}
RESULT: {}
RESULT: {"using":"xpath","value":"//bdi[contains(text(), \"OK\")]"}
COMMAND: POST /session/298a9cc2a40484f0c35b17e60ac53e2a/element/f.F7A39C3863F4D6A216F4478231FD999C.d.FADC8A666764F50321A92FD12CB60C81.e.6893/click - {}
RESULT: {}
COMMAND: GET /session/298a9cc2a40484f0c35b17e60ac53e2a/screenshot - {}
RESULT: {}
COMMAND: POST /session/298a9cc2a40484f0c35b17e60ac53e2a/execute/async - {"script":"<script> [1562 bytes]","args":[{"selector":{"id":"application-managepartners-display-component---masterPtm--smartFilterBar-filterItemControlA_-LINK_TO_ADDRESSES_MAIN.CITY1-vhi"},"wdio_ui5_key":"applicationmanagepartners-display-component---masterPtm--smartFilterBar-filterItemControlA_-LINK_TO_ADDRESSES_MAIN.CITY1-vhi"}]}
RESULT: {"script":"<script> [1562 bytes]","args":[{"selector":{"id":"application-managepartners-display-component---masterPtm--smartFilterBar-filterItemControlA_-LINK_TO_ADDRESSES_MAIN.CITY1-vhi"},"wdio_ui5_key":"applicationmanagepartners-display-component---masterPtm--smartFilterBar-filterItemControlA_-LINK_TO_ADDRESSES_MAIN.CITY1-vhi"}]}
RESULT: undefined
COMMAND: POST /session/298a9cc2a40484f0c35b17e60ac53e2a/element - {"using":"xpath","value":"//*[@id=\"application-managepartners-display-component---masterPtm--smartFilterBar-filterItemControlA_-LINK_TO_ADDRESSES_MAIN.CITY1-vhi\"]"}
RESULT: {"using":"xpath","value":"//*[@id=\"application-managepartners-display-component---masterPtm--smartFilterBar-filterItemControlA_-LINK_TO_ADDRESSES_MAIN.CITY1-vhi\"]"}
COMMAND: POST /session/298a9cc2a40484f0c35b17e60ac53e2a/element/f.F7A39C3863F4D6A216F4478231FD999C.d.FADC8A666764F50321A92FD12CB60C81.e.6907/click - {}
RESULT: {}
COMMAND: GET /session/298a9cc2a40484f0c35b17e60ac53e2a/screenshot - {}
RESULT: {}
COMMAND: POST /session/298a9cc2a40484f0c35b17e60ac53e2a/execute/async - {"script":"<script> [1562 bytes]","args":[{"selector":{"controlType":"sap.m.Input","viewName":"etm.portal.ui.managepartners.view.Master","viewId":"application-managepartners-display-component---masterPtm","properties":{"valueState":"None"},"searchOpenDialogs":true,"interaction":{"idSuffix":"inner"}},"wdio_ui5_key":"etmportal.ui.managepartners.view.Mastersap.m.Input{\"valueState\":\"None\"}"}]}
RESULT: {"script":"<script> [1562 bytes]","args":[{"selector":{"controlType":"sap.m.Input","viewName":"etm.portal.ui.managepartners.view.Master","viewId":"application-managepartners-display-component---masterPtm","properties":{"valueState":"None"},"searchOpenDialogs":true,"interaction":{"idSuffix":"inner"}},"wdio_ui5_key":"etmportal.ui.managepartners.view.Mastersap.m.Input{\"valueState\":\"None\"}"}]}
RESULT: undefined
COMMAND: POST /session/298a9cc2a40484f0c35b17e60ac53e2a/execute/async - {"script":"<script> [776 bytes]","args":[{"enterText":"Bucure","selector":{"controlType":"sap.m.Input","viewName":"etm.portal.ui.managepartners.view.Master","viewId":"application-managepartners-display-component---masterPtm","properties":{"valueState":"None"},"searchOpenDialogs":true,"interaction":{"idSuffix":"inner"}},"clearTextFirst":true,"interactionType":"ENTER_TEXT"}]}
RESULT: {"script":"<script> [776 bytes]","args":[{"enterText":"Bucure","selector":{"controlType":"sap.m.Input","viewName":"etm.portal.ui.managepartners.view.Master","viewId":"application-managepartners-display-component---masterPtm","properties":{"valueState":"None"},"searchOpenDialogs":true,"interaction":{"idSuffix":"inner"}},"clearTextFirst":true,"interactionType":"ENTER_TEXT"}]}
COMMAND: POST /session/298a9cc2a40484f0c35b17e60ac53e2a/actions - {"actions":[{"id":"action21","type":"key","parameters":{},"actions":[{"type":"keyDown","value":"î€‡"},{"type":"pause","duration":10},{"type":"keyUp","value":"î€‡"}]}]}
RESULT: {"actions":[{"id":"action21","type":"key","parameters":{},"actions":[{"type":"keyDown","value":"î€‡"},{"type":"pause","duration":10},{"type":"keyUp","value":"î€‡"}]}]}
COMMAND: GET /session/298a9cc2a40484f0c35b17e60ac53e2a/screenshot - {}
RESULT: {}
COMMAND: POST /session/298a9cc2a40484f0c35b17e60ac53e2a/element - {"using":"xpath","value":"(//bdi[contains(text(), \"OK\")])[1]"}
RESULT: {"using":"xpath","value":"(//bdi[contains(text(), \"OK\")])[1]"}
COMMAND: POST /session/298a9cc2a40484f0c35b17e60ac53e2a/element/f.F7A39C3863F4D6A216F4478231FD999C.d.FADC8A666764F50321A92FD12CB60C81.e.6913/click - {}
RESULT: {}
COMMAND: GET /session/298a9cc2a40484f0c35b17e60ac53e2a/screenshot - {}
RESULT: {}
COMMAND: POST /session/298a9cc2a40484f0c35b17e60ac53e2a/element - {"using":"xpath","value":"//span[@id=\"application-managepartners-display-component---masterPtm--smartTable-header-inner\"]"}
RESULT: {"using":"xpath","value":"//span[@id=\"application-managepartners-display-component---masterPtm--smartTable-header-inner\"]"}
COMMAND: POST /session/298a9cc2a40484f0c35b17e60ac53e2a/elements - {"using":"xpath","value":"//span[@id=\"application-managepartners-display-component---masterPtm--smartTable-header-inner\"]"}
RESULT: {"using":"xpath","value":"//span[@id=\"application-managepartners-display-component---masterPtm--smartTable-header-inner\"]"}
COMMAND: POST /session/298a9cc2a40484f0c35b17e60ac53e2a/execute/sync - {"script":"<script> [56 bytes]","args":[{"element-6066-11e4-a52e-4f735466cecf":"f.F7A39C3863F4D6A216F4478231FD999C.d.FADC8A666764F50321A92FD12CB60C81.e.5949","ELEMENT":"f.F7A39C3863F4D6A216F4478231FD999C.d.FADC8A666764F50321A92FD12CB60C81.e.5949"}]}
RESULT: {"script":"<script> [56 bytes]","args":[{"element-6066-11e4-a52e-4f735466cecf":"f.F7A39C3863F4D6A216F4478231FD999C.d.FADC8A666764F50321A92FD12CB60C81.e.5949","ELEMENT":"f.F7A39C3863F4D6A216F4478231FD999C.d.FADC8A666764F50321A92FD12CB60C81.e.5949"}]}
COMMAND: POST /session/298a9cc2a40484f0c35b17e60ac53e2a/element - {"using":"xpath","value":"//span[contains(@title, \"Remove\")]"}
COMMAND: GET /session/298a9cc2a40484f0c35b17e60ac53e2a/screenshot - {}
RESULT: {"using":"xpath","value":"//span[contains(@title, \"Remove\")]"}
COMMAND: POST /session/298a9cc2a40484f0c35b17e60ac53e2a/element/f.F7A39C3863F4D6A216F4478231FD999C.d.FADC8A666764F50321A92FD12CB60C81.e.6988/click - {}
RESULT: {}
RESULT: {}
COMMAND: GET /session/298a9cc2a40484f0c35b17e60ac53e2a/screenshot - {}
COMMAND: POST /session/298a9cc2a40484f0c35b17e60ac53e2a/element - {"using":"xpath","value":"//span[@id=\"application-managepartners-display-component---masterPtm--smartTable-header-inner\"]"}
RESULT: {}
RESULT: {"using":"xpath","value":"//span[@id=\"application-managepartners-display-component---masterPtm--smartTable-header-inner\"]"}
COMMAND: POST /session/298a9cc2a40484f0c35b17e60ac53e2a/elements - {"using":"xpath","value":"//span[@id=\"application-managepartners-display-component---masterPtm--smartTable-header-inner\"]"}
RESULT: {"using":"xpath","value":"//span[@id=\"application-managepartners-display-component---masterPtm--smartTable-header-inner\"]"}
COMMAND: POST /session/298a9cc2a40484f0c35b17e60ac53e2a/execute/sync - {"script":"<script> [56 bytes]","args":[{"element-6066-11e4-a52e-4f735466cecf":"f.F7A39C3863F4D6A216F4478231FD999C.d.FADC8A666764F50321A92FD12CB60C81.e.5949","ELEMENT":"f.F7A39C3863F4D6A216F4478231FD999C.d.FADC8A666764F50321A92FD12CB60C81.e.5949"}]}
RESULT: {"script":"<script> [56 bytes]","args":[{"element-6066-11e4-a52e-4f735466cecf":"f.F7A39C3863F4D6A216F4478231FD999C.d.FADC8A666764F50321A92FD12CB60C81.e.5949","ELEMENT":"f.F7A39C3863F4D6A216F4478231FD999C.d.FADC8A666764F50321A92FD12CB60C81.e.5949"}]}
COMMAND: POST /session/298a9cc2a40484f0c35b17e60ac53e2a/element - {"using":"css selector","value":"#shell-header-logo"}
COMMAND: GET /session/298a9cc2a40484f0c35b17e60ac53e2a/screenshot - {}
RESULT: {"using":"css selector","value":"#shell-header-logo"}
COMMAND: POST /session/298a9cc2a40484f0c35b17e60ac53e2a/element/f.F7A39C3863F4D6A216F4478231FD999C.d.FADC8A666764F50321A92FD12CB60C81.e.5780/click - {}
RESULT: {}
RESULT: {}
COMMAND: GET /session/298a9cc2a40484f0c35b17e60ac53e2a/screenshot - {}
RESULT: {}
]]></system-out>
    </testcase>
    <testcase classname="chrome.137_0_7151_69.windows.Partner_specific_tests_US150819_US151080_US151654_US151176_US103444_US151078_US151079_US151109_US151174_US151175_US151189" name="Should try to save empty partner US151174" time="52.302">
      <system-out><![CDATA[
COMMAND: POST /session/298a9cc2a40484f0c35b17e60ac53e2a/element - {"using":"xpath","value":"//li[.//span[text()=\"Manage Partners\"]]"}
RESULT: {"using":"xpath","value":"//li[.//span[text()=\"Manage Partners\"]]"}
COMMAND: POST /session/298a9cc2a40484f0c35b17e60ac53e2a/element - {"using":"xpath","value":"//li[.//span[text()=\"Manage Partners\"]]"}
RESULT: {"using":"xpath","value":"//li[.//span[text()=\"Manage Partners\"]]"}
COMMAND: POST /session/298a9cc2a40484f0c35b17e60ac53e2a/element - {"using":"css selector","value":"#shell-header-logo"}
RESULT: {"using":"css selector","value":"#shell-header-logo"}
COMMAND: POST /session/298a9cc2a40484f0c35b17e60ac53e2a/element/f.F7A39C3863F4D6A216F4478231FD999C.d.FADC8A666764F50321A92FD12CB60C81.e.7083/click - {}
COMMAND: POST /session/298a9cc2a40484f0c35b17e60ac53e2a/execute/sync - {"script":"<script> [8489 bytes]","args":[{"element-6066-11e4-a52e-4f735466cecf":"f.F7A39C3863F4D6A216F4478231FD999C.d.FADC8A666764F50321A92FD12CB60C81.e.7083","ELEMENT":"f.F7A39C3863F4D6A216F4478231FD999C.d.FADC8A666764F50321A92FD12CB60C81.e.7083"}]}
RESULT: {}
COMMAND: GET /session/298a9cc2a40484f0c35b17e60ac53e2a/screenshot - {}
RESULT: {"script":"<script> [8489 bytes]","args":[{"element-6066-11e4-a52e-4f735466cecf":"f.F7A39C3863F4D6A216F4478231FD999C.d.FADC8A666764F50321A92FD12CB60C81.e.7083","ELEMENT":"f.F7A39C3863F4D6A216F4478231FD999C.d.FADC8A666764F50321A92FD12CB60C81.e.7083"}]}
COMMAND: POST /session/298a9cc2a40484f0c35b17e60ac53e2a/execute/sync - {"script":"<script> [5351 bytes]","args":[{"element-6066-11e4-a52e-4f735466cecf":"f.F7A39C3863F4D6A216F4478231FD999C.d.FADC8A666764F50321A92FD12CB60C81.e.7083","ELEMENT":"f.F7A39C3863F4D6A216F4478231FD999C.d.FADC8A666764F50321A92FD12CB60C81.e.7083"}]}
COMMAND: GET /session/298a9cc2a40484f0c35b17e60ac53e2a/screenshot - {}
RESULT: {}
RESULT: {"script":"<script> [5351 bytes]","args":[{"element-6066-11e4-a52e-4f735466cecf":"f.F7A39C3863F4D6A216F4478231FD999C.d.FADC8A666764F50321A92FD12CB60C81.e.7083","ELEMENT":"f.F7A39C3863F4D6A216F4478231FD999C.d.FADC8A666764F50321A92FD12CB60C81.e.7083"}]}
COMMAND: GET /session/298a9cc2a40484f0c35b17e60ac53e2a/screenshot - {}
RESULT: {}
RESULT: {}
RESULT: undefined
COMMAND: POST /session/298a9cc2a40484f0c35b17e60ac53e2a/element - {"using":"xpath","value":"//*[@id=\"__tile30\"]"}
RESULT: {"using":"xpath","value":"//*[@id=\"__tile30\"]"}
COMMAND: POST /session/298a9cc2a40484f0c35b17e60ac53e2a/element/f.F7A39C3863F4D6A216F4478231FD999C.d.FADC8A666764F50321A92FD12CB60C81.e.4456/click - {}
RESULT: {}
COMMAND: GET /session/298a9cc2a40484f0c35b17e60ac53e2a/screenshot - {}
RESULT: {}
COMMAND: POST /session/298a9cc2a40484f0c35b17e60ac53e2a/elements - {"using":"xpath","value":"//span[text()='Error']"}
RESULT: {"using":"xpath","value":"//span[text()='Error']"}
COMMAND: POST /session/298a9cc2a40484f0c35b17e60ac53e2a/element - {"using":"xpath","value":"//button[@data-kt=\"addButton\"]"}
RESULT: {"using":"xpath","value":"//button[@data-kt=\"addButton\"]"}
COMMAND: POST /session/298a9cc2a40484f0c35b17e60ac53e2a/elements - {"using":"xpath","value":"//button[@data-kt=\"addButton\"]"}
RESULT: {"using":"xpath","value":"//button[@data-kt=\"addButton\"]"}
COMMAND: POST /session/298a9cc2a40484f0c35b17e60ac53e2a/execute/sync - {"script":"<script> [8489 bytes]","args":[{"element-6066-11e4-a52e-4f735466cecf":"f.F7A39C3863F4D6A216F4478231FD999C.d.FADC8A666764F50321A92FD12CB60C81.e.7130","ELEMENT":"f.F7A39C3863F4D6A216F4478231FD999C.d.FADC8A666764F50321A92FD12CB60C81.e.7130"}]}
RESULT: {"script":"<script> [8489 bytes]","args":[{"element-6066-11e4-a52e-4f735466cecf":"f.F7A39C3863F4D6A216F4478231FD999C.d.FADC8A666764F50321A92FD12CB60C81.e.7130","ELEMENT":"f.F7A39C3863F4D6A216F4478231FD999C.d.FADC8A666764F50321A92FD12CB60C81.e.7130"}]}
COMMAND: GET /session/298a9cc2a40484f0c35b17e60ac53e2a/element/f.F7A39C3863F4D6A216F4478231FD999C.d.FADC8A666764F50321A92FD12CB60C81.e.7130/enabled - {}
COMMAND: GET /session/298a9cc2a40484f0c35b17e60ac53e2a/screenshot - {}
RESULT: {}
COMMAND: POST /session/298a9cc2a40484f0c35b17e60ac53e2a/execute/sync - {"script":"<script> [8489 bytes]","args":[{"element-6066-11e4-a52e-4f735466cecf":"f.F7A39C3863F4D6A216F4478231FD999C.d.FADC8A666764F50321A92FD12CB60C81.e.7130","ELEMENT":"f.F7A39C3863F4D6A216F4478231FD999C.d.FADC8A666764F50321A92FD12CB60C81.e.7130"}]}
COMMAND: GET /session/298a9cc2a40484f0c35b17e60ac53e2a/screenshot - {}
RESULT: {}
RESULT: {"script":"<script> [8489 bytes]","args":[{"element-6066-11e4-a52e-4f735466cecf":"f.F7A39C3863F4D6A216F4478231FD999C.d.FADC8A666764F50321A92FD12CB60C81.e.7130","ELEMENT":"f.F7A39C3863F4D6A216F4478231FD999C.d.FADC8A666764F50321A92FD12CB60C81.e.7130"}]}
COMMAND: POST /session/298a9cc2a40484f0c35b17e60ac53e2a/execute/sync - {"script":"<script> [5351 bytes]","args":[{"element-6066-11e4-a52e-4f735466cecf":"f.F7A39C3863F4D6A216F4478231FD999C.d.FADC8A666764F50321A92FD12CB60C81.e.7130","ELEMENT":"f.F7A39C3863F4D6A216F4478231FD999C.d.FADC8A666764F50321A92FD12CB60C81.e.7130"}]}
COMMAND: GET /session/298a9cc2a40484f0c35b17e60ac53e2a/screenshot - {}
RESULT: {}
RESULT: {"script":"<script> [5351 bytes]","args":[{"element-6066-11e4-a52e-4f735466cecf":"f.F7A39C3863F4D6A216F4478231FD999C.d.FADC8A666764F50321A92FD12CB60C81.e.7130","ELEMENT":"f.F7A39C3863F4D6A216F4478231FD999C.d.FADC8A666764F50321A92FD12CB60C81.e.7130"}]}
COMMAND: POST /session/298a9cc2a40484f0c35b17e60ac53e2a/element/f.F7A39C3863F4D6A216F4478231FD999C.d.FADC8A666764F50321A92FD12CB60C81.e.7130/click - {}
COMMAND: GET /session/298a9cc2a40484f0c35b17e60ac53e2a/screenshot - {}
RESULT: {}
RESULT: {}
COMMAND: GET /session/298a9cc2a40484f0c35b17e60ac53e2a/screenshot - {}
COMMAND: POST /session/298a9cc2a40484f0c35b17e60ac53e2a/element - {"using":"xpath","value":"//button[@data-kt=\"saveButton\"]"}
RESULT: {}
RESULT: {}
RESULT: {"using":"xpath","value":"//button[@data-kt=\"saveButton\"]"}
COMMAND: POST /session/298a9cc2a40484f0c35b17e60ac53e2a/element/f.F7A39C3863F4D6A216F4478231FD999C.d.FADC8A666764F50321A92FD12CB60C81.e.7556/click - {}
RESULT: {}
COMMAND: GET /session/298a9cc2a40484f0c35b17e60ac53e2a/screenshot - {}
RESULT: {}
COMMAND: POST /session/298a9cc2a40484f0c35b17e60ac53e2a/element - {"using":"xpath","value":"//span[contains(@class, \"sapMMsgBoxText\")]"}
RESULT: {"using":"xpath","value":"//span[contains(@class, \"sapMMsgBoxText\")]"}
COMMAND: POST /session/298a9cc2a40484f0c35b17e60ac53e2a/execute/sync - {"script":"<script> [56 bytes]","args":[{"element-6066-11e4-a52e-4f735466cecf":"f.F7A39C3863F4D6A216F4478231FD999C.d.FADC8A666764F50321A92FD12CB60C81.e.7569","ELEMENT":"f.F7A39C3863F4D6A216F4478231FD999C.d.FADC8A666764F50321A92FD12CB60C81.e.7569"}]}
RESULT: {"script":"<script> [56 bytes]","args":[{"element-6066-11e4-a52e-4f735466cecf":"f.F7A39C3863F4D6A216F4478231FD999C.d.FADC8A666764F50321A92FD12CB60C81.e.7569","ELEMENT":"f.F7A39C3863F4D6A216F4478231FD999C.d.FADC8A666764F50321A92FD12CB60C81.e.7569"}]}
COMMAND: POST /session/298a9cc2a40484f0c35b17e60ac53e2a/element - {"using":"xpath","value":"(//bdi[contains(text(), \"Close\")])[1]"}
COMMAND: POST /session/298a9cc2a40484f0c35b17e60ac53e2a/elements - {"using":"xpath","value":"//span[contains(@class, \"sapMMsgBoxText\")]"}
COMMAND: GET /session/298a9cc2a40484f0c35b17e60ac53e2a/screenshot - {}
RESULT: {"using":"xpath","value":"//span[contains(@class, \"sapMMsgBoxText\")]"}
RESULT: {"using":"xpath","value":"(//bdi[contains(text(), \"Close\")])[1]"}
COMMAND: POST /session/298a9cc2a40484f0c35b17e60ac53e2a/element/f.F7A39C3863F4D6A216F4478231FD999C.d.FADC8A666764F50321A92FD12CB60C81.e.7570/click - {}
RESULT: {}
RESULT: {}
COMMAND: GET /session/298a9cc2a40484f0c35b17e60ac53e2a/screenshot - {}
RESULT: {}
COMMAND: POST /session/298a9cc2a40484f0c35b17e60ac53e2a/element - {"using":"css selector","value":"#shell-header-logo"}
RESULT: {"using":"css selector","value":"#shell-header-logo"}
COMMAND: POST /session/298a9cc2a40484f0c35b17e60ac53e2a/element/f.F7A39C3863F4D6A216F4478231FD999C.d.FADC8A666764F50321A92FD12CB60C81.e.7083/click - {}
RESULT: {}
COMMAND: GET /session/298a9cc2a40484f0c35b17e60ac53e2a/screenshot - {}
RESULT: {}
]]></system-out>
    </testcase>
    <testcase classname="chrome.137_0_7151_69.windows.Partner_specific_tests_US150819_US151080_US151654_US151176_US103444_US151078_US151079_US151109_US151174_US151175_US151189" name="Should do various searches US151175" time="163.28">
      <system-out><![CDATA[
COMMAND: POST /session/298a9cc2a40484f0c35b17e60ac53e2a/element - {"using":"xpath","value":"//li[.//span[text()=\"Manage Partners\"]]"}
RESULT: {"using":"xpath","value":"//li[.//span[text()=\"Manage Partners\"]]"}
COMMAND: POST /session/298a9cc2a40484f0c35b17e60ac53e2a/element - {"using":"xpath","value":"//li[.//span[text()=\"Manage Partners\"]]"}
RESULT: {"using":"xpath","value":"//li[.//span[text()=\"Manage Partners\"]]"}
COMMAND: POST /session/298a9cc2a40484f0c35b17e60ac53e2a/element - {"using":"css selector","value":"#shell-header-logo"}
RESULT: {"using":"css selector","value":"#shell-header-logo"}
COMMAND: POST /session/298a9cc2a40484f0c35b17e60ac53e2a/element/f.F7A39C3863F4D6A216F4478231FD999C.d.FADC8A666764F50321A92FD12CB60C81.e.7572/click - {}
COMMAND: POST /session/298a9cc2a40484f0c35b17e60ac53e2a/execute/sync - {"script":"<script> [8489 bytes]","args":[{"element-6066-11e4-a52e-4f735466cecf":"f.F7A39C3863F4D6A216F4478231FD999C.d.FADC8A666764F50321A92FD12CB60C81.e.7572","ELEMENT":"f.F7A39C3863F4D6A216F4478231FD999C.d.FADC8A666764F50321A92FD12CB60C81.e.7572"}]}
RESULT: {"script":"<script> [8489 bytes]","args":[{"element-6066-11e4-a52e-4f735466cecf":"f.F7A39C3863F4D6A216F4478231FD999C.d.FADC8A666764F50321A92FD12CB60C81.e.7572","ELEMENT":"f.F7A39C3863F4D6A216F4478231FD999C.d.FADC8A666764F50321A92FD12CB60C81.e.7572"}]}
COMMAND: POST /session/298a9cc2a40484f0c35b17e60ac53e2a/execute/sync - {"script":"<script> [5351 bytes]","args":[{"element-6066-11e4-a52e-4f735466cecf":"f.F7A39C3863F4D6A216F4478231FD999C.d.FADC8A666764F50321A92FD12CB60C81.e.7572","ELEMENT":"f.F7A39C3863F4D6A216F4478231FD999C.d.FADC8A666764F50321A92FD12CB60C81.e.7572"}]}
COMMAND: GET /session/298a9cc2a40484f0c35b17e60ac53e2a/screenshot - {}
RESULT: {}
COMMAND: GET /session/298a9cc2a40484f0c35b17e60ac53e2a/screenshot - {}
RESULT: {"script":"<script> [5351 bytes]","args":[{"element-6066-11e4-a52e-4f735466cecf":"f.F7A39C3863F4D6A216F4478231FD999C.d.FADC8A666764F50321A92FD12CB60C81.e.7572","ELEMENT":"f.F7A39C3863F4D6A216F4478231FD999C.d.FADC8A666764F50321A92FD12CB60C81.e.7572"}]}
COMMAND: GET /session/298a9cc2a40484f0c35b17e60ac53e2a/screenshot - {}
RESULT: {}
RESULT: {}
RESULT: {}
RESULT: undefined
COMMAND: POST /session/298a9cc2a40484f0c35b17e60ac53e2a/element - {"using":"xpath","value":"//*[@id=\"__tile30\"]"}
RESULT: {"using":"xpath","value":"//*[@id=\"__tile30\"]"}
COMMAND: POST /session/298a9cc2a40484f0c35b17e60ac53e2a/element/f.F7A39C3863F4D6A216F4478231FD999C.d.FADC8A666764F50321A92FD12CB60C81.e.4456/click - {}
RESULT: {}
COMMAND: GET /session/298a9cc2a40484f0c35b17e60ac53e2a/screenshot - {}
RESULT: {}
COMMAND: POST /session/298a9cc2a40484f0c35b17e60ac53e2a/elements - {"using":"xpath","value":"//span[text()='Error']"}
RESULT: {"using":"xpath","value":"//span[text()='Error']"}
COMMAND: POST /session/298a9cc2a40484f0c35b17e60ac53e2a/element - {"using":"xpath","value":"//button[@data-kt=\"addButton\"]"}
RESULT: {"using":"xpath","value":"//button[@data-kt=\"addButton\"]"}
COMMAND: POST /session/298a9cc2a40484f0c35b17e60ac53e2a/elements - {"using":"xpath","value":"//button[@data-kt=\"addButton\"]"}
RESULT: {"using":"xpath","value":"//button[@data-kt=\"addButton\"]"}
COMMAND: POST /session/298a9cc2a40484f0c35b17e60ac53e2a/execute/sync - {"script":"<script> [8489 bytes]","args":[{"element-6066-11e4-a52e-4f735466cecf":"f.F7A39C3863F4D6A216F4478231FD999C.d.FADC8A666764F50321A92FD12CB60C81.e.7617","ELEMENT":"f.F7A39C3863F4D6A216F4478231FD999C.d.FADC8A666764F50321A92FD12CB60C81.e.7617"}]}
RESULT: {"script":"<script> [8489 bytes]","args":[{"element-6066-11e4-a52e-4f735466cecf":"f.F7A39C3863F4D6A216F4478231FD999C.d.FADC8A666764F50321A92FD12CB60C81.e.7617","ELEMENT":"f.F7A39C3863F4D6A216F4478231FD999C.d.FADC8A666764F50321A92FD12CB60C81.e.7617"}]}
COMMAND: GET /session/298a9cc2a40484f0c35b17e60ac53e2a/element/f.F7A39C3863F4D6A216F4478231FD999C.d.FADC8A666764F50321A92FD12CB60C81.e.7617/enabled - {}
COMMAND: GET /session/298a9cc2a40484f0c35b17e60ac53e2a/screenshot - {}
RESULT: {}
COMMAND: POST /session/298a9cc2a40484f0c35b17e60ac53e2a/execute/sync - {"script":"<script> [8489 bytes]","args":[{"element-6066-11e4-a52e-4f735466cecf":"f.F7A39C3863F4D6A216F4478231FD999C.d.FADC8A666764F50321A92FD12CB60C81.e.7617","ELEMENT":"f.F7A39C3863F4D6A216F4478231FD999C.d.FADC8A666764F50321A92FD12CB60C81.e.7617"}]}
COMMAND: GET /session/298a9cc2a40484f0c35b17e60ac53e2a/screenshot - {}
RESULT: {}
RESULT: {"script":"<script> [8489 bytes]","args":[{"element-6066-11e4-a52e-4f735466cecf":"f.F7A39C3863F4D6A216F4478231FD999C.d.FADC8A666764F50321A92FD12CB60C81.e.7617","ELEMENT":"f.F7A39C3863F4D6A216F4478231FD999C.d.FADC8A666764F50321A92FD12CB60C81.e.7617"}]}
COMMAND: POST /session/298a9cc2a40484f0c35b17e60ac53e2a/execute/sync - {"script":"<script> [5351 bytes]","args":[{"element-6066-11e4-a52e-4f735466cecf":"f.F7A39C3863F4D6A216F4478231FD999C.d.FADC8A666764F50321A92FD12CB60C81.e.7617","ELEMENT":"f.F7A39C3863F4D6A216F4478231FD999C.d.FADC8A666764F50321A92FD12CB60C81.e.7617"}]}
COMMAND: GET /session/298a9cc2a40484f0c35b17e60ac53e2a/screenshot - {}
RESULT: {}
RESULT: {"script":"<script> [5351 bytes]","args":[{"element-6066-11e4-a52e-4f735466cecf":"f.F7A39C3863F4D6A216F4478231FD999C.d.FADC8A666764F50321A92FD12CB60C81.e.7617","ELEMENT":"f.F7A39C3863F4D6A216F4478231FD999C.d.FADC8A666764F50321A92FD12CB60C81.e.7617"}]}
COMMAND: GET /session/298a9cc2a40484f0c35b17e60ac53e2a/screenshot - {}
RESULT: {}
RESULT: {}
COMMAND: POST /session/298a9cc2a40484f0c35b17e60ac53e2a/element - {"using":"xpath","value":"//span[@id=\"application-managepartners-display-component---masterPtm--smartTable-header-inner\"]"}
RESULT: {"using":"xpath","value":"//span[@id=\"application-managepartners-display-component---masterPtm--smartTable-header-inner\"]"}
COMMAND: POST /session/298a9cc2a40484f0c35b17e60ac53e2a/elements - {"using":"xpath","value":"//span[@id=\"application-managepartners-display-component---masterPtm--smartTable-header-inner\"]"}
RESULT: {"using":"xpath","value":"//span[@id=\"application-managepartners-display-component---masterPtm--smartTable-header-inner\"]"}
COMMAND: POST /session/298a9cc2a40484f0c35b17e60ac53e2a/execute/sync - {"script":"<script> [56 bytes]","args":[{"element-6066-11e4-a52e-4f735466cecf":"f.F7A39C3863F4D6A216F4478231FD999C.d.FADC8A666764F50321A92FD12CB60C81.e.7742","ELEMENT":"f.F7A39C3863F4D6A216F4478231FD999C.d.FADC8A666764F50321A92FD12CB60C81.e.7742"}]}
RESULT: {"script":"<script> [56 bytes]","args":[{"element-6066-11e4-a52e-4f735466cecf":"f.F7A39C3863F4D6A216F4478231FD999C.d.FADC8A666764F50321A92FD12CB60C81.e.7742","ELEMENT":"f.F7A39C3863F4D6A216F4478231FD999C.d.FADC8A666764F50321A92FD12CB60C81.e.7742"}]}
RESULT: undefined
COMMAND: POST /session/298a9cc2a40484f0c35b17e60ac53e2a/element - {"using":"xpath","value":"//*[@id=\"application-managepartners-display-component---masterPtm--smartFilterBar-btnFilters\"]"}
COMMAND: GET /session/298a9cc2a40484f0c35b17e60ac53e2a/screenshot - {}
RESULT: {"using":"xpath","value":"//*[@id=\"application-managepartners-display-component---masterPtm--smartFilterBar-btnFilters\"]"}
COMMAND: POST /session/298a9cc2a40484f0c35b17e60ac53e2a/element/f.F7A39C3863F4D6A216F4478231FD999C.d.FADC8A666764F50321A92FD12CB60C81.e.7582/click - {}
RESULT: {}
RESULT: {}
COMMAND: GET /session/298a9cc2a40484f0c35b17e60ac53e2a/screenshot - {}
RESULT: {}
COMMAND: POST /session/298a9cc2a40484f0c35b17e60ac53e2a/elements - {"using":"xpath","value":"//table[contains(@id, \"listView-innerSelectionPanelTable-listUl\")]/tbody/tr"}
RESULT: {"using":"xpath","value":"//table[contains(@id, \"listView-innerSelectionPanelTable-listUl\")]/tbody/tr"}
COMMAND: POST /session/298a9cc2a40484f0c35b17e60ac53e2a/element - {"using":"xpath","value":"//table[contains(@id, \"listView-innerSelectionPanelTable-listUl\")]/tbody/tr[2]/td[2]/div/div"}
RESULT: {"using":"xpath","value":"//table[contains(@id, \"listView-innerSelectionPanelTable-listUl\")]/tbody/tr[2]/td[2]/div/div"}
COMMAND: POST /session/298a9cc2a40484f0c35b17e60ac53e2a/element - {"using":"xpath","value":"//table[contains(@id, \"listView-innerSelectionPanelTable-listUl\")]/tbody/tr[2]/td[2]/div"}
RESULT: {"using":"xpath","value":"//table[contains(@id, \"listView-innerSelectionPanelTable-listUl\")]/tbody/tr[2]/td[2]/div"}
COMMAND: POST /session/298a9cc2a40484f0c35b17e60ac53e2a/element - {"using":"xpath","value":"//table[contains(@id, \"listView-innerSelectionPanelTable-listUl\")]/tbody/tr[2]/td[3]/div/div/span/span[1]/bdi"}
RESULT: {"using":"xpath","value":"//table[contains(@id, \"listView-innerSelectionPanelTable-listUl\")]/tbody/tr[2]/td[3]/div/div/span/span[1]/bdi"}
COMMAND: POST /session/298a9cc2a40484f0c35b17e60ac53e2a/execute/sync - {"script":"<script> [56 bytes]","args":[{"element-6066-11e4-a52e-4f735466cecf":"f.F7A39C3863F4D6A216F4478231FD999C.d.FADC8A666764F50321A92FD12CB60C81.e.7810","ELEMENT":"f.F7A39C3863F4D6A216F4478231FD999C.d.FADC8A666764F50321A92FD12CB60C81.e.7810"}]}
RESULT: {"script":"<script> [56 bytes]","args":[{"element-6066-11e4-a52e-4f735466cecf":"f.F7A39C3863F4D6A216F4478231FD999C.d.FADC8A666764F50321A92FD12CB60C81.e.7810","ELEMENT":"f.F7A39C3863F4D6A216F4478231FD999C.d.FADC8A666764F50321A92FD12CB60C81.e.7810"}]}
COMMAND: GET /session/298a9cc2a40484f0c35b17e60ac53e2a/element/f.F7A39C3863F4D6A216F4478231FD999C.d.FADC8A666764F50321A92FD12CB60C81.e.7809/attribute/aria-checked - {}
COMMAND: GET /session/298a9cc2a40484f0c35b17e60ac53e2a/screenshot - {}
RESULT: {}
COMMAND: POST /session/298a9cc2a40484f0c35b17e60ac53e2a/element - {"using":"xpath","value":"//table[contains(@id, \"listView-innerSelectionPanelTable-listUl\")]/tbody/tr[3]/td[2]/div/div"}
RESULT: {}
RESULT: {"using":"xpath","value":"//table[contains(@id, \"listView-innerSelectionPanelTable-listUl\")]/tbody/tr[3]/td[2]/div/div"}
COMMAND: POST /session/298a9cc2a40484f0c35b17e60ac53e2a/element - {"using":"xpath","value":"//table[contains(@id, \"listView-innerSelectionPanelTable-listUl\")]/tbody/tr[3]/td[2]/div"}
RESULT: {"using":"xpath","value":"//table[contains(@id, \"listView-innerSelectionPanelTable-listUl\")]/tbody/tr[3]/td[2]/div"}
COMMAND: POST /session/298a9cc2a40484f0c35b17e60ac53e2a/element - {"using":"xpath","value":"//table[contains(@id, \"listView-innerSelectionPanelTable-listUl\")]/tbody/tr[3]/td[3]/div/div/span/span[1]/bdi"}
RESULT: {"using":"xpath","value":"//table[contains(@id, \"listView-innerSelectionPanelTable-listUl\")]/tbody/tr[3]/td[3]/div/div/span/span[1]/bdi"}
COMMAND: POST /session/298a9cc2a40484f0c35b17e60ac53e2a/execute/sync - {"script":"<script> [56 bytes]","args":[{"element-6066-11e4-a52e-4f735466cecf":"f.F7A39C3863F4D6A216F4478231FD999C.d.FADC8A666764F50321A92FD12CB60C81.e.7813","ELEMENT":"f.F7A39C3863F4D6A216F4478231FD999C.d.FADC8A666764F50321A92FD12CB60C81.e.7813"}]}
RESULT: {"script":"<script> [56 bytes]","args":[{"element-6066-11e4-a52e-4f735466cecf":"f.F7A39C3863F4D6A216F4478231FD999C.d.FADC8A666764F50321A92FD12CB60C81.e.7813","ELEMENT":"f.F7A39C3863F4D6A216F4478231FD999C.d.FADC8A666764F50321A92FD12CB60C81.e.7813"}]}
COMMAND: GET /session/298a9cc2a40484f0c35b17e60ac53e2a/element/f.F7A39C3863F4D6A216F4478231FD999C.d.FADC8A666764F50321A92FD12CB60C81.e.7812/attribute/aria-checked - {}
COMMAND: GET /session/298a9cc2a40484f0c35b17e60ac53e2a/screenshot - {}
RESULT: {}
COMMAND: POST /session/298a9cc2a40484f0c35b17e60ac53e2a/element - {"using":"xpath","value":"//table[contains(@id, \"listView-innerSelectionPanelTable-listUl\")]/tbody/tr[4]/td[2]/div/div"}
RESULT: {}
RESULT: {"using":"xpath","value":"//table[contains(@id, \"listView-innerSelectionPanelTable-listUl\")]/tbody/tr[4]/td[2]/div/div"}
COMMAND: POST /session/298a9cc2a40484f0c35b17e60ac53e2a/element - {"using":"xpath","value":"//table[contains(@id, \"listView-innerSelectionPanelTable-listUl\")]/tbody/tr[4]/td[2]/div"}
RESULT: {"using":"xpath","value":"//table[contains(@id, \"listView-innerSelectionPanelTable-listUl\")]/tbody/tr[4]/td[2]/div"}
COMMAND: POST /session/298a9cc2a40484f0c35b17e60ac53e2a/element - {"using":"xpath","value":"//table[contains(@id, \"listView-innerSelectionPanelTable-listUl\")]/tbody/tr[4]/td[3]/div/div/span/span[1]/bdi"}
RESULT: {"using":"xpath","value":"//table[contains(@id, \"listView-innerSelectionPanelTable-listUl\")]/tbody/tr[4]/td[3]/div/div/span/span[1]/bdi"}
COMMAND: POST /session/298a9cc2a40484f0c35b17e60ac53e2a/execute/sync - {"script":"<script> [56 bytes]","args":[{"element-6066-11e4-a52e-4f735466cecf":"f.F7A39C3863F4D6A216F4478231FD999C.d.FADC8A666764F50321A92FD12CB60C81.e.7816","ELEMENT":"f.F7A39C3863F4D6A216F4478231FD999C.d.FADC8A666764F50321A92FD12CB60C81.e.7816"}]}
RESULT: {"script":"<script> [56 bytes]","args":[{"element-6066-11e4-a52e-4f735466cecf":"f.F7A39C3863F4D6A216F4478231FD999C.d.FADC8A666764F50321A92FD12CB60C81.e.7816","ELEMENT":"f.F7A39C3863F4D6A216F4478231FD999C.d.FADC8A666764F50321A92FD12CB60C81.e.7816"}]}
COMMAND: GET /session/298a9cc2a40484f0c35b17e60ac53e2a/element/f.F7A39C3863F4D6A216F4478231FD999C.d.FADC8A666764F50321A92FD12CB60C81.e.7815/attribute/aria-checked - {}
COMMAND: GET /session/298a9cc2a40484f0c35b17e60ac53e2a/screenshot - {}
RESULT: {}
COMMAND: POST /session/298a9cc2a40484f0c35b17e60ac53e2a/element - {"using":"xpath","value":"//table[contains(@id, \"listView-innerSelectionPanelTable-listUl\")]/tbody/tr[5]/td[2]/div/div"}
RESULT: {}
RESULT: {"using":"xpath","value":"//table[contains(@id, \"listView-innerSelectionPanelTable-listUl\")]/tbody/tr[5]/td[2]/div/div"}
COMMAND: POST /session/298a9cc2a40484f0c35b17e60ac53e2a/element - {"using":"xpath","value":"//table[contains(@id, \"listView-innerSelectionPanelTable-listUl\")]/tbody/tr[5]/td[2]/div"}
RESULT: {"using":"xpath","value":"//table[contains(@id, \"listView-innerSelectionPanelTable-listUl\")]/tbody/tr[5]/td[2]/div"}
COMMAND: POST /session/298a9cc2a40484f0c35b17e60ac53e2a/element - {"using":"xpath","value":"//table[contains(@id, \"listView-innerSelectionPanelTable-listUl\")]/tbody/tr[5]/td[3]/div/div/span/span[1]/bdi"}
RESULT: {"using":"xpath","value":"//table[contains(@id, \"listView-innerSelectionPanelTable-listUl\")]/tbody/tr[5]/td[3]/div/div/span/span[1]/bdi"}
COMMAND: POST /session/298a9cc2a40484f0c35b17e60ac53e2a/execute/sync - {"script":"<script> [56 bytes]","args":[{"element-6066-11e4-a52e-4f735466cecf":"f.F7A39C3863F4D6A216F4478231FD999C.d.FADC8A666764F50321A92FD12CB60C81.e.7819","ELEMENT":"f.F7A39C3863F4D6A216F4478231FD999C.d.FADC8A666764F50321A92FD12CB60C81.e.7819"}]}
RESULT: {"script":"<script> [56 bytes]","args":[{"element-6066-11e4-a52e-4f735466cecf":"f.F7A39C3863F4D6A216F4478231FD999C.d.FADC8A666764F50321A92FD12CB60C81.e.7819","ELEMENT":"f.F7A39C3863F4D6A216F4478231FD999C.d.FADC8A666764F50321A92FD12CB60C81.e.7819"}]}
COMMAND: GET /session/298a9cc2a40484f0c35b17e60ac53e2a/element/f.F7A39C3863F4D6A216F4478231FD999C.d.FADC8A666764F50321A92FD12CB60C81.e.7818/attribute/aria-checked - {}
COMMAND: GET /session/298a9cc2a40484f0c35b17e60ac53e2a/screenshot - {}
RESULT: {}
COMMAND: POST /session/298a9cc2a40484f0c35b17e60ac53e2a/element - {"using":"xpath","value":"//table[contains(@id, \"listView-innerSelectionPanelTable-listUl\")]/tbody/tr[6]/td[2]/div/div"}
RESULT: {}
RESULT: {"using":"xpath","value":"//table[contains(@id, \"listView-innerSelectionPanelTable-listUl\")]/tbody/tr[6]/td[2]/div/div"}
COMMAND: POST /session/298a9cc2a40484f0c35b17e60ac53e2a/element - {"using":"xpath","value":"//table[contains(@id, \"listView-innerSelectionPanelTable-listUl\")]/tbody/tr[6]/td[2]/div"}
RESULT: {"using":"xpath","value":"//table[contains(@id, \"listView-innerSelectionPanelTable-listUl\")]/tbody/tr[6]/td[2]/div"}
COMMAND: POST /session/298a9cc2a40484f0c35b17e60ac53e2a/element - {"using":"xpath","value":"//table[contains(@id, \"listView-innerSelectionPanelTable-listUl\")]/tbody/tr[6]/td[3]/div/div/span/span[1]/bdi"}
RESULT: {"using":"xpath","value":"//table[contains(@id, \"listView-innerSelectionPanelTable-listUl\")]/tbody/tr[6]/td[3]/div/div/span/span[1]/bdi"}
COMMAND: POST /session/298a9cc2a40484f0c35b17e60ac53e2a/execute/sync - {"script":"<script> [56 bytes]","args":[{"element-6066-11e4-a52e-4f735466cecf":"f.F7A39C3863F4D6A216F4478231FD999C.d.FADC8A666764F50321A92FD12CB60C81.e.7822","ELEMENT":"f.F7A39C3863F4D6A216F4478231FD999C.d.FADC8A666764F50321A92FD12CB60C81.e.7822"}]}
RESULT: {"script":"<script> [56 bytes]","args":[{"element-6066-11e4-a52e-4f735466cecf":"f.F7A39C3863F4D6A216F4478231FD999C.d.FADC8A666764F50321A92FD12CB60C81.e.7822","ELEMENT":"f.F7A39C3863F4D6A216F4478231FD999C.d.FADC8A666764F50321A92FD12CB60C81.e.7822"}]}
COMMAND: GET /session/298a9cc2a40484f0c35b17e60ac53e2a/element/f.F7A39C3863F4D6A216F4478231FD999C.d.FADC8A666764F50321A92FD12CB60C81.e.7821/attribute/aria-checked - {}
COMMAND: GET /session/298a9cc2a40484f0c35b17e60ac53e2a/screenshot - {}
RESULT: {}
COMMAND: POST /session/298a9cc2a40484f0c35b17e60ac53e2a/element - {"using":"xpath","value":"//table[contains(@id, \"listView-innerSelectionPanelTable-listUl\")]/tbody/tr[7]/td[2]/div/div"}
RESULT: {}
RESULT: {"using":"xpath","value":"//table[contains(@id, \"listView-innerSelectionPanelTable-listUl\")]/tbody/tr[7]/td[2]/div/div"}
COMMAND: POST /session/298a9cc2a40484f0c35b17e60ac53e2a/element - {"using":"xpath","value":"//table[contains(@id, \"listView-innerSelectionPanelTable-listUl\")]/tbody/tr[7]/td[2]/div"}
RESULT: {"using":"xpath","value":"//table[contains(@id, \"listView-innerSelectionPanelTable-listUl\")]/tbody/tr[7]/td[2]/div"}
COMMAND: POST /session/298a9cc2a40484f0c35b17e60ac53e2a/element - {"using":"xpath","value":"//table[contains(@id, \"listView-innerSelectionPanelTable-listUl\")]/tbody/tr[7]/td[3]/div/div/span/span[1]/bdi"}
RESULT: {"using":"xpath","value":"//table[contains(@id, \"listView-innerSelectionPanelTable-listUl\")]/tbody/tr[7]/td[3]/div/div/span/span[1]/bdi"}
COMMAND: POST /session/298a9cc2a40484f0c35b17e60ac53e2a/execute/sync - {"script":"<script> [56 bytes]","args":[{"element-6066-11e4-a52e-4f735466cecf":"f.F7A39C3863F4D6A216F4478231FD999C.d.FADC8A666764F50321A92FD12CB60C81.e.7825","ELEMENT":"f.F7A39C3863F4D6A216F4478231FD999C.d.FADC8A666764F50321A92FD12CB60C81.e.7825"}]}
RESULT: {"script":"<script> [56 bytes]","args":[{"element-6066-11e4-a52e-4f735466cecf":"f.F7A39C3863F4D6A216F4478231FD999C.d.FADC8A666764F50321A92FD12CB60C81.e.7825","ELEMENT":"f.F7A39C3863F4D6A216F4478231FD999C.d.FADC8A666764F50321A92FD12CB60C81.e.7825"}]}
COMMAND: GET /session/298a9cc2a40484f0c35b17e60ac53e2a/element/f.F7A39C3863F4D6A216F4478231FD999C.d.FADC8A666764F50321A92FD12CB60C81.e.7824/attribute/aria-checked - {}
COMMAND: GET /session/298a9cc2a40484f0c35b17e60ac53e2a/screenshot - {}
RESULT: {}
COMMAND: POST /session/298a9cc2a40484f0c35b17e60ac53e2a/element - {"using":"xpath","value":"//table[contains(@id, \"listView-innerSelectionPanelTable-listUl\")]/tbody/tr[8]/td[2]/div/div"}
RESULT: {}
RESULT: {"using":"xpath","value":"//table[contains(@id, \"listView-innerSelectionPanelTable-listUl\")]/tbody/tr[8]/td[2]/div/div"}
COMMAND: POST /session/298a9cc2a40484f0c35b17e60ac53e2a/element - {"using":"xpath","value":"//table[contains(@id, \"listView-innerSelectionPanelTable-listUl\")]/tbody/tr[8]/td[2]/div"}
RESULT: {"using":"xpath","value":"//table[contains(@id, \"listView-innerSelectionPanelTable-listUl\")]/tbody/tr[8]/td[2]/div"}
COMMAND: POST /session/298a9cc2a40484f0c35b17e60ac53e2a/element - {"using":"xpath","value":"//table[contains(@id, \"listView-innerSelectionPanelTable-listUl\")]/tbody/tr[8]/td[3]/div/div/span/span[1]/bdi"}
RESULT: {"using":"xpath","value":"//table[contains(@id, \"listView-innerSelectionPanelTable-listUl\")]/tbody/tr[8]/td[3]/div/div/span/span[1]/bdi"}
COMMAND: POST /session/298a9cc2a40484f0c35b17e60ac53e2a/execute/sync - {"script":"<script> [56 bytes]","args":[{"element-6066-11e4-a52e-4f735466cecf":"f.F7A39C3863F4D6A216F4478231FD999C.d.FADC8A666764F50321A92FD12CB60C81.e.7828","ELEMENT":"f.F7A39C3863F4D6A216F4478231FD999C.d.FADC8A666764F50321A92FD12CB60C81.e.7828"}]}
RESULT: {"script":"<script> [56 bytes]","args":[{"element-6066-11e4-a52e-4f735466cecf":"f.F7A39C3863F4D6A216F4478231FD999C.d.FADC8A666764F50321A92FD12CB60C81.e.7828","ELEMENT":"f.F7A39C3863F4D6A216F4478231FD999C.d.FADC8A666764F50321A92FD12CB60C81.e.7828"}]}
COMMAND: GET /session/298a9cc2a40484f0c35b17e60ac53e2a/element/f.F7A39C3863F4D6A216F4478231FD999C.d.FADC8A666764F50321A92FD12CB60C81.e.7827/attribute/aria-checked - {}
COMMAND: GET /session/298a9cc2a40484f0c35b17e60ac53e2a/screenshot - {}
RESULT: {}
COMMAND: POST /session/298a9cc2a40484f0c35b17e60ac53e2a/element - {"using":"xpath","value":"//table[contains(@id, \"listView-innerSelectionPanelTable-listUl\")]/tbody/tr[9]/td[2]/div/div"}
RESULT: {}
RESULT: {"using":"xpath","value":"//table[contains(@id, \"listView-innerSelectionPanelTable-listUl\")]/tbody/tr[9]/td[2]/div/div"}
COMMAND: POST /session/298a9cc2a40484f0c35b17e60ac53e2a/element - {"using":"xpath","value":"//table[contains(@id, \"listView-innerSelectionPanelTable-listUl\")]/tbody/tr[9]/td[2]/div"}
RESULT: {"using":"xpath","value":"//table[contains(@id, \"listView-innerSelectionPanelTable-listUl\")]/tbody/tr[9]/td[2]/div"}
COMMAND: POST /session/298a9cc2a40484f0c35b17e60ac53e2a/element - {"using":"xpath","value":"//table[contains(@id, \"listView-innerSelectionPanelTable-listUl\")]/tbody/tr[9]/td[3]/div/div/span/span[1]/bdi"}
RESULT: {"using":"xpath","value":"//table[contains(@id, \"listView-innerSelectionPanelTable-listUl\")]/tbody/tr[9]/td[3]/div/div/span/span[1]/bdi"}
COMMAND: POST /session/298a9cc2a40484f0c35b17e60ac53e2a/execute/sync - {"script":"<script> [56 bytes]","args":[{"element-6066-11e4-a52e-4f735466cecf":"f.F7A39C3863F4D6A216F4478231FD999C.d.FADC8A666764F50321A92FD12CB60C81.e.7831","ELEMENT":"f.F7A39C3863F4D6A216F4478231FD999C.d.FADC8A666764F50321A92FD12CB60C81.e.7831"}]}
RESULT: {"script":"<script> [56 bytes]","args":[{"element-6066-11e4-a52e-4f735466cecf":"f.F7A39C3863F4D6A216F4478231FD999C.d.FADC8A666764F50321A92FD12CB60C81.e.7831","ELEMENT":"f.F7A39C3863F4D6A216F4478231FD999C.d.FADC8A666764F50321A92FD12CB60C81.e.7831"}]}
COMMAND: GET /session/298a9cc2a40484f0c35b17e60ac53e2a/element/f.F7A39C3863F4D6A216F4478231FD999C.d.FADC8A666764F50321A92FD12CB60C81.e.7830/attribute/aria-checked - {}
COMMAND: GET /session/298a9cc2a40484f0c35b17e60ac53e2a/screenshot - {}
RESULT: {}
COMMAND: POST /session/298a9cc2a40484f0c35b17e60ac53e2a/element - {"using":"xpath","value":"//table[contains(@id, \"listView-innerSelectionPanelTable-listUl\")]/tbody/tr[10]/td[2]/div/div"}
RESULT: {}
RESULT: {"using":"xpath","value":"//table[contains(@id, \"listView-innerSelectionPanelTable-listUl\")]/tbody/tr[10]/td[2]/div/div"}
COMMAND: POST /session/298a9cc2a40484f0c35b17e60ac53e2a/element - {"using":"xpath","value":"//table[contains(@id, \"listView-innerSelectionPanelTable-listUl\")]/tbody/tr[10]/td[2]/div"}
RESULT: {"using":"xpath","value":"//table[contains(@id, \"listView-innerSelectionPanelTable-listUl\")]/tbody/tr[10]/td[2]/div"}
COMMAND: POST /session/298a9cc2a40484f0c35b17e60ac53e2a/element - {"using":"xpath","value":"//table[contains(@id, \"listView-innerSelectionPanelTable-listUl\")]/tbody/tr[10]/td[3]/div/div/span/span[1]/bdi"}
RESULT: {"using":"xpath","value":"//table[contains(@id, \"listView-innerSelectionPanelTable-listUl\")]/tbody/tr[10]/td[3]/div/div/span/span[1]/bdi"}
COMMAND: POST /session/298a9cc2a40484f0c35b17e60ac53e2a/execute/sync - {"script":"<script> [56 bytes]","args":[{"element-6066-11e4-a52e-4f735466cecf":"f.F7A39C3863F4D6A216F4478231FD999C.d.FADC8A666764F50321A92FD12CB60C81.e.7834","ELEMENT":"f.F7A39C3863F4D6A216F4478231FD999C.d.FADC8A666764F50321A92FD12CB60C81.e.7834"}]}
RESULT: {"script":"<script> [56 bytes]","args":[{"element-6066-11e4-a52e-4f735466cecf":"f.F7A39C3863F4D6A216F4478231FD999C.d.FADC8A666764F50321A92FD12CB60C81.e.7834","ELEMENT":"f.F7A39C3863F4D6A216F4478231FD999C.d.FADC8A666764F50321A92FD12CB60C81.e.7834"}]}
COMMAND: GET /session/298a9cc2a40484f0c35b17e60ac53e2a/element/f.F7A39C3863F4D6A216F4478231FD999C.d.FADC8A666764F50321A92FD12CB60C81.e.7833/attribute/aria-checked - {}
COMMAND: GET /session/298a9cc2a40484f0c35b17e60ac53e2a/screenshot - {}
RESULT: {}
COMMAND: POST /session/298a9cc2a40484f0c35b17e60ac53e2a/element - {"using":"xpath","value":"//table[contains(@id, \"listView-innerSelectionPanelTable-listUl\")]/tbody/tr[11]/td[2]/div/div"}
RESULT: {}
RESULT: {"using":"xpath","value":"//table[contains(@id, \"listView-innerSelectionPanelTable-listUl\")]/tbody/tr[11]/td[2]/div/div"}
COMMAND: POST /session/298a9cc2a40484f0c35b17e60ac53e2a/element - {"using":"xpath","value":"//table[contains(@id, \"listView-innerSelectionPanelTable-listUl\")]/tbody/tr[11]/td[2]/div"}
RESULT: {"using":"xpath","value":"//table[contains(@id, \"listView-innerSelectionPanelTable-listUl\")]/tbody/tr[11]/td[2]/div"}
COMMAND: POST /session/298a9cc2a40484f0c35b17e60ac53e2a/element - {"using":"xpath","value":"//table[contains(@id, \"listView-innerSelectionPanelTable-listUl\")]/tbody/tr[11]/td[3]/div/div/span/span[1]/bdi"}
RESULT: {"using":"xpath","value":"//table[contains(@id, \"listView-innerSelectionPanelTable-listUl\")]/tbody/tr[11]/td[3]/div/div/span/span[1]/bdi"}
COMMAND: POST /session/298a9cc2a40484f0c35b17e60ac53e2a/execute/sync - {"script":"<script> [56 bytes]","args":[{"element-6066-11e4-a52e-4f735466cecf":"f.F7A39C3863F4D6A216F4478231FD999C.d.FADC8A666764F50321A92FD12CB60C81.e.7837","ELEMENT":"f.F7A39C3863F4D6A216F4478231FD999C.d.FADC8A666764F50321A92FD12CB60C81.e.7837"}]}
RESULT: {"script":"<script> [56 bytes]","args":[{"element-6066-11e4-a52e-4f735466cecf":"f.F7A39C3863F4D6A216F4478231FD999C.d.FADC8A666764F50321A92FD12CB60C81.e.7837","ELEMENT":"f.F7A39C3863F4D6A216F4478231FD999C.d.FADC8A666764F50321A92FD12CB60C81.e.7837"}]}
COMMAND: GET /session/298a9cc2a40484f0c35b17e60ac53e2a/element/f.F7A39C3863F4D6A216F4478231FD999C.d.FADC8A666764F50321A92FD12CB60C81.e.7836/attribute/aria-checked - {}
COMMAND: GET /session/298a9cc2a40484f0c35b17e60ac53e2a/screenshot - {}
RESULT: {}
COMMAND: POST /session/298a9cc2a40484f0c35b17e60ac53e2a/element - {"using":"xpath","value":"//table[contains(@id, \"listView-innerSelectionPanelTable-listUl\")]/tbody/tr[12]/td[2]/div/div"}
RESULT: {}
RESULT: {"using":"xpath","value":"//table[contains(@id, \"listView-innerSelectionPanelTable-listUl\")]/tbody/tr[12]/td[2]/div/div"}
COMMAND: POST /session/298a9cc2a40484f0c35b17e60ac53e2a/element - {"using":"xpath","value":"//table[contains(@id, \"listView-innerSelectionPanelTable-listUl\")]/tbody/tr[12]/td[2]/div"}
RESULT: {"using":"xpath","value":"//table[contains(@id, \"listView-innerSelectionPanelTable-listUl\")]/tbody/tr[12]/td[2]/div"}
COMMAND: POST /session/298a9cc2a40484f0c35b17e60ac53e2a/element - {"using":"xpath","value":"//table[contains(@id, \"listView-innerSelectionPanelTable-listUl\")]/tbody/tr[12]/td[3]/div/div/span/span[1]/bdi"}
RESULT: {"using":"xpath","value":"//table[contains(@id, \"listView-innerSelectionPanelTable-listUl\")]/tbody/tr[12]/td[3]/div/div/span/span[1]/bdi"}
COMMAND: POST /session/298a9cc2a40484f0c35b17e60ac53e2a/execute/sync - {"script":"<script> [56 bytes]","args":[{"element-6066-11e4-a52e-4f735466cecf":"f.F7A39C3863F4D6A216F4478231FD999C.d.FADC8A666764F50321A92FD12CB60C81.e.7840","ELEMENT":"f.F7A39C3863F4D6A216F4478231FD999C.d.FADC8A666764F50321A92FD12CB60C81.e.7840"}]}
RESULT: {"script":"<script> [56 bytes]","args":[{"element-6066-11e4-a52e-4f735466cecf":"f.F7A39C3863F4D6A216F4478231FD999C.d.FADC8A666764F50321A92FD12CB60C81.e.7840","ELEMENT":"f.F7A39C3863F4D6A216F4478231FD999C.d.FADC8A666764F50321A92FD12CB60C81.e.7840"}]}
COMMAND: GET /session/298a9cc2a40484f0c35b17e60ac53e2a/element/f.F7A39C3863F4D6A216F4478231FD999C.d.FADC8A666764F50321A92FD12CB60C81.e.7839/attribute/aria-checked - {}
COMMAND: GET /session/298a9cc2a40484f0c35b17e60ac53e2a/screenshot - {}
RESULT: {}
COMMAND: POST /session/298a9cc2a40484f0c35b17e60ac53e2a/element - {"using":"xpath","value":"//table[contains(@id, \"listView-innerSelectionPanelTable-listUl\")]/tbody/tr[13]/td[2]/div/div"}
RESULT: {}
RESULT: {"using":"xpath","value":"//table[contains(@id, \"listView-innerSelectionPanelTable-listUl\")]/tbody/tr[13]/td[2]/div/div"}
COMMAND: POST /session/298a9cc2a40484f0c35b17e60ac53e2a/element - {"using":"xpath","value":"//table[contains(@id, \"listView-innerSelectionPanelTable-listUl\")]/tbody/tr[13]/td[2]/div"}
RESULT: {"using":"xpath","value":"//table[contains(@id, \"listView-innerSelectionPanelTable-listUl\")]/tbody/tr[13]/td[2]/div"}
COMMAND: POST /session/298a9cc2a40484f0c35b17e60ac53e2a/element - {"using":"xpath","value":"//table[contains(@id, \"listView-innerSelectionPanelTable-listUl\")]/tbody/tr[13]/td[3]/div/div/span/span[1]/bdi"}
RESULT: {"using":"xpath","value":"//table[contains(@id, \"listView-innerSelectionPanelTable-listUl\")]/tbody/tr[13]/td[3]/div/div/span/span[1]/bdi"}
COMMAND: POST /session/298a9cc2a40484f0c35b17e60ac53e2a/execute/sync - {"script":"<script> [56 bytes]","args":[{"element-6066-11e4-a52e-4f735466cecf":"f.F7A39C3863F4D6A216F4478231FD999C.d.FADC8A666764F50321A92FD12CB60C81.e.7843","ELEMENT":"f.F7A39C3863F4D6A216F4478231FD999C.d.FADC8A666764F50321A92FD12CB60C81.e.7843"}]}
RESULT: {"script":"<script> [56 bytes]","args":[{"element-6066-11e4-a52e-4f735466cecf":"f.F7A39C3863F4D6A216F4478231FD999C.d.FADC8A666764F50321A92FD12CB60C81.e.7843","ELEMENT":"f.F7A39C3863F4D6A216F4478231FD999C.d.FADC8A666764F50321A92FD12CB60C81.e.7843"}]}
COMMAND: GET /session/298a9cc2a40484f0c35b17e60ac53e2a/element/f.F7A39C3863F4D6A216F4478231FD999C.d.FADC8A666764F50321A92FD12CB60C81.e.7842/attribute/aria-checked - {}
COMMAND: GET /session/298a9cc2a40484f0c35b17e60ac53e2a/screenshot - {}
RESULT: {}
COMMAND: POST /session/298a9cc2a40484f0c35b17e60ac53e2a/element - {"using":"xpath","value":"//table[contains(@id, \"listView-innerSelectionPanelTable-listUl\")]/tbody/tr[14]/td[2]/div/div"}
RESULT: {}
RESULT: {"using":"xpath","value":"//table[contains(@id, \"listView-innerSelectionPanelTable-listUl\")]/tbody/tr[14]/td[2]/div/div"}
COMMAND: POST /session/298a9cc2a40484f0c35b17e60ac53e2a/element - {"using":"xpath","value":"//table[contains(@id, \"listView-innerSelectionPanelTable-listUl\")]/tbody/tr[14]/td[2]/div"}
RESULT: {"using":"xpath","value":"//table[contains(@id, \"listView-innerSelectionPanelTable-listUl\")]/tbody/tr[14]/td[2]/div"}
COMMAND: POST /session/298a9cc2a40484f0c35b17e60ac53e2a/element - {"using":"xpath","value":"//table[contains(@id, \"listView-innerSelectionPanelTable-listUl\")]/tbody/tr[14]/td[3]/div/div/span/span[1]/bdi"}
RESULT: {"using":"xpath","value":"//table[contains(@id, \"listView-innerSelectionPanelTable-listUl\")]/tbody/tr[14]/td[3]/div/div/span/span[1]/bdi"}
COMMAND: POST /session/298a9cc2a40484f0c35b17e60ac53e2a/execute/sync - {"script":"<script> [56 bytes]","args":[{"element-6066-11e4-a52e-4f735466cecf":"f.F7A39C3863F4D6A216F4478231FD999C.d.FADC8A666764F50321A92FD12CB60C81.e.7846","ELEMENT":"f.F7A39C3863F4D6A216F4478231FD999C.d.FADC8A666764F50321A92FD12CB60C81.e.7846"}]}
RESULT: {"script":"<script> [56 bytes]","args":[{"element-6066-11e4-a52e-4f735466cecf":"f.F7A39C3863F4D6A216F4478231FD999C.d.FADC8A666764F50321A92FD12CB60C81.e.7846","ELEMENT":"f.F7A39C3863F4D6A216F4478231FD999C.d.FADC8A666764F50321A92FD12CB60C81.e.7846"}]}
COMMAND: GET /session/298a9cc2a40484f0c35b17e60ac53e2a/element/f.F7A39C3863F4D6A216F4478231FD999C.d.FADC8A666764F50321A92FD12CB60C81.e.7845/attribute/aria-checked - {}
COMMAND: GET /session/298a9cc2a40484f0c35b17e60ac53e2a/screenshot - {}
RESULT: {}
COMMAND: POST /session/298a9cc2a40484f0c35b17e60ac53e2a/element - {"using":"xpath","value":"//table[contains(@id, \"listView-innerSelectionPanelTable-listUl\")]/tbody/tr[15]/td[2]/div/div"}
RESULT: {}
RESULT: {"using":"xpath","value":"//table[contains(@id, \"listView-innerSelectionPanelTable-listUl\")]/tbody/tr[15]/td[2]/div/div"}
COMMAND: POST /session/298a9cc2a40484f0c35b17e60ac53e2a/element - {"using":"xpath","value":"//table[contains(@id, \"listView-innerSelectionPanelTable-listUl\")]/tbody/tr[15]/td[2]/div"}
RESULT: {"using":"xpath","value":"//table[contains(@id, \"listView-innerSelectionPanelTable-listUl\")]/tbody/tr[15]/td[2]/div"}
COMMAND: POST /session/298a9cc2a40484f0c35b17e60ac53e2a/element - {"using":"xpath","value":"//table[contains(@id, \"listView-innerSelectionPanelTable-listUl\")]/tbody/tr[15]/td[3]/div/div/span/span[1]/bdi"}
RESULT: {"using":"xpath","value":"//table[contains(@id, \"listView-innerSelectionPanelTable-listUl\")]/tbody/tr[15]/td[3]/div/div/span/span[1]/bdi"}
COMMAND: POST /session/298a9cc2a40484f0c35b17e60ac53e2a/execute/sync - {"script":"<script> [56 bytes]","args":[{"element-6066-11e4-a52e-4f735466cecf":"f.F7A39C3863F4D6A216F4478231FD999C.d.FADC8A666764F50321A92FD12CB60C81.e.7849","ELEMENT":"f.F7A39C3863F4D6A216F4478231FD999C.d.FADC8A666764F50321A92FD12CB60C81.e.7849"}]}
RESULT: {"script":"<script> [56 bytes]","args":[{"element-6066-11e4-a52e-4f735466cecf":"f.F7A39C3863F4D6A216F4478231FD999C.d.FADC8A666764F50321A92FD12CB60C81.e.7849","ELEMENT":"f.F7A39C3863F4D6A216F4478231FD999C.d.FADC8A666764F50321A92FD12CB60C81.e.7849"}]}
COMMAND: GET /session/298a9cc2a40484f0c35b17e60ac53e2a/element/f.F7A39C3863F4D6A216F4478231FD999C.d.FADC8A666764F50321A92FD12CB60C81.e.7848/attribute/aria-checked - {}
COMMAND: GET /session/298a9cc2a40484f0c35b17e60ac53e2a/screenshot - {}
RESULT: {}
COMMAND: POST /session/298a9cc2a40484f0c35b17e60ac53e2a/element - {"using":"xpath","value":"//table[contains(@id, \"listView-innerSelectionPanelTable-listUl\")]/tbody/tr[16]/td[2]/div/div"}
RESULT: {}
RESULT: {"using":"xpath","value":"//table[contains(@id, \"listView-innerSelectionPanelTable-listUl\")]/tbody/tr[16]/td[2]/div/div"}
COMMAND: POST /session/298a9cc2a40484f0c35b17e60ac53e2a/element - {"using":"xpath","value":"//table[contains(@id, \"listView-innerSelectionPanelTable-listUl\")]/tbody/tr[16]/td[2]/div"}
RESULT: {"using":"xpath","value":"//table[contains(@id, \"listView-innerSelectionPanelTable-listUl\")]/tbody/tr[16]/td[2]/div"}
COMMAND: POST /session/298a9cc2a40484f0c35b17e60ac53e2a/element - {"using":"xpath","value":"//table[contains(@id, \"listView-innerSelectionPanelTable-listUl\")]/tbody/tr[16]/td[3]/div/div/span/span[1]/bdi"}
RESULT: {"using":"xpath","value":"//table[contains(@id, \"listView-innerSelectionPanelTable-listUl\")]/tbody/tr[16]/td[3]/div/div/span/span[1]/bdi"}
COMMAND: POST /session/298a9cc2a40484f0c35b17e60ac53e2a/execute/sync - {"script":"<script> [56 bytes]","args":[{"element-6066-11e4-a52e-4f735466cecf":"f.F7A39C3863F4D6A216F4478231FD999C.d.FADC8A666764F50321A92FD12CB60C81.e.7852","ELEMENT":"f.F7A39C3863F4D6A216F4478231FD999C.d.FADC8A666764F50321A92FD12CB60C81.e.7852"}]}
RESULT: {"script":"<script> [56 bytes]","args":[{"element-6066-11e4-a52e-4f735466cecf":"f.F7A39C3863F4D6A216F4478231FD999C.d.FADC8A666764F50321A92FD12CB60C81.e.7852","ELEMENT":"f.F7A39C3863F4D6A216F4478231FD999C.d.FADC8A666764F50321A92FD12CB60C81.e.7852"}]}
COMMAND: GET /session/298a9cc2a40484f0c35b17e60ac53e2a/element/f.F7A39C3863F4D6A216F4478231FD999C.d.FADC8A666764F50321A92FD12CB60C81.e.7851/attribute/aria-checked - {}
COMMAND: GET /session/298a9cc2a40484f0c35b17e60ac53e2a/screenshot - {}
RESULT: {}
COMMAND: POST /session/298a9cc2a40484f0c35b17e60ac53e2a/element - {"using":"xpath","value":"//table[contains(@id, \"listView-innerSelectionPanelTable-listUl\")]/tbody/tr[17]/td[2]/div/div"}
RESULT: {}
RESULT: {"using":"xpath","value":"//table[contains(@id, \"listView-innerSelectionPanelTable-listUl\")]/tbody/tr[17]/td[2]/div/div"}
COMMAND: POST /session/298a9cc2a40484f0c35b17e60ac53e2a/element - {"using":"xpath","value":"//table[contains(@id, \"listView-innerSelectionPanelTable-listUl\")]/tbody/tr[17]/td[2]/div"}
RESULT: {"using":"xpath","value":"//table[contains(@id, \"listView-innerSelectionPanelTable-listUl\")]/tbody/tr[17]/td[2]/div"}
COMMAND: POST /session/298a9cc2a40484f0c35b17e60ac53e2a/element - {"using":"xpath","value":"//table[contains(@id, \"listView-innerSelectionPanelTable-listUl\")]/tbody/tr[17]/td[3]/div/div/span/span[1]/bdi"}
RESULT: {"using":"xpath","value":"//table[contains(@id, \"listView-innerSelectionPanelTable-listUl\")]/tbody/tr[17]/td[3]/div/div/span/span[1]/bdi"}
COMMAND: POST /session/298a9cc2a40484f0c35b17e60ac53e2a/execute/sync - {"script":"<script> [56 bytes]","args":[{"element-6066-11e4-a52e-4f735466cecf":"f.F7A39C3863F4D6A216F4478231FD999C.d.FADC8A666764F50321A92FD12CB60C81.e.7855","ELEMENT":"f.F7A39C3863F4D6A216F4478231FD999C.d.FADC8A666764F50321A92FD12CB60C81.e.7855"}]}
RESULT: {"script":"<script> [56 bytes]","args":[{"element-6066-11e4-a52e-4f735466cecf":"f.F7A39C3863F4D6A216F4478231FD999C.d.FADC8A666764F50321A92FD12CB60C81.e.7855","ELEMENT":"f.F7A39C3863F4D6A216F4478231FD999C.d.FADC8A666764F50321A92FD12CB60C81.e.7855"}]}
COMMAND: GET /session/298a9cc2a40484f0c35b17e60ac53e2a/element/f.F7A39C3863F4D6A216F4478231FD999C.d.FADC8A666764F50321A92FD12CB60C81.e.7854/attribute/aria-checked - {}
COMMAND: GET /session/298a9cc2a40484f0c35b17e60ac53e2a/screenshot - {}
RESULT: {}
COMMAND: POST /session/298a9cc2a40484f0c35b17e60ac53e2a/element - {"using":"xpath","value":"//table[contains(@id, \"listView-innerSelectionPanelTable-listUl\")]/tbody/tr[18]/td[2]/div/div"}
RESULT: {}
RESULT: {"using":"xpath","value":"//table[contains(@id, \"listView-innerSelectionPanelTable-listUl\")]/tbody/tr[18]/td[2]/div/div"}
COMMAND: POST /session/298a9cc2a40484f0c35b17e60ac53e2a/element - {"using":"xpath","value":"//table[contains(@id, \"listView-innerSelectionPanelTable-listUl\")]/tbody/tr[18]/td[2]/div"}
RESULT: {"using":"xpath","value":"//table[contains(@id, \"listView-innerSelectionPanelTable-listUl\")]/tbody/tr[18]/td[2]/div"}
COMMAND: POST /session/298a9cc2a40484f0c35b17e60ac53e2a/element - {"using":"xpath","value":"//table[contains(@id, \"listView-innerSelectionPanelTable-listUl\")]/tbody/tr[18]/td[3]/div/div/span/span[1]/bdi"}
RESULT: {"using":"xpath","value":"//table[contains(@id, \"listView-innerSelectionPanelTable-listUl\")]/tbody/tr[18]/td[3]/div/div/span/span[1]/bdi"}
COMMAND: POST /session/298a9cc2a40484f0c35b17e60ac53e2a/execute/sync - {"script":"<script> [56 bytes]","args":[{"element-6066-11e4-a52e-4f735466cecf":"f.F7A39C3863F4D6A216F4478231FD999C.d.FADC8A666764F50321A92FD12CB60C81.e.7858","ELEMENT":"f.F7A39C3863F4D6A216F4478231FD999C.d.FADC8A666764F50321A92FD12CB60C81.e.7858"}]}
RESULT: {"script":"<script> [56 bytes]","args":[{"element-6066-11e4-a52e-4f735466cecf":"f.F7A39C3863F4D6A216F4478231FD999C.d.FADC8A666764F50321A92FD12CB60C81.e.7858","ELEMENT":"f.F7A39C3863F4D6A216F4478231FD999C.d.FADC8A666764F50321A92FD12CB60C81.e.7858"}]}
COMMAND: GET /session/298a9cc2a40484f0c35b17e60ac53e2a/element/f.F7A39C3863F4D6A216F4478231FD999C.d.FADC8A666764F50321A92FD12CB60C81.e.7857/attribute/aria-checked - {}
COMMAND: GET /session/298a9cc2a40484f0c35b17e60ac53e2a/screenshot - {}
RESULT: {}
COMMAND: POST /session/298a9cc2a40484f0c35b17e60ac53e2a/element - {"using":"xpath","value":"//table[contains(@id, \"listView-innerSelectionPanelTable-listUl\")]/tbody/tr[19]/td[2]/div/div"}
RESULT: {}
RESULT: {"using":"xpath","value":"//table[contains(@id, \"listView-innerSelectionPanelTable-listUl\")]/tbody/tr[19]/td[2]/div/div"}
COMMAND: POST /session/298a9cc2a40484f0c35b17e60ac53e2a/element - {"using":"xpath","value":"//table[contains(@id, \"listView-innerSelectionPanelTable-listUl\")]/tbody/tr[19]/td[2]/div"}
RESULT: {"using":"xpath","value":"//table[contains(@id, \"listView-innerSelectionPanelTable-listUl\")]/tbody/tr[19]/td[2]/div"}
COMMAND: POST /session/298a9cc2a40484f0c35b17e60ac53e2a/element - {"using":"xpath","value":"//table[contains(@id, \"listView-innerSelectionPanelTable-listUl\")]/tbody/tr[19]/td[3]/div/div/span/span[1]/bdi"}
RESULT: {"using":"xpath","value":"//table[contains(@id, \"listView-innerSelectionPanelTable-listUl\")]/tbody/tr[19]/td[3]/div/div/span/span[1]/bdi"}
COMMAND: POST /session/298a9cc2a40484f0c35b17e60ac53e2a/execute/sync - {"script":"<script> [56 bytes]","args":[{"element-6066-11e4-a52e-4f735466cecf":"f.F7A39C3863F4D6A216F4478231FD999C.d.FADC8A666764F50321A92FD12CB60C81.e.7861","ELEMENT":"f.F7A39C3863F4D6A216F4478231FD999C.d.FADC8A666764F50321A92FD12CB60C81.e.7861"}]}
RESULT: {"script":"<script> [56 bytes]","args":[{"element-6066-11e4-a52e-4f735466cecf":"f.F7A39C3863F4D6A216F4478231FD999C.d.FADC8A666764F50321A92FD12CB60C81.e.7861","ELEMENT":"f.F7A39C3863F4D6A216F4478231FD999C.d.FADC8A666764F50321A92FD12CB60C81.e.7861"}]}
COMMAND: GET /session/298a9cc2a40484f0c35b17e60ac53e2a/element/f.F7A39C3863F4D6A216F4478231FD999C.d.FADC8A666764F50321A92FD12CB60C81.e.7860/attribute/aria-checked - {}
COMMAND: GET /session/298a9cc2a40484f0c35b17e60ac53e2a/screenshot - {}
RESULT: {}
COMMAND: POST /session/298a9cc2a40484f0c35b17e60ac53e2a/element - {"using":"xpath","value":"//table[contains(@id, \"listView-innerSelectionPanelTable-listUl\")]/tbody/tr[20]/td[2]/div/div"}
RESULT: {}
RESULT: {"using":"xpath","value":"//table[contains(@id, \"listView-innerSelectionPanelTable-listUl\")]/tbody/tr[20]/td[2]/div/div"}
COMMAND: POST /session/298a9cc2a40484f0c35b17e60ac53e2a/element - {"using":"xpath","value":"//table[contains(@id, \"listView-innerSelectionPanelTable-listUl\")]/tbody/tr[20]/td[2]/div"}
RESULT: {"using":"xpath","value":"//table[contains(@id, \"listView-innerSelectionPanelTable-listUl\")]/tbody/tr[20]/td[2]/div"}
COMMAND: POST /session/298a9cc2a40484f0c35b17e60ac53e2a/element - {"using":"xpath","value":"//table[contains(@id, \"listView-innerSelectionPanelTable-listUl\")]/tbody/tr[20]/td[3]/div/div/span/span[1]/bdi"}
RESULT: {"using":"xpath","value":"//table[contains(@id, \"listView-innerSelectionPanelTable-listUl\")]/tbody/tr[20]/td[3]/div/div/span/span[1]/bdi"}
COMMAND: POST /session/298a9cc2a40484f0c35b17e60ac53e2a/execute/sync - {"script":"<script> [56 bytes]","args":[{"element-6066-11e4-a52e-4f735466cecf":"f.F7A39C3863F4D6A216F4478231FD999C.d.FADC8A666764F50321A92FD12CB60C81.e.7864","ELEMENT":"f.F7A39C3863F4D6A216F4478231FD999C.d.FADC8A666764F50321A92FD12CB60C81.e.7864"}]}
RESULT: {"script":"<script> [56 bytes]","args":[{"element-6066-11e4-a52e-4f735466cecf":"f.F7A39C3863F4D6A216F4478231FD999C.d.FADC8A666764F50321A92FD12CB60C81.e.7864","ELEMENT":"f.F7A39C3863F4D6A216F4478231FD999C.d.FADC8A666764F50321A92FD12CB60C81.e.7864"}]}
COMMAND: GET /session/298a9cc2a40484f0c35b17e60ac53e2a/element/f.F7A39C3863F4D6A216F4478231FD999C.d.FADC8A666764F50321A92FD12CB60C81.e.7863/attribute/aria-checked - {}
COMMAND: GET /session/298a9cc2a40484f0c35b17e60ac53e2a/screenshot - {}
RESULT: {}
COMMAND: POST /session/298a9cc2a40484f0c35b17e60ac53e2a/element - {"using":"xpath","value":"//table[contains(@id, \"listView-innerSelectionPanelTable-listUl\")]/tbody/tr[21]/td[2]/div/div"}
COMMAND: POST /session/298a9cc2a40484f0c35b17e60ac53e2a/element/f.F7A39C3863F4D6A216F4478231FD999C.d.FADC8A666764F50321A92FD12CB60C81.e.7862/click - {}
RESULT: {}
RESULT: {}
COMMAND: GET /session/298a9cc2a40484f0c35b17e60ac53e2a/screenshot - {}
RESULT: {"using":"xpath","value":"//table[contains(@id, \"listView-innerSelectionPanelTable-listUl\")]/tbody/tr[21]/td[2]/div/div"}
COMMAND: POST /session/298a9cc2a40484f0c35b17e60ac53e2a/element - {"using":"xpath","value":"//table[contains(@id, \"listView-innerSelectionPanelTable-listUl\")]/tbody/tr[21]/td[2]/div"}
RESULT: {}
RESULT: {"using":"xpath","value":"//table[contains(@id, \"listView-innerSelectionPanelTable-listUl\")]/tbody/tr[21]/td[2]/div"}
COMMAND: POST /session/298a9cc2a40484f0c35b17e60ac53e2a/element - {"using":"xpath","value":"//table[contains(@id, \"listView-innerSelectionPanelTable-listUl\")]/tbody/tr[21]/td[3]/div/div/span/span[1]/bdi"}
RESULT: {"using":"xpath","value":"//table[contains(@id, \"listView-innerSelectionPanelTable-listUl\")]/tbody/tr[21]/td[3]/div/div/span/span[1]/bdi"}
COMMAND: POST /session/298a9cc2a40484f0c35b17e60ac53e2a/execute/sync - {"script":"<script> [56 bytes]","args":[{"element-6066-11e4-a52e-4f735466cecf":"f.F7A39C3863F4D6A216F4478231FD999C.d.FADC8A666764F50321A92FD12CB60C81.e.7870","ELEMENT":"f.F7A39C3863F4D6A216F4478231FD999C.d.FADC8A666764F50321A92FD12CB60C81.e.7870"}]}
RESULT: {"script":"<script> [56 bytes]","args":[{"element-6066-11e4-a52e-4f735466cecf":"f.F7A39C3863F4D6A216F4478231FD999C.d.FADC8A666764F50321A92FD12CB60C81.e.7870","ELEMENT":"f.F7A39C3863F4D6A216F4478231FD999C.d.FADC8A666764F50321A92FD12CB60C81.e.7870"}]}
COMMAND: GET /session/298a9cc2a40484f0c35b17e60ac53e2a/element/f.F7A39C3863F4D6A216F4478231FD999C.d.FADC8A666764F50321A92FD12CB60C81.e.7869/attribute/aria-checked - {}
COMMAND: GET /session/298a9cc2a40484f0c35b17e60ac53e2a/screenshot - {}
RESULT: {}
COMMAND: POST /session/298a9cc2a40484f0c35b17e60ac53e2a/element - {"using":"xpath","value":"//table[contains(@id, \"listView-innerSelectionPanelTable-listUl\")]/tbody/tr[22]/td[2]/div/div"}
COMMAND: POST /session/298a9cc2a40484f0c35b17e60ac53e2a/element/f.F7A39C3863F4D6A216F4478231FD999C.d.FADC8A666764F50321A92FD12CB60C81.e.7868/click - {}
RESULT: {}
RESULT: {"using":"xpath","value":"//table[contains(@id, \"listView-innerSelectionPanelTable-listUl\")]/tbody/tr[22]/td[2]/div/div"}
COMMAND: POST /session/298a9cc2a40484f0c35b17e60ac53e2a/element - {"using":"xpath","value":"//table[contains(@id, \"listView-innerSelectionPanelTable-listUl\")]/tbody/tr[22]/td[2]/div"}
RESULT: {}
COMMAND: GET /session/298a9cc2a40484f0c35b17e60ac53e2a/screenshot - {}
RESULT: {"using":"xpath","value":"//table[contains(@id, \"listView-innerSelectionPanelTable-listUl\")]/tbody/tr[22]/td[2]/div"}
COMMAND: POST /session/298a9cc2a40484f0c35b17e60ac53e2a/element - {"using":"xpath","value":"//table[contains(@id, \"listView-innerSelectionPanelTable-listUl\")]/tbody/tr[22]/td[3]/div/div/span/span[1]/bdi"}
RESULT: {}
RESULT: {"using":"xpath","value":"//table[contains(@id, \"listView-innerSelectionPanelTable-listUl\")]/tbody/tr[22]/td[3]/div/div/span/span[1]/bdi"}
COMMAND: POST /session/298a9cc2a40484f0c35b17e60ac53e2a/execute/sync - {"script":"<script> [56 bytes]","args":[{"element-6066-11e4-a52e-4f735466cecf":"f.F7A39C3863F4D6A216F4478231FD999C.d.FADC8A666764F50321A92FD12CB60C81.e.7874","ELEMENT":"f.F7A39C3863F4D6A216F4478231FD999C.d.FADC8A666764F50321A92FD12CB60C81.e.7874"}]}
RESULT: {"script":"<script> [56 bytes]","args":[{"element-6066-11e4-a52e-4f735466cecf":"f.F7A39C3863F4D6A216F4478231FD999C.d.FADC8A666764F50321A92FD12CB60C81.e.7874","ELEMENT":"f.F7A39C3863F4D6A216F4478231FD999C.d.FADC8A666764F50321A92FD12CB60C81.e.7874"}]}
COMMAND: GET /session/298a9cc2a40484f0c35b17e60ac53e2a/element/f.F7A39C3863F4D6A216F4478231FD999C.d.FADC8A666764F50321A92FD12CB60C81.e.7873/attribute/aria-checked - {}
COMMAND: GET /session/298a9cc2a40484f0c35b17e60ac53e2a/screenshot - {}
RESULT: {}
COMMAND: POST /session/298a9cc2a40484f0c35b17e60ac53e2a/element - {"using":"xpath","value":"//table[contains(@id, \"listView-innerSelectionPanelTable-listUl\")]/tbody/tr[23]/td[2]/div/div"}
RESULT: {}
RESULT: {"using":"xpath","value":"//table[contains(@id, \"listView-innerSelectionPanelTable-listUl\")]/tbody/tr[23]/td[2]/div/div"}
COMMAND: POST /session/298a9cc2a40484f0c35b17e60ac53e2a/element - {"using":"xpath","value":"//table[contains(@id, \"listView-innerSelectionPanelTable-listUl\")]/tbody/tr[23]/td[2]/div"}
RESULT: {"using":"xpath","value":"//table[contains(@id, \"listView-innerSelectionPanelTable-listUl\")]/tbody/tr[23]/td[2]/div"}
COMMAND: POST /session/298a9cc2a40484f0c35b17e60ac53e2a/element - {"using":"xpath","value":"//table[contains(@id, \"listView-innerSelectionPanelTable-listUl\")]/tbody/tr[23]/td[3]/div/div/span/span[1]/bdi"}
RESULT: {"using":"xpath","value":"//table[contains(@id, \"listView-innerSelectionPanelTable-listUl\")]/tbody/tr[23]/td[3]/div/div/span/span[1]/bdi"}
COMMAND: POST /session/298a9cc2a40484f0c35b17e60ac53e2a/execute/sync - {"script":"<script> [56 bytes]","args":[{"element-6066-11e4-a52e-4f735466cecf":"f.F7A39C3863F4D6A216F4478231FD999C.d.FADC8A666764F50321A92FD12CB60C81.e.7877","ELEMENT":"f.F7A39C3863F4D6A216F4478231FD999C.d.FADC8A666764F50321A92FD12CB60C81.e.7877"}]}
RESULT: {"script":"<script> [56 bytes]","args":[{"element-6066-11e4-a52e-4f735466cecf":"f.F7A39C3863F4D6A216F4478231FD999C.d.FADC8A666764F50321A92FD12CB60C81.e.7877","ELEMENT":"f.F7A39C3863F4D6A216F4478231FD999C.d.FADC8A666764F50321A92FD12CB60C81.e.7877"}]}
COMMAND: GET /session/298a9cc2a40484f0c35b17e60ac53e2a/element/f.F7A39C3863F4D6A216F4478231FD999C.d.FADC8A666764F50321A92FD12CB60C81.e.7876/attribute/aria-checked - {}
COMMAND: GET /session/298a9cc2a40484f0c35b17e60ac53e2a/screenshot - {}
RESULT: {}
COMMAND: POST /session/298a9cc2a40484f0c35b17e60ac53e2a/element - {"using":"xpath","value":"//table[contains(@id, \"listView-innerSelectionPanelTable-listUl\")]/tbody/tr[24]/td[2]/div/div"}
RESULT: {}
RESULT: {"using":"xpath","value":"//table[contains(@id, \"listView-innerSelectionPanelTable-listUl\")]/tbody/tr[24]/td[2]/div/div"}
COMMAND: POST /session/298a9cc2a40484f0c35b17e60ac53e2a/element - {"using":"xpath","value":"//table[contains(@id, \"listView-innerSelectionPanelTable-listUl\")]/tbody/tr[24]/td[2]/div"}
RESULT: {"using":"xpath","value":"//table[contains(@id, \"listView-innerSelectionPanelTable-listUl\")]/tbody/tr[24]/td[2]/div"}
COMMAND: POST /session/298a9cc2a40484f0c35b17e60ac53e2a/element - {"using":"xpath","value":"//table[contains(@id, \"listView-innerSelectionPanelTable-listUl\")]/tbody/tr[24]/td[3]/div/div/span/span[1]/bdi"}
RESULT: {"using":"xpath","value":"//table[contains(@id, \"listView-innerSelectionPanelTable-listUl\")]/tbody/tr[24]/td[3]/div/div/span/span[1]/bdi"}
COMMAND: POST /session/298a9cc2a40484f0c35b17e60ac53e2a/execute/sync - {"script":"<script> [56 bytes]","args":[{"element-6066-11e4-a52e-4f735466cecf":"f.F7A39C3863F4D6A216F4478231FD999C.d.FADC8A666764F50321A92FD12CB60C81.e.7880","ELEMENT":"f.F7A39C3863F4D6A216F4478231FD999C.d.FADC8A666764F50321A92FD12CB60C81.e.7880"}]}
RESULT: {"script":"<script> [56 bytes]","args":[{"element-6066-11e4-a52e-4f735466cecf":"f.F7A39C3863F4D6A216F4478231FD999C.d.FADC8A666764F50321A92FD12CB60C81.e.7880","ELEMENT":"f.F7A39C3863F4D6A216F4478231FD999C.d.FADC8A666764F50321A92FD12CB60C81.e.7880"}]}
COMMAND: GET /session/298a9cc2a40484f0c35b17e60ac53e2a/element/f.F7A39C3863F4D6A216F4478231FD999C.d.FADC8A666764F50321A92FD12CB60C81.e.7879/attribute/aria-checked - {}
COMMAND: GET /session/298a9cc2a40484f0c35b17e60ac53e2a/screenshot - {}
RESULT: {}
COMMAND: POST /session/298a9cc2a40484f0c35b17e60ac53e2a/element - {"using":"xpath","value":"//table[contains(@id, \"listView-innerSelectionPanelTable-listUl\")]/tbody/tr[25]/td[2]/div/div"}
RESULT: {}
RESULT: {"using":"xpath","value":"//table[contains(@id, \"listView-innerSelectionPanelTable-listUl\")]/tbody/tr[25]/td[2]/div/div"}
COMMAND: POST /session/298a9cc2a40484f0c35b17e60ac53e2a/element - {"using":"xpath","value":"//table[contains(@id, \"listView-innerSelectionPanelTable-listUl\")]/tbody/tr[25]/td[2]/div"}
RESULT: {"using":"xpath","value":"//table[contains(@id, \"listView-innerSelectionPanelTable-listUl\")]/tbody/tr[25]/td[2]/div"}
COMMAND: POST /session/298a9cc2a40484f0c35b17e60ac53e2a/element - {"using":"xpath","value":"//table[contains(@id, \"listView-innerSelectionPanelTable-listUl\")]/tbody/tr[25]/td[3]/div/div/span/span[1]/bdi"}
RESULT: {"using":"xpath","value":"//table[contains(@id, \"listView-innerSelectionPanelTable-listUl\")]/tbody/tr[25]/td[3]/div/div/span/span[1]/bdi"}
COMMAND: POST /session/298a9cc2a40484f0c35b17e60ac53e2a/execute/sync - {"script":"<script> [56 bytes]","args":[{"element-6066-11e4-a52e-4f735466cecf":"f.F7A39C3863F4D6A216F4478231FD999C.d.FADC8A666764F50321A92FD12CB60C81.e.7883","ELEMENT":"f.F7A39C3863F4D6A216F4478231FD999C.d.FADC8A666764F50321A92FD12CB60C81.e.7883"}]}
RESULT: {"script":"<script> [56 bytes]","args":[{"element-6066-11e4-a52e-4f735466cecf":"f.F7A39C3863F4D6A216F4478231FD999C.d.FADC8A666764F50321A92FD12CB60C81.e.7883","ELEMENT":"f.F7A39C3863F4D6A216F4478231FD999C.d.FADC8A666764F50321A92FD12CB60C81.e.7883"}]}
COMMAND: GET /session/298a9cc2a40484f0c35b17e60ac53e2a/element/f.F7A39C3863F4D6A216F4478231FD999C.d.FADC8A666764F50321A92FD12CB60C81.e.7882/attribute/aria-checked - {}
COMMAND: GET /session/298a9cc2a40484f0c35b17e60ac53e2a/screenshot - {}
RESULT: {}
COMMAND: POST /session/298a9cc2a40484f0c35b17e60ac53e2a/element - {"using":"xpath","value":"//bdi[contains(text(), \"OK\")]"}
RESULT: {}
RESULT: {"using":"xpath","value":"//bdi[contains(text(), \"OK\")]"}
COMMAND: POST /session/298a9cc2a40484f0c35b17e60ac53e2a/element/f.F7A39C3863F4D6A216F4478231FD999C.d.FADC8A666764F50321A92FD12CB60C81.e.7884/click - {}
RESULT: {}
COMMAND: GET /session/298a9cc2a40484f0c35b17e60ac53e2a/screenshot - {}
RESULT: {}
COMMAND: POST /session/298a9cc2a40484f0c35b17e60ac53e2a/execute/async - {"script":"<script> [1562 bytes]","args":[{"selector":{"id":"application-managepartners-display-component---masterPtm--smartFilterBar-filterItemControlA_-LINK_TO_ADDRESSES_MAIN.ID-vhi"},"wdio_ui5_key":"applicationmanagepartners-display-component---masterPtm--smartFilterBar-filterItemControlA_-LINK_TO_ADDRESSES_MAIN.ID-vhi"}]}
RESULT: {"script":"<script> [1562 bytes]","args":[{"selector":{"id":"application-managepartners-display-component---masterPtm--smartFilterBar-filterItemControlA_-LINK_TO_ADDRESSES_MAIN.ID-vhi"},"wdio_ui5_key":"applicationmanagepartners-display-component---masterPtm--smartFilterBar-filterItemControlA_-LINK_TO_ADDRESSES_MAIN.ID-vhi"}]}
RESULT: undefined
COMMAND: POST /session/298a9cc2a40484f0c35b17e60ac53e2a/element - {"using":"xpath","value":"//*[@id=\"application-managepartners-display-component---masterPtm--smartFilterBar-filterItemControlA_-LINK_TO_ADDRESSES_MAIN.ID-vhi\"]"}
RESULT: {"using":"xpath","value":"//*[@id=\"application-managepartners-display-component---masterPtm--smartFilterBar-filterItemControlA_-LINK_TO_ADDRESSES_MAIN.ID-vhi\"]"}
COMMAND: POST /session/298a9cc2a40484f0c35b17e60ac53e2a/element/f.F7A39C3863F4D6A216F4478231FD999C.d.FADC8A666764F50321A92FD12CB60C81.e.7897/click - {}
RESULT: {}
COMMAND: GET /session/298a9cc2a40484f0c35b17e60ac53e2a/screenshot - {}
RESULT: {}
COMMAND: POST /session/298a9cc2a40484f0c35b17e60ac53e2a/element - {"using":"xpath","value":"//div[input[@value=\"contains\"]]//span[contains(@id, \"arrow\")]"}
RESULT: {"using":"xpath","value":"//div[input[@value=\"contains\"]]//span[contains(@id, \"arrow\")]"}
COMMAND: POST /session/298a9cc2a40484f0c35b17e60ac53e2a/element/f.F7A39C3863F4D6A216F4478231FD999C.d.FADC8A666764F50321A92FD12CB60C81.e.7902/click - {}
RESULT: {}
COMMAND: GET /session/298a9cc2a40484f0c35b17e60ac53e2a/screenshot - {}
RESULT: {}
COMMAND: POST /session/298a9cc2a40484f0c35b17e60ac53e2a/element - {"using":"xpath","value":"//li[.//span[text()='equal to']]"}
RESULT: {"using":"xpath","value":"//li[.//span[text()='equal to']]"}
COMMAND: POST /session/298a9cc2a40484f0c35b17e60ac53e2a/element/f.F7A39C3863F4D6A216F4478231FD999C.d.FADC8A666764F50321A92FD12CB60C81.e.7903/click - {}
RESULT: {}
COMMAND: GET /session/298a9cc2a40484f0c35b17e60ac53e2a/screenshot - {}
RESULT: {}
RESULT: undefined
COMMAND: POST /session/298a9cc2a40484f0c35b17e60ac53e2a/execute/async - {"script":"<script> [776 bytes]","args":[{"enterText":"1006","selector":{"controlType":"sap.m.Input","viewName":"etm.portal.ui.managepartners.view.Master","viewId":"application-managepartners-display-component---masterPtm","properties":{"valueState":"None"},"searchOpenDialogs":true,"interaction":{"idSuffix":"inner"}},"clearTextFirst":true,"interactionType":"ENTER_TEXT"}]}
RESULT: {"script":"<script> [776 bytes]","args":[{"enterText":"1006","selector":{"controlType":"sap.m.Input","viewName":"etm.portal.ui.managepartners.view.Master","viewId":"application-managepartners-display-component---masterPtm","properties":{"valueState":"None"},"searchOpenDialogs":true,"interaction":{"idSuffix":"inner"}},"clearTextFirst":true,"interactionType":"ENTER_TEXT"}]}
COMMAND: POST /session/298a9cc2a40484f0c35b17e60ac53e2a/actions - {"actions":[{"id":"action22","type":"key","parameters":{},"actions":[{"type":"keyDown","value":"î€‡"},{"type":"pause","duration":10},{"type":"keyUp","value":"î€‡"}]}]}
RESULT: {"actions":[{"id":"action22","type":"key","parameters":{},"actions":[{"type":"keyDown","value":"î€‡"},{"type":"pause","duration":10},{"type":"keyUp","value":"î€‡"}]}]}
COMMAND: GET /session/298a9cc2a40484f0c35b17e60ac53e2a/screenshot - {}
RESULT: {}
COMMAND: POST /session/298a9cc2a40484f0c35b17e60ac53e2a/element - {"using":"xpath","value":"(//bdi[contains(text(), \"OK\")])[1]"}
RESULT: {"using":"xpath","value":"(//bdi[contains(text(), \"OK\")])[1]"}
COMMAND: POST /session/298a9cc2a40484f0c35b17e60ac53e2a/element/f.F7A39C3863F4D6A216F4478231FD999C.d.FADC8A666764F50321A92FD12CB60C81.e.7904/click - {}
RESULT: {}
COMMAND: GET /session/298a9cc2a40484f0c35b17e60ac53e2a/screenshot - {}
RESULT: {}
COMMAND: POST /session/298a9cc2a40484f0c35b17e60ac53e2a/element - {"using":"xpath","value":"//span[@id=\"application-managepartners-display-component---masterPtm--smartTable-header-inner\"]"}
RESULT: {"using":"xpath","value":"//span[@id=\"application-managepartners-display-component---masterPtm--smartTable-header-inner\"]"}
COMMAND: POST /session/298a9cc2a40484f0c35b17e60ac53e2a/elements - {"using":"xpath","value":"//span[@id=\"application-managepartners-display-component---masterPtm--smartTable-header-inner\"]"}
RESULT: {"using":"xpath","value":"//span[@id=\"application-managepartners-display-component---masterPtm--smartTable-header-inner\"]"}
COMMAND: POST /session/298a9cc2a40484f0c35b17e60ac53e2a/execute/sync - {"script":"<script> [56 bytes]","args":[{"element-6066-11e4-a52e-4f735466cecf":"f.F7A39C3863F4D6A216F4478231FD999C.d.FADC8A666764F50321A92FD12CB60C81.e.7742","ELEMENT":"f.F7A39C3863F4D6A216F4478231FD999C.d.FADC8A666764F50321A92FD12CB60C81.e.7742"}]}
RESULT: {"script":"<script> [56 bytes]","args":[{"element-6066-11e4-a52e-4f735466cecf":"f.F7A39C3863F4D6A216F4478231FD999C.d.FADC8A666764F50321A92FD12CB60C81.e.7742","ELEMENT":"f.F7A39C3863F4D6A216F4478231FD999C.d.FADC8A666764F50321A92FD12CB60C81.e.7742"}]}
COMMAND: POST /session/298a9cc2a40484f0c35b17e60ac53e2a/element - {"using":"xpath","value":"//span[contains(@title, \"Remove\")]"}
COMMAND: GET /session/298a9cc2a40484f0c35b17e60ac53e2a/screenshot - {}
RESULT: {"using":"xpath","value":"//span[contains(@title, \"Remove\")]"}
COMMAND: POST /session/298a9cc2a40484f0c35b17e60ac53e2a/element/f.F7A39C3863F4D6A216F4478231FD999C.d.FADC8A666764F50321A92FD12CB60C81.e.7908/click - {}
RESULT: {}
RESULT: {}
COMMAND: GET /session/298a9cc2a40484f0c35b17e60ac53e2a/screenshot - {}
RESULT: {}
RESULT: undefined
COMMAND: POST /session/298a9cc2a40484f0c35b17e60ac53e2a/element - {"using":"xpath","value":"//*[@id=\"application-managepartners-display-component---masterPtm--smartFilterBar-filterItemControl_BASIC-YARD-vhi\"]"}
RESULT: {"using":"xpath","value":"//*[@id=\"application-managepartners-display-component---masterPtm--smartFilterBar-filterItemControl_BASIC-YARD-vhi\"]"}
COMMAND: POST /session/298a9cc2a40484f0c35b17e60ac53e2a/element/f.F7A39C3863F4D6A216F4478231FD999C.d.FADC8A666764F50321A92FD12CB60C81.e.8011/click - {}
RESULT: {}
COMMAND: GET /session/298a9cc2a40484f0c35b17e60ac53e2a/screenshot - {}
RESULT: {}
RESULT: undefined
COMMAND: POST /session/298a9cc2a40484f0c35b17e60ac53e2a/execute/async - {"script":"<script> [776 bytes]","args":[{"enterText":"Test","selector":{"id":"application-managepartners-display-component---masterPtm--smartFilterBar-filterItemControl_BASIC-YARD-valueHelpDialog-smartFilterBar-btnBasicSearch","searchOpenDialogs":true,"interaction":{"idSuffix":"I"}},"clearTextFirst":true,"interactionType":"ENTER_TEXT"}]}
RESULT: {"script":"<script> [776 bytes]","args":[{"enterText":"Test","selector":{"id":"application-managepartners-display-component---masterPtm--smartFilterBar-filterItemControl_BASIC-YARD-valueHelpDialog-smartFilterBar-btnBasicSearch","searchOpenDialogs":true,"interaction":{"idSuffix":"I"}},"clearTextFirst":true,"interactionType":"ENTER_TEXT"}]}
COMMAND: POST /session/298a9cc2a40484f0c35b17e60ac53e2a/actions - {"actions":[{"id":"action23","type":"key","parameters":{},"actions":[{"type":"keyDown","value":"î€‡"},{"type":"pause","duration":10},{"type":"keyUp","value":"î€‡"}]}]}
RESULT: {"actions":[{"id":"action23","type":"key","parameters":{},"actions":[{"type":"keyDown","value":"î€‡"},{"type":"pause","duration":10},{"type":"keyUp","value":"î€‡"}]}]}
COMMAND: POST /session/298a9cc2a40484f0c35b17e60ac53e2a/elements - {"using":"xpath","value":"//table[contains(@id, \"smartFilterBar-filterItemControl_BASIC-YARD-valueHelpDialog-table-table\")]/tbody/tr"}
COMMAND: GET /session/298a9cc2a40484f0c35b17e60ac53e2a/screenshot - {}
RESULT: {"using":"xpath","value":"//table[contains(@id, \"smartFilterBar-filterItemControl_BASIC-YARD-valueHelpDialog-table-table\")]/tbody/tr"}
COMMAND: POST /session/298a9cc2a40484f0c35b17e60ac53e2a/element - {"using":"xpath","value":"//table[contains(@id, \"smartFilterBar-filterItemControl_BASIC-YARD-valueHelpDialog-table-table\")]/tbody/tr[1]/td[1]/div/span"}
RESULT: {}
RESULT: {"using":"xpath","value":"//table[contains(@id, \"smartFilterBar-filterItemControl_BASIC-YARD-valueHelpDialog-table-table\")]/tbody/tr[1]/td[1]/div/span"}
COMMAND: POST /session/298a9cc2a40484f0c35b17e60ac53e2a/elements - {"using":"xpath","value":"//table[contains(@id, \"smartFilterBar-filterItemControl_BASIC-YARD-valueHelpDialog-table-table\")]/tbody/tr[1]/td[1]/div/span"}
RESULT: {"using":"xpath","value":"//table[contains(@id, \"smartFilterBar-filterItemControl_BASIC-YARD-valueHelpDialog-table-table\")]/tbody/tr[1]/td[1]/div/span"}
COMMAND: POST /session/298a9cc2a40484f0c35b17e60ac53e2a/execute/sync - {"script":"<script> [56 bytes]","args":[{"element-6066-11e4-a52e-4f735466cecf":"f.F7A39C3863F4D6A216F4478231FD999C.d.FADC8A666764F50321A92FD12CB60C81.e.8031","ELEMENT":"f.F7A39C3863F4D6A216F4478231FD999C.d.FADC8A666764F50321A92FD12CB60C81.e.8031"}]}
RESULT: {"script":"<script> [56 bytes]","args":[{"element-6066-11e4-a52e-4f735466cecf":"f.F7A39C3863F4D6A216F4478231FD999C.d.FADC8A666764F50321A92FD12CB60C81.e.8031","ELEMENT":"f.F7A39C3863F4D6A216F4478231FD999C.d.FADC8A666764F50321A92FD12CB60C81.e.8031"}]}
COMMAND: POST /session/298a9cc2a40484f0c35b17e60ac53e2a/element - {"using":"xpath","value":"//table[contains(@id, \"smartFilterBar-filterItemControl_BASIC-YARD-valueHelpDialog-table-table\")]/tbody/tr[2]/td[1]/div/span"}
COMMAND: GET /session/298a9cc2a40484f0c35b17e60ac53e2a/screenshot - {}
RESULT: {"using":"xpath","value":"//table[contains(@id, \"smartFilterBar-filterItemControl_BASIC-YARD-valueHelpDialog-table-table\")]/tbody/tr[2]/td[1]/div/span"}
COMMAND: POST /session/298a9cc2a40484f0c35b17e60ac53e2a/elements - {"using":"xpath","value":"//table[contains(@id, \"smartFilterBar-filterItemControl_BASIC-YARD-valueHelpDialog-table-table\")]/tbody/tr[2]/td[1]/div/span"}
RESULT: {}
RESULT: {"using":"xpath","value":"//table[contains(@id, \"smartFilterBar-filterItemControl_BASIC-YARD-valueHelpDialog-table-table\")]/tbody/tr[2]/td[1]/div/span"}
COMMAND: POST /session/298a9cc2a40484f0c35b17e60ac53e2a/execute/sync - {"script":"<script> [56 bytes]","args":[{"element-6066-11e4-a52e-4f735466cecf":"f.F7A39C3863F4D6A216F4478231FD999C.d.FADC8A666764F50321A92FD12CB60C81.e.8032","ELEMENT":"f.F7A39C3863F4D6A216F4478231FD999C.d.FADC8A666764F50321A92FD12CB60C81.e.8032"}]}
RESULT: {"script":"<script> [56 bytes]","args":[{"element-6066-11e4-a52e-4f735466cecf":"f.F7A39C3863F4D6A216F4478231FD999C.d.FADC8A666764F50321A92FD12CB60C81.e.8032","ELEMENT":"f.F7A39C3863F4D6A216F4478231FD999C.d.FADC8A666764F50321A92FD12CB60C81.e.8032"}]}
COMMAND: POST /session/298a9cc2a40484f0c35b17e60ac53e2a/element - {"using":"xpath","value":"//table[contains(@id, \"smartFilterBar-filterItemControl_BASIC-YARD-valueHelpDialog-table-table\")]/tbody/tr[3]/td[1]/div/span"}
COMMAND: GET /session/298a9cc2a40484f0c35b17e60ac53e2a/screenshot - {}
RESULT: {"using":"xpath","value":"//table[contains(@id, \"smartFilterBar-filterItemControl_BASIC-YARD-valueHelpDialog-table-table\")]/tbody/tr[3]/td[1]/div/span"}
COMMAND: POST /session/298a9cc2a40484f0c35b17e60ac53e2a/elements - {"using":"xpath","value":"//table[contains(@id, \"smartFilterBar-filterItemControl_BASIC-YARD-valueHelpDialog-table-table\")]/tbody/tr[3]/td[1]/div/span"}
RESULT: {}
RESULT: {"using":"xpath","value":"//table[contains(@id, \"smartFilterBar-filterItemControl_BASIC-YARD-valueHelpDialog-table-table\")]/tbody/tr[3]/td[1]/div/span"}
COMMAND: POST /session/298a9cc2a40484f0c35b17e60ac53e2a/execute/sync - {"script":"<script> [56 bytes]","args":[{"element-6066-11e4-a52e-4f735466cecf":"f.F7A39C3863F4D6A216F4478231FD999C.d.FADC8A666764F50321A92FD12CB60C81.e.8033","ELEMENT":"f.F7A39C3863F4D6A216F4478231FD999C.d.FADC8A666764F50321A92FD12CB60C81.e.8033"}]}
RESULT: {"script":"<script> [56 bytes]","args":[{"element-6066-11e4-a52e-4f735466cecf":"f.F7A39C3863F4D6A216F4478231FD999C.d.FADC8A666764F50321A92FD12CB60C81.e.8033","ELEMENT":"f.F7A39C3863F4D6A216F4478231FD999C.d.FADC8A666764F50321A92FD12CB60C81.e.8033"}]}
COMMAND: POST /session/298a9cc2a40484f0c35b17e60ac53e2a/element - {"using":"xpath","value":"//div[contains(@id, \"filterItemControl_BASIC-YARD-valueHelpDialog-table-rowsel2\")]"}
COMMAND: GET /session/298a9cc2a40484f0c35b17e60ac53e2a/screenshot - {}
RESULT: {"using":"xpath","value":"//div[contains(@id, \"filterItemControl_BASIC-YARD-valueHelpDialog-table-rowsel2\")]"}
COMMAND: POST /session/298a9cc2a40484f0c35b17e60ac53e2a/element/f.F7A39C3863F4D6A216F4478231FD999C.d.FADC8A666764F50321A92FD12CB60C81.e.8034/click - {}
RESULT: {}
RESULT: {}
COMMAND: GET /session/298a9cc2a40484f0c35b17e60ac53e2a/screenshot - {}
RESULT: {}
COMMAND: POST /session/298a9cc2a40484f0c35b17e60ac53e2a/element - {"using":"xpath","value":"(//bdi[contains(text(), \"OK\")])[1]"}
RESULT: {"using":"xpath","value":"(//bdi[contains(text(), \"OK\")])[1]"}
COMMAND: POST /session/298a9cc2a40484f0c35b17e60ac53e2a/element/f.F7A39C3863F4D6A216F4478231FD999C.d.FADC8A666764F50321A92FD12CB60C81.e.8036/click - {}
RESULT: {}
COMMAND: GET /session/298a9cc2a40484f0c35b17e60ac53e2a/screenshot - {}
RESULT: {}
COMMAND: POST /session/298a9cc2a40484f0c35b17e60ac53e2a/element - {"using":"xpath","value":"//span[@id=\"application-managepartners-display-component---masterPtm--smartTable-header-inner\"]"}
RESULT: {"using":"xpath","value":"//span[@id=\"application-managepartners-display-component---masterPtm--smartTable-header-inner\"]"}
COMMAND: POST /session/298a9cc2a40484f0c35b17e60ac53e2a/elements - {"using":"xpath","value":"//span[@id=\"application-managepartners-display-component---masterPtm--smartTable-header-inner\"]"}
RESULT: {"using":"xpath","value":"//span[@id=\"application-managepartners-display-component---masterPtm--smartTable-header-inner\"]"}
COMMAND: POST /session/298a9cc2a40484f0c35b17e60ac53e2a/execute/sync - {"script":"<script> [56 bytes]","args":[{"element-6066-11e4-a52e-4f735466cecf":"f.F7A39C3863F4D6A216F4478231FD999C.d.FADC8A666764F50321A92FD12CB60C81.e.7742","ELEMENT":"f.F7A39C3863F4D6A216F4478231FD999C.d.FADC8A666764F50321A92FD12CB60C81.e.7742"}]}
RESULT: {"script":"<script> [56 bytes]","args":[{"element-6066-11e4-a52e-4f735466cecf":"f.F7A39C3863F4D6A216F4478231FD999C.d.FADC8A666764F50321A92FD12CB60C81.e.7742","ELEMENT":"f.F7A39C3863F4D6A216F4478231FD999C.d.FADC8A666764F50321A92FD12CB60C81.e.7742"}]}
COMMAND: POST /session/298a9cc2a40484f0c35b17e60ac53e2a/element - {"using":"xpath","value":"//span[contains(@title, \"Remove\")]"}
COMMAND: GET /session/298a9cc2a40484f0c35b17e60ac53e2a/screenshot - {}
RESULT: {"using":"xpath","value":"//span[contains(@title, \"Remove\")]"}
COMMAND: POST /session/298a9cc2a40484f0c35b17e60ac53e2a/element/f.F7A39C3863F4D6A216F4478231FD999C.d.FADC8A666764F50321A92FD12CB60C81.e.8049/click - {}
RESULT: {}
RESULT: {}
COMMAND: GET /session/298a9cc2a40484f0c35b17e60ac53e2a/screenshot - {}
RESULT: undefined
COMMAND: POST /session/298a9cc2a40484f0c35b17e60ac53e2a/element - {"using":"xpath","value":"//*[@id=\"application-managepartners-display-component---masterPtm--smartFilterBar-filterItemControl_BASIC-MAIN_ADDRESS-vhi\"]"}
RESULT: {}
RESULT: {"using":"xpath","value":"//*[@id=\"application-managepartners-display-component---masterPtm--smartFilterBar-filterItemControl_BASIC-MAIN_ADDRESS-vhi\"]"}
COMMAND: POST /session/298a9cc2a40484f0c35b17e60ac53e2a/element/f.F7A39C3863F4D6A216F4478231FD999C.d.FADC8A666764F50321A92FD12CB60C81.e.8153/click - {}
RESULT: {}
COMMAND: GET /session/298a9cc2a40484f0c35b17e60ac53e2a/screenshot - {}
RESULT: {}
RESULT: undefined
COMMAND: POST /session/298a9cc2a40484f0c35b17e60ac53e2a/execute/async - {"script":"<script> [776 bytes]","args":[{"enterText":"Romania","selector":{"id":"application-managepartners-display-component---masterPtm--smartFilterBar-filterItemControl_BASIC-MAIN_ADDRESS-valueHelpDialog-smartFilterBar-btnBasicSearch","searchOpenDialogs":true,"interaction":{"idSuffix":"I"}},"clearTextFirst":true,"interactionType":"ENTER_TEXT"}]}
RESULT: {"script":"<script> [776 bytes]","args":[{"enterText":"Romania","selector":{"id":"application-managepartners-display-component---masterPtm--smartFilterBar-filterItemControl_BASIC-MAIN_ADDRESS-valueHelpDialog-smartFilterBar-btnBasicSearch","searchOpenDialogs":true,"interaction":{"idSuffix":"I"}},"clearTextFirst":true,"interactionType":"ENTER_TEXT"}]}
COMMAND: POST /session/298a9cc2a40484f0c35b17e60ac53e2a/actions - {"actions":[{"id":"action24","type":"key","parameters":{},"actions":[{"type":"keyDown","value":"î€‡"},{"type":"pause","duration":10},{"type":"keyUp","value":"î€‡"}]}]}
RESULT: {"actions":[{"id":"action24","type":"key","parameters":{},"actions":[{"type":"keyDown","value":"î€‡"},{"type":"pause","duration":10},{"type":"keyUp","value":"î€‡"}]}]}
COMMAND: POST /session/298a9cc2a40484f0c35b17e60ac53e2a/elements - {"using":"xpath","value":"//table[contains(@id, \"smartFilterBar-filterItemControl_BASIC-MAIN_ADDRESS-valueHelpDialog-table-table\")]/tbody/tr"}
COMMAND: GET /session/298a9cc2a40484f0c35b17e60ac53e2a/screenshot - {}
RESULT: {"using":"xpath","value":"//table[contains(@id, \"smartFilterBar-filterItemControl_BASIC-MAIN_ADDRESS-valueHelpDialog-table-table\")]/tbody/tr"}
COMMAND: POST /session/298a9cc2a40484f0c35b17e60ac53e2a/element - {"using":"xpath","value":"//table[contains(@id, \"smartFilterBar-filterItemControl_BASIC-MAIN_ADDRESS-valueHelpDialog-table-table\")]/tbody/tr[1]/td[1]/div/span"}
RESULT: {}
RESULT: {"using":"xpath","value":"//table[contains(@id, \"smartFilterBar-filterItemControl_BASIC-MAIN_ADDRESS-valueHelpDialog-table-table\")]/tbody/tr[1]/td[1]/div/span"}
COMMAND: POST /session/298a9cc2a40484f0c35b17e60ac53e2a/elements - {"using":"xpath","value":"//table[contains(@id, \"smartFilterBar-filterItemControl_BASIC-MAIN_ADDRESS-valueHelpDialog-table-table\")]/tbody/tr[1]/td[1]/div/span"}
RESULT: {"using":"xpath","value":"//table[contains(@id, \"smartFilterBar-filterItemControl_BASIC-MAIN_ADDRESS-valueHelpDialog-table-table\")]/tbody/tr[1]/td[1]/div/span"}
COMMAND: POST /session/298a9cc2a40484f0c35b17e60ac53e2a/execute/sync - {"script":"<script> [56 bytes]","args":[{"element-6066-11e4-a52e-4f735466cecf":"f.F7A39C3863F4D6A216F4478231FD999C.d.FADC8A666764F50321A92FD12CB60C81.e.8174","ELEMENT":"f.F7A39C3863F4D6A216F4478231FD999C.d.FADC8A666764F50321A92FD12CB60C81.e.8174"}]}
RESULT: {"script":"<script> [56 bytes]","args":[{"element-6066-11e4-a52e-4f735466cecf":"f.F7A39C3863F4D6A216F4478231FD999C.d.FADC8A666764F50321A92FD12CB60C81.e.8174","ELEMENT":"f.F7A39C3863F4D6A216F4478231FD999C.d.FADC8A666764F50321A92FD12CB60C81.e.8174"}]}
COMMAND: POST /session/298a9cc2a40484f0c35b17e60ac53e2a/element - {"using":"xpath","value":"//div[contains(@id, \"filterItemControl_BASIC-MAIN_ADDRESS-valueHelpDialog-table-rowsel0\")]"}
COMMAND: GET /session/298a9cc2a40484f0c35b17e60ac53e2a/screenshot - {}
RESULT: {"using":"xpath","value":"//div[contains(@id, \"filterItemControl_BASIC-MAIN_ADDRESS-valueHelpDialog-table-rowsel0\")]"}
COMMAND: POST /session/298a9cc2a40484f0c35b17e60ac53e2a/element/f.F7A39C3863F4D6A216F4478231FD999C.d.FADC8A666764F50321A92FD12CB60C81.e.8175/click - {}
RESULT: {}
RESULT: {}
COMMAND: GET /session/298a9cc2a40484f0c35b17e60ac53e2a/screenshot - {}
RESULT: {}
COMMAND: POST /session/298a9cc2a40484f0c35b17e60ac53e2a/element - {"using":"xpath","value":"(//bdi[contains(text(), \"OK\")])[1]"}
RESULT: {"using":"xpath","value":"(//bdi[contains(text(), \"OK\")])[1]"}
COMMAND: POST /session/298a9cc2a40484f0c35b17e60ac53e2a/element/f.F7A39C3863F4D6A216F4478231FD999C.d.FADC8A666764F50321A92FD12CB60C81.e.8177/click - {}
RESULT: {}
COMMAND: GET /session/298a9cc2a40484f0c35b17e60ac53e2a/screenshot - {}
RESULT: {}
COMMAND: POST /session/298a9cc2a40484f0c35b17e60ac53e2a/element - {"using":"xpath","value":"//span[@id=\"application-managepartners-display-component---masterPtm--smartTable-header-inner\"]"}
RESULT: {"using":"xpath","value":"//span[@id=\"application-managepartners-display-component---masterPtm--smartTable-header-inner\"]"}
COMMAND: POST /session/298a9cc2a40484f0c35b17e60ac53e2a/elements - {"using":"xpath","value":"//span[@id=\"application-managepartners-display-component---masterPtm--smartTable-header-inner\"]"}
RESULT: {"using":"xpath","value":"//span[@id=\"application-managepartners-display-component---masterPtm--smartTable-header-inner\"]"}
COMMAND: POST /session/298a9cc2a40484f0c35b17e60ac53e2a/execute/sync - {"script":"<script> [56 bytes]","args":[{"element-6066-11e4-a52e-4f735466cecf":"f.F7A39C3863F4D6A216F4478231FD999C.d.FADC8A666764F50321A92FD12CB60C81.e.7742","ELEMENT":"f.F7A39C3863F4D6A216F4478231FD999C.d.FADC8A666764F50321A92FD12CB60C81.e.7742"}]}
RESULT: {"script":"<script> [56 bytes]","args":[{"element-6066-11e4-a52e-4f735466cecf":"f.F7A39C3863F4D6A216F4478231FD999C.d.FADC8A666764F50321A92FD12CB60C81.e.7742","ELEMENT":"f.F7A39C3863F4D6A216F4478231FD999C.d.FADC8A666764F50321A92FD12CB60C81.e.7742"}]}
COMMAND: POST /session/298a9cc2a40484f0c35b17e60ac53e2a/element - {"using":"xpath","value":"//span[contains(@title, \"Remove\")]"}
COMMAND: GET /session/298a9cc2a40484f0c35b17e60ac53e2a/screenshot - {}
RESULT: {"using":"xpath","value":"//span[contains(@title, \"Remove\")]"}
COMMAND: POST /session/298a9cc2a40484f0c35b17e60ac53e2a/element/f.F7A39C3863F4D6A216F4478231FD999C.d.FADC8A666764F50321A92FD12CB60C81.e.8190/click - {}
RESULT: {}
RESULT: {}
COMMAND: GET /session/298a9cc2a40484f0c35b17e60ac53e2a/screenshot - {}
RESULT: {}
COMMAND: POST /session/298a9cc2a40484f0c35b17e60ac53e2a/execute/async - {"script":"<script> [1562 bytes]","args":[{"selector":{"id":"application-managepartners-display-component---masterPtm--catalogs-arrow"},"wdio_ui5_key":"applicationmanagepartners-display-component---masterPtm--catalogs-arrow"}]}
RESULT: {"script":"<script> [1562 bytes]","args":[{"selector":{"id":"application-managepartners-display-component---masterPtm--catalogs-arrow"},"wdio_ui5_key":"applicationmanagepartners-display-component---masterPtm--catalogs-arrow"}]}
RESULT: undefined
COMMAND: POST /session/298a9cc2a40484f0c35b17e60ac53e2a/element - {"using":"xpath","value":"//*[@id=\"application-managepartners-display-component---masterPtm--catalogs-arrow\"]"}
RESULT: {"using":"xpath","value":"//*[@id=\"application-managepartners-display-component---masterPtm--catalogs-arrow\"]"}
COMMAND: POST /session/298a9cc2a40484f0c35b17e60ac53e2a/element/f.F7A39C3863F4D6A216F4478231FD999C.d.FADC8A666764F50321A92FD12CB60C81.e.8295/click - {}
RESULT: {}
COMMAND: GET /session/298a9cc2a40484f0c35b17e60ac53e2a/screenshot - {}
RESULT: {}
COMMAND: POST /session/298a9cc2a40484f0c35b17e60ac53e2a/element - {"using":"xpath","value":"//li[.//span[text()=\"Webshop Catalog\"]]//div[contains(@class,\"sapMCbBg\")]"}
RESULT: {"using":"xpath","value":"//li[.//span[text()=\"Webshop Catalog\"]]//div[contains(@class,\"sapMCbBg\")]"}
COMMAND: POST /session/298a9cc2a40484f0c35b17e60ac53e2a/element/f.F7A39C3863F4D6A216F4478231FD999C.d.FADC8A666764F50321A92FD12CB60C81.e.8307/click - {}
RESULT: {}
COMMAND: GET /session/298a9cc2a40484f0c35b17e60ac53e2a/screenshot - {}
RESULT: {}
RESULT: undefined
COMMAND: POST /session/298a9cc2a40484f0c35b17e60ac53e2a/element - {"using":"xpath","value":"//*[@id=\"application-managepartners-display-component---masterPtm--catalogs-arrow\"]"}
RESULT: {"using":"xpath","value":"//*[@id=\"application-managepartners-display-component---masterPtm--catalogs-arrow\"]"}
COMMAND: POST /session/298a9cc2a40484f0c35b17e60ac53e2a/element/f.F7A39C3863F4D6A216F4478231FD999C.d.FADC8A666764F50321A92FD12CB60C81.e.8295/click - {}
RESULT: {}
COMMAND: POST /session/298a9cc2a40484f0c35b17e60ac53e2a/element - {"using":"xpath","value":"//span[@id=\"application-managepartners-display-component---masterPtm--smartTable-header-inner\"]"}
COMMAND: GET /session/298a9cc2a40484f0c35b17e60ac53e2a/screenshot - {}
RESULT: {"using":"xpath","value":"//span[@id=\"application-managepartners-display-component---masterPtm--smartTable-header-inner\"]"}
COMMAND: POST /session/298a9cc2a40484f0c35b17e60ac53e2a/elements - {"using":"xpath","value":"//span[@id=\"application-managepartners-display-component---masterPtm--smartTable-header-inner\"]"}
RESULT: {}
RESULT: {"using":"xpath","value":"//span[@id=\"application-managepartners-display-component---masterPtm--smartTable-header-inner\"]"}
COMMAND: POST /session/298a9cc2a40484f0c35b17e60ac53e2a/execute/sync - {"script":"<script> [56 bytes]","args":[{"element-6066-11e4-a52e-4f735466cecf":"f.F7A39C3863F4D6A216F4478231FD999C.d.FADC8A666764F50321A92FD12CB60C81.e.7742","ELEMENT":"f.F7A39C3863F4D6A216F4478231FD999C.d.FADC8A666764F50321A92FD12CB60C81.e.7742"}]}
RESULT: {"script":"<script> [56 bytes]","args":[{"element-6066-11e4-a52e-4f735466cecf":"f.F7A39C3863F4D6A216F4478231FD999C.d.FADC8A666764F50321A92FD12CB60C81.e.7742","ELEMENT":"f.F7A39C3863F4D6A216F4478231FD999C.d.FADC8A666764F50321A92FD12CB60C81.e.7742"}]}
COMMAND: POST /session/298a9cc2a40484f0c35b17e60ac53e2a/element - {"using":"xpath","value":"//span[contains(@title, \"Remove\")]"}
COMMAND: GET /session/298a9cc2a40484f0c35b17e60ac53e2a/screenshot - {}
RESULT: {"using":"xpath","value":"//span[contains(@title, \"Remove\")]"}
COMMAND: POST /session/298a9cc2a40484f0c35b17e60ac53e2a/element/f.F7A39C3863F4D6A216F4478231FD999C.d.FADC8A666764F50321A92FD12CB60C81.e.8323/click - {}
RESULT: {}
RESULT: {}
COMMAND: GET /session/298a9cc2a40484f0c35b17e60ac53e2a/screenshot - {}
RESULT: {}
COMMAND: POST /session/298a9cc2a40484f0c35b17e60ac53e2a/execute/async - {"script":"<script> [1562 bytes]","args":[{"selector":{"id":"application-managepartners-display-component---masterPtm--currencies-arrow"},"wdio_ui5_key":"applicationmanagepartners-display-component---masterPtm--currencies-arrow"}]}
RESULT: {"script":"<script> [1562 bytes]","args":[{"selector":{"id":"application-managepartners-display-component---masterPtm--currencies-arrow"},"wdio_ui5_key":"applicationmanagepartners-display-component---masterPtm--currencies-arrow"}]}
RESULT: undefined
COMMAND: POST /session/298a9cc2a40484f0c35b17e60ac53e2a/element - {"using":"xpath","value":"//*[@id=\"application-managepartners-display-component---masterPtm--currencies-arrow\"]"}
RESULT: {"using":"xpath","value":"//*[@id=\"application-managepartners-display-component---masterPtm--currencies-arrow\"]"}
COMMAND: POST /session/298a9cc2a40484f0c35b17e60ac53e2a/element/f.F7A39C3863F4D6A216F4478231FD999C.d.FADC8A666764F50321A92FD12CB60C81.e.8363/click - {}
RESULT: {}
COMMAND: GET /session/298a9cc2a40484f0c35b17e60ac53e2a/screenshot - {}
RESULT: {}
COMMAND: POST /session/298a9cc2a40484f0c35b17e60ac53e2a/element - {"using":"xpath","value":"//li[.//span[text()=\"US Dollar\"]]//div[contains(@class,\"sapMCbBg\")]"}
RESULT: {"using":"xpath","value":"//li[.//span[text()=\"US Dollar\"]]//div[contains(@class,\"sapMCbBg\")]"}
COMMAND: POST /session/298a9cc2a40484f0c35b17e60ac53e2a/element/f.F7A39C3863F4D6A216F4478231FD999C.d.FADC8A666764F50321A92FD12CB60C81.e.8366/click - {}
RESULT: {}
COMMAND: GET /session/298a9cc2a40484f0c35b17e60ac53e2a/screenshot - {}
RESULT: undefined
COMMAND: POST /session/298a9cc2a40484f0c35b17e60ac53e2a/element - {"using":"xpath","value":"//*[@id=\"application-managepartners-display-component---masterPtm--currencies-arrow\"]"}
RESULT: {}
RESULT: {"using":"xpath","value":"//*[@id=\"application-managepartners-display-component---masterPtm--currencies-arrow\"]"}
COMMAND: POST /session/298a9cc2a40484f0c35b17e60ac53e2a/element/f.F7A39C3863F4D6A216F4478231FD999C.d.FADC8A666764F50321A92FD12CB60C81.e.8363/click - {}
RESULT: {}
COMMAND: POST /session/298a9cc2a40484f0c35b17e60ac53e2a/element - {"using":"xpath","value":"//span[@id=\"application-managepartners-display-component---masterPtm--smartTable-header-inner\"]"}
COMMAND: GET /session/298a9cc2a40484f0c35b17e60ac53e2a/screenshot - {}
RESULT: {"using":"xpath","value":"//span[@id=\"application-managepartners-display-component---masterPtm--smartTable-header-inner\"]"}
COMMAND: POST /session/298a9cc2a40484f0c35b17e60ac53e2a/elements - {"using":"xpath","value":"//span[@id=\"application-managepartners-display-component---masterPtm--smartTable-header-inner\"]"}
RESULT: {}
RESULT: {"using":"xpath","value":"//span[@id=\"application-managepartners-display-component---masterPtm--smartTable-header-inner\"]"}
COMMAND: POST /session/298a9cc2a40484f0c35b17e60ac53e2a/execute/sync - {"script":"<script> [56 bytes]","args":[{"element-6066-11e4-a52e-4f735466cecf":"f.F7A39C3863F4D6A216F4478231FD999C.d.FADC8A666764F50321A92FD12CB60C81.e.7742","ELEMENT":"f.F7A39C3863F4D6A216F4478231FD999C.d.FADC8A666764F50321A92FD12CB60C81.e.7742"}]}
RESULT: {"script":"<script> [56 bytes]","args":[{"element-6066-11e4-a52e-4f735466cecf":"f.F7A39C3863F4D6A216F4478231FD999C.d.FADC8A666764F50321A92FD12CB60C81.e.7742","ELEMENT":"f.F7A39C3863F4D6A216F4478231FD999C.d.FADC8A666764F50321A92FD12CB60C81.e.7742"}]}
COMMAND: POST /session/298a9cc2a40484f0c35b17e60ac53e2a/element - {"using":"xpath","value":"//span[contains(@title, \"Remove\")]"}
COMMAND: GET /session/298a9cc2a40484f0c35b17e60ac53e2a/screenshot - {}
RESULT: {"using":"xpath","value":"//span[contains(@title, \"Remove\")]"}
COMMAND: POST /session/298a9cc2a40484f0c35b17e60ac53e2a/element/f.F7A39C3863F4D6A216F4478231FD999C.d.FADC8A666764F50321A92FD12CB60C81.e.8525/click - {}
RESULT: {}
RESULT: {}
COMMAND: GET /session/298a9cc2a40484f0c35b17e60ac53e2a/screenshot - {}
RESULT: {}
COMMAND: POST /session/298a9cc2a40484f0c35b17e60ac53e2a/execute/async - {"script":"<script> [1562 bytes]","args":[{"selector":{"id":"application-managepartners-display-component---masterPtm--languages-arrow"},"wdio_ui5_key":"applicationmanagepartners-display-component---masterPtm--languages-arrow"}]}
RESULT: {"script":"<script> [1562 bytes]","args":[{"selector":{"id":"application-managepartners-display-component---masterPtm--languages-arrow"},"wdio_ui5_key":"applicationmanagepartners-display-component---masterPtm--languages-arrow"}]}
RESULT: undefined
COMMAND: POST /session/298a9cc2a40484f0c35b17e60ac53e2a/element - {"using":"xpath","value":"//*[@id=\"application-managepartners-display-component---masterPtm--languages-arrow\"]"}
RESULT: {"using":"xpath","value":"//*[@id=\"application-managepartners-display-component---masterPtm--languages-arrow\"]"}
COMMAND: POST /session/298a9cc2a40484f0c35b17e60ac53e2a/element/f.F7A39C3863F4D6A216F4478231FD999C.d.FADC8A666764F50321A92FD12CB60C81.e.8607/click - {}
RESULT: {}
COMMAND: GET /session/298a9cc2a40484f0c35b17e60ac53e2a/screenshot - {}
RESULT: {}
COMMAND: POST /session/298a9cc2a40484f0c35b17e60ac53e2a/element - {"using":"xpath","value":"//li[.//span[text()=\"German\"]]//div[contains(@class,\"sapMCbBg\")]"}
RESULT: {"using":"xpath","value":"//li[.//span[text()=\"German\"]]//div[contains(@class,\"sapMCbBg\")]"}
COMMAND: POST /session/298a9cc2a40484f0c35b17e60ac53e2a/element/f.F7A39C3863F4D6A216F4478231FD999C.d.FADC8A666764F50321A92FD12CB60C81.e.8651/click - {}
RESULT: {}
COMMAND: GET /session/298a9cc2a40484f0c35b17e60ac53e2a/screenshot - {}
RESULT: {}
RESULT: undefined
COMMAND: POST /session/298a9cc2a40484f0c35b17e60ac53e2a/element - {"using":"xpath","value":"//*[@id=\"application-managepartners-display-component---masterPtm--languages-arrow\"]"}
RESULT: {"using":"xpath","value":"//*[@id=\"application-managepartners-display-component---masterPtm--languages-arrow\"]"}
COMMAND: POST /session/298a9cc2a40484f0c35b17e60ac53e2a/element/f.F7A39C3863F4D6A216F4478231FD999C.d.FADC8A666764F50321A92FD12CB60C81.e.8607/click - {}
RESULT: {}
COMMAND: POST /session/298a9cc2a40484f0c35b17e60ac53e2a/element - {"using":"xpath","value":"//span[@id=\"application-managepartners-display-component---masterPtm--smartTable-header-inner\"]"}
COMMAND: GET /session/298a9cc2a40484f0c35b17e60ac53e2a/screenshot - {}
RESULT: {"using":"xpath","value":"//span[@id=\"application-managepartners-display-component---masterPtm--smartTable-header-inner\"]"}
COMMAND: POST /session/298a9cc2a40484f0c35b17e60ac53e2a/elements - {"using":"xpath","value":"//span[@id=\"application-managepartners-display-component---masterPtm--smartTable-header-inner\"]"}
RESULT: {}
RESULT: {"using":"xpath","value":"//span[@id=\"application-managepartners-display-component---masterPtm--smartTable-header-inner\"]"}
COMMAND: POST /session/298a9cc2a40484f0c35b17e60ac53e2a/execute/sync - {"script":"<script> [56 bytes]","args":[{"element-6066-11e4-a52e-4f735466cecf":"f.F7A39C3863F4D6A216F4478231FD999C.d.FADC8A666764F50321A92FD12CB60C81.e.7742","ELEMENT":"f.F7A39C3863F4D6A216F4478231FD999C.d.FADC8A666764F50321A92FD12CB60C81.e.7742"}]}
RESULT: {"script":"<script> [56 bytes]","args":[{"element-6066-11e4-a52e-4f735466cecf":"f.F7A39C3863F4D6A216F4478231FD999C.d.FADC8A666764F50321A92FD12CB60C81.e.7742","ELEMENT":"f.F7A39C3863F4D6A216F4478231FD999C.d.FADC8A666764F50321A92FD12CB60C81.e.7742"}]}
COMMAND: POST /session/298a9cc2a40484f0c35b17e60ac53e2a/element - {"using":"css selector","value":"#shell-header-logo"}
COMMAND: GET /session/298a9cc2a40484f0c35b17e60ac53e2a/screenshot - {}
RESULT: {"using":"css selector","value":"#shell-header-logo"}
COMMAND: POST /session/298a9cc2a40484f0c35b17e60ac53e2a/element/f.F7A39C3863F4D6A216F4478231FD999C.d.FADC8A666764F50321A92FD12CB60C81.e.7572/click - {}
RESULT: {}
RESULT: {}
COMMAND: GET /session/298a9cc2a40484f0c35b17e60ac53e2a/screenshot - {}
RESULT: {}
]]></system-out>
    </testcase>
    <testcase classname="chrome.137_0_7151_69.windows.Partner_specific_tests_US150819_US151080_US151654_US151176_US103444_US151078_US151079_US151109_US151174_US151175_US151189" name="Should add a new Business Partner role same role US151541" time="80.966">
      <system-out><![CDATA[
COMMAND: POST /session/298a9cc2a40484f0c35b17e60ac53e2a/execute/async - {"script":"<script> [1562 bytes]","args":[{"selector":{"controlType":"sap.m.GenericTile","properties":{"header":"Data Explorer"}},"wdio_ui5_key":"sapm.GenericTile{\"header\":\"Data Explorer\"}"}]}
RESULT: {"script":"<script> [1562 bytes]","args":[{"selector":{"controlType":"sap.m.GenericTile","properties":{"header":"Data Explorer"}},"wdio_ui5_key":"sapm.GenericTile{\"header\":\"Data Explorer\"}"}]}
RESULT: undefined
COMMAND: POST /session/298a9cc2a40484f0c35b17e60ac53e2a/element - {"using":"xpath","value":"//*[@id=\"__tile117\"]"}
RESULT: {"using":"xpath","value":"//*[@id=\"__tile117\"]"}
COMMAND: POST /session/298a9cc2a40484f0c35b17e60ac53e2a/element/f.F7A39C3863F4D6A216F4478231FD999C.d.FADC8A666764F50321A92FD12CB60C81.e.8715/click - {}
RESULT: {}
COMMAND: GET /session/298a9cc2a40484f0c35b17e60ac53e2a/screenshot - {}
RESULT: {}
COMMAND: POST /session/298a9cc2a40484f0c35b17e60ac53e2a/elements - {"using":"xpath","value":"//span[text()='Error']"}
RESULT: {"using":"xpath","value":"//span[text()='Error']"}
COMMAND: POST /session/298a9cc2a40484f0c35b17e60ac53e2a/window/fullscreen - {}
RESULT: {}
COMMAND: POST /session/298a9cc2a40484f0c35b17e60ac53e2a/element - {"using":"xpath","value":"//input[@id=\"application-businessconfigurations-display-component---masterBusinessConfigurations--smartFilterBar-btnBasicSearch-I\"]"}
RESULT: {"using":"xpath","value":"//input[@id=\"application-businessconfigurations-display-component---masterBusinessConfigurations--smartFilterBar-btnBasicSearch-I\"]"}
COMMAND: POST /session/298a9cc2a40484f0c35b17e60ac53e2a/elements - {"using":"xpath","value":"//input[@id=\"application-businessconfigurations-display-component---masterBusinessConfigurations--smartFilterBar-btnBasicSearch-I\"]"}
RESULT: {"using":"xpath","value":"//input[@id=\"application-businessconfigurations-display-component---masterBusinessConfigurations--smartFilterBar-btnBasicSearch-I\"]"}
COMMAND: POST /session/298a9cc2a40484f0c35b17e60ac53e2a/execute/sync - {"script":"<script> [8489 bytes]","args":[{"element-6066-11e4-a52e-4f735466cecf":"f.F7A39C3863F4D6A216F4478231FD999C.d.FADC8A666764F50321A92FD12CB60C81.e.8739","ELEMENT":"f.F7A39C3863F4D6A216F4478231FD999C.d.FADC8A666764F50321A92FD12CB60C81.e.8739"}]}
RESULT: {"script":"<script> [8489 bytes]","args":[{"element-6066-11e4-a52e-4f735466cecf":"f.F7A39C3863F4D6A216F4478231FD999C.d.FADC8A666764F50321A92FD12CB60C81.e.8739","ELEMENT":"f.F7A39C3863F4D6A216F4478231FD999C.d.FADC8A666764F50321A92FD12CB60C81.e.8739"}]}
COMMAND: GET /session/298a9cc2a40484f0c35b17e60ac53e2a/element/f.F7A39C3863F4D6A216F4478231FD999C.d.FADC8A666764F50321A92FD12CB60C81.e.8739/enabled - {}
COMMAND: GET /session/298a9cc2a40484f0c35b17e60ac53e2a/screenshot - {}
RESULT: {}
COMMAND: POST /session/298a9cc2a40484f0c35b17e60ac53e2a/execute/sync - {"script":"<script> [8489 bytes]","args":[{"element-6066-11e4-a52e-4f735466cecf":"f.F7A39C3863F4D6A216F4478231FD999C.d.FADC8A666764F50321A92FD12CB60C81.e.8739","ELEMENT":"f.F7A39C3863F4D6A216F4478231FD999C.d.FADC8A666764F50321A92FD12CB60C81.e.8739"}]}
COMMAND: GET /session/298a9cc2a40484f0c35b17e60ac53e2a/screenshot - {}
RESULT: {}
RESULT: {"script":"<script> [8489 bytes]","args":[{"element-6066-11e4-a52e-4f735466cecf":"f.F7A39C3863F4D6A216F4478231FD999C.d.FADC8A666764F50321A92FD12CB60C81.e.8739","ELEMENT":"f.F7A39C3863F4D6A216F4478231FD999C.d.FADC8A666764F50321A92FD12CB60C81.e.8739"}]}
COMMAND: POST /session/298a9cc2a40484f0c35b17e60ac53e2a/execute/sync - {"script":"<script> [5351 bytes]","args":[{"element-6066-11e4-a52e-4f735466cecf":"f.F7A39C3863F4D6A216F4478231FD999C.d.FADC8A666764F50321A92FD12CB60C81.e.8739","ELEMENT":"f.F7A39C3863F4D6A216F4478231FD999C.d.FADC8A666764F50321A92FD12CB60C81.e.8739"}]}
COMMAND: GET /session/298a9cc2a40484f0c35b17e60ac53e2a/screenshot - {}
RESULT: {}
RESULT: {"script":"<script> [5351 bytes]","args":[{"element-6066-11e4-a52e-4f735466cecf":"f.F7A39C3863F4D6A216F4478231FD999C.d.FADC8A666764F50321A92FD12CB60C81.e.8739","ELEMENT":"f.F7A39C3863F4D6A216F4478231FD999C.d.FADC8A666764F50321A92FD12CB60C81.e.8739"}]}
COMMAND: GET /session/298a9cc2a40484f0c35b17e60ac53e2a/screenshot - {}
RESULT: {}
RESULT: {}
COMMAND: POST /session/298a9cc2a40484f0c35b17e60ac53e2a/element - {"using":"xpath","value":"//span[@id=\"application-businessconfigurations-display-component---masterBusinessConfigurations--masterListDataExplorerSmartTable-header-inner\"]"}
RESULT: {"using":"xpath","value":"//span[@id=\"application-businessconfigurations-display-component---masterBusinessConfigurations--masterListDataExplorerSmartTable-header-inner\"]"}
COMMAND: POST /session/298a9cc2a40484f0c35b17e60ac53e2a/elements - {"using":"xpath","value":"//span[@id=\"application-businessconfigurations-display-component---masterBusinessConfigurations--masterListDataExplorerSmartTable-header-inner\"]"}
RESULT: {"using":"xpath","value":"//span[@id=\"application-businessconfigurations-display-component---masterBusinessConfigurations--masterListDataExplorerSmartTable-header-inner\"]"}
COMMAND: POST /session/298a9cc2a40484f0c35b17e60ac53e2a/execute/sync - {"script":"<script> [56 bytes]","args":[{"element-6066-11e4-a52e-4f735466cecf":"f.F7A39C3863F4D6A216F4478231FD999C.d.FADC8A666764F50321A92FD12CB60C81.e.8873","ELEMENT":"f.F7A39C3863F4D6A216F4478231FD999C.d.FADC8A666764F50321A92FD12CB60C81.e.8873"}]}
RESULT: {"script":"<script> [56 bytes]","args":[{"element-6066-11e4-a52e-4f735466cecf":"f.F7A39C3863F4D6A216F4478231FD999C.d.FADC8A666764F50321A92FD12CB60C81.e.8873","ELEMENT":"f.F7A39C3863F4D6A216F4478231FD999C.d.FADC8A666764F50321A92FD12CB60C81.e.8873"}]}
COMMAND: POST /session/298a9cc2a40484f0c35b17e60ac53e2a/element/f.F7A39C3863F4D6A216F4478231FD999C.d.FADC8A666764F50321A92FD12CB60C81.e.8739/clear - {}
COMMAND: GET /session/298a9cc2a40484f0c35b17e60ac53e2a/screenshot - {}
RESULT: {}
COMMAND: POST /session/298a9cc2a40484f0c35b17e60ac53e2a/element/f.F7A39C3863F4D6A216F4478231FD999C.d.FADC8A666764F50321A92FD12CB60C81.e.8739/value - {"text":"NETM_C_BUSINESS_PARTNER_ROLES"}
COMMAND: GET /session/298a9cc2a40484f0c35b17e60ac53e2a/screenshot - {}
RESULT: {}
RESULT: {"text":"NETM_C_BUSINESS_PARTNER_ROLES"}
COMMAND: GET /session/298a9cc2a40484f0c35b17e60ac53e2a/screenshot - {}
RESULT: {}
RESULT: {}
COMMAND: POST /session/298a9cc2a40484f0c35b17e60ac53e2a/actions - {"actions":[{"id":"action25","type":"key","parameters":{},"actions":[{"type":"keyDown","value":"î€‡"},{"type":"pause","duration":10},{"type":"keyUp","value":"î€‡"}]}]}
RESULT: {"actions":[{"id":"action25","type":"key","parameters":{},"actions":[{"type":"keyDown","value":"î€‡"},{"type":"pause","duration":10},{"type":"keyUp","value":"î€‡"}]}]}
COMMAND: GET /session/298a9cc2a40484f0c35b17e60ac53e2a/screenshot - {}
RESULT: {}
COMMAND: POST /session/298a9cc2a40484f0c35b17e60ac53e2a/elements - {"using":"xpath","value":"//table[contains(@id, \"masterListDataExplorerTable-listUl\")]/tbody/tr"}
RESULT: {"using":"xpath","value":"//table[contains(@id, \"masterListDataExplorerTable-listUl\")]/tbody/tr"}
COMMAND: POST /session/298a9cc2a40484f0c35b17e60ac53e2a/element - {"using":"xpath","value":"//table[contains(@id, \"masterListDataExplorerTable-listUl\")]/tbody/tr[2]/td[4]/span"}
RESULT: {"using":"xpath","value":"//table[contains(@id, \"masterListDataExplorerTable-listUl\")]/tbody/tr[2]/td[4]/span"}
COMMAND: POST /session/298a9cc2a40484f0c35b17e60ac53e2a/elements - {"using":"xpath","value":"//table[contains(@id, \"masterListDataExplorerTable-listUl\")]/tbody/tr[2]/td[4]/span"}
RESULT: {"using":"xpath","value":"//table[contains(@id, \"masterListDataExplorerTable-listUl\")]/tbody/tr[2]/td[4]/span"}
COMMAND: POST /session/298a9cc2a40484f0c35b17e60ac53e2a/execute/sync - {"script":"<script> [56 bytes]","args":[{"element-6066-11e4-a52e-4f735466cecf":"f.F7A39C3863F4D6A216F4478231FD999C.d.FADC8A666764F50321A92FD12CB60C81.e.8892","ELEMENT":"f.F7A39C3863F4D6A216F4478231FD999C.d.FADC8A666764F50321A92FD12CB60C81.e.8892"}]}
RESULT: {"script":"<script> [56 bytes]","args":[{"element-6066-11e4-a52e-4f735466cecf":"f.F7A39C3863F4D6A216F4478231FD999C.d.FADC8A666764F50321A92FD12CB60C81.e.8892","ELEMENT":"f.F7A39C3863F4D6A216F4478231FD999C.d.FADC8A666764F50321A92FD12CB60C81.e.8892"}]}
COMMAND: POST /session/298a9cc2a40484f0c35b17e60ac53e2a/element - {"using":"xpath","value":"(//span[contains(@id, \"imgNav\")])[1]"}
COMMAND: GET /session/298a9cc2a40484f0c35b17e60ac53e2a/screenshot - {}
RESULT: {"using":"xpath","value":"(//span[contains(@id, \"imgNav\")])[1]"}
COMMAND: POST /session/298a9cc2a40484f0c35b17e60ac53e2a/element/f.F7A39C3863F4D6A216F4478231FD999C.d.FADC8A666764F50321A92FD12CB60C81.e.8893/click - {}
RESULT: {}
RESULT: {}
COMMAND: GET /session/298a9cc2a40484f0c35b17e60ac53e2a/screenshot - {}
RESULT: {}
COMMAND: POST /session/298a9cc2a40484f0c35b17e60ac53e2a/element - {"using":"xpath","value":"//bdi[contains(text(), \"Edit\")]"}
RESULT: {"using":"xpath","value":"//bdi[contains(text(), \"Edit\")]"}
COMMAND: POST /session/298a9cc2a40484f0c35b17e60ac53e2a/element/f.F7A39C3863F4D6A216F4478231FD999C.d.FADC8A666764F50321A92FD12CB60C81.e.9023/click - {}
RESULT: {}
COMMAND: GET /session/298a9cc2a40484f0c35b17e60ac53e2a/screenshot - {}
RESULT: {}
COMMAND: POST /session/298a9cc2a40484f0c35b17e60ac53e2a/element - {"using":"xpath","value":"//button[contains(@id, \"detailBusinessConfigurations--addButton\")]"}
RESULT: {"using":"xpath","value":"//button[contains(@id, \"detailBusinessConfigurations--addButton\")]"}
COMMAND: POST /session/298a9cc2a40484f0c35b17e60ac53e2a/element/f.F7A39C3863F4D6A216F4478231FD999C.d.FADC8A666764F50321A92FD12CB60C81.e.9033/click - {}
RESULT: {}
COMMAND: GET /session/298a9cc2a40484f0c35b17e60ac53e2a/screenshot - {}
RESULT: {}
COMMAND: POST /session/298a9cc2a40484f0c35b17e60ac53e2a/elements - {"using":"xpath","value":"//table[contains(@id, \"detailBusinessConfigurations--detailsTable-listUl\")]/tbody/tr"}
RESULT: {"using":"xpath","value":"//table[contains(@id, \"detailBusinessConfigurations--detailsTable-listUl\")]/tbody/tr"}
COMMAND: POST /session/298a9cc2a40484f0c35b17e60ac53e2a/element - {"using":"xpath","value":"//table[contains(@id, \"detailBusinessConfigurations--detailsTable-listUl\")]/tbody/tr[1]/td[3]/div/div/div/div/input"}
RESULT: {"using":"xpath","value":"//table[contains(@id, \"detailBusinessConfigurations--detailsTable-listUl\")]/tbody/tr[1]/td[3]/div/div/div/div/input"}
COMMAND: POST /session/298a9cc2a40484f0c35b17e60ac53e2a/element/f.F7A39C3863F4D6A216F4478231FD999C.d.FADC8A666764F50321A92FD12CB60C81.e.9036/clear - {}
RESULT: {}
COMMAND: POST /session/298a9cc2a40484f0c35b17e60ac53e2a/element/f.F7A39C3863F4D6A216F4478231FD999C.d.FADC8A666764F50321A92FD12CB60C81.e.9036/value - {"text":"WebDriver Testy"}
COMMAND: GET /session/298a9cc2a40484f0c35b17e60ac53e2a/screenshot - {}
RESULT: {"text":"WebDriver Testy"}
COMMAND: GET /session/298a9cc2a40484f0c35b17e60ac53e2a/screenshot - {}
RESULT: {}
RESULT: {}
COMMAND: POST /session/298a9cc2a40484f0c35b17e60ac53e2a/element - {"using":"xpath","value":"//button[contains(@id, \"detailBusinessConfigurations--addButton\")]"}
RESULT: {"using":"xpath","value":"//button[contains(@id, \"detailBusinessConfigurations--addButton\")]"}
COMMAND: POST /session/298a9cc2a40484f0c35b17e60ac53e2a/element/f.F7A39C3863F4D6A216F4478231FD999C.d.FADC8A666764F50321A92FD12CB60C81.e.9033/click - {}
RESULT: {}
COMMAND: GET /session/298a9cc2a40484f0c35b17e60ac53e2a/screenshot - {}
RESULT: {}
COMMAND: POST /session/298a9cc2a40484f0c35b17e60ac53e2a/element - {"using":"xpath","value":"//table[contains(@id, \"detailBusinessConfigurations--detailsTable-listUl\")]/tbody/tr[1]/td[3]/div/div/div/div/input"}
RESULT: {"using":"xpath","value":"//table[contains(@id, \"detailBusinessConfigurations--detailsTable-listUl\")]/tbody/tr[1]/td[3]/div/div/div/div/input"}
COMMAND: POST /session/298a9cc2a40484f0c35b17e60ac53e2a/element/f.F7A39C3863F4D6A216F4478231FD999C.d.FADC8A666764F50321A92FD12CB60C81.e.9049/clear - {}
RESULT: {}
COMMAND: POST /session/298a9cc2a40484f0c35b17e60ac53e2a/element/f.F7A39C3863F4D6A216F4478231FD999C.d.FADC8A666764F50321A92FD12CB60C81.e.9049/value - {"text":"WebDriver Testy"}
COMMAND: GET /session/298a9cc2a40484f0c35b17e60ac53e2a/screenshot - {}
RESULT: {"text":"WebDriver Testy"}
COMMAND: GET /session/298a9cc2a40484f0c35b17e60ac53e2a/screenshot - {}
RESULT: {}
RESULT: {}
COMMAND: POST /session/298a9cc2a40484f0c35b17e60ac53e2a/element - {"using":"xpath","value":"//bdi[text()=\"Save\"]"}
RESULT: {"using":"xpath","value":"//bdi[text()=\"Save\"]"}
COMMAND: POST /session/298a9cc2a40484f0c35b17e60ac53e2a/element/f.F7A39C3863F4D6A216F4478231FD999C.d.FADC8A666764F50321A92FD12CB60C81.e.9056/click - {}
RESULT: {}
COMMAND: GET /session/298a9cc2a40484f0c35b17e60ac53e2a/screenshot - {}
RESULT: {}
COMMAND: POST /session/298a9cc2a40484f0c35b17e60ac53e2a/element - {"using":"xpath","value":"//span[contains(@class, \"sapMMsgBoxText\")]"}
RESULT: {"using":"xpath","value":"//span[contains(@class, \"sapMMsgBoxText\")]"}
COMMAND: POST /session/298a9cc2a40484f0c35b17e60ac53e2a/elements - {"using":"xpath","value":"//span[contains(@class, \"sapMMsgBoxText\")]"}
RESULT: {"using":"xpath","value":"//span[contains(@class, \"sapMMsgBoxText\")]"}
COMMAND: POST /session/298a9cc2a40484f0c35b17e60ac53e2a/execute/sync - {"script":"<script> [56 bytes]","args":[{"element-6066-11e4-a52e-4f735466cecf":"f.F7A39C3863F4D6A216F4478231FD999C.d.FADC8A666764F50321A92FD12CB60C81.e.9075","ELEMENT":"f.F7A39C3863F4D6A216F4478231FD999C.d.FADC8A666764F50321A92FD12CB60C81.e.9075"}]}
RESULT: {"script":"<script> [56 bytes]","args":[{"element-6066-11e4-a52e-4f735466cecf":"f.F7A39C3863F4D6A216F4478231FD999C.d.FADC8A666764F50321A92FD12CB60C81.e.9075","ELEMENT":"f.F7A39C3863F4D6A216F4478231FD999C.d.FADC8A666764F50321A92FD12CB60C81.e.9075"}]}
COMMAND: POST /session/298a9cc2a40484f0c35b17e60ac53e2a/element - {"using":"xpath","value":"//bdi[text()=\"Close\"]"}
COMMAND: GET /session/298a9cc2a40484f0c35b17e60ac53e2a/screenshot - {}
RESULT: {"using":"xpath","value":"//bdi[text()=\"Close\"]"}
COMMAND: POST /session/298a9cc2a40484f0c35b17e60ac53e2a/element/f.F7A39C3863F4D6A216F4478231FD999C.d.FADC8A666764F50321A92FD12CB60C81.e.9076/click - {}
RESULT: {}
RESULT: {}
COMMAND: GET /session/298a9cc2a40484f0c35b17e60ac53e2a/screenshot - {}
RESULT: {}
COMMAND: POST /session/298a9cc2a40484f0c35b17e60ac53e2a/element - {"using":"css selector","value":"#shell-header-logo"}
RESULT: {"using":"css selector","value":"#shell-header-logo"}
COMMAND: POST /session/298a9cc2a40484f0c35b17e60ac53e2a/element/f.F7A39C3863F4D6A216F4478231FD999C.d.FADC8A666764F50321A92FD12CB60C81.e.8722/click - {}
RESULT: {}
COMMAND: GET /session/298a9cc2a40484f0c35b17e60ac53e2a/screenshot - {}
RESULT: {}
]]></system-out>
    </testcase>
  </testsuite>
  <testsuite timestamp="2025-06-05T18:00:09" time="602.318" tests="4" failures="1" errors="1" skipped="0">
    <properties>
      <property name="specId" value="0" />
      <property name="suiteName" value="Create partner US118246" />
      <property name="capabilities" value="chrome.137_0_7151_69.windows" />
      <property name="file" value="file:///D:/a/1/s/test/specs/BTS/create-partner.spec.js" />
    </properties>
    <testcase classname="chrome.137_0_7151_69.windows.Create_partner_US118246" name="Should create a new yard in case create yard failed" time="136.897">
      <system-out><![CDATA[
COMMAND: POST /session/298a9cc2a40484f0c35b17e60ac53e2a/window/fullscreen - {}
RESULT: {}
COMMAND: POST /session/298a9cc2a40484f0c35b17e60ac53e2a/execute/async - {"script":"<script> [1562 bytes]","args":[{"selector":{"controlType":"sap.m.GenericTile","properties":{"header":"Manage Yards"}},"wdio_ui5_key":"sapm.GenericTile{\"header\":\"Manage Yards\"}"}]}
RESULT: {"script":"<script> [1562 bytes]","args":[{"selector":{"controlType":"sap.m.GenericTile","properties":{"header":"Manage Yards"}},"wdio_ui5_key":"sapm.GenericTile{\"header\":\"Manage Yards\"}"}]}
RESULT: undefined
COMMAND: POST /session/298a9cc2a40484f0c35b17e60ac53e2a/element - {"using":"xpath","value":"//*[@id=\"__tile41\"]"}
RESULT: {"using":"xpath","value":"//*[@id=\"__tile41\"]"}
COMMAND: POST /session/298a9cc2a40484f0c35b17e60ac53e2a/element/f.F7A39C3863F4D6A216F4478231FD999C.d.73C6BD70752A59D8DF238234A1485B12.e.9598/click - {}
RESULT: {}
COMMAND: GET /session/298a9cc2a40484f0c35b17e60ac53e2a/screenshot - {}
RESULT: {}
COMMAND: POST /session/298a9cc2a40484f0c35b17e60ac53e2a/elements - {"using":"xpath","value":"//span[text()='Error']"}
RESULT: {"using":"xpath","value":"//span[text()='Error']"}
COMMAND: POST /session/298a9cc2a40484f0c35b17e60ac53e2a/element - {"using":"xpath","value":"//button[@data-kt=\"addNewYardOverflowToolbarButton\"]"}
RESULT: {"using":"xpath","value":"//button[@data-kt=\"addNewYardOverflowToolbarButton\"]"}
COMMAND: POST /session/298a9cc2a40484f0c35b17e60ac53e2a/elements - {"using":"xpath","value":"//button[@data-kt=\"addNewYardOverflowToolbarButton\"]"}
RESULT: {"using":"xpath","value":"//button[@data-kt=\"addNewYardOverflowToolbarButton\"]"}
COMMAND: POST /session/298a9cc2a40484f0c35b17e60ac53e2a/elements - {"using":"xpath","value":"//button[@data-kt=\"addNewYardOverflowToolbarButton\"]"}
RESULT: {"using":"xpath","value":"//button[@data-kt=\"addNewYardOverflowToolbarButton\"]"}
COMMAND: POST /session/298a9cc2a40484f0c35b17e60ac53e2a/elements - {"using":"xpath","value":"//button[@data-kt=\"addNewYardOverflowToolbarButton\"]"}
RESULT: {"using":"xpath","value":"//button[@data-kt=\"addNewYardOverflowToolbarButton\"]"}
COMMAND: POST /session/298a9cc2a40484f0c35b17e60ac53e2a/elements - {"using":"xpath","value":"//button[@data-kt=\"addNewYardOverflowToolbarButton\"]"}
RESULT: {"using":"xpath","value":"//button[@data-kt=\"addNewYardOverflowToolbarButton\"]"}
COMMAND: POST /session/298a9cc2a40484f0c35b17e60ac53e2a/elements - {"using":"xpath","value":"//button[@data-kt=\"addNewYardOverflowToolbarButton\"]"}
RESULT: {"using":"xpath","value":"//button[@data-kt=\"addNewYardOverflowToolbarButton\"]"}
COMMAND: POST /session/298a9cc2a40484f0c35b17e60ac53e2a/elements - {"using":"xpath","value":"//button[@data-kt=\"addNewYardOverflowToolbarButton\"]"}
RESULT: {"using":"xpath","value":"//button[@data-kt=\"addNewYardOverflowToolbarButton\"]"}
COMMAND: POST /session/298a9cc2a40484f0c35b17e60ac53e2a/elements - {"using":"xpath","value":"//button[@data-kt=\"addNewYardOverflowToolbarButton\"]"}
RESULT: {"using":"xpath","value":"//button[@data-kt=\"addNewYardOverflowToolbarButton\"]"}
COMMAND: POST /session/298a9cc2a40484f0c35b17e60ac53e2a/elements - {"using":"xpath","value":"//button[@data-kt=\"addNewYardOverflowToolbarButton\"]"}
RESULT: {"using":"xpath","value":"//button[@data-kt=\"addNewYardOverflowToolbarButton\"]"}
COMMAND: POST /session/298a9cc2a40484f0c35b17e60ac53e2a/elements - {"using":"xpath","value":"//button[@data-kt=\"addNewYardOverflowToolbarButton\"]"}
RESULT: {"using":"xpath","value":"//button[@data-kt=\"addNewYardOverflowToolbarButton\"]"}
COMMAND: POST /session/298a9cc2a40484f0c35b17e60ac53e2a/elements - {"using":"xpath","value":"//button[@data-kt=\"addNewYardOverflowToolbarButton\"]"}
RESULT: {"using":"xpath","value":"//button[@data-kt=\"addNewYardOverflowToolbarButton\"]"}
COMMAND: POST /session/298a9cc2a40484f0c35b17e60ac53e2a/elements - {"using":"xpath","value":"//button[@data-kt=\"addNewYardOverflowToolbarButton\"]"}
RESULT: {"using":"xpath","value":"//button[@data-kt=\"addNewYardOverflowToolbarButton\"]"}
COMMAND: POST /session/298a9cc2a40484f0c35b17e60ac53e2a/elements - {"using":"xpath","value":"//button[@data-kt=\"addNewYardOverflowToolbarButton\"]"}
RESULT: {"using":"xpath","value":"//button[@data-kt=\"addNewYardOverflowToolbarButton\"]"}
COMMAND: POST /session/298a9cc2a40484f0c35b17e60ac53e2a/element - {"using":"xpath","value":"//button[@data-kt=\"addNewYardOverflowToolbarButton\"]"}
RESULT: {"using":"xpath","value":"//button[@data-kt=\"addNewYardOverflowToolbarButton\"]"}
COMMAND: POST /session/298a9cc2a40484f0c35b17e60ac53e2a/execute/sync - {"script":"<script> [8489 bytes]","args":[{"element-6066-11e4-a52e-4f735466cecf":"f.F7A39C3863F4D6A216F4478231FD999C.d.73C6BD70752A59D8DF238234A1485B12.e.9736","ELEMENT":"f.F7A39C3863F4D6A216F4478231FD999C.d.73C6BD70752A59D8DF238234A1485B12.e.9736"}]}
RESULT: {"script":"<script> [8489 bytes]","args":[{"element-6066-11e4-a52e-4f735466cecf":"f.F7A39C3863F4D6A216F4478231FD999C.d.73C6BD70752A59D8DF238234A1485B12.e.9736","ELEMENT":"f.F7A39C3863F4D6A216F4478231FD999C.d.73C6BD70752A59D8DF238234A1485B12.e.9736"}]}
COMMAND: GET /session/298a9cc2a40484f0c35b17e60ac53e2a/element/f.F7A39C3863F4D6A216F4478231FD999C.d.73C6BD70752A59D8DF238234A1485B12.e.9736/enabled - {}
COMMAND: GET /session/298a9cc2a40484f0c35b17e60ac53e2a/screenshot - {}
RESULT: {}
COMMAND: POST /session/298a9cc2a40484f0c35b17e60ac53e2a/execute/sync - {"script":"<script> [8489 bytes]","args":[{"element-6066-11e4-a52e-4f735466cecf":"f.F7A39C3863F4D6A216F4478231FD999C.d.73C6BD70752A59D8DF238234A1485B12.e.9736","ELEMENT":"f.F7A39C3863F4D6A216F4478231FD999C.d.73C6BD70752A59D8DF238234A1485B12.e.9736"}]}
COMMAND: GET /session/298a9cc2a40484f0c35b17e60ac53e2a/screenshot - {}
RESULT: {}
RESULT: {"script":"<script> [8489 bytes]","args":[{"element-6066-11e4-a52e-4f735466cecf":"f.F7A39C3863F4D6A216F4478231FD999C.d.73C6BD70752A59D8DF238234A1485B12.e.9736","ELEMENT":"f.F7A39C3863F4D6A216F4478231FD999C.d.73C6BD70752A59D8DF238234A1485B12.e.9736"}]}
COMMAND: POST /session/298a9cc2a40484f0c35b17e60ac53e2a/execute/sync - {"script":"<script> [5351 bytes]","args":[{"element-6066-11e4-a52e-4f735466cecf":"f.F7A39C3863F4D6A216F4478231FD999C.d.73C6BD70752A59D8DF238234A1485B12.e.9736","ELEMENT":"f.F7A39C3863F4D6A216F4478231FD999C.d.73C6BD70752A59D8DF238234A1485B12.e.9736"}]}
COMMAND: GET /session/298a9cc2a40484f0c35b17e60ac53e2a/screenshot - {}
RESULT: {}
RESULT: {"script":"<script> [5351 bytes]","args":[{"element-6066-11e4-a52e-4f735466cecf":"f.F7A39C3863F4D6A216F4478231FD999C.d.73C6BD70752A59D8DF238234A1485B12.e.9736","ELEMENT":"f.F7A39C3863F4D6A216F4478231FD999C.d.73C6BD70752A59D8DF238234A1485B12.e.9736"}]}
COMMAND: POST /session/298a9cc2a40484f0c35b17e60ac53e2a/element/f.F7A39C3863F4D6A216F4478231FD999C.d.73C6BD70752A59D8DF238234A1485B12.e.9736/click - {}
COMMAND: GET /session/298a9cc2a40484f0c35b17e60ac53e2a/screenshot - {}
RESULT: {}
RESULT: {}
COMMAND: GET /session/298a9cc2a40484f0c35b17e60ac53e2a/screenshot - {}
RESULT: {}
COMMAND: POST /session/298a9cc2a40484f0c35b17e60ac53e2a/element - {"using":"xpath","value":"//input[@id=\"application-manageyards-display-component---NewYard--yardId-inner\"]"}
RESULT: {}
RESULT: {"using":"xpath","value":"//input[@id=\"application-manageyards-display-component---NewYard--yardId-inner\"]"}
COMMAND: POST /session/298a9cc2a40484f0c35b17e60ac53e2a/element - {"using":"xpath","value":"//input[@id=\"application-manageyards-display-component---NewYard--yardId-inner\"]"}
RESULT: {"using":"xpath","value":"//input[@id=\"application-manageyards-display-component---NewYard--yardId-inner\"]"}
COMMAND: POST /session/298a9cc2a40484f0c35b17e60ac53e2a/execute/async - {"script":"<script> [1562 bytes]","args":[{"selector":{"id":"application-manageyards-display-component---NewYard--addressDetailDetailsName1","interaction":{"idSuffix":"inner"}},"wdio_ui5_key":"applicationmanageyards-display-component---NewYard--addressDetailDetailsName1"}]}
RESULT: {"script":"<script> [1562 bytes]","args":[{"selector":{"id":"application-manageyards-display-component---NewYard--addressDetailDetailsName1","interaction":{"idSuffix":"inner"}},"wdio_ui5_key":"applicationmanageyards-display-component---NewYard--addressDetailDetailsName1"}]}
RESULT: undefined
COMMAND: POST /session/298a9cc2a40484f0c35b17e60ac53e2a/execute/async - {"script":"<script> [776 bytes]","args":[{"enterText":"Intracompany Yard wdIO","selector":{"id":"application-manageyards-display-component---NewYard--addressDetailDetailsName1","interaction":{"idSuffix":"inner"}},"clearTextFirst":true,"interactionType":"ENTER_TEXT"}]}
RESULT: {"script":"<script> [776 bytes]","args":[{"enterText":"Intracompany Yard wdIO","selector":{"id":"application-manageyards-display-component---NewYard--addressDetailDetailsName1","interaction":{"idSuffix":"inner"}},"clearTextFirst":true,"interactionType":"ENTER_TEXT"}]}
COMMAND: POST /session/298a9cc2a40484f0c35b17e60ac53e2a/execute/async - {"script":"<script> [1562 bytes]","args":[{"selector":{"id":"application-manageyards-display-component---NewYard--addressDetailDetailsLanguage-arrow"},"wdio_ui5_key":"applicationmanageyards-display-component---NewYard--addressDetailDetailsLanguage-arrow"}]}
RESULT: {"script":"<script> [1562 bytes]","args":[{"selector":{"id":"application-manageyards-display-component---NewYard--addressDetailDetailsLanguage-arrow"},"wdio_ui5_key":"applicationmanageyards-display-component---NewYard--addressDetailDetailsLanguage-arrow"}]}
RESULT: undefined
COMMAND: POST /session/298a9cc2a40484f0c35b17e60ac53e2a/element - {"using":"xpath","value":"//*[@id=\"application-manageyards-display-component---NewYard--addressDetailDetailsLanguage-arrow\"]"}
RESULT: {"using":"xpath","value":"//*[@id=\"application-manageyards-display-component---NewYard--addressDetailDetailsLanguage-arrow\"]"}
COMMAND: POST /session/298a9cc2a40484f0c35b17e60ac53e2a/element/f.F7A39C3863F4D6A216F4478231FD999C.d.73C6BD70752A59D8DF238234A1485B12.e.10168/click - {}
RESULT: {}
COMMAND: POST /session/298a9cc2a40484f0c35b17e60ac53e2a/element - {"using":"xpath","value":"//span[contains(text(), \"English\")]"}
COMMAND: GET /session/298a9cc2a40484f0c35b17e60ac53e2a/screenshot - {}
RESULT: {"using":"xpath","value":"//span[contains(text(), \"English\")]"}
COMMAND: POST /session/298a9cc2a40484f0c35b17e60ac53e2a/element/f.F7A39C3863F4D6A216F4478231FD999C.d.73C6BD70752A59D8DF238234A1485B12.e.10169/click - {}
RESULT: {}
RESULT: {}
COMMAND: POST /session/298a9cc2a40484f0c35b17e60ac53e2a/execute/async - {"script":"<script> [1562 bytes]","args":[{"selector":{"id":"application-manageyards-display-component---NewYard--addressDetailDetailsCity1","interaction":{"idSuffix":"inner"}},"wdio_ui5_key":"applicationmanageyards-display-component---NewYard--addressDetailDetailsCity1"}]}
COMMAND: GET /session/298a9cc2a40484f0c35b17e60ac53e2a/screenshot - {}
RESULT: {"script":"<script> [1562 bytes]","args":[{"selector":{"id":"application-manageyards-display-component---NewYard--addressDetailDetailsCity1","interaction":{"idSuffix":"inner"}},"wdio_ui5_key":"applicationmanageyards-display-component---NewYard--addressDetailDetailsCity1"}]}
RESULT: undefined
COMMAND: POST /session/298a9cc2a40484f0c35b17e60ac53e2a/execute/async - {"script":"<script> [776 bytes]","args":[{"enterText":"Rosario","selector":{"id":"application-manageyards-display-component---NewYard--addressDetailDetailsCity1","interaction":{"idSuffix":"inner"}},"clearTextFirst":true,"interactionType":"ENTER_TEXT"}]}
RESULT: {}
RESULT: {"script":"<script> [776 bytes]","args":[{"enterText":"Rosario","selector":{"id":"application-manageyards-display-component---NewYard--addressDetailDetailsCity1","interaction":{"idSuffix":"inner"}},"clearTextFirst":true,"interactionType":"ENTER_TEXT"}]}
COMMAND: POST /session/298a9cc2a40484f0c35b17e60ac53e2a/execute/async - {"script":"<script> [1562 bytes]","args":[{"selector":{"id":"application-manageyards-display-component---NewYard--addressDetailDetailsCountry-arrow"},"wdio_ui5_key":"applicationmanageyards-display-component---NewYard--addressDetailDetailsCountry-arrow"}]}
RESULT: {"script":"<script> [1562 bytes]","args":[{"selector":{"id":"application-manageyards-display-component---NewYard--addressDetailDetailsCountry-arrow"},"wdio_ui5_key":"applicationmanageyards-display-component---NewYard--addressDetailDetailsCountry-arrow"}]}
RESULT: undefined
COMMAND: POST /session/298a9cc2a40484f0c35b17e60ac53e2a/element - {"using":"xpath","value":"//*[@id=\"application-manageyards-display-component---NewYard--addressDetailDetailsCountry-arrow\"]"}
RESULT: {"using":"xpath","value":"//*[@id=\"application-manageyards-display-component---NewYard--addressDetailDetailsCountry-arrow\"]"}
COMMAND: POST /session/298a9cc2a40484f0c35b17e60ac53e2a/element/f.F7A39C3863F4D6A216F4478231FD999C.d.73C6BD70752A59D8DF238234A1485B12.e.10171/click - {}
RESULT: {}
COMMAND: POST /session/298a9cc2a40484f0c35b17e60ac53e2a/element - {"using":"xpath","value":"//span[contains(text(), \"Argentina\")]"}
COMMAND: GET /session/298a9cc2a40484f0c35b17e60ac53e2a/screenshot - {}
RESULT: {"using":"xpath","value":"//span[contains(text(), \"Argentina\")]"}
COMMAND: POST /session/298a9cc2a40484f0c35b17e60ac53e2a/element/f.F7A39C3863F4D6A216F4478231FD999C.d.73C6BD70752A59D8DF238234A1485B12.e.10173/click - {}
RESULT: {}
RESULT: {}
COMMAND: POST /session/298a9cc2a40484f0c35b17e60ac53e2a/execute/async - {"script":"<script> [1562 bytes]","args":[{"selector":{"id":"application-manageyards-display-component---NewYard--addressEditDetailsCostObjectCstType-arrow"},"wdio_ui5_key":"applicationmanageyards-display-component---NewYard--addressEditDetailsCostObjectCstType-arrow"}]}
COMMAND: GET /session/298a9cc2a40484f0c35b17e60ac53e2a/screenshot - {}
RESULT: {"script":"<script> [1562 bytes]","args":[{"selector":{"id":"application-manageyards-display-component---NewYard--addressEditDetailsCostObjectCstType-arrow"},"wdio_ui5_key":"applicationmanageyards-display-component---NewYard--addressEditDetailsCostObjectCstType-arrow"}]}
RESULT: undefined
COMMAND: POST /session/298a9cc2a40484f0c35b17e60ac53e2a/element - {"using":"xpath","value":"//*[@id=\"application-manageyards-display-component---NewYard--addressEditDetailsCostObjectCstType-arrow\"]"}
RESULT: {}
RESULT: {"using":"xpath","value":"//*[@id=\"application-manageyards-display-component---NewYard--addressEditDetailsCostObjectCstType-arrow\"]"}
COMMAND: POST /session/298a9cc2a40484f0c35b17e60ac53e2a/element/f.F7A39C3863F4D6A216F4478231FD999C.d.73C6BD70752A59D8DF238234A1485B12.e.10174/click - {}
RESULT: {}
COMMAND: POST /session/298a9cc2a40484f0c35b17e60ac53e2a/element - {"using":"xpath","value":"//span[contains(text(), \"Cost Center\")]"}
COMMAND: GET /session/298a9cc2a40484f0c35b17e60ac53e2a/screenshot - {}
RESULT: {"using":"xpath","value":"//span[contains(text(), \"Cost Center\")]"}
COMMAND: POST /session/298a9cc2a40484f0c35b17e60ac53e2a/element/f.F7A39C3863F4D6A216F4478231FD999C.d.73C6BD70752A59D8DF238234A1485B12.e.10175/click - {}
RESULT: {}
RESULT: {}
COMMAND: GET /session/298a9cc2a40484f0c35b17e60ac53e2a/screenshot - {}
RESULT: {}
COMMAND: POST /session/298a9cc2a40484f0c35b17e60ac53e2a/element - {"using":"xpath","value":"//span[@id=\"application-manageyards-display-component---NewYard--addressNewCostObjectCstID-vhi\"]"}
RESULT: {"using":"xpath","value":"//span[@id=\"application-manageyards-display-component---NewYard--addressNewCostObjectCstID-vhi\"]"}
COMMAND: POST /session/298a9cc2a40484f0c35b17e60ac53e2a/execute/sync - {"script":"<script> [8489 bytes]","args":[{"element-6066-11e4-a52e-4f735466cecf":"f.F7A39C3863F4D6A216F4478231FD999C.d.73C6BD70752A59D8DF238234A1485B12.e.10179","ELEMENT":"f.F7A39C3863F4D6A216F4478231FD999C.d.73C6BD70752A59D8DF238234A1485B12.e.10179"}]}
RESULT: {"script":"<script> [8489 bytes]","args":[{"element-6066-11e4-a52e-4f735466cecf":"f.F7A39C3863F4D6A216F4478231FD999C.d.73C6BD70752A59D8DF238234A1485B12.e.10179","ELEMENT":"f.F7A39C3863F4D6A216F4478231FD999C.d.73C6BD70752A59D8DF238234A1485B12.e.10179"}]}
COMMAND: POST /session/298a9cc2a40484f0c35b17e60ac53e2a/execute/async - {"script":"<script> [1562 bytes]","args":[{"selector":{"id":"application-manageyards-display-component---NewYard--addressNewCostObjectCstID-vhi"},"wdio_ui5_key":"applicationmanageyards-display-component---NewYard--addressNewCostObjectCstID-vhi"}]}
COMMAND: GET /session/298a9cc2a40484f0c35b17e60ac53e2a/screenshot - {}
RESULT: {"script":"<script> [1562 bytes]","args":[{"selector":{"id":"application-manageyards-display-component---NewYard--addressNewCostObjectCstID-vhi"},"wdio_ui5_key":"applicationmanageyards-display-component---NewYard--addressNewCostObjectCstID-vhi"}]}
RESULT: undefined
COMMAND: POST /session/298a9cc2a40484f0c35b17e60ac53e2a/element - {"using":"xpath","value":"//*[@id=\"application-manageyards-display-component---NewYard--addressNewCostObjectCstID-vhi\"]"}
RESULT: {}
RESULT: {"using":"xpath","value":"//*[@id=\"application-manageyards-display-component---NewYard--addressNewCostObjectCstID-vhi\"]"}
COMMAND: POST /session/298a9cc2a40484f0c35b17e60ac53e2a/element/f.F7A39C3863F4D6A216F4478231FD999C.d.73C6BD70752A59D8DF238234A1485B12.e.10179/click - {}
RESULT: {}
COMMAND: GET /session/298a9cc2a40484f0c35b17e60ac53e2a/screenshot - {}
RESULT: {}
COMMAND: POST /session/298a9cc2a40484f0c35b17e60ac53e2a/execute/async - {"script":"<script> [1562 bytes]","args":[{"selector":{"controlType":"sap.m.SearchField","properties":{"placeholder":"Search"},"searchOpenDialogs":true,"interaction":{"idSuffix":"I"}},"wdio_ui5_key":"sapm.SearchField{\"placeholder\":\"Search\"}"}]}
RESULT: {"script":"<script> [1562 bytes]","args":[{"selector":{"controlType":"sap.m.SearchField","properties":{"placeholder":"Search"},"searchOpenDialogs":true,"interaction":{"idSuffix":"I"}},"wdio_ui5_key":"sapm.SearchField{\"placeholder\":\"Search\"}"}]}
RESULT: undefined
COMMAND: POST /session/298a9cc2a40484f0c35b17e60ac53e2a/execute/async - {"script":"<script> [776 bytes]","args":[{"enterText":"bauh_b","selector":{"controlType":"sap.m.SearchField","properties":{"placeholder":"Search"},"searchOpenDialogs":true,"interaction":{"idSuffix":"I"}},"clearTextFirst":true,"interactionType":"ENTER_TEXT"}]}
RESULT: {"script":"<script> [776 bytes]","args":[{"enterText":"bauh_b","selector":{"controlType":"sap.m.SearchField","properties":{"placeholder":"Search"},"searchOpenDialogs":true,"interaction":{"idSuffix":"I"}},"clearTextFirst":true,"interactionType":"ENTER_TEXT"}]}
COMMAND: POST /session/298a9cc2a40484f0c35b17e60ac53e2a/actions - {"actions":[{"id":"action30","type":"key","parameters":{},"actions":[{"type":"keyDown","value":"î€‡"},{"type":"pause","duration":10},{"type":"keyUp","value":"î€‡"}]}]}
RESULT: {"actions":[{"id":"action30","type":"key","parameters":{},"actions":[{"type":"keyDown","value":"î€‡"},{"type":"pause","duration":10},{"type":"keyUp","value":"î€‡"}]}]}
COMMAND: GET /session/298a9cc2a40484f0c35b17e60ac53e2a/screenshot - {}
RESULT: {}
COMMAND: POST /session/298a9cc2a40484f0c35b17e60ac53e2a/element - {"using":"xpath","value":"//span[contains(text(), \"Demo Yard\")]"}
RESULT: {"using":"xpath","value":"//span[contains(text(), \"Demo Yard\")]"}
COMMAND: POST /session/298a9cc2a40484f0c35b17e60ac53e2a/element/f.F7A39C3863F4D6A216F4478231FD999C.d.73C6BD70752A59D8DF238234A1485B12.e.10219/click - {}
RESULT: {}
COMMAND: GET /session/298a9cc2a40484f0c35b17e60ac53e2a/screenshot - {}
RESULT: {}
COMMAND: POST /session/298a9cc2a40484f0c35b17e60ac53e2a/element - {"using":"xpath","value":"//bdi[contains(text(), \"OK\")]"}
RESULT: {"using":"xpath","value":"//bdi[contains(text(), \"OK\")]"}
COMMAND: POST /session/298a9cc2a40484f0c35b17e60ac53e2a/element/f.F7A39C3863F4D6A216F4478231FD999C.d.73C6BD70752A59D8DF238234A1485B12.e.10220/click - {}
RESULT: {}
COMMAND: GET /session/298a9cc2a40484f0c35b17e60ac53e2a/screenshot - {}
RESULT: {}
COMMAND: POST /session/298a9cc2a40484f0c35b17e60ac53e2a/execute/async - {"script":"<script> [1562 bytes]","args":[{"selector":{"id":"application-manageyards-display-component---NewYard--addressEditDetailsCurrency-arrow"},"wdio_ui5_key":"applicationmanageyards-display-component---NewYard--addressEditDetailsCurrency-arrow"}]}
RESULT: {"script":"<script> [1562 bytes]","args":[{"selector":{"id":"application-manageyards-display-component---NewYard--addressEditDetailsCurrency-arrow"},"wdio_ui5_key":"applicationmanageyards-display-component---NewYard--addressEditDetailsCurrency-arrow"}]}
RESULT: undefined
COMMAND: POST /session/298a9cc2a40484f0c35b17e60ac53e2a/element - {"using":"xpath","value":"//*[@id=\"application-manageyards-display-component---NewYard--addressEditDetailsCurrency-arrow\"]"}
RESULT: {"using":"xpath","value":"//*[@id=\"application-manageyards-display-component---NewYard--addressEditDetailsCurrency-arrow\"]"}
COMMAND: POST /session/298a9cc2a40484f0c35b17e60ac53e2a/element/f.F7A39C3863F4D6A216F4478231FD999C.d.73C6BD70752A59D8DF238234A1485B12.e.10223/click - {}
RESULT: {}
COMMAND: POST /session/298a9cc2a40484f0c35b17e60ac53e2a/element - {"using":"xpath","value":"//span[contains(text(), \"Euro\")]"}
COMMAND: GET /session/298a9cc2a40484f0c35b17e60ac53e2a/screenshot - {}
RESULT: {"using":"xpath","value":"//span[contains(text(), \"Euro\")]"}
COMMAND: POST /session/298a9cc2a40484f0c35b17e60ac53e2a/element/f.F7A39C3863F4D6A216F4478231FD999C.d.73C6BD70752A59D8DF238234A1485B12.e.10224/click - {}
RESULT: {}
RESULT: {}
COMMAND: POST /session/298a9cc2a40484f0c35b17e60ac53e2a/execute/async - {"script":"<script> [1562 bytes]","args":[{"selector":{"controlType":"sap.m.Input","viewName":"etm.portal.ui.manageyards.view.New","viewId":"application-manageyards-display-component---NewYard","bindingPath":{"path":"","propertyPath":"/CONTROLLING_AREA","modelName":"NewYardModel"},"interaction":{"idSuffix":"inner"}},"wdio_ui5_key":"etmportal.ui.manageyards.view.Newsap.m.Input{\"path\":\"\",\"propertyPath\":\"/CONTROLLING_AREA\",\"modelName\":\"NewYardModel\"}"}]}
COMMAND: GET /session/298a9cc2a40484f0c35b17e60ac53e2a/screenshot - {}
RESULT: {"script":"<script> [1562 bytes]","args":[{"selector":{"controlType":"sap.m.Input","viewName":"etm.portal.ui.manageyards.view.New","viewId":"application-manageyards-display-component---NewYard","bindingPath":{"path":"","propertyPath":"/CONTROLLING_AREA","modelName":"NewYardModel"},"interaction":{"idSuffix":"inner"}},"wdio_ui5_key":"etmportal.ui.manageyards.view.Newsap.m.Input{\"path\":\"\",\"propertyPath\":\"/CONTROLLING_AREA\",\"modelName\":\"NewYardModel\"}"}]}
RESULT: undefined
COMMAND: POST /session/298a9cc2a40484f0c35b17e60ac53e2a/execute/async - {"script":"<script> [776 bytes]","args":[{"enterText":"Z001","selector":{"controlType":"sap.m.Input","viewName":"etm.portal.ui.manageyards.view.New","viewId":"application-manageyards-display-component---NewYard","bindingPath":{"path":"","propertyPath":"/CONTROLLING_AREA","modelName":"NewYardModel"},"interaction":{"idSuffix":"inner"}},"clearTextFirst":true,"interactionType":"ENTER_TEXT"}]}
RESULT: {}
RESULT: {"script":"<script> [776 bytes]","args":[{"enterText":"Z001","selector":{"controlType":"sap.m.Input","viewName":"etm.portal.ui.manageyards.view.New","viewId":"application-manageyards-display-component---NewYard","bindingPath":{"path":"","propertyPath":"/CONTROLLING_AREA","modelName":"NewYardModel"},"interaction":{"idSuffix":"inner"}},"clearTextFirst":true,"interactionType":"ENTER_TEXT"}]}
COMMAND: POST /session/298a9cc2a40484f0c35b17e60ac53e2a/execute/async - {"script":"<script> [1562 bytes]","args":[{"selector":{"id":"application-manageyards-display-component---NewYard--companyCodeComboBox","interaction":{"idSuffix":"inner"}},"wdio_ui5_key":"applicationmanageyards-display-component---NewYard--companyCodeComboBox"}]}
RESULT: {"script":"<script> [1562 bytes]","args":[{"selector":{"id":"application-manageyards-display-component---NewYard--companyCodeComboBox","interaction":{"idSuffix":"inner"}},"wdio_ui5_key":"applicationmanageyards-display-component---NewYard--companyCodeComboBox"}]}
RESULT: undefined
COMMAND: POST /session/298a9cc2a40484f0c35b17e60ac53e2a/execute/async - {"script":"<script> [776 bytes]","args":[{"enterText":"1000","selector":{"id":"application-manageyards-display-component---NewYard--companyCodeComboBox","interaction":{"idSuffix":"inner"}},"clearTextFirst":true,"interactionType":"ENTER_TEXT"}]}
RESULT: {"script":"<script> [776 bytes]","args":[{"enterText":"1000","selector":{"id":"application-manageyards-display-component---NewYard--companyCodeComboBox","interaction":{"idSuffix":"inner"}},"clearTextFirst":true,"interactionType":"ENTER_TEXT"}]}
COMMAND: POST /session/298a9cc2a40484f0c35b17e60ac53e2a/execute/async - {"script":"<script> [1562 bytes]","args":[{"selector":{"controlType":"sap.m.Input","viewName":"etm.portal.ui.manageyards.view.New","viewId":"application-manageyards-display-component---NewYard","bindingPath":{"path":"","propertyPath":"/PLANT","modelName":"NewYardModel"},"interaction":{"idSuffix":"inner"}},"wdio_ui5_key":"etmportal.ui.manageyards.view.Newsap.m.Input{\"path\":\"\",\"propertyPath\":\"/PLANT\",\"modelName\":\"NewYardModel\"}"}]}
RESULT: {"script":"<script> [1562 bytes]","args":[{"selector":{"controlType":"sap.m.Input","viewName":"etm.portal.ui.manageyards.view.New","viewId":"application-manageyards-display-component---NewYard","bindingPath":{"path":"","propertyPath":"/PLANT","modelName":"NewYardModel"},"interaction":{"idSuffix":"inner"}},"wdio_ui5_key":"etmportal.ui.manageyards.view.Newsap.m.Input{\"path\":\"\",\"propertyPath\":\"/PLANT\",\"modelName\":\"NewYardModel\"}"}]}
RESULT: undefined
COMMAND: POST /session/298a9cc2a40484f0c35b17e60ac53e2a/execute/async - {"script":"<script> [776 bytes]","args":[{"enterText":"1001","selector":{"controlType":"sap.m.Input","viewName":"etm.portal.ui.manageyards.view.New","viewId":"application-manageyards-display-component---NewYard","bindingPath":{"path":"","propertyPath":"/PLANT","modelName":"NewYardModel"},"interaction":{"idSuffix":"inner"}},"clearTextFirst":true,"interactionType":"ENTER_TEXT"}]}
RESULT: {"script":"<script> [776 bytes]","args":[{"enterText":"1001","selector":{"controlType":"sap.m.Input","viewName":"etm.portal.ui.manageyards.view.New","viewId":"application-manageyards-display-component---NewYard","bindingPath":{"path":"","propertyPath":"/PLANT","modelName":"NewYardModel"},"interaction":{"idSuffix":"inner"}},"clearTextFirst":true,"interactionType":"ENTER_TEXT"}]}
COMMAND: POST /session/298a9cc2a40484f0c35b17e60ac53e2a/execute/async - {"script":"<script> [1562 bytes]","args":[{"selector":{"controlType":"sap.m.Input","viewName":"etm.portal.ui.manageyards.view.New","viewId":"application-manageyards-display-component---NewYard","bindingPath":{"path":"","propertyPath":"/SALES_AREA_VKORG","modelName":"NewYardModel"},"interaction":{"idSuffix":"inner"}},"wdio_ui5_key":"etmportal.ui.manageyards.view.Newsap.m.Input{\"path\":\"\",\"propertyPath\":\"/SALES_AREA_VKORG\",\"modelName\":\"NewYardModel\"}"}]}
RESULT: {"script":"<script> [1562 bytes]","args":[{"selector":{"controlType":"sap.m.Input","viewName":"etm.portal.ui.manageyards.view.New","viewId":"application-manageyards-display-component---NewYard","bindingPath":{"path":"","propertyPath":"/SALES_AREA_VKORG","modelName":"NewYardModel"},"interaction":{"idSuffix":"inner"}},"wdio_ui5_key":"etmportal.ui.manageyards.view.Newsap.m.Input{\"path\":\"\",\"propertyPath\":\"/SALES_AREA_VKORG\",\"modelName\":\"NewYardModel\"}"}]}
RESULT: undefined
COMMAND: POST /session/298a9cc2a40484f0c35b17e60ac53e2a/execute/async - {"script":"<script> [776 bytes]","args":[{"enterText":"C002","selector":{"controlType":"sap.m.Input","viewName":"etm.portal.ui.manageyards.view.New","viewId":"application-manageyards-display-component---NewYard","bindingPath":{"path":"","propertyPath":"/SALES_AREA_VKORG","modelName":"NewYardModel"},"interaction":{"idSuffix":"inner"}},"clearTextFirst":true,"interactionType":"ENTER_TEXT"}]}
RESULT: {"script":"<script> [776 bytes]","args":[{"enterText":"C002","selector":{"controlType":"sap.m.Input","viewName":"etm.portal.ui.manageyards.view.New","viewId":"application-manageyards-display-component---NewYard","bindingPath":{"path":"","propertyPath":"/SALES_AREA_VKORG","modelName":"NewYardModel"},"interaction":{"idSuffix":"inner"}},"clearTextFirst":true,"interactionType":"ENTER_TEXT"}]}
COMMAND: POST /session/298a9cc2a40484f0c35b17e60ac53e2a/execute/async - {"script":"<script> [1562 bytes]","args":[{"selector":{"controlType":"sap.m.Input","viewName":"etm.portal.ui.manageyards.view.New","viewId":"application-manageyards-display-component---NewYard","bindingPath":{"path":"","propertyPath":"/SALES_AREA_VTWEG","modelName":"NewYardModel"},"interaction":{"idSuffix":"inner"}},"wdio_ui5_key":"etmportal.ui.manageyards.view.Newsap.m.Input{\"path\":\"\",\"propertyPath\":\"/SALES_AREA_VTWEG\",\"modelName\":\"NewYardModel\"}"}]}
RESULT: {"script":"<script> [1562 bytes]","args":[{"selector":{"controlType":"sap.m.Input","viewName":"etm.portal.ui.manageyards.view.New","viewId":"application-manageyards-display-component---NewYard","bindingPath":{"path":"","propertyPath":"/SALES_AREA_VTWEG","modelName":"NewYardModel"},"interaction":{"idSuffix":"inner"}},"wdio_ui5_key":"etmportal.ui.manageyards.view.Newsap.m.Input{\"path\":\"\",\"propertyPath\":\"/SALES_AREA_VTWEG\",\"modelName\":\"NewYardModel\"}"}]}
RESULT: undefined
COMMAND: POST /session/298a9cc2a40484f0c35b17e60ac53e2a/execute/async - {"script":"<script> [776 bytes]","args":[{"enterText":"C2","selector":{"controlType":"sap.m.Input","viewName":"etm.portal.ui.manageyards.view.New","viewId":"application-manageyards-display-component---NewYard","bindingPath":{"path":"","propertyPath":"/SALES_AREA_VTWEG","modelName":"NewYardModel"},"interaction":{"idSuffix":"inner"}},"clearTextFirst":true,"interactionType":"ENTER_TEXT"}]}
RESULT: {"script":"<script> [776 bytes]","args":[{"enterText":"C2","selector":{"controlType":"sap.m.Input","viewName":"etm.portal.ui.manageyards.view.New","viewId":"application-manageyards-display-component---NewYard","bindingPath":{"path":"","propertyPath":"/SALES_AREA_VTWEG","modelName":"NewYardModel"},"interaction":{"idSuffix":"inner"}},"clearTextFirst":true,"interactionType":"ENTER_TEXT"}]}
COMMAND: POST /session/298a9cc2a40484f0c35b17e60ac53e2a/execute/async - {"script":"<script> [1562 bytes]","args":[{"selector":{"controlType":"sap.m.Input","viewName":"etm.portal.ui.manageyards.view.New","viewId":"application-manageyards-display-component---NewYard","bindingPath":{"path":"","propertyPath":"/SALES_AREA_SPART","modelName":"NewYardModel"},"interaction":{"idSuffix":"inner"}},"wdio_ui5_key":"etmportal.ui.manageyards.view.Newsap.m.Input{\"path\":\"\",\"propertyPath\":\"/SALES_AREA_SPART\",\"modelName\":\"NewYardModel\"}"}]}
RESULT: {"script":"<script> [1562 bytes]","args":[{"selector":{"controlType":"sap.m.Input","viewName":"etm.portal.ui.manageyards.view.New","viewId":"application-manageyards-display-component---NewYard","bindingPath":{"path":"","propertyPath":"/SALES_AREA_SPART","modelName":"NewYardModel"},"interaction":{"idSuffix":"inner"}},"wdio_ui5_key":"etmportal.ui.manageyards.view.Newsap.m.Input{\"path\":\"\",\"propertyPath\":\"/SALES_AREA_SPART\",\"modelName\":\"NewYardModel\"}"}]}
RESULT: undefined
COMMAND: POST /session/298a9cc2a40484f0c35b17e60ac53e2a/execute/async - {"script":"<script> [776 bytes]","args":[{"enterText":"C2","selector":{"controlType":"sap.m.Input","viewName":"etm.portal.ui.manageyards.view.New","viewId":"application-manageyards-display-component---NewYard","bindingPath":{"path":"","propertyPath":"/SALES_AREA_SPART","modelName":"NewYardModel"},"interaction":{"idSuffix":"inner"}},"clearTextFirst":true,"interactionType":"ENTER_TEXT"}]}
RESULT: {"script":"<script> [776 bytes]","args":[{"enterText":"C2","selector":{"controlType":"sap.m.Input","viewName":"etm.portal.ui.manageyards.view.New","viewId":"application-manageyards-display-component---NewYard","bindingPath":{"path":"","propertyPath":"/SALES_AREA_SPART","modelName":"NewYardModel"},"interaction":{"idSuffix":"inner"}},"clearTextFirst":true,"interactionType":"ENTER_TEXT"}]}
COMMAND: POST /session/298a9cc2a40484f0c35b17e60ac53e2a/execute/async - {"script":"<script> [1562 bytes]","args":[{"selector":{"controlType":"sap.m.Input","viewName":"etm.portal.ui.manageyards.view.New","viewId":"application-manageyards-display-component---NewYard","bindingPath":{"path":"","propertyPath":"/SHIP_POINT","modelName":"NewYardModel"},"interaction":{"idSuffix":"inner"}},"wdio_ui5_key":"etmportal.ui.manageyards.view.Newsap.m.Input{\"path\":\"\",\"propertyPath\":\"/SHIP_POINT\",\"modelName\":\"NewYardModel\"}"}]}
RESULT: {"script":"<script> [1562 bytes]","args":[{"selector":{"controlType":"sap.m.Input","viewName":"etm.portal.ui.manageyards.view.New","viewId":"application-manageyards-display-component---NewYard","bindingPath":{"path":"","propertyPath":"/SHIP_POINT","modelName":"NewYardModel"},"interaction":{"idSuffix":"inner"}},"wdio_ui5_key":"etmportal.ui.manageyards.view.Newsap.m.Input{\"path\":\"\",\"propertyPath\":\"/SHIP_POINT\",\"modelName\":\"NewYardModel\"}"}]}
RESULT: undefined
COMMAND: POST /session/298a9cc2a40484f0c35b17e60ac53e2a/execute/async - {"script":"<script> [776 bytes]","args":[{"enterText":"1710","selector":{"controlType":"sap.m.Input","viewName":"etm.portal.ui.manageyards.view.New","viewId":"application-manageyards-display-component---NewYard","bindingPath":{"path":"","propertyPath":"/SHIP_POINT","modelName":"NewYardModel"},"interaction":{"idSuffix":"inner"}},"clearTextFirst":true,"interactionType":"ENTER_TEXT"}]}
RESULT: {"script":"<script> [776 bytes]","args":[{"enterText":"1710","selector":{"controlType":"sap.m.Input","viewName":"etm.portal.ui.manageyards.view.New","viewId":"application-manageyards-display-component---NewYard","bindingPath":{"path":"","propertyPath":"/SHIP_POINT","modelName":"NewYardModel"},"interaction":{"idSuffix":"inner"}},"clearTextFirst":true,"interactionType":"ENTER_TEXT"}]}
COMMAND: POST /session/298a9cc2a40484f0c35b17e60ac53e2a/execute/async - {"script":"<script> [1562 bytes]","args":[{"selector":{"controlType":"sap.m.Input","viewName":"etm.portal.ui.manageyards.view.New","viewId":"application-manageyards-display-component---NewYard","bindingPath":{"path":"","propertyPath":"/DELIVERY_TYPE","modelName":"NewYardModel"},"interaction":{"idSuffix":"inner"}},"wdio_ui5_key":"etmportal.ui.manageyards.view.Newsap.m.Input{\"path\":\"\",\"propertyPath\":\"/DELIVERY_TYPE\",\"modelName\":\"NewYardModel\"}"}]}
RESULT: {"script":"<script> [1562 bytes]","args":[{"selector":{"controlType":"sap.m.Input","viewName":"etm.portal.ui.manageyards.view.New","viewId":"application-manageyards-display-component---NewYard","bindingPath":{"path":"","propertyPath":"/DELIVERY_TYPE","modelName":"NewYardModel"},"interaction":{"idSuffix":"inner"}},"wdio_ui5_key":"etmportal.ui.manageyards.view.Newsap.m.Input{\"path\":\"\",\"propertyPath\":\"/DELIVERY_TYPE\",\"modelName\":\"NewYardModel\"}"}]}
RESULT: undefined
COMMAND: POST /session/298a9cc2a40484f0c35b17e60ac53e2a/execute/async - {"script":"<script> [776 bytes]","args":[{"enterText":"ZL01","selector":{"controlType":"sap.m.Input","viewName":"etm.portal.ui.manageyards.view.New","viewId":"application-manageyards-display-component---NewYard","bindingPath":{"path":"","propertyPath":"/DELIVERY_TYPE","modelName":"NewYardModel"},"interaction":{"idSuffix":"inner"}},"clearTextFirst":true,"interactionType":"ENTER_TEXT"}]}
RESULT: {"script":"<script> [776 bytes]","args":[{"enterText":"ZL01","selector":{"controlType":"sap.m.Input","viewName":"etm.portal.ui.manageyards.view.New","viewId":"application-manageyards-display-component---NewYard","bindingPath":{"path":"","propertyPath":"/DELIVERY_TYPE","modelName":"NewYardModel"},"interaction":{"idSuffix":"inner"}},"clearTextFirst":true,"interactionType":"ENTER_TEXT"}]}
COMMAND: POST /session/298a9cc2a40484f0c35b17e60ac53e2a/execute/async - {"script":"<script> [1562 bytes]","args":[{"selector":{"controlType":"sap.m.Input","viewName":"etm.portal.ui.manageyards.view.New","viewId":"application-manageyards-display-component---NewYard","bindingPath":{"path":"","propertyPath":"/AUART","modelName":"NewYardModel"},"interaction":{"idSuffix":"inner"}},"wdio_ui5_key":"etmportal.ui.manageyards.view.Newsap.m.Input{\"path\":\"\",\"propertyPath\":\"/AUART\",\"modelName\":\"NewYardModel\"}"}]}
RESULT: {"script":"<script> [1562 bytes]","args":[{"selector":{"controlType":"sap.m.Input","viewName":"etm.portal.ui.manageyards.view.New","viewId":"application-manageyards-display-component---NewYard","bindingPath":{"path":"","propertyPath":"/AUART","modelName":"NewYardModel"},"interaction":{"idSuffix":"inner"}},"wdio_ui5_key":"etmportal.ui.manageyards.view.Newsap.m.Input{\"path\":\"\",\"propertyPath\":\"/AUART\",\"modelName\":\"NewYardModel\"}"}]}
RESULT: undefined
COMMAND: POST /session/298a9cc2a40484f0c35b17e60ac53e2a/execute/async - {"script":"<script> [776 bytes]","args":[{"enterText":"TA","selector":{"controlType":"sap.m.Input","viewName":"etm.portal.ui.manageyards.view.New","viewId":"application-manageyards-display-component---NewYard","bindingPath":{"path":"","propertyPath":"/AUART","modelName":"NewYardModel"},"interaction":{"idSuffix":"inner"}},"clearTextFirst":true,"interactionType":"ENTER_TEXT"}]}
RESULT: {"script":"<script> [776 bytes]","args":[{"enterText":"TA","selector":{"controlType":"sap.m.Input","viewName":"etm.portal.ui.manageyards.view.New","viewId":"application-manageyards-display-component---NewYard","bindingPath":{"path":"","propertyPath":"/AUART","modelName":"NewYardModel"},"interaction":{"idSuffix":"inner"}},"clearTextFirst":true,"interactionType":"ENTER_TEXT"}]}
COMMAND: POST /session/298a9cc2a40484f0c35b17e60ac53e2a/element - {"using":"xpath","value":"//button[@data-kt=\"newYardSaveButton\"]"}
RESULT: {"using":"xpath","value":"//button[@data-kt=\"newYardSaveButton\"]"}
COMMAND: POST /session/298a9cc2a40484f0c35b17e60ac53e2a/element/f.F7A39C3863F4D6A216F4478231FD999C.d.73C6BD70752A59D8DF238234A1485B12.e.10153/click - {}
RESULT: {}
COMMAND: GET /session/298a9cc2a40484f0c35b17e60ac53e2a/screenshot - {}
RESULT: {}
COMMAND: POST /session/298a9cc2a40484f0c35b17e60ac53e2a/element - {"using":"xpath","value":"//header[contains(@id, 'ObjectPageLayout-headerTitle')]/div[1]/div[2]/div[1]/span[1]"}
RESULT: {"using":"xpath","value":"//header[contains(@id, 'ObjectPageLayout-headerTitle')]/div[1]/div[2]/div[1]/span[1]"}
COMMAND: POST /session/298a9cc2a40484f0c35b17e60ac53e2a/elements - {"using":"xpath","value":"//header[contains(@id, 'ObjectPageLayout-headerTitle')]/div[1]/div[2]/div[1]/span[1]"}
RESULT: {"using":"xpath","value":"//header[contains(@id, 'ObjectPageLayout-headerTitle')]/div[1]/div[2]/div[1]/span[1]"}
COMMAND: POST /session/298a9cc2a40484f0c35b17e60ac53e2a/execute/sync - {"script":"<script> [56 bytes]","args":[{"element-6066-11e4-a52e-4f735466cecf":"f.F7A39C3863F4D6A216F4478231FD999C.d.73C6BD70752A59D8DF238234A1485B12.e.10444","ELEMENT":"f.F7A39C3863F4D6A216F4478231FD999C.d.73C6BD70752A59D8DF238234A1485B12.e.10444"}]}
RESULT: {"script":"<script> [56 bytes]","args":[{"element-6066-11e4-a52e-4f735466cecf":"f.F7A39C3863F4D6A216F4478231FD999C.d.73C6BD70752A59D8DF238234A1485B12.e.10444","ELEMENT":"f.F7A39C3863F4D6A216F4478231FD999C.d.73C6BD70752A59D8DF238234A1485B12.e.10444"}]}
COMMAND: GET /session/298a9cc2a40484f0c35b17e60ac53e2a/screenshot - {}
RESULT: {}
COMMAND: POST /session/298a9cc2a40484f0c35b17e60ac53e2a/element - {"using":"css selector","value":"#shell-header-logo"}
RESULT: {"using":"css selector","value":"#shell-header-logo"}
COMMAND: POST /session/298a9cc2a40484f0c35b17e60ac53e2a/element/f.F7A39C3863F4D6A216F4478231FD999C.d.73C6BD70752A59D8DF238234A1485B12.e.9704/click - {}
RESULT: {}
COMMAND: GET /session/298a9cc2a40484f0c35b17e60ac53e2a/screenshot - {}
RESULT: {}
COMMAND: POST /session/298a9cc2a40484f0c35b17e60ac53e2a/execute/sync - {"script":"<script> [299 bytes]","args":[["getModel","getResource"]]}
RESULT: {"script":"<script> [299 bytes]","args":[["getModel","getResource"]]}
COMMAND: GET /session/298a9cc2a40484f0c35b17e60ac53e2a/screenshot - {}
]]></system-out>
    </testcase>
    <testcase classname="chrome.137_0_7151_69.windows.Create_partner_US118246" name="Should create new external partner" time="112.395">
      <system-out><![CDATA[
COMMAND: POST /session/298a9cc2a40484f0c35b17e60ac53e2a/window/fullscreen - {}
RESULT: {}
RESULT: {}
COMMAND: POST /session/298a9cc2a40484f0c35b17e60ac53e2a/execute/async - {"script":"<script> [1562 bytes]","args":[{"selector":{"controlType":"sap.m.GenericTile","properties":{"header":"Manage Partners"}},"wdio_ui5_key":"sapm.GenericTile{\"header\":\"Manage Partners\"}"}]}
RESULT: {"script":"<script> [1562 bytes]","args":[{"selector":{"controlType":"sap.m.GenericTile","properties":{"header":"Manage Partners"}},"wdio_ui5_key":"sapm.GenericTile{\"header\":\"Manage Partners\"}"}]}
RESULT: undefined
COMMAND: POST /session/298a9cc2a40484f0c35b17e60ac53e2a/element - {"using":"xpath","value":"//*[@id=\"__tile38\"]"}
RESULT: {"using":"xpath","value":"//*[@id=\"__tile38\"]"}
COMMAND: POST /session/298a9cc2a40484f0c35b17e60ac53e2a/element/f.F7A39C3863F4D6A216F4478231FD999C.d.73C6BD70752A59D8DF238234A1485B12.e.9589/click - {}
RESULT: {}
COMMAND: GET /session/298a9cc2a40484f0c35b17e60ac53e2a/screenshot - {}
RESULT: {}
COMMAND: POST /session/298a9cc2a40484f0c35b17e60ac53e2a/elements - {"using":"xpath","value":"//span[text()='Error']"}
RESULT: {"using":"xpath","value":"//span[text()='Error']"}
COMMAND: POST /session/298a9cc2a40484f0c35b17e60ac53e2a/element - {"using":"xpath","value":"//button[@data-kt=\"addButton\"]"}
RESULT: {"using":"xpath","value":"//button[@data-kt=\"addButton\"]"}
COMMAND: POST /session/298a9cc2a40484f0c35b17e60ac53e2a/elements - {"using":"xpath","value":"//button[@data-kt=\"addButton\"]"}
RESULT: {"using":"xpath","value":"//button[@data-kt=\"addButton\"]"}
COMMAND: POST /session/298a9cc2a40484f0c35b17e60ac53e2a/execute/sync - {"script":"<script> [8489 bytes]","args":[{"element-6066-11e4-a52e-4f735466cecf":"f.F7A39C3863F4D6A216F4478231FD999C.d.73C6BD70752A59D8DF238234A1485B12.e.10493","ELEMENT":"f.F7A39C3863F4D6A216F4478231FD999C.d.73C6BD70752A59D8DF238234A1485B12.e.10493"}]}
RESULT: {"script":"<script> [8489 bytes]","args":[{"element-6066-11e4-a52e-4f735466cecf":"f.F7A39C3863F4D6A216F4478231FD999C.d.73C6BD70752A59D8DF238234A1485B12.e.10493","ELEMENT":"f.F7A39C3863F4D6A216F4478231FD999C.d.73C6BD70752A59D8DF238234A1485B12.e.10493"}]}
COMMAND: GET /session/298a9cc2a40484f0c35b17e60ac53e2a/element/f.F7A39C3863F4D6A216F4478231FD999C.d.73C6BD70752A59D8DF238234A1485B12.e.10493/enabled - {}
COMMAND: GET /session/298a9cc2a40484f0c35b17e60ac53e2a/screenshot - {}
RESULT: {}
COMMAND: POST /session/298a9cc2a40484f0c35b17e60ac53e2a/execute/sync - {"script":"<script> [8489 bytes]","args":[{"element-6066-11e4-a52e-4f735466cecf":"f.F7A39C3863F4D6A216F4478231FD999C.d.73C6BD70752A59D8DF238234A1485B12.e.10493","ELEMENT":"f.F7A39C3863F4D6A216F4478231FD999C.d.73C6BD70752A59D8DF238234A1485B12.e.10493"}]}
COMMAND: GET /session/298a9cc2a40484f0c35b17e60ac53e2a/screenshot - {}
RESULT: {}
RESULT: {"script":"<script> [8489 bytes]","args":[{"element-6066-11e4-a52e-4f735466cecf":"f.F7A39C3863F4D6A216F4478231FD999C.d.73C6BD70752A59D8DF238234A1485B12.e.10493","ELEMENT":"f.F7A39C3863F4D6A216F4478231FD999C.d.73C6BD70752A59D8DF238234A1485B12.e.10493"}]}
COMMAND: POST /session/298a9cc2a40484f0c35b17e60ac53e2a/execute/sync - {"script":"<script> [5351 bytes]","args":[{"element-6066-11e4-a52e-4f735466cecf":"f.F7A39C3863F4D6A216F4478231FD999C.d.73C6BD70752A59D8DF238234A1485B12.e.10493","ELEMENT":"f.F7A39C3863F4D6A216F4478231FD999C.d.73C6BD70752A59D8DF238234A1485B12.e.10493"}]}
COMMAND: GET /session/298a9cc2a40484f0c35b17e60ac53e2a/screenshot - {}
RESULT: {}
RESULT: {"script":"<script> [5351 bytes]","args":[{"element-6066-11e4-a52e-4f735466cecf":"f.F7A39C3863F4D6A216F4478231FD999C.d.73C6BD70752A59D8DF238234A1485B12.e.10493","ELEMENT":"f.F7A39C3863F4D6A216F4478231FD999C.d.73C6BD70752A59D8DF238234A1485B12.e.10493"}]}
COMMAND: POST /session/298a9cc2a40484f0c35b17e60ac53e2a/element/f.F7A39C3863F4D6A216F4478231FD999C.d.73C6BD70752A59D8DF238234A1485B12.e.10493/click - {}
COMMAND: GET /session/298a9cc2a40484f0c35b17e60ac53e2a/screenshot - {}
RESULT: {}
RESULT: {}
COMMAND: GET /session/298a9cc2a40484f0c35b17e60ac53e2a/screenshot - {}
COMMAND: POST /session/298a9cc2a40484f0c35b17e60ac53e2a/execute/async - {"script":"<script> [1562 bytes]","args":[{"selector":{"id":"application-managepartners-display-component---NewPartner--addressDetailDetailsName1","interaction":{"idSuffix":"inner"}},"wdio_ui5_key":"applicationmanagepartners-display-component---NewPartner--addressDetailDetailsName1"}]}
RESULT: {}
RESULT: {}
RESULT: {"script":"<script> [1562 bytes]","args":[{"selector":{"id":"application-managepartners-display-component---NewPartner--addressDetailDetailsName1","interaction":{"idSuffix":"inner"}},"wdio_ui5_key":"applicationmanagepartners-display-component---NewPartner--addressDetailDetailsName1"}]}
RESULT: undefined
COMMAND: POST /session/298a9cc2a40484f0c35b17e60ac53e2a/execute/async - {"script":"<script> [776 bytes]","args":[{"enterText":"External Partner WDIO","selector":{"id":"application-managepartners-display-component---NewPartner--addressDetailDetailsName1","interaction":{"idSuffix":"inner"}},"clearTextFirst":true,"interactionType":"ENTER_TEXT"}]}
RESULT: {"script":"<script> [776 bytes]","args":[{"enterText":"External Partner WDIO","selector":{"id":"application-managepartners-display-component---NewPartner--addressDetailDetailsName1","interaction":{"idSuffix":"inner"}},"clearTextFirst":true,"interactionType":"ENTER_TEXT"}]}
COMMAND: POST /session/298a9cc2a40484f0c35b17e60ac53e2a/execute/async - {"script":"<script> [1562 bytes]","args":[{"selector":{"id":"application-managepartners-display-component---NewPartner--addressDetailDetailsLanguage-arrow"},"wdio_ui5_key":"applicationmanagepartners-display-component---NewPartner--addressDetailDetailsLanguage-arrow"}]}
RESULT: {"script":"<script> [1562 bytes]","args":[{"selector":{"id":"application-managepartners-display-component---NewPartner--addressDetailDetailsLanguage-arrow"},"wdio_ui5_key":"applicationmanagepartners-display-component---NewPartner--addressDetailDetailsLanguage-arrow"}]}
RESULT: undefined
COMMAND: POST /session/298a9cc2a40484f0c35b17e60ac53e2a/element - {"using":"xpath","value":"//*[@id=\"application-managepartners-display-component---NewPartner--addressDetailDetailsLanguage-arrow\"]"}
RESULT: {"using":"xpath","value":"//*[@id=\"application-managepartners-display-component---NewPartner--addressDetailDetailsLanguage-arrow\"]"}
COMMAND: POST /session/298a9cc2a40484f0c35b17e60ac53e2a/element/f.F7A39C3863F4D6A216F4478231FD999C.d.73C6BD70752A59D8DF238234A1485B12.e.10934/click - {}
RESULT: {}
COMMAND: POST /session/298a9cc2a40484f0c35b17e60ac53e2a/element - {"using":"xpath","value":"//span[contains(text(), \"English\")]"}
COMMAND: GET /session/298a9cc2a40484f0c35b17e60ac53e2a/screenshot - {}
RESULT: {"using":"xpath","value":"//span[contains(text(), \"English\")]"}
COMMAND: POST /session/298a9cc2a40484f0c35b17e60ac53e2a/element/f.F7A39C3863F4D6A216F4478231FD999C.d.73C6BD70752A59D8DF238234A1485B12.e.10935/click - {}
RESULT: {}
RESULT: {}
COMMAND: GET /session/298a9cc2a40484f0c35b17e60ac53e2a/screenshot - {}
RESULT: {}
COMMAND: POST /session/298a9cc2a40484f0c35b17e60ac53e2a/execute/async - {"script":"<script> [1562 bytes]","args":[{"selector":{"id":"application-managepartners-display-component---NewPartner--addressDetailDetailsCity1","interaction":{"idSuffix":"inner"}},"wdio_ui5_key":"applicationmanagepartners-display-component---NewPartner--addressDetailDetailsCity1"}]}
RESULT: {"script":"<script> [1562 bytes]","args":[{"selector":{"id":"application-managepartners-display-component---NewPartner--addressDetailDetailsCity1","interaction":{"idSuffix":"inner"}},"wdio_ui5_key":"applicationmanagepartners-display-component---NewPartner--addressDetailDetailsCity1"}]}
RESULT: undefined
COMMAND: POST /session/298a9cc2a40484f0c35b17e60ac53e2a/execute/async - {"script":"<script> [776 bytes]","args":[{"enterText":"Rosario","selector":{"id":"application-managepartners-display-component---NewPartner--addressDetailDetailsCity1","interaction":{"idSuffix":"inner"}},"clearTextFirst":true,"interactionType":"ENTER_TEXT"}]}
RESULT: {"script":"<script> [776 bytes]","args":[{"enterText":"Rosario","selector":{"id":"application-managepartners-display-component---NewPartner--addressDetailDetailsCity1","interaction":{"idSuffix":"inner"}},"clearTextFirst":true,"interactionType":"ENTER_TEXT"}]}
COMMAND: POST /session/298a9cc2a40484f0c35b17e60ac53e2a/execute/async - {"script":"<script> [1562 bytes]","args":[{"selector":{"id":"application-managepartners-display-component---NewPartner--addressDetailDetailsCountry-arrow"},"wdio_ui5_key":"applicationmanagepartners-display-component---NewPartner--addressDetailDetailsCountry-arrow"}]}
RESULT: {"script":"<script> [1562 bytes]","args":[{"selector":{"id":"application-managepartners-display-component---NewPartner--addressDetailDetailsCountry-arrow"},"wdio_ui5_key":"applicationmanagepartners-display-component---NewPartner--addressDetailDetailsCountry-arrow"}]}
RESULT: undefined
COMMAND: POST /session/298a9cc2a40484f0c35b17e60ac53e2a/element - {"using":"xpath","value":"//*[@id=\"application-managepartners-display-component---NewPartner--addressDetailDetailsCountry-arrow\"]"}
RESULT: {"using":"xpath","value":"//*[@id=\"application-managepartners-display-component---NewPartner--addressDetailDetailsCountry-arrow\"]"}
COMMAND: POST /session/298a9cc2a40484f0c35b17e60ac53e2a/element/f.F7A39C3863F4D6A216F4478231FD999C.d.73C6BD70752A59D8DF238234A1485B12.e.10909/click - {}
RESULT: {}
COMMAND: POST /session/298a9cc2a40484f0c35b17e60ac53e2a/element - {"using":"xpath","value":"//span[contains(text(), \"Argentina\")]"}
COMMAND: GET /session/298a9cc2a40484f0c35b17e60ac53e2a/screenshot - {}
RESULT: {"using":"xpath","value":"//span[contains(text(), \"Argentina\")]"}
COMMAND: POST /session/298a9cc2a40484f0c35b17e60ac53e2a/element/f.F7A39C3863F4D6A216F4478231FD999C.d.73C6BD70752A59D8DF238234A1485B12.e.10937/click - {}
RESULT: {}
RESULT: {}
COMMAND: GET /session/298a9cc2a40484f0c35b17e60ac53e2a/screenshot - {}
RESULT: {}
COMMAND: POST /session/298a9cc2a40484f0c35b17e60ac53e2a/element - {"using":"xpath","value":"//bdi[contains(text(), \"Commercial\")]"}
RESULT: {"using":"xpath","value":"//bdi[contains(text(), \"Commercial\")]"}
COMMAND: POST /session/298a9cc2a40484f0c35b17e60ac53e2a/element/f.F7A39C3863F4D6A216F4478231FD999C.d.73C6BD70752A59D8DF238234A1485B12.e.10938/click - {}
RESULT: {}
COMMAND: GET /session/298a9cc2a40484f0c35b17e60ac53e2a/screenshot - {}
RESULT: {}
COMMAND: POST /session/298a9cc2a40484f0c35b17e60ac53e2a/execute/async - {"script":"<script> [1562 bytes]","args":[{"selector":{"id":"application-managepartners-display-component---NewPartner--partnerDetailInternal-arrow"},"wdio_ui5_key":"applicationmanagepartners-display-component---NewPartner--partnerDetailInternal-arrow"}]}
RESULT: {"script":"<script> [1562 bytes]","args":[{"selector":{"id":"application-managepartners-display-component---NewPartner--partnerDetailInternal-arrow"},"wdio_ui5_key":"applicationmanagepartners-display-component---NewPartner--partnerDetailInternal-arrow"}]}
RESULT: undefined
COMMAND: POST /session/298a9cc2a40484f0c35b17e60ac53e2a/element - {"using":"xpath","value":"//*[@id=\"application-managepartners-display-component---NewPartner--partnerDetailInternal-arrow\"]"}
RESULT: {"using":"xpath","value":"//*[@id=\"application-managepartners-display-component---NewPartner--partnerDetailInternal-arrow\"]"}
COMMAND: POST /session/298a9cc2a40484f0c35b17e60ac53e2a/element/f.F7A39C3863F4D6A216F4478231FD999C.d.73C6BD70752A59D8DF238234A1485B12.e.10944/click - {}
RESULT: {}
COMMAND: POST /session/298a9cc2a40484f0c35b17e60ac53e2a/element - {"using":"xpath","value":"//span[contains(text(), \"External partner\")]"}
COMMAND: GET /session/298a9cc2a40484f0c35b17e60ac53e2a/screenshot - {}
RESULT: {"using":"xpath","value":"//span[contains(text(), \"External partner\")]"}
COMMAND: POST /session/298a9cc2a40484f0c35b17e60ac53e2a/element/f.F7A39C3863F4D6A216F4478231FD999C.d.73C6BD70752A59D8DF238234A1485B12.e.10947/click - {}
RESULT: {}
RESULT: {}
COMMAND: POST /session/298a9cc2a40484f0c35b17e60ac53e2a/execute/async - {"script":"<script> [1562 bytes]","args":[{"selector":{"id":"application-managepartners-display-component---NewPartner--partnerDetailsCurrency-arrow"},"wdio_ui5_key":"applicationmanagepartners-display-component---NewPartner--partnerDetailsCurrency-arrow"}]}
COMMAND: GET /session/298a9cc2a40484f0c35b17e60ac53e2a/screenshot - {}
RESULT: {"script":"<script> [1562 bytes]","args":[{"selector":{"id":"application-managepartners-display-component---NewPartner--partnerDetailsCurrency-arrow"},"wdio_ui5_key":"applicationmanagepartners-display-component---NewPartner--partnerDetailsCurrency-arrow"}]}
RESULT: undefined
COMMAND: POST /session/298a9cc2a40484f0c35b17e60ac53e2a/element - {"using":"xpath","value":"//*[@id=\"application-managepartners-display-component---NewPartner--partnerDetailsCurrency-arrow\"]"}
RESULT: {}
RESULT: {"using":"xpath","value":"//*[@id=\"application-managepartners-display-component---NewPartner--partnerDetailsCurrency-arrow\"]"}
COMMAND: POST /session/298a9cc2a40484f0c35b17e60ac53e2a/element/f.F7A39C3863F4D6A216F4478231FD999C.d.73C6BD70752A59D8DF238234A1485B12.e.10952/click - {}
RESULT: {}
COMMAND: POST /session/298a9cc2a40484f0c35b17e60ac53e2a/element - {"using":"xpath","value":"//span[contains(text(), \"US Dollar\")]"}
COMMAND: GET /session/298a9cc2a40484f0c35b17e60ac53e2a/screenshot - {}
RESULT: {"using":"xpath","value":"//span[contains(text(), \"US Dollar\")]"}
COMMAND: POST /session/298a9cc2a40484f0c35b17e60ac53e2a/element/f.F7A39C3863F4D6A216F4478231FD999C.d.73C6BD70752A59D8DF238234A1485B12.e.10953/click - {}
RESULT: {}
RESULT: {}
COMMAND: GET /session/298a9cc2a40484f0c35b17e60ac53e2a/screenshot - {}
RESULT: {}
COMMAND: POST /session/298a9cc2a40484f0c35b17e60ac53e2a/element - {"using":"xpath","value":"//input[@id=\"application-managepartners-display-component---NewPartner--companyCodeComboBox-inner\"]"}
RESULT: {"using":"xpath","value":"//input[@id=\"application-managepartners-display-component---NewPartner--companyCodeComboBox-inner\"]"}
COMMAND: POST /session/298a9cc2a40484f0c35b17e60ac53e2a/element/f.F7A39C3863F4D6A216F4478231FD999C.d.73C6BD70752A59D8DF238234A1485B12.e.10847/clear - {}
RESULT: {}
COMMAND: POST /session/298a9cc2a40484f0c35b17e60ac53e2a/element/f.F7A39C3863F4D6A216F4478231FD999C.d.73C6BD70752A59D8DF238234A1485B12.e.10847/value - {"text":"C002"}
COMMAND: GET /session/298a9cc2a40484f0c35b17e60ac53e2a/screenshot - {}
RESULT: {"text":"C002"}
COMMAND: GET /session/298a9cc2a40484f0c35b17e60ac53e2a/screenshot - {}
RESULT: {}
RESULT: {}
COMMAND: POST /session/298a9cc2a40484f0c35b17e60ac53e2a/element - {"using":"xpath","value":"//li[.//span[text()= \"C002\"]]"}
RESULT: {"using":"xpath","value":"//li[.//span[text()= \"C002\"]]"}
COMMAND: POST /session/298a9cc2a40484f0c35b17e60ac53e2a/element/f.F7A39C3863F4D6A216F4478231FD999C.d.73C6BD70752A59D8DF238234A1485B12.e.10957/click - {}
RESULT: {}
COMMAND: GET /session/298a9cc2a40484f0c35b17e60ac53e2a/screenshot - {}
RESULT: {}
COMMAND: POST /session/298a9cc2a40484f0c35b17e60ac53e2a/execute/async - {"script":"<script> [1562 bytes]","args":[{"selector":{"controlType":"sap.ui.core.Icon","viewName":"etm.portal.ui.managepartners.view.NewPartner","viewId":"application-managepartners-display-component---NewPartner","properties":{"src":{"regex":{"source":"slim\\-arrow\\-down"}}},"ancestor":{"controlType":"sap.m.ComboBox","viewName":"etm.portal.ui.managepartners.view.NewPartner","viewId":"application-managepartners-display-component---NewPartner","bindingPath":{"path":"","propertyPath":"/CATALOG","modelName":"oNewPartnerModel"}}},"wdio_ui5_key":"etmportal.ui.managepartners.view.NewPartnersap.ui.core.Icon{\"src\":{\"regex\":{\"source\":\"slim\\\\-arrow\\\\-down\"}}}{\"controlType\":\"sap.m.ComboBox\",\"viewName\":\"etm.portal.ui.managepartners.view.NewPartner\",\"viewId\":\"application-managepartners-display-component---NewPartner\",\"bindingPath\":{\"path\":\"\",\"propertyPath\":\"/CATALOG\",\"modelName\":\"oNewPartnerModel\"}}"}]}
RESULT: {"script":"<script> [1562 bytes]","args":[{"selector":{"controlType":"sap.ui.core.Icon","viewName":"etm.portal.ui.managepartners.view.NewPartner","viewId":"application-managepartners-display-component---NewPartner","properties":{"src":{"regex":{"source":"slim\\-arrow\\-down"}}},"ancestor":{"controlType":"sap.m.ComboBox","viewName":"etm.portal.ui.managepartners.view.NewPartner","viewId":"application-managepartners-display-component---NewPartner","bindingPath":{"path":"","propertyPath":"/CATALOG","modelName":"oNewPartnerModel"}}},"wdio_ui5_key":"etmportal.ui.managepartners.view.NewPartnersap.ui.core.Icon{\"src\":{\"regex\":{\"source\":\"slim\\\\-arrow\\\\-down\"}}}{\"controlType\":\"sap.m.ComboBox\",\"viewName\":\"etm.portal.ui.managepartners.view.NewPartner\",\"viewId\":\"application-managepartners-display-component---NewPartner\",\"bindingPath\":{\"path\":\"\",\"propertyPath\":\"/CATALOG\",\"modelName\":\"oNewPartnerModel\"}}"}]}
RESULT: undefined
COMMAND: POST /session/298a9cc2a40484f0c35b17e60ac53e2a/element - {"using":"xpath","value":"//*[@id=\"__box22-arrow\"]"}
RESULT: {"using":"xpath","value":"//*[@id=\"__box22-arrow\"]"}
COMMAND: POST /session/298a9cc2a40484f0c35b17e60ac53e2a/element/f.F7A39C3863F4D6A216F4478231FD999C.d.73C6BD70752A59D8DF238234A1485B12.e.10910/click - {}
RESULT: {}
COMMAND: GET /session/298a9cc2a40484f0c35b17e60ac53e2a/screenshot - {}
RESULT: {}
COMMAND: POST /session/298a9cc2a40484f0c35b17e60ac53e2a/element - {"using":"xpath","value":"//ul[contains(@id,\"popup-list-listUl\")]//li[.//span[text()= \"Webshop Catalog\"]]"}
RESULT: {"using":"xpath","value":"//ul[contains(@id,\"popup-list-listUl\")]//li[.//span[text()= \"Webshop Catalog\"]]"}
COMMAND: POST /session/298a9cc2a40484f0c35b17e60ac53e2a/element/f.F7A39C3863F4D6A216F4478231FD999C.d.73C6BD70752A59D8DF238234A1485B12.e.10959/click - {}
RESULT: {}
COMMAND: GET /session/298a9cc2a40484f0c35b17e60ac53e2a/screenshot - {}
RESULT: {}
COMMAND: POST /session/298a9cc2a40484f0c35b17e60ac53e2a/execute/async - {"script":"<script> [1562 bytes]","args":[{"selector":{"id":"application-managepartners-display-component---NewPartner--btnAddTableRow-img"},"wdio_ui5_key":"applicationmanagepartners-display-component---NewPartner--btnAddTableRow-img"}]}
RESULT: {"script":"<script> [1562 bytes]","args":[{"selector":{"id":"application-managepartners-display-component---NewPartner--btnAddTableRow-img"},"wdio_ui5_key":"applicationmanagepartners-display-component---NewPartner--btnAddTableRow-img"}]}
RESULT: undefined
COMMAND: POST /session/298a9cc2a40484f0c35b17e60ac53e2a/element - {"using":"xpath","value":"//*[@id=\"application-managepartners-display-component---NewPartner--btnAddTableRow-img\"]"}
RESULT: {"using":"xpath","value":"//*[@id=\"application-managepartners-display-component---NewPartner--btnAddTableRow-img\"]"}
COMMAND: POST /session/298a9cc2a40484f0c35b17e60ac53e2a/element/f.F7A39C3863F4D6A216F4478231FD999C.d.73C6BD70752A59D8DF238234A1485B12.e.10960/click - {}
RESULT: {}
COMMAND: GET /session/298a9cc2a40484f0c35b17e60ac53e2a/screenshot - {}
RESULT: {}
COMMAND: POST /session/298a9cc2a40484f0c35b17e60ac53e2a/element - {"using":"xpath","value":"//input[@id=\"application-managepartners-display-component---NewPartner--assignmentYard-application-managepartners-display-component---NewPartner--assignmentsTable-0-inner\"]"}
RESULT: {"using":"xpath","value":"//input[@id=\"application-managepartners-display-component---NewPartner--assignmentYard-application-managepartners-display-component---NewPartner--assignmentsTable-0-inner\"]"}
COMMAND: POST /session/298a9cc2a40484f0c35b17e60ac53e2a/element/f.F7A39C3863F4D6A216F4478231FD999C.d.73C6BD70752A59D8DF238234A1485B12.e.10963/clear - {}
RESULT: {}
COMMAND: POST /session/298a9cc2a40484f0c35b17e60ac53e2a/element/f.F7A39C3863F4D6A216F4478231FD999C.d.73C6BD70752A59D8DF238234A1485B12.e.10963/value - {"text":"696"}
COMMAND: GET /session/298a9cc2a40484f0c35b17e60ac53e2a/screenshot - {}
RESULT: {"text":"696"}
COMMAND: GET /session/298a9cc2a40484f0c35b17e60ac53e2a/screenshot - {}
RESULT: {}
RESULT: {}
COMMAND: POST /session/298a9cc2a40484f0c35b17e60ac53e2a/element - {"using":"xpath","value":"//li[.//span[text()='696']]"}
RESULT: {"using":"xpath","value":"//li[.//span[text()='696']]"}
COMMAND: POST /session/298a9cc2a40484f0c35b17e60ac53e2a/element/f.F7A39C3863F4D6A216F4478231FD999C.d.73C6BD70752A59D8DF238234A1485B12.e.10971/click - {}
RESULT: {}
COMMAND: GET /session/298a9cc2a40484f0c35b17e60ac53e2a/screenshot - {}
RESULT: {}
COMMAND: POST /session/298a9cc2a40484f0c35b17e60ac53e2a/actions - {"actions":[{"id":"action31","type":"key","parameters":{},"actions":[{"type":"keyDown","value":"î€‡"},{"type":"pause","duration":10},{"type":"keyUp","value":"î€‡"}]}]}
RESULT: {"actions":[{"id":"action31","type":"key","parameters":{},"actions":[{"type":"keyDown","value":"î€‡"},{"type":"pause","duration":10},{"type":"keyUp","value":"î€‡"}]}]}
COMMAND: POST /session/298a9cc2a40484f0c35b17e60ac53e2a/element - {"using":"xpath","value":"//td[contains(@id, \"assignmentsTable-0-cell2\")]/div/div"}
COMMAND: GET /session/298a9cc2a40484f0c35b17e60ac53e2a/screenshot - {}
RESULT: {"using":"xpath","value":"//td[contains(@id, \"assignmentsTable-0-cell2\")]/div/div"}
COMMAND: POST /session/298a9cc2a40484f0c35b17e60ac53e2a/element/f.F7A39C3863F4D6A216F4478231FD999C.d.73C6BD70752A59D8DF238234A1485B12.e.10974/click - {}
RESULT: {}
RESULT: {}
COMMAND: GET /session/298a9cc2a40484f0c35b17e60ac53e2a/screenshot - {}
RESULT: {}
COMMAND: POST /session/298a9cc2a40484f0c35b17e60ac53e2a/element - {"using":"xpath","value":"//button[@data-kt=\"saveButton\"]"}
RESULT: {"using":"xpath","value":"//button[@data-kt=\"saveButton\"]"}
COMMAND: POST /session/298a9cc2a40484f0c35b17e60ac53e2a/element/f.F7A39C3863F4D6A216F4478231FD999C.d.73C6BD70752A59D8DF238234A1485B12.e.10911/click - {}
RESULT: {}
COMMAND: GET /session/298a9cc2a40484f0c35b17e60ac53e2a/screenshot - {}
RESULT: {}
COMMAND: POST /session/298a9cc2a40484f0c35b17e60ac53e2a/element - {"using":"xpath","value":"//header[contains(@id, 'ObjectPageLayout-headerTitle')]/div[1]/div[2]/div[2]/span[1]"}
RESULT: {"using":"xpath","value":"//header[contains(@id, 'ObjectPageLayout-headerTitle')]/div[1]/div[2]/div[2]/span[1]"}
COMMAND: POST /session/298a9cc2a40484f0c35b17e60ac53e2a/elements - {"using":"xpath","value":"//header[contains(@id, 'ObjectPageLayout-headerTitle')]/div[1]/div[2]/div[2]/span[1]"}
RESULT: {"using":"xpath","value":"//header[contains(@id, 'ObjectPageLayout-headerTitle')]/div[1]/div[2]/div[2]/span[1]"}
COMMAND: POST /session/298a9cc2a40484f0c35b17e60ac53e2a/execute/sync - {"script":"<script> [56 bytes]","args":[{"element-6066-11e4-a52e-4f735466cecf":"f.F7A39C3863F4D6A216F4478231FD999C.d.73C6BD70752A59D8DF238234A1485B12.e.11134","ELEMENT":"f.F7A39C3863F4D6A216F4478231FD999C.d.73C6BD70752A59D8DF238234A1485B12.e.11134"}]}
RESULT: {"script":"<script> [56 bytes]","args":[{"element-6066-11e4-a52e-4f735466cecf":"f.F7A39C3863F4D6A216F4478231FD999C.d.73C6BD70752A59D8DF238234A1485B12.e.11134","ELEMENT":"f.F7A39C3863F4D6A216F4478231FD999C.d.73C6BD70752A59D8DF238234A1485B12.e.11134"}]}
COMMAND: POST /session/298a9cc2a40484f0c35b17e60ac53e2a/element - {"using":"css selector","value":"#shell-header-logo"}
COMMAND: GET /session/298a9cc2a40484f0c35b17e60ac53e2a/screenshot - {}
RESULT: {"using":"css selector","value":"#shell-header-logo"}
COMMAND: POST /session/298a9cc2a40484f0c35b17e60ac53e2a/element/f.F7A39C3863F4D6A216F4478231FD999C.d.73C6BD70752A59D8DF238234A1485B12.e.10448/click - {}
RESULT: {}
RESULT: {}
COMMAND: GET /session/298a9cc2a40484f0c35b17e60ac53e2a/screenshot - {}
RESULT: {}
COMMAND: POST /session/298a9cc2a40484f0c35b17e60ac53e2a/execute/sync - {"script":"<script> [299 bytes]","args":[["getModel","getResource"]]}
RESULT: {"script":"<script> [299 bytes]","args":[["getModel","getResource"]]}
]]></system-out>
    </testcase>
    <testcase classname="chrome.137_0_7151_69.windows.Create_partner_US118246" name="Should create a new yard in case create yard failed" time="115.013">
      <system-out><![CDATA[
RESULT: undefined
COMMAND: POST /session/298a9cc2a40484f0c35b17e60ac53e2a/element - {"using":"xpath","value":"//*[@id=\"__tile41\"]"}
COMMAND: GET /session/298a9cc2a40484f0c35b17e60ac53e2a/screenshot - {}
RESULT: {"using":"xpath","value":"//*[@id=\"__tile41\"]"}
COMMAND: POST /session/298a9cc2a40484f0c35b17e60ac53e2a/element/f.F7A39C3863F4D6A216F4478231FD999C.d.73C6BD70752A59D8DF238234A1485B12.e.9598/click - {}
RESULT: {}
RESULT: {}
COMMAND: GET /session/298a9cc2a40484f0c35b17e60ac53e2a/screenshot - {}
RESULT: {}
COMMAND: POST /session/298a9cc2a40484f0c35b17e60ac53e2a/elements - {"using":"xpath","value":"//span[text()='Error']"}
RESULT: {"using":"xpath","value":"//span[text()='Error']"}
COMMAND: POST /session/298a9cc2a40484f0c35b17e60ac53e2a/element - {"using":"xpath","value":"//button[@data-kt=\"addNewYardOverflowToolbarButton\"]"}
RESULT: {"using":"xpath","value":"//button[@data-kt=\"addNewYardOverflowToolbarButton\"]"}
COMMAND: POST /session/298a9cc2a40484f0c35b17e60ac53e2a/elements - {"using":"xpath","value":"//button[@data-kt=\"addNewYardOverflowToolbarButton\"]"}
RESULT: {"using":"xpath","value":"//button[@data-kt=\"addNewYardOverflowToolbarButton\"]"}
COMMAND: POST /session/298a9cc2a40484f0c35b17e60ac53e2a/execute/sync - {"script":"<script> [8489 bytes]","args":[{"element-6066-11e4-a52e-4f735466cecf":"f.F7A39C3863F4D6A216F4478231FD999C.d.73C6BD70752A59D8DF238234A1485B12.e.11170","ELEMENT":"f.F7A39C3863F4D6A216F4478231FD999C.d.73C6BD70752A59D8DF238234A1485B12.e.11170"}]}
RESULT: {"script":"<script> [8489 bytes]","args":[{"element-6066-11e4-a52e-4f735466cecf":"f.F7A39C3863F4D6A216F4478231FD999C.d.73C6BD70752A59D8DF238234A1485B12.e.11170","ELEMENT":"f.F7A39C3863F4D6A216F4478231FD999C.d.73C6BD70752A59D8DF238234A1485B12.e.11170"}]}
COMMAND: GET /session/298a9cc2a40484f0c35b17e60ac53e2a/element/f.F7A39C3863F4D6A216F4478231FD999C.d.73C6BD70752A59D8DF238234A1485B12.e.11170/enabled - {}
COMMAND: GET /session/298a9cc2a40484f0c35b17e60ac53e2a/screenshot - {}
RESULT: {}
COMMAND: POST /session/298a9cc2a40484f0c35b17e60ac53e2a/execute/sync - {"script":"<script> [8489 bytes]","args":[{"element-6066-11e4-a52e-4f735466cecf":"f.F7A39C3863F4D6A216F4478231FD999C.d.73C6BD70752A59D8DF238234A1485B12.e.11170","ELEMENT":"f.F7A39C3863F4D6A216F4478231FD999C.d.73C6BD70752A59D8DF238234A1485B12.e.11170"}]}
COMMAND: GET /session/298a9cc2a40484f0c35b17e60ac53e2a/screenshot - {}
RESULT: {}
RESULT: {"script":"<script> [8489 bytes]","args":[{"element-6066-11e4-a52e-4f735466cecf":"f.F7A39C3863F4D6A216F4478231FD999C.d.73C6BD70752A59D8DF238234A1485B12.e.11170","ELEMENT":"f.F7A39C3863F4D6A216F4478231FD999C.d.73C6BD70752A59D8DF238234A1485B12.e.11170"}]}
COMMAND: POST /session/298a9cc2a40484f0c35b17e60ac53e2a/execute/sync - {"script":"<script> [5351 bytes]","args":[{"element-6066-11e4-a52e-4f735466cecf":"f.F7A39C3863F4D6A216F4478231FD999C.d.73C6BD70752A59D8DF238234A1485B12.e.11170","ELEMENT":"f.F7A39C3863F4D6A216F4478231FD999C.d.73C6BD70752A59D8DF238234A1485B12.e.11170"}]}
COMMAND: GET /session/298a9cc2a40484f0c35b17e60ac53e2a/screenshot - {}
RESULT: {}
RESULT: {"script":"<script> [5351 bytes]","args":[{"element-6066-11e4-a52e-4f735466cecf":"f.F7A39C3863F4D6A216F4478231FD999C.d.73C6BD70752A59D8DF238234A1485B12.e.11170","ELEMENT":"f.F7A39C3863F4D6A216F4478231FD999C.d.73C6BD70752A59D8DF238234A1485B12.e.11170"}]}
COMMAND: POST /session/298a9cc2a40484f0c35b17e60ac53e2a/element/f.F7A39C3863F4D6A216F4478231FD999C.d.73C6BD70752A59D8DF238234A1485B12.e.11170/click - {}
COMMAND: GET /session/298a9cc2a40484f0c35b17e60ac53e2a/screenshot - {}
RESULT: {}
RESULT: {}
COMMAND: GET /session/298a9cc2a40484f0c35b17e60ac53e2a/screenshot - {}
RESULT: {}
RESULT: {}
COMMAND: POST /session/298a9cc2a40484f0c35b17e60ac53e2a/element - {"using":"xpath","value":"//input[@id=\"application-manageyards-display-component---NewYard--yardId-inner\"]"}
RESULT: {"using":"xpath","value":"//input[@id=\"application-manageyards-display-component---NewYard--yardId-inner\"]"}
COMMAND: POST /session/298a9cc2a40484f0c35b17e60ac53e2a/element - {"using":"xpath","value":"//input[@id=\"application-manageyards-display-component---NewYard--yardId-inner\"]"}
RESULT: {"using":"xpath","value":"//input[@id=\"application-manageyards-display-component---NewYard--yardId-inner\"]"}
RESULT: undefined
COMMAND: POST /session/298a9cc2a40484f0c35b17e60ac53e2a/execute/async - {"script":"<script> [776 bytes]","args":[{"enterText":"Warehouse Managed WDIO","selector":{"id":"application-manageyards-display-component---NewYard--addressDetailDetailsName1","interaction":{"idSuffix":"inner"}},"clearTextFirst":true,"interactionType":"ENTER_TEXT"}]}
RESULT: {"script":"<script> [776 bytes]","args":[{"enterText":"Warehouse Managed WDIO","selector":{"id":"application-manageyards-display-component---NewYard--addressDetailDetailsName1","interaction":{"idSuffix":"inner"}},"clearTextFirst":true,"interactionType":"ENTER_TEXT"}]}
RESULT: undefined
COMMAND: POST /session/298a9cc2a40484f0c35b17e60ac53e2a/element - {"using":"xpath","value":"//*[@id=\"application-manageyards-display-component---NewYard--addressDetailDetailsLanguage-arrow\"]"}
RESULT: {"using":"xpath","value":"//*[@id=\"application-manageyards-display-component---NewYard--addressDetailDetailsLanguage-arrow\"]"}
COMMAND: POST /session/298a9cc2a40484f0c35b17e60ac53e2a/element/f.F7A39C3863F4D6A216F4478231FD999C.d.73C6BD70752A59D8DF238234A1485B12.e.11604/click - {}
RESULT: {}
COMMAND: POST /session/298a9cc2a40484f0c35b17e60ac53e2a/element - {"using":"xpath","value":"//span[contains(text(), \"English\")]"}
COMMAND: GET /session/298a9cc2a40484f0c35b17e60ac53e2a/screenshot - {}
RESULT: {"using":"xpath","value":"//span[contains(text(), \"English\")]"}
COMMAND: POST /session/298a9cc2a40484f0c35b17e60ac53e2a/element/f.F7A39C3863F4D6A216F4478231FD999C.d.73C6BD70752A59D8DF238234A1485B12.e.11605/click - {}
RESULT: {}
RESULT: {}
RESULT: undefined
COMMAND: POST /session/298a9cc2a40484f0c35b17e60ac53e2a/execute/async - {"script":"<script> [776 bytes]","args":[{"enterText":"Rosario","selector":{"id":"application-manageyards-display-component---NewYard--addressDetailDetailsCity1","interaction":{"idSuffix":"inner"}},"clearTextFirst":true,"interactionType":"ENTER_TEXT"}]}
COMMAND: GET /session/298a9cc2a40484f0c35b17e60ac53e2a/screenshot - {}
RESULT: {"script":"<script> [776 bytes]","args":[{"enterText":"Rosario","selector":{"id":"application-manageyards-display-component---NewYard--addressDetailDetailsCity1","interaction":{"idSuffix":"inner"}},"clearTextFirst":true,"interactionType":"ENTER_TEXT"}]}
RESULT: undefined
COMMAND: POST /session/298a9cc2a40484f0c35b17e60ac53e2a/element - {"using":"xpath","value":"//*[@id=\"application-manageyards-display-component---NewYard--addressDetailDetailsCountry-arrow\"]"}
RESULT: {}
RESULT: {"using":"xpath","value":"//*[@id=\"application-manageyards-display-component---NewYard--addressDetailDetailsCountry-arrow\"]"}
COMMAND: POST /session/298a9cc2a40484f0c35b17e60ac53e2a/element/f.F7A39C3863F4D6A216F4478231FD999C.d.73C6BD70752A59D8DF238234A1485B12.e.11606/click - {}
RESULT: {}
COMMAND: POST /session/298a9cc2a40484f0c35b17e60ac53e2a/element - {"using":"xpath","value":"//span[contains(text(), \"Argentina\")]"}
COMMAND: GET /session/298a9cc2a40484f0c35b17e60ac53e2a/screenshot - {}
RESULT: {"using":"xpath","value":"//span[contains(text(), \"Argentina\")]"}
COMMAND: POST /session/298a9cc2a40484f0c35b17e60ac53e2a/element/f.F7A39C3863F4D6A216F4478231FD999C.d.73C6BD70752A59D8DF238234A1485B12.e.11607/click - {}
RESULT: {}
RESULT: {}
RESULT: undefined
COMMAND: POST /session/298a9cc2a40484f0c35b17e60ac53e2a/element - {"using":"xpath","value":"//*[@id=\"application-manageyards-display-component---NewYard--addressEditDetailsCostObjectCstType-arrow\"]"}
COMMAND: GET /session/298a9cc2a40484f0c35b17e60ac53e2a/screenshot - {}
RESULT: {"using":"xpath","value":"//*[@id=\"application-manageyards-display-component---NewYard--addressEditDetailsCostObjectCstType-arrow\"]"}
COMMAND: POST /session/298a9cc2a40484f0c35b17e60ac53e2a/element/f.F7A39C3863F4D6A216F4478231FD999C.d.73C6BD70752A59D8DF238234A1485B12.e.11609/click - {}
RESULT: {}
RESULT: {}
COMMAND: POST /session/298a9cc2a40484f0c35b17e60ac53e2a/element - {"using":"xpath","value":"//span[contains(text(), \"Cost Center\")]"}
COMMAND: GET /session/298a9cc2a40484f0c35b17e60ac53e2a/screenshot - {}
RESULT: {"using":"xpath","value":"//span[contains(text(), \"Cost Center\")]"}
COMMAND: POST /session/298a9cc2a40484f0c35b17e60ac53e2a/element/f.F7A39C3863F4D6A216F4478231FD999C.d.73C6BD70752A59D8DF238234A1485B12.e.11610/click - {}
RESULT: {}
RESULT: {}
COMMAND: GET /session/298a9cc2a40484f0c35b17e60ac53e2a/screenshot - {}
RESULT: {}
COMMAND: POST /session/298a9cc2a40484f0c35b17e60ac53e2a/element - {"using":"xpath","value":"//span[@id=\"application-manageyards-display-component---NewYard--addressNewCostObjectCstID-vhi\"]"}
RESULT: {"using":"xpath","value":"//span[@id=\"application-manageyards-display-component---NewYard--addressNewCostObjectCstID-vhi\"]"}
COMMAND: POST /session/298a9cc2a40484f0c35b17e60ac53e2a/execute/sync - {"script":"<script> [8489 bytes]","args":[{"element-6066-11e4-a52e-4f735466cecf":"f.F7A39C3863F4D6A216F4478231FD999C.d.73C6BD70752A59D8DF238234A1485B12.e.11614","ELEMENT":"f.F7A39C3863F4D6A216F4478231FD999C.d.73C6BD70752A59D8DF238234A1485B12.e.11614"}]}
RESULT: {"script":"<script> [8489 bytes]","args":[{"element-6066-11e4-a52e-4f735466cecf":"f.F7A39C3863F4D6A216F4478231FD999C.d.73C6BD70752A59D8DF238234A1485B12.e.11614","ELEMENT":"f.F7A39C3863F4D6A216F4478231FD999C.d.73C6BD70752A59D8DF238234A1485B12.e.11614"}]}
RESULT: undefined
COMMAND: POST /session/298a9cc2a40484f0c35b17e60ac53e2a/element - {"using":"xpath","value":"//*[@id=\"application-manageyards-display-component---NewYard--addressNewCostObjectCstID-vhi\"]"}
COMMAND: GET /session/298a9cc2a40484f0c35b17e60ac53e2a/screenshot - {}
RESULT: {"using":"xpath","value":"//*[@id=\"application-manageyards-display-component---NewYard--addressNewCostObjectCstID-vhi\"]"}
COMMAND: POST /session/298a9cc2a40484f0c35b17e60ac53e2a/element/f.F7A39C3863F4D6A216F4478231FD999C.d.73C6BD70752A59D8DF238234A1485B12.e.11614/click - {}
RESULT: {}
RESULT: {}
COMMAND: GET /session/298a9cc2a40484f0c35b17e60ac53e2a/screenshot - {}
RESULT: {}
RESULT: undefined
COMMAND: POST /session/298a9cc2a40484f0c35b17e60ac53e2a/execute/async - {"script":"<script> [776 bytes]","args":[{"enterText":"bauh_b","selector":{"controlType":"sap.m.SearchField","properties":{"placeholder":"Search"},"searchOpenDialogs":true,"interaction":{"idSuffix":"I"}},"clearTextFirst":true,"interactionType":"ENTER_TEXT"}]}
RESULT: {"script":"<script> [776 bytes]","args":[{"enterText":"bauh_b","selector":{"controlType":"sap.m.SearchField","properties":{"placeholder":"Search"},"searchOpenDialogs":true,"interaction":{"idSuffix":"I"}},"clearTextFirst":true,"interactionType":"ENTER_TEXT"}]}
COMMAND: POST /session/298a9cc2a40484f0c35b17e60ac53e2a/actions - {"actions":[{"id":"action32","type":"key","parameters":{},"actions":[{"type":"keyDown","value":"î€‡"},{"type":"pause","duration":10},{"type":"keyUp","value":"î€‡"}]}]}
RESULT: {"actions":[{"id":"action32","type":"key","parameters":{},"actions":[{"type":"keyDown","value":"î€‡"},{"type":"pause","duration":10},{"type":"keyUp","value":"î€‡"}]}]}
COMMAND: GET /session/298a9cc2a40484f0c35b17e60ac53e2a/screenshot - {}
RESULT: {}
COMMAND: POST /session/298a9cc2a40484f0c35b17e60ac53e2a/element - {"using":"xpath","value":"//span[contains(text(), \"Demo Yard\")]"}
RESULT: {"using":"xpath","value":"//span[contains(text(), \"Demo Yard\")]"}
COMMAND: POST /session/298a9cc2a40484f0c35b17e60ac53e2a/element/f.F7A39C3863F4D6A216F4478231FD999C.d.73C6BD70752A59D8DF238234A1485B12.e.11653/click - {}
RESULT: {}
COMMAND: GET /session/298a9cc2a40484f0c35b17e60ac53e2a/screenshot - {}
RESULT: {}
COMMAND: POST /session/298a9cc2a40484f0c35b17e60ac53e2a/element - {"using":"xpath","value":"//bdi[contains(text(), \"OK\")]"}
RESULT: {"using":"xpath","value":"//bdi[contains(text(), \"OK\")]"}
COMMAND: POST /session/298a9cc2a40484f0c35b17e60ac53e2a/element/f.F7A39C3863F4D6A216F4478231FD999C.d.73C6BD70752A59D8DF238234A1485B12.e.11654/click - {}
RESULT: {}
COMMAND: GET /session/298a9cc2a40484f0c35b17e60ac53e2a/screenshot - {}
RESULT: {}
RESULT: undefined
COMMAND: POST /session/298a9cc2a40484f0c35b17e60ac53e2a/element - {"using":"xpath","value":"//*[@id=\"application-manageyards-display-component---NewYard--addressEditDetailsCurrency-arrow\"]"}
RESULT: {"using":"xpath","value":"//*[@id=\"application-manageyards-display-component---NewYard--addressEditDetailsCurrency-arrow\"]"}
COMMAND: POST /session/298a9cc2a40484f0c35b17e60ac53e2a/element/f.F7A39C3863F4D6A216F4478231FD999C.d.73C6BD70752A59D8DF238234A1485B12.e.11657/click - {}
RESULT: {}
COMMAND: POST /session/298a9cc2a40484f0c35b17e60ac53e2a/element - {"using":"xpath","value":"//span[contains(text(), \"Euro\")]"}
COMMAND: GET /session/298a9cc2a40484f0c35b17e60ac53e2a/screenshot - {}
RESULT: {"using":"xpath","value":"//span[contains(text(), \"Euro\")]"}
COMMAND: POST /session/298a9cc2a40484f0c35b17e60ac53e2a/element/f.F7A39C3863F4D6A216F4478231FD999C.d.73C6BD70752A59D8DF238234A1485B12.e.11658/click - {}
RESULT: {}
RESULT: {}
RESULT: undefined
COMMAND: POST /session/298a9cc2a40484f0c35b17e60ac53e2a/execute/async - {"script":"<script> [776 bytes]","args":[{"enterText":"Z001","selector":{"controlType":"sap.m.Input","viewName":"etm.portal.ui.manageyards.view.New","viewId":"application-manageyards-display-component---NewYard","bindingPath":{"path":"","propertyPath":"/CONTROLLING_AREA","modelName":"NewYardModel"},"interaction":{"idSuffix":"inner"}},"clearTextFirst":true,"interactionType":"ENTER_TEXT"}]}
COMMAND: GET /session/298a9cc2a40484f0c35b17e60ac53e2a/screenshot - {}
RESULT: {"script":"<script> [776 bytes]","args":[{"enterText":"Z001","selector":{"controlType":"sap.m.Input","viewName":"etm.portal.ui.manageyards.view.New","viewId":"application-manageyards-display-component---NewYard","bindingPath":{"path":"","propertyPath":"/CONTROLLING_AREA","modelName":"NewYardModel"},"interaction":{"idSuffix":"inner"}},"clearTextFirst":true,"interactionType":"ENTER_TEXT"}]}
RESULT: undefined
COMMAND: POST /session/298a9cc2a40484f0c35b17e60ac53e2a/execute/async - {"script":"<script> [776 bytes]","args":[{"enterText":"1000","selector":{"id":"application-manageyards-display-component---NewYard--companyCodeComboBox","interaction":{"idSuffix":"inner"}},"clearTextFirst":true,"interactionType":"ENTER_TEXT"}]}
RESULT: {}
RESULT: {"script":"<script> [776 bytes]","args":[{"enterText":"1000","selector":{"id":"application-manageyards-display-component---NewYard--companyCodeComboBox","interaction":{"idSuffix":"inner"}},"clearTextFirst":true,"interactionType":"ENTER_TEXT"}]}
RESULT: undefined
COMMAND: POST /session/298a9cc2a40484f0c35b17e60ac53e2a/execute/async - {"script":"<script> [776 bytes]","args":[{"enterText":"1001","selector":{"controlType":"sap.m.Input","viewName":"etm.portal.ui.manageyards.view.New","viewId":"application-manageyards-display-component---NewYard","bindingPath":{"path":"","propertyPath":"/PLANT","modelName":"NewYardModel"},"interaction":{"idSuffix":"inner"}},"clearTextFirst":true,"interactionType":"ENTER_TEXT"}]}
RESULT: {"script":"<script> [776 bytes]","args":[{"enterText":"1001","selector":{"controlType":"sap.m.Input","viewName":"etm.portal.ui.manageyards.view.New","viewId":"application-manageyards-display-component---NewYard","bindingPath":{"path":"","propertyPath":"/PLANT","modelName":"NewYardModel"},"interaction":{"idSuffix":"inner"}},"clearTextFirst":true,"interactionType":"ENTER_TEXT"}]}
RESULT: undefined
COMMAND: POST /session/298a9cc2a40484f0c35b17e60ac53e2a/execute/async - {"script":"<script> [776 bytes]","args":[{"enterText":"C002","selector":{"controlType":"sap.m.Input","viewName":"etm.portal.ui.manageyards.view.New","viewId":"application-manageyards-display-component---NewYard","bindingPath":{"path":"","propertyPath":"/SALES_AREA_VKORG","modelName":"NewYardModel"},"interaction":{"idSuffix":"inner"}},"clearTextFirst":true,"interactionType":"ENTER_TEXT"}]}
RESULT: {"script":"<script> [776 bytes]","args":[{"enterText":"C002","selector":{"controlType":"sap.m.Input","viewName":"etm.portal.ui.manageyards.view.New","viewId":"application-manageyards-display-component---NewYard","bindingPath":{"path":"","propertyPath":"/SALES_AREA_VKORG","modelName":"NewYardModel"},"interaction":{"idSuffix":"inner"}},"clearTextFirst":true,"interactionType":"ENTER_TEXT"}]}
RESULT: undefined
COMMAND: POST /session/298a9cc2a40484f0c35b17e60ac53e2a/execute/async - {"script":"<script> [776 bytes]","args":[{"enterText":"C2","selector":{"controlType":"sap.m.Input","viewName":"etm.portal.ui.manageyards.view.New","viewId":"application-manageyards-display-component---NewYard","bindingPath":{"path":"","propertyPath":"/SALES_AREA_VTWEG","modelName":"NewYardModel"},"interaction":{"idSuffix":"inner"}},"clearTextFirst":true,"interactionType":"ENTER_TEXT"}]}
RESULT: {"script":"<script> [776 bytes]","args":[{"enterText":"C2","selector":{"controlType":"sap.m.Input","viewName":"etm.portal.ui.manageyards.view.New","viewId":"application-manageyards-display-component---NewYard","bindingPath":{"path":"","propertyPath":"/SALES_AREA_VTWEG","modelName":"NewYardModel"},"interaction":{"idSuffix":"inner"}},"clearTextFirst":true,"interactionType":"ENTER_TEXT"}]}
RESULT: undefined
COMMAND: POST /session/298a9cc2a40484f0c35b17e60ac53e2a/execute/async - {"script":"<script> [776 bytes]","args":[{"enterText":"C2","selector":{"controlType":"sap.m.Input","viewName":"etm.portal.ui.manageyards.view.New","viewId":"application-manageyards-display-component---NewYard","bindingPath":{"path":"","propertyPath":"/SALES_AREA_SPART","modelName":"NewYardModel"},"interaction":{"idSuffix":"inner"}},"clearTextFirst":true,"interactionType":"ENTER_TEXT"}]}
RESULT: {"script":"<script> [776 bytes]","args":[{"enterText":"C2","selector":{"controlType":"sap.m.Input","viewName":"etm.portal.ui.manageyards.view.New","viewId":"application-manageyards-display-component---NewYard","bindingPath":{"path":"","propertyPath":"/SALES_AREA_SPART","modelName":"NewYardModel"},"interaction":{"idSuffix":"inner"}},"clearTextFirst":true,"interactionType":"ENTER_TEXT"}]}
RESULT: undefined
COMMAND: POST /session/298a9cc2a40484f0c35b17e60ac53e2a/execute/async - {"script":"<script> [776 bytes]","args":[{"enterText":"1710","selector":{"controlType":"sap.m.Input","viewName":"etm.portal.ui.manageyards.view.New","viewId":"application-manageyards-display-component---NewYard","bindingPath":{"path":"","propertyPath":"/SHIP_POINT","modelName":"NewYardModel"},"interaction":{"idSuffix":"inner"}},"clearTextFirst":true,"interactionType":"ENTER_TEXT"}]}
RESULT: {"script":"<script> [776 bytes]","args":[{"enterText":"1710","selector":{"controlType":"sap.m.Input","viewName":"etm.portal.ui.manageyards.view.New","viewId":"application-manageyards-display-component---NewYard","bindingPath":{"path":"","propertyPath":"/SHIP_POINT","modelName":"NewYardModel"},"interaction":{"idSuffix":"inner"}},"clearTextFirst":true,"interactionType":"ENTER_TEXT"}]}
RESULT: undefined
COMMAND: POST /session/298a9cc2a40484f0c35b17e60ac53e2a/execute/async - {"script":"<script> [776 bytes]","args":[{"enterText":"ZL01","selector":{"controlType":"sap.m.Input","viewName":"etm.portal.ui.manageyards.view.New","viewId":"application-manageyards-display-component---NewYard","bindingPath":{"path":"","propertyPath":"/DELIVERY_TYPE","modelName":"NewYardModel"},"interaction":{"idSuffix":"inner"}},"clearTextFirst":true,"interactionType":"ENTER_TEXT"}]}
RESULT: {"script":"<script> [776 bytes]","args":[{"enterText":"ZL01","selector":{"controlType":"sap.m.Input","viewName":"etm.portal.ui.manageyards.view.New","viewId":"application-manageyards-display-component---NewYard","bindingPath":{"path":"","propertyPath":"/DELIVERY_TYPE","modelName":"NewYardModel"},"interaction":{"idSuffix":"inner"}},"clearTextFirst":true,"interactionType":"ENTER_TEXT"}]}
RESULT: undefined
COMMAND: POST /session/298a9cc2a40484f0c35b17e60ac53e2a/execute/async - {"script":"<script> [776 bytes]","args":[{"enterText":"TA","selector":{"controlType":"sap.m.Input","viewName":"etm.portal.ui.manageyards.view.New","viewId":"application-manageyards-display-component---NewYard","bindingPath":{"path":"","propertyPath":"/AUART","modelName":"NewYardModel"},"interaction":{"idSuffix":"inner"}},"clearTextFirst":true,"interactionType":"ENTER_TEXT"}]}
RESULT: {"script":"<script> [776 bytes]","args":[{"enterText":"TA","selector":{"controlType":"sap.m.Input","viewName":"etm.portal.ui.manageyards.view.New","viewId":"application-manageyards-display-component---NewYard","bindingPath":{"path":"","propertyPath":"/AUART","modelName":"NewYardModel"},"interaction":{"idSuffix":"inner"}},"clearTextFirst":true,"interactionType":"ENTER_TEXT"}]}
COMMAND: POST /session/298a9cc2a40484f0c35b17e60ac53e2a/execute/async - {"script":"<script> [1562 bytes]","args":[{"selector":{"id":"application-manageyards-display-component---NewYard--whmCheckBox","interaction":{"idSuffix":"CbBg"}},"wdio_ui5_key":"applicationmanageyards-display-component---NewYard--whmCheckBox"}]}
RESULT: {"script":"<script> [1562 bytes]","args":[{"selector":{"id":"application-manageyards-display-component---NewYard--whmCheckBox","interaction":{"idSuffix":"CbBg"}},"wdio_ui5_key":"applicationmanageyards-display-component---NewYard--whmCheckBox"}]}
RESULT: undefined
COMMAND: POST /session/298a9cc2a40484f0c35b17e60ac53e2a/element - {"using":"xpath","value":"//*[@id=\"application-manageyards-display-component---NewYard--whmCheckBox\"]"}
RESULT: {"using":"xpath","value":"//*[@id=\"application-manageyards-display-component---NewYard--whmCheckBox\"]"}
COMMAND: POST /session/298a9cc2a40484f0c35b17e60ac53e2a/element/f.F7A39C3863F4D6A216F4478231FD999C.d.73C6BD70752A59D8DF238234A1485B12.e.11668/click - {}
RESULT: {}
COMMAND: GET /session/298a9cc2a40484f0c35b17e60ac53e2a/screenshot - {}
RESULT: {}
COMMAND: POST /session/298a9cc2a40484f0c35b17e60ac53e2a/element - {"using":"xpath","value":"//button[@data-kt=\"newYardSaveButton\"]"}
RESULT: {"using":"xpath","value":"//button[@data-kt=\"newYardSaveButton\"]"}
COMMAND: POST /session/298a9cc2a40484f0c35b17e60ac53e2a/element/f.F7A39C3863F4D6A216F4478231FD999C.d.73C6BD70752A59D8DF238234A1485B12.e.11599/click - {}
RESULT: {}
COMMAND: GET /session/298a9cc2a40484f0c35b17e60ac53e2a/screenshot - {}
RESULT: {}
COMMAND: POST /session/298a9cc2a40484f0c35b17e60ac53e2a/element - {"using":"xpath","value":"//header[contains(@id, 'ObjectPageLayout-headerTitle')]/div[1]/div[2]/div[1]/span[1]"}
RESULT: {"using":"xpath","value":"//header[contains(@id, 'ObjectPageLayout-headerTitle')]/div[1]/div[2]/div[1]/span[1]"}
COMMAND: POST /session/298a9cc2a40484f0c35b17e60ac53e2a/elements - {"using":"xpath","value":"//header[contains(@id, 'ObjectPageLayout-headerTitle')]/div[1]/div[2]/div[1]/span[1]"}
RESULT: {"using":"xpath","value":"//header[contains(@id, 'ObjectPageLayout-headerTitle')]/div[1]/div[2]/div[1]/span[1]"}
COMMAND: POST /session/298a9cc2a40484f0c35b17e60ac53e2a/execute/sync - {"script":"<script> [56 bytes]","args":[{"element-6066-11e4-a52e-4f735466cecf":"f.F7A39C3863F4D6A216F4478231FD999C.d.73C6BD70752A59D8DF238234A1485B12.e.11866","ELEMENT":"f.F7A39C3863F4D6A216F4478231FD999C.d.73C6BD70752A59D8DF238234A1485B12.e.11866"}]}
RESULT: {"script":"<script> [56 bytes]","args":[{"element-6066-11e4-a52e-4f735466cecf":"f.F7A39C3863F4D6A216F4478231FD999C.d.73C6BD70752A59D8DF238234A1485B12.e.11866","ELEMENT":"f.F7A39C3863F4D6A216F4478231FD999C.d.73C6BD70752A59D8DF238234A1485B12.e.11866"}]}
COMMAND: GET /session/298a9cc2a40484f0c35b17e60ac53e2a/screenshot - {}
RESULT: {}
COMMAND: POST /session/298a9cc2a40484f0c35b17e60ac53e2a/element - {"using":"css selector","value":"#shell-header-logo"}
RESULT: {"using":"css selector","value":"#shell-header-logo"}
COMMAND: POST /session/298a9cc2a40484f0c35b17e60ac53e2a/element/f.F7A39C3863F4D6A216F4478231FD999C.d.73C6BD70752A59D8DF238234A1485B12.e.11138/click - {}
RESULT: {}
COMMAND: GET /session/298a9cc2a40484f0c35b17e60ac53e2a/screenshot - {}
RESULT: {}
COMMAND: POST /session/298a9cc2a40484f0c35b17e60ac53e2a/execute/sync - {"script":"<script> [299 bytes]","args":[["getModel","getResource"]]}
RESULT: {"script":"<script> [299 bytes]","args":[["getModel","getResource"]]}
COMMAND: GET /session/298a9cc2a40484f0c35b17e60ac53e2a/screenshot - {}
]]></system-out>
    </testcase>
  </testsuite>
</testsuites>