<?xml version="1.0" encoding="UTF-8"?>
<testsuites tests="21" failures="0" errors="0" skipped="0">
  <testsuite timestamp="2025-05-02T15:58:16" time="70.748" tests="16" failures="0" errors="0" skipped="0">
    <properties>
      <property name="specId" value="0" />
      <property name="suiteName" value="Configure System - Interfaces US132253" />
      <property name="capabilities" value="chrome.135_0_7049_96.windows" />
      <property name="file" value="file:///D:/a/1/s/test/specs/TECH/configure-system-endpoints.spec.js" />
    </properties>
    <testcase classname="chrome.135_0_7049_96.windows.Configure_System_-_Interfaces_US132253" name="System should have default destination system setted to S4HP" time="18.371">
      <system-out><![CDATA[
COMMAND: POST /session/2cd4bc643d9d9d4891ba381e1884365b/execute/async - {"script":"<script> [1562 bytes]","args":[{"selector":{"controlType":"sap.m.Text","viewName":"etm.portal.ui.configuresystem.view.Master","properties":{"text":"1 table filter active: Type"}},"wdio_ui5_key":"etmportal.ui.configuresystem.view.Mastersap.m.Text{\"text\":\"1 table filter active: Type\"}"}]}
RESULT: {"script":"<script> [1562 bytes]","args":[{"selector":{"controlType":"sap.m.Text","viewName":"etm.portal.ui.configuresystem.view.Master","properties":{"text":"1 table filter active: Type"}},"wdio_ui5_key":"etmportal.ui.configuresystem.view.Mastersap.m.Text{\"text\":\"1 table filter active: Type\"}"}]}
RESULT: undefined
COMMAND: POST /session/2cd4bc643d9d9d4891ba381e1884365b/execute/async - {"script":"<script> [1562 bytes]","args":[{"selector":{"controlType":"sap.m.Text","viewName":"etm.portal.ui.configuresystem.view.Master","properties":{"text":"S12_S4HC"}},"wdio_ui5_key":"etmportal.ui.configuresystem.view.Mastersap.m.Text{\"text\":\"S12_S4HC\"}"}]}
RESULT: {"script":"<script> [1562 bytes]","args":[{"selector":{"controlType":"sap.m.Text","viewName":"etm.portal.ui.configuresystem.view.Master","properties":{"text":"S12_S4HC"}},"wdio_ui5_key":"etmportal.ui.configuresystem.view.Mastersap.m.Text{\"text\":\"S12_S4HC\"}"}]}
RESULT: undefined
COMMAND: POST /session/2cd4bc643d9d9d4891ba381e1884365b/execute/async - {"script":"<script> [6424 bytes]","args":[{"element-6066-11e4-a52e-4f735466cecf":"f.D3B1ECBEC1A28350B2DBBAF8644638A8.d.504D195CF5F0E12E8E95F71876C0ED6E.e.128"},"getText",[]]}
RESULT: {"script":"<script> [6424 bytes]","args":[{"element-6066-11e4-a52e-4f735466cecf":"f.D3B1ECBEC1A28350B2DBBAF8644638A8.d.504D195CF5F0E12E8E95F71876C0ED6E.e.128"},"getText",[]]}
COMMAND: POST /session/2cd4bc643d9d9d4891ba381e1884365b/execute/async - {"script":"<script> [1562 bytes]","args":[{"selector":{"controlType":"sap.m.Button","viewName":"etm.portal.ui.configuresystem.view.Master","properties":{"text":"Endpoints"},"interaction":{"idSuffix":"BDI-content"}},"wdio_ui5_key":"etmportal.ui.configuresystem.view.Mastersap.m.Button{\"text\":\"Endpoints\"}"}]}
RESULT: {"script":"<script> [1562 bytes]","args":[{"selector":{"controlType":"sap.m.Button","viewName":"etm.portal.ui.configuresystem.view.Master","properties":{"text":"Endpoints"},"interaction":{"idSuffix":"BDI-content"}},"wdio_ui5_key":"etmportal.ui.configuresystem.view.Mastersap.m.Button{\"text\":\"Endpoints\"}"}]}
RESULT: undefined
COMMAND: POST /session/2cd4bc643d9d9d4891ba381e1884365b/element - {"using":"xpath","value":"//*[@id=\"__xmlview58--ObjectPageLayout-anchBar-__xmlview58--endpointsSection-anchor\"]"}
RESULT: {"using":"xpath","value":"//*[@id=\"__xmlview58--ObjectPageLayout-anchBar-__xmlview58--endpointsSection-anchor\"]"}
COMMAND: POST /session/2cd4bc643d9d9d4891ba381e1884365b/element/f.D3B1ECBEC1A28350B2DBBAF8644638A8.d.504D195CF5F0E12E8E95F71876C0ED6E.e.130/click - {}
RESULT: {}
COMMAND: GET /session/2cd4bc643d9d9d4891ba381e1884365b/screenshot - {}
]]></system-out>
    </testcase>
    <testcase classname="chrome.135_0_7049_96.windows.Configure_System_-_Interfaces_US132253" name="Validate Asset endpoint connection status to Success" time="5.697">
      <system-out><![CDATA[
COMMAND: POST /session/2cd4bc643d9d9d4891ba381e1884365b/execute/async - {"script":"<script> [1562 bytes]","args":[{"selector":{"controlType":"sap.m.Button","viewName":"etm.portal.ui.configuresystem.view.Master","bindingPath":{"path":"/EndpointsWithStatus('Asset')","propertyPath":"STATUS_TEXT"},"interaction":{"idSuffix":"BDI-content"}},"wdio_ui5_key":"etmportal.ui.configuresystem.view.Mastersap.m.Button{\"path\":\"/EndpointsWithStatus('Asset')\",\"propertyPath\":\"STATUS_TEXT\"}"}]}
RESULT: {}
RESULT: {"script":"<script> [1562 bytes]","args":[{"selector":{"controlType":"sap.m.Button","viewName":"etm.portal.ui.configuresystem.view.Master","bindingPath":{"path":"/EndpointsWithStatus('Asset')","propertyPath":"STATUS_TEXT"},"interaction":{"idSuffix":"BDI-content"}},"wdio_ui5_key":"etmportal.ui.configuresystem.view.Mastersap.m.Button{\"path\":\"/EndpointsWithStatus('Asset')\",\"propertyPath\":\"STATUS_TEXT\"}"}]}
RESULT: undefined
COMMAND: POST /session/2cd4bc643d9d9d4891ba381e1884365b/execute/async - {"script":"<script> [6424 bytes]","args":[{"element-6066-11e4-a52e-4f735466cecf":"f.D3B1ECBEC1A28350B2DBBAF8644638A8.d.504D195CF5F0E12E8E95F71876C0ED6E.e.194"},"getText",[]]}
RESULT: {"script":"<script> [6424 bytes]","args":[{"element-6066-11e4-a52e-4f735466cecf":"f.D3B1ECBEC1A28350B2DBBAF8644638A8.d.504D195CF5F0E12E8E95F71876C0ED6E.e.194"},"getText",[]]}
]]></system-out>
    </testcase>
    <testcase classname="chrome.135_0_7049_96.windows.Configure_System_-_Interfaces_US132253" name="Validate Equipment endpoint connection status to Success" time="1.036">
      <system-out><![CDATA[
COMMAND: POST /session/2cd4bc643d9d9d4891ba381e1884365b/execute/async - {"script":"<script> [1562 bytes]","args":[{"selector":{"controlType":"sap.m.Button","viewName":"etm.portal.ui.configuresystem.view.Master","bindingPath":{"path":"/EndpointsWithStatus('Equipment')","propertyPath":"STATUS_TEXT"},"interaction":{"idSuffix":"BDI-content"}},"wdio_ui5_key":"etmportal.ui.configuresystem.view.Mastersap.m.Button{\"path\":\"/EndpointsWithStatus('Equipment')\",\"propertyPath\":\"STATUS_TEXT\"}"}]}
RESULT: {"script":"<script> [1562 bytes]","args":[{"selector":{"controlType":"sap.m.Button","viewName":"etm.portal.ui.configuresystem.view.Master","bindingPath":{"path":"/EndpointsWithStatus('Equipment')","propertyPath":"STATUS_TEXT"},"interaction":{"idSuffix":"BDI-content"}},"wdio_ui5_key":"etmportal.ui.configuresystem.view.Mastersap.m.Button{\"path\":\"/EndpointsWithStatus('Equipment')\",\"propertyPath\":\"STATUS_TEXT\"}"}]}
RESULT: undefined
COMMAND: POST /session/2cd4bc643d9d9d4891ba381e1884365b/execute/async - {"script":"<script> [6424 bytes]","args":[{"element-6066-11e4-a52e-4f735466cecf":"f.D3B1ECBEC1A28350B2DBBAF8644638A8.d.504D195CF5F0E12E8E95F71876C0ED6E.e.195"},"getText",[]]}
RESULT: {"script":"<script> [6424 bytes]","args":[{"element-6066-11e4-a52e-4f735466cecf":"f.D3B1ECBEC1A28350B2DBBAF8644638A8.d.504D195CF5F0E12E8E95F71876C0ED6E.e.195"},"getText",[]]}
]]></system-out>
    </testcase>
    <testcase classname="chrome.135_0_7049_96.windows.Configure_System_-_Interfaces_US132253" name="Validate BillingAndGoodsMvmt endpoint connection status to Success" time="1.018">
      <system-out><![CDATA[
COMMAND: POST /session/2cd4bc643d9d9d4891ba381e1884365b/execute/async - {"script":"<script> [1562 bytes]","args":[{"selector":{"controlType":"sap.m.Button","viewName":"etm.portal.ui.configuresystem.view.Master","bindingPath":{"path":"/EndpointsWithStatus('BillingAndGoodsMvmt')","propertyPath":"STATUS_TEXT"},"interaction":{"idSuffix":"BDI-content"}},"wdio_ui5_key":"etmportal.ui.configuresystem.view.Mastersap.m.Button{\"path\":\"/EndpointsWithStatus('BillingAndGoodsMvmt')\",\"propertyPath\":\"STATUS_TEXT\"}"}]}
RESULT: {"script":"<script> [1562 bytes]","args":[{"selector":{"controlType":"sap.m.Button","viewName":"etm.portal.ui.configuresystem.view.Master","bindingPath":{"path":"/EndpointsWithStatus('BillingAndGoodsMvmt')","propertyPath":"STATUS_TEXT"},"interaction":{"idSuffix":"BDI-content"}},"wdio_ui5_key":"etmportal.ui.configuresystem.view.Mastersap.m.Button{\"path\":\"/EndpointsWithStatus('BillingAndGoodsMvmt')\",\"propertyPath\":\"STATUS_TEXT\"}"}]}
RESULT: undefined
COMMAND: POST /session/2cd4bc643d9d9d4891ba381e1884365b/execute/async - {"script":"<script> [6424 bytes]","args":[{"element-6066-11e4-a52e-4f735466cecf":"f.D3B1ECBEC1A28350B2DBBAF8644638A8.d.504D195CF5F0E12E8E95F71876C0ED6E.e.196"},"getText",[]]}
RESULT: {"script":"<script> [6424 bytes]","args":[{"element-6066-11e4-a52e-4f735466cecf":"f.D3B1ECBEC1A28350B2DBBAF8644638A8.d.504D195CF5F0E12E8E95F71876C0ED6E.e.196"},"getText",[]]}
]]></system-out>
    </testcase>
    <testcase classname="chrome.135_0_7049_96.windows.Configure_System_-_Interfaces_US132253" name="Validate CompanyCode endpoint connection status to Success" time="1.057">
      <system-out><![CDATA[
COMMAND: POST /session/2cd4bc643d9d9d4891ba381e1884365b/execute/async - {"script":"<script> [1562 bytes]","args":[{"selector":{"controlType":"sap.m.Button","viewName":"etm.portal.ui.configuresystem.view.Master","bindingPath":{"path":"/EndpointsWithStatus('CompanyCode')","propertyPath":"STATUS_TEXT"},"interaction":{"idSuffix":"BDI-content"}},"wdio_ui5_key":"etmportal.ui.configuresystem.view.Mastersap.m.Button{\"path\":\"/EndpointsWithStatus('CompanyCode')\",\"propertyPath\":\"STATUS_TEXT\"}"}]}
RESULT: {"script":"<script> [1562 bytes]","args":[{"selector":{"controlType":"sap.m.Button","viewName":"etm.portal.ui.configuresystem.view.Master","bindingPath":{"path":"/EndpointsWithStatus('CompanyCode')","propertyPath":"STATUS_TEXT"},"interaction":{"idSuffix":"BDI-content"}},"wdio_ui5_key":"etmportal.ui.configuresystem.view.Mastersap.m.Button{\"path\":\"/EndpointsWithStatus('CompanyCode')\",\"propertyPath\":\"STATUS_TEXT\"}"}]}
RESULT: undefined
COMMAND: POST /session/2cd4bc643d9d9d4891ba381e1884365b/execute/async - {"script":"<script> [6424 bytes]","args":[{"element-6066-11e4-a52e-4f735466cecf":"f.D3B1ECBEC1A28350B2DBBAF8644638A8.d.504D195CF5F0E12E8E95F71876C0ED6E.e.197"},"getText",[]]}
RESULT: {"script":"<script> [6424 bytes]","args":[{"element-6066-11e4-a52e-4f735466cecf":"f.D3B1ECBEC1A28350B2DBBAF8644638A8.d.504D195CF5F0E12E8E95F71876C0ED6E.e.197"},"getText",[]]}
]]></system-out>
    </testcase>
    <testcase classname="chrome.135_0_7049_96.windows.Configure_System_-_Interfaces_US132253" name="Validate CostCenter endpoint connection status to Success" time="1.071">
      <system-out><![CDATA[
COMMAND: POST /session/2cd4bc643d9d9d4891ba381e1884365b/execute/async - {"script":"<script> [1562 bytes]","args":[{"selector":{"controlType":"sap.m.Button","viewName":"etm.portal.ui.configuresystem.view.Master","bindingPath":{"path":"/EndpointsWithStatus('CostCenter')","propertyPath":"STATUS_TEXT"},"interaction":{"idSuffix":"BDI-content"}},"wdio_ui5_key":"etmportal.ui.configuresystem.view.Mastersap.m.Button{\"path\":\"/EndpointsWithStatus('CostCenter')\",\"propertyPath\":\"STATUS_TEXT\"}"}]}
RESULT: {"script":"<script> [1562 bytes]","args":[{"selector":{"controlType":"sap.m.Button","viewName":"etm.portal.ui.configuresystem.view.Master","bindingPath":{"path":"/EndpointsWithStatus('CostCenter')","propertyPath":"STATUS_TEXT"},"interaction":{"idSuffix":"BDI-content"}},"wdio_ui5_key":"etmportal.ui.configuresystem.view.Mastersap.m.Button{\"path\":\"/EndpointsWithStatus('CostCenter')\",\"propertyPath\":\"STATUS_TEXT\"}"}]}
RESULT: undefined
COMMAND: POST /session/2cd4bc643d9d9d4891ba381e1884365b/execute/async - {"script":"<script> [6424 bytes]","args":[{"element-6066-11e4-a52e-4f735466cecf":"f.D3B1ECBEC1A28350B2DBBAF8644638A8.d.504D195CF5F0E12E8E95F71876C0ED6E.e.198"},"getText",[]]}
RESULT: {"script":"<script> [6424 bytes]","args":[{"element-6066-11e4-a52e-4f735466cecf":"f.D3B1ECBEC1A28350B2DBBAF8644638A8.d.504D195CF5F0E12E8E95F71876C0ED6E.e.198"},"getText",[]]}
]]></system-out>
    </testcase>
    <testcase classname="chrome.135_0_7049_96.windows.Configure_System_-_Interfaces_US132253" name="Validate ExternalCustomer endpoint connection status to Success" time="1.044">
      <system-out><![CDATA[
COMMAND: POST /session/2cd4bc643d9d9d4891ba381e1884365b/execute/async - {"script":"<script> [1562 bytes]","args":[{"selector":{"controlType":"sap.m.Button","viewName":"etm.portal.ui.configuresystem.view.Master","bindingPath":{"path":"/EndpointsWithStatus('ExternalCustomer')","propertyPath":"STATUS_TEXT"},"interaction":{"idSuffix":"BDI-content"}},"wdio_ui5_key":"etmportal.ui.configuresystem.view.Mastersap.m.Button{\"path\":\"/EndpointsWithStatus('ExternalCustomer')\",\"propertyPath\":\"STATUS_TEXT\"}"}]}
RESULT: {"script":"<script> [1562 bytes]","args":[{"selector":{"controlType":"sap.m.Button","viewName":"etm.portal.ui.configuresystem.view.Master","bindingPath":{"path":"/EndpointsWithStatus('ExternalCustomer')","propertyPath":"STATUS_TEXT"},"interaction":{"idSuffix":"BDI-content"}},"wdio_ui5_key":"etmportal.ui.configuresystem.view.Mastersap.m.Button{\"path\":\"/EndpointsWithStatus('ExternalCustomer')\",\"propertyPath\":\"STATUS_TEXT\"}"}]}
RESULT: undefined
COMMAND: POST /session/2cd4bc643d9d9d4891ba381e1884365b/execute/async - {"script":"<script> [6424 bytes]","args":[{"element-6066-11e4-a52e-4f735466cecf":"f.D3B1ECBEC1A28350B2DBBAF8644638A8.d.504D195CF5F0E12E8E95F71876C0ED6E.e.199"},"getText",[]]}
RESULT: {"script":"<script> [6424 bytes]","args":[{"element-6066-11e4-a52e-4f735466cecf":"f.D3B1ECBEC1A28350B2DBBAF8644638A8.d.504D195CF5F0E12E8E95F71876C0ED6E.e.199"},"getText",[]]}
]]></system-out>
    </testcase>
    <testcase classname="chrome.135_0_7049_96.windows.Configure_System_-_Interfaces_US132253" name="Validate InternalOrder endpoint connection status to Success" time="1.051">
      <system-out><![CDATA[
COMMAND: POST /session/2cd4bc643d9d9d4891ba381e1884365b/execute/async - {"script":"<script> [1562 bytes]","args":[{"selector":{"controlType":"sap.m.Button","viewName":"etm.portal.ui.configuresystem.view.Master","bindingPath":{"path":"/EndpointsWithStatus('InternalOrder')","propertyPath":"STATUS_TEXT"},"interaction":{"idSuffix":"BDI-content"}},"wdio_ui5_key":"etmportal.ui.configuresystem.view.Mastersap.m.Button{\"path\":\"/EndpointsWithStatus('InternalOrder')\",\"propertyPath\":\"STATUS_TEXT\"}"}]}
RESULT: {"script":"<script> [1562 bytes]","args":[{"selector":{"controlType":"sap.m.Button","viewName":"etm.portal.ui.configuresystem.view.Master","bindingPath":{"path":"/EndpointsWithStatus('InternalOrder')","propertyPath":"STATUS_TEXT"},"interaction":{"idSuffix":"BDI-content"}},"wdio_ui5_key":"etmportal.ui.configuresystem.view.Mastersap.m.Button{\"path\":\"/EndpointsWithStatus('InternalOrder')\",\"propertyPath\":\"STATUS_TEXT\"}"}]}
RESULT: undefined
COMMAND: POST /session/2cd4bc643d9d9d4891ba381e1884365b/execute/async - {"script":"<script> [6424 bytes]","args":[{"element-6066-11e4-a52e-4f735466cecf":"f.D3B1ECBEC1A28350B2DBBAF8644638A8.d.504D195CF5F0E12E8E95F71876C0ED6E.e.200"},"getText",[]]}
RESULT: {"script":"<script> [6424 bytes]","args":[{"element-6066-11e4-a52e-4f735466cecf":"f.D3B1ECBEC1A28350B2DBBAF8644638A8.d.504D195CF5F0E12E8E95F71876C0ED6E.e.200"},"getText",[]]}
]]></system-out>
    </testcase>
    <testcase classname="chrome.135_0_7049_96.windows.Configure_System_-_Interfaces_US132253" name="Validate MaintenanceOrder endpoint connection status to Success" time="1.063">
      <system-out><![CDATA[
COMMAND: POST /session/2cd4bc643d9d9d4891ba381e1884365b/execute/async - {"script":"<script> [1562 bytes]","args":[{"selector":{"controlType":"sap.m.Button","viewName":"etm.portal.ui.configuresystem.view.Master","bindingPath":{"path":"/EndpointsWithStatus('MaintenanceOrder')","propertyPath":"STATUS_TEXT"},"interaction":{"idSuffix":"BDI-content"}},"wdio_ui5_key":"etmportal.ui.configuresystem.view.Mastersap.m.Button{\"path\":\"/EndpointsWithStatus('MaintenanceOrder')\",\"propertyPath\":\"STATUS_TEXT\"}"}]}
RESULT: {"script":"<script> [1562 bytes]","args":[{"selector":{"controlType":"sap.m.Button","viewName":"etm.portal.ui.configuresystem.view.Master","bindingPath":{"path":"/EndpointsWithStatus('MaintenanceOrder')","propertyPath":"STATUS_TEXT"},"interaction":{"idSuffix":"BDI-content"}},"wdio_ui5_key":"etmportal.ui.configuresystem.view.Mastersap.m.Button{\"path\":\"/EndpointsWithStatus('MaintenanceOrder')\",\"propertyPath\":\"STATUS_TEXT\"}"}]}
RESULT: undefined
COMMAND: POST /session/2cd4bc643d9d9d4891ba381e1884365b/execute/async - {"script":"<script> [6424 bytes]","args":[{"element-6066-11e4-a52e-4f735466cecf":"f.D3B1ECBEC1A28350B2DBBAF8644638A8.d.504D195CF5F0E12E8E95F71876C0ED6E.e.201"},"getText",[]]}
RESULT: {"script":"<script> [6424 bytes]","args":[{"element-6066-11e4-a52e-4f735466cecf":"f.D3B1ECBEC1A28350B2DBBAF8644638A8.d.504D195CF5F0E12E8E95F71876C0ED6E.e.201"},"getText",[]]}
]]></system-out>
    </testcase>
    <testcase classname="chrome.135_0_7049_96.windows.Configure_System_-_Interfaces_US132253" name="Validate Material endpoint connection status to Success" time="1.575">
      <system-out><![CDATA[
COMMAND: POST /session/2cd4bc643d9d9d4891ba381e1884365b/execute/async - {"script":"<script> [1562 bytes]","args":[{"selector":{"controlType":"sap.m.Button","viewName":"etm.portal.ui.configuresystem.view.Master","bindingPath":{"path":"/EndpointsWithStatus('Material')","propertyPath":"STATUS_TEXT"},"interaction":{"idSuffix":"BDI-content"}},"wdio_ui5_key":"etmportal.ui.configuresystem.view.Mastersap.m.Button{\"path\":\"/EndpointsWithStatus('Material')\",\"propertyPath\":\"STATUS_TEXT\"}"}]}
RESULT: {"script":"<script> [1562 bytes]","args":[{"selector":{"controlType":"sap.m.Button","viewName":"etm.portal.ui.configuresystem.view.Master","bindingPath":{"path":"/EndpointsWithStatus('Material')","propertyPath":"STATUS_TEXT"},"interaction":{"idSuffix":"BDI-content"}},"wdio_ui5_key":"etmportal.ui.configuresystem.view.Mastersap.m.Button{\"path\":\"/EndpointsWithStatus('Material')\",\"propertyPath\":\"STATUS_TEXT\"}"}]}
RESULT: undefined
COMMAND: POST /session/2cd4bc643d9d9d4891ba381e1884365b/execute/async - {"script":"<script> [6424 bytes]","args":[{"element-6066-11e4-a52e-4f735466cecf":"f.D3B1ECBEC1A28350B2DBBAF8644638A8.d.504D195CF5F0E12E8E95F71876C0ED6E.e.202"},"getText",[]]}
RESULT: {"script":"<script> [6424 bytes]","args":[{"element-6066-11e4-a52e-4f735466cecf":"f.D3B1ECBEC1A28350B2DBBAF8644638A8.d.504D195CF5F0E12E8E95F71876C0ED6E.e.202"},"getText",[]]}
]]></system-out>
    </testcase>
    <testcase classname="chrome.135_0_7049_96.windows.Configure_System_-_Interfaces_US132253" name="Validate MeasuringPoint endpoint connection status to Success" time="1.102">
      <system-out><![CDATA[
COMMAND: POST /session/2cd4bc643d9d9d4891ba381e1884365b/execute/async - {"script":"<script> [1562 bytes]","args":[{"selector":{"controlType":"sap.m.Button","viewName":"etm.portal.ui.configuresystem.view.Master","bindingPath":{"path":"/EndpointsWithStatus('MeasuringPoint')","propertyPath":"STATUS_TEXT"},"interaction":{"idSuffix":"BDI-content"}},"wdio_ui5_key":"etmportal.ui.configuresystem.view.Mastersap.m.Button{\"path\":\"/EndpointsWithStatus('MeasuringPoint')\",\"propertyPath\":\"STATUS_TEXT\"}"}]}
RESULT: {"script":"<script> [1562 bytes]","args":[{"selector":{"controlType":"sap.m.Button","viewName":"etm.portal.ui.configuresystem.view.Master","bindingPath":{"path":"/EndpointsWithStatus('MeasuringPoint')","propertyPath":"STATUS_TEXT"},"interaction":{"idSuffix":"BDI-content"}},"wdio_ui5_key":"etmportal.ui.configuresystem.view.Mastersap.m.Button{\"path\":\"/EndpointsWithStatus('MeasuringPoint')\",\"propertyPath\":\"STATUS_TEXT\"}"}]}
RESULT: undefined
COMMAND: POST /session/2cd4bc643d9d9d4891ba381e1884365b/execute/async - {"script":"<script> [6424 bytes]","args":[{"element-6066-11e4-a52e-4f735466cecf":"f.D3B1ECBEC1A28350B2DBBAF8644638A8.d.504D195CF5F0E12E8E95F71876C0ED6E.e.203"},"getText",[]]}
RESULT: {"script":"<script> [6424 bytes]","args":[{"element-6066-11e4-a52e-4f735466cecf":"f.D3B1ECBEC1A28350B2DBBAF8644638A8.d.504D195CF5F0E12E8E95F71876C0ED6E.e.203"},"getText",[]]}
]]></system-out>
    </testcase>
    <testcase classname="chrome.135_0_7049_96.windows.Configure_System_-_Interfaces_US132253" name="Validate OutboundDelivery endpoint connection status to Success" time="1.027">
      <system-out><![CDATA[
COMMAND: POST /session/2cd4bc643d9d9d4891ba381e1884365b/execute/async - {"script":"<script> [1562 bytes]","args":[{"selector":{"controlType":"sap.m.Button","viewName":"etm.portal.ui.configuresystem.view.Master","bindingPath":{"path":"/EndpointsWithStatus('OutboundDelivery')","propertyPath":"STATUS_TEXT"},"interaction":{"idSuffix":"BDI-content"}},"wdio_ui5_key":"etmportal.ui.configuresystem.view.Mastersap.m.Button{\"path\":\"/EndpointsWithStatus('OutboundDelivery')\",\"propertyPath\":\"STATUS_TEXT\"}"}]}
RESULT: {"script":"<script> [1562 bytes]","args":[{"selector":{"controlType":"sap.m.Button","viewName":"etm.portal.ui.configuresystem.view.Master","bindingPath":{"path":"/EndpointsWithStatus('OutboundDelivery')","propertyPath":"STATUS_TEXT"},"interaction":{"idSuffix":"BDI-content"}},"wdio_ui5_key":"etmportal.ui.configuresystem.view.Mastersap.m.Button{\"path\":\"/EndpointsWithStatus('OutboundDelivery')\",\"propertyPath\":\"STATUS_TEXT\"}"}]}
RESULT: undefined
COMMAND: POST /session/2cd4bc643d9d9d4891ba381e1884365b/execute/async - {"script":"<script> [6424 bytes]","args":[{"element-6066-11e4-a52e-4f735466cecf":"f.D3B1ECBEC1A28350B2DBBAF8644638A8.d.504D195CF5F0E12E8E95F71876C0ED6E.e.204"},"getText",[]]}
RESULT: {"script":"<script> [6424 bytes]","args":[{"element-6066-11e4-a52e-4f735466cecf":"f.D3B1ECBEC1A28350B2DBBAF8644638A8.d.504D195CF5F0E12E8E95F71876C0ED6E.e.204"},"getText",[]]}
]]></system-out>
    </testcase>
    <testcase classname="chrome.135_0_7049_96.windows.Configure_System_-_Interfaces_US132253" name="Validate PurchaseRequisition endpoint connection status to Success" time="1.023">
      <system-out><![CDATA[
COMMAND: POST /session/2cd4bc643d9d9d4891ba381e1884365b/execute/async - {"script":"<script> [1562 bytes]","args":[{"selector":{"controlType":"sap.m.Button","viewName":"etm.portal.ui.configuresystem.view.Master","bindingPath":{"path":"/EndpointsWithStatus('PurchaseRequisition')","propertyPath":"STATUS_TEXT"},"interaction":{"idSuffix":"BDI-content"}},"wdio_ui5_key":"etmportal.ui.configuresystem.view.Mastersap.m.Button{\"path\":\"/EndpointsWithStatus('PurchaseRequisition')\",\"propertyPath\":\"STATUS_TEXT\"}"}]}
RESULT: {"script":"<script> [1562 bytes]","args":[{"selector":{"controlType":"sap.m.Button","viewName":"etm.portal.ui.configuresystem.view.Master","bindingPath":{"path":"/EndpointsWithStatus('PurchaseRequisition')","propertyPath":"STATUS_TEXT"},"interaction":{"idSuffix":"BDI-content"}},"wdio_ui5_key":"etmportal.ui.configuresystem.view.Mastersap.m.Button{\"path\":\"/EndpointsWithStatus('PurchaseRequisition')\",\"propertyPath\":\"STATUS_TEXT\"}"}]}
RESULT: undefined
COMMAND: POST /session/2cd4bc643d9d9d4891ba381e1884365b/execute/async - {"script":"<script> [6424 bytes]","args":[{"element-6066-11e4-a52e-4f735466cecf":"f.D3B1ECBEC1A28350B2DBBAF8644638A8.d.504D195CF5F0E12E8E95F71876C0ED6E.e.205"},"getText",[]]}
RESULT: {"script":"<script> [6424 bytes]","args":[{"element-6066-11e4-a52e-4f735466cecf":"f.D3B1ECBEC1A28350B2DBBAF8644638A8.d.504D195CF5F0E12E8E95F71876C0ED6E.e.205"},"getText",[]]}
]]></system-out>
    </testcase>
    <testcase classname="chrome.135_0_7049_96.windows.Configure_System_-_Interfaces_US132253" name="Validate PurchaseRequisitionProcess endpoint connection status to Success" time="1.044">
      <system-out><![CDATA[
COMMAND: POST /session/2cd4bc643d9d9d4891ba381e1884365b/execute/async - {"script":"<script> [1562 bytes]","args":[{"selector":{"controlType":"sap.m.Button","viewName":"etm.portal.ui.configuresystem.view.Master","bindingPath":{"path":"/EndpointsWithStatus('PurchaseRequisitionProcess')","propertyPath":"STATUS_TEXT"},"interaction":{"idSuffix":"BDI-content"}},"wdio_ui5_key":"etmportal.ui.configuresystem.view.Mastersap.m.Button{\"path\":\"/EndpointsWithStatus('PurchaseRequisitionProcess')\",\"propertyPath\":\"STATUS_TEXT\"}"}]}
RESULT: {"script":"<script> [1562 bytes]","args":[{"selector":{"controlType":"sap.m.Button","viewName":"etm.portal.ui.configuresystem.view.Master","bindingPath":{"path":"/EndpointsWithStatus('PurchaseRequisitionProcess')","propertyPath":"STATUS_TEXT"},"interaction":{"idSuffix":"BDI-content"}},"wdio_ui5_key":"etmportal.ui.configuresystem.view.Mastersap.m.Button{\"path\":\"/EndpointsWithStatus('PurchaseRequisitionProcess')\",\"propertyPath\":\"STATUS_TEXT\"}"}]}
RESULT: undefined
COMMAND: POST /session/2cd4bc643d9d9d4891ba381e1884365b/execute/async - {"script":"<script> [6424 bytes]","args":[{"element-6066-11e4-a52e-4f735466cecf":"f.D3B1ECBEC1A28350B2DBBAF8644638A8.d.504D195CF5F0E12E8E95F71876C0ED6E.e.206"},"getText",[]]}
RESULT: {"script":"<script> [6424 bytes]","args":[{"element-6066-11e4-a52e-4f735466cecf":"f.D3B1ECBEC1A28350B2DBBAF8644638A8.d.504D195CF5F0E12E8E95F71876C0ED6E.e.206"},"getText",[]]}
]]></system-out>
    </testcase>
    <testcase classname="chrome.135_0_7049_96.windows.Configure_System_-_Interfaces_US132253" name="Validate Vendor endpoint connection status to Success" time="1.193">
      <system-out><![CDATA[
COMMAND: POST /session/2cd4bc643d9d9d4891ba381e1884365b/execute/async - {"script":"<script> [1562 bytes]","args":[{"selector":{"controlType":"sap.m.Button","viewName":"etm.portal.ui.configuresystem.view.Master","bindingPath":{"path":"/EndpointsWithStatus('Vendor')","propertyPath":"STATUS_TEXT"},"interaction":{"idSuffix":"BDI-content"}},"wdio_ui5_key":"etmportal.ui.configuresystem.view.Mastersap.m.Button{\"path\":\"/EndpointsWithStatus('Vendor')\",\"propertyPath\":\"STATUS_TEXT\"}"}]}
RESULT: {"script":"<script> [1562 bytes]","args":[{"selector":{"controlType":"sap.m.Button","viewName":"etm.portal.ui.configuresystem.view.Master","bindingPath":{"path":"/EndpointsWithStatus('Vendor')","propertyPath":"STATUS_TEXT"},"interaction":{"idSuffix":"BDI-content"}},"wdio_ui5_key":"etmportal.ui.configuresystem.view.Mastersap.m.Button{\"path\":\"/EndpointsWithStatus('Vendor')\",\"propertyPath\":\"STATUS_TEXT\"}"}]}
RESULT: undefined
COMMAND: POST /session/2cd4bc643d9d9d4891ba381e1884365b/execute/async - {"script":"<script> [6424 bytes]","args":[{"element-6066-11e4-a52e-4f735466cecf":"f.D3B1ECBEC1A28350B2DBBAF8644638A8.d.504D195CF5F0E12E8E95F71876C0ED6E.e.207"},"getText",[]]}
RESULT: {"script":"<script> [6424 bytes]","args":[{"element-6066-11e4-a52e-4f735466cecf":"f.D3B1ECBEC1A28350B2DBBAF8644638A8.d.504D195CF5F0E12E8E95F71876C0ED6E.e.207"},"getText",[]]}
]]></system-out>
    </testcase>
    <testcase classname="chrome.135_0_7049_96.windows.Configure_System_-_Interfaces_US132253" name="Validate WBSElement endpoint connection status to Success" time="1.105">
      <system-out><![CDATA[
COMMAND: POST /session/2cd4bc643d9d9d4891ba381e1884365b/execute/async - {"script":"<script> [1562 bytes]","args":[{"selector":{"controlType":"sap.m.Button","viewName":"etm.portal.ui.configuresystem.view.Master","bindingPath":{"path":"/EndpointsWithStatus('WBSElement')","propertyPath":"STATUS_TEXT"},"interaction":{"idSuffix":"BDI-content"}},"wdio_ui5_key":"etmportal.ui.configuresystem.view.Mastersap.m.Button{\"path\":\"/EndpointsWithStatus('WBSElement')\",\"propertyPath\":\"STATUS_TEXT\"}"}]}
RESULT: {"script":"<script> [1562 bytes]","args":[{"selector":{"controlType":"sap.m.Button","viewName":"etm.portal.ui.configuresystem.view.Master","bindingPath":{"path":"/EndpointsWithStatus('WBSElement')","propertyPath":"STATUS_TEXT"},"interaction":{"idSuffix":"BDI-content"}},"wdio_ui5_key":"etmportal.ui.configuresystem.view.Mastersap.m.Button{\"path\":\"/EndpointsWithStatus('WBSElement')\",\"propertyPath\":\"STATUS_TEXT\"}"}]}
RESULT: undefined
COMMAND: POST /session/2cd4bc643d9d9d4891ba381e1884365b/execute/async - {"script":"<script> [6424 bytes]","args":[{"element-6066-11e4-a52e-4f735466cecf":"f.D3B1ECBEC1A28350B2DBBAF8644638A8.d.504D195CF5F0E12E8E95F71876C0ED6E.e.208"},"getText",[]]}
RESULT: {"script":"<script> [6424 bytes]","args":[{"element-6066-11e4-a52e-4f735466cecf":"f.D3B1ECBEC1A28350B2DBBAF8644638A8.d.504D195CF5F0E12E8E95F71876C0ED6E.e.208"},"getText",[]]}
COMMAND: POST /session/2cd4bc643d9d9d4891ba381e1884365b/element - {"using":"css selector","value":"#j_username"}
COMMAND: POST /session/2cd4bc643d9d9d4891ba381e1884365b/url - {"url":"https://qa-testing-00-live-etm-ui.cfapps.eu10-004.hana.ondemand.com/"}
RESULT: {"using":"css selector","value":"#j_username"}
COMMAND: POST /session/2cd4bc643d9d9d4891ba381e1884365b/element - {"using":"css selector","value":"#j_username"}
RESULT: {"url":"https://qa-testing-00-live-etm-ui.cfapps.eu10-004.hana.ondemand.com/"}
RESULT: undefined
COMMAND: GET /session/2cd4bc643d9d9d4891ba381e1884365b/screenshot - {}
RESULT: {"using":"css selector","value":"#j_username"}
COMMAND: POST /session/2cd4bc643d9d9d4891ba381e1884365b/element - {"using":"css selector","value":"#shell-header-logo"}
RESULT: {}
RESULT: {"using":"css selector","value":"#shell-header-logo"}
COMMAND: POST /session/2cd4bc643d9d9d4891ba381e1884365b/execute/sync - {"script":"<script> [8489 bytes]","args":[{"element-6066-11e4-a52e-4f735466cecf":"f.D3B1ECBEC1A28350B2DBBAF8644638A8.d.30F03DA88587706C853320E8F24DAE4E.e.219","ELEMENT":"f.D3B1ECBEC1A28350B2DBBAF8644638A8.d.30F03DA88587706C853320E8F24DAE4E.e.219"}]}
RESULT: {"script":"<script> [8489 bytes]","args":[{"element-6066-11e4-a52e-4f735466cecf":"f.D3B1ECBEC1A28350B2DBBAF8644638A8.d.30F03DA88587706C853320E8F24DAE4E.e.219","ELEMENT":"f.D3B1ECBEC1A28350B2DBBAF8644638A8.d.30F03DA88587706C853320E8F24DAE4E.e.219"}]}
COMMAND: POST /session/2cd4bc643d9d9d4891ba381e1884365b/element - {"using":"css selector","value":"#shell-header-logo"}
COMMAND: GET /session/2cd4bc643d9d9d4891ba381e1884365b/screenshot - {}
RESULT: {"using":"css selector","value":"#shell-header-logo"}
COMMAND: POST /session/2cd4bc643d9d9d4891ba381e1884365b/execute/sync - {"script":"<script> [8489 bytes]","args":[{"element-6066-11e4-a52e-4f735466cecf":"f.D3B1ECBEC1A28350B2DBBAF8644638A8.d.30F03DA88587706C853320E8F24DAE4E.e.219","ELEMENT":"f.D3B1ECBEC1A28350B2DBBAF8644638A8.d.30F03DA88587706C853320E8F24DAE4E.e.219"}]}
RESULT: {}
RESULT: {"script":"<script> [8489 bytes]","args":[{"element-6066-11e4-a52e-4f735466cecf":"f.D3B1ECBEC1A28350B2DBBAF8644638A8.d.30F03DA88587706C853320E8F24DAE4E.e.219","ELEMENT":"f.D3B1ECBEC1A28350B2DBBAF8644638A8.d.30F03DA88587706C853320E8F24DAE4E.e.219"}]}
COMMAND: POST /session/2cd4bc643d9d9d4891ba381e1884365b/execute/sync - {"script":"<script> [5351 bytes]","args":[{"element-6066-11e4-a52e-4f735466cecf":"f.D3B1ECBEC1A28350B2DBBAF8644638A8.d.30F03DA88587706C853320E8F24DAE4E.e.219","ELEMENT":"f.D3B1ECBEC1A28350B2DBBAF8644638A8.d.30F03DA88587706C853320E8F24DAE4E.e.219"}]}
COMMAND: GET /session/2cd4bc643d9d9d4891ba381e1884365b/screenshot - {}
RESULT: {"script":"<script> [5351 bytes]","args":[{"element-6066-11e4-a52e-4f735466cecf":"f.D3B1ECBEC1A28350B2DBBAF8644638A8.d.30F03DA88587706C853320E8F24DAE4E.e.219","ELEMENT":"f.D3B1ECBEC1A28350B2DBBAF8644638A8.d.30F03DA88587706C853320E8F24DAE4E.e.219"}]}
COMMAND: POST /session/2cd4bc643d9d9d4891ba381e1884365b/element - {"using":"css selector","value":"#shell-header-logo"}
COMMAND: GET /session/2cd4bc643d9d9d4891ba381e1884365b/screenshot - {}
RESULT: {}
RESULT: {"using":"css selector","value":"#shell-header-logo"}
COMMAND: POST /session/2cd4bc643d9d9d4891ba381e1884365b/element/f.D3B1ECBEC1A28350B2DBBAF8644638A8.d.30F03DA88587706C853320E8F24DAE4E.e.219/click - {}
RESULT: {}
RESULT: {}
COMMAND: GET /session/2cd4bc643d9d9d4891ba381e1884365b/screenshot - {}
RESULT: {}
COMMAND: POST /session/2cd4bc643d9d9d4891ba381e1884365b/execute/async - {"script":"<script> [189 bytes]","args":[]}
RESULT: {"script":"<script> [189 bytes]","args":[]}
COMMAND: POST /session/2cd4bc643d9d9d4891ba381e1884365b/execute/async - {"script":"<script> [123 bytes]","args":[]}
RESULT: {"script":"<script> [123 bytes]","args":[]}
COMMAND: POST /session/2cd4bc643d9d9d4891ba381e1884365b/timeouts - {"script":"<number>"}
RESULT: {"script":"<number>"}
COMMAND: GET /session/2cd4bc643d9d9d4891ba381e1884365b/timeouts - {}
RESULT: {}
RESULT: undefined
COMMAND: POST /session/2cd4bc643d9d9d4891ba381e1884365b/execute/async - {"script":"<script> [2676 bytes]","args":[]}
RESULT: {"script":"<script> [2676 bytes]","args":[]}
COMMAND: POST /session/2cd4bc643d9d9d4891ba381e1884365b/execute/async - {"script":"<script> [2342 bytes]","args":[{"protocol":"http","hostname":"0.0.0.0","path":"/","capabilities":{"browserName":"chrome","goog:chromeOptions":{"binary":"C:\\Program Files\\Google\\Chrome\\Application\\chrome.exe","args":["--start-maximized"]}},"logLevel":"warn","connectionRetryTimeout":120000,"connectionRetryCount":3,"logLevels":{},"enableDirectConnect":true,"strictSSL":true,"_":"65 more keys: [\"cacheDir\",\"port\",\"requestedCapabilities\",\"automationProtocol\",\"baseUrl\",\"waitforInterval\",\"waitforTimeout\",\"onReload\",\"beforeCommand\",\"afterCommand\",\"rootDir\",\"specs\",\"suites\",\"exclude\",\"groupLogsByTestSpec\",\"excludeDriverLogs\",\"bail\",\"framework\",\"reporters\",\"services\",\"maxInstances\",\"maxInstancesPerCapability\",\"injectGlobals\",\"filesToWatch\",\"execArgv\",\"runnerEnv\",\"runner\",\"shard\",\"specFileRetries\",\"specFileRetriesDelay\",\"specFileRetriesDeferred\",\"reporterSyncInterval\",\"reporterSyncTimeout\",\"cucumberFeaturesWithLineNumbers\",\"autoCompileOpts\",\"mochaOpts\",\"jasmineOpts\",\"cucumberOpts\",\"onPrepare\",\"onWorkerStart\",\"onWorkerEnd\",\"before\",\"beforeSession\",\"beforeSuite\",\"beforeHook\",\"beforeTest\",\"afterTest\",\"afterHook\",\"afterSuite\",\"afterSession\",\"after\",\"onComplete\",\"beforeAssertion\",\"afterAssertion\",\"beforeFeature\",\"beforeScenario\",\"beforeStep\",\"afterStep\",\"afterScenario\",\"afterFeature\",\"_\",\"suite\",\"$0\",\"ignoredWorkerServices\",\"wdi5\"]"}]}
RESULT: {"script":"<script> [2342 bytes]","args":[{"protocol":"http","hostname":"0.0.0.0","path":"/","capabilities":{"browserName":"chrome","goog:chromeOptions":{"binary":"C:\\Program Files\\Google\\Chrome\\Application\\chrome.exe","args":["--start-maximized"]}},"logLevel":"warn","connectionRetryTimeout":120000,"connectionRetryCount":3,"logLevels":{},"enableDirectConnect":true,"strictSSL":true,"_":"65 more keys: [\"cacheDir\",\"port\",\"requestedCapabilities\",\"automationProtocol\",\"baseUrl\",\"waitforInterval\",\"waitforTimeout\",\"onReload\",\"beforeCommand\",\"afterCommand\",\"rootDir\",\"specs\",\"suites\",\"exclude\",\"groupLogsByTestSpec\",\"excludeDriverLogs\",\"bail\",\"framework\",\"reporters\",\"services\",\"maxInstances\",\"maxInstancesPerCapability\",\"injectGlobals\",\"filesToWatch\",\"execArgv\",\"runnerEnv\",\"runner\",\"shard\",\"specFileRetries\",\"specFileRetriesDelay\",\"specFileRetriesDeferred\",\"reporterSyncInterval\",\"reporterSyncTimeout\",\"cucumberFeaturesWithLineNumbers\",\"autoCompileOpts\",\"mochaOpts\",\"jasmineOpts\",\"cucumberOpts\",\"onPrepare\",\"onWorkerStart\",\"onWorkerEnd\",\"before\",\"beforeSession\",\"beforeSuite\",\"beforeHook\",\"beforeTest\",\"afterTest\",\"afterHook\",\"afterSuite\",\"afterSession\",\"after\",\"onComplete\",\"beforeAssertion\",\"afterAssertion\",\"beforeFeature\",\"beforeScenario\",\"beforeStep\",\"afterStep\",\"afterScenario\",\"afterFeature\",\"_\",\"suite\",\"$0\",\"ignoredWorkerServices\",\"wdi5\"]"}]}
COMMAND: POST /session/2cd4bc643d9d9d4891ba381e1884365b/execute/async - {"script":"<script> [21126 bytes]","args":[35000]}
RESULT: {"script":"<script> [21126 bytes]","args":[35000]}
COMMAND: POST /session/2cd4bc643d9d9d4891ba381e1884365b/window/maximize - {}
RESULT: {}
COMMAND: POST /session/2cd4bc643d9d9d4891ba381e1884365b/execute/async - {"script":"<script> [1562 bytes]","args":[{"selector":{"id":"shell-header","interaction":{"idSuffix":"icon"}},"wdio_ui5_key":"shellheader"}]}
COMMAND: GET /session/2cd4bc643d9d9d4891ba381e1884365b/screenshot - {}
RESULT: {"script":"<script> [1562 bytes]","args":[{"selector":{"id":"shell-header","interaction":{"idSuffix":"icon"}},"wdio_ui5_key":"shellheader"}]}
RESULT: undefined
COMMAND: POST /session/2cd4bc643d9d9d4891ba381e1884365b/window/maximize - {}
RESULT: {}
RESULT: {}
]]></system-out>
    </testcase>
  </testsuite>
  <testsuite timestamp="2025-05-02T15:59:27" time="222.895" tests="4" failures="0" errors="0" skipped="0">
    <properties>
      <property name="specId" value="0" />
      <property name="suiteName" value="Manage RU: Interfaces Data Check for UI fields US132253" />
      <property name="capabilities" value="chrome.135_0_7049_96.windows" />
      <property name="file" value="file:///D:/a/1/s/test/specs/TECH/ru-interface-data-check.spec.js" />
    </properties>
    <testcase classname="chrome.135_0_7049_96.windows.Manage_RU:_Interfaces_Data_Check_for_UI_fields_US132253" name="Should see data from Equipment interface for Equipment Value Help Field" time="68.617">
      <system-out><![CDATA[
COMMAND: GET /session/2cd4bc643d9d9d4891ba381e1884365b/screenshot - {}
COMMAND: POST /session/2cd4bc643d9d9d4891ba381e1884365b/execute/async - {"script":"<script> [1562 bytes]","args":[{"selector":{"controlType":"sap.m.GenericTile","properties":{"header":"Manage Resources"}},"wdio_ui5_key":"sapm.GenericTile{\"header\":\"Manage Resources\"}"}]}
RESULT: {}
RESULT: {"script":"<script> [1562 bytes]","args":[{"selector":{"controlType":"sap.m.GenericTile","properties":{"header":"Manage Resources"}},"wdio_ui5_key":"sapm.GenericTile{\"header\":\"Manage Resources\"}"}]}
RESULT: undefined
COMMAND: POST /session/2cd4bc643d9d9d4891ba381e1884365b/element - {"using":"xpath","value":"//*[@id=\"__tile39\"]"}
RESULT: {"using":"xpath","value":"//*[@id=\"__tile39\"]"}
COMMAND: POST /session/2cd4bc643d9d9d4891ba381e1884365b/element/f.D3B1ECBEC1A28350B2DBBAF8644638A8.d.30F03DA88587706C853320E8F24DAE4E.e.239/click - {}
RESULT: {}
COMMAND: GET /session/2cd4bc643d9d9d4891ba381e1884365b/screenshot - {}
RESULT: {}
COMMAND: POST /session/2cd4bc643d9d9d4891ba381e1884365b/execute/async - {"script":"<script> [1562 bytes]","args":[{"selector":{"controlType":"sap.ui.core.Icon","viewName":"etm.portal.ui.manageresources.view.Master","viewId":"application-manageresources-display-component---masterRU","properties":{"src":{"regex":{"source":"add"}}}},"wdio_ui5_key":"etmportal.ui.manageresources.view.Mastersap.ui.core.Icon{\"src\":{\"regex\":{\"source\":\"add\"}}}"}]}
RESULT: {"script":"<script> [1562 bytes]","args":[{"selector":{"controlType":"sap.ui.core.Icon","viewName":"etm.portal.ui.manageresources.view.Master","viewId":"application-manageresources-display-component---masterRU","properties":{"src":{"regex":{"source":"add"}}}},"wdio_ui5_key":"etmportal.ui.manageresources.view.Mastersap.ui.core.Icon{\"src\":{\"regex\":{\"source\":\"add\"}}}"}]}
RESULT: undefined
COMMAND: POST /session/2cd4bc643d9d9d4891ba381e1884365b/element - {"using":"xpath","value":"//*[@id=\"__button5-img\"]"}
RESULT: {"using":"xpath","value":"//*[@id=\"__button5-img\"]"}
COMMAND: POST /session/2cd4bc643d9d9d4891ba381e1884365b/element/f.D3B1ECBEC1A28350B2DBBAF8644638A8.d.30F03DA88587706C853320E8F24DAE4E.e.285/click - {}
RESULT: {}
COMMAND: GET /session/2cd4bc643d9d9d4891ba381e1884365b/screenshot - {}
RESULT: {}
COMMAND: POST /session/2cd4bc643d9d9d4891ba381e1884365b/execute/async - {"script":"<script> [1562 bytes]","args":[{"selector":{"id":"application-manageresources-display-component---newResourceUnit--TYPE","interaction":{"idSuffix":"inner"}},"wdio_ui5_key":"applicationmanageresources-display-component---newResourceUnit--TYPE"}]}
RESULT: {"script":"<script> [1562 bytes]","args":[{"selector":{"id":"application-manageresources-display-component---newResourceUnit--TYPE","interaction":{"idSuffix":"inner"}},"wdio_ui5_key":"applicationmanageresources-display-component---newResourceUnit--TYPE"}]}
RESULT: undefined
COMMAND: POST /session/2cd4bc643d9d9d4891ba381e1884365b/execute/async - {"script":"<script> [776 bytes]","args":[{"enterText":"Equipment","selector":{"id":"application-manageresources-display-component---newResourceUnit--TYPE","interaction":{"idSuffix":"inner"}},"clearTextFirst":true,"interactionType":"ENTER_TEXT"}]}
RESULT: {"script":"<script> [776 bytes]","args":[{"enterText":"Equipment","selector":{"id":"application-manageresources-display-component---newResourceUnit--TYPE","interaction":{"idSuffix":"inner"}},"clearTextFirst":true,"interactionType":"ENTER_TEXT"}]}
COMMAND: POST /session/2cd4bc643d9d9d4891ba381e1884365b/actions - {"actions":[{"id":"action1","type":"key","parameters":{},"actions":[{"type":"keyDown","value":"î€•"},{"type":"pause","duration":10},{"type":"keyUp","value":"î€•"}]}]}
RESULT: {"actions":[{"id":"action1","type":"key","parameters":{},"actions":[{"type":"keyDown","value":"î€•"},{"type":"pause","duration":10},{"type":"keyUp","value":"î€•"}]}]}
COMMAND: POST /session/2cd4bc643d9d9d4891ba381e1884365b/actions - {"actions":[{"id":"action2","type":"key","parameters":{},"actions":[{"type":"keyDown","value":"î€‡"},{"type":"pause","duration":10},{"type":"keyUp","value":"î€‡"}]}]}
COMMAND: GET /session/2cd4bc643d9d9d4891ba381e1884365b/screenshot - {}
RESULT: {"actions":[{"id":"action2","type":"key","parameters":{},"actions":[{"type":"keyDown","value":"î€‡"},{"type":"pause","duration":10},{"type":"keyUp","value":"î€‡"}]}]}
COMMAND: GET /session/2cd4bc643d9d9d4891ba381e1884365b/screenshot - {}
RESULT: {}
RESULT: {}
COMMAND: POST /session/2cd4bc643d9d9d4891ba381e1884365b/execute/async - {"script":"<script> [1562 bytes]","args":[{"selector":{"id":"application-manageresources-display-component---newResourceUnit--rruEquipmentNo","interaction":{"idSuffix":"inner"}},"wdio_ui5_key":"applicationmanageresources-display-component---newResourceUnit--rruEquipmentNo"}]}
RESULT: {"script":"<script> [1562 bytes]","args":[{"selector":{"id":"application-manageresources-display-component---newResourceUnit--rruEquipmentNo","interaction":{"idSuffix":"inner"}},"wdio_ui5_key":"applicationmanageresources-display-component---newResourceUnit--rruEquipmentNo"}]}
RESULT: undefined
COMMAND: POST /session/2cd4bc643d9d9d4891ba381e1884365b/execute/async - {"script":"<script> [776 bytes]","args":[{"enterText":"","selector":{"id":"application-manageresources-display-component---newResourceUnit--rruEquipmentNo","interaction":{"idSuffix":"inner"}},"clearTextFirst":true,"interactionType":"ENTER_TEXT"}]}
RESULT: {"script":"<script> [776 bytes]","args":[{"enterText":"","selector":{"id":"application-manageresources-display-component---newResourceUnit--rruEquipmentNo","interaction":{"idSuffix":"inner"}},"clearTextFirst":true,"interactionType":"ENTER_TEXT"}]}
COMMAND: POST /session/2cd4bc643d9d9d4891ba381e1884365b/execute/async - {"script":"<script> [1562 bytes]","args":[{"selector":{"id":"application-manageresources-display-component---newResourceUnit--rruEquipmentNo-vhi"},"wdio_ui5_key":"applicationmanageresources-display-component---newResourceUnit--rruEquipmentNo-vhi"}]}
RESULT: {"script":"<script> [1562 bytes]","args":[{"selector":{"id":"application-manageresources-display-component---newResourceUnit--rruEquipmentNo-vhi"},"wdio_ui5_key":"applicationmanageresources-display-component---newResourceUnit--rruEquipmentNo-vhi"}]}
RESULT: undefined
COMMAND: POST /session/2cd4bc643d9d9d4891ba381e1884365b/element - {"using":"xpath","value":"//*[@id=\"application-manageresources-display-component---newResourceUnit--rruEquipmentNo-vhi\"]"}
RESULT: {"using":"xpath","value":"//*[@id=\"application-manageresources-display-component---newResourceUnit--rruEquipmentNo-vhi\"]"}
COMMAND: POST /session/2cd4bc643d9d9d4891ba381e1884365b/element/f.D3B1ECBEC1A28350B2DBBAF8644638A8.d.30F03DA88587706C853320E8F24DAE4E.e.724/click - {}
RESULT: {}
COMMAND: GET /session/2cd4bc643d9d9d4891ba381e1884365b/screenshot - {}
RESULT: {}
COMMAND: POST /session/2cd4bc643d9d9d4891ba381e1884365b/execute/async - {"script":"<script> [1562 bytes]","args":[{"selector":{"controlType":"sap.m.Text","bindingPath":{"path":"/EquipmentValueHelpSet('10000007')","propertyPath":"EQUIPMENT","modelName":"EquipmentValueHelpModel"},"searchOpenDialogs":true},"wdio_ui5_key":"sapm.Text{\"path\":\"/EquipmentValueHelpSet('10000007')\",\"propertyPath\":\"EQUIPMENT\",\"modelName\":\"EquipmentValueHelpModel\"}"}]}
RESULT: {"script":"<script> [1562 bytes]","args":[{"selector":{"controlType":"sap.m.Text","bindingPath":{"path":"/EquipmentValueHelpSet('10000007')","propertyPath":"EQUIPMENT","modelName":"EquipmentValueHelpModel"},"searchOpenDialogs":true},"wdio_ui5_key":"sapm.Text{\"path\":\"/EquipmentValueHelpSet('10000007')\",\"propertyPath\":\"EQUIPMENT\",\"modelName\":\"EquipmentValueHelpModel\"}"}]}
RESULT: undefined
COMMAND: POST /session/2cd4bc643d9d9d4891ba381e1884365b/element - {"using":"xpath","value":"//*[@id=\"__text358-__clone238\"]"}
RESULT: {"using":"xpath","value":"//*[@id=\"__text358-__clone238\"]"}
COMMAND: POST /session/2cd4bc643d9d9d4891ba381e1884365b/element/f.D3B1ECBEC1A28350B2DBBAF8644638A8.d.30F03DA88587706C853320E8F24DAE4E.e.732/click - {}
RESULT: {}
COMMAND: POST /session/2cd4bc643d9d9d4891ba381e1884365b/execute/async - {"script":"<script> [1562 bytes]","args":[{"selector":{"controlType":"sap.m.Button","properties":{"text":"OK"},"searchOpenDialogs":true,"interaction":{"idSuffix":"content"}},"wdio_ui5_key":"sapm.Button{\"text\":\"OK\"}"}]}
COMMAND: GET /session/2cd4bc643d9d9d4891ba381e1884365b/screenshot - {}
RESULT: {"script":"<script> [1562 bytes]","args":[{"selector":{"controlType":"sap.m.Button","properties":{"text":"OK"},"searchOpenDialogs":true,"interaction":{"idSuffix":"content"}},"wdio_ui5_key":"sapm.Button{\"text\":\"OK\"}"}]}
RESULT: undefined
COMMAND: POST /session/2cd4bc643d9d9d4891ba381e1884365b/element - {"using":"xpath","value":"//*[@id=\"__dialog1-ok\"]"}
RESULT: {}
RESULT: {"using":"xpath","value":"//*[@id=\"__dialog1-ok\"]"}
COMMAND: POST /session/2cd4bc643d9d9d4891ba381e1884365b/element/f.D3B1ECBEC1A28350B2DBBAF8644638A8.d.30F03DA88587706C853320E8F24DAE4E.e.735/click - {}
RESULT: {}
COMMAND: GET /session/2cd4bc643d9d9d4891ba381e1884365b/screenshot - {}
RESULT: {}
RESULT: undefined
COMMAND: POST /session/2cd4bc643d9d9d4891ba381e1884365b/execute/async - {"script":"<script> [6424 bytes]","args":[{"element-6066-11e4-a52e-4f735466cecf":"f.D3B1ECBEC1A28350B2DBBAF8644638A8.d.30F03DA88587706C853320E8F24DAE4E.e.713"},"getValue",[]]}
COMMAND: POST /session/2cd4bc643d9d9d4891ba381e1884365b/execute/async - {"script":"<script> [1562 bytes]","args":[{"selector":{"id":"application-manageresources-display-component---newResourceUnit--rruEquipmentNo","interaction":{"idSuffix":"inner"}},"wdio_ui5_key":"applicationmanageresources-display-component---newResourceUnit--rruEquipmentNo"}]}
RESULT: {"script":"<script> [1562 bytes]","args":[{"selector":{"id":"application-manageresources-display-component---newResourceUnit--rruEquipmentNo","interaction":{"idSuffix":"inner"}},"wdio_ui5_key":"applicationmanageresources-display-component---newResourceUnit--rruEquipmentNo"}]}
COMMAND: POST /session/2cd4bc643d9d9d4891ba381e1884365b/execute/async - {"script":"<script> [6424 bytes]","args":[{"element-6066-11e4-a52e-4f735466cecf":"f.D3B1ECBEC1A28350B2DBBAF8644638A8.d.30F03DA88587706C853320E8F24DAE4E.e.739"},"getValue",[]]}
RESULT: {"script":"<script> [6424 bytes]","args":[{"element-6066-11e4-a52e-4f735466cecf":"f.D3B1ECBEC1A28350B2DBBAF8644638A8.d.30F03DA88587706C853320E8F24DAE4E.e.739"},"getValue",[]]}
COMMAND: POST /session/2cd4bc643d9d9d4891ba381e1884365b/execute/async - {"script":"<script> [1562 bytes]","args":[{"selector":{"id":"application-manageresources-display-component---newResourceUnit--SHORT_TEXT"},"wdio_ui5_key":"applicationmanageresources-display-component---newResourceUnit--SHORT_TEXT"}]}
RESULT: {"script":"<script> [1562 bytes]","args":[{"selector":{"id":"application-manageresources-display-component---newResourceUnit--SHORT_TEXT"},"wdio_ui5_key":"applicationmanageresources-display-component---newResourceUnit--SHORT_TEXT"}]}
RESULT: undefined
COMMAND: POST /session/2cd4bc643d9d9d4891ba381e1884365b/execute/async - {"script":"<script> [6424 bytes]","args":[{"element-6066-11e4-a52e-4f735466cecf":"f.D3B1ECBEC1A28350B2DBBAF8644638A8.d.30F03DA88587706C853320E8F24DAE4E.e.615"},"getValue",[]]}
RESULT: {"script":"<script> [6424 bytes]","args":[{"element-6066-11e4-a52e-4f735466cecf":"f.D3B1ECBEC1A28350B2DBBAF8644638A8.d.30F03DA88587706C853320E8F24DAE4E.e.615"},"getValue",[]]}
]]></system-out>
    </testcase>
    <testcase classname="chrome.135_0_7049_96.windows.Manage_RU:_Interfaces_Data_Check_for_UI_fields_US132253" name="Should see data from Asset interface for Asset Value Help Field" time="77.405">
      <system-out><![CDATA[
COMMAND: POST /session/2cd4bc643d9d9d4891ba381e1884365b/execute/async - {"script":"<script> [1562 bytes]","args":[{"selector":{"id":"application-manageresources-display-component---newResourceUnit--rruAssetNo-vhi"},"wdio_ui5_key":"applicationmanageresources-display-component---newResourceUnit--rruAssetNo-vhi"}]}
RESULT: {"script":"<script> [1562 bytes]","args":[{"selector":{"id":"application-manageresources-display-component---newResourceUnit--rruAssetNo-vhi"},"wdio_ui5_key":"applicationmanageresources-display-component---newResourceUnit--rruAssetNo-vhi"}]}
RESULT: undefined
COMMAND: POST /session/2cd4bc643d9d9d4891ba381e1884365b/element - {"using":"xpath","value":"//*[@id=\"application-manageresources-display-component---newResourceUnit--rruAssetNo-vhi\"]"}
RESULT: {"using":"xpath","value":"//*[@id=\"application-manageresources-display-component---newResourceUnit--rruAssetNo-vhi\"]"}
COMMAND: POST /session/2cd4bc643d9d9d4891ba381e1884365b/element/f.D3B1ECBEC1A28350B2DBBAF8644638A8.d.30F03DA88587706C853320E8F24DAE4E.e.742/click - {}
RESULT: {}
COMMAND: GET /session/2cd4bc643d9d9d4891ba381e1884365b/screenshot - {}
RESULT: {}
COMMAND: POST /session/2cd4bc643d9d9d4891ba381e1884365b/execute/async - {"script":"<script> [1562 bytes]","args":[{"selector":{"controlType":"sap.m.Text","bindingPath":{"path":"/I_FixedAssetValueHelp(CompanyCode='1000',MasterFixedAsset='400009',FixedAsset='0')","propertyPath":"MasterFixedAsset","modelName":"AssetValueHelpModel"},"searchOpenDialogs":true},"wdio_ui5_key":"sapm.Text{\"path\":\"/I_FixedAssetValueHelp(CompanyCode='1000',MasterFixedAsset='400009',FixedAsset='0')\",\"propertyPath\":\"MasterFixedAsset\",\"modelName\":\"AssetValueHelpModel\"}"}]}
RESULT: {"script":"<script> [1562 bytes]","args":[{"selector":{"controlType":"sap.m.Text","bindingPath":{"path":"/I_FixedAssetValueHelp(CompanyCode='1000',MasterFixedAsset='400009',FixedAsset='0')","propertyPath":"MasterFixedAsset","modelName":"AssetValueHelpModel"},"searchOpenDialogs":true},"wdio_ui5_key":"sapm.Text{\"path\":\"/I_FixedAssetValueHelp(CompanyCode='1000',MasterFixedAsset='400009',FixedAsset='0')\",\"propertyPath\":\"MasterFixedAsset\",\"modelName\":\"AssetValueHelpModel\"}"}]}
RESULT: undefined
COMMAND: POST /session/2cd4bc643d9d9d4891ba381e1884365b/element - {"using":"xpath","value":"//*[@id=\"__text366-__clone262\"]"}
RESULT: {"using":"xpath","value":"//*[@id=\"__text366-__clone262\"]"}
COMMAND: POST /session/2cd4bc643d9d9d4891ba381e1884365b/element/f.D3B1ECBEC1A28350B2DBBAF8644638A8.d.30F03DA88587706C853320E8F24DAE4E.e.749/click - {}
RESULT: {}
RESULT: undefined
COMMAND: POST /session/2cd4bc643d9d9d4891ba381e1884365b/element - {"using":"xpath","value":"//*[@id=\"__dialog1-ok\"]"}
COMMAND: GET /session/2cd4bc643d9d9d4891ba381e1884365b/screenshot - {}
RESULT: {"using":"xpath","value":"//*[@id=\"__dialog1-ok\"]"}
COMMAND: POST /session/2cd4bc643d9d9d4891ba381e1884365b/elements - {"using":"xpath","value":"//*[@id=\"__dialog1-ok\"]"}
RESULT: {}
RESULT: {"using":"xpath","value":"//*[@id=\"__dialog1-ok\"]"}
COMMAND: POST /session/2cd4bc643d9d9d4891ba381e1884365b/elements - {"using":"xpath","value":"//*[@id=\"__dialog1-ok\"]"}
RESULT: {"using":"xpath","value":"//*[@id=\"__dialog1-ok\"]"}
COMMAND: POST /session/2cd4bc643d9d9d4891ba381e1884365b/elements - {"using":"xpath","value":"//*[@id=\"__dialog1-ok\"]"}
RESULT: {"using":"xpath","value":"//*[@id=\"__dialog1-ok\"]"}
COMMAND: POST /session/2cd4bc643d9d9d4891ba381e1884365b/elements - {"using":"xpath","value":"//*[@id=\"__dialog1-ok\"]"}
RESULT: {"using":"xpath","value":"//*[@id=\"__dialog1-ok\"]"}
COMMAND: POST /session/2cd4bc643d9d9d4891ba381e1884365b/elements - {"using":"xpath","value":"//*[@id=\"__dialog1-ok\"]"}
RESULT: {"using":"xpath","value":"//*[@id=\"__dialog1-ok\"]"}
COMMAND: POST /session/2cd4bc643d9d9d4891ba381e1884365b/elements - {"using":"xpath","value":"//*[@id=\"__dialog1-ok\"]"}
RESULT: {"using":"xpath","value":"//*[@id=\"__dialog1-ok\"]"}
COMMAND: POST /session/2cd4bc643d9d9d4891ba381e1884365b/elements - {"using":"xpath","value":"//*[@id=\"__dialog1-ok\"]"}
RESULT: {"using":"xpath","value":"//*[@id=\"__dialog1-ok\"]"}
COMMAND: POST /session/2cd4bc643d9d9d4891ba381e1884365b/elements - {"using":"xpath","value":"//*[@id=\"__dialog1-ok\"]"}
RESULT: {"using":"xpath","value":"//*[@id=\"__dialog1-ok\"]"}
COMMAND: POST /session/2cd4bc643d9d9d4891ba381e1884365b/elements - {"using":"xpath","value":"//*[@id=\"__dialog1-ok\"]"}
RESULT: {"using":"xpath","value":"//*[@id=\"__dialog1-ok\"]"}
COMMAND: POST /session/2cd4bc643d9d9d4891ba381e1884365b/elements - {"using":"xpath","value":"//*[@id=\"__dialog1-ok\"]"}
RESULT: {"using":"xpath","value":"//*[@id=\"__dialog1-ok\"]"}
COMMAND: POST /session/2cd4bc643d9d9d4891ba381e1884365b/elements - {"using":"xpath","value":"//*[@id=\"__dialog1-ok\"]"}
RESULT: {"using":"xpath","value":"//*[@id=\"__dialog1-ok\"]"}
COMMAND: POST /session/2cd4bc643d9d9d4891ba381e1884365b/elements - {"using":"xpath","value":"//*[@id=\"__dialog1-ok\"]"}
RESULT: {"using":"xpath","value":"//*[@id=\"__dialog1-ok\"]"}
COMMAND: POST /session/2cd4bc643d9d9d4891ba381e1884365b/elements - {"using":"xpath","value":"//*[@id=\"__dialog1-ok\"]"}
RESULT: {"using":"xpath","value":"//*[@id=\"__dialog1-ok\"]"}
COMMAND: POST /session/2cd4bc643d9d9d4891ba381e1884365b/elements - {"using":"xpath","value":"//*[@id=\"__dialog1-ok\"]"}
RESULT: {"using":"xpath","value":"//*[@id=\"__dialog1-ok\"]"}
COMMAND: POST /session/2cd4bc643d9d9d4891ba381e1884365b/elements - {"using":"xpath","value":"//*[@id=\"__dialog1-ok\"]"}
RESULT: {"using":"xpath","value":"//*[@id=\"__dialog1-ok\"]"}
COMMAND: POST /session/2cd4bc643d9d9d4891ba381e1884365b/elements - {"using":"xpath","value":"//*[@id=\"__dialog1-ok\"]"}
RESULT: {"using":"xpath","value":"//*[@id=\"__dialog1-ok\"]"}
COMMAND: POST /session/2cd4bc643d9d9d4891ba381e1884365b/elements - {"using":"xpath","value":"//*[@id=\"__dialog1-ok\"]"}
RESULT: {"using":"xpath","value":"//*[@id=\"__dialog1-ok\"]"}
COMMAND: POST /session/2cd4bc643d9d9d4891ba381e1884365b/elements - {"using":"xpath","value":"//*[@id=\"__dialog1-ok\"]"}
RESULT: {"using":"xpath","value":"//*[@id=\"__dialog1-ok\"]"}
COMMAND: POST /session/2cd4bc643d9d9d4891ba381e1884365b/elements - {"using":"xpath","value":"//*[@id=\"__dialog1-ok\"]"}
RESULT: {"using":"xpath","value":"//*[@id=\"__dialog1-ok\"]"}
COMMAND: POST /session/2cd4bc643d9d9d4891ba381e1884365b/elements - {"using":"xpath","value":"//*[@id=\"__dialog1-ok\"]"}
RESULT: {"using":"xpath","value":"//*[@id=\"__dialog1-ok\"]"}
COMMAND: POST /session/2cd4bc643d9d9d4891ba381e1884365b/elements - {"using":"xpath","value":"//*[@id=\"__dialog1-ok\"]"}
RESULT: {"using":"xpath","value":"//*[@id=\"__dialog1-ok\"]"}
COMMAND: POST /session/2cd4bc643d9d9d4891ba381e1884365b/elements - {"using":"xpath","value":"//*[@id=\"__dialog1-ok\"]"}
RESULT: {"using":"xpath","value":"//*[@id=\"__dialog1-ok\"]"}
COMMAND: POST /session/2cd4bc643d9d9d4891ba381e1884365b/elements - {"using":"xpath","value":"//*[@id=\"__dialog1-ok\"]"}
RESULT: {"using":"xpath","value":"//*[@id=\"__dialog1-ok\"]"}
COMMAND: POST /session/2cd4bc643d9d9d4891ba381e1884365b/elements - {"using":"xpath","value":"//*[@id=\"__dialog1-ok\"]"}
RESULT: {"using":"xpath","value":"//*[@id=\"__dialog1-ok\"]"}
COMMAND: POST /session/2cd4bc643d9d9d4891ba381e1884365b/elements - {"using":"xpath","value":"//*[@id=\"__dialog1-ok\"]"}
RESULT: {"using":"xpath","value":"//*[@id=\"__dialog1-ok\"]"}
COMMAND: POST /session/2cd4bc643d9d9d4891ba381e1884365b/elements - {"using":"xpath","value":"//*[@id=\"__dialog1-ok\"]"}
RESULT: {"using":"xpath","value":"//*[@id=\"__dialog1-ok\"]"}
COMMAND: POST /session/2cd4bc643d9d9d4891ba381e1884365b/elements - {"using":"xpath","value":"//*[@id=\"__dialog1-ok\"]"}
RESULT: {"using":"xpath","value":"//*[@id=\"__dialog1-ok\"]"}
COMMAND: POST /session/2cd4bc643d9d9d4891ba381e1884365b/elements - {"using":"xpath","value":"//*[@id=\"__dialog1-ok\"]"}
RESULT: {"using":"xpath","value":"//*[@id=\"__dialog1-ok\"]"}
COMMAND: POST /session/2cd4bc643d9d9d4891ba381e1884365b/elements - {"using":"xpath","value":"//*[@id=\"__dialog1-ok\"]"}
RESULT: {"using":"xpath","value":"//*[@id=\"__dialog1-ok\"]"}
COMMAND: POST /session/2cd4bc643d9d9d4891ba381e1884365b/elements - {"using":"xpath","value":"//*[@id=\"__dialog1-ok\"]"}
RESULT: {"using":"xpath","value":"//*[@id=\"__dialog1-ok\"]"}
COMMAND: POST /session/2cd4bc643d9d9d4891ba381e1884365b/elements - {"using":"xpath","value":"//*[@id=\"__dialog1-ok\"]"}
RESULT: {"using":"xpath","value":"//*[@id=\"__dialog1-ok\"]"}
COMMAND: POST /session/2cd4bc643d9d9d4891ba381e1884365b/elements - {"using":"xpath","value":"//*[@id=\"__dialog1-ok\"]"}
RESULT: {"using":"xpath","value":"//*[@id=\"__dialog1-ok\"]"}
COMMAND: POST /session/2cd4bc643d9d9d4891ba381e1884365b/elements - {"using":"xpath","value":"//*[@id=\"__dialog1-ok\"]"}
RESULT: {"using":"xpath","value":"//*[@id=\"__dialog1-ok\"]"}
COMMAND: POST /session/2cd4bc643d9d9d4891ba381e1884365b/elements - {"using":"xpath","value":"//*[@id=\"__dialog1-ok\"]"}
RESULT: {"using":"xpath","value":"//*[@id=\"__dialog1-ok\"]"}
COMMAND: POST /session/2cd4bc643d9d9d4891ba381e1884365b/elements - {"using":"xpath","value":"//*[@id=\"__dialog1-ok\"]"}
RESULT: {"using":"xpath","value":"//*[@id=\"__dialog1-ok\"]"}
COMMAND: POST /session/2cd4bc643d9d9d4891ba381e1884365b/elements - {"using":"xpath","value":"//*[@id=\"__dialog1-ok\"]"}
RESULT: {"using":"xpath","value":"//*[@id=\"__dialog1-ok\"]"}
COMMAND: POST /session/2cd4bc643d9d9d4891ba381e1884365b/elements - {"using":"xpath","value":"//*[@id=\"__dialog1-ok\"]"}
RESULT: {"using":"xpath","value":"//*[@id=\"__dialog1-ok\"]"}
COMMAND: POST /session/2cd4bc643d9d9d4891ba381e1884365b/elements - {"using":"xpath","value":"//*[@id=\"__dialog1-ok\"]"}
RESULT: {"using":"xpath","value":"//*[@id=\"__dialog1-ok\"]"}
COMMAND: POST /session/2cd4bc643d9d9d4891ba381e1884365b/elements - {"using":"xpath","value":"//*[@id=\"__dialog1-ok\"]"}
RESULT: {"using":"xpath","value":"//*[@id=\"__dialog1-ok\"]"}
COMMAND: POST /session/2cd4bc643d9d9d4891ba381e1884365b/elements - {"using":"xpath","value":"//*[@id=\"__dialog1-ok\"]"}
RESULT: {"using":"xpath","value":"//*[@id=\"__dialog1-ok\"]"}
COMMAND: POST /session/2cd4bc643d9d9d4891ba381e1884365b/elements - {"using":"xpath","value":"//*[@id=\"__dialog1-ok\"]"}
RESULT: {"using":"xpath","value":"//*[@id=\"__dialog1-ok\"]"}
COMMAND: POST /session/2cd4bc643d9d9d4891ba381e1884365b/elements - {"using":"xpath","value":"//*[@id=\"__dialog1-ok\"]"}
RESULT: {"using":"xpath","value":"//*[@id=\"__dialog1-ok\"]"}
COMMAND: POST /session/2cd4bc643d9d9d4891ba381e1884365b/elements - {"using":"xpath","value":"//*[@id=\"__dialog1-ok\"]"}
RESULT: {"using":"xpath","value":"//*[@id=\"__dialog1-ok\"]"}
COMMAND: POST /session/2cd4bc643d9d9d4891ba381e1884365b/elements - {"using":"xpath","value":"//*[@id=\"__dialog1-ok\"]"}
RESULT: {"using":"xpath","value":"//*[@id=\"__dialog1-ok\"]"}
COMMAND: POST /session/2cd4bc643d9d9d4891ba381e1884365b/elements - {"using":"xpath","value":"//*[@id=\"__dialog1-ok\"]"}
RESULT: {"using":"xpath","value":"//*[@id=\"__dialog1-ok\"]"}
COMMAND: POST /session/2cd4bc643d9d9d4891ba381e1884365b/elements - {"using":"xpath","value":"//*[@id=\"__dialog1-ok\"]"}
RESULT: {"using":"xpath","value":"//*[@id=\"__dialog1-ok\"]"}
COMMAND: POST /session/2cd4bc643d9d9d4891ba381e1884365b/elements - {"using":"xpath","value":"//*[@id=\"__dialog1-ok\"]"}
RESULT: {"using":"xpath","value":"//*[@id=\"__dialog1-ok\"]"}
COMMAND: POST /session/2cd4bc643d9d9d4891ba381e1884365b/elements - {"using":"xpath","value":"//*[@id=\"__dialog1-ok\"]"}
RESULT: {"using":"xpath","value":"//*[@id=\"__dialog1-ok\"]"}
COMMAND: POST /session/2cd4bc643d9d9d4891ba381e1884365b/elements - {"using":"xpath","value":"//*[@id=\"__dialog1-ok\"]"}
RESULT: {"using":"xpath","value":"//*[@id=\"__dialog1-ok\"]"}
COMMAND: POST /session/2cd4bc643d9d9d4891ba381e1884365b/elements - {"using":"xpath","value":"//*[@id=\"__dialog1-ok\"]"}
RESULT: {"using":"xpath","value":"//*[@id=\"__dialog1-ok\"]"}
COMMAND: POST /session/2cd4bc643d9d9d4891ba381e1884365b/elements - {"using":"xpath","value":"//*[@id=\"__dialog1-ok\"]"}
RESULT: {"using":"xpath","value":"//*[@id=\"__dialog1-ok\"]"}
COMMAND: POST /session/2cd4bc643d9d9d4891ba381e1884365b/elements - {"using":"xpath","value":"//*[@id=\"__dialog1-ok\"]"}
RESULT: {"using":"xpath","value":"//*[@id=\"__dialog1-ok\"]"}
COMMAND: POST /session/2cd4bc643d9d9d4891ba381e1884365b/elements - {"using":"xpath","value":"//*[@id=\"__dialog1-ok\"]"}
RESULT: {"using":"xpath","value":"//*[@id=\"__dialog1-ok\"]"}
COMMAND: POST /session/2cd4bc643d9d9d4891ba381e1884365b/elements - {"using":"xpath","value":"//*[@id=\"__dialog1-ok\"]"}
RESULT: {"using":"xpath","value":"//*[@id=\"__dialog1-ok\"]"}
COMMAND: POST /session/2cd4bc643d9d9d4891ba381e1884365b/elements - {"using":"xpath","value":"//*[@id=\"__dialog1-ok\"]"}
RESULT: {"using":"xpath","value":"//*[@id=\"__dialog1-ok\"]"}
COMMAND: POST /session/2cd4bc643d9d9d4891ba381e1884365b/elements - {"using":"xpath","value":"//*[@id=\"__dialog1-ok\"]"}
RESULT: {"using":"xpath","value":"//*[@id=\"__dialog1-ok\"]"}
COMMAND: POST /session/2cd4bc643d9d9d4891ba381e1884365b/elements - {"using":"xpath","value":"//*[@id=\"__dialog1-ok\"]"}
RESULT: {"using":"xpath","value":"//*[@id=\"__dialog1-ok\"]"}
COMMAND: POST /session/2cd4bc643d9d9d4891ba381e1884365b/elements - {"using":"xpath","value":"//*[@id=\"__dialog1-ok\"]"}
RESULT: {"using":"xpath","value":"//*[@id=\"__dialog1-ok\"]"}
COMMAND: POST /session/2cd4bc643d9d9d4891ba381e1884365b/elements - {"using":"xpath","value":"//*[@id=\"__dialog1-ok\"]"}
RESULT: {"using":"xpath","value":"//*[@id=\"__dialog1-ok\"]"}
COMMAND: POST /session/2cd4bc643d9d9d4891ba381e1884365b/elements - {"using":"xpath","value":"//*[@id=\"__dialog1-ok\"]"}
RESULT: {"using":"xpath","value":"//*[@id=\"__dialog1-ok\"]"}
COMMAND: POST /session/2cd4bc643d9d9d4891ba381e1884365b/elements - {"using":"xpath","value":"//*[@id=\"__dialog1-ok\"]"}
RESULT: {"using":"xpath","value":"//*[@id=\"__dialog1-ok\"]"}
COMMAND: POST /session/2cd4bc643d9d9d4891ba381e1884365b/elements - {"using":"xpath","value":"//*[@id=\"__dialog1-ok\"]"}
RESULT: {"using":"xpath","value":"//*[@id=\"__dialog1-ok\"]"}
COMMAND: POST /session/2cd4bc643d9d9d4891ba381e1884365b/elements - {"using":"xpath","value":"//*[@id=\"__dialog1-ok\"]"}
RESULT: {"using":"xpath","value":"//*[@id=\"__dialog1-ok\"]"}
COMMAND: POST /session/2cd4bc643d9d9d4891ba381e1884365b/elements - {"using":"xpath","value":"//*[@id=\"__dialog1-ok\"]"}
RESULT: {"using":"xpath","value":"//*[@id=\"__dialog1-ok\"]"}
COMMAND: POST /session/2cd4bc643d9d9d4891ba381e1884365b/elements - {"using":"xpath","value":"//*[@id=\"__dialog1-ok\"]"}
RESULT: {"using":"xpath","value":"//*[@id=\"__dialog1-ok\"]"}
COMMAND: POST /session/2cd4bc643d9d9d4891ba381e1884365b/elements - {"using":"xpath","value":"//*[@id=\"__dialog1-ok\"]"}
RESULT: {"using":"xpath","value":"//*[@id=\"__dialog1-ok\"]"}
COMMAND: POST /session/2cd4bc643d9d9d4891ba381e1884365b/elements - {"using":"xpath","value":"//*[@id=\"__dialog1-ok\"]"}
RESULT: {"using":"xpath","value":"//*[@id=\"__dialog1-ok\"]"}
COMMAND: POST /session/2cd4bc643d9d9d4891ba381e1884365b/elements - {"using":"xpath","value":"//*[@id=\"__dialog1-ok\"]"}
RESULT: {"using":"xpath","value":"//*[@id=\"__dialog1-ok\"]"}
COMMAND: POST /session/2cd4bc643d9d9d4891ba381e1884365b/elements - {"using":"xpath","value":"//*[@id=\"__dialog1-ok\"]"}
RESULT: {"using":"xpath","value":"//*[@id=\"__dialog1-ok\"]"}
COMMAND: POST /session/2cd4bc643d9d9d4891ba381e1884365b/elements - {"using":"xpath","value":"//*[@id=\"__dialog1-ok\"]"}
RESULT: {"using":"xpath","value":"//*[@id=\"__dialog1-ok\"]"}
COMMAND: POST /session/2cd4bc643d9d9d4891ba381e1884365b/elements - {"using":"xpath","value":"//*[@id=\"__dialog1-ok\"]"}
RESULT: {"using":"xpath","value":"//*[@id=\"__dialog1-ok\"]"}
COMMAND: POST /session/2cd4bc643d9d9d4891ba381e1884365b/elements - {"using":"xpath","value":"//*[@id=\"__dialog1-ok\"]"}
RESULT: {"using":"xpath","value":"//*[@id=\"__dialog1-ok\"]"}
COMMAND: POST /session/2cd4bc643d9d9d4891ba381e1884365b/elements - {"using":"xpath","value":"//*[@id=\"__dialog1-ok\"]"}
RESULT: {"using":"xpath","value":"//*[@id=\"__dialog1-ok\"]"}
COMMAND: POST /session/2cd4bc643d9d9d4891ba381e1884365b/elements - {"using":"xpath","value":"//*[@id=\"__dialog1-ok\"]"}
RESULT: {"using":"xpath","value":"//*[@id=\"__dialog1-ok\"]"}
COMMAND: POST /session/2cd4bc643d9d9d4891ba381e1884365b/elements - {"using":"xpath","value":"//*[@id=\"__dialog1-ok\"]"}
RESULT: {"using":"xpath","value":"//*[@id=\"__dialog1-ok\"]"}
COMMAND: POST /session/2cd4bc643d9d9d4891ba381e1884365b/elements - {"using":"xpath","value":"//*[@id=\"__dialog1-ok\"]"}
RESULT: {"using":"xpath","value":"//*[@id=\"__dialog1-ok\"]"}
COMMAND: POST /session/2cd4bc643d9d9d4891ba381e1884365b/elements - {"using":"xpath","value":"//*[@id=\"__dialog1-ok\"]"}
RESULT: {"using":"xpath","value":"//*[@id=\"__dialog1-ok\"]"}
COMMAND: POST /session/2cd4bc643d9d9d4891ba381e1884365b/elements - {"using":"xpath","value":"//*[@id=\"__dialog1-ok\"]"}
RESULT: {"using":"xpath","value":"//*[@id=\"__dialog1-ok\"]"}
COMMAND: POST /session/2cd4bc643d9d9d4891ba381e1884365b/elements - {"using":"xpath","value":"//*[@id=\"__dialog1-ok\"]"}
RESULT: {"using":"xpath","value":"//*[@id=\"__dialog1-ok\"]"}
COMMAND: POST /session/2cd4bc643d9d9d4891ba381e1884365b/elements - {"using":"xpath","value":"//*[@id=\"__dialog1-ok\"]"}
RESULT: {"using":"xpath","value":"//*[@id=\"__dialog1-ok\"]"}
COMMAND: POST /session/2cd4bc643d9d9d4891ba381e1884365b/elements - {"using":"xpath","value":"//*[@id=\"__dialog1-ok\"]"}
RESULT: {"using":"xpath","value":"//*[@id=\"__dialog1-ok\"]"}
COMMAND: POST /session/2cd4bc643d9d9d4891ba381e1884365b/elements - {"using":"xpath","value":"//*[@id=\"__dialog1-ok\"]"}
RESULT: {"using":"xpath","value":"//*[@id=\"__dialog1-ok\"]"}
COMMAND: POST /session/2cd4bc643d9d9d4891ba381e1884365b/elements - {"using":"xpath","value":"//*[@id=\"__dialog1-ok\"]"}
RESULT: {"using":"xpath","value":"//*[@id=\"__dialog1-ok\"]"}
COMMAND: POST /session/2cd4bc643d9d9d4891ba381e1884365b/elements - {"using":"xpath","value":"//*[@id=\"__dialog1-ok\"]"}
RESULT: {"using":"xpath","value":"//*[@id=\"__dialog1-ok\"]"}
COMMAND: POST /session/2cd4bc643d9d9d4891ba381e1884365b/elements - {"using":"xpath","value":"//*[@id=\"__dialog1-ok\"]"}
RESULT: {"using":"xpath","value":"//*[@id=\"__dialog1-ok\"]"}
COMMAND: POST /session/2cd4bc643d9d9d4891ba381e1884365b/elements - {"using":"xpath","value":"//*[@id=\"__dialog1-ok\"]"}
RESULT: {"using":"xpath","value":"//*[@id=\"__dialog1-ok\"]"}
COMMAND: POST /session/2cd4bc643d9d9d4891ba381e1884365b/elements - {"using":"xpath","value":"//*[@id=\"__dialog1-ok\"]"}
RESULT: {"using":"xpath","value":"//*[@id=\"__dialog1-ok\"]"}
COMMAND: POST /session/2cd4bc643d9d9d4891ba381e1884365b/elements - {"using":"xpath","value":"//*[@id=\"__dialog1-ok\"]"}
RESULT: {"using":"xpath","value":"//*[@id=\"__dialog1-ok\"]"}
COMMAND: POST /session/2cd4bc643d9d9d4891ba381e1884365b/elements - {"using":"xpath","value":"//*[@id=\"__dialog1-ok\"]"}
RESULT: {"using":"xpath","value":"//*[@id=\"__dialog1-ok\"]"}
COMMAND: POST /session/2cd4bc643d9d9d4891ba381e1884365b/elements - {"using":"xpath","value":"//*[@id=\"__dialog1-ok\"]"}
RESULT: {"using":"xpath","value":"//*[@id=\"__dialog1-ok\"]"}
COMMAND: POST /session/2cd4bc643d9d9d4891ba381e1884365b/elements - {"using":"xpath","value":"//*[@id=\"__dialog1-ok\"]"}
RESULT: {"using":"xpath","value":"//*[@id=\"__dialog1-ok\"]"}
COMMAND: POST /session/2cd4bc643d9d9d4891ba381e1884365b/elements - {"using":"xpath","value":"//*[@id=\"__dialog1-ok\"]"}
RESULT: {"using":"xpath","value":"//*[@id=\"__dialog1-ok\"]"}
COMMAND: POST /session/2cd4bc643d9d9d4891ba381e1884365b/elements - {"using":"xpath","value":"//*[@id=\"__dialog1-ok\"]"}
RESULT: {"using":"xpath","value":"//*[@id=\"__dialog1-ok\"]"}
COMMAND: POST /session/2cd4bc643d9d9d4891ba381e1884365b/elements - {"using":"xpath","value":"//*[@id=\"__dialog1-ok\"]"}
RESULT: {"using":"xpath","value":"//*[@id=\"__dialog1-ok\"]"}
COMMAND: POST /session/2cd4bc643d9d9d4891ba381e1884365b/elements - {"using":"xpath","value":"//*[@id=\"__dialog1-ok\"]"}
RESULT: {"using":"xpath","value":"//*[@id=\"__dialog1-ok\"]"}
COMMAND: POST /session/2cd4bc643d9d9d4891ba381e1884365b/elements - {"using":"xpath","value":"//*[@id=\"__dialog1-ok\"]"}
RESULT: {"using":"xpath","value":"//*[@id=\"__dialog1-ok\"]"}
COMMAND: POST /session/2cd4bc643d9d9d4891ba381e1884365b/elements - {"using":"xpath","value":"//*[@id=\"__dialog1-ok\"]"}
RESULT: {"using":"xpath","value":"//*[@id=\"__dialog1-ok\"]"}
COMMAND: POST /session/2cd4bc643d9d9d4891ba381e1884365b/elements - {"using":"xpath","value":"//*[@id=\"__dialog1-ok\"]"}
RESULT: {"using":"xpath","value":"//*[@id=\"__dialog1-ok\"]"}
COMMAND: POST /session/2cd4bc643d9d9d4891ba381e1884365b/elements - {"using":"xpath","value":"//*[@id=\"__dialog1-ok\"]"}
RESULT: {"using":"xpath","value":"//*[@id=\"__dialog1-ok\"]"}
COMMAND: POST /session/2cd4bc643d9d9d4891ba381e1884365b/elements - {"using":"xpath","value":"//*[@id=\"__dialog1-ok\"]"}
RESULT: {"using":"xpath","value":"//*[@id=\"__dialog1-ok\"]"}
COMMAND: POST /session/2cd4bc643d9d9d4891ba381e1884365b/elements - {"using":"xpath","value":"//*[@id=\"__dialog1-ok\"]"}
RESULT: {"using":"xpath","value":"//*[@id=\"__dialog1-ok\"]"}
COMMAND: POST /session/2cd4bc643d9d9d4891ba381e1884365b/elements - {"using":"xpath","value":"//*[@id=\"__dialog1-ok\"]"}
RESULT: {"using":"xpath","value":"//*[@id=\"__dialog1-ok\"]"}
COMMAND: POST /session/2cd4bc643d9d9d4891ba381e1884365b/elements - {"using":"xpath","value":"//*[@id=\"__dialog1-ok\"]"}
RESULT: {"using":"xpath","value":"//*[@id=\"__dialog1-ok\"]"}
COMMAND: POST /session/2cd4bc643d9d9d4891ba381e1884365b/elements - {"using":"xpath","value":"//*[@id=\"__dialog1-ok\"]"}
RESULT: {"using":"xpath","value":"//*[@id=\"__dialog1-ok\"]"}
COMMAND: POST /session/2cd4bc643d9d9d4891ba381e1884365b/elements - {"using":"xpath","value":"//*[@id=\"__dialog1-ok\"]"}
RESULT: {"using":"xpath","value":"//*[@id=\"__dialog1-ok\"]"}
COMMAND: POST /session/2cd4bc643d9d9d4891ba381e1884365b/elements - {"using":"xpath","value":"//*[@id=\"__dialog1-ok\"]"}
RESULT: {"using":"xpath","value":"//*[@id=\"__dialog1-ok\"]"}
COMMAND: POST /session/2cd4bc643d9d9d4891ba381e1884365b/elements - {"using":"xpath","value":"//*[@id=\"__dialog1-ok\"]"}
RESULT: {"using":"xpath","value":"//*[@id=\"__dialog1-ok\"]"}
COMMAND: POST /session/2cd4bc643d9d9d4891ba381e1884365b/elements - {"using":"xpath","value":"//*[@id=\"__dialog1-ok\"]"}
RESULT: {"using":"xpath","value":"//*[@id=\"__dialog1-ok\"]"}
COMMAND: POST /session/2cd4bc643d9d9d4891ba381e1884365b/elements - {"using":"xpath","value":"//*[@id=\"__dialog1-ok\"]"}
RESULT: {"using":"xpath","value":"//*[@id=\"__dialog1-ok\"]"}
COMMAND: POST /session/2cd4bc643d9d9d4891ba381e1884365b/elements - {"using":"xpath","value":"//*[@id=\"__dialog1-ok\"]"}
RESULT: {"using":"xpath","value":"//*[@id=\"__dialog1-ok\"]"}
COMMAND: POST /session/2cd4bc643d9d9d4891ba381e1884365b/elements - {"using":"xpath","value":"//*[@id=\"__dialog1-ok\"]"}
RESULT: {"using":"xpath","value":"//*[@id=\"__dialog1-ok\"]"}
COMMAND: POST /session/2cd4bc643d9d9d4891ba381e1884365b/elements - {"using":"xpath","value":"//*[@id=\"__dialog1-ok\"]"}
RESULT: {"using":"xpath","value":"//*[@id=\"__dialog1-ok\"]"}
COMMAND: POST /session/2cd4bc643d9d9d4891ba381e1884365b/elements - {"using":"xpath","value":"//*[@id=\"__dialog1-ok\"]"}
RESULT: {"using":"xpath","value":"//*[@id=\"__dialog1-ok\"]"}
COMMAND: POST /session/2cd4bc643d9d9d4891ba381e1884365b/elements - {"using":"xpath","value":"//*[@id=\"__dialog1-ok\"]"}
RESULT: {"using":"xpath","value":"//*[@id=\"__dialog1-ok\"]"}
COMMAND: POST /session/2cd4bc643d9d9d4891ba381e1884365b/elements - {"using":"xpath","value":"//*[@id=\"__dialog1-ok\"]"}
RESULT: {"using":"xpath","value":"//*[@id=\"__dialog1-ok\"]"}
COMMAND: POST /session/2cd4bc643d9d9d4891ba381e1884365b/elements - {"using":"xpath","value":"//*[@id=\"__dialog1-ok\"]"}
RESULT: {"using":"xpath","value":"//*[@id=\"__dialog1-ok\"]"}
COMMAND: POST /session/2cd4bc643d9d9d4891ba381e1884365b/elements - {"using":"xpath","value":"//*[@id=\"__dialog1-ok\"]"}
RESULT: {"using":"xpath","value":"//*[@id=\"__dialog1-ok\"]"}
COMMAND: POST /session/2cd4bc643d9d9d4891ba381e1884365b/elements - {"using":"xpath","value":"//*[@id=\"__dialog1-ok\"]"}
RESULT: {"using":"xpath","value":"//*[@id=\"__dialog1-ok\"]"}
COMMAND: POST /session/2cd4bc643d9d9d4891ba381e1884365b/elements - {"using":"xpath","value":"//*[@id=\"__dialog1-ok\"]"}
RESULT: {"using":"xpath","value":"//*[@id=\"__dialog1-ok\"]"}
COMMAND: POST /session/2cd4bc643d9d9d4891ba381e1884365b/elements - {"using":"xpath","value":"//*[@id=\"__dialog1-ok\"]"}
RESULT: {"using":"xpath","value":"//*[@id=\"__dialog1-ok\"]"}
COMMAND: POST /session/2cd4bc643d9d9d4891ba381e1884365b/elements - {"using":"xpath","value":"//*[@id=\"__dialog1-ok\"]"}
COMMAND: POST /session/2cd4bc643d9d9d4891ba381e1884365b/element - {"using":"xpath","value":"//*[contains(text(), \"OK\")]"}
RESULT: {"using":"xpath","value":"//*[@id=\"__dialog1-ok\"]"}
RESULT: {"using":"xpath","value":"//*[contains(text(), \"OK\")]"}
COMMAND: POST /session/2cd4bc643d9d9d4891ba381e1884365b/execute/sync - {"script":"<script> [8489 bytes]","args":[{"element-6066-11e4-a52e-4f735466cecf":"f.D3B1ECBEC1A28350B2DBBAF8644638A8.d.30F03DA88587706C853320E8F24DAE4E.e.751","ELEMENT":"f.D3B1ECBEC1A28350B2DBBAF8644638A8.d.30F03DA88587706C853320E8F24DAE4E.e.751"}]}
RESULT: {"script":"<script> [8489 bytes]","args":[{"element-6066-11e4-a52e-4f735466cecf":"f.D3B1ECBEC1A28350B2DBBAF8644638A8.d.30F03DA88587706C853320E8F24DAE4E.e.751","ELEMENT":"f.D3B1ECBEC1A28350B2DBBAF8644638A8.d.30F03DA88587706C853320E8F24DAE4E.e.751"}]}
COMMAND: POST /session/2cd4bc643d9d9d4891ba381e1884365b/execute/sync - {"script":"<script> [5351 bytes]","args":[{"element-6066-11e4-a52e-4f735466cecf":"f.D3B1ECBEC1A28350B2DBBAF8644638A8.d.30F03DA88587706C853320E8F24DAE4E.e.751","ELEMENT":"f.D3B1ECBEC1A28350B2DBBAF8644638A8.d.30F03DA88587706C853320E8F24DAE4E.e.751"}]}
COMMAND: GET /session/2cd4bc643d9d9d4891ba381e1884365b/screenshot - {}
RESULT: {"script":"<script> [5351 bytes]","args":[{"element-6066-11e4-a52e-4f735466cecf":"f.D3B1ECBEC1A28350B2DBBAF8644638A8.d.30F03DA88587706C853320E8F24DAE4E.e.751","ELEMENT":"f.D3B1ECBEC1A28350B2DBBAF8644638A8.d.30F03DA88587706C853320E8F24DAE4E.e.751"}]}
COMMAND: POST /session/2cd4bc643d9d9d4891ba381e1884365b/element/f.D3B1ECBEC1A28350B2DBBAF8644638A8.d.30F03DA88587706C853320E8F24DAE4E.e.751/click - {}
COMMAND: GET /session/2cd4bc643d9d9d4891ba381e1884365b/screenshot - {}
RESULT: {}
RESULT: {}
COMMAND: GET /session/2cd4bc643d9d9d4891ba381e1884365b/screenshot - {}
RESULT: {}
RESULT: {}
COMMAND: POST /session/2cd4bc643d9d9d4891ba381e1884365b/execute/async - {"script":"<script> [1562 bytes]","args":[{"selector":{"id":"application-manageresources-display-component---newResourceUnit--rruAssetNo","interaction":{"idSuffix":"inner"}},"wdio_ui5_key":"applicationmanageresources-display-component---newResourceUnit--rruAssetNo"}]}
RESULT: {"script":"<script> [1562 bytes]","args":[{"selector":{"id":"application-manageresources-display-component---newResourceUnit--rruAssetNo","interaction":{"idSuffix":"inner"}},"wdio_ui5_key":"applicationmanageresources-display-component---newResourceUnit--rruAssetNo"}]}
RESULT: undefined
COMMAND: POST /session/2cd4bc643d9d9d4891ba381e1884365b/execute/async - {"script":"<script> [6424 bytes]","args":[{"element-6066-11e4-a52e-4f735466cecf":"f.D3B1ECBEC1A28350B2DBBAF8644638A8.d.30F03DA88587706C853320E8F24DAE4E.e.754"},"getValue",[]]}
RESULT: {"script":"<script> [6424 bytes]","args":[{"element-6066-11e4-a52e-4f735466cecf":"f.D3B1ECBEC1A28350B2DBBAF8644638A8.d.30F03DA88587706C853320E8F24DAE4E.e.754"},"getValue",[]]}
]]></system-out>
    </testcase>
    <testcase classname="chrome.135_0_7049_96.windows.Manage_RU:_Interfaces_Data_Check_for_UI_fields_US132253" name="Should see correct data from the Cost Object interface" time="14.571">
      <system-out><![CDATA[
COMMAND: POST /session/2cd4bc643d9d9d4891ba381e1884365b/execute/async - {"script":"<script> [1562 bytes]","args":[{"selector":{"id":"application-manageresources-display-component---newResourceUnit--newRRUPage-anchBar-application-manageresources-display-component---newResourceUnit--control-anchor","interaction":{"idSuffix":"BDI-content"}},"wdio_ui5_key":"applicationmanageresources-display-component---newResourceUnit--newRRUPage-anchBar-application-manageresources-display-component---newResourceUnit--control-anchor"}]}
RESULT: {"script":"<script> [1562 bytes]","args":[{"selector":{"id":"application-manageresources-display-component---newResourceUnit--newRRUPage-anchBar-application-manageresources-display-component---newResourceUnit--control-anchor","interaction":{"idSuffix":"BDI-content"}},"wdio_ui5_key":"applicationmanageresources-display-component---newResourceUnit--newRRUPage-anchBar-application-manageresources-display-component---newResourceUnit--control-anchor"}]}
RESULT: undefined
COMMAND: POST /session/2cd4bc643d9d9d4891ba381e1884365b/element - {"using":"xpath","value":"//*[@id=\"application-manageresources-display-component---newResourceUnit--newRRUPage-anchBar-application-manageresources-display-component---newResourceUnit--control-anchor\"]"}
RESULT: {"using":"xpath","value":"//*[@id=\"application-manageresources-display-component---newResourceUnit--newRRUPage-anchBar-application-manageresources-display-component---newResourceUnit--control-anchor\"]"}
COMMAND: POST /session/2cd4bc643d9d9d4891ba381e1884365b/element/f.D3B1ECBEC1A28350B2DBBAF8644638A8.d.30F03DA88587706C853320E8F24DAE4E.e.757/click - {}
RESULT: {}
COMMAND: POST /session/2cd4bc643d9d9d4891ba381e1884365b/execute/async - {"script":"<script> [1562 bytes]","args":[{"selector":{"id":"application-manageresources-display-component---newResourceUnit--DECOMMISSIONING","interaction":{"idSuffix":"inner"}},"wdio_ui5_key":"applicationmanageresources-display-component---newResourceUnit--DECOMMISSIONING"}]}
COMMAND: GET /session/2cd4bc643d9d9d4891ba381e1884365b/screenshot - {}
RESULT: {"script":"<script> [1562 bytes]","args":[{"selector":{"id":"application-manageresources-display-component---newResourceUnit--DECOMMISSIONING","interaction":{"idSuffix":"inner"}},"wdio_ui5_key":"applicationmanageresources-display-component---newResourceUnit--DECOMMISSIONING"}]}
RESULT: undefined
COMMAND: POST /session/2cd4bc643d9d9d4891ba381e1884365b/execute/async - {"script":"<script> [776 bytes]","args":[{"enterText":0,"selector":{"id":"application-manageresources-display-component---newResourceUnit--DECOMMISSIONING","interaction":{"idSuffix":"inner"}},"clearTextFirst":true,"interactionType":"ENTER_TEXT"}]}
RESULT: {}
RESULT: {"script":"<script> [776 bytes]","args":[{"enterText":0,"selector":{"id":"application-manageresources-display-component---newResourceUnit--DECOMMISSIONING","interaction":{"idSuffix":"inner"}},"clearTextFirst":true,"interactionType":"ENTER_TEXT"}]}
COMMAND: POST /session/2cd4bc643d9d9d4891ba381e1884365b/execute/async - {"script":"<script> [1562 bytes]","args":[{"selector":{"id":"application-manageresources-display-component---newResourceUnit--btnAddTimeSegment-img"},"wdio_ui5_key":"applicationmanageresources-display-component---newResourceUnit--btnAddTimeSegment-img"}]}
RESULT: {"script":"<script> [1562 bytes]","args":[{"selector":{"id":"application-manageresources-display-component---newResourceUnit--btnAddTimeSegment-img"},"wdio_ui5_key":"applicationmanageresources-display-component---newResourceUnit--btnAddTimeSegment-img"}]}
RESULT: undefined
COMMAND: POST /session/2cd4bc643d9d9d4891ba381e1884365b/element - {"using":"xpath","value":"//*[@id=\"application-manageresources-display-component---newResourceUnit--btnAddTimeSegment-img\"]"}
COMMAND: POST /session/2cd4bc643d9d9d4891ba381e1884365b/execute/async - {"script":"<script> [6424 bytes]","args":[{"element-6066-11e4-a52e-4f735466cecf":"f.D3B1ECBEC1A28350B2DBBAF8644638A8.d.30F03DA88587706C853320E8F24DAE4E.e.762"},"getVisible",[]]}
RESULT: {"script":"<script> [6424 bytes]","args":[{"element-6066-11e4-a52e-4f735466cecf":"f.D3B1ECBEC1A28350B2DBBAF8644638A8.d.30F03DA88587706C853320E8F24DAE4E.e.762"},"getVisible",[]]}
RESULT: {"using":"xpath","value":"//*[@id=\"application-manageresources-display-component---newResourceUnit--btnAddTimeSegment-img\"]"}
COMMAND: POST /session/2cd4bc643d9d9d4891ba381e1884365b/element/f.D3B1ECBEC1A28350B2DBBAF8644638A8.d.30F03DA88587706C853320E8F24DAE4E.e.762/click - {}
RESULT: {}
COMMAND: POST /session/2cd4bc643d9d9d4891ba381e1884365b/actions - {"actions":[{"id":"action3","type":"key","parameters":{},"actions":[{"type":"keyDown","value":"î€•"},{"type":"keyDown","value":"î€•"},{"type":"pause","duration":10},{"type":"keyUp","value":"î€•"},{"type":"keyUp","value":"î€•"}]}]}
COMMAND: GET /session/2cd4bc643d9d9d4891ba381e1884365b/screenshot - {}
RESULT: {"actions":[{"id":"action3","type":"key","parameters":{},"actions":[{"type":"keyDown","value":"î€•"},{"type":"keyDown","value":"î€•"},{"type":"pause","duration":10},{"type":"keyUp","value":"î€•"},{"type":"keyUp","value":"î€•"}]}]}
COMMAND: GET /session/2cd4bc643d9d9d4891ba381e1884365b/screenshot - {}
RESULT: {}
RESULT: {}
COMMAND: POST /session/2cd4bc643d9d9d4891ba381e1884365b/execute/async - {"script":"<script> [1562 bytes]","args":[{"selector":{"controlType":"sap.ui.core.Icon","viewName":"reusables.view.manageresources.NewResourceUnit","viewId":"application-manageresources-display-component---newResourceUnit","properties":{"src":{"regex":{"source":"slim\\-arrow\\-down"}}},"ancestor":{"controlType":"sap.m.ComboBox","viewName":"reusables.view.manageresources.NewResourceUnit","viewId":"application-manageresources-display-component---newResourceUnit","bindingPath":{"path":"/RESOURCE_UNIT_TIME_SEQUENCES/0","propertyPath":"COST_OBJECT_OWNER_CST_TYPE","modelName":"oNewRruModel"}}},"wdio_ui5_key":"reusablesview.manageresources.NewResourceUnitsap.ui.core.Icon{\"src\":{\"regex\":{\"source\":\"slim\\\\-arrow\\\\-down\"}}}{\"controlType\":\"sap.m.ComboBox\",\"viewName\":\"reusables.view.manageresources.NewResourceUnit\",\"viewId\":\"application-manageresources-display-component---newResourceUnit\",\"bindingPath\":{\"path\":\"/RESOURCE_UNIT_TIME_SEQUENCES/0\",\"propertyPath\":\"COST_OBJECT_OWNER_CST_TYPE\",\"modelName\":\"oNewRruModel\"}}"}]}
RESULT: {"script":"<script> [1562 bytes]","args":[{"selector":{"controlType":"sap.ui.core.Icon","viewName":"reusables.view.manageresources.NewResourceUnit","viewId":"application-manageresources-display-component---newResourceUnit","properties":{"src":{"regex":{"source":"slim\\-arrow\\-down"}}},"ancestor":{"controlType":"sap.m.ComboBox","viewName":"reusables.view.manageresources.NewResourceUnit","viewId":"application-manageresources-display-component---newResourceUnit","bindingPath":{"path":"/RESOURCE_UNIT_TIME_SEQUENCES/0","propertyPath":"COST_OBJECT_OWNER_CST_TYPE","modelName":"oNewRruModel"}}},"wdio_ui5_key":"reusablesview.manageresources.NewResourceUnitsap.ui.core.Icon{\"src\":{\"regex\":{\"source\":\"slim\\\\-arrow\\\\-down\"}}}{\"controlType\":\"sap.m.ComboBox\",\"viewName\":\"reusables.view.manageresources.NewResourceUnit\",\"viewId\":\"application-manageresources-display-component---newResourceUnit\",\"bindingPath\":{\"path\":\"/RESOURCE_UNIT_TIME_SEQUENCES/0\",\"propertyPath\":\"COST_OBJECT_OWNER_CST_TYPE\",\"modelName\":\"oNewRruModel\"}}"}]}
RESULT: undefined
COMMAND: POST /session/2cd4bc643d9d9d4891ba381e1884365b/element - {"using":"xpath","value":"//*[@id=\"__box4-application-manageresources-display-component---newResourceUnit--RUTimeSegment-0-arrow\"]"}
RESULT: {"using":"xpath","value":"//*[@id=\"__box4-application-manageresources-display-component---newResourceUnit--RUTimeSegment-0-arrow\"]"}
COMMAND: POST /session/2cd4bc643d9d9d4891ba381e1884365b/element/f.D3B1ECBEC1A28350B2DBBAF8644638A8.d.30F03DA88587706C853320E8F24DAE4E.e.779/click - {}
RESULT: {}
COMMAND: POST /session/2cd4bc643d9d9d4891ba381e1884365b/element - {"using":"xpath","value":"//span[@aria-live=\"polite\" and text()=\"Cost Center\"]"}
COMMAND: GET /session/2cd4bc643d9d9d4891ba381e1884365b/screenshot - {}
RESULT: {"using":"xpath","value":"//span[@aria-live=\"polite\" and text()=\"Cost Center\"]"}
COMMAND: POST /session/2cd4bc643d9d9d4891ba381e1884365b/execute/sync - {"script":"<script> [8489 bytes]","args":[{"element-6066-11e4-a52e-4f735466cecf":"f.D3B1ECBEC1A28350B2DBBAF8644638A8.d.30F03DA88587706C853320E8F24DAE4E.e.780","ELEMENT":"f.D3B1ECBEC1A28350B2DBBAF8644638A8.d.30F03DA88587706C853320E8F24DAE4E.e.780"}]}
RESULT: {}
RESULT: {"script":"<script> [8489 bytes]","args":[{"element-6066-11e4-a52e-4f735466cecf":"f.D3B1ECBEC1A28350B2DBBAF8644638A8.d.30F03DA88587706C853320E8F24DAE4E.e.780","ELEMENT":"f.D3B1ECBEC1A28350B2DBBAF8644638A8.d.30F03DA88587706C853320E8F24DAE4E.e.780"}]}
COMMAND: POST /session/2cd4bc643d9d9d4891ba381e1884365b/element - {"using":"xpath","value":"//span[@aria-live=\"polite\" and text()=\"Internal Order\"]"}
COMMAND: GET /session/2cd4bc643d9d9d4891ba381e1884365b/screenshot - {}
RESULT: {"using":"xpath","value":"//span[@aria-live=\"polite\" and text()=\"Internal Order\"]"}
COMMAND: POST /session/2cd4bc643d9d9d4891ba381e1884365b/execute/sync - {"script":"<script> [8489 bytes]","args":[{"element-6066-11e4-a52e-4f735466cecf":"f.D3B1ECBEC1A28350B2DBBAF8644638A8.d.30F03DA88587706C853320E8F24DAE4E.e.781","ELEMENT":"f.D3B1ECBEC1A28350B2DBBAF8644638A8.d.30F03DA88587706C853320E8F24DAE4E.e.781"}]}
RESULT: {}
RESULT: {"script":"<script> [8489 bytes]","args":[{"element-6066-11e4-a52e-4f735466cecf":"f.D3B1ECBEC1A28350B2DBBAF8644638A8.d.30F03DA88587706C853320E8F24DAE4E.e.781","ELEMENT":"f.D3B1ECBEC1A28350B2DBBAF8644638A8.d.30F03DA88587706C853320E8F24DAE4E.e.781"}]}
COMMAND: POST /session/2cd4bc643d9d9d4891ba381e1884365b/element - {"using":"xpath","value":"//span[@aria-live=\"polite\" and text()=\"PM Order\"]"}
COMMAND: GET /session/2cd4bc643d9d9d4891ba381e1884365b/screenshot - {}
RESULT: {"using":"xpath","value":"//span[@aria-live=\"polite\" and text()=\"PM Order\"]"}
COMMAND: POST /session/2cd4bc643d9d9d4891ba381e1884365b/execute/sync - {"script":"<script> [8489 bytes]","args":[{"element-6066-11e4-a52e-4f735466cecf":"f.D3B1ECBEC1A28350B2DBBAF8644638A8.d.30F03DA88587706C853320E8F24DAE4E.e.782","ELEMENT":"f.D3B1ECBEC1A28350B2DBBAF8644638A8.d.30F03DA88587706C853320E8F24DAE4E.e.782"}]}
RESULT: {}
RESULT: {"script":"<script> [8489 bytes]","args":[{"element-6066-11e4-a52e-4f735466cecf":"f.D3B1ECBEC1A28350B2DBBAF8644638A8.d.30F03DA88587706C853320E8F24DAE4E.e.782","ELEMENT":"f.D3B1ECBEC1A28350B2DBBAF8644638A8.d.30F03DA88587706C853320E8F24DAE4E.e.782"}]}
COMMAND: POST /session/2cd4bc643d9d9d4891ba381e1884365b/element - {"using":"xpath","value":"//span[@aria-live=\"polite\" and text()=\"Work Breakdown Structure\"]"}
COMMAND: GET /session/2cd4bc643d9d9d4891ba381e1884365b/screenshot - {}
RESULT: {"using":"xpath","value":"//span[@aria-live=\"polite\" and text()=\"Work Breakdown Structure\"]"}
COMMAND: POST /session/2cd4bc643d9d9d4891ba381e1884365b/execute/sync - {"script":"<script> [8489 bytes]","args":[{"element-6066-11e4-a52e-4f735466cecf":"f.D3B1ECBEC1A28350B2DBBAF8644638A8.d.30F03DA88587706C853320E8F24DAE4E.e.783","ELEMENT":"f.D3B1ECBEC1A28350B2DBBAF8644638A8.d.30F03DA88587706C853320E8F24DAE4E.e.783"}]}
RESULT: {}
RESULT: {"script":"<script> [8489 bytes]","args":[{"element-6066-11e4-a52e-4f735466cecf":"f.D3B1ECBEC1A28350B2DBBAF8644638A8.d.30F03DA88587706C853320E8F24DAE4E.e.783","ELEMENT":"f.D3B1ECBEC1A28350B2DBBAF8644638A8.d.30F03DA88587706C853320E8F24DAE4E.e.783"}]}
]]></system-out>
    </testcase>
    <testcase classname="chrome.135_0_7049_96.windows.Manage_RU:_Interfaces_Data_Check_for_UI_fields_US132253" name="Should see data from Material interface for Material Value Help Field" time="43.798">
      <system-out><![CDATA[
COMMAND: POST /session/2cd4bc643d9d9d4891ba381e1884365b/execute/async - {"script":"<script> [1562 bytes]","args":[{"selector":{"id":"application-manageresources-display-component---newResourceUnit--closeButton","interaction":{"idSuffix":"BDI-content"}},"wdio_ui5_key":"applicationmanageresources-display-component---newResourceUnit--closeButton"}]}
COMMAND: GET /session/2cd4bc643d9d9d4891ba381e1884365b/screenshot - {}
RESULT: {"script":"<script> [1562 bytes]","args":[{"selector":{"id":"application-manageresources-display-component---newResourceUnit--closeButton","interaction":{"idSuffix":"BDI-content"}},"wdio_ui5_key":"applicationmanageresources-display-component---newResourceUnit--closeButton"}]}
RESULT: undefined
COMMAND: POST /session/2cd4bc643d9d9d4891ba381e1884365b/element - {"using":"xpath","value":"//*[@id=\"application-manageresources-display-component---newResourceUnit--closeButton\"]"}
RESULT: {}
RESULT: {"using":"xpath","value":"//*[@id=\"application-manageresources-display-component---newResourceUnit--closeButton\"]"}
COMMAND: POST /session/2cd4bc643d9d9d4891ba381e1884365b/element/f.D3B1ECBEC1A28350B2DBBAF8644638A8.d.30F03DA88587706C853320E8F24DAE4E.e.611/click - {}
RESULT: {}
COMMAND: GET /session/2cd4bc643d9d9d4891ba381e1884365b/screenshot - {}
RESULT: {}
RESULT: undefined
COMMAND: POST /session/2cd4bc643d9d9d4891ba381e1884365b/element - {"using":"xpath","value":"//*[@id=\"__button5-img\"]"}
RESULT: {"using":"xpath","value":"//*[@id=\"__button5-img\"]"}
COMMAND: POST /session/2cd4bc643d9d9d4891ba381e1884365b/element/f.D3B1ECBEC1A28350B2DBBAF8644638A8.d.30F03DA88587706C853320E8F24DAE4E.e.285/click - {}
RESULT: {}
COMMAND: GET /session/2cd4bc643d9d9d4891ba381e1884365b/screenshot - {}
RESULT: undefined
COMMAND: POST /session/2cd4bc643d9d9d4891ba381e1884365b/execute/async - {"script":"<script> [776 bytes]","args":[{"enterText":"Material","selector":{"id":"application-manageresources-display-component---newResourceUnit--TYPE","interaction":{"idSuffix":"inner"}},"clearTextFirst":true,"interactionType":"ENTER_TEXT"}]}
RESULT: {}
RESULT: {"script":"<script> [776 bytes]","args":[{"enterText":"Material","selector":{"id":"application-manageresources-display-component---newResourceUnit--TYPE","interaction":{"idSuffix":"inner"}},"clearTextFirst":true,"interactionType":"ENTER_TEXT"}]}
COMMAND: POST /session/2cd4bc643d9d9d4891ba381e1884365b/actions - {"actions":[{"id":"action4","type":"key","parameters":{},"actions":[{"type":"keyDown","value":"î€‡"},{"type":"pause","duration":10},{"type":"keyUp","value":"î€‡"}]}]}
RESULT: {"actions":[{"id":"action4","type":"key","parameters":{},"actions":[{"type":"keyDown","value":"î€‡"},{"type":"pause","duration":10},{"type":"keyUp","value":"î€‡"}]}]}
COMMAND: GET /session/2cd4bc643d9d9d4891ba381e1884365b/screenshot - {}
RESULT: {}
COMMAND: POST /session/2cd4bc643d9d9d4891ba381e1884365b/execute/async - {"script":"<script> [1562 bytes]","args":[{"selector":{"id":"application-manageresources-display-component---newResourceUnit--MATERIAL_NO","interaction":{"idSuffix":"inner"}},"wdio_ui5_key":"applicationmanageresources-display-component---newResourceUnit--MATERIAL_NO"}]}
RESULT: {"script":"<script> [1562 bytes]","args":[{"selector":{"id":"application-manageresources-display-component---newResourceUnit--MATERIAL_NO","interaction":{"idSuffix":"inner"}},"wdio_ui5_key":"applicationmanageresources-display-component---newResourceUnit--MATERIAL_NO"}]}
RESULT: undefined
COMMAND: POST /session/2cd4bc643d9d9d4891ba381e1884365b/execute/async - {"script":"<script> [776 bytes]","args":[{"enterText":"","selector":{"id":"application-manageresources-display-component---newResourceUnit--MATERIAL_NO","interaction":{"idSuffix":"inner"}},"clearTextFirst":true,"interactionType":"ENTER_TEXT"}]}
RESULT: {"script":"<script> [776 bytes]","args":[{"enterText":"","selector":{"id":"application-manageresources-display-component---newResourceUnit--MATERIAL_NO","interaction":{"idSuffix":"inner"}},"clearTextFirst":true,"interactionType":"ENTER_TEXT"}]}
COMMAND: POST /session/2cd4bc643d9d9d4891ba381e1884365b/execute/async - {"script":"<script> [1562 bytes]","args":[{"selector":{"id":"application-manageresources-display-component---newResourceUnit--MATERIAL_NO-vhi"},"wdio_ui5_key":"applicationmanageresources-display-component---newResourceUnit--MATERIAL_NO-vhi"}]}
RESULT: {"script":"<script> [1562 bytes]","args":[{"selector":{"id":"application-manageresources-display-component---newResourceUnit--MATERIAL_NO-vhi"},"wdio_ui5_key":"applicationmanageresources-display-component---newResourceUnit--MATERIAL_NO-vhi"}]}
RESULT: undefined
COMMAND: POST /session/2cd4bc643d9d9d4891ba381e1884365b/element - {"using":"xpath","value":"//*[@id=\"application-manageresources-display-component---newResourceUnit--MATERIAL_NO-vhi\"]"}
RESULT: {"using":"xpath","value":"//*[@id=\"application-manageresources-display-component---newResourceUnit--MATERIAL_NO-vhi\"]"}
COMMAND: POST /session/2cd4bc643d9d9d4891ba381e1884365b/element/f.D3B1ECBEC1A28350B2DBBAF8644638A8.d.30F03DA88587706C853320E8F24DAE4E.e.1063/click - {}
RESULT: {}
COMMAND: POST /session/2cd4bc643d9d9d4891ba381e1884365b/execute/async - {"script":"<script> [1562 bytes]","args":[{"selector":{"controlType":"sap.m.SearchField","properties":{"placeholder":"Search"},"searchOpenDialogs":true,"interaction":{"idSuffix":"I"}},"wdio_ui5_key":"sapm.SearchField{\"placeholder\":\"Search\"}"}]}
COMMAND: GET /session/2cd4bc643d9d9d4891ba381e1884365b/screenshot - {}
RESULT: {"script":"<script> [1562 bytes]","args":[{"selector":{"controlType":"sap.m.SearchField","properties":{"placeholder":"Search"},"searchOpenDialogs":true,"interaction":{"idSuffix":"I"}},"wdio_ui5_key":"sapm.SearchField{\"placeholder\":\"Search\"}"}]}
RESULT: undefined
COMMAND: POST /session/2cd4bc643d9d9d4891ba381e1884365b/execute/async - {"script":"<script> [776 bytes]","args":[{"enterText":"SAP ME TEST","selector":{"controlType":"sap.m.SearchField","properties":{"placeholder":"Search"},"searchOpenDialogs":true,"interaction":{"idSuffix":"I"}},"clearTextFirst":true,"interactionType":"ENTER_TEXT"}]}
RESULT: {}
RESULT: {"script":"<script> [776 bytes]","args":[{"enterText":"SAP ME TEST","selector":{"controlType":"sap.m.SearchField","properties":{"placeholder":"Search"},"searchOpenDialogs":true,"interaction":{"idSuffix":"I"}},"clearTextFirst":true,"interactionType":"ENTER_TEXT"}]}
COMMAND: POST /session/2cd4bc643d9d9d4891ba381e1884365b/actions - {"actions":[{"id":"action5","type":"key","parameters":{},"actions":[{"type":"keyDown","value":"î€‡"},{"type":"pause","duration":10},{"type":"keyUp","value":"î€‡"}]}]}
RESULT: {"actions":[{"id":"action5","type":"key","parameters":{},"actions":[{"type":"keyDown","value":"î€‡"},{"type":"pause","duration":10},{"type":"keyUp","value":"î€‡"}]}]}
COMMAND: GET /session/2cd4bc643d9d9d4891ba381e1884365b/screenshot - {}
RESULT: {}
COMMAND: POST /session/2cd4bc643d9d9d4891ba381e1884365b/element - {"using":"xpath","value":"//span[text()=\"41\"]"}
RESULT: {"using":"xpath","value":"//span[text()=\"41\"]"}
COMMAND: POST /session/2cd4bc643d9d9d4891ba381e1884365b/elements - {"using":"xpath","value":"//span[text()=\"41\"]"}
RESULT: {"using":"xpath","value":"//span[text()=\"41\"]"}
COMMAND: POST /session/2cd4bc643d9d9d4891ba381e1884365b/execute/sync - {"script":"<script> [8489 bytes]","args":[{"element-6066-11e4-a52e-4f735466cecf":"f.D3B1ECBEC1A28350B2DBBAF8644638A8.d.30F03DA88587706C853320E8F24DAE4E.e.1082","ELEMENT":"f.D3B1ECBEC1A28350B2DBBAF8644638A8.d.30F03DA88587706C853320E8F24DAE4E.e.1082"}]}
RESULT: {"script":"<script> [8489 bytes]","args":[{"element-6066-11e4-a52e-4f735466cecf":"f.D3B1ECBEC1A28350B2DBBAF8644638A8.d.30F03DA88587706C853320E8F24DAE4E.e.1082","ELEMENT":"f.D3B1ECBEC1A28350B2DBBAF8644638A8.d.30F03DA88587706C853320E8F24DAE4E.e.1082"}]}
COMMAND: GET /session/2cd4bc643d9d9d4891ba381e1884365b/element/f.D3B1ECBEC1A28350B2DBBAF8644638A8.d.30F03DA88587706C853320E8F24DAE4E.e.1082/enabled - {}
COMMAND: GET /session/2cd4bc643d9d9d4891ba381e1884365b/screenshot - {}
RESULT: {}
COMMAND: POST /session/2cd4bc643d9d9d4891ba381e1884365b/execute/sync - {"script":"<script> [8489 bytes]","args":[{"element-6066-11e4-a52e-4f735466cecf":"f.D3B1ECBEC1A28350B2DBBAF8644638A8.d.30F03DA88587706C853320E8F24DAE4E.e.1082","ELEMENT":"f.D3B1ECBEC1A28350B2DBBAF8644638A8.d.30F03DA88587706C853320E8F24DAE4E.e.1082"}]}
COMMAND: GET /session/2cd4bc643d9d9d4891ba381e1884365b/screenshot - {}
RESULT: {}
RESULT: {"script":"<script> [8489 bytes]","args":[{"element-6066-11e4-a52e-4f735466cecf":"f.D3B1ECBEC1A28350B2DBBAF8644638A8.d.30F03DA88587706C853320E8F24DAE4E.e.1082","ELEMENT":"f.D3B1ECBEC1A28350B2DBBAF8644638A8.d.30F03DA88587706C853320E8F24DAE4E.e.1082"}]}
COMMAND: POST /session/2cd4bc643d9d9d4891ba381e1884365b/execute/sync - {"script":"<script> [5351 bytes]","args":[{"element-6066-11e4-a52e-4f735466cecf":"f.D3B1ECBEC1A28350B2DBBAF8644638A8.d.30F03DA88587706C853320E8F24DAE4E.e.1082","ELEMENT":"f.D3B1ECBEC1A28350B2DBBAF8644638A8.d.30F03DA88587706C853320E8F24DAE4E.e.1082"}]}
COMMAND: GET /session/2cd4bc643d9d9d4891ba381e1884365b/screenshot - {}
RESULT: {}
RESULT: {"script":"<script> [5351 bytes]","args":[{"element-6066-11e4-a52e-4f735466cecf":"f.D3B1ECBEC1A28350B2DBBAF8644638A8.d.30F03DA88587706C853320E8F24DAE4E.e.1082","ELEMENT":"f.D3B1ECBEC1A28350B2DBBAF8644638A8.d.30F03DA88587706C853320E8F24DAE4E.e.1082"}]}
COMMAND: POST /session/2cd4bc643d9d9d4891ba381e1884365b/element/f.D3B1ECBEC1A28350B2DBBAF8644638A8.d.30F03DA88587706C853320E8F24DAE4E.e.1082/click - {}
COMMAND: GET /session/2cd4bc643d9d9d4891ba381e1884365b/screenshot - {}
RESULT: {}
RESULT: {}
COMMAND: POST /session/2cd4bc643d9d9d4891ba381e1884365b/execute/async - {"script":"<script> [1562 bytes]","args":[{"selector":{"controlType":"sap.m.Token","properties":{"key":"MaterialValueHelpSet('41')"},"searchOpenDialogs":true},"wdio_ui5_key":"sapm.Token{\"key\":\"MaterialValueHelpSet('41')\"}"}]}
COMMAND: GET /session/2cd4bc643d9d9d4891ba381e1884365b/screenshot - {}
RESULT: {}
RESULT: {"script":"<script> [1562 bytes]","args":[{"selector":{"controlType":"sap.m.Token","properties":{"key":"MaterialValueHelpSet('41')"},"searchOpenDialogs":true},"wdio_ui5_key":"sapm.Token{\"key\":\"MaterialValueHelpSet('41')\"}"}]}
RESULT: undefined
COMMAND: POST /session/2cd4bc643d9d9d4891ba381e1884365b/execute/async - {"script":"<script> [6424 bytes]","args":[{"element-6066-11e4-a52e-4f735466cecf":"f.D3B1ECBEC1A28350B2DBBAF8644638A8.d.30F03DA88587706C853320E8F24DAE4E.e.1084"},"getText",[]]}
RESULT: {}
RESULT: {"script":"<script> [6424 bytes]","args":[{"element-6066-11e4-a52e-4f735466cecf":"f.D3B1ECBEC1A28350B2DBBAF8644638A8.d.30F03DA88587706C853320E8F24DAE4E.e.1084"},"getText",[]]}
COMMAND: POST /session/2cd4bc643d9d9d4891ba381e1884365b/execute/async - {"script":"<script> [1562 bytes]","args":[{"selector":{"controlType":"sap.m.Button","id":"__button41","properties":{"text":"OK"},"searchOpenDialogs":true,"interaction":{"idSuffix":"BDI-content"}},"wdio_ui5_key":"button41sap.m.Button{\"text\":\"OK\"}"}]}
RESULT: {"script":"<script> [1562 bytes]","args":[{"selector":{"controlType":"sap.m.Button","id":"__button41","properties":{"text":"OK"},"searchOpenDialogs":true,"interaction":{"idSuffix":"BDI-content"}},"wdio_ui5_key":"button41sap.m.Button{\"text\":\"OK\"}"}]}
RESULT: undefined
COMMAND: POST /session/2cd4bc643d9d9d4891ba381e1884365b/element - {"using":"xpath","value":"//*[contains(text(), \"OK\")]"}
RESULT: {"using":"xpath","value":"//*[contains(text(), \"OK\")]"}
COMMAND: POST /session/2cd4bc643d9d9d4891ba381e1884365b/execute/sync - {"script":"<script> [8489 bytes]","args":[{"element-6066-11e4-a52e-4f735466cecf":"f.D3B1ECBEC1A28350B2DBBAF8644638A8.d.30F03DA88587706C853320E8F24DAE4E.e.1085","ELEMENT":"f.D3B1ECBEC1A28350B2DBBAF8644638A8.d.30F03DA88587706C853320E8F24DAE4E.e.1085"}]}
RESULT: {"script":"<script> [8489 bytes]","args":[{"element-6066-11e4-a52e-4f735466cecf":"f.D3B1ECBEC1A28350B2DBBAF8644638A8.d.30F03DA88587706C853320E8F24DAE4E.e.1085","ELEMENT":"f.D3B1ECBEC1A28350B2DBBAF8644638A8.d.30F03DA88587706C853320E8F24DAE4E.e.1085"}]}
COMMAND: POST /session/2cd4bc643d9d9d4891ba381e1884365b/execute/sync - {"script":"<script> [5351 bytes]","args":[{"element-6066-11e4-a52e-4f735466cecf":"f.D3B1ECBEC1A28350B2DBBAF8644638A8.d.30F03DA88587706C853320E8F24DAE4E.e.1085","ELEMENT":"f.D3B1ECBEC1A28350B2DBBAF8644638A8.d.30F03DA88587706C853320E8F24DAE4E.e.1085"}]}
COMMAND: GET /session/2cd4bc643d9d9d4891ba381e1884365b/screenshot - {}
RESULT: {"script":"<script> [5351 bytes]","args":[{"element-6066-11e4-a52e-4f735466cecf":"f.D3B1ECBEC1A28350B2DBBAF8644638A8.d.30F03DA88587706C853320E8F24DAE4E.e.1085","ELEMENT":"f.D3B1ECBEC1A28350B2DBBAF8644638A8.d.30F03DA88587706C853320E8F24DAE4E.e.1085"}]}
COMMAND: POST /session/2cd4bc643d9d9d4891ba381e1884365b/element/f.D3B1ECBEC1A28350B2DBBAF8644638A8.d.30F03DA88587706C853320E8F24DAE4E.e.1085/click - {}
COMMAND: GET /session/2cd4bc643d9d9d4891ba381e1884365b/screenshot - {}
RESULT: {}
RESULT: {}
COMMAND: GET /session/2cd4bc643d9d9d4891ba381e1884365b/screenshot - {}
RESULT: {}
RESULT: {}
COMMAND: POST /session/2cd4bc643d9d9d4891ba381e1884365b/element - {"using":"css selector","value":"#j_username"}
COMMAND: POST /session/2cd4bc643d9d9d4891ba381e1884365b/url - {"url":"https://qa-testing-00-live-etm-ui.cfapps.eu10-004.hana.ondemand.com/"}
RESULT: {"using":"css selector","value":"#j_username"}
COMMAND: POST /session/2cd4bc643d9d9d4891ba381e1884365b/element - {"using":"css selector","value":"#j_username"}
RESULT: {"url":"https://qa-testing-00-live-etm-ui.cfapps.eu10-004.hana.ondemand.com/"}
RESULT: undefined
COMMAND: GET /session/2cd4bc643d9d9d4891ba381e1884365b/screenshot - {}
RESULT: {"using":"css selector","value":"#j_username"}
COMMAND: POST /session/2cd4bc643d9d9d4891ba381e1884365b/element - {"using":"css selector","value":"#shell-header-logo"}
RESULT: {}
RESULT: {"using":"css selector","value":"#shell-header-logo"}
COMMAND: POST /session/2cd4bc643d9d9d4891ba381e1884365b/execute/sync - {"script":"<script> [8489 bytes]","args":[{"element-6066-11e4-a52e-4f735466cecf":"f.D3B1ECBEC1A28350B2DBBAF8644638A8.d.B757533BE832C5F3535D6F2285DEAB05.e.1106","ELEMENT":"f.D3B1ECBEC1A28350B2DBBAF8644638A8.d.B757533BE832C5F3535D6F2285DEAB05.e.1106"}]}
RESULT: {"script":"<script> [8489 bytes]","args":[{"element-6066-11e4-a52e-4f735466cecf":"f.D3B1ECBEC1A28350B2DBBAF8644638A8.d.B757533BE832C5F3535D6F2285DEAB05.e.1106","ELEMENT":"f.D3B1ECBEC1A28350B2DBBAF8644638A8.d.B757533BE832C5F3535D6F2285DEAB05.e.1106"}]}
COMMAND: POST /session/2cd4bc643d9d9d4891ba381e1884365b/element - {"using":"css selector","value":"#shell-header-logo"}
COMMAND: GET /session/2cd4bc643d9d9d4891ba381e1884365b/screenshot - {}
RESULT: {"using":"css selector","value":"#shell-header-logo"}
COMMAND: POST /session/2cd4bc643d9d9d4891ba381e1884365b/execute/sync - {"script":"<script> [8489 bytes]","args":[{"element-6066-11e4-a52e-4f735466cecf":"f.D3B1ECBEC1A28350B2DBBAF8644638A8.d.B757533BE832C5F3535D6F2285DEAB05.e.1106","ELEMENT":"f.D3B1ECBEC1A28350B2DBBAF8644638A8.d.B757533BE832C5F3535D6F2285DEAB05.e.1106"}]}
RESULT: {}
RESULT: {"script":"<script> [8489 bytes]","args":[{"element-6066-11e4-a52e-4f735466cecf":"f.D3B1ECBEC1A28350B2DBBAF8644638A8.d.B757533BE832C5F3535D6F2285DEAB05.e.1106","ELEMENT":"f.D3B1ECBEC1A28350B2DBBAF8644638A8.d.B757533BE832C5F3535D6F2285DEAB05.e.1106"}]}
COMMAND: POST /session/2cd4bc643d9d9d4891ba381e1884365b/execute/sync - {"script":"<script> [5351 bytes]","args":[{"element-6066-11e4-a52e-4f735466cecf":"f.D3B1ECBEC1A28350B2DBBAF8644638A8.d.B757533BE832C5F3535D6F2285DEAB05.e.1106","ELEMENT":"f.D3B1ECBEC1A28350B2DBBAF8644638A8.d.B757533BE832C5F3535D6F2285DEAB05.e.1106"}]}
COMMAND: GET /session/2cd4bc643d9d9d4891ba381e1884365b/screenshot - {}
RESULT: {"script":"<script> [5351 bytes]","args":[{"element-6066-11e4-a52e-4f735466cecf":"f.D3B1ECBEC1A28350B2DBBAF8644638A8.d.B757533BE832C5F3535D6F2285DEAB05.e.1106","ELEMENT":"f.D3B1ECBEC1A28350B2DBBAF8644638A8.d.B757533BE832C5F3535D6F2285DEAB05.e.1106"}]}
COMMAND: POST /session/2cd4bc643d9d9d4891ba381e1884365b/element - {"using":"css selector","value":"#shell-header-logo"}
COMMAND: GET /session/2cd4bc643d9d9d4891ba381e1884365b/screenshot - {}
RESULT: {}
RESULT: {"using":"css selector","value":"#shell-header-logo"}
COMMAND: POST /session/2cd4bc643d9d9d4891ba381e1884365b/element/f.D3B1ECBEC1A28350B2DBBAF8644638A8.d.B757533BE832C5F3535D6F2285DEAB05.e.1106/click - {}
RESULT: {}
RESULT: {}
COMMAND: GET /session/2cd4bc643d9d9d4891ba381e1884365b/screenshot - {}
RESULT: {}
COMMAND: POST /session/2cd4bc643d9d9d4891ba381e1884365b/execute/async - {"script":"<script> [189 bytes]","args":[]}
RESULT: {"script":"<script> [189 bytes]","args":[]}
COMMAND: POST /session/2cd4bc643d9d9d4891ba381e1884365b/execute/async - {"script":"<script> [123 bytes]","args":[]}
RESULT: {"script":"<script> [123 bytes]","args":[]}
COMMAND: POST /session/2cd4bc643d9d9d4891ba381e1884365b/timeouts - {"script":"<number>"}
RESULT: {"script":"<number>"}
COMMAND: GET /session/2cd4bc643d9d9d4891ba381e1884365b/timeouts - {}
RESULT: {}
RESULT: undefined
COMMAND: POST /session/2cd4bc643d9d9d4891ba381e1884365b/execute/async - {"script":"<script> [2676 bytes]","args":[]}
RESULT: {"script":"<script> [2676 bytes]","args":[]}
COMMAND: POST /session/2cd4bc643d9d9d4891ba381e1884365b/execute/async - {"script":"<script> [2342 bytes]","args":[{"protocol":"http","hostname":"0.0.0.0","path":"/","capabilities":{"browserName":"chrome","goog:chromeOptions":{"binary":"C:\\Program Files\\Google\\Chrome\\Application\\chrome.exe","args":["--start-maximized"]}},"logLevel":"warn","connectionRetryTimeout":120000,"connectionRetryCount":3,"logLevels":{},"enableDirectConnect":true,"strictSSL":true,"_":"65 more keys: [\"cacheDir\",\"port\",\"requestedCapabilities\",\"automationProtocol\",\"baseUrl\",\"waitforInterval\",\"waitforTimeout\",\"onReload\",\"beforeCommand\",\"afterCommand\",\"rootDir\",\"specs\",\"suites\",\"exclude\",\"groupLogsByTestSpec\",\"excludeDriverLogs\",\"bail\",\"framework\",\"reporters\",\"services\",\"maxInstances\",\"maxInstancesPerCapability\",\"injectGlobals\",\"filesToWatch\",\"execArgv\",\"runnerEnv\",\"runner\",\"shard\",\"specFileRetries\",\"specFileRetriesDelay\",\"specFileRetriesDeferred\",\"reporterSyncInterval\",\"reporterSyncTimeout\",\"cucumberFeaturesWithLineNumbers\",\"autoCompileOpts\",\"mochaOpts\",\"jasmineOpts\",\"cucumberOpts\",\"onPrepare\",\"onWorkerStart\",\"onWorkerEnd\",\"before\",\"beforeSession\",\"beforeSuite\",\"beforeHook\",\"beforeTest\",\"afterTest\",\"afterHook\",\"afterSuite\",\"afterSession\",\"after\",\"onComplete\",\"beforeAssertion\",\"afterAssertion\",\"beforeFeature\",\"beforeScenario\",\"beforeStep\",\"afterStep\",\"afterScenario\",\"afterFeature\",\"_\",\"suite\",\"$0\",\"ignoredWorkerServices\",\"wdi5\"]"}]}
RESULT: {"script":"<script> [2342 bytes]","args":[{"protocol":"http","hostname":"0.0.0.0","path":"/","capabilities":{"browserName":"chrome","goog:chromeOptions":{"binary":"C:\\Program Files\\Google\\Chrome\\Application\\chrome.exe","args":["--start-maximized"]}},"logLevel":"warn","connectionRetryTimeout":120000,"connectionRetryCount":3,"logLevels":{},"enableDirectConnect":true,"strictSSL":true,"_":"65 more keys: [\"cacheDir\",\"port\",\"requestedCapabilities\",\"automationProtocol\",\"baseUrl\",\"waitforInterval\",\"waitforTimeout\",\"onReload\",\"beforeCommand\",\"afterCommand\",\"rootDir\",\"specs\",\"suites\",\"exclude\",\"groupLogsByTestSpec\",\"excludeDriverLogs\",\"bail\",\"framework\",\"reporters\",\"services\",\"maxInstances\",\"maxInstancesPerCapability\",\"injectGlobals\",\"filesToWatch\",\"execArgv\",\"runnerEnv\",\"runner\",\"shard\",\"specFileRetries\",\"specFileRetriesDelay\",\"specFileRetriesDeferred\",\"reporterSyncInterval\",\"reporterSyncTimeout\",\"cucumberFeaturesWithLineNumbers\",\"autoCompileOpts\",\"mochaOpts\",\"jasmineOpts\",\"cucumberOpts\",\"onPrepare\",\"onWorkerStart\",\"onWorkerEnd\",\"before\",\"beforeSession\",\"beforeSuite\",\"beforeHook\",\"beforeTest\",\"afterTest\",\"afterHook\",\"afterSuite\",\"afterSession\",\"after\",\"onComplete\",\"beforeAssertion\",\"afterAssertion\",\"beforeFeature\",\"beforeScenario\",\"beforeStep\",\"afterStep\",\"afterScenario\",\"afterFeature\",\"_\",\"suite\",\"$0\",\"ignoredWorkerServices\",\"wdi5\"]"}]}
COMMAND: POST /session/2cd4bc643d9d9d4891ba381e1884365b/execute/async - {"script":"<script> [21126 bytes]","args":[35000]}
RESULT: {"script":"<script> [21126 bytes]","args":[35000]}
COMMAND: POST /session/2cd4bc643d9d9d4891ba381e1884365b/window/maximize - {}
RESULT: {}
COMMAND: POST /session/2cd4bc643d9d9d4891ba381e1884365b/execute/async - {"script":"<script> [1562 bytes]","args":[{"selector":{"id":"shell-header","interaction":{"idSuffix":"icon"}},"wdio_ui5_key":"shellheader"}]}
COMMAND: GET /session/2cd4bc643d9d9d4891ba381e1884365b/screenshot - {}
RESULT: {"script":"<script> [1562 bytes]","args":[{"selector":{"id":"shell-header","interaction":{"idSuffix":"icon"}},"wdio_ui5_key":"shellheader"}]}
RESULT: undefined
COMMAND: POST /session/2cd4bc643d9d9d4891ba381e1884365b/execute/async - {"script":"<script> [1562 bytes]","args":[{"selector":{"controlType":"sap.m.GenericTile","properties":{"header":"Manage Partners"}},"wdio_ui5_key":"sapm.GenericTile{\"header\":\"Manage Partners\"}"}]}
RESULT: {}
RESULT: {"script":"<script> [1562 bytes]","args":[{"selector":{"controlType":"sap.m.GenericTile","properties":{"header":"Manage Partners"}},"wdio_ui5_key":"sapm.GenericTile{\"header\":\"Manage Partners\"}"}]}
RESULT: undefined
COMMAND: POST /session/2cd4bc643d9d9d4891ba381e1884365b/element - {"using":"xpath","value":"//*[@id=\"__tile38\"]"}
RESULT: {"using":"xpath","value":"//*[@id=\"__tile38\"]"}
COMMAND: POST /session/2cd4bc643d9d9d4891ba381e1884365b/element/f.D3B1ECBEC1A28350B2DBBAF8644638A8.d.B757533BE832C5F3535D6F2285DEAB05.e.1107/click - {}
RESULT: {}
]]></system-out>
    </testcase>
  </testsuite>
  <testsuite timestamp="2025-05-02T16:03:10" time="83.81" tests="1" failures="0" errors="0" skipped="0">
    <properties>
      <property name="specId" value="0" />
      <property name="suiteName" value="Manage Partners: Interfaces Data Check for UI fields US132253" />
      <property name="capabilities" value="chrome.135_0_7049_96.windows" />
      <property name="file" value="file:///D:/a/1/s/test/specs/TECH/partner-interface-data-check.spec.js" />
    </properties>
    <testcase classname="chrome.135_0_7049_96.windows.Manage_Partners:_Interfaces_Data_Check_for_UI_fields_US132253" name="Should see data from Company Code interface for Company Code Field" time="61.086">
      <system-out><![CDATA[
COMMAND: GET /session/2cd4bc643d9d9d4891ba381e1884365b/screenshot - {}
COMMAND: POST /session/2cd4bc643d9d9d4891ba381e1884365b/execute/async - {"script":"<script> [1562 bytes]","args":[{"selector":{"controlType":"sap.m.Button","viewName":"etm.portal.ui.managepartners.view.Master","viewId":"application-managepartners-display-component---masterPtm","i18NText":{"propertyName":"tooltip","key":"add"}},"wdio_ui5_key":"etmportal.ui.managepartners.view.Mastersap.m.Button{\"propertyName\":\"tooltip\",\"key\":\"add\"}"}]}
RESULT: {}
RESULT: {"script":"<script> [1562 bytes]","args":[{"selector":{"controlType":"sap.m.Button","viewName":"etm.portal.ui.managepartners.view.Master","viewId":"application-managepartners-display-component---masterPtm","i18NText":{"propertyName":"tooltip","key":"add"}},"wdio_ui5_key":"etmportal.ui.managepartners.view.Mastersap.m.Button{\"propertyName\":\"tooltip\",\"key\":\"add\"}"}]}
RESULT: undefined
COMMAND: POST /session/2cd4bc643d9d9d4891ba381e1884365b/element - {"using":"xpath","value":"//*[@id=\"__button4\"]"}
RESULT: {"using":"xpath","value":"//*[@id=\"__button4\"]"}
COMMAND: POST /session/2cd4bc643d9d9d4891ba381e1884365b/element/f.D3B1ECBEC1A28350B2DBBAF8644638A8.d.B757533BE832C5F3535D6F2285DEAB05.e.1156/click - {}
RESULT: {}
COMMAND: GET /session/2cd4bc643d9d9d4891ba381e1884365b/screenshot - {}
RESULT: {}
COMMAND: POST /session/2cd4bc643d9d9d4891ba381e1884365b/execute/async - {"script":"<script> [1562 bytes]","args":[{"selector":{"id":"application-managepartners-display-component---NewPartner--partnerDetailInternal","interaction":{"idSuffix":"inner"}},"wdio_ui5_key":"applicationmanagepartners-display-component---NewPartner--partnerDetailInternal"}]}
RESULT: {"script":"<script> [1562 bytes]","args":[{"selector":{"id":"application-managepartners-display-component---NewPartner--partnerDetailInternal","interaction":{"idSuffix":"inner"}},"wdio_ui5_key":"applicationmanagepartners-display-component---NewPartner--partnerDetailInternal"}]}
RESULT: undefined
COMMAND: POST /session/2cd4bc643d9d9d4891ba381e1884365b/execute/async - {"script":"<script> [776 bytes]","args":[{"enterText":"","selector":{"id":"application-managepartners-display-component---NewPartner--partnerDetailInternal","interaction":{"idSuffix":"inner"}},"clearTextFirst":true,"interactionType":"ENTER_TEXT"}]}
RESULT: {"script":"<script> [776 bytes]","args":[{"enterText":"","selector":{"id":"application-managepartners-display-component---NewPartner--partnerDetailInternal","interaction":{"idSuffix":"inner"}},"clearTextFirst":true,"interactionType":"ENTER_TEXT"}]}
COMMAND: POST /session/2cd4bc643d9d9d4891ba381e1884365b/execute/async - {"script":"<script> [1562 bytes]","args":[{"selector":{"id":"application-managepartners-display-component---NewPartner--partnerDetailInternal-arrow"},"wdio_ui5_key":"applicationmanagepartners-display-component---NewPartner--partnerDetailInternal-arrow"}]}
RESULT: {"script":"<script> [1562 bytes]","args":[{"selector":{"id":"application-managepartners-display-component---NewPartner--partnerDetailInternal-arrow"},"wdio_ui5_key":"applicationmanagepartners-display-component---NewPartner--partnerDetailInternal-arrow"}]}
RESULT: undefined
COMMAND: POST /session/2cd4bc643d9d9d4891ba381e1884365b/element - {"using":"xpath","value":"//*[@id=\"application-managepartners-display-component---NewPartner--partnerDetailInternal-arrow\"]"}
RESULT: {"using":"xpath","value":"//*[@id=\"application-managepartners-display-component---NewPartner--partnerDetailInternal-arrow\"]"}
COMMAND: POST /session/2cd4bc643d9d9d4891ba381e1884365b/element/f.D3B1ECBEC1A28350B2DBBAF8644638A8.d.B757533BE832C5F3535D6F2285DEAB05.e.1566/click - {}
RESULT: {}
COMMAND: POST /session/2cd4bc643d9d9d4891ba381e1884365b/execute/async - {"script":"<script> [1562 bytes]","args":[{"selector":{"controlType":"sap.m.StandardListItem","viewName":"etm.portal.ui.managepartners.view.NewPartner","viewId":"application-managepartners-display-component---NewPartner","properties":{"title":"External partner"},"searchOpenDialogs":true},"wdio_ui5_key":"etmportal.ui.managepartners.view.NewPartnersap.m.StandardListItem{\"title\":\"External partner\"}"}]}
COMMAND: GET /session/2cd4bc643d9d9d4891ba381e1884365b/screenshot - {}
RESULT: {"script":"<script> [1562 bytes]","args":[{"selector":{"controlType":"sap.m.StandardListItem","viewName":"etm.portal.ui.managepartners.view.NewPartner","viewId":"application-managepartners-display-component---NewPartner","properties":{"title":"External partner"},"searchOpenDialogs":true},"wdio_ui5_key":"etmportal.ui.managepartners.view.NewPartnersap.m.StandardListItem{\"title\":\"External partner\"}"}]}
RESULT: undefined
COMMAND: POST /session/2cd4bc643d9d9d4891ba381e1884365b/element - {"using":"xpath","value":"//*[@id=\"__item89\"]"}
RESULT: {}
RESULT: {"using":"xpath","value":"//*[@id=\"__item89\"]"}
COMMAND: POST /session/2cd4bc643d9d9d4891ba381e1884365b/element/f.D3B1ECBEC1A28350B2DBBAF8644638A8.d.B757533BE832C5F3535D6F2285DEAB05.e.1568/click - {}
RESULT: {}
COMMAND: POST /session/2cd4bc643d9d9d4891ba381e1884365b/execute/async - {"script":"<script> [1562 bytes]","args":[{"selector":{"controlType":"sap.m.Button","viewName":"etm.portal.ui.managepartners.view.NewPartner","viewId":"application-managepartners-display-component---NewPartner","properties":{"text":"Reference"},"interaction":{"idSuffix":"BDI-content"}},"wdio_ui5_key":"etmportal.ui.managepartners.view.NewPartnersap.m.Button{\"text\":\"Reference\"}"}]}
COMMAND: GET /session/2cd4bc643d9d9d4891ba381e1884365b/screenshot - {}
RESULT: {"script":"<script> [1562 bytes]","args":[{"selector":{"controlType":"sap.m.Button","viewName":"etm.portal.ui.managepartners.view.NewPartner","viewId":"application-managepartners-display-component---NewPartner","properties":{"text":"Reference"},"interaction":{"idSuffix":"BDI-content"}},"wdio_ui5_key":"etmportal.ui.managepartners.view.NewPartnersap.m.Button{\"text\":\"Reference\"}"}]}
RESULT: undefined
COMMAND: POST /session/2cd4bc643d9d9d4891ba381e1884365b/element - {"using":"xpath","value":"//*[@id=\"application-managepartners-display-component---NewPartner--ObjectPageLayout-anchBar-__section7-anchor\"]"}
RESULT: {}
RESULT: {"using":"xpath","value":"//*[@id=\"application-managepartners-display-component---NewPartner--ObjectPageLayout-anchBar-__section7-anchor\"]"}
COMMAND: POST /session/2cd4bc643d9d9d4891ba381e1884365b/element/f.D3B1ECBEC1A28350B2DBBAF8644638A8.d.B757533BE832C5F3535D6F2285DEAB05.e.1570/click - {}
RESULT: {}
COMMAND: POST /session/2cd4bc643d9d9d4891ba381e1884365b/execute/async - {"script":"<script> [1562 bytes]","args":[{"selector":{"id":"application-managepartners-display-component---NewPartner--companyCodeComboBox","interaction":{"idSuffix":"inner"}},"wdio_ui5_key":"applicationmanagepartners-display-component---NewPartner--companyCodeComboBox"}]}
COMMAND: GET /session/2cd4bc643d9d9d4891ba381e1884365b/screenshot - {}
RESULT: {"script":"<script> [1562 bytes]","args":[{"selector":{"id":"application-managepartners-display-component---NewPartner--companyCodeComboBox","interaction":{"idSuffix":"inner"}},"wdio_ui5_key":"applicationmanagepartners-display-component---NewPartner--companyCodeComboBox"}]}
RESULT: undefined
COMMAND: POST /session/2cd4bc643d9d9d4891ba381e1884365b/execute/async - {"script":"<script> [776 bytes]","args":[{"enterText":"1010","selector":{"id":"application-managepartners-display-component---NewPartner--companyCodeComboBox","interaction":{"idSuffix":"inner"}},"clearTextFirst":true,"interactionType":"ENTER_TEXT"}]}
RESULT: {}
RESULT: {"script":"<script> [776 bytes]","args":[{"enterText":"1010","selector":{"id":"application-managepartners-display-component---NewPartner--companyCodeComboBox","interaction":{"idSuffix":"inner"}},"clearTextFirst":true,"interactionType":"ENTER_TEXT"}]}
COMMAND: POST /session/2cd4bc643d9d9d4891ba381e1884365b/actions - {"actions":[{"id":"action6","type":"key","parameters":{},"actions":[{"type":"keyDown","value":"î€•"},{"type":"pause","duration":10},{"type":"keyUp","value":"î€•"}]}]}
RESULT: {"actions":[{"id":"action6","type":"key","parameters":{},"actions":[{"type":"keyDown","value":"î€•"},{"type":"pause","duration":10},{"type":"keyUp","value":"î€•"}]}]}
COMMAND: POST /session/2cd4bc643d9d9d4891ba381e1884365b/actions - {"actions":[{"id":"action7","type":"key","parameters":{},"actions":[{"type":"keyDown","value":"î€‡"},{"type":"pause","duration":10},{"type":"keyUp","value":"î€‡"}]}]}
COMMAND: GET /session/2cd4bc643d9d9d4891ba381e1884365b/screenshot - {}
RESULT: {"actions":[{"id":"action7","type":"key","parameters":{},"actions":[{"type":"keyDown","value":"î€‡"},{"type":"pause","duration":10},{"type":"keyUp","value":"î€‡"}]}]}
RESULT: undefined
COMMAND: POST /session/2cd4bc643d9d9d4891ba381e1884365b/execute/async - {"script":"<script> [6424 bytes]","args":[{"element-6066-11e4-a52e-4f735466cecf":"f.D3B1ECBEC1A28350B2DBBAF8644638A8.d.B757533BE832C5F3535D6F2285DEAB05.e.1525"},"getValue",[]]}
COMMAND: GET /session/2cd4bc643d9d9d4891ba381e1884365b/screenshot - {}
RESULT: {}
RESULT: {"script":"<script> [6424 bytes]","args":[{"element-6066-11e4-a52e-4f735466cecf":"f.D3B1ECBEC1A28350B2DBBAF8644638A8.d.B757533BE832C5F3535D6F2285DEAB05.e.1525"},"getValue",[]]}
COMMAND: POST /session/2cd4bc643d9d9d4891ba381e1884365b/execute/async - {"script":"<script> [1562 bytes]","args":[{"selector":{"id":"application-managepartners-display-component---NewPartner--btnAddTableRow-img"},"wdio_ui5_key":"applicationmanagepartners-display-component---NewPartner--btnAddTableRow-img"}]}
RESULT: {}
RESULT: {"script":"<script> [1562 bytes]","args":[{"selector":{"id":"application-managepartners-display-component---NewPartner--btnAddTableRow-img"},"wdio_ui5_key":"applicationmanagepartners-display-component---NewPartner--btnAddTableRow-img"}]}
RESULT: undefined
COMMAND: POST /session/2cd4bc643d9d9d4891ba381e1884365b/element - {"using":"xpath","value":"//*[@id=\"application-managepartners-display-component---NewPartner--btnAddTableRow-img\"]"}
RESULT: {"using":"xpath","value":"//*[@id=\"application-managepartners-display-component---NewPartner--btnAddTableRow-img\"]"}
COMMAND: POST /session/2cd4bc643d9d9d4891ba381e1884365b/element/f.D3B1ECBEC1A28350B2DBBAF8644638A8.d.B757533BE832C5F3535D6F2285DEAB05.e.1579/click - {}
RESULT: {}
COMMAND: POST /session/2cd4bc643d9d9d4891ba381e1884365b/execute/async - {"script":"<script> [1562 bytes]","args":[{"selector":{"id":"application-managepartners-display-component---NewPartner--assignmentYard-application-managepartners-display-component---NewPartner--assignmentsTable-0-arrow"},"wdio_ui5_key":"applicationmanagepartners-display-component---NewPartner--assignmentYard-application-managepartners-display-component---NewPartner--assignmentsTable-0-arrow"}]}
COMMAND: GET /session/2cd4bc643d9d9d4891ba381e1884365b/screenshot - {}
RESULT: {"script":"<script> [1562 bytes]","args":[{"selector":{"id":"application-managepartners-display-component---NewPartner--assignmentYard-application-managepartners-display-component---NewPartner--assignmentsTable-0-arrow"},"wdio_ui5_key":"applicationmanagepartners-display-component---NewPartner--assignmentYard-application-managepartners-display-component---NewPartner--assignmentsTable-0-arrow"}]}
RESULT: undefined
COMMAND: POST /session/2cd4bc643d9d9d4891ba381e1884365b/element - {"using":"xpath","value":"//*[@id=\"application-managepartners-display-component---NewPartner--assignmentYard-application-managepartners-display-component---NewPartner--assignmentsTable-0-arrow\"]"}
RESULT: {}
RESULT: {"using":"xpath","value":"//*[@id=\"application-managepartners-display-component---NewPartner--assignmentYard-application-managepartners-display-component---NewPartner--assignmentsTable-0-arrow\"]"}
COMMAND: POST /session/2cd4bc643d9d9d4891ba381e1884365b/element/f.D3B1ECBEC1A28350B2DBBAF8644638A8.d.B757533BE832C5F3535D6F2285DEAB05.e.1588/click - {}
RESULT: {}
COMMAND: POST /session/2cd4bc643d9d9d4891ba381e1884365b/element - {"using":"xpath","value":"//input[@id=\"application-managepartners-display-component---NewPartner--assignmentYard-application-managepartners-display-component---NewPartner--assignmentsTable-0-inner\"]"}
COMMAND: GET /session/2cd4bc643d9d9d4891ba381e1884365b/screenshot - {}
RESULT: {"using":"xpath","value":"//input[@id=\"application-managepartners-display-component---NewPartner--assignmentYard-application-managepartners-display-component---NewPartner--assignmentsTable-0-inner\"]"}
COMMAND: POST /session/2cd4bc643d9d9d4891ba381e1884365b/elements - {"using":"xpath","value":"//input[@id=\"application-managepartners-display-component---NewPartner--assignmentYard-application-managepartners-display-component---NewPartner--assignmentsTable-0-inner\"]"}
RESULT: {}
RESULT: {"using":"xpath","value":"//input[@id=\"application-managepartners-display-component---NewPartner--assignmentYard-application-managepartners-display-component---NewPartner--assignmentsTable-0-inner\"]"}
COMMAND: POST /session/2cd4bc643d9d9d4891ba381e1884365b/execute/sync - {"script":"<script> [8489 bytes]","args":[{"element-6066-11e4-a52e-4f735466cecf":"f.D3B1ECBEC1A28350B2DBBAF8644638A8.d.B757533BE832C5F3535D6F2285DEAB05.e.1582","ELEMENT":"f.D3B1ECBEC1A28350B2DBBAF8644638A8.d.B757533BE832C5F3535D6F2285DEAB05.e.1582"}]}
RESULT: {"script":"<script> [8489 bytes]","args":[{"element-6066-11e4-a52e-4f735466cecf":"f.D3B1ECBEC1A28350B2DBBAF8644638A8.d.B757533BE832C5F3535D6F2285DEAB05.e.1582","ELEMENT":"f.D3B1ECBEC1A28350B2DBBAF8644638A8.d.B757533BE832C5F3535D6F2285DEAB05.e.1582"}]}
COMMAND: POST /session/2cd4bc643d9d9d4891ba381e1884365b/element/f.D3B1ECBEC1A28350B2DBBAF8644638A8.d.B757533BE832C5F3535D6F2285DEAB05.e.1582/clear - {}
COMMAND: GET /session/2cd4bc643d9d9d4891ba381e1884365b/screenshot - {}
RESULT: {}
COMMAND: POST /session/2cd4bc643d9d9d4891ba381e1884365b/element/f.D3B1ECBEC1A28350B2DBBAF8644638A8.d.B757533BE832C5F3535D6F2285DEAB05.e.1582/value - {"text":"176"}
COMMAND: GET /session/2cd4bc643d9d9d4891ba381e1884365b/screenshot - {}
RESULT: {}
RESULT: {"text":"176"}
COMMAND: GET /session/2cd4bc643d9d9d4891ba381e1884365b/screenshot - {}
RESULT: {}
RESULT: {}
COMMAND: POST /session/2cd4bc643d9d9d4891ba381e1884365b/actions - {"actions":[{"id":"action8","type":"key","parameters":{},"actions":[{"type":"keyDown","value":"î€•"},{"type":"pause","duration":10},{"type":"keyUp","value":"î€•"}]}]}
RESULT: {"actions":[{"id":"action8","type":"key","parameters":{},"actions":[{"type":"keyDown","value":"î€•"},{"type":"pause","duration":10},{"type":"keyUp","value":"î€•"}]}]}
COMMAND: POST /session/2cd4bc643d9d9d4891ba381e1884365b/actions - {"actions":[{"id":"action9","type":"key","parameters":{},"actions":[{"type":"keyDown","value":"î€‡"},{"type":"pause","duration":10},{"type":"keyUp","value":"î€‡"}]}]}
COMMAND: GET /session/2cd4bc643d9d9d4891ba381e1884365b/screenshot - {}
RESULT: {"actions":[{"id":"action9","type":"key","parameters":{},"actions":[{"type":"keyDown","value":"î€‡"},{"type":"pause","duration":10},{"type":"keyUp","value":"î€‡"}]}]}
COMMAND: POST /session/2cd4bc643d9d9d4891ba381e1884365b/execute/async - {"script":"<script> [1562 bytes]","args":[{"selector":{"id":"application-managepartners-display-component---NewPartner--externalCustomerComboBox-application-managepartners-display-component---NewPartner--assignmentsTable-0-vhi"},"wdio_ui5_key":"applicationmanagepartners-display-component---NewPartner--externalCustomerComboBox-application-managepartners-display-component---NewPartner--assignmentsTable-0-vhi"}]}
COMMAND: GET /session/2cd4bc643d9d9d4891ba381e1884365b/screenshot - {}
RESULT: {}
RESULT: {"script":"<script> [1562 bytes]","args":[{"selector":{"id":"application-managepartners-display-component---NewPartner--externalCustomerComboBox-application-managepartners-display-component---NewPartner--assignmentsTable-0-vhi"},"wdio_ui5_key":"applicationmanagepartners-display-component---NewPartner--externalCustomerComboBox-application-managepartners-display-component---NewPartner--assignmentsTable-0-vhi"}]}
RESULT: undefined
RESULT: {}
COMMAND: DELETE /session/2cd4bc643d9d9d4891ba381e1884365b - {}
RESULT: {}
]]></system-out>
    </testcase>
  </testsuite>
</testsuites>