<?xml version="1.0" encoding="UTF-8"?>
<testsuites tests="16" failures="0" errors="0" skipped="0">
  <testsuite timestamp="2025-05-25T17:28:16" time="1486.968" tests="12" failures="0" errors="0" skipped="0">
    <properties>
      <property name="specId" value="0"/>
      <property name="suiteName" value="Partner specific tests US150819 US151080 US151654 US151176 US103444 US151078 US151079 US151109 US151174 US151175 US151189"/>
      <property name="capabilities" value="chrome.136_0_7103_93.windows"/>
      <property name="file" value="file:///D:/a/1/s/test/specs/BTS/manage-partners.spec.js"/>
    </properties>
    <testcase classname="chrome.136_0_7103_93.windows.Partner_specific_tests_US150819_US151080_US151654_US151176_US103444_US151078_US151079_US151109_US151174_US151175_US151189" name="Should create a new yard prerequisite" time="134.466">
      <system-out><![CDATA[
COMMAND: POST /session/48ce7485e2c64a68d867c0ed65041780/window/fullscreen - {}
RESULT: {}
COMMAND: POST /session/48ce7485e2c64a68d867c0ed65041780/element - {"using":"xpath","value":"//li[.//span[text()=\"Manage Partners\"]]"}
RESULT: {"using":"xpath","value":"//li[.//span[text()=\"Manage Partners\"]]"}
COMMAND: POST /session/48ce7485e2c64a68d867c0ed65041780/element - {"using":"xpath","value":"//li[.//span[text()=\"Manage Partners\"]]"}
RESULT: {"using":"xpath","value":"//li[.//span[text()=\"Manage Partners\"]]"}
COMMAND: POST /session/48ce7485e2c64a68d867c0ed65041780/element - {"using":"css selector","value":"#shell-header-logo"}
RESULT: {"using":"css selector","value":"#shell-header-logo"}
COMMAND: POST /session/48ce7485e2c64a68d867c0ed65041780/element/f.1999790E03A964CB3378C0A271C2A0DB.d.D8F523E21D4BD4D513B78DF76892BF6E.e.259/click - {}
COMMAND: POST /session/48ce7485e2c64a68d867c0ed65041780/execute/sync - {"script":"<script> [8489 bytes]","args":[{"element-6066-11e4-a52e-4f735466cecf":"f.1999790E03A964CB3378C0A271C2A0DB.d.D8F523E21D4BD4D513B78DF76892BF6E.e.259","ELEMENT":"f.1999790E03A964CB3378C0A271C2A0DB.d.D8F523E21D4BD4D513B78DF76892BF6E.e.259"}]}
RESULT: {}
COMMAND: GET /session/48ce7485e2c64a68d867c0ed65041780/screenshot - {}
RESULT: {"script":"<script> [8489 bytes]","args":[{"element-6066-11e4-a52e-4f735466cecf":"f.1999790E03A964CB3378C0A271C2A0DB.d.D8F523E21D4BD4D513B78DF76892BF6E.e.259","ELEMENT":"f.1999790E03A964CB3378C0A271C2A0DB.d.D8F523E21D4BD4D513B78DF76892BF6E.e.259"}]}
COMMAND: POST /session/48ce7485e2c64a68d867c0ed65041780/execute/sync - {"script":"<script> [5351 bytes]","args":[{"element-6066-11e4-a52e-4f735466cecf":"f.1999790E03A964CB3378C0A271C2A0DB.d.D8F523E21D4BD4D513B78DF76892BF6E.e.259","ELEMENT":"f.1999790E03A964CB3378C0A271C2A0DB.d.D8F523E21D4BD4D513B78DF76892BF6E.e.259"}]}
COMMAND: GET /session/48ce7485e2c64a68d867c0ed65041780/screenshot - {}
RESULT: {}
RESULT: {"script":"<script> [5351 bytes]","args":[{"element-6066-11e4-a52e-4f735466cecf":"f.1999790E03A964CB3378C0A271C2A0DB.d.D8F523E21D4BD4D513B78DF76892BF6E.e.259","ELEMENT":"f.1999790E03A964CB3378C0A271C2A0DB.d.D8F523E21D4BD4D513B78DF76892BF6E.e.259"}]}
COMMAND: GET /session/48ce7485e2c64a68d867c0ed65041780/screenshot - {}
RESULT: {}
RESULT: {}
COMMAND: POST /session/48ce7485e2c64a68d867c0ed65041780/execute/async - {"script":"<script> [1562 bytes]","args":[{"selector":{"controlType":"sap.m.GenericTile","properties":{"header":"Manage Yards"}},"wdio_ui5_key":"sapm.GenericTile{\"header\":\"Manage Yards\"}"}]}
RESULT: {"script":"<script> [1562 bytes]","args":[{"selector":{"controlType":"sap.m.GenericTile","properties":{"header":"Manage Yards"}},"wdio_ui5_key":"sapm.GenericTile{\"header\":\"Manage Yards\"}"}]}
RESULT: undefined
COMMAND: POST /session/48ce7485e2c64a68d867c0ed65041780/element - {"using":"xpath","value":"//*[@id=\"__tile41\"]"}
RESULT: {"using":"xpath","value":"//*[@id=\"__tile41\"]"}
COMMAND: POST /session/48ce7485e2c64a68d867c0ed65041780/element/f.1999790E03A964CB3378C0A271C2A0DB.d.D8F523E21D4BD4D513B78DF76892BF6E.e.156/click - {}
RESULT: {}
COMMAND: GET /session/48ce7485e2c64a68d867c0ed65041780/screenshot - {}
RESULT: {}
COMMAND: POST /session/48ce7485e2c64a68d867c0ed65041780/elements - {"using":"xpath","value":"//span[text()='Error']"}
RESULT: {"using":"xpath","value":"//span[text()='Error']"}
COMMAND: POST /session/48ce7485e2c64a68d867c0ed65041780/element - {"using":"xpath","value":"//button[@data-kt=\"addNewYardOverflowToolbarButton\"]"}
RESULT: {"using":"xpath","value":"//button[@data-kt=\"addNewYardOverflowToolbarButton\"]"}
COMMAND: POST /session/48ce7485e2c64a68d867c0ed65041780/elements - {"using":"xpath","value":"//button[@data-kt=\"addNewYardOverflowToolbarButton\"]"}
RESULT: {"using":"xpath","value":"//button[@data-kt=\"addNewYardOverflowToolbarButton\"]"}
COMMAND: POST /session/48ce7485e2c64a68d867c0ed65041780/elements - {"using":"xpath","value":"//button[@data-kt=\"addNewYardOverflowToolbarButton\"]"}
RESULT: {"using":"xpath","value":"//button[@data-kt=\"addNewYardOverflowToolbarButton\"]"}
COMMAND: POST /session/48ce7485e2c64a68d867c0ed65041780/elements - {"using":"xpath","value":"//button[@data-kt=\"addNewYardOverflowToolbarButton\"]"}
RESULT: {"using":"xpath","value":"//button[@data-kt=\"addNewYardOverflowToolbarButton\"]"}
COMMAND: POST /session/48ce7485e2c64a68d867c0ed65041780/elements - {"using":"xpath","value":"//button[@data-kt=\"addNewYardOverflowToolbarButton\"]"}
RESULT: {"using":"xpath","value":"//button[@data-kt=\"addNewYardOverflowToolbarButton\"]"}
COMMAND: POST /session/48ce7485e2c64a68d867c0ed65041780/elements - {"using":"xpath","value":"//button[@data-kt=\"addNewYardOverflowToolbarButton\"]"}
RESULT: {"using":"xpath","value":"//button[@data-kt=\"addNewYardOverflowToolbarButton\"]"}
COMMAND: POST /session/48ce7485e2c64a68d867c0ed65041780/elements - {"using":"xpath","value":"//button[@data-kt=\"addNewYardOverflowToolbarButton\"]"}
RESULT: {"using":"xpath","value":"//button[@data-kt=\"addNewYardOverflowToolbarButton\"]"}
COMMAND: POST /session/48ce7485e2c64a68d867c0ed65041780/elements - {"using":"xpath","value":"//button[@data-kt=\"addNewYardOverflowToolbarButton\"]"}
RESULT: {"using":"xpath","value":"//button[@data-kt=\"addNewYardOverflowToolbarButton\"]"}
COMMAND: POST /session/48ce7485e2c64a68d867c0ed65041780/elements - {"using":"xpath","value":"//button[@data-kt=\"addNewYardOverflowToolbarButton\"]"}
RESULT: {"using":"xpath","value":"//button[@data-kt=\"addNewYardOverflowToolbarButton\"]"}
COMMAND: POST /session/48ce7485e2c64a68d867c0ed65041780/elements - {"using":"xpath","value":"//button[@data-kt=\"addNewYardOverflowToolbarButton\"]"}
RESULT: {"using":"xpath","value":"//button[@data-kt=\"addNewYardOverflowToolbarButton\"]"}
COMMAND: POST /session/48ce7485e2c64a68d867c0ed65041780/elements - {"using":"xpath","value":"//button[@data-kt=\"addNewYardOverflowToolbarButton\"]"}
RESULT: {"using":"xpath","value":"//button[@data-kt=\"addNewYardOverflowToolbarButton\"]"}
COMMAND: POST /session/48ce7485e2c64a68d867c0ed65041780/element - {"using":"xpath","value":"//button[@data-kt=\"addNewYardOverflowToolbarButton\"]"}
RESULT: {"using":"xpath","value":"//button[@data-kt=\"addNewYardOverflowToolbarButton\"]"}
COMMAND: POST /session/48ce7485e2c64a68d867c0ed65041780/execute/sync - {"script":"<script> [8489 bytes]","args":[{"element-6066-11e4-a52e-4f735466cecf":"f.1999790E03A964CB3378C0A271C2A0DB.d.D8F523E21D4BD4D513B78DF76892BF6E.e.292","ELEMENT":"f.1999790E03A964CB3378C0A271C2A0DB.d.D8F523E21D4BD4D513B78DF76892BF6E.e.292"}]}
RESULT: {"script":"<script> [8489 bytes]","args":[{"element-6066-11e4-a52e-4f735466cecf":"f.1999790E03A964CB3378C0A271C2A0DB.d.D8F523E21D4BD4D513B78DF76892BF6E.e.292","ELEMENT":"f.1999790E03A964CB3378C0A271C2A0DB.d.D8F523E21D4BD4D513B78DF76892BF6E.e.292"}]}
COMMAND: GET /session/48ce7485e2c64a68d867c0ed65041780/element/f.1999790E03A964CB3378C0A271C2A0DB.d.D8F523E21D4BD4D513B78DF76892BF6E.e.292/enabled - {}
COMMAND: GET /session/48ce7485e2c64a68d867c0ed65041780/screenshot - {}
RESULT: {}
COMMAND: POST /session/48ce7485e2c64a68d867c0ed65041780/execute/sync - {"script":"<script> [8489 bytes]","args":[{"element-6066-11e4-a52e-4f735466cecf":"f.1999790E03A964CB3378C0A271C2A0DB.d.D8F523E21D4BD4D513B78DF76892BF6E.e.292","ELEMENT":"f.1999790E03A964CB3378C0A271C2A0DB.d.D8F523E21D4BD4D513B78DF76892BF6E.e.292"}]}
COMMAND: GET /session/48ce7485e2c64a68d867c0ed65041780/screenshot - {}
RESULT: {}
RESULT: {"script":"<script> [8489 bytes]","args":[{"element-6066-11e4-a52e-4f735466cecf":"f.1999790E03A964CB3378C0A271C2A0DB.d.D8F523E21D4BD4D513B78DF76892BF6E.e.292","ELEMENT":"f.1999790E03A964CB3378C0A271C2A0DB.d.D8F523E21D4BD4D513B78DF76892BF6E.e.292"}]}
COMMAND: POST /session/48ce7485e2c64a68d867c0ed65041780/execute/sync - {"script":"<script> [5351 bytes]","args":[{"element-6066-11e4-a52e-4f735466cecf":"f.1999790E03A964CB3378C0A271C2A0DB.d.D8F523E21D4BD4D513B78DF76892BF6E.e.292","ELEMENT":"f.1999790E03A964CB3378C0A271C2A0DB.d.D8F523E21D4BD4D513B78DF76892BF6E.e.292"}]}
COMMAND: GET /session/48ce7485e2c64a68d867c0ed65041780/screenshot - {}
RESULT: {}
RESULT: {"script":"<script> [5351 bytes]","args":[{"element-6066-11e4-a52e-4f735466cecf":"f.1999790E03A964CB3378C0A271C2A0DB.d.D8F523E21D4BD4D513B78DF76892BF6E.e.292","ELEMENT":"f.1999790E03A964CB3378C0A271C2A0DB.d.D8F523E21D4BD4D513B78DF76892BF6E.e.292"}]}
COMMAND: POST /session/48ce7485e2c64a68d867c0ed65041780/element/f.1999790E03A964CB3378C0A271C2A0DB.d.D8F523E21D4BD4D513B78DF76892BF6E.e.292/click - {}
COMMAND: GET /session/48ce7485e2c64a68d867c0ed65041780/screenshot - {}
RESULT: {}
RESULT: {}
COMMAND: GET /session/48ce7485e2c64a68d867c0ed65041780/screenshot - {}
RESULT: {}
COMMAND: POST /session/48ce7485e2c64a68d867c0ed65041780/element - {"using":"xpath","value":"//input[@id=\"application-manageyards-display-component---NewYard--yardId-inner\"]"}
RESULT: {}
RESULT: {"using":"xpath","value":"//input[@id=\"application-manageyards-display-component---NewYard--yardId-inner\"]"}
COMMAND: POST /session/48ce7485e2c64a68d867c0ed65041780/element - {"using":"xpath","value":"//input[@id=\"application-manageyards-display-component---NewYard--yardId-inner\"]"}
RESULT: {"using":"xpath","value":"//input[@id=\"application-manageyards-display-component---NewYard--yardId-inner\"]"}
COMMAND: POST /session/48ce7485e2c64a68d867c0ed65041780/execute/async - {"script":"<script> [1562 bytes]","args":[{"selector":{"id":"application-manageyards-display-component---NewYard--addressDetailDetailsName1","interaction":{"idSuffix":"inner"}},"wdio_ui5_key":"applicationmanageyards-display-component---NewYard--addressDetailDetailsName1"}]}
RESULT: {"script":"<script> [1562 bytes]","args":[{"selector":{"id":"application-manageyards-display-component---NewYard--addressDetailDetailsName1","interaction":{"idSuffix":"inner"}},"wdio_ui5_key":"applicationmanageyards-display-component---NewYard--addressDetailDetailsName1"}]}
RESULT: undefined
COMMAND: POST /session/48ce7485e2c64a68d867c0ed65041780/execute/async - {"script":"<script> [776 bytes]","args":[{"enterText":"Intracompany Yard wdIO","selector":{"id":"application-manageyards-display-component---NewYard--addressDetailDetailsName1","interaction":{"idSuffix":"inner"}},"clearTextFirst":true,"interactionType":"ENTER_TEXT"}]}
RESULT: {"script":"<script> [776 bytes]","args":[{"enterText":"Intracompany Yard wdIO","selector":{"id":"application-manageyards-display-component---NewYard--addressDetailDetailsName1","interaction":{"idSuffix":"inner"}},"clearTextFirst":true,"interactionType":"ENTER_TEXT"}]}
COMMAND: POST /session/48ce7485e2c64a68d867c0ed65041780/execute/async - {"script":"<script> [1562 bytes]","args":[{"selector":{"id":"application-manageyards-display-component---NewYard--addressDetailDetailsLanguage-arrow"},"wdio_ui5_key":"applicationmanageyards-display-component---NewYard--addressDetailDetailsLanguage-arrow"}]}
RESULT: {"script":"<script> [1562 bytes]","args":[{"selector":{"id":"application-manageyards-display-component---NewYard--addressDetailDetailsLanguage-arrow"},"wdio_ui5_key":"applicationmanageyards-display-component---NewYard--addressDetailDetailsLanguage-arrow"}]}
RESULT: undefined
COMMAND: POST /session/48ce7485e2c64a68d867c0ed65041780/element - {"using":"xpath","value":"//*[@id=\"application-manageyards-display-component---NewYard--addressDetailDetailsLanguage-arrow\"]"}
RESULT: {"using":"xpath","value":"//*[@id=\"application-manageyards-display-component---NewYard--addressDetailDetailsLanguage-arrow\"]"}
COMMAND: POST /session/48ce7485e2c64a68d867c0ed65041780/element/f.1999790E03A964CB3378C0A271C2A0DB.d.D8F523E21D4BD4D513B78DF76892BF6E.e.722/click - {}
RESULT: {}
COMMAND: POST /session/48ce7485e2c64a68d867c0ed65041780/element - {"using":"xpath","value":"//span[contains(text(), \"English\")]"}
COMMAND: GET /session/48ce7485e2c64a68d867c0ed65041780/screenshot - {}
RESULT: {"using":"xpath","value":"//span[contains(text(), \"English\")]"}
COMMAND: POST /session/48ce7485e2c64a68d867c0ed65041780/element/f.1999790E03A964CB3378C0A271C2A0DB.d.D8F523E21D4BD4D513B78DF76892BF6E.e.723/click - {}
RESULT: {}
RESULT: {}
COMMAND: POST /session/48ce7485e2c64a68d867c0ed65041780/execute/async - {"script":"<script> [1562 bytes]","args":[{"selector":{"id":"application-manageyards-display-component---NewYard--addressDetailDetailsCity1","interaction":{"idSuffix":"inner"}},"wdio_ui5_key":"applicationmanageyards-display-component---NewYard--addressDetailDetailsCity1"}]}
COMMAND: GET /session/48ce7485e2c64a68d867c0ed65041780/screenshot - {}
RESULT: {"script":"<script> [1562 bytes]","args":[{"selector":{"id":"application-manageyards-display-component---NewYard--addressDetailDetailsCity1","interaction":{"idSuffix":"inner"}},"wdio_ui5_key":"applicationmanageyards-display-component---NewYard--addressDetailDetailsCity1"}]}
RESULT: undefined
COMMAND: POST /session/48ce7485e2c64a68d867c0ed65041780/execute/async - {"script":"<script> [776 bytes]","args":[{"enterText":"Rosario","selector":{"id":"application-manageyards-display-component---NewYard--addressDetailDetailsCity1","interaction":{"idSuffix":"inner"}},"clearTextFirst":true,"interactionType":"ENTER_TEXT"}]}
RESULT: {}
RESULT: {"script":"<script> [776 bytes]","args":[{"enterText":"Rosario","selector":{"id":"application-manageyards-display-component---NewYard--addressDetailDetailsCity1","interaction":{"idSuffix":"inner"}},"clearTextFirst":true,"interactionType":"ENTER_TEXT"}]}
COMMAND: POST /session/48ce7485e2c64a68d867c0ed65041780/execute/async - {"script":"<script> [1562 bytes]","args":[{"selector":{"id":"application-manageyards-display-component---NewYard--addressDetailDetailsCountry-arrow"},"wdio_ui5_key":"applicationmanageyards-display-component---NewYard--addressDetailDetailsCountry-arrow"}]}
RESULT: {"script":"<script> [1562 bytes]","args":[{"selector":{"id":"application-manageyards-display-component---NewYard--addressDetailDetailsCountry-arrow"},"wdio_ui5_key":"applicationmanageyards-display-component---NewYard--addressDetailDetailsCountry-arrow"}]}
RESULT: undefined
COMMAND: POST /session/48ce7485e2c64a68d867c0ed65041780/element - {"using":"xpath","value":"//*[@id=\"application-manageyards-display-component---NewYard--addressDetailDetailsCountry-arrow\"]"}
RESULT: {"using":"xpath","value":"//*[@id=\"application-manageyards-display-component---NewYard--addressDetailDetailsCountry-arrow\"]"}
COMMAND: POST /session/48ce7485e2c64a68d867c0ed65041780/element/f.1999790E03A964CB3378C0A271C2A0DB.d.D8F523E21D4BD4D513B78DF76892BF6E.e.725/click - {}
RESULT: {}
COMMAND: POST /session/48ce7485e2c64a68d867c0ed65041780/element - {"using":"xpath","value":"//span[contains(text(), \"Argentina\")]"}
COMMAND: GET /session/48ce7485e2c64a68d867c0ed65041780/screenshot - {}
RESULT: {"using":"xpath","value":"//span[contains(text(), \"Argentina\")]"}
COMMAND: POST /session/48ce7485e2c64a68d867c0ed65041780/element/f.1999790E03A964CB3378C0A271C2A0DB.d.D8F523E21D4BD4D513B78DF76892BF6E.e.727/click - {}
RESULT: {}
RESULT: {}
COMMAND: POST /session/48ce7485e2c64a68d867c0ed65041780/execute/async - {"script":"<script> [1562 bytes]","args":[{"selector":{"id":"application-manageyards-display-component---NewYard--addressEditDetailsCostObjectCstType-arrow"},"wdio_ui5_key":"applicationmanageyards-display-component---NewYard--addressEditDetailsCostObjectCstType-arrow"}]}
COMMAND: GET /session/48ce7485e2c64a68d867c0ed65041780/screenshot - {}
RESULT: {"script":"<script> [1562 bytes]","args":[{"selector":{"id":"application-manageyards-display-component---NewYard--addressEditDetailsCostObjectCstType-arrow"},"wdio_ui5_key":"applicationmanageyards-display-component---NewYard--addressEditDetailsCostObjectCstType-arrow"}]}
RESULT: undefined
COMMAND: POST /session/48ce7485e2c64a68d867c0ed65041780/element - {"using":"xpath","value":"//*[@id=\"application-manageyards-display-component---NewYard--addressEditDetailsCostObjectCstType-arrow\"]"}
RESULT: {}
RESULT: {"using":"xpath","value":"//*[@id=\"application-manageyards-display-component---NewYard--addressEditDetailsCostObjectCstType-arrow\"]"}
COMMAND: POST /session/48ce7485e2c64a68d867c0ed65041780/element/f.1999790E03A964CB3378C0A271C2A0DB.d.D8F523E21D4BD4D513B78DF76892BF6E.e.728/click - {}
RESULT: {}
COMMAND: POST /session/48ce7485e2c64a68d867c0ed65041780/element - {"using":"xpath","value":"//span[contains(text(), \"Cost Center\")]"}
COMMAND: GET /session/48ce7485e2c64a68d867c0ed65041780/screenshot - {}
RESULT: {"using":"xpath","value":"//span[contains(text(), \"Cost Center\")]"}
COMMAND: POST /session/48ce7485e2c64a68d867c0ed65041780/element/f.1999790E03A964CB3378C0A271C2A0DB.d.D8F523E21D4BD4D513B78DF76892BF6E.e.729/click - {}
RESULT: {}
RESULT: {}
COMMAND: GET /session/48ce7485e2c64a68d867c0ed65041780/screenshot - {}
RESULT: {}
COMMAND: POST /session/48ce7485e2c64a68d867c0ed65041780/element - {"using":"xpath","value":"//span[@id=\"application-manageyards-display-component---NewYard--addressNewCostObjectCstID-vhi\"]"}
RESULT: {"using":"xpath","value":"//span[@id=\"application-manageyards-display-component---NewYard--addressNewCostObjectCstID-vhi\"]"}
COMMAND: POST /session/48ce7485e2c64a68d867c0ed65041780/execute/sync - {"script":"<script> [8489 bytes]","args":[{"element-6066-11e4-a52e-4f735466cecf":"f.1999790E03A964CB3378C0A271C2A0DB.d.D8F523E21D4BD4D513B78DF76892BF6E.e.733","ELEMENT":"f.1999790E03A964CB3378C0A271C2A0DB.d.D8F523E21D4BD4D513B78DF76892BF6E.e.733"}]}
RESULT: {"script":"<script> [8489 bytes]","args":[{"element-6066-11e4-a52e-4f735466cecf":"f.1999790E03A964CB3378C0A271C2A0DB.d.D8F523E21D4BD4D513B78DF76892BF6E.e.733","ELEMENT":"f.1999790E03A964CB3378C0A271C2A0DB.d.D8F523E21D4BD4D513B78DF76892BF6E.e.733"}]}
COMMAND: POST /session/48ce7485e2c64a68d867c0ed65041780/execute/async - {"script":"<script> [1562 bytes]","args":[{"selector":{"id":"application-manageyards-display-component---NewYard--addressNewCostObjectCstID-vhi"},"wdio_ui5_key":"applicationmanageyards-display-component---NewYard--addressNewCostObjectCstID-vhi"}]}
COMMAND: GET /session/48ce7485e2c64a68d867c0ed65041780/screenshot - {}
RESULT: {"script":"<script> [1562 bytes]","args":[{"selector":{"id":"application-manageyards-display-component---NewYard--addressNewCostObjectCstID-vhi"},"wdio_ui5_key":"applicationmanageyards-display-component---NewYard--addressNewCostObjectCstID-vhi"}]}
RESULT: undefined
COMMAND: POST /session/48ce7485e2c64a68d867c0ed65041780/element - {"using":"xpath","value":"//*[@id=\"application-manageyards-display-component---NewYard--addressNewCostObjectCstID-vhi\"]"}
RESULT: {}
RESULT: {"using":"xpath","value":"//*[@id=\"application-manageyards-display-component---NewYard--addressNewCostObjectCstID-vhi\"]"}
COMMAND: POST /session/48ce7485e2c64a68d867c0ed65041780/element/f.1999790E03A964CB3378C0A271C2A0DB.d.D8F523E21D4BD4D513B78DF76892BF6E.e.733/click - {}
RESULT: {}
COMMAND: GET /session/48ce7485e2c64a68d867c0ed65041780/screenshot - {}
RESULT: {}
COMMAND: POST /session/48ce7485e2c64a68d867c0ed65041780/execute/async - {"script":"<script> [1562 bytes]","args":[{"selector":{"controlType":"sap.m.SearchField","properties":{"placeholder":"Search"},"searchOpenDialogs":true,"interaction":{"idSuffix":"I"}},"wdio_ui5_key":"sapm.SearchField{\"placeholder\":\"Search\"}"}]}
RESULT: {"script":"<script> [1562 bytes]","args":[{"selector":{"controlType":"sap.m.SearchField","properties":{"placeholder":"Search"},"searchOpenDialogs":true,"interaction":{"idSuffix":"I"}},"wdio_ui5_key":"sapm.SearchField{\"placeholder\":\"Search\"}"}]}
RESULT: undefined
COMMAND: POST /session/48ce7485e2c64a68d867c0ed65041780/execute/async - {"script":"<script> [776 bytes]","args":[{"enterText":"bauh_b","selector":{"controlType":"sap.m.SearchField","properties":{"placeholder":"Search"},"searchOpenDialogs":true,"interaction":{"idSuffix":"I"}},"clearTextFirst":true,"interactionType":"ENTER_TEXT"}]}
RESULT: {"script":"<script> [776 bytes]","args":[{"enterText":"bauh_b","selector":{"controlType":"sap.m.SearchField","properties":{"placeholder":"Search"},"searchOpenDialogs":true,"interaction":{"idSuffix":"I"}},"clearTextFirst":true,"interactionType":"ENTER_TEXT"}]}
COMMAND: POST /session/48ce7485e2c64a68d867c0ed65041780/actions - {"actions":[{"id":"action1","type":"key","parameters":{},"actions":[{"type":"keyDown","value":""},{"type":"pause","duration":10},{"type":"keyUp","value":""}]}]}
RESULT: {"actions":[{"id":"action1","type":"key","parameters":{},"actions":[{"type":"keyDown","value":""},{"type":"pause","duration":10},{"type":"keyUp","value":""}]}]}
COMMAND: GET /session/48ce7485e2c64a68d867c0ed65041780/screenshot - {}
RESULT: {}
COMMAND: POST /session/48ce7485e2c64a68d867c0ed65041780/element - {"using":"xpath","value":"//span[contains(text(), \"Demo Yard\")]"}
RESULT: {"using":"xpath","value":"//span[contains(text(), \"Demo Yard\")]"}
COMMAND: POST /session/48ce7485e2c64a68d867c0ed65041780/element/f.1999790E03A964CB3378C0A271C2A0DB.d.D8F523E21D4BD4D513B78DF76892BF6E.e.775/click - {}
RESULT: {}
COMMAND: GET /session/48ce7485e2c64a68d867c0ed65041780/screenshot - {}
RESULT: {}
COMMAND: POST /session/48ce7485e2c64a68d867c0ed65041780/element - {"using":"xpath","value":"//bdi[contains(text(), \"OK\")]"}
RESULT: {"using":"xpath","value":"//bdi[contains(text(), \"OK\")]"}
COMMAND: POST /session/48ce7485e2c64a68d867c0ed65041780/element/f.1999790E03A964CB3378C0A271C2A0DB.d.D8F523E21D4BD4D513B78DF76892BF6E.e.776/click - {}
RESULT: {}
COMMAND: GET /session/48ce7485e2c64a68d867c0ed65041780/screenshot - {}
RESULT: {}
COMMAND: POST /session/48ce7485e2c64a68d867c0ed65041780/execute/async - {"script":"<script> [1562 bytes]","args":[{"selector":{"id":"application-manageyards-display-component---NewYard--addressEditDetailsCurrency-arrow"},"wdio_ui5_key":"applicationmanageyards-display-component---NewYard--addressEditDetailsCurrency-arrow"}]}
RESULT: {"script":"<script> [1562 bytes]","args":[{"selector":{"id":"application-manageyards-display-component---NewYard--addressEditDetailsCurrency-arrow"},"wdio_ui5_key":"applicationmanageyards-display-component---NewYard--addressEditDetailsCurrency-arrow"}]}
RESULT: undefined
COMMAND: POST /session/48ce7485e2c64a68d867c0ed65041780/element - {"using":"xpath","value":"//*[@id=\"application-manageyards-display-component---NewYard--addressEditDetailsCurrency-arrow\"]"}
RESULT: {"using":"xpath","value":"//*[@id=\"application-manageyards-display-component---NewYard--addressEditDetailsCurrency-arrow\"]"}
COMMAND: POST /session/48ce7485e2c64a68d867c0ed65041780/element/f.1999790E03A964CB3378C0A271C2A0DB.d.D8F523E21D4BD4D513B78DF76892BF6E.e.779/click - {}
RESULT: {}
COMMAND: POST /session/48ce7485e2c64a68d867c0ed65041780/element - {"using":"xpath","value":"//span[contains(text(), \"Euro\")]"}
COMMAND: GET /session/48ce7485e2c64a68d867c0ed65041780/screenshot - {}
RESULT: {"using":"xpath","value":"//span[contains(text(), \"Euro\")]"}
COMMAND: POST /session/48ce7485e2c64a68d867c0ed65041780/element/f.1999790E03A964CB3378C0A271C2A0DB.d.D8F523E21D4BD4D513B78DF76892BF6E.e.780/click - {}
RESULT: {}
RESULT: {}
COMMAND: POST /session/48ce7485e2c64a68d867c0ed65041780/execute/async - {"script":"<script> [1562 bytes]","args":[{"selector":{"controlType":"sap.m.Input","viewName":"etm.portal.ui.manageyards.view.New","viewId":"application-manageyards-display-component---NewYard","bindingPath":{"path":"","propertyPath":"/CONTROLLING_AREA","modelName":"NewYardModel"},"interaction":{"idSuffix":"inner"}},"wdio_ui5_key":"etmportal.ui.manageyards.view.Newsap.m.Input{\"path\":\"\",\"propertyPath\":\"/CONTROLLING_AREA\",\"modelName\":\"NewYardModel\"}"}]}
COMMAND: GET /session/48ce7485e2c64a68d867c0ed65041780/screenshot - {}
RESULT: {"script":"<script> [1562 bytes]","args":[{"selector":{"controlType":"sap.m.Input","viewName":"etm.portal.ui.manageyards.view.New","viewId":"application-manageyards-display-component---NewYard","bindingPath":{"path":"","propertyPath":"/CONTROLLING_AREA","modelName":"NewYardModel"},"interaction":{"idSuffix":"inner"}},"wdio_ui5_key":"etmportal.ui.manageyards.view.Newsap.m.Input{\"path\":\"\",\"propertyPath\":\"/CONTROLLING_AREA\",\"modelName\":\"NewYardModel\"}"}]}
RESULT: undefined
COMMAND: POST /session/48ce7485e2c64a68d867c0ed65041780/execute/async - {"script":"<script> [776 bytes]","args":[{"enterText":"Z001","selector":{"controlType":"sap.m.Input","viewName":"etm.portal.ui.manageyards.view.New","viewId":"application-manageyards-display-component---NewYard","bindingPath":{"path":"","propertyPath":"/CONTROLLING_AREA","modelName":"NewYardModel"},"interaction":{"idSuffix":"inner"}},"clearTextFirst":true,"interactionType":"ENTER_TEXT"}]}
RESULT: {}
RESULT: {"script":"<script> [776 bytes]","args":[{"enterText":"Z001","selector":{"controlType":"sap.m.Input","viewName":"etm.portal.ui.manageyards.view.New","viewId":"application-manageyards-display-component---NewYard","bindingPath":{"path":"","propertyPath":"/CONTROLLING_AREA","modelName":"NewYardModel"},"interaction":{"idSuffix":"inner"}},"clearTextFirst":true,"interactionType":"ENTER_TEXT"}]}
COMMAND: POST /session/48ce7485e2c64a68d867c0ed65041780/execute/async - {"script":"<script> [1562 bytes]","args":[{"selector":{"id":"application-manageyards-display-component---NewYard--companyCodeComboBox","interaction":{"idSuffix":"inner"}},"wdio_ui5_key":"applicationmanageyards-display-component---NewYard--companyCodeComboBox"}]}
RESULT: {"script":"<script> [1562 bytes]","args":[{"selector":{"id":"application-manageyards-display-component---NewYard--companyCodeComboBox","interaction":{"idSuffix":"inner"}},"wdio_ui5_key":"applicationmanageyards-display-component---NewYard--companyCodeComboBox"}]}
RESULT: undefined
COMMAND: POST /session/48ce7485e2c64a68d867c0ed65041780/execute/async - {"script":"<script> [776 bytes]","args":[{"enterText":"1000","selector":{"id":"application-manageyards-display-component---NewYard--companyCodeComboBox","interaction":{"idSuffix":"inner"}},"clearTextFirst":true,"interactionType":"ENTER_TEXT"}]}
RESULT: {"script":"<script> [776 bytes]","args":[{"enterText":"1000","selector":{"id":"application-manageyards-display-component---NewYard--companyCodeComboBox","interaction":{"idSuffix":"inner"}},"clearTextFirst":true,"interactionType":"ENTER_TEXT"}]}
COMMAND: POST /session/48ce7485e2c64a68d867c0ed65041780/execute/async - {"script":"<script> [1562 bytes]","args":[{"selector":{"controlType":"sap.m.Input","viewName":"etm.portal.ui.manageyards.view.New","viewId":"application-manageyards-display-component---NewYard","bindingPath":{"path":"","propertyPath":"/PLANT","modelName":"NewYardModel"},"interaction":{"idSuffix":"inner"}},"wdio_ui5_key":"etmportal.ui.manageyards.view.Newsap.m.Input{\"path\":\"\",\"propertyPath\":\"/PLANT\",\"modelName\":\"NewYardModel\"}"}]}
RESULT: {"script":"<script> [1562 bytes]","args":[{"selector":{"controlType":"sap.m.Input","viewName":"etm.portal.ui.manageyards.view.New","viewId":"application-manageyards-display-component---NewYard","bindingPath":{"path":"","propertyPath":"/PLANT","modelName":"NewYardModel"},"interaction":{"idSuffix":"inner"}},"wdio_ui5_key":"etmportal.ui.manageyards.view.Newsap.m.Input{\"path\":\"\",\"propertyPath\":\"/PLANT\",\"modelName\":\"NewYardModel\"}"}]}
RESULT: undefined
COMMAND: POST /session/48ce7485e2c64a68d867c0ed65041780/execute/async - {"script":"<script> [776 bytes]","args":[{"enterText":"1001","selector":{"controlType":"sap.m.Input","viewName":"etm.portal.ui.manageyards.view.New","viewId":"application-manageyards-display-component---NewYard","bindingPath":{"path":"","propertyPath":"/PLANT","modelName":"NewYardModel"},"interaction":{"idSuffix":"inner"}},"clearTextFirst":true,"interactionType":"ENTER_TEXT"}]}
RESULT: {"script":"<script> [776 bytes]","args":[{"enterText":"1001","selector":{"controlType":"sap.m.Input","viewName":"etm.portal.ui.manageyards.view.New","viewId":"application-manageyards-display-component---NewYard","bindingPath":{"path":"","propertyPath":"/PLANT","modelName":"NewYardModel"},"interaction":{"idSuffix":"inner"}},"clearTextFirst":true,"interactionType":"ENTER_TEXT"}]}
COMMAND: POST /session/48ce7485e2c64a68d867c0ed65041780/execute/async - {"script":"<script> [1562 bytes]","args":[{"selector":{"controlType":"sap.m.Input","viewName":"etm.portal.ui.manageyards.view.New","viewId":"application-manageyards-display-component---NewYard","bindingPath":{"path":"","propertyPath":"/SALES_AREA_VKORG","modelName":"NewYardModel"},"interaction":{"idSuffix":"inner"}},"wdio_ui5_key":"etmportal.ui.manageyards.view.Newsap.m.Input{\"path\":\"\",\"propertyPath\":\"/SALES_AREA_VKORG\",\"modelName\":\"NewYardModel\"}"}]}
RESULT: {"script":"<script> [1562 bytes]","args":[{"selector":{"controlType":"sap.m.Input","viewName":"etm.portal.ui.manageyards.view.New","viewId":"application-manageyards-display-component---NewYard","bindingPath":{"path":"","propertyPath":"/SALES_AREA_VKORG","modelName":"NewYardModel"},"interaction":{"idSuffix":"inner"}},"wdio_ui5_key":"etmportal.ui.manageyards.view.Newsap.m.Input{\"path\":\"\",\"propertyPath\":\"/SALES_AREA_VKORG\",\"modelName\":\"NewYardModel\"}"}]}
RESULT: undefined
COMMAND: POST /session/48ce7485e2c64a68d867c0ed65041780/execute/async - {"script":"<script> [776 bytes]","args":[{"enterText":"C002","selector":{"controlType":"sap.m.Input","viewName":"etm.portal.ui.manageyards.view.New","viewId":"application-manageyards-display-component---NewYard","bindingPath":{"path":"","propertyPath":"/SALES_AREA_VKORG","modelName":"NewYardModel"},"interaction":{"idSuffix":"inner"}},"clearTextFirst":true,"interactionType":"ENTER_TEXT"}]}
RESULT: {"script":"<script> [776 bytes]","args":[{"enterText":"C002","selector":{"controlType":"sap.m.Input","viewName":"etm.portal.ui.manageyards.view.New","viewId":"application-manageyards-display-component---NewYard","bindingPath":{"path":"","propertyPath":"/SALES_AREA_VKORG","modelName":"NewYardModel"},"interaction":{"idSuffix":"inner"}},"clearTextFirst":true,"interactionType":"ENTER_TEXT"}]}
COMMAND: POST /session/48ce7485e2c64a68d867c0ed65041780/execute/async - {"script":"<script> [1562 bytes]","args":[{"selector":{"controlType":"sap.m.Input","viewName":"etm.portal.ui.manageyards.view.New","viewId":"application-manageyards-display-component---NewYard","bindingPath":{"path":"","propertyPath":"/SALES_AREA_VTWEG","modelName":"NewYardModel"},"interaction":{"idSuffix":"inner"}},"wdio_ui5_key":"etmportal.ui.manageyards.view.Newsap.m.Input{\"path\":\"\",\"propertyPath\":\"/SALES_AREA_VTWEG\",\"modelName\":\"NewYardModel\"}"}]}
RESULT: {"script":"<script> [1562 bytes]","args":[{"selector":{"controlType":"sap.m.Input","viewName":"etm.portal.ui.manageyards.view.New","viewId":"application-manageyards-display-component---NewYard","bindingPath":{"path":"","propertyPath":"/SALES_AREA_VTWEG","modelName":"NewYardModel"},"interaction":{"idSuffix":"inner"}},"wdio_ui5_key":"etmportal.ui.manageyards.view.Newsap.m.Input{\"path\":\"\",\"propertyPath\":\"/SALES_AREA_VTWEG\",\"modelName\":\"NewYardModel\"}"}]}
RESULT: undefined
COMMAND: POST /session/48ce7485e2c64a68d867c0ed65041780/execute/async - {"script":"<script> [776 bytes]","args":[{"enterText":"C2","selector":{"controlType":"sap.m.Input","viewName":"etm.portal.ui.manageyards.view.New","viewId":"application-manageyards-display-component---NewYard","bindingPath":{"path":"","propertyPath":"/SALES_AREA_VTWEG","modelName":"NewYardModel"},"interaction":{"idSuffix":"inner"}},"clearTextFirst":true,"interactionType":"ENTER_TEXT"}]}
RESULT: {"script":"<script> [776 bytes]","args":[{"enterText":"C2","selector":{"controlType":"sap.m.Input","viewName":"etm.portal.ui.manageyards.view.New","viewId":"application-manageyards-display-component---NewYard","bindingPath":{"path":"","propertyPath":"/SALES_AREA_VTWEG","modelName":"NewYardModel"},"interaction":{"idSuffix":"inner"}},"clearTextFirst":true,"interactionType":"ENTER_TEXT"}]}
COMMAND: POST /session/48ce7485e2c64a68d867c0ed65041780/execute/async - {"script":"<script> [1562 bytes]","args":[{"selector":{"controlType":"sap.m.Input","viewName":"etm.portal.ui.manageyards.view.New","viewId":"application-manageyards-display-component---NewYard","bindingPath":{"path":"","propertyPath":"/SALES_AREA_SPART","modelName":"NewYardModel"},"interaction":{"idSuffix":"inner"}},"wdio_ui5_key":"etmportal.ui.manageyards.view.Newsap.m.Input{\"path\":\"\",\"propertyPath\":\"/SALES_AREA_SPART\",\"modelName\":\"NewYardModel\"}"}]}
RESULT: {"script":"<script> [1562 bytes]","args":[{"selector":{"controlType":"sap.m.Input","viewName":"etm.portal.ui.manageyards.view.New","viewId":"application-manageyards-display-component---NewYard","bindingPath":{"path":"","propertyPath":"/SALES_AREA_SPART","modelName":"NewYardModel"},"interaction":{"idSuffix":"inner"}},"wdio_ui5_key":"etmportal.ui.manageyards.view.Newsap.m.Input{\"path\":\"\",\"propertyPath\":\"/SALES_AREA_SPART\",\"modelName\":\"NewYardModel\"}"}]}
RESULT: undefined
COMMAND: POST /session/48ce7485e2c64a68d867c0ed65041780/execute/async - {"script":"<script> [776 bytes]","args":[{"enterText":"C2","selector":{"controlType":"sap.m.Input","viewName":"etm.portal.ui.manageyards.view.New","viewId":"application-manageyards-display-component---NewYard","bindingPath":{"path":"","propertyPath":"/SALES_AREA_SPART","modelName":"NewYardModel"},"interaction":{"idSuffix":"inner"}},"clearTextFirst":true,"interactionType":"ENTER_TEXT"}]}
RESULT: {"script":"<script> [776 bytes]","args":[{"enterText":"C2","selector":{"controlType":"sap.m.Input","viewName":"etm.portal.ui.manageyards.view.New","viewId":"application-manageyards-display-component---NewYard","bindingPath":{"path":"","propertyPath":"/SALES_AREA_SPART","modelName":"NewYardModel"},"interaction":{"idSuffix":"inner"}},"clearTextFirst":true,"interactionType":"ENTER_TEXT"}]}
COMMAND: POST /session/48ce7485e2c64a68d867c0ed65041780/execute/async - {"script":"<script> [1562 bytes]","args":[{"selector":{"controlType":"sap.m.Input","viewName":"etm.portal.ui.manageyards.view.New","viewId":"application-manageyards-display-component---NewYard","bindingPath":{"path":"","propertyPath":"/SHIP_POINT","modelName":"NewYardModel"},"interaction":{"idSuffix":"inner"}},"wdio_ui5_key":"etmportal.ui.manageyards.view.Newsap.m.Input{\"path\":\"\",\"propertyPath\":\"/SHIP_POINT\",\"modelName\":\"NewYardModel\"}"}]}
RESULT: {"script":"<script> [1562 bytes]","args":[{"selector":{"controlType":"sap.m.Input","viewName":"etm.portal.ui.manageyards.view.New","viewId":"application-manageyards-display-component---NewYard","bindingPath":{"path":"","propertyPath":"/SHIP_POINT","modelName":"NewYardModel"},"interaction":{"idSuffix":"inner"}},"wdio_ui5_key":"etmportal.ui.manageyards.view.Newsap.m.Input{\"path\":\"\",\"propertyPath\":\"/SHIP_POINT\",\"modelName\":\"NewYardModel\"}"}]}
RESULT: undefined
COMMAND: POST /session/48ce7485e2c64a68d867c0ed65041780/execute/async - {"script":"<script> [776 bytes]","args":[{"enterText":"1710","selector":{"controlType":"sap.m.Input","viewName":"etm.portal.ui.manageyards.view.New","viewId":"application-manageyards-display-component---NewYard","bindingPath":{"path":"","propertyPath":"/SHIP_POINT","modelName":"NewYardModel"},"interaction":{"idSuffix":"inner"}},"clearTextFirst":true,"interactionType":"ENTER_TEXT"}]}
RESULT: {"script":"<script> [776 bytes]","args":[{"enterText":"1710","selector":{"controlType":"sap.m.Input","viewName":"etm.portal.ui.manageyards.view.New","viewId":"application-manageyards-display-component---NewYard","bindingPath":{"path":"","propertyPath":"/SHIP_POINT","modelName":"NewYardModel"},"interaction":{"idSuffix":"inner"}},"clearTextFirst":true,"interactionType":"ENTER_TEXT"}]}
COMMAND: POST /session/48ce7485e2c64a68d867c0ed65041780/execute/async - {"script":"<script> [1562 bytes]","args":[{"selector":{"controlType":"sap.m.Input","viewName":"etm.portal.ui.manageyards.view.New","viewId":"application-manageyards-display-component---NewYard","bindingPath":{"path":"","propertyPath":"/DELIVERY_TYPE","modelName":"NewYardModel"},"interaction":{"idSuffix":"inner"}},"wdio_ui5_key":"etmportal.ui.manageyards.view.Newsap.m.Input{\"path\":\"\",\"propertyPath\":\"/DELIVERY_TYPE\",\"modelName\":\"NewYardModel\"}"}]}
RESULT: {"script":"<script> [1562 bytes]","args":[{"selector":{"controlType":"sap.m.Input","viewName":"etm.portal.ui.manageyards.view.New","viewId":"application-manageyards-display-component---NewYard","bindingPath":{"path":"","propertyPath":"/DELIVERY_TYPE","modelName":"NewYardModel"},"interaction":{"idSuffix":"inner"}},"wdio_ui5_key":"etmportal.ui.manageyards.view.Newsap.m.Input{\"path\":\"\",\"propertyPath\":\"/DELIVERY_TYPE\",\"modelName\":\"NewYardModel\"}"}]}
RESULT: undefined
COMMAND: POST /session/48ce7485e2c64a68d867c0ed65041780/execute/async - {"script":"<script> [776 bytes]","args":[{"enterText":"ZL01","selector":{"controlType":"sap.m.Input","viewName":"etm.portal.ui.manageyards.view.New","viewId":"application-manageyards-display-component---NewYard","bindingPath":{"path":"","propertyPath":"/DELIVERY_TYPE","modelName":"NewYardModel"},"interaction":{"idSuffix":"inner"}},"clearTextFirst":true,"interactionType":"ENTER_TEXT"}]}
RESULT: {"script":"<script> [776 bytes]","args":[{"enterText":"ZL01","selector":{"controlType":"sap.m.Input","viewName":"etm.portal.ui.manageyards.view.New","viewId":"application-manageyards-display-component---NewYard","bindingPath":{"path":"","propertyPath":"/DELIVERY_TYPE","modelName":"NewYardModel"},"interaction":{"idSuffix":"inner"}},"clearTextFirst":true,"interactionType":"ENTER_TEXT"}]}
COMMAND: POST /session/48ce7485e2c64a68d867c0ed65041780/execute/async - {"script":"<script> [1562 bytes]","args":[{"selector":{"controlType":"sap.m.Input","viewName":"etm.portal.ui.manageyards.view.New","viewId":"application-manageyards-display-component---NewYard","bindingPath":{"path":"","propertyPath":"/AUART","modelName":"NewYardModel"},"interaction":{"idSuffix":"inner"}},"wdio_ui5_key":"etmportal.ui.manageyards.view.Newsap.m.Input{\"path\":\"\",\"propertyPath\":\"/AUART\",\"modelName\":\"NewYardModel\"}"}]}
RESULT: {"script":"<script> [1562 bytes]","args":[{"selector":{"controlType":"sap.m.Input","viewName":"etm.portal.ui.manageyards.view.New","viewId":"application-manageyards-display-component---NewYard","bindingPath":{"path":"","propertyPath":"/AUART","modelName":"NewYardModel"},"interaction":{"idSuffix":"inner"}},"wdio_ui5_key":"etmportal.ui.manageyards.view.Newsap.m.Input{\"path\":\"\",\"propertyPath\":\"/AUART\",\"modelName\":\"NewYardModel\"}"}]}
RESULT: undefined
COMMAND: POST /session/48ce7485e2c64a68d867c0ed65041780/execute/async - {"script":"<script> [776 bytes]","args":[{"enterText":"TA","selector":{"controlType":"sap.m.Input","viewName":"etm.portal.ui.manageyards.view.New","viewId":"application-manageyards-display-component---NewYard","bindingPath":{"path":"","propertyPath":"/AUART","modelName":"NewYardModel"},"interaction":{"idSuffix":"inner"}},"clearTextFirst":true,"interactionType":"ENTER_TEXT"}]}
RESULT: {"script":"<script> [776 bytes]","args":[{"enterText":"TA","selector":{"controlType":"sap.m.Input","viewName":"etm.portal.ui.manageyards.view.New","viewId":"application-manageyards-display-component---NewYard","bindingPath":{"path":"","propertyPath":"/AUART","modelName":"NewYardModel"},"interaction":{"idSuffix":"inner"}},"clearTextFirst":true,"interactionType":"ENTER_TEXT"}]}
COMMAND: POST /session/48ce7485e2c64a68d867c0ed65041780/element - {"using":"xpath","value":"//button[@data-kt=\"newYardSaveButton\"]"}
RESULT: {"using":"xpath","value":"//button[@data-kt=\"newYardSaveButton\"]"}
COMMAND: POST /session/48ce7485e2c64a68d867c0ed65041780/element/f.1999790E03A964CB3378C0A271C2A0DB.d.D8F523E21D4BD4D513B78DF76892BF6E.e.680/click - {}
RESULT: {}
COMMAND: GET /session/48ce7485e2c64a68d867c0ed65041780/screenshot - {}
RESULT: {}
COMMAND: POST /session/48ce7485e2c64a68d867c0ed65041780/element - {"using":"xpath","value":"//header[contains(@id, 'ObjectPageLayout-headerTitle')]/div[1]/div[2]/div[1]/span[1]"}
RESULT: {"using":"xpath","value":"//header[contains(@id, 'ObjectPageLayout-headerTitle')]/div[1]/div[2]/div[1]/span[1]"}
COMMAND: POST /session/48ce7485e2c64a68d867c0ed65041780/elements - {"using":"xpath","value":"//header[contains(@id, 'ObjectPageLayout-headerTitle')]/div[1]/div[2]/div[1]/span[1]"}
RESULT: {"using":"xpath","value":"//header[contains(@id, 'ObjectPageLayout-headerTitle')]/div[1]/div[2]/div[1]/span[1]"}
COMMAND: POST /session/48ce7485e2c64a68d867c0ed65041780/execute/sync - {"script":"<script> [56 bytes]","args":[{"element-6066-11e4-a52e-4f735466cecf":"f.1999790E03A964CB3378C0A271C2A0DB.d.D8F523E21D4BD4D513B78DF76892BF6E.e.997","ELEMENT":"f.1999790E03A964CB3378C0A271C2A0DB.d.D8F523E21D4BD4D513B78DF76892BF6E.e.997"}]}
RESULT: {"script":"<script> [56 bytes]","args":[{"element-6066-11e4-a52e-4f735466cecf":"f.1999790E03A964CB3378C0A271C2A0DB.d.D8F523E21D4BD4D513B78DF76892BF6E.e.997","ELEMENT":"f.1999790E03A964CB3378C0A271C2A0DB.d.D8F523E21D4BD4D513B78DF76892BF6E.e.997"}]}
COMMAND: GET /session/48ce7485e2c64a68d867c0ed65041780/screenshot - {}
RESULT: {}
COMMAND: POST /session/48ce7485e2c64a68d867c0ed65041780/element - {"using":"css selector","value":"#shell-header-logo"}
RESULT: {"using":"css selector","value":"#shell-header-logo"}
COMMAND: POST /session/48ce7485e2c64a68d867c0ed65041780/element/f.1999790E03A964CB3378C0A271C2A0DB.d.D8F523E21D4BD4D513B78DF76892BF6E.e.259/click - {}
RESULT: {}
COMMAND: GET /session/48ce7485e2c64a68d867c0ed65041780/screenshot - {}
RESULT: {}
COMMAND: POST /session/48ce7485e2c64a68d867c0ed65041780/execute/sync - {"script":"<script> [299 bytes]","args":[["getModel","getResource"]]}
RESULT: {"script":"<script> [299 bytes]","args":[["getModel","getResource"]]}
COMMAND: GET /session/48ce7485e2c64a68d867c0ed65041780/screenshot - {}
]]></system-out>
    </testcase>
    <testcase classname="chrome.136_0_7103_93.windows.Partner_specific_tests_US150819_US151080_US151654_US151176_US103444_US151078_US151079_US151109_US151174_US151175_US151189" name="Should create new external partner US150819" time="106.587">
      <system-out><![CDATA[
COMMAND: POST /session/48ce7485e2c64a68d867c0ed65041780/element - {"using":"xpath","value":"//li[.//span[text()=\"Manage Partners\"]]"}
RESULT: {"using":"xpath","value":"//li[.//span[text()=\"Manage Partners\"]]"}
COMMAND: POST /session/48ce7485e2c64a68d867c0ed65041780/element - {"using":"xpath","value":"//li[.//span[text()=\"Manage Partners\"]]"}
RESULT: {}
RESULT: {"using":"xpath","value":"//li[.//span[text()=\"Manage Partners\"]]"}
COMMAND: POST /session/48ce7485e2c64a68d867c0ed65041780/element - {"using":"css selector","value":"#shell-header-logo"}
RESULT: {"using":"css selector","value":"#shell-header-logo"}
COMMAND: POST /session/48ce7485e2c64a68d867c0ed65041780/element/f.1999790E03A964CB3378C0A271C2A0DB.d.D8F523E21D4BD4D513B78DF76892BF6E.e.1000/click - {}
COMMAND: POST /session/48ce7485e2c64a68d867c0ed65041780/execute/sync - {"script":"<script> [8489 bytes]","args":[{"element-6066-11e4-a52e-4f735466cecf":"f.1999790E03A964CB3378C0A271C2A0DB.d.D8F523E21D4BD4D513B78DF76892BF6E.e.1000","ELEMENT":"f.1999790E03A964CB3378C0A271C2A0DB.d.D8F523E21D4BD4D513B78DF76892BF6E.e.1000"}]}
RESULT: {"script":"<script> [8489 bytes]","args":[{"element-6066-11e4-a52e-4f735466cecf":"f.1999790E03A964CB3378C0A271C2A0DB.d.D8F523E21D4BD4D513B78DF76892BF6E.e.1000","ELEMENT":"f.1999790E03A964CB3378C0A271C2A0DB.d.D8F523E21D4BD4D513B78DF76892BF6E.e.1000"}]}
COMMAND: POST /session/48ce7485e2c64a68d867c0ed65041780/execute/sync - {"script":"<script> [5351 bytes]","args":[{"element-6066-11e4-a52e-4f735466cecf":"f.1999790E03A964CB3378C0A271C2A0DB.d.D8F523E21D4BD4D513B78DF76892BF6E.e.1000","ELEMENT":"f.1999790E03A964CB3378C0A271C2A0DB.d.D8F523E21D4BD4D513B78DF76892BF6E.e.1000"}]}
COMMAND: GET /session/48ce7485e2c64a68d867c0ed65041780/screenshot - {}
RESULT: {}
COMMAND: GET /session/48ce7485e2c64a68d867c0ed65041780/screenshot - {}
RESULT: {"script":"<script> [5351 bytes]","args":[{"element-6066-11e4-a52e-4f735466cecf":"f.1999790E03A964CB3378C0A271C2A0DB.d.D8F523E21D4BD4D513B78DF76892BF6E.e.1000","ELEMENT":"f.1999790E03A964CB3378C0A271C2A0DB.d.D8F523E21D4BD4D513B78DF76892BF6E.e.1000"}]}
COMMAND: GET /session/48ce7485e2c64a68d867c0ed65041780/screenshot - {}
RESULT: {}
RESULT: {}
RESULT: {}
COMMAND: POST /session/48ce7485e2c64a68d867c0ed65041780/window/fullscreen - {}
RESULT: {}
COMMAND: POST /session/48ce7485e2c64a68d867c0ed65041780/execute/async - {"script":"<script> [1562 bytes]","args":[{"selector":{"controlType":"sap.m.GenericTile","properties":{"header":"Manage Partners"}},"wdio_ui5_key":"sapm.GenericTile{\"header\":\"Manage Partners\"}"}]}
RESULT: {"script":"<script> [1562 bytes]","args":[{"selector":{"controlType":"sap.m.GenericTile","properties":{"header":"Manage Partners"}},"wdio_ui5_key":"sapm.GenericTile{\"header\":\"Manage Partners\"}"}]}
RESULT: undefined
COMMAND: POST /session/48ce7485e2c64a68d867c0ed65041780/element - {"using":"xpath","value":"//*[@id=\"__tile38\"]"}
RESULT: {"using":"xpath","value":"//*[@id=\"__tile38\"]"}
COMMAND: POST /session/48ce7485e2c64a68d867c0ed65041780/element/f.1999790E03A964CB3378C0A271C2A0DB.d.D8F523E21D4BD4D513B78DF76892BF6E.e.147/click - {}
RESULT: {}
COMMAND: GET /session/48ce7485e2c64a68d867c0ed65041780/screenshot - {}
RESULT: {}
COMMAND: POST /session/48ce7485e2c64a68d867c0ed65041780/elements - {"using":"xpath","value":"//span[text()='Error']"}
RESULT: {"using":"xpath","value":"//span[text()='Error']"}
COMMAND: POST /session/48ce7485e2c64a68d867c0ed65041780/element - {"using":"xpath","value":"//button[@data-kt=\"addButton\"]"}
RESULT: {"using":"xpath","value":"//button[@data-kt=\"addButton\"]"}
COMMAND: POST /session/48ce7485e2c64a68d867c0ed65041780/elements - {"using":"xpath","value":"//button[@data-kt=\"addButton\"]"}
RESULT: {"using":"xpath","value":"//button[@data-kt=\"addButton\"]"}
COMMAND: POST /session/48ce7485e2c64a68d867c0ed65041780/execute/sync - {"script":"<script> [8489 bytes]","args":[{"element-6066-11e4-a52e-4f735466cecf":"f.1999790E03A964CB3378C0A271C2A0DB.d.D8F523E21D4BD4D513B78DF76892BF6E.e.1035","ELEMENT":"f.1999790E03A964CB3378C0A271C2A0DB.d.D8F523E21D4BD4D513B78DF76892BF6E.e.1035"}]}
RESULT: {"script":"<script> [8489 bytes]","args":[{"element-6066-11e4-a52e-4f735466cecf":"f.1999790E03A964CB3378C0A271C2A0DB.d.D8F523E21D4BD4D513B78DF76892BF6E.e.1035","ELEMENT":"f.1999790E03A964CB3378C0A271C2A0DB.d.D8F523E21D4BD4D513B78DF76892BF6E.e.1035"}]}
COMMAND: GET /session/48ce7485e2c64a68d867c0ed65041780/element/f.1999790E03A964CB3378C0A271C2A0DB.d.D8F523E21D4BD4D513B78DF76892BF6E.e.1035/enabled - {}
COMMAND: GET /session/48ce7485e2c64a68d867c0ed65041780/screenshot - {}
RESULT: {}
COMMAND: POST /session/48ce7485e2c64a68d867c0ed65041780/execute/sync - {"script":"<script> [8489 bytes]","args":[{"element-6066-11e4-a52e-4f735466cecf":"f.1999790E03A964CB3378C0A271C2A0DB.d.D8F523E21D4BD4D513B78DF76892BF6E.e.1035","ELEMENT":"f.1999790E03A964CB3378C0A271C2A0DB.d.D8F523E21D4BD4D513B78DF76892BF6E.e.1035"}]}
COMMAND: GET /session/48ce7485e2c64a68d867c0ed65041780/screenshot - {}
RESULT: {}
RESULT: {"script":"<script> [8489 bytes]","args":[{"element-6066-11e4-a52e-4f735466cecf":"f.1999790E03A964CB3378C0A271C2A0DB.d.D8F523E21D4BD4D513B78DF76892BF6E.e.1035","ELEMENT":"f.1999790E03A964CB3378C0A271C2A0DB.d.D8F523E21D4BD4D513B78DF76892BF6E.e.1035"}]}
COMMAND: POST /session/48ce7485e2c64a68d867c0ed65041780/execute/sync - {"script":"<script> [5351 bytes]","args":[{"element-6066-11e4-a52e-4f735466cecf":"f.1999790E03A964CB3378C0A271C2A0DB.d.D8F523E21D4BD4D513B78DF76892BF6E.e.1035","ELEMENT":"f.1999790E03A964CB3378C0A271C2A0DB.d.D8F523E21D4BD4D513B78DF76892BF6E.e.1035"}]}
COMMAND: GET /session/48ce7485e2c64a68d867c0ed65041780/screenshot - {}
RESULT: {}
RESULT: {"script":"<script> [5351 bytes]","args":[{"element-6066-11e4-a52e-4f735466cecf":"f.1999790E03A964CB3378C0A271C2A0DB.d.D8F523E21D4BD4D513B78DF76892BF6E.e.1035","ELEMENT":"f.1999790E03A964CB3378C0A271C2A0DB.d.D8F523E21D4BD4D513B78DF76892BF6E.e.1035"}]}
COMMAND: POST /session/48ce7485e2c64a68d867c0ed65041780/element/f.1999790E03A964CB3378C0A271C2A0DB.d.D8F523E21D4BD4D513B78DF76892BF6E.e.1035/click - {}
COMMAND: GET /session/48ce7485e2c64a68d867c0ed65041780/screenshot - {}
RESULT: {}
RESULT: {}
COMMAND: GET /session/48ce7485e2c64a68d867c0ed65041780/screenshot - {}
COMMAND: POST /session/48ce7485e2c64a68d867c0ed65041780/execute/async - {"script":"<script> [1562 bytes]","args":[{"selector":{"id":"application-managepartners-display-component---NewPartner--addressDetailDetailsName1","interaction":{"idSuffix":"inner"}},"wdio_ui5_key":"applicationmanagepartners-display-component---NewPartner--addressDetailDetailsName1"}]}
RESULT: {}
RESULT: {}
RESULT: {"script":"<script> [1562 bytes]","args":[{"selector":{"id":"application-managepartners-display-component---NewPartner--addressDetailDetailsName1","interaction":{"idSuffix":"inner"}},"wdio_ui5_key":"applicationmanagepartners-display-component---NewPartner--addressDetailDetailsName1"}]}
RESULT: undefined
COMMAND: POST /session/48ce7485e2c64a68d867c0ed65041780/execute/async - {"script":"<script> [776 bytes]","args":[{"enterText":"External Partner WDIO","selector":{"id":"application-managepartners-display-component---NewPartner--addressDetailDetailsName1","interaction":{"idSuffix":"inner"}},"clearTextFirst":true,"interactionType":"ENTER_TEXT"}]}
RESULT: {"script":"<script> [776 bytes]","args":[{"enterText":"External Partner WDIO","selector":{"id":"application-managepartners-display-component---NewPartner--addressDetailDetailsName1","interaction":{"idSuffix":"inner"}},"clearTextFirst":true,"interactionType":"ENTER_TEXT"}]}
COMMAND: POST /session/48ce7485e2c64a68d867c0ed65041780/execute/async - {"script":"<script> [1562 bytes]","args":[{"selector":{"id":"application-managepartners-display-component---NewPartner--addressDetailDetailsLanguage-arrow"},"wdio_ui5_key":"applicationmanagepartners-display-component---NewPartner--addressDetailDetailsLanguage-arrow"}]}
RESULT: {"script":"<script> [1562 bytes]","args":[{"selector":{"id":"application-managepartners-display-component---NewPartner--addressDetailDetailsLanguage-arrow"},"wdio_ui5_key":"applicationmanagepartners-display-component---NewPartner--addressDetailDetailsLanguage-arrow"}]}
RESULT: undefined
COMMAND: POST /session/48ce7485e2c64a68d867c0ed65041780/element - {"using":"xpath","value":"//*[@id=\"application-managepartners-display-component---NewPartner--addressDetailDetailsLanguage-arrow\"]"}
RESULT: {"using":"xpath","value":"//*[@id=\"application-managepartners-display-component---NewPartner--addressDetailDetailsLanguage-arrow\"]"}
COMMAND: POST /session/48ce7485e2c64a68d867c0ed65041780/element/f.1999790E03A964CB3378C0A271C2A0DB.d.D8F523E21D4BD4D513B78DF76892BF6E.e.1492/click - {}
RESULT: {}
COMMAND: POST /session/48ce7485e2c64a68d867c0ed65041780/element - {"using":"xpath","value":"//span[contains(text(), \"English\")]"}
COMMAND: GET /session/48ce7485e2c64a68d867c0ed65041780/screenshot - {}
RESULT: {"using":"xpath","value":"//span[contains(text(), \"English\")]"}
COMMAND: POST /session/48ce7485e2c64a68d867c0ed65041780/element/f.1999790E03A964CB3378C0A271C2A0DB.d.D8F523E21D4BD4D513B78DF76892BF6E.e.1493/click - {}
RESULT: {}
RESULT: {}
COMMAND: GET /session/48ce7485e2c64a68d867c0ed65041780/screenshot - {}
RESULT: {}
COMMAND: POST /session/48ce7485e2c64a68d867c0ed65041780/execute/async - {"script":"<script> [1562 bytes]","args":[{"selector":{"id":"application-managepartners-display-component---NewPartner--addressDetailDetailsCity1","interaction":{"idSuffix":"inner"}},"wdio_ui5_key":"applicationmanagepartners-display-component---NewPartner--addressDetailDetailsCity1"}]}
RESULT: {"script":"<script> [1562 bytes]","args":[{"selector":{"id":"application-managepartners-display-component---NewPartner--addressDetailDetailsCity1","interaction":{"idSuffix":"inner"}},"wdio_ui5_key":"applicationmanagepartners-display-component---NewPartner--addressDetailDetailsCity1"}]}
RESULT: undefined
COMMAND: POST /session/48ce7485e2c64a68d867c0ed65041780/execute/async - {"script":"<script> [776 bytes]","args":[{"enterText":"Rosario","selector":{"id":"application-managepartners-display-component---NewPartner--addressDetailDetailsCity1","interaction":{"idSuffix":"inner"}},"clearTextFirst":true,"interactionType":"ENTER_TEXT"}]}
RESULT: {"script":"<script> [776 bytes]","args":[{"enterText":"Rosario","selector":{"id":"application-managepartners-display-component---NewPartner--addressDetailDetailsCity1","interaction":{"idSuffix":"inner"}},"clearTextFirst":true,"interactionType":"ENTER_TEXT"}]}
COMMAND: POST /session/48ce7485e2c64a68d867c0ed65041780/execute/async - {"script":"<script> [1562 bytes]","args":[{"selector":{"id":"application-managepartners-display-component---NewPartner--addressDetailDetailsCountry-arrow"},"wdio_ui5_key":"applicationmanagepartners-display-component---NewPartner--addressDetailDetailsCountry-arrow"}]}
RESULT: {"script":"<script> [1562 bytes]","args":[{"selector":{"id":"application-managepartners-display-component---NewPartner--addressDetailDetailsCountry-arrow"},"wdio_ui5_key":"applicationmanagepartners-display-component---NewPartner--addressDetailDetailsCountry-arrow"}]}
RESULT: undefined
COMMAND: POST /session/48ce7485e2c64a68d867c0ed65041780/element - {"using":"xpath","value":"//*[@id=\"application-managepartners-display-component---NewPartner--addressDetailDetailsCountry-arrow\"]"}
RESULT: {"using":"xpath","value":"//*[@id=\"application-managepartners-display-component---NewPartner--addressDetailDetailsCountry-arrow\"]"}
COMMAND: POST /session/48ce7485e2c64a68d867c0ed65041780/element/f.1999790E03A964CB3378C0A271C2A0DB.d.D8F523E21D4BD4D513B78DF76892BF6E.e.1478/click - {}
RESULT: {}
COMMAND: POST /session/48ce7485e2c64a68d867c0ed65041780/element - {"using":"xpath","value":"//span[contains(text(), \"Argentina\")]"}
COMMAND: GET /session/48ce7485e2c64a68d867c0ed65041780/screenshot - {}
RESULT: {"using":"xpath","value":"//span[contains(text(), \"Argentina\")]"}
COMMAND: POST /session/48ce7485e2c64a68d867c0ed65041780/element/f.1999790E03A964CB3378C0A271C2A0DB.d.D8F523E21D4BD4D513B78DF76892BF6E.e.1495/click - {}
RESULT: {}
RESULT: {}
COMMAND: GET /session/48ce7485e2c64a68d867c0ed65041780/screenshot - {}
RESULT: {}
COMMAND: POST /session/48ce7485e2c64a68d867c0ed65041780/element - {"using":"xpath","value":"//bdi[contains(text(), \"Commercial\")]"}
RESULT: {"using":"xpath","value":"//bdi[contains(text(), \"Commercial\")]"}
COMMAND: POST /session/48ce7485e2c64a68d867c0ed65041780/element/f.1999790E03A964CB3378C0A271C2A0DB.d.D8F523E21D4BD4D513B78DF76892BF6E.e.1496/click - {}
RESULT: {}
COMMAND: GET /session/48ce7485e2c64a68d867c0ed65041780/screenshot - {}
RESULT: {}
COMMAND: POST /session/48ce7485e2c64a68d867c0ed65041780/execute/async - {"script":"<script> [1562 bytes]","args":[{"selector":{"id":"application-managepartners-display-component---NewPartner--partnerDetailInternal-arrow"},"wdio_ui5_key":"applicationmanagepartners-display-component---NewPartner--partnerDetailInternal-arrow"}]}
RESULT: {"script":"<script> [1562 bytes]","args":[{"selector":{"id":"application-managepartners-display-component---NewPartner--partnerDetailInternal-arrow"},"wdio_ui5_key":"applicationmanagepartners-display-component---NewPartner--partnerDetailInternal-arrow"}]}
RESULT: undefined
COMMAND: POST /session/48ce7485e2c64a68d867c0ed65041780/element - {"using":"xpath","value":"//*[@id=\"application-managepartners-display-component---NewPartner--partnerDetailInternal-arrow\"]"}
RESULT: {"using":"xpath","value":"//*[@id=\"application-managepartners-display-component---NewPartner--partnerDetailInternal-arrow\"]"}
COMMAND: POST /session/48ce7485e2c64a68d867c0ed65041780/element/f.1999790E03A964CB3378C0A271C2A0DB.d.D8F523E21D4BD4D513B78DF76892BF6E.e.1502/click - {}
RESULT: {}
COMMAND: POST /session/48ce7485e2c64a68d867c0ed65041780/element - {"using":"xpath","value":"//span[contains(text(), \"External partner\")]"}
COMMAND: GET /session/48ce7485e2c64a68d867c0ed65041780/screenshot - {}
RESULT: {"using":"xpath","value":"//span[contains(text(), \"External partner\")]"}
COMMAND: POST /session/48ce7485e2c64a68d867c0ed65041780/element/f.1999790E03A964CB3378C0A271C2A0DB.d.D8F523E21D4BD4D513B78DF76892BF6E.e.1505/click - {}
RESULT: {}
RESULT: {}
COMMAND: POST /session/48ce7485e2c64a68d867c0ed65041780/execute/async - {"script":"<script> [1562 bytes]","args":[{"selector":{"id":"application-managepartners-display-component---NewPartner--partnerDetailsCurrency-arrow"},"wdio_ui5_key":"applicationmanagepartners-display-component---NewPartner--partnerDetailsCurrency-arrow"}]}
COMMAND: GET /session/48ce7485e2c64a68d867c0ed65041780/screenshot - {}
RESULT: {"script":"<script> [1562 bytes]","args":[{"selector":{"id":"application-managepartners-display-component---NewPartner--partnerDetailsCurrency-arrow"},"wdio_ui5_key":"applicationmanagepartners-display-component---NewPartner--partnerDetailsCurrency-arrow"}]}
RESULT: undefined
COMMAND: POST /session/48ce7485e2c64a68d867c0ed65041780/element - {"using":"xpath","value":"//*[@id=\"application-managepartners-display-component---NewPartner--partnerDetailsCurrency-arrow\"]"}
RESULT: {}
RESULT: {"using":"xpath","value":"//*[@id=\"application-managepartners-display-component---NewPartner--partnerDetailsCurrency-arrow\"]"}
COMMAND: POST /session/48ce7485e2c64a68d867c0ed65041780/element/f.1999790E03A964CB3378C0A271C2A0DB.d.D8F523E21D4BD4D513B78DF76892BF6E.e.1510/click - {}
RESULT: {}
COMMAND: POST /session/48ce7485e2c64a68d867c0ed65041780/element - {"using":"xpath","value":"//span[contains(text(), \"US Dollar\")]"}
COMMAND: GET /session/48ce7485e2c64a68d867c0ed65041780/screenshot - {}
RESULT: {"using":"xpath","value":"//span[contains(text(), \"US Dollar\")]"}
COMMAND: POST /session/48ce7485e2c64a68d867c0ed65041780/element/f.1999790E03A964CB3378C0A271C2A0DB.d.D8F523E21D4BD4D513B78DF76892BF6E.e.1511/click - {}
RESULT: {}
RESULT: {}
COMMAND: GET /session/48ce7485e2c64a68d867c0ed65041780/screenshot - {}
RESULT: {}
COMMAND: POST /session/48ce7485e2c64a68d867c0ed65041780/element - {"using":"xpath","value":"//input[@id=\"application-managepartners-display-component---NewPartner--companyCodeComboBox-inner\"]"}
RESULT: {"using":"xpath","value":"//input[@id=\"application-managepartners-display-component---NewPartner--companyCodeComboBox-inner\"]"}
COMMAND: POST /session/48ce7485e2c64a68d867c0ed65041780/element/f.1999790E03A964CB3378C0A271C2A0DB.d.D8F523E21D4BD4D513B78DF76892BF6E.e.1349/clear - {}
RESULT: {}
COMMAND: POST /session/48ce7485e2c64a68d867c0ed65041780/element/f.1999790E03A964CB3378C0A271C2A0DB.d.D8F523E21D4BD4D513B78DF76892BF6E.e.1349/value - {"text":"C002"}
COMMAND: GET /session/48ce7485e2c64a68d867c0ed65041780/screenshot - {}
RESULT: {"text":"C002"}
COMMAND: GET /session/48ce7485e2c64a68d867c0ed65041780/screenshot - {}
RESULT: {}
RESULT: {}
COMMAND: POST /session/48ce7485e2c64a68d867c0ed65041780/element - {"using":"xpath","value":"//li[.//span[text()= \"C002\"]]"}
RESULT: {"using":"xpath","value":"//li[.//span[text()= \"C002\"]]"}
COMMAND: POST /session/48ce7485e2c64a68d867c0ed65041780/element/f.1999790E03A964CB3378C0A271C2A0DB.d.D8F523E21D4BD4D513B78DF76892BF6E.e.1515/click - {}
RESULT: {}
COMMAND: GET /session/48ce7485e2c64a68d867c0ed65041780/screenshot - {}
RESULT: {}
COMMAND: POST /session/48ce7485e2c64a68d867c0ed65041780/execute/async - {"script":"<script> [1562 bytes]","args":[{"selector":{"id":"application-managepartners-display-component---NewPartner--btnAddTableRow-img"},"wdio_ui5_key":"applicationmanagepartners-display-component---NewPartner--btnAddTableRow-img"}]}
RESULT: {"script":"<script> [1562 bytes]","args":[{"selector":{"id":"application-managepartners-display-component---NewPartner--btnAddTableRow-img"},"wdio_ui5_key":"applicationmanagepartners-display-component---NewPartner--btnAddTableRow-img"}]}
RESULT: undefined
COMMAND: POST /session/48ce7485e2c64a68d867c0ed65041780/element - {"using":"xpath","value":"//*[@id=\"application-managepartners-display-component---NewPartner--btnAddTableRow-img\"]"}
RESULT: {"using":"xpath","value":"//*[@id=\"application-managepartners-display-component---NewPartner--btnAddTableRow-img\"]"}
COMMAND: POST /session/48ce7485e2c64a68d867c0ed65041780/element/f.1999790E03A964CB3378C0A271C2A0DB.d.D8F523E21D4BD4D513B78DF76892BF6E.e.1516/click - {}
RESULT: {}
COMMAND: GET /session/48ce7485e2c64a68d867c0ed65041780/screenshot - {}
RESULT: {}
COMMAND: POST /session/48ce7485e2c64a68d867c0ed65041780/element - {"using":"xpath","value":"//input[@id=\"application-managepartners-display-component---NewPartner--assignmentYard-application-managepartners-display-component---NewPartner--assignmentsTable-0-inner\"]"}
RESULT: {"using":"xpath","value":"//input[@id=\"application-managepartners-display-component---NewPartner--assignmentYard-application-managepartners-display-component---NewPartner--assignmentsTable-0-inner\"]"}
COMMAND: POST /session/48ce7485e2c64a68d867c0ed65041780/element/f.1999790E03A964CB3378C0A271C2A0DB.d.D8F523E21D4BD4D513B78DF76892BF6E.e.1519/clear - {}
RESULT: {}
COMMAND: POST /session/48ce7485e2c64a68d867c0ed65041780/element/f.1999790E03A964CB3378C0A271C2A0DB.d.D8F523E21D4BD4D513B78DF76892BF6E.e.1519/value - {"text":"282"}
COMMAND: GET /session/48ce7485e2c64a68d867c0ed65041780/screenshot - {}
RESULT: {}
RESULT: {"text":"282"}
COMMAND: GET /session/48ce7485e2c64a68d867c0ed65041780/screenshot - {}
RESULT: {}
COMMAND: POST /session/48ce7485e2c64a68d867c0ed65041780/element - {"using":"xpath","value":"//li[.//span[text()='282']]"}
RESULT: {"using":"xpath","value":"//li[.//span[text()='282']]"}
COMMAND: POST /session/48ce7485e2c64a68d867c0ed65041780/element/f.1999790E03A964CB3378C0A271C2A0DB.d.D8F523E21D4BD4D513B78DF76892BF6E.e.1528/click - {}
RESULT: {}
COMMAND: GET /session/48ce7485e2c64a68d867c0ed65041780/screenshot - {}
RESULT: {}
COMMAND: POST /session/48ce7485e2c64a68d867c0ed65041780/actions - {"actions":[{"id":"action2","type":"key","parameters":{},"actions":[{"type":"keyDown","value":""},{"type":"pause","duration":10},{"type":"keyUp","value":""}]}]}
RESULT: {"actions":[{"id":"action2","type":"key","parameters":{},"actions":[{"type":"keyDown","value":""},{"type":"pause","duration":10},{"type":"keyUp","value":""}]}]}
COMMAND: POST /session/48ce7485e2c64a68d867c0ed65041780/element - {"using":"xpath","value":"//td[contains(@id, \"assignmentsTable-0-cell2\")]/div/div"}
COMMAND: GET /session/48ce7485e2c64a68d867c0ed65041780/screenshot - {}
RESULT: {"using":"xpath","value":"//td[contains(@id, \"assignmentsTable-0-cell2\")]/div/div"}
COMMAND: POST /session/48ce7485e2c64a68d867c0ed65041780/element/f.1999790E03A964CB3378C0A271C2A0DB.d.D8F523E21D4BD4D513B78DF76892BF6E.e.1531/click - {}
RESULT: {}
RESULT: {}
COMMAND: GET /session/48ce7485e2c64a68d867c0ed65041780/screenshot - {}
RESULT: {}
COMMAND: POST /session/48ce7485e2c64a68d867c0ed65041780/element - {"using":"xpath","value":"//button[@data-kt=\"saveButton\"]"}
RESULT: {"using":"xpath","value":"//button[@data-kt=\"saveButton\"]"}
COMMAND: POST /session/48ce7485e2c64a68d867c0ed65041780/element/f.1999790E03A964CB3378C0A271C2A0DB.d.D8F523E21D4BD4D513B78DF76892BF6E.e.1429/click - {}
RESULT: {}
COMMAND: GET /session/48ce7485e2c64a68d867c0ed65041780/screenshot - {}
RESULT: {}
COMMAND: POST /session/48ce7485e2c64a68d867c0ed65041780/element - {"using":"xpath","value":"//header[contains(@id, 'ObjectPageLayout-headerTitle')]/div[1]/div[2]/div[2]/span[1]"}
RESULT: {"using":"xpath","value":"//header[contains(@id, 'ObjectPageLayout-headerTitle')]/div[1]/div[2]/div[2]/span[1]"}
COMMAND: POST /session/48ce7485e2c64a68d867c0ed65041780/elements - {"using":"xpath","value":"//header[contains(@id, 'ObjectPageLayout-headerTitle')]/div[1]/div[2]/div[2]/span[1]"}
RESULT: {"using":"xpath","value":"//header[contains(@id, 'ObjectPageLayout-headerTitle')]/div[1]/div[2]/div[2]/span[1]"}
COMMAND: POST /session/48ce7485e2c64a68d867c0ed65041780/execute/sync - {"script":"<script> [56 bytes]","args":[{"element-6066-11e4-a52e-4f735466cecf":"f.1999790E03A964CB3378C0A271C2A0DB.d.D8F523E21D4BD4D513B78DF76892BF6E.e.1693","ELEMENT":"f.1999790E03A964CB3378C0A271C2A0DB.d.D8F523E21D4BD4D513B78DF76892BF6E.e.1693"}]}
RESULT: {"script":"<script> [56 bytes]","args":[{"element-6066-11e4-a52e-4f735466cecf":"f.1999790E03A964CB3378C0A271C2A0DB.d.D8F523E21D4BD4D513B78DF76892BF6E.e.1693","ELEMENT":"f.1999790E03A964CB3378C0A271C2A0DB.d.D8F523E21D4BD4D513B78DF76892BF6E.e.1693"}]}
COMMAND: POST /session/48ce7485e2c64a68d867c0ed65041780/element - {"using":"css selector","value":"#shell-header-logo"}
COMMAND: GET /session/48ce7485e2c64a68d867c0ed65041780/screenshot - {}
RESULT: {"using":"css selector","value":"#shell-header-logo"}
COMMAND: POST /session/48ce7485e2c64a68d867c0ed65041780/element/f.1999790E03A964CB3378C0A271C2A0DB.d.D8F523E21D4BD4D513B78DF76892BF6E.e.1000/click - {}
RESULT: {}
RESULT: {}
COMMAND: GET /session/48ce7485e2c64a68d867c0ed65041780/screenshot - {}
RESULT: {}
COMMAND: POST /session/48ce7485e2c64a68d867c0ed65041780/execute/sync - {"script":"<script> [299 bytes]","args":[["getModel","getResource"]]}
RESULT: {"script":"<script> [299 bytes]","args":[["getModel","getResource"]]}
]]></system-out>
    </testcase>
    <testcase classname="chrome.136_0_7103_93.windows.Partner_specific_tests_US150819_US151080_US151654_US151176_US103444_US151078_US151079_US151109_US151174_US151175_US151189" name="Should filter and search partners US151080" time="98.364">
      <system-out><![CDATA[
COMMAND: GET /session/48ce7485e2c64a68d867c0ed65041780/screenshot - {}
COMMAND: POST /session/48ce7485e2c64a68d867c0ed65041780/element - {"using":"xpath","value":"//li[.//span[text()=\"Manage Partners\"]]"}
RESULT: {}
RESULT: {"using":"xpath","value":"//li[.//span[text()=\"Manage Partners\"]]"}
COMMAND: POST /session/48ce7485e2c64a68d867c0ed65041780/element - {"using":"xpath","value":"//li[.//span[text()=\"Manage Partners\"]]"}
RESULT: {"using":"xpath","value":"//li[.//span[text()=\"Manage Partners\"]]"}
COMMAND: POST /session/48ce7485e2c64a68d867c0ed65041780/element - {"using":"css selector","value":"#shell-header-logo"}
RESULT: {"using":"css selector","value":"#shell-header-logo"}
COMMAND: POST /session/48ce7485e2c64a68d867c0ed65041780/element/f.1999790E03A964CB3378C0A271C2A0DB.d.D8F523E21D4BD4D513B78DF76892BF6E.e.1695/click - {}
COMMAND: POST /session/48ce7485e2c64a68d867c0ed65041780/execute/sync - {"script":"<script> [8489 bytes]","args":[{"element-6066-11e4-a52e-4f735466cecf":"f.1999790E03A964CB3378C0A271C2A0DB.d.D8F523E21D4BD4D513B78DF76892BF6E.e.1695","ELEMENT":"f.1999790E03A964CB3378C0A271C2A0DB.d.D8F523E21D4BD4D513B78DF76892BF6E.e.1695"}]}
RESULT: {}
COMMAND: GET /session/48ce7485e2c64a68d867c0ed65041780/screenshot - {}
RESULT: {"script":"<script> [8489 bytes]","args":[{"element-6066-11e4-a52e-4f735466cecf":"f.1999790E03A964CB3378C0A271C2A0DB.d.D8F523E21D4BD4D513B78DF76892BF6E.e.1695","ELEMENT":"f.1999790E03A964CB3378C0A271C2A0DB.d.D8F523E21D4BD4D513B78DF76892BF6E.e.1695"}]}
COMMAND: POST /session/48ce7485e2c64a68d867c0ed65041780/execute/sync - {"script":"<script> [5351 bytes]","args":[{"element-6066-11e4-a52e-4f735466cecf":"f.1999790E03A964CB3378C0A271C2A0DB.d.D8F523E21D4BD4D513B78DF76892BF6E.e.1695","ELEMENT":"f.1999790E03A964CB3378C0A271C2A0DB.d.D8F523E21D4BD4D513B78DF76892BF6E.e.1695"}]}
COMMAND: GET /session/48ce7485e2c64a68d867c0ed65041780/screenshot - {}
RESULT: {}
RESULT: {"script":"<script> [5351 bytes]","args":[{"element-6066-11e4-a52e-4f735466cecf":"f.1999790E03A964CB3378C0A271C2A0DB.d.D8F523E21D4BD4D513B78DF76892BF6E.e.1695","ELEMENT":"f.1999790E03A964CB3378C0A271C2A0DB.d.D8F523E21D4BD4D513B78DF76892BF6E.e.1695"}]}
COMMAND: GET /session/48ce7485e2c64a68d867c0ed65041780/screenshot - {}
RESULT: {}
RESULT: {}
RESULT: undefined
COMMAND: POST /session/48ce7485e2c64a68d867c0ed65041780/element - {"using":"xpath","value":"//*[@id=\"__tile38\"]"}
RESULT: {"using":"xpath","value":"//*[@id=\"__tile38\"]"}
COMMAND: POST /session/48ce7485e2c64a68d867c0ed65041780/element/f.1999790E03A964CB3378C0A271C2A0DB.d.D8F523E21D4BD4D513B78DF76892BF6E.e.147/click - {}
RESULT: {}
COMMAND: GET /session/48ce7485e2c64a68d867c0ed65041780/screenshot - {}
COMMAND: POST /session/48ce7485e2c64a68d867c0ed65041780/elements - {"using":"xpath","value":"//span[text()='Error']"}
RESULT: {}
RESULT: {"using":"xpath","value":"//span[text()='Error']"}
COMMAND: POST /session/48ce7485e2c64a68d867c0ed65041780/element - {"using":"xpath","value":"//button[@data-kt=\"addButton\"]"}
RESULT: {"using":"xpath","value":"//button[@data-kt=\"addButton\"]"}
COMMAND: POST /session/48ce7485e2c64a68d867c0ed65041780/elements - {"using":"xpath","value":"//button[@data-kt=\"addButton\"]"}
RESULT: {"using":"xpath","value":"//button[@data-kt=\"addButton\"]"}
COMMAND: POST /session/48ce7485e2c64a68d867c0ed65041780/elements - {"using":"xpath","value":"//button[@data-kt=\"addButton\"]"}
RESULT: {"using":"xpath","value":"//button[@data-kt=\"addButton\"]"}
COMMAND: POST /session/48ce7485e2c64a68d867c0ed65041780/elements - {"using":"xpath","value":"//button[@data-kt=\"addButton\"]"}
RESULT: {"using":"xpath","value":"//button[@data-kt=\"addButton\"]"}
COMMAND: POST /session/48ce7485e2c64a68d867c0ed65041780/elements - {"using":"xpath","value":"//button[@data-kt=\"addButton\"]"}
RESULT: {"using":"xpath","value":"//button[@data-kt=\"addButton\"]"}
COMMAND: POST /session/48ce7485e2c64a68d867c0ed65041780/element - {"using":"xpath","value":"//button[@data-kt=\"addButton\"]"}
RESULT: {"using":"xpath","value":"//button[@data-kt=\"addButton\"]"}
COMMAND: POST /session/48ce7485e2c64a68d867c0ed65041780/execute/sync - {"script":"<script> [8489 bytes]","args":[{"element-6066-11e4-a52e-4f735466cecf":"f.1999790E03A964CB3378C0A271C2A0DB.d.D8F523E21D4BD4D513B78DF76892BF6E.e.1729","ELEMENT":"f.1999790E03A964CB3378C0A271C2A0DB.d.D8F523E21D4BD4D513B78DF76892BF6E.e.1729"}]}
RESULT: {"script":"<script> [8489 bytes]","args":[{"element-6066-11e4-a52e-4f735466cecf":"f.1999790E03A964CB3378C0A271C2A0DB.d.D8F523E21D4BD4D513B78DF76892BF6E.e.1729","ELEMENT":"f.1999790E03A964CB3378C0A271C2A0DB.d.D8F523E21D4BD4D513B78DF76892BF6E.e.1729"}]}
COMMAND: GET /session/48ce7485e2c64a68d867c0ed65041780/element/f.1999790E03A964CB3378C0A271C2A0DB.d.D8F523E21D4BD4D513B78DF76892BF6E.e.1729/enabled - {}
COMMAND: GET /session/48ce7485e2c64a68d867c0ed65041780/screenshot - {}
RESULT: {}
COMMAND: POST /session/48ce7485e2c64a68d867c0ed65041780/execute/sync - {"script":"<script> [8489 bytes]","args":[{"element-6066-11e4-a52e-4f735466cecf":"f.1999790E03A964CB3378C0A271C2A0DB.d.D8F523E21D4BD4D513B78DF76892BF6E.e.1729","ELEMENT":"f.1999790E03A964CB3378C0A271C2A0DB.d.D8F523E21D4BD4D513B78DF76892BF6E.e.1729"}]}
COMMAND: GET /session/48ce7485e2c64a68d867c0ed65041780/screenshot - {}
RESULT: {}
RESULT: {"script":"<script> [8489 bytes]","args":[{"element-6066-11e4-a52e-4f735466cecf":"f.1999790E03A964CB3378C0A271C2A0DB.d.D8F523E21D4BD4D513B78DF76892BF6E.e.1729","ELEMENT":"f.1999790E03A964CB3378C0A271C2A0DB.d.D8F523E21D4BD4D513B78DF76892BF6E.e.1729"}]}
COMMAND: POST /session/48ce7485e2c64a68d867c0ed65041780/execute/sync - {"script":"<script> [5351 bytes]","args":[{"element-6066-11e4-a52e-4f735466cecf":"f.1999790E03A964CB3378C0A271C2A0DB.d.D8F523E21D4BD4D513B78DF76892BF6E.e.1729","ELEMENT":"f.1999790E03A964CB3378C0A271C2A0DB.d.D8F523E21D4BD4D513B78DF76892BF6E.e.1729"}]}
COMMAND: GET /session/48ce7485e2c64a68d867c0ed65041780/screenshot - {}
RESULT: {}
RESULT: {"script":"<script> [5351 bytes]","args":[{"element-6066-11e4-a52e-4f735466cecf":"f.1999790E03A964CB3378C0A271C2A0DB.d.D8F523E21D4BD4D513B78DF76892BF6E.e.1729","ELEMENT":"f.1999790E03A964CB3378C0A271C2A0DB.d.D8F523E21D4BD4D513B78DF76892BF6E.e.1729"}]}
COMMAND: GET /session/48ce7485e2c64a68d867c0ed65041780/screenshot - {}
RESULT: {}
RESULT: {}
COMMAND: POST /session/48ce7485e2c64a68d867c0ed65041780/execute/async - {"script":"<script> [1562 bytes]","args":[{"selector":{"id":"application-managepartners-display-component---masterPtm--smartTable-btnPersonalisation-img"},"wdio_ui5_key":"applicationmanagepartners-display-component---masterPtm--smartTable-btnPersonalisation-img"}]}
RESULT: {"script":"<script> [1562 bytes]","args":[{"selector":{"id":"application-managepartners-display-component---masterPtm--smartTable-btnPersonalisation-img"},"wdio_ui5_key":"applicationmanagepartners-display-component---masterPtm--smartTable-btnPersonalisation-img"}]}
RESULT: undefined
COMMAND: POST /session/48ce7485e2c64a68d867c0ed65041780/element - {"using":"xpath","value":"//*[@id=\"application-managepartners-display-component---masterPtm--smartTable-btnPersonalisation-img\"]"}
RESULT: {"using":"xpath","value":"//*[@id=\"application-managepartners-display-component---masterPtm--smartTable-btnPersonalisation-img\"]"}
COMMAND: POST /session/48ce7485e2c64a68d867c0ed65041780/element/f.1999790E03A964CB3378C0A271C2A0DB.d.D8F523E21D4BD4D513B78DF76892BF6E.e.1745/click - {}
RESULT: {}
COMMAND: GET /session/48ce7485e2c64a68d867c0ed65041780/screenshot - {}
RESULT: {}
COMMAND: POST /session/48ce7485e2c64a68d867c0ed65041780/execute/async - {"script":"<script> [1562 bytes]","args":[{"selector":{"controlType":"sap.m.IconTabFilter","viewName":"etm.portal.ui.managepartners.view.Master","viewId":"application-managepartners-display-component---masterPtm","properties":{"text":"Sort"},"searchOpenDialogs":true,"interaction":{"idSuffix":"text"}},"wdio_ui5_key":"etmportal.ui.managepartners.view.Mastersap.m.IconTabFilter{\"text\":\"Sort\"}"}]}
RESULT: {"script":"<script> [1562 bytes]","args":[{"selector":{"controlType":"sap.m.IconTabFilter","viewName":"etm.portal.ui.managepartners.view.Master","viewId":"application-managepartners-display-component---masterPtm","properties":{"text":"Sort"},"searchOpenDialogs":true,"interaction":{"idSuffix":"text"}},"wdio_ui5_key":"etmportal.ui.managepartners.view.Mastersap.m.IconTabFilter{\"text\":\"Sort\"}"}]}
RESULT: undefined
COMMAND: POST /session/48ce7485e2c64a68d867c0ed65041780/element - {"using":"xpath","value":"//*[@id=\"__filter1\"]"}
RESULT: {"using":"xpath","value":"//*[@id=\"__filter1\"]"}
COMMAND: POST /session/48ce7485e2c64a68d867c0ed65041780/element/f.1999790E03A964CB3378C0A271C2A0DB.d.D8F523E21D4BD4D513B78DF76892BF6E.e.1885/click - {}
RESULT: {}
COMMAND: GET /session/48ce7485e2c64a68d867c0ed65041780/screenshot - {}
RESULT: {}
COMMAND: POST /session/48ce7485e2c64a68d867c0ed65041780/element - {"using":"xpath","value":"//input[@placeholder=\"Sort by\"]/following-sibling::div//span"}
RESULT: {"using":"xpath","value":"//input[@placeholder=\"Sort by\"]/following-sibling::div//span"}
COMMAND: POST /session/48ce7485e2c64a68d867c0ed65041780/element/f.1999790E03A964CB3378C0A271C2A0DB.d.D8F523E21D4BD4D513B78DF76892BF6E.e.1887/click - {}
RESULT: {}
COMMAND: GET /session/48ce7485e2c64a68d867c0ed65041780/screenshot - {}
RESULT: {}
COMMAND: POST /session/48ce7485e2c64a68d867c0ed65041780/element - {"using":"xpath","value":"//li[.//span[text()=\"Language\"]]"}
RESULT: {"using":"xpath","value":"//li[.//span[text()=\"Language\"]]"}
COMMAND: POST /session/48ce7485e2c64a68d867c0ed65041780/element/f.1999790E03A964CB3378C0A271C2A0DB.d.D8F523E21D4BD4D513B78DF76892BF6E.e.1888/click - {}
RESULT: {}
COMMAND: GET /session/48ce7485e2c64a68d867c0ed65041780/screenshot - {}
RESULT: {}
COMMAND: POST /session/48ce7485e2c64a68d867c0ed65041780/element - {"using":"xpath","value":"//bdi[contains(text(), \"OK\")]"}
RESULT: {"using":"xpath","value":"//bdi[contains(text(), \"OK\")]"}
COMMAND: POST /session/48ce7485e2c64a68d867c0ed65041780/element/f.1999790E03A964CB3378C0A271C2A0DB.d.D8F523E21D4BD4D513B78DF76892BF6E.e.1892/click - {}
RESULT: {}
COMMAND: GET /session/48ce7485e2c64a68d867c0ed65041780/screenshot - {}
RESULT: {}
COMMAND: POST /session/48ce7485e2c64a68d867c0ed65041780/element - {"using":"xpath","value":"//table[contains(@id, \"customPartnersTable\")]//tbody/tr[1]/td[3]/span"}
RESULT: {"using":"xpath","value":"//table[contains(@id, \"customPartnersTable\")]//tbody/tr[1]/td[3]/span"}
COMMAND: POST /session/48ce7485e2c64a68d867c0ed65041780/execute/sync - {"script":"<script> [56 bytes]","args":[{"element-6066-11e4-a52e-4f735466cecf":"f.1999790E03A964CB3378C0A271C2A0DB.d.D8F523E21D4BD4D513B78DF76892BF6E.e.2011","ELEMENT":"f.1999790E03A964CB3378C0A271C2A0DB.d.D8F523E21D4BD4D513B78DF76892BF6E.e.2011"}]}
RESULT: {"script":"<script> [56 bytes]","args":[{"element-6066-11e4-a52e-4f735466cecf":"f.1999790E03A964CB3378C0A271C2A0DB.d.D8F523E21D4BD4D513B78DF76892BF6E.e.2011","ELEMENT":"f.1999790E03A964CB3378C0A271C2A0DB.d.D8F523E21D4BD4D513B78DF76892BF6E.e.2011"}]}
RESULT: undefined
COMMAND: POST /session/48ce7485e2c64a68d867c0ed65041780/element - {"using":"xpath","value":"//*[@id=\"application-managepartners-display-component---masterPtm--smartTable-btnPersonalisation-img\"]"}
COMMAND: GET /session/48ce7485e2c64a68d867c0ed65041780/screenshot - {}
RESULT: {"using":"xpath","value":"//*[@id=\"application-managepartners-display-component---masterPtm--smartTable-btnPersonalisation-img\"]"}
COMMAND: POST /session/48ce7485e2c64a68d867c0ed65041780/element/f.1999790E03A964CB3378C0A271C2A0DB.d.D8F523E21D4BD4D513B78DF76892BF6E.e.1745/click - {}
RESULT: {}
RESULT: {}
COMMAND: GET /session/48ce7485e2c64a68d867c0ed65041780/screenshot - {}
RESULT: {}
COMMAND: POST /session/48ce7485e2c64a68d867c0ed65041780/element - {"using":"xpath","value":"//bdi[contains(text(), \"Reset\")]"}
RESULT: {"using":"xpath","value":"//bdi[contains(text(), \"Reset\")]"}
COMMAND: POST /session/48ce7485e2c64a68d867c0ed65041780/element/f.1999790E03A964CB3378C0A271C2A0DB.d.D8F523E21D4BD4D513B78DF76892BF6E.e.2017/click - {}
RESULT: {}
COMMAND: GET /session/48ce7485e2c64a68d867c0ed65041780/screenshot - {}
RESULT: {}
COMMAND: POST /session/48ce7485e2c64a68d867c0ed65041780/element - {"using":"xpath","value":"(//bdi[contains(text(), \"OK\")])[2]"}
RESULT: {"using":"xpath","value":"(//bdi[contains(text(), \"OK\")])[2]"}
COMMAND: POST /session/48ce7485e2c64a68d867c0ed65041780/element/f.1999790E03A964CB3378C0A271C2A0DB.d.D8F523E21D4BD4D513B78DF76892BF6E.e.2019/click - {}
RESULT: {}
COMMAND: GET /session/48ce7485e2c64a68d867c0ed65041780/screenshot - {}
RESULT: {}
COMMAND: POST /session/48ce7485e2c64a68d867c0ed65041780/element - {"using":"xpath","value":"//bdi[contains(text(), \"OK\")]"}
RESULT: {"using":"xpath","value":"//bdi[contains(text(), \"OK\")]"}
COMMAND: POST /session/48ce7485e2c64a68d867c0ed65041780/element/f.1999790E03A964CB3378C0A271C2A0DB.d.D8F523E21D4BD4D513B78DF76892BF6E.e.2068/click - {}
RESULT: {}
COMMAND: GET /session/48ce7485e2c64a68d867c0ed65041780/screenshot - {}
RESULT: {}
COMMAND: POST /session/48ce7485e2c64a68d867c0ed65041780/element - {"using":"xpath","value":"//table[contains(@id, \"customPartnersTable\")]//tbody/tr[1]/td[3]/span"}
RESULT: {"using":"xpath","value":"//table[contains(@id, \"customPartnersTable\")]//tbody/tr[1]/td[3]/span"}
COMMAND: POST /session/48ce7485e2c64a68d867c0ed65041780/execute/sync - {"script":"<script> [56 bytes]","args":[{"element-6066-11e4-a52e-4f735466cecf":"f.1999790E03A964CB3378C0A271C2A0DB.d.D8F523E21D4BD4D513B78DF76892BF6E.e.2071","ELEMENT":"f.1999790E03A964CB3378C0A271C2A0DB.d.D8F523E21D4BD4D513B78DF76892BF6E.e.2071"}]}
RESULT: {"script":"<script> [56 bytes]","args":[{"element-6066-11e4-a52e-4f735466cecf":"f.1999790E03A964CB3378C0A271C2A0DB.d.D8F523E21D4BD4D513B78DF76892BF6E.e.2071","ELEMENT":"f.1999790E03A964CB3378C0A271C2A0DB.d.D8F523E21D4BD4D513B78DF76892BF6E.e.2071"}]}
RESULT: undefined
COMMAND: POST /session/48ce7485e2c64a68d867c0ed65041780/element - {"using":"xpath","value":"//*[@id=\"application-managepartners-display-component---masterPtm--smartTable-btnPersonalisation-img\"]"}
COMMAND: GET /session/48ce7485e2c64a68d867c0ed65041780/screenshot - {}
RESULT: {"using":"xpath","value":"//*[@id=\"application-managepartners-display-component---masterPtm--smartTable-btnPersonalisation-img\"]"}
COMMAND: POST /session/48ce7485e2c64a68d867c0ed65041780/element/f.1999790E03A964CB3378C0A271C2A0DB.d.D8F523E21D4BD4D513B78DF76892BF6E.e.1745/click - {}
RESULT: {}
RESULT: {}
COMMAND: GET /session/48ce7485e2c64a68d867c0ed65041780/screenshot - {}
RESULT: {}
COMMAND: POST /session/48ce7485e2c64a68d867c0ed65041780/execute/async - {"script":"<script> [1562 bytes]","args":[{"selector":{"controlType":"sap.m.IconTabFilter","viewName":"etm.portal.ui.managepartners.view.Master","viewId":"application-managepartners-display-component---masterPtm","properties":{"text":"Filter"},"searchOpenDialogs":true,"interaction":{"idSuffix":"text"}},"wdio_ui5_key":"etmportal.ui.managepartners.view.Mastersap.m.IconTabFilter{\"text\":\"Filter\"}"}]}
RESULT: {"script":"<script> [1562 bytes]","args":[{"selector":{"controlType":"sap.m.IconTabFilter","viewName":"etm.portal.ui.managepartners.view.Master","viewId":"application-managepartners-display-component---masterPtm","properties":{"text":"Filter"},"searchOpenDialogs":true,"interaction":{"idSuffix":"text"}},"wdio_ui5_key":"etmportal.ui.managepartners.view.Mastersap.m.IconTabFilter{\"text\":\"Filter\"}"}]}
RESULT: undefined
COMMAND: POST /session/48ce7485e2c64a68d867c0ed65041780/element - {"using":"xpath","value":"//*[@id=\"__filter10\"]"}
RESULT: {"using":"xpath","value":"//*[@id=\"__filter10\"]"}
COMMAND: POST /session/48ce7485e2c64a68d867c0ed65041780/element/f.1999790E03A964CB3378C0A271C2A0DB.d.D8F523E21D4BD4D513B78DF76892BF6E.e.2076/click - {}
RESULT: {}
COMMAND: GET /session/48ce7485e2c64a68d867c0ed65041780/screenshot - {}
RESULT: {}
COMMAND: POST /session/48ce7485e2c64a68d867c0ed65041780/element - {"using":"xpath","value":"//input[@placeholder=\"Filter by\"]/following-sibling::div//span"}
RESULT: {"using":"xpath","value":"//input[@placeholder=\"Filter by\"]/following-sibling::div//span"}
COMMAND: POST /session/48ce7485e2c64a68d867c0ed65041780/element/f.1999790E03A964CB3378C0A271C2A0DB.d.D8F523E21D4BD4D513B78DF76892BF6E.e.2078/click - {}
RESULT: {}
COMMAND: GET /session/48ce7485e2c64a68d867c0ed65041780/screenshot - {}
RESULT: {}
COMMAND: POST /session/48ce7485e2c64a68d867c0ed65041780/element - {"using":"xpath","value":"//li[.//span[text()=\"Preferred Yard\"]]"}
RESULT: {"using":"xpath","value":"//li[.//span[text()=\"Preferred Yard\"]]"}
COMMAND: POST /session/48ce7485e2c64a68d867c0ed65041780/element/f.1999790E03A964CB3378C0A271C2A0DB.d.D8F523E21D4BD4D513B78DF76892BF6E.e.2079/click - {}
RESULT: {}
COMMAND: GET /session/48ce7485e2c64a68d867c0ed65041780/screenshot - {}
RESULT: {}
COMMAND: POST /session/48ce7485e2c64a68d867c0ed65041780/execute/async - {"script":"<script> [1562 bytes]","args":[{"selector":{"id":"FilterPanel-filterItemControl_BASIC-application-managepartners-display-component---masterPtm--smartTable-YARDYARD-vhi","searchOpenDialogs":true},"wdio_ui5_key":"FilterPanelfilterItemControl_BASIC-application-managepartners-display-component---masterPtm--smartTable-YARDYARD-vhi"}]}
RESULT: {"script":"<script> [1562 bytes]","args":[{"selector":{"id":"FilterPanel-filterItemControl_BASIC-application-managepartners-display-component---masterPtm--smartTable-YARDYARD-vhi","searchOpenDialogs":true},"wdio_ui5_key":"FilterPanelfilterItemControl_BASIC-application-managepartners-display-component---masterPtm--smartTable-YARDYARD-vhi"}]}
RESULT: undefined
COMMAND: POST /session/48ce7485e2c64a68d867c0ed65041780/element - {"using":"xpath","value":"//*[@id=\"FilterPanel-filterItemControl_BASIC-application-managepartners-display-component---masterPtm--smartTable-YARDYARD-vhi\"]"}
RESULT: {"using":"xpath","value":"//*[@id=\"FilterPanel-filterItemControl_BASIC-application-managepartners-display-component---masterPtm--smartTable-YARDYARD-vhi\"]"}
COMMAND: POST /session/48ce7485e2c64a68d867c0ed65041780/element/f.1999790E03A964CB3378C0A271C2A0DB.d.D8F523E21D4BD4D513B78DF76892BF6E.e.2082/click - {}
RESULT: {}
COMMAND: GET /session/48ce7485e2c64a68d867c0ed65041780/screenshot - {}
RESULT: {}
COMMAND: POST /session/48ce7485e2c64a68d867c0ed65041780/execute/async - {"script":"<script> [1562 bytes]","args":[{"selector":{"id":"FilterPanel-filterItemControl_BASIC-application-managepartners-display-component---masterPtm--smartTable-YARDYARD-valueHelpDialog-smartFilterBar-btnBasicSearch","searchOpenDialogs":true,"interaction":{"idSuffix":"I"}},"wdio_ui5_key":"FilterPanelfilterItemControl_BASIC-application-managepartners-display-component---masterPtm--smartTable-YARDYARD-valueHelpDialog-smartFilterBar-btnBasicSearch"}]}
RESULT: {"script":"<script> [1562 bytes]","args":[{"selector":{"id":"FilterPanel-filterItemControl_BASIC-application-managepartners-display-component---masterPtm--smartTable-YARDYARD-valueHelpDialog-smartFilterBar-btnBasicSearch","searchOpenDialogs":true,"interaction":{"idSuffix":"I"}},"wdio_ui5_key":"FilterPanelfilterItemControl_BASIC-application-managepartners-display-component---masterPtm--smartTable-YARDYARD-valueHelpDialog-smartFilterBar-btnBasicSearch"}]}
RESULT: undefined
COMMAND: POST /session/48ce7485e2c64a68d867c0ed65041780/execute/async - {"script":"<script> [776 bytes]","args":[{"enterText":"282","selector":{"id":"FilterPanel-filterItemControl_BASIC-application-managepartners-display-component---masterPtm--smartTable-YARDYARD-valueHelpDialog-smartFilterBar-btnBasicSearch","searchOpenDialogs":true,"interaction":{"idSuffix":"I"}},"clearTextFirst":true,"interactionType":"ENTER_TEXT"}]}
RESULT: {"script":"<script> [776 bytes]","args":[{"enterText":"282","selector":{"id":"FilterPanel-filterItemControl_BASIC-application-managepartners-display-component---masterPtm--smartTable-YARDYARD-valueHelpDialog-smartFilterBar-btnBasicSearch","searchOpenDialogs":true,"interaction":{"idSuffix":"I"}},"clearTextFirst":true,"interactionType":"ENTER_TEXT"}]}
COMMAND: POST /session/48ce7485e2c64a68d867c0ed65041780/actions - {"actions":[{"id":"action3","type":"key","parameters":{},"actions":[{"type":"keyDown","value":""},{"type":"pause","duration":10},{"type":"keyUp","value":""}]}]}
RESULT: {"actions":[{"id":"action3","type":"key","parameters":{},"actions":[{"type":"keyDown","value":""},{"type":"pause","duration":10},{"type":"keyUp","value":""}]}]}
COMMAND: GET /session/48ce7485e2c64a68d867c0ed65041780/screenshot - {}
RESULT: {}
COMMAND: POST /session/48ce7485e2c64a68d867c0ed65041780/elements - {"using":"xpath","value":"//table[contains(@id, \"smartTable-YARDYARD-valueHelpDialog-table-table\")]/tbody/tr"}
RESULT: {"using":"xpath","value":"//table[contains(@id, \"smartTable-YARDYARD-valueHelpDialog-table-table\")]/tbody/tr"}
COMMAND: POST /session/48ce7485e2c64a68d867c0ed65041780/element - {"using":"xpath","value":"//table[contains(@id, \"smartTable-YARDYARD-valueHelpDialog-table-table\")]/tbody/tr[1]/td[1]/div/span"}
RESULT: {"using":"xpath","value":"//table[contains(@id, \"smartTable-YARDYARD-valueHelpDialog-table-table\")]/tbody/tr[1]/td[1]/div/span"}
COMMAND: POST /session/48ce7485e2c64a68d867c0ed65041780/elements - {"using":"xpath","value":"//table[contains(@id, \"smartTable-YARDYARD-valueHelpDialog-table-table\")]/tbody/tr[1]/td[1]/div/span"}
RESULT: {"using":"xpath","value":"//table[contains(@id, \"smartTable-YARDYARD-valueHelpDialog-table-table\")]/tbody/tr[1]/td[1]/div/span"}
COMMAND: POST /session/48ce7485e2c64a68d867c0ed65041780/execute/sync - {"script":"<script> [56 bytes]","args":[{"element-6066-11e4-a52e-4f735466cecf":"f.1999790E03A964CB3378C0A271C2A0DB.d.D8F523E21D4BD4D513B78DF76892BF6E.e.2101","ELEMENT":"f.1999790E03A964CB3378C0A271C2A0DB.d.D8F523E21D4BD4D513B78DF76892BF6E.e.2101"}]}
RESULT: {"script":"<script> [56 bytes]","args":[{"element-6066-11e4-a52e-4f735466cecf":"f.1999790E03A964CB3378C0A271C2A0DB.d.D8F523E21D4BD4D513B78DF76892BF6E.e.2101","ELEMENT":"f.1999790E03A964CB3378C0A271C2A0DB.d.D8F523E21D4BD4D513B78DF76892BF6E.e.2101"}]}
COMMAND: POST /session/48ce7485e2c64a68d867c0ed65041780/element - {"using":"xpath","value":"//div[contains(@id, \"YARDYARD-valueHelpDialog-table-rowsel0\")]"}
COMMAND: GET /session/48ce7485e2c64a68d867c0ed65041780/screenshot - {}
RESULT: {"using":"xpath","value":"//div[contains(@id, \"YARDYARD-valueHelpDialog-table-rowsel0\")]"}
COMMAND: POST /session/48ce7485e2c64a68d867c0ed65041780/element/f.1999790E03A964CB3378C0A271C2A0DB.d.D8F523E21D4BD4D513B78DF76892BF6E.e.2102/click - {}
RESULT: {}
RESULT: {}
COMMAND: GET /session/48ce7485e2c64a68d867c0ed65041780/screenshot - {}
RESULT: {}
COMMAND: POST /session/48ce7485e2c64a68d867c0ed65041780/element - {"using":"xpath","value":"(//bdi[contains(text(), \"OK\")])[2]"}
RESULT: {"using":"xpath","value":"(//bdi[contains(text(), \"OK\")])[2]"}
COMMAND: POST /session/48ce7485e2c64a68d867c0ed65041780/element/f.1999790E03A964CB3378C0A271C2A0DB.d.D8F523E21D4BD4D513B78DF76892BF6E.e.2104/click - {}
RESULT: {}
COMMAND: GET /session/48ce7485e2c64a68d867c0ed65041780/screenshot - {}
RESULT: {}
COMMAND: POST /session/48ce7485e2c64a68d867c0ed65041780/element - {"using":"xpath","value":"//bdi[contains(text(), \"OK\")]"}
RESULT: {"using":"xpath","value":"//bdi[contains(text(), \"OK\")]"}
COMMAND: POST /session/48ce7485e2c64a68d867c0ed65041780/element/f.1999790E03A964CB3378C0A271C2A0DB.d.D8F523E21D4BD4D513B78DF76892BF6E.e.2107/click - {}
RESULT: {}
COMMAND: GET /session/48ce7485e2c64a68d867c0ed65041780/screenshot - {}
RESULT: {}
COMMAND: POST /session/48ce7485e2c64a68d867c0ed65041780/element - {"using":"xpath","value":"//table[contains(@id, \"customPartnersTable\")]//tbody/tr[1]/td[3]/span"}
RESULT: {"using":"xpath","value":"//table[contains(@id, \"customPartnersTable\")]//tbody/tr[1]/td[3]/span"}
COMMAND: POST /session/48ce7485e2c64a68d867c0ed65041780/execute/sync - {"script":"<script> [56 bytes]","args":[{"element-6066-11e4-a52e-4f735466cecf":"f.1999790E03A964CB3378C0A271C2A0DB.d.D8F523E21D4BD4D513B78DF76892BF6E.e.2071","ELEMENT":"f.1999790E03A964CB3378C0A271C2A0DB.d.D8F523E21D4BD4D513B78DF76892BF6E.e.2071"}]}
RESULT: {"script":"<script> [56 bytes]","args":[{"element-6066-11e4-a52e-4f735466cecf":"f.1999790E03A964CB3378C0A271C2A0DB.d.D8F523E21D4BD4D513B78DF76892BF6E.e.2071","ELEMENT":"f.1999790E03A964CB3378C0A271C2A0DB.d.D8F523E21D4BD4D513B78DF76892BF6E.e.2071"}]}
COMMAND: POST /session/48ce7485e2c64a68d867c0ed65041780/element - {"using":"css selector","value":"#shell-header-logo"}
COMMAND: GET /session/48ce7485e2c64a68d867c0ed65041780/screenshot - {}
RESULT: {"using":"css selector","value":"#shell-header-logo"}
COMMAND: POST /session/48ce7485e2c64a68d867c0ed65041780/element/f.1999790E03A964CB3378C0A271C2A0DB.d.D8F523E21D4BD4D513B78DF76892BF6E.e.1695/click - {}
RESULT: {}
RESULT: {}
COMMAND: GET /session/48ce7485e2c64a68d867c0ed65041780/screenshot - {}
RESULT: {}
]]></system-out>
    </testcase>
    <testcase classname="chrome.136_0_7103_93.windows.Partner_specific_tests_US150819_US151080_US151654_US151176_US103444_US151078_US151079_US151109_US151174_US151175_US151189" name="Should deactivate the created partner in earlier step US151654" time="60.028">
      <system-out><![CDATA[
COMMAND: POST /session/48ce7485e2c64a68d867c0ed65041780/element - {"using":"xpath","value":"//li[.//span[text()=\"Manage Partners\"]]"}
RESULT: {"using":"xpath","value":"//li[.//span[text()=\"Manage Partners\"]]"}
COMMAND: POST /session/48ce7485e2c64a68d867c0ed65041780/element - {"using":"xpath","value":"//li[.//span[text()=\"Manage Partners\"]]"}
RESULT: {"using":"xpath","value":"//li[.//span[text()=\"Manage Partners\"]]"}
COMMAND: POST /session/48ce7485e2c64a68d867c0ed65041780/element - {"using":"css selector","value":"#shell-header-logo"}
RESULT: {"using":"css selector","value":"#shell-header-logo"}
COMMAND: POST /session/48ce7485e2c64a68d867c0ed65041780/element/f.1999790E03A964CB3378C0A271C2A0DB.d.D8F523E21D4BD4D513B78DF76892BF6E.e.2158/click - {}
COMMAND: POST /session/48ce7485e2c64a68d867c0ed65041780/execute/sync - {"script":"<script> [8489 bytes]","args":[{"element-6066-11e4-a52e-4f735466cecf":"f.1999790E03A964CB3378C0A271C2A0DB.d.D8F523E21D4BD4D513B78DF76892BF6E.e.2158","ELEMENT":"f.1999790E03A964CB3378C0A271C2A0DB.d.D8F523E21D4BD4D513B78DF76892BF6E.e.2158"}]}
RESULT: {"script":"<script> [8489 bytes]","args":[{"element-6066-11e4-a52e-4f735466cecf":"f.1999790E03A964CB3378C0A271C2A0DB.d.D8F523E21D4BD4D513B78DF76892BF6E.e.2158","ELEMENT":"f.1999790E03A964CB3378C0A271C2A0DB.d.D8F523E21D4BD4D513B78DF76892BF6E.e.2158"}]}
COMMAND: POST /session/48ce7485e2c64a68d867c0ed65041780/execute/sync - {"script":"<script> [5351 bytes]","args":[{"element-6066-11e4-a52e-4f735466cecf":"f.1999790E03A964CB3378C0A271C2A0DB.d.D8F523E21D4BD4D513B78DF76892BF6E.e.2158","ELEMENT":"f.1999790E03A964CB3378C0A271C2A0DB.d.D8F523E21D4BD4D513B78DF76892BF6E.e.2158"}]}
COMMAND: GET /session/48ce7485e2c64a68d867c0ed65041780/screenshot - {}
RESULT: {}
COMMAND: GET /session/48ce7485e2c64a68d867c0ed65041780/screenshot - {}
RESULT: {"script":"<script> [5351 bytes]","args":[{"element-6066-11e4-a52e-4f735466cecf":"f.1999790E03A964CB3378C0A271C2A0DB.d.D8F523E21D4BD4D513B78DF76892BF6E.e.2158","ELEMENT":"f.1999790E03A964CB3378C0A271C2A0DB.d.D8F523E21D4BD4D513B78DF76892BF6E.e.2158"}]}
COMMAND: GET /session/48ce7485e2c64a68d867c0ed65041780/screenshot - {}
RESULT: {}
RESULT: {}
RESULT: {}
RESULT: undefined
COMMAND: POST /session/48ce7485e2c64a68d867c0ed65041780/element - {"using":"xpath","value":"//*[@id=\"__tile38\"]"}
RESULT: {"using":"xpath","value":"//*[@id=\"__tile38\"]"}
COMMAND: POST /session/48ce7485e2c64a68d867c0ed65041780/element/f.1999790E03A964CB3378C0A271C2A0DB.d.D8F523E21D4BD4D513B78DF76892BF6E.e.147/click - {}
RESULT: {}
COMMAND: GET /session/48ce7485e2c64a68d867c0ed65041780/screenshot - {}
RESULT: {}
COMMAND: POST /session/48ce7485e2c64a68d867c0ed65041780/elements - {"using":"xpath","value":"//span[text()='Error']"}
RESULT: {"using":"xpath","value":"//span[text()='Error']"}
COMMAND: POST /session/48ce7485e2c64a68d867c0ed65041780/element - {"using":"xpath","value":"//button[@data-kt=\"addButton\"]"}
RESULT: {"using":"xpath","value":"//button[@data-kt=\"addButton\"]"}
COMMAND: POST /session/48ce7485e2c64a68d867c0ed65041780/elements - {"using":"xpath","value":"//button[@data-kt=\"addButton\"]"}
RESULT: {"using":"xpath","value":"//button[@data-kt=\"addButton\"]"}
COMMAND: POST /session/48ce7485e2c64a68d867c0ed65041780/execute/sync - {"script":"<script> [8489 bytes]","args":[{"element-6066-11e4-a52e-4f735466cecf":"f.1999790E03A964CB3378C0A271C2A0DB.d.D8F523E21D4BD4D513B78DF76892BF6E.e.2204","ELEMENT":"f.1999790E03A964CB3378C0A271C2A0DB.d.D8F523E21D4BD4D513B78DF76892BF6E.e.2204"}]}
RESULT: {"script":"<script> [8489 bytes]","args":[{"element-6066-11e4-a52e-4f735466cecf":"f.1999790E03A964CB3378C0A271C2A0DB.d.D8F523E21D4BD4D513B78DF76892BF6E.e.2204","ELEMENT":"f.1999790E03A964CB3378C0A271C2A0DB.d.D8F523E21D4BD4D513B78DF76892BF6E.e.2204"}]}
COMMAND: GET /session/48ce7485e2c64a68d867c0ed65041780/element/f.1999790E03A964CB3378C0A271C2A0DB.d.D8F523E21D4BD4D513B78DF76892BF6E.e.2204/enabled - {}
COMMAND: GET /session/48ce7485e2c64a68d867c0ed65041780/screenshot - {}
RESULT: {}
COMMAND: POST /session/48ce7485e2c64a68d867c0ed65041780/execute/sync - {"script":"<script> [8489 bytes]","args":[{"element-6066-11e4-a52e-4f735466cecf":"f.1999790E03A964CB3378C0A271C2A0DB.d.D8F523E21D4BD4D513B78DF76892BF6E.e.2204","ELEMENT":"f.1999790E03A964CB3378C0A271C2A0DB.d.D8F523E21D4BD4D513B78DF76892BF6E.e.2204"}]}
COMMAND: GET /session/48ce7485e2c64a68d867c0ed65041780/screenshot - {}
RESULT: {}
RESULT: {"script":"<script> [8489 bytes]","args":[{"element-6066-11e4-a52e-4f735466cecf":"f.1999790E03A964CB3378C0A271C2A0DB.d.D8F523E21D4BD4D513B78DF76892BF6E.e.2204","ELEMENT":"f.1999790E03A964CB3378C0A271C2A0DB.d.D8F523E21D4BD4D513B78DF76892BF6E.e.2204"}]}
COMMAND: POST /session/48ce7485e2c64a68d867c0ed65041780/execute/sync - {"script":"<script> [5351 bytes]","args":[{"element-6066-11e4-a52e-4f735466cecf":"f.1999790E03A964CB3378C0A271C2A0DB.d.D8F523E21D4BD4D513B78DF76892BF6E.e.2204","ELEMENT":"f.1999790E03A964CB3378C0A271C2A0DB.d.D8F523E21D4BD4D513B78DF76892BF6E.e.2204"}]}
COMMAND: GET /session/48ce7485e2c64a68d867c0ed65041780/screenshot - {}
RESULT: {}
RESULT: {"script":"<script> [5351 bytes]","args":[{"element-6066-11e4-a52e-4f735466cecf":"f.1999790E03A964CB3378C0A271C2A0DB.d.D8F523E21D4BD4D513B78DF76892BF6E.e.2204","ELEMENT":"f.1999790E03A964CB3378C0A271C2A0DB.d.D8F523E21D4BD4D513B78DF76892BF6E.e.2204"}]}
COMMAND: GET /session/48ce7485e2c64a68d867c0ed65041780/screenshot - {}
RESULT: {}
RESULT: {}
COMMAND: POST /session/48ce7485e2c64a68d867c0ed65041780/execute/async - {"script":"<script> [1562 bytes]","args":[{"selector":{"id":"application-managepartners-display-component---masterPtm--smartFilterBar-btnBasicSearch","interaction":{"idSuffix":"I"}},"wdio_ui5_key":"applicationmanagepartners-display-component---masterPtm--smartFilterBar-btnBasicSearch"}]}
RESULT: {"script":"<script> [1562 bytes]","args":[{"selector":{"id":"application-managepartners-display-component---masterPtm--smartFilterBar-btnBasicSearch","interaction":{"idSuffix":"I"}},"wdio_ui5_key":"applicationmanagepartners-display-component---masterPtm--smartFilterBar-btnBasicSearch"}]}
RESULT: undefined
COMMAND: POST /session/48ce7485e2c64a68d867c0ed65041780/execute/async - {"script":"<script> [776 bytes]","args":[{"enterText":"1127","selector":{"id":"application-managepartners-display-component---masterPtm--smartFilterBar-btnBasicSearch","interaction":{"idSuffix":"I"}},"clearTextFirst":true,"interactionType":"ENTER_TEXT"}]}
RESULT: {"script":"<script> [776 bytes]","args":[{"enterText":"1127","selector":{"id":"application-managepartners-display-component---masterPtm--smartFilterBar-btnBasicSearch","interaction":{"idSuffix":"I"}},"clearTextFirst":true,"interactionType":"ENTER_TEXT"}]}
COMMAND: POST /session/48ce7485e2c64a68d867c0ed65041780/actions - {"actions":[{"id":"action4","type":"key","parameters":{},"actions":[{"type":"keyDown","value":""},{"type":"pause","duration":10},{"type":"keyUp","value":""}]}]}
RESULT: {"actions":[{"id":"action4","type":"key","parameters":{},"actions":[{"type":"keyDown","value":""},{"type":"pause","duration":10},{"type":"keyUp","value":""}]}]}
COMMAND: GET /session/48ce7485e2c64a68d867c0ed65041780/screenshot - {}
RESULT: {}
COMMAND: POST /session/48ce7485e2c64a68d867c0ed65041780/elements - {"using":"xpath","value":"//table[contains(@id, \"customPartnersTable-listUl\")]/tbody/tr"}
RESULT: {"using":"xpath","value":"//table[contains(@id, \"customPartnersTable-listUl\")]/tbody/tr"}
COMMAND: POST /session/48ce7485e2c64a68d867c0ed65041780/element - {"using":"xpath","value":"//table[contains(@id, \"customPartnersTable-listUl\")]/tbody/tr[1]/td[3]/span"}
RESULT: {"using":"xpath","value":"//table[contains(@id, \"customPartnersTable-listUl\")]/tbody/tr[1]/td[3]/span"}
COMMAND: POST /session/48ce7485e2c64a68d867c0ed65041780/elements - {"using":"xpath","value":"//table[contains(@id, \"customPartnersTable-listUl\")]/tbody/tr[1]/td[3]/span"}
RESULT: {"using":"xpath","value":"//table[contains(@id, \"customPartnersTable-listUl\")]/tbody/tr[1]/td[3]/span"}
COMMAND: POST /session/48ce7485e2c64a68d867c0ed65041780/execute/sync - {"script":"<script> [56 bytes]","args":[{"element-6066-11e4-a52e-4f735466cecf":"f.1999790E03A964CB3378C0A271C2A0DB.d.D8F523E21D4BD4D513B78DF76892BF6E.e.2339","ELEMENT":"f.1999790E03A964CB3378C0A271C2A0DB.d.D8F523E21D4BD4D513B78DF76892BF6E.e.2339"}]}
RESULT: {"script":"<script> [56 bytes]","args":[{"element-6066-11e4-a52e-4f735466cecf":"f.1999790E03A964CB3378C0A271C2A0DB.d.D8F523E21D4BD4D513B78DF76892BF6E.e.2339","ELEMENT":"f.1999790E03A964CB3378C0A271C2A0DB.d.D8F523E21D4BD4D513B78DF76892BF6E.e.2339"}]}
COMMAND: POST /session/48ce7485e2c64a68d867c0ed65041780/element - {"using":"xpath","value":"//table[contains(@id, \"customPartnersTable-listUl\")]/tbody/tr[1]/td[7]/div/span"}
COMMAND: GET /session/48ce7485e2c64a68d867c0ed65041780/screenshot - {}
RESULT: {"using":"xpath","value":"//table[contains(@id, \"customPartnersTable-listUl\")]/tbody/tr[1]/td[7]/div/span"}
COMMAND: POST /session/48ce7485e2c64a68d867c0ed65041780/execute/sync - {"script":"<script> [56 bytes]","args":[{"element-6066-11e4-a52e-4f735466cecf":"f.1999790E03A964CB3378C0A271C2A0DB.d.D8F523E21D4BD4D513B78DF76892BF6E.e.2340","ELEMENT":"f.1999790E03A964CB3378C0A271C2A0DB.d.D8F523E21D4BD4D513B78DF76892BF6E.e.2340"}]}
RESULT: {}
RESULT: {"script":"<script> [56 bytes]","args":[{"element-6066-11e4-a52e-4f735466cecf":"f.1999790E03A964CB3378C0A271C2A0DB.d.D8F523E21D4BD4D513B78DF76892BF6E.e.2340","ELEMENT":"f.1999790E03A964CB3378C0A271C2A0DB.d.D8F523E21D4BD4D513B78DF76892BF6E.e.2340"}]}
COMMAND: POST /session/48ce7485e2c64a68d867c0ed65041780/element - {"using":"xpath","value":"//table[contains(@id, \"customPartnersTable-listUl\")]/tbody/tr[1]/td[2]/div/div"}
COMMAND: GET /session/48ce7485e2c64a68d867c0ed65041780/screenshot - {}
RESULT: {"using":"xpath","value":"//table[contains(@id, \"customPartnersTable-listUl\")]/tbody/tr[1]/td[2]/div/div"}
COMMAND: POST /session/48ce7485e2c64a68d867c0ed65041780/element/f.1999790E03A964CB3378C0A271C2A0DB.d.D8F523E21D4BD4D513B78DF76892BF6E.e.2341/click - {}
RESULT: {}
RESULT: {}
COMMAND: GET /session/48ce7485e2c64a68d867c0ed65041780/screenshot - {}
RESULT: {}
COMMAND: POST /session/48ce7485e2c64a68d867c0ed65041780/element - {"using":"xpath","value":"//bdi[contains(text(), \"Deactivate\")]"}
RESULT: {"using":"xpath","value":"//bdi[contains(text(), \"Deactivate\")]"}
COMMAND: POST /session/48ce7485e2c64a68d867c0ed65041780/element/f.1999790E03A964CB3378C0A271C2A0DB.d.D8F523E21D4BD4D513B78DF76892BF6E.e.2342/click - {}
RESULT: {}
COMMAND: GET /session/48ce7485e2c64a68d867c0ed65041780/screenshot - {}
RESULT: {}
COMMAND: POST /session/48ce7485e2c64a68d867c0ed65041780/element - {"using":"xpath","value":"//bdi[contains(text(), \"Yes\")]"}
RESULT: {"using":"xpath","value":"//bdi[contains(text(), \"Yes\")]"}
COMMAND: POST /session/48ce7485e2c64a68d867c0ed65041780/element/f.1999790E03A964CB3378C0A271C2A0DB.d.D8F523E21D4BD4D513B78DF76892BF6E.e.2344/click - {}
RESULT: {}
COMMAND: GET /session/48ce7485e2c64a68d867c0ed65041780/screenshot - {}
RESULT: {}
COMMAND: POST /session/48ce7485e2c64a68d867c0ed65041780/element - {"using":"xpath","value":"//table[contains(@id, \"customPartnersTable-listUl\")]/tbody/tr[1]/td[7]/div/span"}
RESULT: {"using":"xpath","value":"//table[contains(@id, \"customPartnersTable-listUl\")]/tbody/tr[1]/td[7]/div/span"}
COMMAND: POST /session/48ce7485e2c64a68d867c0ed65041780/execute/sync - {"script":"<script> [56 bytes]","args":[{"element-6066-11e4-a52e-4f735466cecf":"f.1999790E03A964CB3378C0A271C2A0DB.d.D8F523E21D4BD4D513B78DF76892BF6E.e.2340","ELEMENT":"f.1999790E03A964CB3378C0A271C2A0DB.d.D8F523E21D4BD4D513B78DF76892BF6E.e.2340"}]}
RESULT: {"script":"<script> [56 bytes]","args":[{"element-6066-11e4-a52e-4f735466cecf":"f.1999790E03A964CB3378C0A271C2A0DB.d.D8F523E21D4BD4D513B78DF76892BF6E.e.2340","ELEMENT":"f.1999790E03A964CB3378C0A271C2A0DB.d.D8F523E21D4BD4D513B78DF76892BF6E.e.2340"}]}
COMMAND: GET /session/48ce7485e2c64a68d867c0ed65041780/screenshot - {}
RESULT: {}
COMMAND: POST /session/48ce7485e2c64a68d867c0ed65041780/element - {"using":"css selector","value":"#shell-header-logo"}
RESULT: {"using":"css selector","value":"#shell-header-logo"}
COMMAND: POST /session/48ce7485e2c64a68d867c0ed65041780/element/f.1999790E03A964CB3378C0A271C2A0DB.d.D8F523E21D4BD4D513B78DF76892BF6E.e.2158/click - {}
RESULT: {}
COMMAND: GET /session/48ce7485e2c64a68d867c0ed65041780/screenshot - {}
RESULT: {}
]]></system-out>
    </testcase>
    <testcase classname="chrome.136_0_7103_93.windows.Partner_specific_tests_US150819_US151080_US151654_US151176_US103444_US151078_US151079_US151109_US151174_US151175_US151189" name="Should activate the created partner again US151176" time="60.314">
      <system-out><![CDATA[
COMMAND: POST /session/48ce7485e2c64a68d867c0ed65041780/element - {"using":"xpath","value":"//li[.//span[text()=\"Manage Partners\"]]"}
RESULT: {"using":"xpath","value":"//li[.//span[text()=\"Manage Partners\"]]"}
COMMAND: POST /session/48ce7485e2c64a68d867c0ed65041780/element - {"using":"xpath","value":"//li[.//span[text()=\"Manage Partners\"]]"}
RESULT: {"using":"xpath","value":"//li[.//span[text()=\"Manage Partners\"]]"}
COMMAND: POST /session/48ce7485e2c64a68d867c0ed65041780/element - {"using":"css selector","value":"#shell-header-logo"}
RESULT: {"using":"css selector","value":"#shell-header-logo"}
COMMAND: POST /session/48ce7485e2c64a68d867c0ed65041780/element/f.1999790E03A964CB3378C0A271C2A0DB.d.D8F523E21D4BD4D513B78DF76892BF6E.e.2348/click - {}
COMMAND: POST /session/48ce7485e2c64a68d867c0ed65041780/execute/sync - {"script":"<script> [8489 bytes]","args":[{"element-6066-11e4-a52e-4f735466cecf":"f.1999790E03A964CB3378C0A271C2A0DB.d.D8F523E21D4BD4D513B78DF76892BF6E.e.2348","ELEMENT":"f.1999790E03A964CB3378C0A271C2A0DB.d.D8F523E21D4BD4D513B78DF76892BF6E.e.2348"}]}
RESULT: {}
COMMAND: GET /session/48ce7485e2c64a68d867c0ed65041780/screenshot - {}
RESULT: {"script":"<script> [8489 bytes]","args":[{"element-6066-11e4-a52e-4f735466cecf":"f.1999790E03A964CB3378C0A271C2A0DB.d.D8F523E21D4BD4D513B78DF76892BF6E.e.2348","ELEMENT":"f.1999790E03A964CB3378C0A271C2A0DB.d.D8F523E21D4BD4D513B78DF76892BF6E.e.2348"}]}
COMMAND: POST /session/48ce7485e2c64a68d867c0ed65041780/execute/sync - {"script":"<script> [5351 bytes]","args":[{"element-6066-11e4-a52e-4f735466cecf":"f.1999790E03A964CB3378C0A271C2A0DB.d.D8F523E21D4BD4D513B78DF76892BF6E.e.2348","ELEMENT":"f.1999790E03A964CB3378C0A271C2A0DB.d.D8F523E21D4BD4D513B78DF76892BF6E.e.2348"}]}
COMMAND: GET /session/48ce7485e2c64a68d867c0ed65041780/screenshot - {}
RESULT: {}
RESULT: {"script":"<script> [5351 bytes]","args":[{"element-6066-11e4-a52e-4f735466cecf":"f.1999790E03A964CB3378C0A271C2A0DB.d.D8F523E21D4BD4D513B78DF76892BF6E.e.2348","ELEMENT":"f.1999790E03A964CB3378C0A271C2A0DB.d.D8F523E21D4BD4D513B78DF76892BF6E.e.2348"}]}
COMMAND: GET /session/48ce7485e2c64a68d867c0ed65041780/screenshot - {}
RESULT: {}
RESULT: {}
RESULT: undefined
COMMAND: POST /session/48ce7485e2c64a68d867c0ed65041780/element - {"using":"xpath","value":"//*[@id=\"__tile38\"]"}
RESULT: {"using":"xpath","value":"//*[@id=\"__tile38\"]"}
COMMAND: POST /session/48ce7485e2c64a68d867c0ed65041780/element/f.1999790E03A964CB3378C0A271C2A0DB.d.D8F523E21D4BD4D513B78DF76892BF6E.e.147/click - {}
RESULT: {}
COMMAND: GET /session/48ce7485e2c64a68d867c0ed65041780/screenshot - {}
RESULT: {}
COMMAND: POST /session/48ce7485e2c64a68d867c0ed65041780/elements - {"using":"xpath","value":"//span[text()='Error']"}
RESULT: {"using":"xpath","value":"//span[text()='Error']"}
COMMAND: POST /session/48ce7485e2c64a68d867c0ed65041780/element - {"using":"xpath","value":"//button[@data-kt=\"addButton\"]"}
RESULT: {"using":"xpath","value":"//button[@data-kt=\"addButton\"]"}
COMMAND: POST /session/48ce7485e2c64a68d867c0ed65041780/elements - {"using":"xpath","value":"//button[@data-kt=\"addButton\"]"}
RESULT: {"using":"xpath","value":"//button[@data-kt=\"addButton\"]"}
COMMAND: POST /session/48ce7485e2c64a68d867c0ed65041780/execute/sync - {"script":"<script> [8489 bytes]","args":[{"element-6066-11e4-a52e-4f735466cecf":"f.1999790E03A964CB3378C0A271C2A0DB.d.D8F523E21D4BD4D513B78DF76892BF6E.e.2393","ELEMENT":"f.1999790E03A964CB3378C0A271C2A0DB.d.D8F523E21D4BD4D513B78DF76892BF6E.e.2393"}]}
RESULT: {"script":"<script> [8489 bytes]","args":[{"element-6066-11e4-a52e-4f735466cecf":"f.1999790E03A964CB3378C0A271C2A0DB.d.D8F523E21D4BD4D513B78DF76892BF6E.e.2393","ELEMENT":"f.1999790E03A964CB3378C0A271C2A0DB.d.D8F523E21D4BD4D513B78DF76892BF6E.e.2393"}]}
COMMAND: GET /session/48ce7485e2c64a68d867c0ed65041780/element/f.1999790E03A964CB3378C0A271C2A0DB.d.D8F523E21D4BD4D513B78DF76892BF6E.e.2393/enabled - {}
COMMAND: GET /session/48ce7485e2c64a68d867c0ed65041780/screenshot - {}
RESULT: {}
COMMAND: POST /session/48ce7485e2c64a68d867c0ed65041780/execute/sync - {"script":"<script> [8489 bytes]","args":[{"element-6066-11e4-a52e-4f735466cecf":"f.1999790E03A964CB3378C0A271C2A0DB.d.D8F523E21D4BD4D513B78DF76892BF6E.e.2393","ELEMENT":"f.1999790E03A964CB3378C0A271C2A0DB.d.D8F523E21D4BD4D513B78DF76892BF6E.e.2393"}]}
COMMAND: GET /session/48ce7485e2c64a68d867c0ed65041780/screenshot - {}
RESULT: {}
RESULT: {"script":"<script> [8489 bytes]","args":[{"element-6066-11e4-a52e-4f735466cecf":"f.1999790E03A964CB3378C0A271C2A0DB.d.D8F523E21D4BD4D513B78DF76892BF6E.e.2393","ELEMENT":"f.1999790E03A964CB3378C0A271C2A0DB.d.D8F523E21D4BD4D513B78DF76892BF6E.e.2393"}]}
COMMAND: POST /session/48ce7485e2c64a68d867c0ed65041780/execute/sync - {"script":"<script> [5351 bytes]","args":[{"element-6066-11e4-a52e-4f735466cecf":"f.1999790E03A964CB3378C0A271C2A0DB.d.D8F523E21D4BD4D513B78DF76892BF6E.e.2393","ELEMENT":"f.1999790E03A964CB3378C0A271C2A0DB.d.D8F523E21D4BD4D513B78DF76892BF6E.e.2393"}]}
COMMAND: GET /session/48ce7485e2c64a68d867c0ed65041780/screenshot - {}
RESULT: {}
RESULT: {"script":"<script> [5351 bytes]","args":[{"element-6066-11e4-a52e-4f735466cecf":"f.1999790E03A964CB3378C0A271C2A0DB.d.D8F523E21D4BD4D513B78DF76892BF6E.e.2393","ELEMENT":"f.1999790E03A964CB3378C0A271C2A0DB.d.D8F523E21D4BD4D513B78DF76892BF6E.e.2393"}]}
COMMAND: GET /session/48ce7485e2c64a68d867c0ed65041780/screenshot - {}
RESULT: {}
RESULT: {}
RESULT: undefined
COMMAND: POST /session/48ce7485e2c64a68d867c0ed65041780/execute/async - {"script":"<script> [776 bytes]","args":[{"enterText":"1127","selector":{"id":"application-managepartners-display-component---masterPtm--smartFilterBar-btnBasicSearch","interaction":{"idSuffix":"I"}},"clearTextFirst":true,"interactionType":"ENTER_TEXT"}]}
RESULT: {"script":"<script> [776 bytes]","args":[{"enterText":"1127","selector":{"id":"application-managepartners-display-component---masterPtm--smartFilterBar-btnBasicSearch","interaction":{"idSuffix":"I"}},"clearTextFirst":true,"interactionType":"ENTER_TEXT"}]}
COMMAND: POST /session/48ce7485e2c64a68d867c0ed65041780/actions - {"actions":[{"id":"action5","type":"key","parameters":{},"actions":[{"type":"keyDown","value":""},{"type":"pause","duration":10},{"type":"keyUp","value":""}]}]}
RESULT: {"actions":[{"id":"action5","type":"key","parameters":{},"actions":[{"type":"keyDown","value":""},{"type":"pause","duration":10},{"type":"keyUp","value":""}]}]}
COMMAND: GET /session/48ce7485e2c64a68d867c0ed65041780/screenshot - {}
RESULT: {}
COMMAND: POST /session/48ce7485e2c64a68d867c0ed65041780/elements - {"using":"xpath","value":"//table[contains(@id, \"customPartnersTable-listUl\")]/tbody/tr"}
RESULT: {"using":"xpath","value":"//table[contains(@id, \"customPartnersTable-listUl\")]/tbody/tr"}
COMMAND: POST /session/48ce7485e2c64a68d867c0ed65041780/element - {"using":"xpath","value":"//table[contains(@id, \"customPartnersTable-listUl\")]/tbody/tr[1]/td[3]/span"}
RESULT: {"using":"xpath","value":"//table[contains(@id, \"customPartnersTable-listUl\")]/tbody/tr[1]/td[3]/span"}
COMMAND: POST /session/48ce7485e2c64a68d867c0ed65041780/elements - {"using":"xpath","value":"//table[contains(@id, \"customPartnersTable-listUl\")]/tbody/tr[1]/td[3]/span"}
RESULT: {"using":"xpath","value":"//table[contains(@id, \"customPartnersTable-listUl\")]/tbody/tr[1]/td[3]/span"}
COMMAND: POST /session/48ce7485e2c64a68d867c0ed65041780/execute/sync - {"script":"<script> [56 bytes]","args":[{"element-6066-11e4-a52e-4f735466cecf":"f.1999790E03A964CB3378C0A271C2A0DB.d.D8F523E21D4BD4D513B78DF76892BF6E.e.2529","ELEMENT":"f.1999790E03A964CB3378C0A271C2A0DB.d.D8F523E21D4BD4D513B78DF76892BF6E.e.2529"}]}
RESULT: {"script":"<script> [56 bytes]","args":[{"element-6066-11e4-a52e-4f735466cecf":"f.1999790E03A964CB3378C0A271C2A0DB.d.D8F523E21D4BD4D513B78DF76892BF6E.e.2529","ELEMENT":"f.1999790E03A964CB3378C0A271C2A0DB.d.D8F523E21D4BD4D513B78DF76892BF6E.e.2529"}]}
COMMAND: POST /session/48ce7485e2c64a68d867c0ed65041780/element - {"using":"xpath","value":"//table[contains(@id, \"customPartnersTable-listUl\")]/tbody/tr[1]/td[7]/div/span"}
COMMAND: GET /session/48ce7485e2c64a68d867c0ed65041780/screenshot - {}
RESULT: {"using":"xpath","value":"//table[contains(@id, \"customPartnersTable-listUl\")]/tbody/tr[1]/td[7]/div/span"}
COMMAND: POST /session/48ce7485e2c64a68d867c0ed65041780/execute/sync - {"script":"<script> [56 bytes]","args":[{"element-6066-11e4-a52e-4f735466cecf":"f.1999790E03A964CB3378C0A271C2A0DB.d.D8F523E21D4BD4D513B78DF76892BF6E.e.2530","ELEMENT":"f.1999790E03A964CB3378C0A271C2A0DB.d.D8F523E21D4BD4D513B78DF76892BF6E.e.2530"}]}
RESULT: {}
RESULT: {"script":"<script> [56 bytes]","args":[{"element-6066-11e4-a52e-4f735466cecf":"f.1999790E03A964CB3378C0A271C2A0DB.d.D8F523E21D4BD4D513B78DF76892BF6E.e.2530","ELEMENT":"f.1999790E03A964CB3378C0A271C2A0DB.d.D8F523E21D4BD4D513B78DF76892BF6E.e.2530"}]}
COMMAND: POST /session/48ce7485e2c64a68d867c0ed65041780/element - {"using":"xpath","value":"//table[contains(@id, \"customPartnersTable-listUl\")]/tbody/tr[1]/td[2]/div/div"}
COMMAND: GET /session/48ce7485e2c64a68d867c0ed65041780/screenshot - {}
RESULT: {"using":"xpath","value":"//table[contains(@id, \"customPartnersTable-listUl\")]/tbody/tr[1]/td[2]/div/div"}
COMMAND: POST /session/48ce7485e2c64a68d867c0ed65041780/element/f.1999790E03A964CB3378C0A271C2A0DB.d.D8F523E21D4BD4D513B78DF76892BF6E.e.2531/click - {}
RESULT: {}
RESULT: {}
COMMAND: GET /session/48ce7485e2c64a68d867c0ed65041780/screenshot - {}
RESULT: {}
COMMAND: POST /session/48ce7485e2c64a68d867c0ed65041780/element - {"using":"xpath","value":"//bdi[contains(text(), \"Activate\")]"}
RESULT: {"using":"xpath","value":"//bdi[contains(text(), \"Activate\")]"}
COMMAND: POST /session/48ce7485e2c64a68d867c0ed65041780/element/f.1999790E03A964CB3378C0A271C2A0DB.d.D8F523E21D4BD4D513B78DF76892BF6E.e.2532/click - {}
RESULT: {}
COMMAND: GET /session/48ce7485e2c64a68d867c0ed65041780/screenshot - {}
RESULT: {}
COMMAND: POST /session/48ce7485e2c64a68d867c0ed65041780/element - {"using":"xpath","value":"//bdi[contains(text(), \"Yes\")]"}
RESULT: {"using":"xpath","value":"//bdi[contains(text(), \"Yes\")]"}
COMMAND: POST /session/48ce7485e2c64a68d867c0ed65041780/element/f.1999790E03A964CB3378C0A271C2A0DB.d.D8F523E21D4BD4D513B78DF76892BF6E.e.2534/click - {}
RESULT: {}
COMMAND: GET /session/48ce7485e2c64a68d867c0ed65041780/screenshot - {}
RESULT: {}
COMMAND: POST /session/48ce7485e2c64a68d867c0ed65041780/element - {"using":"xpath","value":"//table[contains(@id, \"customPartnersTable-listUl\")]/tbody/tr[1]/td[7]/div/span"}
RESULT: {"using":"xpath","value":"//table[contains(@id, \"customPartnersTable-listUl\")]/tbody/tr[1]/td[7]/div/span"}
COMMAND: POST /session/48ce7485e2c64a68d867c0ed65041780/execute/sync - {"script":"<script> [56 bytes]","args":[{"element-6066-11e4-a52e-4f735466cecf":"f.1999790E03A964CB3378C0A271C2A0DB.d.D8F523E21D4BD4D513B78DF76892BF6E.e.2530","ELEMENT":"f.1999790E03A964CB3378C0A271C2A0DB.d.D8F523E21D4BD4D513B78DF76892BF6E.e.2530"}]}
RESULT: {"script":"<script> [56 bytes]","args":[{"element-6066-11e4-a52e-4f735466cecf":"f.1999790E03A964CB3378C0A271C2A0DB.d.D8F523E21D4BD4D513B78DF76892BF6E.e.2530","ELEMENT":"f.1999790E03A964CB3378C0A271C2A0DB.d.D8F523E21D4BD4D513B78DF76892BF6E.e.2530"}]}
COMMAND: GET /session/48ce7485e2c64a68d867c0ed65041780/screenshot - {}
RESULT: {}
COMMAND: POST /session/48ce7485e2c64a68d867c0ed65041780/element - {"using":"css selector","value":"#shell-header-logo"}
RESULT: {"using":"css selector","value":"#shell-header-logo"}
COMMAND: POST /session/48ce7485e2c64a68d867c0ed65041780/element/f.1999790E03A964CB3378C0A271C2A0DB.d.D8F523E21D4BD4D513B78DF76892BF6E.e.2348/click - {}
RESULT: {}
COMMAND: GET /session/48ce7485e2c64a68d867c0ed65041780/screenshot - {}
RESULT: {}
]]></system-out>
    </testcase>
    <testcase classname="chrome.136_0_7103_93.windows.Partner_specific_tests_US150819_US151080_US151654_US151176_US103444_US151078_US151079_US151109_US151174_US151175_US151189" name="Should edit the created external partner and save it and check its content US103444" time="65.262">
      <system-out><![CDATA[
COMMAND: POST /session/48ce7485e2c64a68d867c0ed65041780/element - {"using":"xpath","value":"//li[.//span[text()=\"Manage Partners\"]]"}
RESULT: {"using":"xpath","value":"//li[.//span[text()=\"Manage Partners\"]]"}
COMMAND: POST /session/48ce7485e2c64a68d867c0ed65041780/element - {"using":"xpath","value":"//li[.//span[text()=\"Manage Partners\"]]"}
RESULT: {"using":"xpath","value":"//li[.//span[text()=\"Manage Partners\"]]"}
COMMAND: POST /session/48ce7485e2c64a68d867c0ed65041780/element - {"using":"css selector","value":"#shell-header-logo"}
RESULT: {"using":"css selector","value":"#shell-header-logo"}
COMMAND: POST /session/48ce7485e2c64a68d867c0ed65041780/element/f.1999790E03A964CB3378C0A271C2A0DB.d.D8F523E21D4BD4D513B78DF76892BF6E.e.2538/click - {}
COMMAND: POST /session/48ce7485e2c64a68d867c0ed65041780/execute/sync - {"script":"<script> [8489 bytes]","args":[{"element-6066-11e4-a52e-4f735466cecf":"f.1999790E03A964CB3378C0A271C2A0DB.d.D8F523E21D4BD4D513B78DF76892BF6E.e.2538","ELEMENT":"f.1999790E03A964CB3378C0A271C2A0DB.d.D8F523E21D4BD4D513B78DF76892BF6E.e.2538"}]}
RESULT: {}
COMMAND: GET /session/48ce7485e2c64a68d867c0ed65041780/screenshot - {}
RESULT: {"script":"<script> [8489 bytes]","args":[{"element-6066-11e4-a52e-4f735466cecf":"f.1999790E03A964CB3378C0A271C2A0DB.d.D8F523E21D4BD4D513B78DF76892BF6E.e.2538","ELEMENT":"f.1999790E03A964CB3378C0A271C2A0DB.d.D8F523E21D4BD4D513B78DF76892BF6E.e.2538"}]}
COMMAND: POST /session/48ce7485e2c64a68d867c0ed65041780/execute/sync - {"script":"<script> [5351 bytes]","args":[{"element-6066-11e4-a52e-4f735466cecf":"f.1999790E03A964CB3378C0A271C2A0DB.d.D8F523E21D4BD4D513B78DF76892BF6E.e.2538","ELEMENT":"f.1999790E03A964CB3378C0A271C2A0DB.d.D8F523E21D4BD4D513B78DF76892BF6E.e.2538"}]}
COMMAND: GET /session/48ce7485e2c64a68d867c0ed65041780/screenshot - {}
RESULT: {}
RESULT: {"script":"<script> [5351 bytes]","args":[{"element-6066-11e4-a52e-4f735466cecf":"f.1999790E03A964CB3378C0A271C2A0DB.d.D8F523E21D4BD4D513B78DF76892BF6E.e.2538","ELEMENT":"f.1999790E03A964CB3378C0A271C2A0DB.d.D8F523E21D4BD4D513B78DF76892BF6E.e.2538"}]}
COMMAND: GET /session/48ce7485e2c64a68d867c0ed65041780/screenshot - {}
RESULT: {}
RESULT: {}
RESULT: undefined
COMMAND: POST /session/48ce7485e2c64a68d867c0ed65041780/element - {"using":"xpath","value":"//*[@id=\"__tile38\"]"}
RESULT: {"using":"xpath","value":"//*[@id=\"__tile38\"]"}
COMMAND: POST /session/48ce7485e2c64a68d867c0ed65041780/element/f.1999790E03A964CB3378C0A271C2A0DB.d.D8F523E21D4BD4D513B78DF76892BF6E.e.147/click - {}
RESULT: {}
COMMAND: GET /session/48ce7485e2c64a68d867c0ed65041780/screenshot - {}
RESULT: {}
COMMAND: POST /session/48ce7485e2c64a68d867c0ed65041780/elements - {"using":"xpath","value":"//span[text()='Error']"}
RESULT: {"using":"xpath","value":"//span[text()='Error']"}
COMMAND: POST /session/48ce7485e2c64a68d867c0ed65041780/element - {"using":"xpath","value":"//button[@data-kt=\"addButton\"]"}
RESULT: {"using":"xpath","value":"//button[@data-kt=\"addButton\"]"}
COMMAND: POST /session/48ce7485e2c64a68d867c0ed65041780/elements - {"using":"xpath","value":"//button[@data-kt=\"addButton\"]"}
RESULT: {"using":"xpath","value":"//button[@data-kt=\"addButton\"]"}
COMMAND: POST /session/48ce7485e2c64a68d867c0ed65041780/execute/sync - {"script":"<script> [8489 bytes]","args":[{"element-6066-11e4-a52e-4f735466cecf":"f.1999790E03A964CB3378C0A271C2A0DB.d.D8F523E21D4BD4D513B78DF76892BF6E.e.2583","ELEMENT":"f.1999790E03A964CB3378C0A271C2A0DB.d.D8F523E21D4BD4D513B78DF76892BF6E.e.2583"}]}
RESULT: {"script":"<script> [8489 bytes]","args":[{"element-6066-11e4-a52e-4f735466cecf":"f.1999790E03A964CB3378C0A271C2A0DB.d.D8F523E21D4BD4D513B78DF76892BF6E.e.2583","ELEMENT":"f.1999790E03A964CB3378C0A271C2A0DB.d.D8F523E21D4BD4D513B78DF76892BF6E.e.2583"}]}
COMMAND: GET /session/48ce7485e2c64a68d867c0ed65041780/element/f.1999790E03A964CB3378C0A271C2A0DB.d.D8F523E21D4BD4D513B78DF76892BF6E.e.2583/enabled - {}
COMMAND: GET /session/48ce7485e2c64a68d867c0ed65041780/screenshot - {}
RESULT: {}
COMMAND: POST /session/48ce7485e2c64a68d867c0ed65041780/execute/sync - {"script":"<script> [8489 bytes]","args":[{"element-6066-11e4-a52e-4f735466cecf":"f.1999790E03A964CB3378C0A271C2A0DB.d.D8F523E21D4BD4D513B78DF76892BF6E.e.2583","ELEMENT":"f.1999790E03A964CB3378C0A271C2A0DB.d.D8F523E21D4BD4D513B78DF76892BF6E.e.2583"}]}
COMMAND: GET /session/48ce7485e2c64a68d867c0ed65041780/screenshot - {}
RESULT: {}
RESULT: {"script":"<script> [8489 bytes]","args":[{"element-6066-11e4-a52e-4f735466cecf":"f.1999790E03A964CB3378C0A271C2A0DB.d.D8F523E21D4BD4D513B78DF76892BF6E.e.2583","ELEMENT":"f.1999790E03A964CB3378C0A271C2A0DB.d.D8F523E21D4BD4D513B78DF76892BF6E.e.2583"}]}
COMMAND: POST /session/48ce7485e2c64a68d867c0ed65041780/execute/sync - {"script":"<script> [5351 bytes]","args":[{"element-6066-11e4-a52e-4f735466cecf":"f.1999790E03A964CB3378C0A271C2A0DB.d.D8F523E21D4BD4D513B78DF76892BF6E.e.2583","ELEMENT":"f.1999790E03A964CB3378C0A271C2A0DB.d.D8F523E21D4BD4D513B78DF76892BF6E.e.2583"}]}
COMMAND: GET /session/48ce7485e2c64a68d867c0ed65041780/screenshot - {}
RESULT: {}
RESULT: {"script":"<script> [5351 bytes]","args":[{"element-6066-11e4-a52e-4f735466cecf":"f.1999790E03A964CB3378C0A271C2A0DB.d.D8F523E21D4BD4D513B78DF76892BF6E.e.2583","ELEMENT":"f.1999790E03A964CB3378C0A271C2A0DB.d.D8F523E21D4BD4D513B78DF76892BF6E.e.2583"}]}
COMMAND: GET /session/48ce7485e2c64a68d867c0ed65041780/screenshot - {}
RESULT: {}
RESULT: {}
RESULT: undefined
COMMAND: POST /session/48ce7485e2c64a68d867c0ed65041780/execute/async - {"script":"<script> [776 bytes]","args":[{"enterText":"1127","selector":{"id":"application-managepartners-display-component---masterPtm--smartFilterBar-btnBasicSearch","interaction":{"idSuffix":"I"}},"clearTextFirst":true,"interactionType":"ENTER_TEXT"}]}
RESULT: {"script":"<script> [776 bytes]","args":[{"enterText":"1127","selector":{"id":"application-managepartners-display-component---masterPtm--smartFilterBar-btnBasicSearch","interaction":{"idSuffix":"I"}},"clearTextFirst":true,"interactionType":"ENTER_TEXT"}]}
COMMAND: POST /session/48ce7485e2c64a68d867c0ed65041780/actions - {"actions":[{"id":"action6","type":"key","parameters":{},"actions":[{"type":"keyDown","value":""},{"type":"pause","duration":10},{"type":"keyUp","value":""}]}]}
RESULT: {"actions":[{"id":"action6","type":"key","parameters":{},"actions":[{"type":"keyDown","value":""},{"type":"pause","duration":10},{"type":"keyUp","value":""}]}]}
COMMAND: GET /session/48ce7485e2c64a68d867c0ed65041780/screenshot - {}
RESULT: {}
COMMAND: POST /session/48ce7485e2c64a68d867c0ed65041780/elements - {"using":"xpath","value":"//table[contains(@id, \"customPartnersTable-listUl\")]/tbody/tr"}
RESULT: {"using":"xpath","value":"//table[contains(@id, \"customPartnersTable-listUl\")]/tbody/tr"}
COMMAND: POST /session/48ce7485e2c64a68d867c0ed65041780/element - {"using":"xpath","value":"//table[contains(@id, \"customPartnersTable-listUl\")]/tbody/tr[1]/td[3]/span"}
RESULT: {"using":"xpath","value":"//table[contains(@id, \"customPartnersTable-listUl\")]/tbody/tr[1]/td[3]/span"}
COMMAND: POST /session/48ce7485e2c64a68d867c0ed65041780/elements - {"using":"xpath","value":"//table[contains(@id, \"customPartnersTable-listUl\")]/tbody/tr[1]/td[3]/span"}
RESULT: {"using":"xpath","value":"//table[contains(@id, \"customPartnersTable-listUl\")]/tbody/tr[1]/td[3]/span"}
COMMAND: POST /session/48ce7485e2c64a68d867c0ed65041780/execute/sync - {"script":"<script> [56 bytes]","args":[{"element-6066-11e4-a52e-4f735466cecf":"f.1999790E03A964CB3378C0A271C2A0DB.d.D8F523E21D4BD4D513B78DF76892BF6E.e.2716","ELEMENT":"f.1999790E03A964CB3378C0A271C2A0DB.d.D8F523E21D4BD4D513B78DF76892BF6E.e.2716"}]}
RESULT: {"script":"<script> [56 bytes]","args":[{"element-6066-11e4-a52e-4f735466cecf":"f.1999790E03A964CB3378C0A271C2A0DB.d.D8F523E21D4BD4D513B78DF76892BF6E.e.2716","ELEMENT":"f.1999790E03A964CB3378C0A271C2A0DB.d.D8F523E21D4BD4D513B78DF76892BF6E.e.2716"}]}
COMMAND: POST /session/48ce7485e2c64a68d867c0ed65041780/element - {"using":"xpath","value":"(//span[contains(@id, \"imgNav\")])[1]"}
COMMAND: GET /session/48ce7485e2c64a68d867c0ed65041780/screenshot - {}
RESULT: {"using":"xpath","value":"(//span[contains(@id, \"imgNav\")])[1]"}
COMMAND: POST /session/48ce7485e2c64a68d867c0ed65041780/element/f.1999790E03A964CB3378C0A271C2A0DB.d.D8F523E21D4BD4D513B78DF76892BF6E.e.2714/click - {}
RESULT: {}
RESULT: {}
COMMAND: GET /session/48ce7485e2c64a68d867c0ed65041780/screenshot - {}
RESULT: {}
COMMAND: POST /session/48ce7485e2c64a68d867c0ed65041780/element - {"using":"xpath","value":"//bdi[contains(text(), \"Edit\")]"}
RESULT: {"using":"xpath","value":"//bdi[contains(text(), \"Edit\")]"}
COMMAND: POST /session/48ce7485e2c64a68d867c0ed65041780/element/f.1999790E03A964CB3378C0A271C2A0DB.d.D8F523E21D4BD4D513B78DF76892BF6E.e.2859/click - {}
RESULT: {}
COMMAND: GET /session/48ce7485e2c64a68d867c0ed65041780/screenshot - {}
RESULT: {}
COMMAND: POST /session/48ce7485e2c64a68d867c0ed65041780/execute/async - {"script":"<script> [1562 bytes]","args":[{"selector":{"controlType":"sap.m.Input","viewName":"etm.portal.ui.managepartners.view.EditDetail","labelFor":{"text":"Name"},"interaction":{"idSuffix":"inner"}},"wdio_ui5_key":"etmportal.ui.managepartners.view.EditDetailsap.m.Input{\"text\":\"Name\"}"}]}
RESULT: {"script":"<script> [1562 bytes]","args":[{"selector":{"controlType":"sap.m.Input","viewName":"etm.portal.ui.managepartners.view.EditDetail","labelFor":{"text":"Name"},"interaction":{"idSuffix":"inner"}},"wdio_ui5_key":"etmportal.ui.managepartners.view.EditDetailsap.m.Input{\"text\":\"Name\"}"}]}
RESULT: undefined
COMMAND: POST /session/48ce7485e2c64a68d867c0ed65041780/execute/async - {"script":"<script> [776 bytes]","args":[{"enterText":"External EDIT","selector":{"controlType":"sap.m.Input","viewName":"etm.portal.ui.managepartners.view.EditDetail","labelFor":{"text":"Name"},"interaction":{"idSuffix":"inner"}},"clearTextFirst":true,"interactionType":"ENTER_TEXT"}]}
RESULT: {"script":"<script> [776 bytes]","args":[{"enterText":"External EDIT","selector":{"controlType":"sap.m.Input","viewName":"etm.portal.ui.managepartners.view.EditDetail","labelFor":{"text":"Name"},"interaction":{"idSuffix":"inner"}},"clearTextFirst":true,"interactionType":"ENTER_TEXT"}]}
COMMAND: POST /session/48ce7485e2c64a68d867c0ed65041780/element - {"using":"xpath","value":"(//span[contains(@id,\"addressDetailDetailsLanguage-arrow\")])[1]"}
RESULT: {"using":"xpath","value":"(//span[contains(@id,\"addressDetailDetailsLanguage-arrow\")])[1]"}
COMMAND: POST /session/48ce7485e2c64a68d867c0ed65041780/element/f.1999790E03A964CB3378C0A271C2A0DB.d.D8F523E21D4BD4D513B78DF76892BF6E.e.2938/click - {}
RESULT: {}
COMMAND: POST /session/48ce7485e2c64a68d867c0ed65041780/element - {"using":"xpath","value":"//span[contains(text(), \"Chinese\")]"}
COMMAND: GET /session/48ce7485e2c64a68d867c0ed65041780/screenshot - {}
RESULT: {"using":"xpath","value":"//span[contains(text(), \"Chinese\")]"}
COMMAND: POST /session/48ce7485e2c64a68d867c0ed65041780/element/f.1999790E03A964CB3378C0A271C2A0DB.d.D8F523E21D4BD4D513B78DF76892BF6E.e.2939/click - {}
RESULT: {}
RESULT: {}
COMMAND: GET /session/48ce7485e2c64a68d867c0ed65041780/screenshot - {}
RESULT: {}
COMMAND: POST /session/48ce7485e2c64a68d867c0ed65041780/execute/async - {"script":"<script> [1562 bytes]","args":[{"selector":{"controlType":"sap.m.Input","viewName":"etm.portal.ui.managepartners.view.EditDetail","labelFor":{"text":"City"},"interaction":{"idSuffix":"inner"}},"wdio_ui5_key":"etmportal.ui.managepartners.view.EditDetailsap.m.Input{\"text\":\"City\"}"}]}
RESULT: {"script":"<script> [1562 bytes]","args":[{"selector":{"controlType":"sap.m.Input","viewName":"etm.portal.ui.managepartners.view.EditDetail","labelFor":{"text":"City"},"interaction":{"idSuffix":"inner"}},"wdio_ui5_key":"etmportal.ui.managepartners.view.EditDetailsap.m.Input{\"text\":\"City\"}"}]}
RESULT: undefined
COMMAND: POST /session/48ce7485e2c64a68d867c0ed65041780/execute/async - {"script":"<script> [776 bytes]","args":[{"enterText":"Clooj-Napoca","selector":{"controlType":"sap.m.Input","viewName":"etm.portal.ui.managepartners.view.EditDetail","labelFor":{"text":"City"},"interaction":{"idSuffix":"inner"}},"clearTextFirst":true,"interactionType":"ENTER_TEXT"}]}
RESULT: {"script":"<script> [776 bytes]","args":[{"enterText":"Clooj-Napoca","selector":{"controlType":"sap.m.Input","viewName":"etm.portal.ui.managepartners.view.EditDetail","labelFor":{"text":"City"},"interaction":{"idSuffix":"inner"}},"clearTextFirst":true,"interactionType":"ENTER_TEXT"}]}
COMMAND: POST /session/48ce7485e2c64a68d867c0ed65041780/element - {"using":"xpath","value":"//button[@data-kt=\"saveButton\"]"}
RESULT: {"using":"xpath","value":"//button[@data-kt=\"saveButton\"]"}
COMMAND: POST /session/48ce7485e2c64a68d867c0ed65041780/element/f.1999790E03A964CB3378C0A271C2A0DB.d.D8F523E21D4BD4D513B78DF76892BF6E.e.2922/click - {}
RESULT: {}
COMMAND: GET /session/48ce7485e2c64a68d867c0ed65041780/screenshot - {}
RESULT: {}
COMMAND: POST /session/48ce7485e2c64a68d867c0ed65041780/execute/async - {"script":"<script> [1562 bytes]","args":[{"selector":{"id":"application-managepartners-display-component---detailPtm--addressDetailDetailsName1"},"wdio_ui5_key":"applicationmanagepartners-display-component---detailPtm--addressDetailDetailsName1"}]}
RESULT: {"script":"<script> [1562 bytes]","args":[{"selector":{"id":"application-managepartners-display-component---detailPtm--addressDetailDetailsName1"},"wdio_ui5_key":"applicationmanagepartners-display-component---detailPtm--addressDetailDetailsName1"}]}
RESULT: undefined
COMMAND: POST /session/48ce7485e2c64a68d867c0ed65041780/execute/async - {"script":"<script> [6424 bytes]","args":[{"element-6066-11e4-a52e-4f735466cecf":"f.1999790E03A964CB3378C0A271C2A0DB.d.D8F523E21D4BD4D513B78DF76892BF6E.e.2970"},"getValue",[]]}
RESULT: {"script":"<script> [6424 bytes]","args":[{"element-6066-11e4-a52e-4f735466cecf":"f.1999790E03A964CB3378C0A271C2A0DB.d.D8F523E21D4BD4D513B78DF76892BF6E.e.2970"},"getValue",[]]}
COMMAND: POST /session/48ce7485e2c64a68d867c0ed65041780/element - {"using":"xpath","value":"//input[@id = \"application-managepartners-display-component---detailPtm--addressDetailDetailsLanguage-inner\"]"}
RESULT: {"using":"xpath","value":"//input[@id = \"application-managepartners-display-component---detailPtm--addressDetailDetailsLanguage-inner\"]"}
COMMAND: GET /session/48ce7485e2c64a68d867c0ed65041780/element/f.1999790E03A964CB3378C0A271C2A0DB.d.D8F523E21D4BD4D513B78DF76892BF6E.e.2971/property/value - {}
RESULT: {}
COMMAND: POST /session/48ce7485e2c64a68d867c0ed65041780/execute/async - {"script":"<script> [1562 bytes]","args":[{"selector":{"id":"application-managepartners-display-component---detailPtm--addressDetailDetailsCity1"},"wdio_ui5_key":"applicationmanagepartners-display-component---detailPtm--addressDetailDetailsCity1"}]}
COMMAND: GET /session/48ce7485e2c64a68d867c0ed65041780/screenshot - {}
RESULT: {"script":"<script> [1562 bytes]","args":[{"selector":{"id":"application-managepartners-display-component---detailPtm--addressDetailDetailsCity1"},"wdio_ui5_key":"applicationmanagepartners-display-component---detailPtm--addressDetailDetailsCity1"}]}
RESULT: undefined
COMMAND: POST /session/48ce7485e2c64a68d867c0ed65041780/execute/async - {"script":"<script> [6424 bytes]","args":[{"element-6066-11e4-a52e-4f735466cecf":"f.1999790E03A964CB3378C0A271C2A0DB.d.D8F523E21D4BD4D513B78DF76892BF6E.e.2972"},"getValue",[]]}
RESULT: {}
RESULT: {"script":"<script> [6424 bytes]","args":[{"element-6066-11e4-a52e-4f735466cecf":"f.1999790E03A964CB3378C0A271C2A0DB.d.D8F523E21D4BD4D513B78DF76892BF6E.e.2972"},"getValue",[]]}
COMMAND: POST /session/48ce7485e2c64a68d867c0ed65041780/element - {"using":"css selector","value":"#shell-header-logo"}
RESULT: {"using":"css selector","value":"#shell-header-logo"}
COMMAND: POST /session/48ce7485e2c64a68d867c0ed65041780/element/f.1999790E03A964CB3378C0A271C2A0DB.d.D8F523E21D4BD4D513B78DF76892BF6E.e.2538/click - {}
RESULT: {}
COMMAND: GET /session/48ce7485e2c64a68d867c0ed65041780/screenshot - {}
RESULT: {}
]]></system-out>
    </testcase>
    <testcase classname="chrome.136_0_7103_93.windows.Partner_specific_tests_US150819_US151080_US151654_US151176_US103444_US151078_US151079_US151109_US151174_US151175_US151189" name="Should create a new intercompany partner edit some of its fields US151078" time="251.97">
      <system-out><![CDATA[
COMMAND: POST /session/48ce7485e2c64a68d867c0ed65041780/element - {"using":"xpath","value":"//li[.//span[text()=\"Manage Partners\"]]"}
RESULT: {"using":"xpath","value":"//li[.//span[text()=\"Manage Partners\"]]"}
COMMAND: POST /session/48ce7485e2c64a68d867c0ed65041780/element - {"using":"xpath","value":"//li[.//span[text()=\"Manage Partners\"]]"}
RESULT: {"using":"xpath","value":"//li[.//span[text()=\"Manage Partners\"]]"}
COMMAND: POST /session/48ce7485e2c64a68d867c0ed65041780/element - {"using":"css selector","value":"#shell-header-logo"}
RESULT: {"using":"css selector","value":"#shell-header-logo"}
COMMAND: POST /session/48ce7485e2c64a68d867c0ed65041780/element/f.1999790E03A964CB3378C0A271C2A0DB.d.D8F523E21D4BD4D513B78DF76892BF6E.e.3002/click - {}
COMMAND: POST /session/48ce7485e2c64a68d867c0ed65041780/execute/sync - {"script":"<script> [8489 bytes]","args":[{"element-6066-11e4-a52e-4f735466cecf":"f.1999790E03A964CB3378C0A271C2A0DB.d.D8F523E21D4BD4D513B78DF76892BF6E.e.3002","ELEMENT":"f.1999790E03A964CB3378C0A271C2A0DB.d.D8F523E21D4BD4D513B78DF76892BF6E.e.3002"}]}
RESULT: {}
COMMAND: GET /session/48ce7485e2c64a68d867c0ed65041780/screenshot - {}
RESULT: {"script":"<script> [8489 bytes]","args":[{"element-6066-11e4-a52e-4f735466cecf":"f.1999790E03A964CB3378C0A271C2A0DB.d.D8F523E21D4BD4D513B78DF76892BF6E.e.3002","ELEMENT":"f.1999790E03A964CB3378C0A271C2A0DB.d.D8F523E21D4BD4D513B78DF76892BF6E.e.3002"}]}
COMMAND: POST /session/48ce7485e2c64a68d867c0ed65041780/execute/sync - {"script":"<script> [5351 bytes]","args":[{"element-6066-11e4-a52e-4f735466cecf":"f.1999790E03A964CB3378C0A271C2A0DB.d.D8F523E21D4BD4D513B78DF76892BF6E.e.3002","ELEMENT":"f.1999790E03A964CB3378C0A271C2A0DB.d.D8F523E21D4BD4D513B78DF76892BF6E.e.3002"}]}
COMMAND: GET /session/48ce7485e2c64a68d867c0ed65041780/screenshot - {}
RESULT: {}
RESULT: {"script":"<script> [5351 bytes]","args":[{"element-6066-11e4-a52e-4f735466cecf":"f.1999790E03A964CB3378C0A271C2A0DB.d.D8F523E21D4BD4D513B78DF76892BF6E.e.3002","ELEMENT":"f.1999790E03A964CB3378C0A271C2A0DB.d.D8F523E21D4BD4D513B78DF76892BF6E.e.3002"}]}
COMMAND: GET /session/48ce7485e2c64a68d867c0ed65041780/screenshot - {}
RESULT: {}
RESULT: {}
COMMAND: POST /session/48ce7485e2c64a68d867c0ed65041780/refresh - {}
RESULT: {}
COMMAND: GET /session/48ce7485e2c64a68d867c0ed65041780/screenshot - {}
RESULT: {}
COMMAND: POST /session/48ce7485e2c64a68d867c0ed65041780/refresh - {}
RESULT: {}
COMMAND: GET /session/48ce7485e2c64a68d867c0ed65041780/screenshot - {}
RESULT: {}
COMMAND: POST /session/48ce7485e2c64a68d867c0ed65041780/window/fullscreen - {}
RESULT: {}
COMMAND: POST /session/48ce7485e2c64a68d867c0ed65041780/execute/async - {"script":"<script> [189 bytes]","args":[]}
RESULT: {"script":"<script> [189 bytes]","args":[]}
COMMAND: POST /session/48ce7485e2c64a68d867c0ed65041780/execute/async - {"script":"<script> [123 bytes]","args":[]}
RESULT: {"script":"<script> [123 bytes]","args":[]}
COMMAND: POST /session/48ce7485e2c64a68d867c0ed65041780/timeouts - {"script":"<number>"}
RESULT: {"script":"<number>"}
COMMAND: GET /session/48ce7485e2c64a68d867c0ed65041780/timeouts - {}
RESULT: {}
RESULT: undefined
COMMAND: POST /session/48ce7485e2c64a68d867c0ed65041780/execute/async - {"script":"<script> [2676 bytes]","args":[]}
RESULT: {"script":"<script> [2676 bytes]","args":[]}
COMMAND: POST /session/48ce7485e2c64a68d867c0ed65041780/execute/async - {"script":"<script> [2342 bytes]","args":[{"protocol":"http","hostname":"0.0.0.0","path":"/","capabilities":{"browserName":"chrome","goog:chromeOptions":{"binary":"C:\\Program Files\\Google\\Chrome\\Application\\chrome.exe","args":["--start-maximized"]}},"logLevel":"warn","connectionRetryTimeout":120000,"connectionRetryCount":3,"logLevels":{},"enableDirectConnect":true,"strictSSL":true,"_":"65 more keys: [\"cacheDir\",\"port\",\"requestedCapabilities\",\"automationProtocol\",\"baseUrl\",\"waitforInterval\",\"waitforTimeout\",\"onReload\",\"beforeCommand\",\"afterCommand\",\"rootDir\",\"specs\",\"suites\",\"exclude\",\"groupLogsByTestSpec\",\"excludeDriverLogs\",\"bail\",\"framework\",\"reporters\",\"services\",\"maxInstances\",\"maxInstancesPerCapability\",\"injectGlobals\",\"filesToWatch\",\"execArgv\",\"runnerEnv\",\"runner\",\"shard\",\"specFileRetries\",\"specFileRetriesDelay\",\"specFileRetriesDeferred\",\"reporterSyncInterval\",\"reporterSyncTimeout\",\"cucumberFeaturesWithLineNumbers\",\"autoCompileOpts\",\"mochaOpts\",\"jasmineOpts\",\"cucumberOpts\",\"onPrepare\",\"onWorkerStart\",\"onWorkerEnd\",\"before\",\"beforeSession\",\"beforeSuite\",\"beforeHook\",\"beforeTest\",\"afterTest\",\"afterHook\",\"afterSuite\",\"afterSession\",\"after\",\"onComplete\",\"beforeAssertion\",\"afterAssertion\",\"beforeFeature\",\"beforeScenario\",\"beforeStep\",\"afterStep\",\"afterScenario\",\"afterFeature\",\"_\",\"suite\",\"$0\",\"ignoredWorkerServices\",\"wdi5\"]"}]}
RESULT: {"script":"<script> [2342 bytes]","args":[{"protocol":"http","hostname":"0.0.0.0","path":"/","capabilities":{"browserName":"chrome","goog:chromeOptions":{"binary":"C:\\Program Files\\Google\\Chrome\\Application\\chrome.exe","args":["--start-maximized"]}},"logLevel":"warn","connectionRetryTimeout":120000,"connectionRetryCount":3,"logLevels":{},"enableDirectConnect":true,"strictSSL":true,"_":"65 more keys: [\"cacheDir\",\"port\",\"requestedCapabilities\",\"automationProtocol\",\"baseUrl\",\"waitforInterval\",\"waitforTimeout\",\"onReload\",\"beforeCommand\",\"afterCommand\",\"rootDir\",\"specs\",\"suites\",\"exclude\",\"groupLogsByTestSpec\",\"excludeDriverLogs\",\"bail\",\"framework\",\"reporters\",\"services\",\"maxInstances\",\"maxInstancesPerCapability\",\"injectGlobals\",\"filesToWatch\",\"execArgv\",\"runnerEnv\",\"runner\",\"shard\",\"specFileRetries\",\"specFileRetriesDelay\",\"specFileRetriesDeferred\",\"reporterSyncInterval\",\"reporterSyncTimeout\",\"cucumberFeaturesWithLineNumbers\",\"autoCompileOpts\",\"mochaOpts\",\"jasmineOpts\",\"cucumberOpts\",\"onPrepare\",\"onWorkerStart\",\"onWorkerEnd\",\"before\",\"beforeSession\",\"beforeSuite\",\"beforeHook\",\"beforeTest\",\"afterTest\",\"afterHook\",\"afterSuite\",\"afterSession\",\"after\",\"onComplete\",\"beforeAssertion\",\"afterAssertion\",\"beforeFeature\",\"beforeScenario\",\"beforeStep\",\"afterStep\",\"afterScenario\",\"afterFeature\",\"_\",\"suite\",\"$0\",\"ignoredWorkerServices\",\"wdi5\"]"}]}
COMMAND: POST /session/48ce7485e2c64a68d867c0ed65041780/execute/async - {"script":"<script> [21126 bytes]","args":[35000]}
RESULT: {"script":"<script> [21126 bytes]","args":[35000]}
COMMAND: POST /session/48ce7485e2c64a68d867c0ed65041780/window/fullscreen - {}
RESULT: {}
COMMAND: POST /session/48ce7485e2c64a68d867c0ed65041780/window/fullscreen - {}
RESULT: {}
COMMAND: POST /session/48ce7485e2c64a68d867c0ed65041780/execute/async - {"script":"<script> [1562 bytes]","args":[{"selector":{"controlType":"sap.m.GenericTile","properties":{"header":"Manage Partners"}},"wdio_ui5_key":"sapm.GenericTile{\"header\":\"Manage Partners\"}"}]}
RESULT: {"script":"<script> [1562 bytes]","args":[{"selector":{"controlType":"sap.m.GenericTile","properties":{"header":"Manage Partners"}},"wdio_ui5_key":"sapm.GenericTile{\"header\":\"Manage Partners\"}"}]}
RESULT: undefined
COMMAND: POST /session/48ce7485e2c64a68d867c0ed65041780/element - {"using":"xpath","value":"//*[@id=\"__tile30\"]"}
RESULT: {"using":"xpath","value":"//*[@id=\"__tile30\"]"}
COMMAND: POST /session/48ce7485e2c64a68d867c0ed65041780/element/f.1999790E03A964CB3378C0A271C2A0DB.d.8A2B834A4DADD197B562DAD27C9FB342.e.3156/click - {}
RESULT: {}
COMMAND: GET /session/48ce7485e2c64a68d867c0ed65041780/screenshot - {}
RESULT: {}
COMMAND: POST /session/48ce7485e2c64a68d867c0ed65041780/elements - {"using":"xpath","value":"//span[text()='Error']"}
RESULT: {"using":"xpath","value":"//span[text()='Error']"}
COMMAND: POST /session/48ce7485e2c64a68d867c0ed65041780/element - {"using":"xpath","value":"//button[@data-kt=\"addButton\"]"}
RESULT: {"using":"xpath","value":"//button[@data-kt=\"addButton\"]"}
COMMAND: POST /session/48ce7485e2c64a68d867c0ed65041780/elements - {"using":"xpath","value":"//button[@data-kt=\"addButton\"]"}
RESULT: {"using":"xpath","value":"//button[@data-kt=\"addButton\"]"}
COMMAND: POST /session/48ce7485e2c64a68d867c0ed65041780/elements - {"using":"xpath","value":"//button[@data-kt=\"addButton\"]"}
RESULT: {"using":"xpath","value":"//button[@data-kt=\"addButton\"]"}
COMMAND: POST /session/48ce7485e2c64a68d867c0ed65041780/elements - {"using":"xpath","value":"//button[@data-kt=\"addButton\"]"}
RESULT: {"using":"xpath","value":"//button[@data-kt=\"addButton\"]"}
COMMAND: POST /session/48ce7485e2c64a68d867c0ed65041780/elements - {"using":"xpath","value":"//button[@data-kt=\"addButton\"]"}
RESULT: {"using":"xpath","value":"//button[@data-kt=\"addButton\"]"}
COMMAND: POST /session/48ce7485e2c64a68d867c0ed65041780/elements - {"using":"xpath","value":"//button[@data-kt=\"addButton\"]"}
RESULT: {"using":"xpath","value":"//button[@data-kt=\"addButton\"]"}
COMMAND: POST /session/48ce7485e2c64a68d867c0ed65041780/elements - {"using":"xpath","value":"//button[@data-kt=\"addButton\"]"}
RESULT: {"using":"xpath","value":"//button[@data-kt=\"addButton\"]"}
COMMAND: POST /session/48ce7485e2c64a68d867c0ed65041780/elements - {"using":"xpath","value":"//button[@data-kt=\"addButton\"]"}
RESULT: {"using":"xpath","value":"//button[@data-kt=\"addButton\"]"}
COMMAND: POST /session/48ce7485e2c64a68d867c0ed65041780/elements - {"using":"xpath","value":"//button[@data-kt=\"addButton\"]"}
RESULT: {"using":"xpath","value":"//button[@data-kt=\"addButton\"]"}
COMMAND: POST /session/48ce7485e2c64a68d867c0ed65041780/elements - {"using":"xpath","value":"//button[@data-kt=\"addButton\"]"}
RESULT: {"using":"xpath","value":"//button[@data-kt=\"addButton\"]"}
COMMAND: POST /session/48ce7485e2c64a68d867c0ed65041780/elements - {"using":"xpath","value":"//button[@data-kt=\"addButton\"]"}
RESULT: {"using":"xpath","value":"//button[@data-kt=\"addButton\"]"}
COMMAND: POST /session/48ce7485e2c64a68d867c0ed65041780/elements - {"using":"xpath","value":"//button[@data-kt=\"addButton\"]"}
RESULT: {"using":"xpath","value":"//button[@data-kt=\"addButton\"]"}
COMMAND: POST /session/48ce7485e2c64a68d867c0ed65041780/elements - {"using":"xpath","value":"//button[@data-kt=\"addButton\"]"}
RESULT: {"using":"xpath","value":"//button[@data-kt=\"addButton\"]"}
COMMAND: POST /session/48ce7485e2c64a68d867c0ed65041780/elements - {"using":"xpath","value":"//button[@data-kt=\"addButton\"]"}
RESULT: {"using":"xpath","value":"//button[@data-kt=\"addButton\"]"}
COMMAND: POST /session/48ce7485e2c64a68d867c0ed65041780/elements - {"using":"xpath","value":"//button[@data-kt=\"addButton\"]"}
RESULT: {"using":"xpath","value":"//button[@data-kt=\"addButton\"]"}
COMMAND: POST /session/48ce7485e2c64a68d867c0ed65041780/elements - {"using":"xpath","value":"//button[@data-kt=\"addButton\"]"}
RESULT: {"using":"xpath","value":"//button[@data-kt=\"addButton\"]"}
COMMAND: POST /session/48ce7485e2c64a68d867c0ed65041780/elements - {"using":"xpath","value":"//button[@data-kt=\"addButton\"]"}
RESULT: {"using":"xpath","value":"//button[@data-kt=\"addButton\"]"}
COMMAND: POST /session/48ce7485e2c64a68d867c0ed65041780/elements - {"using":"xpath","value":"//button[@data-kt=\"addButton\"]"}
RESULT: {"using":"xpath","value":"//button[@data-kt=\"addButton\"]"}
COMMAND: POST /session/48ce7485e2c64a68d867c0ed65041780/elements - {"using":"xpath","value":"//button[@data-kt=\"addButton\"]"}
RESULT: {"using":"xpath","value":"//button[@data-kt=\"addButton\"]"}
COMMAND: POST /session/48ce7485e2c64a68d867c0ed65041780/elements - {"using":"xpath","value":"//button[@data-kt=\"addButton\"]"}
RESULT: {"using":"xpath","value":"//button[@data-kt=\"addButton\"]"}
COMMAND: POST /session/48ce7485e2c64a68d867c0ed65041780/elements - {"using":"xpath","value":"//button[@data-kt=\"addButton\"]"}
RESULT: {"using":"xpath","value":"//button[@data-kt=\"addButton\"]"}
COMMAND: POST /session/48ce7485e2c64a68d867c0ed65041780/elements - {"using":"xpath","value":"//button[@data-kt=\"addButton\"]"}
RESULT: {"using":"xpath","value":"//button[@data-kt=\"addButton\"]"}
COMMAND: POST /session/48ce7485e2c64a68d867c0ed65041780/elements - {"using":"xpath","value":"//button[@data-kt=\"addButton\"]"}
RESULT: {"using":"xpath","value":"//button[@data-kt=\"addButton\"]"}
COMMAND: POST /session/48ce7485e2c64a68d867c0ed65041780/element - {"using":"xpath","value":"//button[@data-kt=\"addButton\"]"}
RESULT: {"using":"xpath","value":"//button[@data-kt=\"addButton\"]"}
COMMAND: POST /session/48ce7485e2c64a68d867c0ed65041780/execute/sync - {"script":"<script> [8489 bytes]","args":[{"element-6066-11e4-a52e-4f735466cecf":"f.1999790E03A964CB3378C0A271C2A0DB.d.8A2B834A4DADD197B562DAD27C9FB342.e.3271","ELEMENT":"f.1999790E03A964CB3378C0A271C2A0DB.d.8A2B834A4DADD197B562DAD27C9FB342.e.3271"}]}
RESULT: {"script":"<script> [8489 bytes]","args":[{"element-6066-11e4-a52e-4f735466cecf":"f.1999790E03A964CB3378C0A271C2A0DB.d.8A2B834A4DADD197B562DAD27C9FB342.e.3271","ELEMENT":"f.1999790E03A964CB3378C0A271C2A0DB.d.8A2B834A4DADD197B562DAD27C9FB342.e.3271"}]}
COMMAND: GET /session/48ce7485e2c64a68d867c0ed65041780/element/f.1999790E03A964CB3378C0A271C2A0DB.d.8A2B834A4DADD197B562DAD27C9FB342.e.3271/enabled - {}
COMMAND: GET /session/48ce7485e2c64a68d867c0ed65041780/screenshot - {}
RESULT: {}
COMMAND: POST /session/48ce7485e2c64a68d867c0ed65041780/execute/sync - {"script":"<script> [8489 bytes]","args":[{"element-6066-11e4-a52e-4f735466cecf":"f.1999790E03A964CB3378C0A271C2A0DB.d.8A2B834A4DADD197B562DAD27C9FB342.e.3271","ELEMENT":"f.1999790E03A964CB3378C0A271C2A0DB.d.8A2B834A4DADD197B562DAD27C9FB342.e.3271"}]}
COMMAND: GET /session/48ce7485e2c64a68d867c0ed65041780/screenshot - {}
RESULT: {}
RESULT: {"script":"<script> [8489 bytes]","args":[{"element-6066-11e4-a52e-4f735466cecf":"f.1999790E03A964CB3378C0A271C2A0DB.d.8A2B834A4DADD197B562DAD27C9FB342.e.3271","ELEMENT":"f.1999790E03A964CB3378C0A271C2A0DB.d.8A2B834A4DADD197B562DAD27C9FB342.e.3271"}]}
COMMAND: POST /session/48ce7485e2c64a68d867c0ed65041780/execute/sync - {"script":"<script> [5351 bytes]","args":[{"element-6066-11e4-a52e-4f735466cecf":"f.1999790E03A964CB3378C0A271C2A0DB.d.8A2B834A4DADD197B562DAD27C9FB342.e.3271","ELEMENT":"f.1999790E03A964CB3378C0A271C2A0DB.d.8A2B834A4DADD197B562DAD27C9FB342.e.3271"}]}
COMMAND: GET /session/48ce7485e2c64a68d867c0ed65041780/screenshot - {}
RESULT: {}
RESULT: {"script":"<script> [5351 bytes]","args":[{"element-6066-11e4-a52e-4f735466cecf":"f.1999790E03A964CB3378C0A271C2A0DB.d.8A2B834A4DADD197B562DAD27C9FB342.e.3271","ELEMENT":"f.1999790E03A964CB3378C0A271C2A0DB.d.8A2B834A4DADD197B562DAD27C9FB342.e.3271"}]}
COMMAND: POST /session/48ce7485e2c64a68d867c0ed65041780/element/f.1999790E03A964CB3378C0A271C2A0DB.d.8A2B834A4DADD197B562DAD27C9FB342.e.3271/click - {}
COMMAND: GET /session/48ce7485e2c64a68d867c0ed65041780/screenshot - {}
RESULT: {}
RESULT: {}
COMMAND: GET /session/48ce7485e2c64a68d867c0ed65041780/screenshot - {}
RESULT: {}
COMMAND: POST /session/48ce7485e2c64a68d867c0ed65041780/execute/async - {"script":"<script> [1562 bytes]","args":[{"selector":{"id":"application-managepartners-display-component---NewPartner--addressDetailDetailsName1","interaction":{"idSuffix":"inner"}},"wdio_ui5_key":"applicationmanagepartners-display-component---NewPartner--addressDetailDetailsName1"}]}
RESULT: {}
RESULT: {"script":"<script> [1562 bytes]","args":[{"selector":{"id":"application-managepartners-display-component---NewPartner--addressDetailDetailsName1","interaction":{"idSuffix":"inner"}},"wdio_ui5_key":"applicationmanagepartners-display-component---NewPartner--addressDetailDetailsName1"}]}
RESULT: undefined
COMMAND: POST /session/48ce7485e2c64a68d867c0ed65041780/execute/async - {"script":"<script> [776 bytes]","args":[{"enterText":"Intercompany Partner WDIO","selector":{"id":"application-managepartners-display-component---NewPartner--addressDetailDetailsName1","interaction":{"idSuffix":"inner"}},"clearTextFirst":true,"interactionType":"ENTER_TEXT"}]}
RESULT: {"script":"<script> [776 bytes]","args":[{"enterText":"Intercompany Partner WDIO","selector":{"id":"application-managepartners-display-component---NewPartner--addressDetailDetailsName1","interaction":{"idSuffix":"inner"}},"clearTextFirst":true,"interactionType":"ENTER_TEXT"}]}
COMMAND: POST /session/48ce7485e2c64a68d867c0ed65041780/execute/async - {"script":"<script> [1562 bytes]","args":[{"selector":{"id":"application-managepartners-display-component---NewPartner--addressDetailDetailsLanguage-arrow"},"wdio_ui5_key":"applicationmanagepartners-display-component---NewPartner--addressDetailDetailsLanguage-arrow"}]}
RESULT: {"script":"<script> [1562 bytes]","args":[{"selector":{"id":"application-managepartners-display-component---NewPartner--addressDetailDetailsLanguage-arrow"},"wdio_ui5_key":"applicationmanagepartners-display-component---NewPartner--addressDetailDetailsLanguage-arrow"}]}
RESULT: undefined
COMMAND: POST /session/48ce7485e2c64a68d867c0ed65041780/element - {"using":"xpath","value":"//*[@id=\"application-managepartners-display-component---NewPartner--addressDetailDetailsLanguage-arrow\"]"}
RESULT: {"using":"xpath","value":"//*[@id=\"application-managepartners-display-component---NewPartner--addressDetailDetailsLanguage-arrow\"]"}
COMMAND: POST /session/48ce7485e2c64a68d867c0ed65041780/element/f.1999790E03A964CB3378C0A271C2A0DB.d.8A2B834A4DADD197B562DAD27C9FB342.e.3726/click - {}
RESULT: {}
COMMAND: POST /session/48ce7485e2c64a68d867c0ed65041780/element - {"using":"xpath","value":"//span[contains(text(), \"English\")]"}
COMMAND: GET /session/48ce7485e2c64a68d867c0ed65041780/screenshot - {}
RESULT: {"using":"xpath","value":"//span[contains(text(), \"English\")]"}
COMMAND: POST /session/48ce7485e2c64a68d867c0ed65041780/element/f.1999790E03A964CB3378C0A271C2A0DB.d.8A2B834A4DADD197B562DAD27C9FB342.e.3727/click - {}
RESULT: {}
RESULT: {}
COMMAND: GET /session/48ce7485e2c64a68d867c0ed65041780/screenshot - {}
RESULT: {}
COMMAND: POST /session/48ce7485e2c64a68d867c0ed65041780/execute/async - {"script":"<script> [1562 bytes]","args":[{"selector":{"id":"application-managepartners-display-component---NewPartner--addressDetailDetailsCity1","interaction":{"idSuffix":"inner"}},"wdio_ui5_key":"applicationmanagepartners-display-component---NewPartner--addressDetailDetailsCity1"}]}
RESULT: {"script":"<script> [1562 bytes]","args":[{"selector":{"id":"application-managepartners-display-component---NewPartner--addressDetailDetailsCity1","interaction":{"idSuffix":"inner"}},"wdio_ui5_key":"applicationmanagepartners-display-component---NewPartner--addressDetailDetailsCity1"}]}
RESULT: undefined
COMMAND: POST /session/48ce7485e2c64a68d867c0ed65041780/execute/async - {"script":"<script> [776 bytes]","args":[{"enterText":"Rosario","selector":{"id":"application-managepartners-display-component---NewPartner--addressDetailDetailsCity1","interaction":{"idSuffix":"inner"}},"clearTextFirst":true,"interactionType":"ENTER_TEXT"}]}
RESULT: {"script":"<script> [776 bytes]","args":[{"enterText":"Rosario","selector":{"id":"application-managepartners-display-component---NewPartner--addressDetailDetailsCity1","interaction":{"idSuffix":"inner"}},"clearTextFirst":true,"interactionType":"ENTER_TEXT"}]}
COMMAND: POST /session/48ce7485e2c64a68d867c0ed65041780/execute/async - {"script":"<script> [1562 bytes]","args":[{"selector":{"id":"application-managepartners-display-component---NewPartner--addressDetailDetailsCountry-arrow"},"wdio_ui5_key":"applicationmanagepartners-display-component---NewPartner--addressDetailDetailsCountry-arrow"}]}
RESULT: {"script":"<script> [1562 bytes]","args":[{"selector":{"id":"application-managepartners-display-component---NewPartner--addressDetailDetailsCountry-arrow"},"wdio_ui5_key":"applicationmanagepartners-display-component---NewPartner--addressDetailDetailsCountry-arrow"}]}
RESULT: undefined
COMMAND: POST /session/48ce7485e2c64a68d867c0ed65041780/element - {"using":"xpath","value":"//*[@id=\"application-managepartners-display-component---NewPartner--addressDetailDetailsCountry-arrow\"]"}
RESULT: {"using":"xpath","value":"//*[@id=\"application-managepartners-display-component---NewPartner--addressDetailDetailsCountry-arrow\"]"}
COMMAND: POST /session/48ce7485e2c64a68d867c0ed65041780/element/f.1999790E03A964CB3378C0A271C2A0DB.d.8A2B834A4DADD197B562DAD27C9FB342.e.3708/click - {}
RESULT: {}
COMMAND: POST /session/48ce7485e2c64a68d867c0ed65041780/element - {"using":"xpath","value":"//span[contains(text(), \"Argentina\")]"}
COMMAND: GET /session/48ce7485e2c64a68d867c0ed65041780/screenshot - {}
RESULT: {"using":"xpath","value":"//span[contains(text(), \"Argentina\")]"}
COMMAND: POST /session/48ce7485e2c64a68d867c0ed65041780/element/f.1999790E03A964CB3378C0A271C2A0DB.d.8A2B834A4DADD197B562DAD27C9FB342.e.3729/click - {}
RESULT: {}
RESULT: {}
COMMAND: GET /session/48ce7485e2c64a68d867c0ed65041780/screenshot - {}
RESULT: {}
COMMAND: POST /session/48ce7485e2c64a68d867c0ed65041780/element - {"using":"xpath","value":"//bdi[contains(text(), \"Commercial\")]"}
RESULT: {"using":"xpath","value":"//bdi[contains(text(), \"Commercial\")]"}
COMMAND: POST /session/48ce7485e2c64a68d867c0ed65041780/element/f.1999790E03A964CB3378C0A271C2A0DB.d.8A2B834A4DADD197B562DAD27C9FB342.e.3730/click - {}
RESULT: {}
COMMAND: GET /session/48ce7485e2c64a68d867c0ed65041780/screenshot - {}
RESULT: {}
COMMAND: POST /session/48ce7485e2c64a68d867c0ed65041780/execute/async - {"script":"<script> [1562 bytes]","args":[{"selector":{"id":"application-managepartners-display-component---NewPartner--partnerDetailInternal-arrow"},"wdio_ui5_key":"applicationmanagepartners-display-component---NewPartner--partnerDetailInternal-arrow"}]}
RESULT: {"script":"<script> [1562 bytes]","args":[{"selector":{"id":"application-managepartners-display-component---NewPartner--partnerDetailInternal-arrow"},"wdio_ui5_key":"applicationmanagepartners-display-component---NewPartner--partnerDetailInternal-arrow"}]}
RESULT: undefined
COMMAND: POST /session/48ce7485e2c64a68d867c0ed65041780/element - {"using":"xpath","value":"//*[@id=\"application-managepartners-display-component---NewPartner--partnerDetailInternal-arrow\"]"}
RESULT: {"using":"xpath","value":"//*[@id=\"application-managepartners-display-component---NewPartner--partnerDetailInternal-arrow\"]"}
COMMAND: POST /session/48ce7485e2c64a68d867c0ed65041780/element/f.1999790E03A964CB3378C0A271C2A0DB.d.8A2B834A4DADD197B562DAD27C9FB342.e.3736/click - {}
RESULT: {}
COMMAND: POST /session/48ce7485e2c64a68d867c0ed65041780/element - {"using":"xpath","value":"//span[contains(text(), \"Affiliated company\")]"}
COMMAND: GET /session/48ce7485e2c64a68d867c0ed65041780/screenshot - {}
RESULT: {"using":"xpath","value":"//span[contains(text(), \"Affiliated company\")]"}
COMMAND: POST /session/48ce7485e2c64a68d867c0ed65041780/element/f.1999790E03A964CB3378C0A271C2A0DB.d.8A2B834A4DADD197B562DAD27C9FB342.e.3737/click - {}
RESULT: {}
RESULT: {}
COMMAND: POST /session/48ce7485e2c64a68d867c0ed65041780/execute/async - {"script":"<script> [1562 bytes]","args":[{"selector":{"id":"application-managepartners-display-component---NewPartner--partnerDetailsCurrency-arrow"},"wdio_ui5_key":"applicationmanagepartners-display-component---NewPartner--partnerDetailsCurrency-arrow"}]}
COMMAND: GET /session/48ce7485e2c64a68d867c0ed65041780/screenshot - {}
RESULT: {"script":"<script> [1562 bytes]","args":[{"selector":{"id":"application-managepartners-display-component---NewPartner--partnerDetailsCurrency-arrow"},"wdio_ui5_key":"applicationmanagepartners-display-component---NewPartner--partnerDetailsCurrency-arrow"}]}
RESULT: undefined
COMMAND: POST /session/48ce7485e2c64a68d867c0ed65041780/element - {"using":"xpath","value":"//*[@id=\"application-managepartners-display-component---NewPartner--partnerDetailsCurrency-arrow\"]"}
RESULT: {}
RESULT: {"using":"xpath","value":"//*[@id=\"application-managepartners-display-component---NewPartner--partnerDetailsCurrency-arrow\"]"}
COMMAND: POST /session/48ce7485e2c64a68d867c0ed65041780/element/f.1999790E03A964CB3378C0A271C2A0DB.d.8A2B834A4DADD197B562DAD27C9FB342.e.3744/click - {}
RESULT: {}
COMMAND: POST /session/48ce7485e2c64a68d867c0ed65041780/element - {"using":"xpath","value":"//span[contains(text(), \"Euro\")]"}
COMMAND: GET /session/48ce7485e2c64a68d867c0ed65041780/screenshot - {}
RESULT: {"using":"xpath","value":"//span[contains(text(), \"Euro\")]"}
COMMAND: POST /session/48ce7485e2c64a68d867c0ed65041780/element/f.1999790E03A964CB3378C0A271C2A0DB.d.8A2B834A4DADD197B562DAD27C9FB342.e.3745/click - {}
RESULT: {}
RESULT: {}
COMMAND: POST /session/48ce7485e2c64a68d867c0ed65041780/execute/async - {"script":"<script> [1562 bytes]","args":[{"selector":{"id":"application-managepartners-display-component---NewPartner--addressEditDetailsCostObjectCstType-arrow"},"wdio_ui5_key":"applicationmanagepartners-display-component---NewPartner--addressEditDetailsCostObjectCstType-arrow"}]}
COMMAND: GET /session/48ce7485e2c64a68d867c0ed65041780/screenshot - {}
RESULT: {"script":"<script> [1562 bytes]","args":[{"selector":{"id":"application-managepartners-display-component---NewPartner--addressEditDetailsCostObjectCstType-arrow"},"wdio_ui5_key":"applicationmanagepartners-display-component---NewPartner--addressEditDetailsCostObjectCstType-arrow"}]}
RESULT: undefined
COMMAND: POST /session/48ce7485e2c64a68d867c0ed65041780/element - {"using":"xpath","value":"//*[@id=\"application-managepartners-display-component---NewPartner--addressEditDetailsCostObjectCstType-arrow\"]"}
RESULT: {}
RESULT: {"using":"xpath","value":"//*[@id=\"application-managepartners-display-component---NewPartner--addressEditDetailsCostObjectCstType-arrow\"]"}
COMMAND: POST /session/48ce7485e2c64a68d867c0ed65041780/element/f.1999790E03A964CB3378C0A271C2A0DB.d.8A2B834A4DADD197B562DAD27C9FB342.e.3746/click - {}
RESULT: {}
COMMAND: POST /session/48ce7485e2c64a68d867c0ed65041780/element - {"using":"xpath","value":"//span[contains(text(), \"Cost Center\")]"}
COMMAND: GET /session/48ce7485e2c64a68d867c0ed65041780/screenshot - {}
RESULT: {"using":"xpath","value":"//span[contains(text(), \"Cost Center\")]"}
COMMAND: POST /session/48ce7485e2c64a68d867c0ed65041780/element/f.1999790E03A964CB3378C0A271C2A0DB.d.8A2B834A4DADD197B562DAD27C9FB342.e.3747/click - {}
RESULT: {}
RESULT: {}
COMMAND: GET /session/48ce7485e2c64a68d867c0ed65041780/screenshot - {}
RESULT: {}
COMMAND: POST /session/48ce7485e2c64a68d867c0ed65041780/element - {"using":"xpath","value":"//span[@id=\"application-managepartners-display-component---NewPartner--addressNewCostObjectCstID-vhi\"]"}
RESULT: {"using":"xpath","value":"//span[@id=\"application-managepartners-display-component---NewPartner--addressNewCostObjectCstID-vhi\"]"}
COMMAND: POST /session/48ce7485e2c64a68d867c0ed65041780/execute/sync - {"script":"<script> [8489 bytes]","args":[{"element-6066-11e4-a52e-4f735466cecf":"f.1999790E03A964CB3378C0A271C2A0DB.d.8A2B834A4DADD197B562DAD27C9FB342.e.3751","ELEMENT":"f.1999790E03A964CB3378C0A271C2A0DB.d.8A2B834A4DADD197B562DAD27C9FB342.e.3751"}]}
RESULT: {"script":"<script> [8489 bytes]","args":[{"element-6066-11e4-a52e-4f735466cecf":"f.1999790E03A964CB3378C0A271C2A0DB.d.8A2B834A4DADD197B562DAD27C9FB342.e.3751","ELEMENT":"f.1999790E03A964CB3378C0A271C2A0DB.d.8A2B834A4DADD197B562DAD27C9FB342.e.3751"}]}
COMMAND: POST /session/48ce7485e2c64a68d867c0ed65041780/execute/async - {"script":"<script> [1562 bytes]","args":[{"selector":{"id":"application-managepartners-display-component---NewPartner--addressNewCostObjectCstID-vhi"},"wdio_ui5_key":"applicationmanagepartners-display-component---NewPartner--addressNewCostObjectCstID-vhi"}]}
COMMAND: GET /session/48ce7485e2c64a68d867c0ed65041780/screenshot - {}
RESULT: {"script":"<script> [1562 bytes]","args":[{"selector":{"id":"application-managepartners-display-component---NewPartner--addressNewCostObjectCstID-vhi"},"wdio_ui5_key":"applicationmanagepartners-display-component---NewPartner--addressNewCostObjectCstID-vhi"}]}
RESULT: undefined
COMMAND: POST /session/48ce7485e2c64a68d867c0ed65041780/element - {"using":"xpath","value":"//*[@id=\"application-managepartners-display-component---NewPartner--addressNewCostObjectCstID-vhi\"]"}
RESULT: {}
RESULT: {"using":"xpath","value":"//*[@id=\"application-managepartners-display-component---NewPartner--addressNewCostObjectCstID-vhi\"]"}
COMMAND: POST /session/48ce7485e2c64a68d867c0ed65041780/element/f.1999790E03A964CB3378C0A271C2A0DB.d.8A2B834A4DADD197B562DAD27C9FB342.e.3751/click - {}
RESULT: {}
COMMAND: GET /session/48ce7485e2c64a68d867c0ed65041780/screenshot - {}
RESULT: {}
COMMAND: POST /session/48ce7485e2c64a68d867c0ed65041780/execute/async - {"script":"<script> [1562 bytes]","args":[{"selector":{"controlType":"sap.m.SearchField","properties":{"placeholder":"Search"},"searchOpenDialogs":true,"interaction":{"idSuffix":"I"}},"wdio_ui5_key":"sapm.SearchField{\"placeholder\":\"Search\"}"}]}
RESULT: {"script":"<script> [1562 bytes]","args":[{"selector":{"controlType":"sap.m.SearchField","properties":{"placeholder":"Search"},"searchOpenDialogs":true,"interaction":{"idSuffix":"I"}},"wdio_ui5_key":"sapm.SearchField{\"placeholder\":\"Search\"}"}]}
RESULT: undefined
COMMAND: POST /session/48ce7485e2c64a68d867c0ed65041780/execute/async - {"script":"<script> [776 bytes]","args":[{"enterText":"10001013","selector":{"controlType":"sap.m.SearchField","properties":{"placeholder":"Search"},"searchOpenDialogs":true,"interaction":{"idSuffix":"I"}},"clearTextFirst":true,"interactionType":"ENTER_TEXT"}]}
RESULT: {"script":"<script> [776 bytes]","args":[{"enterText":"10001013","selector":{"controlType":"sap.m.SearchField","properties":{"placeholder":"Search"},"searchOpenDialogs":true,"interaction":{"idSuffix":"I"}},"clearTextFirst":true,"interactionType":"ENTER_TEXT"}]}
COMMAND: POST /session/48ce7485e2c64a68d867c0ed65041780/actions - {"actions":[{"id":"action7","type":"key","parameters":{},"actions":[{"type":"keyDown","value":""},{"type":"pause","duration":10},{"type":"keyUp","value":""}]}]}
RESULT: {"actions":[{"id":"action7","type":"key","parameters":{},"actions":[{"type":"keyDown","value":""},{"type":"pause","duration":10},{"type":"keyUp","value":""}]}]}
COMMAND: GET /session/48ce7485e2c64a68d867c0ed65041780/screenshot - {}
RESULT: {}
COMMAND: POST /session/48ce7485e2c64a68d867c0ed65041780/element - {"using":"xpath","value":"//span[contains(text(), \"General Management\")]"}
RESULT: {"using":"xpath","value":"//span[contains(text(), \"General Management\")]"}
COMMAND: POST /session/48ce7485e2c64a68d867c0ed65041780/element/f.1999790E03A964CB3378C0A271C2A0DB.d.8A2B834A4DADD197B562DAD27C9FB342.e.3793/click - {}
RESULT: {}
COMMAND: GET /session/48ce7485e2c64a68d867c0ed65041780/screenshot - {}
RESULT: {}
COMMAND: POST /session/48ce7485e2c64a68d867c0ed65041780/element - {"using":"xpath","value":"//bdi[contains(text(), \"OK\")]"}
RESULT: {"using":"xpath","value":"//bdi[contains(text(), \"OK\")]"}
COMMAND: POST /session/48ce7485e2c64a68d867c0ed65041780/element/f.1999790E03A964CB3378C0A271C2A0DB.d.8A2B834A4DADD197B562DAD27C9FB342.e.3794/click - {}
RESULT: {}
COMMAND: GET /session/48ce7485e2c64a68d867c0ed65041780/screenshot - {}
RESULT: {}
COMMAND: POST /session/48ce7485e2c64a68d867c0ed65041780/element - {"using":"xpath","value":"//input[@id=\"application-managepartners-display-component---NewPartner--companyCodeComboBox-inner\"]"}
RESULT: {"using":"xpath","value":"//input[@id=\"application-managepartners-display-component---NewPartner--companyCodeComboBox-inner\"]"}
COMMAND: POST /session/48ce7485e2c64a68d867c0ed65041780/element/f.1999790E03A964CB3378C0A271C2A0DB.d.8A2B834A4DADD197B562DAD27C9FB342.e.3586/clear - {}
RESULT: {}
COMMAND: POST /session/48ce7485e2c64a68d867c0ed65041780/element/f.1999790E03A964CB3378C0A271C2A0DB.d.8A2B834A4DADD197B562DAD27C9FB342.e.3586/value - {"text":"C002"}
COMMAND: GET /session/48ce7485e2c64a68d867c0ed65041780/screenshot - {}
RESULT: {"text":"C002"}
COMMAND: GET /session/48ce7485e2c64a68d867c0ed65041780/screenshot - {}
RESULT: {}
RESULT: {}
COMMAND: POST /session/48ce7485e2c64a68d867c0ed65041780/element - {"using":"xpath","value":"//li[.//span[text()= \"C002\"]]"}
RESULT: {"using":"xpath","value":"//li[.//span[text()= \"C002\"]]"}
COMMAND: POST /session/48ce7485e2c64a68d867c0ed65041780/element/f.1999790E03A964CB3378C0A271C2A0DB.d.8A2B834A4DADD197B562DAD27C9FB342.e.3800/click - {}
RESULT: {}
COMMAND: GET /session/48ce7485e2c64a68d867c0ed65041780/screenshot - {}
RESULT: {}
COMMAND: POST /session/48ce7485e2c64a68d867c0ed65041780/execute/async - {"script":"<script> [1562 bytes]","args":[{"selector":{"id":"application-managepartners-display-component---NewPartner--btnAddTableRow-img"},"wdio_ui5_key":"applicationmanagepartners-display-component---NewPartner--btnAddTableRow-img"}]}
RESULT: {"script":"<script> [1562 bytes]","args":[{"selector":{"id":"application-managepartners-display-component---NewPartner--btnAddTableRow-img"},"wdio_ui5_key":"applicationmanagepartners-display-component---NewPartner--btnAddTableRow-img"}]}
RESULT: undefined
COMMAND: POST /session/48ce7485e2c64a68d867c0ed65041780/element - {"using":"xpath","value":"//*[@id=\"application-managepartners-display-component---NewPartner--btnAddTableRow-img\"]"}
RESULT: {"using":"xpath","value":"//*[@id=\"application-managepartners-display-component---NewPartner--btnAddTableRow-img\"]"}
COMMAND: POST /session/48ce7485e2c64a68d867c0ed65041780/element/f.1999790E03A964CB3378C0A271C2A0DB.d.8A2B834A4DADD197B562DAD27C9FB342.e.3801/click - {}
RESULT: {}
COMMAND: GET /session/48ce7485e2c64a68d867c0ed65041780/screenshot - {}
RESULT: {}
COMMAND: POST /session/48ce7485e2c64a68d867c0ed65041780/element - {"using":"xpath","value":"//input[@id=\"application-managepartners-display-component---NewPartner--assignmentYard-application-managepartners-display-component---NewPartner--assignmentsTable-0-inner\"]"}
RESULT: {"using":"xpath","value":"//input[@id=\"application-managepartners-display-component---NewPartner--assignmentYard-application-managepartners-display-component---NewPartner--assignmentsTable-0-inner\"]"}
COMMAND: POST /session/48ce7485e2c64a68d867c0ed65041780/element/f.1999790E03A964CB3378C0A271C2A0DB.d.8A2B834A4DADD197B562DAD27C9FB342.e.3804/clear - {}
RESULT: {}
COMMAND: POST /session/48ce7485e2c64a68d867c0ed65041780/element/f.1999790E03A964CB3378C0A271C2A0DB.d.8A2B834A4DADD197B562DAD27C9FB342.e.3804/value - {"text":"282"}
COMMAND: GET /session/48ce7485e2c64a68d867c0ed65041780/screenshot - {}
RESULT: {"text":"282"}
COMMAND: GET /session/48ce7485e2c64a68d867c0ed65041780/screenshot - {}
RESULT: {}
RESULT: {}
COMMAND: POST /session/48ce7485e2c64a68d867c0ed65041780/element - {"using":"xpath","value":"//li[.//span[text()='282']]"}
RESULT: {"using":"xpath","value":"//li[.//span[text()='282']]"}
COMMAND: POST /session/48ce7485e2c64a68d867c0ed65041780/element/f.1999790E03A964CB3378C0A271C2A0DB.d.8A2B834A4DADD197B562DAD27C9FB342.e.3813/click - {}
RESULT: {}
COMMAND: GET /session/48ce7485e2c64a68d867c0ed65041780/screenshot - {}
RESULT: {}
COMMAND: POST /session/48ce7485e2c64a68d867c0ed65041780/actions - {"actions":[{"id":"action8","type":"key","parameters":{},"actions":[{"type":"keyDown","value":""},{"type":"pause","duration":10},{"type":"keyUp","value":""}]}]}
RESULT: {"actions":[{"id":"action8","type":"key","parameters":{},"actions":[{"type":"keyDown","value":""},{"type":"pause","duration":10},{"type":"keyUp","value":""}]}]}
COMMAND: POST /session/48ce7485e2c64a68d867c0ed65041780/execute/async - {"script":"<script> [1562 bytes]","args":[{"selector":{"id":"application-managepartners-display-component---NewPartner--externalCustomerComboBox-application-managepartners-display-component---NewPartner--assignmentsTable-0-vhi"},"wdio_ui5_key":"applicationmanagepartners-display-component---NewPartner--externalCustomerComboBox-application-managepartners-display-component---NewPartner--assignmentsTable-0-vhi"}]}
COMMAND: GET /session/48ce7485e2c64a68d867c0ed65041780/screenshot - {}
RESULT: {"script":"<script> [1562 bytes]","args":[{"selector":{"id":"application-managepartners-display-component---NewPartner--externalCustomerComboBox-application-managepartners-display-component---NewPartner--assignmentsTable-0-vhi"},"wdio_ui5_key":"applicationmanagepartners-display-component---NewPartner--externalCustomerComboBox-application-managepartners-display-component---NewPartner--assignmentsTable-0-vhi"}]}
RESULT: undefined
COMMAND: POST /session/48ce7485e2c64a68d867c0ed65041780/element - {"using":"xpath","value":"//*[@id=\"application-managepartners-display-component---NewPartner--externalCustomerComboBox-application-managepartners-display-component---NewPartner--assignmentsTable-0-vhi\"]"}
RESULT: {}
RESULT: {"using":"xpath","value":"//*[@id=\"application-managepartners-display-component---NewPartner--externalCustomerComboBox-application-managepartners-display-component---NewPartner--assignmentsTable-0-vhi\"]"}
COMMAND: POST /session/48ce7485e2c64a68d867c0ed65041780/element/f.1999790E03A964CB3378C0A271C2A0DB.d.8A2B834A4DADD197B562DAD27C9FB342.e.3817/click - {}
RESULT: {}
RESULT: undefined
COMMAND: POST /session/48ce7485e2c64a68d867c0ed65041780/execute/async - {"script":"<script> [776 bytes]","args":[{"enterText":"300003","selector":{"controlType":"sap.m.SearchField","properties":{"placeholder":"Search"},"searchOpenDialogs":true,"interaction":{"idSuffix":"I"}},"clearTextFirst":true,"interactionType":"ENTER_TEXT"}]}
COMMAND: GET /session/48ce7485e2c64a68d867c0ed65041780/screenshot - {}
RESULT: {"script":"<script> [776 bytes]","args":[{"enterText":"300003","selector":{"controlType":"sap.m.SearchField","properties":{"placeholder":"Search"},"searchOpenDialogs":true,"interaction":{"idSuffix":"I"}},"clearTextFirst":true,"interactionType":"ENTER_TEXT"}]}
COMMAND: POST /session/48ce7485e2c64a68d867c0ed65041780/actions - {"actions":[{"id":"action9","type":"key","parameters":{},"actions":[{"type":"keyDown","value":""},{"type":"pause","duration":10},{"type":"keyUp","value":""}]}]}
RESULT: {}
RESULT: {"actions":[{"id":"action9","type":"key","parameters":{},"actions":[{"type":"keyDown","value":""},{"type":"pause","duration":10},{"type":"keyUp","value":""}]}]}
COMMAND: GET /session/48ce7485e2c64a68d867c0ed65041780/screenshot - {}
RESULT: {}
COMMAND: POST /session/48ce7485e2c64a68d867c0ed65041780/element - {"using":"xpath","value":"//span[contains(text(), \"300003\")]"}
RESULT: {"using":"xpath","value":"//span[contains(text(), \"300003\")]"}
COMMAND: POST /session/48ce7485e2c64a68d867c0ed65041780/element/f.1999790E03A964CB3378C0A271C2A0DB.d.8A2B834A4DADD197B562DAD27C9FB342.e.3835/click - {}
RESULT: {}
COMMAND: GET /session/48ce7485e2c64a68d867c0ed65041780/screenshot - {}
RESULT: {}
COMMAND: POST /session/48ce7485e2c64a68d867c0ed65041780/element - {"using":"xpath","value":"//bdi[contains(text(), \"OK\")]"}
RESULT: {"using":"xpath","value":"//bdi[contains(text(), \"OK\")]"}
COMMAND: POST /session/48ce7485e2c64a68d867c0ed65041780/element/f.1999790E03A964CB3378C0A271C2A0DB.d.8A2B834A4DADD197B562DAD27C9FB342.e.3837/click - {}
RESULT: {}
COMMAND: GET /session/48ce7485e2c64a68d867c0ed65041780/screenshot - {}
RESULT: {}
COMMAND: POST /session/48ce7485e2c64a68d867c0ed65041780/execute/async - {"script":"<script> [1562 bytes]","args":[{"selector":{"id":"application-managepartners-display-component---NewPartner--intercompVendorComboBox-application-managepartners-display-component---NewPartner--assignmentsTable-0-vhi"},"wdio_ui5_key":"applicationmanagepartners-display-component---NewPartner--intercompVendorComboBox-application-managepartners-display-component---NewPartner--assignmentsTable-0-vhi"}]}
RESULT: {"script":"<script> [1562 bytes]","args":[{"selector":{"id":"application-managepartners-display-component---NewPartner--intercompVendorComboBox-application-managepartners-display-component---NewPartner--assignmentsTable-0-vhi"},"wdio_ui5_key":"applicationmanagepartners-display-component---NewPartner--intercompVendorComboBox-application-managepartners-display-component---NewPartner--assignmentsTable-0-vhi"}]}
RESULT: undefined
COMMAND: POST /session/48ce7485e2c64a68d867c0ed65041780/element - {"using":"xpath","value":"//*[@id=\"application-managepartners-display-component---NewPartner--intercompVendorComboBox-application-managepartners-display-component---NewPartner--assignmentsTable-0-vhi\"]"}
RESULT: {"using":"xpath","value":"//*[@id=\"application-managepartners-display-component---NewPartner--intercompVendorComboBox-application-managepartners-display-component---NewPartner--assignmentsTable-0-vhi\"]"}
COMMAND: POST /session/48ce7485e2c64a68d867c0ed65041780/element/f.1999790E03A964CB3378C0A271C2A0DB.d.8A2B834A4DADD197B562DAD27C9FB342.e.3841/click - {}
RESULT: {}
RESULT: undefined
COMMAND: POST /session/48ce7485e2c64a68d867c0ed65041780/execute/async - {"script":"<script> [776 bytes]","args":[{"enterText":"100005","selector":{"controlType":"sap.m.SearchField","properties":{"placeholder":"Search"},"searchOpenDialogs":true,"interaction":{"idSuffix":"I"}},"clearTextFirst":true,"interactionType":"ENTER_TEXT"}]}
COMMAND: GET /session/48ce7485e2c64a68d867c0ed65041780/screenshot - {}
RESULT: {"script":"<script> [776 bytes]","args":[{"enterText":"100005","selector":{"controlType":"sap.m.SearchField","properties":{"placeholder":"Search"},"searchOpenDialogs":true,"interaction":{"idSuffix":"I"}},"clearTextFirst":true,"interactionType":"ENTER_TEXT"}]}
COMMAND: POST /session/48ce7485e2c64a68d867c0ed65041780/actions - {"actions":[{"id":"action10","type":"key","parameters":{},"actions":[{"type":"keyDown","value":""},{"type":"pause","duration":10},{"type":"keyUp","value":""}]}]}
RESULT: {}
RESULT: {"actions":[{"id":"action10","type":"key","parameters":{},"actions":[{"type":"keyDown","value":""},{"type":"pause","duration":10},{"type":"keyUp","value":""}]}]}
COMMAND: GET /session/48ce7485e2c64a68d867c0ed65041780/screenshot - {}
RESULT: {}
COMMAND: POST /session/48ce7485e2c64a68d867c0ed65041780/element - {"using":"xpath","value":"//span[contains(text(), \"Penguins - Field/12345 Berlin\")]"}
RESULT: {"using":"xpath","value":"//span[contains(text(), \"Penguins - Field/12345 Berlin\")]"}
COMMAND: POST /session/48ce7485e2c64a68d867c0ed65041780/element/f.1999790E03A964CB3378C0A271C2A0DB.d.8A2B834A4DADD197B562DAD27C9FB342.e.3859/click - {}
RESULT: {}
COMMAND: GET /session/48ce7485e2c64a68d867c0ed65041780/screenshot - {}
RESULT: {}
COMMAND: POST /session/48ce7485e2c64a68d867c0ed65041780/element - {"using":"xpath","value":"//bdi[contains(text(), \"OK\")]"}
RESULT: {"using":"xpath","value":"//bdi[contains(text(), \"OK\")]"}
COMMAND: POST /session/48ce7485e2c64a68d867c0ed65041780/element/f.1999790E03A964CB3378C0A271C2A0DB.d.8A2B834A4DADD197B562DAD27C9FB342.e.3860/click - {}
RESULT: {}
COMMAND: GET /session/48ce7485e2c64a68d867c0ed65041780/screenshot - {}
RESULT: {}
COMMAND: POST /session/48ce7485e2c64a68d867c0ed65041780/element - {"using":"xpath","value":"//button[@data-kt=\"saveButton\"]"}
RESULT: {"using":"xpath","value":"//button[@data-kt=\"saveButton\"]"}
COMMAND: POST /session/48ce7485e2c64a68d867c0ed65041780/element/f.1999790E03A964CB3378C0A271C2A0DB.d.8A2B834A4DADD197B562DAD27C9FB342.e.3710/click - {}
RESULT: {}
COMMAND: GET /session/48ce7485e2c64a68d867c0ed65041780/screenshot - {}
RESULT: {}
COMMAND: POST /session/48ce7485e2c64a68d867c0ed65041780/element - {"using":"xpath","value":"//header[contains(@id, 'ObjectPageLayout-headerTitle')]/div[1]/div[2]/div[2]/span[1]"}
RESULT: {"using":"xpath","value":"//header[contains(@id, 'ObjectPageLayout-headerTitle')]/div[1]/div[2]/div[2]/span[1]"}
COMMAND: POST /session/48ce7485e2c64a68d867c0ed65041780/elements - {"using":"xpath","value":"//header[contains(@id, 'ObjectPageLayout-headerTitle')]/div[1]/div[2]/div[2]/span[1]"}
RESULT: {"using":"xpath","value":"//header[contains(@id, 'ObjectPageLayout-headerTitle')]/div[1]/div[2]/div[2]/span[1]"}
COMMAND: POST /session/48ce7485e2c64a68d867c0ed65041780/execute/sync - {"script":"<script> [56 bytes]","args":[{"element-6066-11e4-a52e-4f735466cecf":"f.1999790E03A964CB3378C0A271C2A0DB.d.8A2B834A4DADD197B562DAD27C9FB342.e.4025","ELEMENT":"f.1999790E03A964CB3378C0A271C2A0DB.d.8A2B834A4DADD197B562DAD27C9FB342.e.4025"}]}
RESULT: {"script":"<script> [56 bytes]","args":[{"element-6066-11e4-a52e-4f735466cecf":"f.1999790E03A964CB3378C0A271C2A0DB.d.8A2B834A4DADD197B562DAD27C9FB342.e.4025","ELEMENT":"f.1999790E03A964CB3378C0A271C2A0DB.d.8A2B834A4DADD197B562DAD27C9FB342.e.4025"}]}
COMMAND: POST /session/48ce7485e2c64a68d867c0ed65041780/element - {"using":"css selector","value":"#shell-header-logo"}
COMMAND: GET /session/48ce7485e2c64a68d867c0ed65041780/screenshot - {}
RESULT: {"using":"css selector","value":"#shell-header-logo"}
COMMAND: POST /session/48ce7485e2c64a68d867c0ed65041780/element/f.1999790E03A964CB3378C0A271C2A0DB.d.8A2B834A4DADD197B562DAD27C9FB342.e.3236/click - {}
RESULT: {}
RESULT: {}
COMMAND: GET /session/48ce7485e2c64a68d867c0ed65041780/screenshot - {}
RESULT: {}
COMMAND: POST /session/48ce7485e2c64a68d867c0ed65041780/execute/sync - {"script":"<script> [299 bytes]","args":[["getModel","getResource"]]}
RESULT: {"script":"<script> [299 bytes]","args":[["getModel","getResource"]]}
RESULT: undefined
COMMAND: POST /session/48ce7485e2c64a68d867c0ed65041780/element - {"using":"xpath","value":"//*[@id=\"__tile30\"]"}
COMMAND: GET /session/48ce7485e2c64a68d867c0ed65041780/screenshot - {}
RESULT: {"using":"xpath","value":"//*[@id=\"__tile30\"]"}
COMMAND: POST /session/48ce7485e2c64a68d867c0ed65041780/element/f.1999790E03A964CB3378C0A271C2A0DB.d.8A2B834A4DADD197B562DAD27C9FB342.e.3156/click - {}
RESULT: {}
RESULT: {}
COMMAND: GET /session/48ce7485e2c64a68d867c0ed65041780/screenshot - {}
RESULT: {}
COMMAND: POST /session/48ce7485e2c64a68d867c0ed65041780/elements - {"using":"xpath","value":"//span[text()='Error']"}
RESULT: {"using":"xpath","value":"//span[text()='Error']"}
COMMAND: POST /session/48ce7485e2c64a68d867c0ed65041780/element - {"using":"xpath","value":"//button[@data-kt=\"addButton\"]"}
RESULT: {"using":"xpath","value":"//button[@data-kt=\"addButton\"]"}
COMMAND: POST /session/48ce7485e2c64a68d867c0ed65041780/elements - {"using":"xpath","value":"//button[@data-kt=\"addButton\"]"}
RESULT: {"using":"xpath","value":"//button[@data-kt=\"addButton\"]"}
COMMAND: POST /session/48ce7485e2c64a68d867c0ed65041780/execute/sync - {"script":"<script> [8489 bytes]","args":[{"element-6066-11e4-a52e-4f735466cecf":"f.1999790E03A964CB3378C0A271C2A0DB.d.8A2B834A4DADD197B562DAD27C9FB342.e.4072","ELEMENT":"f.1999790E03A964CB3378C0A271C2A0DB.d.8A2B834A4DADD197B562DAD27C9FB342.e.4072"}]}
RESULT: {"script":"<script> [8489 bytes]","args":[{"element-6066-11e4-a52e-4f735466cecf":"f.1999790E03A964CB3378C0A271C2A0DB.d.8A2B834A4DADD197B562DAD27C9FB342.e.4072","ELEMENT":"f.1999790E03A964CB3378C0A271C2A0DB.d.8A2B834A4DADD197B562DAD27C9FB342.e.4072"}]}
COMMAND: GET /session/48ce7485e2c64a68d867c0ed65041780/element/f.1999790E03A964CB3378C0A271C2A0DB.d.8A2B834A4DADD197B562DAD27C9FB342.e.4072/enabled - {}
COMMAND: GET /session/48ce7485e2c64a68d867c0ed65041780/screenshot - {}
RESULT: {}
COMMAND: POST /session/48ce7485e2c64a68d867c0ed65041780/execute/sync - {"script":"<script> [8489 bytes]","args":[{"element-6066-11e4-a52e-4f735466cecf":"f.1999790E03A964CB3378C0A271C2A0DB.d.8A2B834A4DADD197B562DAD27C9FB342.e.4072","ELEMENT":"f.1999790E03A964CB3378C0A271C2A0DB.d.8A2B834A4DADD197B562DAD27C9FB342.e.4072"}]}
COMMAND: GET /session/48ce7485e2c64a68d867c0ed65041780/screenshot - {}
RESULT: {}
RESULT: {"script":"<script> [8489 bytes]","args":[{"element-6066-11e4-a52e-4f735466cecf":"f.1999790E03A964CB3378C0A271C2A0DB.d.8A2B834A4DADD197B562DAD27C9FB342.e.4072","ELEMENT":"f.1999790E03A964CB3378C0A271C2A0DB.d.8A2B834A4DADD197B562DAD27C9FB342.e.4072"}]}
COMMAND: POST /session/48ce7485e2c64a68d867c0ed65041780/execute/sync - {"script":"<script> [5351 bytes]","args":[{"element-6066-11e4-a52e-4f735466cecf":"f.1999790E03A964CB3378C0A271C2A0DB.d.8A2B834A4DADD197B562DAD27C9FB342.e.4072","ELEMENT":"f.1999790E03A964CB3378C0A271C2A0DB.d.8A2B834A4DADD197B562DAD27C9FB342.e.4072"}]}
COMMAND: GET /session/48ce7485e2c64a68d867c0ed65041780/screenshot - {}
RESULT: {}
RESULT: {"script":"<script> [5351 bytes]","args":[{"element-6066-11e4-a52e-4f735466cecf":"f.1999790E03A964CB3378C0A271C2A0DB.d.8A2B834A4DADD197B562DAD27C9FB342.e.4072","ELEMENT":"f.1999790E03A964CB3378C0A271C2A0DB.d.8A2B834A4DADD197B562DAD27C9FB342.e.4072"}]}
COMMAND: GET /session/48ce7485e2c64a68d867c0ed65041780/screenshot - {}
RESULT: {}
RESULT: {}
COMMAND: POST /session/48ce7485e2c64a68d867c0ed65041780/execute/async - {"script":"<script> [1562 bytes]","args":[{"selector":{"id":"application-managepartners-display-component---masterPtm--smartFilterBar-btnBasicSearch","interaction":{"idSuffix":"I"}},"wdio_ui5_key":"applicationmanagepartners-display-component---masterPtm--smartFilterBar-btnBasicSearch"}]}
RESULT: {"script":"<script> [1562 bytes]","args":[{"selector":{"id":"application-managepartners-display-component---masterPtm--smartFilterBar-btnBasicSearch","interaction":{"idSuffix":"I"}},"wdio_ui5_key":"applicationmanagepartners-display-component---masterPtm--smartFilterBar-btnBasicSearch"}]}
RESULT: undefined
COMMAND: POST /session/48ce7485e2c64a68d867c0ed65041780/execute/async - {"script":"<script> [776 bytes]","args":[{"enterText":"1128","selector":{"id":"application-managepartners-display-component---masterPtm--smartFilterBar-btnBasicSearch","interaction":{"idSuffix":"I"}},"clearTextFirst":true,"interactionType":"ENTER_TEXT"}]}
RESULT: {"script":"<script> [776 bytes]","args":[{"enterText":"1128","selector":{"id":"application-managepartners-display-component---masterPtm--smartFilterBar-btnBasicSearch","interaction":{"idSuffix":"I"}},"clearTextFirst":true,"interactionType":"ENTER_TEXT"}]}
COMMAND: POST /session/48ce7485e2c64a68d867c0ed65041780/actions - {"actions":[{"id":"action11","type":"key","parameters":{},"actions":[{"type":"keyDown","value":""},{"type":"pause","duration":10},{"type":"keyUp","value":""}]}]}
RESULT: {"actions":[{"id":"action11","type":"key","parameters":{},"actions":[{"type":"keyDown","value":""},{"type":"pause","duration":10},{"type":"keyUp","value":""}]}]}
COMMAND: GET /session/48ce7485e2c64a68d867c0ed65041780/screenshot - {}
RESULT: {}
COMMAND: POST /session/48ce7485e2c64a68d867c0ed65041780/elements - {"using":"xpath","value":"//table[contains(@id, \"customPartnersTable-listUl\")]/tbody/tr"}
RESULT: {"using":"xpath","value":"//table[contains(@id, \"customPartnersTable-listUl\")]/tbody/tr"}
COMMAND: POST /session/48ce7485e2c64a68d867c0ed65041780/element - {"using":"xpath","value":"//table[contains(@id, \"customPartnersTable-listUl\")]/tbody/tr[1]/td[3]/span"}
RESULT: {"using":"xpath","value":"//table[contains(@id, \"customPartnersTable-listUl\")]/tbody/tr[1]/td[3]/span"}
COMMAND: POST /session/48ce7485e2c64a68d867c0ed65041780/elements - {"using":"xpath","value":"//table[contains(@id, \"customPartnersTable-listUl\")]/tbody/tr[1]/td[3]/span"}
RESULT: {"using":"xpath","value":"//table[contains(@id, \"customPartnersTable-listUl\")]/tbody/tr[1]/td[3]/span"}
COMMAND: POST /session/48ce7485e2c64a68d867c0ed65041780/execute/sync - {"script":"<script> [56 bytes]","args":[{"element-6066-11e4-a52e-4f735466cecf":"f.1999790E03A964CB3378C0A271C2A0DB.d.8A2B834A4DADD197B562DAD27C9FB342.e.4207","ELEMENT":"f.1999790E03A964CB3378C0A271C2A0DB.d.8A2B834A4DADD197B562DAD27C9FB342.e.4207"}]}
RESULT: {"script":"<script> [56 bytes]","args":[{"element-6066-11e4-a52e-4f735466cecf":"f.1999790E03A964CB3378C0A271C2A0DB.d.8A2B834A4DADD197B562DAD27C9FB342.e.4207","ELEMENT":"f.1999790E03A964CB3378C0A271C2A0DB.d.8A2B834A4DADD197B562DAD27C9FB342.e.4207"}]}
COMMAND: POST /session/48ce7485e2c64a68d867c0ed65041780/element - {"using":"xpath","value":"(//span[contains(@id, \"imgNav\")])[1]"}
COMMAND: GET /session/48ce7485e2c64a68d867c0ed65041780/screenshot - {}
RESULT: {"using":"xpath","value":"(//span[contains(@id, \"imgNav\")])[1]"}
COMMAND: POST /session/48ce7485e2c64a68d867c0ed65041780/element/f.1999790E03A964CB3378C0A271C2A0DB.d.8A2B834A4DADD197B562DAD27C9FB342.e.4205/click - {}
RESULT: {}
RESULT: {}
COMMAND: GET /session/48ce7485e2c64a68d867c0ed65041780/screenshot - {}
RESULT: {}
COMMAND: POST /session/48ce7485e2c64a68d867c0ed65041780/element - {"using":"xpath","value":"//bdi[contains(text(), \"Edit\")]"}
RESULT: {"using":"xpath","value":"//bdi[contains(text(), \"Edit\")]"}
COMMAND: POST /session/48ce7485e2c64a68d867c0ed65041780/element/f.1999790E03A964CB3378C0A271C2A0DB.d.8A2B834A4DADD197B562DAD27C9FB342.e.4344/click - {}
RESULT: {}
COMMAND: GET /session/48ce7485e2c64a68d867c0ed65041780/screenshot - {}
RESULT: {}
COMMAND: POST /session/48ce7485e2c64a68d867c0ed65041780/execute/async - {"script":"<script> [1562 bytes]","args":[{"selector":{"controlType":"sap.m.Input","viewName":"etm.portal.ui.managepartners.view.EditDetail","labelFor":{"text":"Name"},"interaction":{"idSuffix":"inner"}},"wdio_ui5_key":"etmportal.ui.managepartners.view.EditDetailsap.m.Input{\"text\":\"Name\"}"}]}
RESULT: {"script":"<script> [1562 bytes]","args":[{"selector":{"controlType":"sap.m.Input","viewName":"etm.portal.ui.managepartners.view.EditDetail","labelFor":{"text":"Name"},"interaction":{"idSuffix":"inner"}},"wdio_ui5_key":"etmportal.ui.managepartners.view.EditDetailsap.m.Input{\"text\":\"Name\"}"}]}
RESULT: undefined
COMMAND: POST /session/48ce7485e2c64a68d867c0ed65041780/execute/async - {"script":"<script> [776 bytes]","args":[{"enterText":"Intercompany EDIT","selector":{"controlType":"sap.m.Input","viewName":"etm.portal.ui.managepartners.view.EditDetail","labelFor":{"text":"Name"},"interaction":{"idSuffix":"inner"}},"clearTextFirst":true,"interactionType":"ENTER_TEXT"}]}
RESULT: {"script":"<script> [776 bytes]","args":[{"enterText":"Intercompany EDIT","selector":{"controlType":"sap.m.Input","viewName":"etm.portal.ui.managepartners.view.EditDetail","labelFor":{"text":"Name"},"interaction":{"idSuffix":"inner"}},"clearTextFirst":true,"interactionType":"ENTER_TEXT"}]}
COMMAND: POST /session/48ce7485e2c64a68d867c0ed65041780/element - {"using":"xpath","value":"(//span[contains(@id,\"addressDetailDetailsLanguage-arrow\")])[1]"}
RESULT: {"using":"xpath","value":"(//span[contains(@id,\"addressDetailDetailsLanguage-arrow\")])[1]"}
COMMAND: POST /session/48ce7485e2c64a68d867c0ed65041780/element/f.1999790E03A964CB3378C0A271C2A0DB.d.8A2B834A4DADD197B562DAD27C9FB342.e.4428/click - {}
RESULT: {}
COMMAND: POST /session/48ce7485e2c64a68d867c0ed65041780/element - {"using":"xpath","value":"//span[contains(text(), \"Chinese\")]"}
COMMAND: GET /session/48ce7485e2c64a68d867c0ed65041780/screenshot - {}
RESULT: {"using":"xpath","value":"//span[contains(text(), \"Chinese\")]"}
COMMAND: POST /session/48ce7485e2c64a68d867c0ed65041780/element/f.1999790E03A964CB3378C0A271C2A0DB.d.8A2B834A4DADD197B562DAD27C9FB342.e.4429/click - {}
RESULT: {}
RESULT: {}
COMMAND: GET /session/48ce7485e2c64a68d867c0ed65041780/screenshot - {}
RESULT: {}
COMMAND: POST /session/48ce7485e2c64a68d867c0ed65041780/execute/async - {"script":"<script> [1562 bytes]","args":[{"selector":{"controlType":"sap.m.Input","viewName":"etm.portal.ui.managepartners.view.EditDetail","labelFor":{"text":"City"},"interaction":{"idSuffix":"inner"}},"wdio_ui5_key":"etmportal.ui.managepartners.view.EditDetailsap.m.Input{\"text\":\"City\"}"}]}
RESULT: {"script":"<script> [1562 bytes]","args":[{"selector":{"controlType":"sap.m.Input","viewName":"etm.portal.ui.managepartners.view.EditDetail","labelFor":{"text":"City"},"interaction":{"idSuffix":"inner"}},"wdio_ui5_key":"etmportal.ui.managepartners.view.EditDetailsap.m.Input{\"text\":\"City\"}"}]}
RESULT: undefined
COMMAND: POST /session/48ce7485e2c64a68d867c0ed65041780/execute/async - {"script":"<script> [776 bytes]","args":[{"enterText":"Clooj-Napoca","selector":{"controlType":"sap.m.Input","viewName":"etm.portal.ui.managepartners.view.EditDetail","labelFor":{"text":"City"},"interaction":{"idSuffix":"inner"}},"clearTextFirst":true,"interactionType":"ENTER_TEXT"}]}
RESULT: {"script":"<script> [776 bytes]","args":[{"enterText":"Clooj-Napoca","selector":{"controlType":"sap.m.Input","viewName":"etm.portal.ui.managepartners.view.EditDetail","labelFor":{"text":"City"},"interaction":{"idSuffix":"inner"}},"clearTextFirst":true,"interactionType":"ENTER_TEXT"}]}
COMMAND: POST /session/48ce7485e2c64a68d867c0ed65041780/element - {"using":"xpath","value":"//button[@data-kt=\"saveButton\"]"}
RESULT: {"using":"xpath","value":"//button[@data-kt=\"saveButton\"]"}
COMMAND: POST /session/48ce7485e2c64a68d867c0ed65041780/element/f.1999790E03A964CB3378C0A271C2A0DB.d.8A2B834A4DADD197B562DAD27C9FB342.e.4406/click - {}
RESULT: {}
COMMAND: GET /session/48ce7485e2c64a68d867c0ed65041780/screenshot - {}
RESULT: {}
COMMAND: POST /session/48ce7485e2c64a68d867c0ed65041780/execute/async - {"script":"<script> [1562 bytes]","args":[{"selector":{"id":"application-managepartners-display-component---detailPtm--addressDetailDetailsName1"},"wdio_ui5_key":"applicationmanagepartners-display-component---detailPtm--addressDetailDetailsName1"}]}
RESULT: {"script":"<script> [1562 bytes]","args":[{"selector":{"id":"application-managepartners-display-component---detailPtm--addressDetailDetailsName1"},"wdio_ui5_key":"applicationmanagepartners-display-component---detailPtm--addressDetailDetailsName1"}]}
RESULT: undefined
COMMAND: POST /session/48ce7485e2c64a68d867c0ed65041780/execute/async - {"script":"<script> [6424 bytes]","args":[{"element-6066-11e4-a52e-4f735466cecf":"f.1999790E03A964CB3378C0A271C2A0DB.d.8A2B834A4DADD197B562DAD27C9FB342.e.4460"},"getValue",[]]}
RESULT: {"script":"<script> [6424 bytes]","args":[{"element-6066-11e4-a52e-4f735466cecf":"f.1999790E03A964CB3378C0A271C2A0DB.d.8A2B834A4DADD197B562DAD27C9FB342.e.4460"},"getValue",[]]}
COMMAND: POST /session/48ce7485e2c64a68d867c0ed65041780/element - {"using":"xpath","value":"//input[@id = \"application-managepartners-display-component---detailPtm--addressDetailDetailsLanguage-inner\"]"}
RESULT: {"using":"xpath","value":"//input[@id = \"application-managepartners-display-component---detailPtm--addressDetailDetailsLanguage-inner\"]"}
COMMAND: GET /session/48ce7485e2c64a68d867c0ed65041780/element/f.1999790E03A964CB3378C0A271C2A0DB.d.8A2B834A4DADD197B562DAD27C9FB342.e.4461/property/value - {}
RESULT: {}
COMMAND: POST /session/48ce7485e2c64a68d867c0ed65041780/execute/async - {"script":"<script> [1562 bytes]","args":[{"selector":{"id":"application-managepartners-display-component---detailPtm--addressDetailDetailsCity1"},"wdio_ui5_key":"applicationmanagepartners-display-component---detailPtm--addressDetailDetailsCity1"}]}
COMMAND: GET /session/48ce7485e2c64a68d867c0ed65041780/screenshot - {}
RESULT: {"script":"<script> [1562 bytes]","args":[{"selector":{"id":"application-managepartners-display-component---detailPtm--addressDetailDetailsCity1"},"wdio_ui5_key":"applicationmanagepartners-display-component---detailPtm--addressDetailDetailsCity1"}]}
RESULT: undefined
COMMAND: POST /session/48ce7485e2c64a68d867c0ed65041780/execute/async - {"script":"<script> [6424 bytes]","args":[{"element-6066-11e4-a52e-4f735466cecf":"f.1999790E03A964CB3378C0A271C2A0DB.d.8A2B834A4DADD197B562DAD27C9FB342.e.4462"},"getValue",[]]}
RESULT: {}
RESULT: {"script":"<script> [6424 bytes]","args":[{"element-6066-11e4-a52e-4f735466cecf":"f.1999790E03A964CB3378C0A271C2A0DB.d.8A2B834A4DADD197B562DAD27C9FB342.e.4462"},"getValue",[]]}
COMMAND: POST /session/48ce7485e2c64a68d867c0ed65041780/element - {"using":"css selector","value":"#shell-header-logo"}
RESULT: {"using":"css selector","value":"#shell-header-logo"}
COMMAND: POST /session/48ce7485e2c64a68d867c0ed65041780/element/f.1999790E03A964CB3378C0A271C2A0DB.d.8A2B834A4DADD197B562DAD27C9FB342.e.4028/click - {}
RESULT: {}
COMMAND: GET /session/48ce7485e2c64a68d867c0ed65041780/screenshot - {}
RESULT: {}
]]></system-out>
    </testcase>
    <testcase classname="chrome.136_0_7103_93.windows.Partner_specific_tests_US150819_US151080_US151654_US151176_US103444_US151078_US151079_US151109_US151174_US151175_US151189" name="Should create a new intracompany partner edit some of its fields US151079" time="243.06">
      <system-out><![CDATA[
COMMAND: POST /session/48ce7485e2c64a68d867c0ed65041780/element - {"using":"xpath","value":"//li[.//span[text()=\"Manage Partners\"]]"}
RESULT: {"using":"xpath","value":"//li[.//span[text()=\"Manage Partners\"]]"}
COMMAND: POST /session/48ce7485e2c64a68d867c0ed65041780/element - {"using":"xpath","value":"//li[.//span[text()=\"Manage Partners\"]]"}
RESULT: {"using":"xpath","value":"//li[.//span[text()=\"Manage Partners\"]]"}
COMMAND: POST /session/48ce7485e2c64a68d867c0ed65041780/element - {"using":"css selector","value":"#shell-header-logo"}
RESULT: {"using":"css selector","value":"#shell-header-logo"}
COMMAND: POST /session/48ce7485e2c64a68d867c0ed65041780/element/f.1999790E03A964CB3378C0A271C2A0DB.d.8A2B834A4DADD197B562DAD27C9FB342.e.4492/click - {}
COMMAND: POST /session/48ce7485e2c64a68d867c0ed65041780/execute/sync - {"script":"<script> [8489 bytes]","args":[{"element-6066-11e4-a52e-4f735466cecf":"f.1999790E03A964CB3378C0A271C2A0DB.d.8A2B834A4DADD197B562DAD27C9FB342.e.4492","ELEMENT":"f.1999790E03A964CB3378C0A271C2A0DB.d.8A2B834A4DADD197B562DAD27C9FB342.e.4492"}]}
RESULT: {"script":"<script> [8489 bytes]","args":[{"element-6066-11e4-a52e-4f735466cecf":"f.1999790E03A964CB3378C0A271C2A0DB.d.8A2B834A4DADD197B562DAD27C9FB342.e.4492","ELEMENT":"f.1999790E03A964CB3378C0A271C2A0DB.d.8A2B834A4DADD197B562DAD27C9FB342.e.4492"}]}
COMMAND: POST /session/48ce7485e2c64a68d867c0ed65041780/execute/sync - {"script":"<script> [5351 bytes]","args":[{"element-6066-11e4-a52e-4f735466cecf":"f.1999790E03A964CB3378C0A271C2A0DB.d.8A2B834A4DADD197B562DAD27C9FB342.e.4492","ELEMENT":"f.1999790E03A964CB3378C0A271C2A0DB.d.8A2B834A4DADD197B562DAD27C9FB342.e.4492"}]}
COMMAND: GET /session/48ce7485e2c64a68d867c0ed65041780/screenshot - {}
RESULT: {}
COMMAND: GET /session/48ce7485e2c64a68d867c0ed65041780/screenshot - {}
RESULT: {"script":"<script> [5351 bytes]","args":[{"element-6066-11e4-a52e-4f735466cecf":"f.1999790E03A964CB3378C0A271C2A0DB.d.8A2B834A4DADD197B562DAD27C9FB342.e.4492","ELEMENT":"f.1999790E03A964CB3378C0A271C2A0DB.d.8A2B834A4DADD197B562DAD27C9FB342.e.4492"}]}
COMMAND: GET /session/48ce7485e2c64a68d867c0ed65041780/screenshot - {}
RESULT: {}
RESULT: {}
RESULT: {}
COMMAND: POST /session/48ce7485e2c64a68d867c0ed65041780/refresh - {}
RESULT: {}
COMMAND: GET /session/48ce7485e2c64a68d867c0ed65041780/screenshot - {}
RESULT: {}
COMMAND: POST /session/48ce7485e2c64a68d867c0ed65041780/refresh - {}
RESULT: {}
COMMAND: GET /session/48ce7485e2c64a68d867c0ed65041780/screenshot - {}
RESULT: {}
COMMAND: POST /session/48ce7485e2c64a68d867c0ed65041780/window/fullscreen - {}
RESULT: {}
COMMAND: POST /session/48ce7485e2c64a68d867c0ed65041780/execute/async - {"script":"<script> [189 bytes]","args":[]}
RESULT: {"script":"<script> [189 bytes]","args":[]}
COMMAND: POST /session/48ce7485e2c64a68d867c0ed65041780/execute/async - {"script":"<script> [123 bytes]","args":[]}
RESULT: {"script":"<script> [123 bytes]","args":[]}
COMMAND: POST /session/48ce7485e2c64a68d867c0ed65041780/timeouts - {"script":"<number>"}
RESULT: {"script":"<number>"}
COMMAND: GET /session/48ce7485e2c64a68d867c0ed65041780/timeouts - {}
RESULT: {}
RESULT: undefined
COMMAND: POST /session/48ce7485e2c64a68d867c0ed65041780/execute/async - {"script":"<script> [2676 bytes]","args":[]}
RESULT: {"script":"<script> [2676 bytes]","args":[]}
COMMAND: POST /session/48ce7485e2c64a68d867c0ed65041780/execute/async - {"script":"<script> [2342 bytes]","args":[{"protocol":"http","hostname":"0.0.0.0","path":"/","capabilities":{"browserName":"chrome","goog:chromeOptions":{"binary":"C:\\Program Files\\Google\\Chrome\\Application\\chrome.exe","args":["--start-maximized"]}},"logLevel":"warn","connectionRetryTimeout":120000,"connectionRetryCount":3,"logLevels":{},"enableDirectConnect":true,"strictSSL":true,"_":"65 more keys: [\"cacheDir\",\"port\",\"requestedCapabilities\",\"automationProtocol\",\"baseUrl\",\"waitforInterval\",\"waitforTimeout\",\"onReload\",\"beforeCommand\",\"afterCommand\",\"rootDir\",\"specs\",\"suites\",\"exclude\",\"groupLogsByTestSpec\",\"excludeDriverLogs\",\"bail\",\"framework\",\"reporters\",\"services\",\"maxInstances\",\"maxInstancesPerCapability\",\"injectGlobals\",\"filesToWatch\",\"execArgv\",\"runnerEnv\",\"runner\",\"shard\",\"specFileRetries\",\"specFileRetriesDelay\",\"specFileRetriesDeferred\",\"reporterSyncInterval\",\"reporterSyncTimeout\",\"cucumberFeaturesWithLineNumbers\",\"autoCompileOpts\",\"mochaOpts\",\"jasmineOpts\",\"cucumberOpts\",\"onPrepare\",\"onWorkerStart\",\"onWorkerEnd\",\"before\",\"beforeSession\",\"beforeSuite\",\"beforeHook\",\"beforeTest\",\"afterTest\",\"afterHook\",\"afterSuite\",\"afterSession\",\"after\",\"onComplete\",\"beforeAssertion\",\"afterAssertion\",\"beforeFeature\",\"beforeScenario\",\"beforeStep\",\"afterStep\",\"afterScenario\",\"afterFeature\",\"_\",\"suite\",\"$0\",\"ignoredWorkerServices\",\"wdi5\"]"}]}
RESULT: {"script":"<script> [2342 bytes]","args":[{"protocol":"http","hostname":"0.0.0.0","path":"/","capabilities":{"browserName":"chrome","goog:chromeOptions":{"binary":"C:\\Program Files\\Google\\Chrome\\Application\\chrome.exe","args":["--start-maximized"]}},"logLevel":"warn","connectionRetryTimeout":120000,"connectionRetryCount":3,"logLevels":{},"enableDirectConnect":true,"strictSSL":true,"_":"65 more keys: [\"cacheDir\",\"port\",\"requestedCapabilities\",\"automationProtocol\",\"baseUrl\",\"waitforInterval\",\"waitforTimeout\",\"onReload\",\"beforeCommand\",\"afterCommand\",\"rootDir\",\"specs\",\"suites\",\"exclude\",\"groupLogsByTestSpec\",\"excludeDriverLogs\",\"bail\",\"framework\",\"reporters\",\"services\",\"maxInstances\",\"maxInstancesPerCapability\",\"injectGlobals\",\"filesToWatch\",\"execArgv\",\"runnerEnv\",\"runner\",\"shard\",\"specFileRetries\",\"specFileRetriesDelay\",\"specFileRetriesDeferred\",\"reporterSyncInterval\",\"reporterSyncTimeout\",\"cucumberFeaturesWithLineNumbers\",\"autoCompileOpts\",\"mochaOpts\",\"jasmineOpts\",\"cucumberOpts\",\"onPrepare\",\"onWorkerStart\",\"onWorkerEnd\",\"before\",\"beforeSession\",\"beforeSuite\",\"beforeHook\",\"beforeTest\",\"afterTest\",\"afterHook\",\"afterSuite\",\"afterSession\",\"after\",\"onComplete\",\"beforeAssertion\",\"afterAssertion\",\"beforeFeature\",\"beforeScenario\",\"beforeStep\",\"afterStep\",\"afterScenario\",\"afterFeature\",\"_\",\"suite\",\"$0\",\"ignoredWorkerServices\",\"wdi5\"]"}]}
COMMAND: POST /session/48ce7485e2c64a68d867c0ed65041780/execute/async - {"script":"<script> [21126 bytes]","args":[35000]}
RESULT: {"script":"<script> [21126 bytes]","args":[35000]}
COMMAND: POST /session/48ce7485e2c64a68d867c0ed65041780/window/fullscreen - {}
RESULT: {}
COMMAND: POST /session/48ce7485e2c64a68d867c0ed65041780/window/fullscreen - {}
RESULT: {}
COMMAND: POST /session/48ce7485e2c64a68d867c0ed65041780/execute/async - {"script":"<script> [1562 bytes]","args":[{"selector":{"controlType":"sap.m.GenericTile","properties":{"header":"Manage Partners"}},"wdio_ui5_key":"sapm.GenericTile{\"header\":\"Manage Partners\"}"}]}
RESULT: {"script":"<script> [1562 bytes]","args":[{"selector":{"controlType":"sap.m.GenericTile","properties":{"header":"Manage Partners"}},"wdio_ui5_key":"sapm.GenericTile{\"header\":\"Manage Partners\"}"}]}
RESULT: undefined
COMMAND: POST /session/48ce7485e2c64a68d867c0ed65041780/element - {"using":"xpath","value":"//*[@id=\"__tile30\"]"}
RESULT: {"using":"xpath","value":"//*[@id=\"__tile30\"]"}
COMMAND: POST /session/48ce7485e2c64a68d867c0ed65041780/element/f.1999790E03A964CB3378C0A271C2A0DB.d.6342C201259CBCCAB8E156570EDCEF5C.e.4561/click - {}
RESULT: {}
COMMAND: GET /session/48ce7485e2c64a68d867c0ed65041780/screenshot - {}
RESULT: {}
COMMAND: POST /session/48ce7485e2c64a68d867c0ed65041780/elements - {"using":"xpath","value":"//span[text()='Error']"}
RESULT: {"using":"xpath","value":"//span[text()='Error']"}
COMMAND: POST /session/48ce7485e2c64a68d867c0ed65041780/element - {"using":"xpath","value":"//button[@data-kt=\"addButton\"]"}
RESULT: {"using":"xpath","value":"//button[@data-kt=\"addButton\"]"}
COMMAND: POST /session/48ce7485e2c64a68d867c0ed65041780/elements - {"using":"xpath","value":"//button[@data-kt=\"addButton\"]"}
RESULT: {"using":"xpath","value":"//button[@data-kt=\"addButton\"]"}
COMMAND: POST /session/48ce7485e2c64a68d867c0ed65041780/elements - {"using":"xpath","value":"//button[@data-kt=\"addButton\"]"}
RESULT: {"using":"xpath","value":"//button[@data-kt=\"addButton\"]"}
COMMAND: POST /session/48ce7485e2c64a68d867c0ed65041780/elements - {"using":"xpath","value":"//button[@data-kt=\"addButton\"]"}
RESULT: {"using":"xpath","value":"//button[@data-kt=\"addButton\"]"}
COMMAND: POST /session/48ce7485e2c64a68d867c0ed65041780/elements - {"using":"xpath","value":"//button[@data-kt=\"addButton\"]"}
RESULT: {"using":"xpath","value":"//button[@data-kt=\"addButton\"]"}
COMMAND: POST /session/48ce7485e2c64a68d867c0ed65041780/elements - {"using":"xpath","value":"//button[@data-kt=\"addButton\"]"}
RESULT: {"using":"xpath","value":"//button[@data-kt=\"addButton\"]"}
COMMAND: POST /session/48ce7485e2c64a68d867c0ed65041780/elements - {"using":"xpath","value":"//button[@data-kt=\"addButton\"]"}
RESULT: {"using":"xpath","value":"//button[@data-kt=\"addButton\"]"}
COMMAND: POST /session/48ce7485e2c64a68d867c0ed65041780/elements - {"using":"xpath","value":"//button[@data-kt=\"addButton\"]"}
RESULT: {"using":"xpath","value":"//button[@data-kt=\"addButton\"]"}
COMMAND: POST /session/48ce7485e2c64a68d867c0ed65041780/elements - {"using":"xpath","value":"//button[@data-kt=\"addButton\"]"}
RESULT: {"using":"xpath","value":"//button[@data-kt=\"addButton\"]"}
COMMAND: POST /session/48ce7485e2c64a68d867c0ed65041780/elements - {"using":"xpath","value":"//button[@data-kt=\"addButton\"]"}
RESULT: {"using":"xpath","value":"//button[@data-kt=\"addButton\"]"}
COMMAND: POST /session/48ce7485e2c64a68d867c0ed65041780/elements - {"using":"xpath","value":"//button[@data-kt=\"addButton\"]"}
RESULT: {"using":"xpath","value":"//button[@data-kt=\"addButton\"]"}
COMMAND: POST /session/48ce7485e2c64a68d867c0ed65041780/elements - {"using":"xpath","value":"//button[@data-kt=\"addButton\"]"}
RESULT: {"using":"xpath","value":"//button[@data-kt=\"addButton\"]"}
COMMAND: POST /session/48ce7485e2c64a68d867c0ed65041780/elements - {"using":"xpath","value":"//button[@data-kt=\"addButton\"]"}
RESULT: {"using":"xpath","value":"//button[@data-kt=\"addButton\"]"}
COMMAND: POST /session/48ce7485e2c64a68d867c0ed65041780/elements - {"using":"xpath","value":"//button[@data-kt=\"addButton\"]"}
RESULT: {"using":"xpath","value":"//button[@data-kt=\"addButton\"]"}
COMMAND: POST /session/48ce7485e2c64a68d867c0ed65041780/element - {"using":"xpath","value":"//button[@data-kt=\"addButton\"]"}
RESULT: {"using":"xpath","value":"//button[@data-kt=\"addButton\"]"}
COMMAND: POST /session/48ce7485e2c64a68d867c0ed65041780/execute/sync - {"script":"<script> [8489 bytes]","args":[{"element-6066-11e4-a52e-4f735466cecf":"f.1999790E03A964CB3378C0A271C2A0DB.d.6342C201259CBCCAB8E156570EDCEF5C.e.4676","ELEMENT":"f.1999790E03A964CB3378C0A271C2A0DB.d.6342C201259CBCCAB8E156570EDCEF5C.e.4676"}]}
RESULT: {"script":"<script> [8489 bytes]","args":[{"element-6066-11e4-a52e-4f735466cecf":"f.1999790E03A964CB3378C0A271C2A0DB.d.6342C201259CBCCAB8E156570EDCEF5C.e.4676","ELEMENT":"f.1999790E03A964CB3378C0A271C2A0DB.d.6342C201259CBCCAB8E156570EDCEF5C.e.4676"}]}
COMMAND: GET /session/48ce7485e2c64a68d867c0ed65041780/element/f.1999790E03A964CB3378C0A271C2A0DB.d.6342C201259CBCCAB8E156570EDCEF5C.e.4676/enabled - {}
COMMAND: GET /session/48ce7485e2c64a68d867c0ed65041780/screenshot - {}
RESULT: {}
COMMAND: POST /session/48ce7485e2c64a68d867c0ed65041780/execute/sync - {"script":"<script> [8489 bytes]","args":[{"element-6066-11e4-a52e-4f735466cecf":"f.1999790E03A964CB3378C0A271C2A0DB.d.6342C201259CBCCAB8E156570EDCEF5C.e.4676","ELEMENT":"f.1999790E03A964CB3378C0A271C2A0DB.d.6342C201259CBCCAB8E156570EDCEF5C.e.4676"}]}
COMMAND: GET /session/48ce7485e2c64a68d867c0ed65041780/screenshot - {}
RESULT: {}
RESULT: {"script":"<script> [8489 bytes]","args":[{"element-6066-11e4-a52e-4f735466cecf":"f.1999790E03A964CB3378C0A271C2A0DB.d.6342C201259CBCCAB8E156570EDCEF5C.e.4676","ELEMENT":"f.1999790E03A964CB3378C0A271C2A0DB.d.6342C201259CBCCAB8E156570EDCEF5C.e.4676"}]}
COMMAND: POST /session/48ce7485e2c64a68d867c0ed65041780/execute/sync - {"script":"<script> [5351 bytes]","args":[{"element-6066-11e4-a52e-4f735466cecf":"f.1999790E03A964CB3378C0A271C2A0DB.d.6342C201259CBCCAB8E156570EDCEF5C.e.4676","ELEMENT":"f.1999790E03A964CB3378C0A271C2A0DB.d.6342C201259CBCCAB8E156570EDCEF5C.e.4676"}]}
COMMAND: GET /session/48ce7485e2c64a68d867c0ed65041780/screenshot - {}
RESULT: {}
RESULT: {"script":"<script> [5351 bytes]","args":[{"element-6066-11e4-a52e-4f735466cecf":"f.1999790E03A964CB3378C0A271C2A0DB.d.6342C201259CBCCAB8E156570EDCEF5C.e.4676","ELEMENT":"f.1999790E03A964CB3378C0A271C2A0DB.d.6342C201259CBCCAB8E156570EDCEF5C.e.4676"}]}
COMMAND: POST /session/48ce7485e2c64a68d867c0ed65041780/element/f.1999790E03A964CB3378C0A271C2A0DB.d.6342C201259CBCCAB8E156570EDCEF5C.e.4676/click - {}
COMMAND: GET /session/48ce7485e2c64a68d867c0ed65041780/screenshot - {}
RESULT: {}
RESULT: {}
COMMAND: GET /session/48ce7485e2c64a68d867c0ed65041780/screenshot - {}
COMMAND: POST /session/48ce7485e2c64a68d867c0ed65041780/execute/async - {"script":"<script> [1562 bytes]","args":[{"selector":{"id":"application-managepartners-display-component---NewPartner--addressDetailDetailsName1","interaction":{"idSuffix":"inner"}},"wdio_ui5_key":"applicationmanagepartners-display-component---NewPartner--addressDetailDetailsName1"}]}
RESULT: {}
RESULT: {}
RESULT: {"script":"<script> [1562 bytes]","args":[{"selector":{"id":"application-managepartners-display-component---NewPartner--addressDetailDetailsName1","interaction":{"idSuffix":"inner"}},"wdio_ui5_key":"applicationmanagepartners-display-component---NewPartner--addressDetailDetailsName1"}]}
RESULT: undefined
COMMAND: POST /session/48ce7485e2c64a68d867c0ed65041780/execute/async - {"script":"<script> [776 bytes]","args":[{"enterText":"Intracompany Partner WDIO","selector":{"id":"application-managepartners-display-component---NewPartner--addressDetailDetailsName1","interaction":{"idSuffix":"inner"}},"clearTextFirst":true,"interactionType":"ENTER_TEXT"}]}
RESULT: {"script":"<script> [776 bytes]","args":[{"enterText":"Intracompany Partner WDIO","selector":{"id":"application-managepartners-display-component---NewPartner--addressDetailDetailsName1","interaction":{"idSuffix":"inner"}},"clearTextFirst":true,"interactionType":"ENTER_TEXT"}]}
COMMAND: POST /session/48ce7485e2c64a68d867c0ed65041780/execute/async - {"script":"<script> [1562 bytes]","args":[{"selector":{"id":"application-managepartners-display-component---NewPartner--addressDetailDetailsLanguage-arrow"},"wdio_ui5_key":"applicationmanagepartners-display-component---NewPartner--addressDetailDetailsLanguage-arrow"}]}
RESULT: {"script":"<script> [1562 bytes]","args":[{"selector":{"id":"application-managepartners-display-component---NewPartner--addressDetailDetailsLanguage-arrow"},"wdio_ui5_key":"applicationmanagepartners-display-component---NewPartner--addressDetailDetailsLanguage-arrow"}]}
RESULT: undefined
COMMAND: POST /session/48ce7485e2c64a68d867c0ed65041780/element - {"using":"xpath","value":"//*[@id=\"application-managepartners-display-component---NewPartner--addressDetailDetailsLanguage-arrow\"]"}
RESULT: {"using":"xpath","value":"//*[@id=\"application-managepartners-display-component---NewPartner--addressDetailDetailsLanguage-arrow\"]"}
COMMAND: POST /session/48ce7485e2c64a68d867c0ed65041780/element/f.1999790E03A964CB3378C0A271C2A0DB.d.6342C201259CBCCAB8E156570EDCEF5C.e.5130/click - {}
RESULT: {}
COMMAND: POST /session/48ce7485e2c64a68d867c0ed65041780/element - {"using":"xpath","value":"//span[contains(text(), \"English\")]"}
COMMAND: GET /session/48ce7485e2c64a68d867c0ed65041780/screenshot - {}
RESULT: {"using":"xpath","value":"//span[contains(text(), \"English\")]"}
COMMAND: POST /session/48ce7485e2c64a68d867c0ed65041780/element/f.1999790E03A964CB3378C0A271C2A0DB.d.6342C201259CBCCAB8E156570EDCEF5C.e.5131/click - {}
RESULT: {}
RESULT: {}
COMMAND: GET /session/48ce7485e2c64a68d867c0ed65041780/screenshot - {}
RESULT: {}
COMMAND: POST /session/48ce7485e2c64a68d867c0ed65041780/execute/async - {"script":"<script> [1562 bytes]","args":[{"selector":{"id":"application-managepartners-display-component---NewPartner--addressDetailDetailsCity1","interaction":{"idSuffix":"inner"}},"wdio_ui5_key":"applicationmanagepartners-display-component---NewPartner--addressDetailDetailsCity1"}]}
RESULT: {"script":"<script> [1562 bytes]","args":[{"selector":{"id":"application-managepartners-display-component---NewPartner--addressDetailDetailsCity1","interaction":{"idSuffix":"inner"}},"wdio_ui5_key":"applicationmanagepartners-display-component---NewPartner--addressDetailDetailsCity1"}]}
RESULT: undefined
COMMAND: POST /session/48ce7485e2c64a68d867c0ed65041780/execute/async - {"script":"<script> [776 bytes]","args":[{"enterText":"Rosario","selector":{"id":"application-managepartners-display-component---NewPartner--addressDetailDetailsCity1","interaction":{"idSuffix":"inner"}},"clearTextFirst":true,"interactionType":"ENTER_TEXT"}]}
RESULT: {"script":"<script> [776 bytes]","args":[{"enterText":"Rosario","selector":{"id":"application-managepartners-display-component---NewPartner--addressDetailDetailsCity1","interaction":{"idSuffix":"inner"}},"clearTextFirst":true,"interactionType":"ENTER_TEXT"}]}
COMMAND: POST /session/48ce7485e2c64a68d867c0ed65041780/execute/async - {"script":"<script> [1562 bytes]","args":[{"selector":{"id":"application-managepartners-display-component---NewPartner--addressDetailDetailsCountry-arrow"},"wdio_ui5_key":"applicationmanagepartners-display-component---NewPartner--addressDetailDetailsCountry-arrow"}]}
RESULT: {"script":"<script> [1562 bytes]","args":[{"selector":{"id":"application-managepartners-display-component---NewPartner--addressDetailDetailsCountry-arrow"},"wdio_ui5_key":"applicationmanagepartners-display-component---NewPartner--addressDetailDetailsCountry-arrow"}]}
RESULT: undefined
COMMAND: POST /session/48ce7485e2c64a68d867c0ed65041780/element - {"using":"xpath","value":"//*[@id=\"application-managepartners-display-component---NewPartner--addressDetailDetailsCountry-arrow\"]"}
RESULT: {"using":"xpath","value":"//*[@id=\"application-managepartners-display-component---NewPartner--addressDetailDetailsCountry-arrow\"]"}
COMMAND: POST /session/48ce7485e2c64a68d867c0ed65041780/element/f.1999790E03A964CB3378C0A271C2A0DB.d.6342C201259CBCCAB8E156570EDCEF5C.e.5100/click - {}
RESULT: {}
COMMAND: POST /session/48ce7485e2c64a68d867c0ed65041780/element - {"using":"xpath","value":"//span[contains(text(), \"Argentina\")]"}
COMMAND: GET /session/48ce7485e2c64a68d867c0ed65041780/screenshot - {}
RESULT: {"using":"xpath","value":"//span[contains(text(), \"Argentina\")]"}
COMMAND: POST /session/48ce7485e2c64a68d867c0ed65041780/element/f.1999790E03A964CB3378C0A271C2A0DB.d.6342C201259CBCCAB8E156570EDCEF5C.e.5133/click - {}
RESULT: {}
RESULT: {}
COMMAND: GET /session/48ce7485e2c64a68d867c0ed65041780/screenshot - {}
RESULT: {}
COMMAND: POST /session/48ce7485e2c64a68d867c0ed65041780/element - {"using":"xpath","value":"//bdi[contains(text(), \"Commercial\")]"}
RESULT: {"using":"xpath","value":"//bdi[contains(text(), \"Commercial\")]"}
COMMAND: POST /session/48ce7485e2c64a68d867c0ed65041780/element/f.1999790E03A964CB3378C0A271C2A0DB.d.6342C201259CBCCAB8E156570EDCEF5C.e.5134/click - {}
RESULT: {}
COMMAND: GET /session/48ce7485e2c64a68d867c0ed65041780/screenshot - {}
RESULT: {}
COMMAND: POST /session/48ce7485e2c64a68d867c0ed65041780/execute/async - {"script":"<script> [1562 bytes]","args":[{"selector":{"id":"application-managepartners-display-component---NewPartner--partnerDetailInternal-arrow"},"wdio_ui5_key":"applicationmanagepartners-display-component---NewPartner--partnerDetailInternal-arrow"}]}
RESULT: {"script":"<script> [1562 bytes]","args":[{"selector":{"id":"application-managepartners-display-component---NewPartner--partnerDetailInternal-arrow"},"wdio_ui5_key":"applicationmanagepartners-display-component---NewPartner--partnerDetailInternal-arrow"}]}
RESULT: undefined
COMMAND: POST /session/48ce7485e2c64a68d867c0ed65041780/element - {"using":"xpath","value":"//*[@id=\"application-managepartners-display-component---NewPartner--partnerDetailInternal-arrow\"]"}
RESULT: {"using":"xpath","value":"//*[@id=\"application-managepartners-display-component---NewPartner--partnerDetailInternal-arrow\"]"}
COMMAND: POST /session/48ce7485e2c64a68d867c0ed65041780/element/f.1999790E03A964CB3378C0A271C2A0DB.d.6342C201259CBCCAB8E156570EDCEF5C.e.5140/click - {}
RESULT: {}
COMMAND: POST /session/48ce7485e2c64a68d867c0ed65041780/element - {"using":"xpath","value":"//span[contains(text(), \"Affiliated company\")]"}
COMMAND: GET /session/48ce7485e2c64a68d867c0ed65041780/screenshot - {}
RESULT: {"using":"xpath","value":"//span[contains(text(), \"Affiliated company\")]"}
COMMAND: POST /session/48ce7485e2c64a68d867c0ed65041780/element/f.1999790E03A964CB3378C0A271C2A0DB.d.6342C201259CBCCAB8E156570EDCEF5C.e.5143/click - {}
RESULT: {}
RESULT: {}
COMMAND: POST /session/48ce7485e2c64a68d867c0ed65041780/execute/async - {"script":"<script> [1562 bytes]","args":[{"selector":{"id":"application-managepartners-display-component---NewPartner--partnerDetailsCurrency-arrow"},"wdio_ui5_key":"applicationmanagepartners-display-component---NewPartner--partnerDetailsCurrency-arrow"}]}
COMMAND: GET /session/48ce7485e2c64a68d867c0ed65041780/screenshot - {}
RESULT: {"script":"<script> [1562 bytes]","args":[{"selector":{"id":"application-managepartners-display-component---NewPartner--partnerDetailsCurrency-arrow"},"wdio_ui5_key":"applicationmanagepartners-display-component---NewPartner--partnerDetailsCurrency-arrow"}]}
RESULT: undefined
COMMAND: POST /session/48ce7485e2c64a68d867c0ed65041780/element - {"using":"xpath","value":"//*[@id=\"application-managepartners-display-component---NewPartner--partnerDetailsCurrency-arrow\"]"}
RESULT: {}
RESULT: {"using":"xpath","value":"//*[@id=\"application-managepartners-display-component---NewPartner--partnerDetailsCurrency-arrow\"]"}
COMMAND: POST /session/48ce7485e2c64a68d867c0ed65041780/element/f.1999790E03A964CB3378C0A271C2A0DB.d.6342C201259CBCCAB8E156570EDCEF5C.e.5150/click - {}
RESULT: {}
COMMAND: POST /session/48ce7485e2c64a68d867c0ed65041780/element - {"using":"xpath","value":"//span[contains(text(), \"Euro\")]"}
COMMAND: GET /session/48ce7485e2c64a68d867c0ed65041780/screenshot - {}
RESULT: {"using":"xpath","value":"//span[contains(text(), \"Euro\")]"}
COMMAND: POST /session/48ce7485e2c64a68d867c0ed65041780/element/f.1999790E03A964CB3378C0A271C2A0DB.d.6342C201259CBCCAB8E156570EDCEF5C.e.5151/click - {}
RESULT: {}
RESULT: {}
COMMAND: POST /session/48ce7485e2c64a68d867c0ed65041780/execute/async - {"script":"<script> [1562 bytes]","args":[{"selector":{"id":"application-managepartners-display-component---NewPartner--addressEditDetailsCostObjectCstType-arrow"},"wdio_ui5_key":"applicationmanagepartners-display-component---NewPartner--addressEditDetailsCostObjectCstType-arrow"}]}
COMMAND: GET /session/48ce7485e2c64a68d867c0ed65041780/screenshot - {}
RESULT: {"script":"<script> [1562 bytes]","args":[{"selector":{"id":"application-managepartners-display-component---NewPartner--addressEditDetailsCostObjectCstType-arrow"},"wdio_ui5_key":"applicationmanagepartners-display-component---NewPartner--addressEditDetailsCostObjectCstType-arrow"}]}
RESULT: undefined
COMMAND: POST /session/48ce7485e2c64a68d867c0ed65041780/element - {"using":"xpath","value":"//*[@id=\"application-managepartners-display-component---NewPartner--addressEditDetailsCostObjectCstType-arrow\"]"}
RESULT: {}
RESULT: {"using":"xpath","value":"//*[@id=\"application-managepartners-display-component---NewPartner--addressEditDetailsCostObjectCstType-arrow\"]"}
COMMAND: POST /session/48ce7485e2c64a68d867c0ed65041780/element/f.1999790E03A964CB3378C0A271C2A0DB.d.6342C201259CBCCAB8E156570EDCEF5C.e.5152/click - {}
RESULT: {}
COMMAND: POST /session/48ce7485e2c64a68d867c0ed65041780/element - {"using":"xpath","value":"//span[contains(text(), \"Cost Center\")]"}
COMMAND: GET /session/48ce7485e2c64a68d867c0ed65041780/screenshot - {}
RESULT: {"using":"xpath","value":"//span[contains(text(), \"Cost Center\")]"}
COMMAND: POST /session/48ce7485e2c64a68d867c0ed65041780/element/f.1999790E03A964CB3378C0A271C2A0DB.d.6342C201259CBCCAB8E156570EDCEF5C.e.5153/click - {}
RESULT: {}
RESULT: {}
COMMAND: GET /session/48ce7485e2c64a68d867c0ed65041780/screenshot - {}
RESULT: {}
COMMAND: POST /session/48ce7485e2c64a68d867c0ed65041780/element - {"using":"xpath","value":"//span[@id=\"application-managepartners-display-component---NewPartner--addressNewCostObjectCstID-vhi\"]"}
RESULT: {"using":"xpath","value":"//span[@id=\"application-managepartners-display-component---NewPartner--addressNewCostObjectCstID-vhi\"]"}
COMMAND: POST /session/48ce7485e2c64a68d867c0ed65041780/execute/sync - {"script":"<script> [8489 bytes]","args":[{"element-6066-11e4-a52e-4f735466cecf":"f.1999790E03A964CB3378C0A271C2A0DB.d.6342C201259CBCCAB8E156570EDCEF5C.e.5157","ELEMENT":"f.1999790E03A964CB3378C0A271C2A0DB.d.6342C201259CBCCAB8E156570EDCEF5C.e.5157"}]}
RESULT: {"script":"<script> [8489 bytes]","args":[{"element-6066-11e4-a52e-4f735466cecf":"f.1999790E03A964CB3378C0A271C2A0DB.d.6342C201259CBCCAB8E156570EDCEF5C.e.5157","ELEMENT":"f.1999790E03A964CB3378C0A271C2A0DB.d.6342C201259CBCCAB8E156570EDCEF5C.e.5157"}]}
COMMAND: POST /session/48ce7485e2c64a68d867c0ed65041780/execute/async - {"script":"<script> [1562 bytes]","args":[{"selector":{"id":"application-managepartners-display-component---NewPartner--addressNewCostObjectCstID-vhi"},"wdio_ui5_key":"applicationmanagepartners-display-component---NewPartner--addressNewCostObjectCstID-vhi"}]}
COMMAND: GET /session/48ce7485e2c64a68d867c0ed65041780/screenshot - {}
RESULT: {"script":"<script> [1562 bytes]","args":[{"selector":{"id":"application-managepartners-display-component---NewPartner--addressNewCostObjectCstID-vhi"},"wdio_ui5_key":"applicationmanagepartners-display-component---NewPartner--addressNewCostObjectCstID-vhi"}]}
RESULT: undefined
COMMAND: POST /session/48ce7485e2c64a68d867c0ed65041780/element - {"using":"xpath","value":"//*[@id=\"application-managepartners-display-component---NewPartner--addressNewCostObjectCstID-vhi\"]"}
RESULT: {}
RESULT: {"using":"xpath","value":"//*[@id=\"application-managepartners-display-component---NewPartner--addressNewCostObjectCstID-vhi\"]"}
COMMAND: POST /session/48ce7485e2c64a68d867c0ed65041780/element/f.1999790E03A964CB3378C0A271C2A0DB.d.6342C201259CBCCAB8E156570EDCEF5C.e.5157/click - {}
RESULT: {}
COMMAND: GET /session/48ce7485e2c64a68d867c0ed65041780/screenshot - {}
RESULT: {}
COMMAND: POST /session/48ce7485e2c64a68d867c0ed65041780/execute/async - {"script":"<script> [1562 bytes]","args":[{"selector":{"controlType":"sap.m.SearchField","properties":{"placeholder":"Search"},"searchOpenDialogs":true,"interaction":{"idSuffix":"I"}},"wdio_ui5_key":"sapm.SearchField{\"placeholder\":\"Search\"}"}]}
RESULT: {"script":"<script> [1562 bytes]","args":[{"selector":{"controlType":"sap.m.SearchField","properties":{"placeholder":"Search"},"searchOpenDialogs":true,"interaction":{"idSuffix":"I"}},"wdio_ui5_key":"sapm.SearchField{\"placeholder\":\"Search\"}"}]}
RESULT: undefined
COMMAND: POST /session/48ce7485e2c64a68d867c0ed65041780/execute/async - {"script":"<script> [776 bytes]","args":[{"enterText":"10001013","selector":{"controlType":"sap.m.SearchField","properties":{"placeholder":"Search"},"searchOpenDialogs":true,"interaction":{"idSuffix":"I"}},"clearTextFirst":true,"interactionType":"ENTER_TEXT"}]}
RESULT: {"script":"<script> [776 bytes]","args":[{"enterText":"10001013","selector":{"controlType":"sap.m.SearchField","properties":{"placeholder":"Search"},"searchOpenDialogs":true,"interaction":{"idSuffix":"I"}},"clearTextFirst":true,"interactionType":"ENTER_TEXT"}]}
COMMAND: POST /session/48ce7485e2c64a68d867c0ed65041780/actions - {"actions":[{"id":"action12","type":"key","parameters":{},"actions":[{"type":"keyDown","value":""},{"type":"pause","duration":10},{"type":"keyUp","value":""}]}]}
RESULT: {"actions":[{"id":"action12","type":"key","parameters":{},"actions":[{"type":"keyDown","value":""},{"type":"pause","duration":10},{"type":"keyUp","value":""}]}]}
COMMAND: GET /session/48ce7485e2c64a68d867c0ed65041780/screenshot - {}
RESULT: {}
COMMAND: POST /session/48ce7485e2c64a68d867c0ed65041780/element - {"using":"xpath","value":"//span[contains(text(), \"General Management\")]"}
RESULT: {"using":"xpath","value":"//span[contains(text(), \"General Management\")]"}
COMMAND: POST /session/48ce7485e2c64a68d867c0ed65041780/element/f.1999790E03A964CB3378C0A271C2A0DB.d.6342C201259CBCCAB8E156570EDCEF5C.e.5199/click - {}
RESULT: {}
COMMAND: GET /session/48ce7485e2c64a68d867c0ed65041780/screenshot - {}
RESULT: {}
COMMAND: POST /session/48ce7485e2c64a68d867c0ed65041780/element - {"using":"xpath","value":"//bdi[contains(text(), \"OK\")]"}
RESULT: {"using":"xpath","value":"//bdi[contains(text(), \"OK\")]"}
COMMAND: POST /session/48ce7485e2c64a68d867c0ed65041780/element/f.1999790E03A964CB3378C0A271C2A0DB.d.6342C201259CBCCAB8E156570EDCEF5C.e.5200/click - {}
RESULT: {}
COMMAND: GET /session/48ce7485e2c64a68d867c0ed65041780/screenshot - {}
RESULT: {}
COMMAND: POST /session/48ce7485e2c64a68d867c0ed65041780/element - {"using":"xpath","value":"//input[@id=\"application-managepartners-display-component---NewPartner--companyCodeComboBox-inner\"]"}
RESULT: {"using":"xpath","value":"//input[@id=\"application-managepartners-display-component---NewPartner--companyCodeComboBox-inner\"]"}
COMMAND: POST /session/48ce7485e2c64a68d867c0ed65041780/element/f.1999790E03A964CB3378C0A271C2A0DB.d.6342C201259CBCCAB8E156570EDCEF5C.e.4991/clear - {}
RESULT: {}
COMMAND: POST /session/48ce7485e2c64a68d867c0ed65041780/element/f.1999790E03A964CB3378C0A271C2A0DB.d.6342C201259CBCCAB8E156570EDCEF5C.e.4991/value - {"text":"1000"}
COMMAND: GET /session/48ce7485e2c64a68d867c0ed65041780/screenshot - {}
RESULT: {"text":"1000"}
COMMAND: GET /session/48ce7485e2c64a68d867c0ed65041780/screenshot - {}
RESULT: {}
RESULT: {}
COMMAND: POST /session/48ce7485e2c64a68d867c0ed65041780/element - {"using":"xpath","value":"//li[.//span[text()= \"1000\"]]"}
RESULT: {"using":"xpath","value":"//li[.//span[text()= \"1000\"]]"}
COMMAND: POST /session/48ce7485e2c64a68d867c0ed65041780/element/f.1999790E03A964CB3378C0A271C2A0DB.d.6342C201259CBCCAB8E156570EDCEF5C.e.5206/click - {}
RESULT: {}
COMMAND: GET /session/48ce7485e2c64a68d867c0ed65041780/screenshot - {}
RESULT: {}
COMMAND: POST /session/48ce7485e2c64a68d867c0ed65041780/execute/async - {"script":"<script> [1562 bytes]","args":[{"selector":{"id":"application-managepartners-display-component---NewPartner--btnAddTableRow-img"},"wdio_ui5_key":"applicationmanagepartners-display-component---NewPartner--btnAddTableRow-img"}]}
RESULT: {"script":"<script> [1562 bytes]","args":[{"selector":{"id":"application-managepartners-display-component---NewPartner--btnAddTableRow-img"},"wdio_ui5_key":"applicationmanagepartners-display-component---NewPartner--btnAddTableRow-img"}]}
RESULT: undefined
COMMAND: POST /session/48ce7485e2c64a68d867c0ed65041780/element - {"using":"xpath","value":"//*[@id=\"application-managepartners-display-component---NewPartner--btnAddTableRow-img\"]"}
RESULT: {"using":"xpath","value":"//*[@id=\"application-managepartners-display-component---NewPartner--btnAddTableRow-img\"]"}
COMMAND: POST /session/48ce7485e2c64a68d867c0ed65041780/element/f.1999790E03A964CB3378C0A271C2A0DB.d.6342C201259CBCCAB8E156570EDCEF5C.e.5207/click - {}
RESULT: {}
COMMAND: GET /session/48ce7485e2c64a68d867c0ed65041780/screenshot - {}
RESULT: {}
COMMAND: POST /session/48ce7485e2c64a68d867c0ed65041780/element - {"using":"xpath","value":"//input[@id=\"application-managepartners-display-component---NewPartner--assignmentYard-application-managepartners-display-component---NewPartner--assignmentsTable-0-inner\"]"}
RESULT: {"using":"xpath","value":"//input[@id=\"application-managepartners-display-component---NewPartner--assignmentYard-application-managepartners-display-component---NewPartner--assignmentsTable-0-inner\"]"}
COMMAND: POST /session/48ce7485e2c64a68d867c0ed65041780/element/f.1999790E03A964CB3378C0A271C2A0DB.d.6342C201259CBCCAB8E156570EDCEF5C.e.5210/clear - {}
RESULT: {}
COMMAND: POST /session/48ce7485e2c64a68d867c0ed65041780/element/f.1999790E03A964CB3378C0A271C2A0DB.d.6342C201259CBCCAB8E156570EDCEF5C.e.5210/value - {"text":"282"}
COMMAND: GET /session/48ce7485e2c64a68d867c0ed65041780/screenshot - {}
RESULT: {"text":"282"}
COMMAND: GET /session/48ce7485e2c64a68d867c0ed65041780/screenshot - {}
RESULT: {}
RESULT: {}
COMMAND: POST /session/48ce7485e2c64a68d867c0ed65041780/element - {"using":"xpath","value":"//li[.//span[text()='282']]"}
RESULT: {"using":"xpath","value":"//li[.//span[text()='282']]"}
COMMAND: POST /session/48ce7485e2c64a68d867c0ed65041780/element/f.1999790E03A964CB3378C0A271C2A0DB.d.6342C201259CBCCAB8E156570EDCEF5C.e.5219/click - {}
RESULT: {}
COMMAND: GET /session/48ce7485e2c64a68d867c0ed65041780/screenshot - {}
RESULT: {}
COMMAND: POST /session/48ce7485e2c64a68d867c0ed65041780/actions - {"actions":[{"id":"action13","type":"key","parameters":{},"actions":[{"type":"keyDown","value":""},{"type":"pause","duration":10},{"type":"keyUp","value":""}]}]}
RESULT: {"actions":[{"id":"action13","type":"key","parameters":{},"actions":[{"type":"keyDown","value":""},{"type":"pause","duration":10},{"type":"keyUp","value":""}]}]}
COMMAND: POST /session/48ce7485e2c64a68d867c0ed65041780/execute/async - {"script":"<script> [1562 bytes]","args":[{"selector":{"id":"application-managepartners-display-component---NewPartner--externalCustomerComboBox-application-managepartners-display-component---NewPartner--assignmentsTable-0-vhi"},"wdio_ui5_key":"applicationmanagepartners-display-component---NewPartner--externalCustomerComboBox-application-managepartners-display-component---NewPartner--assignmentsTable-0-vhi"}]}
COMMAND: GET /session/48ce7485e2c64a68d867c0ed65041780/screenshot - {}
RESULT: {"script":"<script> [1562 bytes]","args":[{"selector":{"id":"application-managepartners-display-component---NewPartner--externalCustomerComboBox-application-managepartners-display-component---NewPartner--assignmentsTable-0-vhi"},"wdio_ui5_key":"applicationmanagepartners-display-component---NewPartner--externalCustomerComboBox-application-managepartners-display-component---NewPartner--assignmentsTable-0-vhi"}]}
RESULT: undefined
COMMAND: POST /session/48ce7485e2c64a68d867c0ed65041780/element - {"using":"xpath","value":"//*[@id=\"application-managepartners-display-component---NewPartner--externalCustomerComboBox-application-managepartners-display-component---NewPartner--assignmentsTable-0-vhi\"]"}
RESULT: {}
RESULT: {"using":"xpath","value":"//*[@id=\"application-managepartners-display-component---NewPartner--externalCustomerComboBox-application-managepartners-display-component---NewPartner--assignmentsTable-0-vhi\"]"}
COMMAND: POST /session/48ce7485e2c64a68d867c0ed65041780/element/f.1999790E03A964CB3378C0A271C2A0DB.d.6342C201259CBCCAB8E156570EDCEF5C.e.5223/click - {}
RESULT: {}
RESULT: undefined
COMMAND: POST /session/48ce7485e2c64a68d867c0ed65041780/execute/async - {"script":"<script> [776 bytes]","args":[{"enterText":"300003","selector":{"controlType":"sap.m.SearchField","properties":{"placeholder":"Search"},"searchOpenDialogs":true,"interaction":{"idSuffix":"I"}},"clearTextFirst":true,"interactionType":"ENTER_TEXT"}]}
COMMAND: GET /session/48ce7485e2c64a68d867c0ed65041780/screenshot - {}
RESULT: {"script":"<script> [776 bytes]","args":[{"enterText":"300003","selector":{"controlType":"sap.m.SearchField","properties":{"placeholder":"Search"},"searchOpenDialogs":true,"interaction":{"idSuffix":"I"}},"clearTextFirst":true,"interactionType":"ENTER_TEXT"}]}
COMMAND: POST /session/48ce7485e2c64a68d867c0ed65041780/actions - {"actions":[{"id":"action14","type":"key","parameters":{},"actions":[{"type":"keyDown","value":""},{"type":"pause","duration":10},{"type":"keyUp","value":""}]}]}
RESULT: {}
RESULT: {"actions":[{"id":"action14","type":"key","parameters":{},"actions":[{"type":"keyDown","value":""},{"type":"pause","duration":10},{"type":"keyUp","value":""}]}]}
COMMAND: GET /session/48ce7485e2c64a68d867c0ed65041780/screenshot - {}
RESULT: {}
COMMAND: POST /session/48ce7485e2c64a68d867c0ed65041780/element - {"using":"xpath","value":"//span[contains(text(), \"300003\")]"}
RESULT: {"using":"xpath","value":"//span[contains(text(), \"300003\")]"}
COMMAND: POST /session/48ce7485e2c64a68d867c0ed65041780/element/f.1999790E03A964CB3378C0A271C2A0DB.d.6342C201259CBCCAB8E156570EDCEF5C.e.5240/click - {}
RESULT: {}
COMMAND: GET /session/48ce7485e2c64a68d867c0ed65041780/screenshot - {}
RESULT: {}
COMMAND: POST /session/48ce7485e2c64a68d867c0ed65041780/element - {"using":"xpath","value":"//bdi[contains(text(), \"OK\")]"}
RESULT: {"using":"xpath","value":"//bdi[contains(text(), \"OK\")]"}
COMMAND: POST /session/48ce7485e2c64a68d867c0ed65041780/element/f.1999790E03A964CB3378C0A271C2A0DB.d.6342C201259CBCCAB8E156570EDCEF5C.e.5242/click - {}
RESULT: {}
COMMAND: GET /session/48ce7485e2c64a68d867c0ed65041780/screenshot - {}
RESULT: {}
COMMAND: POST /session/48ce7485e2c64a68d867c0ed65041780/execute/async - {"script":"<script> [1562 bytes]","args":[{"selector":{"id":"application-managepartners-display-component---NewPartner--intercompVendorComboBox-application-managepartners-display-component---NewPartner--assignmentsTable-0-vhi"},"wdio_ui5_key":"applicationmanagepartners-display-component---NewPartner--intercompVendorComboBox-application-managepartners-display-component---NewPartner--assignmentsTable-0-vhi"}]}
RESULT: {"script":"<script> [1562 bytes]","args":[{"selector":{"id":"application-managepartners-display-component---NewPartner--intercompVendorComboBox-application-managepartners-display-component---NewPartner--assignmentsTable-0-vhi"},"wdio_ui5_key":"applicationmanagepartners-display-component---NewPartner--intercompVendorComboBox-application-managepartners-display-component---NewPartner--assignmentsTable-0-vhi"}]}
RESULT: undefined
COMMAND: POST /session/48ce7485e2c64a68d867c0ed65041780/element - {"using":"xpath","value":"//*[@id=\"application-managepartners-display-component---NewPartner--intercompVendorComboBox-application-managepartners-display-component---NewPartner--assignmentsTable-0-vhi\"]"}
RESULT: {"using":"xpath","value":"//*[@id=\"application-managepartners-display-component---NewPartner--intercompVendorComboBox-application-managepartners-display-component---NewPartner--assignmentsTable-0-vhi\"]"}
COMMAND: POST /session/48ce7485e2c64a68d867c0ed65041780/element/f.1999790E03A964CB3378C0A271C2A0DB.d.6342C201259CBCCAB8E156570EDCEF5C.e.5245/click - {}
RESULT: {}
RESULT: undefined
COMMAND: POST /session/48ce7485e2c64a68d867c0ed65041780/execute/async - {"script":"<script> [776 bytes]","args":[{"enterText":"100005","selector":{"controlType":"sap.m.SearchField","properties":{"placeholder":"Search"},"searchOpenDialogs":true,"interaction":{"idSuffix":"I"}},"clearTextFirst":true,"interactionType":"ENTER_TEXT"}]}
COMMAND: GET /session/48ce7485e2c64a68d867c0ed65041780/screenshot - {}
RESULT: {}
RESULT: {"script":"<script> [776 bytes]","args":[{"enterText":"100005","selector":{"controlType":"sap.m.SearchField","properties":{"placeholder":"Search"},"searchOpenDialogs":true,"interaction":{"idSuffix":"I"}},"clearTextFirst":true,"interactionType":"ENTER_TEXT"}]}
COMMAND: POST /session/48ce7485e2c64a68d867c0ed65041780/actions - {"actions":[{"id":"action15","type":"key","parameters":{},"actions":[{"type":"keyDown","value":""},{"type":"pause","duration":10},{"type":"keyUp","value":""}]}]}
RESULT: {"actions":[{"id":"action15","type":"key","parameters":{},"actions":[{"type":"keyDown","value":""},{"type":"pause","duration":10},{"type":"keyUp","value":""}]}]}
COMMAND: GET /session/48ce7485e2c64a68d867c0ed65041780/screenshot - {}
RESULT: {}
COMMAND: POST /session/48ce7485e2c64a68d867c0ed65041780/element - {"using":"xpath","value":"//span[contains(text(), \"Penguins - Field/12345 Berlin\")]"}
RESULT: {"using":"xpath","value":"//span[contains(text(), \"Penguins - Field/12345 Berlin\")]"}
COMMAND: POST /session/48ce7485e2c64a68d867c0ed65041780/element/f.1999790E03A964CB3378C0A271C2A0DB.d.6342C201259CBCCAB8E156570EDCEF5C.e.5262/click - {}
RESULT: {}
COMMAND: GET /session/48ce7485e2c64a68d867c0ed65041780/screenshot - {}
RESULT: {}
COMMAND: POST /session/48ce7485e2c64a68d867c0ed65041780/element - {"using":"xpath","value":"//bdi[contains(text(), \"OK\")]"}
RESULT: {"using":"xpath","value":"//bdi[contains(text(), \"OK\")]"}
COMMAND: POST /session/48ce7485e2c64a68d867c0ed65041780/element/f.1999790E03A964CB3378C0A271C2A0DB.d.6342C201259CBCCAB8E156570EDCEF5C.e.5263/click - {}
RESULT: {}
COMMAND: GET /session/48ce7485e2c64a68d867c0ed65041780/screenshot - {}
RESULT: {}
COMMAND: POST /session/48ce7485e2c64a68d867c0ed65041780/element - {"using":"xpath","value":"//button[@data-kt=\"saveButton\"]"}
RESULT: {"using":"xpath","value":"//button[@data-kt=\"saveButton\"]"}
COMMAND: POST /session/48ce7485e2c64a68d867c0ed65041780/element/f.1999790E03A964CB3378C0A271C2A0DB.d.6342C201259CBCCAB8E156570EDCEF5C.e.5058/click - {}
RESULT: {}
COMMAND: GET /session/48ce7485e2c64a68d867c0ed65041780/screenshot - {}
RESULT: {}
COMMAND: POST /session/48ce7485e2c64a68d867c0ed65041780/element - {"using":"xpath","value":"//header[contains(@id, 'ObjectPageLayout-headerTitle')]/div[1]/div[2]/div[2]/span[1]"}
RESULT: {"using":"xpath","value":"//header[contains(@id, 'ObjectPageLayout-headerTitle')]/div[1]/div[2]/div[2]/span[1]"}
COMMAND: POST /session/48ce7485e2c64a68d867c0ed65041780/elements - {"using":"xpath","value":"//header[contains(@id, 'ObjectPageLayout-headerTitle')]/div[1]/div[2]/div[2]/span[1]"}
RESULT: {"using":"xpath","value":"//header[contains(@id, 'ObjectPageLayout-headerTitle')]/div[1]/div[2]/div[2]/span[1]"}
COMMAND: POST /session/48ce7485e2c64a68d867c0ed65041780/execute/sync - {"script":"<script> [56 bytes]","args":[{"element-6066-11e4-a52e-4f735466cecf":"f.1999790E03A964CB3378C0A271C2A0DB.d.6342C201259CBCCAB8E156570EDCEF5C.e.5427","ELEMENT":"f.1999790E03A964CB3378C0A271C2A0DB.d.6342C201259CBCCAB8E156570EDCEF5C.e.5427"}]}
RESULT: {"script":"<script> [56 bytes]","args":[{"element-6066-11e4-a52e-4f735466cecf":"f.1999790E03A964CB3378C0A271C2A0DB.d.6342C201259CBCCAB8E156570EDCEF5C.e.5427","ELEMENT":"f.1999790E03A964CB3378C0A271C2A0DB.d.6342C201259CBCCAB8E156570EDCEF5C.e.5427"}]}
COMMAND: POST /session/48ce7485e2c64a68d867c0ed65041780/element - {"using":"css selector","value":"#shell-header-logo"}
COMMAND: GET /session/48ce7485e2c64a68d867c0ed65041780/screenshot - {}
RESULT: {"using":"css selector","value":"#shell-header-logo"}
COMMAND: POST /session/48ce7485e2c64a68d867c0ed65041780/element/f.1999790E03A964CB3378C0A271C2A0DB.d.6342C201259CBCCAB8E156570EDCEF5C.e.4641/click - {}
RESULT: {}
RESULT: {}
COMMAND: GET /session/48ce7485e2c64a68d867c0ed65041780/screenshot - {}
RESULT: {}
COMMAND: POST /session/48ce7485e2c64a68d867c0ed65041780/execute/sync - {"script":"<script> [299 bytes]","args":[["getModel","getResource"]]}
RESULT: {"script":"<script> [299 bytes]","args":[["getModel","getResource"]]}
RESULT: undefined
COMMAND: POST /session/48ce7485e2c64a68d867c0ed65041780/element - {"using":"xpath","value":"//*[@id=\"__tile30\"]"}
COMMAND: GET /session/48ce7485e2c64a68d867c0ed65041780/screenshot - {}
RESULT: {"using":"xpath","value":"//*[@id=\"__tile30\"]"}
COMMAND: POST /session/48ce7485e2c64a68d867c0ed65041780/element/f.1999790E03A964CB3378C0A271C2A0DB.d.6342C201259CBCCAB8E156570EDCEF5C.e.4561/click - {}
RESULT: {}
RESULT: {}
COMMAND: GET /session/48ce7485e2c64a68d867c0ed65041780/screenshot - {}
RESULT: {}
COMMAND: POST /session/48ce7485e2c64a68d867c0ed65041780/elements - {"using":"xpath","value":"//span[text()='Error']"}
RESULT: {"using":"xpath","value":"//span[text()='Error']"}
COMMAND: POST /session/48ce7485e2c64a68d867c0ed65041780/element - {"using":"xpath","value":"//button[@data-kt=\"addButton\"]"}
RESULT: {"using":"xpath","value":"//button[@data-kt=\"addButton\"]"}
COMMAND: POST /session/48ce7485e2c64a68d867c0ed65041780/elements - {"using":"xpath","value":"//button[@data-kt=\"addButton\"]"}
RESULT: {"using":"xpath","value":"//button[@data-kt=\"addButton\"]"}
COMMAND: POST /session/48ce7485e2c64a68d867c0ed65041780/execute/sync - {"script":"<script> [8489 bytes]","args":[{"element-6066-11e4-a52e-4f735466cecf":"f.1999790E03A964CB3378C0A271C2A0DB.d.6342C201259CBCCAB8E156570EDCEF5C.e.5474","ELEMENT":"f.1999790E03A964CB3378C0A271C2A0DB.d.6342C201259CBCCAB8E156570EDCEF5C.e.5474"}]}
RESULT: {"script":"<script> [8489 bytes]","args":[{"element-6066-11e4-a52e-4f735466cecf":"f.1999790E03A964CB3378C0A271C2A0DB.d.6342C201259CBCCAB8E156570EDCEF5C.e.5474","ELEMENT":"f.1999790E03A964CB3378C0A271C2A0DB.d.6342C201259CBCCAB8E156570EDCEF5C.e.5474"}]}
COMMAND: GET /session/48ce7485e2c64a68d867c0ed65041780/element/f.1999790E03A964CB3378C0A271C2A0DB.d.6342C201259CBCCAB8E156570EDCEF5C.e.5474/enabled - {}
COMMAND: GET /session/48ce7485e2c64a68d867c0ed65041780/screenshot - {}
RESULT: {}
COMMAND: POST /session/48ce7485e2c64a68d867c0ed65041780/execute/sync - {"script":"<script> [8489 bytes]","args":[{"element-6066-11e4-a52e-4f735466cecf":"f.1999790E03A964CB3378C0A271C2A0DB.d.6342C201259CBCCAB8E156570EDCEF5C.e.5474","ELEMENT":"f.1999790E03A964CB3378C0A271C2A0DB.d.6342C201259CBCCAB8E156570EDCEF5C.e.5474"}]}
COMMAND: GET /session/48ce7485e2c64a68d867c0ed65041780/screenshot - {}
RESULT: {}
RESULT: {"script":"<script> [8489 bytes]","args":[{"element-6066-11e4-a52e-4f735466cecf":"f.1999790E03A964CB3378C0A271C2A0DB.d.6342C201259CBCCAB8E156570EDCEF5C.e.5474","ELEMENT":"f.1999790E03A964CB3378C0A271C2A0DB.d.6342C201259CBCCAB8E156570EDCEF5C.e.5474"}]}
COMMAND: POST /session/48ce7485e2c64a68d867c0ed65041780/execute/sync - {"script":"<script> [5351 bytes]","args":[{"element-6066-11e4-a52e-4f735466cecf":"f.1999790E03A964CB3378C0A271C2A0DB.d.6342C201259CBCCAB8E156570EDCEF5C.e.5474","ELEMENT":"f.1999790E03A964CB3378C0A271C2A0DB.d.6342C201259CBCCAB8E156570EDCEF5C.e.5474"}]}
COMMAND: GET /session/48ce7485e2c64a68d867c0ed65041780/screenshot - {}
RESULT: {}
RESULT: {"script":"<script> [5351 bytes]","args":[{"element-6066-11e4-a52e-4f735466cecf":"f.1999790E03A964CB3378C0A271C2A0DB.d.6342C201259CBCCAB8E156570EDCEF5C.e.5474","ELEMENT":"f.1999790E03A964CB3378C0A271C2A0DB.d.6342C201259CBCCAB8E156570EDCEF5C.e.5474"}]}
COMMAND: GET /session/48ce7485e2c64a68d867c0ed65041780/screenshot - {}
RESULT: {}
RESULT: {}
COMMAND: POST /session/48ce7485e2c64a68d867c0ed65041780/execute/async - {"script":"<script> [1562 bytes]","args":[{"selector":{"id":"application-managepartners-display-component---masterPtm--smartFilterBar-btnBasicSearch","interaction":{"idSuffix":"I"}},"wdio_ui5_key":"applicationmanagepartners-display-component---masterPtm--smartFilterBar-btnBasicSearch"}]}
RESULT: {"script":"<script> [1562 bytes]","args":[{"selector":{"id":"application-managepartners-display-component---masterPtm--smartFilterBar-btnBasicSearch","interaction":{"idSuffix":"I"}},"wdio_ui5_key":"applicationmanagepartners-display-component---masterPtm--smartFilterBar-btnBasicSearch"}]}
RESULT: undefined
COMMAND: POST /session/48ce7485e2c64a68d867c0ed65041780/execute/async - {"script":"<script> [776 bytes]","args":[{"enterText":"1129","selector":{"id":"application-managepartners-display-component---masterPtm--smartFilterBar-btnBasicSearch","interaction":{"idSuffix":"I"}},"clearTextFirst":true,"interactionType":"ENTER_TEXT"}]}
RESULT: {"script":"<script> [776 bytes]","args":[{"enterText":"1129","selector":{"id":"application-managepartners-display-component---masterPtm--smartFilterBar-btnBasicSearch","interaction":{"idSuffix":"I"}},"clearTextFirst":true,"interactionType":"ENTER_TEXT"}]}
COMMAND: POST /session/48ce7485e2c64a68d867c0ed65041780/actions - {"actions":[{"id":"action16","type":"key","parameters":{},"actions":[{"type":"keyDown","value":""},{"type":"pause","duration":10},{"type":"keyUp","value":""}]}]}
RESULT: {"actions":[{"id":"action16","type":"key","parameters":{},"actions":[{"type":"keyDown","value":""},{"type":"pause","duration":10},{"type":"keyUp","value":""}]}]}
COMMAND: GET /session/48ce7485e2c64a68d867c0ed65041780/screenshot - {}
RESULT: {}
COMMAND: POST /session/48ce7485e2c64a68d867c0ed65041780/elements - {"using":"xpath","value":"//table[contains(@id, \"customPartnersTable-listUl\")]/tbody/tr"}
RESULT: {"using":"xpath","value":"//table[contains(@id, \"customPartnersTable-listUl\")]/tbody/tr"}
COMMAND: POST /session/48ce7485e2c64a68d867c0ed65041780/element - {"using":"xpath","value":"//table[contains(@id, \"customPartnersTable-listUl\")]/tbody/tr[1]/td[3]/span"}
RESULT: {"using":"xpath","value":"//table[contains(@id, \"customPartnersTable-listUl\")]/tbody/tr[1]/td[3]/span"}
COMMAND: POST /session/48ce7485e2c64a68d867c0ed65041780/elements - {"using":"xpath","value":"//table[contains(@id, \"customPartnersTable-listUl\")]/tbody/tr[1]/td[3]/span"}
RESULT: {"using":"xpath","value":"//table[contains(@id, \"customPartnersTable-listUl\")]/tbody/tr[1]/td[3]/span"}
COMMAND: POST /session/48ce7485e2c64a68d867c0ed65041780/execute/sync - {"script":"<script> [56 bytes]","args":[{"element-6066-11e4-a52e-4f735466cecf":"f.1999790E03A964CB3378C0A271C2A0DB.d.6342C201259CBCCAB8E156570EDCEF5C.e.5610","ELEMENT":"f.1999790E03A964CB3378C0A271C2A0DB.d.6342C201259CBCCAB8E156570EDCEF5C.e.5610"}]}
RESULT: {"script":"<script> [56 bytes]","args":[{"element-6066-11e4-a52e-4f735466cecf":"f.1999790E03A964CB3378C0A271C2A0DB.d.6342C201259CBCCAB8E156570EDCEF5C.e.5610","ELEMENT":"f.1999790E03A964CB3378C0A271C2A0DB.d.6342C201259CBCCAB8E156570EDCEF5C.e.5610"}]}
COMMAND: POST /session/48ce7485e2c64a68d867c0ed65041780/element - {"using":"xpath","value":"(//span[contains(@id, \"imgNav\")])[1]"}
COMMAND: GET /session/48ce7485e2c64a68d867c0ed65041780/screenshot - {}
RESULT: {"using":"xpath","value":"(//span[contains(@id, \"imgNav\")])[1]"}
COMMAND: POST /session/48ce7485e2c64a68d867c0ed65041780/element/f.1999790E03A964CB3378C0A271C2A0DB.d.6342C201259CBCCAB8E156570EDCEF5C.e.5608/click - {}
RESULT: {}
RESULT: {}
COMMAND: GET /session/48ce7485e2c64a68d867c0ed65041780/screenshot - {}
RESULT: {}
COMMAND: POST /session/48ce7485e2c64a68d867c0ed65041780/element - {"using":"xpath","value":"//bdi[contains(text(), \"Edit\")]"}
RESULT: {"using":"xpath","value":"//bdi[contains(text(), \"Edit\")]"}
COMMAND: POST /session/48ce7485e2c64a68d867c0ed65041780/element/f.1999790E03A964CB3378C0A271C2A0DB.d.6342C201259CBCCAB8E156570EDCEF5C.e.5755/click - {}
RESULT: {}
COMMAND: GET /session/48ce7485e2c64a68d867c0ed65041780/screenshot - {}
RESULT: {}
COMMAND: POST /session/48ce7485e2c64a68d867c0ed65041780/execute/async - {"script":"<script> [1562 bytes]","args":[{"selector":{"controlType":"sap.m.Input","viewName":"etm.portal.ui.managepartners.view.EditDetail","labelFor":{"text":"Name"},"interaction":{"idSuffix":"inner"}},"wdio_ui5_key":"etmportal.ui.managepartners.view.EditDetailsap.m.Input{\"text\":\"Name\"}"}]}
RESULT: {"script":"<script> [1562 bytes]","args":[{"selector":{"controlType":"sap.m.Input","viewName":"etm.portal.ui.managepartners.view.EditDetail","labelFor":{"text":"Name"},"interaction":{"idSuffix":"inner"}},"wdio_ui5_key":"etmportal.ui.managepartners.view.EditDetailsap.m.Input{\"text\":\"Name\"}"}]}
RESULT: undefined
COMMAND: POST /session/48ce7485e2c64a68d867c0ed65041780/execute/async - {"script":"<script> [776 bytes]","args":[{"enterText":"Intracompany EDIT","selector":{"controlType":"sap.m.Input","viewName":"etm.portal.ui.managepartners.view.EditDetail","labelFor":{"text":"Name"},"interaction":{"idSuffix":"inner"}},"clearTextFirst":true,"interactionType":"ENTER_TEXT"}]}
RESULT: {"script":"<script> [776 bytes]","args":[{"enterText":"Intracompany EDIT","selector":{"controlType":"sap.m.Input","viewName":"etm.portal.ui.managepartners.view.EditDetail","labelFor":{"text":"Name"},"interaction":{"idSuffix":"inner"}},"clearTextFirst":true,"interactionType":"ENTER_TEXT"}]}
COMMAND: POST /session/48ce7485e2c64a68d867c0ed65041780/element - {"using":"xpath","value":"(//span[contains(@id,\"addressDetailDetailsLanguage-arrow\")])[1]"}
RESULT: {"using":"xpath","value":"(//span[contains(@id,\"addressDetailDetailsLanguage-arrow\")])[1]"}
COMMAND: POST /session/48ce7485e2c64a68d867c0ed65041780/element/f.1999790E03A964CB3378C0A271C2A0DB.d.6342C201259CBCCAB8E156570EDCEF5C.e.5839/click - {}
RESULT: {}
COMMAND: POST /session/48ce7485e2c64a68d867c0ed65041780/element - {"using":"xpath","value":"//span[contains(text(), \"Chinese\")]"}
COMMAND: GET /session/48ce7485e2c64a68d867c0ed65041780/screenshot - {}
RESULT: {"using":"xpath","value":"//span[contains(text(), \"Chinese\")]"}
COMMAND: POST /session/48ce7485e2c64a68d867c0ed65041780/element/f.1999790E03A964CB3378C0A271C2A0DB.d.6342C201259CBCCAB8E156570EDCEF5C.e.5840/click - {}
RESULT: {}
RESULT: {}
COMMAND: GET /session/48ce7485e2c64a68d867c0ed65041780/screenshot - {}
RESULT: {}
COMMAND: POST /session/48ce7485e2c64a68d867c0ed65041780/execute/async - {"script":"<script> [1562 bytes]","args":[{"selector":{"controlType":"sap.m.Input","viewName":"etm.portal.ui.managepartners.view.EditDetail","labelFor":{"text":"City"},"interaction":{"idSuffix":"inner"}},"wdio_ui5_key":"etmportal.ui.managepartners.view.EditDetailsap.m.Input{\"text\":\"City\"}"}]}
RESULT: {"script":"<script> [1562 bytes]","args":[{"selector":{"controlType":"sap.m.Input","viewName":"etm.portal.ui.managepartners.view.EditDetail","labelFor":{"text":"City"},"interaction":{"idSuffix":"inner"}},"wdio_ui5_key":"etmportal.ui.managepartners.view.EditDetailsap.m.Input{\"text\":\"City\"}"}]}
RESULT: undefined
COMMAND: POST /session/48ce7485e2c64a68d867c0ed65041780/execute/async - {"script":"<script> [776 bytes]","args":[{"enterText":"Clooj-Napoca","selector":{"controlType":"sap.m.Input","viewName":"etm.portal.ui.managepartners.view.EditDetail","labelFor":{"text":"City"},"interaction":{"idSuffix":"inner"}},"clearTextFirst":true,"interactionType":"ENTER_TEXT"}]}
RESULT: {"script":"<script> [776 bytes]","args":[{"enterText":"Clooj-Napoca","selector":{"controlType":"sap.m.Input","viewName":"etm.portal.ui.managepartners.view.EditDetail","labelFor":{"text":"City"},"interaction":{"idSuffix":"inner"}},"clearTextFirst":true,"interactionType":"ENTER_TEXT"}]}
COMMAND: POST /session/48ce7485e2c64a68d867c0ed65041780/element - {"using":"xpath","value":"//button[@data-kt=\"saveButton\"]"}
RESULT: {"using":"xpath","value":"//button[@data-kt=\"saveButton\"]"}
COMMAND: POST /session/48ce7485e2c64a68d867c0ed65041780/element/f.1999790E03A964CB3378C0A271C2A0DB.d.6342C201259CBCCAB8E156570EDCEF5C.e.5817/click - {}
RESULT: {}
COMMAND: GET /session/48ce7485e2c64a68d867c0ed65041780/screenshot - {}
RESULT: {}
COMMAND: POST /session/48ce7485e2c64a68d867c0ed65041780/execute/async - {"script":"<script> [1562 bytes]","args":[{"selector":{"id":"application-managepartners-display-component---detailPtm--addressDetailDetailsName1"},"wdio_ui5_key":"applicationmanagepartners-display-component---detailPtm--addressDetailDetailsName1"}]}
RESULT: {"script":"<script> [1562 bytes]","args":[{"selector":{"id":"application-managepartners-display-component---detailPtm--addressDetailDetailsName1"},"wdio_ui5_key":"applicationmanagepartners-display-component---detailPtm--addressDetailDetailsName1"}]}
RESULT: undefined
COMMAND: POST /session/48ce7485e2c64a68d867c0ed65041780/execute/async - {"script":"<script> [6424 bytes]","args":[{"element-6066-11e4-a52e-4f735466cecf":"f.1999790E03A964CB3378C0A271C2A0DB.d.6342C201259CBCCAB8E156570EDCEF5C.e.5871"},"getValue",[]]}
RESULT: {"script":"<script> [6424 bytes]","args":[{"element-6066-11e4-a52e-4f735466cecf":"f.1999790E03A964CB3378C0A271C2A0DB.d.6342C201259CBCCAB8E156570EDCEF5C.e.5871"},"getValue",[]]}
COMMAND: POST /session/48ce7485e2c64a68d867c0ed65041780/element - {"using":"xpath","value":"//input[@id = \"application-managepartners-display-component---detailPtm--addressDetailDetailsLanguage-inner\"]"}
RESULT: {"using":"xpath","value":"//input[@id = \"application-managepartners-display-component---detailPtm--addressDetailDetailsLanguage-inner\"]"}
COMMAND: GET /session/48ce7485e2c64a68d867c0ed65041780/element/f.1999790E03A964CB3378C0A271C2A0DB.d.6342C201259CBCCAB8E156570EDCEF5C.e.5872/property/value - {}
RESULT: {}
COMMAND: POST /session/48ce7485e2c64a68d867c0ed65041780/execute/async - {"script":"<script> [1562 bytes]","args":[{"selector":{"id":"application-managepartners-display-component---detailPtm--addressDetailDetailsCity1"},"wdio_ui5_key":"applicationmanagepartners-display-component---detailPtm--addressDetailDetailsCity1"}]}
COMMAND: GET /session/48ce7485e2c64a68d867c0ed65041780/screenshot - {}
RESULT: {"script":"<script> [1562 bytes]","args":[{"selector":{"id":"application-managepartners-display-component---detailPtm--addressDetailDetailsCity1"},"wdio_ui5_key":"applicationmanagepartners-display-component---detailPtm--addressDetailDetailsCity1"}]}
RESULT: undefined
COMMAND: POST /session/48ce7485e2c64a68d867c0ed65041780/execute/async - {"script":"<script> [6424 bytes]","args":[{"element-6066-11e4-a52e-4f735466cecf":"f.1999790E03A964CB3378C0A271C2A0DB.d.6342C201259CBCCAB8E156570EDCEF5C.e.5873"},"getValue",[]]}
RESULT: {}
RESULT: {"script":"<script> [6424 bytes]","args":[{"element-6066-11e4-a52e-4f735466cecf":"f.1999790E03A964CB3378C0A271C2A0DB.d.6342C201259CBCCAB8E156570EDCEF5C.e.5873"},"getValue",[]]}
COMMAND: POST /session/48ce7485e2c64a68d867c0ed65041780/element - {"using":"css selector","value":"#shell-header-logo"}
RESULT: {"using":"css selector","value":"#shell-header-logo"}
COMMAND: POST /session/48ce7485e2c64a68d867c0ed65041780/element/f.1999790E03A964CB3378C0A271C2A0DB.d.6342C201259CBCCAB8E156570EDCEF5C.e.5430/click - {}
RESULT: {}
COMMAND: GET /session/48ce7485e2c64a68d867c0ed65041780/screenshot - {}
RESULT: {}
]]></system-out>
    </testcase>
    <testcase classname="chrome.136_0_7103_93.windows.Partner_specific_tests_US150819_US151080_US151654_US151176_US103444_US151078_US151079_US151109_US151174_US151175_US151189" name="Should do filtering and navigation tests US151109" time="150.186">
      <system-out><![CDATA[
COMMAND: POST /session/48ce7485e2c64a68d867c0ed65041780/element - {"using":"xpath","value":"//li[.//span[text()=\"Manage Partners\"]]"}
RESULT: {"using":"xpath","value":"//li[.//span[text()=\"Manage Partners\"]]"}
COMMAND: POST /session/48ce7485e2c64a68d867c0ed65041780/element - {"using":"xpath","value":"//li[.//span[text()=\"Manage Partners\"]]"}
RESULT: {"using":"xpath","value":"//li[.//span[text()=\"Manage Partners\"]]"}
COMMAND: POST /session/48ce7485e2c64a68d867c0ed65041780/element - {"using":"css selector","value":"#shell-header-logo"}
RESULT: {"using":"css selector","value":"#shell-header-logo"}
COMMAND: POST /session/48ce7485e2c64a68d867c0ed65041780/element/f.1999790E03A964CB3378C0A271C2A0DB.d.6342C201259CBCCAB8E156570EDCEF5C.e.5903/click - {}
COMMAND: POST /session/48ce7485e2c64a68d867c0ed65041780/execute/sync - {"script":"<script> [8489 bytes]","args":[{"element-6066-11e4-a52e-4f735466cecf":"f.1999790E03A964CB3378C0A271C2A0DB.d.6342C201259CBCCAB8E156570EDCEF5C.e.5903","ELEMENT":"f.1999790E03A964CB3378C0A271C2A0DB.d.6342C201259CBCCAB8E156570EDCEF5C.e.5903"}]}
RESULT: {}
COMMAND: GET /session/48ce7485e2c64a68d867c0ed65041780/screenshot - {}
RESULT: {"script":"<script> [8489 bytes]","args":[{"element-6066-11e4-a52e-4f735466cecf":"f.1999790E03A964CB3378C0A271C2A0DB.d.6342C201259CBCCAB8E156570EDCEF5C.e.5903","ELEMENT":"f.1999790E03A964CB3378C0A271C2A0DB.d.6342C201259CBCCAB8E156570EDCEF5C.e.5903"}]}
COMMAND: POST /session/48ce7485e2c64a68d867c0ed65041780/execute/sync - {"script":"<script> [5351 bytes]","args":[{"element-6066-11e4-a52e-4f735466cecf":"f.1999790E03A964CB3378C0A271C2A0DB.d.6342C201259CBCCAB8E156570EDCEF5C.e.5903","ELEMENT":"f.1999790E03A964CB3378C0A271C2A0DB.d.6342C201259CBCCAB8E156570EDCEF5C.e.5903"}]}
COMMAND: GET /session/48ce7485e2c64a68d867c0ed65041780/screenshot - {}
RESULT: {}
RESULT: {"script":"<script> [5351 bytes]","args":[{"element-6066-11e4-a52e-4f735466cecf":"f.1999790E03A964CB3378C0A271C2A0DB.d.6342C201259CBCCAB8E156570EDCEF5C.e.5903","ELEMENT":"f.1999790E03A964CB3378C0A271C2A0DB.d.6342C201259CBCCAB8E156570EDCEF5C.e.5903"}]}
COMMAND: GET /session/48ce7485e2c64a68d867c0ed65041780/screenshot - {}
RESULT: {}
RESULT: {}
RESULT: undefined
COMMAND: POST /session/48ce7485e2c64a68d867c0ed65041780/element - {"using":"xpath","value":"//*[@id=\"__tile30\"]"}
RESULT: {"using":"xpath","value":"//*[@id=\"__tile30\"]"}
COMMAND: POST /session/48ce7485e2c64a68d867c0ed65041780/element/f.1999790E03A964CB3378C0A271C2A0DB.d.6342C201259CBCCAB8E156570EDCEF5C.e.4561/click - {}
RESULT: {}
COMMAND: GET /session/48ce7485e2c64a68d867c0ed65041780/screenshot - {}
RESULT: {}
COMMAND: POST /session/48ce7485e2c64a68d867c0ed65041780/elements - {"using":"xpath","value":"//span[text()='Error']"}
RESULT: {"using":"xpath","value":"//span[text()='Error']"}
COMMAND: POST /session/48ce7485e2c64a68d867c0ed65041780/element - {"using":"xpath","value":"//button[@data-kt=\"addButton\"]"}
RESULT: {"using":"xpath","value":"//button[@data-kt=\"addButton\"]"}
COMMAND: POST /session/48ce7485e2c64a68d867c0ed65041780/elements - {"using":"xpath","value":"//button[@data-kt=\"addButton\"]"}
RESULT: {"using":"xpath","value":"//button[@data-kt=\"addButton\"]"}
COMMAND: POST /session/48ce7485e2c64a68d867c0ed65041780/execute/sync - {"script":"<script> [8489 bytes]","args":[{"element-6066-11e4-a52e-4f735466cecf":"f.1999790E03A964CB3378C0A271C2A0DB.d.6342C201259CBCCAB8E156570EDCEF5C.e.5949","ELEMENT":"f.1999790E03A964CB3378C0A271C2A0DB.d.6342C201259CBCCAB8E156570EDCEF5C.e.5949"}]}
RESULT: {"script":"<script> [8489 bytes]","args":[{"element-6066-11e4-a52e-4f735466cecf":"f.1999790E03A964CB3378C0A271C2A0DB.d.6342C201259CBCCAB8E156570EDCEF5C.e.5949","ELEMENT":"f.1999790E03A964CB3378C0A271C2A0DB.d.6342C201259CBCCAB8E156570EDCEF5C.e.5949"}]}
COMMAND: GET /session/48ce7485e2c64a68d867c0ed65041780/element/f.1999790E03A964CB3378C0A271C2A0DB.d.6342C201259CBCCAB8E156570EDCEF5C.e.5949/enabled - {}
COMMAND: GET /session/48ce7485e2c64a68d867c0ed65041780/screenshot - {}
RESULT: {}
COMMAND: POST /session/48ce7485e2c64a68d867c0ed65041780/execute/sync - {"script":"<script> [8489 bytes]","args":[{"element-6066-11e4-a52e-4f735466cecf":"f.1999790E03A964CB3378C0A271C2A0DB.d.6342C201259CBCCAB8E156570EDCEF5C.e.5949","ELEMENT":"f.1999790E03A964CB3378C0A271C2A0DB.d.6342C201259CBCCAB8E156570EDCEF5C.e.5949"}]}
COMMAND: GET /session/48ce7485e2c64a68d867c0ed65041780/screenshot - {}
RESULT: {}
RESULT: {"script":"<script> [8489 bytes]","args":[{"element-6066-11e4-a52e-4f735466cecf":"f.1999790E03A964CB3378C0A271C2A0DB.d.6342C201259CBCCAB8E156570EDCEF5C.e.5949","ELEMENT":"f.1999790E03A964CB3378C0A271C2A0DB.d.6342C201259CBCCAB8E156570EDCEF5C.e.5949"}]}
COMMAND: POST /session/48ce7485e2c64a68d867c0ed65041780/execute/sync - {"script":"<script> [5351 bytes]","args":[{"element-6066-11e4-a52e-4f735466cecf":"f.1999790E03A964CB3378C0A271C2A0DB.d.6342C201259CBCCAB8E156570EDCEF5C.e.5949","ELEMENT":"f.1999790E03A964CB3378C0A271C2A0DB.d.6342C201259CBCCAB8E156570EDCEF5C.e.5949"}]}
COMMAND: GET /session/48ce7485e2c64a68d867c0ed65041780/screenshot - {}
RESULT: {}
RESULT: {"script":"<script> [5351 bytes]","args":[{"element-6066-11e4-a52e-4f735466cecf":"f.1999790E03A964CB3378C0A271C2A0DB.d.6342C201259CBCCAB8E156570EDCEF5C.e.5949","ELEMENT":"f.1999790E03A964CB3378C0A271C2A0DB.d.6342C201259CBCCAB8E156570EDCEF5C.e.5949"}]}
COMMAND: GET /session/48ce7485e2c64a68d867c0ed65041780/screenshot - {}
RESULT: {}
RESULT: {}
COMMAND: POST /session/48ce7485e2c64a68d867c0ed65041780/element - {"using":"xpath","value":"//span[@id=\"application-managepartners-display-component---masterPtm--smartTable-header-inner\"]"}
RESULT: {"using":"xpath","value":"//span[@id=\"application-managepartners-display-component---masterPtm--smartTable-header-inner\"]"}
COMMAND: POST /session/48ce7485e2c64a68d867c0ed65041780/elements - {"using":"xpath","value":"//span[@id=\"application-managepartners-display-component---masterPtm--smartTable-header-inner\"]"}
RESULT: {"using":"xpath","value":"//span[@id=\"application-managepartners-display-component---masterPtm--smartTable-header-inner\"]"}
COMMAND: POST /session/48ce7485e2c64a68d867c0ed65041780/execute/sync - {"script":"<script> [56 bytes]","args":[{"element-6066-11e4-a52e-4f735466cecf":"f.1999790E03A964CB3378C0A271C2A0DB.d.6342C201259CBCCAB8E156570EDCEF5C.e.6076","ELEMENT":"f.1999790E03A964CB3378C0A271C2A0DB.d.6342C201259CBCCAB8E156570EDCEF5C.e.6076"}]}
RESULT: {"script":"<script> [56 bytes]","args":[{"element-6066-11e4-a52e-4f735466cecf":"f.1999790E03A964CB3378C0A271C2A0DB.d.6342C201259CBCCAB8E156570EDCEF5C.e.6076","ELEMENT":"f.1999790E03A964CB3378C0A271C2A0DB.d.6342C201259CBCCAB8E156570EDCEF5C.e.6076"}]}
RESULT: undefined
COMMAND: POST /session/48ce7485e2c64a68d867c0ed65041780/execute/async - {"script":"<script> [776 bytes]","args":[{"enterText":"External Partner WDIO","selector":{"id":"application-managepartners-display-component---masterPtm--smartFilterBar-btnBasicSearch","interaction":{"idSuffix":"I"}},"clearTextFirst":true,"interactionType":"ENTER_TEXT"}]}
COMMAND: GET /session/48ce7485e2c64a68d867c0ed65041780/screenshot - {}
RESULT: {"script":"<script> [776 bytes]","args":[{"enterText":"External Partner WDIO","selector":{"id":"application-managepartners-display-component---masterPtm--smartFilterBar-btnBasicSearch","interaction":{"idSuffix":"I"}},"clearTextFirst":true,"interactionType":"ENTER_TEXT"}]}
RESULT: {}
COMMAND: POST /session/48ce7485e2c64a68d867c0ed65041780/actions - {"actions":[{"id":"action17","type":"key","parameters":{},"actions":[{"type":"keyDown","value":""},{"type":"pause","duration":10},{"type":"keyUp","value":""}]}]}
RESULT: {"actions":[{"id":"action17","type":"key","parameters":{},"actions":[{"type":"keyDown","value":""},{"type":"pause","duration":10},{"type":"keyUp","value":""}]}]}
COMMAND: GET /session/48ce7485e2c64a68d867c0ed65041780/screenshot - {}
RESULT: {}
COMMAND: POST /session/48ce7485e2c64a68d867c0ed65041780/element - {"using":"xpath","value":"//span[@id=\"application-managepartners-display-component---masterPtm--smartTable-header-inner\"]"}
RESULT: {"using":"xpath","value":"//span[@id=\"application-managepartners-display-component---masterPtm--smartTable-header-inner\"]"}
COMMAND: POST /session/48ce7485e2c64a68d867c0ed65041780/elements - {"using":"xpath","value":"//span[@id=\"application-managepartners-display-component---masterPtm--smartTable-header-inner\"]"}
RESULT: {"using":"xpath","value":"//span[@id=\"application-managepartners-display-component---masterPtm--smartTable-header-inner\"]"}
COMMAND: POST /session/48ce7485e2c64a68d867c0ed65041780/execute/sync - {"script":"<script> [56 bytes]","args":[{"element-6066-11e4-a52e-4f735466cecf":"f.1999790E03A964CB3378C0A271C2A0DB.d.6342C201259CBCCAB8E156570EDCEF5C.e.6076","ELEMENT":"f.1999790E03A964CB3378C0A271C2A0DB.d.6342C201259CBCCAB8E156570EDCEF5C.e.6076"}]}
RESULT: {"script":"<script> [56 bytes]","args":[{"element-6066-11e4-a52e-4f735466cecf":"f.1999790E03A964CB3378C0A271C2A0DB.d.6342C201259CBCCAB8E156570EDCEF5C.e.6076","ELEMENT":"f.1999790E03A964CB3378C0A271C2A0DB.d.6342C201259CBCCAB8E156570EDCEF5C.e.6076"}]}
COMMAND: POST /session/48ce7485e2c64a68d867c0ed65041780/element - {"using":"xpath","value":"//div[contains(@id, \"managepartners-display-component---masterPtm--smartFilterBar-btnBasicSearch-reset\")]"}
COMMAND: GET /session/48ce7485e2c64a68d867c0ed65041780/screenshot - {}
RESULT: {"using":"xpath","value":"//div[contains(@id, \"managepartners-display-component---masterPtm--smartFilterBar-btnBasicSearch-reset\")]"}
COMMAND: POST /session/48ce7485e2c64a68d867c0ed65041780/element/f.1999790E03A964CB3378C0A271C2A0DB.d.6342C201259CBCCAB8E156570EDCEF5C.e.6165/click - {}
RESULT: {}
RESULT: {}
COMMAND: GET /session/48ce7485e2c64a68d867c0ed65041780/screenshot - {}
RESULT: {}
COMMAND: POST /session/48ce7485e2c64a68d867c0ed65041780/execute/async - {"script":"<script> [1562 bytes]","args":[{"selector":{"id":"application-managepartners-display-component---masterPtm--smartFilterBar-filterItemControl_BASIC-MAIN_ADDRESS-vhi"},"wdio_ui5_key":"applicationmanagepartners-display-component---masterPtm--smartFilterBar-filterItemControl_BASIC-MAIN_ADDRESS-vhi"}]}
RESULT: {"script":"<script> [1562 bytes]","args":[{"selector":{"id":"application-managepartners-display-component---masterPtm--smartFilterBar-filterItemControl_BASIC-MAIN_ADDRESS-vhi"},"wdio_ui5_key":"applicationmanagepartners-display-component---masterPtm--smartFilterBar-filterItemControl_BASIC-MAIN_ADDRESS-vhi"}]}
RESULT: undefined
COMMAND: POST /session/48ce7485e2c64a68d867c0ed65041780/element - {"using":"xpath","value":"//*[@id=\"application-managepartners-display-component---masterPtm--smartFilterBar-filterItemControl_BASIC-MAIN_ADDRESS-vhi\"]"}
RESULT: {"using":"xpath","value":"//*[@id=\"application-managepartners-display-component---masterPtm--smartFilterBar-filterItemControl_BASIC-MAIN_ADDRESS-vhi\"]"}
COMMAND: POST /session/48ce7485e2c64a68d867c0ed65041780/element/f.1999790E03A964CB3378C0A271C2A0DB.d.6342C201259CBCCAB8E156570EDCEF5C.e.6246/click - {}
RESULT: {}
COMMAND: GET /session/48ce7485e2c64a68d867c0ed65041780/screenshot - {}
RESULT: {}
COMMAND: POST /session/48ce7485e2c64a68d867c0ed65041780/execute/async - {"script":"<script> [1562 bytes]","args":[{"selector":{"id":"application-managepartners-display-component---masterPtm--smartFilterBar-filterItemControl_BASIC-MAIN_ADDRESS-valueHelpDialog-smartFilterBar-btnBasicSearch","searchOpenDialogs":true,"interaction":{"idSuffix":"I"}},"wdio_ui5_key":"applicationmanagepartners-display-component---masterPtm--smartFilterBar-filterItemControl_BASIC-MAIN_ADDRESS-valueHelpDialog-smartFilterBar-btnBasicSearch"}]}
RESULT: {"script":"<script> [1562 bytes]","args":[{"selector":{"id":"application-managepartners-display-component---masterPtm--smartFilterBar-filterItemControl_BASIC-MAIN_ADDRESS-valueHelpDialog-smartFilterBar-btnBasicSearch","searchOpenDialogs":true,"interaction":{"idSuffix":"I"}},"wdio_ui5_key":"applicationmanagepartners-display-component---masterPtm--smartFilterBar-filterItemControl_BASIC-MAIN_ADDRESS-valueHelpDialog-smartFilterBar-btnBasicSearch"}]}
RESULT: undefined
COMMAND: POST /session/48ce7485e2c64a68d867c0ed65041780/execute/async - {"script":"<script> [776 bytes]","args":[{"enterText":"Romania","selector":{"id":"application-managepartners-display-component---masterPtm--smartFilterBar-filterItemControl_BASIC-MAIN_ADDRESS-valueHelpDialog-smartFilterBar-btnBasicSearch","searchOpenDialogs":true,"interaction":{"idSuffix":"I"}},"clearTextFirst":true,"interactionType":"ENTER_TEXT"}]}
RESULT: {"script":"<script> [776 bytes]","args":[{"enterText":"Romania","selector":{"id":"application-managepartners-display-component---masterPtm--smartFilterBar-filterItemControl_BASIC-MAIN_ADDRESS-valueHelpDialog-smartFilterBar-btnBasicSearch","searchOpenDialogs":true,"interaction":{"idSuffix":"I"}},"clearTextFirst":true,"interactionType":"ENTER_TEXT"}]}
COMMAND: POST /session/48ce7485e2c64a68d867c0ed65041780/actions - {"actions":[{"id":"action18","type":"key","parameters":{},"actions":[{"type":"keyDown","value":""},{"type":"pause","duration":10},{"type":"keyUp","value":""}]}]}
RESULT: {"actions":[{"id":"action18","type":"key","parameters":{},"actions":[{"type":"keyDown","value":""},{"type":"pause","duration":10},{"type":"keyUp","value":""}]}]}
COMMAND: POST /session/48ce7485e2c64a68d867c0ed65041780/elements - {"using":"xpath","value":"//table[contains(@id, \"smartFilterBar-filterItemControl_BASIC-MAIN_ADDRESS-valueHelpDialog-table-table\")]/tbody/tr"}
COMMAND: GET /session/48ce7485e2c64a68d867c0ed65041780/screenshot - {}
RESULT: {"using":"xpath","value":"//table[contains(@id, \"smartFilterBar-filterItemControl_BASIC-MAIN_ADDRESS-valueHelpDialog-table-table\")]/tbody/tr"}
COMMAND: POST /session/48ce7485e2c64a68d867c0ed65041780/element - {"using":"xpath","value":"//table[contains(@id, \"smartFilterBar-filterItemControl_BASIC-MAIN_ADDRESS-valueHelpDialog-table-table\")]/tbody/tr[1]/td[1]/div/span"}
RESULT: {}
RESULT: {"using":"xpath","value":"//table[contains(@id, \"smartFilterBar-filterItemControl_BASIC-MAIN_ADDRESS-valueHelpDialog-table-table\")]/tbody/tr[1]/td[1]/div/span"}
COMMAND: POST /session/48ce7485e2c64a68d867c0ed65041780/elements - {"using":"xpath","value":"//table[contains(@id, \"smartFilterBar-filterItemControl_BASIC-MAIN_ADDRESS-valueHelpDialog-table-table\")]/tbody/tr[1]/td[1]/div/span"}
RESULT: {"using":"xpath","value":"//table[contains(@id, \"smartFilterBar-filterItemControl_BASIC-MAIN_ADDRESS-valueHelpDialog-table-table\")]/tbody/tr[1]/td[1]/div/span"}
COMMAND: POST /session/48ce7485e2c64a68d867c0ed65041780/execute/sync - {"script":"<script> [56 bytes]","args":[{"element-6066-11e4-a52e-4f735466cecf":"f.1999790E03A964CB3378C0A271C2A0DB.d.6342C201259CBCCAB8E156570EDCEF5C.e.6266","ELEMENT":"f.1999790E03A964CB3378C0A271C2A0DB.d.6342C201259CBCCAB8E156570EDCEF5C.e.6266"}]}
RESULT: {"script":"<script> [56 bytes]","args":[{"element-6066-11e4-a52e-4f735466cecf":"f.1999790E03A964CB3378C0A271C2A0DB.d.6342C201259CBCCAB8E156570EDCEF5C.e.6266","ELEMENT":"f.1999790E03A964CB3378C0A271C2A0DB.d.6342C201259CBCCAB8E156570EDCEF5C.e.6266"}]}
COMMAND: POST /session/48ce7485e2c64a68d867c0ed65041780/element - {"using":"xpath","value":"//div[contains(@id, \"filterItemControl_BASIC-MAIN_ADDRESS-valueHelpDialog-table-rowsel0\")]"}
COMMAND: GET /session/48ce7485e2c64a68d867c0ed65041780/screenshot - {}
RESULT: {"using":"xpath","value":"//div[contains(@id, \"filterItemControl_BASIC-MAIN_ADDRESS-valueHelpDialog-table-rowsel0\")]"}
COMMAND: POST /session/48ce7485e2c64a68d867c0ed65041780/element/f.1999790E03A964CB3378C0A271C2A0DB.d.6342C201259CBCCAB8E156570EDCEF5C.e.6267/click - {}
RESULT: {}
RESULT: {}
COMMAND: GET /session/48ce7485e2c64a68d867c0ed65041780/screenshot - {}
RESULT: {}
COMMAND: POST /session/48ce7485e2c64a68d867c0ed65041780/element - {"using":"xpath","value":"(//bdi[contains(text(), \"OK\")])[1]"}
RESULT: {"using":"xpath","value":"(//bdi[contains(text(), \"OK\")])[1]"}
COMMAND: POST /session/48ce7485e2c64a68d867c0ed65041780/element/f.1999790E03A964CB3378C0A271C2A0DB.d.6342C201259CBCCAB8E156570EDCEF5C.e.6269/click - {}
RESULT: {}
COMMAND: GET /session/48ce7485e2c64a68d867c0ed65041780/screenshot - {}
RESULT: {}
COMMAND: POST /session/48ce7485e2c64a68d867c0ed65041780/element - {"using":"xpath","value":"//span[@id=\"application-managepartners-display-component---masterPtm--smartTable-header-inner\"]"}
RESULT: {"using":"xpath","value":"//span[@id=\"application-managepartners-display-component---masterPtm--smartTable-header-inner\"]"}
COMMAND: POST /session/48ce7485e2c64a68d867c0ed65041780/elements - {"using":"xpath","value":"//span[@id=\"application-managepartners-display-component---masterPtm--smartTable-header-inner\"]"}
RESULT: {"using":"xpath","value":"//span[@id=\"application-managepartners-display-component---masterPtm--smartTable-header-inner\"]"}
COMMAND: POST /session/48ce7485e2c64a68d867c0ed65041780/execute/sync - {"script":"<script> [56 bytes]","args":[{"element-6066-11e4-a52e-4f735466cecf":"f.1999790E03A964CB3378C0A271C2A0DB.d.6342C201259CBCCAB8E156570EDCEF5C.e.6076","ELEMENT":"f.1999790E03A964CB3378C0A271C2A0DB.d.6342C201259CBCCAB8E156570EDCEF5C.e.6076"}]}
RESULT: {"script":"<script> [56 bytes]","args":[{"element-6066-11e4-a52e-4f735466cecf":"f.1999790E03A964CB3378C0A271C2A0DB.d.6342C201259CBCCAB8E156570EDCEF5C.e.6076","ELEMENT":"f.1999790E03A964CB3378C0A271C2A0DB.d.6342C201259CBCCAB8E156570EDCEF5C.e.6076"}]}
COMMAND: POST /session/48ce7485e2c64a68d867c0ed65041780/element - {"using":"xpath","value":"//span[contains(@title, \"Remove\")]"}
COMMAND: GET /session/48ce7485e2c64a68d867c0ed65041780/screenshot - {}
RESULT: {"using":"xpath","value":"//span[contains(@title, \"Remove\")]"}
COMMAND: POST /session/48ce7485e2c64a68d867c0ed65041780/element/f.1999790E03A964CB3378C0A271C2A0DB.d.6342C201259CBCCAB8E156570EDCEF5C.e.6282/click - {}
RESULT: {}
RESULT: {}
COMMAND: GET /session/48ce7485e2c64a68d867c0ed65041780/screenshot - {}
RESULT: {}
COMMAND: POST /session/48ce7485e2c64a68d867c0ed65041780/element - {"using":"xpath","value":"//span[@id=\"application-managepartners-display-component---masterPtm--smartTable-header-inner\"]"}
RESULT: {"using":"xpath","value":"//span[@id=\"application-managepartners-display-component---masterPtm--smartTable-header-inner\"]"}
COMMAND: POST /session/48ce7485e2c64a68d867c0ed65041780/elements - {"using":"xpath","value":"//span[@id=\"application-managepartners-display-component---masterPtm--smartTable-header-inner\"]"}
RESULT: {"using":"xpath","value":"//span[@id=\"application-managepartners-display-component---masterPtm--smartTable-header-inner\"]"}
COMMAND: POST /session/48ce7485e2c64a68d867c0ed65041780/execute/sync - {"script":"<script> [56 bytes]","args":[{"element-6066-11e4-a52e-4f735466cecf":"f.1999790E03A964CB3378C0A271C2A0DB.d.6342C201259CBCCAB8E156570EDCEF5C.e.6076","ELEMENT":"f.1999790E03A964CB3378C0A271C2A0DB.d.6342C201259CBCCAB8E156570EDCEF5C.e.6076"}]}
RESULT: {"script":"<script> [56 bytes]","args":[{"element-6066-11e4-a52e-4f735466cecf":"f.1999790E03A964CB3378C0A271C2A0DB.d.6342C201259CBCCAB8E156570EDCEF5C.e.6076","ELEMENT":"f.1999790E03A964CB3378C0A271C2A0DB.d.6342C201259CBCCAB8E156570EDCEF5C.e.6076"}]}
COMMAND: POST /session/48ce7485e2c64a68d867c0ed65041780/execute/async - {"script":"<script> [1562 bytes]","args":[{"selector":{"id":"application-managepartners-display-component---masterPtm--smartFilterBar-filterItemControl_BASIC-YARD-vhi"},"wdio_ui5_key":"applicationmanagepartners-display-component---masterPtm--smartFilterBar-filterItemControl_BASIC-YARD-vhi"}]}
COMMAND: GET /session/48ce7485e2c64a68d867c0ed65041780/screenshot - {}
RESULT: {"script":"<script> [1562 bytes]","args":[{"selector":{"id":"application-managepartners-display-component---masterPtm--smartFilterBar-filterItemControl_BASIC-YARD-vhi"},"wdio_ui5_key":"applicationmanagepartners-display-component---masterPtm--smartFilterBar-filterItemControl_BASIC-YARD-vhi"}]}
RESULT: undefined
COMMAND: POST /session/48ce7485e2c64a68d867c0ed65041780/element - {"using":"xpath","value":"//*[@id=\"application-managepartners-display-component---masterPtm--smartFilterBar-filterItemControl_BASIC-YARD-vhi\"]"}
RESULT: {}
RESULT: {"using":"xpath","value":"//*[@id=\"application-managepartners-display-component---masterPtm--smartFilterBar-filterItemControl_BASIC-YARD-vhi\"]"}
COMMAND: POST /session/48ce7485e2c64a68d867c0ed65041780/element/f.1999790E03A964CB3378C0A271C2A0DB.d.6342C201259CBCCAB8E156570EDCEF5C.e.6386/click - {}
RESULT: {}
COMMAND: GET /session/48ce7485e2c64a68d867c0ed65041780/screenshot - {}
RESULT: {}
COMMAND: POST /session/48ce7485e2c64a68d867c0ed65041780/execute/async - {"script":"<script> [1562 bytes]","args":[{"selector":{"id":"application-managepartners-display-component---masterPtm--smartFilterBar-filterItemControl_BASIC-YARD-valueHelpDialog-smartFilterBar-btnBasicSearch","searchOpenDialogs":true,"interaction":{"idSuffix":"I"}},"wdio_ui5_key":"applicationmanagepartners-display-component---masterPtm--smartFilterBar-filterItemControl_BASIC-YARD-valueHelpDialog-smartFilterBar-btnBasicSearch"}]}
RESULT: {"script":"<script> [1562 bytes]","args":[{"selector":{"id":"application-managepartners-display-component---masterPtm--smartFilterBar-filterItemControl_BASIC-YARD-valueHelpDialog-smartFilterBar-btnBasicSearch","searchOpenDialogs":true,"interaction":{"idSuffix":"I"}},"wdio_ui5_key":"applicationmanagepartners-display-component---masterPtm--smartFilterBar-filterItemControl_BASIC-YARD-valueHelpDialog-smartFilterBar-btnBasicSearch"}]}
RESULT: undefined
COMMAND: POST /session/48ce7485e2c64a68d867c0ed65041780/execute/async - {"script":"<script> [776 bytes]","args":[{"enterText":"Test","selector":{"id":"application-managepartners-display-component---masterPtm--smartFilterBar-filterItemControl_BASIC-YARD-valueHelpDialog-smartFilterBar-btnBasicSearch","searchOpenDialogs":true,"interaction":{"idSuffix":"I"}},"clearTextFirst":true,"interactionType":"ENTER_TEXT"}]}
RESULT: {"script":"<script> [776 bytes]","args":[{"enterText":"Test","selector":{"id":"application-managepartners-display-component---masterPtm--smartFilterBar-filterItemControl_BASIC-YARD-valueHelpDialog-smartFilterBar-btnBasicSearch","searchOpenDialogs":true,"interaction":{"idSuffix":"I"}},"clearTextFirst":true,"interactionType":"ENTER_TEXT"}]}
COMMAND: POST /session/48ce7485e2c64a68d867c0ed65041780/actions - {"actions":[{"id":"action19","type":"key","parameters":{},"actions":[{"type":"keyDown","value":""},{"type":"pause","duration":10},{"type":"keyUp","value":""}]}]}
RESULT: {"actions":[{"id":"action19","type":"key","parameters":{},"actions":[{"type":"keyDown","value":""},{"type":"pause","duration":10},{"type":"keyUp","value":""}]}]}
COMMAND: POST /session/48ce7485e2c64a68d867c0ed65041780/elements - {"using":"xpath","value":"//table[contains(@id, \"smartFilterBar-filterItemControl_BASIC-YARD-valueHelpDialog-table-table\")]/tbody/tr"}
COMMAND: GET /session/48ce7485e2c64a68d867c0ed65041780/screenshot - {}
RESULT: {"using":"xpath","value":"//table[contains(@id, \"smartFilterBar-filterItemControl_BASIC-YARD-valueHelpDialog-table-table\")]/tbody/tr"}
COMMAND: POST /session/48ce7485e2c64a68d867c0ed65041780/element - {"using":"xpath","value":"//table[contains(@id, \"smartFilterBar-filterItemControl_BASIC-YARD-valueHelpDialog-table-table\")]/tbody/tr[1]/td[1]/div/span"}
RESULT: {}
RESULT: {"using":"xpath","value":"//table[contains(@id, \"smartFilterBar-filterItemControl_BASIC-YARD-valueHelpDialog-table-table\")]/tbody/tr[1]/td[1]/div/span"}
COMMAND: POST /session/48ce7485e2c64a68d867c0ed65041780/elements - {"using":"xpath","value":"//table[contains(@id, \"smartFilterBar-filterItemControl_BASIC-YARD-valueHelpDialog-table-table\")]/tbody/tr[1]/td[1]/div/span"}
RESULT: {"using":"xpath","value":"//table[contains(@id, \"smartFilterBar-filterItemControl_BASIC-YARD-valueHelpDialog-table-table\")]/tbody/tr[1]/td[1]/div/span"}
COMMAND: POST /session/48ce7485e2c64a68d867c0ed65041780/execute/sync - {"script":"<script> [56 bytes]","args":[{"element-6066-11e4-a52e-4f735466cecf":"f.1999790E03A964CB3378C0A271C2A0DB.d.6342C201259CBCCAB8E156570EDCEF5C.e.6408","ELEMENT":"f.1999790E03A964CB3378C0A271C2A0DB.d.6342C201259CBCCAB8E156570EDCEF5C.e.6408"}]}
RESULT: {"script":"<script> [56 bytes]","args":[{"element-6066-11e4-a52e-4f735466cecf":"f.1999790E03A964CB3378C0A271C2A0DB.d.6342C201259CBCCAB8E156570EDCEF5C.e.6408","ELEMENT":"f.1999790E03A964CB3378C0A271C2A0DB.d.6342C201259CBCCAB8E156570EDCEF5C.e.6408"}]}
COMMAND: POST /session/48ce7485e2c64a68d867c0ed65041780/element - {"using":"xpath","value":"//table[contains(@id, \"smartFilterBar-filterItemControl_BASIC-YARD-valueHelpDialog-table-table\")]/tbody/tr[2]/td[1]/div/span"}
COMMAND: GET /session/48ce7485e2c64a68d867c0ed65041780/screenshot - {}
RESULT: {"using":"xpath","value":"//table[contains(@id, \"smartFilterBar-filterItemControl_BASIC-YARD-valueHelpDialog-table-table\")]/tbody/tr[2]/td[1]/div/span"}
COMMAND: POST /session/48ce7485e2c64a68d867c0ed65041780/elements - {"using":"xpath","value":"//table[contains(@id, \"smartFilterBar-filterItemControl_BASIC-YARD-valueHelpDialog-table-table\")]/tbody/tr[2]/td[1]/div/span"}
RESULT: {}
RESULT: {"using":"xpath","value":"//table[contains(@id, \"smartFilterBar-filterItemControl_BASIC-YARD-valueHelpDialog-table-table\")]/tbody/tr[2]/td[1]/div/span"}
COMMAND: POST /session/48ce7485e2c64a68d867c0ed65041780/execute/sync - {"script":"<script> [56 bytes]","args":[{"element-6066-11e4-a52e-4f735466cecf":"f.1999790E03A964CB3378C0A271C2A0DB.d.6342C201259CBCCAB8E156570EDCEF5C.e.6409","ELEMENT":"f.1999790E03A964CB3378C0A271C2A0DB.d.6342C201259CBCCAB8E156570EDCEF5C.e.6409"}]}
RESULT: {"script":"<script> [56 bytes]","args":[{"element-6066-11e4-a52e-4f735466cecf":"f.1999790E03A964CB3378C0A271C2A0DB.d.6342C201259CBCCAB8E156570EDCEF5C.e.6409","ELEMENT":"f.1999790E03A964CB3378C0A271C2A0DB.d.6342C201259CBCCAB8E156570EDCEF5C.e.6409"}]}
COMMAND: POST /session/48ce7485e2c64a68d867c0ed65041780/element - {"using":"xpath","value":"//table[contains(@id, \"smartFilterBar-filterItemControl_BASIC-YARD-valueHelpDialog-table-table\")]/tbody/tr[3]/td[1]/div/span"}
COMMAND: GET /session/48ce7485e2c64a68d867c0ed65041780/screenshot - {}
RESULT: {"using":"xpath","value":"//table[contains(@id, \"smartFilterBar-filterItemControl_BASIC-YARD-valueHelpDialog-table-table\")]/tbody/tr[3]/td[1]/div/span"}
COMMAND: POST /session/48ce7485e2c64a68d867c0ed65041780/elements - {"using":"xpath","value":"//table[contains(@id, \"smartFilterBar-filterItemControl_BASIC-YARD-valueHelpDialog-table-table\")]/tbody/tr[3]/td[1]/div/span"}
RESULT: {}
RESULT: {"using":"xpath","value":"//table[contains(@id, \"smartFilterBar-filterItemControl_BASIC-YARD-valueHelpDialog-table-table\")]/tbody/tr[3]/td[1]/div/span"}
COMMAND: POST /session/48ce7485e2c64a68d867c0ed65041780/execute/sync - {"script":"<script> [56 bytes]","args":[{"element-6066-11e4-a52e-4f735466cecf":"f.1999790E03A964CB3378C0A271C2A0DB.d.6342C201259CBCCAB8E156570EDCEF5C.e.6410","ELEMENT":"f.1999790E03A964CB3378C0A271C2A0DB.d.6342C201259CBCCAB8E156570EDCEF5C.e.6410"}]}
RESULT: {"script":"<script> [56 bytes]","args":[{"element-6066-11e4-a52e-4f735466cecf":"f.1999790E03A964CB3378C0A271C2A0DB.d.6342C201259CBCCAB8E156570EDCEF5C.e.6410","ELEMENT":"f.1999790E03A964CB3378C0A271C2A0DB.d.6342C201259CBCCAB8E156570EDCEF5C.e.6410"}]}
COMMAND: POST /session/48ce7485e2c64a68d867c0ed65041780/element - {"using":"xpath","value":"//div[contains(@id, \"filterItemControl_BASIC-YARD-valueHelpDialog-table-rowsel2\")]"}
COMMAND: GET /session/48ce7485e2c64a68d867c0ed65041780/screenshot - {}
RESULT: {"using":"xpath","value":"//div[contains(@id, \"filterItemControl_BASIC-YARD-valueHelpDialog-table-rowsel2\")]"}
COMMAND: POST /session/48ce7485e2c64a68d867c0ed65041780/element/f.1999790E03A964CB3378C0A271C2A0DB.d.6342C201259CBCCAB8E156570EDCEF5C.e.6411/click - {}
RESULT: {}
RESULT: {}
COMMAND: GET /session/48ce7485e2c64a68d867c0ed65041780/screenshot - {}
RESULT: {}
COMMAND: POST /session/48ce7485e2c64a68d867c0ed65041780/element - {"using":"xpath","value":"(//bdi[contains(text(), \"OK\")])[1]"}
RESULT: {"using":"xpath","value":"(//bdi[contains(text(), \"OK\")])[1]"}
COMMAND: POST /session/48ce7485e2c64a68d867c0ed65041780/element/f.1999790E03A964CB3378C0A271C2A0DB.d.6342C201259CBCCAB8E156570EDCEF5C.e.6413/click - {}
RESULT: {}
COMMAND: GET /session/48ce7485e2c64a68d867c0ed65041780/screenshot - {}
RESULT: {}
COMMAND: POST /session/48ce7485e2c64a68d867c0ed65041780/element - {"using":"xpath","value":"//span[@id=\"application-managepartners-display-component---masterPtm--smartTable-header-inner\"]"}
RESULT: {"using":"xpath","value":"//span[@id=\"application-managepartners-display-component---masterPtm--smartTable-header-inner\"]"}
COMMAND: POST /session/48ce7485e2c64a68d867c0ed65041780/elements - {"using":"xpath","value":"//span[@id=\"application-managepartners-display-component---masterPtm--smartTable-header-inner\"]"}
RESULT: {"using":"xpath","value":"//span[@id=\"application-managepartners-display-component---masterPtm--smartTable-header-inner\"]"}
COMMAND: POST /session/48ce7485e2c64a68d867c0ed65041780/execute/sync - {"script":"<script> [56 bytes]","args":[{"element-6066-11e4-a52e-4f735466cecf":"f.1999790E03A964CB3378C0A271C2A0DB.d.6342C201259CBCCAB8E156570EDCEF5C.e.6076","ELEMENT":"f.1999790E03A964CB3378C0A271C2A0DB.d.6342C201259CBCCAB8E156570EDCEF5C.e.6076"}]}
RESULT: {"script":"<script> [56 bytes]","args":[{"element-6066-11e4-a52e-4f735466cecf":"f.1999790E03A964CB3378C0A271C2A0DB.d.6342C201259CBCCAB8E156570EDCEF5C.e.6076","ELEMENT":"f.1999790E03A964CB3378C0A271C2A0DB.d.6342C201259CBCCAB8E156570EDCEF5C.e.6076"}]}
COMMAND: POST /session/48ce7485e2c64a68d867c0ed65041780/element - {"using":"xpath","value":"//span[contains(@title, \"Remove\")]"}
COMMAND: GET /session/48ce7485e2c64a68d867c0ed65041780/screenshot - {}
RESULT: {"using":"xpath","value":"//span[contains(@title, \"Remove\")]"}
COMMAND: POST /session/48ce7485e2c64a68d867c0ed65041780/element/f.1999790E03A964CB3378C0A271C2A0DB.d.6342C201259CBCCAB8E156570EDCEF5C.e.6427/click - {}
RESULT: {}
RESULT: {}
COMMAND: GET /session/48ce7485e2c64a68d867c0ed65041780/screenshot - {}
RESULT: {}
COMMAND: POST /session/48ce7485e2c64a68d867c0ed65041780/element - {"using":"xpath","value":"//span[@id=\"application-managepartners-display-component---masterPtm--smartTable-header-inner\"]"}
RESULT: {"using":"xpath","value":"//span[@id=\"application-managepartners-display-component---masterPtm--smartTable-header-inner\"]"}
COMMAND: POST /session/48ce7485e2c64a68d867c0ed65041780/elements - {"using":"xpath","value":"//span[@id=\"application-managepartners-display-component---masterPtm--smartTable-header-inner\"]"}
RESULT: {"using":"xpath","value":"//span[@id=\"application-managepartners-display-component---masterPtm--smartTable-header-inner\"]"}
COMMAND: POST /session/48ce7485e2c64a68d867c0ed65041780/execute/sync - {"script":"<script> [56 bytes]","args":[{"element-6066-11e4-a52e-4f735466cecf":"f.1999790E03A964CB3378C0A271C2A0DB.d.6342C201259CBCCAB8E156570EDCEF5C.e.6076","ELEMENT":"f.1999790E03A964CB3378C0A271C2A0DB.d.6342C201259CBCCAB8E156570EDCEF5C.e.6076"}]}
RESULT: {"script":"<script> [56 bytes]","args":[{"element-6066-11e4-a52e-4f735466cecf":"f.1999790E03A964CB3378C0A271C2A0DB.d.6342C201259CBCCAB8E156570EDCEF5C.e.6076","ELEMENT":"f.1999790E03A964CB3378C0A271C2A0DB.d.6342C201259CBCCAB8E156570EDCEF5C.e.6076"}]}
COMMAND: POST /session/48ce7485e2c64a68d867c0ed65041780/execute/async - {"script":"<script> [1562 bytes]","args":[{"selector":{"id":"application-managepartners-display-component---masterPtm--smartFilterBar-filterItemControl_BASIC-ALL_TAGS-vhi"},"wdio_ui5_key":"applicationmanagepartners-display-component---masterPtm--smartFilterBar-filterItemControl_BASIC-ALL_TAGS-vhi"}]}
COMMAND: GET /session/48ce7485e2c64a68d867c0ed65041780/screenshot - {}
RESULT: {"script":"<script> [1562 bytes]","args":[{"selector":{"id":"application-managepartners-display-component---masterPtm--smartFilterBar-filterItemControl_BASIC-ALL_TAGS-vhi"},"wdio_ui5_key":"applicationmanagepartners-display-component---masterPtm--smartFilterBar-filterItemControl_BASIC-ALL_TAGS-vhi"}]}
RESULT: undefined
COMMAND: POST /session/48ce7485e2c64a68d867c0ed65041780/element - {"using":"xpath","value":"//*[@id=\"application-managepartners-display-component---masterPtm--smartFilterBar-filterItemControl_BASIC-ALL_TAGS-vhi\"]"}
RESULT: {}
RESULT: {"using":"xpath","value":"//*[@id=\"application-managepartners-display-component---masterPtm--smartFilterBar-filterItemControl_BASIC-ALL_TAGS-vhi\"]"}
COMMAND: POST /session/48ce7485e2c64a68d867c0ed65041780/element/f.1999790E03A964CB3378C0A271C2A0DB.d.6342C201259CBCCAB8E156570EDCEF5C.e.6529/click - {}
RESULT: {}
COMMAND: GET /session/48ce7485e2c64a68d867c0ed65041780/screenshot - {}
RESULT: {}
COMMAND: POST /session/48ce7485e2c64a68d867c0ed65041780/execute/async - {"script":"<script> [1562 bytes]","args":[{"selector":{"id":"application-managepartners-display-component---masterPtm--smartFilterBar-filterItemControl_BASIC-ALL_TAGS-valueHelpDialog-smartFilterBar-btnBasicSearch","searchOpenDialogs":true,"interaction":{"idSuffix":"I"}},"wdio_ui5_key":"applicationmanagepartners-display-component---masterPtm--smartFilterBar-filterItemControl_BASIC-ALL_TAGS-valueHelpDialog-smartFilterBar-btnBasicSearch"}]}
RESULT: {"script":"<script> [1562 bytes]","args":[{"selector":{"id":"application-managepartners-display-component---masterPtm--smartFilterBar-filterItemControl_BASIC-ALL_TAGS-valueHelpDialog-smartFilterBar-btnBasicSearch","searchOpenDialogs":true,"interaction":{"idSuffix":"I"}},"wdio_ui5_key":"applicationmanagepartners-display-component---masterPtm--smartFilterBar-filterItemControl_BASIC-ALL_TAGS-valueHelpDialog-smartFilterBar-btnBasicSearch"}]}
RESULT: undefined
COMMAND: POST /session/48ce7485e2c64a68d867c0ed65041780/execute/async - {"script":"<script> [776 bytes]","args":[{"enterText":"test-tag-1","selector":{"id":"application-managepartners-display-component---masterPtm--smartFilterBar-filterItemControl_BASIC-ALL_TAGS-valueHelpDialog-smartFilterBar-btnBasicSearch","searchOpenDialogs":true,"interaction":{"idSuffix":"I"}},"clearTextFirst":true,"interactionType":"ENTER_TEXT"}]}
RESULT: {"script":"<script> [776 bytes]","args":[{"enterText":"test-tag-1","selector":{"id":"application-managepartners-display-component---masterPtm--smartFilterBar-filterItemControl_BASIC-ALL_TAGS-valueHelpDialog-smartFilterBar-btnBasicSearch","searchOpenDialogs":true,"interaction":{"idSuffix":"I"}},"clearTextFirst":true,"interactionType":"ENTER_TEXT"}]}
COMMAND: POST /session/48ce7485e2c64a68d867c0ed65041780/actions - {"actions":[{"id":"action20","type":"key","parameters":{},"actions":[{"type":"keyDown","value":""},{"type":"pause","duration":10},{"type":"keyUp","value":""}]}]}
RESULT: {"actions":[{"id":"action20","type":"key","parameters":{},"actions":[{"type":"keyDown","value":""},{"type":"pause","duration":10},{"type":"keyUp","value":""}]}]}
COMMAND: POST /session/48ce7485e2c64a68d867c0ed65041780/elements - {"using":"xpath","value":"//table[contains(@id, \"smartFilterBar-filterItemControl_BASIC-ALL_TAGS-valueHelpDialog-table-table\")]/tbody/tr"}
COMMAND: GET /session/48ce7485e2c64a68d867c0ed65041780/screenshot - {}
RESULT: {"using":"xpath","value":"//table[contains(@id, \"smartFilterBar-filterItemControl_BASIC-ALL_TAGS-valueHelpDialog-table-table\")]/tbody/tr"}
COMMAND: POST /session/48ce7485e2c64a68d867c0ed65041780/element - {"using":"xpath","value":"//table[contains(@id, \"smartFilterBar-filterItemControl_BASIC-ALL_TAGS-valueHelpDialog-table-table\")]/tbody/tr[1]/td[1]/div/span"}
RESULT: {}
RESULT: {"using":"xpath","value":"//table[contains(@id, \"smartFilterBar-filterItemControl_BASIC-ALL_TAGS-valueHelpDialog-table-table\")]/tbody/tr[1]/td[1]/div/span"}
COMMAND: POST /session/48ce7485e2c64a68d867c0ed65041780/elements - {"using":"xpath","value":"//table[contains(@id, \"smartFilterBar-filterItemControl_BASIC-ALL_TAGS-valueHelpDialog-table-table\")]/tbody/tr[1]/td[1]/div/span"}
RESULT: {"using":"xpath","value":"//table[contains(@id, \"smartFilterBar-filterItemControl_BASIC-ALL_TAGS-valueHelpDialog-table-table\")]/tbody/tr[1]/td[1]/div/span"}
COMMAND: POST /session/48ce7485e2c64a68d867c0ed65041780/execute/sync - {"script":"<script> [56 bytes]","args":[{"element-6066-11e4-a52e-4f735466cecf":"f.1999790E03A964CB3378C0A271C2A0DB.d.6342C201259CBCCAB8E156570EDCEF5C.e.6551","ELEMENT":"f.1999790E03A964CB3378C0A271C2A0DB.d.6342C201259CBCCAB8E156570EDCEF5C.e.6551"}]}
RESULT: {"script":"<script> [56 bytes]","args":[{"element-6066-11e4-a52e-4f735466cecf":"f.1999790E03A964CB3378C0A271C2A0DB.d.6342C201259CBCCAB8E156570EDCEF5C.e.6551","ELEMENT":"f.1999790E03A964CB3378C0A271C2A0DB.d.6342C201259CBCCAB8E156570EDCEF5C.e.6551"}]}
COMMAND: POST /session/48ce7485e2c64a68d867c0ed65041780/element - {"using":"xpath","value":"//div[contains(@id, \"filterItemControl_BASIC-ALL_TAGS-valueHelpDialog-table-rowsel0\")]"}
COMMAND: GET /session/48ce7485e2c64a68d867c0ed65041780/screenshot - {}
RESULT: {"using":"xpath","value":"//div[contains(@id, \"filterItemControl_BASIC-ALL_TAGS-valueHelpDialog-table-rowsel0\")]"}
COMMAND: POST /session/48ce7485e2c64a68d867c0ed65041780/element/f.1999790E03A964CB3378C0A271C2A0DB.d.6342C201259CBCCAB8E156570EDCEF5C.e.6552/click - {}
RESULT: {}
RESULT: {}
COMMAND: GET /session/48ce7485e2c64a68d867c0ed65041780/screenshot - {}
RESULT: {}
COMMAND: POST /session/48ce7485e2c64a68d867c0ed65041780/element - {"using":"xpath","value":"(//bdi[contains(text(), \"OK\")])[1]"}
RESULT: {"using":"xpath","value":"(//bdi[contains(text(), \"OK\")])[1]"}
COMMAND: POST /session/48ce7485e2c64a68d867c0ed65041780/element/f.1999790E03A964CB3378C0A271C2A0DB.d.6342C201259CBCCAB8E156570EDCEF5C.e.6554/click - {}
RESULT: {}
COMMAND: GET /session/48ce7485e2c64a68d867c0ed65041780/screenshot - {}
RESULT: {}
COMMAND: POST /session/48ce7485e2c64a68d867c0ed65041780/element - {"using":"xpath","value":"//span[@id=\"application-managepartners-display-component---masterPtm--smartTable-header-inner\"]"}
RESULT: {"using":"xpath","value":"//span[@id=\"application-managepartners-display-component---masterPtm--smartTable-header-inner\"]"}
COMMAND: POST /session/48ce7485e2c64a68d867c0ed65041780/elements - {"using":"xpath","value":"//span[@id=\"application-managepartners-display-component---masterPtm--smartTable-header-inner\"]"}
RESULT: {"using":"xpath","value":"//span[@id=\"application-managepartners-display-component---masterPtm--smartTable-header-inner\"]"}
COMMAND: POST /session/48ce7485e2c64a68d867c0ed65041780/execute/sync - {"script":"<script> [56 bytes]","args":[{"element-6066-11e4-a52e-4f735466cecf":"f.1999790E03A964CB3378C0A271C2A0DB.d.6342C201259CBCCAB8E156570EDCEF5C.e.6076","ELEMENT":"f.1999790E03A964CB3378C0A271C2A0DB.d.6342C201259CBCCAB8E156570EDCEF5C.e.6076"}]}
RESULT: {"script":"<script> [56 bytes]","args":[{"element-6066-11e4-a52e-4f735466cecf":"f.1999790E03A964CB3378C0A271C2A0DB.d.6342C201259CBCCAB8E156570EDCEF5C.e.6076","ELEMENT":"f.1999790E03A964CB3378C0A271C2A0DB.d.6342C201259CBCCAB8E156570EDCEF5C.e.6076"}]}
COMMAND: POST /session/48ce7485e2c64a68d867c0ed65041780/element - {"using":"xpath","value":"//span[contains(@title, \"Remove\")]"}
COMMAND: GET /session/48ce7485e2c64a68d867c0ed65041780/screenshot - {}
RESULT: {"using":"xpath","value":"//span[contains(@title, \"Remove\")]"}
COMMAND: POST /session/48ce7485e2c64a68d867c0ed65041780/element/f.1999790E03A964CB3378C0A271C2A0DB.d.6342C201259CBCCAB8E156570EDCEF5C.e.6576/click - {}
RESULT: {}
RESULT: {}
COMMAND: GET /session/48ce7485e2c64a68d867c0ed65041780/screenshot - {}
RESULT: {}
COMMAND: POST /session/48ce7485e2c64a68d867c0ed65041780/execute/async - {"script":"<script> [1562 bytes]","args":[{"selector":{"id":"application-managepartners-display-component---masterPtm--partnerTypes-arrow"},"wdio_ui5_key":"applicationmanagepartners-display-component---masterPtm--partnerTypes-arrow"}]}
RESULT: {"script":"<script> [1562 bytes]","args":[{"selector":{"id":"application-managepartners-display-component---masterPtm--partnerTypes-arrow"},"wdio_ui5_key":"applicationmanagepartners-display-component---masterPtm--partnerTypes-arrow"}]}
RESULT: undefined
COMMAND: POST /session/48ce7485e2c64a68d867c0ed65041780/element - {"using":"xpath","value":"//*[@id=\"application-managepartners-display-component---masterPtm--partnerTypes-arrow\"]"}
RESULT: {"using":"xpath","value":"//*[@id=\"application-managepartners-display-component---masterPtm--partnerTypes-arrow\"]"}
COMMAND: POST /session/48ce7485e2c64a68d867c0ed65041780/element/f.1999790E03A964CB3378C0A271C2A0DB.d.6342C201259CBCCAB8E156570EDCEF5C.e.6679/click - {}
RESULT: {}
COMMAND: GET /session/48ce7485e2c64a68d867c0ed65041780/screenshot - {}
RESULT: {}
COMMAND: POST /session/48ce7485e2c64a68d867c0ed65041780/element - {"using":"xpath","value":"//li[.//span[text()=\"External partner\"]]//div[contains(@class,\"sapMCbBg\")]"}
RESULT: {"using":"xpath","value":"//li[.//span[text()=\"External partner\"]]//div[contains(@class,\"sapMCbBg\")]"}
COMMAND: POST /session/48ce7485e2c64a68d867c0ed65041780/element/f.1999790E03A964CB3378C0A271C2A0DB.d.6342C201259CBCCAB8E156570EDCEF5C.e.6682/click - {}
RESULT: {}
COMMAND: GET /session/48ce7485e2c64a68d867c0ed65041780/screenshot - {}
RESULT: {}
COMMAND: POST /session/48ce7485e2c64a68d867c0ed65041780/element - {"using":"xpath","value":"//div[contains(@id,\"application-managepartners-display-component---masterPtm--smartFilterBar-btnBasicSearch-search\")]"}
RESULT: {"using":"xpath","value":"//div[contains(@id,\"application-managepartners-display-component---masterPtm--smartFilterBar-btnBasicSearch-search\")]"}
COMMAND: POST /session/48ce7485e2c64a68d867c0ed65041780/element/f.1999790E03A964CB3378C0A271C2A0DB.d.6342C201259CBCCAB8E156570EDCEF5C.e.6738/click - {}
RESULT: {}
COMMAND: GET /session/48ce7485e2c64a68d867c0ed65041780/screenshot - {}
RESULT: {}
COMMAND: POST /session/48ce7485e2c64a68d867c0ed65041780/element - {"using":"xpath","value":"//span[@id=\"application-managepartners-display-component---masterPtm--smartTable-header-inner\"]"}
RESULT: {"using":"xpath","value":"//span[@id=\"application-managepartners-display-component---masterPtm--smartTable-header-inner\"]"}
COMMAND: POST /session/48ce7485e2c64a68d867c0ed65041780/elements - {"using":"xpath","value":"//span[@id=\"application-managepartners-display-component---masterPtm--smartTable-header-inner\"]"}
RESULT: {"using":"xpath","value":"//span[@id=\"application-managepartners-display-component---masterPtm--smartTable-header-inner\"]"}
COMMAND: POST /session/48ce7485e2c64a68d867c0ed65041780/execute/sync - {"script":"<script> [56 bytes]","args":[{"element-6066-11e4-a52e-4f735466cecf":"f.1999790E03A964CB3378C0A271C2A0DB.d.6342C201259CBCCAB8E156570EDCEF5C.e.6076","ELEMENT":"f.1999790E03A964CB3378C0A271C2A0DB.d.6342C201259CBCCAB8E156570EDCEF5C.e.6076"}]}
RESULT: {"script":"<script> [56 bytes]","args":[{"element-6066-11e4-a52e-4f735466cecf":"f.1999790E03A964CB3378C0A271C2A0DB.d.6342C201259CBCCAB8E156570EDCEF5C.e.6076","ELEMENT":"f.1999790E03A964CB3378C0A271C2A0DB.d.6342C201259CBCCAB8E156570EDCEF5C.e.6076"}]}
COMMAND: POST /session/48ce7485e2c64a68d867c0ed65041780/element - {"using":"xpath","value":"//span[contains(@title, \"Remove\")]"}
COMMAND: GET /session/48ce7485e2c64a68d867c0ed65041780/screenshot - {}
RESULT: {"using":"xpath","value":"//span[contains(@title, \"Remove\")]"}
COMMAND: POST /session/48ce7485e2c64a68d867c0ed65041780/element/f.1999790E03A964CB3378C0A271C2A0DB.d.6342C201259CBCCAB8E156570EDCEF5C.e.6742/click - {}
RESULT: {}
RESULT: {}
COMMAND: GET /session/48ce7485e2c64a68d867c0ed65041780/screenshot - {}
RESULT: {}
COMMAND: POST /session/48ce7485e2c64a68d867c0ed65041780/execute/async - {"script":"<script> [1562 bytes]","args":[{"selector":{"id":"application-managepartners-display-component---masterPtm--smartFilterBar-btnFilters","interaction":{"idSuffix":"BDI-content"}},"wdio_ui5_key":"applicationmanagepartners-display-component---masterPtm--smartFilterBar-btnFilters"}]}
RESULT: {"script":"<script> [1562 bytes]","args":[{"selector":{"id":"application-managepartners-display-component---masterPtm--smartFilterBar-btnFilters","interaction":{"idSuffix":"BDI-content"}},"wdio_ui5_key":"applicationmanagepartners-display-component---masterPtm--smartFilterBar-btnFilters"}]}
RESULT: undefined
COMMAND: POST /session/48ce7485e2c64a68d867c0ed65041780/element - {"using":"xpath","value":"//*[@id=\"application-managepartners-display-component---masterPtm--smartFilterBar-btnFilters\"]"}
RESULT: {"using":"xpath","value":"//*[@id=\"application-managepartners-display-component---masterPtm--smartFilterBar-btnFilters\"]"}
COMMAND: POST /session/48ce7485e2c64a68d867c0ed65041780/element/f.1999790E03A964CB3378C0A271C2A0DB.d.6342C201259CBCCAB8E156570EDCEF5C.e.5925/click - {}
RESULT: {}
COMMAND: GET /session/48ce7485e2c64a68d867c0ed65041780/screenshot - {}
RESULT: {}
COMMAND: POST /session/48ce7485e2c64a68d867c0ed65041780/elements - {"using":"xpath","value":"//table[contains(@id, \"listView-innerSelectionPanelTable-listUl\")]/tbody/tr"}
RESULT: {"using":"xpath","value":"//table[contains(@id, \"listView-innerSelectionPanelTable-listUl\")]/tbody/tr"}
COMMAND: POST /session/48ce7485e2c64a68d867c0ed65041780/element - {"using":"xpath","value":"//table[contains(@id, \"listView-innerSelectionPanelTable-listUl\")]/tbody/tr[2]/td[2]/div/div"}
RESULT: {"using":"xpath","value":"//table[contains(@id, \"listView-innerSelectionPanelTable-listUl\")]/tbody/tr[2]/td[2]/div/div"}
COMMAND: POST /session/48ce7485e2c64a68d867c0ed65041780/element - {"using":"xpath","value":"//table[contains(@id, \"listView-innerSelectionPanelTable-listUl\")]/tbody/tr[2]/td[2]/div"}
RESULT: {"using":"xpath","value":"//table[contains(@id, \"listView-innerSelectionPanelTable-listUl\")]/tbody/tr[2]/td[2]/div"}
COMMAND: POST /session/48ce7485e2c64a68d867c0ed65041780/element - {"using":"xpath","value":"//table[contains(@id, \"listView-innerSelectionPanelTable-listUl\")]/tbody/tr[2]/td[3]/div/div/span/span[1]/bdi"}
RESULT: {"using":"xpath","value":"//table[contains(@id, \"listView-innerSelectionPanelTable-listUl\")]/tbody/tr[2]/td[3]/div/div/span/span[1]/bdi"}
COMMAND: POST /session/48ce7485e2c64a68d867c0ed65041780/execute/sync - {"script":"<script> [56 bytes]","args":[{"element-6066-11e4-a52e-4f735466cecf":"f.1999790E03A964CB3378C0A271C2A0DB.d.6342C201259CBCCAB8E156570EDCEF5C.e.6849","ELEMENT":"f.1999790E03A964CB3378C0A271C2A0DB.d.6342C201259CBCCAB8E156570EDCEF5C.e.6849"}]}
RESULT: {"script":"<script> [56 bytes]","args":[{"element-6066-11e4-a52e-4f735466cecf":"f.1999790E03A964CB3378C0A271C2A0DB.d.6342C201259CBCCAB8E156570EDCEF5C.e.6849","ELEMENT":"f.1999790E03A964CB3378C0A271C2A0DB.d.6342C201259CBCCAB8E156570EDCEF5C.e.6849"}]}
COMMAND: GET /session/48ce7485e2c64a68d867c0ed65041780/element/f.1999790E03A964CB3378C0A271C2A0DB.d.6342C201259CBCCAB8E156570EDCEF5C.e.6848/attribute/aria-checked - {}
COMMAND: GET /session/48ce7485e2c64a68d867c0ed65041780/screenshot - {}
RESULT: {}
COMMAND: POST /session/48ce7485e2c64a68d867c0ed65041780/element - {"using":"xpath","value":"//table[contains(@id, \"listView-innerSelectionPanelTable-listUl\")]/tbody/tr[3]/td[2]/div/div"}
RESULT: {}
RESULT: {"using":"xpath","value":"//table[contains(@id, \"listView-innerSelectionPanelTable-listUl\")]/tbody/tr[3]/td[2]/div/div"}
COMMAND: POST /session/48ce7485e2c64a68d867c0ed65041780/element - {"using":"xpath","value":"//table[contains(@id, \"listView-innerSelectionPanelTable-listUl\")]/tbody/tr[3]/td[2]/div"}
RESULT: {"using":"xpath","value":"//table[contains(@id, \"listView-innerSelectionPanelTable-listUl\")]/tbody/tr[3]/td[2]/div"}
COMMAND: POST /session/48ce7485e2c64a68d867c0ed65041780/element - {"using":"xpath","value":"//table[contains(@id, \"listView-innerSelectionPanelTable-listUl\")]/tbody/tr[3]/td[3]/div/div/span/span[1]/bdi"}
RESULT: {"using":"xpath","value":"//table[contains(@id, \"listView-innerSelectionPanelTable-listUl\")]/tbody/tr[3]/td[3]/div/div/span/span[1]/bdi"}
COMMAND: POST /session/48ce7485e2c64a68d867c0ed65041780/execute/sync - {"script":"<script> [56 bytes]","args":[{"element-6066-11e4-a52e-4f735466cecf":"f.1999790E03A964CB3378C0A271C2A0DB.d.6342C201259CBCCAB8E156570EDCEF5C.e.6852","ELEMENT":"f.1999790E03A964CB3378C0A271C2A0DB.d.6342C201259CBCCAB8E156570EDCEF5C.e.6852"}]}
RESULT: {"script":"<script> [56 bytes]","args":[{"element-6066-11e4-a52e-4f735466cecf":"f.1999790E03A964CB3378C0A271C2A0DB.d.6342C201259CBCCAB8E156570EDCEF5C.e.6852","ELEMENT":"f.1999790E03A964CB3378C0A271C2A0DB.d.6342C201259CBCCAB8E156570EDCEF5C.e.6852"}]}
COMMAND: GET /session/48ce7485e2c64a68d867c0ed65041780/element/f.1999790E03A964CB3378C0A271C2A0DB.d.6342C201259CBCCAB8E156570EDCEF5C.e.6851/attribute/aria-checked - {}
COMMAND: GET /session/48ce7485e2c64a68d867c0ed65041780/screenshot - {}
RESULT: {}
COMMAND: POST /session/48ce7485e2c64a68d867c0ed65041780/element - {"using":"xpath","value":"//table[contains(@id, \"listView-innerSelectionPanelTable-listUl\")]/tbody/tr[4]/td[2]/div/div"}
RESULT: {}
RESULT: {"using":"xpath","value":"//table[contains(@id, \"listView-innerSelectionPanelTable-listUl\")]/tbody/tr[4]/td[2]/div/div"}
COMMAND: POST /session/48ce7485e2c64a68d867c0ed65041780/element - {"using":"xpath","value":"//table[contains(@id, \"listView-innerSelectionPanelTable-listUl\")]/tbody/tr[4]/td[2]/div"}
RESULT: {"using":"xpath","value":"//table[contains(@id, \"listView-innerSelectionPanelTable-listUl\")]/tbody/tr[4]/td[2]/div"}
COMMAND: POST /session/48ce7485e2c64a68d867c0ed65041780/element - {"using":"xpath","value":"//table[contains(@id, \"listView-innerSelectionPanelTable-listUl\")]/tbody/tr[4]/td[3]/div/div/span/span[1]/bdi"}
RESULT: {"using":"xpath","value":"//table[contains(@id, \"listView-innerSelectionPanelTable-listUl\")]/tbody/tr[4]/td[3]/div/div/span/span[1]/bdi"}
COMMAND: POST /session/48ce7485e2c64a68d867c0ed65041780/execute/sync - {"script":"<script> [56 bytes]","args":[{"element-6066-11e4-a52e-4f735466cecf":"f.1999790E03A964CB3378C0A271C2A0DB.d.6342C201259CBCCAB8E156570EDCEF5C.e.6855","ELEMENT":"f.1999790E03A964CB3378C0A271C2A0DB.d.6342C201259CBCCAB8E156570EDCEF5C.e.6855"}]}
RESULT: {"script":"<script> [56 bytes]","args":[{"element-6066-11e4-a52e-4f735466cecf":"f.1999790E03A964CB3378C0A271C2A0DB.d.6342C201259CBCCAB8E156570EDCEF5C.e.6855","ELEMENT":"f.1999790E03A964CB3378C0A271C2A0DB.d.6342C201259CBCCAB8E156570EDCEF5C.e.6855"}]}
COMMAND: GET /session/48ce7485e2c64a68d867c0ed65041780/element/f.1999790E03A964CB3378C0A271C2A0DB.d.6342C201259CBCCAB8E156570EDCEF5C.e.6854/attribute/aria-checked - {}
COMMAND: GET /session/48ce7485e2c64a68d867c0ed65041780/screenshot - {}
RESULT: {}
COMMAND: POST /session/48ce7485e2c64a68d867c0ed65041780/element - {"using":"xpath","value":"//table[contains(@id, \"listView-innerSelectionPanelTable-listUl\")]/tbody/tr[5]/td[2]/div/div"}
RESULT: {}
RESULT: {"using":"xpath","value":"//table[contains(@id, \"listView-innerSelectionPanelTable-listUl\")]/tbody/tr[5]/td[2]/div/div"}
COMMAND: POST /session/48ce7485e2c64a68d867c0ed65041780/element - {"using":"xpath","value":"//table[contains(@id, \"listView-innerSelectionPanelTable-listUl\")]/tbody/tr[5]/td[2]/div"}
RESULT: {"using":"xpath","value":"//table[contains(@id, \"listView-innerSelectionPanelTable-listUl\")]/tbody/tr[5]/td[2]/div"}
COMMAND: POST /session/48ce7485e2c64a68d867c0ed65041780/element - {"using":"xpath","value":"//table[contains(@id, \"listView-innerSelectionPanelTable-listUl\")]/tbody/tr[5]/td[3]/div/div/span/span[1]/bdi"}
RESULT: {"using":"xpath","value":"//table[contains(@id, \"listView-innerSelectionPanelTable-listUl\")]/tbody/tr[5]/td[3]/div/div/span/span[1]/bdi"}
COMMAND: POST /session/48ce7485e2c64a68d867c0ed65041780/execute/sync - {"script":"<script> [56 bytes]","args":[{"element-6066-11e4-a52e-4f735466cecf":"f.1999790E03A964CB3378C0A271C2A0DB.d.6342C201259CBCCAB8E156570EDCEF5C.e.6858","ELEMENT":"f.1999790E03A964CB3378C0A271C2A0DB.d.6342C201259CBCCAB8E156570EDCEF5C.e.6858"}]}
RESULT: {"script":"<script> [56 bytes]","args":[{"element-6066-11e4-a52e-4f735466cecf":"f.1999790E03A964CB3378C0A271C2A0DB.d.6342C201259CBCCAB8E156570EDCEF5C.e.6858","ELEMENT":"f.1999790E03A964CB3378C0A271C2A0DB.d.6342C201259CBCCAB8E156570EDCEF5C.e.6858"}]}
COMMAND: GET /session/48ce7485e2c64a68d867c0ed65041780/element/f.1999790E03A964CB3378C0A271C2A0DB.d.6342C201259CBCCAB8E156570EDCEF5C.e.6857/attribute/aria-checked - {}
COMMAND: GET /session/48ce7485e2c64a68d867c0ed65041780/screenshot - {}
RESULT: {}
COMMAND: POST /session/48ce7485e2c64a68d867c0ed65041780/element - {"using":"xpath","value":"//table[contains(@id, \"listView-innerSelectionPanelTable-listUl\")]/tbody/tr[6]/td[2]/div/div"}
RESULT: {}
RESULT: {"using":"xpath","value":"//table[contains(@id, \"listView-innerSelectionPanelTable-listUl\")]/tbody/tr[6]/td[2]/div/div"}
COMMAND: POST /session/48ce7485e2c64a68d867c0ed65041780/element - {"using":"xpath","value":"//table[contains(@id, \"listView-innerSelectionPanelTable-listUl\")]/tbody/tr[6]/td[2]/div"}
RESULT: {"using":"xpath","value":"//table[contains(@id, \"listView-innerSelectionPanelTable-listUl\")]/tbody/tr[6]/td[2]/div"}
COMMAND: POST /session/48ce7485e2c64a68d867c0ed65041780/element - {"using":"xpath","value":"//table[contains(@id, \"listView-innerSelectionPanelTable-listUl\")]/tbody/tr[6]/td[3]/div/div/span/span[1]/bdi"}
RESULT: {"using":"xpath","value":"//table[contains(@id, \"listView-innerSelectionPanelTable-listUl\")]/tbody/tr[6]/td[3]/div/div/span/span[1]/bdi"}
COMMAND: POST /session/48ce7485e2c64a68d867c0ed65041780/execute/sync - {"script":"<script> [56 bytes]","args":[{"element-6066-11e4-a52e-4f735466cecf":"f.1999790E03A964CB3378C0A271C2A0DB.d.6342C201259CBCCAB8E156570EDCEF5C.e.6861","ELEMENT":"f.1999790E03A964CB3378C0A271C2A0DB.d.6342C201259CBCCAB8E156570EDCEF5C.e.6861"}]}
RESULT: {"script":"<script> [56 bytes]","args":[{"element-6066-11e4-a52e-4f735466cecf":"f.1999790E03A964CB3378C0A271C2A0DB.d.6342C201259CBCCAB8E156570EDCEF5C.e.6861","ELEMENT":"f.1999790E03A964CB3378C0A271C2A0DB.d.6342C201259CBCCAB8E156570EDCEF5C.e.6861"}]}
COMMAND: GET /session/48ce7485e2c64a68d867c0ed65041780/element/f.1999790E03A964CB3378C0A271C2A0DB.d.6342C201259CBCCAB8E156570EDCEF5C.e.6860/attribute/aria-checked - {}
COMMAND: GET /session/48ce7485e2c64a68d867c0ed65041780/screenshot - {}
RESULT: {}
COMMAND: POST /session/48ce7485e2c64a68d867c0ed65041780/element - {"using":"xpath","value":"//table[contains(@id, \"listView-innerSelectionPanelTable-listUl\")]/tbody/tr[7]/td[2]/div/div"}
RESULT: {}
RESULT: {"using":"xpath","value":"//table[contains(@id, \"listView-innerSelectionPanelTable-listUl\")]/tbody/tr[7]/td[2]/div/div"}
COMMAND: POST /session/48ce7485e2c64a68d867c0ed65041780/element - {"using":"xpath","value":"//table[contains(@id, \"listView-innerSelectionPanelTable-listUl\")]/tbody/tr[7]/td[2]/div"}
RESULT: {"using":"xpath","value":"//table[contains(@id, \"listView-innerSelectionPanelTable-listUl\")]/tbody/tr[7]/td[2]/div"}
COMMAND: POST /session/48ce7485e2c64a68d867c0ed65041780/element - {"using":"xpath","value":"//table[contains(@id, \"listView-innerSelectionPanelTable-listUl\")]/tbody/tr[7]/td[3]/div/div/span/span[1]/bdi"}
RESULT: {"using":"xpath","value":"//table[contains(@id, \"listView-innerSelectionPanelTable-listUl\")]/tbody/tr[7]/td[3]/div/div/span/span[1]/bdi"}
COMMAND: POST /session/48ce7485e2c64a68d867c0ed65041780/execute/sync - {"script":"<script> [56 bytes]","args":[{"element-6066-11e4-a52e-4f735466cecf":"f.1999790E03A964CB3378C0A271C2A0DB.d.6342C201259CBCCAB8E156570EDCEF5C.e.6864","ELEMENT":"f.1999790E03A964CB3378C0A271C2A0DB.d.6342C201259CBCCAB8E156570EDCEF5C.e.6864"}]}
RESULT: {"script":"<script> [56 bytes]","args":[{"element-6066-11e4-a52e-4f735466cecf":"f.1999790E03A964CB3378C0A271C2A0DB.d.6342C201259CBCCAB8E156570EDCEF5C.e.6864","ELEMENT":"f.1999790E03A964CB3378C0A271C2A0DB.d.6342C201259CBCCAB8E156570EDCEF5C.e.6864"}]}
COMMAND: GET /session/48ce7485e2c64a68d867c0ed65041780/element/f.1999790E03A964CB3378C0A271C2A0DB.d.6342C201259CBCCAB8E156570EDCEF5C.e.6863/attribute/aria-checked - {}
COMMAND: GET /session/48ce7485e2c64a68d867c0ed65041780/screenshot - {}
RESULT: {}
COMMAND: POST /session/48ce7485e2c64a68d867c0ed65041780/element - {"using":"xpath","value":"//table[contains(@id, \"listView-innerSelectionPanelTable-listUl\")]/tbody/tr[8]/td[2]/div/div"}
RESULT: {}
RESULT: {"using":"xpath","value":"//table[contains(@id, \"listView-innerSelectionPanelTable-listUl\")]/tbody/tr[8]/td[2]/div/div"}
COMMAND: POST /session/48ce7485e2c64a68d867c0ed65041780/element - {"using":"xpath","value":"//table[contains(@id, \"listView-innerSelectionPanelTable-listUl\")]/tbody/tr[8]/td[2]/div"}
RESULT: {"using":"xpath","value":"//table[contains(@id, \"listView-innerSelectionPanelTable-listUl\")]/tbody/tr[8]/td[2]/div"}
COMMAND: POST /session/48ce7485e2c64a68d867c0ed65041780/element - {"using":"xpath","value":"//table[contains(@id, \"listView-innerSelectionPanelTable-listUl\")]/tbody/tr[8]/td[3]/div/div/span/span[1]/bdi"}
RESULT: {"using":"xpath","value":"//table[contains(@id, \"listView-innerSelectionPanelTable-listUl\")]/tbody/tr[8]/td[3]/div/div/span/span[1]/bdi"}
COMMAND: POST /session/48ce7485e2c64a68d867c0ed65041780/execute/sync - {"script":"<script> [56 bytes]","args":[{"element-6066-11e4-a52e-4f735466cecf":"f.1999790E03A964CB3378C0A271C2A0DB.d.6342C201259CBCCAB8E156570EDCEF5C.e.6867","ELEMENT":"f.1999790E03A964CB3378C0A271C2A0DB.d.6342C201259CBCCAB8E156570EDCEF5C.e.6867"}]}
RESULT: {"script":"<script> [56 bytes]","args":[{"element-6066-11e4-a52e-4f735466cecf":"f.1999790E03A964CB3378C0A271C2A0DB.d.6342C201259CBCCAB8E156570EDCEF5C.e.6867","ELEMENT":"f.1999790E03A964CB3378C0A271C2A0DB.d.6342C201259CBCCAB8E156570EDCEF5C.e.6867"}]}
COMMAND: GET /session/48ce7485e2c64a68d867c0ed65041780/element/f.1999790E03A964CB3378C0A271C2A0DB.d.6342C201259CBCCAB8E156570EDCEF5C.e.6866/attribute/aria-checked - {}
COMMAND: GET /session/48ce7485e2c64a68d867c0ed65041780/screenshot - {}
RESULT: {}
COMMAND: POST /session/48ce7485e2c64a68d867c0ed65041780/element - {"using":"xpath","value":"//table[contains(@id, \"listView-innerSelectionPanelTable-listUl\")]/tbody/tr[9]/td[2]/div/div"}
RESULT: {}
RESULT: {"using":"xpath","value":"//table[contains(@id, \"listView-innerSelectionPanelTable-listUl\")]/tbody/tr[9]/td[2]/div/div"}
COMMAND: POST /session/48ce7485e2c64a68d867c0ed65041780/element - {"using":"xpath","value":"//table[contains(@id, \"listView-innerSelectionPanelTable-listUl\")]/tbody/tr[9]/td[2]/div"}
RESULT: {"using":"xpath","value":"//table[contains(@id, \"listView-innerSelectionPanelTable-listUl\")]/tbody/tr[9]/td[2]/div"}
COMMAND: POST /session/48ce7485e2c64a68d867c0ed65041780/element - {"using":"xpath","value":"//table[contains(@id, \"listView-innerSelectionPanelTable-listUl\")]/tbody/tr[9]/td[3]/div/div/span/span[1]/bdi"}
RESULT: {"using":"xpath","value":"//table[contains(@id, \"listView-innerSelectionPanelTable-listUl\")]/tbody/tr[9]/td[3]/div/div/span/span[1]/bdi"}
COMMAND: POST /session/48ce7485e2c64a68d867c0ed65041780/execute/sync - {"script":"<script> [56 bytes]","args":[{"element-6066-11e4-a52e-4f735466cecf":"f.1999790E03A964CB3378C0A271C2A0DB.d.6342C201259CBCCAB8E156570EDCEF5C.e.6870","ELEMENT":"f.1999790E03A964CB3378C0A271C2A0DB.d.6342C201259CBCCAB8E156570EDCEF5C.e.6870"}]}
RESULT: {"script":"<script> [56 bytes]","args":[{"element-6066-11e4-a52e-4f735466cecf":"f.1999790E03A964CB3378C0A271C2A0DB.d.6342C201259CBCCAB8E156570EDCEF5C.e.6870","ELEMENT":"f.1999790E03A964CB3378C0A271C2A0DB.d.6342C201259CBCCAB8E156570EDCEF5C.e.6870"}]}
COMMAND: GET /session/48ce7485e2c64a68d867c0ed65041780/element/f.1999790E03A964CB3378C0A271C2A0DB.d.6342C201259CBCCAB8E156570EDCEF5C.e.6869/attribute/aria-checked - {}
COMMAND: GET /session/48ce7485e2c64a68d867c0ed65041780/screenshot - {}
RESULT: {}
COMMAND: POST /session/48ce7485e2c64a68d867c0ed65041780/element - {"using":"xpath","value":"//table[contains(@id, \"listView-innerSelectionPanelTable-listUl\")]/tbody/tr[10]/td[2]/div/div"}
RESULT: {}
RESULT: {"using":"xpath","value":"//table[contains(@id, \"listView-innerSelectionPanelTable-listUl\")]/tbody/tr[10]/td[2]/div/div"}
COMMAND: POST /session/48ce7485e2c64a68d867c0ed65041780/element - {"using":"xpath","value":"//table[contains(@id, \"listView-innerSelectionPanelTable-listUl\")]/tbody/tr[10]/td[2]/div"}
RESULT: {"using":"xpath","value":"//table[contains(@id, \"listView-innerSelectionPanelTable-listUl\")]/tbody/tr[10]/td[2]/div"}
COMMAND: POST /session/48ce7485e2c64a68d867c0ed65041780/element - {"using":"xpath","value":"//table[contains(@id, \"listView-innerSelectionPanelTable-listUl\")]/tbody/tr[10]/td[3]/div/div/span/span[1]/bdi"}
RESULT: {"using":"xpath","value":"//table[contains(@id, \"listView-innerSelectionPanelTable-listUl\")]/tbody/tr[10]/td[3]/div/div/span/span[1]/bdi"}
COMMAND: POST /session/48ce7485e2c64a68d867c0ed65041780/execute/sync - {"script":"<script> [56 bytes]","args":[{"element-6066-11e4-a52e-4f735466cecf":"f.1999790E03A964CB3378C0A271C2A0DB.d.6342C201259CBCCAB8E156570EDCEF5C.e.6873","ELEMENT":"f.1999790E03A964CB3378C0A271C2A0DB.d.6342C201259CBCCAB8E156570EDCEF5C.e.6873"}]}
RESULT: {"script":"<script> [56 bytes]","args":[{"element-6066-11e4-a52e-4f735466cecf":"f.1999790E03A964CB3378C0A271C2A0DB.d.6342C201259CBCCAB8E156570EDCEF5C.e.6873","ELEMENT":"f.1999790E03A964CB3378C0A271C2A0DB.d.6342C201259CBCCAB8E156570EDCEF5C.e.6873"}]}
COMMAND: GET /session/48ce7485e2c64a68d867c0ed65041780/element/f.1999790E03A964CB3378C0A271C2A0DB.d.6342C201259CBCCAB8E156570EDCEF5C.e.6872/attribute/aria-checked - {}
COMMAND: GET /session/48ce7485e2c64a68d867c0ed65041780/screenshot - {}
RESULT: {}
COMMAND: POST /session/48ce7485e2c64a68d867c0ed65041780/element - {"using":"xpath","value":"//table[contains(@id, \"listView-innerSelectionPanelTable-listUl\")]/tbody/tr[11]/td[2]/div/div"}
RESULT: {}
RESULT: {"using":"xpath","value":"//table[contains(@id, \"listView-innerSelectionPanelTable-listUl\")]/tbody/tr[11]/td[2]/div/div"}
COMMAND: POST /session/48ce7485e2c64a68d867c0ed65041780/element - {"using":"xpath","value":"//table[contains(@id, \"listView-innerSelectionPanelTable-listUl\")]/tbody/tr[11]/td[2]/div"}
RESULT: {"using":"xpath","value":"//table[contains(@id, \"listView-innerSelectionPanelTable-listUl\")]/tbody/tr[11]/td[2]/div"}
COMMAND: POST /session/48ce7485e2c64a68d867c0ed65041780/element - {"using":"xpath","value":"//table[contains(@id, \"listView-innerSelectionPanelTable-listUl\")]/tbody/tr[11]/td[3]/div/div/span/span[1]/bdi"}
RESULT: {"using":"xpath","value":"//table[contains(@id, \"listView-innerSelectionPanelTable-listUl\")]/tbody/tr[11]/td[3]/div/div/span/span[1]/bdi"}
COMMAND: POST /session/48ce7485e2c64a68d867c0ed65041780/execute/sync - {"script":"<script> [56 bytes]","args":[{"element-6066-11e4-a52e-4f735466cecf":"f.1999790E03A964CB3378C0A271C2A0DB.d.6342C201259CBCCAB8E156570EDCEF5C.e.6876","ELEMENT":"f.1999790E03A964CB3378C0A271C2A0DB.d.6342C201259CBCCAB8E156570EDCEF5C.e.6876"}]}
RESULT: {"script":"<script> [56 bytes]","args":[{"element-6066-11e4-a52e-4f735466cecf":"f.1999790E03A964CB3378C0A271C2A0DB.d.6342C201259CBCCAB8E156570EDCEF5C.e.6876","ELEMENT":"f.1999790E03A964CB3378C0A271C2A0DB.d.6342C201259CBCCAB8E156570EDCEF5C.e.6876"}]}
COMMAND: GET /session/48ce7485e2c64a68d867c0ed65041780/element/f.1999790E03A964CB3378C0A271C2A0DB.d.6342C201259CBCCAB8E156570EDCEF5C.e.6875/attribute/aria-checked - {}
COMMAND: GET /session/48ce7485e2c64a68d867c0ed65041780/screenshot - {}
RESULT: {}
COMMAND: POST /session/48ce7485e2c64a68d867c0ed65041780/element - {"using":"xpath","value":"//table[contains(@id, \"listView-innerSelectionPanelTable-listUl\")]/tbody/tr[12]/td[2]/div/div"}
RESULT: {}
RESULT: {"using":"xpath","value":"//table[contains(@id, \"listView-innerSelectionPanelTable-listUl\")]/tbody/tr[12]/td[2]/div/div"}
COMMAND: POST /session/48ce7485e2c64a68d867c0ed65041780/element - {"using":"xpath","value":"//table[contains(@id, \"listView-innerSelectionPanelTable-listUl\")]/tbody/tr[12]/td[2]/div"}
RESULT: {"using":"xpath","value":"//table[contains(@id, \"listView-innerSelectionPanelTable-listUl\")]/tbody/tr[12]/td[2]/div"}
COMMAND: POST /session/48ce7485e2c64a68d867c0ed65041780/element - {"using":"xpath","value":"//table[contains(@id, \"listView-innerSelectionPanelTable-listUl\")]/tbody/tr[12]/td[3]/div/div/span/span[1]/bdi"}
RESULT: {"using":"xpath","value":"//table[contains(@id, \"listView-innerSelectionPanelTable-listUl\")]/tbody/tr[12]/td[3]/div/div/span/span[1]/bdi"}
COMMAND: POST /session/48ce7485e2c64a68d867c0ed65041780/execute/sync - {"script":"<script> [56 bytes]","args":[{"element-6066-11e4-a52e-4f735466cecf":"f.1999790E03A964CB3378C0A271C2A0DB.d.6342C201259CBCCAB8E156570EDCEF5C.e.6879","ELEMENT":"f.1999790E03A964CB3378C0A271C2A0DB.d.6342C201259CBCCAB8E156570EDCEF5C.e.6879"}]}
RESULT: {"script":"<script> [56 bytes]","args":[{"element-6066-11e4-a52e-4f735466cecf":"f.1999790E03A964CB3378C0A271C2A0DB.d.6342C201259CBCCAB8E156570EDCEF5C.e.6879","ELEMENT":"f.1999790E03A964CB3378C0A271C2A0DB.d.6342C201259CBCCAB8E156570EDCEF5C.e.6879"}]}
COMMAND: GET /session/48ce7485e2c64a68d867c0ed65041780/element/f.1999790E03A964CB3378C0A271C2A0DB.d.6342C201259CBCCAB8E156570EDCEF5C.e.6878/attribute/aria-checked - {}
COMMAND: GET /session/48ce7485e2c64a68d867c0ed65041780/screenshot - {}
RESULT: {}
COMMAND: POST /session/48ce7485e2c64a68d867c0ed65041780/element - {"using":"xpath","value":"//table[contains(@id, \"listView-innerSelectionPanelTable-listUl\")]/tbody/tr[13]/td[2]/div/div"}
RESULT: {}
RESULT: {"using":"xpath","value":"//table[contains(@id, \"listView-innerSelectionPanelTable-listUl\")]/tbody/tr[13]/td[2]/div/div"}
COMMAND: POST /session/48ce7485e2c64a68d867c0ed65041780/element - {"using":"xpath","value":"//table[contains(@id, \"listView-innerSelectionPanelTable-listUl\")]/tbody/tr[13]/td[2]/div"}
RESULT: {"using":"xpath","value":"//table[contains(@id, \"listView-innerSelectionPanelTable-listUl\")]/tbody/tr[13]/td[2]/div"}
COMMAND: POST /session/48ce7485e2c64a68d867c0ed65041780/element - {"using":"xpath","value":"//table[contains(@id, \"listView-innerSelectionPanelTable-listUl\")]/tbody/tr[13]/td[3]/div/div/span/span[1]/bdi"}
RESULT: {"using":"xpath","value":"//table[contains(@id, \"listView-innerSelectionPanelTable-listUl\")]/tbody/tr[13]/td[3]/div/div/span/span[1]/bdi"}
COMMAND: POST /session/48ce7485e2c64a68d867c0ed65041780/execute/sync - {"script":"<script> [56 bytes]","args":[{"element-6066-11e4-a52e-4f735466cecf":"f.1999790E03A964CB3378C0A271C2A0DB.d.6342C201259CBCCAB8E156570EDCEF5C.e.6882","ELEMENT":"f.1999790E03A964CB3378C0A271C2A0DB.d.6342C201259CBCCAB8E156570EDCEF5C.e.6882"}]}
RESULT: {"script":"<script> [56 bytes]","args":[{"element-6066-11e4-a52e-4f735466cecf":"f.1999790E03A964CB3378C0A271C2A0DB.d.6342C201259CBCCAB8E156570EDCEF5C.e.6882","ELEMENT":"f.1999790E03A964CB3378C0A271C2A0DB.d.6342C201259CBCCAB8E156570EDCEF5C.e.6882"}]}
COMMAND: GET /session/48ce7485e2c64a68d867c0ed65041780/element/f.1999790E03A964CB3378C0A271C2A0DB.d.6342C201259CBCCAB8E156570EDCEF5C.e.6881/attribute/aria-checked - {}
COMMAND: GET /session/48ce7485e2c64a68d867c0ed65041780/screenshot - {}
RESULT: {}
COMMAND: POST /session/48ce7485e2c64a68d867c0ed65041780/element - {"using":"xpath","value":"//table[contains(@id, \"listView-innerSelectionPanelTable-listUl\")]/tbody/tr[14]/td[2]/div/div"}
COMMAND: POST /session/48ce7485e2c64a68d867c0ed65041780/element/f.1999790E03A964CB3378C0A271C2A0DB.d.6342C201259CBCCAB8E156570EDCEF5C.e.6880/click - {}
RESULT: {}
RESULT: {"using":"xpath","value":"//table[contains(@id, \"listView-innerSelectionPanelTable-listUl\")]/tbody/tr[14]/td[2]/div/div"}
COMMAND: POST /session/48ce7485e2c64a68d867c0ed65041780/element - {"using":"xpath","value":"//table[contains(@id, \"listView-innerSelectionPanelTable-listUl\")]/tbody/tr[14]/td[2]/div"}
RESULT: {}
COMMAND: GET /session/48ce7485e2c64a68d867c0ed65041780/screenshot - {}
RESULT: {"using":"xpath","value":"//table[contains(@id, \"listView-innerSelectionPanelTable-listUl\")]/tbody/tr[14]/td[2]/div"}
COMMAND: POST /session/48ce7485e2c64a68d867c0ed65041780/element - {"using":"xpath","value":"//table[contains(@id, \"listView-innerSelectionPanelTable-listUl\")]/tbody/tr[14]/td[3]/div/div/span/span[1]/bdi"}
RESULT: {}
RESULT: {"using":"xpath","value":"//table[contains(@id, \"listView-innerSelectionPanelTable-listUl\")]/tbody/tr[14]/td[3]/div/div/span/span[1]/bdi"}
COMMAND: POST /session/48ce7485e2c64a68d867c0ed65041780/execute/sync - {"script":"<script> [56 bytes]","args":[{"element-6066-11e4-a52e-4f735466cecf":"f.1999790E03A964CB3378C0A271C2A0DB.d.6342C201259CBCCAB8E156570EDCEF5C.e.6886","ELEMENT":"f.1999790E03A964CB3378C0A271C2A0DB.d.6342C201259CBCCAB8E156570EDCEF5C.e.6886"}]}
RESULT: {"script":"<script> [56 bytes]","args":[{"element-6066-11e4-a52e-4f735466cecf":"f.1999790E03A964CB3378C0A271C2A0DB.d.6342C201259CBCCAB8E156570EDCEF5C.e.6886","ELEMENT":"f.1999790E03A964CB3378C0A271C2A0DB.d.6342C201259CBCCAB8E156570EDCEF5C.e.6886"}]}
COMMAND: GET /session/48ce7485e2c64a68d867c0ed65041780/element/f.1999790E03A964CB3378C0A271C2A0DB.d.6342C201259CBCCAB8E156570EDCEF5C.e.6885/attribute/aria-checked - {}
COMMAND: GET /session/48ce7485e2c64a68d867c0ed65041780/screenshot - {}
RESULT: {}
COMMAND: POST /session/48ce7485e2c64a68d867c0ed65041780/element - {"using":"xpath","value":"//table[contains(@id, \"listView-innerSelectionPanelTable-listUl\")]/tbody/tr[15]/td[2]/div/div"}
RESULT: {}
RESULT: {"using":"xpath","value":"//table[contains(@id, \"listView-innerSelectionPanelTable-listUl\")]/tbody/tr[15]/td[2]/div/div"}
COMMAND: POST /session/48ce7485e2c64a68d867c0ed65041780/element - {"using":"xpath","value":"//table[contains(@id, \"listView-innerSelectionPanelTable-listUl\")]/tbody/tr[15]/td[2]/div"}
RESULT: {"using":"xpath","value":"//table[contains(@id, \"listView-innerSelectionPanelTable-listUl\")]/tbody/tr[15]/td[2]/div"}
COMMAND: POST /session/48ce7485e2c64a68d867c0ed65041780/element - {"using":"xpath","value":"//table[contains(@id, \"listView-innerSelectionPanelTable-listUl\")]/tbody/tr[15]/td[3]/div/div/span/span[1]/bdi"}
RESULT: {"using":"xpath","value":"//table[contains(@id, \"listView-innerSelectionPanelTable-listUl\")]/tbody/tr[15]/td[3]/div/div/span/span[1]/bdi"}
COMMAND: POST /session/48ce7485e2c64a68d867c0ed65041780/execute/sync - {"script":"<script> [56 bytes]","args":[{"element-6066-11e4-a52e-4f735466cecf":"f.1999790E03A964CB3378C0A271C2A0DB.d.6342C201259CBCCAB8E156570EDCEF5C.e.6889","ELEMENT":"f.1999790E03A964CB3378C0A271C2A0DB.d.6342C201259CBCCAB8E156570EDCEF5C.e.6889"}]}
RESULT: {"script":"<script> [56 bytes]","args":[{"element-6066-11e4-a52e-4f735466cecf":"f.1999790E03A964CB3378C0A271C2A0DB.d.6342C201259CBCCAB8E156570EDCEF5C.e.6889","ELEMENT":"f.1999790E03A964CB3378C0A271C2A0DB.d.6342C201259CBCCAB8E156570EDCEF5C.e.6889"}]}
COMMAND: GET /session/48ce7485e2c64a68d867c0ed65041780/element/f.1999790E03A964CB3378C0A271C2A0DB.d.6342C201259CBCCAB8E156570EDCEF5C.e.6888/attribute/aria-checked - {}
COMMAND: GET /session/48ce7485e2c64a68d867c0ed65041780/screenshot - {}
RESULT: {}
COMMAND: POST /session/48ce7485e2c64a68d867c0ed65041780/element - {"using":"xpath","value":"//table[contains(@id, \"listView-innerSelectionPanelTable-listUl\")]/tbody/tr[16]/td[2]/div/div"}
RESULT: {}
RESULT: {"using":"xpath","value":"//table[contains(@id, \"listView-innerSelectionPanelTable-listUl\")]/tbody/tr[16]/td[2]/div/div"}
COMMAND: POST /session/48ce7485e2c64a68d867c0ed65041780/element - {"using":"xpath","value":"//table[contains(@id, \"listView-innerSelectionPanelTable-listUl\")]/tbody/tr[16]/td[2]/div"}
RESULT: {"using":"xpath","value":"//table[contains(@id, \"listView-innerSelectionPanelTable-listUl\")]/tbody/tr[16]/td[2]/div"}
COMMAND: POST /session/48ce7485e2c64a68d867c0ed65041780/element - {"using":"xpath","value":"//table[contains(@id, \"listView-innerSelectionPanelTable-listUl\")]/tbody/tr[16]/td[3]/div/div/span/span[1]/bdi"}
RESULT: {"using":"xpath","value":"//table[contains(@id, \"listView-innerSelectionPanelTable-listUl\")]/tbody/tr[16]/td[3]/div/div/span/span[1]/bdi"}
COMMAND: POST /session/48ce7485e2c64a68d867c0ed65041780/execute/sync - {"script":"<script> [56 bytes]","args":[{"element-6066-11e4-a52e-4f735466cecf":"f.1999790E03A964CB3378C0A271C2A0DB.d.6342C201259CBCCAB8E156570EDCEF5C.e.6892","ELEMENT":"f.1999790E03A964CB3378C0A271C2A0DB.d.6342C201259CBCCAB8E156570EDCEF5C.e.6892"}]}
RESULT: {"script":"<script> [56 bytes]","args":[{"element-6066-11e4-a52e-4f735466cecf":"f.1999790E03A964CB3378C0A271C2A0DB.d.6342C201259CBCCAB8E156570EDCEF5C.e.6892","ELEMENT":"f.1999790E03A964CB3378C0A271C2A0DB.d.6342C201259CBCCAB8E156570EDCEF5C.e.6892"}]}
COMMAND: GET /session/48ce7485e2c64a68d867c0ed65041780/element/f.1999790E03A964CB3378C0A271C2A0DB.d.6342C201259CBCCAB8E156570EDCEF5C.e.6891/attribute/aria-checked - {}
COMMAND: GET /session/48ce7485e2c64a68d867c0ed65041780/screenshot - {}
RESULT: {}
COMMAND: POST /session/48ce7485e2c64a68d867c0ed65041780/element - {"using":"xpath","value":"//table[contains(@id, \"listView-innerSelectionPanelTable-listUl\")]/tbody/tr[17]/td[2]/div/div"}
RESULT: {}
RESULT: {"using":"xpath","value":"//table[contains(@id, \"listView-innerSelectionPanelTable-listUl\")]/tbody/tr[17]/td[2]/div/div"}
COMMAND: POST /session/48ce7485e2c64a68d867c0ed65041780/element - {"using":"xpath","value":"//table[contains(@id, \"listView-innerSelectionPanelTable-listUl\")]/tbody/tr[17]/td[2]/div"}
RESULT: {"using":"xpath","value":"//table[contains(@id, \"listView-innerSelectionPanelTable-listUl\")]/tbody/tr[17]/td[2]/div"}
COMMAND: POST /session/48ce7485e2c64a68d867c0ed65041780/element - {"using":"xpath","value":"//table[contains(@id, \"listView-innerSelectionPanelTable-listUl\")]/tbody/tr[17]/td[3]/div/div/span/span[1]/bdi"}
RESULT: {"using":"xpath","value":"//table[contains(@id, \"listView-innerSelectionPanelTable-listUl\")]/tbody/tr[17]/td[3]/div/div/span/span[1]/bdi"}
COMMAND: POST /session/48ce7485e2c64a68d867c0ed65041780/execute/sync - {"script":"<script> [56 bytes]","args":[{"element-6066-11e4-a52e-4f735466cecf":"f.1999790E03A964CB3378C0A271C2A0DB.d.6342C201259CBCCAB8E156570EDCEF5C.e.6895","ELEMENT":"f.1999790E03A964CB3378C0A271C2A0DB.d.6342C201259CBCCAB8E156570EDCEF5C.e.6895"}]}
RESULT: {"script":"<script> [56 bytes]","args":[{"element-6066-11e4-a52e-4f735466cecf":"f.1999790E03A964CB3378C0A271C2A0DB.d.6342C201259CBCCAB8E156570EDCEF5C.e.6895","ELEMENT":"f.1999790E03A964CB3378C0A271C2A0DB.d.6342C201259CBCCAB8E156570EDCEF5C.e.6895"}]}
COMMAND: GET /session/48ce7485e2c64a68d867c0ed65041780/element/f.1999790E03A964CB3378C0A271C2A0DB.d.6342C201259CBCCAB8E156570EDCEF5C.e.6894/attribute/aria-checked - {}
COMMAND: GET /session/48ce7485e2c64a68d867c0ed65041780/screenshot - {}
RESULT: {}
COMMAND: POST /session/48ce7485e2c64a68d867c0ed65041780/element - {"using":"xpath","value":"//table[contains(@id, \"listView-innerSelectionPanelTable-listUl\")]/tbody/tr[18]/td[2]/div/div"}
RESULT: {}
RESULT: {"using":"xpath","value":"//table[contains(@id, \"listView-innerSelectionPanelTable-listUl\")]/tbody/tr[18]/td[2]/div/div"}
COMMAND: POST /session/48ce7485e2c64a68d867c0ed65041780/element - {"using":"xpath","value":"//table[contains(@id, \"listView-innerSelectionPanelTable-listUl\")]/tbody/tr[18]/td[2]/div"}
RESULT: {"using":"xpath","value":"//table[contains(@id, \"listView-innerSelectionPanelTable-listUl\")]/tbody/tr[18]/td[2]/div"}
COMMAND: POST /session/48ce7485e2c64a68d867c0ed65041780/element - {"using":"xpath","value":"//table[contains(@id, \"listView-innerSelectionPanelTable-listUl\")]/tbody/tr[18]/td[3]/div/div/span/span[1]/bdi"}
RESULT: {"using":"xpath","value":"//table[contains(@id, \"listView-innerSelectionPanelTable-listUl\")]/tbody/tr[18]/td[3]/div/div/span/span[1]/bdi"}
COMMAND: POST /session/48ce7485e2c64a68d867c0ed65041780/execute/sync - {"script":"<script> [56 bytes]","args":[{"element-6066-11e4-a52e-4f735466cecf":"f.1999790E03A964CB3378C0A271C2A0DB.d.6342C201259CBCCAB8E156570EDCEF5C.e.6898","ELEMENT":"f.1999790E03A964CB3378C0A271C2A0DB.d.6342C201259CBCCAB8E156570EDCEF5C.e.6898"}]}
RESULT: {"script":"<script> [56 bytes]","args":[{"element-6066-11e4-a52e-4f735466cecf":"f.1999790E03A964CB3378C0A271C2A0DB.d.6342C201259CBCCAB8E156570EDCEF5C.e.6898","ELEMENT":"f.1999790E03A964CB3378C0A271C2A0DB.d.6342C201259CBCCAB8E156570EDCEF5C.e.6898"}]}
COMMAND: GET /session/48ce7485e2c64a68d867c0ed65041780/element/f.1999790E03A964CB3378C0A271C2A0DB.d.6342C201259CBCCAB8E156570EDCEF5C.e.6897/attribute/aria-checked - {}
COMMAND: GET /session/48ce7485e2c64a68d867c0ed65041780/screenshot - {}
RESULT: {}
COMMAND: POST /session/48ce7485e2c64a68d867c0ed65041780/element - {"using":"xpath","value":"//table[contains(@id, \"listView-innerSelectionPanelTable-listUl\")]/tbody/tr[19]/td[2]/div/div"}
RESULT: {}
RESULT: {"using":"xpath","value":"//table[contains(@id, \"listView-innerSelectionPanelTable-listUl\")]/tbody/tr[19]/td[2]/div/div"}
COMMAND: POST /session/48ce7485e2c64a68d867c0ed65041780/element - {"using":"xpath","value":"//table[contains(@id, \"listView-innerSelectionPanelTable-listUl\")]/tbody/tr[19]/td[2]/div"}
RESULT: {"using":"xpath","value":"//table[contains(@id, \"listView-innerSelectionPanelTable-listUl\")]/tbody/tr[19]/td[2]/div"}
COMMAND: POST /session/48ce7485e2c64a68d867c0ed65041780/element - {"using":"xpath","value":"//table[contains(@id, \"listView-innerSelectionPanelTable-listUl\")]/tbody/tr[19]/td[3]/div/div/span/span[1]/bdi"}
RESULT: {"using":"xpath","value":"//table[contains(@id, \"listView-innerSelectionPanelTable-listUl\")]/tbody/tr[19]/td[3]/div/div/span/span[1]/bdi"}
COMMAND: POST /session/48ce7485e2c64a68d867c0ed65041780/execute/sync - {"script":"<script> [56 bytes]","args":[{"element-6066-11e4-a52e-4f735466cecf":"f.1999790E03A964CB3378C0A271C2A0DB.d.6342C201259CBCCAB8E156570EDCEF5C.e.6901","ELEMENT":"f.1999790E03A964CB3378C0A271C2A0DB.d.6342C201259CBCCAB8E156570EDCEF5C.e.6901"}]}
RESULT: {"script":"<script> [56 bytes]","args":[{"element-6066-11e4-a52e-4f735466cecf":"f.1999790E03A964CB3378C0A271C2A0DB.d.6342C201259CBCCAB8E156570EDCEF5C.e.6901","ELEMENT":"f.1999790E03A964CB3378C0A271C2A0DB.d.6342C201259CBCCAB8E156570EDCEF5C.e.6901"}]}
COMMAND: GET /session/48ce7485e2c64a68d867c0ed65041780/element/f.1999790E03A964CB3378C0A271C2A0DB.d.6342C201259CBCCAB8E156570EDCEF5C.e.6900/attribute/aria-checked - {}
COMMAND: GET /session/48ce7485e2c64a68d867c0ed65041780/screenshot - {}
RESULT: {}
COMMAND: POST /session/48ce7485e2c64a68d867c0ed65041780/element - {"using":"xpath","value":"//table[contains(@id, \"listView-innerSelectionPanelTable-listUl\")]/tbody/tr[20]/td[2]/div/div"}
RESULT: {}
RESULT: {"using":"xpath","value":"//table[contains(@id, \"listView-innerSelectionPanelTable-listUl\")]/tbody/tr[20]/td[2]/div/div"}
COMMAND: POST /session/48ce7485e2c64a68d867c0ed65041780/element - {"using":"xpath","value":"//table[contains(@id, \"listView-innerSelectionPanelTable-listUl\")]/tbody/tr[20]/td[2]/div"}
RESULT: {"using":"xpath","value":"//table[contains(@id, \"listView-innerSelectionPanelTable-listUl\")]/tbody/tr[20]/td[2]/div"}
COMMAND: POST /session/48ce7485e2c64a68d867c0ed65041780/element - {"using":"xpath","value":"//table[contains(@id, \"listView-innerSelectionPanelTable-listUl\")]/tbody/tr[20]/td[3]/div/div/span/span[1]/bdi"}
RESULT: {"using":"xpath","value":"//table[contains(@id, \"listView-innerSelectionPanelTable-listUl\")]/tbody/tr[20]/td[3]/div/div/span/span[1]/bdi"}
COMMAND: POST /session/48ce7485e2c64a68d867c0ed65041780/execute/sync - {"script":"<script> [56 bytes]","args":[{"element-6066-11e4-a52e-4f735466cecf":"f.1999790E03A964CB3378C0A271C2A0DB.d.6342C201259CBCCAB8E156570EDCEF5C.e.6904","ELEMENT":"f.1999790E03A964CB3378C0A271C2A0DB.d.6342C201259CBCCAB8E156570EDCEF5C.e.6904"}]}
RESULT: {"script":"<script> [56 bytes]","args":[{"element-6066-11e4-a52e-4f735466cecf":"f.1999790E03A964CB3378C0A271C2A0DB.d.6342C201259CBCCAB8E156570EDCEF5C.e.6904","ELEMENT":"f.1999790E03A964CB3378C0A271C2A0DB.d.6342C201259CBCCAB8E156570EDCEF5C.e.6904"}]}
COMMAND: GET /session/48ce7485e2c64a68d867c0ed65041780/element/f.1999790E03A964CB3378C0A271C2A0DB.d.6342C201259CBCCAB8E156570EDCEF5C.e.6903/attribute/aria-checked - {}
COMMAND: GET /session/48ce7485e2c64a68d867c0ed65041780/screenshot - {}
RESULT: {}
COMMAND: POST /session/48ce7485e2c64a68d867c0ed65041780/element - {"using":"xpath","value":"//table[contains(@id, \"listView-innerSelectionPanelTable-listUl\")]/tbody/tr[21]/td[2]/div/div"}
RESULT: {}
RESULT: {"using":"xpath","value":"//table[contains(@id, \"listView-innerSelectionPanelTable-listUl\")]/tbody/tr[21]/td[2]/div/div"}
COMMAND: POST /session/48ce7485e2c64a68d867c0ed65041780/element - {"using":"xpath","value":"//table[contains(@id, \"listView-innerSelectionPanelTable-listUl\")]/tbody/tr[21]/td[2]/div"}
RESULT: {"using":"xpath","value":"//table[contains(@id, \"listView-innerSelectionPanelTable-listUl\")]/tbody/tr[21]/td[2]/div"}
COMMAND: POST /session/48ce7485e2c64a68d867c0ed65041780/element - {"using":"xpath","value":"//table[contains(@id, \"listView-innerSelectionPanelTable-listUl\")]/tbody/tr[21]/td[3]/div/div/span/span[1]/bdi"}
RESULT: {"using":"xpath","value":"//table[contains(@id, \"listView-innerSelectionPanelTable-listUl\")]/tbody/tr[21]/td[3]/div/div/span/span[1]/bdi"}
COMMAND: POST /session/48ce7485e2c64a68d867c0ed65041780/execute/sync - {"script":"<script> [56 bytes]","args":[{"element-6066-11e4-a52e-4f735466cecf":"f.1999790E03A964CB3378C0A271C2A0DB.d.6342C201259CBCCAB8E156570EDCEF5C.e.6907","ELEMENT":"f.1999790E03A964CB3378C0A271C2A0DB.d.6342C201259CBCCAB8E156570EDCEF5C.e.6907"}]}
RESULT: {"script":"<script> [56 bytes]","args":[{"element-6066-11e4-a52e-4f735466cecf":"f.1999790E03A964CB3378C0A271C2A0DB.d.6342C201259CBCCAB8E156570EDCEF5C.e.6907","ELEMENT":"f.1999790E03A964CB3378C0A271C2A0DB.d.6342C201259CBCCAB8E156570EDCEF5C.e.6907"}]}
COMMAND: GET /session/48ce7485e2c64a68d867c0ed65041780/element/f.1999790E03A964CB3378C0A271C2A0DB.d.6342C201259CBCCAB8E156570EDCEF5C.e.6906/attribute/aria-checked - {}
COMMAND: GET /session/48ce7485e2c64a68d867c0ed65041780/screenshot - {}
RESULT: {}
COMMAND: POST /session/48ce7485e2c64a68d867c0ed65041780/element - {"using":"xpath","value":"//table[contains(@id, \"listView-innerSelectionPanelTable-listUl\")]/tbody/tr[22]/td[2]/div/div"}
RESULT: {}
RESULT: {"using":"xpath","value":"//table[contains(@id, \"listView-innerSelectionPanelTable-listUl\")]/tbody/tr[22]/td[2]/div/div"}
COMMAND: POST /session/48ce7485e2c64a68d867c0ed65041780/element - {"using":"xpath","value":"//table[contains(@id, \"listView-innerSelectionPanelTable-listUl\")]/tbody/tr[22]/td[2]/div"}
RESULT: {"using":"xpath","value":"//table[contains(@id, \"listView-innerSelectionPanelTable-listUl\")]/tbody/tr[22]/td[2]/div"}
COMMAND: POST /session/48ce7485e2c64a68d867c0ed65041780/element - {"using":"xpath","value":"//table[contains(@id, \"listView-innerSelectionPanelTable-listUl\")]/tbody/tr[22]/td[3]/div/div/span/span[1]/bdi"}
RESULT: {"using":"xpath","value":"//table[contains(@id, \"listView-innerSelectionPanelTable-listUl\")]/tbody/tr[22]/td[3]/div/div/span/span[1]/bdi"}
COMMAND: POST /session/48ce7485e2c64a68d867c0ed65041780/execute/sync - {"script":"<script> [56 bytes]","args":[{"element-6066-11e4-a52e-4f735466cecf":"f.1999790E03A964CB3378C0A271C2A0DB.d.6342C201259CBCCAB8E156570EDCEF5C.e.6910","ELEMENT":"f.1999790E03A964CB3378C0A271C2A0DB.d.6342C201259CBCCAB8E156570EDCEF5C.e.6910"}]}
RESULT: {"script":"<script> [56 bytes]","args":[{"element-6066-11e4-a52e-4f735466cecf":"f.1999790E03A964CB3378C0A271C2A0DB.d.6342C201259CBCCAB8E156570EDCEF5C.e.6910","ELEMENT":"f.1999790E03A964CB3378C0A271C2A0DB.d.6342C201259CBCCAB8E156570EDCEF5C.e.6910"}]}
COMMAND: GET /session/48ce7485e2c64a68d867c0ed65041780/element/f.1999790E03A964CB3378C0A271C2A0DB.d.6342C201259CBCCAB8E156570EDCEF5C.e.6909/attribute/aria-checked - {}
COMMAND: GET /session/48ce7485e2c64a68d867c0ed65041780/screenshot - {}
RESULT: {}
COMMAND: POST /session/48ce7485e2c64a68d867c0ed65041780/element - {"using":"xpath","value":"//table[contains(@id, \"listView-innerSelectionPanelTable-listUl\")]/tbody/tr[23]/td[2]/div/div"}
RESULT: {}
RESULT: {"using":"xpath","value":"//table[contains(@id, \"listView-innerSelectionPanelTable-listUl\")]/tbody/tr[23]/td[2]/div/div"}
COMMAND: POST /session/48ce7485e2c64a68d867c0ed65041780/element - {"using":"xpath","value":"//table[contains(@id, \"listView-innerSelectionPanelTable-listUl\")]/tbody/tr[23]/td[2]/div"}
RESULT: {"using":"xpath","value":"//table[contains(@id, \"listView-innerSelectionPanelTable-listUl\")]/tbody/tr[23]/td[2]/div"}
COMMAND: POST /session/48ce7485e2c64a68d867c0ed65041780/element - {"using":"xpath","value":"//table[contains(@id, \"listView-innerSelectionPanelTable-listUl\")]/tbody/tr[23]/td[3]/div/div/span/span[1]/bdi"}
RESULT: {"using":"xpath","value":"//table[contains(@id, \"listView-innerSelectionPanelTable-listUl\")]/tbody/tr[23]/td[3]/div/div/span/span[1]/bdi"}
COMMAND: POST /session/48ce7485e2c64a68d867c0ed65041780/execute/sync - {"script":"<script> [56 bytes]","args":[{"element-6066-11e4-a52e-4f735466cecf":"f.1999790E03A964CB3378C0A271C2A0DB.d.6342C201259CBCCAB8E156570EDCEF5C.e.6913","ELEMENT":"f.1999790E03A964CB3378C0A271C2A0DB.d.6342C201259CBCCAB8E156570EDCEF5C.e.6913"}]}
RESULT: {"script":"<script> [56 bytes]","args":[{"element-6066-11e4-a52e-4f735466cecf":"f.1999790E03A964CB3378C0A271C2A0DB.d.6342C201259CBCCAB8E156570EDCEF5C.e.6913","ELEMENT":"f.1999790E03A964CB3378C0A271C2A0DB.d.6342C201259CBCCAB8E156570EDCEF5C.e.6913"}]}
COMMAND: GET /session/48ce7485e2c64a68d867c0ed65041780/element/f.1999790E03A964CB3378C0A271C2A0DB.d.6342C201259CBCCAB8E156570EDCEF5C.e.6912/attribute/aria-checked - {}
COMMAND: GET /session/48ce7485e2c64a68d867c0ed65041780/screenshot - {}
RESULT: {}
COMMAND: POST /session/48ce7485e2c64a68d867c0ed65041780/element - {"using":"xpath","value":"//table[contains(@id, \"listView-innerSelectionPanelTable-listUl\")]/tbody/tr[24]/td[2]/div/div"}
RESULT: {}
RESULT: {"using":"xpath","value":"//table[contains(@id, \"listView-innerSelectionPanelTable-listUl\")]/tbody/tr[24]/td[2]/div/div"}
COMMAND: POST /session/48ce7485e2c64a68d867c0ed65041780/element - {"using":"xpath","value":"//table[contains(@id, \"listView-innerSelectionPanelTable-listUl\")]/tbody/tr[24]/td[2]/div"}
RESULT: {"using":"xpath","value":"//table[contains(@id, \"listView-innerSelectionPanelTable-listUl\")]/tbody/tr[24]/td[2]/div"}
COMMAND: POST /session/48ce7485e2c64a68d867c0ed65041780/element - {"using":"xpath","value":"//table[contains(@id, \"listView-innerSelectionPanelTable-listUl\")]/tbody/tr[24]/td[3]/div/div/span/span[1]/bdi"}
RESULT: {"using":"xpath","value":"//table[contains(@id, \"listView-innerSelectionPanelTable-listUl\")]/tbody/tr[24]/td[3]/div/div/span/span[1]/bdi"}
COMMAND: POST /session/48ce7485e2c64a68d867c0ed65041780/execute/sync - {"script":"<script> [56 bytes]","args":[{"element-6066-11e4-a52e-4f735466cecf":"f.1999790E03A964CB3378C0A271C2A0DB.d.6342C201259CBCCAB8E156570EDCEF5C.e.6916","ELEMENT":"f.1999790E03A964CB3378C0A271C2A0DB.d.6342C201259CBCCAB8E156570EDCEF5C.e.6916"}]}
RESULT: {"script":"<script> [56 bytes]","args":[{"element-6066-11e4-a52e-4f735466cecf":"f.1999790E03A964CB3378C0A271C2A0DB.d.6342C201259CBCCAB8E156570EDCEF5C.e.6916","ELEMENT":"f.1999790E03A964CB3378C0A271C2A0DB.d.6342C201259CBCCAB8E156570EDCEF5C.e.6916"}]}
COMMAND: GET /session/48ce7485e2c64a68d867c0ed65041780/element/f.1999790E03A964CB3378C0A271C2A0DB.d.6342C201259CBCCAB8E156570EDCEF5C.e.6915/attribute/aria-checked - {}
COMMAND: GET /session/48ce7485e2c64a68d867c0ed65041780/screenshot - {}
RESULT: {}
COMMAND: POST /session/48ce7485e2c64a68d867c0ed65041780/element - {"using":"xpath","value":"//table[contains(@id, \"listView-innerSelectionPanelTable-listUl\")]/tbody/tr[25]/td[2]/div/div"}
RESULT: {}
RESULT: {"using":"xpath","value":"//table[contains(@id, \"listView-innerSelectionPanelTable-listUl\")]/tbody/tr[25]/td[2]/div/div"}
COMMAND: POST /session/48ce7485e2c64a68d867c0ed65041780/element - {"using":"xpath","value":"//table[contains(@id, \"listView-innerSelectionPanelTable-listUl\")]/tbody/tr[25]/td[2]/div"}
RESULT: {"using":"xpath","value":"//table[contains(@id, \"listView-innerSelectionPanelTable-listUl\")]/tbody/tr[25]/td[2]/div"}
COMMAND: POST /session/48ce7485e2c64a68d867c0ed65041780/element - {"using":"xpath","value":"//table[contains(@id, \"listView-innerSelectionPanelTable-listUl\")]/tbody/tr[25]/td[3]/div/div/span/span[1]/bdi"}
RESULT: {"using":"xpath","value":"//table[contains(@id, \"listView-innerSelectionPanelTable-listUl\")]/tbody/tr[25]/td[3]/div/div/span/span[1]/bdi"}
COMMAND: POST /session/48ce7485e2c64a68d867c0ed65041780/execute/sync - {"script":"<script> [56 bytes]","args":[{"element-6066-11e4-a52e-4f735466cecf":"f.1999790E03A964CB3378C0A271C2A0DB.d.6342C201259CBCCAB8E156570EDCEF5C.e.6919","ELEMENT":"f.1999790E03A964CB3378C0A271C2A0DB.d.6342C201259CBCCAB8E156570EDCEF5C.e.6919"}]}
RESULT: {"script":"<script> [56 bytes]","args":[{"element-6066-11e4-a52e-4f735466cecf":"f.1999790E03A964CB3378C0A271C2A0DB.d.6342C201259CBCCAB8E156570EDCEF5C.e.6919","ELEMENT":"f.1999790E03A964CB3378C0A271C2A0DB.d.6342C201259CBCCAB8E156570EDCEF5C.e.6919"}]}
COMMAND: GET /session/48ce7485e2c64a68d867c0ed65041780/element/f.1999790E03A964CB3378C0A271C2A0DB.d.6342C201259CBCCAB8E156570EDCEF5C.e.6918/attribute/aria-checked - {}
COMMAND: GET /session/48ce7485e2c64a68d867c0ed65041780/screenshot - {}
RESULT: {}
COMMAND: POST /session/48ce7485e2c64a68d867c0ed65041780/element - {"using":"xpath","value":"//bdi[contains(text(), \"OK\")]"}
RESULT: {}
RESULT: {"using":"xpath","value":"//bdi[contains(text(), \"OK\")]"}
COMMAND: POST /session/48ce7485e2c64a68d867c0ed65041780/element/f.1999790E03A964CB3378C0A271C2A0DB.d.6342C201259CBCCAB8E156570EDCEF5C.e.6920/click - {}
RESULT: {}
COMMAND: GET /session/48ce7485e2c64a68d867c0ed65041780/screenshot - {}
RESULT: {}
COMMAND: POST /session/48ce7485e2c64a68d867c0ed65041780/execute/async - {"script":"<script> [1562 bytes]","args":[{"selector":{"id":"application-managepartners-display-component---masterPtm--smartFilterBar-filterItemControlA_-LINK_TO_ADDRESSES_MAIN.CITY1-vhi"},"wdio_ui5_key":"applicationmanagepartners-display-component---masterPtm--smartFilterBar-filterItemControlA_-LINK_TO_ADDRESSES_MAIN.CITY1-vhi"}]}
RESULT: {"script":"<script> [1562 bytes]","args":[{"selector":{"id":"application-managepartners-display-component---masterPtm--smartFilterBar-filterItemControlA_-LINK_TO_ADDRESSES_MAIN.CITY1-vhi"},"wdio_ui5_key":"applicationmanagepartners-display-component---masterPtm--smartFilterBar-filterItemControlA_-LINK_TO_ADDRESSES_MAIN.CITY1-vhi"}]}
RESULT: undefined
COMMAND: POST /session/48ce7485e2c64a68d867c0ed65041780/element - {"using":"xpath","value":"//*[@id=\"application-managepartners-display-component---masterPtm--smartFilterBar-filterItemControlA_-LINK_TO_ADDRESSES_MAIN.CITY1-vhi\"]"}
RESULT: {"using":"xpath","value":"//*[@id=\"application-managepartners-display-component---masterPtm--smartFilterBar-filterItemControlA_-LINK_TO_ADDRESSES_MAIN.CITY1-vhi\"]"}
COMMAND: POST /session/48ce7485e2c64a68d867c0ed65041780/element/f.1999790E03A964CB3378C0A271C2A0DB.d.6342C201259CBCCAB8E156570EDCEF5C.e.6934/click - {}
RESULT: {}
COMMAND: GET /session/48ce7485e2c64a68d867c0ed65041780/screenshot - {}
RESULT: {}
COMMAND: POST /session/48ce7485e2c64a68d867c0ed65041780/execute/async - {"script":"<script> [1562 bytes]","args":[{"selector":{"controlType":"sap.m.Input","viewName":"etm.portal.ui.managepartners.view.Master","viewId":"application-managepartners-display-component---masterPtm","properties":{"valueState":"None"},"searchOpenDialogs":true,"interaction":{"idSuffix":"inner"}},"wdio_ui5_key":"etmportal.ui.managepartners.view.Mastersap.m.Input{\"valueState\":\"None\"}"}]}
RESULT: {"script":"<script> [1562 bytes]","args":[{"selector":{"controlType":"sap.m.Input","viewName":"etm.portal.ui.managepartners.view.Master","viewId":"application-managepartners-display-component---masterPtm","properties":{"valueState":"None"},"searchOpenDialogs":true,"interaction":{"idSuffix":"inner"}},"wdio_ui5_key":"etmportal.ui.managepartners.view.Mastersap.m.Input{\"valueState\":\"None\"}"}]}
RESULT: undefined
COMMAND: POST /session/48ce7485e2c64a68d867c0ed65041780/execute/async - {"script":"<script> [776 bytes]","args":[{"enterText":"Bucure","selector":{"controlType":"sap.m.Input","viewName":"etm.portal.ui.managepartners.view.Master","viewId":"application-managepartners-display-component---masterPtm","properties":{"valueState":"None"},"searchOpenDialogs":true,"interaction":{"idSuffix":"inner"}},"clearTextFirst":true,"interactionType":"ENTER_TEXT"}]}
RESULT: {"script":"<script> [776 bytes]","args":[{"enterText":"Bucure","selector":{"controlType":"sap.m.Input","viewName":"etm.portal.ui.managepartners.view.Master","viewId":"application-managepartners-display-component---masterPtm","properties":{"valueState":"None"},"searchOpenDialogs":true,"interaction":{"idSuffix":"inner"}},"clearTextFirst":true,"interactionType":"ENTER_TEXT"}]}
COMMAND: POST /session/48ce7485e2c64a68d867c0ed65041780/actions - {"actions":[{"id":"action21","type":"key","parameters":{},"actions":[{"type":"keyDown","value":""},{"type":"pause","duration":10},{"type":"keyUp","value":""}]}]}
RESULT: {"actions":[{"id":"action21","type":"key","parameters":{},"actions":[{"type":"keyDown","value":""},{"type":"pause","duration":10},{"type":"keyUp","value":""}]}]}
COMMAND: GET /session/48ce7485e2c64a68d867c0ed65041780/screenshot - {}
RESULT: {}
COMMAND: POST /session/48ce7485e2c64a68d867c0ed65041780/element - {"using":"xpath","value":"(//bdi[contains(text(), \"OK\")])[1]"}
RESULT: {"using":"xpath","value":"(//bdi[contains(text(), \"OK\")])[1]"}
COMMAND: POST /session/48ce7485e2c64a68d867c0ed65041780/element/f.1999790E03A964CB3378C0A271C2A0DB.d.6342C201259CBCCAB8E156570EDCEF5C.e.6940/click - {}
RESULT: {}
COMMAND: GET /session/48ce7485e2c64a68d867c0ed65041780/screenshot - {}
RESULT: {}
COMMAND: POST /session/48ce7485e2c64a68d867c0ed65041780/element - {"using":"xpath","value":"//span[@id=\"application-managepartners-display-component---masterPtm--smartTable-header-inner\"]"}
RESULT: {"using":"xpath","value":"//span[@id=\"application-managepartners-display-component---masterPtm--smartTable-header-inner\"]"}
COMMAND: POST /session/48ce7485e2c64a68d867c0ed65041780/elements - {"using":"xpath","value":"//span[@id=\"application-managepartners-display-component---masterPtm--smartTable-header-inner\"]"}
RESULT: {"using":"xpath","value":"//span[@id=\"application-managepartners-display-component---masterPtm--smartTable-header-inner\"]"}
COMMAND: POST /session/48ce7485e2c64a68d867c0ed65041780/execute/sync - {"script":"<script> [56 bytes]","args":[{"element-6066-11e4-a52e-4f735466cecf":"f.1999790E03A964CB3378C0A271C2A0DB.d.6342C201259CBCCAB8E156570EDCEF5C.e.6076","ELEMENT":"f.1999790E03A964CB3378C0A271C2A0DB.d.6342C201259CBCCAB8E156570EDCEF5C.e.6076"}]}
RESULT: {"script":"<script> [56 bytes]","args":[{"element-6066-11e4-a52e-4f735466cecf":"f.1999790E03A964CB3378C0A271C2A0DB.d.6342C201259CBCCAB8E156570EDCEF5C.e.6076","ELEMENT":"f.1999790E03A964CB3378C0A271C2A0DB.d.6342C201259CBCCAB8E156570EDCEF5C.e.6076"}]}
COMMAND: POST /session/48ce7485e2c64a68d867c0ed65041780/element - {"using":"xpath","value":"//span[contains(@title, \"Remove\")]"}
COMMAND: GET /session/48ce7485e2c64a68d867c0ed65041780/screenshot - {}
RESULT: {"using":"xpath","value":"//span[contains(@title, \"Remove\")]"}
COMMAND: POST /session/48ce7485e2c64a68d867c0ed65041780/element/f.1999790E03A964CB3378C0A271C2A0DB.d.6342C201259CBCCAB8E156570EDCEF5C.e.7015/click - {}
RESULT: {}
RESULT: {}
COMMAND: GET /session/48ce7485e2c64a68d867c0ed65041780/screenshot - {}
RESULT: {}
COMMAND: POST /session/48ce7485e2c64a68d867c0ed65041780/element - {"using":"xpath","value":"//span[@id=\"application-managepartners-display-component---masterPtm--smartTable-header-inner\"]"}
RESULT: {"using":"xpath","value":"//span[@id=\"application-managepartners-display-component---masterPtm--smartTable-header-inner\"]"}
COMMAND: POST /session/48ce7485e2c64a68d867c0ed65041780/elements - {"using":"xpath","value":"//span[@id=\"application-managepartners-display-component---masterPtm--smartTable-header-inner\"]"}
RESULT: {"using":"xpath","value":"//span[@id=\"application-managepartners-display-component---masterPtm--smartTable-header-inner\"]"}
COMMAND: POST /session/48ce7485e2c64a68d867c0ed65041780/execute/sync - {"script":"<script> [56 bytes]","args":[{"element-6066-11e4-a52e-4f735466cecf":"f.1999790E03A964CB3378C0A271C2A0DB.d.6342C201259CBCCAB8E156570EDCEF5C.e.6076","ELEMENT":"f.1999790E03A964CB3378C0A271C2A0DB.d.6342C201259CBCCAB8E156570EDCEF5C.e.6076"}]}
RESULT: {"script":"<script> [56 bytes]","args":[{"element-6066-11e4-a52e-4f735466cecf":"f.1999790E03A964CB3378C0A271C2A0DB.d.6342C201259CBCCAB8E156570EDCEF5C.e.6076","ELEMENT":"f.1999790E03A964CB3378C0A271C2A0DB.d.6342C201259CBCCAB8E156570EDCEF5C.e.6076"}]}
COMMAND: POST /session/48ce7485e2c64a68d867c0ed65041780/element - {"using":"css selector","value":"#shell-header-logo"}
COMMAND: GET /session/48ce7485e2c64a68d867c0ed65041780/screenshot - {}
RESULT: {"using":"css selector","value":"#shell-header-logo"}
COMMAND: POST /session/48ce7485e2c64a68d867c0ed65041780/element/f.1999790E03A964CB3378C0A271C2A0DB.d.6342C201259CBCCAB8E156570EDCEF5C.e.5903/click - {}
RESULT: {}
RESULT: {}
COMMAND: GET /session/48ce7485e2c64a68d867c0ed65041780/screenshot - {}
RESULT: {}
]]></system-out>
    </testcase>
    <testcase classname="chrome.136_0_7103_93.windows.Partner_specific_tests_US150819_US151080_US151654_US151176_US103444_US151078_US151079_US151109_US151174_US151175_US151189" name="Should try to save empty partner US151174" time="42.095">
      <system-out><![CDATA[
COMMAND: POST /session/48ce7485e2c64a68d867c0ed65041780/element - {"using":"xpath","value":"//li[.//span[text()=\"Manage Partners\"]]"}
RESULT: {"using":"xpath","value":"//li[.//span[text()=\"Manage Partners\"]]"}
COMMAND: POST /session/48ce7485e2c64a68d867c0ed65041780/element - {"using":"xpath","value":"//li[.//span[text()=\"Manage Partners\"]]"}
RESULT: {"using":"xpath","value":"//li[.//span[text()=\"Manage Partners\"]]"}
COMMAND: POST /session/48ce7485e2c64a68d867c0ed65041780/element - {"using":"css selector","value":"#shell-header-logo"}
RESULT: {"using":"css selector","value":"#shell-header-logo"}
COMMAND: POST /session/48ce7485e2c64a68d867c0ed65041780/element/f.1999790E03A964CB3378C0A271C2A0DB.d.6342C201259CBCCAB8E156570EDCEF5C.e.7111/click - {}
COMMAND: POST /session/48ce7485e2c64a68d867c0ed65041780/execute/sync - {"script":"<script> [8489 bytes]","args":[{"element-6066-11e4-a52e-4f735466cecf":"f.1999790E03A964CB3378C0A271C2A0DB.d.6342C201259CBCCAB8E156570EDCEF5C.e.7111","ELEMENT":"f.1999790E03A964CB3378C0A271C2A0DB.d.6342C201259CBCCAB8E156570EDCEF5C.e.7111"}]}
RESULT: {"script":"<script> [8489 bytes]","args":[{"element-6066-11e4-a52e-4f735466cecf":"f.1999790E03A964CB3378C0A271C2A0DB.d.6342C201259CBCCAB8E156570EDCEF5C.e.7111","ELEMENT":"f.1999790E03A964CB3378C0A271C2A0DB.d.6342C201259CBCCAB8E156570EDCEF5C.e.7111"}]}
COMMAND: POST /session/48ce7485e2c64a68d867c0ed65041780/execute/sync - {"script":"<script> [5351 bytes]","args":[{"element-6066-11e4-a52e-4f735466cecf":"f.1999790E03A964CB3378C0A271C2A0DB.d.6342C201259CBCCAB8E156570EDCEF5C.e.7111","ELEMENT":"f.1999790E03A964CB3378C0A271C2A0DB.d.6342C201259CBCCAB8E156570EDCEF5C.e.7111"}]}
COMMAND: GET /session/48ce7485e2c64a68d867c0ed65041780/screenshot - {}
RESULT: {}
COMMAND: GET /session/48ce7485e2c64a68d867c0ed65041780/screenshot - {}
RESULT: {"script":"<script> [5351 bytes]","args":[{"element-6066-11e4-a52e-4f735466cecf":"f.1999790E03A964CB3378C0A271C2A0DB.d.6342C201259CBCCAB8E156570EDCEF5C.e.7111","ELEMENT":"f.1999790E03A964CB3378C0A271C2A0DB.d.6342C201259CBCCAB8E156570EDCEF5C.e.7111"}]}
COMMAND: GET /session/48ce7485e2c64a68d867c0ed65041780/screenshot - {}
RESULT: {}
RESULT: {}
RESULT: {}
RESULT: undefined
COMMAND: POST /session/48ce7485e2c64a68d867c0ed65041780/element - {"using":"xpath","value":"//*[@id=\"__tile30\"]"}
RESULT: {"using":"xpath","value":"//*[@id=\"__tile30\"]"}
COMMAND: POST /session/48ce7485e2c64a68d867c0ed65041780/element/f.1999790E03A964CB3378C0A271C2A0DB.d.6342C201259CBCCAB8E156570EDCEF5C.e.4561/click - {}
RESULT: {}
COMMAND: GET /session/48ce7485e2c64a68d867c0ed65041780/screenshot - {}
RESULT: {}
COMMAND: POST /session/48ce7485e2c64a68d867c0ed65041780/elements - {"using":"xpath","value":"//span[text()='Error']"}
RESULT: {"using":"xpath","value":"//span[text()='Error']"}
COMMAND: POST /session/48ce7485e2c64a68d867c0ed65041780/element - {"using":"xpath","value":"//button[@data-kt=\"addButton\"]"}
RESULT: {"using":"xpath","value":"//button[@data-kt=\"addButton\"]"}
COMMAND: POST /session/48ce7485e2c64a68d867c0ed65041780/elements - {"using":"xpath","value":"//button[@data-kt=\"addButton\"]"}
RESULT: {"using":"xpath","value":"//button[@data-kt=\"addButton\"]"}
COMMAND: POST /session/48ce7485e2c64a68d867c0ed65041780/execute/sync - {"script":"<script> [8489 bytes]","args":[{"element-6066-11e4-a52e-4f735466cecf":"f.1999790E03A964CB3378C0A271C2A0DB.d.6342C201259CBCCAB8E156570EDCEF5C.e.7156","ELEMENT":"f.1999790E03A964CB3378C0A271C2A0DB.d.6342C201259CBCCAB8E156570EDCEF5C.e.7156"}]}
RESULT: {"script":"<script> [8489 bytes]","args":[{"element-6066-11e4-a52e-4f735466cecf":"f.1999790E03A964CB3378C0A271C2A0DB.d.6342C201259CBCCAB8E156570EDCEF5C.e.7156","ELEMENT":"f.1999790E03A964CB3378C0A271C2A0DB.d.6342C201259CBCCAB8E156570EDCEF5C.e.7156"}]}
COMMAND: GET /session/48ce7485e2c64a68d867c0ed65041780/element/f.1999790E03A964CB3378C0A271C2A0DB.d.6342C201259CBCCAB8E156570EDCEF5C.e.7156/enabled - {}
COMMAND: GET /session/48ce7485e2c64a68d867c0ed65041780/screenshot - {}
RESULT: {}
COMMAND: POST /session/48ce7485e2c64a68d867c0ed65041780/execute/sync - {"script":"<script> [8489 bytes]","args":[{"element-6066-11e4-a52e-4f735466cecf":"f.1999790E03A964CB3378C0A271C2A0DB.d.6342C201259CBCCAB8E156570EDCEF5C.e.7156","ELEMENT":"f.1999790E03A964CB3378C0A271C2A0DB.d.6342C201259CBCCAB8E156570EDCEF5C.e.7156"}]}
COMMAND: GET /session/48ce7485e2c64a68d867c0ed65041780/screenshot - {}
RESULT: {}
RESULT: {"script":"<script> [8489 bytes]","args":[{"element-6066-11e4-a52e-4f735466cecf":"f.1999790E03A964CB3378C0A271C2A0DB.d.6342C201259CBCCAB8E156570EDCEF5C.e.7156","ELEMENT":"f.1999790E03A964CB3378C0A271C2A0DB.d.6342C201259CBCCAB8E156570EDCEF5C.e.7156"}]}
COMMAND: POST /session/48ce7485e2c64a68d867c0ed65041780/execute/sync - {"script":"<script> [5351 bytes]","args":[{"element-6066-11e4-a52e-4f735466cecf":"f.1999790E03A964CB3378C0A271C2A0DB.d.6342C201259CBCCAB8E156570EDCEF5C.e.7156","ELEMENT":"f.1999790E03A964CB3378C0A271C2A0DB.d.6342C201259CBCCAB8E156570EDCEF5C.e.7156"}]}
COMMAND: GET /session/48ce7485e2c64a68d867c0ed65041780/screenshot - {}
RESULT: {}
RESULT: {"script":"<script> [5351 bytes]","args":[{"element-6066-11e4-a52e-4f735466cecf":"f.1999790E03A964CB3378C0A271C2A0DB.d.6342C201259CBCCAB8E156570EDCEF5C.e.7156","ELEMENT":"f.1999790E03A964CB3378C0A271C2A0DB.d.6342C201259CBCCAB8E156570EDCEF5C.e.7156"}]}
COMMAND: POST /session/48ce7485e2c64a68d867c0ed65041780/element/f.1999790E03A964CB3378C0A271C2A0DB.d.6342C201259CBCCAB8E156570EDCEF5C.e.7156/click - {}
COMMAND: GET /session/48ce7485e2c64a68d867c0ed65041780/screenshot - {}
RESULT: {}
RESULT: {}
COMMAND: GET /session/48ce7485e2c64a68d867c0ed65041780/screenshot - {}
COMMAND: POST /session/48ce7485e2c64a68d867c0ed65041780/element - {"using":"xpath","value":"//button[@data-kt=\"saveButton\"]"}
RESULT: {}
RESULT: {}
RESULT: {"using":"xpath","value":"//button[@data-kt=\"saveButton\"]"}
COMMAND: POST /session/48ce7485e2c64a68d867c0ed65041780/element/f.1999790E03A964CB3378C0A271C2A0DB.d.6342C201259CBCCAB8E156570EDCEF5C.e.7527/click - {}
RESULT: {}
COMMAND: GET /session/48ce7485e2c64a68d867c0ed65041780/screenshot - {}
RESULT: {}
COMMAND: POST /session/48ce7485e2c64a68d867c0ed65041780/element - {"using":"xpath","value":"//span[contains(@class, \"sapMMsgBoxText\")]"}
RESULT: {"using":"xpath","value":"//span[contains(@class, \"sapMMsgBoxText\")]"}
COMMAND: POST /session/48ce7485e2c64a68d867c0ed65041780/execute/sync - {"script":"<script> [56 bytes]","args":[{"element-6066-11e4-a52e-4f735466cecf":"f.1999790E03A964CB3378C0A271C2A0DB.d.6342C201259CBCCAB8E156570EDCEF5C.e.7590","ELEMENT":"f.1999790E03A964CB3378C0A271C2A0DB.d.6342C201259CBCCAB8E156570EDCEF5C.e.7590"}]}
RESULT: {"script":"<script> [56 bytes]","args":[{"element-6066-11e4-a52e-4f735466cecf":"f.1999790E03A964CB3378C0A271C2A0DB.d.6342C201259CBCCAB8E156570EDCEF5C.e.7590","ELEMENT":"f.1999790E03A964CB3378C0A271C2A0DB.d.6342C201259CBCCAB8E156570EDCEF5C.e.7590"}]}
COMMAND: POST /session/48ce7485e2c64a68d867c0ed65041780/element - {"using":"xpath","value":"(//bdi[contains(text(), \"Close\")])[1]"}
COMMAND: POST /session/48ce7485e2c64a68d867c0ed65041780/elements - {"using":"xpath","value":"//span[contains(@class, \"sapMMsgBoxText\")]"}
COMMAND: GET /session/48ce7485e2c64a68d867c0ed65041780/screenshot - {}
RESULT: {"using":"xpath","value":"(//bdi[contains(text(), \"Close\")])[1]"}
COMMAND: POST /session/48ce7485e2c64a68d867c0ed65041780/element/f.1999790E03A964CB3378C0A271C2A0DB.d.6342C201259CBCCAB8E156570EDCEF5C.e.7591/click - {}
RESULT: {"using":"xpath","value":"//span[contains(@class, \"sapMMsgBoxText\")]"}
RESULT: {}
RESULT: {}
COMMAND: GET /session/48ce7485e2c64a68d867c0ed65041780/screenshot - {}
RESULT: {}
COMMAND: POST /session/48ce7485e2c64a68d867c0ed65041780/element - {"using":"css selector","value":"#shell-header-logo"}
RESULT: {"using":"css selector","value":"#shell-header-logo"}
COMMAND: POST /session/48ce7485e2c64a68d867c0ed65041780/element/f.1999790E03A964CB3378C0A271C2A0DB.d.6342C201259CBCCAB8E156570EDCEF5C.e.7111/click - {}
RESULT: {}
COMMAND: GET /session/48ce7485e2c64a68d867c0ed65041780/screenshot - {}
RESULT: {}
]]></system-out>
    </testcase>
    <testcase classname="chrome.136_0_7103_93.windows.Partner_specific_tests_US150819_US151080_US151654_US151176_US103444_US151078_US151079_US151109_US151174_US151175_US151189" name="Should do various searches US151175" time="150.807">
      <system-out><![CDATA[
COMMAND: POST /session/48ce7485e2c64a68d867c0ed65041780/element - {"using":"xpath","value":"//li[.//span[text()=\"Manage Partners\"]]"}
RESULT: {"using":"xpath","value":"//li[.//span[text()=\"Manage Partners\"]]"}
COMMAND: POST /session/48ce7485e2c64a68d867c0ed65041780/element - {"using":"xpath","value":"//li[.//span[text()=\"Manage Partners\"]]"}
RESULT: {"using":"xpath","value":"//li[.//span[text()=\"Manage Partners\"]]"}
COMMAND: POST /session/48ce7485e2c64a68d867c0ed65041780/element - {"using":"css selector","value":"#shell-header-logo"}
RESULT: {"using":"css selector","value":"#shell-header-logo"}
COMMAND: POST /session/48ce7485e2c64a68d867c0ed65041780/element/f.1999790E03A964CB3378C0A271C2A0DB.d.6342C201259CBCCAB8E156570EDCEF5C.e.7593/click - {}
COMMAND: POST /session/48ce7485e2c64a68d867c0ed65041780/execute/sync - {"script":"<script> [8489 bytes]","args":[{"element-6066-11e4-a52e-4f735466cecf":"f.1999790E03A964CB3378C0A271C2A0DB.d.6342C201259CBCCAB8E156570EDCEF5C.e.7593","ELEMENT":"f.1999790E03A964CB3378C0A271C2A0DB.d.6342C201259CBCCAB8E156570EDCEF5C.e.7593"}]}
RESULT: {}
COMMAND: GET /session/48ce7485e2c64a68d867c0ed65041780/screenshot - {}
RESULT: {"script":"<script> [8489 bytes]","args":[{"element-6066-11e4-a52e-4f735466cecf":"f.1999790E03A964CB3378C0A271C2A0DB.d.6342C201259CBCCAB8E156570EDCEF5C.e.7593","ELEMENT":"f.1999790E03A964CB3378C0A271C2A0DB.d.6342C201259CBCCAB8E156570EDCEF5C.e.7593"}]}
COMMAND: POST /session/48ce7485e2c64a68d867c0ed65041780/execute/sync - {"script":"<script> [5351 bytes]","args":[{"element-6066-11e4-a52e-4f735466cecf":"f.1999790E03A964CB3378C0A271C2A0DB.d.6342C201259CBCCAB8E156570EDCEF5C.e.7593","ELEMENT":"f.1999790E03A964CB3378C0A271C2A0DB.d.6342C201259CBCCAB8E156570EDCEF5C.e.7593"}]}
COMMAND: GET /session/48ce7485e2c64a68d867c0ed65041780/screenshot - {}
RESULT: {}
RESULT: {"script":"<script> [5351 bytes]","args":[{"element-6066-11e4-a52e-4f735466cecf":"f.1999790E03A964CB3378C0A271C2A0DB.d.6342C201259CBCCAB8E156570EDCEF5C.e.7593","ELEMENT":"f.1999790E03A964CB3378C0A271C2A0DB.d.6342C201259CBCCAB8E156570EDCEF5C.e.7593"}]}
COMMAND: GET /session/48ce7485e2c64a68d867c0ed65041780/screenshot - {}
RESULT: {}
RESULT: {}
RESULT: undefined
COMMAND: POST /session/48ce7485e2c64a68d867c0ed65041780/element - {"using":"xpath","value":"//*[@id=\"__tile30\"]"}
RESULT: {"using":"xpath","value":"//*[@id=\"__tile30\"]"}
COMMAND: POST /session/48ce7485e2c64a68d867c0ed65041780/element/f.1999790E03A964CB3378C0A271C2A0DB.d.6342C201259CBCCAB8E156570EDCEF5C.e.4561/click - {}
RESULT: {}
COMMAND: GET /session/48ce7485e2c64a68d867c0ed65041780/screenshot - {}
RESULT: {}
COMMAND: POST /session/48ce7485e2c64a68d867c0ed65041780/elements - {"using":"xpath","value":"//span[text()='Error']"}
RESULT: {"using":"xpath","value":"//span[text()='Error']"}
COMMAND: POST /session/48ce7485e2c64a68d867c0ed65041780/element - {"using":"xpath","value":"//button[@data-kt=\"addButton\"]"}
RESULT: {"using":"xpath","value":"//button[@data-kt=\"addButton\"]"}
COMMAND: POST /session/48ce7485e2c64a68d867c0ed65041780/elements - {"using":"xpath","value":"//button[@data-kt=\"addButton\"]"}
RESULT: {"using":"xpath","value":"//button[@data-kt=\"addButton\"]"}
COMMAND: POST /session/48ce7485e2c64a68d867c0ed65041780/execute/sync - {"script":"<script> [8489 bytes]","args":[{"element-6066-11e4-a52e-4f735466cecf":"f.1999790E03A964CB3378C0A271C2A0DB.d.6342C201259CBCCAB8E156570EDCEF5C.e.7638","ELEMENT":"f.1999790E03A964CB3378C0A271C2A0DB.d.6342C201259CBCCAB8E156570EDCEF5C.e.7638"}]}
RESULT: {"script":"<script> [8489 bytes]","args":[{"element-6066-11e4-a52e-4f735466cecf":"f.1999790E03A964CB3378C0A271C2A0DB.d.6342C201259CBCCAB8E156570EDCEF5C.e.7638","ELEMENT":"f.1999790E03A964CB3378C0A271C2A0DB.d.6342C201259CBCCAB8E156570EDCEF5C.e.7638"}]}
COMMAND: GET /session/48ce7485e2c64a68d867c0ed65041780/element/f.1999790E03A964CB3378C0A271C2A0DB.d.6342C201259CBCCAB8E156570EDCEF5C.e.7638/enabled - {}
COMMAND: GET /session/48ce7485e2c64a68d867c0ed65041780/screenshot - {}
RESULT: {}
COMMAND: POST /session/48ce7485e2c64a68d867c0ed65041780/execute/sync - {"script":"<script> [8489 bytes]","args":[{"element-6066-11e4-a52e-4f735466cecf":"f.1999790E03A964CB3378C0A271C2A0DB.d.6342C201259CBCCAB8E156570EDCEF5C.e.7638","ELEMENT":"f.1999790E03A964CB3378C0A271C2A0DB.d.6342C201259CBCCAB8E156570EDCEF5C.e.7638"}]}
COMMAND: GET /session/48ce7485e2c64a68d867c0ed65041780/screenshot - {}
RESULT: {}
RESULT: {"script":"<script> [8489 bytes]","args":[{"element-6066-11e4-a52e-4f735466cecf":"f.1999790E03A964CB3378C0A271C2A0DB.d.6342C201259CBCCAB8E156570EDCEF5C.e.7638","ELEMENT":"f.1999790E03A964CB3378C0A271C2A0DB.d.6342C201259CBCCAB8E156570EDCEF5C.e.7638"}]}
COMMAND: POST /session/48ce7485e2c64a68d867c0ed65041780/execute/sync - {"script":"<script> [5351 bytes]","args":[{"element-6066-11e4-a52e-4f735466cecf":"f.1999790E03A964CB3378C0A271C2A0DB.d.6342C201259CBCCAB8E156570EDCEF5C.e.7638","ELEMENT":"f.1999790E03A964CB3378C0A271C2A0DB.d.6342C201259CBCCAB8E156570EDCEF5C.e.7638"}]}
COMMAND: GET /session/48ce7485e2c64a68d867c0ed65041780/screenshot - {}
RESULT: {}
RESULT: {"script":"<script> [5351 bytes]","args":[{"element-6066-11e4-a52e-4f735466cecf":"f.1999790E03A964CB3378C0A271C2A0DB.d.6342C201259CBCCAB8E156570EDCEF5C.e.7638","ELEMENT":"f.1999790E03A964CB3378C0A271C2A0DB.d.6342C201259CBCCAB8E156570EDCEF5C.e.7638"}]}
COMMAND: GET /session/48ce7485e2c64a68d867c0ed65041780/screenshot - {}
RESULT: {}
RESULT: {}
COMMAND: POST /session/48ce7485e2c64a68d867c0ed65041780/element - {"using":"xpath","value":"//span[@id=\"application-managepartners-display-component---masterPtm--smartTable-header-inner\"]"}
RESULT: {"using":"xpath","value":"//span[@id=\"application-managepartners-display-component---masterPtm--smartTable-header-inner\"]"}
COMMAND: POST /session/48ce7485e2c64a68d867c0ed65041780/elements - {"using":"xpath","value":"//span[@id=\"application-managepartners-display-component---masterPtm--smartTable-header-inner\"]"}
RESULT: {"using":"xpath","value":"//span[@id=\"application-managepartners-display-component---masterPtm--smartTable-header-inner\"]"}
COMMAND: POST /session/48ce7485e2c64a68d867c0ed65041780/execute/sync - {"script":"<script> [56 bytes]","args":[{"element-6066-11e4-a52e-4f735466cecf":"f.1999790E03A964CB3378C0A271C2A0DB.d.6342C201259CBCCAB8E156570EDCEF5C.e.7765","ELEMENT":"f.1999790E03A964CB3378C0A271C2A0DB.d.6342C201259CBCCAB8E156570EDCEF5C.e.7765"}]}
RESULT: {"script":"<script> [56 bytes]","args":[{"element-6066-11e4-a52e-4f735466cecf":"f.1999790E03A964CB3378C0A271C2A0DB.d.6342C201259CBCCAB8E156570EDCEF5C.e.7765","ELEMENT":"f.1999790E03A964CB3378C0A271C2A0DB.d.6342C201259CBCCAB8E156570EDCEF5C.e.7765"}]}
RESULT: undefined
COMMAND: POST /session/48ce7485e2c64a68d867c0ed65041780/element - {"using":"xpath","value":"//*[@id=\"application-managepartners-display-component---masterPtm--smartFilterBar-btnFilters\"]"}
COMMAND: GET /session/48ce7485e2c64a68d867c0ed65041780/screenshot - {}
RESULT: {"using":"xpath","value":"//*[@id=\"application-managepartners-display-component---masterPtm--smartFilterBar-btnFilters\"]"}
COMMAND: POST /session/48ce7485e2c64a68d867c0ed65041780/element/f.1999790E03A964CB3378C0A271C2A0DB.d.6342C201259CBCCAB8E156570EDCEF5C.e.7615/click - {}
RESULT: {}
RESULT: {}
COMMAND: GET /session/48ce7485e2c64a68d867c0ed65041780/screenshot - {}
RESULT: {}
COMMAND: POST /session/48ce7485e2c64a68d867c0ed65041780/elements - {"using":"xpath","value":"//table[contains(@id, \"listView-innerSelectionPanelTable-listUl\")]/tbody/tr"}
RESULT: {"using":"xpath","value":"//table[contains(@id, \"listView-innerSelectionPanelTable-listUl\")]/tbody/tr"}
COMMAND: POST /session/48ce7485e2c64a68d867c0ed65041780/element - {"using":"xpath","value":"//table[contains(@id, \"listView-innerSelectionPanelTable-listUl\")]/tbody/tr[2]/td[2]/div/div"}
RESULT: {"using":"xpath","value":"//table[contains(@id, \"listView-innerSelectionPanelTable-listUl\")]/tbody/tr[2]/td[2]/div/div"}
COMMAND: POST /session/48ce7485e2c64a68d867c0ed65041780/element - {"using":"xpath","value":"//table[contains(@id, \"listView-innerSelectionPanelTable-listUl\")]/tbody/tr[2]/td[2]/div"}
RESULT: {"using":"xpath","value":"//table[contains(@id, \"listView-innerSelectionPanelTable-listUl\")]/tbody/tr[2]/td[2]/div"}
COMMAND: POST /session/48ce7485e2c64a68d867c0ed65041780/element - {"using":"xpath","value":"//table[contains(@id, \"listView-innerSelectionPanelTable-listUl\")]/tbody/tr[2]/td[3]/div/div/span/span[1]/bdi"}
RESULT: {"using":"xpath","value":"//table[contains(@id, \"listView-innerSelectionPanelTable-listUl\")]/tbody/tr[2]/td[3]/div/div/span/span[1]/bdi"}
COMMAND: POST /session/48ce7485e2c64a68d867c0ed65041780/execute/sync - {"script":"<script> [56 bytes]","args":[{"element-6066-11e4-a52e-4f735466cecf":"f.1999790E03A964CB3378C0A271C2A0DB.d.6342C201259CBCCAB8E156570EDCEF5C.e.7833","ELEMENT":"f.1999790E03A964CB3378C0A271C2A0DB.d.6342C201259CBCCAB8E156570EDCEF5C.e.7833"}]}
RESULT: {"script":"<script> [56 bytes]","args":[{"element-6066-11e4-a52e-4f735466cecf":"f.1999790E03A964CB3378C0A271C2A0DB.d.6342C201259CBCCAB8E156570EDCEF5C.e.7833","ELEMENT":"f.1999790E03A964CB3378C0A271C2A0DB.d.6342C201259CBCCAB8E156570EDCEF5C.e.7833"}]}
COMMAND: GET /session/48ce7485e2c64a68d867c0ed65041780/element/f.1999790E03A964CB3378C0A271C2A0DB.d.6342C201259CBCCAB8E156570EDCEF5C.e.7832/attribute/aria-checked - {}
COMMAND: GET /session/48ce7485e2c64a68d867c0ed65041780/screenshot - {}
RESULT: {}
COMMAND: POST /session/48ce7485e2c64a68d867c0ed65041780/element - {"using":"xpath","value":"//table[contains(@id, \"listView-innerSelectionPanelTable-listUl\")]/tbody/tr[3]/td[2]/div/div"}
RESULT: {}
RESULT: {"using":"xpath","value":"//table[contains(@id, \"listView-innerSelectionPanelTable-listUl\")]/tbody/tr[3]/td[2]/div/div"}
COMMAND: POST /session/48ce7485e2c64a68d867c0ed65041780/element - {"using":"xpath","value":"//table[contains(@id, \"listView-innerSelectionPanelTable-listUl\")]/tbody/tr[3]/td[2]/div"}
RESULT: {"using":"xpath","value":"//table[contains(@id, \"listView-innerSelectionPanelTable-listUl\")]/tbody/tr[3]/td[2]/div"}
COMMAND: POST /session/48ce7485e2c64a68d867c0ed65041780/element - {"using":"xpath","value":"//table[contains(@id, \"listView-innerSelectionPanelTable-listUl\")]/tbody/tr[3]/td[3]/div/div/span/span[1]/bdi"}
RESULT: {"using":"xpath","value":"//table[contains(@id, \"listView-innerSelectionPanelTable-listUl\")]/tbody/tr[3]/td[3]/div/div/span/span[1]/bdi"}
COMMAND: POST /session/48ce7485e2c64a68d867c0ed65041780/execute/sync - {"script":"<script> [56 bytes]","args":[{"element-6066-11e4-a52e-4f735466cecf":"f.1999790E03A964CB3378C0A271C2A0DB.d.6342C201259CBCCAB8E156570EDCEF5C.e.7836","ELEMENT":"f.1999790E03A964CB3378C0A271C2A0DB.d.6342C201259CBCCAB8E156570EDCEF5C.e.7836"}]}
RESULT: {"script":"<script> [56 bytes]","args":[{"element-6066-11e4-a52e-4f735466cecf":"f.1999790E03A964CB3378C0A271C2A0DB.d.6342C201259CBCCAB8E156570EDCEF5C.e.7836","ELEMENT":"f.1999790E03A964CB3378C0A271C2A0DB.d.6342C201259CBCCAB8E156570EDCEF5C.e.7836"}]}
COMMAND: GET /session/48ce7485e2c64a68d867c0ed65041780/element/f.1999790E03A964CB3378C0A271C2A0DB.d.6342C201259CBCCAB8E156570EDCEF5C.e.7835/attribute/aria-checked - {}
COMMAND: GET /session/48ce7485e2c64a68d867c0ed65041780/screenshot - {}
RESULT: {}
COMMAND: POST /session/48ce7485e2c64a68d867c0ed65041780/element - {"using":"xpath","value":"//table[contains(@id, \"listView-innerSelectionPanelTable-listUl\")]/tbody/tr[4]/td[2]/div/div"}
RESULT: {}
RESULT: {"using":"xpath","value":"//table[contains(@id, \"listView-innerSelectionPanelTable-listUl\")]/tbody/tr[4]/td[2]/div/div"}
COMMAND: POST /session/48ce7485e2c64a68d867c0ed65041780/element - {"using":"xpath","value":"//table[contains(@id, \"listView-innerSelectionPanelTable-listUl\")]/tbody/tr[4]/td[2]/div"}
RESULT: {"using":"xpath","value":"//table[contains(@id, \"listView-innerSelectionPanelTable-listUl\")]/tbody/tr[4]/td[2]/div"}
COMMAND: POST /session/48ce7485e2c64a68d867c0ed65041780/element - {"using":"xpath","value":"//table[contains(@id, \"listView-innerSelectionPanelTable-listUl\")]/tbody/tr[4]/td[3]/div/div/span/span[1]/bdi"}
RESULT: {"using":"xpath","value":"//table[contains(@id, \"listView-innerSelectionPanelTable-listUl\")]/tbody/tr[4]/td[3]/div/div/span/span[1]/bdi"}
COMMAND: POST /session/48ce7485e2c64a68d867c0ed65041780/execute/sync - {"script":"<script> [56 bytes]","args":[{"element-6066-11e4-a52e-4f735466cecf":"f.1999790E03A964CB3378C0A271C2A0DB.d.6342C201259CBCCAB8E156570EDCEF5C.e.7839","ELEMENT":"f.1999790E03A964CB3378C0A271C2A0DB.d.6342C201259CBCCAB8E156570EDCEF5C.e.7839"}]}
RESULT: {"script":"<script> [56 bytes]","args":[{"element-6066-11e4-a52e-4f735466cecf":"f.1999790E03A964CB3378C0A271C2A0DB.d.6342C201259CBCCAB8E156570EDCEF5C.e.7839","ELEMENT":"f.1999790E03A964CB3378C0A271C2A0DB.d.6342C201259CBCCAB8E156570EDCEF5C.e.7839"}]}
COMMAND: GET /session/48ce7485e2c64a68d867c0ed65041780/element/f.1999790E03A964CB3378C0A271C2A0DB.d.6342C201259CBCCAB8E156570EDCEF5C.e.7838/attribute/aria-checked - {}
COMMAND: GET /session/48ce7485e2c64a68d867c0ed65041780/screenshot - {}
RESULT: {}
RESULT: {}
COMMAND: POST /session/48ce7485e2c64a68d867c0ed65041780/element - {"using":"xpath","value":"//table[contains(@id, \"listView-innerSelectionPanelTable-listUl\")]/tbody/tr[5]/td[2]/div/div"}
RESULT: {"using":"xpath","value":"//table[contains(@id, \"listView-innerSelectionPanelTable-listUl\")]/tbody/tr[5]/td[2]/div/div"}
COMMAND: POST /session/48ce7485e2c64a68d867c0ed65041780/element - {"using":"xpath","value":"//table[contains(@id, \"listView-innerSelectionPanelTable-listUl\")]/tbody/tr[5]/td[2]/div"}
RESULT: {"using":"xpath","value":"//table[contains(@id, \"listView-innerSelectionPanelTable-listUl\")]/tbody/tr[5]/td[2]/div"}
COMMAND: POST /session/48ce7485e2c64a68d867c0ed65041780/element - {"using":"xpath","value":"//table[contains(@id, \"listView-innerSelectionPanelTable-listUl\")]/tbody/tr[5]/td[3]/div/div/span/span[1]/bdi"}
RESULT: {"using":"xpath","value":"//table[contains(@id, \"listView-innerSelectionPanelTable-listUl\")]/tbody/tr[5]/td[3]/div/div/span/span[1]/bdi"}
COMMAND: POST /session/48ce7485e2c64a68d867c0ed65041780/execute/sync - {"script":"<script> [56 bytes]","args":[{"element-6066-11e4-a52e-4f735466cecf":"f.1999790E03A964CB3378C0A271C2A0DB.d.6342C201259CBCCAB8E156570EDCEF5C.e.7842","ELEMENT":"f.1999790E03A964CB3378C0A271C2A0DB.d.6342C201259CBCCAB8E156570EDCEF5C.e.7842"}]}
RESULT: {"script":"<script> [56 bytes]","args":[{"element-6066-11e4-a52e-4f735466cecf":"f.1999790E03A964CB3378C0A271C2A0DB.d.6342C201259CBCCAB8E156570EDCEF5C.e.7842","ELEMENT":"f.1999790E03A964CB3378C0A271C2A0DB.d.6342C201259CBCCAB8E156570EDCEF5C.e.7842"}]}
COMMAND: GET /session/48ce7485e2c64a68d867c0ed65041780/element/f.1999790E03A964CB3378C0A271C2A0DB.d.6342C201259CBCCAB8E156570EDCEF5C.e.7841/attribute/aria-checked - {}
COMMAND: GET /session/48ce7485e2c64a68d867c0ed65041780/screenshot - {}
RESULT: {}
COMMAND: POST /session/48ce7485e2c64a68d867c0ed65041780/element - {"using":"xpath","value":"//table[contains(@id, \"listView-innerSelectionPanelTable-listUl\")]/tbody/tr[6]/td[2]/div/div"}
RESULT: {}
RESULT: {"using":"xpath","value":"//table[contains(@id, \"listView-innerSelectionPanelTable-listUl\")]/tbody/tr[6]/td[2]/div/div"}
COMMAND: POST /session/48ce7485e2c64a68d867c0ed65041780/element - {"using":"xpath","value":"//table[contains(@id, \"listView-innerSelectionPanelTable-listUl\")]/tbody/tr[6]/td[2]/div"}
RESULT: {"using":"xpath","value":"//table[contains(@id, \"listView-innerSelectionPanelTable-listUl\")]/tbody/tr[6]/td[2]/div"}
COMMAND: POST /session/48ce7485e2c64a68d867c0ed65041780/element - {"using":"xpath","value":"//table[contains(@id, \"listView-innerSelectionPanelTable-listUl\")]/tbody/tr[6]/td[3]/div/div/span/span[1]/bdi"}
RESULT: {"using":"xpath","value":"//table[contains(@id, \"listView-innerSelectionPanelTable-listUl\")]/tbody/tr[6]/td[3]/div/div/span/span[1]/bdi"}
COMMAND: POST /session/48ce7485e2c64a68d867c0ed65041780/execute/sync - {"script":"<script> [56 bytes]","args":[{"element-6066-11e4-a52e-4f735466cecf":"f.1999790E03A964CB3378C0A271C2A0DB.d.6342C201259CBCCAB8E156570EDCEF5C.e.7845","ELEMENT":"f.1999790E03A964CB3378C0A271C2A0DB.d.6342C201259CBCCAB8E156570EDCEF5C.e.7845"}]}
RESULT: {"script":"<script> [56 bytes]","args":[{"element-6066-11e4-a52e-4f735466cecf":"f.1999790E03A964CB3378C0A271C2A0DB.d.6342C201259CBCCAB8E156570EDCEF5C.e.7845","ELEMENT":"f.1999790E03A964CB3378C0A271C2A0DB.d.6342C201259CBCCAB8E156570EDCEF5C.e.7845"}]}
COMMAND: GET /session/48ce7485e2c64a68d867c0ed65041780/element/f.1999790E03A964CB3378C0A271C2A0DB.d.6342C201259CBCCAB8E156570EDCEF5C.e.7844/attribute/aria-checked - {}
COMMAND: GET /session/48ce7485e2c64a68d867c0ed65041780/screenshot - {}
RESULT: {}
COMMAND: POST /session/48ce7485e2c64a68d867c0ed65041780/element - {"using":"xpath","value":"//table[contains(@id, \"listView-innerSelectionPanelTable-listUl\")]/tbody/tr[7]/td[2]/div/div"}
RESULT: {}
RESULT: {"using":"xpath","value":"//table[contains(@id, \"listView-innerSelectionPanelTable-listUl\")]/tbody/tr[7]/td[2]/div/div"}
COMMAND: POST /session/48ce7485e2c64a68d867c0ed65041780/element - {"using":"xpath","value":"//table[contains(@id, \"listView-innerSelectionPanelTable-listUl\")]/tbody/tr[7]/td[2]/div"}
RESULT: {"using":"xpath","value":"//table[contains(@id, \"listView-innerSelectionPanelTable-listUl\")]/tbody/tr[7]/td[2]/div"}
COMMAND: POST /session/48ce7485e2c64a68d867c0ed65041780/element - {"using":"xpath","value":"//table[contains(@id, \"listView-innerSelectionPanelTable-listUl\")]/tbody/tr[7]/td[3]/div/div/span/span[1]/bdi"}
RESULT: {"using":"xpath","value":"//table[contains(@id, \"listView-innerSelectionPanelTable-listUl\")]/tbody/tr[7]/td[3]/div/div/span/span[1]/bdi"}
COMMAND: POST /session/48ce7485e2c64a68d867c0ed65041780/execute/sync - {"script":"<script> [56 bytes]","args":[{"element-6066-11e4-a52e-4f735466cecf":"f.1999790E03A964CB3378C0A271C2A0DB.d.6342C201259CBCCAB8E156570EDCEF5C.e.7848","ELEMENT":"f.1999790E03A964CB3378C0A271C2A0DB.d.6342C201259CBCCAB8E156570EDCEF5C.e.7848"}]}
RESULT: {"script":"<script> [56 bytes]","args":[{"element-6066-11e4-a52e-4f735466cecf":"f.1999790E03A964CB3378C0A271C2A0DB.d.6342C201259CBCCAB8E156570EDCEF5C.e.7848","ELEMENT":"f.1999790E03A964CB3378C0A271C2A0DB.d.6342C201259CBCCAB8E156570EDCEF5C.e.7848"}]}
COMMAND: GET /session/48ce7485e2c64a68d867c0ed65041780/element/f.1999790E03A964CB3378C0A271C2A0DB.d.6342C201259CBCCAB8E156570EDCEF5C.e.7847/attribute/aria-checked - {}
COMMAND: GET /session/48ce7485e2c64a68d867c0ed65041780/screenshot - {}
RESULT: {}
COMMAND: POST /session/48ce7485e2c64a68d867c0ed65041780/element - {"using":"xpath","value":"//table[contains(@id, \"listView-innerSelectionPanelTable-listUl\")]/tbody/tr[8]/td[2]/div/div"}
RESULT: {}
RESULT: {"using":"xpath","value":"//table[contains(@id, \"listView-innerSelectionPanelTable-listUl\")]/tbody/tr[8]/td[2]/div/div"}
COMMAND: POST /session/48ce7485e2c64a68d867c0ed65041780/element - {"using":"xpath","value":"//table[contains(@id, \"listView-innerSelectionPanelTable-listUl\")]/tbody/tr[8]/td[2]/div"}
RESULT: {"using":"xpath","value":"//table[contains(@id, \"listView-innerSelectionPanelTable-listUl\")]/tbody/tr[8]/td[2]/div"}
COMMAND: POST /session/48ce7485e2c64a68d867c0ed65041780/element - {"using":"xpath","value":"//table[contains(@id, \"listView-innerSelectionPanelTable-listUl\")]/tbody/tr[8]/td[3]/div/div/span/span[1]/bdi"}
RESULT: {"using":"xpath","value":"//table[contains(@id, \"listView-innerSelectionPanelTable-listUl\")]/tbody/tr[8]/td[3]/div/div/span/span[1]/bdi"}
COMMAND: POST /session/48ce7485e2c64a68d867c0ed65041780/execute/sync - {"script":"<script> [56 bytes]","args":[{"element-6066-11e4-a52e-4f735466cecf":"f.1999790E03A964CB3378C0A271C2A0DB.d.6342C201259CBCCAB8E156570EDCEF5C.e.7851","ELEMENT":"f.1999790E03A964CB3378C0A271C2A0DB.d.6342C201259CBCCAB8E156570EDCEF5C.e.7851"}]}
RESULT: {"script":"<script> [56 bytes]","args":[{"element-6066-11e4-a52e-4f735466cecf":"f.1999790E03A964CB3378C0A271C2A0DB.d.6342C201259CBCCAB8E156570EDCEF5C.e.7851","ELEMENT":"f.1999790E03A964CB3378C0A271C2A0DB.d.6342C201259CBCCAB8E156570EDCEF5C.e.7851"}]}
COMMAND: GET /session/48ce7485e2c64a68d867c0ed65041780/element/f.1999790E03A964CB3378C0A271C2A0DB.d.6342C201259CBCCAB8E156570EDCEF5C.e.7850/attribute/aria-checked - {}
COMMAND: GET /session/48ce7485e2c64a68d867c0ed65041780/screenshot - {}
RESULT: {}
COMMAND: POST /session/48ce7485e2c64a68d867c0ed65041780/element - {"using":"xpath","value":"//table[contains(@id, \"listView-innerSelectionPanelTable-listUl\")]/tbody/tr[9]/td[2]/div/div"}
RESULT: {}
RESULT: {"using":"xpath","value":"//table[contains(@id, \"listView-innerSelectionPanelTable-listUl\")]/tbody/tr[9]/td[2]/div/div"}
COMMAND: POST /session/48ce7485e2c64a68d867c0ed65041780/element - {"using":"xpath","value":"//table[contains(@id, \"listView-innerSelectionPanelTable-listUl\")]/tbody/tr[9]/td[2]/div"}
RESULT: {"using":"xpath","value":"//table[contains(@id, \"listView-innerSelectionPanelTable-listUl\")]/tbody/tr[9]/td[2]/div"}
COMMAND: POST /session/48ce7485e2c64a68d867c0ed65041780/element - {"using":"xpath","value":"//table[contains(@id, \"listView-innerSelectionPanelTable-listUl\")]/tbody/tr[9]/td[3]/div/div/span/span[1]/bdi"}
RESULT: {"using":"xpath","value":"//table[contains(@id, \"listView-innerSelectionPanelTable-listUl\")]/tbody/tr[9]/td[3]/div/div/span/span[1]/bdi"}
COMMAND: POST /session/48ce7485e2c64a68d867c0ed65041780/execute/sync - {"script":"<script> [56 bytes]","args":[{"element-6066-11e4-a52e-4f735466cecf":"f.1999790E03A964CB3378C0A271C2A0DB.d.6342C201259CBCCAB8E156570EDCEF5C.e.7854","ELEMENT":"f.1999790E03A964CB3378C0A271C2A0DB.d.6342C201259CBCCAB8E156570EDCEF5C.e.7854"}]}
RESULT: {"script":"<script> [56 bytes]","args":[{"element-6066-11e4-a52e-4f735466cecf":"f.1999790E03A964CB3378C0A271C2A0DB.d.6342C201259CBCCAB8E156570EDCEF5C.e.7854","ELEMENT":"f.1999790E03A964CB3378C0A271C2A0DB.d.6342C201259CBCCAB8E156570EDCEF5C.e.7854"}]}
COMMAND: GET /session/48ce7485e2c64a68d867c0ed65041780/element/f.1999790E03A964CB3378C0A271C2A0DB.d.6342C201259CBCCAB8E156570EDCEF5C.e.7853/attribute/aria-checked - {}
COMMAND: GET /session/48ce7485e2c64a68d867c0ed65041780/screenshot - {}
RESULT: {}
COMMAND: POST /session/48ce7485e2c64a68d867c0ed65041780/element - {"using":"xpath","value":"//table[contains(@id, \"listView-innerSelectionPanelTable-listUl\")]/tbody/tr[10]/td[2]/div/div"}
RESULT: {}
RESULT: {"using":"xpath","value":"//table[contains(@id, \"listView-innerSelectionPanelTable-listUl\")]/tbody/tr[10]/td[2]/div/div"}
COMMAND: POST /session/48ce7485e2c64a68d867c0ed65041780/element - {"using":"xpath","value":"//table[contains(@id, \"listView-innerSelectionPanelTable-listUl\")]/tbody/tr[10]/td[2]/div"}
RESULT: {"using":"xpath","value":"//table[contains(@id, \"listView-innerSelectionPanelTable-listUl\")]/tbody/tr[10]/td[2]/div"}
COMMAND: POST /session/48ce7485e2c64a68d867c0ed65041780/element - {"using":"xpath","value":"//table[contains(@id, \"listView-innerSelectionPanelTable-listUl\")]/tbody/tr[10]/td[3]/div/div/span/span[1]/bdi"}
RESULT: {"using":"xpath","value":"//table[contains(@id, \"listView-innerSelectionPanelTable-listUl\")]/tbody/tr[10]/td[3]/div/div/span/span[1]/bdi"}
COMMAND: POST /session/48ce7485e2c64a68d867c0ed65041780/execute/sync - {"script":"<script> [56 bytes]","args":[{"element-6066-11e4-a52e-4f735466cecf":"f.1999790E03A964CB3378C0A271C2A0DB.d.6342C201259CBCCAB8E156570EDCEF5C.e.7857","ELEMENT":"f.1999790E03A964CB3378C0A271C2A0DB.d.6342C201259CBCCAB8E156570EDCEF5C.e.7857"}]}
RESULT: {"script":"<script> [56 bytes]","args":[{"element-6066-11e4-a52e-4f735466cecf":"f.1999790E03A964CB3378C0A271C2A0DB.d.6342C201259CBCCAB8E156570EDCEF5C.e.7857","ELEMENT":"f.1999790E03A964CB3378C0A271C2A0DB.d.6342C201259CBCCAB8E156570EDCEF5C.e.7857"}]}
COMMAND: GET /session/48ce7485e2c64a68d867c0ed65041780/element/f.1999790E03A964CB3378C0A271C2A0DB.d.6342C201259CBCCAB8E156570EDCEF5C.e.7856/attribute/aria-checked - {}
COMMAND: GET /session/48ce7485e2c64a68d867c0ed65041780/screenshot - {}
RESULT: {}
COMMAND: POST /session/48ce7485e2c64a68d867c0ed65041780/element - {"using":"xpath","value":"//table[contains(@id, \"listView-innerSelectionPanelTable-listUl\")]/tbody/tr[11]/td[2]/div/div"}
RESULT: {}
RESULT: {"using":"xpath","value":"//table[contains(@id, \"listView-innerSelectionPanelTable-listUl\")]/tbody/tr[11]/td[2]/div/div"}
COMMAND: POST /session/48ce7485e2c64a68d867c0ed65041780/element - {"using":"xpath","value":"//table[contains(@id, \"listView-innerSelectionPanelTable-listUl\")]/tbody/tr[11]/td[2]/div"}
RESULT: {"using":"xpath","value":"//table[contains(@id, \"listView-innerSelectionPanelTable-listUl\")]/tbody/tr[11]/td[2]/div"}
COMMAND: POST /session/48ce7485e2c64a68d867c0ed65041780/element - {"using":"xpath","value":"//table[contains(@id, \"listView-innerSelectionPanelTable-listUl\")]/tbody/tr[11]/td[3]/div/div/span/span[1]/bdi"}
RESULT: {"using":"xpath","value":"//table[contains(@id, \"listView-innerSelectionPanelTable-listUl\")]/tbody/tr[11]/td[3]/div/div/span/span[1]/bdi"}
COMMAND: POST /session/48ce7485e2c64a68d867c0ed65041780/execute/sync - {"script":"<script> [56 bytes]","args":[{"element-6066-11e4-a52e-4f735466cecf":"f.1999790E03A964CB3378C0A271C2A0DB.d.6342C201259CBCCAB8E156570EDCEF5C.e.7860","ELEMENT":"f.1999790E03A964CB3378C0A271C2A0DB.d.6342C201259CBCCAB8E156570EDCEF5C.e.7860"}]}
RESULT: {"script":"<script> [56 bytes]","args":[{"element-6066-11e4-a52e-4f735466cecf":"f.1999790E03A964CB3378C0A271C2A0DB.d.6342C201259CBCCAB8E156570EDCEF5C.e.7860","ELEMENT":"f.1999790E03A964CB3378C0A271C2A0DB.d.6342C201259CBCCAB8E156570EDCEF5C.e.7860"}]}
COMMAND: GET /session/48ce7485e2c64a68d867c0ed65041780/element/f.1999790E03A964CB3378C0A271C2A0DB.d.6342C201259CBCCAB8E156570EDCEF5C.e.7859/attribute/aria-checked - {}
COMMAND: GET /session/48ce7485e2c64a68d867c0ed65041780/screenshot - {}
RESULT: {}
COMMAND: POST /session/48ce7485e2c64a68d867c0ed65041780/element - {"using":"xpath","value":"//table[contains(@id, \"listView-innerSelectionPanelTable-listUl\")]/tbody/tr[12]/td[2]/div/div"}
RESULT: {}
RESULT: {"using":"xpath","value":"//table[contains(@id, \"listView-innerSelectionPanelTable-listUl\")]/tbody/tr[12]/td[2]/div/div"}
COMMAND: POST /session/48ce7485e2c64a68d867c0ed65041780/element - {"using":"xpath","value":"//table[contains(@id, \"listView-innerSelectionPanelTable-listUl\")]/tbody/tr[12]/td[2]/div"}
RESULT: {"using":"xpath","value":"//table[contains(@id, \"listView-innerSelectionPanelTable-listUl\")]/tbody/tr[12]/td[2]/div"}
COMMAND: POST /session/48ce7485e2c64a68d867c0ed65041780/element - {"using":"xpath","value":"//table[contains(@id, \"listView-innerSelectionPanelTable-listUl\")]/tbody/tr[12]/td[3]/div/div/span/span[1]/bdi"}
RESULT: {"using":"xpath","value":"//table[contains(@id, \"listView-innerSelectionPanelTable-listUl\")]/tbody/tr[12]/td[3]/div/div/span/span[1]/bdi"}
COMMAND: POST /session/48ce7485e2c64a68d867c0ed65041780/execute/sync - {"script":"<script> [56 bytes]","args":[{"element-6066-11e4-a52e-4f735466cecf":"f.1999790E03A964CB3378C0A271C2A0DB.d.6342C201259CBCCAB8E156570EDCEF5C.e.7863","ELEMENT":"f.1999790E03A964CB3378C0A271C2A0DB.d.6342C201259CBCCAB8E156570EDCEF5C.e.7863"}]}
RESULT: {"script":"<script> [56 bytes]","args":[{"element-6066-11e4-a52e-4f735466cecf":"f.1999790E03A964CB3378C0A271C2A0DB.d.6342C201259CBCCAB8E156570EDCEF5C.e.7863","ELEMENT":"f.1999790E03A964CB3378C0A271C2A0DB.d.6342C201259CBCCAB8E156570EDCEF5C.e.7863"}]}
COMMAND: GET /session/48ce7485e2c64a68d867c0ed65041780/element/f.1999790E03A964CB3378C0A271C2A0DB.d.6342C201259CBCCAB8E156570EDCEF5C.e.7862/attribute/aria-checked - {}
COMMAND: GET /session/48ce7485e2c64a68d867c0ed65041780/screenshot - {}
RESULT: {}
COMMAND: POST /session/48ce7485e2c64a68d867c0ed65041780/element - {"using":"xpath","value":"//table[contains(@id, \"listView-innerSelectionPanelTable-listUl\")]/tbody/tr[13]/td[2]/div/div"}
RESULT: {}
RESULT: {"using":"xpath","value":"//table[contains(@id, \"listView-innerSelectionPanelTable-listUl\")]/tbody/tr[13]/td[2]/div/div"}
COMMAND: POST /session/48ce7485e2c64a68d867c0ed65041780/element - {"using":"xpath","value":"//table[contains(@id, \"listView-innerSelectionPanelTable-listUl\")]/tbody/tr[13]/td[2]/div"}
RESULT: {"using":"xpath","value":"//table[contains(@id, \"listView-innerSelectionPanelTable-listUl\")]/tbody/tr[13]/td[2]/div"}
COMMAND: POST /session/48ce7485e2c64a68d867c0ed65041780/element - {"using":"xpath","value":"//table[contains(@id, \"listView-innerSelectionPanelTable-listUl\")]/tbody/tr[13]/td[3]/div/div/span/span[1]/bdi"}
RESULT: {"using":"xpath","value":"//table[contains(@id, \"listView-innerSelectionPanelTable-listUl\")]/tbody/tr[13]/td[3]/div/div/span/span[1]/bdi"}
COMMAND: POST /session/48ce7485e2c64a68d867c0ed65041780/execute/sync - {"script":"<script> [56 bytes]","args":[{"element-6066-11e4-a52e-4f735466cecf":"f.1999790E03A964CB3378C0A271C2A0DB.d.6342C201259CBCCAB8E156570EDCEF5C.e.7866","ELEMENT":"f.1999790E03A964CB3378C0A271C2A0DB.d.6342C201259CBCCAB8E156570EDCEF5C.e.7866"}]}
RESULT: {"script":"<script> [56 bytes]","args":[{"element-6066-11e4-a52e-4f735466cecf":"f.1999790E03A964CB3378C0A271C2A0DB.d.6342C201259CBCCAB8E156570EDCEF5C.e.7866","ELEMENT":"f.1999790E03A964CB3378C0A271C2A0DB.d.6342C201259CBCCAB8E156570EDCEF5C.e.7866"}]}
COMMAND: GET /session/48ce7485e2c64a68d867c0ed65041780/element/f.1999790E03A964CB3378C0A271C2A0DB.d.6342C201259CBCCAB8E156570EDCEF5C.e.7865/attribute/aria-checked - {}
COMMAND: GET /session/48ce7485e2c64a68d867c0ed65041780/screenshot - {}
RESULT: {}
COMMAND: POST /session/48ce7485e2c64a68d867c0ed65041780/element - {"using":"xpath","value":"//table[contains(@id, \"listView-innerSelectionPanelTable-listUl\")]/tbody/tr[14]/td[2]/div/div"}
RESULT: {}
RESULT: {"using":"xpath","value":"//table[contains(@id, \"listView-innerSelectionPanelTable-listUl\")]/tbody/tr[14]/td[2]/div/div"}
COMMAND: POST /session/48ce7485e2c64a68d867c0ed65041780/element - {"using":"xpath","value":"//table[contains(@id, \"listView-innerSelectionPanelTable-listUl\")]/tbody/tr[14]/td[2]/div"}
RESULT: {"using":"xpath","value":"//table[contains(@id, \"listView-innerSelectionPanelTable-listUl\")]/tbody/tr[14]/td[2]/div"}
COMMAND: POST /session/48ce7485e2c64a68d867c0ed65041780/element - {"using":"xpath","value":"//table[contains(@id, \"listView-innerSelectionPanelTable-listUl\")]/tbody/tr[14]/td[3]/div/div/span/span[1]/bdi"}
RESULT: {"using":"xpath","value":"//table[contains(@id, \"listView-innerSelectionPanelTable-listUl\")]/tbody/tr[14]/td[3]/div/div/span/span[1]/bdi"}
COMMAND: POST /session/48ce7485e2c64a68d867c0ed65041780/execute/sync - {"script":"<script> [56 bytes]","args":[{"element-6066-11e4-a52e-4f735466cecf":"f.1999790E03A964CB3378C0A271C2A0DB.d.6342C201259CBCCAB8E156570EDCEF5C.e.7869","ELEMENT":"f.1999790E03A964CB3378C0A271C2A0DB.d.6342C201259CBCCAB8E156570EDCEF5C.e.7869"}]}
RESULT: {"script":"<script> [56 bytes]","args":[{"element-6066-11e4-a52e-4f735466cecf":"f.1999790E03A964CB3378C0A271C2A0DB.d.6342C201259CBCCAB8E156570EDCEF5C.e.7869","ELEMENT":"f.1999790E03A964CB3378C0A271C2A0DB.d.6342C201259CBCCAB8E156570EDCEF5C.e.7869"}]}
COMMAND: GET /session/48ce7485e2c64a68d867c0ed65041780/element/f.1999790E03A964CB3378C0A271C2A0DB.d.6342C201259CBCCAB8E156570EDCEF5C.e.7868/attribute/aria-checked - {}
COMMAND: GET /session/48ce7485e2c64a68d867c0ed65041780/screenshot - {}
RESULT: {}
COMMAND: POST /session/48ce7485e2c64a68d867c0ed65041780/element - {"using":"xpath","value":"//table[contains(@id, \"listView-innerSelectionPanelTable-listUl\")]/tbody/tr[15]/td[2]/div/div"}
RESULT: {}
RESULT: {"using":"xpath","value":"//table[contains(@id, \"listView-innerSelectionPanelTable-listUl\")]/tbody/tr[15]/td[2]/div/div"}
COMMAND: POST /session/48ce7485e2c64a68d867c0ed65041780/element - {"using":"xpath","value":"//table[contains(@id, \"listView-innerSelectionPanelTable-listUl\")]/tbody/tr[15]/td[2]/div"}
RESULT: {"using":"xpath","value":"//table[contains(@id, \"listView-innerSelectionPanelTable-listUl\")]/tbody/tr[15]/td[2]/div"}
COMMAND: POST /session/48ce7485e2c64a68d867c0ed65041780/element - {"using":"xpath","value":"//table[contains(@id, \"listView-innerSelectionPanelTable-listUl\")]/tbody/tr[15]/td[3]/div/div/span/span[1]/bdi"}
RESULT: {"using":"xpath","value":"//table[contains(@id, \"listView-innerSelectionPanelTable-listUl\")]/tbody/tr[15]/td[3]/div/div/span/span[1]/bdi"}
COMMAND: POST /session/48ce7485e2c64a68d867c0ed65041780/execute/sync - {"script":"<script> [56 bytes]","args":[{"element-6066-11e4-a52e-4f735466cecf":"f.1999790E03A964CB3378C0A271C2A0DB.d.6342C201259CBCCAB8E156570EDCEF5C.e.7872","ELEMENT":"f.1999790E03A964CB3378C0A271C2A0DB.d.6342C201259CBCCAB8E156570EDCEF5C.e.7872"}]}
RESULT: {"script":"<script> [56 bytes]","args":[{"element-6066-11e4-a52e-4f735466cecf":"f.1999790E03A964CB3378C0A271C2A0DB.d.6342C201259CBCCAB8E156570EDCEF5C.e.7872","ELEMENT":"f.1999790E03A964CB3378C0A271C2A0DB.d.6342C201259CBCCAB8E156570EDCEF5C.e.7872"}]}
COMMAND: GET /session/48ce7485e2c64a68d867c0ed65041780/element/f.1999790E03A964CB3378C0A271C2A0DB.d.6342C201259CBCCAB8E156570EDCEF5C.e.7871/attribute/aria-checked - {}
COMMAND: GET /session/48ce7485e2c64a68d867c0ed65041780/screenshot - {}
RESULT: {}
COMMAND: POST /session/48ce7485e2c64a68d867c0ed65041780/element - {"using":"xpath","value":"//table[contains(@id, \"listView-innerSelectionPanelTable-listUl\")]/tbody/tr[16]/td[2]/div/div"}
RESULT: {}
RESULT: {"using":"xpath","value":"//table[contains(@id, \"listView-innerSelectionPanelTable-listUl\")]/tbody/tr[16]/td[2]/div/div"}
COMMAND: POST /session/48ce7485e2c64a68d867c0ed65041780/element - {"using":"xpath","value":"//table[contains(@id, \"listView-innerSelectionPanelTable-listUl\")]/tbody/tr[16]/td[2]/div"}
RESULT: {"using":"xpath","value":"//table[contains(@id, \"listView-innerSelectionPanelTable-listUl\")]/tbody/tr[16]/td[2]/div"}
COMMAND: POST /session/48ce7485e2c64a68d867c0ed65041780/element - {"using":"xpath","value":"//table[contains(@id, \"listView-innerSelectionPanelTable-listUl\")]/tbody/tr[16]/td[3]/div/div/span/span[1]/bdi"}
RESULT: {"using":"xpath","value":"//table[contains(@id, \"listView-innerSelectionPanelTable-listUl\")]/tbody/tr[16]/td[3]/div/div/span/span[1]/bdi"}
COMMAND: POST /session/48ce7485e2c64a68d867c0ed65041780/execute/sync - {"script":"<script> [56 bytes]","args":[{"element-6066-11e4-a52e-4f735466cecf":"f.1999790E03A964CB3378C0A271C2A0DB.d.6342C201259CBCCAB8E156570EDCEF5C.e.7875","ELEMENT":"f.1999790E03A964CB3378C0A271C2A0DB.d.6342C201259CBCCAB8E156570EDCEF5C.e.7875"}]}
RESULT: {"script":"<script> [56 bytes]","args":[{"element-6066-11e4-a52e-4f735466cecf":"f.1999790E03A964CB3378C0A271C2A0DB.d.6342C201259CBCCAB8E156570EDCEF5C.e.7875","ELEMENT":"f.1999790E03A964CB3378C0A271C2A0DB.d.6342C201259CBCCAB8E156570EDCEF5C.e.7875"}]}
COMMAND: GET /session/48ce7485e2c64a68d867c0ed65041780/element/f.1999790E03A964CB3378C0A271C2A0DB.d.6342C201259CBCCAB8E156570EDCEF5C.e.7874/attribute/aria-checked - {}
COMMAND: GET /session/48ce7485e2c64a68d867c0ed65041780/screenshot - {}
RESULT: {}
COMMAND: POST /session/48ce7485e2c64a68d867c0ed65041780/element - {"using":"xpath","value":"//table[contains(@id, \"listView-innerSelectionPanelTable-listUl\")]/tbody/tr[17]/td[2]/div/div"}
RESULT: {}
RESULT: {"using":"xpath","value":"//table[contains(@id, \"listView-innerSelectionPanelTable-listUl\")]/tbody/tr[17]/td[2]/div/div"}
COMMAND: POST /session/48ce7485e2c64a68d867c0ed65041780/element - {"using":"xpath","value":"//table[contains(@id, \"listView-innerSelectionPanelTable-listUl\")]/tbody/tr[17]/td[2]/div"}
RESULT: {"using":"xpath","value":"//table[contains(@id, \"listView-innerSelectionPanelTable-listUl\")]/tbody/tr[17]/td[2]/div"}
COMMAND: POST /session/48ce7485e2c64a68d867c0ed65041780/element - {"using":"xpath","value":"//table[contains(@id, \"listView-innerSelectionPanelTable-listUl\")]/tbody/tr[17]/td[3]/div/div/span/span[1]/bdi"}
RESULT: {"using":"xpath","value":"//table[contains(@id, \"listView-innerSelectionPanelTable-listUl\")]/tbody/tr[17]/td[3]/div/div/span/span[1]/bdi"}
COMMAND: POST /session/48ce7485e2c64a68d867c0ed65041780/execute/sync - {"script":"<script> [56 bytes]","args":[{"element-6066-11e4-a52e-4f735466cecf":"f.1999790E03A964CB3378C0A271C2A0DB.d.6342C201259CBCCAB8E156570EDCEF5C.e.7878","ELEMENT":"f.1999790E03A964CB3378C0A271C2A0DB.d.6342C201259CBCCAB8E156570EDCEF5C.e.7878"}]}
RESULT: {"script":"<script> [56 bytes]","args":[{"element-6066-11e4-a52e-4f735466cecf":"f.1999790E03A964CB3378C0A271C2A0DB.d.6342C201259CBCCAB8E156570EDCEF5C.e.7878","ELEMENT":"f.1999790E03A964CB3378C0A271C2A0DB.d.6342C201259CBCCAB8E156570EDCEF5C.e.7878"}]}
COMMAND: GET /session/48ce7485e2c64a68d867c0ed65041780/element/f.1999790E03A964CB3378C0A271C2A0DB.d.6342C201259CBCCAB8E156570EDCEF5C.e.7877/attribute/aria-checked - {}
COMMAND: GET /session/48ce7485e2c64a68d867c0ed65041780/screenshot - {}
RESULT: {}
COMMAND: POST /session/48ce7485e2c64a68d867c0ed65041780/element - {"using":"xpath","value":"//table[contains(@id, \"listView-innerSelectionPanelTable-listUl\")]/tbody/tr[18]/td[2]/div/div"}
RESULT: {}
RESULT: {"using":"xpath","value":"//table[contains(@id, \"listView-innerSelectionPanelTable-listUl\")]/tbody/tr[18]/td[2]/div/div"}
COMMAND: POST /session/48ce7485e2c64a68d867c0ed65041780/element - {"using":"xpath","value":"//table[contains(@id, \"listView-innerSelectionPanelTable-listUl\")]/tbody/tr[18]/td[2]/div"}
RESULT: {"using":"xpath","value":"//table[contains(@id, \"listView-innerSelectionPanelTable-listUl\")]/tbody/tr[18]/td[2]/div"}
COMMAND: POST /session/48ce7485e2c64a68d867c0ed65041780/element - {"using":"xpath","value":"//table[contains(@id, \"listView-innerSelectionPanelTable-listUl\")]/tbody/tr[18]/td[3]/div/div/span/span[1]/bdi"}
RESULT: {"using":"xpath","value":"//table[contains(@id, \"listView-innerSelectionPanelTable-listUl\")]/tbody/tr[18]/td[3]/div/div/span/span[1]/bdi"}
COMMAND: POST /session/48ce7485e2c64a68d867c0ed65041780/execute/sync - {"script":"<script> [56 bytes]","args":[{"element-6066-11e4-a52e-4f735466cecf":"f.1999790E03A964CB3378C0A271C2A0DB.d.6342C201259CBCCAB8E156570EDCEF5C.e.7881","ELEMENT":"f.1999790E03A964CB3378C0A271C2A0DB.d.6342C201259CBCCAB8E156570EDCEF5C.e.7881"}]}
RESULT: {"script":"<script> [56 bytes]","args":[{"element-6066-11e4-a52e-4f735466cecf":"f.1999790E03A964CB3378C0A271C2A0DB.d.6342C201259CBCCAB8E156570EDCEF5C.e.7881","ELEMENT":"f.1999790E03A964CB3378C0A271C2A0DB.d.6342C201259CBCCAB8E156570EDCEF5C.e.7881"}]}
COMMAND: GET /session/48ce7485e2c64a68d867c0ed65041780/element/f.1999790E03A964CB3378C0A271C2A0DB.d.6342C201259CBCCAB8E156570EDCEF5C.e.7880/attribute/aria-checked - {}
COMMAND: GET /session/48ce7485e2c64a68d867c0ed65041780/screenshot - {}
RESULT: {}
COMMAND: POST /session/48ce7485e2c64a68d867c0ed65041780/element - {"using":"xpath","value":"//table[contains(@id, \"listView-innerSelectionPanelTable-listUl\")]/tbody/tr[19]/td[2]/div/div"}
RESULT: {}
RESULT: {"using":"xpath","value":"//table[contains(@id, \"listView-innerSelectionPanelTable-listUl\")]/tbody/tr[19]/td[2]/div/div"}
COMMAND: POST /session/48ce7485e2c64a68d867c0ed65041780/element - {"using":"xpath","value":"//table[contains(@id, \"listView-innerSelectionPanelTable-listUl\")]/tbody/tr[19]/td[2]/div"}
RESULT: {"using":"xpath","value":"//table[contains(@id, \"listView-innerSelectionPanelTable-listUl\")]/tbody/tr[19]/td[2]/div"}
COMMAND: POST /session/48ce7485e2c64a68d867c0ed65041780/element - {"using":"xpath","value":"//table[contains(@id, \"listView-innerSelectionPanelTable-listUl\")]/tbody/tr[19]/td[3]/div/div/span/span[1]/bdi"}
RESULT: {"using":"xpath","value":"//table[contains(@id, \"listView-innerSelectionPanelTable-listUl\")]/tbody/tr[19]/td[3]/div/div/span/span[1]/bdi"}
COMMAND: POST /session/48ce7485e2c64a68d867c0ed65041780/execute/sync - {"script":"<script> [56 bytes]","args":[{"element-6066-11e4-a52e-4f735466cecf":"f.1999790E03A964CB3378C0A271C2A0DB.d.6342C201259CBCCAB8E156570EDCEF5C.e.7884","ELEMENT":"f.1999790E03A964CB3378C0A271C2A0DB.d.6342C201259CBCCAB8E156570EDCEF5C.e.7884"}]}
RESULT: {"script":"<script> [56 bytes]","args":[{"element-6066-11e4-a52e-4f735466cecf":"f.1999790E03A964CB3378C0A271C2A0DB.d.6342C201259CBCCAB8E156570EDCEF5C.e.7884","ELEMENT":"f.1999790E03A964CB3378C0A271C2A0DB.d.6342C201259CBCCAB8E156570EDCEF5C.e.7884"}]}
COMMAND: GET /session/48ce7485e2c64a68d867c0ed65041780/element/f.1999790E03A964CB3378C0A271C2A0DB.d.6342C201259CBCCAB8E156570EDCEF5C.e.7883/attribute/aria-checked - {}
COMMAND: GET /session/48ce7485e2c64a68d867c0ed65041780/screenshot - {}
RESULT: {}
COMMAND: POST /session/48ce7485e2c64a68d867c0ed65041780/element - {"using":"xpath","value":"//table[contains(@id, \"listView-innerSelectionPanelTable-listUl\")]/tbody/tr[20]/td[2]/div/div"}
RESULT: {}
RESULT: {"using":"xpath","value":"//table[contains(@id, \"listView-innerSelectionPanelTable-listUl\")]/tbody/tr[20]/td[2]/div/div"}
COMMAND: POST /session/48ce7485e2c64a68d867c0ed65041780/element - {"using":"xpath","value":"//table[contains(@id, \"listView-innerSelectionPanelTable-listUl\")]/tbody/tr[20]/td[2]/div"}
RESULT: {"using":"xpath","value":"//table[contains(@id, \"listView-innerSelectionPanelTable-listUl\")]/tbody/tr[20]/td[2]/div"}
COMMAND: POST /session/48ce7485e2c64a68d867c0ed65041780/element - {"using":"xpath","value":"//table[contains(@id, \"listView-innerSelectionPanelTable-listUl\")]/tbody/tr[20]/td[3]/div/div/span/span[1]/bdi"}
RESULT: {"using":"xpath","value":"//table[contains(@id, \"listView-innerSelectionPanelTable-listUl\")]/tbody/tr[20]/td[3]/div/div/span/span[1]/bdi"}
COMMAND: POST /session/48ce7485e2c64a68d867c0ed65041780/execute/sync - {"script":"<script> [56 bytes]","args":[{"element-6066-11e4-a52e-4f735466cecf":"f.1999790E03A964CB3378C0A271C2A0DB.d.6342C201259CBCCAB8E156570EDCEF5C.e.7887","ELEMENT":"f.1999790E03A964CB3378C0A271C2A0DB.d.6342C201259CBCCAB8E156570EDCEF5C.e.7887"}]}
RESULT: {"script":"<script> [56 bytes]","args":[{"element-6066-11e4-a52e-4f735466cecf":"f.1999790E03A964CB3378C0A271C2A0DB.d.6342C201259CBCCAB8E156570EDCEF5C.e.7887","ELEMENT":"f.1999790E03A964CB3378C0A271C2A0DB.d.6342C201259CBCCAB8E156570EDCEF5C.e.7887"}]}
COMMAND: GET /session/48ce7485e2c64a68d867c0ed65041780/element/f.1999790E03A964CB3378C0A271C2A0DB.d.6342C201259CBCCAB8E156570EDCEF5C.e.7886/attribute/aria-checked - {}
COMMAND: GET /session/48ce7485e2c64a68d867c0ed65041780/screenshot - {}
RESULT: {}
COMMAND: POST /session/48ce7485e2c64a68d867c0ed65041780/element - {"using":"xpath","value":"//table[contains(@id, \"listView-innerSelectionPanelTable-listUl\")]/tbody/tr[21]/td[2]/div/div"}
COMMAND: POST /session/48ce7485e2c64a68d867c0ed65041780/element/f.1999790E03A964CB3378C0A271C2A0DB.d.6342C201259CBCCAB8E156570EDCEF5C.e.7885/click - {}
RESULT: {}
RESULT: {"using":"xpath","value":"//table[contains(@id, \"listView-innerSelectionPanelTable-listUl\")]/tbody/tr[21]/td[2]/div/div"}
COMMAND: POST /session/48ce7485e2c64a68d867c0ed65041780/element - {"using":"xpath","value":"//table[contains(@id, \"listView-innerSelectionPanelTable-listUl\")]/tbody/tr[21]/td[2]/div"}
RESULT: {}
COMMAND: GET /session/48ce7485e2c64a68d867c0ed65041780/screenshot - {}
RESULT: {"using":"xpath","value":"//table[contains(@id, \"listView-innerSelectionPanelTable-listUl\")]/tbody/tr[21]/td[2]/div"}
COMMAND: POST /session/48ce7485e2c64a68d867c0ed65041780/element - {"using":"xpath","value":"//table[contains(@id, \"listView-innerSelectionPanelTable-listUl\")]/tbody/tr[21]/td[3]/div/div/span/span[1]/bdi"}
RESULT: {}
RESULT: {"using":"xpath","value":"//table[contains(@id, \"listView-innerSelectionPanelTable-listUl\")]/tbody/tr[21]/td[3]/div/div/span/span[1]/bdi"}
COMMAND: POST /session/48ce7485e2c64a68d867c0ed65041780/execute/sync - {"script":"<script> [56 bytes]","args":[{"element-6066-11e4-a52e-4f735466cecf":"f.1999790E03A964CB3378C0A271C2A0DB.d.6342C201259CBCCAB8E156570EDCEF5C.e.7893","ELEMENT":"f.1999790E03A964CB3378C0A271C2A0DB.d.6342C201259CBCCAB8E156570EDCEF5C.e.7893"}]}
RESULT: {"script":"<script> [56 bytes]","args":[{"element-6066-11e4-a52e-4f735466cecf":"f.1999790E03A964CB3378C0A271C2A0DB.d.6342C201259CBCCAB8E156570EDCEF5C.e.7893","ELEMENT":"f.1999790E03A964CB3378C0A271C2A0DB.d.6342C201259CBCCAB8E156570EDCEF5C.e.7893"}]}
COMMAND: GET /session/48ce7485e2c64a68d867c0ed65041780/element/f.1999790E03A964CB3378C0A271C2A0DB.d.6342C201259CBCCAB8E156570EDCEF5C.e.7892/attribute/aria-checked - {}
COMMAND: GET /session/48ce7485e2c64a68d867c0ed65041780/screenshot - {}
RESULT: {}
COMMAND: POST /session/48ce7485e2c64a68d867c0ed65041780/element - {"using":"xpath","value":"//table[contains(@id, \"listView-innerSelectionPanelTable-listUl\")]/tbody/tr[22]/td[2]/div/div"}
COMMAND: POST /session/48ce7485e2c64a68d867c0ed65041780/element/f.1999790E03A964CB3378C0A271C2A0DB.d.6342C201259CBCCAB8E156570EDCEF5C.e.7888/click - {}
RESULT: {}
RESULT: {"using":"xpath","value":"//table[contains(@id, \"listView-innerSelectionPanelTable-listUl\")]/tbody/tr[22]/td[2]/div/div"}
COMMAND: POST /session/48ce7485e2c64a68d867c0ed65041780/element - {"using":"xpath","value":"//table[contains(@id, \"listView-innerSelectionPanelTable-listUl\")]/tbody/tr[22]/td[2]/div"}
RESULT: {}
COMMAND: GET /session/48ce7485e2c64a68d867c0ed65041780/screenshot - {}
RESULT: {"using":"xpath","value":"//table[contains(@id, \"listView-innerSelectionPanelTable-listUl\")]/tbody/tr[22]/td[2]/div"}
COMMAND: POST /session/48ce7485e2c64a68d867c0ed65041780/element - {"using":"xpath","value":"//table[contains(@id, \"listView-innerSelectionPanelTable-listUl\")]/tbody/tr[22]/td[3]/div/div/span/span[1]/bdi"}
RESULT: {}
RESULT: {"using":"xpath","value":"//table[contains(@id, \"listView-innerSelectionPanelTable-listUl\")]/tbody/tr[22]/td[3]/div/div/span/span[1]/bdi"}
COMMAND: POST /session/48ce7485e2c64a68d867c0ed65041780/execute/sync - {"script":"<script> [56 bytes]","args":[{"element-6066-11e4-a52e-4f735466cecf":"f.1999790E03A964CB3378C0A271C2A0DB.d.6342C201259CBCCAB8E156570EDCEF5C.e.7897","ELEMENT":"f.1999790E03A964CB3378C0A271C2A0DB.d.6342C201259CBCCAB8E156570EDCEF5C.e.7897"}]}
RESULT: {"script":"<script> [56 bytes]","args":[{"element-6066-11e4-a52e-4f735466cecf":"f.1999790E03A964CB3378C0A271C2A0DB.d.6342C201259CBCCAB8E156570EDCEF5C.e.7897","ELEMENT":"f.1999790E03A964CB3378C0A271C2A0DB.d.6342C201259CBCCAB8E156570EDCEF5C.e.7897"}]}
COMMAND: GET /session/48ce7485e2c64a68d867c0ed65041780/element/f.1999790E03A964CB3378C0A271C2A0DB.d.6342C201259CBCCAB8E156570EDCEF5C.e.7896/attribute/aria-checked - {}
COMMAND: GET /session/48ce7485e2c64a68d867c0ed65041780/screenshot - {}
RESULT: {}
COMMAND: POST /session/48ce7485e2c64a68d867c0ed65041780/element - {"using":"xpath","value":"//table[contains(@id, \"listView-innerSelectionPanelTable-listUl\")]/tbody/tr[23]/td[2]/div/div"}
RESULT: {}
RESULT: {"using":"xpath","value":"//table[contains(@id, \"listView-innerSelectionPanelTable-listUl\")]/tbody/tr[23]/td[2]/div/div"}
COMMAND: POST /session/48ce7485e2c64a68d867c0ed65041780/element - {"using":"xpath","value":"//table[contains(@id, \"listView-innerSelectionPanelTable-listUl\")]/tbody/tr[23]/td[2]/div"}
RESULT: {"using":"xpath","value":"//table[contains(@id, \"listView-innerSelectionPanelTable-listUl\")]/tbody/tr[23]/td[2]/div"}
COMMAND: POST /session/48ce7485e2c64a68d867c0ed65041780/element - {"using":"xpath","value":"//table[contains(@id, \"listView-innerSelectionPanelTable-listUl\")]/tbody/tr[23]/td[3]/div/div/span/span[1]/bdi"}
RESULT: {"using":"xpath","value":"//table[contains(@id, \"listView-innerSelectionPanelTable-listUl\")]/tbody/tr[23]/td[3]/div/div/span/span[1]/bdi"}
COMMAND: POST /session/48ce7485e2c64a68d867c0ed65041780/execute/sync - {"script":"<script> [56 bytes]","args":[{"element-6066-11e4-a52e-4f735466cecf":"f.1999790E03A964CB3378C0A271C2A0DB.d.6342C201259CBCCAB8E156570EDCEF5C.e.7900","ELEMENT":"f.1999790E03A964CB3378C0A271C2A0DB.d.6342C201259CBCCAB8E156570EDCEF5C.e.7900"}]}
RESULT: {"script":"<script> [56 bytes]","args":[{"element-6066-11e4-a52e-4f735466cecf":"f.1999790E03A964CB3378C0A271C2A0DB.d.6342C201259CBCCAB8E156570EDCEF5C.e.7900","ELEMENT":"f.1999790E03A964CB3378C0A271C2A0DB.d.6342C201259CBCCAB8E156570EDCEF5C.e.7900"}]}
COMMAND: GET /session/48ce7485e2c64a68d867c0ed65041780/element/f.1999790E03A964CB3378C0A271C2A0DB.d.6342C201259CBCCAB8E156570EDCEF5C.e.7899/attribute/aria-checked - {}
COMMAND: GET /session/48ce7485e2c64a68d867c0ed65041780/screenshot - {}
RESULT: {}
COMMAND: POST /session/48ce7485e2c64a68d867c0ed65041780/element - {"using":"xpath","value":"//table[contains(@id, \"listView-innerSelectionPanelTable-listUl\")]/tbody/tr[24]/td[2]/div/div"}
RESULT: {}
RESULT: {"using":"xpath","value":"//table[contains(@id, \"listView-innerSelectionPanelTable-listUl\")]/tbody/tr[24]/td[2]/div/div"}
COMMAND: POST /session/48ce7485e2c64a68d867c0ed65041780/element - {"using":"xpath","value":"//table[contains(@id, \"listView-innerSelectionPanelTable-listUl\")]/tbody/tr[24]/td[2]/div"}
RESULT: {"using":"xpath","value":"//table[contains(@id, \"listView-innerSelectionPanelTable-listUl\")]/tbody/tr[24]/td[2]/div"}
COMMAND: POST /session/48ce7485e2c64a68d867c0ed65041780/element - {"using":"xpath","value":"//table[contains(@id, \"listView-innerSelectionPanelTable-listUl\")]/tbody/tr[24]/td[3]/div/div/span/span[1]/bdi"}
RESULT: {"using":"xpath","value":"//table[contains(@id, \"listView-innerSelectionPanelTable-listUl\")]/tbody/tr[24]/td[3]/div/div/span/span[1]/bdi"}
COMMAND: POST /session/48ce7485e2c64a68d867c0ed65041780/execute/sync - {"script":"<script> [56 bytes]","args":[{"element-6066-11e4-a52e-4f735466cecf":"f.1999790E03A964CB3378C0A271C2A0DB.d.6342C201259CBCCAB8E156570EDCEF5C.e.7903","ELEMENT":"f.1999790E03A964CB3378C0A271C2A0DB.d.6342C201259CBCCAB8E156570EDCEF5C.e.7903"}]}
RESULT: {"script":"<script> [56 bytes]","args":[{"element-6066-11e4-a52e-4f735466cecf":"f.1999790E03A964CB3378C0A271C2A0DB.d.6342C201259CBCCAB8E156570EDCEF5C.e.7903","ELEMENT":"f.1999790E03A964CB3378C0A271C2A0DB.d.6342C201259CBCCAB8E156570EDCEF5C.e.7903"}]}
COMMAND: GET /session/48ce7485e2c64a68d867c0ed65041780/element/f.1999790E03A964CB3378C0A271C2A0DB.d.6342C201259CBCCAB8E156570EDCEF5C.e.7902/attribute/aria-checked - {}
COMMAND: GET /session/48ce7485e2c64a68d867c0ed65041780/screenshot - {}
RESULT: {}
COMMAND: POST /session/48ce7485e2c64a68d867c0ed65041780/element - {"using":"xpath","value":"//table[contains(@id, \"listView-innerSelectionPanelTable-listUl\")]/tbody/tr[25]/td[2]/div/div"}
RESULT: {}
RESULT: {"using":"xpath","value":"//table[contains(@id, \"listView-innerSelectionPanelTable-listUl\")]/tbody/tr[25]/td[2]/div/div"}
COMMAND: POST /session/48ce7485e2c64a68d867c0ed65041780/element - {"using":"xpath","value":"//table[contains(@id, \"listView-innerSelectionPanelTable-listUl\")]/tbody/tr[25]/td[2]/div"}
RESULT: {"using":"xpath","value":"//table[contains(@id, \"listView-innerSelectionPanelTable-listUl\")]/tbody/tr[25]/td[2]/div"}
COMMAND: POST /session/48ce7485e2c64a68d867c0ed65041780/element - {"using":"xpath","value":"//table[contains(@id, \"listView-innerSelectionPanelTable-listUl\")]/tbody/tr[25]/td[3]/div/div/span/span[1]/bdi"}
RESULT: {"using":"xpath","value":"//table[contains(@id, \"listView-innerSelectionPanelTable-listUl\")]/tbody/tr[25]/td[3]/div/div/span/span[1]/bdi"}
COMMAND: POST /session/48ce7485e2c64a68d867c0ed65041780/execute/sync - {"script":"<script> [56 bytes]","args":[{"element-6066-11e4-a52e-4f735466cecf":"f.1999790E03A964CB3378C0A271C2A0DB.d.6342C201259CBCCAB8E156570EDCEF5C.e.7906","ELEMENT":"f.1999790E03A964CB3378C0A271C2A0DB.d.6342C201259CBCCAB8E156570EDCEF5C.e.7906"}]}
RESULT: {"script":"<script> [56 bytes]","args":[{"element-6066-11e4-a52e-4f735466cecf":"f.1999790E03A964CB3378C0A271C2A0DB.d.6342C201259CBCCAB8E156570EDCEF5C.e.7906","ELEMENT":"f.1999790E03A964CB3378C0A271C2A0DB.d.6342C201259CBCCAB8E156570EDCEF5C.e.7906"}]}
COMMAND: GET /session/48ce7485e2c64a68d867c0ed65041780/element/f.1999790E03A964CB3378C0A271C2A0DB.d.6342C201259CBCCAB8E156570EDCEF5C.e.7905/attribute/aria-checked - {}
COMMAND: GET /session/48ce7485e2c64a68d867c0ed65041780/screenshot - {}
RESULT: {}
COMMAND: POST /session/48ce7485e2c64a68d867c0ed65041780/element - {"using":"xpath","value":"//bdi[contains(text(), \"OK\")]"}
RESULT: {}
RESULT: {"using":"xpath","value":"//bdi[contains(text(), \"OK\")]"}
COMMAND: POST /session/48ce7485e2c64a68d867c0ed65041780/element/f.1999790E03A964CB3378C0A271C2A0DB.d.6342C201259CBCCAB8E156570EDCEF5C.e.7907/click - {}
RESULT: {}
COMMAND: GET /session/48ce7485e2c64a68d867c0ed65041780/screenshot - {}
RESULT: {}
COMMAND: POST /session/48ce7485e2c64a68d867c0ed65041780/execute/async - {"script":"<script> [1562 bytes]","args":[{"selector":{"id":"application-managepartners-display-component---masterPtm--smartFilterBar-filterItemControlA_-LINK_TO_ADDRESSES_MAIN.ID-vhi"},"wdio_ui5_key":"applicationmanagepartners-display-component---masterPtm--smartFilterBar-filterItemControlA_-LINK_TO_ADDRESSES_MAIN.ID-vhi"}]}
RESULT: {"script":"<script> [1562 bytes]","args":[{"selector":{"id":"application-managepartners-display-component---masterPtm--smartFilterBar-filterItemControlA_-LINK_TO_ADDRESSES_MAIN.ID-vhi"},"wdio_ui5_key":"applicationmanagepartners-display-component---masterPtm--smartFilterBar-filterItemControlA_-LINK_TO_ADDRESSES_MAIN.ID-vhi"}]}
RESULT: undefined
COMMAND: POST /session/48ce7485e2c64a68d867c0ed65041780/element - {"using":"xpath","value":"//*[@id=\"application-managepartners-display-component---masterPtm--smartFilterBar-filterItemControlA_-LINK_TO_ADDRESSES_MAIN.ID-vhi\"]"}
RESULT: {"using":"xpath","value":"//*[@id=\"application-managepartners-display-component---masterPtm--smartFilterBar-filterItemControlA_-LINK_TO_ADDRESSES_MAIN.ID-vhi\"]"}
COMMAND: POST /session/48ce7485e2c64a68d867c0ed65041780/element/f.1999790E03A964CB3378C0A271C2A0DB.d.6342C201259CBCCAB8E156570EDCEF5C.e.7920/click - {}
RESULT: {}
COMMAND: GET /session/48ce7485e2c64a68d867c0ed65041780/screenshot - {}
RESULT: {}
COMMAND: POST /session/48ce7485e2c64a68d867c0ed65041780/element - {"using":"xpath","value":"//div[input[@value=\"contains\"]]//span[contains(@id, \"arrow\")]"}
RESULT: {"using":"xpath","value":"//div[input[@value=\"contains\"]]//span[contains(@id, \"arrow\")]"}
COMMAND: POST /session/48ce7485e2c64a68d867c0ed65041780/element/f.1999790E03A964CB3378C0A271C2A0DB.d.6342C201259CBCCAB8E156570EDCEF5C.e.7925/click - {}
RESULT: {}
COMMAND: GET /session/48ce7485e2c64a68d867c0ed65041780/screenshot - {}
RESULT: {}
COMMAND: POST /session/48ce7485e2c64a68d867c0ed65041780/element - {"using":"xpath","value":"//li[.//span[text()='equal to']]"}
RESULT: {"using":"xpath","value":"//li[.//span[text()='equal to']]"}
COMMAND: POST /session/48ce7485e2c64a68d867c0ed65041780/element/f.1999790E03A964CB3378C0A271C2A0DB.d.6342C201259CBCCAB8E156570EDCEF5C.e.7926/click - {}
RESULT: {}
COMMAND: GET /session/48ce7485e2c64a68d867c0ed65041780/screenshot - {}
RESULT: {}
RESULT: undefined
COMMAND: POST /session/48ce7485e2c64a68d867c0ed65041780/execute/async - {"script":"<script> [776 bytes]","args":[{"enterText":"1006","selector":{"controlType":"sap.m.Input","viewName":"etm.portal.ui.managepartners.view.Master","viewId":"application-managepartners-display-component---masterPtm","properties":{"valueState":"None"},"searchOpenDialogs":true,"interaction":{"idSuffix":"inner"}},"clearTextFirst":true,"interactionType":"ENTER_TEXT"}]}
RESULT: {"script":"<script> [776 bytes]","args":[{"enterText":"1006","selector":{"controlType":"sap.m.Input","viewName":"etm.portal.ui.managepartners.view.Master","viewId":"application-managepartners-display-component---masterPtm","properties":{"valueState":"None"},"searchOpenDialogs":true,"interaction":{"idSuffix":"inner"}},"clearTextFirst":true,"interactionType":"ENTER_TEXT"}]}
COMMAND: POST /session/48ce7485e2c64a68d867c0ed65041780/actions - {"actions":[{"id":"action22","type":"key","parameters":{},"actions":[{"type":"keyDown","value":""},{"type":"pause","duration":10},{"type":"keyUp","value":""}]}]}
RESULT: {"actions":[{"id":"action22","type":"key","parameters":{},"actions":[{"type":"keyDown","value":""},{"type":"pause","duration":10},{"type":"keyUp","value":""}]}]}
COMMAND: GET /session/48ce7485e2c64a68d867c0ed65041780/screenshot - {}
RESULT: {}
COMMAND: POST /session/48ce7485e2c64a68d867c0ed65041780/element - {"using":"xpath","value":"(//bdi[contains(text(), \"OK\")])[1]"}
RESULT: {"using":"xpath","value":"(//bdi[contains(text(), \"OK\")])[1]"}
COMMAND: POST /session/48ce7485e2c64a68d867c0ed65041780/element/f.1999790E03A964CB3378C0A271C2A0DB.d.6342C201259CBCCAB8E156570EDCEF5C.e.7927/click - {}
RESULT: {}
COMMAND: GET /session/48ce7485e2c64a68d867c0ed65041780/screenshot - {}
RESULT: {}
COMMAND: POST /session/48ce7485e2c64a68d867c0ed65041780/element - {"using":"xpath","value":"//span[@id=\"application-managepartners-display-component---masterPtm--smartTable-header-inner\"]"}
RESULT: {"using":"xpath","value":"//span[@id=\"application-managepartners-display-component---masterPtm--smartTable-header-inner\"]"}
COMMAND: POST /session/48ce7485e2c64a68d867c0ed65041780/elements - {"using":"xpath","value":"//span[@id=\"application-managepartners-display-component---masterPtm--smartTable-header-inner\"]"}
RESULT: {"using":"xpath","value":"//span[@id=\"application-managepartners-display-component---masterPtm--smartTable-header-inner\"]"}
COMMAND: POST /session/48ce7485e2c64a68d867c0ed65041780/execute/sync - {"script":"<script> [56 bytes]","args":[{"element-6066-11e4-a52e-4f735466cecf":"f.1999790E03A964CB3378C0A271C2A0DB.d.6342C201259CBCCAB8E156570EDCEF5C.e.7765","ELEMENT":"f.1999790E03A964CB3378C0A271C2A0DB.d.6342C201259CBCCAB8E156570EDCEF5C.e.7765"}]}
RESULT: {"script":"<script> [56 bytes]","args":[{"element-6066-11e4-a52e-4f735466cecf":"f.1999790E03A964CB3378C0A271C2A0DB.d.6342C201259CBCCAB8E156570EDCEF5C.e.7765","ELEMENT":"f.1999790E03A964CB3378C0A271C2A0DB.d.6342C201259CBCCAB8E156570EDCEF5C.e.7765"}]}
COMMAND: POST /session/48ce7485e2c64a68d867c0ed65041780/element - {"using":"xpath","value":"//span[contains(@title, \"Remove\")]"}
COMMAND: GET /session/48ce7485e2c64a68d867c0ed65041780/screenshot - {}
RESULT: {"using":"xpath","value":"//span[contains(@title, \"Remove\")]"}
COMMAND: POST /session/48ce7485e2c64a68d867c0ed65041780/element/f.1999790E03A964CB3378C0A271C2A0DB.d.6342C201259CBCCAB8E156570EDCEF5C.e.7932/click - {}
RESULT: {}
RESULT: {}
COMMAND: GET /session/48ce7485e2c64a68d867c0ed65041780/screenshot - {}
RESULT: {}
RESULT: undefined
COMMAND: POST /session/48ce7485e2c64a68d867c0ed65041780/element - {"using":"xpath","value":"//*[@id=\"application-managepartners-display-component---masterPtm--smartFilterBar-filterItemControl_BASIC-YARD-vhi\"]"}
RESULT: {"using":"xpath","value":"//*[@id=\"application-managepartners-display-component---masterPtm--smartFilterBar-filterItemControl_BASIC-YARD-vhi\"]"}
COMMAND: POST /session/48ce7485e2c64a68d867c0ed65041780/element/f.1999790E03A964CB3378C0A271C2A0DB.d.6342C201259CBCCAB8E156570EDCEF5C.e.8038/click - {}
RESULT: {}
COMMAND: GET /session/48ce7485e2c64a68d867c0ed65041780/screenshot - {}
RESULT: {}
RESULT: undefined
COMMAND: POST /session/48ce7485e2c64a68d867c0ed65041780/execute/async - {"script":"<script> [776 bytes]","args":[{"enterText":"Test","selector":{"id":"application-managepartners-display-component---masterPtm--smartFilterBar-filterItemControl_BASIC-YARD-valueHelpDialog-smartFilterBar-btnBasicSearch","searchOpenDialogs":true,"interaction":{"idSuffix":"I"}},"clearTextFirst":true,"interactionType":"ENTER_TEXT"}]}
RESULT: {"script":"<script> [776 bytes]","args":[{"enterText":"Test","selector":{"id":"application-managepartners-display-component---masterPtm--smartFilterBar-filterItemControl_BASIC-YARD-valueHelpDialog-smartFilterBar-btnBasicSearch","searchOpenDialogs":true,"interaction":{"idSuffix":"I"}},"clearTextFirst":true,"interactionType":"ENTER_TEXT"}]}
COMMAND: POST /session/48ce7485e2c64a68d867c0ed65041780/actions - {"actions":[{"id":"action23","type":"key","parameters":{},"actions":[{"type":"keyDown","value":""},{"type":"pause","duration":10},{"type":"keyUp","value":""}]}]}
RESULT: {"actions":[{"id":"action23","type":"key","parameters":{},"actions":[{"type":"keyDown","value":""},{"type":"pause","duration":10},{"type":"keyUp","value":""}]}]}
COMMAND: POST /session/48ce7485e2c64a68d867c0ed65041780/elements - {"using":"xpath","value":"//table[contains(@id, \"smartFilterBar-filterItemControl_BASIC-YARD-valueHelpDialog-table-table\")]/tbody/tr"}
COMMAND: GET /session/48ce7485e2c64a68d867c0ed65041780/screenshot - {}
RESULT: {"using":"xpath","value":"//table[contains(@id, \"smartFilterBar-filterItemControl_BASIC-YARD-valueHelpDialog-table-table\")]/tbody/tr"}
COMMAND: POST /session/48ce7485e2c64a68d867c0ed65041780/element - {"using":"xpath","value":"//table[contains(@id, \"smartFilterBar-filterItemControl_BASIC-YARD-valueHelpDialog-table-table\")]/tbody/tr[1]/td[1]/div/span"}
RESULT: {}
RESULT: {"using":"xpath","value":"//table[contains(@id, \"smartFilterBar-filterItemControl_BASIC-YARD-valueHelpDialog-table-table\")]/tbody/tr[1]/td[1]/div/span"}
COMMAND: POST /session/48ce7485e2c64a68d867c0ed65041780/elements - {"using":"xpath","value":"//table[contains(@id, \"smartFilterBar-filterItemControl_BASIC-YARD-valueHelpDialog-table-table\")]/tbody/tr[1]/td[1]/div/span"}
RESULT: {"using":"xpath","value":"//table[contains(@id, \"smartFilterBar-filterItemControl_BASIC-YARD-valueHelpDialog-table-table\")]/tbody/tr[1]/td[1]/div/span"}
COMMAND: POST /session/48ce7485e2c64a68d867c0ed65041780/execute/sync - {"script":"<script> [56 bytes]","args":[{"element-6066-11e4-a52e-4f735466cecf":"f.1999790E03A964CB3378C0A271C2A0DB.d.6342C201259CBCCAB8E156570EDCEF5C.e.8057","ELEMENT":"f.1999790E03A964CB3378C0A271C2A0DB.d.6342C201259CBCCAB8E156570EDCEF5C.e.8057"}]}
RESULT: {"script":"<script> [56 bytes]","args":[{"element-6066-11e4-a52e-4f735466cecf":"f.1999790E03A964CB3378C0A271C2A0DB.d.6342C201259CBCCAB8E156570EDCEF5C.e.8057","ELEMENT":"f.1999790E03A964CB3378C0A271C2A0DB.d.6342C201259CBCCAB8E156570EDCEF5C.e.8057"}]}
COMMAND: POST /session/48ce7485e2c64a68d867c0ed65041780/element - {"using":"xpath","value":"//table[contains(@id, \"smartFilterBar-filterItemControl_BASIC-YARD-valueHelpDialog-table-table\")]/tbody/tr[2]/td[1]/div/span"}
COMMAND: GET /session/48ce7485e2c64a68d867c0ed65041780/screenshot - {}
RESULT: {"using":"xpath","value":"//table[contains(@id, \"smartFilterBar-filterItemControl_BASIC-YARD-valueHelpDialog-table-table\")]/tbody/tr[2]/td[1]/div/span"}
COMMAND: POST /session/48ce7485e2c64a68d867c0ed65041780/elements - {"using":"xpath","value":"//table[contains(@id, \"smartFilterBar-filterItemControl_BASIC-YARD-valueHelpDialog-table-table\")]/tbody/tr[2]/td[1]/div/span"}
RESULT: {}
RESULT: {"using":"xpath","value":"//table[contains(@id, \"smartFilterBar-filterItemControl_BASIC-YARD-valueHelpDialog-table-table\")]/tbody/tr[2]/td[1]/div/span"}
COMMAND: POST /session/48ce7485e2c64a68d867c0ed65041780/execute/sync - {"script":"<script> [56 bytes]","args":[{"element-6066-11e4-a52e-4f735466cecf":"f.1999790E03A964CB3378C0A271C2A0DB.d.6342C201259CBCCAB8E156570EDCEF5C.e.8058","ELEMENT":"f.1999790E03A964CB3378C0A271C2A0DB.d.6342C201259CBCCAB8E156570EDCEF5C.e.8058"}]}
RESULT: {"script":"<script> [56 bytes]","args":[{"element-6066-11e4-a52e-4f735466cecf":"f.1999790E03A964CB3378C0A271C2A0DB.d.6342C201259CBCCAB8E156570EDCEF5C.e.8058","ELEMENT":"f.1999790E03A964CB3378C0A271C2A0DB.d.6342C201259CBCCAB8E156570EDCEF5C.e.8058"}]}
COMMAND: POST /session/48ce7485e2c64a68d867c0ed65041780/element - {"using":"xpath","value":"//table[contains(@id, \"smartFilterBar-filterItemControl_BASIC-YARD-valueHelpDialog-table-table\")]/tbody/tr[3]/td[1]/div/span"}
COMMAND: GET /session/48ce7485e2c64a68d867c0ed65041780/screenshot - {}
RESULT: {"using":"xpath","value":"//table[contains(@id, \"smartFilterBar-filterItemControl_BASIC-YARD-valueHelpDialog-table-table\")]/tbody/tr[3]/td[1]/div/span"}
COMMAND: POST /session/48ce7485e2c64a68d867c0ed65041780/elements - {"using":"xpath","value":"//table[contains(@id, \"smartFilterBar-filterItemControl_BASIC-YARD-valueHelpDialog-table-table\")]/tbody/tr[3]/td[1]/div/span"}
RESULT: {}
RESULT: {"using":"xpath","value":"//table[contains(@id, \"smartFilterBar-filterItemControl_BASIC-YARD-valueHelpDialog-table-table\")]/tbody/tr[3]/td[1]/div/span"}
COMMAND: POST /session/48ce7485e2c64a68d867c0ed65041780/execute/sync - {"script":"<script> [56 bytes]","args":[{"element-6066-11e4-a52e-4f735466cecf":"f.1999790E03A964CB3378C0A271C2A0DB.d.6342C201259CBCCAB8E156570EDCEF5C.e.8059","ELEMENT":"f.1999790E03A964CB3378C0A271C2A0DB.d.6342C201259CBCCAB8E156570EDCEF5C.e.8059"}]}
RESULT: {"script":"<script> [56 bytes]","args":[{"element-6066-11e4-a52e-4f735466cecf":"f.1999790E03A964CB3378C0A271C2A0DB.d.6342C201259CBCCAB8E156570EDCEF5C.e.8059","ELEMENT":"f.1999790E03A964CB3378C0A271C2A0DB.d.6342C201259CBCCAB8E156570EDCEF5C.e.8059"}]}
COMMAND: POST /session/48ce7485e2c64a68d867c0ed65041780/element - {"using":"xpath","value":"//div[contains(@id, \"filterItemControl_BASIC-YARD-valueHelpDialog-table-rowsel2\")]"}
COMMAND: GET /session/48ce7485e2c64a68d867c0ed65041780/screenshot - {}
RESULT: {"using":"xpath","value":"//div[contains(@id, \"filterItemControl_BASIC-YARD-valueHelpDialog-table-rowsel2\")]"}
COMMAND: POST /session/48ce7485e2c64a68d867c0ed65041780/element/f.1999790E03A964CB3378C0A271C2A0DB.d.6342C201259CBCCAB8E156570EDCEF5C.e.8060/click - {}
RESULT: {}
RESULT: {}
COMMAND: GET /session/48ce7485e2c64a68d867c0ed65041780/screenshot - {}
RESULT: {}
COMMAND: POST /session/48ce7485e2c64a68d867c0ed65041780/element - {"using":"xpath","value":"(//bdi[contains(text(), \"OK\")])[1]"}
RESULT: {"using":"xpath","value":"(//bdi[contains(text(), \"OK\")])[1]"}
COMMAND: POST /session/48ce7485e2c64a68d867c0ed65041780/element/f.1999790E03A964CB3378C0A271C2A0DB.d.6342C201259CBCCAB8E156570EDCEF5C.e.8062/click - {}
RESULT: {}
COMMAND: GET /session/48ce7485e2c64a68d867c0ed65041780/screenshot - {}
RESULT: {}
COMMAND: POST /session/48ce7485e2c64a68d867c0ed65041780/element - {"using":"xpath","value":"//span[@id=\"application-managepartners-display-component---masterPtm--smartTable-header-inner\"]"}
RESULT: {"using":"xpath","value":"//span[@id=\"application-managepartners-display-component---masterPtm--smartTable-header-inner\"]"}
COMMAND: POST /session/48ce7485e2c64a68d867c0ed65041780/elements - {"using":"xpath","value":"//span[@id=\"application-managepartners-display-component---masterPtm--smartTable-header-inner\"]"}
RESULT: {"using":"xpath","value":"//span[@id=\"application-managepartners-display-component---masterPtm--smartTable-header-inner\"]"}
COMMAND: POST /session/48ce7485e2c64a68d867c0ed65041780/execute/sync - {"script":"<script> [56 bytes]","args":[{"element-6066-11e4-a52e-4f735466cecf":"f.1999790E03A964CB3378C0A271C2A0DB.d.6342C201259CBCCAB8E156570EDCEF5C.e.7765","ELEMENT":"f.1999790E03A964CB3378C0A271C2A0DB.d.6342C201259CBCCAB8E156570EDCEF5C.e.7765"}]}
RESULT: {"script":"<script> [56 bytes]","args":[{"element-6066-11e4-a52e-4f735466cecf":"f.1999790E03A964CB3378C0A271C2A0DB.d.6342C201259CBCCAB8E156570EDCEF5C.e.7765","ELEMENT":"f.1999790E03A964CB3378C0A271C2A0DB.d.6342C201259CBCCAB8E156570EDCEF5C.e.7765"}]}
COMMAND: POST /session/48ce7485e2c64a68d867c0ed65041780/element - {"using":"xpath","value":"//span[contains(@title, \"Remove\")]"}
COMMAND: GET /session/48ce7485e2c64a68d867c0ed65041780/screenshot - {}
RESULT: {"using":"xpath","value":"//span[contains(@title, \"Remove\")]"}
COMMAND: POST /session/48ce7485e2c64a68d867c0ed65041780/element/f.1999790E03A964CB3378C0A271C2A0DB.d.6342C201259CBCCAB8E156570EDCEF5C.e.8075/click - {}
RESULT: {}
RESULT: {}
COMMAND: GET /session/48ce7485e2c64a68d867c0ed65041780/screenshot - {}
RESULT: {}
RESULT: undefined
COMMAND: POST /session/48ce7485e2c64a68d867c0ed65041780/element - {"using":"xpath","value":"//*[@id=\"application-managepartners-display-component---masterPtm--smartFilterBar-filterItemControl_BASIC-MAIN_ADDRESS-vhi\"]"}
RESULT: {"using":"xpath","value":"//*[@id=\"application-managepartners-display-component---masterPtm--smartFilterBar-filterItemControl_BASIC-MAIN_ADDRESS-vhi\"]"}
COMMAND: POST /session/48ce7485e2c64a68d867c0ed65041780/element/f.1999790E03A964CB3378C0A271C2A0DB.d.6342C201259CBCCAB8E156570EDCEF5C.e.8178/click - {}
RESULT: {}
COMMAND: GET /session/48ce7485e2c64a68d867c0ed65041780/screenshot - {}
RESULT: {}
RESULT: undefined
COMMAND: POST /session/48ce7485e2c64a68d867c0ed65041780/execute/async - {"script":"<script> [776 bytes]","args":[{"enterText":"Romania","selector":{"id":"application-managepartners-display-component---masterPtm--smartFilterBar-filterItemControl_BASIC-MAIN_ADDRESS-valueHelpDialog-smartFilterBar-btnBasicSearch","searchOpenDialogs":true,"interaction":{"idSuffix":"I"}},"clearTextFirst":true,"interactionType":"ENTER_TEXT"}]}
RESULT: {"script":"<script> [776 bytes]","args":[{"enterText":"Romania","selector":{"id":"application-managepartners-display-component---masterPtm--smartFilterBar-filterItemControl_BASIC-MAIN_ADDRESS-valueHelpDialog-smartFilterBar-btnBasicSearch","searchOpenDialogs":true,"interaction":{"idSuffix":"I"}},"clearTextFirst":true,"interactionType":"ENTER_TEXT"}]}
COMMAND: POST /session/48ce7485e2c64a68d867c0ed65041780/actions - {"actions":[{"id":"action24","type":"key","parameters":{},"actions":[{"type":"keyDown","value":""},{"type":"pause","duration":10},{"type":"keyUp","value":""}]}]}
RESULT: {"actions":[{"id":"action24","type":"key","parameters":{},"actions":[{"type":"keyDown","value":""},{"type":"pause","duration":10},{"type":"keyUp","value":""}]}]}
COMMAND: POST /session/48ce7485e2c64a68d867c0ed65041780/elements - {"using":"xpath","value":"//table[contains(@id, \"smartFilterBar-filterItemControl_BASIC-MAIN_ADDRESS-valueHelpDialog-table-table\")]/tbody/tr"}
COMMAND: GET /session/48ce7485e2c64a68d867c0ed65041780/screenshot - {}
RESULT: {"using":"xpath","value":"//table[contains(@id, \"smartFilterBar-filterItemControl_BASIC-MAIN_ADDRESS-valueHelpDialog-table-table\")]/tbody/tr"}
COMMAND: POST /session/48ce7485e2c64a68d867c0ed65041780/element - {"using":"xpath","value":"//table[contains(@id, \"smartFilterBar-filterItemControl_BASIC-MAIN_ADDRESS-valueHelpDialog-table-table\")]/tbody/tr[1]/td[1]/div/span"}
RESULT: {}
RESULT: {"using":"xpath","value":"//table[contains(@id, \"smartFilterBar-filterItemControl_BASIC-MAIN_ADDRESS-valueHelpDialog-table-table\")]/tbody/tr[1]/td[1]/div/span"}
COMMAND: POST /session/48ce7485e2c64a68d867c0ed65041780/elements - {"using":"xpath","value":"//table[contains(@id, \"smartFilterBar-filterItemControl_BASIC-MAIN_ADDRESS-valueHelpDialog-table-table\")]/tbody/tr[1]/td[1]/div/span"}
RESULT: {"using":"xpath","value":"//table[contains(@id, \"smartFilterBar-filterItemControl_BASIC-MAIN_ADDRESS-valueHelpDialog-table-table\")]/tbody/tr[1]/td[1]/div/span"}
COMMAND: POST /session/48ce7485e2c64a68d867c0ed65041780/execute/sync - {"script":"<script> [56 bytes]","args":[{"element-6066-11e4-a52e-4f735466cecf":"f.1999790E03A964CB3378C0A271C2A0DB.d.6342C201259CBCCAB8E156570EDCEF5C.e.8199","ELEMENT":"f.1999790E03A964CB3378C0A271C2A0DB.d.6342C201259CBCCAB8E156570EDCEF5C.e.8199"}]}
RESULT: {"script":"<script> [56 bytes]","args":[{"element-6066-11e4-a52e-4f735466cecf":"f.1999790E03A964CB3378C0A271C2A0DB.d.6342C201259CBCCAB8E156570EDCEF5C.e.8199","ELEMENT":"f.1999790E03A964CB3378C0A271C2A0DB.d.6342C201259CBCCAB8E156570EDCEF5C.e.8199"}]}
COMMAND: POST /session/48ce7485e2c64a68d867c0ed65041780/element - {"using":"xpath","value":"//div[contains(@id, \"filterItemControl_BASIC-MAIN_ADDRESS-valueHelpDialog-table-rowsel0\")]"}
COMMAND: GET /session/48ce7485e2c64a68d867c0ed65041780/screenshot - {}
RESULT: {"using":"xpath","value":"//div[contains(@id, \"filterItemControl_BASIC-MAIN_ADDRESS-valueHelpDialog-table-rowsel0\")]"}
COMMAND: POST /session/48ce7485e2c64a68d867c0ed65041780/element/f.1999790E03A964CB3378C0A271C2A0DB.d.6342C201259CBCCAB8E156570EDCEF5C.e.8200/click - {}
RESULT: {}
RESULT: {}
COMMAND: GET /session/48ce7485e2c64a68d867c0ed65041780/screenshot - {}
RESULT: {}
COMMAND: POST /session/48ce7485e2c64a68d867c0ed65041780/element - {"using":"xpath","value":"(//bdi[contains(text(), \"OK\")])[1]"}
RESULT: {"using":"xpath","value":"(//bdi[contains(text(), \"OK\")])[1]"}
COMMAND: POST /session/48ce7485e2c64a68d867c0ed65041780/element/f.1999790E03A964CB3378C0A271C2A0DB.d.6342C201259CBCCAB8E156570EDCEF5C.e.8202/click - {}
RESULT: {}
COMMAND: GET /session/48ce7485e2c64a68d867c0ed65041780/screenshot - {}
RESULT: {}
COMMAND: POST /session/48ce7485e2c64a68d867c0ed65041780/element - {"using":"xpath","value":"//span[@id=\"application-managepartners-display-component---masterPtm--smartTable-header-inner\"]"}
RESULT: {"using":"xpath","value":"//span[@id=\"application-managepartners-display-component---masterPtm--smartTable-header-inner\"]"}
COMMAND: POST /session/48ce7485e2c64a68d867c0ed65041780/elements - {"using":"xpath","value":"//span[@id=\"application-managepartners-display-component---masterPtm--smartTable-header-inner\"]"}
RESULT: {"using":"xpath","value":"//span[@id=\"application-managepartners-display-component---masterPtm--smartTable-header-inner\"]"}
COMMAND: POST /session/48ce7485e2c64a68d867c0ed65041780/execute/sync - {"script":"<script> [56 bytes]","args":[{"element-6066-11e4-a52e-4f735466cecf":"f.1999790E03A964CB3378C0A271C2A0DB.d.6342C201259CBCCAB8E156570EDCEF5C.e.7765","ELEMENT":"f.1999790E03A964CB3378C0A271C2A0DB.d.6342C201259CBCCAB8E156570EDCEF5C.e.7765"}]}
RESULT: {"script":"<script> [56 bytes]","args":[{"element-6066-11e4-a52e-4f735466cecf":"f.1999790E03A964CB3378C0A271C2A0DB.d.6342C201259CBCCAB8E156570EDCEF5C.e.7765","ELEMENT":"f.1999790E03A964CB3378C0A271C2A0DB.d.6342C201259CBCCAB8E156570EDCEF5C.e.7765"}]}
COMMAND: POST /session/48ce7485e2c64a68d867c0ed65041780/element - {"using":"xpath","value":"//span[contains(@title, \"Remove\")]"}
COMMAND: GET /session/48ce7485e2c64a68d867c0ed65041780/screenshot - {}
RESULT: {"using":"xpath","value":"//span[contains(@title, \"Remove\")]"}
COMMAND: POST /session/48ce7485e2c64a68d867c0ed65041780/element/f.1999790E03A964CB3378C0A271C2A0DB.d.6342C201259CBCCAB8E156570EDCEF5C.e.8216/click - {}
RESULT: {}
RESULT: {}
COMMAND: GET /session/48ce7485e2c64a68d867c0ed65041780/screenshot - {}
COMMAND: POST /session/48ce7485e2c64a68d867c0ed65041780/execute/async - {"script":"<script> [1562 bytes]","args":[{"selector":{"id":"application-managepartners-display-component---masterPtm--catalogs-arrow"},"wdio_ui5_key":"applicationmanagepartners-display-component---masterPtm--catalogs-arrow"}]}
RESULT: {}
RESULT: {"script":"<script> [1562 bytes]","args":[{"selector":{"id":"application-managepartners-display-component---masterPtm--catalogs-arrow"},"wdio_ui5_key":"applicationmanagepartners-display-component---masterPtm--catalogs-arrow"}]}
RESULT: undefined
COMMAND: POST /session/48ce7485e2c64a68d867c0ed65041780/element - {"using":"xpath","value":"//*[@id=\"application-managepartners-display-component---masterPtm--catalogs-arrow\"]"}
RESULT: {"using":"xpath","value":"//*[@id=\"application-managepartners-display-component---masterPtm--catalogs-arrow\"]"}
COMMAND: POST /session/48ce7485e2c64a68d867c0ed65041780/element/f.1999790E03A964CB3378C0A271C2A0DB.d.6342C201259CBCCAB8E156570EDCEF5C.e.8321/click - {}
RESULT: {}
COMMAND: GET /session/48ce7485e2c64a68d867c0ed65041780/screenshot - {}
RESULT: {}
COMMAND: POST /session/48ce7485e2c64a68d867c0ed65041780/element - {"using":"xpath","value":"//li[.//span[text()=\"Webshop Catalog\"]]//div[contains(@class,\"sapMCbBg\")]"}
RESULT: {"using":"xpath","value":"//li[.//span[text()=\"Webshop Catalog\"]]//div[contains(@class,\"sapMCbBg\")]"}
COMMAND: POST /session/48ce7485e2c64a68d867c0ed65041780/element/f.1999790E03A964CB3378C0A271C2A0DB.d.6342C201259CBCCAB8E156570EDCEF5C.e.8333/click - {}
RESULT: {}
COMMAND: GET /session/48ce7485e2c64a68d867c0ed65041780/screenshot - {}
RESULT: {}
RESULT: undefined
COMMAND: POST /session/48ce7485e2c64a68d867c0ed65041780/element - {"using":"xpath","value":"//*[@id=\"application-managepartners-display-component---masterPtm--catalogs-arrow\"]"}
RESULT: {"using":"xpath","value":"//*[@id=\"application-managepartners-display-component---masterPtm--catalogs-arrow\"]"}
COMMAND: POST /session/48ce7485e2c64a68d867c0ed65041780/element/f.1999790E03A964CB3378C0A271C2A0DB.d.6342C201259CBCCAB8E156570EDCEF5C.e.8321/click - {}
RESULT: {}
COMMAND: POST /session/48ce7485e2c64a68d867c0ed65041780/element - {"using":"xpath","value":"//span[@id=\"application-managepartners-display-component---masterPtm--smartTable-header-inner\"]"}
COMMAND: GET /session/48ce7485e2c64a68d867c0ed65041780/screenshot - {}
RESULT: {"using":"xpath","value":"//span[@id=\"application-managepartners-display-component---masterPtm--smartTable-header-inner\"]"}
COMMAND: POST /session/48ce7485e2c64a68d867c0ed65041780/elements - {"using":"xpath","value":"//span[@id=\"application-managepartners-display-component---masterPtm--smartTable-header-inner\"]"}
RESULT: {}
RESULT: {"using":"xpath","value":"//span[@id=\"application-managepartners-display-component---masterPtm--smartTable-header-inner\"]"}
COMMAND: POST /session/48ce7485e2c64a68d867c0ed65041780/execute/sync - {"script":"<script> [56 bytes]","args":[{"element-6066-11e4-a52e-4f735466cecf":"f.1999790E03A964CB3378C0A271C2A0DB.d.6342C201259CBCCAB8E156570EDCEF5C.e.7765","ELEMENT":"f.1999790E03A964CB3378C0A271C2A0DB.d.6342C201259CBCCAB8E156570EDCEF5C.e.7765"}]}
RESULT: {"script":"<script> [56 bytes]","args":[{"element-6066-11e4-a52e-4f735466cecf":"f.1999790E03A964CB3378C0A271C2A0DB.d.6342C201259CBCCAB8E156570EDCEF5C.e.7765","ELEMENT":"f.1999790E03A964CB3378C0A271C2A0DB.d.6342C201259CBCCAB8E156570EDCEF5C.e.7765"}]}
COMMAND: POST /session/48ce7485e2c64a68d867c0ed65041780/element - {"using":"xpath","value":"//span[contains(@title, \"Remove\")]"}
COMMAND: GET /session/48ce7485e2c64a68d867c0ed65041780/screenshot - {}
RESULT: {"using":"xpath","value":"//span[contains(@title, \"Remove\")]"}
COMMAND: POST /session/48ce7485e2c64a68d867c0ed65041780/element/f.1999790E03A964CB3378C0A271C2A0DB.d.6342C201259CBCCAB8E156570EDCEF5C.e.8348/click - {}
RESULT: {}
RESULT: {}
COMMAND: GET /session/48ce7485e2c64a68d867c0ed65041780/screenshot - {}
RESULT: {}
COMMAND: POST /session/48ce7485e2c64a68d867c0ed65041780/execute/async - {"script":"<script> [1562 bytes]","args":[{"selector":{"id":"application-managepartners-display-component---masterPtm--currencies-arrow"},"wdio_ui5_key":"applicationmanagepartners-display-component---masterPtm--currencies-arrow"}]}
RESULT: {"script":"<script> [1562 bytes]","args":[{"selector":{"id":"application-managepartners-display-component---masterPtm--currencies-arrow"},"wdio_ui5_key":"applicationmanagepartners-display-component---masterPtm--currencies-arrow"}]}
RESULT: undefined
COMMAND: POST /session/48ce7485e2c64a68d867c0ed65041780/element - {"using":"xpath","value":"//*[@id=\"application-managepartners-display-component---masterPtm--currencies-arrow\"]"}
RESULT: {"using":"xpath","value":"//*[@id=\"application-managepartners-display-component---masterPtm--currencies-arrow\"]"}
COMMAND: POST /session/48ce7485e2c64a68d867c0ed65041780/element/f.1999790E03A964CB3378C0A271C2A0DB.d.6342C201259CBCCAB8E156570EDCEF5C.e.8462/click - {}
RESULT: {}
COMMAND: GET /session/48ce7485e2c64a68d867c0ed65041780/screenshot - {}
RESULT: {}
COMMAND: POST /session/48ce7485e2c64a68d867c0ed65041780/element - {"using":"xpath","value":"//li[.//span[text()=\"US Dollar\"]]//div[contains(@class,\"sapMCbBg\")]"}
RESULT: {"using":"xpath","value":"//li[.//span[text()=\"US Dollar\"]]//div[contains(@class,\"sapMCbBg\")]"}
COMMAND: POST /session/48ce7485e2c64a68d867c0ed65041780/element/f.1999790E03A964CB3378C0A271C2A0DB.d.6342C201259CBCCAB8E156570EDCEF5C.e.8465/click - {}
RESULT: {}
COMMAND: GET /session/48ce7485e2c64a68d867c0ed65041780/screenshot - {}
RESULT: {}
RESULT: undefined
COMMAND: POST /session/48ce7485e2c64a68d867c0ed65041780/element - {"using":"xpath","value":"//*[@id=\"application-managepartners-display-component---masterPtm--currencies-arrow\"]"}
RESULT: {"using":"xpath","value":"//*[@id=\"application-managepartners-display-component---masterPtm--currencies-arrow\"]"}
COMMAND: POST /session/48ce7485e2c64a68d867c0ed65041780/element/f.1999790E03A964CB3378C0A271C2A0DB.d.6342C201259CBCCAB8E156570EDCEF5C.e.8462/click - {}
RESULT: {}
COMMAND: POST /session/48ce7485e2c64a68d867c0ed65041780/element - {"using":"xpath","value":"//span[@id=\"application-managepartners-display-component---masterPtm--smartTable-header-inner\"]"}
COMMAND: GET /session/48ce7485e2c64a68d867c0ed65041780/screenshot - {}
RESULT: {"using":"xpath","value":"//span[@id=\"application-managepartners-display-component---masterPtm--smartTable-header-inner\"]"}
COMMAND: POST /session/48ce7485e2c64a68d867c0ed65041780/elements - {"using":"xpath","value":"//span[@id=\"application-managepartners-display-component---masterPtm--smartTable-header-inner\"]"}
RESULT: {}
RESULT: {"using":"xpath","value":"//span[@id=\"application-managepartners-display-component---masterPtm--smartTable-header-inner\"]"}
COMMAND: POST /session/48ce7485e2c64a68d867c0ed65041780/execute/sync - {"script":"<script> [56 bytes]","args":[{"element-6066-11e4-a52e-4f735466cecf":"f.1999790E03A964CB3378C0A271C2A0DB.d.6342C201259CBCCAB8E156570EDCEF5C.e.7765","ELEMENT":"f.1999790E03A964CB3378C0A271C2A0DB.d.6342C201259CBCCAB8E156570EDCEF5C.e.7765"}]}
RESULT: {"script":"<script> [56 bytes]","args":[{"element-6066-11e4-a52e-4f735466cecf":"f.1999790E03A964CB3378C0A271C2A0DB.d.6342C201259CBCCAB8E156570EDCEF5C.e.7765","ELEMENT":"f.1999790E03A964CB3378C0A271C2A0DB.d.6342C201259CBCCAB8E156570EDCEF5C.e.7765"}]}
COMMAND: POST /session/48ce7485e2c64a68d867c0ed65041780/element - {"using":"xpath","value":"//span[contains(@title, \"Remove\")]"}
COMMAND: GET /session/48ce7485e2c64a68d867c0ed65041780/screenshot - {}
RESULT: {"using":"xpath","value":"//span[contains(@title, \"Remove\")]"}
COMMAND: POST /session/48ce7485e2c64a68d867c0ed65041780/element/f.1999790E03A964CB3378C0A271C2A0DB.d.6342C201259CBCCAB8E156570EDCEF5C.e.8555/click - {}
RESULT: {}
RESULT: {}
COMMAND: GET /session/48ce7485e2c64a68d867c0ed65041780/screenshot - {}
RESULT: {}
COMMAND: POST /session/48ce7485e2c64a68d867c0ed65041780/execute/async - {"script":"<script> [1562 bytes]","args":[{"selector":{"id":"application-managepartners-display-component---masterPtm--languages-arrow"},"wdio_ui5_key":"applicationmanagepartners-display-component---masterPtm--languages-arrow"}]}
RESULT: {"script":"<script> [1562 bytes]","args":[{"selector":{"id":"application-managepartners-display-component---masterPtm--languages-arrow"},"wdio_ui5_key":"applicationmanagepartners-display-component---masterPtm--languages-arrow"}]}
RESULT: undefined
COMMAND: POST /session/48ce7485e2c64a68d867c0ed65041780/element - {"using":"xpath","value":"//*[@id=\"application-managepartners-display-component---masterPtm--languages-arrow\"]"}
RESULT: {"using":"xpath","value":"//*[@id=\"application-managepartners-display-component---masterPtm--languages-arrow\"]"}
COMMAND: POST /session/48ce7485e2c64a68d867c0ed65041780/element/f.1999790E03A964CB3378C0A271C2A0DB.d.6342C201259CBCCAB8E156570EDCEF5C.e.8637/click - {}
RESULT: {}
COMMAND: GET /session/48ce7485e2c64a68d867c0ed65041780/screenshot - {}
RESULT: {}
COMMAND: POST /session/48ce7485e2c64a68d867c0ed65041780/element - {"using":"xpath","value":"//li[.//span[text()=\"German\"]]//div[contains(@class,\"sapMCbBg\")]"}
RESULT: {"using":"xpath","value":"//li[.//span[text()=\"German\"]]//div[contains(@class,\"sapMCbBg\")]"}
COMMAND: POST /session/48ce7485e2c64a68d867c0ed65041780/element/f.1999790E03A964CB3378C0A271C2A0DB.d.6342C201259CBCCAB8E156570EDCEF5C.e.8681/click - {}
RESULT: {}
COMMAND: GET /session/48ce7485e2c64a68d867c0ed65041780/screenshot - {}
RESULT: {}
RESULT: undefined
COMMAND: POST /session/48ce7485e2c64a68d867c0ed65041780/element - {"using":"xpath","value":"//*[@id=\"application-managepartners-display-component---masterPtm--languages-arrow\"]"}
RESULT: {"using":"xpath","value":"//*[@id=\"application-managepartners-display-component---masterPtm--languages-arrow\"]"}
COMMAND: POST /session/48ce7485e2c64a68d867c0ed65041780/element/f.1999790E03A964CB3378C0A271C2A0DB.d.6342C201259CBCCAB8E156570EDCEF5C.e.8637/click - {}
RESULT: {}
COMMAND: POST /session/48ce7485e2c64a68d867c0ed65041780/element - {"using":"xpath","value":"//span[@id=\"application-managepartners-display-component---masterPtm--smartTable-header-inner\"]"}
COMMAND: GET /session/48ce7485e2c64a68d867c0ed65041780/screenshot - {}
RESULT: {"using":"xpath","value":"//span[@id=\"application-managepartners-display-component---masterPtm--smartTable-header-inner\"]"}
COMMAND: POST /session/48ce7485e2c64a68d867c0ed65041780/elements - {"using":"xpath","value":"//span[@id=\"application-managepartners-display-component---masterPtm--smartTable-header-inner\"]"}
RESULT: {}
RESULT: {"using":"xpath","value":"//span[@id=\"application-managepartners-display-component---masterPtm--smartTable-header-inner\"]"}
COMMAND: POST /session/48ce7485e2c64a68d867c0ed65041780/execute/sync - {"script":"<script> [56 bytes]","args":[{"element-6066-11e4-a52e-4f735466cecf":"f.1999790E03A964CB3378C0A271C2A0DB.d.6342C201259CBCCAB8E156570EDCEF5C.e.7765","ELEMENT":"f.1999790E03A964CB3378C0A271C2A0DB.d.6342C201259CBCCAB8E156570EDCEF5C.e.7765"}]}
RESULT: {"script":"<script> [56 bytes]","args":[{"element-6066-11e4-a52e-4f735466cecf":"f.1999790E03A964CB3378C0A271C2A0DB.d.6342C201259CBCCAB8E156570EDCEF5C.e.7765","ELEMENT":"f.1999790E03A964CB3378C0A271C2A0DB.d.6342C201259CBCCAB8E156570EDCEF5C.e.7765"}]}
COMMAND: POST /session/48ce7485e2c64a68d867c0ed65041780/element - {"using":"css selector","value":"#shell-header-logo"}
COMMAND: GET /session/48ce7485e2c64a68d867c0ed65041780/screenshot - {}
RESULT: {"using":"css selector","value":"#shell-header-logo"}
COMMAND: POST /session/48ce7485e2c64a68d867c0ed65041780/element/f.1999790E03A964CB3378C0A271C2A0DB.d.6342C201259CBCCAB8E156570EDCEF5C.e.7593/click - {}
RESULT: {}
RESULT: {}
COMMAND: GET /session/48ce7485e2c64a68d867c0ed65041780/screenshot - {}
RESULT: {}
]]></system-out>
    </testcase>
    <testcase classname="chrome.136_0_7103_93.windows.Partner_specific_tests_US150819_US151080_US151654_US151176_US103444_US151078_US151079_US151109_US151174_US151175_US151189" name="Should add a new Business Partner role same role US151541" time="74.254">
      <system-out><![CDATA[
COMMAND: POST /session/48ce7485e2c64a68d867c0ed65041780/execute/async - {"script":"<script> [1562 bytes]","args":[{"selector":{"controlType":"sap.m.GenericTile","properties":{"header":"Data Explorer"}},"wdio_ui5_key":"sapm.GenericTile{\"header\":\"Data Explorer\"}"}]}
RESULT: {"script":"<script> [1562 bytes]","args":[{"selector":{"controlType":"sap.m.GenericTile","properties":{"header":"Data Explorer"}},"wdio_ui5_key":"sapm.GenericTile{\"header\":\"Data Explorer\"}"}]}
RESULT: undefined
COMMAND: POST /session/48ce7485e2c64a68d867c0ed65041780/element - {"using":"xpath","value":"//*[@id=\"__tile117\"]"}
RESULT: {"using":"xpath","value":"//*[@id=\"__tile117\"]"}
COMMAND: POST /session/48ce7485e2c64a68d867c0ed65041780/element/f.1999790E03A964CB3378C0A271C2A0DB.d.6342C201259CBCCAB8E156570EDCEF5C.e.8745/click - {}
RESULT: {}
COMMAND: GET /session/48ce7485e2c64a68d867c0ed65041780/screenshot - {}
RESULT: {}
COMMAND: POST /session/48ce7485e2c64a68d867c0ed65041780/elements - {"using":"xpath","value":"//span[text()='Error']"}
RESULT: {"using":"xpath","value":"//span[text()='Error']"}
COMMAND: POST /session/48ce7485e2c64a68d867c0ed65041780/window/fullscreen - {}
RESULT: {}
COMMAND: POST /session/48ce7485e2c64a68d867c0ed65041780/element - {"using":"xpath","value":"//input[@id=\"application-businessconfigurations-display-component---masterBusinessConfigurations--smartFilterBar-btnBasicSearch-I\"]"}
RESULT: {"using":"xpath","value":"//input[@id=\"application-businessconfigurations-display-component---masterBusinessConfigurations--smartFilterBar-btnBasicSearch-I\"]"}
COMMAND: POST /session/48ce7485e2c64a68d867c0ed65041780/elements - {"using":"xpath","value":"//input[@id=\"application-businessconfigurations-display-component---masterBusinessConfigurations--smartFilterBar-btnBasicSearch-I\"]"}
RESULT: {"using":"xpath","value":"//input[@id=\"application-businessconfigurations-display-component---masterBusinessConfigurations--smartFilterBar-btnBasicSearch-I\"]"}
COMMAND: POST /session/48ce7485e2c64a68d867c0ed65041780/execute/sync - {"script":"<script> [8489 bytes]","args":[{"element-6066-11e4-a52e-4f735466cecf":"f.1999790E03A964CB3378C0A271C2A0DB.d.6342C201259CBCCAB8E156570EDCEF5C.e.8753","ELEMENT":"f.1999790E03A964CB3378C0A271C2A0DB.d.6342C201259CBCCAB8E156570EDCEF5C.e.8753"}]}
RESULT: {"script":"<script> [8489 bytes]","args":[{"element-6066-11e4-a52e-4f735466cecf":"f.1999790E03A964CB3378C0A271C2A0DB.d.6342C201259CBCCAB8E156570EDCEF5C.e.8753","ELEMENT":"f.1999790E03A964CB3378C0A271C2A0DB.d.6342C201259CBCCAB8E156570EDCEF5C.e.8753"}]}
COMMAND: GET /session/48ce7485e2c64a68d867c0ed65041780/element/f.1999790E03A964CB3378C0A271C2A0DB.d.6342C201259CBCCAB8E156570EDCEF5C.e.8753/enabled - {}
COMMAND: GET /session/48ce7485e2c64a68d867c0ed65041780/screenshot - {}
RESULT: {}
COMMAND: POST /session/48ce7485e2c64a68d867c0ed65041780/execute/sync - {"script":"<script> [8489 bytes]","args":[{"element-6066-11e4-a52e-4f735466cecf":"f.1999790E03A964CB3378C0A271C2A0DB.d.6342C201259CBCCAB8E156570EDCEF5C.e.8753","ELEMENT":"f.1999790E03A964CB3378C0A271C2A0DB.d.6342C201259CBCCAB8E156570EDCEF5C.e.8753"}]}
COMMAND: GET /session/48ce7485e2c64a68d867c0ed65041780/screenshot - {}
RESULT: {}
RESULT: {"script":"<script> [8489 bytes]","args":[{"element-6066-11e4-a52e-4f735466cecf":"f.1999790E03A964CB3378C0A271C2A0DB.d.6342C201259CBCCAB8E156570EDCEF5C.e.8753","ELEMENT":"f.1999790E03A964CB3378C0A271C2A0DB.d.6342C201259CBCCAB8E156570EDCEF5C.e.8753"}]}
COMMAND: POST /session/48ce7485e2c64a68d867c0ed65041780/execute/sync - {"script":"<script> [5351 bytes]","args":[{"element-6066-11e4-a52e-4f735466cecf":"f.1999790E03A964CB3378C0A271C2A0DB.d.6342C201259CBCCAB8E156570EDCEF5C.e.8753","ELEMENT":"f.1999790E03A964CB3378C0A271C2A0DB.d.6342C201259CBCCAB8E156570EDCEF5C.e.8753"}]}
COMMAND: GET /session/48ce7485e2c64a68d867c0ed65041780/screenshot - {}
RESULT: {}
RESULT: {"script":"<script> [5351 bytes]","args":[{"element-6066-11e4-a52e-4f735466cecf":"f.1999790E03A964CB3378C0A271C2A0DB.d.6342C201259CBCCAB8E156570EDCEF5C.e.8753","ELEMENT":"f.1999790E03A964CB3378C0A271C2A0DB.d.6342C201259CBCCAB8E156570EDCEF5C.e.8753"}]}
COMMAND: GET /session/48ce7485e2c64a68d867c0ed65041780/screenshot - {}
RESULT: {}
RESULT: {}
COMMAND: POST /session/48ce7485e2c64a68d867c0ed65041780/element - {"using":"xpath","value":"//span[@id=\"application-businessconfigurations-display-component---masterBusinessConfigurations--masterListDataExplorerSmartTable-header-inner\"]"}
RESULT: {"using":"xpath","value":"//span[@id=\"application-businessconfigurations-display-component---masterBusinessConfigurations--masterListDataExplorerSmartTable-header-inner\"]"}
COMMAND: POST /session/48ce7485e2c64a68d867c0ed65041780/elements - {"using":"xpath","value":"//span[@id=\"application-businessconfigurations-display-component---masterBusinessConfigurations--masterListDataExplorerSmartTable-header-inner\"]"}
RESULT: {"using":"xpath","value":"//span[@id=\"application-businessconfigurations-display-component---masterBusinessConfigurations--masterListDataExplorerSmartTable-header-inner\"]"}
COMMAND: POST /session/48ce7485e2c64a68d867c0ed65041780/execute/sync - {"script":"<script> [56 bytes]","args":[{"element-6066-11e4-a52e-4f735466cecf":"f.1999790E03A964CB3378C0A271C2A0DB.d.6342C201259CBCCAB8E156570EDCEF5C.e.9137","ELEMENT":"f.1999790E03A964CB3378C0A271C2A0DB.d.6342C201259CBCCAB8E156570EDCEF5C.e.9137"}]}
RESULT: {"script":"<script> [56 bytes]","args":[{"element-6066-11e4-a52e-4f735466cecf":"f.1999790E03A964CB3378C0A271C2A0DB.d.6342C201259CBCCAB8E156570EDCEF5C.e.9137","ELEMENT":"f.1999790E03A964CB3378C0A271C2A0DB.d.6342C201259CBCCAB8E156570EDCEF5C.e.9137"}]}
COMMAND: POST /session/48ce7485e2c64a68d867c0ed65041780/element/f.1999790E03A964CB3378C0A271C2A0DB.d.6342C201259CBCCAB8E156570EDCEF5C.e.8753/clear - {}
COMMAND: GET /session/48ce7485e2c64a68d867c0ed65041780/screenshot - {}
RESULT: {}
COMMAND: POST /session/48ce7485e2c64a68d867c0ed65041780/element/f.1999790E03A964CB3378C0A271C2A0DB.d.6342C201259CBCCAB8E156570EDCEF5C.e.8753/value - {"text":"NETM_C_BUSINESS_PARTNER_ROLES"}
COMMAND: GET /session/48ce7485e2c64a68d867c0ed65041780/screenshot - {}
RESULT: {}
RESULT: {"text":"NETM_C_BUSINESS_PARTNER_ROLES"}
COMMAND: GET /session/48ce7485e2c64a68d867c0ed65041780/screenshot - {}
RESULT: {}
RESULT: {}
COMMAND: POST /session/48ce7485e2c64a68d867c0ed65041780/actions - {"actions":[{"id":"action25","type":"key","parameters":{},"actions":[{"type":"keyDown","value":""},{"type":"pause","duration":10},{"type":"keyUp","value":""}]}]}
RESULT: {"actions":[{"id":"action25","type":"key","parameters":{},"actions":[{"type":"keyDown","value":""},{"type":"pause","duration":10},{"type":"keyUp","value":""}]}]}
COMMAND: GET /session/48ce7485e2c64a68d867c0ed65041780/screenshot - {}
RESULT: {}
COMMAND: POST /session/48ce7485e2c64a68d867c0ed65041780/elements - {"using":"xpath","value":"//table[contains(@id, \"masterListDataExplorerTable-listUl\")]/tbody/tr"}
RESULT: {"using":"xpath","value":"//table[contains(@id, \"masterListDataExplorerTable-listUl\")]/tbody/tr"}
COMMAND: POST /session/48ce7485e2c64a68d867c0ed65041780/element - {"using":"xpath","value":"//table[contains(@id, \"masterListDataExplorerTable-listUl\")]/tbody/tr[2]/td[4]/span"}
RESULT: {"using":"xpath","value":"//table[contains(@id, \"masterListDataExplorerTable-listUl\")]/tbody/tr[2]/td[4]/span"}
COMMAND: POST /session/48ce7485e2c64a68d867c0ed65041780/elements - {"using":"xpath","value":"//table[contains(@id, \"masterListDataExplorerTable-listUl\")]/tbody/tr[2]/td[4]/span"}
RESULT: {"using":"xpath","value":"//table[contains(@id, \"masterListDataExplorerTable-listUl\")]/tbody/tr[2]/td[4]/span"}
COMMAND: POST /session/48ce7485e2c64a68d867c0ed65041780/execute/sync - {"script":"<script> [56 bytes]","args":[{"element-6066-11e4-a52e-4f735466cecf":"f.1999790E03A964CB3378C0A271C2A0DB.d.6342C201259CBCCAB8E156570EDCEF5C.e.9143","ELEMENT":"f.1999790E03A964CB3378C0A271C2A0DB.d.6342C201259CBCCAB8E156570EDCEF5C.e.9143"}]}
RESULT: {"script":"<script> [56 bytes]","args":[{"element-6066-11e4-a52e-4f735466cecf":"f.1999790E03A964CB3378C0A271C2A0DB.d.6342C201259CBCCAB8E156570EDCEF5C.e.9143","ELEMENT":"f.1999790E03A964CB3378C0A271C2A0DB.d.6342C201259CBCCAB8E156570EDCEF5C.e.9143"}]}
COMMAND: POST /session/48ce7485e2c64a68d867c0ed65041780/element - {"using":"xpath","value":"(//span[contains(@id, \"imgNav\")])[1]"}
COMMAND: GET /session/48ce7485e2c64a68d867c0ed65041780/screenshot - {}
RESULT: {"using":"xpath","value":"(//span[contains(@id, \"imgNav\")])[1]"}
COMMAND: POST /session/48ce7485e2c64a68d867c0ed65041780/element/f.1999790E03A964CB3378C0A271C2A0DB.d.6342C201259CBCCAB8E156570EDCEF5C.e.9144/click - {}
RESULT: {}
RESULT: {}
COMMAND: GET /session/48ce7485e2c64a68d867c0ed65041780/screenshot - {}
RESULT: {}
COMMAND: POST /session/48ce7485e2c64a68d867c0ed65041780/element - {"using":"xpath","value":"//bdi[contains(text(), \"Edit\")]"}
RESULT: {"using":"xpath","value":"//bdi[contains(text(), \"Edit\")]"}
COMMAND: POST /session/48ce7485e2c64a68d867c0ed65041780/element/f.1999790E03A964CB3378C0A271C2A0DB.d.6342C201259CBCCAB8E156570EDCEF5C.e.9282/click - {}
RESULT: {}
COMMAND: GET /session/48ce7485e2c64a68d867c0ed65041780/screenshot - {}
RESULT: {}
COMMAND: POST /session/48ce7485e2c64a68d867c0ed65041780/element - {"using":"xpath","value":"//button[contains(@id, \"detailBusinessConfigurations--addButton\")]"}
RESULT: {"using":"xpath","value":"//button[contains(@id, \"detailBusinessConfigurations--addButton\")]"}
COMMAND: POST /session/48ce7485e2c64a68d867c0ed65041780/element/f.1999790E03A964CB3378C0A271C2A0DB.d.6342C201259CBCCAB8E156570EDCEF5C.e.9292/click - {}
RESULT: {}
COMMAND: GET /session/48ce7485e2c64a68d867c0ed65041780/screenshot - {}
RESULT: {}
COMMAND: POST /session/48ce7485e2c64a68d867c0ed65041780/elements - {"using":"xpath","value":"//table[contains(@id, \"detailBusinessConfigurations--detailsTable-listUl\")]/tbody/tr"}
RESULT: {"using":"xpath","value":"//table[contains(@id, \"detailBusinessConfigurations--detailsTable-listUl\")]/tbody/tr"}
COMMAND: POST /session/48ce7485e2c64a68d867c0ed65041780/element - {"using":"xpath","value":"//table[contains(@id, \"detailBusinessConfigurations--detailsTable-listUl\")]/tbody/tr[1]/td[3]/div/div/div/div/input"}
RESULT: {"using":"xpath","value":"//table[contains(@id, \"detailBusinessConfigurations--detailsTable-listUl\")]/tbody/tr[1]/td[3]/div/div/div/div/input"}
COMMAND: POST /session/48ce7485e2c64a68d867c0ed65041780/element/f.1999790E03A964CB3378C0A271C2A0DB.d.6342C201259CBCCAB8E156570EDCEF5C.e.9295/clear - {}
RESULT: {}
COMMAND: POST /session/48ce7485e2c64a68d867c0ed65041780/element/f.1999790E03A964CB3378C0A271C2A0DB.d.6342C201259CBCCAB8E156570EDCEF5C.e.9295/value - {"text":"WebDriver Testy"}
COMMAND: GET /session/48ce7485e2c64a68d867c0ed65041780/screenshot - {}
RESULT: {"text":"WebDriver Testy"}
COMMAND: GET /session/48ce7485e2c64a68d867c0ed65041780/screenshot - {}
RESULT: {}
RESULT: {}
COMMAND: POST /session/48ce7485e2c64a68d867c0ed65041780/element - {"using":"xpath","value":"//button[contains(@id, \"detailBusinessConfigurations--addButton\")]"}
RESULT: {"using":"xpath","value":"//button[contains(@id, \"detailBusinessConfigurations--addButton\")]"}
COMMAND: POST /session/48ce7485e2c64a68d867c0ed65041780/element/f.1999790E03A964CB3378C0A271C2A0DB.d.6342C201259CBCCAB8E156570EDCEF5C.e.9292/click - {}
RESULT: {}
COMMAND: GET /session/48ce7485e2c64a68d867c0ed65041780/screenshot - {}
RESULT: {}
COMMAND: POST /session/48ce7485e2c64a68d867c0ed65041780/element - {"using":"xpath","value":"//table[contains(@id, \"detailBusinessConfigurations--detailsTable-listUl\")]/tbody/tr[1]/td[3]/div/div/div/div/input"}
RESULT: {"using":"xpath","value":"//table[contains(@id, \"detailBusinessConfigurations--detailsTable-listUl\")]/tbody/tr[1]/td[3]/div/div/div/div/input"}
COMMAND: POST /session/48ce7485e2c64a68d867c0ed65041780/element/f.1999790E03A964CB3378C0A271C2A0DB.d.6342C201259CBCCAB8E156570EDCEF5C.e.9307/clear - {}
RESULT: {}
COMMAND: POST /session/48ce7485e2c64a68d867c0ed65041780/element/f.1999790E03A964CB3378C0A271C2A0DB.d.6342C201259CBCCAB8E156570EDCEF5C.e.9307/value - {"text":"WebDriver Testy"}
COMMAND: GET /session/48ce7485e2c64a68d867c0ed65041780/screenshot - {}
RESULT: {"text":"WebDriver Testy"}
COMMAND: GET /session/48ce7485e2c64a68d867c0ed65041780/screenshot - {}
RESULT: {}
RESULT: {}
COMMAND: POST /session/48ce7485e2c64a68d867c0ed65041780/element - {"using":"xpath","value":"//bdi[text()=\"Save\"]"}
RESULT: {"using":"xpath","value":"//bdi[text()=\"Save\"]"}
COMMAND: POST /session/48ce7485e2c64a68d867c0ed65041780/element/f.1999790E03A964CB3378C0A271C2A0DB.d.6342C201259CBCCAB8E156570EDCEF5C.e.9315/click - {}
RESULT: {}
COMMAND: GET /session/48ce7485e2c64a68d867c0ed65041780/screenshot - {}
RESULT: {}
COMMAND: POST /session/48ce7485e2c64a68d867c0ed65041780/element - {"using":"xpath","value":"//span[contains(@class, \"sapMMsgBoxText\")]"}
RESULT: {"using":"xpath","value":"//span[contains(@class, \"sapMMsgBoxText\")]"}
COMMAND: POST /session/48ce7485e2c64a68d867c0ed65041780/elements - {"using":"xpath","value":"//span[contains(@class, \"sapMMsgBoxText\")]"}
RESULT: {"using":"xpath","value":"//span[contains(@class, \"sapMMsgBoxText\")]"}
COMMAND: POST /session/48ce7485e2c64a68d867c0ed65041780/execute/sync - {"script":"<script> [56 bytes]","args":[{"element-6066-11e4-a52e-4f735466cecf":"f.1999790E03A964CB3378C0A271C2A0DB.d.6342C201259CBCCAB8E156570EDCEF5C.e.9318","ELEMENT":"f.1999790E03A964CB3378C0A271C2A0DB.d.6342C201259CBCCAB8E156570EDCEF5C.e.9318"}]}
RESULT: {"script":"<script> [56 bytes]","args":[{"element-6066-11e4-a52e-4f735466cecf":"f.1999790E03A964CB3378C0A271C2A0DB.d.6342C201259CBCCAB8E156570EDCEF5C.e.9318","ELEMENT":"f.1999790E03A964CB3378C0A271C2A0DB.d.6342C201259CBCCAB8E156570EDCEF5C.e.9318"}]}
COMMAND: POST /session/48ce7485e2c64a68d867c0ed65041780/element - {"using":"xpath","value":"//bdi[text()=\"Close\"]"}
COMMAND: GET /session/48ce7485e2c64a68d867c0ed65041780/screenshot - {}
RESULT: {"using":"xpath","value":"//bdi[text()=\"Close\"]"}
COMMAND: POST /session/48ce7485e2c64a68d867c0ed65041780/element/f.1999790E03A964CB3378C0A271C2A0DB.d.6342C201259CBCCAB8E156570EDCEF5C.e.9335/click - {}
RESULT: {}
RESULT: {}
COMMAND: GET /session/48ce7485e2c64a68d867c0ed65041780/screenshot - {}
RESULT: {}
COMMAND: POST /session/48ce7485e2c64a68d867c0ed65041780/element - {"using":"css selector","value":"#shell-header-logo"}
RESULT: {"using":"css selector","value":"#shell-header-logo"}
COMMAND: POST /session/48ce7485e2c64a68d867c0ed65041780/element/f.1999790E03A964CB3378C0A271C2A0DB.d.6342C201259CBCCAB8E156570EDCEF5C.e.8751/click - {}
RESULT: {}
COMMAND: GET /session/48ce7485e2c64a68d867c0ed65041780/screenshot - {}
RESULT: {}
COMMAND: POST /session/48ce7485e2c64a68d867c0ed65041780/element - {"using":"css selector","value":"#j_username"}
COMMAND: POST /session/48ce7485e2c64a68d867c0ed65041780/url - {"url":"https://qa-testing-00-live-etm-ui.cfapps.eu10-004.hana.ondemand.com/"}
RESULT: {"using":"css selector","value":"#j_username"}
COMMAND: POST /session/48ce7485e2c64a68d867c0ed65041780/element - {"using":"css selector","value":"#j_username"}
RESULT: {"url":"https://qa-testing-00-live-etm-ui.cfapps.eu10-004.hana.ondemand.com/"}
RESULT: undefined
COMMAND: GET /session/48ce7485e2c64a68d867c0ed65041780/screenshot - {}
RESULT: {"using":"css selector","value":"#j_username"}
COMMAND: POST /session/48ce7485e2c64a68d867c0ed65041780/element - {"using":"css selector","value":"#shell-header-logo"}
RESULT: {}
RESULT: {"using":"css selector","value":"#shell-header-logo"}
COMMAND: POST /session/48ce7485e2c64a68d867c0ed65041780/execute/sync - {"script":"<script> [8489 bytes]","args":[{"element-6066-11e4-a52e-4f735466cecf":"f.1999790E03A964CB3378C0A271C2A0DB.d.1D1E7388910D1C7BBDF63DCCFEACC9BB.e.9347","ELEMENT":"f.1999790E03A964CB3378C0A271C2A0DB.d.1D1E7388910D1C7BBDF63DCCFEACC9BB.e.9347"}]}
RESULT: {"script":"<script> [8489 bytes]","args":[{"element-6066-11e4-a52e-4f735466cecf":"f.1999790E03A964CB3378C0A271C2A0DB.d.1D1E7388910D1C7BBDF63DCCFEACC9BB.e.9347","ELEMENT":"f.1999790E03A964CB3378C0A271C2A0DB.d.1D1E7388910D1C7BBDF63DCCFEACC9BB.e.9347"}]}
COMMAND: POST /session/48ce7485e2c64a68d867c0ed65041780/element - {"using":"css selector","value":"#shell-header-logo"}
COMMAND: GET /session/48ce7485e2c64a68d867c0ed65041780/screenshot - {}
RESULT: {"using":"css selector","value":"#shell-header-logo"}
COMMAND: POST /session/48ce7485e2c64a68d867c0ed65041780/execute/sync - {"script":"<script> [8489 bytes]","args":[{"element-6066-11e4-a52e-4f735466cecf":"f.1999790E03A964CB3378C0A271C2A0DB.d.1D1E7388910D1C7BBDF63DCCFEACC9BB.e.9347","ELEMENT":"f.1999790E03A964CB3378C0A271C2A0DB.d.1D1E7388910D1C7BBDF63DCCFEACC9BB.e.9347"}]}
RESULT: {}
RESULT: {"script":"<script> [8489 bytes]","args":[{"element-6066-11e4-a52e-4f735466cecf":"f.1999790E03A964CB3378C0A271C2A0DB.d.1D1E7388910D1C7BBDF63DCCFEACC9BB.e.9347","ELEMENT":"f.1999790E03A964CB3378C0A271C2A0DB.d.1D1E7388910D1C7BBDF63DCCFEACC9BB.e.9347"}]}
COMMAND: POST /session/48ce7485e2c64a68d867c0ed65041780/execute/sync - {"script":"<script> [5351 bytes]","args":[{"element-6066-11e4-a52e-4f735466cecf":"f.1999790E03A964CB3378C0A271C2A0DB.d.1D1E7388910D1C7BBDF63DCCFEACC9BB.e.9347","ELEMENT":"f.1999790E03A964CB3378C0A271C2A0DB.d.1D1E7388910D1C7BBDF63DCCFEACC9BB.e.9347"}]}
COMMAND: GET /session/48ce7485e2c64a68d867c0ed65041780/screenshot - {}
RESULT: {"script":"<script> [5351 bytes]","args":[{"element-6066-11e4-a52e-4f735466cecf":"f.1999790E03A964CB3378C0A271C2A0DB.d.1D1E7388910D1C7BBDF63DCCFEACC9BB.e.9347","ELEMENT":"f.1999790E03A964CB3378C0A271C2A0DB.d.1D1E7388910D1C7BBDF63DCCFEACC9BB.e.9347"}]}
COMMAND: POST /session/48ce7485e2c64a68d867c0ed65041780/element - {"using":"css selector","value":"#shell-header-logo"}
COMMAND: GET /session/48ce7485e2c64a68d867c0ed65041780/screenshot - {}
RESULT: {}
RESULT: {"using":"css selector","value":"#shell-header-logo"}
COMMAND: POST /session/48ce7485e2c64a68d867c0ed65041780/element/f.1999790E03A964CB3378C0A271C2A0DB.d.1D1E7388910D1C7BBDF63DCCFEACC9BB.e.9347/click - {}
RESULT: {}
RESULT: {}
COMMAND: GET /session/48ce7485e2c64a68d867c0ed65041780/screenshot - {}
RESULT: {}
COMMAND: POST /session/48ce7485e2c64a68d867c0ed65041780/execute/async - {"script":"<script> [189 bytes]","args":[]}
RESULT: {"script":"<script> [189 bytes]","args":[]}
COMMAND: POST /session/48ce7485e2c64a68d867c0ed65041780/execute/async - {"script":"<script> [123 bytes]","args":[]}
RESULT: {"script":"<script> [123 bytes]","args":[]}
COMMAND: POST /session/48ce7485e2c64a68d867c0ed65041780/timeouts - {"script":"<number>"}
RESULT: {"script":"<number>"}
COMMAND: GET /session/48ce7485e2c64a68d867c0ed65041780/timeouts - {}
RESULT: {}
RESULT: undefined
COMMAND: POST /session/48ce7485e2c64a68d867c0ed65041780/execute/async - {"script":"<script> [2676 bytes]","args":[]}
RESULT: {"script":"<script> [2676 bytes]","args":[]}
COMMAND: POST /session/48ce7485e2c64a68d867c0ed65041780/execute/async - {"script":"<script> [2342 bytes]","args":[{"protocol":"http","hostname":"0.0.0.0","path":"/","capabilities":{"browserName":"chrome","goog:chromeOptions":{"binary":"C:\\Program Files\\Google\\Chrome\\Application\\chrome.exe","args":["--start-maximized"]}},"logLevel":"warn","connectionRetryTimeout":120000,"connectionRetryCount":3,"logLevels":{},"enableDirectConnect":true,"strictSSL":true,"_":"65 more keys: [\"cacheDir\",\"port\",\"requestedCapabilities\",\"automationProtocol\",\"baseUrl\",\"waitforInterval\",\"waitforTimeout\",\"onReload\",\"beforeCommand\",\"afterCommand\",\"rootDir\",\"specs\",\"suites\",\"exclude\",\"groupLogsByTestSpec\",\"excludeDriverLogs\",\"bail\",\"framework\",\"reporters\",\"services\",\"maxInstances\",\"maxInstancesPerCapability\",\"injectGlobals\",\"filesToWatch\",\"execArgv\",\"runnerEnv\",\"runner\",\"shard\",\"specFileRetries\",\"specFileRetriesDelay\",\"specFileRetriesDeferred\",\"reporterSyncInterval\",\"reporterSyncTimeout\",\"cucumberFeaturesWithLineNumbers\",\"autoCompileOpts\",\"mochaOpts\",\"jasmineOpts\",\"cucumberOpts\",\"onPrepare\",\"onWorkerStart\",\"onWorkerEnd\",\"before\",\"beforeSession\",\"beforeSuite\",\"beforeHook\",\"beforeTest\",\"afterTest\",\"afterHook\",\"afterSuite\",\"afterSession\",\"after\",\"onComplete\",\"beforeAssertion\",\"afterAssertion\",\"beforeFeature\",\"beforeScenario\",\"beforeStep\",\"afterStep\",\"afterScenario\",\"afterFeature\",\"_\",\"suite\",\"$0\",\"ignoredWorkerServices\",\"wdi5\"]"}]}
RESULT: {"script":"<script> [2342 bytes]","args":[{"protocol":"http","hostname":"0.0.0.0","path":"/","capabilities":{"browserName":"chrome","goog:chromeOptions":{"binary":"C:\\Program Files\\Google\\Chrome\\Application\\chrome.exe","args":["--start-maximized"]}},"logLevel":"warn","connectionRetryTimeout":120000,"connectionRetryCount":3,"logLevels":{},"enableDirectConnect":true,"strictSSL":true,"_":"65 more keys: [\"cacheDir\",\"port\",\"requestedCapabilities\",\"automationProtocol\",\"baseUrl\",\"waitforInterval\",\"waitforTimeout\",\"onReload\",\"beforeCommand\",\"afterCommand\",\"rootDir\",\"specs\",\"suites\",\"exclude\",\"groupLogsByTestSpec\",\"excludeDriverLogs\",\"bail\",\"framework\",\"reporters\",\"services\",\"maxInstances\",\"maxInstancesPerCapability\",\"injectGlobals\",\"filesToWatch\",\"execArgv\",\"runnerEnv\",\"runner\",\"shard\",\"specFileRetries\",\"specFileRetriesDelay\",\"specFileRetriesDeferred\",\"reporterSyncInterval\",\"reporterSyncTimeout\",\"cucumberFeaturesWithLineNumbers\",\"autoCompileOpts\",\"mochaOpts\",\"jasmineOpts\",\"cucumberOpts\",\"onPrepare\",\"onWorkerStart\",\"onWorkerEnd\",\"before\",\"beforeSession\",\"beforeSuite\",\"beforeHook\",\"beforeTest\",\"afterTest\",\"afterHook\",\"afterSuite\",\"afterSession\",\"after\",\"onComplete\",\"beforeAssertion\",\"afterAssertion\",\"beforeFeature\",\"beforeScenario\",\"beforeStep\",\"afterStep\",\"afterScenario\",\"afterFeature\",\"_\",\"suite\",\"$0\",\"ignoredWorkerServices\",\"wdi5\"]"}]}
COMMAND: POST /session/48ce7485e2c64a68d867c0ed65041780/execute/async - {"script":"<script> [21126 bytes]","args":[35000]}
RESULT: {"script":"<script> [21126 bytes]","args":[35000]}
COMMAND: POST /session/48ce7485e2c64a68d867c0ed65041780/window/maximize - {}
RESULT: {}
COMMAND: POST /session/48ce7485e2c64a68d867c0ed65041780/execute/async - {"script":"<script> [1562 bytes]","args":[{"selector":{"id":"shell-header","interaction":{"idSuffix":"icon"}},"wdio_ui5_key":"shellheader"}]}
COMMAND: GET /session/48ce7485e2c64a68d867c0ed65041780/screenshot - {}
RESULT: {"script":"<script> [1562 bytes]","args":[{"selector":{"id":"shell-header","interaction":{"idSuffix":"icon"}},"wdio_ui5_key":"shellheader"}]}
RESULT: undefined
COMMAND: POST /session/48ce7485e2c64a68d867c0ed65041780/refresh - {}
RESULT: {}
RESULT: {}
COMMAND: GET /session/48ce7485e2c64a68d867c0ed65041780/screenshot - {}
RESULT: {}
COMMAND: POST /session/48ce7485e2c64a68d867c0ed65041780/refresh - {}
RESULT: {}
COMMAND: GET /session/48ce7485e2c64a68d867c0ed65041780/screenshot - {}
RESULT: {}
COMMAND: POST /session/48ce7485e2c64a68d867c0ed65041780/window/fullscreen - {}
RESULT: {}
COMMAND: POST /session/48ce7485e2c64a68d867c0ed65041780/execute/async - {"script":"<script> [189 bytes]","args":[]}
RESULT: {"script":"<script> [189 bytes]","args":[]}
COMMAND: POST /session/48ce7485e2c64a68d867c0ed65041780/execute/async - {"script":"<script> [123 bytes]","args":[]}
RESULT: {"script":"<script> [123 bytes]","args":[]}
COMMAND: POST /session/48ce7485e2c64a68d867c0ed65041780/timeouts - {"script":"<number>"}
RESULT: {"script":"<number>"}
COMMAND: GET /session/48ce7485e2c64a68d867c0ed65041780/timeouts - {}
RESULT: {}
RESULT: undefined
COMMAND: POST /session/48ce7485e2c64a68d867c0ed65041780/execute/async - {"script":"<script> [2676 bytes]","args":[]}
RESULT: {"script":"<script> [2676 bytes]","args":[]}
COMMAND: POST /session/48ce7485e2c64a68d867c0ed65041780/execute/async - {"script":"<script> [2342 bytes]","args":[{"protocol":"http","hostname":"0.0.0.0","path":"/","capabilities":{"browserName":"chrome","goog:chromeOptions":{"binary":"C:\\Program Files\\Google\\Chrome\\Application\\chrome.exe","args":["--start-maximized"]}},"logLevel":"warn","connectionRetryTimeout":120000,"connectionRetryCount":3,"logLevels":{},"enableDirectConnect":true,"strictSSL":true,"_":"65 more keys: [\"cacheDir\",\"port\",\"requestedCapabilities\",\"automationProtocol\",\"baseUrl\",\"waitforInterval\",\"waitforTimeout\",\"onReload\",\"beforeCommand\",\"afterCommand\",\"rootDir\",\"specs\",\"suites\",\"exclude\",\"groupLogsByTestSpec\",\"excludeDriverLogs\",\"bail\",\"framework\",\"reporters\",\"services\",\"maxInstances\",\"maxInstancesPerCapability\",\"injectGlobals\",\"filesToWatch\",\"execArgv\",\"runnerEnv\",\"runner\",\"shard\",\"specFileRetries\",\"specFileRetriesDelay\",\"specFileRetriesDeferred\",\"reporterSyncInterval\",\"reporterSyncTimeout\",\"cucumberFeaturesWithLineNumbers\",\"autoCompileOpts\",\"mochaOpts\",\"jasmineOpts\",\"cucumberOpts\",\"onPrepare\",\"onWorkerStart\",\"onWorkerEnd\",\"before\",\"beforeSession\",\"beforeSuite\",\"beforeHook\",\"beforeTest\",\"afterTest\",\"afterHook\",\"afterSuite\",\"afterSession\",\"after\",\"onComplete\",\"beforeAssertion\",\"afterAssertion\",\"beforeFeature\",\"beforeScenario\",\"beforeStep\",\"afterStep\",\"afterScenario\",\"afterFeature\",\"_\",\"suite\",\"$0\",\"ignoredWorkerServices\",\"wdi5\"]"}]}
RESULT: {"script":"<script> [2342 bytes]","args":[{"protocol":"http","hostname":"0.0.0.0","path":"/","capabilities":{"browserName":"chrome","goog:chromeOptions":{"binary":"C:\\Program Files\\Google\\Chrome\\Application\\chrome.exe","args":["--start-maximized"]}},"logLevel":"warn","connectionRetryTimeout":120000,"connectionRetryCount":3,"logLevels":{},"enableDirectConnect":true,"strictSSL":true,"_":"65 more keys: [\"cacheDir\",\"port\",\"requestedCapabilities\",\"automationProtocol\",\"baseUrl\",\"waitforInterval\",\"waitforTimeout\",\"onReload\",\"beforeCommand\",\"afterCommand\",\"rootDir\",\"specs\",\"suites\",\"exclude\",\"groupLogsByTestSpec\",\"excludeDriverLogs\",\"bail\",\"framework\",\"reporters\",\"services\",\"maxInstances\",\"maxInstancesPerCapability\",\"injectGlobals\",\"filesToWatch\",\"execArgv\",\"runnerEnv\",\"runner\",\"shard\",\"specFileRetries\",\"specFileRetriesDelay\",\"specFileRetriesDeferred\",\"reporterSyncInterval\",\"reporterSyncTimeout\",\"cucumberFeaturesWithLineNumbers\",\"autoCompileOpts\",\"mochaOpts\",\"jasmineOpts\",\"cucumberOpts\",\"onPrepare\",\"onWorkerStart\",\"onWorkerEnd\",\"before\",\"beforeSession\",\"beforeSuite\",\"beforeHook\",\"beforeTest\",\"afterTest\",\"afterHook\",\"afterSuite\",\"afterSession\",\"after\",\"onComplete\",\"beforeAssertion\",\"afterAssertion\",\"beforeFeature\",\"beforeScenario\",\"beforeStep\",\"afterStep\",\"afterScenario\",\"afterFeature\",\"_\",\"suite\",\"$0\",\"ignoredWorkerServices\",\"wdi5\"]"}]}
COMMAND: POST /session/48ce7485e2c64a68d867c0ed65041780/execute/async - {"script":"<script> [21126 bytes]","args":[35000]}
RESULT: {"script":"<script> [21126 bytes]","args":[35000]}
]]></system-out>
    </testcase>
  </testsuite>
  <testsuite timestamp="2025-05-25T17:53:03" time="458.255" tests="4" failures="0" errors="0" skipped="0">
    <properties>
      <property name="specId" value="0"/>
      <property name="suiteName" value="Create partner US118246"/>
      <property name="capabilities" value="chrome.136_0_7103_93.windows"/>
      <property name="file" value="file:///D:/a/1/s/test/specs/BTS/create-partner.spec.js"/>
    </properties>
    <testcase classname="chrome.136_0_7103_93.windows.Create_partner_US118246" name="Should create a new yard in case create yard failed" time="119.752">
      <system-out><![CDATA[
COMMAND: POST /session/48ce7485e2c64a68d867c0ed65041780/window/fullscreen - {}
RESULT: {}
COMMAND: POST /session/48ce7485e2c64a68d867c0ed65041780/execute/async - {"script":"<script> [1562 bytes]","args":[{"selector":{"controlType":"sap.m.GenericTile","properties":{"header":"Manage Yards"}},"wdio_ui5_key":"sapm.GenericTile{\"header\":\"Manage Yards\"}"}]}
RESULT: {"script":"<script> [1562 bytes]","args":[{"selector":{"controlType":"sap.m.GenericTile","properties":{"header":"Manage Yards"}},"wdio_ui5_key":"sapm.GenericTile{\"header\":\"Manage Yards\"}"}]}
RESULT: undefined
COMMAND: POST /session/48ce7485e2c64a68d867c0ed65041780/element - {"using":"xpath","value":"//*[@id=\"__tile41\"]"}
RESULT: {"using":"xpath","value":"//*[@id=\"__tile41\"]"}
COMMAND: POST /session/48ce7485e2c64a68d867c0ed65041780/element/f.1999790E03A964CB3378C0A271C2A0DB.d.A6C1245189494DE32924C703E1A3F34F.e.9522/click - {}
RESULT: {}
COMMAND: GET /session/48ce7485e2c64a68d867c0ed65041780/screenshot - {}
RESULT: {}
COMMAND: POST /session/48ce7485e2c64a68d867c0ed65041780/elements - {"using":"xpath","value":"//span[text()='Error']"}
RESULT: {"using":"xpath","value":"//span[text()='Error']"}
COMMAND: POST /session/48ce7485e2c64a68d867c0ed65041780/element - {"using":"xpath","value":"//button[@data-kt=\"addNewYardOverflowToolbarButton\"]"}
RESULT: {"using":"xpath","value":"//button[@data-kt=\"addNewYardOverflowToolbarButton\"]"}
COMMAND: POST /session/48ce7485e2c64a68d867c0ed65041780/elements - {"using":"xpath","value":"//button[@data-kt=\"addNewYardOverflowToolbarButton\"]"}
RESULT: {"using":"xpath","value":"//button[@data-kt=\"addNewYardOverflowToolbarButton\"]"}
COMMAND: POST /session/48ce7485e2c64a68d867c0ed65041780/execute/sync - {"script":"<script> [8489 bytes]","args":[{"element-6066-11e4-a52e-4f735466cecf":"f.1999790E03A964CB3378C0A271C2A0DB.d.A6C1245189494DE32924C703E1A3F34F.e.9655","ELEMENT":"f.1999790E03A964CB3378C0A271C2A0DB.d.A6C1245189494DE32924C703E1A3F34F.e.9655"}]}
RESULT: {"script":"<script> [8489 bytes]","args":[{"element-6066-11e4-a52e-4f735466cecf":"f.1999790E03A964CB3378C0A271C2A0DB.d.A6C1245189494DE32924C703E1A3F34F.e.9655","ELEMENT":"f.1999790E03A964CB3378C0A271C2A0DB.d.A6C1245189494DE32924C703E1A3F34F.e.9655"}]}
COMMAND: GET /session/48ce7485e2c64a68d867c0ed65041780/element/f.1999790E03A964CB3378C0A271C2A0DB.d.A6C1245189494DE32924C703E1A3F34F.e.9655/enabled - {}
COMMAND: GET /session/48ce7485e2c64a68d867c0ed65041780/screenshot - {}
RESULT: {}
COMMAND: POST /session/48ce7485e2c64a68d867c0ed65041780/execute/sync - {"script":"<script> [8489 bytes]","args":[{"element-6066-11e4-a52e-4f735466cecf":"f.1999790E03A964CB3378C0A271C2A0DB.d.A6C1245189494DE32924C703E1A3F34F.e.9655","ELEMENT":"f.1999790E03A964CB3378C0A271C2A0DB.d.A6C1245189494DE32924C703E1A3F34F.e.9655"}]}
COMMAND: GET /session/48ce7485e2c64a68d867c0ed65041780/screenshot - {}
RESULT: {}
RESULT: {"script":"<script> [8489 bytes]","args":[{"element-6066-11e4-a52e-4f735466cecf":"f.1999790E03A964CB3378C0A271C2A0DB.d.A6C1245189494DE32924C703E1A3F34F.e.9655","ELEMENT":"f.1999790E03A964CB3378C0A271C2A0DB.d.A6C1245189494DE32924C703E1A3F34F.e.9655"}]}
COMMAND: POST /session/48ce7485e2c64a68d867c0ed65041780/execute/sync - {"script":"<script> [5351 bytes]","args":[{"element-6066-11e4-a52e-4f735466cecf":"f.1999790E03A964CB3378C0A271C2A0DB.d.A6C1245189494DE32924C703E1A3F34F.e.9655","ELEMENT":"f.1999790E03A964CB3378C0A271C2A0DB.d.A6C1245189494DE32924C703E1A3F34F.e.9655"}]}
COMMAND: GET /session/48ce7485e2c64a68d867c0ed65041780/screenshot - {}
RESULT: {}
RESULT: {"script":"<script> [5351 bytes]","args":[{"element-6066-11e4-a52e-4f735466cecf":"f.1999790E03A964CB3378C0A271C2A0DB.d.A6C1245189494DE32924C703E1A3F34F.e.9655","ELEMENT":"f.1999790E03A964CB3378C0A271C2A0DB.d.A6C1245189494DE32924C703E1A3F34F.e.9655"}]}
COMMAND: POST /session/48ce7485e2c64a68d867c0ed65041780/element/f.1999790E03A964CB3378C0A271C2A0DB.d.A6C1245189494DE32924C703E1A3F34F.e.9655/click - {}
COMMAND: GET /session/48ce7485e2c64a68d867c0ed65041780/screenshot - {}
RESULT: {}
RESULT: {}
COMMAND: GET /session/48ce7485e2c64a68d867c0ed65041780/screenshot - {}
RESULT: {}
COMMAND: POST /session/48ce7485e2c64a68d867c0ed65041780/element - {"using":"xpath","value":"//input[@id=\"application-manageyards-display-component---NewYard--yardId-inner\"]"}
RESULT: {}
RESULT: {"using":"xpath","value":"//input[@id=\"application-manageyards-display-component---NewYard--yardId-inner\"]"}
COMMAND: POST /session/48ce7485e2c64a68d867c0ed65041780/element - {"using":"xpath","value":"//input[@id=\"application-manageyards-display-component---NewYard--yardId-inner\"]"}
RESULT: {"using":"xpath","value":"//input[@id=\"application-manageyards-display-component---NewYard--yardId-inner\"]"}
COMMAND: POST /session/48ce7485e2c64a68d867c0ed65041780/execute/async - {"script":"<script> [1562 bytes]","args":[{"selector":{"id":"application-manageyards-display-component---NewYard--addressDetailDetailsName1","interaction":{"idSuffix":"inner"}},"wdio_ui5_key":"applicationmanageyards-display-component---NewYard--addressDetailDetailsName1"}]}
RESULT: {"script":"<script> [1562 bytes]","args":[{"selector":{"id":"application-manageyards-display-component---NewYard--addressDetailDetailsName1","interaction":{"idSuffix":"inner"}},"wdio_ui5_key":"applicationmanageyards-display-component---NewYard--addressDetailDetailsName1"}]}
RESULT: undefined
COMMAND: POST /session/48ce7485e2c64a68d867c0ed65041780/execute/async - {"script":"<script> [776 bytes]","args":[{"enterText":"Intracompany Yard wdIO","selector":{"id":"application-manageyards-display-component---NewYard--addressDetailDetailsName1","interaction":{"idSuffix":"inner"}},"clearTextFirst":true,"interactionType":"ENTER_TEXT"}]}
RESULT: {"script":"<script> [776 bytes]","args":[{"enterText":"Intracompany Yard wdIO","selector":{"id":"application-manageyards-display-component---NewYard--addressDetailDetailsName1","interaction":{"idSuffix":"inner"}},"clearTextFirst":true,"interactionType":"ENTER_TEXT"}]}
COMMAND: POST /session/48ce7485e2c64a68d867c0ed65041780/execute/async - {"script":"<script> [1562 bytes]","args":[{"selector":{"id":"application-manageyards-display-component---NewYard--addressDetailDetailsLanguage-arrow"},"wdio_ui5_key":"applicationmanageyards-display-component---NewYard--addressDetailDetailsLanguage-arrow"}]}
RESULT: {"script":"<script> [1562 bytes]","args":[{"selector":{"id":"application-manageyards-display-component---NewYard--addressDetailDetailsLanguage-arrow"},"wdio_ui5_key":"applicationmanageyards-display-component---NewYard--addressDetailDetailsLanguage-arrow"}]}
RESULT: undefined
COMMAND: POST /session/48ce7485e2c64a68d867c0ed65041780/element - {"using":"xpath","value":"//*[@id=\"application-manageyards-display-component---NewYard--addressDetailDetailsLanguage-arrow\"]"}
RESULT: {"using":"xpath","value":"//*[@id=\"application-manageyards-display-component---NewYard--addressDetailDetailsLanguage-arrow\"]"}
COMMAND: POST /session/48ce7485e2c64a68d867c0ed65041780/element/f.1999790E03A964CB3378C0A271C2A0DB.d.A6C1245189494DE32924C703E1A3F34F.e.10093/click - {}
RESULT: {}
COMMAND: POST /session/48ce7485e2c64a68d867c0ed65041780/element - {"using":"xpath","value":"//span[contains(text(), \"English\")]"}
COMMAND: GET /session/48ce7485e2c64a68d867c0ed65041780/screenshot - {}
RESULT: {"using":"xpath","value":"//span[contains(text(), \"English\")]"}
COMMAND: POST /session/48ce7485e2c64a68d867c0ed65041780/element/f.1999790E03A964CB3378C0A271C2A0DB.d.A6C1245189494DE32924C703E1A3F34F.e.10094/click - {}
RESULT: {}
RESULT: {}
COMMAND: POST /session/48ce7485e2c64a68d867c0ed65041780/execute/async - {"script":"<script> [1562 bytes]","args":[{"selector":{"id":"application-manageyards-display-component---NewYard--addressDetailDetailsCity1","interaction":{"idSuffix":"inner"}},"wdio_ui5_key":"applicationmanageyards-display-component---NewYard--addressDetailDetailsCity1"}]}
COMMAND: GET /session/48ce7485e2c64a68d867c0ed65041780/screenshot - {}
RESULT: {"script":"<script> [1562 bytes]","args":[{"selector":{"id":"application-manageyards-display-component---NewYard--addressDetailDetailsCity1","interaction":{"idSuffix":"inner"}},"wdio_ui5_key":"applicationmanageyards-display-component---NewYard--addressDetailDetailsCity1"}]}
RESULT: undefined
COMMAND: POST /session/48ce7485e2c64a68d867c0ed65041780/execute/async - {"script":"<script> [776 bytes]","args":[{"enterText":"Rosario","selector":{"id":"application-manageyards-display-component---NewYard--addressDetailDetailsCity1","interaction":{"idSuffix":"inner"}},"clearTextFirst":true,"interactionType":"ENTER_TEXT"}]}
RESULT: {}
RESULT: {"script":"<script> [776 bytes]","args":[{"enterText":"Rosario","selector":{"id":"application-manageyards-display-component---NewYard--addressDetailDetailsCity1","interaction":{"idSuffix":"inner"}},"clearTextFirst":true,"interactionType":"ENTER_TEXT"}]}
COMMAND: POST /session/48ce7485e2c64a68d867c0ed65041780/execute/async - {"script":"<script> [1562 bytes]","args":[{"selector":{"id":"application-manageyards-display-component---NewYard--addressDetailDetailsCountry-arrow"},"wdio_ui5_key":"applicationmanageyards-display-component---NewYard--addressDetailDetailsCountry-arrow"}]}
RESULT: {"script":"<script> [1562 bytes]","args":[{"selector":{"id":"application-manageyards-display-component---NewYard--addressDetailDetailsCountry-arrow"},"wdio_ui5_key":"applicationmanageyards-display-component---NewYard--addressDetailDetailsCountry-arrow"}]}
RESULT: undefined
COMMAND: POST /session/48ce7485e2c64a68d867c0ed65041780/element - {"using":"xpath","value":"//*[@id=\"application-manageyards-display-component---NewYard--addressDetailDetailsCountry-arrow\"]"}
RESULT: {"using":"xpath","value":"//*[@id=\"application-manageyards-display-component---NewYard--addressDetailDetailsCountry-arrow\"]"}
COMMAND: POST /session/48ce7485e2c64a68d867c0ed65041780/element/f.1999790E03A964CB3378C0A271C2A0DB.d.A6C1245189494DE32924C703E1A3F34F.e.10096/click - {}
RESULT: {}
COMMAND: POST /session/48ce7485e2c64a68d867c0ed65041780/element - {"using":"xpath","value":"//span[contains(text(), \"Argentina\")]"}
COMMAND: GET /session/48ce7485e2c64a68d867c0ed65041780/screenshot - {}
RESULT: {"using":"xpath","value":"//span[contains(text(), \"Argentina\")]"}
COMMAND: POST /session/48ce7485e2c64a68d867c0ed65041780/element/f.1999790E03A964CB3378C0A271C2A0DB.d.A6C1245189494DE32924C703E1A3F34F.e.10098/click - {}
RESULT: {}
RESULT: {}
COMMAND: POST /session/48ce7485e2c64a68d867c0ed65041780/execute/async - {"script":"<script> [1562 bytes]","args":[{"selector":{"id":"application-manageyards-display-component---NewYard--addressEditDetailsCostObjectCstType-arrow"},"wdio_ui5_key":"applicationmanageyards-display-component---NewYard--addressEditDetailsCostObjectCstType-arrow"}]}
COMMAND: GET /session/48ce7485e2c64a68d867c0ed65041780/screenshot - {}
RESULT: {"script":"<script> [1562 bytes]","args":[{"selector":{"id":"application-manageyards-display-component---NewYard--addressEditDetailsCostObjectCstType-arrow"},"wdio_ui5_key":"applicationmanageyards-display-component---NewYard--addressEditDetailsCostObjectCstType-arrow"}]}
RESULT: undefined
COMMAND: POST /session/48ce7485e2c64a68d867c0ed65041780/element - {"using":"xpath","value":"//*[@id=\"application-manageyards-display-component---NewYard--addressEditDetailsCostObjectCstType-arrow\"]"}
RESULT: {}
RESULT: {"using":"xpath","value":"//*[@id=\"application-manageyards-display-component---NewYard--addressEditDetailsCostObjectCstType-arrow\"]"}
COMMAND: POST /session/48ce7485e2c64a68d867c0ed65041780/element/f.1999790E03A964CB3378C0A271C2A0DB.d.A6C1245189494DE32924C703E1A3F34F.e.10099/click - {}
RESULT: {}
COMMAND: POST /session/48ce7485e2c64a68d867c0ed65041780/element - {"using":"xpath","value":"//span[contains(text(), \"Cost Center\")]"}
COMMAND: GET /session/48ce7485e2c64a68d867c0ed65041780/screenshot - {}
RESULT: {"using":"xpath","value":"//span[contains(text(), \"Cost Center\")]"}
COMMAND: POST /session/48ce7485e2c64a68d867c0ed65041780/element/f.1999790E03A964CB3378C0A271C2A0DB.d.A6C1245189494DE32924C703E1A3F34F.e.10100/click - {}
RESULT: {}
RESULT: {}
COMMAND: GET /session/48ce7485e2c64a68d867c0ed65041780/screenshot - {}
RESULT: {}
COMMAND: POST /session/48ce7485e2c64a68d867c0ed65041780/element - {"using":"xpath","value":"//span[@id=\"application-manageyards-display-component---NewYard--addressNewCostObjectCstID-vhi\"]"}
RESULT: {"using":"xpath","value":"//span[@id=\"application-manageyards-display-component---NewYard--addressNewCostObjectCstID-vhi\"]"}
COMMAND: POST /session/48ce7485e2c64a68d867c0ed65041780/execute/sync - {"script":"<script> [8489 bytes]","args":[{"element-6066-11e4-a52e-4f735466cecf":"f.1999790E03A964CB3378C0A271C2A0DB.d.A6C1245189494DE32924C703E1A3F34F.e.10104","ELEMENT":"f.1999790E03A964CB3378C0A271C2A0DB.d.A6C1245189494DE32924C703E1A3F34F.e.10104"}]}
RESULT: {"script":"<script> [8489 bytes]","args":[{"element-6066-11e4-a52e-4f735466cecf":"f.1999790E03A964CB3378C0A271C2A0DB.d.A6C1245189494DE32924C703E1A3F34F.e.10104","ELEMENT":"f.1999790E03A964CB3378C0A271C2A0DB.d.A6C1245189494DE32924C703E1A3F34F.e.10104"}]}
COMMAND: POST /session/48ce7485e2c64a68d867c0ed65041780/execute/async - {"script":"<script> [1562 bytes]","args":[{"selector":{"id":"application-manageyards-display-component---NewYard--addressNewCostObjectCstID-vhi"},"wdio_ui5_key":"applicationmanageyards-display-component---NewYard--addressNewCostObjectCstID-vhi"}]}
COMMAND: GET /session/48ce7485e2c64a68d867c0ed65041780/screenshot - {}
RESULT: {"script":"<script> [1562 bytes]","args":[{"selector":{"id":"application-manageyards-display-component---NewYard--addressNewCostObjectCstID-vhi"},"wdio_ui5_key":"applicationmanageyards-display-component---NewYard--addressNewCostObjectCstID-vhi"}]}
RESULT: undefined
COMMAND: POST /session/48ce7485e2c64a68d867c0ed65041780/element - {"using":"xpath","value":"//*[@id=\"application-manageyards-display-component---NewYard--addressNewCostObjectCstID-vhi\"]"}
RESULT: {}
RESULT: {"using":"xpath","value":"//*[@id=\"application-manageyards-display-component---NewYard--addressNewCostObjectCstID-vhi\"]"}
COMMAND: POST /session/48ce7485e2c64a68d867c0ed65041780/element/f.1999790E03A964CB3378C0A271C2A0DB.d.A6C1245189494DE32924C703E1A3F34F.e.10104/click - {}
RESULT: {}
COMMAND: GET /session/48ce7485e2c64a68d867c0ed65041780/screenshot - {}
RESULT: {}
COMMAND: POST /session/48ce7485e2c64a68d867c0ed65041780/execute/async - {"script":"<script> [1562 bytes]","args":[{"selector":{"controlType":"sap.m.SearchField","properties":{"placeholder":"Search"},"searchOpenDialogs":true,"interaction":{"idSuffix":"I"}},"wdio_ui5_key":"sapm.SearchField{\"placeholder\":\"Search\"}"}]}
RESULT: {"script":"<script> [1562 bytes]","args":[{"selector":{"controlType":"sap.m.SearchField","properties":{"placeholder":"Search"},"searchOpenDialogs":true,"interaction":{"idSuffix":"I"}},"wdio_ui5_key":"sapm.SearchField{\"placeholder\":\"Search\"}"}]}
RESULT: undefined
COMMAND: POST /session/48ce7485e2c64a68d867c0ed65041780/execute/async - {"script":"<script> [776 bytes]","args":[{"enterText":"bauh_b","selector":{"controlType":"sap.m.SearchField","properties":{"placeholder":"Search"},"searchOpenDialogs":true,"interaction":{"idSuffix":"I"}},"clearTextFirst":true,"interactionType":"ENTER_TEXT"}]}
RESULT: {"script":"<script> [776 bytes]","args":[{"enterText":"bauh_b","selector":{"controlType":"sap.m.SearchField","properties":{"placeholder":"Search"},"searchOpenDialogs":true,"interaction":{"idSuffix":"I"}},"clearTextFirst":true,"interactionType":"ENTER_TEXT"}]}
COMMAND: POST /session/48ce7485e2c64a68d867c0ed65041780/actions - {"actions":[{"id":"action26","type":"key","parameters":{},"actions":[{"type":"keyDown","value":""},{"type":"pause","duration":10},{"type":"keyUp","value":""}]}]}
RESULT: {"actions":[{"id":"action26","type":"key","parameters":{},"actions":[{"type":"keyDown","value":""},{"type":"pause","duration":10},{"type":"keyUp","value":""}]}]}
COMMAND: GET /session/48ce7485e2c64a68d867c0ed65041780/screenshot - {}
RESULT: {}
COMMAND: POST /session/48ce7485e2c64a68d867c0ed65041780/element - {"using":"xpath","value":"//span[contains(text(), \"Demo Yard\")]"}
RESULT: {"using":"xpath","value":"//span[contains(text(), \"Demo Yard\")]"}
COMMAND: POST /session/48ce7485e2c64a68d867c0ed65041780/element/f.1999790E03A964CB3378C0A271C2A0DB.d.A6C1245189494DE32924C703E1A3F34F.e.10147/click - {}
RESULT: {}
COMMAND: GET /session/48ce7485e2c64a68d867c0ed65041780/screenshot - {}
RESULT: {}
COMMAND: POST /session/48ce7485e2c64a68d867c0ed65041780/element - {"using":"xpath","value":"//bdi[contains(text(), \"OK\")]"}
RESULT: {"using":"xpath","value":"//bdi[contains(text(), \"OK\")]"}
COMMAND: POST /session/48ce7485e2c64a68d867c0ed65041780/element/f.1999790E03A964CB3378C0A271C2A0DB.d.A6C1245189494DE32924C703E1A3F34F.e.10148/click - {}
RESULT: {}
COMMAND: GET /session/48ce7485e2c64a68d867c0ed65041780/screenshot - {}
RESULT: {}
COMMAND: POST /session/48ce7485e2c64a68d867c0ed65041780/execute/async - {"script":"<script> [1562 bytes]","args":[{"selector":{"id":"application-manageyards-display-component---NewYard--addressEditDetailsCurrency-arrow"},"wdio_ui5_key":"applicationmanageyards-display-component---NewYard--addressEditDetailsCurrency-arrow"}]}
RESULT: {"script":"<script> [1562 bytes]","args":[{"selector":{"id":"application-manageyards-display-component---NewYard--addressEditDetailsCurrency-arrow"},"wdio_ui5_key":"applicationmanageyards-display-component---NewYard--addressEditDetailsCurrency-arrow"}]}
RESULT: undefined
COMMAND: POST /session/48ce7485e2c64a68d867c0ed65041780/element - {"using":"xpath","value":"//*[@id=\"application-manageyards-display-component---NewYard--addressEditDetailsCurrency-arrow\"]"}
RESULT: {"using":"xpath","value":"//*[@id=\"application-manageyards-display-component---NewYard--addressEditDetailsCurrency-arrow\"]"}
COMMAND: POST /session/48ce7485e2c64a68d867c0ed65041780/element/f.1999790E03A964CB3378C0A271C2A0DB.d.A6C1245189494DE32924C703E1A3F34F.e.10151/click - {}
RESULT: {}
COMMAND: POST /session/48ce7485e2c64a68d867c0ed65041780/element - {"using":"xpath","value":"//span[contains(text(), \"Euro\")]"}
COMMAND: GET /session/48ce7485e2c64a68d867c0ed65041780/screenshot - {}
RESULT: {"using":"xpath","value":"//span[contains(text(), \"Euro\")]"}
COMMAND: POST /session/48ce7485e2c64a68d867c0ed65041780/element/f.1999790E03A964CB3378C0A271C2A0DB.d.A6C1245189494DE32924C703E1A3F34F.e.10152/click - {}
RESULT: {}
RESULT: {}
COMMAND: POST /session/48ce7485e2c64a68d867c0ed65041780/execute/async - {"script":"<script> [1562 bytes]","args":[{"selector":{"controlType":"sap.m.Input","viewName":"etm.portal.ui.manageyards.view.New","viewId":"application-manageyards-display-component---NewYard","bindingPath":{"path":"","propertyPath":"/CONTROLLING_AREA","modelName":"NewYardModel"},"interaction":{"idSuffix":"inner"}},"wdio_ui5_key":"etmportal.ui.manageyards.view.Newsap.m.Input{\"path\":\"\",\"propertyPath\":\"/CONTROLLING_AREA\",\"modelName\":\"NewYardModel\"}"}]}
COMMAND: GET /session/48ce7485e2c64a68d867c0ed65041780/screenshot - {}
RESULT: {"script":"<script> [1562 bytes]","args":[{"selector":{"controlType":"sap.m.Input","viewName":"etm.portal.ui.manageyards.view.New","viewId":"application-manageyards-display-component---NewYard","bindingPath":{"path":"","propertyPath":"/CONTROLLING_AREA","modelName":"NewYardModel"},"interaction":{"idSuffix":"inner"}},"wdio_ui5_key":"etmportal.ui.manageyards.view.Newsap.m.Input{\"path\":\"\",\"propertyPath\":\"/CONTROLLING_AREA\",\"modelName\":\"NewYardModel\"}"}]}
RESULT: undefined
COMMAND: POST /session/48ce7485e2c64a68d867c0ed65041780/execute/async - {"script":"<script> [776 bytes]","args":[{"enterText":"Z001","selector":{"controlType":"sap.m.Input","viewName":"etm.portal.ui.manageyards.view.New","viewId":"application-manageyards-display-component---NewYard","bindingPath":{"path":"","propertyPath":"/CONTROLLING_AREA","modelName":"NewYardModel"},"interaction":{"idSuffix":"inner"}},"clearTextFirst":true,"interactionType":"ENTER_TEXT"}]}
RESULT: {}
RESULT: {"script":"<script> [776 bytes]","args":[{"enterText":"Z001","selector":{"controlType":"sap.m.Input","viewName":"etm.portal.ui.manageyards.view.New","viewId":"application-manageyards-display-component---NewYard","bindingPath":{"path":"","propertyPath":"/CONTROLLING_AREA","modelName":"NewYardModel"},"interaction":{"idSuffix":"inner"}},"clearTextFirst":true,"interactionType":"ENTER_TEXT"}]}
COMMAND: POST /session/48ce7485e2c64a68d867c0ed65041780/execute/async - {"script":"<script> [1562 bytes]","args":[{"selector":{"id":"application-manageyards-display-component---NewYard--companyCodeComboBox","interaction":{"idSuffix":"inner"}},"wdio_ui5_key":"applicationmanageyards-display-component---NewYard--companyCodeComboBox"}]}
RESULT: {"script":"<script> [1562 bytes]","args":[{"selector":{"id":"application-manageyards-display-component---NewYard--companyCodeComboBox","interaction":{"idSuffix":"inner"}},"wdio_ui5_key":"applicationmanageyards-display-component---NewYard--companyCodeComboBox"}]}
RESULT: undefined
COMMAND: POST /session/48ce7485e2c64a68d867c0ed65041780/execute/async - {"script":"<script> [776 bytes]","args":[{"enterText":"1000","selector":{"id":"application-manageyards-display-component---NewYard--companyCodeComboBox","interaction":{"idSuffix":"inner"}},"clearTextFirst":true,"interactionType":"ENTER_TEXT"}]}
RESULT: {"script":"<script> [776 bytes]","args":[{"enterText":"1000","selector":{"id":"application-manageyards-display-component---NewYard--companyCodeComboBox","interaction":{"idSuffix":"inner"}},"clearTextFirst":true,"interactionType":"ENTER_TEXT"}]}
COMMAND: POST /session/48ce7485e2c64a68d867c0ed65041780/execute/async - {"script":"<script> [1562 bytes]","args":[{"selector":{"controlType":"sap.m.Input","viewName":"etm.portal.ui.manageyards.view.New","viewId":"application-manageyards-display-component---NewYard","bindingPath":{"path":"","propertyPath":"/PLANT","modelName":"NewYardModel"},"interaction":{"idSuffix":"inner"}},"wdio_ui5_key":"etmportal.ui.manageyards.view.Newsap.m.Input{\"path\":\"\",\"propertyPath\":\"/PLANT\",\"modelName\":\"NewYardModel\"}"}]}
RESULT: {"script":"<script> [1562 bytes]","args":[{"selector":{"controlType":"sap.m.Input","viewName":"etm.portal.ui.manageyards.view.New","viewId":"application-manageyards-display-component---NewYard","bindingPath":{"path":"","propertyPath":"/PLANT","modelName":"NewYardModel"},"interaction":{"idSuffix":"inner"}},"wdio_ui5_key":"etmportal.ui.manageyards.view.Newsap.m.Input{\"path\":\"\",\"propertyPath\":\"/PLANT\",\"modelName\":\"NewYardModel\"}"}]}
RESULT: undefined
COMMAND: POST /session/48ce7485e2c64a68d867c0ed65041780/execute/async - {"script":"<script> [776 bytes]","args":[{"enterText":"1001","selector":{"controlType":"sap.m.Input","viewName":"etm.portal.ui.manageyards.view.New","viewId":"application-manageyards-display-component---NewYard","bindingPath":{"path":"","propertyPath":"/PLANT","modelName":"NewYardModel"},"interaction":{"idSuffix":"inner"}},"clearTextFirst":true,"interactionType":"ENTER_TEXT"}]}
RESULT: {"script":"<script> [776 bytes]","args":[{"enterText":"1001","selector":{"controlType":"sap.m.Input","viewName":"etm.portal.ui.manageyards.view.New","viewId":"application-manageyards-display-component---NewYard","bindingPath":{"path":"","propertyPath":"/PLANT","modelName":"NewYardModel"},"interaction":{"idSuffix":"inner"}},"clearTextFirst":true,"interactionType":"ENTER_TEXT"}]}
COMMAND: POST /session/48ce7485e2c64a68d867c0ed65041780/execute/async - {"script":"<script> [1562 bytes]","args":[{"selector":{"controlType":"sap.m.Input","viewName":"etm.portal.ui.manageyards.view.New","viewId":"application-manageyards-display-component---NewYard","bindingPath":{"path":"","propertyPath":"/SALES_AREA_VKORG","modelName":"NewYardModel"},"interaction":{"idSuffix":"inner"}},"wdio_ui5_key":"etmportal.ui.manageyards.view.Newsap.m.Input{\"path\":\"\",\"propertyPath\":\"/SALES_AREA_VKORG\",\"modelName\":\"NewYardModel\"}"}]}
RESULT: {"script":"<script> [1562 bytes]","args":[{"selector":{"controlType":"sap.m.Input","viewName":"etm.portal.ui.manageyards.view.New","viewId":"application-manageyards-display-component---NewYard","bindingPath":{"path":"","propertyPath":"/SALES_AREA_VKORG","modelName":"NewYardModel"},"interaction":{"idSuffix":"inner"}},"wdio_ui5_key":"etmportal.ui.manageyards.view.Newsap.m.Input{\"path\":\"\",\"propertyPath\":\"/SALES_AREA_VKORG\",\"modelName\":\"NewYardModel\"}"}]}
RESULT: undefined
COMMAND: POST /session/48ce7485e2c64a68d867c0ed65041780/execute/async - {"script":"<script> [776 bytes]","args":[{"enterText":"C002","selector":{"controlType":"sap.m.Input","viewName":"etm.portal.ui.manageyards.view.New","viewId":"application-manageyards-display-component---NewYard","bindingPath":{"path":"","propertyPath":"/SALES_AREA_VKORG","modelName":"NewYardModel"},"interaction":{"idSuffix":"inner"}},"clearTextFirst":true,"interactionType":"ENTER_TEXT"}]}
RESULT: {"script":"<script> [776 bytes]","args":[{"enterText":"C002","selector":{"controlType":"sap.m.Input","viewName":"etm.portal.ui.manageyards.view.New","viewId":"application-manageyards-display-component---NewYard","bindingPath":{"path":"","propertyPath":"/SALES_AREA_VKORG","modelName":"NewYardModel"},"interaction":{"idSuffix":"inner"}},"clearTextFirst":true,"interactionType":"ENTER_TEXT"}]}
COMMAND: POST /session/48ce7485e2c64a68d867c0ed65041780/execute/async - {"script":"<script> [1562 bytes]","args":[{"selector":{"controlType":"sap.m.Input","viewName":"etm.portal.ui.manageyards.view.New","viewId":"application-manageyards-display-component---NewYard","bindingPath":{"path":"","propertyPath":"/SALES_AREA_VTWEG","modelName":"NewYardModel"},"interaction":{"idSuffix":"inner"}},"wdio_ui5_key":"etmportal.ui.manageyards.view.Newsap.m.Input{\"path\":\"\",\"propertyPath\":\"/SALES_AREA_VTWEG\",\"modelName\":\"NewYardModel\"}"}]}
RESULT: {"script":"<script> [1562 bytes]","args":[{"selector":{"controlType":"sap.m.Input","viewName":"etm.portal.ui.manageyards.view.New","viewId":"application-manageyards-display-component---NewYard","bindingPath":{"path":"","propertyPath":"/SALES_AREA_VTWEG","modelName":"NewYardModel"},"interaction":{"idSuffix":"inner"}},"wdio_ui5_key":"etmportal.ui.manageyards.view.Newsap.m.Input{\"path\":\"\",\"propertyPath\":\"/SALES_AREA_VTWEG\",\"modelName\":\"NewYardModel\"}"}]}
RESULT: undefined
COMMAND: POST /session/48ce7485e2c64a68d867c0ed65041780/execute/async - {"script":"<script> [776 bytes]","args":[{"enterText":"C2","selector":{"controlType":"sap.m.Input","viewName":"etm.portal.ui.manageyards.view.New","viewId":"application-manageyards-display-component---NewYard","bindingPath":{"path":"","propertyPath":"/SALES_AREA_VTWEG","modelName":"NewYardModel"},"interaction":{"idSuffix":"inner"}},"clearTextFirst":true,"interactionType":"ENTER_TEXT"}]}
RESULT: {"script":"<script> [776 bytes]","args":[{"enterText":"C2","selector":{"controlType":"sap.m.Input","viewName":"etm.portal.ui.manageyards.view.New","viewId":"application-manageyards-display-component---NewYard","bindingPath":{"path":"","propertyPath":"/SALES_AREA_VTWEG","modelName":"NewYardModel"},"interaction":{"idSuffix":"inner"}},"clearTextFirst":true,"interactionType":"ENTER_TEXT"}]}
COMMAND: POST /session/48ce7485e2c64a68d867c0ed65041780/execute/async - {"script":"<script> [1562 bytes]","args":[{"selector":{"controlType":"sap.m.Input","viewName":"etm.portal.ui.manageyards.view.New","viewId":"application-manageyards-display-component---NewYard","bindingPath":{"path":"","propertyPath":"/SALES_AREA_SPART","modelName":"NewYardModel"},"interaction":{"idSuffix":"inner"}},"wdio_ui5_key":"etmportal.ui.manageyards.view.Newsap.m.Input{\"path\":\"\",\"propertyPath\":\"/SALES_AREA_SPART\",\"modelName\":\"NewYardModel\"}"}]}
RESULT: {"script":"<script> [1562 bytes]","args":[{"selector":{"controlType":"sap.m.Input","viewName":"etm.portal.ui.manageyards.view.New","viewId":"application-manageyards-display-component---NewYard","bindingPath":{"path":"","propertyPath":"/SALES_AREA_SPART","modelName":"NewYardModel"},"interaction":{"idSuffix":"inner"}},"wdio_ui5_key":"etmportal.ui.manageyards.view.Newsap.m.Input{\"path\":\"\",\"propertyPath\":\"/SALES_AREA_SPART\",\"modelName\":\"NewYardModel\"}"}]}
RESULT: undefined
COMMAND: POST /session/48ce7485e2c64a68d867c0ed65041780/execute/async - {"script":"<script> [776 bytes]","args":[{"enterText":"C2","selector":{"controlType":"sap.m.Input","viewName":"etm.portal.ui.manageyards.view.New","viewId":"application-manageyards-display-component---NewYard","bindingPath":{"path":"","propertyPath":"/SALES_AREA_SPART","modelName":"NewYardModel"},"interaction":{"idSuffix":"inner"}},"clearTextFirst":true,"interactionType":"ENTER_TEXT"}]}
RESULT: {"script":"<script> [776 bytes]","args":[{"enterText":"C2","selector":{"controlType":"sap.m.Input","viewName":"etm.portal.ui.manageyards.view.New","viewId":"application-manageyards-display-component---NewYard","bindingPath":{"path":"","propertyPath":"/SALES_AREA_SPART","modelName":"NewYardModel"},"interaction":{"idSuffix":"inner"}},"clearTextFirst":true,"interactionType":"ENTER_TEXT"}]}
COMMAND: POST /session/48ce7485e2c64a68d867c0ed65041780/execute/async - {"script":"<script> [1562 bytes]","args":[{"selector":{"controlType":"sap.m.Input","viewName":"etm.portal.ui.manageyards.view.New","viewId":"application-manageyards-display-component---NewYard","bindingPath":{"path":"","propertyPath":"/SHIP_POINT","modelName":"NewYardModel"},"interaction":{"idSuffix":"inner"}},"wdio_ui5_key":"etmportal.ui.manageyards.view.Newsap.m.Input{\"path\":\"\",\"propertyPath\":\"/SHIP_POINT\",\"modelName\":\"NewYardModel\"}"}]}
RESULT: {"script":"<script> [1562 bytes]","args":[{"selector":{"controlType":"sap.m.Input","viewName":"etm.portal.ui.manageyards.view.New","viewId":"application-manageyards-display-component---NewYard","bindingPath":{"path":"","propertyPath":"/SHIP_POINT","modelName":"NewYardModel"},"interaction":{"idSuffix":"inner"}},"wdio_ui5_key":"etmportal.ui.manageyards.view.Newsap.m.Input{\"path\":\"\",\"propertyPath\":\"/SHIP_POINT\",\"modelName\":\"NewYardModel\"}"}]}
RESULT: undefined
COMMAND: POST /session/48ce7485e2c64a68d867c0ed65041780/execute/async - {"script":"<script> [776 bytes]","args":[{"enterText":"1710","selector":{"controlType":"sap.m.Input","viewName":"etm.portal.ui.manageyards.view.New","viewId":"application-manageyards-display-component---NewYard","bindingPath":{"path":"","propertyPath":"/SHIP_POINT","modelName":"NewYardModel"},"interaction":{"idSuffix":"inner"}},"clearTextFirst":true,"interactionType":"ENTER_TEXT"}]}
RESULT: {"script":"<script> [776 bytes]","args":[{"enterText":"1710","selector":{"controlType":"sap.m.Input","viewName":"etm.portal.ui.manageyards.view.New","viewId":"application-manageyards-display-component---NewYard","bindingPath":{"path":"","propertyPath":"/SHIP_POINT","modelName":"NewYardModel"},"interaction":{"idSuffix":"inner"}},"clearTextFirst":true,"interactionType":"ENTER_TEXT"}]}
COMMAND: POST /session/48ce7485e2c64a68d867c0ed65041780/execute/async - {"script":"<script> [1562 bytes]","args":[{"selector":{"controlType":"sap.m.Input","viewName":"etm.portal.ui.manageyards.view.New","viewId":"application-manageyards-display-component---NewYard","bindingPath":{"path":"","propertyPath":"/DELIVERY_TYPE","modelName":"NewYardModel"},"interaction":{"idSuffix":"inner"}},"wdio_ui5_key":"etmportal.ui.manageyards.view.Newsap.m.Input{\"path\":\"\",\"propertyPath\":\"/DELIVERY_TYPE\",\"modelName\":\"NewYardModel\"}"}]}
RESULT: {"script":"<script> [1562 bytes]","args":[{"selector":{"controlType":"sap.m.Input","viewName":"etm.portal.ui.manageyards.view.New","viewId":"application-manageyards-display-component---NewYard","bindingPath":{"path":"","propertyPath":"/DELIVERY_TYPE","modelName":"NewYardModel"},"interaction":{"idSuffix":"inner"}},"wdio_ui5_key":"etmportal.ui.manageyards.view.Newsap.m.Input{\"path\":\"\",\"propertyPath\":\"/DELIVERY_TYPE\",\"modelName\":\"NewYardModel\"}"}]}
RESULT: undefined
COMMAND: POST /session/48ce7485e2c64a68d867c0ed65041780/execute/async - {"script":"<script> [776 bytes]","args":[{"enterText":"ZL01","selector":{"controlType":"sap.m.Input","viewName":"etm.portal.ui.manageyards.view.New","viewId":"application-manageyards-display-component---NewYard","bindingPath":{"path":"","propertyPath":"/DELIVERY_TYPE","modelName":"NewYardModel"},"interaction":{"idSuffix":"inner"}},"clearTextFirst":true,"interactionType":"ENTER_TEXT"}]}
RESULT: {"script":"<script> [776 bytes]","args":[{"enterText":"ZL01","selector":{"controlType":"sap.m.Input","viewName":"etm.portal.ui.manageyards.view.New","viewId":"application-manageyards-display-component---NewYard","bindingPath":{"path":"","propertyPath":"/DELIVERY_TYPE","modelName":"NewYardModel"},"interaction":{"idSuffix":"inner"}},"clearTextFirst":true,"interactionType":"ENTER_TEXT"}]}
COMMAND: POST /session/48ce7485e2c64a68d867c0ed65041780/execute/async - {"script":"<script> [1562 bytes]","args":[{"selector":{"controlType":"sap.m.Input","viewName":"etm.portal.ui.manageyards.view.New","viewId":"application-manageyards-display-component---NewYard","bindingPath":{"path":"","propertyPath":"/AUART","modelName":"NewYardModel"},"interaction":{"idSuffix":"inner"}},"wdio_ui5_key":"etmportal.ui.manageyards.view.Newsap.m.Input{\"path\":\"\",\"propertyPath\":\"/AUART\",\"modelName\":\"NewYardModel\"}"}]}
RESULT: {"script":"<script> [1562 bytes]","args":[{"selector":{"controlType":"sap.m.Input","viewName":"etm.portal.ui.manageyards.view.New","viewId":"application-manageyards-display-component---NewYard","bindingPath":{"path":"","propertyPath":"/AUART","modelName":"NewYardModel"},"interaction":{"idSuffix":"inner"}},"wdio_ui5_key":"etmportal.ui.manageyards.view.Newsap.m.Input{\"path\":\"\",\"propertyPath\":\"/AUART\",\"modelName\":\"NewYardModel\"}"}]}
RESULT: undefined
COMMAND: POST /session/48ce7485e2c64a68d867c0ed65041780/execute/async - {"script":"<script> [776 bytes]","args":[{"enterText":"TA","selector":{"controlType":"sap.m.Input","viewName":"etm.portal.ui.manageyards.view.New","viewId":"application-manageyards-display-component---NewYard","bindingPath":{"path":"","propertyPath":"/AUART","modelName":"NewYardModel"},"interaction":{"idSuffix":"inner"}},"clearTextFirst":true,"interactionType":"ENTER_TEXT"}]}
RESULT: {"script":"<script> [776 bytes]","args":[{"enterText":"TA","selector":{"controlType":"sap.m.Input","viewName":"etm.portal.ui.manageyards.view.New","viewId":"application-manageyards-display-component---NewYard","bindingPath":{"path":"","propertyPath":"/AUART","modelName":"NewYardModel"},"interaction":{"idSuffix":"inner"}},"clearTextFirst":true,"interactionType":"ENTER_TEXT"}]}
COMMAND: POST /session/48ce7485e2c64a68d867c0ed65041780/element - {"using":"xpath","value":"//button[@data-kt=\"newYardSaveButton\"]"}
RESULT: {"using":"xpath","value":"//button[@data-kt=\"newYardSaveButton\"]"}
COMMAND: POST /session/48ce7485e2c64a68d867c0ed65041780/element/f.1999790E03A964CB3378C0A271C2A0DB.d.A6C1245189494DE32924C703E1A3F34F.e.10076/click - {}
RESULT: {}
COMMAND: GET /session/48ce7485e2c64a68d867c0ed65041780/screenshot - {}
RESULT: {}
COMMAND: POST /session/48ce7485e2c64a68d867c0ed65041780/element - {"using":"xpath","value":"//header[contains(@id, 'ObjectPageLayout-headerTitle')]/div[1]/div[2]/div[1]/span[1]"}
RESULT: {"using":"xpath","value":"//header[contains(@id, 'ObjectPageLayout-headerTitle')]/div[1]/div[2]/div[1]/span[1]"}
COMMAND: POST /session/48ce7485e2c64a68d867c0ed65041780/elements - {"using":"xpath","value":"//header[contains(@id, 'ObjectPageLayout-headerTitle')]/div[1]/div[2]/div[1]/span[1]"}
RESULT: {"using":"xpath","value":"//header[contains(@id, 'ObjectPageLayout-headerTitle')]/div[1]/div[2]/div[1]/span[1]"}
COMMAND: POST /session/48ce7485e2c64a68d867c0ed65041780/execute/sync - {"script":"<script> [56 bytes]","args":[{"element-6066-11e4-a52e-4f735466cecf":"f.1999790E03A964CB3378C0A271C2A0DB.d.A6C1245189494DE32924C703E1A3F34F.e.10371","ELEMENT":"f.1999790E03A964CB3378C0A271C2A0DB.d.A6C1245189494DE32924C703E1A3F34F.e.10371"}]}
RESULT: {"script":"<script> [56 bytes]","args":[{"element-6066-11e4-a52e-4f735466cecf":"f.1999790E03A964CB3378C0A271C2A0DB.d.A6C1245189494DE32924C703E1A3F34F.e.10371","ELEMENT":"f.1999790E03A964CB3378C0A271C2A0DB.d.A6C1245189494DE32924C703E1A3F34F.e.10371"}]}
COMMAND: GET /session/48ce7485e2c64a68d867c0ed65041780/screenshot - {}
RESULT: {}
COMMAND: POST /session/48ce7485e2c64a68d867c0ed65041780/element - {"using":"css selector","value":"#shell-header-logo"}
RESULT: {"using":"css selector","value":"#shell-header-logo"}
COMMAND: POST /session/48ce7485e2c64a68d867c0ed65041780/element/f.1999790E03A964CB3378C0A271C2A0DB.d.A6C1245189494DE32924C703E1A3F34F.e.9624/click - {}
RESULT: {}
COMMAND: GET /session/48ce7485e2c64a68d867c0ed65041780/screenshot - {}
RESULT: {}
COMMAND: POST /session/48ce7485e2c64a68d867c0ed65041780/execute/sync - {"script":"<script> [299 bytes]","args":[["getModel","getResource"]]}
RESULT: {"script":"<script> [299 bytes]","args":[["getModel","getResource"]]}
]]></system-out>
    </testcase>
    <testcase classname="chrome.136_0_7103_93.windows.Create_partner_US118246" name="Should create new external partner" time="96.218">
      <system-out><![CDATA[
COMMAND: GET /session/48ce7485e2c64a68d867c0ed65041780/screenshot - {}
COMMAND: POST /session/48ce7485e2c64a68d867c0ed65041780/window/fullscreen - {}
RESULT: {}
RESULT: {}
COMMAND: POST /session/48ce7485e2c64a68d867c0ed65041780/execute/async - {"script":"<script> [1562 bytes]","args":[{"selector":{"controlType":"sap.m.GenericTile","properties":{"header":"Manage Partners"}},"wdio_ui5_key":"sapm.GenericTile{\"header\":\"Manage Partners\"}"}]}
RESULT: {"script":"<script> [1562 bytes]","args":[{"selector":{"controlType":"sap.m.GenericTile","properties":{"header":"Manage Partners"}},"wdio_ui5_key":"sapm.GenericTile{\"header\":\"Manage Partners\"}"}]}
RESULT: undefined
COMMAND: POST /session/48ce7485e2c64a68d867c0ed65041780/element - {"using":"xpath","value":"//*[@id=\"__tile38\"]"}
RESULT: {"using":"xpath","value":"//*[@id=\"__tile38\"]"}
COMMAND: POST /session/48ce7485e2c64a68d867c0ed65041780/element/f.1999790E03A964CB3378C0A271C2A0DB.d.A6C1245189494DE32924C703E1A3F34F.e.9513/click - {}
RESULT: {}
COMMAND: GET /session/48ce7485e2c64a68d867c0ed65041780/screenshot - {}
RESULT: {}
COMMAND: POST /session/48ce7485e2c64a68d867c0ed65041780/elements - {"using":"xpath","value":"//span[text()='Error']"}
RESULT: {"using":"xpath","value":"//span[text()='Error']"}
COMMAND: POST /session/48ce7485e2c64a68d867c0ed65041780/element - {"using":"xpath","value":"//button[@data-kt=\"addButton\"]"}
RESULT: {"using":"xpath","value":"//button[@data-kt=\"addButton\"]"}
COMMAND: POST /session/48ce7485e2c64a68d867c0ed65041780/elements - {"using":"xpath","value":"//button[@data-kt=\"addButton\"]"}
RESULT: {"using":"xpath","value":"//button[@data-kt=\"addButton\"]"}
COMMAND: POST /session/48ce7485e2c64a68d867c0ed65041780/execute/sync - {"script":"<script> [8489 bytes]","args":[{"element-6066-11e4-a52e-4f735466cecf":"f.1999790E03A964CB3378C0A271C2A0DB.d.A6C1245189494DE32924C703E1A3F34F.e.10419","ELEMENT":"f.1999790E03A964CB3378C0A271C2A0DB.d.A6C1245189494DE32924C703E1A3F34F.e.10419"}]}
RESULT: {"script":"<script> [8489 bytes]","args":[{"element-6066-11e4-a52e-4f735466cecf":"f.1999790E03A964CB3378C0A271C2A0DB.d.A6C1245189494DE32924C703E1A3F34F.e.10419","ELEMENT":"f.1999790E03A964CB3378C0A271C2A0DB.d.A6C1245189494DE32924C703E1A3F34F.e.10419"}]}
COMMAND: GET /session/48ce7485e2c64a68d867c0ed65041780/element/f.1999790E03A964CB3378C0A271C2A0DB.d.A6C1245189494DE32924C703E1A3F34F.e.10419/enabled - {}
COMMAND: GET /session/48ce7485e2c64a68d867c0ed65041780/screenshot - {}
RESULT: {}
COMMAND: POST /session/48ce7485e2c64a68d867c0ed65041780/execute/sync - {"script":"<script> [8489 bytes]","args":[{"element-6066-11e4-a52e-4f735466cecf":"f.1999790E03A964CB3378C0A271C2A0DB.d.A6C1245189494DE32924C703E1A3F34F.e.10419","ELEMENT":"f.1999790E03A964CB3378C0A271C2A0DB.d.A6C1245189494DE32924C703E1A3F34F.e.10419"}]}
COMMAND: GET /session/48ce7485e2c64a68d867c0ed65041780/screenshot - {}
RESULT: {}
RESULT: {"script":"<script> [8489 bytes]","args":[{"element-6066-11e4-a52e-4f735466cecf":"f.1999790E03A964CB3378C0A271C2A0DB.d.A6C1245189494DE32924C703E1A3F34F.e.10419","ELEMENT":"f.1999790E03A964CB3378C0A271C2A0DB.d.A6C1245189494DE32924C703E1A3F34F.e.10419"}]}
COMMAND: POST /session/48ce7485e2c64a68d867c0ed65041780/execute/sync - {"script":"<script> [5351 bytes]","args":[{"element-6066-11e4-a52e-4f735466cecf":"f.1999790E03A964CB3378C0A271C2A0DB.d.A6C1245189494DE32924C703E1A3F34F.e.10419","ELEMENT":"f.1999790E03A964CB3378C0A271C2A0DB.d.A6C1245189494DE32924C703E1A3F34F.e.10419"}]}
COMMAND: GET /session/48ce7485e2c64a68d867c0ed65041780/screenshot - {}
RESULT: {}
RESULT: {"script":"<script> [5351 bytes]","args":[{"element-6066-11e4-a52e-4f735466cecf":"f.1999790E03A964CB3378C0A271C2A0DB.d.A6C1245189494DE32924C703E1A3F34F.e.10419","ELEMENT":"f.1999790E03A964CB3378C0A271C2A0DB.d.A6C1245189494DE32924C703E1A3F34F.e.10419"}]}
COMMAND: POST /session/48ce7485e2c64a68d867c0ed65041780/element/f.1999790E03A964CB3378C0A271C2A0DB.d.A6C1245189494DE32924C703E1A3F34F.e.10419/click - {}
COMMAND: GET /session/48ce7485e2c64a68d867c0ed65041780/screenshot - {}
RESULT: {}
RESULT: {}
COMMAND: GET /session/48ce7485e2c64a68d867c0ed65041780/screenshot - {}
COMMAND: POST /session/48ce7485e2c64a68d867c0ed65041780/execute/async - {"script":"<script> [1562 bytes]","args":[{"selector":{"id":"application-managepartners-display-component---NewPartner--addressDetailDetailsName1","interaction":{"idSuffix":"inner"}},"wdio_ui5_key":"applicationmanagepartners-display-component---NewPartner--addressDetailDetailsName1"}]}
RESULT: {}
RESULT: {}
RESULT: {"script":"<script> [1562 bytes]","args":[{"selector":{"id":"application-managepartners-display-component---NewPartner--addressDetailDetailsName1","interaction":{"idSuffix":"inner"}},"wdio_ui5_key":"applicationmanagepartners-display-component---NewPartner--addressDetailDetailsName1"}]}
RESULT: undefined
COMMAND: POST /session/48ce7485e2c64a68d867c0ed65041780/execute/async - {"script":"<script> [776 bytes]","args":[{"enterText":"External Partner WDIO","selector":{"id":"application-managepartners-display-component---NewPartner--addressDetailDetailsName1","interaction":{"idSuffix":"inner"}},"clearTextFirst":true,"interactionType":"ENTER_TEXT"}]}
RESULT: {"script":"<script> [776 bytes]","args":[{"enterText":"External Partner WDIO","selector":{"id":"application-managepartners-display-component---NewPartner--addressDetailDetailsName1","interaction":{"idSuffix":"inner"}},"clearTextFirst":true,"interactionType":"ENTER_TEXT"}]}
COMMAND: POST /session/48ce7485e2c64a68d867c0ed65041780/execute/async - {"script":"<script> [1562 bytes]","args":[{"selector":{"id":"application-managepartners-display-component---NewPartner--addressDetailDetailsLanguage-arrow"},"wdio_ui5_key":"applicationmanagepartners-display-component---NewPartner--addressDetailDetailsLanguage-arrow"}]}
RESULT: {"script":"<script> [1562 bytes]","args":[{"selector":{"id":"application-managepartners-display-component---NewPartner--addressDetailDetailsLanguage-arrow"},"wdio_ui5_key":"applicationmanagepartners-display-component---NewPartner--addressDetailDetailsLanguage-arrow"}]}
RESULT: undefined
COMMAND: POST /session/48ce7485e2c64a68d867c0ed65041780/element - {"using":"xpath","value":"//*[@id=\"application-managepartners-display-component---NewPartner--addressDetailDetailsLanguage-arrow\"]"}
RESULT: {"using":"xpath","value":"//*[@id=\"application-managepartners-display-component---NewPartner--addressDetailDetailsLanguage-arrow\"]"}
COMMAND: POST /session/48ce7485e2c64a68d867c0ed65041780/element/f.1999790E03A964CB3378C0A271C2A0DB.d.A6C1245189494DE32924C703E1A3F34F.e.10855/click - {}
RESULT: {}
COMMAND: POST /session/48ce7485e2c64a68d867c0ed65041780/element - {"using":"xpath","value":"//span[contains(text(), \"English\")]"}
COMMAND: GET /session/48ce7485e2c64a68d867c0ed65041780/screenshot - {}
RESULT: {"using":"xpath","value":"//span[contains(text(), \"English\")]"}
COMMAND: POST /session/48ce7485e2c64a68d867c0ed65041780/element/f.1999790E03A964CB3378C0A271C2A0DB.d.A6C1245189494DE32924C703E1A3F34F.e.10856/click - {}
RESULT: {}
RESULT: {}
COMMAND: GET /session/48ce7485e2c64a68d867c0ed65041780/screenshot - {}
RESULT: {}
COMMAND: POST /session/48ce7485e2c64a68d867c0ed65041780/execute/async - {"script":"<script> [1562 bytes]","args":[{"selector":{"id":"application-managepartners-display-component---NewPartner--addressDetailDetailsCity1","interaction":{"idSuffix":"inner"}},"wdio_ui5_key":"applicationmanagepartners-display-component---NewPartner--addressDetailDetailsCity1"}]}
RESULT: {"script":"<script> [1562 bytes]","args":[{"selector":{"id":"application-managepartners-display-component---NewPartner--addressDetailDetailsCity1","interaction":{"idSuffix":"inner"}},"wdio_ui5_key":"applicationmanagepartners-display-component---NewPartner--addressDetailDetailsCity1"}]}
RESULT: undefined
COMMAND: POST /session/48ce7485e2c64a68d867c0ed65041780/execute/async - {"script":"<script> [776 bytes]","args":[{"enterText":"Rosario","selector":{"id":"application-managepartners-display-component---NewPartner--addressDetailDetailsCity1","interaction":{"idSuffix":"inner"}},"clearTextFirst":true,"interactionType":"ENTER_TEXT"}]}
RESULT: {"script":"<script> [776 bytes]","args":[{"enterText":"Rosario","selector":{"id":"application-managepartners-display-component---NewPartner--addressDetailDetailsCity1","interaction":{"idSuffix":"inner"}},"clearTextFirst":true,"interactionType":"ENTER_TEXT"}]}
COMMAND: POST /session/48ce7485e2c64a68d867c0ed65041780/execute/async - {"script":"<script> [1562 bytes]","args":[{"selector":{"id":"application-managepartners-display-component---NewPartner--addressDetailDetailsCountry-arrow"},"wdio_ui5_key":"applicationmanagepartners-display-component---NewPartner--addressDetailDetailsCountry-arrow"}]}
RESULT: {"script":"<script> [1562 bytes]","args":[{"selector":{"id":"application-managepartners-display-component---NewPartner--addressDetailDetailsCountry-arrow"},"wdio_ui5_key":"applicationmanagepartners-display-component---NewPartner--addressDetailDetailsCountry-arrow"}]}
RESULT: undefined
COMMAND: POST /session/48ce7485e2c64a68d867c0ed65041780/element - {"using":"xpath","value":"//*[@id=\"application-managepartners-display-component---NewPartner--addressDetailDetailsCountry-arrow\"]"}
RESULT: {"using":"xpath","value":"//*[@id=\"application-managepartners-display-component---NewPartner--addressDetailDetailsCountry-arrow\"]"}
COMMAND: POST /session/48ce7485e2c64a68d867c0ed65041780/element/f.1999790E03A964CB3378C0A271C2A0DB.d.A6C1245189494DE32924C703E1A3F34F.e.10823/click - {}
RESULT: {}
COMMAND: POST /session/48ce7485e2c64a68d867c0ed65041780/element - {"using":"xpath","value":"//span[contains(text(), \"Argentina\")]"}
COMMAND: GET /session/48ce7485e2c64a68d867c0ed65041780/screenshot - {}
RESULT: {"using":"xpath","value":"//span[contains(text(), \"Argentina\")]"}
COMMAND: POST /session/48ce7485e2c64a68d867c0ed65041780/element/f.1999790E03A964CB3378C0A271C2A0DB.d.A6C1245189494DE32924C703E1A3F34F.e.10858/click - {}
RESULT: {}
RESULT: {}
COMMAND: GET /session/48ce7485e2c64a68d867c0ed65041780/screenshot - {}
RESULT: {}
COMMAND: POST /session/48ce7485e2c64a68d867c0ed65041780/element - {"using":"xpath","value":"//bdi[contains(text(), \"Commercial\")]"}
RESULT: {"using":"xpath","value":"//bdi[contains(text(), \"Commercial\")]"}
COMMAND: POST /session/48ce7485e2c64a68d867c0ed65041780/element/f.1999790E03A964CB3378C0A271C2A0DB.d.A6C1245189494DE32924C703E1A3F34F.e.10859/click - {}
RESULT: {}
COMMAND: GET /session/48ce7485e2c64a68d867c0ed65041780/screenshot - {}
RESULT: {}
COMMAND: POST /session/48ce7485e2c64a68d867c0ed65041780/execute/async - {"script":"<script> [1562 bytes]","args":[{"selector":{"id":"application-managepartners-display-component---NewPartner--partnerDetailInternal-arrow"},"wdio_ui5_key":"applicationmanagepartners-display-component---NewPartner--partnerDetailInternal-arrow"}]}
RESULT: {"script":"<script> [1562 bytes]","args":[{"selector":{"id":"application-managepartners-display-component---NewPartner--partnerDetailInternal-arrow"},"wdio_ui5_key":"applicationmanagepartners-display-component---NewPartner--partnerDetailInternal-arrow"}]}
RESULT: undefined
COMMAND: POST /session/48ce7485e2c64a68d867c0ed65041780/element - {"using":"xpath","value":"//*[@id=\"application-managepartners-display-component---NewPartner--partnerDetailInternal-arrow\"]"}
RESULT: {"using":"xpath","value":"//*[@id=\"application-managepartners-display-component---NewPartner--partnerDetailInternal-arrow\"]"}
COMMAND: POST /session/48ce7485e2c64a68d867c0ed65041780/element/f.1999790E03A964CB3378C0A271C2A0DB.d.A6C1245189494DE32924C703E1A3F34F.e.10865/click - {}
RESULT: {}
COMMAND: POST /session/48ce7485e2c64a68d867c0ed65041780/element - {"using":"xpath","value":"//span[contains(text(), \"External partner\")]"}
COMMAND: GET /session/48ce7485e2c64a68d867c0ed65041780/screenshot - {}
RESULT: {"using":"xpath","value":"//span[contains(text(), \"External partner\")]"}
COMMAND: POST /session/48ce7485e2c64a68d867c0ed65041780/element/f.1999790E03A964CB3378C0A271C2A0DB.d.A6C1245189494DE32924C703E1A3F34F.e.10868/click - {}
RESULT: {}
RESULT: {}
COMMAND: POST /session/48ce7485e2c64a68d867c0ed65041780/execute/async - {"script":"<script> [1562 bytes]","args":[{"selector":{"id":"application-managepartners-display-component---NewPartner--partnerDetailsCurrency-arrow"},"wdio_ui5_key":"applicationmanagepartners-display-component---NewPartner--partnerDetailsCurrency-arrow"}]}
COMMAND: GET /session/48ce7485e2c64a68d867c0ed65041780/screenshot - {}
RESULT: {"script":"<script> [1562 bytes]","args":[{"selector":{"id":"application-managepartners-display-component---NewPartner--partnerDetailsCurrency-arrow"},"wdio_ui5_key":"applicationmanagepartners-display-component---NewPartner--partnerDetailsCurrency-arrow"}]}
RESULT: undefined
COMMAND: POST /session/48ce7485e2c64a68d867c0ed65041780/element - {"using":"xpath","value":"//*[@id=\"application-managepartners-display-component---NewPartner--partnerDetailsCurrency-arrow\"]"}
RESULT: {}
RESULT: {"using":"xpath","value":"//*[@id=\"application-managepartners-display-component---NewPartner--partnerDetailsCurrency-arrow\"]"}
COMMAND: POST /session/48ce7485e2c64a68d867c0ed65041780/element/f.1999790E03A964CB3378C0A271C2A0DB.d.A6C1245189494DE32924C703E1A3F34F.e.10873/click - {}
RESULT: {}
COMMAND: POST /session/48ce7485e2c64a68d867c0ed65041780/element - {"using":"xpath","value":"//span[contains(text(), \"US Dollar\")]"}
COMMAND: GET /session/48ce7485e2c64a68d867c0ed65041780/screenshot - {}
RESULT: {"using":"xpath","value":"//span[contains(text(), \"US Dollar\")]"}
COMMAND: POST /session/48ce7485e2c64a68d867c0ed65041780/element/f.1999790E03A964CB3378C0A271C2A0DB.d.A6C1245189494DE32924C703E1A3F34F.e.10874/click - {}
RESULT: {}
RESULT: {}
COMMAND: GET /session/48ce7485e2c64a68d867c0ed65041780/screenshot - {}
RESULT: {}
COMMAND: POST /session/48ce7485e2c64a68d867c0ed65041780/element - {"using":"xpath","value":"//input[@id=\"application-managepartners-display-component---NewPartner--companyCodeComboBox-inner\"]"}
RESULT: {"using":"xpath","value":"//input[@id=\"application-managepartners-display-component---NewPartner--companyCodeComboBox-inner\"]"}
COMMAND: POST /session/48ce7485e2c64a68d867c0ed65041780/element/f.1999790E03A964CB3378C0A271C2A0DB.d.A6C1245189494DE32924C703E1A3F34F.e.10721/clear - {}
RESULT: {}
COMMAND: POST /session/48ce7485e2c64a68d867c0ed65041780/element/f.1999790E03A964CB3378C0A271C2A0DB.d.A6C1245189494DE32924C703E1A3F34F.e.10721/value - {"text":"C002"}
COMMAND: GET /session/48ce7485e2c64a68d867c0ed65041780/screenshot - {}
RESULT: {"text":"C002"}
COMMAND: GET /session/48ce7485e2c64a68d867c0ed65041780/screenshot - {}
RESULT: {}
RESULT: {}
COMMAND: POST /session/48ce7485e2c64a68d867c0ed65041780/element - {"using":"xpath","value":"//li[.//span[text()= \"C002\"]]"}
RESULT: {"using":"xpath","value":"//li[.//span[text()= \"C002\"]]"}
COMMAND: POST /session/48ce7485e2c64a68d867c0ed65041780/element/f.1999790E03A964CB3378C0A271C2A0DB.d.A6C1245189494DE32924C703E1A3F34F.e.10878/click - {}
RESULT: {}
COMMAND: GET /session/48ce7485e2c64a68d867c0ed65041780/screenshot - {}
RESULT: {}
COMMAND: POST /session/48ce7485e2c64a68d867c0ed65041780/execute/async - {"script":"<script> [1562 bytes]","args":[{"selector":{"id":"application-managepartners-display-component---NewPartner--btnAddTableRow-img"},"wdio_ui5_key":"applicationmanagepartners-display-component---NewPartner--btnAddTableRow-img"}]}
RESULT: {"script":"<script> [1562 bytes]","args":[{"selector":{"id":"application-managepartners-display-component---NewPartner--btnAddTableRow-img"},"wdio_ui5_key":"applicationmanagepartners-display-component---NewPartner--btnAddTableRow-img"}]}
RESULT: undefined
COMMAND: POST /session/48ce7485e2c64a68d867c0ed65041780/element - {"using":"xpath","value":"//*[@id=\"application-managepartners-display-component---NewPartner--btnAddTableRow-img\"]"}
RESULT: {"using":"xpath","value":"//*[@id=\"application-managepartners-display-component---NewPartner--btnAddTableRow-img\"]"}
COMMAND: POST /session/48ce7485e2c64a68d867c0ed65041780/element/f.1999790E03A964CB3378C0A271C2A0DB.d.A6C1245189494DE32924C703E1A3F34F.e.10879/click - {}
RESULT: {}
COMMAND: GET /session/48ce7485e2c64a68d867c0ed65041780/screenshot - {}
RESULT: {}
COMMAND: POST /session/48ce7485e2c64a68d867c0ed65041780/element - {"using":"xpath","value":"//input[@id=\"application-managepartners-display-component---NewPartner--assignmentYard-application-managepartners-display-component---NewPartner--assignmentsTable-0-inner\"]"}
RESULT: {"using":"xpath","value":"//input[@id=\"application-managepartners-display-component---NewPartner--assignmentYard-application-managepartners-display-component---NewPartner--assignmentsTable-0-inner\"]"}
COMMAND: POST /session/48ce7485e2c64a68d867c0ed65041780/element/f.1999790E03A964CB3378C0A271C2A0DB.d.A6C1245189494DE32924C703E1A3F34F.e.10882/clear - {}
RESULT: {}
COMMAND: POST /session/48ce7485e2c64a68d867c0ed65041780/element/f.1999790E03A964CB3378C0A271C2A0DB.d.A6C1245189494DE32924C703E1A3F34F.e.10882/value - {"text":"286"}
COMMAND: GET /session/48ce7485e2c64a68d867c0ed65041780/screenshot - {}
RESULT: {"text":"286"}
COMMAND: GET /session/48ce7485e2c64a68d867c0ed65041780/screenshot - {}
RESULT: {}
RESULT: {}
COMMAND: POST /session/48ce7485e2c64a68d867c0ed65041780/element - {"using":"xpath","value":"//li[.//span[text()='286']]"}
RESULT: {"using":"xpath","value":"//li[.//span[text()='286']]"}
COMMAND: POST /session/48ce7485e2c64a68d867c0ed65041780/element/f.1999790E03A964CB3378C0A271C2A0DB.d.A6C1245189494DE32924C703E1A3F34F.e.10891/click - {}
RESULT: {}
COMMAND: GET /session/48ce7485e2c64a68d867c0ed65041780/screenshot - {}
RESULT: {}
COMMAND: POST /session/48ce7485e2c64a68d867c0ed65041780/actions - {"actions":[{"id":"action27","type":"key","parameters":{},"actions":[{"type":"keyDown","value":""},{"type":"pause","duration":10},{"type":"keyUp","value":""}]}]}
RESULT: {"actions":[{"id":"action27","type":"key","parameters":{},"actions":[{"type":"keyDown","value":""},{"type":"pause","duration":10},{"type":"keyUp","value":""}]}]}
COMMAND: POST /session/48ce7485e2c64a68d867c0ed65041780/element - {"using":"xpath","value":"//td[contains(@id, \"assignmentsTable-0-cell2\")]/div/div"}
COMMAND: GET /session/48ce7485e2c64a68d867c0ed65041780/screenshot - {}
RESULT: {"using":"xpath","value":"//td[contains(@id, \"assignmentsTable-0-cell2\")]/div/div"}
COMMAND: POST /session/48ce7485e2c64a68d867c0ed65041780/element/f.1999790E03A964CB3378C0A271C2A0DB.d.A6C1245189494DE32924C703E1A3F34F.e.10894/click - {}
RESULT: {}
RESULT: {}
COMMAND: GET /session/48ce7485e2c64a68d867c0ed65041780/screenshot - {}
RESULT: {}
COMMAND: POST /session/48ce7485e2c64a68d867c0ed65041780/element - {"using":"xpath","value":"//button[@data-kt=\"saveButton\"]"}
RESULT: {"using":"xpath","value":"//button[@data-kt=\"saveButton\"]"}
COMMAND: POST /session/48ce7485e2c64a68d867c0ed65041780/element/f.1999790E03A964CB3378C0A271C2A0DB.d.A6C1245189494DE32924C703E1A3F34F.e.10766/click - {}
RESULT: {}
COMMAND: GET /session/48ce7485e2c64a68d867c0ed65041780/screenshot - {}
RESULT: {}
COMMAND: POST /session/48ce7485e2c64a68d867c0ed65041780/element - {"using":"xpath","value":"//header[contains(@id, 'ObjectPageLayout-headerTitle')]/div[1]/div[2]/div[2]/span[1]"}
RESULT: {"using":"xpath","value":"//header[contains(@id, 'ObjectPageLayout-headerTitle')]/div[1]/div[2]/div[2]/span[1]"}
COMMAND: POST /session/48ce7485e2c64a68d867c0ed65041780/elements - {"using":"xpath","value":"//header[contains(@id, 'ObjectPageLayout-headerTitle')]/div[1]/div[2]/div[2]/span[1]"}
RESULT: {"using":"xpath","value":"//header[contains(@id, 'ObjectPageLayout-headerTitle')]/div[1]/div[2]/div[2]/span[1]"}
COMMAND: POST /session/48ce7485e2c64a68d867c0ed65041780/execute/sync - {"script":"<script> [56 bytes]","args":[{"element-6066-11e4-a52e-4f735466cecf":"f.1999790E03A964CB3378C0A271C2A0DB.d.A6C1245189494DE32924C703E1A3F34F.e.11055","ELEMENT":"f.1999790E03A964CB3378C0A271C2A0DB.d.A6C1245189494DE32924C703E1A3F34F.e.11055"}]}
RESULT: {"script":"<script> [56 bytes]","args":[{"element-6066-11e4-a52e-4f735466cecf":"f.1999790E03A964CB3378C0A271C2A0DB.d.A6C1245189494DE32924C703E1A3F34F.e.11055","ELEMENT":"f.1999790E03A964CB3378C0A271C2A0DB.d.A6C1245189494DE32924C703E1A3F34F.e.11055"}]}
COMMAND: POST /session/48ce7485e2c64a68d867c0ed65041780/element - {"using":"css selector","value":"#shell-header-logo"}
COMMAND: GET /session/48ce7485e2c64a68d867c0ed65041780/screenshot - {}
RESULT: {"using":"css selector","value":"#shell-header-logo"}
COMMAND: POST /session/48ce7485e2c64a68d867c0ed65041780/element/f.1999790E03A964CB3378C0A271C2A0DB.d.A6C1245189494DE32924C703E1A3F34F.e.10375/click - {}
RESULT: {}
RESULT: {}
COMMAND: GET /session/48ce7485e2c64a68d867c0ed65041780/screenshot - {}
RESULT: {}
COMMAND: POST /session/48ce7485e2c64a68d867c0ed65041780/execute/sync - {"script":"<script> [299 bytes]","args":[["getModel","getResource"]]}
RESULT: {"script":"<script> [299 bytes]","args":[["getModel","getResource"]]}
COMMAND: GET /session/48ce7485e2c64a68d867c0ed65041780/screenshot - {}
]]></system-out>
    </testcase>
    <testcase classname="chrome.136_0_7103_93.windows.Create_partner_US118246" name="Should create a new yard in case create yard failed" time="104.71">
      <system-out><![CDATA[
RESULT: undefined
COMMAND: POST /session/48ce7485e2c64a68d867c0ed65041780/element - {"using":"xpath","value":"//*[@id=\"__tile41\"]"}
RESULT: {}
RESULT: {"using":"xpath","value":"//*[@id=\"__tile41\"]"}
COMMAND: POST /session/48ce7485e2c64a68d867c0ed65041780/element/f.1999790E03A964CB3378C0A271C2A0DB.d.A6C1245189494DE32924C703E1A3F34F.e.9522/click - {}
RESULT: {}
COMMAND: GET /session/48ce7485e2c64a68d867c0ed65041780/screenshot - {}
COMMAND: POST /session/48ce7485e2c64a68d867c0ed65041780/elements - {"using":"xpath","value":"//span[text()='Error']"}
RESULT: {}
RESULT: {"using":"xpath","value":"//span[text()='Error']"}
COMMAND: POST /session/48ce7485e2c64a68d867c0ed65041780/element - {"using":"xpath","value":"//button[@data-kt=\"addNewYardOverflowToolbarButton\"]"}
RESULT: {"using":"xpath","value":"//button[@data-kt=\"addNewYardOverflowToolbarButton\"]"}
COMMAND: POST /session/48ce7485e2c64a68d867c0ed65041780/elements - {"using":"xpath","value":"//button[@data-kt=\"addNewYardOverflowToolbarButton\"]"}
RESULT: {"using":"xpath","value":"//button[@data-kt=\"addNewYardOverflowToolbarButton\"]"}
COMMAND: POST /session/48ce7485e2c64a68d867c0ed65041780/execute/sync - {"script":"<script> [8489 bytes]","args":[{"element-6066-11e4-a52e-4f735466cecf":"f.1999790E03A964CB3378C0A271C2A0DB.d.A6C1245189494DE32924C703E1A3F34F.e.11091","ELEMENT":"f.1999790E03A964CB3378C0A271C2A0DB.d.A6C1245189494DE32924C703E1A3F34F.e.11091"}]}
RESULT: {"script":"<script> [8489 bytes]","args":[{"element-6066-11e4-a52e-4f735466cecf":"f.1999790E03A964CB3378C0A271C2A0DB.d.A6C1245189494DE32924C703E1A3F34F.e.11091","ELEMENT":"f.1999790E03A964CB3378C0A271C2A0DB.d.A6C1245189494DE32924C703E1A3F34F.e.11091"}]}
COMMAND: GET /session/48ce7485e2c64a68d867c0ed65041780/element/f.1999790E03A964CB3378C0A271C2A0DB.d.A6C1245189494DE32924C703E1A3F34F.e.11091/enabled - {}
COMMAND: GET /session/48ce7485e2c64a68d867c0ed65041780/screenshot - {}
RESULT: {}
COMMAND: POST /session/48ce7485e2c64a68d867c0ed65041780/execute/sync - {"script":"<script> [8489 bytes]","args":[{"element-6066-11e4-a52e-4f735466cecf":"f.1999790E03A964CB3378C0A271C2A0DB.d.A6C1245189494DE32924C703E1A3F34F.e.11091","ELEMENT":"f.1999790E03A964CB3378C0A271C2A0DB.d.A6C1245189494DE32924C703E1A3F34F.e.11091"}]}
COMMAND: GET /session/48ce7485e2c64a68d867c0ed65041780/screenshot - {}
RESULT: {}
RESULT: {"script":"<script> [8489 bytes]","args":[{"element-6066-11e4-a52e-4f735466cecf":"f.1999790E03A964CB3378C0A271C2A0DB.d.A6C1245189494DE32924C703E1A3F34F.e.11091","ELEMENT":"f.1999790E03A964CB3378C0A271C2A0DB.d.A6C1245189494DE32924C703E1A3F34F.e.11091"}]}
COMMAND: POST /session/48ce7485e2c64a68d867c0ed65041780/execute/sync - {"script":"<script> [5351 bytes]","args":[{"element-6066-11e4-a52e-4f735466cecf":"f.1999790E03A964CB3378C0A271C2A0DB.d.A6C1245189494DE32924C703E1A3F34F.e.11091","ELEMENT":"f.1999790E03A964CB3378C0A271C2A0DB.d.A6C1245189494DE32924C703E1A3F34F.e.11091"}]}
COMMAND: GET /session/48ce7485e2c64a68d867c0ed65041780/screenshot - {}
RESULT: {}
RESULT: {"script":"<script> [5351 bytes]","args":[{"element-6066-11e4-a52e-4f735466cecf":"f.1999790E03A964CB3378C0A271C2A0DB.d.A6C1245189494DE32924C703E1A3F34F.e.11091","ELEMENT":"f.1999790E03A964CB3378C0A271C2A0DB.d.A6C1245189494DE32924C703E1A3F34F.e.11091"}]}
COMMAND: POST /session/48ce7485e2c64a68d867c0ed65041780/element/f.1999790E03A964CB3378C0A271C2A0DB.d.A6C1245189494DE32924C703E1A3F34F.e.11091/click - {}
COMMAND: GET /session/48ce7485e2c64a68d867c0ed65041780/screenshot - {}
RESULT: {}
RESULT: {}
COMMAND: GET /session/48ce7485e2c64a68d867c0ed65041780/screenshot - {}
RESULT: {}
COMMAND: POST /session/48ce7485e2c64a68d867c0ed65041780/element - {"using":"xpath","value":"//input[@id=\"application-manageyards-display-component---NewYard--yardId-inner\"]"}
RESULT: {}
RESULT: {"using":"xpath","value":"//input[@id=\"application-manageyards-display-component---NewYard--yardId-inner\"]"}
COMMAND: POST /session/48ce7485e2c64a68d867c0ed65041780/element - {"using":"xpath","value":"//input[@id=\"application-manageyards-display-component---NewYard--yardId-inner\"]"}
RESULT: {"using":"xpath","value":"//input[@id=\"application-manageyards-display-component---NewYard--yardId-inner\"]"}
RESULT: undefined
COMMAND: POST /session/48ce7485e2c64a68d867c0ed65041780/execute/async - {"script":"<script> [776 bytes]","args":[{"enterText":"Warehouse Managed WDIO","selector":{"id":"application-manageyards-display-component---NewYard--addressDetailDetailsName1","interaction":{"idSuffix":"inner"}},"clearTextFirst":true,"interactionType":"ENTER_TEXT"}]}
RESULT: {"script":"<script> [776 bytes]","args":[{"enterText":"Warehouse Managed WDIO","selector":{"id":"application-manageyards-display-component---NewYard--addressDetailDetailsName1","interaction":{"idSuffix":"inner"}},"clearTextFirst":true,"interactionType":"ENTER_TEXT"}]}
RESULT: undefined
COMMAND: POST /session/48ce7485e2c64a68d867c0ed65041780/element - {"using":"xpath","value":"//*[@id=\"application-manageyards-display-component---NewYard--addressDetailDetailsLanguage-arrow\"]"}
RESULT: {"using":"xpath","value":"//*[@id=\"application-manageyards-display-component---NewYard--addressDetailDetailsLanguage-arrow\"]"}
COMMAND: POST /session/48ce7485e2c64a68d867c0ed65041780/element/f.1999790E03A964CB3378C0A271C2A0DB.d.A6C1245189494DE32924C703E1A3F34F.e.11524/click - {}
RESULT: {}
COMMAND: POST /session/48ce7485e2c64a68d867c0ed65041780/element - {"using":"xpath","value":"//span[contains(text(), \"English\")]"}
COMMAND: GET /session/48ce7485e2c64a68d867c0ed65041780/screenshot - {}
RESULT: {"using":"xpath","value":"//span[contains(text(), \"English\")]"}
COMMAND: POST /session/48ce7485e2c64a68d867c0ed65041780/element/f.1999790E03A964CB3378C0A271C2A0DB.d.A6C1245189494DE32924C703E1A3F34F.e.11525/click - {}
RESULT: {}
RESULT: {}
RESULT: undefined
COMMAND: POST /session/48ce7485e2c64a68d867c0ed65041780/execute/async - {"script":"<script> [776 bytes]","args":[{"enterText":"Rosario","selector":{"id":"application-manageyards-display-component---NewYard--addressDetailDetailsCity1","interaction":{"idSuffix":"inner"}},"clearTextFirst":true,"interactionType":"ENTER_TEXT"}]}
COMMAND: GET /session/48ce7485e2c64a68d867c0ed65041780/screenshot - {}
RESULT: {"script":"<script> [776 bytes]","args":[{"enterText":"Rosario","selector":{"id":"application-manageyards-display-component---NewYard--addressDetailDetailsCity1","interaction":{"idSuffix":"inner"}},"clearTextFirst":true,"interactionType":"ENTER_TEXT"}]}
RESULT: undefined
COMMAND: POST /session/48ce7485e2c64a68d867c0ed65041780/element - {"using":"xpath","value":"//*[@id=\"application-manageyards-display-component---NewYard--addressDetailDetailsCountry-arrow\"]"}
RESULT: {}
RESULT: {"using":"xpath","value":"//*[@id=\"application-manageyards-display-component---NewYard--addressDetailDetailsCountry-arrow\"]"}
COMMAND: POST /session/48ce7485e2c64a68d867c0ed65041780/element/f.1999790E03A964CB3378C0A271C2A0DB.d.A6C1245189494DE32924C703E1A3F34F.e.11526/click - {}
RESULT: {}
COMMAND: POST /session/48ce7485e2c64a68d867c0ed65041780/element - {"using":"xpath","value":"//span[contains(text(), \"Argentina\")]"}
COMMAND: GET /session/48ce7485e2c64a68d867c0ed65041780/screenshot - {}
RESULT: {"using":"xpath","value":"//span[contains(text(), \"Argentina\")]"}
COMMAND: POST /session/48ce7485e2c64a68d867c0ed65041780/element/f.1999790E03A964CB3378C0A271C2A0DB.d.A6C1245189494DE32924C703E1A3F34F.e.11528/click - {}
RESULT: {}
RESULT: {}
RESULT: undefined
COMMAND: POST /session/48ce7485e2c64a68d867c0ed65041780/element - {"using":"xpath","value":"//*[@id=\"application-manageyards-display-component---NewYard--addressEditDetailsCostObjectCstType-arrow\"]"}
COMMAND: GET /session/48ce7485e2c64a68d867c0ed65041780/screenshot - {}
RESULT: {"using":"xpath","value":"//*[@id=\"application-manageyards-display-component---NewYard--addressEditDetailsCostObjectCstType-arrow\"]"}
COMMAND: POST /session/48ce7485e2c64a68d867c0ed65041780/element/f.1999790E03A964CB3378C0A271C2A0DB.d.A6C1245189494DE32924C703E1A3F34F.e.11529/click - {}
RESULT: {}
RESULT: {}
COMMAND: POST /session/48ce7485e2c64a68d867c0ed65041780/element - {"using":"xpath","value":"//span[contains(text(), \"Cost Center\")]"}
COMMAND: GET /session/48ce7485e2c64a68d867c0ed65041780/screenshot - {}
RESULT: {"using":"xpath","value":"//span[contains(text(), \"Cost Center\")]"}
COMMAND: POST /session/48ce7485e2c64a68d867c0ed65041780/element/f.1999790E03A964CB3378C0A271C2A0DB.d.A6C1245189494DE32924C703E1A3F34F.e.11530/click - {}
RESULT: {}
RESULT: {}
COMMAND: GET /session/48ce7485e2c64a68d867c0ed65041780/screenshot - {}
RESULT: {}
COMMAND: POST /session/48ce7485e2c64a68d867c0ed65041780/element - {"using":"xpath","value":"//span[@id=\"application-manageyards-display-component---NewYard--addressNewCostObjectCstID-vhi\"]"}
RESULT: {"using":"xpath","value":"//span[@id=\"application-manageyards-display-component---NewYard--addressNewCostObjectCstID-vhi\"]"}
COMMAND: POST /session/48ce7485e2c64a68d867c0ed65041780/execute/sync - {"script":"<script> [8489 bytes]","args":[{"element-6066-11e4-a52e-4f735466cecf":"f.1999790E03A964CB3378C0A271C2A0DB.d.A6C1245189494DE32924C703E1A3F34F.e.11534","ELEMENT":"f.1999790E03A964CB3378C0A271C2A0DB.d.A6C1245189494DE32924C703E1A3F34F.e.11534"}]}
RESULT: {"script":"<script> [8489 bytes]","args":[{"element-6066-11e4-a52e-4f735466cecf":"f.1999790E03A964CB3378C0A271C2A0DB.d.A6C1245189494DE32924C703E1A3F34F.e.11534","ELEMENT":"f.1999790E03A964CB3378C0A271C2A0DB.d.A6C1245189494DE32924C703E1A3F34F.e.11534"}]}
RESULT: undefined
COMMAND: POST /session/48ce7485e2c64a68d867c0ed65041780/element - {"using":"xpath","value":"//*[@id=\"application-manageyards-display-component---NewYard--addressNewCostObjectCstID-vhi\"]"}
COMMAND: GET /session/48ce7485e2c64a68d867c0ed65041780/screenshot - {}
RESULT: {"using":"xpath","value":"//*[@id=\"application-manageyards-display-component---NewYard--addressNewCostObjectCstID-vhi\"]"}
COMMAND: POST /session/48ce7485e2c64a68d867c0ed65041780/element/f.1999790E03A964CB3378C0A271C2A0DB.d.A6C1245189494DE32924C703E1A3F34F.e.11534/click - {}
RESULT: {}
RESULT: {}
COMMAND: GET /session/48ce7485e2c64a68d867c0ed65041780/screenshot - {}
RESULT: {}
RESULT: undefined
COMMAND: POST /session/48ce7485e2c64a68d867c0ed65041780/execute/async - {"script":"<script> [776 bytes]","args":[{"enterText":"bauh_b","selector":{"controlType":"sap.m.SearchField","properties":{"placeholder":"Search"},"searchOpenDialogs":true,"interaction":{"idSuffix":"I"}},"clearTextFirst":true,"interactionType":"ENTER_TEXT"}]}
RESULT: {"script":"<script> [776 bytes]","args":[{"enterText":"bauh_b","selector":{"controlType":"sap.m.SearchField","properties":{"placeholder":"Search"},"searchOpenDialogs":true,"interaction":{"idSuffix":"I"}},"clearTextFirst":true,"interactionType":"ENTER_TEXT"}]}
COMMAND: POST /session/48ce7485e2c64a68d867c0ed65041780/actions - {"actions":[{"id":"action28","type":"key","parameters":{},"actions":[{"type":"keyDown","value":""},{"type":"pause","duration":10},{"type":"keyUp","value":""}]}]}
RESULT: {"actions":[{"id":"action28","type":"key","parameters":{},"actions":[{"type":"keyDown","value":""},{"type":"pause","duration":10},{"type":"keyUp","value":""}]}]}
COMMAND: GET /session/48ce7485e2c64a68d867c0ed65041780/screenshot - {}
RESULT: {}
COMMAND: POST /session/48ce7485e2c64a68d867c0ed65041780/element - {"using":"xpath","value":"//span[contains(text(), \"Demo Yard\")]"}
RESULT: {"using":"xpath","value":"//span[contains(text(), \"Demo Yard\")]"}
COMMAND: POST /session/48ce7485e2c64a68d867c0ed65041780/element/f.1999790E03A964CB3378C0A271C2A0DB.d.A6C1245189494DE32924C703E1A3F34F.e.11573/click - {}
RESULT: {}
COMMAND: GET /session/48ce7485e2c64a68d867c0ed65041780/screenshot - {}
RESULT: {}
COMMAND: POST /session/48ce7485e2c64a68d867c0ed65041780/element - {"using":"xpath","value":"//bdi[contains(text(), \"OK\")]"}
RESULT: {"using":"xpath","value":"//bdi[contains(text(), \"OK\")]"}
COMMAND: POST /session/48ce7485e2c64a68d867c0ed65041780/element/f.1999790E03A964CB3378C0A271C2A0DB.d.A6C1245189494DE32924C703E1A3F34F.e.11574/click - {}
RESULT: {}
COMMAND: GET /session/48ce7485e2c64a68d867c0ed65041780/screenshot - {}
RESULT: {}
RESULT: undefined
COMMAND: POST /session/48ce7485e2c64a68d867c0ed65041780/element - {"using":"xpath","value":"//*[@id=\"application-manageyards-display-component---NewYard--addressEditDetailsCurrency-arrow\"]"}
RESULT: {"using":"xpath","value":"//*[@id=\"application-manageyards-display-component---NewYard--addressEditDetailsCurrency-arrow\"]"}
COMMAND: POST /session/48ce7485e2c64a68d867c0ed65041780/element/f.1999790E03A964CB3378C0A271C2A0DB.d.A6C1245189494DE32924C703E1A3F34F.e.11577/click - {}
RESULT: {}
COMMAND: POST /session/48ce7485e2c64a68d867c0ed65041780/element - {"using":"xpath","value":"//span[contains(text(), \"Euro\")]"}
COMMAND: GET /session/48ce7485e2c64a68d867c0ed65041780/screenshot - {}
RESULT: {"using":"xpath","value":"//span[contains(text(), \"Euro\")]"}
COMMAND: POST /session/48ce7485e2c64a68d867c0ed65041780/element/f.1999790E03A964CB3378C0A271C2A0DB.d.A6C1245189494DE32924C703E1A3F34F.e.11578/click - {}
RESULT: {}
RESULT: {}
RESULT: undefined
COMMAND: POST /session/48ce7485e2c64a68d867c0ed65041780/execute/async - {"script":"<script> [776 bytes]","args":[{"enterText":"Z001","selector":{"controlType":"sap.m.Input","viewName":"etm.portal.ui.manageyards.view.New","viewId":"application-manageyards-display-component---NewYard","bindingPath":{"path":"","propertyPath":"/CONTROLLING_AREA","modelName":"NewYardModel"},"interaction":{"idSuffix":"inner"}},"clearTextFirst":true,"interactionType":"ENTER_TEXT"}]}
COMMAND: GET /session/48ce7485e2c64a68d867c0ed65041780/screenshot - {}
RESULT: {"script":"<script> [776 bytes]","args":[{"enterText":"Z001","selector":{"controlType":"sap.m.Input","viewName":"etm.portal.ui.manageyards.view.New","viewId":"application-manageyards-display-component---NewYard","bindingPath":{"path":"","propertyPath":"/CONTROLLING_AREA","modelName":"NewYardModel"},"interaction":{"idSuffix":"inner"}},"clearTextFirst":true,"interactionType":"ENTER_TEXT"}]}
RESULT: undefined
COMMAND: POST /session/48ce7485e2c64a68d867c0ed65041780/execute/async - {"script":"<script> [776 bytes]","args":[{"enterText":"1000","selector":{"id":"application-manageyards-display-component---NewYard--companyCodeComboBox","interaction":{"idSuffix":"inner"}},"clearTextFirst":true,"interactionType":"ENTER_TEXT"}]}
RESULT: {}
RESULT: {"script":"<script> [776 bytes]","args":[{"enterText":"1000","selector":{"id":"application-manageyards-display-component---NewYard--companyCodeComboBox","interaction":{"idSuffix":"inner"}},"clearTextFirst":true,"interactionType":"ENTER_TEXT"}]}
RESULT: undefined
COMMAND: POST /session/48ce7485e2c64a68d867c0ed65041780/execute/async - {"script":"<script> [776 bytes]","args":[{"enterText":"1001","selector":{"controlType":"sap.m.Input","viewName":"etm.portal.ui.manageyards.view.New","viewId":"application-manageyards-display-component---NewYard","bindingPath":{"path":"","propertyPath":"/PLANT","modelName":"NewYardModel"},"interaction":{"idSuffix":"inner"}},"clearTextFirst":true,"interactionType":"ENTER_TEXT"}]}
RESULT: {"script":"<script> [776 bytes]","args":[{"enterText":"1001","selector":{"controlType":"sap.m.Input","viewName":"etm.portal.ui.manageyards.view.New","viewId":"application-manageyards-display-component---NewYard","bindingPath":{"path":"","propertyPath":"/PLANT","modelName":"NewYardModel"},"interaction":{"idSuffix":"inner"}},"clearTextFirst":true,"interactionType":"ENTER_TEXT"}]}
RESULT: undefined
COMMAND: POST /session/48ce7485e2c64a68d867c0ed65041780/execute/async - {"script":"<script> [776 bytes]","args":[{"enterText":"C002","selector":{"controlType":"sap.m.Input","viewName":"etm.portal.ui.manageyards.view.New","viewId":"application-manageyards-display-component---NewYard","bindingPath":{"path":"","propertyPath":"/SALES_AREA_VKORG","modelName":"NewYardModel"},"interaction":{"idSuffix":"inner"}},"clearTextFirst":true,"interactionType":"ENTER_TEXT"}]}
RESULT: {"script":"<script> [776 bytes]","args":[{"enterText":"C002","selector":{"controlType":"sap.m.Input","viewName":"etm.portal.ui.manageyards.view.New","viewId":"application-manageyards-display-component---NewYard","bindingPath":{"path":"","propertyPath":"/SALES_AREA_VKORG","modelName":"NewYardModel"},"interaction":{"idSuffix":"inner"}},"clearTextFirst":true,"interactionType":"ENTER_TEXT"}]}
RESULT: undefined
COMMAND: POST /session/48ce7485e2c64a68d867c0ed65041780/execute/async - {"script":"<script> [776 bytes]","args":[{"enterText":"C2","selector":{"controlType":"sap.m.Input","viewName":"etm.portal.ui.manageyards.view.New","viewId":"application-manageyards-display-component---NewYard","bindingPath":{"path":"","propertyPath":"/SALES_AREA_VTWEG","modelName":"NewYardModel"},"interaction":{"idSuffix":"inner"}},"clearTextFirst":true,"interactionType":"ENTER_TEXT"}]}
RESULT: {"script":"<script> [776 bytes]","args":[{"enterText":"C2","selector":{"controlType":"sap.m.Input","viewName":"etm.portal.ui.manageyards.view.New","viewId":"application-manageyards-display-component---NewYard","bindingPath":{"path":"","propertyPath":"/SALES_AREA_VTWEG","modelName":"NewYardModel"},"interaction":{"idSuffix":"inner"}},"clearTextFirst":true,"interactionType":"ENTER_TEXT"}]}
RESULT: undefined
COMMAND: POST /session/48ce7485e2c64a68d867c0ed65041780/execute/async - {"script":"<script> [776 bytes]","args":[{"enterText":"C2","selector":{"controlType":"sap.m.Input","viewName":"etm.portal.ui.manageyards.view.New","viewId":"application-manageyards-display-component---NewYard","bindingPath":{"path":"","propertyPath":"/SALES_AREA_SPART","modelName":"NewYardModel"},"interaction":{"idSuffix":"inner"}},"clearTextFirst":true,"interactionType":"ENTER_TEXT"}]}
RESULT: {"script":"<script> [776 bytes]","args":[{"enterText":"C2","selector":{"controlType":"sap.m.Input","viewName":"etm.portal.ui.manageyards.view.New","viewId":"application-manageyards-display-component---NewYard","bindingPath":{"path":"","propertyPath":"/SALES_AREA_SPART","modelName":"NewYardModel"},"interaction":{"idSuffix":"inner"}},"clearTextFirst":true,"interactionType":"ENTER_TEXT"}]}
RESULT: undefined
COMMAND: POST /session/48ce7485e2c64a68d867c0ed65041780/execute/async - {"script":"<script> [776 bytes]","args":[{"enterText":"1710","selector":{"controlType":"sap.m.Input","viewName":"etm.portal.ui.manageyards.view.New","viewId":"application-manageyards-display-component---NewYard","bindingPath":{"path":"","propertyPath":"/SHIP_POINT","modelName":"NewYardModel"},"interaction":{"idSuffix":"inner"}},"clearTextFirst":true,"interactionType":"ENTER_TEXT"}]}
RESULT: {"script":"<script> [776 bytes]","args":[{"enterText":"1710","selector":{"controlType":"sap.m.Input","viewName":"etm.portal.ui.manageyards.view.New","viewId":"application-manageyards-display-component---NewYard","bindingPath":{"path":"","propertyPath":"/SHIP_POINT","modelName":"NewYardModel"},"interaction":{"idSuffix":"inner"}},"clearTextFirst":true,"interactionType":"ENTER_TEXT"}]}
RESULT: undefined
COMMAND: POST /session/48ce7485e2c64a68d867c0ed65041780/execute/async - {"script":"<script> [776 bytes]","args":[{"enterText":"ZL01","selector":{"controlType":"sap.m.Input","viewName":"etm.portal.ui.manageyards.view.New","viewId":"application-manageyards-display-component---NewYard","bindingPath":{"path":"","propertyPath":"/DELIVERY_TYPE","modelName":"NewYardModel"},"interaction":{"idSuffix":"inner"}},"clearTextFirst":true,"interactionType":"ENTER_TEXT"}]}
RESULT: {"script":"<script> [776 bytes]","args":[{"enterText":"ZL01","selector":{"controlType":"sap.m.Input","viewName":"etm.portal.ui.manageyards.view.New","viewId":"application-manageyards-display-component---NewYard","bindingPath":{"path":"","propertyPath":"/DELIVERY_TYPE","modelName":"NewYardModel"},"interaction":{"idSuffix":"inner"}},"clearTextFirst":true,"interactionType":"ENTER_TEXT"}]}
RESULT: undefined
COMMAND: POST /session/48ce7485e2c64a68d867c0ed65041780/execute/async - {"script":"<script> [776 bytes]","args":[{"enterText":"TA","selector":{"controlType":"sap.m.Input","viewName":"etm.portal.ui.manageyards.view.New","viewId":"application-manageyards-display-component---NewYard","bindingPath":{"path":"","propertyPath":"/AUART","modelName":"NewYardModel"},"interaction":{"idSuffix":"inner"}},"clearTextFirst":true,"interactionType":"ENTER_TEXT"}]}
RESULT: {"script":"<script> [776 bytes]","args":[{"enterText":"TA","selector":{"controlType":"sap.m.Input","viewName":"etm.portal.ui.manageyards.view.New","viewId":"application-manageyards-display-component---NewYard","bindingPath":{"path":"","propertyPath":"/AUART","modelName":"NewYardModel"},"interaction":{"idSuffix":"inner"}},"clearTextFirst":true,"interactionType":"ENTER_TEXT"}]}
COMMAND: POST /session/48ce7485e2c64a68d867c0ed65041780/execute/async - {"script":"<script> [1562 bytes]","args":[{"selector":{"id":"application-manageyards-display-component---NewYard--whmCheckBox","interaction":{"idSuffix":"CbBg"}},"wdio_ui5_key":"applicationmanageyards-display-component---NewYard--whmCheckBox"}]}
RESULT: {"script":"<script> [1562 bytes]","args":[{"selector":{"id":"application-manageyards-display-component---NewYard--whmCheckBox","interaction":{"idSuffix":"CbBg"}},"wdio_ui5_key":"applicationmanageyards-display-component---NewYard--whmCheckBox"}]}
RESULT: undefined
COMMAND: POST /session/48ce7485e2c64a68d867c0ed65041780/element - {"using":"xpath","value":"//*[@id=\"application-manageyards-display-component---NewYard--whmCheckBox\"]"}
RESULT: {"using":"xpath","value":"//*[@id=\"application-manageyards-display-component---NewYard--whmCheckBox\"]"}
COMMAND: POST /session/48ce7485e2c64a68d867c0ed65041780/element/f.1999790E03A964CB3378C0A271C2A0DB.d.A6C1245189494DE32924C703E1A3F34F.e.11588/click - {}
RESULT: {}
COMMAND: GET /session/48ce7485e2c64a68d867c0ed65041780/screenshot - {}
RESULT: {}
COMMAND: POST /session/48ce7485e2c64a68d867c0ed65041780/element - {"using":"xpath","value":"//button[@data-kt=\"newYardSaveButton\"]"}
RESULT: {"using":"xpath","value":"//button[@data-kt=\"newYardSaveButton\"]"}
COMMAND: POST /session/48ce7485e2c64a68d867c0ed65041780/element/f.1999790E03A964CB3378C0A271C2A0DB.d.A6C1245189494DE32924C703E1A3F34F.e.11508/click - {}
RESULT: {}
COMMAND: GET /session/48ce7485e2c64a68d867c0ed65041780/screenshot - {}
RESULT: {}
COMMAND: POST /session/48ce7485e2c64a68d867c0ed65041780/element - {"using":"xpath","value":"//header[contains(@id, 'ObjectPageLayout-headerTitle')]/div[1]/div[2]/div[1]/span[1]"}
RESULT: {"using":"xpath","value":"//header[contains(@id, 'ObjectPageLayout-headerTitle')]/div[1]/div[2]/div[1]/span[1]"}
COMMAND: POST /session/48ce7485e2c64a68d867c0ed65041780/elements - {"using":"xpath","value":"//header[contains(@id, 'ObjectPageLayout-headerTitle')]/div[1]/div[2]/div[1]/span[1]"}
RESULT: {"using":"xpath","value":"//header[contains(@id, 'ObjectPageLayout-headerTitle')]/div[1]/div[2]/div[1]/span[1]"}
COMMAND: POST /session/48ce7485e2c64a68d867c0ed65041780/execute/sync - {"script":"<script> [56 bytes]","args":[{"element-6066-11e4-a52e-4f735466cecf":"f.1999790E03A964CB3378C0A271C2A0DB.d.A6C1245189494DE32924C703E1A3F34F.e.11785","ELEMENT":"f.1999790E03A964CB3378C0A271C2A0DB.d.A6C1245189494DE32924C703E1A3F34F.e.11785"}]}
RESULT: {"script":"<script> [56 bytes]","args":[{"element-6066-11e4-a52e-4f735466cecf":"f.1999790E03A964CB3378C0A271C2A0DB.d.A6C1245189494DE32924C703E1A3F34F.e.11785","ELEMENT":"f.1999790E03A964CB3378C0A271C2A0DB.d.A6C1245189494DE32924C703E1A3F34F.e.11785"}]}
COMMAND: GET /session/48ce7485e2c64a68d867c0ed65041780/screenshot - {}
RESULT: {}
COMMAND: POST /session/48ce7485e2c64a68d867c0ed65041780/element - {"using":"css selector","value":"#shell-header-logo"}
RESULT: {"using":"css selector","value":"#shell-header-logo"}
COMMAND: POST /session/48ce7485e2c64a68d867c0ed65041780/element/f.1999790E03A964CB3378C0A271C2A0DB.d.A6C1245189494DE32924C703E1A3F34F.e.11059/click - {}
RESULT: {}
COMMAND: GET /session/48ce7485e2c64a68d867c0ed65041780/screenshot - {}
RESULT: {}
COMMAND: POST /session/48ce7485e2c64a68d867c0ed65041780/execute/sync - {"script":"<script> [299 bytes]","args":[["getModel","getResource"]]}
RESULT: {"script":"<script> [299 bytes]","args":[["getModel","getResource"]]}
]]></system-out>
    </testcase>
    <testcase classname="chrome.136_0_7103_93.windows.Create_partner_US118246" name="Should create new external WHM partner" time="88.43">
      <system-out><![CDATA[
COMMAND: GET /session/48ce7485e2c64a68d867c0ed65041780/screenshot - {}
COMMAND: POST /session/48ce7485e2c64a68d867c0ed65041780/window/fullscreen - {}
RESULT: {}
RESULT: {}
RESULT: undefined
COMMAND: POST /session/48ce7485e2c64a68d867c0ed65041780/element - {"using":"xpath","value":"//*[@id=\"__tile38\"]"}
RESULT: {"using":"xpath","value":"//*[@id=\"__tile38\"]"}
COMMAND: POST /session/48ce7485e2c64a68d867c0ed65041780/element/f.1999790E03A964CB3378C0A271C2A0DB.d.A6C1245189494DE32924C703E1A3F34F.e.9513/click - {}
RESULT: {}
COMMAND: GET /session/48ce7485e2c64a68d867c0ed65041780/screenshot - {}
RESULT: {}
COMMAND: POST /session/48ce7485e2c64a68d867c0ed65041780/elements - {"using":"xpath","value":"//span[text()='Error']"}
RESULT: {"using":"xpath","value":"//span[text()='Error']"}
COMMAND: POST /session/48ce7485e2c64a68d867c0ed65041780/element - {"using":"xpath","value":"//button[@data-kt=\"addButton\"]"}
RESULT: {"using":"xpath","value":"//button[@data-kt=\"addButton\"]"}
COMMAND: POST /session/48ce7485e2c64a68d867c0ed65041780/elements - {"using":"xpath","value":"//button[@data-kt=\"addButton\"]"}
RESULT: {"using":"xpath","value":"//button[@data-kt=\"addButton\"]"}
COMMAND: POST /session/48ce7485e2c64a68d867c0ed65041780/execute/sync - {"script":"<script> [8489 bytes]","args":[{"element-6066-11e4-a52e-4f735466cecf":"f.1999790E03A964CB3378C0A271C2A0DB.d.A6C1245189494DE32924C703E1A3F34F.e.11822","ELEMENT":"f.1999790E03A964CB3378C0A271C2A0DB.d.A6C1245189494DE32924C703E1A3F34F.e.11822"}]}
RESULT: {"script":"<script> [8489 bytes]","args":[{"element-6066-11e4-a52e-4f735466cecf":"f.1999790E03A964CB3378C0A271C2A0DB.d.A6C1245189494DE32924C703E1A3F34F.e.11822","ELEMENT":"f.1999790E03A964CB3378C0A271C2A0DB.d.A6C1245189494DE32924C703E1A3F34F.e.11822"}]}
COMMAND: GET /session/48ce7485e2c64a68d867c0ed65041780/element/f.1999790E03A964CB3378C0A271C2A0DB.d.A6C1245189494DE32924C703E1A3F34F.e.11822/enabled - {}
COMMAND: GET /session/48ce7485e2c64a68d867c0ed65041780/screenshot - {}
RESULT: {}
COMMAND: POST /session/48ce7485e2c64a68d867c0ed65041780/execute/sync - {"script":"<script> [8489 bytes]","args":[{"element-6066-11e4-a52e-4f735466cecf":"f.1999790E03A964CB3378C0A271C2A0DB.d.A6C1245189494DE32924C703E1A3F34F.e.11822","ELEMENT":"f.1999790E03A964CB3378C0A271C2A0DB.d.A6C1245189494DE32924C703E1A3F34F.e.11822"}]}
COMMAND: GET /session/48ce7485e2c64a68d867c0ed65041780/screenshot - {}
RESULT: {}
RESULT: {"script":"<script> [8489 bytes]","args":[{"element-6066-11e4-a52e-4f735466cecf":"f.1999790E03A964CB3378C0A271C2A0DB.d.A6C1245189494DE32924C703E1A3F34F.e.11822","ELEMENT":"f.1999790E03A964CB3378C0A271C2A0DB.d.A6C1245189494DE32924C703E1A3F34F.e.11822"}]}
COMMAND: POST /session/48ce7485e2c64a68d867c0ed65041780/execute/sync - {"script":"<script> [5351 bytes]","args":[{"element-6066-11e4-a52e-4f735466cecf":"f.1999790E03A964CB3378C0A271C2A0DB.d.A6C1245189494DE32924C703E1A3F34F.e.11822","ELEMENT":"f.1999790E03A964CB3378C0A271C2A0DB.d.A6C1245189494DE32924C703E1A3F34F.e.11822"}]}
COMMAND: GET /session/48ce7485e2c64a68d867c0ed65041780/screenshot - {}
RESULT: {}
RESULT: {"script":"<script> [5351 bytes]","args":[{"element-6066-11e4-a52e-4f735466cecf":"f.1999790E03A964CB3378C0A271C2A0DB.d.A6C1245189494DE32924C703E1A3F34F.e.11822","ELEMENT":"f.1999790E03A964CB3378C0A271C2A0DB.d.A6C1245189494DE32924C703E1A3F34F.e.11822"}]}
COMMAND: POST /session/48ce7485e2c64a68d867c0ed65041780/element/f.1999790E03A964CB3378C0A271C2A0DB.d.A6C1245189494DE32924C703E1A3F34F.e.11822/click - {}
COMMAND: GET /session/48ce7485e2c64a68d867c0ed65041780/screenshot - {}
RESULT: {}
RESULT: {}
COMMAND: GET /session/48ce7485e2c64a68d867c0ed65041780/screenshot - {}
RESULT: undefined
COMMAND: POST /session/48ce7485e2c64a68d867c0ed65041780/execute/async - {"script":"<script> [776 bytes]","args":[{"enterText":"External Partner WDIO","selector":{"id":"application-managepartners-display-component---NewPartner--addressDetailDetailsName1","interaction":{"idSuffix":"inner"}},"clearTextFirst":true,"interactionType":"ENTER_TEXT"}]}
RESULT: {}
RESULT: {}
RESULT: {"script":"<script> [776 bytes]","args":[{"enterText":"External Partner WDIO","selector":{"id":"application-managepartners-display-component---NewPartner--addressDetailDetailsName1","interaction":{"idSuffix":"inner"}},"clearTextFirst":true,"interactionType":"ENTER_TEXT"}]}
RESULT: undefined
COMMAND: POST /session/48ce7485e2c64a68d867c0ed65041780/element - {"using":"xpath","value":"//*[@id=\"application-managepartners-display-component---NewPartner--addressDetailDetailsLanguage-arrow\"]"}
RESULT: {"using":"xpath","value":"//*[@id=\"application-managepartners-display-component---NewPartner--addressDetailDetailsLanguage-arrow\"]"}
COMMAND: POST /session/48ce7485e2c64a68d867c0ed65041780/element/f.1999790E03A964CB3378C0A271C2A0DB.d.A6C1245189494DE32924C703E1A3F34F.e.12268/click - {}
RESULT: {}
COMMAND: POST /session/48ce7485e2c64a68d867c0ed65041780/element - {"using":"xpath","value":"//span[contains(text(), \"English\")]"}
COMMAND: GET /session/48ce7485e2c64a68d867c0ed65041780/screenshot - {}
RESULT: {"using":"xpath","value":"//span[contains(text(), \"English\")]"}
COMMAND: POST /session/48ce7485e2c64a68d867c0ed65041780/element/f.1999790E03A964CB3378C0A271C2A0DB.d.A6C1245189494DE32924C703E1A3F34F.e.12269/click - {}
RESULT: {}
RESULT: {}
COMMAND: GET /session/48ce7485e2c64a68d867c0ed65041780/screenshot - {}
RESULT: {}
RESULT: undefined
COMMAND: POST /session/48ce7485e2c64a68d867c0ed65041780/execute/async - {"script":"<script> [776 bytes]","args":[{"enterText":"Rosario","selector":{"id":"application-managepartners-display-component---NewPartner--addressDetailDetailsCity1","interaction":{"idSuffix":"inner"}},"clearTextFirst":true,"interactionType":"ENTER_TEXT"}]}
RESULT: {"script":"<script> [776 bytes]","args":[{"enterText":"Rosario","selector":{"id":"application-managepartners-display-component---NewPartner--addressDetailDetailsCity1","interaction":{"idSuffix":"inner"}},"clearTextFirst":true,"interactionType":"ENTER_TEXT"}]}
RESULT: undefined
COMMAND: POST /session/48ce7485e2c64a68d867c0ed65041780/element - {"using":"xpath","value":"//*[@id=\"application-managepartners-display-component---NewPartner--addressDetailDetailsCountry-arrow\"]"}
RESULT: {"using":"xpath","value":"//*[@id=\"application-managepartners-display-component---NewPartner--addressDetailDetailsCountry-arrow\"]"}
COMMAND: POST /session/48ce7485e2c64a68d867c0ed65041780/element/f.1999790E03A964CB3378C0A271C2A0DB.d.A6C1245189494DE32924C703E1A3F34F.e.12258/click - {}
RESULT: {}
COMMAND: POST /session/48ce7485e2c64a68d867c0ed65041780/element - {"using":"xpath","value":"//span[contains(text(), \"Argentina\")]"}
COMMAND: GET /session/48ce7485e2c64a68d867c0ed65041780/screenshot - {}
RESULT: {"using":"xpath","value":"//span[contains(text(), \"Argentina\")]"}
COMMAND: POST /session/48ce7485e2c64a68d867c0ed65041780/element/f.1999790E03A964CB3378C0A271C2A0DB.d.A6C1245189494DE32924C703E1A3F34F.e.12270/click - {}
RESULT: {}
RESULT: {}
COMMAND: GET /session/48ce7485e2c64a68d867c0ed65041780/screenshot - {}
RESULT: {}
COMMAND: POST /session/48ce7485e2c64a68d867c0ed65041780/element - {"using":"xpath","value":"//bdi[contains(text(), \"Commercial\")]"}
RESULT: {"using":"xpath","value":"//bdi[contains(text(), \"Commercial\")]"}
COMMAND: POST /session/48ce7485e2c64a68d867c0ed65041780/element/f.1999790E03A964CB3378C0A271C2A0DB.d.A6C1245189494DE32924C703E1A3F34F.e.12271/click - {}
RESULT: {}
COMMAND: GET /session/48ce7485e2c64a68d867c0ed65041780/screenshot - {}
RESULT: {}
RESULT: undefined
COMMAND: POST /session/48ce7485e2c64a68d867c0ed65041780/element - {"using":"xpath","value":"//*[@id=\"application-managepartners-display-component---NewPartner--partnerDetailInternal-arrow\"]"}
RESULT: {"using":"xpath","value":"//*[@id=\"application-managepartners-display-component---NewPartner--partnerDetailInternal-arrow\"]"}
COMMAND: POST /session/48ce7485e2c64a68d867c0ed65041780/element/f.1999790E03A964CB3378C0A271C2A0DB.d.A6C1245189494DE32924C703E1A3F34F.e.12277/click - {}
RESULT: {}
COMMAND: POST /session/48ce7485e2c64a68d867c0ed65041780/element - {"using":"xpath","value":"//span[contains(text(), \"External partner\")]"}
COMMAND: GET /session/48ce7485e2c64a68d867c0ed65041780/screenshot - {}
RESULT: {"using":"xpath","value":"//span[contains(text(), \"External partner\")]"}
COMMAND: POST /session/48ce7485e2c64a68d867c0ed65041780/element/f.1999790E03A964CB3378C0A271C2A0DB.d.A6C1245189494DE32924C703E1A3F34F.e.12278/click - {}
RESULT: {}
RESULT: {}
RESULT: undefined
COMMAND: POST /session/48ce7485e2c64a68d867c0ed65041780/element - {"using":"xpath","value":"//*[@id=\"application-managepartners-display-component---NewPartner--partnerDetailsCurrency-arrow\"]"}
COMMAND: GET /session/48ce7485e2c64a68d867c0ed65041780/screenshot - {}
RESULT: {"using":"xpath","value":"//*[@id=\"application-managepartners-display-component---NewPartner--partnerDetailsCurrency-arrow\"]"}
COMMAND: POST /session/48ce7485e2c64a68d867c0ed65041780/element/f.1999790E03A964CB3378C0A271C2A0DB.d.A6C1245189494DE32924C703E1A3F34F.e.12283/click - {}
RESULT: {}
RESULT: {}
COMMAND: POST /session/48ce7485e2c64a68d867c0ed65041780/element - {"using":"xpath","value":"//span[contains(text(), \"US Dollar\")]"}
COMMAND: GET /session/48ce7485e2c64a68d867c0ed65041780/screenshot - {}
RESULT: {"using":"xpath","value":"//span[contains(text(), \"US Dollar\")]"}
COMMAND: POST /session/48ce7485e2c64a68d867c0ed65041780/element/f.1999790E03A964CB3378C0A271C2A0DB.d.A6C1245189494DE32924C703E1A3F34F.e.12284/click - {}
RESULT: {}
RESULT: {}
COMMAND: GET /session/48ce7485e2c64a68d867c0ed65041780/screenshot - {}
RESULT: {}
COMMAND: POST /session/48ce7485e2c64a68d867c0ed65041780/element - {"using":"xpath","value":"//input[@id=\"application-managepartners-display-component---NewPartner--companyCodeComboBox-inner\"]"}
RESULT: {"using":"xpath","value":"//input[@id=\"application-managepartners-display-component---NewPartner--companyCodeComboBox-inner\"]"}
COMMAND: POST /session/48ce7485e2c64a68d867c0ed65041780/element/f.1999790E03A964CB3378C0A271C2A0DB.d.A6C1245189494DE32924C703E1A3F34F.e.12137/clear - {}
RESULT: {}
COMMAND: POST /session/48ce7485e2c64a68d867c0ed65041780/element/f.1999790E03A964CB3378C0A271C2A0DB.d.A6C1245189494DE32924C703E1A3F34F.e.12137/value - {"text":"C002"}
COMMAND: GET /session/48ce7485e2c64a68d867c0ed65041780/screenshot - {}
RESULT: {"text":"C002"}
COMMAND: GET /session/48ce7485e2c64a68d867c0ed65041780/screenshot - {}
RESULT: {}
RESULT: {}
COMMAND: POST /session/48ce7485e2c64a68d867c0ed65041780/element - {"using":"xpath","value":"//li[.//span[text()= \"C002\"]]"}
RESULT: {"using":"xpath","value":"//li[.//span[text()= \"C002\"]]"}
COMMAND: POST /session/48ce7485e2c64a68d867c0ed65041780/element/f.1999790E03A964CB3378C0A271C2A0DB.d.A6C1245189494DE32924C703E1A3F34F.e.12288/click - {}
RESULT: {}
COMMAND: GET /session/48ce7485e2c64a68d867c0ed65041780/screenshot - {}
RESULT: {}
RESULT: undefined
COMMAND: POST /session/48ce7485e2c64a68d867c0ed65041780/element - {"using":"xpath","value":"//*[@id=\"application-managepartners-display-component---NewPartner--btnAddTableRow-img\"]"}
RESULT: {"using":"xpath","value":"//*[@id=\"application-managepartners-display-component---NewPartner--btnAddTableRow-img\"]"}
COMMAND: POST /session/48ce7485e2c64a68d867c0ed65041780/element/f.1999790E03A964CB3378C0A271C2A0DB.d.A6C1245189494DE32924C703E1A3F34F.e.12289/click - {}
RESULT: {}
COMMAND: GET /session/48ce7485e2c64a68d867c0ed65041780/screenshot - {}
RESULT: {}
COMMAND: POST /session/48ce7485e2c64a68d867c0ed65041780/element - {"using":"xpath","value":"//input[@id=\"application-managepartners-display-component---NewPartner--assignmentYard-application-managepartners-display-component---NewPartner--assignmentsTable-0-inner\"]"}
RESULT: {"using":"xpath","value":"//input[@id=\"application-managepartners-display-component---NewPartner--assignmentYard-application-managepartners-display-component---NewPartner--assignmentsTable-0-inner\"]"}
COMMAND: POST /session/48ce7485e2c64a68d867c0ed65041780/element/f.1999790E03A964CB3378C0A271C2A0DB.d.A6C1245189494DE32924C703E1A3F34F.e.12292/clear - {}
RESULT: {}
COMMAND: POST /session/48ce7485e2c64a68d867c0ed65041780/element/f.1999790E03A964CB3378C0A271C2A0DB.d.A6C1245189494DE32924C703E1A3F34F.e.12292/value - {"text":"287"}
COMMAND: GET /session/48ce7485e2c64a68d867c0ed65041780/screenshot - {}
RESULT: {"text":"287"}
COMMAND: GET /session/48ce7485e2c64a68d867c0ed65041780/screenshot - {}
RESULT: {}
RESULT: {}
COMMAND: POST /session/48ce7485e2c64a68d867c0ed65041780/element - {"using":"xpath","value":"//li[.//span[text()='287']]"}
RESULT: {"using":"xpath","value":"//li[.//span[text()='287']]"}
COMMAND: POST /session/48ce7485e2c64a68d867c0ed65041780/element/f.1999790E03A964CB3378C0A271C2A0DB.d.A6C1245189494DE32924C703E1A3F34F.e.12300/click - {}
RESULT: {}
COMMAND: GET /session/48ce7485e2c64a68d867c0ed65041780/screenshot - {}
RESULT: {}
COMMAND: POST /session/48ce7485e2c64a68d867c0ed65041780/actions - {"actions":[{"id":"action29","type":"key","parameters":{},"actions":[{"type":"keyDown","value":""},{"type":"pause","duration":10},{"type":"keyUp","value":""}]}]}
RESULT: {"actions":[{"id":"action29","type":"key","parameters":{},"actions":[{"type":"keyDown","value":""},{"type":"pause","duration":10},{"type":"keyUp","value":""}]}]}
COMMAND: POST /session/48ce7485e2c64a68d867c0ed65041780/element - {"using":"xpath","value":"//td[contains(@id, \"assignmentsTable-0-cell2\")]/div/div"}
COMMAND: GET /session/48ce7485e2c64a68d867c0ed65041780/screenshot - {}
RESULT: {"using":"xpath","value":"//td[contains(@id, \"assignmentsTable-0-cell2\")]/div/div"}
COMMAND: POST /session/48ce7485e2c64a68d867c0ed65041780/element/f.1999790E03A964CB3378C0A271C2A0DB.d.A6C1245189494DE32924C703E1A3F34F.e.12303/click - {}
RESULT: {}
RESULT: {}
COMMAND: GET /session/48ce7485e2c64a68d867c0ed65041780/screenshot - {}
RESULT: {}
COMMAND: POST /session/48ce7485e2c64a68d867c0ed65041780/element - {"using":"xpath","value":"//button[@data-kt=\"saveButton\"]"}
RESULT: {"using":"xpath","value":"//button[@data-kt=\"saveButton\"]"}
COMMAND: POST /session/48ce7485e2c64a68d867c0ed65041780/element/f.1999790E03A964CB3378C0A271C2A0DB.d.A6C1245189494DE32924C703E1A3F34F.e.12182/click - {}
RESULT: {}
COMMAND: GET /session/48ce7485e2c64a68d867c0ed65041780/screenshot - {}
RESULT: {}
COMMAND: POST /session/48ce7485e2c64a68d867c0ed65041780/element - {"using":"xpath","value":"//header[contains(@id, 'ObjectPageLayout-headerTitle')]/div[1]/div[2]/div[2]/span[1]"}
RESULT: {"using":"xpath","value":"//header[contains(@id, 'ObjectPageLayout-headerTitle')]/div[1]/div[2]/div[2]/span[1]"}
COMMAND: POST /session/48ce7485e2c64a68d867c0ed65041780/elements - {"using":"xpath","value":"//header[contains(@id, 'ObjectPageLayout-headerTitle')]/div[1]/div[2]/div[2]/span[1]"}
RESULT: {"using":"xpath","value":"//header[contains(@id, 'ObjectPageLayout-headerTitle')]/div[1]/div[2]/div[2]/span[1]"}
COMMAND: POST /session/48ce7485e2c64a68d867c0ed65041780/execute/sync - {"script":"<script> [56 bytes]","args":[{"element-6066-11e4-a52e-4f735466cecf":"f.1999790E03A964CB3378C0A271C2A0DB.d.A6C1245189494DE32924C703E1A3F34F.e.12466","ELEMENT":"f.1999790E03A964CB3378C0A271C2A0DB.d.A6C1245189494DE32924C703E1A3F34F.e.12466"}]}
RESULT: {"script":"<script> [56 bytes]","args":[{"element-6066-11e4-a52e-4f735466cecf":"f.1999790E03A964CB3378C0A271C2A0DB.d.A6C1245189494DE32924C703E1A3F34F.e.12466","ELEMENT":"f.1999790E03A964CB3378C0A271C2A0DB.d.A6C1245189494DE32924C703E1A3F34F.e.12466"}]}
COMMAND: POST /session/48ce7485e2c64a68d867c0ed65041780/element - {"using":"css selector","value":"#shell-header-logo"}
COMMAND: GET /session/48ce7485e2c64a68d867c0ed65041780/screenshot - {}
RESULT: {"using":"css selector","value":"#shell-header-logo"}
COMMAND: POST /session/48ce7485e2c64a68d867c0ed65041780/element/f.1999790E03A964CB3378C0A271C2A0DB.d.A6C1245189494DE32924C703E1A3F34F.e.11789/click - {}
RESULT: {}
RESULT: {}
COMMAND: GET /session/48ce7485e2c64a68d867c0ed65041780/screenshot - {}
RESULT: {}
COMMAND: POST /session/48ce7485e2c64a68d867c0ed65041780/execute/sync - {"script":"<script> [299 bytes]","args":[["getModel","getResource"]]}
RESULT: {"script":"<script> [299 bytes]","args":[["getModel","getResource"]]}
COMMAND: GET /session/48ce7485e2c64a68d867c0ed65041780/screenshot - {}
RESULT: {}
COMMAND: DELETE /session/48ce7485e2c64a68d867c0ed65041780 - {}
RESULT: {}
]]></system-out>
    </testcase>
  </testsuite>
</testsuites>