<?xml version="1.0" encoding="UTF-8"?>
<testsuites tests="58" failures="10" errors="10" skipped="0">
  <testsuite timestamp="2025-04-28T17:11:59" time="881.845" tests="11" failures="0" errors="0" skipped="0">
    <properties>
      <property name="specId" value="0" />
      <property name="suiteName" value="Billing confirm US117289" />
      <property name="capabilities" value="chrome.135_0_7049_96.windows" />
      <property name="file" value="file:///D:/a/1/s/test/specs/BTS/billing-confirm.spec.js" />
    </properties>
    <testcase classname="chrome.135_0_7049_96.windows.Billing_confirm_US117289" name="Should create a new yard" time="95.753">
      <system-out><![CDATA[
COMMAND: POST /session/02ea79fddde22fa81bffc0522714798c/window/fullscreen - {}
RESULT: {}
COMMAND: POST /session/02ea79fddde22fa81bffc0522714798c/execute/async - {"script":"<script> [1562 bytes]","args":[{"selector":{"controlType":"sap.m.GenericTile","properties":{"header":"Manage Yards"}},"wdio_ui5_key":"sapm.GenericTile{\"header\":\"Manage Yards\"}"}]}
RESULT: {"script":"<script> [1562 bytes]","args":[{"selector":{"controlType":"sap.m.GenericTile","properties":{"header":"Manage Yards"}},"wdio_ui5_key":"sapm.GenericTile{\"header\":\"Manage Yards\"}"}]}
RESULT: undefined
COMMAND: POST /session/02ea79fddde22fa81bffc0522714798c/element - {"using":"xpath","value":"//*[@id=\"__tile41\"]"}
RESULT: {"using":"xpath","value":"//*[@id=\"__tile41\"]"}
COMMAND: POST /session/02ea79fddde22fa81bffc0522714798c/element/f.CB997DD3A6212A0539B4B9AD4CB02789.d.F8857731B64118E2787558C62AFD741F.e.180/click - {}
RESULT: {}
COMMAND: POST /session/02ea79fddde22fa81bffc0522714798c/element - {"using":"xpath","value":"//button[@data-kt=\"addNewYardOverflowToolbarButton\"]"}
COMMAND: GET /session/02ea79fddde22fa81bffc0522714798c/screenshot - {}
RESULT: {"using":"xpath","value":"//button[@data-kt=\"addNewYardOverflowToolbarButton\"]"}
COMMAND: POST /session/02ea79fddde22fa81bffc0522714798c/elements - {"using":"xpath","value":"//button[@data-kt=\"addNewYardOverflowToolbarButton\"]"}
RESULT: {}
RESULT: {"using":"xpath","value":"//button[@data-kt=\"addNewYardOverflowToolbarButton\"]"}
COMMAND: POST /session/02ea79fddde22fa81bffc0522714798c/elements - {"using":"xpath","value":"//button[@data-kt=\"addNewYardOverflowToolbarButton\"]"}
RESULT: {"using":"xpath","value":"//button[@data-kt=\"addNewYardOverflowToolbarButton\"]"}
COMMAND: POST /session/02ea79fddde22fa81bffc0522714798c/elements - {"using":"xpath","value":"//button[@data-kt=\"addNewYardOverflowToolbarButton\"]"}
RESULT: {"using":"xpath","value":"//button[@data-kt=\"addNewYardOverflowToolbarButton\"]"}
COMMAND: POST /session/02ea79fddde22fa81bffc0522714798c/elements - {"using":"xpath","value":"//button[@data-kt=\"addNewYardOverflowToolbarButton\"]"}
RESULT: {"using":"xpath","value":"//button[@data-kt=\"addNewYardOverflowToolbarButton\"]"}
COMMAND: POST /session/02ea79fddde22fa81bffc0522714798c/elements - {"using":"xpath","value":"//button[@data-kt=\"addNewYardOverflowToolbarButton\"]"}
RESULT: {"using":"xpath","value":"//button[@data-kt=\"addNewYardOverflowToolbarButton\"]"}
COMMAND: POST /session/02ea79fddde22fa81bffc0522714798c/elements - {"using":"xpath","value":"//button[@data-kt=\"addNewYardOverflowToolbarButton\"]"}
RESULT: {"using":"xpath","value":"//button[@data-kt=\"addNewYardOverflowToolbarButton\"]"}
COMMAND: POST /session/02ea79fddde22fa81bffc0522714798c/elements - {"using":"xpath","value":"//button[@data-kt=\"addNewYardOverflowToolbarButton\"]"}
RESULT: {"using":"xpath","value":"//button[@data-kt=\"addNewYardOverflowToolbarButton\"]"}
COMMAND: POST /session/02ea79fddde22fa81bffc0522714798c/elements - {"using":"xpath","value":"//button[@data-kt=\"addNewYardOverflowToolbarButton\"]"}
RESULT: {"using":"xpath","value":"//button[@data-kt=\"addNewYardOverflowToolbarButton\"]"}
COMMAND: POST /session/02ea79fddde22fa81bffc0522714798c/elements - {"using":"xpath","value":"//button[@data-kt=\"addNewYardOverflowToolbarButton\"]"}
RESULT: {"using":"xpath","value":"//button[@data-kt=\"addNewYardOverflowToolbarButton\"]"}
COMMAND: POST /session/02ea79fddde22fa81bffc0522714798c/elements - {"using":"xpath","value":"//button[@data-kt=\"addNewYardOverflowToolbarButton\"]"}
RESULT: {"using":"xpath","value":"//button[@data-kt=\"addNewYardOverflowToolbarButton\"]"}
COMMAND: POST /session/02ea79fddde22fa81bffc0522714798c/elements - {"using":"xpath","value":"//button[@data-kt=\"addNewYardOverflowToolbarButton\"]"}
RESULT: {"using":"xpath","value":"//button[@data-kt=\"addNewYardOverflowToolbarButton\"]"}
COMMAND: POST /session/02ea79fddde22fa81bffc0522714798c/elements - {"using":"xpath","value":"//button[@data-kt=\"addNewYardOverflowToolbarButton\"]"}
RESULT: {"using":"xpath","value":"//button[@data-kt=\"addNewYardOverflowToolbarButton\"]"}
COMMAND: POST /session/02ea79fddde22fa81bffc0522714798c/elements - {"using":"xpath","value":"//button[@data-kt=\"addNewYardOverflowToolbarButton\"]"}
RESULT: {"using":"xpath","value":"//button[@data-kt=\"addNewYardOverflowToolbarButton\"]"}
COMMAND: POST /session/02ea79fddde22fa81bffc0522714798c/elements - {"using":"xpath","value":"//button[@data-kt=\"addNewYardOverflowToolbarButton\"]"}
RESULT: {"using":"xpath","value":"//button[@data-kt=\"addNewYardOverflowToolbarButton\"]"}
COMMAND: POST /session/02ea79fddde22fa81bffc0522714798c/elements - {"using":"xpath","value":"//button[@data-kt=\"addNewYardOverflowToolbarButton\"]"}
RESULT: {"using":"xpath","value":"//button[@data-kt=\"addNewYardOverflowToolbarButton\"]"}
COMMAND: POST /session/02ea79fddde22fa81bffc0522714798c/elements - {"using":"xpath","value":"//button[@data-kt=\"addNewYardOverflowToolbarButton\"]"}
RESULT: {"using":"xpath","value":"//button[@data-kt=\"addNewYardOverflowToolbarButton\"]"}
COMMAND: POST /session/02ea79fddde22fa81bffc0522714798c/elements - {"using":"xpath","value":"//button[@data-kt=\"addNewYardOverflowToolbarButton\"]"}
RESULT: {"using":"xpath","value":"//button[@data-kt=\"addNewYardOverflowToolbarButton\"]"}
COMMAND: POST /session/02ea79fddde22fa81bffc0522714798c/elements - {"using":"xpath","value":"//button[@data-kt=\"addNewYardOverflowToolbarButton\"]"}
RESULT: {"using":"xpath","value":"//button[@data-kt=\"addNewYardOverflowToolbarButton\"]"}
COMMAND: POST /session/02ea79fddde22fa81bffc0522714798c/elements - {"using":"xpath","value":"//button[@data-kt=\"addNewYardOverflowToolbarButton\"]"}
RESULT: {"using":"xpath","value":"//button[@data-kt=\"addNewYardOverflowToolbarButton\"]"}
COMMAND: POST /session/02ea79fddde22fa81bffc0522714798c/elements - {"using":"xpath","value":"//button[@data-kt=\"addNewYardOverflowToolbarButton\"]"}
RESULT: {"using":"xpath","value":"//button[@data-kt=\"addNewYardOverflowToolbarButton\"]"}
COMMAND: POST /session/02ea79fddde22fa81bffc0522714798c/elements - {"using":"xpath","value":"//button[@data-kt=\"addNewYardOverflowToolbarButton\"]"}
RESULT: {"using":"xpath","value":"//button[@data-kt=\"addNewYardOverflowToolbarButton\"]"}
COMMAND: POST /session/02ea79fddde22fa81bffc0522714798c/elements - {"using":"xpath","value":"//button[@data-kt=\"addNewYardOverflowToolbarButton\"]"}
RESULT: {"using":"xpath","value":"//button[@data-kt=\"addNewYardOverflowToolbarButton\"]"}
COMMAND: POST /session/02ea79fddde22fa81bffc0522714798c/elements - {"using":"xpath","value":"//button[@data-kt=\"addNewYardOverflowToolbarButton\"]"}
RESULT: {"using":"xpath","value":"//button[@data-kt=\"addNewYardOverflowToolbarButton\"]"}
COMMAND: POST /session/02ea79fddde22fa81bffc0522714798c/elements - {"using":"xpath","value":"//button[@data-kt=\"addNewYardOverflowToolbarButton\"]"}
RESULT: {"using":"xpath","value":"//button[@data-kt=\"addNewYardOverflowToolbarButton\"]"}
COMMAND: POST /session/02ea79fddde22fa81bffc0522714798c/elements - {"using":"xpath","value":"//button[@data-kt=\"addNewYardOverflowToolbarButton\"]"}
RESULT: {"using":"xpath","value":"//button[@data-kt=\"addNewYardOverflowToolbarButton\"]"}
COMMAND: POST /session/02ea79fddde22fa81bffc0522714798c/elements - {"using":"xpath","value":"//button[@data-kt=\"addNewYardOverflowToolbarButton\"]"}
RESULT: {"using":"xpath","value":"//button[@data-kt=\"addNewYardOverflowToolbarButton\"]"}
COMMAND: POST /session/02ea79fddde22fa81bffc0522714798c/element - {"using":"xpath","value":"//button[@data-kt=\"addNewYardOverflowToolbarButton\"]"}
RESULT: {"using":"xpath","value":"//button[@data-kt=\"addNewYardOverflowToolbarButton\"]"}
COMMAND: POST /session/02ea79fddde22fa81bffc0522714798c/execute/sync - {"script":"<script> [8489 bytes]","args":[{"element-6066-11e4-a52e-4f735466cecf":"f.CB997DD3A6212A0539B4B9AD4CB02789.d.F8857731B64118E2787558C62AFD741F.e.308","ELEMENT":"f.CB997DD3A6212A0539B4B9AD4CB02789.d.F8857731B64118E2787558C62AFD741F.e.308"}]}
RESULT: {"script":"<script> [8489 bytes]","args":[{"element-6066-11e4-a52e-4f735466cecf":"f.CB997DD3A6212A0539B4B9AD4CB02789.d.F8857731B64118E2787558C62AFD741F.e.308","ELEMENT":"f.CB997DD3A6212A0539B4B9AD4CB02789.d.F8857731B64118E2787558C62AFD741F.e.308"}]}
COMMAND: GET /session/02ea79fddde22fa81bffc0522714798c/element/f.CB997DD3A6212A0539B4B9AD4CB02789.d.F8857731B64118E2787558C62AFD741F.e.308/enabled - {}
COMMAND: GET /session/02ea79fddde22fa81bffc0522714798c/screenshot - {}
RESULT: {}
COMMAND: POST /session/02ea79fddde22fa81bffc0522714798c/execute/sync - {"script":"<script> [8489 bytes]","args":[{"element-6066-11e4-a52e-4f735466cecf":"f.CB997DD3A6212A0539B4B9AD4CB02789.d.F8857731B64118E2787558C62AFD741F.e.308","ELEMENT":"f.CB997DD3A6212A0539B4B9AD4CB02789.d.F8857731B64118E2787558C62AFD741F.e.308"}]}
COMMAND: GET /session/02ea79fddde22fa81bffc0522714798c/screenshot - {}
RESULT: {}
RESULT: {"script":"<script> [8489 bytes]","args":[{"element-6066-11e4-a52e-4f735466cecf":"f.CB997DD3A6212A0539B4B9AD4CB02789.d.F8857731B64118E2787558C62AFD741F.e.308","ELEMENT":"f.CB997DD3A6212A0539B4B9AD4CB02789.d.F8857731B64118E2787558C62AFD741F.e.308"}]}
COMMAND: POST /session/02ea79fddde22fa81bffc0522714798c/execute/sync - {"script":"<script> [5351 bytes]","args":[{"element-6066-11e4-a52e-4f735466cecf":"f.CB997DD3A6212A0539B4B9AD4CB02789.d.F8857731B64118E2787558C62AFD741F.e.308","ELEMENT":"f.CB997DD3A6212A0539B4B9AD4CB02789.d.F8857731B64118E2787558C62AFD741F.e.308"}]}
COMMAND: GET /session/02ea79fddde22fa81bffc0522714798c/screenshot - {}
RESULT: {}
RESULT: {"script":"<script> [5351 bytes]","args":[{"element-6066-11e4-a52e-4f735466cecf":"f.CB997DD3A6212A0539B4B9AD4CB02789.d.F8857731B64118E2787558C62AFD741F.e.308","ELEMENT":"f.CB997DD3A6212A0539B4B9AD4CB02789.d.F8857731B64118E2787558C62AFD741F.e.308"}]}
COMMAND: POST /session/02ea79fddde22fa81bffc0522714798c/element/f.CB997DD3A6212A0539B4B9AD4CB02789.d.F8857731B64118E2787558C62AFD741F.e.308/click - {}
COMMAND: GET /session/02ea79fddde22fa81bffc0522714798c/screenshot - {}
RESULT: {}
RESULT: {}
COMMAND: GET /session/02ea79fddde22fa81bffc0522714798c/screenshot - {}
RESULT: {}
RESULT: {}
COMMAND: POST /session/02ea79fddde22fa81bffc0522714798c/element - {"using":"xpath","value":"//input[@id=\"application-manageyards-display-component---NewYard--yardId-inner\"]"}
RESULT: {"using":"xpath","value":"//input[@id=\"application-manageyards-display-component---NewYard--yardId-inner\"]"}
COMMAND: POST /session/02ea79fddde22fa81bffc0522714798c/element - {"using":"xpath","value":"//input[@id=\"application-manageyards-display-component---NewYard--yardId-inner\"]"}
RESULT: {"using":"xpath","value":"//input[@id=\"application-manageyards-display-component---NewYard--yardId-inner\"]"}
COMMAND: POST /session/02ea79fddde22fa81bffc0522714798c/execute/async - {"script":"<script> [1562 bytes]","args":[{"selector":{"id":"application-manageyards-display-component---NewYard--addressDetailDetailsName1","interaction":{"idSuffix":"inner"}},"wdio_ui5_key":"applicationmanageyards-display-component---NewYard--addressDetailDetailsName1"}]}
RESULT: {"script":"<script> [1562 bytes]","args":[{"selector":{"id":"application-manageyards-display-component---NewYard--addressDetailDetailsName1","interaction":{"idSuffix":"inner"}},"wdio_ui5_key":"applicationmanageyards-display-component---NewYard--addressDetailDetailsName1"}]}
RESULT: undefined
COMMAND: POST /session/02ea79fddde22fa81bffc0522714798c/execute/async - {"script":"<script> [776 bytes]","args":[{"enterText":"Intracompany Yard wdIO","selector":{"id":"application-manageyards-display-component---NewYard--addressDetailDetailsName1","interaction":{"idSuffix":"inner"}},"clearTextFirst":true,"interactionType":"ENTER_TEXT"}]}
RESULT: {"script":"<script> [776 bytes]","args":[{"enterText":"Intracompany Yard wdIO","selector":{"id":"application-manageyards-display-component---NewYard--addressDetailDetailsName1","interaction":{"idSuffix":"inner"}},"clearTextFirst":true,"interactionType":"ENTER_TEXT"}]}
COMMAND: POST /session/02ea79fddde22fa81bffc0522714798c/execute/async - {"script":"<script> [1562 bytes]","args":[{"selector":{"id":"application-manageyards-display-component---NewYard--addressDetailDetailsLanguage-arrow"},"wdio_ui5_key":"applicationmanageyards-display-component---NewYard--addressDetailDetailsLanguage-arrow"}]}
RESULT: {"script":"<script> [1562 bytes]","args":[{"selector":{"id":"application-manageyards-display-component---NewYard--addressDetailDetailsLanguage-arrow"},"wdio_ui5_key":"applicationmanageyards-display-component---NewYard--addressDetailDetailsLanguage-arrow"}]}
RESULT: undefined
COMMAND: POST /session/02ea79fddde22fa81bffc0522714798c/element - {"using":"xpath","value":"//*[@id=\"application-manageyards-display-component---NewYard--addressDetailDetailsLanguage-arrow\"]"}
RESULT: {"using":"xpath","value":"//*[@id=\"application-manageyards-display-component---NewYard--addressDetailDetailsLanguage-arrow\"]"}
COMMAND: POST /session/02ea79fddde22fa81bffc0522714798c/element/f.CB997DD3A6212A0539B4B9AD4CB02789.d.F8857731B64118E2787558C62AFD741F.e.739/click - {}
RESULT: {}
COMMAND: POST /session/02ea79fddde22fa81bffc0522714798c/element - {"using":"xpath","value":"//span[contains(text(), \"English\")]"}
COMMAND: GET /session/02ea79fddde22fa81bffc0522714798c/screenshot - {}
RESULT: {"using":"xpath","value":"//span[contains(text(), \"English\")]"}
COMMAND: POST /session/02ea79fddde22fa81bffc0522714798c/element/f.CB997DD3A6212A0539B4B9AD4CB02789.d.F8857731B64118E2787558C62AFD741F.e.740/click - {}
RESULT: {}
RESULT: {}
COMMAND: POST /session/02ea79fddde22fa81bffc0522714798c/execute/async - {"script":"<script> [1562 bytes]","args":[{"selector":{"id":"application-manageyards-display-component---NewYard--addressDetailDetailsCity1","interaction":{"idSuffix":"inner"}},"wdio_ui5_key":"applicationmanageyards-display-component---NewYard--addressDetailDetailsCity1"}]}
COMMAND: GET /session/02ea79fddde22fa81bffc0522714798c/screenshot - {}
RESULT: {"script":"<script> [1562 bytes]","args":[{"selector":{"id":"application-manageyards-display-component---NewYard--addressDetailDetailsCity1","interaction":{"idSuffix":"inner"}},"wdio_ui5_key":"applicationmanageyards-display-component---NewYard--addressDetailDetailsCity1"}]}
RESULT: undefined
COMMAND: POST /session/02ea79fddde22fa81bffc0522714798c/execute/async - {"script":"<script> [776 bytes]","args":[{"enterText":"Rosario","selector":{"id":"application-manageyards-display-component---NewYard--addressDetailDetailsCity1","interaction":{"idSuffix":"inner"}},"clearTextFirst":true,"interactionType":"ENTER_TEXT"}]}
RESULT: {}
RESULT: {"script":"<script> [776 bytes]","args":[{"enterText":"Rosario","selector":{"id":"application-manageyards-display-component---NewYard--addressDetailDetailsCity1","interaction":{"idSuffix":"inner"}},"clearTextFirst":true,"interactionType":"ENTER_TEXT"}]}
COMMAND: POST /session/02ea79fddde22fa81bffc0522714798c/execute/async - {"script":"<script> [1562 bytes]","args":[{"selector":{"id":"application-manageyards-display-component---NewYard--addressDetailDetailsCountry-arrow"},"wdio_ui5_key":"applicationmanageyards-display-component---NewYard--addressDetailDetailsCountry-arrow"}]}
RESULT: {"script":"<script> [1562 bytes]","args":[{"selector":{"id":"application-manageyards-display-component---NewYard--addressDetailDetailsCountry-arrow"},"wdio_ui5_key":"applicationmanageyards-display-component---NewYard--addressDetailDetailsCountry-arrow"}]}
RESULT: undefined
COMMAND: POST /session/02ea79fddde22fa81bffc0522714798c/element - {"using":"xpath","value":"//*[@id=\"application-manageyards-display-component---NewYard--addressDetailDetailsCountry-arrow\"]"}
RESULT: {"using":"xpath","value":"//*[@id=\"application-manageyards-display-component---NewYard--addressDetailDetailsCountry-arrow\"]"}
COMMAND: POST /session/02ea79fddde22fa81bffc0522714798c/element/f.CB997DD3A6212A0539B4B9AD4CB02789.d.F8857731B64118E2787558C62AFD741F.e.742/click - {}
RESULT: {}
COMMAND: POST /session/02ea79fddde22fa81bffc0522714798c/element - {"using":"xpath","value":"//span[contains(text(), \"Argentina\")]"}
COMMAND: GET /session/02ea79fddde22fa81bffc0522714798c/screenshot - {}
RESULT: {"using":"xpath","value":"//span[contains(text(), \"Argentina\")]"}
COMMAND: POST /session/02ea79fddde22fa81bffc0522714798c/element/f.CB997DD3A6212A0539B4B9AD4CB02789.d.F8857731B64118E2787558C62AFD741F.e.743/click - {}
RESULT: {}
RESULT: {}
COMMAND: POST /session/02ea79fddde22fa81bffc0522714798c/execute/async - {"script":"<script> [1562 bytes]","args":[{"selector":{"id":"application-manageyards-display-component---NewYard--addressEditDetailsCostObjectCstType-arrow"},"wdio_ui5_key":"applicationmanageyards-display-component---NewYard--addressEditDetailsCostObjectCstType-arrow"}]}
COMMAND: GET /session/02ea79fddde22fa81bffc0522714798c/screenshot - {}
RESULT: {"script":"<script> [1562 bytes]","args":[{"selector":{"id":"application-manageyards-display-component---NewYard--addressEditDetailsCostObjectCstType-arrow"},"wdio_ui5_key":"applicationmanageyards-display-component---NewYard--addressEditDetailsCostObjectCstType-arrow"}]}
RESULT: undefined
COMMAND: POST /session/02ea79fddde22fa81bffc0522714798c/element - {"using":"xpath","value":"//*[@id=\"application-manageyards-display-component---NewYard--addressEditDetailsCostObjectCstType-arrow\"]"}
RESULT: {}
RESULT: {"using":"xpath","value":"//*[@id=\"application-manageyards-display-component---NewYard--addressEditDetailsCostObjectCstType-arrow\"]"}
COMMAND: POST /session/02ea79fddde22fa81bffc0522714798c/element/f.CB997DD3A6212A0539B4B9AD4CB02789.d.F8857731B64118E2787558C62AFD741F.e.745/click - {}
RESULT: {}
COMMAND: POST /session/02ea79fddde22fa81bffc0522714798c/element - {"using":"xpath","value":"//span[contains(text(), \"Cost Center\")]"}
COMMAND: GET /session/02ea79fddde22fa81bffc0522714798c/screenshot - {}
RESULT: {"using":"xpath","value":"//span[contains(text(), \"Cost Center\")]"}
COMMAND: POST /session/02ea79fddde22fa81bffc0522714798c/element/f.CB997DD3A6212A0539B4B9AD4CB02789.d.F8857731B64118E2787558C62AFD741F.e.746/click - {}
RESULT: {}
RESULT: {}
COMMAND: GET /session/02ea79fddde22fa81bffc0522714798c/screenshot - {}
RESULT: {}
COMMAND: POST /session/02ea79fddde22fa81bffc0522714798c/element - {"using":"xpath","value":"//span[@id=\"application-manageyards-display-component---NewYard--addressNewCostObjectCstID-vhi\"]"}
RESULT: {"using":"xpath","value":"//span[@id=\"application-manageyards-display-component---NewYard--addressNewCostObjectCstID-vhi\"]"}
COMMAND: POST /session/02ea79fddde22fa81bffc0522714798c/execute/sync - {"script":"<script> [8489 bytes]","args":[{"element-6066-11e4-a52e-4f735466cecf":"f.CB997DD3A6212A0539B4B9AD4CB02789.d.F8857731B64118E2787558C62AFD741F.e.750","ELEMENT":"f.CB997DD3A6212A0539B4B9AD4CB02789.d.F8857731B64118E2787558C62AFD741F.e.750"}]}
RESULT: {"script":"<script> [8489 bytes]","args":[{"element-6066-11e4-a52e-4f735466cecf":"f.CB997DD3A6212A0539B4B9AD4CB02789.d.F8857731B64118E2787558C62AFD741F.e.750","ELEMENT":"f.CB997DD3A6212A0539B4B9AD4CB02789.d.F8857731B64118E2787558C62AFD741F.e.750"}]}
COMMAND: POST /session/02ea79fddde22fa81bffc0522714798c/execute/async - {"script":"<script> [1562 bytes]","args":[{"selector":{"id":"application-manageyards-display-component---NewYard--addressNewCostObjectCstID-vhi"},"wdio_ui5_key":"applicationmanageyards-display-component---NewYard--addressNewCostObjectCstID-vhi"}]}
COMMAND: GET /session/02ea79fddde22fa81bffc0522714798c/screenshot - {}
RESULT: {"script":"<script> [1562 bytes]","args":[{"selector":{"id":"application-manageyards-display-component---NewYard--addressNewCostObjectCstID-vhi"},"wdio_ui5_key":"applicationmanageyards-display-component---NewYard--addressNewCostObjectCstID-vhi"}]}
RESULT: undefined
COMMAND: POST /session/02ea79fddde22fa81bffc0522714798c/element - {"using":"xpath","value":"//*[@id=\"application-manageyards-display-component---NewYard--addressNewCostObjectCstID-vhi\"]"}
RESULT: {}
RESULT: {"using":"xpath","value":"//*[@id=\"application-manageyards-display-component---NewYard--addressNewCostObjectCstID-vhi\"]"}
COMMAND: POST /session/02ea79fddde22fa81bffc0522714798c/element/f.CB997DD3A6212A0539B4B9AD4CB02789.d.F8857731B64118E2787558C62AFD741F.e.750/click - {}
RESULT: {}
COMMAND: GET /session/02ea79fddde22fa81bffc0522714798c/screenshot - {}
RESULT: {}
COMMAND: POST /session/02ea79fddde22fa81bffc0522714798c/execute/async - {"script":"<script> [1562 bytes]","args":[{"selector":{"controlType":"sap.m.SearchField","properties":{"placeholder":"Search"},"searchOpenDialogs":true,"interaction":{"idSuffix":"I"}},"wdio_ui5_key":"sapm.SearchField{\"placeholder\":\"Search\"}"}]}
RESULT: {"script":"<script> [1562 bytes]","args":[{"selector":{"controlType":"sap.m.SearchField","properties":{"placeholder":"Search"},"searchOpenDialogs":true,"interaction":{"idSuffix":"I"}},"wdio_ui5_key":"sapm.SearchField{\"placeholder\":\"Search\"}"}]}
RESULT: undefined
COMMAND: POST /session/02ea79fddde22fa81bffc0522714798c/execute/async - {"script":"<script> [776 bytes]","args":[{"enterText":"10001013","selector":{"controlType":"sap.m.SearchField","properties":{"placeholder":"Search"},"searchOpenDialogs":true,"interaction":{"idSuffix":"I"}},"clearTextFirst":true,"interactionType":"ENTER_TEXT"}]}
RESULT: {"script":"<script> [776 bytes]","args":[{"enterText":"10001013","selector":{"controlType":"sap.m.SearchField","properties":{"placeholder":"Search"},"searchOpenDialogs":true,"interaction":{"idSuffix":"I"}},"clearTextFirst":true,"interactionType":"ENTER_TEXT"}]}
COMMAND: POST /session/02ea79fddde22fa81bffc0522714798c/actions - {"actions":[{"id":"action1","type":"key","parameters":{},"actions":[{"type":"keyDown","value":"î€‡"},{"type":"pause","duration":10},{"type":"keyUp","value":"î€‡"}]}]}
RESULT: {"actions":[{"id":"action1","type":"key","parameters":{},"actions":[{"type":"keyDown","value":"î€‡"},{"type":"pause","duration":10},{"type":"keyUp","value":"î€‡"}]}]}
COMMAND: GET /session/02ea79fddde22fa81bffc0522714798c/screenshot - {}
RESULT: {}
COMMAND: POST /session/02ea79fddde22fa81bffc0522714798c/element - {"using":"xpath","value":"//span[contains(text(), \"General Management\")]"}
RESULT: {"using":"xpath","value":"//span[contains(text(), \"General Management\")]"}
COMMAND: POST /session/02ea79fddde22fa81bffc0522714798c/element/f.CB997DD3A6212A0539B4B9AD4CB02789.d.F8857731B64118E2787558C62AFD741F.e.791/click - {}
RESULT: {}
COMMAND: GET /session/02ea79fddde22fa81bffc0522714798c/screenshot - {}
RESULT: {}
COMMAND: POST /session/02ea79fddde22fa81bffc0522714798c/element - {"using":"xpath","value":"//bdi[contains(text(), \"OK\")]"}
RESULT: {"using":"xpath","value":"//bdi[contains(text(), \"OK\")]"}
COMMAND: POST /session/02ea79fddde22fa81bffc0522714798c/element/f.CB997DD3A6212A0539B4B9AD4CB02789.d.F8857731B64118E2787558C62AFD741F.e.792/click - {}
RESULT: {}
COMMAND: GET /session/02ea79fddde22fa81bffc0522714798c/screenshot - {}
RESULT: {}
COMMAND: POST /session/02ea79fddde22fa81bffc0522714798c/execute/async - {"script":"<script> [1562 bytes]","args":[{"selector":{"id":"application-manageyards-display-component---NewYard--addressEditDetailsCurrency-arrow"},"wdio_ui5_key":"applicationmanageyards-display-component---NewYard--addressEditDetailsCurrency-arrow"}]}
RESULT: {"script":"<script> [1562 bytes]","args":[{"selector":{"id":"application-manageyards-display-component---NewYard--addressEditDetailsCurrency-arrow"},"wdio_ui5_key":"applicationmanageyards-display-component---NewYard--addressEditDetailsCurrency-arrow"}]}
RESULT: undefined
COMMAND: POST /session/02ea79fddde22fa81bffc0522714798c/element - {"using":"xpath","value":"//*[@id=\"application-manageyards-display-component---NewYard--addressEditDetailsCurrency-arrow\"]"}
RESULT: {"using":"xpath","value":"//*[@id=\"application-manageyards-display-component---NewYard--addressEditDetailsCurrency-arrow\"]"}
COMMAND: POST /session/02ea79fddde22fa81bffc0522714798c/element/f.CB997DD3A6212A0539B4B9AD4CB02789.d.F8857731B64118E2787558C62AFD741F.e.795/click - {}
RESULT: {}
COMMAND: POST /session/02ea79fddde22fa81bffc0522714798c/element - {"using":"xpath","value":"//span[contains(text(), \"Euro\")]"}
COMMAND: GET /session/02ea79fddde22fa81bffc0522714798c/screenshot - {}
RESULT: {"using":"xpath","value":"//span[contains(text(), \"Euro\")]"}
COMMAND: POST /session/02ea79fddde22fa81bffc0522714798c/element/f.CB997DD3A6212A0539B4B9AD4CB02789.d.F8857731B64118E2787558C62AFD741F.e.796/click - {}
RESULT: {}
RESULT: {}
COMMAND: POST /session/02ea79fddde22fa81bffc0522714798c/execute/async - {"script":"<script> [1562 bytes]","args":[{"selector":{"controlType":"sap.m.Input","viewName":"etm.portal.ui.manageyards.view.New","viewId":"application-manageyards-display-component---NewYard","bindingPath":{"path":"","propertyPath":"/CONTROLLING_AREA","modelName":"NewYardModel"},"interaction":{"idSuffix":"inner"}},"wdio_ui5_key":"etmportal.ui.manageyards.view.Newsap.m.Input{\"path\":\"\",\"propertyPath\":\"/CONTROLLING_AREA\",\"modelName\":\"NewYardModel\"}"}]}
COMMAND: GET /session/02ea79fddde22fa81bffc0522714798c/screenshot - {}
RESULT: {"script":"<script> [1562 bytes]","args":[{"selector":{"controlType":"sap.m.Input","viewName":"etm.portal.ui.manageyards.view.New","viewId":"application-manageyards-display-component---NewYard","bindingPath":{"path":"","propertyPath":"/CONTROLLING_AREA","modelName":"NewYardModel"},"interaction":{"idSuffix":"inner"}},"wdio_ui5_key":"etmportal.ui.manageyards.view.Newsap.m.Input{\"path\":\"\",\"propertyPath\":\"/CONTROLLING_AREA\",\"modelName\":\"NewYardModel\"}"}]}
RESULT: undefined
COMMAND: POST /session/02ea79fddde22fa81bffc0522714798c/execute/async - {"script":"<script> [776 bytes]","args":[{"enterText":"Z001","selector":{"controlType":"sap.m.Input","viewName":"etm.portal.ui.manageyards.view.New","viewId":"application-manageyards-display-component---NewYard","bindingPath":{"path":"","propertyPath":"/CONTROLLING_AREA","modelName":"NewYardModel"},"interaction":{"idSuffix":"inner"}},"clearTextFirst":true,"interactionType":"ENTER_TEXT"}]}
RESULT: {}
RESULT: {"script":"<script> [776 bytes]","args":[{"enterText":"Z001","selector":{"controlType":"sap.m.Input","viewName":"etm.portal.ui.manageyards.view.New","viewId":"application-manageyards-display-component---NewYard","bindingPath":{"path":"","propertyPath":"/CONTROLLING_AREA","modelName":"NewYardModel"},"interaction":{"idSuffix":"inner"}},"clearTextFirst":true,"interactionType":"ENTER_TEXT"}]}
COMMAND: POST /session/02ea79fddde22fa81bffc0522714798c/execute/async - {"script":"<script> [1562 bytes]","args":[{"selector":{"id":"application-manageyards-display-component---NewYard--companyCodeComboBox","interaction":{"idSuffix":"inner"}},"wdio_ui5_key":"applicationmanageyards-display-component---NewYard--companyCodeComboBox"}]}
RESULT: {"script":"<script> [1562 bytes]","args":[{"selector":{"id":"application-manageyards-display-component---NewYard--companyCodeComboBox","interaction":{"idSuffix":"inner"}},"wdio_ui5_key":"applicationmanageyards-display-component---NewYard--companyCodeComboBox"}]}
RESULT: undefined
COMMAND: POST /session/02ea79fddde22fa81bffc0522714798c/execute/async - {"script":"<script> [776 bytes]","args":[{"enterText":"1000","selector":{"id":"application-manageyards-display-component---NewYard--companyCodeComboBox","interaction":{"idSuffix":"inner"}},"clearTextFirst":true,"interactionType":"ENTER_TEXT"}]}
RESULT: {"script":"<script> [776 bytes]","args":[{"enterText":"1000","selector":{"id":"application-manageyards-display-component---NewYard--companyCodeComboBox","interaction":{"idSuffix":"inner"}},"clearTextFirst":true,"interactionType":"ENTER_TEXT"}]}
COMMAND: POST /session/02ea79fddde22fa81bffc0522714798c/execute/async - {"script":"<script> [1562 bytes]","args":[{"selector":{"controlType":"sap.m.Input","viewName":"etm.portal.ui.manageyards.view.New","viewId":"application-manageyards-display-component---NewYard","bindingPath":{"path":"","propertyPath":"/PLANT","modelName":"NewYardModel"},"interaction":{"idSuffix":"inner"}},"wdio_ui5_key":"etmportal.ui.manageyards.view.Newsap.m.Input{\"path\":\"\",\"propertyPath\":\"/PLANT\",\"modelName\":\"NewYardModel\"}"}]}
RESULT: {"script":"<script> [1562 bytes]","args":[{"selector":{"controlType":"sap.m.Input","viewName":"etm.portal.ui.manageyards.view.New","viewId":"application-manageyards-display-component---NewYard","bindingPath":{"path":"","propertyPath":"/PLANT","modelName":"NewYardModel"},"interaction":{"idSuffix":"inner"}},"wdio_ui5_key":"etmportal.ui.manageyards.view.Newsap.m.Input{\"path\":\"\",\"propertyPath\":\"/PLANT\",\"modelName\":\"NewYardModel\"}"}]}
RESULT: undefined
COMMAND: POST /session/02ea79fddde22fa81bffc0522714798c/execute/async - {"script":"<script> [776 bytes]","args":[{"enterText":"1001","selector":{"controlType":"sap.m.Input","viewName":"etm.portal.ui.manageyards.view.New","viewId":"application-manageyards-display-component---NewYard","bindingPath":{"path":"","propertyPath":"/PLANT","modelName":"NewYardModel"},"interaction":{"idSuffix":"inner"}},"clearTextFirst":true,"interactionType":"ENTER_TEXT"}]}
RESULT: {"script":"<script> [776 bytes]","args":[{"enterText":"1001","selector":{"controlType":"sap.m.Input","viewName":"etm.portal.ui.manageyards.view.New","viewId":"application-manageyards-display-component---NewYard","bindingPath":{"path":"","propertyPath":"/PLANT","modelName":"NewYardModel"},"interaction":{"idSuffix":"inner"}},"clearTextFirst":true,"interactionType":"ENTER_TEXT"}]}
COMMAND: POST /session/02ea79fddde22fa81bffc0522714798c/execute/async - {"script":"<script> [1562 bytes]","args":[{"selector":{"controlType":"sap.m.Input","viewName":"etm.portal.ui.manageyards.view.New","viewId":"application-manageyards-display-component---NewYard","bindingPath":{"path":"","propertyPath":"/SALES_AREA_VKORG","modelName":"NewYardModel"},"interaction":{"idSuffix":"inner"}},"wdio_ui5_key":"etmportal.ui.manageyards.view.Newsap.m.Input{\"path\":\"\",\"propertyPath\":\"/SALES_AREA_VKORG\",\"modelName\":\"NewYardModel\"}"}]}
RESULT: {"script":"<script> [1562 bytes]","args":[{"selector":{"controlType":"sap.m.Input","viewName":"etm.portal.ui.manageyards.view.New","viewId":"application-manageyards-display-component---NewYard","bindingPath":{"path":"","propertyPath":"/SALES_AREA_VKORG","modelName":"NewYardModel"},"interaction":{"idSuffix":"inner"}},"wdio_ui5_key":"etmportal.ui.manageyards.view.Newsap.m.Input{\"path\":\"\",\"propertyPath\":\"/SALES_AREA_VKORG\",\"modelName\":\"NewYardModel\"}"}]}
RESULT: undefined
COMMAND: POST /session/02ea79fddde22fa81bffc0522714798c/execute/async - {"script":"<script> [776 bytes]","args":[{"enterText":"C002","selector":{"controlType":"sap.m.Input","viewName":"etm.portal.ui.manageyards.view.New","viewId":"application-manageyards-display-component---NewYard","bindingPath":{"path":"","propertyPath":"/SALES_AREA_VKORG","modelName":"NewYardModel"},"interaction":{"idSuffix":"inner"}},"clearTextFirst":true,"interactionType":"ENTER_TEXT"}]}
RESULT: {"script":"<script> [776 bytes]","args":[{"enterText":"C002","selector":{"controlType":"sap.m.Input","viewName":"etm.portal.ui.manageyards.view.New","viewId":"application-manageyards-display-component---NewYard","bindingPath":{"path":"","propertyPath":"/SALES_AREA_VKORG","modelName":"NewYardModel"},"interaction":{"idSuffix":"inner"}},"clearTextFirst":true,"interactionType":"ENTER_TEXT"}]}
COMMAND: POST /session/02ea79fddde22fa81bffc0522714798c/execute/async - {"script":"<script> [1562 bytes]","args":[{"selector":{"controlType":"sap.m.Input","viewName":"etm.portal.ui.manageyards.view.New","viewId":"application-manageyards-display-component---NewYard","bindingPath":{"path":"","propertyPath":"/SALES_AREA_VTWEG","modelName":"NewYardModel"},"interaction":{"idSuffix":"inner"}},"wdio_ui5_key":"etmportal.ui.manageyards.view.Newsap.m.Input{\"path\":\"\",\"propertyPath\":\"/SALES_AREA_VTWEG\",\"modelName\":\"NewYardModel\"}"}]}
RESULT: {"script":"<script> [1562 bytes]","args":[{"selector":{"controlType":"sap.m.Input","viewName":"etm.portal.ui.manageyards.view.New","viewId":"application-manageyards-display-component---NewYard","bindingPath":{"path":"","propertyPath":"/SALES_AREA_VTWEG","modelName":"NewYardModel"},"interaction":{"idSuffix":"inner"}},"wdio_ui5_key":"etmportal.ui.manageyards.view.Newsap.m.Input{\"path\":\"\",\"propertyPath\":\"/SALES_AREA_VTWEG\",\"modelName\":\"NewYardModel\"}"}]}
RESULT: undefined
COMMAND: POST /session/02ea79fddde22fa81bffc0522714798c/execute/async - {"script":"<script> [776 bytes]","args":[{"enterText":"C2","selector":{"controlType":"sap.m.Input","viewName":"etm.portal.ui.manageyards.view.New","viewId":"application-manageyards-display-component---NewYard","bindingPath":{"path":"","propertyPath":"/SALES_AREA_VTWEG","modelName":"NewYardModel"},"interaction":{"idSuffix":"inner"}},"clearTextFirst":true,"interactionType":"ENTER_TEXT"}]}
RESULT: {"script":"<script> [776 bytes]","args":[{"enterText":"C2","selector":{"controlType":"sap.m.Input","viewName":"etm.portal.ui.manageyards.view.New","viewId":"application-manageyards-display-component---NewYard","bindingPath":{"path":"","propertyPath":"/SALES_AREA_VTWEG","modelName":"NewYardModel"},"interaction":{"idSuffix":"inner"}},"clearTextFirst":true,"interactionType":"ENTER_TEXT"}]}
COMMAND: POST /session/02ea79fddde22fa81bffc0522714798c/execute/async - {"script":"<script> [1562 bytes]","args":[{"selector":{"controlType":"sap.m.Input","viewName":"etm.portal.ui.manageyards.view.New","viewId":"application-manageyards-display-component---NewYard","bindingPath":{"path":"","propertyPath":"/SALES_AREA_SPART","modelName":"NewYardModel"},"interaction":{"idSuffix":"inner"}},"wdio_ui5_key":"etmportal.ui.manageyards.view.Newsap.m.Input{\"path\":\"\",\"propertyPath\":\"/SALES_AREA_SPART\",\"modelName\":\"NewYardModel\"}"}]}
RESULT: {"script":"<script> [1562 bytes]","args":[{"selector":{"controlType":"sap.m.Input","viewName":"etm.portal.ui.manageyards.view.New","viewId":"application-manageyards-display-component---NewYard","bindingPath":{"path":"","propertyPath":"/SALES_AREA_SPART","modelName":"NewYardModel"},"interaction":{"idSuffix":"inner"}},"wdio_ui5_key":"etmportal.ui.manageyards.view.Newsap.m.Input{\"path\":\"\",\"propertyPath\":\"/SALES_AREA_SPART\",\"modelName\":\"NewYardModel\"}"}]}
RESULT: undefined
COMMAND: POST /session/02ea79fddde22fa81bffc0522714798c/execute/async - {"script":"<script> [776 bytes]","args":[{"enterText":"C2","selector":{"controlType":"sap.m.Input","viewName":"etm.portal.ui.manageyards.view.New","viewId":"application-manageyards-display-component---NewYard","bindingPath":{"path":"","propertyPath":"/SALES_AREA_SPART","modelName":"NewYardModel"},"interaction":{"idSuffix":"inner"}},"clearTextFirst":true,"interactionType":"ENTER_TEXT"}]}
RESULT: {"script":"<script> [776 bytes]","args":[{"enterText":"C2","selector":{"controlType":"sap.m.Input","viewName":"etm.portal.ui.manageyards.view.New","viewId":"application-manageyards-display-component---NewYard","bindingPath":{"path":"","propertyPath":"/SALES_AREA_SPART","modelName":"NewYardModel"},"interaction":{"idSuffix":"inner"}},"clearTextFirst":true,"interactionType":"ENTER_TEXT"}]}
COMMAND: POST /session/02ea79fddde22fa81bffc0522714798c/execute/async - {"script":"<script> [1562 bytes]","args":[{"selector":{"controlType":"sap.m.Input","viewName":"etm.portal.ui.manageyards.view.New","viewId":"application-manageyards-display-component---NewYard","bindingPath":{"path":"","propertyPath":"/SHIP_POINT","modelName":"NewYardModel"},"interaction":{"idSuffix":"inner"}},"wdio_ui5_key":"etmportal.ui.manageyards.view.Newsap.m.Input{\"path\":\"\",\"propertyPath\":\"/SHIP_POINT\",\"modelName\":\"NewYardModel\"}"}]}
RESULT: {"script":"<script> [1562 bytes]","args":[{"selector":{"controlType":"sap.m.Input","viewName":"etm.portal.ui.manageyards.view.New","viewId":"application-manageyards-display-component---NewYard","bindingPath":{"path":"","propertyPath":"/SHIP_POINT","modelName":"NewYardModel"},"interaction":{"idSuffix":"inner"}},"wdio_ui5_key":"etmportal.ui.manageyards.view.Newsap.m.Input{\"path\":\"\",\"propertyPath\":\"/SHIP_POINT\",\"modelName\":\"NewYardModel\"}"}]}
RESULT: undefined
COMMAND: POST /session/02ea79fddde22fa81bffc0522714798c/execute/async - {"script":"<script> [776 bytes]","args":[{"enterText":"1710","selector":{"controlType":"sap.m.Input","viewName":"etm.portal.ui.manageyards.view.New","viewId":"application-manageyards-display-component---NewYard","bindingPath":{"path":"","propertyPath":"/SHIP_POINT","modelName":"NewYardModel"},"interaction":{"idSuffix":"inner"}},"clearTextFirst":true,"interactionType":"ENTER_TEXT"}]}
RESULT: {"script":"<script> [776 bytes]","args":[{"enterText":"1710","selector":{"controlType":"sap.m.Input","viewName":"etm.portal.ui.manageyards.view.New","viewId":"application-manageyards-display-component---NewYard","bindingPath":{"path":"","propertyPath":"/SHIP_POINT","modelName":"NewYardModel"},"interaction":{"idSuffix":"inner"}},"clearTextFirst":true,"interactionType":"ENTER_TEXT"}]}
COMMAND: POST /session/02ea79fddde22fa81bffc0522714798c/execute/async - {"script":"<script> [1562 bytes]","args":[{"selector":{"controlType":"sap.m.Input","viewName":"etm.portal.ui.manageyards.view.New","viewId":"application-manageyards-display-component---NewYard","bindingPath":{"path":"","propertyPath":"/DELIVERY_TYPE","modelName":"NewYardModel"},"interaction":{"idSuffix":"inner"}},"wdio_ui5_key":"etmportal.ui.manageyards.view.Newsap.m.Input{\"path\":\"\",\"propertyPath\":\"/DELIVERY_TYPE\",\"modelName\":\"NewYardModel\"}"}]}
RESULT: {"script":"<script> [1562 bytes]","args":[{"selector":{"controlType":"sap.m.Input","viewName":"etm.portal.ui.manageyards.view.New","viewId":"application-manageyards-display-component---NewYard","bindingPath":{"path":"","propertyPath":"/DELIVERY_TYPE","modelName":"NewYardModel"},"interaction":{"idSuffix":"inner"}},"wdio_ui5_key":"etmportal.ui.manageyards.view.Newsap.m.Input{\"path\":\"\",\"propertyPath\":\"/DELIVERY_TYPE\",\"modelName\":\"NewYardModel\"}"}]}
RESULT: undefined
COMMAND: POST /session/02ea79fddde22fa81bffc0522714798c/execute/async - {"script":"<script> [776 bytes]","args":[{"enterText":"ZL01","selector":{"controlType":"sap.m.Input","viewName":"etm.portal.ui.manageyards.view.New","viewId":"application-manageyards-display-component---NewYard","bindingPath":{"path":"","propertyPath":"/DELIVERY_TYPE","modelName":"NewYardModel"},"interaction":{"idSuffix":"inner"}},"clearTextFirst":true,"interactionType":"ENTER_TEXT"}]}
RESULT: {"script":"<script> [776 bytes]","args":[{"enterText":"ZL01","selector":{"controlType":"sap.m.Input","viewName":"etm.portal.ui.manageyards.view.New","viewId":"application-manageyards-display-component---NewYard","bindingPath":{"path":"","propertyPath":"/DELIVERY_TYPE","modelName":"NewYardModel"},"interaction":{"idSuffix":"inner"}},"clearTextFirst":true,"interactionType":"ENTER_TEXT"}]}
COMMAND: POST /session/02ea79fddde22fa81bffc0522714798c/execute/async - {"script":"<script> [1562 bytes]","args":[{"selector":{"controlType":"sap.m.Input","viewName":"etm.portal.ui.manageyards.view.New","viewId":"application-manageyards-display-component---NewYard","bindingPath":{"path":"","propertyPath":"/AUART","modelName":"NewYardModel"},"interaction":{"idSuffix":"inner"}},"wdio_ui5_key":"etmportal.ui.manageyards.view.Newsap.m.Input{\"path\":\"\",\"propertyPath\":\"/AUART\",\"modelName\":\"NewYardModel\"}"}]}
RESULT: {"script":"<script> [1562 bytes]","args":[{"selector":{"controlType":"sap.m.Input","viewName":"etm.portal.ui.manageyards.view.New","viewId":"application-manageyards-display-component---NewYard","bindingPath":{"path":"","propertyPath":"/AUART","modelName":"NewYardModel"},"interaction":{"idSuffix":"inner"}},"wdio_ui5_key":"etmportal.ui.manageyards.view.Newsap.m.Input{\"path\":\"\",\"propertyPath\":\"/AUART\",\"modelName\":\"NewYardModel\"}"}]}
RESULT: undefined
COMMAND: POST /session/02ea79fddde22fa81bffc0522714798c/execute/async - {"script":"<script> [776 bytes]","args":[{"enterText":"TA","selector":{"controlType":"sap.m.Input","viewName":"etm.portal.ui.manageyards.view.New","viewId":"application-manageyards-display-component---NewYard","bindingPath":{"path":"","propertyPath":"/AUART","modelName":"NewYardModel"},"interaction":{"idSuffix":"inner"}},"clearTextFirst":true,"interactionType":"ENTER_TEXT"}]}
RESULT: {"script":"<script> [776 bytes]","args":[{"enterText":"TA","selector":{"controlType":"sap.m.Input","viewName":"etm.portal.ui.manageyards.view.New","viewId":"application-manageyards-display-component---NewYard","bindingPath":{"path":"","propertyPath":"/AUART","modelName":"NewYardModel"},"interaction":{"idSuffix":"inner"}},"clearTextFirst":true,"interactionType":"ENTER_TEXT"}]}
COMMAND: POST /session/02ea79fddde22fa81bffc0522714798c/element - {"using":"xpath","value":"//button[@data-kt=\"newYardSaveButton\"]"}
RESULT: {"using":"xpath","value":"//button[@data-kt=\"newYardSaveButton\"]"}
COMMAND: POST /session/02ea79fddde22fa81bffc0522714798c/element/f.CB997DD3A6212A0539B4B9AD4CB02789.d.F8857731B64118E2787558C62AFD741F.e.706/click - {}
RESULT: {}
COMMAND: GET /session/02ea79fddde22fa81bffc0522714798c/screenshot - {}
RESULT: {}
COMMAND: POST /session/02ea79fddde22fa81bffc0522714798c/element - {"using":"xpath","value":"//header[contains(@id, 'ObjectPageLayout-headerTitle')]/div[1]/div[2]/div[1]/span[1]"}
RESULT: {"using":"xpath","value":"//header[contains(@id, 'ObjectPageLayout-headerTitle')]/div[1]/div[2]/div[1]/span[1]"}
COMMAND: POST /session/02ea79fddde22fa81bffc0522714798c/elements - {"using":"xpath","value":"//header[contains(@id, 'ObjectPageLayout-headerTitle')]/div[1]/div[2]/div[1]/span[1]"}
RESULT: {"using":"xpath","value":"//header[contains(@id, 'ObjectPageLayout-headerTitle')]/div[1]/div[2]/div[1]/span[1]"}
COMMAND: POST /session/02ea79fddde22fa81bffc0522714798c/execute/sync - {"script":"<script> [56 bytes]","args":[{"element-6066-11e4-a52e-4f735466cecf":"f.CB997DD3A6212A0539B4B9AD4CB02789.d.F8857731B64118E2787558C62AFD741F.e.1023","ELEMENT":"f.CB997DD3A6212A0539B4B9AD4CB02789.d.F8857731B64118E2787558C62AFD741F.e.1023"}]}
RESULT: {"script":"<script> [56 bytes]","args":[{"element-6066-11e4-a52e-4f735466cecf":"f.CB997DD3A6212A0539B4B9AD4CB02789.d.F8857731B64118E2787558C62AFD741F.e.1023","ELEMENT":"f.CB997DD3A6212A0539B4B9AD4CB02789.d.F8857731B64118E2787558C62AFD741F.e.1023"}]}
COMMAND: GET /session/02ea79fddde22fa81bffc0522714798c/screenshot - {}
RESULT: {}
COMMAND: POST /session/02ea79fddde22fa81bffc0522714798c/element - {"using":"css selector","value":"#shell-header-logo"}
RESULT: {"using":"css selector","value":"#shell-header-logo"}
COMMAND: POST /session/02ea79fddde22fa81bffc0522714798c/element/f.CB997DD3A6212A0539B4B9AD4CB02789.d.F8857731B64118E2787558C62AFD741F.e.277/click - {}
RESULT: {}
COMMAND: GET /session/02ea79fddde22fa81bffc0522714798c/screenshot - {}
RESULT: {}
COMMAND: POST /session/02ea79fddde22fa81bffc0522714798c/execute/sync - {"script":"<script> [299 bytes]","args":[["getModel","getResource"]]}
RESULT: {"script":"<script> [299 bytes]","args":[["getModel","getResource"]]}
]]></system-out>
    </testcase>
    <testcase classname="chrome.135_0_7049_96.windows.Billing_confirm_US117289" name="Should create a new partner" time="109.156">
      <system-out><![CDATA[
COMMAND: POST /session/02ea79fddde22fa81bffc0522714798c/window/fullscreen - {}
COMMAND: GET /session/02ea79fddde22fa81bffc0522714798c/screenshot - {}
RESULT: {}
COMMAND: POST /session/02ea79fddde22fa81bffc0522714798c/execute/async - {"script":"<script> [1562 bytes]","args":[{"selector":{"controlType":"sap.m.GenericTile","properties":{"header":"Manage Partners"}},"wdio_ui5_key":"sapm.GenericTile{\"header\":\"Manage Partners\"}"}]}
RESULT: {}
RESULT: {"script":"<script> [1562 bytes]","args":[{"selector":{"controlType":"sap.m.GenericTile","properties":{"header":"Manage Partners"}},"wdio_ui5_key":"sapm.GenericTile{\"header\":\"Manage Partners\"}"}]}
RESULT: undefined
COMMAND: POST /session/02ea79fddde22fa81bffc0522714798c/element - {"using":"xpath","value":"//*[@id=\"__tile38\"]"}
RESULT: {"using":"xpath","value":"//*[@id=\"__tile38\"]"}
COMMAND: POST /session/02ea79fddde22fa81bffc0522714798c/element/f.CB997DD3A6212A0539B4B9AD4CB02789.d.F8857731B64118E2787558C62AFD741F.e.171/click - {}
RESULT: {}
COMMAND: POST /session/02ea79fddde22fa81bffc0522714798c/element - {"using":"xpath","value":"//button[@data-kt=\"addButton\"]"}
COMMAND: GET /session/02ea79fddde22fa81bffc0522714798c/screenshot - {}
RESULT: {"using":"xpath","value":"//button[@data-kt=\"addButton\"]"}
COMMAND: POST /session/02ea79fddde22fa81bffc0522714798c/elements - {"using":"xpath","value":"//button[@data-kt=\"addButton\"]"}
RESULT: {}
RESULT: {"using":"xpath","value":"//button[@data-kt=\"addButton\"]"}
COMMAND: POST /session/02ea79fddde22fa81bffc0522714798c/elements - {"using":"xpath","value":"//button[@data-kt=\"addButton\"]"}
RESULT: {"using":"xpath","value":"//button[@data-kt=\"addButton\"]"}
COMMAND: POST /session/02ea79fddde22fa81bffc0522714798c/elements - {"using":"xpath","value":"//button[@data-kt=\"addButton\"]"}
RESULT: {"using":"xpath","value":"//button[@data-kt=\"addButton\"]"}
COMMAND: POST /session/02ea79fddde22fa81bffc0522714798c/elements - {"using":"xpath","value":"//button[@data-kt=\"addButton\"]"}
RESULT: {"using":"xpath","value":"//button[@data-kt=\"addButton\"]"}
COMMAND: POST /session/02ea79fddde22fa81bffc0522714798c/elements - {"using":"xpath","value":"//button[@data-kt=\"addButton\"]"}
RESULT: {"using":"xpath","value":"//button[@data-kt=\"addButton\"]"}
COMMAND: POST /session/02ea79fddde22fa81bffc0522714798c/elements - {"using":"xpath","value":"//button[@data-kt=\"addButton\"]"}
RESULT: {"using":"xpath","value":"//button[@data-kt=\"addButton\"]"}
COMMAND: POST /session/02ea79fddde22fa81bffc0522714798c/elements - {"using":"xpath","value":"//button[@data-kt=\"addButton\"]"}
RESULT: {"using":"xpath","value":"//button[@data-kt=\"addButton\"]"}
COMMAND: POST /session/02ea79fddde22fa81bffc0522714798c/elements - {"using":"xpath","value":"//button[@data-kt=\"addButton\"]"}
RESULT: {"using":"xpath","value":"//button[@data-kt=\"addButton\"]"}
COMMAND: POST /session/02ea79fddde22fa81bffc0522714798c/elements - {"using":"xpath","value":"//button[@data-kt=\"addButton\"]"}
RESULT: {"using":"xpath","value":"//button[@data-kt=\"addButton\"]"}
COMMAND: POST /session/02ea79fddde22fa81bffc0522714798c/elements - {"using":"xpath","value":"//button[@data-kt=\"addButton\"]"}
RESULT: {"using":"xpath","value":"//button[@data-kt=\"addButton\"]"}
COMMAND: POST /session/02ea79fddde22fa81bffc0522714798c/elements - {"using":"xpath","value":"//button[@data-kt=\"addButton\"]"}
RESULT: {"using":"xpath","value":"//button[@data-kt=\"addButton\"]"}
COMMAND: POST /session/02ea79fddde22fa81bffc0522714798c/elements - {"using":"xpath","value":"//button[@data-kt=\"addButton\"]"}
RESULT: {"using":"xpath","value":"//button[@data-kt=\"addButton\"]"}
COMMAND: POST /session/02ea79fddde22fa81bffc0522714798c/elements - {"using":"xpath","value":"//button[@data-kt=\"addButton\"]"}
RESULT: {"using":"xpath","value":"//button[@data-kt=\"addButton\"]"}
COMMAND: POST /session/02ea79fddde22fa81bffc0522714798c/elements - {"using":"xpath","value":"//button[@data-kt=\"addButton\"]"}
RESULT: {"using":"xpath","value":"//button[@data-kt=\"addButton\"]"}
COMMAND: POST /session/02ea79fddde22fa81bffc0522714798c/elements - {"using":"xpath","value":"//button[@data-kt=\"addButton\"]"}
RESULT: {"using":"xpath","value":"//button[@data-kt=\"addButton\"]"}
COMMAND: POST /session/02ea79fddde22fa81bffc0522714798c/elements - {"using":"xpath","value":"//button[@data-kt=\"addButton\"]"}
RESULT: {"using":"xpath","value":"//button[@data-kt=\"addButton\"]"}
COMMAND: POST /session/02ea79fddde22fa81bffc0522714798c/element - {"using":"xpath","value":"//button[@data-kt=\"addButton\"]"}
RESULT: {"using":"xpath","value":"//button[@data-kt=\"addButton\"]"}
COMMAND: POST /session/02ea79fddde22fa81bffc0522714798c/execute/sync - {"script":"<script> [8489 bytes]","args":[{"element-6066-11e4-a52e-4f735466cecf":"f.CB997DD3A6212A0539B4B9AD4CB02789.d.F8857731B64118E2787558C62AFD741F.e.1061","ELEMENT":"f.CB997DD3A6212A0539B4B9AD4CB02789.d.F8857731B64118E2787558C62AFD741F.e.1061"}]}
RESULT: {"script":"<script> [8489 bytes]","args":[{"element-6066-11e4-a52e-4f735466cecf":"f.CB997DD3A6212A0539B4B9AD4CB02789.d.F8857731B64118E2787558C62AFD741F.e.1061","ELEMENT":"f.CB997DD3A6212A0539B4B9AD4CB02789.d.F8857731B64118E2787558C62AFD741F.e.1061"}]}
COMMAND: GET /session/02ea79fddde22fa81bffc0522714798c/element/f.CB997DD3A6212A0539B4B9AD4CB02789.d.F8857731B64118E2787558C62AFD741F.e.1061/enabled - {}
COMMAND: GET /session/02ea79fddde22fa81bffc0522714798c/screenshot - {}
RESULT: {}
COMMAND: POST /session/02ea79fddde22fa81bffc0522714798c/execute/sync - {"script":"<script> [8489 bytes]","args":[{"element-6066-11e4-a52e-4f735466cecf":"f.CB997DD3A6212A0539B4B9AD4CB02789.d.F8857731B64118E2787558C62AFD741F.e.1061","ELEMENT":"f.CB997DD3A6212A0539B4B9AD4CB02789.d.F8857731B64118E2787558C62AFD741F.e.1061"}]}
COMMAND: GET /session/02ea79fddde22fa81bffc0522714798c/screenshot - {}
RESULT: {}
RESULT: {"script":"<script> [8489 bytes]","args":[{"element-6066-11e4-a52e-4f735466cecf":"f.CB997DD3A6212A0539B4B9AD4CB02789.d.F8857731B64118E2787558C62AFD741F.e.1061","ELEMENT":"f.CB997DD3A6212A0539B4B9AD4CB02789.d.F8857731B64118E2787558C62AFD741F.e.1061"}]}
COMMAND: POST /session/02ea79fddde22fa81bffc0522714798c/execute/sync - {"script":"<script> [5351 bytes]","args":[{"element-6066-11e4-a52e-4f735466cecf":"f.CB997DD3A6212A0539B4B9AD4CB02789.d.F8857731B64118E2787558C62AFD741F.e.1061","ELEMENT":"f.CB997DD3A6212A0539B4B9AD4CB02789.d.F8857731B64118E2787558C62AFD741F.e.1061"}]}
COMMAND: GET /session/02ea79fddde22fa81bffc0522714798c/screenshot - {}
RESULT: {}
RESULT: {"script":"<script> [5351 bytes]","args":[{"element-6066-11e4-a52e-4f735466cecf":"f.CB997DD3A6212A0539B4B9AD4CB02789.d.F8857731B64118E2787558C62AFD741F.e.1061","ELEMENT":"f.CB997DD3A6212A0539B4B9AD4CB02789.d.F8857731B64118E2787558C62AFD741F.e.1061"}]}
COMMAND: POST /session/02ea79fddde22fa81bffc0522714798c/element/f.CB997DD3A6212A0539B4B9AD4CB02789.d.F8857731B64118E2787558C62AFD741F.e.1061/click - {}
COMMAND: GET /session/02ea79fddde22fa81bffc0522714798c/screenshot - {}
RESULT: {}
RESULT: {}
COMMAND: GET /session/02ea79fddde22fa81bffc0522714798c/screenshot - {}
COMMAND: POST /session/02ea79fddde22fa81bffc0522714798c/execute/async - {"script":"<script> [1562 bytes]","args":[{"selector":{"id":"application-managepartners-display-component---NewPartner--addressDetailDetailsName1","interaction":{"idSuffix":"inner"}},"wdio_ui5_key":"applicationmanagepartners-display-component---NewPartner--addressDetailDetailsName1"}]}
RESULT: {}
RESULT: {}
RESULT: {"script":"<script> [1562 bytes]","args":[{"selector":{"id":"application-managepartners-display-component---NewPartner--addressDetailDetailsName1","interaction":{"idSuffix":"inner"}},"wdio_ui5_key":"applicationmanagepartners-display-component---NewPartner--addressDetailDetailsName1"}]}
RESULT: undefined
COMMAND: POST /session/02ea79fddde22fa81bffc0522714798c/execute/async - {"script":"<script> [776 bytes]","args":[{"enterText":"Intracompany Partner WDIO","selector":{"id":"application-managepartners-display-component---NewPartner--addressDetailDetailsName1","interaction":{"idSuffix":"inner"}},"clearTextFirst":true,"interactionType":"ENTER_TEXT"}]}
RESULT: {"script":"<script> [776 bytes]","args":[{"enterText":"Intracompany Partner WDIO","selector":{"id":"application-managepartners-display-component---NewPartner--addressDetailDetailsName1","interaction":{"idSuffix":"inner"}},"clearTextFirst":true,"interactionType":"ENTER_TEXT"}]}
COMMAND: POST /session/02ea79fddde22fa81bffc0522714798c/execute/async - {"script":"<script> [1562 bytes]","args":[{"selector":{"id":"application-managepartners-display-component---NewPartner--addressDetailDetailsLanguage-arrow"},"wdio_ui5_key":"applicationmanagepartners-display-component---NewPartner--addressDetailDetailsLanguage-arrow"}]}
RESULT: {"script":"<script> [1562 bytes]","args":[{"selector":{"id":"application-managepartners-display-component---NewPartner--addressDetailDetailsLanguage-arrow"},"wdio_ui5_key":"applicationmanagepartners-display-component---NewPartner--addressDetailDetailsLanguage-arrow"}]}
RESULT: undefined
COMMAND: POST /session/02ea79fddde22fa81bffc0522714798c/element - {"using":"xpath","value":"//*[@id=\"application-managepartners-display-component---NewPartner--addressDetailDetailsLanguage-arrow\"]"}
RESULT: {"using":"xpath","value":"//*[@id=\"application-managepartners-display-component---NewPartner--addressDetailDetailsLanguage-arrow\"]"}
COMMAND: POST /session/02ea79fddde22fa81bffc0522714798c/element/f.CB997DD3A6212A0539B4B9AD4CB02789.d.F8857731B64118E2787558C62AFD741F.e.1520/click - {}
RESULT: {}
COMMAND: POST /session/02ea79fddde22fa81bffc0522714798c/element - {"using":"xpath","value":"//span[contains(text(), \"English\")]"}
COMMAND: GET /session/02ea79fddde22fa81bffc0522714798c/screenshot - {}
RESULT: {"using":"xpath","value":"//span[contains(text(), \"English\")]"}
COMMAND: POST /session/02ea79fddde22fa81bffc0522714798c/element/f.CB997DD3A6212A0539B4B9AD4CB02789.d.F8857731B64118E2787558C62AFD741F.e.1521/click - {}
RESULT: {}
RESULT: {}
COMMAND: GET /session/02ea79fddde22fa81bffc0522714798c/screenshot - {}
RESULT: {}
COMMAND: POST /session/02ea79fddde22fa81bffc0522714798c/execute/async - {"script":"<script> [1562 bytes]","args":[{"selector":{"id":"application-managepartners-display-component---NewPartner--addressDetailDetailsCity1","interaction":{"idSuffix":"inner"}},"wdio_ui5_key":"applicationmanagepartners-display-component---NewPartner--addressDetailDetailsCity1"}]}
RESULT: {"script":"<script> [1562 bytes]","args":[{"selector":{"id":"application-managepartners-display-component---NewPartner--addressDetailDetailsCity1","interaction":{"idSuffix":"inner"}},"wdio_ui5_key":"applicationmanagepartners-display-component---NewPartner--addressDetailDetailsCity1"}]}
RESULT: undefined
COMMAND: POST /session/02ea79fddde22fa81bffc0522714798c/execute/async - {"script":"<script> [776 bytes]","args":[{"enterText":"Rosario","selector":{"id":"application-managepartners-display-component---NewPartner--addressDetailDetailsCity1","interaction":{"idSuffix":"inner"}},"clearTextFirst":true,"interactionType":"ENTER_TEXT"}]}
RESULT: {"script":"<script> [776 bytes]","args":[{"enterText":"Rosario","selector":{"id":"application-managepartners-display-component---NewPartner--addressDetailDetailsCity1","interaction":{"idSuffix":"inner"}},"clearTextFirst":true,"interactionType":"ENTER_TEXT"}]}
COMMAND: POST /session/02ea79fddde22fa81bffc0522714798c/execute/async - {"script":"<script> [1562 bytes]","args":[{"selector":{"id":"application-managepartners-display-component---NewPartner--addressDetailDetailsCountry-arrow"},"wdio_ui5_key":"applicationmanagepartners-display-component---NewPartner--addressDetailDetailsCountry-arrow"}]}
RESULT: {"script":"<script> [1562 bytes]","args":[{"selector":{"id":"application-managepartners-display-component---NewPartner--addressDetailDetailsCountry-arrow"},"wdio_ui5_key":"applicationmanagepartners-display-component---NewPartner--addressDetailDetailsCountry-arrow"}]}
RESULT: undefined
COMMAND: POST /session/02ea79fddde22fa81bffc0522714798c/element - {"using":"xpath","value":"//*[@id=\"application-managepartners-display-component---NewPartner--addressDetailDetailsCountry-arrow\"]"}
RESULT: {"using":"xpath","value":"//*[@id=\"application-managepartners-display-component---NewPartner--addressDetailDetailsCountry-arrow\"]"}
COMMAND: POST /session/02ea79fddde22fa81bffc0522714798c/element/f.CB997DD3A6212A0539B4B9AD4CB02789.d.F8857731B64118E2787558C62AFD741F.e.1488/click - {}
RESULT: {}
COMMAND: POST /session/02ea79fddde22fa81bffc0522714798c/element - {"using":"xpath","value":"//span[contains(text(), \"Argentina\")]"}
COMMAND: GET /session/02ea79fddde22fa81bffc0522714798c/screenshot - {}
RESULT: {"using":"xpath","value":"//span[contains(text(), \"Argentina\")]"}
COMMAND: POST /session/02ea79fddde22fa81bffc0522714798c/element/f.CB997DD3A6212A0539B4B9AD4CB02789.d.F8857731B64118E2787558C62AFD741F.e.1523/click - {}
RESULT: {}
RESULT: {}
COMMAND: GET /session/02ea79fddde22fa81bffc0522714798c/screenshot - {}
RESULT: {}
COMMAND: POST /session/02ea79fddde22fa81bffc0522714798c/element - {"using":"xpath","value":"//bdi[contains(text(), \"Commercial\")]"}
RESULT: {"using":"xpath","value":"//bdi[contains(text(), \"Commercial\")]"}
COMMAND: POST /session/02ea79fddde22fa81bffc0522714798c/element/f.CB997DD3A6212A0539B4B9AD4CB02789.d.F8857731B64118E2787558C62AFD741F.e.1524/click - {}
RESULT: {}
COMMAND: GET /session/02ea79fddde22fa81bffc0522714798c/screenshot - {}
RESULT: {}
COMMAND: POST /session/02ea79fddde22fa81bffc0522714798c/execute/async - {"script":"<script> [1562 bytes]","args":[{"selector":{"id":"application-managepartners-display-component---NewPartner--partnerDetailInternal-arrow"},"wdio_ui5_key":"applicationmanagepartners-display-component---NewPartner--partnerDetailInternal-arrow"}]}
RESULT: {"script":"<script> [1562 bytes]","args":[{"selector":{"id":"application-managepartners-display-component---NewPartner--partnerDetailInternal-arrow"},"wdio_ui5_key":"applicationmanagepartners-display-component---NewPartner--partnerDetailInternal-arrow"}]}
RESULT: undefined
COMMAND: POST /session/02ea79fddde22fa81bffc0522714798c/element - {"using":"xpath","value":"//*[@id=\"application-managepartners-display-component---NewPartner--partnerDetailInternal-arrow\"]"}
RESULT: {"using":"xpath","value":"//*[@id=\"application-managepartners-display-component---NewPartner--partnerDetailInternal-arrow\"]"}
COMMAND: POST /session/02ea79fddde22fa81bffc0522714798c/element/f.CB997DD3A6212A0539B4B9AD4CB02789.d.F8857731B64118E2787558C62AFD741F.e.1530/click - {}
RESULT: {}
COMMAND: POST /session/02ea79fddde22fa81bffc0522714798c/element - {"using":"xpath","value":"//span[contains(text(), \"Affiliated company\")]"}
COMMAND: GET /session/02ea79fddde22fa81bffc0522714798c/screenshot - {}
RESULT: {"using":"xpath","value":"//span[contains(text(), \"Affiliated company\")]"}
COMMAND: POST /session/02ea79fddde22fa81bffc0522714798c/element/f.CB997DD3A6212A0539B4B9AD4CB02789.d.F8857731B64118E2787558C62AFD741F.e.1531/click - {}
RESULT: {}
RESULT: {}
COMMAND: POST /session/02ea79fddde22fa81bffc0522714798c/execute/async - {"script":"<script> [1562 bytes]","args":[{"selector":{"id":"application-managepartners-display-component---NewPartner--partnerDetailsCurrency-arrow"},"wdio_ui5_key":"applicationmanagepartners-display-component---NewPartner--partnerDetailsCurrency-arrow"}]}
COMMAND: GET /session/02ea79fddde22fa81bffc0522714798c/screenshot - {}
RESULT: {"script":"<script> [1562 bytes]","args":[{"selector":{"id":"application-managepartners-display-component---NewPartner--partnerDetailsCurrency-arrow"},"wdio_ui5_key":"applicationmanagepartners-display-component---NewPartner--partnerDetailsCurrency-arrow"}]}
RESULT: undefined
COMMAND: POST /session/02ea79fddde22fa81bffc0522714798c/element - {"using":"xpath","value":"//*[@id=\"application-managepartners-display-component---NewPartner--partnerDetailsCurrency-arrow\"]"}
RESULT: {}
RESULT: {"using":"xpath","value":"//*[@id=\"application-managepartners-display-component---NewPartner--partnerDetailsCurrency-arrow\"]"}
COMMAND: POST /session/02ea79fddde22fa81bffc0522714798c/element/f.CB997DD3A6212A0539B4B9AD4CB02789.d.F8857731B64118E2787558C62AFD741F.e.1538/click - {}
RESULT: {}
COMMAND: POST /session/02ea79fddde22fa81bffc0522714798c/element - {"using":"xpath","value":"//span[contains(text(), \"Euro\")]"}
COMMAND: GET /session/02ea79fddde22fa81bffc0522714798c/screenshot - {}
RESULT: {"using":"xpath","value":"//span[contains(text(), \"Euro\")]"}
COMMAND: POST /session/02ea79fddde22fa81bffc0522714798c/element/f.CB997DD3A6212A0539B4B9AD4CB02789.d.F8857731B64118E2787558C62AFD741F.e.1539/click - {}
RESULT: {}
RESULT: {}
COMMAND: POST /session/02ea79fddde22fa81bffc0522714798c/execute/async - {"script":"<script> [1562 bytes]","args":[{"selector":{"id":"application-managepartners-display-component---NewPartner--addressEditDetailsCostObjectCstType-arrow"},"wdio_ui5_key":"applicationmanagepartners-display-component---NewPartner--addressEditDetailsCostObjectCstType-arrow"}]}
COMMAND: GET /session/02ea79fddde22fa81bffc0522714798c/screenshot - {}
RESULT: {"script":"<script> [1562 bytes]","args":[{"selector":{"id":"application-managepartners-display-component---NewPartner--addressEditDetailsCostObjectCstType-arrow"},"wdio_ui5_key":"applicationmanagepartners-display-component---NewPartner--addressEditDetailsCostObjectCstType-arrow"}]}
RESULT: undefined
COMMAND: POST /session/02ea79fddde22fa81bffc0522714798c/element - {"using":"xpath","value":"//*[@id=\"application-managepartners-display-component---NewPartner--addressEditDetailsCostObjectCstType-arrow\"]"}
RESULT: {}
RESULT: {"using":"xpath","value":"//*[@id=\"application-managepartners-display-component---NewPartner--addressEditDetailsCostObjectCstType-arrow\"]"}
COMMAND: POST /session/02ea79fddde22fa81bffc0522714798c/element/f.CB997DD3A6212A0539B4B9AD4CB02789.d.F8857731B64118E2787558C62AFD741F.e.1540/click - {}
RESULT: {}
COMMAND: POST /session/02ea79fddde22fa81bffc0522714798c/element - {"using":"xpath","value":"//span[contains(text(), \"Cost Center\")]"}
COMMAND: GET /session/02ea79fddde22fa81bffc0522714798c/screenshot - {}
RESULT: {"using":"xpath","value":"//span[contains(text(), \"Cost Center\")]"}
COMMAND: POST /session/02ea79fddde22fa81bffc0522714798c/element/f.CB997DD3A6212A0539B4B9AD4CB02789.d.F8857731B64118E2787558C62AFD741F.e.1541/click - {}
RESULT: {}
RESULT: {}
COMMAND: GET /session/02ea79fddde22fa81bffc0522714798c/screenshot - {}
RESULT: {}
COMMAND: POST /session/02ea79fddde22fa81bffc0522714798c/element - {"using":"xpath","value":"//span[@id=\"application-managepartners-display-component---NewPartner--addressNewCostObjectCstID-vhi\"]"}
RESULT: {"using":"xpath","value":"//span[@id=\"application-managepartners-display-component---NewPartner--addressNewCostObjectCstID-vhi\"]"}
COMMAND: POST /session/02ea79fddde22fa81bffc0522714798c/execute/sync - {"script":"<script> [8489 bytes]","args":[{"element-6066-11e4-a52e-4f735466cecf":"f.CB997DD3A6212A0539B4B9AD4CB02789.d.F8857731B64118E2787558C62AFD741F.e.1545","ELEMENT":"f.CB997DD3A6212A0539B4B9AD4CB02789.d.F8857731B64118E2787558C62AFD741F.e.1545"}]}
RESULT: {"script":"<script> [8489 bytes]","args":[{"element-6066-11e4-a52e-4f735466cecf":"f.CB997DD3A6212A0539B4B9AD4CB02789.d.F8857731B64118E2787558C62AFD741F.e.1545","ELEMENT":"f.CB997DD3A6212A0539B4B9AD4CB02789.d.F8857731B64118E2787558C62AFD741F.e.1545"}]}
COMMAND: POST /session/02ea79fddde22fa81bffc0522714798c/execute/async - {"script":"<script> [1562 bytes]","args":[{"selector":{"id":"application-managepartners-display-component---NewPartner--addressNewCostObjectCstID-vhi"},"wdio_ui5_key":"applicationmanagepartners-display-component---NewPartner--addressNewCostObjectCstID-vhi"}]}
COMMAND: GET /session/02ea79fddde22fa81bffc0522714798c/screenshot - {}
RESULT: {"script":"<script> [1562 bytes]","args":[{"selector":{"id":"application-managepartners-display-component---NewPartner--addressNewCostObjectCstID-vhi"},"wdio_ui5_key":"applicationmanagepartners-display-component---NewPartner--addressNewCostObjectCstID-vhi"}]}
RESULT: undefined
COMMAND: POST /session/02ea79fddde22fa81bffc0522714798c/element - {"using":"xpath","value":"//*[@id=\"application-managepartners-display-component---NewPartner--addressNewCostObjectCstID-vhi\"]"}
RESULT: {}
RESULT: {"using":"xpath","value":"//*[@id=\"application-managepartners-display-component---NewPartner--addressNewCostObjectCstID-vhi\"]"}
COMMAND: POST /session/02ea79fddde22fa81bffc0522714798c/element/f.CB997DD3A6212A0539B4B9AD4CB02789.d.F8857731B64118E2787558C62AFD741F.e.1545/click - {}
RESULT: {}
COMMAND: GET /session/02ea79fddde22fa81bffc0522714798c/screenshot - {}
RESULT: {}
RESULT: undefined
COMMAND: POST /session/02ea79fddde22fa81bffc0522714798c/execute/async - {"script":"<script> [776 bytes]","args":[{"enterText":"10001013","selector":{"controlType":"sap.m.SearchField","properties":{"placeholder":"Search"},"searchOpenDialogs":true,"interaction":{"idSuffix":"I"}},"clearTextFirst":true,"interactionType":"ENTER_TEXT"}]}
RESULT: {"script":"<script> [776 bytes]","args":[{"enterText":"10001013","selector":{"controlType":"sap.m.SearchField","properties":{"placeholder":"Search"},"searchOpenDialogs":true,"interaction":{"idSuffix":"I"}},"clearTextFirst":true,"interactionType":"ENTER_TEXT"}]}
COMMAND: POST /session/02ea79fddde22fa81bffc0522714798c/actions - {"actions":[{"id":"action2","type":"key","parameters":{},"actions":[{"type":"keyDown","value":"î€‡"},{"type":"pause","duration":10},{"type":"keyUp","value":"î€‡"}]}]}
RESULT: {"actions":[{"id":"action2","type":"key","parameters":{},"actions":[{"type":"keyDown","value":"î€‡"},{"type":"pause","duration":10},{"type":"keyUp","value":"î€‡"}]}]}
COMMAND: GET /session/02ea79fddde22fa81bffc0522714798c/screenshot - {}
RESULT: {}
COMMAND: POST /session/02ea79fddde22fa81bffc0522714798c/element - {"using":"xpath","value":"//span[contains(text(), \"General Management\")]"}
RESULT: {"using":"xpath","value":"//span[contains(text(), \"General Management\")]"}
COMMAND: POST /session/02ea79fddde22fa81bffc0522714798c/element/f.CB997DD3A6212A0539B4B9AD4CB02789.d.F8857731B64118E2787558C62AFD741F.e.1583/click - {}
RESULT: {}
COMMAND: GET /session/02ea79fddde22fa81bffc0522714798c/screenshot - {}
RESULT: {}
COMMAND: POST /session/02ea79fddde22fa81bffc0522714798c/element - {"using":"xpath","value":"//bdi[contains(text(), \"OK\")]"}
RESULT: {"using":"xpath","value":"//bdi[contains(text(), \"OK\")]"}
COMMAND: POST /session/02ea79fddde22fa81bffc0522714798c/element/f.CB997DD3A6212A0539B4B9AD4CB02789.d.F8857731B64118E2787558C62AFD741F.e.1584/click - {}
RESULT: {}
COMMAND: GET /session/02ea79fddde22fa81bffc0522714798c/screenshot - {}
RESULT: {}
COMMAND: POST /session/02ea79fddde22fa81bffc0522714798c/element - {"using":"xpath","value":"//input[@id=\"application-managepartners-display-component---NewPartner--companyCodeComboBox-inner\"]"}
RESULT: {"using":"xpath","value":"//input[@id=\"application-managepartners-display-component---NewPartner--companyCodeComboBox-inner\"]"}
COMMAND: POST /session/02ea79fddde22fa81bffc0522714798c/element/f.CB997DD3A6212A0539B4B9AD4CB02789.d.F8857731B64118E2787558C62AFD741F.e.1375/clear - {}
RESULT: {}
COMMAND: POST /session/02ea79fddde22fa81bffc0522714798c/element/f.CB997DD3A6212A0539B4B9AD4CB02789.d.F8857731B64118E2787558C62AFD741F.e.1375/value - {"text":"1000"}
COMMAND: GET /session/02ea79fddde22fa81bffc0522714798c/screenshot - {}
RESULT: {"text":"1000"}
COMMAND: GET /session/02ea79fddde22fa81bffc0522714798c/screenshot - {}
RESULT: {}
RESULT: {}
COMMAND: POST /session/02ea79fddde22fa81bffc0522714798c/element - {"using":"xpath","value":"//span[contains(text(), \"1000\")]"}
RESULT: {"using":"xpath","value":"//span[contains(text(), \"1000\")]"}
COMMAND: POST /session/02ea79fddde22fa81bffc0522714798c/element/f.CB997DD3A6212A0539B4B9AD4CB02789.d.F8857731B64118E2787558C62AFD741F.e.1590/click - {}
RESULT: {}
COMMAND: GET /session/02ea79fddde22fa81bffc0522714798c/screenshot - {}
RESULT: {}
COMMAND: POST /session/02ea79fddde22fa81bffc0522714798c/execute/async - {"script":"<script> [1562 bytes]","args":[{"selector":{"id":"application-managepartners-display-component---NewPartner--btnAddTableRow-img"},"wdio_ui5_key":"applicationmanagepartners-display-component---NewPartner--btnAddTableRow-img"}]}
RESULT: {"script":"<script> [1562 bytes]","args":[{"selector":{"id":"application-managepartners-display-component---NewPartner--btnAddTableRow-img"},"wdio_ui5_key":"applicationmanagepartners-display-component---NewPartner--btnAddTableRow-img"}]}
RESULT: undefined
COMMAND: POST /session/02ea79fddde22fa81bffc0522714798c/element - {"using":"xpath","value":"//*[@id=\"application-managepartners-display-component---NewPartner--btnAddTableRow-img\"]"}
RESULT: {"using":"xpath","value":"//*[@id=\"application-managepartners-display-component---NewPartner--btnAddTableRow-img\"]"}
COMMAND: POST /session/02ea79fddde22fa81bffc0522714798c/element/f.CB997DD3A6212A0539B4B9AD4CB02789.d.F8857731B64118E2787558C62AFD741F.e.1591/click - {}
RESULT: {}
COMMAND: GET /session/02ea79fddde22fa81bffc0522714798c/screenshot - {}
RESULT: {}
COMMAND: POST /session/02ea79fddde22fa81bffc0522714798c/element - {"using":"xpath","value":"//input[@id=\"application-managepartners-display-component---NewPartner--assignmentYard-application-managepartners-display-component---NewPartner--assignmentsTable-0-inner\"]"}
RESULT: {"using":"xpath","value":"//input[@id=\"application-managepartners-display-component---NewPartner--assignmentYard-application-managepartners-display-component---NewPartner--assignmentsTable-0-inner\"]"}
COMMAND: POST /session/02ea79fddde22fa81bffc0522714798c/element/f.CB997DD3A6212A0539B4B9AD4CB02789.d.F8857731B64118E2787558C62AFD741F.e.1594/clear - {}
RESULT: {}
COMMAND: POST /session/02ea79fddde22fa81bffc0522714798c/element/f.CB997DD3A6212A0539B4B9AD4CB02789.d.F8857731B64118E2787558C62AFD741F.e.1594/value - {"text":"344"}
COMMAND: GET /session/02ea79fddde22fa81bffc0522714798c/screenshot - {}
RESULT: {"text":"344"}
COMMAND: GET /session/02ea79fddde22fa81bffc0522714798c/screenshot - {}
RESULT: {}
RESULT: {}
COMMAND: POST /session/02ea79fddde22fa81bffc0522714798c/element - {"using":"xpath","value":"//li[.//span[text()='344']]"}
RESULT: {"using":"xpath","value":"//li[.//span[text()='344']]"}
COMMAND: POST /session/02ea79fddde22fa81bffc0522714798c/element/f.CB997DD3A6212A0539B4B9AD4CB02789.d.F8857731B64118E2787558C62AFD741F.e.1603/click - {}
RESULT: {}
COMMAND: GET /session/02ea79fddde22fa81bffc0522714798c/screenshot - {}
RESULT: {}
COMMAND: POST /session/02ea79fddde22fa81bffc0522714798c/actions - {"actions":[{"id":"action3","type":"key","parameters":{},"actions":[{"type":"keyDown","value":"î€‡"},{"type":"pause","duration":10},{"type":"keyUp","value":"î€‡"}]}]}
RESULT: {"actions":[{"id":"action3","type":"key","parameters":{},"actions":[{"type":"keyDown","value":"î€‡"},{"type":"pause","duration":10},{"type":"keyUp","value":"î€‡"}]}]}
COMMAND: POST /session/02ea79fddde22fa81bffc0522714798c/execute/async - {"script":"<script> [1562 bytes]","args":[{"selector":{"id":"application-managepartners-display-component---NewPartner--externalCustomerComboBox-application-managepartners-display-component---NewPartner--assignmentsTable-0-vhi"},"wdio_ui5_key":"applicationmanagepartners-display-component---NewPartner--externalCustomerComboBox-application-managepartners-display-component---NewPartner--assignmentsTable-0-vhi"}]}
COMMAND: GET /session/02ea79fddde22fa81bffc0522714798c/screenshot - {}
RESULT: {"script":"<script> [1562 bytes]","args":[{"selector":{"id":"application-managepartners-display-component---NewPartner--externalCustomerComboBox-application-managepartners-display-component---NewPartner--assignmentsTable-0-vhi"},"wdio_ui5_key":"applicationmanagepartners-display-component---NewPartner--externalCustomerComboBox-application-managepartners-display-component---NewPartner--assignmentsTable-0-vhi"}]}
RESULT: undefined
COMMAND: POST /session/02ea79fddde22fa81bffc0522714798c/element - {"using":"xpath","value":"//*[@id=\"application-managepartners-display-component---NewPartner--externalCustomerComboBox-application-managepartners-display-component---NewPartner--assignmentsTable-0-vhi\"]"}
RESULT: {}
RESULT: {"using":"xpath","value":"//*[@id=\"application-managepartners-display-component---NewPartner--externalCustomerComboBox-application-managepartners-display-component---NewPartner--assignmentsTable-0-vhi\"]"}
COMMAND: POST /session/02ea79fddde22fa81bffc0522714798c/element/f.CB997DD3A6212A0539B4B9AD4CB02789.d.F8857731B64118E2787558C62AFD741F.e.1607/click - {}
RESULT: {}
RESULT: undefined
COMMAND: POST /session/02ea79fddde22fa81bffc0522714798c/execute/async - {"script":"<script> [776 bytes]","args":[{"enterText":"300003","selector":{"controlType":"sap.m.SearchField","properties":{"placeholder":"Search"},"searchOpenDialogs":true,"interaction":{"idSuffix":"I"}},"clearTextFirst":true,"interactionType":"ENTER_TEXT"}]}
COMMAND: GET /session/02ea79fddde22fa81bffc0522714798c/screenshot - {}
RESULT: {"script":"<script> [776 bytes]","args":[{"enterText":"300003","selector":{"controlType":"sap.m.SearchField","properties":{"placeholder":"Search"},"searchOpenDialogs":true,"interaction":{"idSuffix":"I"}},"clearTextFirst":true,"interactionType":"ENTER_TEXT"}]}
COMMAND: POST /session/02ea79fddde22fa81bffc0522714798c/actions - {"actions":[{"id":"action4","type":"key","parameters":{},"actions":[{"type":"keyDown","value":"î€‡"},{"type":"pause","duration":10},{"type":"keyUp","value":"î€‡"}]}]}
RESULT: {}
RESULT: {"actions":[{"id":"action4","type":"key","parameters":{},"actions":[{"type":"keyDown","value":"î€‡"},{"type":"pause","duration":10},{"type":"keyUp","value":"î€‡"}]}]}
COMMAND: GET /session/02ea79fddde22fa81bffc0522714798c/screenshot - {}
RESULT: {}
COMMAND: POST /session/02ea79fddde22fa81bffc0522714798c/element - {"using":"xpath","value":"//span[contains(text(), \"300003\")]"}
RESULT: {"using":"xpath","value":"//span[contains(text(), \"300003\")]"}
COMMAND: POST /session/02ea79fddde22fa81bffc0522714798c/element/f.CB997DD3A6212A0539B4B9AD4CB02789.d.F8857731B64118E2787558C62AFD741F.e.1624/click - {}
RESULT: {}
COMMAND: GET /session/02ea79fddde22fa81bffc0522714798c/screenshot - {}
RESULT: {}
COMMAND: POST /session/02ea79fddde22fa81bffc0522714798c/element - {"using":"xpath","value":"//bdi[contains(text(), \"OK\")]"}
RESULT: {"using":"xpath","value":"//bdi[contains(text(), \"OK\")]"}
COMMAND: POST /session/02ea79fddde22fa81bffc0522714798c/element/f.CB997DD3A6212A0539B4B9AD4CB02789.d.F8857731B64118E2787558C62AFD741F.e.1626/click - {}
RESULT: {}
COMMAND: GET /session/02ea79fddde22fa81bffc0522714798c/screenshot - {}
RESULT: {}
COMMAND: POST /session/02ea79fddde22fa81bffc0522714798c/execute/async - {"script":"<script> [1562 bytes]","args":[{"selector":{"id":"application-managepartners-display-component---NewPartner--intercompVendorComboBox-application-managepartners-display-component---NewPartner--assignmentsTable-0-vhi"},"wdio_ui5_key":"applicationmanagepartners-display-component---NewPartner--intercompVendorComboBox-application-managepartners-display-component---NewPartner--assignmentsTable-0-vhi"}]}
RESULT: {"script":"<script> [1562 bytes]","args":[{"selector":{"id":"application-managepartners-display-component---NewPartner--intercompVendorComboBox-application-managepartners-display-component---NewPartner--assignmentsTable-0-vhi"},"wdio_ui5_key":"applicationmanagepartners-display-component---NewPartner--intercompVendorComboBox-application-managepartners-display-component---NewPartner--assignmentsTable-0-vhi"}]}
RESULT: undefined
COMMAND: POST /session/02ea79fddde22fa81bffc0522714798c/element - {"using":"xpath","value":"//*[@id=\"application-managepartners-display-component---NewPartner--intercompVendorComboBox-application-managepartners-display-component---NewPartner--assignmentsTable-0-vhi\"]"}
RESULT: {"using":"xpath","value":"//*[@id=\"application-managepartners-display-component---NewPartner--intercompVendorComboBox-application-managepartners-display-component---NewPartner--assignmentsTable-0-vhi\"]"}
COMMAND: POST /session/02ea79fddde22fa81bffc0522714798c/element/f.CB997DD3A6212A0539B4B9AD4CB02789.d.F8857731B64118E2787558C62AFD741F.e.1629/click - {}
RESULT: {}
RESULT: undefined
COMMAND: POST /session/02ea79fddde22fa81bffc0522714798c/execute/async - {"script":"<script> [776 bytes]","args":[{"enterText":"100005","selector":{"controlType":"sap.m.SearchField","properties":{"placeholder":"Search"},"searchOpenDialogs":true,"interaction":{"idSuffix":"I"}},"clearTextFirst":true,"interactionType":"ENTER_TEXT"}]}
COMMAND: GET /session/02ea79fddde22fa81bffc0522714798c/screenshot - {}
RESULT: {"script":"<script> [776 bytes]","args":[{"enterText":"100005","selector":{"controlType":"sap.m.SearchField","properties":{"placeholder":"Search"},"searchOpenDialogs":true,"interaction":{"idSuffix":"I"}},"clearTextFirst":true,"interactionType":"ENTER_TEXT"}]}
COMMAND: POST /session/02ea79fddde22fa81bffc0522714798c/actions - {"actions":[{"id":"action5","type":"key","parameters":{},"actions":[{"type":"keyDown","value":"î€‡"},{"type":"pause","duration":10},{"type":"keyUp","value":"î€‡"}]}]}
RESULT: {}
RESULT: {"actions":[{"id":"action5","type":"key","parameters":{},"actions":[{"type":"keyDown","value":"î€‡"},{"type":"pause","duration":10},{"type":"keyUp","value":"î€‡"}]}]}
COMMAND: GET /session/02ea79fddde22fa81bffc0522714798c/screenshot - {}
RESULT: {}
COMMAND: POST /session/02ea79fddde22fa81bffc0522714798c/element - {"using":"xpath","value":"//span[contains(text(), \"Penguins - Field/12345 Berlin\")]"}
RESULT: {"using":"xpath","value":"//span[contains(text(), \"Penguins - Field/12345 Berlin\")]"}
COMMAND: POST /session/02ea79fddde22fa81bffc0522714798c/element/f.CB997DD3A6212A0539B4B9AD4CB02789.d.F8857731B64118E2787558C62AFD741F.e.1647/click - {}
RESULT: {}
COMMAND: GET /session/02ea79fddde22fa81bffc0522714798c/screenshot - {}
RESULT: {}
COMMAND: POST /session/02ea79fddde22fa81bffc0522714798c/element - {"using":"xpath","value":"//bdi[contains(text(), \"OK\")]"}
RESULT: {"using":"xpath","value":"//bdi[contains(text(), \"OK\")]"}
COMMAND: POST /session/02ea79fddde22fa81bffc0522714798c/element/f.CB997DD3A6212A0539B4B9AD4CB02789.d.F8857731B64118E2787558C62AFD741F.e.1648/click - {}
RESULT: {}
COMMAND: GET /session/02ea79fddde22fa81bffc0522714798c/screenshot - {}
RESULT: {}
COMMAND: POST /session/02ea79fddde22fa81bffc0522714798c/element - {"using":"xpath","value":"//button[@data-kt=\"saveButton\"]"}
RESULT: {"using":"xpath","value":"//button[@data-kt=\"saveButton\"]"}
COMMAND: POST /session/02ea79fddde22fa81bffc0522714798c/element/f.CB997DD3A6212A0539B4B9AD4CB02789.d.F8857731B64118E2787558C62AFD741F.e.1457/click - {}
RESULT: {}
COMMAND: GET /session/02ea79fddde22fa81bffc0522714798c/screenshot - {}
RESULT: {}
COMMAND: POST /session/02ea79fddde22fa81bffc0522714798c/element - {"using":"xpath","value":"//header[contains(@id, 'ObjectPageLayout-headerTitle')]/div[1]/div[2]/div[2]/span[1]"}
RESULT: {"using":"xpath","value":"//header[contains(@id, 'ObjectPageLayout-headerTitle')]/div[1]/div[2]/div[2]/span[1]"}
COMMAND: POST /session/02ea79fddde22fa81bffc0522714798c/elements - {"using":"xpath","value":"//header[contains(@id, 'ObjectPageLayout-headerTitle')]/div[1]/div[2]/div[2]/span[1]"}
RESULT: {"using":"xpath","value":"//header[contains(@id, 'ObjectPageLayout-headerTitle')]/div[1]/div[2]/div[2]/span[1]"}
COMMAND: POST /session/02ea79fddde22fa81bffc0522714798c/execute/sync - {"script":"<script> [56 bytes]","args":[{"element-6066-11e4-a52e-4f735466cecf":"f.CB997DD3A6212A0539B4B9AD4CB02789.d.F8857731B64118E2787558C62AFD741F.e.1815","ELEMENT":"f.CB997DD3A6212A0539B4B9AD4CB02789.d.F8857731B64118E2787558C62AFD741F.e.1815"}]}
RESULT: {"script":"<script> [56 bytes]","args":[{"element-6066-11e4-a52e-4f735466cecf":"f.CB997DD3A6212A0539B4B9AD4CB02789.d.F8857731B64118E2787558C62AFD741F.e.1815","ELEMENT":"f.CB997DD3A6212A0539B4B9AD4CB02789.d.F8857731B64118E2787558C62AFD741F.e.1815"}]}
COMMAND: POST /session/02ea79fddde22fa81bffc0522714798c/element - {"using":"css selector","value":"#shell-header-logo"}
COMMAND: GET /session/02ea79fddde22fa81bffc0522714798c/screenshot - {}
RESULT: {"using":"css selector","value":"#shell-header-logo"}
COMMAND: POST /session/02ea79fddde22fa81bffc0522714798c/element/f.CB997DD3A6212A0539B4B9AD4CB02789.d.F8857731B64118E2787558C62AFD741F.e.1027/click - {}
RESULT: {}
RESULT: {}
COMMAND: GET /session/02ea79fddde22fa81bffc0522714798c/screenshot - {}
RESULT: {}
COMMAND: POST /session/02ea79fddde22fa81bffc0522714798c/execute/sync - {"script":"<script> [299 bytes]","args":[["getModel","getResource"]]}
RESULT: {"script":"<script> [299 bytes]","args":[["getModel","getResource"]]}
COMMAND: GET /session/02ea79fddde22fa81bffc0522714798c/screenshot - {}
]]></system-out>
    </testcase>
    <testcase classname="chrome.135_0_7049_96.windows.Billing_confirm_US117289" name="Should create a new site" time="84.042">
      <system-out><![CDATA[
COMMAND: POST /session/02ea79fddde22fa81bffc0522714798c/execute/async - {"script":"<script> [1562 bytes]","args":[{"selector":{"controlType":"sap.m.TileContent","bindingPath":{"path":"","propertyPath":"/properties/info"},"ancestor":{"controlType":"sap.m.GenericTile","properties":{"header":"Manage Sites"}}},"wdio_ui5_key":"sapm.TileContent{\"path\":\"\",\"propertyPath\":\"/properties/info\"}{\"controlType\":\"sap.m.GenericTile\",\"properties\":{\"header\":\"Manage Sites\"}}"}]}
RESULT: {"script":"<script> [1562 bytes]","args":[{"selector":{"controlType":"sap.m.TileContent","bindingPath":{"path":"","propertyPath":"/properties/info"},"ancestor":{"controlType":"sap.m.GenericTile","properties":{"header":"Manage Sites"}}},"wdio_ui5_key":"sapm.TileContent{\"path\":\"\",\"propertyPath\":\"/properties/info\"}{\"controlType\":\"sap.m.GenericTile\",\"properties\":{\"header\":\"Manage Sites\"}}"}]}
RESULT: undefined
COMMAND: POST /session/02ea79fddde22fa81bffc0522714798c/element - {"using":"xpath","value":"//*[@id=\"__xmlview7--numericTileContent\"]"}
RESULT: {}
RESULT: {"using":"xpath","value":"//*[@id=\"__xmlview7--numericTileContent\"]"}
COMMAND: POST /session/02ea79fddde22fa81bffc0522714798c/element/f.CB997DD3A6212A0539B4B9AD4CB02789.d.F8857731B64118E2787558C62AFD741F.e.1817/click - {}
RESULT: {}
COMMAND: POST /session/02ea79fddde22fa81bffc0522714798c/element - {"using":"xpath","value":"//button[@data-kt=\"addOverflowToolbarButton\"]"}
COMMAND: GET /session/02ea79fddde22fa81bffc0522714798c/screenshot - {}
RESULT: {"using":"xpath","value":"//button[@data-kt=\"addOverflowToolbarButton\"]"}
COMMAND: POST /session/02ea79fddde22fa81bffc0522714798c/elements - {"using":"xpath","value":"//button[@data-kt=\"addOverflowToolbarButton\"]"}
RESULT: {}
RESULT: {"using":"xpath","value":"//button[@data-kt=\"addOverflowToolbarButton\"]"}
COMMAND: POST /session/02ea79fddde22fa81bffc0522714798c/elements - {"using":"xpath","value":"//button[@data-kt=\"addOverflowToolbarButton\"]"}
RESULT: {"using":"xpath","value":"//button[@data-kt=\"addOverflowToolbarButton\"]"}
COMMAND: POST /session/02ea79fddde22fa81bffc0522714798c/elements - {"using":"xpath","value":"//button[@data-kt=\"addOverflowToolbarButton\"]"}
RESULT: {"using":"xpath","value":"//button[@data-kt=\"addOverflowToolbarButton\"]"}
COMMAND: POST /session/02ea79fddde22fa81bffc0522714798c/element - {"using":"xpath","value":"//button[@data-kt=\"addOverflowToolbarButton\"]"}
RESULT: {"using":"xpath","value":"//button[@data-kt=\"addOverflowToolbarButton\"]"}
COMMAND: POST /session/02ea79fddde22fa81bffc0522714798c/execute/sync - {"script":"<script> [8489 bytes]","args":[{"element-6066-11e4-a52e-4f735466cecf":"f.CB997DD3A6212A0539B4B9AD4CB02789.d.F8857731B64118E2787558C62AFD741F.e.1862","ELEMENT":"f.CB997DD3A6212A0539B4B9AD4CB02789.d.F8857731B64118E2787558C62AFD741F.e.1862"}]}
RESULT: {"script":"<script> [8489 bytes]","args":[{"element-6066-11e4-a52e-4f735466cecf":"f.CB997DD3A6212A0539B4B9AD4CB02789.d.F8857731B64118E2787558C62AFD741F.e.1862","ELEMENT":"f.CB997DD3A6212A0539B4B9AD4CB02789.d.F8857731B64118E2787558C62AFD741F.e.1862"}]}
COMMAND: GET /session/02ea79fddde22fa81bffc0522714798c/element/f.CB997DD3A6212A0539B4B9AD4CB02789.d.F8857731B64118E2787558C62AFD741F.e.1862/enabled - {}
COMMAND: GET /session/02ea79fddde22fa81bffc0522714798c/screenshot - {}
RESULT: {}
COMMAND: POST /session/02ea79fddde22fa81bffc0522714798c/execute/sync - {"script":"<script> [8489 bytes]","args":[{"element-6066-11e4-a52e-4f735466cecf":"f.CB997DD3A6212A0539B4B9AD4CB02789.d.F8857731B64118E2787558C62AFD741F.e.1862","ELEMENT":"f.CB997DD3A6212A0539B4B9AD4CB02789.d.F8857731B64118E2787558C62AFD741F.e.1862"}]}
COMMAND: GET /session/02ea79fddde22fa81bffc0522714798c/screenshot - {}
RESULT: {}
RESULT: {"script":"<script> [8489 bytes]","args":[{"element-6066-11e4-a52e-4f735466cecf":"f.CB997DD3A6212A0539B4B9AD4CB02789.d.F8857731B64118E2787558C62AFD741F.e.1862","ELEMENT":"f.CB997DD3A6212A0539B4B9AD4CB02789.d.F8857731B64118E2787558C62AFD741F.e.1862"}]}
COMMAND: POST /session/02ea79fddde22fa81bffc0522714798c/execute/sync - {"script":"<script> [5351 bytes]","args":[{"element-6066-11e4-a52e-4f735466cecf":"f.CB997DD3A6212A0539B4B9AD4CB02789.d.F8857731B64118E2787558C62AFD741F.e.1862","ELEMENT":"f.CB997DD3A6212A0539B4B9AD4CB02789.d.F8857731B64118E2787558C62AFD741F.e.1862"}]}
COMMAND: GET /session/02ea79fddde22fa81bffc0522714798c/screenshot - {}
RESULT: {}
RESULT: {"script":"<script> [5351 bytes]","args":[{"element-6066-11e4-a52e-4f735466cecf":"f.CB997DD3A6212A0539B4B9AD4CB02789.d.F8857731B64118E2787558C62AFD741F.e.1862","ELEMENT":"f.CB997DD3A6212A0539B4B9AD4CB02789.d.F8857731B64118E2787558C62AFD741F.e.1862"}]}
COMMAND: POST /session/02ea79fddde22fa81bffc0522714798c/element/f.CB997DD3A6212A0539B4B9AD4CB02789.d.F8857731B64118E2787558C62AFD741F.e.1862/click - {}
COMMAND: GET /session/02ea79fddde22fa81bffc0522714798c/screenshot - {}
RESULT: {}
RESULT: {}
COMMAND: GET /session/02ea79fddde22fa81bffc0522714798c/screenshot - {}
COMMAND: POST /session/02ea79fddde22fa81bffc0522714798c/execute/async - {"script":"<script> [1562 bytes]","args":[{"selector":{"id":"application-managesites-display-component---NewSite--addressDetailDetailsName1","interaction":{"idSuffix":"inner"}},"wdio_ui5_key":"applicationmanagesites-display-component---NewSite--addressDetailDetailsName1"}]}
RESULT: {}
RESULT: {}
RESULT: {"script":"<script> [1562 bytes]","args":[{"selector":{"id":"application-managesites-display-component---NewSite--addressDetailDetailsName1","interaction":{"idSuffix":"inner"}},"wdio_ui5_key":"applicationmanagesites-display-component---NewSite--addressDetailDetailsName1"}]}
RESULT: undefined
COMMAND: POST /session/02ea79fddde22fa81bffc0522714798c/execute/async - {"script":"<script> [776 bytes]","args":[{"enterText":"Intracompany Site wdIO","selector":{"id":"application-managesites-display-component---NewSite--addressDetailDetailsName1","interaction":{"idSuffix":"inner"}},"clearTextFirst":true,"interactionType":"ENTER_TEXT"}]}
RESULT: {"script":"<script> [776 bytes]","args":[{"enterText":"Intracompany Site wdIO","selector":{"id":"application-managesites-display-component---NewSite--addressDetailDetailsName1","interaction":{"idSuffix":"inner"}},"clearTextFirst":true,"interactionType":"ENTER_TEXT"}]}
COMMAND: POST /session/02ea79fddde22fa81bffc0522714798c/execute/async - {"script":"<script> [1562 bytes]","args":[{"selector":{"id":"application-managesites-display-component---NewSite--addressDetailDetailsLanguage-arrow"},"wdio_ui5_key":"applicationmanagesites-display-component---NewSite--addressDetailDetailsLanguage-arrow"}]}
RESULT: {"script":"<script> [1562 bytes]","args":[{"selector":{"id":"application-managesites-display-component---NewSite--addressDetailDetailsLanguage-arrow"},"wdio_ui5_key":"applicationmanagesites-display-component---NewSite--addressDetailDetailsLanguage-arrow"}]}
RESULT: undefined
COMMAND: POST /session/02ea79fddde22fa81bffc0522714798c/element - {"using":"xpath","value":"//*[@id=\"application-managesites-display-component---NewSite--addressDetailDetailsLanguage-arrow\"]"}
RESULT: {"using":"xpath","value":"//*[@id=\"application-managesites-display-component---NewSite--addressDetailDetailsLanguage-arrow\"]"}
COMMAND: POST /session/02ea79fddde22fa81bffc0522714798c/element/f.CB997DD3A6212A0539B4B9AD4CB02789.d.F8857731B64118E2787558C62AFD741F.e.2503/click - {}
RESULT: {}
COMMAND: POST /session/02ea79fddde22fa81bffc0522714798c/element - {"using":"xpath","value":"//span[contains(text(), \"English\")]"}
COMMAND: GET /session/02ea79fddde22fa81bffc0522714798c/screenshot - {}
RESULT: {"using":"xpath","value":"//span[contains(text(), \"English\")]"}
COMMAND: POST /session/02ea79fddde22fa81bffc0522714798c/element/f.CB997DD3A6212A0539B4B9AD4CB02789.d.F8857731B64118E2787558C62AFD741F.e.2504/click - {}
RESULT: {}
RESULT: {}
COMMAND: POST /session/02ea79fddde22fa81bffc0522714798c/execute/async - {"script":"<script> [1562 bytes]","args":[{"selector":{"id":"application-managesites-display-component---NewSite--addressDetailDetailsCity1","interaction":{"idSuffix":"inner"}},"wdio_ui5_key":"applicationmanagesites-display-component---NewSite--addressDetailDetailsCity1"}]}
COMMAND: GET /session/02ea79fddde22fa81bffc0522714798c/screenshot - {}
RESULT: {"script":"<script> [1562 bytes]","args":[{"selector":{"id":"application-managesites-display-component---NewSite--addressDetailDetailsCity1","interaction":{"idSuffix":"inner"}},"wdio_ui5_key":"applicationmanagesites-display-component---NewSite--addressDetailDetailsCity1"}]}
RESULT: undefined
COMMAND: POST /session/02ea79fddde22fa81bffc0522714798c/execute/async - {"script":"<script> [776 bytes]","args":[{"enterText":"Rosario","selector":{"id":"application-managesites-display-component---NewSite--addressDetailDetailsCity1","interaction":{"idSuffix":"inner"}},"clearTextFirst":true,"interactionType":"ENTER_TEXT"}]}
RESULT: {}
RESULT: {"script":"<script> [776 bytes]","args":[{"enterText":"Rosario","selector":{"id":"application-managesites-display-component---NewSite--addressDetailDetailsCity1","interaction":{"idSuffix":"inner"}},"clearTextFirst":true,"interactionType":"ENTER_TEXT"}]}
COMMAND: POST /session/02ea79fddde22fa81bffc0522714798c/execute/async - {"script":"<script> [1562 bytes]","args":[{"selector":{"id":"application-managesites-display-component---NewSite--addressDetailDetailsCountry-arrow"},"wdio_ui5_key":"applicationmanagesites-display-component---NewSite--addressDetailDetailsCountry-arrow"}]}
RESULT: {"script":"<script> [1562 bytes]","args":[{"selector":{"id":"application-managesites-display-component---NewSite--addressDetailDetailsCountry-arrow"},"wdio_ui5_key":"applicationmanagesites-display-component---NewSite--addressDetailDetailsCountry-arrow"}]}
RESULT: undefined
COMMAND: POST /session/02ea79fddde22fa81bffc0522714798c/element - {"using":"xpath","value":"//*[@id=\"application-managesites-display-component---NewSite--addressDetailDetailsCountry-arrow\"]"}
RESULT: {"using":"xpath","value":"//*[@id=\"application-managesites-display-component---NewSite--addressDetailDetailsCountry-arrow\"]"}
COMMAND: POST /session/02ea79fddde22fa81bffc0522714798c/element/f.CB997DD3A6212A0539B4B9AD4CB02789.d.F8857731B64118E2787558C62AFD741F.e.2506/click - {}
RESULT: {}
COMMAND: POST /session/02ea79fddde22fa81bffc0522714798c/element - {"using":"xpath","value":"//span[contains(text(), \"Argentina\")]"}
COMMAND: GET /session/02ea79fddde22fa81bffc0522714798c/screenshot - {}
RESULT: {"using":"xpath","value":"//span[contains(text(), \"Argentina\")]"}
COMMAND: POST /session/02ea79fddde22fa81bffc0522714798c/element/f.CB997DD3A6212A0539B4B9AD4CB02789.d.F8857731B64118E2787558C62AFD741F.e.2508/click - {}
RESULT: {}
RESULT: {}
COMMAND: GET /session/02ea79fddde22fa81bffc0522714798c/screenshot - {}
RESULT: {}
COMMAND: POST /session/02ea79fddde22fa81bffc0522714798c/execute/async - {"script":"<script> [1562 bytes]","args":[{"selector":{"id":"application-managesites-display-component---NewSite--addressEditDetailsCostObjectCstType-arrow"},"wdio_ui5_key":"applicationmanagesites-display-component---NewSite--addressEditDetailsCostObjectCstType-arrow"}]}
RESULT: {"script":"<script> [1562 bytes]","args":[{"selector":{"id":"application-managesites-display-component---NewSite--addressEditDetailsCostObjectCstType-arrow"},"wdio_ui5_key":"applicationmanagesites-display-component---NewSite--addressEditDetailsCostObjectCstType-arrow"}]}
RESULT: undefined
COMMAND: POST /session/02ea79fddde22fa81bffc0522714798c/element - {"using":"xpath","value":"//*[@id=\"application-managesites-display-component---NewSite--addressEditDetailsCostObjectCstType-arrow\"]"}
RESULT: {"using":"xpath","value":"//*[@id=\"application-managesites-display-component---NewSite--addressEditDetailsCostObjectCstType-arrow\"]"}
COMMAND: POST /session/02ea79fddde22fa81bffc0522714798c/element/f.CB997DD3A6212A0539B4B9AD4CB02789.d.F8857731B64118E2787558C62AFD741F.e.2509/click - {}
RESULT: {}
COMMAND: POST /session/02ea79fddde22fa81bffc0522714798c/element - {"using":"xpath","value":"//span[contains(text(), \"Cost Center\")]"}
COMMAND: GET /session/02ea79fddde22fa81bffc0522714798c/screenshot - {}
RESULT: {"using":"xpath","value":"//span[contains(text(), \"Cost Center\")]"}
COMMAND: POST /session/02ea79fddde22fa81bffc0522714798c/element/f.CB997DD3A6212A0539B4B9AD4CB02789.d.F8857731B64118E2787558C62AFD741F.e.2510/click - {}
RESULT: {}
RESULT: {}
COMMAND: GET /session/02ea79fddde22fa81bffc0522714798c/screenshot - {}
RESULT: {}
COMMAND: POST /session/02ea79fddde22fa81bffc0522714798c/element - {"using":"xpath","value":"//span[@id=\"application-managesites-display-component---NewSite--addressNewCostObjectCstID-vhi\"]"}
RESULT: {"using":"xpath","value":"//span[@id=\"application-managesites-display-component---NewSite--addressNewCostObjectCstID-vhi\"]"}
COMMAND: POST /session/02ea79fddde22fa81bffc0522714798c/execute/sync - {"script":"<script> [8489 bytes]","args":[{"element-6066-11e4-a52e-4f735466cecf":"f.CB997DD3A6212A0539B4B9AD4CB02789.d.F8857731B64118E2787558C62AFD741F.e.2515","ELEMENT":"f.CB997DD3A6212A0539B4B9AD4CB02789.d.F8857731B64118E2787558C62AFD741F.e.2515"}]}
RESULT: {"script":"<script> [8489 bytes]","args":[{"element-6066-11e4-a52e-4f735466cecf":"f.CB997DD3A6212A0539B4B9AD4CB02789.d.F8857731B64118E2787558C62AFD741F.e.2515","ELEMENT":"f.CB997DD3A6212A0539B4B9AD4CB02789.d.F8857731B64118E2787558C62AFD741F.e.2515"}]}
COMMAND: POST /session/02ea79fddde22fa81bffc0522714798c/execute/async - {"script":"<script> [1562 bytes]","args":[{"selector":{"id":"application-managesites-display-component---NewSite--addressNewCostObjectCstID-vhi"},"wdio_ui5_key":"applicationmanagesites-display-component---NewSite--addressNewCostObjectCstID-vhi"}]}
COMMAND: GET /session/02ea79fddde22fa81bffc0522714798c/screenshot - {}
RESULT: {"script":"<script> [1562 bytes]","args":[{"selector":{"id":"application-managesites-display-component---NewSite--addressNewCostObjectCstID-vhi"},"wdio_ui5_key":"applicationmanagesites-display-component---NewSite--addressNewCostObjectCstID-vhi"}]}
RESULT: undefined
COMMAND: POST /session/02ea79fddde22fa81bffc0522714798c/element - {"using":"xpath","value":"//*[@id=\"application-managesites-display-component---NewSite--addressNewCostObjectCstID-vhi\"]"}
RESULT: {}
RESULT: {"using":"xpath","value":"//*[@id=\"application-managesites-display-component---NewSite--addressNewCostObjectCstID-vhi\"]"}
COMMAND: POST /session/02ea79fddde22fa81bffc0522714798c/element/f.CB997DD3A6212A0539B4B9AD4CB02789.d.F8857731B64118E2787558C62AFD741F.e.2515/click - {}
RESULT: {}
COMMAND: GET /session/02ea79fddde22fa81bffc0522714798c/screenshot - {}
RESULT: {}
RESULT: undefined
COMMAND: POST /session/02ea79fddde22fa81bffc0522714798c/execute/async - {"script":"<script> [776 bytes]","args":[{"enterText":"10001013","selector":{"controlType":"sap.m.SearchField","properties":{"placeholder":"Search"},"searchOpenDialogs":true,"interaction":{"idSuffix":"I"}},"clearTextFirst":true,"interactionType":"ENTER_TEXT"}]}
RESULT: {"script":"<script> [776 bytes]","args":[{"enterText":"10001013","selector":{"controlType":"sap.m.SearchField","properties":{"placeholder":"Search"},"searchOpenDialogs":true,"interaction":{"idSuffix":"I"}},"clearTextFirst":true,"interactionType":"ENTER_TEXT"}]}
COMMAND: POST /session/02ea79fddde22fa81bffc0522714798c/actions - {"actions":[{"id":"action6","type":"key","parameters":{},"actions":[{"type":"keyDown","value":"î€‡"},{"type":"pause","duration":10},{"type":"keyUp","value":"î€‡"}]}]}
RESULT: {"actions":[{"id":"action6","type":"key","parameters":{},"actions":[{"type":"keyDown","value":"î€‡"},{"type":"pause","duration":10},{"type":"keyUp","value":"î€‡"}]}]}
COMMAND: GET /session/02ea79fddde22fa81bffc0522714798c/screenshot - {}
RESULT: {}
COMMAND: POST /session/02ea79fddde22fa81bffc0522714798c/element - {"using":"xpath","value":"//span[contains(text(), \"General Management\")]"}
RESULT: {"using":"xpath","value":"//span[contains(text(), \"General Management\")]"}
COMMAND: POST /session/02ea79fddde22fa81bffc0522714798c/element/f.CB997DD3A6212A0539B4B9AD4CB02789.d.F8857731B64118E2787558C62AFD741F.e.2554/click - {}
RESULT: {}
COMMAND: GET /session/02ea79fddde22fa81bffc0522714798c/screenshot - {}
RESULT: {}
COMMAND: POST /session/02ea79fddde22fa81bffc0522714798c/element - {"using":"xpath","value":"//bdi[contains(text(), \"OK\")]"}
RESULT: {"using":"xpath","value":"//bdi[contains(text(), \"OK\")]"}
COMMAND: POST /session/02ea79fddde22fa81bffc0522714798c/element/f.CB997DD3A6212A0539B4B9AD4CB02789.d.F8857731B64118E2787558C62AFD741F.e.2555/click - {}
RESULT: {}
COMMAND: GET /session/02ea79fddde22fa81bffc0522714798c/screenshot - {}
RESULT: {}
COMMAND: POST /session/02ea79fddde22fa81bffc0522714798c/element - {"using":"xpath","value":"//input[@id=\"application-managesites-display-component---NewSite--addressDetailDetailsCalendar-inner\"]"}
RESULT: {"using":"xpath","value":"//input[@id=\"application-managesites-display-component---NewSite--addressDetailDetailsCalendar-inner\"]"}
COMMAND: POST /session/02ea79fddde22fa81bffc0522714798c/element/f.CB997DD3A6212A0539B4B9AD4CB02789.d.F8857731B64118E2787558C62AFD741F.e.2295/clear - {}
RESULT: {}
COMMAND: POST /session/02ea79fddde22fa81bffc0522714798c/element/f.CB997DD3A6212A0539B4B9AD4CB02789.d.F8857731B64118E2787558C62AFD741F.e.2295/value - {"text":"Unit"}
COMMAND: GET /session/02ea79fddde22fa81bffc0522714798c/screenshot - {}
RESULT: {"text":"Unit"}
COMMAND: GET /session/02ea79fddde22fa81bffc0522714798c/screenshot - {}
RESULT: {}
RESULT: {}
COMMAND: POST /session/02ea79fddde22fa81bffc0522714798c/actions - {"actions":[{"id":"action7","type":"key","parameters":{},"actions":[{"type":"keyDown","value":"î€‡"},{"type":"pause","duration":10},{"type":"keyUp","value":"î€‡"}]}]}
RESULT: {"actions":[{"id":"action7","type":"key","parameters":{},"actions":[{"type":"keyDown","value":"î€‡"},{"type":"pause","duration":10},{"type":"keyUp","value":"î€‡"}]}]}
COMMAND: POST /session/02ea79fddde22fa81bffc0522714798c/element - {"using":"xpath","value":"//input[@id=\"application-managesites-display-component---NewSite--addressDetailDetailsYard-inner\"]"}
COMMAND: GET /session/02ea79fddde22fa81bffc0522714798c/screenshot - {}
RESULT: {"using":"xpath","value":"//input[@id=\"application-managesites-display-component---NewSite--addressDetailDetailsYard-inner\"]"}
COMMAND: POST /session/02ea79fddde22fa81bffc0522714798c/element/f.CB997DD3A6212A0539B4B9AD4CB02789.d.F8857731B64118E2787558C62AFD741F.e.2296/clear - {}
RESULT: {}
RESULT: {}
COMMAND: POST /session/02ea79fddde22fa81bffc0522714798c/element/f.CB997DD3A6212A0539B4B9AD4CB02789.d.F8857731B64118E2787558C62AFD741F.e.2296/value - {"text":"344"}
COMMAND: GET /session/02ea79fddde22fa81bffc0522714798c/screenshot - {}
RESULT: {"text":"344"}
COMMAND: GET /session/02ea79fddde22fa81bffc0522714798c/screenshot - {}
RESULT: {}
RESULT: {}
COMMAND: POST /session/02ea79fddde22fa81bffc0522714798c/element - {"using":"xpath","value":"//li[.//span[text()='344']]"}
RESULT: {"using":"xpath","value":"//li[.//span[text()='344']]"}
COMMAND: POST /session/02ea79fddde22fa81bffc0522714798c/element/f.CB997DD3A6212A0539B4B9AD4CB02789.d.F8857731B64118E2787558C62AFD741F.e.2563/click - {}
RESULT: {}
COMMAND: GET /session/02ea79fddde22fa81bffc0522714798c/screenshot - {}
RESULT: {}
COMMAND: POST /session/02ea79fddde22fa81bffc0522714798c/element - {"using":"xpath","value":"//input[@id=\"application-managesites-display-component---NewSite--addressDetailDetailsPartner-inner\"]"}
RESULT: {"using":"xpath","value":"//input[@id=\"application-managesites-display-component---NewSite--addressDetailDetailsPartner-inner\"]"}
COMMAND: POST /session/02ea79fddde22fa81bffc0522714798c/element - {"using":"xpath","value":"//input[@id=\"application-managesites-display-component---NewSite--addressDetailDetailsPartner-inner\"]"}
RESULT: {"using":"xpath","value":"//input[@id=\"application-managesites-display-component---NewSite--addressDetailDetailsPartner-inner\"]"}
COMMAND: POST /session/02ea79fddde22fa81bffc0522714798c/element - {"using":"xpath","value":"//button[@data-kt=\"saveButton\"]"}
RESULT: {"using":"xpath","value":"//button[@data-kt=\"saveButton\"]"}
COMMAND: POST /session/02ea79fddde22fa81bffc0522714798c/element/f.CB997DD3A6212A0539B4B9AD4CB02789.d.F8857731B64118E2787558C62AFD741F.e.2457/click - {}
RESULT: {}
COMMAND: GET /session/02ea79fddde22fa81bffc0522714798c/screenshot - {}
RESULT: {}
COMMAND: POST /session/02ea79fddde22fa81bffc0522714798c/element - {"using":"xpath","value":"//header[contains(@id, 'ObjectPageLayout-headerTitle')]/div[1]/div[2]/div[2]/span[1]"}
RESULT: {"using":"xpath","value":"//header[contains(@id, 'ObjectPageLayout-headerTitle')]/div[1]/div[2]/div[2]/span[1]"}
COMMAND: POST /session/02ea79fddde22fa81bffc0522714798c/elements - {"using":"xpath","value":"//header[contains(@id, 'ObjectPageLayout-headerTitle')]/div[1]/div[2]/div[2]/span[1]"}
RESULT: {"using":"xpath","value":"//header[contains(@id, 'ObjectPageLayout-headerTitle')]/div[1]/div[2]/div[2]/span[1]"}
COMMAND: POST /session/02ea79fddde22fa81bffc0522714798c/execute/sync - {"script":"<script> [56 bytes]","args":[{"element-6066-11e4-a52e-4f735466cecf":"f.CB997DD3A6212A0539B4B9AD4CB02789.d.F8857731B64118E2787558C62AFD741F.e.2769","ELEMENT":"f.CB997DD3A6212A0539B4B9AD4CB02789.d.F8857731B64118E2787558C62AFD741F.e.2769"}]}
RESULT: {"script":"<script> [56 bytes]","args":[{"element-6066-11e4-a52e-4f735466cecf":"f.CB997DD3A6212A0539B4B9AD4CB02789.d.F8857731B64118E2787558C62AFD741F.e.2769","ELEMENT":"f.CB997DD3A6212A0539B4B9AD4CB02789.d.F8857731B64118E2787558C62AFD741F.e.2769"}]}
COMMAND: POST /session/02ea79fddde22fa81bffc0522714798c/element - {"using":"css selector","value":"#shell-header-logo"}
COMMAND: GET /session/02ea79fddde22fa81bffc0522714798c/screenshot - {}
RESULT: {"using":"css selector","value":"#shell-header-logo"}
COMMAND: POST /session/02ea79fddde22fa81bffc0522714798c/element/f.CB997DD3A6212A0539B4B9AD4CB02789.d.F8857731B64118E2787558C62AFD741F.e.1820/click - {}
RESULT: {}
RESULT: {}
COMMAND: GET /session/02ea79fddde22fa81bffc0522714798c/screenshot - {}
RESULT: {}
COMMAND: POST /session/02ea79fddde22fa81bffc0522714798c/execute/sync - {"script":"<script> [299 bytes]","args":[["getModel","getResource"]]}
RESULT: {"script":"<script> [299 bytes]","args":[["getModel","getResource"]]}
]]></system-out>
    </testcase>
    <testcase classname="chrome.135_0_7049_96.windows.Billing_confirm_US117289" name="Should create a new equipment" time="116.116">
      <system-out><![CDATA[
COMMAND: POST /session/02ea79fddde22fa81bffc0522714798c/execute/async - {"script":"<script> [1562 bytes]","args":[{"selector":{"controlType":"sap.m.GenericTile","properties":{"header":"Manage Resources"}},"wdio_ui5_key":"sapm.GenericTile{\"header\":\"Manage Resources\"}"}]}
COMMAND: GET /session/02ea79fddde22fa81bffc0522714798c/screenshot - {}
RESULT: {"script":"<script> [1562 bytes]","args":[{"selector":{"controlType":"sap.m.GenericTile","properties":{"header":"Manage Resources"}},"wdio_ui5_key":"sapm.GenericTile{\"header\":\"Manage Resources\"}"}]}
RESULT: undefined
COMMAND: POST /session/02ea79fddde22fa81bffc0522714798c/element - {"using":"xpath","value":"//*[@id=\"__tile39\"]"}
RESULT: {}
RESULT: {"using":"xpath","value":"//*[@id=\"__tile39\"]"}
COMMAND: POST /session/02ea79fddde22fa81bffc0522714798c/element/f.CB997DD3A6212A0539B4B9AD4CB02789.d.F8857731B64118E2787558C62AFD741F.e.174/click - {}
RESULT: {}
COMMAND: POST /session/02ea79fddde22fa81bffc0522714798c/element - {"using":"xpath","value":"//button[@data-kt=\"addNewRUOverflowToolbarButton\"]"}
COMMAND: GET /session/02ea79fddde22fa81bffc0522714798c/screenshot - {}
RESULT: {"using":"xpath","value":"//button[@data-kt=\"addNewRUOverflowToolbarButton\"]"}
COMMAND: POST /session/02ea79fddde22fa81bffc0522714798c/elements - {"using":"xpath","value":"//button[@data-kt=\"addNewRUOverflowToolbarButton\"]"}
RESULT: {}
RESULT: {"using":"xpath","value":"//button[@data-kt=\"addNewRUOverflowToolbarButton\"]"}
COMMAND: POST /session/02ea79fddde22fa81bffc0522714798c/elements - {"using":"xpath","value":"//button[@data-kt=\"addNewRUOverflowToolbarButton\"]"}
RESULT: {"using":"xpath","value":"//button[@data-kt=\"addNewRUOverflowToolbarButton\"]"}
COMMAND: POST /session/02ea79fddde22fa81bffc0522714798c/elements - {"using":"xpath","value":"//button[@data-kt=\"addNewRUOverflowToolbarButton\"]"}
RESULT: {"using":"xpath","value":"//button[@data-kt=\"addNewRUOverflowToolbarButton\"]"}
COMMAND: POST /session/02ea79fddde22fa81bffc0522714798c/elements - {"using":"xpath","value":"//button[@data-kt=\"addNewRUOverflowToolbarButton\"]"}
RESULT: {"using":"xpath","value":"//button[@data-kt=\"addNewRUOverflowToolbarButton\"]"}
COMMAND: POST /session/02ea79fddde22fa81bffc0522714798c/elements - {"using":"xpath","value":"//button[@data-kt=\"addNewRUOverflowToolbarButton\"]"}
RESULT: {"using":"xpath","value":"//button[@data-kt=\"addNewRUOverflowToolbarButton\"]"}
COMMAND: POST /session/02ea79fddde22fa81bffc0522714798c/elements - {"using":"xpath","value":"//button[@data-kt=\"addNewRUOverflowToolbarButton\"]"}
RESULT: {"using":"xpath","value":"//button[@data-kt=\"addNewRUOverflowToolbarButton\"]"}
COMMAND: POST /session/02ea79fddde22fa81bffc0522714798c/elements - {"using":"xpath","value":"//button[@data-kt=\"addNewRUOverflowToolbarButton\"]"}
RESULT: {"using":"xpath","value":"//button[@data-kt=\"addNewRUOverflowToolbarButton\"]"}
COMMAND: POST /session/02ea79fddde22fa81bffc0522714798c/element - {"using":"xpath","value":"//button[@data-kt=\"addNewRUOverflowToolbarButton\"]"}
RESULT: {"using":"xpath","value":"//button[@data-kt=\"addNewRUOverflowToolbarButton\"]"}
COMMAND: POST /session/02ea79fddde22fa81bffc0522714798c/execute/sync - {"script":"<script> [8489 bytes]","args":[{"element-6066-11e4-a52e-4f735466cecf":"f.CB997DD3A6212A0539B4B9AD4CB02789.d.F8857731B64118E2787558C62AFD741F.e.2811","ELEMENT":"f.CB997DD3A6212A0539B4B9AD4CB02789.d.F8857731B64118E2787558C62AFD741F.e.2811"}]}
RESULT: {"script":"<script> [8489 bytes]","args":[{"element-6066-11e4-a52e-4f735466cecf":"f.CB997DD3A6212A0539B4B9AD4CB02789.d.F8857731B64118E2787558C62AFD741F.e.2811","ELEMENT":"f.CB997DD3A6212A0539B4B9AD4CB02789.d.F8857731B64118E2787558C62AFD741F.e.2811"}]}
COMMAND: GET /session/02ea79fddde22fa81bffc0522714798c/element/f.CB997DD3A6212A0539B4B9AD4CB02789.d.F8857731B64118E2787558C62AFD741F.e.2811/enabled - {}
COMMAND: GET /session/02ea79fddde22fa81bffc0522714798c/screenshot - {}
RESULT: {}
COMMAND: POST /session/02ea79fddde22fa81bffc0522714798c/execute/sync - {"script":"<script> [8489 bytes]","args":[{"element-6066-11e4-a52e-4f735466cecf":"f.CB997DD3A6212A0539B4B9AD4CB02789.d.F8857731B64118E2787558C62AFD741F.e.2811","ELEMENT":"f.CB997DD3A6212A0539B4B9AD4CB02789.d.F8857731B64118E2787558C62AFD741F.e.2811"}]}
COMMAND: GET /session/02ea79fddde22fa81bffc0522714798c/screenshot - {}
RESULT: {}
RESULT: {"script":"<script> [8489 bytes]","args":[{"element-6066-11e4-a52e-4f735466cecf":"f.CB997DD3A6212A0539B4B9AD4CB02789.d.F8857731B64118E2787558C62AFD741F.e.2811","ELEMENT":"f.CB997DD3A6212A0539B4B9AD4CB02789.d.F8857731B64118E2787558C62AFD741F.e.2811"}]}
COMMAND: POST /session/02ea79fddde22fa81bffc0522714798c/execute/sync - {"script":"<script> [5351 bytes]","args":[{"element-6066-11e4-a52e-4f735466cecf":"f.CB997DD3A6212A0539B4B9AD4CB02789.d.F8857731B64118E2787558C62AFD741F.e.2811","ELEMENT":"f.CB997DD3A6212A0539B4B9AD4CB02789.d.F8857731B64118E2787558C62AFD741F.e.2811"}]}
COMMAND: GET /session/02ea79fddde22fa81bffc0522714798c/screenshot - {}
RESULT: {}
RESULT: {"script":"<script> [5351 bytes]","args":[{"element-6066-11e4-a52e-4f735466cecf":"f.CB997DD3A6212A0539B4B9AD4CB02789.d.F8857731B64118E2787558C62AFD741F.e.2811","ELEMENT":"f.CB997DD3A6212A0539B4B9AD4CB02789.d.F8857731B64118E2787558C62AFD741F.e.2811"}]}
COMMAND: POST /session/02ea79fddde22fa81bffc0522714798c/element/f.CB997DD3A6212A0539B4B9AD4CB02789.d.F8857731B64118E2787558C62AFD741F.e.2811/click - {}
COMMAND: GET /session/02ea79fddde22fa81bffc0522714798c/screenshot - {}
RESULT: {}
RESULT: {}
COMMAND: GET /session/02ea79fddde22fa81bffc0522714798c/screenshot - {}
COMMAND: POST /session/02ea79fddde22fa81bffc0522714798c/execute/async - {"script":"<script> [1562 bytes]","args":[{"selector":{"id":"application-manageresources-display-component---newResourceUnit--TYPE-arrow"},"wdio_ui5_key":"applicationmanageresources-display-component---newResourceUnit--TYPE-arrow"}]}
RESULT: {}
RESULT: {}
RESULT: {"script":"<script> [1562 bytes]","args":[{"selector":{"id":"application-manageresources-display-component---newResourceUnit--TYPE-arrow"},"wdio_ui5_key":"applicationmanageresources-display-component---newResourceUnit--TYPE-arrow"}]}
RESULT: undefined
COMMAND: POST /session/02ea79fddde22fa81bffc0522714798c/element - {"using":"xpath","value":"//*[@id=\"application-manageresources-display-component---newResourceUnit--TYPE-arrow\"]"}
RESULT: {"using":"xpath","value":"//*[@id=\"application-manageresources-display-component---newResourceUnit--TYPE-arrow\"]"}
COMMAND: POST /session/02ea79fddde22fa81bffc0522714798c/element/f.CB997DD3A6212A0539B4B9AD4CB02789.d.F8857731B64118E2787558C62AFD741F.e.3169/click - {}
RESULT: {}
COMMAND: POST /session/02ea79fddde22fa81bffc0522714798c/element - {"using":"xpath","value":"//input[@id=\"application-manageresources-display-component---newResourceUnit--TYPE-inner\"]"}
COMMAND: GET /session/02ea79fddde22fa81bffc0522714798c/screenshot - {}
RESULT: {"using":"xpath","value":"//input[@id=\"application-manageresources-display-component---newResourceUnit--TYPE-inner\"]"}
COMMAND: POST /session/02ea79fddde22fa81bffc0522714798c/element/f.CB997DD3A6212A0539B4B9AD4CB02789.d.F8857731B64118E2787558C62AFD741F.e.3151/clear - {}
RESULT: {}
RESULT: {}
COMMAND: POST /session/02ea79fddde22fa81bffc0522714798c/element/f.CB997DD3A6212A0539B4B9AD4CB02789.d.F8857731B64118E2787558C62AFD741F.e.3151/value - {"text":"Equipment"}
COMMAND: GET /session/02ea79fddde22fa81bffc0522714798c/screenshot - {}
RESULT: {"text":"Equipment"}
COMMAND: GET /session/02ea79fddde22fa81bffc0522714798c/screenshot - {}
RESULT: {}
RESULT: {}
COMMAND: POST /session/02ea79fddde22fa81bffc0522714798c/actions - {"actions":[{"id":"action8","type":"key","parameters":{},"actions":[{"type":"keyDown","value":"î€‡"},{"type":"pause","duration":10},{"type":"keyUp","value":"î€‡"}]}]}
RESULT: {"actions":[{"id":"action8","type":"key","parameters":{},"actions":[{"type":"keyDown","value":"î€‡"},{"type":"pause","duration":10},{"type":"keyUp","value":"î€‡"}]}]}
COMMAND: POST /session/02ea79fddde22fa81bffc0522714798c/execute/async - {"script":"<script> [1562 bytes]","args":[{"selector":{"id":"application-manageresources-display-component---newResourceUnit--resourceId","interaction":{"idSuffix":"inner"}},"wdio_ui5_key":"applicationmanageresources-display-component---newResourceUnit--resourceId"}]}
COMMAND: GET /session/02ea79fddde22fa81bffc0522714798c/screenshot - {}
RESULT: {"script":"<script> [1562 bytes]","args":[{"selector":{"id":"application-manageresources-display-component---newResourceUnit--resourceId","interaction":{"idSuffix":"inner"}},"wdio_ui5_key":"applicationmanageresources-display-component---newResourceUnit--resourceId"}]}
RESULT: undefined
COMMAND: POST /session/02ea79fddde22fa81bffc0522714798c/execute/async - {"script":"<script> [776 bytes]","args":[{"enterText":"ZtdAuSZmpd","selector":{"id":"application-manageresources-display-component---newResourceUnit--resourceId","interaction":{"idSuffix":"inner"}},"clearTextFirst":true,"interactionType":"ENTER_TEXT"}]}
RESULT: {}
RESULT: {"script":"<script> [776 bytes]","args":[{"enterText":"ZtdAuSZmpd","selector":{"id":"application-manageresources-display-component---newResourceUnit--resourceId","interaction":{"idSuffix":"inner"}},"clearTextFirst":true,"interactionType":"ENTER_TEXT"}]}
COMMAND: POST /session/02ea79fddde22fa81bffc0522714798c/execute/async - {"script":"<script> [1562 bytes]","args":[{"selector":{"id":"application-manageresources-display-component---newResourceUnit--SHORT_TEXT","interaction":{"idSuffix":"inner"}},"wdio_ui5_key":"applicationmanageresources-display-component---newResourceUnit--SHORT_TEXT"}]}
RESULT: {"script":"<script> [1562 bytes]","args":[{"selector":{"id":"application-manageresources-display-component---newResourceUnit--SHORT_TEXT","interaction":{"idSuffix":"inner"}},"wdio_ui5_key":"applicationmanageresources-display-component---newResourceUnit--SHORT_TEXT"}]}
RESULT: undefined
COMMAND: POST /session/02ea79fddde22fa81bffc0522714798c/execute/async - {"script":"<script> [776 bytes]","args":[{"enterText":"Intercompany Equipment WDIO","selector":{"id":"application-manageresources-display-component---newResourceUnit--SHORT_TEXT","interaction":{"idSuffix":"inner"}},"clearTextFirst":true,"interactionType":"ENTER_TEXT"}]}
RESULT: {"script":"<script> [776 bytes]","args":[{"enterText":"Intercompany Equipment WDIO","selector":{"id":"application-manageresources-display-component---newResourceUnit--SHORT_TEXT","interaction":{"idSuffix":"inner"}},"clearTextFirst":true,"interactionType":"ENTER_TEXT"}]}
COMMAND: POST /session/02ea79fddde22fa81bffc0522714798c/execute/async - {"script":"<script> [1562 bytes]","args":[{"selector":{"id":"application-manageresources-display-component---newResourceUnit--BASE_UNIT_OF_MEASURE","interaction":{"idSuffix":"inner"}},"wdio_ui5_key":"applicationmanageresources-display-component---newResourceUnit--BASE_UNIT_OF_MEASURE"}]}
RESULT: {"script":"<script> [1562 bytes]","args":[{"selector":{"id":"application-manageresources-display-component---newResourceUnit--BASE_UNIT_OF_MEASURE","interaction":{"idSuffix":"inner"}},"wdio_ui5_key":"applicationmanageresources-display-component---newResourceUnit--BASE_UNIT_OF_MEASURE"}]}
RESULT: undefined
COMMAND: POST /session/02ea79fddde22fa81bffc0522714798c/execute/async - {"script":"<script> [776 bytes]","args":[{"enterText":"Piece","selector":{"id":"application-manageresources-display-component---newResourceUnit--BASE_UNIT_OF_MEASURE","interaction":{"idSuffix":"inner"}},"clearTextFirst":true,"interactionType":"ENTER_TEXT"}]}
RESULT: {"script":"<script> [776 bytes]","args":[{"enterText":"Piece","selector":{"id":"application-manageresources-display-component---newResourceUnit--BASE_UNIT_OF_MEASURE","interaction":{"idSuffix":"inner"}},"clearTextFirst":true,"interactionType":"ENTER_TEXT"}]}
COMMAND: POST /session/02ea79fddde22fa81bffc0522714798c/execute/async - {"script":"<script> [1562 bytes]","args":[{"selector":{"id":"application-manageresources-display-component---newResourceUnit--WEIGHT_UNIT","interaction":{"idSuffix":"inner"}},"wdio_ui5_key":"applicationmanageresources-display-component---newResourceUnit--WEIGHT_UNIT"}]}
RESULT: {"script":"<script> [1562 bytes]","args":[{"selector":{"id":"application-manageresources-display-component---newResourceUnit--WEIGHT_UNIT","interaction":{"idSuffix":"inner"}},"wdio_ui5_key":"applicationmanageresources-display-component---newResourceUnit--WEIGHT_UNIT"}]}
RESULT: undefined
COMMAND: POST /session/02ea79fddde22fa81bffc0522714798c/execute/async - {"script":"<script> [776 bytes]","args":[{"enterText":"Gram","selector":{"id":"application-manageresources-display-component---newResourceUnit--WEIGHT_UNIT","interaction":{"idSuffix":"inner"}},"clearTextFirst":true,"interactionType":"ENTER_TEXT"}]}
RESULT: {"script":"<script> [776 bytes]","args":[{"enterText":"Gram","selector":{"id":"application-manageresources-display-component---newResourceUnit--WEIGHT_UNIT","interaction":{"idSuffix":"inner"}},"clearTextFirst":true,"interactionType":"ENTER_TEXT"}]}
COMMAND: POST /session/02ea79fddde22fa81bffc0522714798c/execute/async - {"script":"<script> [1562 bytes]","args":[{"selector":{"id":"application-manageresources-display-component---newResourceUnit--DIMENSION_UNIT","interaction":{"idSuffix":"inner"}},"wdio_ui5_key":"applicationmanageresources-display-component---newResourceUnit--DIMENSION_UNIT"}]}
RESULT: {"script":"<script> [1562 bytes]","args":[{"selector":{"id":"application-manageresources-display-component---newResourceUnit--DIMENSION_UNIT","interaction":{"idSuffix":"inner"}},"wdio_ui5_key":"applicationmanageresources-display-component---newResourceUnit--DIMENSION_UNIT"}]}
RESULT: undefined
COMMAND: POST /session/02ea79fddde22fa81bffc0522714798c/execute/async - {"script":"<script> [776 bytes]","args":[{"enterText":"Meter","selector":{"id":"application-manageresources-display-component---newResourceUnit--DIMENSION_UNIT","interaction":{"idSuffix":"inner"}},"clearTextFirst":true,"interactionType":"ENTER_TEXT"}]}
RESULT: {"script":"<script> [776 bytes]","args":[{"enterText":"Meter","selector":{"id":"application-manageresources-display-component---newResourceUnit--DIMENSION_UNIT","interaction":{"idSuffix":"inner"}},"clearTextFirst":true,"interactionType":"ENTER_TEXT"}]}
COMMAND: POST /session/02ea79fddde22fa81bffc0522714798c/execute/async - {"script":"<script> [1562 bytes]","args":[{"selector":{"id":"application-manageresources-display-component---newResourceUnit--newRRUPage-anchBar-application-manageresources-display-component---newResourceUnit--control-anchor","interaction":{"idSuffix":"BDI-content"}},"wdio_ui5_key":"applicationmanageresources-display-component---newResourceUnit--newRRUPage-anchBar-application-manageresources-display-component---newResourceUnit--control-anchor"}]}
RESULT: {"script":"<script> [1562 bytes]","args":[{"selector":{"id":"application-manageresources-display-component---newResourceUnit--newRRUPage-anchBar-application-manageresources-display-component---newResourceUnit--control-anchor","interaction":{"idSuffix":"BDI-content"}},"wdio_ui5_key":"applicationmanageresources-display-component---newResourceUnit--newRRUPage-anchBar-application-manageresources-display-component---newResourceUnit--control-anchor"}]}
RESULT: undefined
COMMAND: POST /session/02ea79fddde22fa81bffc0522714798c/element - {"using":"xpath","value":"//*[@id=\"application-manageresources-display-component---newResourceUnit--newRRUPage-anchBar-application-manageresources-display-component---newResourceUnit--control-anchor\"]"}
RESULT: {"using":"xpath","value":"//*[@id=\"application-manageresources-display-component---newResourceUnit--newRRUPage-anchBar-application-manageresources-display-component---newResourceUnit--control-anchor\"]"}
COMMAND: POST /session/02ea79fddde22fa81bffc0522714798c/element/f.CB997DD3A6212A0539B4B9AD4CB02789.d.F8857731B64118E2787558C62AFD741F.e.3302/click - {}
RESULT: {}
COMMAND: POST /session/02ea79fddde22fa81bffc0522714798c/execute/async - {"script":"<script> [1562 bytes]","args":[{"selector":{"id":"application-manageresources-display-component---newResourceUnit--PLANNING_GROUP","interaction":{"idSuffix":"inner"}},"wdio_ui5_key":"applicationmanageresources-display-component---newResourceUnit--PLANNING_GROUP"}]}
COMMAND: GET /session/02ea79fddde22fa81bffc0522714798c/screenshot - {}
RESULT: {"script":"<script> [1562 bytes]","args":[{"selector":{"id":"application-manageresources-display-component---newResourceUnit--PLANNING_GROUP","interaction":{"idSuffix":"inner"}},"wdio_ui5_key":"applicationmanageresources-display-component---newResourceUnit--PLANNING_GROUP"}]}
RESULT: undefined
COMMAND: POST /session/02ea79fddde22fa81bffc0522714798c/execute/async - {"script":"<script> [776 bytes]","args":[{"enterText":"Heavy Equi","selector":{"id":"application-manageresources-display-component---newResourceUnit--PLANNING_GROUP","interaction":{"idSuffix":"inner"}},"clearTextFirst":true,"interactionType":"ENTER_TEXT"}]}
RESULT: {}
RESULT: {"script":"<script> [776 bytes]","args":[{"enterText":"Heavy Equi","selector":{"id":"application-manageresources-display-component---newResourceUnit--PLANNING_GROUP","interaction":{"idSuffix":"inner"}},"clearTextFirst":true,"interactionType":"ENTER_TEXT"}]}
COMMAND: POST /session/02ea79fddde22fa81bffc0522714798c/execute/async - {"script":"<script> [1562 bytes]","args":[{"selector":{"id":"application-manageresources-display-component---newResourceUnit--ITEM_TYPE-arrow"},"wdio_ui5_key":"applicationmanageresources-display-component---newResourceUnit--ITEM_TYPE-arrow"}]}
RESULT: {"script":"<script> [1562 bytes]","args":[{"selector":{"id":"application-manageresources-display-component---newResourceUnit--ITEM_TYPE-arrow"},"wdio_ui5_key":"applicationmanageresources-display-component---newResourceUnit--ITEM_TYPE-arrow"}]}
RESULT: undefined
COMMAND: POST /session/02ea79fddde22fa81bffc0522714798c/element - {"using":"xpath","value":"//*[@id=\"application-manageresources-display-component---newResourceUnit--ITEM_TYPE-arrow\"]"}
RESULT: {"using":"xpath","value":"//*[@id=\"application-manageresources-display-component---newResourceUnit--ITEM_TYPE-arrow\"]"}
COMMAND: POST /session/02ea79fddde22fa81bffc0522714798c/element/f.CB997DD3A6212A0539B4B9AD4CB02789.d.F8857731B64118E2787558C62AFD741F.e.3309/click - {}
RESULT: {}
COMMAND: POST /session/02ea79fddde22fa81bffc0522714798c/element - {"using":"xpath","value":"(//span[contains(text(), \"Resource Unit\")])[2]"}
COMMAND: GET /session/02ea79fddde22fa81bffc0522714798c/screenshot - {}
RESULT: {"using":"xpath","value":"(//span[contains(text(), \"Resource Unit\")])[2]"}
COMMAND: POST /session/02ea79fddde22fa81bffc0522714798c/element/f.CB997DD3A6212A0539B4B9AD4CB02789.d.F8857731B64118E2787558C62AFD741F.e.3310/click - {}
RESULT: {}
RESULT: {}
COMMAND: GET /session/02ea79fddde22fa81bffc0522714798c/screenshot - {}
RESULT: {}
COMMAND: POST /session/02ea79fddde22fa81bffc0522714798c/element - {"using":"css selector","value":"#application-manageresources-display-component---newResourceUnit--btnAddTimeSegment"}
RESULT: {"using":"css selector","value":"#application-manageresources-display-component---newResourceUnit--btnAddTimeSegment"}
COMMAND: GET /session/02ea79fddde22fa81bffc0522714798c/element/f.CB997DD3A6212A0539B4B9AD4CB02789.d.F8857731B64118E2787558C62AFD741F.e.3311/rect - {}
RESULT: {}
COMMAND: GET /session/02ea79fddde22fa81bffc0522714798c/window/rect - {}
RESULT: {}
COMMAND: POST /session/02ea79fddde22fa81bffc0522714798c/execute/sync - {"script":"<script> [92 bytes]","args":[]}
RESULT: {"script":"<script> [92 bytes]","args":[]}
COMMAND: POST /session/02ea79fddde22fa81bffc0522714798c/actions - {"actions":[{"id":"action9","type":"wheel","parameters":{},"actions":[{"type":"scroll","x":-1888,"y":-32,"deltaX":0,"deltaY":0,"duration":0,"origin":{"element-6066-11e4-a52e-4f735466cecf":"f.CB997DD3A6212A0539B4B9AD4CB02789.d.F8857731B64118E2787558C62AFD741F.e.3311"}}]}]}
COMMAND: GET /session/02ea79fddde22fa81bffc0522714798c/screenshot - {}
RESULT: {}
COMMAND: POST /session/02ea79fddde22fa81bffc0522714798c/execute/sync - {"script":"<script> [79 bytes]","args":[{"element-6066-11e4-a52e-4f735466cecf":"f.CB997DD3A6212A0539B4B9AD4CB02789.d.F8857731B64118E2787558C62AFD741F.e.3311","ELEMENT":"f.CB997DD3A6212A0539B4B9AD4CB02789.d.F8857731B64118E2787558C62AFD741F.e.3311"},{"block":"start","inline":"nearest"}]}
RESULT: {"script":"<script> [79 bytes]","args":[{"element-6066-11e4-a52e-4f735466cecf":"f.CB997DD3A6212A0539B4B9AD4CB02789.d.F8857731B64118E2787558C62AFD741F.e.3311","ELEMENT":"f.CB997DD3A6212A0539B4B9AD4CB02789.d.F8857731B64118E2787558C62AFD741F.e.3311"},{"block":"start","inline":"nearest"}]}
COMMAND: POST /session/02ea79fddde22fa81bffc0522714798c/execute/async - {"script":"<script> [1562 bytes]","args":[{"selector":{"id":"application-manageresources-display-component---newResourceUnit--btnAddTimeSegment","interaction":{"idSuffix":"inner"}},"wdio_ui5_key":"applicationmanageresources-display-component---newResourceUnit--btnAddTimeSegment"}]}
COMMAND: GET /session/02ea79fddde22fa81bffc0522714798c/screenshot - {}
RESULT: {"script":"<script> [1562 bytes]","args":[{"selector":{"id":"application-manageresources-display-component---newResourceUnit--btnAddTimeSegment","interaction":{"idSuffix":"inner"}},"wdio_ui5_key":"applicationmanageresources-display-component---newResourceUnit--btnAddTimeSegment"}]}
RESULT: undefined
COMMAND: POST /session/02ea79fddde22fa81bffc0522714798c/element - {"using":"xpath","value":"//*[@id=\"application-manageresources-display-component---newResourceUnit--btnAddTimeSegment\"]"}
RESULT: {}
RESULT: {"using":"xpath","value":"//*[@id=\"application-manageresources-display-component---newResourceUnit--btnAddTimeSegment\"]"}
COMMAND: POST /session/02ea79fddde22fa81bffc0522714798c/element/f.CB997DD3A6212A0539B4B9AD4CB02789.d.F8857731B64118E2787558C62AFD741F.e.3311/click - {}
RESULT: {}
COMMAND: GET /session/02ea79fddde22fa81bffc0522714798c/screenshot - {}
RESULT: {}
COMMAND: POST /session/02ea79fddde22fa81bffc0522714798c/element - {"using":"xpath","value":"//input[@id=\"application-manageresources-display-component---newResourceUnit--idRuTSAdmin-application-manageresources-display-component---newResourceUnit--RUTimeSegment-0-inner\"]"}
RESULT: {"using":"xpath","value":"//input[@id=\"application-manageresources-display-component---newResourceUnit--idRuTSAdmin-application-manageresources-display-component---newResourceUnit--RUTimeSegment-0-inner\"]"}
COMMAND: POST /session/02ea79fddde22fa81bffc0522714798c/element/f.CB997DD3A6212A0539B4B9AD4CB02789.d.F8857731B64118E2787558C62AFD741F.e.3317/clear - {}
RESULT: {}
COMMAND: POST /session/02ea79fddde22fa81bffc0522714798c/element/f.CB997DD3A6212A0539B4B9AD4CB02789.d.F8857731B64118E2787558C62AFD741F.e.3317/value - {"text":"344"}
COMMAND: GET /session/02ea79fddde22fa81bffc0522714798c/screenshot - {}
RESULT: {"text":"344"}
COMMAND: GET /session/02ea79fddde22fa81bffc0522714798c/screenshot - {}
RESULT: {}
RESULT: {}
COMMAND: POST /session/02ea79fddde22fa81bffc0522714798c/element - {"using":"xpath","value":"//li[.//span[text()='344']]"}
RESULT: {"using":"xpath","value":"//li[.//span[text()='344']]"}
COMMAND: POST /session/02ea79fddde22fa81bffc0522714798c/element/f.CB997DD3A6212A0539B4B9AD4CB02789.d.F8857731B64118E2787558C62AFD741F.e.3328/click - {}
RESULT: {}
COMMAND: GET /session/02ea79fddde22fa81bffc0522714798c/screenshot - {}
RESULT: {}
COMMAND: POST /session/02ea79fddde22fa81bffc0522714798c/element - {"using":"xpath","value":"(//span[contains(@id, \"-application-manageresources-display-component---newResourceUnit--RUTimeSegment-0-arrow\")])[6]"}
RESULT: {"using":"xpath","value":"(//span[contains(@id, \"-application-manageresources-display-component---newResourceUnit--RUTimeSegment-0-arrow\")])[6]"}
COMMAND: POST /session/02ea79fddde22fa81bffc0522714798c/element/f.CB997DD3A6212A0539B4B9AD4CB02789.d.F8857731B64118E2787558C62AFD741F.e.3329/click - {}
RESULT: {}
COMMAND: POST /session/02ea79fddde22fa81bffc0522714798c/element - {"using":"xpath","value":"//span[contains(text(), \"PM Order\")]"}
COMMAND: GET /session/02ea79fddde22fa81bffc0522714798c/screenshot - {}
RESULT: {"using":"xpath","value":"//span[contains(text(), \"PM Order\")]"}
COMMAND: POST /session/02ea79fddde22fa81bffc0522714798c/element/f.CB997DD3A6212A0539B4B9AD4CB02789.d.F8857731B64118E2787558C62AFD741F.e.3332/click - {}
RESULT: {}
RESULT: {}
COMMAND: GET /session/02ea79fddde22fa81bffc0522714798c/screenshot - {}
RESULT: {}
COMMAND: POST /session/02ea79fddde22fa81bffc0522714798c/element - {"using":"xpath","value":"(//span[contains(@id ,\"manageresources-display-component---newResourceUnit--RUTimeSegment-0-vhi\")])[1]"}
RESULT: {"using":"xpath","value":"(//span[contains(@id ,\"manageresources-display-component---newResourceUnit--RUTimeSegment-0-vhi\")])[1]"}
COMMAND: GET /session/02ea79fddde22fa81bffc0522714798c/element/f.CB997DD3A6212A0539B4B9AD4CB02789.d.F8857731B64118E2787558C62AFD741F.e.3336/rect - {}
RESULT: {}
COMMAND: GET /session/02ea79fddde22fa81bffc0522714798c/window/rect - {}
RESULT: {}
COMMAND: POST /session/02ea79fddde22fa81bffc0522714798c/execute/sync - {"script":"<script> [92 bytes]","args":[]}
RESULT: {"script":"<script> [92 bytes]","args":[]}
COMMAND: POST /session/02ea79fddde22fa81bffc0522714798c/actions - {"actions":[{"id":"action10","type":"wheel","parameters":{},"actions":[{"type":"scroll","x":-869,"y":-24,"deltaX":0,"deltaY":0,"duration":0,"origin":{"element-6066-11e4-a52e-4f735466cecf":"f.CB997DD3A6212A0539B4B9AD4CB02789.d.F8857731B64118E2787558C62AFD741F.e.3336"}}]}]}
COMMAND: GET /session/02ea79fddde22fa81bffc0522714798c/screenshot - {}
RESULT: {"actions":[{"id":"action10","type":"wheel","parameters":{},"actions":[{"type":"scroll","x":-869,"y":-24,"deltaX":0,"deltaY":0,"duration":0,"origin":{"element-6066-11e4-a52e-4f735466cecf":"f.CB997DD3A6212A0539B4B9AD4CB02789.d.F8857731B64118E2787558C62AFD741F.e.3336"}}]}]}
COMMAND: DELETE /session/02ea79fddde22fa81bffc0522714798c/actions - {}
COMMAND: GET /session/02ea79fddde22fa81bffc0522714798c/screenshot - {}
RESULT: {}
RESULT: {}
COMMAND: GET /session/02ea79fddde22fa81bffc0522714798c/screenshot - {}
RESULT: {}
RESULT: {}
COMMAND: POST /session/02ea79fddde22fa81bffc0522714798c/element/f.CB997DD3A6212A0539B4B9AD4CB02789.d.F8857731B64118E2787558C62AFD741F.e.3336/click - {}
RESULT: {}
COMMAND: GET /session/02ea79fddde22fa81bffc0522714798c/screenshot - {}
RESULT: {}
RESULT: undefined
COMMAND: POST /session/02ea79fddde22fa81bffc0522714798c/execute/async - {"script":"<script> [776 bytes]","args":[{"enterText":"4000360","selector":{"controlType":"sap.m.SearchField","properties":{"placeholder":"Search"},"searchOpenDialogs":true,"interaction":{"idSuffix":"I"}},"clearTextFirst":true,"interactionType":"ENTER_TEXT"}]}
RESULT: {"script":"<script> [776 bytes]","args":[{"enterText":"4000360","selector":{"controlType":"sap.m.SearchField","properties":{"placeholder":"Search"},"searchOpenDialogs":true,"interaction":{"idSuffix":"I"}},"clearTextFirst":true,"interactionType":"ENTER_TEXT"}]}
COMMAND: POST /session/02ea79fddde22fa81bffc0522714798c/actions - {"actions":[{"id":"action11","type":"key","parameters":{},"actions":[{"type":"keyDown","value":"î€‡"},{"type":"pause","duration":10},{"type":"keyUp","value":"î€‡"}]}]}
RESULT: {"actions":[{"id":"action11","type":"key","parameters":{},"actions":[{"type":"keyDown","value":"î€‡"},{"type":"pause","duration":10},{"type":"keyUp","value":"î€‡"}]}]}
COMMAND: GET /session/02ea79fddde22fa81bffc0522714798c/screenshot - {}
RESULT: {}
COMMAND: POST /session/02ea79fddde22fa81bffc0522714798c/element - {"using":"xpath","value":"//td/div/span[contains(text(), \"BGL Vehicles\")]"}
RESULT: {"using":"xpath","value":"//td/div/span[contains(text(), \"BGL Vehicles\")]"}
COMMAND: POST /session/02ea79fddde22fa81bffc0522714798c/element/f.CB997DD3A6212A0539B4B9AD4CB02789.d.F8857731B64118E2787558C62AFD741F.e.3356/click - {}
RESULT: {}
COMMAND: GET /session/02ea79fddde22fa81bffc0522714798c/screenshot - {}
RESULT: {}
COMMAND: POST /session/02ea79fddde22fa81bffc0522714798c/element - {"using":"xpath","value":"//bdi[contains(text(), \"OK\")]"}
RESULT: {"using":"xpath","value":"//bdi[contains(text(), \"OK\")]"}
COMMAND: POST /session/02ea79fddde22fa81bffc0522714798c/element/f.CB997DD3A6212A0539B4B9AD4CB02789.d.F8857731B64118E2787558C62AFD741F.e.3357/click - {}
RESULT: {}
COMMAND: GET /session/02ea79fddde22fa81bffc0522714798c/screenshot - {}
RESULT: {}
COMMAND: POST /session/02ea79fddde22fa81bffc0522714798c/execute/async - {"script":"<script> [1562 bytes]","args":[{"selector":{"id":"application-manageresources-display-component---newResourceUnit--newRRUPage-anchBar-application-manageresources-display-component---newResourceUnit--resource-anchor","interaction":{"idSuffix":"BDI-content"}},"wdio_ui5_key":"applicationmanageresources-display-component---newResourceUnit--newRRUPage-anchBar-application-manageresources-display-component---newResourceUnit--resource-anchor"}]}
RESULT: {"script":"<script> [1562 bytes]","args":[{"selector":{"id":"application-manageresources-display-component---newResourceUnit--newRRUPage-anchBar-application-manageresources-display-component---newResourceUnit--resource-anchor","interaction":{"idSuffix":"BDI-content"}},"wdio_ui5_key":"applicationmanageresources-display-component---newResourceUnit--newRRUPage-anchBar-application-manageresources-display-component---newResourceUnit--resource-anchor"}]}
RESULT: undefined
COMMAND: POST /session/02ea79fddde22fa81bffc0522714798c/element - {"using":"xpath","value":"//*[@id=\"application-manageresources-display-component---newResourceUnit--newRRUPage-anchBar-application-manageresources-display-component---newResourceUnit--resource-anchor\"]"}
RESULT: {"using":"xpath","value":"//*[@id=\"application-manageresources-display-component---newResourceUnit--newRRUPage-anchBar-application-manageresources-display-component---newResourceUnit--resource-anchor\"]"}
COMMAND: POST /session/02ea79fddde22fa81bffc0522714798c/element/f.CB997DD3A6212A0539B4B9AD4CB02789.d.F8857731B64118E2787558C62AFD741F.e.3361/click - {}
RESULT: {}
COMMAND: POST /session/02ea79fddde22fa81bffc0522714798c/execute/async - {"script":"<script> [1562 bytes]","args":[{"selector":{"id":"application-manageresources-display-component---newResourceUnit--PLANNED_DELIVERY_DATE","interaction":{"idSuffix":"inner"}},"wdio_ui5_key":"applicationmanageresources-display-component---newResourceUnit--PLANNED_DELIVERY_DATE"}]}
COMMAND: GET /session/02ea79fddde22fa81bffc0522714798c/screenshot - {}
RESULT: {"script":"<script> [1562 bytes]","args":[{"selector":{"id":"application-manageresources-display-component---newResourceUnit--PLANNED_DELIVERY_DATE","interaction":{"idSuffix":"inner"}},"wdio_ui5_key":"applicationmanageresources-display-component---newResourceUnit--PLANNED_DELIVERY_DATE"}]}
RESULT: undefined
COMMAND: POST /session/02ea79fddde22fa81bffc0522714798c/execute/async - {"script":"<script> [6424 bytes]","args":[{"element-6066-11e4-a52e-4f735466cecf":"f.CB997DD3A6212A0539B4B9AD4CB02789.d.F8857731B64118E2787558C62AFD741F.e.3225"},"setValue",["4/28/25"]]}
RESULT: {}
RESULT: {"script":"<script> [6424 bytes]","args":[{"element-6066-11e4-a52e-4f735466cecf":"f.CB997DD3A6212A0539B4B9AD4CB02789.d.F8857731B64118E2787558C62AFD741F.e.3225"},"setValue",["4/28/25"]]}
COMMAND: POST /session/02ea79fddde22fa81bffc0522714798c/element - {"using":"xpath","value":"//button[@data-kt=\"resourceUnitSaveButton\"]"}
RESULT: {"using":"xpath","value":"//button[@data-kt=\"resourceUnitSaveButton\"]"}
COMMAND: POST /session/02ea79fddde22fa81bffc0522714798c/element/f.CB997DD3A6212A0539B4B9AD4CB02789.d.F8857731B64118E2787558C62AFD741F.e.3186/click - {}
RESULT: {}
COMMAND: GET /session/02ea79fddde22fa81bffc0522714798c/screenshot - {}
RESULT: {}
COMMAND: POST /session/02ea79fddde22fa81bffc0522714798c/element - {"using":"xpath","value":"//bdi[contains(text(), \"Close\")]"}
RESULT: {"using":"xpath","value":"//bdi[contains(text(), \"Close\")]"}
COMMAND: POST /session/02ea79fddde22fa81bffc0522714798c/element/f.CB997DD3A6212A0539B4B9AD4CB02789.d.F8857731B64118E2787558C62AFD741F.e.3369/click - {}
RESULT: {}
COMMAND: GET /session/02ea79fddde22fa81bffc0522714798c/screenshot - {}
RESULT: {}
COMMAND: POST /session/02ea79fddde22fa81bffc0522714798c/element - {"using":"xpath","value":"(//button[contains(@id ,\"actionsToolbar-overflowButton\")])[1]"}
RESULT: {"using":"xpath","value":"(//button[contains(@id ,\"actionsToolbar-overflowButton\")])[1]"}
COMMAND: POST /session/02ea79fddde22fa81bffc0522714798c/element/f.CB997DD3A6212A0539B4B9AD4CB02789.d.F8857731B64118E2787558C62AFD741F.e.3400/click - {}
RESULT: {}
COMMAND: GET /session/02ea79fddde22fa81bffc0522714798c/screenshot - {}
RESULT: {}
COMMAND: POST /session/02ea79fddde22fa81bffc0522714798c/element - {"using":"xpath","value":"//button[@data-kt=\"priceInfoButton\"]"}
RESULT: {"using":"xpath","value":"//button[@data-kt=\"priceInfoButton\"]"}
COMMAND: POST /session/02ea79fddde22fa81bffc0522714798c/element/f.CB997DD3A6212A0539B4B9AD4CB02789.d.F8857731B64118E2787558C62AFD741F.e.3402/click - {}
RESULT: {}
COMMAND: GET /session/02ea79fddde22fa81bffc0522714798c/screenshot - {}
RESULT: {}
]]></system-out>
    </testcase>
    <testcase classname="chrome.135_0_7049_96.windows.Billing_confirm_US117289" name="Should create new pricing rule" time="51.599">
      <system-out><![CDATA[
COMMAND: POST /session/02ea79fddde22fa81bffc0522714798c/element - {"using":"xpath","value":"//button[@data-kt=\"addButton\"]"}
RESULT: {"using":"xpath","value":"//button[@data-kt=\"addButton\"]"}
COMMAND: POST /session/02ea79fddde22fa81bffc0522714798c/elements - {"using":"xpath","value":"//button[@data-kt=\"addButton\"]"}
RESULT: {"using":"xpath","value":"//button[@data-kt=\"addButton\"]"}
COMMAND: POST /session/02ea79fddde22fa81bffc0522714798c/elements - {"using":"xpath","value":"//button[@data-kt=\"addButton\"]"}
RESULT: {"using":"xpath","value":"//button[@data-kt=\"addButton\"]"}
COMMAND: POST /session/02ea79fddde22fa81bffc0522714798c/element - {"using":"xpath","value":"//button[@data-kt=\"addButton\"]"}
RESULT: {"using":"xpath","value":"//button[@data-kt=\"addButton\"]"}
COMMAND: POST /session/02ea79fddde22fa81bffc0522714798c/execute/sync - {"script":"<script> [8489 bytes]","args":[{"element-6066-11e4-a52e-4f735466cecf":"f.CB997DD3A6212A0539B4B9AD4CB02789.d.F8857731B64118E2787558C62AFD741F.e.3439","ELEMENT":"f.CB997DD3A6212A0539B4B9AD4CB02789.d.F8857731B64118E2787558C62AFD741F.e.3439"}]}
RESULT: {"script":"<script> [8489 bytes]","args":[{"element-6066-11e4-a52e-4f735466cecf":"f.CB997DD3A6212A0539B4B9AD4CB02789.d.F8857731B64118E2787558C62AFD741F.e.3439","ELEMENT":"f.CB997DD3A6212A0539B4B9AD4CB02789.d.F8857731B64118E2787558C62AFD741F.e.3439"}]}
COMMAND: GET /session/02ea79fddde22fa81bffc0522714798c/element/f.CB997DD3A6212A0539B4B9AD4CB02789.d.F8857731B64118E2787558C62AFD741F.e.3439/enabled - {}
COMMAND: GET /session/02ea79fddde22fa81bffc0522714798c/screenshot - {}
RESULT: {}
COMMAND: POST /session/02ea79fddde22fa81bffc0522714798c/execute/sync - {"script":"<script> [8489 bytes]","args":[{"element-6066-11e4-a52e-4f735466cecf":"f.CB997DD3A6212A0539B4B9AD4CB02789.d.F8857731B64118E2787558C62AFD741F.e.3439","ELEMENT":"f.CB997DD3A6212A0539B4B9AD4CB02789.d.F8857731B64118E2787558C62AFD741F.e.3439"}]}
COMMAND: GET /session/02ea79fddde22fa81bffc0522714798c/screenshot - {}
RESULT: {}
RESULT: {"script":"<script> [8489 bytes]","args":[{"element-6066-11e4-a52e-4f735466cecf":"f.CB997DD3A6212A0539B4B9AD4CB02789.d.F8857731B64118E2787558C62AFD741F.e.3439","ELEMENT":"f.CB997DD3A6212A0539B4B9AD4CB02789.d.F8857731B64118E2787558C62AFD741F.e.3439"}]}
COMMAND: POST /session/02ea79fddde22fa81bffc0522714798c/execute/sync - {"script":"<script> [5351 bytes]","args":[{"element-6066-11e4-a52e-4f735466cecf":"f.CB997DD3A6212A0539B4B9AD4CB02789.d.F8857731B64118E2787558C62AFD741F.e.3439","ELEMENT":"f.CB997DD3A6212A0539B4B9AD4CB02789.d.F8857731B64118E2787558C62AFD741F.e.3439"}]}
COMMAND: GET /session/02ea79fddde22fa81bffc0522714798c/screenshot - {}
RESULT: {}
RESULT: {"script":"<script> [5351 bytes]","args":[{"element-6066-11e4-a52e-4f735466cecf":"f.CB997DD3A6212A0539B4B9AD4CB02789.d.F8857731B64118E2787558C62AFD741F.e.3439","ELEMENT":"f.CB997DD3A6212A0539B4B9AD4CB02789.d.F8857731B64118E2787558C62AFD741F.e.3439"}]}
COMMAND: POST /session/02ea79fddde22fa81bffc0522714798c/element/f.CB997DD3A6212A0539B4B9AD4CB02789.d.F8857731B64118E2787558C62AFD741F.e.3439/click - {}
COMMAND: GET /session/02ea79fddde22fa81bffc0522714798c/screenshot - {}
RESULT: {}
RESULT: {}
COMMAND: GET /session/02ea79fddde22fa81bffc0522714798c/screenshot - {}
RESULT: {}
RESULT: {}
COMMAND: POST /session/02ea79fddde22fa81bffc0522714798c/execute/async - {"script":"<script> [1562 bytes]","args":[{"selector":{"controlType":"sap.m.Title","viewName":"etm.portal.ui.managepricingrules.view.NewItem","viewId":"application-managepricingrules-display-component---newInfoPriceItem","properties":{"text":"New Pricing Rules - Item Level"}},"wdio_ui5_key":"etmportal.ui.managepricingrules.view.NewItemsap.m.Title{\"text\":\"New Pricing Rules - Item Level\"}"}]}
RESULT: {"script":"<script> [1562 bytes]","args":[{"selector":{"controlType":"sap.m.Title","viewName":"etm.portal.ui.managepricingrules.view.NewItem","viewId":"application-managepricingrules-display-component---newInfoPriceItem","properties":{"text":"New Pricing Rules - Item Level"}},"wdio_ui5_key":"etmportal.ui.managepricingrules.view.NewItemsap.m.Title{\"text\":\"New Pricing Rules - Item Level\"}"}]}
RESULT: undefined
COMMAND: POST /session/02ea79fddde22fa81bffc0522714798c/execute/async - {"script":"<script> [6424 bytes]","args":[{"element-6066-11e4-a52e-4f735466cecf":"f.CB997DD3A6212A0539B4B9AD4CB02789.d.F8857731B64118E2787558C62AFD741F.e.3528"},"getText",[]]}
RESULT: {"script":"<script> [6424 bytes]","args":[{"element-6066-11e4-a52e-4f735466cecf":"f.CB997DD3A6212A0539B4B9AD4CB02789.d.F8857731B64118E2787558C62AFD741F.e.3528"},"getText",[]]}
COMMAND: POST /session/02ea79fddde22fa81bffc0522714798c/execute/async - {"script":"<script> [1562 bytes]","args":[{"selector":{"id":"application-managepricingrules-display-component---newInfoPriceItem--condValidTo","interaction":{"idSuffix":"inner"}},"wdio_ui5_key":"applicationmanagepricingrules-display-component---newInfoPriceItem--condValidTo"}]}
RESULT: {"script":"<script> [1562 bytes]","args":[{"selector":{"id":"application-managepricingrules-display-component---newInfoPriceItem--condValidTo","interaction":{"idSuffix":"inner"}},"wdio_ui5_key":"applicationmanagepricingrules-display-component---newInfoPriceItem--condValidTo"}]}
RESULT: undefined
COMMAND: POST /session/02ea79fddde22fa81bffc0522714798c/execute/async - {"script":"<script> [776 bytes]","args":[{"enterText":"12/28/25","selector":{"id":"application-managepricingrules-display-component---newInfoPriceItem--condValidTo","interaction":{"idSuffix":"inner"}},"clearTextFirst":true,"interactionType":"ENTER_TEXT"}]}
RESULT: {"script":"<script> [776 bytes]","args":[{"enterText":"12/28/25","selector":{"id":"application-managepricingrules-display-component---newInfoPriceItem--condValidTo","interaction":{"idSuffix":"inner"}},"clearTextFirst":true,"interactionType":"ENTER_TEXT"}]}
COMMAND: POST /session/02ea79fddde22fa81bffc0522714798c/execute/async - {"script":"<script> [1562 bytes]","args":[{"selector":{"id":"application-managepricingrules-display-component---newInfoPriceItem--billType-arrow"},"wdio_ui5_key":"applicationmanagepricingrules-display-component---newInfoPriceItem--billType-arrow"}]}
RESULT: {"script":"<script> [1562 bytes]","args":[{"selector":{"id":"application-managepricingrules-display-component---newInfoPriceItem--billType-arrow"},"wdio_ui5_key":"applicationmanagepricingrules-display-component---newInfoPriceItem--billType-arrow"}]}
RESULT: undefined
COMMAND: POST /session/02ea79fddde22fa81bffc0522714798c/element - {"using":"xpath","value":"//*[@id=\"application-managepricingrules-display-component---newInfoPriceItem--billType-arrow\"]"}
RESULT: {"using":"xpath","value":"//*[@id=\"application-managepricingrules-display-component---newInfoPriceItem--billType-arrow\"]"}
COMMAND: POST /session/02ea79fddde22fa81bffc0522714798c/element/f.CB997DD3A6212A0539B4B9AD4CB02789.d.F8857731B64118E2787558C62AFD741F.e.3530/click - {}
RESULT: {}
COMMAND: POST /session/02ea79fddde22fa81bffc0522714798c/element - {"using":"xpath","value":"//span[contains(text(), \"TB - Time based\")]"}
COMMAND: GET /session/02ea79fddde22fa81bffc0522714798c/screenshot - {}
RESULT: {"using":"xpath","value":"//span[contains(text(), \"TB - Time based\")]"}
COMMAND: POST /session/02ea79fddde22fa81bffc0522714798c/element/f.CB997DD3A6212A0539B4B9AD4CB02789.d.F8857731B64118E2787558C62AFD741F.e.3531/click - {}
RESULT: {}
RESULT: {}
COMMAND: POST /session/02ea79fddde22fa81bffc0522714798c/execute/async - {"script":"<script> [1562 bytes]","args":[{"selector":{"id":"application-managepricingrules-display-component---newInfoPriceItem--priceProc-arrow"},"wdio_ui5_key":"applicationmanagepricingrules-display-component---newInfoPriceItem--priceProc-arrow"}]}
COMMAND: GET /session/02ea79fddde22fa81bffc0522714798c/screenshot - {}
RESULT: {"script":"<script> [1562 bytes]","args":[{"selector":{"id":"application-managepricingrules-display-component---newInfoPriceItem--priceProc-arrow"},"wdio_ui5_key":"applicationmanagepricingrules-display-component---newInfoPriceItem--priceProc-arrow"}]}
RESULT: undefined
COMMAND: POST /session/02ea79fddde22fa81bffc0522714798c/element - {"using":"xpath","value":"//*[@id=\"application-managepricingrules-display-component---newInfoPriceItem--priceProc-arrow\"]"}
RESULT: {}
RESULT: {"using":"xpath","value":"//*[@id=\"application-managepricingrules-display-component---newInfoPriceItem--priceProc-arrow\"]"}
COMMAND: POST /session/02ea79fddde22fa81bffc0522714798c/element/f.CB997DD3A6212A0539B4B9AD4CB02789.d.F8857731B64118E2787558C62AFD741F.e.3532/click - {}
RESULT: {}
COMMAND: POST /session/02ea79fddde22fa81bffc0522714798c/element - {"using":"xpath","value":"//span[contains(text(), \"TBS - Time based standard\")]"}
COMMAND: GET /session/02ea79fddde22fa81bffc0522714798c/screenshot - {}
RESULT: {"using":"xpath","value":"//span[contains(text(), \"TBS - Time based standard\")]"}
COMMAND: POST /session/02ea79fddde22fa81bffc0522714798c/element/f.CB997DD3A6212A0539B4B9AD4CB02789.d.F8857731B64118E2787558C62AFD741F.e.3533/click - {}
RESULT: {}
RESULT: {}
COMMAND: POST /session/02ea79fddde22fa81bffc0522714798c/execute/async - {"script":"<script> [1562 bytes]","args":[{"selector":{"id":"application-managepricingrules-display-component---newInfoPriceItem--calcBase-arrow"},"wdio_ui5_key":"applicationmanagepricingrules-display-component---newInfoPriceItem--calcBase-arrow"}]}
COMMAND: GET /session/02ea79fddde22fa81bffc0522714798c/screenshot - {}
RESULT: {"script":"<script> [1562 bytes]","args":[{"selector":{"id":"application-managepricingrules-display-component---newInfoPriceItem--calcBase-arrow"},"wdio_ui5_key":"applicationmanagepricingrules-display-component---newInfoPriceItem--calcBase-arrow"}]}
RESULT: undefined
COMMAND: POST /session/02ea79fddde22fa81bffc0522714798c/element - {"using":"xpath","value":"//*[@id=\"application-managepricingrules-display-component---newInfoPriceItem--calcBase-arrow\"]"}
RESULT: {}
RESULT: {"using":"xpath","value":"//*[@id=\"application-managepricingrules-display-component---newInfoPriceItem--calcBase-arrow\"]"}
COMMAND: POST /session/02ea79fddde22fa81bffc0522714798c/element/f.CB997DD3A6212A0539B4B9AD4CB02789.d.F8857731B64118E2787558C62AFD741F.e.3534/click - {}
RESULT: {}
COMMAND: GET /session/02ea79fddde22fa81bffc0522714798c/screenshot - {}
RESULT: {}
COMMAND: POST /session/02ea79fddde22fa81bffc0522714798c/element - {"using":"xpath","value":"//span[contains(text(), \"0006 - TB(calendar days)\")]"}
RESULT: {"using":"xpath","value":"//span[contains(text(), \"0006 - TB(calendar days)\")]"}
COMMAND: POST /session/02ea79fddde22fa81bffc0522714798c/element/f.CB997DD3A6212A0539B4B9AD4CB02789.d.F8857731B64118E2787558C62AFD741F.e.3535/click - {}
RESULT: {}
COMMAND: GET /session/02ea79fddde22fa81bffc0522714798c/screenshot - {}
RESULT: {}
COMMAND: POST /session/02ea79fddde22fa81bffc0522714798c/execute/async - {"script":"<script> [1562 bytes]","args":[{"selector":{"id":"application-managepricingrules-display-component---newInfoPriceItem--daysMonth","interaction":{"idSuffix":"inner"}},"wdio_ui5_key":"applicationmanagepricingrules-display-component---newInfoPriceItem--daysMonth"}]}
RESULT: {"script":"<script> [1562 bytes]","args":[{"selector":{"id":"application-managepricingrules-display-component---newInfoPriceItem--daysMonth","interaction":{"idSuffix":"inner"}},"wdio_ui5_key":"applicationmanagepricingrules-display-component---newInfoPriceItem--daysMonth"}]}
RESULT: undefined
COMMAND: POST /session/02ea79fddde22fa81bffc0522714798c/execute/async - {"script":"<script> [776 bytes]","args":[{"enterText":"30","selector":{"id":"application-managepricingrules-display-component---newInfoPriceItem--daysMonth","interaction":{"idSuffix":"inner"}},"clearTextFirst":true,"interactionType":"ENTER_TEXT"}]}
RESULT: {"script":"<script> [776 bytes]","args":[{"enterText":"30","selector":{"id":"application-managepricingrules-display-component---newInfoPriceItem--daysMonth","interaction":{"idSuffix":"inner"}},"clearTextFirst":true,"interactionType":"ENTER_TEXT"}]}
COMMAND: POST /session/02ea79fddde22fa81bffc0522714798c/element - {"using":"xpath","value":"//button[@data-kt=\"saveNewRuleButton\"]"}
RESULT: {"using":"xpath","value":"//button[@data-kt=\"saveNewRuleButton\"]"}
COMMAND: POST /session/02ea79fddde22fa81bffc0522714798c/element/f.CB997DD3A6212A0539B4B9AD4CB02789.d.F8857731B64118E2787558C62AFD741F.e.3537/click - {}
RESULT: {}
COMMAND: GET /session/02ea79fddde22fa81bffc0522714798c/screenshot - {}
RESULT: {}
COMMAND: POST /session/02ea79fddde22fa81bffc0522714798c/execute/async - {"script":"<script> [1562 bytes]","args":[{"selector":{"id":"application-managepricingrules-display-component---priceInfoItem--smartFilterBar-btnBasicSearch","interaction":{"idSuffix":"I"}},"wdio_ui5_key":"applicationmanagepricingrules-display-component---priceInfoItem--smartFilterBar-btnBasicSearch"}]}
RESULT: {"script":"<script> [1562 bytes]","args":[{"selector":{"id":"application-managepricingrules-display-component---priceInfoItem--smartFilterBar-btnBasicSearch","interaction":{"idSuffix":"I"}},"wdio_ui5_key":"applicationmanagepricingrules-display-component---priceInfoItem--smartFilterBar-btnBasicSearch"}]}
RESULT: undefined
COMMAND: POST /session/02ea79fddde22fa81bffc0522714798c/execute/async - {"script":"<script> [776 bytes]","args":[{"enterText":"ZtdAuSZmpd","selector":{"id":"application-managepricingrules-display-component---priceInfoItem--smartFilterBar-btnBasicSearch","interaction":{"idSuffix":"I"}},"clearTextFirst":true,"interactionType":"ENTER_TEXT"}]}
RESULT: {"script":"<script> [776 bytes]","args":[{"enterText":"ZtdAuSZmpd","selector":{"id":"application-managepricingrules-display-component---priceInfoItem--smartFilterBar-btnBasicSearch","interaction":{"idSuffix":"I"}},"clearTextFirst":true,"interactionType":"ENTER_TEXT"}]}
COMMAND: POST /session/02ea79fddde22fa81bffc0522714798c/actions - {"actions":[{"id":"action12","type":"key","parameters":{},"actions":[{"type":"keyDown","value":"î€‡"},{"type":"pause","duration":10},{"type":"keyUp","value":"î€‡"}]}]}
RESULT: {"actions":[{"id":"action12","type":"key","parameters":{},"actions":[{"type":"keyDown","value":"î€‡"},{"type":"pause","duration":10},{"type":"keyUp","value":"î€‡"}]}]}
COMMAND: GET /session/02ea79fddde22fa81bffc0522714798c/screenshot - {}
RESULT: {}
COMMAND: POST /session/02ea79fddde22fa81bffc0522714798c/element - {"using":"xpath","value":"//span[@id=\"application-managepricingrules-display-component---priceInfoItem--smartTable-header-inner\"]"}
RESULT: {"using":"xpath","value":"//span[@id=\"application-managepricingrules-display-component---priceInfoItem--smartTable-header-inner\"]"}
COMMAND: POST /session/02ea79fddde22fa81bffc0522714798c/elements - {"using":"xpath","value":"//span[@id=\"application-managepricingrules-display-component---priceInfoItem--smartTable-header-inner\"]"}
RESULT: {"using":"xpath","value":"//span[@id=\"application-managepricingrules-display-component---priceInfoItem--smartTable-header-inner\"]"}
COMMAND: POST /session/02ea79fddde22fa81bffc0522714798c/execute/sync - {"script":"<script> [56 bytes]","args":[{"element-6066-11e4-a52e-4f735466cecf":"f.CB997DD3A6212A0539B4B9AD4CB02789.d.F8857731B64118E2787558C62AFD741F.e.3549","ELEMENT":"f.CB997DD3A6212A0539B4B9AD4CB02789.d.F8857731B64118E2787558C62AFD741F.e.3549"}]}
RESULT: {"script":"<script> [56 bytes]","args":[{"element-6066-11e4-a52e-4f735466cecf":"f.CB997DD3A6212A0539B4B9AD4CB02789.d.F8857731B64118E2787558C62AFD741F.e.3549","ELEMENT":"f.CB997DD3A6212A0539B4B9AD4CB02789.d.F8857731B64118E2787558C62AFD741F.e.3549"}]}
COMMAND: POST /session/02ea79fddde22fa81bffc0522714798c/element - {"using":"css selector","value":"#shell-header-logo"}
COMMAND: GET /session/02ea79fddde22fa81bffc0522714798c/screenshot - {}
RESULT: {"using":"css selector","value":"#shell-header-logo"}
COMMAND: POST /session/02ea79fddde22fa81bffc0522714798c/element/f.CB997DD3A6212A0539B4B9AD4CB02789.d.F8857731B64118E2787558C62AFD741F.e.2773/click - {}
RESULT: {}
RESULT: {}
COMMAND: GET /session/02ea79fddde22fa81bffc0522714798c/screenshot - {}
RESULT: {}
]]></system-out>
    </testcase>
    <testcase classname="chrome.135_0_7049_96.windows.Billing_confirm_US117289" name="Should create new condition for equipment" time="62.879">
      <system-out><![CDATA[
COMMAND: POST /session/02ea79fddde22fa81bffc0522714798c/execute/async - {"script":"<script> [1562 bytes]","args":[{"selector":{"controlType":"sap.m.Text","properties":{"text":"Manage Conditions & Prices"},"interaction":{"idSuffix":"inner"}},"wdio_ui5_key":"sapm.Text{\"text\":\"Manage Conditions & Prices\"}"}]}
RESULT: {"script":"<script> [1562 bytes]","args":[{"selector":{"controlType":"sap.m.Text","properties":{"text":"Manage Conditions & Prices"},"interaction":{"idSuffix":"inner"}},"wdio_ui5_key":"sapm.Text{\"text\":\"Manage Conditions & Prices\"}"}]}
RESULT: undefined
COMMAND: POST /session/02ea79fddde22fa81bffc0522714798c/element - {"using":"xpath","value":"//*[@id=\"__tile53-title\"]"}
RESULT: {"using":"xpath","value":"//*[@id=\"__tile53-title\"]"}
COMMAND: POST /session/02ea79fddde22fa81bffc0522714798c/element/f.CB997DD3A6212A0539B4B9AD4CB02789.d.F8857731B64118E2787558C62AFD741F.e.3552/click - {}
RESULT: {}
COMMAND: POST /session/02ea79fddde22fa81bffc0522714798c/element - {"using":"xpath","value":"//button[@aria-label=\"Create\"]"}
COMMAND: GET /session/02ea79fddde22fa81bffc0522714798c/screenshot - {}
RESULT: {"using":"xpath","value":"//button[@aria-label=\"Create\"]"}
COMMAND: POST /session/02ea79fddde22fa81bffc0522714798c/elements - {"using":"xpath","value":"//button[@aria-label=\"Create\"]"}
RESULT: {}
RESULT: {"using":"xpath","value":"//button[@aria-label=\"Create\"]"}
COMMAND: POST /session/02ea79fddde22fa81bffc0522714798c/elements - {"using":"xpath","value":"//button[@aria-label=\"Create\"]"}
RESULT: {"using":"xpath","value":"//button[@aria-label=\"Create\"]"}
COMMAND: POST /session/02ea79fddde22fa81bffc0522714798c/elements - {"using":"xpath","value":"//button[@aria-label=\"Create\"]"}
RESULT: {"using":"xpath","value":"//button[@aria-label=\"Create\"]"}
COMMAND: POST /session/02ea79fddde22fa81bffc0522714798c/elements - {"using":"xpath","value":"//button[@aria-label=\"Create\"]"}
RESULT: {"using":"xpath","value":"//button[@aria-label=\"Create\"]"}
COMMAND: POST /session/02ea79fddde22fa81bffc0522714798c/elements - {"using":"xpath","value":"//button[@aria-label=\"Create\"]"}
RESULT: {"using":"xpath","value":"//button[@aria-label=\"Create\"]"}
COMMAND: POST /session/02ea79fddde22fa81bffc0522714798c/element - {"using":"xpath","value":"//button[@aria-label=\"Create\"]"}
RESULT: {"using":"xpath","value":"//button[@aria-label=\"Create\"]"}
COMMAND: POST /session/02ea79fddde22fa81bffc0522714798c/execute/sync - {"script":"<script> [8489 bytes]","args":[{"element-6066-11e4-a52e-4f735466cecf":"f.CB997DD3A6212A0539B4B9AD4CB02789.d.F8857731B64118E2787558C62AFD741F.e.3588","ELEMENT":"f.CB997DD3A6212A0539B4B9AD4CB02789.d.F8857731B64118E2787558C62AFD741F.e.3588"}]}
RESULT: {"script":"<script> [8489 bytes]","args":[{"element-6066-11e4-a52e-4f735466cecf":"f.CB997DD3A6212A0539B4B9AD4CB02789.d.F8857731B64118E2787558C62AFD741F.e.3588","ELEMENT":"f.CB997DD3A6212A0539B4B9AD4CB02789.d.F8857731B64118E2787558C62AFD741F.e.3588"}]}
COMMAND: GET /session/02ea79fddde22fa81bffc0522714798c/element/f.CB997DD3A6212A0539B4B9AD4CB02789.d.F8857731B64118E2787558C62AFD741F.e.3588/enabled - {}
COMMAND: GET /session/02ea79fddde22fa81bffc0522714798c/screenshot - {}
RESULT: {}
COMMAND: POST /session/02ea79fddde22fa81bffc0522714798c/execute/sync - {"script":"<script> [8489 bytes]","args":[{"element-6066-11e4-a52e-4f735466cecf":"f.CB997DD3A6212A0539B4B9AD4CB02789.d.F8857731B64118E2787558C62AFD741F.e.3588","ELEMENT":"f.CB997DD3A6212A0539B4B9AD4CB02789.d.F8857731B64118E2787558C62AFD741F.e.3588"}]}
COMMAND: GET /session/02ea79fddde22fa81bffc0522714798c/screenshot - {}
RESULT: {}
RESULT: {"script":"<script> [8489 bytes]","args":[{"element-6066-11e4-a52e-4f735466cecf":"f.CB997DD3A6212A0539B4B9AD4CB02789.d.F8857731B64118E2787558C62AFD741F.e.3588","ELEMENT":"f.CB997DD3A6212A0539B4B9AD4CB02789.d.F8857731B64118E2787558C62AFD741F.e.3588"}]}
COMMAND: POST /session/02ea79fddde22fa81bffc0522714798c/execute/sync - {"script":"<script> [5351 bytes]","args":[{"element-6066-11e4-a52e-4f735466cecf":"f.CB997DD3A6212A0539B4B9AD4CB02789.d.F8857731B64118E2787558C62AFD741F.e.3588","ELEMENT":"f.CB997DD3A6212A0539B4B9AD4CB02789.d.F8857731B64118E2787558C62AFD741F.e.3588"}]}
COMMAND: GET /session/02ea79fddde22fa81bffc0522714798c/screenshot - {}
RESULT: {}
RESULT: {"script":"<script> [5351 bytes]","args":[{"element-6066-11e4-a52e-4f735466cecf":"f.CB997DD3A6212A0539B4B9AD4CB02789.d.F8857731B64118E2787558C62AFD741F.e.3588","ELEMENT":"f.CB997DD3A6212A0539B4B9AD4CB02789.d.F8857731B64118E2787558C62AFD741F.e.3588"}]}
COMMAND: POST /session/02ea79fddde22fa81bffc0522714798c/element/f.CB997DD3A6212A0539B4B9AD4CB02789.d.F8857731B64118E2787558C62AFD741F.e.3588/click - {}
COMMAND: GET /session/02ea79fddde22fa81bffc0522714798c/screenshot - {}
RESULT: {}
RESULT: {}
COMMAND: GET /session/02ea79fddde22fa81bffc0522714798c/screenshot - {}
RESULT: {}
RESULT: {}
COMMAND: POST /session/02ea79fddde22fa81bffc0522714798c/actions - {"actions":[{"id":"action13","type":"key","parameters":{},"actions":[{"type":"keyDown","value":"î€‡"},{"type":"pause","duration":10},{"type":"keyUp","value":"î€‡"}]}]}
RESULT: {"actions":[{"id":"action13","type":"key","parameters":{},"actions":[{"type":"keyDown","value":"î€‡"},{"type":"pause","duration":10},{"type":"keyUp","value":"î€‡"}]}]}
COMMAND: GET /session/02ea79fddde22fa81bffc0522714798c/screenshot - {}
RESULT: {}
COMMAND: POST /session/02ea79fddde22fa81bffc0522714798c/execute/async - {"script":"<script> [1562 bytes]","args":[{"selector":{"id":"application-manageconditionprice-display-component---newCondition--condBillCond-arrow"},"wdio_ui5_key":"applicationmanageconditionprice-display-component---newCondition--condBillCond-arrow"}]}
RESULT: {"script":"<script> [1562 bytes]","args":[{"selector":{"id":"application-manageconditionprice-display-component---newCondition--condBillCond-arrow"},"wdio_ui5_key":"applicationmanageconditionprice-display-component---newCondition--condBillCond-arrow"}]}
RESULT: undefined
COMMAND: POST /session/02ea79fddde22fa81bffc0522714798c/element - {"using":"xpath","value":"//*[@id=\"application-manageconditionprice-display-component---newCondition--condBillCond-arrow\"]"}
RESULT: {"using":"xpath","value":"//*[@id=\"application-manageconditionprice-display-component---newCondition--condBillCond-arrow\"]"}
COMMAND: POST /session/02ea79fddde22fa81bffc0522714798c/element/f.CB997DD3A6212A0539B4B9AD4CB02789.d.F8857731B64118E2787558C62AFD741F.e.3799/click - {}
RESULT: {}
COMMAND: GET /session/02ea79fddde22fa81bffc0522714798c/screenshot - {}
RESULT: {}
COMMAND: POST /session/02ea79fddde22fa81bffc0522714798c/element - {"using":"xpath","value":"//li[.//span[contains(text(), \"DISP - D&I special price\")]]"}
RESULT: {"using":"xpath","value":"//li[.//span[contains(text(), \"DISP - D&I special price\")]]"}
COMMAND: POST /session/02ea79fddde22fa81bffc0522714798c/element/f.CB997DD3A6212A0539B4B9AD4CB02789.d.F8857731B64118E2787558C62AFD741F.e.3803/click - {}
RESULT: {}
COMMAND: GET /session/02ea79fddde22fa81bffc0522714798c/screenshot - {}
RESULT: {}
COMMAND: POST /session/02ea79fddde22fa81bffc0522714798c/execute/async - {"script":"<script> [1562 bytes]","args":[{"selector":{"id":"application-manageconditionprice-display-component---newCondition--condValidTo","interaction":{"idSuffix":"inner"}},"wdio_ui5_key":"applicationmanageconditionprice-display-component---newCondition--condValidTo"}]}
RESULT: {"script":"<script> [1562 bytes]","args":[{"selector":{"id":"application-manageconditionprice-display-component---newCondition--condValidTo","interaction":{"idSuffix":"inner"}},"wdio_ui5_key":"applicationmanageconditionprice-display-component---newCondition--condValidTo"}]}
RESULT: undefined
COMMAND: POST /session/02ea79fddde22fa81bffc0522714798c/execute/async - {"script":"<script> [776 bytes]","args":[{"enterText":"12/28/25","selector":{"id":"application-manageconditionprice-display-component---newCondition--condValidTo","interaction":{"idSuffix":"inner"}},"clearTextFirst":true,"interactionType":"ENTER_TEXT"}]}
RESULT: {"script":"<script> [776 bytes]","args":[{"enterText":"12/28/25","selector":{"id":"application-manageconditionprice-display-component---newCondition--condValidTo","interaction":{"idSuffix":"inner"}},"clearTextFirst":true,"interactionType":"ENTER_TEXT"}]}
COMMAND: POST /session/02ea79fddde22fa81bffc0522714798c/element - {"using":"xpath","value":"//input[@id=\"application-manageconditionprice-display-component---newCondition--condRU-inner\"]"}
RESULT: {"using":"xpath","value":"//input[@id=\"application-manageconditionprice-display-component---newCondition--condRU-inner\"]"}
COMMAND: POST /session/02ea79fddde22fa81bffc0522714798c/element/f.CB997DD3A6212A0539B4B9AD4CB02789.d.F8857731B64118E2787558C62AFD741F.e.3665/clear - {}
RESULT: {}
COMMAND: POST /session/02ea79fddde22fa81bffc0522714798c/element/f.CB997DD3A6212A0539B4B9AD4CB02789.d.F8857731B64118E2787558C62AFD741F.e.3665/value - {"text":"ZtdAuSZmpd"}
COMMAND: GET /session/02ea79fddde22fa81bffc0522714798c/screenshot - {}
RESULT: {"text":"ZtdAuSZmpd"}
COMMAND: GET /session/02ea79fddde22fa81bffc0522714798c/screenshot - {}
RESULT: {}
RESULT: {}
COMMAND: POST /session/02ea79fddde22fa81bffc0522714798c/actions - {"actions":[{"id":"action14","type":"key","parameters":{},"actions":[{"type":"keyDown","value":"î€‡"},{"type":"pause","duration":10},{"type":"keyUp","value":"î€‡"}]}]}
RESULT: {"actions":[{"id":"action14","type":"key","parameters":{},"actions":[{"type":"keyDown","value":"î€‡"},{"type":"pause","duration":10},{"type":"keyUp","value":"î€‡"}]}]}
COMMAND: POST /session/02ea79fddde22fa81bffc0522714798c/execute/async - {"script":"<script> [1562 bytes]","args":[{"selector":{"id":"application-manageconditionprice-display-component---newCondition--condBaseQty","interaction":{"idSuffix":"inner"}},"wdio_ui5_key":"applicationmanageconditionprice-display-component---newCondition--condBaseQty"}]}
COMMAND: GET /session/02ea79fddde22fa81bffc0522714798c/screenshot - {}
RESULT: {"script":"<script> [1562 bytes]","args":[{"selector":{"id":"application-manageconditionprice-display-component---newCondition--condBaseQty","interaction":{"idSuffix":"inner"}},"wdio_ui5_key":"applicationmanageconditionprice-display-component---newCondition--condBaseQty"}]}
RESULT: undefined
COMMAND: POST /session/02ea79fddde22fa81bffc0522714798c/execute/async - {"script":"<script> [776 bytes]","args":[{"enterText":"1","selector":{"id":"application-manageconditionprice-display-component---newCondition--condBaseQty","interaction":{"idSuffix":"inner"}},"clearTextFirst":true,"interactionType":"ENTER_TEXT"}]}
RESULT: {}
RESULT: {"script":"<script> [776 bytes]","args":[{"enterText":"1","selector":{"id":"application-manageconditionprice-display-component---newCondition--condBaseQty","interaction":{"idSuffix":"inner"}},"clearTextFirst":true,"interactionType":"ENTER_TEXT"}]}
COMMAND: POST /session/02ea79fddde22fa81bffc0522714798c/execute/async - {"script":"<script> [1562 bytes]","args":[{"selector":{"id":"application-manageconditionprice-display-component---newCondition--condValue","interaction":{"idSuffix":"inner"}},"wdio_ui5_key":"applicationmanageconditionprice-display-component---newCondition--condValue"}]}
RESULT: {"script":"<script> [1562 bytes]","args":[{"selector":{"id":"application-manageconditionprice-display-component---newCondition--condValue","interaction":{"idSuffix":"inner"}},"wdio_ui5_key":"applicationmanageconditionprice-display-component---newCondition--condValue"}]}
RESULT: undefined
COMMAND: POST /session/02ea79fddde22fa81bffc0522714798c/execute/async - {"script":"<script> [776 bytes]","args":[{"enterText":"100","selector":{"id":"application-manageconditionprice-display-component---newCondition--condValue","interaction":{"idSuffix":"inner"}},"clearTextFirst":true,"interactionType":"ENTER_TEXT"}]}
RESULT: {"script":"<script> [776 bytes]","args":[{"enterText":"100","selector":{"id":"application-manageconditionprice-display-component---newCondition--condValue","interaction":{"idSuffix":"inner"}},"clearTextFirst":true,"interactionType":"ENTER_TEXT"}]}
COMMAND: POST /session/02ea79fddde22fa81bffc0522714798c/execute/async - {"script":"<script> [1562 bytes]","args":[{"selector":{"id":"application-manageconditionprice-display-component---newCondition--condCurr-arrow"},"wdio_ui5_key":"applicationmanageconditionprice-display-component---newCondition--condCurr-arrow"}]}
RESULT: {"script":"<script> [1562 bytes]","args":[{"selector":{"id":"application-manageconditionprice-display-component---newCondition--condCurr-arrow"},"wdio_ui5_key":"applicationmanageconditionprice-display-component---newCondition--condCurr-arrow"}]}
RESULT: undefined
COMMAND: POST /session/02ea79fddde22fa81bffc0522714798c/element - {"using":"xpath","value":"//*[@id=\"application-manageconditionprice-display-component---newCondition--condCurr-arrow\"]"}
RESULT: {"using":"xpath","value":"//*[@id=\"application-manageconditionprice-display-component---newCondition--condCurr-arrow\"]"}
COMMAND: POST /session/02ea79fddde22fa81bffc0522714798c/element/f.CB997DD3A6212A0539B4B9AD4CB02789.d.F8857731B64118E2787558C62AFD741F.e.3789/click - {}
RESULT: {}
COMMAND: POST /session/02ea79fddde22fa81bffc0522714798c/element - {"using":"xpath","value":"//span[contains(text(), \"Euro\")]"}
COMMAND: GET /session/02ea79fddde22fa81bffc0522714798c/screenshot - {}
RESULT: {"using":"xpath","value":"//span[contains(text(), \"Euro\")]"}
COMMAND: POST /session/02ea79fddde22fa81bffc0522714798c/element/f.CB997DD3A6212A0539B4B9AD4CB02789.d.F8857731B64118E2787558C62AFD741F.e.3838/click - {}
RESULT: {}
RESULT: {}
COMMAND: POST /session/02ea79fddde22fa81bffc0522714798c/element - {"using":"xpath","value":"//button[@data-kt=\"saveButton\"]"}
COMMAND: GET /session/02ea79fddde22fa81bffc0522714798c/screenshot - {}
RESULT: {"using":"xpath","value":"//button[@data-kt=\"saveButton\"]"}
COMMAND: POST /session/02ea79fddde22fa81bffc0522714798c/element/f.CB997DD3A6212A0539B4B9AD4CB02789.d.F8857731B64118E2787558C62AFD741F.e.3790/click - {}
RESULT: {}
RESULT: {}
COMMAND: GET /session/02ea79fddde22fa81bffc0522714798c/screenshot - {}
RESULT: {}
COMMAND: POST /session/02ea79fddde22fa81bffc0522714798c/execute/async - {"script":"<script> [1562 bytes]","args":[{"selector":{"id":"application-manageconditionprice-display-component---conditions--smartFilterBar-btnBasicSearch","interaction":{"idSuffix":"I"}},"wdio_ui5_key":"applicationmanageconditionprice-display-component---conditions--smartFilterBar-btnBasicSearch"}]}
RESULT: {"script":"<script> [1562 bytes]","args":[{"selector":{"id":"application-manageconditionprice-display-component---conditions--smartFilterBar-btnBasicSearch","interaction":{"idSuffix":"I"}},"wdio_ui5_key":"applicationmanageconditionprice-display-component---conditions--smartFilterBar-btnBasicSearch"}]}
RESULT: undefined
COMMAND: POST /session/02ea79fddde22fa81bffc0522714798c/execute/async - {"script":"<script> [776 bytes]","args":[{"enterText":"ZtdAuSZmpd","selector":{"id":"application-manageconditionprice-display-component---conditions--smartFilterBar-btnBasicSearch","interaction":{"idSuffix":"I"}},"clearTextFirst":true,"interactionType":"ENTER_TEXT"}]}
RESULT: {"script":"<script> [776 bytes]","args":[{"enterText":"ZtdAuSZmpd","selector":{"id":"application-manageconditionprice-display-component---conditions--smartFilterBar-btnBasicSearch","interaction":{"idSuffix":"I"}},"clearTextFirst":true,"interactionType":"ENTER_TEXT"}]}
COMMAND: POST /session/02ea79fddde22fa81bffc0522714798c/actions - {"actions":[{"id":"action15","type":"key","parameters":{},"actions":[{"type":"keyDown","value":"î€‡"},{"type":"pause","duration":10},{"type":"keyUp","value":"î€‡"}]}]}
RESULT: {"actions":[{"id":"action15","type":"key","parameters":{},"actions":[{"type":"keyDown","value":"î€‡"},{"type":"pause","duration":10},{"type":"keyUp","value":"î€‡"}]}]}
COMMAND: GET /session/02ea79fddde22fa81bffc0522714798c/screenshot - {}
RESULT: {}
COMMAND: POST /session/02ea79fddde22fa81bffc0522714798c/execute/async - {"script":"<script> [1562 bytes]","args":[{"selector":{"id":"application-manageconditionprice-display-component---conditions--smartFilterBar-filterItemControl_BASIC-BILL_TYPES-vhi"},"wdio_ui5_key":"applicationmanageconditionprice-display-component---conditions--smartFilterBar-filterItemControl_BASIC-BILL_TYPES-vhi"}]}
RESULT: {"script":"<script> [1562 bytes]","args":[{"selector":{"id":"application-manageconditionprice-display-component---conditions--smartFilterBar-filterItemControl_BASIC-BILL_TYPES-vhi"},"wdio_ui5_key":"applicationmanageconditionprice-display-component---conditions--smartFilterBar-filterItemControl_BASIC-BILL_TYPES-vhi"}]}
RESULT: undefined
COMMAND: POST /session/02ea79fddde22fa81bffc0522714798c/element - {"using":"xpath","value":"//*[@id=\"application-manageconditionprice-display-component---conditions--smartFilterBar-filterItemControl_BASIC-BILL_TYPES-vhi\"]"}
RESULT: {"using":"xpath","value":"//*[@id=\"application-manageconditionprice-display-component---conditions--smartFilterBar-filterItemControl_BASIC-BILL_TYPES-vhi\"]"}
COMMAND: POST /session/02ea79fddde22fa81bffc0522714798c/element/f.CB997DD3A6212A0539B4B9AD4CB02789.d.F8857731B64118E2787558C62AFD741F.e.3855/click - {}
RESULT: {}
COMMAND: POST /session/02ea79fddde22fa81bffc0522714798c/execute/async - {"script":"<script> [1562 bytes]","args":[{"selector":{"id":"application-manageconditionprice-display-component---conditions--smartFilterBar-filterItemControl_BASIC-BILL_TYPES-valueHelpDialog-smartFilterBar-btnBasicSearch","searchOpenDialogs":true,"interaction":{"idSuffix":"I"}},"wdio_ui5_key":"applicationmanageconditionprice-display-component---conditions--smartFilterBar-filterItemControl_BASIC-BILL_TYPES-valueHelpDialog-smartFilterBar-btnBasicSearch"}]}
COMMAND: GET /session/02ea79fddde22fa81bffc0522714798c/screenshot - {}
RESULT: {"script":"<script> [1562 bytes]","args":[{"selector":{"id":"application-manageconditionprice-display-component---conditions--smartFilterBar-filterItemControl_BASIC-BILL_TYPES-valueHelpDialog-smartFilterBar-btnBasicSearch","searchOpenDialogs":true,"interaction":{"idSuffix":"I"}},"wdio_ui5_key":"applicationmanageconditionprice-display-component---conditions--smartFilterBar-filterItemControl_BASIC-BILL_TYPES-valueHelpDialog-smartFilterBar-btnBasicSearch"}]}
RESULT: undefined
COMMAND: POST /session/02ea79fddde22fa81bffc0522714798c/execute/async - {"script":"<script> [776 bytes]","args":[{"enterText":"TB","selector":{"id":"application-manageconditionprice-display-component---conditions--smartFilterBar-filterItemControl_BASIC-BILL_TYPES-valueHelpDialog-smartFilterBar-btnBasicSearch","searchOpenDialogs":true,"interaction":{"idSuffix":"I"}},"clearTextFirst":true,"interactionType":"ENTER_TEXT"}]}
RESULT: {}
RESULT: {"script":"<script> [776 bytes]","args":[{"enterText":"TB","selector":{"id":"application-manageconditionprice-display-component---conditions--smartFilterBar-filterItemControl_BASIC-BILL_TYPES-valueHelpDialog-smartFilterBar-btnBasicSearch","searchOpenDialogs":true,"interaction":{"idSuffix":"I"}},"clearTextFirst":true,"interactionType":"ENTER_TEXT"}]}
COMMAND: POST /session/02ea79fddde22fa81bffc0522714798c/actions - {"actions":[{"id":"action16","type":"key","parameters":{},"actions":[{"type":"keyDown","value":"î€‡"},{"type":"pause","duration":10},{"type":"keyUp","value":"î€‡"}]}]}
RESULT: {"actions":[{"id":"action16","type":"key","parameters":{},"actions":[{"type":"keyDown","value":"î€‡"},{"type":"pause","duration":10},{"type":"keyUp","value":"î€‡"}]}]}
COMMAND: GET /session/02ea79fddde22fa81bffc0522714798c/screenshot - {}
RESULT: {}
COMMAND: POST /session/02ea79fddde22fa81bffc0522714798c/element - {"using":"xpath","value":"//div[contains(@id, 'application-manageconditionprice-display-component---conditions--smartFilterBar-filterItemControl_BASIC-BILL_TYPES-valueHelpDialog-table-rowsel0')]"}
RESULT: {"using":"xpath","value":"//div[contains(@id, 'application-manageconditionprice-display-component---conditions--smartFilterBar-filterItemControl_BASIC-BILL_TYPES-valueHelpDialog-table-rowsel0')]"}
COMMAND: POST /session/02ea79fddde22fa81bffc0522714798c/element/f.CB997DD3A6212A0539B4B9AD4CB02789.d.F8857731B64118E2787558C62AFD741F.e.3865/click - {}
RESULT: {}
COMMAND: GET /session/02ea79fddde22fa81bffc0522714798c/screenshot - {}
RESULT: {}
COMMAND: POST /session/02ea79fddde22fa81bffc0522714798c/element - {"using":"xpath","value":"//bdi[contains(text(), \"OK\")]"}
RESULT: {"using":"xpath","value":"//bdi[contains(text(), \"OK\")]"}
COMMAND: POST /session/02ea79fddde22fa81bffc0522714798c/element/f.CB997DD3A6212A0539B4B9AD4CB02789.d.F8857731B64118E2787558C62AFD741F.e.3867/click - {}
RESULT: {}
COMMAND: GET /session/02ea79fddde22fa81bffc0522714798c/screenshot - {}
RESULT: {}
COMMAND: POST /session/02ea79fddde22fa81bffc0522714798c/element - {"using":"xpath","value":"//span[@id=\"application-manageconditionprice-display-component---conditions--smartTable-header-inner\"]"}
RESULT: {"using":"xpath","value":"//span[@id=\"application-manageconditionprice-display-component---conditions--smartTable-header-inner\"]"}
COMMAND: POST /session/02ea79fddde22fa81bffc0522714798c/elements - {"using":"xpath","value":"//span[@id=\"application-manageconditionprice-display-component---conditions--smartTable-header-inner\"]"}
RESULT: {"using":"xpath","value":"//span[@id=\"application-manageconditionprice-display-component---conditions--smartTable-header-inner\"]"}
COMMAND: POST /session/02ea79fddde22fa81bffc0522714798c/execute/sync - {"script":"<script> [56 bytes]","args":[{"element-6066-11e4-a52e-4f735466cecf":"f.CB997DD3A6212A0539B4B9AD4CB02789.d.F8857731B64118E2787558C62AFD741F.e.3870","ELEMENT":"f.CB997DD3A6212A0539B4B9AD4CB02789.d.F8857731B64118E2787558C62AFD741F.e.3870"}]}
RESULT: {"script":"<script> [56 bytes]","args":[{"element-6066-11e4-a52e-4f735466cecf":"f.CB997DD3A6212A0539B4B9AD4CB02789.d.F8857731B64118E2787558C62AFD741F.e.3870","ELEMENT":"f.CB997DD3A6212A0539B4B9AD4CB02789.d.F8857731B64118E2787558C62AFD741F.e.3870"}]}
COMMAND: POST /session/02ea79fddde22fa81bffc0522714798c/element - {"using":"css selector","value":"#shell-header-logo"}
COMMAND: GET /session/02ea79fddde22fa81bffc0522714798c/screenshot - {}
RESULT: {"using":"css selector","value":"#shell-header-logo"}
COMMAND: POST /session/02ea79fddde22fa81bffc0522714798c/element/f.CB997DD3A6212A0539B4B9AD4CB02789.d.F8857731B64118E2787558C62AFD741F.e.3555/click - {}
RESULT: {}
RESULT: {}
COMMAND: GET /session/02ea79fddde22fa81bffc0522714798c/screenshot - {}
RESULT: {}
]]></system-out>
    </testcase>
    <testcase classname="chrome.135_0_7049_96.windows.Billing_confirm_US117289" name="Should do a stock increase" time="78.878">
      <system-out><![CDATA[
COMMAND: POST /session/02ea79fddde22fa81bffc0522714798c/execute/async - {"script":"<script> [1562 bytes]","args":[{"selector":{"controlType":"sap.m.Text","viewName":"etm.portal.ui.managehandoverstile.view.Master","properties":{"text":"Manage Handovers"},"interaction":{"idSuffix":"inner"}},"wdio_ui5_key":"etmportal.ui.managehandoverstile.view.Mastersap.m.Text{\"text\":\"Manage Handovers\"}"}]}
RESULT: {"script":"<script> [1562 bytes]","args":[{"selector":{"controlType":"sap.m.Text","viewName":"etm.portal.ui.managehandoverstile.view.Master","properties":{"text":"Manage Handovers"},"interaction":{"idSuffix":"inner"}},"wdio_ui5_key":"etmportal.ui.managehandoverstile.view.Mastersap.m.Text{\"text\":\"Manage Handovers\"}"}]}
RESULT: undefined
COMMAND: POST /session/02ea79fddde22fa81bffc0522714798c/element - {"using":"xpath","value":"//*[@id=\"__tile130-title\"]"}
RESULT: {"using":"xpath","value":"//*[@id=\"__tile130-title\"]"}
COMMAND: POST /session/02ea79fddde22fa81bffc0522714798c/element/f.CB997DD3A6212A0539B4B9AD4CB02789.d.F8857731B64118E2787558C62AFD741F.e.3875/click - {}
RESULT: {}
COMMAND: POST /session/02ea79fddde22fa81bffc0522714798c/element - {"using":"xpath","value":"//button[@data-kt=\"masterHOAddButton\"]"}
COMMAND: GET /session/02ea79fddde22fa81bffc0522714798c/screenshot - {}
RESULT: {"using":"xpath","value":"//button[@data-kt=\"masterHOAddButton\"]"}
COMMAND: POST /session/02ea79fddde22fa81bffc0522714798c/elements - {"using":"xpath","value":"//button[@data-kt=\"masterHOAddButton\"]"}
RESULT: {}
RESULT: {"using":"xpath","value":"//button[@data-kt=\"masterHOAddButton\"]"}
COMMAND: POST /session/02ea79fddde22fa81bffc0522714798c/elements - {"using":"xpath","value":"//button[@data-kt=\"masterHOAddButton\"]"}
RESULT: {"using":"xpath","value":"//button[@data-kt=\"masterHOAddButton\"]"}
COMMAND: POST /session/02ea79fddde22fa81bffc0522714798c/elements - {"using":"xpath","value":"//button[@data-kt=\"masterHOAddButton\"]"}
RESULT: {"using":"xpath","value":"//button[@data-kt=\"masterHOAddButton\"]"}
COMMAND: POST /session/02ea79fddde22fa81bffc0522714798c/elements - {"using":"xpath","value":"//button[@data-kt=\"masterHOAddButton\"]"}
RESULT: {"using":"xpath","value":"//button[@data-kt=\"masterHOAddButton\"]"}
COMMAND: POST /session/02ea79fddde22fa81bffc0522714798c/elements - {"using":"xpath","value":"//button[@data-kt=\"masterHOAddButton\"]"}
RESULT: {"using":"xpath","value":"//button[@data-kt=\"masterHOAddButton\"]"}
COMMAND: POST /session/02ea79fddde22fa81bffc0522714798c/elements - {"using":"xpath","value":"//button[@data-kt=\"masterHOAddButton\"]"}
RESULT: {"using":"xpath","value":"//button[@data-kt=\"masterHOAddButton\"]"}
COMMAND: POST /session/02ea79fddde22fa81bffc0522714798c/elements - {"using":"xpath","value":"//button[@data-kt=\"masterHOAddButton\"]"}
RESULT: {"using":"xpath","value":"//button[@data-kt=\"masterHOAddButton\"]"}
COMMAND: POST /session/02ea79fddde22fa81bffc0522714798c/elements - {"using":"xpath","value":"//button[@data-kt=\"masterHOAddButton\"]"}
RESULT: {"using":"xpath","value":"//button[@data-kt=\"masterHOAddButton\"]"}
COMMAND: POST /session/02ea79fddde22fa81bffc0522714798c/elements - {"using":"xpath","value":"//button[@data-kt=\"masterHOAddButton\"]"}
RESULT: {"using":"xpath","value":"//button[@data-kt=\"masterHOAddButton\"]"}
COMMAND: POST /session/02ea79fddde22fa81bffc0522714798c/elements - {"using":"xpath","value":"//button[@data-kt=\"masterHOAddButton\"]"}
RESULT: {"using":"xpath","value":"//button[@data-kt=\"masterHOAddButton\"]"}
COMMAND: POST /session/02ea79fddde22fa81bffc0522714798c/elements - {"using":"xpath","value":"//button[@data-kt=\"masterHOAddButton\"]"}
RESULT: {"using":"xpath","value":"//button[@data-kt=\"masterHOAddButton\"]"}
COMMAND: POST /session/02ea79fddde22fa81bffc0522714798c/elements - {"using":"xpath","value":"//button[@data-kt=\"masterHOAddButton\"]"}
RESULT: {"using":"xpath","value":"//button[@data-kt=\"masterHOAddButton\"]"}
COMMAND: POST /session/02ea79fddde22fa81bffc0522714798c/elements - {"using":"xpath","value":"//button[@data-kt=\"masterHOAddButton\"]"}
RESULT: {"using":"xpath","value":"//button[@data-kt=\"masterHOAddButton\"]"}
COMMAND: POST /session/02ea79fddde22fa81bffc0522714798c/elements - {"using":"xpath","value":"//button[@data-kt=\"masterHOAddButton\"]"}
RESULT: {"using":"xpath","value":"//button[@data-kt=\"masterHOAddButton\"]"}
COMMAND: POST /session/02ea79fddde22fa81bffc0522714798c/elements - {"using":"xpath","value":"//button[@data-kt=\"masterHOAddButton\"]"}
RESULT: {"using":"xpath","value":"//button[@data-kt=\"masterHOAddButton\"]"}
COMMAND: POST /session/02ea79fddde22fa81bffc0522714798c/elements - {"using":"xpath","value":"//button[@data-kt=\"masterHOAddButton\"]"}
RESULT: {"using":"xpath","value":"//button[@data-kt=\"masterHOAddButton\"]"}
COMMAND: POST /session/02ea79fddde22fa81bffc0522714798c/elements - {"using":"xpath","value":"//button[@data-kt=\"masterHOAddButton\"]"}
RESULT: {"using":"xpath","value":"//button[@data-kt=\"masterHOAddButton\"]"}
COMMAND: POST /session/02ea79fddde22fa81bffc0522714798c/element - {"using":"xpath","value":"//button[@data-kt=\"masterHOAddButton\"]"}
RESULT: {"using":"xpath","value":"//button[@data-kt=\"masterHOAddButton\"]"}
COMMAND: POST /session/02ea79fddde22fa81bffc0522714798c/execute/sync - {"script":"<script> [8489 bytes]","args":[{"element-6066-11e4-a52e-4f735466cecf":"f.CB997DD3A6212A0539B4B9AD4CB02789.d.F8857731B64118E2787558C62AFD741F.e.3915","ELEMENT":"f.CB997DD3A6212A0539B4B9AD4CB02789.d.F8857731B64118E2787558C62AFD741F.e.3915"}]}
RESULT: {"script":"<script> [8489 bytes]","args":[{"element-6066-11e4-a52e-4f735466cecf":"f.CB997DD3A6212A0539B4B9AD4CB02789.d.F8857731B64118E2787558C62AFD741F.e.3915","ELEMENT":"f.CB997DD3A6212A0539B4B9AD4CB02789.d.F8857731B64118E2787558C62AFD741F.e.3915"}]}
COMMAND: GET /session/02ea79fddde22fa81bffc0522714798c/element/f.CB997DD3A6212A0539B4B9AD4CB02789.d.F8857731B64118E2787558C62AFD741F.e.3915/enabled - {}
COMMAND: GET /session/02ea79fddde22fa81bffc0522714798c/screenshot - {}
RESULT: {}
COMMAND: POST /session/02ea79fddde22fa81bffc0522714798c/execute/sync - {"script":"<script> [8489 bytes]","args":[{"element-6066-11e4-a52e-4f735466cecf":"f.CB997DD3A6212A0539B4B9AD4CB02789.d.F8857731B64118E2787558C62AFD741F.e.3915","ELEMENT":"f.CB997DD3A6212A0539B4B9AD4CB02789.d.F8857731B64118E2787558C62AFD741F.e.3915"}]}
COMMAND: GET /session/02ea79fddde22fa81bffc0522714798c/screenshot - {}
RESULT: {}
RESULT: {}
RESULT: {"script":"<script> [8489 bytes]","args":[{"element-6066-11e4-a52e-4f735466cecf":"f.CB997DD3A6212A0539B4B9AD4CB02789.d.F8857731B64118E2787558C62AFD741F.e.3915","ELEMENT":"f.CB997DD3A6212A0539B4B9AD4CB02789.d.F8857731B64118E2787558C62AFD741F.e.3915"}]}
COMMAND: POST /session/02ea79fddde22fa81bffc0522714798c/execute/sync - {"script":"<script> [5351 bytes]","args":[{"element-6066-11e4-a52e-4f735466cecf":"f.CB997DD3A6212A0539B4B9AD4CB02789.d.F8857731B64118E2787558C62AFD741F.e.3915","ELEMENT":"f.CB997DD3A6212A0539B4B9AD4CB02789.d.F8857731B64118E2787558C62AFD741F.e.3915"}]}
COMMAND: GET /session/02ea79fddde22fa81bffc0522714798c/screenshot - {}
RESULT: {"script":"<script> [5351 bytes]","args":[{"element-6066-11e4-a52e-4f735466cecf":"f.CB997DD3A6212A0539B4B9AD4CB02789.d.F8857731B64118E2787558C62AFD741F.e.3915","ELEMENT":"f.CB997DD3A6212A0539B4B9AD4CB02789.d.F8857731B64118E2787558C62AFD741F.e.3915"}]}
COMMAND: POST /session/02ea79fddde22fa81bffc0522714798c/element/f.CB997DD3A6212A0539B4B9AD4CB02789.d.F8857731B64118E2787558C62AFD741F.e.3915/click - {}
COMMAND: GET /session/02ea79fddde22fa81bffc0522714798c/screenshot - {}
RESULT: {}
RESULT: {}
COMMAND: GET /session/02ea79fddde22fa81bffc0522714798c/screenshot - {}
RESULT: {}
RESULT: {}
COMMAND: POST /session/02ea79fddde22fa81bffc0522714798c/element - {"using":"xpath","value":"//span[contains(@id ,\"AddNewHO--typeSelect-arrow\")]"}
RESULT: {"using":"xpath","value":"//span[contains(@id ,\"AddNewHO--typeSelect-arrow\")]"}
COMMAND: POST /session/02ea79fddde22fa81bffc0522714798c/element/f.CB997DD3A6212A0539B4B9AD4CB02789.d.F8857731B64118E2787558C62AFD741F.e.4255/click - {}
RESULT: {}
COMMAND: GET /session/02ea79fddde22fa81bffc0522714798c/screenshot - {}
RESULT: {}
COMMAND: POST /session/02ea79fddde22fa81bffc0522714798c/element - {"using":"xpath","value":"(//li[contains(text(), \"stock increase yard\")])[1]"}
RESULT: {"using":"xpath","value":"(//li[contains(text(), \"stock increase yard\")])[1]"}
COMMAND: POST /session/02ea79fddde22fa81bffc0522714798c/element/f.CB997DD3A6212A0539B4B9AD4CB02789.d.F8857731B64118E2787558C62AFD741F.e.4256/click - {}
RESULT: {}
COMMAND: GET /session/02ea79fddde22fa81bffc0522714798c/screenshot - {}
RESULT: {}
COMMAND: POST /session/02ea79fddde22fa81bffc0522714798c/execute/async - {"script":"<script> [1562 bytes]","args":[{"selector":{"id":"application-managehandovers-display-component---AddNewHO--dueDate","interaction":{"idSuffix":"inner"}},"wdio_ui5_key":"applicationmanagehandovers-display-component---AddNewHO--dueDate"}]}
RESULT: {"script":"<script> [1562 bytes]","args":[{"selector":{"id":"application-managehandovers-display-component---AddNewHO--dueDate","interaction":{"idSuffix":"inner"}},"wdio_ui5_key":"applicationmanagehandovers-display-component---AddNewHO--dueDate"}]}
RESULT: undefined
COMMAND: POST /session/02ea79fddde22fa81bffc0522714798c/execute/async - {"script":"<script> [6424 bytes]","args":[{"element-6066-11e4-a52e-4f735466cecf":"f.CB997DD3A6212A0539B4B9AD4CB02789.d.F8857731B64118E2787558C62AFD741F.e.4258"},"setValue",["04/28/2025"]]}
RESULT: {"script":"<script> [6424 bytes]","args":[{"element-6066-11e4-a52e-4f735466cecf":"f.CB997DD3A6212A0539B4B9AD4CB02789.d.F8857731B64118E2787558C62AFD741F.e.4258"},"setValue",["04/28/2025"]]}
COMMAND: POST /session/02ea79fddde22fa81bffc0522714798c/element - {"using":"xpath","value":"//input[@id=\"generalSectionFrg--receiveYard-inner\"]"}
RESULT: {"using":"xpath","value":"//input[@id=\"generalSectionFrg--receiveYard-inner\"]"}
COMMAND: POST /session/02ea79fddde22fa81bffc0522714798c/element/f.CB997DD3A6212A0539B4B9AD4CB02789.d.F8857731B64118E2787558C62AFD741F.e.4264/clear - {}
RESULT: {}
COMMAND: POST /session/02ea79fddde22fa81bffc0522714798c/element/f.CB997DD3A6212A0539B4B9AD4CB02789.d.F8857731B64118E2787558C62AFD741F.e.4264/value - {"text":"344"}
COMMAND: GET /session/02ea79fddde22fa81bffc0522714798c/screenshot - {}
RESULT: {"text":"344"}
COMMAND: GET /session/02ea79fddde22fa81bffc0522714798c/screenshot - {}
RESULT: {}
RESULT: {}
COMMAND: POST /session/02ea79fddde22fa81bffc0522714798c/element - {"using":"xpath","value":"//li[.//span[text()='344']]"}
RESULT: {"using":"xpath","value":"//li[.//span[text()='344']]"}
COMMAND: POST /session/02ea79fddde22fa81bffc0522714798c/element/f.CB997DD3A6212A0539B4B9AD4CB02789.d.F8857731B64118E2787558C62AFD741F.e.4281/click - {}
RESULT: {}
COMMAND: GET /session/02ea79fddde22fa81bffc0522714798c/screenshot - {}
RESULT: {}
COMMAND: POST /session/02ea79fddde22fa81bffc0522714798c/execute/async - {"script":"<script> [1562 bytes]","args":[{"selector":{"id":"application-managehandovers-display-component---AddNewHO--ObjectPageLayout-anchBar-application-managehandovers-display-component---AddNewHO--section4-anchor","interaction":{"idSuffix":"BDI-content"}},"wdio_ui5_key":"applicationmanagehandovers-display-component---AddNewHO--ObjectPageLayout-anchBar-application-managehandovers-display-component---AddNewHO--section4-anchor"}]}
RESULT: {"script":"<script> [1562 bytes]","args":[{"selector":{"id":"application-managehandovers-display-component---AddNewHO--ObjectPageLayout-anchBar-application-managehandovers-display-component---AddNewHO--section4-anchor","interaction":{"idSuffix":"BDI-content"}},"wdio_ui5_key":"applicationmanagehandovers-display-component---AddNewHO--ObjectPageLayout-anchBar-application-managehandovers-display-component---AddNewHO--section4-anchor"}]}
RESULT: undefined
COMMAND: POST /session/02ea79fddde22fa81bffc0522714798c/element - {"using":"xpath","value":"//*[@id=\"application-managehandovers-display-component---AddNewHO--ObjectPageLayout-anchBar-application-managehandovers-display-component---AddNewHO--section4-anchor\"]"}
RESULT: {"using":"xpath","value":"//*[@id=\"application-managehandovers-display-component---AddNewHO--ObjectPageLayout-anchBar-application-managehandovers-display-component---AddNewHO--section4-anchor\"]"}
COMMAND: POST /session/02ea79fddde22fa81bffc0522714798c/element/f.CB997DD3A6212A0539B4B9AD4CB02789.d.F8857731B64118E2787558C62AFD741F.e.4283/click - {}
RESULT: {}
COMMAND: POST /session/02ea79fddde22fa81bffc0522714798c/element - {"using":"xpath","value":"//button[@aria-label=\"Add\"]"}
COMMAND: GET /session/02ea79fddde22fa81bffc0522714798c/screenshot - {}
RESULT: {"using":"xpath","value":"//button[@aria-label=\"Add\"]"}
COMMAND: POST /session/02ea79fddde22fa81bffc0522714798c/element/f.CB997DD3A6212A0539B4B9AD4CB02789.d.F8857731B64118E2787558C62AFD741F.e.4285/click - {}
RESULT: {}
RESULT: {}
COMMAND: GET /session/02ea79fddde22fa81bffc0522714798c/screenshot - {}
RESULT: {}
COMMAND: POST /session/02ea79fddde22fa81bffc0522714798c/execute/async - {"script":"<script> [1562 bytes]","args":[{"selector":{"id":"application-managehandovers-display-component---AddNewHO--smartFilterBar-btnBasicSearch","searchOpenDialogs":true,"interaction":{"idSuffix":"I"}},"wdio_ui5_key":"applicationmanagehandovers-display-component---AddNewHO--smartFilterBar-btnBasicSearch"}]}
RESULT: {"script":"<script> [1562 bytes]","args":[{"selector":{"id":"application-managehandovers-display-component---AddNewHO--smartFilterBar-btnBasicSearch","searchOpenDialogs":true,"interaction":{"idSuffix":"I"}},"wdio_ui5_key":"applicationmanagehandovers-display-component---AddNewHO--smartFilterBar-btnBasicSearch"}]}
RESULT: undefined
COMMAND: POST /session/02ea79fddde22fa81bffc0522714798c/execute/async - {"script":"<script> [776 bytes]","args":[{"enterText":"ZtdAuSZmpd","selector":{"id":"application-managehandovers-display-component---AddNewHO--smartFilterBar-btnBasicSearch","searchOpenDialogs":true,"interaction":{"idSuffix":"I"}},"clearTextFirst":true,"interactionType":"ENTER_TEXT"}]}
RESULT: {"script":"<script> [776 bytes]","args":[{"enterText":"ZtdAuSZmpd","selector":{"id":"application-managehandovers-display-component---AddNewHO--smartFilterBar-btnBasicSearch","searchOpenDialogs":true,"interaction":{"idSuffix":"I"}},"clearTextFirst":true,"interactionType":"ENTER_TEXT"}]}
COMMAND: POST /session/02ea79fddde22fa81bffc0522714798c/actions - {"actions":[{"id":"action17","type":"key","parameters":{},"actions":[{"type":"keyDown","value":"î€‡"},{"type":"pause","duration":10},{"type":"keyUp","value":"î€‡"}]}]}
RESULT: {"actions":[{"id":"action17","type":"key","parameters":{},"actions":[{"type":"keyDown","value":"î€‡"},{"type":"pause","duration":10},{"type":"keyUp","value":"î€‡"}]}]}
COMMAND: GET /session/02ea79fddde22fa81bffc0522714798c/screenshot - {}
RESULT: {}
COMMAND: POST /session/02ea79fddde22fa81bffc0522714798c/execute/async - {"script":"<script> [1562 bytes]","args":[{"selector":{"id":"application-managehandovers-display-component---AddNewHO--popup-sa","searchOpenDialogs":true,"interaction":{"idSuffix":"CbBg"}},"wdio_ui5_key":"applicationmanagehandovers-display-component---AddNewHO--popup-sa"}]}
RESULT: {"script":"<script> [1562 bytes]","args":[{"selector":{"id":"application-managehandovers-display-component---AddNewHO--popup-sa","searchOpenDialogs":true,"interaction":{"idSuffix":"CbBg"}},"wdio_ui5_key":"applicationmanagehandovers-display-component---AddNewHO--popup-sa"}]}
RESULT: undefined
COMMAND: POST /session/02ea79fddde22fa81bffc0522714798c/element - {"using":"xpath","value":"//*[@id=\"application-managehandovers-display-component---AddNewHO--popup-sa\"]"}
RESULT: {"using":"xpath","value":"//*[@id=\"application-managehandovers-display-component---AddNewHO--popup-sa\"]"}
COMMAND: POST /session/02ea79fddde22fa81bffc0522714798c/element/f.CB997DD3A6212A0539B4B9AD4CB02789.d.F8857731B64118E2787558C62AFD741F.e.4439/click - {}
RESULT: {}
COMMAND: GET /session/02ea79fddde22fa81bffc0522714798c/screenshot - {}
RESULT: {}
COMMAND: POST /session/02ea79fddde22fa81bffc0522714798c/element - {"using":"xpath","value":"//bdi[contains(text(), \"Select\")]"}
RESULT: {"using":"xpath","value":"//bdi[contains(text(), \"Select\")]"}
COMMAND: POST /session/02ea79fddde22fa81bffc0522714798c/element/f.CB997DD3A6212A0539B4B9AD4CB02789.d.F8857731B64118E2787558C62AFD741F.e.4440/click - {}
RESULT: {}
COMMAND: GET /session/02ea79fddde22fa81bffc0522714798c/screenshot - {}
RESULT: {}
COMMAND: POST /session/02ea79fddde22fa81bffc0522714798c/element - {"using":"xpath","value":"//button[@data-kt=\"AddNewHOSaveButton\"]"}
RESULT: {"using":"xpath","value":"//button[@data-kt=\"AddNewHOSaveButton\"]"}
COMMAND: POST /session/02ea79fddde22fa81bffc0522714798c/element/f.CB997DD3A6212A0539B4B9AD4CB02789.d.F8857731B64118E2787558C62AFD741F.e.4444/click - {}
RESULT: {}
COMMAND: GET /session/02ea79fddde22fa81bffc0522714798c/screenshot - {}
RESULT: {}
COMMAND: POST /session/02ea79fddde22fa81bffc0522714798c/execute/async - {"script":"<script> [1562 bytes]","args":[{"selector":{"id":"receiptDatePicker","viewName":"etm.portal.ui.managehandovers.view.DetailExecuteHO","interaction":{"idSuffix":"inner"}},"wdio_ui5_key":"receiptDatePickeretmportal.ui.managehandovers.view.DetailExecuteHO"}]}
RESULT: {"script":"<script> [1562 bytes]","args":[{"selector":{"id":"receiptDatePicker","viewName":"etm.portal.ui.managehandovers.view.DetailExecuteHO","interaction":{"idSuffix":"inner"}},"wdio_ui5_key":"receiptDatePickeretmportal.ui.managehandovers.view.DetailExecuteHO"}]}
RESULT: undefined
COMMAND: POST /session/02ea79fddde22fa81bffc0522714798c/execute/async - {"script":"<script> [6424 bytes]","args":[{"element-6066-11e4-a52e-4f735466cecf":"f.CB997DD3A6212A0539B4B9AD4CB02789.d.F8857731B64118E2787558C62AFD741F.e.4471"},"setValue",["04/28/2025"]]}
RESULT: {"script":"<script> [6424 bytes]","args":[{"element-6066-11e4-a52e-4f735466cecf":"f.CB997DD3A6212A0539B4B9AD4CB02789.d.F8857731B64118E2787558C62AFD741F.e.4471"},"setValue",["04/28/2025"]]}
COMMAND: POST /session/02ea79fddde22fa81bffc0522714798c/element - {"using":"xpath","value":"//button[@data-kt=\"PickingTableConfirmAllButton\"]"}
RESULT: {"using":"xpath","value":"//button[@data-kt=\"PickingTableConfirmAllButton\"]"}
COMMAND: POST /session/02ea79fddde22fa81bffc0522714798c/element/f.CB997DD3A6212A0539B4B9AD4CB02789.d.F8857731B64118E2787558C62AFD741F.e.4486/click - {}
RESULT: {}
COMMAND: GET /session/02ea79fddde22fa81bffc0522714798c/screenshot - {}
RESULT: {}
COMMAND: POST /session/02ea79fddde22fa81bffc0522714798c/element - {"using":"xpath","value":"//bdi[contains(text(), \"OK\")]"}
RESULT: {"using":"xpath","value":"//bdi[contains(text(), \"OK\")]"}
COMMAND: POST /session/02ea79fddde22fa81bffc0522714798c/element/f.CB997DD3A6212A0539B4B9AD4CB02789.d.F8857731B64118E2787558C62AFD741F.e.4489/click - {}
RESULT: {}
COMMAND: GET /session/02ea79fddde22fa81bffc0522714798c/screenshot - {}
RESULT: {}
COMMAND: POST /session/02ea79fddde22fa81bffc0522714798c/element - {"using":"xpath","value":"(//bdi[contains(text(), \"Receive\")])[2]"}
RESULT: {"using":"xpath","value":"(//bdi[contains(text(), \"Receive\")])[2]"}
COMMAND: POST /session/02ea79fddde22fa81bffc0522714798c/element/f.CB997DD3A6212A0539B4B9AD4CB02789.d.F8857731B64118E2787558C62AFD741F.e.4490/click - {}
RESULT: {}
COMMAND: GET /session/02ea79fddde22fa81bffc0522714798c/screenshot - {}
RESULT: {}
COMMAND: POST /session/02ea79fddde22fa81bffc0522714798c/element - {"using":"css selector","value":"#shell-header-logo"}
RESULT: {"using":"css selector","value":"#shell-header-logo"}
COMMAND: POST /session/02ea79fddde22fa81bffc0522714798c/element/f.CB997DD3A6212A0539B4B9AD4CB02789.d.F8857731B64118E2787558C62AFD741F.e.3878/click - {}
RESULT: {}
COMMAND: GET /session/02ea79fddde22fa81bffc0522714798c/screenshot - {}
RESULT: {}
]]></system-out>
    </testcase>
    <testcase classname="chrome.135_0_7049_96.windows.Billing_confirm_US117289" name="Should create a new contract" time="52.234">
      <system-out><![CDATA[
COMMAND: POST /session/02ea79fddde22fa81bffc0522714798c/execute/async - {"script":"<script> [1562 bytes]","args":[{"selector":{"controlType":"sap.m.Text","viewName":"etm.portal.ui.managecontractstile.view.Master","properties":{"text":"Manage Contracts"},"interaction":{"idSuffix":"inner"}},"wdio_ui5_key":"etmportal.ui.managecontractstile.view.Mastersap.m.Text{\"text\":\"Manage Contracts\"}"}]}
RESULT: {"script":"<script> [1562 bytes]","args":[{"selector":{"controlType":"sap.m.Text","viewName":"etm.portal.ui.managecontractstile.view.Master","properties":{"text":"Manage Contracts"},"interaction":{"idSuffix":"inner"}},"wdio_ui5_key":"etmportal.ui.managecontractstile.view.Mastersap.m.Text{\"text\":\"Manage Contracts\"}"}]}
RESULT: undefined
COMMAND: POST /session/02ea79fddde22fa81bffc0522714798c/element - {"using":"xpath","value":"//*[@id=\"__tile133-title\"]"}
RESULT: {"using":"xpath","value":"//*[@id=\"__tile133-title\"]"}
COMMAND: POST /session/02ea79fddde22fa81bffc0522714798c/element/f.CB997DD3A6212A0539B4B9AD4CB02789.d.F8857731B64118E2787558C62AFD741F.e.4664/click - {}
RESULT: {}
COMMAND: GET /session/02ea79fddde22fa81bffc0522714798c/screenshot - {}
RESULT: {}
COMMAND: POST /session/02ea79fddde22fa81bffc0522714798c/element - {"using":"xpath","value":"//button[@data-kt=\"addButton\"]"}
RESULT: {"using":"xpath","value":"//button[@data-kt=\"addButton\"]"}
COMMAND: POST /session/02ea79fddde22fa81bffc0522714798c/elements - {"using":"xpath","value":"//button[@data-kt=\"addButton\"]"}
RESULT: {"using":"xpath","value":"//button[@data-kt=\"addButton\"]"}
COMMAND: POST /session/02ea79fddde22fa81bffc0522714798c/execute/sync - {"script":"<script> [8489 bytes]","args":[{"element-6066-11e4-a52e-4f735466cecf":"f.CB997DD3A6212A0539B4B9AD4CB02789.d.F8857731B64118E2787558C62AFD741F.e.4735","ELEMENT":"f.CB997DD3A6212A0539B4B9AD4CB02789.d.F8857731B64118E2787558C62AFD741F.e.4735"}]}
RESULT: {"script":"<script> [8489 bytes]","args":[{"element-6066-11e4-a52e-4f735466cecf":"f.CB997DD3A6212A0539B4B9AD4CB02789.d.F8857731B64118E2787558C62AFD741F.e.4735","ELEMENT":"f.CB997DD3A6212A0539B4B9AD4CB02789.d.F8857731B64118E2787558C62AFD741F.e.4735"}]}
COMMAND: GET /session/02ea79fddde22fa81bffc0522714798c/element/f.CB997DD3A6212A0539B4B9AD4CB02789.d.F8857731B64118E2787558C62AFD741F.e.4735/enabled - {}
COMMAND: GET /session/02ea79fddde22fa81bffc0522714798c/screenshot - {}
RESULT: {}
COMMAND: POST /session/02ea79fddde22fa81bffc0522714798c/execute/sync - {"script":"<script> [8489 bytes]","args":[{"element-6066-11e4-a52e-4f735466cecf":"f.CB997DD3A6212A0539B4B9AD4CB02789.d.F8857731B64118E2787558C62AFD741F.e.4735","ELEMENT":"f.CB997DD3A6212A0539B4B9AD4CB02789.d.F8857731B64118E2787558C62AFD741F.e.4735"}]}
COMMAND: GET /session/02ea79fddde22fa81bffc0522714798c/screenshot - {}
RESULT: {}
RESULT: {"script":"<script> [8489 bytes]","args":[{"element-6066-11e4-a52e-4f735466cecf":"f.CB997DD3A6212A0539B4B9AD4CB02789.d.F8857731B64118E2787558C62AFD741F.e.4735","ELEMENT":"f.CB997DD3A6212A0539B4B9AD4CB02789.d.F8857731B64118E2787558C62AFD741F.e.4735"}]}
COMMAND: POST /session/02ea79fddde22fa81bffc0522714798c/execute/sync - {"script":"<script> [5351 bytes]","args":[{"element-6066-11e4-a52e-4f735466cecf":"f.CB997DD3A6212A0539B4B9AD4CB02789.d.F8857731B64118E2787558C62AFD741F.e.4735","ELEMENT":"f.CB997DD3A6212A0539B4B9AD4CB02789.d.F8857731B64118E2787558C62AFD741F.e.4735"}]}
COMMAND: GET /session/02ea79fddde22fa81bffc0522714798c/screenshot - {}
RESULT: {}
RESULT: {"script":"<script> [5351 bytes]","args":[{"element-6066-11e4-a52e-4f735466cecf":"f.CB997DD3A6212A0539B4B9AD4CB02789.d.F8857731B64118E2787558C62AFD741F.e.4735","ELEMENT":"f.CB997DD3A6212A0539B4B9AD4CB02789.d.F8857731B64118E2787558C62AFD741F.e.4735"}]}
COMMAND: GET /session/02ea79fddde22fa81bffc0522714798c/screenshot - {}
RESULT: {}
RESULT: {}
COMMAND: POST /session/02ea79fddde22fa81bffc0522714798c/element/f.CB997DD3A6212A0539B4B9AD4CB02789.d.F8857731B64118E2787558C62AFD741F.e.4735/click - {}
RESULT: {}
COMMAND: GET /session/02ea79fddde22fa81bffc0522714798c/screenshot - {}
RESULT: {}
COMMAND: POST /session/02ea79fddde22fa81bffc0522714798c/execute/async - {"script":"<script> [1562 bytes]","args":[{"selector":{"id":"application-managecontracts-display-component---AddNewContract--projectDescription","interaction":{"idSuffix":"inner"}},"wdio_ui5_key":"applicationmanagecontracts-display-component---AddNewContract--projectDescription"}]}
RESULT: {"script":"<script> [1562 bytes]","args":[{"selector":{"id":"application-managecontracts-display-component---AddNewContract--projectDescription","interaction":{"idSuffix":"inner"}},"wdio_ui5_key":"applicationmanagecontracts-display-component---AddNewContract--projectDescription"}]}
RESULT: undefined
COMMAND: POST /session/02ea79fddde22fa81bffc0522714798c/execute/async - {"script":"<script> [776 bytes]","args":[{"enterText":"Contract WDIO","selector":{"id":"application-managecontracts-display-component---AddNewContract--projectDescription","interaction":{"idSuffix":"inner"}},"clearTextFirst":true,"interactionType":"ENTER_TEXT"}]}
RESULT: {"script":"<script> [776 bytes]","args":[{"enterText":"Contract WDIO","selector":{"id":"application-managecontracts-display-component---AddNewContract--projectDescription","interaction":{"idSuffix":"inner"}},"clearTextFirst":true,"interactionType":"ENTER_TEXT"}]}
COMMAND: POST /session/02ea79fddde22fa81bffc0522714798c/element - {"using":"xpath","value":"//input[@id=\"application-managecontracts-display-component---AddNewContract--site-inner\"]"}
RESULT: {"using":"xpath","value":"//input[@id=\"application-managecontracts-display-component---AddNewContract--site-inner\"]"}
COMMAND: POST /session/02ea79fddde22fa81bffc0522714798c/element/f.CB997DD3A6212A0539B4B9AD4CB02789.d.F8857731B64118E2787558C62AFD741F.e.5031/clear - {}
RESULT: {}
COMMAND: POST /session/02ea79fddde22fa81bffc0522714798c/element/f.CB997DD3A6212A0539B4B9AD4CB02789.d.F8857731B64118E2787558C62AFD741F.e.5031/value - {"text":"2192"}
COMMAND: GET /session/02ea79fddde22fa81bffc0522714798c/screenshot - {}
RESULT: {"text":"2192"}
COMMAND: GET /session/02ea79fddde22fa81bffc0522714798c/screenshot - {}
RESULT: {}
RESULT: {}
COMMAND: POST /session/02ea79fddde22fa81bffc0522714798c/element - {"using":"xpath","value":"//li[.//span[text()='2192']]"}
RESULT: {"using":"xpath","value":"//li[.//span[text()='2192']]"}
COMMAND: POST /session/02ea79fddde22fa81bffc0522714798c/element/f.CB997DD3A6212A0539B4B9AD4CB02789.d.F8857731B64118E2787558C62AFD741F.e.5055/click - {}
RESULT: {}
COMMAND: GET /session/02ea79fddde22fa81bffc0522714798c/screenshot - {}
RESULT: {}
COMMAND: POST /session/02ea79fddde22fa81bffc0522714798c/element - {"using":"xpath","value":"//input[@id=\"application-managecontracts-display-component---AddNewContract--yardId-inner\"]"}
RESULT: {"using":"xpath","value":"//input[@id=\"application-managecontracts-display-component---AddNewContract--yardId-inner\"]"}
COMMAND: GET /session/02ea79fddde22fa81bffc0522714798c/element/f.CB997DD3A6212A0539B4B9AD4CB02789.d.F8857731B64118E2787558C62AFD741F.e.5032/property/value - {}
RESULT: {}
COMMAND: POST /session/02ea79fddde22fa81bffc0522714798c/element - {"using":"xpath","value":"//input[@id=\"application-managecontracts-display-component---AddNewContract--customerSelect-inner\"]"}
COMMAND: GET /session/02ea79fddde22fa81bffc0522714798c/screenshot - {}
RESULT: {"using":"xpath","value":"//input[@id=\"application-managecontracts-display-component---AddNewContract--customerSelect-inner\"]"}
COMMAND: POST /session/02ea79fddde22fa81bffc0522714798c/element/f.CB997DD3A6212A0539B4B9AD4CB02789.d.F8857731B64118E2787558C62AFD741F.e.5030/clear - {}
RESULT: {}
RESULT: {}
COMMAND: POST /session/02ea79fddde22fa81bffc0522714798c/element/f.CB997DD3A6212A0539B4B9AD4CB02789.d.F8857731B64118E2787558C62AFD741F.e.5030/value - {"text":"1204"}
COMMAND: GET /session/02ea79fddde22fa81bffc0522714798c/screenshot - {}
RESULT: {"text":"1204"}
COMMAND: GET /session/02ea79fddde22fa81bffc0522714798c/screenshot - {}
RESULT: {}
RESULT: {}
COMMAND: POST /session/02ea79fddde22fa81bffc0522714798c/element - {"using":"xpath","value":"//li[.//span[text()='1204']]"}
RESULT: {"using":"xpath","value":"//li[.//span[text()='1204']]"}
COMMAND: POST /session/02ea79fddde22fa81bffc0522714798c/element/f.CB997DD3A6212A0539B4B9AD4CB02789.d.F8857731B64118E2787558C62AFD741F.e.5058/click - {}
RESULT: {}
COMMAND: GET /session/02ea79fddde22fa81bffc0522714798c/screenshot - {}
RESULT: {}
COMMAND: POST /session/02ea79fddde22fa81bffc0522714798c/element - {"using":"xpath","value":"//button[@data-kt=\"saveButton\"]"}
RESULT: {"using":"xpath","value":"//button[@data-kt=\"saveButton\"]"}
COMMAND: POST /session/02ea79fddde22fa81bffc0522714798c/element/f.CB997DD3A6212A0539B4B9AD4CB02789.d.F8857731B64118E2787558C62AFD741F.e.5047/click - {}
RESULT: {}
COMMAND: GET /session/02ea79fddde22fa81bffc0522714798c/screenshot - {}
RESULT: {}
COMMAND: POST /session/02ea79fddde22fa81bffc0522714798c/element - {"using":"xpath","value":"//span[contains(@id ,\"contractDetailTitleNoExpanded\")]"}
RESULT: {"using":"xpath","value":"//span[contains(@id ,\"contractDetailTitleNoExpanded\")]"}
COMMAND: POST /session/02ea79fddde22fa81bffc0522714798c/elements - {"using":"xpath","value":"//span[contains(@id ,\"contractDetailTitleNoExpanded\")]"}
RESULT: {"using":"xpath","value":"//span[contains(@id ,\"contractDetailTitleNoExpanded\")]"}
COMMAND: POST /session/02ea79fddde22fa81bffc0522714798c/execute/sync - {"script":"<script> [56 bytes]","args":[{"element-6066-11e4-a52e-4f735466cecf":"f.CB997DD3A6212A0539B4B9AD4CB02789.d.F8857731B64118E2787558C62AFD741F.e.5129","ELEMENT":"f.CB997DD3A6212A0539B4B9AD4CB02789.d.F8857731B64118E2787558C62AFD741F.e.5129"}]}
RESULT: {"script":"<script> [56 bytes]","args":[{"element-6066-11e4-a52e-4f735466cecf":"f.CB997DD3A6212A0539B4B9AD4CB02789.d.F8857731B64118E2787558C62AFD741F.e.5129","ELEMENT":"f.CB997DD3A6212A0539B4B9AD4CB02789.d.F8857731B64118E2787558C62AFD741F.e.5129"}]}
COMMAND: GET /session/02ea79fddde22fa81bffc0522714798c/screenshot - {}
RESULT: {}
]]></system-out>
    </testcase>
    <testcase classname="chrome.135_0_7049_96.windows.Billing_confirm_US117289" name="Should add created equipment to contract" time="52.775">
      <system-out><![CDATA[
COMMAND: POST /session/02ea79fddde22fa81bffc0522714798c/element - {"using":"xpath","value":"//button[@data-kt=\"contractDetailEditBtnButton\"]"}
RESULT: {"using":"xpath","value":"//button[@data-kt=\"contractDetailEditBtnButton\"]"}
COMMAND: POST /session/02ea79fddde22fa81bffc0522714798c/element/f.CB997DD3A6212A0539B4B9AD4CB02789.d.F8857731B64118E2787558C62AFD741F.e.5131/click - {}
RESULT: {}
COMMAND: GET /session/02ea79fddde22fa81bffc0522714798c/screenshot - {}
RESULT: {}
COMMAND: POST /session/02ea79fddde22fa81bffc0522714798c/element - {"using":"xpath","value":"(//span[contains(text(), \"Additional Addresses\")])[2]"}
RESULT: {"using":"xpath","value":"(//span[contains(text(), \"Additional Addresses\")])[2]"}
COMMAND: POST /session/02ea79fddde22fa81bffc0522714798c/element/f.CB997DD3A6212A0539B4B9AD4CB02789.d.F8857731B64118E2787558C62AFD741F.e.5187/click - {}
RESULT: {}
COMMAND: GET /session/02ea79fddde22fa81bffc0522714798c/screenshot - {}
RESULT: {}
COMMAND: POST /session/02ea79fddde22fa81bffc0522714798c/element - {"using":"xpath","value":"//button[@data-kt=\"btnAddTableRowOverflowToolbarButton\"]"}
RESULT: {"using":"xpath","value":"//button[@data-kt=\"btnAddTableRowOverflowToolbarButton\"]"}
COMMAND: POST /session/02ea79fddde22fa81bffc0522714798c/element/f.CB997DD3A6212A0539B4B9AD4CB02789.d.F8857731B64118E2787558C62AFD741F.e.5189/click - {}
RESULT: {}
COMMAND: GET /session/02ea79fddde22fa81bffc0522714798c/screenshot - {}
RESULT: {}
COMMAND: POST /session/02ea79fddde22fa81bffc0522714798c/element - {"using":"xpath","value":"//div[(text() = 'Standard Entry' or . = 'Standard Entry')]"}
RESULT: {"using":"xpath","value":"//div[(text() = 'Standard Entry' or . = 'Standard Entry')]"}
COMMAND: POST /session/02ea79fddde22fa81bffc0522714798c/element/f.CB997DD3A6212A0539B4B9AD4CB02789.d.F8857731B64118E2787558C62AFD741F.e.5191/click - {}
RESULT: {}
COMMAND: GET /session/02ea79fddde22fa81bffc0522714798c/screenshot - {}
RESULT: {}
COMMAND: POST /session/02ea79fddde22fa81bffc0522714798c/element - {"using":"xpath","value":"//td[7]/div/div/input"}
RESULT: {"using":"xpath","value":"//td[7]/div/div/input"}
COMMAND: POST /session/02ea79fddde22fa81bffc0522714798c/element/f.CB997DD3A6212A0539B4B9AD4CB02789.d.F8857731B64118E2787558C62AFD741F.e.5200/clear - {}
RESULT: {}
COMMAND: POST /session/02ea79fddde22fa81bffc0522714798c/element/f.CB997DD3A6212A0539B4B9AD4CB02789.d.F8857731B64118E2787558C62AFD741F.e.5200/value - {"text":"ZtdAuSZmpd"}
COMMAND: GET /session/02ea79fddde22fa81bffc0522714798c/screenshot - {}
RESULT: {"text":"ZtdAuSZmpd"}
COMMAND: GET /session/02ea79fddde22fa81bffc0522714798c/screenshot - {}
RESULT: {}
RESULT: {}
COMMAND: POST /session/02ea79fddde22fa81bffc0522714798c/actions - {"actions":[{"id":"action18","type":"key","parameters":{},"actions":[{"type":"keyDown","value":"î€‡"},{"type":"pause","duration":10},{"type":"keyUp","value":"î€‡"}]}]}
RESULT: {"actions":[{"id":"action18","type":"key","parameters":{},"actions":[{"type":"keyDown","value":"î€‡"},{"type":"pause","duration":10},{"type":"keyUp","value":"î€‡"}]}]}
COMMAND: GET /session/02ea79fddde22fa81bffc0522714798c/screenshot - {}
RESULT: {}
COMMAND: POST /session/02ea79fddde22fa81bffc0522714798c/element - {"using":"xpath","value":"(//button[@data-kt=\"saveButton\"])[2]"}
RESULT: {"using":"xpath","value":"(//button[@data-kt=\"saveButton\"])[2]"}
COMMAND: POST /session/02ea79fddde22fa81bffc0522714798c/element/f.CB997DD3A6212A0539B4B9AD4CB02789.d.F8857731B64118E2787558C62AFD741F.e.5215/click - {}
RESULT: {}
COMMAND: GET /session/02ea79fddde22fa81bffc0522714798c/screenshot - {}
RESULT: {}
COMMAND: POST /session/02ea79fddde22fa81bffc0522714798c/element - {"using":"xpath","value":"//span[contains(@id ,\"contractItemsSmartTable-header-inner\")]"}
RESULT: {"using":"xpath","value":"//span[contains(@id ,\"contractItemsSmartTable-header-inner\")]"}
COMMAND: POST /session/02ea79fddde22fa81bffc0522714798c/elements - {"using":"xpath","value":"//span[contains(@id ,\"contractItemsSmartTable-header-inner\")]"}
RESULT: {"using":"xpath","value":"//span[contains(@id ,\"contractItemsSmartTable-header-inner\")]"}
COMMAND: POST /session/02ea79fddde22fa81bffc0522714798c/execute/sync - {"script":"<script> [56 bytes]","args":[{"element-6066-11e4-a52e-4f735466cecf":"f.CB997DD3A6212A0539B4B9AD4CB02789.d.F8857731B64118E2787558C62AFD741F.e.5221","ELEMENT":"f.CB997DD3A6212A0539B4B9AD4CB02789.d.F8857731B64118E2787558C62AFD741F.e.5221"}]}
RESULT: {"script":"<script> [56 bytes]","args":[{"element-6066-11e4-a52e-4f735466cecf":"f.CB997DD3A6212A0539B4B9AD4CB02789.d.F8857731B64118E2787558C62AFD741F.e.5221","ELEMENT":"f.CB997DD3A6212A0539B4B9AD4CB02789.d.F8857731B64118E2787558C62AFD741F.e.5221"}]}
]]></system-out>
    </testcase>
    <testcase classname="chrome.135_0_7049_96.windows.Billing_confirm_US117289" name="Should do a provide to site handover" time="54.805">
      <system-out><![CDATA[
COMMAND: GET /session/02ea79fddde22fa81bffc0522714798c/screenshot - {}
COMMAND: POST /session/02ea79fddde22fa81bffc0522714798c/element - {"using":"xpath","value":"//button[@data-kt=\"provideButton\"]"}
RESULT: {}
RESULT: {"using":"xpath","value":"//button[@data-kt=\"provideButton\"]"}
COMMAND: POST /session/02ea79fddde22fa81bffc0522714798c/element/f.CB997DD3A6212A0539B4B9AD4CB02789.d.F8857731B64118E2787558C62AFD741F.e.5223/click - {}
RESULT: {}
COMMAND: GET /session/02ea79fddde22fa81bffc0522714798c/screenshot - {}
RESULT: undefined
COMMAND: POST /session/02ea79fddde22fa81bffc0522714798c/execute/async - {"script":"<script> [6424 bytes]","args":[{"element-6066-11e4-a52e-4f735466cecf":"f.CB997DD3A6212A0539B4B9AD4CB02789.d.F8857731B64118E2787558C62AFD741F.e.4258"},"setValue",["04/28/2025"]]}
RESULT: {}
COMMAND: POST /session/02ea79fddde22fa81bffc0522714798c/execute/async - {"script":"<script> [1562 bytes]","args":[{"selector":{"id":"application-managehandovers-display-component---AddNewHO--dueDate","interaction":{"idSuffix":"inner"}},"wdio_ui5_key":"applicationmanagehandovers-display-component---AddNewHO--dueDate"}]}
RESULT: {"script":"<script> [1562 bytes]","args":[{"selector":{"id":"application-managehandovers-display-component---AddNewHO--dueDate","interaction":{"idSuffix":"inner"}},"wdio_ui5_key":"applicationmanagehandovers-display-component---AddNewHO--dueDate"}]}
COMMAND: POST /session/02ea79fddde22fa81bffc0522714798c/execute/async - {"script":"<script> [6424 bytes]","args":[{"element-6066-11e4-a52e-4f735466cecf":"f.CB997DD3A6212A0539B4B9AD4CB02789.d.F8857731B64118E2787558C62AFD741F.e.5280"},"setValue",["04/28/2025"]]}
RESULT: {"script":"<script> [6424 bytes]","args":[{"element-6066-11e4-a52e-4f735466cecf":"f.CB997DD3A6212A0539B4B9AD4CB02789.d.F8857731B64118E2787558C62AFD741F.e.5280"},"setValue",["04/28/2025"]]}
COMMAND: POST /session/02ea79fddde22fa81bffc0522714798c/element - {"using":"xpath","value":"//bdi[contains(text(), \"Instructions\")]"}
RESULT: {"using":"xpath","value":"//bdi[contains(text(), \"Instructions\")]"}
COMMAND: POST /session/02ea79fddde22fa81bffc0522714798c/element/f.CB997DD3A6212A0539B4B9AD4CB02789.d.F8857731B64118E2787558C62AFD741F.e.5408/click - {}
RESULT: {}
COMMAND: GET /session/02ea79fddde22fa81bffc0522714798c/screenshot - {}
RESULT: {}
COMMAND: POST /session/02ea79fddde22fa81bffc0522714798c/element - {"using":"xpath","value":"//button[@data-kt=\"AddNewHOProvideAddItemsButton\"]"}
RESULT: {"using":"xpath","value":"//button[@data-kt=\"AddNewHOProvideAddItemsButton\"]"}
COMMAND: POST /session/02ea79fddde22fa81bffc0522714798c/element/f.CB997DD3A6212A0539B4B9AD4CB02789.d.F8857731B64118E2787558C62AFD741F.e.5412/click - {}
RESULT: {}
COMMAND: GET /session/02ea79fddde22fa81bffc0522714798c/screenshot - {}
RESULT: {}
RESULT: undefined
COMMAND: POST /session/02ea79fddde22fa81bffc0522714798c/element - {"using":"xpath","value":"//*[@id=\"application-managehandovers-display-component---AddNewHO--popup-sa\"]"}
RESULT: {"using":"xpath","value":"//*[@id=\"application-managehandovers-display-component---AddNewHO--popup-sa\"]"}
COMMAND: POST /session/02ea79fddde22fa81bffc0522714798c/element/f.CB997DD3A6212A0539B4B9AD4CB02789.d.F8857731B64118E2787558C62AFD741F.e.5421/click - {}
RESULT: {}
COMMAND: GET /session/02ea79fddde22fa81bffc0522714798c/screenshot - {}
RESULT: {}
COMMAND: POST /session/02ea79fddde22fa81bffc0522714798c/element - {"using":"xpath","value":"//*[contains(@id ,\"BDI-content\")][contains(text(), \"Select\")]"}
RESULT: {"using":"xpath","value":"//*[contains(@id ,\"BDI-content\")][contains(text(), \"Select\")]"}
COMMAND: POST /session/02ea79fddde22fa81bffc0522714798c/element/f.CB997DD3A6212A0539B4B9AD4CB02789.d.F8857731B64118E2787558C62AFD741F.e.5423/click - {}
RESULT: {}
COMMAND: GET /session/02ea79fddde22fa81bffc0522714798c/screenshot - {}
RESULT: {}
COMMAND: POST /session/02ea79fddde22fa81bffc0522714798c/execute/async - {"script":"<script> [1562 bytes]","args":[{"selector":{"id":"application-managehandovers-display-component---AddNewHO--confirmCreationButton","interaction":{"idSuffix":"BDI-content"}},"wdio_ui5_key":"applicationmanagehandovers-display-component---AddNewHO--confirmCreationButton"}]}
RESULT: {"script":"<script> [1562 bytes]","args":[{"selector":{"id":"application-managehandovers-display-component---AddNewHO--confirmCreationButton","interaction":{"idSuffix":"BDI-content"}},"wdio_ui5_key":"applicationmanagehandovers-display-component---AddNewHO--confirmCreationButton"}]}
RESULT: undefined
COMMAND: POST /session/02ea79fddde22fa81bffc0522714798c/element - {"using":"xpath","value":"//*[@id=\"application-managehandovers-display-component---AddNewHO--confirmCreationButton\"]"}
RESULT: {"using":"xpath","value":"//*[@id=\"application-managehandovers-display-component---AddNewHO--confirmCreationButton\"]"}
COMMAND: POST /session/02ea79fddde22fa81bffc0522714798c/element/f.CB997DD3A6212A0539B4B9AD4CB02789.d.F8857731B64118E2787558C62AFD741F.e.5367/click - {}
RESULT: {}
COMMAND: GET /session/02ea79fddde22fa81bffc0522714798c/screenshot - {}
RESULT: {}
COMMAND: POST /session/02ea79fddde22fa81bffc0522714798c/element - {"using":"xpath","value":"//button[@data-kt=\"PickingTableConfirmAllButton\"]"}
RESULT: {"using":"xpath","value":"//button[@data-kt=\"PickingTableConfirmAllButton\"]"}
COMMAND: POST /session/02ea79fddde22fa81bffc0522714798c/element/f.CB997DD3A6212A0539B4B9AD4CB02789.d.F8857731B64118E2787558C62AFD741F.e.5460/click - {}
COMMAND: POST /session/02ea79fddde22fa81bffc0522714798c/element - {"using":"xpath","value":"//button[@data-kt=\"PickingTableConfirmAllButton\"]"}
RESULT: {"using":"xpath","value":"//button[@data-kt=\"PickingTableConfirmAllButton\"]"}
COMMAND: POST /session/02ea79fddde22fa81bffc0522714798c/element/f.CB997DD3A6212A0539B4B9AD4CB02789.d.F8857731B64118E2787558C62AFD741F.e.5460/click - {}
COMMAND: POST /session/02ea79fddde22fa81bffc0522714798c/element - {"using":"xpath","value":"//button[@data-kt=\"PickingTableConfirmAllButton\"]"}
RESULT: {"using":"xpath","value":"//button[@data-kt=\"PickingTableConfirmAllButton\"]"}
COMMAND: POST /session/02ea79fddde22fa81bffc0522714798c/element/f.CB997DD3A6212A0539B4B9AD4CB02789.d.F8857731B64118E2787558C62AFD741F.e.5481/click - {}
RESULT: {}
COMMAND: GET /session/02ea79fddde22fa81bffc0522714798c/screenshot - {}
RESULT: {}
COMMAND: POST /session/02ea79fddde22fa81bffc0522714798c/element - {"using":"xpath","value":"//bdi[contains(text(), \"OK\")]"}
RESULT: {"using":"xpath","value":"//bdi[contains(text(), \"OK\")]"}
COMMAND: POST /session/02ea79fddde22fa81bffc0522714798c/element/f.CB997DD3A6212A0539B4B9AD4CB02789.d.F8857731B64118E2787558C62AFD741F.e.5484/click - {}
RESULT: {}
COMMAND: GET /session/02ea79fddde22fa81bffc0522714798c/screenshot - {}
RESULT: {}
COMMAND: POST /session/02ea79fddde22fa81bffc0522714798c/element - {"using":"xpath","value":"//bdi[contains(text(), \"Issue\")]"}
RESULT: {"using":"xpath","value":"//bdi[contains(text(), \"Issue\")]"}
COMMAND: POST /session/02ea79fddde22fa81bffc0522714798c/element/f.CB997DD3A6212A0539B4B9AD4CB02789.d.F8857731B64118E2787558C62AFD741F.e.5485/click - {}
RESULT: {}
COMMAND: GET /session/02ea79fddde22fa81bffc0522714798c/screenshot - {}
RESULT: {}
COMMAND: POST /session/02ea79fddde22fa81bffc0522714798c/element - {"using":"css selector","value":"#shell-header-logo"}
RESULT: {"using":"css selector","value":"#shell-header-logo"}
COMMAND: POST /session/02ea79fddde22fa81bffc0522714798c/element/f.CB997DD3A6212A0539B4B9AD4CB02789.d.F8857731B64118E2787558C62AFD741F.e.4667/click - {}
RESULT: {}
COMMAND: GET /session/02ea79fddde22fa81bffc0522714798c/screenshot - {}
RESULT: {}
]]></system-out>
    </testcase>
    <testcase classname="chrome.135_0_7049_96.windows.Billing_confirm_US117289" name="Should trigger calculation" time="71.528">
      <system-out><![CDATA[
COMMAND: POST /session/02ea79fddde22fa81bffc0522714798c/execute/async - {"script":"<script> [1562 bytes]","args":[{"selector":{"controlType":"sap.m.GenericTile","properties":{"header":"Manage Billings"}},"wdio_ui5_key":"sapm.GenericTile{\"header\":\"Manage Billings\"}"}]}
RESULT: {"script":"<script> [1562 bytes]","args":[{"selector":{"controlType":"sap.m.GenericTile","properties":{"header":"Manage Billings"}},"wdio_ui5_key":"sapm.GenericTile{\"header\":\"Manage Billings\"}"}]}
RESULT: undefined
COMMAND: POST /session/02ea79fddde22fa81bffc0522714798c/element - {"using":"xpath","value":"//*[@id=\"__tile51\"]"}
RESULT: {"using":"xpath","value":"//*[@id=\"__tile51\"]"}
COMMAND: POST /session/02ea79fddde22fa81bffc0522714798c/element/f.CB997DD3A6212A0539B4B9AD4CB02789.d.F8857731B64118E2787558C62AFD741F.e.217/click - {}
RESULT: {}
COMMAND: GET /session/02ea79fddde22fa81bffc0522714798c/screenshot - {}
RESULT: {}
COMMAND: POST /session/02ea79fddde22fa81bffc0522714798c/execute/async - {"script":"<script> [1562 bytes]","args":[{"selector":{"id":"application-managebillings-display-component---billRunCalcResult--smartFilterBar-btnBasicSearch","interaction":{"idSuffix":"I"}},"wdio_ui5_key":"applicationmanagebillings-display-component---billRunCalcResult--smartFilterBar-btnBasicSearch"}]}
RESULT: {"script":"<script> [1562 bytes]","args":[{"selector":{"id":"application-managebillings-display-component---billRunCalcResult--smartFilterBar-btnBasicSearch","interaction":{"idSuffix":"I"}},"wdio_ui5_key":"applicationmanagebillings-display-component---billRunCalcResult--smartFilterBar-btnBasicSearch"}]}
RESULT: undefined
COMMAND: POST /session/02ea79fddde22fa81bffc0522714798c/execute/async - {"script":"<script> [776 bytes]","args":[{"enterText":"10281","selector":{"id":"application-managebillings-display-component---billRunCalcResult--smartFilterBar-btnBasicSearch","interaction":{"idSuffix":"I"}},"clearTextFirst":true,"interactionType":"ENTER_TEXT"}]}
RESULT: {"script":"<script> [776 bytes]","args":[{"enterText":"10281","selector":{"id":"application-managebillings-display-component---billRunCalcResult--smartFilterBar-btnBasicSearch","interaction":{"idSuffix":"I"}},"clearTextFirst":true,"interactionType":"ENTER_TEXT"}]}
COMMAND: POST /session/02ea79fddde22fa81bffc0522714798c/actions - {"actions":[{"id":"action19","type":"key","parameters":{},"actions":[{"type":"keyDown","value":"î€‡"},{"type":"pause","duration":10},{"type":"keyUp","value":"î€‡"}]}]}
RESULT: {"actions":[{"id":"action19","type":"key","parameters":{},"actions":[{"type":"keyDown","value":"î€‡"},{"type":"pause","duration":10},{"type":"keyUp","value":"î€‡"}]}]}
COMMAND: GET /session/02ea79fddde22fa81bffc0522714798c/screenshot - {}
RESULT: {}
COMMAND: POST /session/02ea79fddde22fa81bffc0522714798c/element - {"using":"xpath","value":"//td[@aria-colindex=\"1\"]/div/div[contains(@class, \"sapMCbBg\")]"}
RESULT: {"using":"xpath","value":"//td[@aria-colindex=\"1\"]/div/div[contains(@class, \"sapMCbBg\")]"}
COMMAND: POST /session/02ea79fddde22fa81bffc0522714798c/element/f.CB997DD3A6212A0539B4B9AD4CB02789.d.F8857731B64118E2787558C62AFD741F.e.5907/click - {}
RESULT: {}
COMMAND: GET /session/02ea79fddde22fa81bffc0522714798c/screenshot - {}
RESULT: {}
COMMAND: POST /session/02ea79fddde22fa81bffc0522714798c/execute/async - {"script":"<script> [1562 bytes]","args":[{"selector":{"id":"application-managebillings-display-component---billRunCalcResult--contractBillRunDate","interaction":{"idSuffix":"inner"}},"wdio_ui5_key":"applicationmanagebillings-display-component---billRunCalcResult--contractBillRunDate"}]}
RESULT: {"script":"<script> [1562 bytes]","args":[{"selector":{"id":"application-managebillings-display-component---billRunCalcResult--contractBillRunDate","interaction":{"idSuffix":"inner"}},"wdio_ui5_key":"applicationmanagebillings-display-component---billRunCalcResult--contractBillRunDate"}]}
RESULT: undefined
COMMAND: POST /session/02ea79fddde22fa81bffc0522714798c/execute/async - {"script":"<script> [776 bytes]","args":[{"enterText":"05/28/25","selector":{"id":"application-managebillings-display-component---billRunCalcResult--contractBillRunDate","interaction":{"idSuffix":"inner"}},"clearTextFirst":true,"interactionType":"ENTER_TEXT"}]}
RESULT: {"script":"<script> [776 bytes]","args":[{"enterText":"05/28/25","selector":{"id":"application-managebillings-display-component---billRunCalcResult--contractBillRunDate","interaction":{"idSuffix":"inner"}},"clearTextFirst":true,"interactionType":"ENTER_TEXT"}]}
COMMAND: POST /session/02ea79fddde22fa81bffc0522714798c/element - {"using":"xpath","value":"//bdi[contains(text(), \"Trigger Calculation\")]"}
RESULT: {"using":"xpath","value":"//bdi[contains(text(), \"Trigger Calculation\")]"}
COMMAND: POST /session/02ea79fddde22fa81bffc0522714798c/element/f.CB997DD3A6212A0539B4B9AD4CB02789.d.F8857731B64118E2787558C62AFD741F.e.5928/click - {}
RESULT: {}
COMMAND: GET /session/02ea79fddde22fa81bffc0522714798c/screenshot - {}
RESULT: {}
COMMAND: POST /session/02ea79fddde22fa81bffc0522714798c/element - {"using":"xpath","value":"(//span[contains(@id, \"imgNav\")])[1]"}
RESULT: {"using":"xpath","value":"(//span[contains(@id, \"imgNav\")])[1]"}
COMMAND: POST /session/02ea79fddde22fa81bffc0522714798c/element/f.CB997DD3A6212A0539B4B9AD4CB02789.d.F8857731B64118E2787558C62AFD741F.e.5921/click - {}
RESULT: {}
COMMAND: GET /session/02ea79fddde22fa81bffc0522714798c/screenshot - {}
RESULT: {}
COMMAND: POST /session/02ea79fddde22fa81bffc0522714798c/element - {"using":"xpath","value":"//tr/td[6]/div[1]/span[1]/span[1]"}
RESULT: {"using":"xpath","value":"//tr/td[6]/div[1]/span[1]/span[1]"}
COMMAND: GET /session/02ea79fddde22fa81bffc0522714798c/element/f.CB997DD3A6212A0539B4B9AD4CB02789.d.F8857731B64118E2787558C62AFD741F.e.5932/text - {}
RESULT: {}
COMMAND: POST /session/02ea79fddde22fa81bffc0522714798c/element - {"using":"xpath","value":"(//span[contains(@id, \"imgNav\")])[2]"}
RESULT: {"using":"xpath","value":"(//span[contains(@id, \"imgNav\")])[2]"}
COMMAND: POST /session/02ea79fddde22fa81bffc0522714798c/element/f.CB997DD3A6212A0539B4B9AD4CB02789.d.F8857731B64118E2787558C62AFD741F.e.5933/click - {}
RESULT: {}
COMMAND: GET /session/02ea79fddde22fa81bffc0522714798c/screenshot - {}
RESULT: {}
COMMAND: POST /session/02ea79fddde22fa81bffc0522714798c/element - {"using":"xpath","value":"//bdi[contains(text(), \"Business Confirm\")]"}
RESULT: {"using":"xpath","value":"//bdi[contains(text(), \"Business Confirm\")]"}
COMMAND: POST /session/02ea79fddde22fa81bffc0522714798c/element/f.CB997DD3A6212A0539B4B9AD4CB02789.d.F8857731B64118E2787558C62AFD741F.e.5987/click - {}
RESULT: {}
COMMAND: GET /session/02ea79fddde22fa81bffc0522714798c/screenshot - {}
RESULT: {}
COMMAND: POST /session/02ea79fddde22fa81bffc0522714798c/element - {"using":"xpath","value":"//bdi[contains(text(), \"Business Confirmed\")]"}
RESULT: {"using":"xpath","value":"//bdi[contains(text(), \"Business Confirmed\")]"}
COMMAND: POST /session/02ea79fddde22fa81bffc0522714798c/execute/sync - {"script":"<script> [56 bytes]","args":[{"element-6066-11e4-a52e-4f735466cecf":"f.CB997DD3A6212A0539B4B9AD4CB02789.d.F8857731B64118E2787558C62AFD741F.e.5987","ELEMENT":"f.CB997DD3A6212A0539B4B9AD4CB02789.d.F8857731B64118E2787558C62AFD741F.e.5987"}]}
RESULT: {"script":"<script> [56 bytes]","args":[{"element-6066-11e4-a52e-4f735466cecf":"f.CB997DD3A6212A0539B4B9AD4CB02789.d.F8857731B64118E2787558C62AFD741F.e.5987","ELEMENT":"f.CB997DD3A6212A0539B4B9AD4CB02789.d.F8857731B64118E2787558C62AFD741F.e.5987"}]}
COMMAND: POST /session/02ea79fddde22fa81bffc0522714798c/element - {"using":"css selector","value":"#shell-header-logo"}
RESULT: {"using":"css selector","value":"#shell-header-logo"}
COMMAND: POST /session/02ea79fddde22fa81bffc0522714798c/element/f.CB997DD3A6212A0539B4B9AD4CB02789.d.F8857731B64118E2787558C62AFD741F.e.5666/click - {}
COMMAND: GET /session/02ea79fddde22fa81bffc0522714798c/screenshot - {}
RESULT: {}
COMMAND: GET /session/02ea79fddde22fa81bffc0522714798c/screenshot - {}
RESULT: {}
RESULT: {}
COMMAND: POST /session/02ea79fddde22fa81bffc0522714798c/element - {"using":"css selector","value":"#j_username"}
COMMAND: POST /session/02ea79fddde22fa81bffc0522714798c/url - {"url":"https://qa-testing-00-live-etm-ui.cfapps.eu10-004.hana.ondemand.com/"}
RESULT: {"using":"css selector","value":"#j_username"}
COMMAND: POST /session/02ea79fddde22fa81bffc0522714798c/element - {"using":"css selector","value":"#j_username"}
RESULT: {"url":"https://qa-testing-00-live-etm-ui.cfapps.eu10-004.hana.ondemand.com/"}
RESULT: undefined
COMMAND: GET /session/02ea79fddde22fa81bffc0522714798c/screenshot - {}
RESULT: {"using":"css selector","value":"#j_username"}
COMMAND: POST /session/02ea79fddde22fa81bffc0522714798c/element - {"using":"css selector","value":"#shell-header-logo"}
RESULT: {}
RESULT: {"using":"css selector","value":"#shell-header-logo"}
COMMAND: POST /session/02ea79fddde22fa81bffc0522714798c/execute/sync - {"script":"<script> [8489 bytes]","args":[{"element-6066-11e4-a52e-4f735466cecf":"f.CB997DD3A6212A0539B4B9AD4CB02789.d.8CEE50DB937B62A1B57A54C304EAADF5.e.6008","ELEMENT":"f.CB997DD3A6212A0539B4B9AD4CB02789.d.8CEE50DB937B62A1B57A54C304EAADF5.e.6008"}]}
RESULT: {"script":"<script> [8489 bytes]","args":[{"element-6066-11e4-a52e-4f735466cecf":"f.CB997DD3A6212A0539B4B9AD4CB02789.d.8CEE50DB937B62A1B57A54C304EAADF5.e.6008","ELEMENT":"f.CB997DD3A6212A0539B4B9AD4CB02789.d.8CEE50DB937B62A1B57A54C304EAADF5.e.6008"}]}
COMMAND: POST /session/02ea79fddde22fa81bffc0522714798c/element - {"using":"css selector","value":"#shell-header-logo"}
COMMAND: GET /session/02ea79fddde22fa81bffc0522714798c/screenshot - {}
RESULT: {"using":"css selector","value":"#shell-header-logo"}
COMMAND: POST /session/02ea79fddde22fa81bffc0522714798c/execute/sync - {"script":"<script> [8489 bytes]","args":[{"element-6066-11e4-a52e-4f735466cecf":"f.CB997DD3A6212A0539B4B9AD4CB02789.d.8CEE50DB937B62A1B57A54C304EAADF5.e.6008","ELEMENT":"f.CB997DD3A6212A0539B4B9AD4CB02789.d.8CEE50DB937B62A1B57A54C304EAADF5.e.6008"}]}
RESULT: {}
RESULT: {"script":"<script> [8489 bytes]","args":[{"element-6066-11e4-a52e-4f735466cecf":"f.CB997DD3A6212A0539B4B9AD4CB02789.d.8CEE50DB937B62A1B57A54C304EAADF5.e.6008","ELEMENT":"f.CB997DD3A6212A0539B4B9AD4CB02789.d.8CEE50DB937B62A1B57A54C304EAADF5.e.6008"}]}
COMMAND: POST /session/02ea79fddde22fa81bffc0522714798c/execute/sync - {"script":"<script> [5351 bytes]","args":[{"element-6066-11e4-a52e-4f735466cecf":"f.CB997DD3A6212A0539B4B9AD4CB02789.d.8CEE50DB937B62A1B57A54C304EAADF5.e.6008","ELEMENT":"f.CB997DD3A6212A0539B4B9AD4CB02789.d.8CEE50DB937B62A1B57A54C304EAADF5.e.6008"}]}
COMMAND: GET /session/02ea79fddde22fa81bffc0522714798c/screenshot - {}
RESULT: {"script":"<script> [5351 bytes]","args":[{"element-6066-11e4-a52e-4f735466cecf":"f.CB997DD3A6212A0539B4B9AD4CB02789.d.8CEE50DB937B62A1B57A54C304EAADF5.e.6008","ELEMENT":"f.CB997DD3A6212A0539B4B9AD4CB02789.d.8CEE50DB937B62A1B57A54C304EAADF5.e.6008"}]}
COMMAND: POST /session/02ea79fddde22fa81bffc0522714798c/element - {"using":"css selector","value":"#shell-header-logo"}
COMMAND: GET /session/02ea79fddde22fa81bffc0522714798c/screenshot - {}
RESULT: {}
RESULT: {"using":"css selector","value":"#shell-header-logo"}
COMMAND: POST /session/02ea79fddde22fa81bffc0522714798c/element/f.CB997DD3A6212A0539B4B9AD4CB02789.d.8CEE50DB937B62A1B57A54C304EAADF5.e.6008/click - {}
RESULT: {}
RESULT: {}
COMMAND: GET /session/02ea79fddde22fa81bffc0522714798c/screenshot - {}
RESULT: {}
COMMAND: POST /session/02ea79fddde22fa81bffc0522714798c/execute/async - {"script":"<script> [189 bytes]","args":[]}
RESULT: {"script":"<script> [189 bytes]","args":[]}
COMMAND: POST /session/02ea79fddde22fa81bffc0522714798c/execute/async - {"script":"<script> [123 bytes]","args":[]}
RESULT: {"script":"<script> [123 bytes]","args":[]}
COMMAND: POST /session/02ea79fddde22fa81bffc0522714798c/timeouts - {"script":"<number>"}
RESULT: {"script":"<number>"}
COMMAND: GET /session/02ea79fddde22fa81bffc0522714798c/timeouts - {}
RESULT: {}
RESULT: undefined
COMMAND: POST /session/02ea79fddde22fa81bffc0522714798c/execute/async - {"script":"<script> [2676 bytes]","args":[]}
RESULT: {"script":"<script> [2676 bytes]","args":[]}
COMMAND: POST /session/02ea79fddde22fa81bffc0522714798c/execute/async - {"script":"<script> [2342 bytes]","args":[{"protocol":"http","hostname":"0.0.0.0","path":"/","capabilities":{"browserName":"chrome","goog:chromeOptions":{"binary":"C:\\Program Files\\Google\\Chrome\\Application\\chrome.exe","args":["--start-maximized"]}},"logLevel":"warn","connectionRetryTimeout":120000,"connectionRetryCount":3,"logLevels":{},"enableDirectConnect":true,"strictSSL":true,"_":"65 more keys: [\"cacheDir\",\"port\",\"requestedCapabilities\",\"automationProtocol\",\"baseUrl\",\"waitforInterval\",\"waitforTimeout\",\"onReload\",\"beforeCommand\",\"afterCommand\",\"rootDir\",\"specs\",\"suites\",\"exclude\",\"groupLogsByTestSpec\",\"excludeDriverLogs\",\"bail\",\"framework\",\"reporters\",\"services\",\"maxInstances\",\"maxInstancesPerCapability\",\"injectGlobals\",\"filesToWatch\",\"execArgv\",\"runnerEnv\",\"runner\",\"shard\",\"specFileRetries\",\"specFileRetriesDelay\",\"specFileRetriesDeferred\",\"reporterSyncInterval\",\"reporterSyncTimeout\",\"cucumberFeaturesWithLineNumbers\",\"autoCompileOpts\",\"mochaOpts\",\"jasmineOpts\",\"cucumberOpts\",\"onPrepare\",\"onWorkerStart\",\"onWorkerEnd\",\"before\",\"beforeSession\",\"beforeSuite\",\"beforeHook\",\"beforeTest\",\"afterTest\",\"afterHook\",\"afterSuite\",\"afterSession\",\"after\",\"onComplete\",\"beforeAssertion\",\"afterAssertion\",\"beforeFeature\",\"beforeScenario\",\"beforeStep\",\"afterStep\",\"afterScenario\",\"afterFeature\",\"_\",\"suite\",\"$0\",\"ignoredWorkerServices\",\"wdi5\"]"}]}
RESULT: {"script":"<script> [2342 bytes]","args":[{"protocol":"http","hostname":"0.0.0.0","path":"/","capabilities":{"browserName":"chrome","goog:chromeOptions":{"binary":"C:\\Program Files\\Google\\Chrome\\Application\\chrome.exe","args":["--start-maximized"]}},"logLevel":"warn","connectionRetryTimeout":120000,"connectionRetryCount":3,"logLevels":{},"enableDirectConnect":true,"strictSSL":true,"_":"65 more keys: [\"cacheDir\",\"port\",\"requestedCapabilities\",\"automationProtocol\",\"baseUrl\",\"waitforInterval\",\"waitforTimeout\",\"onReload\",\"beforeCommand\",\"afterCommand\",\"rootDir\",\"specs\",\"suites\",\"exclude\",\"groupLogsByTestSpec\",\"excludeDriverLogs\",\"bail\",\"framework\",\"reporters\",\"services\",\"maxInstances\",\"maxInstancesPerCapability\",\"injectGlobals\",\"filesToWatch\",\"execArgv\",\"runnerEnv\",\"runner\",\"shard\",\"specFileRetries\",\"specFileRetriesDelay\",\"specFileRetriesDeferred\",\"reporterSyncInterval\",\"reporterSyncTimeout\",\"cucumberFeaturesWithLineNumbers\",\"autoCompileOpts\",\"mochaOpts\",\"jasmineOpts\",\"cucumberOpts\",\"onPrepare\",\"onWorkerStart\",\"onWorkerEnd\",\"before\",\"beforeSession\",\"beforeSuite\",\"beforeHook\",\"beforeTest\",\"afterTest\",\"afterHook\",\"afterSuite\",\"afterSession\",\"after\",\"onComplete\",\"beforeAssertion\",\"afterAssertion\",\"beforeFeature\",\"beforeScenario\",\"beforeStep\",\"afterStep\",\"afterScenario\",\"afterFeature\",\"_\",\"suite\",\"$0\",\"ignoredWorkerServices\",\"wdi5\"]"}]}
COMMAND: POST /session/02ea79fddde22fa81bffc0522714798c/execute/async - {"script":"<script> [21126 bytes]","args":[35000]}
RESULT: {"script":"<script> [21126 bytes]","args":[35000]}
COMMAND: POST /session/02ea79fddde22fa81bffc0522714798c/window/maximize - {}
RESULT: {}
COMMAND: POST /session/02ea79fddde22fa81bffc0522714798c/execute/async - {"script":"<script> [1562 bytes]","args":[{"selector":{"id":"shell-header","interaction":{"idSuffix":"icon"}},"wdio_ui5_key":"shellheader"}]}
COMMAND: GET /session/02ea79fddde22fa81bffc0522714798c/screenshot - {}
RESULT: {"script":"<script> [1562 bytes]","args":[{"selector":{"id":"shell-header","interaction":{"idSuffix":"icon"}},"wdio_ui5_key":"shellheader"}]}
RESULT: undefined
COMMAND: POST /session/02ea79fddde22fa81bffc0522714798c/refresh - {}
RESULT: {}
RESULT: {}
COMMAND: GET /session/02ea79fddde22fa81bffc0522714798c/screenshot - {}
RESULT: {}
COMMAND: POST /session/02ea79fddde22fa81bffc0522714798c/refresh - {}
RESULT: {}
COMMAND: GET /session/02ea79fddde22fa81bffc0522714798c/screenshot - {}
RESULT: {}
COMMAND: POST /session/02ea79fddde22fa81bffc0522714798c/window/fullscreen - {}
RESULT: {}
COMMAND: POST /session/02ea79fddde22fa81bffc0522714798c/execute/async - {"script":"<script> [189 bytes]","args":[]}
RESULT: {"script":"<script> [189 bytes]","args":[]}
COMMAND: POST /session/02ea79fddde22fa81bffc0522714798c/execute/async - {"script":"<script> [123 bytes]","args":[]}
RESULT: {"script":"<script> [123 bytes]","args":[]}
COMMAND: POST /session/02ea79fddde22fa81bffc0522714798c/timeouts - {"script":"<number>"}
RESULT: {"script":"<number>"}
COMMAND: GET /session/02ea79fddde22fa81bffc0522714798c/timeouts - {}
RESULT: {}
RESULT: undefined
COMMAND: POST /session/02ea79fddde22fa81bffc0522714798c/execute/async - {"script":"<script> [2676 bytes]","args":[]}
RESULT: {"script":"<script> [2676 bytes]","args":[]}
COMMAND: POST /session/02ea79fddde22fa81bffc0522714798c/execute/async - {"script":"<script> [2342 bytes]","args":[{"protocol":"http","hostname":"0.0.0.0","path":"/","capabilities":{"browserName":"chrome","goog:chromeOptions":{"binary":"C:\\Program Files\\Google\\Chrome\\Application\\chrome.exe","args":["--start-maximized"]}},"logLevel":"warn","connectionRetryTimeout":120000,"connectionRetryCount":3,"logLevels":{},"enableDirectConnect":true,"strictSSL":true,"_":"65 more keys: [\"cacheDir\",\"port\",\"requestedCapabilities\",\"automationProtocol\",\"baseUrl\",\"waitforInterval\",\"waitforTimeout\",\"onReload\",\"beforeCommand\",\"afterCommand\",\"rootDir\",\"specs\",\"suites\",\"exclude\",\"groupLogsByTestSpec\",\"excludeDriverLogs\",\"bail\",\"framework\",\"reporters\",\"services\",\"maxInstances\",\"maxInstancesPerCapability\",\"injectGlobals\",\"filesToWatch\",\"execArgv\",\"runnerEnv\",\"runner\",\"shard\",\"specFileRetries\",\"specFileRetriesDelay\",\"specFileRetriesDeferred\",\"reporterSyncInterval\",\"reporterSyncTimeout\",\"cucumberFeaturesWithLineNumbers\",\"autoCompileOpts\",\"mochaOpts\",\"jasmineOpts\",\"cucumberOpts\",\"onPrepare\",\"onWorkerStart\",\"onWorkerEnd\",\"before\",\"beforeSession\",\"beforeSuite\",\"beforeHook\",\"beforeTest\",\"afterTest\",\"afterHook\",\"afterSuite\",\"afterSession\",\"after\",\"onComplete\",\"beforeAssertion\",\"afterAssertion\",\"beforeFeature\",\"beforeScenario\",\"beforeStep\",\"afterStep\",\"afterScenario\",\"afterFeature\",\"_\",\"suite\",\"$0\",\"ignoredWorkerServices\",\"wdi5\"]"}]}
RESULT: {"script":"<script> [2342 bytes]","args":[{"protocol":"http","hostname":"0.0.0.0","path":"/","capabilities":{"browserName":"chrome","goog:chromeOptions":{"binary":"C:\\Program Files\\Google\\Chrome\\Application\\chrome.exe","args":["--start-maximized"]}},"logLevel":"warn","connectionRetryTimeout":120000,"connectionRetryCount":3,"logLevels":{},"enableDirectConnect":true,"strictSSL":true,"_":"65 more keys: [\"cacheDir\",\"port\",\"requestedCapabilities\",\"automationProtocol\",\"baseUrl\",\"waitforInterval\",\"waitforTimeout\",\"onReload\",\"beforeCommand\",\"afterCommand\",\"rootDir\",\"specs\",\"suites\",\"exclude\",\"groupLogsByTestSpec\",\"excludeDriverLogs\",\"bail\",\"framework\",\"reporters\",\"services\",\"maxInstances\",\"maxInstancesPerCapability\",\"injectGlobals\",\"filesToWatch\",\"execArgv\",\"runnerEnv\",\"runner\",\"shard\",\"specFileRetries\",\"specFileRetriesDelay\",\"specFileRetriesDeferred\",\"reporterSyncInterval\",\"reporterSyncTimeout\",\"cucumberFeaturesWithLineNumbers\",\"autoCompileOpts\",\"mochaOpts\",\"jasmineOpts\",\"cucumberOpts\",\"onPrepare\",\"onWorkerStart\",\"onWorkerEnd\",\"before\",\"beforeSession\",\"beforeSuite\",\"beforeHook\",\"beforeTest\",\"afterTest\",\"afterHook\",\"afterSuite\",\"afterSession\",\"after\",\"onComplete\",\"beforeAssertion\",\"afterAssertion\",\"beforeFeature\",\"beforeScenario\",\"beforeStep\",\"afterStep\",\"afterScenario\",\"afterFeature\",\"_\",\"suite\",\"$0\",\"ignoredWorkerServices\",\"wdi5\"]"}]}
COMMAND: POST /session/02ea79fddde22fa81bffc0522714798c/execute/async - {"script":"<script> [21126 bytes]","args":[35000]}
RESULT: {"script":"<script> [21126 bytes]","args":[35000]}
]]></system-out>
    </testcase>
  </testsuite>
  <testsuite timestamp="2025-04-28T17:26:41" time="1092.535" tests="14" failures="0" errors="0" skipped="0">
    <properties>
      <property name="specId" value="0" />
      <property name="suiteName" value="Create master data for mixed billing &amp; do billing calculation US151661" />
      <property name="capabilities" value="chrome.135_0_7049_96.windows" />
      <property name="file" value="file:///D:/a/1/s/test/specs/BTS/billing-calculation-mixed.spec.js" />
    </properties>
    <testcase classname="chrome.135_0_7049_96.windows.Create_master_data_for_mixed_billing_&amp;_do_billing_calculation_US151661" name="Should create a new yard" time="90.656">
      <system-out><![CDATA[
COMMAND: POST /session/02ea79fddde22fa81bffc0522714798c/window/fullscreen - {}
RESULT: {}
COMMAND: POST /session/02ea79fddde22fa81bffc0522714798c/execute/async - {"script":"<script> [1562 bytes]","args":[{"selector":{"controlType":"sap.m.GenericTile","properties":{"header":"Manage Yards"}},"wdio_ui5_key":"sapm.GenericTile{\"header\":\"Manage Yards\"}"}]}
RESULT: {"script":"<script> [1562 bytes]","args":[{"selector":{"controlType":"sap.m.GenericTile","properties":{"header":"Manage Yards"}},"wdio_ui5_key":"sapm.GenericTile{\"header\":\"Manage Yards\"}"}]}
RESULT: undefined
COMMAND: POST /session/02ea79fddde22fa81bffc0522714798c/element - {"using":"xpath","value":"//*[@id=\"__tile41\"]"}
RESULT: {"using":"xpath","value":"//*[@id=\"__tile41\"]"}
COMMAND: POST /session/02ea79fddde22fa81bffc0522714798c/element/f.CB997DD3A6212A0539B4B9AD4CB02789.d.4C35328C2C998E08BC33188BC44DFFD1.e.6161/click - {}
RESULT: {}
COMMAND: POST /session/02ea79fddde22fa81bffc0522714798c/element - {"using":"xpath","value":"//button[@data-kt=\"addNewYardOverflowToolbarButton\"]"}
COMMAND: GET /session/02ea79fddde22fa81bffc0522714798c/screenshot - {}
RESULT: {"using":"xpath","value":"//button[@data-kt=\"addNewYardOverflowToolbarButton\"]"}
COMMAND: POST /session/02ea79fddde22fa81bffc0522714798c/elements - {"using":"xpath","value":"//button[@data-kt=\"addNewYardOverflowToolbarButton\"]"}
RESULT: {}
RESULT: {"using":"xpath","value":"//button[@data-kt=\"addNewYardOverflowToolbarButton\"]"}
COMMAND: POST /session/02ea79fddde22fa81bffc0522714798c/elements - {"using":"xpath","value":"//button[@data-kt=\"addNewYardOverflowToolbarButton\"]"}
RESULT: {"using":"xpath","value":"//button[@data-kt=\"addNewYardOverflowToolbarButton\"]"}
COMMAND: POST /session/02ea79fddde22fa81bffc0522714798c/elements - {"using":"xpath","value":"//button[@data-kt=\"addNewYardOverflowToolbarButton\"]"}
RESULT: {"using":"xpath","value":"//button[@data-kt=\"addNewYardOverflowToolbarButton\"]"}
COMMAND: POST /session/02ea79fddde22fa81bffc0522714798c/elements - {"using":"xpath","value":"//button[@data-kt=\"addNewYardOverflowToolbarButton\"]"}
RESULT: {"using":"xpath","value":"//button[@data-kt=\"addNewYardOverflowToolbarButton\"]"}
COMMAND: POST /session/02ea79fddde22fa81bffc0522714798c/elements - {"using":"xpath","value":"//button[@data-kt=\"addNewYardOverflowToolbarButton\"]"}
RESULT: {"using":"xpath","value":"//button[@data-kt=\"addNewYardOverflowToolbarButton\"]"}
COMMAND: POST /session/02ea79fddde22fa81bffc0522714798c/elements - {"using":"xpath","value":"//button[@data-kt=\"addNewYardOverflowToolbarButton\"]"}
RESULT: {"using":"xpath","value":"//button[@data-kt=\"addNewYardOverflowToolbarButton\"]"}
COMMAND: POST /session/02ea79fddde22fa81bffc0522714798c/elements - {"using":"xpath","value":"//button[@data-kt=\"addNewYardOverflowToolbarButton\"]"}
RESULT: {"using":"xpath","value":"//button[@data-kt=\"addNewYardOverflowToolbarButton\"]"}
COMMAND: POST /session/02ea79fddde22fa81bffc0522714798c/elements - {"using":"xpath","value":"//button[@data-kt=\"addNewYardOverflowToolbarButton\"]"}
RESULT: {"using":"xpath","value":"//button[@data-kt=\"addNewYardOverflowToolbarButton\"]"}
COMMAND: POST /session/02ea79fddde22fa81bffc0522714798c/elements - {"using":"xpath","value":"//button[@data-kt=\"addNewYardOverflowToolbarButton\"]"}
RESULT: {"using":"xpath","value":"//button[@data-kt=\"addNewYardOverflowToolbarButton\"]"}
COMMAND: POST /session/02ea79fddde22fa81bffc0522714798c/elements - {"using":"xpath","value":"//button[@data-kt=\"addNewYardOverflowToolbarButton\"]"}
RESULT: {"using":"xpath","value":"//button[@data-kt=\"addNewYardOverflowToolbarButton\"]"}
COMMAND: POST /session/02ea79fddde22fa81bffc0522714798c/elements - {"using":"xpath","value":"//button[@data-kt=\"addNewYardOverflowToolbarButton\"]"}
RESULT: {"using":"xpath","value":"//button[@data-kt=\"addNewYardOverflowToolbarButton\"]"}
COMMAND: POST /session/02ea79fddde22fa81bffc0522714798c/elements - {"using":"xpath","value":"//button[@data-kt=\"addNewYardOverflowToolbarButton\"]"}
RESULT: {"using":"xpath","value":"//button[@data-kt=\"addNewYardOverflowToolbarButton\"]"}
COMMAND: POST /session/02ea79fddde22fa81bffc0522714798c/elements - {"using":"xpath","value":"//button[@data-kt=\"addNewYardOverflowToolbarButton\"]"}
RESULT: {"using":"xpath","value":"//button[@data-kt=\"addNewYardOverflowToolbarButton\"]"}
COMMAND: POST /session/02ea79fddde22fa81bffc0522714798c/element - {"using":"xpath","value":"//button[@data-kt=\"addNewYardOverflowToolbarButton\"]"}
RESULT: {"using":"xpath","value":"//button[@data-kt=\"addNewYardOverflowToolbarButton\"]"}
COMMAND: POST /session/02ea79fddde22fa81bffc0522714798c/execute/sync - {"script":"<script> [8489 bytes]","args":[{"element-6066-11e4-a52e-4f735466cecf":"f.CB997DD3A6212A0539B4B9AD4CB02789.d.4C35328C2C998E08BC33188BC44DFFD1.e.6285","ELEMENT":"f.CB997DD3A6212A0539B4B9AD4CB02789.d.4C35328C2C998E08BC33188BC44DFFD1.e.6285"}]}
RESULT: {"script":"<script> [8489 bytes]","args":[{"element-6066-11e4-a52e-4f735466cecf":"f.CB997DD3A6212A0539B4B9AD4CB02789.d.4C35328C2C998E08BC33188BC44DFFD1.e.6285","ELEMENT":"f.CB997DD3A6212A0539B4B9AD4CB02789.d.4C35328C2C998E08BC33188BC44DFFD1.e.6285"}]}
COMMAND: GET /session/02ea79fddde22fa81bffc0522714798c/element/f.CB997DD3A6212A0539B4B9AD4CB02789.d.4C35328C2C998E08BC33188BC44DFFD1.e.6285/enabled - {}
COMMAND: GET /session/02ea79fddde22fa81bffc0522714798c/screenshot - {}
RESULT: {}
COMMAND: POST /session/02ea79fddde22fa81bffc0522714798c/execute/sync - {"script":"<script> [8489 bytes]","args":[{"element-6066-11e4-a52e-4f735466cecf":"f.CB997DD3A6212A0539B4B9AD4CB02789.d.4C35328C2C998E08BC33188BC44DFFD1.e.6285","ELEMENT":"f.CB997DD3A6212A0539B4B9AD4CB02789.d.4C35328C2C998E08BC33188BC44DFFD1.e.6285"}]}
COMMAND: GET /session/02ea79fddde22fa81bffc0522714798c/screenshot - {}
RESULT: {}
RESULT: {"script":"<script> [8489 bytes]","args":[{"element-6066-11e4-a52e-4f735466cecf":"f.CB997DD3A6212A0539B4B9AD4CB02789.d.4C35328C2C998E08BC33188BC44DFFD1.e.6285","ELEMENT":"f.CB997DD3A6212A0539B4B9AD4CB02789.d.4C35328C2C998E08BC33188BC44DFFD1.e.6285"}]}
COMMAND: POST /session/02ea79fddde22fa81bffc0522714798c/execute/sync - {"script":"<script> [5351 bytes]","args":[{"element-6066-11e4-a52e-4f735466cecf":"f.CB997DD3A6212A0539B4B9AD4CB02789.d.4C35328C2C998E08BC33188BC44DFFD1.e.6285","ELEMENT":"f.CB997DD3A6212A0539B4B9AD4CB02789.d.4C35328C2C998E08BC33188BC44DFFD1.e.6285"}]}
COMMAND: GET /session/02ea79fddde22fa81bffc0522714798c/screenshot - {}
RESULT: {}
RESULT: {"script":"<script> [5351 bytes]","args":[{"element-6066-11e4-a52e-4f735466cecf":"f.CB997DD3A6212A0539B4B9AD4CB02789.d.4C35328C2C998E08BC33188BC44DFFD1.e.6285","ELEMENT":"f.CB997DD3A6212A0539B4B9AD4CB02789.d.4C35328C2C998E08BC33188BC44DFFD1.e.6285"}]}
COMMAND: POST /session/02ea79fddde22fa81bffc0522714798c/element/f.CB997DD3A6212A0539B4B9AD4CB02789.d.4C35328C2C998E08BC33188BC44DFFD1.e.6285/click - {}
COMMAND: GET /session/02ea79fddde22fa81bffc0522714798c/screenshot - {}
RESULT: {}
RESULT: {}
COMMAND: GET /session/02ea79fddde22fa81bffc0522714798c/screenshot - {}
COMMAND: POST /session/02ea79fddde22fa81bffc0522714798c/element - {"using":"xpath","value":"//input[@id=\"application-manageyards-display-component---NewYard--yardId-inner\"]"}
RESULT: {}
RESULT: {}
RESULT: {"using":"xpath","value":"//input[@id=\"application-manageyards-display-component---NewYard--yardId-inner\"]"}
COMMAND: POST /session/02ea79fddde22fa81bffc0522714798c/element - {"using":"xpath","value":"//input[@id=\"application-manageyards-display-component---NewYard--yardId-inner\"]"}
RESULT: {"using":"xpath","value":"//input[@id=\"application-manageyards-display-component---NewYard--yardId-inner\"]"}
COMMAND: POST /session/02ea79fddde22fa81bffc0522714798c/execute/async - {"script":"<script> [1562 bytes]","args":[{"selector":{"id":"application-manageyards-display-component---NewYard--addressDetailDetailsName1","interaction":{"idSuffix":"inner"}},"wdio_ui5_key":"applicationmanageyards-display-component---NewYard--addressDetailDetailsName1"}]}
RESULT: {"script":"<script> [1562 bytes]","args":[{"selector":{"id":"application-manageyards-display-component---NewYard--addressDetailDetailsName1","interaction":{"idSuffix":"inner"}},"wdio_ui5_key":"applicationmanageyards-display-component---NewYard--addressDetailDetailsName1"}]}
RESULT: undefined
COMMAND: POST /session/02ea79fddde22fa81bffc0522714798c/execute/async - {"script":"<script> [776 bytes]","args":[{"enterText":"Intercompany Yard wdIO","selector":{"id":"application-manageyards-display-component---NewYard--addressDetailDetailsName1","interaction":{"idSuffix":"inner"}},"clearTextFirst":true,"interactionType":"ENTER_TEXT"}]}
RESULT: {"script":"<script> [776 bytes]","args":[{"enterText":"Intercompany Yard wdIO","selector":{"id":"application-manageyards-display-component---NewYard--addressDetailDetailsName1","interaction":{"idSuffix":"inner"}},"clearTextFirst":true,"interactionType":"ENTER_TEXT"}]}
COMMAND: POST /session/02ea79fddde22fa81bffc0522714798c/execute/async - {"script":"<script> [1562 bytes]","args":[{"selector":{"id":"application-manageyards-display-component---NewYard--addressDetailDetailsLanguage-arrow"},"wdio_ui5_key":"applicationmanageyards-display-component---NewYard--addressDetailDetailsLanguage-arrow"}]}
RESULT: {"script":"<script> [1562 bytes]","args":[{"selector":{"id":"application-manageyards-display-component---NewYard--addressDetailDetailsLanguage-arrow"},"wdio_ui5_key":"applicationmanageyards-display-component---NewYard--addressDetailDetailsLanguage-arrow"}]}
RESULT: undefined
COMMAND: POST /session/02ea79fddde22fa81bffc0522714798c/element - {"using":"xpath","value":"//*[@id=\"application-manageyards-display-component---NewYard--addressDetailDetailsLanguage-arrow\"]"}
RESULT: {"using":"xpath","value":"//*[@id=\"application-manageyards-display-component---NewYard--addressDetailDetailsLanguage-arrow\"]"}
COMMAND: POST /session/02ea79fddde22fa81bffc0522714798c/element/f.CB997DD3A6212A0539B4B9AD4CB02789.d.4C35328C2C998E08BC33188BC44DFFD1.e.6715/click - {}
RESULT: {}
COMMAND: POST /session/02ea79fddde22fa81bffc0522714798c/element - {"using":"xpath","value":"//span[contains(text(), \"English\")]"}
COMMAND: GET /session/02ea79fddde22fa81bffc0522714798c/screenshot - {}
RESULT: {"using":"xpath","value":"//span[contains(text(), \"English\")]"}
COMMAND: POST /session/02ea79fddde22fa81bffc0522714798c/element/f.CB997DD3A6212A0539B4B9AD4CB02789.d.4C35328C2C998E08BC33188BC44DFFD1.e.6716/click - {}
RESULT: {}
RESULT: {}
COMMAND: POST /session/02ea79fddde22fa81bffc0522714798c/execute/async - {"script":"<script> [1562 bytes]","args":[{"selector":{"id":"application-manageyards-display-component---NewYard--addressDetailDetailsCity1","interaction":{"idSuffix":"inner"}},"wdio_ui5_key":"applicationmanageyards-display-component---NewYard--addressDetailDetailsCity1"}]}
COMMAND: GET /session/02ea79fddde22fa81bffc0522714798c/screenshot - {}
RESULT: {"script":"<script> [1562 bytes]","args":[{"selector":{"id":"application-manageyards-display-component---NewYard--addressDetailDetailsCity1","interaction":{"idSuffix":"inner"}},"wdio_ui5_key":"applicationmanageyards-display-component---NewYard--addressDetailDetailsCity1"}]}
RESULT: undefined
COMMAND: POST /session/02ea79fddde22fa81bffc0522714798c/execute/async - {"script":"<script> [776 bytes]","args":[{"enterText":"Rosario","selector":{"id":"application-manageyards-display-component---NewYard--addressDetailDetailsCity1","interaction":{"idSuffix":"inner"}},"clearTextFirst":true,"interactionType":"ENTER_TEXT"}]}
RESULT: {}
RESULT: {"script":"<script> [776 bytes]","args":[{"enterText":"Rosario","selector":{"id":"application-manageyards-display-component---NewYard--addressDetailDetailsCity1","interaction":{"idSuffix":"inner"}},"clearTextFirst":true,"interactionType":"ENTER_TEXT"}]}
COMMAND: POST /session/02ea79fddde22fa81bffc0522714798c/execute/async - {"script":"<script> [1562 bytes]","args":[{"selector":{"id":"application-manageyards-display-component---NewYard--addressDetailDetailsCountry-arrow"},"wdio_ui5_key":"applicationmanageyards-display-component---NewYard--addressDetailDetailsCountry-arrow"}]}
RESULT: {"script":"<script> [1562 bytes]","args":[{"selector":{"id":"application-manageyards-display-component---NewYard--addressDetailDetailsCountry-arrow"},"wdio_ui5_key":"applicationmanageyards-display-component---NewYard--addressDetailDetailsCountry-arrow"}]}
RESULT: undefined
COMMAND: POST /session/02ea79fddde22fa81bffc0522714798c/element - {"using":"xpath","value":"//*[@id=\"application-manageyards-display-component---NewYard--addressDetailDetailsCountry-arrow\"]"}
RESULT: {"using":"xpath","value":"//*[@id=\"application-manageyards-display-component---NewYard--addressDetailDetailsCountry-arrow\"]"}
COMMAND: POST /session/02ea79fddde22fa81bffc0522714798c/element/f.CB997DD3A6212A0539B4B9AD4CB02789.d.4C35328C2C998E08BC33188BC44DFFD1.e.6718/click - {}
RESULT: {}
COMMAND: POST /session/02ea79fddde22fa81bffc0522714798c/element - {"using":"xpath","value":"//span[contains(text(), \"Argentina\")]"}
COMMAND: GET /session/02ea79fddde22fa81bffc0522714798c/screenshot - {}
RESULT: {"using":"xpath","value":"//span[contains(text(), \"Argentina\")]"}
COMMAND: POST /session/02ea79fddde22fa81bffc0522714798c/element/f.CB997DD3A6212A0539B4B9AD4CB02789.d.4C35328C2C998E08BC33188BC44DFFD1.e.6719/click - {}
RESULT: {}
RESULT: {}
COMMAND: POST /session/02ea79fddde22fa81bffc0522714798c/execute/async - {"script":"<script> [1562 bytes]","args":[{"selector":{"id":"application-manageyards-display-component---NewYard--addressEditDetailsCostObjectCstType-arrow"},"wdio_ui5_key":"applicationmanageyards-display-component---NewYard--addressEditDetailsCostObjectCstType-arrow"}]}
COMMAND: GET /session/02ea79fddde22fa81bffc0522714798c/screenshot - {}
RESULT: {"script":"<script> [1562 bytes]","args":[{"selector":{"id":"application-manageyards-display-component---NewYard--addressEditDetailsCostObjectCstType-arrow"},"wdio_ui5_key":"applicationmanageyards-display-component---NewYard--addressEditDetailsCostObjectCstType-arrow"}]}
RESULT: undefined
COMMAND: POST /session/02ea79fddde22fa81bffc0522714798c/element - {"using":"xpath","value":"//*[@id=\"application-manageyards-display-component---NewYard--addressEditDetailsCostObjectCstType-arrow\"]"}
RESULT: {}
RESULT: {"using":"xpath","value":"//*[@id=\"application-manageyards-display-component---NewYard--addressEditDetailsCostObjectCstType-arrow\"]"}
COMMAND: POST /session/02ea79fddde22fa81bffc0522714798c/element/f.CB997DD3A6212A0539B4B9AD4CB02789.d.4C35328C2C998E08BC33188BC44DFFD1.e.6721/click - {}
RESULT: {}
COMMAND: POST /session/02ea79fddde22fa81bffc0522714798c/element - {"using":"xpath","value":"//span[contains(text(), \"Cost Center\")]"}
COMMAND: GET /session/02ea79fddde22fa81bffc0522714798c/screenshot - {}
RESULT: {"using":"xpath","value":"//span[contains(text(), \"Cost Center\")]"}
COMMAND: POST /session/02ea79fddde22fa81bffc0522714798c/element/f.CB997DD3A6212A0539B4B9AD4CB02789.d.4C35328C2C998E08BC33188BC44DFFD1.e.6722/click - {}
RESULT: {}
RESULT: {}
COMMAND: GET /session/02ea79fddde22fa81bffc0522714798c/screenshot - {}
RESULT: {}
COMMAND: POST /session/02ea79fddde22fa81bffc0522714798c/element - {"using":"xpath","value":"//span[@id=\"application-manageyards-display-component---NewYard--addressNewCostObjectCstID-vhi\"]"}
RESULT: {"using":"xpath","value":"//span[@id=\"application-manageyards-display-component---NewYard--addressNewCostObjectCstID-vhi\"]"}
COMMAND: POST /session/02ea79fddde22fa81bffc0522714798c/execute/sync - {"script":"<script> [8489 bytes]","args":[{"element-6066-11e4-a52e-4f735466cecf":"f.CB997DD3A6212A0539B4B9AD4CB02789.d.4C35328C2C998E08BC33188BC44DFFD1.e.6726","ELEMENT":"f.CB997DD3A6212A0539B4B9AD4CB02789.d.4C35328C2C998E08BC33188BC44DFFD1.e.6726"}]}
RESULT: {"script":"<script> [8489 bytes]","args":[{"element-6066-11e4-a52e-4f735466cecf":"f.CB997DD3A6212A0539B4B9AD4CB02789.d.4C35328C2C998E08BC33188BC44DFFD1.e.6726","ELEMENT":"f.CB997DD3A6212A0539B4B9AD4CB02789.d.4C35328C2C998E08BC33188BC44DFFD1.e.6726"}]}
COMMAND: POST /session/02ea79fddde22fa81bffc0522714798c/execute/async - {"script":"<script> [1562 bytes]","args":[{"selector":{"id":"application-manageyards-display-component---NewYard--addressNewCostObjectCstID-vhi"},"wdio_ui5_key":"applicationmanageyards-display-component---NewYard--addressNewCostObjectCstID-vhi"}]}
COMMAND: GET /session/02ea79fddde22fa81bffc0522714798c/screenshot - {}
RESULT: {"script":"<script> [1562 bytes]","args":[{"selector":{"id":"application-manageyards-display-component---NewYard--addressNewCostObjectCstID-vhi"},"wdio_ui5_key":"applicationmanageyards-display-component---NewYard--addressNewCostObjectCstID-vhi"}]}
RESULT: undefined
COMMAND: POST /session/02ea79fddde22fa81bffc0522714798c/element - {"using":"xpath","value":"//*[@id=\"application-manageyards-display-component---NewYard--addressNewCostObjectCstID-vhi\"]"}
RESULT: {}
RESULT: {"using":"xpath","value":"//*[@id=\"application-manageyards-display-component---NewYard--addressNewCostObjectCstID-vhi\"]"}
COMMAND: POST /session/02ea79fddde22fa81bffc0522714798c/element/f.CB997DD3A6212A0539B4B9AD4CB02789.d.4C35328C2C998E08BC33188BC44DFFD1.e.6726/click - {}
RESULT: {}
COMMAND: GET /session/02ea79fddde22fa81bffc0522714798c/screenshot - {}
RESULT: {}
COMMAND: POST /session/02ea79fddde22fa81bffc0522714798c/execute/async - {"script":"<script> [1562 bytes]","args":[{"selector":{"controlType":"sap.m.SearchField","properties":{"placeholder":"Search"},"searchOpenDialogs":true,"interaction":{"idSuffix":"I"}},"wdio_ui5_key":"sapm.SearchField{\"placeholder\":\"Search\"}"}]}
RESULT: {"script":"<script> [1562 bytes]","args":[{"selector":{"controlType":"sap.m.SearchField","properties":{"placeholder":"Search"},"searchOpenDialogs":true,"interaction":{"idSuffix":"I"}},"wdio_ui5_key":"sapm.SearchField{\"placeholder\":\"Search\"}"}]}
RESULT: undefined
COMMAND: POST /session/02ea79fddde22fa81bffc0522714798c/execute/async - {"script":"<script> [776 bytes]","args":[{"enterText":"10001013","selector":{"controlType":"sap.m.SearchField","properties":{"placeholder":"Search"},"searchOpenDialogs":true,"interaction":{"idSuffix":"I"}},"clearTextFirst":true,"interactionType":"ENTER_TEXT"}]}
RESULT: {"script":"<script> [776 bytes]","args":[{"enterText":"10001013","selector":{"controlType":"sap.m.SearchField","properties":{"placeholder":"Search"},"searchOpenDialogs":true,"interaction":{"idSuffix":"I"}},"clearTextFirst":true,"interactionType":"ENTER_TEXT"}]}
COMMAND: POST /session/02ea79fddde22fa81bffc0522714798c/actions - {"actions":[{"id":"action20","type":"key","parameters":{},"actions":[{"type":"keyDown","value":"î€‡"},{"type":"pause","duration":10},{"type":"keyUp","value":"î€‡"}]}]}
RESULT: {"actions":[{"id":"action20","type":"key","parameters":{},"actions":[{"type":"keyDown","value":"î€‡"},{"type":"pause","duration":10},{"type":"keyUp","value":"î€‡"}]}]}
COMMAND: GET /session/02ea79fddde22fa81bffc0522714798c/screenshot - {}
RESULT: {}
COMMAND: POST /session/02ea79fddde22fa81bffc0522714798c/element - {"using":"xpath","value":"//span[contains(text(), \"General Management\")]"}
RESULT: {"using":"xpath","value":"//span[contains(text(), \"General Management\")]"}
COMMAND: POST /session/02ea79fddde22fa81bffc0522714798c/element/f.CB997DD3A6212A0539B4B9AD4CB02789.d.4C35328C2C998E08BC33188BC44DFFD1.e.6767/click - {}
RESULT: {}
COMMAND: GET /session/02ea79fddde22fa81bffc0522714798c/screenshot - {}
RESULT: {}
COMMAND: POST /session/02ea79fddde22fa81bffc0522714798c/element - {"using":"xpath","value":"//bdi[contains(text(), \"OK\")]"}
RESULT: {"using":"xpath","value":"//bdi[contains(text(), \"OK\")]"}
COMMAND: POST /session/02ea79fddde22fa81bffc0522714798c/element/f.CB997DD3A6212A0539B4B9AD4CB02789.d.4C35328C2C998E08BC33188BC44DFFD1.e.6768/click - {}
RESULT: {}
COMMAND: GET /session/02ea79fddde22fa81bffc0522714798c/screenshot - {}
RESULT: {}
COMMAND: POST /session/02ea79fddde22fa81bffc0522714798c/execute/async - {"script":"<script> [1562 bytes]","args":[{"selector":{"id":"application-manageyards-display-component---NewYard--addressEditDetailsCurrency-arrow"},"wdio_ui5_key":"applicationmanageyards-display-component---NewYard--addressEditDetailsCurrency-arrow"}]}
RESULT: {"script":"<script> [1562 bytes]","args":[{"selector":{"id":"application-manageyards-display-component---NewYard--addressEditDetailsCurrency-arrow"},"wdio_ui5_key":"applicationmanageyards-display-component---NewYard--addressEditDetailsCurrency-arrow"}]}
RESULT: undefined
COMMAND: POST /session/02ea79fddde22fa81bffc0522714798c/element - {"using":"xpath","value":"//*[@id=\"application-manageyards-display-component---NewYard--addressEditDetailsCurrency-arrow\"]"}
RESULT: {"using":"xpath","value":"//*[@id=\"application-manageyards-display-component---NewYard--addressEditDetailsCurrency-arrow\"]"}
COMMAND: POST /session/02ea79fddde22fa81bffc0522714798c/element/f.CB997DD3A6212A0539B4B9AD4CB02789.d.4C35328C2C998E08BC33188BC44DFFD1.e.6771/click - {}
RESULT: {}
COMMAND: POST /session/02ea79fddde22fa81bffc0522714798c/element - {"using":"xpath","value":"//span[contains(text(), \"Euro\")]"}
COMMAND: GET /session/02ea79fddde22fa81bffc0522714798c/screenshot - {}
RESULT: {"using":"xpath","value":"//span[contains(text(), \"Euro\")]"}
COMMAND: POST /session/02ea79fddde22fa81bffc0522714798c/element/f.CB997DD3A6212A0539B4B9AD4CB02789.d.4C35328C2C998E08BC33188BC44DFFD1.e.6772/click - {}
RESULT: {}
RESULT: {}
COMMAND: POST /session/02ea79fddde22fa81bffc0522714798c/execute/async - {"script":"<script> [1562 bytes]","args":[{"selector":{"controlType":"sap.m.Input","viewName":"etm.portal.ui.manageyards.view.New","viewId":"application-manageyards-display-component---NewYard","bindingPath":{"path":"","propertyPath":"/CONTROLLING_AREA","modelName":"NewYardModel"},"interaction":{"idSuffix":"inner"}},"wdio_ui5_key":"etmportal.ui.manageyards.view.Newsap.m.Input{\"path\":\"\",\"propertyPath\":\"/CONTROLLING_AREA\",\"modelName\":\"NewYardModel\"}"}]}
COMMAND: GET /session/02ea79fddde22fa81bffc0522714798c/screenshot - {}
RESULT: {"script":"<script> [1562 bytes]","args":[{"selector":{"controlType":"sap.m.Input","viewName":"etm.portal.ui.manageyards.view.New","viewId":"application-manageyards-display-component---NewYard","bindingPath":{"path":"","propertyPath":"/CONTROLLING_AREA","modelName":"NewYardModel"},"interaction":{"idSuffix":"inner"}},"wdio_ui5_key":"etmportal.ui.manageyards.view.Newsap.m.Input{\"path\":\"\",\"propertyPath\":\"/CONTROLLING_AREA\",\"modelName\":\"NewYardModel\"}"}]}
RESULT: undefined
COMMAND: POST /session/02ea79fddde22fa81bffc0522714798c/execute/async - {"script":"<script> [776 bytes]","args":[{"enterText":"Z001","selector":{"controlType":"sap.m.Input","viewName":"etm.portal.ui.manageyards.view.New","viewId":"application-manageyards-display-component---NewYard","bindingPath":{"path":"","propertyPath":"/CONTROLLING_AREA","modelName":"NewYardModel"},"interaction":{"idSuffix":"inner"}},"clearTextFirst":true,"interactionType":"ENTER_TEXT"}]}
RESULT: {}
RESULT: {"script":"<script> [776 bytes]","args":[{"enterText":"Z001","selector":{"controlType":"sap.m.Input","viewName":"etm.portal.ui.manageyards.view.New","viewId":"application-manageyards-display-component---NewYard","bindingPath":{"path":"","propertyPath":"/CONTROLLING_AREA","modelName":"NewYardModel"},"interaction":{"idSuffix":"inner"}},"clearTextFirst":true,"interactionType":"ENTER_TEXT"}]}
COMMAND: POST /session/02ea79fddde22fa81bffc0522714798c/execute/async - {"script":"<script> [1562 bytes]","args":[{"selector":{"id":"application-manageyards-display-component---NewYard--companyCodeComboBox","interaction":{"idSuffix":"inner"}},"wdio_ui5_key":"applicationmanageyards-display-component---NewYard--companyCodeComboBox"}]}
RESULT: {"script":"<script> [1562 bytes]","args":[{"selector":{"id":"application-manageyards-display-component---NewYard--companyCodeComboBox","interaction":{"idSuffix":"inner"}},"wdio_ui5_key":"applicationmanageyards-display-component---NewYard--companyCodeComboBox"}]}
RESULT: undefined
COMMAND: POST /session/02ea79fddde22fa81bffc0522714798c/execute/async - {"script":"<script> [776 bytes]","args":[{"enterText":"1000","selector":{"id":"application-manageyards-display-component---NewYard--companyCodeComboBox","interaction":{"idSuffix":"inner"}},"clearTextFirst":true,"interactionType":"ENTER_TEXT"}]}
RESULT: {"script":"<script> [776 bytes]","args":[{"enterText":"1000","selector":{"id":"application-manageyards-display-component---NewYard--companyCodeComboBox","interaction":{"idSuffix":"inner"}},"clearTextFirst":true,"interactionType":"ENTER_TEXT"}]}
COMMAND: POST /session/02ea79fddde22fa81bffc0522714798c/execute/async - {"script":"<script> [1562 bytes]","args":[{"selector":{"controlType":"sap.m.Input","viewName":"etm.portal.ui.manageyards.view.New","viewId":"application-manageyards-display-component---NewYard","bindingPath":{"path":"","propertyPath":"/PLANT","modelName":"NewYardModel"},"interaction":{"idSuffix":"inner"}},"wdio_ui5_key":"etmportal.ui.manageyards.view.Newsap.m.Input{\"path\":\"\",\"propertyPath\":\"/PLANT\",\"modelName\":\"NewYardModel\"}"}]}
RESULT: {"script":"<script> [1562 bytes]","args":[{"selector":{"controlType":"sap.m.Input","viewName":"etm.portal.ui.manageyards.view.New","viewId":"application-manageyards-display-component---NewYard","bindingPath":{"path":"","propertyPath":"/PLANT","modelName":"NewYardModel"},"interaction":{"idSuffix":"inner"}},"wdio_ui5_key":"etmportal.ui.manageyards.view.Newsap.m.Input{\"path\":\"\",\"propertyPath\":\"/PLANT\",\"modelName\":\"NewYardModel\"}"}]}
RESULT: undefined
COMMAND: POST /session/02ea79fddde22fa81bffc0522714798c/execute/async - {"script":"<script> [776 bytes]","args":[{"enterText":"1001","selector":{"controlType":"sap.m.Input","viewName":"etm.portal.ui.manageyards.view.New","viewId":"application-manageyards-display-component---NewYard","bindingPath":{"path":"","propertyPath":"/PLANT","modelName":"NewYardModel"},"interaction":{"idSuffix":"inner"}},"clearTextFirst":true,"interactionType":"ENTER_TEXT"}]}
RESULT: {"script":"<script> [776 bytes]","args":[{"enterText":"1001","selector":{"controlType":"sap.m.Input","viewName":"etm.portal.ui.manageyards.view.New","viewId":"application-manageyards-display-component---NewYard","bindingPath":{"path":"","propertyPath":"/PLANT","modelName":"NewYardModel"},"interaction":{"idSuffix":"inner"}},"clearTextFirst":true,"interactionType":"ENTER_TEXT"}]}
COMMAND: POST /session/02ea79fddde22fa81bffc0522714798c/execute/async - {"script":"<script> [1562 bytes]","args":[{"selector":{"controlType":"sap.m.Input","viewName":"etm.portal.ui.manageyards.view.New","viewId":"application-manageyards-display-component---NewYard","bindingPath":{"path":"","propertyPath":"/SALES_AREA_VKORG","modelName":"NewYardModel"},"interaction":{"idSuffix":"inner"}},"wdio_ui5_key":"etmportal.ui.manageyards.view.Newsap.m.Input{\"path\":\"\",\"propertyPath\":\"/SALES_AREA_VKORG\",\"modelName\":\"NewYardModel\"}"}]}
RESULT: {"script":"<script> [1562 bytes]","args":[{"selector":{"controlType":"sap.m.Input","viewName":"etm.portal.ui.manageyards.view.New","viewId":"application-manageyards-display-component---NewYard","bindingPath":{"path":"","propertyPath":"/SALES_AREA_VKORG","modelName":"NewYardModel"},"interaction":{"idSuffix":"inner"}},"wdio_ui5_key":"etmportal.ui.manageyards.view.Newsap.m.Input{\"path\":\"\",\"propertyPath\":\"/SALES_AREA_VKORG\",\"modelName\":\"NewYardModel\"}"}]}
RESULT: undefined
COMMAND: POST /session/02ea79fddde22fa81bffc0522714798c/execute/async - {"script":"<script> [776 bytes]","args":[{"enterText":"C002","selector":{"controlType":"sap.m.Input","viewName":"etm.portal.ui.manageyards.view.New","viewId":"application-manageyards-display-component---NewYard","bindingPath":{"path":"","propertyPath":"/SALES_AREA_VKORG","modelName":"NewYardModel"},"interaction":{"idSuffix":"inner"}},"clearTextFirst":true,"interactionType":"ENTER_TEXT"}]}
RESULT: {"script":"<script> [776 bytes]","args":[{"enterText":"C002","selector":{"controlType":"sap.m.Input","viewName":"etm.portal.ui.manageyards.view.New","viewId":"application-manageyards-display-component---NewYard","bindingPath":{"path":"","propertyPath":"/SALES_AREA_VKORG","modelName":"NewYardModel"},"interaction":{"idSuffix":"inner"}},"clearTextFirst":true,"interactionType":"ENTER_TEXT"}]}
COMMAND: POST /session/02ea79fddde22fa81bffc0522714798c/execute/async - {"script":"<script> [1562 bytes]","args":[{"selector":{"controlType":"sap.m.Input","viewName":"etm.portal.ui.manageyards.view.New","viewId":"application-manageyards-display-component---NewYard","bindingPath":{"path":"","propertyPath":"/SALES_AREA_VTWEG","modelName":"NewYardModel"},"interaction":{"idSuffix":"inner"}},"wdio_ui5_key":"etmportal.ui.manageyards.view.Newsap.m.Input{\"path\":\"\",\"propertyPath\":\"/SALES_AREA_VTWEG\",\"modelName\":\"NewYardModel\"}"}]}
RESULT: {"script":"<script> [1562 bytes]","args":[{"selector":{"controlType":"sap.m.Input","viewName":"etm.portal.ui.manageyards.view.New","viewId":"application-manageyards-display-component---NewYard","bindingPath":{"path":"","propertyPath":"/SALES_AREA_VTWEG","modelName":"NewYardModel"},"interaction":{"idSuffix":"inner"}},"wdio_ui5_key":"etmportal.ui.manageyards.view.Newsap.m.Input{\"path\":\"\",\"propertyPath\":\"/SALES_AREA_VTWEG\",\"modelName\":\"NewYardModel\"}"}]}
RESULT: undefined
COMMAND: POST /session/02ea79fddde22fa81bffc0522714798c/execute/async - {"script":"<script> [776 bytes]","args":[{"enterText":"C2","selector":{"controlType":"sap.m.Input","viewName":"etm.portal.ui.manageyards.view.New","viewId":"application-manageyards-display-component---NewYard","bindingPath":{"path":"","propertyPath":"/SALES_AREA_VTWEG","modelName":"NewYardModel"},"interaction":{"idSuffix":"inner"}},"clearTextFirst":true,"interactionType":"ENTER_TEXT"}]}
RESULT: {"script":"<script> [776 bytes]","args":[{"enterText":"C2","selector":{"controlType":"sap.m.Input","viewName":"etm.portal.ui.manageyards.view.New","viewId":"application-manageyards-display-component---NewYard","bindingPath":{"path":"","propertyPath":"/SALES_AREA_VTWEG","modelName":"NewYardModel"},"interaction":{"idSuffix":"inner"}},"clearTextFirst":true,"interactionType":"ENTER_TEXT"}]}
COMMAND: POST /session/02ea79fddde22fa81bffc0522714798c/execute/async - {"script":"<script> [1562 bytes]","args":[{"selector":{"controlType":"sap.m.Input","viewName":"etm.portal.ui.manageyards.view.New","viewId":"application-manageyards-display-component---NewYard","bindingPath":{"path":"","propertyPath":"/SALES_AREA_SPART","modelName":"NewYardModel"},"interaction":{"idSuffix":"inner"}},"wdio_ui5_key":"etmportal.ui.manageyards.view.Newsap.m.Input{\"path\":\"\",\"propertyPath\":\"/SALES_AREA_SPART\",\"modelName\":\"NewYardModel\"}"}]}
RESULT: {"script":"<script> [1562 bytes]","args":[{"selector":{"controlType":"sap.m.Input","viewName":"etm.portal.ui.manageyards.view.New","viewId":"application-manageyards-display-component---NewYard","bindingPath":{"path":"","propertyPath":"/SALES_AREA_SPART","modelName":"NewYardModel"},"interaction":{"idSuffix":"inner"}},"wdio_ui5_key":"etmportal.ui.manageyards.view.Newsap.m.Input{\"path\":\"\",\"propertyPath\":\"/SALES_AREA_SPART\",\"modelName\":\"NewYardModel\"}"}]}
RESULT: undefined
COMMAND: POST /session/02ea79fddde22fa81bffc0522714798c/execute/async - {"script":"<script> [776 bytes]","args":[{"enterText":"C2","selector":{"controlType":"sap.m.Input","viewName":"etm.portal.ui.manageyards.view.New","viewId":"application-manageyards-display-component---NewYard","bindingPath":{"path":"","propertyPath":"/SALES_AREA_SPART","modelName":"NewYardModel"},"interaction":{"idSuffix":"inner"}},"clearTextFirst":true,"interactionType":"ENTER_TEXT"}]}
RESULT: {"script":"<script> [776 bytes]","args":[{"enterText":"C2","selector":{"controlType":"sap.m.Input","viewName":"etm.portal.ui.manageyards.view.New","viewId":"application-manageyards-display-component---NewYard","bindingPath":{"path":"","propertyPath":"/SALES_AREA_SPART","modelName":"NewYardModel"},"interaction":{"idSuffix":"inner"}},"clearTextFirst":true,"interactionType":"ENTER_TEXT"}]}
COMMAND: POST /session/02ea79fddde22fa81bffc0522714798c/execute/async - {"script":"<script> [1562 bytes]","args":[{"selector":{"controlType":"sap.m.Input","viewName":"etm.portal.ui.manageyards.view.New","viewId":"application-manageyards-display-component---NewYard","bindingPath":{"path":"","propertyPath":"/SHIP_POINT","modelName":"NewYardModel"},"interaction":{"idSuffix":"inner"}},"wdio_ui5_key":"etmportal.ui.manageyards.view.Newsap.m.Input{\"path\":\"\",\"propertyPath\":\"/SHIP_POINT\",\"modelName\":\"NewYardModel\"}"}]}
RESULT: {"script":"<script> [1562 bytes]","args":[{"selector":{"controlType":"sap.m.Input","viewName":"etm.portal.ui.manageyards.view.New","viewId":"application-manageyards-display-component---NewYard","bindingPath":{"path":"","propertyPath":"/SHIP_POINT","modelName":"NewYardModel"},"interaction":{"idSuffix":"inner"}},"wdio_ui5_key":"etmportal.ui.manageyards.view.Newsap.m.Input{\"path\":\"\",\"propertyPath\":\"/SHIP_POINT\",\"modelName\":\"NewYardModel\"}"}]}
RESULT: undefined
COMMAND: POST /session/02ea79fddde22fa81bffc0522714798c/execute/async - {"script":"<script> [776 bytes]","args":[{"enterText":"1710","selector":{"controlType":"sap.m.Input","viewName":"etm.portal.ui.manageyards.view.New","viewId":"application-manageyards-display-component---NewYard","bindingPath":{"path":"","propertyPath":"/SHIP_POINT","modelName":"NewYardModel"},"interaction":{"idSuffix":"inner"}},"clearTextFirst":true,"interactionType":"ENTER_TEXT"}]}
RESULT: {"script":"<script> [776 bytes]","args":[{"enterText":"1710","selector":{"controlType":"sap.m.Input","viewName":"etm.portal.ui.manageyards.view.New","viewId":"application-manageyards-display-component---NewYard","bindingPath":{"path":"","propertyPath":"/SHIP_POINT","modelName":"NewYardModel"},"interaction":{"idSuffix":"inner"}},"clearTextFirst":true,"interactionType":"ENTER_TEXT"}]}
COMMAND: POST /session/02ea79fddde22fa81bffc0522714798c/execute/async - {"script":"<script> [1562 bytes]","args":[{"selector":{"controlType":"sap.m.Input","viewName":"etm.portal.ui.manageyards.view.New","viewId":"application-manageyards-display-component---NewYard","bindingPath":{"path":"","propertyPath":"/DELIVERY_TYPE","modelName":"NewYardModel"},"interaction":{"idSuffix":"inner"}},"wdio_ui5_key":"etmportal.ui.manageyards.view.Newsap.m.Input{\"path\":\"\",\"propertyPath\":\"/DELIVERY_TYPE\",\"modelName\":\"NewYardModel\"}"}]}
RESULT: {"script":"<script> [1562 bytes]","args":[{"selector":{"controlType":"sap.m.Input","viewName":"etm.portal.ui.manageyards.view.New","viewId":"application-manageyards-display-component---NewYard","bindingPath":{"path":"","propertyPath":"/DELIVERY_TYPE","modelName":"NewYardModel"},"interaction":{"idSuffix":"inner"}},"wdio_ui5_key":"etmportal.ui.manageyards.view.Newsap.m.Input{\"path\":\"\",\"propertyPath\":\"/DELIVERY_TYPE\",\"modelName\":\"NewYardModel\"}"}]}
RESULT: undefined
COMMAND: POST /session/02ea79fddde22fa81bffc0522714798c/execute/async - {"script":"<script> [776 bytes]","args":[{"enterText":"ZL01","selector":{"controlType":"sap.m.Input","viewName":"etm.portal.ui.manageyards.view.New","viewId":"application-manageyards-display-component---NewYard","bindingPath":{"path":"","propertyPath":"/DELIVERY_TYPE","modelName":"NewYardModel"},"interaction":{"idSuffix":"inner"}},"clearTextFirst":true,"interactionType":"ENTER_TEXT"}]}
RESULT: {"script":"<script> [776 bytes]","args":[{"enterText":"ZL01","selector":{"controlType":"sap.m.Input","viewName":"etm.portal.ui.manageyards.view.New","viewId":"application-manageyards-display-component---NewYard","bindingPath":{"path":"","propertyPath":"/DELIVERY_TYPE","modelName":"NewYardModel"},"interaction":{"idSuffix":"inner"}},"clearTextFirst":true,"interactionType":"ENTER_TEXT"}]}
COMMAND: POST /session/02ea79fddde22fa81bffc0522714798c/execute/async - {"script":"<script> [1562 bytes]","args":[{"selector":{"controlType":"sap.m.Input","viewName":"etm.portal.ui.manageyards.view.New","viewId":"application-manageyards-display-component---NewYard","bindingPath":{"path":"","propertyPath":"/AUART","modelName":"NewYardModel"},"interaction":{"idSuffix":"inner"}},"wdio_ui5_key":"etmportal.ui.manageyards.view.Newsap.m.Input{\"path\":\"\",\"propertyPath\":\"/AUART\",\"modelName\":\"NewYardModel\"}"}]}
RESULT: {"script":"<script> [1562 bytes]","args":[{"selector":{"controlType":"sap.m.Input","viewName":"etm.portal.ui.manageyards.view.New","viewId":"application-manageyards-display-component---NewYard","bindingPath":{"path":"","propertyPath":"/AUART","modelName":"NewYardModel"},"interaction":{"idSuffix":"inner"}},"wdio_ui5_key":"etmportal.ui.manageyards.view.Newsap.m.Input{\"path\":\"\",\"propertyPath\":\"/AUART\",\"modelName\":\"NewYardModel\"}"}]}
RESULT: undefined
COMMAND: POST /session/02ea79fddde22fa81bffc0522714798c/execute/async - {"script":"<script> [776 bytes]","args":[{"enterText":"TA","selector":{"controlType":"sap.m.Input","viewName":"etm.portal.ui.manageyards.view.New","viewId":"application-manageyards-display-component---NewYard","bindingPath":{"path":"","propertyPath":"/AUART","modelName":"NewYardModel"},"interaction":{"idSuffix":"inner"}},"clearTextFirst":true,"interactionType":"ENTER_TEXT"}]}
RESULT: {"script":"<script> [776 bytes]","args":[{"enterText":"TA","selector":{"controlType":"sap.m.Input","viewName":"etm.portal.ui.manageyards.view.New","viewId":"application-manageyards-display-component---NewYard","bindingPath":{"path":"","propertyPath":"/AUART","modelName":"NewYardModel"},"interaction":{"idSuffix":"inner"}},"clearTextFirst":true,"interactionType":"ENTER_TEXT"}]}
COMMAND: POST /session/02ea79fddde22fa81bffc0522714798c/element - {"using":"xpath","value":"//button[@data-kt=\"newYardSaveButton\"]"}
RESULT: {"using":"xpath","value":"//button[@data-kt=\"newYardSaveButton\"]"}
COMMAND: POST /session/02ea79fddde22fa81bffc0522714798c/element/f.CB997DD3A6212A0539B4B9AD4CB02789.d.4C35328C2C998E08BC33188BC44DFFD1.e.6680/click - {}
RESULT: {}
COMMAND: GET /session/02ea79fddde22fa81bffc0522714798c/screenshot - {}
RESULT: {}
COMMAND: POST /session/02ea79fddde22fa81bffc0522714798c/element - {"using":"xpath","value":"//header[contains(@id, 'ObjectPageLayout-headerTitle')]/div[1]/div[2]/div[1]/span[1]"}
RESULT: {"using":"xpath","value":"//header[contains(@id, 'ObjectPageLayout-headerTitle')]/div[1]/div[2]/div[1]/span[1]"}
COMMAND: POST /session/02ea79fddde22fa81bffc0522714798c/elements - {"using":"xpath","value":"//header[contains(@id, 'ObjectPageLayout-headerTitle')]/div[1]/div[2]/div[1]/span[1]"}
RESULT: {"using":"xpath","value":"//header[contains(@id, 'ObjectPageLayout-headerTitle')]/div[1]/div[2]/div[1]/span[1]"}
COMMAND: POST /session/02ea79fddde22fa81bffc0522714798c/execute/sync - {"script":"<script> [56 bytes]","args":[{"element-6066-11e4-a52e-4f735466cecf":"f.CB997DD3A6212A0539B4B9AD4CB02789.d.4C35328C2C998E08BC33188BC44DFFD1.e.7000","ELEMENT":"f.CB997DD3A6212A0539B4B9AD4CB02789.d.4C35328C2C998E08BC33188BC44DFFD1.e.7000"}]}
RESULT: {"script":"<script> [56 bytes]","args":[{"element-6066-11e4-a52e-4f735466cecf":"f.CB997DD3A6212A0539B4B9AD4CB02789.d.4C35328C2C998E08BC33188BC44DFFD1.e.7000","ELEMENT":"f.CB997DD3A6212A0539B4B9AD4CB02789.d.4C35328C2C998E08BC33188BC44DFFD1.e.7000"}]}
COMMAND: GET /session/02ea79fddde22fa81bffc0522714798c/screenshot - {}
RESULT: {}
COMMAND: POST /session/02ea79fddde22fa81bffc0522714798c/element - {"using":"css selector","value":"#shell-header-logo"}
RESULT: {"using":"css selector","value":"#shell-header-logo"}
COMMAND: POST /session/02ea79fddde22fa81bffc0522714798c/element/f.CB997DD3A6212A0539B4B9AD4CB02789.d.4C35328C2C998E08BC33188BC44DFFD1.e.6254/click - {}
RESULT: {}
COMMAND: GET /session/02ea79fddde22fa81bffc0522714798c/screenshot - {}
RESULT: {}
COMMAND: POST /session/02ea79fddde22fa81bffc0522714798c/execute/sync - {"script":"<script> [299 bytes]","args":[["getModel","getResource"]]}
RESULT: {"script":"<script> [299 bytes]","args":[["getModel","getResource"]]}
COMMAND: GET /session/02ea79fddde22fa81bffc0522714798c/screenshot - {}
]]></system-out>
    </testcase>
    <testcase classname="chrome.135_0_7049_96.windows.Create_master_data_for_mixed_billing_&amp;_do_billing_calculation_US151661" name="Should create a new partner" time="109.297">
      <system-out><![CDATA[
COMMAND: POST /session/02ea79fddde22fa81bffc0522714798c/window/fullscreen - {}
RESULT: {}
RESULT: {}
COMMAND: POST /session/02ea79fddde22fa81bffc0522714798c/execute/async - {"script":"<script> [1562 bytes]","args":[{"selector":{"controlType":"sap.m.GenericTile","properties":{"header":"Manage Partners"}},"wdio_ui5_key":"sapm.GenericTile{\"header\":\"Manage Partners\"}"}]}
RESULT: {"script":"<script> [1562 bytes]","args":[{"selector":{"controlType":"sap.m.GenericTile","properties":{"header":"Manage Partners"}},"wdio_ui5_key":"sapm.GenericTile{\"header\":\"Manage Partners\"}"}]}
RESULT: undefined
COMMAND: POST /session/02ea79fddde22fa81bffc0522714798c/element - {"using":"xpath","value":"//*[@id=\"__tile38\"]"}
RESULT: {"using":"xpath","value":"//*[@id=\"__tile38\"]"}
COMMAND: POST /session/02ea79fddde22fa81bffc0522714798c/element/f.CB997DD3A6212A0539B4B9AD4CB02789.d.4C35328C2C998E08BC33188BC44DFFD1.e.6152/click - {}
RESULT: {}
COMMAND: POST /session/02ea79fddde22fa81bffc0522714798c/element - {"using":"xpath","value":"//button[@data-kt=\"addButton\"]"}
COMMAND: GET /session/02ea79fddde22fa81bffc0522714798c/screenshot - {}
RESULT: {"using":"xpath","value":"//button[@data-kt=\"addButton\"]"}
COMMAND: POST /session/02ea79fddde22fa81bffc0522714798c/elements - {"using":"xpath","value":"//button[@data-kt=\"addButton\"]"}
RESULT: {}
RESULT: {"using":"xpath","value":"//button[@data-kt=\"addButton\"]"}
COMMAND: POST /session/02ea79fddde22fa81bffc0522714798c/elements - {"using":"xpath","value":"//button[@data-kt=\"addButton\"]"}
RESULT: {"using":"xpath","value":"//button[@data-kt=\"addButton\"]"}
COMMAND: POST /session/02ea79fddde22fa81bffc0522714798c/elements - {"using":"xpath","value":"//button[@data-kt=\"addButton\"]"}
RESULT: {"using":"xpath","value":"//button[@data-kt=\"addButton\"]"}
COMMAND: POST /session/02ea79fddde22fa81bffc0522714798c/elements - {"using":"xpath","value":"//button[@data-kt=\"addButton\"]"}
RESULT: {"using":"xpath","value":"//button[@data-kt=\"addButton\"]"}
COMMAND: POST /session/02ea79fddde22fa81bffc0522714798c/elements - {"using":"xpath","value":"//button[@data-kt=\"addButton\"]"}
RESULT: {"using":"xpath","value":"//button[@data-kt=\"addButton\"]"}
COMMAND: POST /session/02ea79fddde22fa81bffc0522714798c/elements - {"using":"xpath","value":"//button[@data-kt=\"addButton\"]"}
RESULT: {"using":"xpath","value":"//button[@data-kt=\"addButton\"]"}
COMMAND: POST /session/02ea79fddde22fa81bffc0522714798c/elements - {"using":"xpath","value":"//button[@data-kt=\"addButton\"]"}
RESULT: {"using":"xpath","value":"//button[@data-kt=\"addButton\"]"}
COMMAND: POST /session/02ea79fddde22fa81bffc0522714798c/elements - {"using":"xpath","value":"//button[@data-kt=\"addButton\"]"}
RESULT: {"using":"xpath","value":"//button[@data-kt=\"addButton\"]"}
COMMAND: POST /session/02ea79fddde22fa81bffc0522714798c/elements - {"using":"xpath","value":"//button[@data-kt=\"addButton\"]"}
RESULT: {"using":"xpath","value":"//button[@data-kt=\"addButton\"]"}
COMMAND: POST /session/02ea79fddde22fa81bffc0522714798c/elements - {"using":"xpath","value":"//button[@data-kt=\"addButton\"]"}
RESULT: {"using":"xpath","value":"//button[@data-kt=\"addButton\"]"}
COMMAND: POST /session/02ea79fddde22fa81bffc0522714798c/elements - {"using":"xpath","value":"//button[@data-kt=\"addButton\"]"}
RESULT: {"using":"xpath","value":"//button[@data-kt=\"addButton\"]"}
COMMAND: POST /session/02ea79fddde22fa81bffc0522714798c/element - {"using":"xpath","value":"//button[@data-kt=\"addButton\"]"}
RESULT: {"using":"xpath","value":"//button[@data-kt=\"addButton\"]"}
COMMAND: POST /session/02ea79fddde22fa81bffc0522714798c/execute/sync - {"script":"<script> [8489 bytes]","args":[{"element-6066-11e4-a52e-4f735466cecf":"f.CB997DD3A6212A0539B4B9AD4CB02789.d.4C35328C2C998E08BC33188BC44DFFD1.e.7037","ELEMENT":"f.CB997DD3A6212A0539B4B9AD4CB02789.d.4C35328C2C998E08BC33188BC44DFFD1.e.7037"}]}
RESULT: {"script":"<script> [8489 bytes]","args":[{"element-6066-11e4-a52e-4f735466cecf":"f.CB997DD3A6212A0539B4B9AD4CB02789.d.4C35328C2C998E08BC33188BC44DFFD1.e.7037","ELEMENT":"f.CB997DD3A6212A0539B4B9AD4CB02789.d.4C35328C2C998E08BC33188BC44DFFD1.e.7037"}]}
COMMAND: GET /session/02ea79fddde22fa81bffc0522714798c/element/f.CB997DD3A6212A0539B4B9AD4CB02789.d.4C35328C2C998E08BC33188BC44DFFD1.e.7037/enabled - {}
COMMAND: GET /session/02ea79fddde22fa81bffc0522714798c/screenshot - {}
RESULT: {}
COMMAND: POST /session/02ea79fddde22fa81bffc0522714798c/execute/sync - {"script":"<script> [8489 bytes]","args":[{"element-6066-11e4-a52e-4f735466cecf":"f.CB997DD3A6212A0539B4B9AD4CB02789.d.4C35328C2C998E08BC33188BC44DFFD1.e.7037","ELEMENT":"f.CB997DD3A6212A0539B4B9AD4CB02789.d.4C35328C2C998E08BC33188BC44DFFD1.e.7037"}]}
COMMAND: GET /session/02ea79fddde22fa81bffc0522714798c/screenshot - {}
RESULT: {}
RESULT: {"script":"<script> [8489 bytes]","args":[{"element-6066-11e4-a52e-4f735466cecf":"f.CB997DD3A6212A0539B4B9AD4CB02789.d.4C35328C2C998E08BC33188BC44DFFD1.e.7037","ELEMENT":"f.CB997DD3A6212A0539B4B9AD4CB02789.d.4C35328C2C998E08BC33188BC44DFFD1.e.7037"}]}
COMMAND: POST /session/02ea79fddde22fa81bffc0522714798c/execute/sync - {"script":"<script> [5351 bytes]","args":[{"element-6066-11e4-a52e-4f735466cecf":"f.CB997DD3A6212A0539B4B9AD4CB02789.d.4C35328C2C998E08BC33188BC44DFFD1.e.7037","ELEMENT":"f.CB997DD3A6212A0539B4B9AD4CB02789.d.4C35328C2C998E08BC33188BC44DFFD1.e.7037"}]}
COMMAND: GET /session/02ea79fddde22fa81bffc0522714798c/screenshot - {}
RESULT: {}
RESULT: {"script":"<script> [5351 bytes]","args":[{"element-6066-11e4-a52e-4f735466cecf":"f.CB997DD3A6212A0539B4B9AD4CB02789.d.4C35328C2C998E08BC33188BC44DFFD1.e.7037","ELEMENT":"f.CB997DD3A6212A0539B4B9AD4CB02789.d.4C35328C2C998E08BC33188BC44DFFD1.e.7037"}]}
COMMAND: POST /session/02ea79fddde22fa81bffc0522714798c/element/f.CB997DD3A6212A0539B4B9AD4CB02789.d.4C35328C2C998E08BC33188BC44DFFD1.e.7037/click - {}
COMMAND: GET /session/02ea79fddde22fa81bffc0522714798c/screenshot - {}
RESULT: {}
RESULT: {}
COMMAND: GET /session/02ea79fddde22fa81bffc0522714798c/screenshot - {}
COMMAND: POST /session/02ea79fddde22fa81bffc0522714798c/execute/async - {"script":"<script> [1562 bytes]","args":[{"selector":{"id":"application-managepartners-display-component---NewPartner--addressDetailDetailsName1","interaction":{"idSuffix":"inner"}},"wdio_ui5_key":"applicationmanagepartners-display-component---NewPartner--addressDetailDetailsName1"}]}
RESULT: {}
RESULT: {}
RESULT: {"script":"<script> [1562 bytes]","args":[{"selector":{"id":"application-managepartners-display-component---NewPartner--addressDetailDetailsName1","interaction":{"idSuffix":"inner"}},"wdio_ui5_key":"applicationmanagepartners-display-component---NewPartner--addressDetailDetailsName1"}]}
RESULT: undefined
COMMAND: POST /session/02ea79fddde22fa81bffc0522714798c/execute/async - {"script":"<script> [776 bytes]","args":[{"enterText":"Intercompany Partner WDIO","selector":{"id":"application-managepartners-display-component---NewPartner--addressDetailDetailsName1","interaction":{"idSuffix":"inner"}},"clearTextFirst":true,"interactionType":"ENTER_TEXT"}]}
RESULT: {"script":"<script> [776 bytes]","args":[{"enterText":"Intercompany Partner WDIO","selector":{"id":"application-managepartners-display-component---NewPartner--addressDetailDetailsName1","interaction":{"idSuffix":"inner"}},"clearTextFirst":true,"interactionType":"ENTER_TEXT"}]}
COMMAND: POST /session/02ea79fddde22fa81bffc0522714798c/execute/async - {"script":"<script> [1562 bytes]","args":[{"selector":{"id":"application-managepartners-display-component---NewPartner--addressDetailDetailsLanguage-arrow"},"wdio_ui5_key":"applicationmanagepartners-display-component---NewPartner--addressDetailDetailsLanguage-arrow"}]}
RESULT: {"script":"<script> [1562 bytes]","args":[{"selector":{"id":"application-managepartners-display-component---NewPartner--addressDetailDetailsLanguage-arrow"},"wdio_ui5_key":"applicationmanagepartners-display-component---NewPartner--addressDetailDetailsLanguage-arrow"}]}
RESULT: undefined
COMMAND: POST /session/02ea79fddde22fa81bffc0522714798c/element - {"using":"xpath","value":"//*[@id=\"application-managepartners-display-component---NewPartner--addressDetailDetailsLanguage-arrow\"]"}
RESULT: {"using":"xpath","value":"//*[@id=\"application-managepartners-display-component---NewPartner--addressDetailDetailsLanguage-arrow\"]"}
COMMAND: POST /session/02ea79fddde22fa81bffc0522714798c/element/f.CB997DD3A6212A0539B4B9AD4CB02789.d.4C35328C2C998E08BC33188BC44DFFD1.e.7494/click - {}
RESULT: {}
COMMAND: POST /session/02ea79fddde22fa81bffc0522714798c/element - {"using":"xpath","value":"//span[contains(text(), \"English\")]"}
COMMAND: GET /session/02ea79fddde22fa81bffc0522714798c/screenshot - {}
RESULT: {"using":"xpath","value":"//span[contains(text(), \"English\")]"}
COMMAND: POST /session/02ea79fddde22fa81bffc0522714798c/element/f.CB997DD3A6212A0539B4B9AD4CB02789.d.4C35328C2C998E08BC33188BC44DFFD1.e.7495/click - {}
RESULT: {}
RESULT: {}
COMMAND: GET /session/02ea79fddde22fa81bffc0522714798c/screenshot - {}
RESULT: {}
COMMAND: POST /session/02ea79fddde22fa81bffc0522714798c/execute/async - {"script":"<script> [1562 bytes]","args":[{"selector":{"id":"application-managepartners-display-component---NewPartner--addressDetailDetailsCity1","interaction":{"idSuffix":"inner"}},"wdio_ui5_key":"applicationmanagepartners-display-component---NewPartner--addressDetailDetailsCity1"}]}
RESULT: {"script":"<script> [1562 bytes]","args":[{"selector":{"id":"application-managepartners-display-component---NewPartner--addressDetailDetailsCity1","interaction":{"idSuffix":"inner"}},"wdio_ui5_key":"applicationmanagepartners-display-component---NewPartner--addressDetailDetailsCity1"}]}
RESULT: undefined
COMMAND: POST /session/02ea79fddde22fa81bffc0522714798c/execute/async - {"script":"<script> [776 bytes]","args":[{"enterText":"Rosario","selector":{"id":"application-managepartners-display-component---NewPartner--addressDetailDetailsCity1","interaction":{"idSuffix":"inner"}},"clearTextFirst":true,"interactionType":"ENTER_TEXT"}]}
RESULT: {"script":"<script> [776 bytes]","args":[{"enterText":"Rosario","selector":{"id":"application-managepartners-display-component---NewPartner--addressDetailDetailsCity1","interaction":{"idSuffix":"inner"}},"clearTextFirst":true,"interactionType":"ENTER_TEXT"}]}
COMMAND: POST /session/02ea79fddde22fa81bffc0522714798c/execute/async - {"script":"<script> [1562 bytes]","args":[{"selector":{"id":"application-managepartners-display-component---NewPartner--addressDetailDetailsCountry-arrow"},"wdio_ui5_key":"applicationmanagepartners-display-component---NewPartner--addressDetailDetailsCountry-arrow"}]}
RESULT: {"script":"<script> [1562 bytes]","args":[{"selector":{"id":"application-managepartners-display-component---NewPartner--addressDetailDetailsCountry-arrow"},"wdio_ui5_key":"applicationmanagepartners-display-component---NewPartner--addressDetailDetailsCountry-arrow"}]}
RESULT: undefined
COMMAND: POST /session/02ea79fddde22fa81bffc0522714798c/element - {"using":"xpath","value":"//*[@id=\"application-managepartners-display-component---NewPartner--addressDetailDetailsCountry-arrow\"]"}
RESULT: {"using":"xpath","value":"//*[@id=\"application-managepartners-display-component---NewPartner--addressDetailDetailsCountry-arrow\"]"}
COMMAND: POST /session/02ea79fddde22fa81bffc0522714798c/element/f.CB997DD3A6212A0539B4B9AD4CB02789.d.4C35328C2C998E08BC33188BC44DFFD1.e.7481/click - {}
RESULT: {}
COMMAND: POST /session/02ea79fddde22fa81bffc0522714798c/element - {"using":"xpath","value":"//span[contains(text(), \"Argentina\")]"}
COMMAND: GET /session/02ea79fddde22fa81bffc0522714798c/screenshot - {}
RESULT: {"using":"xpath","value":"//span[contains(text(), \"Argentina\")]"}
COMMAND: POST /session/02ea79fddde22fa81bffc0522714798c/element/f.CB997DD3A6212A0539B4B9AD4CB02789.d.4C35328C2C998E08BC33188BC44DFFD1.e.7497/click - {}
RESULT: {}
RESULT: {}
COMMAND: GET /session/02ea79fddde22fa81bffc0522714798c/screenshot - {}
RESULT: {}
COMMAND: POST /session/02ea79fddde22fa81bffc0522714798c/element - {"using":"xpath","value":"//bdi[contains(text(), \"Commercial\")]"}
RESULT: {"using":"xpath","value":"//bdi[contains(text(), \"Commercial\")]"}
COMMAND: POST /session/02ea79fddde22fa81bffc0522714798c/element/f.CB997DD3A6212A0539B4B9AD4CB02789.d.4C35328C2C998E08BC33188BC44DFFD1.e.7498/click - {}
RESULT: {}
COMMAND: GET /session/02ea79fddde22fa81bffc0522714798c/screenshot - {}
RESULT: {}
COMMAND: POST /session/02ea79fddde22fa81bffc0522714798c/execute/async - {"script":"<script> [1562 bytes]","args":[{"selector":{"id":"application-managepartners-display-component---NewPartner--partnerDetailInternal-arrow"},"wdio_ui5_key":"applicationmanagepartners-display-component---NewPartner--partnerDetailInternal-arrow"}]}
RESULT: {"script":"<script> [1562 bytes]","args":[{"selector":{"id":"application-managepartners-display-component---NewPartner--partnerDetailInternal-arrow"},"wdio_ui5_key":"applicationmanagepartners-display-component---NewPartner--partnerDetailInternal-arrow"}]}
RESULT: undefined
COMMAND: POST /session/02ea79fddde22fa81bffc0522714798c/element - {"using":"xpath","value":"//*[@id=\"application-managepartners-display-component---NewPartner--partnerDetailInternal-arrow\"]"}
RESULT: {"using":"xpath","value":"//*[@id=\"application-managepartners-display-component---NewPartner--partnerDetailInternal-arrow\"]"}
COMMAND: POST /session/02ea79fddde22fa81bffc0522714798c/element/f.CB997DD3A6212A0539B4B9AD4CB02789.d.4C35328C2C998E08BC33188BC44DFFD1.e.7504/click - {}
RESULT: {}
COMMAND: POST /session/02ea79fddde22fa81bffc0522714798c/element - {"using":"xpath","value":"//span[contains(text(), \"Affiliated company\")]"}
COMMAND: GET /session/02ea79fddde22fa81bffc0522714798c/screenshot - {}
RESULT: {"using":"xpath","value":"//span[contains(text(), \"Affiliated company\")]"}
COMMAND: POST /session/02ea79fddde22fa81bffc0522714798c/element/f.CB997DD3A6212A0539B4B9AD4CB02789.d.4C35328C2C998E08BC33188BC44DFFD1.e.7505/click - {}
RESULT: {}
RESULT: {}
COMMAND: POST /session/02ea79fddde22fa81bffc0522714798c/execute/async - {"script":"<script> [1562 bytes]","args":[{"selector":{"id":"application-managepartners-display-component---NewPartner--partnerDetailsCurrency-arrow"},"wdio_ui5_key":"applicationmanagepartners-display-component---NewPartner--partnerDetailsCurrency-arrow"}]}
COMMAND: GET /session/02ea79fddde22fa81bffc0522714798c/screenshot - {}
RESULT: {"script":"<script> [1562 bytes]","args":[{"selector":{"id":"application-managepartners-display-component---NewPartner--partnerDetailsCurrency-arrow"},"wdio_ui5_key":"applicationmanagepartners-display-component---NewPartner--partnerDetailsCurrency-arrow"}]}
RESULT: undefined
COMMAND: POST /session/02ea79fddde22fa81bffc0522714798c/element - {"using":"xpath","value":"//*[@id=\"application-managepartners-display-component---NewPartner--partnerDetailsCurrency-arrow\"]"}
RESULT: {}
RESULT: {"using":"xpath","value":"//*[@id=\"application-managepartners-display-component---NewPartner--partnerDetailsCurrency-arrow\"]"}
COMMAND: POST /session/02ea79fddde22fa81bffc0522714798c/element/f.CB997DD3A6212A0539B4B9AD4CB02789.d.4C35328C2C998E08BC33188BC44DFFD1.e.7512/click - {}
RESULT: {}
COMMAND: POST /session/02ea79fddde22fa81bffc0522714798c/element - {"using":"xpath","value":"//span[contains(text(), \"Euro\")]"}
COMMAND: GET /session/02ea79fddde22fa81bffc0522714798c/screenshot - {}
RESULT: {"using":"xpath","value":"//span[contains(text(), \"Euro\")]"}
COMMAND: POST /session/02ea79fddde22fa81bffc0522714798c/element/f.CB997DD3A6212A0539B4B9AD4CB02789.d.4C35328C2C998E08BC33188BC44DFFD1.e.7513/click - {}
RESULT: {}
RESULT: {}
COMMAND: POST /session/02ea79fddde22fa81bffc0522714798c/execute/async - {"script":"<script> [1562 bytes]","args":[{"selector":{"id":"application-managepartners-display-component---NewPartner--addressEditDetailsCostObjectCstType-arrow"},"wdio_ui5_key":"applicationmanagepartners-display-component---NewPartner--addressEditDetailsCostObjectCstType-arrow"}]}
COMMAND: GET /session/02ea79fddde22fa81bffc0522714798c/screenshot - {}
RESULT: {"script":"<script> [1562 bytes]","args":[{"selector":{"id":"application-managepartners-display-component---NewPartner--addressEditDetailsCostObjectCstType-arrow"},"wdio_ui5_key":"applicationmanagepartners-display-component---NewPartner--addressEditDetailsCostObjectCstType-arrow"}]}
RESULT: undefined
COMMAND: POST /session/02ea79fddde22fa81bffc0522714798c/element - {"using":"xpath","value":"//*[@id=\"application-managepartners-display-component---NewPartner--addressEditDetailsCostObjectCstType-arrow\"]"}
RESULT: {}
RESULT: {"using":"xpath","value":"//*[@id=\"application-managepartners-display-component---NewPartner--addressEditDetailsCostObjectCstType-arrow\"]"}
COMMAND: POST /session/02ea79fddde22fa81bffc0522714798c/element/f.CB997DD3A6212A0539B4B9AD4CB02789.d.4C35328C2C998E08BC33188BC44DFFD1.e.7514/click - {}
RESULT: {}
COMMAND: POST /session/02ea79fddde22fa81bffc0522714798c/element - {"using":"xpath","value":"//span[contains(text(), \"Cost Center\")]"}
COMMAND: GET /session/02ea79fddde22fa81bffc0522714798c/screenshot - {}
RESULT: {"using":"xpath","value":"//span[contains(text(), \"Cost Center\")]"}
COMMAND: POST /session/02ea79fddde22fa81bffc0522714798c/element/f.CB997DD3A6212A0539B4B9AD4CB02789.d.4C35328C2C998E08BC33188BC44DFFD1.e.7515/click - {}
RESULT: {}
RESULT: {}
COMMAND: GET /session/02ea79fddde22fa81bffc0522714798c/screenshot - {}
RESULT: {}
COMMAND: POST /session/02ea79fddde22fa81bffc0522714798c/element - {"using":"xpath","value":"//span[@id=\"application-managepartners-display-component---NewPartner--addressNewCostObjectCstID-vhi\"]"}
RESULT: {"using":"xpath","value":"//span[@id=\"application-managepartners-display-component---NewPartner--addressNewCostObjectCstID-vhi\"]"}
COMMAND: POST /session/02ea79fddde22fa81bffc0522714798c/execute/sync - {"script":"<script> [8489 bytes]","args":[{"element-6066-11e4-a52e-4f735466cecf":"f.CB997DD3A6212A0539B4B9AD4CB02789.d.4C35328C2C998E08BC33188BC44DFFD1.e.7519","ELEMENT":"f.CB997DD3A6212A0539B4B9AD4CB02789.d.4C35328C2C998E08BC33188BC44DFFD1.e.7519"}]}
RESULT: {"script":"<script> [8489 bytes]","args":[{"element-6066-11e4-a52e-4f735466cecf":"f.CB997DD3A6212A0539B4B9AD4CB02789.d.4C35328C2C998E08BC33188BC44DFFD1.e.7519","ELEMENT":"f.CB997DD3A6212A0539B4B9AD4CB02789.d.4C35328C2C998E08BC33188BC44DFFD1.e.7519"}]}
COMMAND: POST /session/02ea79fddde22fa81bffc0522714798c/execute/async - {"script":"<script> [1562 bytes]","args":[{"selector":{"id":"application-managepartners-display-component---NewPartner--addressNewCostObjectCstID-vhi"},"wdio_ui5_key":"applicationmanagepartners-display-component---NewPartner--addressNewCostObjectCstID-vhi"}]}
COMMAND: GET /session/02ea79fddde22fa81bffc0522714798c/screenshot - {}
RESULT: {"script":"<script> [1562 bytes]","args":[{"selector":{"id":"application-managepartners-display-component---NewPartner--addressNewCostObjectCstID-vhi"},"wdio_ui5_key":"applicationmanagepartners-display-component---NewPartner--addressNewCostObjectCstID-vhi"}]}
RESULT: undefined
COMMAND: POST /session/02ea79fddde22fa81bffc0522714798c/element - {"using":"xpath","value":"//*[@id=\"application-managepartners-display-component---NewPartner--addressNewCostObjectCstID-vhi\"]"}
RESULT: {}
RESULT: {"using":"xpath","value":"//*[@id=\"application-managepartners-display-component---NewPartner--addressNewCostObjectCstID-vhi\"]"}
COMMAND: POST /session/02ea79fddde22fa81bffc0522714798c/element/f.CB997DD3A6212A0539B4B9AD4CB02789.d.4C35328C2C998E08BC33188BC44DFFD1.e.7519/click - {}
RESULT: {}
COMMAND: GET /session/02ea79fddde22fa81bffc0522714798c/screenshot - {}
RESULT: {}
RESULT: undefined
COMMAND: POST /session/02ea79fddde22fa81bffc0522714798c/execute/async - {"script":"<script> [776 bytes]","args":[{"enterText":"10001013","selector":{"controlType":"sap.m.SearchField","properties":{"placeholder":"Search"},"searchOpenDialogs":true,"interaction":{"idSuffix":"I"}},"clearTextFirst":true,"interactionType":"ENTER_TEXT"}]}
RESULT: {"script":"<script> [776 bytes]","args":[{"enterText":"10001013","selector":{"controlType":"sap.m.SearchField","properties":{"placeholder":"Search"},"searchOpenDialogs":true,"interaction":{"idSuffix":"I"}},"clearTextFirst":true,"interactionType":"ENTER_TEXT"}]}
COMMAND: POST /session/02ea79fddde22fa81bffc0522714798c/actions - {"actions":[{"id":"action21","type":"key","parameters":{},"actions":[{"type":"keyDown","value":"î€‡"},{"type":"pause","duration":10},{"type":"keyUp","value":"î€‡"}]}]}
RESULT: {"actions":[{"id":"action21","type":"key","parameters":{},"actions":[{"type":"keyDown","value":"î€‡"},{"type":"pause","duration":10},{"type":"keyUp","value":"î€‡"}]}]}
COMMAND: GET /session/02ea79fddde22fa81bffc0522714798c/screenshot - {}
RESULT: {}
COMMAND: POST /session/02ea79fddde22fa81bffc0522714798c/element - {"using":"xpath","value":"//span[contains(text(), \"General Management\")]"}
RESULT: {"using":"xpath","value":"//span[contains(text(), \"General Management\")]"}
COMMAND: POST /session/02ea79fddde22fa81bffc0522714798c/element/f.CB997DD3A6212A0539B4B9AD4CB02789.d.4C35328C2C998E08BC33188BC44DFFD1.e.7558/click - {}
RESULT: {}
COMMAND: GET /session/02ea79fddde22fa81bffc0522714798c/screenshot - {}
RESULT: {}
COMMAND: POST /session/02ea79fddde22fa81bffc0522714798c/element - {"using":"xpath","value":"//bdi[contains(text(), \"OK\")]"}
RESULT: {"using":"xpath","value":"//bdi[contains(text(), \"OK\")]"}
COMMAND: POST /session/02ea79fddde22fa81bffc0522714798c/element/f.CB997DD3A6212A0539B4B9AD4CB02789.d.4C35328C2C998E08BC33188BC44DFFD1.e.7559/click - {}
RESULT: {}
COMMAND: GET /session/02ea79fddde22fa81bffc0522714798c/screenshot - {}
RESULT: {}
COMMAND: POST /session/02ea79fddde22fa81bffc0522714798c/element - {"using":"xpath","value":"//input[@id=\"application-managepartners-display-component---NewPartner--companyCodeComboBox-inner\"]"}
RESULT: {"using":"xpath","value":"//input[@id=\"application-managepartners-display-component---NewPartner--companyCodeComboBox-inner\"]"}
COMMAND: POST /session/02ea79fddde22fa81bffc0522714798c/element/f.CB997DD3A6212A0539B4B9AD4CB02789.d.4C35328C2C998E08BC33188BC44DFFD1.e.7349/clear - {}
RESULT: {}
COMMAND: POST /session/02ea79fddde22fa81bffc0522714798c/element/f.CB997DD3A6212A0539B4B9AD4CB02789.d.4C35328C2C998E08BC33188BC44DFFD1.e.7349/value - {"text":"C002"}
COMMAND: GET /session/02ea79fddde22fa81bffc0522714798c/screenshot - {}
RESULT: {"text":"C002"}
COMMAND: GET /session/02ea79fddde22fa81bffc0522714798c/screenshot - {}
RESULT: {}
RESULT: {}
COMMAND: POST /session/02ea79fddde22fa81bffc0522714798c/element - {"using":"xpath","value":"//span[contains(text(), \"C002\")]"}
RESULT: {"using":"xpath","value":"//span[contains(text(), \"C002\")]"}
COMMAND: POST /session/02ea79fddde22fa81bffc0522714798c/element/f.CB997DD3A6212A0539B4B9AD4CB02789.d.4C35328C2C998E08BC33188BC44DFFD1.e.7565/click - {}
RESULT: {}
COMMAND: GET /session/02ea79fddde22fa81bffc0522714798c/screenshot - {}
RESULT: {}
COMMAND: POST /session/02ea79fddde22fa81bffc0522714798c/execute/async - {"script":"<script> [1562 bytes]","args":[{"selector":{"id":"application-managepartners-display-component---NewPartner--btnAddTableRow-img"},"wdio_ui5_key":"applicationmanagepartners-display-component---NewPartner--btnAddTableRow-img"}]}
RESULT: {"script":"<script> [1562 bytes]","args":[{"selector":{"id":"application-managepartners-display-component---NewPartner--btnAddTableRow-img"},"wdio_ui5_key":"applicationmanagepartners-display-component---NewPartner--btnAddTableRow-img"}]}
RESULT: undefined
COMMAND: POST /session/02ea79fddde22fa81bffc0522714798c/element - {"using":"xpath","value":"//*[@id=\"application-managepartners-display-component---NewPartner--btnAddTableRow-img\"]"}
RESULT: {"using":"xpath","value":"//*[@id=\"application-managepartners-display-component---NewPartner--btnAddTableRow-img\"]"}
COMMAND: POST /session/02ea79fddde22fa81bffc0522714798c/element/f.CB997DD3A6212A0539B4B9AD4CB02789.d.4C35328C2C998E08BC33188BC44DFFD1.e.7566/click - {}
RESULT: {}
COMMAND: GET /session/02ea79fddde22fa81bffc0522714798c/screenshot - {}
RESULT: {}
COMMAND: POST /session/02ea79fddde22fa81bffc0522714798c/element - {"using":"xpath","value":"//input[@id=\"application-managepartners-display-component---NewPartner--assignmentYard-application-managepartners-display-component---NewPartner--assignmentsTable-0-inner\"]"}
RESULT: {"using":"xpath","value":"//input[@id=\"application-managepartners-display-component---NewPartner--assignmentYard-application-managepartners-display-component---NewPartner--assignmentsTable-0-inner\"]"}
COMMAND: POST /session/02ea79fddde22fa81bffc0522714798c/element/f.CB997DD3A6212A0539B4B9AD4CB02789.d.4C35328C2C998E08BC33188BC44DFFD1.e.7569/clear - {}
RESULT: {}
COMMAND: POST /session/02ea79fddde22fa81bffc0522714798c/element/f.CB997DD3A6212A0539B4B9AD4CB02789.d.4C35328C2C998E08BC33188BC44DFFD1.e.7569/value - {"text":"347"}
COMMAND: GET /session/02ea79fddde22fa81bffc0522714798c/screenshot - {}
RESULT: {}
RESULT: {"text":"347"}
COMMAND: GET /session/02ea79fddde22fa81bffc0522714798c/screenshot - {}
RESULT: {}
COMMAND: POST /session/02ea79fddde22fa81bffc0522714798c/element - {"using":"xpath","value":"//li[.//span[text()='347']]"}
RESULT: {"using":"xpath","value":"//li[.//span[text()='347']]"}
COMMAND: POST /session/02ea79fddde22fa81bffc0522714798c/element/f.CB997DD3A6212A0539B4B9AD4CB02789.d.4C35328C2C998E08BC33188BC44DFFD1.e.7578/click - {}
RESULT: {}
COMMAND: GET /session/02ea79fddde22fa81bffc0522714798c/screenshot - {}
RESULT: {}
COMMAND: POST /session/02ea79fddde22fa81bffc0522714798c/actions - {"actions":[{"id":"action22","type":"key","parameters":{},"actions":[{"type":"keyDown","value":"î€‡"},{"type":"pause","duration":10},{"type":"keyUp","value":"î€‡"}]}]}
RESULT: {"actions":[{"id":"action22","type":"key","parameters":{},"actions":[{"type":"keyDown","value":"î€‡"},{"type":"pause","duration":10},{"type":"keyUp","value":"î€‡"}]}]}
COMMAND: POST /session/02ea79fddde22fa81bffc0522714798c/execute/async - {"script":"<script> [1562 bytes]","args":[{"selector":{"id":"application-managepartners-display-component---NewPartner--externalCustomerComboBox-application-managepartners-display-component---NewPartner--assignmentsTable-0-vhi"},"wdio_ui5_key":"applicationmanagepartners-display-component---NewPartner--externalCustomerComboBox-application-managepartners-display-component---NewPartner--assignmentsTable-0-vhi"}]}
COMMAND: GET /session/02ea79fddde22fa81bffc0522714798c/screenshot - {}
RESULT: {"script":"<script> [1562 bytes]","args":[{"selector":{"id":"application-managepartners-display-component---NewPartner--externalCustomerComboBox-application-managepartners-display-component---NewPartner--assignmentsTable-0-vhi"},"wdio_ui5_key":"applicationmanagepartners-display-component---NewPartner--externalCustomerComboBox-application-managepartners-display-component---NewPartner--assignmentsTable-0-vhi"}]}
RESULT: undefined
COMMAND: POST /session/02ea79fddde22fa81bffc0522714798c/element - {"using":"xpath","value":"//*[@id=\"application-managepartners-display-component---NewPartner--externalCustomerComboBox-application-managepartners-display-component---NewPartner--assignmentsTable-0-vhi\"]"}
RESULT: {}
RESULT: {"using":"xpath","value":"//*[@id=\"application-managepartners-display-component---NewPartner--externalCustomerComboBox-application-managepartners-display-component---NewPartner--assignmentsTable-0-vhi\"]"}
COMMAND: POST /session/02ea79fddde22fa81bffc0522714798c/element/f.CB997DD3A6212A0539B4B9AD4CB02789.d.4C35328C2C998E08BC33188BC44DFFD1.e.7582/click - {}
RESULT: {}
RESULT: undefined
COMMAND: POST /session/02ea79fddde22fa81bffc0522714798c/execute/async - {"script":"<script> [776 bytes]","args":[{"enterText":"300003","selector":{"controlType":"sap.m.SearchField","properties":{"placeholder":"Search"},"searchOpenDialogs":true,"interaction":{"idSuffix":"I"}},"clearTextFirst":true,"interactionType":"ENTER_TEXT"}]}
COMMAND: GET /session/02ea79fddde22fa81bffc0522714798c/screenshot - {}
RESULT: {"script":"<script> [776 bytes]","args":[{"enterText":"300003","selector":{"controlType":"sap.m.SearchField","properties":{"placeholder":"Search"},"searchOpenDialogs":true,"interaction":{"idSuffix":"I"}},"clearTextFirst":true,"interactionType":"ENTER_TEXT"}]}
COMMAND: POST /session/02ea79fddde22fa81bffc0522714798c/actions - {"actions":[{"id":"action23","type":"key","parameters":{},"actions":[{"type":"keyDown","value":"î€‡"},{"type":"pause","duration":10},{"type":"keyUp","value":"î€‡"}]}]}
RESULT: {}
RESULT: {"actions":[{"id":"action23","type":"key","parameters":{},"actions":[{"type":"keyDown","value":"î€‡"},{"type":"pause","duration":10},{"type":"keyUp","value":"î€‡"}]}]}
COMMAND: GET /session/02ea79fddde22fa81bffc0522714798c/screenshot - {}
RESULT: {}
COMMAND: POST /session/02ea79fddde22fa81bffc0522714798c/element - {"using":"xpath","value":"//span[contains(text(), \"300003\")]"}
RESULT: {"using":"xpath","value":"//span[contains(text(), \"300003\")]"}
COMMAND: POST /session/02ea79fddde22fa81bffc0522714798c/element/f.CB997DD3A6212A0539B4B9AD4CB02789.d.4C35328C2C998E08BC33188BC44DFFD1.e.7600/click - {}
RESULT: {}
COMMAND: GET /session/02ea79fddde22fa81bffc0522714798c/screenshot - {}
RESULT: {}
COMMAND: POST /session/02ea79fddde22fa81bffc0522714798c/element - {"using":"xpath","value":"//bdi[contains(text(), \"OK\")]"}
RESULT: {"using":"xpath","value":"//bdi[contains(text(), \"OK\")]"}
COMMAND: POST /session/02ea79fddde22fa81bffc0522714798c/element/f.CB997DD3A6212A0539B4B9AD4CB02789.d.4C35328C2C998E08BC33188BC44DFFD1.e.7602/click - {}
RESULT: {}
COMMAND: GET /session/02ea79fddde22fa81bffc0522714798c/screenshot - {}
RESULT: {}
COMMAND: POST /session/02ea79fddde22fa81bffc0522714798c/execute/async - {"script":"<script> [1562 bytes]","args":[{"selector":{"id":"application-managepartners-display-component---NewPartner--intercompVendorComboBox-application-managepartners-display-component---NewPartner--assignmentsTable-0-vhi"},"wdio_ui5_key":"applicationmanagepartners-display-component---NewPartner--intercompVendorComboBox-application-managepartners-display-component---NewPartner--assignmentsTable-0-vhi"}]}
RESULT: {"script":"<script> [1562 bytes]","args":[{"selector":{"id":"application-managepartners-display-component---NewPartner--intercompVendorComboBox-application-managepartners-display-component---NewPartner--assignmentsTable-0-vhi"},"wdio_ui5_key":"applicationmanagepartners-display-component---NewPartner--intercompVendorComboBox-application-managepartners-display-component---NewPartner--assignmentsTable-0-vhi"}]}
RESULT: undefined
COMMAND: POST /session/02ea79fddde22fa81bffc0522714798c/element - {"using":"xpath","value":"//*[@id=\"application-managepartners-display-component---NewPartner--intercompVendorComboBox-application-managepartners-display-component---NewPartner--assignmentsTable-0-vhi\"]"}
RESULT: {"using":"xpath","value":"//*[@id=\"application-managepartners-display-component---NewPartner--intercompVendorComboBox-application-managepartners-display-component---NewPartner--assignmentsTable-0-vhi\"]"}
COMMAND: POST /session/02ea79fddde22fa81bffc0522714798c/element/f.CB997DD3A6212A0539B4B9AD4CB02789.d.4C35328C2C998E08BC33188BC44DFFD1.e.7605/click - {}
RESULT: {}
RESULT: undefined
COMMAND: POST /session/02ea79fddde22fa81bffc0522714798c/execute/async - {"script":"<script> [776 bytes]","args":[{"enterText":"100005","selector":{"controlType":"sap.m.SearchField","properties":{"placeholder":"Search"},"searchOpenDialogs":true,"interaction":{"idSuffix":"I"}},"clearTextFirst":true,"interactionType":"ENTER_TEXT"}]}
COMMAND: GET /session/02ea79fddde22fa81bffc0522714798c/screenshot - {}
RESULT: {"script":"<script> [776 bytes]","args":[{"enterText":"100005","selector":{"controlType":"sap.m.SearchField","properties":{"placeholder":"Search"},"searchOpenDialogs":true,"interaction":{"idSuffix":"I"}},"clearTextFirst":true,"interactionType":"ENTER_TEXT"}]}
COMMAND: POST /session/02ea79fddde22fa81bffc0522714798c/actions - {"actions":[{"id":"action24","type":"key","parameters":{},"actions":[{"type":"keyDown","value":"î€‡"},{"type":"pause","duration":10},{"type":"keyUp","value":"î€‡"}]}]}
RESULT: {}
RESULT: {"actions":[{"id":"action24","type":"key","parameters":{},"actions":[{"type":"keyDown","value":"î€‡"},{"type":"pause","duration":10},{"type":"keyUp","value":"î€‡"}]}]}
COMMAND: GET /session/02ea79fddde22fa81bffc0522714798c/screenshot - {}
RESULT: {}
COMMAND: POST /session/02ea79fddde22fa81bffc0522714798c/element - {"using":"xpath","value":"//span[contains(text(), \"Penguins - Field/12345 Berlin\")]"}
RESULT: {"using":"xpath","value":"//span[contains(text(), \"Penguins - Field/12345 Berlin\")]"}
COMMAND: POST /session/02ea79fddde22fa81bffc0522714798c/element/f.CB997DD3A6212A0539B4B9AD4CB02789.d.4C35328C2C998E08BC33188BC44DFFD1.e.7623/click - {}
RESULT: {}
COMMAND: GET /session/02ea79fddde22fa81bffc0522714798c/screenshot - {}
RESULT: {}
COMMAND: POST /session/02ea79fddde22fa81bffc0522714798c/element - {"using":"xpath","value":"//bdi[contains(text(), \"OK\")]"}
RESULT: {"using":"xpath","value":"//bdi[contains(text(), \"OK\")]"}
COMMAND: POST /session/02ea79fddde22fa81bffc0522714798c/element/f.CB997DD3A6212A0539B4B9AD4CB02789.d.4C35328C2C998E08BC33188BC44DFFD1.e.7624/click - {}
RESULT: {}
COMMAND: GET /session/02ea79fddde22fa81bffc0522714798c/screenshot - {}
RESULT: {}
COMMAND: POST /session/02ea79fddde22fa81bffc0522714798c/element - {"using":"xpath","value":"//button[@data-kt=\"saveButton\"]"}
RESULT: {"using":"xpath","value":"//button[@data-kt=\"saveButton\"]"}
COMMAND: POST /session/02ea79fddde22fa81bffc0522714798c/element/f.CB997DD3A6212A0539B4B9AD4CB02789.d.4C35328C2C998E08BC33188BC44DFFD1.e.7431/click - {}
RESULT: {}
COMMAND: GET /session/02ea79fddde22fa81bffc0522714798c/screenshot - {}
RESULT: {}
COMMAND: POST /session/02ea79fddde22fa81bffc0522714798c/element - {"using":"xpath","value":"//header[contains(@id, 'ObjectPageLayout-headerTitle')]/div[1]/div[2]/div[2]/span[1]"}
RESULT: {"using":"xpath","value":"//header[contains(@id, 'ObjectPageLayout-headerTitle')]/div[1]/div[2]/div[2]/span[1]"}
COMMAND: POST /session/02ea79fddde22fa81bffc0522714798c/elements - {"using":"xpath","value":"//header[contains(@id, 'ObjectPageLayout-headerTitle')]/div[1]/div[2]/div[2]/span[1]"}
RESULT: {"using":"xpath","value":"//header[contains(@id, 'ObjectPageLayout-headerTitle')]/div[1]/div[2]/div[2]/span[1]"}
COMMAND: POST /session/02ea79fddde22fa81bffc0522714798c/execute/sync - {"script":"<script> [56 bytes]","args":[{"element-6066-11e4-a52e-4f735466cecf":"f.CB997DD3A6212A0539B4B9AD4CB02789.d.4C35328C2C998E08BC33188BC44DFFD1.e.7788","ELEMENT":"f.CB997DD3A6212A0539B4B9AD4CB02789.d.4C35328C2C998E08BC33188BC44DFFD1.e.7788"}]}
RESULT: {"script":"<script> [56 bytes]","args":[{"element-6066-11e4-a52e-4f735466cecf":"f.CB997DD3A6212A0539B4B9AD4CB02789.d.4C35328C2C998E08BC33188BC44DFFD1.e.7788","ELEMENT":"f.CB997DD3A6212A0539B4B9AD4CB02789.d.4C35328C2C998E08BC33188BC44DFFD1.e.7788"}]}
COMMAND: POST /session/02ea79fddde22fa81bffc0522714798c/element - {"using":"css selector","value":"#shell-header-logo"}
COMMAND: GET /session/02ea79fddde22fa81bffc0522714798c/screenshot - {}
RESULT: {"using":"css selector","value":"#shell-header-logo"}
COMMAND: POST /session/02ea79fddde22fa81bffc0522714798c/element/f.CB997DD3A6212A0539B4B9AD4CB02789.d.4C35328C2C998E08BC33188BC44DFFD1.e.7004/click - {}
RESULT: {}
RESULT: {}
COMMAND: GET /session/02ea79fddde22fa81bffc0522714798c/screenshot - {}
RESULT: {}
COMMAND: POST /session/02ea79fddde22fa81bffc0522714798c/execute/sync - {"script":"<script> [299 bytes]","args":[["getModel","getResource"]]}
RESULT: {"script":"<script> [299 bytes]","args":[["getModel","getResource"]]}
COMMAND: GET /session/02ea79fddde22fa81bffc0522714798c/screenshot - {}
]]></system-out>
    </testcase>
    <testcase classname="chrome.135_0_7049_96.windows.Create_master_data_for_mixed_billing_&amp;_do_billing_calculation_US151661" name="Should create a new site" time="77.487">
      <system-out><![CDATA[
COMMAND: POST /session/02ea79fddde22fa81bffc0522714798c/execute/async - {"script":"<script> [1562 bytes]","args":[{"selector":{"controlType":"sap.m.TileContent","bindingPath":{"path":"","propertyPath":"/properties/info"},"ancestor":{"controlType":"sap.m.GenericTile","properties":{"header":"Manage Sites"}}},"wdio_ui5_key":"sapm.TileContent{\"path\":\"\",\"propertyPath\":\"/properties/info\"}{\"controlType\":\"sap.m.GenericTile\",\"properties\":{\"header\":\"Manage Sites\"}}"}]}
RESULT: {}
RESULT: {"script":"<script> [1562 bytes]","args":[{"selector":{"controlType":"sap.m.TileContent","bindingPath":{"path":"","propertyPath":"/properties/info"},"ancestor":{"controlType":"sap.m.GenericTile","properties":{"header":"Manage Sites"}}},"wdio_ui5_key":"sapm.TileContent{\"path\":\"\",\"propertyPath\":\"/properties/info\"}{\"controlType\":\"sap.m.GenericTile\",\"properties\":{\"header\":\"Manage Sites\"}}"}]}
RESULT: undefined
COMMAND: POST /session/02ea79fddde22fa81bffc0522714798c/element - {"using":"xpath","value":"//*[@id=\"__xmlview7--numericTileContent\"]"}
RESULT: {"using":"xpath","value":"//*[@id=\"__xmlview7--numericTileContent\"]"}
COMMAND: POST /session/02ea79fddde22fa81bffc0522714798c/element/f.CB997DD3A6212A0539B4B9AD4CB02789.d.4C35328C2C998E08BC33188BC44DFFD1.e.7790/click - {}
RESULT: {}
COMMAND: POST /session/02ea79fddde22fa81bffc0522714798c/element - {"using":"xpath","value":"//button[@data-kt=\"addOverflowToolbarButton\"]"}
COMMAND: GET /session/02ea79fddde22fa81bffc0522714798c/screenshot - {}
RESULT: {"using":"xpath","value":"//button[@data-kt=\"addOverflowToolbarButton\"]"}
COMMAND: POST /session/02ea79fddde22fa81bffc0522714798c/elements - {"using":"xpath","value":"//button[@data-kt=\"addOverflowToolbarButton\"]"}
RESULT: {}
RESULT: {"using":"xpath","value":"//button[@data-kt=\"addOverflowToolbarButton\"]"}
COMMAND: POST /session/02ea79fddde22fa81bffc0522714798c/elements - {"using":"xpath","value":"//button[@data-kt=\"addOverflowToolbarButton\"]"}
RESULT: {"using":"xpath","value":"//button[@data-kt=\"addOverflowToolbarButton\"]"}
COMMAND: POST /session/02ea79fddde22fa81bffc0522714798c/element - {"using":"xpath","value":"//button[@data-kt=\"addOverflowToolbarButton\"]"}
RESULT: {"using":"xpath","value":"//button[@data-kt=\"addOverflowToolbarButton\"]"}
COMMAND: POST /session/02ea79fddde22fa81bffc0522714798c/execute/sync - {"script":"<script> [8489 bytes]","args":[{"element-6066-11e4-a52e-4f735466cecf":"f.CB997DD3A6212A0539B4B9AD4CB02789.d.4C35328C2C998E08BC33188BC44DFFD1.e.7835","ELEMENT":"f.CB997DD3A6212A0539B4B9AD4CB02789.d.4C35328C2C998E08BC33188BC44DFFD1.e.7835"}]}
RESULT: {"script":"<script> [8489 bytes]","args":[{"element-6066-11e4-a52e-4f735466cecf":"f.CB997DD3A6212A0539B4B9AD4CB02789.d.4C35328C2C998E08BC33188BC44DFFD1.e.7835","ELEMENT":"f.CB997DD3A6212A0539B4B9AD4CB02789.d.4C35328C2C998E08BC33188BC44DFFD1.e.7835"}]}
COMMAND: GET /session/02ea79fddde22fa81bffc0522714798c/element/f.CB997DD3A6212A0539B4B9AD4CB02789.d.4C35328C2C998E08BC33188BC44DFFD1.e.7835/enabled - {}
COMMAND: GET /session/02ea79fddde22fa81bffc0522714798c/screenshot - {}
RESULT: {}
COMMAND: POST /session/02ea79fddde22fa81bffc0522714798c/execute/sync - {"script":"<script> [8489 bytes]","args":[{"element-6066-11e4-a52e-4f735466cecf":"f.CB997DD3A6212A0539B4B9AD4CB02789.d.4C35328C2C998E08BC33188BC44DFFD1.e.7835","ELEMENT":"f.CB997DD3A6212A0539B4B9AD4CB02789.d.4C35328C2C998E08BC33188BC44DFFD1.e.7835"}]}
COMMAND: GET /session/02ea79fddde22fa81bffc0522714798c/screenshot - {}
RESULT: {}
RESULT: {"script":"<script> [8489 bytes]","args":[{"element-6066-11e4-a52e-4f735466cecf":"f.CB997DD3A6212A0539B4B9AD4CB02789.d.4C35328C2C998E08BC33188BC44DFFD1.e.7835","ELEMENT":"f.CB997DD3A6212A0539B4B9AD4CB02789.d.4C35328C2C998E08BC33188BC44DFFD1.e.7835"}]}
COMMAND: POST /session/02ea79fddde22fa81bffc0522714798c/execute/sync - {"script":"<script> [5351 bytes]","args":[{"element-6066-11e4-a52e-4f735466cecf":"f.CB997DD3A6212A0539B4B9AD4CB02789.d.4C35328C2C998E08BC33188BC44DFFD1.e.7835","ELEMENT":"f.CB997DD3A6212A0539B4B9AD4CB02789.d.4C35328C2C998E08BC33188BC44DFFD1.e.7835"}]}
COMMAND: GET /session/02ea79fddde22fa81bffc0522714798c/screenshot - {}
RESULT: {}
RESULT: {"script":"<script> [5351 bytes]","args":[{"element-6066-11e4-a52e-4f735466cecf":"f.CB997DD3A6212A0539B4B9AD4CB02789.d.4C35328C2C998E08BC33188BC44DFFD1.e.7835","ELEMENT":"f.CB997DD3A6212A0539B4B9AD4CB02789.d.4C35328C2C998E08BC33188BC44DFFD1.e.7835"}]}
COMMAND: POST /session/02ea79fddde22fa81bffc0522714798c/element/f.CB997DD3A6212A0539B4B9AD4CB02789.d.4C35328C2C998E08BC33188BC44DFFD1.e.7835/click - {}
COMMAND: GET /session/02ea79fddde22fa81bffc0522714798c/screenshot - {}
RESULT: {}
RESULT: {}
COMMAND: GET /session/02ea79fddde22fa81bffc0522714798c/screenshot - {}
RESULT: {}
RESULT: {}
COMMAND: POST /session/02ea79fddde22fa81bffc0522714798c/execute/async - {"script":"<script> [1562 bytes]","args":[{"selector":{"id":"application-managesites-display-component---NewSite--addressDetailDetailsName1","interaction":{"idSuffix":"inner"}},"wdio_ui5_key":"applicationmanagesites-display-component---NewSite--addressDetailDetailsName1"}]}
RESULT: {"script":"<script> [1562 bytes]","args":[{"selector":{"id":"application-managesites-display-component---NewSite--addressDetailDetailsName1","interaction":{"idSuffix":"inner"}},"wdio_ui5_key":"applicationmanagesites-display-component---NewSite--addressDetailDetailsName1"}]}
RESULT: undefined
COMMAND: POST /session/02ea79fddde22fa81bffc0522714798c/execute/async - {"script":"<script> [776 bytes]","args":[{"enterText":"Intercompany Site wdIO","selector":{"id":"application-managesites-display-component---NewSite--addressDetailDetailsName1","interaction":{"idSuffix":"inner"}},"clearTextFirst":true,"interactionType":"ENTER_TEXT"}]}
RESULT: {"script":"<script> [776 bytes]","args":[{"enterText":"Intercompany Site wdIO","selector":{"id":"application-managesites-display-component---NewSite--addressDetailDetailsName1","interaction":{"idSuffix":"inner"}},"clearTextFirst":true,"interactionType":"ENTER_TEXT"}]}
COMMAND: POST /session/02ea79fddde22fa81bffc0522714798c/execute/async - {"script":"<script> [1562 bytes]","args":[{"selector":{"id":"application-managesites-display-component---NewSite--addressDetailDetailsLanguage-arrow"},"wdio_ui5_key":"applicationmanagesites-display-component---NewSite--addressDetailDetailsLanguage-arrow"}]}
RESULT: {"script":"<script> [1562 bytes]","args":[{"selector":{"id":"application-managesites-display-component---NewSite--addressDetailDetailsLanguage-arrow"},"wdio_ui5_key":"applicationmanagesites-display-component---NewSite--addressDetailDetailsLanguage-arrow"}]}
RESULT: undefined
COMMAND: POST /session/02ea79fddde22fa81bffc0522714798c/element - {"using":"xpath","value":"//*[@id=\"application-managesites-display-component---NewSite--addressDetailDetailsLanguage-arrow\"]"}
RESULT: {"using":"xpath","value":"//*[@id=\"application-managesites-display-component---NewSite--addressDetailDetailsLanguage-arrow\"]"}
COMMAND: POST /session/02ea79fddde22fa81bffc0522714798c/element/f.CB997DD3A6212A0539B4B9AD4CB02789.d.4C35328C2C998E08BC33188BC44DFFD1.e.8453/click - {}
RESULT: {}
COMMAND: POST /session/02ea79fddde22fa81bffc0522714798c/element - {"using":"xpath","value":"//span[contains(text(), \"English\")]"}
COMMAND: GET /session/02ea79fddde22fa81bffc0522714798c/screenshot - {}
RESULT: {"using":"xpath","value":"//span[contains(text(), \"English\")]"}
COMMAND: POST /session/02ea79fddde22fa81bffc0522714798c/element/f.CB997DD3A6212A0539B4B9AD4CB02789.d.4C35328C2C998E08BC33188BC44DFFD1.e.8454/click - {}
RESULT: {}
RESULT: {}
COMMAND: POST /session/02ea79fddde22fa81bffc0522714798c/execute/async - {"script":"<script> [1562 bytes]","args":[{"selector":{"id":"application-managesites-display-component---NewSite--addressDetailDetailsCity1","interaction":{"idSuffix":"inner"}},"wdio_ui5_key":"applicationmanagesites-display-component---NewSite--addressDetailDetailsCity1"}]}
COMMAND: GET /session/02ea79fddde22fa81bffc0522714798c/screenshot - {}
RESULT: {"script":"<script> [1562 bytes]","args":[{"selector":{"id":"application-managesites-display-component---NewSite--addressDetailDetailsCity1","interaction":{"idSuffix":"inner"}},"wdio_ui5_key":"applicationmanagesites-display-component---NewSite--addressDetailDetailsCity1"}]}
RESULT: undefined
COMMAND: POST /session/02ea79fddde22fa81bffc0522714798c/execute/async - {"script":"<script> [776 bytes]","args":[{"enterText":"Rosario","selector":{"id":"application-managesites-display-component---NewSite--addressDetailDetailsCity1","interaction":{"idSuffix":"inner"}},"clearTextFirst":true,"interactionType":"ENTER_TEXT"}]}
RESULT: {}
RESULT: {"script":"<script> [776 bytes]","args":[{"enterText":"Rosario","selector":{"id":"application-managesites-display-component---NewSite--addressDetailDetailsCity1","interaction":{"idSuffix":"inner"}},"clearTextFirst":true,"interactionType":"ENTER_TEXT"}]}
COMMAND: POST /session/02ea79fddde22fa81bffc0522714798c/execute/async - {"script":"<script> [1562 bytes]","args":[{"selector":{"id":"application-managesites-display-component---NewSite--addressDetailDetailsCountry-arrow"},"wdio_ui5_key":"applicationmanagesites-display-component---NewSite--addressDetailDetailsCountry-arrow"}]}
RESULT: {"script":"<script> [1562 bytes]","args":[{"selector":{"id":"application-managesites-display-component---NewSite--addressDetailDetailsCountry-arrow"},"wdio_ui5_key":"applicationmanagesites-display-component---NewSite--addressDetailDetailsCountry-arrow"}]}
RESULT: undefined
COMMAND: POST /session/02ea79fddde22fa81bffc0522714798c/element - {"using":"xpath","value":"//*[@id=\"application-managesites-display-component---NewSite--addressDetailDetailsCountry-arrow\"]"}
RESULT: {"using":"xpath","value":"//*[@id=\"application-managesites-display-component---NewSite--addressDetailDetailsCountry-arrow\"]"}
COMMAND: POST /session/02ea79fddde22fa81bffc0522714798c/element/f.CB997DD3A6212A0539B4B9AD4CB02789.d.4C35328C2C998E08BC33188BC44DFFD1.e.8456/click - {}
RESULT: {}
COMMAND: POST /session/02ea79fddde22fa81bffc0522714798c/element - {"using":"xpath","value":"//span[contains(text(), \"Argentina\")]"}
COMMAND: GET /session/02ea79fddde22fa81bffc0522714798c/screenshot - {}
RESULT: {"using":"xpath","value":"//span[contains(text(), \"Argentina\")]"}
COMMAND: POST /session/02ea79fddde22fa81bffc0522714798c/element/f.CB997DD3A6212A0539B4B9AD4CB02789.d.4C35328C2C998E08BC33188BC44DFFD1.e.8457/click - {}
RESULT: {}
RESULT: {}
COMMAND: GET /session/02ea79fddde22fa81bffc0522714798c/screenshot - {}
RESULT: {}
COMMAND: POST /session/02ea79fddde22fa81bffc0522714798c/execute/async - {"script":"<script> [1562 bytes]","args":[{"selector":{"id":"application-managesites-display-component---NewSite--addressEditDetailsCostObjectCstType-arrow"},"wdio_ui5_key":"applicationmanagesites-display-component---NewSite--addressEditDetailsCostObjectCstType-arrow"}]}
RESULT: {"script":"<script> [1562 bytes]","args":[{"selector":{"id":"application-managesites-display-component---NewSite--addressEditDetailsCostObjectCstType-arrow"},"wdio_ui5_key":"applicationmanagesites-display-component---NewSite--addressEditDetailsCostObjectCstType-arrow"}]}
RESULT: undefined
COMMAND: POST /session/02ea79fddde22fa81bffc0522714798c/element - {"using":"xpath","value":"//*[@id=\"application-managesites-display-component---NewSite--addressEditDetailsCostObjectCstType-arrow\"]"}
RESULT: {"using":"xpath","value":"//*[@id=\"application-managesites-display-component---NewSite--addressEditDetailsCostObjectCstType-arrow\"]"}
COMMAND: POST /session/02ea79fddde22fa81bffc0522714798c/element/f.CB997DD3A6212A0539B4B9AD4CB02789.d.4C35328C2C998E08BC33188BC44DFFD1.e.8459/click - {}
RESULT: {}
COMMAND: POST /session/02ea79fddde22fa81bffc0522714798c/element - {"using":"xpath","value":"//span[contains(text(), \"Cost Center\")]"}
COMMAND: GET /session/02ea79fddde22fa81bffc0522714798c/screenshot - {}
RESULT: {"using":"xpath","value":"//span[contains(text(), \"Cost Center\")]"}
COMMAND: POST /session/02ea79fddde22fa81bffc0522714798c/element/f.CB997DD3A6212A0539B4B9AD4CB02789.d.4C35328C2C998E08BC33188BC44DFFD1.e.8460/click - {}
RESULT: {}
RESULT: {}
COMMAND: GET /session/02ea79fddde22fa81bffc0522714798c/screenshot - {}
RESULT: {}
COMMAND: POST /session/02ea79fddde22fa81bffc0522714798c/element - {"using":"xpath","value":"//span[@id=\"application-managesites-display-component---NewSite--addressNewCostObjectCstID-vhi\"]"}
RESULT: {"using":"xpath","value":"//span[@id=\"application-managesites-display-component---NewSite--addressNewCostObjectCstID-vhi\"]"}
COMMAND: POST /session/02ea79fddde22fa81bffc0522714798c/execute/sync - {"script":"<script> [8489 bytes]","args":[{"element-6066-11e4-a52e-4f735466cecf":"f.CB997DD3A6212A0539B4B9AD4CB02789.d.4C35328C2C998E08BC33188BC44DFFD1.e.8465","ELEMENT":"f.CB997DD3A6212A0539B4B9AD4CB02789.d.4C35328C2C998E08BC33188BC44DFFD1.e.8465"}]}
RESULT: {"script":"<script> [8489 bytes]","args":[{"element-6066-11e4-a52e-4f735466cecf":"f.CB997DD3A6212A0539B4B9AD4CB02789.d.4C35328C2C998E08BC33188BC44DFFD1.e.8465","ELEMENT":"f.CB997DD3A6212A0539B4B9AD4CB02789.d.4C35328C2C998E08BC33188BC44DFFD1.e.8465"}]}
COMMAND: POST /session/02ea79fddde22fa81bffc0522714798c/execute/async - {"script":"<script> [1562 bytes]","args":[{"selector":{"id":"application-managesites-display-component---NewSite--addressNewCostObjectCstID-vhi"},"wdio_ui5_key":"applicationmanagesites-display-component---NewSite--addressNewCostObjectCstID-vhi"}]}
COMMAND: GET /session/02ea79fddde22fa81bffc0522714798c/screenshot - {}
RESULT: {"script":"<script> [1562 bytes]","args":[{"selector":{"id":"application-managesites-display-component---NewSite--addressNewCostObjectCstID-vhi"},"wdio_ui5_key":"applicationmanagesites-display-component---NewSite--addressNewCostObjectCstID-vhi"}]}
RESULT: undefined
COMMAND: POST /session/02ea79fddde22fa81bffc0522714798c/element - {"using":"xpath","value":"//*[@id=\"application-managesites-display-component---NewSite--addressNewCostObjectCstID-vhi\"]"}
RESULT: {}
RESULT: {"using":"xpath","value":"//*[@id=\"application-managesites-display-component---NewSite--addressNewCostObjectCstID-vhi\"]"}
COMMAND: POST /session/02ea79fddde22fa81bffc0522714798c/element/f.CB997DD3A6212A0539B4B9AD4CB02789.d.4C35328C2C998E08BC33188BC44DFFD1.e.8465/click - {}
RESULT: {}
COMMAND: GET /session/02ea79fddde22fa81bffc0522714798c/screenshot - {}
RESULT: {}
RESULT: undefined
COMMAND: POST /session/02ea79fddde22fa81bffc0522714798c/execute/async - {"script":"<script> [776 bytes]","args":[{"enterText":"10001013","selector":{"controlType":"sap.m.SearchField","properties":{"placeholder":"Search"},"searchOpenDialogs":true,"interaction":{"idSuffix":"I"}},"clearTextFirst":true,"interactionType":"ENTER_TEXT"}]}
RESULT: {"script":"<script> [776 bytes]","args":[{"enterText":"10001013","selector":{"controlType":"sap.m.SearchField","properties":{"placeholder":"Search"},"searchOpenDialogs":true,"interaction":{"idSuffix":"I"}},"clearTextFirst":true,"interactionType":"ENTER_TEXT"}]}
COMMAND: POST /session/02ea79fddde22fa81bffc0522714798c/actions - {"actions":[{"id":"action25","type":"key","parameters":{},"actions":[{"type":"keyDown","value":"î€‡"},{"type":"pause","duration":10},{"type":"keyUp","value":"î€‡"}]}]}
RESULT: {"actions":[{"id":"action25","type":"key","parameters":{},"actions":[{"type":"keyDown","value":"î€‡"},{"type":"pause","duration":10},{"type":"keyUp","value":"î€‡"}]}]}
COMMAND: GET /session/02ea79fddde22fa81bffc0522714798c/screenshot - {}
RESULT: {}
COMMAND: POST /session/02ea79fddde22fa81bffc0522714798c/element - {"using":"xpath","value":"//span[contains(text(), \"General Management\")]"}
RESULT: {"using":"xpath","value":"//span[contains(text(), \"General Management\")]"}
COMMAND: POST /session/02ea79fddde22fa81bffc0522714798c/element/f.CB997DD3A6212A0539B4B9AD4CB02789.d.4C35328C2C998E08BC33188BC44DFFD1.e.8504/click - {}
RESULT: {}
COMMAND: GET /session/02ea79fddde22fa81bffc0522714798c/screenshot - {}
RESULT: {}
COMMAND: POST /session/02ea79fddde22fa81bffc0522714798c/element - {"using":"xpath","value":"//bdi[contains(text(), \"OK\")]"}
RESULT: {"using":"xpath","value":"//bdi[contains(text(), \"OK\")]"}
COMMAND: POST /session/02ea79fddde22fa81bffc0522714798c/element/f.CB997DD3A6212A0539B4B9AD4CB02789.d.4C35328C2C998E08BC33188BC44DFFD1.e.8505/click - {}
RESULT: {}
COMMAND: GET /session/02ea79fddde22fa81bffc0522714798c/screenshot - {}
RESULT: {}
COMMAND: POST /session/02ea79fddde22fa81bffc0522714798c/element - {"using":"xpath","value":"//input[@id=\"application-managesites-display-component---NewSite--addressDetailDetailsCalendar-inner\"]"}
RESULT: {"using":"xpath","value":"//input[@id=\"application-managesites-display-component---NewSite--addressDetailDetailsCalendar-inner\"]"}
COMMAND: POST /session/02ea79fddde22fa81bffc0522714798c/element/f.CB997DD3A6212A0539B4B9AD4CB02789.d.4C35328C2C998E08BC33188BC44DFFD1.e.8251/clear - {}
RESULT: {}
COMMAND: POST /session/02ea79fddde22fa81bffc0522714798c/element/f.CB997DD3A6212A0539B4B9AD4CB02789.d.4C35328C2C998E08BC33188BC44DFFD1.e.8251/value - {"text":"Unit"}
COMMAND: GET /session/02ea79fddde22fa81bffc0522714798c/screenshot - {}
RESULT: {"text":"Unit"}
COMMAND: GET /session/02ea79fddde22fa81bffc0522714798c/screenshot - {}
RESULT: {}
RESULT: {}
COMMAND: POST /session/02ea79fddde22fa81bffc0522714798c/actions - {"actions":[{"id":"action26","type":"key","parameters":{},"actions":[{"type":"keyDown","value":"î€‡"},{"type":"pause","duration":10},{"type":"keyUp","value":"î€‡"}]}]}
RESULT: {"actions":[{"id":"action26","type":"key","parameters":{},"actions":[{"type":"keyDown","value":"î€‡"},{"type":"pause","duration":10},{"type":"keyUp","value":"î€‡"}]}]}
COMMAND: POST /session/02ea79fddde22fa81bffc0522714798c/element - {"using":"xpath","value":"//input[@id=\"application-managesites-display-component---NewSite--addressDetailDetailsYard-inner\"]"}
COMMAND: GET /session/02ea79fddde22fa81bffc0522714798c/screenshot - {}
RESULT: {"using":"xpath","value":"//input[@id=\"application-managesites-display-component---NewSite--addressDetailDetailsYard-inner\"]"}
COMMAND: POST /session/02ea79fddde22fa81bffc0522714798c/element/f.CB997DD3A6212A0539B4B9AD4CB02789.d.4C35328C2C998E08BC33188BC44DFFD1.e.8252/clear - {}
RESULT: {}
RESULT: {}
COMMAND: POST /session/02ea79fddde22fa81bffc0522714798c/element/f.CB997DD3A6212A0539B4B9AD4CB02789.d.4C35328C2C998E08BC33188BC44DFFD1.e.8252/value - {"text":"347"}
COMMAND: GET /session/02ea79fddde22fa81bffc0522714798c/screenshot - {}
RESULT: {"text":"347"}
COMMAND: GET /session/02ea79fddde22fa81bffc0522714798c/screenshot - {}
RESULT: {}
RESULT: {}
COMMAND: POST /session/02ea79fddde22fa81bffc0522714798c/element - {"using":"xpath","value":"//li[.//span[text()='347']]"}
RESULT: {"using":"xpath","value":"//li[.//span[text()='347']]"}
COMMAND: POST /session/02ea79fddde22fa81bffc0522714798c/element/f.CB997DD3A6212A0539B4B9AD4CB02789.d.4C35328C2C998E08BC33188BC44DFFD1.e.8513/click - {}
RESULT: {}
COMMAND: GET /session/02ea79fddde22fa81bffc0522714798c/screenshot - {}
RESULT: {}
COMMAND: POST /session/02ea79fddde22fa81bffc0522714798c/element - {"using":"xpath","value":"//input[@id=\"application-managesites-display-component---NewSite--addressDetailDetailsPartner-inner\"]"}
RESULT: {"using":"xpath","value":"//input[@id=\"application-managesites-display-component---NewSite--addressDetailDetailsPartner-inner\"]"}
COMMAND: POST /session/02ea79fddde22fa81bffc0522714798c/element - {"using":"xpath","value":"//input[@id=\"application-managesites-display-component---NewSite--addressDetailDetailsPartner-inner\"]"}
RESULT: {"using":"xpath","value":"//input[@id=\"application-managesites-display-component---NewSite--addressDetailDetailsPartner-inner\"]"}
COMMAND: POST /session/02ea79fddde22fa81bffc0522714798c/element - {"using":"xpath","value":"//button[@data-kt=\"saveButton\"]"}
RESULT: {"using":"xpath","value":"//button[@data-kt=\"saveButton\"]"}
COMMAND: POST /session/02ea79fddde22fa81bffc0522714798c/element/f.CB997DD3A6212A0539B4B9AD4CB02789.d.4C35328C2C998E08BC33188BC44DFFD1.e.8400/click - {}
RESULT: {}
COMMAND: GET /session/02ea79fddde22fa81bffc0522714798c/screenshot - {}
RESULT: {}
COMMAND: POST /session/02ea79fddde22fa81bffc0522714798c/element - {"using":"xpath","value":"//header[contains(@id, 'ObjectPageLayout-headerTitle')]/div[1]/div[2]/div[2]/span[1]"}
RESULT: {"using":"xpath","value":"//header[contains(@id, 'ObjectPageLayout-headerTitle')]/div[1]/div[2]/div[2]/span[1]"}
COMMAND: POST /session/02ea79fddde22fa81bffc0522714798c/elements - {"using":"xpath","value":"//header[contains(@id, 'ObjectPageLayout-headerTitle')]/div[1]/div[2]/div[2]/span[1]"}
RESULT: {"using":"xpath","value":"//header[contains(@id, 'ObjectPageLayout-headerTitle')]/div[1]/div[2]/div[2]/span[1]"}
COMMAND: POST /session/02ea79fddde22fa81bffc0522714798c/execute/sync - {"script":"<script> [56 bytes]","args":[{"element-6066-11e4-a52e-4f735466cecf":"f.CB997DD3A6212A0539B4B9AD4CB02789.d.4C35328C2C998E08BC33188BC44DFFD1.e.8716","ELEMENT":"f.CB997DD3A6212A0539B4B9AD4CB02789.d.4C35328C2C998E08BC33188BC44DFFD1.e.8716"}]}
RESULT: {"script":"<script> [56 bytes]","args":[{"element-6066-11e4-a52e-4f735466cecf":"f.CB997DD3A6212A0539B4B9AD4CB02789.d.4C35328C2C998E08BC33188BC44DFFD1.e.8716","ELEMENT":"f.CB997DD3A6212A0539B4B9AD4CB02789.d.4C35328C2C998E08BC33188BC44DFFD1.e.8716"}]}
COMMAND: POST /session/02ea79fddde22fa81bffc0522714798c/element - {"using":"css selector","value":"#shell-header-logo"}
COMMAND: GET /session/02ea79fddde22fa81bffc0522714798c/screenshot - {}
RESULT: {"using":"css selector","value":"#shell-header-logo"}
COMMAND: POST /session/02ea79fddde22fa81bffc0522714798c/element/f.CB997DD3A6212A0539B4B9AD4CB02789.d.4C35328C2C998E08BC33188BC44DFFD1.e.7793/click - {}
RESULT: {}
RESULT: {}
COMMAND: GET /session/02ea79fddde22fa81bffc0522714798c/screenshot - {}
RESULT: {}
COMMAND: POST /session/02ea79fddde22fa81bffc0522714798c/execute/sync - {"script":"<script> [299 bytes]","args":[["getModel","getResource"]]}
RESULT: {"script":"<script> [299 bytes]","args":[["getModel","getResource"]]}
COMMAND: GET /session/02ea79fddde22fa81bffc0522714798c/screenshot - {}
]]></system-out>
    </testcase>
    <testcase classname="chrome.135_0_7049_96.windows.Create_master_data_for_mixed_billing_&amp;_do_billing_calculation_US151661" name="Should create a new equipment and add a counter to it" time="137.992">
      <system-out><![CDATA[
COMMAND: POST /session/02ea79fddde22fa81bffc0522714798c/execute/async - {"script":"<script> [1562 bytes]","args":[{"selector":{"controlType":"sap.m.GenericTile","properties":{"header":"Manage Resources"}},"wdio_ui5_key":"sapm.GenericTile{\"header\":\"Manage Resources\"}"}]}
RESULT: {}
RESULT: {"script":"<script> [1562 bytes]","args":[{"selector":{"controlType":"sap.m.GenericTile","properties":{"header":"Manage Resources"}},"wdio_ui5_key":"sapm.GenericTile{\"header\":\"Manage Resources\"}"}]}
RESULT: undefined
COMMAND: POST /session/02ea79fddde22fa81bffc0522714798c/element - {"using":"xpath","value":"//*[@id=\"__tile39\"]"}
RESULT: {"using":"xpath","value":"//*[@id=\"__tile39\"]"}
COMMAND: POST /session/02ea79fddde22fa81bffc0522714798c/element/f.CB997DD3A6212A0539B4B9AD4CB02789.d.4C35328C2C998E08BC33188BC44DFFD1.e.6155/click - {}
RESULT: {}
COMMAND: POST /session/02ea79fddde22fa81bffc0522714798c/element - {"using":"xpath","value":"//button[@data-kt=\"addNewRUOverflowToolbarButton\"]"}
COMMAND: GET /session/02ea79fddde22fa81bffc0522714798c/screenshot - {}
RESULT: {"using":"xpath","value":"//button[@data-kt=\"addNewRUOverflowToolbarButton\"]"}
COMMAND: POST /session/02ea79fddde22fa81bffc0522714798c/elements - {"using":"xpath","value":"//button[@data-kt=\"addNewRUOverflowToolbarButton\"]"}
RESULT: {}
RESULT: {"using":"xpath","value":"//button[@data-kt=\"addNewRUOverflowToolbarButton\"]"}
COMMAND: POST /session/02ea79fddde22fa81bffc0522714798c/elements - {"using":"xpath","value":"//button[@data-kt=\"addNewRUOverflowToolbarButton\"]"}
RESULT: {"using":"xpath","value":"//button[@data-kt=\"addNewRUOverflowToolbarButton\"]"}
COMMAND: POST /session/02ea79fddde22fa81bffc0522714798c/elements - {"using":"xpath","value":"//button[@data-kt=\"addNewRUOverflowToolbarButton\"]"}
RESULT: {"using":"xpath","value":"//button[@data-kt=\"addNewRUOverflowToolbarButton\"]"}
COMMAND: POST /session/02ea79fddde22fa81bffc0522714798c/elements - {"using":"xpath","value":"//button[@data-kt=\"addNewRUOverflowToolbarButton\"]"}
RESULT: {"using":"xpath","value":"//button[@data-kt=\"addNewRUOverflowToolbarButton\"]"}
COMMAND: POST /session/02ea79fddde22fa81bffc0522714798c/elements - {"using":"xpath","value":"//button[@data-kt=\"addNewRUOverflowToolbarButton\"]"}
RESULT: {"using":"xpath","value":"//button[@data-kt=\"addNewRUOverflowToolbarButton\"]"}
COMMAND: POST /session/02ea79fddde22fa81bffc0522714798c/elements - {"using":"xpath","value":"//button[@data-kt=\"addNewRUOverflowToolbarButton\"]"}
RESULT: {"using":"xpath","value":"//button[@data-kt=\"addNewRUOverflowToolbarButton\"]"}
COMMAND: POST /session/02ea79fddde22fa81bffc0522714798c/elements - {"using":"xpath","value":"//button[@data-kt=\"addNewRUOverflowToolbarButton\"]"}
RESULT: {"using":"xpath","value":"//button[@data-kt=\"addNewRUOverflowToolbarButton\"]"}
COMMAND: POST /session/02ea79fddde22fa81bffc0522714798c/elements - {"using":"xpath","value":"//button[@data-kt=\"addNewRUOverflowToolbarButton\"]"}
RESULT: {"using":"xpath","value":"//button[@data-kt=\"addNewRUOverflowToolbarButton\"]"}
COMMAND: POST /session/02ea79fddde22fa81bffc0522714798c/elements - {"using":"xpath","value":"//button[@data-kt=\"addNewRUOverflowToolbarButton\"]"}
RESULT: {"using":"xpath","value":"//button[@data-kt=\"addNewRUOverflowToolbarButton\"]"}
COMMAND: POST /session/02ea79fddde22fa81bffc0522714798c/elements - {"using":"xpath","value":"//button[@data-kt=\"addNewRUOverflowToolbarButton\"]"}
RESULT: {"using":"xpath","value":"//button[@data-kt=\"addNewRUOverflowToolbarButton\"]"}
COMMAND: POST /session/02ea79fddde22fa81bffc0522714798c/element - {"using":"xpath","value":"//button[@data-kt=\"addNewRUOverflowToolbarButton\"]"}
RESULT: {"using":"xpath","value":"//button[@data-kt=\"addNewRUOverflowToolbarButton\"]"}
COMMAND: POST /session/02ea79fddde22fa81bffc0522714798c/execute/sync - {"script":"<script> [8489 bytes]","args":[{"element-6066-11e4-a52e-4f735466cecf":"f.CB997DD3A6212A0539B4B9AD4CB02789.d.4C35328C2C998E08BC33188BC44DFFD1.e.8758","ELEMENT":"f.CB997DD3A6212A0539B4B9AD4CB02789.d.4C35328C2C998E08BC33188BC44DFFD1.e.8758"}]}
RESULT: {"script":"<script> [8489 bytes]","args":[{"element-6066-11e4-a52e-4f735466cecf":"f.CB997DD3A6212A0539B4B9AD4CB02789.d.4C35328C2C998E08BC33188BC44DFFD1.e.8758","ELEMENT":"f.CB997DD3A6212A0539B4B9AD4CB02789.d.4C35328C2C998E08BC33188BC44DFFD1.e.8758"}]}
COMMAND: GET /session/02ea79fddde22fa81bffc0522714798c/element/f.CB997DD3A6212A0539B4B9AD4CB02789.d.4C35328C2C998E08BC33188BC44DFFD1.e.8758/enabled - {}
COMMAND: GET /session/02ea79fddde22fa81bffc0522714798c/screenshot - {}
RESULT: {}
COMMAND: POST /session/02ea79fddde22fa81bffc0522714798c/execute/sync - {"script":"<script> [8489 bytes]","args":[{"element-6066-11e4-a52e-4f735466cecf":"f.CB997DD3A6212A0539B4B9AD4CB02789.d.4C35328C2C998E08BC33188BC44DFFD1.e.8758","ELEMENT":"f.CB997DD3A6212A0539B4B9AD4CB02789.d.4C35328C2C998E08BC33188BC44DFFD1.e.8758"}]}
COMMAND: GET /session/02ea79fddde22fa81bffc0522714798c/screenshot - {}
RESULT: {}
RESULT: {"script":"<script> [8489 bytes]","args":[{"element-6066-11e4-a52e-4f735466cecf":"f.CB997DD3A6212A0539B4B9AD4CB02789.d.4C35328C2C998E08BC33188BC44DFFD1.e.8758","ELEMENT":"f.CB997DD3A6212A0539B4B9AD4CB02789.d.4C35328C2C998E08BC33188BC44DFFD1.e.8758"}]}
COMMAND: POST /session/02ea79fddde22fa81bffc0522714798c/execute/sync - {"script":"<script> [5351 bytes]","args":[{"element-6066-11e4-a52e-4f735466cecf":"f.CB997DD3A6212A0539B4B9AD4CB02789.d.4C35328C2C998E08BC33188BC44DFFD1.e.8758","ELEMENT":"f.CB997DD3A6212A0539B4B9AD4CB02789.d.4C35328C2C998E08BC33188BC44DFFD1.e.8758"}]}
COMMAND: GET /session/02ea79fddde22fa81bffc0522714798c/screenshot - {}
RESULT: {}
RESULT: {"script":"<script> [5351 bytes]","args":[{"element-6066-11e4-a52e-4f735466cecf":"f.CB997DD3A6212A0539B4B9AD4CB02789.d.4C35328C2C998E08BC33188BC44DFFD1.e.8758","ELEMENT":"f.CB997DD3A6212A0539B4B9AD4CB02789.d.4C35328C2C998E08BC33188BC44DFFD1.e.8758"}]}
COMMAND: POST /session/02ea79fddde22fa81bffc0522714798c/element/f.CB997DD3A6212A0539B4B9AD4CB02789.d.4C35328C2C998E08BC33188BC44DFFD1.e.8758/click - {}
COMMAND: GET /session/02ea79fddde22fa81bffc0522714798c/screenshot - {}
RESULT: {}
RESULT: {}
COMMAND: GET /session/02ea79fddde22fa81bffc0522714798c/screenshot - {}
RESULT: {}
COMMAND: POST /session/02ea79fddde22fa81bffc0522714798c/execute/async - {"script":"<script> [1562 bytes]","args":[{"selector":{"id":"application-manageresources-display-component---newResourceUnit--TYPE-arrow"},"wdio_ui5_key":"applicationmanageresources-display-component---newResourceUnit--TYPE-arrow"}]}
RESULT: {}
RESULT: {"script":"<script> [1562 bytes]","args":[{"selector":{"id":"application-manageresources-display-component---newResourceUnit--TYPE-arrow"},"wdio_ui5_key":"applicationmanageresources-display-component---newResourceUnit--TYPE-arrow"}]}
RESULT: undefined
COMMAND: POST /session/02ea79fddde22fa81bffc0522714798c/element - {"using":"xpath","value":"//*[@id=\"application-manageresources-display-component---newResourceUnit--TYPE-arrow\"]"}
RESULT: {"using":"xpath","value":"//*[@id=\"application-manageresources-display-component---newResourceUnit--TYPE-arrow\"]"}
COMMAND: POST /session/02ea79fddde22fa81bffc0522714798c/element/f.CB997DD3A6212A0539B4B9AD4CB02789.d.4C35328C2C998E08BC33188BC44DFFD1.e.9120/click - {}
RESULT: {}
COMMAND: POST /session/02ea79fddde22fa81bffc0522714798c/element - {"using":"xpath","value":"//input[@id=\"application-manageresources-display-component---newResourceUnit--TYPE-inner\"]"}
COMMAND: GET /session/02ea79fddde22fa81bffc0522714798c/screenshot - {}
RESULT: {"using":"xpath","value":"//input[@id=\"application-manageresources-display-component---newResourceUnit--TYPE-inner\"]"}
COMMAND: POST /session/02ea79fddde22fa81bffc0522714798c/element/f.CB997DD3A6212A0539B4B9AD4CB02789.d.4C35328C2C998E08BC33188BC44DFFD1.e.9096/clear - {}
RESULT: {}
RESULT: {}
COMMAND: POST /session/02ea79fddde22fa81bffc0522714798c/element/f.CB997DD3A6212A0539B4B9AD4CB02789.d.4C35328C2C998E08BC33188BC44DFFD1.e.9096/value - {"text":"Equipment"}
COMMAND: GET /session/02ea79fddde22fa81bffc0522714798c/screenshot - {}
RESULT: {"text":"Equipment"}
COMMAND: GET /session/02ea79fddde22fa81bffc0522714798c/screenshot - {}
RESULT: {}
RESULT: {}
COMMAND: POST /session/02ea79fddde22fa81bffc0522714798c/actions - {"actions":[{"id":"action27","type":"key","parameters":{},"actions":[{"type":"keyDown","value":"î€‡"},{"type":"pause","duration":10},{"type":"keyUp","value":"î€‡"}]}]}
RESULT: {"actions":[{"id":"action27","type":"key","parameters":{},"actions":[{"type":"keyDown","value":"î€‡"},{"type":"pause","duration":10},{"type":"keyUp","value":"î€‡"}]}]}
COMMAND: POST /session/02ea79fddde22fa81bffc0522714798c/execute/async - {"script":"<script> [1562 bytes]","args":[{"selector":{"id":"application-manageresources-display-component---newResourceUnit--resourceId","interaction":{"idSuffix":"inner"}},"wdio_ui5_key":"applicationmanageresources-display-component---newResourceUnit--resourceId"}]}
COMMAND: GET /session/02ea79fddde22fa81bffc0522714798c/screenshot - {}
RESULT: {"script":"<script> [1562 bytes]","args":[{"selector":{"id":"application-manageresources-display-component---newResourceUnit--resourceId","interaction":{"idSuffix":"inner"}},"wdio_ui5_key":"applicationmanageresources-display-component---newResourceUnit--resourceId"}]}
RESULT: undefined
COMMAND: POST /session/02ea79fddde22fa81bffc0522714798c/execute/async - {"script":"<script> [776 bytes]","args":[{"enterText":"hCU24p8MYQ","selector":{"id":"application-manageresources-display-component---newResourceUnit--resourceId","interaction":{"idSuffix":"inner"}},"clearTextFirst":true,"interactionType":"ENTER_TEXT"}]}
RESULT: {}
RESULT: {"script":"<script> [776 bytes]","args":[{"enterText":"hCU24p8MYQ","selector":{"id":"application-manageresources-display-component---newResourceUnit--resourceId","interaction":{"idSuffix":"inner"}},"clearTextFirst":true,"interactionType":"ENTER_TEXT"}]}
COMMAND: POST /session/02ea79fddde22fa81bffc0522714798c/execute/async - {"script":"<script> [1562 bytes]","args":[{"selector":{"id":"application-manageresources-display-component---newResourceUnit--SHORT_TEXT","interaction":{"idSuffix":"inner"}},"wdio_ui5_key":"applicationmanageresources-display-component---newResourceUnit--SHORT_TEXT"}]}
RESULT: {"script":"<script> [1562 bytes]","args":[{"selector":{"id":"application-manageresources-display-component---newResourceUnit--SHORT_TEXT","interaction":{"idSuffix":"inner"}},"wdio_ui5_key":"applicationmanageresources-display-component---newResourceUnit--SHORT_TEXT"}]}
RESULT: undefined
COMMAND: POST /session/02ea79fddde22fa81bffc0522714798c/execute/async - {"script":"<script> [776 bytes]","args":[{"enterText":"Intercompany Equipment WDIO","selector":{"id":"application-manageresources-display-component---newResourceUnit--SHORT_TEXT","interaction":{"idSuffix":"inner"}},"clearTextFirst":true,"interactionType":"ENTER_TEXT"}]}
RESULT: {"script":"<script> [776 bytes]","args":[{"enterText":"Intercompany Equipment WDIO","selector":{"id":"application-manageresources-display-component---newResourceUnit--SHORT_TEXT","interaction":{"idSuffix":"inner"}},"clearTextFirst":true,"interactionType":"ENTER_TEXT"}]}
COMMAND: POST /session/02ea79fddde22fa81bffc0522714798c/execute/async - {"script":"<script> [1562 bytes]","args":[{"selector":{"id":"application-manageresources-display-component---newResourceUnit--BASE_UNIT_OF_MEASURE","interaction":{"idSuffix":"inner"}},"wdio_ui5_key":"applicationmanageresources-display-component---newResourceUnit--BASE_UNIT_OF_MEASURE"}]}
RESULT: {"script":"<script> [1562 bytes]","args":[{"selector":{"id":"application-manageresources-display-component---newResourceUnit--BASE_UNIT_OF_MEASURE","interaction":{"idSuffix":"inner"}},"wdio_ui5_key":"applicationmanageresources-display-component---newResourceUnit--BASE_UNIT_OF_MEASURE"}]}
RESULT: undefined
COMMAND: POST /session/02ea79fddde22fa81bffc0522714798c/execute/async - {"script":"<script> [776 bytes]","args":[{"enterText":"Piece","selector":{"id":"application-manageresources-display-component---newResourceUnit--BASE_UNIT_OF_MEASURE","interaction":{"idSuffix":"inner"}},"clearTextFirst":true,"interactionType":"ENTER_TEXT"}]}
RESULT: {"script":"<script> [776 bytes]","args":[{"enterText":"Piece","selector":{"id":"application-manageresources-display-component---newResourceUnit--BASE_UNIT_OF_MEASURE","interaction":{"idSuffix":"inner"}},"clearTextFirst":true,"interactionType":"ENTER_TEXT"}]}
COMMAND: POST /session/02ea79fddde22fa81bffc0522714798c/execute/async - {"script":"<script> [1562 bytes]","args":[{"selector":{"id":"application-manageresources-display-component---newResourceUnit--WEIGHT_UNIT","interaction":{"idSuffix":"inner"}},"wdio_ui5_key":"applicationmanageresources-display-component---newResourceUnit--WEIGHT_UNIT"}]}
RESULT: {"script":"<script> [1562 bytes]","args":[{"selector":{"id":"application-manageresources-display-component---newResourceUnit--WEIGHT_UNIT","interaction":{"idSuffix":"inner"}},"wdio_ui5_key":"applicationmanageresources-display-component---newResourceUnit--WEIGHT_UNIT"}]}
RESULT: undefined
COMMAND: POST /session/02ea79fddde22fa81bffc0522714798c/execute/async - {"script":"<script> [776 bytes]","args":[{"enterText":"Gram","selector":{"id":"application-manageresources-display-component---newResourceUnit--WEIGHT_UNIT","interaction":{"idSuffix":"inner"}},"clearTextFirst":true,"interactionType":"ENTER_TEXT"}]}
RESULT: {"script":"<script> [776 bytes]","args":[{"enterText":"Gram","selector":{"id":"application-manageresources-display-component---newResourceUnit--WEIGHT_UNIT","interaction":{"idSuffix":"inner"}},"clearTextFirst":true,"interactionType":"ENTER_TEXT"}]}
COMMAND: POST /session/02ea79fddde22fa81bffc0522714798c/execute/async - {"script":"<script> [1562 bytes]","args":[{"selector":{"id":"application-manageresources-display-component---newResourceUnit--DIMENSION_UNIT","interaction":{"idSuffix":"inner"}},"wdio_ui5_key":"applicationmanageresources-display-component---newResourceUnit--DIMENSION_UNIT"}]}
RESULT: {"script":"<script> [1562 bytes]","args":[{"selector":{"id":"application-manageresources-display-component---newResourceUnit--DIMENSION_UNIT","interaction":{"idSuffix":"inner"}},"wdio_ui5_key":"applicationmanageresources-display-component---newResourceUnit--DIMENSION_UNIT"}]}
RESULT: undefined
COMMAND: POST /session/02ea79fddde22fa81bffc0522714798c/execute/async - {"script":"<script> [776 bytes]","args":[{"enterText":"Meter","selector":{"id":"application-manageresources-display-component---newResourceUnit--DIMENSION_UNIT","interaction":{"idSuffix":"inner"}},"clearTextFirst":true,"interactionType":"ENTER_TEXT"}]}
RESULT: {"script":"<script> [776 bytes]","args":[{"enterText":"Meter","selector":{"id":"application-manageresources-display-component---newResourceUnit--DIMENSION_UNIT","interaction":{"idSuffix":"inner"}},"clearTextFirst":true,"interactionType":"ENTER_TEXT"}]}
COMMAND: POST /session/02ea79fddde22fa81bffc0522714798c/execute/async - {"script":"<script> [1562 bytes]","args":[{"selector":{"id":"application-manageresources-display-component---newResourceUnit--newRRUPage-anchBar-application-manageresources-display-component---newResourceUnit--control-anchor","interaction":{"idSuffix":"BDI-content"}},"wdio_ui5_key":"applicationmanageresources-display-component---newResourceUnit--newRRUPage-anchBar-application-manageresources-display-component---newResourceUnit--control-anchor"}]}
RESULT: {"script":"<script> [1562 bytes]","args":[{"selector":{"id":"application-manageresources-display-component---newResourceUnit--newRRUPage-anchBar-application-manageresources-display-component---newResourceUnit--control-anchor","interaction":{"idSuffix":"BDI-content"}},"wdio_ui5_key":"applicationmanageresources-display-component---newResourceUnit--newRRUPage-anchBar-application-manageresources-display-component---newResourceUnit--control-anchor"}]}
RESULT: undefined
COMMAND: POST /session/02ea79fddde22fa81bffc0522714798c/element - {"using":"xpath","value":"//*[@id=\"application-manageresources-display-component---newResourceUnit--newRRUPage-anchBar-application-manageresources-display-component---newResourceUnit--control-anchor\"]"}
RESULT: {"using":"xpath","value":"//*[@id=\"application-manageresources-display-component---newResourceUnit--newRRUPage-anchBar-application-manageresources-display-component---newResourceUnit--control-anchor\"]"}
COMMAND: POST /session/02ea79fddde22fa81bffc0522714798c/element/f.CB997DD3A6212A0539B4B9AD4CB02789.d.4C35328C2C998E08BC33188BC44DFFD1.e.9253/click - {}
RESULT: {}
COMMAND: POST /session/02ea79fddde22fa81bffc0522714798c/execute/async - {"script":"<script> [1562 bytes]","args":[{"selector":{"id":"application-manageresources-display-component---newResourceUnit--PLANNING_GROUP","interaction":{"idSuffix":"inner"}},"wdio_ui5_key":"applicationmanageresources-display-component---newResourceUnit--PLANNING_GROUP"}]}
COMMAND: GET /session/02ea79fddde22fa81bffc0522714798c/screenshot - {}
RESULT: {"script":"<script> [1562 bytes]","args":[{"selector":{"id":"application-manageresources-display-component---newResourceUnit--PLANNING_GROUP","interaction":{"idSuffix":"inner"}},"wdio_ui5_key":"applicationmanageresources-display-component---newResourceUnit--PLANNING_GROUP"}]}
RESULT: undefined
COMMAND: POST /session/02ea79fddde22fa81bffc0522714798c/execute/async - {"script":"<script> [776 bytes]","args":[{"enterText":"Heavy Equi","selector":{"id":"application-manageresources-display-component---newResourceUnit--PLANNING_GROUP","interaction":{"idSuffix":"inner"}},"clearTextFirst":true,"interactionType":"ENTER_TEXT"}]}
RESULT: {}
RESULT: {"script":"<script> [776 bytes]","args":[{"enterText":"Heavy Equi","selector":{"id":"application-manageresources-display-component---newResourceUnit--PLANNING_GROUP","interaction":{"idSuffix":"inner"}},"clearTextFirst":true,"interactionType":"ENTER_TEXT"}]}
COMMAND: POST /session/02ea79fddde22fa81bffc0522714798c/execute/async - {"script":"<script> [1562 bytes]","args":[{"selector":{"id":"application-manageresources-display-component---newResourceUnit--ITEM_TYPE-arrow"},"wdio_ui5_key":"applicationmanageresources-display-component---newResourceUnit--ITEM_TYPE-arrow"}]}
RESULT: {"script":"<script> [1562 bytes]","args":[{"selector":{"id":"application-manageresources-display-component---newResourceUnit--ITEM_TYPE-arrow"},"wdio_ui5_key":"applicationmanageresources-display-component---newResourceUnit--ITEM_TYPE-arrow"}]}
RESULT: undefined
COMMAND: POST /session/02ea79fddde22fa81bffc0522714798c/element - {"using":"xpath","value":"//*[@id=\"application-manageresources-display-component---newResourceUnit--ITEM_TYPE-arrow\"]"}
RESULT: {"using":"xpath","value":"//*[@id=\"application-manageresources-display-component---newResourceUnit--ITEM_TYPE-arrow\"]"}
COMMAND: POST /session/02ea79fddde22fa81bffc0522714798c/element/f.CB997DD3A6212A0539B4B9AD4CB02789.d.4C35328C2C998E08BC33188BC44DFFD1.e.9260/click - {}
RESULT: {}
COMMAND: POST /session/02ea79fddde22fa81bffc0522714798c/element - {"using":"xpath","value":"(//span[contains(text(), \"Resource Unit\")])[2]"}
COMMAND: GET /session/02ea79fddde22fa81bffc0522714798c/screenshot - {}
RESULT: {"using":"xpath","value":"(//span[contains(text(), \"Resource Unit\")])[2]"}
COMMAND: POST /session/02ea79fddde22fa81bffc0522714798c/element/f.CB997DD3A6212A0539B4B9AD4CB02789.d.4C35328C2C998E08BC33188BC44DFFD1.e.9261/click - {}
RESULT: {}
RESULT: {}
COMMAND: GET /session/02ea79fddde22fa81bffc0522714798c/screenshot - {}
RESULT: {}
COMMAND: POST /session/02ea79fddde22fa81bffc0522714798c/element - {"using":"css selector","value":"#application-manageresources-display-component---newResourceUnit--btnAddTimeSegment"}
RESULT: {"using":"css selector","value":"#application-manageresources-display-component---newResourceUnit--btnAddTimeSegment"}
COMMAND: GET /session/02ea79fddde22fa81bffc0522714798c/element/f.CB997DD3A6212A0539B4B9AD4CB02789.d.4C35328C2C998E08BC33188BC44DFFD1.e.9262/rect - {}
RESULT: {}
COMMAND: GET /session/02ea79fddde22fa81bffc0522714798c/window/rect - {}
RESULT: {}
COMMAND: POST /session/02ea79fddde22fa81bffc0522714798c/execute/sync - {"script":"<script> [92 bytes]","args":[]}
RESULT: {"script":"<script> [92 bytes]","args":[]}
COMMAND: POST /session/02ea79fddde22fa81bffc0522714798c/actions - {"actions":[{"id":"action28","type":"wheel","parameters":{},"actions":[{"type":"scroll","x":-1888,"y":-32,"deltaX":0,"deltaY":0,"duration":0,"origin":{"element-6066-11e4-a52e-4f735466cecf":"f.CB997DD3A6212A0539B4B9AD4CB02789.d.4C35328C2C998E08BC33188BC44DFFD1.e.9262"}}]}]}
COMMAND: GET /session/02ea79fddde22fa81bffc0522714798c/screenshot - {}
RESULT: {}
COMMAND: POST /session/02ea79fddde22fa81bffc0522714798c/execute/sync - {"script":"<script> [79 bytes]","args":[{"element-6066-11e4-a52e-4f735466cecf":"f.CB997DD3A6212A0539B4B9AD4CB02789.d.4C35328C2C998E08BC33188BC44DFFD1.e.9262","ELEMENT":"f.CB997DD3A6212A0539B4B9AD4CB02789.d.4C35328C2C998E08BC33188BC44DFFD1.e.9262"},{"block":"start","inline":"nearest"}]}
RESULT: {"script":"<script> [79 bytes]","args":[{"element-6066-11e4-a52e-4f735466cecf":"f.CB997DD3A6212A0539B4B9AD4CB02789.d.4C35328C2C998E08BC33188BC44DFFD1.e.9262","ELEMENT":"f.CB997DD3A6212A0539B4B9AD4CB02789.d.4C35328C2C998E08BC33188BC44DFFD1.e.9262"},{"block":"start","inline":"nearest"}]}
COMMAND: POST /session/02ea79fddde22fa81bffc0522714798c/execute/async - {"script":"<script> [1562 bytes]","args":[{"selector":{"id":"application-manageresources-display-component---newResourceUnit--btnAddTimeSegment","interaction":{"idSuffix":"inner"}},"wdio_ui5_key":"applicationmanageresources-display-component---newResourceUnit--btnAddTimeSegment"}]}
COMMAND: GET /session/02ea79fddde22fa81bffc0522714798c/screenshot - {}
RESULT: {"script":"<script> [1562 bytes]","args":[{"selector":{"id":"application-manageresources-display-component---newResourceUnit--btnAddTimeSegment","interaction":{"idSuffix":"inner"}},"wdio_ui5_key":"applicationmanageresources-display-component---newResourceUnit--btnAddTimeSegment"}]}
RESULT: undefined
COMMAND: POST /session/02ea79fddde22fa81bffc0522714798c/element - {"using":"xpath","value":"//*[@id=\"application-manageresources-display-component---newResourceUnit--btnAddTimeSegment\"]"}
RESULT: {}
RESULT: {"using":"xpath","value":"//*[@id=\"application-manageresources-display-component---newResourceUnit--btnAddTimeSegment\"]"}
COMMAND: POST /session/02ea79fddde22fa81bffc0522714798c/element/f.CB997DD3A6212A0539B4B9AD4CB02789.d.4C35328C2C998E08BC33188BC44DFFD1.e.9262/click - {}
RESULT: {}
COMMAND: GET /session/02ea79fddde22fa81bffc0522714798c/screenshot - {}
RESULT: {}
COMMAND: POST /session/02ea79fddde22fa81bffc0522714798c/element - {"using":"xpath","value":"//input[@id=\"application-manageresources-display-component---newResourceUnit--idRuTSAdmin-application-manageresources-display-component---newResourceUnit--RUTimeSegment-0-inner\"]"}
RESULT: {"using":"xpath","value":"//input[@id=\"application-manageresources-display-component---newResourceUnit--idRuTSAdmin-application-manageresources-display-component---newResourceUnit--RUTimeSegment-0-inner\"]"}
COMMAND: POST /session/02ea79fddde22fa81bffc0522714798c/element/f.CB997DD3A6212A0539B4B9AD4CB02789.d.4C35328C2C998E08BC33188BC44DFFD1.e.9268/clear - {}
RESULT: {}
COMMAND: POST /session/02ea79fddde22fa81bffc0522714798c/element/f.CB997DD3A6212A0539B4B9AD4CB02789.d.4C35328C2C998E08BC33188BC44DFFD1.e.9268/value - {"text":"347"}
COMMAND: GET /session/02ea79fddde22fa81bffc0522714798c/screenshot - {}
RESULT: {"text":"347"}
COMMAND: GET /session/02ea79fddde22fa81bffc0522714798c/screenshot - {}
RESULT: {}
RESULT: {}
COMMAND: POST /session/02ea79fddde22fa81bffc0522714798c/element - {"using":"xpath","value":"//li[.//span[text()='347']]"}
RESULT: {"using":"xpath","value":"//li[.//span[text()='347']]"}
COMMAND: POST /session/02ea79fddde22fa81bffc0522714798c/element/f.CB997DD3A6212A0539B4B9AD4CB02789.d.4C35328C2C998E08BC33188BC44DFFD1.e.9280/click - {}
RESULT: {}
COMMAND: GET /session/02ea79fddde22fa81bffc0522714798c/screenshot - {}
RESULT: {}
COMMAND: POST /session/02ea79fddde22fa81bffc0522714798c/element - {"using":"xpath","value":"(//span[contains(@id, \"-application-manageresources-display-component---newResourceUnit--RUTimeSegment-0-arrow\")])[6]"}
RESULT: {"using":"xpath","value":"(//span[contains(@id, \"-application-manageresources-display-component---newResourceUnit--RUTimeSegment-0-arrow\")])[6]"}
COMMAND: POST /session/02ea79fddde22fa81bffc0522714798c/element/f.CB997DD3A6212A0539B4B9AD4CB02789.d.4C35328C2C998E08BC33188BC44DFFD1.e.9281/click - {}
RESULT: {}
COMMAND: POST /session/02ea79fddde22fa81bffc0522714798c/element - {"using":"xpath","value":"//span[contains(text(), \"PM Order\")]"}
COMMAND: GET /session/02ea79fddde22fa81bffc0522714798c/screenshot - {}
RESULT: {"using":"xpath","value":"//span[contains(text(), \"PM Order\")]"}
COMMAND: POST /session/02ea79fddde22fa81bffc0522714798c/element/f.CB997DD3A6212A0539B4B9AD4CB02789.d.4C35328C2C998E08BC33188BC44DFFD1.e.9284/click - {}
RESULT: {}
RESULT: {}
COMMAND: GET /session/02ea79fddde22fa81bffc0522714798c/screenshot - {}
RESULT: {}
COMMAND: POST /session/02ea79fddde22fa81bffc0522714798c/element - {"using":"xpath","value":"(//span[contains(@id ,\"manageresources-display-component---newResourceUnit--RUTimeSegment-0-vhi\")])[1]"}
RESULT: {"using":"xpath","value":"(//span[contains(@id ,\"manageresources-display-component---newResourceUnit--RUTimeSegment-0-vhi\")])[1]"}
COMMAND: GET /session/02ea79fddde22fa81bffc0522714798c/element/f.CB997DD3A6212A0539B4B9AD4CB02789.d.4C35328C2C998E08BC33188BC44DFFD1.e.9288/rect - {}
RESULT: {}
COMMAND: GET /session/02ea79fddde22fa81bffc0522714798c/window/rect - {}
RESULT: {}
COMMAND: POST /session/02ea79fddde22fa81bffc0522714798c/execute/sync - {"script":"<script> [92 bytes]","args":[]}
RESULT: {"script":"<script> [92 bytes]","args":[]}
COMMAND: POST /session/02ea79fddde22fa81bffc0522714798c/actions - {"actions":[{"id":"action29","type":"wheel","parameters":{},"actions":[{"type":"scroll","x":-869,"y":-24,"deltaX":0,"deltaY":0,"duration":0,"origin":{"element-6066-11e4-a52e-4f735466cecf":"f.CB997DD3A6212A0539B4B9AD4CB02789.d.4C35328C2C998E08BC33188BC44DFFD1.e.9288"}}]}]}
COMMAND: GET /session/02ea79fddde22fa81bffc0522714798c/screenshot - {}
RESULT: {"actions":[{"id":"action29","type":"wheel","parameters":{},"actions":[{"type":"scroll","x":-869,"y":-24,"deltaX":0,"deltaY":0,"duration":0,"origin":{"element-6066-11e4-a52e-4f735466cecf":"f.CB997DD3A6212A0539B4B9AD4CB02789.d.4C35328C2C998E08BC33188BC44DFFD1.e.9288"}}]}]}
COMMAND: DELETE /session/02ea79fddde22fa81bffc0522714798c/actions - {}
COMMAND: GET /session/02ea79fddde22fa81bffc0522714798c/screenshot - {}
RESULT: {}
RESULT: {}
COMMAND: GET /session/02ea79fddde22fa81bffc0522714798c/screenshot - {}
RESULT: {}
RESULT: {}
COMMAND: POST /session/02ea79fddde22fa81bffc0522714798c/element/f.CB997DD3A6212A0539B4B9AD4CB02789.d.4C35328C2C998E08BC33188BC44DFFD1.e.9288/click - {}
RESULT: {}
COMMAND: GET /session/02ea79fddde22fa81bffc0522714798c/screenshot - {}
RESULT: {}
RESULT: undefined
COMMAND: POST /session/02ea79fddde22fa81bffc0522714798c/execute/async - {"script":"<script> [776 bytes]","args":[{"enterText":"4000360","selector":{"controlType":"sap.m.SearchField","properties":{"placeholder":"Search"},"searchOpenDialogs":true,"interaction":{"idSuffix":"I"}},"clearTextFirst":true,"interactionType":"ENTER_TEXT"}]}
RESULT: {"script":"<script> [776 bytes]","args":[{"enterText":"4000360","selector":{"controlType":"sap.m.SearchField","properties":{"placeholder":"Search"},"searchOpenDialogs":true,"interaction":{"idSuffix":"I"}},"clearTextFirst":true,"interactionType":"ENTER_TEXT"}]}
COMMAND: POST /session/02ea79fddde22fa81bffc0522714798c/actions - {"actions":[{"id":"action30","type":"key","parameters":{},"actions":[{"type":"keyDown","value":"î€‡"},{"type":"pause","duration":10},{"type":"keyUp","value":"î€‡"}]}]}
RESULT: {"actions":[{"id":"action30","type":"key","parameters":{},"actions":[{"type":"keyDown","value":"î€‡"},{"type":"pause","duration":10},{"type":"keyUp","value":"î€‡"}]}]}
COMMAND: GET /session/02ea79fddde22fa81bffc0522714798c/screenshot - {}
RESULT: {}
COMMAND: POST /session/02ea79fddde22fa81bffc0522714798c/element - {"using":"xpath","value":"//td/div/span[contains(text(), \"BGL Vehicles\")]"}
RESULT: {"using":"xpath","value":"//td/div/span[contains(text(), \"BGL Vehicles\")]"}
COMMAND: POST /session/02ea79fddde22fa81bffc0522714798c/element/f.CB997DD3A6212A0539B4B9AD4CB02789.d.4C35328C2C998E08BC33188BC44DFFD1.e.9309/click - {}
RESULT: {}
COMMAND: GET /session/02ea79fddde22fa81bffc0522714798c/screenshot - {}
RESULT: {}
COMMAND: POST /session/02ea79fddde22fa81bffc0522714798c/element - {"using":"xpath","value":"//bdi[contains(text(), \"OK\")]"}
RESULT: {"using":"xpath","value":"//bdi[contains(text(), \"OK\")]"}
COMMAND: POST /session/02ea79fddde22fa81bffc0522714798c/element/f.CB997DD3A6212A0539B4B9AD4CB02789.d.4C35328C2C998E08BC33188BC44DFFD1.e.9310/click - {}
RESULT: {}
COMMAND: GET /session/02ea79fddde22fa81bffc0522714798c/screenshot - {}
RESULT: {}
COMMAND: POST /session/02ea79fddde22fa81bffc0522714798c/execute/async - {"script":"<script> [1562 bytes]","args":[{"selector":{"id":"application-manageresources-display-component---newResourceUnit--newRRUPage-anchBar-application-manageresources-display-component---newResourceUnit--resource-anchor","interaction":{"idSuffix":"BDI-content"}},"wdio_ui5_key":"applicationmanageresources-display-component---newResourceUnit--newRRUPage-anchBar-application-manageresources-display-component---newResourceUnit--resource-anchor"}]}
RESULT: {"script":"<script> [1562 bytes]","args":[{"selector":{"id":"application-manageresources-display-component---newResourceUnit--newRRUPage-anchBar-application-manageresources-display-component---newResourceUnit--resource-anchor","interaction":{"idSuffix":"BDI-content"}},"wdio_ui5_key":"applicationmanageresources-display-component---newResourceUnit--newRRUPage-anchBar-application-manageresources-display-component---newResourceUnit--resource-anchor"}]}
RESULT: undefined
COMMAND: POST /session/02ea79fddde22fa81bffc0522714798c/element - {"using":"xpath","value":"//*[@id=\"application-manageresources-display-component---newResourceUnit--newRRUPage-anchBar-application-manageresources-display-component---newResourceUnit--resource-anchor\"]"}
RESULT: {"using":"xpath","value":"//*[@id=\"application-manageresources-display-component---newResourceUnit--newRRUPage-anchBar-application-manageresources-display-component---newResourceUnit--resource-anchor\"]"}
COMMAND: POST /session/02ea79fddde22fa81bffc0522714798c/element/f.CB997DD3A6212A0539B4B9AD4CB02789.d.4C35328C2C998E08BC33188BC44DFFD1.e.9314/click - {}
RESULT: {}
COMMAND: POST /session/02ea79fddde22fa81bffc0522714798c/execute/async - {"script":"<script> [1562 bytes]","args":[{"selector":{"id":"application-manageresources-display-component---newResourceUnit--PLANNED_DELIVERY_DATE","interaction":{"idSuffix":"inner"}},"wdio_ui5_key":"applicationmanageresources-display-component---newResourceUnit--PLANNED_DELIVERY_DATE"}]}
COMMAND: GET /session/02ea79fddde22fa81bffc0522714798c/screenshot - {}
RESULT: {"script":"<script> [1562 bytes]","args":[{"selector":{"id":"application-manageresources-display-component---newResourceUnit--PLANNED_DELIVERY_DATE","interaction":{"idSuffix":"inner"}},"wdio_ui5_key":"applicationmanageresources-display-component---newResourceUnit--PLANNED_DELIVERY_DATE"}]}
RESULT: undefined
COMMAND: POST /session/02ea79fddde22fa81bffc0522714798c/execute/async - {"script":"<script> [6424 bytes]","args":[{"element-6066-11e4-a52e-4f735466cecf":"f.CB997DD3A6212A0539B4B9AD4CB02789.d.4C35328C2C998E08BC33188BC44DFFD1.e.9176"},"setValue",["4/28/25"]]}
RESULT: {}
RESULT: {"script":"<script> [6424 bytes]","args":[{"element-6066-11e4-a52e-4f735466cecf":"f.CB997DD3A6212A0539B4B9AD4CB02789.d.4C35328C2C998E08BC33188BC44DFFD1.e.9176"},"setValue",["4/28/25"]]}
COMMAND: POST /session/02ea79fddde22fa81bffc0522714798c/element - {"using":"xpath","value":"//button[@data-kt=\"resourceUnitSaveButton\"]"}
RESULT: {"using":"xpath","value":"//button[@data-kt=\"resourceUnitSaveButton\"]"}
COMMAND: POST /session/02ea79fddde22fa81bffc0522714798c/element/f.CB997DD3A6212A0539B4B9AD4CB02789.d.4C35328C2C998E08BC33188BC44DFFD1.e.9137/click - {}
RESULT: {}
COMMAND: GET /session/02ea79fddde22fa81bffc0522714798c/screenshot - {}
RESULT: {}
COMMAND: POST /session/02ea79fddde22fa81bffc0522714798c/element - {"using":"xpath","value":"//bdi[contains(text(), \"Close\")]"}
RESULT: {"using":"xpath","value":"//bdi[contains(text(), \"Close\")]"}
COMMAND: POST /session/02ea79fddde22fa81bffc0522714798c/element/f.CB997DD3A6212A0539B4B9AD4CB02789.d.4C35328C2C998E08BC33188BC44DFFD1.e.9322/click - {}
RESULT: {}
COMMAND: GET /session/02ea79fddde22fa81bffc0522714798c/screenshot - {}
RESULT: {}
COMMAND: POST /session/02ea79fddde22fa81bffc0522714798c/element - {"using":"xpath","value":"//bdi[contains(text(), \"Edit\")]"}
RESULT: {"using":"xpath","value":"//bdi[contains(text(), \"Edit\")]"}
COMMAND: POST /session/02ea79fddde22fa81bffc0522714798c/execute/sync - {"script":"<script> [8489 bytes]","args":[{"element-6066-11e4-a52e-4f735466cecf":"f.CB997DD3A6212A0539B4B9AD4CB02789.d.4C35328C2C998E08BC33188BC44DFFD1.e.9353","ELEMENT":"f.CB997DD3A6212A0539B4B9AD4CB02789.d.4C35328C2C998E08BC33188BC44DFFD1.e.9353"}]}
RESULT: {"script":"<script> [8489 bytes]","args":[{"element-6066-11e4-a52e-4f735466cecf":"f.CB997DD3A6212A0539B4B9AD4CB02789.d.4C35328C2C998E08BC33188BC44DFFD1.e.9353","ELEMENT":"f.CB997DD3A6212A0539B4B9AD4CB02789.d.4C35328C2C998E08BC33188BC44DFFD1.e.9353"}]}
COMMAND: POST /session/02ea79fddde22fa81bffc0522714798c/element/f.CB997DD3A6212A0539B4B9AD4CB02789.d.4C35328C2C998E08BC33188BC44DFFD1.e.9353/click - {}
COMMAND: GET /session/02ea79fddde22fa81bffc0522714798c/screenshot - {}
RESULT: {}
COMMAND: GET /session/02ea79fddde22fa81bffc0522714798c/screenshot - {}
RESULT: {}
COMMAND: POST /session/02ea79fddde22fa81bffc0522714798c/execute/async - {"script":"<script> [1562 bytes]","args":[{"selector":{"id":"application-manageresources-display-component---editResource--editRruPage-anchBar-application-manageresources-display-component---editResource--counters-anchor","interaction":{"idSuffix":"BDI-content"}},"wdio_ui5_key":"applicationmanageresources-display-component---editResource--editRruPage-anchBar-application-manageresources-display-component---editResource--counters-anchor"}]}
RESULT: {}
RESULT: {"script":"<script> [1562 bytes]","args":[{"selector":{"id":"application-manageresources-display-component---editResource--editRruPage-anchBar-application-manageresources-display-component---editResource--counters-anchor","interaction":{"idSuffix":"BDI-content"}},"wdio_ui5_key":"applicationmanageresources-display-component---editResource--editRruPage-anchBar-application-manageresources-display-component---editResource--counters-anchor"}]}
RESULT: undefined
COMMAND: POST /session/02ea79fddde22fa81bffc0522714798c/element - {"using":"xpath","value":"//*[@id=\"application-manageresources-display-component---editResource--editRruPage-anchBar-application-manageresources-display-component---editResource--counters-anchor\"]"}
RESULT: {"using":"xpath","value":"//*[@id=\"application-manageresources-display-component---editResource--editRruPage-anchBar-application-manageresources-display-component---editResource--counters-anchor\"]"}
COMMAND: POST /session/02ea79fddde22fa81bffc0522714798c/element/f.CB997DD3A6212A0539B4B9AD4CB02789.d.4C35328C2C998E08BC33188BC44DFFD1.e.9463/click - {}
RESULT: {}
COMMAND: GET /session/02ea79fddde22fa81bffc0522714798c/screenshot - {}
RESULT: {}
COMMAND: POST /session/02ea79fddde22fa81bffc0522714798c/execute/async - {"script":"<script> [1562 bytes]","args":[{"selector":{"id":"application-manageresources-display-component---editResource--btnAddCounter-img"},"wdio_ui5_key":"applicationmanageresources-display-component---editResource--btnAddCounter-img"}]}
RESULT: {"script":"<script> [1562 bytes]","args":[{"selector":{"id":"application-manageresources-display-component---editResource--btnAddCounter-img"},"wdio_ui5_key":"applicationmanageresources-display-component---editResource--btnAddCounter-img"}]}
RESULT: undefined
COMMAND: POST /session/02ea79fddde22fa81bffc0522714798c/element - {"using":"xpath","value":"//*[@id=\"application-manageresources-display-component---editResource--btnAddCounter-img\"]"}
RESULT: {"using":"xpath","value":"//*[@id=\"application-manageresources-display-component---editResource--btnAddCounter-img\"]"}
COMMAND: POST /session/02ea79fddde22fa81bffc0522714798c/element/f.CB997DD3A6212A0539B4B9AD4CB02789.d.4C35328C2C998E08BC33188BC44DFFD1.e.9497/click - {}
RESULT: {}
COMMAND: POST /session/02ea79fddde22fa81bffc0522714798c/execute/async - {"script":"<script> [1562 bytes]","args":[{"selector":{"id":"application-manageresources-display-component---editResource--COUNTER_ID-application-manageresources-display-component---editResource--RUCounters-0-arrow"},"wdio_ui5_key":"applicationmanageresources-display-component---editResource--COUNTER_ID-application-manageresources-display-component---editResource--RUCounters-0-arrow"}]}
COMMAND: GET /session/02ea79fddde22fa81bffc0522714798c/screenshot - {}
RESULT: {"script":"<script> [1562 bytes]","args":[{"selector":{"id":"application-manageresources-display-component---editResource--COUNTER_ID-application-manageresources-display-component---editResource--RUCounters-0-arrow"},"wdio_ui5_key":"applicationmanageresources-display-component---editResource--COUNTER_ID-application-manageresources-display-component---editResource--RUCounters-0-arrow"}]}
RESULT: undefined
COMMAND: POST /session/02ea79fddde22fa81bffc0522714798c/element - {"using":"xpath","value":"//*[@id=\"application-manageresources-display-component---editResource--COUNTER_ID-application-manageresources-display-component---editResource--RUCounters-0-arrow\"]"}
RESULT: {}
RESULT: {"using":"xpath","value":"//*[@id=\"application-manageresources-display-component---editResource--COUNTER_ID-application-manageresources-display-component---editResource--RUCounters-0-arrow\"]"}
COMMAND: POST /session/02ea79fddde22fa81bffc0522714798c/element/f.CB997DD3A6212A0539B4B9AD4CB02789.d.4C35328C2C998E08BC33188BC44DFFD1.e.9502/click - {}
RESULT: {}
COMMAND: POST /session/02ea79fddde22fa81bffc0522714798c/execute/async - {"script":"<script> [1562 bytes]","args":[{"selector":{"controlType":"sap.m.StandardListItem","viewName":"etm.portal.ui.manageresources.view.EditResource","viewId":"application-manageresources-display-component---editResource","properties":{"title":"fuel"},"searchOpenDialogs":true,"interaction":{"idSuffix":"content"}},"wdio_ui5_key":"etmportal.ui.manageresources.view.EditResourcesap.m.StandardListItem{\"title\":\"fuel\"}"}]}
COMMAND: GET /session/02ea79fddde22fa81bffc0522714798c/screenshot - {}
RESULT: {"script":"<script> [1562 bytes]","args":[{"selector":{"controlType":"sap.m.StandardListItem","viewName":"etm.portal.ui.manageresources.view.EditResource","viewId":"application-manageresources-display-component---editResource","properties":{"title":"fuel"},"searchOpenDialogs":true,"interaction":{"idSuffix":"content"}},"wdio_ui5_key":"etmportal.ui.manageresources.view.EditResourcesap.m.StandardListItem{\"title\":\"fuel\"}"}]}
RESULT: undefined
COMMAND: POST /session/02ea79fddde22fa81bffc0522714798c/element - {"using":"xpath","value":"//*[@id=\"__item2154\"]"}
RESULT: {}
RESULT: {"using":"xpath","value":"//*[@id=\"__item2154\"]"}
COMMAND: POST /session/02ea79fddde22fa81bffc0522714798c/element/f.CB997DD3A6212A0539B4B9AD4CB02789.d.4C35328C2C998E08BC33188BC44DFFD1.e.9504/click - {}
RESULT: {}
COMMAND: GET /session/02ea79fddde22fa81bffc0522714798c/screenshot - {}
RESULT: {}
COMMAND: POST /session/02ea79fddde22fa81bffc0522714798c/element - {"using":"xpath","value":"//button[@data-kt=\"saveButton\"]"}
RESULT: {"using":"xpath","value":"//button[@data-kt=\"saveButton\"]"}
COMMAND: POST /session/02ea79fddde22fa81bffc0522714798c/element/f.CB997DD3A6212A0539B4B9AD4CB02789.d.4C35328C2C998E08BC33188BC44DFFD1.e.9505/click - {}
RESULT: {}
COMMAND: GET /session/02ea79fddde22fa81bffc0522714798c/screenshot - {}
RESULT: {}
COMMAND: POST /session/02ea79fddde22fa81bffc0522714798c/element - {"using":"xpath","value":"(//button[contains(@id ,\"actionsToolbar-overflowButton\")])[1]"}
RESULT: {"using":"xpath","value":"(//button[contains(@id ,\"actionsToolbar-overflowButton\")])[1]"}
COMMAND: POST /session/02ea79fddde22fa81bffc0522714798c/element/f.CB997DD3A6212A0539B4B9AD4CB02789.d.4C35328C2C998E08BC33188BC44DFFD1.e.9517/click - {}
RESULT: {}
COMMAND: GET /session/02ea79fddde22fa81bffc0522714798c/screenshot - {}
RESULT: {}
COMMAND: POST /session/02ea79fddde22fa81bffc0522714798c/element - {"using":"xpath","value":"//button[@data-kt=\"priceInfoButton\"]"}
RESULT: {"using":"xpath","value":"//button[@data-kt=\"priceInfoButton\"]"}
COMMAND: POST /session/02ea79fddde22fa81bffc0522714798c/element/f.CB997DD3A6212A0539B4B9AD4CB02789.d.4C35328C2C998E08BC33188BC44DFFD1.e.9519/click - {}
RESULT: {}
COMMAND: GET /session/02ea79fddde22fa81bffc0522714798c/screenshot - {}
RESULT: {}
]]></system-out>
    </testcase>
    <testcase classname="chrome.135_0_7049_96.windows.Create_master_data_for_mixed_billing_&amp;_do_billing_calculation_US151661" name="Should create a TB pricing procedure" time="52.622">
      <system-out><![CDATA[
COMMAND: POST /session/02ea79fddde22fa81bffc0522714798c/element - {"using":"xpath","value":"//button[@data-kt=\"addButton\"]"}
RESULT: {"using":"xpath","value":"//button[@data-kt=\"addButton\"]"}
COMMAND: POST /session/02ea79fddde22fa81bffc0522714798c/elements - {"using":"xpath","value":"//button[@data-kt=\"addButton\"]"}
RESULT: {"using":"xpath","value":"//button[@data-kt=\"addButton\"]"}
COMMAND: POST /session/02ea79fddde22fa81bffc0522714798c/elements - {"using":"xpath","value":"//button[@data-kt=\"addButton\"]"}
RESULT: {"using":"xpath","value":"//button[@data-kt=\"addButton\"]"}
COMMAND: POST /session/02ea79fddde22fa81bffc0522714798c/element - {"using":"xpath","value":"//button[@data-kt=\"addButton\"]"}
RESULT: {"using":"xpath","value":"//button[@data-kt=\"addButton\"]"}
COMMAND: POST /session/02ea79fddde22fa81bffc0522714798c/execute/sync - {"script":"<script> [8489 bytes]","args":[{"element-6066-11e4-a52e-4f735466cecf":"f.CB997DD3A6212A0539B4B9AD4CB02789.d.4C35328C2C998E08BC33188BC44DFFD1.e.9555","ELEMENT":"f.CB997DD3A6212A0539B4B9AD4CB02789.d.4C35328C2C998E08BC33188BC44DFFD1.e.9555"}]}
RESULT: {"script":"<script> [8489 bytes]","args":[{"element-6066-11e4-a52e-4f735466cecf":"f.CB997DD3A6212A0539B4B9AD4CB02789.d.4C35328C2C998E08BC33188BC44DFFD1.e.9555","ELEMENT":"f.CB997DD3A6212A0539B4B9AD4CB02789.d.4C35328C2C998E08BC33188BC44DFFD1.e.9555"}]}
COMMAND: GET /session/02ea79fddde22fa81bffc0522714798c/element/f.CB997DD3A6212A0539B4B9AD4CB02789.d.4C35328C2C998E08BC33188BC44DFFD1.e.9555/enabled - {}
COMMAND: GET /session/02ea79fddde22fa81bffc0522714798c/screenshot - {}
RESULT: {}
COMMAND: POST /session/02ea79fddde22fa81bffc0522714798c/execute/sync - {"script":"<script> [8489 bytes]","args":[{"element-6066-11e4-a52e-4f735466cecf":"f.CB997DD3A6212A0539B4B9AD4CB02789.d.4C35328C2C998E08BC33188BC44DFFD1.e.9555","ELEMENT":"f.CB997DD3A6212A0539B4B9AD4CB02789.d.4C35328C2C998E08BC33188BC44DFFD1.e.9555"}]}
COMMAND: GET /session/02ea79fddde22fa81bffc0522714798c/screenshot - {}
RESULT: {}
RESULT: {"script":"<script> [8489 bytes]","args":[{"element-6066-11e4-a52e-4f735466cecf":"f.CB997DD3A6212A0539B4B9AD4CB02789.d.4C35328C2C998E08BC33188BC44DFFD1.e.9555","ELEMENT":"f.CB997DD3A6212A0539B4B9AD4CB02789.d.4C35328C2C998E08BC33188BC44DFFD1.e.9555"}]}
COMMAND: POST /session/02ea79fddde22fa81bffc0522714798c/execute/sync - {"script":"<script> [5351 bytes]","args":[{"element-6066-11e4-a52e-4f735466cecf":"f.CB997DD3A6212A0539B4B9AD4CB02789.d.4C35328C2C998E08BC33188BC44DFFD1.e.9555","ELEMENT":"f.CB997DD3A6212A0539B4B9AD4CB02789.d.4C35328C2C998E08BC33188BC44DFFD1.e.9555"}]}
COMMAND: GET /session/02ea79fddde22fa81bffc0522714798c/screenshot - {}
RESULT: {}
RESULT: {"script":"<script> [5351 bytes]","args":[{"element-6066-11e4-a52e-4f735466cecf":"f.CB997DD3A6212A0539B4B9AD4CB02789.d.4C35328C2C998E08BC33188BC44DFFD1.e.9555","ELEMENT":"f.CB997DD3A6212A0539B4B9AD4CB02789.d.4C35328C2C998E08BC33188BC44DFFD1.e.9555"}]}
COMMAND: POST /session/02ea79fddde22fa81bffc0522714798c/element/f.CB997DD3A6212A0539B4B9AD4CB02789.d.4C35328C2C998E08BC33188BC44DFFD1.e.9555/click - {}
COMMAND: GET /session/02ea79fddde22fa81bffc0522714798c/screenshot - {}
RESULT: {}
RESULT: {}
COMMAND: GET /session/02ea79fddde22fa81bffc0522714798c/screenshot - {}
RESULT: {}
RESULT: {}
COMMAND: POST /session/02ea79fddde22fa81bffc0522714798c/execute/async - {"script":"<script> [1562 bytes]","args":[{"selector":{"controlType":"sap.m.Title","viewName":"etm.portal.ui.managepricingrules.view.NewItem","viewId":"application-managepricingrules-display-component---newInfoPriceItem","properties":{"text":"New Pricing Rules - Item Level"}},"wdio_ui5_key":"etmportal.ui.managepricingrules.view.NewItemsap.m.Title{\"text\":\"New Pricing Rules - Item Level\"}"}]}
RESULT: {"script":"<script> [1562 bytes]","args":[{"selector":{"controlType":"sap.m.Title","viewName":"etm.portal.ui.managepricingrules.view.NewItem","viewId":"application-managepricingrules-display-component---newInfoPriceItem","properties":{"text":"New Pricing Rules - Item Level"}},"wdio_ui5_key":"etmportal.ui.managepricingrules.view.NewItemsap.m.Title{\"text\":\"New Pricing Rules - Item Level\"}"}]}
RESULT: undefined
COMMAND: POST /session/02ea79fddde22fa81bffc0522714798c/execute/async - {"script":"<script> [6424 bytes]","args":[{"element-6066-11e4-a52e-4f735466cecf":"f.CB997DD3A6212A0539B4B9AD4CB02789.d.4C35328C2C998E08BC33188BC44DFFD1.e.9715"},"getText",[]]}
RESULT: {"script":"<script> [6424 bytes]","args":[{"element-6066-11e4-a52e-4f735466cecf":"f.CB997DD3A6212A0539B4B9AD4CB02789.d.4C35328C2C998E08BC33188BC44DFFD1.e.9715"},"getText",[]]}
COMMAND: POST /session/02ea79fddde22fa81bffc0522714798c/execute/async - {"script":"<script> [1562 bytes]","args":[{"selector":{"id":"application-managepricingrules-display-component---newInfoPriceItem--condValidTo","interaction":{"idSuffix":"inner"}},"wdio_ui5_key":"applicationmanagepricingrules-display-component---newInfoPriceItem--condValidTo"}]}
RESULT: {"script":"<script> [1562 bytes]","args":[{"selector":{"id":"application-managepricingrules-display-component---newInfoPriceItem--condValidTo","interaction":{"idSuffix":"inner"}},"wdio_ui5_key":"applicationmanagepricingrules-display-component---newInfoPriceItem--condValidTo"}]}
RESULT: undefined
COMMAND: POST /session/02ea79fddde22fa81bffc0522714798c/execute/async - {"script":"<script> [776 bytes]","args":[{"enterText":"12/28/25","selector":{"id":"application-managepricingrules-display-component---newInfoPriceItem--condValidTo","interaction":{"idSuffix":"inner"}},"clearTextFirst":true,"interactionType":"ENTER_TEXT"}]}
RESULT: {"script":"<script> [776 bytes]","args":[{"enterText":"12/28/25","selector":{"id":"application-managepricingrules-display-component---newInfoPriceItem--condValidTo","interaction":{"idSuffix":"inner"}},"clearTextFirst":true,"interactionType":"ENTER_TEXT"}]}
COMMAND: POST /session/02ea79fddde22fa81bffc0522714798c/execute/async - {"script":"<script> [1562 bytes]","args":[{"selector":{"id":"application-managepricingrules-display-component---newInfoPriceItem--billType-arrow"},"wdio_ui5_key":"applicationmanagepricingrules-display-component---newInfoPriceItem--billType-arrow"}]}
RESULT: {"script":"<script> [1562 bytes]","args":[{"selector":{"id":"application-managepricingrules-display-component---newInfoPriceItem--billType-arrow"},"wdio_ui5_key":"applicationmanagepricingrules-display-component---newInfoPriceItem--billType-arrow"}]}
RESULT: undefined
COMMAND: POST /session/02ea79fddde22fa81bffc0522714798c/element - {"using":"xpath","value":"//*[@id=\"application-managepricingrules-display-component---newInfoPriceItem--billType-arrow\"]"}
RESULT: {"using":"xpath","value":"//*[@id=\"application-managepricingrules-display-component---newInfoPriceItem--billType-arrow\"]"}
COMMAND: POST /session/02ea79fddde22fa81bffc0522714798c/element/f.CB997DD3A6212A0539B4B9AD4CB02789.d.4C35328C2C998E08BC33188BC44DFFD1.e.9717/click - {}
RESULT: {}
COMMAND: POST /session/02ea79fddde22fa81bffc0522714798c/element - {"using":"xpath","value":"//span[contains(text(), \"TB - Time based\")]"}
COMMAND: GET /session/02ea79fddde22fa81bffc0522714798c/screenshot - {}
RESULT: {"using":"xpath","value":"//span[contains(text(), \"TB - Time based\")]"}
COMMAND: POST /session/02ea79fddde22fa81bffc0522714798c/element/f.CB997DD3A6212A0539B4B9AD4CB02789.d.4C35328C2C998E08BC33188BC44DFFD1.e.9718/click - {}
RESULT: {}
RESULT: {}
COMMAND: POST /session/02ea79fddde22fa81bffc0522714798c/execute/async - {"script":"<script> [1562 bytes]","args":[{"selector":{"id":"application-managepricingrules-display-component---newInfoPriceItem--priceProc-arrow"},"wdio_ui5_key":"applicationmanagepricingrules-display-component---newInfoPriceItem--priceProc-arrow"}]}
COMMAND: GET /session/02ea79fddde22fa81bffc0522714798c/screenshot - {}
RESULT: {"script":"<script> [1562 bytes]","args":[{"selector":{"id":"application-managepricingrules-display-component---newInfoPriceItem--priceProc-arrow"},"wdio_ui5_key":"applicationmanagepricingrules-display-component---newInfoPriceItem--priceProc-arrow"}]}
RESULT: undefined
COMMAND: POST /session/02ea79fddde22fa81bffc0522714798c/element - {"using":"xpath","value":"//*[@id=\"application-managepricingrules-display-component---newInfoPriceItem--priceProc-arrow\"]"}
RESULT: {}
RESULT: {"using":"xpath","value":"//*[@id=\"application-managepricingrules-display-component---newInfoPriceItem--priceProc-arrow\"]"}
COMMAND: POST /session/02ea79fddde22fa81bffc0522714798c/element/f.CB997DD3A6212A0539B4B9AD4CB02789.d.4C35328C2C998E08BC33188BC44DFFD1.e.9681/click - {}
RESULT: {}
COMMAND: POST /session/02ea79fddde22fa81bffc0522714798c/element - {"using":"xpath","value":"//span[contains(text(), \"TB - Time based BGL\")]"}
COMMAND: GET /session/02ea79fddde22fa81bffc0522714798c/screenshot - {}
RESULT: {"using":"xpath","value":"//span[contains(text(), \"TB - Time based BGL\")]"}
COMMAND: POST /session/02ea79fddde22fa81bffc0522714798c/element/f.CB997DD3A6212A0539B4B9AD4CB02789.d.4C35328C2C998E08BC33188BC44DFFD1.e.9719/click - {}
RESULT: {}
RESULT: {}
COMMAND: POST /session/02ea79fddde22fa81bffc0522714798c/execute/async - {"script":"<script> [1562 bytes]","args":[{"selector":{"id":"application-managepricingrules-display-component---newInfoPriceItem--calcBase-arrow"},"wdio_ui5_key":"applicationmanagepricingrules-display-component---newInfoPriceItem--calcBase-arrow"}]}
COMMAND: GET /session/02ea79fddde22fa81bffc0522714798c/screenshot - {}
RESULT: {"script":"<script> [1562 bytes]","args":[{"selector":{"id":"application-managepricingrules-display-component---newInfoPriceItem--calcBase-arrow"},"wdio_ui5_key":"applicationmanagepricingrules-display-component---newInfoPriceItem--calcBase-arrow"}]}
RESULT: undefined
COMMAND: POST /session/02ea79fddde22fa81bffc0522714798c/element - {"using":"xpath","value":"//*[@id=\"application-managepricingrules-display-component---newInfoPriceItem--calcBase-arrow\"]"}
RESULT: {}
RESULT: {"using":"xpath","value":"//*[@id=\"application-managepricingrules-display-component---newInfoPriceItem--calcBase-arrow\"]"}
COMMAND: POST /session/02ea79fddde22fa81bffc0522714798c/element/f.CB997DD3A6212A0539B4B9AD4CB02789.d.4C35328C2C998E08BC33188BC44DFFD1.e.9688/click - {}
RESULT: {}
COMMAND: GET /session/02ea79fddde22fa81bffc0522714798c/screenshot - {}
RESULT: {}
COMMAND: POST /session/02ea79fddde22fa81bffc0522714798c/element - {"using":"xpath","value":"//span[contains(text(), \"0006 - TB(calendar days)\")]"}
RESULT: {"using":"xpath","value":"//span[contains(text(), \"0006 - TB(calendar days)\")]"}
COMMAND: POST /session/02ea79fddde22fa81bffc0522714798c/element/f.CB997DD3A6212A0539B4B9AD4CB02789.d.4C35328C2C998E08BC33188BC44DFFD1.e.9720/click - {}
RESULT: {}
COMMAND: GET /session/02ea79fddde22fa81bffc0522714798c/screenshot - {}
RESULT: {}
COMMAND: POST /session/02ea79fddde22fa81bffc0522714798c/execute/async - {"script":"<script> [1562 bytes]","args":[{"selector":{"id":"application-managepricingrules-display-component---newInfoPriceItem--hoursMonth","interaction":{"idSuffix":"inner"}},"wdio_ui5_key":"applicationmanagepricingrules-display-component---newInfoPriceItem--hoursMonth"}]}
RESULT: {"script":"<script> [1562 bytes]","args":[{"selector":{"id":"application-managepricingrules-display-component---newInfoPriceItem--hoursMonth","interaction":{"idSuffix":"inner"}},"wdio_ui5_key":"applicationmanagepricingrules-display-component---newInfoPriceItem--hoursMonth"}]}
RESULT: undefined
COMMAND: POST /session/02ea79fddde22fa81bffc0522714798c/execute/async - {"script":"<script> [776 bytes]","args":[{"enterText":"160","selector":{"id":"application-managepricingrules-display-component---newInfoPriceItem--hoursMonth","interaction":{"idSuffix":"inner"}},"clearTextFirst":true,"interactionType":"ENTER_TEXT"}]}
RESULT: {"script":"<script> [776 bytes]","args":[{"enterText":"160","selector":{"id":"application-managepricingrules-display-component---newInfoPriceItem--hoursMonth","interaction":{"idSuffix":"inner"}},"clearTextFirst":true,"interactionType":"ENTER_TEXT"}]}
COMMAND: POST /session/02ea79fddde22fa81bffc0522714798c/execute/async - {"script":"<script> [1562 bytes]","args":[{"selector":{"id":"application-managepricingrules-display-component---newInfoPriceItem--daysMonth","interaction":{"idSuffix":"inner"}},"wdio_ui5_key":"applicationmanagepricingrules-display-component---newInfoPriceItem--daysMonth"}]}
RESULT: {"script":"<script> [1562 bytes]","args":[{"selector":{"id":"application-managepricingrules-display-component---newInfoPriceItem--daysMonth","interaction":{"idSuffix":"inner"}},"wdio_ui5_key":"applicationmanagepricingrules-display-component---newInfoPriceItem--daysMonth"}]}
RESULT: undefined
COMMAND: POST /session/02ea79fddde22fa81bffc0522714798c/execute/async - {"script":"<script> [776 bytes]","args":[{"enterText":"30","selector":{"id":"application-managepricingrules-display-component---newInfoPriceItem--daysMonth","interaction":{"idSuffix":"inner"}},"clearTextFirst":true,"interactionType":"ENTER_TEXT"}]}
RESULT: {"script":"<script> [776 bytes]","args":[{"enterText":"30","selector":{"id":"application-managepricingrules-display-component---newInfoPriceItem--daysMonth","interaction":{"idSuffix":"inner"}},"clearTextFirst":true,"interactionType":"ENTER_TEXT"}]}
COMMAND: POST /session/02ea79fddde22fa81bffc0522714798c/element - {"using":"xpath","value":"//button[@data-kt=\"saveNewRuleButton\"]"}
RESULT: {"using":"xpath","value":"//button[@data-kt=\"saveNewRuleButton\"]"}
COMMAND: POST /session/02ea79fddde22fa81bffc0522714798c/element/f.CB997DD3A6212A0539B4B9AD4CB02789.d.4C35328C2C998E08BC33188BC44DFFD1.e.9705/click - {}
RESULT: {}
COMMAND: GET /session/02ea79fddde22fa81bffc0522714798c/screenshot - {}
RESULT: {}
COMMAND: POST /session/02ea79fddde22fa81bffc0522714798c/execute/async - {"script":"<script> [1562 bytes]","args":[{"selector":{"id":"application-managepricingrules-display-component---priceInfoItem--smartFilterBar-btnBasicSearch","interaction":{"idSuffix":"I"}},"wdio_ui5_key":"applicationmanagepricingrules-display-component---priceInfoItem--smartFilterBar-btnBasicSearch"}]}
RESULT: {"script":"<script> [1562 bytes]","args":[{"selector":{"id":"application-managepricingrules-display-component---priceInfoItem--smartFilterBar-btnBasicSearch","interaction":{"idSuffix":"I"}},"wdio_ui5_key":"applicationmanagepricingrules-display-component---priceInfoItem--smartFilterBar-btnBasicSearch"}]}
RESULT: undefined
COMMAND: POST /session/02ea79fddde22fa81bffc0522714798c/execute/async - {"script":"<script> [776 bytes]","args":[{"enterText":"hCU24p8MYQ","selector":{"id":"application-managepricingrules-display-component---priceInfoItem--smartFilterBar-btnBasicSearch","interaction":{"idSuffix":"I"}},"clearTextFirst":true,"interactionType":"ENTER_TEXT"}]}
RESULT: {"script":"<script> [776 bytes]","args":[{"enterText":"hCU24p8MYQ","selector":{"id":"application-managepricingrules-display-component---priceInfoItem--smartFilterBar-btnBasicSearch","interaction":{"idSuffix":"I"}},"clearTextFirst":true,"interactionType":"ENTER_TEXT"}]}
COMMAND: POST /session/02ea79fddde22fa81bffc0522714798c/actions - {"actions":[{"id":"action31","type":"key","parameters":{},"actions":[{"type":"keyDown","value":"î€‡"},{"type":"pause","duration":10},{"type":"keyUp","value":"î€‡"}]}]}
RESULT: {"actions":[{"id":"action31","type":"key","parameters":{},"actions":[{"type":"keyDown","value":"î€‡"},{"type":"pause","duration":10},{"type":"keyUp","value":"î€‡"}]}]}
COMMAND: GET /session/02ea79fddde22fa81bffc0522714798c/screenshot - {}
RESULT: {}
COMMAND: POST /session/02ea79fddde22fa81bffc0522714798c/element - {"using":"xpath","value":"//span[@id=\"application-managepricingrules-display-component---priceInfoItem--smartTable-header-inner\"]"}
RESULT: {"using":"xpath","value":"//span[@id=\"application-managepricingrules-display-component---priceInfoItem--smartTable-header-inner\"]"}
COMMAND: POST /session/02ea79fddde22fa81bffc0522714798c/elements - {"using":"xpath","value":"//span[@id=\"application-managepricingrules-display-component---priceInfoItem--smartTable-header-inner\"]"}
RESULT: {"using":"xpath","value":"//span[@id=\"application-managepricingrules-display-component---priceInfoItem--smartTable-header-inner\"]"}
COMMAND: POST /session/02ea79fddde22fa81bffc0522714798c/execute/sync - {"script":"<script> [56 bytes]","args":[{"element-6066-11e4-a52e-4f735466cecf":"f.CB997DD3A6212A0539B4B9AD4CB02789.d.4C35328C2C998E08BC33188BC44DFFD1.e.9735","ELEMENT":"f.CB997DD3A6212A0539B4B9AD4CB02789.d.4C35328C2C998E08BC33188BC44DFFD1.e.9735"}]}
RESULT: {"script":"<script> [56 bytes]","args":[{"element-6066-11e4-a52e-4f735466cecf":"f.CB997DD3A6212A0539B4B9AD4CB02789.d.4C35328C2C998E08BC33188BC44DFFD1.e.9735","ELEMENT":"f.CB997DD3A6212A0539B4B9AD4CB02789.d.4C35328C2C998E08BC33188BC44DFFD1.e.9735"}]}
COMMAND: POST /session/02ea79fddde22fa81bffc0522714798c/element - {"using":"css selector","value":"#shell-header-logo"}
COMMAND: GET /session/02ea79fddde22fa81bffc0522714798c/screenshot - {}
RESULT: {"using":"css selector","value":"#shell-header-logo"}
COMMAND: POST /session/02ea79fddde22fa81bffc0522714798c/element/f.CB997DD3A6212A0539B4B9AD4CB02789.d.4C35328C2C998E08BC33188BC44DFFD1.e.8719/click - {}
RESULT: {}
RESULT: {}
COMMAND: GET /session/02ea79fddde22fa81bffc0522714798c/screenshot - {}
RESULT: {}
]]></system-out>
    </testcase>
    <testcase classname="chrome.135_0_7049_96.windows.Create_master_data_for_mixed_billing_&amp;_do_billing_calculation_US151661" name="Should add one time condition" time="61.169">
      <system-out><![CDATA[
COMMAND: POST /session/02ea79fddde22fa81bffc0522714798c/execute/async - {"script":"<script> [1562 bytes]","args":[{"selector":{"controlType":"sap.m.Text","properties":{"text":"Manage Conditions & Prices"},"interaction":{"idSuffix":"inner"}},"wdio_ui5_key":"sapm.Text{\"text\":\"Manage Conditions & Prices\"}"}]}
RESULT: {"script":"<script> [1562 bytes]","args":[{"selector":{"controlType":"sap.m.Text","properties":{"text":"Manage Conditions & Prices"},"interaction":{"idSuffix":"inner"}},"wdio_ui5_key":"sapm.Text{\"text\":\"Manage Conditions & Prices\"}"}]}
RESULT: undefined
COMMAND: POST /session/02ea79fddde22fa81bffc0522714798c/element - {"using":"xpath","value":"//*[@id=\"__tile53-title\"]"}
RESULT: {"using":"xpath","value":"//*[@id=\"__tile53-title\"]"}
COMMAND: POST /session/02ea79fddde22fa81bffc0522714798c/element/f.CB997DD3A6212A0539B4B9AD4CB02789.d.4C35328C2C998E08BC33188BC44DFFD1.e.9738/click - {}
RESULT: {}
COMMAND: POST /session/02ea79fddde22fa81bffc0522714798c/element - {"using":"xpath","value":"//button[@aria-label=\"Create\"]"}
COMMAND: GET /session/02ea79fddde22fa81bffc0522714798c/screenshot - {}
RESULT: {"using":"xpath","value":"//button[@aria-label=\"Create\"]"}
COMMAND: POST /session/02ea79fddde22fa81bffc0522714798c/elements - {"using":"xpath","value":"//button[@aria-label=\"Create\"]"}
RESULT: {}
RESULT: {"using":"xpath","value":"//button[@aria-label=\"Create\"]"}
COMMAND: POST /session/02ea79fddde22fa81bffc0522714798c/elements - {"using":"xpath","value":"//button[@aria-label=\"Create\"]"}
RESULT: {"using":"xpath","value":"//button[@aria-label=\"Create\"]"}
COMMAND: POST /session/02ea79fddde22fa81bffc0522714798c/elements - {"using":"xpath","value":"//button[@aria-label=\"Create\"]"}
RESULT: {"using":"xpath","value":"//button[@aria-label=\"Create\"]"}
COMMAND: POST /session/02ea79fddde22fa81bffc0522714798c/elements - {"using":"xpath","value":"//button[@aria-label=\"Create\"]"}
RESULT: {"using":"xpath","value":"//button[@aria-label=\"Create\"]"}
COMMAND: POST /session/02ea79fddde22fa81bffc0522714798c/elements - {"using":"xpath","value":"//button[@aria-label=\"Create\"]"}
RESULT: {"using":"xpath","value":"//button[@aria-label=\"Create\"]"}
COMMAND: POST /session/02ea79fddde22fa81bffc0522714798c/elements - {"using":"xpath","value":"//button[@aria-label=\"Create\"]"}
RESULT: {"using":"xpath","value":"//button[@aria-label=\"Create\"]"}
COMMAND: POST /session/02ea79fddde22fa81bffc0522714798c/elements - {"using":"xpath","value":"//button[@aria-label=\"Create\"]"}
RESULT: {"using":"xpath","value":"//button[@aria-label=\"Create\"]"}
COMMAND: POST /session/02ea79fddde22fa81bffc0522714798c/element - {"using":"xpath","value":"//button[@aria-label=\"Create\"]"}
RESULT: {"using":"xpath","value":"//button[@aria-label=\"Create\"]"}
COMMAND: POST /session/02ea79fddde22fa81bffc0522714798c/execute/sync - {"script":"<script> [8489 bytes]","args":[{"element-6066-11e4-a52e-4f735466cecf":"f.CB997DD3A6212A0539B4B9AD4CB02789.d.4C35328C2C998E08BC33188BC44DFFD1.e.9772","ELEMENT":"f.CB997DD3A6212A0539B4B9AD4CB02789.d.4C35328C2C998E08BC33188BC44DFFD1.e.9772"}]}
RESULT: {"script":"<script> [8489 bytes]","args":[{"element-6066-11e4-a52e-4f735466cecf":"f.CB997DD3A6212A0539B4B9AD4CB02789.d.4C35328C2C998E08BC33188BC44DFFD1.e.9772","ELEMENT":"f.CB997DD3A6212A0539B4B9AD4CB02789.d.4C35328C2C998E08BC33188BC44DFFD1.e.9772"}]}
COMMAND: GET /session/02ea79fddde22fa81bffc0522714798c/element/f.CB997DD3A6212A0539B4B9AD4CB02789.d.4C35328C2C998E08BC33188BC44DFFD1.e.9772/enabled - {}
COMMAND: GET /session/02ea79fddde22fa81bffc0522714798c/screenshot - {}
RESULT: {}
COMMAND: POST /session/02ea79fddde22fa81bffc0522714798c/execute/sync - {"script":"<script> [8489 bytes]","args":[{"element-6066-11e4-a52e-4f735466cecf":"f.CB997DD3A6212A0539B4B9AD4CB02789.d.4C35328C2C998E08BC33188BC44DFFD1.e.9772","ELEMENT":"f.CB997DD3A6212A0539B4B9AD4CB02789.d.4C35328C2C998E08BC33188BC44DFFD1.e.9772"}]}
COMMAND: GET /session/02ea79fddde22fa81bffc0522714798c/screenshot - {}
RESULT: {}
RESULT: {"script":"<script> [8489 bytes]","args":[{"element-6066-11e4-a52e-4f735466cecf":"f.CB997DD3A6212A0539B4B9AD4CB02789.d.4C35328C2C998E08BC33188BC44DFFD1.e.9772","ELEMENT":"f.CB997DD3A6212A0539B4B9AD4CB02789.d.4C35328C2C998E08BC33188BC44DFFD1.e.9772"}]}
COMMAND: POST /session/02ea79fddde22fa81bffc0522714798c/execute/sync - {"script":"<script> [5351 bytes]","args":[{"element-6066-11e4-a52e-4f735466cecf":"f.CB997DD3A6212A0539B4B9AD4CB02789.d.4C35328C2C998E08BC33188BC44DFFD1.e.9772","ELEMENT":"f.CB997DD3A6212A0539B4B9AD4CB02789.d.4C35328C2C998E08BC33188BC44DFFD1.e.9772"}]}
COMMAND: GET /session/02ea79fddde22fa81bffc0522714798c/screenshot - {}
RESULT: {}
RESULT: {"script":"<script> [5351 bytes]","args":[{"element-6066-11e4-a52e-4f735466cecf":"f.CB997DD3A6212A0539B4B9AD4CB02789.d.4C35328C2C998E08BC33188BC44DFFD1.e.9772","ELEMENT":"f.CB997DD3A6212A0539B4B9AD4CB02789.d.4C35328C2C998E08BC33188BC44DFFD1.e.9772"}]}
COMMAND: POST /session/02ea79fddde22fa81bffc0522714798c/element/f.CB997DD3A6212A0539B4B9AD4CB02789.d.4C35328C2C998E08BC33188BC44DFFD1.e.9772/click - {}
COMMAND: GET /session/02ea79fddde22fa81bffc0522714798c/screenshot - {}
RESULT: {}
RESULT: {}
COMMAND: GET /session/02ea79fddde22fa81bffc0522714798c/screenshot - {}
RESULT: {}
RESULT: {}
COMMAND: POST /session/02ea79fddde22fa81bffc0522714798c/actions - {"actions":[{"id":"action32","type":"key","parameters":{},"actions":[{"type":"keyDown","value":"î€‡"},{"type":"pause","duration":10},{"type":"keyUp","value":"î€‡"}]}]}
RESULT: {"actions":[{"id":"action32","type":"key","parameters":{},"actions":[{"type":"keyDown","value":"î€‡"},{"type":"pause","duration":10},{"type":"keyUp","value":"î€‡"}]}]}
COMMAND: GET /session/02ea79fddde22fa81bffc0522714798c/screenshot - {}
RESULT: {}
COMMAND: POST /session/02ea79fddde22fa81bffc0522714798c/execute/async - {"script":"<script> [1562 bytes]","args":[{"selector":{"id":"application-manageconditionprice-display-component---newCondition--condBillCond-arrow"},"wdio_ui5_key":"applicationmanageconditionprice-display-component---newCondition--condBillCond-arrow"}]}
RESULT: {"script":"<script> [1562 bytes]","args":[{"selector":{"id":"application-manageconditionprice-display-component---newCondition--condBillCond-arrow"},"wdio_ui5_key":"applicationmanageconditionprice-display-component---newCondition--condBillCond-arrow"}]}
RESULT: undefined
COMMAND: POST /session/02ea79fddde22fa81bffc0522714798c/element - {"using":"xpath","value":"//*[@id=\"application-manageconditionprice-display-component---newCondition--condBillCond-arrow\"]"}
RESULT: {"using":"xpath","value":"//*[@id=\"application-manageconditionprice-display-component---newCondition--condBillCond-arrow\"]"}
COMMAND: POST /session/02ea79fddde22fa81bffc0522714798c/element/f.CB997DD3A6212A0539B4B9AD4CB02789.d.4C35328C2C998E08BC33188BC44DFFD1.e.9947/click - {}
RESULT: {}
COMMAND: GET /session/02ea79fddde22fa81bffc0522714798c/screenshot - {}
RESULT: {}
COMMAND: POST /session/02ea79fddde22fa81bffc0522714798c/element - {"using":"xpath","value":"//li[.//span[contains(text(), \"SAPR - Sales price\")]]"}
RESULT: {"using":"xpath","value":"//li[.//span[contains(text(), \"SAPR - Sales price\")]]"}
COMMAND: POST /session/02ea79fddde22fa81bffc0522714798c/element/f.CB997DD3A6212A0539B4B9AD4CB02789.d.4C35328C2C998E08BC33188BC44DFFD1.e.9951/click - {}
RESULT: {}
COMMAND: GET /session/02ea79fddde22fa81bffc0522714798c/screenshot - {}
RESULT: {}
COMMAND: POST /session/02ea79fddde22fa81bffc0522714798c/execute/async - {"script":"<script> [1562 bytes]","args":[{"selector":{"id":"application-manageconditionprice-display-component---newCondition--condValidTo","interaction":{"idSuffix":"inner"}},"wdio_ui5_key":"applicationmanageconditionprice-display-component---newCondition--condValidTo"}]}
RESULT: {"script":"<script> [1562 bytes]","args":[{"selector":{"id":"application-manageconditionprice-display-component---newCondition--condValidTo","interaction":{"idSuffix":"inner"}},"wdio_ui5_key":"applicationmanageconditionprice-display-component---newCondition--condValidTo"}]}
RESULT: undefined
COMMAND: POST /session/02ea79fddde22fa81bffc0522714798c/execute/async - {"script":"<script> [776 bytes]","args":[{"enterText":"12/28/25","selector":{"id":"application-manageconditionprice-display-component---newCondition--condValidTo","interaction":{"idSuffix":"inner"}},"clearTextFirst":true,"interactionType":"ENTER_TEXT"}]}
RESULT: {"script":"<script> [776 bytes]","args":[{"enterText":"12/28/25","selector":{"id":"application-manageconditionprice-display-component---newCondition--condValidTo","interaction":{"idSuffix":"inner"}},"clearTextFirst":true,"interactionType":"ENTER_TEXT"}]}
COMMAND: POST /session/02ea79fddde22fa81bffc0522714798c/element - {"using":"xpath","value":"//input[@id=\"application-manageconditionprice-display-component---newCondition--condRU-inner\"]"}
RESULT: {"using":"xpath","value":"//input[@id=\"application-manageconditionprice-display-component---newCondition--condRU-inner\"]"}
COMMAND: POST /session/02ea79fddde22fa81bffc0522714798c/element/f.CB997DD3A6212A0539B4B9AD4CB02789.d.4C35328C2C998E08BC33188BC44DFFD1.e.9814/clear - {}
RESULT: {}
COMMAND: POST /session/02ea79fddde22fa81bffc0522714798c/element/f.CB997DD3A6212A0539B4B9AD4CB02789.d.4C35328C2C998E08BC33188BC44DFFD1.e.9814/value - {"text":"hCU24p8MYQ"}
COMMAND: GET /session/02ea79fddde22fa81bffc0522714798c/screenshot - {}
RESULT: {"text":"hCU24p8MYQ"}
COMMAND: GET /session/02ea79fddde22fa81bffc0522714798c/screenshot - {}
RESULT: {}
RESULT: {}
COMMAND: POST /session/02ea79fddde22fa81bffc0522714798c/actions - {"actions":[{"id":"action33","type":"key","parameters":{},"actions":[{"type":"keyDown","value":"î€‡"},{"type":"pause","duration":10},{"type":"keyUp","value":"î€‡"}]}]}
RESULT: {"actions":[{"id":"action33","type":"key","parameters":{},"actions":[{"type":"keyDown","value":"î€‡"},{"type":"pause","duration":10},{"type":"keyUp","value":"î€‡"}]}]}
COMMAND: POST /session/02ea79fddde22fa81bffc0522714798c/execute/async - {"script":"<script> [1562 bytes]","args":[{"selector":{"id":"application-manageconditionprice-display-component---newCondition--condBaseQty","interaction":{"idSuffix":"inner"}},"wdio_ui5_key":"applicationmanageconditionprice-display-component---newCondition--condBaseQty"}]}
COMMAND: GET /session/02ea79fddde22fa81bffc0522714798c/screenshot - {}
RESULT: {"script":"<script> [1562 bytes]","args":[{"selector":{"id":"application-manageconditionprice-display-component---newCondition--condBaseQty","interaction":{"idSuffix":"inner"}},"wdio_ui5_key":"applicationmanageconditionprice-display-component---newCondition--condBaseQty"}]}
RESULT: undefined
COMMAND: POST /session/02ea79fddde22fa81bffc0522714798c/execute/async - {"script":"<script> [776 bytes]","args":[{"enterText":"1","selector":{"id":"application-manageconditionprice-display-component---newCondition--condBaseQty","interaction":{"idSuffix":"inner"}},"clearTextFirst":true,"interactionType":"ENTER_TEXT"}]}
RESULT: {}
RESULT: {"script":"<script> [776 bytes]","args":[{"enterText":"1","selector":{"id":"application-manageconditionprice-display-component---newCondition--condBaseQty","interaction":{"idSuffix":"inner"}},"clearTextFirst":true,"interactionType":"ENTER_TEXT"}]}
COMMAND: POST /session/02ea79fddde22fa81bffc0522714798c/execute/async - {"script":"<script> [1562 bytes]","args":[{"selector":{"id":"application-manageconditionprice-display-component---newCondition--condValue","interaction":{"idSuffix":"inner"}},"wdio_ui5_key":"applicationmanageconditionprice-display-component---newCondition--condValue"}]}
RESULT: {"script":"<script> [1562 bytes]","args":[{"selector":{"id":"application-manageconditionprice-display-component---newCondition--condValue","interaction":{"idSuffix":"inner"}},"wdio_ui5_key":"applicationmanageconditionprice-display-component---newCondition--condValue"}]}
RESULT: undefined
COMMAND: POST /session/02ea79fddde22fa81bffc0522714798c/execute/async - {"script":"<script> [776 bytes]","args":[{"enterText":"200","selector":{"id":"application-manageconditionprice-display-component---newCondition--condValue","interaction":{"idSuffix":"inner"}},"clearTextFirst":true,"interactionType":"ENTER_TEXT"}]}
RESULT: {"script":"<script> [776 bytes]","args":[{"enterText":"200","selector":{"id":"application-manageconditionprice-display-component---newCondition--condValue","interaction":{"idSuffix":"inner"}},"clearTextFirst":true,"interactionType":"ENTER_TEXT"}]}
COMMAND: POST /session/02ea79fddde22fa81bffc0522714798c/execute/async - {"script":"<script> [1562 bytes]","args":[{"selector":{"id":"application-manageconditionprice-display-component---newCondition--condCurr-arrow"},"wdio_ui5_key":"applicationmanageconditionprice-display-component---newCondition--condCurr-arrow"}]}
RESULT: {"script":"<script> [1562 bytes]","args":[{"selector":{"id":"application-manageconditionprice-display-component---newCondition--condCurr-arrow"},"wdio_ui5_key":"applicationmanageconditionprice-display-component---newCondition--condCurr-arrow"}]}
RESULT: undefined
COMMAND: POST /session/02ea79fddde22fa81bffc0522714798c/element - {"using":"xpath","value":"//*[@id=\"application-manageconditionprice-display-component---newCondition--condCurr-arrow\"]"}
RESULT: {"using":"xpath","value":"//*[@id=\"application-manageconditionprice-display-component---newCondition--condCurr-arrow\"]"}
COMMAND: POST /session/02ea79fddde22fa81bffc0522714798c/element/f.CB997DD3A6212A0539B4B9AD4CB02789.d.4C35328C2C998E08BC33188BC44DFFD1.e.9931/click - {}
RESULT: {}
COMMAND: POST /session/02ea79fddde22fa81bffc0522714798c/element - {"using":"xpath","value":"//span[contains(text(), \"Euro\")]"}
COMMAND: GET /session/02ea79fddde22fa81bffc0522714798c/screenshot - {}
RESULT: {"using":"xpath","value":"//span[contains(text(), \"Euro\")]"}
COMMAND: POST /session/02ea79fddde22fa81bffc0522714798c/element/f.CB997DD3A6212A0539B4B9AD4CB02789.d.4C35328C2C998E08BC33188BC44DFFD1.e.9989/click - {}
RESULT: {}
RESULT: {}
COMMAND: POST /session/02ea79fddde22fa81bffc0522714798c/element - {"using":"xpath","value":"//button[@data-kt=\"saveButton\"]"}
COMMAND: GET /session/02ea79fddde22fa81bffc0522714798c/screenshot - {}
RESULT: {"using":"xpath","value":"//button[@data-kt=\"saveButton\"]"}
COMMAND: POST /session/02ea79fddde22fa81bffc0522714798c/element/f.CB997DD3A6212A0539B4B9AD4CB02789.d.4C35328C2C998E08BC33188BC44DFFD1.e.9932/click - {}
RESULT: {}
RESULT: {}
COMMAND: GET /session/02ea79fddde22fa81bffc0522714798c/screenshot - {}
RESULT: {}
COMMAND: POST /session/02ea79fddde22fa81bffc0522714798c/execute/async - {"script":"<script> [1562 bytes]","args":[{"selector":{"id":"application-manageconditionprice-display-component---conditions--smartFilterBar-btnBasicSearch","interaction":{"idSuffix":"I"}},"wdio_ui5_key":"applicationmanageconditionprice-display-component---conditions--smartFilterBar-btnBasicSearch"}]}
RESULT: {"script":"<script> [1562 bytes]","args":[{"selector":{"id":"application-manageconditionprice-display-component---conditions--smartFilterBar-btnBasicSearch","interaction":{"idSuffix":"I"}},"wdio_ui5_key":"applicationmanageconditionprice-display-component---conditions--smartFilterBar-btnBasicSearch"}]}
RESULT: undefined
COMMAND: POST /session/02ea79fddde22fa81bffc0522714798c/execute/async - {"script":"<script> [776 bytes]","args":[{"enterText":"hCU24p8MYQ","selector":{"id":"application-manageconditionprice-display-component---conditions--smartFilterBar-btnBasicSearch","interaction":{"idSuffix":"I"}},"clearTextFirst":true,"interactionType":"ENTER_TEXT"}]}
RESULT: {"script":"<script> [776 bytes]","args":[{"enterText":"hCU24p8MYQ","selector":{"id":"application-manageconditionprice-display-component---conditions--smartFilterBar-btnBasicSearch","interaction":{"idSuffix":"I"}},"clearTextFirst":true,"interactionType":"ENTER_TEXT"}]}
COMMAND: POST /session/02ea79fddde22fa81bffc0522714798c/actions - {"actions":[{"id":"action34","type":"key","parameters":{},"actions":[{"type":"keyDown","value":"î€‡"},{"type":"pause","duration":10},{"type":"keyUp","value":"î€‡"}]}]}
RESULT: {"actions":[{"id":"action34","type":"key","parameters":{},"actions":[{"type":"keyDown","value":"î€‡"},{"type":"pause","duration":10},{"type":"keyUp","value":"î€‡"}]}]}
COMMAND: GET /session/02ea79fddde22fa81bffc0522714798c/screenshot - {}
RESULT: {}
COMMAND: POST /session/02ea79fddde22fa81bffc0522714798c/execute/async - {"script":"<script> [1562 bytes]","args":[{"selector":{"id":"application-manageconditionprice-display-component---conditions--smartFilterBar-filterItemControl_BASIC-BILL_TYPES-vhi"},"wdio_ui5_key":"applicationmanageconditionprice-display-component---conditions--smartFilterBar-filterItemControl_BASIC-BILL_TYPES-vhi"}]}
RESULT: {"script":"<script> [1562 bytes]","args":[{"selector":{"id":"application-manageconditionprice-display-component---conditions--smartFilterBar-filterItemControl_BASIC-BILL_TYPES-vhi"},"wdio_ui5_key":"applicationmanageconditionprice-display-component---conditions--smartFilterBar-filterItemControl_BASIC-BILL_TYPES-vhi"}]}
RESULT: undefined
COMMAND: POST /session/02ea79fddde22fa81bffc0522714798c/element - {"using":"xpath","value":"//*[@id=\"application-manageconditionprice-display-component---conditions--smartFilterBar-filterItemControl_BASIC-BILL_TYPES-vhi\"]"}
RESULT: {"using":"xpath","value":"//*[@id=\"application-manageconditionprice-display-component---conditions--smartFilterBar-filterItemControl_BASIC-BILL_TYPES-vhi\"]"}
COMMAND: POST /session/02ea79fddde22fa81bffc0522714798c/element/f.CB997DD3A6212A0539B4B9AD4CB02789.d.4C35328C2C998E08BC33188BC44DFFD1.e.10006/click - {}
RESULT: {}
COMMAND: POST /session/02ea79fddde22fa81bffc0522714798c/execute/async - {"script":"<script> [1562 bytes]","args":[{"selector":{"id":"application-manageconditionprice-display-component---conditions--smartFilterBar-filterItemControl_BASIC-BILL_TYPES-valueHelpDialog-smartFilterBar-btnBasicSearch","searchOpenDialogs":true,"interaction":{"idSuffix":"I"}},"wdio_ui5_key":"applicationmanageconditionprice-display-component---conditions--smartFilterBar-filterItemControl_BASIC-BILL_TYPES-valueHelpDialog-smartFilterBar-btnBasicSearch"}]}
COMMAND: GET /session/02ea79fddde22fa81bffc0522714798c/screenshot - {}
RESULT: {"script":"<script> [1562 bytes]","args":[{"selector":{"id":"application-manageconditionprice-display-component---conditions--smartFilterBar-filterItemControl_BASIC-BILL_TYPES-valueHelpDialog-smartFilterBar-btnBasicSearch","searchOpenDialogs":true,"interaction":{"idSuffix":"I"}},"wdio_ui5_key":"applicationmanageconditionprice-display-component---conditions--smartFilterBar-filterItemControl_BASIC-BILL_TYPES-valueHelpDialog-smartFilterBar-btnBasicSearch"}]}
RESULT: undefined
COMMAND: POST /session/02ea79fddde22fa81bffc0522714798c/execute/async - {"script":"<script> [776 bytes]","args":[{"enterText":"one","selector":{"id":"application-manageconditionprice-display-component---conditions--smartFilterBar-filterItemControl_BASIC-BILL_TYPES-valueHelpDialog-smartFilterBar-btnBasicSearch","searchOpenDialogs":true,"interaction":{"idSuffix":"I"}},"clearTextFirst":true,"interactionType":"ENTER_TEXT"}]}
RESULT: {}
RESULT: {"script":"<script> [776 bytes]","args":[{"enterText":"one","selector":{"id":"application-manageconditionprice-display-component---conditions--smartFilterBar-filterItemControl_BASIC-BILL_TYPES-valueHelpDialog-smartFilterBar-btnBasicSearch","searchOpenDialogs":true,"interaction":{"idSuffix":"I"}},"clearTextFirst":true,"interactionType":"ENTER_TEXT"}]}
COMMAND: POST /session/02ea79fddde22fa81bffc0522714798c/actions - {"actions":[{"id":"action35","type":"key","parameters":{},"actions":[{"type":"keyDown","value":"î€‡"},{"type":"pause","duration":10},{"type":"keyUp","value":"î€‡"}]}]}
RESULT: {"actions":[{"id":"action35","type":"key","parameters":{},"actions":[{"type":"keyDown","value":"î€‡"},{"type":"pause","duration":10},{"type":"keyUp","value":"î€‡"}]}]}
COMMAND: GET /session/02ea79fddde22fa81bffc0522714798c/screenshot - {}
RESULT: {}
COMMAND: POST /session/02ea79fddde22fa81bffc0522714798c/element - {"using":"xpath","value":"//div[contains(@id, 'application-manageconditionprice-display-component---conditions--smartFilterBar-filterItemControl_BASIC-BILL_TYPES-valueHelpDialog-table-rowsel0')]"}
RESULT: {"using":"xpath","value":"//div[contains(@id, 'application-manageconditionprice-display-component---conditions--smartFilterBar-filterItemControl_BASIC-BILL_TYPES-valueHelpDialog-table-rowsel0')]"}
COMMAND: POST /session/02ea79fddde22fa81bffc0522714798c/element/f.CB997DD3A6212A0539B4B9AD4CB02789.d.4C35328C2C998E08BC33188BC44DFFD1.e.10015/click - {}
RESULT: {}
COMMAND: GET /session/02ea79fddde22fa81bffc0522714798c/screenshot - {}
RESULT: {}
COMMAND: POST /session/02ea79fddde22fa81bffc0522714798c/element - {"using":"xpath","value":"//bdi[contains(text(), \"OK\")]"}
RESULT: {"using":"xpath","value":"//bdi[contains(text(), \"OK\")]"}
COMMAND: POST /session/02ea79fddde22fa81bffc0522714798c/element/f.CB997DD3A6212A0539B4B9AD4CB02789.d.4C35328C2C998E08BC33188BC44DFFD1.e.10017/click - {}
RESULT: {}
COMMAND: GET /session/02ea79fddde22fa81bffc0522714798c/screenshot - {}
RESULT: {}
COMMAND: POST /session/02ea79fddde22fa81bffc0522714798c/element - {"using":"xpath","value":"//span[@id=\"application-manageconditionprice-display-component---conditions--smartTable-header-inner\"]"}
RESULT: {"using":"xpath","value":"//span[@id=\"application-manageconditionprice-display-component---conditions--smartTable-header-inner\"]"}
COMMAND: POST /session/02ea79fddde22fa81bffc0522714798c/elements - {"using":"xpath","value":"//span[@id=\"application-manageconditionprice-display-component---conditions--smartTable-header-inner\"]"}
RESULT: {"using":"xpath","value":"//span[@id=\"application-manageconditionprice-display-component---conditions--smartTable-header-inner\"]"}
COMMAND: POST /session/02ea79fddde22fa81bffc0522714798c/execute/sync - {"script":"<script> [56 bytes]","args":[{"element-6066-11e4-a52e-4f735466cecf":"f.CB997DD3A6212A0539B4B9AD4CB02789.d.4C35328C2C998E08BC33188BC44DFFD1.e.10020","ELEMENT":"f.CB997DD3A6212A0539B4B9AD4CB02789.d.4C35328C2C998E08BC33188BC44DFFD1.e.10020"}]}
RESULT: {"script":"<script> [56 bytes]","args":[{"element-6066-11e4-a52e-4f735466cecf":"f.CB997DD3A6212A0539B4B9AD4CB02789.d.4C35328C2C998E08BC33188BC44DFFD1.e.10020","ELEMENT":"f.CB997DD3A6212A0539B4B9AD4CB02789.d.4C35328C2C998E08BC33188BC44DFFD1.e.10020"}]}
COMMAND: POST /session/02ea79fddde22fa81bffc0522714798c/element - {"using":"css selector","value":"#shell-header-logo"}
COMMAND: GET /session/02ea79fddde22fa81bffc0522714798c/screenshot - {}
RESULT: {"using":"css selector","value":"#shell-header-logo"}
COMMAND: POST /session/02ea79fddde22fa81bffc0522714798c/element/f.CB997DD3A6212A0539B4B9AD4CB02789.d.4C35328C2C998E08BC33188BC44DFFD1.e.9740/click - {}
RESULT: {}
RESULT: {}
COMMAND: GET /session/02ea79fddde22fa81bffc0522714798c/screenshot - {}
RESULT: {}
]]></system-out>
    </testcase>
    <testcase classname="chrome.135_0_7049_96.windows.Create_master_data_for_mixed_billing_&amp;_do_billing_calculation_US151661" name="Should add performance based condition" time="58.44">
      <system-out><![CDATA[
RESULT: undefined
COMMAND: POST /session/02ea79fddde22fa81bffc0522714798c/element - {"using":"xpath","value":"//*[@id=\"__tile53-title\"]"}
RESULT: {"using":"xpath","value":"//*[@id=\"__tile53-title\"]"}
COMMAND: POST /session/02ea79fddde22fa81bffc0522714798c/element/f.CB997DD3A6212A0539B4B9AD4CB02789.d.4C35328C2C998E08BC33188BC44DFFD1.e.9738/click - {}
RESULT: {}
COMMAND: POST /session/02ea79fddde22fa81bffc0522714798c/element - {"using":"xpath","value":"//button[@aria-label=\"Create\"]"}
COMMAND: GET /session/02ea79fddde22fa81bffc0522714798c/screenshot - {}
RESULT: {"using":"xpath","value":"//button[@aria-label=\"Create\"]"}
COMMAND: POST /session/02ea79fddde22fa81bffc0522714798c/elements - {"using":"xpath","value":"//button[@aria-label=\"Create\"]"}
RESULT: {}
RESULT: {"using":"xpath","value":"//button[@aria-label=\"Create\"]"}
COMMAND: POST /session/02ea79fddde22fa81bffc0522714798c/element - {"using":"xpath","value":"//button[@aria-label=\"Create\"]"}
RESULT: {"using":"xpath","value":"//button[@aria-label=\"Create\"]"}
COMMAND: POST /session/02ea79fddde22fa81bffc0522714798c/execute/sync - {"script":"<script> [8489 bytes]","args":[{"element-6066-11e4-a52e-4f735466cecf":"f.CB997DD3A6212A0539B4B9AD4CB02789.d.4C35328C2C998E08BC33188BC44DFFD1.e.10063","ELEMENT":"f.CB997DD3A6212A0539B4B9AD4CB02789.d.4C35328C2C998E08BC33188BC44DFFD1.e.10063"}]}
RESULT: {"script":"<script> [8489 bytes]","args":[{"element-6066-11e4-a52e-4f735466cecf":"f.CB997DD3A6212A0539B4B9AD4CB02789.d.4C35328C2C998E08BC33188BC44DFFD1.e.10063","ELEMENT":"f.CB997DD3A6212A0539B4B9AD4CB02789.d.4C35328C2C998E08BC33188BC44DFFD1.e.10063"}]}
COMMAND: GET /session/02ea79fddde22fa81bffc0522714798c/element/f.CB997DD3A6212A0539B4B9AD4CB02789.d.4C35328C2C998E08BC33188BC44DFFD1.e.10063/enabled - {}
COMMAND: GET /session/02ea79fddde22fa81bffc0522714798c/screenshot - {}
RESULT: {}
COMMAND: POST /session/02ea79fddde22fa81bffc0522714798c/execute/sync - {"script":"<script> [8489 bytes]","args":[{"element-6066-11e4-a52e-4f735466cecf":"f.CB997DD3A6212A0539B4B9AD4CB02789.d.4C35328C2C998E08BC33188BC44DFFD1.e.10063","ELEMENT":"f.CB997DD3A6212A0539B4B9AD4CB02789.d.4C35328C2C998E08BC33188BC44DFFD1.e.10063"}]}
COMMAND: GET /session/02ea79fddde22fa81bffc0522714798c/screenshot - {}
RESULT: {}
RESULT: {"script":"<script> [8489 bytes]","args":[{"element-6066-11e4-a52e-4f735466cecf":"f.CB997DD3A6212A0539B4B9AD4CB02789.d.4C35328C2C998E08BC33188BC44DFFD1.e.10063","ELEMENT":"f.CB997DD3A6212A0539B4B9AD4CB02789.d.4C35328C2C998E08BC33188BC44DFFD1.e.10063"}]}
COMMAND: POST /session/02ea79fddde22fa81bffc0522714798c/execute/sync - {"script":"<script> [5351 bytes]","args":[{"element-6066-11e4-a52e-4f735466cecf":"f.CB997DD3A6212A0539B4B9AD4CB02789.d.4C35328C2C998E08BC33188BC44DFFD1.e.10063","ELEMENT":"f.CB997DD3A6212A0539B4B9AD4CB02789.d.4C35328C2C998E08BC33188BC44DFFD1.e.10063"}]}
COMMAND: GET /session/02ea79fddde22fa81bffc0522714798c/screenshot - {}
RESULT: {}
RESULT: {"script":"<script> [5351 bytes]","args":[{"element-6066-11e4-a52e-4f735466cecf":"f.CB997DD3A6212A0539B4B9AD4CB02789.d.4C35328C2C998E08BC33188BC44DFFD1.e.10063","ELEMENT":"f.CB997DD3A6212A0539B4B9AD4CB02789.d.4C35328C2C998E08BC33188BC44DFFD1.e.10063"}]}
COMMAND: POST /session/02ea79fddde22fa81bffc0522714798c/element/f.CB997DD3A6212A0539B4B9AD4CB02789.d.4C35328C2C998E08BC33188BC44DFFD1.e.10063/click - {}
COMMAND: GET /session/02ea79fddde22fa81bffc0522714798c/screenshot - {}
RESULT: {}
RESULT: {}
COMMAND: GET /session/02ea79fddde22fa81bffc0522714798c/screenshot - {}
RESULT: {}
RESULT: {}
COMMAND: POST /session/02ea79fddde22fa81bffc0522714798c/actions - {"actions":[{"id":"action36","type":"key","parameters":{},"actions":[{"type":"keyDown","value":"î€‡"},{"type":"pause","duration":10},{"type":"keyUp","value":"î€‡"}]}]}
RESULT: {"actions":[{"id":"action36","type":"key","parameters":{},"actions":[{"type":"keyDown","value":"î€‡"},{"type":"pause","duration":10},{"type":"keyUp","value":"î€‡"}]}]}
COMMAND: GET /session/02ea79fddde22fa81bffc0522714798c/screenshot - {}
RESULT: undefined
COMMAND: POST /session/02ea79fddde22fa81bffc0522714798c/element - {"using":"xpath","value":"//*[@id=\"application-manageconditionprice-display-component---newCondition--condBillCond-arrow\"]"}
RESULT: {}
RESULT: {"using":"xpath","value":"//*[@id=\"application-manageconditionprice-display-component---newCondition--condBillCond-arrow\"]"}
COMMAND: POST /session/02ea79fddde22fa81bffc0522714798c/element/f.CB997DD3A6212A0539B4B9AD4CB02789.d.4C35328C2C998E08BC33188BC44DFFD1.e.10483/click - {}
RESULT: {}
COMMAND: GET /session/02ea79fddde22fa81bffc0522714798c/screenshot - {}
RESULT: {}
COMMAND: POST /session/02ea79fddde22fa81bffc0522714798c/element - {"using":"xpath","value":"//li[.//span[contains(text(), \"PC06 - Performance Price - fuel\")]]"}
RESULT: {"using":"xpath","value":"//li[.//span[contains(text(), \"PC06 - Performance Price - fuel\")]]"}
COMMAND: POST /session/02ea79fddde22fa81bffc0522714798c/element/f.CB997DD3A6212A0539B4B9AD4CB02789.d.4C35328C2C998E08BC33188BC44DFFD1.e.10486/click - {}
RESULT: {}
COMMAND: GET /session/02ea79fddde22fa81bffc0522714798c/screenshot - {}
RESULT: {}
RESULT: undefined
COMMAND: POST /session/02ea79fddde22fa81bffc0522714798c/execute/async - {"script":"<script> [776 bytes]","args":[{"enterText":"12/28/25","selector":{"id":"application-manageconditionprice-display-component---newCondition--condValidTo","interaction":{"idSuffix":"inner"}},"clearTextFirst":true,"interactionType":"ENTER_TEXT"}]}
RESULT: {"script":"<script> [776 bytes]","args":[{"enterText":"12/28/25","selector":{"id":"application-manageconditionprice-display-component---newCondition--condValidTo","interaction":{"idSuffix":"inner"}},"clearTextFirst":true,"interactionType":"ENTER_TEXT"}]}
COMMAND: POST /session/02ea79fddde22fa81bffc0522714798c/element - {"using":"xpath","value":"//input[@id=\"application-manageconditionprice-display-component---newCondition--condRU-inner\"]"}
RESULT: {"using":"xpath","value":"//input[@id=\"application-manageconditionprice-display-component---newCondition--condRU-inner\"]"}
COMMAND: POST /session/02ea79fddde22fa81bffc0522714798c/element/f.CB997DD3A6212A0539B4B9AD4CB02789.d.4C35328C2C998E08BC33188BC44DFFD1.e.10237/clear - {}
RESULT: {}
COMMAND: POST /session/02ea79fddde22fa81bffc0522714798c/element/f.CB997DD3A6212A0539B4B9AD4CB02789.d.4C35328C2C998E08BC33188BC44DFFD1.e.10237/value - {"text":"hCU24p8MYQ"}
COMMAND: GET /session/02ea79fddde22fa81bffc0522714798c/screenshot - {}
RESULT: {"text":"hCU24p8MYQ"}
COMMAND: GET /session/02ea79fddde22fa81bffc0522714798c/screenshot - {}
RESULT: {}
RESULT: {}
COMMAND: POST /session/02ea79fddde22fa81bffc0522714798c/actions - {"actions":[{"id":"action37","type":"key","parameters":{},"actions":[{"type":"keyDown","value":"î€‡"},{"type":"pause","duration":10},{"type":"keyUp","value":"î€‡"}]}]}
RESULT: {"actions":[{"id":"action37","type":"key","parameters":{},"actions":[{"type":"keyDown","value":"î€‡"},{"type":"pause","duration":10},{"type":"keyUp","value":"î€‡"}]}]}
RESULT: undefined
COMMAND: POST /session/02ea79fddde22fa81bffc0522714798c/execute/async - {"script":"<script> [776 bytes]","args":[{"enterText":"1","selector":{"id":"application-manageconditionprice-display-component---newCondition--condBaseQty","interaction":{"idSuffix":"inner"}},"clearTextFirst":true,"interactionType":"ENTER_TEXT"}]}
COMMAND: GET /session/02ea79fddde22fa81bffc0522714798c/screenshot - {}
RESULT: {"script":"<script> [776 bytes]","args":[{"enterText":"1","selector":{"id":"application-manageconditionprice-display-component---newCondition--condBaseQty","interaction":{"idSuffix":"inner"}},"clearTextFirst":true,"interactionType":"ENTER_TEXT"}]}
RESULT: undefined
COMMAND: POST /session/02ea79fddde22fa81bffc0522714798c/execute/async - {"script":"<script> [776 bytes]","args":[{"enterText":"10","selector":{"id":"application-manageconditionprice-display-component---newCondition--condValue","interaction":{"idSuffix":"inner"}},"clearTextFirst":true,"interactionType":"ENTER_TEXT"}]}
RESULT: {}
RESULT: {"script":"<script> [776 bytes]","args":[{"enterText":"10","selector":{"id":"application-manageconditionprice-display-component---newCondition--condValue","interaction":{"idSuffix":"inner"}},"clearTextFirst":true,"interactionType":"ENTER_TEXT"}]}
RESULT: undefined
COMMAND: POST /session/02ea79fddde22fa81bffc0522714798c/element - {"using":"xpath","value":"//*[@id=\"application-manageconditionprice-display-component---newCondition--condCurr-arrow\"]"}
RESULT: {"using":"xpath","value":"//*[@id=\"application-manageconditionprice-display-component---newCondition--condCurr-arrow\"]"}
COMMAND: POST /session/02ea79fddde22fa81bffc0522714798c/element/f.CB997DD3A6212A0539B4B9AD4CB02789.d.4C35328C2C998E08BC33188BC44DFFD1.e.10446/click - {}
RESULT: {}
COMMAND: POST /session/02ea79fddde22fa81bffc0522714798c/element - {"using":"xpath","value":"//span[contains(text(), \"Euro\")]"}
COMMAND: GET /session/02ea79fddde22fa81bffc0522714798c/screenshot - {}
RESULT: {"using":"xpath","value":"//span[contains(text(), \"Euro\")]"}
COMMAND: POST /session/02ea79fddde22fa81bffc0522714798c/element/f.CB997DD3A6212A0539B4B9AD4CB02789.d.4C35328C2C998E08BC33188BC44DFFD1.e.10521/click - {}
RESULT: {}
RESULT: {}
COMMAND: POST /session/02ea79fddde22fa81bffc0522714798c/element - {"using":"xpath","value":"//button[@data-kt=\"saveButton\"]"}
COMMAND: GET /session/02ea79fddde22fa81bffc0522714798c/screenshot - {}
RESULT: {"using":"xpath","value":"//button[@data-kt=\"saveButton\"]"}
COMMAND: POST /session/02ea79fddde22fa81bffc0522714798c/element/f.CB997DD3A6212A0539B4B9AD4CB02789.d.4C35328C2C998E08BC33188BC44DFFD1.e.10447/click - {}
RESULT: {}
RESULT: {}
COMMAND: GET /session/02ea79fddde22fa81bffc0522714798c/screenshot - {}
RESULT: {}
RESULT: undefined
COMMAND: POST /session/02ea79fddde22fa81bffc0522714798c/execute/async - {"script":"<script> [776 bytes]","args":[{"enterText":"hCU24p8MYQ","selector":{"id":"application-manageconditionprice-display-component---conditions--smartFilterBar-btnBasicSearch","interaction":{"idSuffix":"I"}},"clearTextFirst":true,"interactionType":"ENTER_TEXT"}]}
RESULT: {"script":"<script> [776 bytes]","args":[{"enterText":"hCU24p8MYQ","selector":{"id":"application-manageconditionprice-display-component---conditions--smartFilterBar-btnBasicSearch","interaction":{"idSuffix":"I"}},"clearTextFirst":true,"interactionType":"ENTER_TEXT"}]}
COMMAND: POST /session/02ea79fddde22fa81bffc0522714798c/actions - {"actions":[{"id":"action38","type":"key","parameters":{},"actions":[{"type":"keyDown","value":"î€‡"},{"type":"pause","duration":10},{"type":"keyUp","value":"î€‡"}]}]}
RESULT: {"actions":[{"id":"action38","type":"key","parameters":{},"actions":[{"type":"keyDown","value":"î€‡"},{"type":"pause","duration":10},{"type":"keyUp","value":"î€‡"}]}]}
COMMAND: GET /session/02ea79fddde22fa81bffc0522714798c/screenshot - {}
RESULT: {}
RESULT: undefined
COMMAND: POST /session/02ea79fddde22fa81bffc0522714798c/element - {"using":"xpath","value":"//*[@id=\"application-manageconditionprice-display-component---conditions--smartFilterBar-filterItemControl_BASIC-BILL_TYPES-vhi\"]"}
RESULT: {"using":"xpath","value":"//*[@id=\"application-manageconditionprice-display-component---conditions--smartFilterBar-filterItemControl_BASIC-BILL_TYPES-vhi\"]"}
COMMAND: POST /session/02ea79fddde22fa81bffc0522714798c/element/f.CB997DD3A6212A0539B4B9AD4CB02789.d.4C35328C2C998E08BC33188BC44DFFD1.e.10561/click - {}
RESULT: {}
RESULT: undefined
COMMAND: POST /session/02ea79fddde22fa81bffc0522714798c/execute/async - {"script":"<script> [776 bytes]","args":[{"enterText":"PB","selector":{"id":"application-manageconditionprice-display-component---conditions--smartFilterBar-filterItemControl_BASIC-BILL_TYPES-valueHelpDialog-smartFilterBar-btnBasicSearch","searchOpenDialogs":true,"interaction":{"idSuffix":"I"}},"clearTextFirst":true,"interactionType":"ENTER_TEXT"}]}
COMMAND: GET /session/02ea79fddde22fa81bffc0522714798c/screenshot - {}
RESULT: {"script":"<script> [776 bytes]","args":[{"enterText":"PB","selector":{"id":"application-manageconditionprice-display-component---conditions--smartFilterBar-filterItemControl_BASIC-BILL_TYPES-valueHelpDialog-smartFilterBar-btnBasicSearch","searchOpenDialogs":true,"interaction":{"idSuffix":"I"}},"clearTextFirst":true,"interactionType":"ENTER_TEXT"}]}
COMMAND: POST /session/02ea79fddde22fa81bffc0522714798c/actions - {"actions":[{"id":"action39","type":"key","parameters":{},"actions":[{"type":"keyDown","value":"î€‡"},{"type":"pause","duration":10},{"type":"keyUp","value":"î€‡"}]}]}
RESULT: {}
RESULT: {"actions":[{"id":"action39","type":"key","parameters":{},"actions":[{"type":"keyDown","value":"î€‡"},{"type":"pause","duration":10},{"type":"keyUp","value":"î€‡"}]}]}
COMMAND: GET /session/02ea79fddde22fa81bffc0522714798c/screenshot - {}
RESULT: {}
COMMAND: POST /session/02ea79fddde22fa81bffc0522714798c/element - {"using":"xpath","value":"//div[contains(@id, 'application-manageconditionprice-display-component---conditions--smartFilterBar-filterItemControl_BASIC-BILL_TYPES-valueHelpDialog-table-rowsel0')]"}
RESULT: {"using":"xpath","value":"//div[contains(@id, 'application-manageconditionprice-display-component---conditions--smartFilterBar-filterItemControl_BASIC-BILL_TYPES-valueHelpDialog-table-rowsel0')]"}
COMMAND: POST /session/02ea79fddde22fa81bffc0522714798c/element/f.CB997DD3A6212A0539B4B9AD4CB02789.d.4C35328C2C998E08BC33188BC44DFFD1.e.10568/click - {}
RESULT: {}
COMMAND: GET /session/02ea79fddde22fa81bffc0522714798c/screenshot - {}
RESULT: {}
COMMAND: POST /session/02ea79fddde22fa81bffc0522714798c/element - {"using":"xpath","value":"//bdi[contains(text(), \"OK\")]"}
RESULT: {"using":"xpath","value":"//bdi[contains(text(), \"OK\")]"}
COMMAND: POST /session/02ea79fddde22fa81bffc0522714798c/element/f.CB997DD3A6212A0539B4B9AD4CB02789.d.4C35328C2C998E08BC33188BC44DFFD1.e.10570/click - {}
RESULT: {}
COMMAND: GET /session/02ea79fddde22fa81bffc0522714798c/screenshot - {}
RESULT: {}
COMMAND: POST /session/02ea79fddde22fa81bffc0522714798c/element - {"using":"xpath","value":"//span[@id=\"application-manageconditionprice-display-component---conditions--smartTable-header-inner\"]"}
RESULT: {"using":"xpath","value":"//span[@id=\"application-manageconditionprice-display-component---conditions--smartTable-header-inner\"]"}
COMMAND: POST /session/02ea79fddde22fa81bffc0522714798c/elements - {"using":"xpath","value":"//span[@id=\"application-manageconditionprice-display-component---conditions--smartTable-header-inner\"]"}
RESULT: {"using":"xpath","value":"//span[@id=\"application-manageconditionprice-display-component---conditions--smartTable-header-inner\"]"}
COMMAND: POST /session/02ea79fddde22fa81bffc0522714798c/execute/sync - {"script":"<script> [56 bytes]","args":[{"element-6066-11e4-a52e-4f735466cecf":"f.CB997DD3A6212A0539B4B9AD4CB02789.d.4C35328C2C998E08BC33188BC44DFFD1.e.10573","ELEMENT":"f.CB997DD3A6212A0539B4B9AD4CB02789.d.4C35328C2C998E08BC33188BC44DFFD1.e.10573"}]}
RESULT: {"script":"<script> [56 bytes]","args":[{"element-6066-11e4-a52e-4f735466cecf":"f.CB997DD3A6212A0539B4B9AD4CB02789.d.4C35328C2C998E08BC33188BC44DFFD1.e.10573","ELEMENT":"f.CB997DD3A6212A0539B4B9AD4CB02789.d.4C35328C2C998E08BC33188BC44DFFD1.e.10573"}]}
COMMAND: POST /session/02ea79fddde22fa81bffc0522714798c/element - {"using":"css selector","value":"#shell-header-logo"}
COMMAND: GET /session/02ea79fddde22fa81bffc0522714798c/screenshot - {}
RESULT: {"using":"css selector","value":"#shell-header-logo"}
COMMAND: POST /session/02ea79fddde22fa81bffc0522714798c/element/f.CB997DD3A6212A0539B4B9AD4CB02789.d.4C35328C2C998E08BC33188BC44DFFD1.e.10028/click - {}
RESULT: {}
RESULT: {}
COMMAND: GET /session/02ea79fddde22fa81bffc0522714798c/screenshot - {}
RESULT: {}
]]></system-out>
    </testcase>
    <testcase classname="chrome.135_0_7049_96.windows.Create_master_data_for_mixed_billing_&amp;_do_billing_calculation_US151661" name="Should add time based condition" time="61.653">
      <system-out><![CDATA[
RESULT: undefined
COMMAND: POST /session/02ea79fddde22fa81bffc0522714798c/element - {"using":"xpath","value":"//*[@id=\"__tile53-title\"]"}
RESULT: {"using":"xpath","value":"//*[@id=\"__tile53-title\"]"}
COMMAND: POST /session/02ea79fddde22fa81bffc0522714798c/element/f.CB997DD3A6212A0539B4B9AD4CB02789.d.4C35328C2C998E08BC33188BC44DFFD1.e.9738/click - {}
RESULT: {}
COMMAND: POST /session/02ea79fddde22fa81bffc0522714798c/element - {"using":"xpath","value":"//button[@aria-label=\"Create\"]"}
COMMAND: GET /session/02ea79fddde22fa81bffc0522714798c/screenshot - {}
RESULT: {"using":"xpath","value":"//button[@aria-label=\"Create\"]"}
COMMAND: POST /session/02ea79fddde22fa81bffc0522714798c/elements - {"using":"xpath","value":"//button[@aria-label=\"Create\"]"}
RESULT: {}
RESULT: {"using":"xpath","value":"//button[@aria-label=\"Create\"]"}
COMMAND: POST /session/02ea79fddde22fa81bffc0522714798c/execute/sync - {"script":"<script> [8489 bytes]","args":[{"element-6066-11e4-a52e-4f735466cecf":"f.CB997DD3A6212A0539B4B9AD4CB02789.d.4C35328C2C998E08BC33188BC44DFFD1.e.10620","ELEMENT":"f.CB997DD3A6212A0539B4B9AD4CB02789.d.4C35328C2C998E08BC33188BC44DFFD1.e.10620"}]}
RESULT: {"script":"<script> [8489 bytes]","args":[{"element-6066-11e4-a52e-4f735466cecf":"f.CB997DD3A6212A0539B4B9AD4CB02789.d.4C35328C2C998E08BC33188BC44DFFD1.e.10620","ELEMENT":"f.CB997DD3A6212A0539B4B9AD4CB02789.d.4C35328C2C998E08BC33188BC44DFFD1.e.10620"}]}
COMMAND: GET /session/02ea79fddde22fa81bffc0522714798c/element/f.CB997DD3A6212A0539B4B9AD4CB02789.d.4C35328C2C998E08BC33188BC44DFFD1.e.10620/enabled - {}
COMMAND: GET /session/02ea79fddde22fa81bffc0522714798c/screenshot - {}
RESULT: {}
COMMAND: POST /session/02ea79fddde22fa81bffc0522714798c/execute/sync - {"script":"<script> [8489 bytes]","args":[{"element-6066-11e4-a52e-4f735466cecf":"f.CB997DD3A6212A0539B4B9AD4CB02789.d.4C35328C2C998E08BC33188BC44DFFD1.e.10620","ELEMENT":"f.CB997DD3A6212A0539B4B9AD4CB02789.d.4C35328C2C998E08BC33188BC44DFFD1.e.10620"}]}
COMMAND: GET /session/02ea79fddde22fa81bffc0522714798c/screenshot - {}
RESULT: {}
RESULT: {"script":"<script> [8489 bytes]","args":[{"element-6066-11e4-a52e-4f735466cecf":"f.CB997DD3A6212A0539B4B9AD4CB02789.d.4C35328C2C998E08BC33188BC44DFFD1.e.10620","ELEMENT":"f.CB997DD3A6212A0539B4B9AD4CB02789.d.4C35328C2C998E08BC33188BC44DFFD1.e.10620"}]}
COMMAND: POST /session/02ea79fddde22fa81bffc0522714798c/execute/sync - {"script":"<script> [5351 bytes]","args":[{"element-6066-11e4-a52e-4f735466cecf":"f.CB997DD3A6212A0539B4B9AD4CB02789.d.4C35328C2C998E08BC33188BC44DFFD1.e.10620","ELEMENT":"f.CB997DD3A6212A0539B4B9AD4CB02789.d.4C35328C2C998E08BC33188BC44DFFD1.e.10620"}]}
COMMAND: GET /session/02ea79fddde22fa81bffc0522714798c/screenshot - {}
RESULT: {}
RESULT: {"script":"<script> [5351 bytes]","args":[{"element-6066-11e4-a52e-4f735466cecf":"f.CB997DD3A6212A0539B4B9AD4CB02789.d.4C35328C2C998E08BC33188BC44DFFD1.e.10620","ELEMENT":"f.CB997DD3A6212A0539B4B9AD4CB02789.d.4C35328C2C998E08BC33188BC44DFFD1.e.10620"}]}
COMMAND: POST /session/02ea79fddde22fa81bffc0522714798c/element/f.CB997DD3A6212A0539B4B9AD4CB02789.d.4C35328C2C998E08BC33188BC44DFFD1.e.10620/click - {}
COMMAND: GET /session/02ea79fddde22fa81bffc0522714798c/screenshot - {}
RESULT: {}
RESULT: {}
COMMAND: GET /session/02ea79fddde22fa81bffc0522714798c/screenshot - {}
RESULT: {}
RESULT: {}
COMMAND: POST /session/02ea79fddde22fa81bffc0522714798c/actions - {"actions":[{"id":"action40","type":"key","parameters":{},"actions":[{"type":"keyDown","value":"î€‡"},{"type":"pause","duration":10},{"type":"keyUp","value":"î€‡"}]}]}
RESULT: {"actions":[{"id":"action40","type":"key","parameters":{},"actions":[{"type":"keyDown","value":"î€‡"},{"type":"pause","duration":10},{"type":"keyUp","value":"î€‡"}]}]}
COMMAND: GET /session/02ea79fddde22fa81bffc0522714798c/screenshot - {}
RESULT: undefined
COMMAND: POST /session/02ea79fddde22fa81bffc0522714798c/element - {"using":"xpath","value":"//*[@id=\"application-manageconditionprice-display-component---newCondition--condBillCond-arrow\"]"}
RESULT: {}
RESULT: {"using":"xpath","value":"//*[@id=\"application-manageconditionprice-display-component---newCondition--condBillCond-arrow\"]"}
COMMAND: POST /session/02ea79fddde22fa81bffc0522714798c/element/f.CB997DD3A6212A0539B4B9AD4CB02789.d.4C35328C2C998E08BC33188BC44DFFD1.e.11411/click - {}
RESULT: {}
COMMAND: GET /session/02ea79fddde22fa81bffc0522714798c/screenshot - {}
RESULT: {}
COMMAND: POST /session/02ea79fddde22fa81bffc0522714798c/element - {"using":"xpath","value":"//li[.//span[contains(text(), \"DISP - D&I special price\")]]"}
RESULT: {"using":"xpath","value":"//li[.//span[contains(text(), \"DISP - D&I special price\")]]"}
COMMAND: POST /session/02ea79fddde22fa81bffc0522714798c/element/f.CB997DD3A6212A0539B4B9AD4CB02789.d.4C35328C2C998E08BC33188BC44DFFD1.e.11414/click - {}
RESULT: {}
COMMAND: GET /session/02ea79fddde22fa81bffc0522714798c/screenshot - {}
RESULT: {}
RESULT: undefined
COMMAND: POST /session/02ea79fddde22fa81bffc0522714798c/execute/async - {"script":"<script> [776 bytes]","args":[{"enterText":"12/28/25","selector":{"id":"application-manageconditionprice-display-component---newCondition--condValidTo","interaction":{"idSuffix":"inner"}},"clearTextFirst":true,"interactionType":"ENTER_TEXT"}]}
RESULT: {"script":"<script> [776 bytes]","args":[{"enterText":"12/28/25","selector":{"id":"application-manageconditionprice-display-component---newCondition--condValidTo","interaction":{"idSuffix":"inner"}},"clearTextFirst":true,"interactionType":"ENTER_TEXT"}]}
COMMAND: POST /session/02ea79fddde22fa81bffc0522714798c/element - {"using":"xpath","value":"//input[@id=\"application-manageconditionprice-display-component---newCondition--condRU-inner\"]"}
RESULT: {"using":"xpath","value":"//input[@id=\"application-manageconditionprice-display-component---newCondition--condRU-inner\"]"}
COMMAND: POST /session/02ea79fddde22fa81bffc0522714798c/element/f.CB997DD3A6212A0539B4B9AD4CB02789.d.4C35328C2C998E08BC33188BC44DFFD1.e.11160/clear - {}
RESULT: {}
COMMAND: POST /session/02ea79fddde22fa81bffc0522714798c/element/f.CB997DD3A6212A0539B4B9AD4CB02789.d.4C35328C2C998E08BC33188BC44DFFD1.e.11160/value - {"text":"hCU24p8MYQ"}
COMMAND: GET /session/02ea79fddde22fa81bffc0522714798c/screenshot - {}
RESULT: {"text":"hCU24p8MYQ"}
COMMAND: GET /session/02ea79fddde22fa81bffc0522714798c/screenshot - {}
RESULT: {}
RESULT: {}
COMMAND: POST /session/02ea79fddde22fa81bffc0522714798c/actions - {"actions":[{"id":"action41","type":"key","parameters":{},"actions":[{"type":"keyDown","value":"î€‡"},{"type":"pause","duration":10},{"type":"keyUp","value":"î€‡"}]}]}
RESULT: {"actions":[{"id":"action41","type":"key","parameters":{},"actions":[{"type":"keyDown","value":"î€‡"},{"type":"pause","duration":10},{"type":"keyUp","value":"î€‡"}]}]}
RESULT: undefined
COMMAND: POST /session/02ea79fddde22fa81bffc0522714798c/execute/async - {"script":"<script> [776 bytes]","args":[{"enterText":"1","selector":{"id":"application-manageconditionprice-display-component---newCondition--condBaseQty","interaction":{"idSuffix":"inner"}},"clearTextFirst":true,"interactionType":"ENTER_TEXT"}]}
COMMAND: GET /session/02ea79fddde22fa81bffc0522714798c/screenshot - {}
RESULT: {"script":"<script> [776 bytes]","args":[{"enterText":"1","selector":{"id":"application-manageconditionprice-display-component---newCondition--condBaseQty","interaction":{"idSuffix":"inner"}},"clearTextFirst":true,"interactionType":"ENTER_TEXT"}]}
RESULT: undefined
COMMAND: POST /session/02ea79fddde22fa81bffc0522714798c/execute/async - {"script":"<script> [776 bytes]","args":[{"enterText":"100","selector":{"id":"application-manageconditionprice-display-component---newCondition--condValue","interaction":{"idSuffix":"inner"}},"clearTextFirst":true,"interactionType":"ENTER_TEXT"}]}
RESULT: {}
RESULT: {"script":"<script> [776 bytes]","args":[{"enterText":"100","selector":{"id":"application-manageconditionprice-display-component---newCondition--condValue","interaction":{"idSuffix":"inner"}},"clearTextFirst":true,"interactionType":"ENTER_TEXT"}]}
RESULT: undefined
COMMAND: POST /session/02ea79fddde22fa81bffc0522714798c/element - {"using":"xpath","value":"//*[@id=\"application-manageconditionprice-display-component---newCondition--condCurr-arrow\"]"}
RESULT: {"using":"xpath","value":"//*[@id=\"application-manageconditionprice-display-component---newCondition--condCurr-arrow\"]"}
COMMAND: POST /session/02ea79fddde22fa81bffc0522714798c/element/f.CB997DD3A6212A0539B4B9AD4CB02789.d.4C35328C2C998E08BC33188BC44DFFD1.e.11339/click - {}
RESULT: {}
COMMAND: POST /session/02ea79fddde22fa81bffc0522714798c/element - {"using":"xpath","value":"//span[contains(text(), \"Euro\")]"}
COMMAND: GET /session/02ea79fddde22fa81bffc0522714798c/screenshot - {}
RESULT: {"using":"xpath","value":"//span[contains(text(), \"Euro\")]"}
COMMAND: POST /session/02ea79fddde22fa81bffc0522714798c/element/f.CB997DD3A6212A0539B4B9AD4CB02789.d.4C35328C2C998E08BC33188BC44DFFD1.e.11449/click - {}
RESULT: {}
RESULT: {}
COMMAND: POST /session/02ea79fddde22fa81bffc0522714798c/element - {"using":"xpath","value":"//button[@data-kt=\"saveButton\"]"}
COMMAND: GET /session/02ea79fddde22fa81bffc0522714798c/screenshot - {}
RESULT: {"using":"xpath","value":"//button[@data-kt=\"saveButton\"]"}
COMMAND: POST /session/02ea79fddde22fa81bffc0522714798c/element/f.CB997DD3A6212A0539B4B9AD4CB02789.d.4C35328C2C998E08BC33188BC44DFFD1.e.11340/click - {}
RESULT: {}
RESULT: {}
COMMAND: GET /session/02ea79fddde22fa81bffc0522714798c/screenshot - {}
RESULT: {}
RESULT: undefined
COMMAND: POST /session/02ea79fddde22fa81bffc0522714798c/execute/async - {"script":"<script> [776 bytes]","args":[{"enterText":"hCU24p8MYQ","selector":{"id":"application-manageconditionprice-display-component---conditions--smartFilterBar-btnBasicSearch","interaction":{"idSuffix":"I"}},"clearTextFirst":true,"interactionType":"ENTER_TEXT"}]}
RESULT: {"script":"<script> [776 bytes]","args":[{"enterText":"hCU24p8MYQ","selector":{"id":"application-manageconditionprice-display-component---conditions--smartFilterBar-btnBasicSearch","interaction":{"idSuffix":"I"}},"clearTextFirst":true,"interactionType":"ENTER_TEXT"}]}
COMMAND: POST /session/02ea79fddde22fa81bffc0522714798c/actions - {"actions":[{"id":"action42","type":"key","parameters":{},"actions":[{"type":"keyDown","value":"î€‡"},{"type":"pause","duration":10},{"type":"keyUp","value":"î€‡"}]}]}
RESULT: {"actions":[{"id":"action42","type":"key","parameters":{},"actions":[{"type":"keyDown","value":"î€‡"},{"type":"pause","duration":10},{"type":"keyUp","value":"î€‡"}]}]}
COMMAND: GET /session/02ea79fddde22fa81bffc0522714798c/screenshot - {}
RESULT: {}
RESULT: undefined
COMMAND: POST /session/02ea79fddde22fa81bffc0522714798c/element - {"using":"xpath","value":"//*[@id=\"application-manageconditionprice-display-component---conditions--smartFilterBar-filterItemControl_BASIC-BILL_TYPES-vhi\"]"}
RESULT: {"using":"xpath","value":"//*[@id=\"application-manageconditionprice-display-component---conditions--smartFilterBar-filterItemControl_BASIC-BILL_TYPES-vhi\"]"}
COMMAND: POST /session/02ea79fddde22fa81bffc0522714798c/element/f.CB997DD3A6212A0539B4B9AD4CB02789.d.4C35328C2C998E08BC33188BC44DFFD1.e.11482/click - {}
RESULT: {}
RESULT: undefined
COMMAND: POST /session/02ea79fddde22fa81bffc0522714798c/execute/async - {"script":"<script> [776 bytes]","args":[{"enterText":"TB","selector":{"id":"application-manageconditionprice-display-component---conditions--smartFilterBar-filterItemControl_BASIC-BILL_TYPES-valueHelpDialog-smartFilterBar-btnBasicSearch","searchOpenDialogs":true,"interaction":{"idSuffix":"I"}},"clearTextFirst":true,"interactionType":"ENTER_TEXT"}]}
COMMAND: GET /session/02ea79fddde22fa81bffc0522714798c/screenshot - {}
RESULT: {"script":"<script> [776 bytes]","args":[{"enterText":"TB","selector":{"id":"application-manageconditionprice-display-component---conditions--smartFilterBar-filterItemControl_BASIC-BILL_TYPES-valueHelpDialog-smartFilterBar-btnBasicSearch","searchOpenDialogs":true,"interaction":{"idSuffix":"I"}},"clearTextFirst":true,"interactionType":"ENTER_TEXT"}]}
COMMAND: POST /session/02ea79fddde22fa81bffc0522714798c/actions - {"actions":[{"id":"action43","type":"key","parameters":{},"actions":[{"type":"keyDown","value":"î€‡"},{"type":"pause","duration":10},{"type":"keyUp","value":"î€‡"}]}]}
RESULT: {}
RESULT: {"actions":[{"id":"action43","type":"key","parameters":{},"actions":[{"type":"keyDown","value":"î€‡"},{"type":"pause","duration":10},{"type":"keyUp","value":"î€‡"}]}]}
COMMAND: GET /session/02ea79fddde22fa81bffc0522714798c/screenshot - {}
RESULT: {}
COMMAND: POST /session/02ea79fddde22fa81bffc0522714798c/element - {"using":"xpath","value":"//div[contains(@id, 'application-manageconditionprice-display-component---conditions--smartFilterBar-filterItemControl_BASIC-BILL_TYPES-valueHelpDialog-table-rowsel0')]"}
RESULT: {"using":"xpath","value":"//div[contains(@id, 'application-manageconditionprice-display-component---conditions--smartFilterBar-filterItemControl_BASIC-BILL_TYPES-valueHelpDialog-table-rowsel0')]"}
COMMAND: POST /session/02ea79fddde22fa81bffc0522714798c/element/f.CB997DD3A6212A0539B4B9AD4CB02789.d.4C35328C2C998E08BC33188BC44DFFD1.e.11489/click - {}
RESULT: {}
COMMAND: GET /session/02ea79fddde22fa81bffc0522714798c/screenshot - {}
RESULT: {}
COMMAND: POST /session/02ea79fddde22fa81bffc0522714798c/element - {"using":"xpath","value":"//bdi[contains(text(), \"OK\")]"}
RESULT: {"using":"xpath","value":"//bdi[contains(text(), \"OK\")]"}
COMMAND: POST /session/02ea79fddde22fa81bffc0522714798c/element/f.CB997DD3A6212A0539B4B9AD4CB02789.d.4C35328C2C998E08BC33188BC44DFFD1.e.11491/click - {}
RESULT: {}
COMMAND: GET /session/02ea79fddde22fa81bffc0522714798c/screenshot - {}
RESULT: {}
COMMAND: POST /session/02ea79fddde22fa81bffc0522714798c/element - {"using":"xpath","value":"//span[@id=\"application-manageconditionprice-display-component---conditions--smartTable-header-inner\"]"}
RESULT: {"using":"xpath","value":"//span[@id=\"application-manageconditionprice-display-component---conditions--smartTable-header-inner\"]"}
COMMAND: POST /session/02ea79fddde22fa81bffc0522714798c/elements - {"using":"xpath","value":"//span[@id=\"application-manageconditionprice-display-component---conditions--smartTable-header-inner\"]"}
RESULT: {"using":"xpath","value":"//span[@id=\"application-manageconditionprice-display-component---conditions--smartTable-header-inner\"]"}
COMMAND: POST /session/02ea79fddde22fa81bffc0522714798c/execute/sync - {"script":"<script> [56 bytes]","args":[{"element-6066-11e4-a52e-4f735466cecf":"f.CB997DD3A6212A0539B4B9AD4CB02789.d.4C35328C2C998E08BC33188BC44DFFD1.e.11499","ELEMENT":"f.CB997DD3A6212A0539B4B9AD4CB02789.d.4C35328C2C998E08BC33188BC44DFFD1.e.11499"}]}
RESULT: {"script":"<script> [56 bytes]","args":[{"element-6066-11e4-a52e-4f735466cecf":"f.CB997DD3A6212A0539B4B9AD4CB02789.d.4C35328C2C998E08BC33188BC44DFFD1.e.11499","ELEMENT":"f.CB997DD3A6212A0539B4B9AD4CB02789.d.4C35328C2C998E08BC33188BC44DFFD1.e.11499"}]}
COMMAND: POST /session/02ea79fddde22fa81bffc0522714798c/element - {"using":"css selector","value":"#shell-header-logo"}
COMMAND: GET /session/02ea79fddde22fa81bffc0522714798c/screenshot - {}
RESULT: {"using":"css selector","value":"#shell-header-logo"}
COMMAND: POST /session/02ea79fddde22fa81bffc0522714798c/element/f.CB997DD3A6212A0539B4B9AD4CB02789.d.4C35328C2C998E08BC33188BC44DFFD1.e.10578/click - {}
RESULT: {}
RESULT: {}
COMMAND: GET /session/02ea79fddde22fa81bffc0522714798c/screenshot - {}
RESULT: {}
]]></system-out>
    </testcase>
    <testcase classname="chrome.135_0_7049_96.windows.Create_master_data_for_mixed_billing_&amp;_do_billing_calculation_US151661" name="Should do a stock increase handover" time="77.191">
      <system-out><![CDATA[
COMMAND: POST /session/02ea79fddde22fa81bffc0522714798c/execute/async - {"script":"<script> [1562 bytes]","args":[{"selector":{"controlType":"sap.m.Text","viewName":"etm.portal.ui.managehandoverstile.view.Master","properties":{"text":"Manage Handovers"},"interaction":{"idSuffix":"inner"}},"wdio_ui5_key":"etmportal.ui.managehandoverstile.view.Mastersap.m.Text{\"text\":\"Manage Handovers\"}"}]}
RESULT: {"script":"<script> [1562 bytes]","args":[{"selector":{"controlType":"sap.m.Text","viewName":"etm.portal.ui.managehandoverstile.view.Master","properties":{"text":"Manage Handovers"},"interaction":{"idSuffix":"inner"}},"wdio_ui5_key":"etmportal.ui.managehandoverstile.view.Mastersap.m.Text{\"text\":\"Manage Handovers\"}"}]}
RESULT: undefined
COMMAND: POST /session/02ea79fddde22fa81bffc0522714798c/element - {"using":"xpath","value":"//*[@id=\"__tile131-title\"]"}
RESULT: {"using":"xpath","value":"//*[@id=\"__tile131-title\"]"}
COMMAND: POST /session/02ea79fddde22fa81bffc0522714798c/element/f.CB997DD3A6212A0539B4B9AD4CB02789.d.4C35328C2C998E08BC33188BC44DFFD1.e.11502/click - {}
RESULT: {}
COMMAND: POST /session/02ea79fddde22fa81bffc0522714798c/element - {"using":"xpath","value":"//button[@data-kt=\"masterHOAddButton\"]"}
COMMAND: GET /session/02ea79fddde22fa81bffc0522714798c/screenshot - {}
RESULT: {"using":"xpath","value":"//button[@data-kt=\"masterHOAddButton\"]"}
COMMAND: POST /session/02ea79fddde22fa81bffc0522714798c/elements - {"using":"xpath","value":"//button[@data-kt=\"masterHOAddButton\"]"}
RESULT: {}
RESULT: {"using":"xpath","value":"//button[@data-kt=\"masterHOAddButton\"]"}
COMMAND: POST /session/02ea79fddde22fa81bffc0522714798c/elements - {"using":"xpath","value":"//button[@data-kt=\"masterHOAddButton\"]"}
RESULT: {"using":"xpath","value":"//button[@data-kt=\"masterHOAddButton\"]"}
COMMAND: POST /session/02ea79fddde22fa81bffc0522714798c/elements - {"using":"xpath","value":"//button[@data-kt=\"masterHOAddButton\"]"}
RESULT: {"using":"xpath","value":"//button[@data-kt=\"masterHOAddButton\"]"}
COMMAND: POST /session/02ea79fddde22fa81bffc0522714798c/elements - {"using":"xpath","value":"//button[@data-kt=\"masterHOAddButton\"]"}
RESULT: {"using":"xpath","value":"//button[@data-kt=\"masterHOAddButton\"]"}
COMMAND: POST /session/02ea79fddde22fa81bffc0522714798c/elements - {"using":"xpath","value":"//button[@data-kt=\"masterHOAddButton\"]"}
RESULT: {"using":"xpath","value":"//button[@data-kt=\"masterHOAddButton\"]"}
COMMAND: POST /session/02ea79fddde22fa81bffc0522714798c/elements - {"using":"xpath","value":"//button[@data-kt=\"masterHOAddButton\"]"}
RESULT: {"using":"xpath","value":"//button[@data-kt=\"masterHOAddButton\"]"}
COMMAND: POST /session/02ea79fddde22fa81bffc0522714798c/elements - {"using":"xpath","value":"//button[@data-kt=\"masterHOAddButton\"]"}
RESULT: {"using":"xpath","value":"//button[@data-kt=\"masterHOAddButton\"]"}
COMMAND: POST /session/02ea79fddde22fa81bffc0522714798c/elements - {"using":"xpath","value":"//button[@data-kt=\"masterHOAddButton\"]"}
RESULT: {"using":"xpath","value":"//button[@data-kt=\"masterHOAddButton\"]"}
COMMAND: POST /session/02ea79fddde22fa81bffc0522714798c/elements - {"using":"xpath","value":"//button[@data-kt=\"masterHOAddButton\"]"}
RESULT: {"using":"xpath","value":"//button[@data-kt=\"masterHOAddButton\"]"}
COMMAND: POST /session/02ea79fddde22fa81bffc0522714798c/elements - {"using":"xpath","value":"//button[@data-kt=\"masterHOAddButton\"]"}
RESULT: {"using":"xpath","value":"//button[@data-kt=\"masterHOAddButton\"]"}
COMMAND: POST /session/02ea79fddde22fa81bffc0522714798c/elements - {"using":"xpath","value":"//button[@data-kt=\"masterHOAddButton\"]"}
RESULT: {"using":"xpath","value":"//button[@data-kt=\"masterHOAddButton\"]"}
COMMAND: POST /session/02ea79fddde22fa81bffc0522714798c/elements - {"using":"xpath","value":"//button[@data-kt=\"masterHOAddButton\"]"}
RESULT: {"using":"xpath","value":"//button[@data-kt=\"masterHOAddButton\"]"}
COMMAND: POST /session/02ea79fddde22fa81bffc0522714798c/elements - {"using":"xpath","value":"//button[@data-kt=\"masterHOAddButton\"]"}
RESULT: {"using":"xpath","value":"//button[@data-kt=\"masterHOAddButton\"]"}
COMMAND: POST /session/02ea79fddde22fa81bffc0522714798c/elements - {"using":"xpath","value":"//button[@data-kt=\"masterHOAddButton\"]"}
RESULT: {"using":"xpath","value":"//button[@data-kt=\"masterHOAddButton\"]"}
COMMAND: POST /session/02ea79fddde22fa81bffc0522714798c/elements - {"using":"xpath","value":"//button[@data-kt=\"masterHOAddButton\"]"}
RESULT: {"using":"xpath","value":"//button[@data-kt=\"masterHOAddButton\"]"}
COMMAND: POST /session/02ea79fddde22fa81bffc0522714798c/elements - {"using":"xpath","value":"//button[@data-kt=\"masterHOAddButton\"]"}
RESULT: {"using":"xpath","value":"//button[@data-kt=\"masterHOAddButton\"]"}
COMMAND: POST /session/02ea79fddde22fa81bffc0522714798c/elements - {"using":"xpath","value":"//button[@data-kt=\"masterHOAddButton\"]"}
RESULT: {"using":"xpath","value":"//button[@data-kt=\"masterHOAddButton\"]"}
COMMAND: POST /session/02ea79fddde22fa81bffc0522714798c/element - {"using":"xpath","value":"//button[@data-kt=\"masterHOAddButton\"]"}
RESULT: {"using":"xpath","value":"//button[@data-kt=\"masterHOAddButton\"]"}
COMMAND: POST /session/02ea79fddde22fa81bffc0522714798c/execute/sync - {"script":"<script> [8489 bytes]","args":[{"element-6066-11e4-a52e-4f735466cecf":"f.CB997DD3A6212A0539B4B9AD4CB02789.d.4C35328C2C998E08BC33188BC44DFFD1.e.11532","ELEMENT":"f.CB997DD3A6212A0539B4B9AD4CB02789.d.4C35328C2C998E08BC33188BC44DFFD1.e.11532"}]}
RESULT: {"script":"<script> [8489 bytes]","args":[{"element-6066-11e4-a52e-4f735466cecf":"f.CB997DD3A6212A0539B4B9AD4CB02789.d.4C35328C2C998E08BC33188BC44DFFD1.e.11532","ELEMENT":"f.CB997DD3A6212A0539B4B9AD4CB02789.d.4C35328C2C998E08BC33188BC44DFFD1.e.11532"}]}
COMMAND: GET /session/02ea79fddde22fa81bffc0522714798c/element/f.CB997DD3A6212A0539B4B9AD4CB02789.d.4C35328C2C998E08BC33188BC44DFFD1.e.11532/enabled - {}
COMMAND: GET /session/02ea79fddde22fa81bffc0522714798c/screenshot - {}
RESULT: {}
COMMAND: POST /session/02ea79fddde22fa81bffc0522714798c/execute/sync - {"script":"<script> [8489 bytes]","args":[{"element-6066-11e4-a52e-4f735466cecf":"f.CB997DD3A6212A0539B4B9AD4CB02789.d.4C35328C2C998E08BC33188BC44DFFD1.e.11532","ELEMENT":"f.CB997DD3A6212A0539B4B9AD4CB02789.d.4C35328C2C998E08BC33188BC44DFFD1.e.11532"}]}
COMMAND: GET /session/02ea79fddde22fa81bffc0522714798c/screenshot - {}
RESULT: {}
RESULT: {"script":"<script> [8489 bytes]","args":[{"element-6066-11e4-a52e-4f735466cecf":"f.CB997DD3A6212A0539B4B9AD4CB02789.d.4C35328C2C998E08BC33188BC44DFFD1.e.11532","ELEMENT":"f.CB997DD3A6212A0539B4B9AD4CB02789.d.4C35328C2C998E08BC33188BC44DFFD1.e.11532"}]}
COMMAND: POST /session/02ea79fddde22fa81bffc0522714798c/execute/sync - {"script":"<script> [5351 bytes]","args":[{"element-6066-11e4-a52e-4f735466cecf":"f.CB997DD3A6212A0539B4B9AD4CB02789.d.4C35328C2C998E08BC33188BC44DFFD1.e.11532","ELEMENT":"f.CB997DD3A6212A0539B4B9AD4CB02789.d.4C35328C2C998E08BC33188BC44DFFD1.e.11532"}]}
COMMAND: GET /session/02ea79fddde22fa81bffc0522714798c/screenshot - {}
RESULT: {}
RESULT: {"script":"<script> [5351 bytes]","args":[{"element-6066-11e4-a52e-4f735466cecf":"f.CB997DD3A6212A0539B4B9AD4CB02789.d.4C35328C2C998E08BC33188BC44DFFD1.e.11532","ELEMENT":"f.CB997DD3A6212A0539B4B9AD4CB02789.d.4C35328C2C998E08BC33188BC44DFFD1.e.11532"}]}
COMMAND: POST /session/02ea79fddde22fa81bffc0522714798c/element/f.CB997DD3A6212A0539B4B9AD4CB02789.d.4C35328C2C998E08BC33188BC44DFFD1.e.11532/click - {}
COMMAND: GET /session/02ea79fddde22fa81bffc0522714798c/screenshot - {}
RESULT: {}
RESULT: {}
COMMAND: GET /session/02ea79fddde22fa81bffc0522714798c/screenshot - {}
RESULT: {}
COMMAND: POST /session/02ea79fddde22fa81bffc0522714798c/element - {"using":"xpath","value":"//span[contains(@id ,\"AddNewHO--typeSelect-arrow\")]"}
RESULT: {}
RESULT: {"using":"xpath","value":"//span[contains(@id ,\"AddNewHO--typeSelect-arrow\")]"}
COMMAND: POST /session/02ea79fddde22fa81bffc0522714798c/element/f.CB997DD3A6212A0539B4B9AD4CB02789.d.4C35328C2C998E08BC33188BC44DFFD1.e.11895/click - {}
RESULT: {}
COMMAND: GET /session/02ea79fddde22fa81bffc0522714798c/screenshot - {}
RESULT: {}
COMMAND: POST /session/02ea79fddde22fa81bffc0522714798c/element - {"using":"xpath","value":"(//li[contains(text(), \"stock increase yard\")])[1]"}
RESULT: {"using":"xpath","value":"(//li[contains(text(), \"stock increase yard\")])[1]"}
COMMAND: POST /session/02ea79fddde22fa81bffc0522714798c/element/f.CB997DD3A6212A0539B4B9AD4CB02789.d.4C35328C2C998E08BC33188BC44DFFD1.e.11896/click - {}
RESULT: {}
COMMAND: GET /session/02ea79fddde22fa81bffc0522714798c/screenshot - {}
RESULT: {}
COMMAND: POST /session/02ea79fddde22fa81bffc0522714798c/execute/async - {"script":"<script> [1562 bytes]","args":[{"selector":{"id":"application-managehandovers-display-component---AddNewHO--dueDate","interaction":{"idSuffix":"inner"}},"wdio_ui5_key":"applicationmanagehandovers-display-component---AddNewHO--dueDate"}]}
RESULT: {"script":"<script> [1562 bytes]","args":[{"selector":{"id":"application-managehandovers-display-component---AddNewHO--dueDate","interaction":{"idSuffix":"inner"}},"wdio_ui5_key":"applicationmanagehandovers-display-component---AddNewHO--dueDate"}]}
RESULT: undefined
COMMAND: POST /session/02ea79fddde22fa81bffc0522714798c/execute/async - {"script":"<script> [6424 bytes]","args":[{"element-6066-11e4-a52e-4f735466cecf":"f.CB997DD3A6212A0539B4B9AD4CB02789.d.4C35328C2C998E08BC33188BC44DFFD1.e.11898"},"setValue",["04/28/2025"]]}
RESULT: {"script":"<script> [6424 bytes]","args":[{"element-6066-11e4-a52e-4f735466cecf":"f.CB997DD3A6212A0539B4B9AD4CB02789.d.4C35328C2C998E08BC33188BC44DFFD1.e.11898"},"setValue",["04/28/2025"]]}
COMMAND: POST /session/02ea79fddde22fa81bffc0522714798c/element - {"using":"xpath","value":"//input[@id=\"generalSectionFrg--receiveYard-inner\"]"}
RESULT: {"using":"xpath","value":"//input[@id=\"generalSectionFrg--receiveYard-inner\"]"}
COMMAND: POST /session/02ea79fddde22fa81bffc0522714798c/element/f.CB997DD3A6212A0539B4B9AD4CB02789.d.4C35328C2C998E08BC33188BC44DFFD1.e.11904/clear - {}
RESULT: {}
COMMAND: POST /session/02ea79fddde22fa81bffc0522714798c/element/f.CB997DD3A6212A0539B4B9AD4CB02789.d.4C35328C2C998E08BC33188BC44DFFD1.e.11904/value - {"text":"347"}
COMMAND: GET /session/02ea79fddde22fa81bffc0522714798c/screenshot - {}
RESULT: {"text":"347"}
COMMAND: GET /session/02ea79fddde22fa81bffc0522714798c/screenshot - {}
RESULT: {}
RESULT: {}
COMMAND: POST /session/02ea79fddde22fa81bffc0522714798c/element - {"using":"xpath","value":"//li[.//span[text()='347']]"}
RESULT: {"using":"xpath","value":"//li[.//span[text()='347']]"}
COMMAND: POST /session/02ea79fddde22fa81bffc0522714798c/element/f.CB997DD3A6212A0539B4B9AD4CB02789.d.4C35328C2C998E08BC33188BC44DFFD1.e.11922/click - {}
RESULT: {}
COMMAND: GET /session/02ea79fddde22fa81bffc0522714798c/screenshot - {}
RESULT: {}
COMMAND: POST /session/02ea79fddde22fa81bffc0522714798c/execute/async - {"script":"<script> [1562 bytes]","args":[{"selector":{"id":"application-managehandovers-display-component---AddNewHO--ObjectPageLayout-anchBar-application-managehandovers-display-component---AddNewHO--section4-anchor","interaction":{"idSuffix":"BDI-content"}},"wdio_ui5_key":"applicationmanagehandovers-display-component---AddNewHO--ObjectPageLayout-anchBar-application-managehandovers-display-component---AddNewHO--section4-anchor"}]}
RESULT: {"script":"<script> [1562 bytes]","args":[{"selector":{"id":"application-managehandovers-display-component---AddNewHO--ObjectPageLayout-anchBar-application-managehandovers-display-component---AddNewHO--section4-anchor","interaction":{"idSuffix":"BDI-content"}},"wdio_ui5_key":"applicationmanagehandovers-display-component---AddNewHO--ObjectPageLayout-anchBar-application-managehandovers-display-component---AddNewHO--section4-anchor"}]}
RESULT: undefined
COMMAND: POST /session/02ea79fddde22fa81bffc0522714798c/element - {"using":"xpath","value":"//*[@id=\"application-managehandovers-display-component---AddNewHO--ObjectPageLayout-anchBar-application-managehandovers-display-component---AddNewHO--section4-anchor\"]"}
RESULT: {"using":"xpath","value":"//*[@id=\"application-managehandovers-display-component---AddNewHO--ObjectPageLayout-anchBar-application-managehandovers-display-component---AddNewHO--section4-anchor\"]"}
COMMAND: POST /session/02ea79fddde22fa81bffc0522714798c/element/f.CB997DD3A6212A0539B4B9AD4CB02789.d.4C35328C2C998E08BC33188BC44DFFD1.e.11924/click - {}
RESULT: {}
COMMAND: POST /session/02ea79fddde22fa81bffc0522714798c/element - {"using":"xpath","value":"//button[@aria-label=\"Add\"]"}
COMMAND: GET /session/02ea79fddde22fa81bffc0522714798c/screenshot - {}
RESULT: {"using":"xpath","value":"//button[@aria-label=\"Add\"]"}
COMMAND: POST /session/02ea79fddde22fa81bffc0522714798c/element/f.CB997DD3A6212A0539B4B9AD4CB02789.d.4C35328C2C998E08BC33188BC44DFFD1.e.11926/click - {}
RESULT: {}
RESULT: {}
COMMAND: GET /session/02ea79fddde22fa81bffc0522714798c/screenshot - {}
RESULT: {}
COMMAND: POST /session/02ea79fddde22fa81bffc0522714798c/execute/async - {"script":"<script> [1562 bytes]","args":[{"selector":{"id":"application-managehandovers-display-component---AddNewHO--smartFilterBar-btnBasicSearch","searchOpenDialogs":true,"interaction":{"idSuffix":"I"}},"wdio_ui5_key":"applicationmanagehandovers-display-component---AddNewHO--smartFilterBar-btnBasicSearch"}]}
RESULT: {"script":"<script> [1562 bytes]","args":[{"selector":{"id":"application-managehandovers-display-component---AddNewHO--smartFilterBar-btnBasicSearch","searchOpenDialogs":true,"interaction":{"idSuffix":"I"}},"wdio_ui5_key":"applicationmanagehandovers-display-component---AddNewHO--smartFilterBar-btnBasicSearch"}]}
RESULT: undefined
COMMAND: POST /session/02ea79fddde22fa81bffc0522714798c/execute/async - {"script":"<script> [776 bytes]","args":[{"enterText":"hCU24p8MYQ","selector":{"id":"application-managehandovers-display-component---AddNewHO--smartFilterBar-btnBasicSearch","searchOpenDialogs":true,"interaction":{"idSuffix":"I"}},"clearTextFirst":true,"interactionType":"ENTER_TEXT"}]}
RESULT: {"script":"<script> [776 bytes]","args":[{"enterText":"hCU24p8MYQ","selector":{"id":"application-managehandovers-display-component---AddNewHO--smartFilterBar-btnBasicSearch","searchOpenDialogs":true,"interaction":{"idSuffix":"I"}},"clearTextFirst":true,"interactionType":"ENTER_TEXT"}]}
COMMAND: POST /session/02ea79fddde22fa81bffc0522714798c/actions - {"actions":[{"id":"action44","type":"key","parameters":{},"actions":[{"type":"keyDown","value":"î€‡"},{"type":"pause","duration":10},{"type":"keyUp","value":"î€‡"}]}]}
RESULT: {"actions":[{"id":"action44","type":"key","parameters":{},"actions":[{"type":"keyDown","value":"î€‡"},{"type":"pause","duration":10},{"type":"keyUp","value":"î€‡"}]}]}
COMMAND: GET /session/02ea79fddde22fa81bffc0522714798c/screenshot - {}
RESULT: {}
COMMAND: POST /session/02ea79fddde22fa81bffc0522714798c/execute/async - {"script":"<script> [1562 bytes]","args":[{"selector":{"id":"application-managehandovers-display-component---AddNewHO--popup-sa","searchOpenDialogs":true,"interaction":{"idSuffix":"CbBg"}},"wdio_ui5_key":"applicationmanagehandovers-display-component---AddNewHO--popup-sa"}]}
RESULT: {"script":"<script> [1562 bytes]","args":[{"selector":{"id":"application-managehandovers-display-component---AddNewHO--popup-sa","searchOpenDialogs":true,"interaction":{"idSuffix":"CbBg"}},"wdio_ui5_key":"applicationmanagehandovers-display-component---AddNewHO--popup-sa"}]}
RESULT: undefined
COMMAND: POST /session/02ea79fddde22fa81bffc0522714798c/element - {"using":"xpath","value":"//*[@id=\"application-managehandovers-display-component---AddNewHO--popup-sa\"]"}
RESULT: {"using":"xpath","value":"//*[@id=\"application-managehandovers-display-component---AddNewHO--popup-sa\"]"}
COMMAND: POST /session/02ea79fddde22fa81bffc0522714798c/element/f.CB997DD3A6212A0539B4B9AD4CB02789.d.4C35328C2C998E08BC33188BC44DFFD1.e.12082/click - {}
RESULT: {}
COMMAND: GET /session/02ea79fddde22fa81bffc0522714798c/screenshot - {}
RESULT: {}
COMMAND: POST /session/02ea79fddde22fa81bffc0522714798c/element - {"using":"xpath","value":"//bdi[contains(text(), \"Select\")]"}
RESULT: {"using":"xpath","value":"//bdi[contains(text(), \"Select\")]"}
COMMAND: POST /session/02ea79fddde22fa81bffc0522714798c/element/f.CB997DD3A6212A0539B4B9AD4CB02789.d.4C35328C2C998E08BC33188BC44DFFD1.e.12083/click - {}
RESULT: {}
COMMAND: GET /session/02ea79fddde22fa81bffc0522714798c/screenshot - {}
RESULT: {}
COMMAND: POST /session/02ea79fddde22fa81bffc0522714798c/element - {"using":"xpath","value":"//button[@data-kt=\"AddNewHOSaveButton\"]"}
RESULT: {"using":"xpath","value":"//button[@data-kt=\"AddNewHOSaveButton\"]"}
COMMAND: POST /session/02ea79fddde22fa81bffc0522714798c/element/f.CB997DD3A6212A0539B4B9AD4CB02789.d.4C35328C2C998E08BC33188BC44DFFD1.e.12087/click - {}
RESULT: {}
COMMAND: GET /session/02ea79fddde22fa81bffc0522714798c/screenshot - {}
RESULT: {}
COMMAND: POST /session/02ea79fddde22fa81bffc0522714798c/execute/async - {"script":"<script> [1562 bytes]","args":[{"selector":{"id":"receiptDatePicker","viewName":"etm.portal.ui.managehandovers.view.DetailExecuteHO","interaction":{"idSuffix":"inner"}},"wdio_ui5_key":"receiptDatePickeretmportal.ui.managehandovers.view.DetailExecuteHO"}]}
RESULT: {"script":"<script> [1562 bytes]","args":[{"selector":{"id":"receiptDatePicker","viewName":"etm.portal.ui.managehandovers.view.DetailExecuteHO","interaction":{"idSuffix":"inner"}},"wdio_ui5_key":"receiptDatePickeretmportal.ui.managehandovers.view.DetailExecuteHO"}]}
RESULT: undefined
COMMAND: POST /session/02ea79fddde22fa81bffc0522714798c/execute/async - {"script":"<script> [6424 bytes]","args":[{"element-6066-11e4-a52e-4f735466cecf":"f.CB997DD3A6212A0539B4B9AD4CB02789.d.4C35328C2C998E08BC33188BC44DFFD1.e.12118"},"setValue",["04/28/2025"]]}
RESULT: {"script":"<script> [6424 bytes]","args":[{"element-6066-11e4-a52e-4f735466cecf":"f.CB997DD3A6212A0539B4B9AD4CB02789.d.4C35328C2C998E08BC33188BC44DFFD1.e.12118"},"setValue",["04/28/2025"]]}
COMMAND: POST /session/02ea79fddde22fa81bffc0522714798c/element - {"using":"xpath","value":"//button[@data-kt=\"PickingTableConfirmAllButton\"]"}
RESULT: {"using":"xpath","value":"//button[@data-kt=\"PickingTableConfirmAllButton\"]"}
COMMAND: POST /session/02ea79fddde22fa81bffc0522714798c/element/f.CB997DD3A6212A0539B4B9AD4CB02789.d.4C35328C2C998E08BC33188BC44DFFD1.e.12133/click - {}
RESULT: {}
COMMAND: GET /session/02ea79fddde22fa81bffc0522714798c/screenshot - {}
RESULT: {}
COMMAND: POST /session/02ea79fddde22fa81bffc0522714798c/element - {"using":"xpath","value":"//bdi[contains(text(), \"OK\")]"}
RESULT: {"using":"xpath","value":"//bdi[contains(text(), \"OK\")]"}
COMMAND: POST /session/02ea79fddde22fa81bffc0522714798c/element/f.CB997DD3A6212A0539B4B9AD4CB02789.d.4C35328C2C998E08BC33188BC44DFFD1.e.12135/click - {}
RESULT: {}
COMMAND: GET /session/02ea79fddde22fa81bffc0522714798c/screenshot - {}
RESULT: {}
COMMAND: POST /session/02ea79fddde22fa81bffc0522714798c/element - {"using":"xpath","value":"(//bdi[contains(text(), \"Receive\")])[2]"}
RESULT: {"using":"xpath","value":"(//bdi[contains(text(), \"Receive\")])[2]"}
COMMAND: POST /session/02ea79fddde22fa81bffc0522714798c/element/f.CB997DD3A6212A0539B4B9AD4CB02789.d.4C35328C2C998E08BC33188BC44DFFD1.e.12137/click - {}
RESULT: {}
COMMAND: GET /session/02ea79fddde22fa81bffc0522714798c/screenshot - {}
RESULT: {}
COMMAND: POST /session/02ea79fddde22fa81bffc0522714798c/element - {"using":"css selector","value":"#shell-header-logo"}
RESULT: {"using":"css selector","value":"#shell-header-logo"}
COMMAND: POST /session/02ea79fddde22fa81bffc0522714798c/element/f.CB997DD3A6212A0539B4B9AD4CB02789.d.4C35328C2C998E08BC33188BC44DFFD1.e.11504/click - {}
RESULT: {}
COMMAND: GET /session/02ea79fddde22fa81bffc0522714798c/screenshot - {}
RESULT: {}
]]></system-out>
    </testcase>
    <testcase classname="chrome.135_0_7049_96.windows.Create_master_data_for_mixed_billing_&amp;_do_billing_calculation_US151661" name="Should create a new contract" time="57.883">
      <system-out><![CDATA[
COMMAND: POST /session/02ea79fddde22fa81bffc0522714798c/execute/async - {"script":"<script> [1562 bytes]","args":[{"selector":{"controlType":"sap.m.Text","viewName":"etm.portal.ui.managecontractstile.view.Master","properties":{"text":"Manage Contracts"},"interaction":{"idSuffix":"inner"}},"wdio_ui5_key":"etmportal.ui.managecontractstile.view.Mastersap.m.Text{\"text\":\"Manage Contracts\"}"}]}
RESULT: {"script":"<script> [1562 bytes]","args":[{"selector":{"controlType":"sap.m.Text","viewName":"etm.portal.ui.managecontractstile.view.Master","properties":{"text":"Manage Contracts"},"interaction":{"idSuffix":"inner"}},"wdio_ui5_key":"etmportal.ui.managecontractstile.view.Mastersap.m.Text{\"text\":\"Manage Contracts\"}"}]}
RESULT: undefined
COMMAND: POST /session/02ea79fddde22fa81bffc0522714798c/element - {"using":"xpath","value":"//*[@id=\"__tile130-title\"]"}
RESULT: {"using":"xpath","value":"//*[@id=\"__tile130-title\"]"}
COMMAND: POST /session/02ea79fddde22fa81bffc0522714798c/element/f.CB997DD3A6212A0539B4B9AD4CB02789.d.4C35328C2C998E08BC33188BC44DFFD1.e.12309/click - {}
RESULT: {}
COMMAND: GET /session/02ea79fddde22fa81bffc0522714798c/screenshot - {}
RESULT: {}
COMMAND: POST /session/02ea79fddde22fa81bffc0522714798c/element - {"using":"xpath","value":"//button[@data-kt=\"addButton\"]"}
RESULT: {"using":"xpath","value":"//button[@data-kt=\"addButton\"]"}
COMMAND: POST /session/02ea79fddde22fa81bffc0522714798c/elements - {"using":"xpath","value":"//button[@data-kt=\"addButton\"]"}
RESULT: {"using":"xpath","value":"//button[@data-kt=\"addButton\"]"}
COMMAND: POST /session/02ea79fddde22fa81bffc0522714798c/elements - {"using":"xpath","value":"//button[@data-kt=\"addButton\"]"}
RESULT: {"using":"xpath","value":"//button[@data-kt=\"addButton\"]"}
COMMAND: POST /session/02ea79fddde22fa81bffc0522714798c/element - {"using":"xpath","value":"//button[@data-kt=\"addButton\"]"}
RESULT: {"using":"xpath","value":"//button[@data-kt=\"addButton\"]"}
COMMAND: POST /session/02ea79fddde22fa81bffc0522714798c/execute/sync - {"script":"<script> [8489 bytes]","args":[{"element-6066-11e4-a52e-4f735466cecf":"f.CB997DD3A6212A0539B4B9AD4CB02789.d.4C35328C2C998E08BC33188BC44DFFD1.e.12383","ELEMENT":"f.CB997DD3A6212A0539B4B9AD4CB02789.d.4C35328C2C998E08BC33188BC44DFFD1.e.12383"}]}
RESULT: {"script":"<script> [8489 bytes]","args":[{"element-6066-11e4-a52e-4f735466cecf":"f.CB997DD3A6212A0539B4B9AD4CB02789.d.4C35328C2C998E08BC33188BC44DFFD1.e.12383","ELEMENT":"f.CB997DD3A6212A0539B4B9AD4CB02789.d.4C35328C2C998E08BC33188BC44DFFD1.e.12383"}]}
COMMAND: GET /session/02ea79fddde22fa81bffc0522714798c/element/f.CB997DD3A6212A0539B4B9AD4CB02789.d.4C35328C2C998E08BC33188BC44DFFD1.e.12383/enabled - {}
COMMAND: GET /session/02ea79fddde22fa81bffc0522714798c/screenshot - {}
RESULT: {}
COMMAND: POST /session/02ea79fddde22fa81bffc0522714798c/execute/sync - {"script":"<script> [8489 bytes]","args":[{"element-6066-11e4-a52e-4f735466cecf":"f.CB997DD3A6212A0539B4B9AD4CB02789.d.4C35328C2C998E08BC33188BC44DFFD1.e.12383","ELEMENT":"f.CB997DD3A6212A0539B4B9AD4CB02789.d.4C35328C2C998E08BC33188BC44DFFD1.e.12383"}]}
COMMAND: GET /session/02ea79fddde22fa81bffc0522714798c/screenshot - {}
RESULT: {}
RESULT: {"script":"<script> [8489 bytes]","args":[{"element-6066-11e4-a52e-4f735466cecf":"f.CB997DD3A6212A0539B4B9AD4CB02789.d.4C35328C2C998E08BC33188BC44DFFD1.e.12383","ELEMENT":"f.CB997DD3A6212A0539B4B9AD4CB02789.d.4C35328C2C998E08BC33188BC44DFFD1.e.12383"}]}
COMMAND: POST /session/02ea79fddde22fa81bffc0522714798c/execute/sync - {"script":"<script> [5351 bytes]","args":[{"element-6066-11e4-a52e-4f735466cecf":"f.CB997DD3A6212A0539B4B9AD4CB02789.d.4C35328C2C998E08BC33188BC44DFFD1.e.12383","ELEMENT":"f.CB997DD3A6212A0539B4B9AD4CB02789.d.4C35328C2C998E08BC33188BC44DFFD1.e.12383"}]}
COMMAND: GET /session/02ea79fddde22fa81bffc0522714798c/screenshot - {}
RESULT: {}
RESULT: {"script":"<script> [5351 bytes]","args":[{"element-6066-11e4-a52e-4f735466cecf":"f.CB997DD3A6212A0539B4B9AD4CB02789.d.4C35328C2C998E08BC33188BC44DFFD1.e.12383","ELEMENT":"f.CB997DD3A6212A0539B4B9AD4CB02789.d.4C35328C2C998E08BC33188BC44DFFD1.e.12383"}]}
COMMAND: GET /session/02ea79fddde22fa81bffc0522714798c/screenshot - {}
RESULT: {}
RESULT: {}
COMMAND: POST /session/02ea79fddde22fa81bffc0522714798c/element/f.CB997DD3A6212A0539B4B9AD4CB02789.d.4C35328C2C998E08BC33188BC44DFFD1.e.12383/click - {}
RESULT: {}
COMMAND: GET /session/02ea79fddde22fa81bffc0522714798c/screenshot - {}
COMMAND: POST /session/02ea79fddde22fa81bffc0522714798c/execute/async - {"script":"<script> [1562 bytes]","args":[{"selector":{"id":"application-managecontracts-display-component---AddNewContract--projectDescription","interaction":{"idSuffix":"inner"}},"wdio_ui5_key":"applicationmanagecontracts-display-component---AddNewContract--projectDescription"}]}
RESULT: {}
RESULT: {"script":"<script> [1562 bytes]","args":[{"selector":{"id":"application-managecontracts-display-component---AddNewContract--projectDescription","interaction":{"idSuffix":"inner"}},"wdio_ui5_key":"applicationmanagecontracts-display-component---AddNewContract--projectDescription"}]}
RESULT: undefined
COMMAND: POST /session/02ea79fddde22fa81bffc0522714798c/execute/async - {"script":"<script> [776 bytes]","args":[{"enterText":"Mixed Contract WDIO","selector":{"id":"application-managecontracts-display-component---AddNewContract--projectDescription","interaction":{"idSuffix":"inner"}},"clearTextFirst":true,"interactionType":"ENTER_TEXT"}]}
RESULT: {"script":"<script> [776 bytes]","args":[{"enterText":"Mixed Contract WDIO","selector":{"id":"application-managecontracts-display-component---AddNewContract--projectDescription","interaction":{"idSuffix":"inner"}},"clearTextFirst":true,"interactionType":"ENTER_TEXT"}]}
COMMAND: POST /session/02ea79fddde22fa81bffc0522714798c/element - {"using":"xpath","value":"//input[@id=\"application-managecontracts-display-component---AddNewContract--site-inner\"]"}
RESULT: {"using":"xpath","value":"//input[@id=\"application-managecontracts-display-component---AddNewContract--site-inner\"]"}
COMMAND: POST /session/02ea79fddde22fa81bffc0522714798c/element/f.CB997DD3A6212A0539B4B9AD4CB02789.d.4C35328C2C998E08BC33188BC44DFFD1.e.12680/clear - {}
RESULT: {}
COMMAND: POST /session/02ea79fddde22fa81bffc0522714798c/element/f.CB997DD3A6212A0539B4B9AD4CB02789.d.4C35328C2C998E08BC33188BC44DFFD1.e.12680/value - {"text":"2195"}
COMMAND: GET /session/02ea79fddde22fa81bffc0522714798c/screenshot - {}
RESULT: {"text":"2195"}
COMMAND: GET /session/02ea79fddde22fa81bffc0522714798c/screenshot - {}
RESULT: {}
RESULT: {}
COMMAND: POST /session/02ea79fddde22fa81bffc0522714798c/element - {"using":"xpath","value":"//li[.//span[text()='2195']]"}
RESULT: {"using":"xpath","value":"//li[.//span[text()='2195']]"}
COMMAND: POST /session/02ea79fddde22fa81bffc0522714798c/element/f.CB997DD3A6212A0539B4B9AD4CB02789.d.4C35328C2C998E08BC33188BC44DFFD1.e.12704/click - {}
RESULT: {}
COMMAND: GET /session/02ea79fddde22fa81bffc0522714798c/screenshot - {}
RESULT: {}
COMMAND: POST /session/02ea79fddde22fa81bffc0522714798c/element - {"using":"xpath","value":"//input[@id=\"application-managecontracts-display-component---AddNewContract--yardId-inner\"]"}
RESULT: {"using":"xpath","value":"//input[@id=\"application-managecontracts-display-component---AddNewContract--yardId-inner\"]"}
COMMAND: GET /session/02ea79fddde22fa81bffc0522714798c/element/f.CB997DD3A6212A0539B4B9AD4CB02789.d.4C35328C2C998E08BC33188BC44DFFD1.e.12681/property/value - {}
RESULT: {}
COMMAND: POST /session/02ea79fddde22fa81bffc0522714798c/element - {"using":"xpath","value":"//input[@id=\"application-managecontracts-display-component---AddNewContract--customerSelect-inner\"]"}
COMMAND: GET /session/02ea79fddde22fa81bffc0522714798c/screenshot - {}
RESULT: {"using":"xpath","value":"//input[@id=\"application-managecontracts-display-component---AddNewContract--customerSelect-inner\"]"}
COMMAND: POST /session/02ea79fddde22fa81bffc0522714798c/element/f.CB997DD3A6212A0539B4B9AD4CB02789.d.4C35328C2C998E08BC33188BC44DFFD1.e.12679/clear - {}
RESULT: {}
RESULT: {}
COMMAND: POST /session/02ea79fddde22fa81bffc0522714798c/element/f.CB997DD3A6212A0539B4B9AD4CB02789.d.4C35328C2C998E08BC33188BC44DFFD1.e.12679/value - {"text":"1207"}
COMMAND: GET /session/02ea79fddde22fa81bffc0522714798c/screenshot - {}
RESULT: {"text":"1207"}
COMMAND: GET /session/02ea79fddde22fa81bffc0522714798c/screenshot - {}
RESULT: {}
RESULT: {}
COMMAND: POST /session/02ea79fddde22fa81bffc0522714798c/element - {"using":"xpath","value":"//li[.//span[text()='1207']]"}
RESULT: {"using":"xpath","value":"//li[.//span[text()='1207']]"}
COMMAND: POST /session/02ea79fddde22fa81bffc0522714798c/element/f.CB997DD3A6212A0539B4B9AD4CB02789.d.4C35328C2C998E08BC33188BC44DFFD1.e.12707/click - {}
RESULT: {}
COMMAND: GET /session/02ea79fddde22fa81bffc0522714798c/screenshot - {}
RESULT: {}
COMMAND: POST /session/02ea79fddde22fa81bffc0522714798c/element - {"using":"xpath","value":"//button[@data-kt=\"saveButton\"]"}
RESULT: {"using":"xpath","value":"//button[@data-kt=\"saveButton\"]"}
COMMAND: POST /session/02ea79fddde22fa81bffc0522714798c/element/f.CB997DD3A6212A0539B4B9AD4CB02789.d.4C35328C2C998E08BC33188BC44DFFD1.e.12697/click - {}
RESULT: {}
COMMAND: GET /session/02ea79fddde22fa81bffc0522714798c/screenshot - {}
RESULT: {}
COMMAND: POST /session/02ea79fddde22fa81bffc0522714798c/element - {"using":"xpath","value":"//span[contains(@id ,\"contractDetailTitleNoExpanded\")]"}
RESULT: {"using":"xpath","value":"//span[contains(@id ,\"contractDetailTitleNoExpanded\")]"}
COMMAND: POST /session/02ea79fddde22fa81bffc0522714798c/elements - {"using":"xpath","value":"//span[contains(@id ,\"contractDetailTitleNoExpanded\")]"}
RESULT: {"using":"xpath","value":"//span[contains(@id ,\"contractDetailTitleNoExpanded\")]"}
COMMAND: POST /session/02ea79fddde22fa81bffc0522714798c/execute/sync - {"script":"<script> [56 bytes]","args":[{"element-6066-11e4-a52e-4f735466cecf":"f.CB997DD3A6212A0539B4B9AD4CB02789.d.4C35328C2C998E08BC33188BC44DFFD1.e.12778","ELEMENT":"f.CB997DD3A6212A0539B4B9AD4CB02789.d.4C35328C2C998E08BC33188BC44DFFD1.e.12778"}]}
RESULT: {"script":"<script> [56 bytes]","args":[{"element-6066-11e4-a52e-4f735466cecf":"f.CB997DD3A6212A0539B4B9AD4CB02789.d.4C35328C2C998E08BC33188BC44DFFD1.e.12778","ELEMENT":"f.CB997DD3A6212A0539B4B9AD4CB02789.d.4C35328C2C998E08BC33188BC44DFFD1.e.12778"}]}
COMMAND: GET /session/02ea79fddde22fa81bffc0522714798c/screenshot - {}
RESULT: {}
]]></system-out>
    </testcase>
    <testcase classname="chrome.135_0_7049_96.windows.Create_master_data_for_mixed_billing_&amp;_do_billing_calculation_US151661" name="Should add equipment to the contract" time="50.61">
      <system-out><![CDATA[
COMMAND: POST /session/02ea79fddde22fa81bffc0522714798c/element - {"using":"xpath","value":"//button[@data-kt=\"contractDetailEditBtnButton\"]"}
RESULT: {"using":"xpath","value":"//button[@data-kt=\"contractDetailEditBtnButton\"]"}
COMMAND: POST /session/02ea79fddde22fa81bffc0522714798c/element/f.CB997DD3A6212A0539B4B9AD4CB02789.d.4C35328C2C998E08BC33188BC44DFFD1.e.12779/click - {}
RESULT: {}
COMMAND: GET /session/02ea79fddde22fa81bffc0522714798c/screenshot - {}
RESULT: {}
COMMAND: POST /session/02ea79fddde22fa81bffc0522714798c/element - {"using":"xpath","value":"(//span[contains(text(), \"Additional Addresses\")])[2]"}
RESULT: {"using":"xpath","value":"(//span[contains(text(), \"Additional Addresses\")])[2]"}
COMMAND: POST /session/02ea79fddde22fa81bffc0522714798c/element/f.CB997DD3A6212A0539B4B9AD4CB02789.d.4C35328C2C998E08BC33188BC44DFFD1.e.12833/click - {}
RESULT: {}
COMMAND: GET /session/02ea79fddde22fa81bffc0522714798c/screenshot - {}
RESULT: {}
COMMAND: POST /session/02ea79fddde22fa81bffc0522714798c/element - {"using":"xpath","value":"//button[@data-kt=\"btnAddTableRowOverflowToolbarButton\"]"}
RESULT: {"using":"xpath","value":"//button[@data-kt=\"btnAddTableRowOverflowToolbarButton\"]"}
COMMAND: POST /session/02ea79fddde22fa81bffc0522714798c/element/f.CB997DD3A6212A0539B4B9AD4CB02789.d.4C35328C2C998E08BC33188BC44DFFD1.e.12835/click - {}
RESULT: {}
COMMAND: GET /session/02ea79fddde22fa81bffc0522714798c/screenshot - {}
RESULT: {}
COMMAND: POST /session/02ea79fddde22fa81bffc0522714798c/element - {"using":"xpath","value":"//div[(text() = 'Standard Entry' or . = 'Standard Entry')]"}
RESULT: {"using":"xpath","value":"//div[(text() = 'Standard Entry' or . = 'Standard Entry')]"}
COMMAND: POST /session/02ea79fddde22fa81bffc0522714798c/element/f.CB997DD3A6212A0539B4B9AD4CB02789.d.4C35328C2C998E08BC33188BC44DFFD1.e.12837/click - {}
RESULT: {}
COMMAND: GET /session/02ea79fddde22fa81bffc0522714798c/screenshot - {}
RESULT: {}
COMMAND: POST /session/02ea79fddde22fa81bffc0522714798c/element - {"using":"xpath","value":"//td[7]/div/div/input"}
RESULT: {"using":"xpath","value":"//td[7]/div/div/input"}
COMMAND: POST /session/02ea79fddde22fa81bffc0522714798c/element/f.CB997DD3A6212A0539B4B9AD4CB02789.d.4C35328C2C998E08BC33188BC44DFFD1.e.12846/clear - {}
RESULT: {}
COMMAND: POST /session/02ea79fddde22fa81bffc0522714798c/element/f.CB997DD3A6212A0539B4B9AD4CB02789.d.4C35328C2C998E08BC33188BC44DFFD1.e.12846/value - {"text":"hCU24p8MYQ"}
COMMAND: GET /session/02ea79fddde22fa81bffc0522714798c/screenshot - {}
RESULT: {"text":"hCU24p8MYQ"}
COMMAND: GET /session/02ea79fddde22fa81bffc0522714798c/screenshot - {}
RESULT: {}
RESULT: {}
COMMAND: POST /session/02ea79fddde22fa81bffc0522714798c/actions - {"actions":[{"id":"action45","type":"key","parameters":{},"actions":[{"type":"keyDown","value":"î€‡"},{"type":"pause","duration":10},{"type":"keyUp","value":"î€‡"}]}]}
RESULT: {"actions":[{"id":"action45","type":"key","parameters":{},"actions":[{"type":"keyDown","value":"î€‡"},{"type":"pause","duration":10},{"type":"keyUp","value":"î€‡"}]}]}
COMMAND: GET /session/02ea79fddde22fa81bffc0522714798c/screenshot - {}
RESULT: {}
COMMAND: POST /session/02ea79fddde22fa81bffc0522714798c/element - {"using":"xpath","value":"(//button[@data-kt=\"saveButton\"])[2]"}
RESULT: {"using":"xpath","value":"(//button[@data-kt=\"saveButton\"])[2]"}
COMMAND: POST /session/02ea79fddde22fa81bffc0522714798c/element/f.CB997DD3A6212A0539B4B9AD4CB02789.d.4C35328C2C998E08BC33188BC44DFFD1.e.12861/click - {}
RESULT: {}
COMMAND: GET /session/02ea79fddde22fa81bffc0522714798c/screenshot - {}
RESULT: {}
COMMAND: POST /session/02ea79fddde22fa81bffc0522714798c/element - {"using":"xpath","value":"//span[contains(@id ,\"contractItemsSmartTable-header-inner\")]"}
RESULT: {"using":"xpath","value":"//span[contains(@id ,\"contractItemsSmartTable-header-inner\")]"}
COMMAND: POST /session/02ea79fddde22fa81bffc0522714798c/elements - {"using":"xpath","value":"//span[contains(@id ,\"contractItemsSmartTable-header-inner\")]"}
RESULT: {"using":"xpath","value":"//span[contains(@id ,\"contractItemsSmartTable-header-inner\")]"}
COMMAND: POST /session/02ea79fddde22fa81bffc0522714798c/execute/sync - {"script":"<script> [56 bytes]","args":[{"element-6066-11e4-a52e-4f735466cecf":"f.CB997DD3A6212A0539B4B9AD4CB02789.d.4C35328C2C998E08BC33188BC44DFFD1.e.12866","ELEMENT":"f.CB997DD3A6212A0539B4B9AD4CB02789.d.4C35328C2C998E08BC33188BC44DFFD1.e.12866"}]}
RESULT: {"script":"<script> [56 bytes]","args":[{"element-6066-11e4-a52e-4f735466cecf":"f.CB997DD3A6212A0539B4B9AD4CB02789.d.4C35328C2C998E08BC33188BC44DFFD1.e.12866","ELEMENT":"f.CB997DD3A6212A0539B4B9AD4CB02789.d.4C35328C2C998E08BC33188BC44DFFD1.e.12866"}]}
]]></system-out>
    </testcase>
    <testcase classname="chrome.135_0_7049_96.windows.Create_master_data_for_mixed_billing_&amp;_do_billing_calculation_US151661" name="Should do a provide to site handover" time="52.719">
      <system-out><![CDATA[
COMMAND: GET /session/02ea79fddde22fa81bffc0522714798c/screenshot - {}
COMMAND: POST /session/02ea79fddde22fa81bffc0522714798c/element - {"using":"xpath","value":"//button[@data-kt=\"provideButton\"]"}
RESULT: {}
RESULT: {"using":"xpath","value":"//button[@data-kt=\"provideButton\"]"}
COMMAND: POST /session/02ea79fddde22fa81bffc0522714798c/element/f.CB997DD3A6212A0539B4B9AD4CB02789.d.4C35328C2C998E08BC33188BC44DFFD1.e.12868/click - {}
RESULT: {}
COMMAND: GET /session/02ea79fddde22fa81bffc0522714798c/screenshot - {}
RESULT: undefined
COMMAND: POST /session/02ea79fddde22fa81bffc0522714798c/execute/async - {"script":"<script> [6424 bytes]","args":[{"element-6066-11e4-a52e-4f735466cecf":"f.CB997DD3A6212A0539B4B9AD4CB02789.d.4C35328C2C998E08BC33188BC44DFFD1.e.11898"},"setValue",["04/28/2025"]]}
RESULT: {}
COMMAND: POST /session/02ea79fddde22fa81bffc0522714798c/execute/async - {"script":"<script> [1562 bytes]","args":[{"selector":{"id":"application-managehandovers-display-component---AddNewHO--dueDate","interaction":{"idSuffix":"inner"}},"wdio_ui5_key":"applicationmanagehandovers-display-component---AddNewHO--dueDate"}]}
RESULT: {"script":"<script> [1562 bytes]","args":[{"selector":{"id":"application-managehandovers-display-component---AddNewHO--dueDate","interaction":{"idSuffix":"inner"}},"wdio_ui5_key":"applicationmanagehandovers-display-component---AddNewHO--dueDate"}]}
COMMAND: POST /session/02ea79fddde22fa81bffc0522714798c/execute/async - {"script":"<script> [6424 bytes]","args":[{"element-6066-11e4-a52e-4f735466cecf":"f.CB997DD3A6212A0539B4B9AD4CB02789.d.4C35328C2C998E08BC33188BC44DFFD1.e.12925"},"setValue",["04/28/2025"]]}
RESULT: {"script":"<script> [6424 bytes]","args":[{"element-6066-11e4-a52e-4f735466cecf":"f.CB997DD3A6212A0539B4B9AD4CB02789.d.4C35328C2C998E08BC33188BC44DFFD1.e.12925"},"setValue",["04/28/2025"]]}
COMMAND: POST /session/02ea79fddde22fa81bffc0522714798c/element - {"using":"xpath","value":"//bdi[contains(text(), \"Instructions\")]"}
RESULT: {"using":"xpath","value":"//bdi[contains(text(), \"Instructions\")]"}
COMMAND: POST /session/02ea79fddde22fa81bffc0522714798c/element/f.CB997DD3A6212A0539B4B9AD4CB02789.d.4C35328C2C998E08BC33188BC44DFFD1.e.13178/click - {}
RESULT: {}
COMMAND: GET /session/02ea79fddde22fa81bffc0522714798c/screenshot - {}
RESULT: {}
COMMAND: POST /session/02ea79fddde22fa81bffc0522714798c/element - {"using":"xpath","value":"//button[@data-kt=\"AddNewHOProvideAddItemsButton\"]"}
RESULT: {"using":"xpath","value":"//button[@data-kt=\"AddNewHOProvideAddItemsButton\"]"}
COMMAND: POST /session/02ea79fddde22fa81bffc0522714798c/element/f.CB997DD3A6212A0539B4B9AD4CB02789.d.4C35328C2C998E08BC33188BC44DFFD1.e.13182/click - {}
RESULT: {}
COMMAND: GET /session/02ea79fddde22fa81bffc0522714798c/screenshot - {}
RESULT: {}
RESULT: undefined
COMMAND: POST /session/02ea79fddde22fa81bffc0522714798c/element - {"using":"xpath","value":"//*[@id=\"application-managehandovers-display-component---AddNewHO--popup-sa\"]"}
RESULT: {"using":"xpath","value":"//*[@id=\"application-managehandovers-display-component---AddNewHO--popup-sa\"]"}
COMMAND: POST /session/02ea79fddde22fa81bffc0522714798c/element/f.CB997DD3A6212A0539B4B9AD4CB02789.d.4C35328C2C998E08BC33188BC44DFFD1.e.13192/click - {}
RESULT: {}
COMMAND: GET /session/02ea79fddde22fa81bffc0522714798c/screenshot - {}
RESULT: {}
COMMAND: POST /session/02ea79fddde22fa81bffc0522714798c/element - {"using":"xpath","value":"//*[contains(@id ,\"BDI-content\")][contains(text(), \"Select\")]"}
RESULT: {"using":"xpath","value":"//*[contains(@id ,\"BDI-content\")][contains(text(), \"Select\")]"}
COMMAND: POST /session/02ea79fddde22fa81bffc0522714798c/element/f.CB997DD3A6212A0539B4B9AD4CB02789.d.4C35328C2C998E08BC33188BC44DFFD1.e.13193/click - {}
RESULT: {}
COMMAND: GET /session/02ea79fddde22fa81bffc0522714798c/screenshot - {}
RESULT: {}
COMMAND: POST /session/02ea79fddde22fa81bffc0522714798c/execute/async - {"script":"<script> [1562 bytes]","args":[{"selector":{"id":"application-managehandovers-display-component---AddNewHO--confirmCreationButton","interaction":{"idSuffix":"BDI-content"}},"wdio_ui5_key":"applicationmanagehandovers-display-component---AddNewHO--confirmCreationButton"}]}
RESULT: {"script":"<script> [1562 bytes]","args":[{"selector":{"id":"application-managehandovers-display-component---AddNewHO--confirmCreationButton","interaction":{"idSuffix":"BDI-content"}},"wdio_ui5_key":"applicationmanagehandovers-display-component---AddNewHO--confirmCreationButton"}]}
RESULT: undefined
COMMAND: POST /session/02ea79fddde22fa81bffc0522714798c/element - {"using":"xpath","value":"//*[@id=\"application-managehandovers-display-component---AddNewHO--confirmCreationButton\"]"}
RESULT: {"using":"xpath","value":"//*[@id=\"application-managehandovers-display-component---AddNewHO--confirmCreationButton\"]"}
COMMAND: POST /session/02ea79fddde22fa81bffc0522714798c/element/f.CB997DD3A6212A0539B4B9AD4CB02789.d.4C35328C2C998E08BC33188BC44DFFD1.e.13004/click - {}
RESULT: {}
COMMAND: GET /session/02ea79fddde22fa81bffc0522714798c/screenshot - {}
COMMAND: POST /session/02ea79fddde22fa81bffc0522714798c/element - {"using":"xpath","value":"//button[@data-kt=\"PickingTableConfirmAllButton\"]"}
RESULT: {}
RESULT: {"using":"xpath","value":"//button[@data-kt=\"PickingTableConfirmAllButton\"]"}
COMMAND: POST /session/02ea79fddde22fa81bffc0522714798c/element/f.CB997DD3A6212A0539B4B9AD4CB02789.d.4C35328C2C998E08BC33188BC44DFFD1.e.13247/click - {}
RESULT: {}
COMMAND: GET /session/02ea79fddde22fa81bffc0522714798c/screenshot - {}
RESULT: {}
COMMAND: POST /session/02ea79fddde22fa81bffc0522714798c/element - {"using":"xpath","value":"//bdi[contains(text(), \"OK\")]"}
RESULT: {"using":"xpath","value":"//bdi[contains(text(), \"OK\")]"}
COMMAND: POST /session/02ea79fddde22fa81bffc0522714798c/element/f.CB997DD3A6212A0539B4B9AD4CB02789.d.4C35328C2C998E08BC33188BC44DFFD1.e.13249/click - {}
RESULT: {}
COMMAND: GET /session/02ea79fddde22fa81bffc0522714798c/screenshot - {}
RESULT: {}
COMMAND: POST /session/02ea79fddde22fa81bffc0522714798c/element - {"using":"xpath","value":"//bdi[contains(text(), \"Ok\")]"}
RESULT: {"using":"xpath","value":"//bdi[contains(text(), \"Ok\")]"}
COMMAND: POST /session/02ea79fddde22fa81bffc0522714798c/element/f.CB997DD3A6212A0539B4B9AD4CB02789.d.4C35328C2C998E08BC33188BC44DFFD1.e.13257/click - {}
RESULT: {}
COMMAND: GET /session/02ea79fddde22fa81bffc0522714798c/screenshot - {}
RESULT: {}
COMMAND: POST /session/02ea79fddde22fa81bffc0522714798c/element - {"using":"xpath","value":"//bdi[contains(text(), \"Issue\")]"}
RESULT: {"using":"xpath","value":"//bdi[contains(text(), \"Issue\")]"}
COMMAND: POST /session/02ea79fddde22fa81bffc0522714798c/element/f.CB997DD3A6212A0539B4B9AD4CB02789.d.4C35328C2C998E08BC33188BC44DFFD1.e.13260/click - {}
RESULT: {}
COMMAND: GET /session/02ea79fddde22fa81bffc0522714798c/screenshot - {}
RESULT: {}
COMMAND: POST /session/02ea79fddde22fa81bffc0522714798c/element - {"using":"css selector","value":"#shell-header-logo"}
RESULT: {"using":"css selector","value":"#shell-header-logo"}
COMMAND: POST /session/02ea79fddde22fa81bffc0522714798c/element/f.CB997DD3A6212A0539B4B9AD4CB02789.d.4C35328C2C998E08BC33188BC44DFFD1.e.12312/click - {}
RESULT: {}
COMMAND: GET /session/02ea79fddde22fa81bffc0522714798c/screenshot - {}
RESULT: {}
]]></system-out>
    </testcase>
    <testcase classname="chrome.135_0_7049_96.windows.Create_master_data_for_mixed_billing_&amp;_do_billing_calculation_US151661" name="Should create a few performance documents" time="96.608">
      <system-out><![CDATA[
COMMAND: POST /session/02ea79fddde22fa81bffc0522714798c/window/fullscreen - {}
RESULT: {}
COMMAND: POST /session/02ea79fddde22fa81bffc0522714798c/execute/async - {"script":"<script> [1562 bytes]","args":[{"selector":{"controlType":"sap.m.GenericTile","properties":{"header":"Manage States & Performance"}},"wdio_ui5_key":"sapm.GenericTile{\"header\":\"Manage States & Performance\"}"}]}
RESULT: {"script":"<script> [1562 bytes]","args":[{"selector":{"controlType":"sap.m.GenericTile","properties":{"header":"Manage States & Performance"}},"wdio_ui5_key":"sapm.GenericTile{\"header\":\"Manage States & Performance\"}"}]}
RESULT: undefined
COMMAND: POST /session/02ea79fddde22fa81bffc0522714798c/element - {"using":"xpath","value":"//*[@id=\"__tile56\"]"}
RESULT: {"using":"xpath","value":"//*[@id=\"__tile56\"]"}
COMMAND: POST /session/02ea79fddde22fa81bffc0522714798c/element/f.CB997DD3A6212A0539B4B9AD4CB02789.d.4C35328C2C998E08BC33188BC44DFFD1.e.6250/click - {}
RESULT: {}
COMMAND: POST /session/02ea79fddde22fa81bffc0522714798c/execute/async - {"script":"<script> [1562 bytes]","args":[{"selector":{"id":"application-managestatesandperformance-display-component---stateAndPerform--smartFilterBarResources-btnBasicSearch","interaction":{"idSuffix":"I"}},"wdio_ui5_key":"applicationmanagestatesandperformance-display-component---stateAndPerform--smartFilterBarResources-btnBasicSearch"}]}
COMMAND: GET /session/02ea79fddde22fa81bffc0522714798c/screenshot - {}
RESULT: {"script":"<script> [1562 bytes]","args":[{"selector":{"id":"application-managestatesandperformance-display-component---stateAndPerform--smartFilterBarResources-btnBasicSearch","interaction":{"idSuffix":"I"}},"wdio_ui5_key":"applicationmanagestatesandperformance-display-component---stateAndPerform--smartFilterBarResources-btnBasicSearch"}]}
RESULT: undefined
COMMAND: POST /session/02ea79fddde22fa81bffc0522714798c/execute/async - {"script":"<script> [776 bytes]","args":[{"enterText":"hCU24p8MYQ","selector":{"id":"application-managestatesandperformance-display-component---stateAndPerform--smartFilterBarResources-btnBasicSearch","interaction":{"idSuffix":"I"}},"clearTextFirst":true,"interactionType":"ENTER_TEXT"}]}
RESULT: {}
RESULT: {"script":"<script> [776 bytes]","args":[{"enterText":"hCU24p8MYQ","selector":{"id":"application-managestatesandperformance-display-component---stateAndPerform--smartFilterBarResources-btnBasicSearch","interaction":{"idSuffix":"I"}},"clearTextFirst":true,"interactionType":"ENTER_TEXT"}]}
COMMAND: POST /session/02ea79fddde22fa81bffc0522714798c/actions - {"actions":[{"id":"action46","type":"key","parameters":{},"actions":[{"type":"keyDown","value":"î€‡"},{"type":"pause","duration":10},{"type":"keyUp","value":"î€‡"}]}]}
RESULT: {"actions":[{"id":"action46","type":"key","parameters":{},"actions":[{"type":"keyDown","value":"î€‡"},{"type":"pause","duration":10},{"type":"keyUp","value":"î€‡"}]}]}
COMMAND: GET /session/02ea79fddde22fa81bffc0522714798c/screenshot - {}
RESULT: {}
COMMAND: POST /session/02ea79fddde22fa81bffc0522714798c/execute/async - {"script":"<script> [1562 bytes]","args":[{"selector":{"id":"application-managestatesandperformance-display-component---stateAndPerform--stateAndPerformResourcesSmartTable-header"},"wdio_ui5_key":"applicationmanagestatesandperformance-display-component---stateAndPerform--stateAndPerformResourcesSmartTable-header"}]}
RESULT: {"script":"<script> [1562 bytes]","args":[{"selector":{"id":"application-managestatesandperformance-display-component---stateAndPerform--stateAndPerformResourcesSmartTable-header"},"wdio_ui5_key":"applicationmanagestatesandperformance-display-component---stateAndPerform--stateAndPerformResourcesSmartTable-header"}]}
RESULT: undefined
COMMAND: POST /session/02ea79fddde22fa81bffc0522714798c/execute/async - {"script":"<script> [6424 bytes]","args":[{"element-6066-11e4-a52e-4f735466cecf":"f.CB997DD3A6212A0539B4B9AD4CB02789.d.4C35328C2C998E08BC33188BC44DFFD1.e.13541"},"getText",[]]}
RESULT: {"script":"<script> [6424 bytes]","args":[{"element-6066-11e4-a52e-4f735466cecf":"f.CB997DD3A6212A0539B4B9AD4CB02789.d.4C35328C2C998E08BC33188BC44DFFD1.e.13541"},"getText",[]]}
COMMAND: POST /session/02ea79fddde22fa81bffc0522714798c/execute/async - {"script":"<script> [1562 bytes]","args":[{"selector":{"controlType":"sap.ui.core.Icon","viewName":"etm.portal.ui.managestatesandperformance.view.Master","viewId":"application-managestatesandperformance-display-component---stateAndPerform","properties":{"src":{"regex":{"source":"slim\\-arrow\\-right"}}}},"wdio_ui5_key":"etmportal.ui.managestatesandperformance.view.Mastersap.ui.core.Icon{\"src\":{\"regex\":{\"source\":\"slim\\\\-arrow\\\\-right\"}}}"}]}
RESULT: {"script":"<script> [1562 bytes]","args":[{"selector":{"controlType":"sap.ui.core.Icon","viewName":"etm.portal.ui.managestatesandperformance.view.Master","viewId":"application-managestatesandperformance-display-component---stateAndPerform","properties":{"src":{"regex":{"source":"slim\\-arrow\\-right"}}}},"wdio_ui5_key":"etmportal.ui.managestatesandperformance.view.Mastersap.ui.core.Icon{\"src\":{\"regex\":{\"source\":\"slim\\\\-arrow\\\\-right\"}}}"}]}
RESULT: undefined
COMMAND: POST /session/02ea79fddde22fa81bffc0522714798c/element - {"using":"xpath","value":"//*[@id=\"__item3664-__clone13787-imgNav\"]"}
RESULT: {"using":"xpath","value":"//*[@id=\"__item3664-__clone13787-imgNav\"]"}
COMMAND: POST /session/02ea79fddde22fa81bffc0522714798c/element/f.CB997DD3A6212A0539B4B9AD4CB02789.d.4C35328C2C998E08BC33188BC44DFFD1.e.13540/click - {}
RESULT: {}
COMMAND: GET /session/02ea79fddde22fa81bffc0522714798c/screenshot - {}
RESULT: {}
COMMAND: POST /session/02ea79fddde22fa81bffc0522714798c/execute/async - {"script":"<script> [1562 bytes]","args":[{"selector":{"controlType":"sap.m.Button","viewName":"etm.portal.ui.managestatesandperformance.view.Detail","viewId":"application-managestatesandperformance-display-component---detailStateAndPerform","properties":{"text":"Performance Documents"}},"wdio_ui5_key":"etmportal.ui.managestatesandperformance.view.Detailsap.m.Button{\"text\":\"Performance Documents\"}"}]}
RESULT: {"script":"<script> [1562 bytes]","args":[{"selector":{"controlType":"sap.m.Button","viewName":"etm.portal.ui.managestatesandperformance.view.Detail","viewId":"application-managestatesandperformance-display-component---detailStateAndPerform","properties":{"text":"Performance Documents"}},"wdio_ui5_key":"etmportal.ui.managestatesandperformance.view.Detailsap.m.Button{\"text\":\"Performance Documents\"}"}]}
RESULT: undefined
COMMAND: POST /session/02ea79fddde22fa81bffc0522714798c/element - {"using":"xpath","value":"//*[@id=\"__item3687-button\"]"}
RESULT: {"using":"xpath","value":"//*[@id=\"__item3687-button\"]"}
COMMAND: POST /session/02ea79fddde22fa81bffc0522714798c/element/f.CB997DD3A6212A0539B4B9AD4CB02789.d.4C35328C2C998E08BC33188BC44DFFD1.e.13588/click - {}
RESULT: {}
COMMAND: POST /session/02ea79fddde22fa81bffc0522714798c/execute/async - {"script":"<script> [1562 bytes]","args":[{"selector":{"controlType":"sap.m.Button","viewName":"etm.portal.ui.managestatesandperformance.view.Detail","viewId":"application-managestatesandperformance-display-component---detailStateAndPerform","i18NText":{"propertyName":"text","key":"createPerformanceDoc"},"interaction":{"idSuffix":"BDI-content"}},"wdio_ui5_key":"etmportal.ui.managestatesandperformance.view.Detailsap.m.Button{\"propertyName\":\"text\",\"key\":\"createPerformanceDoc\"}"}]}
COMMAND: GET /session/02ea79fddde22fa81bffc0522714798c/screenshot - {}
RESULT: {"script":"<script> [1562 bytes]","args":[{"selector":{"controlType":"sap.m.Button","viewName":"etm.portal.ui.managestatesandperformance.view.Detail","viewId":"application-managestatesandperformance-display-component---detailStateAndPerform","i18NText":{"propertyName":"text","key":"createPerformanceDoc"},"interaction":{"idSuffix":"BDI-content"}},"wdio_ui5_key":"etmportal.ui.managestatesandperformance.view.Detailsap.m.Button{\"propertyName\":\"text\",\"key\":\"createPerformanceDoc\"}"}]}
RESULT: undefined
COMMAND: POST /session/02ea79fddde22fa81bffc0522714798c/element - {"using":"xpath","value":"//*[@id=\"__button515\"]"}
RESULT: {}
RESULT: {"using":"xpath","value":"//*[@id=\"__button515\"]"}
COMMAND: POST /session/02ea79fddde22fa81bffc0522714798c/element/f.CB997DD3A6212A0539B4B9AD4CB02789.d.4C35328C2C998E08BC33188BC44DFFD1.e.13592/click - {}
RESULT: {}
COMMAND: POST /session/02ea79fddde22fa81bffc0522714798c/execute/async - {"script":"<script> [1562 bytes]","args":[{"selector":{"id":"application-managestatesandperformance-display-component---detailStateAndPerform--perfDocDatePicker","searchOpenDialogs":true,"interaction":{"idSuffix":"inner"}},"wdio_ui5_key":"applicationmanagestatesandperformance-display-component---detailStateAndPerform--perfDocDatePicker"}]}
COMMAND: GET /session/02ea79fddde22fa81bffc0522714798c/screenshot - {}
RESULT: {"script":"<script> [1562 bytes]","args":[{"selector":{"id":"application-managestatesandperformance-display-component---detailStateAndPerform--perfDocDatePicker","searchOpenDialogs":true,"interaction":{"idSuffix":"inner"}},"wdio_ui5_key":"applicationmanagestatesandperformance-display-component---detailStateAndPerform--perfDocDatePicker"}]}
RESULT: undefined
COMMAND: POST /session/02ea79fddde22fa81bffc0522714798c/execute/async - {"script":"<script> [776 bytes]","args":[{"enterText":"04/30/25","selector":{"id":"application-managestatesandperformance-display-component---detailStateAndPerform--perfDocDatePicker","searchOpenDialogs":true,"interaction":{"idSuffix":"inner"}},"clearTextFirst":true,"interactionType":"ENTER_TEXT"}]}
RESULT: {}
RESULT: {"script":"<script> [776 bytes]","args":[{"enterText":"04/30/25","selector":{"id":"application-managestatesandperformance-display-component---detailStateAndPerform--perfDocDatePicker","searchOpenDialogs":true,"interaction":{"idSuffix":"inner"}},"clearTextFirst":true,"interactionType":"ENTER_TEXT"}]}
COMMAND: POST /session/02ea79fddde22fa81bffc0522714798c/execute/async - {"script":"<script> [1562 bytes]","args":[{"selector":{"id":"application-managestatesandperformance-display-component---detailStateAndPerform--counterValue-input","searchOpenDialogs":true,"interaction":{"idSuffix":"inner"}},"wdio_ui5_key":"applicationmanagestatesandperformance-display-component---detailStateAndPerform--counterValue-input"}]}
RESULT: {"script":"<script> [1562 bytes]","args":[{"selector":{"id":"application-managestatesandperformance-display-component---detailStateAndPerform--counterValue-input","searchOpenDialogs":true,"interaction":{"idSuffix":"inner"}},"wdio_ui5_key":"applicationmanagestatesandperformance-display-component---detailStateAndPerform--counterValue-input"}]}
RESULT: undefined
COMMAND: POST /session/02ea79fddde22fa81bffc0522714798c/execute/async - {"script":"<script> [776 bytes]","args":[{"enterText":"15.00","selector":{"id":"application-managestatesandperformance-display-component---detailStateAndPerform--counterValue-input","searchOpenDialogs":true,"interaction":{"idSuffix":"inner"}},"clearTextFirst":true,"interactionType":"ENTER_TEXT"}]}
RESULT: {"script":"<script> [776 bytes]","args":[{"enterText":"15.00","selector":{"id":"application-managestatesandperformance-display-component---detailStateAndPerform--counterValue-input","searchOpenDialogs":true,"interaction":{"idSuffix":"inner"}},"clearTextFirst":true,"interactionType":"ENTER_TEXT"}]}
COMMAND: POST /session/02ea79fddde22fa81bffc0522714798c/execute/async - {"script":"<script> [1562 bytes]","args":[{"selector":{"controlType":"sap.m.Button","viewName":"etm.portal.ui.managestatesandperformance.view.Detail","viewId":"application-managestatesandperformance-display-component---detailStateAndPerform","bindingPath":{"path":"","propertyPath":"/allowAddEdit","modelName":"oScreenModel"},"searchOpenDialogs":true,"interaction":{"idSuffix":"BDI-content"}},"wdio_ui5_key":"etmportal.ui.managestatesandperformance.view.Detailsap.m.Button{\"path\":\"\",\"propertyPath\":\"/allowAddEdit\",\"modelName\":\"oScreenModel\"}"}]}
RESULT: {"script":"<script> [1562 bytes]","args":[{"selector":{"controlType":"sap.m.Button","viewName":"etm.portal.ui.managestatesandperformance.view.Detail","viewId":"application-managestatesandperformance-display-component---detailStateAndPerform","bindingPath":{"path":"","propertyPath":"/allowAddEdit","modelName":"oScreenModel"},"searchOpenDialogs":true,"interaction":{"idSuffix":"BDI-content"}},"wdio_ui5_key":"etmportal.ui.managestatesandperformance.view.Detailsap.m.Button{\"path\":\"\",\"propertyPath\":\"/allowAddEdit\",\"modelName\":\"oScreenModel\"}"}]}
RESULT: undefined
COMMAND: POST /session/02ea79fddde22fa81bffc0522714798c/element - {"using":"xpath","value":"//*[@id=\"__button522\"]"}
RESULT: {"using":"xpath","value":"//*[@id=\"__button522\"]"}
COMMAND: POST /session/02ea79fddde22fa81bffc0522714798c/element/f.CB997DD3A6212A0539B4B9AD4CB02789.d.4C35328C2C998E08BC33188BC44DFFD1.e.13607/click - {}
RESULT: {}
RESULT: undefined
COMMAND: POST /session/02ea79fddde22fa81bffc0522714798c/element - {"using":"xpath","value":"//*[@id=\"__button515\"]"}
COMMAND: GET /session/02ea79fddde22fa81bffc0522714798c/screenshot - {}
RESULT: {"using":"xpath","value":"//*[@id=\"__button515\"]"}
COMMAND: POST /session/02ea79fddde22fa81bffc0522714798c/element/f.CB997DD3A6212A0539B4B9AD4CB02789.d.4C35328C2C998E08BC33188BC44DFFD1.e.13592/click - {}
RESULT: {}
RESULT: {}
RESULT: undefined
COMMAND: POST /session/02ea79fddde22fa81bffc0522714798c/execute/async - {"script":"<script> [776 bytes]","args":[{"enterText":"05/04/25","selector":{"id":"application-managestatesandperformance-display-component---detailStateAndPerform--perfDocDatePicker","searchOpenDialogs":true,"interaction":{"idSuffix":"inner"}},"clearTextFirst":true,"interactionType":"ENTER_TEXT"}]}
COMMAND: GET /session/02ea79fddde22fa81bffc0522714798c/screenshot - {}
RESULT: {"script":"<script> [776 bytes]","args":[{"enterText":"05/04/25","selector":{"id":"application-managestatesandperformance-display-component---detailStateAndPerform--perfDocDatePicker","searchOpenDialogs":true,"interaction":{"idSuffix":"inner"}},"clearTextFirst":true,"interactionType":"ENTER_TEXT"}]}
RESULT: undefined
COMMAND: POST /session/02ea79fddde22fa81bffc0522714798c/execute/async - {"script":"<script> [776 bytes]","args":[{"enterText":"20.00","selector":{"id":"application-managestatesandperformance-display-component---detailStateAndPerform--counterValue-input","searchOpenDialogs":true,"interaction":{"idSuffix":"inner"}},"clearTextFirst":true,"interactionType":"ENTER_TEXT"}]}
RESULT: {}
RESULT: {"script":"<script> [776 bytes]","args":[{"enterText":"20.00","selector":{"id":"application-managestatesandperformance-display-component---detailStateAndPerform--counterValue-input","searchOpenDialogs":true,"interaction":{"idSuffix":"inner"}},"clearTextFirst":true,"interactionType":"ENTER_TEXT"}]}
COMMAND: POST /session/02ea79fddde22fa81bffc0522714798c/actions - {"actions":[{"id":"action47","type":"key","parameters":{},"actions":[{"type":"keyDown","value":"î€„"},{"type":"keyDown","value":"î€„"},{"type":"pause","duration":10},{"type":"keyUp","value":"î€„"},{"type":"keyUp","value":"î€„"}]}]}
RESULT: {"actions":[{"id":"action47","type":"key","parameters":{},"actions":[{"type":"keyDown","value":"î€„"},{"type":"keyDown","value":"î€„"},{"type":"pause","duration":10},{"type":"keyUp","value":"î€„"},{"type":"keyUp","value":"î€„"}]}]}
COMMAND: POST /session/02ea79fddde22fa81bffc0522714798c/actions - {"actions":[{"id":"action48","type":"key","parameters":{},"actions":[{"type":"keyDown","value":"î€‡"},{"type":"pause","duration":10},{"type":"keyUp","value":"î€‡"}]}]}
COMMAND: GET /session/02ea79fddde22fa81bffc0522714798c/screenshot - {}
RESULT: {"actions":[{"id":"action48","type":"key","parameters":{},"actions":[{"type":"keyDown","value":"î€‡"},{"type":"pause","duration":10},{"type":"keyUp","value":"î€‡"}]}]}
RESULT: undefined
COMMAND: POST /session/02ea79fddde22fa81bffc0522714798c/element - {"using":"xpath","value":"//*[@id=\"__button522\"]"}
COMMAND: GET /session/02ea79fddde22fa81bffc0522714798c/screenshot - {}
RESULT: {}
RESULT: {"using":"xpath","value":"//*[@id=\"__button522\"]"}
COMMAND: POST /session/02ea79fddde22fa81bffc0522714798c/elements - {"using":"xpath","value":"//*[@id=\"__button522\"]"}
RESULT: {}
RESULT: {"using":"xpath","value":"//*[@id=\"__button522\"]"}
COMMAND: POST /session/02ea79fddde22fa81bffc0522714798c/elements - {"using":"xpath","value":"//*[@id=\"__button522\"]"}
RESULT: {"using":"xpath","value":"//*[@id=\"__button522\"]"}
COMMAND: POST /session/02ea79fddde22fa81bffc0522714798c/elements - {"using":"xpath","value":"//*[@id=\"__button522\"]"}
RESULT: {"using":"xpath","value":"//*[@id=\"__button522\"]"}
COMMAND: POST /session/02ea79fddde22fa81bffc0522714798c/elements - {"using":"xpath","value":"//*[@id=\"__button522\"]"}
RESULT: {"using":"xpath","value":"//*[@id=\"__button522\"]"}
COMMAND: POST /session/02ea79fddde22fa81bffc0522714798c/elements - {"using":"xpath","value":"//*[@id=\"__button522\"]"}
RESULT: {"using":"xpath","value":"//*[@id=\"__button522\"]"}
COMMAND: POST /session/02ea79fddde22fa81bffc0522714798c/elements - {"using":"xpath","value":"//*[@id=\"__button522\"]"}
RESULT: {"using":"xpath","value":"//*[@id=\"__button522\"]"}
COMMAND: POST /session/02ea79fddde22fa81bffc0522714798c/elements - {"using":"xpath","value":"//*[@id=\"__button522\"]"}
RESULT: {"using":"xpath","value":"//*[@id=\"__button522\"]"}
COMMAND: POST /session/02ea79fddde22fa81bffc0522714798c/elements - {"using":"xpath","value":"//*[@id=\"__button522\"]"}
RESULT: {"using":"xpath","value":"//*[@id=\"__button522\"]"}
COMMAND: POST /session/02ea79fddde22fa81bffc0522714798c/elements - {"using":"xpath","value":"//*[@id=\"__button522\"]"}
RESULT: {"using":"xpath","value":"//*[@id=\"__button522\"]"}
COMMAND: POST /session/02ea79fddde22fa81bffc0522714798c/elements - {"using":"xpath","value":"//*[@id=\"__button522\"]"}
RESULT: {"using":"xpath","value":"//*[@id=\"__button522\"]"}
COMMAND: POST /session/02ea79fddde22fa81bffc0522714798c/elements - {"using":"xpath","value":"//*[@id=\"__button522\"]"}
RESULT: {"using":"xpath","value":"//*[@id=\"__button522\"]"}
COMMAND: POST /session/02ea79fddde22fa81bffc0522714798c/elements - {"using":"xpath","value":"//*[@id=\"__button522\"]"}
RESULT: {"using":"xpath","value":"//*[@id=\"__button522\"]"}
COMMAND: POST /session/02ea79fddde22fa81bffc0522714798c/elements - {"using":"xpath","value":"//*[@id=\"__button522\"]"}
RESULT: {"using":"xpath","value":"//*[@id=\"__button522\"]"}
COMMAND: POST /session/02ea79fddde22fa81bffc0522714798c/elements - {"using":"xpath","value":"//*[@id=\"__button522\"]"}
RESULT: {"using":"xpath","value":"//*[@id=\"__button522\"]"}
COMMAND: POST /session/02ea79fddde22fa81bffc0522714798c/elements - {"using":"xpath","value":"//*[@id=\"__button522\"]"}
RESULT: {"using":"xpath","value":"//*[@id=\"__button522\"]"}
COMMAND: POST /session/02ea79fddde22fa81bffc0522714798c/elements - {"using":"xpath","value":"//*[@id=\"__button522\"]"}
RESULT: {"using":"xpath","value":"//*[@id=\"__button522\"]"}
COMMAND: POST /session/02ea79fddde22fa81bffc0522714798c/elements - {"using":"xpath","value":"//*[@id=\"__button522\"]"}
RESULT: {"using":"xpath","value":"//*[@id=\"__button522\"]"}
COMMAND: POST /session/02ea79fddde22fa81bffc0522714798c/elements - {"using":"xpath","value":"//*[@id=\"__button522\"]"}
RESULT: {"using":"xpath","value":"//*[@id=\"__button522\"]"}
COMMAND: POST /session/02ea79fddde22fa81bffc0522714798c/elements - {"using":"xpath","value":"//*[@id=\"__button522\"]"}
RESULT: {"using":"xpath","value":"//*[@id=\"__button522\"]"}
COMMAND: POST /session/02ea79fddde22fa81bffc0522714798c/elements - {"using":"xpath","value":"//*[@id=\"__button522\"]"}
RESULT: {"using":"xpath","value":"//*[@id=\"__button522\"]"}
COMMAND: POST /session/02ea79fddde22fa81bffc0522714798c/elements - {"using":"xpath","value":"//*[@id=\"__button522\"]"}
RESULT: {"using":"xpath","value":"//*[@id=\"__button522\"]"}
COMMAND: POST /session/02ea79fddde22fa81bffc0522714798c/elements - {"using":"xpath","value":"//*[@id=\"__button522\"]"}
RESULT: {"using":"xpath","value":"//*[@id=\"__button522\"]"}
COMMAND: POST /session/02ea79fddde22fa81bffc0522714798c/elements - {"using":"xpath","value":"//*[@id=\"__button522\"]"}
RESULT: {"using":"xpath","value":"//*[@id=\"__button522\"]"}
COMMAND: POST /session/02ea79fddde22fa81bffc0522714798c/elements - {"using":"xpath","value":"//*[@id=\"__button522\"]"}
RESULT: {"using":"xpath","value":"//*[@id=\"__button522\"]"}
COMMAND: POST /session/02ea79fddde22fa81bffc0522714798c/elements - {"using":"xpath","value":"//*[@id=\"__button522\"]"}
RESULT: {"using":"xpath","value":"//*[@id=\"__button522\"]"}
COMMAND: POST /session/02ea79fddde22fa81bffc0522714798c/elements - {"using":"xpath","value":"//*[@id=\"__button522\"]"}
RESULT: {"using":"xpath","value":"//*[@id=\"__button522\"]"}
COMMAND: POST /session/02ea79fddde22fa81bffc0522714798c/elements - {"using":"xpath","value":"//*[@id=\"__button522\"]"}
RESULT: {"using":"xpath","value":"//*[@id=\"__button522\"]"}
COMMAND: POST /session/02ea79fddde22fa81bffc0522714798c/elements - {"using":"xpath","value":"//*[@id=\"__button522\"]"}
RESULT: {"using":"xpath","value":"//*[@id=\"__button522\"]"}
COMMAND: POST /session/02ea79fddde22fa81bffc0522714798c/elements - {"using":"xpath","value":"//*[@id=\"__button522\"]"}
RESULT: {"using":"xpath","value":"//*[@id=\"__button522\"]"}
COMMAND: POST /session/02ea79fddde22fa81bffc0522714798c/elements - {"using":"xpath","value":"//*[@id=\"__button522\"]"}
RESULT: {"using":"xpath","value":"//*[@id=\"__button522\"]"}
COMMAND: POST /session/02ea79fddde22fa81bffc0522714798c/elements - {"using":"xpath","value":"//*[@id=\"__button522\"]"}
RESULT: {"using":"xpath","value":"//*[@id=\"__button522\"]"}
COMMAND: POST /session/02ea79fddde22fa81bffc0522714798c/elements - {"using":"xpath","value":"//*[@id=\"__button522\"]"}
RESULT: {"using":"xpath","value":"//*[@id=\"__button522\"]"}
COMMAND: POST /session/02ea79fddde22fa81bffc0522714798c/elements - {"using":"xpath","value":"//*[@id=\"__button522\"]"}
RESULT: {"using":"xpath","value":"//*[@id=\"__button522\"]"}
COMMAND: POST /session/02ea79fddde22fa81bffc0522714798c/elements - {"using":"xpath","value":"//*[@id=\"__button522\"]"}
RESULT: {"using":"xpath","value":"//*[@id=\"__button522\"]"}
COMMAND: POST /session/02ea79fddde22fa81bffc0522714798c/elements - {"using":"xpath","value":"//*[@id=\"__button522\"]"}
RESULT: {"using":"xpath","value":"//*[@id=\"__button522\"]"}
COMMAND: POST /session/02ea79fddde22fa81bffc0522714798c/elements - {"using":"xpath","value":"//*[@id=\"__button522\"]"}
RESULT: {"using":"xpath","value":"//*[@id=\"__button522\"]"}
COMMAND: POST /session/02ea79fddde22fa81bffc0522714798c/elements - {"using":"xpath","value":"//*[@id=\"__button522\"]"}
RESULT: {"using":"xpath","value":"//*[@id=\"__button522\"]"}
COMMAND: POST /session/02ea79fddde22fa81bffc0522714798c/elements - {"using":"xpath","value":"//*[@id=\"__button522\"]"}
RESULT: {"using":"xpath","value":"//*[@id=\"__button522\"]"}
COMMAND: POST /session/02ea79fddde22fa81bffc0522714798c/elements - {"using":"xpath","value":"//*[@id=\"__button522\"]"}
RESULT: {"using":"xpath","value":"//*[@id=\"__button522\"]"}
COMMAND: POST /session/02ea79fddde22fa81bffc0522714798c/elements - {"using":"xpath","value":"//*[@id=\"__button522\"]"}
RESULT: {"using":"xpath","value":"//*[@id=\"__button522\"]"}
COMMAND: POST /session/02ea79fddde22fa81bffc0522714798c/elements - {"using":"xpath","value":"//*[@id=\"__button522\"]"}
RESULT: {"using":"xpath","value":"//*[@id=\"__button522\"]"}
COMMAND: POST /session/02ea79fddde22fa81bffc0522714798c/elements - {"using":"xpath","value":"//*[@id=\"__button522\"]"}
RESULT: {"using":"xpath","value":"//*[@id=\"__button522\"]"}
COMMAND: POST /session/02ea79fddde22fa81bffc0522714798c/elements - {"using":"xpath","value":"//*[@id=\"__button522\"]"}
RESULT: {"using":"xpath","value":"//*[@id=\"__button522\"]"}
COMMAND: POST /session/02ea79fddde22fa81bffc0522714798c/elements - {"using":"xpath","value":"//*[@id=\"__button522\"]"}
RESULT: {"using":"xpath","value":"//*[@id=\"__button522\"]"}
COMMAND: POST /session/02ea79fddde22fa81bffc0522714798c/elements - {"using":"xpath","value":"//*[@id=\"__button522\"]"}
RESULT: {"using":"xpath","value":"//*[@id=\"__button522\"]"}
COMMAND: POST /session/02ea79fddde22fa81bffc0522714798c/elements - {"using":"xpath","value":"//*[@id=\"__button522\"]"}
RESULT: {"using":"xpath","value":"//*[@id=\"__button522\"]"}
COMMAND: POST /session/02ea79fddde22fa81bffc0522714798c/elements - {"using":"xpath","value":"//*[@id=\"__button522\"]"}
RESULT: {"using":"xpath","value":"//*[@id=\"__button522\"]"}
COMMAND: POST /session/02ea79fddde22fa81bffc0522714798c/elements - {"using":"xpath","value":"//*[@id=\"__button522\"]"}
RESULT: {"using":"xpath","value":"//*[@id=\"__button522\"]"}
COMMAND: POST /session/02ea79fddde22fa81bffc0522714798c/elements - {"using":"xpath","value":"//*[@id=\"__button522\"]"}
RESULT: {"using":"xpath","value":"//*[@id=\"__button522\"]"}
COMMAND: POST /session/02ea79fddde22fa81bffc0522714798c/elements - {"using":"xpath","value":"//*[@id=\"__button522\"]"}
RESULT: {"using":"xpath","value":"//*[@id=\"__button522\"]"}
COMMAND: POST /session/02ea79fddde22fa81bffc0522714798c/elements - {"using":"xpath","value":"//*[@id=\"__button522\"]"}
RESULT: {"using":"xpath","value":"//*[@id=\"__button522\"]"}
COMMAND: POST /session/02ea79fddde22fa81bffc0522714798c/elements - {"using":"xpath","value":"//*[@id=\"__button522\"]"}
RESULT: {"using":"xpath","value":"//*[@id=\"__button522\"]"}
COMMAND: POST /session/02ea79fddde22fa81bffc0522714798c/elements - {"using":"xpath","value":"//*[@id=\"__button522\"]"}
RESULT: {"using":"xpath","value":"//*[@id=\"__button522\"]"}
COMMAND: POST /session/02ea79fddde22fa81bffc0522714798c/elements - {"using":"xpath","value":"//*[@id=\"__button522\"]"}
RESULT: {"using":"xpath","value":"//*[@id=\"__button522\"]"}
COMMAND: POST /session/02ea79fddde22fa81bffc0522714798c/elements - {"using":"xpath","value":"//*[@id=\"__button522\"]"}
RESULT: {"using":"xpath","value":"//*[@id=\"__button522\"]"}
COMMAND: POST /session/02ea79fddde22fa81bffc0522714798c/elements - {"using":"xpath","value":"//*[@id=\"__button522\"]"}
RESULT: {"using":"xpath","value":"//*[@id=\"__button522\"]"}
COMMAND: POST /session/02ea79fddde22fa81bffc0522714798c/elements - {"using":"xpath","value":"//*[@id=\"__button522\"]"}
RESULT: {"using":"xpath","value":"//*[@id=\"__button522\"]"}
COMMAND: POST /session/02ea79fddde22fa81bffc0522714798c/elements - {"using":"xpath","value":"//*[@id=\"__button522\"]"}
RESULT: {"using":"xpath","value":"//*[@id=\"__button522\"]"}
COMMAND: POST /session/02ea79fddde22fa81bffc0522714798c/elements - {"using":"xpath","value":"//*[@id=\"__button522\"]"}
RESULT: {"using":"xpath","value":"//*[@id=\"__button522\"]"}
COMMAND: POST /session/02ea79fddde22fa81bffc0522714798c/elements - {"using":"xpath","value":"//*[@id=\"__button522\"]"}
RESULT: {"using":"xpath","value":"//*[@id=\"__button522\"]"}
COMMAND: POST /session/02ea79fddde22fa81bffc0522714798c/elements - {"using":"xpath","value":"//*[@id=\"__button522\"]"}
RESULT: {"using":"xpath","value":"//*[@id=\"__button522\"]"}
COMMAND: POST /session/02ea79fddde22fa81bffc0522714798c/elements - {"using":"xpath","value":"//*[@id=\"__button522\"]"}
RESULT: {"using":"xpath","value":"//*[@id=\"__button522\"]"}
COMMAND: POST /session/02ea79fddde22fa81bffc0522714798c/elements - {"using":"xpath","value":"//*[@id=\"__button522\"]"}
RESULT: {"using":"xpath","value":"//*[@id=\"__button522\"]"}
COMMAND: POST /session/02ea79fddde22fa81bffc0522714798c/elements - {"using":"xpath","value":"//*[@id=\"__button522\"]"}
RESULT: {"using":"xpath","value":"//*[@id=\"__button522\"]"}
COMMAND: POST /session/02ea79fddde22fa81bffc0522714798c/elements - {"using":"xpath","value":"//*[@id=\"__button522\"]"}
RESULT: {"using":"xpath","value":"//*[@id=\"__button522\"]"}
COMMAND: POST /session/02ea79fddde22fa81bffc0522714798c/elements - {"using":"xpath","value":"//*[@id=\"__button522\"]"}
RESULT: {"using":"xpath","value":"//*[@id=\"__button522\"]"}
COMMAND: POST /session/02ea79fddde22fa81bffc0522714798c/elements - {"using":"xpath","value":"//*[@id=\"__button522\"]"}
RESULT: {"using":"xpath","value":"//*[@id=\"__button522\"]"}
COMMAND: POST /session/02ea79fddde22fa81bffc0522714798c/elements - {"using":"xpath","value":"//*[@id=\"__button522\"]"}
RESULT: {"using":"xpath","value":"//*[@id=\"__button522\"]"}
COMMAND: POST /session/02ea79fddde22fa81bffc0522714798c/elements - {"using":"xpath","value":"//*[@id=\"__button522\"]"}
RESULT: {"using":"xpath","value":"//*[@id=\"__button522\"]"}
COMMAND: POST /session/02ea79fddde22fa81bffc0522714798c/elements - {"using":"xpath","value":"//*[@id=\"__button522\"]"}
RESULT: {"using":"xpath","value":"//*[@id=\"__button522\"]"}
COMMAND: POST /session/02ea79fddde22fa81bffc0522714798c/elements - {"using":"xpath","value":"//*[@id=\"__button522\"]"}
RESULT: {"using":"xpath","value":"//*[@id=\"__button522\"]"}
COMMAND: POST /session/02ea79fddde22fa81bffc0522714798c/elements - {"using":"xpath","value":"//*[@id=\"__button522\"]"}
RESULT: {"using":"xpath","value":"//*[@id=\"__button522\"]"}
COMMAND: POST /session/02ea79fddde22fa81bffc0522714798c/elements - {"using":"xpath","value":"//*[@id=\"__button522\"]"}
RESULT: {"using":"xpath","value":"//*[@id=\"__button522\"]"}
COMMAND: POST /session/02ea79fddde22fa81bffc0522714798c/elements - {"using":"xpath","value":"//*[@id=\"__button522\"]"}
RESULT: {"using":"xpath","value":"//*[@id=\"__button522\"]"}
COMMAND: POST /session/02ea79fddde22fa81bffc0522714798c/elements - {"using":"xpath","value":"//*[@id=\"__button522\"]"}
RESULT: {"using":"xpath","value":"//*[@id=\"__button522\"]"}
COMMAND: POST /session/02ea79fddde22fa81bffc0522714798c/elements - {"using":"xpath","value":"//*[@id=\"__button522\"]"}
RESULT: {"using":"xpath","value":"//*[@id=\"__button522\"]"}
COMMAND: POST /session/02ea79fddde22fa81bffc0522714798c/elements - {"using":"xpath","value":"//*[@id=\"__button522\"]"}
RESULT: {"using":"xpath","value":"//*[@id=\"__button522\"]"}
COMMAND: POST /session/02ea79fddde22fa81bffc0522714798c/elements - {"using":"xpath","value":"//*[@id=\"__button522\"]"}
RESULT: {"using":"xpath","value":"//*[@id=\"__button522\"]"}
COMMAND: POST /session/02ea79fddde22fa81bffc0522714798c/elements - {"using":"xpath","value":"//*[@id=\"__button522\"]"}
RESULT: {"using":"xpath","value":"//*[@id=\"__button522\"]"}
COMMAND: POST /session/02ea79fddde22fa81bffc0522714798c/elements - {"using":"xpath","value":"//*[@id=\"__button522\"]"}
RESULT: {"using":"xpath","value":"//*[@id=\"__button522\"]"}
COMMAND: POST /session/02ea79fddde22fa81bffc0522714798c/elements - {"using":"xpath","value":"//*[@id=\"__button522\"]"}
RESULT: {"using":"xpath","value":"//*[@id=\"__button522\"]"}
COMMAND: POST /session/02ea79fddde22fa81bffc0522714798c/elements - {"using":"xpath","value":"//*[@id=\"__button522\"]"}
RESULT: {"using":"xpath","value":"//*[@id=\"__button522\"]"}
COMMAND: POST /session/02ea79fddde22fa81bffc0522714798c/elements - {"using":"xpath","value":"//*[@id=\"__button522\"]"}
RESULT: {"using":"xpath","value":"//*[@id=\"__button522\"]"}
COMMAND: POST /session/02ea79fddde22fa81bffc0522714798c/elements - {"using":"xpath","value":"//*[@id=\"__button522\"]"}
RESULT: {"using":"xpath","value":"//*[@id=\"__button522\"]"}
COMMAND: POST /session/02ea79fddde22fa81bffc0522714798c/elements - {"using":"xpath","value":"//*[@id=\"__button522\"]"}
RESULT: {"using":"xpath","value":"//*[@id=\"__button522\"]"}
COMMAND: POST /session/02ea79fddde22fa81bffc0522714798c/elements - {"using":"xpath","value":"//*[@id=\"__button522\"]"}
RESULT: {"using":"xpath","value":"//*[@id=\"__button522\"]"}
COMMAND: POST /session/02ea79fddde22fa81bffc0522714798c/elements - {"using":"xpath","value":"//*[@id=\"__button522\"]"}
RESULT: {"using":"xpath","value":"//*[@id=\"__button522\"]"}
COMMAND: POST /session/02ea79fddde22fa81bffc0522714798c/elements - {"using":"xpath","value":"//*[@id=\"__button522\"]"}
RESULT: {"using":"xpath","value":"//*[@id=\"__button522\"]"}
COMMAND: POST /session/02ea79fddde22fa81bffc0522714798c/elements - {"using":"xpath","value":"//*[@id=\"__button522\"]"}
RESULT: {"using":"xpath","value":"//*[@id=\"__button522\"]"}
COMMAND: POST /session/02ea79fddde22fa81bffc0522714798c/elements - {"using":"xpath","value":"//*[@id=\"__button522\"]"}
RESULT: {"using":"xpath","value":"//*[@id=\"__button522\"]"}
COMMAND: POST /session/02ea79fddde22fa81bffc0522714798c/elements - {"using":"xpath","value":"//*[@id=\"__button522\"]"}
RESULT: {"using":"xpath","value":"//*[@id=\"__button522\"]"}
COMMAND: POST /session/02ea79fddde22fa81bffc0522714798c/elements - {"using":"xpath","value":"//*[@id=\"__button522\"]"}
RESULT: {"using":"xpath","value":"//*[@id=\"__button522\"]"}
COMMAND: POST /session/02ea79fddde22fa81bffc0522714798c/elements - {"using":"xpath","value":"//*[@id=\"__button522\"]"}
RESULT: {"using":"xpath","value":"//*[@id=\"__button522\"]"}
COMMAND: POST /session/02ea79fddde22fa81bffc0522714798c/elements - {"using":"xpath","value":"//*[@id=\"__button522\"]"}
RESULT: {"using":"xpath","value":"//*[@id=\"__button522\"]"}
COMMAND: POST /session/02ea79fddde22fa81bffc0522714798c/elements - {"using":"xpath","value":"//*[@id=\"__button522\"]"}
RESULT: {"using":"xpath","value":"//*[@id=\"__button522\"]"}
COMMAND: POST /session/02ea79fddde22fa81bffc0522714798c/elements - {"using":"xpath","value":"//*[@id=\"__button522\"]"}
RESULT: {"using":"xpath","value":"//*[@id=\"__button522\"]"}
COMMAND: POST /session/02ea79fddde22fa81bffc0522714798c/elements - {"using":"xpath","value":"//*[@id=\"__button522\"]"}
RESULT: {"using":"xpath","value":"//*[@id=\"__button522\"]"}
COMMAND: POST /session/02ea79fddde22fa81bffc0522714798c/elements - {"using":"xpath","value":"//*[@id=\"__button522\"]"}
RESULT: {"using":"xpath","value":"//*[@id=\"__button522\"]"}
COMMAND: POST /session/02ea79fddde22fa81bffc0522714798c/elements - {"using":"xpath","value":"//*[@id=\"__button522\"]"}
RESULT: {"using":"xpath","value":"//*[@id=\"__button522\"]"}
COMMAND: POST /session/02ea79fddde22fa81bffc0522714798c/elements - {"using":"xpath","value":"//*[@id=\"__button522\"]"}
RESULT: {"using":"xpath","value":"//*[@id=\"__button522\"]"}
COMMAND: POST /session/02ea79fddde22fa81bffc0522714798c/elements - {"using":"xpath","value":"//*[@id=\"__button522\"]"}
RESULT: {"using":"xpath","value":"//*[@id=\"__button522\"]"}
COMMAND: POST /session/02ea79fddde22fa81bffc0522714798c/elements - {"using":"xpath","value":"//*[@id=\"__button522\"]"}
RESULT: {"using":"xpath","value":"//*[@id=\"__button522\"]"}
COMMAND: POST /session/02ea79fddde22fa81bffc0522714798c/elements - {"using":"xpath","value":"//*[@id=\"__button522\"]"}
RESULT: {"using":"xpath","value":"//*[@id=\"__button522\"]"}
COMMAND: POST /session/02ea79fddde22fa81bffc0522714798c/elements - {"using":"xpath","value":"//*[@id=\"__button522\"]"}
RESULT: {"using":"xpath","value":"//*[@id=\"__button522\"]"}
COMMAND: POST /session/02ea79fddde22fa81bffc0522714798c/elements - {"using":"xpath","value":"//*[@id=\"__button522\"]"}
RESULT: {"using":"xpath","value":"//*[@id=\"__button522\"]"}
COMMAND: POST /session/02ea79fddde22fa81bffc0522714798c/elements - {"using":"xpath","value":"//*[@id=\"__button522\"]"}
RESULT: {"using":"xpath","value":"//*[@id=\"__button522\"]"}
COMMAND: POST /session/02ea79fddde22fa81bffc0522714798c/elements - {"using":"xpath","value":"//*[@id=\"__button522\"]"}
RESULT: {"using":"xpath","value":"//*[@id=\"__button522\"]"}
COMMAND: POST /session/02ea79fddde22fa81bffc0522714798c/elements - {"using":"xpath","value":"//*[@id=\"__button522\"]"}
RESULT: {"using":"xpath","value":"//*[@id=\"__button522\"]"}
COMMAND: POST /session/02ea79fddde22fa81bffc0522714798c/elements - {"using":"xpath","value":"//*[@id=\"__button522\"]"}
RESULT: {"using":"xpath","value":"//*[@id=\"__button522\"]"}
COMMAND: POST /session/02ea79fddde22fa81bffc0522714798c/elements - {"using":"xpath","value":"//*[@id=\"__button522\"]"}
RESULT: {"using":"xpath","value":"//*[@id=\"__button522\"]"}
COMMAND: POST /session/02ea79fddde22fa81bffc0522714798c/elements - {"using":"xpath","value":"//*[@id=\"__button522\"]"}
RESULT: {"using":"xpath","value":"//*[@id=\"__button522\"]"}
COMMAND: POST /session/02ea79fddde22fa81bffc0522714798c/elements - {"using":"xpath","value":"//*[@id=\"__button522\"]"}
RESULT: {"using":"xpath","value":"//*[@id=\"__button522\"]"}
COMMAND: POST /session/02ea79fddde22fa81bffc0522714798c/elements - {"using":"xpath","value":"//*[@id=\"__button522\"]"}
RESULT: {"using":"xpath","value":"//*[@id=\"__button522\"]"}
COMMAND: POST /session/02ea79fddde22fa81bffc0522714798c/elements - {"using":"xpath","value":"//*[@id=\"__button522\"]"}
RESULT: {"using":"xpath","value":"//*[@id=\"__button522\"]"}
COMMAND: POST /session/02ea79fddde22fa81bffc0522714798c/elements - {"using":"xpath","value":"//*[@id=\"__button522\"]"}
RESULT: {"using":"xpath","value":"//*[@id=\"__button522\"]"}
COMMAND: POST /session/02ea79fddde22fa81bffc0522714798c/elements - {"using":"xpath","value":"//*[@id=\"__button522\"]"}
RESULT: {"using":"xpath","value":"//*[@id=\"__button522\"]"}
COMMAND: POST /session/02ea79fddde22fa81bffc0522714798c/elements - {"using":"xpath","value":"//*[@id=\"__button522\"]"}
RESULT: {"using":"xpath","value":"//*[@id=\"__button522\"]"}
COMMAND: POST /session/02ea79fddde22fa81bffc0522714798c/elements - {"using":"xpath","value":"//*[@id=\"__button522\"]"}
RESULT: {"using":"xpath","value":"//*[@id=\"__button522\"]"}
COMMAND: POST /session/02ea79fddde22fa81bffc0522714798c/elements - {"using":"xpath","value":"//*[@id=\"__button522\"]"}
RESULT: {"using":"xpath","value":"//*[@id=\"__button522\"]"}
COMMAND: POST /session/02ea79fddde22fa81bffc0522714798c/elements - {"using":"xpath","value":"//*[@id=\"__button522\"]"}
RESULT: {"using":"xpath","value":"//*[@id=\"__button522\"]"}
COMMAND: POST /session/02ea79fddde22fa81bffc0522714798c/elements - {"using":"xpath","value":"//*[@id=\"__button522\"]"}
RESULT: {"using":"xpath","value":"//*[@id=\"__button522\"]"}
COMMAND: POST /session/02ea79fddde22fa81bffc0522714798c/element - {"using":"css selector","value":"#shell-header-logo"}
RESULT: {"using":"css selector","value":"#shell-header-logo"}
COMMAND: POST /session/02ea79fddde22fa81bffc0522714798c/execute/sync - {"script":"<script> [8489 bytes]","args":[{"element-6066-11e4-a52e-4f735466cecf":"f.CB997DD3A6212A0539B4B9AD4CB02789.d.4C35328C2C998E08BC33188BC44DFFD1.e.13439","ELEMENT":"f.CB997DD3A6212A0539B4B9AD4CB02789.d.4C35328C2C998E08BC33188BC44DFFD1.e.13439"}]}
RESULT: {"script":"<script> [8489 bytes]","args":[{"element-6066-11e4-a52e-4f735466cecf":"f.CB997DD3A6212A0539B4B9AD4CB02789.d.4C35328C2C998E08BC33188BC44DFFD1.e.13439","ELEMENT":"f.CB997DD3A6212A0539B4B9AD4CB02789.d.4C35328C2C998E08BC33188BC44DFFD1.e.13439"}]}
COMMAND: POST /session/02ea79fddde22fa81bffc0522714798c/execute/sync - {"script":"<script> [5351 bytes]","args":[{"element-6066-11e4-a52e-4f735466cecf":"f.CB997DD3A6212A0539B4B9AD4CB02789.d.4C35328C2C998E08BC33188BC44DFFD1.e.13439","ELEMENT":"f.CB997DD3A6212A0539B4B9AD4CB02789.d.4C35328C2C998E08BC33188BC44DFFD1.e.13439"}]}
COMMAND: GET /session/02ea79fddde22fa81bffc0522714798c/screenshot - {}
RESULT: {"script":"<script> [5351 bytes]","args":[{"element-6066-11e4-a52e-4f735466cecf":"f.CB997DD3A6212A0539B4B9AD4CB02789.d.4C35328C2C998E08BC33188BC44DFFD1.e.13439","ELEMENT":"f.CB997DD3A6212A0539B4B9AD4CB02789.d.4C35328C2C998E08BC33188BC44DFFD1.e.13439"}]}
COMMAND: POST /session/02ea79fddde22fa81bffc0522714798c/element/f.CB997DD3A6212A0539B4B9AD4CB02789.d.4C35328C2C998E08BC33188BC44DFFD1.e.13439/click - {}
COMMAND: GET /session/02ea79fddde22fa81bffc0522714798c/screenshot - {}
RESULT: {}
RESULT: {}
]]></system-out>
    </testcase>
    <testcase classname="chrome.135_0_7049_96.windows.Create_master_data_for_mixed_billing_&amp;_do_billing_calculation_US151661" name="Should go to Manage Billings and trigger calculation check the conditions applied" time="55.546">
      <system-out><![CDATA[
COMMAND: GET /session/02ea79fddde22fa81bffc0522714798c/screenshot - {}
COMMAND: POST /session/02ea79fddde22fa81bffc0522714798c/execute/async - {"script":"<script> [1562 bytes]","args":[{"selector":{"controlType":"sap.m.GenericTile","properties":{"header":"Manage Billings"}},"wdio_ui5_key":"sapm.GenericTile{\"header\":\"Manage Billings\"}"}]}
RESULT: {}
RESULT: {}
RESULT: {"script":"<script> [1562 bytes]","args":[{"selector":{"controlType":"sap.m.GenericTile","properties":{"header":"Manage Billings"}},"wdio_ui5_key":"sapm.GenericTile{\"header\":\"Manage Billings\"}"}]}
RESULT: undefined
COMMAND: POST /session/02ea79fddde22fa81bffc0522714798c/element - {"using":"xpath","value":"//*[@id=\"__tile51\"]"}
RESULT: {"using":"xpath","value":"//*[@id=\"__tile51\"]"}
COMMAND: POST /session/02ea79fddde22fa81bffc0522714798c/element/f.CB997DD3A6212A0539B4B9AD4CB02789.d.4C35328C2C998E08BC33188BC44DFFD1.e.6198/click - {}
RESULT: {}
COMMAND: GET /session/02ea79fddde22fa81bffc0522714798c/screenshot - {}
RESULT: {}
COMMAND: POST /session/02ea79fddde22fa81bffc0522714798c/execute/async - {"script":"<script> [1562 bytes]","args":[{"selector":{"id":"application-managebillings-display-component---billRunCalcResult--smartFilterBar-btnBasicSearch","interaction":{"idSuffix":"I"}},"wdio_ui5_key":"applicationmanagebillings-display-component---billRunCalcResult--smartFilterBar-btnBasicSearch"}]}
RESULT: {"script":"<script> [1562 bytes]","args":[{"selector":{"id":"application-managebillings-display-component---billRunCalcResult--smartFilterBar-btnBasicSearch","interaction":{"idSuffix":"I"}},"wdio_ui5_key":"applicationmanagebillings-display-component---billRunCalcResult--smartFilterBar-btnBasicSearch"}]}
RESULT: undefined
COMMAND: POST /session/02ea79fddde22fa81bffc0522714798c/execute/async - {"script":"<script> [776 bytes]","args":[{"enterText":"10284","selector":{"id":"application-managebillings-display-component---billRunCalcResult--smartFilterBar-btnBasicSearch","interaction":{"idSuffix":"I"}},"clearTextFirst":true,"interactionType":"ENTER_TEXT"}]}
RESULT: {"script":"<script> [776 bytes]","args":[{"enterText":"10284","selector":{"id":"application-managebillings-display-component---billRunCalcResult--smartFilterBar-btnBasicSearch","interaction":{"idSuffix":"I"}},"clearTextFirst":true,"interactionType":"ENTER_TEXT"}]}
COMMAND: POST /session/02ea79fddde22fa81bffc0522714798c/actions - {"actions":[{"id":"action49","type":"key","parameters":{},"actions":[{"type":"keyDown","value":"î€‡"},{"type":"pause","duration":10},{"type":"keyUp","value":"î€‡"}]}]}
RESULT: {"actions":[{"id":"action49","type":"key","parameters":{},"actions":[{"type":"keyDown","value":"î€‡"},{"type":"pause","duration":10},{"type":"keyUp","value":"î€‡"}]}]}
COMMAND: GET /session/02ea79fddde22fa81bffc0522714798c/screenshot - {}
RESULT: {}
COMMAND: POST /session/02ea79fddde22fa81bffc0522714798c/element - {"using":"xpath","value":"//td[@aria-colindex=\"1\"]/div/div[contains(@class, \"sapMCbBg\")]"}
RESULT: {"using":"xpath","value":"//td[@aria-colindex=\"1\"]/div/div[contains(@class, \"sapMCbBg\")]"}
COMMAND: POST /session/02ea79fddde22fa81bffc0522714798c/element/f.CB997DD3A6212A0539B4B9AD4CB02789.d.4C35328C2C998E08BC33188BC44DFFD1.e.13871/click - {}
RESULT: {}
COMMAND: GET /session/02ea79fddde22fa81bffc0522714798c/screenshot - {}
RESULT: {}
COMMAND: POST /session/02ea79fddde22fa81bffc0522714798c/execute/async - {"script":"<script> [1562 bytes]","args":[{"selector":{"id":"application-managebillings-display-component---billRunCalcResult--contractBillRunDate","interaction":{"idSuffix":"inner"}},"wdio_ui5_key":"applicationmanagebillings-display-component---billRunCalcResult--contractBillRunDate"}]}
RESULT: {"script":"<script> [1562 bytes]","args":[{"selector":{"id":"application-managebillings-display-component---billRunCalcResult--contractBillRunDate","interaction":{"idSuffix":"inner"}},"wdio_ui5_key":"applicationmanagebillings-display-component---billRunCalcResult--contractBillRunDate"}]}
RESULT: undefined
COMMAND: POST /session/02ea79fddde22fa81bffc0522714798c/execute/async - {"script":"<script> [776 bytes]","args":[{"enterText":"05/28/25","selector":{"id":"application-managebillings-display-component---billRunCalcResult--contractBillRunDate","interaction":{"idSuffix":"inner"}},"clearTextFirst":true,"interactionType":"ENTER_TEXT"}]}
RESULT: {"script":"<script> [776 bytes]","args":[{"enterText":"05/28/25","selector":{"id":"application-managebillings-display-component---billRunCalcResult--contractBillRunDate","interaction":{"idSuffix":"inner"}},"clearTextFirst":true,"interactionType":"ENTER_TEXT"}]}
COMMAND: POST /session/02ea79fddde22fa81bffc0522714798c/element - {"using":"xpath","value":"//bdi[contains(text(), \"Trigger Calculation\")]"}
RESULT: {"using":"xpath","value":"//bdi[contains(text(), \"Trigger Calculation\")]"}
COMMAND: POST /session/02ea79fddde22fa81bffc0522714798c/element/f.CB997DD3A6212A0539B4B9AD4CB02789.d.4C35328C2C998E08BC33188BC44DFFD1.e.13891/click - {}
RESULT: {}
COMMAND: GET /session/02ea79fddde22fa81bffc0522714798c/screenshot - {}
RESULT: {}
COMMAND: POST /session/02ea79fddde22fa81bffc0522714798c/element - {"using":"xpath","value":"(//span[contains(@id, \"imgNav\")])[1]"}
RESULT: {"using":"xpath","value":"(//span[contains(@id, \"imgNav\")])[1]"}
COMMAND: POST /session/02ea79fddde22fa81bffc0522714798c/element/f.CB997DD3A6212A0539B4B9AD4CB02789.d.4C35328C2C998E08BC33188BC44DFFD1.e.13885/click - {}
RESULT: {}
COMMAND: GET /session/02ea79fddde22fa81bffc0522714798c/screenshot - {}
RESULT: {}
COMMAND: POST /session/02ea79fddde22fa81bffc0522714798c/element - {"using":"xpath","value":"//tr/td[6]/div[1]/span[1]/span[1]"}
RESULT: {"using":"xpath","value":"//tr/td[6]/div[1]/span[1]/span[1]"}
COMMAND: GET /session/02ea79fddde22fa81bffc0522714798c/element/f.CB997DD3A6212A0539B4B9AD4CB02789.d.4C35328C2C998E08BC33188BC44DFFD1.e.13896/text - {}
RESULT: {}
COMMAND: POST /session/02ea79fddde22fa81bffc0522714798c/element - {"using":"xpath","value":"(//span[contains(@id, \"imgNav\")])[2]"}
RESULT: {"using":"xpath","value":"(//span[contains(@id, \"imgNav\")])[2]"}
COMMAND: POST /session/02ea79fddde22fa81bffc0522714798c/element/f.CB997DD3A6212A0539B4B9AD4CB02789.d.4C35328C2C998E08BC33188BC44DFFD1.e.13897/click - {}
RESULT: {}
COMMAND: POST /session/02ea79fddde22fa81bffc0522714798c/element - {"using":"xpath","value":"//bdi[contains(text(), \"Business Confirm\")]"}
COMMAND: GET /session/02ea79fddde22fa81bffc0522714798c/screenshot - {}
RESULT: {"using":"xpath","value":"//bdi[contains(text(), \"Business Confirm\")]"}
COMMAND: POST /session/02ea79fddde22fa81bffc0522714798c/elements - {"using":"xpath","value":"//bdi[contains(text(), \"Business Confirm\")]"}
RESULT: {}
RESULT: {"using":"xpath","value":"//bdi[contains(text(), \"Business Confirm\")]"}
COMMAND: POST /session/02ea79fddde22fa81bffc0522714798c/element - {"using":"xpath","value":"//bdi[contains(text(), \"Business Confirm\")]"}
RESULT: {"using":"xpath","value":"//bdi[contains(text(), \"Business Confirm\")]"}
COMMAND: POST /session/02ea79fddde22fa81bffc0522714798c/element/f.CB997DD3A6212A0539B4B9AD4CB02789.d.4C35328C2C998E08BC33188BC44DFFD1.e.13951/click - {}
RESULT: {}
COMMAND: POST /session/02ea79fddde22fa81bffc0522714798c/element - {"using":"css selector","value":"#shell-header-logo"}
COMMAND: GET /session/02ea79fddde22fa81bffc0522714798c/screenshot - {}
RESULT: {"using":"css selector","value":"#shell-header-logo"}
COMMAND: POST /session/02ea79fddde22fa81bffc0522714798c/element/f.CB997DD3A6212A0539B4B9AD4CB02789.d.4C35328C2C998E08BC33188BC44DFFD1.e.13627/click - {}
RESULT: {}
RESULT: {}
COMMAND: GET /session/02ea79fddde22fa81bffc0522714798c/screenshot - {}
RESULT: {}
COMMAND: POST /session/02ea79fddde22fa81bffc0522714798c/element - {"using":"css selector","value":"#j_username"}
COMMAND: POST /session/02ea79fddde22fa81bffc0522714798c/url - {"url":"https://qa-testing-00-live-etm-ui.cfapps.eu10-004.hana.ondemand.com/"}
RESULT: {"using":"css selector","value":"#j_username"}
COMMAND: POST /session/02ea79fddde22fa81bffc0522714798c/element - {"using":"css selector","value":"#j_username"}
RESULT: {"url":"https://qa-testing-00-live-etm-ui.cfapps.eu10-004.hana.ondemand.com/"}
RESULT: undefined
COMMAND: GET /session/02ea79fddde22fa81bffc0522714798c/screenshot - {}
RESULT: {"using":"css selector","value":"#j_username"}
COMMAND: POST /session/02ea79fddde22fa81bffc0522714798c/element - {"using":"css selector","value":"#shell-header-logo"}
RESULT: {}
RESULT: {"using":"css selector","value":"#shell-header-logo"}
COMMAND: POST /session/02ea79fddde22fa81bffc0522714798c/execute/sync - {"script":"<script> [8489 bytes]","args":[{"element-6066-11e4-a52e-4f735466cecf":"f.CB997DD3A6212A0539B4B9AD4CB02789.d.CCD05B304453BC00B95D41987A5B843E.e.13981","ELEMENT":"f.CB997DD3A6212A0539B4B9AD4CB02789.d.CCD05B304453BC00B95D41987A5B843E.e.13981"}]}
RESULT: {"script":"<script> [8489 bytes]","args":[{"element-6066-11e4-a52e-4f735466cecf":"f.CB997DD3A6212A0539B4B9AD4CB02789.d.CCD05B304453BC00B95D41987A5B843E.e.13981","ELEMENT":"f.CB997DD3A6212A0539B4B9AD4CB02789.d.CCD05B304453BC00B95D41987A5B843E.e.13981"}]}
COMMAND: POST /session/02ea79fddde22fa81bffc0522714798c/element - {"using":"css selector","value":"#shell-header-logo"}
COMMAND: GET /session/02ea79fddde22fa81bffc0522714798c/screenshot - {}
RESULT: {"using":"css selector","value":"#shell-header-logo"}
COMMAND: POST /session/02ea79fddde22fa81bffc0522714798c/execute/sync - {"script":"<script> [8489 bytes]","args":[{"element-6066-11e4-a52e-4f735466cecf":"f.CB997DD3A6212A0539B4B9AD4CB02789.d.CCD05B304453BC00B95D41987A5B843E.e.13981","ELEMENT":"f.CB997DD3A6212A0539B4B9AD4CB02789.d.CCD05B304453BC00B95D41987A5B843E.e.13981"}]}
RESULT: {}
RESULT: {"script":"<script> [8489 bytes]","args":[{"element-6066-11e4-a52e-4f735466cecf":"f.CB997DD3A6212A0539B4B9AD4CB02789.d.CCD05B304453BC00B95D41987A5B843E.e.13981","ELEMENT":"f.CB997DD3A6212A0539B4B9AD4CB02789.d.CCD05B304453BC00B95D41987A5B843E.e.13981"}]}
COMMAND: POST /session/02ea79fddde22fa81bffc0522714798c/execute/sync - {"script":"<script> [5351 bytes]","args":[{"element-6066-11e4-a52e-4f735466cecf":"f.CB997DD3A6212A0539B4B9AD4CB02789.d.CCD05B304453BC00B95D41987A5B843E.e.13981","ELEMENT":"f.CB997DD3A6212A0539B4B9AD4CB02789.d.CCD05B304453BC00B95D41987A5B843E.e.13981"}]}
COMMAND: GET /session/02ea79fddde22fa81bffc0522714798c/screenshot - {}
RESULT: {"script":"<script> [5351 bytes]","args":[{"element-6066-11e4-a52e-4f735466cecf":"f.CB997DD3A6212A0539B4B9AD4CB02789.d.CCD05B304453BC00B95D41987A5B843E.e.13981","ELEMENT":"f.CB997DD3A6212A0539B4B9AD4CB02789.d.CCD05B304453BC00B95D41987A5B843E.e.13981"}]}
COMMAND: POST /session/02ea79fddde22fa81bffc0522714798c/element - {"using":"css selector","value":"#shell-header-logo"}
COMMAND: GET /session/02ea79fddde22fa81bffc0522714798c/screenshot - {}
RESULT: {}
RESULT: {"using":"css selector","value":"#shell-header-logo"}
COMMAND: POST /session/02ea79fddde22fa81bffc0522714798c/element/f.CB997DD3A6212A0539B4B9AD4CB02789.d.CCD05B304453BC00B95D41987A5B843E.e.13981/click - {}
RESULT: {}
RESULT: {}
COMMAND: GET /session/02ea79fddde22fa81bffc0522714798c/screenshot - {}
RESULT: {}
COMMAND: POST /session/02ea79fddde22fa81bffc0522714798c/execute/async - {"script":"<script> [189 bytes]","args":[]}
RESULT: {"script":"<script> [189 bytes]","args":[]}
COMMAND: POST /session/02ea79fddde22fa81bffc0522714798c/execute/async - {"script":"<script> [123 bytes]","args":[]}
RESULT: {"script":"<script> [123 bytes]","args":[]}
COMMAND: POST /session/02ea79fddde22fa81bffc0522714798c/timeouts - {"script":"<number>"}
RESULT: {"script":"<number>"}
COMMAND: GET /session/02ea79fddde22fa81bffc0522714798c/timeouts - {}
RESULT: {}
RESULT: undefined
COMMAND: POST /session/02ea79fddde22fa81bffc0522714798c/execute/async - {"script":"<script> [2676 bytes]","args":[]}
RESULT: {"script":"<script> [2676 bytes]","args":[]}
COMMAND: POST /session/02ea79fddde22fa81bffc0522714798c/execute/async - {"script":"<script> [2342 bytes]","args":[{"protocol":"http","hostname":"0.0.0.0","path":"/","capabilities":{"browserName":"chrome","goog:chromeOptions":{"binary":"C:\\Program Files\\Google\\Chrome\\Application\\chrome.exe","args":["--start-maximized"]}},"logLevel":"warn","connectionRetryTimeout":120000,"connectionRetryCount":3,"logLevels":{},"enableDirectConnect":true,"strictSSL":true,"_":"65 more keys: [\"cacheDir\",\"port\",\"requestedCapabilities\",\"automationProtocol\",\"baseUrl\",\"waitforInterval\",\"waitforTimeout\",\"onReload\",\"beforeCommand\",\"afterCommand\",\"rootDir\",\"specs\",\"suites\",\"exclude\",\"groupLogsByTestSpec\",\"excludeDriverLogs\",\"bail\",\"framework\",\"reporters\",\"services\",\"maxInstances\",\"maxInstancesPerCapability\",\"injectGlobals\",\"filesToWatch\",\"execArgv\",\"runnerEnv\",\"runner\",\"shard\",\"specFileRetries\",\"specFileRetriesDelay\",\"specFileRetriesDeferred\",\"reporterSyncInterval\",\"reporterSyncTimeout\",\"cucumberFeaturesWithLineNumbers\",\"autoCompileOpts\",\"mochaOpts\",\"jasmineOpts\",\"cucumberOpts\",\"onPrepare\",\"onWorkerStart\",\"onWorkerEnd\",\"before\",\"beforeSession\",\"beforeSuite\",\"beforeHook\",\"beforeTest\",\"afterTest\",\"afterHook\",\"afterSuite\",\"afterSession\",\"after\",\"onComplete\",\"beforeAssertion\",\"afterAssertion\",\"beforeFeature\",\"beforeScenario\",\"beforeStep\",\"afterStep\",\"afterScenario\",\"afterFeature\",\"_\",\"suite\",\"$0\",\"ignoredWorkerServices\",\"wdi5\"]"}]}
RESULT: {"script":"<script> [2342 bytes]","args":[{"protocol":"http","hostname":"0.0.0.0","path":"/","capabilities":{"browserName":"chrome","goog:chromeOptions":{"binary":"C:\\Program Files\\Google\\Chrome\\Application\\chrome.exe","args":["--start-maximized"]}},"logLevel":"warn","connectionRetryTimeout":120000,"connectionRetryCount":3,"logLevels":{},"enableDirectConnect":true,"strictSSL":true,"_":"65 more keys: [\"cacheDir\",\"port\",\"requestedCapabilities\",\"automationProtocol\",\"baseUrl\",\"waitforInterval\",\"waitforTimeout\",\"onReload\",\"beforeCommand\",\"afterCommand\",\"rootDir\",\"specs\",\"suites\",\"exclude\",\"groupLogsByTestSpec\",\"excludeDriverLogs\",\"bail\",\"framework\",\"reporters\",\"services\",\"maxInstances\",\"maxInstancesPerCapability\",\"injectGlobals\",\"filesToWatch\",\"execArgv\",\"runnerEnv\",\"runner\",\"shard\",\"specFileRetries\",\"specFileRetriesDelay\",\"specFileRetriesDeferred\",\"reporterSyncInterval\",\"reporterSyncTimeout\",\"cucumberFeaturesWithLineNumbers\",\"autoCompileOpts\",\"mochaOpts\",\"jasmineOpts\",\"cucumberOpts\",\"onPrepare\",\"onWorkerStart\",\"onWorkerEnd\",\"before\",\"beforeSession\",\"beforeSuite\",\"beforeHook\",\"beforeTest\",\"afterTest\",\"afterHook\",\"afterSuite\",\"afterSession\",\"after\",\"onComplete\",\"beforeAssertion\",\"afterAssertion\",\"beforeFeature\",\"beforeScenario\",\"beforeStep\",\"afterStep\",\"afterScenario\",\"afterFeature\",\"_\",\"suite\",\"$0\",\"ignoredWorkerServices\",\"wdi5\"]"}]}
COMMAND: POST /session/02ea79fddde22fa81bffc0522714798c/execute/async - {"script":"<script> [21126 bytes]","args":[35000]}
RESULT: {"script":"<script> [21126 bytes]","args":[35000]}
COMMAND: POST /session/02ea79fddde22fa81bffc0522714798c/window/maximize - {}
RESULT: {}
COMMAND: POST /session/02ea79fddde22fa81bffc0522714798c/execute/async - {"script":"<script> [1562 bytes]","args":[{"selector":{"id":"shell-header","interaction":{"idSuffix":"icon"}},"wdio_ui5_key":"shellheader"}]}
COMMAND: GET /session/02ea79fddde22fa81bffc0522714798c/screenshot - {}
RESULT: {"script":"<script> [1562 bytes]","args":[{"selector":{"id":"shell-header","interaction":{"idSuffix":"icon"}},"wdio_ui5_key":"shellheader"}]}
RESULT: undefined
COMMAND: POST /session/02ea79fddde22fa81bffc0522714798c/refresh - {}
RESULT: {}
RESULT: {}
COMMAND: GET /session/02ea79fddde22fa81bffc0522714798c/screenshot - {}
RESULT: {}
COMMAND: POST /session/02ea79fddde22fa81bffc0522714798c/refresh - {}
RESULT: {}
COMMAND: GET /session/02ea79fddde22fa81bffc0522714798c/screenshot - {}
RESULT: {}
COMMAND: POST /session/02ea79fddde22fa81bffc0522714798c/window/fullscreen - {}
RESULT: {}
COMMAND: POST /session/02ea79fddde22fa81bffc0522714798c/execute/async - {"script":"<script> [189 bytes]","args":[]}
RESULT: {"script":"<script> [189 bytes]","args":[]}
COMMAND: POST /session/02ea79fddde22fa81bffc0522714798c/execute/async - {"script":"<script> [123 bytes]","args":[]}
RESULT: {"script":"<script> [123 bytes]","args":[]}
COMMAND: POST /session/02ea79fddde22fa81bffc0522714798c/timeouts - {"script":"<number>"}
RESULT: {"script":"<number>"}
COMMAND: GET /session/02ea79fddde22fa81bffc0522714798c/timeouts - {}
RESULT: {}
RESULT: undefined
COMMAND: POST /session/02ea79fddde22fa81bffc0522714798c/execute/async - {"script":"<script> [2676 bytes]","args":[]}
RESULT: {"script":"<script> [2676 bytes]","args":[]}
COMMAND: POST /session/02ea79fddde22fa81bffc0522714798c/execute/async - {"script":"<script> [2342 bytes]","args":[{"protocol":"http","hostname":"0.0.0.0","path":"/","capabilities":{"browserName":"chrome","goog:chromeOptions":{"binary":"C:\\Program Files\\Google\\Chrome\\Application\\chrome.exe","args":["--start-maximized"]}},"logLevel":"warn","connectionRetryTimeout":120000,"connectionRetryCount":3,"logLevels":{},"enableDirectConnect":true,"strictSSL":true,"_":"65 more keys: [\"cacheDir\",\"port\",\"requestedCapabilities\",\"automationProtocol\",\"baseUrl\",\"waitforInterval\",\"waitforTimeout\",\"onReload\",\"beforeCommand\",\"afterCommand\",\"rootDir\",\"specs\",\"suites\",\"exclude\",\"groupLogsByTestSpec\",\"excludeDriverLogs\",\"bail\",\"framework\",\"reporters\",\"services\",\"maxInstances\",\"maxInstancesPerCapability\",\"injectGlobals\",\"filesToWatch\",\"execArgv\",\"runnerEnv\",\"runner\",\"shard\",\"specFileRetries\",\"specFileRetriesDelay\",\"specFileRetriesDeferred\",\"reporterSyncInterval\",\"reporterSyncTimeout\",\"cucumberFeaturesWithLineNumbers\",\"autoCompileOpts\",\"mochaOpts\",\"jasmineOpts\",\"cucumberOpts\",\"onPrepare\",\"onWorkerStart\",\"onWorkerEnd\",\"before\",\"beforeSession\",\"beforeSuite\",\"beforeHook\",\"beforeTest\",\"afterTest\",\"afterHook\",\"afterSuite\",\"afterSession\",\"after\",\"onComplete\",\"beforeAssertion\",\"afterAssertion\",\"beforeFeature\",\"beforeScenario\",\"beforeStep\",\"afterStep\",\"afterScenario\",\"afterFeature\",\"_\",\"suite\",\"$0\",\"ignoredWorkerServices\",\"wdi5\"]"}]}
RESULT: {"script":"<script> [2342 bytes]","args":[{"protocol":"http","hostname":"0.0.0.0","path":"/","capabilities":{"browserName":"chrome","goog:chromeOptions":{"binary":"C:\\Program Files\\Google\\Chrome\\Application\\chrome.exe","args":["--start-maximized"]}},"logLevel":"warn","connectionRetryTimeout":120000,"connectionRetryCount":3,"logLevels":{},"enableDirectConnect":true,"strictSSL":true,"_":"65 more keys: [\"cacheDir\",\"port\",\"requestedCapabilities\",\"automationProtocol\",\"baseUrl\",\"waitforInterval\",\"waitforTimeout\",\"onReload\",\"beforeCommand\",\"afterCommand\",\"rootDir\",\"specs\",\"suites\",\"exclude\",\"groupLogsByTestSpec\",\"excludeDriverLogs\",\"bail\",\"framework\",\"reporters\",\"services\",\"maxInstances\",\"maxInstancesPerCapability\",\"injectGlobals\",\"filesToWatch\",\"execArgv\",\"runnerEnv\",\"runner\",\"shard\",\"specFileRetries\",\"specFileRetriesDelay\",\"specFileRetriesDeferred\",\"reporterSyncInterval\",\"reporterSyncTimeout\",\"cucumberFeaturesWithLineNumbers\",\"autoCompileOpts\",\"mochaOpts\",\"jasmineOpts\",\"cucumberOpts\",\"onPrepare\",\"onWorkerStart\",\"onWorkerEnd\",\"before\",\"beforeSession\",\"beforeSuite\",\"beforeHook\",\"beforeTest\",\"afterTest\",\"afterHook\",\"afterSuite\",\"afterSession\",\"after\",\"onComplete\",\"beforeAssertion\",\"afterAssertion\",\"beforeFeature\",\"beforeScenario\",\"beforeStep\",\"afterStep\",\"afterScenario\",\"afterFeature\",\"_\",\"suite\",\"$0\",\"ignoredWorkerServices\",\"wdi5\"]"}]}
COMMAND: POST /session/02ea79fddde22fa81bffc0522714798c/execute/async - {"script":"<script> [21126 bytes]","args":[35000]}
RESULT: {"script":"<script> [21126 bytes]","args":[35000]}
]]></system-out>
    </testcase>
  </testsuite>
  <testsuite timestamp="2025-04-28T17:44:53" time="708.481" tests="13" failures="0" errors="0" skipped="0">
    <properties>
      <property name="specId" value="0" />
      <property name="suiteName" value="Performance based billing (work days) US139742" />
      <property name="capabilities" value="chrome.135_0_7049_96.windows" />
      <property name="file" value="file:///D:/a/1/s/test/specs/BTS/billing-performance-workdays.spec.js" />
    </properties>
    <testcase classname="chrome.135_0_7049_96.windows.Performance_based_billing_(work_days)_US139742" name="Should create a new yard" time="0.011">
      <system-out><![CDATA[
COMMAND: POST /session/02ea79fddde22fa81bffc0522714798c/window/fullscreen - {}
RESULT: {}
]]></system-out>
    </testcase>
    <testcase classname="chrome.135_0_7049_96.windows.Performance_based_billing_(work_days)_US139742" name="Should create a new partner" time="0.005" />
    <testcase classname="chrome.135_0_7049_96.windows.Performance_based_billing_(work_days)_US139742" name="Should create a new site" time="0.003" />
    <testcase classname="chrome.135_0_7049_96.windows.Performance_based_billing_(work_days)_US139742" name="Should do prerequisite steps add equipment" time="119.11">
      <system-out><![CDATA[
COMMAND: POST /session/02ea79fddde22fa81bffc0522714798c/execute/async - {"script":"<script> [1562 bytes]","args":[{"selector":{"controlType":"sap.m.GenericTile","properties":{"header":"Manage Resources"}},"wdio_ui5_key":"sapm.GenericTile{\"header\":\"Manage Resources\"}"}]}
RESULT: {"script":"<script> [1562 bytes]","args":[{"selector":{"controlType":"sap.m.GenericTile","properties":{"header":"Manage Resources"}},"wdio_ui5_key":"sapm.GenericTile{\"header\":\"Manage Resources\"}"}]}
RESULT: undefined
COMMAND: POST /session/02ea79fddde22fa81bffc0522714798c/element - {"using":"xpath","value":"//*[@id=\"__tile39\"]"}
RESULT: {"using":"xpath","value":"//*[@id=\"__tile39\"]"}
COMMAND: POST /session/02ea79fddde22fa81bffc0522714798c/element/f.CB997DD3A6212A0539B4B9AD4CB02789.d.28086D720F19461EB30B7165D79EE247.e.14136/click - {}
RESULT: {}
COMMAND: POST /session/02ea79fddde22fa81bffc0522714798c/element - {"using":"xpath","value":"//button[@data-kt=\"addNewRUOverflowToolbarButton\"]"}
COMMAND: GET /session/02ea79fddde22fa81bffc0522714798c/screenshot - {}
RESULT: {"using":"xpath","value":"//button[@data-kt=\"addNewRUOverflowToolbarButton\"]"}
COMMAND: POST /session/02ea79fddde22fa81bffc0522714798c/elements - {"using":"xpath","value":"//button[@data-kt=\"addNewRUOverflowToolbarButton\"]"}
RESULT: {}
RESULT: {"using":"xpath","value":"//button[@data-kt=\"addNewRUOverflowToolbarButton\"]"}
COMMAND: POST /session/02ea79fddde22fa81bffc0522714798c/elements - {"using":"xpath","value":"//button[@data-kt=\"addNewRUOverflowToolbarButton\"]"}
RESULT: {"using":"xpath","value":"//button[@data-kt=\"addNewRUOverflowToolbarButton\"]"}
COMMAND: POST /session/02ea79fddde22fa81bffc0522714798c/elements - {"using":"xpath","value":"//button[@data-kt=\"addNewRUOverflowToolbarButton\"]"}
RESULT: {"using":"xpath","value":"//button[@data-kt=\"addNewRUOverflowToolbarButton\"]"}
COMMAND: POST /session/02ea79fddde22fa81bffc0522714798c/elements - {"using":"xpath","value":"//button[@data-kt=\"addNewRUOverflowToolbarButton\"]"}
RESULT: {"using":"xpath","value":"//button[@data-kt=\"addNewRUOverflowToolbarButton\"]"}
COMMAND: POST /session/02ea79fddde22fa81bffc0522714798c/elements - {"using":"xpath","value":"//button[@data-kt=\"addNewRUOverflowToolbarButton\"]"}
RESULT: {"using":"xpath","value":"//button[@data-kt=\"addNewRUOverflowToolbarButton\"]"}
COMMAND: POST /session/02ea79fddde22fa81bffc0522714798c/elements - {"using":"xpath","value":"//button[@data-kt=\"addNewRUOverflowToolbarButton\"]"}
RESULT: {"using":"xpath","value":"//button[@data-kt=\"addNewRUOverflowToolbarButton\"]"}
COMMAND: POST /session/02ea79fddde22fa81bffc0522714798c/elements - {"using":"xpath","value":"//button[@data-kt=\"addNewRUOverflowToolbarButton\"]"}
RESULT: {"using":"xpath","value":"//button[@data-kt=\"addNewRUOverflowToolbarButton\"]"}
COMMAND: POST /session/02ea79fddde22fa81bffc0522714798c/elements - {"using":"xpath","value":"//button[@data-kt=\"addNewRUOverflowToolbarButton\"]"}
RESULT: {"using":"xpath","value":"//button[@data-kt=\"addNewRUOverflowToolbarButton\"]"}
COMMAND: POST /session/02ea79fddde22fa81bffc0522714798c/elements - {"using":"xpath","value":"//button[@data-kt=\"addNewRUOverflowToolbarButton\"]"}
RESULT: {"using":"xpath","value":"//button[@data-kt=\"addNewRUOverflowToolbarButton\"]"}
COMMAND: POST /session/02ea79fddde22fa81bffc0522714798c/elements - {"using":"xpath","value":"//button[@data-kt=\"addNewRUOverflowToolbarButton\"]"}
RESULT: {"using":"xpath","value":"//button[@data-kt=\"addNewRUOverflowToolbarButton\"]"}
COMMAND: POST /session/02ea79fddde22fa81bffc0522714798c/elements - {"using":"xpath","value":"//button[@data-kt=\"addNewRUOverflowToolbarButton\"]"}
RESULT: {"using":"xpath","value":"//button[@data-kt=\"addNewRUOverflowToolbarButton\"]"}
COMMAND: POST /session/02ea79fddde22fa81bffc0522714798c/elements - {"using":"xpath","value":"//button[@data-kt=\"addNewRUOverflowToolbarButton\"]"}
RESULT: {"using":"xpath","value":"//button[@data-kt=\"addNewRUOverflowToolbarButton\"]"}
COMMAND: POST /session/02ea79fddde22fa81bffc0522714798c/elements - {"using":"xpath","value":"//button[@data-kt=\"addNewRUOverflowToolbarButton\"]"}
RESULT: {"using":"xpath","value":"//button[@data-kt=\"addNewRUOverflowToolbarButton\"]"}
COMMAND: POST /session/02ea79fddde22fa81bffc0522714798c/elements - {"using":"xpath","value":"//button[@data-kt=\"addNewRUOverflowToolbarButton\"]"}
RESULT: {"using":"xpath","value":"//button[@data-kt=\"addNewRUOverflowToolbarButton\"]"}
COMMAND: POST /session/02ea79fddde22fa81bffc0522714798c/elements - {"using":"xpath","value":"//button[@data-kt=\"addNewRUOverflowToolbarButton\"]"}
RESULT: {"using":"xpath","value":"//button[@data-kt=\"addNewRUOverflowToolbarButton\"]"}
COMMAND: POST /session/02ea79fddde22fa81bffc0522714798c/elements - {"using":"xpath","value":"//button[@data-kt=\"addNewRUOverflowToolbarButton\"]"}
RESULT: {"using":"xpath","value":"//button[@data-kt=\"addNewRUOverflowToolbarButton\"]"}
COMMAND: POST /session/02ea79fddde22fa81bffc0522714798c/elements - {"using":"xpath","value":"//button[@data-kt=\"addNewRUOverflowToolbarButton\"]"}
RESULT: {"using":"xpath","value":"//button[@data-kt=\"addNewRUOverflowToolbarButton\"]"}
COMMAND: POST /session/02ea79fddde22fa81bffc0522714798c/elements - {"using":"xpath","value":"//button[@data-kt=\"addNewRUOverflowToolbarButton\"]"}
RESULT: {"using":"xpath","value":"//button[@data-kt=\"addNewRUOverflowToolbarButton\"]"}
COMMAND: POST /session/02ea79fddde22fa81bffc0522714798c/elements - {"using":"xpath","value":"//button[@data-kt=\"addNewRUOverflowToolbarButton\"]"}
RESULT: {"using":"xpath","value":"//button[@data-kt=\"addNewRUOverflowToolbarButton\"]"}
COMMAND: POST /session/02ea79fddde22fa81bffc0522714798c/elements - {"using":"xpath","value":"//button[@data-kt=\"addNewRUOverflowToolbarButton\"]"}
RESULT: {"using":"xpath","value":"//button[@data-kt=\"addNewRUOverflowToolbarButton\"]"}
COMMAND: POST /session/02ea79fddde22fa81bffc0522714798c/elements - {"using":"xpath","value":"//button[@data-kt=\"addNewRUOverflowToolbarButton\"]"}
RESULT: {"using":"xpath","value":"//button[@data-kt=\"addNewRUOverflowToolbarButton\"]"}
COMMAND: POST /session/02ea79fddde22fa81bffc0522714798c/elements - {"using":"xpath","value":"//button[@data-kt=\"addNewRUOverflowToolbarButton\"]"}
RESULT: {"using":"xpath","value":"//button[@data-kt=\"addNewRUOverflowToolbarButton\"]"}
COMMAND: POST /session/02ea79fddde22fa81bffc0522714798c/elements - {"using":"xpath","value":"//button[@data-kt=\"addNewRUOverflowToolbarButton\"]"}
RESULT: {"using":"xpath","value":"//button[@data-kt=\"addNewRUOverflowToolbarButton\"]"}
COMMAND: POST /session/02ea79fddde22fa81bffc0522714798c/element - {"using":"xpath","value":"//button[@data-kt=\"addNewRUOverflowToolbarButton\"]"}
RESULT: {"using":"xpath","value":"//button[@data-kt=\"addNewRUOverflowToolbarButton\"]"}
COMMAND: POST /session/02ea79fddde22fa81bffc0522714798c/execute/sync - {"script":"<script> [8489 bytes]","args":[{"element-6066-11e4-a52e-4f735466cecf":"f.CB997DD3A6212A0539B4B9AD4CB02789.d.28086D720F19461EB30B7165D79EE247.e.14269","ELEMENT":"f.CB997DD3A6212A0539B4B9AD4CB02789.d.28086D720F19461EB30B7165D79EE247.e.14269"}]}
RESULT: {"script":"<script> [8489 bytes]","args":[{"element-6066-11e4-a52e-4f735466cecf":"f.CB997DD3A6212A0539B4B9AD4CB02789.d.28086D720F19461EB30B7165D79EE247.e.14269","ELEMENT":"f.CB997DD3A6212A0539B4B9AD4CB02789.d.28086D720F19461EB30B7165D79EE247.e.14269"}]}
COMMAND: GET /session/02ea79fddde22fa81bffc0522714798c/element/f.CB997DD3A6212A0539B4B9AD4CB02789.d.28086D720F19461EB30B7165D79EE247.e.14269/enabled - {}
COMMAND: GET /session/02ea79fddde22fa81bffc0522714798c/screenshot - {}
RESULT: {}
COMMAND: POST /session/02ea79fddde22fa81bffc0522714798c/execute/sync - {"script":"<script> [8489 bytes]","args":[{"element-6066-11e4-a52e-4f735466cecf":"f.CB997DD3A6212A0539B4B9AD4CB02789.d.28086D720F19461EB30B7165D79EE247.e.14269","ELEMENT":"f.CB997DD3A6212A0539B4B9AD4CB02789.d.28086D720F19461EB30B7165D79EE247.e.14269"}]}
COMMAND: GET /session/02ea79fddde22fa81bffc0522714798c/screenshot - {}
RESULT: {}
RESULT: {"script":"<script> [8489 bytes]","args":[{"element-6066-11e4-a52e-4f735466cecf":"f.CB997DD3A6212A0539B4B9AD4CB02789.d.28086D720F19461EB30B7165D79EE247.e.14269","ELEMENT":"f.CB997DD3A6212A0539B4B9AD4CB02789.d.28086D720F19461EB30B7165D79EE247.e.14269"}]}
COMMAND: POST /session/02ea79fddde22fa81bffc0522714798c/execute/sync - {"script":"<script> [5351 bytes]","args":[{"element-6066-11e4-a52e-4f735466cecf":"f.CB997DD3A6212A0539B4B9AD4CB02789.d.28086D720F19461EB30B7165D79EE247.e.14269","ELEMENT":"f.CB997DD3A6212A0539B4B9AD4CB02789.d.28086D720F19461EB30B7165D79EE247.e.14269"}]}
COMMAND: GET /session/02ea79fddde22fa81bffc0522714798c/screenshot - {}
RESULT: {}
RESULT: {"script":"<script> [5351 bytes]","args":[{"element-6066-11e4-a52e-4f735466cecf":"f.CB997DD3A6212A0539B4B9AD4CB02789.d.28086D720F19461EB30B7165D79EE247.e.14269","ELEMENT":"f.CB997DD3A6212A0539B4B9AD4CB02789.d.28086D720F19461EB30B7165D79EE247.e.14269"}]}
COMMAND: POST /session/02ea79fddde22fa81bffc0522714798c/element/f.CB997DD3A6212A0539B4B9AD4CB02789.d.28086D720F19461EB30B7165D79EE247.e.14269/click - {}
COMMAND: GET /session/02ea79fddde22fa81bffc0522714798c/screenshot - {}
RESULT: {}
RESULT: {}
COMMAND: GET /session/02ea79fddde22fa81bffc0522714798c/screenshot - {}
RESULT: {}
RESULT: {}
COMMAND: POST /session/02ea79fddde22fa81bffc0522714798c/execute/async - {"script":"<script> [1562 bytes]","args":[{"selector":{"id":"application-manageresources-display-component---newResourceUnit--TYPE-arrow"},"wdio_ui5_key":"applicationmanageresources-display-component---newResourceUnit--TYPE-arrow"}]}
RESULT: {"script":"<script> [1562 bytes]","args":[{"selector":{"id":"application-manageresources-display-component---newResourceUnit--TYPE-arrow"},"wdio_ui5_key":"applicationmanageresources-display-component---newResourceUnit--TYPE-arrow"}]}
RESULT: undefined
COMMAND: POST /session/02ea79fddde22fa81bffc0522714798c/element - {"using":"xpath","value":"//*[@id=\"application-manageresources-display-component---newResourceUnit--TYPE-arrow\"]"}
RESULT: {"using":"xpath","value":"//*[@id=\"application-manageresources-display-component---newResourceUnit--TYPE-arrow\"]"}
COMMAND: POST /session/02ea79fddde22fa81bffc0522714798c/element/f.CB997DD3A6212A0539B4B9AD4CB02789.d.28086D720F19461EB30B7165D79EE247.e.14634/click - {}
RESULT: {}
COMMAND: POST /session/02ea79fddde22fa81bffc0522714798c/element - {"using":"xpath","value":"//input[@id=\"application-manageresources-display-component---newResourceUnit--TYPE-inner\"]"}
COMMAND: GET /session/02ea79fddde22fa81bffc0522714798c/screenshot - {}
RESULT: {"using":"xpath","value":"//input[@id=\"application-manageresources-display-component---newResourceUnit--TYPE-inner\"]"}
COMMAND: POST /session/02ea79fddde22fa81bffc0522714798c/element/f.CB997DD3A6212A0539B4B9AD4CB02789.d.28086D720F19461EB30B7165D79EE247.e.14621/clear - {}
RESULT: {}
RESULT: {}
COMMAND: POST /session/02ea79fddde22fa81bffc0522714798c/element/f.CB997DD3A6212A0539B4B9AD4CB02789.d.28086D720F19461EB30B7165D79EE247.e.14621/value - {"text":"Equipment"}
COMMAND: GET /session/02ea79fddde22fa81bffc0522714798c/screenshot - {}
RESULT: {"text":"Equipment"}
COMMAND: GET /session/02ea79fddde22fa81bffc0522714798c/screenshot - {}
RESULT: {}
RESULT: {}
COMMAND: POST /session/02ea79fddde22fa81bffc0522714798c/actions - {"actions":[{"id":"action50","type":"key","parameters":{},"actions":[{"type":"keyDown","value":"î€‡"},{"type":"pause","duration":10},{"type":"keyUp","value":"î€‡"}]}]}
RESULT: {"actions":[{"id":"action50","type":"key","parameters":{},"actions":[{"type":"keyDown","value":"î€‡"},{"type":"pause","duration":10},{"type":"keyUp","value":"î€‡"}]}]}
COMMAND: POST /session/02ea79fddde22fa81bffc0522714798c/execute/async - {"script":"<script> [1562 bytes]","args":[{"selector":{"id":"application-manageresources-display-component---newResourceUnit--resourceId","interaction":{"idSuffix":"inner"}},"wdio_ui5_key":"applicationmanageresources-display-component---newResourceUnit--resourceId"}]}
COMMAND: GET /session/02ea79fddde22fa81bffc0522714798c/screenshot - {}
RESULT: {"script":"<script> [1562 bytes]","args":[{"selector":{"id":"application-manageresources-display-component---newResourceUnit--resourceId","interaction":{"idSuffix":"inner"}},"wdio_ui5_key":"applicationmanageresources-display-component---newResourceUnit--resourceId"}]}
RESULT: undefined
COMMAND: POST /session/02ea79fddde22fa81bffc0522714798c/execute/async - {"script":"<script> [776 bytes]","args":[{"enterText":"co6BCpmayy","selector":{"id":"application-manageresources-display-component---newResourceUnit--resourceId","interaction":{"idSuffix":"inner"}},"clearTextFirst":true,"interactionType":"ENTER_TEXT"}]}
RESULT: {}
RESULT: {"script":"<script> [776 bytes]","args":[{"enterText":"co6BCpmayy","selector":{"id":"application-manageresources-display-component---newResourceUnit--resourceId","interaction":{"idSuffix":"inner"}},"clearTextFirst":true,"interactionType":"ENTER_TEXT"}]}
COMMAND: POST /session/02ea79fddde22fa81bffc0522714798c/execute/async - {"script":"<script> [1562 bytes]","args":[{"selector":{"id":"application-manageresources-display-component---newResourceUnit--SHORT_TEXT","interaction":{"idSuffix":"inner"}},"wdio_ui5_key":"applicationmanageresources-display-component---newResourceUnit--SHORT_TEXT"}]}
RESULT: {"script":"<script> [1562 bytes]","args":[{"selector":{"id":"application-manageresources-display-component---newResourceUnit--SHORT_TEXT","interaction":{"idSuffix":"inner"}},"wdio_ui5_key":"applicationmanageresources-display-component---newResourceUnit--SHORT_TEXT"}]}
RESULT: undefined
COMMAND: POST /session/02ea79fddde22fa81bffc0522714798c/execute/async - {"script":"<script> [776 bytes]","args":[{"enterText":"Intercompany Equipment WDIO","selector":{"id":"application-manageresources-display-component---newResourceUnit--SHORT_TEXT","interaction":{"idSuffix":"inner"}},"clearTextFirst":true,"interactionType":"ENTER_TEXT"}]}
RESULT: {"script":"<script> [776 bytes]","args":[{"enterText":"Intercompany Equipment WDIO","selector":{"id":"application-manageresources-display-component---newResourceUnit--SHORT_TEXT","interaction":{"idSuffix":"inner"}},"clearTextFirst":true,"interactionType":"ENTER_TEXT"}]}
COMMAND: POST /session/02ea79fddde22fa81bffc0522714798c/execute/async - {"script":"<script> [1562 bytes]","args":[{"selector":{"id":"application-manageresources-display-component---newResourceUnit--BASE_UNIT_OF_MEASURE","interaction":{"idSuffix":"inner"}},"wdio_ui5_key":"applicationmanageresources-display-component---newResourceUnit--BASE_UNIT_OF_MEASURE"}]}
RESULT: {"script":"<script> [1562 bytes]","args":[{"selector":{"id":"application-manageresources-display-component---newResourceUnit--BASE_UNIT_OF_MEASURE","interaction":{"idSuffix":"inner"}},"wdio_ui5_key":"applicationmanageresources-display-component---newResourceUnit--BASE_UNIT_OF_MEASURE"}]}
RESULT: undefined
COMMAND: POST /session/02ea79fddde22fa81bffc0522714798c/execute/async - {"script":"<script> [776 bytes]","args":[{"enterText":"Piece","selector":{"id":"application-manageresources-display-component---newResourceUnit--BASE_UNIT_OF_MEASURE","interaction":{"idSuffix":"inner"}},"clearTextFirst":true,"interactionType":"ENTER_TEXT"}]}
RESULT: {"script":"<script> [776 bytes]","args":[{"enterText":"Piece","selector":{"id":"application-manageresources-display-component---newResourceUnit--BASE_UNIT_OF_MEASURE","interaction":{"idSuffix":"inner"}},"clearTextFirst":true,"interactionType":"ENTER_TEXT"}]}
COMMAND: POST /session/02ea79fddde22fa81bffc0522714798c/execute/async - {"script":"<script> [1562 bytes]","args":[{"selector":{"id":"application-manageresources-display-component---newResourceUnit--WEIGHT_UNIT","interaction":{"idSuffix":"inner"}},"wdio_ui5_key":"applicationmanageresources-display-component---newResourceUnit--WEIGHT_UNIT"}]}
RESULT: {"script":"<script> [1562 bytes]","args":[{"selector":{"id":"application-manageresources-display-component---newResourceUnit--WEIGHT_UNIT","interaction":{"idSuffix":"inner"}},"wdio_ui5_key":"applicationmanageresources-display-component---newResourceUnit--WEIGHT_UNIT"}]}
RESULT: undefined
COMMAND: POST /session/02ea79fddde22fa81bffc0522714798c/execute/async - {"script":"<script> [776 bytes]","args":[{"enterText":"Gram","selector":{"id":"application-manageresources-display-component---newResourceUnit--WEIGHT_UNIT","interaction":{"idSuffix":"inner"}},"clearTextFirst":true,"interactionType":"ENTER_TEXT"}]}
RESULT: {"script":"<script> [776 bytes]","args":[{"enterText":"Gram","selector":{"id":"application-manageresources-display-component---newResourceUnit--WEIGHT_UNIT","interaction":{"idSuffix":"inner"}},"clearTextFirst":true,"interactionType":"ENTER_TEXT"}]}
COMMAND: POST /session/02ea79fddde22fa81bffc0522714798c/execute/async - {"script":"<script> [1562 bytes]","args":[{"selector":{"id":"application-manageresources-display-component---newResourceUnit--DIMENSION_UNIT","interaction":{"idSuffix":"inner"}},"wdio_ui5_key":"applicationmanageresources-display-component---newResourceUnit--DIMENSION_UNIT"}]}
RESULT: {"script":"<script> [1562 bytes]","args":[{"selector":{"id":"application-manageresources-display-component---newResourceUnit--DIMENSION_UNIT","interaction":{"idSuffix":"inner"}},"wdio_ui5_key":"applicationmanageresources-display-component---newResourceUnit--DIMENSION_UNIT"}]}
RESULT: undefined
COMMAND: POST /session/02ea79fddde22fa81bffc0522714798c/execute/async - {"script":"<script> [776 bytes]","args":[{"enterText":"Meter","selector":{"id":"application-manageresources-display-component---newResourceUnit--DIMENSION_UNIT","interaction":{"idSuffix":"inner"}},"clearTextFirst":true,"interactionType":"ENTER_TEXT"}]}
RESULT: {"script":"<script> [776 bytes]","args":[{"enterText":"Meter","selector":{"id":"application-manageresources-display-component---newResourceUnit--DIMENSION_UNIT","interaction":{"idSuffix":"inner"}},"clearTextFirst":true,"interactionType":"ENTER_TEXT"}]}
COMMAND: POST /session/02ea79fddde22fa81bffc0522714798c/execute/async - {"script":"<script> [1562 bytes]","args":[{"selector":{"id":"application-manageresources-display-component---newResourceUnit--newRRUPage-anchBar-application-manageresources-display-component---newResourceUnit--control-anchor","interaction":{"idSuffix":"BDI-content"}},"wdio_ui5_key":"applicationmanageresources-display-component---newResourceUnit--newRRUPage-anchBar-application-manageresources-display-component---newResourceUnit--control-anchor"}]}
RESULT: {"script":"<script> [1562 bytes]","args":[{"selector":{"id":"application-manageresources-display-component---newResourceUnit--newRRUPage-anchBar-application-manageresources-display-component---newResourceUnit--control-anchor","interaction":{"idSuffix":"BDI-content"}},"wdio_ui5_key":"applicationmanageresources-display-component---newResourceUnit--newRRUPage-anchBar-application-manageresources-display-component---newResourceUnit--control-anchor"}]}
RESULT: undefined
COMMAND: POST /session/02ea79fddde22fa81bffc0522714798c/element - {"using":"xpath","value":"//*[@id=\"application-manageresources-display-component---newResourceUnit--newRRUPage-anchBar-application-manageresources-display-component---newResourceUnit--control-anchor\"]"}
RESULT: {"using":"xpath","value":"//*[@id=\"application-manageresources-display-component---newResourceUnit--newRRUPage-anchBar-application-manageresources-display-component---newResourceUnit--control-anchor\"]"}
COMMAND: POST /session/02ea79fddde22fa81bffc0522714798c/element/f.CB997DD3A6212A0539B4B9AD4CB02789.d.28086D720F19461EB30B7165D79EE247.e.14767/click - {}
RESULT: {}
COMMAND: POST /session/02ea79fddde22fa81bffc0522714798c/execute/async - {"script":"<script> [1562 bytes]","args":[{"selector":{"id":"application-manageresources-display-component---newResourceUnit--PLANNING_GROUP","interaction":{"idSuffix":"inner"}},"wdio_ui5_key":"applicationmanageresources-display-component---newResourceUnit--PLANNING_GROUP"}]}
COMMAND: GET /session/02ea79fddde22fa81bffc0522714798c/screenshot - {}
RESULT: {"script":"<script> [1562 bytes]","args":[{"selector":{"id":"application-manageresources-display-component---newResourceUnit--PLANNING_GROUP","interaction":{"idSuffix":"inner"}},"wdio_ui5_key":"applicationmanageresources-display-component---newResourceUnit--PLANNING_GROUP"}]}
RESULT: undefined
COMMAND: POST /session/02ea79fddde22fa81bffc0522714798c/execute/async - {"script":"<script> [776 bytes]","args":[{"enterText":"Heavy Equi","selector":{"id":"application-manageresources-display-component---newResourceUnit--PLANNING_GROUP","interaction":{"idSuffix":"inner"}},"clearTextFirst":true,"interactionType":"ENTER_TEXT"}]}
RESULT: {}
RESULT: {"script":"<script> [776 bytes]","args":[{"enterText":"Heavy Equi","selector":{"id":"application-manageresources-display-component---newResourceUnit--PLANNING_GROUP","interaction":{"idSuffix":"inner"}},"clearTextFirst":true,"interactionType":"ENTER_TEXT"}]}
COMMAND: POST /session/02ea79fddde22fa81bffc0522714798c/execute/async - {"script":"<script> [1562 bytes]","args":[{"selector":{"id":"application-manageresources-display-component---newResourceUnit--ITEM_TYPE-arrow"},"wdio_ui5_key":"applicationmanageresources-display-component---newResourceUnit--ITEM_TYPE-arrow"}]}
RESULT: {"script":"<script> [1562 bytes]","args":[{"selector":{"id":"application-manageresources-display-component---newResourceUnit--ITEM_TYPE-arrow"},"wdio_ui5_key":"applicationmanageresources-display-component---newResourceUnit--ITEM_TYPE-arrow"}]}
RESULT: undefined
COMMAND: POST /session/02ea79fddde22fa81bffc0522714798c/element - {"using":"xpath","value":"//*[@id=\"application-manageresources-display-component---newResourceUnit--ITEM_TYPE-arrow\"]"}
RESULT: {"using":"xpath","value":"//*[@id=\"application-manageresources-display-component---newResourceUnit--ITEM_TYPE-arrow\"]"}
COMMAND: POST /session/02ea79fddde22fa81bffc0522714798c/element/f.CB997DD3A6212A0539B4B9AD4CB02789.d.28086D720F19461EB30B7165D79EE247.e.14776/click - {}
RESULT: {}
COMMAND: POST /session/02ea79fddde22fa81bffc0522714798c/element - {"using":"xpath","value":"(//span[contains(text(), \"Resource Unit\")])[2]"}
COMMAND: GET /session/02ea79fddde22fa81bffc0522714798c/screenshot - {}
RESULT: {"using":"xpath","value":"(//span[contains(text(), \"Resource Unit\")])[2]"}
COMMAND: POST /session/02ea79fddde22fa81bffc0522714798c/element/f.CB997DD3A6212A0539B4B9AD4CB02789.d.28086D720F19461EB30B7165D79EE247.e.14777/click - {}
RESULT: {}
RESULT: {}
COMMAND: GET /session/02ea79fddde22fa81bffc0522714798c/screenshot - {}
RESULT: {}
COMMAND: POST /session/02ea79fddde22fa81bffc0522714798c/element - {"using":"css selector","value":"#application-manageresources-display-component---newResourceUnit--btnAddTimeSegment"}
RESULT: {"using":"css selector","value":"#application-manageresources-display-component---newResourceUnit--btnAddTimeSegment"}
COMMAND: GET /session/02ea79fddde22fa81bffc0522714798c/element/f.CB997DD3A6212A0539B4B9AD4CB02789.d.28086D720F19461EB30B7165D79EE247.e.14778/rect - {}
RESULT: {}
COMMAND: GET /session/02ea79fddde22fa81bffc0522714798c/window/rect - {}
RESULT: {}
COMMAND: POST /session/02ea79fddde22fa81bffc0522714798c/execute/sync - {"script":"<script> [92 bytes]","args":[]}
RESULT: {"script":"<script> [92 bytes]","args":[]}
COMMAND: POST /session/02ea79fddde22fa81bffc0522714798c/actions - {"actions":[{"id":"action51","type":"wheel","parameters":{},"actions":[{"type":"scroll","x":-1888,"y":-32,"deltaX":0,"deltaY":0,"duration":0,"origin":{"element-6066-11e4-a52e-4f735466cecf":"f.CB997DD3A6212A0539B4B9AD4CB02789.d.28086D720F19461EB30B7165D79EE247.e.14778"}}]}]}
COMMAND: GET /session/02ea79fddde22fa81bffc0522714798c/screenshot - {}
RESULT: {}
COMMAND: POST /session/02ea79fddde22fa81bffc0522714798c/execute/sync - {"script":"<script> [79 bytes]","args":[{"element-6066-11e4-a52e-4f735466cecf":"f.CB997DD3A6212A0539B4B9AD4CB02789.d.28086D720F19461EB30B7165D79EE247.e.14778","ELEMENT":"f.CB997DD3A6212A0539B4B9AD4CB02789.d.28086D720F19461EB30B7165D79EE247.e.14778"},{"block":"start","inline":"nearest"}]}
RESULT: {"script":"<script> [79 bytes]","args":[{"element-6066-11e4-a52e-4f735466cecf":"f.CB997DD3A6212A0539B4B9AD4CB02789.d.28086D720F19461EB30B7165D79EE247.e.14778","ELEMENT":"f.CB997DD3A6212A0539B4B9AD4CB02789.d.28086D720F19461EB30B7165D79EE247.e.14778"},{"block":"start","inline":"nearest"}]}
COMMAND: POST /session/02ea79fddde22fa81bffc0522714798c/execute/async - {"script":"<script> [1562 bytes]","args":[{"selector":{"id":"application-manageresources-display-component---newResourceUnit--btnAddTimeSegment","interaction":{"idSuffix":"inner"}},"wdio_ui5_key":"applicationmanageresources-display-component---newResourceUnit--btnAddTimeSegment"}]}
COMMAND: GET /session/02ea79fddde22fa81bffc0522714798c/screenshot - {}
RESULT: {"script":"<script> [1562 bytes]","args":[{"selector":{"id":"application-manageresources-display-component---newResourceUnit--btnAddTimeSegment","interaction":{"idSuffix":"inner"}},"wdio_ui5_key":"applicationmanageresources-display-component---newResourceUnit--btnAddTimeSegment"}]}
RESULT: undefined
COMMAND: POST /session/02ea79fddde22fa81bffc0522714798c/element - {"using":"xpath","value":"//*[@id=\"application-manageresources-display-component---newResourceUnit--btnAddTimeSegment\"]"}
RESULT: {}
RESULT: {"using":"xpath","value":"//*[@id=\"application-manageresources-display-component---newResourceUnit--btnAddTimeSegment\"]"}
COMMAND: POST /session/02ea79fddde22fa81bffc0522714798c/element/f.CB997DD3A6212A0539B4B9AD4CB02789.d.28086D720F19461EB30B7165D79EE247.e.14778/click - {}
RESULT: {}
COMMAND: GET /session/02ea79fddde22fa81bffc0522714798c/screenshot - {}
RESULT: {}
COMMAND: POST /session/02ea79fddde22fa81bffc0522714798c/element - {"using":"xpath","value":"//input[@id=\"application-manageresources-display-component---newResourceUnit--idRuTSAdmin-application-manageresources-display-component---newResourceUnit--RUTimeSegment-0-inner\"]"}
RESULT: {"using":"xpath","value":"//input[@id=\"application-manageresources-display-component---newResourceUnit--idRuTSAdmin-application-manageresources-display-component---newResourceUnit--RUTimeSegment-0-inner\"]"}
COMMAND: POST /session/02ea79fddde22fa81bffc0522714798c/element/f.CB997DD3A6212A0539B4B9AD4CB02789.d.28086D720F19461EB30B7165D79EE247.e.14784/clear - {}
RESULT: {}
COMMAND: POST /session/02ea79fddde22fa81bffc0522714798c/element/f.CB997DD3A6212A0539B4B9AD4CB02789.d.28086D720F19461EB30B7165D79EE247.e.14784/value - {"text":"347"}
COMMAND: GET /session/02ea79fddde22fa81bffc0522714798c/screenshot - {}
RESULT: {"text":"347"}
COMMAND: GET /session/02ea79fddde22fa81bffc0522714798c/screenshot - {}
RESULT: {}
RESULT: {}
COMMAND: POST /session/02ea79fddde22fa81bffc0522714798c/element - {"using":"xpath","value":"//li[.//span[text()='347']]"}
RESULT: {"using":"xpath","value":"//li[.//span[text()='347']]"}
COMMAND: POST /session/02ea79fddde22fa81bffc0522714798c/element/f.CB997DD3A6212A0539B4B9AD4CB02789.d.28086D720F19461EB30B7165D79EE247.e.14795/click - {}
RESULT: {}
COMMAND: GET /session/02ea79fddde22fa81bffc0522714798c/screenshot - {}
RESULT: {}
COMMAND: POST /session/02ea79fddde22fa81bffc0522714798c/element - {"using":"xpath","value":"(//span[contains(@id, \"-application-manageresources-display-component---newResourceUnit--RUTimeSegment-0-arrow\")])[6]"}
RESULT: {"using":"xpath","value":"(//span[contains(@id, \"-application-manageresources-display-component---newResourceUnit--RUTimeSegment-0-arrow\")])[6]"}
COMMAND: POST /session/02ea79fddde22fa81bffc0522714798c/element/f.CB997DD3A6212A0539B4B9AD4CB02789.d.28086D720F19461EB30B7165D79EE247.e.14796/click - {}
RESULT: {}
COMMAND: POST /session/02ea79fddde22fa81bffc0522714798c/element - {"using":"xpath","value":"//span[contains(text(), \"PM Order\")]"}
COMMAND: GET /session/02ea79fddde22fa81bffc0522714798c/screenshot - {}
RESULT: {"using":"xpath","value":"//span[contains(text(), \"PM Order\")]"}
COMMAND: POST /session/02ea79fddde22fa81bffc0522714798c/element/f.CB997DD3A6212A0539B4B9AD4CB02789.d.28086D720F19461EB30B7165D79EE247.e.14799/click - {}
RESULT: {}
RESULT: {}
COMMAND: GET /session/02ea79fddde22fa81bffc0522714798c/screenshot - {}
RESULT: {}
COMMAND: POST /session/02ea79fddde22fa81bffc0522714798c/element - {"using":"xpath","value":"(//span[contains(@id ,\"manageresources-display-component---newResourceUnit--RUTimeSegment-0-vhi\")])[1]"}
RESULT: {"using":"xpath","value":"(//span[contains(@id ,\"manageresources-display-component---newResourceUnit--RUTimeSegment-0-vhi\")])[1]"}
COMMAND: GET /session/02ea79fddde22fa81bffc0522714798c/element/f.CB997DD3A6212A0539B4B9AD4CB02789.d.28086D720F19461EB30B7165D79EE247.e.14803/rect - {}
RESULT: {}
COMMAND: GET /session/02ea79fddde22fa81bffc0522714798c/window/rect - {}
RESULT: {}
COMMAND: POST /session/02ea79fddde22fa81bffc0522714798c/execute/sync - {"script":"<script> [92 bytes]","args":[]}
RESULT: {"script":"<script> [92 bytes]","args":[]}
COMMAND: POST /session/02ea79fddde22fa81bffc0522714798c/actions - {"actions":[{"id":"action52","type":"wheel","parameters":{},"actions":[{"type":"scroll","x":-869,"y":-24,"deltaX":0,"deltaY":0,"duration":0,"origin":{"element-6066-11e4-a52e-4f735466cecf":"f.CB997DD3A6212A0539B4B9AD4CB02789.d.28086D720F19461EB30B7165D79EE247.e.14803"}}]}]}
COMMAND: GET /session/02ea79fddde22fa81bffc0522714798c/screenshot - {}
RESULT: {"actions":[{"id":"action52","type":"wheel","parameters":{},"actions":[{"type":"scroll","x":-869,"y":-24,"deltaX":0,"deltaY":0,"duration":0,"origin":{"element-6066-11e4-a52e-4f735466cecf":"f.CB997DD3A6212A0539B4B9AD4CB02789.d.28086D720F19461EB30B7165D79EE247.e.14803"}}]}]}
COMMAND: DELETE /session/02ea79fddde22fa81bffc0522714798c/actions - {}
COMMAND: GET /session/02ea79fddde22fa81bffc0522714798c/screenshot - {}
RESULT: {}
RESULT: {}
COMMAND: GET /session/02ea79fddde22fa81bffc0522714798c/screenshot - {}
RESULT: {}
RESULT: {}
COMMAND: POST /session/02ea79fddde22fa81bffc0522714798c/element/f.CB997DD3A6212A0539B4B9AD4CB02789.d.28086D720F19461EB30B7165D79EE247.e.14803/click - {}
RESULT: {}
COMMAND: GET /session/02ea79fddde22fa81bffc0522714798c/screenshot - {}
RESULT: {}
COMMAND: POST /session/02ea79fddde22fa81bffc0522714798c/execute/async - {"script":"<script> [1562 bytes]","args":[{"selector":{"controlType":"sap.m.SearchField","properties":{"placeholder":"Search"},"searchOpenDialogs":true,"interaction":{"idSuffix":"I"}},"wdio_ui5_key":"sapm.SearchField{\"placeholder\":\"Search\"}"}]}
RESULT: {"script":"<script> [1562 bytes]","args":[{"selector":{"controlType":"sap.m.SearchField","properties":{"placeholder":"Search"},"searchOpenDialogs":true,"interaction":{"idSuffix":"I"}},"wdio_ui5_key":"sapm.SearchField{\"placeholder\":\"Search\"}"}]}
RESULT: undefined
COMMAND: POST /session/02ea79fddde22fa81bffc0522714798c/execute/async - {"script":"<script> [776 bytes]","args":[{"enterText":"4000360","selector":{"controlType":"sap.m.SearchField","properties":{"placeholder":"Search"},"searchOpenDialogs":true,"interaction":{"idSuffix":"I"}},"clearTextFirst":true,"interactionType":"ENTER_TEXT"}]}
RESULT: {"script":"<script> [776 bytes]","args":[{"enterText":"4000360","selector":{"controlType":"sap.m.SearchField","properties":{"placeholder":"Search"},"searchOpenDialogs":true,"interaction":{"idSuffix":"I"}},"clearTextFirst":true,"interactionType":"ENTER_TEXT"}]}
COMMAND: POST /session/02ea79fddde22fa81bffc0522714798c/actions - {"actions":[{"id":"action53","type":"key","parameters":{},"actions":[{"type":"keyDown","value":"î€‡"},{"type":"pause","duration":10},{"type":"keyUp","value":"î€‡"}]}]}
RESULT: {"actions":[{"id":"action53","type":"key","parameters":{},"actions":[{"type":"keyDown","value":"î€‡"},{"type":"pause","duration":10},{"type":"keyUp","value":"î€‡"}]}]}
COMMAND: GET /session/02ea79fddde22fa81bffc0522714798c/screenshot - {}
RESULT: {}
COMMAND: POST /session/02ea79fddde22fa81bffc0522714798c/element - {"using":"xpath","value":"//td/div/span[contains(text(), \"BGL Vehicles\")]"}
RESULT: {"using":"xpath","value":"//td/div/span[contains(text(), \"BGL Vehicles\")]"}
COMMAND: POST /session/02ea79fddde22fa81bffc0522714798c/element/f.CB997DD3A6212A0539B4B9AD4CB02789.d.28086D720F19461EB30B7165D79EE247.e.14825/click - {}
RESULT: {}
COMMAND: GET /session/02ea79fddde22fa81bffc0522714798c/screenshot - {}
RESULT: {}
COMMAND: POST /session/02ea79fddde22fa81bffc0522714798c/element - {"using":"xpath","value":"//bdi[contains(text(), \"OK\")]"}
RESULT: {"using":"xpath","value":"//bdi[contains(text(), \"OK\")]"}
COMMAND: POST /session/02ea79fddde22fa81bffc0522714798c/element/f.CB997DD3A6212A0539B4B9AD4CB02789.d.28086D720F19461EB30B7165D79EE247.e.14826/click - {}
RESULT: {}
COMMAND: GET /session/02ea79fddde22fa81bffc0522714798c/screenshot - {}
RESULT: {}
COMMAND: POST /session/02ea79fddde22fa81bffc0522714798c/execute/async - {"script":"<script> [1562 bytes]","args":[{"selector":{"id":"application-manageresources-display-component---newResourceUnit--newRRUPage-anchBar-application-manageresources-display-component---newResourceUnit--resource-anchor","interaction":{"idSuffix":"BDI-content"}},"wdio_ui5_key":"applicationmanageresources-display-component---newResourceUnit--newRRUPage-anchBar-application-manageresources-display-component---newResourceUnit--resource-anchor"}]}
RESULT: {"script":"<script> [1562 bytes]","args":[{"selector":{"id":"application-manageresources-display-component---newResourceUnit--newRRUPage-anchBar-application-manageresources-display-component---newResourceUnit--resource-anchor","interaction":{"idSuffix":"BDI-content"}},"wdio_ui5_key":"applicationmanageresources-display-component---newResourceUnit--newRRUPage-anchBar-application-manageresources-display-component---newResourceUnit--resource-anchor"}]}
RESULT: undefined
COMMAND: POST /session/02ea79fddde22fa81bffc0522714798c/element - {"using":"xpath","value":"//*[@id=\"application-manageresources-display-component---newResourceUnit--newRRUPage-anchBar-application-manageresources-display-component---newResourceUnit--resource-anchor\"]"}
RESULT: {"using":"xpath","value":"//*[@id=\"application-manageresources-display-component---newResourceUnit--newRRUPage-anchBar-application-manageresources-display-component---newResourceUnit--resource-anchor\"]"}
COMMAND: POST /session/02ea79fddde22fa81bffc0522714798c/element/f.CB997DD3A6212A0539B4B9AD4CB02789.d.28086D720F19461EB30B7165D79EE247.e.14830/click - {}
RESULT: {}
COMMAND: POST /session/02ea79fddde22fa81bffc0522714798c/execute/async - {"script":"<script> [1562 bytes]","args":[{"selector":{"id":"application-manageresources-display-component---newResourceUnit--PLANNED_DELIVERY_DATE","interaction":{"idSuffix":"inner"}},"wdio_ui5_key":"applicationmanageresources-display-component---newResourceUnit--PLANNED_DELIVERY_DATE"}]}
COMMAND: GET /session/02ea79fddde22fa81bffc0522714798c/screenshot - {}
RESULT: {"script":"<script> [1562 bytes]","args":[{"selector":{"id":"application-manageresources-display-component---newResourceUnit--PLANNED_DELIVERY_DATE","interaction":{"idSuffix":"inner"}},"wdio_ui5_key":"applicationmanageresources-display-component---newResourceUnit--PLANNED_DELIVERY_DATE"}]}
RESULT: undefined
COMMAND: POST /session/02ea79fddde22fa81bffc0522714798c/execute/async - {"script":"<script> [6424 bytes]","args":[{"element-6066-11e4-a52e-4f735466cecf":"f.CB997DD3A6212A0539B4B9AD4CB02789.d.28086D720F19461EB30B7165D79EE247.e.14690"},"setValue",["4/28/25"]]}
RESULT: {}
RESULT: {"script":"<script> [6424 bytes]","args":[{"element-6066-11e4-a52e-4f735466cecf":"f.CB997DD3A6212A0539B4B9AD4CB02789.d.28086D720F19461EB30B7165D79EE247.e.14690"},"setValue",["4/28/25"]]}
COMMAND: POST /session/02ea79fddde22fa81bffc0522714798c/element - {"using":"xpath","value":"//button[@data-kt=\"resourceUnitSaveButton\"]"}
RESULT: {"using":"xpath","value":"//button[@data-kt=\"resourceUnitSaveButton\"]"}
COMMAND: POST /session/02ea79fddde22fa81bffc0522714798c/element/f.CB997DD3A6212A0539B4B9AD4CB02789.d.28086D720F19461EB30B7165D79EE247.e.14650/click - {}
RESULT: {}
COMMAND: GET /session/02ea79fddde22fa81bffc0522714798c/screenshot - {}
RESULT: {}
COMMAND: POST /session/02ea79fddde22fa81bffc0522714798c/element - {"using":"xpath","value":"//bdi[contains(text(), \"Close\")]"}
RESULT: {"using":"xpath","value":"//bdi[contains(text(), \"Close\")]"}
COMMAND: POST /session/02ea79fddde22fa81bffc0522714798c/element/f.CB997DD3A6212A0539B4B9AD4CB02789.d.28086D720F19461EB30B7165D79EE247.e.14840/click - {}
RESULT: {}
COMMAND: GET /session/02ea79fddde22fa81bffc0522714798c/screenshot - {}
RESULT: {}
COMMAND: POST /session/02ea79fddde22fa81bffc0522714798c/element - {"using":"xpath","value":"(//button[contains(@id ,\"actionsToolbar-overflowButton\")])[1]"}
RESULT: {"using":"xpath","value":"(//button[contains(@id ,\"actionsToolbar-overflowButton\")])[1]"}
COMMAND: POST /session/02ea79fddde22fa81bffc0522714798c/element/f.CB997DD3A6212A0539B4B9AD4CB02789.d.28086D720F19461EB30B7165D79EE247.e.14870/click - {}
RESULT: {}
COMMAND: GET /session/02ea79fddde22fa81bffc0522714798c/screenshot - {}
RESULT: {}
COMMAND: POST /session/02ea79fddde22fa81bffc0522714798c/element - {"using":"xpath","value":"//button[@data-kt=\"priceInfoButton\"]"}
RESULT: {"using":"xpath","value":"//button[@data-kt=\"priceInfoButton\"]"}
COMMAND: POST /session/02ea79fddde22fa81bffc0522714798c/element/f.CB997DD3A6212A0539B4B9AD4CB02789.d.28086D720F19461EB30B7165D79EE247.e.14872/click - {}
RESULT: {}
COMMAND: GET /session/02ea79fddde22fa81bffc0522714798c/screenshot - {}
RESULT: {}
]]></system-out>
    </testcase>
    <testcase classname="chrome.135_0_7049_96.windows.Performance_based_billing_(work_days)_US139742" name="Should create a pricing rule perf based on the equipment" time="48.15">
      <system-out><![CDATA[
COMMAND: POST /session/02ea79fddde22fa81bffc0522714798c/element - {"using":"xpath","value":"//button[@data-kt=\"addButton\"]"}
RESULT: {"using":"xpath","value":"//button[@data-kt=\"addButton\"]"}
COMMAND: POST /session/02ea79fddde22fa81bffc0522714798c/elements - {"using":"xpath","value":"//button[@data-kt=\"addButton\"]"}
RESULT: {"using":"xpath","value":"//button[@data-kt=\"addButton\"]"}
COMMAND: POST /session/02ea79fddde22fa81bffc0522714798c/execute/sync - {"script":"<script> [8489 bytes]","args":[{"element-6066-11e4-a52e-4f735466cecf":"f.CB997DD3A6212A0539B4B9AD4CB02789.d.28086D720F19461EB30B7165D79EE247.e.14908","ELEMENT":"f.CB997DD3A6212A0539B4B9AD4CB02789.d.28086D720F19461EB30B7165D79EE247.e.14908"}]}
RESULT: {"script":"<script> [8489 bytes]","args":[{"element-6066-11e4-a52e-4f735466cecf":"f.CB997DD3A6212A0539B4B9AD4CB02789.d.28086D720F19461EB30B7165D79EE247.e.14908","ELEMENT":"f.CB997DD3A6212A0539B4B9AD4CB02789.d.28086D720F19461EB30B7165D79EE247.e.14908"}]}
COMMAND: GET /session/02ea79fddde22fa81bffc0522714798c/element/f.CB997DD3A6212A0539B4B9AD4CB02789.d.28086D720F19461EB30B7165D79EE247.e.14908/enabled - {}
COMMAND: GET /session/02ea79fddde22fa81bffc0522714798c/screenshot - {}
RESULT: {}
COMMAND: POST /session/02ea79fddde22fa81bffc0522714798c/execute/sync - {"script":"<script> [8489 bytes]","args":[{"element-6066-11e4-a52e-4f735466cecf":"f.CB997DD3A6212A0539B4B9AD4CB02789.d.28086D720F19461EB30B7165D79EE247.e.14908","ELEMENT":"f.CB997DD3A6212A0539B4B9AD4CB02789.d.28086D720F19461EB30B7165D79EE247.e.14908"}]}
COMMAND: GET /session/02ea79fddde22fa81bffc0522714798c/screenshot - {}
RESULT: {}
RESULT: {"script":"<script> [8489 bytes]","args":[{"element-6066-11e4-a52e-4f735466cecf":"f.CB997DD3A6212A0539B4B9AD4CB02789.d.28086D720F19461EB30B7165D79EE247.e.14908","ELEMENT":"f.CB997DD3A6212A0539B4B9AD4CB02789.d.28086D720F19461EB30B7165D79EE247.e.14908"}]}
COMMAND: POST /session/02ea79fddde22fa81bffc0522714798c/execute/sync - {"script":"<script> [5351 bytes]","args":[{"element-6066-11e4-a52e-4f735466cecf":"f.CB997DD3A6212A0539B4B9AD4CB02789.d.28086D720F19461EB30B7165D79EE247.e.14908","ELEMENT":"f.CB997DD3A6212A0539B4B9AD4CB02789.d.28086D720F19461EB30B7165D79EE247.e.14908"}]}
COMMAND: GET /session/02ea79fddde22fa81bffc0522714798c/screenshot - {}
RESULT: {}
RESULT: {"script":"<script> [5351 bytes]","args":[{"element-6066-11e4-a52e-4f735466cecf":"f.CB997DD3A6212A0539B4B9AD4CB02789.d.28086D720F19461EB30B7165D79EE247.e.14908","ELEMENT":"f.CB997DD3A6212A0539B4B9AD4CB02789.d.28086D720F19461EB30B7165D79EE247.e.14908"}]}
COMMAND: POST /session/02ea79fddde22fa81bffc0522714798c/element/f.CB997DD3A6212A0539B4B9AD4CB02789.d.28086D720F19461EB30B7165D79EE247.e.14908/click - {}
COMMAND: GET /session/02ea79fddde22fa81bffc0522714798c/screenshot - {}
RESULT: {}
RESULT: {}
COMMAND: GET /session/02ea79fddde22fa81bffc0522714798c/screenshot - {}
RESULT: {}
RESULT: {}
COMMAND: POST /session/02ea79fddde22fa81bffc0522714798c/execute/async - {"script":"<script> [1562 bytes]","args":[{"selector":{"controlType":"sap.m.Title","viewName":"etm.portal.ui.managepricingrules.view.NewItem","viewId":"application-managepricingrules-display-component---newInfoPriceItem","properties":{"text":"New Pricing Rules - Item Level"}},"wdio_ui5_key":"etmportal.ui.managepricingrules.view.NewItemsap.m.Title{\"text\":\"New Pricing Rules - Item Level\"}"}]}
RESULT: {"script":"<script> [1562 bytes]","args":[{"selector":{"controlType":"sap.m.Title","viewName":"etm.portal.ui.managepricingrules.view.NewItem","viewId":"application-managepricingrules-display-component---newInfoPriceItem","properties":{"text":"New Pricing Rules - Item Level"}},"wdio_ui5_key":"etmportal.ui.managepricingrules.view.NewItemsap.m.Title{\"text\":\"New Pricing Rules - Item Level\"}"}]}
RESULT: undefined
COMMAND: POST /session/02ea79fddde22fa81bffc0522714798c/execute/async - {"script":"<script> [6424 bytes]","args":[{"element-6066-11e4-a52e-4f735466cecf":"f.CB997DD3A6212A0539B4B9AD4CB02789.d.28086D720F19461EB30B7165D79EE247.e.15066"},"getText",[]]}
RESULT: {"script":"<script> [6424 bytes]","args":[{"element-6066-11e4-a52e-4f735466cecf":"f.CB997DD3A6212A0539B4B9AD4CB02789.d.28086D720F19461EB30B7165D79EE247.e.15066"},"getText",[]]}
COMMAND: POST /session/02ea79fddde22fa81bffc0522714798c/execute/async - {"script":"<script> [1562 bytes]","args":[{"selector":{"id":"application-managepricingrules-display-component---newInfoPriceItem--condValidTo","interaction":{"idSuffix":"inner"}},"wdio_ui5_key":"applicationmanagepricingrules-display-component---newInfoPriceItem--condValidTo"}]}
RESULT: {"script":"<script> [1562 bytes]","args":[{"selector":{"id":"application-managepricingrules-display-component---newInfoPriceItem--condValidTo","interaction":{"idSuffix":"inner"}},"wdio_ui5_key":"applicationmanagepricingrules-display-component---newInfoPriceItem--condValidTo"}]}
RESULT: undefined
COMMAND: POST /session/02ea79fddde22fa81bffc0522714798c/execute/async - {"script":"<script> [776 bytes]","args":[{"enterText":"12/28/25","selector":{"id":"application-managepricingrules-display-component---newInfoPriceItem--condValidTo","interaction":{"idSuffix":"inner"}},"clearTextFirst":true,"interactionType":"ENTER_TEXT"}]}
RESULT: {"script":"<script> [776 bytes]","args":[{"enterText":"12/28/25","selector":{"id":"application-managepricingrules-display-component---newInfoPriceItem--condValidTo","interaction":{"idSuffix":"inner"}},"clearTextFirst":true,"interactionType":"ENTER_TEXT"}]}
COMMAND: POST /session/02ea79fddde22fa81bffc0522714798c/execute/async - {"script":"<script> [1562 bytes]","args":[{"selector":{"id":"application-managepricingrules-display-component---newInfoPriceItem--billType-arrow"},"wdio_ui5_key":"applicationmanagepricingrules-display-component---newInfoPriceItem--billType-arrow"}]}
RESULT: {"script":"<script> [1562 bytes]","args":[{"selector":{"id":"application-managepricingrules-display-component---newInfoPriceItem--billType-arrow"},"wdio_ui5_key":"applicationmanagepricingrules-display-component---newInfoPriceItem--billType-arrow"}]}
RESULT: undefined
COMMAND: POST /session/02ea79fddde22fa81bffc0522714798c/element - {"using":"xpath","value":"//*[@id=\"application-managepricingrules-display-component---newInfoPriceItem--billType-arrow\"]"}
RESULT: {"using":"xpath","value":"//*[@id=\"application-managepricingrules-display-component---newInfoPriceItem--billType-arrow\"]"}
COMMAND: POST /session/02ea79fddde22fa81bffc0522714798c/element/f.CB997DD3A6212A0539B4B9AD4CB02789.d.28086D720F19461EB30B7165D79EE247.e.15068/click - {}
RESULT: {}
COMMAND: POST /session/02ea79fddde22fa81bffc0522714798c/element - {"using":"xpath","value":"//span[contains(text(), \"PB - Performance based\")]"}
COMMAND: GET /session/02ea79fddde22fa81bffc0522714798c/screenshot - {}
RESULT: {"using":"xpath","value":"//span[contains(text(), \"PB - Performance based\")]"}
COMMAND: POST /session/02ea79fddde22fa81bffc0522714798c/element/f.CB997DD3A6212A0539B4B9AD4CB02789.d.28086D720F19461EB30B7165D79EE247.e.15069/click - {}
RESULT: {}
RESULT: {}
COMMAND: POST /session/02ea79fddde22fa81bffc0522714798c/execute/async - {"script":"<script> [1562 bytes]","args":[{"selector":{"id":"application-managepricingrules-display-component---newInfoPriceItem--priceProc-arrow"},"wdio_ui5_key":"applicationmanagepricingrules-display-component---newInfoPriceItem--priceProc-arrow"}]}
COMMAND: GET /session/02ea79fddde22fa81bffc0522714798c/screenshot - {}
RESULT: {"script":"<script> [1562 bytes]","args":[{"selector":{"id":"application-managepricingrules-display-component---newInfoPriceItem--priceProc-arrow"},"wdio_ui5_key":"applicationmanagepricingrules-display-component---newInfoPriceItem--priceProc-arrow"}]}
RESULT: undefined
COMMAND: POST /session/02ea79fddde22fa81bffc0522714798c/element - {"using":"xpath","value":"//*[@id=\"application-managepricingrules-display-component---newInfoPriceItem--priceProc-arrow\"]"}
RESULT: {}
RESULT: {"using":"xpath","value":"//*[@id=\"application-managepricingrules-display-component---newInfoPriceItem--priceProc-arrow\"]"}
COMMAND: POST /session/02ea79fddde22fa81bffc0522714798c/element/f.CB997DD3A6212A0539B4B9AD4CB02789.d.28086D720F19461EB30B7165D79EE247.e.15035/click - {}
RESULT: {}
COMMAND: POST /session/02ea79fddde22fa81bffc0522714798c/element - {"using":"xpath","value":"//span[contains(text(), \"PRF - Performance based\")]"}
COMMAND: GET /session/02ea79fddde22fa81bffc0522714798c/screenshot - {}
RESULT: {"using":"xpath","value":"//span[contains(text(), \"PRF - Performance based\")]"}
COMMAND: POST /session/02ea79fddde22fa81bffc0522714798c/element/f.CB997DD3A6212A0539B4B9AD4CB02789.d.28086D720F19461EB30B7165D79EE247.e.15070/click - {}
RESULT: {}
RESULT: {}
COMMAND: POST /session/02ea79fddde22fa81bffc0522714798c/execute/async - {"script":"<script> [1562 bytes]","args":[{"selector":{"id":"application-managepricingrules-display-component---newInfoPriceItem--calcBase-arrow"},"wdio_ui5_key":"applicationmanagepricingrules-display-component---newInfoPriceItem--calcBase-arrow"}]}
COMMAND: GET /session/02ea79fddde22fa81bffc0522714798c/screenshot - {}
RESULT: {"script":"<script> [1562 bytes]","args":[{"selector":{"id":"application-managepricingrules-display-component---newInfoPriceItem--calcBase-arrow"},"wdio_ui5_key":"applicationmanagepricingrules-display-component---newInfoPriceItem--calcBase-arrow"}]}
RESULT: undefined
COMMAND: POST /session/02ea79fddde22fa81bffc0522714798c/element - {"using":"xpath","value":"//*[@id=\"application-managepricingrules-display-component---newInfoPriceItem--calcBase-arrow\"]"}
RESULT: {}
RESULT: {"using":"xpath","value":"//*[@id=\"application-managepricingrules-display-component---newInfoPriceItem--calcBase-arrow\"]"}
COMMAND: POST /session/02ea79fddde22fa81bffc0522714798c/element/f.CB997DD3A6212A0539B4B9AD4CB02789.d.28086D720F19461EB30B7165D79EE247.e.15042/click - {}
RESULT: {}
COMMAND: GET /session/02ea79fddde22fa81bffc0522714798c/screenshot - {}
RESULT: {}
COMMAND: POST /session/02ea79fddde22fa81bffc0522714798c/element - {"using":"xpath","value":"//span[contains(text(), \"0007 - PB(work days)\")]"}
RESULT: {"using":"xpath","value":"//span[contains(text(), \"0007 - PB(work days)\")]"}
COMMAND: POST /session/02ea79fddde22fa81bffc0522714798c/element/f.CB997DD3A6212A0539B4B9AD4CB02789.d.28086D720F19461EB30B7165D79EE247.e.15071/click - {}
RESULT: {}
COMMAND: GET /session/02ea79fddde22fa81bffc0522714798c/screenshot - {}
RESULT: {}
COMMAND: POST /session/02ea79fddde22fa81bffc0522714798c/execute/async - {"script":"<script> [1562 bytes]","args":[{"selector":{"id":"application-managepricingrules-display-component---newInfoPriceItem--hoursMonth","interaction":{"idSuffix":"inner"}},"wdio_ui5_key":"applicationmanagepricingrules-display-component---newInfoPriceItem--hoursMonth"}]}
RESULT: {"script":"<script> [1562 bytes]","args":[{"selector":{"id":"application-managepricingrules-display-component---newInfoPriceItem--hoursMonth","interaction":{"idSuffix":"inner"}},"wdio_ui5_key":"applicationmanagepricingrules-display-component---newInfoPriceItem--hoursMonth"}]}
RESULT: undefined
COMMAND: POST /session/02ea79fddde22fa81bffc0522714798c/execute/async - {"script":"<script> [776 bytes]","args":[{"enterText":"160","selector":{"id":"application-managepricingrules-display-component---newInfoPriceItem--hoursMonth","interaction":{"idSuffix":"inner"}},"clearTextFirst":true,"interactionType":"ENTER_TEXT"}]}
RESULT: {"script":"<script> [776 bytes]","args":[{"enterText":"160","selector":{"id":"application-managepricingrules-display-component---newInfoPriceItem--hoursMonth","interaction":{"idSuffix":"inner"}},"clearTextFirst":true,"interactionType":"ENTER_TEXT"}]}
COMMAND: POST /session/02ea79fddde22fa81bffc0522714798c/element - {"using":"xpath","value":"//button[@data-kt=\"saveNewRuleButton\"]"}
RESULT: {"using":"xpath","value":"//button[@data-kt=\"saveNewRuleButton\"]"}
COMMAND: POST /session/02ea79fddde22fa81bffc0522714798c/element/f.CB997DD3A6212A0539B4B9AD4CB02789.d.28086D720F19461EB30B7165D79EE247.e.15058/click - {}
RESULT: {}
COMMAND: GET /session/02ea79fddde22fa81bffc0522714798c/screenshot - {}
RESULT: {}
COMMAND: POST /session/02ea79fddde22fa81bffc0522714798c/execute/async - {"script":"<script> [1562 bytes]","args":[{"selector":{"id":"application-managepricingrules-display-component---priceInfoItem--smartFilterBar-btnBasicSearch","interaction":{"idSuffix":"I"}},"wdio_ui5_key":"applicationmanagepricingrules-display-component---priceInfoItem--smartFilterBar-btnBasicSearch"}]}
RESULT: {"script":"<script> [1562 bytes]","args":[{"selector":{"id":"application-managepricingrules-display-component---priceInfoItem--smartFilterBar-btnBasicSearch","interaction":{"idSuffix":"I"}},"wdio_ui5_key":"applicationmanagepricingrules-display-component---priceInfoItem--smartFilterBar-btnBasicSearch"}]}
RESULT: undefined
COMMAND: POST /session/02ea79fddde22fa81bffc0522714798c/execute/async - {"script":"<script> [776 bytes]","args":[{"enterText":"co6BCpmayy","selector":{"id":"application-managepricingrules-display-component---priceInfoItem--smartFilterBar-btnBasicSearch","interaction":{"idSuffix":"I"}},"clearTextFirst":true,"interactionType":"ENTER_TEXT"}]}
RESULT: {"script":"<script> [776 bytes]","args":[{"enterText":"co6BCpmayy","selector":{"id":"application-managepricingrules-display-component---priceInfoItem--smartFilterBar-btnBasicSearch","interaction":{"idSuffix":"I"}},"clearTextFirst":true,"interactionType":"ENTER_TEXT"}]}
COMMAND: POST /session/02ea79fddde22fa81bffc0522714798c/actions - {"actions":[{"id":"action54","type":"key","parameters":{},"actions":[{"type":"keyDown","value":"î€‡"},{"type":"pause","duration":10},{"type":"keyUp","value":"î€‡"}]}]}
RESULT: {"actions":[{"id":"action54","type":"key","parameters":{},"actions":[{"type":"keyDown","value":"î€‡"},{"type":"pause","duration":10},{"type":"keyUp","value":"î€‡"}]}]}
COMMAND: GET /session/02ea79fddde22fa81bffc0522714798c/screenshot - {}
RESULT: {}
COMMAND: POST /session/02ea79fddde22fa81bffc0522714798c/element - {"using":"xpath","value":"//span[@id=\"application-managepricingrules-display-component---priceInfoItem--smartTable-header-inner\"]"}
RESULT: {"using":"xpath","value":"//span[@id=\"application-managepricingrules-display-component---priceInfoItem--smartTable-header-inner\"]"}
COMMAND: POST /session/02ea79fddde22fa81bffc0522714798c/elements - {"using":"xpath","value":"//span[@id=\"application-managepricingrules-display-component---priceInfoItem--smartTable-header-inner\"]"}
RESULT: {"using":"xpath","value":"//span[@id=\"application-managepricingrules-display-component---priceInfoItem--smartTable-header-inner\"]"}
COMMAND: POST /session/02ea79fddde22fa81bffc0522714798c/execute/sync - {"script":"<script> [56 bytes]","args":[{"element-6066-11e4-a52e-4f735466cecf":"f.CB997DD3A6212A0539B4B9AD4CB02789.d.28086D720F19461EB30B7165D79EE247.e.15085","ELEMENT":"f.CB997DD3A6212A0539B4B9AD4CB02789.d.28086D720F19461EB30B7165D79EE247.e.15085"}]}
RESULT: {"script":"<script> [56 bytes]","args":[{"element-6066-11e4-a52e-4f735466cecf":"f.CB997DD3A6212A0539B4B9AD4CB02789.d.28086D720F19461EB30B7165D79EE247.e.15085","ELEMENT":"f.CB997DD3A6212A0539B4B9AD4CB02789.d.28086D720F19461EB30B7165D79EE247.e.15085"}]}
COMMAND: POST /session/02ea79fddde22fa81bffc0522714798c/element - {"using":"css selector","value":"#shell-header-logo"}
COMMAND: GET /session/02ea79fddde22fa81bffc0522714798c/screenshot - {}
RESULT: {"using":"css selector","value":"#shell-header-logo"}
COMMAND: POST /session/02ea79fddde22fa81bffc0522714798c/element/f.CB997DD3A6212A0539B4B9AD4CB02789.d.28086D720F19461EB30B7165D79EE247.e.14240/click - {}
RESULT: {}
RESULT: {}
COMMAND: GET /session/02ea79fddde22fa81bffc0522714798c/screenshot - {}
RESULT: {}
]]></system-out>
    </testcase>
    <testcase classname="chrome.135_0_7049_96.windows.Performance_based_billing_(work_days)_US139742" name="Should create a performance based billing condition on the equipment" time="62.53">
      <system-out><![CDATA[
COMMAND: POST /session/02ea79fddde22fa81bffc0522714798c/execute/async - {"script":"<script> [1562 bytes]","args":[{"selector":{"controlType":"sap.m.Text","properties":{"text":"Manage Conditions & Prices"},"interaction":{"idSuffix":"inner"}},"wdio_ui5_key":"sapm.Text{\"text\":\"Manage Conditions & Prices\"}"}]}
RESULT: {"script":"<script> [1562 bytes]","args":[{"selector":{"controlType":"sap.m.Text","properties":{"text":"Manage Conditions & Prices"},"interaction":{"idSuffix":"inner"}},"wdio_ui5_key":"sapm.Text{\"text\":\"Manage Conditions & Prices\"}"}]}
RESULT: undefined
COMMAND: POST /session/02ea79fddde22fa81bffc0522714798c/element - {"using":"xpath","value":"//*[@id=\"__tile53-title\"]"}
RESULT: {"using":"xpath","value":"//*[@id=\"__tile53-title\"]"}
COMMAND: POST /session/02ea79fddde22fa81bffc0522714798c/element/f.CB997DD3A6212A0539B4B9AD4CB02789.d.28086D720F19461EB30B7165D79EE247.e.15088/click - {}
RESULT: {}
COMMAND: POST /session/02ea79fddde22fa81bffc0522714798c/element - {"using":"xpath","value":"//button[@aria-label=\"Create\"]"}
COMMAND: GET /session/02ea79fddde22fa81bffc0522714798c/screenshot - {}
RESULT: {"using":"xpath","value":"//button[@aria-label=\"Create\"]"}
COMMAND: POST /session/02ea79fddde22fa81bffc0522714798c/elements - {"using":"xpath","value":"//button[@aria-label=\"Create\"]"}
RESULT: {}
RESULT: {"using":"xpath","value":"//button[@aria-label=\"Create\"]"}
COMMAND: POST /session/02ea79fddde22fa81bffc0522714798c/elements - {"using":"xpath","value":"//button[@aria-label=\"Create\"]"}
RESULT: {"using":"xpath","value":"//button[@aria-label=\"Create\"]"}
COMMAND: POST /session/02ea79fddde22fa81bffc0522714798c/elements - {"using":"xpath","value":"//button[@aria-label=\"Create\"]"}
RESULT: {"using":"xpath","value":"//button[@aria-label=\"Create\"]"}
COMMAND: POST /session/02ea79fddde22fa81bffc0522714798c/elements - {"using":"xpath","value":"//button[@aria-label=\"Create\"]"}
RESULT: {"using":"xpath","value":"//button[@aria-label=\"Create\"]"}
COMMAND: POST /session/02ea79fddde22fa81bffc0522714798c/elements - {"using":"xpath","value":"//button[@aria-label=\"Create\"]"}
RESULT: {"using":"xpath","value":"//button[@aria-label=\"Create\"]"}
COMMAND: POST /session/02ea79fddde22fa81bffc0522714798c/elements - {"using":"xpath","value":"//button[@aria-label=\"Create\"]"}
RESULT: {"using":"xpath","value":"//button[@aria-label=\"Create\"]"}
COMMAND: POST /session/02ea79fddde22fa81bffc0522714798c/elements - {"using":"xpath","value":"//button[@aria-label=\"Create\"]"}
RESULT: {"using":"xpath","value":"//button[@aria-label=\"Create\"]"}
COMMAND: POST /session/02ea79fddde22fa81bffc0522714798c/elements - {"using":"xpath","value":"//button[@aria-label=\"Create\"]"}
RESULT: {"using":"xpath","value":"//button[@aria-label=\"Create\"]"}
COMMAND: POST /session/02ea79fddde22fa81bffc0522714798c/elements - {"using":"xpath","value":"//button[@aria-label=\"Create\"]"}
RESULT: {"using":"xpath","value":"//button[@aria-label=\"Create\"]"}
COMMAND: POST /session/02ea79fddde22fa81bffc0522714798c/elements - {"using":"xpath","value":"//button[@aria-label=\"Create\"]"}
RESULT: {"using":"xpath","value":"//button[@aria-label=\"Create\"]"}
COMMAND: POST /session/02ea79fddde22fa81bffc0522714798c/elements - {"using":"xpath","value":"//button[@aria-label=\"Create\"]"}
RESULT: {"using":"xpath","value":"//button[@aria-label=\"Create\"]"}
COMMAND: POST /session/02ea79fddde22fa81bffc0522714798c/elements - {"using":"xpath","value":"//button[@aria-label=\"Create\"]"}
RESULT: {"using":"xpath","value":"//button[@aria-label=\"Create\"]"}
COMMAND: POST /session/02ea79fddde22fa81bffc0522714798c/elements - {"using":"xpath","value":"//button[@aria-label=\"Create\"]"}
RESULT: {"using":"xpath","value":"//button[@aria-label=\"Create\"]"}
COMMAND: POST /session/02ea79fddde22fa81bffc0522714798c/elements - {"using":"xpath","value":"//button[@aria-label=\"Create\"]"}
RESULT: {"using":"xpath","value":"//button[@aria-label=\"Create\"]"}
COMMAND: POST /session/02ea79fddde22fa81bffc0522714798c/element - {"using":"xpath","value":"//button[@aria-label=\"Create\"]"}
RESULT: {"using":"xpath","value":"//button[@aria-label=\"Create\"]"}
COMMAND: POST /session/02ea79fddde22fa81bffc0522714798c/execute/sync - {"script":"<script> [8489 bytes]","args":[{"element-6066-11e4-a52e-4f735466cecf":"f.CB997DD3A6212A0539B4B9AD4CB02789.d.28086D720F19461EB30B7165D79EE247.e.15122","ELEMENT":"f.CB997DD3A6212A0539B4B9AD4CB02789.d.28086D720F19461EB30B7165D79EE247.e.15122"}]}
RESULT: {"script":"<script> [8489 bytes]","args":[{"element-6066-11e4-a52e-4f735466cecf":"f.CB997DD3A6212A0539B4B9AD4CB02789.d.28086D720F19461EB30B7165D79EE247.e.15122","ELEMENT":"f.CB997DD3A6212A0539B4B9AD4CB02789.d.28086D720F19461EB30B7165D79EE247.e.15122"}]}
COMMAND: GET /session/02ea79fddde22fa81bffc0522714798c/element/f.CB997DD3A6212A0539B4B9AD4CB02789.d.28086D720F19461EB30B7165D79EE247.e.15122/enabled - {}
COMMAND: GET /session/02ea79fddde22fa81bffc0522714798c/screenshot - {}
RESULT: {}
COMMAND: POST /session/02ea79fddde22fa81bffc0522714798c/execute/sync - {"script":"<script> [8489 bytes]","args":[{"element-6066-11e4-a52e-4f735466cecf":"f.CB997DD3A6212A0539B4B9AD4CB02789.d.28086D720F19461EB30B7165D79EE247.e.15122","ELEMENT":"f.CB997DD3A6212A0539B4B9AD4CB02789.d.28086D720F19461EB30B7165D79EE247.e.15122"}]}
COMMAND: GET /session/02ea79fddde22fa81bffc0522714798c/screenshot - {}
RESULT: {}
RESULT: {"script":"<script> [8489 bytes]","args":[{"element-6066-11e4-a52e-4f735466cecf":"f.CB997DD3A6212A0539B4B9AD4CB02789.d.28086D720F19461EB30B7165D79EE247.e.15122","ELEMENT":"f.CB997DD3A6212A0539B4B9AD4CB02789.d.28086D720F19461EB30B7165D79EE247.e.15122"}]}
COMMAND: POST /session/02ea79fddde22fa81bffc0522714798c/execute/sync - {"script":"<script> [5351 bytes]","args":[{"element-6066-11e4-a52e-4f735466cecf":"f.CB997DD3A6212A0539B4B9AD4CB02789.d.28086D720F19461EB30B7165D79EE247.e.15122","ELEMENT":"f.CB997DD3A6212A0539B4B9AD4CB02789.d.28086D720F19461EB30B7165D79EE247.e.15122"}]}
COMMAND: GET /session/02ea79fddde22fa81bffc0522714798c/screenshot - {}
RESULT: {}
RESULT: {"script":"<script> [5351 bytes]","args":[{"element-6066-11e4-a52e-4f735466cecf":"f.CB997DD3A6212A0539B4B9AD4CB02789.d.28086D720F19461EB30B7165D79EE247.e.15122","ELEMENT":"f.CB997DD3A6212A0539B4B9AD4CB02789.d.28086D720F19461EB30B7165D79EE247.e.15122"}]}
COMMAND: POST /session/02ea79fddde22fa81bffc0522714798c/element/f.CB997DD3A6212A0539B4B9AD4CB02789.d.28086D720F19461EB30B7165D79EE247.e.15122/click - {}
COMMAND: GET /session/02ea79fddde22fa81bffc0522714798c/screenshot - {}
RESULT: {}
RESULT: {}
COMMAND: GET /session/02ea79fddde22fa81bffc0522714798c/screenshot - {}
RESULT: {}
RESULT: {}
COMMAND: POST /session/02ea79fddde22fa81bffc0522714798c/actions - {"actions":[{"id":"action55","type":"key","parameters":{},"actions":[{"type":"keyDown","value":"î€‡"},{"type":"pause","duration":10},{"type":"keyUp","value":"î€‡"}]}]}
RESULT: {"actions":[{"id":"action55","type":"key","parameters":{},"actions":[{"type":"keyDown","value":"î€‡"},{"type":"pause","duration":10},{"type":"keyUp","value":"î€‡"}]}]}
COMMAND: GET /session/02ea79fddde22fa81bffc0522714798c/screenshot - {}
RESULT: {}
COMMAND: POST /session/02ea79fddde22fa81bffc0522714798c/execute/async - {"script":"<script> [1562 bytes]","args":[{"selector":{"id":"application-manageconditionprice-display-component---newCondition--condBillCond-arrow"},"wdio_ui5_key":"applicationmanageconditionprice-display-component---newCondition--condBillCond-arrow"}]}
RESULT: {"script":"<script> [1562 bytes]","args":[{"selector":{"id":"application-manageconditionprice-display-component---newCondition--condBillCond-arrow"},"wdio_ui5_key":"applicationmanageconditionprice-display-component---newCondition--condBillCond-arrow"}]}
RESULT: undefined
COMMAND: POST /session/02ea79fddde22fa81bffc0522714798c/element - {"using":"xpath","value":"//*[@id=\"application-manageconditionprice-display-component---newCondition--condBillCond-arrow\"]"}
RESULT: {"using":"xpath","value":"//*[@id=\"application-manageconditionprice-display-component---newCondition--condBillCond-arrow\"]"}
COMMAND: POST /session/02ea79fddde22fa81bffc0522714798c/element/f.CB997DD3A6212A0539B4B9AD4CB02789.d.28086D720F19461EB30B7165D79EE247.e.15299/click - {}
RESULT: {}
COMMAND: GET /session/02ea79fddde22fa81bffc0522714798c/screenshot - {}
RESULT: {}
COMMAND: POST /session/02ea79fddde22fa81bffc0522714798c/element - {"using":"xpath","value":"//li[.//span[contains(text(), \"PC06 - Performance Price - fuel\")]]"}
RESULT: {"using":"xpath","value":"//li[.//span[contains(text(), \"PC06 - Performance Price - fuel\")]]"}
COMMAND: POST /session/02ea79fddde22fa81bffc0522714798c/element/f.CB997DD3A6212A0539B4B9AD4CB02789.d.28086D720F19461EB30B7165D79EE247.e.15302/click - {}
RESULT: {}
COMMAND: GET /session/02ea79fddde22fa81bffc0522714798c/screenshot - {}
RESULT: {}
COMMAND: POST /session/02ea79fddde22fa81bffc0522714798c/execute/async - {"script":"<script> [1562 bytes]","args":[{"selector":{"id":"application-manageconditionprice-display-component---newCondition--condValidTo","interaction":{"idSuffix":"inner"}},"wdio_ui5_key":"applicationmanageconditionprice-display-component---newCondition--condValidTo"}]}
RESULT: {"script":"<script> [1562 bytes]","args":[{"selector":{"id":"application-manageconditionprice-display-component---newCondition--condValidTo","interaction":{"idSuffix":"inner"}},"wdio_ui5_key":"applicationmanageconditionprice-display-component---newCondition--condValidTo"}]}
RESULT: undefined
COMMAND: POST /session/02ea79fddde22fa81bffc0522714798c/execute/async - {"script":"<script> [776 bytes]","args":[{"enterText":"12/28/25","selector":{"id":"application-manageconditionprice-display-component---newCondition--condValidTo","interaction":{"idSuffix":"inner"}},"clearTextFirst":true,"interactionType":"ENTER_TEXT"}]}
RESULT: {"script":"<script> [776 bytes]","args":[{"enterText":"12/28/25","selector":{"id":"application-manageconditionprice-display-component---newCondition--condValidTo","interaction":{"idSuffix":"inner"}},"clearTextFirst":true,"interactionType":"ENTER_TEXT"}]}
COMMAND: POST /session/02ea79fddde22fa81bffc0522714798c/element - {"using":"xpath","value":"//input[@id=\"application-manageconditionprice-display-component---newCondition--condRU-inner\"]"}
RESULT: {"using":"xpath","value":"//input[@id=\"application-manageconditionprice-display-component---newCondition--condRU-inner\"]"}
COMMAND: POST /session/02ea79fddde22fa81bffc0522714798c/element/f.CB997DD3A6212A0539B4B9AD4CB02789.d.28086D720F19461EB30B7165D79EE247.e.15165/clear - {}
RESULT: {}
COMMAND: POST /session/02ea79fddde22fa81bffc0522714798c/element/f.CB997DD3A6212A0539B4B9AD4CB02789.d.28086D720F19461EB30B7165D79EE247.e.15165/value - {"text":"co6BCpmayy"}
COMMAND: GET /session/02ea79fddde22fa81bffc0522714798c/screenshot - {}
RESULT: {"text":"co6BCpmayy"}
COMMAND: GET /session/02ea79fddde22fa81bffc0522714798c/screenshot - {}
RESULT: {}
RESULT: {}
COMMAND: POST /session/02ea79fddde22fa81bffc0522714798c/actions - {"actions":[{"id":"action56","type":"key","parameters":{},"actions":[{"type":"keyDown","value":"î€‡"},{"type":"pause","duration":10},{"type":"keyUp","value":"î€‡"}]}]}
RESULT: {"actions":[{"id":"action56","type":"key","parameters":{},"actions":[{"type":"keyDown","value":"î€‡"},{"type":"pause","duration":10},{"type":"keyUp","value":"î€‡"}]}]}
COMMAND: POST /session/02ea79fddde22fa81bffc0522714798c/execute/async - {"script":"<script> [1562 bytes]","args":[{"selector":{"id":"application-manageconditionprice-display-component---newCondition--condBaseQty","interaction":{"idSuffix":"inner"}},"wdio_ui5_key":"applicationmanageconditionprice-display-component---newCondition--condBaseQty"}]}
COMMAND: GET /session/02ea79fddde22fa81bffc0522714798c/screenshot - {}
RESULT: {"script":"<script> [1562 bytes]","args":[{"selector":{"id":"application-manageconditionprice-display-component---newCondition--condBaseQty","interaction":{"idSuffix":"inner"}},"wdio_ui5_key":"applicationmanageconditionprice-display-component---newCondition--condBaseQty"}]}
RESULT: undefined
COMMAND: POST /session/02ea79fddde22fa81bffc0522714798c/execute/async - {"script":"<script> [776 bytes]","args":[{"enterText":"1","selector":{"id":"application-manageconditionprice-display-component---newCondition--condBaseQty","interaction":{"idSuffix":"inner"}},"clearTextFirst":true,"interactionType":"ENTER_TEXT"}]}
RESULT: {}
RESULT: {"script":"<script> [776 bytes]","args":[{"enterText":"1","selector":{"id":"application-manageconditionprice-display-component---newCondition--condBaseQty","interaction":{"idSuffix":"inner"}},"clearTextFirst":true,"interactionType":"ENTER_TEXT"}]}
COMMAND: POST /session/02ea79fddde22fa81bffc0522714798c/execute/async - {"script":"<script> [1562 bytes]","args":[{"selector":{"id":"application-manageconditionprice-display-component---newCondition--condValue","interaction":{"idSuffix":"inner"}},"wdio_ui5_key":"applicationmanageconditionprice-display-component---newCondition--condValue"}]}
RESULT: {"script":"<script> [1562 bytes]","args":[{"selector":{"id":"application-manageconditionprice-display-component---newCondition--condValue","interaction":{"idSuffix":"inner"}},"wdio_ui5_key":"applicationmanageconditionprice-display-component---newCondition--condValue"}]}
RESULT: undefined
COMMAND: POST /session/02ea79fddde22fa81bffc0522714798c/execute/async - {"script":"<script> [776 bytes]","args":[{"enterText":"10","selector":{"id":"application-manageconditionprice-display-component---newCondition--condValue","interaction":{"idSuffix":"inner"}},"clearTextFirst":true,"interactionType":"ENTER_TEXT"}]}
RESULT: {"script":"<script> [776 bytes]","args":[{"enterText":"10","selector":{"id":"application-manageconditionprice-display-component---newCondition--condValue","interaction":{"idSuffix":"inner"}},"clearTextFirst":true,"interactionType":"ENTER_TEXT"}]}
COMMAND: POST /session/02ea79fddde22fa81bffc0522714798c/execute/async - {"script":"<script> [1562 bytes]","args":[{"selector":{"id":"application-manageconditionprice-display-component---newCondition--condCurr-arrow"},"wdio_ui5_key":"applicationmanageconditionprice-display-component---newCondition--condCurr-arrow"}]}
RESULT: {"script":"<script> [1562 bytes]","args":[{"selector":{"id":"application-manageconditionprice-display-component---newCondition--condCurr-arrow"},"wdio_ui5_key":"applicationmanageconditionprice-display-component---newCondition--condCurr-arrow"}]}
RESULT: undefined
COMMAND: POST /session/02ea79fddde22fa81bffc0522714798c/element - {"using":"xpath","value":"//*[@id=\"application-manageconditionprice-display-component---newCondition--condCurr-arrow\"]"}
RESULT: {"using":"xpath","value":"//*[@id=\"application-manageconditionprice-display-component---newCondition--condCurr-arrow\"]"}
COMMAND: POST /session/02ea79fddde22fa81bffc0522714798c/element/f.CB997DD3A6212A0539B4B9AD4CB02789.d.28086D720F19461EB30B7165D79EE247.e.15281/click - {}
RESULT: {}
COMMAND: POST /session/02ea79fddde22fa81bffc0522714798c/element - {"using":"xpath","value":"//span[contains(text(), \"Euro\")]"}
COMMAND: GET /session/02ea79fddde22fa81bffc0522714798c/screenshot - {}
RESULT: {"using":"xpath","value":"//span[contains(text(), \"Euro\")]"}
COMMAND: POST /session/02ea79fddde22fa81bffc0522714798c/element/f.CB997DD3A6212A0539B4B9AD4CB02789.d.28086D720F19461EB30B7165D79EE247.e.15337/click - {}
RESULT: {}
RESULT: {}
COMMAND: POST /session/02ea79fddde22fa81bffc0522714798c/element - {"using":"xpath","value":"//button[@data-kt=\"saveButton\"]"}
COMMAND: GET /session/02ea79fddde22fa81bffc0522714798c/screenshot - {}
RESULT: {"using":"xpath","value":"//button[@data-kt=\"saveButton\"]"}
COMMAND: POST /session/02ea79fddde22fa81bffc0522714798c/element/f.CB997DD3A6212A0539B4B9AD4CB02789.d.28086D720F19461EB30B7165D79EE247.e.15282/click - {}
RESULT: {}
RESULT: {}
COMMAND: GET /session/02ea79fddde22fa81bffc0522714798c/screenshot - {}
RESULT: {}
COMMAND: POST /session/02ea79fddde22fa81bffc0522714798c/execute/async - {"script":"<script> [1562 bytes]","args":[{"selector":{"id":"application-manageconditionprice-display-component---conditions--smartFilterBar-btnBasicSearch","interaction":{"idSuffix":"I"}},"wdio_ui5_key":"applicationmanageconditionprice-display-component---conditions--smartFilterBar-btnBasicSearch"}]}
RESULT: {"script":"<script> [1562 bytes]","args":[{"selector":{"id":"application-manageconditionprice-display-component---conditions--smartFilterBar-btnBasicSearch","interaction":{"idSuffix":"I"}},"wdio_ui5_key":"applicationmanageconditionprice-display-component---conditions--smartFilterBar-btnBasicSearch"}]}
RESULT: undefined
COMMAND: POST /session/02ea79fddde22fa81bffc0522714798c/execute/async - {"script":"<script> [776 bytes]","args":[{"enterText":"co6BCpmayy","selector":{"id":"application-manageconditionprice-display-component---conditions--smartFilterBar-btnBasicSearch","interaction":{"idSuffix":"I"}},"clearTextFirst":true,"interactionType":"ENTER_TEXT"}]}
RESULT: {"script":"<script> [776 bytes]","args":[{"enterText":"co6BCpmayy","selector":{"id":"application-manageconditionprice-display-component---conditions--smartFilterBar-btnBasicSearch","interaction":{"idSuffix":"I"}},"clearTextFirst":true,"interactionType":"ENTER_TEXT"}]}
COMMAND: POST /session/02ea79fddde22fa81bffc0522714798c/actions - {"actions":[{"id":"action57","type":"key","parameters":{},"actions":[{"type":"keyDown","value":"î€‡"},{"type":"pause","duration":10},{"type":"keyUp","value":"î€‡"}]}]}
RESULT: {"actions":[{"id":"action57","type":"key","parameters":{},"actions":[{"type":"keyDown","value":"î€‡"},{"type":"pause","duration":10},{"type":"keyUp","value":"î€‡"}]}]}
COMMAND: GET /session/02ea79fddde22fa81bffc0522714798c/screenshot - {}
RESULT: {}
COMMAND: POST /session/02ea79fddde22fa81bffc0522714798c/execute/async - {"script":"<script> [1562 bytes]","args":[{"selector":{"id":"application-manageconditionprice-display-component---conditions--smartFilterBar-filterItemControl_BASIC-BILL_TYPES-vhi"},"wdio_ui5_key":"applicationmanageconditionprice-display-component---conditions--smartFilterBar-filterItemControl_BASIC-BILL_TYPES-vhi"}]}
RESULT: {"script":"<script> [1562 bytes]","args":[{"selector":{"id":"application-manageconditionprice-display-component---conditions--smartFilterBar-filterItemControl_BASIC-BILL_TYPES-vhi"},"wdio_ui5_key":"applicationmanageconditionprice-display-component---conditions--smartFilterBar-filterItemControl_BASIC-BILL_TYPES-vhi"}]}
RESULT: undefined
COMMAND: POST /session/02ea79fddde22fa81bffc0522714798c/element - {"using":"xpath","value":"//*[@id=\"application-manageconditionprice-display-component---conditions--smartFilterBar-filterItemControl_BASIC-BILL_TYPES-vhi\"]"}
RESULT: {"using":"xpath","value":"//*[@id=\"application-manageconditionprice-display-component---conditions--smartFilterBar-filterItemControl_BASIC-BILL_TYPES-vhi\"]"}
COMMAND: POST /session/02ea79fddde22fa81bffc0522714798c/element/f.CB997DD3A6212A0539B4B9AD4CB02789.d.28086D720F19461EB30B7165D79EE247.e.15354/click - {}
RESULT: {}
COMMAND: POST /session/02ea79fddde22fa81bffc0522714798c/execute/async - {"script":"<script> [1562 bytes]","args":[{"selector":{"id":"application-manageconditionprice-display-component---conditions--smartFilterBar-filterItemControl_BASIC-BILL_TYPES-valueHelpDialog-smartFilterBar-btnBasicSearch","searchOpenDialogs":true,"interaction":{"idSuffix":"I"}},"wdio_ui5_key":"applicationmanageconditionprice-display-component---conditions--smartFilterBar-filterItemControl_BASIC-BILL_TYPES-valueHelpDialog-smartFilterBar-btnBasicSearch"}]}
COMMAND: GET /session/02ea79fddde22fa81bffc0522714798c/screenshot - {}
RESULT: {"script":"<script> [1562 bytes]","args":[{"selector":{"id":"application-manageconditionprice-display-component---conditions--smartFilterBar-filterItemControl_BASIC-BILL_TYPES-valueHelpDialog-smartFilterBar-btnBasicSearch","searchOpenDialogs":true,"interaction":{"idSuffix":"I"}},"wdio_ui5_key":"applicationmanageconditionprice-display-component---conditions--smartFilterBar-filterItemControl_BASIC-BILL_TYPES-valueHelpDialog-smartFilterBar-btnBasicSearch"}]}
RESULT: undefined
COMMAND: POST /session/02ea79fddde22fa81bffc0522714798c/execute/async - {"script":"<script> [776 bytes]","args":[{"enterText":"PB","selector":{"id":"application-manageconditionprice-display-component---conditions--smartFilterBar-filterItemControl_BASIC-BILL_TYPES-valueHelpDialog-smartFilterBar-btnBasicSearch","searchOpenDialogs":true,"interaction":{"idSuffix":"I"}},"clearTextFirst":true,"interactionType":"ENTER_TEXT"}]}
RESULT: {}
RESULT: {"script":"<script> [776 bytes]","args":[{"enterText":"PB","selector":{"id":"application-manageconditionprice-display-component---conditions--smartFilterBar-filterItemControl_BASIC-BILL_TYPES-valueHelpDialog-smartFilterBar-btnBasicSearch","searchOpenDialogs":true,"interaction":{"idSuffix":"I"}},"clearTextFirst":true,"interactionType":"ENTER_TEXT"}]}
COMMAND: POST /session/02ea79fddde22fa81bffc0522714798c/actions - {"actions":[{"id":"action58","type":"key","parameters":{},"actions":[{"type":"keyDown","value":"î€‡"},{"type":"pause","duration":10},{"type":"keyUp","value":"î€‡"}]}]}
RESULT: {"actions":[{"id":"action58","type":"key","parameters":{},"actions":[{"type":"keyDown","value":"î€‡"},{"type":"pause","duration":10},{"type":"keyUp","value":"î€‡"}]}]}
COMMAND: GET /session/02ea79fddde22fa81bffc0522714798c/screenshot - {}
RESULT: {}
COMMAND: POST /session/02ea79fddde22fa81bffc0522714798c/element - {"using":"xpath","value":"//div[contains(@id, 'application-manageconditionprice-display-component---conditions--smartFilterBar-filterItemControl_BASIC-BILL_TYPES-valueHelpDialog-table-rowsel0')]"}
RESULT: {"using":"xpath","value":"//div[contains(@id, 'application-manageconditionprice-display-component---conditions--smartFilterBar-filterItemControl_BASIC-BILL_TYPES-valueHelpDialog-table-rowsel0')]"}
COMMAND: POST /session/02ea79fddde22fa81bffc0522714798c/element/f.CB997DD3A6212A0539B4B9AD4CB02789.d.28086D720F19461EB30B7165D79EE247.e.15364/click - {}
RESULT: {}
COMMAND: GET /session/02ea79fddde22fa81bffc0522714798c/screenshot - {}
RESULT: {}
COMMAND: POST /session/02ea79fddde22fa81bffc0522714798c/element - {"using":"xpath","value":"//bdi[contains(text(), \"OK\")]"}
RESULT: {"using":"xpath","value":"//bdi[contains(text(), \"OK\")]"}
COMMAND: POST /session/02ea79fddde22fa81bffc0522714798c/element/f.CB997DD3A6212A0539B4B9AD4CB02789.d.28086D720F19461EB30B7165D79EE247.e.15366/click - {}
RESULT: {}
COMMAND: GET /session/02ea79fddde22fa81bffc0522714798c/screenshot - {}
RESULT: {}
COMMAND: POST /session/02ea79fddde22fa81bffc0522714798c/element - {"using":"xpath","value":"//span[@id=\"application-manageconditionprice-display-component---conditions--smartTable-header-inner\"]"}
RESULT: {"using":"xpath","value":"//span[@id=\"application-manageconditionprice-display-component---conditions--smartTable-header-inner\"]"}
COMMAND: POST /session/02ea79fddde22fa81bffc0522714798c/elements - {"using":"xpath","value":"//span[@id=\"application-manageconditionprice-display-component---conditions--smartTable-header-inner\"]"}
RESULT: {"using":"xpath","value":"//span[@id=\"application-manageconditionprice-display-component---conditions--smartTable-header-inner\"]"}
COMMAND: POST /session/02ea79fddde22fa81bffc0522714798c/execute/sync - {"script":"<script> [56 bytes]","args":[{"element-6066-11e4-a52e-4f735466cecf":"f.CB997DD3A6212A0539B4B9AD4CB02789.d.28086D720F19461EB30B7165D79EE247.e.15369","ELEMENT":"f.CB997DD3A6212A0539B4B9AD4CB02789.d.28086D720F19461EB30B7165D79EE247.e.15369"}]}
RESULT: {"script":"<script> [56 bytes]","args":[{"element-6066-11e4-a52e-4f735466cecf":"f.CB997DD3A6212A0539B4B9AD4CB02789.d.28086D720F19461EB30B7165D79EE247.e.15369","ELEMENT":"f.CB997DD3A6212A0539B4B9AD4CB02789.d.28086D720F19461EB30B7165D79EE247.e.15369"}]}
COMMAND: POST /session/02ea79fddde22fa81bffc0522714798c/element - {"using":"css selector","value":"#shell-header-logo"}
COMMAND: GET /session/02ea79fddde22fa81bffc0522714798c/screenshot - {}
RESULT: {"using":"css selector","value":"#shell-header-logo"}
COMMAND: POST /session/02ea79fddde22fa81bffc0522714798c/element/f.CB997DD3A6212A0539B4B9AD4CB02789.d.28086D720F19461EB30B7165D79EE247.e.15090/click - {}
RESULT: {}
RESULT: {}
COMMAND: GET /session/02ea79fddde22fa81bffc0522714798c/screenshot - {}
RESULT: {}
]]></system-out>
    </testcase>
    <testcase classname="chrome.135_0_7049_96.windows.Performance_based_billing_(work_days)_US139742" name="Should add a counter to the equipment" time="46.822">
      <system-out><![CDATA[
RESULT: undefined
COMMAND: POST /session/02ea79fddde22fa81bffc0522714798c/element - {"using":"xpath","value":"//*[@id=\"__tile39\"]"}
RESULT: {"using":"xpath","value":"//*[@id=\"__tile39\"]"}
COMMAND: POST /session/02ea79fddde22fa81bffc0522714798c/element/f.CB997DD3A6212A0539B4B9AD4CB02789.d.28086D720F19461EB30B7165D79EE247.e.14136/click - {}
RESULT: {}
COMMAND: POST /session/02ea79fddde22fa81bffc0522714798c/execute/async - {"script":"<script> [1562 bytes]","args":[{"selector":{"id":"application-manageresources-display-component---masterRU--smartFilterBar-btnBasicSearch","interaction":{"idSuffix":"I"}},"wdio_ui5_key":"applicationmanageresources-display-component---masterRU--smartFilterBar-btnBasicSearch"}]}
COMMAND: GET /session/02ea79fddde22fa81bffc0522714798c/screenshot - {}
RESULT: {"script":"<script> [1562 bytes]","args":[{"selector":{"id":"application-manageresources-display-component---masterRU--smartFilterBar-btnBasicSearch","interaction":{"idSuffix":"I"}},"wdio_ui5_key":"applicationmanageresources-display-component---masterRU--smartFilterBar-btnBasicSearch"}]}
RESULT: undefined
COMMAND: POST /session/02ea79fddde22fa81bffc0522714798c/execute/async - {"script":"<script> [776 bytes]","args":[{"enterText":"co6BCpmayy","selector":{"id":"application-manageresources-display-component---masterRU--smartFilterBar-btnBasicSearch","interaction":{"idSuffix":"I"}},"clearTextFirst":true,"interactionType":"ENTER_TEXT"}]}
RESULT: {}
RESULT: {"script":"<script> [776 bytes]","args":[{"enterText":"co6BCpmayy","selector":{"id":"application-manageresources-display-component---masterRU--smartFilterBar-btnBasicSearch","interaction":{"idSuffix":"I"}},"clearTextFirst":true,"interactionType":"ENTER_TEXT"}]}
COMMAND: POST /session/02ea79fddde22fa81bffc0522714798c/actions - {"actions":[{"id":"action59","type":"key","parameters":{},"actions":[{"type":"keyDown","value":"î€‡"},{"type":"pause","duration":10},{"type":"keyUp","value":"î€‡"}]}]}
RESULT: {"actions":[{"id":"action59","type":"key","parameters":{},"actions":[{"type":"keyDown","value":"î€‡"},{"type":"pause","duration":10},{"type":"keyUp","value":"î€‡"}]}]}
COMMAND: GET /session/02ea79fddde22fa81bffc0522714798c/screenshot - {}
RESULT: {}
COMMAND: POST /session/02ea79fddde22fa81bffc0522714798c/execute/async - {"script":"<script> [1562 bytes]","args":[{"selector":{"id":"application-manageresources-display-component---masterRU--smartTable-header"},"wdio_ui5_key":"applicationmanageresources-display-component---masterRU--smartTable-header"}]}
RESULT: {"script":"<script> [1562 bytes]","args":[{"selector":{"id":"application-manageresources-display-component---masterRU--smartTable-header"},"wdio_ui5_key":"applicationmanageresources-display-component---masterRU--smartTable-header"}]}
RESULT: undefined
COMMAND: POST /session/02ea79fddde22fa81bffc0522714798c/execute/async - {"script":"<script> [6424 bytes]","args":[{"element-6066-11e4-a52e-4f735466cecf":"f.CB997DD3A6212A0539B4B9AD4CB02789.d.28086D720F19461EB30B7165D79EE247.e.15570"},"getText",[]]}
RESULT: {"script":"<script> [6424 bytes]","args":[{"element-6066-11e4-a52e-4f735466cecf":"f.CB997DD3A6212A0539B4B9AD4CB02789.d.28086D720F19461EB30B7165D79EE247.e.15570"},"getText",[]]}
COMMAND: POST /session/02ea79fddde22fa81bffc0522714798c/execute/async - {"script":"<script> [1562 bytes]","args":[{"selector":{"controlType":"sap.ui.core.Icon","viewName":"etm.portal.ui.manageresources.view.Master","viewId":"application-manageresources-display-component---masterRU","properties":{"src":{"regex":{"source":"slim\\-arrow\\-right"}}}},"wdio_ui5_key":"etmportal.ui.manageresources.view.Mastersap.ui.core.Icon{\"src\":{\"regex\":{\"source\":\"slim\\\\-arrow\\\\-right\"}}}"}]}
RESULT: {"script":"<script> [1562 bytes]","args":[{"selector":{"controlType":"sap.ui.core.Icon","viewName":"etm.portal.ui.manageresources.view.Master","viewId":"application-manageresources-display-component---masterRU","properties":{"src":{"regex":{"source":"slim\\-arrow\\-right"}}}},"wdio_ui5_key":"etmportal.ui.manageresources.view.Mastersap.ui.core.Icon{\"src\":{\"regex\":{\"source\":\"slim\\\\-arrow\\\\-right\"}}}"}]}
RESULT: undefined
COMMAND: POST /session/02ea79fddde22fa81bffc0522714798c/element - {"using":"xpath","value":"//*[@id=\"__item839-__clone2115-imgNav\"]"}
RESULT: {"using":"xpath","value":"//*[@id=\"__item839-__clone2115-imgNav\"]"}
COMMAND: POST /session/02ea79fddde22fa81bffc0522714798c/element/f.CB997DD3A6212A0539B4B9AD4CB02789.d.28086D720F19461EB30B7165D79EE247.e.15569/click - {}
RESULT: {}
COMMAND: GET /session/02ea79fddde22fa81bffc0522714798c/screenshot - {}
COMMAND: POST /session/02ea79fddde22fa81bffc0522714798c/element - {"using":"xpath","value":"//bdi[contains(text(), \"Edit\")]"}
RESULT: {}
RESULT: {"using":"xpath","value":"//bdi[contains(text(), \"Edit\")]"}
COMMAND: POST /session/02ea79fddde22fa81bffc0522714798c/execute/sync - {"script":"<script> [8489 bytes]","args":[{"element-6066-11e4-a52e-4f735466cecf":"f.CB997DD3A6212A0539B4B9AD4CB02789.d.28086D720F19461EB30B7165D79EE247.e.15674","ELEMENT":"f.CB997DD3A6212A0539B4B9AD4CB02789.d.28086D720F19461EB30B7165D79EE247.e.15674"}]}
RESULT: {"script":"<script> [8489 bytes]","args":[{"element-6066-11e4-a52e-4f735466cecf":"f.CB997DD3A6212A0539B4B9AD4CB02789.d.28086D720F19461EB30B7165D79EE247.e.15674","ELEMENT":"f.CB997DD3A6212A0539B4B9AD4CB02789.d.28086D720F19461EB30B7165D79EE247.e.15674"}]}
COMMAND: POST /session/02ea79fddde22fa81bffc0522714798c/element/f.CB997DD3A6212A0539B4B9AD4CB02789.d.28086D720F19461EB30B7165D79EE247.e.15674/click - {}
COMMAND: GET /session/02ea79fddde22fa81bffc0522714798c/screenshot - {}
RESULT: {}
COMMAND: GET /session/02ea79fddde22fa81bffc0522714798c/screenshot - {}
RESULT: {}
RESULT: {}
COMMAND: POST /session/02ea79fddde22fa81bffc0522714798c/execute/async - {"script":"<script> [1562 bytes]","args":[{"selector":{"id":"application-manageresources-display-component---editResource--editRruPage-anchBar-application-manageresources-display-component---editResource--counters-anchor","interaction":{"idSuffix":"BDI-content"}},"wdio_ui5_key":"applicationmanageresources-display-component---editResource--editRruPage-anchBar-application-manageresources-display-component---editResource--counters-anchor"}]}
RESULT: {"script":"<script> [1562 bytes]","args":[{"selector":{"id":"application-manageresources-display-component---editResource--editRruPage-anchBar-application-manageresources-display-component---editResource--counters-anchor","interaction":{"idSuffix":"BDI-content"}},"wdio_ui5_key":"applicationmanageresources-display-component---editResource--editRruPage-anchBar-application-manageresources-display-component---editResource--counters-anchor"}]}
RESULT: undefined
COMMAND: POST /session/02ea79fddde22fa81bffc0522714798c/element - {"using":"xpath","value":"//*[@id=\"application-manageresources-display-component---editResource--editRruPage-anchBar-application-manageresources-display-component---editResource--counters-anchor\"]"}
RESULT: {"using":"xpath","value":"//*[@id=\"application-manageresources-display-component---editResource--editRruPage-anchBar-application-manageresources-display-component---editResource--counters-anchor\"]"}
COMMAND: POST /session/02ea79fddde22fa81bffc0522714798c/element/f.CB997DD3A6212A0539B4B9AD4CB02789.d.28086D720F19461EB30B7165D79EE247.e.15832/click - {}
RESULT: {}
COMMAND: GET /session/02ea79fddde22fa81bffc0522714798c/screenshot - {}
RESULT: {}
COMMAND: POST /session/02ea79fddde22fa81bffc0522714798c/execute/async - {"script":"<script> [1562 bytes]","args":[{"selector":{"id":"application-manageresources-display-component---editResource--btnAddCounter-img"},"wdio_ui5_key":"applicationmanageresources-display-component---editResource--btnAddCounter-img"}]}
RESULT: {"script":"<script> [1562 bytes]","args":[{"selector":{"id":"application-manageresources-display-component---editResource--btnAddCounter-img"},"wdio_ui5_key":"applicationmanageresources-display-component---editResource--btnAddCounter-img"}]}
RESULT: undefined
COMMAND: POST /session/02ea79fddde22fa81bffc0522714798c/element - {"using":"xpath","value":"//*[@id=\"application-manageresources-display-component---editResource--btnAddCounter-img\"]"}
RESULT: {"using":"xpath","value":"//*[@id=\"application-manageresources-display-component---editResource--btnAddCounter-img\"]"}
COMMAND: POST /session/02ea79fddde22fa81bffc0522714798c/element/f.CB997DD3A6212A0539B4B9AD4CB02789.d.28086D720F19461EB30B7165D79EE247.e.15837/click - {}
RESULT: {}
COMMAND: POST /session/02ea79fddde22fa81bffc0522714798c/execute/async - {"script":"<script> [1562 bytes]","args":[{"selector":{"id":"application-manageresources-display-component---editResource--COUNTER_ID-application-manageresources-display-component---editResource--RUCounters-0-arrow"},"wdio_ui5_key":"applicationmanageresources-display-component---editResource--COUNTER_ID-application-manageresources-display-component---editResource--RUCounters-0-arrow"}]}
COMMAND: GET /session/02ea79fddde22fa81bffc0522714798c/screenshot - {}
RESULT: {"script":"<script> [1562 bytes]","args":[{"selector":{"id":"application-manageresources-display-component---editResource--COUNTER_ID-application-manageresources-display-component---editResource--RUCounters-0-arrow"},"wdio_ui5_key":"applicationmanageresources-display-component---editResource--COUNTER_ID-application-manageresources-display-component---editResource--RUCounters-0-arrow"}]}
RESULT: undefined
COMMAND: POST /session/02ea79fddde22fa81bffc0522714798c/element - {"using":"xpath","value":"//*[@id=\"application-manageresources-display-component---editResource--COUNTER_ID-application-manageresources-display-component---editResource--RUCounters-0-arrow\"]"}
RESULT: {}
RESULT: {"using":"xpath","value":"//*[@id=\"application-manageresources-display-component---editResource--COUNTER_ID-application-manageresources-display-component---editResource--RUCounters-0-arrow\"]"}
COMMAND: POST /session/02ea79fddde22fa81bffc0522714798c/element/f.CB997DD3A6212A0539B4B9AD4CB02789.d.28086D720F19461EB30B7165D79EE247.e.15851/click - {}
RESULT: {}
COMMAND: POST /session/02ea79fddde22fa81bffc0522714798c/execute/async - {"script":"<script> [1562 bytes]","args":[{"selector":{"controlType":"sap.m.StandardListItem","viewName":"etm.portal.ui.manageresources.view.EditResource","viewId":"application-manageresources-display-component---editResource","properties":{"title":"fuel"},"searchOpenDialogs":true,"interaction":{"idSuffix":"content"}},"wdio_ui5_key":"etmportal.ui.manageresources.view.EditResourcesap.m.StandardListItem{\"title\":\"fuel\"}"}]}
COMMAND: GET /session/02ea79fddde22fa81bffc0522714798c/screenshot - {}
RESULT: {"script":"<script> [1562 bytes]","args":[{"selector":{"controlType":"sap.m.StandardListItem","viewName":"etm.portal.ui.manageresources.view.EditResource","viewId":"application-manageresources-display-component---editResource","properties":{"title":"fuel"},"searchOpenDialogs":true,"interaction":{"idSuffix":"content"}},"wdio_ui5_key":"etmportal.ui.manageresources.view.EditResourcesap.m.StandardListItem{\"title\":\"fuel\"}"}]}
RESULT: undefined
COMMAND: POST /session/02ea79fddde22fa81bffc0522714798c/element - {"using":"xpath","value":"//*[@id=\"__item1144\"]"}
RESULT: {}
RESULT: {"using":"xpath","value":"//*[@id=\"__item1144\"]"}
COMMAND: POST /session/02ea79fddde22fa81bffc0522714798c/element/f.CB997DD3A6212A0539B4B9AD4CB02789.d.28086D720F19461EB30B7165D79EE247.e.15853/click - {}
RESULT: {}
COMMAND: POST /session/02ea79fddde22fa81bffc0522714798c/execute/async - {"script":"<script> [1562 bytes]","args":[{"selector":{"controlType":"sap.m.Button","viewName":"etm.portal.ui.manageresources.view.EditResource","viewId":"application-manageresources-display-component---editResource","i18NText":{"propertyName":"text","key":"save"},"interaction":{"idSuffix":"BDI-content"}},"wdio_ui5_key":"etmportal.ui.manageresources.view.EditResourcesap.m.Button{\"propertyName\":\"text\",\"key\":\"save\"}"}]}
COMMAND: GET /session/02ea79fddde22fa81bffc0522714798c/screenshot - {}
RESULT: {"script":"<script> [1562 bytes]","args":[{"selector":{"controlType":"sap.m.Button","viewName":"etm.portal.ui.manageresources.view.EditResource","viewId":"application-manageresources-display-component---editResource","i18NText":{"propertyName":"text","key":"save"},"interaction":{"idSuffix":"BDI-content"}},"wdio_ui5_key":"etmportal.ui.manageresources.view.EditResourcesap.m.Button{\"propertyName\":\"text\",\"key\":\"save\"}"}]}
RESULT: undefined
COMMAND: POST /session/02ea79fddde22fa81bffc0522714798c/element - {"using":"xpath","value":"//*[@id=\"__button172\"]"}
RESULT: {}
RESULT: {"using":"xpath","value":"//*[@id=\"__button172\"]"}
COMMAND: POST /session/02ea79fddde22fa81bffc0522714798c/element/f.CB997DD3A6212A0539B4B9AD4CB02789.d.28086D720F19461EB30B7165D79EE247.e.15855/click - {}
RESULT: {}
COMMAND: GET /session/02ea79fddde22fa81bffc0522714798c/screenshot - {}
RESULT: {}
COMMAND: POST /session/02ea79fddde22fa81bffc0522714798c/element - {"using":"css selector","value":"#shell-header-logo"}
RESULT: {"using":"css selector","value":"#shell-header-logo"}
COMMAND: POST /session/02ea79fddde22fa81bffc0522714798c/element/f.CB997DD3A6212A0539B4B9AD4CB02789.d.28086D720F19461EB30B7165D79EE247.e.15375/click - {}
RESULT: {}
COMMAND: GET /session/02ea79fddde22fa81bffc0522714798c/screenshot - {}
RESULT: {}
]]></system-out>
    </testcase>
    <testcase classname="chrome.135_0_7049_96.windows.Performance_based_billing_(work_days)_US139742" name="Should do a stock increase on the yard for the equipment" time="78.349">
      <system-out><![CDATA[
COMMAND: POST /session/02ea79fddde22fa81bffc0522714798c/execute/async - {"script":"<script> [1562 bytes]","args":[{"selector":{"controlType":"sap.m.Text","viewName":"etm.portal.ui.managehandoverstile.view.Master","properties":{"text":"Manage Handovers"},"interaction":{"idSuffix":"inner"}},"wdio_ui5_key":"etmportal.ui.managehandoverstile.view.Mastersap.m.Text{\"text\":\"Manage Handovers\"}"}]}
RESULT: {"script":"<script> [1562 bytes]","args":[{"selector":{"controlType":"sap.m.Text","viewName":"etm.portal.ui.managehandoverstile.view.Master","properties":{"text":"Manage Handovers"},"interaction":{"idSuffix":"inner"}},"wdio_ui5_key":"etmportal.ui.managehandoverstile.view.Mastersap.m.Text{\"text\":\"Manage Handovers\"}"}]}
RESULT: undefined
COMMAND: POST /session/02ea79fddde22fa81bffc0522714798c/element - {"using":"xpath","value":"//*[@id=\"__tile133-title\"]"}
RESULT: {"using":"xpath","value":"//*[@id=\"__tile133-title\"]"}
COMMAND: POST /session/02ea79fddde22fa81bffc0522714798c/element/f.CB997DD3A6212A0539B4B9AD4CB02789.d.28086D720F19461EB30B7165D79EE247.e.15864/click - {}
RESULT: {}
COMMAND: POST /session/02ea79fddde22fa81bffc0522714798c/element - {"using":"xpath","value":"//button[@data-kt=\"masterHOAddButton\"]"}
COMMAND: GET /session/02ea79fddde22fa81bffc0522714798c/screenshot - {}
RESULT: {"using":"xpath","value":"//button[@data-kt=\"masterHOAddButton\"]"}
COMMAND: POST /session/02ea79fddde22fa81bffc0522714798c/elements - {"using":"xpath","value":"//button[@data-kt=\"masterHOAddButton\"]"}
RESULT: {}
RESULT: {"using":"xpath","value":"//button[@data-kt=\"masterHOAddButton\"]"}
COMMAND: POST /session/02ea79fddde22fa81bffc0522714798c/elements - {"using":"xpath","value":"//button[@data-kt=\"masterHOAddButton\"]"}
RESULT: {"using":"xpath","value":"//button[@data-kt=\"masterHOAddButton\"]"}
COMMAND: POST /session/02ea79fddde22fa81bffc0522714798c/elements - {"using":"xpath","value":"//button[@data-kt=\"masterHOAddButton\"]"}
RESULT: {"using":"xpath","value":"//button[@data-kt=\"masterHOAddButton\"]"}
COMMAND: POST /session/02ea79fddde22fa81bffc0522714798c/elements - {"using":"xpath","value":"//button[@data-kt=\"masterHOAddButton\"]"}
RESULT: {"using":"xpath","value":"//button[@data-kt=\"masterHOAddButton\"]"}
COMMAND: POST /session/02ea79fddde22fa81bffc0522714798c/elements - {"using":"xpath","value":"//button[@data-kt=\"masterHOAddButton\"]"}
RESULT: {"using":"xpath","value":"//button[@data-kt=\"masterHOAddButton\"]"}
COMMAND: POST /session/02ea79fddde22fa81bffc0522714798c/elements - {"using":"xpath","value":"//button[@data-kt=\"masterHOAddButton\"]"}
RESULT: {"using":"xpath","value":"//button[@data-kt=\"masterHOAddButton\"]"}
COMMAND: POST /session/02ea79fddde22fa81bffc0522714798c/elements - {"using":"xpath","value":"//button[@data-kt=\"masterHOAddButton\"]"}
RESULT: {"using":"xpath","value":"//button[@data-kt=\"masterHOAddButton\"]"}
COMMAND: POST /session/02ea79fddde22fa81bffc0522714798c/elements - {"using":"xpath","value":"//button[@data-kt=\"masterHOAddButton\"]"}
RESULT: {"using":"xpath","value":"//button[@data-kt=\"masterHOAddButton\"]"}
COMMAND: POST /session/02ea79fddde22fa81bffc0522714798c/elements - {"using":"xpath","value":"//button[@data-kt=\"masterHOAddButton\"]"}
RESULT: {"using":"xpath","value":"//button[@data-kt=\"masterHOAddButton\"]"}
COMMAND: POST /session/02ea79fddde22fa81bffc0522714798c/elements - {"using":"xpath","value":"//button[@data-kt=\"masterHOAddButton\"]"}
RESULT: {"using":"xpath","value":"//button[@data-kt=\"masterHOAddButton\"]"}
COMMAND: POST /session/02ea79fddde22fa81bffc0522714798c/elements - {"using":"xpath","value":"//button[@data-kt=\"masterHOAddButton\"]"}
RESULT: {"using":"xpath","value":"//button[@data-kt=\"masterHOAddButton\"]"}
COMMAND: POST /session/02ea79fddde22fa81bffc0522714798c/elements - {"using":"xpath","value":"//button[@data-kt=\"masterHOAddButton\"]"}
RESULT: {"using":"xpath","value":"//button[@data-kt=\"masterHOAddButton\"]"}
COMMAND: POST /session/02ea79fddde22fa81bffc0522714798c/elements - {"using":"xpath","value":"//button[@data-kt=\"masterHOAddButton\"]"}
RESULT: {"using":"xpath","value":"//button[@data-kt=\"masterHOAddButton\"]"}
COMMAND: POST /session/02ea79fddde22fa81bffc0522714798c/element - {"using":"xpath","value":"//button[@data-kt=\"masterHOAddButton\"]"}
RESULT: {"using":"xpath","value":"//button[@data-kt=\"masterHOAddButton\"]"}
COMMAND: POST /session/02ea79fddde22fa81bffc0522714798c/execute/sync - {"script":"<script> [8489 bytes]","args":[{"element-6066-11e4-a52e-4f735466cecf":"f.CB997DD3A6212A0539B4B9AD4CB02789.d.28086D720F19461EB30B7165D79EE247.e.15894","ELEMENT":"f.CB997DD3A6212A0539B4B9AD4CB02789.d.28086D720F19461EB30B7165D79EE247.e.15894"}]}
RESULT: {"script":"<script> [8489 bytes]","args":[{"element-6066-11e4-a52e-4f735466cecf":"f.CB997DD3A6212A0539B4B9AD4CB02789.d.28086D720F19461EB30B7165D79EE247.e.15894","ELEMENT":"f.CB997DD3A6212A0539B4B9AD4CB02789.d.28086D720F19461EB30B7165D79EE247.e.15894"}]}
COMMAND: GET /session/02ea79fddde22fa81bffc0522714798c/element/f.CB997DD3A6212A0539B4B9AD4CB02789.d.28086D720F19461EB30B7165D79EE247.e.15894/enabled - {}
COMMAND: GET /session/02ea79fddde22fa81bffc0522714798c/screenshot - {}
RESULT: {}
COMMAND: POST /session/02ea79fddde22fa81bffc0522714798c/execute/sync - {"script":"<script> [8489 bytes]","args":[{"element-6066-11e4-a52e-4f735466cecf":"f.CB997DD3A6212A0539B4B9AD4CB02789.d.28086D720F19461EB30B7165D79EE247.e.15894","ELEMENT":"f.CB997DD3A6212A0539B4B9AD4CB02789.d.28086D720F19461EB30B7165D79EE247.e.15894"}]}
COMMAND: GET /session/02ea79fddde22fa81bffc0522714798c/screenshot - {}
RESULT: {}
RESULT: {"script":"<script> [8489 bytes]","args":[{"element-6066-11e4-a52e-4f735466cecf":"f.CB997DD3A6212A0539B4B9AD4CB02789.d.28086D720F19461EB30B7165D79EE247.e.15894","ELEMENT":"f.CB997DD3A6212A0539B4B9AD4CB02789.d.28086D720F19461EB30B7165D79EE247.e.15894"}]}
COMMAND: POST /session/02ea79fddde22fa81bffc0522714798c/execute/sync - {"script":"<script> [5351 bytes]","args":[{"element-6066-11e4-a52e-4f735466cecf":"f.CB997DD3A6212A0539B4B9AD4CB02789.d.28086D720F19461EB30B7165D79EE247.e.15894","ELEMENT":"f.CB997DD3A6212A0539B4B9AD4CB02789.d.28086D720F19461EB30B7165D79EE247.e.15894"}]}
COMMAND: GET /session/02ea79fddde22fa81bffc0522714798c/screenshot - {}
RESULT: {}
RESULT: {"script":"<script> [5351 bytes]","args":[{"element-6066-11e4-a52e-4f735466cecf":"f.CB997DD3A6212A0539B4B9AD4CB02789.d.28086D720F19461EB30B7165D79EE247.e.15894","ELEMENT":"f.CB997DD3A6212A0539B4B9AD4CB02789.d.28086D720F19461EB30B7165D79EE247.e.15894"}]}
COMMAND: POST /session/02ea79fddde22fa81bffc0522714798c/element/f.CB997DD3A6212A0539B4B9AD4CB02789.d.28086D720F19461EB30B7165D79EE247.e.15894/click - {}
COMMAND: GET /session/02ea79fddde22fa81bffc0522714798c/screenshot - {}
RESULT: {}
RESULT: {}
COMMAND: GET /session/02ea79fddde22fa81bffc0522714798c/screenshot - {}
RESULT: {}
RESULT: {}
COMMAND: POST /session/02ea79fddde22fa81bffc0522714798c/element - {"using":"xpath","value":"//span[contains(@id ,\"AddNewHO--typeSelect-arrow\")]"}
RESULT: {"using":"xpath","value":"//span[contains(@id ,\"AddNewHO--typeSelect-arrow\")]"}
COMMAND: POST /session/02ea79fddde22fa81bffc0522714798c/element/f.CB997DD3A6212A0539B4B9AD4CB02789.d.28086D720F19461EB30B7165D79EE247.e.16241/click - {}
RESULT: {}
COMMAND: GET /session/02ea79fddde22fa81bffc0522714798c/screenshot - {}
RESULT: {}
COMMAND: POST /session/02ea79fddde22fa81bffc0522714798c/element - {"using":"xpath","value":"(//li[contains(text(), \"stock increase yard\")])[1]"}
RESULT: {"using":"xpath","value":"(//li[contains(text(), \"stock increase yard\")])[1]"}
COMMAND: POST /session/02ea79fddde22fa81bffc0522714798c/element/f.CB997DD3A6212A0539B4B9AD4CB02789.d.28086D720F19461EB30B7165D79EE247.e.16242/click - {}
RESULT: {}
COMMAND: GET /session/02ea79fddde22fa81bffc0522714798c/screenshot - {}
RESULT: {}
COMMAND: POST /session/02ea79fddde22fa81bffc0522714798c/execute/async - {"script":"<script> [1562 bytes]","args":[{"selector":{"id":"application-managehandovers-display-component---AddNewHO--dueDate","interaction":{"idSuffix":"inner"}},"wdio_ui5_key":"applicationmanagehandovers-display-component---AddNewHO--dueDate"}]}
RESULT: {"script":"<script> [1562 bytes]","args":[{"selector":{"id":"application-managehandovers-display-component---AddNewHO--dueDate","interaction":{"idSuffix":"inner"}},"wdio_ui5_key":"applicationmanagehandovers-display-component---AddNewHO--dueDate"}]}
RESULT: undefined
COMMAND: POST /session/02ea79fddde22fa81bffc0522714798c/execute/async - {"script":"<script> [6424 bytes]","args":[{"element-6066-11e4-a52e-4f735466cecf":"f.CB997DD3A6212A0539B4B9AD4CB02789.d.28086D720F19461EB30B7165D79EE247.e.16244"},"setValue",["04/28/2025"]]}
RESULT: {"script":"<script> [6424 bytes]","args":[{"element-6066-11e4-a52e-4f735466cecf":"f.CB997DD3A6212A0539B4B9AD4CB02789.d.28086D720F19461EB30B7165D79EE247.e.16244"},"setValue",["04/28/2025"]]}
COMMAND: POST /session/02ea79fddde22fa81bffc0522714798c/element - {"using":"xpath","value":"//input[@id=\"generalSectionFrg--receiveYard-inner\"]"}
RESULT: {"using":"xpath","value":"//input[@id=\"generalSectionFrg--receiveYard-inner\"]"}
COMMAND: POST /session/02ea79fddde22fa81bffc0522714798c/element/f.CB997DD3A6212A0539B4B9AD4CB02789.d.28086D720F19461EB30B7165D79EE247.e.16250/clear - {}
RESULT: {}
COMMAND: POST /session/02ea79fddde22fa81bffc0522714798c/element/f.CB997DD3A6212A0539B4B9AD4CB02789.d.28086D720F19461EB30B7165D79EE247.e.16250/value - {"text":"347"}
COMMAND: GET /session/02ea79fddde22fa81bffc0522714798c/screenshot - {}
RESULT: {"text":"347"}
COMMAND: GET /session/02ea79fddde22fa81bffc0522714798c/screenshot - {}
RESULT: {}
RESULT: {}
COMMAND: POST /session/02ea79fddde22fa81bffc0522714798c/element - {"using":"xpath","value":"//li[.//span[text()='347']]"}
RESULT: {"using":"xpath","value":"//li[.//span[text()='347']]"}
COMMAND: POST /session/02ea79fddde22fa81bffc0522714798c/element/f.CB997DD3A6212A0539B4B9AD4CB02789.d.28086D720F19461EB30B7165D79EE247.e.16268/click - {}
RESULT: {}
COMMAND: GET /session/02ea79fddde22fa81bffc0522714798c/screenshot - {}
RESULT: {}
COMMAND: POST /session/02ea79fddde22fa81bffc0522714798c/execute/async - {"script":"<script> [1562 bytes]","args":[{"selector":{"id":"application-managehandovers-display-component---AddNewHO--ObjectPageLayout-anchBar-application-managehandovers-display-component---AddNewHO--section4-anchor","interaction":{"idSuffix":"BDI-content"}},"wdio_ui5_key":"applicationmanagehandovers-display-component---AddNewHO--ObjectPageLayout-anchBar-application-managehandovers-display-component---AddNewHO--section4-anchor"}]}
RESULT: {"script":"<script> [1562 bytes]","args":[{"selector":{"id":"application-managehandovers-display-component---AddNewHO--ObjectPageLayout-anchBar-application-managehandovers-display-component---AddNewHO--section4-anchor","interaction":{"idSuffix":"BDI-content"}},"wdio_ui5_key":"applicationmanagehandovers-display-component---AddNewHO--ObjectPageLayout-anchBar-application-managehandovers-display-component---AddNewHO--section4-anchor"}]}
RESULT: undefined
COMMAND: POST /session/02ea79fddde22fa81bffc0522714798c/element - {"using":"xpath","value":"//*[@id=\"application-managehandovers-display-component---AddNewHO--ObjectPageLayout-anchBar-application-managehandovers-display-component---AddNewHO--section4-anchor\"]"}
RESULT: {"using":"xpath","value":"//*[@id=\"application-managehandovers-display-component---AddNewHO--ObjectPageLayout-anchBar-application-managehandovers-display-component---AddNewHO--section4-anchor\"]"}
COMMAND: POST /session/02ea79fddde22fa81bffc0522714798c/element/f.CB997DD3A6212A0539B4B9AD4CB02789.d.28086D720F19461EB30B7165D79EE247.e.16270/click - {}
RESULT: {}
COMMAND: POST /session/02ea79fddde22fa81bffc0522714798c/element - {"using":"xpath","value":"//button[@aria-label=\"Add\"]"}
COMMAND: GET /session/02ea79fddde22fa81bffc0522714798c/screenshot - {}
RESULT: {"using":"xpath","value":"//button[@aria-label=\"Add\"]"}
COMMAND: POST /session/02ea79fddde22fa81bffc0522714798c/element/f.CB997DD3A6212A0539B4B9AD4CB02789.d.28086D720F19461EB30B7165D79EE247.e.16272/click - {}
RESULT: {}
RESULT: {}
COMMAND: GET /session/02ea79fddde22fa81bffc0522714798c/screenshot - {}
RESULT: {}
COMMAND: POST /session/02ea79fddde22fa81bffc0522714798c/execute/async - {"script":"<script> [1562 bytes]","args":[{"selector":{"id":"application-managehandovers-display-component---AddNewHO--smartFilterBar-btnBasicSearch","searchOpenDialogs":true,"interaction":{"idSuffix":"I"}},"wdio_ui5_key":"applicationmanagehandovers-display-component---AddNewHO--smartFilterBar-btnBasicSearch"}]}
RESULT: {"script":"<script> [1562 bytes]","args":[{"selector":{"id":"application-managehandovers-display-component---AddNewHO--smartFilterBar-btnBasicSearch","searchOpenDialogs":true,"interaction":{"idSuffix":"I"}},"wdio_ui5_key":"applicationmanagehandovers-display-component---AddNewHO--smartFilterBar-btnBasicSearch"}]}
RESULT: undefined
COMMAND: POST /session/02ea79fddde22fa81bffc0522714798c/execute/async - {"script":"<script> [776 bytes]","args":[{"enterText":"co6BCpmayy","selector":{"id":"application-managehandovers-display-component---AddNewHO--smartFilterBar-btnBasicSearch","searchOpenDialogs":true,"interaction":{"idSuffix":"I"}},"clearTextFirst":true,"interactionType":"ENTER_TEXT"}]}
RESULT: {"script":"<script> [776 bytes]","args":[{"enterText":"co6BCpmayy","selector":{"id":"application-managehandovers-display-component---AddNewHO--smartFilterBar-btnBasicSearch","searchOpenDialogs":true,"interaction":{"idSuffix":"I"}},"clearTextFirst":true,"interactionType":"ENTER_TEXT"}]}
COMMAND: POST /session/02ea79fddde22fa81bffc0522714798c/actions - {"actions":[{"id":"action60","type":"key","parameters":{},"actions":[{"type":"keyDown","value":"î€‡"},{"type":"pause","duration":10},{"type":"keyUp","value":"î€‡"}]}]}
RESULT: {"actions":[{"id":"action60","type":"key","parameters":{},"actions":[{"type":"keyDown","value":"î€‡"},{"type":"pause","duration":10},{"type":"keyUp","value":"î€‡"}]}]}
COMMAND: GET /session/02ea79fddde22fa81bffc0522714798c/screenshot - {}
RESULT: {}
COMMAND: POST /session/02ea79fddde22fa81bffc0522714798c/execute/async - {"script":"<script> [1562 bytes]","args":[{"selector":{"id":"application-managehandovers-display-component---AddNewHO--popup-sa","searchOpenDialogs":true,"interaction":{"idSuffix":"CbBg"}},"wdio_ui5_key":"applicationmanagehandovers-display-component---AddNewHO--popup-sa"}]}
RESULT: {"script":"<script> [1562 bytes]","args":[{"selector":{"id":"application-managehandovers-display-component---AddNewHO--popup-sa","searchOpenDialogs":true,"interaction":{"idSuffix":"CbBg"}},"wdio_ui5_key":"applicationmanagehandovers-display-component---AddNewHO--popup-sa"}]}
RESULT: undefined
COMMAND: POST /session/02ea79fddde22fa81bffc0522714798c/element - {"using":"xpath","value":"//*[@id=\"application-managehandovers-display-component---AddNewHO--popup-sa\"]"}
RESULT: {"using":"xpath","value":"//*[@id=\"application-managehandovers-display-component---AddNewHO--popup-sa\"]"}
COMMAND: POST /session/02ea79fddde22fa81bffc0522714798c/element/f.CB997DD3A6212A0539B4B9AD4CB02789.d.28086D720F19461EB30B7165D79EE247.e.16423/click - {}
RESULT: {}
COMMAND: GET /session/02ea79fddde22fa81bffc0522714798c/screenshot - {}
RESULT: {}
COMMAND: POST /session/02ea79fddde22fa81bffc0522714798c/element - {"using":"xpath","value":"//bdi[contains(text(), \"Select\")]"}
RESULT: {"using":"xpath","value":"//bdi[contains(text(), \"Select\")]"}
COMMAND: POST /session/02ea79fddde22fa81bffc0522714798c/element/f.CB997DD3A6212A0539B4B9AD4CB02789.d.28086D720F19461EB30B7165D79EE247.e.16424/click - {}
RESULT: {}
COMMAND: GET /session/02ea79fddde22fa81bffc0522714798c/screenshot - {}
RESULT: {}
COMMAND: POST /session/02ea79fddde22fa81bffc0522714798c/element - {"using":"xpath","value":"//button[@data-kt=\"AddNewHOSaveButton\"]"}
RESULT: {"using":"xpath","value":"//button[@data-kt=\"AddNewHOSaveButton\"]"}
COMMAND: POST /session/02ea79fddde22fa81bffc0522714798c/element/f.CB997DD3A6212A0539B4B9AD4CB02789.d.28086D720F19461EB30B7165D79EE247.e.16428/click - {}
RESULT: {}
COMMAND: GET /session/02ea79fddde22fa81bffc0522714798c/screenshot - {}
RESULT: {}
COMMAND: POST /session/02ea79fddde22fa81bffc0522714798c/execute/async - {"script":"<script> [1562 bytes]","args":[{"selector":{"id":"receiptDatePicker","viewName":"etm.portal.ui.managehandovers.view.DetailExecuteHO","interaction":{"idSuffix":"inner"}},"wdio_ui5_key":"receiptDatePickeretmportal.ui.managehandovers.view.DetailExecuteHO"}]}
RESULT: {"script":"<script> [1562 bytes]","args":[{"selector":{"id":"receiptDatePicker","viewName":"etm.portal.ui.managehandovers.view.DetailExecuteHO","interaction":{"idSuffix":"inner"}},"wdio_ui5_key":"receiptDatePickeretmportal.ui.managehandovers.view.DetailExecuteHO"}]}
RESULT: undefined
COMMAND: POST /session/02ea79fddde22fa81bffc0522714798c/execute/async - {"script":"<script> [6424 bytes]","args":[{"element-6066-11e4-a52e-4f735466cecf":"f.CB997DD3A6212A0539B4B9AD4CB02789.d.28086D720F19461EB30B7165D79EE247.e.16459"},"setValue",["04/28/2025"]]}
RESULT: {"script":"<script> [6424 bytes]","args":[{"element-6066-11e4-a52e-4f735466cecf":"f.CB997DD3A6212A0539B4B9AD4CB02789.d.28086D720F19461EB30B7165D79EE247.e.16459"},"setValue",["04/28/2025"]]}
COMMAND: POST /session/02ea79fddde22fa81bffc0522714798c/element - {"using":"xpath","value":"//button[@data-kt=\"PickingTableConfirmAllButton\"]"}
RESULT: {"using":"xpath","value":"//button[@data-kt=\"PickingTableConfirmAllButton\"]"}
COMMAND: POST /session/02ea79fddde22fa81bffc0522714798c/element/f.CB997DD3A6212A0539B4B9AD4CB02789.d.28086D720F19461EB30B7165D79EE247.e.16474/click - {}
RESULT: {}
COMMAND: GET /session/02ea79fddde22fa81bffc0522714798c/screenshot - {}
RESULT: {}
COMMAND: POST /session/02ea79fddde22fa81bffc0522714798c/element - {"using":"xpath","value":"//bdi[contains(text(), \"OK\")]"}
RESULT: {"using":"xpath","value":"//bdi[contains(text(), \"OK\")]"}
COMMAND: POST /session/02ea79fddde22fa81bffc0522714798c/element/f.CB997DD3A6212A0539B4B9AD4CB02789.d.28086D720F19461EB30B7165D79EE247.e.16476/click - {}
RESULT: {}
COMMAND: GET /session/02ea79fddde22fa81bffc0522714798c/screenshot - {}
RESULT: {}
COMMAND: POST /session/02ea79fddde22fa81bffc0522714798c/element - {"using":"xpath","value":"(//bdi[contains(text(), \"Receive\")])[2]"}
RESULT: {"using":"xpath","value":"(//bdi[contains(text(), \"Receive\")])[2]"}
COMMAND: POST /session/02ea79fddde22fa81bffc0522714798c/element/f.CB997DD3A6212A0539B4B9AD4CB02789.d.28086D720F19461EB30B7165D79EE247.e.16478/click - {}
RESULT: {}
COMMAND: GET /session/02ea79fddde22fa81bffc0522714798c/screenshot - {}
RESULT: {}
COMMAND: POST /session/02ea79fddde22fa81bffc0522714798c/element - {"using":"css selector","value":"#shell-header-logo"}
RESULT: {"using":"css selector","value":"#shell-header-logo"}
COMMAND: POST /session/02ea79fddde22fa81bffc0522714798c/element/f.CB997DD3A6212A0539B4B9AD4CB02789.d.28086D720F19461EB30B7165D79EE247.e.15866/click - {}
RESULT: {}
COMMAND: GET /session/02ea79fddde22fa81bffc0522714798c/screenshot - {}
RESULT: {}
]]></system-out>
    </testcase>
    <testcase classname="chrome.135_0_7049_96.windows.Performance_based_billing_(work_days)_US139742" name="Should create a new contract" time="49.239">
      <system-out><![CDATA[
COMMAND: POST /session/02ea79fddde22fa81bffc0522714798c/execute/async - {"script":"<script> [1562 bytes]","args":[{"selector":{"controlType":"sap.m.Text","viewName":"etm.portal.ui.managecontractstile.view.Master","properties":{"text":"Manage Contracts"},"interaction":{"idSuffix":"inner"}},"wdio_ui5_key":"etmportal.ui.managecontractstile.view.Mastersap.m.Text{\"text\":\"Manage Contracts\"}"}]}
RESULT: {"script":"<script> [1562 bytes]","args":[{"selector":{"controlType":"sap.m.Text","viewName":"etm.portal.ui.managecontractstile.view.Master","properties":{"text":"Manage Contracts"},"interaction":{"idSuffix":"inner"}},"wdio_ui5_key":"etmportal.ui.managecontractstile.view.Mastersap.m.Text{\"text\":\"Manage Contracts\"}"}]}
RESULT: undefined
COMMAND: POST /session/02ea79fddde22fa81bffc0522714798c/element - {"using":"xpath","value":"//*[@id=\"__tile130-title\"]"}
RESULT: {"using":"xpath","value":"//*[@id=\"__tile130-title\"]"}
COMMAND: POST /session/02ea79fddde22fa81bffc0522714798c/element/f.CB997DD3A6212A0539B4B9AD4CB02789.d.28086D720F19461EB30B7165D79EE247.e.16650/click - {}
RESULT: {}
COMMAND: GET /session/02ea79fddde22fa81bffc0522714798c/screenshot - {}
RESULT: {}
COMMAND: POST /session/02ea79fddde22fa81bffc0522714798c/element - {"using":"xpath","value":"//button[@data-kt=\"addButton\"]"}
RESULT: {"using":"xpath","value":"//button[@data-kt=\"addButton\"]"}
COMMAND: POST /session/02ea79fddde22fa81bffc0522714798c/elements - {"using":"xpath","value":"//button[@data-kt=\"addButton\"]"}
RESULT: {"using":"xpath","value":"//button[@data-kt=\"addButton\"]"}
COMMAND: POST /session/02ea79fddde22fa81bffc0522714798c/execute/sync - {"script":"<script> [8489 bytes]","args":[{"element-6066-11e4-a52e-4f735466cecf":"f.CB997DD3A6212A0539B4B9AD4CB02789.d.28086D720F19461EB30B7165D79EE247.e.16723","ELEMENT":"f.CB997DD3A6212A0539B4B9AD4CB02789.d.28086D720F19461EB30B7165D79EE247.e.16723"}]}
RESULT: {"script":"<script> [8489 bytes]","args":[{"element-6066-11e4-a52e-4f735466cecf":"f.CB997DD3A6212A0539B4B9AD4CB02789.d.28086D720F19461EB30B7165D79EE247.e.16723","ELEMENT":"f.CB997DD3A6212A0539B4B9AD4CB02789.d.28086D720F19461EB30B7165D79EE247.e.16723"}]}
COMMAND: GET /session/02ea79fddde22fa81bffc0522714798c/element/f.CB997DD3A6212A0539B4B9AD4CB02789.d.28086D720F19461EB30B7165D79EE247.e.16723/enabled - {}
COMMAND: GET /session/02ea79fddde22fa81bffc0522714798c/screenshot - {}
RESULT: {}
COMMAND: POST /session/02ea79fddde22fa81bffc0522714798c/execute/sync - {"script":"<script> [8489 bytes]","args":[{"element-6066-11e4-a52e-4f735466cecf":"f.CB997DD3A6212A0539B4B9AD4CB02789.d.28086D720F19461EB30B7165D79EE247.e.16723","ELEMENT":"f.CB997DD3A6212A0539B4B9AD4CB02789.d.28086D720F19461EB30B7165D79EE247.e.16723"}]}
COMMAND: GET /session/02ea79fddde22fa81bffc0522714798c/screenshot - {}
RESULT: {}
RESULT: {"script":"<script> [8489 bytes]","args":[{"element-6066-11e4-a52e-4f735466cecf":"f.CB997DD3A6212A0539B4B9AD4CB02789.d.28086D720F19461EB30B7165D79EE247.e.16723","ELEMENT":"f.CB997DD3A6212A0539B4B9AD4CB02789.d.28086D720F19461EB30B7165D79EE247.e.16723"}]}
COMMAND: POST /session/02ea79fddde22fa81bffc0522714798c/execute/sync - {"script":"<script> [5351 bytes]","args":[{"element-6066-11e4-a52e-4f735466cecf":"f.CB997DD3A6212A0539B4B9AD4CB02789.d.28086D720F19461EB30B7165D79EE247.e.16723","ELEMENT":"f.CB997DD3A6212A0539B4B9AD4CB02789.d.28086D720F19461EB30B7165D79EE247.e.16723"}]}
COMMAND: GET /session/02ea79fddde22fa81bffc0522714798c/screenshot - {}
RESULT: {}
RESULT: {"script":"<script> [5351 bytes]","args":[{"element-6066-11e4-a52e-4f735466cecf":"f.CB997DD3A6212A0539B4B9AD4CB02789.d.28086D720F19461EB30B7165D79EE247.e.16723","ELEMENT":"f.CB997DD3A6212A0539B4B9AD4CB02789.d.28086D720F19461EB30B7165D79EE247.e.16723"}]}
COMMAND: GET /session/02ea79fddde22fa81bffc0522714798c/screenshot - {}
RESULT: {}
RESULT: {}
COMMAND: POST /session/02ea79fddde22fa81bffc0522714798c/element/f.CB997DD3A6212A0539B4B9AD4CB02789.d.28086D720F19461EB30B7165D79EE247.e.16723/click - {}
RESULT: {}
COMMAND: GET /session/02ea79fddde22fa81bffc0522714798c/screenshot - {}
COMMAND: POST /session/02ea79fddde22fa81bffc0522714798c/execute/async - {"script":"<script> [1562 bytes]","args":[{"selector":{"id":"application-managecontracts-display-component---AddNewContract--projectDescription","interaction":{"idSuffix":"inner"}},"wdio_ui5_key":"applicationmanagecontracts-display-component---AddNewContract--projectDescription"}]}
RESULT: {}
RESULT: {"script":"<script> [1562 bytes]","args":[{"selector":{"id":"application-managecontracts-display-component---AddNewContract--projectDescription","interaction":{"idSuffix":"inner"}},"wdio_ui5_key":"applicationmanagecontracts-display-component---AddNewContract--projectDescription"}]}
RESULT: undefined
COMMAND: POST /session/02ea79fddde22fa81bffc0522714798c/execute/async - {"script":"<script> [776 bytes]","args":[{"enterText":"Performance Contract WDIO","selector":{"id":"application-managecontracts-display-component---AddNewContract--projectDescription","interaction":{"idSuffix":"inner"}},"clearTextFirst":true,"interactionType":"ENTER_TEXT"}]}
RESULT: {"script":"<script> [776 bytes]","args":[{"enterText":"Performance Contract WDIO","selector":{"id":"application-managecontracts-display-component---AddNewContract--projectDescription","interaction":{"idSuffix":"inner"}},"clearTextFirst":true,"interactionType":"ENTER_TEXT"}]}
COMMAND: POST /session/02ea79fddde22fa81bffc0522714798c/element - {"using":"xpath","value":"//input[@id=\"application-managecontracts-display-component---AddNewContract--site-inner\"]"}
RESULT: {"using":"xpath","value":"//input[@id=\"application-managecontracts-display-component---AddNewContract--site-inner\"]"}
COMMAND: POST /session/02ea79fddde22fa81bffc0522714798c/element/f.CB997DD3A6212A0539B4B9AD4CB02789.d.28086D720F19461EB30B7165D79EE247.e.17016/clear - {}
RESULT: {}
COMMAND: POST /session/02ea79fddde22fa81bffc0522714798c/element/f.CB997DD3A6212A0539B4B9AD4CB02789.d.28086D720F19461EB30B7165D79EE247.e.17016/value - {"text":"2195"}
COMMAND: GET /session/02ea79fddde22fa81bffc0522714798c/screenshot - {}
RESULT: {"text":"2195"}
COMMAND: GET /session/02ea79fddde22fa81bffc0522714798c/screenshot - {}
RESULT: {}
RESULT: {}
COMMAND: POST /session/02ea79fddde22fa81bffc0522714798c/element - {"using":"xpath","value":"//li[.//span[text()='2195']]"}
RESULT: {"using":"xpath","value":"//li[.//span[text()='2195']]"}
COMMAND: POST /session/02ea79fddde22fa81bffc0522714798c/element/f.CB997DD3A6212A0539B4B9AD4CB02789.d.28086D720F19461EB30B7165D79EE247.e.17040/click - {}
RESULT: {}
COMMAND: GET /session/02ea79fddde22fa81bffc0522714798c/screenshot - {}
RESULT: {}
COMMAND: POST /session/02ea79fddde22fa81bffc0522714798c/element - {"using":"xpath","value":"//input[@id=\"application-managecontracts-display-component---AddNewContract--yardId-inner\"]"}
RESULT: {"using":"xpath","value":"//input[@id=\"application-managecontracts-display-component---AddNewContract--yardId-inner\"]"}
COMMAND: GET /session/02ea79fddde22fa81bffc0522714798c/element/f.CB997DD3A6212A0539B4B9AD4CB02789.d.28086D720F19461EB30B7165D79EE247.e.17017/property/value - {}
RESULT: {}
COMMAND: POST /session/02ea79fddde22fa81bffc0522714798c/element - {"using":"xpath","value":"//input[@id=\"application-managecontracts-display-component---AddNewContract--customerSelect-inner\"]"}
COMMAND: GET /session/02ea79fddde22fa81bffc0522714798c/screenshot - {}
RESULT: {"using":"xpath","value":"//input[@id=\"application-managecontracts-display-component---AddNewContract--customerSelect-inner\"]"}
COMMAND: POST /session/02ea79fddde22fa81bffc0522714798c/element/f.CB997DD3A6212A0539B4B9AD4CB02789.d.28086D720F19461EB30B7165D79EE247.e.17015/clear - {}
RESULT: {}
RESULT: {}
COMMAND: POST /session/02ea79fddde22fa81bffc0522714798c/element/f.CB997DD3A6212A0539B4B9AD4CB02789.d.28086D720F19461EB30B7165D79EE247.e.17015/value - {"text":"1207"}
COMMAND: GET /session/02ea79fddde22fa81bffc0522714798c/screenshot - {}
RESULT: {"text":"1207"}
COMMAND: GET /session/02ea79fddde22fa81bffc0522714798c/screenshot - {}
RESULT: {}
RESULT: {}
COMMAND: POST /session/02ea79fddde22fa81bffc0522714798c/element - {"using":"xpath","value":"//li[.//span[text()='1207']]"}
RESULT: {"using":"xpath","value":"//li[.//span[text()='1207']]"}
COMMAND: POST /session/02ea79fddde22fa81bffc0522714798c/element/f.CB997DD3A6212A0539B4B9AD4CB02789.d.28086D720F19461EB30B7165D79EE247.e.17043/click - {}
RESULT: {}
COMMAND: GET /session/02ea79fddde22fa81bffc0522714798c/screenshot - {}
RESULT: {}
COMMAND: POST /session/02ea79fddde22fa81bffc0522714798c/element - {"using":"xpath","value":"//button[@data-kt=\"saveButton\"]"}
RESULT: {"using":"xpath","value":"//button[@data-kt=\"saveButton\"]"}
COMMAND: POST /session/02ea79fddde22fa81bffc0522714798c/element/f.CB997DD3A6212A0539B4B9AD4CB02789.d.28086D720F19461EB30B7165D79EE247.e.17033/click - {}
RESULT: {}
COMMAND: GET /session/02ea79fddde22fa81bffc0522714798c/screenshot - {}
RESULT: {}
COMMAND: POST /session/02ea79fddde22fa81bffc0522714798c/element - {"using":"xpath","value":"//span[contains(@id ,\"contractDetailTitleNoExpanded\")]"}
RESULT: {"using":"xpath","value":"//span[contains(@id ,\"contractDetailTitleNoExpanded\")]"}
COMMAND: POST /session/02ea79fddde22fa81bffc0522714798c/elements - {"using":"xpath","value":"//span[contains(@id ,\"contractDetailTitleNoExpanded\")]"}
RESULT: {"using":"xpath","value":"//span[contains(@id ,\"contractDetailTitleNoExpanded\")]"}
COMMAND: POST /session/02ea79fddde22fa81bffc0522714798c/execute/sync - {"script":"<script> [56 bytes]","args":[{"element-6066-11e4-a52e-4f735466cecf":"f.CB997DD3A6212A0539B4B9AD4CB02789.d.28086D720F19461EB30B7165D79EE247.e.17113","ELEMENT":"f.CB997DD3A6212A0539B4B9AD4CB02789.d.28086D720F19461EB30B7165D79EE247.e.17113"}]}
RESULT: {"script":"<script> [56 bytes]","args":[{"element-6066-11e4-a52e-4f735466cecf":"f.CB997DD3A6212A0539B4B9AD4CB02789.d.28086D720F19461EB30B7165D79EE247.e.17113","ELEMENT":"f.CB997DD3A6212A0539B4B9AD4CB02789.d.28086D720F19461EB30B7165D79EE247.e.17113"}]}
COMMAND: GET /session/02ea79fddde22fa81bffc0522714798c/screenshot - {}
RESULT: {}
]]></system-out>
    </testcase>
    <testcase classname="chrome.135_0_7049_96.windows.Performance_based_billing_(work_days)_US139742" name="Should add equipment to the contract" time="50.53">
      <system-out><![CDATA[
COMMAND: POST /session/02ea79fddde22fa81bffc0522714798c/element - {"using":"xpath","value":"//button[@data-kt=\"contractDetailEditBtnButton\"]"}
RESULT: {"using":"xpath","value":"//button[@data-kt=\"contractDetailEditBtnButton\"]"}
COMMAND: POST /session/02ea79fddde22fa81bffc0522714798c/element/f.CB997DD3A6212A0539B4B9AD4CB02789.d.28086D720F19461EB30B7165D79EE247.e.17116/click - {}
RESULT: {}
COMMAND: GET /session/02ea79fddde22fa81bffc0522714798c/screenshot - {}
RESULT: {}
COMMAND: POST /session/02ea79fddde22fa81bffc0522714798c/element - {"using":"xpath","value":"(//span[contains(text(), \"Additional Addresses\")])[2]"}
RESULT: {"using":"xpath","value":"(//span[contains(text(), \"Additional Addresses\")])[2]"}
COMMAND: POST /session/02ea79fddde22fa81bffc0522714798c/element/f.CB997DD3A6212A0539B4B9AD4CB02789.d.28086D720F19461EB30B7165D79EE247.e.17170/click - {}
RESULT: {}
COMMAND: GET /session/02ea79fddde22fa81bffc0522714798c/screenshot - {}
RESULT: {}
COMMAND: POST /session/02ea79fddde22fa81bffc0522714798c/element - {"using":"xpath","value":"//button[@data-kt=\"btnAddTableRowOverflowToolbarButton\"]"}
RESULT: {"using":"xpath","value":"//button[@data-kt=\"btnAddTableRowOverflowToolbarButton\"]"}
COMMAND: POST /session/02ea79fddde22fa81bffc0522714798c/element/f.CB997DD3A6212A0539B4B9AD4CB02789.d.28086D720F19461EB30B7165D79EE247.e.17174/click - {}
RESULT: {}
COMMAND: GET /session/02ea79fddde22fa81bffc0522714798c/screenshot - {}
RESULT: {}
COMMAND: POST /session/02ea79fddde22fa81bffc0522714798c/element - {"using":"xpath","value":"//div[(text() = 'Standard Entry' or . = 'Standard Entry')]"}
RESULT: {"using":"xpath","value":"//div[(text() = 'Standard Entry' or . = 'Standard Entry')]"}
COMMAND: POST /session/02ea79fddde22fa81bffc0522714798c/element/f.CB997DD3A6212A0539B4B9AD4CB02789.d.28086D720F19461EB30B7165D79EE247.e.17176/click - {}
RESULT: {}
COMMAND: GET /session/02ea79fddde22fa81bffc0522714798c/screenshot - {}
RESULT: {}
COMMAND: POST /session/02ea79fddde22fa81bffc0522714798c/element - {"using":"xpath","value":"//td[7]/div/div/input"}
RESULT: {"using":"xpath","value":"//td[7]/div/div/input"}
COMMAND: POST /session/02ea79fddde22fa81bffc0522714798c/element/f.CB997DD3A6212A0539B4B9AD4CB02789.d.28086D720F19461EB30B7165D79EE247.e.17185/clear - {}
RESULT: {}
COMMAND: POST /session/02ea79fddde22fa81bffc0522714798c/element/f.CB997DD3A6212A0539B4B9AD4CB02789.d.28086D720F19461EB30B7165D79EE247.e.17185/value - {"text":"co6BCpmayy"}
COMMAND: GET /session/02ea79fddde22fa81bffc0522714798c/screenshot - {}
RESULT: {"text":"co6BCpmayy"}
COMMAND: GET /session/02ea79fddde22fa81bffc0522714798c/screenshot - {}
RESULT: {}
RESULT: {}
COMMAND: POST /session/02ea79fddde22fa81bffc0522714798c/actions - {"actions":[{"id":"action61","type":"key","parameters":{},"actions":[{"type":"keyDown","value":"î€‡"},{"type":"pause","duration":10},{"type":"keyUp","value":"î€‡"}]}]}
RESULT: {"actions":[{"id":"action61","type":"key","parameters":{},"actions":[{"type":"keyDown","value":"î€‡"},{"type":"pause","duration":10},{"type":"keyUp","value":"î€‡"}]}]}
COMMAND: GET /session/02ea79fddde22fa81bffc0522714798c/screenshot - {}
RESULT: {}
COMMAND: POST /session/02ea79fddde22fa81bffc0522714798c/element - {"using":"xpath","value":"(//button[@data-kt=\"saveButton\"])[2]"}
RESULT: {"using":"xpath","value":"(//button[@data-kt=\"saveButton\"])[2]"}
COMMAND: POST /session/02ea79fddde22fa81bffc0522714798c/element/f.CB997DD3A6212A0539B4B9AD4CB02789.d.28086D720F19461EB30B7165D79EE247.e.17200/click - {}
RESULT: {}
COMMAND: GET /session/02ea79fddde22fa81bffc0522714798c/screenshot - {}
RESULT: {}
COMMAND: POST /session/02ea79fddde22fa81bffc0522714798c/element - {"using":"xpath","value":"//span[contains(@id ,\"contractItemsSmartTable-header-inner\")]"}
RESULT: {"using":"xpath","value":"//span[contains(@id ,\"contractItemsSmartTable-header-inner\")]"}
COMMAND: POST /session/02ea79fddde22fa81bffc0522714798c/elements - {"using":"xpath","value":"//span[contains(@id ,\"contractItemsSmartTable-header-inner\")]"}
RESULT: {"using":"xpath","value":"//span[contains(@id ,\"contractItemsSmartTable-header-inner\")]"}
COMMAND: POST /session/02ea79fddde22fa81bffc0522714798c/execute/sync - {"script":"<script> [56 bytes]","args":[{"element-6066-11e4-a52e-4f735466cecf":"f.CB997DD3A6212A0539B4B9AD4CB02789.d.28086D720F19461EB30B7165D79EE247.e.17206","ELEMENT":"f.CB997DD3A6212A0539B4B9AD4CB02789.d.28086D720F19461EB30B7165D79EE247.e.17206"}]}
RESULT: {"script":"<script> [56 bytes]","args":[{"element-6066-11e4-a52e-4f735466cecf":"f.CB997DD3A6212A0539B4B9AD4CB02789.d.28086D720F19461EB30B7165D79EE247.e.17206","ELEMENT":"f.CB997DD3A6212A0539B4B9AD4CB02789.d.28086D720F19461EB30B7165D79EE247.e.17206"}]}
]]></system-out>
    </testcase>
    <testcase classname="chrome.135_0_7049_96.windows.Performance_based_billing_(work_days)_US139742" name="Should do a provide to site handover" time="51.987">
      <system-out><![CDATA[
COMMAND: GET /session/02ea79fddde22fa81bffc0522714798c/screenshot - {}
COMMAND: POST /session/02ea79fddde22fa81bffc0522714798c/element - {"using":"xpath","value":"//button[@data-kt=\"provideButton\"]"}
RESULT: {}
RESULT: {"using":"xpath","value":"//button[@data-kt=\"provideButton\"]"}
COMMAND: POST /session/02ea79fddde22fa81bffc0522714798c/element/f.CB997DD3A6212A0539B4B9AD4CB02789.d.28086D720F19461EB30B7165D79EE247.e.17207/click - {}
RESULT: {}
COMMAND: GET /session/02ea79fddde22fa81bffc0522714798c/screenshot - {}
RESULT: undefined
COMMAND: POST /session/02ea79fddde22fa81bffc0522714798c/execute/async - {"script":"<script> [6424 bytes]","args":[{"element-6066-11e4-a52e-4f735466cecf":"f.CB997DD3A6212A0539B4B9AD4CB02789.d.28086D720F19461EB30B7165D79EE247.e.16244"},"setValue",["04/28/2025"]]}
RESULT: {}
COMMAND: POST /session/02ea79fddde22fa81bffc0522714798c/execute/async - {"script":"<script> [1562 bytes]","args":[{"selector":{"id":"application-managehandovers-display-component---AddNewHO--dueDate","interaction":{"idSuffix":"inner"}},"wdio_ui5_key":"applicationmanagehandovers-display-component---AddNewHO--dueDate"}]}
RESULT: {"script":"<script> [1562 bytes]","args":[{"selector":{"id":"application-managehandovers-display-component---AddNewHO--dueDate","interaction":{"idSuffix":"inner"}},"wdio_ui5_key":"applicationmanagehandovers-display-component---AddNewHO--dueDate"}]}
COMMAND: POST /session/02ea79fddde22fa81bffc0522714798c/execute/async - {"script":"<script> [6424 bytes]","args":[{"element-6066-11e4-a52e-4f735466cecf":"f.CB997DD3A6212A0539B4B9AD4CB02789.d.28086D720F19461EB30B7165D79EE247.e.17264"},"setValue",["04/28/2025"]]}
RESULT: {"script":"<script> [6424 bytes]","args":[{"element-6066-11e4-a52e-4f735466cecf":"f.CB997DD3A6212A0539B4B9AD4CB02789.d.28086D720F19461EB30B7165D79EE247.e.17264"},"setValue",["04/28/2025"]]}
COMMAND: POST /session/02ea79fddde22fa81bffc0522714798c/element - {"using":"xpath","value":"//bdi[contains(text(), \"Instructions\")]"}
RESULT: {"using":"xpath","value":"//bdi[contains(text(), \"Instructions\")]"}
COMMAND: POST /session/02ea79fddde22fa81bffc0522714798c/element/f.CB997DD3A6212A0539B4B9AD4CB02789.d.28086D720F19461EB30B7165D79EE247.e.17523/click - {}
RESULT: {}
COMMAND: GET /session/02ea79fddde22fa81bffc0522714798c/screenshot - {}
RESULT: {}
COMMAND: POST /session/02ea79fddde22fa81bffc0522714798c/element - {"using":"xpath","value":"//button[@data-kt=\"AddNewHOProvideAddItemsButton\"]"}
RESULT: {"using":"xpath","value":"//button[@data-kt=\"AddNewHOProvideAddItemsButton\"]"}
COMMAND: POST /session/02ea79fddde22fa81bffc0522714798c/element/f.CB997DD3A6212A0539B4B9AD4CB02789.d.28086D720F19461EB30B7165D79EE247.e.17527/click - {}
RESULT: {}
COMMAND: GET /session/02ea79fddde22fa81bffc0522714798c/screenshot - {}
RESULT: {}
RESULT: undefined
COMMAND: POST /session/02ea79fddde22fa81bffc0522714798c/element - {"using":"xpath","value":"//*[@id=\"application-managehandovers-display-component---AddNewHO--popup-sa\"]"}
RESULT: {"using":"xpath","value":"//*[@id=\"application-managehandovers-display-component---AddNewHO--popup-sa\"]"}
COMMAND: POST /session/02ea79fddde22fa81bffc0522714798c/element/f.CB997DD3A6212A0539B4B9AD4CB02789.d.28086D720F19461EB30B7165D79EE247.e.17542/click - {}
RESULT: {}
COMMAND: GET /session/02ea79fddde22fa81bffc0522714798c/screenshot - {}
RESULT: {}
COMMAND: POST /session/02ea79fddde22fa81bffc0522714798c/element - {"using":"xpath","value":"//*[contains(@id ,\"BDI-content\")][contains(text(), \"Select\")]"}
RESULT: {"using":"xpath","value":"//*[contains(@id ,\"BDI-content\")][contains(text(), \"Select\")]"}
COMMAND: POST /session/02ea79fddde22fa81bffc0522714798c/element/f.CB997DD3A6212A0539B4B9AD4CB02789.d.28086D720F19461EB30B7165D79EE247.e.17543/click - {}
RESULT: {}
COMMAND: GET /session/02ea79fddde22fa81bffc0522714798c/screenshot - {}
RESULT: {}
COMMAND: POST /session/02ea79fddde22fa81bffc0522714798c/execute/async - {"script":"<script> [1562 bytes]","args":[{"selector":{"id":"application-managehandovers-display-component---AddNewHO--confirmCreationButton","interaction":{"idSuffix":"BDI-content"}},"wdio_ui5_key":"applicationmanagehandovers-display-component---AddNewHO--confirmCreationButton"}]}
RESULT: {"script":"<script> [1562 bytes]","args":[{"selector":{"id":"application-managehandovers-display-component---AddNewHO--confirmCreationButton","interaction":{"idSuffix":"BDI-content"}},"wdio_ui5_key":"applicationmanagehandovers-display-component---AddNewHO--confirmCreationButton"}]}
RESULT: undefined
COMMAND: POST /session/02ea79fddde22fa81bffc0522714798c/element - {"using":"xpath","value":"//*[@id=\"application-managehandovers-display-component---AddNewHO--confirmCreationButton\"]"}
RESULT: {"using":"xpath","value":"//*[@id=\"application-managehandovers-display-component---AddNewHO--confirmCreationButton\"]"}
COMMAND: POST /session/02ea79fddde22fa81bffc0522714798c/element/f.CB997DD3A6212A0539B4B9AD4CB02789.d.28086D720F19461EB30B7165D79EE247.e.17331/click - {}
RESULT: {}
COMMAND: GET /session/02ea79fddde22fa81bffc0522714798c/screenshot - {}
RESULT: {}
COMMAND: POST /session/02ea79fddde22fa81bffc0522714798c/element - {"using":"xpath","value":"//button[@data-kt=\"PickingTableConfirmAllButton\"]"}
RESULT: {"using":"xpath","value":"//button[@data-kt=\"PickingTableConfirmAllButton\"]"}
COMMAND: POST /session/02ea79fddde22fa81bffc0522714798c/element/f.CB997DD3A6212A0539B4B9AD4CB02789.d.28086D720F19461EB30B7165D79EE247.e.17595/click - {}
RESULT: {}
COMMAND: GET /session/02ea79fddde22fa81bffc0522714798c/screenshot - {}
RESULT: {}
COMMAND: POST /session/02ea79fddde22fa81bffc0522714798c/element - {"using":"xpath","value":"//bdi[contains(text(), \"OK\")]"}
RESULT: {"using":"xpath","value":"//bdi[contains(text(), \"OK\")]"}
COMMAND: POST /session/02ea79fddde22fa81bffc0522714798c/element/f.CB997DD3A6212A0539B4B9AD4CB02789.d.28086D720F19461EB30B7165D79EE247.e.17599/click - {}
RESULT: {}
COMMAND: GET /session/02ea79fddde22fa81bffc0522714798c/screenshot - {}
RESULT: {}
COMMAND: POST /session/02ea79fddde22fa81bffc0522714798c/element - {"using":"xpath","value":"//bdi[contains(text(), \"Ok\")]"}
RESULT: {"using":"xpath","value":"//bdi[contains(text(), \"Ok\")]"}
COMMAND: POST /session/02ea79fddde22fa81bffc0522714798c/element/f.CB997DD3A6212A0539B4B9AD4CB02789.d.28086D720F19461EB30B7165D79EE247.e.17607/click - {}
RESULT: {}
COMMAND: GET /session/02ea79fddde22fa81bffc0522714798c/screenshot - {}
RESULT: {}
COMMAND: POST /session/02ea79fddde22fa81bffc0522714798c/element - {"using":"xpath","value":"//bdi[contains(text(), \"Issue\")]"}
RESULT: {"using":"xpath","value":"//bdi[contains(text(), \"Issue\")]"}
COMMAND: POST /session/02ea79fddde22fa81bffc0522714798c/element/f.CB997DD3A6212A0539B4B9AD4CB02789.d.28086D720F19461EB30B7165D79EE247.e.17609/click - {}
RESULT: {}
COMMAND: GET /session/02ea79fddde22fa81bffc0522714798c/screenshot - {}
RESULT: {}
COMMAND: POST /session/02ea79fddde22fa81bffc0522714798c/element - {"using":"css selector","value":"#shell-header-logo"}
RESULT: {"using":"css selector","value":"#shell-header-logo"}
COMMAND: POST /session/02ea79fddde22fa81bffc0522714798c/element/f.CB997DD3A6212A0539B4B9AD4CB02789.d.28086D720F19461EB30B7165D79EE247.e.16653/click - {}
RESULT: {}
COMMAND: GET /session/02ea79fddde22fa81bffc0522714798c/screenshot - {}
RESULT: {}
]]></system-out>
    </testcase>
    <testcase classname="chrome.135_0_7049_96.windows.Performance_based_billing_(work_days)_US139742" name="Should create a few performance documents" time="100.541">
      <system-out><![CDATA[
COMMAND: POST /session/02ea79fddde22fa81bffc0522714798c/window/fullscreen - {}
RESULT: {}
COMMAND: POST /session/02ea79fddde22fa81bffc0522714798c/execute/async - {"script":"<script> [1562 bytes]","args":[{"selector":{"controlType":"sap.m.GenericTile","properties":{"header":"Manage States & Performance"}},"wdio_ui5_key":"sapm.GenericTile{\"header\":\"Manage States & Performance\"}"}]}
RESULT: {"script":"<script> [1562 bytes]","args":[{"selector":{"controlType":"sap.m.GenericTile","properties":{"header":"Manage States & Performance"}},"wdio_ui5_key":"sapm.GenericTile{\"header\":\"Manage States & Performance\"}"}]}
RESULT: undefined
COMMAND: POST /session/02ea79fddde22fa81bffc0522714798c/element - {"using":"xpath","value":"//*[@id=\"__tile56\"]"}
RESULT: {"using":"xpath","value":"//*[@id=\"__tile56\"]"}
COMMAND: POST /session/02ea79fddde22fa81bffc0522714798c/element/f.CB997DD3A6212A0539B4B9AD4CB02789.d.28086D720F19461EB30B7165D79EE247.e.14237/click - {}
RESULT: {}
COMMAND: POST /session/02ea79fddde22fa81bffc0522714798c/element - {"using":"xpath","value":"//div[@id=\"application-managestatesandperformance-display-component---stateAndPerform--smartFilterBarResources-btnBasicSearch\"]"}
COMMAND: GET /session/02ea79fddde22fa81bffc0522714798c/screenshot - {}
RESULT: {}
RESULT: {"using":"xpath","value":"//div[@id=\"application-managestatesandperformance-display-component---stateAndPerform--smartFilterBarResources-btnBasicSearch\"]"}
COMMAND: POST /session/02ea79fddde22fa81bffc0522714798c/elements - {"using":"xpath","value":"//div[@id=\"application-managestatesandperformance-display-component---stateAndPerform--smartFilterBarResources-btnBasicSearch\"]"}
RESULT: {"using":"xpath","value":"//div[@id=\"application-managestatesandperformance-display-component---stateAndPerform--smartFilterBarResources-btnBasicSearch\"]"}
COMMAND: POST /session/02ea79fddde22fa81bffc0522714798c/execute/sync - {"script":"<script> [8489 bytes]","args":[{"element-6066-11e4-a52e-4f735466cecf":"f.CB997DD3A6212A0539B4B9AD4CB02789.d.28086D720F19461EB30B7165D79EE247.e.17825","ELEMENT":"f.CB997DD3A6212A0539B4B9AD4CB02789.d.28086D720F19461EB30B7165D79EE247.e.17825"}]}
RESULT: {"script":"<script> [8489 bytes]","args":[{"element-6066-11e4-a52e-4f735466cecf":"f.CB997DD3A6212A0539B4B9AD4CB02789.d.28086D720F19461EB30B7165D79EE247.e.17825","ELEMENT":"f.CB997DD3A6212A0539B4B9AD4CB02789.d.28086D720F19461EB30B7165D79EE247.e.17825"}]}
COMMAND: GET /session/02ea79fddde22fa81bffc0522714798c/element/f.CB997DD3A6212A0539B4B9AD4CB02789.d.28086D720F19461EB30B7165D79EE247.e.17825/enabled - {}
COMMAND: GET /session/02ea79fddde22fa81bffc0522714798c/screenshot - {}
RESULT: {}
COMMAND: POST /session/02ea79fddde22fa81bffc0522714798c/execute/sync - {"script":"<script> [8489 bytes]","args":[{"element-6066-11e4-a52e-4f735466cecf":"f.CB997DD3A6212A0539B4B9AD4CB02789.d.28086D720F19461EB30B7165D79EE247.e.17825","ELEMENT":"f.CB997DD3A6212A0539B4B9AD4CB02789.d.28086D720F19461EB30B7165D79EE247.e.17825"}]}
COMMAND: GET /session/02ea79fddde22fa81bffc0522714798c/screenshot - {}
RESULT: {}
RESULT: {"script":"<script> [8489 bytes]","args":[{"element-6066-11e4-a52e-4f735466cecf":"f.CB997DD3A6212A0539B4B9AD4CB02789.d.28086D720F19461EB30B7165D79EE247.e.17825","ELEMENT":"f.CB997DD3A6212A0539B4B9AD4CB02789.d.28086D720F19461EB30B7165D79EE247.e.17825"}]}
COMMAND: POST /session/02ea79fddde22fa81bffc0522714798c/execute/sync - {"script":"<script> [5351 bytes]","args":[{"element-6066-11e4-a52e-4f735466cecf":"f.CB997DD3A6212A0539B4B9AD4CB02789.d.28086D720F19461EB30B7165D79EE247.e.17825","ELEMENT":"f.CB997DD3A6212A0539B4B9AD4CB02789.d.28086D720F19461EB30B7165D79EE247.e.17825"}]}
COMMAND: GET /session/02ea79fddde22fa81bffc0522714798c/screenshot - {}
RESULT: {}
RESULT: {"script":"<script> [5351 bytes]","args":[{"element-6066-11e4-a52e-4f735466cecf":"f.CB997DD3A6212A0539B4B9AD4CB02789.d.28086D720F19461EB30B7165D79EE247.e.17825","ELEMENT":"f.CB997DD3A6212A0539B4B9AD4CB02789.d.28086D720F19461EB30B7165D79EE247.e.17825"}]}
COMMAND: POST /session/02ea79fddde22fa81bffc0522714798c/execute/async - {"script":"<script> [1562 bytes]","args":[{"selector":{"id":"application-managestatesandperformance-display-component---stateAndPerform--smartFilterBarResources-btnBasicSearch","interaction":{"idSuffix":"I"}},"wdio_ui5_key":"applicationmanagestatesandperformance-display-component---stateAndPerform--smartFilterBarResources-btnBasicSearch"}]}
COMMAND: GET /session/02ea79fddde22fa81bffc0522714798c/screenshot - {}
RESULT: {}
RESULT: {"script":"<script> [1562 bytes]","args":[{"selector":{"id":"application-managestatesandperformance-display-component---stateAndPerform--smartFilterBarResources-btnBasicSearch","interaction":{"idSuffix":"I"}},"wdio_ui5_key":"applicationmanagestatesandperformance-display-component---stateAndPerform--smartFilterBarResources-btnBasicSearch"}]}
RESULT: undefined
COMMAND: POST /session/02ea79fddde22fa81bffc0522714798c/execute/async - {"script":"<script> [776 bytes]","args":[{"enterText":"co6BCpmayy","selector":{"id":"application-managestatesandperformance-display-component---stateAndPerform--smartFilterBarResources-btnBasicSearch","interaction":{"idSuffix":"I"}},"clearTextFirst":true,"interactionType":"ENTER_TEXT"}]}
RESULT: {}
RESULT: {"script":"<script> [776 bytes]","args":[{"enterText":"co6BCpmayy","selector":{"id":"application-managestatesandperformance-display-component---stateAndPerform--smartFilterBarResources-btnBasicSearch","interaction":{"idSuffix":"I"}},"clearTextFirst":true,"interactionType":"ENTER_TEXT"}]}
COMMAND: POST /session/02ea79fddde22fa81bffc0522714798c/actions - {"actions":[{"id":"action62","type":"key","parameters":{},"actions":[{"type":"keyDown","value":"î€‡"},{"type":"pause","duration":10},{"type":"keyUp","value":"î€‡"}]}]}
RESULT: {"actions":[{"id":"action62","type":"key","parameters":{},"actions":[{"type":"keyDown","value":"î€‡"},{"type":"pause","duration":10},{"type":"keyUp","value":"î€‡"}]}]}
COMMAND: GET /session/02ea79fddde22fa81bffc0522714798c/screenshot - {}
RESULT: {}
COMMAND: POST /session/02ea79fddde22fa81bffc0522714798c/execute/async - {"script":"<script> [1562 bytes]","args":[{"selector":{"id":"application-managestatesandperformance-display-component---stateAndPerform--stateAndPerformResourcesSmartTable-header"},"wdio_ui5_key":"applicationmanagestatesandperformance-display-component---stateAndPerform--stateAndPerformResourcesSmartTable-header"}]}
RESULT: {"script":"<script> [1562 bytes]","args":[{"selector":{"id":"application-managestatesandperformance-display-component---stateAndPerform--stateAndPerformResourcesSmartTable-header"},"wdio_ui5_key":"applicationmanagestatesandperformance-display-component---stateAndPerform--stateAndPerformResourcesSmartTable-header"}]}
RESULT: undefined
COMMAND: POST /session/02ea79fddde22fa81bffc0522714798c/execute/async - {"script":"<script> [6424 bytes]","args":[{"element-6066-11e4-a52e-4f735466cecf":"f.CB997DD3A6212A0539B4B9AD4CB02789.d.28086D720F19461EB30B7165D79EE247.e.17890"},"getText",[]]}
RESULT: {"script":"<script> [6424 bytes]","args":[{"element-6066-11e4-a52e-4f735466cecf":"f.CB997DD3A6212A0539B4B9AD4CB02789.d.28086D720F19461EB30B7165D79EE247.e.17890"},"getText",[]]}
COMMAND: POST /session/02ea79fddde22fa81bffc0522714798c/execute/async - {"script":"<script> [1562 bytes]","args":[{"selector":{"controlType":"sap.ui.core.Icon","viewName":"etm.portal.ui.managestatesandperformance.view.Master","viewId":"application-managestatesandperformance-display-component---stateAndPerform","properties":{"src":{"regex":{"source":"slim\\-arrow\\-right"}}}},"wdio_ui5_key":"etmportal.ui.managestatesandperformance.view.Mastersap.ui.core.Icon{\"src\":{\"regex\":{\"source\":\"slim\\\\-arrow\\\\-right\"}}}"}]}
RESULT: {"script":"<script> [1562 bytes]","args":[{"selector":{"controlType":"sap.ui.core.Icon","viewName":"etm.portal.ui.managestatesandperformance.view.Master","viewId":"application-managestatesandperformance-display-component---stateAndPerform","properties":{"src":{"regex":{"source":"slim\\-arrow\\-right"}}}},"wdio_ui5_key":"etmportal.ui.managestatesandperformance.view.Mastersap.ui.core.Icon{\"src\":{\"regex\":{\"source\":\"slim\\\\-arrow\\\\-right\"}}}"}]}
RESULT: undefined
COMMAND: POST /session/02ea79fddde22fa81bffc0522714798c/element - {"using":"xpath","value":"//*[@id=\"__item1942-__clone3565-imgNav\"]"}
RESULT: {"using":"xpath","value":"//*[@id=\"__item1942-__clone3565-imgNav\"]"}
COMMAND: POST /session/02ea79fddde22fa81bffc0522714798c/element/f.CB997DD3A6212A0539B4B9AD4CB02789.d.28086D720F19461EB30B7165D79EE247.e.17889/click - {}
RESULT: {}
COMMAND: GET /session/02ea79fddde22fa81bffc0522714798c/screenshot - {}
RESULT: {}
COMMAND: POST /session/02ea79fddde22fa81bffc0522714798c/execute/async - {"script":"<script> [1562 bytes]","args":[{"selector":{"controlType":"sap.m.Button","viewName":"etm.portal.ui.managestatesandperformance.view.Detail","viewId":"application-managestatesandperformance-display-component---detailStateAndPerform","properties":{"text":"Performance Documents"}},"wdio_ui5_key":"etmportal.ui.managestatesandperformance.view.Detailsap.m.Button{\"text\":\"Performance Documents\"}"}]}
RESULT: {"script":"<script> [1562 bytes]","args":[{"selector":{"controlType":"sap.m.Button","viewName":"etm.portal.ui.managestatesandperformance.view.Detail","viewId":"application-managestatesandperformance-display-component---detailStateAndPerform","properties":{"text":"Performance Documents"}},"wdio_ui5_key":"etmportal.ui.managestatesandperformance.view.Detailsap.m.Button{\"text\":\"Performance Documents\"}"}]}
RESULT: undefined
COMMAND: POST /session/02ea79fddde22fa81bffc0522714798c/element - {"using":"xpath","value":"//*[@id=\"__item1965-button\"]"}
RESULT: {"using":"xpath","value":"//*[@id=\"__item1965-button\"]"}
COMMAND: POST /session/02ea79fddde22fa81bffc0522714798c/element/f.CB997DD3A6212A0539B4B9AD4CB02789.d.28086D720F19461EB30B7165D79EE247.e.17935/click - {}
RESULT: {}
COMMAND: POST /session/02ea79fddde22fa81bffc0522714798c/execute/async - {"script":"<script> [1562 bytes]","args":[{"selector":{"controlType":"sap.m.Button","viewName":"etm.portal.ui.managestatesandperformance.view.Detail","viewId":"application-managestatesandperformance-display-component---detailStateAndPerform","i18NText":{"propertyName":"text","key":"createPerformanceDoc"},"interaction":{"idSuffix":"BDI-content"}},"wdio_ui5_key":"etmportal.ui.managestatesandperformance.view.Detailsap.m.Button{\"propertyName\":\"text\",\"key\":\"createPerformanceDoc\"}"}]}
COMMAND: GET /session/02ea79fddde22fa81bffc0522714798c/screenshot - {}
RESULT: {"script":"<script> [1562 bytes]","args":[{"selector":{"controlType":"sap.m.Button","viewName":"etm.portal.ui.managestatesandperformance.view.Detail","viewId":"application-managestatesandperformance-display-component---detailStateAndPerform","i18NText":{"propertyName":"text","key":"createPerformanceDoc"},"interaction":{"idSuffix":"BDI-content"}},"wdio_ui5_key":"etmportal.ui.managestatesandperformance.view.Detailsap.m.Button{\"propertyName\":\"text\",\"key\":\"createPerformanceDoc\"}"}]}
RESULT: undefined
COMMAND: POST /session/02ea79fddde22fa81bffc0522714798c/element - {"using":"xpath","value":"//*[@id=\"__button369\"]"}
RESULT: {}
RESULT: {"using":"xpath","value":"//*[@id=\"__button369\"]"}
COMMAND: POST /session/02ea79fddde22fa81bffc0522714798c/element/f.CB997DD3A6212A0539B4B9AD4CB02789.d.28086D720F19461EB30B7165D79EE247.e.17939/click - {}
RESULT: {}
COMMAND: POST /session/02ea79fddde22fa81bffc0522714798c/execute/async - {"script":"<script> [1562 bytes]","args":[{"selector":{"id":"application-managestatesandperformance-display-component---detailStateAndPerform--perfDocDatePicker","searchOpenDialogs":true,"interaction":{"idSuffix":"inner"}},"wdio_ui5_key":"applicationmanagestatesandperformance-display-component---detailStateAndPerform--perfDocDatePicker"}]}
COMMAND: GET /session/02ea79fddde22fa81bffc0522714798c/screenshot - {}
RESULT: {"script":"<script> [1562 bytes]","args":[{"selector":{"id":"application-managestatesandperformance-display-component---detailStateAndPerform--perfDocDatePicker","searchOpenDialogs":true,"interaction":{"idSuffix":"inner"}},"wdio_ui5_key":"applicationmanagestatesandperformance-display-component---detailStateAndPerform--perfDocDatePicker"}]}
RESULT: undefined
COMMAND: POST /session/02ea79fddde22fa81bffc0522714798c/execute/async - {"script":"<script> [776 bytes]","args":[{"enterText":"04/30/25","selector":{"id":"application-managestatesandperformance-display-component---detailStateAndPerform--perfDocDatePicker","searchOpenDialogs":true,"interaction":{"idSuffix":"inner"}},"clearTextFirst":true,"interactionType":"ENTER_TEXT"}]}
RESULT: {}
RESULT: {"script":"<script> [776 bytes]","args":[{"enterText":"04/30/25","selector":{"id":"application-managestatesandperformance-display-component---detailStateAndPerform--perfDocDatePicker","searchOpenDialogs":true,"interaction":{"idSuffix":"inner"}},"clearTextFirst":true,"interactionType":"ENTER_TEXT"}]}
COMMAND: POST /session/02ea79fddde22fa81bffc0522714798c/execute/async - {"script":"<script> [1562 bytes]","args":[{"selector":{"id":"application-managestatesandperformance-display-component---detailStateAndPerform--counterValue-input","searchOpenDialogs":true,"interaction":{"idSuffix":"inner"}},"wdio_ui5_key":"applicationmanagestatesandperformance-display-component---detailStateAndPerform--counterValue-input"}]}
RESULT: {"script":"<script> [1562 bytes]","args":[{"selector":{"id":"application-managestatesandperformance-display-component---detailStateAndPerform--counterValue-input","searchOpenDialogs":true,"interaction":{"idSuffix":"inner"}},"wdio_ui5_key":"applicationmanagestatesandperformance-display-component---detailStateAndPerform--counterValue-input"}]}
RESULT: undefined
COMMAND: POST /session/02ea79fddde22fa81bffc0522714798c/execute/async - {"script":"<script> [776 bytes]","args":[{"enterText":"15.00","selector":{"id":"application-managestatesandperformance-display-component---detailStateAndPerform--counterValue-input","searchOpenDialogs":true,"interaction":{"idSuffix":"inner"}},"clearTextFirst":true,"interactionType":"ENTER_TEXT"}]}
RESULT: {"script":"<script> [776 bytes]","args":[{"enterText":"15.00","selector":{"id":"application-managestatesandperformance-display-component---detailStateAndPerform--counterValue-input","searchOpenDialogs":true,"interaction":{"idSuffix":"inner"}},"clearTextFirst":true,"interactionType":"ENTER_TEXT"}]}
COMMAND: POST /session/02ea79fddde22fa81bffc0522714798c/execute/async - {"script":"<script> [1562 bytes]","args":[{"selector":{"controlType":"sap.m.Button","viewName":"etm.portal.ui.managestatesandperformance.view.Detail","viewId":"application-managestatesandperformance-display-component---detailStateAndPerform","bindingPath":{"path":"","propertyPath":"/allowAddEdit","modelName":"oScreenModel"},"searchOpenDialogs":true,"interaction":{"idSuffix":"BDI-content"}},"wdio_ui5_key":"etmportal.ui.managestatesandperformance.view.Detailsap.m.Button{\"path\":\"\",\"propertyPath\":\"/allowAddEdit\",\"modelName\":\"oScreenModel\"}"}]}
RESULT: {"script":"<script> [1562 bytes]","args":[{"selector":{"controlType":"sap.m.Button","viewName":"etm.portal.ui.managestatesandperformance.view.Detail","viewId":"application-managestatesandperformance-display-component---detailStateAndPerform","bindingPath":{"path":"","propertyPath":"/allowAddEdit","modelName":"oScreenModel"},"searchOpenDialogs":true,"interaction":{"idSuffix":"BDI-content"}},"wdio_ui5_key":"etmportal.ui.managestatesandperformance.view.Detailsap.m.Button{\"path\":\"\",\"propertyPath\":\"/allowAddEdit\",\"modelName\":\"oScreenModel\"}"}]}
RESULT: undefined
COMMAND: POST /session/02ea79fddde22fa81bffc0522714798c/element - {"using":"xpath","value":"//*[@id=\"__button376\"]"}
RESULT: {"using":"xpath","value":"//*[@id=\"__button376\"]"}
COMMAND: POST /session/02ea79fddde22fa81bffc0522714798c/element/f.CB997DD3A6212A0539B4B9AD4CB02789.d.28086D720F19461EB30B7165D79EE247.e.17959/click - {}
RESULT: {}
RESULT: undefined
COMMAND: POST /session/02ea79fddde22fa81bffc0522714798c/element - {"using":"xpath","value":"//*[@id=\"__button369\"]"}
COMMAND: GET /session/02ea79fddde22fa81bffc0522714798c/screenshot - {}
RESULT: {"using":"xpath","value":"//*[@id=\"__button369\"]"}
COMMAND: POST /session/02ea79fddde22fa81bffc0522714798c/element/f.CB997DD3A6212A0539B4B9AD4CB02789.d.28086D720F19461EB30B7165D79EE247.e.17939/click - {}
RESULT: {}
RESULT: {}
RESULT: undefined
COMMAND: POST /session/02ea79fddde22fa81bffc0522714798c/execute/async - {"script":"<script> [776 bytes]","args":[{"enterText":"05/04/25","selector":{"id":"application-managestatesandperformance-display-component---detailStateAndPerform--perfDocDatePicker","searchOpenDialogs":true,"interaction":{"idSuffix":"inner"}},"clearTextFirst":true,"interactionType":"ENTER_TEXT"}]}
COMMAND: GET /session/02ea79fddde22fa81bffc0522714798c/screenshot - {}
RESULT: {"script":"<script> [776 bytes]","args":[{"enterText":"05/04/25","selector":{"id":"application-managestatesandperformance-display-component---detailStateAndPerform--perfDocDatePicker","searchOpenDialogs":true,"interaction":{"idSuffix":"inner"}},"clearTextFirst":true,"interactionType":"ENTER_TEXT"}]}
RESULT: undefined
COMMAND: POST /session/02ea79fddde22fa81bffc0522714798c/execute/async - {"script":"<script> [776 bytes]","args":[{"enterText":"20.00","selector":{"id":"application-managestatesandperformance-display-component---detailStateAndPerform--counterValue-input","searchOpenDialogs":true,"interaction":{"idSuffix":"inner"}},"clearTextFirst":true,"interactionType":"ENTER_TEXT"}]}
RESULT: {}
RESULT: {"script":"<script> [776 bytes]","args":[{"enterText":"20.00","selector":{"id":"application-managestatesandperformance-display-component---detailStateAndPerform--counterValue-input","searchOpenDialogs":true,"interaction":{"idSuffix":"inner"}},"clearTextFirst":true,"interactionType":"ENTER_TEXT"}]}
COMMAND: POST /session/02ea79fddde22fa81bffc0522714798c/actions - {"actions":[{"id":"action63","type":"key","parameters":{},"actions":[{"type":"keyDown","value":"î€„"},{"type":"keyDown","value":"î€„"},{"type":"pause","duration":10},{"type":"keyUp","value":"î€„"},{"type":"keyUp","value":"î€„"}]}]}
RESULT: {"actions":[{"id":"action63","type":"key","parameters":{},"actions":[{"type":"keyDown","value":"î€„"},{"type":"keyDown","value":"î€„"},{"type":"pause","duration":10},{"type":"keyUp","value":"î€„"},{"type":"keyUp","value":"î€„"}]}]}
COMMAND: POST /session/02ea79fddde22fa81bffc0522714798c/actions - {"actions":[{"id":"action64","type":"key","parameters":{},"actions":[{"type":"keyDown","value":"î€‡"},{"type":"pause","duration":10},{"type":"keyUp","value":"î€‡"}]}]}
COMMAND: GET /session/02ea79fddde22fa81bffc0522714798c/screenshot - {}
RESULT: {"actions":[{"id":"action64","type":"key","parameters":{},"actions":[{"type":"keyDown","value":"î€‡"},{"type":"pause","duration":10},{"type":"keyUp","value":"î€‡"}]}]}
RESULT: undefined
COMMAND: POST /session/02ea79fddde22fa81bffc0522714798c/element - {"using":"xpath","value":"//*[@id=\"__button376\"]"}
COMMAND: GET /session/02ea79fddde22fa81bffc0522714798c/screenshot - {}
RESULT: {}
RESULT: {"using":"xpath","value":"//*[@id=\"__button376\"]"}
COMMAND: POST /session/02ea79fddde22fa81bffc0522714798c/elements - {"using":"xpath","value":"//*[@id=\"__button376\"]"}
RESULT: {}
RESULT: {"using":"xpath","value":"//*[@id=\"__button376\"]"}
COMMAND: POST /session/02ea79fddde22fa81bffc0522714798c/elements - {"using":"xpath","value":"//*[@id=\"__button376\"]"}
RESULT: {"using":"xpath","value":"//*[@id=\"__button376\"]"}
COMMAND: POST /session/02ea79fddde22fa81bffc0522714798c/elements - {"using":"xpath","value":"//*[@id=\"__button376\"]"}
RESULT: {"using":"xpath","value":"//*[@id=\"__button376\"]"}
COMMAND: POST /session/02ea79fddde22fa81bffc0522714798c/elements - {"using":"xpath","value":"//*[@id=\"__button376\"]"}
RESULT: {"using":"xpath","value":"//*[@id=\"__button376\"]"}
COMMAND: POST /session/02ea79fddde22fa81bffc0522714798c/elements - {"using":"xpath","value":"//*[@id=\"__button376\"]"}
RESULT: {"using":"xpath","value":"//*[@id=\"__button376\"]"}
COMMAND: POST /session/02ea79fddde22fa81bffc0522714798c/elements - {"using":"xpath","value":"//*[@id=\"__button376\"]"}
RESULT: {"using":"xpath","value":"//*[@id=\"__button376\"]"}
COMMAND: POST /session/02ea79fddde22fa81bffc0522714798c/elements - {"using":"xpath","value":"//*[@id=\"__button376\"]"}
RESULT: {"using":"xpath","value":"//*[@id=\"__button376\"]"}
COMMAND: POST /session/02ea79fddde22fa81bffc0522714798c/elements - {"using":"xpath","value":"//*[@id=\"__button376\"]"}
RESULT: {"using":"xpath","value":"//*[@id=\"__button376\"]"}
COMMAND: POST /session/02ea79fddde22fa81bffc0522714798c/elements - {"using":"xpath","value":"//*[@id=\"__button376\"]"}
RESULT: {"using":"xpath","value":"//*[@id=\"__button376\"]"}
COMMAND: POST /session/02ea79fddde22fa81bffc0522714798c/elements - {"using":"xpath","value":"//*[@id=\"__button376\"]"}
RESULT: {"using":"xpath","value":"//*[@id=\"__button376\"]"}
COMMAND: POST /session/02ea79fddde22fa81bffc0522714798c/elements - {"using":"xpath","value":"//*[@id=\"__button376\"]"}
RESULT: {"using":"xpath","value":"//*[@id=\"__button376\"]"}
COMMAND: POST /session/02ea79fddde22fa81bffc0522714798c/elements - {"using":"xpath","value":"//*[@id=\"__button376\"]"}
RESULT: {"using":"xpath","value":"//*[@id=\"__button376\"]"}
COMMAND: POST /session/02ea79fddde22fa81bffc0522714798c/elements - {"using":"xpath","value":"//*[@id=\"__button376\"]"}
RESULT: {"using":"xpath","value":"//*[@id=\"__button376\"]"}
COMMAND: POST /session/02ea79fddde22fa81bffc0522714798c/elements - {"using":"xpath","value":"//*[@id=\"__button376\"]"}
RESULT: {"using":"xpath","value":"//*[@id=\"__button376\"]"}
COMMAND: POST /session/02ea79fddde22fa81bffc0522714798c/elements - {"using":"xpath","value":"//*[@id=\"__button376\"]"}
RESULT: {"using":"xpath","value":"//*[@id=\"__button376\"]"}
COMMAND: POST /session/02ea79fddde22fa81bffc0522714798c/elements - {"using":"xpath","value":"//*[@id=\"__button376\"]"}
RESULT: {"using":"xpath","value":"//*[@id=\"__button376\"]"}
COMMAND: POST /session/02ea79fddde22fa81bffc0522714798c/elements - {"using":"xpath","value":"//*[@id=\"__button376\"]"}
RESULT: {"using":"xpath","value":"//*[@id=\"__button376\"]"}
COMMAND: POST /session/02ea79fddde22fa81bffc0522714798c/elements - {"using":"xpath","value":"//*[@id=\"__button376\"]"}
RESULT: {"using":"xpath","value":"//*[@id=\"__button376\"]"}
COMMAND: POST /session/02ea79fddde22fa81bffc0522714798c/elements - {"using":"xpath","value":"//*[@id=\"__button376\"]"}
RESULT: {"using":"xpath","value":"//*[@id=\"__button376\"]"}
COMMAND: POST /session/02ea79fddde22fa81bffc0522714798c/elements - {"using":"xpath","value":"//*[@id=\"__button376\"]"}
RESULT: {"using":"xpath","value":"//*[@id=\"__button376\"]"}
COMMAND: POST /session/02ea79fddde22fa81bffc0522714798c/elements - {"using":"xpath","value":"//*[@id=\"__button376\"]"}
RESULT: {"using":"xpath","value":"//*[@id=\"__button376\"]"}
COMMAND: POST /session/02ea79fddde22fa81bffc0522714798c/elements - {"using":"xpath","value":"//*[@id=\"__button376\"]"}
RESULT: {"using":"xpath","value":"//*[@id=\"__button376\"]"}
COMMAND: POST /session/02ea79fddde22fa81bffc0522714798c/elements - {"using":"xpath","value":"//*[@id=\"__button376\"]"}
RESULT: {"using":"xpath","value":"//*[@id=\"__button376\"]"}
COMMAND: POST /session/02ea79fddde22fa81bffc0522714798c/elements - {"using":"xpath","value":"//*[@id=\"__button376\"]"}
RESULT: {"using":"xpath","value":"//*[@id=\"__button376\"]"}
COMMAND: POST /session/02ea79fddde22fa81bffc0522714798c/elements - {"using":"xpath","value":"//*[@id=\"__button376\"]"}
RESULT: {"using":"xpath","value":"//*[@id=\"__button376\"]"}
COMMAND: POST /session/02ea79fddde22fa81bffc0522714798c/elements - {"using":"xpath","value":"//*[@id=\"__button376\"]"}
RESULT: {"using":"xpath","value":"//*[@id=\"__button376\"]"}
COMMAND: POST /session/02ea79fddde22fa81bffc0522714798c/elements - {"using":"xpath","value":"//*[@id=\"__button376\"]"}
RESULT: {"using":"xpath","value":"//*[@id=\"__button376\"]"}
COMMAND: POST /session/02ea79fddde22fa81bffc0522714798c/elements - {"using":"xpath","value":"//*[@id=\"__button376\"]"}
RESULT: {"using":"xpath","value":"//*[@id=\"__button376\"]"}
COMMAND: POST /session/02ea79fddde22fa81bffc0522714798c/elements - {"using":"xpath","value":"//*[@id=\"__button376\"]"}
RESULT: {"using":"xpath","value":"//*[@id=\"__button376\"]"}
COMMAND: POST /session/02ea79fddde22fa81bffc0522714798c/elements - {"using":"xpath","value":"//*[@id=\"__button376\"]"}
RESULT: {"using":"xpath","value":"//*[@id=\"__button376\"]"}
COMMAND: POST /session/02ea79fddde22fa81bffc0522714798c/elements - {"using":"xpath","value":"//*[@id=\"__button376\"]"}
RESULT: {"using":"xpath","value":"//*[@id=\"__button376\"]"}
COMMAND: POST /session/02ea79fddde22fa81bffc0522714798c/elements - {"using":"xpath","value":"//*[@id=\"__button376\"]"}
RESULT: {"using":"xpath","value":"//*[@id=\"__button376\"]"}
COMMAND: POST /session/02ea79fddde22fa81bffc0522714798c/elements - {"using":"xpath","value":"//*[@id=\"__button376\"]"}
RESULT: {"using":"xpath","value":"//*[@id=\"__button376\"]"}
COMMAND: POST /session/02ea79fddde22fa81bffc0522714798c/elements - {"using":"xpath","value":"//*[@id=\"__button376\"]"}
RESULT: {"using":"xpath","value":"//*[@id=\"__button376\"]"}
COMMAND: POST /session/02ea79fddde22fa81bffc0522714798c/elements - {"using":"xpath","value":"//*[@id=\"__button376\"]"}
RESULT: {"using":"xpath","value":"//*[@id=\"__button376\"]"}
COMMAND: POST /session/02ea79fddde22fa81bffc0522714798c/elements - {"using":"xpath","value":"//*[@id=\"__button376\"]"}
RESULT: {"using":"xpath","value":"//*[@id=\"__button376\"]"}
COMMAND: POST /session/02ea79fddde22fa81bffc0522714798c/elements - {"using":"xpath","value":"//*[@id=\"__button376\"]"}
RESULT: {"using":"xpath","value":"//*[@id=\"__button376\"]"}
COMMAND: POST /session/02ea79fddde22fa81bffc0522714798c/elements - {"using":"xpath","value":"//*[@id=\"__button376\"]"}
RESULT: {"using":"xpath","value":"//*[@id=\"__button376\"]"}
COMMAND: POST /session/02ea79fddde22fa81bffc0522714798c/elements - {"using":"xpath","value":"//*[@id=\"__button376\"]"}
RESULT: {"using":"xpath","value":"//*[@id=\"__button376\"]"}
COMMAND: POST /session/02ea79fddde22fa81bffc0522714798c/elements - {"using":"xpath","value":"//*[@id=\"__button376\"]"}
RESULT: {"using":"xpath","value":"//*[@id=\"__button376\"]"}
COMMAND: POST /session/02ea79fddde22fa81bffc0522714798c/elements - {"using":"xpath","value":"//*[@id=\"__button376\"]"}
RESULT: {"using":"xpath","value":"//*[@id=\"__button376\"]"}
COMMAND: POST /session/02ea79fddde22fa81bffc0522714798c/elements - {"using":"xpath","value":"//*[@id=\"__button376\"]"}
RESULT: {"using":"xpath","value":"//*[@id=\"__button376\"]"}
COMMAND: POST /session/02ea79fddde22fa81bffc0522714798c/elements - {"using":"xpath","value":"//*[@id=\"__button376\"]"}
RESULT: {"using":"xpath","value":"//*[@id=\"__button376\"]"}
COMMAND: POST /session/02ea79fddde22fa81bffc0522714798c/elements - {"using":"xpath","value":"//*[@id=\"__button376\"]"}
RESULT: {"using":"xpath","value":"//*[@id=\"__button376\"]"}
COMMAND: POST /session/02ea79fddde22fa81bffc0522714798c/elements - {"using":"xpath","value":"//*[@id=\"__button376\"]"}
RESULT: {"using":"xpath","value":"//*[@id=\"__button376\"]"}
COMMAND: POST /session/02ea79fddde22fa81bffc0522714798c/elements - {"using":"xpath","value":"//*[@id=\"__button376\"]"}
RESULT: {"using":"xpath","value":"//*[@id=\"__button376\"]"}
COMMAND: POST /session/02ea79fddde22fa81bffc0522714798c/elements - {"using":"xpath","value":"//*[@id=\"__button376\"]"}
RESULT: {"using":"xpath","value":"//*[@id=\"__button376\"]"}
COMMAND: POST /session/02ea79fddde22fa81bffc0522714798c/elements - {"using":"xpath","value":"//*[@id=\"__button376\"]"}
RESULT: {"using":"xpath","value":"//*[@id=\"__button376\"]"}
COMMAND: POST /session/02ea79fddde22fa81bffc0522714798c/elements - {"using":"xpath","value":"//*[@id=\"__button376\"]"}
RESULT: {"using":"xpath","value":"//*[@id=\"__button376\"]"}
COMMAND: POST /session/02ea79fddde22fa81bffc0522714798c/elements - {"using":"xpath","value":"//*[@id=\"__button376\"]"}
RESULT: {"using":"xpath","value":"//*[@id=\"__button376\"]"}
COMMAND: POST /session/02ea79fddde22fa81bffc0522714798c/elements - {"using":"xpath","value":"//*[@id=\"__button376\"]"}
RESULT: {"using":"xpath","value":"//*[@id=\"__button376\"]"}
COMMAND: POST /session/02ea79fddde22fa81bffc0522714798c/elements - {"using":"xpath","value":"//*[@id=\"__button376\"]"}
RESULT: {"using":"xpath","value":"//*[@id=\"__button376\"]"}
COMMAND: POST /session/02ea79fddde22fa81bffc0522714798c/elements - {"using":"xpath","value":"//*[@id=\"__button376\"]"}
RESULT: {"using":"xpath","value":"//*[@id=\"__button376\"]"}
COMMAND: POST /session/02ea79fddde22fa81bffc0522714798c/elements - {"using":"xpath","value":"//*[@id=\"__button376\"]"}
RESULT: {"using":"xpath","value":"//*[@id=\"__button376\"]"}
COMMAND: POST /session/02ea79fddde22fa81bffc0522714798c/elements - {"using":"xpath","value":"//*[@id=\"__button376\"]"}
RESULT: {"using":"xpath","value":"//*[@id=\"__button376\"]"}
COMMAND: POST /session/02ea79fddde22fa81bffc0522714798c/elements - {"using":"xpath","value":"//*[@id=\"__button376\"]"}
RESULT: {"using":"xpath","value":"//*[@id=\"__button376\"]"}
COMMAND: POST /session/02ea79fddde22fa81bffc0522714798c/elements - {"using":"xpath","value":"//*[@id=\"__button376\"]"}
RESULT: {"using":"xpath","value":"//*[@id=\"__button376\"]"}
COMMAND: POST /session/02ea79fddde22fa81bffc0522714798c/elements - {"using":"xpath","value":"//*[@id=\"__button376\"]"}
RESULT: {"using":"xpath","value":"//*[@id=\"__button376\"]"}
COMMAND: POST /session/02ea79fddde22fa81bffc0522714798c/elements - {"using":"xpath","value":"//*[@id=\"__button376\"]"}
RESULT: {"using":"xpath","value":"//*[@id=\"__button376\"]"}
COMMAND: POST /session/02ea79fddde22fa81bffc0522714798c/elements - {"using":"xpath","value":"//*[@id=\"__button376\"]"}
RESULT: {"using":"xpath","value":"//*[@id=\"__button376\"]"}
COMMAND: POST /session/02ea79fddde22fa81bffc0522714798c/elements - {"using":"xpath","value":"//*[@id=\"__button376\"]"}
RESULT: {"using":"xpath","value":"//*[@id=\"__button376\"]"}
COMMAND: POST /session/02ea79fddde22fa81bffc0522714798c/elements - {"using":"xpath","value":"//*[@id=\"__button376\"]"}
RESULT: {"using":"xpath","value":"//*[@id=\"__button376\"]"}
COMMAND: POST /session/02ea79fddde22fa81bffc0522714798c/elements - {"using":"xpath","value":"//*[@id=\"__button376\"]"}
RESULT: {"using":"xpath","value":"//*[@id=\"__button376\"]"}
COMMAND: POST /session/02ea79fddde22fa81bffc0522714798c/elements - {"using":"xpath","value":"//*[@id=\"__button376\"]"}
RESULT: {"using":"xpath","value":"//*[@id=\"__button376\"]"}
COMMAND: POST /session/02ea79fddde22fa81bffc0522714798c/elements - {"using":"xpath","value":"//*[@id=\"__button376\"]"}
RESULT: {"using":"xpath","value":"//*[@id=\"__button376\"]"}
COMMAND: POST /session/02ea79fddde22fa81bffc0522714798c/elements - {"using":"xpath","value":"//*[@id=\"__button376\"]"}
RESULT: {"using":"xpath","value":"//*[@id=\"__button376\"]"}
COMMAND: POST /session/02ea79fddde22fa81bffc0522714798c/elements - {"using":"xpath","value":"//*[@id=\"__button376\"]"}
RESULT: {"using":"xpath","value":"//*[@id=\"__button376\"]"}
COMMAND: POST /session/02ea79fddde22fa81bffc0522714798c/elements - {"using":"xpath","value":"//*[@id=\"__button376\"]"}
RESULT: {"using":"xpath","value":"//*[@id=\"__button376\"]"}
COMMAND: POST /session/02ea79fddde22fa81bffc0522714798c/elements - {"using":"xpath","value":"//*[@id=\"__button376\"]"}
RESULT: {"using":"xpath","value":"//*[@id=\"__button376\"]"}
COMMAND: POST /session/02ea79fddde22fa81bffc0522714798c/elements - {"using":"xpath","value":"//*[@id=\"__button376\"]"}
RESULT: {"using":"xpath","value":"//*[@id=\"__button376\"]"}
COMMAND: POST /session/02ea79fddde22fa81bffc0522714798c/elements - {"using":"xpath","value":"//*[@id=\"__button376\"]"}
RESULT: {"using":"xpath","value":"//*[@id=\"__button376\"]"}
COMMAND: POST /session/02ea79fddde22fa81bffc0522714798c/elements - {"using":"xpath","value":"//*[@id=\"__button376\"]"}
RESULT: {"using":"xpath","value":"//*[@id=\"__button376\"]"}
COMMAND: POST /session/02ea79fddde22fa81bffc0522714798c/elements - {"using":"xpath","value":"//*[@id=\"__button376\"]"}
RESULT: {"using":"xpath","value":"//*[@id=\"__button376\"]"}
COMMAND: POST /session/02ea79fddde22fa81bffc0522714798c/elements - {"using":"xpath","value":"//*[@id=\"__button376\"]"}
RESULT: {"using":"xpath","value":"//*[@id=\"__button376\"]"}
COMMAND: POST /session/02ea79fddde22fa81bffc0522714798c/elements - {"using":"xpath","value":"//*[@id=\"__button376\"]"}
RESULT: {"using":"xpath","value":"//*[@id=\"__button376\"]"}
COMMAND: POST /session/02ea79fddde22fa81bffc0522714798c/elements - {"using":"xpath","value":"//*[@id=\"__button376\"]"}
RESULT: {"using":"xpath","value":"//*[@id=\"__button376\"]"}
COMMAND: POST /session/02ea79fddde22fa81bffc0522714798c/elements - {"using":"xpath","value":"//*[@id=\"__button376\"]"}
RESULT: {"using":"xpath","value":"//*[@id=\"__button376\"]"}
COMMAND: POST /session/02ea79fddde22fa81bffc0522714798c/elements - {"using":"xpath","value":"//*[@id=\"__button376\"]"}
RESULT: {"using":"xpath","value":"//*[@id=\"__button376\"]"}
COMMAND: POST /session/02ea79fddde22fa81bffc0522714798c/elements - {"using":"xpath","value":"//*[@id=\"__button376\"]"}
RESULT: {"using":"xpath","value":"//*[@id=\"__button376\"]"}
COMMAND: POST /session/02ea79fddde22fa81bffc0522714798c/elements - {"using":"xpath","value":"//*[@id=\"__button376\"]"}
RESULT: {"using":"xpath","value":"//*[@id=\"__button376\"]"}
COMMAND: POST /session/02ea79fddde22fa81bffc0522714798c/elements - {"using":"xpath","value":"//*[@id=\"__button376\"]"}
RESULT: {"using":"xpath","value":"//*[@id=\"__button376\"]"}
COMMAND: POST /session/02ea79fddde22fa81bffc0522714798c/elements - {"using":"xpath","value":"//*[@id=\"__button376\"]"}
RESULT: {"using":"xpath","value":"//*[@id=\"__button376\"]"}
COMMAND: POST /session/02ea79fddde22fa81bffc0522714798c/elements - {"using":"xpath","value":"//*[@id=\"__button376\"]"}
RESULT: {"using":"xpath","value":"//*[@id=\"__button376\"]"}
COMMAND: POST /session/02ea79fddde22fa81bffc0522714798c/elements - {"using":"xpath","value":"//*[@id=\"__button376\"]"}
RESULT: {"using":"xpath","value":"//*[@id=\"__button376\"]"}
COMMAND: POST /session/02ea79fddde22fa81bffc0522714798c/elements - {"using":"xpath","value":"//*[@id=\"__button376\"]"}
RESULT: {"using":"xpath","value":"//*[@id=\"__button376\"]"}
COMMAND: POST /session/02ea79fddde22fa81bffc0522714798c/elements - {"using":"xpath","value":"//*[@id=\"__button376\"]"}
RESULT: {"using":"xpath","value":"//*[@id=\"__button376\"]"}
COMMAND: POST /session/02ea79fddde22fa81bffc0522714798c/elements - {"using":"xpath","value":"//*[@id=\"__button376\"]"}
RESULT: {"using":"xpath","value":"//*[@id=\"__button376\"]"}
COMMAND: POST /session/02ea79fddde22fa81bffc0522714798c/elements - {"using":"xpath","value":"//*[@id=\"__button376\"]"}
RESULT: {"using":"xpath","value":"//*[@id=\"__button376\"]"}
COMMAND: POST /session/02ea79fddde22fa81bffc0522714798c/elements - {"using":"xpath","value":"//*[@id=\"__button376\"]"}
RESULT: {"using":"xpath","value":"//*[@id=\"__button376\"]"}
COMMAND: POST /session/02ea79fddde22fa81bffc0522714798c/elements - {"using":"xpath","value":"//*[@id=\"__button376\"]"}
RESULT: {"using":"xpath","value":"//*[@id=\"__button376\"]"}
COMMAND: POST /session/02ea79fddde22fa81bffc0522714798c/elements - {"using":"xpath","value":"//*[@id=\"__button376\"]"}
RESULT: {"using":"xpath","value":"//*[@id=\"__button376\"]"}
COMMAND: POST /session/02ea79fddde22fa81bffc0522714798c/elements - {"using":"xpath","value":"//*[@id=\"__button376\"]"}
RESULT: {"using":"xpath","value":"//*[@id=\"__button376\"]"}
COMMAND: POST /session/02ea79fddde22fa81bffc0522714798c/elements - {"using":"xpath","value":"//*[@id=\"__button376\"]"}
RESULT: {"using":"xpath","value":"//*[@id=\"__button376\"]"}
COMMAND: POST /session/02ea79fddde22fa81bffc0522714798c/elements - {"using":"xpath","value":"//*[@id=\"__button376\"]"}
RESULT: {"using":"xpath","value":"//*[@id=\"__button376\"]"}
COMMAND: POST /session/02ea79fddde22fa81bffc0522714798c/elements - {"using":"xpath","value":"//*[@id=\"__button376\"]"}
RESULT: {"using":"xpath","value":"//*[@id=\"__button376\"]"}
COMMAND: POST /session/02ea79fddde22fa81bffc0522714798c/elements - {"using":"xpath","value":"//*[@id=\"__button376\"]"}
RESULT: {"using":"xpath","value":"//*[@id=\"__button376\"]"}
COMMAND: POST /session/02ea79fddde22fa81bffc0522714798c/elements - {"using":"xpath","value":"//*[@id=\"__button376\"]"}
RESULT: {"using":"xpath","value":"//*[@id=\"__button376\"]"}
COMMAND: POST /session/02ea79fddde22fa81bffc0522714798c/elements - {"using":"xpath","value":"//*[@id=\"__button376\"]"}
RESULT: {"using":"xpath","value":"//*[@id=\"__button376\"]"}
COMMAND: POST /session/02ea79fddde22fa81bffc0522714798c/elements - {"using":"xpath","value":"//*[@id=\"__button376\"]"}
RESULT: {"using":"xpath","value":"//*[@id=\"__button376\"]"}
COMMAND: POST /session/02ea79fddde22fa81bffc0522714798c/elements - {"using":"xpath","value":"//*[@id=\"__button376\"]"}
RESULT: {"using":"xpath","value":"//*[@id=\"__button376\"]"}
COMMAND: POST /session/02ea79fddde22fa81bffc0522714798c/elements - {"using":"xpath","value":"//*[@id=\"__button376\"]"}
RESULT: {"using":"xpath","value":"//*[@id=\"__button376\"]"}
COMMAND: POST /session/02ea79fddde22fa81bffc0522714798c/elements - {"using":"xpath","value":"//*[@id=\"__button376\"]"}
RESULT: {"using":"xpath","value":"//*[@id=\"__button376\"]"}
COMMAND: POST /session/02ea79fddde22fa81bffc0522714798c/elements - {"using":"xpath","value":"//*[@id=\"__button376\"]"}
RESULT: {"using":"xpath","value":"//*[@id=\"__button376\"]"}
COMMAND: POST /session/02ea79fddde22fa81bffc0522714798c/elements - {"using":"xpath","value":"//*[@id=\"__button376\"]"}
RESULT: {"using":"xpath","value":"//*[@id=\"__button376\"]"}
COMMAND: POST /session/02ea79fddde22fa81bffc0522714798c/elements - {"using":"xpath","value":"//*[@id=\"__button376\"]"}
RESULT: {"using":"xpath","value":"//*[@id=\"__button376\"]"}
COMMAND: POST /session/02ea79fddde22fa81bffc0522714798c/elements - {"using":"xpath","value":"//*[@id=\"__button376\"]"}
RESULT: {"using":"xpath","value":"//*[@id=\"__button376\"]"}
COMMAND: POST /session/02ea79fddde22fa81bffc0522714798c/elements - {"using":"xpath","value":"//*[@id=\"__button376\"]"}
RESULT: {"using":"xpath","value":"//*[@id=\"__button376\"]"}
COMMAND: POST /session/02ea79fddde22fa81bffc0522714798c/elements - {"using":"xpath","value":"//*[@id=\"__button376\"]"}
RESULT: {"using":"xpath","value":"//*[@id=\"__button376\"]"}
COMMAND: POST /session/02ea79fddde22fa81bffc0522714798c/elements - {"using":"xpath","value":"//*[@id=\"__button376\"]"}
RESULT: {"using":"xpath","value":"//*[@id=\"__button376\"]"}
COMMAND: POST /session/02ea79fddde22fa81bffc0522714798c/elements - {"using":"xpath","value":"//*[@id=\"__button376\"]"}
RESULT: {"using":"xpath","value":"//*[@id=\"__button376\"]"}
COMMAND: POST /session/02ea79fddde22fa81bffc0522714798c/elements - {"using":"xpath","value":"//*[@id=\"__button376\"]"}
RESULT: {"using":"xpath","value":"//*[@id=\"__button376\"]"}
COMMAND: POST /session/02ea79fddde22fa81bffc0522714798c/elements - {"using":"xpath","value":"//*[@id=\"__button376\"]"}
RESULT: {"using":"xpath","value":"//*[@id=\"__button376\"]"}
COMMAND: POST /session/02ea79fddde22fa81bffc0522714798c/elements - {"using":"xpath","value":"//*[@id=\"__button376\"]"}
RESULT: {"using":"xpath","value":"//*[@id=\"__button376\"]"}
COMMAND: POST /session/02ea79fddde22fa81bffc0522714798c/elements - {"using":"xpath","value":"//*[@id=\"__button376\"]"}
RESULT: {"using":"xpath","value":"//*[@id=\"__button376\"]"}
COMMAND: POST /session/02ea79fddde22fa81bffc0522714798c/elements - {"using":"xpath","value":"//*[@id=\"__button376\"]"}
RESULT: {"using":"xpath","value":"//*[@id=\"__button376\"]"}
COMMAND: POST /session/02ea79fddde22fa81bffc0522714798c/elements - {"using":"xpath","value":"//*[@id=\"__button376\"]"}
RESULT: {"using":"xpath","value":"//*[@id=\"__button376\"]"}
COMMAND: POST /session/02ea79fddde22fa81bffc0522714798c/elements - {"using":"xpath","value":"//*[@id=\"__button376\"]"}
RESULT: {"using":"xpath","value":"//*[@id=\"__button376\"]"}
COMMAND: POST /session/02ea79fddde22fa81bffc0522714798c/elements - {"using":"xpath","value":"//*[@id=\"__button376\"]"}
RESULT: {"using":"xpath","value":"//*[@id=\"__button376\"]"}
COMMAND: POST /session/02ea79fddde22fa81bffc0522714798c/elements - {"using":"xpath","value":"//*[@id=\"__button376\"]"}
RESULT: {"using":"xpath","value":"//*[@id=\"__button376\"]"}
COMMAND: POST /session/02ea79fddde22fa81bffc0522714798c/elements - {"using":"xpath","value":"//*[@id=\"__button376\"]"}
RESULT: {"using":"xpath","value":"//*[@id=\"__button376\"]"}
COMMAND: POST /session/02ea79fddde22fa81bffc0522714798c/elements - {"using":"xpath","value":"//*[@id=\"__button376\"]"}
RESULT: {"using":"xpath","value":"//*[@id=\"__button376\"]"}
COMMAND: POST /session/02ea79fddde22fa81bffc0522714798c/element - {"using":"css selector","value":"#shell-header-logo"}
RESULT: {"using":"css selector","value":"#shell-header-logo"}
COMMAND: POST /session/02ea79fddde22fa81bffc0522714798c/execute/sync - {"script":"<script> [8489 bytes]","args":[{"element-6066-11e4-a52e-4f735466cecf":"f.CB997DD3A6212A0539B4B9AD4CB02789.d.28086D720F19461EB30B7165D79EE247.e.17788","ELEMENT":"f.CB997DD3A6212A0539B4B9AD4CB02789.d.28086D720F19461EB30B7165D79EE247.e.17788"}]}
RESULT: {"script":"<script> [8489 bytes]","args":[{"element-6066-11e4-a52e-4f735466cecf":"f.CB997DD3A6212A0539B4B9AD4CB02789.d.28086D720F19461EB30B7165D79EE247.e.17788","ELEMENT":"f.CB997DD3A6212A0539B4B9AD4CB02789.d.28086D720F19461EB30B7165D79EE247.e.17788"}]}
COMMAND: POST /session/02ea79fddde22fa81bffc0522714798c/execute/sync - {"script":"<script> [5351 bytes]","args":[{"element-6066-11e4-a52e-4f735466cecf":"f.CB997DD3A6212A0539B4B9AD4CB02789.d.28086D720F19461EB30B7165D79EE247.e.17788","ELEMENT":"f.CB997DD3A6212A0539B4B9AD4CB02789.d.28086D720F19461EB30B7165D79EE247.e.17788"}]}
COMMAND: GET /session/02ea79fddde22fa81bffc0522714798c/screenshot - {}
RESULT: {"script":"<script> [5351 bytes]","args":[{"element-6066-11e4-a52e-4f735466cecf":"f.CB997DD3A6212A0539B4B9AD4CB02789.d.28086D720F19461EB30B7165D79EE247.e.17788","ELEMENT":"f.CB997DD3A6212A0539B4B9AD4CB02789.d.28086D720F19461EB30B7165D79EE247.e.17788"}]}
COMMAND: POST /session/02ea79fddde22fa81bffc0522714798c/element/f.CB997DD3A6212A0539B4B9AD4CB02789.d.28086D720F19461EB30B7165D79EE247.e.17788/click - {}
COMMAND: GET /session/02ea79fddde22fa81bffc0522714798c/screenshot - {}
RESULT: {}
RESULT: {}
]]></system-out>
    </testcase>
    <testcase classname="chrome.135_0_7049_96.windows.Performance_based_billing_(work_days)_US139742" name="Should go to Manage Billings and trigger calculation check the conditions applied" time="54.28">
      <system-out><![CDATA[
COMMAND: POST /session/02ea79fddde22fa81bffc0522714798c/execute/async - {"script":"<script> [1562 bytes]","args":[{"selector":{"controlType":"sap.m.GenericTile","properties":{"header":"Manage Billings"}},"wdio_ui5_key":"sapm.GenericTile{\"header\":\"Manage Billings\"}"}]}
COMMAND: GET /session/02ea79fddde22fa81bffc0522714798c/screenshot - {}
RESULT: {}
RESULT: {"script":"<script> [1562 bytes]","args":[{"selector":{"controlType":"sap.m.GenericTile","properties":{"header":"Manage Billings"}},"wdio_ui5_key":"sapm.GenericTile{\"header\":\"Manage Billings\"}"}]}
RESULT: undefined
COMMAND: POST /session/02ea79fddde22fa81bffc0522714798c/element - {"using":"xpath","value":"//*[@id=\"__tile51\"]"}
RESULT: {}
RESULT: {"using":"xpath","value":"//*[@id=\"__tile51\"]"}
COMMAND: POST /session/02ea79fddde22fa81bffc0522714798c/element/f.CB997DD3A6212A0539B4B9AD4CB02789.d.28086D720F19461EB30B7165D79EE247.e.14179/click - {}
RESULT: {}
COMMAND: GET /session/02ea79fddde22fa81bffc0522714798c/screenshot - {}
COMMAND: POST /session/02ea79fddde22fa81bffc0522714798c/execute/async - {"script":"<script> [1562 bytes]","args":[{"selector":{"id":"application-managebillings-display-component---billRunCalcResult--smartFilterBar-btnBasicSearch","interaction":{"idSuffix":"I"}},"wdio_ui5_key":"applicationmanagebillings-display-component---billRunCalcResult--smartFilterBar-btnBasicSearch"}]}
RESULT: {}
RESULT: {"script":"<script> [1562 bytes]","args":[{"selector":{"id":"application-managebillings-display-component---billRunCalcResult--smartFilterBar-btnBasicSearch","interaction":{"idSuffix":"I"}},"wdio_ui5_key":"applicationmanagebillings-display-component---billRunCalcResult--smartFilterBar-btnBasicSearch"}]}
RESULT: undefined
COMMAND: POST /session/02ea79fddde22fa81bffc0522714798c/execute/async - {"script":"<script> [776 bytes]","args":[{"enterText":"10286","selector":{"id":"application-managebillings-display-component---billRunCalcResult--smartFilterBar-btnBasicSearch","interaction":{"idSuffix":"I"}},"clearTextFirst":true,"interactionType":"ENTER_TEXT"}]}
RESULT: {"script":"<script> [776 bytes]","args":[{"enterText":"10286","selector":{"id":"application-managebillings-display-component---billRunCalcResult--smartFilterBar-btnBasicSearch","interaction":{"idSuffix":"I"}},"clearTextFirst":true,"interactionType":"ENTER_TEXT"}]}
COMMAND: POST /session/02ea79fddde22fa81bffc0522714798c/actions - {"actions":[{"id":"action65","type":"key","parameters":{},"actions":[{"type":"keyDown","value":"î€‡"},{"type":"pause","duration":10},{"type":"keyUp","value":"î€‡"}]}]}
RESULT: {"actions":[{"id":"action65","type":"key","parameters":{},"actions":[{"type":"keyDown","value":"î€‡"},{"type":"pause","duration":10},{"type":"keyUp","value":"î€‡"}]}]}
COMMAND: GET /session/02ea79fddde22fa81bffc0522714798c/screenshot - {}
RESULT: {}
COMMAND: POST /session/02ea79fddde22fa81bffc0522714798c/element - {"using":"xpath","value":"//td[@aria-colindex=\"1\"]/div/div[contains(@class, \"sapMCbBg\")]"}
RESULT: {"using":"xpath","value":"//td[@aria-colindex=\"1\"]/div/div[contains(@class, \"sapMCbBg\")]"}
COMMAND: POST /session/02ea79fddde22fa81bffc0522714798c/element/f.CB997DD3A6212A0539B4B9AD4CB02789.d.28086D720F19461EB30B7165D79EE247.e.18214/click - {}
RESULT: {}
COMMAND: GET /session/02ea79fddde22fa81bffc0522714798c/screenshot - {}
RESULT: {}
COMMAND: POST /session/02ea79fddde22fa81bffc0522714798c/execute/async - {"script":"<script> [1562 bytes]","args":[{"selector":{"id":"application-managebillings-display-component---billRunCalcResult--contractBillRunDate","interaction":{"idSuffix":"inner"}},"wdio_ui5_key":"applicationmanagebillings-display-component---billRunCalcResult--contractBillRunDate"}]}
RESULT: {"script":"<script> [1562 bytes]","args":[{"selector":{"id":"application-managebillings-display-component---billRunCalcResult--contractBillRunDate","interaction":{"idSuffix":"inner"}},"wdio_ui5_key":"applicationmanagebillings-display-component---billRunCalcResult--contractBillRunDate"}]}
RESULT: undefined
COMMAND: POST /session/02ea79fddde22fa81bffc0522714798c/execute/async - {"script":"<script> [776 bytes]","args":[{"enterText":"05/28/25","selector":{"id":"application-managebillings-display-component---billRunCalcResult--contractBillRunDate","interaction":{"idSuffix":"inner"}},"clearTextFirst":true,"interactionType":"ENTER_TEXT"}]}
RESULT: {"script":"<script> [776 bytes]","args":[{"enterText":"05/28/25","selector":{"id":"application-managebillings-display-component---billRunCalcResult--contractBillRunDate","interaction":{"idSuffix":"inner"}},"clearTextFirst":true,"interactionType":"ENTER_TEXT"}]}
COMMAND: POST /session/02ea79fddde22fa81bffc0522714798c/element - {"using":"xpath","value":"//bdi[contains(text(), \"Trigger Calculation\")]"}
RESULT: {"using":"xpath","value":"//bdi[contains(text(), \"Trigger Calculation\")]"}
COMMAND: POST /session/02ea79fddde22fa81bffc0522714798c/element/f.CB997DD3A6212A0539B4B9AD4CB02789.d.28086D720F19461EB30B7165D79EE247.e.18235/click - {}
RESULT: {}
COMMAND: GET /session/02ea79fddde22fa81bffc0522714798c/screenshot - {}
RESULT: {}
COMMAND: POST /session/02ea79fddde22fa81bffc0522714798c/element - {"using":"xpath","value":"(//span[contains(@id, \"imgNav\")])[1]"}
RESULT: {"using":"xpath","value":"(//span[contains(@id, \"imgNav\")])[1]"}
COMMAND: POST /session/02ea79fddde22fa81bffc0522714798c/element/f.CB997DD3A6212A0539B4B9AD4CB02789.d.28086D720F19461EB30B7165D79EE247.e.18228/click - {}
RESULT: {}
COMMAND: GET /session/02ea79fddde22fa81bffc0522714798c/screenshot - {}
RESULT: {}
COMMAND: POST /session/02ea79fddde22fa81bffc0522714798c/element - {"using":"xpath","value":"//tr/td[6]/div[1]/span[1]/span[1]"}
RESULT: {"using":"xpath","value":"//tr/td[6]/div[1]/span[1]/span[1]"}
COMMAND: GET /session/02ea79fddde22fa81bffc0522714798c/element/f.CB997DD3A6212A0539B4B9AD4CB02789.d.28086D720F19461EB30B7165D79EE247.e.18239/text - {}
RESULT: {}
COMMAND: POST /session/02ea79fddde22fa81bffc0522714798c/element - {"using":"xpath","value":"(//span[contains(@id, \"imgNav\")])[2]"}
RESULT: {"using":"xpath","value":"(//span[contains(@id, \"imgNav\")])[2]"}
COMMAND: POST /session/02ea79fddde22fa81bffc0522714798c/element/f.CB997DD3A6212A0539B4B9AD4CB02789.d.28086D720F19461EB30B7165D79EE247.e.18240/click - {}
RESULT: {}
COMMAND: POST /session/02ea79fddde22fa81bffc0522714798c/element - {"using":"xpath","value":"//bdi[contains(text(), \"Business Confirm\")]"}
COMMAND: GET /session/02ea79fddde22fa81bffc0522714798c/screenshot - {}
RESULT: {"using":"xpath","value":"//bdi[contains(text(), \"Business Confirm\")]"}
COMMAND: POST /session/02ea79fddde22fa81bffc0522714798c/elements - {"using":"xpath","value":"//bdi[contains(text(), \"Business Confirm\")]"}
RESULT: {}
RESULT: {"using":"xpath","value":"//bdi[contains(text(), \"Business Confirm\")]"}
COMMAND: POST /session/02ea79fddde22fa81bffc0522714798c/element - {"using":"xpath","value":"//bdi[contains(text(), \"Business Confirm\")]"}
RESULT: {"using":"xpath","value":"//bdi[contains(text(), \"Business Confirm\")]"}
COMMAND: POST /session/02ea79fddde22fa81bffc0522714798c/element/f.CB997DD3A6212A0539B4B9AD4CB02789.d.28086D720F19461EB30B7165D79EE247.e.18243/click - {}
COMMAND: POST /session/02ea79fddde22fa81bffc0522714798c/element - {"using":"xpath","value":"//bdi[contains(text(), \"Business Confirm\")]"}
RESULT: {"using":"xpath","value":"//bdi[contains(text(), \"Business Confirm\")]"}
COMMAND: POST /session/02ea79fddde22fa81bffc0522714798c/element/f.CB997DD3A6212A0539B4B9AD4CB02789.d.28086D720F19461EB30B7165D79EE247.e.18243/click - {}
COMMAND: POST /session/02ea79fddde22fa81bffc0522714798c/element - {"using":"xpath","value":"//bdi[contains(text(), \"Business Confirm\")]"}
RESULT: {"using":"xpath","value":"//bdi[contains(text(), \"Business Confirm\")]"}
COMMAND: POST /session/02ea79fddde22fa81bffc0522714798c/element/f.CB997DD3A6212A0539B4B9AD4CB02789.d.28086D720F19461EB30B7165D79EE247.e.18299/click - {}
RESULT: {}
COMMAND: POST /session/02ea79fddde22fa81bffc0522714798c/element - {"using":"css selector","value":"#shell-header-logo"}
COMMAND: GET /session/02ea79fddde22fa81bffc0522714798c/screenshot - {}
RESULT: {"using":"css selector","value":"#shell-header-logo"}
COMMAND: POST /session/02ea79fddde22fa81bffc0522714798c/element/f.CB997DD3A6212A0539B4B9AD4CB02789.d.28086D720F19461EB30B7165D79EE247.e.17974/click - {}
RESULT: {}
RESULT: {}
COMMAND: GET /session/02ea79fddde22fa81bffc0522714798c/screenshot - {}
RESULT: {}
COMMAND: POST /session/02ea79fddde22fa81bffc0522714798c/element - {"using":"css selector","value":"#j_username"}
COMMAND: POST /session/02ea79fddde22fa81bffc0522714798c/url - {"url":"https://qa-testing-00-live-etm-ui.cfapps.eu10-004.hana.ondemand.com/"}
RESULT: {"using":"css selector","value":"#j_username"}
COMMAND: POST /session/02ea79fddde22fa81bffc0522714798c/element - {"using":"css selector","value":"#j_username"}
RESULT: {"url":"https://qa-testing-00-live-etm-ui.cfapps.eu10-004.hana.ondemand.com/"}
RESULT: undefined
COMMAND: GET /session/02ea79fddde22fa81bffc0522714798c/screenshot - {}
RESULT: {"using":"css selector","value":"#j_username"}
COMMAND: POST /session/02ea79fddde22fa81bffc0522714798c/element - {"using":"css selector","value":"#shell-header-logo"}
RESULT: {}
RESULT: {"using":"css selector","value":"#shell-header-logo"}
COMMAND: POST /session/02ea79fddde22fa81bffc0522714798c/execute/sync - {"script":"<script> [8489 bytes]","args":[{"element-6066-11e4-a52e-4f735466cecf":"f.CB997DD3A6212A0539B4B9AD4CB02789.d.3BAB1A93D26F61E33CE1F6AA6D66CD11.e.18317","ELEMENT":"f.CB997DD3A6212A0539B4B9AD4CB02789.d.3BAB1A93D26F61E33CE1F6AA6D66CD11.e.18317"}]}
RESULT: {"script":"<script> [8489 bytes]","args":[{"element-6066-11e4-a52e-4f735466cecf":"f.CB997DD3A6212A0539B4B9AD4CB02789.d.3BAB1A93D26F61E33CE1F6AA6D66CD11.e.18317","ELEMENT":"f.CB997DD3A6212A0539B4B9AD4CB02789.d.3BAB1A93D26F61E33CE1F6AA6D66CD11.e.18317"}]}
COMMAND: POST /session/02ea79fddde22fa81bffc0522714798c/element - {"using":"css selector","value":"#shell-header-logo"}
COMMAND: GET /session/02ea79fddde22fa81bffc0522714798c/screenshot - {}
RESULT: {"using":"css selector","value":"#shell-header-logo"}
COMMAND: POST /session/02ea79fddde22fa81bffc0522714798c/execute/sync - {"script":"<script> [8489 bytes]","args":[{"element-6066-11e4-a52e-4f735466cecf":"f.CB997DD3A6212A0539B4B9AD4CB02789.d.3BAB1A93D26F61E33CE1F6AA6D66CD11.e.18317","ELEMENT":"f.CB997DD3A6212A0539B4B9AD4CB02789.d.3BAB1A93D26F61E33CE1F6AA6D66CD11.e.18317"}]}
RESULT: {}
RESULT: {"script":"<script> [8489 bytes]","args":[{"element-6066-11e4-a52e-4f735466cecf":"f.CB997DD3A6212A0539B4B9AD4CB02789.d.3BAB1A93D26F61E33CE1F6AA6D66CD11.e.18317","ELEMENT":"f.CB997DD3A6212A0539B4B9AD4CB02789.d.3BAB1A93D26F61E33CE1F6AA6D66CD11.e.18317"}]}
COMMAND: POST /session/02ea79fddde22fa81bffc0522714798c/execute/sync - {"script":"<script> [5351 bytes]","args":[{"element-6066-11e4-a52e-4f735466cecf":"f.CB997DD3A6212A0539B4B9AD4CB02789.d.3BAB1A93D26F61E33CE1F6AA6D66CD11.e.18317","ELEMENT":"f.CB997DD3A6212A0539B4B9AD4CB02789.d.3BAB1A93D26F61E33CE1F6AA6D66CD11.e.18317"}]}
COMMAND: GET /session/02ea79fddde22fa81bffc0522714798c/screenshot - {}
RESULT: {"script":"<script> [5351 bytes]","args":[{"element-6066-11e4-a52e-4f735466cecf":"f.CB997DD3A6212A0539B4B9AD4CB02789.d.3BAB1A93D26F61E33CE1F6AA6D66CD11.e.18317","ELEMENT":"f.CB997DD3A6212A0539B4B9AD4CB02789.d.3BAB1A93D26F61E33CE1F6AA6D66CD11.e.18317"}]}
COMMAND: POST /session/02ea79fddde22fa81bffc0522714798c/element - {"using":"css selector","value":"#shell-header-logo"}
COMMAND: GET /session/02ea79fddde22fa81bffc0522714798c/screenshot - {}
RESULT: {}
RESULT: {"using":"css selector","value":"#shell-header-logo"}
COMMAND: POST /session/02ea79fddde22fa81bffc0522714798c/element/f.CB997DD3A6212A0539B4B9AD4CB02789.d.3BAB1A93D26F61E33CE1F6AA6D66CD11.e.18317/click - {}
RESULT: {}
RESULT: {}
COMMAND: GET /session/02ea79fddde22fa81bffc0522714798c/screenshot - {}
RESULT: {}
COMMAND: POST /session/02ea79fddde22fa81bffc0522714798c/execute/async - {"script":"<script> [189 bytes]","args":[]}
RESULT: {"script":"<script> [189 bytes]","args":[]}
COMMAND: POST /session/02ea79fddde22fa81bffc0522714798c/execute/async - {"script":"<script> [123 bytes]","args":[]}
RESULT: {"script":"<script> [123 bytes]","args":[]}
COMMAND: POST /session/02ea79fddde22fa81bffc0522714798c/timeouts - {"script":"<number>"}
RESULT: {"script":"<number>"}
COMMAND: GET /session/02ea79fddde22fa81bffc0522714798c/timeouts - {}
RESULT: {}
RESULT: undefined
COMMAND: POST /session/02ea79fddde22fa81bffc0522714798c/execute/async - {"script":"<script> [2676 bytes]","args":[]}
RESULT: {"script":"<script> [2676 bytes]","args":[]}
COMMAND: POST /session/02ea79fddde22fa81bffc0522714798c/execute/async - {"script":"<script> [2342 bytes]","args":[{"protocol":"http","hostname":"0.0.0.0","path":"/","capabilities":{"browserName":"chrome","goog:chromeOptions":{"binary":"C:\\Program Files\\Google\\Chrome\\Application\\chrome.exe","args":["--start-maximized"]}},"logLevel":"warn","connectionRetryTimeout":120000,"connectionRetryCount":3,"logLevels":{},"enableDirectConnect":true,"strictSSL":true,"_":"65 more keys: [\"cacheDir\",\"port\",\"requestedCapabilities\",\"automationProtocol\",\"baseUrl\",\"waitforInterval\",\"waitforTimeout\",\"onReload\",\"beforeCommand\",\"afterCommand\",\"rootDir\",\"specs\",\"suites\",\"exclude\",\"groupLogsByTestSpec\",\"excludeDriverLogs\",\"bail\",\"framework\",\"reporters\",\"services\",\"maxInstances\",\"maxInstancesPerCapability\",\"injectGlobals\",\"filesToWatch\",\"execArgv\",\"runnerEnv\",\"runner\",\"shard\",\"specFileRetries\",\"specFileRetriesDelay\",\"specFileRetriesDeferred\",\"reporterSyncInterval\",\"reporterSyncTimeout\",\"cucumberFeaturesWithLineNumbers\",\"autoCompileOpts\",\"mochaOpts\",\"jasmineOpts\",\"cucumberOpts\",\"onPrepare\",\"onWorkerStart\",\"onWorkerEnd\",\"before\",\"beforeSession\",\"beforeSuite\",\"beforeHook\",\"beforeTest\",\"afterTest\",\"afterHook\",\"afterSuite\",\"afterSession\",\"after\",\"onComplete\",\"beforeAssertion\",\"afterAssertion\",\"beforeFeature\",\"beforeScenario\",\"beforeStep\",\"afterStep\",\"afterScenario\",\"afterFeature\",\"_\",\"suite\",\"$0\",\"ignoredWorkerServices\",\"wdi5\"]"}]}
RESULT: {"script":"<script> [2342 bytes]","args":[{"protocol":"http","hostname":"0.0.0.0","path":"/","capabilities":{"browserName":"chrome","goog:chromeOptions":{"binary":"C:\\Program Files\\Google\\Chrome\\Application\\chrome.exe","args":["--start-maximized"]}},"logLevel":"warn","connectionRetryTimeout":120000,"connectionRetryCount":3,"logLevels":{},"enableDirectConnect":true,"strictSSL":true,"_":"65 more keys: [\"cacheDir\",\"port\",\"requestedCapabilities\",\"automationProtocol\",\"baseUrl\",\"waitforInterval\",\"waitforTimeout\",\"onReload\",\"beforeCommand\",\"afterCommand\",\"rootDir\",\"specs\",\"suites\",\"exclude\",\"groupLogsByTestSpec\",\"excludeDriverLogs\",\"bail\",\"framework\",\"reporters\",\"services\",\"maxInstances\",\"maxInstancesPerCapability\",\"injectGlobals\",\"filesToWatch\",\"execArgv\",\"runnerEnv\",\"runner\",\"shard\",\"specFileRetries\",\"specFileRetriesDelay\",\"specFileRetriesDeferred\",\"reporterSyncInterval\",\"reporterSyncTimeout\",\"cucumberFeaturesWithLineNumbers\",\"autoCompileOpts\",\"mochaOpts\",\"jasmineOpts\",\"cucumberOpts\",\"onPrepare\",\"onWorkerStart\",\"onWorkerEnd\",\"before\",\"beforeSession\",\"beforeSuite\",\"beforeHook\",\"beforeTest\",\"afterTest\",\"afterHook\",\"afterSuite\",\"afterSession\",\"after\",\"onComplete\",\"beforeAssertion\",\"afterAssertion\",\"beforeFeature\",\"beforeScenario\",\"beforeStep\",\"afterStep\",\"afterScenario\",\"afterFeature\",\"_\",\"suite\",\"$0\",\"ignoredWorkerServices\",\"wdi5\"]"}]}
COMMAND: POST /session/02ea79fddde22fa81bffc0522714798c/execute/async - {"script":"<script> [21126 bytes]","args":[35000]}
RESULT: {"script":"<script> [21126 bytes]","args":[35000]}
COMMAND: POST /session/02ea79fddde22fa81bffc0522714798c/window/maximize - {}
RESULT: {}
COMMAND: POST /session/02ea79fddde22fa81bffc0522714798c/execute/async - {"script":"<script> [1562 bytes]","args":[{"selector":{"id":"shell-header","interaction":{"idSuffix":"icon"}},"wdio_ui5_key":"shellheader"}]}
COMMAND: GET /session/02ea79fddde22fa81bffc0522714798c/screenshot - {}
RESULT: {"script":"<script> [1562 bytes]","args":[{"selector":{"id":"shell-header","interaction":{"idSuffix":"icon"}},"wdio_ui5_key":"shellheader"}]}
RESULT: undefined
COMMAND: POST /session/02ea79fddde22fa81bffc0522714798c/refresh - {}
RESULT: {}
RESULT: {}
COMMAND: GET /session/02ea79fddde22fa81bffc0522714798c/screenshot - {}
RESULT: {}
COMMAND: POST /session/02ea79fddde22fa81bffc0522714798c/refresh - {}
RESULT: {}
COMMAND: GET /session/02ea79fddde22fa81bffc0522714798c/screenshot - {}
RESULT: {}
COMMAND: POST /session/02ea79fddde22fa81bffc0522714798c/window/fullscreen - {}
RESULT: {}
COMMAND: POST /session/02ea79fddde22fa81bffc0522714798c/execute/async - {"script":"<script> [189 bytes]","args":[]}
RESULT: {"script":"<script> [189 bytes]","args":[]}
COMMAND: POST /session/02ea79fddde22fa81bffc0522714798c/execute/async - {"script":"<script> [123 bytes]","args":[]}
RESULT: {"script":"<script> [123 bytes]","args":[]}
COMMAND: POST /session/02ea79fddde22fa81bffc0522714798c/timeouts - {"script":"<number>"}
RESULT: {"script":"<number>"}
COMMAND: GET /session/02ea79fddde22fa81bffc0522714798c/timeouts - {}
RESULT: {}
RESULT: undefined
COMMAND: POST /session/02ea79fddde22fa81bffc0522714798c/execute/async - {"script":"<script> [2676 bytes]","args":[]}
RESULT: {"script":"<script> [2676 bytes]","args":[]}
COMMAND: POST /session/02ea79fddde22fa81bffc0522714798c/execute/async - {"script":"<script> [2342 bytes]","args":[{"protocol":"http","hostname":"0.0.0.0","path":"/","capabilities":{"browserName":"chrome","goog:chromeOptions":{"binary":"C:\\Program Files\\Google\\Chrome\\Application\\chrome.exe","args":["--start-maximized"]}},"logLevel":"warn","connectionRetryTimeout":120000,"connectionRetryCount":3,"logLevels":{},"enableDirectConnect":true,"strictSSL":true,"_":"65 more keys: [\"cacheDir\",\"port\",\"requestedCapabilities\",\"automationProtocol\",\"baseUrl\",\"waitforInterval\",\"waitforTimeout\",\"onReload\",\"beforeCommand\",\"afterCommand\",\"rootDir\",\"specs\",\"suites\",\"exclude\",\"groupLogsByTestSpec\",\"excludeDriverLogs\",\"bail\",\"framework\",\"reporters\",\"services\",\"maxInstances\",\"maxInstancesPerCapability\",\"injectGlobals\",\"filesToWatch\",\"execArgv\",\"runnerEnv\",\"runner\",\"shard\",\"specFileRetries\",\"specFileRetriesDelay\",\"specFileRetriesDeferred\",\"reporterSyncInterval\",\"reporterSyncTimeout\",\"cucumberFeaturesWithLineNumbers\",\"autoCompileOpts\",\"mochaOpts\",\"jasmineOpts\",\"cucumberOpts\",\"onPrepare\",\"onWorkerStart\",\"onWorkerEnd\",\"before\",\"beforeSession\",\"beforeSuite\",\"beforeHook\",\"beforeTest\",\"afterTest\",\"afterHook\",\"afterSuite\",\"afterSession\",\"after\",\"onComplete\",\"beforeAssertion\",\"afterAssertion\",\"beforeFeature\",\"beforeScenario\",\"beforeStep\",\"afterStep\",\"afterScenario\",\"afterFeature\",\"_\",\"suite\",\"$0\",\"ignoredWorkerServices\",\"wdi5\"]"}]}
RESULT: {"script":"<script> [2342 bytes]","args":[{"protocol":"http","hostname":"0.0.0.0","path":"/","capabilities":{"browserName":"chrome","goog:chromeOptions":{"binary":"C:\\Program Files\\Google\\Chrome\\Application\\chrome.exe","args":["--start-maximized"]}},"logLevel":"warn","connectionRetryTimeout":120000,"connectionRetryCount":3,"logLevels":{},"enableDirectConnect":true,"strictSSL":true,"_":"65 more keys: [\"cacheDir\",\"port\",\"requestedCapabilities\",\"automationProtocol\",\"baseUrl\",\"waitforInterval\",\"waitforTimeout\",\"onReload\",\"beforeCommand\",\"afterCommand\",\"rootDir\",\"specs\",\"suites\",\"exclude\",\"groupLogsByTestSpec\",\"excludeDriverLogs\",\"bail\",\"framework\",\"reporters\",\"services\",\"maxInstances\",\"maxInstancesPerCapability\",\"injectGlobals\",\"filesToWatch\",\"execArgv\",\"runnerEnv\",\"runner\",\"shard\",\"specFileRetries\",\"specFileRetriesDelay\",\"specFileRetriesDeferred\",\"reporterSyncInterval\",\"reporterSyncTimeout\",\"cucumberFeaturesWithLineNumbers\",\"autoCompileOpts\",\"mochaOpts\",\"jasmineOpts\",\"cucumberOpts\",\"onPrepare\",\"onWorkerStart\",\"onWorkerEnd\",\"before\",\"beforeSession\",\"beforeSuite\",\"beforeHook\",\"beforeTest\",\"afterTest\",\"afterHook\",\"afterSuite\",\"afterSession\",\"after\",\"onComplete\",\"beforeAssertion\",\"afterAssertion\",\"beforeFeature\",\"beforeScenario\",\"beforeStep\",\"afterStep\",\"afterScenario\",\"afterFeature\",\"_\",\"suite\",\"$0\",\"ignoredWorkerServices\",\"wdi5\"]"}]}
COMMAND: POST /session/02ea79fddde22fa81bffc0522714798c/execute/async - {"script":"<script> [21126 bytes]","args":[35000]}
RESULT: {"script":"<script> [21126 bytes]","args":[35000]}
]]></system-out>
    </testcase>
  </testsuite>
  <testsuite timestamp="2025-04-28T17:56:42" time="878.585" tests="20" failures="10" errors="10" skipped="0">
    <properties>
      <property name="specId" value="0" />
      <property name="suiteName" value="Billing Calculation - Time based (considering transport times) US139738" />
      <property name="capabilities" value="chrome.135_0_7049_96.windows" />
      <property name="file" value="file:///D:/a/1/s/test/specs/BTS/billing-calculation-transp-times.spec.js" />
    </properties>
    <testcase classname="chrome.135_0_7049_96.windows.Billing_Calculation_-_Time_based_(considering_transport_times)_US139738" name="Should create a new yard" time="0.013">
      <system-out><![CDATA[
COMMAND: POST /session/02ea79fddde22fa81bffc0522714798c/window/fullscreen - {}
RESULT: {}
]]></system-out>
    </testcase>
    <testcase classname="chrome.135_0_7049_96.windows.Billing_Calculation_-_Time_based_(considering_transport_times)_US139738" name="Should create a new partner" time="0.003" />
    <testcase classname="chrome.135_0_7049_96.windows.Billing_Calculation_-_Time_based_(considering_transport_times)_US139738" name="Should create a new site" time="0.003" />
    <testcase classname="chrome.135_0_7049_96.windows.Billing_Calculation_-_Time_based_(considering_transport_times)_US139738" name="Should create the 1st equipment" time="119.489">
      <system-out><![CDATA[
COMMAND: POST /session/02ea79fddde22fa81bffc0522714798c/execute/async - {"script":"<script> [1562 bytes]","args":[{"selector":{"controlType":"sap.m.GenericTile","properties":{"header":"Manage Resources"}},"wdio_ui5_key":"sapm.GenericTile{\"header\":\"Manage Resources\"}"}]}
RESULT: {"script":"<script> [1562 bytes]","args":[{"selector":{"controlType":"sap.m.GenericTile","properties":{"header":"Manage Resources"}},"wdio_ui5_key":"sapm.GenericTile{\"header\":\"Manage Resources\"}"}]}
RESULT: undefined
COMMAND: POST /session/02ea79fddde22fa81bffc0522714798c/element - {"using":"xpath","value":"//*[@id=\"__tile39\"]"}
RESULT: {"using":"xpath","value":"//*[@id=\"__tile39\"]"}
COMMAND: POST /session/02ea79fddde22fa81bffc0522714798c/element/f.CB997DD3A6212A0539B4B9AD4CB02789.d.4FE084CE0A9535A2D2C226046FDDD357.e.18470/click - {}
RESULT: {}
COMMAND: POST /session/02ea79fddde22fa81bffc0522714798c/element - {"using":"xpath","value":"//button[@data-kt=\"addNewRUOverflowToolbarButton\"]"}
COMMAND: GET /session/02ea79fddde22fa81bffc0522714798c/screenshot - {}
RESULT: {"using":"xpath","value":"//button[@data-kt=\"addNewRUOverflowToolbarButton\"]"}
COMMAND: POST /session/02ea79fddde22fa81bffc0522714798c/elements - {"using":"xpath","value":"//button[@data-kt=\"addNewRUOverflowToolbarButton\"]"}
RESULT: {}
RESULT: {"using":"xpath","value":"//button[@data-kt=\"addNewRUOverflowToolbarButton\"]"}
COMMAND: POST /session/02ea79fddde22fa81bffc0522714798c/elements - {"using":"xpath","value":"//button[@data-kt=\"addNewRUOverflowToolbarButton\"]"}
RESULT: {"using":"xpath","value":"//button[@data-kt=\"addNewRUOverflowToolbarButton\"]"}
COMMAND: POST /session/02ea79fddde22fa81bffc0522714798c/elements - {"using":"xpath","value":"//button[@data-kt=\"addNewRUOverflowToolbarButton\"]"}
RESULT: {"using":"xpath","value":"//button[@data-kt=\"addNewRUOverflowToolbarButton\"]"}
COMMAND: POST /session/02ea79fddde22fa81bffc0522714798c/elements - {"using":"xpath","value":"//button[@data-kt=\"addNewRUOverflowToolbarButton\"]"}
RESULT: {"using":"xpath","value":"//button[@data-kt=\"addNewRUOverflowToolbarButton\"]"}
COMMAND: POST /session/02ea79fddde22fa81bffc0522714798c/elements - {"using":"xpath","value":"//button[@data-kt=\"addNewRUOverflowToolbarButton\"]"}
RESULT: {"using":"xpath","value":"//button[@data-kt=\"addNewRUOverflowToolbarButton\"]"}
COMMAND: POST /session/02ea79fddde22fa81bffc0522714798c/elements - {"using":"xpath","value":"//button[@data-kt=\"addNewRUOverflowToolbarButton\"]"}
RESULT: {"using":"xpath","value":"//button[@data-kt=\"addNewRUOverflowToolbarButton\"]"}
COMMAND: POST /session/02ea79fddde22fa81bffc0522714798c/elements - {"using":"xpath","value":"//button[@data-kt=\"addNewRUOverflowToolbarButton\"]"}
RESULT: {"using":"xpath","value":"//button[@data-kt=\"addNewRUOverflowToolbarButton\"]"}
COMMAND: POST /session/02ea79fddde22fa81bffc0522714798c/elements - {"using":"xpath","value":"//button[@data-kt=\"addNewRUOverflowToolbarButton\"]"}
RESULT: {"using":"xpath","value":"//button[@data-kt=\"addNewRUOverflowToolbarButton\"]"}
COMMAND: POST /session/02ea79fddde22fa81bffc0522714798c/elements - {"using":"xpath","value":"//button[@data-kt=\"addNewRUOverflowToolbarButton\"]"}
RESULT: {"using":"xpath","value":"//button[@data-kt=\"addNewRUOverflowToolbarButton\"]"}
COMMAND: POST /session/02ea79fddde22fa81bffc0522714798c/elements - {"using":"xpath","value":"//button[@data-kt=\"addNewRUOverflowToolbarButton\"]"}
RESULT: {"using":"xpath","value":"//button[@data-kt=\"addNewRUOverflowToolbarButton\"]"}
COMMAND: POST /session/02ea79fddde22fa81bffc0522714798c/elements - {"using":"xpath","value":"//button[@data-kt=\"addNewRUOverflowToolbarButton\"]"}
RESULT: {"using":"xpath","value":"//button[@data-kt=\"addNewRUOverflowToolbarButton\"]"}
COMMAND: POST /session/02ea79fddde22fa81bffc0522714798c/elements - {"using":"xpath","value":"//button[@data-kt=\"addNewRUOverflowToolbarButton\"]"}
RESULT: {"using":"xpath","value":"//button[@data-kt=\"addNewRUOverflowToolbarButton\"]"}
COMMAND: POST /session/02ea79fddde22fa81bffc0522714798c/elements - {"using":"xpath","value":"//button[@data-kt=\"addNewRUOverflowToolbarButton\"]"}
RESULT: {"using":"xpath","value":"//button[@data-kt=\"addNewRUOverflowToolbarButton\"]"}
COMMAND: POST /session/02ea79fddde22fa81bffc0522714798c/elements - {"using":"xpath","value":"//button[@data-kt=\"addNewRUOverflowToolbarButton\"]"}
RESULT: {"using":"xpath","value":"//button[@data-kt=\"addNewRUOverflowToolbarButton\"]"}
COMMAND: POST /session/02ea79fddde22fa81bffc0522714798c/elements - {"using":"xpath","value":"//button[@data-kt=\"addNewRUOverflowToolbarButton\"]"}
RESULT: {"using":"xpath","value":"//button[@data-kt=\"addNewRUOverflowToolbarButton\"]"}
COMMAND: POST /session/02ea79fddde22fa81bffc0522714798c/elements - {"using":"xpath","value":"//button[@data-kt=\"addNewRUOverflowToolbarButton\"]"}
RESULT: {"using":"xpath","value":"//button[@data-kt=\"addNewRUOverflowToolbarButton\"]"}
COMMAND: POST /session/02ea79fddde22fa81bffc0522714798c/elements - {"using":"xpath","value":"//button[@data-kt=\"addNewRUOverflowToolbarButton\"]"}
RESULT: {"using":"xpath","value":"//button[@data-kt=\"addNewRUOverflowToolbarButton\"]"}
COMMAND: POST /session/02ea79fddde22fa81bffc0522714798c/elements - {"using":"xpath","value":"//button[@data-kt=\"addNewRUOverflowToolbarButton\"]"}
RESULT: {"using":"xpath","value":"//button[@data-kt=\"addNewRUOverflowToolbarButton\"]"}
COMMAND: POST /session/02ea79fddde22fa81bffc0522714798c/elements - {"using":"xpath","value":"//button[@data-kt=\"addNewRUOverflowToolbarButton\"]"}
RESULT: {"using":"xpath","value":"//button[@data-kt=\"addNewRUOverflowToolbarButton\"]"}
COMMAND: POST /session/02ea79fddde22fa81bffc0522714798c/elements - {"using":"xpath","value":"//button[@data-kt=\"addNewRUOverflowToolbarButton\"]"}
RESULT: {"using":"xpath","value":"//button[@data-kt=\"addNewRUOverflowToolbarButton\"]"}
COMMAND: POST /session/02ea79fddde22fa81bffc0522714798c/elements - {"using":"xpath","value":"//button[@data-kt=\"addNewRUOverflowToolbarButton\"]"}
RESULT: {"using":"xpath","value":"//button[@data-kt=\"addNewRUOverflowToolbarButton\"]"}
COMMAND: POST /session/02ea79fddde22fa81bffc0522714798c/elements - {"using":"xpath","value":"//button[@data-kt=\"addNewRUOverflowToolbarButton\"]"}
RESULT: {"using":"xpath","value":"//button[@data-kt=\"addNewRUOverflowToolbarButton\"]"}
COMMAND: POST /session/02ea79fddde22fa81bffc0522714798c/elements - {"using":"xpath","value":"//button[@data-kt=\"addNewRUOverflowToolbarButton\"]"}
RESULT: {"using":"xpath","value":"//button[@data-kt=\"addNewRUOverflowToolbarButton\"]"}
COMMAND: POST /session/02ea79fddde22fa81bffc0522714798c/elements - {"using":"xpath","value":"//button[@data-kt=\"addNewRUOverflowToolbarButton\"]"}
RESULT: {"using":"xpath","value":"//button[@data-kt=\"addNewRUOverflowToolbarButton\"]"}
COMMAND: POST /session/02ea79fddde22fa81bffc0522714798c/elements - {"using":"xpath","value":"//button[@data-kt=\"addNewRUOverflowToolbarButton\"]"}
RESULT: {"using":"xpath","value":"//button[@data-kt=\"addNewRUOverflowToolbarButton\"]"}
COMMAND: POST /session/02ea79fddde22fa81bffc0522714798c/elements - {"using":"xpath","value":"//button[@data-kt=\"addNewRUOverflowToolbarButton\"]"}
RESULT: {"using":"xpath","value":"//button[@data-kt=\"addNewRUOverflowToolbarButton\"]"}
COMMAND: POST /session/02ea79fddde22fa81bffc0522714798c/elements - {"using":"xpath","value":"//button[@data-kt=\"addNewRUOverflowToolbarButton\"]"}
RESULT: {"using":"xpath","value":"//button[@data-kt=\"addNewRUOverflowToolbarButton\"]"}
COMMAND: POST /session/02ea79fddde22fa81bffc0522714798c/elements - {"using":"xpath","value":"//button[@data-kt=\"addNewRUOverflowToolbarButton\"]"}
RESULT: {"using":"xpath","value":"//button[@data-kt=\"addNewRUOverflowToolbarButton\"]"}
COMMAND: POST /session/02ea79fddde22fa81bffc0522714798c/elements - {"using":"xpath","value":"//button[@data-kt=\"addNewRUOverflowToolbarButton\"]"}
RESULT: {"using":"xpath","value":"//button[@data-kt=\"addNewRUOverflowToolbarButton\"]"}
COMMAND: POST /session/02ea79fddde22fa81bffc0522714798c/elements - {"using":"xpath","value":"//button[@data-kt=\"addNewRUOverflowToolbarButton\"]"}
RESULT: {"using":"xpath","value":"//button[@data-kt=\"addNewRUOverflowToolbarButton\"]"}
COMMAND: POST /session/02ea79fddde22fa81bffc0522714798c/elements - {"using":"xpath","value":"//button[@data-kt=\"addNewRUOverflowToolbarButton\"]"}
RESULT: {"using":"xpath","value":"//button[@data-kt=\"addNewRUOverflowToolbarButton\"]"}
COMMAND: POST /session/02ea79fddde22fa81bffc0522714798c/elements - {"using":"xpath","value":"//button[@data-kt=\"addNewRUOverflowToolbarButton\"]"}
RESULT: {"using":"xpath","value":"//button[@data-kt=\"addNewRUOverflowToolbarButton\"]"}
COMMAND: POST /session/02ea79fddde22fa81bffc0522714798c/elements - {"using":"xpath","value":"//button[@data-kt=\"addNewRUOverflowToolbarButton\"]"}
RESULT: {"using":"xpath","value":"//button[@data-kt=\"addNewRUOverflowToolbarButton\"]"}
COMMAND: POST /session/02ea79fddde22fa81bffc0522714798c/element - {"using":"xpath","value":"//button[@data-kt=\"addNewRUOverflowToolbarButton\"]"}
RESULT: {"using":"xpath","value":"//button[@data-kt=\"addNewRUOverflowToolbarButton\"]"}
COMMAND: POST /session/02ea79fddde22fa81bffc0522714798c/execute/sync - {"script":"<script> [8489 bytes]","args":[{"element-6066-11e4-a52e-4f735466cecf":"f.CB997DD3A6212A0539B4B9AD4CB02789.d.4FE084CE0A9535A2D2C226046FDDD357.e.18608","ELEMENT":"f.CB997DD3A6212A0539B4B9AD4CB02789.d.4FE084CE0A9535A2D2C226046FDDD357.e.18608"}]}
RESULT: {"script":"<script> [8489 bytes]","args":[{"element-6066-11e4-a52e-4f735466cecf":"f.CB997DD3A6212A0539B4B9AD4CB02789.d.4FE084CE0A9535A2D2C226046FDDD357.e.18608","ELEMENT":"f.CB997DD3A6212A0539B4B9AD4CB02789.d.4FE084CE0A9535A2D2C226046FDDD357.e.18608"}]}
COMMAND: GET /session/02ea79fddde22fa81bffc0522714798c/element/f.CB997DD3A6212A0539B4B9AD4CB02789.d.4FE084CE0A9535A2D2C226046FDDD357.e.18608/enabled - {}
COMMAND: GET /session/02ea79fddde22fa81bffc0522714798c/screenshot - {}
RESULT: {}
COMMAND: POST /session/02ea79fddde22fa81bffc0522714798c/execute/sync - {"script":"<script> [8489 bytes]","args":[{"element-6066-11e4-a52e-4f735466cecf":"f.CB997DD3A6212A0539B4B9AD4CB02789.d.4FE084CE0A9535A2D2C226046FDDD357.e.18608","ELEMENT":"f.CB997DD3A6212A0539B4B9AD4CB02789.d.4FE084CE0A9535A2D2C226046FDDD357.e.18608"}]}
COMMAND: GET /session/02ea79fddde22fa81bffc0522714798c/screenshot - {}
RESULT: {}
RESULT: {"script":"<script> [8489 bytes]","args":[{"element-6066-11e4-a52e-4f735466cecf":"f.CB997DD3A6212A0539B4B9AD4CB02789.d.4FE084CE0A9535A2D2C226046FDDD357.e.18608","ELEMENT":"f.CB997DD3A6212A0539B4B9AD4CB02789.d.4FE084CE0A9535A2D2C226046FDDD357.e.18608"}]}
COMMAND: POST /session/02ea79fddde22fa81bffc0522714798c/execute/sync - {"script":"<script> [5351 bytes]","args":[{"element-6066-11e4-a52e-4f735466cecf":"f.CB997DD3A6212A0539B4B9AD4CB02789.d.4FE084CE0A9535A2D2C226046FDDD357.e.18608","ELEMENT":"f.CB997DD3A6212A0539B4B9AD4CB02789.d.4FE084CE0A9535A2D2C226046FDDD357.e.18608"}]}
COMMAND: GET /session/02ea79fddde22fa81bffc0522714798c/screenshot - {}
RESULT: {}
RESULT: {"script":"<script> [5351 bytes]","args":[{"element-6066-11e4-a52e-4f735466cecf":"f.CB997DD3A6212A0539B4B9AD4CB02789.d.4FE084CE0A9535A2D2C226046FDDD357.e.18608","ELEMENT":"f.CB997DD3A6212A0539B4B9AD4CB02789.d.4FE084CE0A9535A2D2C226046FDDD357.e.18608"}]}
COMMAND: POST /session/02ea79fddde22fa81bffc0522714798c/element/f.CB997DD3A6212A0539B4B9AD4CB02789.d.4FE084CE0A9535A2D2C226046FDDD357.e.18608/click - {}
COMMAND: GET /session/02ea79fddde22fa81bffc0522714798c/screenshot - {}
RESULT: {}
RESULT: {}
COMMAND: GET /session/02ea79fddde22fa81bffc0522714798c/screenshot - {}
RESULT: {}
RESULT: {}
COMMAND: POST /session/02ea79fddde22fa81bffc0522714798c/execute/async - {"script":"<script> [1562 bytes]","args":[{"selector":{"id":"application-manageresources-display-component---newResourceUnit--TYPE-arrow"},"wdio_ui5_key":"applicationmanageresources-display-component---newResourceUnit--TYPE-arrow"}]}
RESULT: {"script":"<script> [1562 bytes]","args":[{"selector":{"id":"application-manageresources-display-component---newResourceUnit--TYPE-arrow"},"wdio_ui5_key":"applicationmanageresources-display-component---newResourceUnit--TYPE-arrow"}]}
RESULT: undefined
COMMAND: POST /session/02ea79fddde22fa81bffc0522714798c/element - {"using":"xpath","value":"//*[@id=\"application-manageresources-display-component---newResourceUnit--TYPE-arrow\"]"}
RESULT: {"using":"xpath","value":"//*[@id=\"application-manageresources-display-component---newResourceUnit--TYPE-arrow\"]"}
COMMAND: POST /session/02ea79fddde22fa81bffc0522714798c/element/f.CB997DD3A6212A0539B4B9AD4CB02789.d.4FE084CE0A9535A2D2C226046FDDD357.e.18978/click - {}
RESULT: {}
COMMAND: POST /session/02ea79fddde22fa81bffc0522714798c/element - {"using":"xpath","value":"//input[@id=\"application-manageresources-display-component---newResourceUnit--TYPE-inner\"]"}
COMMAND: GET /session/02ea79fddde22fa81bffc0522714798c/screenshot - {}
RESULT: {"using":"xpath","value":"//input[@id=\"application-manageresources-display-component---newResourceUnit--TYPE-inner\"]"}
COMMAND: POST /session/02ea79fddde22fa81bffc0522714798c/element/f.CB997DD3A6212A0539B4B9AD4CB02789.d.4FE084CE0A9535A2D2C226046FDDD357.e.18958/clear - {}
RESULT: {}
RESULT: {}
COMMAND: POST /session/02ea79fddde22fa81bffc0522714798c/element/f.CB997DD3A6212A0539B4B9AD4CB02789.d.4FE084CE0A9535A2D2C226046FDDD357.e.18958/value - {"text":"Equipment"}
COMMAND: GET /session/02ea79fddde22fa81bffc0522714798c/screenshot - {}
RESULT: {"text":"Equipment"}
COMMAND: GET /session/02ea79fddde22fa81bffc0522714798c/screenshot - {}
RESULT: {}
RESULT: {}
COMMAND: POST /session/02ea79fddde22fa81bffc0522714798c/actions - {"actions":[{"id":"action66","type":"key","parameters":{},"actions":[{"type":"keyDown","value":"î€‡"},{"type":"pause","duration":10},{"type":"keyUp","value":"î€‡"}]}]}
RESULT: {"actions":[{"id":"action66","type":"key","parameters":{},"actions":[{"type":"keyDown","value":"î€‡"},{"type":"pause","duration":10},{"type":"keyUp","value":"î€‡"}]}]}
COMMAND: POST /session/02ea79fddde22fa81bffc0522714798c/execute/async - {"script":"<script> [1562 bytes]","args":[{"selector":{"id":"application-manageresources-display-component---newResourceUnit--resourceId","interaction":{"idSuffix":"inner"}},"wdio_ui5_key":"applicationmanageresources-display-component---newResourceUnit--resourceId"}]}
COMMAND: GET /session/02ea79fddde22fa81bffc0522714798c/screenshot - {}
RESULT: {"script":"<script> [1562 bytes]","args":[{"selector":{"id":"application-manageresources-display-component---newResourceUnit--resourceId","interaction":{"idSuffix":"inner"}},"wdio_ui5_key":"applicationmanageresources-display-component---newResourceUnit--resourceId"}]}
RESULT: undefined
COMMAND: POST /session/02ea79fddde22fa81bffc0522714798c/execute/async - {"script":"<script> [776 bytes]","args":[{"enterText":"w2kOGOb4QE","selector":{"id":"application-manageresources-display-component---newResourceUnit--resourceId","interaction":{"idSuffix":"inner"}},"clearTextFirst":true,"interactionType":"ENTER_TEXT"}]}
RESULT: {}
RESULT: {"script":"<script> [776 bytes]","args":[{"enterText":"w2kOGOb4QE","selector":{"id":"application-manageresources-display-component---newResourceUnit--resourceId","interaction":{"idSuffix":"inner"}},"clearTextFirst":true,"interactionType":"ENTER_TEXT"}]}
COMMAND: POST /session/02ea79fddde22fa81bffc0522714798c/execute/async - {"script":"<script> [1562 bytes]","args":[{"selector":{"id":"application-manageresources-display-component---newResourceUnit--SHORT_TEXT","interaction":{"idSuffix":"inner"}},"wdio_ui5_key":"applicationmanageresources-display-component---newResourceUnit--SHORT_TEXT"}]}
RESULT: {"script":"<script> [1562 bytes]","args":[{"selector":{"id":"application-manageresources-display-component---newResourceUnit--SHORT_TEXT","interaction":{"idSuffix":"inner"}},"wdio_ui5_key":"applicationmanageresources-display-component---newResourceUnit--SHORT_TEXT"}]}
RESULT: undefined
COMMAND: POST /session/02ea79fddde22fa81bffc0522714798c/execute/async - {"script":"<script> [776 bytes]","args":[{"enterText":"Intercompany Equipment WDIO","selector":{"id":"application-manageresources-display-component---newResourceUnit--SHORT_TEXT","interaction":{"idSuffix":"inner"}},"clearTextFirst":true,"interactionType":"ENTER_TEXT"}]}
RESULT: {"script":"<script> [776 bytes]","args":[{"enterText":"Intercompany Equipment WDIO","selector":{"id":"application-manageresources-display-component---newResourceUnit--SHORT_TEXT","interaction":{"idSuffix":"inner"}},"clearTextFirst":true,"interactionType":"ENTER_TEXT"}]}
COMMAND: POST /session/02ea79fddde22fa81bffc0522714798c/execute/async - {"script":"<script> [1562 bytes]","args":[{"selector":{"id":"application-manageresources-display-component---newResourceUnit--BASE_UNIT_OF_MEASURE","interaction":{"idSuffix":"inner"}},"wdio_ui5_key":"applicationmanageresources-display-component---newResourceUnit--BASE_UNIT_OF_MEASURE"}]}
RESULT: {"script":"<script> [1562 bytes]","args":[{"selector":{"id":"application-manageresources-display-component---newResourceUnit--BASE_UNIT_OF_MEASURE","interaction":{"idSuffix":"inner"}},"wdio_ui5_key":"applicationmanageresources-display-component---newResourceUnit--BASE_UNIT_OF_MEASURE"}]}
RESULT: undefined
COMMAND: POST /session/02ea79fddde22fa81bffc0522714798c/execute/async - {"script":"<script> [776 bytes]","args":[{"enterText":"Piece","selector":{"id":"application-manageresources-display-component---newResourceUnit--BASE_UNIT_OF_MEASURE","interaction":{"idSuffix":"inner"}},"clearTextFirst":true,"interactionType":"ENTER_TEXT"}]}
RESULT: {"script":"<script> [776 bytes]","args":[{"enterText":"Piece","selector":{"id":"application-manageresources-display-component---newResourceUnit--BASE_UNIT_OF_MEASURE","interaction":{"idSuffix":"inner"}},"clearTextFirst":true,"interactionType":"ENTER_TEXT"}]}
COMMAND: POST /session/02ea79fddde22fa81bffc0522714798c/execute/async - {"script":"<script> [1562 bytes]","args":[{"selector":{"id":"application-manageresources-display-component---newResourceUnit--WEIGHT_UNIT","interaction":{"idSuffix":"inner"}},"wdio_ui5_key":"applicationmanageresources-display-component---newResourceUnit--WEIGHT_UNIT"}]}
RESULT: {"script":"<script> [1562 bytes]","args":[{"selector":{"id":"application-manageresources-display-component---newResourceUnit--WEIGHT_UNIT","interaction":{"idSuffix":"inner"}},"wdio_ui5_key":"applicationmanageresources-display-component---newResourceUnit--WEIGHT_UNIT"}]}
RESULT: undefined
COMMAND: POST /session/02ea79fddde22fa81bffc0522714798c/execute/async - {"script":"<script> [776 bytes]","args":[{"enterText":"Gram","selector":{"id":"application-manageresources-display-component---newResourceUnit--WEIGHT_UNIT","interaction":{"idSuffix":"inner"}},"clearTextFirst":true,"interactionType":"ENTER_TEXT"}]}
RESULT: {"script":"<script> [776 bytes]","args":[{"enterText":"Gram","selector":{"id":"application-manageresources-display-component---newResourceUnit--WEIGHT_UNIT","interaction":{"idSuffix":"inner"}},"clearTextFirst":true,"interactionType":"ENTER_TEXT"}]}
COMMAND: POST /session/02ea79fddde22fa81bffc0522714798c/execute/async - {"script":"<script> [1562 bytes]","args":[{"selector":{"id":"application-manageresources-display-component---newResourceUnit--DIMENSION_UNIT","interaction":{"idSuffix":"inner"}},"wdio_ui5_key":"applicationmanageresources-display-component---newResourceUnit--DIMENSION_UNIT"}]}
RESULT: {"script":"<script> [1562 bytes]","args":[{"selector":{"id":"application-manageresources-display-component---newResourceUnit--DIMENSION_UNIT","interaction":{"idSuffix":"inner"}},"wdio_ui5_key":"applicationmanageresources-display-component---newResourceUnit--DIMENSION_UNIT"}]}
RESULT: undefined
COMMAND: POST /session/02ea79fddde22fa81bffc0522714798c/execute/async - {"script":"<script> [776 bytes]","args":[{"enterText":"Meter","selector":{"id":"application-manageresources-display-component---newResourceUnit--DIMENSION_UNIT","interaction":{"idSuffix":"inner"}},"clearTextFirst":true,"interactionType":"ENTER_TEXT"}]}
RESULT: {"script":"<script> [776 bytes]","args":[{"enterText":"Meter","selector":{"id":"application-manageresources-display-component---newResourceUnit--DIMENSION_UNIT","interaction":{"idSuffix":"inner"}},"clearTextFirst":true,"interactionType":"ENTER_TEXT"}]}
COMMAND: POST /session/02ea79fddde22fa81bffc0522714798c/execute/async - {"script":"<script> [1562 bytes]","args":[{"selector":{"id":"application-manageresources-display-component---newResourceUnit--newRRUPage-anchBar-application-manageresources-display-component---newResourceUnit--control-anchor","interaction":{"idSuffix":"BDI-content"}},"wdio_ui5_key":"applicationmanageresources-display-component---newResourceUnit--newRRUPage-anchBar-application-manageresources-display-component---newResourceUnit--control-anchor"}]}
RESULT: {"script":"<script> [1562 bytes]","args":[{"selector":{"id":"application-manageresources-display-component---newResourceUnit--newRRUPage-anchBar-application-manageresources-display-component---newResourceUnit--control-anchor","interaction":{"idSuffix":"BDI-content"}},"wdio_ui5_key":"applicationmanageresources-display-component---newResourceUnit--newRRUPage-anchBar-application-manageresources-display-component---newResourceUnit--control-anchor"}]}
RESULT: undefined
COMMAND: POST /session/02ea79fddde22fa81bffc0522714798c/element - {"using":"xpath","value":"//*[@id=\"application-manageresources-display-component---newResourceUnit--newRRUPage-anchBar-application-manageresources-display-component---newResourceUnit--control-anchor\"]"}
RESULT: {"using":"xpath","value":"//*[@id=\"application-manageresources-display-component---newResourceUnit--newRRUPage-anchBar-application-manageresources-display-component---newResourceUnit--control-anchor\"]"}
COMMAND: POST /session/02ea79fddde22fa81bffc0522714798c/element/f.CB997DD3A6212A0539B4B9AD4CB02789.d.4FE084CE0A9535A2D2C226046FDDD357.e.19112/click - {}
RESULT: {}
COMMAND: POST /session/02ea79fddde22fa81bffc0522714798c/execute/async - {"script":"<script> [1562 bytes]","args":[{"selector":{"id":"application-manageresources-display-component---newResourceUnit--PLANNING_GROUP","interaction":{"idSuffix":"inner"}},"wdio_ui5_key":"applicationmanageresources-display-component---newResourceUnit--PLANNING_GROUP"}]}
COMMAND: GET /session/02ea79fddde22fa81bffc0522714798c/screenshot - {}
RESULT: {"script":"<script> [1562 bytes]","args":[{"selector":{"id":"application-manageresources-display-component---newResourceUnit--PLANNING_GROUP","interaction":{"idSuffix":"inner"}},"wdio_ui5_key":"applicationmanageresources-display-component---newResourceUnit--PLANNING_GROUP"}]}
RESULT: undefined
COMMAND: POST /session/02ea79fddde22fa81bffc0522714798c/execute/async - {"script":"<script> [776 bytes]","args":[{"enterText":"Heavy Equi","selector":{"id":"application-manageresources-display-component---newResourceUnit--PLANNING_GROUP","interaction":{"idSuffix":"inner"}},"clearTextFirst":true,"interactionType":"ENTER_TEXT"}]}
RESULT: {}
RESULT: {"script":"<script> [776 bytes]","args":[{"enterText":"Heavy Equi","selector":{"id":"application-manageresources-display-component---newResourceUnit--PLANNING_GROUP","interaction":{"idSuffix":"inner"}},"clearTextFirst":true,"interactionType":"ENTER_TEXT"}]}
COMMAND: POST /session/02ea79fddde22fa81bffc0522714798c/execute/async - {"script":"<script> [1562 bytes]","args":[{"selector":{"id":"application-manageresources-display-component---newResourceUnit--ITEM_TYPE-arrow"},"wdio_ui5_key":"applicationmanageresources-display-component---newResourceUnit--ITEM_TYPE-arrow"}]}
RESULT: {"script":"<script> [1562 bytes]","args":[{"selector":{"id":"application-manageresources-display-component---newResourceUnit--ITEM_TYPE-arrow"},"wdio_ui5_key":"applicationmanageresources-display-component---newResourceUnit--ITEM_TYPE-arrow"}]}
RESULT: undefined
COMMAND: POST /session/02ea79fddde22fa81bffc0522714798c/element - {"using":"xpath","value":"//*[@id=\"application-manageresources-display-component---newResourceUnit--ITEM_TYPE-arrow\"]"}
RESULT: {"using":"xpath","value":"//*[@id=\"application-manageresources-display-component---newResourceUnit--ITEM_TYPE-arrow\"]"}
COMMAND: POST /session/02ea79fddde22fa81bffc0522714798c/element/f.CB997DD3A6212A0539B4B9AD4CB02789.d.4FE084CE0A9535A2D2C226046FDDD357.e.19121/click - {}
RESULT: {}
COMMAND: POST /session/02ea79fddde22fa81bffc0522714798c/element - {"using":"xpath","value":"(//span[contains(text(), \"Resource Unit\")])[2]"}
COMMAND: GET /session/02ea79fddde22fa81bffc0522714798c/screenshot - {}
RESULT: {"using":"xpath","value":"(//span[contains(text(), \"Resource Unit\")])[2]"}
COMMAND: POST /session/02ea79fddde22fa81bffc0522714798c/element/f.CB997DD3A6212A0539B4B9AD4CB02789.d.4FE084CE0A9535A2D2C226046FDDD357.e.19122/click - {}
RESULT: {}
RESULT: {}
COMMAND: GET /session/02ea79fddde22fa81bffc0522714798c/screenshot - {}
RESULT: {}
COMMAND: POST /session/02ea79fddde22fa81bffc0522714798c/element - {"using":"css selector","value":"#application-manageresources-display-component---newResourceUnit--btnAddTimeSegment"}
RESULT: {"using":"css selector","value":"#application-manageresources-display-component---newResourceUnit--btnAddTimeSegment"}
COMMAND: GET /session/02ea79fddde22fa81bffc0522714798c/element/f.CB997DD3A6212A0539B4B9AD4CB02789.d.4FE084CE0A9535A2D2C226046FDDD357.e.19123/rect - {}
RESULT: {}
COMMAND: GET /session/02ea79fddde22fa81bffc0522714798c/window/rect - {}
RESULT: {}
COMMAND: POST /session/02ea79fddde22fa81bffc0522714798c/execute/sync - {"script":"<script> [92 bytes]","args":[]}
RESULT: {"script":"<script> [92 bytes]","args":[]}
COMMAND: POST /session/02ea79fddde22fa81bffc0522714798c/actions - {"actions":[{"id":"action67","type":"wheel","parameters":{},"actions":[{"type":"scroll","x":-1888,"y":-32,"deltaX":0,"deltaY":0,"duration":0,"origin":{"element-6066-11e4-a52e-4f735466cecf":"f.CB997DD3A6212A0539B4B9AD4CB02789.d.4FE084CE0A9535A2D2C226046FDDD357.e.19123"}}]}]}
COMMAND: GET /session/02ea79fddde22fa81bffc0522714798c/screenshot - {}
RESULT: {}
COMMAND: POST /session/02ea79fddde22fa81bffc0522714798c/execute/sync - {"script":"<script> [79 bytes]","args":[{"element-6066-11e4-a52e-4f735466cecf":"f.CB997DD3A6212A0539B4B9AD4CB02789.d.4FE084CE0A9535A2D2C226046FDDD357.e.19123","ELEMENT":"f.CB997DD3A6212A0539B4B9AD4CB02789.d.4FE084CE0A9535A2D2C226046FDDD357.e.19123"},{"block":"start","inline":"nearest"}]}
RESULT: {"script":"<script> [79 bytes]","args":[{"element-6066-11e4-a52e-4f735466cecf":"f.CB997DD3A6212A0539B4B9AD4CB02789.d.4FE084CE0A9535A2D2C226046FDDD357.e.19123","ELEMENT":"f.CB997DD3A6212A0539B4B9AD4CB02789.d.4FE084CE0A9535A2D2C226046FDDD357.e.19123"},{"block":"start","inline":"nearest"}]}
COMMAND: POST /session/02ea79fddde22fa81bffc0522714798c/execute/async - {"script":"<script> [1562 bytes]","args":[{"selector":{"id":"application-manageresources-display-component---newResourceUnit--btnAddTimeSegment","interaction":{"idSuffix":"inner"}},"wdio_ui5_key":"applicationmanageresources-display-component---newResourceUnit--btnAddTimeSegment"}]}
COMMAND: GET /session/02ea79fddde22fa81bffc0522714798c/screenshot - {}
RESULT: {"script":"<script> [1562 bytes]","args":[{"selector":{"id":"application-manageresources-display-component---newResourceUnit--btnAddTimeSegment","interaction":{"idSuffix":"inner"}},"wdio_ui5_key":"applicationmanageresources-display-component---newResourceUnit--btnAddTimeSegment"}]}
RESULT: undefined
COMMAND: POST /session/02ea79fddde22fa81bffc0522714798c/element - {"using":"xpath","value":"//*[@id=\"application-manageresources-display-component---newResourceUnit--btnAddTimeSegment\"]"}
RESULT: {}
RESULT: {"using":"xpath","value":"//*[@id=\"application-manageresources-display-component---newResourceUnit--btnAddTimeSegment\"]"}
COMMAND: POST /session/02ea79fddde22fa81bffc0522714798c/element/f.CB997DD3A6212A0539B4B9AD4CB02789.d.4FE084CE0A9535A2D2C226046FDDD357.e.19123/click - {}
RESULT: {}
COMMAND: GET /session/02ea79fddde22fa81bffc0522714798c/screenshot - {}
RESULT: {}
COMMAND: POST /session/02ea79fddde22fa81bffc0522714798c/element - {"using":"xpath","value":"//input[@id=\"application-manageresources-display-component---newResourceUnit--idRuTSAdmin-application-manageresources-display-component---newResourceUnit--RUTimeSegment-0-inner\"]"}
RESULT: {"using":"xpath","value":"//input[@id=\"application-manageresources-display-component---newResourceUnit--idRuTSAdmin-application-manageresources-display-component---newResourceUnit--RUTimeSegment-0-inner\"]"}
COMMAND: POST /session/02ea79fddde22fa81bffc0522714798c/element/f.CB997DD3A6212A0539B4B9AD4CB02789.d.4FE084CE0A9535A2D2C226046FDDD357.e.19129/clear - {}
RESULT: {}
COMMAND: POST /session/02ea79fddde22fa81bffc0522714798c/element/f.CB997DD3A6212A0539B4B9AD4CB02789.d.4FE084CE0A9535A2D2C226046FDDD357.e.19129/value - {"text":"344"}
COMMAND: GET /session/02ea79fddde22fa81bffc0522714798c/screenshot - {}
RESULT: {"text":"344"}
COMMAND: GET /session/02ea79fddde22fa81bffc0522714798c/screenshot - {}
RESULT: {}
RESULT: {}
COMMAND: POST /session/02ea79fddde22fa81bffc0522714798c/element - {"using":"xpath","value":"//li[.//span[text()='344']]"}
RESULT: {"using":"xpath","value":"//li[.//span[text()='344']]"}
COMMAND: POST /session/02ea79fddde22fa81bffc0522714798c/element/f.CB997DD3A6212A0539B4B9AD4CB02789.d.4FE084CE0A9535A2D2C226046FDDD357.e.19141/click - {}
RESULT: {}
COMMAND: GET /session/02ea79fddde22fa81bffc0522714798c/screenshot - {}
RESULT: {}
COMMAND: POST /session/02ea79fddde22fa81bffc0522714798c/element - {"using":"xpath","value":"(//span[contains(@id, \"-application-manageresources-display-component---newResourceUnit--RUTimeSegment-0-arrow\")])[6]"}
RESULT: {"using":"xpath","value":"(//span[contains(@id, \"-application-manageresources-display-component---newResourceUnit--RUTimeSegment-0-arrow\")])[6]"}
COMMAND: POST /session/02ea79fddde22fa81bffc0522714798c/element/f.CB997DD3A6212A0539B4B9AD4CB02789.d.4FE084CE0A9535A2D2C226046FDDD357.e.19142/click - {}
RESULT: {}
COMMAND: POST /session/02ea79fddde22fa81bffc0522714798c/element - {"using":"xpath","value":"//span[contains(text(), \"PM Order\")]"}
COMMAND: GET /session/02ea79fddde22fa81bffc0522714798c/screenshot - {}
RESULT: {"using":"xpath","value":"//span[contains(text(), \"PM Order\")]"}
COMMAND: POST /session/02ea79fddde22fa81bffc0522714798c/element/f.CB997DD3A6212A0539B4B9AD4CB02789.d.4FE084CE0A9535A2D2C226046FDDD357.e.19145/click - {}
RESULT: {}
RESULT: {}
COMMAND: GET /session/02ea79fddde22fa81bffc0522714798c/screenshot - {}
RESULT: {}
COMMAND: POST /session/02ea79fddde22fa81bffc0522714798c/element - {"using":"xpath","value":"(//span[contains(@id ,\"manageresources-display-component---newResourceUnit--RUTimeSegment-0-vhi\")])[1]"}
RESULT: {"using":"xpath","value":"(//span[contains(@id ,\"manageresources-display-component---newResourceUnit--RUTimeSegment-0-vhi\")])[1]"}
COMMAND: GET /session/02ea79fddde22fa81bffc0522714798c/element/f.CB997DD3A6212A0539B4B9AD4CB02789.d.4FE084CE0A9535A2D2C226046FDDD357.e.19149/rect - {}
RESULT: {}
COMMAND: GET /session/02ea79fddde22fa81bffc0522714798c/window/rect - {}
RESULT: {}
COMMAND: POST /session/02ea79fddde22fa81bffc0522714798c/execute/sync - {"script":"<script> [92 bytes]","args":[]}
RESULT: {"script":"<script> [92 bytes]","args":[]}
COMMAND: POST /session/02ea79fddde22fa81bffc0522714798c/actions - {"actions":[{"id":"action68","type":"wheel","parameters":{},"actions":[{"type":"scroll","x":-869,"y":-24,"deltaX":0,"deltaY":0,"duration":0,"origin":{"element-6066-11e4-a52e-4f735466cecf":"f.CB997DD3A6212A0539B4B9AD4CB02789.d.4FE084CE0A9535A2D2C226046FDDD357.e.19149"}}]}]}
COMMAND: GET /session/02ea79fddde22fa81bffc0522714798c/screenshot - {}
RESULT: {"actions":[{"id":"action68","type":"wheel","parameters":{},"actions":[{"type":"scroll","x":-869,"y":-24,"deltaX":0,"deltaY":0,"duration":0,"origin":{"element-6066-11e4-a52e-4f735466cecf":"f.CB997DD3A6212A0539B4B9AD4CB02789.d.4FE084CE0A9535A2D2C226046FDDD357.e.19149"}}]}]}
COMMAND: DELETE /session/02ea79fddde22fa81bffc0522714798c/actions - {}
COMMAND: GET /session/02ea79fddde22fa81bffc0522714798c/screenshot - {}
RESULT: {}
RESULT: {}
COMMAND: GET /session/02ea79fddde22fa81bffc0522714798c/screenshot - {}
RESULT: {}
RESULT: {}
COMMAND: POST /session/02ea79fddde22fa81bffc0522714798c/element/f.CB997DD3A6212A0539B4B9AD4CB02789.d.4FE084CE0A9535A2D2C226046FDDD357.e.19149/click - {}
RESULT: {}
COMMAND: GET /session/02ea79fddde22fa81bffc0522714798c/screenshot - {}
RESULT: {}
COMMAND: POST /session/02ea79fddde22fa81bffc0522714798c/execute/async - {"script":"<script> [1562 bytes]","args":[{"selector":{"controlType":"sap.m.SearchField","properties":{"placeholder":"Search"},"searchOpenDialogs":true,"interaction":{"idSuffix":"I"}},"wdio_ui5_key":"sapm.SearchField{\"placeholder\":\"Search\"}"}]}
RESULT: {"script":"<script> [1562 bytes]","args":[{"selector":{"controlType":"sap.m.SearchField","properties":{"placeholder":"Search"},"searchOpenDialogs":true,"interaction":{"idSuffix":"I"}},"wdio_ui5_key":"sapm.SearchField{\"placeholder\":\"Search\"}"}]}
RESULT: undefined
COMMAND: POST /session/02ea79fddde22fa81bffc0522714798c/execute/async - {"script":"<script> [776 bytes]","args":[{"enterText":"4000360","selector":{"controlType":"sap.m.SearchField","properties":{"placeholder":"Search"},"searchOpenDialogs":true,"interaction":{"idSuffix":"I"}},"clearTextFirst":true,"interactionType":"ENTER_TEXT"}]}
RESULT: {"script":"<script> [776 bytes]","args":[{"enterText":"4000360","selector":{"controlType":"sap.m.SearchField","properties":{"placeholder":"Search"},"searchOpenDialogs":true,"interaction":{"idSuffix":"I"}},"clearTextFirst":true,"interactionType":"ENTER_TEXT"}]}
COMMAND: POST /session/02ea79fddde22fa81bffc0522714798c/actions - {"actions":[{"id":"action69","type":"key","parameters":{},"actions":[{"type":"keyDown","value":"î€‡"},{"type":"pause","duration":10},{"type":"keyUp","value":"î€‡"}]}]}
RESULT: {"actions":[{"id":"action69","type":"key","parameters":{},"actions":[{"type":"keyDown","value":"î€‡"},{"type":"pause","duration":10},{"type":"keyUp","value":"î€‡"}]}]}
COMMAND: GET /session/02ea79fddde22fa81bffc0522714798c/screenshot - {}
RESULT: {}
COMMAND: POST /session/02ea79fddde22fa81bffc0522714798c/element - {"using":"xpath","value":"//td/div/span[contains(text(), \"BGL Vehicles\")]"}
RESULT: {"using":"xpath","value":"//td/div/span[contains(text(), \"BGL Vehicles\")]"}
COMMAND: POST /session/02ea79fddde22fa81bffc0522714798c/element/f.CB997DD3A6212A0539B4B9AD4CB02789.d.4FE084CE0A9535A2D2C226046FDDD357.e.19170/click - {}
RESULT: {}
COMMAND: GET /session/02ea79fddde22fa81bffc0522714798c/screenshot - {}
RESULT: {}
COMMAND: POST /session/02ea79fddde22fa81bffc0522714798c/element - {"using":"xpath","value":"//bdi[contains(text(), \"OK\")]"}
RESULT: {"using":"xpath","value":"//bdi[contains(text(), \"OK\")]"}
COMMAND: POST /session/02ea79fddde22fa81bffc0522714798c/element/f.CB997DD3A6212A0539B4B9AD4CB02789.d.4FE084CE0A9535A2D2C226046FDDD357.e.19171/click - {}
RESULT: {}
COMMAND: GET /session/02ea79fddde22fa81bffc0522714798c/screenshot - {}
RESULT: {}
COMMAND: POST /session/02ea79fddde22fa81bffc0522714798c/execute/async - {"script":"<script> [1562 bytes]","args":[{"selector":{"id":"application-manageresources-display-component---newResourceUnit--newRRUPage-anchBar-application-manageresources-display-component---newResourceUnit--resource-anchor","interaction":{"idSuffix":"BDI-content"}},"wdio_ui5_key":"applicationmanageresources-display-component---newResourceUnit--newRRUPage-anchBar-application-manageresources-display-component---newResourceUnit--resource-anchor"}]}
RESULT: {"script":"<script> [1562 bytes]","args":[{"selector":{"id":"application-manageresources-display-component---newResourceUnit--newRRUPage-anchBar-application-manageresources-display-component---newResourceUnit--resource-anchor","interaction":{"idSuffix":"BDI-content"}},"wdio_ui5_key":"applicationmanageresources-display-component---newResourceUnit--newRRUPage-anchBar-application-manageresources-display-component---newResourceUnit--resource-anchor"}]}
RESULT: undefined
COMMAND: POST /session/02ea79fddde22fa81bffc0522714798c/element - {"using":"xpath","value":"//*[@id=\"application-manageresources-display-component---newResourceUnit--newRRUPage-anchBar-application-manageresources-display-component---newResourceUnit--resource-anchor\"]"}
RESULT: {"using":"xpath","value":"//*[@id=\"application-manageresources-display-component---newResourceUnit--newRRUPage-anchBar-application-manageresources-display-component---newResourceUnit--resource-anchor\"]"}
COMMAND: POST /session/02ea79fddde22fa81bffc0522714798c/element/f.CB997DD3A6212A0539B4B9AD4CB02789.d.4FE084CE0A9535A2D2C226046FDDD357.e.19175/click - {}
RESULT: {}
COMMAND: POST /session/02ea79fddde22fa81bffc0522714798c/execute/async - {"script":"<script> [1562 bytes]","args":[{"selector":{"id":"application-manageresources-display-component---newResourceUnit--PLANNED_DELIVERY_DATE","interaction":{"idSuffix":"inner"}},"wdio_ui5_key":"applicationmanageresources-display-component---newResourceUnit--PLANNED_DELIVERY_DATE"}]}
COMMAND: GET /session/02ea79fddde22fa81bffc0522714798c/screenshot - {}
RESULT: {"script":"<script> [1562 bytes]","args":[{"selector":{"id":"application-manageresources-display-component---newResourceUnit--PLANNED_DELIVERY_DATE","interaction":{"idSuffix":"inner"}},"wdio_ui5_key":"applicationmanageresources-display-component---newResourceUnit--PLANNED_DELIVERY_DATE"}]}
RESULT: undefined
COMMAND: POST /session/02ea79fddde22fa81bffc0522714798c/execute/async - {"script":"<script> [6424 bytes]","args":[{"element-6066-11e4-a52e-4f735466cecf":"f.CB997DD3A6212A0539B4B9AD4CB02789.d.4FE084CE0A9535A2D2C226046FDDD357.e.19035"},"setValue",["4/28/25"]]}
RESULT: {}
RESULT: {"script":"<script> [6424 bytes]","args":[{"element-6066-11e4-a52e-4f735466cecf":"f.CB997DD3A6212A0539B4B9AD4CB02789.d.4FE084CE0A9535A2D2C226046FDDD357.e.19035"},"setValue",["4/28/25"]]}
COMMAND: POST /session/02ea79fddde22fa81bffc0522714798c/element - {"using":"xpath","value":"//button[@data-kt=\"resourceUnitSaveButton\"]"}
RESULT: {"using":"xpath","value":"//button[@data-kt=\"resourceUnitSaveButton\"]"}
COMMAND: POST /session/02ea79fddde22fa81bffc0522714798c/element/f.CB997DD3A6212A0539B4B9AD4CB02789.d.4FE084CE0A9535A2D2C226046FDDD357.e.18996/click - {}
RESULT: {}
COMMAND: GET /session/02ea79fddde22fa81bffc0522714798c/screenshot - {}
RESULT: {}
COMMAND: POST /session/02ea79fddde22fa81bffc0522714798c/element - {"using":"xpath","value":"//bdi[contains(text(), \"Close\")]"}
RESULT: {"using":"xpath","value":"//bdi[contains(text(), \"Close\")]"}
COMMAND: POST /session/02ea79fddde22fa81bffc0522714798c/element/f.CB997DD3A6212A0539B4B9AD4CB02789.d.4FE084CE0A9535A2D2C226046FDDD357.e.19183/click - {}
RESULT: {}
COMMAND: GET /session/02ea79fddde22fa81bffc0522714798c/screenshot - {}
RESULT: {}
COMMAND: POST /session/02ea79fddde22fa81bffc0522714798c/element - {"using":"xpath","value":"(//button[contains(@id ,\"actionsToolbar-overflowButton\")])[1]"}
RESULT: {"using":"xpath","value":"(//button[contains(@id ,\"actionsToolbar-overflowButton\")])[1]"}
COMMAND: POST /session/02ea79fddde22fa81bffc0522714798c/element/f.CB997DD3A6212A0539B4B9AD4CB02789.d.4FE084CE0A9535A2D2C226046FDDD357.e.19212/click - {}
RESULT: {}
COMMAND: GET /session/02ea79fddde22fa81bffc0522714798c/screenshot - {}
RESULT: {}
COMMAND: POST /session/02ea79fddde22fa81bffc0522714798c/element - {"using":"xpath","value":"//button[@data-kt=\"priceInfoButton\"]"}
RESULT: {"using":"xpath","value":"//button[@data-kt=\"priceInfoButton\"]"}
COMMAND: POST /session/02ea79fddde22fa81bffc0522714798c/element/f.CB997DD3A6212A0539B4B9AD4CB02789.d.4FE084CE0A9535A2D2C226046FDDD357.e.19216/click - {}
RESULT: {}
COMMAND: GET /session/02ea79fddde22fa81bffc0522714798c/screenshot - {}
RESULT: {}
]]></system-out>
    </testcase>
    <testcase classname="chrome.135_0_7049_96.windows.Billing_Calculation_-_Time_based_(considering_transport_times)_US139738" name="Should create new pricing rule for 1st equipment" time="49.605">
      <system-out><![CDATA[
COMMAND: POST /session/02ea79fddde22fa81bffc0522714798c/element - {"using":"xpath","value":"//button[@data-kt=\"addButton\"]"}
RESULT: {"using":"xpath","value":"//button[@data-kt=\"addButton\"]"}
COMMAND: POST /session/02ea79fddde22fa81bffc0522714798c/elements - {"using":"xpath","value":"//button[@data-kt=\"addButton\"]"}
RESULT: {"using":"xpath","value":"//button[@data-kt=\"addButton\"]"}
COMMAND: POST /session/02ea79fddde22fa81bffc0522714798c/elements - {"using":"xpath","value":"//button[@data-kt=\"addButton\"]"}
RESULT: {"using":"xpath","value":"//button[@data-kt=\"addButton\"]"}
COMMAND: POST /session/02ea79fddde22fa81bffc0522714798c/element - {"using":"xpath","value":"//button[@data-kt=\"addButton\"]"}
RESULT: {"using":"xpath","value":"//button[@data-kt=\"addButton\"]"}
COMMAND: POST /session/02ea79fddde22fa81bffc0522714798c/execute/sync - {"script":"<script> [8489 bytes]","args":[{"element-6066-11e4-a52e-4f735466cecf":"f.CB997DD3A6212A0539B4B9AD4CB02789.d.4FE084CE0A9535A2D2C226046FDDD357.e.19252","ELEMENT":"f.CB997DD3A6212A0539B4B9AD4CB02789.d.4FE084CE0A9535A2D2C226046FDDD357.e.19252"}]}
RESULT: {"script":"<script> [8489 bytes]","args":[{"element-6066-11e4-a52e-4f735466cecf":"f.CB997DD3A6212A0539B4B9AD4CB02789.d.4FE084CE0A9535A2D2C226046FDDD357.e.19252","ELEMENT":"f.CB997DD3A6212A0539B4B9AD4CB02789.d.4FE084CE0A9535A2D2C226046FDDD357.e.19252"}]}
COMMAND: GET /session/02ea79fddde22fa81bffc0522714798c/element/f.CB997DD3A6212A0539B4B9AD4CB02789.d.4FE084CE0A9535A2D2C226046FDDD357.e.19252/enabled - {}
COMMAND: GET /session/02ea79fddde22fa81bffc0522714798c/screenshot - {}
RESULT: {}
COMMAND: POST /session/02ea79fddde22fa81bffc0522714798c/execute/sync - {"script":"<script> [8489 bytes]","args":[{"element-6066-11e4-a52e-4f735466cecf":"f.CB997DD3A6212A0539B4B9AD4CB02789.d.4FE084CE0A9535A2D2C226046FDDD357.e.19252","ELEMENT":"f.CB997DD3A6212A0539B4B9AD4CB02789.d.4FE084CE0A9535A2D2C226046FDDD357.e.19252"}]}
COMMAND: GET /session/02ea79fddde22fa81bffc0522714798c/screenshot - {}
RESULT: {}
RESULT: {"script":"<script> [8489 bytes]","args":[{"element-6066-11e4-a52e-4f735466cecf":"f.CB997DD3A6212A0539B4B9AD4CB02789.d.4FE084CE0A9535A2D2C226046FDDD357.e.19252","ELEMENT":"f.CB997DD3A6212A0539B4B9AD4CB02789.d.4FE084CE0A9535A2D2C226046FDDD357.e.19252"}]}
COMMAND: POST /session/02ea79fddde22fa81bffc0522714798c/execute/sync - {"script":"<script> [5351 bytes]","args":[{"element-6066-11e4-a52e-4f735466cecf":"f.CB997DD3A6212A0539B4B9AD4CB02789.d.4FE084CE0A9535A2D2C226046FDDD357.e.19252","ELEMENT":"f.CB997DD3A6212A0539B4B9AD4CB02789.d.4FE084CE0A9535A2D2C226046FDDD357.e.19252"}]}
COMMAND: GET /session/02ea79fddde22fa81bffc0522714798c/screenshot - {}
RESULT: {}
RESULT: {"script":"<script> [5351 bytes]","args":[{"element-6066-11e4-a52e-4f735466cecf":"f.CB997DD3A6212A0539B4B9AD4CB02789.d.4FE084CE0A9535A2D2C226046FDDD357.e.19252","ELEMENT":"f.CB997DD3A6212A0539B4B9AD4CB02789.d.4FE084CE0A9535A2D2C226046FDDD357.e.19252"}]}
COMMAND: POST /session/02ea79fddde22fa81bffc0522714798c/element/f.CB997DD3A6212A0539B4B9AD4CB02789.d.4FE084CE0A9535A2D2C226046FDDD357.e.19252/click - {}
COMMAND: GET /session/02ea79fddde22fa81bffc0522714798c/screenshot - {}
RESULT: {}
RESULT: {}
COMMAND: GET /session/02ea79fddde22fa81bffc0522714798c/screenshot - {}
RESULT: {}
RESULT: {}
COMMAND: POST /session/02ea79fddde22fa81bffc0522714798c/execute/async - {"script":"<script> [1562 bytes]","args":[{"selector":{"controlType":"sap.m.Title","viewName":"etm.portal.ui.managepricingrules.view.NewItem","viewId":"application-managepricingrules-display-component---newInfoPriceItem","properties":{"text":"New Pricing Rules - Item Level"}},"wdio_ui5_key":"etmportal.ui.managepricingrules.view.NewItemsap.m.Title{\"text\":\"New Pricing Rules - Item Level\"}"}]}
RESULT: {"script":"<script> [1562 bytes]","args":[{"selector":{"controlType":"sap.m.Title","viewName":"etm.portal.ui.managepricingrules.view.NewItem","viewId":"application-managepricingrules-display-component---newInfoPriceItem","properties":{"text":"New Pricing Rules - Item Level"}},"wdio_ui5_key":"etmportal.ui.managepricingrules.view.NewItemsap.m.Title{\"text\":\"New Pricing Rules - Item Level\"}"}]}
RESULT: undefined
COMMAND: POST /session/02ea79fddde22fa81bffc0522714798c/execute/async - {"script":"<script> [6424 bytes]","args":[{"element-6066-11e4-a52e-4f735466cecf":"f.CB997DD3A6212A0539B4B9AD4CB02789.d.4FE084CE0A9535A2D2C226046FDDD357.e.19423"},"getText",[]]}
RESULT: {"script":"<script> [6424 bytes]","args":[{"element-6066-11e4-a52e-4f735466cecf":"f.CB997DD3A6212A0539B4B9AD4CB02789.d.4FE084CE0A9535A2D2C226046FDDD357.e.19423"},"getText",[]]}
COMMAND: POST /session/02ea79fddde22fa81bffc0522714798c/execute/async - {"script":"<script> [1562 bytes]","args":[{"selector":{"id":"application-managepricingrules-display-component---newInfoPriceItem--condValidTo","interaction":{"idSuffix":"inner"}},"wdio_ui5_key":"applicationmanagepricingrules-display-component---newInfoPriceItem--condValidTo"}]}
RESULT: {"script":"<script> [1562 bytes]","args":[{"selector":{"id":"application-managepricingrules-display-component---newInfoPriceItem--condValidTo","interaction":{"idSuffix":"inner"}},"wdio_ui5_key":"applicationmanagepricingrules-display-component---newInfoPriceItem--condValidTo"}]}
RESULT: undefined
COMMAND: POST /session/02ea79fddde22fa81bffc0522714798c/execute/async - {"script":"<script> [776 bytes]","args":[{"enterText":"12/28/25","selector":{"id":"application-managepricingrules-display-component---newInfoPriceItem--condValidTo","interaction":{"idSuffix":"inner"}},"clearTextFirst":true,"interactionType":"ENTER_TEXT"}]}
RESULT: {"script":"<script> [776 bytes]","args":[{"enterText":"12/28/25","selector":{"id":"application-managepricingrules-display-component---newInfoPriceItem--condValidTo","interaction":{"idSuffix":"inner"}},"clearTextFirst":true,"interactionType":"ENTER_TEXT"}]}
COMMAND: POST /session/02ea79fddde22fa81bffc0522714798c/execute/async - {"script":"<script> [1562 bytes]","args":[{"selector":{"id":"application-managepricingrules-display-component---newInfoPriceItem--billType-arrow"},"wdio_ui5_key":"applicationmanagepricingrules-display-component---newInfoPriceItem--billType-arrow"}]}
RESULT: {"script":"<script> [1562 bytes]","args":[{"selector":{"id":"application-managepricingrules-display-component---newInfoPriceItem--billType-arrow"},"wdio_ui5_key":"applicationmanagepricingrules-display-component---newInfoPriceItem--billType-arrow"}]}
RESULT: undefined
COMMAND: POST /session/02ea79fddde22fa81bffc0522714798c/element - {"using":"xpath","value":"//*[@id=\"application-managepricingrules-display-component---newInfoPriceItem--billType-arrow\"]"}
RESULT: {"using":"xpath","value":"//*[@id=\"application-managepricingrules-display-component---newInfoPriceItem--billType-arrow\"]"}
COMMAND: POST /session/02ea79fddde22fa81bffc0522714798c/element/f.CB997DD3A6212A0539B4B9AD4CB02789.d.4FE084CE0A9535A2D2C226046FDDD357.e.19381/click - {}
RESULT: {}
COMMAND: POST /session/02ea79fddde22fa81bffc0522714798c/element - {"using":"xpath","value":"//span[contains(text(), \"TB - Time based\")]"}
COMMAND: GET /session/02ea79fddde22fa81bffc0522714798c/screenshot - {}
RESULT: {"using":"xpath","value":"//span[contains(text(), \"TB - Time based\")]"}
COMMAND: POST /session/02ea79fddde22fa81bffc0522714798c/element/f.CB997DD3A6212A0539B4B9AD4CB02789.d.4FE084CE0A9535A2D2C226046FDDD357.e.19425/click - {}
RESULT: {}
RESULT: {}
COMMAND: POST /session/02ea79fddde22fa81bffc0522714798c/execute/async - {"script":"<script> [1562 bytes]","args":[{"selector":{"id":"application-managepricingrules-display-component---newInfoPriceItem--priceProc-arrow"},"wdio_ui5_key":"applicationmanagepricingrules-display-component---newInfoPriceItem--priceProc-arrow"}]}
COMMAND: GET /session/02ea79fddde22fa81bffc0522714798c/screenshot - {}
RESULT: {"script":"<script> [1562 bytes]","args":[{"selector":{"id":"application-managepricingrules-display-component---newInfoPriceItem--priceProc-arrow"},"wdio_ui5_key":"applicationmanagepricingrules-display-component---newInfoPriceItem--priceProc-arrow"}]}
RESULT: undefined
COMMAND: POST /session/02ea79fddde22fa81bffc0522714798c/element - {"using":"xpath","value":"//*[@id=\"application-managepricingrules-display-component---newInfoPriceItem--priceProc-arrow\"]"}
RESULT: {}
RESULT: {"using":"xpath","value":"//*[@id=\"application-managepricingrules-display-component---newInfoPriceItem--priceProc-arrow\"]"}
COMMAND: POST /session/02ea79fddde22fa81bffc0522714798c/element/f.CB997DD3A6212A0539B4B9AD4CB02789.d.4FE084CE0A9535A2D2C226046FDDD357.e.19388/click - {}
RESULT: {}
COMMAND: POST /session/02ea79fddde22fa81bffc0522714798c/element - {"using":"xpath","value":"//span[contains(text(), \"TBS - Time based standard\")]"}
COMMAND: GET /session/02ea79fddde22fa81bffc0522714798c/screenshot - {}
RESULT: {"using":"xpath","value":"//span[contains(text(), \"TBS - Time based standard\")]"}
COMMAND: POST /session/02ea79fddde22fa81bffc0522714798c/element/f.CB997DD3A6212A0539B4B9AD4CB02789.d.4FE084CE0A9535A2D2C226046FDDD357.e.19426/click - {}
RESULT: {}
RESULT: {}
COMMAND: POST /session/02ea79fddde22fa81bffc0522714798c/execute/async - {"script":"<script> [1562 bytes]","args":[{"selector":{"id":"application-managepricingrules-display-component---newInfoPriceItem--calcBase-arrow"},"wdio_ui5_key":"applicationmanagepricingrules-display-component---newInfoPriceItem--calcBase-arrow"}]}
COMMAND: GET /session/02ea79fddde22fa81bffc0522714798c/screenshot - {}
RESULT: {"script":"<script> [1562 bytes]","args":[{"selector":{"id":"application-managepricingrules-display-component---newInfoPriceItem--calcBase-arrow"},"wdio_ui5_key":"applicationmanagepricingrules-display-component---newInfoPriceItem--calcBase-arrow"}]}
RESULT: undefined
COMMAND: POST /session/02ea79fddde22fa81bffc0522714798c/element - {"using":"xpath","value":"//*[@id=\"application-managepricingrules-display-component---newInfoPriceItem--calcBase-arrow\"]"}
RESULT: {}
RESULT: {"using":"xpath","value":"//*[@id=\"application-managepricingrules-display-component---newInfoPriceItem--calcBase-arrow\"]"}
COMMAND: POST /session/02ea79fddde22fa81bffc0522714798c/element/f.CB997DD3A6212A0539B4B9AD4CB02789.d.4FE084CE0A9535A2D2C226046FDDD357.e.19395/click - {}
RESULT: {}
COMMAND: GET /session/02ea79fddde22fa81bffc0522714798c/screenshot - {}
RESULT: {}
COMMAND: POST /session/02ea79fddde22fa81bffc0522714798c/element - {"using":"xpath","value":"//span[contains(text(), \"0006 - TB(calendar days)\")]"}
RESULT: {"using":"xpath","value":"//span[contains(text(), \"0006 - TB(calendar days)\")]"}
COMMAND: POST /session/02ea79fddde22fa81bffc0522714798c/element/f.CB997DD3A6212A0539B4B9AD4CB02789.d.4FE084CE0A9535A2D2C226046FDDD357.e.19427/click - {}
RESULT: {}
COMMAND: GET /session/02ea79fddde22fa81bffc0522714798c/screenshot - {}
RESULT: {}
COMMAND: POST /session/02ea79fddde22fa81bffc0522714798c/execute/async - {"script":"<script> [1562 bytes]","args":[{"selector":{"id":"application-managepricingrules-display-component---newInfoPriceItem--daysMonth","interaction":{"idSuffix":"inner"}},"wdio_ui5_key":"applicationmanagepricingrules-display-component---newInfoPriceItem--daysMonth"}]}
RESULT: {"script":"<script> [1562 bytes]","args":[{"selector":{"id":"application-managepricingrules-display-component---newInfoPriceItem--daysMonth","interaction":{"idSuffix":"inner"}},"wdio_ui5_key":"applicationmanagepricingrules-display-component---newInfoPriceItem--daysMonth"}]}
RESULT: undefined
COMMAND: POST /session/02ea79fddde22fa81bffc0522714798c/execute/async - {"script":"<script> [776 bytes]","args":[{"enterText":"30","selector":{"id":"application-managepricingrules-display-component---newInfoPriceItem--daysMonth","interaction":{"idSuffix":"inner"}},"clearTextFirst":true,"interactionType":"ENTER_TEXT"}]}
RESULT: {"script":"<script> [776 bytes]","args":[{"enterText":"30","selector":{"id":"application-managepricingrules-display-component---newInfoPriceItem--daysMonth","interaction":{"idSuffix":"inner"}},"clearTextFirst":true,"interactionType":"ENTER_TEXT"}]}
COMMAND: POST /session/02ea79fddde22fa81bffc0522714798c/element - {"using":"xpath","value":"//button[@data-kt=\"saveNewRuleButton\"]"}
RESULT: {"using":"xpath","value":"//button[@data-kt=\"saveNewRuleButton\"]"}
COMMAND: POST /session/02ea79fddde22fa81bffc0522714798c/element/f.CB997DD3A6212A0539B4B9AD4CB02789.d.4FE084CE0A9535A2D2C226046FDDD357.e.19415/click - {}
RESULT: {}
COMMAND: GET /session/02ea79fddde22fa81bffc0522714798c/screenshot - {}
RESULT: {}
COMMAND: POST /session/02ea79fddde22fa81bffc0522714798c/execute/async - {"script":"<script> [1562 bytes]","args":[{"selector":{"id":"application-managepricingrules-display-component---priceInfoItem--smartFilterBar-btnBasicSearch","interaction":{"idSuffix":"I"}},"wdio_ui5_key":"applicationmanagepricingrules-display-component---priceInfoItem--smartFilterBar-btnBasicSearch"}]}
RESULT: {"script":"<script> [1562 bytes]","args":[{"selector":{"id":"application-managepricingrules-display-component---priceInfoItem--smartFilterBar-btnBasicSearch","interaction":{"idSuffix":"I"}},"wdio_ui5_key":"applicationmanagepricingrules-display-component---priceInfoItem--smartFilterBar-btnBasicSearch"}]}
RESULT: undefined
COMMAND: POST /session/02ea79fddde22fa81bffc0522714798c/execute/async - {"script":"<script> [776 bytes]","args":[{"enterText":"w2kOGOb4QE","selector":{"id":"application-managepricingrules-display-component---priceInfoItem--smartFilterBar-btnBasicSearch","interaction":{"idSuffix":"I"}},"clearTextFirst":true,"interactionType":"ENTER_TEXT"}]}
RESULT: {"script":"<script> [776 bytes]","args":[{"enterText":"w2kOGOb4QE","selector":{"id":"application-managepricingrules-display-component---priceInfoItem--smartFilterBar-btnBasicSearch","interaction":{"idSuffix":"I"}},"clearTextFirst":true,"interactionType":"ENTER_TEXT"}]}
COMMAND: POST /session/02ea79fddde22fa81bffc0522714798c/actions - {"actions":[{"id":"action70","type":"key","parameters":{},"actions":[{"type":"keyDown","value":"î€‡"},{"type":"pause","duration":10},{"type":"keyUp","value":"î€‡"}]}]}
RESULT: {"actions":[{"id":"action70","type":"key","parameters":{},"actions":[{"type":"keyDown","value":"î€‡"},{"type":"pause","duration":10},{"type":"keyUp","value":"î€‡"}]}]}
COMMAND: GET /session/02ea79fddde22fa81bffc0522714798c/screenshot - {}
RESULT: {}
COMMAND: POST /session/02ea79fddde22fa81bffc0522714798c/element - {"using":"xpath","value":"//span[@id=\"application-managepricingrules-display-component---priceInfoItem--smartTable-header-inner\"]"}
RESULT: {"using":"xpath","value":"//span[@id=\"application-managepricingrules-display-component---priceInfoItem--smartTable-header-inner\"]"}
COMMAND: POST /session/02ea79fddde22fa81bffc0522714798c/elements - {"using":"xpath","value":"//span[@id=\"application-managepricingrules-display-component---priceInfoItem--smartTable-header-inner\"]"}
RESULT: {"using":"xpath","value":"//span[@id=\"application-managepricingrules-display-component---priceInfoItem--smartTable-header-inner\"]"}
COMMAND: POST /session/02ea79fddde22fa81bffc0522714798c/execute/sync - {"script":"<script> [56 bytes]","args":[{"element-6066-11e4-a52e-4f735466cecf":"f.CB997DD3A6212A0539B4B9AD4CB02789.d.4FE084CE0A9535A2D2C226046FDDD357.e.19440","ELEMENT":"f.CB997DD3A6212A0539B4B9AD4CB02789.d.4FE084CE0A9535A2D2C226046FDDD357.e.19440"}]}
RESULT: {"script":"<script> [56 bytes]","args":[{"element-6066-11e4-a52e-4f735466cecf":"f.CB997DD3A6212A0539B4B9AD4CB02789.d.4FE084CE0A9535A2D2C226046FDDD357.e.19440","ELEMENT":"f.CB997DD3A6212A0539B4B9AD4CB02789.d.4FE084CE0A9535A2D2C226046FDDD357.e.19440"}]}
COMMAND: POST /session/02ea79fddde22fa81bffc0522714798c/element - {"using":"css selector","value":"#shell-header-logo"}
COMMAND: GET /session/02ea79fddde22fa81bffc0522714798c/screenshot - {}
RESULT: {"using":"css selector","value":"#shell-header-logo"}
COMMAND: POST /session/02ea79fddde22fa81bffc0522714798c/element/f.CB997DD3A6212A0539B4B9AD4CB02789.d.4FE084CE0A9535A2D2C226046FDDD357.e.18578/click - {}
RESULT: {}
RESULT: {}
COMMAND: GET /session/02ea79fddde22fa81bffc0522714798c/screenshot - {}
RESULT: {}
]]></system-out>
    </testcase>
    <testcase classname="chrome.135_0_7049_96.windows.Billing_Calculation_-_Time_based_(considering_transport_times)_US139738" name="Should create new pricing condition for 1st equipment" time="61.366">
      <system-out><![CDATA[
COMMAND: POST /session/02ea79fddde22fa81bffc0522714798c/execute/async - {"script":"<script> [1562 bytes]","args":[{"selector":{"controlType":"sap.m.Text","properties":{"text":"Manage Conditions & Prices"},"interaction":{"idSuffix":"inner"}},"wdio_ui5_key":"sapm.Text{\"text\":\"Manage Conditions & Prices\"}"}]}
RESULT: {"script":"<script> [1562 bytes]","args":[{"selector":{"controlType":"sap.m.Text","properties":{"text":"Manage Conditions & Prices"},"interaction":{"idSuffix":"inner"}},"wdio_ui5_key":"sapm.Text{\"text\":\"Manage Conditions & Prices\"}"}]}
RESULT: undefined
COMMAND: POST /session/02ea79fddde22fa81bffc0522714798c/element - {"using":"xpath","value":"//*[@id=\"__tile53-title\"]"}
RESULT: {"using":"xpath","value":"//*[@id=\"__tile53-title\"]"}
COMMAND: POST /session/02ea79fddde22fa81bffc0522714798c/element/f.CB997DD3A6212A0539B4B9AD4CB02789.d.4FE084CE0A9535A2D2C226046FDDD357.e.19443/click - {}
RESULT: {}
COMMAND: POST /session/02ea79fddde22fa81bffc0522714798c/element - {"using":"xpath","value":"//button[@aria-label=\"Create\"]"}
COMMAND: GET /session/02ea79fddde22fa81bffc0522714798c/screenshot - {}
RESULT: {"using":"xpath","value":"//button[@aria-label=\"Create\"]"}
COMMAND: POST /session/02ea79fddde22fa81bffc0522714798c/elements - {"using":"xpath","value":"//button[@aria-label=\"Create\"]"}
RESULT: {}
RESULT: {"using":"xpath","value":"//button[@aria-label=\"Create\"]"}
COMMAND: POST /session/02ea79fddde22fa81bffc0522714798c/elements - {"using":"xpath","value":"//button[@aria-label=\"Create\"]"}
RESULT: {"using":"xpath","value":"//button[@aria-label=\"Create\"]"}
COMMAND: POST /session/02ea79fddde22fa81bffc0522714798c/elements - {"using":"xpath","value":"//button[@aria-label=\"Create\"]"}
RESULT: {"using":"xpath","value":"//button[@aria-label=\"Create\"]"}
COMMAND: POST /session/02ea79fddde22fa81bffc0522714798c/elements - {"using":"xpath","value":"//button[@aria-label=\"Create\"]"}
RESULT: {"using":"xpath","value":"//button[@aria-label=\"Create\"]"}
COMMAND: POST /session/02ea79fddde22fa81bffc0522714798c/elements - {"using":"xpath","value":"//button[@aria-label=\"Create\"]"}
RESULT: {"using":"xpath","value":"//button[@aria-label=\"Create\"]"}
COMMAND: POST /session/02ea79fddde22fa81bffc0522714798c/elements - {"using":"xpath","value":"//button[@aria-label=\"Create\"]"}
RESULT: {"using":"xpath","value":"//button[@aria-label=\"Create\"]"}
COMMAND: POST /session/02ea79fddde22fa81bffc0522714798c/elements - {"using":"xpath","value":"//button[@aria-label=\"Create\"]"}
RESULT: {"using":"xpath","value":"//button[@aria-label=\"Create\"]"}
COMMAND: POST /session/02ea79fddde22fa81bffc0522714798c/element - {"using":"xpath","value":"//button[@aria-label=\"Create\"]"}
RESULT: {"using":"xpath","value":"//button[@aria-label=\"Create\"]"}
COMMAND: POST /session/02ea79fddde22fa81bffc0522714798c/execute/sync - {"script":"<script> [8489 bytes]","args":[{"element-6066-11e4-a52e-4f735466cecf":"f.CB997DD3A6212A0539B4B9AD4CB02789.d.4FE084CE0A9535A2D2C226046FDDD357.e.19477","ELEMENT":"f.CB997DD3A6212A0539B4B9AD4CB02789.d.4FE084CE0A9535A2D2C226046FDDD357.e.19477"}]}
RESULT: {"script":"<script> [8489 bytes]","args":[{"element-6066-11e4-a52e-4f735466cecf":"f.CB997DD3A6212A0539B4B9AD4CB02789.d.4FE084CE0A9535A2D2C226046FDDD357.e.19477","ELEMENT":"f.CB997DD3A6212A0539B4B9AD4CB02789.d.4FE084CE0A9535A2D2C226046FDDD357.e.19477"}]}
COMMAND: GET /session/02ea79fddde22fa81bffc0522714798c/element/f.CB997DD3A6212A0539B4B9AD4CB02789.d.4FE084CE0A9535A2D2C226046FDDD357.e.19477/enabled - {}
COMMAND: GET /session/02ea79fddde22fa81bffc0522714798c/screenshot - {}
RESULT: {}
COMMAND: POST /session/02ea79fddde22fa81bffc0522714798c/execute/sync - {"script":"<script> [8489 bytes]","args":[{"element-6066-11e4-a52e-4f735466cecf":"f.CB997DD3A6212A0539B4B9AD4CB02789.d.4FE084CE0A9535A2D2C226046FDDD357.e.19477","ELEMENT":"f.CB997DD3A6212A0539B4B9AD4CB02789.d.4FE084CE0A9535A2D2C226046FDDD357.e.19477"}]}
COMMAND: GET /session/02ea79fddde22fa81bffc0522714798c/screenshot - {}
RESULT: {}
RESULT: {"script":"<script> [8489 bytes]","args":[{"element-6066-11e4-a52e-4f735466cecf":"f.CB997DD3A6212A0539B4B9AD4CB02789.d.4FE084CE0A9535A2D2C226046FDDD357.e.19477","ELEMENT":"f.CB997DD3A6212A0539B4B9AD4CB02789.d.4FE084CE0A9535A2D2C226046FDDD357.e.19477"}]}
COMMAND: POST /session/02ea79fddde22fa81bffc0522714798c/execute/sync - {"script":"<script> [5351 bytes]","args":[{"element-6066-11e4-a52e-4f735466cecf":"f.CB997DD3A6212A0539B4B9AD4CB02789.d.4FE084CE0A9535A2D2C226046FDDD357.e.19477","ELEMENT":"f.CB997DD3A6212A0539B4B9AD4CB02789.d.4FE084CE0A9535A2D2C226046FDDD357.e.19477"}]}
COMMAND: GET /session/02ea79fddde22fa81bffc0522714798c/screenshot - {}
RESULT: {}
RESULT: {"script":"<script> [5351 bytes]","args":[{"element-6066-11e4-a52e-4f735466cecf":"f.CB997DD3A6212A0539B4B9AD4CB02789.d.4FE084CE0A9535A2D2C226046FDDD357.e.19477","ELEMENT":"f.CB997DD3A6212A0539B4B9AD4CB02789.d.4FE084CE0A9535A2D2C226046FDDD357.e.19477"}]}
COMMAND: POST /session/02ea79fddde22fa81bffc0522714798c/element/f.CB997DD3A6212A0539B4B9AD4CB02789.d.4FE084CE0A9535A2D2C226046FDDD357.e.19477/click - {}
COMMAND: GET /session/02ea79fddde22fa81bffc0522714798c/screenshot - {}
RESULT: {}
RESULT: {}
COMMAND: GET /session/02ea79fddde22fa81bffc0522714798c/screenshot - {}
RESULT: {}
RESULT: {}
COMMAND: POST /session/02ea79fddde22fa81bffc0522714798c/actions - {"actions":[{"id":"action71","type":"key","parameters":{},"actions":[{"type":"keyDown","value":"î€‡"},{"type":"pause","duration":10},{"type":"keyUp","value":"î€‡"}]}]}
RESULT: {"actions":[{"id":"action71","type":"key","parameters":{},"actions":[{"type":"keyDown","value":"î€‡"},{"type":"pause","duration":10},{"type":"keyUp","value":"î€‡"}]}]}
COMMAND: GET /session/02ea79fddde22fa81bffc0522714798c/screenshot - {}
RESULT: {}
COMMAND: POST /session/02ea79fddde22fa81bffc0522714798c/execute/async - {"script":"<script> [1562 bytes]","args":[{"selector":{"id":"application-manageconditionprice-display-component---newCondition--condBillCond-arrow"},"wdio_ui5_key":"applicationmanageconditionprice-display-component---newCondition--condBillCond-arrow"}]}
RESULT: {"script":"<script> [1562 bytes]","args":[{"selector":{"id":"application-manageconditionprice-display-component---newCondition--condBillCond-arrow"},"wdio_ui5_key":"applicationmanageconditionprice-display-component---newCondition--condBillCond-arrow"}]}
RESULT: undefined
COMMAND: POST /session/02ea79fddde22fa81bffc0522714798c/element - {"using":"xpath","value":"//*[@id=\"application-manageconditionprice-display-component---newCondition--condBillCond-arrow\"]"}
RESULT: {"using":"xpath","value":"//*[@id=\"application-manageconditionprice-display-component---newCondition--condBillCond-arrow\"]"}
COMMAND: POST /session/02ea79fddde22fa81bffc0522714798c/element/f.CB997DD3A6212A0539B4B9AD4CB02789.d.4FE084CE0A9535A2D2C226046FDDD357.e.19654/click - {}
RESULT: {}
COMMAND: GET /session/02ea79fddde22fa81bffc0522714798c/screenshot - {}
RESULT: {}
COMMAND: POST /session/02ea79fddde22fa81bffc0522714798c/element - {"using":"xpath","value":"//li[.//span[contains(text(), \"DISP - D&I special price\")]]"}
RESULT: {"using":"xpath","value":"//li[.//span[contains(text(), \"DISP - D&I special price\")]]"}
COMMAND: POST /session/02ea79fddde22fa81bffc0522714798c/element/f.CB997DD3A6212A0539B4B9AD4CB02789.d.4FE084CE0A9535A2D2C226046FDDD357.e.19657/click - {}
RESULT: {}
COMMAND: GET /session/02ea79fddde22fa81bffc0522714798c/screenshot - {}
RESULT: {}
COMMAND: POST /session/02ea79fddde22fa81bffc0522714798c/execute/async - {"script":"<script> [1562 bytes]","args":[{"selector":{"id":"application-manageconditionprice-display-component---newCondition--condValidTo","interaction":{"idSuffix":"inner"}},"wdio_ui5_key":"applicationmanageconditionprice-display-component---newCondition--condValidTo"}]}
RESULT: {"script":"<script> [1562 bytes]","args":[{"selector":{"id":"application-manageconditionprice-display-component---newCondition--condValidTo","interaction":{"idSuffix":"inner"}},"wdio_ui5_key":"applicationmanageconditionprice-display-component---newCondition--condValidTo"}]}
RESULT: undefined
COMMAND: POST /session/02ea79fddde22fa81bffc0522714798c/execute/async - {"script":"<script> [776 bytes]","args":[{"enterText":"12/28/25","selector":{"id":"application-manageconditionprice-display-component---newCondition--condValidTo","interaction":{"idSuffix":"inner"}},"clearTextFirst":true,"interactionType":"ENTER_TEXT"}]}
RESULT: {"script":"<script> [776 bytes]","args":[{"enterText":"12/28/25","selector":{"id":"application-manageconditionprice-display-component---newCondition--condValidTo","interaction":{"idSuffix":"inner"}},"clearTextFirst":true,"interactionType":"ENTER_TEXT"}]}
COMMAND: POST /session/02ea79fddde22fa81bffc0522714798c/element - {"using":"xpath","value":"//input[@id=\"application-manageconditionprice-display-component---newCondition--condRU-inner\"]"}
RESULT: {"using":"xpath","value":"//input[@id=\"application-manageconditionprice-display-component---newCondition--condRU-inner\"]"}
COMMAND: POST /session/02ea79fddde22fa81bffc0522714798c/element/f.CB997DD3A6212A0539B4B9AD4CB02789.d.4FE084CE0A9535A2D2C226046FDDD357.e.19518/clear - {}
RESULT: {}
COMMAND: POST /session/02ea79fddde22fa81bffc0522714798c/element/f.CB997DD3A6212A0539B4B9AD4CB02789.d.4FE084CE0A9535A2D2C226046FDDD357.e.19518/value - {"text":"w2kOGOb4QE"}
COMMAND: GET /session/02ea79fddde22fa81bffc0522714798c/screenshot - {}
RESULT: {"text":"w2kOGOb4QE"}
COMMAND: GET /session/02ea79fddde22fa81bffc0522714798c/screenshot - {}
RESULT: {}
RESULT: {}
COMMAND: POST /session/02ea79fddde22fa81bffc0522714798c/actions - {"actions":[{"id":"action72","type":"key","parameters":{},"actions":[{"type":"keyDown","value":"î€‡"},{"type":"pause","duration":10},{"type":"keyUp","value":"î€‡"}]}]}
RESULT: {"actions":[{"id":"action72","type":"key","parameters":{},"actions":[{"type":"keyDown","value":"î€‡"},{"type":"pause","duration":10},{"type":"keyUp","value":"î€‡"}]}]}
COMMAND: POST /session/02ea79fddde22fa81bffc0522714798c/execute/async - {"script":"<script> [1562 bytes]","args":[{"selector":{"id":"application-manageconditionprice-display-component---newCondition--condBaseQty","interaction":{"idSuffix":"inner"}},"wdio_ui5_key":"applicationmanageconditionprice-display-component---newCondition--condBaseQty"}]}
COMMAND: GET /session/02ea79fddde22fa81bffc0522714798c/screenshot - {}
RESULT: {"script":"<script> [1562 bytes]","args":[{"selector":{"id":"application-manageconditionprice-display-component---newCondition--condBaseQty","interaction":{"idSuffix":"inner"}},"wdio_ui5_key":"applicationmanageconditionprice-display-component---newCondition--condBaseQty"}]}
RESULT: undefined
COMMAND: POST /session/02ea79fddde22fa81bffc0522714798c/execute/async - {"script":"<script> [776 bytes]","args":[{"enterText":"1","selector":{"id":"application-manageconditionprice-display-component---newCondition--condBaseQty","interaction":{"idSuffix":"inner"}},"clearTextFirst":true,"interactionType":"ENTER_TEXT"}]}
RESULT: {}
RESULT: {"script":"<script> [776 bytes]","args":[{"enterText":"1","selector":{"id":"application-manageconditionprice-display-component---newCondition--condBaseQty","interaction":{"idSuffix":"inner"}},"clearTextFirst":true,"interactionType":"ENTER_TEXT"}]}
COMMAND: POST /session/02ea79fddde22fa81bffc0522714798c/execute/async - {"script":"<script> [1562 bytes]","args":[{"selector":{"id":"application-manageconditionprice-display-component---newCondition--condValue","interaction":{"idSuffix":"inner"}},"wdio_ui5_key":"applicationmanageconditionprice-display-component---newCondition--condValue"}]}
RESULT: {"script":"<script> [1562 bytes]","args":[{"selector":{"id":"application-manageconditionprice-display-component---newCondition--condValue","interaction":{"idSuffix":"inner"}},"wdio_ui5_key":"applicationmanageconditionprice-display-component---newCondition--condValue"}]}
RESULT: undefined
COMMAND: POST /session/02ea79fddde22fa81bffc0522714798c/execute/async - {"script":"<script> [776 bytes]","args":[{"enterText":"100","selector":{"id":"application-manageconditionprice-display-component---newCondition--condValue","interaction":{"idSuffix":"inner"}},"clearTextFirst":true,"interactionType":"ENTER_TEXT"}]}
RESULT: {"script":"<script> [776 bytes]","args":[{"enterText":"100","selector":{"id":"application-manageconditionprice-display-component---newCondition--condValue","interaction":{"idSuffix":"inner"}},"clearTextFirst":true,"interactionType":"ENTER_TEXT"}]}
COMMAND: POST /session/02ea79fddde22fa81bffc0522714798c/execute/async - {"script":"<script> [1562 bytes]","args":[{"selector":{"id":"application-manageconditionprice-display-component---newCondition--condCurr-arrow"},"wdio_ui5_key":"applicationmanageconditionprice-display-component---newCondition--condCurr-arrow"}]}
RESULT: {"script":"<script> [1562 bytes]","args":[{"selector":{"id":"application-manageconditionprice-display-component---newCondition--condCurr-arrow"},"wdio_ui5_key":"applicationmanageconditionprice-display-component---newCondition--condCurr-arrow"}]}
RESULT: undefined
COMMAND: POST /session/02ea79fddde22fa81bffc0522714798c/element - {"using":"xpath","value":"//*[@id=\"application-manageconditionprice-display-component---newCondition--condCurr-arrow\"]"}
RESULT: {"using":"xpath","value":"//*[@id=\"application-manageconditionprice-display-component---newCondition--condCurr-arrow\"]"}
COMMAND: POST /session/02ea79fddde22fa81bffc0522714798c/element/f.CB997DD3A6212A0539B4B9AD4CB02789.d.4FE084CE0A9535A2D2C226046FDDD357.e.19636/click - {}
RESULT: {}
COMMAND: POST /session/02ea79fddde22fa81bffc0522714798c/element - {"using":"xpath","value":"//span[contains(text(), \"Euro\")]"}
COMMAND: GET /session/02ea79fddde22fa81bffc0522714798c/screenshot - {}
RESULT: {"using":"xpath","value":"//span[contains(text(), \"Euro\")]"}
COMMAND: POST /session/02ea79fddde22fa81bffc0522714798c/element/f.CB997DD3A6212A0539B4B9AD4CB02789.d.4FE084CE0A9535A2D2C226046FDDD357.e.19694/click - {}
RESULT: {}
RESULT: {}
COMMAND: POST /session/02ea79fddde22fa81bffc0522714798c/element - {"using":"xpath","value":"//button[@data-kt=\"saveButton\"]"}
COMMAND: GET /session/02ea79fddde22fa81bffc0522714798c/screenshot - {}
RESULT: {"using":"xpath","value":"//button[@data-kt=\"saveButton\"]"}
COMMAND: POST /session/02ea79fddde22fa81bffc0522714798c/element/f.CB997DD3A6212A0539B4B9AD4CB02789.d.4FE084CE0A9535A2D2C226046FDDD357.e.19637/click - {}
RESULT: {}
RESULT: {}
COMMAND: GET /session/02ea79fddde22fa81bffc0522714798c/screenshot - {}
RESULT: {}
COMMAND: POST /session/02ea79fddde22fa81bffc0522714798c/execute/async - {"script":"<script> [1562 bytes]","args":[{"selector":{"id":"application-manageconditionprice-display-component---conditions--smartFilterBar-btnBasicSearch","interaction":{"idSuffix":"I"}},"wdio_ui5_key":"applicationmanageconditionprice-display-component---conditions--smartFilterBar-btnBasicSearch"}]}
RESULT: {"script":"<script> [1562 bytes]","args":[{"selector":{"id":"application-manageconditionprice-display-component---conditions--smartFilterBar-btnBasicSearch","interaction":{"idSuffix":"I"}},"wdio_ui5_key":"applicationmanageconditionprice-display-component---conditions--smartFilterBar-btnBasicSearch"}]}
RESULT: undefined
COMMAND: POST /session/02ea79fddde22fa81bffc0522714798c/execute/async - {"script":"<script> [776 bytes]","args":[{"enterText":"w2kOGOb4QE","selector":{"id":"application-manageconditionprice-display-component---conditions--smartFilterBar-btnBasicSearch","interaction":{"idSuffix":"I"}},"clearTextFirst":true,"interactionType":"ENTER_TEXT"}]}
RESULT: {"script":"<script> [776 bytes]","args":[{"enterText":"w2kOGOb4QE","selector":{"id":"application-manageconditionprice-display-component---conditions--smartFilterBar-btnBasicSearch","interaction":{"idSuffix":"I"}},"clearTextFirst":true,"interactionType":"ENTER_TEXT"}]}
COMMAND: POST /session/02ea79fddde22fa81bffc0522714798c/actions - {"actions":[{"id":"action73","type":"key","parameters":{},"actions":[{"type":"keyDown","value":"î€‡"},{"type":"pause","duration":10},{"type":"keyUp","value":"î€‡"}]}]}
RESULT: {"actions":[{"id":"action73","type":"key","parameters":{},"actions":[{"type":"keyDown","value":"î€‡"},{"type":"pause","duration":10},{"type":"keyUp","value":"î€‡"}]}]}
COMMAND: GET /session/02ea79fddde22fa81bffc0522714798c/screenshot - {}
RESULT: {}
COMMAND: POST /session/02ea79fddde22fa81bffc0522714798c/execute/async - {"script":"<script> [1562 bytes]","args":[{"selector":{"id":"application-manageconditionprice-display-component---conditions--smartFilterBar-filterItemControl_BASIC-BILL_TYPES-vhi"},"wdio_ui5_key":"applicationmanageconditionprice-display-component---conditions--smartFilterBar-filterItemControl_BASIC-BILL_TYPES-vhi"}]}
RESULT: {"script":"<script> [1562 bytes]","args":[{"selector":{"id":"application-manageconditionprice-display-component---conditions--smartFilterBar-filterItemControl_BASIC-BILL_TYPES-vhi"},"wdio_ui5_key":"applicationmanageconditionprice-display-component---conditions--smartFilterBar-filterItemControl_BASIC-BILL_TYPES-vhi"}]}
RESULT: undefined
COMMAND: POST /session/02ea79fddde22fa81bffc0522714798c/element - {"using":"xpath","value":"//*[@id=\"application-manageconditionprice-display-component---conditions--smartFilterBar-filterItemControl_BASIC-BILL_TYPES-vhi\"]"}
RESULT: {"using":"xpath","value":"//*[@id=\"application-manageconditionprice-display-component---conditions--smartFilterBar-filterItemControl_BASIC-BILL_TYPES-vhi\"]"}
COMMAND: POST /session/02ea79fddde22fa81bffc0522714798c/element/f.CB997DD3A6212A0539B4B9AD4CB02789.d.4FE084CE0A9535A2D2C226046FDDD357.e.19710/click - {}
RESULT: {}
COMMAND: POST /session/02ea79fddde22fa81bffc0522714798c/execute/async - {"script":"<script> [1562 bytes]","args":[{"selector":{"id":"application-manageconditionprice-display-component---conditions--smartFilterBar-filterItemControl_BASIC-BILL_TYPES-valueHelpDialog-smartFilterBar-btnBasicSearch","searchOpenDialogs":true,"interaction":{"idSuffix":"I"}},"wdio_ui5_key":"applicationmanageconditionprice-display-component---conditions--smartFilterBar-filterItemControl_BASIC-BILL_TYPES-valueHelpDialog-smartFilterBar-btnBasicSearch"}]}
COMMAND: GET /session/02ea79fddde22fa81bffc0522714798c/screenshot - {}
RESULT: {"script":"<script> [1562 bytes]","args":[{"selector":{"id":"application-manageconditionprice-display-component---conditions--smartFilterBar-filterItemControl_BASIC-BILL_TYPES-valueHelpDialog-smartFilterBar-btnBasicSearch","searchOpenDialogs":true,"interaction":{"idSuffix":"I"}},"wdio_ui5_key":"applicationmanageconditionprice-display-component---conditions--smartFilterBar-filterItemControl_BASIC-BILL_TYPES-valueHelpDialog-smartFilterBar-btnBasicSearch"}]}
RESULT: undefined
COMMAND: POST /session/02ea79fddde22fa81bffc0522714798c/execute/async - {"script":"<script> [776 bytes]","args":[{"enterText":"TB","selector":{"id":"application-manageconditionprice-display-component---conditions--smartFilterBar-filterItemControl_BASIC-BILL_TYPES-valueHelpDialog-smartFilterBar-btnBasicSearch","searchOpenDialogs":true,"interaction":{"idSuffix":"I"}},"clearTextFirst":true,"interactionType":"ENTER_TEXT"}]}
RESULT: {}
RESULT: {"script":"<script> [776 bytes]","args":[{"enterText":"TB","selector":{"id":"application-manageconditionprice-display-component---conditions--smartFilterBar-filterItemControl_BASIC-BILL_TYPES-valueHelpDialog-smartFilterBar-btnBasicSearch","searchOpenDialogs":true,"interaction":{"idSuffix":"I"}},"clearTextFirst":true,"interactionType":"ENTER_TEXT"}]}
COMMAND: POST /session/02ea79fddde22fa81bffc0522714798c/actions - {"actions":[{"id":"action74","type":"key","parameters":{},"actions":[{"type":"keyDown","value":"î€‡"},{"type":"pause","duration":10},{"type":"keyUp","value":"î€‡"}]}]}
RESULT: {"actions":[{"id":"action74","type":"key","parameters":{},"actions":[{"type":"keyDown","value":"î€‡"},{"type":"pause","duration":10},{"type":"keyUp","value":"î€‡"}]}]}
COMMAND: GET /session/02ea79fddde22fa81bffc0522714798c/screenshot - {}
RESULT: {}
COMMAND: POST /session/02ea79fddde22fa81bffc0522714798c/element - {"using":"xpath","value":"//div[contains(@id, 'application-manageconditionprice-display-component---conditions--smartFilterBar-filterItemControl_BASIC-BILL_TYPES-valueHelpDialog-table-rowsel0')]"}
RESULT: {"using":"xpath","value":"//div[contains(@id, 'application-manageconditionprice-display-component---conditions--smartFilterBar-filterItemControl_BASIC-BILL_TYPES-valueHelpDialog-table-rowsel0')]"}
COMMAND: POST /session/02ea79fddde22fa81bffc0522714798c/element/f.CB997DD3A6212A0539B4B9AD4CB02789.d.4FE084CE0A9535A2D2C226046FDDD357.e.19720/click - {}
RESULT: {}
COMMAND: GET /session/02ea79fddde22fa81bffc0522714798c/screenshot - {}
RESULT: {}
COMMAND: POST /session/02ea79fddde22fa81bffc0522714798c/element - {"using":"xpath","value":"//bdi[contains(text(), \"OK\")]"}
RESULT: {"using":"xpath","value":"//bdi[contains(text(), \"OK\")]"}
COMMAND: POST /session/02ea79fddde22fa81bffc0522714798c/element/f.CB997DD3A6212A0539B4B9AD4CB02789.d.4FE084CE0A9535A2D2C226046FDDD357.e.19722/click - {}
RESULT: {}
COMMAND: GET /session/02ea79fddde22fa81bffc0522714798c/screenshot - {}
RESULT: {}
COMMAND: POST /session/02ea79fddde22fa81bffc0522714798c/element - {"using":"xpath","value":"//span[@id=\"application-manageconditionprice-display-component---conditions--smartTable-header-inner\"]"}
RESULT: {"using":"xpath","value":"//span[@id=\"application-manageconditionprice-display-component---conditions--smartTable-header-inner\"]"}
COMMAND: POST /session/02ea79fddde22fa81bffc0522714798c/elements - {"using":"xpath","value":"//span[@id=\"application-manageconditionprice-display-component---conditions--smartTable-header-inner\"]"}
RESULT: {"using":"xpath","value":"//span[@id=\"application-manageconditionprice-display-component---conditions--smartTable-header-inner\"]"}
COMMAND: POST /session/02ea79fddde22fa81bffc0522714798c/execute/sync - {"script":"<script> [56 bytes]","args":[{"element-6066-11e4-a52e-4f735466cecf":"f.CB997DD3A6212A0539B4B9AD4CB02789.d.4FE084CE0A9535A2D2C226046FDDD357.e.19725","ELEMENT":"f.CB997DD3A6212A0539B4B9AD4CB02789.d.4FE084CE0A9535A2D2C226046FDDD357.e.19725"}]}
RESULT: {"script":"<script> [56 bytes]","args":[{"element-6066-11e4-a52e-4f735466cecf":"f.CB997DD3A6212A0539B4B9AD4CB02789.d.4FE084CE0A9535A2D2C226046FDDD357.e.19725","ELEMENT":"f.CB997DD3A6212A0539B4B9AD4CB02789.d.4FE084CE0A9535A2D2C226046FDDD357.e.19725"}]}
COMMAND: POST /session/02ea79fddde22fa81bffc0522714798c/element - {"using":"css selector","value":"#shell-header-logo"}
COMMAND: GET /session/02ea79fddde22fa81bffc0522714798c/screenshot - {}
RESULT: {"using":"css selector","value":"#shell-header-logo"}
COMMAND: POST /session/02ea79fddde22fa81bffc0522714798c/element/f.CB997DD3A6212A0539B4B9AD4CB02789.d.4FE084CE0A9535A2D2C226046FDDD357.e.19445/click - {}
RESULT: {}
RESULT: {}
COMMAND: GET /session/02ea79fddde22fa81bffc0522714798c/screenshot - {}
RESULT: {}
]]></system-out>
    </testcase>
    <testcase classname="chrome.135_0_7049_96.windows.Billing_Calculation_-_Time_based_(considering_transport_times)_US139738" name="Should do a stock increase for both equipments" time="75.943">
      <system-out><![CDATA[
COMMAND: POST /session/02ea79fddde22fa81bffc0522714798c/execute/async - {"script":"<script> [1562 bytes]","args":[{"selector":{"controlType":"sap.m.Text","viewName":"etm.portal.ui.managehandoverstile.view.Master","properties":{"text":"Manage Handovers"},"interaction":{"idSuffix":"inner"}},"wdio_ui5_key":"etmportal.ui.managehandoverstile.view.Mastersap.m.Text{\"text\":\"Manage Handovers\"}"}]}
RESULT: {"script":"<script> [1562 bytes]","args":[{"selector":{"controlType":"sap.m.Text","viewName":"etm.portal.ui.managehandoverstile.view.Master","properties":{"text":"Manage Handovers"},"interaction":{"idSuffix":"inner"}},"wdio_ui5_key":"etmportal.ui.managehandoverstile.view.Mastersap.m.Text{\"text\":\"Manage Handovers\"}"}]}
RESULT: undefined
COMMAND: POST /session/02ea79fddde22fa81bffc0522714798c/element - {"using":"xpath","value":"//*[@id=\"__tile133-title\"]"}
RESULT: {"using":"xpath","value":"//*[@id=\"__tile133-title\"]"}
COMMAND: POST /session/02ea79fddde22fa81bffc0522714798c/element/f.CB997DD3A6212A0539B4B9AD4CB02789.d.4FE084CE0A9535A2D2C226046FDDD357.e.19730/click - {}
RESULT: {}
COMMAND: POST /session/02ea79fddde22fa81bffc0522714798c/element - {"using":"xpath","value":"//button[@data-kt=\"masterHOAddButton\"]"}
COMMAND: GET /session/02ea79fddde22fa81bffc0522714798c/screenshot - {}
RESULT: {"using":"xpath","value":"//button[@data-kt=\"masterHOAddButton\"]"}
COMMAND: POST /session/02ea79fddde22fa81bffc0522714798c/elements - {"using":"xpath","value":"//button[@data-kt=\"masterHOAddButton\"]"}
RESULT: {}
RESULT: {"using":"xpath","value":"//button[@data-kt=\"masterHOAddButton\"]"}
COMMAND: POST /session/02ea79fddde22fa81bffc0522714798c/elements - {"using":"xpath","value":"//button[@data-kt=\"masterHOAddButton\"]"}
RESULT: {"using":"xpath","value":"//button[@data-kt=\"masterHOAddButton\"]"}
COMMAND: POST /session/02ea79fddde22fa81bffc0522714798c/elements - {"using":"xpath","value":"//button[@data-kt=\"masterHOAddButton\"]"}
RESULT: {"using":"xpath","value":"//button[@data-kt=\"masterHOAddButton\"]"}
COMMAND: POST /session/02ea79fddde22fa81bffc0522714798c/element - {"using":"xpath","value":"//button[@data-kt=\"masterHOAddButton\"]"}
RESULT: {"using":"xpath","value":"//button[@data-kt=\"masterHOAddButton\"]"}
COMMAND: POST /session/02ea79fddde22fa81bffc0522714798c/execute/sync - {"script":"<script> [8489 bytes]","args":[{"element-6066-11e4-a52e-4f735466cecf":"f.CB997DD3A6212A0539B4B9AD4CB02789.d.4FE084CE0A9535A2D2C226046FDDD357.e.19756","ELEMENT":"f.CB997DD3A6212A0539B4B9AD4CB02789.d.4FE084CE0A9535A2D2C226046FDDD357.e.19756"}]}
RESULT: {"script":"<script> [8489 bytes]","args":[{"element-6066-11e4-a52e-4f735466cecf":"f.CB997DD3A6212A0539B4B9AD4CB02789.d.4FE084CE0A9535A2D2C226046FDDD357.e.19756","ELEMENT":"f.CB997DD3A6212A0539B4B9AD4CB02789.d.4FE084CE0A9535A2D2C226046FDDD357.e.19756"}]}
COMMAND: GET /session/02ea79fddde22fa81bffc0522714798c/element/f.CB997DD3A6212A0539B4B9AD4CB02789.d.4FE084CE0A9535A2D2C226046FDDD357.e.19756/enabled - {}
COMMAND: GET /session/02ea79fddde22fa81bffc0522714798c/screenshot - {}
RESULT: {}
COMMAND: POST /session/02ea79fddde22fa81bffc0522714798c/execute/sync - {"script":"<script> [8489 bytes]","args":[{"element-6066-11e4-a52e-4f735466cecf":"f.CB997DD3A6212A0539B4B9AD4CB02789.d.4FE084CE0A9535A2D2C226046FDDD357.e.19756","ELEMENT":"f.CB997DD3A6212A0539B4B9AD4CB02789.d.4FE084CE0A9535A2D2C226046FDDD357.e.19756"}]}
COMMAND: GET /session/02ea79fddde22fa81bffc0522714798c/screenshot - {}
RESULT: {}
RESULT: {"script":"<script> [8489 bytes]","args":[{"element-6066-11e4-a52e-4f735466cecf":"f.CB997DD3A6212A0539B4B9AD4CB02789.d.4FE084CE0A9535A2D2C226046FDDD357.e.19756","ELEMENT":"f.CB997DD3A6212A0539B4B9AD4CB02789.d.4FE084CE0A9535A2D2C226046FDDD357.e.19756"}]}
COMMAND: POST /session/02ea79fddde22fa81bffc0522714798c/execute/sync - {"script":"<script> [5351 bytes]","args":[{"element-6066-11e4-a52e-4f735466cecf":"f.CB997DD3A6212A0539B4B9AD4CB02789.d.4FE084CE0A9535A2D2C226046FDDD357.e.19756","ELEMENT":"f.CB997DD3A6212A0539B4B9AD4CB02789.d.4FE084CE0A9535A2D2C226046FDDD357.e.19756"}]}
COMMAND: GET /session/02ea79fddde22fa81bffc0522714798c/screenshot - {}
RESULT: {}
RESULT: {"script":"<script> [5351 bytes]","args":[{"element-6066-11e4-a52e-4f735466cecf":"f.CB997DD3A6212A0539B4B9AD4CB02789.d.4FE084CE0A9535A2D2C226046FDDD357.e.19756","ELEMENT":"f.CB997DD3A6212A0539B4B9AD4CB02789.d.4FE084CE0A9535A2D2C226046FDDD357.e.19756"}]}
COMMAND: POST /session/02ea79fddde22fa81bffc0522714798c/element/f.CB997DD3A6212A0539B4B9AD4CB02789.d.4FE084CE0A9535A2D2C226046FDDD357.e.19756/click - {}
COMMAND: GET /session/02ea79fddde22fa81bffc0522714798c/screenshot - {}
RESULT: {}
RESULT: {}
COMMAND: GET /session/02ea79fddde22fa81bffc0522714798c/screenshot - {}
RESULT: {}
RESULT: {}
COMMAND: POST /session/02ea79fddde22fa81bffc0522714798c/element - {"using":"xpath","value":"//span[contains(@id ,\"AddNewHO--typeSelect-arrow\")]"}
RESULT: {"using":"xpath","value":"//span[contains(@id ,\"AddNewHO--typeSelect-arrow\")]"}
COMMAND: POST /session/02ea79fddde22fa81bffc0522714798c/element/f.CB997DD3A6212A0539B4B9AD4CB02789.d.4FE084CE0A9535A2D2C226046FDDD357.e.20120/click - {}
RESULT: {}
COMMAND: GET /session/02ea79fddde22fa81bffc0522714798c/screenshot - {}
RESULT: {}
COMMAND: POST /session/02ea79fddde22fa81bffc0522714798c/element - {"using":"xpath","value":"(//li[contains(text(), \"stock increase yard\")])[1]"}
RESULT: {"using":"xpath","value":"(//li[contains(text(), \"stock increase yard\")])[1]"}
COMMAND: POST /session/02ea79fddde22fa81bffc0522714798c/element/f.CB997DD3A6212A0539B4B9AD4CB02789.d.4FE084CE0A9535A2D2C226046FDDD357.e.20121/click - {}
RESULT: {}
COMMAND: GET /session/02ea79fddde22fa81bffc0522714798c/screenshot - {}
RESULT: {}
COMMAND: POST /session/02ea79fddde22fa81bffc0522714798c/execute/async - {"script":"<script> [1562 bytes]","args":[{"selector":{"id":"application-managehandovers-display-component---AddNewHO--dueDate","interaction":{"idSuffix":"inner"}},"wdio_ui5_key":"applicationmanagehandovers-display-component---AddNewHO--dueDate"}]}
RESULT: {"script":"<script> [1562 bytes]","args":[{"selector":{"id":"application-managehandovers-display-component---AddNewHO--dueDate","interaction":{"idSuffix":"inner"}},"wdio_ui5_key":"applicationmanagehandovers-display-component---AddNewHO--dueDate"}]}
RESULT: undefined
COMMAND: POST /session/02ea79fddde22fa81bffc0522714798c/execute/async - {"script":"<script> [6424 bytes]","args":[{"element-6066-11e4-a52e-4f735466cecf":"f.CB997DD3A6212A0539B4B9AD4CB02789.d.4FE084CE0A9535A2D2C226046FDDD357.e.20123"},"setValue",["04/28/2025"]]}
RESULT: {"script":"<script> [6424 bytes]","args":[{"element-6066-11e4-a52e-4f735466cecf":"f.CB997DD3A6212A0539B4B9AD4CB02789.d.4FE084CE0A9535A2D2C226046FDDD357.e.20123"},"setValue",["04/28/2025"]]}
COMMAND: POST /session/02ea79fddde22fa81bffc0522714798c/element - {"using":"xpath","value":"//input[@id=\"generalSectionFrg--receiveYard-inner\"]"}
RESULT: {"using":"xpath","value":"//input[@id=\"generalSectionFrg--receiveYard-inner\"]"}
COMMAND: POST /session/02ea79fddde22fa81bffc0522714798c/element/f.CB997DD3A6212A0539B4B9AD4CB02789.d.4FE084CE0A9535A2D2C226046FDDD357.e.20129/clear - {}
RESULT: {}
COMMAND: POST /session/02ea79fddde22fa81bffc0522714798c/element/f.CB997DD3A6212A0539B4B9AD4CB02789.d.4FE084CE0A9535A2D2C226046FDDD357.e.20129/value - {"text":"344"}
COMMAND: GET /session/02ea79fddde22fa81bffc0522714798c/screenshot - {}
RESULT: {"text":"344"}
COMMAND: GET /session/02ea79fddde22fa81bffc0522714798c/screenshot - {}
RESULT: {}
RESULT: {}
COMMAND: POST /session/02ea79fddde22fa81bffc0522714798c/element - {"using":"xpath","value":"//li[.//span[text()='344']]"}
RESULT: {"using":"xpath","value":"//li[.//span[text()='344']]"}
COMMAND: POST /session/02ea79fddde22fa81bffc0522714798c/element/f.CB997DD3A6212A0539B4B9AD4CB02789.d.4FE084CE0A9535A2D2C226046FDDD357.e.20146/click - {}
RESULT: {}
COMMAND: GET /session/02ea79fddde22fa81bffc0522714798c/screenshot - {}
RESULT: {}
COMMAND: POST /session/02ea79fddde22fa81bffc0522714798c/execute/async - {"script":"<script> [1562 bytes]","args":[{"selector":{"id":"application-managehandovers-display-component---AddNewHO--ObjectPageLayout-anchBar-application-managehandovers-display-component---AddNewHO--section4-anchor","interaction":{"idSuffix":"BDI-content"}},"wdio_ui5_key":"applicationmanagehandovers-display-component---AddNewHO--ObjectPageLayout-anchBar-application-managehandovers-display-component---AddNewHO--section4-anchor"}]}
RESULT: {"script":"<script> [1562 bytes]","args":[{"selector":{"id":"application-managehandovers-display-component---AddNewHO--ObjectPageLayout-anchBar-application-managehandovers-display-component---AddNewHO--section4-anchor","interaction":{"idSuffix":"BDI-content"}},"wdio_ui5_key":"applicationmanagehandovers-display-component---AddNewHO--ObjectPageLayout-anchBar-application-managehandovers-display-component---AddNewHO--section4-anchor"}]}
RESULT: undefined
COMMAND: POST /session/02ea79fddde22fa81bffc0522714798c/element - {"using":"xpath","value":"//*[@id=\"application-managehandovers-display-component---AddNewHO--ObjectPageLayout-anchBar-application-managehandovers-display-component---AddNewHO--section4-anchor\"]"}
RESULT: {"using":"xpath","value":"//*[@id=\"application-managehandovers-display-component---AddNewHO--ObjectPageLayout-anchBar-application-managehandovers-display-component---AddNewHO--section4-anchor\"]"}
COMMAND: POST /session/02ea79fddde22fa81bffc0522714798c/element/f.CB997DD3A6212A0539B4B9AD4CB02789.d.4FE084CE0A9535A2D2C226046FDDD357.e.20148/click - {}
RESULT: {}
COMMAND: POST /session/02ea79fddde22fa81bffc0522714798c/element - {"using":"xpath","value":"//button[@aria-label=\"Add\"]"}
COMMAND: GET /session/02ea79fddde22fa81bffc0522714798c/screenshot - {}
RESULT: {"using":"xpath","value":"//button[@aria-label=\"Add\"]"}
COMMAND: POST /session/02ea79fddde22fa81bffc0522714798c/element/f.CB997DD3A6212A0539B4B9AD4CB02789.d.4FE084CE0A9535A2D2C226046FDDD357.e.20150/click - {}
RESULT: {}
RESULT: {}
COMMAND: GET /session/02ea79fddde22fa81bffc0522714798c/screenshot - {}
RESULT: {}
COMMAND: POST /session/02ea79fddde22fa81bffc0522714798c/execute/async - {"script":"<script> [1562 bytes]","args":[{"selector":{"id":"application-managehandovers-display-component---AddNewHO--smartFilterBar-btnBasicSearch","searchOpenDialogs":true,"interaction":{"idSuffix":"I"}},"wdio_ui5_key":"applicationmanagehandovers-display-component---AddNewHO--smartFilterBar-btnBasicSearch"}]}
RESULT: {"script":"<script> [1562 bytes]","args":[{"selector":{"id":"application-managehandovers-display-component---AddNewHO--smartFilterBar-btnBasicSearch","searchOpenDialogs":true,"interaction":{"idSuffix":"I"}},"wdio_ui5_key":"applicationmanagehandovers-display-component---AddNewHO--smartFilterBar-btnBasicSearch"}]}
RESULT: undefined
COMMAND: POST /session/02ea79fddde22fa81bffc0522714798c/execute/async - {"script":"<script> [776 bytes]","args":[{"enterText":"w2kOGOb4QE","selector":{"id":"application-managehandovers-display-component---AddNewHO--smartFilterBar-btnBasicSearch","searchOpenDialogs":true,"interaction":{"idSuffix":"I"}},"clearTextFirst":true,"interactionType":"ENTER_TEXT"}]}
RESULT: {"script":"<script> [776 bytes]","args":[{"enterText":"w2kOGOb4QE","selector":{"id":"application-managehandovers-display-component---AddNewHO--smartFilterBar-btnBasicSearch","searchOpenDialogs":true,"interaction":{"idSuffix":"I"}},"clearTextFirst":true,"interactionType":"ENTER_TEXT"}]}
COMMAND: POST /session/02ea79fddde22fa81bffc0522714798c/actions - {"actions":[{"id":"action75","type":"key","parameters":{},"actions":[{"type":"keyDown","value":"î€‡"},{"type":"pause","duration":10},{"type":"keyUp","value":"î€‡"}]}]}
RESULT: {"actions":[{"id":"action75","type":"key","parameters":{},"actions":[{"type":"keyDown","value":"î€‡"},{"type":"pause","duration":10},{"type":"keyUp","value":"î€‡"}]}]}
COMMAND: GET /session/02ea79fddde22fa81bffc0522714798c/screenshot - {}
RESULT: {}
COMMAND: POST /session/02ea79fddde22fa81bffc0522714798c/execute/async - {"script":"<script> [1562 bytes]","args":[{"selector":{"id":"application-managehandovers-display-component---AddNewHO--popup-sa","searchOpenDialogs":true,"interaction":{"idSuffix":"CbBg"}},"wdio_ui5_key":"applicationmanagehandovers-display-component---AddNewHO--popup-sa"}]}
RESULT: {"script":"<script> [1562 bytes]","args":[{"selector":{"id":"application-managehandovers-display-component---AddNewHO--popup-sa","searchOpenDialogs":true,"interaction":{"idSuffix":"CbBg"}},"wdio_ui5_key":"applicationmanagehandovers-display-component---AddNewHO--popup-sa"}]}
RESULT: undefined
COMMAND: POST /session/02ea79fddde22fa81bffc0522714798c/element - {"using":"xpath","value":"//*[@id=\"application-managehandovers-display-component---AddNewHO--popup-sa\"]"}
RESULT: {"using":"xpath","value":"//*[@id=\"application-managehandovers-display-component---AddNewHO--popup-sa\"]"}
COMMAND: POST /session/02ea79fddde22fa81bffc0522714798c/element/f.CB997DD3A6212A0539B4B9AD4CB02789.d.4FE084CE0A9535A2D2C226046FDDD357.e.20302/click - {}
RESULT: {}
COMMAND: GET /session/02ea79fddde22fa81bffc0522714798c/screenshot - {}
RESULT: {}
COMMAND: POST /session/02ea79fddde22fa81bffc0522714798c/element - {"using":"xpath","value":"//bdi[contains(text(), \"Select\")]"}
RESULT: {"using":"xpath","value":"//bdi[contains(text(), \"Select\")]"}
COMMAND: POST /session/02ea79fddde22fa81bffc0522714798c/element/f.CB997DD3A6212A0539B4B9AD4CB02789.d.4FE084CE0A9535A2D2C226046FDDD357.e.20303/click - {}
RESULT: {}
COMMAND: GET /session/02ea79fddde22fa81bffc0522714798c/screenshot - {}
RESULT: {}
COMMAND: POST /session/02ea79fddde22fa81bffc0522714798c/element - {"using":"xpath","value":"//button[@data-kt=\"AddNewHOSaveButton\"]"}
RESULT: {"using":"xpath","value":"//button[@data-kt=\"AddNewHOSaveButton\"]"}
COMMAND: POST /session/02ea79fddde22fa81bffc0522714798c/element/f.CB997DD3A6212A0539B4B9AD4CB02789.d.4FE084CE0A9535A2D2C226046FDDD357.e.20307/click - {}
RESULT: {}
COMMAND: GET /session/02ea79fddde22fa81bffc0522714798c/screenshot - {}
RESULT: {}
COMMAND: POST /session/02ea79fddde22fa81bffc0522714798c/execute/async - {"script":"<script> [1562 bytes]","args":[{"selector":{"id":"receiptDatePicker","viewName":"etm.portal.ui.managehandovers.view.DetailExecuteHO","interaction":{"idSuffix":"inner"}},"wdio_ui5_key":"receiptDatePickeretmportal.ui.managehandovers.view.DetailExecuteHO"}]}
RESULT: {"script":"<script> [1562 bytes]","args":[{"selector":{"id":"receiptDatePicker","viewName":"etm.portal.ui.managehandovers.view.DetailExecuteHO","interaction":{"idSuffix":"inner"}},"wdio_ui5_key":"receiptDatePickeretmportal.ui.managehandovers.view.DetailExecuteHO"}]}
RESULT: undefined
COMMAND: POST /session/02ea79fddde22fa81bffc0522714798c/execute/async - {"script":"<script> [6424 bytes]","args":[{"element-6066-11e4-a52e-4f735466cecf":"f.CB997DD3A6212A0539B4B9AD4CB02789.d.4FE084CE0A9535A2D2C226046FDDD357.e.20333"},"setValue",["04/28/2025"]]}
RESULT: {"script":"<script> [6424 bytes]","args":[{"element-6066-11e4-a52e-4f735466cecf":"f.CB997DD3A6212A0539B4B9AD4CB02789.d.4FE084CE0A9535A2D2C226046FDDD357.e.20333"},"setValue",["04/28/2025"]]}
COMMAND: POST /session/02ea79fddde22fa81bffc0522714798c/element - {"using":"xpath","value":"//button[@data-kt=\"PickingTableConfirmAllButton\"]"}
RESULT: {"using":"xpath","value":"//button[@data-kt=\"PickingTableConfirmAllButton\"]"}
COMMAND: POST /session/02ea79fddde22fa81bffc0522714798c/element/f.CB997DD3A6212A0539B4B9AD4CB02789.d.4FE084CE0A9535A2D2C226046FDDD357.e.20351/click - {}
RESULT: {}
COMMAND: GET /session/02ea79fddde22fa81bffc0522714798c/screenshot - {}
RESULT: {}
COMMAND: POST /session/02ea79fddde22fa81bffc0522714798c/element - {"using":"xpath","value":"//bdi[contains(text(), \"OK\")]"}
RESULT: {"using":"xpath","value":"//bdi[contains(text(), \"OK\")]"}
COMMAND: POST /session/02ea79fddde22fa81bffc0522714798c/element/f.CB997DD3A6212A0539B4B9AD4CB02789.d.4FE084CE0A9535A2D2C226046FDDD357.e.20353/click - {}
RESULT: {}
COMMAND: GET /session/02ea79fddde22fa81bffc0522714798c/screenshot - {}
RESULT: {}
COMMAND: POST /session/02ea79fddde22fa81bffc0522714798c/element - {"using":"xpath","value":"(//bdi[contains(text(), \"Receive\")])[2]"}
RESULT: {"using":"xpath","value":"(//bdi[contains(text(), \"Receive\")])[2]"}
COMMAND: POST /session/02ea79fddde22fa81bffc0522714798c/element/f.CB997DD3A6212A0539B4B9AD4CB02789.d.4FE084CE0A9535A2D2C226046FDDD357.e.20355/click - {}
RESULT: {}
COMMAND: GET /session/02ea79fddde22fa81bffc0522714798c/screenshot - {}
RESULT: {}
COMMAND: POST /session/02ea79fddde22fa81bffc0522714798c/element - {"using":"css selector","value":"#shell-header-logo"}
RESULT: {"using":"css selector","value":"#shell-header-logo"}
COMMAND: POST /session/02ea79fddde22fa81bffc0522714798c/element/f.CB997DD3A6212A0539B4B9AD4CB02789.d.4FE084CE0A9535A2D2C226046FDDD357.e.19732/click - {}
RESULT: {}
COMMAND: GET /session/02ea79fddde22fa81bffc0522714798c/screenshot - {}
RESULT: {}
]]></system-out>
    </testcase>
    <testcase classname="chrome.135_0_7049_96.windows.Billing_Calculation_-_Time_based_(considering_transport_times)_US139738" name="Should create a new contract" time="52.749">
      <system-out><![CDATA[
COMMAND: POST /session/02ea79fddde22fa81bffc0522714798c/execute/async - {"script":"<script> [1562 bytes]","args":[{"selector":{"controlType":"sap.m.Text","viewName":"etm.portal.ui.managecontractstile.view.Master","properties":{"text":"Manage Contracts"},"interaction":{"idSuffix":"inner"}},"wdio_ui5_key":"etmportal.ui.managecontractstile.view.Mastersap.m.Text{\"text\":\"Manage Contracts\"}"}]}
RESULT: {"script":"<script> [1562 bytes]","args":[{"selector":{"controlType":"sap.m.Text","viewName":"etm.portal.ui.managecontractstile.view.Master","properties":{"text":"Manage Contracts"},"interaction":{"idSuffix":"inner"}},"wdio_ui5_key":"etmportal.ui.managecontractstile.view.Mastersap.m.Text{\"text\":\"Manage Contracts\"}"}]}
RESULT: undefined
COMMAND: POST /session/02ea79fddde22fa81bffc0522714798c/element - {"using":"xpath","value":"//*[@id=\"__tile130-title\"]"}
RESULT: {"using":"xpath","value":"//*[@id=\"__tile130-title\"]"}
COMMAND: POST /session/02ea79fddde22fa81bffc0522714798c/element/f.CB997DD3A6212A0539B4B9AD4CB02789.d.4FE084CE0A9535A2D2C226046FDDD357.e.20524/click - {}
RESULT: {}
COMMAND: GET /session/02ea79fddde22fa81bffc0522714798c/screenshot - {}
RESULT: {}
COMMAND: POST /session/02ea79fddde22fa81bffc0522714798c/element - {"using":"xpath","value":"//button[@data-kt=\"addButton\"]"}
RESULT: {"using":"xpath","value":"//button[@data-kt=\"addButton\"]"}
COMMAND: POST /session/02ea79fddde22fa81bffc0522714798c/elements - {"using":"xpath","value":"//button[@data-kt=\"addButton\"]"}
RESULT: {"using":"xpath","value":"//button[@data-kt=\"addButton\"]"}
COMMAND: POST /session/02ea79fddde22fa81bffc0522714798c/execute/sync - {"script":"<script> [8489 bytes]","args":[{"element-6066-11e4-a52e-4f735466cecf":"f.CB997DD3A6212A0539B4B9AD4CB02789.d.4FE084CE0A9535A2D2C226046FDDD357.e.20593","ELEMENT":"f.CB997DD3A6212A0539B4B9AD4CB02789.d.4FE084CE0A9535A2D2C226046FDDD357.e.20593"}]}
RESULT: {"script":"<script> [8489 bytes]","args":[{"element-6066-11e4-a52e-4f735466cecf":"f.CB997DD3A6212A0539B4B9AD4CB02789.d.4FE084CE0A9535A2D2C226046FDDD357.e.20593","ELEMENT":"f.CB997DD3A6212A0539B4B9AD4CB02789.d.4FE084CE0A9535A2D2C226046FDDD357.e.20593"}]}
COMMAND: GET /session/02ea79fddde22fa81bffc0522714798c/element/f.CB997DD3A6212A0539B4B9AD4CB02789.d.4FE084CE0A9535A2D2C226046FDDD357.e.20593/enabled - {}
COMMAND: GET /session/02ea79fddde22fa81bffc0522714798c/screenshot - {}
RESULT: {}
COMMAND: POST /session/02ea79fddde22fa81bffc0522714798c/execute/sync - {"script":"<script> [8489 bytes]","args":[{"element-6066-11e4-a52e-4f735466cecf":"f.CB997DD3A6212A0539B4B9AD4CB02789.d.4FE084CE0A9535A2D2C226046FDDD357.e.20593","ELEMENT":"f.CB997DD3A6212A0539B4B9AD4CB02789.d.4FE084CE0A9535A2D2C226046FDDD357.e.20593"}]}
COMMAND: GET /session/02ea79fddde22fa81bffc0522714798c/screenshot - {}
RESULT: {}
RESULT: {"script":"<script> [8489 bytes]","args":[{"element-6066-11e4-a52e-4f735466cecf":"f.CB997DD3A6212A0539B4B9AD4CB02789.d.4FE084CE0A9535A2D2C226046FDDD357.e.20593","ELEMENT":"f.CB997DD3A6212A0539B4B9AD4CB02789.d.4FE084CE0A9535A2D2C226046FDDD357.e.20593"}]}
COMMAND: POST /session/02ea79fddde22fa81bffc0522714798c/execute/sync - {"script":"<script> [5351 bytes]","args":[{"element-6066-11e4-a52e-4f735466cecf":"f.CB997DD3A6212A0539B4B9AD4CB02789.d.4FE084CE0A9535A2D2C226046FDDD357.e.20593","ELEMENT":"f.CB997DD3A6212A0539B4B9AD4CB02789.d.4FE084CE0A9535A2D2C226046FDDD357.e.20593"}]}
COMMAND: GET /session/02ea79fddde22fa81bffc0522714798c/screenshot - {}
RESULT: {}
RESULT: {"script":"<script> [5351 bytes]","args":[{"element-6066-11e4-a52e-4f735466cecf":"f.CB997DD3A6212A0539B4B9AD4CB02789.d.4FE084CE0A9535A2D2C226046FDDD357.e.20593","ELEMENT":"f.CB997DD3A6212A0539B4B9AD4CB02789.d.4FE084CE0A9535A2D2C226046FDDD357.e.20593"}]}
COMMAND: GET /session/02ea79fddde22fa81bffc0522714798c/screenshot - {}
RESULT: {}
RESULT: {}
COMMAND: POST /session/02ea79fddde22fa81bffc0522714798c/element/f.CB997DD3A6212A0539B4B9AD4CB02789.d.4FE084CE0A9535A2D2C226046FDDD357.e.20593/click - {}
RESULT: {}
COMMAND: GET /session/02ea79fddde22fa81bffc0522714798c/screenshot - {}
COMMAND: POST /session/02ea79fddde22fa81bffc0522714798c/execute/async - {"script":"<script> [1562 bytes]","args":[{"selector":{"id":"application-managecontracts-display-component---AddNewContract--projectDescription","interaction":{"idSuffix":"inner"}},"wdio_ui5_key":"applicationmanagecontracts-display-component---AddNewContract--projectDescription"}]}
RESULT: {}
RESULT: {"script":"<script> [1562 bytes]","args":[{"selector":{"id":"application-managecontracts-display-component---AddNewContract--projectDescription","interaction":{"idSuffix":"inner"}},"wdio_ui5_key":"applicationmanagecontracts-display-component---AddNewContract--projectDescription"}]}
RESULT: undefined
COMMAND: POST /session/02ea79fddde22fa81bffc0522714798c/execute/async - {"script":"<script> [776 bytes]","args":[{"enterText":"Contract WDIO","selector":{"id":"application-managecontracts-display-component---AddNewContract--projectDescription","interaction":{"idSuffix":"inner"}},"clearTextFirst":true,"interactionType":"ENTER_TEXT"}]}
RESULT: {"script":"<script> [776 bytes]","args":[{"enterText":"Contract WDIO","selector":{"id":"application-managecontracts-display-component---AddNewContract--projectDescription","interaction":{"idSuffix":"inner"}},"clearTextFirst":true,"interactionType":"ENTER_TEXT"}]}
COMMAND: POST /session/02ea79fddde22fa81bffc0522714798c/element - {"using":"xpath","value":"//input[@id=\"application-managecontracts-display-component---AddNewContract--site-inner\"]"}
RESULT: {"using":"xpath","value":"//input[@id=\"application-managecontracts-display-component---AddNewContract--site-inner\"]"}
COMMAND: POST /session/02ea79fddde22fa81bffc0522714798c/element/f.CB997DD3A6212A0539B4B9AD4CB02789.d.4FE084CE0A9535A2D2C226046FDDD357.e.20887/clear - {}
RESULT: {}
COMMAND: POST /session/02ea79fddde22fa81bffc0522714798c/element/f.CB997DD3A6212A0539B4B9AD4CB02789.d.4FE084CE0A9535A2D2C226046FDDD357.e.20887/value - {"text":"2192"}
COMMAND: GET /session/02ea79fddde22fa81bffc0522714798c/screenshot - {}
RESULT: {"text":"2192"}
COMMAND: GET /session/02ea79fddde22fa81bffc0522714798c/screenshot - {}
RESULT: {}
RESULT: {}
COMMAND: POST /session/02ea79fddde22fa81bffc0522714798c/element - {"using":"xpath","value":"//li[.//span[text()='2192']]"}
RESULT: {"using":"xpath","value":"//li[.//span[text()='2192']]"}
COMMAND: POST /session/02ea79fddde22fa81bffc0522714798c/element/f.CB997DD3A6212A0539B4B9AD4CB02789.d.4FE084CE0A9535A2D2C226046FDDD357.e.20912/click - {}
RESULT: {}
COMMAND: GET /session/02ea79fddde22fa81bffc0522714798c/screenshot - {}
RESULT: {}
COMMAND: POST /session/02ea79fddde22fa81bffc0522714798c/element - {"using":"xpath","value":"//input[@id=\"application-managecontracts-display-component---AddNewContract--yardId-inner\"]"}
RESULT: {"using":"xpath","value":"//input[@id=\"application-managecontracts-display-component---AddNewContract--yardId-inner\"]"}
COMMAND: GET /session/02ea79fddde22fa81bffc0522714798c/element/f.CB997DD3A6212A0539B4B9AD4CB02789.d.4FE084CE0A9535A2D2C226046FDDD357.e.20888/property/value - {}
RESULT: {}
COMMAND: POST /session/02ea79fddde22fa81bffc0522714798c/element - {"using":"xpath","value":"//input[@id=\"application-managecontracts-display-component---AddNewContract--customerSelect-inner\"]"}
COMMAND: GET /session/02ea79fddde22fa81bffc0522714798c/screenshot - {}
RESULT: {"using":"xpath","value":"//input[@id=\"application-managecontracts-display-component---AddNewContract--customerSelect-inner\"]"}
COMMAND: POST /session/02ea79fddde22fa81bffc0522714798c/element/f.CB997DD3A6212A0539B4B9AD4CB02789.d.4FE084CE0A9535A2D2C226046FDDD357.e.20886/clear - {}
RESULT: {}
RESULT: {}
COMMAND: POST /session/02ea79fddde22fa81bffc0522714798c/element/f.CB997DD3A6212A0539B4B9AD4CB02789.d.4FE084CE0A9535A2D2C226046FDDD357.e.20886/value - {"text":"1204"}
COMMAND: GET /session/02ea79fddde22fa81bffc0522714798c/screenshot - {}
RESULT: {"text":"1204"}
COMMAND: GET /session/02ea79fddde22fa81bffc0522714798c/screenshot - {}
RESULT: {}
RESULT: {}
COMMAND: POST /session/02ea79fddde22fa81bffc0522714798c/element - {"using":"xpath","value":"//li[.//span[text()='1204']]"}
RESULT: {"using":"xpath","value":"//li[.//span[text()='1204']]"}
COMMAND: POST /session/02ea79fddde22fa81bffc0522714798c/element/f.CB997DD3A6212A0539B4B9AD4CB02789.d.4FE084CE0A9535A2D2C226046FDDD357.e.20915/click - {}
RESULT: {}
COMMAND: GET /session/02ea79fddde22fa81bffc0522714798c/screenshot - {}
RESULT: {}
COMMAND: POST /session/02ea79fddde22fa81bffc0522714798c/element - {"using":"xpath","value":"//button[@data-kt=\"saveButton\"]"}
RESULT: {"using":"xpath","value":"//button[@data-kt=\"saveButton\"]"}
COMMAND: POST /session/02ea79fddde22fa81bffc0522714798c/element/f.CB997DD3A6212A0539B4B9AD4CB02789.d.4FE084CE0A9535A2D2C226046FDDD357.e.20905/click - {}
RESULT: {}
COMMAND: GET /session/02ea79fddde22fa81bffc0522714798c/screenshot - {}
RESULT: {}
COMMAND: POST /session/02ea79fddde22fa81bffc0522714798c/element - {"using":"xpath","value":"//span[contains(@id ,\"contractDetailTitleNoExpanded\")]"}
RESULT: {"using":"xpath","value":"//span[contains(@id ,\"contractDetailTitleNoExpanded\")]"}
COMMAND: POST /session/02ea79fddde22fa81bffc0522714798c/elements - {"using":"xpath","value":"//span[contains(@id ,\"contractDetailTitleNoExpanded\")]"}
RESULT: {"using":"xpath","value":"//span[contains(@id ,\"contractDetailTitleNoExpanded\")]"}
COMMAND: POST /session/02ea79fddde22fa81bffc0522714798c/execute/sync - {"script":"<script> [56 bytes]","args":[{"element-6066-11e4-a52e-4f735466cecf":"f.CB997DD3A6212A0539B4B9AD4CB02789.d.4FE084CE0A9535A2D2C226046FDDD357.e.20987","ELEMENT":"f.CB997DD3A6212A0539B4B9AD4CB02789.d.4FE084CE0A9535A2D2C226046FDDD357.e.20987"}]}
RESULT: {"script":"<script> [56 bytes]","args":[{"element-6066-11e4-a52e-4f735466cecf":"f.CB997DD3A6212A0539B4B9AD4CB02789.d.4FE084CE0A9535A2D2C226046FDDD357.e.20987","ELEMENT":"f.CB997DD3A6212A0539B4B9AD4CB02789.d.4FE084CE0A9535A2D2C226046FDDD357.e.20987"}]}
COMMAND: GET /session/02ea79fddde22fa81bffc0522714798c/screenshot - {}
RESULT: {}
]]></system-out>
    </testcase>
    <testcase classname="chrome.135_0_7049_96.windows.Billing_Calculation_-_Time_based_(considering_transport_times)_US139738" name="Should add transport time checkbox on contract details" time="16.107">
      <system-out><![CDATA[
COMMAND: POST /session/02ea79fddde22fa81bffc0522714798c/element - {"using":"xpath","value":"//button[@data-kt=\"contractDetailEditBtnButton\"]"}
RESULT: {"using":"xpath","value":"//button[@data-kt=\"contractDetailEditBtnButton\"]"}
COMMAND: POST /session/02ea79fddde22fa81bffc0522714798c/element/f.CB997DD3A6212A0539B4B9AD4CB02789.d.4FE084CE0A9535A2D2C226046FDDD357.e.20988/click - {}
RESULT: {}
COMMAND: GET /session/02ea79fddde22fa81bffc0522714798c/screenshot - {}
RESULT: {}
COMMAND: POST /session/02ea79fddde22fa81bffc0522714798c/element - {"using":"xpath","value":"(//span[contains(text(), \"Contract Billing\")])[2]"}
RESULT: {"using":"xpath","value":"(//span[contains(text(), \"Contract Billing\")])[2]"}
COMMAND: POST /session/02ea79fddde22fa81bffc0522714798c/element/f.CB997DD3A6212A0539B4B9AD4CB02789.d.4FE084CE0A9535A2D2C226046FDDD357.e.21042/click - {}
RESULT: {}
COMMAND: GET /session/02ea79fddde22fa81bffc0522714798c/screenshot - {}
RESULT: {}
COMMAND: POST /session/02ea79fddde22fa81bffc0522714798c/element - {"using":"xpath","value":"(//div[contains(@id, \"transportTimesBilled-CbBg\")])"}
RESULT: {"using":"xpath","value":"(//div[contains(@id, \"transportTimesBilled-CbBg\")])"}
COMMAND: POST /session/02ea79fddde22fa81bffc0522714798c/element/f.CB997DD3A6212A0539B4B9AD4CB02789.d.4FE084CE0A9535A2D2C226046FDDD357.e.21074/click - {}
RESULT: {}
COMMAND: GET /session/02ea79fddde22fa81bffc0522714798c/screenshot - {}
RESULT: {}
COMMAND: POST /session/02ea79fddde22fa81bffc0522714798c/element - {"using":"xpath","value":"(//button[@data-kt=\"saveButton\"])[2]"}
RESULT: {"using":"xpath","value":"(//button[@data-kt=\"saveButton\"])[2]"}
COMMAND: POST /session/02ea79fddde22fa81bffc0522714798c/element/f.CB997DD3A6212A0539B4B9AD4CB02789.d.4FE084CE0A9535A2D2C226046FDDD357.e.21075/click - {}
RESULT: {}
COMMAND: GET /session/02ea79fddde22fa81bffc0522714798c/screenshot - {}
RESULT: {}
]]></system-out>
    </testcase>
    <testcase classname="chrome.135_0_7049_96.windows.Billing_Calculation_-_Time_based_(considering_transport_times)_US139738" name="Should add created equipment to contract" time="52.138">
      <system-out><![CDATA[
COMMAND: POST /session/02ea79fddde22fa81bffc0522714798c/element - {"using":"xpath","value":"//button[@data-kt=\"contractDetailEditBtnButton\"]"}
RESULT: {"using":"xpath","value":"//button[@data-kt=\"contractDetailEditBtnButton\"]"}
COMMAND: POST /session/02ea79fddde22fa81bffc0522714798c/element/f.CB997DD3A6212A0539B4B9AD4CB02789.d.4FE084CE0A9535A2D2C226046FDDD357.e.20988/click - {}
RESULT: {}
COMMAND: GET /session/02ea79fddde22fa81bffc0522714798c/screenshot - {}
RESULT: {}
COMMAND: POST /session/02ea79fddde22fa81bffc0522714798c/element - {"using":"xpath","value":"(//span[contains(text(), \"Additional Addresses\")])[2]"}
RESULT: {"using":"xpath","value":"(//span[contains(text(), \"Additional Addresses\")])[2]"}
COMMAND: POST /session/02ea79fddde22fa81bffc0522714798c/element/f.CB997DD3A6212A0539B4B9AD4CB02789.d.4FE084CE0A9535A2D2C226046FDDD357.e.21093/click - {}
RESULT: {}
COMMAND: GET /session/02ea79fddde22fa81bffc0522714798c/screenshot - {}
RESULT: {}
COMMAND: POST /session/02ea79fddde22fa81bffc0522714798c/element - {"using":"xpath","value":"//button[@data-kt=\"btnAddTableRowOverflowToolbarButton\"]"}
RESULT: {"using":"xpath","value":"//button[@data-kt=\"btnAddTableRowOverflowToolbarButton\"]"}
COMMAND: POST /session/02ea79fddde22fa81bffc0522714798c/element/f.CB997DD3A6212A0539B4B9AD4CB02789.d.4FE084CE0A9535A2D2C226046FDDD357.e.21096/click - {}
RESULT: {}
COMMAND: GET /session/02ea79fddde22fa81bffc0522714798c/screenshot - {}
RESULT: {}
COMMAND: POST /session/02ea79fddde22fa81bffc0522714798c/element - {"using":"xpath","value":"//div[(text() = 'Standard Entry' or . = 'Standard Entry')]"}
RESULT: {"using":"xpath","value":"//div[(text() = 'Standard Entry' or . = 'Standard Entry')]"}
COMMAND: POST /session/02ea79fddde22fa81bffc0522714798c/element/f.CB997DD3A6212A0539B4B9AD4CB02789.d.4FE084CE0A9535A2D2C226046FDDD357.e.21098/click - {}
RESULT: {}
COMMAND: GET /session/02ea79fddde22fa81bffc0522714798c/screenshot - {}
RESULT: {}
COMMAND: POST /session/02ea79fddde22fa81bffc0522714798c/element - {"using":"xpath","value":"//td[7]/div/div/input"}
RESULT: {"using":"xpath","value":"//td[7]/div/div/input"}
COMMAND: POST /session/02ea79fddde22fa81bffc0522714798c/element/f.CB997DD3A6212A0539B4B9AD4CB02789.d.4FE084CE0A9535A2D2C226046FDDD357.e.21107/clear - {}
RESULT: {}
COMMAND: POST /session/02ea79fddde22fa81bffc0522714798c/element/f.CB997DD3A6212A0539B4B9AD4CB02789.d.4FE084CE0A9535A2D2C226046FDDD357.e.21107/value - {"text":"w2kOGOb4QE"}
COMMAND: GET /session/02ea79fddde22fa81bffc0522714798c/screenshot - {}
RESULT: {"text":"w2kOGOb4QE"}
COMMAND: GET /session/02ea79fddde22fa81bffc0522714798c/screenshot - {}
RESULT: {}
RESULT: {}
COMMAND: POST /session/02ea79fddde22fa81bffc0522714798c/actions - {"actions":[{"id":"action76","type":"key","parameters":{},"actions":[{"type":"keyDown","value":"î€‡"},{"type":"pause","duration":10},{"type":"keyUp","value":"î€‡"}]}]}
RESULT: {"actions":[{"id":"action76","type":"key","parameters":{},"actions":[{"type":"keyDown","value":"î€‡"},{"type":"pause","duration":10},{"type":"keyUp","value":"î€‡"}]}]}
COMMAND: GET /session/02ea79fddde22fa81bffc0522714798c/screenshot - {}
RESULT: {}
COMMAND: POST /session/02ea79fddde22fa81bffc0522714798c/element - {"using":"xpath","value":"(//button[@data-kt=\"saveButton\"])[2]"}
RESULT: {"using":"xpath","value":"(//button[@data-kt=\"saveButton\"])[2]"}
COMMAND: POST /session/02ea79fddde22fa81bffc0522714798c/element/f.CB997DD3A6212A0539B4B9AD4CB02789.d.4FE084CE0A9535A2D2C226046FDDD357.e.21075/click - {}
RESULT: {}
COMMAND: GET /session/02ea79fddde22fa81bffc0522714798c/screenshot - {}
RESULT: {}
COMMAND: POST /session/02ea79fddde22fa81bffc0522714798c/element - {"using":"xpath","value":"//span[contains(@id ,\"contractItemsSmartTable-header-inner\")]"}
RESULT: {"using":"xpath","value":"//span[contains(@id ,\"contractItemsSmartTable-header-inner\")]"}
COMMAND: POST /session/02ea79fddde22fa81bffc0522714798c/elements - {"using":"xpath","value":"//span[contains(@id ,\"contractItemsSmartTable-header-inner\")]"}
RESULT: {"using":"xpath","value":"//span[contains(@id ,\"contractItemsSmartTable-header-inner\")]"}
COMMAND: POST /session/02ea79fddde22fa81bffc0522714798c/execute/sync - {"script":"<script> [56 bytes]","args":[{"element-6066-11e4-a52e-4f735466cecf":"f.CB997DD3A6212A0539B4B9AD4CB02789.d.4FE084CE0A9535A2D2C226046FDDD357.e.21124","ELEMENT":"f.CB997DD3A6212A0539B4B9AD4CB02789.d.4FE084CE0A9535A2D2C226046FDDD357.e.21124"}]}
RESULT: {"script":"<script> [56 bytes]","args":[{"element-6066-11e4-a52e-4f735466cecf":"f.CB997DD3A6212A0539B4B9AD4CB02789.d.4FE084CE0A9535A2D2C226046FDDD357.e.21124","ELEMENT":"f.CB997DD3A6212A0539B4B9AD4CB02789.d.4FE084CE0A9535A2D2C226046FDDD357.e.21124"}]}
]]></system-out>
    </testcase>
  </testsuite>
</testsuites>