<?xml version="1.0" encoding="UTF-8"?>
<testsuites tests="13" failures="1" errors="1" skipped="2">
  <testsuite timestamp="2025-04-25T17:28:37" time="1463.933" tests="13" failures="1" errors="1" skipped="2">
    <properties>
      <property name="specId" value="0" />
      <property name="suiteName" value="Partner specific tests US150819 US151080 US151654 US151176 US103444 US151078 US151079 US151109 US151174 US151175 US151189" />
      <property name="capabilities" value="chrome.135_0_7049_96.windows" />
      <property name="file" value="file:///D:/a/1/s/test/specs/BTS/manage-partners.spec.js" />
    </properties>
    <testcase classname="chrome.135_0_7049_96.windows.Partner_specific_tests_US150819_US151080_US151654_US151176_US103444_US151078_US151079_US151109_US151174_US151175_US151189" name="Should create a new yard prerequisite" time="108.627">
      <system-out><![CDATA[
COMMAND: POST /session/f418f7bc7d2ff1d2d712b3b5ad58086f/window/fullscreen - {}
RESULT: {}
COMMAND: POST /session/f418f7bc7d2ff1d2d712b3b5ad58086f/element - {"using":"xpath","value":"//li[.//span[text()=\"Manage Partners\"]]"}
RESULT: {"using":"xpath","value":"//li[.//span[text()=\"Manage Partners\"]]"}
COMMAND: POST /session/f418f7bc7d2ff1d2d712b3b5ad58086f/element - {"using":"xpath","value":"//li[.//span[text()=\"Manage Partners\"]]"}
RESULT: {"using":"xpath","value":"//li[.//span[text()=\"Manage Partners\"]]"}
COMMAND: POST /session/f418f7bc7d2ff1d2d712b3b5ad58086f/element - {"using":"css selector","value":"#shell-header-logo"}
RESULT: {"using":"css selector","value":"#shell-header-logo"}
COMMAND: POST /session/f418f7bc7d2ff1d2d712b3b5ad58086f/element/f.72BD6EB346CCC82EDFB0602EE84AC45D.d.E63573C70E6C242A81D7EACC994CD337.e.267/click - {}
COMMAND: POST /session/f418f7bc7d2ff1d2d712b3b5ad58086f/execute/sync - {"script":"<script> [8489 bytes]","args":[{"element-6066-11e4-a52e-4f735466cecf":"f.72BD6EB346CCC82EDFB0602EE84AC45D.d.E63573C70E6C242A81D7EACC994CD337.e.267","ELEMENT":"f.72BD6EB346CCC82EDFB0602EE84AC45D.d.E63573C70E6C242A81D7EACC994CD337.e.267"}]}
RESULT: {}
COMMAND: GET /session/f418f7bc7d2ff1d2d712b3b5ad58086f/screenshot - {}
RESULT: {"script":"<script> [8489 bytes]","args":[{"element-6066-11e4-a52e-4f735466cecf":"f.72BD6EB346CCC82EDFB0602EE84AC45D.d.E63573C70E6C242A81D7EACC994CD337.e.267","ELEMENT":"f.72BD6EB346CCC82EDFB0602EE84AC45D.d.E63573C70E6C242A81D7EACC994CD337.e.267"}]}
COMMAND: POST /session/f418f7bc7d2ff1d2d712b3b5ad58086f/execute/sync - {"script":"<script> [5351 bytes]","args":[{"element-6066-11e4-a52e-4f735466cecf":"f.72BD6EB346CCC82EDFB0602EE84AC45D.d.E63573C70E6C242A81D7EACC994CD337.e.267","ELEMENT":"f.72BD6EB346CCC82EDFB0602EE84AC45D.d.E63573C70E6C242A81D7EACC994CD337.e.267"}]}
COMMAND: GET /session/f418f7bc7d2ff1d2d712b3b5ad58086f/screenshot - {}
RESULT: {}
RESULT: {"script":"<script> [5351 bytes]","args":[{"element-6066-11e4-a52e-4f735466cecf":"f.72BD6EB346CCC82EDFB0602EE84AC45D.d.E63573C70E6C242A81D7EACC994CD337.e.267","ELEMENT":"f.72BD6EB346CCC82EDFB0602EE84AC45D.d.E63573C70E6C242A81D7EACC994CD337.e.267"}]}
COMMAND: GET /session/f418f7bc7d2ff1d2d712b3b5ad58086f/screenshot - {}
RESULT: {}
RESULT: {}
COMMAND: POST /session/f418f7bc7d2ff1d2d712b3b5ad58086f/execute/async - {"script":"<script> [1562 bytes]","args":[{"selector":{"controlType":"sap.m.GenericTile","properties":{"header":"Manage Yards"}},"wdio_ui5_key":"sapm.GenericTile{\"header\":\"Manage Yards\"}"}]}
RESULT: {"script":"<script> [1562 bytes]","args":[{"selector":{"controlType":"sap.m.GenericTile","properties":{"header":"Manage Yards"}},"wdio_ui5_key":"sapm.GenericTile{\"header\":\"Manage Yards\"}"}]}
RESULT: undefined
COMMAND: POST /session/f418f7bc7d2ff1d2d712b3b5ad58086f/element - {"using":"xpath","value":"//*[@id=\"__tile41\"]"}
RESULT: {"using":"xpath","value":"//*[@id=\"__tile41\"]"}
COMMAND: POST /session/f418f7bc7d2ff1d2d712b3b5ad58086f/element/f.72BD6EB346CCC82EDFB0602EE84AC45D.d.E63573C70E6C242A81D7EACC994CD337.e.164/click - {}
RESULT: {}
COMMAND: POST /session/f418f7bc7d2ff1d2d712b3b5ad58086f/element - {"using":"xpath","value":"//button[@data-kt=\"addNewYardOverflowToolbarButton\"]"}
COMMAND: GET /session/f418f7bc7d2ff1d2d712b3b5ad58086f/screenshot - {}
RESULT: {"using":"xpath","value":"//button[@data-kt=\"addNewYardOverflowToolbarButton\"]"}
COMMAND: POST /session/f418f7bc7d2ff1d2d712b3b5ad58086f/elements - {"using":"xpath","value":"//button[@data-kt=\"addNewYardOverflowToolbarButton\"]"}
RESULT: {}
RESULT: {"using":"xpath","value":"//button[@data-kt=\"addNewYardOverflowToolbarButton\"]"}
COMMAND: POST /session/f418f7bc7d2ff1d2d712b3b5ad58086f/elements - {"using":"xpath","value":"//button[@data-kt=\"addNewYardOverflowToolbarButton\"]"}
RESULT: {"using":"xpath","value":"//button[@data-kt=\"addNewYardOverflowToolbarButton\"]"}
COMMAND: POST /session/f418f7bc7d2ff1d2d712b3b5ad58086f/elements - {"using":"xpath","value":"//button[@data-kt=\"addNewYardOverflowToolbarButton\"]"}
RESULT: {"using":"xpath","value":"//button[@data-kt=\"addNewYardOverflowToolbarButton\"]"}
COMMAND: POST /session/f418f7bc7d2ff1d2d712b3b5ad58086f/elements - {"using":"xpath","value":"//button[@data-kt=\"addNewYardOverflowToolbarButton\"]"}
RESULT: {"using":"xpath","value":"//button[@data-kt=\"addNewYardOverflowToolbarButton\"]"}
COMMAND: POST /session/f418f7bc7d2ff1d2d712b3b5ad58086f/elements - {"using":"xpath","value":"//button[@data-kt=\"addNewYardOverflowToolbarButton\"]"}
RESULT: {"using":"xpath","value":"//button[@data-kt=\"addNewYardOverflowToolbarButton\"]"}
COMMAND: POST /session/f418f7bc7d2ff1d2d712b3b5ad58086f/elements - {"using":"xpath","value":"//button[@data-kt=\"addNewYardOverflowToolbarButton\"]"}
RESULT: {"using":"xpath","value":"//button[@data-kt=\"addNewYardOverflowToolbarButton\"]"}
COMMAND: POST /session/f418f7bc7d2ff1d2d712b3b5ad58086f/elements - {"using":"xpath","value":"//button[@data-kt=\"addNewYardOverflowToolbarButton\"]"}
RESULT: {"using":"xpath","value":"//button[@data-kt=\"addNewYardOverflowToolbarButton\"]"}
COMMAND: POST /session/f418f7bc7d2ff1d2d712b3b5ad58086f/elements - {"using":"xpath","value":"//button[@data-kt=\"addNewYardOverflowToolbarButton\"]"}
RESULT: {"using":"xpath","value":"//button[@data-kt=\"addNewYardOverflowToolbarButton\"]"}
COMMAND: POST /session/f418f7bc7d2ff1d2d712b3b5ad58086f/elements - {"using":"xpath","value":"//button[@data-kt=\"addNewYardOverflowToolbarButton\"]"}
RESULT: {"using":"xpath","value":"//button[@data-kt=\"addNewYardOverflowToolbarButton\"]"}
COMMAND: POST /session/f418f7bc7d2ff1d2d712b3b5ad58086f/elements - {"using":"xpath","value":"//button[@data-kt=\"addNewYardOverflowToolbarButton\"]"}
RESULT: {"using":"xpath","value":"//button[@data-kt=\"addNewYardOverflowToolbarButton\"]"}
COMMAND: POST /session/f418f7bc7d2ff1d2d712b3b5ad58086f/elements - {"using":"xpath","value":"//button[@data-kt=\"addNewYardOverflowToolbarButton\"]"}
RESULT: {"using":"xpath","value":"//button[@data-kt=\"addNewYardOverflowToolbarButton\"]"}
COMMAND: POST /session/f418f7bc7d2ff1d2d712b3b5ad58086f/elements - {"using":"xpath","value":"//button[@data-kt=\"addNewYardOverflowToolbarButton\"]"}
RESULT: {"using":"xpath","value":"//button[@data-kt=\"addNewYardOverflowToolbarButton\"]"}
COMMAND: POST /session/f418f7bc7d2ff1d2d712b3b5ad58086f/elements - {"using":"xpath","value":"//button[@data-kt=\"addNewYardOverflowToolbarButton\"]"}
RESULT: {"using":"xpath","value":"//button[@data-kt=\"addNewYardOverflowToolbarButton\"]"}
COMMAND: POST /session/f418f7bc7d2ff1d2d712b3b5ad58086f/elements - {"using":"xpath","value":"//button[@data-kt=\"addNewYardOverflowToolbarButton\"]"}
RESULT: {"using":"xpath","value":"//button[@data-kt=\"addNewYardOverflowToolbarButton\"]"}
COMMAND: POST /session/f418f7bc7d2ff1d2d712b3b5ad58086f/elements - {"using":"xpath","value":"//button[@data-kt=\"addNewYardOverflowToolbarButton\"]"}
RESULT: {"using":"xpath","value":"//button[@data-kt=\"addNewYardOverflowToolbarButton\"]"}
COMMAND: POST /session/f418f7bc7d2ff1d2d712b3b5ad58086f/elements - {"using":"xpath","value":"//button[@data-kt=\"addNewYardOverflowToolbarButton\"]"}
RESULT: {"using":"xpath","value":"//button[@data-kt=\"addNewYardOverflowToolbarButton\"]"}
COMMAND: POST /session/f418f7bc7d2ff1d2d712b3b5ad58086f/elements - {"using":"xpath","value":"//button[@data-kt=\"addNewYardOverflowToolbarButton\"]"}
RESULT: {"using":"xpath","value":"//button[@data-kt=\"addNewYardOverflowToolbarButton\"]"}
COMMAND: POST /session/f418f7bc7d2ff1d2d712b3b5ad58086f/elements - {"using":"xpath","value":"//button[@data-kt=\"addNewYardOverflowToolbarButton\"]"}
RESULT: {"using":"xpath","value":"//button[@data-kt=\"addNewYardOverflowToolbarButton\"]"}
COMMAND: POST /session/f418f7bc7d2ff1d2d712b3b5ad58086f/elements - {"using":"xpath","value":"//button[@data-kt=\"addNewYardOverflowToolbarButton\"]"}
RESULT: {"using":"xpath","value":"//button[@data-kt=\"addNewYardOverflowToolbarButton\"]"}
COMMAND: POST /session/f418f7bc7d2ff1d2d712b3b5ad58086f/elements - {"using":"xpath","value":"//button[@data-kt=\"addNewYardOverflowToolbarButton\"]"}
RESULT: {"using":"xpath","value":"//button[@data-kt=\"addNewYardOverflowToolbarButton\"]"}
COMMAND: POST /session/f418f7bc7d2ff1d2d712b3b5ad58086f/elements - {"using":"xpath","value":"//button[@data-kt=\"addNewYardOverflowToolbarButton\"]"}
RESULT: {"using":"xpath","value":"//button[@data-kt=\"addNewYardOverflowToolbarButton\"]"}
COMMAND: POST /session/f418f7bc7d2ff1d2d712b3b5ad58086f/elements - {"using":"xpath","value":"//button[@data-kt=\"addNewYardOverflowToolbarButton\"]"}
RESULT: {"using":"xpath","value":"//button[@data-kt=\"addNewYardOverflowToolbarButton\"]"}
COMMAND: POST /session/f418f7bc7d2ff1d2d712b3b5ad58086f/elements - {"using":"xpath","value":"//button[@data-kt=\"addNewYardOverflowToolbarButton\"]"}
RESULT: {"using":"xpath","value":"//button[@data-kt=\"addNewYardOverflowToolbarButton\"]"}
COMMAND: POST /session/f418f7bc7d2ff1d2d712b3b5ad58086f/elements - {"using":"xpath","value":"//button[@data-kt=\"addNewYardOverflowToolbarButton\"]"}
RESULT: {"using":"xpath","value":"//button[@data-kt=\"addNewYardOverflowToolbarButton\"]"}
COMMAND: POST /session/f418f7bc7d2ff1d2d712b3b5ad58086f/elements - {"using":"xpath","value":"//button[@data-kt=\"addNewYardOverflowToolbarButton\"]"}
RESULT: {"using":"xpath","value":"//button[@data-kt=\"addNewYardOverflowToolbarButton\"]"}
COMMAND: POST /session/f418f7bc7d2ff1d2d712b3b5ad58086f/elements - {"using":"xpath","value":"//button[@data-kt=\"addNewYardOverflowToolbarButton\"]"}
RESULT: {"using":"xpath","value":"//button[@data-kt=\"addNewYardOverflowToolbarButton\"]"}
COMMAND: POST /session/f418f7bc7d2ff1d2d712b3b5ad58086f/element - {"using":"xpath","value":"//button[@data-kt=\"addNewYardOverflowToolbarButton\"]"}
RESULT: {"using":"xpath","value":"//button[@data-kt=\"addNewYardOverflowToolbarButton\"]"}
COMMAND: POST /session/f418f7bc7d2ff1d2d712b3b5ad58086f/execute/sync - {"script":"<script> [8489 bytes]","args":[{"element-6066-11e4-a52e-4f735466cecf":"f.72BD6EB346CCC82EDFB0602EE84AC45D.d.E63573C70E6C242A81D7EACC994CD337.e.300","ELEMENT":"f.72BD6EB346CCC82EDFB0602EE84AC45D.d.E63573C70E6C242A81D7EACC994CD337.e.300"}]}
RESULT: {"script":"<script> [8489 bytes]","args":[{"element-6066-11e4-a52e-4f735466cecf":"f.72BD6EB346CCC82EDFB0602EE84AC45D.d.E63573C70E6C242A81D7EACC994CD337.e.300","ELEMENT":"f.72BD6EB346CCC82EDFB0602EE84AC45D.d.E63573C70E6C242A81D7EACC994CD337.e.300"}]}
COMMAND: GET /session/f418f7bc7d2ff1d2d712b3b5ad58086f/element/f.72BD6EB346CCC82EDFB0602EE84AC45D.d.E63573C70E6C242A81D7EACC994CD337.e.300/enabled - {}
COMMAND: GET /session/f418f7bc7d2ff1d2d712b3b5ad58086f/screenshot - {}
RESULT: {}
COMMAND: POST /session/f418f7bc7d2ff1d2d712b3b5ad58086f/execute/sync - {"script":"<script> [8489 bytes]","args":[{"element-6066-11e4-a52e-4f735466cecf":"f.72BD6EB346CCC82EDFB0602EE84AC45D.d.E63573C70E6C242A81D7EACC994CD337.e.300","ELEMENT":"f.72BD6EB346CCC82EDFB0602EE84AC45D.d.E63573C70E6C242A81D7EACC994CD337.e.300"}]}
COMMAND: GET /session/f418f7bc7d2ff1d2d712b3b5ad58086f/screenshot - {}
RESULT: {}
RESULT: {"script":"<script> [8489 bytes]","args":[{"element-6066-11e4-a52e-4f735466cecf":"f.72BD6EB346CCC82EDFB0602EE84AC45D.d.E63573C70E6C242A81D7EACC994CD337.e.300","ELEMENT":"f.72BD6EB346CCC82EDFB0602EE84AC45D.d.E63573C70E6C242A81D7EACC994CD337.e.300"}]}
COMMAND: POST /session/f418f7bc7d2ff1d2d712b3b5ad58086f/execute/sync - {"script":"<script> [5351 bytes]","args":[{"element-6066-11e4-a52e-4f735466cecf":"f.72BD6EB346CCC82EDFB0602EE84AC45D.d.E63573C70E6C242A81D7EACC994CD337.e.300","ELEMENT":"f.72BD6EB346CCC82EDFB0602EE84AC45D.d.E63573C70E6C242A81D7EACC994CD337.e.300"}]}
COMMAND: GET /session/f418f7bc7d2ff1d2d712b3b5ad58086f/screenshot - {}
RESULT: {}
RESULT: {"script":"<script> [5351 bytes]","args":[{"element-6066-11e4-a52e-4f735466cecf":"f.72BD6EB346CCC82EDFB0602EE84AC45D.d.E63573C70E6C242A81D7EACC994CD337.e.300","ELEMENT":"f.72BD6EB346CCC82EDFB0602EE84AC45D.d.E63573C70E6C242A81D7EACC994CD337.e.300"}]}
COMMAND: POST /session/f418f7bc7d2ff1d2d712b3b5ad58086f/element/f.72BD6EB346CCC82EDFB0602EE84AC45D.d.E63573C70E6C242A81D7EACC994CD337.e.300/click - {}
COMMAND: GET /session/f418f7bc7d2ff1d2d712b3b5ad58086f/screenshot - {}
RESULT: {}
RESULT: {}
COMMAND: GET /session/f418f7bc7d2ff1d2d712b3b5ad58086f/screenshot - {}
RESULT: {}
COMMAND: POST /session/f418f7bc7d2ff1d2d712b3b5ad58086f/element - {"using":"xpath","value":"//input[@id=\"application-manageyards-display-component---NewYard--yardId-inner\"]"}
RESULT: {}
RESULT: {"using":"xpath","value":"//input[@id=\"application-manageyards-display-component---NewYard--yardId-inner\"]"}
COMMAND: POST /session/f418f7bc7d2ff1d2d712b3b5ad58086f/element - {"using":"xpath","value":"//input[@id=\"application-manageyards-display-component---NewYard--yardId-inner\"]"}
RESULT: {"using":"xpath","value":"//input[@id=\"application-manageyards-display-component---NewYard--yardId-inner\"]"}
COMMAND: POST /session/f418f7bc7d2ff1d2d712b3b5ad58086f/execute/async - {"script":"<script> [1562 bytes]","args":[{"selector":{"id":"application-manageyards-display-component---NewYard--addressDetailDetailsName1","interaction":{"idSuffix":"inner"}},"wdio_ui5_key":"applicationmanageyards-display-component---NewYard--addressDetailDetailsName1"}]}
RESULT: {"script":"<script> [1562 bytes]","args":[{"selector":{"id":"application-manageyards-display-component---NewYard--addressDetailDetailsName1","interaction":{"idSuffix":"inner"}},"wdio_ui5_key":"applicationmanageyards-display-component---NewYard--addressDetailDetailsName1"}]}
RESULT: undefined
COMMAND: POST /session/f418f7bc7d2ff1d2d712b3b5ad58086f/execute/async - {"script":"<script> [776 bytes]","args":[{"enterText":"Intracompany Yard wdIO","selector":{"id":"application-manageyards-display-component---NewYard--addressDetailDetailsName1","interaction":{"idSuffix":"inner"}},"clearTextFirst":true,"interactionType":"ENTER_TEXT"}]}
RESULT: {"script":"<script> [776 bytes]","args":[{"enterText":"Intracompany Yard wdIO","selector":{"id":"application-manageyards-display-component---NewYard--addressDetailDetailsName1","interaction":{"idSuffix":"inner"}},"clearTextFirst":true,"interactionType":"ENTER_TEXT"}]}
COMMAND: POST /session/f418f7bc7d2ff1d2d712b3b5ad58086f/execute/async - {"script":"<script> [1562 bytes]","args":[{"selector":{"id":"application-manageyards-display-component---NewYard--addressDetailDetailsLanguage-arrow"},"wdio_ui5_key":"applicationmanageyards-display-component---NewYard--addressDetailDetailsLanguage-arrow"}]}
RESULT: {"script":"<script> [1562 bytes]","args":[{"selector":{"id":"application-manageyards-display-component---NewYard--addressDetailDetailsLanguage-arrow"},"wdio_ui5_key":"applicationmanageyards-display-component---NewYard--addressDetailDetailsLanguage-arrow"}]}
RESULT: undefined
COMMAND: POST /session/f418f7bc7d2ff1d2d712b3b5ad58086f/element - {"using":"xpath","value":"//*[@id=\"application-manageyards-display-component---NewYard--addressDetailDetailsLanguage-arrow\"]"}
RESULT: {"using":"xpath","value":"//*[@id=\"application-manageyards-display-component---NewYard--addressDetailDetailsLanguage-arrow\"]"}
COMMAND: POST /session/f418f7bc7d2ff1d2d712b3b5ad58086f/element/f.72BD6EB346CCC82EDFB0602EE84AC45D.d.E63573C70E6C242A81D7EACC994CD337.e.735/click - {}
RESULT: {}
COMMAND: POST /session/f418f7bc7d2ff1d2d712b3b5ad58086f/element - {"using":"xpath","value":"//span[contains(text(), \"English\")]"}
COMMAND: GET /session/f418f7bc7d2ff1d2d712b3b5ad58086f/screenshot - {}
RESULT: {"using":"xpath","value":"//span[contains(text(), \"English\")]"}
COMMAND: POST /session/f418f7bc7d2ff1d2d712b3b5ad58086f/element/f.72BD6EB346CCC82EDFB0602EE84AC45D.d.E63573C70E6C242A81D7EACC994CD337.e.736/click - {}
RESULT: {}
RESULT: {}
COMMAND: POST /session/f418f7bc7d2ff1d2d712b3b5ad58086f/execute/async - {"script":"<script> [1562 bytes]","args":[{"selector":{"id":"application-manageyards-display-component---NewYard--addressDetailDetailsCity1","interaction":{"idSuffix":"inner"}},"wdio_ui5_key":"applicationmanageyards-display-component---NewYard--addressDetailDetailsCity1"}]}
COMMAND: GET /session/f418f7bc7d2ff1d2d712b3b5ad58086f/screenshot - {}
RESULT: {}
RESULT: {"script":"<script> [1562 bytes]","args":[{"selector":{"id":"application-manageyards-display-component---NewYard--addressDetailDetailsCity1","interaction":{"idSuffix":"inner"}},"wdio_ui5_key":"applicationmanageyards-display-component---NewYard--addressDetailDetailsCity1"}]}
RESULT: undefined
COMMAND: POST /session/f418f7bc7d2ff1d2d712b3b5ad58086f/execute/async - {"script":"<script> [776 bytes]","args":[{"enterText":"Rosario","selector":{"id":"application-manageyards-display-component---NewYard--addressDetailDetailsCity1","interaction":{"idSuffix":"inner"}},"clearTextFirst":true,"interactionType":"ENTER_TEXT"}]}
RESULT: {"script":"<script> [776 bytes]","args":[{"enterText":"Rosario","selector":{"id":"application-manageyards-display-component---NewYard--addressDetailDetailsCity1","interaction":{"idSuffix":"inner"}},"clearTextFirst":true,"interactionType":"ENTER_TEXT"}]}
COMMAND: POST /session/f418f7bc7d2ff1d2d712b3b5ad58086f/execute/async - {"script":"<script> [1562 bytes]","args":[{"selector":{"id":"application-manageyards-display-component---NewYard--addressDetailDetailsCountry-arrow"},"wdio_ui5_key":"applicationmanageyards-display-component---NewYard--addressDetailDetailsCountry-arrow"}]}
RESULT: {"script":"<script> [1562 bytes]","args":[{"selector":{"id":"application-manageyards-display-component---NewYard--addressDetailDetailsCountry-arrow"},"wdio_ui5_key":"applicationmanageyards-display-component---NewYard--addressDetailDetailsCountry-arrow"}]}
RESULT: undefined
COMMAND: POST /session/f418f7bc7d2ff1d2d712b3b5ad58086f/element - {"using":"xpath","value":"//*[@id=\"application-manageyards-display-component---NewYard--addressDetailDetailsCountry-arrow\"]"}
RESULT: {"using":"xpath","value":"//*[@id=\"application-manageyards-display-component---NewYard--addressDetailDetailsCountry-arrow\"]"}
COMMAND: POST /session/f418f7bc7d2ff1d2d712b3b5ad58086f/element/f.72BD6EB346CCC82EDFB0602EE84AC45D.d.E63573C70E6C242A81D7EACC994CD337.e.738/click - {}
RESULT: {}
COMMAND: POST /session/f418f7bc7d2ff1d2d712b3b5ad58086f/element - {"using":"xpath","value":"//span[contains(text(), \"Argentina\")]"}
COMMAND: GET /session/f418f7bc7d2ff1d2d712b3b5ad58086f/screenshot - {}
RESULT: {"using":"xpath","value":"//span[contains(text(), \"Argentina\")]"}
COMMAND: POST /session/f418f7bc7d2ff1d2d712b3b5ad58086f/element/f.72BD6EB346CCC82EDFB0602EE84AC45D.d.E63573C70E6C242A81D7EACC994CD337.e.739/click - {}
RESULT: {}
RESULT: {}
COMMAND: POST /session/f418f7bc7d2ff1d2d712b3b5ad58086f/execute/async - {"script":"<script> [1562 bytes]","args":[{"selector":{"id":"application-manageyards-display-component---NewYard--addressEditDetailsCostObjectCstType-arrow"},"wdio_ui5_key":"applicationmanageyards-display-component---NewYard--addressEditDetailsCostObjectCstType-arrow"}]}
COMMAND: GET /session/f418f7bc7d2ff1d2d712b3b5ad58086f/screenshot - {}
RESULT: {"script":"<script> [1562 bytes]","args":[{"selector":{"id":"application-manageyards-display-component---NewYard--addressEditDetailsCostObjectCstType-arrow"},"wdio_ui5_key":"applicationmanageyards-display-component---NewYard--addressEditDetailsCostObjectCstType-arrow"}]}
RESULT: undefined
COMMAND: POST /session/f418f7bc7d2ff1d2d712b3b5ad58086f/element - {"using":"xpath","value":"//*[@id=\"application-manageyards-display-component---NewYard--addressEditDetailsCostObjectCstType-arrow\"]"}
RESULT: {}
RESULT: {"using":"xpath","value":"//*[@id=\"application-manageyards-display-component---NewYard--addressEditDetailsCostObjectCstType-arrow\"]"}
COMMAND: POST /session/f418f7bc7d2ff1d2d712b3b5ad58086f/element/f.72BD6EB346CCC82EDFB0602EE84AC45D.d.E63573C70E6C242A81D7EACC994CD337.e.740/click - {}
RESULT: {}
COMMAND: POST /session/f418f7bc7d2ff1d2d712b3b5ad58086f/element - {"using":"xpath","value":"//span[contains(text(), \"Cost Center\")]"}
COMMAND: GET /session/f418f7bc7d2ff1d2d712b3b5ad58086f/screenshot - {}
RESULT: {"using":"xpath","value":"//span[contains(text(), \"Cost Center\")]"}
COMMAND: POST /session/f418f7bc7d2ff1d2d712b3b5ad58086f/element/f.72BD6EB346CCC82EDFB0602EE84AC45D.d.E63573C70E6C242A81D7EACC994CD337.e.741/click - {}
RESULT: {}
RESULT: {}
COMMAND: GET /session/f418f7bc7d2ff1d2d712b3b5ad58086f/screenshot - {}
RESULT: {}
COMMAND: POST /session/f418f7bc7d2ff1d2d712b3b5ad58086f/element - {"using":"xpath","value":"//span[@id=\"application-manageyards-display-component---NewYard--addressNewCostObjectCstID-vhi\"]"}
RESULT: {"using":"xpath","value":"//span[@id=\"application-manageyards-display-component---NewYard--addressNewCostObjectCstID-vhi\"]"}
COMMAND: POST /session/f418f7bc7d2ff1d2d712b3b5ad58086f/execute/sync - {"script":"<script> [8489 bytes]","args":[{"element-6066-11e4-a52e-4f735466cecf":"f.72BD6EB346CCC82EDFB0602EE84AC45D.d.E63573C70E6C242A81D7EACC994CD337.e.745","ELEMENT":"f.72BD6EB346CCC82EDFB0602EE84AC45D.d.E63573C70E6C242A81D7EACC994CD337.e.745"}]}
RESULT: {"script":"<script> [8489 bytes]","args":[{"element-6066-11e4-a52e-4f735466cecf":"f.72BD6EB346CCC82EDFB0602EE84AC45D.d.E63573C70E6C242A81D7EACC994CD337.e.745","ELEMENT":"f.72BD6EB346CCC82EDFB0602EE84AC45D.d.E63573C70E6C242A81D7EACC994CD337.e.745"}]}
COMMAND: POST /session/f418f7bc7d2ff1d2d712b3b5ad58086f/execute/async - {"script":"<script> [1562 bytes]","args":[{"selector":{"id":"application-manageyards-display-component---NewYard--addressNewCostObjectCstID-vhi"},"wdio_ui5_key":"applicationmanageyards-display-component---NewYard--addressNewCostObjectCstID-vhi"}]}
COMMAND: GET /session/f418f7bc7d2ff1d2d712b3b5ad58086f/screenshot - {}
RESULT: {"script":"<script> [1562 bytes]","args":[{"selector":{"id":"application-manageyards-display-component---NewYard--addressNewCostObjectCstID-vhi"},"wdio_ui5_key":"applicationmanageyards-display-component---NewYard--addressNewCostObjectCstID-vhi"}]}
RESULT: undefined
COMMAND: POST /session/f418f7bc7d2ff1d2d712b3b5ad58086f/element - {"using":"xpath","value":"//*[@id=\"application-manageyards-display-component---NewYard--addressNewCostObjectCstID-vhi\"]"}
RESULT: {}
RESULT: {"using":"xpath","value":"//*[@id=\"application-manageyards-display-component---NewYard--addressNewCostObjectCstID-vhi\"]"}
COMMAND: POST /session/f418f7bc7d2ff1d2d712b3b5ad58086f/element/f.72BD6EB346CCC82EDFB0602EE84AC45D.d.E63573C70E6C242A81D7EACC994CD337.e.745/click - {}
RESULT: {}
COMMAND: GET /session/f418f7bc7d2ff1d2d712b3b5ad58086f/screenshot - {}
RESULT: {}
COMMAND: POST /session/f418f7bc7d2ff1d2d712b3b5ad58086f/execute/async - {"script":"<script> [1562 bytes]","args":[{"selector":{"controlType":"sap.m.SearchField","properties":{"placeholder":"Search"},"searchOpenDialogs":true,"interaction":{"idSuffix":"I"}},"wdio_ui5_key":"sapm.SearchField{\"placeholder\":\"Search\"}"}]}
RESULT: {"script":"<script> [1562 bytes]","args":[{"selector":{"controlType":"sap.m.SearchField","properties":{"placeholder":"Search"},"searchOpenDialogs":true,"interaction":{"idSuffix":"I"}},"wdio_ui5_key":"sapm.SearchField{\"placeholder\":\"Search\"}"}]}
RESULT: undefined
COMMAND: POST /session/f418f7bc7d2ff1d2d712b3b5ad58086f/execute/async - {"script":"<script> [776 bytes]","args":[{"enterText":"10001013","selector":{"controlType":"sap.m.SearchField","properties":{"placeholder":"Search"},"searchOpenDialogs":true,"interaction":{"idSuffix":"I"}},"clearTextFirst":true,"interactionType":"ENTER_TEXT"}]}
RESULT: {"script":"<script> [776 bytes]","args":[{"enterText":"10001013","selector":{"controlType":"sap.m.SearchField","properties":{"placeholder":"Search"},"searchOpenDialogs":true,"interaction":{"idSuffix":"I"}},"clearTextFirst":true,"interactionType":"ENTER_TEXT"}]}
COMMAND: POST /session/f418f7bc7d2ff1d2d712b3b5ad58086f/actions - {"actions":[{"id":"action1","type":"key","parameters":{},"actions":[{"type":"keyDown","value":"î€‡"},{"type":"pause","duration":10},{"type":"keyUp","value":"î€‡"}]}]}
RESULT: {"actions":[{"id":"action1","type":"key","parameters":{},"actions":[{"type":"keyDown","value":"î€‡"},{"type":"pause","duration":10},{"type":"keyUp","value":"î€‡"}]}]}
COMMAND: GET /session/f418f7bc7d2ff1d2d712b3b5ad58086f/screenshot - {}
RESULT: {}
COMMAND: POST /session/f418f7bc7d2ff1d2d712b3b5ad58086f/element - {"using":"xpath","value":"//span[contains(text(), \"General Management\")]"}
RESULT: {"using":"xpath","value":"//span[contains(text(), \"General Management\")]"}
COMMAND: POST /session/f418f7bc7d2ff1d2d712b3b5ad58086f/element/f.72BD6EB346CCC82EDFB0602EE84AC45D.d.E63573C70E6C242A81D7EACC994CD337.e.786/click - {}
RESULT: {}
COMMAND: GET /session/f418f7bc7d2ff1d2d712b3b5ad58086f/screenshot - {}
RESULT: {}
COMMAND: POST /session/f418f7bc7d2ff1d2d712b3b5ad58086f/element - {"using":"xpath","value":"//bdi[contains(text(), \"OK\")]"}
RESULT: {"using":"xpath","value":"//bdi[contains(text(), \"OK\")]"}
COMMAND: POST /session/f418f7bc7d2ff1d2d712b3b5ad58086f/element/f.72BD6EB346CCC82EDFB0602EE84AC45D.d.E63573C70E6C242A81D7EACC994CD337.e.787/click - {}
RESULT: {}
COMMAND: GET /session/f418f7bc7d2ff1d2d712b3b5ad58086f/screenshot - {}
RESULT: {}
COMMAND: POST /session/f418f7bc7d2ff1d2d712b3b5ad58086f/execute/async - {"script":"<script> [1562 bytes]","args":[{"selector":{"id":"application-manageyards-display-component---NewYard--addressEditDetailsCurrency-arrow"},"wdio_ui5_key":"applicationmanageyards-display-component---NewYard--addressEditDetailsCurrency-arrow"}]}
RESULT: {"script":"<script> [1562 bytes]","args":[{"selector":{"id":"application-manageyards-display-component---NewYard--addressEditDetailsCurrency-arrow"},"wdio_ui5_key":"applicationmanageyards-display-component---NewYard--addressEditDetailsCurrency-arrow"}]}
RESULT: undefined
COMMAND: POST /session/f418f7bc7d2ff1d2d712b3b5ad58086f/element - {"using":"xpath","value":"//*[@id=\"application-manageyards-display-component---NewYard--addressEditDetailsCurrency-arrow\"]"}
RESULT: {"using":"xpath","value":"//*[@id=\"application-manageyards-display-component---NewYard--addressEditDetailsCurrency-arrow\"]"}
COMMAND: POST /session/f418f7bc7d2ff1d2d712b3b5ad58086f/element/f.72BD6EB346CCC82EDFB0602EE84AC45D.d.E63573C70E6C242A81D7EACC994CD337.e.790/click - {}
RESULT: {}
COMMAND: POST /session/f418f7bc7d2ff1d2d712b3b5ad58086f/element - {"using":"xpath","value":"//span[contains(text(), \"Euro\")]"}
COMMAND: GET /session/f418f7bc7d2ff1d2d712b3b5ad58086f/screenshot - {}
RESULT: {"using":"xpath","value":"//span[contains(text(), \"Euro\")]"}
COMMAND: POST /session/f418f7bc7d2ff1d2d712b3b5ad58086f/element/f.72BD6EB346CCC82EDFB0602EE84AC45D.d.E63573C70E6C242A81D7EACC994CD337.e.791/click - {}
RESULT: {}
RESULT: {}
COMMAND: POST /session/f418f7bc7d2ff1d2d712b3b5ad58086f/execute/async - {"script":"<script> [1562 bytes]","args":[{"selector":{"controlType":"sap.m.Input","viewName":"etm.portal.ui.manageyards.view.New","viewId":"application-manageyards-display-component---NewYard","bindingPath":{"path":"","propertyPath":"/CONTROLLING_AREA","modelName":"NewYardModel"},"interaction":{"idSuffix":"inner"}},"wdio_ui5_key":"etmportal.ui.manageyards.view.Newsap.m.Input{\"path\":\"\",\"propertyPath\":\"/CONTROLLING_AREA\",\"modelName\":\"NewYardModel\"}"}]}
COMMAND: GET /session/f418f7bc7d2ff1d2d712b3b5ad58086f/screenshot - {}
RESULT: {"script":"<script> [1562 bytes]","args":[{"selector":{"controlType":"sap.m.Input","viewName":"etm.portal.ui.manageyards.view.New","viewId":"application-manageyards-display-component---NewYard","bindingPath":{"path":"","propertyPath":"/CONTROLLING_AREA","modelName":"NewYardModel"},"interaction":{"idSuffix":"inner"}},"wdio_ui5_key":"etmportal.ui.manageyards.view.Newsap.m.Input{\"path\":\"\",\"propertyPath\":\"/CONTROLLING_AREA\",\"modelName\":\"NewYardModel\"}"}]}
RESULT: undefined
COMMAND: POST /session/f418f7bc7d2ff1d2d712b3b5ad58086f/execute/async - {"script":"<script> [776 bytes]","args":[{"enterText":"Z001","selector":{"controlType":"sap.m.Input","viewName":"etm.portal.ui.manageyards.view.New","viewId":"application-manageyards-display-component---NewYard","bindingPath":{"path":"","propertyPath":"/CONTROLLING_AREA","modelName":"NewYardModel"},"interaction":{"idSuffix":"inner"}},"clearTextFirst":true,"interactionType":"ENTER_TEXT"}]}
RESULT: {}
RESULT: {"script":"<script> [776 bytes]","args":[{"enterText":"Z001","selector":{"controlType":"sap.m.Input","viewName":"etm.portal.ui.manageyards.view.New","viewId":"application-manageyards-display-component---NewYard","bindingPath":{"path":"","propertyPath":"/CONTROLLING_AREA","modelName":"NewYardModel"},"interaction":{"idSuffix":"inner"}},"clearTextFirst":true,"interactionType":"ENTER_TEXT"}]}
COMMAND: POST /session/f418f7bc7d2ff1d2d712b3b5ad58086f/execute/async - {"script":"<script> [1562 bytes]","args":[{"selector":{"id":"application-manageyards-display-component---NewYard--companyCodeComboBox","interaction":{"idSuffix":"inner"}},"wdio_ui5_key":"applicationmanageyards-display-component---NewYard--companyCodeComboBox"}]}
RESULT: {"script":"<script> [1562 bytes]","args":[{"selector":{"id":"application-manageyards-display-component---NewYard--companyCodeComboBox","interaction":{"idSuffix":"inner"}},"wdio_ui5_key":"applicationmanageyards-display-component---NewYard--companyCodeComboBox"}]}
RESULT: undefined
COMMAND: POST /session/f418f7bc7d2ff1d2d712b3b5ad58086f/execute/async - {"script":"<script> [776 bytes]","args":[{"enterText":"1000","selector":{"id":"application-manageyards-display-component---NewYard--companyCodeComboBox","interaction":{"idSuffix":"inner"}},"clearTextFirst":true,"interactionType":"ENTER_TEXT"}]}
RESULT: {"script":"<script> [776 bytes]","args":[{"enterText":"1000","selector":{"id":"application-manageyards-display-component---NewYard--companyCodeComboBox","interaction":{"idSuffix":"inner"}},"clearTextFirst":true,"interactionType":"ENTER_TEXT"}]}
COMMAND: POST /session/f418f7bc7d2ff1d2d712b3b5ad58086f/execute/async - {"script":"<script> [1562 bytes]","args":[{"selector":{"controlType":"sap.m.Input","viewName":"etm.portal.ui.manageyards.view.New","viewId":"application-manageyards-display-component---NewYard","bindingPath":{"path":"","propertyPath":"/PLANT","modelName":"NewYardModel"},"interaction":{"idSuffix":"inner"}},"wdio_ui5_key":"etmportal.ui.manageyards.view.Newsap.m.Input{\"path\":\"\",\"propertyPath\":\"/PLANT\",\"modelName\":\"NewYardModel\"}"}]}
RESULT: {"script":"<script> [1562 bytes]","args":[{"selector":{"controlType":"sap.m.Input","viewName":"etm.portal.ui.manageyards.view.New","viewId":"application-manageyards-display-component---NewYard","bindingPath":{"path":"","propertyPath":"/PLANT","modelName":"NewYardModel"},"interaction":{"idSuffix":"inner"}},"wdio_ui5_key":"etmportal.ui.manageyards.view.Newsap.m.Input{\"path\":\"\",\"propertyPath\":\"/PLANT\",\"modelName\":\"NewYardModel\"}"}]}
RESULT: undefined
COMMAND: POST /session/f418f7bc7d2ff1d2d712b3b5ad58086f/execute/async - {"script":"<script> [776 bytes]","args":[{"enterText":"1001","selector":{"controlType":"sap.m.Input","viewName":"etm.portal.ui.manageyards.view.New","viewId":"application-manageyards-display-component---NewYard","bindingPath":{"path":"","propertyPath":"/PLANT","modelName":"NewYardModel"},"interaction":{"idSuffix":"inner"}},"clearTextFirst":true,"interactionType":"ENTER_TEXT"}]}
RESULT: {"script":"<script> [776 bytes]","args":[{"enterText":"1001","selector":{"controlType":"sap.m.Input","viewName":"etm.portal.ui.manageyards.view.New","viewId":"application-manageyards-display-component---NewYard","bindingPath":{"path":"","propertyPath":"/PLANT","modelName":"NewYardModel"},"interaction":{"idSuffix":"inner"}},"clearTextFirst":true,"interactionType":"ENTER_TEXT"}]}
COMMAND: POST /session/f418f7bc7d2ff1d2d712b3b5ad58086f/execute/async - {"script":"<script> [1562 bytes]","args":[{"selector":{"controlType":"sap.m.Input","viewName":"etm.portal.ui.manageyards.view.New","viewId":"application-manageyards-display-component---NewYard","bindingPath":{"path":"","propertyPath":"/SALES_AREA_VKORG","modelName":"NewYardModel"},"interaction":{"idSuffix":"inner"}},"wdio_ui5_key":"etmportal.ui.manageyards.view.Newsap.m.Input{\"path\":\"\",\"propertyPath\":\"/SALES_AREA_VKORG\",\"modelName\":\"NewYardModel\"}"}]}
RESULT: {"script":"<script> [1562 bytes]","args":[{"selector":{"controlType":"sap.m.Input","viewName":"etm.portal.ui.manageyards.view.New","viewId":"application-manageyards-display-component---NewYard","bindingPath":{"path":"","propertyPath":"/SALES_AREA_VKORG","modelName":"NewYardModel"},"interaction":{"idSuffix":"inner"}},"wdio_ui5_key":"etmportal.ui.manageyards.view.Newsap.m.Input{\"path\":\"\",\"propertyPath\":\"/SALES_AREA_VKORG\",\"modelName\":\"NewYardModel\"}"}]}
RESULT: undefined
COMMAND: POST /session/f418f7bc7d2ff1d2d712b3b5ad58086f/execute/async - {"script":"<script> [776 bytes]","args":[{"enterText":"C002","selector":{"controlType":"sap.m.Input","viewName":"etm.portal.ui.manageyards.view.New","viewId":"application-manageyards-display-component---NewYard","bindingPath":{"path":"","propertyPath":"/SALES_AREA_VKORG","modelName":"NewYardModel"},"interaction":{"idSuffix":"inner"}},"clearTextFirst":true,"interactionType":"ENTER_TEXT"}]}
RESULT: {"script":"<script> [776 bytes]","args":[{"enterText":"C002","selector":{"controlType":"sap.m.Input","viewName":"etm.portal.ui.manageyards.view.New","viewId":"application-manageyards-display-component---NewYard","bindingPath":{"path":"","propertyPath":"/SALES_AREA_VKORG","modelName":"NewYardModel"},"interaction":{"idSuffix":"inner"}},"clearTextFirst":true,"interactionType":"ENTER_TEXT"}]}
COMMAND: POST /session/f418f7bc7d2ff1d2d712b3b5ad58086f/execute/async - {"script":"<script> [1562 bytes]","args":[{"selector":{"controlType":"sap.m.Input","viewName":"etm.portal.ui.manageyards.view.New","viewId":"application-manageyards-display-component---NewYard","bindingPath":{"path":"","propertyPath":"/SALES_AREA_VTWEG","modelName":"NewYardModel"},"interaction":{"idSuffix":"inner"}},"wdio_ui5_key":"etmportal.ui.manageyards.view.Newsap.m.Input{\"path\":\"\",\"propertyPath\":\"/SALES_AREA_VTWEG\",\"modelName\":\"NewYardModel\"}"}]}
RESULT: {"script":"<script> [1562 bytes]","args":[{"selector":{"controlType":"sap.m.Input","viewName":"etm.portal.ui.manageyards.view.New","viewId":"application-manageyards-display-component---NewYard","bindingPath":{"path":"","propertyPath":"/SALES_AREA_VTWEG","modelName":"NewYardModel"},"interaction":{"idSuffix":"inner"}},"wdio_ui5_key":"etmportal.ui.manageyards.view.Newsap.m.Input{\"path\":\"\",\"propertyPath\":\"/SALES_AREA_VTWEG\",\"modelName\":\"NewYardModel\"}"}]}
RESULT: undefined
COMMAND: POST /session/f418f7bc7d2ff1d2d712b3b5ad58086f/execute/async - {"script":"<script> [776 bytes]","args":[{"enterText":"C2","selector":{"controlType":"sap.m.Input","viewName":"etm.portal.ui.manageyards.view.New","viewId":"application-manageyards-display-component---NewYard","bindingPath":{"path":"","propertyPath":"/SALES_AREA_VTWEG","modelName":"NewYardModel"},"interaction":{"idSuffix":"inner"}},"clearTextFirst":true,"interactionType":"ENTER_TEXT"}]}
RESULT: {"script":"<script> [776 bytes]","args":[{"enterText":"C2","selector":{"controlType":"sap.m.Input","viewName":"etm.portal.ui.manageyards.view.New","viewId":"application-manageyards-display-component---NewYard","bindingPath":{"path":"","propertyPath":"/SALES_AREA_VTWEG","modelName":"NewYardModel"},"interaction":{"idSuffix":"inner"}},"clearTextFirst":true,"interactionType":"ENTER_TEXT"}]}
COMMAND: POST /session/f418f7bc7d2ff1d2d712b3b5ad58086f/execute/async - {"script":"<script> [1562 bytes]","args":[{"selector":{"controlType":"sap.m.Input","viewName":"etm.portal.ui.manageyards.view.New","viewId":"application-manageyards-display-component---NewYard","bindingPath":{"path":"","propertyPath":"/SALES_AREA_SPART","modelName":"NewYardModel"},"interaction":{"idSuffix":"inner"}},"wdio_ui5_key":"etmportal.ui.manageyards.view.Newsap.m.Input{\"path\":\"\",\"propertyPath\":\"/SALES_AREA_SPART\",\"modelName\":\"NewYardModel\"}"}]}
RESULT: {"script":"<script> [1562 bytes]","args":[{"selector":{"controlType":"sap.m.Input","viewName":"etm.portal.ui.manageyards.view.New","viewId":"application-manageyards-display-component---NewYard","bindingPath":{"path":"","propertyPath":"/SALES_AREA_SPART","modelName":"NewYardModel"},"interaction":{"idSuffix":"inner"}},"wdio_ui5_key":"etmportal.ui.manageyards.view.Newsap.m.Input{\"path\":\"\",\"propertyPath\":\"/SALES_AREA_SPART\",\"modelName\":\"NewYardModel\"}"}]}
RESULT: undefined
COMMAND: POST /session/f418f7bc7d2ff1d2d712b3b5ad58086f/execute/async - {"script":"<script> [776 bytes]","args":[{"enterText":"C2","selector":{"controlType":"sap.m.Input","viewName":"etm.portal.ui.manageyards.view.New","viewId":"application-manageyards-display-component---NewYard","bindingPath":{"path":"","propertyPath":"/SALES_AREA_SPART","modelName":"NewYardModel"},"interaction":{"idSuffix":"inner"}},"clearTextFirst":true,"interactionType":"ENTER_TEXT"}]}
RESULT: {"script":"<script> [776 bytes]","args":[{"enterText":"C2","selector":{"controlType":"sap.m.Input","viewName":"etm.portal.ui.manageyards.view.New","viewId":"application-manageyards-display-component---NewYard","bindingPath":{"path":"","propertyPath":"/SALES_AREA_SPART","modelName":"NewYardModel"},"interaction":{"idSuffix":"inner"}},"clearTextFirst":true,"interactionType":"ENTER_TEXT"}]}
COMMAND: POST /session/f418f7bc7d2ff1d2d712b3b5ad58086f/execute/async - {"script":"<script> [1562 bytes]","args":[{"selector":{"controlType":"sap.m.Input","viewName":"etm.portal.ui.manageyards.view.New","viewId":"application-manageyards-display-component---NewYard","bindingPath":{"path":"","propertyPath":"/SHIP_POINT","modelName":"NewYardModel"},"interaction":{"idSuffix":"inner"}},"wdio_ui5_key":"etmportal.ui.manageyards.view.Newsap.m.Input{\"path\":\"\",\"propertyPath\":\"/SHIP_POINT\",\"modelName\":\"NewYardModel\"}"}]}
RESULT: {"script":"<script> [1562 bytes]","args":[{"selector":{"controlType":"sap.m.Input","viewName":"etm.portal.ui.manageyards.view.New","viewId":"application-manageyards-display-component---NewYard","bindingPath":{"path":"","propertyPath":"/SHIP_POINT","modelName":"NewYardModel"},"interaction":{"idSuffix":"inner"}},"wdio_ui5_key":"etmportal.ui.manageyards.view.Newsap.m.Input{\"path\":\"\",\"propertyPath\":\"/SHIP_POINT\",\"modelName\":\"NewYardModel\"}"}]}
RESULT: undefined
COMMAND: POST /session/f418f7bc7d2ff1d2d712b3b5ad58086f/execute/async - {"script":"<script> [776 bytes]","args":[{"enterText":"1710","selector":{"controlType":"sap.m.Input","viewName":"etm.portal.ui.manageyards.view.New","viewId":"application-manageyards-display-component---NewYard","bindingPath":{"path":"","propertyPath":"/SHIP_POINT","modelName":"NewYardModel"},"interaction":{"idSuffix":"inner"}},"clearTextFirst":true,"interactionType":"ENTER_TEXT"}]}
RESULT: {"script":"<script> [776 bytes]","args":[{"enterText":"1710","selector":{"controlType":"sap.m.Input","viewName":"etm.portal.ui.manageyards.view.New","viewId":"application-manageyards-display-component---NewYard","bindingPath":{"path":"","propertyPath":"/SHIP_POINT","modelName":"NewYardModel"},"interaction":{"idSuffix":"inner"}},"clearTextFirst":true,"interactionType":"ENTER_TEXT"}]}
COMMAND: POST /session/f418f7bc7d2ff1d2d712b3b5ad58086f/execute/async - {"script":"<script> [1562 bytes]","args":[{"selector":{"controlType":"sap.m.Input","viewName":"etm.portal.ui.manageyards.view.New","viewId":"application-manageyards-display-component---NewYard","bindingPath":{"path":"","propertyPath":"/DELIVERY_TYPE","modelName":"NewYardModel"},"interaction":{"idSuffix":"inner"}},"wdio_ui5_key":"etmportal.ui.manageyards.view.Newsap.m.Input{\"path\":\"\",\"propertyPath\":\"/DELIVERY_TYPE\",\"modelName\":\"NewYardModel\"}"}]}
RESULT: {"script":"<script> [1562 bytes]","args":[{"selector":{"controlType":"sap.m.Input","viewName":"etm.portal.ui.manageyards.view.New","viewId":"application-manageyards-display-component---NewYard","bindingPath":{"path":"","propertyPath":"/DELIVERY_TYPE","modelName":"NewYardModel"},"interaction":{"idSuffix":"inner"}},"wdio_ui5_key":"etmportal.ui.manageyards.view.Newsap.m.Input{\"path\":\"\",\"propertyPath\":\"/DELIVERY_TYPE\",\"modelName\":\"NewYardModel\"}"}]}
RESULT: undefined
COMMAND: POST /session/f418f7bc7d2ff1d2d712b3b5ad58086f/execute/async - {"script":"<script> [776 bytes]","args":[{"enterText":"ZL01","selector":{"controlType":"sap.m.Input","viewName":"etm.portal.ui.manageyards.view.New","viewId":"application-manageyards-display-component---NewYard","bindingPath":{"path":"","propertyPath":"/DELIVERY_TYPE","modelName":"NewYardModel"},"interaction":{"idSuffix":"inner"}},"clearTextFirst":true,"interactionType":"ENTER_TEXT"}]}
RESULT: {"script":"<script> [776 bytes]","args":[{"enterText":"ZL01","selector":{"controlType":"sap.m.Input","viewName":"etm.portal.ui.manageyards.view.New","viewId":"application-manageyards-display-component---NewYard","bindingPath":{"path":"","propertyPath":"/DELIVERY_TYPE","modelName":"NewYardModel"},"interaction":{"idSuffix":"inner"}},"clearTextFirst":true,"interactionType":"ENTER_TEXT"}]}
COMMAND: POST /session/f418f7bc7d2ff1d2d712b3b5ad58086f/execute/async - {"script":"<script> [1562 bytes]","args":[{"selector":{"controlType":"sap.m.Input","viewName":"etm.portal.ui.manageyards.view.New","viewId":"application-manageyards-display-component---NewYard","bindingPath":{"path":"","propertyPath":"/AUART","modelName":"NewYardModel"},"interaction":{"idSuffix":"inner"}},"wdio_ui5_key":"etmportal.ui.manageyards.view.Newsap.m.Input{\"path\":\"\",\"propertyPath\":\"/AUART\",\"modelName\":\"NewYardModel\"}"}]}
RESULT: {"script":"<script> [1562 bytes]","args":[{"selector":{"controlType":"sap.m.Input","viewName":"etm.portal.ui.manageyards.view.New","viewId":"application-manageyards-display-component---NewYard","bindingPath":{"path":"","propertyPath":"/AUART","modelName":"NewYardModel"},"interaction":{"idSuffix":"inner"}},"wdio_ui5_key":"etmportal.ui.manageyards.view.Newsap.m.Input{\"path\":\"\",\"propertyPath\":\"/AUART\",\"modelName\":\"NewYardModel\"}"}]}
RESULT: undefined
COMMAND: POST /session/f418f7bc7d2ff1d2d712b3b5ad58086f/execute/async - {"script":"<script> [776 bytes]","args":[{"enterText":"TA","selector":{"controlType":"sap.m.Input","viewName":"etm.portal.ui.manageyards.view.New","viewId":"application-manageyards-display-component---NewYard","bindingPath":{"path":"","propertyPath":"/AUART","modelName":"NewYardModel"},"interaction":{"idSuffix":"inner"}},"clearTextFirst":true,"interactionType":"ENTER_TEXT"}]}
RESULT: {"script":"<script> [776 bytes]","args":[{"enterText":"TA","selector":{"controlType":"sap.m.Input","viewName":"etm.portal.ui.manageyards.view.New","viewId":"application-manageyards-display-component---NewYard","bindingPath":{"path":"","propertyPath":"/AUART","modelName":"NewYardModel"},"interaction":{"idSuffix":"inner"}},"clearTextFirst":true,"interactionType":"ENTER_TEXT"}]}
COMMAND: POST /session/f418f7bc7d2ff1d2d712b3b5ad58086f/element - {"using":"xpath","value":"//button[@data-kt=\"newYardSaveButton\"]"}
RESULT: {"using":"xpath","value":"//button[@data-kt=\"newYardSaveButton\"]"}
COMMAND: POST /session/f418f7bc7d2ff1d2d712b3b5ad58086f/element/f.72BD6EB346CCC82EDFB0602EE84AC45D.d.E63573C70E6C242A81D7EACC994CD337.e.718/click - {}
RESULT: {}
COMMAND: GET /session/f418f7bc7d2ff1d2d712b3b5ad58086f/screenshot - {}
RESULT: {}
COMMAND: POST /session/f418f7bc7d2ff1d2d712b3b5ad58086f/element - {"using":"xpath","value":"//header[contains(@id, 'ObjectPageLayout-headerTitle')]/div[1]/div[2]/div[1]/span[1]"}
RESULT: {"using":"xpath","value":"//header[contains(@id, 'ObjectPageLayout-headerTitle')]/div[1]/div[2]/div[1]/span[1]"}
COMMAND: POST /session/f418f7bc7d2ff1d2d712b3b5ad58086f/elements - {"using":"xpath","value":"//header[contains(@id, 'ObjectPageLayout-headerTitle')]/div[1]/div[2]/div[1]/span[1]"}
RESULT: {"using":"xpath","value":"//header[contains(@id, 'ObjectPageLayout-headerTitle')]/div[1]/div[2]/div[1]/span[1]"}
COMMAND: POST /session/f418f7bc7d2ff1d2d712b3b5ad58086f/execute/sync - {"script":"<script> [56 bytes]","args":[{"element-6066-11e4-a52e-4f735466cecf":"f.72BD6EB346CCC82EDFB0602EE84AC45D.d.E63573C70E6C242A81D7EACC994CD337.e.1015","ELEMENT":"f.72BD6EB346CCC82EDFB0602EE84AC45D.d.E63573C70E6C242A81D7EACC994CD337.e.1015"}]}
RESULT: {"script":"<script> [56 bytes]","args":[{"element-6066-11e4-a52e-4f735466cecf":"f.72BD6EB346CCC82EDFB0602EE84AC45D.d.E63573C70E6C242A81D7EACC994CD337.e.1015","ELEMENT":"f.72BD6EB346CCC82EDFB0602EE84AC45D.d.E63573C70E6C242A81D7EACC994CD337.e.1015"}]}
COMMAND: GET /session/f418f7bc7d2ff1d2d712b3b5ad58086f/screenshot - {}
RESULT: {}
COMMAND: POST /session/f418f7bc7d2ff1d2d712b3b5ad58086f/element - {"using":"css selector","value":"#shell-header-logo"}
RESULT: {"using":"css selector","value":"#shell-header-logo"}
COMMAND: POST /session/f418f7bc7d2ff1d2d712b3b5ad58086f/element/f.72BD6EB346CCC82EDFB0602EE84AC45D.d.E63573C70E6C242A81D7EACC994CD337.e.267/click - {}
RESULT: {}
COMMAND: GET /session/f418f7bc7d2ff1d2d712b3b5ad58086f/screenshot - {}
RESULT: {}
COMMAND: POST /session/f418f7bc7d2ff1d2d712b3b5ad58086f/execute/sync - {"script":"<script> [299 bytes]","args":[["getModel","getResource"]]}
RESULT: {"script":"<script> [299 bytes]","args":[["getModel","getResource"]]}
]]></system-out>
    </testcase>
    <testcase classname="chrome.135_0_7049_96.windows.Partner_specific_tests_US150819_US151080_US151654_US151176_US103444_US151078_US151079_US151109_US151174_US151175_US151189" name="Should create new external partner US150819" time="86.749">
      <system-out><![CDATA[
COMMAND: POST /session/f418f7bc7d2ff1d2d712b3b5ad58086f/element - {"using":"xpath","value":"//li[.//span[text()=\"Manage Partners\"]]"}
COMMAND: GET /session/f418f7bc7d2ff1d2d712b3b5ad58086f/screenshot - {}
RESULT: {"using":"xpath","value":"//li[.//span[text()=\"Manage Partners\"]]"}
COMMAND: POST /session/f418f7bc7d2ff1d2d712b3b5ad58086f/element - {"using":"xpath","value":"//li[.//span[text()=\"Manage Partners\"]]"}
RESULT: {}
RESULT: {"using":"xpath","value":"//li[.//span[text()=\"Manage Partners\"]]"}
COMMAND: POST /session/f418f7bc7d2ff1d2d712b3b5ad58086f/element - {"using":"css selector","value":"#shell-header-logo"}
RESULT: {"using":"css selector","value":"#shell-header-logo"}
COMMAND: POST /session/f418f7bc7d2ff1d2d712b3b5ad58086f/element/f.72BD6EB346CCC82EDFB0602EE84AC45D.d.E63573C70E6C242A81D7EACC994CD337.e.1018/click - {}
COMMAND: POST /session/f418f7bc7d2ff1d2d712b3b5ad58086f/execute/sync - {"script":"<script> [8489 bytes]","args":[{"element-6066-11e4-a52e-4f735466cecf":"f.72BD6EB346CCC82EDFB0602EE84AC45D.d.E63573C70E6C242A81D7EACC994CD337.e.1018","ELEMENT":"f.72BD6EB346CCC82EDFB0602EE84AC45D.d.E63573C70E6C242A81D7EACC994CD337.e.1018"}]}
RESULT: {}
COMMAND: GET /session/f418f7bc7d2ff1d2d712b3b5ad58086f/screenshot - {}
RESULT: {"script":"<script> [8489 bytes]","args":[{"element-6066-11e4-a52e-4f735466cecf":"f.72BD6EB346CCC82EDFB0602EE84AC45D.d.E63573C70E6C242A81D7EACC994CD337.e.1018","ELEMENT":"f.72BD6EB346CCC82EDFB0602EE84AC45D.d.E63573C70E6C242A81D7EACC994CD337.e.1018"}]}
COMMAND: POST /session/f418f7bc7d2ff1d2d712b3b5ad58086f/execute/sync - {"script":"<script> [5351 bytes]","args":[{"element-6066-11e4-a52e-4f735466cecf":"f.72BD6EB346CCC82EDFB0602EE84AC45D.d.E63573C70E6C242A81D7EACC994CD337.e.1018","ELEMENT":"f.72BD6EB346CCC82EDFB0602EE84AC45D.d.E63573C70E6C242A81D7EACC994CD337.e.1018"}]}
COMMAND: GET /session/f418f7bc7d2ff1d2d712b3b5ad58086f/screenshot - {}
RESULT: {}
RESULT: {"script":"<script> [5351 bytes]","args":[{"element-6066-11e4-a52e-4f735466cecf":"f.72BD6EB346CCC82EDFB0602EE84AC45D.d.E63573C70E6C242A81D7EACC994CD337.e.1018","ELEMENT":"f.72BD6EB346CCC82EDFB0602EE84AC45D.d.E63573C70E6C242A81D7EACC994CD337.e.1018"}]}
COMMAND: GET /session/f418f7bc7d2ff1d2d712b3b5ad58086f/screenshot - {}
RESULT: {}
RESULT: {}
COMMAND: POST /session/f418f7bc7d2ff1d2d712b3b5ad58086f/window/fullscreen - {}
RESULT: {}
COMMAND: POST /session/f418f7bc7d2ff1d2d712b3b5ad58086f/execute/async - {"script":"<script> [1562 bytes]","args":[{"selector":{"controlType":"sap.m.GenericTile","properties":{"header":"Manage Partners"}},"wdio_ui5_key":"sapm.GenericTile{\"header\":\"Manage Partners\"}"}]}
RESULT: {"script":"<script> [1562 bytes]","args":[{"selector":{"controlType":"sap.m.GenericTile","properties":{"header":"Manage Partners"}},"wdio_ui5_key":"sapm.GenericTile{\"header\":\"Manage Partners\"}"}]}
RESULT: undefined
COMMAND: POST /session/f418f7bc7d2ff1d2d712b3b5ad58086f/element - {"using":"xpath","value":"//*[@id=\"__tile38\"]"}
RESULT: {"using":"xpath","value":"//*[@id=\"__tile38\"]"}
COMMAND: POST /session/f418f7bc7d2ff1d2d712b3b5ad58086f/element/f.72BD6EB346CCC82EDFB0602EE84AC45D.d.E63573C70E6C242A81D7EACC994CD337.e.155/click - {}
RESULT: {}
COMMAND: POST /session/f418f7bc7d2ff1d2d712b3b5ad58086f/element - {"using":"xpath","value":"//button[@data-kt=\"addButton\"]"}
COMMAND: GET /session/f418f7bc7d2ff1d2d712b3b5ad58086f/screenshot - {}
RESULT: {"using":"xpath","value":"//button[@data-kt=\"addButton\"]"}
COMMAND: POST /session/f418f7bc7d2ff1d2d712b3b5ad58086f/elements - {"using":"xpath","value":"//button[@data-kt=\"addButton\"]"}
RESULT: {}
RESULT: {"using":"xpath","value":"//button[@data-kt=\"addButton\"]"}
COMMAND: POST /session/f418f7bc7d2ff1d2d712b3b5ad58086f/elements - {"using":"xpath","value":"//button[@data-kt=\"addButton\"]"}
RESULT: {"using":"xpath","value":"//button[@data-kt=\"addButton\"]"}
COMMAND: POST /session/f418f7bc7d2ff1d2d712b3b5ad58086f/elements - {"using":"xpath","value":"//button[@data-kt=\"addButton\"]"}
RESULT: {"using":"xpath","value":"//button[@data-kt=\"addButton\"]"}
COMMAND: POST /session/f418f7bc7d2ff1d2d712b3b5ad58086f/elements - {"using":"xpath","value":"//button[@data-kt=\"addButton\"]"}
RESULT: {"using":"xpath","value":"//button[@data-kt=\"addButton\"]"}
COMMAND: POST /session/f418f7bc7d2ff1d2d712b3b5ad58086f/elements - {"using":"xpath","value":"//button[@data-kt=\"addButton\"]"}
RESULT: {"using":"xpath","value":"//button[@data-kt=\"addButton\"]"}
COMMAND: POST /session/f418f7bc7d2ff1d2d712b3b5ad58086f/elements - {"using":"xpath","value":"//button[@data-kt=\"addButton\"]"}
RESULT: {"using":"xpath","value":"//button[@data-kt=\"addButton\"]"}
COMMAND: POST /session/f418f7bc7d2ff1d2d712b3b5ad58086f/elements - {"using":"xpath","value":"//button[@data-kt=\"addButton\"]"}
RESULT: {"using":"xpath","value":"//button[@data-kt=\"addButton\"]"}
COMMAND: POST /session/f418f7bc7d2ff1d2d712b3b5ad58086f/elements - {"using":"xpath","value":"//button[@data-kt=\"addButton\"]"}
RESULT: {"using":"xpath","value":"//button[@data-kt=\"addButton\"]"}
COMMAND: POST /session/f418f7bc7d2ff1d2d712b3b5ad58086f/elements - {"using":"xpath","value":"//button[@data-kt=\"addButton\"]"}
RESULT: {"using":"xpath","value":"//button[@data-kt=\"addButton\"]"}
COMMAND: POST /session/f418f7bc7d2ff1d2d712b3b5ad58086f/elements - {"using":"xpath","value":"//button[@data-kt=\"addButton\"]"}
RESULT: {"using":"xpath","value":"//button[@data-kt=\"addButton\"]"}
COMMAND: POST /session/f418f7bc7d2ff1d2d712b3b5ad58086f/elements - {"using":"xpath","value":"//button[@data-kt=\"addButton\"]"}
RESULT: {"using":"xpath","value":"//button[@data-kt=\"addButton\"]"}
COMMAND: POST /session/f418f7bc7d2ff1d2d712b3b5ad58086f/elements - {"using":"xpath","value":"//button[@data-kt=\"addButton\"]"}
RESULT: {"using":"xpath","value":"//button[@data-kt=\"addButton\"]"}
COMMAND: POST /session/f418f7bc7d2ff1d2d712b3b5ad58086f/elements - {"using":"xpath","value":"//button[@data-kt=\"addButton\"]"}
RESULT: {"using":"xpath","value":"//button[@data-kt=\"addButton\"]"}
COMMAND: POST /session/f418f7bc7d2ff1d2d712b3b5ad58086f/elements - {"using":"xpath","value":"//button[@data-kt=\"addButton\"]"}
RESULT: {"using":"xpath","value":"//button[@data-kt=\"addButton\"]"}
COMMAND: POST /session/f418f7bc7d2ff1d2d712b3b5ad58086f/elements - {"using":"xpath","value":"//button[@data-kt=\"addButton\"]"}
RESULT: {"using":"xpath","value":"//button[@data-kt=\"addButton\"]"}
COMMAND: POST /session/f418f7bc7d2ff1d2d712b3b5ad58086f/elements - {"using":"xpath","value":"//button[@data-kt=\"addButton\"]"}
RESULT: {"using":"xpath","value":"//button[@data-kt=\"addButton\"]"}
COMMAND: POST /session/f418f7bc7d2ff1d2d712b3b5ad58086f/elements - {"using":"xpath","value":"//button[@data-kt=\"addButton\"]"}
RESULT: {"using":"xpath","value":"//button[@data-kt=\"addButton\"]"}
COMMAND: POST /session/f418f7bc7d2ff1d2d712b3b5ad58086f/elements - {"using":"xpath","value":"//button[@data-kt=\"addButton\"]"}
RESULT: {"using":"xpath","value":"//button[@data-kt=\"addButton\"]"}
COMMAND: POST /session/f418f7bc7d2ff1d2d712b3b5ad58086f/elements - {"using":"xpath","value":"//button[@data-kt=\"addButton\"]"}
RESULT: {"using":"xpath","value":"//button[@data-kt=\"addButton\"]"}
COMMAND: POST /session/f418f7bc7d2ff1d2d712b3b5ad58086f/elements - {"using":"xpath","value":"//button[@data-kt=\"addButton\"]"}
RESULT: {"using":"xpath","value":"//button[@data-kt=\"addButton\"]"}
COMMAND: POST /session/f418f7bc7d2ff1d2d712b3b5ad58086f/element - {"using":"xpath","value":"//button[@data-kt=\"addButton\"]"}
RESULT: {"using":"xpath","value":"//button[@data-kt=\"addButton\"]"}
COMMAND: POST /session/f418f7bc7d2ff1d2d712b3b5ad58086f/execute/sync - {"script":"<script> [8489 bytes]","args":[{"element-6066-11e4-a52e-4f735466cecf":"f.72BD6EB346CCC82EDFB0602EE84AC45D.d.E63573C70E6C242A81D7EACC994CD337.e.1053","ELEMENT":"f.72BD6EB346CCC82EDFB0602EE84AC45D.d.E63573C70E6C242A81D7EACC994CD337.e.1053"}]}
RESULT: {"script":"<script> [8489 bytes]","args":[{"element-6066-11e4-a52e-4f735466cecf":"f.72BD6EB346CCC82EDFB0602EE84AC45D.d.E63573C70E6C242A81D7EACC994CD337.e.1053","ELEMENT":"f.72BD6EB346CCC82EDFB0602EE84AC45D.d.E63573C70E6C242A81D7EACC994CD337.e.1053"}]}
COMMAND: GET /session/f418f7bc7d2ff1d2d712b3b5ad58086f/element/f.72BD6EB346CCC82EDFB0602EE84AC45D.d.E63573C70E6C242A81D7EACC994CD337.e.1053/enabled - {}
COMMAND: GET /session/f418f7bc7d2ff1d2d712b3b5ad58086f/screenshot - {}
RESULT: {}
COMMAND: POST /session/f418f7bc7d2ff1d2d712b3b5ad58086f/execute/sync - {"script":"<script> [8489 bytes]","args":[{"element-6066-11e4-a52e-4f735466cecf":"f.72BD6EB346CCC82EDFB0602EE84AC45D.d.E63573C70E6C242A81D7EACC994CD337.e.1053","ELEMENT":"f.72BD6EB346CCC82EDFB0602EE84AC45D.d.E63573C70E6C242A81D7EACC994CD337.e.1053"}]}
COMMAND: GET /session/f418f7bc7d2ff1d2d712b3b5ad58086f/screenshot - {}
RESULT: {}
RESULT: {"script":"<script> [8489 bytes]","args":[{"element-6066-11e4-a52e-4f735466cecf":"f.72BD6EB346CCC82EDFB0602EE84AC45D.d.E63573C70E6C242A81D7EACC994CD337.e.1053","ELEMENT":"f.72BD6EB346CCC82EDFB0602EE84AC45D.d.E63573C70E6C242A81D7EACC994CD337.e.1053"}]}
COMMAND: POST /session/f418f7bc7d2ff1d2d712b3b5ad58086f/execute/sync - {"script":"<script> [5351 bytes]","args":[{"element-6066-11e4-a52e-4f735466cecf":"f.72BD6EB346CCC82EDFB0602EE84AC45D.d.E63573C70E6C242A81D7EACC994CD337.e.1053","ELEMENT":"f.72BD6EB346CCC82EDFB0602EE84AC45D.d.E63573C70E6C242A81D7EACC994CD337.e.1053"}]}
COMMAND: GET /session/f418f7bc7d2ff1d2d712b3b5ad58086f/screenshot - {}
RESULT: {}
RESULT: {"script":"<script> [5351 bytes]","args":[{"element-6066-11e4-a52e-4f735466cecf":"f.72BD6EB346CCC82EDFB0602EE84AC45D.d.E63573C70E6C242A81D7EACC994CD337.e.1053","ELEMENT":"f.72BD6EB346CCC82EDFB0602EE84AC45D.d.E63573C70E6C242A81D7EACC994CD337.e.1053"}]}
COMMAND: POST /session/f418f7bc7d2ff1d2d712b3b5ad58086f/element/f.72BD6EB346CCC82EDFB0602EE84AC45D.d.E63573C70E6C242A81D7EACC994CD337.e.1053/click - {}
COMMAND: GET /session/f418f7bc7d2ff1d2d712b3b5ad58086f/screenshot - {}
RESULT: {}
RESULT: {}
COMMAND: GET /session/f418f7bc7d2ff1d2d712b3b5ad58086f/screenshot - {}
RESULT: {}
COMMAND: POST /session/f418f7bc7d2ff1d2d712b3b5ad58086f/execute/async - {"script":"<script> [1562 bytes]","args":[{"selector":{"id":"application-managepartners-display-component---NewPartner--addressDetailDetailsName1","interaction":{"idSuffix":"inner"}},"wdio_ui5_key":"applicationmanagepartners-display-component---NewPartner--addressDetailDetailsName1"}]}
RESULT: {}
RESULT: {"script":"<script> [1562 bytes]","args":[{"selector":{"id":"application-managepartners-display-component---NewPartner--addressDetailDetailsName1","interaction":{"idSuffix":"inner"}},"wdio_ui5_key":"applicationmanagepartners-display-component---NewPartner--addressDetailDetailsName1"}]}
RESULT: undefined
COMMAND: POST /session/f418f7bc7d2ff1d2d712b3b5ad58086f/execute/async - {"script":"<script> [776 bytes]","args":[{"enterText":"External Partner WDIO","selector":{"id":"application-managepartners-display-component---NewPartner--addressDetailDetailsName1","interaction":{"idSuffix":"inner"}},"clearTextFirst":true,"interactionType":"ENTER_TEXT"}]}
RESULT: {"script":"<script> [776 bytes]","args":[{"enterText":"External Partner WDIO","selector":{"id":"application-managepartners-display-component---NewPartner--addressDetailDetailsName1","interaction":{"idSuffix":"inner"}},"clearTextFirst":true,"interactionType":"ENTER_TEXT"}]}
COMMAND: POST /session/f418f7bc7d2ff1d2d712b3b5ad58086f/execute/async - {"script":"<script> [1562 bytes]","args":[{"selector":{"id":"application-managepartners-display-component---NewPartner--addressDetailDetailsLanguage-arrow"},"wdio_ui5_key":"applicationmanagepartners-display-component---NewPartner--addressDetailDetailsLanguage-arrow"}]}
RESULT: {"script":"<script> [1562 bytes]","args":[{"selector":{"id":"application-managepartners-display-component---NewPartner--addressDetailDetailsLanguage-arrow"},"wdio_ui5_key":"applicationmanagepartners-display-component---NewPartner--addressDetailDetailsLanguage-arrow"}]}
RESULT: undefined
COMMAND: POST /session/f418f7bc7d2ff1d2d712b3b5ad58086f/element - {"using":"xpath","value":"//*[@id=\"application-managepartners-display-component---NewPartner--addressDetailDetailsLanguage-arrow\"]"}
RESULT: {"using":"xpath","value":"//*[@id=\"application-managepartners-display-component---NewPartner--addressDetailDetailsLanguage-arrow\"]"}
COMMAND: POST /session/f418f7bc7d2ff1d2d712b3b5ad58086f/element/f.72BD6EB346CCC82EDFB0602EE84AC45D.d.E63573C70E6C242A81D7EACC994CD337.e.1486/click - {}
RESULT: {}
COMMAND: POST /session/f418f7bc7d2ff1d2d712b3b5ad58086f/element - {"using":"xpath","value":"//span[contains(text(), \"English\")]"}
COMMAND: GET /session/f418f7bc7d2ff1d2d712b3b5ad58086f/screenshot - {}
RESULT: {"using":"xpath","value":"//span[contains(text(), \"English\")]"}
COMMAND: POST /session/f418f7bc7d2ff1d2d712b3b5ad58086f/element/f.72BD6EB346CCC82EDFB0602EE84AC45D.d.E63573C70E6C242A81D7EACC994CD337.e.1487/click - {}
RESULT: {}
RESULT: {}
COMMAND: GET /session/f418f7bc7d2ff1d2d712b3b5ad58086f/screenshot - {}
RESULT: {}
COMMAND: POST /session/f418f7bc7d2ff1d2d712b3b5ad58086f/execute/async - {"script":"<script> [1562 bytes]","args":[{"selector":{"id":"application-managepartners-display-component---NewPartner--addressDetailDetailsCity1","interaction":{"idSuffix":"inner"}},"wdio_ui5_key":"applicationmanagepartners-display-component---NewPartner--addressDetailDetailsCity1"}]}
RESULT: {"script":"<script> [1562 bytes]","args":[{"selector":{"id":"application-managepartners-display-component---NewPartner--addressDetailDetailsCity1","interaction":{"idSuffix":"inner"}},"wdio_ui5_key":"applicationmanagepartners-display-component---NewPartner--addressDetailDetailsCity1"}]}
RESULT: undefined
COMMAND: POST /session/f418f7bc7d2ff1d2d712b3b5ad58086f/execute/async - {"script":"<script> [776 bytes]","args":[{"enterText":"Rosario","selector":{"id":"application-managepartners-display-component---NewPartner--addressDetailDetailsCity1","interaction":{"idSuffix":"inner"}},"clearTextFirst":true,"interactionType":"ENTER_TEXT"}]}
RESULT: {"script":"<script> [776 bytes]","args":[{"enterText":"Rosario","selector":{"id":"application-managepartners-display-component---NewPartner--addressDetailDetailsCity1","interaction":{"idSuffix":"inner"}},"clearTextFirst":true,"interactionType":"ENTER_TEXT"}]}
COMMAND: POST /session/f418f7bc7d2ff1d2d712b3b5ad58086f/execute/async - {"script":"<script> [1562 bytes]","args":[{"selector":{"id":"application-managepartners-display-component---NewPartner--addressDetailDetailsCountry-arrow"},"wdio_ui5_key":"applicationmanagepartners-display-component---NewPartner--addressDetailDetailsCountry-arrow"}]}
RESULT: {"script":"<script> [1562 bytes]","args":[{"selector":{"id":"application-managepartners-display-component---NewPartner--addressDetailDetailsCountry-arrow"},"wdio_ui5_key":"applicationmanagepartners-display-component---NewPartner--addressDetailDetailsCountry-arrow"}]}
RESULT: undefined
COMMAND: POST /session/f418f7bc7d2ff1d2d712b3b5ad58086f/element - {"using":"xpath","value":"//*[@id=\"application-managepartners-display-component---NewPartner--addressDetailDetailsCountry-arrow\"]"}
RESULT: {"using":"xpath","value":"//*[@id=\"application-managepartners-display-component---NewPartner--addressDetailDetailsCountry-arrow\"]"}
COMMAND: POST /session/f418f7bc7d2ff1d2d712b3b5ad58086f/element/f.72BD6EB346CCC82EDFB0602EE84AC45D.d.E63573C70E6C242A81D7EACC994CD337.e.1468/click - {}
RESULT: {}
COMMAND: POST /session/f418f7bc7d2ff1d2d712b3b5ad58086f/element - {"using":"xpath","value":"//span[contains(text(), \"Argentina\")]"}
COMMAND: GET /session/f418f7bc7d2ff1d2d712b3b5ad58086f/screenshot - {}
RESULT: {"using":"xpath","value":"//span[contains(text(), \"Argentina\")]"}
COMMAND: POST /session/f418f7bc7d2ff1d2d712b3b5ad58086f/element/f.72BD6EB346CCC82EDFB0602EE84AC45D.d.E63573C70E6C242A81D7EACC994CD337.e.1489/click - {}
RESULT: {}
RESULT: {}
COMMAND: GET /session/f418f7bc7d2ff1d2d712b3b5ad58086f/screenshot - {}
RESULT: {}
COMMAND: POST /session/f418f7bc7d2ff1d2d712b3b5ad58086f/element - {"using":"xpath","value":"//bdi[contains(text(), \"Commercial\")]"}
RESULT: {"using":"xpath","value":"//bdi[contains(text(), \"Commercial\")]"}
COMMAND: POST /session/f418f7bc7d2ff1d2d712b3b5ad58086f/element/f.72BD6EB346CCC82EDFB0602EE84AC45D.d.E63573C70E6C242A81D7EACC994CD337.e.1490/click - {}
RESULT: {}
COMMAND: GET /session/f418f7bc7d2ff1d2d712b3b5ad58086f/screenshot - {}
RESULT: {}
COMMAND: POST /session/f418f7bc7d2ff1d2d712b3b5ad58086f/execute/async - {"script":"<script> [1562 bytes]","args":[{"selector":{"id":"application-managepartners-display-component---NewPartner--partnerDetailInternal-arrow"},"wdio_ui5_key":"applicationmanagepartners-display-component---NewPartner--partnerDetailInternal-arrow"}]}
RESULT: {"script":"<script> [1562 bytes]","args":[{"selector":{"id":"application-managepartners-display-component---NewPartner--partnerDetailInternal-arrow"},"wdio_ui5_key":"applicationmanagepartners-display-component---NewPartner--partnerDetailInternal-arrow"}]}
RESULT: undefined
COMMAND: POST /session/f418f7bc7d2ff1d2d712b3b5ad58086f/element - {"using":"xpath","value":"//*[@id=\"application-managepartners-display-component---NewPartner--partnerDetailInternal-arrow\"]"}
RESULT: {"using":"xpath","value":"//*[@id=\"application-managepartners-display-component---NewPartner--partnerDetailInternal-arrow\"]"}
COMMAND: POST /session/f418f7bc7d2ff1d2d712b3b5ad58086f/element/f.72BD6EB346CCC82EDFB0602EE84AC45D.d.E63573C70E6C242A81D7EACC994CD337.e.1496/click - {}
RESULT: {}
COMMAND: POST /session/f418f7bc7d2ff1d2d712b3b5ad58086f/element - {"using":"xpath","value":"//span[contains(text(), \"External partner\")]"}
COMMAND: GET /session/f418f7bc7d2ff1d2d712b3b5ad58086f/screenshot - {}
RESULT: {"using":"xpath","value":"//span[contains(text(), \"External partner\")]"}
COMMAND: POST /session/f418f7bc7d2ff1d2d712b3b5ad58086f/element/f.72BD6EB346CCC82EDFB0602EE84AC45D.d.E63573C70E6C242A81D7EACC994CD337.e.1499/click - {}
RESULT: {}
RESULT: {}
COMMAND: POST /session/f418f7bc7d2ff1d2d712b3b5ad58086f/execute/async - {"script":"<script> [1562 bytes]","args":[{"selector":{"id":"application-managepartners-display-component---NewPartner--partnerDetailsCurrency-arrow"},"wdio_ui5_key":"applicationmanagepartners-display-component---NewPartner--partnerDetailsCurrency-arrow"}]}
COMMAND: GET /session/f418f7bc7d2ff1d2d712b3b5ad58086f/screenshot - {}
RESULT: {"script":"<script> [1562 bytes]","args":[{"selector":{"id":"application-managepartners-display-component---NewPartner--partnerDetailsCurrency-arrow"},"wdio_ui5_key":"applicationmanagepartners-display-component---NewPartner--partnerDetailsCurrency-arrow"}]}
RESULT: undefined
COMMAND: POST /session/f418f7bc7d2ff1d2d712b3b5ad58086f/element - {"using":"xpath","value":"//*[@id=\"application-managepartners-display-component---NewPartner--partnerDetailsCurrency-arrow\"]"}
RESULT: {}
RESULT: {"using":"xpath","value":"//*[@id=\"application-managepartners-display-component---NewPartner--partnerDetailsCurrency-arrow\"]"}
COMMAND: POST /session/f418f7bc7d2ff1d2d712b3b5ad58086f/element/f.72BD6EB346CCC82EDFB0602EE84AC45D.d.E63573C70E6C242A81D7EACC994CD337.e.1504/click - {}
RESULT: {}
COMMAND: POST /session/f418f7bc7d2ff1d2d712b3b5ad58086f/element - {"using":"xpath","value":"//span[contains(text(), \"US Dollar\")]"}
COMMAND: GET /session/f418f7bc7d2ff1d2d712b3b5ad58086f/screenshot - {}
RESULT: {"using":"xpath","value":"//span[contains(text(), \"US Dollar\")]"}
COMMAND: POST /session/f418f7bc7d2ff1d2d712b3b5ad58086f/element/f.72BD6EB346CCC82EDFB0602EE84AC45D.d.E63573C70E6C242A81D7EACC994CD337.e.1505/click - {}
RESULT: {}
RESULT: {}
COMMAND: GET /session/f418f7bc7d2ff1d2d712b3b5ad58086f/screenshot - {}
RESULT: {}
COMMAND: POST /session/f418f7bc7d2ff1d2d712b3b5ad58086f/element - {"using":"xpath","value":"//input[@id=\"application-managepartners-display-component---NewPartner--companyCodeComboBox-inner\"]"}
RESULT: {"using":"xpath","value":"//input[@id=\"application-managepartners-display-component---NewPartner--companyCodeComboBox-inner\"]"}
COMMAND: POST /session/f418f7bc7d2ff1d2d712b3b5ad58086f/element/f.72BD6EB346CCC82EDFB0602EE84AC45D.d.E63573C70E6C242A81D7EACC994CD337.e.1347/clear - {}
RESULT: {}
COMMAND: POST /session/f418f7bc7d2ff1d2d712b3b5ad58086f/element/f.72BD6EB346CCC82EDFB0602EE84AC45D.d.E63573C70E6C242A81D7EACC994CD337.e.1347/value - {"text":"C002"}
COMMAND: GET /session/f418f7bc7d2ff1d2d712b3b5ad58086f/screenshot - {}
RESULT: {"text":"C002"}
COMMAND: GET /session/f418f7bc7d2ff1d2d712b3b5ad58086f/screenshot - {}
RESULT: {}
RESULT: {}
COMMAND: POST /session/f418f7bc7d2ff1d2d712b3b5ad58086f/element - {"using":"xpath","value":"//span[contains(text(), \"C002\")]"}
RESULT: {"using":"xpath","value":"//span[contains(text(), \"C002\")]"}
COMMAND: POST /session/f418f7bc7d2ff1d2d712b3b5ad58086f/element/f.72BD6EB346CCC82EDFB0602EE84AC45D.d.E63573C70E6C242A81D7EACC994CD337.e.1509/click - {}
RESULT: {}
COMMAND: GET /session/f418f7bc7d2ff1d2d712b3b5ad58086f/screenshot - {}
RESULT: {}
COMMAND: POST /session/f418f7bc7d2ff1d2d712b3b5ad58086f/execute/async - {"script":"<script> [1562 bytes]","args":[{"selector":{"id":"application-managepartners-display-component---NewPartner--btnAddTableRow-img"},"wdio_ui5_key":"applicationmanagepartners-display-component---NewPartner--btnAddTableRow-img"}]}
RESULT: {"script":"<script> [1562 bytes]","args":[{"selector":{"id":"application-managepartners-display-component---NewPartner--btnAddTableRow-img"},"wdio_ui5_key":"applicationmanagepartners-display-component---NewPartner--btnAddTableRow-img"}]}
RESULT: undefined
COMMAND: POST /session/f418f7bc7d2ff1d2d712b3b5ad58086f/element - {"using":"xpath","value":"//*[@id=\"application-managepartners-display-component---NewPartner--btnAddTableRow-img\"]"}
RESULT: {"using":"xpath","value":"//*[@id=\"application-managepartners-display-component---NewPartner--btnAddTableRow-img\"]"}
COMMAND: POST /session/f418f7bc7d2ff1d2d712b3b5ad58086f/element/f.72BD6EB346CCC82EDFB0602EE84AC45D.d.E63573C70E6C242A81D7EACC994CD337.e.1510/click - {}
RESULT: {}
COMMAND: GET /session/f418f7bc7d2ff1d2d712b3b5ad58086f/screenshot - {}
COMMAND: POST /session/f418f7bc7d2ff1d2d712b3b5ad58086f/element - {"using":"xpath","value":"//input[@id=\"application-managepartners-display-component---NewPartner--assignmentYard-application-managepartners-display-component---NewPartner--assignmentsTable-0-inner\"]"}
RESULT: {}
RESULT: {"using":"xpath","value":"//input[@id=\"application-managepartners-display-component---NewPartner--assignmentYard-application-managepartners-display-component---NewPartner--assignmentsTable-0-inner\"]"}
COMMAND: POST /session/f418f7bc7d2ff1d2d712b3b5ad58086f/element/f.72BD6EB346CCC82EDFB0602EE84AC45D.d.E63573C70E6C242A81D7EACC994CD337.e.1513/clear - {}
RESULT: {}
COMMAND: POST /session/f418f7bc7d2ff1d2d712b3b5ad58086f/element/f.72BD6EB346CCC82EDFB0602EE84AC45D.d.E63573C70E6C242A81D7EACC994CD337.e.1513/value - {"text":"239"}
COMMAND: GET /session/f418f7bc7d2ff1d2d712b3b5ad58086f/screenshot - {}
RESULT: {"text":"239"}
COMMAND: GET /session/f418f7bc7d2ff1d2d712b3b5ad58086f/screenshot - {}
RESULT: {}
RESULT: {}
COMMAND: POST /session/f418f7bc7d2ff1d2d712b3b5ad58086f/element - {"using":"xpath","value":"//li[.//span[text()='239']]"}
RESULT: {"using":"xpath","value":"//li[.//span[text()='239']]"}
COMMAND: POST /session/f418f7bc7d2ff1d2d712b3b5ad58086f/element/f.72BD6EB346CCC82EDFB0602EE84AC45D.d.E63573C70E6C242A81D7EACC994CD337.e.1521/click - {}
RESULT: {}
COMMAND: GET /session/f418f7bc7d2ff1d2d712b3b5ad58086f/screenshot - {}
RESULT: {}
COMMAND: POST /session/f418f7bc7d2ff1d2d712b3b5ad58086f/actions - {"actions":[{"id":"action2","type":"key","parameters":{},"actions":[{"type":"keyDown","value":"î€‡"},{"type":"pause","duration":10},{"type":"keyUp","value":"î€‡"}]}]}
RESULT: {"actions":[{"id":"action2","type":"key","parameters":{},"actions":[{"type":"keyDown","value":"î€‡"},{"type":"pause","duration":10},{"type":"keyUp","value":"î€‡"}]}]}
COMMAND: POST /session/f418f7bc7d2ff1d2d712b3b5ad58086f/element - {"using":"xpath","value":"//td[contains(@id, \"assignmentsTable-0-cell2\")]/div/div"}
COMMAND: GET /session/f418f7bc7d2ff1d2d712b3b5ad58086f/screenshot - {}
RESULT: {}
RESULT: {"using":"xpath","value":"//td[contains(@id, \"assignmentsTable-0-cell2\")]/div/div"}
COMMAND: POST /session/f418f7bc7d2ff1d2d712b3b5ad58086f/element/f.72BD6EB346CCC82EDFB0602EE84AC45D.d.E63573C70E6C242A81D7EACC994CD337.e.1524/click - {}
RESULT: {}
COMMAND: GET /session/f418f7bc7d2ff1d2d712b3b5ad58086f/screenshot - {}
RESULT: {}
COMMAND: POST /session/f418f7bc7d2ff1d2d712b3b5ad58086f/element - {"using":"xpath","value":"//button[@data-kt=\"saveButton\"]"}
RESULT: {"using":"xpath","value":"//button[@data-kt=\"saveButton\"]"}
COMMAND: POST /session/f418f7bc7d2ff1d2d712b3b5ad58086f/element/f.72BD6EB346CCC82EDFB0602EE84AC45D.d.E63573C70E6C242A81D7EACC994CD337.e.1470/click - {}
RESULT: {}
COMMAND: GET /session/f418f7bc7d2ff1d2d712b3b5ad58086f/screenshot - {}
RESULT: {}
COMMAND: POST /session/f418f7bc7d2ff1d2d712b3b5ad58086f/element - {"using":"xpath","value":"//header[contains(@id, 'ObjectPageLayout-headerTitle')]/div[1]/div[2]/div[2]/span[1]"}
RESULT: {"using":"xpath","value":"//header[contains(@id, 'ObjectPageLayout-headerTitle')]/div[1]/div[2]/div[2]/span[1]"}
COMMAND: POST /session/f418f7bc7d2ff1d2d712b3b5ad58086f/elements - {"using":"xpath","value":"//header[contains(@id, 'ObjectPageLayout-headerTitle')]/div[1]/div[2]/div[2]/span[1]"}
RESULT: {"using":"xpath","value":"//header[contains(@id, 'ObjectPageLayout-headerTitle')]/div[1]/div[2]/div[2]/span[1]"}
COMMAND: POST /session/f418f7bc7d2ff1d2d712b3b5ad58086f/execute/sync - {"script":"<script> [56 bytes]","args":[{"element-6066-11e4-a52e-4f735466cecf":"f.72BD6EB346CCC82EDFB0602EE84AC45D.d.E63573C70E6C242A81D7EACC994CD337.e.1676","ELEMENT":"f.72BD6EB346CCC82EDFB0602EE84AC45D.d.E63573C70E6C242A81D7EACC994CD337.e.1676"}]}
RESULT: {"script":"<script> [56 bytes]","args":[{"element-6066-11e4-a52e-4f735466cecf":"f.72BD6EB346CCC82EDFB0602EE84AC45D.d.E63573C70E6C242A81D7EACC994CD337.e.1676","ELEMENT":"f.72BD6EB346CCC82EDFB0602EE84AC45D.d.E63573C70E6C242A81D7EACC994CD337.e.1676"}]}
COMMAND: POST /session/f418f7bc7d2ff1d2d712b3b5ad58086f/element - {"using":"css selector","value":"#shell-header-logo"}
COMMAND: GET /session/f418f7bc7d2ff1d2d712b3b5ad58086f/screenshot - {}
RESULT: {"using":"css selector","value":"#shell-header-logo"}
COMMAND: POST /session/f418f7bc7d2ff1d2d712b3b5ad58086f/element/f.72BD6EB346CCC82EDFB0602EE84AC45D.d.E63573C70E6C242A81D7EACC994CD337.e.1018/click - {}
RESULT: {}
RESULT: {}
COMMAND: GET /session/f418f7bc7d2ff1d2d712b3b5ad58086f/screenshot - {}
RESULT: {}
COMMAND: POST /session/f418f7bc7d2ff1d2d712b3b5ad58086f/execute/sync - {"script":"<script> [299 bytes]","args":[["getModel","getResource"]]}
RESULT: {"script":"<script> [299 bytes]","args":[["getModel","getResource"]]}
COMMAND: GET /session/f418f7bc7d2ff1d2d712b3b5ad58086f/screenshot - {}
]]></system-out>
    </testcase>
    <testcase classname="chrome.135_0_7049_96.windows.Partner_specific_tests_US150819_US151080_US151654_US151176_US103444_US151078_US151079_US151109_US151174_US151175_US151189" name="Should filter and search partners US151080" time="89.761">
      <system-out><![CDATA[
COMMAND: POST /session/f418f7bc7d2ff1d2d712b3b5ad58086f/element - {"using":"xpath","value":"//li[.//span[text()=\"Manage Partners\"]]"}
RESULT: {}
RESULT: {"using":"xpath","value":"//li[.//span[text()=\"Manage Partners\"]]"}
COMMAND: POST /session/f418f7bc7d2ff1d2d712b3b5ad58086f/element - {"using":"xpath","value":"//li[.//span[text()=\"Manage Partners\"]]"}
RESULT: {"using":"xpath","value":"//li[.//span[text()=\"Manage Partners\"]]"}
COMMAND: POST /session/f418f7bc7d2ff1d2d712b3b5ad58086f/element - {"using":"css selector","value":"#shell-header-logo"}
RESULT: {"using":"css selector","value":"#shell-header-logo"}
COMMAND: POST /session/f418f7bc7d2ff1d2d712b3b5ad58086f/element/f.72BD6EB346CCC82EDFB0602EE84AC45D.d.E63573C70E6C242A81D7EACC994CD337.e.1678/click - {}
COMMAND: POST /session/f418f7bc7d2ff1d2d712b3b5ad58086f/execute/sync - {"script":"<script> [8489 bytes]","args":[{"element-6066-11e4-a52e-4f735466cecf":"f.72BD6EB346CCC82EDFB0602EE84AC45D.d.E63573C70E6C242A81D7EACC994CD337.e.1678","ELEMENT":"f.72BD6EB346CCC82EDFB0602EE84AC45D.d.E63573C70E6C242A81D7EACC994CD337.e.1678"}]}
RESULT: {"script":"<script> [8489 bytes]","args":[{"element-6066-11e4-a52e-4f735466cecf":"f.72BD6EB346CCC82EDFB0602EE84AC45D.d.E63573C70E6C242A81D7EACC994CD337.e.1678","ELEMENT":"f.72BD6EB346CCC82EDFB0602EE84AC45D.d.E63573C70E6C242A81D7EACC994CD337.e.1678"}]}
COMMAND: POST /session/f418f7bc7d2ff1d2d712b3b5ad58086f/execute/sync - {"script":"<script> [5351 bytes]","args":[{"element-6066-11e4-a52e-4f735466cecf":"f.72BD6EB346CCC82EDFB0602EE84AC45D.d.E63573C70E6C242A81D7EACC994CD337.e.1678","ELEMENT":"f.72BD6EB346CCC82EDFB0602EE84AC45D.d.E63573C70E6C242A81D7EACC994CD337.e.1678"}]}
COMMAND: GET /session/f418f7bc7d2ff1d2d712b3b5ad58086f/screenshot - {}
RESULT: {}
COMMAND: GET /session/f418f7bc7d2ff1d2d712b3b5ad58086f/screenshot - {}
RESULT: {"script":"<script> [5351 bytes]","args":[{"element-6066-11e4-a52e-4f735466cecf":"f.72BD6EB346CCC82EDFB0602EE84AC45D.d.E63573C70E6C242A81D7EACC994CD337.e.1678","ELEMENT":"f.72BD6EB346CCC82EDFB0602EE84AC45D.d.E63573C70E6C242A81D7EACC994CD337.e.1678"}]}
COMMAND: GET /session/f418f7bc7d2ff1d2d712b3b5ad58086f/screenshot - {}
RESULT: {}
RESULT: {}
RESULT: {}
RESULT: undefined
COMMAND: POST /session/f418f7bc7d2ff1d2d712b3b5ad58086f/element - {"using":"xpath","value":"//*[@id=\"__tile38\"]"}
RESULT: {"using":"xpath","value":"//*[@id=\"__tile38\"]"}
COMMAND: POST /session/f418f7bc7d2ff1d2d712b3b5ad58086f/element/f.72BD6EB346CCC82EDFB0602EE84AC45D.d.E63573C70E6C242A81D7EACC994CD337.e.155/click - {}
RESULT: {}
COMMAND: POST /session/f418f7bc7d2ff1d2d712b3b5ad58086f/element - {"using":"xpath","value":"//button[@data-kt=\"addButton\"]"}
COMMAND: GET /session/f418f7bc7d2ff1d2d712b3b5ad58086f/screenshot - {}
RESULT: {"using":"xpath","value":"//button[@data-kt=\"addButton\"]"}
COMMAND: POST /session/f418f7bc7d2ff1d2d712b3b5ad58086f/elements - {"using":"xpath","value":"//button[@data-kt=\"addButton\"]"}
RESULT: {}
RESULT: {"using":"xpath","value":"//button[@data-kt=\"addButton\"]"}
COMMAND: POST /session/f418f7bc7d2ff1d2d712b3b5ad58086f/elements - {"using":"xpath","value":"//button[@data-kt=\"addButton\"]"}
RESULT: {"using":"xpath","value":"//button[@data-kt=\"addButton\"]"}
COMMAND: POST /session/f418f7bc7d2ff1d2d712b3b5ad58086f/elements - {"using":"xpath","value":"//button[@data-kt=\"addButton\"]"}
RESULT: {"using":"xpath","value":"//button[@data-kt=\"addButton\"]"}
COMMAND: POST /session/f418f7bc7d2ff1d2d712b3b5ad58086f/elements - {"using":"xpath","value":"//button[@data-kt=\"addButton\"]"}
RESULT: {"using":"xpath","value":"//button[@data-kt=\"addButton\"]"}
COMMAND: POST /session/f418f7bc7d2ff1d2d712b3b5ad58086f/elements - {"using":"xpath","value":"//button[@data-kt=\"addButton\"]"}
RESULT: {"using":"xpath","value":"//button[@data-kt=\"addButton\"]"}
COMMAND: POST /session/f418f7bc7d2ff1d2d712b3b5ad58086f/element - {"using":"xpath","value":"//button[@data-kt=\"addButton\"]"}
RESULT: {"using":"xpath","value":"//button[@data-kt=\"addButton\"]"}
COMMAND: POST /session/f418f7bc7d2ff1d2d712b3b5ad58086f/execute/sync - {"script":"<script> [8489 bytes]","args":[{"element-6066-11e4-a52e-4f735466cecf":"f.72BD6EB346CCC82EDFB0602EE84AC45D.d.E63573C70E6C242A81D7EACC994CD337.e.1723","ELEMENT":"f.72BD6EB346CCC82EDFB0602EE84AC45D.d.E63573C70E6C242A81D7EACC994CD337.e.1723"}]}
RESULT: {"script":"<script> [8489 bytes]","args":[{"element-6066-11e4-a52e-4f735466cecf":"f.72BD6EB346CCC82EDFB0602EE84AC45D.d.E63573C70E6C242A81D7EACC994CD337.e.1723","ELEMENT":"f.72BD6EB346CCC82EDFB0602EE84AC45D.d.E63573C70E6C242A81D7EACC994CD337.e.1723"}]}
COMMAND: GET /session/f418f7bc7d2ff1d2d712b3b5ad58086f/element/f.72BD6EB346CCC82EDFB0602EE84AC45D.d.E63573C70E6C242A81D7EACC994CD337.e.1723/enabled - {}
COMMAND: GET /session/f418f7bc7d2ff1d2d712b3b5ad58086f/screenshot - {}
RESULT: {}
COMMAND: POST /session/f418f7bc7d2ff1d2d712b3b5ad58086f/execute/sync - {"script":"<script> [8489 bytes]","args":[{"element-6066-11e4-a52e-4f735466cecf":"f.72BD6EB346CCC82EDFB0602EE84AC45D.d.E63573C70E6C242A81D7EACC994CD337.e.1723","ELEMENT":"f.72BD6EB346CCC82EDFB0602EE84AC45D.d.E63573C70E6C242A81D7EACC994CD337.e.1723"}]}
COMMAND: GET /session/f418f7bc7d2ff1d2d712b3b5ad58086f/screenshot - {}
RESULT: {}
RESULT: {"script":"<script> [8489 bytes]","args":[{"element-6066-11e4-a52e-4f735466cecf":"f.72BD6EB346CCC82EDFB0602EE84AC45D.d.E63573C70E6C242A81D7EACC994CD337.e.1723","ELEMENT":"f.72BD6EB346CCC82EDFB0602EE84AC45D.d.E63573C70E6C242A81D7EACC994CD337.e.1723"}]}
COMMAND: POST /session/f418f7bc7d2ff1d2d712b3b5ad58086f/execute/sync - {"script":"<script> [5351 bytes]","args":[{"element-6066-11e4-a52e-4f735466cecf":"f.72BD6EB346CCC82EDFB0602EE84AC45D.d.E63573C70E6C242A81D7EACC994CD337.e.1723","ELEMENT":"f.72BD6EB346CCC82EDFB0602EE84AC45D.d.E63573C70E6C242A81D7EACC994CD337.e.1723"}]}
COMMAND: GET /session/f418f7bc7d2ff1d2d712b3b5ad58086f/screenshot - {}
RESULT: {}
RESULT: {"script":"<script> [5351 bytes]","args":[{"element-6066-11e4-a52e-4f735466cecf":"f.72BD6EB346CCC82EDFB0602EE84AC45D.d.E63573C70E6C242A81D7EACC994CD337.e.1723","ELEMENT":"f.72BD6EB346CCC82EDFB0602EE84AC45D.d.E63573C70E6C242A81D7EACC994CD337.e.1723"}]}
COMMAND: GET /session/f418f7bc7d2ff1d2d712b3b5ad58086f/screenshot - {}
RESULT: {}
RESULT: {}
COMMAND: POST /session/f418f7bc7d2ff1d2d712b3b5ad58086f/execute/async - {"script":"<script> [1562 bytes]","args":[{"selector":{"id":"application-managepartners-display-component---masterPtm--smartTable-btnPersonalisation-img"},"wdio_ui5_key":"applicationmanagepartners-display-component---masterPtm--smartTable-btnPersonalisation-img"}]}
RESULT: {"script":"<script> [1562 bytes]","args":[{"selector":{"id":"application-managepartners-display-component---masterPtm--smartTable-btnPersonalisation-img"},"wdio_ui5_key":"applicationmanagepartners-display-component---masterPtm--smartTable-btnPersonalisation-img"}]}
RESULT: undefined
COMMAND: POST /session/f418f7bc7d2ff1d2d712b3b5ad58086f/element - {"using":"xpath","value":"//*[@id=\"application-managepartners-display-component---masterPtm--smartTable-btnPersonalisation-img\"]"}
RESULT: {"using":"xpath","value":"//*[@id=\"application-managepartners-display-component---masterPtm--smartTable-btnPersonalisation-img\"]"}
COMMAND: POST /session/f418f7bc7d2ff1d2d712b3b5ad58086f/element/f.72BD6EB346CCC82EDFB0602EE84AC45D.d.E63573C70E6C242A81D7EACC994CD337.e.1728/click - {}
RESULT: {}
COMMAND: GET /session/f418f7bc7d2ff1d2d712b3b5ad58086f/screenshot - {}
RESULT: {}
COMMAND: POST /session/f418f7bc7d2ff1d2d712b3b5ad58086f/execute/async - {"script":"<script> [1562 bytes]","args":[{"selector":{"controlType":"sap.m.IconTabFilter","viewName":"etm.portal.ui.managepartners.view.Master","viewId":"application-managepartners-display-component---masterPtm","properties":{"text":"Sort"},"searchOpenDialogs":true,"interaction":{"idSuffix":"text"}},"wdio_ui5_key":"etmportal.ui.managepartners.view.Mastersap.m.IconTabFilter{\"text\":\"Sort\"}"}]}
RESULT: {"script":"<script> [1562 bytes]","args":[{"selector":{"controlType":"sap.m.IconTabFilter","viewName":"etm.portal.ui.managepartners.view.Master","viewId":"application-managepartners-display-component---masterPtm","properties":{"text":"Sort"},"searchOpenDialogs":true,"interaction":{"idSuffix":"text"}},"wdio_ui5_key":"etmportal.ui.managepartners.view.Mastersap.m.IconTabFilter{\"text\":\"Sort\"}"}]}
RESULT: undefined
COMMAND: POST /session/f418f7bc7d2ff1d2d712b3b5ad58086f/element - {"using":"xpath","value":"//*[@id=\"__filter1\"]"}
RESULT: {"using":"xpath","value":"//*[@id=\"__filter1\"]"}
COMMAND: POST /session/f418f7bc7d2ff1d2d712b3b5ad58086f/element/f.72BD6EB346CCC82EDFB0602EE84AC45D.d.E63573C70E6C242A81D7EACC994CD337.e.1861/click - {}
RESULT: {}
COMMAND: GET /session/f418f7bc7d2ff1d2d712b3b5ad58086f/screenshot - {}
RESULT: {}
COMMAND: POST /session/f418f7bc7d2ff1d2d712b3b5ad58086f/element - {"using":"xpath","value":"//input[@placeholder=\"Sort by\"]/following-sibling::div//span"}
RESULT: {"using":"xpath","value":"//input[@placeholder=\"Sort by\"]/following-sibling::div//span"}
COMMAND: POST /session/f418f7bc7d2ff1d2d712b3b5ad58086f/element/f.72BD6EB346CCC82EDFB0602EE84AC45D.d.E63573C70E6C242A81D7EACC994CD337.e.1863/click - {}
RESULT: {}
COMMAND: GET /session/f418f7bc7d2ff1d2d712b3b5ad58086f/screenshot - {}
RESULT: {}
COMMAND: POST /session/f418f7bc7d2ff1d2d712b3b5ad58086f/element - {"using":"xpath","value":"//li[.//span[text()=\"Language\"]]"}
RESULT: {"using":"xpath","value":"//li[.//span[text()=\"Language\"]]"}
COMMAND: POST /session/f418f7bc7d2ff1d2d712b3b5ad58086f/element/f.72BD6EB346CCC82EDFB0602EE84AC45D.d.E63573C70E6C242A81D7EACC994CD337.e.1864/click - {}
RESULT: {}
COMMAND: GET /session/f418f7bc7d2ff1d2d712b3b5ad58086f/screenshot - {}
RESULT: {}
COMMAND: POST /session/f418f7bc7d2ff1d2d712b3b5ad58086f/element - {"using":"xpath","value":"//bdi[contains(text(), \"OK\")]"}
RESULT: {"using":"xpath","value":"//bdi[contains(text(), \"OK\")]"}
COMMAND: POST /session/f418f7bc7d2ff1d2d712b3b5ad58086f/element/f.72BD6EB346CCC82EDFB0602EE84AC45D.d.E63573C70E6C242A81D7EACC994CD337.e.1868/click - {}
RESULT: {}
COMMAND: GET /session/f418f7bc7d2ff1d2d712b3b5ad58086f/screenshot - {}
RESULT: {}
COMMAND: POST /session/f418f7bc7d2ff1d2d712b3b5ad58086f/element - {"using":"xpath","value":"//table[contains(@id, \"customPartnersTable\")]//tbody/tr[1]/td[3]/span"}
RESULT: {"using":"xpath","value":"//table[contains(@id, \"customPartnersTable\")]//tbody/tr[1]/td[3]/span"}
COMMAND: POST /session/f418f7bc7d2ff1d2d712b3b5ad58086f/execute/sync - {"script":"<script> [56 bytes]","args":[{"element-6066-11e4-a52e-4f735466cecf":"f.72BD6EB346CCC82EDFB0602EE84AC45D.d.E63573C70E6C242A81D7EACC994CD337.e.1989","ELEMENT":"f.72BD6EB346CCC82EDFB0602EE84AC45D.d.E63573C70E6C242A81D7EACC994CD337.e.1989"}]}
RESULT: {"script":"<script> [56 bytes]","args":[{"element-6066-11e4-a52e-4f735466cecf":"f.72BD6EB346CCC82EDFB0602EE84AC45D.d.E63573C70E6C242A81D7EACC994CD337.e.1989","ELEMENT":"f.72BD6EB346CCC82EDFB0602EE84AC45D.d.E63573C70E6C242A81D7EACC994CD337.e.1989"}]}
RESULT: undefined
COMMAND: POST /session/f418f7bc7d2ff1d2d712b3b5ad58086f/element - {"using":"xpath","value":"//*[@id=\"application-managepartners-display-component---masterPtm--smartTable-btnPersonalisation-img\"]"}
COMMAND: GET /session/f418f7bc7d2ff1d2d712b3b5ad58086f/screenshot - {}
RESULT: {"using":"xpath","value":"//*[@id=\"application-managepartners-display-component---masterPtm--smartTable-btnPersonalisation-img\"]"}
COMMAND: POST /session/f418f7bc7d2ff1d2d712b3b5ad58086f/element/f.72BD6EB346CCC82EDFB0602EE84AC45D.d.E63573C70E6C242A81D7EACC994CD337.e.1728/click - {}
RESULT: {}
RESULT: {}
COMMAND: GET /session/f418f7bc7d2ff1d2d712b3b5ad58086f/screenshot - {}
RESULT: {}
COMMAND: POST /session/f418f7bc7d2ff1d2d712b3b5ad58086f/element - {"using":"xpath","value":"//bdi[contains(text(), \"Reset\")]"}
RESULT: {"using":"xpath","value":"//bdi[contains(text(), \"Reset\")]"}
COMMAND: POST /session/f418f7bc7d2ff1d2d712b3b5ad58086f/element/f.72BD6EB346CCC82EDFB0602EE84AC45D.d.E63573C70E6C242A81D7EACC994CD337.e.1995/click - {}
RESULT: {}
COMMAND: GET /session/f418f7bc7d2ff1d2d712b3b5ad58086f/screenshot - {}
RESULT: {}
COMMAND: POST /session/f418f7bc7d2ff1d2d712b3b5ad58086f/element - {"using":"xpath","value":"(//bdi[contains(text(), \"OK\")])[2]"}
RESULT: {"using":"xpath","value":"(//bdi[contains(text(), \"OK\")])[2]"}
COMMAND: POST /session/f418f7bc7d2ff1d2d712b3b5ad58086f/element/f.72BD6EB346CCC82EDFB0602EE84AC45D.d.E63573C70E6C242A81D7EACC994CD337.e.1997/click - {}
RESULT: {}
COMMAND: GET /session/f418f7bc7d2ff1d2d712b3b5ad58086f/screenshot - {}
RESULT: {}
COMMAND: POST /session/f418f7bc7d2ff1d2d712b3b5ad58086f/element - {"using":"xpath","value":"//bdi[contains(text(), \"OK\")]"}
RESULT: {"using":"xpath","value":"//bdi[contains(text(), \"OK\")]"}
COMMAND: POST /session/f418f7bc7d2ff1d2d712b3b5ad58086f/element/f.72BD6EB346CCC82EDFB0602EE84AC45D.d.E63573C70E6C242A81D7EACC994CD337.e.2048/click - {}
RESULT: {}
COMMAND: GET /session/f418f7bc7d2ff1d2d712b3b5ad58086f/screenshot - {}
RESULT: {}
COMMAND: POST /session/f418f7bc7d2ff1d2d712b3b5ad58086f/element - {"using":"xpath","value":"//table[contains(@id, \"customPartnersTable\")]//tbody/tr[1]/td[3]/span"}
RESULT: {"using":"xpath","value":"//table[contains(@id, \"customPartnersTable\")]//tbody/tr[1]/td[3]/span"}
COMMAND: POST /session/f418f7bc7d2ff1d2d712b3b5ad58086f/execute/sync - {"script":"<script> [56 bytes]","args":[{"element-6066-11e4-a52e-4f735466cecf":"f.72BD6EB346CCC82EDFB0602EE84AC45D.d.E63573C70E6C242A81D7EACC994CD337.e.2051","ELEMENT":"f.72BD6EB346CCC82EDFB0602EE84AC45D.d.E63573C70E6C242A81D7EACC994CD337.e.2051"}]}
RESULT: {"script":"<script> [56 bytes]","args":[{"element-6066-11e4-a52e-4f735466cecf":"f.72BD6EB346CCC82EDFB0602EE84AC45D.d.E63573C70E6C242A81D7EACC994CD337.e.2051","ELEMENT":"f.72BD6EB346CCC82EDFB0602EE84AC45D.d.E63573C70E6C242A81D7EACC994CD337.e.2051"}]}
RESULT: undefined
COMMAND: POST /session/f418f7bc7d2ff1d2d712b3b5ad58086f/element - {"using":"xpath","value":"//*[@id=\"application-managepartners-display-component---masterPtm--smartTable-btnPersonalisation-img\"]"}
COMMAND: GET /session/f418f7bc7d2ff1d2d712b3b5ad58086f/screenshot - {}
RESULT: {"using":"xpath","value":"//*[@id=\"application-managepartners-display-component---masterPtm--smartTable-btnPersonalisation-img\"]"}
COMMAND: POST /session/f418f7bc7d2ff1d2d712b3b5ad58086f/element/f.72BD6EB346CCC82EDFB0602EE84AC45D.d.E63573C70E6C242A81D7EACC994CD337.e.1728/click - {}
RESULT: {}
RESULT: {}
COMMAND: GET /session/f418f7bc7d2ff1d2d712b3b5ad58086f/screenshot - {}
RESULT: {}
COMMAND: POST /session/f418f7bc7d2ff1d2d712b3b5ad58086f/execute/async - {"script":"<script> [1562 bytes]","args":[{"selector":{"controlType":"sap.m.IconTabFilter","viewName":"etm.portal.ui.managepartners.view.Master","viewId":"application-managepartners-display-component---masterPtm","properties":{"text":"Filter"},"searchOpenDialogs":true,"interaction":{"idSuffix":"text"}},"wdio_ui5_key":"etmportal.ui.managepartners.view.Mastersap.m.IconTabFilter{\"text\":\"Filter\"}"}]}
RESULT: {"script":"<script> [1562 bytes]","args":[{"selector":{"controlType":"sap.m.IconTabFilter","viewName":"etm.portal.ui.managepartners.view.Master","viewId":"application-managepartners-display-component---masterPtm","properties":{"text":"Filter"},"searchOpenDialogs":true,"interaction":{"idSuffix":"text"}},"wdio_ui5_key":"etmportal.ui.managepartners.view.Mastersap.m.IconTabFilter{\"text\":\"Filter\"}"}]}
RESULT: undefined
COMMAND: POST /session/f418f7bc7d2ff1d2d712b3b5ad58086f/element - {"using":"xpath","value":"//*[@id=\"__filter10\"]"}
RESULT: {"using":"xpath","value":"//*[@id=\"__filter10\"]"}
COMMAND: POST /session/f418f7bc7d2ff1d2d712b3b5ad58086f/element/f.72BD6EB346CCC82EDFB0602EE84AC45D.d.E63573C70E6C242A81D7EACC994CD337.e.2056/click - {}
RESULT: {}
COMMAND: GET /session/f418f7bc7d2ff1d2d712b3b5ad58086f/screenshot - {}
RESULT: {}
COMMAND: POST /session/f418f7bc7d2ff1d2d712b3b5ad58086f/element - {"using":"xpath","value":"//input[@placeholder=\"Filter by\"]/following-sibling::div//span"}
RESULT: {"using":"xpath","value":"//input[@placeholder=\"Filter by\"]/following-sibling::div//span"}
COMMAND: POST /session/f418f7bc7d2ff1d2d712b3b5ad58086f/element/f.72BD6EB346CCC82EDFB0602EE84AC45D.d.E63573C70E6C242A81D7EACC994CD337.e.2058/click - {}
RESULT: {}
COMMAND: GET /session/f418f7bc7d2ff1d2d712b3b5ad58086f/screenshot - {}
RESULT: {}
COMMAND: POST /session/f418f7bc7d2ff1d2d712b3b5ad58086f/element - {"using":"xpath","value":"//li[.//span[text()=\"Preferred Yard\"]]"}
RESULT: {"using":"xpath","value":"//li[.//span[text()=\"Preferred Yard\"]]"}
COMMAND: POST /session/f418f7bc7d2ff1d2d712b3b5ad58086f/element/f.72BD6EB346CCC82EDFB0602EE84AC45D.d.E63573C70E6C242A81D7EACC994CD337.e.2059/click - {}
RESULT: {}
COMMAND: GET /session/f418f7bc7d2ff1d2d712b3b5ad58086f/screenshot - {}
RESULT: {}
COMMAND: POST /session/f418f7bc7d2ff1d2d712b3b5ad58086f/execute/async - {"script":"<script> [1562 bytes]","args":[{"selector":{"id":"FilterPanel-filterItemControl_BASIC-application-managepartners-display-component---masterPtm--smartTable-YARDYARD-vhi","searchOpenDialogs":true},"wdio_ui5_key":"FilterPanelfilterItemControl_BASIC-application-managepartners-display-component---masterPtm--smartTable-YARDYARD-vhi"}]}
RESULT: {"script":"<script> [1562 bytes]","args":[{"selector":{"id":"FilterPanel-filterItemControl_BASIC-application-managepartners-display-component---masterPtm--smartTable-YARDYARD-vhi","searchOpenDialogs":true},"wdio_ui5_key":"FilterPanelfilterItemControl_BASIC-application-managepartners-display-component---masterPtm--smartTable-YARDYARD-vhi"}]}
RESULT: undefined
COMMAND: POST /session/f418f7bc7d2ff1d2d712b3b5ad58086f/element - {"using":"xpath","value":"//*[@id=\"FilterPanel-filterItemControl_BASIC-application-managepartners-display-component---masterPtm--smartTable-YARDYARD-vhi\"]"}
RESULT: {"using":"xpath","value":"//*[@id=\"FilterPanel-filterItemControl_BASIC-application-managepartners-display-component---masterPtm--smartTable-YARDYARD-vhi\"]"}
COMMAND: POST /session/f418f7bc7d2ff1d2d712b3b5ad58086f/element/f.72BD6EB346CCC82EDFB0602EE84AC45D.d.E63573C70E6C242A81D7EACC994CD337.e.2062/click - {}
RESULT: {}
COMMAND: GET /session/f418f7bc7d2ff1d2d712b3b5ad58086f/screenshot - {}
RESULT: {}
COMMAND: POST /session/f418f7bc7d2ff1d2d712b3b5ad58086f/execute/async - {"script":"<script> [1562 bytes]","args":[{"selector":{"id":"FilterPanel-filterItemControl_BASIC-application-managepartners-display-component---masterPtm--smartTable-YARDYARD-valueHelpDialog-smartFilterBar-btnBasicSearch","searchOpenDialogs":true,"interaction":{"idSuffix":"I"}},"wdio_ui5_key":"FilterPanelfilterItemControl_BASIC-application-managepartners-display-component---masterPtm--smartTable-YARDYARD-valueHelpDialog-smartFilterBar-btnBasicSearch"}]}
RESULT: {"script":"<script> [1562 bytes]","args":[{"selector":{"id":"FilterPanel-filterItemControl_BASIC-application-managepartners-display-component---masterPtm--smartTable-YARDYARD-valueHelpDialog-smartFilterBar-btnBasicSearch","searchOpenDialogs":true,"interaction":{"idSuffix":"I"}},"wdio_ui5_key":"FilterPanelfilterItemControl_BASIC-application-managepartners-display-component---masterPtm--smartTable-YARDYARD-valueHelpDialog-smartFilterBar-btnBasicSearch"}]}
RESULT: undefined
COMMAND: POST /session/f418f7bc7d2ff1d2d712b3b5ad58086f/execute/async - {"script":"<script> [776 bytes]","args":[{"enterText":"239","selector":{"id":"FilterPanel-filterItemControl_BASIC-application-managepartners-display-component---masterPtm--smartTable-YARDYARD-valueHelpDialog-smartFilterBar-btnBasicSearch","searchOpenDialogs":true,"interaction":{"idSuffix":"I"}},"clearTextFirst":true,"interactionType":"ENTER_TEXT"}]}
RESULT: {"script":"<script> [776 bytes]","args":[{"enterText":"239","selector":{"id":"FilterPanel-filterItemControl_BASIC-application-managepartners-display-component---masterPtm--smartTable-YARDYARD-valueHelpDialog-smartFilterBar-btnBasicSearch","searchOpenDialogs":true,"interaction":{"idSuffix":"I"}},"clearTextFirst":true,"interactionType":"ENTER_TEXT"}]}
COMMAND: POST /session/f418f7bc7d2ff1d2d712b3b5ad58086f/actions - {"actions":[{"id":"action3","type":"key","parameters":{},"actions":[{"type":"keyDown","value":"î€‡"},{"type":"pause","duration":10},{"type":"keyUp","value":"î€‡"}]}]}
RESULT: {"actions":[{"id":"action3","type":"key","parameters":{},"actions":[{"type":"keyDown","value":"î€‡"},{"type":"pause","duration":10},{"type":"keyUp","value":"î€‡"}]}]}
COMMAND: GET /session/f418f7bc7d2ff1d2d712b3b5ad58086f/screenshot - {}
RESULT: {}
COMMAND: POST /session/f418f7bc7d2ff1d2d712b3b5ad58086f/elements - {"using":"xpath","value":"//table[contains(@id, \"smartTable-YARDYARD-valueHelpDialog-table-table\")]/tbody/tr"}
RESULT: {"using":"xpath","value":"//table[contains(@id, \"smartTable-YARDYARD-valueHelpDialog-table-table\")]/tbody/tr"}
COMMAND: POST /session/f418f7bc7d2ff1d2d712b3b5ad58086f/element - {"using":"xpath","value":"//table[contains(@id, \"smartTable-YARDYARD-valueHelpDialog-table-table\")]/tbody/tr[1]/td[1]/div/span"}
RESULT: {"using":"xpath","value":"//table[contains(@id, \"smartTable-YARDYARD-valueHelpDialog-table-table\")]/tbody/tr[1]/td[1]/div/span"}
COMMAND: POST /session/f418f7bc7d2ff1d2d712b3b5ad58086f/elements - {"using":"xpath","value":"//table[contains(@id, \"smartTable-YARDYARD-valueHelpDialog-table-table\")]/tbody/tr[1]/td[1]/div/span"}
RESULT: {"using":"xpath","value":"//table[contains(@id, \"smartTable-YARDYARD-valueHelpDialog-table-table\")]/tbody/tr[1]/td[1]/div/span"}
COMMAND: POST /session/f418f7bc7d2ff1d2d712b3b5ad58086f/execute/sync - {"script":"<script> [56 bytes]","args":[{"element-6066-11e4-a52e-4f735466cecf":"f.72BD6EB346CCC82EDFB0602EE84AC45D.d.E63573C70E6C242A81D7EACC994CD337.e.2081","ELEMENT":"f.72BD6EB346CCC82EDFB0602EE84AC45D.d.E63573C70E6C242A81D7EACC994CD337.e.2081"}]}
RESULT: {"script":"<script> [56 bytes]","args":[{"element-6066-11e4-a52e-4f735466cecf":"f.72BD6EB346CCC82EDFB0602EE84AC45D.d.E63573C70E6C242A81D7EACC994CD337.e.2081","ELEMENT":"f.72BD6EB346CCC82EDFB0602EE84AC45D.d.E63573C70E6C242A81D7EACC994CD337.e.2081"}]}
COMMAND: POST /session/f418f7bc7d2ff1d2d712b3b5ad58086f/element - {"using":"xpath","value":"//table[contains(@id, \"smartTable-YARDYARD-valueHelpDialog-table-table\")]/tbody/tr[2]/td[1]/div/span"}
COMMAND: GET /session/f418f7bc7d2ff1d2d712b3b5ad58086f/screenshot - {}
RESULT: {"using":"xpath","value":"//table[contains(@id, \"smartTable-YARDYARD-valueHelpDialog-table-table\")]/tbody/tr[2]/td[1]/div/span"}
COMMAND: POST /session/f418f7bc7d2ff1d2d712b3b5ad58086f/elements - {"using":"xpath","value":"//table[contains(@id, \"smartTable-YARDYARD-valueHelpDialog-table-table\")]/tbody/tr[2]/td[1]/div/span"}
RESULT: {}
RESULT: {"using":"xpath","value":"//table[contains(@id, \"smartTable-YARDYARD-valueHelpDialog-table-table\")]/tbody/tr[2]/td[1]/div/span"}
COMMAND: POST /session/f418f7bc7d2ff1d2d712b3b5ad58086f/execute/sync - {"script":"<script> [56 bytes]","args":[{"element-6066-11e4-a52e-4f735466cecf":"f.72BD6EB346CCC82EDFB0602EE84AC45D.d.E63573C70E6C242A81D7EACC994CD337.e.2082","ELEMENT":"f.72BD6EB346CCC82EDFB0602EE84AC45D.d.E63573C70E6C242A81D7EACC994CD337.e.2082"}]}
RESULT: {"script":"<script> [56 bytes]","args":[{"element-6066-11e4-a52e-4f735466cecf":"f.72BD6EB346CCC82EDFB0602EE84AC45D.d.E63573C70E6C242A81D7EACC994CD337.e.2082","ELEMENT":"f.72BD6EB346CCC82EDFB0602EE84AC45D.d.E63573C70E6C242A81D7EACC994CD337.e.2082"}]}
COMMAND: POST /session/f418f7bc7d2ff1d2d712b3b5ad58086f/element - {"using":"xpath","value":"//div[contains(@id, \"YARDYARD-valueHelpDialog-table-rowsel1\")]"}
COMMAND: GET /session/f418f7bc7d2ff1d2d712b3b5ad58086f/screenshot - {}
RESULT: {"using":"xpath","value":"//div[contains(@id, \"YARDYARD-valueHelpDialog-table-rowsel1\")]"}
COMMAND: POST /session/f418f7bc7d2ff1d2d712b3b5ad58086f/element/f.72BD6EB346CCC82EDFB0602EE84AC45D.d.E63573C70E6C242A81D7EACC994CD337.e.2083/click - {}
RESULT: {}
RESULT: {}
COMMAND: GET /session/f418f7bc7d2ff1d2d712b3b5ad58086f/screenshot - {}
RESULT: {}
COMMAND: POST /session/f418f7bc7d2ff1d2d712b3b5ad58086f/element - {"using":"xpath","value":"(//bdi[contains(text(), \"OK\")])[2]"}
RESULT: {"using":"xpath","value":"(//bdi[contains(text(), \"OK\")])[2]"}
COMMAND: POST /session/f418f7bc7d2ff1d2d712b3b5ad58086f/element/f.72BD6EB346CCC82EDFB0602EE84AC45D.d.E63573C70E6C242A81D7EACC994CD337.e.2085/click - {}
RESULT: {}
COMMAND: GET /session/f418f7bc7d2ff1d2d712b3b5ad58086f/screenshot - {}
RESULT: {}
COMMAND: POST /session/f418f7bc7d2ff1d2d712b3b5ad58086f/element - {"using":"xpath","value":"//bdi[contains(text(), \"OK\")]"}
RESULT: {"using":"xpath","value":"//bdi[contains(text(), \"OK\")]"}
COMMAND: POST /session/f418f7bc7d2ff1d2d712b3b5ad58086f/element/f.72BD6EB346CCC82EDFB0602EE84AC45D.d.E63573C70E6C242A81D7EACC994CD337.e.2088/click - {}
RESULT: {}
COMMAND: GET /session/f418f7bc7d2ff1d2d712b3b5ad58086f/screenshot - {}
RESULT: {}
COMMAND: POST /session/f418f7bc7d2ff1d2d712b3b5ad58086f/element - {"using":"xpath","value":"//table[contains(@id, \"customPartnersTable\")]//tbody/tr[1]/td[3]/span"}
RESULT: {"using":"xpath","value":"//table[contains(@id, \"customPartnersTable\")]//tbody/tr[1]/td[3]/span"}
COMMAND: POST /session/f418f7bc7d2ff1d2d712b3b5ad58086f/execute/sync - {"script":"<script> [56 bytes]","args":[{"element-6066-11e4-a52e-4f735466cecf":"f.72BD6EB346CCC82EDFB0602EE84AC45D.d.E63573C70E6C242A81D7EACC994CD337.e.2145","ELEMENT":"f.72BD6EB346CCC82EDFB0602EE84AC45D.d.E63573C70E6C242A81D7EACC994CD337.e.2145"}]}
RESULT: {"script":"<script> [56 bytes]","args":[{"element-6066-11e4-a52e-4f735466cecf":"f.72BD6EB346CCC82EDFB0602EE84AC45D.d.E63573C70E6C242A81D7EACC994CD337.e.2145","ELEMENT":"f.72BD6EB346CCC82EDFB0602EE84AC45D.d.E63573C70E6C242A81D7EACC994CD337.e.2145"}]}
COMMAND: POST /session/f418f7bc7d2ff1d2d712b3b5ad58086f/element - {"using":"css selector","value":"#shell-header-logo"}
COMMAND: GET /session/f418f7bc7d2ff1d2d712b3b5ad58086f/screenshot - {}
RESULT: {"using":"css selector","value":"#shell-header-logo"}
COMMAND: POST /session/f418f7bc7d2ff1d2d712b3b5ad58086f/element/f.72BD6EB346CCC82EDFB0602EE84AC45D.d.E63573C70E6C242A81D7EACC994CD337.e.1678/click - {}
RESULT: {}
RESULT: {}
COMMAND: GET /session/f418f7bc7d2ff1d2d712b3b5ad58086f/screenshot - {}
RESULT: {}
]]></system-out>
    </testcase>
    <testcase classname="chrome.135_0_7049_96.windows.Partner_specific_tests_US150819_US151080_US151654_US151176_US103444_US151078_US151079_US151109_US151174_US151175_US151189" name="Should deactivate the created partner in earlier step US151654" time="51.755">
      <system-out><![CDATA[
COMMAND: POST /session/f418f7bc7d2ff1d2d712b3b5ad58086f/element - {"using":"xpath","value":"//li[.//span[text()=\"Manage Partners\"]]"}
RESULT: {"using":"xpath","value":"//li[.//span[text()=\"Manage Partners\"]]"}
COMMAND: POST /session/f418f7bc7d2ff1d2d712b3b5ad58086f/element - {"using":"xpath","value":"//li[.//span[text()=\"Manage Partners\"]]"}
RESULT: {"using":"xpath","value":"//li[.//span[text()=\"Manage Partners\"]]"}
COMMAND: POST /session/f418f7bc7d2ff1d2d712b3b5ad58086f/element - {"using":"css selector","value":"#shell-header-logo"}
RESULT: {"using":"css selector","value":"#shell-header-logo"}
COMMAND: POST /session/f418f7bc7d2ff1d2d712b3b5ad58086f/element/f.72BD6EB346CCC82EDFB0602EE84AC45D.d.E63573C70E6C242A81D7EACC994CD337.e.2147/click - {}
COMMAND: POST /session/f418f7bc7d2ff1d2d712b3b5ad58086f/execute/sync - {"script":"<script> [8489 bytes]","args":[{"element-6066-11e4-a52e-4f735466cecf":"f.72BD6EB346CCC82EDFB0602EE84AC45D.d.E63573C70E6C242A81D7EACC994CD337.e.2147","ELEMENT":"f.72BD6EB346CCC82EDFB0602EE84AC45D.d.E63573C70E6C242A81D7EACC994CD337.e.2147"}]}
RESULT: {"script":"<script> [8489 bytes]","args":[{"element-6066-11e4-a52e-4f735466cecf":"f.72BD6EB346CCC82EDFB0602EE84AC45D.d.E63573C70E6C242A81D7EACC994CD337.e.2147","ELEMENT":"f.72BD6EB346CCC82EDFB0602EE84AC45D.d.E63573C70E6C242A81D7EACC994CD337.e.2147"}]}
COMMAND: POST /session/f418f7bc7d2ff1d2d712b3b5ad58086f/execute/sync - {"script":"<script> [5351 bytes]","args":[{"element-6066-11e4-a52e-4f735466cecf":"f.72BD6EB346CCC82EDFB0602EE84AC45D.d.E63573C70E6C242A81D7EACC994CD337.e.2147","ELEMENT":"f.72BD6EB346CCC82EDFB0602EE84AC45D.d.E63573C70E6C242A81D7EACC994CD337.e.2147"}]}
COMMAND: GET /session/f418f7bc7d2ff1d2d712b3b5ad58086f/screenshot - {}
RESULT: {}
COMMAND: GET /session/f418f7bc7d2ff1d2d712b3b5ad58086f/screenshot - {}
RESULT: {"script":"<script> [5351 bytes]","args":[{"element-6066-11e4-a52e-4f735466cecf":"f.72BD6EB346CCC82EDFB0602EE84AC45D.d.E63573C70E6C242A81D7EACC994CD337.e.2147","ELEMENT":"f.72BD6EB346CCC82EDFB0602EE84AC45D.d.E63573C70E6C242A81D7EACC994CD337.e.2147"}]}
COMMAND: GET /session/f418f7bc7d2ff1d2d712b3b5ad58086f/screenshot - {}
RESULT: {}
RESULT: {}
RESULT: {}
RESULT: undefined
COMMAND: POST /session/f418f7bc7d2ff1d2d712b3b5ad58086f/element - {"using":"xpath","value":"//*[@id=\"__tile38\"]"}
RESULT: {"using":"xpath","value":"//*[@id=\"__tile38\"]"}
COMMAND: POST /session/f418f7bc7d2ff1d2d712b3b5ad58086f/element/f.72BD6EB346CCC82EDFB0602EE84AC45D.d.E63573C70E6C242A81D7EACC994CD337.e.155/click - {}
RESULT: {}
COMMAND: POST /session/f418f7bc7d2ff1d2d712b3b5ad58086f/element - {"using":"xpath","value":"//button[@data-kt=\"addButton\"]"}
COMMAND: GET /session/f418f7bc7d2ff1d2d712b3b5ad58086f/screenshot - {}
RESULT: {"using":"xpath","value":"//button[@data-kt=\"addButton\"]"}
COMMAND: POST /session/f418f7bc7d2ff1d2d712b3b5ad58086f/elements - {"using":"xpath","value":"//button[@data-kt=\"addButton\"]"}
RESULT: {}
RESULT: {"using":"xpath","value":"//button[@data-kt=\"addButton\"]"}
COMMAND: POST /session/f418f7bc7d2ff1d2d712b3b5ad58086f/elements - {"using":"xpath","value":"//button[@data-kt=\"addButton\"]"}
RESULT: {"using":"xpath","value":"//button[@data-kt=\"addButton\"]"}
COMMAND: POST /session/f418f7bc7d2ff1d2d712b3b5ad58086f/elements - {"using":"xpath","value":"//button[@data-kt=\"addButton\"]"}
RESULT: {"using":"xpath","value":"//button[@data-kt=\"addButton\"]"}
COMMAND: POST /session/f418f7bc7d2ff1d2d712b3b5ad58086f/elements - {"using":"xpath","value":"//button[@data-kt=\"addButton\"]"}
RESULT: {"using":"xpath","value":"//button[@data-kt=\"addButton\"]"}
COMMAND: POST /session/f418f7bc7d2ff1d2d712b3b5ad58086f/element - {"using":"xpath","value":"//button[@data-kt=\"addButton\"]"}
RESULT: {"using":"xpath","value":"//button[@data-kt=\"addButton\"]"}
COMMAND: POST /session/f418f7bc7d2ff1d2d712b3b5ad58086f/execute/sync - {"script":"<script> [8489 bytes]","args":[{"element-6066-11e4-a52e-4f735466cecf":"f.72BD6EB346CCC82EDFB0602EE84AC45D.d.E63573C70E6C242A81D7EACC994CD337.e.2192","ELEMENT":"f.72BD6EB346CCC82EDFB0602EE84AC45D.d.E63573C70E6C242A81D7EACC994CD337.e.2192"}]}
RESULT: {"script":"<script> [8489 bytes]","args":[{"element-6066-11e4-a52e-4f735466cecf":"f.72BD6EB346CCC82EDFB0602EE84AC45D.d.E63573C70E6C242A81D7EACC994CD337.e.2192","ELEMENT":"f.72BD6EB346CCC82EDFB0602EE84AC45D.d.E63573C70E6C242A81D7EACC994CD337.e.2192"}]}
COMMAND: GET /session/f418f7bc7d2ff1d2d712b3b5ad58086f/element/f.72BD6EB346CCC82EDFB0602EE84AC45D.d.E63573C70E6C242A81D7EACC994CD337.e.2192/enabled - {}
COMMAND: GET /session/f418f7bc7d2ff1d2d712b3b5ad58086f/screenshot - {}
RESULT: {}
COMMAND: POST /session/f418f7bc7d2ff1d2d712b3b5ad58086f/execute/sync - {"script":"<script> [8489 bytes]","args":[{"element-6066-11e4-a52e-4f735466cecf":"f.72BD6EB346CCC82EDFB0602EE84AC45D.d.E63573C70E6C242A81D7EACC994CD337.e.2192","ELEMENT":"f.72BD6EB346CCC82EDFB0602EE84AC45D.d.E63573C70E6C242A81D7EACC994CD337.e.2192"}]}
COMMAND: GET /session/f418f7bc7d2ff1d2d712b3b5ad58086f/screenshot - {}
RESULT: {}
RESULT: {"script":"<script> [8489 bytes]","args":[{"element-6066-11e4-a52e-4f735466cecf":"f.72BD6EB346CCC82EDFB0602EE84AC45D.d.E63573C70E6C242A81D7EACC994CD337.e.2192","ELEMENT":"f.72BD6EB346CCC82EDFB0602EE84AC45D.d.E63573C70E6C242A81D7EACC994CD337.e.2192"}]}
COMMAND: POST /session/f418f7bc7d2ff1d2d712b3b5ad58086f/execute/sync - {"script":"<script> [5351 bytes]","args":[{"element-6066-11e4-a52e-4f735466cecf":"f.72BD6EB346CCC82EDFB0602EE84AC45D.d.E63573C70E6C242A81D7EACC994CD337.e.2192","ELEMENT":"f.72BD6EB346CCC82EDFB0602EE84AC45D.d.E63573C70E6C242A81D7EACC994CD337.e.2192"}]}
COMMAND: GET /session/f418f7bc7d2ff1d2d712b3b5ad58086f/screenshot - {}
RESULT: {}
RESULT: {"script":"<script> [5351 bytes]","args":[{"element-6066-11e4-a52e-4f735466cecf":"f.72BD6EB346CCC82EDFB0602EE84AC45D.d.E63573C70E6C242A81D7EACC994CD337.e.2192","ELEMENT":"f.72BD6EB346CCC82EDFB0602EE84AC45D.d.E63573C70E6C242A81D7EACC994CD337.e.2192"}]}
COMMAND: GET /session/f418f7bc7d2ff1d2d712b3b5ad58086f/screenshot - {}
RESULT: {}
RESULT: {}
COMMAND: POST /session/f418f7bc7d2ff1d2d712b3b5ad58086f/execute/async - {"script":"<script> [1562 bytes]","args":[{"selector":{"id":"application-managepartners-display-component---masterPtm--smartFilterBar-btnBasicSearch","interaction":{"idSuffix":"I"}},"wdio_ui5_key":"applicationmanagepartners-display-component---masterPtm--smartFilterBar-btnBasicSearch"}]}
RESULT: {"script":"<script> [1562 bytes]","args":[{"selector":{"id":"application-managepartners-display-component---masterPtm--smartFilterBar-btnBasicSearch","interaction":{"idSuffix":"I"}},"wdio_ui5_key":"applicationmanagepartners-display-component---masterPtm--smartFilterBar-btnBasicSearch"}]}
RESULT: undefined
COMMAND: POST /session/f418f7bc7d2ff1d2d712b3b5ad58086f/execute/async - {"script":"<script> [776 bytes]","args":[{"enterText":"1099","selector":{"id":"application-managepartners-display-component---masterPtm--smartFilterBar-btnBasicSearch","interaction":{"idSuffix":"I"}},"clearTextFirst":true,"interactionType":"ENTER_TEXT"}]}
RESULT: {"script":"<script> [776 bytes]","args":[{"enterText":"1099","selector":{"id":"application-managepartners-display-component---masterPtm--smartFilterBar-btnBasicSearch","interaction":{"idSuffix":"I"}},"clearTextFirst":true,"interactionType":"ENTER_TEXT"}]}
COMMAND: POST /session/f418f7bc7d2ff1d2d712b3b5ad58086f/actions - {"actions":[{"id":"action4","type":"key","parameters":{},"actions":[{"type":"keyDown","value":"î€‡"},{"type":"pause","duration":10},{"type":"keyUp","value":"î€‡"}]}]}
RESULT: {"actions":[{"id":"action4","type":"key","parameters":{},"actions":[{"type":"keyDown","value":"î€‡"},{"type":"pause","duration":10},{"type":"keyUp","value":"î€‡"}]}]}
COMMAND: GET /session/f418f7bc7d2ff1d2d712b3b5ad58086f/screenshot - {}
RESULT: {}
COMMAND: POST /session/f418f7bc7d2ff1d2d712b3b5ad58086f/elements - {"using":"xpath","value":"//table[contains(@id, \"customPartnersTable-listUl\")]/tbody/tr"}
RESULT: {"using":"xpath","value":"//table[contains(@id, \"customPartnersTable-listUl\")]/tbody/tr"}
COMMAND: POST /session/f418f7bc7d2ff1d2d712b3b5ad58086f/element - {"using":"xpath","value":"//table[contains(@id, \"customPartnersTable-listUl\")]/tbody/tr[1]/td[3]/span"}
RESULT: {"using":"xpath","value":"//table[contains(@id, \"customPartnersTable-listUl\")]/tbody/tr[1]/td[3]/span"}
COMMAND: POST /session/f418f7bc7d2ff1d2d712b3b5ad58086f/elements - {"using":"xpath","value":"//table[contains(@id, \"customPartnersTable-listUl\")]/tbody/tr[1]/td[3]/span"}
RESULT: {"using":"xpath","value":"//table[contains(@id, \"customPartnersTable-listUl\")]/tbody/tr[1]/td[3]/span"}
COMMAND: POST /session/f418f7bc7d2ff1d2d712b3b5ad58086f/execute/sync - {"script":"<script> [56 bytes]","args":[{"element-6066-11e4-a52e-4f735466cecf":"f.72BD6EB346CCC82EDFB0602EE84AC45D.d.E63573C70E6C242A81D7EACC994CD337.e.2321","ELEMENT":"f.72BD6EB346CCC82EDFB0602EE84AC45D.d.E63573C70E6C242A81D7EACC994CD337.e.2321"}]}
RESULT: {"script":"<script> [56 bytes]","args":[{"element-6066-11e4-a52e-4f735466cecf":"f.72BD6EB346CCC82EDFB0602EE84AC45D.d.E63573C70E6C242A81D7EACC994CD337.e.2321","ELEMENT":"f.72BD6EB346CCC82EDFB0602EE84AC45D.d.E63573C70E6C242A81D7EACC994CD337.e.2321"}]}
COMMAND: POST /session/f418f7bc7d2ff1d2d712b3b5ad58086f/element - {"using":"xpath","value":"//table[contains(@id, \"customPartnersTable-listUl\")]/tbody/tr[1]/td[7]/div/span"}
COMMAND: GET /session/f418f7bc7d2ff1d2d712b3b5ad58086f/screenshot - {}
RESULT: {"using":"xpath","value":"//table[contains(@id, \"customPartnersTable-listUl\")]/tbody/tr[1]/td[7]/div/span"}
COMMAND: POST /session/f418f7bc7d2ff1d2d712b3b5ad58086f/execute/sync - {"script":"<script> [56 bytes]","args":[{"element-6066-11e4-a52e-4f735466cecf":"f.72BD6EB346CCC82EDFB0602EE84AC45D.d.E63573C70E6C242A81D7EACC994CD337.e.2322","ELEMENT":"f.72BD6EB346CCC82EDFB0602EE84AC45D.d.E63573C70E6C242A81D7EACC994CD337.e.2322"}]}
RESULT: {}
RESULT: {"script":"<script> [56 bytes]","args":[{"element-6066-11e4-a52e-4f735466cecf":"f.72BD6EB346CCC82EDFB0602EE84AC45D.d.E63573C70E6C242A81D7EACC994CD337.e.2322","ELEMENT":"f.72BD6EB346CCC82EDFB0602EE84AC45D.d.E63573C70E6C242A81D7EACC994CD337.e.2322"}]}
COMMAND: POST /session/f418f7bc7d2ff1d2d712b3b5ad58086f/element - {"using":"xpath","value":"//table[contains(@id, \"customPartnersTable-listUl\")]/tbody/tr[1]/td[2]/div/div"}
COMMAND: GET /session/f418f7bc7d2ff1d2d712b3b5ad58086f/screenshot - {}
RESULT: {"using":"xpath","value":"//table[contains(@id, \"customPartnersTable-listUl\")]/tbody/tr[1]/td[2]/div/div"}
COMMAND: POST /session/f418f7bc7d2ff1d2d712b3b5ad58086f/element/f.72BD6EB346CCC82EDFB0602EE84AC45D.d.E63573C70E6C242A81D7EACC994CD337.e.2314/click - {}
RESULT: {}
RESULT: {}
COMMAND: GET /session/f418f7bc7d2ff1d2d712b3b5ad58086f/screenshot - {}
RESULT: {}
COMMAND: POST /session/f418f7bc7d2ff1d2d712b3b5ad58086f/element - {"using":"xpath","value":"//bdi[contains(text(), \"Deactivate\")]"}
RESULT: {"using":"xpath","value":"//bdi[contains(text(), \"Deactivate\")]"}
COMMAND: POST /session/f418f7bc7d2ff1d2d712b3b5ad58086f/element/f.72BD6EB346CCC82EDFB0602EE84AC45D.d.E63573C70E6C242A81D7EACC994CD337.e.2323/click - {}
RESULT: {}
COMMAND: GET /session/f418f7bc7d2ff1d2d712b3b5ad58086f/screenshot - {}
RESULT: {}
COMMAND: POST /session/f418f7bc7d2ff1d2d712b3b5ad58086f/element - {"using":"xpath","value":"//bdi[contains(text(), \"Yes\")]"}
RESULT: {"using":"xpath","value":"//bdi[contains(text(), \"Yes\")]"}
COMMAND: POST /session/f418f7bc7d2ff1d2d712b3b5ad58086f/element/f.72BD6EB346CCC82EDFB0602EE84AC45D.d.E63573C70E6C242A81D7EACC994CD337.e.2325/click - {}
RESULT: {}
COMMAND: GET /session/f418f7bc7d2ff1d2d712b3b5ad58086f/screenshot - {}
RESULT: {}
COMMAND: POST /session/f418f7bc7d2ff1d2d712b3b5ad58086f/element - {"using":"xpath","value":"//table[contains(@id, \"customPartnersTable-listUl\")]/tbody/tr[1]/td[7]/div/span"}
RESULT: {"using":"xpath","value":"//table[contains(@id, \"customPartnersTable-listUl\")]/tbody/tr[1]/td[7]/div/span"}
COMMAND: POST /session/f418f7bc7d2ff1d2d712b3b5ad58086f/execute/sync - {"script":"<script> [56 bytes]","args":[{"element-6066-11e4-a52e-4f735466cecf":"f.72BD6EB346CCC82EDFB0602EE84AC45D.d.E63573C70E6C242A81D7EACC994CD337.e.2322","ELEMENT":"f.72BD6EB346CCC82EDFB0602EE84AC45D.d.E63573C70E6C242A81D7EACC994CD337.e.2322"}]}
RESULT: {"script":"<script> [56 bytes]","args":[{"element-6066-11e4-a52e-4f735466cecf":"f.72BD6EB346CCC82EDFB0602EE84AC45D.d.E63573C70E6C242A81D7EACC994CD337.e.2322","ELEMENT":"f.72BD6EB346CCC82EDFB0602EE84AC45D.d.E63573C70E6C242A81D7EACC994CD337.e.2322"}]}
COMMAND: GET /session/f418f7bc7d2ff1d2d712b3b5ad58086f/screenshot - {}
RESULT: {}
COMMAND: POST /session/f418f7bc7d2ff1d2d712b3b5ad58086f/element - {"using":"css selector","value":"#shell-header-logo"}
RESULT: {"using":"css selector","value":"#shell-header-logo"}
COMMAND: POST /session/f418f7bc7d2ff1d2d712b3b5ad58086f/element/f.72BD6EB346CCC82EDFB0602EE84AC45D.d.E63573C70E6C242A81D7EACC994CD337.e.2147/click - {}
RESULT: {}
COMMAND: GET /session/f418f7bc7d2ff1d2d712b3b5ad58086f/screenshot - {}
RESULT: {}
]]></system-out>
    </testcase>
    <testcase classname="chrome.135_0_7049_96.windows.Partner_specific_tests_US150819_US151080_US151654_US151176_US103444_US151078_US151079_US151109_US151174_US151175_US151189" name="Should activate the created partner again US151176" time="50.827">
      <system-out><![CDATA[
COMMAND: POST /session/f418f7bc7d2ff1d2d712b3b5ad58086f/element - {"using":"xpath","value":"//li[.//span[text()=\"Manage Partners\"]]"}
RESULT: {"using":"xpath","value":"//li[.//span[text()=\"Manage Partners\"]]"}
COMMAND: POST /session/f418f7bc7d2ff1d2d712b3b5ad58086f/element - {"using":"xpath","value":"//li[.//span[text()=\"Manage Partners\"]]"}
RESULT: {"using":"xpath","value":"//li[.//span[text()=\"Manage Partners\"]]"}
COMMAND: POST /session/f418f7bc7d2ff1d2d712b3b5ad58086f/element - {"using":"css selector","value":"#shell-header-logo"}
RESULT: {"using":"css selector","value":"#shell-header-logo"}
COMMAND: POST /session/f418f7bc7d2ff1d2d712b3b5ad58086f/element/f.72BD6EB346CCC82EDFB0602EE84AC45D.d.E63573C70E6C242A81D7EACC994CD337.e.2329/click - {}
COMMAND: POST /session/f418f7bc7d2ff1d2d712b3b5ad58086f/execute/sync - {"script":"<script> [8489 bytes]","args":[{"element-6066-11e4-a52e-4f735466cecf":"f.72BD6EB346CCC82EDFB0602EE84AC45D.d.E63573C70E6C242A81D7EACC994CD337.e.2329","ELEMENT":"f.72BD6EB346CCC82EDFB0602EE84AC45D.d.E63573C70E6C242A81D7EACC994CD337.e.2329"}]}
RESULT: {}
COMMAND: GET /session/f418f7bc7d2ff1d2d712b3b5ad58086f/screenshot - {}
RESULT: {"script":"<script> [8489 bytes]","args":[{"element-6066-11e4-a52e-4f735466cecf":"f.72BD6EB346CCC82EDFB0602EE84AC45D.d.E63573C70E6C242A81D7EACC994CD337.e.2329","ELEMENT":"f.72BD6EB346CCC82EDFB0602EE84AC45D.d.E63573C70E6C242A81D7EACC994CD337.e.2329"}]}
COMMAND: POST /session/f418f7bc7d2ff1d2d712b3b5ad58086f/execute/sync - {"script":"<script> [5351 bytes]","args":[{"element-6066-11e4-a52e-4f735466cecf":"f.72BD6EB346CCC82EDFB0602EE84AC45D.d.E63573C70E6C242A81D7EACC994CD337.e.2329","ELEMENT":"f.72BD6EB346CCC82EDFB0602EE84AC45D.d.E63573C70E6C242A81D7EACC994CD337.e.2329"}]}
COMMAND: GET /session/f418f7bc7d2ff1d2d712b3b5ad58086f/screenshot - {}
RESULT: {}
RESULT: {"script":"<script> [5351 bytes]","args":[{"element-6066-11e4-a52e-4f735466cecf":"f.72BD6EB346CCC82EDFB0602EE84AC45D.d.E63573C70E6C242A81D7EACC994CD337.e.2329","ELEMENT":"f.72BD6EB346CCC82EDFB0602EE84AC45D.d.E63573C70E6C242A81D7EACC994CD337.e.2329"}]}
COMMAND: GET /session/f418f7bc7d2ff1d2d712b3b5ad58086f/screenshot - {}
RESULT: {}
RESULT: {}
RESULT: undefined
COMMAND: POST /session/f418f7bc7d2ff1d2d712b3b5ad58086f/element - {"using":"xpath","value":"//*[@id=\"__tile38\"]"}
RESULT: {"using":"xpath","value":"//*[@id=\"__tile38\"]"}
COMMAND: POST /session/f418f7bc7d2ff1d2d712b3b5ad58086f/element/f.72BD6EB346CCC82EDFB0602EE84AC45D.d.E63573C70E6C242A81D7EACC994CD337.e.155/click - {}
RESULT: {}
COMMAND: POST /session/f418f7bc7d2ff1d2d712b3b5ad58086f/element - {"using":"xpath","value":"//button[@data-kt=\"addButton\"]"}
COMMAND: GET /session/f418f7bc7d2ff1d2d712b3b5ad58086f/screenshot - {}
RESULT: {"using":"xpath","value":"//button[@data-kt=\"addButton\"]"}
COMMAND: POST /session/f418f7bc7d2ff1d2d712b3b5ad58086f/elements - {"using":"xpath","value":"//button[@data-kt=\"addButton\"]"}
RESULT: {}
RESULT: {"using":"xpath","value":"//button[@data-kt=\"addButton\"]"}
COMMAND: POST /session/f418f7bc7d2ff1d2d712b3b5ad58086f/elements - {"using":"xpath","value":"//button[@data-kt=\"addButton\"]"}
RESULT: {"using":"xpath","value":"//button[@data-kt=\"addButton\"]"}
COMMAND: POST /session/f418f7bc7d2ff1d2d712b3b5ad58086f/elements - {"using":"xpath","value":"//button[@data-kt=\"addButton\"]"}
RESULT: {"using":"xpath","value":"//button[@data-kt=\"addButton\"]"}
COMMAND: POST /session/f418f7bc7d2ff1d2d712b3b5ad58086f/elements - {"using":"xpath","value":"//button[@data-kt=\"addButton\"]"}
RESULT: {"using":"xpath","value":"//button[@data-kt=\"addButton\"]"}
COMMAND: POST /session/f418f7bc7d2ff1d2d712b3b5ad58086f/element - {"using":"xpath","value":"//button[@data-kt=\"addButton\"]"}
RESULT: {"using":"xpath","value":"//button[@data-kt=\"addButton\"]"}
COMMAND: POST /session/f418f7bc7d2ff1d2d712b3b5ad58086f/execute/sync - {"script":"<script> [8489 bytes]","args":[{"element-6066-11e4-a52e-4f735466cecf":"f.72BD6EB346CCC82EDFB0602EE84AC45D.d.E63573C70E6C242A81D7EACC994CD337.e.2364","ELEMENT":"f.72BD6EB346CCC82EDFB0602EE84AC45D.d.E63573C70E6C242A81D7EACC994CD337.e.2364"}]}
RESULT: {"script":"<script> [8489 bytes]","args":[{"element-6066-11e4-a52e-4f735466cecf":"f.72BD6EB346CCC82EDFB0602EE84AC45D.d.E63573C70E6C242A81D7EACC994CD337.e.2364","ELEMENT":"f.72BD6EB346CCC82EDFB0602EE84AC45D.d.E63573C70E6C242A81D7EACC994CD337.e.2364"}]}
COMMAND: GET /session/f418f7bc7d2ff1d2d712b3b5ad58086f/element/f.72BD6EB346CCC82EDFB0602EE84AC45D.d.E63573C70E6C242A81D7EACC994CD337.e.2364/enabled - {}
COMMAND: GET /session/f418f7bc7d2ff1d2d712b3b5ad58086f/screenshot - {}
RESULT: {}
COMMAND: POST /session/f418f7bc7d2ff1d2d712b3b5ad58086f/execute/sync - {"script":"<script> [8489 bytes]","args":[{"element-6066-11e4-a52e-4f735466cecf":"f.72BD6EB346CCC82EDFB0602EE84AC45D.d.E63573C70E6C242A81D7EACC994CD337.e.2364","ELEMENT":"f.72BD6EB346CCC82EDFB0602EE84AC45D.d.E63573C70E6C242A81D7EACC994CD337.e.2364"}]}
COMMAND: GET /session/f418f7bc7d2ff1d2d712b3b5ad58086f/screenshot - {}
RESULT: {}
RESULT: {"script":"<script> [8489 bytes]","args":[{"element-6066-11e4-a52e-4f735466cecf":"f.72BD6EB346CCC82EDFB0602EE84AC45D.d.E63573C70E6C242A81D7EACC994CD337.e.2364","ELEMENT":"f.72BD6EB346CCC82EDFB0602EE84AC45D.d.E63573C70E6C242A81D7EACC994CD337.e.2364"}]}
COMMAND: POST /session/f418f7bc7d2ff1d2d712b3b5ad58086f/execute/sync - {"script":"<script> [5351 bytes]","args":[{"element-6066-11e4-a52e-4f735466cecf":"f.72BD6EB346CCC82EDFB0602EE84AC45D.d.E63573C70E6C242A81D7EACC994CD337.e.2364","ELEMENT":"f.72BD6EB346CCC82EDFB0602EE84AC45D.d.E63573C70E6C242A81D7EACC994CD337.e.2364"}]}
COMMAND: GET /session/f418f7bc7d2ff1d2d712b3b5ad58086f/screenshot - {}
RESULT: {}
RESULT: {"script":"<script> [5351 bytes]","args":[{"element-6066-11e4-a52e-4f735466cecf":"f.72BD6EB346CCC82EDFB0602EE84AC45D.d.E63573C70E6C242A81D7EACC994CD337.e.2364","ELEMENT":"f.72BD6EB346CCC82EDFB0602EE84AC45D.d.E63573C70E6C242A81D7EACC994CD337.e.2364"}]}
COMMAND: GET /session/f418f7bc7d2ff1d2d712b3b5ad58086f/screenshot - {}
RESULT: {}
RESULT: {}
RESULT: undefined
COMMAND: POST /session/f418f7bc7d2ff1d2d712b3b5ad58086f/execute/async - {"script":"<script> [776 bytes]","args":[{"enterText":"1099","selector":{"id":"application-managepartners-display-component---masterPtm--smartFilterBar-btnBasicSearch","interaction":{"idSuffix":"I"}},"clearTextFirst":true,"interactionType":"ENTER_TEXT"}]}
RESULT: {"script":"<script> [776 bytes]","args":[{"enterText":"1099","selector":{"id":"application-managepartners-display-component---masterPtm--smartFilterBar-btnBasicSearch","interaction":{"idSuffix":"I"}},"clearTextFirst":true,"interactionType":"ENTER_TEXT"}]}
COMMAND: POST /session/f418f7bc7d2ff1d2d712b3b5ad58086f/actions - {"actions":[{"id":"action5","type":"key","parameters":{},"actions":[{"type":"keyDown","value":"î€‡"},{"type":"pause","duration":10},{"type":"keyUp","value":"î€‡"}]}]}
RESULT: {"actions":[{"id":"action5","type":"key","parameters":{},"actions":[{"type":"keyDown","value":"î€‡"},{"type":"pause","duration":10},{"type":"keyUp","value":"î€‡"}]}]}
COMMAND: GET /session/f418f7bc7d2ff1d2d712b3b5ad58086f/screenshot - {}
RESULT: {}
COMMAND: POST /session/f418f7bc7d2ff1d2d712b3b5ad58086f/elements - {"using":"xpath","value":"//table[contains(@id, \"customPartnersTable-listUl\")]/tbody/tr"}
RESULT: {"using":"xpath","value":"//table[contains(@id, \"customPartnersTable-listUl\")]/tbody/tr"}
COMMAND: POST /session/f418f7bc7d2ff1d2d712b3b5ad58086f/element - {"using":"xpath","value":"//table[contains(@id, \"customPartnersTable-listUl\")]/tbody/tr[1]/td[3]/span"}
RESULT: {"using":"xpath","value":"//table[contains(@id, \"customPartnersTable-listUl\")]/tbody/tr[1]/td[3]/span"}
COMMAND: POST /session/f418f7bc7d2ff1d2d712b3b5ad58086f/elements - {"using":"xpath","value":"//table[contains(@id, \"customPartnersTable-listUl\")]/tbody/tr[1]/td[3]/span"}
RESULT: {"using":"xpath","value":"//table[contains(@id, \"customPartnersTable-listUl\")]/tbody/tr[1]/td[3]/span"}
COMMAND: POST /session/f418f7bc7d2ff1d2d712b3b5ad58086f/execute/sync - {"script":"<script> [56 bytes]","args":[{"element-6066-11e4-a52e-4f735466cecf":"f.72BD6EB346CCC82EDFB0602EE84AC45D.d.E63573C70E6C242A81D7EACC994CD337.e.2504","ELEMENT":"f.72BD6EB346CCC82EDFB0602EE84AC45D.d.E63573C70E6C242A81D7EACC994CD337.e.2504"}]}
RESULT: {"script":"<script> [56 bytes]","args":[{"element-6066-11e4-a52e-4f735466cecf":"f.72BD6EB346CCC82EDFB0602EE84AC45D.d.E63573C70E6C242A81D7EACC994CD337.e.2504","ELEMENT":"f.72BD6EB346CCC82EDFB0602EE84AC45D.d.E63573C70E6C242A81D7EACC994CD337.e.2504"}]}
COMMAND: POST /session/f418f7bc7d2ff1d2d712b3b5ad58086f/element - {"using":"xpath","value":"//table[contains(@id, \"customPartnersTable-listUl\")]/tbody/tr[1]/td[7]/div/span"}
COMMAND: GET /session/f418f7bc7d2ff1d2d712b3b5ad58086f/screenshot - {}
RESULT: {"using":"xpath","value":"//table[contains(@id, \"customPartnersTable-listUl\")]/tbody/tr[1]/td[7]/div/span"}
COMMAND: POST /session/f418f7bc7d2ff1d2d712b3b5ad58086f/execute/sync - {"script":"<script> [56 bytes]","args":[{"element-6066-11e4-a52e-4f735466cecf":"f.72BD6EB346CCC82EDFB0602EE84AC45D.d.E63573C70E6C242A81D7EACC994CD337.e.2505","ELEMENT":"f.72BD6EB346CCC82EDFB0602EE84AC45D.d.E63573C70E6C242A81D7EACC994CD337.e.2505"}]}
RESULT: {}
RESULT: {"script":"<script> [56 bytes]","args":[{"element-6066-11e4-a52e-4f735466cecf":"f.72BD6EB346CCC82EDFB0602EE84AC45D.d.E63573C70E6C242A81D7EACC994CD337.e.2505","ELEMENT":"f.72BD6EB346CCC82EDFB0602EE84AC45D.d.E63573C70E6C242A81D7EACC994CD337.e.2505"}]}
COMMAND: POST /session/f418f7bc7d2ff1d2d712b3b5ad58086f/element - {"using":"xpath","value":"//table[contains(@id, \"customPartnersTable-listUl\")]/tbody/tr[1]/td[2]/div/div"}
COMMAND: GET /session/f418f7bc7d2ff1d2d712b3b5ad58086f/screenshot - {}
RESULT: {"using":"xpath","value":"//table[contains(@id, \"customPartnersTable-listUl\")]/tbody/tr[1]/td[2]/div/div"}
COMMAND: POST /session/f418f7bc7d2ff1d2d712b3b5ad58086f/element/f.72BD6EB346CCC82EDFB0602EE84AC45D.d.E63573C70E6C242A81D7EACC994CD337.e.2497/click - {}
RESULT: {}
RESULT: {}
COMMAND: GET /session/f418f7bc7d2ff1d2d712b3b5ad58086f/screenshot - {}
RESULT: {}
COMMAND: POST /session/f418f7bc7d2ff1d2d712b3b5ad58086f/element - {"using":"xpath","value":"//bdi[contains(text(), \"Activate\")]"}
RESULT: {"using":"xpath","value":"//bdi[contains(text(), \"Activate\")]"}
COMMAND: POST /session/f418f7bc7d2ff1d2d712b3b5ad58086f/element/f.72BD6EB346CCC82EDFB0602EE84AC45D.d.E63573C70E6C242A81D7EACC994CD337.e.2506/click - {}
RESULT: {}
COMMAND: GET /session/f418f7bc7d2ff1d2d712b3b5ad58086f/screenshot - {}
RESULT: {}
COMMAND: POST /session/f418f7bc7d2ff1d2d712b3b5ad58086f/element - {"using":"xpath","value":"//bdi[contains(text(), \"Yes\")]"}
RESULT: {"using":"xpath","value":"//bdi[contains(text(), \"Yes\")]"}
COMMAND: POST /session/f418f7bc7d2ff1d2d712b3b5ad58086f/element/f.72BD6EB346CCC82EDFB0602EE84AC45D.d.E63573C70E6C242A81D7EACC994CD337.e.2508/click - {}
RESULT: {}
COMMAND: GET /session/f418f7bc7d2ff1d2d712b3b5ad58086f/screenshot - {}
RESULT: {}
COMMAND: POST /session/f418f7bc7d2ff1d2d712b3b5ad58086f/element - {"using":"xpath","value":"//table[contains(@id, \"customPartnersTable-listUl\")]/tbody/tr[1]/td[7]/div/span"}
RESULT: {"using":"xpath","value":"//table[contains(@id, \"customPartnersTable-listUl\")]/tbody/tr[1]/td[7]/div/span"}
COMMAND: POST /session/f418f7bc7d2ff1d2d712b3b5ad58086f/execute/sync - {"script":"<script> [56 bytes]","args":[{"element-6066-11e4-a52e-4f735466cecf":"f.72BD6EB346CCC82EDFB0602EE84AC45D.d.E63573C70E6C242A81D7EACC994CD337.e.2505","ELEMENT":"f.72BD6EB346CCC82EDFB0602EE84AC45D.d.E63573C70E6C242A81D7EACC994CD337.e.2505"}]}
RESULT: {"script":"<script> [56 bytes]","args":[{"element-6066-11e4-a52e-4f735466cecf":"f.72BD6EB346CCC82EDFB0602EE84AC45D.d.E63573C70E6C242A81D7EACC994CD337.e.2505","ELEMENT":"f.72BD6EB346CCC82EDFB0602EE84AC45D.d.E63573C70E6C242A81D7EACC994CD337.e.2505"}]}
COMMAND: GET /session/f418f7bc7d2ff1d2d712b3b5ad58086f/screenshot - {}
RESULT: {}
COMMAND: POST /session/f418f7bc7d2ff1d2d712b3b5ad58086f/element - {"using":"css selector","value":"#shell-header-logo"}
RESULT: {"using":"css selector","value":"#shell-header-logo"}
COMMAND: POST /session/f418f7bc7d2ff1d2d712b3b5ad58086f/element/f.72BD6EB346CCC82EDFB0602EE84AC45D.d.E63573C70E6C242A81D7EACC994CD337.e.2329/click - {}
RESULT: {}
COMMAND: GET /session/f418f7bc7d2ff1d2d712b3b5ad58086f/screenshot - {}
RESULT: {}
]]></system-out>
    </testcase>
    <testcase classname="chrome.135_0_7049_96.windows.Partner_specific_tests_US150819_US151080_US151654_US151176_US103444_US151078_US151079_US151109_US151174_US151175_US151189" name="Should edit the created external partner and save it and check its content US103444" time="59.723">
      <system-out><![CDATA[
COMMAND: POST /session/f418f7bc7d2ff1d2d712b3b5ad58086f/element - {"using":"xpath","value":"//li[.//span[text()=\"Manage Partners\"]]"}
RESULT: {"using":"xpath","value":"//li[.//span[text()=\"Manage Partners\"]]"}
COMMAND: POST /session/f418f7bc7d2ff1d2d712b3b5ad58086f/element - {"using":"xpath","value":"//li[.//span[text()=\"Manage Partners\"]]"}
RESULT: {"using":"xpath","value":"//li[.//span[text()=\"Manage Partners\"]]"}
COMMAND: POST /session/f418f7bc7d2ff1d2d712b3b5ad58086f/element - {"using":"css selector","value":"#shell-header-logo"}
RESULT: {"using":"css selector","value":"#shell-header-logo"}
COMMAND: POST /session/f418f7bc7d2ff1d2d712b3b5ad58086f/element/f.72BD6EB346CCC82EDFB0602EE84AC45D.d.E63573C70E6C242A81D7EACC994CD337.e.2512/click - {}
COMMAND: POST /session/f418f7bc7d2ff1d2d712b3b5ad58086f/execute/sync - {"script":"<script> [8489 bytes]","args":[{"element-6066-11e4-a52e-4f735466cecf":"f.72BD6EB346CCC82EDFB0602EE84AC45D.d.E63573C70E6C242A81D7EACC994CD337.e.2512","ELEMENT":"f.72BD6EB346CCC82EDFB0602EE84AC45D.d.E63573C70E6C242A81D7EACC994CD337.e.2512"}]}
RESULT: {}
COMMAND: GET /session/f418f7bc7d2ff1d2d712b3b5ad58086f/screenshot - {}
RESULT: {"script":"<script> [8489 bytes]","args":[{"element-6066-11e4-a52e-4f735466cecf":"f.72BD6EB346CCC82EDFB0602EE84AC45D.d.E63573C70E6C242A81D7EACC994CD337.e.2512","ELEMENT":"f.72BD6EB346CCC82EDFB0602EE84AC45D.d.E63573C70E6C242A81D7EACC994CD337.e.2512"}]}
COMMAND: POST /session/f418f7bc7d2ff1d2d712b3b5ad58086f/execute/sync - {"script":"<script> [5351 bytes]","args":[{"element-6066-11e4-a52e-4f735466cecf":"f.72BD6EB346CCC82EDFB0602EE84AC45D.d.E63573C70E6C242A81D7EACC994CD337.e.2512","ELEMENT":"f.72BD6EB346CCC82EDFB0602EE84AC45D.d.E63573C70E6C242A81D7EACC994CD337.e.2512"}]}
COMMAND: GET /session/f418f7bc7d2ff1d2d712b3b5ad58086f/screenshot - {}
RESULT: {}
RESULT: {"script":"<script> [5351 bytes]","args":[{"element-6066-11e4-a52e-4f735466cecf":"f.72BD6EB346CCC82EDFB0602EE84AC45D.d.E63573C70E6C242A81D7EACC994CD337.e.2512","ELEMENT":"f.72BD6EB346CCC82EDFB0602EE84AC45D.d.E63573C70E6C242A81D7EACC994CD337.e.2512"}]}
COMMAND: GET /session/f418f7bc7d2ff1d2d712b3b5ad58086f/screenshot - {}
RESULT: {}
RESULT: {}
RESULT: undefined
COMMAND: POST /session/f418f7bc7d2ff1d2d712b3b5ad58086f/element - {"using":"xpath","value":"//*[@id=\"__tile38\"]"}
RESULT: {"using":"xpath","value":"//*[@id=\"__tile38\"]"}
COMMAND: POST /session/f418f7bc7d2ff1d2d712b3b5ad58086f/element/f.72BD6EB346CCC82EDFB0602EE84AC45D.d.E63573C70E6C242A81D7EACC994CD337.e.155/click - {}
RESULT: {}
COMMAND: POST /session/f418f7bc7d2ff1d2d712b3b5ad58086f/element - {"using":"xpath","value":"//button[@data-kt=\"addButton\"]"}
COMMAND: GET /session/f418f7bc7d2ff1d2d712b3b5ad58086f/screenshot - {}
RESULT: {"using":"xpath","value":"//button[@data-kt=\"addButton\"]"}
COMMAND: POST /session/f418f7bc7d2ff1d2d712b3b5ad58086f/elements - {"using":"xpath","value":"//button[@data-kt=\"addButton\"]"}
RESULT: {}
RESULT: {"using":"xpath","value":"//button[@data-kt=\"addButton\"]"}
COMMAND: POST /session/f418f7bc7d2ff1d2d712b3b5ad58086f/elements - {"using":"xpath","value":"//button[@data-kt=\"addButton\"]"}
RESULT: {"using":"xpath","value":"//button[@data-kt=\"addButton\"]"}
COMMAND: POST /session/f418f7bc7d2ff1d2d712b3b5ad58086f/elements - {"using":"xpath","value":"//button[@data-kt=\"addButton\"]"}
RESULT: {"using":"xpath","value":"//button[@data-kt=\"addButton\"]"}
COMMAND: POST /session/f418f7bc7d2ff1d2d712b3b5ad58086f/elements - {"using":"xpath","value":"//button[@data-kt=\"addButton\"]"}
RESULT: {"using":"xpath","value":"//button[@data-kt=\"addButton\"]"}
COMMAND: POST /session/f418f7bc7d2ff1d2d712b3b5ad58086f/element - {"using":"xpath","value":"//button[@data-kt=\"addButton\"]"}
RESULT: {"using":"xpath","value":"//button[@data-kt=\"addButton\"]"}
COMMAND: POST /session/f418f7bc7d2ff1d2d712b3b5ad58086f/execute/sync - {"script":"<script> [8489 bytes]","args":[{"element-6066-11e4-a52e-4f735466cecf":"f.72BD6EB346CCC82EDFB0602EE84AC45D.d.E63573C70E6C242A81D7EACC994CD337.e.2557","ELEMENT":"f.72BD6EB346CCC82EDFB0602EE84AC45D.d.E63573C70E6C242A81D7EACC994CD337.e.2557"}]}
RESULT: {"script":"<script> [8489 bytes]","args":[{"element-6066-11e4-a52e-4f735466cecf":"f.72BD6EB346CCC82EDFB0602EE84AC45D.d.E63573C70E6C242A81D7EACC994CD337.e.2557","ELEMENT":"f.72BD6EB346CCC82EDFB0602EE84AC45D.d.E63573C70E6C242A81D7EACC994CD337.e.2557"}]}
COMMAND: GET /session/f418f7bc7d2ff1d2d712b3b5ad58086f/element/f.72BD6EB346CCC82EDFB0602EE84AC45D.d.E63573C70E6C242A81D7EACC994CD337.e.2557/enabled - {}
COMMAND: GET /session/f418f7bc7d2ff1d2d712b3b5ad58086f/screenshot - {}
RESULT: {}
COMMAND: POST /session/f418f7bc7d2ff1d2d712b3b5ad58086f/execute/sync - {"script":"<script> [8489 bytes]","args":[{"element-6066-11e4-a52e-4f735466cecf":"f.72BD6EB346CCC82EDFB0602EE84AC45D.d.E63573C70E6C242A81D7EACC994CD337.e.2557","ELEMENT":"f.72BD6EB346CCC82EDFB0602EE84AC45D.d.E63573C70E6C242A81D7EACC994CD337.e.2557"}]}
COMMAND: GET /session/f418f7bc7d2ff1d2d712b3b5ad58086f/screenshot - {}
RESULT: {}
RESULT: {}
RESULT: {"script":"<script> [8489 bytes]","args":[{"element-6066-11e4-a52e-4f735466cecf":"f.72BD6EB346CCC82EDFB0602EE84AC45D.d.E63573C70E6C242A81D7EACC994CD337.e.2557","ELEMENT":"f.72BD6EB346CCC82EDFB0602EE84AC45D.d.E63573C70E6C242A81D7EACC994CD337.e.2557"}]}
COMMAND: POST /session/f418f7bc7d2ff1d2d712b3b5ad58086f/execute/sync - {"script":"<script> [5351 bytes]","args":[{"element-6066-11e4-a52e-4f735466cecf":"f.72BD6EB346CCC82EDFB0602EE84AC45D.d.E63573C70E6C242A81D7EACC994CD337.e.2557","ELEMENT":"f.72BD6EB346CCC82EDFB0602EE84AC45D.d.E63573C70E6C242A81D7EACC994CD337.e.2557"}]}
COMMAND: GET /session/f418f7bc7d2ff1d2d712b3b5ad58086f/screenshot - {}
RESULT: {"script":"<script> [5351 bytes]","args":[{"element-6066-11e4-a52e-4f735466cecf":"f.72BD6EB346CCC82EDFB0602EE84AC45D.d.E63573C70E6C242A81D7EACC994CD337.e.2557","ELEMENT":"f.72BD6EB346CCC82EDFB0602EE84AC45D.d.E63573C70E6C242A81D7EACC994CD337.e.2557"}]}
COMMAND: GET /session/f418f7bc7d2ff1d2d712b3b5ad58086f/screenshot - {}
RESULT: {}
RESULT: {}
RESULT: undefined
COMMAND: POST /session/f418f7bc7d2ff1d2d712b3b5ad58086f/execute/async - {"script":"<script> [776 bytes]","args":[{"enterText":"1099","selector":{"id":"application-managepartners-display-component---masterPtm--smartFilterBar-btnBasicSearch","interaction":{"idSuffix":"I"}},"clearTextFirst":true,"interactionType":"ENTER_TEXT"}]}
RESULT: {"script":"<script> [776 bytes]","args":[{"enterText":"1099","selector":{"id":"application-managepartners-display-component---masterPtm--smartFilterBar-btnBasicSearch","interaction":{"idSuffix":"I"}},"clearTextFirst":true,"interactionType":"ENTER_TEXT"}]}
COMMAND: POST /session/f418f7bc7d2ff1d2d712b3b5ad58086f/actions - {"actions":[{"id":"action6","type":"key","parameters":{},"actions":[{"type":"keyDown","value":"î€‡"},{"type":"pause","duration":10},{"type":"keyUp","value":"î€‡"}]}]}
RESULT: {"actions":[{"id":"action6","type":"key","parameters":{},"actions":[{"type":"keyDown","value":"î€‡"},{"type":"pause","duration":10},{"type":"keyUp","value":"î€‡"}]}]}
COMMAND: GET /session/f418f7bc7d2ff1d2d712b3b5ad58086f/screenshot - {}
RESULT: {}
COMMAND: POST /session/f418f7bc7d2ff1d2d712b3b5ad58086f/elements - {"using":"xpath","value":"//table[contains(@id, \"customPartnersTable-listUl\")]/tbody/tr"}
RESULT: {"using":"xpath","value":"//table[contains(@id, \"customPartnersTable-listUl\")]/tbody/tr"}
COMMAND: POST /session/f418f7bc7d2ff1d2d712b3b5ad58086f/element - {"using":"xpath","value":"//table[contains(@id, \"customPartnersTable-listUl\")]/tbody/tr[1]/td[3]/span"}
RESULT: {"using":"xpath","value":"//table[contains(@id, \"customPartnersTable-listUl\")]/tbody/tr[1]/td[3]/span"}
COMMAND: POST /session/f418f7bc7d2ff1d2d712b3b5ad58086f/elements - {"using":"xpath","value":"//table[contains(@id, \"customPartnersTable-listUl\")]/tbody/tr[1]/td[3]/span"}
RESULT: {"using":"xpath","value":"//table[contains(@id, \"customPartnersTable-listUl\")]/tbody/tr[1]/td[3]/span"}
COMMAND: POST /session/f418f7bc7d2ff1d2d712b3b5ad58086f/execute/sync - {"script":"<script> [56 bytes]","args":[{"element-6066-11e4-a52e-4f735466cecf":"f.72BD6EB346CCC82EDFB0602EE84AC45D.d.E63573C70E6C242A81D7EACC994CD337.e.2686","ELEMENT":"f.72BD6EB346CCC82EDFB0602EE84AC45D.d.E63573C70E6C242A81D7EACC994CD337.e.2686"}]}
RESULT: {"script":"<script> [56 bytes]","args":[{"element-6066-11e4-a52e-4f735466cecf":"f.72BD6EB346CCC82EDFB0602EE84AC45D.d.E63573C70E6C242A81D7EACC994CD337.e.2686","ELEMENT":"f.72BD6EB346CCC82EDFB0602EE84AC45D.d.E63573C70E6C242A81D7EACC994CD337.e.2686"}]}
COMMAND: POST /session/f418f7bc7d2ff1d2d712b3b5ad58086f/element - {"using":"xpath","value":"(//span[contains(@id, \"imgNav\")])[1]"}
COMMAND: GET /session/f418f7bc7d2ff1d2d712b3b5ad58086f/screenshot - {}
RESULT: {"using":"xpath","value":"(//span[contains(@id, \"imgNav\")])[1]"}
COMMAND: POST /session/f418f7bc7d2ff1d2d712b3b5ad58086f/element/f.72BD6EB346CCC82EDFB0602EE84AC45D.d.E63573C70E6C242A81D7EACC994CD337.e.2685/click - {}
RESULT: {}
RESULT: {}
COMMAND: GET /session/f418f7bc7d2ff1d2d712b3b5ad58086f/screenshot - {}
RESULT: {}
COMMAND: POST /session/f418f7bc7d2ff1d2d712b3b5ad58086f/element - {"using":"xpath","value":"//bdi[contains(text(), \"Edit\")]"}
RESULT: {"using":"xpath","value":"//bdi[contains(text(), \"Edit\")]"}
COMMAND: POST /session/f418f7bc7d2ff1d2d712b3b5ad58086f/element/f.72BD6EB346CCC82EDFB0602EE84AC45D.d.E63573C70E6C242A81D7EACC994CD337.e.2828/click - {}
RESULT: {}
COMMAND: GET /session/f418f7bc7d2ff1d2d712b3b5ad58086f/screenshot - {}
RESULT: {}
COMMAND: POST /session/f418f7bc7d2ff1d2d712b3b5ad58086f/execute/async - {"script":"<script> [1562 bytes]","args":[{"selector":{"controlType":"sap.m.Input","viewName":"etm.portal.ui.managepartners.view.EditDetail","labelFor":{"text":"Name"},"interaction":{"idSuffix":"inner"}},"wdio_ui5_key":"etmportal.ui.managepartners.view.EditDetailsap.m.Input{\"text\":\"Name\"}"}]}
RESULT: {"script":"<script> [1562 bytes]","args":[{"selector":{"controlType":"sap.m.Input","viewName":"etm.portal.ui.managepartners.view.EditDetail","labelFor":{"text":"Name"},"interaction":{"idSuffix":"inner"}},"wdio_ui5_key":"etmportal.ui.managepartners.view.EditDetailsap.m.Input{\"text\":\"Name\"}"}]}
RESULT: undefined
COMMAND: POST /session/f418f7bc7d2ff1d2d712b3b5ad58086f/execute/async - {"script":"<script> [776 bytes]","args":[{"enterText":"External EDIT","selector":{"controlType":"sap.m.Input","viewName":"etm.portal.ui.managepartners.view.EditDetail","labelFor":{"text":"Name"},"interaction":{"idSuffix":"inner"}},"clearTextFirst":true,"interactionType":"ENTER_TEXT"}]}
RESULT: {"script":"<script> [776 bytes]","args":[{"enterText":"External EDIT","selector":{"controlType":"sap.m.Input","viewName":"etm.portal.ui.managepartners.view.EditDetail","labelFor":{"text":"Name"},"interaction":{"idSuffix":"inner"}},"clearTextFirst":true,"interactionType":"ENTER_TEXT"}]}
COMMAND: POST /session/f418f7bc7d2ff1d2d712b3b5ad58086f/element - {"using":"xpath","value":"(//span[contains(@id,\"addressDetailDetailsLanguage-arrow\")])[1]"}
RESULT: {"using":"xpath","value":"(//span[contains(@id,\"addressDetailDetailsLanguage-arrow\")])[1]"}
COMMAND: POST /session/f418f7bc7d2ff1d2d712b3b5ad58086f/element/f.72BD6EB346CCC82EDFB0602EE84AC45D.d.E63573C70E6C242A81D7EACC994CD337.e.2907/click - {}
RESULT: {}
COMMAND: POST /session/f418f7bc7d2ff1d2d712b3b5ad58086f/element - {"using":"xpath","value":"//span[contains(text(), \"Chinese\")]"}
COMMAND: GET /session/f418f7bc7d2ff1d2d712b3b5ad58086f/screenshot - {}
RESULT: {"using":"xpath","value":"//span[contains(text(), \"Chinese\")]"}
COMMAND: POST /session/f418f7bc7d2ff1d2d712b3b5ad58086f/element/f.72BD6EB346CCC82EDFB0602EE84AC45D.d.E63573C70E6C242A81D7EACC994CD337.e.2908/click - {}
RESULT: {}
RESULT: {}
COMMAND: GET /session/f418f7bc7d2ff1d2d712b3b5ad58086f/screenshot - {}
RESULT: {}
COMMAND: POST /session/f418f7bc7d2ff1d2d712b3b5ad58086f/execute/async - {"script":"<script> [1562 bytes]","args":[{"selector":{"controlType":"sap.m.Input","viewName":"etm.portal.ui.managepartners.view.EditDetail","labelFor":{"text":"City"},"interaction":{"idSuffix":"inner"}},"wdio_ui5_key":"etmportal.ui.managepartners.view.EditDetailsap.m.Input{\"text\":\"City\"}"}]}
RESULT: {"script":"<script> [1562 bytes]","args":[{"selector":{"controlType":"sap.m.Input","viewName":"etm.portal.ui.managepartners.view.EditDetail","labelFor":{"text":"City"},"interaction":{"idSuffix":"inner"}},"wdio_ui5_key":"etmportal.ui.managepartners.view.EditDetailsap.m.Input{\"text\":\"City\"}"}]}
RESULT: undefined
COMMAND: POST /session/f418f7bc7d2ff1d2d712b3b5ad58086f/execute/async - {"script":"<script> [776 bytes]","args":[{"enterText":"Clooj-Napoca","selector":{"controlType":"sap.m.Input","viewName":"etm.portal.ui.managepartners.view.EditDetail","labelFor":{"text":"City"},"interaction":{"idSuffix":"inner"}},"clearTextFirst":true,"interactionType":"ENTER_TEXT"}]}
RESULT: {"script":"<script> [776 bytes]","args":[{"enterText":"Clooj-Napoca","selector":{"controlType":"sap.m.Input","viewName":"etm.portal.ui.managepartners.view.EditDetail","labelFor":{"text":"City"},"interaction":{"idSuffix":"inner"}},"clearTextFirst":true,"interactionType":"ENTER_TEXT"}]}
COMMAND: POST /session/f418f7bc7d2ff1d2d712b3b5ad58086f/element - {"using":"xpath","value":"//button[@data-kt=\"saveButton\"]"}
RESULT: {"using":"xpath","value":"//button[@data-kt=\"saveButton\"]"}
COMMAND: POST /session/f418f7bc7d2ff1d2d712b3b5ad58086f/element/f.72BD6EB346CCC82EDFB0602EE84AC45D.d.E63573C70E6C242A81D7EACC994CD337.e.2890/click - {}
RESULT: {}
COMMAND: GET /session/f418f7bc7d2ff1d2d712b3b5ad58086f/screenshot - {}
RESULT: {}
COMMAND: POST /session/f418f7bc7d2ff1d2d712b3b5ad58086f/execute/async - {"script":"<script> [1562 bytes]","args":[{"selector":{"id":"application-managepartners-display-component---detailPtm--addressDetailDetailsName1"},"wdio_ui5_key":"applicationmanagepartners-display-component---detailPtm--addressDetailDetailsName1"}]}
RESULT: {"script":"<script> [1562 bytes]","args":[{"selector":{"id":"application-managepartners-display-component---detailPtm--addressDetailDetailsName1"},"wdio_ui5_key":"applicationmanagepartners-display-component---detailPtm--addressDetailDetailsName1"}]}
RESULT: undefined
COMMAND: POST /session/f418f7bc7d2ff1d2d712b3b5ad58086f/execute/async - {"script":"<script> [6424 bytes]","args":[{"element-6066-11e4-a52e-4f735466cecf":"f.72BD6EB346CCC82EDFB0602EE84AC45D.d.E63573C70E6C242A81D7EACC994CD337.e.2939"},"getValue",[]]}
RESULT: {"script":"<script> [6424 bytes]","args":[{"element-6066-11e4-a52e-4f735466cecf":"f.72BD6EB346CCC82EDFB0602EE84AC45D.d.E63573C70E6C242A81D7EACC994CD337.e.2939"},"getValue",[]]}
COMMAND: POST /session/f418f7bc7d2ff1d2d712b3b5ad58086f/element - {"using":"xpath","value":"//input[@id = \"application-managepartners-display-component---detailPtm--addressDetailDetailsLanguage-inner\"]"}
RESULT: {"using":"xpath","value":"//input[@id = \"application-managepartners-display-component---detailPtm--addressDetailDetailsLanguage-inner\"]"}
COMMAND: GET /session/f418f7bc7d2ff1d2d712b3b5ad58086f/element/f.72BD6EB346CCC82EDFB0602EE84AC45D.d.E63573C70E6C242A81D7EACC994CD337.e.2940/property/value - {}
RESULT: {}
COMMAND: POST /session/f418f7bc7d2ff1d2d712b3b5ad58086f/execute/async - {"script":"<script> [1562 bytes]","args":[{"selector":{"id":"application-managepartners-display-component---detailPtm--addressDetailDetailsCity1"},"wdio_ui5_key":"applicationmanagepartners-display-component---detailPtm--addressDetailDetailsCity1"}]}
COMMAND: GET /session/f418f7bc7d2ff1d2d712b3b5ad58086f/screenshot - {}
RESULT: {"script":"<script> [1562 bytes]","args":[{"selector":{"id":"application-managepartners-display-component---detailPtm--addressDetailDetailsCity1"},"wdio_ui5_key":"applicationmanagepartners-display-component---detailPtm--addressDetailDetailsCity1"}]}
RESULT: undefined
COMMAND: POST /session/f418f7bc7d2ff1d2d712b3b5ad58086f/execute/async - {"script":"<script> [6424 bytes]","args":[{"element-6066-11e4-a52e-4f735466cecf":"f.72BD6EB346CCC82EDFB0602EE84AC45D.d.E63573C70E6C242A81D7EACC994CD337.e.2941"},"getValue",[]]}
RESULT: {}
RESULT: {"script":"<script> [6424 bytes]","args":[{"element-6066-11e4-a52e-4f735466cecf":"f.72BD6EB346CCC82EDFB0602EE84AC45D.d.E63573C70E6C242A81D7EACC994CD337.e.2941"},"getValue",[]]}
COMMAND: POST /session/f418f7bc7d2ff1d2d712b3b5ad58086f/element - {"using":"css selector","value":"#shell-header-logo"}
RESULT: {"using":"css selector","value":"#shell-header-logo"}
COMMAND: POST /session/f418f7bc7d2ff1d2d712b3b5ad58086f/element/f.72BD6EB346CCC82EDFB0602EE84AC45D.d.E63573C70E6C242A81D7EACC994CD337.e.2512/click - {}
RESULT: {}
COMMAND: GET /session/f418f7bc7d2ff1d2d712b3b5ad58086f/screenshot - {}
RESULT: {}
]]></system-out>
    </testcase>
    <testcase classname="chrome.135_0_7049_96.windows.Partner_specific_tests_US150819_US151080_US151654_US151176_US103444_US151078_US151079_US151109_US151174_US151175_US151189" name="Should create a new intercompany partner edit some of its fields US151078" time="222.335">
      <system-out><![CDATA[
COMMAND: POST /session/f418f7bc7d2ff1d2d712b3b5ad58086f/element - {"using":"xpath","value":"//li[.//span[text()=\"Manage Partners\"]]"}
RESULT: {"using":"xpath","value":"//li[.//span[text()=\"Manage Partners\"]]"}
COMMAND: POST /session/f418f7bc7d2ff1d2d712b3b5ad58086f/element - {"using":"xpath","value":"//li[.//span[text()=\"Manage Partners\"]]"}
RESULT: {"using":"xpath","value":"//li[.//span[text()=\"Manage Partners\"]]"}
COMMAND: POST /session/f418f7bc7d2ff1d2d712b3b5ad58086f/element - {"using":"css selector","value":"#shell-header-logo"}
RESULT: {"using":"css selector","value":"#shell-header-logo"}
COMMAND: POST /session/f418f7bc7d2ff1d2d712b3b5ad58086f/element/f.72BD6EB346CCC82EDFB0602EE84AC45D.d.E63573C70E6C242A81D7EACC994CD337.e.2971/click - {}
COMMAND: POST /session/f418f7bc7d2ff1d2d712b3b5ad58086f/execute/sync - {"script":"<script> [8489 bytes]","args":[{"element-6066-11e4-a52e-4f735466cecf":"f.72BD6EB346CCC82EDFB0602EE84AC45D.d.E63573C70E6C242A81D7EACC994CD337.e.2971","ELEMENT":"f.72BD6EB346CCC82EDFB0602EE84AC45D.d.E63573C70E6C242A81D7EACC994CD337.e.2971"}]}
RESULT: {}
COMMAND: GET /session/f418f7bc7d2ff1d2d712b3b5ad58086f/screenshot - {}
RESULT: {"script":"<script> [8489 bytes]","args":[{"element-6066-11e4-a52e-4f735466cecf":"f.72BD6EB346CCC82EDFB0602EE84AC45D.d.E63573C70E6C242A81D7EACC994CD337.e.2971","ELEMENT":"f.72BD6EB346CCC82EDFB0602EE84AC45D.d.E63573C70E6C242A81D7EACC994CD337.e.2971"}]}
COMMAND: POST /session/f418f7bc7d2ff1d2d712b3b5ad58086f/execute/sync - {"script":"<script> [5351 bytes]","args":[{"element-6066-11e4-a52e-4f735466cecf":"f.72BD6EB346CCC82EDFB0602EE84AC45D.d.E63573C70E6C242A81D7EACC994CD337.e.2971","ELEMENT":"f.72BD6EB346CCC82EDFB0602EE84AC45D.d.E63573C70E6C242A81D7EACC994CD337.e.2971"}]}
COMMAND: GET /session/f418f7bc7d2ff1d2d712b3b5ad58086f/screenshot - {}
RESULT: {}
RESULT: {"script":"<script> [5351 bytes]","args":[{"element-6066-11e4-a52e-4f735466cecf":"f.72BD6EB346CCC82EDFB0602EE84AC45D.d.E63573C70E6C242A81D7EACC994CD337.e.2971","ELEMENT":"f.72BD6EB346CCC82EDFB0602EE84AC45D.d.E63573C70E6C242A81D7EACC994CD337.e.2971"}]}
COMMAND: GET /session/f418f7bc7d2ff1d2d712b3b5ad58086f/screenshot - {}
RESULT: {}
RESULT: {}
COMMAND: POST /session/f418f7bc7d2ff1d2d712b3b5ad58086f/refresh - {}
RESULT: {}
COMMAND: GET /session/f418f7bc7d2ff1d2d712b3b5ad58086f/screenshot - {}
RESULT: {}
COMMAND: POST /session/f418f7bc7d2ff1d2d712b3b5ad58086f/refresh - {}
RESULT: {}
COMMAND: GET /session/f418f7bc7d2ff1d2d712b3b5ad58086f/screenshot - {}
RESULT: {}
COMMAND: POST /session/f418f7bc7d2ff1d2d712b3b5ad58086f/window/fullscreen - {}
RESULT: {}
COMMAND: POST /session/f418f7bc7d2ff1d2d712b3b5ad58086f/execute/async - {"script":"<script> [189 bytes]","args":[]}
RESULT: {"script":"<script> [189 bytes]","args":[]}
COMMAND: POST /session/f418f7bc7d2ff1d2d712b3b5ad58086f/execute/async - {"script":"<script> [123 bytes]","args":[]}
RESULT: {"script":"<script> [123 bytes]","args":[]}
COMMAND: POST /session/f418f7bc7d2ff1d2d712b3b5ad58086f/timeouts - {"script":"<number>"}
RESULT: {"script":"<number>"}
COMMAND: GET /session/f418f7bc7d2ff1d2d712b3b5ad58086f/timeouts - {}
RESULT: {}
RESULT: undefined
COMMAND: POST /session/f418f7bc7d2ff1d2d712b3b5ad58086f/execute/async - {"script":"<script> [2676 bytes]","args":[]}
RESULT: {"script":"<script> [2676 bytes]","args":[]}
COMMAND: POST /session/f418f7bc7d2ff1d2d712b3b5ad58086f/execute/async - {"script":"<script> [2342 bytes]","args":[{"protocol":"http","hostname":"0.0.0.0","path":"/","capabilities":{"browserName":"chrome","goog:chromeOptions":{"binary":"C:\\Program Files\\Google\\Chrome\\Application\\chrome.exe","args":["--start-maximized"]}},"logLevel":"warn","connectionRetryTimeout":120000,"connectionRetryCount":3,"logLevels":{},"enableDirectConnect":true,"strictSSL":true,"_":"65 more keys: [\"cacheDir\",\"port\",\"requestedCapabilities\",\"automationProtocol\",\"baseUrl\",\"waitforInterval\",\"waitforTimeout\",\"onReload\",\"beforeCommand\",\"afterCommand\",\"rootDir\",\"specs\",\"suites\",\"exclude\",\"groupLogsByTestSpec\",\"excludeDriverLogs\",\"bail\",\"framework\",\"reporters\",\"services\",\"maxInstances\",\"maxInstancesPerCapability\",\"injectGlobals\",\"filesToWatch\",\"execArgv\",\"runnerEnv\",\"runner\",\"shard\",\"specFileRetries\",\"specFileRetriesDelay\",\"specFileRetriesDeferred\",\"reporterSyncInterval\",\"reporterSyncTimeout\",\"cucumberFeaturesWithLineNumbers\",\"autoCompileOpts\",\"mochaOpts\",\"jasmineOpts\",\"cucumberOpts\",\"onPrepare\",\"onWorkerStart\",\"onWorkerEnd\",\"before\",\"beforeSession\",\"beforeSuite\",\"beforeHook\",\"beforeTest\",\"afterTest\",\"afterHook\",\"afterSuite\",\"afterSession\",\"after\",\"onComplete\",\"beforeAssertion\",\"afterAssertion\",\"beforeFeature\",\"beforeScenario\",\"beforeStep\",\"afterStep\",\"afterScenario\",\"afterFeature\",\"_\",\"suite\",\"$0\",\"ignoredWorkerServices\",\"wdi5\"]"}]}
RESULT: {"script":"<script> [2342 bytes]","args":[{"protocol":"http","hostname":"0.0.0.0","path":"/","capabilities":{"browserName":"chrome","goog:chromeOptions":{"binary":"C:\\Program Files\\Google\\Chrome\\Application\\chrome.exe","args":["--start-maximized"]}},"logLevel":"warn","connectionRetryTimeout":120000,"connectionRetryCount":3,"logLevels":{},"enableDirectConnect":true,"strictSSL":true,"_":"65 more keys: [\"cacheDir\",\"port\",\"requestedCapabilities\",\"automationProtocol\",\"baseUrl\",\"waitforInterval\",\"waitforTimeout\",\"onReload\",\"beforeCommand\",\"afterCommand\",\"rootDir\",\"specs\",\"suites\",\"exclude\",\"groupLogsByTestSpec\",\"excludeDriverLogs\",\"bail\",\"framework\",\"reporters\",\"services\",\"maxInstances\",\"maxInstancesPerCapability\",\"injectGlobals\",\"filesToWatch\",\"execArgv\",\"runnerEnv\",\"runner\",\"shard\",\"specFileRetries\",\"specFileRetriesDelay\",\"specFileRetriesDeferred\",\"reporterSyncInterval\",\"reporterSyncTimeout\",\"cucumberFeaturesWithLineNumbers\",\"autoCompileOpts\",\"mochaOpts\",\"jasmineOpts\",\"cucumberOpts\",\"onPrepare\",\"onWorkerStart\",\"onWorkerEnd\",\"before\",\"beforeSession\",\"beforeSuite\",\"beforeHook\",\"beforeTest\",\"afterTest\",\"afterHook\",\"afterSuite\",\"afterSession\",\"after\",\"onComplete\",\"beforeAssertion\",\"afterAssertion\",\"beforeFeature\",\"beforeScenario\",\"beforeStep\",\"afterStep\",\"afterScenario\",\"afterFeature\",\"_\",\"suite\",\"$0\",\"ignoredWorkerServices\",\"wdi5\"]"}]}
COMMAND: POST /session/f418f7bc7d2ff1d2d712b3b5ad58086f/execute/async - {"script":"<script> [21126 bytes]","args":[35000]}
RESULT: {"script":"<script> [21126 bytes]","args":[35000]}
COMMAND: POST /session/f418f7bc7d2ff1d2d712b3b5ad58086f/window/fullscreen - {}
RESULT: {}
COMMAND: POST /session/f418f7bc7d2ff1d2d712b3b5ad58086f/window/fullscreen - {}
RESULT: {}
COMMAND: POST /session/f418f7bc7d2ff1d2d712b3b5ad58086f/execute/async - {"script":"<script> [1562 bytes]","args":[{"selector":{"controlType":"sap.m.GenericTile","properties":{"header":"Manage Partners"}},"wdio_ui5_key":"sapm.GenericTile{\"header\":\"Manage Partners\"}"}]}
RESULT: {"script":"<script> [1562 bytes]","args":[{"selector":{"controlType":"sap.m.GenericTile","properties":{"header":"Manage Partners"}},"wdio_ui5_key":"sapm.GenericTile{\"header\":\"Manage Partners\"}"}]}
RESULT: undefined
COMMAND: POST /session/f418f7bc7d2ff1d2d712b3b5ad58086f/element - {"using":"xpath","value":"//*[@id=\"__tile30\"]"}
RESULT: {"using":"xpath","value":"//*[@id=\"__tile30\"]"}
COMMAND: POST /session/f418f7bc7d2ff1d2d712b3b5ad58086f/element/f.72BD6EB346CCC82EDFB0602EE84AC45D.d.50F3432257DD5DF50EDB16794FF75AD0.e.3039/click - {}
RESULT: {}
COMMAND: POST /session/f418f7bc7d2ff1d2d712b3b5ad58086f/element - {"using":"xpath","value":"//button[@data-kt=\"addButton\"]"}
COMMAND: GET /session/f418f7bc7d2ff1d2d712b3b5ad58086f/screenshot - {}
RESULT: {"using":"xpath","value":"//button[@data-kt=\"addButton\"]"}
COMMAND: POST /session/f418f7bc7d2ff1d2d712b3b5ad58086f/elements - {"using":"xpath","value":"//button[@data-kt=\"addButton\"]"}
RESULT: {}
RESULT: {"using":"xpath","value":"//button[@data-kt=\"addButton\"]"}
COMMAND: POST /session/f418f7bc7d2ff1d2d712b3b5ad58086f/elements - {"using":"xpath","value":"//button[@data-kt=\"addButton\"]"}
RESULT: {"using":"xpath","value":"//button[@data-kt=\"addButton\"]"}
COMMAND: POST /session/f418f7bc7d2ff1d2d712b3b5ad58086f/elements - {"using":"xpath","value":"//button[@data-kt=\"addButton\"]"}
RESULT: {"using":"xpath","value":"//button[@data-kt=\"addButton\"]"}
COMMAND: POST /session/f418f7bc7d2ff1d2d712b3b5ad58086f/elements - {"using":"xpath","value":"//button[@data-kt=\"addButton\"]"}
RESULT: {"using":"xpath","value":"//button[@data-kt=\"addButton\"]"}
COMMAND: POST /session/f418f7bc7d2ff1d2d712b3b5ad58086f/elements - {"using":"xpath","value":"//button[@data-kt=\"addButton\"]"}
RESULT: {"using":"xpath","value":"//button[@data-kt=\"addButton\"]"}
COMMAND: POST /session/f418f7bc7d2ff1d2d712b3b5ad58086f/elements - {"using":"xpath","value":"//button[@data-kt=\"addButton\"]"}
RESULT: {"using":"xpath","value":"//button[@data-kt=\"addButton\"]"}
COMMAND: POST /session/f418f7bc7d2ff1d2d712b3b5ad58086f/elements - {"using":"xpath","value":"//button[@data-kt=\"addButton\"]"}
RESULT: {"using":"xpath","value":"//button[@data-kt=\"addButton\"]"}
COMMAND: POST /session/f418f7bc7d2ff1d2d712b3b5ad58086f/elements - {"using":"xpath","value":"//button[@data-kt=\"addButton\"]"}
RESULT: {"using":"xpath","value":"//button[@data-kt=\"addButton\"]"}
COMMAND: POST /session/f418f7bc7d2ff1d2d712b3b5ad58086f/elements - {"using":"xpath","value":"//button[@data-kt=\"addButton\"]"}
RESULT: {"using":"xpath","value":"//button[@data-kt=\"addButton\"]"}
COMMAND: POST /session/f418f7bc7d2ff1d2d712b3b5ad58086f/elements - {"using":"xpath","value":"//button[@data-kt=\"addButton\"]"}
RESULT: {"using":"xpath","value":"//button[@data-kt=\"addButton\"]"}
COMMAND: POST /session/f418f7bc7d2ff1d2d712b3b5ad58086f/elements - {"using":"xpath","value":"//button[@data-kt=\"addButton\"]"}
RESULT: {"using":"xpath","value":"//button[@data-kt=\"addButton\"]"}
COMMAND: POST /session/f418f7bc7d2ff1d2d712b3b5ad58086f/elements - {"using":"xpath","value":"//button[@data-kt=\"addButton\"]"}
RESULT: {"using":"xpath","value":"//button[@data-kt=\"addButton\"]"}
COMMAND: POST /session/f418f7bc7d2ff1d2d712b3b5ad58086f/elements - {"using":"xpath","value":"//button[@data-kt=\"addButton\"]"}
RESULT: {"using":"xpath","value":"//button[@data-kt=\"addButton\"]"}
COMMAND: POST /session/f418f7bc7d2ff1d2d712b3b5ad58086f/elements - {"using":"xpath","value":"//button[@data-kt=\"addButton\"]"}
RESULT: {"using":"xpath","value":"//button[@data-kt=\"addButton\"]"}
COMMAND: POST /session/f418f7bc7d2ff1d2d712b3b5ad58086f/elements - {"using":"xpath","value":"//button[@data-kt=\"addButton\"]"}
RESULT: {"using":"xpath","value":"//button[@data-kt=\"addButton\"]"}
COMMAND: POST /session/f418f7bc7d2ff1d2d712b3b5ad58086f/elements - {"using":"xpath","value":"//button[@data-kt=\"addButton\"]"}
RESULT: {"using":"xpath","value":"//button[@data-kt=\"addButton\"]"}
COMMAND: POST /session/f418f7bc7d2ff1d2d712b3b5ad58086f/elements - {"using":"xpath","value":"//button[@data-kt=\"addButton\"]"}
RESULT: {"using":"xpath","value":"//button[@data-kt=\"addButton\"]"}
COMMAND: POST /session/f418f7bc7d2ff1d2d712b3b5ad58086f/elements - {"using":"xpath","value":"//button[@data-kt=\"addButton\"]"}
RESULT: {"using":"xpath","value":"//button[@data-kt=\"addButton\"]"}
COMMAND: POST /session/f418f7bc7d2ff1d2d712b3b5ad58086f/elements - {"using":"xpath","value":"//button[@data-kt=\"addButton\"]"}
RESULT: {"using":"xpath","value":"//button[@data-kt=\"addButton\"]"}
COMMAND: POST /session/f418f7bc7d2ff1d2d712b3b5ad58086f/elements - {"using":"xpath","value":"//button[@data-kt=\"addButton\"]"}
RESULT: {"using":"xpath","value":"//button[@data-kt=\"addButton\"]"}
COMMAND: POST /session/f418f7bc7d2ff1d2d712b3b5ad58086f/elements - {"using":"xpath","value":"//button[@data-kt=\"addButton\"]"}
RESULT: {"using":"xpath","value":"//button[@data-kt=\"addButton\"]"}
COMMAND: POST /session/f418f7bc7d2ff1d2d712b3b5ad58086f/elements - {"using":"xpath","value":"//button[@data-kt=\"addButton\"]"}
RESULT: {"using":"xpath","value":"//button[@data-kt=\"addButton\"]"}
COMMAND: POST /session/f418f7bc7d2ff1d2d712b3b5ad58086f/elements - {"using":"xpath","value":"//button[@data-kt=\"addButton\"]"}
RESULT: {"using":"xpath","value":"//button[@data-kt=\"addButton\"]"}
COMMAND: POST /session/f418f7bc7d2ff1d2d712b3b5ad58086f/elements - {"using":"xpath","value":"//button[@data-kt=\"addButton\"]"}
RESULT: {"using":"xpath","value":"//button[@data-kt=\"addButton\"]"}
COMMAND: POST /session/f418f7bc7d2ff1d2d712b3b5ad58086f/elements - {"using":"xpath","value":"//button[@data-kt=\"addButton\"]"}
RESULT: {"using":"xpath","value":"//button[@data-kt=\"addButton\"]"}
COMMAND: POST /session/f418f7bc7d2ff1d2d712b3b5ad58086f/elements - {"using":"xpath","value":"//button[@data-kt=\"addButton\"]"}
RESULT: {"using":"xpath","value":"//button[@data-kt=\"addButton\"]"}
COMMAND: POST /session/f418f7bc7d2ff1d2d712b3b5ad58086f/elements - {"using":"xpath","value":"//button[@data-kt=\"addButton\"]"}
RESULT: {"using":"xpath","value":"//button[@data-kt=\"addButton\"]"}
COMMAND: POST /session/f418f7bc7d2ff1d2d712b3b5ad58086f/elements - {"using":"xpath","value":"//button[@data-kt=\"addButton\"]"}
RESULT: {"using":"xpath","value":"//button[@data-kt=\"addButton\"]"}
COMMAND: POST /session/f418f7bc7d2ff1d2d712b3b5ad58086f/elements - {"using":"xpath","value":"//button[@data-kt=\"addButton\"]"}
RESULT: {"using":"xpath","value":"//button[@data-kt=\"addButton\"]"}
COMMAND: POST /session/f418f7bc7d2ff1d2d712b3b5ad58086f/elements - {"using":"xpath","value":"//button[@data-kt=\"addButton\"]"}
RESULT: {"using":"xpath","value":"//button[@data-kt=\"addButton\"]"}
COMMAND: POST /session/f418f7bc7d2ff1d2d712b3b5ad58086f/elements - {"using":"xpath","value":"//button[@data-kt=\"addButton\"]"}
RESULT: {"using":"xpath","value":"//button[@data-kt=\"addButton\"]"}
COMMAND: POST /session/f418f7bc7d2ff1d2d712b3b5ad58086f/elements - {"using":"xpath","value":"//button[@data-kt=\"addButton\"]"}
RESULT: {"using":"xpath","value":"//button[@data-kt=\"addButton\"]"}
COMMAND: POST /session/f418f7bc7d2ff1d2d712b3b5ad58086f/elements - {"using":"xpath","value":"//button[@data-kt=\"addButton\"]"}
RESULT: {"using":"xpath","value":"//button[@data-kt=\"addButton\"]"}
COMMAND: POST /session/f418f7bc7d2ff1d2d712b3b5ad58086f/elements - {"using":"xpath","value":"//button[@data-kt=\"addButton\"]"}
RESULT: {"using":"xpath","value":"//button[@data-kt=\"addButton\"]"}
COMMAND: POST /session/f418f7bc7d2ff1d2d712b3b5ad58086f/elements - {"using":"xpath","value":"//button[@data-kt=\"addButton\"]"}
RESULT: {"using":"xpath","value":"//button[@data-kt=\"addButton\"]"}
COMMAND: POST /session/f418f7bc7d2ff1d2d712b3b5ad58086f/elements - {"using":"xpath","value":"//button[@data-kt=\"addButton\"]"}
RESULT: {"using":"xpath","value":"//button[@data-kt=\"addButton\"]"}
COMMAND: POST /session/f418f7bc7d2ff1d2d712b3b5ad58086f/element - {"using":"xpath","value":"//button[@data-kt=\"addButton\"]"}
RESULT: {"using":"xpath","value":"//button[@data-kt=\"addButton\"]"}
COMMAND: POST /session/f418f7bc7d2ff1d2d712b3b5ad58086f/execute/sync - {"script":"<script> [8489 bytes]","args":[{"element-6066-11e4-a52e-4f735466cecf":"f.72BD6EB346CCC82EDFB0602EE84AC45D.d.50F3432257DD5DF50EDB16794FF75AD0.e.3153","ELEMENT":"f.72BD6EB346CCC82EDFB0602EE84AC45D.d.50F3432257DD5DF50EDB16794FF75AD0.e.3153"}]}
RESULT: {"script":"<script> [8489 bytes]","args":[{"element-6066-11e4-a52e-4f735466cecf":"f.72BD6EB346CCC82EDFB0602EE84AC45D.d.50F3432257DD5DF50EDB16794FF75AD0.e.3153","ELEMENT":"f.72BD6EB346CCC82EDFB0602EE84AC45D.d.50F3432257DD5DF50EDB16794FF75AD0.e.3153"}]}
COMMAND: GET /session/f418f7bc7d2ff1d2d712b3b5ad58086f/element/f.72BD6EB346CCC82EDFB0602EE84AC45D.d.50F3432257DD5DF50EDB16794FF75AD0.e.3153/enabled - {}
COMMAND: GET /session/f418f7bc7d2ff1d2d712b3b5ad58086f/screenshot - {}
RESULT: {}
COMMAND: POST /session/f418f7bc7d2ff1d2d712b3b5ad58086f/execute/sync - {"script":"<script> [8489 bytes]","args":[{"element-6066-11e4-a52e-4f735466cecf":"f.72BD6EB346CCC82EDFB0602EE84AC45D.d.50F3432257DD5DF50EDB16794FF75AD0.e.3153","ELEMENT":"f.72BD6EB346CCC82EDFB0602EE84AC45D.d.50F3432257DD5DF50EDB16794FF75AD0.e.3153"}]}
COMMAND: GET /session/f418f7bc7d2ff1d2d712b3b5ad58086f/screenshot - {}
RESULT: {}
RESULT: {"script":"<script> [8489 bytes]","args":[{"element-6066-11e4-a52e-4f735466cecf":"f.72BD6EB346CCC82EDFB0602EE84AC45D.d.50F3432257DD5DF50EDB16794FF75AD0.e.3153","ELEMENT":"f.72BD6EB346CCC82EDFB0602EE84AC45D.d.50F3432257DD5DF50EDB16794FF75AD0.e.3153"}]}
COMMAND: POST /session/f418f7bc7d2ff1d2d712b3b5ad58086f/execute/sync - {"script":"<script> [5351 bytes]","args":[{"element-6066-11e4-a52e-4f735466cecf":"f.72BD6EB346CCC82EDFB0602EE84AC45D.d.50F3432257DD5DF50EDB16794FF75AD0.e.3153","ELEMENT":"f.72BD6EB346CCC82EDFB0602EE84AC45D.d.50F3432257DD5DF50EDB16794FF75AD0.e.3153"}]}
COMMAND: GET /session/f418f7bc7d2ff1d2d712b3b5ad58086f/screenshot - {}
RESULT: {}
RESULT: {"script":"<script> [5351 bytes]","args":[{"element-6066-11e4-a52e-4f735466cecf":"f.72BD6EB346CCC82EDFB0602EE84AC45D.d.50F3432257DD5DF50EDB16794FF75AD0.e.3153","ELEMENT":"f.72BD6EB346CCC82EDFB0602EE84AC45D.d.50F3432257DD5DF50EDB16794FF75AD0.e.3153"}]}
COMMAND: POST /session/f418f7bc7d2ff1d2d712b3b5ad58086f/element/f.72BD6EB346CCC82EDFB0602EE84AC45D.d.50F3432257DD5DF50EDB16794FF75AD0.e.3153/click - {}
COMMAND: GET /session/f418f7bc7d2ff1d2d712b3b5ad58086f/screenshot - {}
RESULT: {}
RESULT: {}
COMMAND: GET /session/f418f7bc7d2ff1d2d712b3b5ad58086f/screenshot - {}
COMMAND: POST /session/f418f7bc7d2ff1d2d712b3b5ad58086f/execute/async - {"script":"<script> [1562 bytes]","args":[{"selector":{"id":"application-managepartners-display-component---NewPartner--addressDetailDetailsName1","interaction":{"idSuffix":"inner"}},"wdio_ui5_key":"applicationmanagepartners-display-component---NewPartner--addressDetailDetailsName1"}]}
RESULT: {}
RESULT: {}
RESULT: {"script":"<script> [1562 bytes]","args":[{"selector":{"id":"application-managepartners-display-component---NewPartner--addressDetailDetailsName1","interaction":{"idSuffix":"inner"}},"wdio_ui5_key":"applicationmanagepartners-display-component---NewPartner--addressDetailDetailsName1"}]}
RESULT: undefined
COMMAND: POST /session/f418f7bc7d2ff1d2d712b3b5ad58086f/execute/async - {"script":"<script> [776 bytes]","args":[{"enterText":"Intercompany Partner WDIO","selector":{"id":"application-managepartners-display-component---NewPartner--addressDetailDetailsName1","interaction":{"idSuffix":"inner"}},"clearTextFirst":true,"interactionType":"ENTER_TEXT"}]}
RESULT: {"script":"<script> [776 bytes]","args":[{"enterText":"Intercompany Partner WDIO","selector":{"id":"application-managepartners-display-component---NewPartner--addressDetailDetailsName1","interaction":{"idSuffix":"inner"}},"clearTextFirst":true,"interactionType":"ENTER_TEXT"}]}
COMMAND: POST /session/f418f7bc7d2ff1d2d712b3b5ad58086f/execute/async - {"script":"<script> [1562 bytes]","args":[{"selector":{"id":"application-managepartners-display-component---NewPartner--addressDetailDetailsLanguage-arrow"},"wdio_ui5_key":"applicationmanagepartners-display-component---NewPartner--addressDetailDetailsLanguage-arrow"}]}
RESULT: {"script":"<script> [1562 bytes]","args":[{"selector":{"id":"application-managepartners-display-component---NewPartner--addressDetailDetailsLanguage-arrow"},"wdio_ui5_key":"applicationmanagepartners-display-component---NewPartner--addressDetailDetailsLanguage-arrow"}]}
RESULT: undefined
COMMAND: POST /session/f418f7bc7d2ff1d2d712b3b5ad58086f/element - {"using":"xpath","value":"//*[@id=\"application-managepartners-display-component---NewPartner--addressDetailDetailsLanguage-arrow\"]"}
RESULT: {"using":"xpath","value":"//*[@id=\"application-managepartners-display-component---NewPartner--addressDetailDetailsLanguage-arrow\"]"}
COMMAND: POST /session/f418f7bc7d2ff1d2d712b3b5ad58086f/element/f.72BD6EB346CCC82EDFB0602EE84AC45D.d.50F3432257DD5DF50EDB16794FF75AD0.e.3585/click - {}
RESULT: {}
COMMAND: POST /session/f418f7bc7d2ff1d2d712b3b5ad58086f/element - {"using":"xpath","value":"//span[contains(text(), \"English\")]"}
COMMAND: GET /session/f418f7bc7d2ff1d2d712b3b5ad58086f/screenshot - {}
RESULT: {"using":"xpath","value":"//span[contains(text(), \"English\")]"}
COMMAND: POST /session/f418f7bc7d2ff1d2d712b3b5ad58086f/element/f.72BD6EB346CCC82EDFB0602EE84AC45D.d.50F3432257DD5DF50EDB16794FF75AD0.e.3586/click - {}
RESULT: {}
RESULT: {}
COMMAND: GET /session/f418f7bc7d2ff1d2d712b3b5ad58086f/screenshot - {}
RESULT: {}
COMMAND: POST /session/f418f7bc7d2ff1d2d712b3b5ad58086f/execute/async - {"script":"<script> [1562 bytes]","args":[{"selector":{"id":"application-managepartners-display-component---NewPartner--addressDetailDetailsCity1","interaction":{"idSuffix":"inner"}},"wdio_ui5_key":"applicationmanagepartners-display-component---NewPartner--addressDetailDetailsCity1"}]}
RESULT: {"script":"<script> [1562 bytes]","args":[{"selector":{"id":"application-managepartners-display-component---NewPartner--addressDetailDetailsCity1","interaction":{"idSuffix":"inner"}},"wdio_ui5_key":"applicationmanagepartners-display-component---NewPartner--addressDetailDetailsCity1"}]}
RESULT: undefined
COMMAND: POST /session/f418f7bc7d2ff1d2d712b3b5ad58086f/execute/async - {"script":"<script> [776 bytes]","args":[{"enterText":"Rosario","selector":{"id":"application-managepartners-display-component---NewPartner--addressDetailDetailsCity1","interaction":{"idSuffix":"inner"}},"clearTextFirst":true,"interactionType":"ENTER_TEXT"}]}
RESULT: {"script":"<script> [776 bytes]","args":[{"enterText":"Rosario","selector":{"id":"application-managepartners-display-component---NewPartner--addressDetailDetailsCity1","interaction":{"idSuffix":"inner"}},"clearTextFirst":true,"interactionType":"ENTER_TEXT"}]}
COMMAND: POST /session/f418f7bc7d2ff1d2d712b3b5ad58086f/execute/async - {"script":"<script> [1562 bytes]","args":[{"selector":{"id":"application-managepartners-display-component---NewPartner--addressDetailDetailsCountry-arrow"},"wdio_ui5_key":"applicationmanagepartners-display-component---NewPartner--addressDetailDetailsCountry-arrow"}]}
RESULT: {"script":"<script> [1562 bytes]","args":[{"selector":{"id":"application-managepartners-display-component---NewPartner--addressDetailDetailsCountry-arrow"},"wdio_ui5_key":"applicationmanagepartners-display-component---NewPartner--addressDetailDetailsCountry-arrow"}]}
RESULT: undefined
COMMAND: POST /session/f418f7bc7d2ff1d2d712b3b5ad58086f/element - {"using":"xpath","value":"//*[@id=\"application-managepartners-display-component---NewPartner--addressDetailDetailsCountry-arrow\"]"}
RESULT: {"using":"xpath","value":"//*[@id=\"application-managepartners-display-component---NewPartner--addressDetailDetailsCountry-arrow\"]"}
COMMAND: POST /session/f418f7bc7d2ff1d2d712b3b5ad58086f/element/f.72BD6EB346CCC82EDFB0602EE84AC45D.d.50F3432257DD5DF50EDB16794FF75AD0.e.3560/click - {}
RESULT: {}
COMMAND: POST /session/f418f7bc7d2ff1d2d712b3b5ad58086f/element - {"using":"xpath","value":"//span[contains(text(), \"Argentina\")]"}
COMMAND: GET /session/f418f7bc7d2ff1d2d712b3b5ad58086f/screenshot - {}
RESULT: {"using":"xpath","value":"//span[contains(text(), \"Argentina\")]"}
COMMAND: POST /session/f418f7bc7d2ff1d2d712b3b5ad58086f/element/f.72BD6EB346CCC82EDFB0602EE84AC45D.d.50F3432257DD5DF50EDB16794FF75AD0.e.3588/click - {}
RESULT: {}
RESULT: {}
COMMAND: GET /session/f418f7bc7d2ff1d2d712b3b5ad58086f/screenshot - {}
RESULT: {}
COMMAND: POST /session/f418f7bc7d2ff1d2d712b3b5ad58086f/element - {"using":"xpath","value":"//bdi[contains(text(), \"Commercial\")]"}
RESULT: {"using":"xpath","value":"//bdi[contains(text(), \"Commercial\")]"}
COMMAND: POST /session/f418f7bc7d2ff1d2d712b3b5ad58086f/element/f.72BD6EB346CCC82EDFB0602EE84AC45D.d.50F3432257DD5DF50EDB16794FF75AD0.e.3589/click - {}
RESULT: {}
COMMAND: GET /session/f418f7bc7d2ff1d2d712b3b5ad58086f/screenshot - {}
RESULT: {}
COMMAND: POST /session/f418f7bc7d2ff1d2d712b3b5ad58086f/execute/async - {"script":"<script> [1562 bytes]","args":[{"selector":{"id":"application-managepartners-display-component---NewPartner--partnerDetailInternal-arrow"},"wdio_ui5_key":"applicationmanagepartners-display-component---NewPartner--partnerDetailInternal-arrow"}]}
RESULT: {"script":"<script> [1562 bytes]","args":[{"selector":{"id":"application-managepartners-display-component---NewPartner--partnerDetailInternal-arrow"},"wdio_ui5_key":"applicationmanagepartners-display-component---NewPartner--partnerDetailInternal-arrow"}]}
RESULT: undefined
COMMAND: POST /session/f418f7bc7d2ff1d2d712b3b5ad58086f/element - {"using":"xpath","value":"//*[@id=\"application-managepartners-display-component---NewPartner--partnerDetailInternal-arrow\"]"}
RESULT: {"using":"xpath","value":"//*[@id=\"application-managepartners-display-component---NewPartner--partnerDetailInternal-arrow\"]"}
COMMAND: POST /session/f418f7bc7d2ff1d2d712b3b5ad58086f/element/f.72BD6EB346CCC82EDFB0602EE84AC45D.d.50F3432257DD5DF50EDB16794FF75AD0.e.3595/click - {}
RESULT: {}
COMMAND: POST /session/f418f7bc7d2ff1d2d712b3b5ad58086f/element - {"using":"xpath","value":"//span[contains(text(), \"Affiliated company\")]"}
COMMAND: GET /session/f418f7bc7d2ff1d2d712b3b5ad58086f/screenshot - {}
RESULT: {"using":"xpath","value":"//span[contains(text(), \"Affiliated company\")]"}
COMMAND: POST /session/f418f7bc7d2ff1d2d712b3b5ad58086f/element/f.72BD6EB346CCC82EDFB0602EE84AC45D.d.50F3432257DD5DF50EDB16794FF75AD0.e.3596/click - {}
RESULT: {}
RESULT: {}
COMMAND: POST /session/f418f7bc7d2ff1d2d712b3b5ad58086f/execute/async - {"script":"<script> [1562 bytes]","args":[{"selector":{"id":"application-managepartners-display-component---NewPartner--partnerDetailsCurrency-arrow"},"wdio_ui5_key":"applicationmanagepartners-display-component---NewPartner--partnerDetailsCurrency-arrow"}]}
COMMAND: GET /session/f418f7bc7d2ff1d2d712b3b5ad58086f/screenshot - {}
RESULT: {"script":"<script> [1562 bytes]","args":[{"selector":{"id":"application-managepartners-display-component---NewPartner--partnerDetailsCurrency-arrow"},"wdio_ui5_key":"applicationmanagepartners-display-component---NewPartner--partnerDetailsCurrency-arrow"}]}
RESULT: undefined
COMMAND: POST /session/f418f7bc7d2ff1d2d712b3b5ad58086f/element - {"using":"xpath","value":"//*[@id=\"application-managepartners-display-component---NewPartner--partnerDetailsCurrency-arrow\"]"}
RESULT: {}
RESULT: {"using":"xpath","value":"//*[@id=\"application-managepartners-display-component---NewPartner--partnerDetailsCurrency-arrow\"]"}
COMMAND: POST /session/f418f7bc7d2ff1d2d712b3b5ad58086f/element/f.72BD6EB346CCC82EDFB0602EE84AC45D.d.50F3432257DD5DF50EDB16794FF75AD0.e.3603/click - {}
RESULT: {}
COMMAND: POST /session/f418f7bc7d2ff1d2d712b3b5ad58086f/element - {"using":"xpath","value":"//span[contains(text(), \"Euro\")]"}
COMMAND: GET /session/f418f7bc7d2ff1d2d712b3b5ad58086f/screenshot - {}
RESULT: {"using":"xpath","value":"//span[contains(text(), \"Euro\")]"}
COMMAND: POST /session/f418f7bc7d2ff1d2d712b3b5ad58086f/element/f.72BD6EB346CCC82EDFB0602EE84AC45D.d.50F3432257DD5DF50EDB16794FF75AD0.e.3604/click - {}
RESULT: {}
RESULT: {}
COMMAND: POST /session/f418f7bc7d2ff1d2d712b3b5ad58086f/execute/async - {"script":"<script> [1562 bytes]","args":[{"selector":{"id":"application-managepartners-display-component---NewPartner--addressEditDetailsCostObjectCstType-arrow"},"wdio_ui5_key":"applicationmanagepartners-display-component---NewPartner--addressEditDetailsCostObjectCstType-arrow"}]}
COMMAND: GET /session/f418f7bc7d2ff1d2d712b3b5ad58086f/screenshot - {}
RESULT: {"script":"<script> [1562 bytes]","args":[{"selector":{"id":"application-managepartners-display-component---NewPartner--addressEditDetailsCostObjectCstType-arrow"},"wdio_ui5_key":"applicationmanagepartners-display-component---NewPartner--addressEditDetailsCostObjectCstType-arrow"}]}
RESULT: undefined
COMMAND: POST /session/f418f7bc7d2ff1d2d712b3b5ad58086f/element - {"using":"xpath","value":"//*[@id=\"application-managepartners-display-component---NewPartner--addressEditDetailsCostObjectCstType-arrow\"]"}
RESULT: {}
RESULT: {"using":"xpath","value":"//*[@id=\"application-managepartners-display-component---NewPartner--addressEditDetailsCostObjectCstType-arrow\"]"}
COMMAND: POST /session/f418f7bc7d2ff1d2d712b3b5ad58086f/element/f.72BD6EB346CCC82EDFB0602EE84AC45D.d.50F3432257DD5DF50EDB16794FF75AD0.e.3605/click - {}
RESULT: {}
COMMAND: POST /session/f418f7bc7d2ff1d2d712b3b5ad58086f/element - {"using":"xpath","value":"//span[contains(text(), \"Cost Center\")]"}
COMMAND: GET /session/f418f7bc7d2ff1d2d712b3b5ad58086f/screenshot - {}
RESULT: {"using":"xpath","value":"//span[contains(text(), \"Cost Center\")]"}
COMMAND: POST /session/f418f7bc7d2ff1d2d712b3b5ad58086f/element/f.72BD6EB346CCC82EDFB0602EE84AC45D.d.50F3432257DD5DF50EDB16794FF75AD0.e.3606/click - {}
RESULT: {}
RESULT: {}
COMMAND: GET /session/f418f7bc7d2ff1d2d712b3b5ad58086f/screenshot - {}
RESULT: {}
COMMAND: POST /session/f418f7bc7d2ff1d2d712b3b5ad58086f/element - {"using":"xpath","value":"//span[@id=\"application-managepartners-display-component---NewPartner--addressNewCostObjectCstID-vhi\"]"}
RESULT: {"using":"xpath","value":"//span[@id=\"application-managepartners-display-component---NewPartner--addressNewCostObjectCstID-vhi\"]"}
COMMAND: POST /session/f418f7bc7d2ff1d2d712b3b5ad58086f/execute/sync - {"script":"<script> [8489 bytes]","args":[{"element-6066-11e4-a52e-4f735466cecf":"f.72BD6EB346CCC82EDFB0602EE84AC45D.d.50F3432257DD5DF50EDB16794FF75AD0.e.3610","ELEMENT":"f.72BD6EB346CCC82EDFB0602EE84AC45D.d.50F3432257DD5DF50EDB16794FF75AD0.e.3610"}]}
RESULT: {"script":"<script> [8489 bytes]","args":[{"element-6066-11e4-a52e-4f735466cecf":"f.72BD6EB346CCC82EDFB0602EE84AC45D.d.50F3432257DD5DF50EDB16794FF75AD0.e.3610","ELEMENT":"f.72BD6EB346CCC82EDFB0602EE84AC45D.d.50F3432257DD5DF50EDB16794FF75AD0.e.3610"}]}
COMMAND: POST /session/f418f7bc7d2ff1d2d712b3b5ad58086f/execute/async - {"script":"<script> [1562 bytes]","args":[{"selector":{"id":"application-managepartners-display-component---NewPartner--addressNewCostObjectCstID-vhi"},"wdio_ui5_key":"applicationmanagepartners-display-component---NewPartner--addressNewCostObjectCstID-vhi"}]}
COMMAND: GET /session/f418f7bc7d2ff1d2d712b3b5ad58086f/screenshot - {}
RESULT: {"script":"<script> [1562 bytes]","args":[{"selector":{"id":"application-managepartners-display-component---NewPartner--addressNewCostObjectCstID-vhi"},"wdio_ui5_key":"applicationmanagepartners-display-component---NewPartner--addressNewCostObjectCstID-vhi"}]}
RESULT: undefined
COMMAND: POST /session/f418f7bc7d2ff1d2d712b3b5ad58086f/element - {"using":"xpath","value":"//*[@id=\"application-managepartners-display-component---NewPartner--addressNewCostObjectCstID-vhi\"]"}
RESULT: {}
RESULT: {"using":"xpath","value":"//*[@id=\"application-managepartners-display-component---NewPartner--addressNewCostObjectCstID-vhi\"]"}
COMMAND: POST /session/f418f7bc7d2ff1d2d712b3b5ad58086f/element/f.72BD6EB346CCC82EDFB0602EE84AC45D.d.50F3432257DD5DF50EDB16794FF75AD0.e.3610/click - {}
RESULT: {}
COMMAND: GET /session/f418f7bc7d2ff1d2d712b3b5ad58086f/screenshot - {}
RESULT: {}
COMMAND: POST /session/f418f7bc7d2ff1d2d712b3b5ad58086f/execute/async - {"script":"<script> [1562 bytes]","args":[{"selector":{"controlType":"sap.m.SearchField","properties":{"placeholder":"Search"},"searchOpenDialogs":true,"interaction":{"idSuffix":"I"}},"wdio_ui5_key":"sapm.SearchField{\"placeholder\":\"Search\"}"}]}
RESULT: {"script":"<script> [1562 bytes]","args":[{"selector":{"controlType":"sap.m.SearchField","properties":{"placeholder":"Search"},"searchOpenDialogs":true,"interaction":{"idSuffix":"I"}},"wdio_ui5_key":"sapm.SearchField{\"placeholder\":\"Search\"}"}]}
RESULT: undefined
COMMAND: POST /session/f418f7bc7d2ff1d2d712b3b5ad58086f/execute/async - {"script":"<script> [776 bytes]","args":[{"enterText":"10001013","selector":{"controlType":"sap.m.SearchField","properties":{"placeholder":"Search"},"searchOpenDialogs":true,"interaction":{"idSuffix":"I"}},"clearTextFirst":true,"interactionType":"ENTER_TEXT"}]}
RESULT: {"script":"<script> [776 bytes]","args":[{"enterText":"10001013","selector":{"controlType":"sap.m.SearchField","properties":{"placeholder":"Search"},"searchOpenDialogs":true,"interaction":{"idSuffix":"I"}},"clearTextFirst":true,"interactionType":"ENTER_TEXT"}]}
COMMAND: POST /session/f418f7bc7d2ff1d2d712b3b5ad58086f/actions - {"actions":[{"id":"action7","type":"key","parameters":{},"actions":[{"type":"keyDown","value":"î€‡"},{"type":"pause","duration":10},{"type":"keyUp","value":"î€‡"}]}]}
RESULT: {"actions":[{"id":"action7","type":"key","parameters":{},"actions":[{"type":"keyDown","value":"î€‡"},{"type":"pause","duration":10},{"type":"keyUp","value":"î€‡"}]}]}
COMMAND: GET /session/f418f7bc7d2ff1d2d712b3b5ad58086f/screenshot - {}
RESULT: {}
COMMAND: POST /session/f418f7bc7d2ff1d2d712b3b5ad58086f/element - {"using":"xpath","value":"//span[contains(text(), \"General Management\")]"}
RESULT: {"using":"xpath","value":"//span[contains(text(), \"General Management\")]"}
COMMAND: POST /session/f418f7bc7d2ff1d2d712b3b5ad58086f/element/f.72BD6EB346CCC82EDFB0602EE84AC45D.d.50F3432257DD5DF50EDB16794FF75AD0.e.3653/click - {}
RESULT: {}
COMMAND: GET /session/f418f7bc7d2ff1d2d712b3b5ad58086f/screenshot - {}
RESULT: {}
COMMAND: POST /session/f418f7bc7d2ff1d2d712b3b5ad58086f/element - {"using":"xpath","value":"//bdi[contains(text(), \"OK\")]"}
RESULT: {"using":"xpath","value":"//bdi[contains(text(), \"OK\")]"}
COMMAND: POST /session/f418f7bc7d2ff1d2d712b3b5ad58086f/element/f.72BD6EB346CCC82EDFB0602EE84AC45D.d.50F3432257DD5DF50EDB16794FF75AD0.e.3654/click - {}
RESULT: {}
COMMAND: GET /session/f418f7bc7d2ff1d2d712b3b5ad58086f/screenshot - {}
RESULT: {}
COMMAND: POST /session/f418f7bc7d2ff1d2d712b3b5ad58086f/element - {"using":"xpath","value":"//input[@id=\"application-managepartners-display-component---NewPartner--companyCodeComboBox-inner\"]"}
RESULT: {"using":"xpath","value":"//input[@id=\"application-managepartners-display-component---NewPartner--companyCodeComboBox-inner\"]"}
COMMAND: POST /session/f418f7bc7d2ff1d2d712b3b5ad58086f/element/f.72BD6EB346CCC82EDFB0602EE84AC45D.d.50F3432257DD5DF50EDB16794FF75AD0.e.3455/clear - {}
RESULT: {}
COMMAND: POST /session/f418f7bc7d2ff1d2d712b3b5ad58086f/element/f.72BD6EB346CCC82EDFB0602EE84AC45D.d.50F3432257DD5DF50EDB16794FF75AD0.e.3455/value - {"text":"C002"}
COMMAND: GET /session/f418f7bc7d2ff1d2d712b3b5ad58086f/screenshot - {}
RESULT: {"text":"C002"}
COMMAND: GET /session/f418f7bc7d2ff1d2d712b3b5ad58086f/screenshot - {}
RESULT: {}
RESULT: {}
COMMAND: POST /session/f418f7bc7d2ff1d2d712b3b5ad58086f/element - {"using":"xpath","value":"//span[contains(text(), \"C002\")]"}
RESULT: {"using":"xpath","value":"//span[contains(text(), \"C002\")]"}
COMMAND: POST /session/f418f7bc7d2ff1d2d712b3b5ad58086f/element/f.72BD6EB346CCC82EDFB0602EE84AC45D.d.50F3432257DD5DF50EDB16794FF75AD0.e.3660/click - {}
RESULT: {}
COMMAND: GET /session/f418f7bc7d2ff1d2d712b3b5ad58086f/screenshot - {}
RESULT: {}
COMMAND: POST /session/f418f7bc7d2ff1d2d712b3b5ad58086f/execute/async - {"script":"<script> [1562 bytes]","args":[{"selector":{"id":"application-managepartners-display-component---NewPartner--btnAddTableRow-img"},"wdio_ui5_key":"applicationmanagepartners-display-component---NewPartner--btnAddTableRow-img"}]}
RESULT: {"script":"<script> [1562 bytes]","args":[{"selector":{"id":"application-managepartners-display-component---NewPartner--btnAddTableRow-img"},"wdio_ui5_key":"applicationmanagepartners-display-component---NewPartner--btnAddTableRow-img"}]}
RESULT: undefined
COMMAND: POST /session/f418f7bc7d2ff1d2d712b3b5ad58086f/element - {"using":"xpath","value":"//*[@id=\"application-managepartners-display-component---NewPartner--btnAddTableRow-img\"]"}
RESULT: {"using":"xpath","value":"//*[@id=\"application-managepartners-display-component---NewPartner--btnAddTableRow-img\"]"}
COMMAND: POST /session/f418f7bc7d2ff1d2d712b3b5ad58086f/element/f.72BD6EB346CCC82EDFB0602EE84AC45D.d.50F3432257DD5DF50EDB16794FF75AD0.e.3661/click - {}
RESULT: {}
COMMAND: GET /session/f418f7bc7d2ff1d2d712b3b5ad58086f/screenshot - {}
RESULT: {}
COMMAND: POST /session/f418f7bc7d2ff1d2d712b3b5ad58086f/element - {"using":"xpath","value":"//input[@id=\"application-managepartners-display-component---NewPartner--assignmentYard-application-managepartners-display-component---NewPartner--assignmentsTable-0-inner\"]"}
RESULT: {"using":"xpath","value":"//input[@id=\"application-managepartners-display-component---NewPartner--assignmentYard-application-managepartners-display-component---NewPartner--assignmentsTable-0-inner\"]"}
COMMAND: POST /session/f418f7bc7d2ff1d2d712b3b5ad58086f/element/f.72BD6EB346CCC82EDFB0602EE84AC45D.d.50F3432257DD5DF50EDB16794FF75AD0.e.3664/clear - {}
RESULT: {}
COMMAND: POST /session/f418f7bc7d2ff1d2d712b3b5ad58086f/element/f.72BD6EB346CCC82EDFB0602EE84AC45D.d.50F3432257DD5DF50EDB16794FF75AD0.e.3664/value - {"text":"239"}
COMMAND: GET /session/f418f7bc7d2ff1d2d712b3b5ad58086f/screenshot - {}
RESULT: {"text":"239"}
COMMAND: GET /session/f418f7bc7d2ff1d2d712b3b5ad58086f/screenshot - {}
RESULT: {}
RESULT: {}
COMMAND: POST /session/f418f7bc7d2ff1d2d712b3b5ad58086f/element - {"using":"xpath","value":"//li[.//span[text()='239']]"}
RESULT: {"using":"xpath","value":"//li[.//span[text()='239']]"}
COMMAND: POST /session/f418f7bc7d2ff1d2d712b3b5ad58086f/element/f.72BD6EB346CCC82EDFB0602EE84AC45D.d.50F3432257DD5DF50EDB16794FF75AD0.e.3673/click - {}
RESULT: {}
COMMAND: GET /session/f418f7bc7d2ff1d2d712b3b5ad58086f/screenshot - {}
RESULT: {}
COMMAND: POST /session/f418f7bc7d2ff1d2d712b3b5ad58086f/actions - {"actions":[{"id":"action8","type":"key","parameters":{},"actions":[{"type":"keyDown","value":"î€‡"},{"type":"pause","duration":10},{"type":"keyUp","value":"î€‡"}]}]}
RESULT: {"actions":[{"id":"action8","type":"key","parameters":{},"actions":[{"type":"keyDown","value":"î€‡"},{"type":"pause","duration":10},{"type":"keyUp","value":"î€‡"}]}]}
COMMAND: POST /session/f418f7bc7d2ff1d2d712b3b5ad58086f/execute/async - {"script":"<script> [1562 bytes]","args":[{"selector":{"id":"application-managepartners-display-component---NewPartner--externalCustomerComboBox-application-managepartners-display-component---NewPartner--assignmentsTable-0-vhi"},"wdio_ui5_key":"applicationmanagepartners-display-component---NewPartner--externalCustomerComboBox-application-managepartners-display-component---NewPartner--assignmentsTable-0-vhi"}]}
COMMAND: GET /session/f418f7bc7d2ff1d2d712b3b5ad58086f/screenshot - {}
RESULT: {"script":"<script> [1562 bytes]","args":[{"selector":{"id":"application-managepartners-display-component---NewPartner--externalCustomerComboBox-application-managepartners-display-component---NewPartner--assignmentsTable-0-vhi"},"wdio_ui5_key":"applicationmanagepartners-display-component---NewPartner--externalCustomerComboBox-application-managepartners-display-component---NewPartner--assignmentsTable-0-vhi"}]}
RESULT: undefined
COMMAND: POST /session/f418f7bc7d2ff1d2d712b3b5ad58086f/element - {"using":"xpath","value":"//*[@id=\"application-managepartners-display-component---NewPartner--externalCustomerComboBox-application-managepartners-display-component---NewPartner--assignmentsTable-0-vhi\"]"}
RESULT: {}
RESULT: {"using":"xpath","value":"//*[@id=\"application-managepartners-display-component---NewPartner--externalCustomerComboBox-application-managepartners-display-component---NewPartner--assignmentsTable-0-vhi\"]"}
COMMAND: POST /session/f418f7bc7d2ff1d2d712b3b5ad58086f/element/f.72BD6EB346CCC82EDFB0602EE84AC45D.d.50F3432257DD5DF50EDB16794FF75AD0.e.3677/click - {}
RESULT: {}
RESULT: undefined
COMMAND: POST /session/f418f7bc7d2ff1d2d712b3b5ad58086f/execute/async - {"script":"<script> [776 bytes]","args":[{"enterText":"300003","selector":{"controlType":"sap.m.SearchField","properties":{"placeholder":"Search"},"searchOpenDialogs":true,"interaction":{"idSuffix":"I"}},"clearTextFirst":true,"interactionType":"ENTER_TEXT"}]}
COMMAND: GET /session/f418f7bc7d2ff1d2d712b3b5ad58086f/screenshot - {}
RESULT: {"script":"<script> [776 bytes]","args":[{"enterText":"300003","selector":{"controlType":"sap.m.SearchField","properties":{"placeholder":"Search"},"searchOpenDialogs":true,"interaction":{"idSuffix":"I"}},"clearTextFirst":true,"interactionType":"ENTER_TEXT"}]}
COMMAND: POST /session/f418f7bc7d2ff1d2d712b3b5ad58086f/actions - {"actions":[{"id":"action9","type":"key","parameters":{},"actions":[{"type":"keyDown","value":"î€‡"},{"type":"pause","duration":10},{"type":"keyUp","value":"î€‡"}]}]}
RESULT: {}
RESULT: {"actions":[{"id":"action9","type":"key","parameters":{},"actions":[{"type":"keyDown","value":"î€‡"},{"type":"pause","duration":10},{"type":"keyUp","value":"î€‡"}]}]}
COMMAND: GET /session/f418f7bc7d2ff1d2d712b3b5ad58086f/screenshot - {}
RESULT: {}
COMMAND: POST /session/f418f7bc7d2ff1d2d712b3b5ad58086f/element - {"using":"xpath","value":"//span[contains(text(), \"300003\")]"}
RESULT: {"using":"xpath","value":"//span[contains(text(), \"300003\")]"}
COMMAND: POST /session/f418f7bc7d2ff1d2d712b3b5ad58086f/element/f.72BD6EB346CCC82EDFB0602EE84AC45D.d.50F3432257DD5DF50EDB16794FF75AD0.e.3695/click - {}
RESULT: {}
COMMAND: GET /session/f418f7bc7d2ff1d2d712b3b5ad58086f/screenshot - {}
RESULT: {}
COMMAND: POST /session/f418f7bc7d2ff1d2d712b3b5ad58086f/element - {"using":"xpath","value":"//bdi[contains(text(), \"OK\")]"}
RESULT: {"using":"xpath","value":"//bdi[contains(text(), \"OK\")]"}
COMMAND: POST /session/f418f7bc7d2ff1d2d712b3b5ad58086f/element/f.72BD6EB346CCC82EDFB0602EE84AC45D.d.50F3432257DD5DF50EDB16794FF75AD0.e.3697/click - {}
RESULT: {}
COMMAND: GET /session/f418f7bc7d2ff1d2d712b3b5ad58086f/screenshot - {}
RESULT: {}
COMMAND: POST /session/f418f7bc7d2ff1d2d712b3b5ad58086f/execute/async - {"script":"<script> [1562 bytes]","args":[{"selector":{"id":"application-managepartners-display-component---NewPartner--intercompVendorComboBox-application-managepartners-display-component---NewPartner--assignmentsTable-0-vhi"},"wdio_ui5_key":"applicationmanagepartners-display-component---NewPartner--intercompVendorComboBox-application-managepartners-display-component---NewPartner--assignmentsTable-0-vhi"}]}
RESULT: {"script":"<script> [1562 bytes]","args":[{"selector":{"id":"application-managepartners-display-component---NewPartner--intercompVendorComboBox-application-managepartners-display-component---NewPartner--assignmentsTable-0-vhi"},"wdio_ui5_key":"applicationmanagepartners-display-component---NewPartner--intercompVendorComboBox-application-managepartners-display-component---NewPartner--assignmentsTable-0-vhi"}]}
RESULT: undefined
COMMAND: POST /session/f418f7bc7d2ff1d2d712b3b5ad58086f/element - {"using":"xpath","value":"//*[@id=\"application-managepartners-display-component---NewPartner--intercompVendorComboBox-application-managepartners-display-component---NewPartner--assignmentsTable-0-vhi\"]"}
RESULT: {"using":"xpath","value":"//*[@id=\"application-managepartners-display-component---NewPartner--intercompVendorComboBox-application-managepartners-display-component---NewPartner--assignmentsTable-0-vhi\"]"}
COMMAND: POST /session/f418f7bc7d2ff1d2d712b3b5ad58086f/element/f.72BD6EB346CCC82EDFB0602EE84AC45D.d.50F3432257DD5DF50EDB16794FF75AD0.e.3700/click - {}
RESULT: {}
RESULT: undefined
COMMAND: POST /session/f418f7bc7d2ff1d2d712b3b5ad58086f/execute/async - {"script":"<script> [776 bytes]","args":[{"enterText":"100005","selector":{"controlType":"sap.m.SearchField","properties":{"placeholder":"Search"},"searchOpenDialogs":true,"interaction":{"idSuffix":"I"}},"clearTextFirst":true,"interactionType":"ENTER_TEXT"}]}
COMMAND: GET /session/f418f7bc7d2ff1d2d712b3b5ad58086f/screenshot - {}
RESULT: {"script":"<script> [776 bytes]","args":[{"enterText":"100005","selector":{"controlType":"sap.m.SearchField","properties":{"placeholder":"Search"},"searchOpenDialogs":true,"interaction":{"idSuffix":"I"}},"clearTextFirst":true,"interactionType":"ENTER_TEXT"}]}
COMMAND: POST /session/f418f7bc7d2ff1d2d712b3b5ad58086f/actions - {"actions":[{"id":"action10","type":"key","parameters":{},"actions":[{"type":"keyDown","value":"î€‡"},{"type":"pause","duration":10},{"type":"keyUp","value":"î€‡"}]}]}
RESULT: {}
RESULT: {"actions":[{"id":"action10","type":"key","parameters":{},"actions":[{"type":"keyDown","value":"î€‡"},{"type":"pause","duration":10},{"type":"keyUp","value":"î€‡"}]}]}
COMMAND: GET /session/f418f7bc7d2ff1d2d712b3b5ad58086f/screenshot - {}
RESULT: {}
COMMAND: POST /session/f418f7bc7d2ff1d2d712b3b5ad58086f/element - {"using":"xpath","value":"//span[contains(text(), \"Penguins - Field/12345 Berlin\")]"}
RESULT: {"using":"xpath","value":"//span[contains(text(), \"Penguins - Field/12345 Berlin\")]"}
COMMAND: POST /session/f418f7bc7d2ff1d2d712b3b5ad58086f/element/f.72BD6EB346CCC82EDFB0602EE84AC45D.d.50F3432257DD5DF50EDB16794FF75AD0.e.3718/click - {}
RESULT: {}
COMMAND: GET /session/f418f7bc7d2ff1d2d712b3b5ad58086f/screenshot - {}
RESULT: {}
COMMAND: POST /session/f418f7bc7d2ff1d2d712b3b5ad58086f/element - {"using":"xpath","value":"//bdi[contains(text(), \"OK\")]"}
RESULT: {"using":"xpath","value":"//bdi[contains(text(), \"OK\")]"}
COMMAND: POST /session/f418f7bc7d2ff1d2d712b3b5ad58086f/element/f.72BD6EB346CCC82EDFB0602EE84AC45D.d.50F3432257DD5DF50EDB16794FF75AD0.e.3719/click - {}
RESULT: {}
COMMAND: GET /session/f418f7bc7d2ff1d2d712b3b5ad58086f/screenshot - {}
RESULT: {}
COMMAND: POST /session/f418f7bc7d2ff1d2d712b3b5ad58086f/element - {"using":"xpath","value":"//button[@data-kt=\"saveButton\"]"}
RESULT: {"using":"xpath","value":"//button[@data-kt=\"saveButton\"]"}
COMMAND: POST /session/f418f7bc7d2ff1d2d712b3b5ad58086f/element/f.72BD6EB346CCC82EDFB0602EE84AC45D.d.50F3432257DD5DF50EDB16794FF75AD0.e.3562/click - {}
RESULT: {}
COMMAND: GET /session/f418f7bc7d2ff1d2d712b3b5ad58086f/screenshot - {}
RESULT: {}
COMMAND: POST /session/f418f7bc7d2ff1d2d712b3b5ad58086f/element - {"using":"xpath","value":"//header[contains(@id, 'ObjectPageLayout-headerTitle')]/div[1]/div[2]/div[2]/span[1]"}
RESULT: {"using":"xpath","value":"//header[contains(@id, 'ObjectPageLayout-headerTitle')]/div[1]/div[2]/div[2]/span[1]"}
COMMAND: POST /session/f418f7bc7d2ff1d2d712b3b5ad58086f/elements - {"using":"xpath","value":"//header[contains(@id, 'ObjectPageLayout-headerTitle')]/div[1]/div[2]/div[2]/span[1]"}
RESULT: {"using":"xpath","value":"//header[contains(@id, 'ObjectPageLayout-headerTitle')]/div[1]/div[2]/div[2]/span[1]"}
COMMAND: POST /session/f418f7bc7d2ff1d2d712b3b5ad58086f/execute/sync - {"script":"<script> [56 bytes]","args":[{"element-6066-11e4-a52e-4f735466cecf":"f.72BD6EB346CCC82EDFB0602EE84AC45D.d.50F3432257DD5DF50EDB16794FF75AD0.e.3876","ELEMENT":"f.72BD6EB346CCC82EDFB0602EE84AC45D.d.50F3432257DD5DF50EDB16794FF75AD0.e.3876"}]}
RESULT: {"script":"<script> [56 bytes]","args":[{"element-6066-11e4-a52e-4f735466cecf":"f.72BD6EB346CCC82EDFB0602EE84AC45D.d.50F3432257DD5DF50EDB16794FF75AD0.e.3876","ELEMENT":"f.72BD6EB346CCC82EDFB0602EE84AC45D.d.50F3432257DD5DF50EDB16794FF75AD0.e.3876"}]}
COMMAND: POST /session/f418f7bc7d2ff1d2d712b3b5ad58086f/element - {"using":"css selector","value":"#shell-header-logo"}
COMMAND: GET /session/f418f7bc7d2ff1d2d712b3b5ad58086f/screenshot - {}
RESULT: {"using":"css selector","value":"#shell-header-logo"}
COMMAND: POST /session/f418f7bc7d2ff1d2d712b3b5ad58086f/element/f.72BD6EB346CCC82EDFB0602EE84AC45D.d.50F3432257DD5DF50EDB16794FF75AD0.e.3118/click - {}
RESULT: {}
RESULT: {}
COMMAND: GET /session/f418f7bc7d2ff1d2d712b3b5ad58086f/screenshot - {}
RESULT: {}
COMMAND: POST /session/f418f7bc7d2ff1d2d712b3b5ad58086f/execute/sync - {"script":"<script> [299 bytes]","args":[["getModel","getResource"]]}
RESULT: {"script":"<script> [299 bytes]","args":[["getModel","getResource"]]}
RESULT: undefined
COMMAND: POST /session/f418f7bc7d2ff1d2d712b3b5ad58086f/element - {"using":"xpath","value":"//*[@id=\"__tile30\"]"}
COMMAND: GET /session/f418f7bc7d2ff1d2d712b3b5ad58086f/screenshot - {}
RESULT: {"using":"xpath","value":"//*[@id=\"__tile30\"]"}
COMMAND: POST /session/f418f7bc7d2ff1d2d712b3b5ad58086f/element/f.72BD6EB346CCC82EDFB0602EE84AC45D.d.50F3432257DD5DF50EDB16794FF75AD0.e.3039/click - {}
RESULT: {}
RESULT: {}
COMMAND: POST /session/f418f7bc7d2ff1d2d712b3b5ad58086f/element - {"using":"xpath","value":"//button[@data-kt=\"addButton\"]"}
COMMAND: GET /session/f418f7bc7d2ff1d2d712b3b5ad58086f/screenshot - {}
RESULT: {"using":"xpath","value":"//button[@data-kt=\"addButton\"]"}
COMMAND: POST /session/f418f7bc7d2ff1d2d712b3b5ad58086f/elements - {"using":"xpath","value":"//button[@data-kt=\"addButton\"]"}
RESULT: {}
RESULT: {"using":"xpath","value":"//button[@data-kt=\"addButton\"]"}
COMMAND: POST /session/f418f7bc7d2ff1d2d712b3b5ad58086f/elements - {"using":"xpath","value":"//button[@data-kt=\"addButton\"]"}
RESULT: {"using":"xpath","value":"//button[@data-kt=\"addButton\"]"}
COMMAND: POST /session/f418f7bc7d2ff1d2d712b3b5ad58086f/elements - {"using":"xpath","value":"//button[@data-kt=\"addButton\"]"}
RESULT: {"using":"xpath","value":"//button[@data-kt=\"addButton\"]"}
COMMAND: POST /session/f418f7bc7d2ff1d2d712b3b5ad58086f/elements - {"using":"xpath","value":"//button[@data-kt=\"addButton\"]"}
RESULT: {"using":"xpath","value":"//button[@data-kt=\"addButton\"]"}
COMMAND: POST /session/f418f7bc7d2ff1d2d712b3b5ad58086f/elements - {"using":"xpath","value":"//button[@data-kt=\"addButton\"]"}
RESULT: {"using":"xpath","value":"//button[@data-kt=\"addButton\"]"}
COMMAND: POST /session/f418f7bc7d2ff1d2d712b3b5ad58086f/elements - {"using":"xpath","value":"//button[@data-kt=\"addButton\"]"}
RESULT: {"using":"xpath","value":"//button[@data-kt=\"addButton\"]"}
COMMAND: POST /session/f418f7bc7d2ff1d2d712b3b5ad58086f/elements - {"using":"xpath","value":"//button[@data-kt=\"addButton\"]"}
RESULT: {"using":"xpath","value":"//button[@data-kt=\"addButton\"]"}
COMMAND: POST /session/f418f7bc7d2ff1d2d712b3b5ad58086f/elements - {"using":"xpath","value":"//button[@data-kt=\"addButton\"]"}
RESULT: {"using":"xpath","value":"//button[@data-kt=\"addButton\"]"}
COMMAND: POST /session/f418f7bc7d2ff1d2d712b3b5ad58086f/elements - {"using":"xpath","value":"//button[@data-kt=\"addButton\"]"}
RESULT: {"using":"xpath","value":"//button[@data-kt=\"addButton\"]"}
COMMAND: POST /session/f418f7bc7d2ff1d2d712b3b5ad58086f/elements - {"using":"xpath","value":"//button[@data-kt=\"addButton\"]"}
RESULT: {"using":"xpath","value":"//button[@data-kt=\"addButton\"]"}
COMMAND: POST /session/f418f7bc7d2ff1d2d712b3b5ad58086f/elements - {"using":"xpath","value":"//button[@data-kt=\"addButton\"]"}
RESULT: {"using":"xpath","value":"//button[@data-kt=\"addButton\"]"}
COMMAND: POST /session/f418f7bc7d2ff1d2d712b3b5ad58086f/elements - {"using":"xpath","value":"//button[@data-kt=\"addButton\"]"}
RESULT: {"using":"xpath","value":"//button[@data-kt=\"addButton\"]"}
COMMAND: POST /session/f418f7bc7d2ff1d2d712b3b5ad58086f/element - {"using":"xpath","value":"//button[@data-kt=\"addButton\"]"}
RESULT: {"using":"xpath","value":"//button[@data-kt=\"addButton\"]"}
COMMAND: POST /session/f418f7bc7d2ff1d2d712b3b5ad58086f/execute/sync - {"script":"<script> [8489 bytes]","args":[{"element-6066-11e4-a52e-4f735466cecf":"f.72BD6EB346CCC82EDFB0602EE84AC45D.d.50F3432257DD5DF50EDB16794FF75AD0.e.3912","ELEMENT":"f.72BD6EB346CCC82EDFB0602EE84AC45D.d.50F3432257DD5DF50EDB16794FF75AD0.e.3912"}]}
RESULT: {"script":"<script> [8489 bytes]","args":[{"element-6066-11e4-a52e-4f735466cecf":"f.72BD6EB346CCC82EDFB0602EE84AC45D.d.50F3432257DD5DF50EDB16794FF75AD0.e.3912","ELEMENT":"f.72BD6EB346CCC82EDFB0602EE84AC45D.d.50F3432257DD5DF50EDB16794FF75AD0.e.3912"}]}
COMMAND: GET /session/f418f7bc7d2ff1d2d712b3b5ad58086f/element/f.72BD6EB346CCC82EDFB0602EE84AC45D.d.50F3432257DD5DF50EDB16794FF75AD0.e.3912/enabled - {}
COMMAND: GET /session/f418f7bc7d2ff1d2d712b3b5ad58086f/screenshot - {}
RESULT: {}
COMMAND: POST /session/f418f7bc7d2ff1d2d712b3b5ad58086f/execute/sync - {"script":"<script> [8489 bytes]","args":[{"element-6066-11e4-a52e-4f735466cecf":"f.72BD6EB346CCC82EDFB0602EE84AC45D.d.50F3432257DD5DF50EDB16794FF75AD0.e.3912","ELEMENT":"f.72BD6EB346CCC82EDFB0602EE84AC45D.d.50F3432257DD5DF50EDB16794FF75AD0.e.3912"}]}
COMMAND: GET /session/f418f7bc7d2ff1d2d712b3b5ad58086f/screenshot - {}
RESULT: {}
RESULT: {"script":"<script> [8489 bytes]","args":[{"element-6066-11e4-a52e-4f735466cecf":"f.72BD6EB346CCC82EDFB0602EE84AC45D.d.50F3432257DD5DF50EDB16794FF75AD0.e.3912","ELEMENT":"f.72BD6EB346CCC82EDFB0602EE84AC45D.d.50F3432257DD5DF50EDB16794FF75AD0.e.3912"}]}
COMMAND: POST /session/f418f7bc7d2ff1d2d712b3b5ad58086f/execute/sync - {"script":"<script> [5351 bytes]","args":[{"element-6066-11e4-a52e-4f735466cecf":"f.72BD6EB346CCC82EDFB0602EE84AC45D.d.50F3432257DD5DF50EDB16794FF75AD0.e.3912","ELEMENT":"f.72BD6EB346CCC82EDFB0602EE84AC45D.d.50F3432257DD5DF50EDB16794FF75AD0.e.3912"}]}
COMMAND: GET /session/f418f7bc7d2ff1d2d712b3b5ad58086f/screenshot - {}
RESULT: {}
RESULT: {"script":"<script> [5351 bytes]","args":[{"element-6066-11e4-a52e-4f735466cecf":"f.72BD6EB346CCC82EDFB0602EE84AC45D.d.50F3432257DD5DF50EDB16794FF75AD0.e.3912","ELEMENT":"f.72BD6EB346CCC82EDFB0602EE84AC45D.d.50F3432257DD5DF50EDB16794FF75AD0.e.3912"}]}
COMMAND: GET /session/f418f7bc7d2ff1d2d712b3b5ad58086f/screenshot - {}
RESULT: {}
RESULT: {}
COMMAND: POST /session/f418f7bc7d2ff1d2d712b3b5ad58086f/execute/async - {"script":"<script> [1562 bytes]","args":[{"selector":{"id":"application-managepartners-display-component---masterPtm--smartFilterBar-btnBasicSearch","interaction":{"idSuffix":"I"}},"wdio_ui5_key":"applicationmanagepartners-display-component---masterPtm--smartFilterBar-btnBasicSearch"}]}
RESULT: {"script":"<script> [1562 bytes]","args":[{"selector":{"id":"application-managepartners-display-component---masterPtm--smartFilterBar-btnBasicSearch","interaction":{"idSuffix":"I"}},"wdio_ui5_key":"applicationmanagepartners-display-component---masterPtm--smartFilterBar-btnBasicSearch"}]}
RESULT: undefined
COMMAND: POST /session/f418f7bc7d2ff1d2d712b3b5ad58086f/execute/async - {"script":"<script> [776 bytes]","args":[{"enterText":"1101","selector":{"id":"application-managepartners-display-component---masterPtm--smartFilterBar-btnBasicSearch","interaction":{"idSuffix":"I"}},"clearTextFirst":true,"interactionType":"ENTER_TEXT"}]}
RESULT: {"script":"<script> [776 bytes]","args":[{"enterText":"1101","selector":{"id":"application-managepartners-display-component---masterPtm--smartFilterBar-btnBasicSearch","interaction":{"idSuffix":"I"}},"clearTextFirst":true,"interactionType":"ENTER_TEXT"}]}
COMMAND: POST /session/f418f7bc7d2ff1d2d712b3b5ad58086f/actions - {"actions":[{"id":"action11","type":"key","parameters":{},"actions":[{"type":"keyDown","value":"î€‡"},{"type":"pause","duration":10},{"type":"keyUp","value":"î€‡"}]}]}
RESULT: {"actions":[{"id":"action11","type":"key","parameters":{},"actions":[{"type":"keyDown","value":"î€‡"},{"type":"pause","duration":10},{"type":"keyUp","value":"î€‡"}]}]}
COMMAND: GET /session/f418f7bc7d2ff1d2d712b3b5ad58086f/screenshot - {}
RESULT: {}
COMMAND: POST /session/f418f7bc7d2ff1d2d712b3b5ad58086f/elements - {"using":"xpath","value":"//table[contains(@id, \"customPartnersTable-listUl\")]/tbody/tr"}
RESULT: {"using":"xpath","value":"//table[contains(@id, \"customPartnersTable-listUl\")]/tbody/tr"}
COMMAND: POST /session/f418f7bc7d2ff1d2d712b3b5ad58086f/element - {"using":"xpath","value":"//table[contains(@id, \"customPartnersTable-listUl\")]/tbody/tr[1]/td[3]/span"}
RESULT: {"using":"xpath","value":"//table[contains(@id, \"customPartnersTable-listUl\")]/tbody/tr[1]/td[3]/span"}
COMMAND: POST /session/f418f7bc7d2ff1d2d712b3b5ad58086f/elements - {"using":"xpath","value":"//table[contains(@id, \"customPartnersTable-listUl\")]/tbody/tr[1]/td[3]/span"}
RESULT: {"using":"xpath","value":"//table[contains(@id, \"customPartnersTable-listUl\")]/tbody/tr[1]/td[3]/span"}
COMMAND: POST /session/f418f7bc7d2ff1d2d712b3b5ad58086f/execute/sync - {"script":"<script> [56 bytes]","args":[{"element-6066-11e4-a52e-4f735466cecf":"f.72BD6EB346CCC82EDFB0602EE84AC45D.d.50F3432257DD5DF50EDB16794FF75AD0.e.4054","ELEMENT":"f.72BD6EB346CCC82EDFB0602EE84AC45D.d.50F3432257DD5DF50EDB16794FF75AD0.e.4054"}]}
RESULT: {"script":"<script> [56 bytes]","args":[{"element-6066-11e4-a52e-4f735466cecf":"f.72BD6EB346CCC82EDFB0602EE84AC45D.d.50F3432257DD5DF50EDB16794FF75AD0.e.4054","ELEMENT":"f.72BD6EB346CCC82EDFB0602EE84AC45D.d.50F3432257DD5DF50EDB16794FF75AD0.e.4054"}]}
COMMAND: POST /session/f418f7bc7d2ff1d2d712b3b5ad58086f/element - {"using":"xpath","value":"(//span[contains(@id, \"imgNav\")])[1]"}
COMMAND: GET /session/f418f7bc7d2ff1d2d712b3b5ad58086f/screenshot - {}
RESULT: {"using":"xpath","value":"(//span[contains(@id, \"imgNav\")])[1]"}
COMMAND: POST /session/f418f7bc7d2ff1d2d712b3b5ad58086f/element/f.72BD6EB346CCC82EDFB0602EE84AC45D.d.50F3432257DD5DF50EDB16794FF75AD0.e.4053/click - {}
RESULT: {}
RESULT: {}
COMMAND: GET /session/f418f7bc7d2ff1d2d712b3b5ad58086f/screenshot - {}
RESULT: {}
COMMAND: POST /session/f418f7bc7d2ff1d2d712b3b5ad58086f/element - {"using":"xpath","value":"//bdi[contains(text(), \"Edit\")]"}
RESULT: {"using":"xpath","value":"//bdi[contains(text(), \"Edit\")]"}
COMMAND: POST /session/f418f7bc7d2ff1d2d712b3b5ad58086f/element/f.72BD6EB346CCC82EDFB0602EE84AC45D.d.50F3432257DD5DF50EDB16794FF75AD0.e.4199/click - {}
RESULT: {}
COMMAND: GET /session/f418f7bc7d2ff1d2d712b3b5ad58086f/screenshot - {}
RESULT: {}
COMMAND: POST /session/f418f7bc7d2ff1d2d712b3b5ad58086f/execute/async - {"script":"<script> [1562 bytes]","args":[{"selector":{"controlType":"sap.m.Input","viewName":"etm.portal.ui.managepartners.view.EditDetail","labelFor":{"text":"Name"},"interaction":{"idSuffix":"inner"}},"wdio_ui5_key":"etmportal.ui.managepartners.view.EditDetailsap.m.Input{\"text\":\"Name\"}"}]}
RESULT: {"script":"<script> [1562 bytes]","args":[{"selector":{"controlType":"sap.m.Input","viewName":"etm.portal.ui.managepartners.view.EditDetail","labelFor":{"text":"Name"},"interaction":{"idSuffix":"inner"}},"wdio_ui5_key":"etmportal.ui.managepartners.view.EditDetailsap.m.Input{\"text\":\"Name\"}"}]}
RESULT: undefined
COMMAND: POST /session/f418f7bc7d2ff1d2d712b3b5ad58086f/execute/async - {"script":"<script> [776 bytes]","args":[{"enterText":"Intercompany EDIT","selector":{"controlType":"sap.m.Input","viewName":"etm.portal.ui.managepartners.view.EditDetail","labelFor":{"text":"Name"},"interaction":{"idSuffix":"inner"}},"clearTextFirst":true,"interactionType":"ENTER_TEXT"}]}
RESULT: {"script":"<script> [776 bytes]","args":[{"enterText":"Intercompany EDIT","selector":{"controlType":"sap.m.Input","viewName":"etm.portal.ui.managepartners.view.EditDetail","labelFor":{"text":"Name"},"interaction":{"idSuffix":"inner"}},"clearTextFirst":true,"interactionType":"ENTER_TEXT"}]}
COMMAND: POST /session/f418f7bc7d2ff1d2d712b3b5ad58086f/element - {"using":"xpath","value":"(//span[contains(@id,\"addressDetailDetailsLanguage-arrow\")])[1]"}
RESULT: {"using":"xpath","value":"(//span[contains(@id,\"addressDetailDetailsLanguage-arrow\")])[1]"}
COMMAND: POST /session/f418f7bc7d2ff1d2d712b3b5ad58086f/element/f.72BD6EB346CCC82EDFB0602EE84AC45D.d.50F3432257DD5DF50EDB16794FF75AD0.e.4283/click - {}
RESULT: {}
COMMAND: POST /session/f418f7bc7d2ff1d2d712b3b5ad58086f/element - {"using":"xpath","value":"//span[contains(text(), \"Chinese\")]"}
COMMAND: GET /session/f418f7bc7d2ff1d2d712b3b5ad58086f/screenshot - {}
RESULT: {"using":"xpath","value":"//span[contains(text(), \"Chinese\")]"}
COMMAND: POST /session/f418f7bc7d2ff1d2d712b3b5ad58086f/element/f.72BD6EB346CCC82EDFB0602EE84AC45D.d.50F3432257DD5DF50EDB16794FF75AD0.e.4284/click - {}
RESULT: {}
RESULT: {}
COMMAND: GET /session/f418f7bc7d2ff1d2d712b3b5ad58086f/screenshot - {}
RESULT: {}
COMMAND: POST /session/f418f7bc7d2ff1d2d712b3b5ad58086f/execute/async - {"script":"<script> [1562 bytes]","args":[{"selector":{"controlType":"sap.m.Input","viewName":"etm.portal.ui.managepartners.view.EditDetail","labelFor":{"text":"City"},"interaction":{"idSuffix":"inner"}},"wdio_ui5_key":"etmportal.ui.managepartners.view.EditDetailsap.m.Input{\"text\":\"City\"}"}]}
RESULT: {"script":"<script> [1562 bytes]","args":[{"selector":{"controlType":"sap.m.Input","viewName":"etm.portal.ui.managepartners.view.EditDetail","labelFor":{"text":"City"},"interaction":{"idSuffix":"inner"}},"wdio_ui5_key":"etmportal.ui.managepartners.view.EditDetailsap.m.Input{\"text\":\"City\"}"}]}
RESULT: undefined
COMMAND: POST /session/f418f7bc7d2ff1d2d712b3b5ad58086f/execute/async - {"script":"<script> [776 bytes]","args":[{"enterText":"Clooj-Napoca","selector":{"controlType":"sap.m.Input","viewName":"etm.portal.ui.managepartners.view.EditDetail","labelFor":{"text":"City"},"interaction":{"idSuffix":"inner"}},"clearTextFirst":true,"interactionType":"ENTER_TEXT"}]}
RESULT: {"script":"<script> [776 bytes]","args":[{"enterText":"Clooj-Napoca","selector":{"controlType":"sap.m.Input","viewName":"etm.portal.ui.managepartners.view.EditDetail","labelFor":{"text":"City"},"interaction":{"idSuffix":"inner"}},"clearTextFirst":true,"interactionType":"ENTER_TEXT"}]}
COMMAND: POST /session/f418f7bc7d2ff1d2d712b3b5ad58086f/element - {"using":"xpath","value":"//button[@data-kt=\"saveButton\"]"}
RESULT: {"using":"xpath","value":"//button[@data-kt=\"saveButton\"]"}
COMMAND: POST /session/f418f7bc7d2ff1d2d712b3b5ad58086f/element/f.72BD6EB346CCC82EDFB0602EE84AC45D.d.50F3432257DD5DF50EDB16794FF75AD0.e.4262/click - {}
RESULT: {}
COMMAND: GET /session/f418f7bc7d2ff1d2d712b3b5ad58086f/screenshot - {}
RESULT: {}
COMMAND: POST /session/f418f7bc7d2ff1d2d712b3b5ad58086f/execute/async - {"script":"<script> [1562 bytes]","args":[{"selector":{"id":"application-managepartners-display-component---detailPtm--addressDetailDetailsName1"},"wdio_ui5_key":"applicationmanagepartners-display-component---detailPtm--addressDetailDetailsName1"}]}
RESULT: {"script":"<script> [1562 bytes]","args":[{"selector":{"id":"application-managepartners-display-component---detailPtm--addressDetailDetailsName1"},"wdio_ui5_key":"applicationmanagepartners-display-component---detailPtm--addressDetailDetailsName1"}]}
RESULT: undefined
COMMAND: POST /session/f418f7bc7d2ff1d2d712b3b5ad58086f/execute/async - {"script":"<script> [6424 bytes]","args":[{"element-6066-11e4-a52e-4f735466cecf":"f.72BD6EB346CCC82EDFB0602EE84AC45D.d.50F3432257DD5DF50EDB16794FF75AD0.e.4300"},"getValue",[]]}
RESULT: {"script":"<script> [6424 bytes]","args":[{"element-6066-11e4-a52e-4f735466cecf":"f.72BD6EB346CCC82EDFB0602EE84AC45D.d.50F3432257DD5DF50EDB16794FF75AD0.e.4300"},"getValue",[]]}
COMMAND: POST /session/f418f7bc7d2ff1d2d712b3b5ad58086f/element - {"using":"xpath","value":"//input[@id = \"application-managepartners-display-component---detailPtm--addressDetailDetailsLanguage-inner\"]"}
RESULT: {"using":"xpath","value":"//input[@id = \"application-managepartners-display-component---detailPtm--addressDetailDetailsLanguage-inner\"]"}
COMMAND: GET /session/f418f7bc7d2ff1d2d712b3b5ad58086f/element/f.72BD6EB346CCC82EDFB0602EE84AC45D.d.50F3432257DD5DF50EDB16794FF75AD0.e.4301/property/value - {}
RESULT: {}
COMMAND: POST /session/f418f7bc7d2ff1d2d712b3b5ad58086f/execute/async - {"script":"<script> [1562 bytes]","args":[{"selector":{"id":"application-managepartners-display-component---detailPtm--addressDetailDetailsCity1"},"wdio_ui5_key":"applicationmanagepartners-display-component---detailPtm--addressDetailDetailsCity1"}]}
COMMAND: GET /session/f418f7bc7d2ff1d2d712b3b5ad58086f/screenshot - {}
RESULT: {"script":"<script> [1562 bytes]","args":[{"selector":{"id":"application-managepartners-display-component---detailPtm--addressDetailDetailsCity1"},"wdio_ui5_key":"applicationmanagepartners-display-component---detailPtm--addressDetailDetailsCity1"}]}
RESULT: undefined
COMMAND: POST /session/f418f7bc7d2ff1d2d712b3b5ad58086f/execute/async - {"script":"<script> [6424 bytes]","args":[{"element-6066-11e4-a52e-4f735466cecf":"f.72BD6EB346CCC82EDFB0602EE84AC45D.d.50F3432257DD5DF50EDB16794FF75AD0.e.4302"},"getValue",[]]}
RESULT: {}
RESULT: {"script":"<script> [6424 bytes]","args":[{"element-6066-11e4-a52e-4f735466cecf":"f.72BD6EB346CCC82EDFB0602EE84AC45D.d.50F3432257DD5DF50EDB16794FF75AD0.e.4302"},"getValue",[]]}
COMMAND: POST /session/f418f7bc7d2ff1d2d712b3b5ad58086f/element - {"using":"css selector","value":"#shell-header-logo"}
RESULT: {"using":"css selector","value":"#shell-header-logo"}
COMMAND: POST /session/f418f7bc7d2ff1d2d712b3b5ad58086f/element/f.72BD6EB346CCC82EDFB0602EE84AC45D.d.50F3432257DD5DF50EDB16794FF75AD0.e.3879/click - {}
RESULT: {}
COMMAND: GET /session/f418f7bc7d2ff1d2d712b3b5ad58086f/screenshot - {}
RESULT: {}
]]></system-out>
    </testcase>
    <testcase classname="chrome.135_0_7049_96.windows.Partner_specific_tests_US150819_US151080_US151654_US151176_US103444_US151078_US151079_US151109_US151174_US151175_US151189" name="Should create a new intracompany partner edit some of its fields US151079" time="212.693">
      <system-out><![CDATA[
COMMAND: POST /session/f418f7bc7d2ff1d2d712b3b5ad58086f/element - {"using":"xpath","value":"//li[.//span[text()=\"Manage Partners\"]]"}
RESULT: {"using":"xpath","value":"//li[.//span[text()=\"Manage Partners\"]]"}
COMMAND: POST /session/f418f7bc7d2ff1d2d712b3b5ad58086f/element - {"using":"xpath","value":"//li[.//span[text()=\"Manage Partners\"]]"}
RESULT: {"using":"xpath","value":"//li[.//span[text()=\"Manage Partners\"]]"}
COMMAND: POST /session/f418f7bc7d2ff1d2d712b3b5ad58086f/element - {"using":"css selector","value":"#shell-header-logo"}
RESULT: {"using":"css selector","value":"#shell-header-logo"}
COMMAND: POST /session/f418f7bc7d2ff1d2d712b3b5ad58086f/element/f.72BD6EB346CCC82EDFB0602EE84AC45D.d.50F3432257DD5DF50EDB16794FF75AD0.e.4347/click - {}
COMMAND: POST /session/f418f7bc7d2ff1d2d712b3b5ad58086f/execute/sync - {"script":"<script> [8489 bytes]","args":[{"element-6066-11e4-a52e-4f735466cecf":"f.72BD6EB346CCC82EDFB0602EE84AC45D.d.50F3432257DD5DF50EDB16794FF75AD0.e.4347","ELEMENT":"f.72BD6EB346CCC82EDFB0602EE84AC45D.d.50F3432257DD5DF50EDB16794FF75AD0.e.4347"}]}
RESULT: {}
COMMAND: GET /session/f418f7bc7d2ff1d2d712b3b5ad58086f/screenshot - {}
RESULT: {"script":"<script> [8489 bytes]","args":[{"element-6066-11e4-a52e-4f735466cecf":"f.72BD6EB346CCC82EDFB0602EE84AC45D.d.50F3432257DD5DF50EDB16794FF75AD0.e.4347","ELEMENT":"f.72BD6EB346CCC82EDFB0602EE84AC45D.d.50F3432257DD5DF50EDB16794FF75AD0.e.4347"}]}
COMMAND: POST /session/f418f7bc7d2ff1d2d712b3b5ad58086f/execute/sync - {"script":"<script> [5351 bytes]","args":[{"element-6066-11e4-a52e-4f735466cecf":"f.72BD6EB346CCC82EDFB0602EE84AC45D.d.50F3432257DD5DF50EDB16794FF75AD0.e.4347","ELEMENT":"f.72BD6EB346CCC82EDFB0602EE84AC45D.d.50F3432257DD5DF50EDB16794FF75AD0.e.4347"}]}
COMMAND: GET /session/f418f7bc7d2ff1d2d712b3b5ad58086f/screenshot - {}
RESULT: {}
RESULT: {"script":"<script> [5351 bytes]","args":[{"element-6066-11e4-a52e-4f735466cecf":"f.72BD6EB346CCC82EDFB0602EE84AC45D.d.50F3432257DD5DF50EDB16794FF75AD0.e.4347","ELEMENT":"f.72BD6EB346CCC82EDFB0602EE84AC45D.d.50F3432257DD5DF50EDB16794FF75AD0.e.4347"}]}
COMMAND: GET /session/f418f7bc7d2ff1d2d712b3b5ad58086f/screenshot - {}
RESULT: {}
RESULT: {}
COMMAND: POST /session/f418f7bc7d2ff1d2d712b3b5ad58086f/refresh - {}
RESULT: {}
COMMAND: GET /session/f418f7bc7d2ff1d2d712b3b5ad58086f/screenshot - {}
RESULT: {}
COMMAND: POST /session/f418f7bc7d2ff1d2d712b3b5ad58086f/refresh - {}
RESULT: {}
COMMAND: GET /session/f418f7bc7d2ff1d2d712b3b5ad58086f/screenshot - {}
RESULT: {}
COMMAND: POST /session/f418f7bc7d2ff1d2d712b3b5ad58086f/window/fullscreen - {}
RESULT: {}
COMMAND: POST /session/f418f7bc7d2ff1d2d712b3b5ad58086f/execute/async - {"script":"<script> [189 bytes]","args":[]}
RESULT: {"script":"<script> [189 bytes]","args":[]}
COMMAND: POST /session/f418f7bc7d2ff1d2d712b3b5ad58086f/execute/async - {"script":"<script> [123 bytes]","args":[]}
RESULT: {"script":"<script> [123 bytes]","args":[]}
COMMAND: POST /session/f418f7bc7d2ff1d2d712b3b5ad58086f/timeouts - {"script":"<number>"}
RESULT: {"script":"<number>"}
COMMAND: GET /session/f418f7bc7d2ff1d2d712b3b5ad58086f/timeouts - {}
RESULT: {}
RESULT: undefined
COMMAND: POST /session/f418f7bc7d2ff1d2d712b3b5ad58086f/execute/async - {"script":"<script> [2676 bytes]","args":[]}
RESULT: {"script":"<script> [2676 bytes]","args":[]}
COMMAND: POST /session/f418f7bc7d2ff1d2d712b3b5ad58086f/execute/async - {"script":"<script> [2342 bytes]","args":[{"protocol":"http","hostname":"0.0.0.0","path":"/","capabilities":{"browserName":"chrome","goog:chromeOptions":{"binary":"C:\\Program Files\\Google\\Chrome\\Application\\chrome.exe","args":["--start-maximized"]}},"logLevel":"warn","connectionRetryTimeout":120000,"connectionRetryCount":3,"logLevels":{},"enableDirectConnect":true,"strictSSL":true,"_":"65 more keys: [\"cacheDir\",\"port\",\"requestedCapabilities\",\"automationProtocol\",\"baseUrl\",\"waitforInterval\",\"waitforTimeout\",\"onReload\",\"beforeCommand\",\"afterCommand\",\"rootDir\",\"specs\",\"suites\",\"exclude\",\"groupLogsByTestSpec\",\"excludeDriverLogs\",\"bail\",\"framework\",\"reporters\",\"services\",\"maxInstances\",\"maxInstancesPerCapability\",\"injectGlobals\",\"filesToWatch\",\"execArgv\",\"runnerEnv\",\"runner\",\"shard\",\"specFileRetries\",\"specFileRetriesDelay\",\"specFileRetriesDeferred\",\"reporterSyncInterval\",\"reporterSyncTimeout\",\"cucumberFeaturesWithLineNumbers\",\"autoCompileOpts\",\"mochaOpts\",\"jasmineOpts\",\"cucumberOpts\",\"onPrepare\",\"onWorkerStart\",\"onWorkerEnd\",\"before\",\"beforeSession\",\"beforeSuite\",\"beforeHook\",\"beforeTest\",\"afterTest\",\"afterHook\",\"afterSuite\",\"afterSession\",\"after\",\"onComplete\",\"beforeAssertion\",\"afterAssertion\",\"beforeFeature\",\"beforeScenario\",\"beforeStep\",\"afterStep\",\"afterScenario\",\"afterFeature\",\"_\",\"suite\",\"$0\",\"ignoredWorkerServices\",\"wdi5\"]"}]}
RESULT: {"script":"<script> [2342 bytes]","args":[{"protocol":"http","hostname":"0.0.0.0","path":"/","capabilities":{"browserName":"chrome","goog:chromeOptions":{"binary":"C:\\Program Files\\Google\\Chrome\\Application\\chrome.exe","args":["--start-maximized"]}},"logLevel":"warn","connectionRetryTimeout":120000,"connectionRetryCount":3,"logLevels":{},"enableDirectConnect":true,"strictSSL":true,"_":"65 more keys: [\"cacheDir\",\"port\",\"requestedCapabilities\",\"automationProtocol\",\"baseUrl\",\"waitforInterval\",\"waitforTimeout\",\"onReload\",\"beforeCommand\",\"afterCommand\",\"rootDir\",\"specs\",\"suites\",\"exclude\",\"groupLogsByTestSpec\",\"excludeDriverLogs\",\"bail\",\"framework\",\"reporters\",\"services\",\"maxInstances\",\"maxInstancesPerCapability\",\"injectGlobals\",\"filesToWatch\",\"execArgv\",\"runnerEnv\",\"runner\",\"shard\",\"specFileRetries\",\"specFileRetriesDelay\",\"specFileRetriesDeferred\",\"reporterSyncInterval\",\"reporterSyncTimeout\",\"cucumberFeaturesWithLineNumbers\",\"autoCompileOpts\",\"mochaOpts\",\"jasmineOpts\",\"cucumberOpts\",\"onPrepare\",\"onWorkerStart\",\"onWorkerEnd\",\"before\",\"beforeSession\",\"beforeSuite\",\"beforeHook\",\"beforeTest\",\"afterTest\",\"afterHook\",\"afterSuite\",\"afterSession\",\"after\",\"onComplete\",\"beforeAssertion\",\"afterAssertion\",\"beforeFeature\",\"beforeScenario\",\"beforeStep\",\"afterStep\",\"afterScenario\",\"afterFeature\",\"_\",\"suite\",\"$0\",\"ignoredWorkerServices\",\"wdi5\"]"}]}
COMMAND: POST /session/f418f7bc7d2ff1d2d712b3b5ad58086f/execute/async - {"script":"<script> [21126 bytes]","args":[35000]}
RESULT: {"script":"<script> [21126 bytes]","args":[35000]}
COMMAND: POST /session/f418f7bc7d2ff1d2d712b3b5ad58086f/window/fullscreen - {}
RESULT: {}
COMMAND: POST /session/f418f7bc7d2ff1d2d712b3b5ad58086f/window/fullscreen - {}
RESULT: {}
COMMAND: POST /session/f418f7bc7d2ff1d2d712b3b5ad58086f/execute/async - {"script":"<script> [1562 bytes]","args":[{"selector":{"controlType":"sap.m.GenericTile","properties":{"header":"Manage Partners"}},"wdio_ui5_key":"sapm.GenericTile{\"header\":\"Manage Partners\"}"}]}
RESULT: {"script":"<script> [1562 bytes]","args":[{"selector":{"controlType":"sap.m.GenericTile","properties":{"header":"Manage Partners"}},"wdio_ui5_key":"sapm.GenericTile{\"header\":\"Manage Partners\"}"}]}
RESULT: undefined
COMMAND: POST /session/f418f7bc7d2ff1d2d712b3b5ad58086f/element - {"using":"xpath","value":"//*[@id=\"__tile30\"]"}
RESULT: {"using":"xpath","value":"//*[@id=\"__tile30\"]"}
COMMAND: POST /session/f418f7bc7d2ff1d2d712b3b5ad58086f/element/f.72BD6EB346CCC82EDFB0602EE84AC45D.d.857343439B1C17B9C3F32B6062317350.e.4411/click - {}
RESULT: {}
COMMAND: POST /session/f418f7bc7d2ff1d2d712b3b5ad58086f/element - {"using":"xpath","value":"//button[@data-kt=\"addButton\"]"}
COMMAND: GET /session/f418f7bc7d2ff1d2d712b3b5ad58086f/screenshot - {}
RESULT: {"using":"xpath","value":"//button[@data-kt=\"addButton\"]"}
COMMAND: POST /session/f418f7bc7d2ff1d2d712b3b5ad58086f/elements - {"using":"xpath","value":"//button[@data-kt=\"addButton\"]"}
RESULT: {}
RESULT: {"using":"xpath","value":"//button[@data-kt=\"addButton\"]"}
COMMAND: POST /session/f418f7bc7d2ff1d2d712b3b5ad58086f/elements - {"using":"xpath","value":"//button[@data-kt=\"addButton\"]"}
RESULT: {"using":"xpath","value":"//button[@data-kt=\"addButton\"]"}
COMMAND: POST /session/f418f7bc7d2ff1d2d712b3b5ad58086f/elements - {"using":"xpath","value":"//button[@data-kt=\"addButton\"]"}
RESULT: {"using":"xpath","value":"//button[@data-kt=\"addButton\"]"}
COMMAND: POST /session/f418f7bc7d2ff1d2d712b3b5ad58086f/elements - {"using":"xpath","value":"//button[@data-kt=\"addButton\"]"}
RESULT: {"using":"xpath","value":"//button[@data-kt=\"addButton\"]"}
COMMAND: POST /session/f418f7bc7d2ff1d2d712b3b5ad58086f/elements - {"using":"xpath","value":"//button[@data-kt=\"addButton\"]"}
RESULT: {"using":"xpath","value":"//button[@data-kt=\"addButton\"]"}
COMMAND: POST /session/f418f7bc7d2ff1d2d712b3b5ad58086f/elements - {"using":"xpath","value":"//button[@data-kt=\"addButton\"]"}
RESULT: {"using":"xpath","value":"//button[@data-kt=\"addButton\"]"}
COMMAND: POST /session/f418f7bc7d2ff1d2d712b3b5ad58086f/elements - {"using":"xpath","value":"//button[@data-kt=\"addButton\"]"}
RESULT: {"using":"xpath","value":"//button[@data-kt=\"addButton\"]"}
COMMAND: POST /session/f418f7bc7d2ff1d2d712b3b5ad58086f/elements - {"using":"xpath","value":"//button[@data-kt=\"addButton\"]"}
RESULT: {"using":"xpath","value":"//button[@data-kt=\"addButton\"]"}
COMMAND: POST /session/f418f7bc7d2ff1d2d712b3b5ad58086f/elements - {"using":"xpath","value":"//button[@data-kt=\"addButton\"]"}
RESULT: {"using":"xpath","value":"//button[@data-kt=\"addButton\"]"}
COMMAND: POST /session/f418f7bc7d2ff1d2d712b3b5ad58086f/elements - {"using":"xpath","value":"//button[@data-kt=\"addButton\"]"}
RESULT: {"using":"xpath","value":"//button[@data-kt=\"addButton\"]"}
COMMAND: POST /session/f418f7bc7d2ff1d2d712b3b5ad58086f/elements - {"using":"xpath","value":"//button[@data-kt=\"addButton\"]"}
RESULT: {"using":"xpath","value":"//button[@data-kt=\"addButton\"]"}
COMMAND: POST /session/f418f7bc7d2ff1d2d712b3b5ad58086f/elements - {"using":"xpath","value":"//button[@data-kt=\"addButton\"]"}
RESULT: {"using":"xpath","value":"//button[@data-kt=\"addButton\"]"}
COMMAND: POST /session/f418f7bc7d2ff1d2d712b3b5ad58086f/elements - {"using":"xpath","value":"//button[@data-kt=\"addButton\"]"}
RESULT: {"using":"xpath","value":"//button[@data-kt=\"addButton\"]"}
COMMAND: POST /session/f418f7bc7d2ff1d2d712b3b5ad58086f/elements - {"using":"xpath","value":"//button[@data-kt=\"addButton\"]"}
RESULT: {"using":"xpath","value":"//button[@data-kt=\"addButton\"]"}
COMMAND: POST /session/f418f7bc7d2ff1d2d712b3b5ad58086f/elements - {"using":"xpath","value":"//button[@data-kt=\"addButton\"]"}
RESULT: {"using":"xpath","value":"//button[@data-kt=\"addButton\"]"}
COMMAND: POST /session/f418f7bc7d2ff1d2d712b3b5ad58086f/elements - {"using":"xpath","value":"//button[@data-kt=\"addButton\"]"}
RESULT: {"using":"xpath","value":"//button[@data-kt=\"addButton\"]"}
COMMAND: POST /session/f418f7bc7d2ff1d2d712b3b5ad58086f/element - {"using":"xpath","value":"//button[@data-kt=\"addButton\"]"}
RESULT: {"using":"xpath","value":"//button[@data-kt=\"addButton\"]"}
COMMAND: POST /session/f418f7bc7d2ff1d2d712b3b5ad58086f/execute/sync - {"script":"<script> [8489 bytes]","args":[{"element-6066-11e4-a52e-4f735466cecf":"f.72BD6EB346CCC82EDFB0602EE84AC45D.d.857343439B1C17B9C3F32B6062317350.e.4526","ELEMENT":"f.72BD6EB346CCC82EDFB0602EE84AC45D.d.857343439B1C17B9C3F32B6062317350.e.4526"}]}
RESULT: {"script":"<script> [8489 bytes]","args":[{"element-6066-11e4-a52e-4f735466cecf":"f.72BD6EB346CCC82EDFB0602EE84AC45D.d.857343439B1C17B9C3F32B6062317350.e.4526","ELEMENT":"f.72BD6EB346CCC82EDFB0602EE84AC45D.d.857343439B1C17B9C3F32B6062317350.e.4526"}]}
COMMAND: GET /session/f418f7bc7d2ff1d2d712b3b5ad58086f/element/f.72BD6EB346CCC82EDFB0602EE84AC45D.d.857343439B1C17B9C3F32B6062317350.e.4526/enabled - {}
COMMAND: GET /session/f418f7bc7d2ff1d2d712b3b5ad58086f/screenshot - {}
RESULT: {}
COMMAND: POST /session/f418f7bc7d2ff1d2d712b3b5ad58086f/execute/sync - {"script":"<script> [8489 bytes]","args":[{"element-6066-11e4-a52e-4f735466cecf":"f.72BD6EB346CCC82EDFB0602EE84AC45D.d.857343439B1C17B9C3F32B6062317350.e.4526","ELEMENT":"f.72BD6EB346CCC82EDFB0602EE84AC45D.d.857343439B1C17B9C3F32B6062317350.e.4526"}]}
COMMAND: GET /session/f418f7bc7d2ff1d2d712b3b5ad58086f/screenshot - {}
RESULT: {}
RESULT: {"script":"<script> [8489 bytes]","args":[{"element-6066-11e4-a52e-4f735466cecf":"f.72BD6EB346CCC82EDFB0602EE84AC45D.d.857343439B1C17B9C3F32B6062317350.e.4526","ELEMENT":"f.72BD6EB346CCC82EDFB0602EE84AC45D.d.857343439B1C17B9C3F32B6062317350.e.4526"}]}
COMMAND: POST /session/f418f7bc7d2ff1d2d712b3b5ad58086f/execute/sync - {"script":"<script> [5351 bytes]","args":[{"element-6066-11e4-a52e-4f735466cecf":"f.72BD6EB346CCC82EDFB0602EE84AC45D.d.857343439B1C17B9C3F32B6062317350.e.4526","ELEMENT":"f.72BD6EB346CCC82EDFB0602EE84AC45D.d.857343439B1C17B9C3F32B6062317350.e.4526"}]}
COMMAND: GET /session/f418f7bc7d2ff1d2d712b3b5ad58086f/screenshot - {}
RESULT: {}
RESULT: {"script":"<script> [5351 bytes]","args":[{"element-6066-11e4-a52e-4f735466cecf":"f.72BD6EB346CCC82EDFB0602EE84AC45D.d.857343439B1C17B9C3F32B6062317350.e.4526","ELEMENT":"f.72BD6EB346CCC82EDFB0602EE84AC45D.d.857343439B1C17B9C3F32B6062317350.e.4526"}]}
COMMAND: POST /session/f418f7bc7d2ff1d2d712b3b5ad58086f/element/f.72BD6EB346CCC82EDFB0602EE84AC45D.d.857343439B1C17B9C3F32B6062317350.e.4526/click - {}
RESULT: {}
COMMAND: GET /session/f418f7bc7d2ff1d2d712b3b5ad58086f/screenshot - {}
RESULT: {}
COMMAND: GET /session/f418f7bc7d2ff1d2d712b3b5ad58086f/screenshot - {}
RESULT: {}
COMMAND: POST /session/f418f7bc7d2ff1d2d712b3b5ad58086f/execute/async - {"script":"<script> [1562 bytes]","args":[{"selector":{"id":"application-managepartners-display-component---NewPartner--addressDetailDetailsName1","interaction":{"idSuffix":"inner"}},"wdio_ui5_key":"applicationmanagepartners-display-component---NewPartner--addressDetailDetailsName1"}]}
RESULT: {}
RESULT: {"script":"<script> [1562 bytes]","args":[{"selector":{"id":"application-managepartners-display-component---NewPartner--addressDetailDetailsName1","interaction":{"idSuffix":"inner"}},"wdio_ui5_key":"applicationmanagepartners-display-component---NewPartner--addressDetailDetailsName1"}]}
RESULT: undefined
COMMAND: POST /session/f418f7bc7d2ff1d2d712b3b5ad58086f/execute/async - {"script":"<script> [776 bytes]","args":[{"enterText":"Intracompany Partner WDIO","selector":{"id":"application-managepartners-display-component---NewPartner--addressDetailDetailsName1","interaction":{"idSuffix":"inner"}},"clearTextFirst":true,"interactionType":"ENTER_TEXT"}]}
RESULT: {"script":"<script> [776 bytes]","args":[{"enterText":"Intracompany Partner WDIO","selector":{"id":"application-managepartners-display-component---NewPartner--addressDetailDetailsName1","interaction":{"idSuffix":"inner"}},"clearTextFirst":true,"interactionType":"ENTER_TEXT"}]}
COMMAND: POST /session/f418f7bc7d2ff1d2d712b3b5ad58086f/execute/async - {"script":"<script> [1562 bytes]","args":[{"selector":{"id":"application-managepartners-display-component---NewPartner--addressDetailDetailsLanguage-arrow"},"wdio_ui5_key":"applicationmanagepartners-display-component---NewPartner--addressDetailDetailsLanguage-arrow"}]}
RESULT: {"script":"<script> [1562 bytes]","args":[{"selector":{"id":"application-managepartners-display-component---NewPartner--addressDetailDetailsLanguage-arrow"},"wdio_ui5_key":"applicationmanagepartners-display-component---NewPartner--addressDetailDetailsLanguage-arrow"}]}
RESULT: undefined
COMMAND: POST /session/f418f7bc7d2ff1d2d712b3b5ad58086f/element - {"using":"xpath","value":"//*[@id=\"application-managepartners-display-component---NewPartner--addressDetailDetailsLanguage-arrow\"]"}
RESULT: {"using":"xpath","value":"//*[@id=\"application-managepartners-display-component---NewPartner--addressDetailDetailsLanguage-arrow\"]"}
COMMAND: POST /session/f418f7bc7d2ff1d2d712b3b5ad58086f/element/f.72BD6EB346CCC82EDFB0602EE84AC45D.d.857343439B1C17B9C3F32B6062317350.e.4837/click - {}
RESULT: {}
COMMAND: POST /session/f418f7bc7d2ff1d2d712b3b5ad58086f/element - {"using":"xpath","value":"//span[contains(text(), \"English\")]"}
COMMAND: GET /session/f418f7bc7d2ff1d2d712b3b5ad58086f/screenshot - {}
RESULT: {"using":"xpath","value":"//span[contains(text(), \"English\")]"}
COMMAND: POST /session/f418f7bc7d2ff1d2d712b3b5ad58086f/element/f.72BD6EB346CCC82EDFB0602EE84AC45D.d.857343439B1C17B9C3F32B6062317350.e.4838/click - {}
RESULT: {}
RESULT: {}
COMMAND: GET /session/f418f7bc7d2ff1d2d712b3b5ad58086f/screenshot - {}
RESULT: {}
COMMAND: POST /session/f418f7bc7d2ff1d2d712b3b5ad58086f/execute/async - {"script":"<script> [1562 bytes]","args":[{"selector":{"id":"application-managepartners-display-component---NewPartner--addressDetailDetailsCity1","interaction":{"idSuffix":"inner"}},"wdio_ui5_key":"applicationmanagepartners-display-component---NewPartner--addressDetailDetailsCity1"}]}
RESULT: {"script":"<script> [1562 bytes]","args":[{"selector":{"id":"application-managepartners-display-component---NewPartner--addressDetailDetailsCity1","interaction":{"idSuffix":"inner"}},"wdio_ui5_key":"applicationmanagepartners-display-component---NewPartner--addressDetailDetailsCity1"}]}
RESULT: undefined
COMMAND: POST /session/f418f7bc7d2ff1d2d712b3b5ad58086f/execute/async - {"script":"<script> [776 bytes]","args":[{"enterText":"Rosario","selector":{"id":"application-managepartners-display-component---NewPartner--addressDetailDetailsCity1","interaction":{"idSuffix":"inner"}},"clearTextFirst":true,"interactionType":"ENTER_TEXT"}]}
RESULT: {"script":"<script> [776 bytes]","args":[{"enterText":"Rosario","selector":{"id":"application-managepartners-display-component---NewPartner--addressDetailDetailsCity1","interaction":{"idSuffix":"inner"}},"clearTextFirst":true,"interactionType":"ENTER_TEXT"}]}
COMMAND: POST /session/f418f7bc7d2ff1d2d712b3b5ad58086f/execute/async - {"script":"<script> [1562 bytes]","args":[{"selector":{"id":"application-managepartners-display-component---NewPartner--addressDetailDetailsCountry-arrow"},"wdio_ui5_key":"applicationmanagepartners-display-component---NewPartner--addressDetailDetailsCountry-arrow"}]}
RESULT: {"script":"<script> [1562 bytes]","args":[{"selector":{"id":"application-managepartners-display-component---NewPartner--addressDetailDetailsCountry-arrow"},"wdio_ui5_key":"applicationmanagepartners-display-component---NewPartner--addressDetailDetailsCountry-arrow"}]}
RESULT: undefined
COMMAND: POST /session/f418f7bc7d2ff1d2d712b3b5ad58086f/element - {"using":"xpath","value":"//*[@id=\"application-managepartners-display-component---NewPartner--addressDetailDetailsCountry-arrow\"]"}
RESULT: {"using":"xpath","value":"//*[@id=\"application-managepartners-display-component---NewPartner--addressDetailDetailsCountry-arrow\"]"}
COMMAND: POST /session/f418f7bc7d2ff1d2d712b3b5ad58086f/element/f.72BD6EB346CCC82EDFB0602EE84AC45D.d.857343439B1C17B9C3F32B6062317350.e.4807/click - {}
RESULT: {}
COMMAND: POST /session/f418f7bc7d2ff1d2d712b3b5ad58086f/element - {"using":"xpath","value":"//span[contains(text(), \"Argentina\")]"}
COMMAND: GET /session/f418f7bc7d2ff1d2d712b3b5ad58086f/screenshot - {}
RESULT: {"using":"xpath","value":"//span[contains(text(), \"Argentina\")]"}
COMMAND: POST /session/f418f7bc7d2ff1d2d712b3b5ad58086f/element/f.72BD6EB346CCC82EDFB0602EE84AC45D.d.857343439B1C17B9C3F32B6062317350.e.4840/click - {}
RESULT: {}
RESULT: {}
COMMAND: GET /session/f418f7bc7d2ff1d2d712b3b5ad58086f/screenshot - {}
RESULT: {}
COMMAND: POST /session/f418f7bc7d2ff1d2d712b3b5ad58086f/element - {"using":"xpath","value":"//bdi[contains(text(), \"Commercial\")]"}
RESULT: {"using":"xpath","value":"//bdi[contains(text(), \"Commercial\")]"}
COMMAND: POST /session/f418f7bc7d2ff1d2d712b3b5ad58086f/element/f.72BD6EB346CCC82EDFB0602EE84AC45D.d.857343439B1C17B9C3F32B6062317350.e.4841/click - {}
RESULT: {}
COMMAND: GET /session/f418f7bc7d2ff1d2d712b3b5ad58086f/screenshot - {}
RESULT: {}
COMMAND: POST /session/f418f7bc7d2ff1d2d712b3b5ad58086f/execute/async - {"script":"<script> [1562 bytes]","args":[{"selector":{"id":"application-managepartners-display-component---NewPartner--partnerDetailInternal-arrow"},"wdio_ui5_key":"applicationmanagepartners-display-component---NewPartner--partnerDetailInternal-arrow"}]}
RESULT: {"script":"<script> [1562 bytes]","args":[{"selector":{"id":"application-managepartners-display-component---NewPartner--partnerDetailInternal-arrow"},"wdio_ui5_key":"applicationmanagepartners-display-component---NewPartner--partnerDetailInternal-arrow"}]}
RESULT: undefined
COMMAND: POST /session/f418f7bc7d2ff1d2d712b3b5ad58086f/element - {"using":"xpath","value":"//*[@id=\"application-managepartners-display-component---NewPartner--partnerDetailInternal-arrow\"]"}
RESULT: {"using":"xpath","value":"//*[@id=\"application-managepartners-display-component---NewPartner--partnerDetailInternal-arrow\"]"}
COMMAND: POST /session/f418f7bc7d2ff1d2d712b3b5ad58086f/element/f.72BD6EB346CCC82EDFB0602EE84AC45D.d.857343439B1C17B9C3F32B6062317350.e.4847/click - {}
RESULT: {}
COMMAND: POST /session/f418f7bc7d2ff1d2d712b3b5ad58086f/element - {"using":"xpath","value":"//span[contains(text(), \"Affiliated company\")]"}
COMMAND: GET /session/f418f7bc7d2ff1d2d712b3b5ad58086f/screenshot - {}
RESULT: {"using":"xpath","value":"//span[contains(text(), \"Affiliated company\")]"}
COMMAND: POST /session/f418f7bc7d2ff1d2d712b3b5ad58086f/element/f.72BD6EB346CCC82EDFB0602EE84AC45D.d.857343439B1C17B9C3F32B6062317350.e.4848/click - {}
RESULT: {}
RESULT: {}
COMMAND: POST /session/f418f7bc7d2ff1d2d712b3b5ad58086f/execute/async - {"script":"<script> [1562 bytes]","args":[{"selector":{"id":"application-managepartners-display-component---NewPartner--partnerDetailsCurrency-arrow"},"wdio_ui5_key":"applicationmanagepartners-display-component---NewPartner--partnerDetailsCurrency-arrow"}]}
COMMAND: GET /session/f418f7bc7d2ff1d2d712b3b5ad58086f/screenshot - {}
RESULT: {"script":"<script> [1562 bytes]","args":[{"selector":{"id":"application-managepartners-display-component---NewPartner--partnerDetailsCurrency-arrow"},"wdio_ui5_key":"applicationmanagepartners-display-component---NewPartner--partnerDetailsCurrency-arrow"}]}
RESULT: undefined
COMMAND: POST /session/f418f7bc7d2ff1d2d712b3b5ad58086f/element - {"using":"xpath","value":"//*[@id=\"application-managepartners-display-component---NewPartner--partnerDetailsCurrency-arrow\"]"}
RESULT: {}
RESULT: {"using":"xpath","value":"//*[@id=\"application-managepartners-display-component---NewPartner--partnerDetailsCurrency-arrow\"]"}
COMMAND: POST /session/f418f7bc7d2ff1d2d712b3b5ad58086f/element/f.72BD6EB346CCC82EDFB0602EE84AC45D.d.857343439B1C17B9C3F32B6062317350.e.4855/click - {}
RESULT: {}
COMMAND: POST /session/f418f7bc7d2ff1d2d712b3b5ad58086f/element - {"using":"xpath","value":"//span[contains(text(), \"Euro\")]"}
COMMAND: GET /session/f418f7bc7d2ff1d2d712b3b5ad58086f/screenshot - {}
RESULT: {"using":"xpath","value":"//span[contains(text(), \"Euro\")]"}
COMMAND: POST /session/f418f7bc7d2ff1d2d712b3b5ad58086f/element/f.72BD6EB346CCC82EDFB0602EE84AC45D.d.857343439B1C17B9C3F32B6062317350.e.4856/click - {}
RESULT: {}
RESULT: {}
COMMAND: POST /session/f418f7bc7d2ff1d2d712b3b5ad58086f/execute/async - {"script":"<script> [1562 bytes]","args":[{"selector":{"id":"application-managepartners-display-component---NewPartner--addressEditDetailsCostObjectCstType-arrow"},"wdio_ui5_key":"applicationmanagepartners-display-component---NewPartner--addressEditDetailsCostObjectCstType-arrow"}]}
COMMAND: GET /session/f418f7bc7d2ff1d2d712b3b5ad58086f/screenshot - {}
RESULT: {"script":"<script> [1562 bytes]","args":[{"selector":{"id":"application-managepartners-display-component---NewPartner--addressEditDetailsCostObjectCstType-arrow"},"wdio_ui5_key":"applicationmanagepartners-display-component---NewPartner--addressEditDetailsCostObjectCstType-arrow"}]}
RESULT: undefined
COMMAND: POST /session/f418f7bc7d2ff1d2d712b3b5ad58086f/element - {"using":"xpath","value":"//*[@id=\"application-managepartners-display-component---NewPartner--addressEditDetailsCostObjectCstType-arrow\"]"}
RESULT: {}
RESULT: {"using":"xpath","value":"//*[@id=\"application-managepartners-display-component---NewPartner--addressEditDetailsCostObjectCstType-arrow\"]"}
COMMAND: POST /session/f418f7bc7d2ff1d2d712b3b5ad58086f/element/f.72BD6EB346CCC82EDFB0602EE84AC45D.d.857343439B1C17B9C3F32B6062317350.e.4857/click - {}
RESULT: {}
COMMAND: POST /session/f418f7bc7d2ff1d2d712b3b5ad58086f/element - {"using":"xpath","value":"//span[contains(text(), \"Cost Center\")]"}
COMMAND: GET /session/f418f7bc7d2ff1d2d712b3b5ad58086f/screenshot - {}
RESULT: {"using":"xpath","value":"//span[contains(text(), \"Cost Center\")]"}
COMMAND: POST /session/f418f7bc7d2ff1d2d712b3b5ad58086f/element/f.72BD6EB346CCC82EDFB0602EE84AC45D.d.857343439B1C17B9C3F32B6062317350.e.4858/click - {}
RESULT: {}
RESULT: {}
COMMAND: GET /session/f418f7bc7d2ff1d2d712b3b5ad58086f/screenshot - {}
RESULT: {}
COMMAND: POST /session/f418f7bc7d2ff1d2d712b3b5ad58086f/element - {"using":"xpath","value":"//span[@id=\"application-managepartners-display-component---NewPartner--addressNewCostObjectCstID-vhi\"]"}
RESULT: {"using":"xpath","value":"//span[@id=\"application-managepartners-display-component---NewPartner--addressNewCostObjectCstID-vhi\"]"}
COMMAND: POST /session/f418f7bc7d2ff1d2d712b3b5ad58086f/execute/sync - {"script":"<script> [8489 bytes]","args":[{"element-6066-11e4-a52e-4f735466cecf":"f.72BD6EB346CCC82EDFB0602EE84AC45D.d.857343439B1C17B9C3F32B6062317350.e.4862","ELEMENT":"f.72BD6EB346CCC82EDFB0602EE84AC45D.d.857343439B1C17B9C3F32B6062317350.e.4862"}]}
RESULT: {"script":"<script> [8489 bytes]","args":[{"element-6066-11e4-a52e-4f735466cecf":"f.72BD6EB346CCC82EDFB0602EE84AC45D.d.857343439B1C17B9C3F32B6062317350.e.4862","ELEMENT":"f.72BD6EB346CCC82EDFB0602EE84AC45D.d.857343439B1C17B9C3F32B6062317350.e.4862"}]}
COMMAND: POST /session/f418f7bc7d2ff1d2d712b3b5ad58086f/execute/async - {"script":"<script> [1562 bytes]","args":[{"selector":{"id":"application-managepartners-display-component---NewPartner--addressNewCostObjectCstID-vhi"},"wdio_ui5_key":"applicationmanagepartners-display-component---NewPartner--addressNewCostObjectCstID-vhi"}]}
COMMAND: GET /session/f418f7bc7d2ff1d2d712b3b5ad58086f/screenshot - {}
RESULT: {"script":"<script> [1562 bytes]","args":[{"selector":{"id":"application-managepartners-display-component---NewPartner--addressNewCostObjectCstID-vhi"},"wdio_ui5_key":"applicationmanagepartners-display-component---NewPartner--addressNewCostObjectCstID-vhi"}]}
RESULT: undefined
COMMAND: POST /session/f418f7bc7d2ff1d2d712b3b5ad58086f/element - {"using":"xpath","value":"//*[@id=\"application-managepartners-display-component---NewPartner--addressNewCostObjectCstID-vhi\"]"}
RESULT: {}
RESULT: {"using":"xpath","value":"//*[@id=\"application-managepartners-display-component---NewPartner--addressNewCostObjectCstID-vhi\"]"}
COMMAND: POST /session/f418f7bc7d2ff1d2d712b3b5ad58086f/element/f.72BD6EB346CCC82EDFB0602EE84AC45D.d.857343439B1C17B9C3F32B6062317350.e.4862/click - {}
RESULT: {}
COMMAND: GET /session/f418f7bc7d2ff1d2d712b3b5ad58086f/screenshot - {}
RESULT: {}
COMMAND: POST /session/f418f7bc7d2ff1d2d712b3b5ad58086f/execute/async - {"script":"<script> [1562 bytes]","args":[{"selector":{"controlType":"sap.m.SearchField","properties":{"placeholder":"Search"},"searchOpenDialogs":true,"interaction":{"idSuffix":"I"}},"wdio_ui5_key":"sapm.SearchField{\"placeholder\":\"Search\"}"}]}
RESULT: {"script":"<script> [1562 bytes]","args":[{"selector":{"controlType":"sap.m.SearchField","properties":{"placeholder":"Search"},"searchOpenDialogs":true,"interaction":{"idSuffix":"I"}},"wdio_ui5_key":"sapm.SearchField{\"placeholder\":\"Search\"}"}]}
RESULT: undefined
COMMAND: POST /session/f418f7bc7d2ff1d2d712b3b5ad58086f/execute/async - {"script":"<script> [776 bytes]","args":[{"enterText":"10001013","selector":{"controlType":"sap.m.SearchField","properties":{"placeholder":"Search"},"searchOpenDialogs":true,"interaction":{"idSuffix":"I"}},"clearTextFirst":true,"interactionType":"ENTER_TEXT"}]}
RESULT: {"script":"<script> [776 bytes]","args":[{"enterText":"10001013","selector":{"controlType":"sap.m.SearchField","properties":{"placeholder":"Search"},"searchOpenDialogs":true,"interaction":{"idSuffix":"I"}},"clearTextFirst":true,"interactionType":"ENTER_TEXT"}]}
COMMAND: POST /session/f418f7bc7d2ff1d2d712b3b5ad58086f/actions - {"actions":[{"id":"action12","type":"key","parameters":{},"actions":[{"type":"keyDown","value":"î€‡"},{"type":"pause","duration":10},{"type":"keyUp","value":"î€‡"}]}]}
RESULT: {"actions":[{"id":"action12","type":"key","parameters":{},"actions":[{"type":"keyDown","value":"î€‡"},{"type":"pause","duration":10},{"type":"keyUp","value":"î€‡"}]}]}
COMMAND: GET /session/f418f7bc7d2ff1d2d712b3b5ad58086f/screenshot - {}
RESULT: {}
COMMAND: POST /session/f418f7bc7d2ff1d2d712b3b5ad58086f/element - {"using":"xpath","value":"//span[contains(text(), \"General Management\")]"}
RESULT: {"using":"xpath","value":"//span[contains(text(), \"General Management\")]"}
COMMAND: POST /session/f418f7bc7d2ff1d2d712b3b5ad58086f/element/f.72BD6EB346CCC82EDFB0602EE84AC45D.d.857343439B1C17B9C3F32B6062317350.e.4904/click - {}
RESULT: {}
COMMAND: GET /session/f418f7bc7d2ff1d2d712b3b5ad58086f/screenshot - {}
RESULT: {}
COMMAND: POST /session/f418f7bc7d2ff1d2d712b3b5ad58086f/element - {"using":"xpath","value":"//bdi[contains(text(), \"OK\")]"}
RESULT: {"using":"xpath","value":"//bdi[contains(text(), \"OK\")]"}
COMMAND: POST /session/f418f7bc7d2ff1d2d712b3b5ad58086f/element/f.72BD6EB346CCC82EDFB0602EE84AC45D.d.857343439B1C17B9C3F32B6062317350.e.4905/click - {}
RESULT: {}
COMMAND: GET /session/f418f7bc7d2ff1d2d712b3b5ad58086f/screenshot - {}
RESULT: {}
COMMAND: POST /session/f418f7bc7d2ff1d2d712b3b5ad58086f/element - {"using":"xpath","value":"//input[@id=\"application-managepartners-display-component---NewPartner--companyCodeComboBox-inner\"]"}
RESULT: {"using":"xpath","value":"//input[@id=\"application-managepartners-display-component---NewPartner--companyCodeComboBox-inner\"]"}
COMMAND: POST /session/f418f7bc7d2ff1d2d712b3b5ad58086f/element/f.72BD6EB346CCC82EDFB0602EE84AC45D.d.857343439B1C17B9C3F32B6062317350.e.4590/clear - {}
RESULT: {}
COMMAND: POST /session/f418f7bc7d2ff1d2d712b3b5ad58086f/element/f.72BD6EB346CCC82EDFB0602EE84AC45D.d.857343439B1C17B9C3F32B6062317350.e.4590/value - {"text":"1000"}
COMMAND: GET /session/f418f7bc7d2ff1d2d712b3b5ad58086f/screenshot - {}
RESULT: {"text":"1000"}
COMMAND: GET /session/f418f7bc7d2ff1d2d712b3b5ad58086f/screenshot - {}
RESULT: {}
RESULT: {}
COMMAND: POST /session/f418f7bc7d2ff1d2d712b3b5ad58086f/element - {"using":"xpath","value":"//span[contains(text(), \"1000\")]"}
RESULT: {"using":"xpath","value":"//span[contains(text(), \"1000\")]"}
COMMAND: POST /session/f418f7bc7d2ff1d2d712b3b5ad58086f/element/f.72BD6EB346CCC82EDFB0602EE84AC45D.d.857343439B1C17B9C3F32B6062317350.e.4911/click - {}
RESULT: {}
COMMAND: GET /session/f418f7bc7d2ff1d2d712b3b5ad58086f/screenshot - {}
RESULT: {}
COMMAND: POST /session/f418f7bc7d2ff1d2d712b3b5ad58086f/execute/async - {"script":"<script> [1562 bytes]","args":[{"selector":{"id":"application-managepartners-display-component---NewPartner--btnAddTableRow-img"},"wdio_ui5_key":"applicationmanagepartners-display-component---NewPartner--btnAddTableRow-img"}]}
RESULT: {"script":"<script> [1562 bytes]","args":[{"selector":{"id":"application-managepartners-display-component---NewPartner--btnAddTableRow-img"},"wdio_ui5_key":"applicationmanagepartners-display-component---NewPartner--btnAddTableRow-img"}]}
RESULT: undefined
COMMAND: POST /session/f418f7bc7d2ff1d2d712b3b5ad58086f/element - {"using":"xpath","value":"//*[@id=\"application-managepartners-display-component---NewPartner--btnAddTableRow-img\"]"}
RESULT: {"using":"xpath","value":"//*[@id=\"application-managepartners-display-component---NewPartner--btnAddTableRow-img\"]"}
COMMAND: POST /session/f418f7bc7d2ff1d2d712b3b5ad58086f/element/f.72BD6EB346CCC82EDFB0602EE84AC45D.d.857343439B1C17B9C3F32B6062317350.e.4912/click - {}
RESULT: {}
COMMAND: GET /session/f418f7bc7d2ff1d2d712b3b5ad58086f/screenshot - {}
RESULT: {}
COMMAND: POST /session/f418f7bc7d2ff1d2d712b3b5ad58086f/element - {"using":"xpath","value":"//input[@id=\"application-managepartners-display-component---NewPartner--assignmentYard-application-managepartners-display-component---NewPartner--assignmentsTable-0-inner\"]"}
RESULT: {"using":"xpath","value":"//input[@id=\"application-managepartners-display-component---NewPartner--assignmentYard-application-managepartners-display-component---NewPartner--assignmentsTable-0-inner\"]"}
COMMAND: POST /session/f418f7bc7d2ff1d2d712b3b5ad58086f/element/f.72BD6EB346CCC82EDFB0602EE84AC45D.d.857343439B1C17B9C3F32B6062317350.e.4915/clear - {}
RESULT: {}
COMMAND: POST /session/f418f7bc7d2ff1d2d712b3b5ad58086f/element/f.72BD6EB346CCC82EDFB0602EE84AC45D.d.857343439B1C17B9C3F32B6062317350.e.4915/value - {"text":"239"}
COMMAND: GET /session/f418f7bc7d2ff1d2d712b3b5ad58086f/screenshot - {}
RESULT: {"text":"239"}
COMMAND: GET /session/f418f7bc7d2ff1d2d712b3b5ad58086f/screenshot - {}
RESULT: {}
RESULT: {}
COMMAND: POST /session/f418f7bc7d2ff1d2d712b3b5ad58086f/element - {"using":"xpath","value":"//li[.//span[text()='239']]"}
RESULT: {"using":"xpath","value":"//li[.//span[text()='239']]"}
COMMAND: POST /session/f418f7bc7d2ff1d2d712b3b5ad58086f/element/f.72BD6EB346CCC82EDFB0602EE84AC45D.d.857343439B1C17B9C3F32B6062317350.e.4924/click - {}
RESULT: {}
COMMAND: GET /session/f418f7bc7d2ff1d2d712b3b5ad58086f/screenshot - {}
RESULT: {}
COMMAND: POST /session/f418f7bc7d2ff1d2d712b3b5ad58086f/actions - {"actions":[{"id":"action13","type":"key","parameters":{},"actions":[{"type":"keyDown","value":"î€‡"},{"type":"pause","duration":10},{"type":"keyUp","value":"î€‡"}]}]}
RESULT: {"actions":[{"id":"action13","type":"key","parameters":{},"actions":[{"type":"keyDown","value":"î€‡"},{"type":"pause","duration":10},{"type":"keyUp","value":"î€‡"}]}]}
COMMAND: POST /session/f418f7bc7d2ff1d2d712b3b5ad58086f/execute/async - {"script":"<script> [1562 bytes]","args":[{"selector":{"id":"application-managepartners-display-component---NewPartner--externalCustomerComboBox-application-managepartners-display-component---NewPartner--assignmentsTable-0-vhi"},"wdio_ui5_key":"applicationmanagepartners-display-component---NewPartner--externalCustomerComboBox-application-managepartners-display-component---NewPartner--assignmentsTable-0-vhi"}]}
COMMAND: GET /session/f418f7bc7d2ff1d2d712b3b5ad58086f/screenshot - {}
RESULT: {"script":"<script> [1562 bytes]","args":[{"selector":{"id":"application-managepartners-display-component---NewPartner--externalCustomerComboBox-application-managepartners-display-component---NewPartner--assignmentsTable-0-vhi"},"wdio_ui5_key":"applicationmanagepartners-display-component---NewPartner--externalCustomerComboBox-application-managepartners-display-component---NewPartner--assignmentsTable-0-vhi"}]}
RESULT: undefined
COMMAND: POST /session/f418f7bc7d2ff1d2d712b3b5ad58086f/element - {"using":"xpath","value":"//*[@id=\"application-managepartners-display-component---NewPartner--externalCustomerComboBox-application-managepartners-display-component---NewPartner--assignmentsTable-0-vhi\"]"}
RESULT: {}
RESULT: {"using":"xpath","value":"//*[@id=\"application-managepartners-display-component---NewPartner--externalCustomerComboBox-application-managepartners-display-component---NewPartner--assignmentsTable-0-vhi\"]"}
COMMAND: POST /session/f418f7bc7d2ff1d2d712b3b5ad58086f/element/f.72BD6EB346CCC82EDFB0602EE84AC45D.d.857343439B1C17B9C3F32B6062317350.e.4928/click - {}
RESULT: {}
RESULT: undefined
COMMAND: POST /session/f418f7bc7d2ff1d2d712b3b5ad58086f/execute/async - {"script":"<script> [776 bytes]","args":[{"enterText":"300003","selector":{"controlType":"sap.m.SearchField","properties":{"placeholder":"Search"},"searchOpenDialogs":true,"interaction":{"idSuffix":"I"}},"clearTextFirst":true,"interactionType":"ENTER_TEXT"}]}
COMMAND: GET /session/f418f7bc7d2ff1d2d712b3b5ad58086f/screenshot - {}
RESULT: {"script":"<script> [776 bytes]","args":[{"enterText":"300003","selector":{"controlType":"sap.m.SearchField","properties":{"placeholder":"Search"},"searchOpenDialogs":true,"interaction":{"idSuffix":"I"}},"clearTextFirst":true,"interactionType":"ENTER_TEXT"}]}
COMMAND: POST /session/f418f7bc7d2ff1d2d712b3b5ad58086f/actions - {"actions":[{"id":"action14","type":"key","parameters":{},"actions":[{"type":"keyDown","value":"î€‡"},{"type":"pause","duration":10},{"type":"keyUp","value":"î€‡"}]}]}
RESULT: {}
RESULT: {"actions":[{"id":"action14","type":"key","parameters":{},"actions":[{"type":"keyDown","value":"î€‡"},{"type":"pause","duration":10},{"type":"keyUp","value":"î€‡"}]}]}
COMMAND: GET /session/f418f7bc7d2ff1d2d712b3b5ad58086f/screenshot - {}
RESULT: {}
COMMAND: POST /session/f418f7bc7d2ff1d2d712b3b5ad58086f/element - {"using":"xpath","value":"//span[contains(text(), \"300003\")]"}
RESULT: {"using":"xpath","value":"//span[contains(text(), \"300003\")]"}
COMMAND: POST /session/f418f7bc7d2ff1d2d712b3b5ad58086f/element/f.72BD6EB346CCC82EDFB0602EE84AC45D.d.857343439B1C17B9C3F32B6062317350.e.4946/click - {}
RESULT: {}
COMMAND: GET /session/f418f7bc7d2ff1d2d712b3b5ad58086f/screenshot - {}
RESULT: {}
COMMAND: POST /session/f418f7bc7d2ff1d2d712b3b5ad58086f/element - {"using":"xpath","value":"//bdi[contains(text(), \"OK\")]"}
RESULT: {"using":"xpath","value":"//bdi[contains(text(), \"OK\")]"}
COMMAND: POST /session/f418f7bc7d2ff1d2d712b3b5ad58086f/element/f.72BD6EB346CCC82EDFB0602EE84AC45D.d.857343439B1C17B9C3F32B6062317350.e.4948/click - {}
RESULT: {}
COMMAND: GET /session/f418f7bc7d2ff1d2d712b3b5ad58086f/screenshot - {}
RESULT: {}
COMMAND: POST /session/f418f7bc7d2ff1d2d712b3b5ad58086f/execute/async - {"script":"<script> [1562 bytes]","args":[{"selector":{"id":"application-managepartners-display-component---NewPartner--intercompVendorComboBox-application-managepartners-display-component---NewPartner--assignmentsTable-0-vhi"},"wdio_ui5_key":"applicationmanagepartners-display-component---NewPartner--intercompVendorComboBox-application-managepartners-display-component---NewPartner--assignmentsTable-0-vhi"}]}
RESULT: {"script":"<script> [1562 bytes]","args":[{"selector":{"id":"application-managepartners-display-component---NewPartner--intercompVendorComboBox-application-managepartners-display-component---NewPartner--assignmentsTable-0-vhi"},"wdio_ui5_key":"applicationmanagepartners-display-component---NewPartner--intercompVendorComboBox-application-managepartners-display-component---NewPartner--assignmentsTable-0-vhi"}]}
RESULT: undefined
COMMAND: POST /session/f418f7bc7d2ff1d2d712b3b5ad58086f/element - {"using":"xpath","value":"//*[@id=\"application-managepartners-display-component---NewPartner--intercompVendorComboBox-application-managepartners-display-component---NewPartner--assignmentsTable-0-vhi\"]"}
RESULT: {"using":"xpath","value":"//*[@id=\"application-managepartners-display-component---NewPartner--intercompVendorComboBox-application-managepartners-display-component---NewPartner--assignmentsTable-0-vhi\"]"}
COMMAND: POST /session/f418f7bc7d2ff1d2d712b3b5ad58086f/element/f.72BD6EB346CCC82EDFB0602EE84AC45D.d.857343439B1C17B9C3F32B6062317350.e.4951/click - {}
RESULT: {}
RESULT: undefined
COMMAND: POST /session/f418f7bc7d2ff1d2d712b3b5ad58086f/execute/async - {"script":"<script> [776 bytes]","args":[{"enterText":"100005","selector":{"controlType":"sap.m.SearchField","properties":{"placeholder":"Search"},"searchOpenDialogs":true,"interaction":{"idSuffix":"I"}},"clearTextFirst":true,"interactionType":"ENTER_TEXT"}]}
COMMAND: GET /session/f418f7bc7d2ff1d2d712b3b5ad58086f/screenshot - {}
RESULT: {"script":"<script> [776 bytes]","args":[{"enterText":"100005","selector":{"controlType":"sap.m.SearchField","properties":{"placeholder":"Search"},"searchOpenDialogs":true,"interaction":{"idSuffix":"I"}},"clearTextFirst":true,"interactionType":"ENTER_TEXT"}]}
COMMAND: POST /session/f418f7bc7d2ff1d2d712b3b5ad58086f/actions - {"actions":[{"id":"action15","type":"key","parameters":{},"actions":[{"type":"keyDown","value":"î€‡"},{"type":"pause","duration":10},{"type":"keyUp","value":"î€‡"}]}]}
RESULT: {}
RESULT: {"actions":[{"id":"action15","type":"key","parameters":{},"actions":[{"type":"keyDown","value":"î€‡"},{"type":"pause","duration":10},{"type":"keyUp","value":"î€‡"}]}]}
COMMAND: GET /session/f418f7bc7d2ff1d2d712b3b5ad58086f/screenshot - {}
RESULT: {}
COMMAND: POST /session/f418f7bc7d2ff1d2d712b3b5ad58086f/element - {"using":"xpath","value":"//span[contains(text(), \"Penguins - Field/12345 Berlin\")]"}
RESULT: {"using":"xpath","value":"//span[contains(text(), \"Penguins - Field/12345 Berlin\")]"}
COMMAND: POST /session/f418f7bc7d2ff1d2d712b3b5ad58086f/element/f.72BD6EB346CCC82EDFB0602EE84AC45D.d.857343439B1C17B9C3F32B6062317350.e.4967/click - {}
RESULT: {}
COMMAND: GET /session/f418f7bc7d2ff1d2d712b3b5ad58086f/screenshot - {}
RESULT: {}
COMMAND: POST /session/f418f7bc7d2ff1d2d712b3b5ad58086f/element - {"using":"xpath","value":"//bdi[contains(text(), \"OK\")]"}
RESULT: {"using":"xpath","value":"//bdi[contains(text(), \"OK\")]"}
COMMAND: POST /session/f418f7bc7d2ff1d2d712b3b5ad58086f/element/f.72BD6EB346CCC82EDFB0602EE84AC45D.d.857343439B1C17B9C3F32B6062317350.e.4968/click - {}
RESULT: {}
COMMAND: GET /session/f418f7bc7d2ff1d2d712b3b5ad58086f/screenshot - {}
RESULT: {}
COMMAND: POST /session/f418f7bc7d2ff1d2d712b3b5ad58086f/element - {"using":"xpath","value":"//button[@data-kt=\"saveButton\"]"}
RESULT: {"using":"xpath","value":"//button[@data-kt=\"saveButton\"]"}
COMMAND: POST /session/f418f7bc7d2ff1d2d712b3b5ad58086f/element/f.72BD6EB346CCC82EDFB0602EE84AC45D.d.857343439B1C17B9C3F32B6062317350.e.4724/click - {}
RESULT: {}
COMMAND: GET /session/f418f7bc7d2ff1d2d712b3b5ad58086f/screenshot - {}
RESULT: {}
COMMAND: POST /session/f418f7bc7d2ff1d2d712b3b5ad58086f/element - {"using":"xpath","value":"//header[contains(@id, 'ObjectPageLayout-headerTitle')]/div[1]/div[2]/div[2]/span[1]"}
RESULT: {"using":"xpath","value":"//header[contains(@id, 'ObjectPageLayout-headerTitle')]/div[1]/div[2]/div[2]/span[1]"}
COMMAND: POST /session/f418f7bc7d2ff1d2d712b3b5ad58086f/elements - {"using":"xpath","value":"//header[contains(@id, 'ObjectPageLayout-headerTitle')]/div[1]/div[2]/div[2]/span[1]"}
RESULT: {"using":"xpath","value":"//header[contains(@id, 'ObjectPageLayout-headerTitle')]/div[1]/div[2]/div[2]/span[1]"}
COMMAND: POST /session/f418f7bc7d2ff1d2d712b3b5ad58086f/execute/sync - {"script":"<script> [56 bytes]","args":[{"element-6066-11e4-a52e-4f735466cecf":"f.72BD6EB346CCC82EDFB0602EE84AC45D.d.857343439B1C17B9C3F32B6062317350.e.5130","ELEMENT":"f.72BD6EB346CCC82EDFB0602EE84AC45D.d.857343439B1C17B9C3F32B6062317350.e.5130"}]}
RESULT: {"script":"<script> [56 bytes]","args":[{"element-6066-11e4-a52e-4f735466cecf":"f.72BD6EB346CCC82EDFB0602EE84AC45D.d.857343439B1C17B9C3F32B6062317350.e.5130","ELEMENT":"f.72BD6EB346CCC82EDFB0602EE84AC45D.d.857343439B1C17B9C3F32B6062317350.e.5130"}]}
COMMAND: POST /session/f418f7bc7d2ff1d2d712b3b5ad58086f/element - {"using":"css selector","value":"#shell-header-logo"}
COMMAND: GET /session/f418f7bc7d2ff1d2d712b3b5ad58086f/screenshot - {}
RESULT: {"using":"css selector","value":"#shell-header-logo"}
COMMAND: POST /session/f418f7bc7d2ff1d2d712b3b5ad58086f/element/f.72BD6EB346CCC82EDFB0602EE84AC45D.d.857343439B1C17B9C3F32B6062317350.e.4491/click - {}
RESULT: {}
RESULT: {}
COMMAND: GET /session/f418f7bc7d2ff1d2d712b3b5ad58086f/screenshot - {}
RESULT: {}
COMMAND: POST /session/f418f7bc7d2ff1d2d712b3b5ad58086f/execute/sync - {"script":"<script> [299 bytes]","args":[["getModel","getResource"]]}
RESULT: {"script":"<script> [299 bytes]","args":[["getModel","getResource"]]}
RESULT: undefined
COMMAND: POST /session/f418f7bc7d2ff1d2d712b3b5ad58086f/element - {"using":"xpath","value":"//*[@id=\"__tile30\"]"}
COMMAND: GET /session/f418f7bc7d2ff1d2d712b3b5ad58086f/screenshot - {}
RESULT: {"using":"xpath","value":"//*[@id=\"__tile30\"]"}
COMMAND: POST /session/f418f7bc7d2ff1d2d712b3b5ad58086f/element/f.72BD6EB346CCC82EDFB0602EE84AC45D.d.857343439B1C17B9C3F32B6062317350.e.4411/click - {}
RESULT: {}
RESULT: {}
COMMAND: POST /session/f418f7bc7d2ff1d2d712b3b5ad58086f/element - {"using":"xpath","value":"//button[@data-kt=\"addButton\"]"}
COMMAND: GET /session/f418f7bc7d2ff1d2d712b3b5ad58086f/screenshot - {}
RESULT: {"using":"xpath","value":"//button[@data-kt=\"addButton\"]"}
COMMAND: POST /session/f418f7bc7d2ff1d2d712b3b5ad58086f/elements - {"using":"xpath","value":"//button[@data-kt=\"addButton\"]"}
RESULT: {}
RESULT: {"using":"xpath","value":"//button[@data-kt=\"addButton\"]"}
COMMAND: POST /session/f418f7bc7d2ff1d2d712b3b5ad58086f/elements - {"using":"xpath","value":"//button[@data-kt=\"addButton\"]"}
RESULT: {"using":"xpath","value":"//button[@data-kt=\"addButton\"]"}
COMMAND: POST /session/f418f7bc7d2ff1d2d712b3b5ad58086f/elements - {"using":"xpath","value":"//button[@data-kt=\"addButton\"]"}
RESULT: {"using":"xpath","value":"//button[@data-kt=\"addButton\"]"}
COMMAND: POST /session/f418f7bc7d2ff1d2d712b3b5ad58086f/elements - {"using":"xpath","value":"//button[@data-kt=\"addButton\"]"}
RESULT: {"using":"xpath","value":"//button[@data-kt=\"addButton\"]"}
COMMAND: POST /session/f418f7bc7d2ff1d2d712b3b5ad58086f/elements - {"using":"xpath","value":"//button[@data-kt=\"addButton\"]"}
RESULT: {"using":"xpath","value":"//button[@data-kt=\"addButton\"]"}
COMMAND: POST /session/f418f7bc7d2ff1d2d712b3b5ad58086f/elements - {"using":"xpath","value":"//button[@data-kt=\"addButton\"]"}
RESULT: {"using":"xpath","value":"//button[@data-kt=\"addButton\"]"}
COMMAND: POST /session/f418f7bc7d2ff1d2d712b3b5ad58086f/elements - {"using":"xpath","value":"//button[@data-kt=\"addButton\"]"}
RESULT: {"using":"xpath","value":"//button[@data-kt=\"addButton\"]"}
COMMAND: POST /session/f418f7bc7d2ff1d2d712b3b5ad58086f/elements - {"using":"xpath","value":"//button[@data-kt=\"addButton\"]"}
RESULT: {"using":"xpath","value":"//button[@data-kt=\"addButton\"]"}
COMMAND: POST /session/f418f7bc7d2ff1d2d712b3b5ad58086f/elements - {"using":"xpath","value":"//button[@data-kt=\"addButton\"]"}
RESULT: {"using":"xpath","value":"//button[@data-kt=\"addButton\"]"}
COMMAND: POST /session/f418f7bc7d2ff1d2d712b3b5ad58086f/elements - {"using":"xpath","value":"//button[@data-kt=\"addButton\"]"}
RESULT: {"using":"xpath","value":"//button[@data-kt=\"addButton\"]"}
COMMAND: POST /session/f418f7bc7d2ff1d2d712b3b5ad58086f/elements - {"using":"xpath","value":"//button[@data-kt=\"addButton\"]"}
RESULT: {"using":"xpath","value":"//button[@data-kt=\"addButton\"]"}
COMMAND: POST /session/f418f7bc7d2ff1d2d712b3b5ad58086f/elements - {"using":"xpath","value":"//button[@data-kt=\"addButton\"]"}
RESULT: {"using":"xpath","value":"//button[@data-kt=\"addButton\"]"}
COMMAND: POST /session/f418f7bc7d2ff1d2d712b3b5ad58086f/elements - {"using":"xpath","value":"//button[@data-kt=\"addButton\"]"}
RESULT: {"using":"xpath","value":"//button[@data-kt=\"addButton\"]"}
COMMAND: POST /session/f418f7bc7d2ff1d2d712b3b5ad58086f/elements - {"using":"xpath","value":"//button[@data-kt=\"addButton\"]"}
RESULT: {"using":"xpath","value":"//button[@data-kt=\"addButton\"]"}
COMMAND: POST /session/f418f7bc7d2ff1d2d712b3b5ad58086f/elements - {"using":"xpath","value":"//button[@data-kt=\"addButton\"]"}
RESULT: {"using":"xpath","value":"//button[@data-kt=\"addButton\"]"}
COMMAND: POST /session/f418f7bc7d2ff1d2d712b3b5ad58086f/elements - {"using":"xpath","value":"//button[@data-kt=\"addButton\"]"}
RESULT: {"using":"xpath","value":"//button[@data-kt=\"addButton\"]"}
COMMAND: POST /session/f418f7bc7d2ff1d2d712b3b5ad58086f/elements - {"using":"xpath","value":"//button[@data-kt=\"addButton\"]"}
RESULT: {"using":"xpath","value":"//button[@data-kt=\"addButton\"]"}
COMMAND: POST /session/f418f7bc7d2ff1d2d712b3b5ad58086f/elements - {"using":"xpath","value":"//button[@data-kt=\"addButton\"]"}
RESULT: {"using":"xpath","value":"//button[@data-kt=\"addButton\"]"}
COMMAND: POST /session/f418f7bc7d2ff1d2d712b3b5ad58086f/elements - {"using":"xpath","value":"//button[@data-kt=\"addButton\"]"}
RESULT: {"using":"xpath","value":"//button[@data-kt=\"addButton\"]"}
COMMAND: POST /session/f418f7bc7d2ff1d2d712b3b5ad58086f/elements - {"using":"xpath","value":"//button[@data-kt=\"addButton\"]"}
RESULT: {"using":"xpath","value":"//button[@data-kt=\"addButton\"]"}
COMMAND: POST /session/f418f7bc7d2ff1d2d712b3b5ad58086f/element - {"using":"xpath","value":"//button[@data-kt=\"addButton\"]"}
RESULT: {"using":"xpath","value":"//button[@data-kt=\"addButton\"]"}
COMMAND: POST /session/f418f7bc7d2ff1d2d712b3b5ad58086f/execute/sync - {"script":"<script> [8489 bytes]","args":[{"element-6066-11e4-a52e-4f735466cecf":"f.72BD6EB346CCC82EDFB0602EE84AC45D.d.857343439B1C17B9C3F32B6062317350.e.5167","ELEMENT":"f.72BD6EB346CCC82EDFB0602EE84AC45D.d.857343439B1C17B9C3F32B6062317350.e.5167"}]}
RESULT: {"script":"<script> [8489 bytes]","args":[{"element-6066-11e4-a52e-4f735466cecf":"f.72BD6EB346CCC82EDFB0602EE84AC45D.d.857343439B1C17B9C3F32B6062317350.e.5167","ELEMENT":"f.72BD6EB346CCC82EDFB0602EE84AC45D.d.857343439B1C17B9C3F32B6062317350.e.5167"}]}
COMMAND: GET /session/f418f7bc7d2ff1d2d712b3b5ad58086f/element/f.72BD6EB346CCC82EDFB0602EE84AC45D.d.857343439B1C17B9C3F32B6062317350.e.5167/enabled - {}
COMMAND: GET /session/f418f7bc7d2ff1d2d712b3b5ad58086f/screenshot - {}
RESULT: {}
COMMAND: POST /session/f418f7bc7d2ff1d2d712b3b5ad58086f/execute/sync - {"script":"<script> [8489 bytes]","args":[{"element-6066-11e4-a52e-4f735466cecf":"f.72BD6EB346CCC82EDFB0602EE84AC45D.d.857343439B1C17B9C3F32B6062317350.e.5167","ELEMENT":"f.72BD6EB346CCC82EDFB0602EE84AC45D.d.857343439B1C17B9C3F32B6062317350.e.5167"}]}
COMMAND: GET /session/f418f7bc7d2ff1d2d712b3b5ad58086f/screenshot - {}
RESULT: {}
RESULT: {"script":"<script> [8489 bytes]","args":[{"element-6066-11e4-a52e-4f735466cecf":"f.72BD6EB346CCC82EDFB0602EE84AC45D.d.857343439B1C17B9C3F32B6062317350.e.5167","ELEMENT":"f.72BD6EB346CCC82EDFB0602EE84AC45D.d.857343439B1C17B9C3F32B6062317350.e.5167"}]}
COMMAND: POST /session/f418f7bc7d2ff1d2d712b3b5ad58086f/execute/sync - {"script":"<script> [5351 bytes]","args":[{"element-6066-11e4-a52e-4f735466cecf":"f.72BD6EB346CCC82EDFB0602EE84AC45D.d.857343439B1C17B9C3F32B6062317350.e.5167","ELEMENT":"f.72BD6EB346CCC82EDFB0602EE84AC45D.d.857343439B1C17B9C3F32B6062317350.e.5167"}]}
COMMAND: GET /session/f418f7bc7d2ff1d2d712b3b5ad58086f/screenshot - {}
RESULT: {}
RESULT: {"script":"<script> [5351 bytes]","args":[{"element-6066-11e4-a52e-4f735466cecf":"f.72BD6EB346CCC82EDFB0602EE84AC45D.d.857343439B1C17B9C3F32B6062317350.e.5167","ELEMENT":"f.72BD6EB346CCC82EDFB0602EE84AC45D.d.857343439B1C17B9C3F32B6062317350.e.5167"}]}
COMMAND: GET /session/f418f7bc7d2ff1d2d712b3b5ad58086f/screenshot - {}
RESULT: {}
RESULT: {}
COMMAND: POST /session/f418f7bc7d2ff1d2d712b3b5ad58086f/execute/async - {"script":"<script> [1562 bytes]","args":[{"selector":{"id":"application-managepartners-display-component---masterPtm--smartFilterBar-btnBasicSearch","interaction":{"idSuffix":"I"}},"wdio_ui5_key":"applicationmanagepartners-display-component---masterPtm--smartFilterBar-btnBasicSearch"}]}
RESULT: {"script":"<script> [1562 bytes]","args":[{"selector":{"id":"application-managepartners-display-component---masterPtm--smartFilterBar-btnBasicSearch","interaction":{"idSuffix":"I"}},"wdio_ui5_key":"applicationmanagepartners-display-component---masterPtm--smartFilterBar-btnBasicSearch"}]}
RESULT: undefined
COMMAND: POST /session/f418f7bc7d2ff1d2d712b3b5ad58086f/execute/async - {"script":"<script> [776 bytes]","args":[{"enterText":"1102","selector":{"id":"application-managepartners-display-component---masterPtm--smartFilterBar-btnBasicSearch","interaction":{"idSuffix":"I"}},"clearTextFirst":true,"interactionType":"ENTER_TEXT"}]}
RESULT: {"script":"<script> [776 bytes]","args":[{"enterText":"1102","selector":{"id":"application-managepartners-display-component---masterPtm--smartFilterBar-btnBasicSearch","interaction":{"idSuffix":"I"}},"clearTextFirst":true,"interactionType":"ENTER_TEXT"}]}
COMMAND: POST /session/f418f7bc7d2ff1d2d712b3b5ad58086f/actions - {"actions":[{"id":"action16","type":"key","parameters":{},"actions":[{"type":"keyDown","value":"î€‡"},{"type":"pause","duration":10},{"type":"keyUp","value":"î€‡"}]}]}
RESULT: {"actions":[{"id":"action16","type":"key","parameters":{},"actions":[{"type":"keyDown","value":"î€‡"},{"type":"pause","duration":10},{"type":"keyUp","value":"î€‡"}]}]}
COMMAND: GET /session/f418f7bc7d2ff1d2d712b3b5ad58086f/screenshot - {}
RESULT: {}
COMMAND: POST /session/f418f7bc7d2ff1d2d712b3b5ad58086f/elements - {"using":"xpath","value":"//table[contains(@id, \"customPartnersTable-listUl\")]/tbody/tr"}
RESULT: {"using":"xpath","value":"//table[contains(@id, \"customPartnersTable-listUl\")]/tbody/tr"}
COMMAND: POST /session/f418f7bc7d2ff1d2d712b3b5ad58086f/element - {"using":"xpath","value":"//table[contains(@id, \"customPartnersTable-listUl\")]/tbody/tr[1]/td[3]/span"}
RESULT: {"using":"xpath","value":"//table[contains(@id, \"customPartnersTable-listUl\")]/tbody/tr[1]/td[3]/span"}
COMMAND: POST /session/f418f7bc7d2ff1d2d712b3b5ad58086f/elements - {"using":"xpath","value":"//table[contains(@id, \"customPartnersTable-listUl\")]/tbody/tr[1]/td[3]/span"}
RESULT: {"using":"xpath","value":"//table[contains(@id, \"customPartnersTable-listUl\")]/tbody/tr[1]/td[3]/span"}
COMMAND: POST /session/f418f7bc7d2ff1d2d712b3b5ad58086f/execute/sync - {"script":"<script> [56 bytes]","args":[{"element-6066-11e4-a52e-4f735466cecf":"f.72BD6EB346CCC82EDFB0602EE84AC45D.d.857343439B1C17B9C3F32B6062317350.e.5311","ELEMENT":"f.72BD6EB346CCC82EDFB0602EE84AC45D.d.857343439B1C17B9C3F32B6062317350.e.5311"}]}
RESULT: {"script":"<script> [56 bytes]","args":[{"element-6066-11e4-a52e-4f735466cecf":"f.72BD6EB346CCC82EDFB0602EE84AC45D.d.857343439B1C17B9C3F32B6062317350.e.5311","ELEMENT":"f.72BD6EB346CCC82EDFB0602EE84AC45D.d.857343439B1C17B9C3F32B6062317350.e.5311"}]}
COMMAND: POST /session/f418f7bc7d2ff1d2d712b3b5ad58086f/element - {"using":"xpath","value":"(//span[contains(@id, \"imgNav\")])[1]"}
COMMAND: GET /session/f418f7bc7d2ff1d2d712b3b5ad58086f/screenshot - {}
RESULT: {"using":"xpath","value":"(//span[contains(@id, \"imgNav\")])[1]"}
COMMAND: POST /session/f418f7bc7d2ff1d2d712b3b5ad58086f/element/f.72BD6EB346CCC82EDFB0602EE84AC45D.d.857343439B1C17B9C3F32B6062317350.e.5310/click - {}
RESULT: {}
RESULT: {}
COMMAND: GET /session/f418f7bc7d2ff1d2d712b3b5ad58086f/screenshot - {}
RESULT: {}
COMMAND: POST /session/f418f7bc7d2ff1d2d712b3b5ad58086f/element - {"using":"xpath","value":"//bdi[contains(text(), \"Edit\")]"}
RESULT: {"using":"xpath","value":"//bdi[contains(text(), \"Edit\")]"}
COMMAND: POST /session/f418f7bc7d2ff1d2d712b3b5ad58086f/element/f.72BD6EB346CCC82EDFB0602EE84AC45D.d.857343439B1C17B9C3F32B6062317350.e.5456/click - {}
RESULT: {}
COMMAND: GET /session/f418f7bc7d2ff1d2d712b3b5ad58086f/screenshot - {}
RESULT: {}
COMMAND: POST /session/f418f7bc7d2ff1d2d712b3b5ad58086f/execute/async - {"script":"<script> [1562 bytes]","args":[{"selector":{"controlType":"sap.m.Input","viewName":"etm.portal.ui.managepartners.view.EditDetail","labelFor":{"text":"Name"},"interaction":{"idSuffix":"inner"}},"wdio_ui5_key":"etmportal.ui.managepartners.view.EditDetailsap.m.Input{\"text\":\"Name\"}"}]}
RESULT: {"script":"<script> [1562 bytes]","args":[{"selector":{"controlType":"sap.m.Input","viewName":"etm.portal.ui.managepartners.view.EditDetail","labelFor":{"text":"Name"},"interaction":{"idSuffix":"inner"}},"wdio_ui5_key":"etmportal.ui.managepartners.view.EditDetailsap.m.Input{\"text\":\"Name\"}"}]}
RESULT: undefined
COMMAND: POST /session/f418f7bc7d2ff1d2d712b3b5ad58086f/execute/async - {"script":"<script> [776 bytes]","args":[{"enterText":"Intracompany EDIT","selector":{"controlType":"sap.m.Input","viewName":"etm.portal.ui.managepartners.view.EditDetail","labelFor":{"text":"Name"},"interaction":{"idSuffix":"inner"}},"clearTextFirst":true,"interactionType":"ENTER_TEXT"}]}
RESULT: {"script":"<script> [776 bytes]","args":[{"enterText":"Intracompany EDIT","selector":{"controlType":"sap.m.Input","viewName":"etm.portal.ui.managepartners.view.EditDetail","labelFor":{"text":"Name"},"interaction":{"idSuffix":"inner"}},"clearTextFirst":true,"interactionType":"ENTER_TEXT"}]}
COMMAND: POST /session/f418f7bc7d2ff1d2d712b3b5ad58086f/element - {"using":"xpath","value":"(//span[contains(@id,\"addressDetailDetailsLanguage-arrow\")])[1]"}
RESULT: {"using":"xpath","value":"(//span[contains(@id,\"addressDetailDetailsLanguage-arrow\")])[1]"}
COMMAND: POST /session/f418f7bc7d2ff1d2d712b3b5ad58086f/element/f.72BD6EB346CCC82EDFB0602EE84AC45D.d.857343439B1C17B9C3F32B6062317350.e.5541/click - {}
RESULT: {}
COMMAND: POST /session/f418f7bc7d2ff1d2d712b3b5ad58086f/element - {"using":"xpath","value":"//span[contains(text(), \"Chinese\")]"}
COMMAND: GET /session/f418f7bc7d2ff1d2d712b3b5ad58086f/screenshot - {}
RESULT: {"using":"xpath","value":"//span[contains(text(), \"Chinese\")]"}
COMMAND: POST /session/f418f7bc7d2ff1d2d712b3b5ad58086f/element/f.72BD6EB346CCC82EDFB0602EE84AC45D.d.857343439B1C17B9C3F32B6062317350.e.5542/click - {}
RESULT: {}
RESULT: {}
COMMAND: GET /session/f418f7bc7d2ff1d2d712b3b5ad58086f/screenshot - {}
RESULT: {}
COMMAND: POST /session/f418f7bc7d2ff1d2d712b3b5ad58086f/execute/async - {"script":"<script> [1562 bytes]","args":[{"selector":{"controlType":"sap.m.Input","viewName":"etm.portal.ui.managepartners.view.EditDetail","labelFor":{"text":"City"},"interaction":{"idSuffix":"inner"}},"wdio_ui5_key":"etmportal.ui.managepartners.view.EditDetailsap.m.Input{\"text\":\"City\"}"}]}
RESULT: {"script":"<script> [1562 bytes]","args":[{"selector":{"controlType":"sap.m.Input","viewName":"etm.portal.ui.managepartners.view.EditDetail","labelFor":{"text":"City"},"interaction":{"idSuffix":"inner"}},"wdio_ui5_key":"etmportal.ui.managepartners.view.EditDetailsap.m.Input{\"text\":\"City\"}"}]}
RESULT: undefined
COMMAND: POST /session/f418f7bc7d2ff1d2d712b3b5ad58086f/execute/async - {"script":"<script> [776 bytes]","args":[{"enterText":"Clooj-Napoca","selector":{"controlType":"sap.m.Input","viewName":"etm.portal.ui.managepartners.view.EditDetail","labelFor":{"text":"City"},"interaction":{"idSuffix":"inner"}},"clearTextFirst":true,"interactionType":"ENTER_TEXT"}]}
RESULT: {"script":"<script> [776 bytes]","args":[{"enterText":"Clooj-Napoca","selector":{"controlType":"sap.m.Input","viewName":"etm.portal.ui.managepartners.view.EditDetail","labelFor":{"text":"City"},"interaction":{"idSuffix":"inner"}},"clearTextFirst":true,"interactionType":"ENTER_TEXT"}]}
COMMAND: POST /session/f418f7bc7d2ff1d2d712b3b5ad58086f/element - {"using":"xpath","value":"//button[@data-kt=\"saveButton\"]"}
RESULT: {"using":"xpath","value":"//button[@data-kt=\"saveButton\"]"}
COMMAND: POST /session/f418f7bc7d2ff1d2d712b3b5ad58086f/element/f.72BD6EB346CCC82EDFB0602EE84AC45D.d.857343439B1C17B9C3F32B6062317350.e.5518/click - {}
RESULT: {}
COMMAND: GET /session/f418f7bc7d2ff1d2d712b3b5ad58086f/screenshot - {}
RESULT: {}
COMMAND: POST /session/f418f7bc7d2ff1d2d712b3b5ad58086f/execute/async - {"script":"<script> [1562 bytes]","args":[{"selector":{"id":"application-managepartners-display-component---detailPtm--addressDetailDetailsName1"},"wdio_ui5_key":"applicationmanagepartners-display-component---detailPtm--addressDetailDetailsName1"}]}
RESULT: {"script":"<script> [1562 bytes]","args":[{"selector":{"id":"application-managepartners-display-component---detailPtm--addressDetailDetailsName1"},"wdio_ui5_key":"applicationmanagepartners-display-component---detailPtm--addressDetailDetailsName1"}]}
RESULT: undefined
COMMAND: POST /session/f418f7bc7d2ff1d2d712b3b5ad58086f/execute/async - {"script":"<script> [6424 bytes]","args":[{"element-6066-11e4-a52e-4f735466cecf":"f.72BD6EB346CCC82EDFB0602EE84AC45D.d.857343439B1C17B9C3F32B6062317350.e.5573"},"getValue",[]]}
RESULT: {"script":"<script> [6424 bytes]","args":[{"element-6066-11e4-a52e-4f735466cecf":"f.72BD6EB346CCC82EDFB0602EE84AC45D.d.857343439B1C17B9C3F32B6062317350.e.5573"},"getValue",[]]}
COMMAND: POST /session/f418f7bc7d2ff1d2d712b3b5ad58086f/element - {"using":"xpath","value":"//input[@id = \"application-managepartners-display-component---detailPtm--addressDetailDetailsLanguage-inner\"]"}
RESULT: {"using":"xpath","value":"//input[@id = \"application-managepartners-display-component---detailPtm--addressDetailDetailsLanguage-inner\"]"}
COMMAND: GET /session/f418f7bc7d2ff1d2d712b3b5ad58086f/element/f.72BD6EB346CCC82EDFB0602EE84AC45D.d.857343439B1C17B9C3F32B6062317350.e.5574/property/value - {}
RESULT: {}
COMMAND: POST /session/f418f7bc7d2ff1d2d712b3b5ad58086f/execute/async - {"script":"<script> [1562 bytes]","args":[{"selector":{"id":"application-managepartners-display-component---detailPtm--addressDetailDetailsCity1"},"wdio_ui5_key":"applicationmanagepartners-display-component---detailPtm--addressDetailDetailsCity1"}]}
COMMAND: GET /session/f418f7bc7d2ff1d2d712b3b5ad58086f/screenshot - {}
RESULT: {"script":"<script> [1562 bytes]","args":[{"selector":{"id":"application-managepartners-display-component---detailPtm--addressDetailDetailsCity1"},"wdio_ui5_key":"applicationmanagepartners-display-component---detailPtm--addressDetailDetailsCity1"}]}
RESULT: undefined
COMMAND: POST /session/f418f7bc7d2ff1d2d712b3b5ad58086f/execute/async - {"script":"<script> [6424 bytes]","args":[{"element-6066-11e4-a52e-4f735466cecf":"f.72BD6EB346CCC82EDFB0602EE84AC45D.d.857343439B1C17B9C3F32B6062317350.e.5575"},"getValue",[]]}
RESULT: {}
RESULT: {"script":"<script> [6424 bytes]","args":[{"element-6066-11e4-a52e-4f735466cecf":"f.72BD6EB346CCC82EDFB0602EE84AC45D.d.857343439B1C17B9C3F32B6062317350.e.5575"},"getValue",[]]}
COMMAND: POST /session/f418f7bc7d2ff1d2d712b3b5ad58086f/element - {"using":"css selector","value":"#shell-header-logo"}
RESULT: {"using":"css selector","value":"#shell-header-logo"}
COMMAND: POST /session/f418f7bc7d2ff1d2d712b3b5ad58086f/element/f.72BD6EB346CCC82EDFB0602EE84AC45D.d.857343439B1C17B9C3F32B6062317350.e.5133/click - {}
RESULT: {}
COMMAND: GET /session/f418f7bc7d2ff1d2d712b3b5ad58086f/screenshot - {}
RESULT: {}
]]></system-out>
    </testcase>
    <testcase classname="chrome.135_0_7049_96.windows.Partner_specific_tests_US150819_US151080_US151654_US151176_US103444_US151078_US151079_US151109_US151174_US151175_US151189" name="Should do filtering and navigation tests US151109" time="146.485">
      <system-out><![CDATA[
COMMAND: POST /session/f418f7bc7d2ff1d2d712b3b5ad58086f/element - {"using":"xpath","value":"//li[.//span[text()=\"Manage Partners\"]]"}
RESULT: {"using":"xpath","value":"//li[.//span[text()=\"Manage Partners\"]]"}
COMMAND: POST /session/f418f7bc7d2ff1d2d712b3b5ad58086f/element - {"using":"xpath","value":"//li[.//span[text()=\"Manage Partners\"]]"}
RESULT: {"using":"xpath","value":"//li[.//span[text()=\"Manage Partners\"]]"}
COMMAND: POST /session/f418f7bc7d2ff1d2d712b3b5ad58086f/element - {"using":"css selector","value":"#shell-header-logo"}
RESULT: {"using":"css selector","value":"#shell-header-logo"}
COMMAND: POST /session/f418f7bc7d2ff1d2d712b3b5ad58086f/element/f.72BD6EB346CCC82EDFB0602EE84AC45D.d.857343439B1C17B9C3F32B6062317350.e.5605/click - {}
COMMAND: POST /session/f418f7bc7d2ff1d2d712b3b5ad58086f/execute/sync - {"script":"<script> [8489 bytes]","args":[{"element-6066-11e4-a52e-4f735466cecf":"f.72BD6EB346CCC82EDFB0602EE84AC45D.d.857343439B1C17B9C3F32B6062317350.e.5605","ELEMENT":"f.72BD6EB346CCC82EDFB0602EE84AC45D.d.857343439B1C17B9C3F32B6062317350.e.5605"}]}
RESULT: {}
COMMAND: GET /session/f418f7bc7d2ff1d2d712b3b5ad58086f/screenshot - {}
RESULT: {"script":"<script> [8489 bytes]","args":[{"element-6066-11e4-a52e-4f735466cecf":"f.72BD6EB346CCC82EDFB0602EE84AC45D.d.857343439B1C17B9C3F32B6062317350.e.5605","ELEMENT":"f.72BD6EB346CCC82EDFB0602EE84AC45D.d.857343439B1C17B9C3F32B6062317350.e.5605"}]}
COMMAND: POST /session/f418f7bc7d2ff1d2d712b3b5ad58086f/execute/sync - {"script":"<script> [5351 bytes]","args":[{"element-6066-11e4-a52e-4f735466cecf":"f.72BD6EB346CCC82EDFB0602EE84AC45D.d.857343439B1C17B9C3F32B6062317350.e.5605","ELEMENT":"f.72BD6EB346CCC82EDFB0602EE84AC45D.d.857343439B1C17B9C3F32B6062317350.e.5605"}]}
COMMAND: GET /session/f418f7bc7d2ff1d2d712b3b5ad58086f/screenshot - {}
RESULT: {}
RESULT: {"script":"<script> [5351 bytes]","args":[{"element-6066-11e4-a52e-4f735466cecf":"f.72BD6EB346CCC82EDFB0602EE84AC45D.d.857343439B1C17B9C3F32B6062317350.e.5605","ELEMENT":"f.72BD6EB346CCC82EDFB0602EE84AC45D.d.857343439B1C17B9C3F32B6062317350.e.5605"}]}
COMMAND: GET /session/f418f7bc7d2ff1d2d712b3b5ad58086f/screenshot - {}
RESULT: {}
RESULT: {}
RESULT: undefined
COMMAND: POST /session/f418f7bc7d2ff1d2d712b3b5ad58086f/element - {"using":"xpath","value":"//*[@id=\"__tile30\"]"}
RESULT: {"using":"xpath","value":"//*[@id=\"__tile30\"]"}
COMMAND: POST /session/f418f7bc7d2ff1d2d712b3b5ad58086f/element/f.72BD6EB346CCC82EDFB0602EE84AC45D.d.857343439B1C17B9C3F32B6062317350.e.4411/click - {}
RESULT: {}
COMMAND: POST /session/f418f7bc7d2ff1d2d712b3b5ad58086f/element - {"using":"xpath","value":"//button[@data-kt=\"addButton\"]"}
COMMAND: GET /session/f418f7bc7d2ff1d2d712b3b5ad58086f/screenshot - {}
RESULT: {"using":"xpath","value":"//button[@data-kt=\"addButton\"]"}
COMMAND: POST /session/f418f7bc7d2ff1d2d712b3b5ad58086f/elements - {"using":"xpath","value":"//button[@data-kt=\"addButton\"]"}
RESULT: {}
RESULT: {"using":"xpath","value":"//button[@data-kt=\"addButton\"]"}
COMMAND: POST /session/f418f7bc7d2ff1d2d712b3b5ad58086f/elements - {"using":"xpath","value":"//button[@data-kt=\"addButton\"]"}
RESULT: {"using":"xpath","value":"//button[@data-kt=\"addButton\"]"}
COMMAND: POST /session/f418f7bc7d2ff1d2d712b3b5ad58086f/elements - {"using":"xpath","value":"//button[@data-kt=\"addButton\"]"}
RESULT: {"using":"xpath","value":"//button[@data-kt=\"addButton\"]"}
COMMAND: POST /session/f418f7bc7d2ff1d2d712b3b5ad58086f/elements - {"using":"xpath","value":"//button[@data-kt=\"addButton\"]"}
RESULT: {"using":"xpath","value":"//button[@data-kt=\"addButton\"]"}
COMMAND: POST /session/f418f7bc7d2ff1d2d712b3b5ad58086f/element - {"using":"xpath","value":"//button[@data-kt=\"addButton\"]"}
RESULT: {"using":"xpath","value":"//button[@data-kt=\"addButton\"]"}
COMMAND: POST /session/f418f7bc7d2ff1d2d712b3b5ad58086f/execute/sync - {"script":"<script> [8489 bytes]","args":[{"element-6066-11e4-a52e-4f735466cecf":"f.72BD6EB346CCC82EDFB0602EE84AC45D.d.857343439B1C17B9C3F32B6062317350.e.5651","ELEMENT":"f.72BD6EB346CCC82EDFB0602EE84AC45D.d.857343439B1C17B9C3F32B6062317350.e.5651"}]}
RESULT: {"script":"<script> [8489 bytes]","args":[{"element-6066-11e4-a52e-4f735466cecf":"f.72BD6EB346CCC82EDFB0602EE84AC45D.d.857343439B1C17B9C3F32B6062317350.e.5651","ELEMENT":"f.72BD6EB346CCC82EDFB0602EE84AC45D.d.857343439B1C17B9C3F32B6062317350.e.5651"}]}
COMMAND: GET /session/f418f7bc7d2ff1d2d712b3b5ad58086f/element/f.72BD6EB346CCC82EDFB0602EE84AC45D.d.857343439B1C17B9C3F32B6062317350.e.5651/enabled - {}
COMMAND: GET /session/f418f7bc7d2ff1d2d712b3b5ad58086f/screenshot - {}
RESULT: {}
COMMAND: POST /session/f418f7bc7d2ff1d2d712b3b5ad58086f/execute/sync - {"script":"<script> [8489 bytes]","args":[{"element-6066-11e4-a52e-4f735466cecf":"f.72BD6EB346CCC82EDFB0602EE84AC45D.d.857343439B1C17B9C3F32B6062317350.e.5651","ELEMENT":"f.72BD6EB346CCC82EDFB0602EE84AC45D.d.857343439B1C17B9C3F32B6062317350.e.5651"}]}
COMMAND: GET /session/f418f7bc7d2ff1d2d712b3b5ad58086f/screenshot - {}
RESULT: {}
RESULT: {"script":"<script> [8489 bytes]","args":[{"element-6066-11e4-a52e-4f735466cecf":"f.72BD6EB346CCC82EDFB0602EE84AC45D.d.857343439B1C17B9C3F32B6062317350.e.5651","ELEMENT":"f.72BD6EB346CCC82EDFB0602EE84AC45D.d.857343439B1C17B9C3F32B6062317350.e.5651"}]}
COMMAND: POST /session/f418f7bc7d2ff1d2d712b3b5ad58086f/execute/sync - {"script":"<script> [5351 bytes]","args":[{"element-6066-11e4-a52e-4f735466cecf":"f.72BD6EB346CCC82EDFB0602EE84AC45D.d.857343439B1C17B9C3F32B6062317350.e.5651","ELEMENT":"f.72BD6EB346CCC82EDFB0602EE84AC45D.d.857343439B1C17B9C3F32B6062317350.e.5651"}]}
COMMAND: GET /session/f418f7bc7d2ff1d2d712b3b5ad58086f/screenshot - {}
RESULT: {}
RESULT: {"script":"<script> [5351 bytes]","args":[{"element-6066-11e4-a52e-4f735466cecf":"f.72BD6EB346CCC82EDFB0602EE84AC45D.d.857343439B1C17B9C3F32B6062317350.e.5651","ELEMENT":"f.72BD6EB346CCC82EDFB0602EE84AC45D.d.857343439B1C17B9C3F32B6062317350.e.5651"}]}
COMMAND: GET /session/f418f7bc7d2ff1d2d712b3b5ad58086f/screenshot - {}
RESULT: {}
RESULT: {}
COMMAND: POST /session/f418f7bc7d2ff1d2d712b3b5ad58086f/element - {"using":"xpath","value":"//span[@id=\"application-managepartners-display-component---masterPtm--smartTable-header-inner\"]"}
RESULT: {"using":"xpath","value":"//span[@id=\"application-managepartners-display-component---masterPtm--smartTable-header-inner\"]"}
COMMAND: POST /session/f418f7bc7d2ff1d2d712b3b5ad58086f/elements - {"using":"xpath","value":"//span[@id=\"application-managepartners-display-component---masterPtm--smartTable-header-inner\"]"}
RESULT: {"using":"xpath","value":"//span[@id=\"application-managepartners-display-component---masterPtm--smartTable-header-inner\"]"}
COMMAND: POST /session/f418f7bc7d2ff1d2d712b3b5ad58086f/execute/sync - {"script":"<script> [56 bytes]","args":[{"element-6066-11e4-a52e-4f735466cecf":"f.72BD6EB346CCC82EDFB0602EE84AC45D.d.857343439B1C17B9C3F32B6062317350.e.5771","ELEMENT":"f.72BD6EB346CCC82EDFB0602EE84AC45D.d.857343439B1C17B9C3F32B6062317350.e.5771"}]}
RESULT: {"script":"<script> [56 bytes]","args":[{"element-6066-11e4-a52e-4f735466cecf":"f.72BD6EB346CCC82EDFB0602EE84AC45D.d.857343439B1C17B9C3F32B6062317350.e.5771","ELEMENT":"f.72BD6EB346CCC82EDFB0602EE84AC45D.d.857343439B1C17B9C3F32B6062317350.e.5771"}]}
RESULT: undefined
COMMAND: POST /session/f418f7bc7d2ff1d2d712b3b5ad58086f/execute/async - {"script":"<script> [776 bytes]","args":[{"enterText":"External Partner WDIO","selector":{"id":"application-managepartners-display-component---masterPtm--smartFilterBar-btnBasicSearch","interaction":{"idSuffix":"I"}},"clearTextFirst":true,"interactionType":"ENTER_TEXT"}]}
COMMAND: GET /session/f418f7bc7d2ff1d2d712b3b5ad58086f/screenshot - {}
RESULT: {"script":"<script> [776 bytes]","args":[{"enterText":"External Partner WDIO","selector":{"id":"application-managepartners-display-component---masterPtm--smartFilterBar-btnBasicSearch","interaction":{"idSuffix":"I"}},"clearTextFirst":true,"interactionType":"ENTER_TEXT"}]}
RESULT: {}
COMMAND: POST /session/f418f7bc7d2ff1d2d712b3b5ad58086f/actions - {"actions":[{"id":"action17","type":"key","parameters":{},"actions":[{"type":"keyDown","value":"î€‡"},{"type":"pause","duration":10},{"type":"keyUp","value":"î€‡"}]}]}
RESULT: {"actions":[{"id":"action17","type":"key","parameters":{},"actions":[{"type":"keyDown","value":"î€‡"},{"type":"pause","duration":10},{"type":"keyUp","value":"î€‡"}]}]}
COMMAND: GET /session/f418f7bc7d2ff1d2d712b3b5ad58086f/screenshot - {}
RESULT: {}
COMMAND: POST /session/f418f7bc7d2ff1d2d712b3b5ad58086f/element - {"using":"xpath","value":"//span[@id=\"application-managepartners-display-component---masterPtm--smartTable-header-inner\"]"}
RESULT: {"using":"xpath","value":"//span[@id=\"application-managepartners-display-component---masterPtm--smartTable-header-inner\"]"}
COMMAND: POST /session/f418f7bc7d2ff1d2d712b3b5ad58086f/elements - {"using":"xpath","value":"//span[@id=\"application-managepartners-display-component---masterPtm--smartTable-header-inner\"]"}
RESULT: {"using":"xpath","value":"//span[@id=\"application-managepartners-display-component---masterPtm--smartTable-header-inner\"]"}
COMMAND: POST /session/f418f7bc7d2ff1d2d712b3b5ad58086f/execute/sync - {"script":"<script> [56 bytes]","args":[{"element-6066-11e4-a52e-4f735466cecf":"f.72BD6EB346CCC82EDFB0602EE84AC45D.d.857343439B1C17B9C3F32B6062317350.e.5771","ELEMENT":"f.72BD6EB346CCC82EDFB0602EE84AC45D.d.857343439B1C17B9C3F32B6062317350.e.5771"}]}
RESULT: {"script":"<script> [56 bytes]","args":[{"element-6066-11e4-a52e-4f735466cecf":"f.72BD6EB346CCC82EDFB0602EE84AC45D.d.857343439B1C17B9C3F32B6062317350.e.5771","ELEMENT":"f.72BD6EB346CCC82EDFB0602EE84AC45D.d.857343439B1C17B9C3F32B6062317350.e.5771"}]}
COMMAND: POST /session/f418f7bc7d2ff1d2d712b3b5ad58086f/element - {"using":"xpath","value":"//div[contains(@id, \"managepartners-display-component---masterPtm--smartFilterBar-btnBasicSearch-reset\")]"}
COMMAND: GET /session/f418f7bc7d2ff1d2d712b3b5ad58086f/screenshot - {}
RESULT: {"using":"xpath","value":"//div[contains(@id, \"managepartners-display-component---masterPtm--smartFilterBar-btnBasicSearch-reset\")]"}
COMMAND: POST /session/f418f7bc7d2ff1d2d712b3b5ad58086f/element/f.72BD6EB346CCC82EDFB0602EE84AC45D.d.857343439B1C17B9C3F32B6062317350.e.5784/click - {}
RESULT: {}
RESULT: {}
COMMAND: GET /session/f418f7bc7d2ff1d2d712b3b5ad58086f/screenshot - {}
RESULT: {}
COMMAND: POST /session/f418f7bc7d2ff1d2d712b3b5ad58086f/execute/async - {"script":"<script> [1562 bytes]","args":[{"selector":{"id":"application-managepartners-display-component---masterPtm--smartFilterBar-filterItemControl_BASIC-MAIN_ADDRESS-vhi"},"wdio_ui5_key":"applicationmanagepartners-display-component---masterPtm--smartFilterBar-filterItemControl_BASIC-MAIN_ADDRESS-vhi"}]}
RESULT: {"script":"<script> [1562 bytes]","args":[{"selector":{"id":"application-managepartners-display-component---masterPtm--smartFilterBar-filterItemControl_BASIC-MAIN_ADDRESS-vhi"},"wdio_ui5_key":"applicationmanagepartners-display-component---masterPtm--smartFilterBar-filterItemControl_BASIC-MAIN_ADDRESS-vhi"}]}
RESULT: undefined
COMMAND: POST /session/f418f7bc7d2ff1d2d712b3b5ad58086f/element - {"using":"xpath","value":"//*[@id=\"application-managepartners-display-component---masterPtm--smartFilterBar-filterItemControl_BASIC-MAIN_ADDRESS-vhi\"]"}
RESULT: {"using":"xpath","value":"//*[@id=\"application-managepartners-display-component---masterPtm--smartFilterBar-filterItemControl_BASIC-MAIN_ADDRESS-vhi\"]"}
COMMAND: POST /session/f418f7bc7d2ff1d2d712b3b5ad58086f/element/f.72BD6EB346CCC82EDFB0602EE84AC45D.d.857343439B1C17B9C3F32B6062317350.e.5884/click - {}
RESULT: {}
COMMAND: GET /session/f418f7bc7d2ff1d2d712b3b5ad58086f/screenshot - {}
RESULT: {}
COMMAND: POST /session/f418f7bc7d2ff1d2d712b3b5ad58086f/execute/async - {"script":"<script> [1562 bytes]","args":[{"selector":{"id":"application-managepartners-display-component---masterPtm--smartFilterBar-filterItemControl_BASIC-MAIN_ADDRESS-valueHelpDialog-smartFilterBar-btnBasicSearch","searchOpenDialogs":true,"interaction":{"idSuffix":"I"}},"wdio_ui5_key":"applicationmanagepartners-display-component---masterPtm--smartFilterBar-filterItemControl_BASIC-MAIN_ADDRESS-valueHelpDialog-smartFilterBar-btnBasicSearch"}]}
RESULT: {"script":"<script> [1562 bytes]","args":[{"selector":{"id":"application-managepartners-display-component---masterPtm--smartFilterBar-filterItemControl_BASIC-MAIN_ADDRESS-valueHelpDialog-smartFilterBar-btnBasicSearch","searchOpenDialogs":true,"interaction":{"idSuffix":"I"}},"wdio_ui5_key":"applicationmanagepartners-display-component---masterPtm--smartFilterBar-filterItemControl_BASIC-MAIN_ADDRESS-valueHelpDialog-smartFilterBar-btnBasicSearch"}]}
RESULT: undefined
COMMAND: POST /session/f418f7bc7d2ff1d2d712b3b5ad58086f/execute/async - {"script":"<script> [776 bytes]","args":[{"enterText":"Romania","selector":{"id":"application-managepartners-display-component---masterPtm--smartFilterBar-filterItemControl_BASIC-MAIN_ADDRESS-valueHelpDialog-smartFilterBar-btnBasicSearch","searchOpenDialogs":true,"interaction":{"idSuffix":"I"}},"clearTextFirst":true,"interactionType":"ENTER_TEXT"}]}
RESULT: {"script":"<script> [776 bytes]","args":[{"enterText":"Romania","selector":{"id":"application-managepartners-display-component---masterPtm--smartFilterBar-filterItemControl_BASIC-MAIN_ADDRESS-valueHelpDialog-smartFilterBar-btnBasicSearch","searchOpenDialogs":true,"interaction":{"idSuffix":"I"}},"clearTextFirst":true,"interactionType":"ENTER_TEXT"}]}
COMMAND: POST /session/f418f7bc7d2ff1d2d712b3b5ad58086f/actions - {"actions":[{"id":"action18","type":"key","parameters":{},"actions":[{"type":"keyDown","value":"î€‡"},{"type":"pause","duration":10},{"type":"keyUp","value":"î€‡"}]}]}
RESULT: {"actions":[{"id":"action18","type":"key","parameters":{},"actions":[{"type":"keyDown","value":"î€‡"},{"type":"pause","duration":10},{"type":"keyUp","value":"î€‡"}]}]}
COMMAND: POST /session/f418f7bc7d2ff1d2d712b3b5ad58086f/elements - {"using":"xpath","value":"//table[contains(@id, \"smartFilterBar-filterItemControl_BASIC-MAIN_ADDRESS-valueHelpDialog-table-table\")]/tbody/tr"}
COMMAND: GET /session/f418f7bc7d2ff1d2d712b3b5ad58086f/screenshot - {}
RESULT: {"using":"xpath","value":"//table[contains(@id, \"smartFilterBar-filterItemControl_BASIC-MAIN_ADDRESS-valueHelpDialog-table-table\")]/tbody/tr"}
COMMAND: POST /session/f418f7bc7d2ff1d2d712b3b5ad58086f/element - {"using":"xpath","value":"//table[contains(@id, \"smartFilterBar-filterItemControl_BASIC-MAIN_ADDRESS-valueHelpDialog-table-table\")]/tbody/tr[1]/td[1]/div/span"}
RESULT: {}
RESULT: {"using":"xpath","value":"//table[contains(@id, \"smartFilterBar-filterItemControl_BASIC-MAIN_ADDRESS-valueHelpDialog-table-table\")]/tbody/tr[1]/td[1]/div/span"}
COMMAND: POST /session/f418f7bc7d2ff1d2d712b3b5ad58086f/elements - {"using":"xpath","value":"//table[contains(@id, \"smartFilterBar-filterItemControl_BASIC-MAIN_ADDRESS-valueHelpDialog-table-table\")]/tbody/tr[1]/td[1]/div/span"}
RESULT: {"using":"xpath","value":"//table[contains(@id, \"smartFilterBar-filterItemControl_BASIC-MAIN_ADDRESS-valueHelpDialog-table-table\")]/tbody/tr[1]/td[1]/div/span"}
COMMAND: POST /session/f418f7bc7d2ff1d2d712b3b5ad58086f/execute/sync - {"script":"<script> [56 bytes]","args":[{"element-6066-11e4-a52e-4f735466cecf":"f.72BD6EB346CCC82EDFB0602EE84AC45D.d.857343439B1C17B9C3F32B6062317350.e.5905","ELEMENT":"f.72BD6EB346CCC82EDFB0602EE84AC45D.d.857343439B1C17B9C3F32B6062317350.e.5905"}]}
RESULT: {"script":"<script> [56 bytes]","args":[{"element-6066-11e4-a52e-4f735466cecf":"f.72BD6EB346CCC82EDFB0602EE84AC45D.d.857343439B1C17B9C3F32B6062317350.e.5905","ELEMENT":"f.72BD6EB346CCC82EDFB0602EE84AC45D.d.857343439B1C17B9C3F32B6062317350.e.5905"}]}
COMMAND: POST /session/f418f7bc7d2ff1d2d712b3b5ad58086f/element - {"using":"xpath","value":"//div[contains(@id, \"filterItemControl_BASIC-MAIN_ADDRESS-valueHelpDialog-table-rowsel0\")]"}
COMMAND: GET /session/f418f7bc7d2ff1d2d712b3b5ad58086f/screenshot - {}
RESULT: {"using":"xpath","value":"//div[contains(@id, \"filterItemControl_BASIC-MAIN_ADDRESS-valueHelpDialog-table-rowsel0\")]"}
COMMAND: POST /session/f418f7bc7d2ff1d2d712b3b5ad58086f/element/f.72BD6EB346CCC82EDFB0602EE84AC45D.d.857343439B1C17B9C3F32B6062317350.e.5906/click - {}
RESULT: {}
RESULT: {}
COMMAND: GET /session/f418f7bc7d2ff1d2d712b3b5ad58086f/screenshot - {}
RESULT: {}
COMMAND: POST /session/f418f7bc7d2ff1d2d712b3b5ad58086f/element - {"using":"xpath","value":"(//bdi[contains(text(), \"OK\")])[1]"}
RESULT: {"using":"xpath","value":"(//bdi[contains(text(), \"OK\")])[1]"}
COMMAND: POST /session/f418f7bc7d2ff1d2d712b3b5ad58086f/element/f.72BD6EB346CCC82EDFB0602EE84AC45D.d.857343439B1C17B9C3F32B6062317350.e.5908/click - {}
RESULT: {}
COMMAND: GET /session/f418f7bc7d2ff1d2d712b3b5ad58086f/screenshot - {}
RESULT: {}
COMMAND: POST /session/f418f7bc7d2ff1d2d712b3b5ad58086f/element - {"using":"xpath","value":"//span[@id=\"application-managepartners-display-component---masterPtm--smartTable-header-inner\"]"}
RESULT: {"using":"xpath","value":"//span[@id=\"application-managepartners-display-component---masterPtm--smartTable-header-inner\"]"}
COMMAND: POST /session/f418f7bc7d2ff1d2d712b3b5ad58086f/elements - {"using":"xpath","value":"//span[@id=\"application-managepartners-display-component---masterPtm--smartTable-header-inner\"]"}
RESULT: {"using":"xpath","value":"//span[@id=\"application-managepartners-display-component---masterPtm--smartTable-header-inner\"]"}
COMMAND: POST /session/f418f7bc7d2ff1d2d712b3b5ad58086f/execute/sync - {"script":"<script> [56 bytes]","args":[{"element-6066-11e4-a52e-4f735466cecf":"f.72BD6EB346CCC82EDFB0602EE84AC45D.d.857343439B1C17B9C3F32B6062317350.e.5771","ELEMENT":"f.72BD6EB346CCC82EDFB0602EE84AC45D.d.857343439B1C17B9C3F32B6062317350.e.5771"}]}
RESULT: {"script":"<script> [56 bytes]","args":[{"element-6066-11e4-a52e-4f735466cecf":"f.72BD6EB346CCC82EDFB0602EE84AC45D.d.857343439B1C17B9C3F32B6062317350.e.5771","ELEMENT":"f.72BD6EB346CCC82EDFB0602EE84AC45D.d.857343439B1C17B9C3F32B6062317350.e.5771"}]}
COMMAND: POST /session/f418f7bc7d2ff1d2d712b3b5ad58086f/element - {"using":"xpath","value":"//span[contains(@title, \"Remove\")]"}
COMMAND: GET /session/f418f7bc7d2ff1d2d712b3b5ad58086f/screenshot - {}
RESULT: {"using":"xpath","value":"//span[contains(@title, \"Remove\")]"}
COMMAND: POST /session/f418f7bc7d2ff1d2d712b3b5ad58086f/element/f.72BD6EB346CCC82EDFB0602EE84AC45D.d.857343439B1C17B9C3F32B6062317350.e.5921/click - {}
RESULT: {}
RESULT: {}
COMMAND: GET /session/f418f7bc7d2ff1d2d712b3b5ad58086f/screenshot - {}
RESULT: {}
COMMAND: POST /session/f418f7bc7d2ff1d2d712b3b5ad58086f/element - {"using":"xpath","value":"//span[@id=\"application-managepartners-display-component---masterPtm--smartTable-header-inner\"]"}
RESULT: {"using":"xpath","value":"//span[@id=\"application-managepartners-display-component---masterPtm--smartTable-header-inner\"]"}
COMMAND: POST /session/f418f7bc7d2ff1d2d712b3b5ad58086f/elements - {"using":"xpath","value":"//span[@id=\"application-managepartners-display-component---masterPtm--smartTable-header-inner\"]"}
RESULT: {"using":"xpath","value":"//span[@id=\"application-managepartners-display-component---masterPtm--smartTable-header-inner\"]"}
COMMAND: POST /session/f418f7bc7d2ff1d2d712b3b5ad58086f/execute/sync - {"script":"<script> [56 bytes]","args":[{"element-6066-11e4-a52e-4f735466cecf":"f.72BD6EB346CCC82EDFB0602EE84AC45D.d.857343439B1C17B9C3F32B6062317350.e.5771","ELEMENT":"f.72BD6EB346CCC82EDFB0602EE84AC45D.d.857343439B1C17B9C3F32B6062317350.e.5771"}]}
RESULT: {"script":"<script> [56 bytes]","args":[{"element-6066-11e4-a52e-4f735466cecf":"f.72BD6EB346CCC82EDFB0602EE84AC45D.d.857343439B1C17B9C3F32B6062317350.e.5771","ELEMENT":"f.72BD6EB346CCC82EDFB0602EE84AC45D.d.857343439B1C17B9C3F32B6062317350.e.5771"}]}
COMMAND: POST /session/f418f7bc7d2ff1d2d712b3b5ad58086f/execute/async - {"script":"<script> [1562 bytes]","args":[{"selector":{"id":"application-managepartners-display-component---masterPtm--smartFilterBar-filterItemControl_BASIC-YARD-vhi"},"wdio_ui5_key":"applicationmanagepartners-display-component---masterPtm--smartFilterBar-filterItemControl_BASIC-YARD-vhi"}]}
COMMAND: GET /session/f418f7bc7d2ff1d2d712b3b5ad58086f/screenshot - {}
RESULT: {"script":"<script> [1562 bytes]","args":[{"selector":{"id":"application-managepartners-display-component---masterPtm--smartFilterBar-filterItemControl_BASIC-YARD-vhi"},"wdio_ui5_key":"applicationmanagepartners-display-component---masterPtm--smartFilterBar-filterItemControl_BASIC-YARD-vhi"}]}
RESULT: undefined
COMMAND: POST /session/f418f7bc7d2ff1d2d712b3b5ad58086f/element - {"using":"xpath","value":"//*[@id=\"application-managepartners-display-component---masterPtm--smartFilterBar-filterItemControl_BASIC-YARD-vhi\"]"}
RESULT: {}
RESULT: {"using":"xpath","value":"//*[@id=\"application-managepartners-display-component---masterPtm--smartFilterBar-filterItemControl_BASIC-YARD-vhi\"]"}
COMMAND: POST /session/f418f7bc7d2ff1d2d712b3b5ad58086f/element/f.72BD6EB346CCC82EDFB0602EE84AC45D.d.857343439B1C17B9C3F32B6062317350.e.6020/click - {}
RESULT: {}
COMMAND: GET /session/f418f7bc7d2ff1d2d712b3b5ad58086f/screenshot - {}
RESULT: {}
COMMAND: POST /session/f418f7bc7d2ff1d2d712b3b5ad58086f/execute/async - {"script":"<script> [1562 bytes]","args":[{"selector":{"id":"application-managepartners-display-component---masterPtm--smartFilterBar-filterItemControl_BASIC-YARD-valueHelpDialog-smartFilterBar-btnBasicSearch","searchOpenDialogs":true,"interaction":{"idSuffix":"I"}},"wdio_ui5_key":"applicationmanagepartners-display-component---masterPtm--smartFilterBar-filterItemControl_BASIC-YARD-valueHelpDialog-smartFilterBar-btnBasicSearch"}]}
RESULT: {"script":"<script> [1562 bytes]","args":[{"selector":{"id":"application-managepartners-display-component---masterPtm--smartFilterBar-filterItemControl_BASIC-YARD-valueHelpDialog-smartFilterBar-btnBasicSearch","searchOpenDialogs":true,"interaction":{"idSuffix":"I"}},"wdio_ui5_key":"applicationmanagepartners-display-component---masterPtm--smartFilterBar-filterItemControl_BASIC-YARD-valueHelpDialog-smartFilterBar-btnBasicSearch"}]}
RESULT: undefined
COMMAND: POST /session/f418f7bc7d2ff1d2d712b3b5ad58086f/execute/async - {"script":"<script> [776 bytes]","args":[{"enterText":"Test","selector":{"id":"application-managepartners-display-component---masterPtm--smartFilterBar-filterItemControl_BASIC-YARD-valueHelpDialog-smartFilterBar-btnBasicSearch","searchOpenDialogs":true,"interaction":{"idSuffix":"I"}},"clearTextFirst":true,"interactionType":"ENTER_TEXT"}]}
RESULT: {"script":"<script> [776 bytes]","args":[{"enterText":"Test","selector":{"id":"application-managepartners-display-component---masterPtm--smartFilterBar-filterItemControl_BASIC-YARD-valueHelpDialog-smartFilterBar-btnBasicSearch","searchOpenDialogs":true,"interaction":{"idSuffix":"I"}},"clearTextFirst":true,"interactionType":"ENTER_TEXT"}]}
COMMAND: POST /session/f418f7bc7d2ff1d2d712b3b5ad58086f/actions - {"actions":[{"id":"action19","type":"key","parameters":{},"actions":[{"type":"keyDown","value":"î€‡"},{"type":"pause","duration":10},{"type":"keyUp","value":"î€‡"}]}]}
RESULT: {"actions":[{"id":"action19","type":"key","parameters":{},"actions":[{"type":"keyDown","value":"î€‡"},{"type":"pause","duration":10},{"type":"keyUp","value":"î€‡"}]}]}
COMMAND: POST /session/f418f7bc7d2ff1d2d712b3b5ad58086f/elements - {"using":"xpath","value":"//table[contains(@id, \"smartFilterBar-filterItemControl_BASIC-YARD-valueHelpDialog-table-table\")]/tbody/tr"}
COMMAND: GET /session/f418f7bc7d2ff1d2d712b3b5ad58086f/screenshot - {}
RESULT: {"using":"xpath","value":"//table[contains(@id, \"smartFilterBar-filterItemControl_BASIC-YARD-valueHelpDialog-table-table\")]/tbody/tr"}
COMMAND: POST /session/f418f7bc7d2ff1d2d712b3b5ad58086f/element - {"using":"xpath","value":"//table[contains(@id, \"smartFilterBar-filterItemControl_BASIC-YARD-valueHelpDialog-table-table\")]/tbody/tr[1]/td[1]/div/span"}
RESULT: {}
RESULT: {"using":"xpath","value":"//table[contains(@id, \"smartFilterBar-filterItemControl_BASIC-YARD-valueHelpDialog-table-table\")]/tbody/tr[1]/td[1]/div/span"}
COMMAND: POST /session/f418f7bc7d2ff1d2d712b3b5ad58086f/elements - {"using":"xpath","value":"//table[contains(@id, \"smartFilterBar-filterItemControl_BASIC-YARD-valueHelpDialog-table-table\")]/tbody/tr[1]/td[1]/div/span"}
RESULT: {"using":"xpath","value":"//table[contains(@id, \"smartFilterBar-filterItemControl_BASIC-YARD-valueHelpDialog-table-table\")]/tbody/tr[1]/td[1]/div/span"}
COMMAND: POST /session/f418f7bc7d2ff1d2d712b3b5ad58086f/execute/sync - {"script":"<script> [56 bytes]","args":[{"element-6066-11e4-a52e-4f735466cecf":"f.72BD6EB346CCC82EDFB0602EE84AC45D.d.857343439B1C17B9C3F32B6062317350.e.6041","ELEMENT":"f.72BD6EB346CCC82EDFB0602EE84AC45D.d.857343439B1C17B9C3F32B6062317350.e.6041"}]}
RESULT: {"script":"<script> [56 bytes]","args":[{"element-6066-11e4-a52e-4f735466cecf":"f.72BD6EB346CCC82EDFB0602EE84AC45D.d.857343439B1C17B9C3F32B6062317350.e.6041","ELEMENT":"f.72BD6EB346CCC82EDFB0602EE84AC45D.d.857343439B1C17B9C3F32B6062317350.e.6041"}]}
COMMAND: POST /session/f418f7bc7d2ff1d2d712b3b5ad58086f/element - {"using":"xpath","value":"//table[contains(@id, \"smartFilterBar-filterItemControl_BASIC-YARD-valueHelpDialog-table-table\")]/tbody/tr[2]/td[1]/div/span"}
COMMAND: GET /session/f418f7bc7d2ff1d2d712b3b5ad58086f/screenshot - {}
RESULT: {"using":"xpath","value":"//table[contains(@id, \"smartFilterBar-filterItemControl_BASIC-YARD-valueHelpDialog-table-table\")]/tbody/tr[2]/td[1]/div/span"}
COMMAND: POST /session/f418f7bc7d2ff1d2d712b3b5ad58086f/elements - {"using":"xpath","value":"//table[contains(@id, \"smartFilterBar-filterItemControl_BASIC-YARD-valueHelpDialog-table-table\")]/tbody/tr[2]/td[1]/div/span"}
RESULT: {}
RESULT: {"using":"xpath","value":"//table[contains(@id, \"smartFilterBar-filterItemControl_BASIC-YARD-valueHelpDialog-table-table\")]/tbody/tr[2]/td[1]/div/span"}
COMMAND: POST /session/f418f7bc7d2ff1d2d712b3b5ad58086f/execute/sync - {"script":"<script> [56 bytes]","args":[{"element-6066-11e4-a52e-4f735466cecf":"f.72BD6EB346CCC82EDFB0602EE84AC45D.d.857343439B1C17B9C3F32B6062317350.e.6042","ELEMENT":"f.72BD6EB346CCC82EDFB0602EE84AC45D.d.857343439B1C17B9C3F32B6062317350.e.6042"}]}
RESULT: {"script":"<script> [56 bytes]","args":[{"element-6066-11e4-a52e-4f735466cecf":"f.72BD6EB346CCC82EDFB0602EE84AC45D.d.857343439B1C17B9C3F32B6062317350.e.6042","ELEMENT":"f.72BD6EB346CCC82EDFB0602EE84AC45D.d.857343439B1C17B9C3F32B6062317350.e.6042"}]}
COMMAND: POST /session/f418f7bc7d2ff1d2d712b3b5ad58086f/element - {"using":"xpath","value":"//table[contains(@id, \"smartFilterBar-filterItemControl_BASIC-YARD-valueHelpDialog-table-table\")]/tbody/tr[3]/td[1]/div/span"}
COMMAND: GET /session/f418f7bc7d2ff1d2d712b3b5ad58086f/screenshot - {}
RESULT: {"using":"xpath","value":"//table[contains(@id, \"smartFilterBar-filterItemControl_BASIC-YARD-valueHelpDialog-table-table\")]/tbody/tr[3]/td[1]/div/span"}
COMMAND: POST /session/f418f7bc7d2ff1d2d712b3b5ad58086f/elements - {"using":"xpath","value":"//table[contains(@id, \"smartFilterBar-filterItemControl_BASIC-YARD-valueHelpDialog-table-table\")]/tbody/tr[3]/td[1]/div/span"}
RESULT: {}
RESULT: {"using":"xpath","value":"//table[contains(@id, \"smartFilterBar-filterItemControl_BASIC-YARD-valueHelpDialog-table-table\")]/tbody/tr[3]/td[1]/div/span"}
COMMAND: POST /session/f418f7bc7d2ff1d2d712b3b5ad58086f/execute/sync - {"script":"<script> [56 bytes]","args":[{"element-6066-11e4-a52e-4f735466cecf":"f.72BD6EB346CCC82EDFB0602EE84AC45D.d.857343439B1C17B9C3F32B6062317350.e.6043","ELEMENT":"f.72BD6EB346CCC82EDFB0602EE84AC45D.d.857343439B1C17B9C3F32B6062317350.e.6043"}]}
RESULT: {"script":"<script> [56 bytes]","args":[{"element-6066-11e4-a52e-4f735466cecf":"f.72BD6EB346CCC82EDFB0602EE84AC45D.d.857343439B1C17B9C3F32B6062317350.e.6043","ELEMENT":"f.72BD6EB346CCC82EDFB0602EE84AC45D.d.857343439B1C17B9C3F32B6062317350.e.6043"}]}
COMMAND: POST /session/f418f7bc7d2ff1d2d712b3b5ad58086f/element - {"using":"xpath","value":"//div[contains(@id, \"filterItemControl_BASIC-YARD-valueHelpDialog-table-rowsel2\")]"}
COMMAND: GET /session/f418f7bc7d2ff1d2d712b3b5ad58086f/screenshot - {}
RESULT: {"using":"xpath","value":"//div[contains(@id, \"filterItemControl_BASIC-YARD-valueHelpDialog-table-rowsel2\")]"}
COMMAND: POST /session/f418f7bc7d2ff1d2d712b3b5ad58086f/element/f.72BD6EB346CCC82EDFB0602EE84AC45D.d.857343439B1C17B9C3F32B6062317350.e.6044/click - {}
RESULT: {}
RESULT: {}
COMMAND: GET /session/f418f7bc7d2ff1d2d712b3b5ad58086f/screenshot - {}
RESULT: {}
COMMAND: POST /session/f418f7bc7d2ff1d2d712b3b5ad58086f/element - {"using":"xpath","value":"(//bdi[contains(text(), \"OK\")])[1]"}
RESULT: {"using":"xpath","value":"(//bdi[contains(text(), \"OK\")])[1]"}
COMMAND: POST /session/f418f7bc7d2ff1d2d712b3b5ad58086f/element/f.72BD6EB346CCC82EDFB0602EE84AC45D.d.857343439B1C17B9C3F32B6062317350.e.6046/click - {}
RESULT: {}
COMMAND: GET /session/f418f7bc7d2ff1d2d712b3b5ad58086f/screenshot - {}
RESULT: {}
COMMAND: POST /session/f418f7bc7d2ff1d2d712b3b5ad58086f/element - {"using":"xpath","value":"//span[@id=\"application-managepartners-display-component---masterPtm--smartTable-header-inner\"]"}
RESULT: {"using":"xpath","value":"//span[@id=\"application-managepartners-display-component---masterPtm--smartTable-header-inner\"]"}
COMMAND: POST /session/f418f7bc7d2ff1d2d712b3b5ad58086f/elements - {"using":"xpath","value":"//span[@id=\"application-managepartners-display-component---masterPtm--smartTable-header-inner\"]"}
RESULT: {"using":"xpath","value":"//span[@id=\"application-managepartners-display-component---masterPtm--smartTable-header-inner\"]"}
COMMAND: POST /session/f418f7bc7d2ff1d2d712b3b5ad58086f/execute/sync - {"script":"<script> [56 bytes]","args":[{"element-6066-11e4-a52e-4f735466cecf":"f.72BD6EB346CCC82EDFB0602EE84AC45D.d.857343439B1C17B9C3F32B6062317350.e.5771","ELEMENT":"f.72BD6EB346CCC82EDFB0602EE84AC45D.d.857343439B1C17B9C3F32B6062317350.e.5771"}]}
RESULT: {"script":"<script> [56 bytes]","args":[{"element-6066-11e4-a52e-4f735466cecf":"f.72BD6EB346CCC82EDFB0602EE84AC45D.d.857343439B1C17B9C3F32B6062317350.e.5771","ELEMENT":"f.72BD6EB346CCC82EDFB0602EE84AC45D.d.857343439B1C17B9C3F32B6062317350.e.5771"}]}
COMMAND: POST /session/f418f7bc7d2ff1d2d712b3b5ad58086f/element - {"using":"xpath","value":"//span[contains(@title, \"Remove\")]"}
COMMAND: GET /session/f418f7bc7d2ff1d2d712b3b5ad58086f/screenshot - {}
RESULT: {"using":"xpath","value":"//span[contains(@title, \"Remove\")]"}
COMMAND: POST /session/f418f7bc7d2ff1d2d712b3b5ad58086f/element/f.72BD6EB346CCC82EDFB0602EE84AC45D.d.857343439B1C17B9C3F32B6062317350.e.6059/click - {}
RESULT: {}
RESULT: {}
COMMAND: GET /session/f418f7bc7d2ff1d2d712b3b5ad58086f/screenshot - {}
RESULT: {}
COMMAND: POST /session/f418f7bc7d2ff1d2d712b3b5ad58086f/element - {"using":"xpath","value":"//span[@id=\"application-managepartners-display-component---masterPtm--smartTable-header-inner\"]"}
RESULT: {"using":"xpath","value":"//span[@id=\"application-managepartners-display-component---masterPtm--smartTable-header-inner\"]"}
COMMAND: POST /session/f418f7bc7d2ff1d2d712b3b5ad58086f/elements - {"using":"xpath","value":"//span[@id=\"application-managepartners-display-component---masterPtm--smartTable-header-inner\"]"}
RESULT: {"using":"xpath","value":"//span[@id=\"application-managepartners-display-component---masterPtm--smartTable-header-inner\"]"}
COMMAND: POST /session/f418f7bc7d2ff1d2d712b3b5ad58086f/execute/sync - {"script":"<script> [56 bytes]","args":[{"element-6066-11e4-a52e-4f735466cecf":"f.72BD6EB346CCC82EDFB0602EE84AC45D.d.857343439B1C17B9C3F32B6062317350.e.5771","ELEMENT":"f.72BD6EB346CCC82EDFB0602EE84AC45D.d.857343439B1C17B9C3F32B6062317350.e.5771"}]}
RESULT: {"script":"<script> [56 bytes]","args":[{"element-6066-11e4-a52e-4f735466cecf":"f.72BD6EB346CCC82EDFB0602EE84AC45D.d.857343439B1C17B9C3F32B6062317350.e.5771","ELEMENT":"f.72BD6EB346CCC82EDFB0602EE84AC45D.d.857343439B1C17B9C3F32B6062317350.e.5771"}]}
COMMAND: POST /session/f418f7bc7d2ff1d2d712b3b5ad58086f/execute/async - {"script":"<script> [1562 bytes]","args":[{"selector":{"id":"application-managepartners-display-component---masterPtm--smartFilterBar-filterItemControl_BASIC-ALL_TAGS-vhi"},"wdio_ui5_key":"applicationmanagepartners-display-component---masterPtm--smartFilterBar-filterItemControl_BASIC-ALL_TAGS-vhi"}]}
COMMAND: GET /session/f418f7bc7d2ff1d2d712b3b5ad58086f/screenshot - {}
RESULT: {"script":"<script> [1562 bytes]","args":[{"selector":{"id":"application-managepartners-display-component---masterPtm--smartFilterBar-filterItemControl_BASIC-ALL_TAGS-vhi"},"wdio_ui5_key":"applicationmanagepartners-display-component---masterPtm--smartFilterBar-filterItemControl_BASIC-ALL_TAGS-vhi"}]}
RESULT: undefined
COMMAND: POST /session/f418f7bc7d2ff1d2d712b3b5ad58086f/element - {"using":"xpath","value":"//*[@id=\"application-managepartners-display-component---masterPtm--smartFilterBar-filterItemControl_BASIC-ALL_TAGS-vhi\"]"}
RESULT: {}
RESULT: {"using":"xpath","value":"//*[@id=\"application-managepartners-display-component---masterPtm--smartFilterBar-filterItemControl_BASIC-ALL_TAGS-vhi\"]"}
COMMAND: POST /session/f418f7bc7d2ff1d2d712b3b5ad58086f/element/f.72BD6EB346CCC82EDFB0602EE84AC45D.d.857343439B1C17B9C3F32B6062317350.e.6158/click - {}
RESULT: {}
COMMAND: GET /session/f418f7bc7d2ff1d2d712b3b5ad58086f/screenshot - {}
RESULT: {}
COMMAND: POST /session/f418f7bc7d2ff1d2d712b3b5ad58086f/execute/async - {"script":"<script> [1562 bytes]","args":[{"selector":{"id":"application-managepartners-display-component---masterPtm--smartFilterBar-filterItemControl_BASIC-ALL_TAGS-valueHelpDialog-smartFilterBar-btnBasicSearch","searchOpenDialogs":true,"interaction":{"idSuffix":"I"}},"wdio_ui5_key":"applicationmanagepartners-display-component---masterPtm--smartFilterBar-filterItemControl_BASIC-ALL_TAGS-valueHelpDialog-smartFilterBar-btnBasicSearch"}]}
RESULT: {"script":"<script> [1562 bytes]","args":[{"selector":{"id":"application-managepartners-display-component---masterPtm--smartFilterBar-filterItemControl_BASIC-ALL_TAGS-valueHelpDialog-smartFilterBar-btnBasicSearch","searchOpenDialogs":true,"interaction":{"idSuffix":"I"}},"wdio_ui5_key":"applicationmanagepartners-display-component---masterPtm--smartFilterBar-filterItemControl_BASIC-ALL_TAGS-valueHelpDialog-smartFilterBar-btnBasicSearch"}]}
RESULT: undefined
COMMAND: POST /session/f418f7bc7d2ff1d2d712b3b5ad58086f/execute/async - {"script":"<script> [776 bytes]","args":[{"enterText":"test-tag-1","selector":{"id":"application-managepartners-display-component---masterPtm--smartFilterBar-filterItemControl_BASIC-ALL_TAGS-valueHelpDialog-smartFilterBar-btnBasicSearch","searchOpenDialogs":true,"interaction":{"idSuffix":"I"}},"clearTextFirst":true,"interactionType":"ENTER_TEXT"}]}
RESULT: {"script":"<script> [776 bytes]","args":[{"enterText":"test-tag-1","selector":{"id":"application-managepartners-display-component---masterPtm--smartFilterBar-filterItemControl_BASIC-ALL_TAGS-valueHelpDialog-smartFilterBar-btnBasicSearch","searchOpenDialogs":true,"interaction":{"idSuffix":"I"}},"clearTextFirst":true,"interactionType":"ENTER_TEXT"}]}
COMMAND: POST /session/f418f7bc7d2ff1d2d712b3b5ad58086f/actions - {"actions":[{"id":"action20","type":"key","parameters":{},"actions":[{"type":"keyDown","value":"î€‡"},{"type":"pause","duration":10},{"type":"keyUp","value":"î€‡"}]}]}
RESULT: {"actions":[{"id":"action20","type":"key","parameters":{},"actions":[{"type":"keyDown","value":"î€‡"},{"type":"pause","duration":10},{"type":"keyUp","value":"î€‡"}]}]}
COMMAND: POST /session/f418f7bc7d2ff1d2d712b3b5ad58086f/elements - {"using":"xpath","value":"//table[contains(@id, \"smartFilterBar-filterItemControl_BASIC-ALL_TAGS-valueHelpDialog-table-table\")]/tbody/tr"}
COMMAND: GET /session/f418f7bc7d2ff1d2d712b3b5ad58086f/screenshot - {}
RESULT: {"using":"xpath","value":"//table[contains(@id, \"smartFilterBar-filterItemControl_BASIC-ALL_TAGS-valueHelpDialog-table-table\")]/tbody/tr"}
COMMAND: POST /session/f418f7bc7d2ff1d2d712b3b5ad58086f/element - {"using":"xpath","value":"//table[contains(@id, \"smartFilterBar-filterItemControl_BASIC-ALL_TAGS-valueHelpDialog-table-table\")]/tbody/tr[1]/td[1]/div/span"}
RESULT: {}
RESULT: {"using":"xpath","value":"//table[contains(@id, \"smartFilterBar-filterItemControl_BASIC-ALL_TAGS-valueHelpDialog-table-table\")]/tbody/tr[1]/td[1]/div/span"}
COMMAND: POST /session/f418f7bc7d2ff1d2d712b3b5ad58086f/elements - {"using":"xpath","value":"//table[contains(@id, \"smartFilterBar-filterItemControl_BASIC-ALL_TAGS-valueHelpDialog-table-table\")]/tbody/tr[1]/td[1]/div/span"}
RESULT: {"using":"xpath","value":"//table[contains(@id, \"smartFilterBar-filterItemControl_BASIC-ALL_TAGS-valueHelpDialog-table-table\")]/tbody/tr[1]/td[1]/div/span"}
COMMAND: POST /session/f418f7bc7d2ff1d2d712b3b5ad58086f/execute/sync - {"script":"<script> [56 bytes]","args":[{"element-6066-11e4-a52e-4f735466cecf":"f.72BD6EB346CCC82EDFB0602EE84AC45D.d.857343439B1C17B9C3F32B6062317350.e.6178","ELEMENT":"f.72BD6EB346CCC82EDFB0602EE84AC45D.d.857343439B1C17B9C3F32B6062317350.e.6178"}]}
RESULT: {"script":"<script> [56 bytes]","args":[{"element-6066-11e4-a52e-4f735466cecf":"f.72BD6EB346CCC82EDFB0602EE84AC45D.d.857343439B1C17B9C3F32B6062317350.e.6178","ELEMENT":"f.72BD6EB346CCC82EDFB0602EE84AC45D.d.857343439B1C17B9C3F32B6062317350.e.6178"}]}
COMMAND: POST /session/f418f7bc7d2ff1d2d712b3b5ad58086f/element - {"using":"xpath","value":"//div[contains(@id, \"filterItemControl_BASIC-ALL_TAGS-valueHelpDialog-table-rowsel0\")]"}
COMMAND: GET /session/f418f7bc7d2ff1d2d712b3b5ad58086f/screenshot - {}
RESULT: {"using":"xpath","value":"//div[contains(@id, \"filterItemControl_BASIC-ALL_TAGS-valueHelpDialog-table-rowsel0\")]"}
COMMAND: POST /session/f418f7bc7d2ff1d2d712b3b5ad58086f/element/f.72BD6EB346CCC82EDFB0602EE84AC45D.d.857343439B1C17B9C3F32B6062317350.e.6179/click - {}
RESULT: {}
RESULT: {}
COMMAND: GET /session/f418f7bc7d2ff1d2d712b3b5ad58086f/screenshot - {}
RESULT: {}
COMMAND: POST /session/f418f7bc7d2ff1d2d712b3b5ad58086f/element - {"using":"xpath","value":"(//bdi[contains(text(), \"OK\")])[1]"}
RESULT: {"using":"xpath","value":"(//bdi[contains(text(), \"OK\")])[1]"}
COMMAND: POST /session/f418f7bc7d2ff1d2d712b3b5ad58086f/element/f.72BD6EB346CCC82EDFB0602EE84AC45D.d.857343439B1C17B9C3F32B6062317350.e.6181/click - {}
RESULT: {}
COMMAND: GET /session/f418f7bc7d2ff1d2d712b3b5ad58086f/screenshot - {}
RESULT: {}
COMMAND: POST /session/f418f7bc7d2ff1d2d712b3b5ad58086f/element - {"using":"xpath","value":"//span[@id=\"application-managepartners-display-component---masterPtm--smartTable-header-inner\"]"}
RESULT: {"using":"xpath","value":"//span[@id=\"application-managepartners-display-component---masterPtm--smartTable-header-inner\"]"}
COMMAND: POST /session/f418f7bc7d2ff1d2d712b3b5ad58086f/elements - {"using":"xpath","value":"//span[@id=\"application-managepartners-display-component---masterPtm--smartTable-header-inner\"]"}
RESULT: {"using":"xpath","value":"//span[@id=\"application-managepartners-display-component---masterPtm--smartTable-header-inner\"]"}
COMMAND: POST /session/f418f7bc7d2ff1d2d712b3b5ad58086f/execute/sync - {"script":"<script> [56 bytes]","args":[{"element-6066-11e4-a52e-4f735466cecf":"f.72BD6EB346CCC82EDFB0602EE84AC45D.d.857343439B1C17B9C3F32B6062317350.e.5771","ELEMENT":"f.72BD6EB346CCC82EDFB0602EE84AC45D.d.857343439B1C17B9C3F32B6062317350.e.5771"}]}
RESULT: {"script":"<script> [56 bytes]","args":[{"element-6066-11e4-a52e-4f735466cecf":"f.72BD6EB346CCC82EDFB0602EE84AC45D.d.857343439B1C17B9C3F32B6062317350.e.5771","ELEMENT":"f.72BD6EB346CCC82EDFB0602EE84AC45D.d.857343439B1C17B9C3F32B6062317350.e.5771"}]}
COMMAND: POST /session/f418f7bc7d2ff1d2d712b3b5ad58086f/element - {"using":"xpath","value":"//span[contains(@title, \"Remove\")]"}
COMMAND: GET /session/f418f7bc7d2ff1d2d712b3b5ad58086f/screenshot - {}
RESULT: {"using":"xpath","value":"//span[contains(@title, \"Remove\")]"}
COMMAND: POST /session/f418f7bc7d2ff1d2d712b3b5ad58086f/element/f.72BD6EB346CCC82EDFB0602EE84AC45D.d.857343439B1C17B9C3F32B6062317350.e.6203/click - {}
RESULT: {}
RESULT: {}
COMMAND: GET /session/f418f7bc7d2ff1d2d712b3b5ad58086f/screenshot - {}
RESULT: {}
COMMAND: POST /session/f418f7bc7d2ff1d2d712b3b5ad58086f/execute/async - {"script":"<script> [1562 bytes]","args":[{"selector":{"id":"application-managepartners-display-component---masterPtm--partnerTypes-arrow"},"wdio_ui5_key":"applicationmanagepartners-display-component---masterPtm--partnerTypes-arrow"}]}
RESULT: {"script":"<script> [1562 bytes]","args":[{"selector":{"id":"application-managepartners-display-component---masterPtm--partnerTypes-arrow"},"wdio_ui5_key":"applicationmanagepartners-display-component---masterPtm--partnerTypes-arrow"}]}
RESULT: undefined
COMMAND: POST /session/f418f7bc7d2ff1d2d712b3b5ad58086f/element - {"using":"xpath","value":"//*[@id=\"application-managepartners-display-component---masterPtm--partnerTypes-arrow\"]"}
RESULT: {"using":"xpath","value":"//*[@id=\"application-managepartners-display-component---masterPtm--partnerTypes-arrow\"]"}
COMMAND: POST /session/f418f7bc7d2ff1d2d712b3b5ad58086f/element/f.72BD6EB346CCC82EDFB0602EE84AC45D.d.857343439B1C17B9C3F32B6062317350.e.6308/click - {}
RESULT: {}
COMMAND: GET /session/f418f7bc7d2ff1d2d712b3b5ad58086f/screenshot - {}
RESULT: {}
COMMAND: POST /session/f418f7bc7d2ff1d2d712b3b5ad58086f/element - {"using":"xpath","value":"//li[.//span[text()=\"External partner\"]]//div[contains(@class,\"sapMCbBg\")]"}
RESULT: {"using":"xpath","value":"//li[.//span[text()=\"External partner\"]]//div[contains(@class,\"sapMCbBg\")]"}
COMMAND: POST /session/f418f7bc7d2ff1d2d712b3b5ad58086f/element/f.72BD6EB346CCC82EDFB0602EE84AC45D.d.857343439B1C17B9C3F32B6062317350.e.6311/click - {}
RESULT: {}
COMMAND: GET /session/f418f7bc7d2ff1d2d712b3b5ad58086f/screenshot - {}
RESULT: {}
COMMAND: POST /session/f418f7bc7d2ff1d2d712b3b5ad58086f/element - {"using":"xpath","value":"//span[@id=\"application-managepartners-display-component---masterPtm--smartTable-header-inner\"]"}
RESULT: {"using":"xpath","value":"//span[@id=\"application-managepartners-display-component---masterPtm--smartTable-header-inner\"]"}
COMMAND: POST /session/f418f7bc7d2ff1d2d712b3b5ad58086f/elements - {"using":"xpath","value":"//span[@id=\"application-managepartners-display-component---masterPtm--smartTable-header-inner\"]"}
RESULT: {"using":"xpath","value":"//span[@id=\"application-managepartners-display-component---masterPtm--smartTable-header-inner\"]"}
COMMAND: POST /session/f418f7bc7d2ff1d2d712b3b5ad58086f/execute/sync - {"script":"<script> [56 bytes]","args":[{"element-6066-11e4-a52e-4f735466cecf":"f.72BD6EB346CCC82EDFB0602EE84AC45D.d.857343439B1C17B9C3F32B6062317350.e.5771","ELEMENT":"f.72BD6EB346CCC82EDFB0602EE84AC45D.d.857343439B1C17B9C3F32B6062317350.e.5771"}]}
RESULT: {"script":"<script> [56 bytes]","args":[{"element-6066-11e4-a52e-4f735466cecf":"f.72BD6EB346CCC82EDFB0602EE84AC45D.d.857343439B1C17B9C3F32B6062317350.e.5771","ELEMENT":"f.72BD6EB346CCC82EDFB0602EE84AC45D.d.857343439B1C17B9C3F32B6062317350.e.5771"}]}
COMMAND: POST /session/f418f7bc7d2ff1d2d712b3b5ad58086f/element - {"using":"xpath","value":"//span[contains(@title, \"Remove\")]"}
COMMAND: GET /session/f418f7bc7d2ff1d2d712b3b5ad58086f/screenshot - {}
RESULT: {"using":"xpath","value":"//span[contains(@title, \"Remove\")]"}
COMMAND: POST /session/f418f7bc7d2ff1d2d712b3b5ad58086f/element/f.72BD6EB346CCC82EDFB0602EE84AC45D.d.857343439B1C17B9C3F32B6062317350.e.6356/click - {}
RESULT: {}
RESULT: {}
COMMAND: GET /session/f418f7bc7d2ff1d2d712b3b5ad58086f/screenshot - {}
RESULT: {}
COMMAND: POST /session/f418f7bc7d2ff1d2d712b3b5ad58086f/execute/async - {"script":"<script> [1562 bytes]","args":[{"selector":{"id":"application-managepartners-display-component---masterPtm--smartFilterBar-btnFilters","interaction":{"idSuffix":"BDI-content"}},"wdio_ui5_key":"applicationmanagepartners-display-component---masterPtm--smartFilterBar-btnFilters"}]}
RESULT: {"script":"<script> [1562 bytes]","args":[{"selector":{"id":"application-managepartners-display-component---masterPtm--smartFilterBar-btnFilters","interaction":{"idSuffix":"BDI-content"}},"wdio_ui5_key":"applicationmanagepartners-display-component---masterPtm--smartFilterBar-btnFilters"}]}
RESULT: undefined
COMMAND: POST /session/f418f7bc7d2ff1d2d712b3b5ad58086f/element - {"using":"xpath","value":"//*[@id=\"application-managepartners-display-component---masterPtm--smartFilterBar-btnFilters\"]"}
RESULT: {"using":"xpath","value":"//*[@id=\"application-managepartners-display-component---masterPtm--smartFilterBar-btnFilters\"]"}
COMMAND: POST /session/f418f7bc7d2ff1d2d712b3b5ad58086f/element/f.72BD6EB346CCC82EDFB0602EE84AC45D.d.857343439B1C17B9C3F32B6062317350.e.5627/click - {}
RESULT: {}
COMMAND: GET /session/f418f7bc7d2ff1d2d712b3b5ad58086f/screenshot - {}
RESULT: {}
COMMAND: POST /session/f418f7bc7d2ff1d2d712b3b5ad58086f/elements - {"using":"xpath","value":"//table[contains(@id, \"listView-innerSelectionPanelTable-listUl\")]/tbody/tr"}
RESULT: {"using":"xpath","value":"//table[contains(@id, \"listView-innerSelectionPanelTable-listUl\")]/tbody/tr"}
COMMAND: POST /session/f418f7bc7d2ff1d2d712b3b5ad58086f/element - {"using":"xpath","value":"//table[contains(@id, \"listView-innerSelectionPanelTable-listUl\")]/tbody/tr[2]/td[2]/div/div"}
RESULT: {"using":"xpath","value":"//table[contains(@id, \"listView-innerSelectionPanelTable-listUl\")]/tbody/tr[2]/td[2]/div/div"}
COMMAND: POST /session/f418f7bc7d2ff1d2d712b3b5ad58086f/element - {"using":"xpath","value":"//table[contains(@id, \"listView-innerSelectionPanelTable-listUl\")]/tbody/tr[2]/td[2]/div"}
RESULT: {"using":"xpath","value":"//table[contains(@id, \"listView-innerSelectionPanelTable-listUl\")]/tbody/tr[2]/td[2]/div"}
COMMAND: POST /session/f418f7bc7d2ff1d2d712b3b5ad58086f/element - {"using":"xpath","value":"//table[contains(@id, \"listView-innerSelectionPanelTable-listUl\")]/tbody/tr[2]/td[3]/div/div/span/span[1]/bdi"}
RESULT: {"using":"xpath","value":"//table[contains(@id, \"listView-innerSelectionPanelTable-listUl\")]/tbody/tr[2]/td[3]/div/div/span/span[1]/bdi"}
COMMAND: POST /session/f418f7bc7d2ff1d2d712b3b5ad58086f/execute/sync - {"script":"<script> [56 bytes]","args":[{"element-6066-11e4-a52e-4f735466cecf":"f.72BD6EB346CCC82EDFB0602EE84AC45D.d.857343439B1C17B9C3F32B6062317350.e.6471","ELEMENT":"f.72BD6EB346CCC82EDFB0602EE84AC45D.d.857343439B1C17B9C3F32B6062317350.e.6471"}]}
RESULT: {"script":"<script> [56 bytes]","args":[{"element-6066-11e4-a52e-4f735466cecf":"f.72BD6EB346CCC82EDFB0602EE84AC45D.d.857343439B1C17B9C3F32B6062317350.e.6471","ELEMENT":"f.72BD6EB346CCC82EDFB0602EE84AC45D.d.857343439B1C17B9C3F32B6062317350.e.6471"}]}
COMMAND: GET /session/f418f7bc7d2ff1d2d712b3b5ad58086f/element/f.72BD6EB346CCC82EDFB0602EE84AC45D.d.857343439B1C17B9C3F32B6062317350.e.6470/attribute/aria-checked - {}
COMMAND: GET /session/f418f7bc7d2ff1d2d712b3b5ad58086f/screenshot - {}
RESULT: {}
COMMAND: POST /session/f418f7bc7d2ff1d2d712b3b5ad58086f/element - {"using":"xpath","value":"//table[contains(@id, \"listView-innerSelectionPanelTable-listUl\")]/tbody/tr[3]/td[2]/div/div"}
RESULT: {}
RESULT: {"using":"xpath","value":"//table[contains(@id, \"listView-innerSelectionPanelTable-listUl\")]/tbody/tr[3]/td[2]/div/div"}
COMMAND: POST /session/f418f7bc7d2ff1d2d712b3b5ad58086f/element - {"using":"xpath","value":"//table[contains(@id, \"listView-innerSelectionPanelTable-listUl\")]/tbody/tr[3]/td[2]/div"}
RESULT: {"using":"xpath","value":"//table[contains(@id, \"listView-innerSelectionPanelTable-listUl\")]/tbody/tr[3]/td[2]/div"}
COMMAND: POST /session/f418f7bc7d2ff1d2d712b3b5ad58086f/element - {"using":"xpath","value":"//table[contains(@id, \"listView-innerSelectionPanelTable-listUl\")]/tbody/tr[3]/td[3]/div/div/span/span[1]/bdi"}
RESULT: {"using":"xpath","value":"//table[contains(@id, \"listView-innerSelectionPanelTable-listUl\")]/tbody/tr[3]/td[3]/div/div/span/span[1]/bdi"}
COMMAND: POST /session/f418f7bc7d2ff1d2d712b3b5ad58086f/execute/sync - {"script":"<script> [56 bytes]","args":[{"element-6066-11e4-a52e-4f735466cecf":"f.72BD6EB346CCC82EDFB0602EE84AC45D.d.857343439B1C17B9C3F32B6062317350.e.6474","ELEMENT":"f.72BD6EB346CCC82EDFB0602EE84AC45D.d.857343439B1C17B9C3F32B6062317350.e.6474"}]}
RESULT: {"script":"<script> [56 bytes]","args":[{"element-6066-11e4-a52e-4f735466cecf":"f.72BD6EB346CCC82EDFB0602EE84AC45D.d.857343439B1C17B9C3F32B6062317350.e.6474","ELEMENT":"f.72BD6EB346CCC82EDFB0602EE84AC45D.d.857343439B1C17B9C3F32B6062317350.e.6474"}]}
COMMAND: GET /session/f418f7bc7d2ff1d2d712b3b5ad58086f/element/f.72BD6EB346CCC82EDFB0602EE84AC45D.d.857343439B1C17B9C3F32B6062317350.e.6473/attribute/aria-checked - {}
COMMAND: GET /session/f418f7bc7d2ff1d2d712b3b5ad58086f/screenshot - {}
RESULT: {}
COMMAND: POST /session/f418f7bc7d2ff1d2d712b3b5ad58086f/element - {"using":"xpath","value":"//table[contains(@id, \"listView-innerSelectionPanelTable-listUl\")]/tbody/tr[4]/td[2]/div/div"}
RESULT: {}
RESULT: {"using":"xpath","value":"//table[contains(@id, \"listView-innerSelectionPanelTable-listUl\")]/tbody/tr[4]/td[2]/div/div"}
COMMAND: POST /session/f418f7bc7d2ff1d2d712b3b5ad58086f/element - {"using":"xpath","value":"//table[contains(@id, \"listView-innerSelectionPanelTable-listUl\")]/tbody/tr[4]/td[2]/div"}
RESULT: {"using":"xpath","value":"//table[contains(@id, \"listView-innerSelectionPanelTable-listUl\")]/tbody/tr[4]/td[2]/div"}
COMMAND: POST /session/f418f7bc7d2ff1d2d712b3b5ad58086f/element - {"using":"xpath","value":"//table[contains(@id, \"listView-innerSelectionPanelTable-listUl\")]/tbody/tr[4]/td[3]/div/div/span/span[1]/bdi"}
RESULT: {"using":"xpath","value":"//table[contains(@id, \"listView-innerSelectionPanelTable-listUl\")]/tbody/tr[4]/td[3]/div/div/span/span[1]/bdi"}
COMMAND: POST /session/f418f7bc7d2ff1d2d712b3b5ad58086f/execute/sync - {"script":"<script> [56 bytes]","args":[{"element-6066-11e4-a52e-4f735466cecf":"f.72BD6EB346CCC82EDFB0602EE84AC45D.d.857343439B1C17B9C3F32B6062317350.e.6477","ELEMENT":"f.72BD6EB346CCC82EDFB0602EE84AC45D.d.857343439B1C17B9C3F32B6062317350.e.6477"}]}
RESULT: {"script":"<script> [56 bytes]","args":[{"element-6066-11e4-a52e-4f735466cecf":"f.72BD6EB346CCC82EDFB0602EE84AC45D.d.857343439B1C17B9C3F32B6062317350.e.6477","ELEMENT":"f.72BD6EB346CCC82EDFB0602EE84AC45D.d.857343439B1C17B9C3F32B6062317350.e.6477"}]}
COMMAND: GET /session/f418f7bc7d2ff1d2d712b3b5ad58086f/element/f.72BD6EB346CCC82EDFB0602EE84AC45D.d.857343439B1C17B9C3F32B6062317350.e.6476/attribute/aria-checked - {}
COMMAND: GET /session/f418f7bc7d2ff1d2d712b3b5ad58086f/screenshot - {}
RESULT: {}
COMMAND: POST /session/f418f7bc7d2ff1d2d712b3b5ad58086f/element - {"using":"xpath","value":"//table[contains(@id, \"listView-innerSelectionPanelTable-listUl\")]/tbody/tr[5]/td[2]/div/div"}
RESULT: {}
RESULT: {"using":"xpath","value":"//table[contains(@id, \"listView-innerSelectionPanelTable-listUl\")]/tbody/tr[5]/td[2]/div/div"}
COMMAND: POST /session/f418f7bc7d2ff1d2d712b3b5ad58086f/element - {"using":"xpath","value":"//table[contains(@id, \"listView-innerSelectionPanelTable-listUl\")]/tbody/tr[5]/td[2]/div"}
RESULT: {"using":"xpath","value":"//table[contains(@id, \"listView-innerSelectionPanelTable-listUl\")]/tbody/tr[5]/td[2]/div"}
COMMAND: POST /session/f418f7bc7d2ff1d2d712b3b5ad58086f/element - {"using":"xpath","value":"//table[contains(@id, \"listView-innerSelectionPanelTable-listUl\")]/tbody/tr[5]/td[3]/div/div/span/span[1]/bdi"}
RESULT: {"using":"xpath","value":"//table[contains(@id, \"listView-innerSelectionPanelTable-listUl\")]/tbody/tr[5]/td[3]/div/div/span/span[1]/bdi"}
COMMAND: POST /session/f418f7bc7d2ff1d2d712b3b5ad58086f/execute/sync - {"script":"<script> [56 bytes]","args":[{"element-6066-11e4-a52e-4f735466cecf":"f.72BD6EB346CCC82EDFB0602EE84AC45D.d.857343439B1C17B9C3F32B6062317350.e.6480","ELEMENT":"f.72BD6EB346CCC82EDFB0602EE84AC45D.d.857343439B1C17B9C3F32B6062317350.e.6480"}]}
RESULT: {"script":"<script> [56 bytes]","args":[{"element-6066-11e4-a52e-4f735466cecf":"f.72BD6EB346CCC82EDFB0602EE84AC45D.d.857343439B1C17B9C3F32B6062317350.e.6480","ELEMENT":"f.72BD6EB346CCC82EDFB0602EE84AC45D.d.857343439B1C17B9C3F32B6062317350.e.6480"}]}
COMMAND: GET /session/f418f7bc7d2ff1d2d712b3b5ad58086f/element/f.72BD6EB346CCC82EDFB0602EE84AC45D.d.857343439B1C17B9C3F32B6062317350.e.6479/attribute/aria-checked - {}
COMMAND: GET /session/f418f7bc7d2ff1d2d712b3b5ad58086f/screenshot - {}
RESULT: {}
COMMAND: POST /session/f418f7bc7d2ff1d2d712b3b5ad58086f/element - {"using":"xpath","value":"//table[contains(@id, \"listView-innerSelectionPanelTable-listUl\")]/tbody/tr[6]/td[2]/div/div"}
RESULT: {}
RESULT: {"using":"xpath","value":"//table[contains(@id, \"listView-innerSelectionPanelTable-listUl\")]/tbody/tr[6]/td[2]/div/div"}
COMMAND: POST /session/f418f7bc7d2ff1d2d712b3b5ad58086f/element - {"using":"xpath","value":"//table[contains(@id, \"listView-innerSelectionPanelTable-listUl\")]/tbody/tr[6]/td[2]/div"}
RESULT: {"using":"xpath","value":"//table[contains(@id, \"listView-innerSelectionPanelTable-listUl\")]/tbody/tr[6]/td[2]/div"}
COMMAND: POST /session/f418f7bc7d2ff1d2d712b3b5ad58086f/element - {"using":"xpath","value":"//table[contains(@id, \"listView-innerSelectionPanelTable-listUl\")]/tbody/tr[6]/td[3]/div/div/span/span[1]/bdi"}
RESULT: {"using":"xpath","value":"//table[contains(@id, \"listView-innerSelectionPanelTable-listUl\")]/tbody/tr[6]/td[3]/div/div/span/span[1]/bdi"}
COMMAND: POST /session/f418f7bc7d2ff1d2d712b3b5ad58086f/execute/sync - {"script":"<script> [56 bytes]","args":[{"element-6066-11e4-a52e-4f735466cecf":"f.72BD6EB346CCC82EDFB0602EE84AC45D.d.857343439B1C17B9C3F32B6062317350.e.6483","ELEMENT":"f.72BD6EB346CCC82EDFB0602EE84AC45D.d.857343439B1C17B9C3F32B6062317350.e.6483"}]}
RESULT: {"script":"<script> [56 bytes]","args":[{"element-6066-11e4-a52e-4f735466cecf":"f.72BD6EB346CCC82EDFB0602EE84AC45D.d.857343439B1C17B9C3F32B6062317350.e.6483","ELEMENT":"f.72BD6EB346CCC82EDFB0602EE84AC45D.d.857343439B1C17B9C3F32B6062317350.e.6483"}]}
COMMAND: GET /session/f418f7bc7d2ff1d2d712b3b5ad58086f/element/f.72BD6EB346CCC82EDFB0602EE84AC45D.d.857343439B1C17B9C3F32B6062317350.e.6482/attribute/aria-checked - {}
COMMAND: GET /session/f418f7bc7d2ff1d2d712b3b5ad58086f/screenshot - {}
RESULT: {}
COMMAND: POST /session/f418f7bc7d2ff1d2d712b3b5ad58086f/element - {"using":"xpath","value":"//table[contains(@id, \"listView-innerSelectionPanelTable-listUl\")]/tbody/tr[7]/td[2]/div/div"}
RESULT: {}
RESULT: {"using":"xpath","value":"//table[contains(@id, \"listView-innerSelectionPanelTable-listUl\")]/tbody/tr[7]/td[2]/div/div"}
COMMAND: POST /session/f418f7bc7d2ff1d2d712b3b5ad58086f/element - {"using":"xpath","value":"//table[contains(@id, \"listView-innerSelectionPanelTable-listUl\")]/tbody/tr[7]/td[2]/div"}
RESULT: {"using":"xpath","value":"//table[contains(@id, \"listView-innerSelectionPanelTable-listUl\")]/tbody/tr[7]/td[2]/div"}
COMMAND: POST /session/f418f7bc7d2ff1d2d712b3b5ad58086f/element - {"using":"xpath","value":"//table[contains(@id, \"listView-innerSelectionPanelTable-listUl\")]/tbody/tr[7]/td[3]/div/div/span/span[1]/bdi"}
RESULT: {"using":"xpath","value":"//table[contains(@id, \"listView-innerSelectionPanelTable-listUl\")]/tbody/tr[7]/td[3]/div/div/span/span[1]/bdi"}
COMMAND: POST /session/f418f7bc7d2ff1d2d712b3b5ad58086f/execute/sync - {"script":"<script> [56 bytes]","args":[{"element-6066-11e4-a52e-4f735466cecf":"f.72BD6EB346CCC82EDFB0602EE84AC45D.d.857343439B1C17B9C3F32B6062317350.e.6486","ELEMENT":"f.72BD6EB346CCC82EDFB0602EE84AC45D.d.857343439B1C17B9C3F32B6062317350.e.6486"}]}
RESULT: {"script":"<script> [56 bytes]","args":[{"element-6066-11e4-a52e-4f735466cecf":"f.72BD6EB346CCC82EDFB0602EE84AC45D.d.857343439B1C17B9C3F32B6062317350.e.6486","ELEMENT":"f.72BD6EB346CCC82EDFB0602EE84AC45D.d.857343439B1C17B9C3F32B6062317350.e.6486"}]}
COMMAND: GET /session/f418f7bc7d2ff1d2d712b3b5ad58086f/element/f.72BD6EB346CCC82EDFB0602EE84AC45D.d.857343439B1C17B9C3F32B6062317350.e.6485/attribute/aria-checked - {}
COMMAND: GET /session/f418f7bc7d2ff1d2d712b3b5ad58086f/screenshot - {}
RESULT: {}
COMMAND: POST /session/f418f7bc7d2ff1d2d712b3b5ad58086f/element - {"using":"xpath","value":"//table[contains(@id, \"listView-innerSelectionPanelTable-listUl\")]/tbody/tr[8]/td[2]/div/div"}
RESULT: {}
RESULT: {"using":"xpath","value":"//table[contains(@id, \"listView-innerSelectionPanelTable-listUl\")]/tbody/tr[8]/td[2]/div/div"}
COMMAND: POST /session/f418f7bc7d2ff1d2d712b3b5ad58086f/element - {"using":"xpath","value":"//table[contains(@id, \"listView-innerSelectionPanelTable-listUl\")]/tbody/tr[8]/td[2]/div"}
RESULT: {"using":"xpath","value":"//table[contains(@id, \"listView-innerSelectionPanelTable-listUl\")]/tbody/tr[8]/td[2]/div"}
COMMAND: POST /session/f418f7bc7d2ff1d2d712b3b5ad58086f/element - {"using":"xpath","value":"//table[contains(@id, \"listView-innerSelectionPanelTable-listUl\")]/tbody/tr[8]/td[3]/div/div/span/span[1]/bdi"}
RESULT: {"using":"xpath","value":"//table[contains(@id, \"listView-innerSelectionPanelTable-listUl\")]/tbody/tr[8]/td[3]/div/div/span/span[1]/bdi"}
COMMAND: POST /session/f418f7bc7d2ff1d2d712b3b5ad58086f/execute/sync - {"script":"<script> [56 bytes]","args":[{"element-6066-11e4-a52e-4f735466cecf":"f.72BD6EB346CCC82EDFB0602EE84AC45D.d.857343439B1C17B9C3F32B6062317350.e.6489","ELEMENT":"f.72BD6EB346CCC82EDFB0602EE84AC45D.d.857343439B1C17B9C3F32B6062317350.e.6489"}]}
RESULT: {"script":"<script> [56 bytes]","args":[{"element-6066-11e4-a52e-4f735466cecf":"f.72BD6EB346CCC82EDFB0602EE84AC45D.d.857343439B1C17B9C3F32B6062317350.e.6489","ELEMENT":"f.72BD6EB346CCC82EDFB0602EE84AC45D.d.857343439B1C17B9C3F32B6062317350.e.6489"}]}
COMMAND: GET /session/f418f7bc7d2ff1d2d712b3b5ad58086f/element/f.72BD6EB346CCC82EDFB0602EE84AC45D.d.857343439B1C17B9C3F32B6062317350.e.6488/attribute/aria-checked - {}
COMMAND: GET /session/f418f7bc7d2ff1d2d712b3b5ad58086f/screenshot - {}
RESULT: {}
COMMAND: POST /session/f418f7bc7d2ff1d2d712b3b5ad58086f/element - {"using":"xpath","value":"//table[contains(@id, \"listView-innerSelectionPanelTable-listUl\")]/tbody/tr[9]/td[2]/div/div"}
RESULT: {}
RESULT: {"using":"xpath","value":"//table[contains(@id, \"listView-innerSelectionPanelTable-listUl\")]/tbody/tr[9]/td[2]/div/div"}
COMMAND: POST /session/f418f7bc7d2ff1d2d712b3b5ad58086f/element - {"using":"xpath","value":"//table[contains(@id, \"listView-innerSelectionPanelTable-listUl\")]/tbody/tr[9]/td[2]/div"}
RESULT: {"using":"xpath","value":"//table[contains(@id, \"listView-innerSelectionPanelTable-listUl\")]/tbody/tr[9]/td[2]/div"}
COMMAND: POST /session/f418f7bc7d2ff1d2d712b3b5ad58086f/element - {"using":"xpath","value":"//table[contains(@id, \"listView-innerSelectionPanelTable-listUl\")]/tbody/tr[9]/td[3]/div/div/span/span[1]/bdi"}
RESULT: {"using":"xpath","value":"//table[contains(@id, \"listView-innerSelectionPanelTable-listUl\")]/tbody/tr[9]/td[3]/div/div/span/span[1]/bdi"}
COMMAND: POST /session/f418f7bc7d2ff1d2d712b3b5ad58086f/execute/sync - {"script":"<script> [56 bytes]","args":[{"element-6066-11e4-a52e-4f735466cecf":"f.72BD6EB346CCC82EDFB0602EE84AC45D.d.857343439B1C17B9C3F32B6062317350.e.6492","ELEMENT":"f.72BD6EB346CCC82EDFB0602EE84AC45D.d.857343439B1C17B9C3F32B6062317350.e.6492"}]}
RESULT: {"script":"<script> [56 bytes]","args":[{"element-6066-11e4-a52e-4f735466cecf":"f.72BD6EB346CCC82EDFB0602EE84AC45D.d.857343439B1C17B9C3F32B6062317350.e.6492","ELEMENT":"f.72BD6EB346CCC82EDFB0602EE84AC45D.d.857343439B1C17B9C3F32B6062317350.e.6492"}]}
COMMAND: GET /session/f418f7bc7d2ff1d2d712b3b5ad58086f/element/f.72BD6EB346CCC82EDFB0602EE84AC45D.d.857343439B1C17B9C3F32B6062317350.e.6491/attribute/aria-checked - {}
COMMAND: GET /session/f418f7bc7d2ff1d2d712b3b5ad58086f/screenshot - {}
RESULT: {}
COMMAND: POST /session/f418f7bc7d2ff1d2d712b3b5ad58086f/element - {"using":"xpath","value":"//table[contains(@id, \"listView-innerSelectionPanelTable-listUl\")]/tbody/tr[10]/td[2]/div/div"}
RESULT: {}
RESULT: {"using":"xpath","value":"//table[contains(@id, \"listView-innerSelectionPanelTable-listUl\")]/tbody/tr[10]/td[2]/div/div"}
COMMAND: POST /session/f418f7bc7d2ff1d2d712b3b5ad58086f/element - {"using":"xpath","value":"//table[contains(@id, \"listView-innerSelectionPanelTable-listUl\")]/tbody/tr[10]/td[2]/div"}
RESULT: {"using":"xpath","value":"//table[contains(@id, \"listView-innerSelectionPanelTable-listUl\")]/tbody/tr[10]/td[2]/div"}
COMMAND: POST /session/f418f7bc7d2ff1d2d712b3b5ad58086f/element - {"using":"xpath","value":"//table[contains(@id, \"listView-innerSelectionPanelTable-listUl\")]/tbody/tr[10]/td[3]/div/div/span/span[1]/bdi"}
RESULT: {"using":"xpath","value":"//table[contains(@id, \"listView-innerSelectionPanelTable-listUl\")]/tbody/tr[10]/td[3]/div/div/span/span[1]/bdi"}
COMMAND: POST /session/f418f7bc7d2ff1d2d712b3b5ad58086f/execute/sync - {"script":"<script> [56 bytes]","args":[{"element-6066-11e4-a52e-4f735466cecf":"f.72BD6EB346CCC82EDFB0602EE84AC45D.d.857343439B1C17B9C3F32B6062317350.e.6495","ELEMENT":"f.72BD6EB346CCC82EDFB0602EE84AC45D.d.857343439B1C17B9C3F32B6062317350.e.6495"}]}
RESULT: {"script":"<script> [56 bytes]","args":[{"element-6066-11e4-a52e-4f735466cecf":"f.72BD6EB346CCC82EDFB0602EE84AC45D.d.857343439B1C17B9C3F32B6062317350.e.6495","ELEMENT":"f.72BD6EB346CCC82EDFB0602EE84AC45D.d.857343439B1C17B9C3F32B6062317350.e.6495"}]}
COMMAND: GET /session/f418f7bc7d2ff1d2d712b3b5ad58086f/element/f.72BD6EB346CCC82EDFB0602EE84AC45D.d.857343439B1C17B9C3F32B6062317350.e.6494/attribute/aria-checked - {}
COMMAND: GET /session/f418f7bc7d2ff1d2d712b3b5ad58086f/screenshot - {}
RESULT: {}
COMMAND: POST /session/f418f7bc7d2ff1d2d712b3b5ad58086f/element - {"using":"xpath","value":"//table[contains(@id, \"listView-innerSelectionPanelTable-listUl\")]/tbody/tr[11]/td[2]/div/div"}
RESULT: {}
RESULT: {"using":"xpath","value":"//table[contains(@id, \"listView-innerSelectionPanelTable-listUl\")]/tbody/tr[11]/td[2]/div/div"}
COMMAND: POST /session/f418f7bc7d2ff1d2d712b3b5ad58086f/element - {"using":"xpath","value":"//table[contains(@id, \"listView-innerSelectionPanelTable-listUl\")]/tbody/tr[11]/td[2]/div"}
RESULT: {"using":"xpath","value":"//table[contains(@id, \"listView-innerSelectionPanelTable-listUl\")]/tbody/tr[11]/td[2]/div"}
COMMAND: POST /session/f418f7bc7d2ff1d2d712b3b5ad58086f/element - {"using":"xpath","value":"//table[contains(@id, \"listView-innerSelectionPanelTable-listUl\")]/tbody/tr[11]/td[3]/div/div/span/span[1]/bdi"}
RESULT: {"using":"xpath","value":"//table[contains(@id, \"listView-innerSelectionPanelTable-listUl\")]/tbody/tr[11]/td[3]/div/div/span/span[1]/bdi"}
COMMAND: POST /session/f418f7bc7d2ff1d2d712b3b5ad58086f/execute/sync - {"script":"<script> [56 bytes]","args":[{"element-6066-11e4-a52e-4f735466cecf":"f.72BD6EB346CCC82EDFB0602EE84AC45D.d.857343439B1C17B9C3F32B6062317350.e.6498","ELEMENT":"f.72BD6EB346CCC82EDFB0602EE84AC45D.d.857343439B1C17B9C3F32B6062317350.e.6498"}]}
RESULT: {"script":"<script> [56 bytes]","args":[{"element-6066-11e4-a52e-4f735466cecf":"f.72BD6EB346CCC82EDFB0602EE84AC45D.d.857343439B1C17B9C3F32B6062317350.e.6498","ELEMENT":"f.72BD6EB346CCC82EDFB0602EE84AC45D.d.857343439B1C17B9C3F32B6062317350.e.6498"}]}
COMMAND: GET /session/f418f7bc7d2ff1d2d712b3b5ad58086f/element/f.72BD6EB346CCC82EDFB0602EE84AC45D.d.857343439B1C17B9C3F32B6062317350.e.6497/attribute/aria-checked - {}
COMMAND: GET /session/f418f7bc7d2ff1d2d712b3b5ad58086f/screenshot - {}
RESULT: {}
COMMAND: POST /session/f418f7bc7d2ff1d2d712b3b5ad58086f/element - {"using":"xpath","value":"//table[contains(@id, \"listView-innerSelectionPanelTable-listUl\")]/tbody/tr[12]/td[2]/div/div"}
RESULT: {}
RESULT: {"using":"xpath","value":"//table[contains(@id, \"listView-innerSelectionPanelTable-listUl\")]/tbody/tr[12]/td[2]/div/div"}
COMMAND: POST /session/f418f7bc7d2ff1d2d712b3b5ad58086f/element - {"using":"xpath","value":"//table[contains(@id, \"listView-innerSelectionPanelTable-listUl\")]/tbody/tr[12]/td[2]/div"}
RESULT: {"using":"xpath","value":"//table[contains(@id, \"listView-innerSelectionPanelTable-listUl\")]/tbody/tr[12]/td[2]/div"}
COMMAND: POST /session/f418f7bc7d2ff1d2d712b3b5ad58086f/element - {"using":"xpath","value":"//table[contains(@id, \"listView-innerSelectionPanelTable-listUl\")]/tbody/tr[12]/td[3]/div/div/span/span[1]/bdi"}
RESULT: {"using":"xpath","value":"//table[contains(@id, \"listView-innerSelectionPanelTable-listUl\")]/tbody/tr[12]/td[3]/div/div/span/span[1]/bdi"}
COMMAND: POST /session/f418f7bc7d2ff1d2d712b3b5ad58086f/execute/sync - {"script":"<script> [56 bytes]","args":[{"element-6066-11e4-a52e-4f735466cecf":"f.72BD6EB346CCC82EDFB0602EE84AC45D.d.857343439B1C17B9C3F32B6062317350.e.6501","ELEMENT":"f.72BD6EB346CCC82EDFB0602EE84AC45D.d.857343439B1C17B9C3F32B6062317350.e.6501"}]}
RESULT: {"script":"<script> [56 bytes]","args":[{"element-6066-11e4-a52e-4f735466cecf":"f.72BD6EB346CCC82EDFB0602EE84AC45D.d.857343439B1C17B9C3F32B6062317350.e.6501","ELEMENT":"f.72BD6EB346CCC82EDFB0602EE84AC45D.d.857343439B1C17B9C3F32B6062317350.e.6501"}]}
COMMAND: GET /session/f418f7bc7d2ff1d2d712b3b5ad58086f/element/f.72BD6EB346CCC82EDFB0602EE84AC45D.d.857343439B1C17B9C3F32B6062317350.e.6500/attribute/aria-checked - {}
COMMAND: GET /session/f418f7bc7d2ff1d2d712b3b5ad58086f/screenshot - {}
RESULT: {}
COMMAND: POST /session/f418f7bc7d2ff1d2d712b3b5ad58086f/element - {"using":"xpath","value":"//table[contains(@id, \"listView-innerSelectionPanelTable-listUl\")]/tbody/tr[13]/td[2]/div/div"}
RESULT: {}
RESULT: {"using":"xpath","value":"//table[contains(@id, \"listView-innerSelectionPanelTable-listUl\")]/tbody/tr[13]/td[2]/div/div"}
COMMAND: POST /session/f418f7bc7d2ff1d2d712b3b5ad58086f/element - {"using":"xpath","value":"//table[contains(@id, \"listView-innerSelectionPanelTable-listUl\")]/tbody/tr[13]/td[2]/div"}
RESULT: {"using":"xpath","value":"//table[contains(@id, \"listView-innerSelectionPanelTable-listUl\")]/tbody/tr[13]/td[2]/div"}
COMMAND: POST /session/f418f7bc7d2ff1d2d712b3b5ad58086f/element - {"using":"xpath","value":"//table[contains(@id, \"listView-innerSelectionPanelTable-listUl\")]/tbody/tr[13]/td[3]/div/div/span/span[1]/bdi"}
RESULT: {"using":"xpath","value":"//table[contains(@id, \"listView-innerSelectionPanelTable-listUl\")]/tbody/tr[13]/td[3]/div/div/span/span[1]/bdi"}
COMMAND: POST /session/f418f7bc7d2ff1d2d712b3b5ad58086f/execute/sync - {"script":"<script> [56 bytes]","args":[{"element-6066-11e4-a52e-4f735466cecf":"f.72BD6EB346CCC82EDFB0602EE84AC45D.d.857343439B1C17B9C3F32B6062317350.e.6504","ELEMENT":"f.72BD6EB346CCC82EDFB0602EE84AC45D.d.857343439B1C17B9C3F32B6062317350.e.6504"}]}
RESULT: {"script":"<script> [56 bytes]","args":[{"element-6066-11e4-a52e-4f735466cecf":"f.72BD6EB346CCC82EDFB0602EE84AC45D.d.857343439B1C17B9C3F32B6062317350.e.6504","ELEMENT":"f.72BD6EB346CCC82EDFB0602EE84AC45D.d.857343439B1C17B9C3F32B6062317350.e.6504"}]}
COMMAND: GET /session/f418f7bc7d2ff1d2d712b3b5ad58086f/element/f.72BD6EB346CCC82EDFB0602EE84AC45D.d.857343439B1C17B9C3F32B6062317350.e.6503/attribute/aria-checked - {}
COMMAND: GET /session/f418f7bc7d2ff1d2d712b3b5ad58086f/screenshot - {}
RESULT: {}
COMMAND: POST /session/f418f7bc7d2ff1d2d712b3b5ad58086f/element - {"using":"xpath","value":"//table[contains(@id, \"listView-innerSelectionPanelTable-listUl\")]/tbody/tr[14]/td[2]/div/div"}
COMMAND: POST /session/f418f7bc7d2ff1d2d712b3b5ad58086f/element/f.72BD6EB346CCC82EDFB0602EE84AC45D.d.857343439B1C17B9C3F32B6062317350.e.6502/click - {}
RESULT: {}
RESULT: {"using":"xpath","value":"//table[contains(@id, \"listView-innerSelectionPanelTable-listUl\")]/tbody/tr[14]/td[2]/div/div"}
COMMAND: POST /session/f418f7bc7d2ff1d2d712b3b5ad58086f/element - {"using":"xpath","value":"//table[contains(@id, \"listView-innerSelectionPanelTable-listUl\")]/tbody/tr[14]/td[2]/div"}
RESULT: {}
COMMAND: GET /session/f418f7bc7d2ff1d2d712b3b5ad58086f/screenshot - {}
RESULT: {"using":"xpath","value":"//table[contains(@id, \"listView-innerSelectionPanelTable-listUl\")]/tbody/tr[14]/td[2]/div"}
COMMAND: POST /session/f418f7bc7d2ff1d2d712b3b5ad58086f/element - {"using":"xpath","value":"//table[contains(@id, \"listView-innerSelectionPanelTable-listUl\")]/tbody/tr[14]/td[3]/div/div/span/span[1]/bdi"}
RESULT: {}
RESULT: {"using":"xpath","value":"//table[contains(@id, \"listView-innerSelectionPanelTable-listUl\")]/tbody/tr[14]/td[3]/div/div/span/span[1]/bdi"}
COMMAND: POST /session/f418f7bc7d2ff1d2d712b3b5ad58086f/execute/sync - {"script":"<script> [56 bytes]","args":[{"element-6066-11e4-a52e-4f735466cecf":"f.72BD6EB346CCC82EDFB0602EE84AC45D.d.857343439B1C17B9C3F32B6062317350.e.6508","ELEMENT":"f.72BD6EB346CCC82EDFB0602EE84AC45D.d.857343439B1C17B9C3F32B6062317350.e.6508"}]}
RESULT: {"script":"<script> [56 bytes]","args":[{"element-6066-11e4-a52e-4f735466cecf":"f.72BD6EB346CCC82EDFB0602EE84AC45D.d.857343439B1C17B9C3F32B6062317350.e.6508","ELEMENT":"f.72BD6EB346CCC82EDFB0602EE84AC45D.d.857343439B1C17B9C3F32B6062317350.e.6508"}]}
COMMAND: GET /session/f418f7bc7d2ff1d2d712b3b5ad58086f/element/f.72BD6EB346CCC82EDFB0602EE84AC45D.d.857343439B1C17B9C3F32B6062317350.e.6507/attribute/aria-checked - {}
COMMAND: GET /session/f418f7bc7d2ff1d2d712b3b5ad58086f/screenshot - {}
RESULT: {}
COMMAND: POST /session/f418f7bc7d2ff1d2d712b3b5ad58086f/element - {"using":"xpath","value":"//table[contains(@id, \"listView-innerSelectionPanelTable-listUl\")]/tbody/tr[15]/td[2]/div/div"}
RESULT: {}
RESULT: {"using":"xpath","value":"//table[contains(@id, \"listView-innerSelectionPanelTable-listUl\")]/tbody/tr[15]/td[2]/div/div"}
COMMAND: POST /session/f418f7bc7d2ff1d2d712b3b5ad58086f/element - {"using":"xpath","value":"//table[contains(@id, \"listView-innerSelectionPanelTable-listUl\")]/tbody/tr[15]/td[2]/div"}
RESULT: {"using":"xpath","value":"//table[contains(@id, \"listView-innerSelectionPanelTable-listUl\")]/tbody/tr[15]/td[2]/div"}
COMMAND: POST /session/f418f7bc7d2ff1d2d712b3b5ad58086f/element - {"using":"xpath","value":"//table[contains(@id, \"listView-innerSelectionPanelTable-listUl\")]/tbody/tr[15]/td[3]/div/div/span/span[1]/bdi"}
RESULT: {"using":"xpath","value":"//table[contains(@id, \"listView-innerSelectionPanelTable-listUl\")]/tbody/tr[15]/td[3]/div/div/span/span[1]/bdi"}
COMMAND: POST /session/f418f7bc7d2ff1d2d712b3b5ad58086f/execute/sync - {"script":"<script> [56 bytes]","args":[{"element-6066-11e4-a52e-4f735466cecf":"f.72BD6EB346CCC82EDFB0602EE84AC45D.d.857343439B1C17B9C3F32B6062317350.e.6511","ELEMENT":"f.72BD6EB346CCC82EDFB0602EE84AC45D.d.857343439B1C17B9C3F32B6062317350.e.6511"}]}
RESULT: {"script":"<script> [56 bytes]","args":[{"element-6066-11e4-a52e-4f735466cecf":"f.72BD6EB346CCC82EDFB0602EE84AC45D.d.857343439B1C17B9C3F32B6062317350.e.6511","ELEMENT":"f.72BD6EB346CCC82EDFB0602EE84AC45D.d.857343439B1C17B9C3F32B6062317350.e.6511"}]}
COMMAND: GET /session/f418f7bc7d2ff1d2d712b3b5ad58086f/element/f.72BD6EB346CCC82EDFB0602EE84AC45D.d.857343439B1C17B9C3F32B6062317350.e.6510/attribute/aria-checked - {}
COMMAND: GET /session/f418f7bc7d2ff1d2d712b3b5ad58086f/screenshot - {}
RESULT: {}
COMMAND: POST /session/f418f7bc7d2ff1d2d712b3b5ad58086f/element - {"using":"xpath","value":"//table[contains(@id, \"listView-innerSelectionPanelTable-listUl\")]/tbody/tr[16]/td[2]/div/div"}
RESULT: {}
RESULT: {"using":"xpath","value":"//table[contains(@id, \"listView-innerSelectionPanelTable-listUl\")]/tbody/tr[16]/td[2]/div/div"}
COMMAND: POST /session/f418f7bc7d2ff1d2d712b3b5ad58086f/element - {"using":"xpath","value":"//table[contains(@id, \"listView-innerSelectionPanelTable-listUl\")]/tbody/tr[16]/td[2]/div"}
RESULT: {"using":"xpath","value":"//table[contains(@id, \"listView-innerSelectionPanelTable-listUl\")]/tbody/tr[16]/td[2]/div"}
COMMAND: POST /session/f418f7bc7d2ff1d2d712b3b5ad58086f/element - {"using":"xpath","value":"//table[contains(@id, \"listView-innerSelectionPanelTable-listUl\")]/tbody/tr[16]/td[3]/div/div/span/span[1]/bdi"}
RESULT: {"using":"xpath","value":"//table[contains(@id, \"listView-innerSelectionPanelTable-listUl\")]/tbody/tr[16]/td[3]/div/div/span/span[1]/bdi"}
COMMAND: POST /session/f418f7bc7d2ff1d2d712b3b5ad58086f/execute/sync - {"script":"<script> [56 bytes]","args":[{"element-6066-11e4-a52e-4f735466cecf":"f.72BD6EB346CCC82EDFB0602EE84AC45D.d.857343439B1C17B9C3F32B6062317350.e.6514","ELEMENT":"f.72BD6EB346CCC82EDFB0602EE84AC45D.d.857343439B1C17B9C3F32B6062317350.e.6514"}]}
RESULT: {"script":"<script> [56 bytes]","args":[{"element-6066-11e4-a52e-4f735466cecf":"f.72BD6EB346CCC82EDFB0602EE84AC45D.d.857343439B1C17B9C3F32B6062317350.e.6514","ELEMENT":"f.72BD6EB346CCC82EDFB0602EE84AC45D.d.857343439B1C17B9C3F32B6062317350.e.6514"}]}
COMMAND: GET /session/f418f7bc7d2ff1d2d712b3b5ad58086f/element/f.72BD6EB346CCC82EDFB0602EE84AC45D.d.857343439B1C17B9C3F32B6062317350.e.6513/attribute/aria-checked - {}
COMMAND: GET /session/f418f7bc7d2ff1d2d712b3b5ad58086f/screenshot - {}
RESULT: {}
COMMAND: POST /session/f418f7bc7d2ff1d2d712b3b5ad58086f/element - {"using":"xpath","value":"//table[contains(@id, \"listView-innerSelectionPanelTable-listUl\")]/tbody/tr[17]/td[2]/div/div"}
RESULT: {}
RESULT: {"using":"xpath","value":"//table[contains(@id, \"listView-innerSelectionPanelTable-listUl\")]/tbody/tr[17]/td[2]/div/div"}
COMMAND: POST /session/f418f7bc7d2ff1d2d712b3b5ad58086f/element - {"using":"xpath","value":"//table[contains(@id, \"listView-innerSelectionPanelTable-listUl\")]/tbody/tr[17]/td[2]/div"}
RESULT: {"using":"xpath","value":"//table[contains(@id, \"listView-innerSelectionPanelTable-listUl\")]/tbody/tr[17]/td[2]/div"}
COMMAND: POST /session/f418f7bc7d2ff1d2d712b3b5ad58086f/element - {"using":"xpath","value":"//table[contains(@id, \"listView-innerSelectionPanelTable-listUl\")]/tbody/tr[17]/td[3]/div/div/span/span[1]/bdi"}
RESULT: {"using":"xpath","value":"//table[contains(@id, \"listView-innerSelectionPanelTable-listUl\")]/tbody/tr[17]/td[3]/div/div/span/span[1]/bdi"}
COMMAND: POST /session/f418f7bc7d2ff1d2d712b3b5ad58086f/execute/sync - {"script":"<script> [56 bytes]","args":[{"element-6066-11e4-a52e-4f735466cecf":"f.72BD6EB346CCC82EDFB0602EE84AC45D.d.857343439B1C17B9C3F32B6062317350.e.6517","ELEMENT":"f.72BD6EB346CCC82EDFB0602EE84AC45D.d.857343439B1C17B9C3F32B6062317350.e.6517"}]}
RESULT: {"script":"<script> [56 bytes]","args":[{"element-6066-11e4-a52e-4f735466cecf":"f.72BD6EB346CCC82EDFB0602EE84AC45D.d.857343439B1C17B9C3F32B6062317350.e.6517","ELEMENT":"f.72BD6EB346CCC82EDFB0602EE84AC45D.d.857343439B1C17B9C3F32B6062317350.e.6517"}]}
COMMAND: GET /session/f418f7bc7d2ff1d2d712b3b5ad58086f/element/f.72BD6EB346CCC82EDFB0602EE84AC45D.d.857343439B1C17B9C3F32B6062317350.e.6516/attribute/aria-checked - {}
COMMAND: GET /session/f418f7bc7d2ff1d2d712b3b5ad58086f/screenshot - {}
RESULT: {}
COMMAND: POST /session/f418f7bc7d2ff1d2d712b3b5ad58086f/element - {"using":"xpath","value":"//table[contains(@id, \"listView-innerSelectionPanelTable-listUl\")]/tbody/tr[18]/td[2]/div/div"}
RESULT: {}
RESULT: {"using":"xpath","value":"//table[contains(@id, \"listView-innerSelectionPanelTable-listUl\")]/tbody/tr[18]/td[2]/div/div"}
COMMAND: POST /session/f418f7bc7d2ff1d2d712b3b5ad58086f/element - {"using":"xpath","value":"//table[contains(@id, \"listView-innerSelectionPanelTable-listUl\")]/tbody/tr[18]/td[2]/div"}
RESULT: {"using":"xpath","value":"//table[contains(@id, \"listView-innerSelectionPanelTable-listUl\")]/tbody/tr[18]/td[2]/div"}
COMMAND: POST /session/f418f7bc7d2ff1d2d712b3b5ad58086f/element - {"using":"xpath","value":"//table[contains(@id, \"listView-innerSelectionPanelTable-listUl\")]/tbody/tr[18]/td[3]/div/div/span/span[1]/bdi"}
RESULT: {"using":"xpath","value":"//table[contains(@id, \"listView-innerSelectionPanelTable-listUl\")]/tbody/tr[18]/td[3]/div/div/span/span[1]/bdi"}
COMMAND: POST /session/f418f7bc7d2ff1d2d712b3b5ad58086f/execute/sync - {"script":"<script> [56 bytes]","args":[{"element-6066-11e4-a52e-4f735466cecf":"f.72BD6EB346CCC82EDFB0602EE84AC45D.d.857343439B1C17B9C3F32B6062317350.e.6520","ELEMENT":"f.72BD6EB346CCC82EDFB0602EE84AC45D.d.857343439B1C17B9C3F32B6062317350.e.6520"}]}
RESULT: {"script":"<script> [56 bytes]","args":[{"element-6066-11e4-a52e-4f735466cecf":"f.72BD6EB346CCC82EDFB0602EE84AC45D.d.857343439B1C17B9C3F32B6062317350.e.6520","ELEMENT":"f.72BD6EB346CCC82EDFB0602EE84AC45D.d.857343439B1C17B9C3F32B6062317350.e.6520"}]}
COMMAND: GET /session/f418f7bc7d2ff1d2d712b3b5ad58086f/element/f.72BD6EB346CCC82EDFB0602EE84AC45D.d.857343439B1C17B9C3F32B6062317350.e.6519/attribute/aria-checked - {}
COMMAND: GET /session/f418f7bc7d2ff1d2d712b3b5ad58086f/screenshot - {}
RESULT: {}
COMMAND: POST /session/f418f7bc7d2ff1d2d712b3b5ad58086f/element - {"using":"xpath","value":"//table[contains(@id, \"listView-innerSelectionPanelTable-listUl\")]/tbody/tr[19]/td[2]/div/div"}
RESULT: {}
RESULT: {"using":"xpath","value":"//table[contains(@id, \"listView-innerSelectionPanelTable-listUl\")]/tbody/tr[19]/td[2]/div/div"}
COMMAND: POST /session/f418f7bc7d2ff1d2d712b3b5ad58086f/element - {"using":"xpath","value":"//table[contains(@id, \"listView-innerSelectionPanelTable-listUl\")]/tbody/tr[19]/td[2]/div"}
RESULT: {"using":"xpath","value":"//table[contains(@id, \"listView-innerSelectionPanelTable-listUl\")]/tbody/tr[19]/td[2]/div"}
COMMAND: POST /session/f418f7bc7d2ff1d2d712b3b5ad58086f/element - {"using":"xpath","value":"//table[contains(@id, \"listView-innerSelectionPanelTable-listUl\")]/tbody/tr[19]/td[3]/div/div/span/span[1]/bdi"}
RESULT: {"using":"xpath","value":"//table[contains(@id, \"listView-innerSelectionPanelTable-listUl\")]/tbody/tr[19]/td[3]/div/div/span/span[1]/bdi"}
COMMAND: POST /session/f418f7bc7d2ff1d2d712b3b5ad58086f/execute/sync - {"script":"<script> [56 bytes]","args":[{"element-6066-11e4-a52e-4f735466cecf":"f.72BD6EB346CCC82EDFB0602EE84AC45D.d.857343439B1C17B9C3F32B6062317350.e.6523","ELEMENT":"f.72BD6EB346CCC82EDFB0602EE84AC45D.d.857343439B1C17B9C3F32B6062317350.e.6523"}]}
RESULT: {"script":"<script> [56 bytes]","args":[{"element-6066-11e4-a52e-4f735466cecf":"f.72BD6EB346CCC82EDFB0602EE84AC45D.d.857343439B1C17B9C3F32B6062317350.e.6523","ELEMENT":"f.72BD6EB346CCC82EDFB0602EE84AC45D.d.857343439B1C17B9C3F32B6062317350.e.6523"}]}
COMMAND: GET /session/f418f7bc7d2ff1d2d712b3b5ad58086f/element/f.72BD6EB346CCC82EDFB0602EE84AC45D.d.857343439B1C17B9C3F32B6062317350.e.6522/attribute/aria-checked - {}
COMMAND: GET /session/f418f7bc7d2ff1d2d712b3b5ad58086f/screenshot - {}
RESULT: {}
COMMAND: POST /session/f418f7bc7d2ff1d2d712b3b5ad58086f/element - {"using":"xpath","value":"//table[contains(@id, \"listView-innerSelectionPanelTable-listUl\")]/tbody/tr[20]/td[2]/div/div"}
RESULT: {}
RESULT: {"using":"xpath","value":"//table[contains(@id, \"listView-innerSelectionPanelTable-listUl\")]/tbody/tr[20]/td[2]/div/div"}
COMMAND: POST /session/f418f7bc7d2ff1d2d712b3b5ad58086f/element - {"using":"xpath","value":"//table[contains(@id, \"listView-innerSelectionPanelTable-listUl\")]/tbody/tr[20]/td[2]/div"}
RESULT: {"using":"xpath","value":"//table[contains(@id, \"listView-innerSelectionPanelTable-listUl\")]/tbody/tr[20]/td[2]/div"}
COMMAND: POST /session/f418f7bc7d2ff1d2d712b3b5ad58086f/element - {"using":"xpath","value":"//table[contains(@id, \"listView-innerSelectionPanelTable-listUl\")]/tbody/tr[20]/td[3]/div/div/span/span[1]/bdi"}
RESULT: {"using":"xpath","value":"//table[contains(@id, \"listView-innerSelectionPanelTable-listUl\")]/tbody/tr[20]/td[3]/div/div/span/span[1]/bdi"}
COMMAND: POST /session/f418f7bc7d2ff1d2d712b3b5ad58086f/execute/sync - {"script":"<script> [56 bytes]","args":[{"element-6066-11e4-a52e-4f735466cecf":"f.72BD6EB346CCC82EDFB0602EE84AC45D.d.857343439B1C17B9C3F32B6062317350.e.6526","ELEMENT":"f.72BD6EB346CCC82EDFB0602EE84AC45D.d.857343439B1C17B9C3F32B6062317350.e.6526"}]}
RESULT: {"script":"<script> [56 bytes]","args":[{"element-6066-11e4-a52e-4f735466cecf":"f.72BD6EB346CCC82EDFB0602EE84AC45D.d.857343439B1C17B9C3F32B6062317350.e.6526","ELEMENT":"f.72BD6EB346CCC82EDFB0602EE84AC45D.d.857343439B1C17B9C3F32B6062317350.e.6526"}]}
COMMAND: GET /session/f418f7bc7d2ff1d2d712b3b5ad58086f/element/f.72BD6EB346CCC82EDFB0602EE84AC45D.d.857343439B1C17B9C3F32B6062317350.e.6525/attribute/aria-checked - {}
COMMAND: GET /session/f418f7bc7d2ff1d2d712b3b5ad58086f/screenshot - {}
RESULT: {}
COMMAND: POST /session/f418f7bc7d2ff1d2d712b3b5ad58086f/element - {"using":"xpath","value":"//table[contains(@id, \"listView-innerSelectionPanelTable-listUl\")]/tbody/tr[21]/td[2]/div/div"}
RESULT: {}
RESULT: {"using":"xpath","value":"//table[contains(@id, \"listView-innerSelectionPanelTable-listUl\")]/tbody/tr[21]/td[2]/div/div"}
COMMAND: POST /session/f418f7bc7d2ff1d2d712b3b5ad58086f/element - {"using":"xpath","value":"//table[contains(@id, \"listView-innerSelectionPanelTable-listUl\")]/tbody/tr[21]/td[2]/div"}
RESULT: {"using":"xpath","value":"//table[contains(@id, \"listView-innerSelectionPanelTable-listUl\")]/tbody/tr[21]/td[2]/div"}
COMMAND: POST /session/f418f7bc7d2ff1d2d712b3b5ad58086f/element - {"using":"xpath","value":"//table[contains(@id, \"listView-innerSelectionPanelTable-listUl\")]/tbody/tr[21]/td[3]/div/div/span/span[1]/bdi"}
RESULT: {"using":"xpath","value":"//table[contains(@id, \"listView-innerSelectionPanelTable-listUl\")]/tbody/tr[21]/td[3]/div/div/span/span[1]/bdi"}
COMMAND: POST /session/f418f7bc7d2ff1d2d712b3b5ad58086f/execute/sync - {"script":"<script> [56 bytes]","args":[{"element-6066-11e4-a52e-4f735466cecf":"f.72BD6EB346CCC82EDFB0602EE84AC45D.d.857343439B1C17B9C3F32B6062317350.e.6529","ELEMENT":"f.72BD6EB346CCC82EDFB0602EE84AC45D.d.857343439B1C17B9C3F32B6062317350.e.6529"}]}
RESULT: {"script":"<script> [56 bytes]","args":[{"element-6066-11e4-a52e-4f735466cecf":"f.72BD6EB346CCC82EDFB0602EE84AC45D.d.857343439B1C17B9C3F32B6062317350.e.6529","ELEMENT":"f.72BD6EB346CCC82EDFB0602EE84AC45D.d.857343439B1C17B9C3F32B6062317350.e.6529"}]}
COMMAND: GET /session/f418f7bc7d2ff1d2d712b3b5ad58086f/element/f.72BD6EB346CCC82EDFB0602EE84AC45D.d.857343439B1C17B9C3F32B6062317350.e.6528/attribute/aria-checked - {}
COMMAND: GET /session/f418f7bc7d2ff1d2d712b3b5ad58086f/screenshot - {}
RESULT: {}
COMMAND: POST /session/f418f7bc7d2ff1d2d712b3b5ad58086f/element - {"using":"xpath","value":"//table[contains(@id, \"listView-innerSelectionPanelTable-listUl\")]/tbody/tr[22]/td[2]/div/div"}
RESULT: {}
RESULT: {"using":"xpath","value":"//table[contains(@id, \"listView-innerSelectionPanelTable-listUl\")]/tbody/tr[22]/td[2]/div/div"}
COMMAND: POST /session/f418f7bc7d2ff1d2d712b3b5ad58086f/element - {"using":"xpath","value":"//table[contains(@id, \"listView-innerSelectionPanelTable-listUl\")]/tbody/tr[22]/td[2]/div"}
RESULT: {"using":"xpath","value":"//table[contains(@id, \"listView-innerSelectionPanelTable-listUl\")]/tbody/tr[22]/td[2]/div"}
COMMAND: POST /session/f418f7bc7d2ff1d2d712b3b5ad58086f/element - {"using":"xpath","value":"//table[contains(@id, \"listView-innerSelectionPanelTable-listUl\")]/tbody/tr[22]/td[3]/div/div/span/span[1]/bdi"}
RESULT: {"using":"xpath","value":"//table[contains(@id, \"listView-innerSelectionPanelTable-listUl\")]/tbody/tr[22]/td[3]/div/div/span/span[1]/bdi"}
COMMAND: POST /session/f418f7bc7d2ff1d2d712b3b5ad58086f/execute/sync - {"script":"<script> [56 bytes]","args":[{"element-6066-11e4-a52e-4f735466cecf":"f.72BD6EB346CCC82EDFB0602EE84AC45D.d.857343439B1C17B9C3F32B6062317350.e.6532","ELEMENT":"f.72BD6EB346CCC82EDFB0602EE84AC45D.d.857343439B1C17B9C3F32B6062317350.e.6532"}]}
RESULT: {"script":"<script> [56 bytes]","args":[{"element-6066-11e4-a52e-4f735466cecf":"f.72BD6EB346CCC82EDFB0602EE84AC45D.d.857343439B1C17B9C3F32B6062317350.e.6532","ELEMENT":"f.72BD6EB346CCC82EDFB0602EE84AC45D.d.857343439B1C17B9C3F32B6062317350.e.6532"}]}
COMMAND: GET /session/f418f7bc7d2ff1d2d712b3b5ad58086f/element/f.72BD6EB346CCC82EDFB0602EE84AC45D.d.857343439B1C17B9C3F32B6062317350.e.6531/attribute/aria-checked - {}
COMMAND: GET /session/f418f7bc7d2ff1d2d712b3b5ad58086f/screenshot - {}
RESULT: {}
COMMAND: POST /session/f418f7bc7d2ff1d2d712b3b5ad58086f/element - {"using":"xpath","value":"//table[contains(@id, \"listView-innerSelectionPanelTable-listUl\")]/tbody/tr[23]/td[2]/div/div"}
RESULT: {}
RESULT: {"using":"xpath","value":"//table[contains(@id, \"listView-innerSelectionPanelTable-listUl\")]/tbody/tr[23]/td[2]/div/div"}
COMMAND: POST /session/f418f7bc7d2ff1d2d712b3b5ad58086f/element - {"using":"xpath","value":"//table[contains(@id, \"listView-innerSelectionPanelTable-listUl\")]/tbody/tr[23]/td[2]/div"}
RESULT: {"using":"xpath","value":"//table[contains(@id, \"listView-innerSelectionPanelTable-listUl\")]/tbody/tr[23]/td[2]/div"}
COMMAND: POST /session/f418f7bc7d2ff1d2d712b3b5ad58086f/element - {"using":"xpath","value":"//table[contains(@id, \"listView-innerSelectionPanelTable-listUl\")]/tbody/tr[23]/td[3]/div/div/span/span[1]/bdi"}
RESULT: {"using":"xpath","value":"//table[contains(@id, \"listView-innerSelectionPanelTable-listUl\")]/tbody/tr[23]/td[3]/div/div/span/span[1]/bdi"}
COMMAND: POST /session/f418f7bc7d2ff1d2d712b3b5ad58086f/execute/sync - {"script":"<script> [56 bytes]","args":[{"element-6066-11e4-a52e-4f735466cecf":"f.72BD6EB346CCC82EDFB0602EE84AC45D.d.857343439B1C17B9C3F32B6062317350.e.6535","ELEMENT":"f.72BD6EB346CCC82EDFB0602EE84AC45D.d.857343439B1C17B9C3F32B6062317350.e.6535"}]}
RESULT: {"script":"<script> [56 bytes]","args":[{"element-6066-11e4-a52e-4f735466cecf":"f.72BD6EB346CCC82EDFB0602EE84AC45D.d.857343439B1C17B9C3F32B6062317350.e.6535","ELEMENT":"f.72BD6EB346CCC82EDFB0602EE84AC45D.d.857343439B1C17B9C3F32B6062317350.e.6535"}]}
COMMAND: GET /session/f418f7bc7d2ff1d2d712b3b5ad58086f/element/f.72BD6EB346CCC82EDFB0602EE84AC45D.d.857343439B1C17B9C3F32B6062317350.e.6534/attribute/aria-checked - {}
COMMAND: GET /session/f418f7bc7d2ff1d2d712b3b5ad58086f/screenshot - {}
RESULT: {}
COMMAND: POST /session/f418f7bc7d2ff1d2d712b3b5ad58086f/element - {"using":"xpath","value":"//table[contains(@id, \"listView-innerSelectionPanelTable-listUl\")]/tbody/tr[24]/td[2]/div/div"}
RESULT: {}
RESULT: {"using":"xpath","value":"//table[contains(@id, \"listView-innerSelectionPanelTable-listUl\")]/tbody/tr[24]/td[2]/div/div"}
COMMAND: POST /session/f418f7bc7d2ff1d2d712b3b5ad58086f/element - {"using":"xpath","value":"//table[contains(@id, \"listView-innerSelectionPanelTable-listUl\")]/tbody/tr[24]/td[2]/div"}
RESULT: {"using":"xpath","value":"//table[contains(@id, \"listView-innerSelectionPanelTable-listUl\")]/tbody/tr[24]/td[2]/div"}
COMMAND: POST /session/f418f7bc7d2ff1d2d712b3b5ad58086f/element - {"using":"xpath","value":"//table[contains(@id, \"listView-innerSelectionPanelTable-listUl\")]/tbody/tr[24]/td[3]/div/div/span/span[1]/bdi"}
RESULT: {"using":"xpath","value":"//table[contains(@id, \"listView-innerSelectionPanelTable-listUl\")]/tbody/tr[24]/td[3]/div/div/span/span[1]/bdi"}
COMMAND: POST /session/f418f7bc7d2ff1d2d712b3b5ad58086f/execute/sync - {"script":"<script> [56 bytes]","args":[{"element-6066-11e4-a52e-4f735466cecf":"f.72BD6EB346CCC82EDFB0602EE84AC45D.d.857343439B1C17B9C3F32B6062317350.e.6538","ELEMENT":"f.72BD6EB346CCC82EDFB0602EE84AC45D.d.857343439B1C17B9C3F32B6062317350.e.6538"}]}
RESULT: {"script":"<script> [56 bytes]","args":[{"element-6066-11e4-a52e-4f735466cecf":"f.72BD6EB346CCC82EDFB0602EE84AC45D.d.857343439B1C17B9C3F32B6062317350.e.6538","ELEMENT":"f.72BD6EB346CCC82EDFB0602EE84AC45D.d.857343439B1C17B9C3F32B6062317350.e.6538"}]}
COMMAND: GET /session/f418f7bc7d2ff1d2d712b3b5ad58086f/element/f.72BD6EB346CCC82EDFB0602EE84AC45D.d.857343439B1C17B9C3F32B6062317350.e.6537/attribute/aria-checked - {}
COMMAND: GET /session/f418f7bc7d2ff1d2d712b3b5ad58086f/screenshot - {}
RESULT: {}
COMMAND: POST /session/f418f7bc7d2ff1d2d712b3b5ad58086f/element - {"using":"xpath","value":"//table[contains(@id, \"listView-innerSelectionPanelTable-listUl\")]/tbody/tr[25]/td[2]/div/div"}
RESULT: {}
RESULT: {"using":"xpath","value":"//table[contains(@id, \"listView-innerSelectionPanelTable-listUl\")]/tbody/tr[25]/td[2]/div/div"}
COMMAND: POST /session/f418f7bc7d2ff1d2d712b3b5ad58086f/element - {"using":"xpath","value":"//table[contains(@id, \"listView-innerSelectionPanelTable-listUl\")]/tbody/tr[25]/td[2]/div"}
RESULT: {"using":"xpath","value":"//table[contains(@id, \"listView-innerSelectionPanelTable-listUl\")]/tbody/tr[25]/td[2]/div"}
COMMAND: POST /session/f418f7bc7d2ff1d2d712b3b5ad58086f/element - {"using":"xpath","value":"//table[contains(@id, \"listView-innerSelectionPanelTable-listUl\")]/tbody/tr[25]/td[3]/div/div/span/span[1]/bdi"}
RESULT: {"using":"xpath","value":"//table[contains(@id, \"listView-innerSelectionPanelTable-listUl\")]/tbody/tr[25]/td[3]/div/div/span/span[1]/bdi"}
COMMAND: POST /session/f418f7bc7d2ff1d2d712b3b5ad58086f/execute/sync - {"script":"<script> [56 bytes]","args":[{"element-6066-11e4-a52e-4f735466cecf":"f.72BD6EB346CCC82EDFB0602EE84AC45D.d.857343439B1C17B9C3F32B6062317350.e.6541","ELEMENT":"f.72BD6EB346CCC82EDFB0602EE84AC45D.d.857343439B1C17B9C3F32B6062317350.e.6541"}]}
RESULT: {"script":"<script> [56 bytes]","args":[{"element-6066-11e4-a52e-4f735466cecf":"f.72BD6EB346CCC82EDFB0602EE84AC45D.d.857343439B1C17B9C3F32B6062317350.e.6541","ELEMENT":"f.72BD6EB346CCC82EDFB0602EE84AC45D.d.857343439B1C17B9C3F32B6062317350.e.6541"}]}
COMMAND: GET /session/f418f7bc7d2ff1d2d712b3b5ad58086f/element/f.72BD6EB346CCC82EDFB0602EE84AC45D.d.857343439B1C17B9C3F32B6062317350.e.6540/attribute/aria-checked - {}
COMMAND: GET /session/f418f7bc7d2ff1d2d712b3b5ad58086f/screenshot - {}
RESULT: {}
COMMAND: POST /session/f418f7bc7d2ff1d2d712b3b5ad58086f/element - {"using":"xpath","value":"//bdi[contains(text(), \"OK\")]"}
RESULT: {}
RESULT: {"using":"xpath","value":"//bdi[contains(text(), \"OK\")]"}
COMMAND: POST /session/f418f7bc7d2ff1d2d712b3b5ad58086f/element/f.72BD6EB346CCC82EDFB0602EE84AC45D.d.857343439B1C17B9C3F32B6062317350.e.6542/click - {}
RESULT: {}
COMMAND: GET /session/f418f7bc7d2ff1d2d712b3b5ad58086f/screenshot - {}
RESULT: {}
COMMAND: POST /session/f418f7bc7d2ff1d2d712b3b5ad58086f/execute/async - {"script":"<script> [1562 bytes]","args":[{"selector":{"id":"application-managepartners-display-component---masterPtm--smartFilterBar-filterItemControlA_-LINK_TO_ADDRESSES_MAIN.CITY1-vhi"},"wdio_ui5_key":"applicationmanagepartners-display-component---masterPtm--smartFilterBar-filterItemControlA_-LINK_TO_ADDRESSES_MAIN.CITY1-vhi"}]}
RESULT: {"script":"<script> [1562 bytes]","args":[{"selector":{"id":"application-managepartners-display-component---masterPtm--smartFilterBar-filterItemControlA_-LINK_TO_ADDRESSES_MAIN.CITY1-vhi"},"wdio_ui5_key":"applicationmanagepartners-display-component---masterPtm--smartFilterBar-filterItemControlA_-LINK_TO_ADDRESSES_MAIN.CITY1-vhi"}]}
RESULT: undefined
COMMAND: POST /session/f418f7bc7d2ff1d2d712b3b5ad58086f/element - {"using":"xpath","value":"//*[@id=\"application-managepartners-display-component---masterPtm--smartFilterBar-filterItemControlA_-LINK_TO_ADDRESSES_MAIN.CITY1-vhi\"]"}
RESULT: {"using":"xpath","value":"//*[@id=\"application-managepartners-display-component---masterPtm--smartFilterBar-filterItemControlA_-LINK_TO_ADDRESSES_MAIN.CITY1-vhi\"]"}
COMMAND: POST /session/f418f7bc7d2ff1d2d712b3b5ad58086f/element/f.72BD6EB346CCC82EDFB0602EE84AC45D.d.857343439B1C17B9C3F32B6062317350.e.6556/click - {}
RESULT: {}
COMMAND: GET /session/f418f7bc7d2ff1d2d712b3b5ad58086f/screenshot - {}
RESULT: {}
COMMAND: POST /session/f418f7bc7d2ff1d2d712b3b5ad58086f/execute/async - {"script":"<script> [1562 bytes]","args":[{"selector":{"controlType":"sap.m.Input","viewName":"etm.portal.ui.managepartners.view.Master","viewId":"application-managepartners-display-component---masterPtm","properties":{"valueState":"None"},"searchOpenDialogs":true,"interaction":{"idSuffix":"inner"}},"wdio_ui5_key":"etmportal.ui.managepartners.view.Mastersap.m.Input{\"valueState\":\"None\"}"}]}
RESULT: {"script":"<script> [1562 bytes]","args":[{"selector":{"controlType":"sap.m.Input","viewName":"etm.portal.ui.managepartners.view.Master","viewId":"application-managepartners-display-component---masterPtm","properties":{"valueState":"None"},"searchOpenDialogs":true,"interaction":{"idSuffix":"inner"}},"wdio_ui5_key":"etmportal.ui.managepartners.view.Mastersap.m.Input{\"valueState\":\"None\"}"}]}
RESULT: undefined
COMMAND: POST /session/f418f7bc7d2ff1d2d712b3b5ad58086f/execute/async - {"script":"<script> [776 bytes]","args":[{"enterText":"Bangalore","selector":{"controlType":"sap.m.Input","viewName":"etm.portal.ui.managepartners.view.Master","viewId":"application-managepartners-display-component---masterPtm","properties":{"valueState":"None"},"searchOpenDialogs":true,"interaction":{"idSuffix":"inner"}},"clearTextFirst":true,"interactionType":"ENTER_TEXT"}]}
RESULT: {"script":"<script> [776 bytes]","args":[{"enterText":"Bangalore","selector":{"controlType":"sap.m.Input","viewName":"etm.portal.ui.managepartners.view.Master","viewId":"application-managepartners-display-component---masterPtm","properties":{"valueState":"None"},"searchOpenDialogs":true,"interaction":{"idSuffix":"inner"}},"clearTextFirst":true,"interactionType":"ENTER_TEXT"}]}
COMMAND: POST /session/f418f7bc7d2ff1d2d712b3b5ad58086f/actions - {"actions":[{"id":"action21","type":"key","parameters":{},"actions":[{"type":"keyDown","value":"î€‡"},{"type":"pause","duration":10},{"type":"keyUp","value":"î€‡"}]}]}
RESULT: {"actions":[{"id":"action21","type":"key","parameters":{},"actions":[{"type":"keyDown","value":"î€‡"},{"type":"pause","duration":10},{"type":"keyUp","value":"î€‡"}]}]}
COMMAND: GET /session/f418f7bc7d2ff1d2d712b3b5ad58086f/screenshot - {}
RESULT: {}
COMMAND: POST /session/f418f7bc7d2ff1d2d712b3b5ad58086f/element - {"using":"xpath","value":"(//bdi[contains(text(), \"OK\")])[1]"}
RESULT: {"using":"xpath","value":"(//bdi[contains(text(), \"OK\")])[1]"}
COMMAND: POST /session/f418f7bc7d2ff1d2d712b3b5ad58086f/element/f.72BD6EB346CCC82EDFB0602EE84AC45D.d.857343439B1C17B9C3F32B6062317350.e.6562/click - {}
RESULT: {}
COMMAND: GET /session/f418f7bc7d2ff1d2d712b3b5ad58086f/screenshot - {}
RESULT: {}
COMMAND: POST /session/f418f7bc7d2ff1d2d712b3b5ad58086f/element - {"using":"xpath","value":"//span[@id=\"application-managepartners-display-component---masterPtm--smartTable-header-inner\"]"}
RESULT: {"using":"xpath","value":"//span[@id=\"application-managepartners-display-component---masterPtm--smartTable-header-inner\"]"}
COMMAND: POST /session/f418f7bc7d2ff1d2d712b3b5ad58086f/elements - {"using":"xpath","value":"//span[@id=\"application-managepartners-display-component---masterPtm--smartTable-header-inner\"]"}
RESULT: {"using":"xpath","value":"//span[@id=\"application-managepartners-display-component---masterPtm--smartTable-header-inner\"]"}
COMMAND: POST /session/f418f7bc7d2ff1d2d712b3b5ad58086f/execute/sync - {"script":"<script> [56 bytes]","args":[{"element-6066-11e4-a52e-4f735466cecf":"f.72BD6EB346CCC82EDFB0602EE84AC45D.d.857343439B1C17B9C3F32B6062317350.e.5771","ELEMENT":"f.72BD6EB346CCC82EDFB0602EE84AC45D.d.857343439B1C17B9C3F32B6062317350.e.5771"}]}
RESULT: {"script":"<script> [56 bytes]","args":[{"element-6066-11e4-a52e-4f735466cecf":"f.72BD6EB346CCC82EDFB0602EE84AC45D.d.857343439B1C17B9C3F32B6062317350.e.5771","ELEMENT":"f.72BD6EB346CCC82EDFB0602EE84AC45D.d.857343439B1C17B9C3F32B6062317350.e.5771"}]}
COMMAND: POST /session/f418f7bc7d2ff1d2d712b3b5ad58086f/element - {"using":"xpath","value":"//span[contains(@title, \"Remove\")]"}
COMMAND: GET /session/f418f7bc7d2ff1d2d712b3b5ad58086f/screenshot - {}
RESULT: {"using":"xpath","value":"//span[contains(@title, \"Remove\")]"}
COMMAND: POST /session/f418f7bc7d2ff1d2d712b3b5ad58086f/element/f.72BD6EB346CCC82EDFB0602EE84AC45D.d.857343439B1C17B9C3F32B6062317350.e.6612/click - {}
RESULT: {}
RESULT: {}
COMMAND: GET /session/f418f7bc7d2ff1d2d712b3b5ad58086f/screenshot - {}
RESULT: {}
COMMAND: POST /session/f418f7bc7d2ff1d2d712b3b5ad58086f/element - {"using":"xpath","value":"//span[@id=\"application-managepartners-display-component---masterPtm--smartTable-header-inner\"]"}
RESULT: {"using":"xpath","value":"//span[@id=\"application-managepartners-display-component---masterPtm--smartTable-header-inner\"]"}
COMMAND: POST /session/f418f7bc7d2ff1d2d712b3b5ad58086f/elements - {"using":"xpath","value":"//span[@id=\"application-managepartners-display-component---masterPtm--smartTable-header-inner\"]"}
RESULT: {"using":"xpath","value":"//span[@id=\"application-managepartners-display-component---masterPtm--smartTable-header-inner\"]"}
COMMAND: POST /session/f418f7bc7d2ff1d2d712b3b5ad58086f/execute/sync - {"script":"<script> [56 bytes]","args":[{"element-6066-11e4-a52e-4f735466cecf":"f.72BD6EB346CCC82EDFB0602EE84AC45D.d.857343439B1C17B9C3F32B6062317350.e.5771","ELEMENT":"f.72BD6EB346CCC82EDFB0602EE84AC45D.d.857343439B1C17B9C3F32B6062317350.e.5771"}]}
RESULT: {"script":"<script> [56 bytes]","args":[{"element-6066-11e4-a52e-4f735466cecf":"f.72BD6EB346CCC82EDFB0602EE84AC45D.d.857343439B1C17B9C3F32B6062317350.e.5771","ELEMENT":"f.72BD6EB346CCC82EDFB0602EE84AC45D.d.857343439B1C17B9C3F32B6062317350.e.5771"}]}
COMMAND: POST /session/f418f7bc7d2ff1d2d712b3b5ad58086f/element - {"using":"css selector","value":"#shell-header-logo"}
COMMAND: GET /session/f418f7bc7d2ff1d2d712b3b5ad58086f/screenshot - {}
RESULT: {"using":"css selector","value":"#shell-header-logo"}
COMMAND: POST /session/f418f7bc7d2ff1d2d712b3b5ad58086f/element/f.72BD6EB346CCC82EDFB0602EE84AC45D.d.857343439B1C17B9C3F32B6062317350.e.5605/click - {}
RESULT: {}
RESULT: {}
COMMAND: GET /session/f418f7bc7d2ff1d2d712b3b5ad58086f/screenshot - {}
RESULT: {}
]]></system-out>
    </testcase>
    <testcase classname="chrome.135_0_7049_96.windows.Partner_specific_tests_US150819_US151080_US151654_US151176_US103444_US151078_US151079_US151109_US151174_US151175_US151189" name="Should try to save empty partner US151174" time="41.672">
      <system-out><![CDATA[
COMMAND: POST /session/f418f7bc7d2ff1d2d712b3b5ad58086f/element - {"using":"xpath","value":"//li[.//span[text()=\"Manage Partners\"]]"}
RESULT: {"using":"xpath","value":"//li[.//span[text()=\"Manage Partners\"]]"}
COMMAND: POST /session/f418f7bc7d2ff1d2d712b3b5ad58086f/element - {"using":"xpath","value":"//li[.//span[text()=\"Manage Partners\"]]"}
RESULT: {"using":"xpath","value":"//li[.//span[text()=\"Manage Partners\"]]"}
COMMAND: POST /session/f418f7bc7d2ff1d2d712b3b5ad58086f/element - {"using":"css selector","value":"#shell-header-logo"}
RESULT: {"using":"css selector","value":"#shell-header-logo"}
COMMAND: POST /session/f418f7bc7d2ff1d2d712b3b5ad58086f/element/f.72BD6EB346CCC82EDFB0602EE84AC45D.d.857343439B1C17B9C3F32B6062317350.e.6710/click - {}
COMMAND: POST /session/f418f7bc7d2ff1d2d712b3b5ad58086f/execute/sync - {"script":"<script> [8489 bytes]","args":[{"element-6066-11e4-a52e-4f735466cecf":"f.72BD6EB346CCC82EDFB0602EE84AC45D.d.857343439B1C17B9C3F32B6062317350.e.6710","ELEMENT":"f.72BD6EB346CCC82EDFB0602EE84AC45D.d.857343439B1C17B9C3F32B6062317350.e.6710"}]}
RESULT: {"script":"<script> [8489 bytes]","args":[{"element-6066-11e4-a52e-4f735466cecf":"f.72BD6EB346CCC82EDFB0602EE84AC45D.d.857343439B1C17B9C3F32B6062317350.e.6710","ELEMENT":"f.72BD6EB346CCC82EDFB0602EE84AC45D.d.857343439B1C17B9C3F32B6062317350.e.6710"}]}
COMMAND: POST /session/f418f7bc7d2ff1d2d712b3b5ad58086f/execute/sync - {"script":"<script> [5351 bytes]","args":[{"element-6066-11e4-a52e-4f735466cecf":"f.72BD6EB346CCC82EDFB0602EE84AC45D.d.857343439B1C17B9C3F32B6062317350.e.6710","ELEMENT":"f.72BD6EB346CCC82EDFB0602EE84AC45D.d.857343439B1C17B9C3F32B6062317350.e.6710"}]}
COMMAND: GET /session/f418f7bc7d2ff1d2d712b3b5ad58086f/screenshot - {}
RESULT: {}
COMMAND: GET /session/f418f7bc7d2ff1d2d712b3b5ad58086f/screenshot - {}
RESULT: {"script":"<script> [5351 bytes]","args":[{"element-6066-11e4-a52e-4f735466cecf":"f.72BD6EB346CCC82EDFB0602EE84AC45D.d.857343439B1C17B9C3F32B6062317350.e.6710","ELEMENT":"f.72BD6EB346CCC82EDFB0602EE84AC45D.d.857343439B1C17B9C3F32B6062317350.e.6710"}]}
COMMAND: GET /session/f418f7bc7d2ff1d2d712b3b5ad58086f/screenshot - {}
RESULT: {}
RESULT: {}
RESULT: {}
RESULT: undefined
COMMAND: POST /session/f418f7bc7d2ff1d2d712b3b5ad58086f/element - {"using":"xpath","value":"//*[@id=\"__tile30\"]"}
RESULT: {"using":"xpath","value":"//*[@id=\"__tile30\"]"}
COMMAND: POST /session/f418f7bc7d2ff1d2d712b3b5ad58086f/element/f.72BD6EB346CCC82EDFB0602EE84AC45D.d.857343439B1C17B9C3F32B6062317350.e.4411/click - {}
RESULT: {}
COMMAND: POST /session/f418f7bc7d2ff1d2d712b3b5ad58086f/element - {"using":"xpath","value":"//button[@data-kt=\"addButton\"]"}
COMMAND: GET /session/f418f7bc7d2ff1d2d712b3b5ad58086f/screenshot - {}
RESULT: {"using":"xpath","value":"//button[@data-kt=\"addButton\"]"}
COMMAND: POST /session/f418f7bc7d2ff1d2d712b3b5ad58086f/elements - {"using":"xpath","value":"//button[@data-kt=\"addButton\"]"}
RESULT: {}
RESULT: {"using":"xpath","value":"//button[@data-kt=\"addButton\"]"}
COMMAND: POST /session/f418f7bc7d2ff1d2d712b3b5ad58086f/elements - {"using":"xpath","value":"//button[@data-kt=\"addButton\"]"}
RESULT: {"using":"xpath","value":"//button[@data-kt=\"addButton\"]"}
COMMAND: POST /session/f418f7bc7d2ff1d2d712b3b5ad58086f/elements - {"using":"xpath","value":"//button[@data-kt=\"addButton\"]"}
RESULT: {"using":"xpath","value":"//button[@data-kt=\"addButton\"]"}
COMMAND: POST /session/f418f7bc7d2ff1d2d712b3b5ad58086f/element - {"using":"xpath","value":"//button[@data-kt=\"addButton\"]"}
RESULT: {"using":"xpath","value":"//button[@data-kt=\"addButton\"]"}
COMMAND: POST /session/f418f7bc7d2ff1d2d712b3b5ad58086f/execute/sync - {"script":"<script> [8489 bytes]","args":[{"element-6066-11e4-a52e-4f735466cecf":"f.72BD6EB346CCC82EDFB0602EE84AC45D.d.857343439B1C17B9C3F32B6062317350.e.6755","ELEMENT":"f.72BD6EB346CCC82EDFB0602EE84AC45D.d.857343439B1C17B9C3F32B6062317350.e.6755"}]}
RESULT: {"script":"<script> [8489 bytes]","args":[{"element-6066-11e4-a52e-4f735466cecf":"f.72BD6EB346CCC82EDFB0602EE84AC45D.d.857343439B1C17B9C3F32B6062317350.e.6755","ELEMENT":"f.72BD6EB346CCC82EDFB0602EE84AC45D.d.857343439B1C17B9C3F32B6062317350.e.6755"}]}
COMMAND: GET /session/f418f7bc7d2ff1d2d712b3b5ad58086f/element/f.72BD6EB346CCC82EDFB0602EE84AC45D.d.857343439B1C17B9C3F32B6062317350.e.6755/enabled - {}
COMMAND: GET /session/f418f7bc7d2ff1d2d712b3b5ad58086f/screenshot - {}
RESULT: {}
COMMAND: POST /session/f418f7bc7d2ff1d2d712b3b5ad58086f/execute/sync - {"script":"<script> [8489 bytes]","args":[{"element-6066-11e4-a52e-4f735466cecf":"f.72BD6EB346CCC82EDFB0602EE84AC45D.d.857343439B1C17B9C3F32B6062317350.e.6755","ELEMENT":"f.72BD6EB346CCC82EDFB0602EE84AC45D.d.857343439B1C17B9C3F32B6062317350.e.6755"}]}
COMMAND: GET /session/f418f7bc7d2ff1d2d712b3b5ad58086f/screenshot - {}
RESULT: {}
RESULT: {"script":"<script> [8489 bytes]","args":[{"element-6066-11e4-a52e-4f735466cecf":"f.72BD6EB346CCC82EDFB0602EE84AC45D.d.857343439B1C17B9C3F32B6062317350.e.6755","ELEMENT":"f.72BD6EB346CCC82EDFB0602EE84AC45D.d.857343439B1C17B9C3F32B6062317350.e.6755"}]}
COMMAND: POST /session/f418f7bc7d2ff1d2d712b3b5ad58086f/execute/sync - {"script":"<script> [5351 bytes]","args":[{"element-6066-11e4-a52e-4f735466cecf":"f.72BD6EB346CCC82EDFB0602EE84AC45D.d.857343439B1C17B9C3F32B6062317350.e.6755","ELEMENT":"f.72BD6EB346CCC82EDFB0602EE84AC45D.d.857343439B1C17B9C3F32B6062317350.e.6755"}]}
COMMAND: GET /session/f418f7bc7d2ff1d2d712b3b5ad58086f/screenshot - {}
RESULT: {}
RESULT: {"script":"<script> [5351 bytes]","args":[{"element-6066-11e4-a52e-4f735466cecf":"f.72BD6EB346CCC82EDFB0602EE84AC45D.d.857343439B1C17B9C3F32B6062317350.e.6755","ELEMENT":"f.72BD6EB346CCC82EDFB0602EE84AC45D.d.857343439B1C17B9C3F32B6062317350.e.6755"}]}
COMMAND: POST /session/f418f7bc7d2ff1d2d712b3b5ad58086f/element/f.72BD6EB346CCC82EDFB0602EE84AC45D.d.857343439B1C17B9C3F32B6062317350.e.6755/click - {}
COMMAND: GET /session/f418f7bc7d2ff1d2d712b3b5ad58086f/screenshot - {}
RESULT: {}
RESULT: {}
COMMAND: GET /session/f418f7bc7d2ff1d2d712b3b5ad58086f/screenshot - {}
RESULT: {}
RESULT: {}
COMMAND: POST /session/f418f7bc7d2ff1d2d712b3b5ad58086f/element - {"using":"xpath","value":"//button[@data-kt=\"saveButton\"]"}
RESULT: {"using":"xpath","value":"//button[@data-kt=\"saveButton\"]"}
COMMAND: POST /session/f418f7bc7d2ff1d2d712b3b5ad58086f/element/f.72BD6EB346CCC82EDFB0602EE84AC45D.d.857343439B1C17B9C3F32B6062317350.e.7124/click - {}
RESULT: {}
COMMAND: GET /session/f418f7bc7d2ff1d2d712b3b5ad58086f/screenshot - {}
RESULT: {}
COMMAND: POST /session/f418f7bc7d2ff1d2d712b3b5ad58086f/element - {"using":"xpath","value":"//span[contains(@class, \"sapMMsgBoxText\")]"}
RESULT: {"using":"xpath","value":"//span[contains(@class, \"sapMMsgBoxText\")]"}
COMMAND: POST /session/f418f7bc7d2ff1d2d712b3b5ad58086f/execute/sync - {"script":"<script> [56 bytes]","args":[{"element-6066-11e4-a52e-4f735466cecf":"f.72BD6EB346CCC82EDFB0602EE84AC45D.d.857343439B1C17B9C3F32B6062317350.e.7173","ELEMENT":"f.72BD6EB346CCC82EDFB0602EE84AC45D.d.857343439B1C17B9C3F32B6062317350.e.7173"}]}
RESULT: {"script":"<script> [56 bytes]","args":[{"element-6066-11e4-a52e-4f735466cecf":"f.72BD6EB346CCC82EDFB0602EE84AC45D.d.857343439B1C17B9C3F32B6062317350.e.7173","ELEMENT":"f.72BD6EB346CCC82EDFB0602EE84AC45D.d.857343439B1C17B9C3F32B6062317350.e.7173"}]}
COMMAND: POST /session/f418f7bc7d2ff1d2d712b3b5ad58086f/element - {"using":"xpath","value":"(//bdi[contains(text(), \"Close\")])[1]"}
COMMAND: POST /session/f418f7bc7d2ff1d2d712b3b5ad58086f/elements - {"using":"xpath","value":"//span[contains(@class, \"sapMMsgBoxText\")]"}
COMMAND: GET /session/f418f7bc7d2ff1d2d712b3b5ad58086f/screenshot - {}
RESULT: {"using":"xpath","value":"//span[contains(@class, \"sapMMsgBoxText\")]"}
RESULT: {"using":"xpath","value":"(//bdi[contains(text(), \"Close\")])[1]"}
COMMAND: POST /session/f418f7bc7d2ff1d2d712b3b5ad58086f/element/f.72BD6EB346CCC82EDFB0602EE84AC45D.d.857343439B1C17B9C3F32B6062317350.e.7174/click - {}
RESULT: {}
RESULT: {}
COMMAND: GET /session/f418f7bc7d2ff1d2d712b3b5ad58086f/screenshot - {}
RESULT: {}
COMMAND: POST /session/f418f7bc7d2ff1d2d712b3b5ad58086f/element - {"using":"css selector","value":"#shell-header-logo"}
RESULT: {"using":"css selector","value":"#shell-header-logo"}
COMMAND: POST /session/f418f7bc7d2ff1d2d712b3b5ad58086f/element/f.72BD6EB346CCC82EDFB0602EE84AC45D.d.857343439B1C17B9C3F32B6062317350.e.6710/click - {}
RESULT: {}
COMMAND: GET /session/f418f7bc7d2ff1d2d712b3b5ad58086f/screenshot - {}
RESULT: {}
]]></system-out>
    </testcase>
    <testcase classname="chrome.135_0_7049_96.windows.Partner_specific_tests_US150819_US151080_US151654_US151176_US103444_US151078_US151079_US151109_US151174_US151175_US151189" name="Should do various searches US151175" time="113.143">
      <skipped />
      <system-out><![CDATA[
COMMAND: POST /session/f418f7bc7d2ff1d2d712b3b5ad58086f/element - {"using":"xpath","value":"//li[.//span[text()=\"Manage Partners\"]]"}
RESULT: {"using":"xpath","value":"//li[.//span[text()=\"Manage Partners\"]]"}
COMMAND: POST /session/f418f7bc7d2ff1d2d712b3b5ad58086f/element - {"using":"xpath","value":"//li[.//span[text()=\"Manage Partners\"]]"}
RESULT: {"using":"xpath","value":"//li[.//span[text()=\"Manage Partners\"]]"}
COMMAND: POST /session/f418f7bc7d2ff1d2d712b3b5ad58086f/element - {"using":"css selector","value":"#shell-header-logo"}
RESULT: {"using":"css selector","value":"#shell-header-logo"}
COMMAND: POST /session/f418f7bc7d2ff1d2d712b3b5ad58086f/element/f.72BD6EB346CCC82EDFB0602EE84AC45D.d.857343439B1C17B9C3F32B6062317350.e.7176/click - {}
COMMAND: POST /session/f418f7bc7d2ff1d2d712b3b5ad58086f/execute/sync - {"script":"<script> [8489 bytes]","args":[{"element-6066-11e4-a52e-4f735466cecf":"f.72BD6EB346CCC82EDFB0602EE84AC45D.d.857343439B1C17B9C3F32B6062317350.e.7176","ELEMENT":"f.72BD6EB346CCC82EDFB0602EE84AC45D.d.857343439B1C17B9C3F32B6062317350.e.7176"}]}
RESULT: {"script":"<script> [8489 bytes]","args":[{"element-6066-11e4-a52e-4f735466cecf":"f.72BD6EB346CCC82EDFB0602EE84AC45D.d.857343439B1C17B9C3F32B6062317350.e.7176","ELEMENT":"f.72BD6EB346CCC82EDFB0602EE84AC45D.d.857343439B1C17B9C3F32B6062317350.e.7176"}]}
COMMAND: POST /session/f418f7bc7d2ff1d2d712b3b5ad58086f/execute/sync - {"script":"<script> [5351 bytes]","args":[{"element-6066-11e4-a52e-4f735466cecf":"f.72BD6EB346CCC82EDFB0602EE84AC45D.d.857343439B1C17B9C3F32B6062317350.e.7176","ELEMENT":"f.72BD6EB346CCC82EDFB0602EE84AC45D.d.857343439B1C17B9C3F32B6062317350.e.7176"}]}
COMMAND: GET /session/f418f7bc7d2ff1d2d712b3b5ad58086f/screenshot - {}
RESULT: {}
COMMAND: GET /session/f418f7bc7d2ff1d2d712b3b5ad58086f/screenshot - {}
RESULT: {"script":"<script> [5351 bytes]","args":[{"element-6066-11e4-a52e-4f735466cecf":"f.72BD6EB346CCC82EDFB0602EE84AC45D.d.857343439B1C17B9C3F32B6062317350.e.7176","ELEMENT":"f.72BD6EB346CCC82EDFB0602EE84AC45D.d.857343439B1C17B9C3F32B6062317350.e.7176"}]}
COMMAND: GET /session/f418f7bc7d2ff1d2d712b3b5ad58086f/screenshot - {}
RESULT: {}
RESULT: {}
RESULT: {}
RESULT: undefined
COMMAND: POST /session/f418f7bc7d2ff1d2d712b3b5ad58086f/element - {"using":"xpath","value":"//*[@id=\"__tile30\"]"}
RESULT: {"using":"xpath","value":"//*[@id=\"__tile30\"]"}
COMMAND: POST /session/f418f7bc7d2ff1d2d712b3b5ad58086f/element/f.72BD6EB346CCC82EDFB0602EE84AC45D.d.857343439B1C17B9C3F32B6062317350.e.4411/click - {}
RESULT: {}
COMMAND: POST /session/f418f7bc7d2ff1d2d712b3b5ad58086f/element - {"using":"xpath","value":"//button[@data-kt=\"addButton\"]"}
COMMAND: GET /session/f418f7bc7d2ff1d2d712b3b5ad58086f/screenshot - {}
RESULT: {"using":"xpath","value":"//button[@data-kt=\"addButton\"]"}
COMMAND: POST /session/f418f7bc7d2ff1d2d712b3b5ad58086f/elements - {"using":"xpath","value":"//button[@data-kt=\"addButton\"]"}
RESULT: {}
RESULT: {"using":"xpath","value":"//button[@data-kt=\"addButton\"]"}
COMMAND: POST /session/f418f7bc7d2ff1d2d712b3b5ad58086f/elements - {"using":"xpath","value":"//button[@data-kt=\"addButton\"]"}
RESULT: {"using":"xpath","value":"//button[@data-kt=\"addButton\"]"}
COMMAND: POST /session/f418f7bc7d2ff1d2d712b3b5ad58086f/elements - {"using":"xpath","value":"//button[@data-kt=\"addButton\"]"}
RESULT: {"using":"xpath","value":"//button[@data-kt=\"addButton\"]"}
COMMAND: POST /session/f418f7bc7d2ff1d2d712b3b5ad58086f/elements - {"using":"xpath","value":"//button[@data-kt=\"addButton\"]"}
RESULT: {"using":"xpath","value":"//button[@data-kt=\"addButton\"]"}
COMMAND: POST /session/f418f7bc7d2ff1d2d712b3b5ad58086f/elements - {"using":"xpath","value":"//button[@data-kt=\"addButton\"]"}
RESULT: {"using":"xpath","value":"//button[@data-kt=\"addButton\"]"}
COMMAND: POST /session/f418f7bc7d2ff1d2d712b3b5ad58086f/elements - {"using":"xpath","value":"//button[@data-kt=\"addButton\"]"}
RESULT: {"using":"xpath","value":"//button[@data-kt=\"addButton\"]"}
COMMAND: POST /session/f418f7bc7d2ff1d2d712b3b5ad58086f/elements - {"using":"xpath","value":"//button[@data-kt=\"addButton\"]"}
RESULT: {"using":"xpath","value":"//button[@data-kt=\"addButton\"]"}
COMMAND: POST /session/f418f7bc7d2ff1d2d712b3b5ad58086f/elements - {"using":"xpath","value":"//button[@data-kt=\"addButton\"]"}
RESULT: {"using":"xpath","value":"//button[@data-kt=\"addButton\"]"}
COMMAND: POST /session/f418f7bc7d2ff1d2d712b3b5ad58086f/elements - {"using":"xpath","value":"//button[@data-kt=\"addButton\"]"}
RESULT: {"using":"xpath","value":"//button[@data-kt=\"addButton\"]"}
COMMAND: POST /session/f418f7bc7d2ff1d2d712b3b5ad58086f/elements - {"using":"xpath","value":"//button[@data-kt=\"addButton\"]"}
RESULT: {"using":"xpath","value":"//button[@data-kt=\"addButton\"]"}
COMMAND: POST /session/f418f7bc7d2ff1d2d712b3b5ad58086f/elements - {"using":"xpath","value":"//button[@data-kt=\"addButton\"]"}
RESULT: {"using":"xpath","value":"//button[@data-kt=\"addButton\"]"}
COMMAND: POST /session/f418f7bc7d2ff1d2d712b3b5ad58086f/elements - {"using":"xpath","value":"//button[@data-kt=\"addButton\"]"}
RESULT: {"using":"xpath","value":"//button[@data-kt=\"addButton\"]"}
COMMAND: POST /session/f418f7bc7d2ff1d2d712b3b5ad58086f/elements - {"using":"xpath","value":"//button[@data-kt=\"addButton\"]"}
RESULT: {"using":"xpath","value":"//button[@data-kt=\"addButton\"]"}
COMMAND: POST /session/f418f7bc7d2ff1d2d712b3b5ad58086f/elements - {"using":"xpath","value":"//button[@data-kt=\"addButton\"]"}
RESULT: {"using":"xpath","value":"//button[@data-kt=\"addButton\"]"}
COMMAND: POST /session/f418f7bc7d2ff1d2d712b3b5ad58086f/elements - {"using":"xpath","value":"//button[@data-kt=\"addButton\"]"}
RESULT: {"using":"xpath","value":"//button[@data-kt=\"addButton\"]"}
COMMAND: POST /session/f418f7bc7d2ff1d2d712b3b5ad58086f/elements - {"using":"xpath","value":"//button[@data-kt=\"addButton\"]"}
RESULT: {"using":"xpath","value":"//button[@data-kt=\"addButton\"]"}
COMMAND: POST /session/f418f7bc7d2ff1d2d712b3b5ad58086f/elements - {"using":"xpath","value":"//button[@data-kt=\"addButton\"]"}
RESULT: {"using":"xpath","value":"//button[@data-kt=\"addButton\"]"}
COMMAND: POST /session/f418f7bc7d2ff1d2d712b3b5ad58086f/elements - {"using":"xpath","value":"//button[@data-kt=\"addButton\"]"}
RESULT: {"using":"xpath","value":"//button[@data-kt=\"addButton\"]"}
COMMAND: POST /session/f418f7bc7d2ff1d2d712b3b5ad58086f/elements - {"using":"xpath","value":"//button[@data-kt=\"addButton\"]"}
RESULT: {"using":"xpath","value":"//button[@data-kt=\"addButton\"]"}
COMMAND: POST /session/f418f7bc7d2ff1d2d712b3b5ad58086f/elements - {"using":"xpath","value":"//button[@data-kt=\"addButton\"]"}
RESULT: {"using":"xpath","value":"//button[@data-kt=\"addButton\"]"}
COMMAND: POST /session/f418f7bc7d2ff1d2d712b3b5ad58086f/element - {"using":"xpath","value":"//button[@data-kt=\"addButton\"]"}
RESULT: {"using":"xpath","value":"//button[@data-kt=\"addButton\"]"}
COMMAND: POST /session/f418f7bc7d2ff1d2d712b3b5ad58086f/execute/sync - {"script":"<script> [8489 bytes]","args":[{"element-6066-11e4-a52e-4f735466cecf":"f.72BD6EB346CCC82EDFB0602EE84AC45D.d.857343439B1C17B9C3F32B6062317350.e.7210","ELEMENT":"f.72BD6EB346CCC82EDFB0602EE84AC45D.d.857343439B1C17B9C3F32B6062317350.e.7210"}]}
RESULT: {"script":"<script> [8489 bytes]","args":[{"element-6066-11e4-a52e-4f735466cecf":"f.72BD6EB346CCC82EDFB0602EE84AC45D.d.857343439B1C17B9C3F32B6062317350.e.7210","ELEMENT":"f.72BD6EB346CCC82EDFB0602EE84AC45D.d.857343439B1C17B9C3F32B6062317350.e.7210"}]}
COMMAND: GET /session/f418f7bc7d2ff1d2d712b3b5ad58086f/element/f.72BD6EB346CCC82EDFB0602EE84AC45D.d.857343439B1C17B9C3F32B6062317350.e.7210/enabled - {}
COMMAND: GET /session/f418f7bc7d2ff1d2d712b3b5ad58086f/screenshot - {}
RESULT: {}
COMMAND: POST /session/f418f7bc7d2ff1d2d712b3b5ad58086f/execute/sync - {"script":"<script> [8489 bytes]","args":[{"element-6066-11e4-a52e-4f735466cecf":"f.72BD6EB346CCC82EDFB0602EE84AC45D.d.857343439B1C17B9C3F32B6062317350.e.7210","ELEMENT":"f.72BD6EB346CCC82EDFB0602EE84AC45D.d.857343439B1C17B9C3F32B6062317350.e.7210"}]}
COMMAND: GET /session/f418f7bc7d2ff1d2d712b3b5ad58086f/screenshot - {}
RESULT: {}
RESULT: {"script":"<script> [8489 bytes]","args":[{"element-6066-11e4-a52e-4f735466cecf":"f.72BD6EB346CCC82EDFB0602EE84AC45D.d.857343439B1C17B9C3F32B6062317350.e.7210","ELEMENT":"f.72BD6EB346CCC82EDFB0602EE84AC45D.d.857343439B1C17B9C3F32B6062317350.e.7210"}]}
COMMAND: POST /session/f418f7bc7d2ff1d2d712b3b5ad58086f/execute/sync - {"script":"<script> [5351 bytes]","args":[{"element-6066-11e4-a52e-4f735466cecf":"f.72BD6EB346CCC82EDFB0602EE84AC45D.d.857343439B1C17B9C3F32B6062317350.e.7210","ELEMENT":"f.72BD6EB346CCC82EDFB0602EE84AC45D.d.857343439B1C17B9C3F32B6062317350.e.7210"}]}
COMMAND: GET /session/f418f7bc7d2ff1d2d712b3b5ad58086f/screenshot - {}
RESULT: {}
RESULT: {"script":"<script> [5351 bytes]","args":[{"element-6066-11e4-a52e-4f735466cecf":"f.72BD6EB346CCC82EDFB0602EE84AC45D.d.857343439B1C17B9C3F32B6062317350.e.7210","ELEMENT":"f.72BD6EB346CCC82EDFB0602EE84AC45D.d.857343439B1C17B9C3F32B6062317350.e.7210"}]}
COMMAND: GET /session/f418f7bc7d2ff1d2d712b3b5ad58086f/screenshot - {}
RESULT: {}
RESULT: {}
COMMAND: POST /session/f418f7bc7d2ff1d2d712b3b5ad58086f/element - {"using":"xpath","value":"//span[@id=\"application-managepartners-display-component---masterPtm--smartTable-header-inner\"]"}
RESULT: {"using":"xpath","value":"//span[@id=\"application-managepartners-display-component---masterPtm--smartTable-header-inner\"]"}
COMMAND: POST /session/f418f7bc7d2ff1d2d712b3b5ad58086f/elements - {"using":"xpath","value":"//span[@id=\"application-managepartners-display-component---masterPtm--smartTable-header-inner\"]"}
RESULT: {"using":"xpath","value":"//span[@id=\"application-managepartners-display-component---masterPtm--smartTable-header-inner\"]"}
COMMAND: POST /session/f418f7bc7d2ff1d2d712b3b5ad58086f/execute/sync - {"script":"<script> [56 bytes]","args":[{"element-6066-11e4-a52e-4f735466cecf":"f.72BD6EB346CCC82EDFB0602EE84AC45D.d.857343439B1C17B9C3F32B6062317350.e.7342","ELEMENT":"f.72BD6EB346CCC82EDFB0602EE84AC45D.d.857343439B1C17B9C3F32B6062317350.e.7342"}]}
RESULT: {"script":"<script> [56 bytes]","args":[{"element-6066-11e4-a52e-4f735466cecf":"f.72BD6EB346CCC82EDFB0602EE84AC45D.d.857343439B1C17B9C3F32B6062317350.e.7342","ELEMENT":"f.72BD6EB346CCC82EDFB0602EE84AC45D.d.857343439B1C17B9C3F32B6062317350.e.7342"}]}
RESULT: undefined
COMMAND: POST /session/f418f7bc7d2ff1d2d712b3b5ad58086f/element - {"using":"xpath","value":"//*[@id=\"application-managepartners-display-component---masterPtm--smartFilterBar-btnFilters\"]"}
COMMAND: GET /session/f418f7bc7d2ff1d2d712b3b5ad58086f/screenshot - {}
RESULT: {"using":"xpath","value":"//*[@id=\"application-managepartners-display-component---masterPtm--smartFilterBar-btnFilters\"]"}
COMMAND: POST /session/f418f7bc7d2ff1d2d712b3b5ad58086f/element/f.72BD6EB346CCC82EDFB0602EE84AC45D.d.857343439B1C17B9C3F32B6062317350.e.7198/click - {}
RESULT: {}
RESULT: {}
COMMAND: GET /session/f418f7bc7d2ff1d2d712b3b5ad58086f/screenshot - {}
RESULT: {}
COMMAND: POST /session/f418f7bc7d2ff1d2d712b3b5ad58086f/elements - {"using":"xpath","value":"//table[contains(@id, \"listView-innerSelectionPanelTable-listUl\")]/tbody/tr"}
RESULT: {"using":"xpath","value":"//table[contains(@id, \"listView-innerSelectionPanelTable-listUl\")]/tbody/tr"}
COMMAND: POST /session/f418f7bc7d2ff1d2d712b3b5ad58086f/element - {"using":"xpath","value":"//table[contains(@id, \"listView-innerSelectionPanelTable-listUl\")]/tbody/tr[2]/td[2]/div/div"}
RESULT: {"using":"xpath","value":"//table[contains(@id, \"listView-innerSelectionPanelTable-listUl\")]/tbody/tr[2]/td[2]/div/div"}
COMMAND: POST /session/f418f7bc7d2ff1d2d712b3b5ad58086f/element - {"using":"xpath","value":"//table[contains(@id, \"listView-innerSelectionPanelTable-listUl\")]/tbody/tr[2]/td[2]/div"}
RESULT: {"using":"xpath","value":"//table[contains(@id, \"listView-innerSelectionPanelTable-listUl\")]/tbody/tr[2]/td[2]/div"}
COMMAND: POST /session/f418f7bc7d2ff1d2d712b3b5ad58086f/element - {"using":"xpath","value":"//table[contains(@id, \"listView-innerSelectionPanelTable-listUl\")]/tbody/tr[2]/td[3]/div/div/span/span[1]/bdi"}
RESULT: {"using":"xpath","value":"//table[contains(@id, \"listView-innerSelectionPanelTable-listUl\")]/tbody/tr[2]/td[3]/div/div/span/span[1]/bdi"}
COMMAND: POST /session/f418f7bc7d2ff1d2d712b3b5ad58086f/execute/sync - {"script":"<script> [56 bytes]","args":[{"element-6066-11e4-a52e-4f735466cecf":"f.72BD6EB346CCC82EDFB0602EE84AC45D.d.857343439B1C17B9C3F32B6062317350.e.7410","ELEMENT":"f.72BD6EB346CCC82EDFB0602EE84AC45D.d.857343439B1C17B9C3F32B6062317350.e.7410"}]}
RESULT: {"script":"<script> [56 bytes]","args":[{"element-6066-11e4-a52e-4f735466cecf":"f.72BD6EB346CCC82EDFB0602EE84AC45D.d.857343439B1C17B9C3F32B6062317350.e.7410","ELEMENT":"f.72BD6EB346CCC82EDFB0602EE84AC45D.d.857343439B1C17B9C3F32B6062317350.e.7410"}]}
COMMAND: GET /session/f418f7bc7d2ff1d2d712b3b5ad58086f/element/f.72BD6EB346CCC82EDFB0602EE84AC45D.d.857343439B1C17B9C3F32B6062317350.e.7409/attribute/aria-checked - {}
COMMAND: GET /session/f418f7bc7d2ff1d2d712b3b5ad58086f/screenshot - {}
RESULT: {}
COMMAND: POST /session/f418f7bc7d2ff1d2d712b3b5ad58086f/element - {"using":"xpath","value":"//table[contains(@id, \"listView-innerSelectionPanelTable-listUl\")]/tbody/tr[3]/td[2]/div/div"}
RESULT: {}
RESULT: {"using":"xpath","value":"//table[contains(@id, \"listView-innerSelectionPanelTable-listUl\")]/tbody/tr[3]/td[2]/div/div"}
COMMAND: POST /session/f418f7bc7d2ff1d2d712b3b5ad58086f/element - {"using":"xpath","value":"//table[contains(@id, \"listView-innerSelectionPanelTable-listUl\")]/tbody/tr[3]/td[2]/div"}
RESULT: {"using":"xpath","value":"//table[contains(@id, \"listView-innerSelectionPanelTable-listUl\")]/tbody/tr[3]/td[2]/div"}
COMMAND: POST /session/f418f7bc7d2ff1d2d712b3b5ad58086f/element - {"using":"xpath","value":"//table[contains(@id, \"listView-innerSelectionPanelTable-listUl\")]/tbody/tr[3]/td[3]/div/div/span/span[1]/bdi"}
RESULT: {"using":"xpath","value":"//table[contains(@id, \"listView-innerSelectionPanelTable-listUl\")]/tbody/tr[3]/td[3]/div/div/span/span[1]/bdi"}
COMMAND: POST /session/f418f7bc7d2ff1d2d712b3b5ad58086f/execute/sync - {"script":"<script> [56 bytes]","args":[{"element-6066-11e4-a52e-4f735466cecf":"f.72BD6EB346CCC82EDFB0602EE84AC45D.d.857343439B1C17B9C3F32B6062317350.e.7413","ELEMENT":"f.72BD6EB346CCC82EDFB0602EE84AC45D.d.857343439B1C17B9C3F32B6062317350.e.7413"}]}
RESULT: {"script":"<script> [56 bytes]","args":[{"element-6066-11e4-a52e-4f735466cecf":"f.72BD6EB346CCC82EDFB0602EE84AC45D.d.857343439B1C17B9C3F32B6062317350.e.7413","ELEMENT":"f.72BD6EB346CCC82EDFB0602EE84AC45D.d.857343439B1C17B9C3F32B6062317350.e.7413"}]}
COMMAND: GET /session/f418f7bc7d2ff1d2d712b3b5ad58086f/element/f.72BD6EB346CCC82EDFB0602EE84AC45D.d.857343439B1C17B9C3F32B6062317350.e.7412/attribute/aria-checked - {}
COMMAND: GET /session/f418f7bc7d2ff1d2d712b3b5ad58086f/screenshot - {}
RESULT: {}
COMMAND: POST /session/f418f7bc7d2ff1d2d712b3b5ad58086f/element - {"using":"xpath","value":"//table[contains(@id, \"listView-innerSelectionPanelTable-listUl\")]/tbody/tr[4]/td[2]/div/div"}
RESULT: {}
RESULT: {"using":"xpath","value":"//table[contains(@id, \"listView-innerSelectionPanelTable-listUl\")]/tbody/tr[4]/td[2]/div/div"}
COMMAND: POST /session/f418f7bc7d2ff1d2d712b3b5ad58086f/element - {"using":"xpath","value":"//table[contains(@id, \"listView-innerSelectionPanelTable-listUl\")]/tbody/tr[4]/td[2]/div"}
RESULT: {"using":"xpath","value":"//table[contains(@id, \"listView-innerSelectionPanelTable-listUl\")]/tbody/tr[4]/td[2]/div"}
COMMAND: POST /session/f418f7bc7d2ff1d2d712b3b5ad58086f/element - {"using":"xpath","value":"//table[contains(@id, \"listView-innerSelectionPanelTable-listUl\")]/tbody/tr[4]/td[3]/div/div/span/span[1]/bdi"}
RESULT: {"using":"xpath","value":"//table[contains(@id, \"listView-innerSelectionPanelTable-listUl\")]/tbody/tr[4]/td[3]/div/div/span/span[1]/bdi"}
COMMAND: POST /session/f418f7bc7d2ff1d2d712b3b5ad58086f/execute/sync - {"script":"<script> [56 bytes]","args":[{"element-6066-11e4-a52e-4f735466cecf":"f.72BD6EB346CCC82EDFB0602EE84AC45D.d.857343439B1C17B9C3F32B6062317350.e.7416","ELEMENT":"f.72BD6EB346CCC82EDFB0602EE84AC45D.d.857343439B1C17B9C3F32B6062317350.e.7416"}]}
RESULT: {"script":"<script> [56 bytes]","args":[{"element-6066-11e4-a52e-4f735466cecf":"f.72BD6EB346CCC82EDFB0602EE84AC45D.d.857343439B1C17B9C3F32B6062317350.e.7416","ELEMENT":"f.72BD6EB346CCC82EDFB0602EE84AC45D.d.857343439B1C17B9C3F32B6062317350.e.7416"}]}
COMMAND: GET /session/f418f7bc7d2ff1d2d712b3b5ad58086f/element/f.72BD6EB346CCC82EDFB0602EE84AC45D.d.857343439B1C17B9C3F32B6062317350.e.7415/attribute/aria-checked - {}
COMMAND: GET /session/f418f7bc7d2ff1d2d712b3b5ad58086f/screenshot - {}
RESULT: {}
COMMAND: POST /session/f418f7bc7d2ff1d2d712b3b5ad58086f/element - {"using":"xpath","value":"//table[contains(@id, \"listView-innerSelectionPanelTable-listUl\")]/tbody/tr[5]/td[2]/div/div"}
RESULT: {}
RESULT: {"using":"xpath","value":"//table[contains(@id, \"listView-innerSelectionPanelTable-listUl\")]/tbody/tr[5]/td[2]/div/div"}
COMMAND: POST /session/f418f7bc7d2ff1d2d712b3b5ad58086f/element - {"using":"xpath","value":"//table[contains(@id, \"listView-innerSelectionPanelTable-listUl\")]/tbody/tr[5]/td[2]/div"}
RESULT: {"using":"xpath","value":"//table[contains(@id, \"listView-innerSelectionPanelTable-listUl\")]/tbody/tr[5]/td[2]/div"}
COMMAND: POST /session/f418f7bc7d2ff1d2d712b3b5ad58086f/element - {"using":"xpath","value":"//table[contains(@id, \"listView-innerSelectionPanelTable-listUl\")]/tbody/tr[5]/td[3]/div/div/span/span[1]/bdi"}
RESULT: {"using":"xpath","value":"//table[contains(@id, \"listView-innerSelectionPanelTable-listUl\")]/tbody/tr[5]/td[3]/div/div/span/span[1]/bdi"}
COMMAND: POST /session/f418f7bc7d2ff1d2d712b3b5ad58086f/execute/sync - {"script":"<script> [56 bytes]","args":[{"element-6066-11e4-a52e-4f735466cecf":"f.72BD6EB346CCC82EDFB0602EE84AC45D.d.857343439B1C17B9C3F32B6062317350.e.7419","ELEMENT":"f.72BD6EB346CCC82EDFB0602EE84AC45D.d.857343439B1C17B9C3F32B6062317350.e.7419"}]}
RESULT: {"script":"<script> [56 bytes]","args":[{"element-6066-11e4-a52e-4f735466cecf":"f.72BD6EB346CCC82EDFB0602EE84AC45D.d.857343439B1C17B9C3F32B6062317350.e.7419","ELEMENT":"f.72BD6EB346CCC82EDFB0602EE84AC45D.d.857343439B1C17B9C3F32B6062317350.e.7419"}]}
COMMAND: GET /session/f418f7bc7d2ff1d2d712b3b5ad58086f/element/f.72BD6EB346CCC82EDFB0602EE84AC45D.d.857343439B1C17B9C3F32B6062317350.e.7418/attribute/aria-checked - {}
COMMAND: GET /session/f418f7bc7d2ff1d2d712b3b5ad58086f/screenshot - {}
RESULT: {}
COMMAND: POST /session/f418f7bc7d2ff1d2d712b3b5ad58086f/element - {"using":"xpath","value":"//table[contains(@id, \"listView-innerSelectionPanelTable-listUl\")]/tbody/tr[6]/td[2]/div/div"}
RESULT: {}
RESULT: {"using":"xpath","value":"//table[contains(@id, \"listView-innerSelectionPanelTable-listUl\")]/tbody/tr[6]/td[2]/div/div"}
COMMAND: POST /session/f418f7bc7d2ff1d2d712b3b5ad58086f/element - {"using":"xpath","value":"//table[contains(@id, \"listView-innerSelectionPanelTable-listUl\")]/tbody/tr[6]/td[2]/div"}
RESULT: {"using":"xpath","value":"//table[contains(@id, \"listView-innerSelectionPanelTable-listUl\")]/tbody/tr[6]/td[2]/div"}
COMMAND: POST /session/f418f7bc7d2ff1d2d712b3b5ad58086f/element - {"using":"xpath","value":"//table[contains(@id, \"listView-innerSelectionPanelTable-listUl\")]/tbody/tr[6]/td[3]/div/div/span/span[1]/bdi"}
RESULT: {"using":"xpath","value":"//table[contains(@id, \"listView-innerSelectionPanelTable-listUl\")]/tbody/tr[6]/td[3]/div/div/span/span[1]/bdi"}
COMMAND: POST /session/f418f7bc7d2ff1d2d712b3b5ad58086f/execute/sync - {"script":"<script> [56 bytes]","args":[{"element-6066-11e4-a52e-4f735466cecf":"f.72BD6EB346CCC82EDFB0602EE84AC45D.d.857343439B1C17B9C3F32B6062317350.e.7422","ELEMENT":"f.72BD6EB346CCC82EDFB0602EE84AC45D.d.857343439B1C17B9C3F32B6062317350.e.7422"}]}
RESULT: {"script":"<script> [56 bytes]","args":[{"element-6066-11e4-a52e-4f735466cecf":"f.72BD6EB346CCC82EDFB0602EE84AC45D.d.857343439B1C17B9C3F32B6062317350.e.7422","ELEMENT":"f.72BD6EB346CCC82EDFB0602EE84AC45D.d.857343439B1C17B9C3F32B6062317350.e.7422"}]}
COMMAND: GET /session/f418f7bc7d2ff1d2d712b3b5ad58086f/element/f.72BD6EB346CCC82EDFB0602EE84AC45D.d.857343439B1C17B9C3F32B6062317350.e.7421/attribute/aria-checked - {}
COMMAND: GET /session/f418f7bc7d2ff1d2d712b3b5ad58086f/screenshot - {}
RESULT: {}
COMMAND: POST /session/f418f7bc7d2ff1d2d712b3b5ad58086f/element - {"using":"xpath","value":"//table[contains(@id, \"listView-innerSelectionPanelTable-listUl\")]/tbody/tr[7]/td[2]/div/div"}
RESULT: {}
RESULT: {"using":"xpath","value":"//table[contains(@id, \"listView-innerSelectionPanelTable-listUl\")]/tbody/tr[7]/td[2]/div/div"}
COMMAND: POST /session/f418f7bc7d2ff1d2d712b3b5ad58086f/element - {"using":"xpath","value":"//table[contains(@id, \"listView-innerSelectionPanelTable-listUl\")]/tbody/tr[7]/td[2]/div"}
RESULT: {"using":"xpath","value":"//table[contains(@id, \"listView-innerSelectionPanelTable-listUl\")]/tbody/tr[7]/td[2]/div"}
COMMAND: POST /session/f418f7bc7d2ff1d2d712b3b5ad58086f/element - {"using":"xpath","value":"//table[contains(@id, \"listView-innerSelectionPanelTable-listUl\")]/tbody/tr[7]/td[3]/div/div/span/span[1]/bdi"}
RESULT: {"using":"xpath","value":"//table[contains(@id, \"listView-innerSelectionPanelTable-listUl\")]/tbody/tr[7]/td[3]/div/div/span/span[1]/bdi"}
COMMAND: POST /session/f418f7bc7d2ff1d2d712b3b5ad58086f/execute/sync - {"script":"<script> [56 bytes]","args":[{"element-6066-11e4-a52e-4f735466cecf":"f.72BD6EB346CCC82EDFB0602EE84AC45D.d.857343439B1C17B9C3F32B6062317350.e.7425","ELEMENT":"f.72BD6EB346CCC82EDFB0602EE84AC45D.d.857343439B1C17B9C3F32B6062317350.e.7425"}]}
RESULT: {"script":"<script> [56 bytes]","args":[{"element-6066-11e4-a52e-4f735466cecf":"f.72BD6EB346CCC82EDFB0602EE84AC45D.d.857343439B1C17B9C3F32B6062317350.e.7425","ELEMENT":"f.72BD6EB346CCC82EDFB0602EE84AC45D.d.857343439B1C17B9C3F32B6062317350.e.7425"}]}
COMMAND: GET /session/f418f7bc7d2ff1d2d712b3b5ad58086f/element/f.72BD6EB346CCC82EDFB0602EE84AC45D.d.857343439B1C17B9C3F32B6062317350.e.7424/attribute/aria-checked - {}
COMMAND: GET /session/f418f7bc7d2ff1d2d712b3b5ad58086f/screenshot - {}
RESULT: {}
COMMAND: POST /session/f418f7bc7d2ff1d2d712b3b5ad58086f/element - {"using":"xpath","value":"//table[contains(@id, \"listView-innerSelectionPanelTable-listUl\")]/tbody/tr[8]/td[2]/div/div"}
RESULT: {}
RESULT: {"using":"xpath","value":"//table[contains(@id, \"listView-innerSelectionPanelTable-listUl\")]/tbody/tr[8]/td[2]/div/div"}
COMMAND: POST /session/f418f7bc7d2ff1d2d712b3b5ad58086f/element - {"using":"xpath","value":"//table[contains(@id, \"listView-innerSelectionPanelTable-listUl\")]/tbody/tr[8]/td[2]/div"}
RESULT: {"using":"xpath","value":"//table[contains(@id, \"listView-innerSelectionPanelTable-listUl\")]/tbody/tr[8]/td[2]/div"}
COMMAND: POST /session/f418f7bc7d2ff1d2d712b3b5ad58086f/element - {"using":"xpath","value":"//table[contains(@id, \"listView-innerSelectionPanelTable-listUl\")]/tbody/tr[8]/td[3]/div/div/span/span[1]/bdi"}
RESULT: {"using":"xpath","value":"//table[contains(@id, \"listView-innerSelectionPanelTable-listUl\")]/tbody/tr[8]/td[3]/div/div/span/span[1]/bdi"}
COMMAND: POST /session/f418f7bc7d2ff1d2d712b3b5ad58086f/execute/sync - {"script":"<script> [56 bytes]","args":[{"element-6066-11e4-a52e-4f735466cecf":"f.72BD6EB346CCC82EDFB0602EE84AC45D.d.857343439B1C17B9C3F32B6062317350.e.7428","ELEMENT":"f.72BD6EB346CCC82EDFB0602EE84AC45D.d.857343439B1C17B9C3F32B6062317350.e.7428"}]}
RESULT: {"script":"<script> [56 bytes]","args":[{"element-6066-11e4-a52e-4f735466cecf":"f.72BD6EB346CCC82EDFB0602EE84AC45D.d.857343439B1C17B9C3F32B6062317350.e.7428","ELEMENT":"f.72BD6EB346CCC82EDFB0602EE84AC45D.d.857343439B1C17B9C3F32B6062317350.e.7428"}]}
COMMAND: GET /session/f418f7bc7d2ff1d2d712b3b5ad58086f/element/f.72BD6EB346CCC82EDFB0602EE84AC45D.d.857343439B1C17B9C3F32B6062317350.e.7427/attribute/aria-checked - {}
COMMAND: GET /session/f418f7bc7d2ff1d2d712b3b5ad58086f/screenshot - {}
RESULT: {}
COMMAND: POST /session/f418f7bc7d2ff1d2d712b3b5ad58086f/element - {"using":"xpath","value":"//table[contains(@id, \"listView-innerSelectionPanelTable-listUl\")]/tbody/tr[9]/td[2]/div/div"}
RESULT: {}
RESULT: {"using":"xpath","value":"//table[contains(@id, \"listView-innerSelectionPanelTable-listUl\")]/tbody/tr[9]/td[2]/div/div"}
COMMAND: POST /session/f418f7bc7d2ff1d2d712b3b5ad58086f/element - {"using":"xpath","value":"//table[contains(@id, \"listView-innerSelectionPanelTable-listUl\")]/tbody/tr[9]/td[2]/div"}
RESULT: {"using":"xpath","value":"//table[contains(@id, \"listView-innerSelectionPanelTable-listUl\")]/tbody/tr[9]/td[2]/div"}
COMMAND: POST /session/f418f7bc7d2ff1d2d712b3b5ad58086f/element - {"using":"xpath","value":"//table[contains(@id, \"listView-innerSelectionPanelTable-listUl\")]/tbody/tr[9]/td[3]/div/div/span/span[1]/bdi"}
RESULT: {"using":"xpath","value":"//table[contains(@id, \"listView-innerSelectionPanelTable-listUl\")]/tbody/tr[9]/td[3]/div/div/span/span[1]/bdi"}
COMMAND: POST /session/f418f7bc7d2ff1d2d712b3b5ad58086f/execute/sync - {"script":"<script> [56 bytes]","args":[{"element-6066-11e4-a52e-4f735466cecf":"f.72BD6EB346CCC82EDFB0602EE84AC45D.d.857343439B1C17B9C3F32B6062317350.e.7431","ELEMENT":"f.72BD6EB346CCC82EDFB0602EE84AC45D.d.857343439B1C17B9C3F32B6062317350.e.7431"}]}
RESULT: {"script":"<script> [56 bytes]","args":[{"element-6066-11e4-a52e-4f735466cecf":"f.72BD6EB346CCC82EDFB0602EE84AC45D.d.857343439B1C17B9C3F32B6062317350.e.7431","ELEMENT":"f.72BD6EB346CCC82EDFB0602EE84AC45D.d.857343439B1C17B9C3F32B6062317350.e.7431"}]}
COMMAND: GET /session/f418f7bc7d2ff1d2d712b3b5ad58086f/element/f.72BD6EB346CCC82EDFB0602EE84AC45D.d.857343439B1C17B9C3F32B6062317350.e.7430/attribute/aria-checked - {}
COMMAND: GET /session/f418f7bc7d2ff1d2d712b3b5ad58086f/screenshot - {}
RESULT: {}
COMMAND: POST /session/f418f7bc7d2ff1d2d712b3b5ad58086f/element - {"using":"xpath","value":"//table[contains(@id, \"listView-innerSelectionPanelTable-listUl\")]/tbody/tr[10]/td[2]/div/div"}
RESULT: {}
RESULT: {"using":"xpath","value":"//table[contains(@id, \"listView-innerSelectionPanelTable-listUl\")]/tbody/tr[10]/td[2]/div/div"}
COMMAND: POST /session/f418f7bc7d2ff1d2d712b3b5ad58086f/element - {"using":"xpath","value":"//table[contains(@id, \"listView-innerSelectionPanelTable-listUl\")]/tbody/tr[10]/td[2]/div"}
RESULT: {"using":"xpath","value":"//table[contains(@id, \"listView-innerSelectionPanelTable-listUl\")]/tbody/tr[10]/td[2]/div"}
COMMAND: POST /session/f418f7bc7d2ff1d2d712b3b5ad58086f/element - {"using":"xpath","value":"//table[contains(@id, \"listView-innerSelectionPanelTable-listUl\")]/tbody/tr[10]/td[3]/div/div/span/span[1]/bdi"}
RESULT: {"using":"xpath","value":"//table[contains(@id, \"listView-innerSelectionPanelTable-listUl\")]/tbody/tr[10]/td[3]/div/div/span/span[1]/bdi"}
COMMAND: POST /session/f418f7bc7d2ff1d2d712b3b5ad58086f/execute/sync - {"script":"<script> [56 bytes]","args":[{"element-6066-11e4-a52e-4f735466cecf":"f.72BD6EB346CCC82EDFB0602EE84AC45D.d.857343439B1C17B9C3F32B6062317350.e.7434","ELEMENT":"f.72BD6EB346CCC82EDFB0602EE84AC45D.d.857343439B1C17B9C3F32B6062317350.e.7434"}]}
RESULT: {"script":"<script> [56 bytes]","args":[{"element-6066-11e4-a52e-4f735466cecf":"f.72BD6EB346CCC82EDFB0602EE84AC45D.d.857343439B1C17B9C3F32B6062317350.e.7434","ELEMENT":"f.72BD6EB346CCC82EDFB0602EE84AC45D.d.857343439B1C17B9C3F32B6062317350.e.7434"}]}
COMMAND: GET /session/f418f7bc7d2ff1d2d712b3b5ad58086f/element/f.72BD6EB346CCC82EDFB0602EE84AC45D.d.857343439B1C17B9C3F32B6062317350.e.7433/attribute/aria-checked - {}
COMMAND: GET /session/f418f7bc7d2ff1d2d712b3b5ad58086f/screenshot - {}
RESULT: {}
COMMAND: POST /session/f418f7bc7d2ff1d2d712b3b5ad58086f/element - {"using":"xpath","value":"//table[contains(@id, \"listView-innerSelectionPanelTable-listUl\")]/tbody/tr[11]/td[2]/div/div"}
RESULT: {}
RESULT: {"using":"xpath","value":"//table[contains(@id, \"listView-innerSelectionPanelTable-listUl\")]/tbody/tr[11]/td[2]/div/div"}
COMMAND: POST /session/f418f7bc7d2ff1d2d712b3b5ad58086f/element - {"using":"xpath","value":"//table[contains(@id, \"listView-innerSelectionPanelTable-listUl\")]/tbody/tr[11]/td[2]/div"}
RESULT: {"using":"xpath","value":"//table[contains(@id, \"listView-innerSelectionPanelTable-listUl\")]/tbody/tr[11]/td[2]/div"}
COMMAND: POST /session/f418f7bc7d2ff1d2d712b3b5ad58086f/element - {"using":"xpath","value":"//table[contains(@id, \"listView-innerSelectionPanelTable-listUl\")]/tbody/tr[11]/td[3]/div/div/span/span[1]/bdi"}
RESULT: {"using":"xpath","value":"//table[contains(@id, \"listView-innerSelectionPanelTable-listUl\")]/tbody/tr[11]/td[3]/div/div/span/span[1]/bdi"}
COMMAND: POST /session/f418f7bc7d2ff1d2d712b3b5ad58086f/execute/sync - {"script":"<script> [56 bytes]","args":[{"element-6066-11e4-a52e-4f735466cecf":"f.72BD6EB346CCC82EDFB0602EE84AC45D.d.857343439B1C17B9C3F32B6062317350.e.7437","ELEMENT":"f.72BD6EB346CCC82EDFB0602EE84AC45D.d.857343439B1C17B9C3F32B6062317350.e.7437"}]}
RESULT: {"script":"<script> [56 bytes]","args":[{"element-6066-11e4-a52e-4f735466cecf":"f.72BD6EB346CCC82EDFB0602EE84AC45D.d.857343439B1C17B9C3F32B6062317350.e.7437","ELEMENT":"f.72BD6EB346CCC82EDFB0602EE84AC45D.d.857343439B1C17B9C3F32B6062317350.e.7437"}]}
COMMAND: GET /session/f418f7bc7d2ff1d2d712b3b5ad58086f/element/f.72BD6EB346CCC82EDFB0602EE84AC45D.d.857343439B1C17B9C3F32B6062317350.e.7436/attribute/aria-checked - {}
COMMAND: GET /session/f418f7bc7d2ff1d2d712b3b5ad58086f/screenshot - {}
RESULT: {}
COMMAND: POST /session/f418f7bc7d2ff1d2d712b3b5ad58086f/element - {"using":"xpath","value":"//table[contains(@id, \"listView-innerSelectionPanelTable-listUl\")]/tbody/tr[12]/td[2]/div/div"}
RESULT: {}
RESULT: {"using":"xpath","value":"//table[contains(@id, \"listView-innerSelectionPanelTable-listUl\")]/tbody/tr[12]/td[2]/div/div"}
COMMAND: POST /session/f418f7bc7d2ff1d2d712b3b5ad58086f/element - {"using":"xpath","value":"//table[contains(@id, \"listView-innerSelectionPanelTable-listUl\")]/tbody/tr[12]/td[2]/div"}
RESULT: {"using":"xpath","value":"//table[contains(@id, \"listView-innerSelectionPanelTable-listUl\")]/tbody/tr[12]/td[2]/div"}
COMMAND: POST /session/f418f7bc7d2ff1d2d712b3b5ad58086f/element - {"using":"xpath","value":"//table[contains(@id, \"listView-innerSelectionPanelTable-listUl\")]/tbody/tr[12]/td[3]/div/div/span/span[1]/bdi"}
RESULT: {"using":"xpath","value":"//table[contains(@id, \"listView-innerSelectionPanelTable-listUl\")]/tbody/tr[12]/td[3]/div/div/span/span[1]/bdi"}
COMMAND: POST /session/f418f7bc7d2ff1d2d712b3b5ad58086f/execute/sync - {"script":"<script> [56 bytes]","args":[{"element-6066-11e4-a52e-4f735466cecf":"f.72BD6EB346CCC82EDFB0602EE84AC45D.d.857343439B1C17B9C3F32B6062317350.e.7440","ELEMENT":"f.72BD6EB346CCC82EDFB0602EE84AC45D.d.857343439B1C17B9C3F32B6062317350.e.7440"}]}
RESULT: {"script":"<script> [56 bytes]","args":[{"element-6066-11e4-a52e-4f735466cecf":"f.72BD6EB346CCC82EDFB0602EE84AC45D.d.857343439B1C17B9C3F32B6062317350.e.7440","ELEMENT":"f.72BD6EB346CCC82EDFB0602EE84AC45D.d.857343439B1C17B9C3F32B6062317350.e.7440"}]}
COMMAND: GET /session/f418f7bc7d2ff1d2d712b3b5ad58086f/element/f.72BD6EB346CCC82EDFB0602EE84AC45D.d.857343439B1C17B9C3F32B6062317350.e.7439/attribute/aria-checked - {}
COMMAND: GET /session/f418f7bc7d2ff1d2d712b3b5ad58086f/screenshot - {}
RESULT: {}
COMMAND: POST /session/f418f7bc7d2ff1d2d712b3b5ad58086f/element - {"using":"xpath","value":"//table[contains(@id, \"listView-innerSelectionPanelTable-listUl\")]/tbody/tr[13]/td[2]/div/div"}
RESULT: {}
RESULT: {"using":"xpath","value":"//table[contains(@id, \"listView-innerSelectionPanelTable-listUl\")]/tbody/tr[13]/td[2]/div/div"}
COMMAND: POST /session/f418f7bc7d2ff1d2d712b3b5ad58086f/element - {"using":"xpath","value":"//table[contains(@id, \"listView-innerSelectionPanelTable-listUl\")]/tbody/tr[13]/td[2]/div"}
RESULT: {"using":"xpath","value":"//table[contains(@id, \"listView-innerSelectionPanelTable-listUl\")]/tbody/tr[13]/td[2]/div"}
COMMAND: POST /session/f418f7bc7d2ff1d2d712b3b5ad58086f/element - {"using":"xpath","value":"//table[contains(@id, \"listView-innerSelectionPanelTable-listUl\")]/tbody/tr[13]/td[3]/div/div/span/span[1]/bdi"}
RESULT: {"using":"xpath","value":"//table[contains(@id, \"listView-innerSelectionPanelTable-listUl\")]/tbody/tr[13]/td[3]/div/div/span/span[1]/bdi"}
COMMAND: POST /session/f418f7bc7d2ff1d2d712b3b5ad58086f/execute/sync - {"script":"<script> [56 bytes]","args":[{"element-6066-11e4-a52e-4f735466cecf":"f.72BD6EB346CCC82EDFB0602EE84AC45D.d.857343439B1C17B9C3F32B6062317350.e.7443","ELEMENT":"f.72BD6EB346CCC82EDFB0602EE84AC45D.d.857343439B1C17B9C3F32B6062317350.e.7443"}]}
RESULT: {"script":"<script> [56 bytes]","args":[{"element-6066-11e4-a52e-4f735466cecf":"f.72BD6EB346CCC82EDFB0602EE84AC45D.d.857343439B1C17B9C3F32B6062317350.e.7443","ELEMENT":"f.72BD6EB346CCC82EDFB0602EE84AC45D.d.857343439B1C17B9C3F32B6062317350.e.7443"}]}
COMMAND: GET /session/f418f7bc7d2ff1d2d712b3b5ad58086f/element/f.72BD6EB346CCC82EDFB0602EE84AC45D.d.857343439B1C17B9C3F32B6062317350.e.7442/attribute/aria-checked - {}
COMMAND: GET /session/f418f7bc7d2ff1d2d712b3b5ad58086f/screenshot - {}
RESULT: {}
COMMAND: POST /session/f418f7bc7d2ff1d2d712b3b5ad58086f/element - {"using":"xpath","value":"//table[contains(@id, \"listView-innerSelectionPanelTable-listUl\")]/tbody/tr[14]/td[2]/div/div"}
RESULT: {}
RESULT: {"using":"xpath","value":"//table[contains(@id, \"listView-innerSelectionPanelTable-listUl\")]/tbody/tr[14]/td[2]/div/div"}
COMMAND: POST /session/f418f7bc7d2ff1d2d712b3b5ad58086f/element - {"using":"xpath","value":"//table[contains(@id, \"listView-innerSelectionPanelTable-listUl\")]/tbody/tr[14]/td[2]/div"}
RESULT: {"using":"xpath","value":"//table[contains(@id, \"listView-innerSelectionPanelTable-listUl\")]/tbody/tr[14]/td[2]/div"}
COMMAND: POST /session/f418f7bc7d2ff1d2d712b3b5ad58086f/element - {"using":"xpath","value":"//table[contains(@id, \"listView-innerSelectionPanelTable-listUl\")]/tbody/tr[14]/td[3]/div/div/span/span[1]/bdi"}
RESULT: {"using":"xpath","value":"//table[contains(@id, \"listView-innerSelectionPanelTable-listUl\")]/tbody/tr[14]/td[3]/div/div/span/span[1]/bdi"}
COMMAND: POST /session/f418f7bc7d2ff1d2d712b3b5ad58086f/execute/sync - {"script":"<script> [56 bytes]","args":[{"element-6066-11e4-a52e-4f735466cecf":"f.72BD6EB346CCC82EDFB0602EE84AC45D.d.857343439B1C17B9C3F32B6062317350.e.7446","ELEMENT":"f.72BD6EB346CCC82EDFB0602EE84AC45D.d.857343439B1C17B9C3F32B6062317350.e.7446"}]}
RESULT: {"script":"<script> [56 bytes]","args":[{"element-6066-11e4-a52e-4f735466cecf":"f.72BD6EB346CCC82EDFB0602EE84AC45D.d.857343439B1C17B9C3F32B6062317350.e.7446","ELEMENT":"f.72BD6EB346CCC82EDFB0602EE84AC45D.d.857343439B1C17B9C3F32B6062317350.e.7446"}]}
COMMAND: GET /session/f418f7bc7d2ff1d2d712b3b5ad58086f/element/f.72BD6EB346CCC82EDFB0602EE84AC45D.d.857343439B1C17B9C3F32B6062317350.e.7445/attribute/aria-checked - {}
COMMAND: GET /session/f418f7bc7d2ff1d2d712b3b5ad58086f/screenshot - {}
RESULT: {}
COMMAND: POST /session/f418f7bc7d2ff1d2d712b3b5ad58086f/element - {"using":"xpath","value":"//table[contains(@id, \"listView-innerSelectionPanelTable-listUl\")]/tbody/tr[15]/td[2]/div/div"}
RESULT: {}
RESULT: {"using":"xpath","value":"//table[contains(@id, \"listView-innerSelectionPanelTable-listUl\")]/tbody/tr[15]/td[2]/div/div"}
COMMAND: POST /session/f418f7bc7d2ff1d2d712b3b5ad58086f/element - {"using":"xpath","value":"//table[contains(@id, \"listView-innerSelectionPanelTable-listUl\")]/tbody/tr[15]/td[2]/div"}
RESULT: {"using":"xpath","value":"//table[contains(@id, \"listView-innerSelectionPanelTable-listUl\")]/tbody/tr[15]/td[2]/div"}
COMMAND: POST /session/f418f7bc7d2ff1d2d712b3b5ad58086f/element - {"using":"xpath","value":"//table[contains(@id, \"listView-innerSelectionPanelTable-listUl\")]/tbody/tr[15]/td[3]/div/div/span/span[1]/bdi"}
RESULT: {"using":"xpath","value":"//table[contains(@id, \"listView-innerSelectionPanelTable-listUl\")]/tbody/tr[15]/td[3]/div/div/span/span[1]/bdi"}
COMMAND: POST /session/f418f7bc7d2ff1d2d712b3b5ad58086f/execute/sync - {"script":"<script> [56 bytes]","args":[{"element-6066-11e4-a52e-4f735466cecf":"f.72BD6EB346CCC82EDFB0602EE84AC45D.d.857343439B1C17B9C3F32B6062317350.e.7449","ELEMENT":"f.72BD6EB346CCC82EDFB0602EE84AC45D.d.857343439B1C17B9C3F32B6062317350.e.7449"}]}
RESULT: {"script":"<script> [56 bytes]","args":[{"element-6066-11e4-a52e-4f735466cecf":"f.72BD6EB346CCC82EDFB0602EE84AC45D.d.857343439B1C17B9C3F32B6062317350.e.7449","ELEMENT":"f.72BD6EB346CCC82EDFB0602EE84AC45D.d.857343439B1C17B9C3F32B6062317350.e.7449"}]}
COMMAND: GET /session/f418f7bc7d2ff1d2d712b3b5ad58086f/element/f.72BD6EB346CCC82EDFB0602EE84AC45D.d.857343439B1C17B9C3F32B6062317350.e.7448/attribute/aria-checked - {}
COMMAND: GET /session/f418f7bc7d2ff1d2d712b3b5ad58086f/screenshot - {}
RESULT: {}
COMMAND: POST /session/f418f7bc7d2ff1d2d712b3b5ad58086f/element - {"using":"xpath","value":"//table[contains(@id, \"listView-innerSelectionPanelTable-listUl\")]/tbody/tr[16]/td[2]/div/div"}
RESULT: {}
RESULT: {"using":"xpath","value":"//table[contains(@id, \"listView-innerSelectionPanelTable-listUl\")]/tbody/tr[16]/td[2]/div/div"}
COMMAND: POST /session/f418f7bc7d2ff1d2d712b3b5ad58086f/element - {"using":"xpath","value":"//table[contains(@id, \"listView-innerSelectionPanelTable-listUl\")]/tbody/tr[16]/td[2]/div"}
RESULT: {"using":"xpath","value":"//table[contains(@id, \"listView-innerSelectionPanelTable-listUl\")]/tbody/tr[16]/td[2]/div"}
COMMAND: POST /session/f418f7bc7d2ff1d2d712b3b5ad58086f/element - {"using":"xpath","value":"//table[contains(@id, \"listView-innerSelectionPanelTable-listUl\")]/tbody/tr[16]/td[3]/div/div/span/span[1]/bdi"}
RESULT: {"using":"xpath","value":"//table[contains(@id, \"listView-innerSelectionPanelTable-listUl\")]/tbody/tr[16]/td[3]/div/div/span/span[1]/bdi"}
COMMAND: POST /session/f418f7bc7d2ff1d2d712b3b5ad58086f/execute/sync - {"script":"<script> [56 bytes]","args":[{"element-6066-11e4-a52e-4f735466cecf":"f.72BD6EB346CCC82EDFB0602EE84AC45D.d.857343439B1C17B9C3F32B6062317350.e.7452","ELEMENT":"f.72BD6EB346CCC82EDFB0602EE84AC45D.d.857343439B1C17B9C3F32B6062317350.e.7452"}]}
RESULT: {"script":"<script> [56 bytes]","args":[{"element-6066-11e4-a52e-4f735466cecf":"f.72BD6EB346CCC82EDFB0602EE84AC45D.d.857343439B1C17B9C3F32B6062317350.e.7452","ELEMENT":"f.72BD6EB346CCC82EDFB0602EE84AC45D.d.857343439B1C17B9C3F32B6062317350.e.7452"}]}
COMMAND: GET /session/f418f7bc7d2ff1d2d712b3b5ad58086f/element/f.72BD6EB346CCC82EDFB0602EE84AC45D.d.857343439B1C17B9C3F32B6062317350.e.7451/attribute/aria-checked - {}
COMMAND: GET /session/f418f7bc7d2ff1d2d712b3b5ad58086f/screenshot - {}
RESULT: {}
COMMAND: POST /session/f418f7bc7d2ff1d2d712b3b5ad58086f/element - {"using":"xpath","value":"//table[contains(@id, \"listView-innerSelectionPanelTable-listUl\")]/tbody/tr[17]/td[2]/div/div"}
RESULT: {}
RESULT: {"using":"xpath","value":"//table[contains(@id, \"listView-innerSelectionPanelTable-listUl\")]/tbody/tr[17]/td[2]/div/div"}
COMMAND: POST /session/f418f7bc7d2ff1d2d712b3b5ad58086f/element - {"using":"xpath","value":"//table[contains(@id, \"listView-innerSelectionPanelTable-listUl\")]/tbody/tr[17]/td[2]/div"}
RESULT: {"using":"xpath","value":"//table[contains(@id, \"listView-innerSelectionPanelTable-listUl\")]/tbody/tr[17]/td[2]/div"}
COMMAND: POST /session/f418f7bc7d2ff1d2d712b3b5ad58086f/element - {"using":"xpath","value":"//table[contains(@id, \"listView-innerSelectionPanelTable-listUl\")]/tbody/tr[17]/td[3]/div/div/span/span[1]/bdi"}
RESULT: {"using":"xpath","value":"//table[contains(@id, \"listView-innerSelectionPanelTable-listUl\")]/tbody/tr[17]/td[3]/div/div/span/span[1]/bdi"}
COMMAND: POST /session/f418f7bc7d2ff1d2d712b3b5ad58086f/execute/sync - {"script":"<script> [56 bytes]","args":[{"element-6066-11e4-a52e-4f735466cecf":"f.72BD6EB346CCC82EDFB0602EE84AC45D.d.857343439B1C17B9C3F32B6062317350.e.7455","ELEMENT":"f.72BD6EB346CCC82EDFB0602EE84AC45D.d.857343439B1C17B9C3F32B6062317350.e.7455"}]}
RESULT: {"script":"<script> [56 bytes]","args":[{"element-6066-11e4-a52e-4f735466cecf":"f.72BD6EB346CCC82EDFB0602EE84AC45D.d.857343439B1C17B9C3F32B6062317350.e.7455","ELEMENT":"f.72BD6EB346CCC82EDFB0602EE84AC45D.d.857343439B1C17B9C3F32B6062317350.e.7455"}]}
COMMAND: GET /session/f418f7bc7d2ff1d2d712b3b5ad58086f/element/f.72BD6EB346CCC82EDFB0602EE84AC45D.d.857343439B1C17B9C3F32B6062317350.e.7454/attribute/aria-checked - {}
COMMAND: GET /session/f418f7bc7d2ff1d2d712b3b5ad58086f/screenshot - {}
RESULT: {}
COMMAND: POST /session/f418f7bc7d2ff1d2d712b3b5ad58086f/element - {"using":"xpath","value":"//table[contains(@id, \"listView-innerSelectionPanelTable-listUl\")]/tbody/tr[18]/td[2]/div/div"}
RESULT: {}
RESULT: {"using":"xpath","value":"//table[contains(@id, \"listView-innerSelectionPanelTable-listUl\")]/tbody/tr[18]/td[2]/div/div"}
COMMAND: POST /session/f418f7bc7d2ff1d2d712b3b5ad58086f/element - {"using":"xpath","value":"//table[contains(@id, \"listView-innerSelectionPanelTable-listUl\")]/tbody/tr[18]/td[2]/div"}
RESULT: {"using":"xpath","value":"//table[contains(@id, \"listView-innerSelectionPanelTable-listUl\")]/tbody/tr[18]/td[2]/div"}
COMMAND: POST /session/f418f7bc7d2ff1d2d712b3b5ad58086f/element - {"using":"xpath","value":"//table[contains(@id, \"listView-innerSelectionPanelTable-listUl\")]/tbody/tr[18]/td[3]/div/div/span/span[1]/bdi"}
RESULT: {"using":"xpath","value":"//table[contains(@id, \"listView-innerSelectionPanelTable-listUl\")]/tbody/tr[18]/td[3]/div/div/span/span[1]/bdi"}
COMMAND: POST /session/f418f7bc7d2ff1d2d712b3b5ad58086f/execute/sync - {"script":"<script> [56 bytes]","args":[{"element-6066-11e4-a52e-4f735466cecf":"f.72BD6EB346CCC82EDFB0602EE84AC45D.d.857343439B1C17B9C3F32B6062317350.e.7458","ELEMENT":"f.72BD6EB346CCC82EDFB0602EE84AC45D.d.857343439B1C17B9C3F32B6062317350.e.7458"}]}
RESULT: {"script":"<script> [56 bytes]","args":[{"element-6066-11e4-a52e-4f735466cecf":"f.72BD6EB346CCC82EDFB0602EE84AC45D.d.857343439B1C17B9C3F32B6062317350.e.7458","ELEMENT":"f.72BD6EB346CCC82EDFB0602EE84AC45D.d.857343439B1C17B9C3F32B6062317350.e.7458"}]}
COMMAND: GET /session/f418f7bc7d2ff1d2d712b3b5ad58086f/element/f.72BD6EB346CCC82EDFB0602EE84AC45D.d.857343439B1C17B9C3F32B6062317350.e.7457/attribute/aria-checked - {}
COMMAND: GET /session/f418f7bc7d2ff1d2d712b3b5ad58086f/screenshot - {}
RESULT: {}
COMMAND: POST /session/f418f7bc7d2ff1d2d712b3b5ad58086f/element - {"using":"xpath","value":"//table[contains(@id, \"listView-innerSelectionPanelTable-listUl\")]/tbody/tr[19]/td[2]/div/div"}
RESULT: {}
RESULT: {"using":"xpath","value":"//table[contains(@id, \"listView-innerSelectionPanelTable-listUl\")]/tbody/tr[19]/td[2]/div/div"}
COMMAND: POST /session/f418f7bc7d2ff1d2d712b3b5ad58086f/element - {"using":"xpath","value":"//table[contains(@id, \"listView-innerSelectionPanelTable-listUl\")]/tbody/tr[19]/td[2]/div"}
RESULT: {"using":"xpath","value":"//table[contains(@id, \"listView-innerSelectionPanelTable-listUl\")]/tbody/tr[19]/td[2]/div"}
COMMAND: POST /session/f418f7bc7d2ff1d2d712b3b5ad58086f/element - {"using":"xpath","value":"//table[contains(@id, \"listView-innerSelectionPanelTable-listUl\")]/tbody/tr[19]/td[3]/div/div/span/span[1]/bdi"}
RESULT: {"using":"xpath","value":"//table[contains(@id, \"listView-innerSelectionPanelTable-listUl\")]/tbody/tr[19]/td[3]/div/div/span/span[1]/bdi"}
COMMAND: POST /session/f418f7bc7d2ff1d2d712b3b5ad58086f/execute/sync - {"script":"<script> [56 bytes]","args":[{"element-6066-11e4-a52e-4f735466cecf":"f.72BD6EB346CCC82EDFB0602EE84AC45D.d.857343439B1C17B9C3F32B6062317350.e.7461","ELEMENT":"f.72BD6EB346CCC82EDFB0602EE84AC45D.d.857343439B1C17B9C3F32B6062317350.e.7461"}]}
RESULT: {"script":"<script> [56 bytes]","args":[{"element-6066-11e4-a52e-4f735466cecf":"f.72BD6EB346CCC82EDFB0602EE84AC45D.d.857343439B1C17B9C3F32B6062317350.e.7461","ELEMENT":"f.72BD6EB346CCC82EDFB0602EE84AC45D.d.857343439B1C17B9C3F32B6062317350.e.7461"}]}
COMMAND: GET /session/f418f7bc7d2ff1d2d712b3b5ad58086f/element/f.72BD6EB346CCC82EDFB0602EE84AC45D.d.857343439B1C17B9C3F32B6062317350.e.7460/attribute/aria-checked - {}
COMMAND: GET /session/f418f7bc7d2ff1d2d712b3b5ad58086f/screenshot - {}
RESULT: {}
RESULT: {}
COMMAND: POST /session/f418f7bc7d2ff1d2d712b3b5ad58086f/element - {"using":"xpath","value":"//table[contains(@id, \"listView-innerSelectionPanelTable-listUl\")]/tbody/tr[20]/td[2]/div/div"}
RESULT: {"using":"xpath","value":"//table[contains(@id, \"listView-innerSelectionPanelTable-listUl\")]/tbody/tr[20]/td[2]/div/div"}
COMMAND: POST /session/f418f7bc7d2ff1d2d712b3b5ad58086f/element - {"using":"xpath","value":"//table[contains(@id, \"listView-innerSelectionPanelTable-listUl\")]/tbody/tr[20]/td[2]/div"}
RESULT: {"using":"xpath","value":"//table[contains(@id, \"listView-innerSelectionPanelTable-listUl\")]/tbody/tr[20]/td[2]/div"}
COMMAND: POST /session/f418f7bc7d2ff1d2d712b3b5ad58086f/element - {"using":"xpath","value":"//table[contains(@id, \"listView-innerSelectionPanelTable-listUl\")]/tbody/tr[20]/td[3]/div/div/span/span[1]/bdi"}
RESULT: {"using":"xpath","value":"//table[contains(@id, \"listView-innerSelectionPanelTable-listUl\")]/tbody/tr[20]/td[3]/div/div/span/span[1]/bdi"}
COMMAND: POST /session/f418f7bc7d2ff1d2d712b3b5ad58086f/execute/sync - {"script":"<script> [56 bytes]","args":[{"element-6066-11e4-a52e-4f735466cecf":"f.72BD6EB346CCC82EDFB0602EE84AC45D.d.857343439B1C17B9C3F32B6062317350.e.7464","ELEMENT":"f.72BD6EB346CCC82EDFB0602EE84AC45D.d.857343439B1C17B9C3F32B6062317350.e.7464"}]}
RESULT: {"script":"<script> [56 bytes]","args":[{"element-6066-11e4-a52e-4f735466cecf":"f.72BD6EB346CCC82EDFB0602EE84AC45D.d.857343439B1C17B9C3F32B6062317350.e.7464","ELEMENT":"f.72BD6EB346CCC82EDFB0602EE84AC45D.d.857343439B1C17B9C3F32B6062317350.e.7464"}]}
COMMAND: GET /session/f418f7bc7d2ff1d2d712b3b5ad58086f/element/f.72BD6EB346CCC82EDFB0602EE84AC45D.d.857343439B1C17B9C3F32B6062317350.e.7463/attribute/aria-checked - {}
COMMAND: GET /session/f418f7bc7d2ff1d2d712b3b5ad58086f/screenshot - {}
RESULT: {}
COMMAND: POST /session/f418f7bc7d2ff1d2d712b3b5ad58086f/element - {"using":"xpath","value":"//table[contains(@id, \"listView-innerSelectionPanelTable-listUl\")]/tbody/tr[21]/td[2]/div/div"}
COMMAND: POST /session/f418f7bc7d2ff1d2d712b3b5ad58086f/element/f.72BD6EB346CCC82EDFB0602EE84AC45D.d.857343439B1C17B9C3F32B6062317350.e.7462/click - {}
RESULT: {}
RESULT: {"using":"xpath","value":"//table[contains(@id, \"listView-innerSelectionPanelTable-listUl\")]/tbody/tr[21]/td[2]/div/div"}
COMMAND: POST /session/f418f7bc7d2ff1d2d712b3b5ad58086f/element - {"using":"xpath","value":"//table[contains(@id, \"listView-innerSelectionPanelTable-listUl\")]/tbody/tr[21]/td[2]/div"}
RESULT: {}
COMMAND: GET /session/f418f7bc7d2ff1d2d712b3b5ad58086f/screenshot - {}
RESULT: {"using":"xpath","value":"//table[contains(@id, \"listView-innerSelectionPanelTable-listUl\")]/tbody/tr[21]/td[2]/div"}
COMMAND: POST /session/f418f7bc7d2ff1d2d712b3b5ad58086f/element - {"using":"xpath","value":"//table[contains(@id, \"listView-innerSelectionPanelTable-listUl\")]/tbody/tr[21]/td[3]/div/div/span/span[1]/bdi"}
RESULT: {}
RESULT: {"using":"xpath","value":"//table[contains(@id, \"listView-innerSelectionPanelTable-listUl\")]/tbody/tr[21]/td[3]/div/div/span/span[1]/bdi"}
COMMAND: POST /session/f418f7bc7d2ff1d2d712b3b5ad58086f/execute/sync - {"script":"<script> [56 bytes]","args":[{"element-6066-11e4-a52e-4f735466cecf":"f.72BD6EB346CCC82EDFB0602EE84AC45D.d.857343439B1C17B9C3F32B6062317350.e.7470","ELEMENT":"f.72BD6EB346CCC82EDFB0602EE84AC45D.d.857343439B1C17B9C3F32B6062317350.e.7470"}]}
RESULT: {"script":"<script> [56 bytes]","args":[{"element-6066-11e4-a52e-4f735466cecf":"f.72BD6EB346CCC82EDFB0602EE84AC45D.d.857343439B1C17B9C3F32B6062317350.e.7470","ELEMENT":"f.72BD6EB346CCC82EDFB0602EE84AC45D.d.857343439B1C17B9C3F32B6062317350.e.7470"}]}
COMMAND: GET /session/f418f7bc7d2ff1d2d712b3b5ad58086f/element/f.72BD6EB346CCC82EDFB0602EE84AC45D.d.857343439B1C17B9C3F32B6062317350.e.7469/attribute/aria-checked - {}
COMMAND: GET /session/f418f7bc7d2ff1d2d712b3b5ad58086f/screenshot - {}
RESULT: {}
COMMAND: POST /session/f418f7bc7d2ff1d2d712b3b5ad58086f/element - {"using":"xpath","value":"//table[contains(@id, \"listView-innerSelectionPanelTable-listUl\")]/tbody/tr[22]/td[2]/div/div"}
COMMAND: POST /session/f418f7bc7d2ff1d2d712b3b5ad58086f/element/f.72BD6EB346CCC82EDFB0602EE84AC45D.d.857343439B1C17B9C3F32B6062317350.e.7465/click - {}
RESULT: {}
RESULT: {"using":"xpath","value":"//table[contains(@id, \"listView-innerSelectionPanelTable-listUl\")]/tbody/tr[22]/td[2]/div/div"}
COMMAND: POST /session/f418f7bc7d2ff1d2d712b3b5ad58086f/element - {"using":"xpath","value":"//table[contains(@id, \"listView-innerSelectionPanelTable-listUl\")]/tbody/tr[22]/td[2]/div"}
RESULT: {}
COMMAND: GET /session/f418f7bc7d2ff1d2d712b3b5ad58086f/screenshot - {}
RESULT: {"using":"xpath","value":"//table[contains(@id, \"listView-innerSelectionPanelTable-listUl\")]/tbody/tr[22]/td[2]/div"}
COMMAND: POST /session/f418f7bc7d2ff1d2d712b3b5ad58086f/element - {"using":"xpath","value":"//table[contains(@id, \"listView-innerSelectionPanelTable-listUl\")]/tbody/tr[22]/td[3]/div/div/span/span[1]/bdi"}
RESULT: {}
RESULT: {"using":"xpath","value":"//table[contains(@id, \"listView-innerSelectionPanelTable-listUl\")]/tbody/tr[22]/td[3]/div/div/span/span[1]/bdi"}
COMMAND: POST /session/f418f7bc7d2ff1d2d712b3b5ad58086f/execute/sync - {"script":"<script> [56 bytes]","args":[{"element-6066-11e4-a52e-4f735466cecf":"f.72BD6EB346CCC82EDFB0602EE84AC45D.d.857343439B1C17B9C3F32B6062317350.e.7474","ELEMENT":"f.72BD6EB346CCC82EDFB0602EE84AC45D.d.857343439B1C17B9C3F32B6062317350.e.7474"}]}
RESULT: {"script":"<script> [56 bytes]","args":[{"element-6066-11e4-a52e-4f735466cecf":"f.72BD6EB346CCC82EDFB0602EE84AC45D.d.857343439B1C17B9C3F32B6062317350.e.7474","ELEMENT":"f.72BD6EB346CCC82EDFB0602EE84AC45D.d.857343439B1C17B9C3F32B6062317350.e.7474"}]}
COMMAND: GET /session/f418f7bc7d2ff1d2d712b3b5ad58086f/element/f.72BD6EB346CCC82EDFB0602EE84AC45D.d.857343439B1C17B9C3F32B6062317350.e.7473/attribute/aria-checked - {}
COMMAND: GET /session/f418f7bc7d2ff1d2d712b3b5ad58086f/screenshot - {}
RESULT: {}
COMMAND: POST /session/f418f7bc7d2ff1d2d712b3b5ad58086f/element - {"using":"xpath","value":"//table[contains(@id, \"listView-innerSelectionPanelTable-listUl\")]/tbody/tr[23]/td[2]/div/div"}
RESULT: {}
RESULT: {"using":"xpath","value":"//table[contains(@id, \"listView-innerSelectionPanelTable-listUl\")]/tbody/tr[23]/td[2]/div/div"}
COMMAND: POST /session/f418f7bc7d2ff1d2d712b3b5ad58086f/element - {"using":"xpath","value":"//table[contains(@id, \"listView-innerSelectionPanelTable-listUl\")]/tbody/tr[23]/td[2]/div"}
RESULT: {"using":"xpath","value":"//table[contains(@id, \"listView-innerSelectionPanelTable-listUl\")]/tbody/tr[23]/td[2]/div"}
COMMAND: POST /session/f418f7bc7d2ff1d2d712b3b5ad58086f/element - {"using":"xpath","value":"//table[contains(@id, \"listView-innerSelectionPanelTable-listUl\")]/tbody/tr[23]/td[3]/div/div/span/span[1]/bdi"}
RESULT: {"using":"xpath","value":"//table[contains(@id, \"listView-innerSelectionPanelTable-listUl\")]/tbody/tr[23]/td[3]/div/div/span/span[1]/bdi"}
COMMAND: POST /session/f418f7bc7d2ff1d2d712b3b5ad58086f/execute/sync - {"script":"<script> [56 bytes]","args":[{"element-6066-11e4-a52e-4f735466cecf":"f.72BD6EB346CCC82EDFB0602EE84AC45D.d.857343439B1C17B9C3F32B6062317350.e.7477","ELEMENT":"f.72BD6EB346CCC82EDFB0602EE84AC45D.d.857343439B1C17B9C3F32B6062317350.e.7477"}]}
RESULT: {"script":"<script> [56 bytes]","args":[{"element-6066-11e4-a52e-4f735466cecf":"f.72BD6EB346CCC82EDFB0602EE84AC45D.d.857343439B1C17B9C3F32B6062317350.e.7477","ELEMENT":"f.72BD6EB346CCC82EDFB0602EE84AC45D.d.857343439B1C17B9C3F32B6062317350.e.7477"}]}
COMMAND: GET /session/f418f7bc7d2ff1d2d712b3b5ad58086f/element/f.72BD6EB346CCC82EDFB0602EE84AC45D.d.857343439B1C17B9C3F32B6062317350.e.7476/attribute/aria-checked - {}
COMMAND: GET /session/f418f7bc7d2ff1d2d712b3b5ad58086f/screenshot - {}
RESULT: {}
COMMAND: POST /session/f418f7bc7d2ff1d2d712b3b5ad58086f/element - {"using":"xpath","value":"//table[contains(@id, \"listView-innerSelectionPanelTable-listUl\")]/tbody/tr[24]/td[2]/div/div"}
RESULT: {}
RESULT: {"using":"xpath","value":"//table[contains(@id, \"listView-innerSelectionPanelTable-listUl\")]/tbody/tr[24]/td[2]/div/div"}
COMMAND: POST /session/f418f7bc7d2ff1d2d712b3b5ad58086f/element - {"using":"xpath","value":"//table[contains(@id, \"listView-innerSelectionPanelTable-listUl\")]/tbody/tr[24]/td[2]/div"}
RESULT: {"using":"xpath","value":"//table[contains(@id, \"listView-innerSelectionPanelTable-listUl\")]/tbody/tr[24]/td[2]/div"}
COMMAND: POST /session/f418f7bc7d2ff1d2d712b3b5ad58086f/element - {"using":"xpath","value":"//table[contains(@id, \"listView-innerSelectionPanelTable-listUl\")]/tbody/tr[24]/td[3]/div/div/span/span[1]/bdi"}
RESULT: {"using":"xpath","value":"//table[contains(@id, \"listView-innerSelectionPanelTable-listUl\")]/tbody/tr[24]/td[3]/div/div/span/span[1]/bdi"}
COMMAND: POST /session/f418f7bc7d2ff1d2d712b3b5ad58086f/execute/sync - {"script":"<script> [56 bytes]","args":[{"element-6066-11e4-a52e-4f735466cecf":"f.72BD6EB346CCC82EDFB0602EE84AC45D.d.857343439B1C17B9C3F32B6062317350.e.7480","ELEMENT":"f.72BD6EB346CCC82EDFB0602EE84AC45D.d.857343439B1C17B9C3F32B6062317350.e.7480"}]}
RESULT: {"script":"<script> [56 bytes]","args":[{"element-6066-11e4-a52e-4f735466cecf":"f.72BD6EB346CCC82EDFB0602EE84AC45D.d.857343439B1C17B9C3F32B6062317350.e.7480","ELEMENT":"f.72BD6EB346CCC82EDFB0602EE84AC45D.d.857343439B1C17B9C3F32B6062317350.e.7480"}]}
COMMAND: GET /session/f418f7bc7d2ff1d2d712b3b5ad58086f/element/f.72BD6EB346CCC82EDFB0602EE84AC45D.d.857343439B1C17B9C3F32B6062317350.e.7479/attribute/aria-checked - {}
COMMAND: GET /session/f418f7bc7d2ff1d2d712b3b5ad58086f/screenshot - {}
RESULT: {}
COMMAND: POST /session/f418f7bc7d2ff1d2d712b3b5ad58086f/element - {"using":"xpath","value":"//table[contains(@id, \"listView-innerSelectionPanelTable-listUl\")]/tbody/tr[25]/td[2]/div/div"}
RESULT: {}
RESULT: {"using":"xpath","value":"//table[contains(@id, \"listView-innerSelectionPanelTable-listUl\")]/tbody/tr[25]/td[2]/div/div"}
COMMAND: POST /session/f418f7bc7d2ff1d2d712b3b5ad58086f/element - {"using":"xpath","value":"//table[contains(@id, \"listView-innerSelectionPanelTable-listUl\")]/tbody/tr[25]/td[2]/div"}
RESULT: {"using":"xpath","value":"//table[contains(@id, \"listView-innerSelectionPanelTable-listUl\")]/tbody/tr[25]/td[2]/div"}
COMMAND: POST /session/f418f7bc7d2ff1d2d712b3b5ad58086f/element - {"using":"xpath","value":"//table[contains(@id, \"listView-innerSelectionPanelTable-listUl\")]/tbody/tr[25]/td[3]/div/div/span/span[1]/bdi"}
RESULT: {"using":"xpath","value":"//table[contains(@id, \"listView-innerSelectionPanelTable-listUl\")]/tbody/tr[25]/td[3]/div/div/span/span[1]/bdi"}
COMMAND: POST /session/f418f7bc7d2ff1d2d712b3b5ad58086f/execute/sync - {"script":"<script> [56 bytes]","args":[{"element-6066-11e4-a52e-4f735466cecf":"f.72BD6EB346CCC82EDFB0602EE84AC45D.d.857343439B1C17B9C3F32B6062317350.e.7483","ELEMENT":"f.72BD6EB346CCC82EDFB0602EE84AC45D.d.857343439B1C17B9C3F32B6062317350.e.7483"}]}
RESULT: {"script":"<script> [56 bytes]","args":[{"element-6066-11e4-a52e-4f735466cecf":"f.72BD6EB346CCC82EDFB0602EE84AC45D.d.857343439B1C17B9C3F32B6062317350.e.7483","ELEMENT":"f.72BD6EB346CCC82EDFB0602EE84AC45D.d.857343439B1C17B9C3F32B6062317350.e.7483"}]}
COMMAND: GET /session/f418f7bc7d2ff1d2d712b3b5ad58086f/element/f.72BD6EB346CCC82EDFB0602EE84AC45D.d.857343439B1C17B9C3F32B6062317350.e.7482/attribute/aria-checked - {}
COMMAND: GET /session/f418f7bc7d2ff1d2d712b3b5ad58086f/screenshot - {}
RESULT: {}
COMMAND: POST /session/f418f7bc7d2ff1d2d712b3b5ad58086f/element - {"using":"xpath","value":"//bdi[contains(text(), \"OK\")]"}
RESULT: {}
RESULT: {"using":"xpath","value":"//bdi[contains(text(), \"OK\")]"}
COMMAND: POST /session/f418f7bc7d2ff1d2d712b3b5ad58086f/element/f.72BD6EB346CCC82EDFB0602EE84AC45D.d.857343439B1C17B9C3F32B6062317350.e.7484/click - {}
RESULT: {}
COMMAND: GET /session/f418f7bc7d2ff1d2d712b3b5ad58086f/screenshot - {}
RESULT: {}
COMMAND: POST /session/f418f7bc7d2ff1d2d712b3b5ad58086f/execute/async - {"script":"<script> [1562 bytes]","args":[{"selector":{"id":"application-managepartners-display-component---masterPtm--smartFilterBar-filterItemControlA_-LINK_TO_ADDRESSES_MAIN.ID-vhi"},"wdio_ui5_key":"applicationmanagepartners-display-component---masterPtm--smartFilterBar-filterItemControlA_-LINK_TO_ADDRESSES_MAIN.ID-vhi"}]}
RESULT: {"script":"<script> [1562 bytes]","args":[{"selector":{"id":"application-managepartners-display-component---masterPtm--smartFilterBar-filterItemControlA_-LINK_TO_ADDRESSES_MAIN.ID-vhi"},"wdio_ui5_key":"applicationmanagepartners-display-component---masterPtm--smartFilterBar-filterItemControlA_-LINK_TO_ADDRESSES_MAIN.ID-vhi"}]}
RESULT: undefined
COMMAND: POST /session/f418f7bc7d2ff1d2d712b3b5ad58086f/element - {"using":"xpath","value":"//*[@id=\"application-managepartners-display-component---masterPtm--smartFilterBar-filterItemControlA_-LINK_TO_ADDRESSES_MAIN.ID-vhi\"]"}
RESULT: {"using":"xpath","value":"//*[@id=\"application-managepartners-display-component---masterPtm--smartFilterBar-filterItemControlA_-LINK_TO_ADDRESSES_MAIN.ID-vhi\"]"}
COMMAND: POST /session/f418f7bc7d2ff1d2d712b3b5ad58086f/element/f.72BD6EB346CCC82EDFB0602EE84AC45D.d.857343439B1C17B9C3F32B6062317350.e.7497/click - {}
RESULT: {}
COMMAND: GET /session/f418f7bc7d2ff1d2d712b3b5ad58086f/screenshot - {}
RESULT: {}
COMMAND: POST /session/f418f7bc7d2ff1d2d712b3b5ad58086f/execute/async - {"script":"<script> [1562 bytes]","args":[{"selector":{"controlType":"sap.ui.core.Icon","viewName":"etm.portal.ui.managepartners.view.Master","viewId":"application-managepartners-display-component---masterPtm","properties":{"src":{"regex":{"source":"slim\\-arrow\\-down"}}},"searchOpenDialogs":true},"wdio_ui5_key":"etmportal.ui.managepartners.view.Mastersap.ui.core.Icon{\"src\":{\"regex\":{\"source\":\"slim\\\\-arrow\\\\-down\"}}}"}]}
RESULT: {"script":"<script> [1562 bytes]","args":[{"selector":{"controlType":"sap.ui.core.Icon","viewName":"etm.portal.ui.managepartners.view.Master","viewId":"application-managepartners-display-component---masterPtm","properties":{"src":{"regex":{"source":"slim\\-arrow\\-down"}}},"searchOpenDialogs":true},"wdio_ui5_key":"etmportal.ui.managepartners.view.Mastersap.ui.core.Icon{\"src\":{\"regex\":{\"source\":\"slim\\\\-arrow\\\\-down\"}}}"}]}
RESULT: undefined
COMMAND: POST /session/f418f7bc7d2ff1d2d712b3b5ad58086f/element - {"using":"xpath","value":"//*[@id=\"__box77-arrow\"]"}
RESULT: {"using":"xpath","value":"//*[@id=\"__box77-arrow\"]"}
COMMAND: POST /session/f418f7bc7d2ff1d2d712b3b5ad58086f/element/f.72BD6EB346CCC82EDFB0602EE84AC45D.d.857343439B1C17B9C3F32B6062317350.e.7502/click - {}
RESULT: {}
COMMAND: GET /session/f418f7bc7d2ff1d2d712b3b5ad58086f/screenshot - {}
RESULT: {}
COMMAND: POST /session/f418f7bc7d2ff1d2d712b3b5ad58086f/element - {"using":"xpath","value":"//li[.//span[text()='equal to']]"}
RESULT: {"using":"xpath","value":"//li[.//span[text()='equal to']]"}
COMMAND: POST /session/f418f7bc7d2ff1d2d712b3b5ad58086f/element/f.72BD6EB346CCC82EDFB0602EE84AC45D.d.857343439B1C17B9C3F32B6062317350.e.7503/click - {}
RESULT: {}
COMMAND: GET /session/f418f7bc7d2ff1d2d712b3b5ad58086f/screenshot - {}
RESULT: {}
RESULT: undefined
COMMAND: POST /session/f418f7bc7d2ff1d2d712b3b5ad58086f/execute/async - {"script":"<script> [776 bytes]","args":[{"enterText":"1006","selector":{"controlType":"sap.m.Input","viewName":"etm.portal.ui.managepartners.view.Master","viewId":"application-managepartners-display-component---masterPtm","properties":{"valueState":"None"},"searchOpenDialogs":true,"interaction":{"idSuffix":"inner"}},"clearTextFirst":true,"interactionType":"ENTER_TEXT"}]}
RESULT: {"script":"<script> [776 bytes]","args":[{"enterText":"1006","selector":{"controlType":"sap.m.Input","viewName":"etm.portal.ui.managepartners.view.Master","viewId":"application-managepartners-display-component---masterPtm","properties":{"valueState":"None"},"searchOpenDialogs":true,"interaction":{"idSuffix":"inner"}},"clearTextFirst":true,"interactionType":"ENTER_TEXT"}]}
COMMAND: POST /session/f418f7bc7d2ff1d2d712b3b5ad58086f/actions - {"actions":[{"id":"action22","type":"key","parameters":{},"actions":[{"type":"keyDown","value":"î€‡"},{"type":"pause","duration":10},{"type":"keyUp","value":"î€‡"}]}]}
RESULT: {"actions":[{"id":"action22","type":"key","parameters":{},"actions":[{"type":"keyDown","value":"î€‡"},{"type":"pause","duration":10},{"type":"keyUp","value":"î€‡"}]}]}
COMMAND: GET /session/f418f7bc7d2ff1d2d712b3b5ad58086f/screenshot - {}
RESULT: {}
COMMAND: POST /session/f418f7bc7d2ff1d2d712b3b5ad58086f/element - {"using":"xpath","value":"(//bdi[contains(text(), \"OK\")])[1]"}
RESULT: {"using":"xpath","value":"(//bdi[contains(text(), \"OK\")])[1]"}
COMMAND: POST /session/f418f7bc7d2ff1d2d712b3b5ad58086f/element/f.72BD6EB346CCC82EDFB0602EE84AC45D.d.857343439B1C17B9C3F32B6062317350.e.7504/click - {}
RESULT: {}
COMMAND: GET /session/f418f7bc7d2ff1d2d712b3b5ad58086f/screenshot - {}
RESULT: {}
COMMAND: POST /session/f418f7bc7d2ff1d2d712b3b5ad58086f/element - {"using":"xpath","value":"//span[@id=\"application-managepartners-display-component---masterPtm--smartTable-header-inner\"]"}
RESULT: {"using":"xpath","value":"//span[@id=\"application-managepartners-display-component---masterPtm--smartTable-header-inner\"]"}
COMMAND: POST /session/f418f7bc7d2ff1d2d712b3b5ad58086f/elements - {"using":"xpath","value":"//span[@id=\"application-managepartners-display-component---masterPtm--smartTable-header-inner\"]"}
RESULT: {"using":"xpath","value":"//span[@id=\"application-managepartners-display-component---masterPtm--smartTable-header-inner\"]"}
COMMAND: POST /session/f418f7bc7d2ff1d2d712b3b5ad58086f/execute/sync - {"script":"<script> [56 bytes]","args":[{"element-6066-11e4-a52e-4f735466cecf":"f.72BD6EB346CCC82EDFB0602EE84AC45D.d.857343439B1C17B9C3F32B6062317350.e.7342","ELEMENT":"f.72BD6EB346CCC82EDFB0602EE84AC45D.d.857343439B1C17B9C3F32B6062317350.e.7342"}]}
RESULT: {"script":"<script> [56 bytes]","args":[{"element-6066-11e4-a52e-4f735466cecf":"f.72BD6EB346CCC82EDFB0602EE84AC45D.d.857343439B1C17B9C3F32B6062317350.e.7342","ELEMENT":"f.72BD6EB346CCC82EDFB0602EE84AC45D.d.857343439B1C17B9C3F32B6062317350.e.7342"}]}
COMMAND: POST /session/f418f7bc7d2ff1d2d712b3b5ad58086f/element - {"using":"xpath","value":"//span[contains(@title, \"Remove\")]"}
COMMAND: GET /session/f418f7bc7d2ff1d2d712b3b5ad58086f/screenshot - {}
RESULT: {"using":"xpath","value":"//span[contains(@title, \"Remove\")]"}
COMMAND: POST /session/f418f7bc7d2ff1d2d712b3b5ad58086f/element/f.72BD6EB346CCC82EDFB0602EE84AC45D.d.857343439B1C17B9C3F32B6062317350.e.7509/click - {}
RESULT: {}
RESULT: {}
COMMAND: GET /session/f418f7bc7d2ff1d2d712b3b5ad58086f/screenshot - {}
RESULT: {}
RESULT: undefined
COMMAND: POST /session/f418f7bc7d2ff1d2d712b3b5ad58086f/element - {"using":"xpath","value":"//*[@id=\"application-managepartners-display-component---masterPtm--smartFilterBar-filterItemControl_BASIC-YARD-vhi\"]"}
RESULT: {"using":"xpath","value":"//*[@id=\"application-managepartners-display-component---masterPtm--smartFilterBar-filterItemControl_BASIC-YARD-vhi\"]"}
COMMAND: POST /session/f418f7bc7d2ff1d2d712b3b5ad58086f/element/f.72BD6EB346CCC82EDFB0602EE84AC45D.d.857343439B1C17B9C3F32B6062317350.e.7610/click - {}
RESULT: {}
COMMAND: GET /session/f418f7bc7d2ff1d2d712b3b5ad58086f/screenshot - {}
RESULT: {}
RESULT: undefined
COMMAND: POST /session/f418f7bc7d2ff1d2d712b3b5ad58086f/execute/async - {"script":"<script> [776 bytes]","args":[{"enterText":"Test","selector":{"id":"application-managepartners-display-component---masterPtm--smartFilterBar-filterItemControl_BASIC-YARD-valueHelpDialog-smartFilterBar-btnBasicSearch","searchOpenDialogs":true,"interaction":{"idSuffix":"I"}},"clearTextFirst":true,"interactionType":"ENTER_TEXT"}]}
RESULT: {"script":"<script> [776 bytes]","args":[{"enterText":"Test","selector":{"id":"application-managepartners-display-component---masterPtm--smartFilterBar-filterItemControl_BASIC-YARD-valueHelpDialog-smartFilterBar-btnBasicSearch","searchOpenDialogs":true,"interaction":{"idSuffix":"I"}},"clearTextFirst":true,"interactionType":"ENTER_TEXT"}]}
COMMAND: POST /session/f418f7bc7d2ff1d2d712b3b5ad58086f/actions - {"actions":[{"id":"action23","type":"key","parameters":{},"actions":[{"type":"keyDown","value":"î€‡"},{"type":"pause","duration":10},{"type":"keyUp","value":"î€‡"}]}]}
RESULT: {"actions":[{"id":"action23","type":"key","parameters":{},"actions":[{"type":"keyDown","value":"î€‡"},{"type":"pause","duration":10},{"type":"keyUp","value":"î€‡"}]}]}
COMMAND: POST /session/f418f7bc7d2ff1d2d712b3b5ad58086f/elements - {"using":"xpath","value":"//table[contains(@id, \"smartFilterBar-filterItemControl_BASIC-YARD-valueHelpDialog-table-table\")]/tbody/tr"}
COMMAND: GET /session/f418f7bc7d2ff1d2d712b3b5ad58086f/screenshot - {}
RESULT: {"using":"xpath","value":"//table[contains(@id, \"smartFilterBar-filterItemControl_BASIC-YARD-valueHelpDialog-table-table\")]/tbody/tr"}
COMMAND: POST /session/f418f7bc7d2ff1d2d712b3b5ad58086f/element - {"using":"xpath","value":"//table[contains(@id, \"smartFilterBar-filterItemControl_BASIC-YARD-valueHelpDialog-table-table\")]/tbody/tr[1]/td[1]/div/span"}
RESULT: {}
RESULT: {"using":"xpath","value":"//table[contains(@id, \"smartFilterBar-filterItemControl_BASIC-YARD-valueHelpDialog-table-table\")]/tbody/tr[1]/td[1]/div/span"}
COMMAND: POST /session/f418f7bc7d2ff1d2d712b3b5ad58086f/elements - {"using":"xpath","value":"//table[contains(@id, \"smartFilterBar-filterItemControl_BASIC-YARD-valueHelpDialog-table-table\")]/tbody/tr[1]/td[1]/div/span"}
RESULT: {"using":"xpath","value":"//table[contains(@id, \"smartFilterBar-filterItemControl_BASIC-YARD-valueHelpDialog-table-table\")]/tbody/tr[1]/td[1]/div/span"}
COMMAND: POST /session/f418f7bc7d2ff1d2d712b3b5ad58086f/execute/sync - {"script":"<script> [56 bytes]","args":[{"element-6066-11e4-a52e-4f735466cecf":"f.72BD6EB346CCC82EDFB0602EE84AC45D.d.857343439B1C17B9C3F32B6062317350.e.7629","ELEMENT":"f.72BD6EB346CCC82EDFB0602EE84AC45D.d.857343439B1C17B9C3F32B6062317350.e.7629"}]}
RESULT: {"script":"<script> [56 bytes]","args":[{"element-6066-11e4-a52e-4f735466cecf":"f.72BD6EB346CCC82EDFB0602EE84AC45D.d.857343439B1C17B9C3F32B6062317350.e.7629","ELEMENT":"f.72BD6EB346CCC82EDFB0602EE84AC45D.d.857343439B1C17B9C3F32B6062317350.e.7629"}]}
COMMAND: POST /session/f418f7bc7d2ff1d2d712b3b5ad58086f/element - {"using":"xpath","value":"//table[contains(@id, \"smartFilterBar-filterItemControl_BASIC-YARD-valueHelpDialog-table-table\")]/tbody/tr[2]/td[1]/div/span"}
COMMAND: GET /session/f418f7bc7d2ff1d2d712b3b5ad58086f/screenshot - {}
RESULT: {"using":"xpath","value":"//table[contains(@id, \"smartFilterBar-filterItemControl_BASIC-YARD-valueHelpDialog-table-table\")]/tbody/tr[2]/td[1]/div/span"}
COMMAND: POST /session/f418f7bc7d2ff1d2d712b3b5ad58086f/elements - {"using":"xpath","value":"//table[contains(@id, \"smartFilterBar-filterItemControl_BASIC-YARD-valueHelpDialog-table-table\")]/tbody/tr[2]/td[1]/div/span"}
RESULT: {}
RESULT: {"using":"xpath","value":"//table[contains(@id, \"smartFilterBar-filterItemControl_BASIC-YARD-valueHelpDialog-table-table\")]/tbody/tr[2]/td[1]/div/span"}
COMMAND: POST /session/f418f7bc7d2ff1d2d712b3b5ad58086f/execute/sync - {"script":"<script> [56 bytes]","args":[{"element-6066-11e4-a52e-4f735466cecf":"f.72BD6EB346CCC82EDFB0602EE84AC45D.d.857343439B1C17B9C3F32B6062317350.e.7630","ELEMENT":"f.72BD6EB346CCC82EDFB0602EE84AC45D.d.857343439B1C17B9C3F32B6062317350.e.7630"}]}
RESULT: {"script":"<script> [56 bytes]","args":[{"element-6066-11e4-a52e-4f735466cecf":"f.72BD6EB346CCC82EDFB0602EE84AC45D.d.857343439B1C17B9C3F32B6062317350.e.7630","ELEMENT":"f.72BD6EB346CCC82EDFB0602EE84AC45D.d.857343439B1C17B9C3F32B6062317350.e.7630"}]}
COMMAND: POST /session/f418f7bc7d2ff1d2d712b3b5ad58086f/element - {"using":"xpath","value":"//table[contains(@id, \"smartFilterBar-filterItemControl_BASIC-YARD-valueHelpDialog-table-table\")]/tbody/tr[3]/td[1]/div/span"}
COMMAND: GET /session/f418f7bc7d2ff1d2d712b3b5ad58086f/screenshot - {}
RESULT: {"using":"xpath","value":"//table[contains(@id, \"smartFilterBar-filterItemControl_BASIC-YARD-valueHelpDialog-table-table\")]/tbody/tr[3]/td[1]/div/span"}
COMMAND: POST /session/f418f7bc7d2ff1d2d712b3b5ad58086f/elements - {"using":"xpath","value":"//table[contains(@id, \"smartFilterBar-filterItemControl_BASIC-YARD-valueHelpDialog-table-table\")]/tbody/tr[3]/td[1]/div/span"}
RESULT: {}
RESULT: {"using":"xpath","value":"//table[contains(@id, \"smartFilterBar-filterItemControl_BASIC-YARD-valueHelpDialog-table-table\")]/tbody/tr[3]/td[1]/div/span"}
COMMAND: POST /session/f418f7bc7d2ff1d2d712b3b5ad58086f/execute/sync - {"script":"<script> [56 bytes]","args":[{"element-6066-11e4-a52e-4f735466cecf":"f.72BD6EB346CCC82EDFB0602EE84AC45D.d.857343439B1C17B9C3F32B6062317350.e.7631","ELEMENT":"f.72BD6EB346CCC82EDFB0602EE84AC45D.d.857343439B1C17B9C3F32B6062317350.e.7631"}]}
RESULT: {"script":"<script> [56 bytes]","args":[{"element-6066-11e4-a52e-4f735466cecf":"f.72BD6EB346CCC82EDFB0602EE84AC45D.d.857343439B1C17B9C3F32B6062317350.e.7631","ELEMENT":"f.72BD6EB346CCC82EDFB0602EE84AC45D.d.857343439B1C17B9C3F32B6062317350.e.7631"}]}
COMMAND: POST /session/f418f7bc7d2ff1d2d712b3b5ad58086f/element - {"using":"xpath","value":"//div[contains(@id, \"filterItemControl_BASIC-YARD-valueHelpDialog-table-rowsel2\")]"}
COMMAND: GET /session/f418f7bc7d2ff1d2d712b3b5ad58086f/screenshot - {}
RESULT: {"using":"xpath","value":"//div[contains(@id, \"filterItemControl_BASIC-YARD-valueHelpDialog-table-rowsel2\")]"}
COMMAND: POST /session/f418f7bc7d2ff1d2d712b3b5ad58086f/element/f.72BD6EB346CCC82EDFB0602EE84AC45D.d.857343439B1C17B9C3F32B6062317350.e.7632/click - {}
RESULT: {}
RESULT: {}
COMMAND: GET /session/f418f7bc7d2ff1d2d712b3b5ad58086f/screenshot - {}
RESULT: {}
COMMAND: POST /session/f418f7bc7d2ff1d2d712b3b5ad58086f/element - {"using":"xpath","value":"(//bdi[contains(text(), \"OK\")])[1]"}
RESULT: {"using":"xpath","value":"(//bdi[contains(text(), \"OK\")])[1]"}
COMMAND: POST /session/f418f7bc7d2ff1d2d712b3b5ad58086f/element/f.72BD6EB346CCC82EDFB0602EE84AC45D.d.857343439B1C17B9C3F32B6062317350.e.7634/click - {}
RESULT: {}
COMMAND: GET /session/f418f7bc7d2ff1d2d712b3b5ad58086f/screenshot - {}
RESULT: {}
COMMAND: POST /session/f418f7bc7d2ff1d2d712b3b5ad58086f/element - {"using":"xpath","value":"//span[@id=\"application-managepartners-display-component---masterPtm--smartTable-header-inner\"]"}
RESULT: {"using":"xpath","value":"//span[@id=\"application-managepartners-display-component---masterPtm--smartTable-header-inner\"]"}
COMMAND: POST /session/f418f7bc7d2ff1d2d712b3b5ad58086f/elements - {"using":"xpath","value":"//span[@id=\"application-managepartners-display-component---masterPtm--smartTable-header-inner\"]"}
RESULT: {"using":"xpath","value":"//span[@id=\"application-managepartners-display-component---masterPtm--smartTable-header-inner\"]"}
COMMAND: POST /session/f418f7bc7d2ff1d2d712b3b5ad58086f/execute/sync - {"script":"<script> [56 bytes]","args":[{"element-6066-11e4-a52e-4f735466cecf":"f.72BD6EB346CCC82EDFB0602EE84AC45D.d.857343439B1C17B9C3F32B6062317350.e.7342","ELEMENT":"f.72BD6EB346CCC82EDFB0602EE84AC45D.d.857343439B1C17B9C3F32B6062317350.e.7342"}]}
RESULT: {"script":"<script> [56 bytes]","args":[{"element-6066-11e4-a52e-4f735466cecf":"f.72BD6EB346CCC82EDFB0602EE84AC45D.d.857343439B1C17B9C3F32B6062317350.e.7342","ELEMENT":"f.72BD6EB346CCC82EDFB0602EE84AC45D.d.857343439B1C17B9C3F32B6062317350.e.7342"}]}
COMMAND: POST /session/f418f7bc7d2ff1d2d712b3b5ad58086f/element - {"using":"xpath","value":"//span[contains(@title, \"Remove\")]"}
COMMAND: GET /session/f418f7bc7d2ff1d2d712b3b5ad58086f/screenshot - {}
RESULT: {"using":"xpath","value":"//span[contains(@title, \"Remove\")]"}
COMMAND: POST /session/f418f7bc7d2ff1d2d712b3b5ad58086f/element/f.72BD6EB346CCC82EDFB0602EE84AC45D.d.857343439B1C17B9C3F32B6062317350.e.7647/click - {}
RESULT: {}
RESULT: {}
COMMAND: GET /session/f418f7bc7d2ff1d2d712b3b5ad58086f/screenshot - {}
RESULT: {}
RESULT: undefined
COMMAND: POST /session/f418f7bc7d2ff1d2d712b3b5ad58086f/element - {"using":"xpath","value":"//*[@id=\"application-managepartners-display-component---masterPtm--smartFilterBar-filterItemControl_BASIC-MAIN_ADDRESS-vhi\"]"}
RESULT: {"using":"xpath","value":"//*[@id=\"application-managepartners-display-component---masterPtm--smartFilterBar-filterItemControl_BASIC-MAIN_ADDRESS-vhi\"]"}
COMMAND: POST /session/f418f7bc7d2ff1d2d712b3b5ad58086f/element/f.72BD6EB346CCC82EDFB0602EE84AC45D.d.857343439B1C17B9C3F32B6062317350.e.7747/click - {}
RESULT: {}
COMMAND: GET /session/f418f7bc7d2ff1d2d712b3b5ad58086f/screenshot - {}
RESULT: {}
RESULT: undefined
COMMAND: POST /session/f418f7bc7d2ff1d2d712b3b5ad58086f/execute/async - {"script":"<script> [776 bytes]","args":[{"enterText":"Romania","selector":{"id":"application-managepartners-display-component---masterPtm--smartFilterBar-filterItemControl_BASIC-MAIN_ADDRESS-valueHelpDialog-smartFilterBar-btnBasicSearch","searchOpenDialogs":true,"interaction":{"idSuffix":"I"}},"clearTextFirst":true,"interactionType":"ENTER_TEXT"}]}
RESULT: {"script":"<script> [776 bytes]","args":[{"enterText":"Romania","selector":{"id":"application-managepartners-display-component---masterPtm--smartFilterBar-filterItemControl_BASIC-MAIN_ADDRESS-valueHelpDialog-smartFilterBar-btnBasicSearch","searchOpenDialogs":true,"interaction":{"idSuffix":"I"}},"clearTextFirst":true,"interactionType":"ENTER_TEXT"}]}
COMMAND: POST /session/f418f7bc7d2ff1d2d712b3b5ad58086f/actions - {"actions":[{"id":"action24","type":"key","parameters":{},"actions":[{"type":"keyDown","value":"î€‡"},{"type":"pause","duration":10},{"type":"keyUp","value":"î€‡"}]}]}
RESULT: {"actions":[{"id":"action24","type":"key","parameters":{},"actions":[{"type":"keyDown","value":"î€‡"},{"type":"pause","duration":10},{"type":"keyUp","value":"î€‡"}]}]}
COMMAND: POST /session/f418f7bc7d2ff1d2d712b3b5ad58086f/elements - {"using":"xpath","value":"//table[contains(@id, \"smartFilterBar-filterItemControl_BASIC-MAIN_ADDRESS-valueHelpDialog-table-table\")]/tbody/tr"}
COMMAND: GET /session/f418f7bc7d2ff1d2d712b3b5ad58086f/screenshot - {}
RESULT: {"using":"xpath","value":"//table[contains(@id, \"smartFilterBar-filterItemControl_BASIC-MAIN_ADDRESS-valueHelpDialog-table-table\")]/tbody/tr"}
COMMAND: POST /session/f418f7bc7d2ff1d2d712b3b5ad58086f/element - {"using":"xpath","value":"//table[contains(@id, \"smartFilterBar-filterItemControl_BASIC-MAIN_ADDRESS-valueHelpDialog-table-table\")]/tbody/tr[1]/td[1]/div/span"}
RESULT: {}
RESULT: {"using":"xpath","value":"//table[contains(@id, \"smartFilterBar-filterItemControl_BASIC-MAIN_ADDRESS-valueHelpDialog-table-table\")]/tbody/tr[1]/td[1]/div/span"}
COMMAND: POST /session/f418f7bc7d2ff1d2d712b3b5ad58086f/elements - {"using":"xpath","value":"//table[contains(@id, \"smartFilterBar-filterItemControl_BASIC-MAIN_ADDRESS-valueHelpDialog-table-table\")]/tbody/tr[1]/td[1]/div/span"}
RESULT: {"using":"xpath","value":"//table[contains(@id, \"smartFilterBar-filterItemControl_BASIC-MAIN_ADDRESS-valueHelpDialog-table-table\")]/tbody/tr[1]/td[1]/div/span"}
COMMAND: POST /session/f418f7bc7d2ff1d2d712b3b5ad58086f/execute/sync - {"script":"<script> [56 bytes]","args":[{"element-6066-11e4-a52e-4f735466cecf":"f.72BD6EB346CCC82EDFB0602EE84AC45D.d.857343439B1C17B9C3F32B6062317350.e.7767","ELEMENT":"f.72BD6EB346CCC82EDFB0602EE84AC45D.d.857343439B1C17B9C3F32B6062317350.e.7767"}]}
RESULT: {"script":"<script> [56 bytes]","args":[{"element-6066-11e4-a52e-4f735466cecf":"f.72BD6EB346CCC82EDFB0602EE84AC45D.d.857343439B1C17B9C3F32B6062317350.e.7767","ELEMENT":"f.72BD6EB346CCC82EDFB0602EE84AC45D.d.857343439B1C17B9C3F32B6062317350.e.7767"}]}
COMMAND: POST /session/f418f7bc7d2ff1d2d712b3b5ad58086f/element - {"using":"xpath","value":"//div[contains(@id, \"filterItemControl_BASIC-MAIN_ADDRESS-valueHelpDialog-table-rowsel0\")]"}
COMMAND: GET /session/f418f7bc7d2ff1d2d712b3b5ad58086f/screenshot - {}
RESULT: {"using":"xpath","value":"//div[contains(@id, \"filterItemControl_BASIC-MAIN_ADDRESS-valueHelpDialog-table-rowsel0\")]"}
COMMAND: POST /session/f418f7bc7d2ff1d2d712b3b5ad58086f/element/f.72BD6EB346CCC82EDFB0602EE84AC45D.d.857343439B1C17B9C3F32B6062317350.e.7768/click - {}
RESULT: {}
RESULT: {}
COMMAND: GET /session/f418f7bc7d2ff1d2d712b3b5ad58086f/screenshot - {}
RESULT: {}
COMMAND: POST /session/f418f7bc7d2ff1d2d712b3b5ad58086f/element - {"using":"xpath","value":"(//bdi[contains(text(), \"OK\")])[1]"}
RESULT: {"using":"xpath","value":"(//bdi[contains(text(), \"OK\")])[1]"}
COMMAND: POST /session/f418f7bc7d2ff1d2d712b3b5ad58086f/element/f.72BD6EB346CCC82EDFB0602EE84AC45D.d.857343439B1C17B9C3F32B6062317350.e.7770/click - {}
RESULT: {}
COMMAND: GET /session/f418f7bc7d2ff1d2d712b3b5ad58086f/screenshot - {}
RESULT: {}
COMMAND: POST /session/f418f7bc7d2ff1d2d712b3b5ad58086f/element - {"using":"xpath","value":"//span[@id=\"application-managepartners-display-component---masterPtm--smartTable-header-inner\"]"}
RESULT: {"using":"xpath","value":"//span[@id=\"application-managepartners-display-component---masterPtm--smartTable-header-inner\"]"}
COMMAND: POST /session/f418f7bc7d2ff1d2d712b3b5ad58086f/elements - {"using":"xpath","value":"//span[@id=\"application-managepartners-display-component---masterPtm--smartTable-header-inner\"]"}
RESULT: {"using":"xpath","value":"//span[@id=\"application-managepartners-display-component---masterPtm--smartTable-header-inner\"]"}
COMMAND: POST /session/f418f7bc7d2ff1d2d712b3b5ad58086f/execute/sync - {"script":"<script> [56 bytes]","args":[{"element-6066-11e4-a52e-4f735466cecf":"f.72BD6EB346CCC82EDFB0602EE84AC45D.d.857343439B1C17B9C3F32B6062317350.e.7342","ELEMENT":"f.72BD6EB346CCC82EDFB0602EE84AC45D.d.857343439B1C17B9C3F32B6062317350.e.7342"}]}
RESULT: {"script":"<script> [56 bytes]","args":[{"element-6066-11e4-a52e-4f735466cecf":"f.72BD6EB346CCC82EDFB0602EE84AC45D.d.857343439B1C17B9C3F32B6062317350.e.7342","ELEMENT":"f.72BD6EB346CCC82EDFB0602EE84AC45D.d.857343439B1C17B9C3F32B6062317350.e.7342"}]}
COMMAND: POST /session/f418f7bc7d2ff1d2d712b3b5ad58086f/element - {"using":"xpath","value":"//span[contains(@title, \"Remove\")]"}
COMMAND: GET /session/f418f7bc7d2ff1d2d712b3b5ad58086f/screenshot - {}
RESULT: {"using":"xpath","value":"//span[contains(@title, \"Remove\")]"}
COMMAND: POST /session/f418f7bc7d2ff1d2d712b3b5ad58086f/element/f.72BD6EB346CCC82EDFB0602EE84AC45D.d.857343439B1C17B9C3F32B6062317350.e.7783/click - {}
RESULT: {}
RESULT: {}
COMMAND: GET /session/f418f7bc7d2ff1d2d712b3b5ad58086f/screenshot - {}
RESULT: {}
COMMAND: POST /session/f418f7bc7d2ff1d2d712b3b5ad58086f/execute/async - {"script":"<script> [1562 bytes]","args":[{"selector":{"id":"application-managepartners-display-component---masterPtm--catalogs-arrow"},"wdio_ui5_key":"applicationmanagepartners-display-component---masterPtm--catalogs-arrow"}]}
RESULT: {"script":"<script> [1562 bytes]","args":[{"selector":{"id":"application-managepartners-display-component---masterPtm--catalogs-arrow"},"wdio_ui5_key":"applicationmanagepartners-display-component---masterPtm--catalogs-arrow"}]}
RESULT: undefined
COMMAND: POST /session/f418f7bc7d2ff1d2d712b3b5ad58086f/element - {"using":"xpath","value":"//*[@id=\"application-managepartners-display-component---masterPtm--catalogs-arrow\"]"}
RESULT: {"using":"xpath","value":"//*[@id=\"application-managepartners-display-component---masterPtm--catalogs-arrow\"]"}
COMMAND: POST /session/f418f7bc7d2ff1d2d712b3b5ad58086f/element/f.72BD6EB346CCC82EDFB0602EE84AC45D.d.857343439B1C17B9C3F32B6062317350.e.7882/click - {}
RESULT: {}
COMMAND: GET /session/f418f7bc7d2ff1d2d712b3b5ad58086f/screenshot - {}
RESULT: {}
COMMAND: POST /session/f418f7bc7d2ff1d2d712b3b5ad58086f/element - {"using":"xpath","value":"//li[.//span[text()=\"Webshop Catalog\"]]//div[contains(@class,\"sapMCbBg\")]"}
RESULT: {"using":"xpath","value":"//li[.//span[text()=\"Webshop Catalog\"]]//div[contains(@class,\"sapMCbBg\")]"}
COMMAND: POST /session/f418f7bc7d2ff1d2d712b3b5ad58086f/element/f.72BD6EB346CCC82EDFB0602EE84AC45D.d.857343439B1C17B9C3F32B6062317350.e.7896/click - {}
RESULT: {}
COMMAND: GET /session/f418f7bc7d2ff1d2d712b3b5ad58086f/screenshot - {}
RESULT: {}
RESULT: undefined
COMMAND: POST /session/f418f7bc7d2ff1d2d712b3b5ad58086f/element - {"using":"xpath","value":"//*[@id=\"application-managepartners-display-component---masterPtm--catalogs-arrow\"]"}
RESULT: {"using":"xpath","value":"//*[@id=\"application-managepartners-display-component---masterPtm--catalogs-arrow\"]"}
COMMAND: POST /session/f418f7bc7d2ff1d2d712b3b5ad58086f/element/f.72BD6EB346CCC82EDFB0602EE84AC45D.d.857343439B1C17B9C3F32B6062317350.e.7882/click - {}
RESULT: {}
COMMAND: POST /session/f418f7bc7d2ff1d2d712b3b5ad58086f/element - {"using":"xpath","value":"//span[@id=\"application-managepartners-display-component---masterPtm--smartTable-header-inner\"]"}
COMMAND: GET /session/f418f7bc7d2ff1d2d712b3b5ad58086f/screenshot - {}
RESULT: {"using":"xpath","value":"//span[@id=\"application-managepartners-display-component---masterPtm--smartTable-header-inner\"]"}
COMMAND: POST /session/f418f7bc7d2ff1d2d712b3b5ad58086f/elements - {"using":"xpath","value":"//span[@id=\"application-managepartners-display-component---masterPtm--smartTable-header-inner\"]"}
RESULT: {}
RESULT: {"using":"xpath","value":"//span[@id=\"application-managepartners-display-component---masterPtm--smartTable-header-inner\"]"}
COMMAND: POST /session/f418f7bc7d2ff1d2d712b3b5ad58086f/execute/sync - {"script":"<script> [56 bytes]","args":[{"element-6066-11e4-a52e-4f735466cecf":"f.72BD6EB346CCC82EDFB0602EE84AC45D.d.857343439B1C17B9C3F32B6062317350.e.7342","ELEMENT":"f.72BD6EB346CCC82EDFB0602EE84AC45D.d.857343439B1C17B9C3F32B6062317350.e.7342"}]}
RESULT: {"script":"<script> [56 bytes]","args":[{"element-6066-11e4-a52e-4f735466cecf":"f.72BD6EB346CCC82EDFB0602EE84AC45D.d.857343439B1C17B9C3F32B6062317350.e.7342","ELEMENT":"f.72BD6EB346CCC82EDFB0602EE84AC45D.d.857343439B1C17B9C3F32B6062317350.e.7342"}]}
COMMAND: GET /session/f418f7bc7d2ff1d2d712b3b5ad58086f/screenshot - {}
COMMAND: GET /session/f418f7bc7d2ff1d2d712b3b5ad58086f/screenshot - {}
RESULT: {}
]]></system-out>
      <system-err><![CDATA[
TypeError: Cannot read properties of null (reading '0')
    at Context.<anonymous> (D:\a\1\s\test\specs\BTS\manage-partners.spec.js:976:97)
]]></system-err>
    </testcase>
    <testcase classname="chrome.135_0_7049_96.windows.Partner_specific_tests_US150819_US151080_US151654_US151176_US103444_US151078_US151079_US151109_US151174_US151175_US151189" name="Should do various searches US151175" time="171.329">
      <skipped />
      <system-out><![CDATA[
COMMAND: POST /session/f418f7bc7d2ff1d2d712b3b5ad58086f/element - {"using":"xpath","value":"//li[.//span[text()=\"Manage Partners\"]]"}
RESULT: {}
RESULT: {"using":"xpath","value":"//li[.//span[text()=\"Manage Partners\"]]"}
COMMAND: POST /session/f418f7bc7d2ff1d2d712b3b5ad58086f/element - {"using":"xpath","value":"//li[.//span[text()=\"Manage Partners\"]]"}
RESULT: {"using":"xpath","value":"//li[.//span[text()=\"Manage Partners\"]]"}
COMMAND: POST /session/f418f7bc7d2ff1d2d712b3b5ad58086f/element - {"using":"css selector","value":"#shell-header-logo"}
RESULT: {"using":"css selector","value":"#shell-header-logo"}
COMMAND: POST /session/f418f7bc7d2ff1d2d712b3b5ad58086f/element/f.72BD6EB346CCC82EDFB0602EE84AC45D.d.857343439B1C17B9C3F32B6062317350.e.7176/click - {}
COMMAND: POST /session/f418f7bc7d2ff1d2d712b3b5ad58086f/execute/sync - {"script":"<script> [8489 bytes]","args":[{"element-6066-11e4-a52e-4f735466cecf":"f.72BD6EB346CCC82EDFB0602EE84AC45D.d.857343439B1C17B9C3F32B6062317350.e.7176","ELEMENT":"f.72BD6EB346CCC82EDFB0602EE84AC45D.d.857343439B1C17B9C3F32B6062317350.e.7176"}]}
RESULT: {}
COMMAND: GET /session/f418f7bc7d2ff1d2d712b3b5ad58086f/screenshot - {}
COMMAND: POST /session/f418f7bc7d2ff1d2d712b3b5ad58086f/element - {"using":"css selector","value":"#shell-header-logo"}
RESULT: {}
RESULT: {"using":"css selector","value":"#shell-header-logo"}
COMMAND: POST /session/f418f7bc7d2ff1d2d712b3b5ad58086f/execute/sync - {"script":"<script> [8489 bytes]","args":[{"element-6066-11e4-a52e-4f735466cecf":"f.72BD6EB346CCC82EDFB0602EE84AC45D.d.857343439B1C17B9C3F32B6062317350.e.7912","ELEMENT":"f.72BD6EB346CCC82EDFB0602EE84AC45D.d.857343439B1C17B9C3F32B6062317350.e.7912"}]}
RESULT: {"script":"<script> [8489 bytes]","args":[{"element-6066-11e4-a52e-4f735466cecf":"f.72BD6EB346CCC82EDFB0602EE84AC45D.d.857343439B1C17B9C3F32B6062317350.e.7912","ELEMENT":"f.72BD6EB346CCC82EDFB0602EE84AC45D.d.857343439B1C17B9C3F32B6062317350.e.7912"}]}
COMMAND: POST /session/f418f7bc7d2ff1d2d712b3b5ad58086f/execute/sync - {"script":"<script> [5351 bytes]","args":[{"element-6066-11e4-a52e-4f735466cecf":"f.72BD6EB346CCC82EDFB0602EE84AC45D.d.857343439B1C17B9C3F32B6062317350.e.7912","ELEMENT":"f.72BD6EB346CCC82EDFB0602EE84AC45D.d.857343439B1C17B9C3F32B6062317350.e.7912"}]}
COMMAND: GET /session/f418f7bc7d2ff1d2d712b3b5ad58086f/screenshot - {}
RESULT: {"script":"<script> [5351 bytes]","args":[{"element-6066-11e4-a52e-4f735466cecf":"f.72BD6EB346CCC82EDFB0602EE84AC45D.d.857343439B1C17B9C3F32B6062317350.e.7912","ELEMENT":"f.72BD6EB346CCC82EDFB0602EE84AC45D.d.857343439B1C17B9C3F32B6062317350.e.7912"}]}
COMMAND: GET /session/f418f7bc7d2ff1d2d712b3b5ad58086f/screenshot - {}
RESULT: {}
RESULT: {}
RESULT: undefined
COMMAND: POST /session/f418f7bc7d2ff1d2d712b3b5ad58086f/element - {"using":"xpath","value":"//*[@id=\"__tile30\"]"}
RESULT: {"using":"xpath","value":"//*[@id=\"__tile30\"]"}
COMMAND: POST /session/f418f7bc7d2ff1d2d712b3b5ad58086f/element/f.72BD6EB346CCC82EDFB0602EE84AC45D.d.857343439B1C17B9C3F32B6062317350.e.4411/click - {}
RESULT: {}
COMMAND: POST /session/f418f7bc7d2ff1d2d712b3b5ad58086f/element - {"using":"xpath","value":"//button[@data-kt=\"addButton\"]"}
COMMAND: GET /session/f418f7bc7d2ff1d2d712b3b5ad58086f/screenshot - {}
RESULT: {"using":"xpath","value":"//button[@data-kt=\"addButton\"]"}
COMMAND: POST /session/f418f7bc7d2ff1d2d712b3b5ad58086f/elements - {"using":"xpath","value":"//button[@data-kt=\"addButton\"]"}
RESULT: {}
RESULT: {"using":"xpath","value":"//button[@data-kt=\"addButton\"]"}
COMMAND: POST /session/f418f7bc7d2ff1d2d712b3b5ad58086f/elements - {"using":"xpath","value":"//button[@data-kt=\"addButton\"]"}
RESULT: {"using":"xpath","value":"//button[@data-kt=\"addButton\"]"}
COMMAND: POST /session/f418f7bc7d2ff1d2d712b3b5ad58086f/elements - {"using":"xpath","value":"//button[@data-kt=\"addButton\"]"}
RESULT: {"using":"xpath","value":"//button[@data-kt=\"addButton\"]"}
COMMAND: POST /session/f418f7bc7d2ff1d2d712b3b5ad58086f/elements - {"using":"xpath","value":"//button[@data-kt=\"addButton\"]"}
RESULT: {"using":"xpath","value":"//button[@data-kt=\"addButton\"]"}
COMMAND: POST /session/f418f7bc7d2ff1d2d712b3b5ad58086f/elements - {"using":"xpath","value":"//button[@data-kt=\"addButton\"]"}
RESULT: {"using":"xpath","value":"//button[@data-kt=\"addButton\"]"}
COMMAND: POST /session/f418f7bc7d2ff1d2d712b3b5ad58086f/elements - {"using":"xpath","value":"//button[@data-kt=\"addButton\"]"}
RESULT: {"using":"xpath","value":"//button[@data-kt=\"addButton\"]"}
COMMAND: POST /session/f418f7bc7d2ff1d2d712b3b5ad58086f/elements - {"using":"xpath","value":"//button[@data-kt=\"addButton\"]"}
RESULT: {"using":"xpath","value":"//button[@data-kt=\"addButton\"]"}
COMMAND: POST /session/f418f7bc7d2ff1d2d712b3b5ad58086f/elements - {"using":"xpath","value":"//button[@data-kt=\"addButton\"]"}
RESULT: {"using":"xpath","value":"//button[@data-kt=\"addButton\"]"}
COMMAND: POST /session/f418f7bc7d2ff1d2d712b3b5ad58086f/elements - {"using":"xpath","value":"//button[@data-kt=\"addButton\"]"}
RESULT: {"using":"xpath","value":"//button[@data-kt=\"addButton\"]"}
COMMAND: POST /session/f418f7bc7d2ff1d2d712b3b5ad58086f/elements - {"using":"xpath","value":"//button[@data-kt=\"addButton\"]"}
RESULT: {"using":"xpath","value":"//button[@data-kt=\"addButton\"]"}
COMMAND: POST /session/f418f7bc7d2ff1d2d712b3b5ad58086f/elements - {"using":"xpath","value":"//button[@data-kt=\"addButton\"]"}
RESULT: {"using":"xpath","value":"//button[@data-kt=\"addButton\"]"}
COMMAND: POST /session/f418f7bc7d2ff1d2d712b3b5ad58086f/elements - {"using":"xpath","value":"//button[@data-kt=\"addButton\"]"}
RESULT: {"using":"xpath","value":"//button[@data-kt=\"addButton\"]"}
COMMAND: POST /session/f418f7bc7d2ff1d2d712b3b5ad58086f/elements - {"using":"xpath","value":"//button[@data-kt=\"addButton\"]"}
RESULT: {"using":"xpath","value":"//button[@data-kt=\"addButton\"]"}
COMMAND: POST /session/f418f7bc7d2ff1d2d712b3b5ad58086f/elements - {"using":"xpath","value":"//button[@data-kt=\"addButton\"]"}
RESULT: {"using":"xpath","value":"//button[@data-kt=\"addButton\"]"}
COMMAND: POST /session/f418f7bc7d2ff1d2d712b3b5ad58086f/elements - {"using":"xpath","value":"//button[@data-kt=\"addButton\"]"}
RESULT: {"using":"xpath","value":"//button[@data-kt=\"addButton\"]"}
COMMAND: POST /session/f418f7bc7d2ff1d2d712b3b5ad58086f/elements - {"using":"xpath","value":"//button[@data-kt=\"addButton\"]"}
RESULT: {"using":"xpath","value":"//button[@data-kt=\"addButton\"]"}
COMMAND: POST /session/f418f7bc7d2ff1d2d712b3b5ad58086f/elements - {"using":"xpath","value":"//button[@data-kt=\"addButton\"]"}
RESULT: {"using":"xpath","value":"//button[@data-kt=\"addButton\"]"}
COMMAND: POST /session/f418f7bc7d2ff1d2d712b3b5ad58086f/elements - {"using":"xpath","value":"//button[@data-kt=\"addButton\"]"}
RESULT: {"using":"xpath","value":"//button[@data-kt=\"addButton\"]"}
COMMAND: POST /session/f418f7bc7d2ff1d2d712b3b5ad58086f/elements - {"using":"xpath","value":"//button[@data-kt=\"addButton\"]"}
RESULT: {"using":"xpath","value":"//button[@data-kt=\"addButton\"]"}
COMMAND: POST /session/f418f7bc7d2ff1d2d712b3b5ad58086f/elements - {"using":"xpath","value":"//button[@data-kt=\"addButton\"]"}
RESULT: {"using":"xpath","value":"//button[@data-kt=\"addButton\"]"}
COMMAND: POST /session/f418f7bc7d2ff1d2d712b3b5ad58086f/element - {"using":"xpath","value":"//button[@data-kt=\"addButton\"]"}
RESULT: {"using":"xpath","value":"//button[@data-kt=\"addButton\"]"}
COMMAND: POST /session/f418f7bc7d2ff1d2d712b3b5ad58086f/execute/sync - {"script":"<script> [8489 bytes]","args":[{"element-6066-11e4-a52e-4f735466cecf":"f.72BD6EB346CCC82EDFB0602EE84AC45D.d.857343439B1C17B9C3F32B6062317350.e.7946","ELEMENT":"f.72BD6EB346CCC82EDFB0602EE84AC45D.d.857343439B1C17B9C3F32B6062317350.e.7946"}]}
RESULT: {"script":"<script> [8489 bytes]","args":[{"element-6066-11e4-a52e-4f735466cecf":"f.72BD6EB346CCC82EDFB0602EE84AC45D.d.857343439B1C17B9C3F32B6062317350.e.7946","ELEMENT":"f.72BD6EB346CCC82EDFB0602EE84AC45D.d.857343439B1C17B9C3F32B6062317350.e.7946"}]}
COMMAND: GET /session/f418f7bc7d2ff1d2d712b3b5ad58086f/element/f.72BD6EB346CCC82EDFB0602EE84AC45D.d.857343439B1C17B9C3F32B6062317350.e.7946/enabled - {}
COMMAND: GET /session/f418f7bc7d2ff1d2d712b3b5ad58086f/screenshot - {}
RESULT: {}
COMMAND: POST /session/f418f7bc7d2ff1d2d712b3b5ad58086f/execute/sync - {"script":"<script> [8489 bytes]","args":[{"element-6066-11e4-a52e-4f735466cecf":"f.72BD6EB346CCC82EDFB0602EE84AC45D.d.857343439B1C17B9C3F32B6062317350.e.7946","ELEMENT":"f.72BD6EB346CCC82EDFB0602EE84AC45D.d.857343439B1C17B9C3F32B6062317350.e.7946"}]}
COMMAND: GET /session/f418f7bc7d2ff1d2d712b3b5ad58086f/screenshot - {}
RESULT: {}
RESULT: {"script":"<script> [8489 bytes]","args":[{"element-6066-11e4-a52e-4f735466cecf":"f.72BD6EB346CCC82EDFB0602EE84AC45D.d.857343439B1C17B9C3F32B6062317350.e.7946","ELEMENT":"f.72BD6EB346CCC82EDFB0602EE84AC45D.d.857343439B1C17B9C3F32B6062317350.e.7946"}]}
COMMAND: POST /session/f418f7bc7d2ff1d2d712b3b5ad58086f/execute/sync - {"script":"<script> [5351 bytes]","args":[{"element-6066-11e4-a52e-4f735466cecf":"f.72BD6EB346CCC82EDFB0602EE84AC45D.d.857343439B1C17B9C3F32B6062317350.e.7946","ELEMENT":"f.72BD6EB346CCC82EDFB0602EE84AC45D.d.857343439B1C17B9C3F32B6062317350.e.7946"}]}
COMMAND: GET /session/f418f7bc7d2ff1d2d712b3b5ad58086f/screenshot - {}
RESULT: {}
RESULT: {"script":"<script> [5351 bytes]","args":[{"element-6066-11e4-a52e-4f735466cecf":"f.72BD6EB346CCC82EDFB0602EE84AC45D.d.857343439B1C17B9C3F32B6062317350.e.7946","ELEMENT":"f.72BD6EB346CCC82EDFB0602EE84AC45D.d.857343439B1C17B9C3F32B6062317350.e.7946"}]}
COMMAND: GET /session/f418f7bc7d2ff1d2d712b3b5ad58086f/screenshot - {}
RESULT: {}
RESULT: {}
COMMAND: POST /session/f418f7bc7d2ff1d2d712b3b5ad58086f/element - {"using":"xpath","value":"//span[@id=\"application-managepartners-display-component---masterPtm--smartTable-header-inner\"]"}
RESULT: {"using":"xpath","value":"//span[@id=\"application-managepartners-display-component---masterPtm--smartTable-header-inner\"]"}
COMMAND: POST /session/f418f7bc7d2ff1d2d712b3b5ad58086f/elements - {"using":"xpath","value":"//span[@id=\"application-managepartners-display-component---masterPtm--smartTable-header-inner\"]"}
RESULT: {"using":"xpath","value":"//span[@id=\"application-managepartners-display-component---masterPtm--smartTable-header-inner\"]"}
COMMAND: POST /session/f418f7bc7d2ff1d2d712b3b5ad58086f/execute/sync - {"script":"<script> [56 bytes]","args":[{"element-6066-11e4-a52e-4f735466cecf":"f.72BD6EB346CCC82EDFB0602EE84AC45D.d.857343439B1C17B9C3F32B6062317350.e.8076","ELEMENT":"f.72BD6EB346CCC82EDFB0602EE84AC45D.d.857343439B1C17B9C3F32B6062317350.e.8076"}]}
RESULT: {"script":"<script> [56 bytes]","args":[{"element-6066-11e4-a52e-4f735466cecf":"f.72BD6EB346CCC82EDFB0602EE84AC45D.d.857343439B1C17B9C3F32B6062317350.e.8076","ELEMENT":"f.72BD6EB346CCC82EDFB0602EE84AC45D.d.857343439B1C17B9C3F32B6062317350.e.8076"}]}
RESULT: undefined
COMMAND: POST /session/f418f7bc7d2ff1d2d712b3b5ad58086f/element - {"using":"xpath","value":"//*[@id=\"application-managepartners-display-component---masterPtm--smartFilterBar-btnFilters\"]"}
COMMAND: GET /session/f418f7bc7d2ff1d2d712b3b5ad58086f/screenshot - {}
RESULT: {"using":"xpath","value":"//*[@id=\"application-managepartners-display-component---masterPtm--smartFilterBar-btnFilters\"]"}
COMMAND: POST /session/f418f7bc7d2ff1d2d712b3b5ad58086f/element/f.72BD6EB346CCC82EDFB0602EE84AC45D.d.857343439B1C17B9C3F32B6062317350.e.7934/click - {}
RESULT: {}
RESULT: {}
COMMAND: GET /session/f418f7bc7d2ff1d2d712b3b5ad58086f/screenshot - {}
RESULT: {}
COMMAND: POST /session/f418f7bc7d2ff1d2d712b3b5ad58086f/elements - {"using":"xpath","value":"//table[contains(@id, \"listView-innerSelectionPanelTable-listUl\")]/tbody/tr"}
RESULT: {"using":"xpath","value":"//table[contains(@id, \"listView-innerSelectionPanelTable-listUl\")]/tbody/tr"}
COMMAND: POST /session/f418f7bc7d2ff1d2d712b3b5ad58086f/element - {"using":"xpath","value":"//table[contains(@id, \"listView-innerSelectionPanelTable-listUl\")]/tbody/tr[2]/td[2]/div/div"}
RESULT: {"using":"xpath","value":"//table[contains(@id, \"listView-innerSelectionPanelTable-listUl\")]/tbody/tr[2]/td[2]/div/div"}
COMMAND: POST /session/f418f7bc7d2ff1d2d712b3b5ad58086f/element - {"using":"xpath","value":"//table[contains(@id, \"listView-innerSelectionPanelTable-listUl\")]/tbody/tr[2]/td[2]/div"}
RESULT: {"using":"xpath","value":"//table[contains(@id, \"listView-innerSelectionPanelTable-listUl\")]/tbody/tr[2]/td[2]/div"}
COMMAND: POST /session/f418f7bc7d2ff1d2d712b3b5ad58086f/element - {"using":"xpath","value":"//table[contains(@id, \"listView-innerSelectionPanelTable-listUl\")]/tbody/tr[2]/td[3]/div/div/span/span[1]/bdi"}
RESULT: {"using":"xpath","value":"//table[contains(@id, \"listView-innerSelectionPanelTable-listUl\")]/tbody/tr[2]/td[3]/div/div/span/span[1]/bdi"}
COMMAND: POST /session/f418f7bc7d2ff1d2d712b3b5ad58086f/execute/sync - {"script":"<script> [56 bytes]","args":[{"element-6066-11e4-a52e-4f735466cecf":"f.72BD6EB346CCC82EDFB0602EE84AC45D.d.857343439B1C17B9C3F32B6062317350.e.8144","ELEMENT":"f.72BD6EB346CCC82EDFB0602EE84AC45D.d.857343439B1C17B9C3F32B6062317350.e.8144"}]}
RESULT: {"script":"<script> [56 bytes]","args":[{"element-6066-11e4-a52e-4f735466cecf":"f.72BD6EB346CCC82EDFB0602EE84AC45D.d.857343439B1C17B9C3F32B6062317350.e.8144","ELEMENT":"f.72BD6EB346CCC82EDFB0602EE84AC45D.d.857343439B1C17B9C3F32B6062317350.e.8144"}]}
COMMAND: GET /session/f418f7bc7d2ff1d2d712b3b5ad58086f/element/f.72BD6EB346CCC82EDFB0602EE84AC45D.d.857343439B1C17B9C3F32B6062317350.e.8143/attribute/aria-checked - {}
COMMAND: GET /session/f418f7bc7d2ff1d2d712b3b5ad58086f/screenshot - {}
RESULT: {}
COMMAND: POST /session/f418f7bc7d2ff1d2d712b3b5ad58086f/element - {"using":"xpath","value":"//table[contains(@id, \"listView-innerSelectionPanelTable-listUl\")]/tbody/tr[3]/td[2]/div/div"}
RESULT: {}
RESULT: {"using":"xpath","value":"//table[contains(@id, \"listView-innerSelectionPanelTable-listUl\")]/tbody/tr[3]/td[2]/div/div"}
COMMAND: POST /session/f418f7bc7d2ff1d2d712b3b5ad58086f/element - {"using":"xpath","value":"//table[contains(@id, \"listView-innerSelectionPanelTable-listUl\")]/tbody/tr[3]/td[2]/div"}
RESULT: {"using":"xpath","value":"//table[contains(@id, \"listView-innerSelectionPanelTable-listUl\")]/tbody/tr[3]/td[2]/div"}
COMMAND: POST /session/f418f7bc7d2ff1d2d712b3b5ad58086f/element - {"using":"xpath","value":"//table[contains(@id, \"listView-innerSelectionPanelTable-listUl\")]/tbody/tr[3]/td[3]/div/div/span/span[1]/bdi"}
RESULT: {"using":"xpath","value":"//table[contains(@id, \"listView-innerSelectionPanelTable-listUl\")]/tbody/tr[3]/td[3]/div/div/span/span[1]/bdi"}
COMMAND: POST /session/f418f7bc7d2ff1d2d712b3b5ad58086f/execute/sync - {"script":"<script> [56 bytes]","args":[{"element-6066-11e4-a52e-4f735466cecf":"f.72BD6EB346CCC82EDFB0602EE84AC45D.d.857343439B1C17B9C3F32B6062317350.e.8147","ELEMENT":"f.72BD6EB346CCC82EDFB0602EE84AC45D.d.857343439B1C17B9C3F32B6062317350.e.8147"}]}
RESULT: {"script":"<script> [56 bytes]","args":[{"element-6066-11e4-a52e-4f735466cecf":"f.72BD6EB346CCC82EDFB0602EE84AC45D.d.857343439B1C17B9C3F32B6062317350.e.8147","ELEMENT":"f.72BD6EB346CCC82EDFB0602EE84AC45D.d.857343439B1C17B9C3F32B6062317350.e.8147"}]}
COMMAND: GET /session/f418f7bc7d2ff1d2d712b3b5ad58086f/element/f.72BD6EB346CCC82EDFB0602EE84AC45D.d.857343439B1C17B9C3F32B6062317350.e.8146/attribute/aria-checked - {}
COMMAND: GET /session/f418f7bc7d2ff1d2d712b3b5ad58086f/screenshot - {}
RESULT: {}
COMMAND: POST /session/f418f7bc7d2ff1d2d712b3b5ad58086f/element - {"using":"xpath","value":"//table[contains(@id, \"listView-innerSelectionPanelTable-listUl\")]/tbody/tr[4]/td[2]/div/div"}
RESULT: {}
RESULT: {"using":"xpath","value":"//table[contains(@id, \"listView-innerSelectionPanelTable-listUl\")]/tbody/tr[4]/td[2]/div/div"}
COMMAND: POST /session/f418f7bc7d2ff1d2d712b3b5ad58086f/element - {"using":"xpath","value":"//table[contains(@id, \"listView-innerSelectionPanelTable-listUl\")]/tbody/tr[4]/td[2]/div"}
RESULT: {"using":"xpath","value":"//table[contains(@id, \"listView-innerSelectionPanelTable-listUl\")]/tbody/tr[4]/td[2]/div"}
COMMAND: POST /session/f418f7bc7d2ff1d2d712b3b5ad58086f/element - {"using":"xpath","value":"//table[contains(@id, \"listView-innerSelectionPanelTable-listUl\")]/tbody/tr[4]/td[3]/div/div/span/span[1]/bdi"}
RESULT: {"using":"xpath","value":"//table[contains(@id, \"listView-innerSelectionPanelTable-listUl\")]/tbody/tr[4]/td[3]/div/div/span/span[1]/bdi"}
COMMAND: POST /session/f418f7bc7d2ff1d2d712b3b5ad58086f/execute/sync - {"script":"<script> [56 bytes]","args":[{"element-6066-11e4-a52e-4f735466cecf":"f.72BD6EB346CCC82EDFB0602EE84AC45D.d.857343439B1C17B9C3F32B6062317350.e.8150","ELEMENT":"f.72BD6EB346CCC82EDFB0602EE84AC45D.d.857343439B1C17B9C3F32B6062317350.e.8150"}]}
RESULT: {"script":"<script> [56 bytes]","args":[{"element-6066-11e4-a52e-4f735466cecf":"f.72BD6EB346CCC82EDFB0602EE84AC45D.d.857343439B1C17B9C3F32B6062317350.e.8150","ELEMENT":"f.72BD6EB346CCC82EDFB0602EE84AC45D.d.857343439B1C17B9C3F32B6062317350.e.8150"}]}
COMMAND: GET /session/f418f7bc7d2ff1d2d712b3b5ad58086f/element/f.72BD6EB346CCC82EDFB0602EE84AC45D.d.857343439B1C17B9C3F32B6062317350.e.8149/attribute/aria-checked - {}
COMMAND: GET /session/f418f7bc7d2ff1d2d712b3b5ad58086f/screenshot - {}
RESULT: {}
COMMAND: POST /session/f418f7bc7d2ff1d2d712b3b5ad58086f/element - {"using":"xpath","value":"//table[contains(@id, \"listView-innerSelectionPanelTable-listUl\")]/tbody/tr[5]/td[2]/div/div"}
RESULT: {}
RESULT: {"using":"xpath","value":"//table[contains(@id, \"listView-innerSelectionPanelTable-listUl\")]/tbody/tr[5]/td[2]/div/div"}
COMMAND: POST /session/f418f7bc7d2ff1d2d712b3b5ad58086f/element - {"using":"xpath","value":"//table[contains(@id, \"listView-innerSelectionPanelTable-listUl\")]/tbody/tr[5]/td[2]/div"}
RESULT: {"using":"xpath","value":"//table[contains(@id, \"listView-innerSelectionPanelTable-listUl\")]/tbody/tr[5]/td[2]/div"}
COMMAND: POST /session/f418f7bc7d2ff1d2d712b3b5ad58086f/element - {"using":"xpath","value":"//table[contains(@id, \"listView-innerSelectionPanelTable-listUl\")]/tbody/tr[5]/td[3]/div/div/span/span[1]/bdi"}
RESULT: {"using":"xpath","value":"//table[contains(@id, \"listView-innerSelectionPanelTable-listUl\")]/tbody/tr[5]/td[3]/div/div/span/span[1]/bdi"}
COMMAND: POST /session/f418f7bc7d2ff1d2d712b3b5ad58086f/execute/sync - {"script":"<script> [56 bytes]","args":[{"element-6066-11e4-a52e-4f735466cecf":"f.72BD6EB346CCC82EDFB0602EE84AC45D.d.857343439B1C17B9C3F32B6062317350.e.8153","ELEMENT":"f.72BD6EB346CCC82EDFB0602EE84AC45D.d.857343439B1C17B9C3F32B6062317350.e.8153"}]}
RESULT: {"script":"<script> [56 bytes]","args":[{"element-6066-11e4-a52e-4f735466cecf":"f.72BD6EB346CCC82EDFB0602EE84AC45D.d.857343439B1C17B9C3F32B6062317350.e.8153","ELEMENT":"f.72BD6EB346CCC82EDFB0602EE84AC45D.d.857343439B1C17B9C3F32B6062317350.e.8153"}]}
COMMAND: GET /session/f418f7bc7d2ff1d2d712b3b5ad58086f/element/f.72BD6EB346CCC82EDFB0602EE84AC45D.d.857343439B1C17B9C3F32B6062317350.e.8152/attribute/aria-checked - {}
COMMAND: GET /session/f418f7bc7d2ff1d2d712b3b5ad58086f/screenshot - {}
RESULT: {}
COMMAND: POST /session/f418f7bc7d2ff1d2d712b3b5ad58086f/element - {"using":"xpath","value":"//table[contains(@id, \"listView-innerSelectionPanelTable-listUl\")]/tbody/tr[6]/td[2]/div/div"}
RESULT: {}
RESULT: {"using":"xpath","value":"//table[contains(@id, \"listView-innerSelectionPanelTable-listUl\")]/tbody/tr[6]/td[2]/div/div"}
COMMAND: POST /session/f418f7bc7d2ff1d2d712b3b5ad58086f/element - {"using":"xpath","value":"//table[contains(@id, \"listView-innerSelectionPanelTable-listUl\")]/tbody/tr[6]/td[2]/div"}
RESULT: {"using":"xpath","value":"//table[contains(@id, \"listView-innerSelectionPanelTable-listUl\")]/tbody/tr[6]/td[2]/div"}
COMMAND: POST /session/f418f7bc7d2ff1d2d712b3b5ad58086f/element - {"using":"xpath","value":"//table[contains(@id, \"listView-innerSelectionPanelTable-listUl\")]/tbody/tr[6]/td[3]/div/div/span/span[1]/bdi"}
RESULT: {"using":"xpath","value":"//table[contains(@id, \"listView-innerSelectionPanelTable-listUl\")]/tbody/tr[6]/td[3]/div/div/span/span[1]/bdi"}
COMMAND: POST /session/f418f7bc7d2ff1d2d712b3b5ad58086f/execute/sync - {"script":"<script> [56 bytes]","args":[{"element-6066-11e4-a52e-4f735466cecf":"f.72BD6EB346CCC82EDFB0602EE84AC45D.d.857343439B1C17B9C3F32B6062317350.e.8156","ELEMENT":"f.72BD6EB346CCC82EDFB0602EE84AC45D.d.857343439B1C17B9C3F32B6062317350.e.8156"}]}
RESULT: {"script":"<script> [56 bytes]","args":[{"element-6066-11e4-a52e-4f735466cecf":"f.72BD6EB346CCC82EDFB0602EE84AC45D.d.857343439B1C17B9C3F32B6062317350.e.8156","ELEMENT":"f.72BD6EB346CCC82EDFB0602EE84AC45D.d.857343439B1C17B9C3F32B6062317350.e.8156"}]}
COMMAND: GET /session/f418f7bc7d2ff1d2d712b3b5ad58086f/element/f.72BD6EB346CCC82EDFB0602EE84AC45D.d.857343439B1C17B9C3F32B6062317350.e.8155/attribute/aria-checked - {}
COMMAND: GET /session/f418f7bc7d2ff1d2d712b3b5ad58086f/screenshot - {}
RESULT: {}
COMMAND: POST /session/f418f7bc7d2ff1d2d712b3b5ad58086f/element - {"using":"xpath","value":"//table[contains(@id, \"listView-innerSelectionPanelTable-listUl\")]/tbody/tr[7]/td[2]/div/div"}
RESULT: {}
RESULT: {"using":"xpath","value":"//table[contains(@id, \"listView-innerSelectionPanelTable-listUl\")]/tbody/tr[7]/td[2]/div/div"}
COMMAND: POST /session/f418f7bc7d2ff1d2d712b3b5ad58086f/element - {"using":"xpath","value":"//table[contains(@id, \"listView-innerSelectionPanelTable-listUl\")]/tbody/tr[7]/td[2]/div"}
RESULT: {"using":"xpath","value":"//table[contains(@id, \"listView-innerSelectionPanelTable-listUl\")]/tbody/tr[7]/td[2]/div"}
COMMAND: POST /session/f418f7bc7d2ff1d2d712b3b5ad58086f/element - {"using":"xpath","value":"//table[contains(@id, \"listView-innerSelectionPanelTable-listUl\")]/tbody/tr[7]/td[3]/div/div/span/span[1]/bdi"}
RESULT: {"using":"xpath","value":"//table[contains(@id, \"listView-innerSelectionPanelTable-listUl\")]/tbody/tr[7]/td[3]/div/div/span/span[1]/bdi"}
COMMAND: POST /session/f418f7bc7d2ff1d2d712b3b5ad58086f/execute/sync - {"script":"<script> [56 bytes]","args":[{"element-6066-11e4-a52e-4f735466cecf":"f.72BD6EB346CCC82EDFB0602EE84AC45D.d.857343439B1C17B9C3F32B6062317350.e.8159","ELEMENT":"f.72BD6EB346CCC82EDFB0602EE84AC45D.d.857343439B1C17B9C3F32B6062317350.e.8159"}]}
RESULT: {"script":"<script> [56 bytes]","args":[{"element-6066-11e4-a52e-4f735466cecf":"f.72BD6EB346CCC82EDFB0602EE84AC45D.d.857343439B1C17B9C3F32B6062317350.e.8159","ELEMENT":"f.72BD6EB346CCC82EDFB0602EE84AC45D.d.857343439B1C17B9C3F32B6062317350.e.8159"}]}
COMMAND: GET /session/f418f7bc7d2ff1d2d712b3b5ad58086f/element/f.72BD6EB346CCC82EDFB0602EE84AC45D.d.857343439B1C17B9C3F32B6062317350.e.8158/attribute/aria-checked - {}
COMMAND: GET /session/f418f7bc7d2ff1d2d712b3b5ad58086f/screenshot - {}
RESULT: {}
COMMAND: POST /session/f418f7bc7d2ff1d2d712b3b5ad58086f/element - {"using":"xpath","value":"//table[contains(@id, \"listView-innerSelectionPanelTable-listUl\")]/tbody/tr[8]/td[2]/div/div"}
RESULT: {}
RESULT: {"using":"xpath","value":"//table[contains(@id, \"listView-innerSelectionPanelTable-listUl\")]/tbody/tr[8]/td[2]/div/div"}
COMMAND: POST /session/f418f7bc7d2ff1d2d712b3b5ad58086f/element - {"using":"xpath","value":"//table[contains(@id, \"listView-innerSelectionPanelTable-listUl\")]/tbody/tr[8]/td[2]/div"}
RESULT: {"using":"xpath","value":"//table[contains(@id, \"listView-innerSelectionPanelTable-listUl\")]/tbody/tr[8]/td[2]/div"}
COMMAND: POST /session/f418f7bc7d2ff1d2d712b3b5ad58086f/element - {"using":"xpath","value":"//table[contains(@id, \"listView-innerSelectionPanelTable-listUl\")]/tbody/tr[8]/td[3]/div/div/span/span[1]/bdi"}
RESULT: {"using":"xpath","value":"//table[contains(@id, \"listView-innerSelectionPanelTable-listUl\")]/tbody/tr[8]/td[3]/div/div/span/span[1]/bdi"}
COMMAND: POST /session/f418f7bc7d2ff1d2d712b3b5ad58086f/execute/sync - {"script":"<script> [56 bytes]","args":[{"element-6066-11e4-a52e-4f735466cecf":"f.72BD6EB346CCC82EDFB0602EE84AC45D.d.857343439B1C17B9C3F32B6062317350.e.8162","ELEMENT":"f.72BD6EB346CCC82EDFB0602EE84AC45D.d.857343439B1C17B9C3F32B6062317350.e.8162"}]}
RESULT: {"script":"<script> [56 bytes]","args":[{"element-6066-11e4-a52e-4f735466cecf":"f.72BD6EB346CCC82EDFB0602EE84AC45D.d.857343439B1C17B9C3F32B6062317350.e.8162","ELEMENT":"f.72BD6EB346CCC82EDFB0602EE84AC45D.d.857343439B1C17B9C3F32B6062317350.e.8162"}]}
COMMAND: GET /session/f418f7bc7d2ff1d2d712b3b5ad58086f/element/f.72BD6EB346CCC82EDFB0602EE84AC45D.d.857343439B1C17B9C3F32B6062317350.e.8161/attribute/aria-checked - {}
COMMAND: GET /session/f418f7bc7d2ff1d2d712b3b5ad58086f/screenshot - {}
RESULT: {}
COMMAND: POST /session/f418f7bc7d2ff1d2d712b3b5ad58086f/element - {"using":"xpath","value":"//table[contains(@id, \"listView-innerSelectionPanelTable-listUl\")]/tbody/tr[9]/td[2]/div/div"}
RESULT: {}
RESULT: {"using":"xpath","value":"//table[contains(@id, \"listView-innerSelectionPanelTable-listUl\")]/tbody/tr[9]/td[2]/div/div"}
COMMAND: POST /session/f418f7bc7d2ff1d2d712b3b5ad58086f/element - {"using":"xpath","value":"//table[contains(@id, \"listView-innerSelectionPanelTable-listUl\")]/tbody/tr[9]/td[2]/div"}
RESULT: {"using":"xpath","value":"//table[contains(@id, \"listView-innerSelectionPanelTable-listUl\")]/tbody/tr[9]/td[2]/div"}
COMMAND: POST /session/f418f7bc7d2ff1d2d712b3b5ad58086f/element - {"using":"xpath","value":"//table[contains(@id, \"listView-innerSelectionPanelTable-listUl\")]/tbody/tr[9]/td[3]/div/div/span/span[1]/bdi"}
RESULT: {"using":"xpath","value":"//table[contains(@id, \"listView-innerSelectionPanelTable-listUl\")]/tbody/tr[9]/td[3]/div/div/span/span[1]/bdi"}
COMMAND: POST /session/f418f7bc7d2ff1d2d712b3b5ad58086f/execute/sync - {"script":"<script> [56 bytes]","args":[{"element-6066-11e4-a52e-4f735466cecf":"f.72BD6EB346CCC82EDFB0602EE84AC45D.d.857343439B1C17B9C3F32B6062317350.e.8165","ELEMENT":"f.72BD6EB346CCC82EDFB0602EE84AC45D.d.857343439B1C17B9C3F32B6062317350.e.8165"}]}
RESULT: {"script":"<script> [56 bytes]","args":[{"element-6066-11e4-a52e-4f735466cecf":"f.72BD6EB346CCC82EDFB0602EE84AC45D.d.857343439B1C17B9C3F32B6062317350.e.8165","ELEMENT":"f.72BD6EB346CCC82EDFB0602EE84AC45D.d.857343439B1C17B9C3F32B6062317350.e.8165"}]}
COMMAND: GET /session/f418f7bc7d2ff1d2d712b3b5ad58086f/element/f.72BD6EB346CCC82EDFB0602EE84AC45D.d.857343439B1C17B9C3F32B6062317350.e.8164/attribute/aria-checked - {}
COMMAND: GET /session/f418f7bc7d2ff1d2d712b3b5ad58086f/screenshot - {}
RESULT: {}
COMMAND: POST /session/f418f7bc7d2ff1d2d712b3b5ad58086f/element - {"using":"xpath","value":"//table[contains(@id, \"listView-innerSelectionPanelTable-listUl\")]/tbody/tr[10]/td[2]/div/div"}
RESULT: {}
RESULT: {"using":"xpath","value":"//table[contains(@id, \"listView-innerSelectionPanelTable-listUl\")]/tbody/tr[10]/td[2]/div/div"}
COMMAND: POST /session/f418f7bc7d2ff1d2d712b3b5ad58086f/element - {"using":"xpath","value":"//table[contains(@id, \"listView-innerSelectionPanelTable-listUl\")]/tbody/tr[10]/td[2]/div"}
RESULT: {"using":"xpath","value":"//table[contains(@id, \"listView-innerSelectionPanelTable-listUl\")]/tbody/tr[10]/td[2]/div"}
COMMAND: POST /session/f418f7bc7d2ff1d2d712b3b5ad58086f/element - {"using":"xpath","value":"//table[contains(@id, \"listView-innerSelectionPanelTable-listUl\")]/tbody/tr[10]/td[3]/div/div/span/span[1]/bdi"}
RESULT: {"using":"xpath","value":"//table[contains(@id, \"listView-innerSelectionPanelTable-listUl\")]/tbody/tr[10]/td[3]/div/div/span/span[1]/bdi"}
COMMAND: POST /session/f418f7bc7d2ff1d2d712b3b5ad58086f/execute/sync - {"script":"<script> [56 bytes]","args":[{"element-6066-11e4-a52e-4f735466cecf":"f.72BD6EB346CCC82EDFB0602EE84AC45D.d.857343439B1C17B9C3F32B6062317350.e.8168","ELEMENT":"f.72BD6EB346CCC82EDFB0602EE84AC45D.d.857343439B1C17B9C3F32B6062317350.e.8168"}]}
RESULT: {"script":"<script> [56 bytes]","args":[{"element-6066-11e4-a52e-4f735466cecf":"f.72BD6EB346CCC82EDFB0602EE84AC45D.d.857343439B1C17B9C3F32B6062317350.e.8168","ELEMENT":"f.72BD6EB346CCC82EDFB0602EE84AC45D.d.857343439B1C17B9C3F32B6062317350.e.8168"}]}
COMMAND: GET /session/f418f7bc7d2ff1d2d712b3b5ad58086f/element/f.72BD6EB346CCC82EDFB0602EE84AC45D.d.857343439B1C17B9C3F32B6062317350.e.8167/attribute/aria-checked - {}
COMMAND: GET /session/f418f7bc7d2ff1d2d712b3b5ad58086f/screenshot - {}
RESULT: {}
RESULT: {}
COMMAND: POST /session/f418f7bc7d2ff1d2d712b3b5ad58086f/element - {"using":"xpath","value":"//table[contains(@id, \"listView-innerSelectionPanelTable-listUl\")]/tbody/tr[11]/td[2]/div/div"}
RESULT: {"using":"xpath","value":"//table[contains(@id, \"listView-innerSelectionPanelTable-listUl\")]/tbody/tr[11]/td[2]/div/div"}
COMMAND: POST /session/f418f7bc7d2ff1d2d712b3b5ad58086f/element - {"using":"xpath","value":"//table[contains(@id, \"listView-innerSelectionPanelTable-listUl\")]/tbody/tr[11]/td[2]/div"}
RESULT: {"using":"xpath","value":"//table[contains(@id, \"listView-innerSelectionPanelTable-listUl\")]/tbody/tr[11]/td[2]/div"}
COMMAND: POST /session/f418f7bc7d2ff1d2d712b3b5ad58086f/element - {"using":"xpath","value":"//table[contains(@id, \"listView-innerSelectionPanelTable-listUl\")]/tbody/tr[11]/td[3]/div/div/span/span[1]/bdi"}
RESULT: {"using":"xpath","value":"//table[contains(@id, \"listView-innerSelectionPanelTable-listUl\")]/tbody/tr[11]/td[3]/div/div/span/span[1]/bdi"}
COMMAND: POST /session/f418f7bc7d2ff1d2d712b3b5ad58086f/execute/sync - {"script":"<script> [56 bytes]","args":[{"element-6066-11e4-a52e-4f735466cecf":"f.72BD6EB346CCC82EDFB0602EE84AC45D.d.857343439B1C17B9C3F32B6062317350.e.8171","ELEMENT":"f.72BD6EB346CCC82EDFB0602EE84AC45D.d.857343439B1C17B9C3F32B6062317350.e.8171"}]}
RESULT: {"script":"<script> [56 bytes]","args":[{"element-6066-11e4-a52e-4f735466cecf":"f.72BD6EB346CCC82EDFB0602EE84AC45D.d.857343439B1C17B9C3F32B6062317350.e.8171","ELEMENT":"f.72BD6EB346CCC82EDFB0602EE84AC45D.d.857343439B1C17B9C3F32B6062317350.e.8171"}]}
COMMAND: GET /session/f418f7bc7d2ff1d2d712b3b5ad58086f/element/f.72BD6EB346CCC82EDFB0602EE84AC45D.d.857343439B1C17B9C3F32B6062317350.e.8170/attribute/aria-checked - {}
COMMAND: GET /session/f418f7bc7d2ff1d2d712b3b5ad58086f/screenshot - {}
RESULT: {}
COMMAND: POST /session/f418f7bc7d2ff1d2d712b3b5ad58086f/element - {"using":"xpath","value":"//table[contains(@id, \"listView-innerSelectionPanelTable-listUl\")]/tbody/tr[12]/td[2]/div/div"}
RESULT: {}
RESULT: {"using":"xpath","value":"//table[contains(@id, \"listView-innerSelectionPanelTable-listUl\")]/tbody/tr[12]/td[2]/div/div"}
COMMAND: POST /session/f418f7bc7d2ff1d2d712b3b5ad58086f/element - {"using":"xpath","value":"//table[contains(@id, \"listView-innerSelectionPanelTable-listUl\")]/tbody/tr[12]/td[2]/div"}
RESULT: {"using":"xpath","value":"//table[contains(@id, \"listView-innerSelectionPanelTable-listUl\")]/tbody/tr[12]/td[2]/div"}
COMMAND: POST /session/f418f7bc7d2ff1d2d712b3b5ad58086f/element - {"using":"xpath","value":"//table[contains(@id, \"listView-innerSelectionPanelTable-listUl\")]/tbody/tr[12]/td[3]/div/div/span/span[1]/bdi"}
RESULT: {"using":"xpath","value":"//table[contains(@id, \"listView-innerSelectionPanelTable-listUl\")]/tbody/tr[12]/td[3]/div/div/span/span[1]/bdi"}
COMMAND: POST /session/f418f7bc7d2ff1d2d712b3b5ad58086f/execute/sync - {"script":"<script> [56 bytes]","args":[{"element-6066-11e4-a52e-4f735466cecf":"f.72BD6EB346CCC82EDFB0602EE84AC45D.d.857343439B1C17B9C3F32B6062317350.e.8174","ELEMENT":"f.72BD6EB346CCC82EDFB0602EE84AC45D.d.857343439B1C17B9C3F32B6062317350.e.8174"}]}
RESULT: {"script":"<script> [56 bytes]","args":[{"element-6066-11e4-a52e-4f735466cecf":"f.72BD6EB346CCC82EDFB0602EE84AC45D.d.857343439B1C17B9C3F32B6062317350.e.8174","ELEMENT":"f.72BD6EB346CCC82EDFB0602EE84AC45D.d.857343439B1C17B9C3F32B6062317350.e.8174"}]}
COMMAND: GET /session/f418f7bc7d2ff1d2d712b3b5ad58086f/element/f.72BD6EB346CCC82EDFB0602EE84AC45D.d.857343439B1C17B9C3F32B6062317350.e.8173/attribute/aria-checked - {}
COMMAND: GET /session/f418f7bc7d2ff1d2d712b3b5ad58086f/screenshot - {}
RESULT: {}
COMMAND: POST /session/f418f7bc7d2ff1d2d712b3b5ad58086f/element - {"using":"xpath","value":"//table[contains(@id, \"listView-innerSelectionPanelTable-listUl\")]/tbody/tr[13]/td[2]/div/div"}
RESULT: {}
RESULT: {"using":"xpath","value":"//table[contains(@id, \"listView-innerSelectionPanelTable-listUl\")]/tbody/tr[13]/td[2]/div/div"}
COMMAND: POST /session/f418f7bc7d2ff1d2d712b3b5ad58086f/element - {"using":"xpath","value":"//table[contains(@id, \"listView-innerSelectionPanelTable-listUl\")]/tbody/tr[13]/td[2]/div"}
RESULT: {"using":"xpath","value":"//table[contains(@id, \"listView-innerSelectionPanelTable-listUl\")]/tbody/tr[13]/td[2]/div"}
COMMAND: POST /session/f418f7bc7d2ff1d2d712b3b5ad58086f/element - {"using":"xpath","value":"//table[contains(@id, \"listView-innerSelectionPanelTable-listUl\")]/tbody/tr[13]/td[3]/div/div/span/span[1]/bdi"}
RESULT: {"using":"xpath","value":"//table[contains(@id, \"listView-innerSelectionPanelTable-listUl\")]/tbody/tr[13]/td[3]/div/div/span/span[1]/bdi"}
COMMAND: POST /session/f418f7bc7d2ff1d2d712b3b5ad58086f/execute/sync - {"script":"<script> [56 bytes]","args":[{"element-6066-11e4-a52e-4f735466cecf":"f.72BD6EB346CCC82EDFB0602EE84AC45D.d.857343439B1C17B9C3F32B6062317350.e.8177","ELEMENT":"f.72BD6EB346CCC82EDFB0602EE84AC45D.d.857343439B1C17B9C3F32B6062317350.e.8177"}]}
RESULT: {"script":"<script> [56 bytes]","args":[{"element-6066-11e4-a52e-4f735466cecf":"f.72BD6EB346CCC82EDFB0602EE84AC45D.d.857343439B1C17B9C3F32B6062317350.e.8177","ELEMENT":"f.72BD6EB346CCC82EDFB0602EE84AC45D.d.857343439B1C17B9C3F32B6062317350.e.8177"}]}
COMMAND: GET /session/f418f7bc7d2ff1d2d712b3b5ad58086f/element/f.72BD6EB346CCC82EDFB0602EE84AC45D.d.857343439B1C17B9C3F32B6062317350.e.8176/attribute/aria-checked - {}
COMMAND: GET /session/f418f7bc7d2ff1d2d712b3b5ad58086f/screenshot - {}
RESULT: {}
COMMAND: POST /session/f418f7bc7d2ff1d2d712b3b5ad58086f/element - {"using":"xpath","value":"//table[contains(@id, \"listView-innerSelectionPanelTable-listUl\")]/tbody/tr[14]/td[2]/div/div"}
RESULT: {}
RESULT: {"using":"xpath","value":"//table[contains(@id, \"listView-innerSelectionPanelTable-listUl\")]/tbody/tr[14]/td[2]/div/div"}
COMMAND: POST /session/f418f7bc7d2ff1d2d712b3b5ad58086f/element - {"using":"xpath","value":"//table[contains(@id, \"listView-innerSelectionPanelTable-listUl\")]/tbody/tr[14]/td[2]/div"}
RESULT: {"using":"xpath","value":"//table[contains(@id, \"listView-innerSelectionPanelTable-listUl\")]/tbody/tr[14]/td[2]/div"}
COMMAND: POST /session/f418f7bc7d2ff1d2d712b3b5ad58086f/element - {"using":"xpath","value":"//table[contains(@id, \"listView-innerSelectionPanelTable-listUl\")]/tbody/tr[14]/td[3]/div/div/span/span[1]/bdi"}
RESULT: {"using":"xpath","value":"//table[contains(@id, \"listView-innerSelectionPanelTable-listUl\")]/tbody/tr[14]/td[3]/div/div/span/span[1]/bdi"}
COMMAND: POST /session/f418f7bc7d2ff1d2d712b3b5ad58086f/execute/sync - {"script":"<script> [56 bytes]","args":[{"element-6066-11e4-a52e-4f735466cecf":"f.72BD6EB346CCC82EDFB0602EE84AC45D.d.857343439B1C17B9C3F32B6062317350.e.8180","ELEMENT":"f.72BD6EB346CCC82EDFB0602EE84AC45D.d.857343439B1C17B9C3F32B6062317350.e.8180"}]}
RESULT: {"script":"<script> [56 bytes]","args":[{"element-6066-11e4-a52e-4f735466cecf":"f.72BD6EB346CCC82EDFB0602EE84AC45D.d.857343439B1C17B9C3F32B6062317350.e.8180","ELEMENT":"f.72BD6EB346CCC82EDFB0602EE84AC45D.d.857343439B1C17B9C3F32B6062317350.e.8180"}]}
COMMAND: GET /session/f418f7bc7d2ff1d2d712b3b5ad58086f/element/f.72BD6EB346CCC82EDFB0602EE84AC45D.d.857343439B1C17B9C3F32B6062317350.e.8179/attribute/aria-checked - {}
COMMAND: GET /session/f418f7bc7d2ff1d2d712b3b5ad58086f/screenshot - {}
RESULT: {}
COMMAND: POST /session/f418f7bc7d2ff1d2d712b3b5ad58086f/element - {"using":"xpath","value":"//table[contains(@id, \"listView-innerSelectionPanelTable-listUl\")]/tbody/tr[15]/td[2]/div/div"}
RESULT: {}
RESULT: {"using":"xpath","value":"//table[contains(@id, \"listView-innerSelectionPanelTable-listUl\")]/tbody/tr[15]/td[2]/div/div"}
COMMAND: POST /session/f418f7bc7d2ff1d2d712b3b5ad58086f/element - {"using":"xpath","value":"//table[contains(@id, \"listView-innerSelectionPanelTable-listUl\")]/tbody/tr[15]/td[2]/div"}
RESULT: {"using":"xpath","value":"//table[contains(@id, \"listView-innerSelectionPanelTable-listUl\")]/tbody/tr[15]/td[2]/div"}
COMMAND: POST /session/f418f7bc7d2ff1d2d712b3b5ad58086f/element - {"using":"xpath","value":"//table[contains(@id, \"listView-innerSelectionPanelTable-listUl\")]/tbody/tr[15]/td[3]/div/div/span/span[1]/bdi"}
RESULT: {"using":"xpath","value":"//table[contains(@id, \"listView-innerSelectionPanelTable-listUl\")]/tbody/tr[15]/td[3]/div/div/span/span[1]/bdi"}
COMMAND: POST /session/f418f7bc7d2ff1d2d712b3b5ad58086f/execute/sync - {"script":"<script> [56 bytes]","args":[{"element-6066-11e4-a52e-4f735466cecf":"f.72BD6EB346CCC82EDFB0602EE84AC45D.d.857343439B1C17B9C3F32B6062317350.e.8183","ELEMENT":"f.72BD6EB346CCC82EDFB0602EE84AC45D.d.857343439B1C17B9C3F32B6062317350.e.8183"}]}
RESULT: {"script":"<script> [56 bytes]","args":[{"element-6066-11e4-a52e-4f735466cecf":"f.72BD6EB346CCC82EDFB0602EE84AC45D.d.857343439B1C17B9C3F32B6062317350.e.8183","ELEMENT":"f.72BD6EB346CCC82EDFB0602EE84AC45D.d.857343439B1C17B9C3F32B6062317350.e.8183"}]}
COMMAND: GET /session/f418f7bc7d2ff1d2d712b3b5ad58086f/element/f.72BD6EB346CCC82EDFB0602EE84AC45D.d.857343439B1C17B9C3F32B6062317350.e.8182/attribute/aria-checked - {}
COMMAND: GET /session/f418f7bc7d2ff1d2d712b3b5ad58086f/screenshot - {}
RESULT: {}
COMMAND: POST /session/f418f7bc7d2ff1d2d712b3b5ad58086f/element - {"using":"xpath","value":"//table[contains(@id, \"listView-innerSelectionPanelTable-listUl\")]/tbody/tr[16]/td[2]/div/div"}
RESULT: {}
RESULT: {"using":"xpath","value":"//table[contains(@id, \"listView-innerSelectionPanelTable-listUl\")]/tbody/tr[16]/td[2]/div/div"}
COMMAND: POST /session/f418f7bc7d2ff1d2d712b3b5ad58086f/element - {"using":"xpath","value":"//table[contains(@id, \"listView-innerSelectionPanelTable-listUl\")]/tbody/tr[16]/td[2]/div"}
RESULT: {"using":"xpath","value":"//table[contains(@id, \"listView-innerSelectionPanelTable-listUl\")]/tbody/tr[16]/td[2]/div"}
COMMAND: POST /session/f418f7bc7d2ff1d2d712b3b5ad58086f/element - {"using":"xpath","value":"//table[contains(@id, \"listView-innerSelectionPanelTable-listUl\")]/tbody/tr[16]/td[3]/div/div/span/span[1]/bdi"}
RESULT: {"using":"xpath","value":"//table[contains(@id, \"listView-innerSelectionPanelTable-listUl\")]/tbody/tr[16]/td[3]/div/div/span/span[1]/bdi"}
COMMAND: POST /session/f418f7bc7d2ff1d2d712b3b5ad58086f/execute/sync - {"script":"<script> [56 bytes]","args":[{"element-6066-11e4-a52e-4f735466cecf":"f.72BD6EB346CCC82EDFB0602EE84AC45D.d.857343439B1C17B9C3F32B6062317350.e.8186","ELEMENT":"f.72BD6EB346CCC82EDFB0602EE84AC45D.d.857343439B1C17B9C3F32B6062317350.e.8186"}]}
RESULT: {"script":"<script> [56 bytes]","args":[{"element-6066-11e4-a52e-4f735466cecf":"f.72BD6EB346CCC82EDFB0602EE84AC45D.d.857343439B1C17B9C3F32B6062317350.e.8186","ELEMENT":"f.72BD6EB346CCC82EDFB0602EE84AC45D.d.857343439B1C17B9C3F32B6062317350.e.8186"}]}
COMMAND: GET /session/f418f7bc7d2ff1d2d712b3b5ad58086f/element/f.72BD6EB346CCC82EDFB0602EE84AC45D.d.857343439B1C17B9C3F32B6062317350.e.8185/attribute/aria-checked - {}
COMMAND: GET /session/f418f7bc7d2ff1d2d712b3b5ad58086f/screenshot - {}
RESULT: {}
COMMAND: POST /session/f418f7bc7d2ff1d2d712b3b5ad58086f/element - {"using":"xpath","value":"//table[contains(@id, \"listView-innerSelectionPanelTable-listUl\")]/tbody/tr[17]/td[2]/div/div"}
RESULT: {}
RESULT: {"using":"xpath","value":"//table[contains(@id, \"listView-innerSelectionPanelTable-listUl\")]/tbody/tr[17]/td[2]/div/div"}
COMMAND: POST /session/f418f7bc7d2ff1d2d712b3b5ad58086f/element - {"using":"xpath","value":"//table[contains(@id, \"listView-innerSelectionPanelTable-listUl\")]/tbody/tr[17]/td[2]/div"}
RESULT: {"using":"xpath","value":"//table[contains(@id, \"listView-innerSelectionPanelTable-listUl\")]/tbody/tr[17]/td[2]/div"}
COMMAND: POST /session/f418f7bc7d2ff1d2d712b3b5ad58086f/element - {"using":"xpath","value":"//table[contains(@id, \"listView-innerSelectionPanelTable-listUl\")]/tbody/tr[17]/td[3]/div/div/span/span[1]/bdi"}
RESULT: {"using":"xpath","value":"//table[contains(@id, \"listView-innerSelectionPanelTable-listUl\")]/tbody/tr[17]/td[3]/div/div/span/span[1]/bdi"}
COMMAND: POST /session/f418f7bc7d2ff1d2d712b3b5ad58086f/execute/sync - {"script":"<script> [56 bytes]","args":[{"element-6066-11e4-a52e-4f735466cecf":"f.72BD6EB346CCC82EDFB0602EE84AC45D.d.857343439B1C17B9C3F32B6062317350.e.8189","ELEMENT":"f.72BD6EB346CCC82EDFB0602EE84AC45D.d.857343439B1C17B9C3F32B6062317350.e.8189"}]}
RESULT: {"script":"<script> [56 bytes]","args":[{"element-6066-11e4-a52e-4f735466cecf":"f.72BD6EB346CCC82EDFB0602EE84AC45D.d.857343439B1C17B9C3F32B6062317350.e.8189","ELEMENT":"f.72BD6EB346CCC82EDFB0602EE84AC45D.d.857343439B1C17B9C3F32B6062317350.e.8189"}]}
COMMAND: GET /session/f418f7bc7d2ff1d2d712b3b5ad58086f/element/f.72BD6EB346CCC82EDFB0602EE84AC45D.d.857343439B1C17B9C3F32B6062317350.e.8188/attribute/aria-checked - {}
COMMAND: GET /session/f418f7bc7d2ff1d2d712b3b5ad58086f/screenshot - {}
RESULT: {}
COMMAND: POST /session/f418f7bc7d2ff1d2d712b3b5ad58086f/element - {"using":"xpath","value":"//table[contains(@id, \"listView-innerSelectionPanelTable-listUl\")]/tbody/tr[18]/td[2]/div/div"}
RESULT: {}
RESULT: {"using":"xpath","value":"//table[contains(@id, \"listView-innerSelectionPanelTable-listUl\")]/tbody/tr[18]/td[2]/div/div"}
COMMAND: POST /session/f418f7bc7d2ff1d2d712b3b5ad58086f/element - {"using":"xpath","value":"//table[contains(@id, \"listView-innerSelectionPanelTable-listUl\")]/tbody/tr[18]/td[2]/div"}
RESULT: {"using":"xpath","value":"//table[contains(@id, \"listView-innerSelectionPanelTable-listUl\")]/tbody/tr[18]/td[2]/div"}
COMMAND: POST /session/f418f7bc7d2ff1d2d712b3b5ad58086f/element - {"using":"xpath","value":"//table[contains(@id, \"listView-innerSelectionPanelTable-listUl\")]/tbody/tr[18]/td[3]/div/div/span/span[1]/bdi"}
RESULT: {"using":"xpath","value":"//table[contains(@id, \"listView-innerSelectionPanelTable-listUl\")]/tbody/tr[18]/td[3]/div/div/span/span[1]/bdi"}
COMMAND: POST /session/f418f7bc7d2ff1d2d712b3b5ad58086f/execute/sync - {"script":"<script> [56 bytes]","args":[{"element-6066-11e4-a52e-4f735466cecf":"f.72BD6EB346CCC82EDFB0602EE84AC45D.d.857343439B1C17B9C3F32B6062317350.e.8192","ELEMENT":"f.72BD6EB346CCC82EDFB0602EE84AC45D.d.857343439B1C17B9C3F32B6062317350.e.8192"}]}
RESULT: {"script":"<script> [56 bytes]","args":[{"element-6066-11e4-a52e-4f735466cecf":"f.72BD6EB346CCC82EDFB0602EE84AC45D.d.857343439B1C17B9C3F32B6062317350.e.8192","ELEMENT":"f.72BD6EB346CCC82EDFB0602EE84AC45D.d.857343439B1C17B9C3F32B6062317350.e.8192"}]}
COMMAND: GET /session/f418f7bc7d2ff1d2d712b3b5ad58086f/element/f.72BD6EB346CCC82EDFB0602EE84AC45D.d.857343439B1C17B9C3F32B6062317350.e.8191/attribute/aria-checked - {}
COMMAND: GET /session/f418f7bc7d2ff1d2d712b3b5ad58086f/screenshot - {}
RESULT: {}
COMMAND: POST /session/f418f7bc7d2ff1d2d712b3b5ad58086f/element - {"using":"xpath","value":"//table[contains(@id, \"listView-innerSelectionPanelTable-listUl\")]/tbody/tr[19]/td[2]/div/div"}
RESULT: {}
RESULT: {"using":"xpath","value":"//table[contains(@id, \"listView-innerSelectionPanelTable-listUl\")]/tbody/tr[19]/td[2]/div/div"}
COMMAND: POST /session/f418f7bc7d2ff1d2d712b3b5ad58086f/element - {"using":"xpath","value":"//table[contains(@id, \"listView-innerSelectionPanelTable-listUl\")]/tbody/tr[19]/td[2]/div"}
RESULT: {"using":"xpath","value":"//table[contains(@id, \"listView-innerSelectionPanelTable-listUl\")]/tbody/tr[19]/td[2]/div"}
COMMAND: POST /session/f418f7bc7d2ff1d2d712b3b5ad58086f/element - {"using":"xpath","value":"//table[contains(@id, \"listView-innerSelectionPanelTable-listUl\")]/tbody/tr[19]/td[3]/div/div/span/span[1]/bdi"}
RESULT: {"using":"xpath","value":"//table[contains(@id, \"listView-innerSelectionPanelTable-listUl\")]/tbody/tr[19]/td[3]/div/div/span/span[1]/bdi"}
COMMAND: POST /session/f418f7bc7d2ff1d2d712b3b5ad58086f/execute/sync - {"script":"<script> [56 bytes]","args":[{"element-6066-11e4-a52e-4f735466cecf":"f.72BD6EB346CCC82EDFB0602EE84AC45D.d.857343439B1C17B9C3F32B6062317350.e.8195","ELEMENT":"f.72BD6EB346CCC82EDFB0602EE84AC45D.d.857343439B1C17B9C3F32B6062317350.e.8195"}]}
RESULT: {"script":"<script> [56 bytes]","args":[{"element-6066-11e4-a52e-4f735466cecf":"f.72BD6EB346CCC82EDFB0602EE84AC45D.d.857343439B1C17B9C3F32B6062317350.e.8195","ELEMENT":"f.72BD6EB346CCC82EDFB0602EE84AC45D.d.857343439B1C17B9C3F32B6062317350.e.8195"}]}
COMMAND: GET /session/f418f7bc7d2ff1d2d712b3b5ad58086f/element/f.72BD6EB346CCC82EDFB0602EE84AC45D.d.857343439B1C17B9C3F32B6062317350.e.8194/attribute/aria-checked - {}
COMMAND: GET /session/f418f7bc7d2ff1d2d712b3b5ad58086f/screenshot - {}
RESULT: {}
COMMAND: POST /session/f418f7bc7d2ff1d2d712b3b5ad58086f/element - {"using":"xpath","value":"//table[contains(@id, \"listView-innerSelectionPanelTable-listUl\")]/tbody/tr[20]/td[2]/div/div"}
RESULT: {}
RESULT: {"using":"xpath","value":"//table[contains(@id, \"listView-innerSelectionPanelTable-listUl\")]/tbody/tr[20]/td[2]/div/div"}
COMMAND: POST /session/f418f7bc7d2ff1d2d712b3b5ad58086f/element - {"using":"xpath","value":"//table[contains(@id, \"listView-innerSelectionPanelTable-listUl\")]/tbody/tr[20]/td[2]/div"}
RESULT: {"using":"xpath","value":"//table[contains(@id, \"listView-innerSelectionPanelTable-listUl\")]/tbody/tr[20]/td[2]/div"}
COMMAND: POST /session/f418f7bc7d2ff1d2d712b3b5ad58086f/element - {"using":"xpath","value":"//table[contains(@id, \"listView-innerSelectionPanelTable-listUl\")]/tbody/tr[20]/td[3]/div/div/span/span[1]/bdi"}
RESULT: {"using":"xpath","value":"//table[contains(@id, \"listView-innerSelectionPanelTable-listUl\")]/tbody/tr[20]/td[3]/div/div/span/span[1]/bdi"}
COMMAND: POST /session/f418f7bc7d2ff1d2d712b3b5ad58086f/execute/sync - {"script":"<script> [56 bytes]","args":[{"element-6066-11e4-a52e-4f735466cecf":"f.72BD6EB346CCC82EDFB0602EE84AC45D.d.857343439B1C17B9C3F32B6062317350.e.8198","ELEMENT":"f.72BD6EB346CCC82EDFB0602EE84AC45D.d.857343439B1C17B9C3F32B6062317350.e.8198"}]}
RESULT: {"script":"<script> [56 bytes]","args":[{"element-6066-11e4-a52e-4f735466cecf":"f.72BD6EB346CCC82EDFB0602EE84AC45D.d.857343439B1C17B9C3F32B6062317350.e.8198","ELEMENT":"f.72BD6EB346CCC82EDFB0602EE84AC45D.d.857343439B1C17B9C3F32B6062317350.e.8198"}]}
COMMAND: GET /session/f418f7bc7d2ff1d2d712b3b5ad58086f/element/f.72BD6EB346CCC82EDFB0602EE84AC45D.d.857343439B1C17B9C3F32B6062317350.e.8197/attribute/aria-checked - {}
COMMAND: GET /session/f418f7bc7d2ff1d2d712b3b5ad58086f/screenshot - {}
RESULT: {}
COMMAND: POST /session/f418f7bc7d2ff1d2d712b3b5ad58086f/element - {"using":"xpath","value":"//table[contains(@id, \"listView-innerSelectionPanelTable-listUl\")]/tbody/tr[21]/td[2]/div/div"}
COMMAND: POST /session/f418f7bc7d2ff1d2d712b3b5ad58086f/element/f.72BD6EB346CCC82EDFB0602EE84AC45D.d.857343439B1C17B9C3F32B6062317350.e.8196/click - {}
RESULT: {}
RESULT: {"using":"xpath","value":"//table[contains(@id, \"listView-innerSelectionPanelTable-listUl\")]/tbody/tr[21]/td[2]/div/div"}
COMMAND: POST /session/f418f7bc7d2ff1d2d712b3b5ad58086f/element - {"using":"xpath","value":"//table[contains(@id, \"listView-innerSelectionPanelTable-listUl\")]/tbody/tr[21]/td[2]/div"}
RESULT: {}
COMMAND: GET /session/f418f7bc7d2ff1d2d712b3b5ad58086f/screenshot - {}
RESULT: {"using":"xpath","value":"//table[contains(@id, \"listView-innerSelectionPanelTable-listUl\")]/tbody/tr[21]/td[2]/div"}
COMMAND: POST /session/f418f7bc7d2ff1d2d712b3b5ad58086f/element - {"using":"xpath","value":"//table[contains(@id, \"listView-innerSelectionPanelTable-listUl\")]/tbody/tr[21]/td[3]/div/div/span/span[1]/bdi"}
RESULT: {}
RESULT: {"using":"xpath","value":"//table[contains(@id, \"listView-innerSelectionPanelTable-listUl\")]/tbody/tr[21]/td[3]/div/div/span/span[1]/bdi"}
COMMAND: POST /session/f418f7bc7d2ff1d2d712b3b5ad58086f/execute/sync - {"script":"<script> [56 bytes]","args":[{"element-6066-11e4-a52e-4f735466cecf":"f.72BD6EB346CCC82EDFB0602EE84AC45D.d.857343439B1C17B9C3F32B6062317350.e.8204","ELEMENT":"f.72BD6EB346CCC82EDFB0602EE84AC45D.d.857343439B1C17B9C3F32B6062317350.e.8204"}]}
RESULT: {"script":"<script> [56 bytes]","args":[{"element-6066-11e4-a52e-4f735466cecf":"f.72BD6EB346CCC82EDFB0602EE84AC45D.d.857343439B1C17B9C3F32B6062317350.e.8204","ELEMENT":"f.72BD6EB346CCC82EDFB0602EE84AC45D.d.857343439B1C17B9C3F32B6062317350.e.8204"}]}
COMMAND: GET /session/f418f7bc7d2ff1d2d712b3b5ad58086f/element/f.72BD6EB346CCC82EDFB0602EE84AC45D.d.857343439B1C17B9C3F32B6062317350.e.8203/attribute/aria-checked - {}
COMMAND: GET /session/f418f7bc7d2ff1d2d712b3b5ad58086f/screenshot - {}
RESULT: {}
COMMAND: POST /session/f418f7bc7d2ff1d2d712b3b5ad58086f/element - {"using":"xpath","value":"//table[contains(@id, \"listView-innerSelectionPanelTable-listUl\")]/tbody/tr[22]/td[2]/div/div"}
COMMAND: POST /session/f418f7bc7d2ff1d2d712b3b5ad58086f/element/f.72BD6EB346CCC82EDFB0602EE84AC45D.d.857343439B1C17B9C3F32B6062317350.e.8199/click - {}
RESULT: {}
RESULT: {"using":"xpath","value":"//table[contains(@id, \"listView-innerSelectionPanelTable-listUl\")]/tbody/tr[22]/td[2]/div/div"}
COMMAND: POST /session/f418f7bc7d2ff1d2d712b3b5ad58086f/element - {"using":"xpath","value":"//table[contains(@id, \"listView-innerSelectionPanelTable-listUl\")]/tbody/tr[22]/td[2]/div"}
RESULT: {}
COMMAND: GET /session/f418f7bc7d2ff1d2d712b3b5ad58086f/screenshot - {}
RESULT: {"using":"xpath","value":"//table[contains(@id, \"listView-innerSelectionPanelTable-listUl\")]/tbody/tr[22]/td[2]/div"}
COMMAND: POST /session/f418f7bc7d2ff1d2d712b3b5ad58086f/element - {"using":"xpath","value":"//table[contains(@id, \"listView-innerSelectionPanelTable-listUl\")]/tbody/tr[22]/td[3]/div/div/span/span[1]/bdi"}
RESULT: {}
RESULT: {"using":"xpath","value":"//table[contains(@id, \"listView-innerSelectionPanelTable-listUl\")]/tbody/tr[22]/td[3]/div/div/span/span[1]/bdi"}
COMMAND: POST /session/f418f7bc7d2ff1d2d712b3b5ad58086f/execute/sync - {"script":"<script> [56 bytes]","args":[{"element-6066-11e4-a52e-4f735466cecf":"f.72BD6EB346CCC82EDFB0602EE84AC45D.d.857343439B1C17B9C3F32B6062317350.e.8208","ELEMENT":"f.72BD6EB346CCC82EDFB0602EE84AC45D.d.857343439B1C17B9C3F32B6062317350.e.8208"}]}
RESULT: {"script":"<script> [56 bytes]","args":[{"element-6066-11e4-a52e-4f735466cecf":"f.72BD6EB346CCC82EDFB0602EE84AC45D.d.857343439B1C17B9C3F32B6062317350.e.8208","ELEMENT":"f.72BD6EB346CCC82EDFB0602EE84AC45D.d.857343439B1C17B9C3F32B6062317350.e.8208"}]}
COMMAND: GET /session/f418f7bc7d2ff1d2d712b3b5ad58086f/element/f.72BD6EB346CCC82EDFB0602EE84AC45D.d.857343439B1C17B9C3F32B6062317350.e.8207/attribute/aria-checked - {}
COMMAND: GET /session/f418f7bc7d2ff1d2d712b3b5ad58086f/screenshot - {}
RESULT: {}
COMMAND: POST /session/f418f7bc7d2ff1d2d712b3b5ad58086f/element - {"using":"xpath","value":"//table[contains(@id, \"listView-innerSelectionPanelTable-listUl\")]/tbody/tr[23]/td[2]/div/div"}
RESULT: {}
RESULT: {"using":"xpath","value":"//table[contains(@id, \"listView-innerSelectionPanelTable-listUl\")]/tbody/tr[23]/td[2]/div/div"}
COMMAND: POST /session/f418f7bc7d2ff1d2d712b3b5ad58086f/element - {"using":"xpath","value":"//table[contains(@id, \"listView-innerSelectionPanelTable-listUl\")]/tbody/tr[23]/td[2]/div"}
RESULT: {"using":"xpath","value":"//table[contains(@id, \"listView-innerSelectionPanelTable-listUl\")]/tbody/tr[23]/td[2]/div"}
COMMAND: POST /session/f418f7bc7d2ff1d2d712b3b5ad58086f/element - {"using":"xpath","value":"//table[contains(@id, \"listView-innerSelectionPanelTable-listUl\")]/tbody/tr[23]/td[3]/div/div/span/span[1]/bdi"}
RESULT: {"using":"xpath","value":"//table[contains(@id, \"listView-innerSelectionPanelTable-listUl\")]/tbody/tr[23]/td[3]/div/div/span/span[1]/bdi"}
COMMAND: POST /session/f418f7bc7d2ff1d2d712b3b5ad58086f/execute/sync - {"script":"<script> [56 bytes]","args":[{"element-6066-11e4-a52e-4f735466cecf":"f.72BD6EB346CCC82EDFB0602EE84AC45D.d.857343439B1C17B9C3F32B6062317350.e.8211","ELEMENT":"f.72BD6EB346CCC82EDFB0602EE84AC45D.d.857343439B1C17B9C3F32B6062317350.e.8211"}]}
RESULT: {"script":"<script> [56 bytes]","args":[{"element-6066-11e4-a52e-4f735466cecf":"f.72BD6EB346CCC82EDFB0602EE84AC45D.d.857343439B1C17B9C3F32B6062317350.e.8211","ELEMENT":"f.72BD6EB346CCC82EDFB0602EE84AC45D.d.857343439B1C17B9C3F32B6062317350.e.8211"}]}
COMMAND: GET /session/f418f7bc7d2ff1d2d712b3b5ad58086f/element/f.72BD6EB346CCC82EDFB0602EE84AC45D.d.857343439B1C17B9C3F32B6062317350.e.8210/attribute/aria-checked - {}
COMMAND: GET /session/f418f7bc7d2ff1d2d712b3b5ad58086f/screenshot - {}
RESULT: {}
COMMAND: POST /session/f418f7bc7d2ff1d2d712b3b5ad58086f/element - {"using":"xpath","value":"//table[contains(@id, \"listView-innerSelectionPanelTable-listUl\")]/tbody/tr[24]/td[2]/div/div"}
RESULT: {}
RESULT: {"using":"xpath","value":"//table[contains(@id, \"listView-innerSelectionPanelTable-listUl\")]/tbody/tr[24]/td[2]/div/div"}
COMMAND: POST /session/f418f7bc7d2ff1d2d712b3b5ad58086f/element - {"using":"xpath","value":"//table[contains(@id, \"listView-innerSelectionPanelTable-listUl\")]/tbody/tr[24]/td[2]/div"}
RESULT: {"using":"xpath","value":"//table[contains(@id, \"listView-innerSelectionPanelTable-listUl\")]/tbody/tr[24]/td[2]/div"}
COMMAND: POST /session/f418f7bc7d2ff1d2d712b3b5ad58086f/element - {"using":"xpath","value":"//table[contains(@id, \"listView-innerSelectionPanelTable-listUl\")]/tbody/tr[24]/td[3]/div/div/span/span[1]/bdi"}
RESULT: {"using":"xpath","value":"//table[contains(@id, \"listView-innerSelectionPanelTable-listUl\")]/tbody/tr[24]/td[3]/div/div/span/span[1]/bdi"}
COMMAND: POST /session/f418f7bc7d2ff1d2d712b3b5ad58086f/execute/sync - {"script":"<script> [56 bytes]","args":[{"element-6066-11e4-a52e-4f735466cecf":"f.72BD6EB346CCC82EDFB0602EE84AC45D.d.857343439B1C17B9C3F32B6062317350.e.8214","ELEMENT":"f.72BD6EB346CCC82EDFB0602EE84AC45D.d.857343439B1C17B9C3F32B6062317350.e.8214"}]}
RESULT: {"script":"<script> [56 bytes]","args":[{"element-6066-11e4-a52e-4f735466cecf":"f.72BD6EB346CCC82EDFB0602EE84AC45D.d.857343439B1C17B9C3F32B6062317350.e.8214","ELEMENT":"f.72BD6EB346CCC82EDFB0602EE84AC45D.d.857343439B1C17B9C3F32B6062317350.e.8214"}]}
COMMAND: GET /session/f418f7bc7d2ff1d2d712b3b5ad58086f/element/f.72BD6EB346CCC82EDFB0602EE84AC45D.d.857343439B1C17B9C3F32B6062317350.e.8213/attribute/aria-checked - {}
COMMAND: GET /session/f418f7bc7d2ff1d2d712b3b5ad58086f/screenshot - {}
RESULT: {}
COMMAND: POST /session/f418f7bc7d2ff1d2d712b3b5ad58086f/element - {"using":"xpath","value":"//table[contains(@id, \"listView-innerSelectionPanelTable-listUl\")]/tbody/tr[25]/td[2]/div/div"}
RESULT: {}
RESULT: {"using":"xpath","value":"//table[contains(@id, \"listView-innerSelectionPanelTable-listUl\")]/tbody/tr[25]/td[2]/div/div"}
COMMAND: POST /session/f418f7bc7d2ff1d2d712b3b5ad58086f/element - {"using":"xpath","value":"//table[contains(@id, \"listView-innerSelectionPanelTable-listUl\")]/tbody/tr[25]/td[2]/div"}
RESULT: {"using":"xpath","value":"//table[contains(@id, \"listView-innerSelectionPanelTable-listUl\")]/tbody/tr[25]/td[2]/div"}
COMMAND: POST /session/f418f7bc7d2ff1d2d712b3b5ad58086f/element - {"using":"xpath","value":"//table[contains(@id, \"listView-innerSelectionPanelTable-listUl\")]/tbody/tr[25]/td[3]/div/div/span/span[1]/bdi"}
RESULT: {"using":"xpath","value":"//table[contains(@id, \"listView-innerSelectionPanelTable-listUl\")]/tbody/tr[25]/td[3]/div/div/span/span[1]/bdi"}
COMMAND: POST /session/f418f7bc7d2ff1d2d712b3b5ad58086f/execute/sync - {"script":"<script> [56 bytes]","args":[{"element-6066-11e4-a52e-4f735466cecf":"f.72BD6EB346CCC82EDFB0602EE84AC45D.d.857343439B1C17B9C3F32B6062317350.e.8217","ELEMENT":"f.72BD6EB346CCC82EDFB0602EE84AC45D.d.857343439B1C17B9C3F32B6062317350.e.8217"}]}
RESULT: {"script":"<script> [56 bytes]","args":[{"element-6066-11e4-a52e-4f735466cecf":"f.72BD6EB346CCC82EDFB0602EE84AC45D.d.857343439B1C17B9C3F32B6062317350.e.8217","ELEMENT":"f.72BD6EB346CCC82EDFB0602EE84AC45D.d.857343439B1C17B9C3F32B6062317350.e.8217"}]}
COMMAND: GET /session/f418f7bc7d2ff1d2d712b3b5ad58086f/element/f.72BD6EB346CCC82EDFB0602EE84AC45D.d.857343439B1C17B9C3F32B6062317350.e.8216/attribute/aria-checked - {}
COMMAND: GET /session/f418f7bc7d2ff1d2d712b3b5ad58086f/screenshot - {}
RESULT: {}
COMMAND: POST /session/f418f7bc7d2ff1d2d712b3b5ad58086f/element - {"using":"xpath","value":"//bdi[contains(text(), \"OK\")]"}
RESULT: {}
RESULT: {"using":"xpath","value":"//bdi[contains(text(), \"OK\")]"}
COMMAND: POST /session/f418f7bc7d2ff1d2d712b3b5ad58086f/element/f.72BD6EB346CCC82EDFB0602EE84AC45D.d.857343439B1C17B9C3F32B6062317350.e.8218/click - {}
RESULT: {}
COMMAND: GET /session/f418f7bc7d2ff1d2d712b3b5ad58086f/screenshot - {}
RESULT: {}
RESULT: undefined
COMMAND: POST /session/f418f7bc7d2ff1d2d712b3b5ad58086f/element - {"using":"xpath","value":"//*[@id=\"application-managepartners-display-component---masterPtm--smartFilterBar-filterItemControlA_-LINK_TO_ADDRESSES_MAIN.ID-vhi\"]"}
RESULT: {"using":"xpath","value":"//*[@id=\"application-managepartners-display-component---masterPtm--smartFilterBar-filterItemControlA_-LINK_TO_ADDRESSES_MAIN.ID-vhi\"]"}
COMMAND: POST /session/f418f7bc7d2ff1d2d712b3b5ad58086f/element/f.72BD6EB346CCC82EDFB0602EE84AC45D.d.857343439B1C17B9C3F32B6062317350.e.8231/click - {}
RESULT: {}
COMMAND: GET /session/f418f7bc7d2ff1d2d712b3b5ad58086f/screenshot - {}
RESULT: {}
RESULT: undefined
COMMAND: POST /session/f418f7bc7d2ff1d2d712b3b5ad58086f/element - {"using":"xpath","value":"//*[@id=\"__box77-arrow\"]"}
RESULT: {"using":"xpath","value":"//*[@id=\"__box77-arrow\"]"}
COMMAND: POST /session/f418f7bc7d2ff1d2d712b3b5ad58086f/elements - {"using":"xpath","value":"//*[@id=\"__box77-arrow\"]"}
RESULT: {"using":"xpath","value":"//*[@id=\"__box77-arrow\"]"}
COMMAND: POST /session/f418f7bc7d2ff1d2d712b3b5ad58086f/elements - {"using":"xpath","value":"//*[@id=\"__box77-arrow\"]"}
RESULT: {"using":"xpath","value":"//*[@id=\"__box77-arrow\"]"}
COMMAND: POST /session/f418f7bc7d2ff1d2d712b3b5ad58086f/elements - {"using":"xpath","value":"//*[@id=\"__box77-arrow\"]"}
RESULT: {"using":"xpath","value":"//*[@id=\"__box77-arrow\"]"}
COMMAND: POST /session/f418f7bc7d2ff1d2d712b3b5ad58086f/elements - {"using":"xpath","value":"//*[@id=\"__box77-arrow\"]"}
RESULT: {"using":"xpath","value":"//*[@id=\"__box77-arrow\"]"}
COMMAND: POST /session/f418f7bc7d2ff1d2d712b3b5ad58086f/elements - {"using":"xpath","value":"//*[@id=\"__box77-arrow\"]"}
RESULT: {"using":"xpath","value":"//*[@id=\"__box77-arrow\"]"}
COMMAND: POST /session/f418f7bc7d2ff1d2d712b3b5ad58086f/elements - {"using":"xpath","value":"//*[@id=\"__box77-arrow\"]"}
RESULT: {"using":"xpath","value":"//*[@id=\"__box77-arrow\"]"}
COMMAND: POST /session/f418f7bc7d2ff1d2d712b3b5ad58086f/elements - {"using":"xpath","value":"//*[@id=\"__box77-arrow\"]"}
RESULT: {"using":"xpath","value":"//*[@id=\"__box77-arrow\"]"}
COMMAND: POST /session/f418f7bc7d2ff1d2d712b3b5ad58086f/elements - {"using":"xpath","value":"//*[@id=\"__box77-arrow\"]"}
RESULT: {"using":"xpath","value":"//*[@id=\"__box77-arrow\"]"}
COMMAND: POST /session/f418f7bc7d2ff1d2d712b3b5ad58086f/elements - {"using":"xpath","value":"//*[@id=\"__box77-arrow\"]"}
RESULT: {"using":"xpath","value":"//*[@id=\"__box77-arrow\"]"}
COMMAND: POST /session/f418f7bc7d2ff1d2d712b3b5ad58086f/elements - {"using":"xpath","value":"//*[@id=\"__box77-arrow\"]"}
RESULT: {"using":"xpath","value":"//*[@id=\"__box77-arrow\"]"}
COMMAND: POST /session/f418f7bc7d2ff1d2d712b3b5ad58086f/elements - {"using":"xpath","value":"//*[@id=\"__box77-arrow\"]"}
RESULT: {"using":"xpath","value":"//*[@id=\"__box77-arrow\"]"}
COMMAND: POST /session/f418f7bc7d2ff1d2d712b3b5ad58086f/elements - {"using":"xpath","value":"//*[@id=\"__box77-arrow\"]"}
RESULT: {"using":"xpath","value":"//*[@id=\"__box77-arrow\"]"}
COMMAND: POST /session/f418f7bc7d2ff1d2d712b3b5ad58086f/elements - {"using":"xpath","value":"//*[@id=\"__box77-arrow\"]"}
RESULT: {"using":"xpath","value":"//*[@id=\"__box77-arrow\"]"}
COMMAND: POST /session/f418f7bc7d2ff1d2d712b3b5ad58086f/elements - {"using":"xpath","value":"//*[@id=\"__box77-arrow\"]"}
RESULT: {"using":"xpath","value":"//*[@id=\"__box77-arrow\"]"}
COMMAND: POST /session/f418f7bc7d2ff1d2d712b3b5ad58086f/elements - {"using":"xpath","value":"//*[@id=\"__box77-arrow\"]"}
RESULT: {"using":"xpath","value":"//*[@id=\"__box77-arrow\"]"}
COMMAND: POST /session/f418f7bc7d2ff1d2d712b3b5ad58086f/elements - {"using":"xpath","value":"//*[@id=\"__box77-arrow\"]"}
RESULT: {"using":"xpath","value":"//*[@id=\"__box77-arrow\"]"}
COMMAND: POST /session/f418f7bc7d2ff1d2d712b3b5ad58086f/elements - {"using":"xpath","value":"//*[@id=\"__box77-arrow\"]"}
RESULT: {"using":"xpath","value":"//*[@id=\"__box77-arrow\"]"}
COMMAND: POST /session/f418f7bc7d2ff1d2d712b3b5ad58086f/elements - {"using":"xpath","value":"//*[@id=\"__box77-arrow\"]"}
RESULT: {"using":"xpath","value":"//*[@id=\"__box77-arrow\"]"}
COMMAND: POST /session/f418f7bc7d2ff1d2d712b3b5ad58086f/elements - {"using":"xpath","value":"//*[@id=\"__box77-arrow\"]"}
RESULT: {"using":"xpath","value":"//*[@id=\"__box77-arrow\"]"}
COMMAND: POST /session/f418f7bc7d2ff1d2d712b3b5ad58086f/elements - {"using":"xpath","value":"//*[@id=\"__box77-arrow\"]"}
RESULT: {"using":"xpath","value":"//*[@id=\"__box77-arrow\"]"}
COMMAND: POST /session/f418f7bc7d2ff1d2d712b3b5ad58086f/elements - {"using":"xpath","value":"//*[@id=\"__box77-arrow\"]"}
RESULT: {"using":"xpath","value":"//*[@id=\"__box77-arrow\"]"}
COMMAND: POST /session/f418f7bc7d2ff1d2d712b3b5ad58086f/elements - {"using":"xpath","value":"//*[@id=\"__box77-arrow\"]"}
RESULT: {"using":"xpath","value":"//*[@id=\"__box77-arrow\"]"}
COMMAND: POST /session/f418f7bc7d2ff1d2d712b3b5ad58086f/elements - {"using":"xpath","value":"//*[@id=\"__box77-arrow\"]"}
RESULT: {"using":"xpath","value":"//*[@id=\"__box77-arrow\"]"}
COMMAND: POST /session/f418f7bc7d2ff1d2d712b3b5ad58086f/elements - {"using":"xpath","value":"//*[@id=\"__box77-arrow\"]"}
RESULT: {"using":"xpath","value":"//*[@id=\"__box77-arrow\"]"}
COMMAND: POST /session/f418f7bc7d2ff1d2d712b3b5ad58086f/elements - {"using":"xpath","value":"//*[@id=\"__box77-arrow\"]"}
RESULT: {"using":"xpath","value":"//*[@id=\"__box77-arrow\"]"}
COMMAND: POST /session/f418f7bc7d2ff1d2d712b3b5ad58086f/elements - {"using":"xpath","value":"//*[@id=\"__box77-arrow\"]"}
RESULT: {"using":"xpath","value":"//*[@id=\"__box77-arrow\"]"}
COMMAND: POST /session/f418f7bc7d2ff1d2d712b3b5ad58086f/elements - {"using":"xpath","value":"//*[@id=\"__box77-arrow\"]"}
RESULT: {"using":"xpath","value":"//*[@id=\"__box77-arrow\"]"}
COMMAND: POST /session/f418f7bc7d2ff1d2d712b3b5ad58086f/elements - {"using":"xpath","value":"//*[@id=\"__box77-arrow\"]"}
RESULT: {"using":"xpath","value":"//*[@id=\"__box77-arrow\"]"}
COMMAND: POST /session/f418f7bc7d2ff1d2d712b3b5ad58086f/elements - {"using":"xpath","value":"//*[@id=\"__box77-arrow\"]"}
RESULT: {"using":"xpath","value":"//*[@id=\"__box77-arrow\"]"}
COMMAND: POST /session/f418f7bc7d2ff1d2d712b3b5ad58086f/elements - {"using":"xpath","value":"//*[@id=\"__box77-arrow\"]"}
RESULT: {"using":"xpath","value":"//*[@id=\"__box77-arrow\"]"}
COMMAND: POST /session/f418f7bc7d2ff1d2d712b3b5ad58086f/elements - {"using":"xpath","value":"//*[@id=\"__box77-arrow\"]"}
RESULT: {"using":"xpath","value":"//*[@id=\"__box77-arrow\"]"}
COMMAND: POST /session/f418f7bc7d2ff1d2d712b3b5ad58086f/elements - {"using":"xpath","value":"//*[@id=\"__box77-arrow\"]"}
RESULT: {"using":"xpath","value":"//*[@id=\"__box77-arrow\"]"}
COMMAND: POST /session/f418f7bc7d2ff1d2d712b3b5ad58086f/elements - {"using":"xpath","value":"//*[@id=\"__box77-arrow\"]"}
RESULT: {"using":"xpath","value":"//*[@id=\"__box77-arrow\"]"}
COMMAND: POST /session/f418f7bc7d2ff1d2d712b3b5ad58086f/elements - {"using":"xpath","value":"//*[@id=\"__box77-arrow\"]"}
RESULT: {"using":"xpath","value":"//*[@id=\"__box77-arrow\"]"}
COMMAND: POST /session/f418f7bc7d2ff1d2d712b3b5ad58086f/elements - {"using":"xpath","value":"//*[@id=\"__box77-arrow\"]"}
RESULT: {"using":"xpath","value":"//*[@id=\"__box77-arrow\"]"}
COMMAND: POST /session/f418f7bc7d2ff1d2d712b3b5ad58086f/elements - {"using":"xpath","value":"//*[@id=\"__box77-arrow\"]"}
RESULT: {"using":"xpath","value":"//*[@id=\"__box77-arrow\"]"}
COMMAND: POST /session/f418f7bc7d2ff1d2d712b3b5ad58086f/elements - {"using":"xpath","value":"//*[@id=\"__box77-arrow\"]"}
RESULT: {"using":"xpath","value":"//*[@id=\"__box77-arrow\"]"}
COMMAND: POST /session/f418f7bc7d2ff1d2d712b3b5ad58086f/elements - {"using":"xpath","value":"//*[@id=\"__box77-arrow\"]"}
RESULT: {"using":"xpath","value":"//*[@id=\"__box77-arrow\"]"}
COMMAND: POST /session/f418f7bc7d2ff1d2d712b3b5ad58086f/elements - {"using":"xpath","value":"//*[@id=\"__box77-arrow\"]"}
RESULT: {"using":"xpath","value":"//*[@id=\"__box77-arrow\"]"}
COMMAND: POST /session/f418f7bc7d2ff1d2d712b3b5ad58086f/elements - {"using":"xpath","value":"//*[@id=\"__box77-arrow\"]"}
RESULT: {"using":"xpath","value":"//*[@id=\"__box77-arrow\"]"}
COMMAND: POST /session/f418f7bc7d2ff1d2d712b3b5ad58086f/elements - {"using":"xpath","value":"//*[@id=\"__box77-arrow\"]"}
RESULT: {"using":"xpath","value":"//*[@id=\"__box77-arrow\"]"}
COMMAND: POST /session/f418f7bc7d2ff1d2d712b3b5ad58086f/elements - {"using":"xpath","value":"//*[@id=\"__box77-arrow\"]"}
RESULT: {"using":"xpath","value":"//*[@id=\"__box77-arrow\"]"}
COMMAND: POST /session/f418f7bc7d2ff1d2d712b3b5ad58086f/elements - {"using":"xpath","value":"//*[@id=\"__box77-arrow\"]"}
RESULT: {"using":"xpath","value":"//*[@id=\"__box77-arrow\"]"}
COMMAND: POST /session/f418f7bc7d2ff1d2d712b3b5ad58086f/elements - {"using":"xpath","value":"//*[@id=\"__box77-arrow\"]"}
RESULT: {"using":"xpath","value":"//*[@id=\"__box77-arrow\"]"}
COMMAND: POST /session/f418f7bc7d2ff1d2d712b3b5ad58086f/elements - {"using":"xpath","value":"//*[@id=\"__box77-arrow\"]"}
RESULT: {"using":"xpath","value":"//*[@id=\"__box77-arrow\"]"}
COMMAND: POST /session/f418f7bc7d2ff1d2d712b3b5ad58086f/elements - {"using":"xpath","value":"//*[@id=\"__box77-arrow\"]"}
RESULT: {"using":"xpath","value":"//*[@id=\"__box77-arrow\"]"}
COMMAND: POST /session/f418f7bc7d2ff1d2d712b3b5ad58086f/elements - {"using":"xpath","value":"//*[@id=\"__box77-arrow\"]"}
RESULT: {"using":"xpath","value":"//*[@id=\"__box77-arrow\"]"}
COMMAND: POST /session/f418f7bc7d2ff1d2d712b3b5ad58086f/elements - {"using":"xpath","value":"//*[@id=\"__box77-arrow\"]"}
RESULT: {"using":"xpath","value":"//*[@id=\"__box77-arrow\"]"}
COMMAND: POST /session/f418f7bc7d2ff1d2d712b3b5ad58086f/elements - {"using":"xpath","value":"//*[@id=\"__box77-arrow\"]"}
RESULT: {"using":"xpath","value":"//*[@id=\"__box77-arrow\"]"}
COMMAND: POST /session/f418f7bc7d2ff1d2d712b3b5ad58086f/elements - {"using":"xpath","value":"//*[@id=\"__box77-arrow\"]"}
RESULT: {"using":"xpath","value":"//*[@id=\"__box77-arrow\"]"}
COMMAND: POST /session/f418f7bc7d2ff1d2d712b3b5ad58086f/elements - {"using":"xpath","value":"//*[@id=\"__box77-arrow\"]"}
RESULT: {"using":"xpath","value":"//*[@id=\"__box77-arrow\"]"}
COMMAND: POST /session/f418f7bc7d2ff1d2d712b3b5ad58086f/elements - {"using":"xpath","value":"//*[@id=\"__box77-arrow\"]"}
RESULT: {"using":"xpath","value":"//*[@id=\"__box77-arrow\"]"}
COMMAND: POST /session/f418f7bc7d2ff1d2d712b3b5ad58086f/elements - {"using":"xpath","value":"//*[@id=\"__box77-arrow\"]"}
RESULT: {"using":"xpath","value":"//*[@id=\"__box77-arrow\"]"}
COMMAND: POST /session/f418f7bc7d2ff1d2d712b3b5ad58086f/elements - {"using":"xpath","value":"//*[@id=\"__box77-arrow\"]"}
RESULT: {"using":"xpath","value":"//*[@id=\"__box77-arrow\"]"}
COMMAND: POST /session/f418f7bc7d2ff1d2d712b3b5ad58086f/elements - {"using":"xpath","value":"//*[@id=\"__box77-arrow\"]"}
RESULT: {"using":"xpath","value":"//*[@id=\"__box77-arrow\"]"}
COMMAND: POST /session/f418f7bc7d2ff1d2d712b3b5ad58086f/elements - {"using":"xpath","value":"//*[@id=\"__box77-arrow\"]"}
RESULT: {"using":"xpath","value":"//*[@id=\"__box77-arrow\"]"}
COMMAND: POST /session/f418f7bc7d2ff1d2d712b3b5ad58086f/elements - {"using":"xpath","value":"//*[@id=\"__box77-arrow\"]"}
RESULT: {"using":"xpath","value":"//*[@id=\"__box77-arrow\"]"}
COMMAND: POST /session/f418f7bc7d2ff1d2d712b3b5ad58086f/elements - {"using":"xpath","value":"//*[@id=\"__box77-arrow\"]"}
RESULT: {"using":"xpath","value":"//*[@id=\"__box77-arrow\"]"}
COMMAND: POST /session/f418f7bc7d2ff1d2d712b3b5ad58086f/elements - {"using":"xpath","value":"//*[@id=\"__box77-arrow\"]"}
RESULT: {"using":"xpath","value":"//*[@id=\"__box77-arrow\"]"}
COMMAND: POST /session/f418f7bc7d2ff1d2d712b3b5ad58086f/elements - {"using":"xpath","value":"//*[@id=\"__box77-arrow\"]"}
RESULT: {"using":"xpath","value":"//*[@id=\"__box77-arrow\"]"}
COMMAND: POST /session/f418f7bc7d2ff1d2d712b3b5ad58086f/elements - {"using":"xpath","value":"//*[@id=\"__box77-arrow\"]"}
RESULT: {"using":"xpath","value":"//*[@id=\"__box77-arrow\"]"}
COMMAND: POST /session/f418f7bc7d2ff1d2d712b3b5ad58086f/elements - {"using":"xpath","value":"//*[@id=\"__box77-arrow\"]"}
RESULT: {"using":"xpath","value":"//*[@id=\"__box77-arrow\"]"}
COMMAND: POST /session/f418f7bc7d2ff1d2d712b3b5ad58086f/elements - {"using":"xpath","value":"//*[@id=\"__box77-arrow\"]"}
RESULT: {"using":"xpath","value":"//*[@id=\"__box77-arrow\"]"}
COMMAND: POST /session/f418f7bc7d2ff1d2d712b3b5ad58086f/elements - {"using":"xpath","value":"//*[@id=\"__box77-arrow\"]"}
RESULT: {"using":"xpath","value":"//*[@id=\"__box77-arrow\"]"}
COMMAND: POST /session/f418f7bc7d2ff1d2d712b3b5ad58086f/elements - {"using":"xpath","value":"//*[@id=\"__box77-arrow\"]"}
RESULT: {"using":"xpath","value":"//*[@id=\"__box77-arrow\"]"}
COMMAND: POST /session/f418f7bc7d2ff1d2d712b3b5ad58086f/elements - {"using":"xpath","value":"//*[@id=\"__box77-arrow\"]"}
RESULT: {"using":"xpath","value":"//*[@id=\"__box77-arrow\"]"}
COMMAND: POST /session/f418f7bc7d2ff1d2d712b3b5ad58086f/elements - {"using":"xpath","value":"//*[@id=\"__box77-arrow\"]"}
RESULT: {"using":"xpath","value":"//*[@id=\"__box77-arrow\"]"}
COMMAND: POST /session/f418f7bc7d2ff1d2d712b3b5ad58086f/elements - {"using":"xpath","value":"//*[@id=\"__box77-arrow\"]"}
RESULT: {"using":"xpath","value":"//*[@id=\"__box77-arrow\"]"}
COMMAND: POST /session/f418f7bc7d2ff1d2d712b3b5ad58086f/elements - {"using":"xpath","value":"//*[@id=\"__box77-arrow\"]"}
RESULT: {"using":"xpath","value":"//*[@id=\"__box77-arrow\"]"}
COMMAND: POST /session/f418f7bc7d2ff1d2d712b3b5ad58086f/elements - {"using":"xpath","value":"//*[@id=\"__box77-arrow\"]"}
RESULT: {"using":"xpath","value":"//*[@id=\"__box77-arrow\"]"}
COMMAND: POST /session/f418f7bc7d2ff1d2d712b3b5ad58086f/elements - {"using":"xpath","value":"//*[@id=\"__box77-arrow\"]"}
RESULT: {"using":"xpath","value":"//*[@id=\"__box77-arrow\"]"}
COMMAND: POST /session/f418f7bc7d2ff1d2d712b3b5ad58086f/elements - {"using":"xpath","value":"//*[@id=\"__box77-arrow\"]"}
RESULT: {"using":"xpath","value":"//*[@id=\"__box77-arrow\"]"}
COMMAND: POST /session/f418f7bc7d2ff1d2d712b3b5ad58086f/elements - {"using":"xpath","value":"//*[@id=\"__box77-arrow\"]"}
RESULT: {"using":"xpath","value":"//*[@id=\"__box77-arrow\"]"}
COMMAND: POST /session/f418f7bc7d2ff1d2d712b3b5ad58086f/elements - {"using":"xpath","value":"//*[@id=\"__box77-arrow\"]"}
RESULT: {"using":"xpath","value":"//*[@id=\"__box77-arrow\"]"}
COMMAND: POST /session/f418f7bc7d2ff1d2d712b3b5ad58086f/elements - {"using":"xpath","value":"//*[@id=\"__box77-arrow\"]"}
RESULT: {"using":"xpath","value":"//*[@id=\"__box77-arrow\"]"}
COMMAND: POST /session/f418f7bc7d2ff1d2d712b3b5ad58086f/elements - {"using":"xpath","value":"//*[@id=\"__box77-arrow\"]"}
RESULT: {"using":"xpath","value":"//*[@id=\"__box77-arrow\"]"}
COMMAND: POST /session/f418f7bc7d2ff1d2d712b3b5ad58086f/elements - {"using":"xpath","value":"//*[@id=\"__box77-arrow\"]"}
RESULT: {"using":"xpath","value":"//*[@id=\"__box77-arrow\"]"}
COMMAND: POST /session/f418f7bc7d2ff1d2d712b3b5ad58086f/elements - {"using":"xpath","value":"//*[@id=\"__box77-arrow\"]"}
RESULT: {"using":"xpath","value":"//*[@id=\"__box77-arrow\"]"}
COMMAND: POST /session/f418f7bc7d2ff1d2d712b3b5ad58086f/elements - {"using":"xpath","value":"//*[@id=\"__box77-arrow\"]"}
RESULT: {"using":"xpath","value":"//*[@id=\"__box77-arrow\"]"}
COMMAND: POST /session/f418f7bc7d2ff1d2d712b3b5ad58086f/elements - {"using":"xpath","value":"//*[@id=\"__box77-arrow\"]"}
RESULT: {"using":"xpath","value":"//*[@id=\"__box77-arrow\"]"}
COMMAND: POST /session/f418f7bc7d2ff1d2d712b3b5ad58086f/elements - {"using":"xpath","value":"//*[@id=\"__box77-arrow\"]"}
RESULT: {"using":"xpath","value":"//*[@id=\"__box77-arrow\"]"}
COMMAND: POST /session/f418f7bc7d2ff1d2d712b3b5ad58086f/elements - {"using":"xpath","value":"//*[@id=\"__box77-arrow\"]"}
RESULT: {"using":"xpath","value":"//*[@id=\"__box77-arrow\"]"}
COMMAND: POST /session/f418f7bc7d2ff1d2d712b3b5ad58086f/elements - {"using":"xpath","value":"//*[@id=\"__box77-arrow\"]"}
RESULT: {"using":"xpath","value":"//*[@id=\"__box77-arrow\"]"}
COMMAND: POST /session/f418f7bc7d2ff1d2d712b3b5ad58086f/elements - {"using":"xpath","value":"//*[@id=\"__box77-arrow\"]"}
RESULT: {"using":"xpath","value":"//*[@id=\"__box77-arrow\"]"}
COMMAND: POST /session/f418f7bc7d2ff1d2d712b3b5ad58086f/elements - {"using":"xpath","value":"//*[@id=\"__box77-arrow\"]"}
RESULT: {"using":"xpath","value":"//*[@id=\"__box77-arrow\"]"}
COMMAND: POST /session/f418f7bc7d2ff1d2d712b3b5ad58086f/elements - {"using":"xpath","value":"//*[@id=\"__box77-arrow\"]"}
RESULT: {"using":"xpath","value":"//*[@id=\"__box77-arrow\"]"}
COMMAND: POST /session/f418f7bc7d2ff1d2d712b3b5ad58086f/elements - {"using":"xpath","value":"//*[@id=\"__box77-arrow\"]"}
RESULT: {"using":"xpath","value":"//*[@id=\"__box77-arrow\"]"}
COMMAND: POST /session/f418f7bc7d2ff1d2d712b3b5ad58086f/elements - {"using":"xpath","value":"//*[@id=\"__box77-arrow\"]"}
RESULT: {"using":"xpath","value":"//*[@id=\"__box77-arrow\"]"}
COMMAND: POST /session/f418f7bc7d2ff1d2d712b3b5ad58086f/elements - {"using":"xpath","value":"//*[@id=\"__box77-arrow\"]"}
RESULT: {"using":"xpath","value":"//*[@id=\"__box77-arrow\"]"}
COMMAND: POST /session/f418f7bc7d2ff1d2d712b3b5ad58086f/elements - {"using":"xpath","value":"//*[@id=\"__box77-arrow\"]"}
RESULT: {"using":"xpath","value":"//*[@id=\"__box77-arrow\"]"}
COMMAND: POST /session/f418f7bc7d2ff1d2d712b3b5ad58086f/elements - {"using":"xpath","value":"//*[@id=\"__box77-arrow\"]"}
RESULT: {"using":"xpath","value":"//*[@id=\"__box77-arrow\"]"}
COMMAND: POST /session/f418f7bc7d2ff1d2d712b3b5ad58086f/elements - {"using":"xpath","value":"//*[@id=\"__box77-arrow\"]"}
RESULT: {"using":"xpath","value":"//*[@id=\"__box77-arrow\"]"}
COMMAND: POST /session/f418f7bc7d2ff1d2d712b3b5ad58086f/elements - {"using":"xpath","value":"//*[@id=\"__box77-arrow\"]"}
RESULT: {"using":"xpath","value":"//*[@id=\"__box77-arrow\"]"}
COMMAND: POST /session/f418f7bc7d2ff1d2d712b3b5ad58086f/elements - {"using":"xpath","value":"//*[@id=\"__box77-arrow\"]"}
RESULT: {"using":"xpath","value":"//*[@id=\"__box77-arrow\"]"}
COMMAND: POST /session/f418f7bc7d2ff1d2d712b3b5ad58086f/elements - {"using":"xpath","value":"//*[@id=\"__box77-arrow\"]"}
RESULT: {"using":"xpath","value":"//*[@id=\"__box77-arrow\"]"}
COMMAND: POST /session/f418f7bc7d2ff1d2d712b3b5ad58086f/elements - {"using":"xpath","value":"//*[@id=\"__box77-arrow\"]"}
RESULT: {"using":"xpath","value":"//*[@id=\"__box77-arrow\"]"}
COMMAND: POST /session/f418f7bc7d2ff1d2d712b3b5ad58086f/elements - {"using":"xpath","value":"//*[@id=\"__box77-arrow\"]"}
RESULT: {"using":"xpath","value":"//*[@id=\"__box77-arrow\"]"}
COMMAND: POST /session/f418f7bc7d2ff1d2d712b3b5ad58086f/elements - {"using":"xpath","value":"//*[@id=\"__box77-arrow\"]"}
RESULT: {"using":"xpath","value":"//*[@id=\"__box77-arrow\"]"}
COMMAND: POST /session/f418f7bc7d2ff1d2d712b3b5ad58086f/elements - {"using":"xpath","value":"//*[@id=\"__box77-arrow\"]"}
RESULT: {"using":"xpath","value":"//*[@id=\"__box77-arrow\"]"}
COMMAND: POST /session/f418f7bc7d2ff1d2d712b3b5ad58086f/elements - {"using":"xpath","value":"//*[@id=\"__box77-arrow\"]"}
RESULT: {"using":"xpath","value":"//*[@id=\"__box77-arrow\"]"}
COMMAND: POST /session/f418f7bc7d2ff1d2d712b3b5ad58086f/elements - {"using":"xpath","value":"//*[@id=\"__box77-arrow\"]"}
RESULT: {"using":"xpath","value":"//*[@id=\"__box77-arrow\"]"}
COMMAND: POST /session/f418f7bc7d2ff1d2d712b3b5ad58086f/elements - {"using":"xpath","value":"//*[@id=\"__box77-arrow\"]"}
RESULT: {"using":"xpath","value":"//*[@id=\"__box77-arrow\"]"}
COMMAND: POST /session/f418f7bc7d2ff1d2d712b3b5ad58086f/elements - {"using":"xpath","value":"//*[@id=\"__box77-arrow\"]"}
RESULT: {"using":"xpath","value":"//*[@id=\"__box77-arrow\"]"}
COMMAND: POST /session/f418f7bc7d2ff1d2d712b3b5ad58086f/elements - {"using":"xpath","value":"//*[@id=\"__box77-arrow\"]"}
RESULT: {"using":"xpath","value":"//*[@id=\"__box77-arrow\"]"}
COMMAND: POST /session/f418f7bc7d2ff1d2d712b3b5ad58086f/elements - {"using":"xpath","value":"//*[@id=\"__box77-arrow\"]"}
RESULT: {"using":"xpath","value":"//*[@id=\"__box77-arrow\"]"}
COMMAND: POST /session/f418f7bc7d2ff1d2d712b3b5ad58086f/elements - {"using":"xpath","value":"//*[@id=\"__box77-arrow\"]"}
RESULT: {"using":"xpath","value":"//*[@id=\"__box77-arrow\"]"}
COMMAND: POST /session/f418f7bc7d2ff1d2d712b3b5ad58086f/elements - {"using":"xpath","value":"//*[@id=\"__box77-arrow\"]"}
RESULT: {"using":"xpath","value":"//*[@id=\"__box77-arrow\"]"}
COMMAND: POST /session/f418f7bc7d2ff1d2d712b3b5ad58086f/elements - {"using":"xpath","value":"//*[@id=\"__box77-arrow\"]"}
RESULT: {"using":"xpath","value":"//*[@id=\"__box77-arrow\"]"}
COMMAND: POST /session/f418f7bc7d2ff1d2d712b3b5ad58086f/elements - {"using":"xpath","value":"//*[@id=\"__box77-arrow\"]"}
RESULT: {"using":"xpath","value":"//*[@id=\"__box77-arrow\"]"}
COMMAND: POST /session/f418f7bc7d2ff1d2d712b3b5ad58086f/elements - {"using":"xpath","value":"//*[@id=\"__box77-arrow\"]"}
RESULT: {"using":"xpath","value":"//*[@id=\"__box77-arrow\"]"}
COMMAND: POST /session/f418f7bc7d2ff1d2d712b3b5ad58086f/elements - {"using":"xpath","value":"//*[@id=\"__box77-arrow\"]"}
RESULT: {"using":"xpath","value":"//*[@id=\"__box77-arrow\"]"}
COMMAND: POST /session/f418f7bc7d2ff1d2d712b3b5ad58086f/elements - {"using":"xpath","value":"//*[@id=\"__box77-arrow\"]"}
RESULT: {"using":"xpath","value":"//*[@id=\"__box77-arrow\"]"}
COMMAND: POST /session/f418f7bc7d2ff1d2d712b3b5ad58086f/elements - {"using":"xpath","value":"//*[@id=\"__box77-arrow\"]"}
RESULT: {"using":"xpath","value":"//*[@id=\"__box77-arrow\"]"}
COMMAND: POST /session/f418f7bc7d2ff1d2d712b3b5ad58086f/elements - {"using":"xpath","value":"//*[@id=\"__box77-arrow\"]"}
RESULT: {"using":"xpath","value":"//*[@id=\"__box77-arrow\"]"}
COMMAND: POST /session/f418f7bc7d2ff1d2d712b3b5ad58086f/elements - {"using":"xpath","value":"//*[@id=\"__box77-arrow\"]"}
RESULT: {"using":"xpath","value":"//*[@id=\"__box77-arrow\"]"}
COMMAND: POST /session/f418f7bc7d2ff1d2d712b3b5ad58086f/elements - {"using":"xpath","value":"//*[@id=\"__box77-arrow\"]"}
RESULT: {"using":"xpath","value":"//*[@id=\"__box77-arrow\"]"}
COMMAND: POST /session/f418f7bc7d2ff1d2d712b3b5ad58086f/elements - {"using":"xpath","value":"//*[@id=\"__box77-arrow\"]"}
RESULT: {"using":"xpath","value":"//*[@id=\"__box77-arrow\"]"}
COMMAND: POST /session/f418f7bc7d2ff1d2d712b3b5ad58086f/elements - {"using":"xpath","value":"//*[@id=\"__box77-arrow\"]"}
RESULT: {"using":"xpath","value":"//*[@id=\"__box77-arrow\"]"}
COMMAND: POST /session/f418f7bc7d2ff1d2d712b3b5ad58086f/elements - {"using":"xpath","value":"//*[@id=\"__box77-arrow\"]"}
RESULT: {"using":"xpath","value":"//*[@id=\"__box77-arrow\"]"}
COMMAND: POST /session/f418f7bc7d2ff1d2d712b3b5ad58086f/elements - {"using":"xpath","value":"//*[@id=\"__box77-arrow\"]"}
RESULT: {"using":"xpath","value":"//*[@id=\"__box77-arrow\"]"}
COMMAND: POST /session/f418f7bc7d2ff1d2d712b3b5ad58086f/elements - {"using":"xpath","value":"//*[@id=\"__box77-arrow\"]"}
RESULT: {"using":"xpath","value":"//*[@id=\"__box77-arrow\"]"}
COMMAND: POST /session/f418f7bc7d2ff1d2d712b3b5ad58086f/element - {"using":"xpath","value":"//li[.//span[text()='equal to']]"}
RESULT: {"using":"xpath","value":"//li[.//span[text()='equal to']]"}
COMMAND: POST /session/f418f7bc7d2ff1d2d712b3b5ad58086f/elements - {"using":"xpath","value":"//li[.//span[text()='equal to']]"}
RESULT: {"using":"xpath","value":"//li[.//span[text()='equal to']]"}
COMMAND: POST /session/f418f7bc7d2ff1d2d712b3b5ad58086f/elements - {"using":"xpath","value":"//li[.//span[text()='equal to']]"}
RESULT: {"using":"xpath","value":"//li[.//span[text()='equal to']]"}
COMMAND: POST /session/f418f7bc7d2ff1d2d712b3b5ad58086f/elements - {"using":"xpath","value":"//li[.//span[text()='equal to']]"}
RESULT: {"using":"xpath","value":"//li[.//span[text()='equal to']]"}
COMMAND: POST /session/f418f7bc7d2ff1d2d712b3b5ad58086f/elements - {"using":"xpath","value":"//li[.//span[text()='equal to']]"}
RESULT: {"using":"xpath","value":"//li[.//span[text()='equal to']]"}
COMMAND: POST /session/f418f7bc7d2ff1d2d712b3b5ad58086f/elements - {"using":"xpath","value":"//li[.//span[text()='equal to']]"}
RESULT: {"using":"xpath","value":"//li[.//span[text()='equal to']]"}
COMMAND: POST /session/f418f7bc7d2ff1d2d712b3b5ad58086f/elements - {"using":"xpath","value":"//li[.//span[text()='equal to']]"}
RESULT: {"using":"xpath","value":"//li[.//span[text()='equal to']]"}
COMMAND: POST /session/f418f7bc7d2ff1d2d712b3b5ad58086f/elements - {"using":"xpath","value":"//li[.//span[text()='equal to']]"}
RESULT: {"using":"xpath","value":"//li[.//span[text()='equal to']]"}
COMMAND: POST /session/f418f7bc7d2ff1d2d712b3b5ad58086f/elements - {"using":"xpath","value":"//li[.//span[text()='equal to']]"}
RESULT: {"using":"xpath","value":"//li[.//span[text()='equal to']]"}
COMMAND: POST /session/f418f7bc7d2ff1d2d712b3b5ad58086f/elements - {"using":"xpath","value":"//li[.//span[text()='equal to']]"}
RESULT: {"using":"xpath","value":"//li[.//span[text()='equal to']]"}
COMMAND: POST /session/f418f7bc7d2ff1d2d712b3b5ad58086f/elements - {"using":"xpath","value":"//li[.//span[text()='equal to']]"}
RESULT: {"using":"xpath","value":"//li[.//span[text()='equal to']]"}
COMMAND: POST /session/f418f7bc7d2ff1d2d712b3b5ad58086f/elements - {"using":"xpath","value":"//li[.//span[text()='equal to']]"}
RESULT: {"using":"xpath","value":"//li[.//span[text()='equal to']]"}
COMMAND: POST /session/f418f7bc7d2ff1d2d712b3b5ad58086f/elements - {"using":"xpath","value":"//li[.//span[text()='equal to']]"}
RESULT: {"using":"xpath","value":"//li[.//span[text()='equal to']]"}
COMMAND: POST /session/f418f7bc7d2ff1d2d712b3b5ad58086f/elements - {"using":"xpath","value":"//li[.//span[text()='equal to']]"}
RESULT: {"using":"xpath","value":"//li[.//span[text()='equal to']]"}
COMMAND: POST /session/f418f7bc7d2ff1d2d712b3b5ad58086f/elements - {"using":"xpath","value":"//li[.//span[text()='equal to']]"}
RESULT: {"using":"xpath","value":"//li[.//span[text()='equal to']]"}
COMMAND: POST /session/f418f7bc7d2ff1d2d712b3b5ad58086f/elements - {"using":"xpath","value":"//li[.//span[text()='equal to']]"}
RESULT: {"using":"xpath","value":"//li[.//span[text()='equal to']]"}
COMMAND: POST /session/f418f7bc7d2ff1d2d712b3b5ad58086f/elements - {"using":"xpath","value":"//li[.//span[text()='equal to']]"}
RESULT: {"using":"xpath","value":"//li[.//span[text()='equal to']]"}
COMMAND: POST /session/f418f7bc7d2ff1d2d712b3b5ad58086f/elements - {"using":"xpath","value":"//li[.//span[text()='equal to']]"}
RESULT: {"using":"xpath","value":"//li[.//span[text()='equal to']]"}
COMMAND: POST /session/f418f7bc7d2ff1d2d712b3b5ad58086f/elements - {"using":"xpath","value":"//li[.//span[text()='equal to']]"}
RESULT: {"using":"xpath","value":"//li[.//span[text()='equal to']]"}
COMMAND: POST /session/f418f7bc7d2ff1d2d712b3b5ad58086f/elements - {"using":"xpath","value":"//li[.//span[text()='equal to']]"}
RESULT: {"using":"xpath","value":"//li[.//span[text()='equal to']]"}
COMMAND: POST /session/f418f7bc7d2ff1d2d712b3b5ad58086f/elements - {"using":"xpath","value":"//li[.//span[text()='equal to']]"}
RESULT: {"using":"xpath","value":"//li[.//span[text()='equal to']]"}
COMMAND: POST /session/f418f7bc7d2ff1d2d712b3b5ad58086f/elements - {"using":"xpath","value":"//li[.//span[text()='equal to']]"}
RESULT: {"using":"xpath","value":"//li[.//span[text()='equal to']]"}
COMMAND: POST /session/f418f7bc7d2ff1d2d712b3b5ad58086f/elements - {"using":"xpath","value":"//li[.//span[text()='equal to']]"}
RESULT: {"using":"xpath","value":"//li[.//span[text()='equal to']]"}
COMMAND: POST /session/f418f7bc7d2ff1d2d712b3b5ad58086f/elements - {"using":"xpath","value":"//li[.//span[text()='equal to']]"}
RESULT: {"using":"xpath","value":"//li[.//span[text()='equal to']]"}
COMMAND: POST /session/f418f7bc7d2ff1d2d712b3b5ad58086f/elements - {"using":"xpath","value":"//li[.//span[text()='equal to']]"}
RESULT: {"using":"xpath","value":"//li[.//span[text()='equal to']]"}
COMMAND: POST /session/f418f7bc7d2ff1d2d712b3b5ad58086f/elements - {"using":"xpath","value":"//li[.//span[text()='equal to']]"}
RESULT: {"using":"xpath","value":"//li[.//span[text()='equal to']]"}
COMMAND: POST /session/f418f7bc7d2ff1d2d712b3b5ad58086f/elements - {"using":"xpath","value":"//li[.//span[text()='equal to']]"}
RESULT: {"using":"xpath","value":"//li[.//span[text()='equal to']]"}
COMMAND: POST /session/f418f7bc7d2ff1d2d712b3b5ad58086f/elements - {"using":"xpath","value":"//li[.//span[text()='equal to']]"}
RESULT: {"using":"xpath","value":"//li[.//span[text()='equal to']]"}
COMMAND: POST /session/f418f7bc7d2ff1d2d712b3b5ad58086f/elements - {"using":"xpath","value":"//li[.//span[text()='equal to']]"}
RESULT: {"using":"xpath","value":"//li[.//span[text()='equal to']]"}
COMMAND: POST /session/f418f7bc7d2ff1d2d712b3b5ad58086f/elements - {"using":"xpath","value":"//li[.//span[text()='equal to']]"}
RESULT: {"using":"xpath","value":"//li[.//span[text()='equal to']]"}
COMMAND: POST /session/f418f7bc7d2ff1d2d712b3b5ad58086f/elements - {"using":"xpath","value":"//li[.//span[text()='equal to']]"}
RESULT: {"using":"xpath","value":"//li[.//span[text()='equal to']]"}
COMMAND: POST /session/f418f7bc7d2ff1d2d712b3b5ad58086f/elements - {"using":"xpath","value":"//li[.//span[text()='equal to']]"}
RESULT: {"using":"xpath","value":"//li[.//span[text()='equal to']]"}
COMMAND: POST /session/f418f7bc7d2ff1d2d712b3b5ad58086f/elements - {"using":"xpath","value":"//li[.//span[text()='equal to']]"}
RESULT: {"using":"xpath","value":"//li[.//span[text()='equal to']]"}
COMMAND: POST /session/f418f7bc7d2ff1d2d712b3b5ad58086f/elements - {"using":"xpath","value":"//li[.//span[text()='equal to']]"}
RESULT: {"using":"xpath","value":"//li[.//span[text()='equal to']]"}
COMMAND: POST /session/f418f7bc7d2ff1d2d712b3b5ad58086f/elements - {"using":"xpath","value":"//li[.//span[text()='equal to']]"}
RESULT: {"using":"xpath","value":"//li[.//span[text()='equal to']]"}
COMMAND: POST /session/f418f7bc7d2ff1d2d712b3b5ad58086f/elements - {"using":"xpath","value":"//li[.//span[text()='equal to']]"}
RESULT: {"using":"xpath","value":"//li[.//span[text()='equal to']]"}
COMMAND: POST /session/f418f7bc7d2ff1d2d712b3b5ad58086f/elements - {"using":"xpath","value":"//li[.//span[text()='equal to']]"}
RESULT: {"using":"xpath","value":"//li[.//span[text()='equal to']]"}
COMMAND: POST /session/f418f7bc7d2ff1d2d712b3b5ad58086f/elements - {"using":"xpath","value":"//li[.//span[text()='equal to']]"}
RESULT: {"using":"xpath","value":"//li[.//span[text()='equal to']]"}
COMMAND: POST /session/f418f7bc7d2ff1d2d712b3b5ad58086f/elements - {"using":"xpath","value":"//li[.//span[text()='equal to']]"}
RESULT: {"using":"xpath","value":"//li[.//span[text()='equal to']]"}
COMMAND: POST /session/f418f7bc7d2ff1d2d712b3b5ad58086f/elements - {"using":"xpath","value":"//li[.//span[text()='equal to']]"}
RESULT: {"using":"xpath","value":"//li[.//span[text()='equal to']]"}
COMMAND: POST /session/f418f7bc7d2ff1d2d712b3b5ad58086f/elements - {"using":"xpath","value":"//li[.//span[text()='equal to']]"}
RESULT: {"using":"xpath","value":"//li[.//span[text()='equal to']]"}
COMMAND: POST /session/f418f7bc7d2ff1d2d712b3b5ad58086f/elements - {"using":"xpath","value":"//li[.//span[text()='equal to']]"}
RESULT: {"using":"xpath","value":"//li[.//span[text()='equal to']]"}
COMMAND: POST /session/f418f7bc7d2ff1d2d712b3b5ad58086f/elements - {"using":"xpath","value":"//li[.//span[text()='equal to']]"}
RESULT: {"using":"xpath","value":"//li[.//span[text()='equal to']]"}
COMMAND: POST /session/f418f7bc7d2ff1d2d712b3b5ad58086f/elements - {"using":"xpath","value":"//li[.//span[text()='equal to']]"}
RESULT: {"using":"xpath","value":"//li[.//span[text()='equal to']]"}
COMMAND: POST /session/f418f7bc7d2ff1d2d712b3b5ad58086f/elements - {"using":"xpath","value":"//li[.//span[text()='equal to']]"}
RESULT: {"using":"xpath","value":"//li[.//span[text()='equal to']]"}
COMMAND: POST /session/f418f7bc7d2ff1d2d712b3b5ad58086f/elements - {"using":"xpath","value":"//li[.//span[text()='equal to']]"}
RESULT: {"using":"xpath","value":"//li[.//span[text()='equal to']]"}
COMMAND: POST /session/f418f7bc7d2ff1d2d712b3b5ad58086f/elements - {"using":"xpath","value":"//li[.//span[text()='equal to']]"}
RESULT: {"using":"xpath","value":"//li[.//span[text()='equal to']]"}
COMMAND: POST /session/f418f7bc7d2ff1d2d712b3b5ad58086f/elements - {"using":"xpath","value":"//li[.//span[text()='equal to']]"}
RESULT: {"using":"xpath","value":"//li[.//span[text()='equal to']]"}
COMMAND: POST /session/f418f7bc7d2ff1d2d712b3b5ad58086f/elements - {"using":"xpath","value":"//li[.//span[text()='equal to']]"}
RESULT: {"using":"xpath","value":"//li[.//span[text()='equal to']]"}
COMMAND: POST /session/f418f7bc7d2ff1d2d712b3b5ad58086f/elements - {"using":"xpath","value":"//li[.//span[text()='equal to']]"}
RESULT: {"using":"xpath","value":"//li[.//span[text()='equal to']]"}
COMMAND: POST /session/f418f7bc7d2ff1d2d712b3b5ad58086f/elements - {"using":"xpath","value":"//li[.//span[text()='equal to']]"}
RESULT: {"using":"xpath","value":"//li[.//span[text()='equal to']]"}
COMMAND: POST /session/f418f7bc7d2ff1d2d712b3b5ad58086f/elements - {"using":"xpath","value":"//li[.//span[text()='equal to']]"}
RESULT: {"using":"xpath","value":"//li[.//span[text()='equal to']]"}
COMMAND: POST /session/f418f7bc7d2ff1d2d712b3b5ad58086f/elements - {"using":"xpath","value":"//li[.//span[text()='equal to']]"}
RESULT: {"using":"xpath","value":"//li[.//span[text()='equal to']]"}
COMMAND: POST /session/f418f7bc7d2ff1d2d712b3b5ad58086f/elements - {"using":"xpath","value":"//li[.//span[text()='equal to']]"}
RESULT: {"using":"xpath","value":"//li[.//span[text()='equal to']]"}
COMMAND: POST /session/f418f7bc7d2ff1d2d712b3b5ad58086f/elements - {"using":"xpath","value":"//li[.//span[text()='equal to']]"}
RESULT: {"using":"xpath","value":"//li[.//span[text()='equal to']]"}
COMMAND: POST /session/f418f7bc7d2ff1d2d712b3b5ad58086f/elements - {"using":"xpath","value":"//li[.//span[text()='equal to']]"}
RESULT: {"using":"xpath","value":"//li[.//span[text()='equal to']]"}
COMMAND: POST /session/f418f7bc7d2ff1d2d712b3b5ad58086f/elements - {"using":"xpath","value":"//li[.//span[text()='equal to']]"}
RESULT: {"using":"xpath","value":"//li[.//span[text()='equal to']]"}
COMMAND: POST /session/f418f7bc7d2ff1d2d712b3b5ad58086f/elements - {"using":"xpath","value":"//li[.//span[text()='equal to']]"}
RESULT: {"using":"xpath","value":"//li[.//span[text()='equal to']]"}
COMMAND: POST /session/f418f7bc7d2ff1d2d712b3b5ad58086f/elements - {"using":"xpath","value":"//li[.//span[text()='equal to']]"}
RESULT: {"using":"xpath","value":"//li[.//span[text()='equal to']]"}
COMMAND: POST /session/f418f7bc7d2ff1d2d712b3b5ad58086f/elements - {"using":"xpath","value":"//li[.//span[text()='equal to']]"}
RESULT: {"using":"xpath","value":"//li[.//span[text()='equal to']]"}
COMMAND: POST /session/f418f7bc7d2ff1d2d712b3b5ad58086f/elements - {"using":"xpath","value":"//li[.//span[text()='equal to']]"}
RESULT: {"using":"xpath","value":"//li[.//span[text()='equal to']]"}
COMMAND: POST /session/f418f7bc7d2ff1d2d712b3b5ad58086f/elements - {"using":"xpath","value":"//li[.//span[text()='equal to']]"}
RESULT: {"using":"xpath","value":"//li[.//span[text()='equal to']]"}
COMMAND: POST /session/f418f7bc7d2ff1d2d712b3b5ad58086f/elements - {"using":"xpath","value":"//li[.//span[text()='equal to']]"}
RESULT: {"using":"xpath","value":"//li[.//span[text()='equal to']]"}
COMMAND: POST /session/f418f7bc7d2ff1d2d712b3b5ad58086f/elements - {"using":"xpath","value":"//li[.//span[text()='equal to']]"}
RESULT: {"using":"xpath","value":"//li[.//span[text()='equal to']]"}
COMMAND: POST /session/f418f7bc7d2ff1d2d712b3b5ad58086f/elements - {"using":"xpath","value":"//li[.//span[text()='equal to']]"}
RESULT: {"using":"xpath","value":"//li[.//span[text()='equal to']]"}
COMMAND: POST /session/f418f7bc7d2ff1d2d712b3b5ad58086f/elements - {"using":"xpath","value":"//li[.//span[text()='equal to']]"}
RESULT: {"using":"xpath","value":"//li[.//span[text()='equal to']]"}
COMMAND: POST /session/f418f7bc7d2ff1d2d712b3b5ad58086f/elements - {"using":"xpath","value":"//li[.//span[text()='equal to']]"}
RESULT: {"using":"xpath","value":"//li[.//span[text()='equal to']]"}
COMMAND: POST /session/f418f7bc7d2ff1d2d712b3b5ad58086f/elements - {"using":"xpath","value":"//li[.//span[text()='equal to']]"}
RESULT: {"using":"xpath","value":"//li[.//span[text()='equal to']]"}
COMMAND: POST /session/f418f7bc7d2ff1d2d712b3b5ad58086f/elements - {"using":"xpath","value":"//li[.//span[text()='equal to']]"}
RESULT: {"using":"xpath","value":"//li[.//span[text()='equal to']]"}
COMMAND: POST /session/f418f7bc7d2ff1d2d712b3b5ad58086f/elements - {"using":"xpath","value":"//li[.//span[text()='equal to']]"}
RESULT: {"using":"xpath","value":"//li[.//span[text()='equal to']]"}
COMMAND: POST /session/f418f7bc7d2ff1d2d712b3b5ad58086f/elements - {"using":"xpath","value":"//li[.//span[text()='equal to']]"}
RESULT: {"using":"xpath","value":"//li[.//span[text()='equal to']]"}
COMMAND: POST /session/f418f7bc7d2ff1d2d712b3b5ad58086f/elements - {"using":"xpath","value":"//li[.//span[text()='equal to']]"}
RESULT: {"using":"xpath","value":"//li[.//span[text()='equal to']]"}
COMMAND: POST /session/f418f7bc7d2ff1d2d712b3b5ad58086f/elements - {"using":"xpath","value":"//li[.//span[text()='equal to']]"}
RESULT: {"using":"xpath","value":"//li[.//span[text()='equal to']]"}
COMMAND: POST /session/f418f7bc7d2ff1d2d712b3b5ad58086f/elements - {"using":"xpath","value":"//li[.//span[text()='equal to']]"}
RESULT: {"using":"xpath","value":"//li[.//span[text()='equal to']]"}
COMMAND: POST /session/f418f7bc7d2ff1d2d712b3b5ad58086f/elements - {"using":"xpath","value":"//li[.//span[text()='equal to']]"}
RESULT: {"using":"xpath","value":"//li[.//span[text()='equal to']]"}
COMMAND: POST /session/f418f7bc7d2ff1d2d712b3b5ad58086f/elements - {"using":"xpath","value":"//li[.//span[text()='equal to']]"}
RESULT: {"using":"xpath","value":"//li[.//span[text()='equal to']]"}
COMMAND: POST /session/f418f7bc7d2ff1d2d712b3b5ad58086f/elements - {"using":"xpath","value":"//li[.//span[text()='equal to']]"}
RESULT: {"using":"xpath","value":"//li[.//span[text()='equal to']]"}
COMMAND: POST /session/f418f7bc7d2ff1d2d712b3b5ad58086f/elements - {"using":"xpath","value":"//li[.//span[text()='equal to']]"}
RESULT: {"using":"xpath","value":"//li[.//span[text()='equal to']]"}
COMMAND: POST /session/f418f7bc7d2ff1d2d712b3b5ad58086f/elements - {"using":"xpath","value":"//li[.//span[text()='equal to']]"}
RESULT: {"using":"xpath","value":"//li[.//span[text()='equal to']]"}
COMMAND: POST /session/f418f7bc7d2ff1d2d712b3b5ad58086f/elements - {"using":"xpath","value":"//li[.//span[text()='equal to']]"}
RESULT: {"using":"xpath","value":"//li[.//span[text()='equal to']]"}
COMMAND: POST /session/f418f7bc7d2ff1d2d712b3b5ad58086f/elements - {"using":"xpath","value":"//li[.//span[text()='equal to']]"}
RESULT: {"using":"xpath","value":"//li[.//span[text()='equal to']]"}
COMMAND: POST /session/f418f7bc7d2ff1d2d712b3b5ad58086f/elements - {"using":"xpath","value":"//li[.//span[text()='equal to']]"}
RESULT: {"using":"xpath","value":"//li[.//span[text()='equal to']]"}
COMMAND: POST /session/f418f7bc7d2ff1d2d712b3b5ad58086f/elements - {"using":"xpath","value":"//li[.//span[text()='equal to']]"}
RESULT: {"using":"xpath","value":"//li[.//span[text()='equal to']]"}
COMMAND: POST /session/f418f7bc7d2ff1d2d712b3b5ad58086f/elements - {"using":"xpath","value":"//li[.//span[text()='equal to']]"}
RESULT: {"using":"xpath","value":"//li[.//span[text()='equal to']]"}
COMMAND: POST /session/f418f7bc7d2ff1d2d712b3b5ad58086f/elements - {"using":"xpath","value":"//li[.//span[text()='equal to']]"}
RESULT: {"using":"xpath","value":"//li[.//span[text()='equal to']]"}
COMMAND: POST /session/f418f7bc7d2ff1d2d712b3b5ad58086f/elements - {"using":"xpath","value":"//li[.//span[text()='equal to']]"}
RESULT: {"using":"xpath","value":"//li[.//span[text()='equal to']]"}
COMMAND: POST /session/f418f7bc7d2ff1d2d712b3b5ad58086f/elements - {"using":"xpath","value":"//li[.//span[text()='equal to']]"}
RESULT: {"using":"xpath","value":"//li[.//span[text()='equal to']]"}
COMMAND: POST /session/f418f7bc7d2ff1d2d712b3b5ad58086f/elements - {"using":"xpath","value":"//li[.//span[text()='equal to']]"}
RESULT: {"using":"xpath","value":"//li[.//span[text()='equal to']]"}
COMMAND: POST /session/f418f7bc7d2ff1d2d712b3b5ad58086f/elements - {"using":"xpath","value":"//li[.//span[text()='equal to']]"}
RESULT: {"using":"xpath","value":"//li[.//span[text()='equal to']]"}
COMMAND: POST /session/f418f7bc7d2ff1d2d712b3b5ad58086f/elements - {"using":"xpath","value":"//li[.//span[text()='equal to']]"}
RESULT: {"using":"xpath","value":"//li[.//span[text()='equal to']]"}
COMMAND: POST /session/f418f7bc7d2ff1d2d712b3b5ad58086f/elements - {"using":"xpath","value":"//li[.//span[text()='equal to']]"}
RESULT: {"using":"xpath","value":"//li[.//span[text()='equal to']]"}
COMMAND: POST /session/f418f7bc7d2ff1d2d712b3b5ad58086f/elements - {"using":"xpath","value":"//li[.//span[text()='equal to']]"}
RESULT: {"using":"xpath","value":"//li[.//span[text()='equal to']]"}
COMMAND: POST /session/f418f7bc7d2ff1d2d712b3b5ad58086f/elements - {"using":"xpath","value":"//li[.//span[text()='equal to']]"}
RESULT: {"using":"xpath","value":"//li[.//span[text()='equal to']]"}
COMMAND: POST /session/f418f7bc7d2ff1d2d712b3b5ad58086f/elements - {"using":"xpath","value":"//li[.//span[text()='equal to']]"}
RESULT: {"using":"xpath","value":"//li[.//span[text()='equal to']]"}
COMMAND: POST /session/f418f7bc7d2ff1d2d712b3b5ad58086f/elements - {"using":"xpath","value":"//li[.//span[text()='equal to']]"}
RESULT: {"using":"xpath","value":"//li[.//span[text()='equal to']]"}
COMMAND: POST /session/f418f7bc7d2ff1d2d712b3b5ad58086f/elements - {"using":"xpath","value":"//li[.//span[text()='equal to']]"}
RESULT: {"using":"xpath","value":"//li[.//span[text()='equal to']]"}
COMMAND: POST /session/f418f7bc7d2ff1d2d712b3b5ad58086f/elements - {"using":"xpath","value":"//li[.//span[text()='equal to']]"}
RESULT: {"using":"xpath","value":"//li[.//span[text()='equal to']]"}
COMMAND: POST /session/f418f7bc7d2ff1d2d712b3b5ad58086f/elements - {"using":"xpath","value":"//li[.//span[text()='equal to']]"}
RESULT: {"using":"xpath","value":"//li[.//span[text()='equal to']]"}
COMMAND: POST /session/f418f7bc7d2ff1d2d712b3b5ad58086f/elements - {"using":"xpath","value":"//li[.//span[text()='equal to']]"}
RESULT: {"using":"xpath","value":"//li[.//span[text()='equal to']]"}
COMMAND: POST /session/f418f7bc7d2ff1d2d712b3b5ad58086f/elements - {"using":"xpath","value":"//li[.//span[text()='equal to']]"}
RESULT: {"using":"xpath","value":"//li[.//span[text()='equal to']]"}
COMMAND: POST /session/f418f7bc7d2ff1d2d712b3b5ad58086f/elements - {"using":"xpath","value":"//li[.//span[text()='equal to']]"}
RESULT: {"using":"xpath","value":"//li[.//span[text()='equal to']]"}
COMMAND: POST /session/f418f7bc7d2ff1d2d712b3b5ad58086f/elements - {"using":"xpath","value":"//li[.//span[text()='equal to']]"}
RESULT: {"using":"xpath","value":"//li[.//span[text()='equal to']]"}
COMMAND: POST /session/f418f7bc7d2ff1d2d712b3b5ad58086f/elements - {"using":"xpath","value":"//li[.//span[text()='equal to']]"}
RESULT: {"using":"xpath","value":"//li[.//span[text()='equal to']]"}
COMMAND: POST /session/f418f7bc7d2ff1d2d712b3b5ad58086f/elements - {"using":"xpath","value":"//li[.//span[text()='equal to']]"}
RESULT: {"using":"xpath","value":"//li[.//span[text()='equal to']]"}
COMMAND: POST /session/f418f7bc7d2ff1d2d712b3b5ad58086f/elements - {"using":"xpath","value":"//li[.//span[text()='equal to']]"}
RESULT: {"using":"xpath","value":"//li[.//span[text()='equal to']]"}
COMMAND: POST /session/f418f7bc7d2ff1d2d712b3b5ad58086f/elements - {"using":"xpath","value":"//li[.//span[text()='equal to']]"}
RESULT: {"using":"xpath","value":"//li[.//span[text()='equal to']]"}
COMMAND: POST /session/f418f7bc7d2ff1d2d712b3b5ad58086f/elements - {"using":"xpath","value":"//li[.//span[text()='equal to']]"}
RESULT: {"using":"xpath","value":"//li[.//span[text()='equal to']]"}
COMMAND: POST /session/f418f7bc7d2ff1d2d712b3b5ad58086f/elements - {"using":"xpath","value":"//li[.//span[text()='equal to']]"}
RESULT: {"using":"xpath","value":"//li[.//span[text()='equal to']]"}
COMMAND: POST /session/f418f7bc7d2ff1d2d712b3b5ad58086f/elements - {"using":"xpath","value":"//li[.//span[text()='equal to']]"}
RESULT: {"using":"xpath","value":"//li[.//span[text()='equal to']]"}
COMMAND: POST /session/f418f7bc7d2ff1d2d712b3b5ad58086f/elements - {"using":"xpath","value":"//li[.//span[text()='equal to']]"}
RESULT: {"using":"xpath","value":"//li[.//span[text()='equal to']]"}
COMMAND: POST /session/f418f7bc7d2ff1d2d712b3b5ad58086f/elements - {"using":"xpath","value":"//li[.//span[text()='equal to']]"}
RESULT: {"using":"xpath","value":"//li[.//span[text()='equal to']]"}
COMMAND: POST /session/f418f7bc7d2ff1d2d712b3b5ad58086f/elements - {"using":"xpath","value":"//li[.//span[text()='equal to']]"}
RESULT: {"using":"xpath","value":"//li[.//span[text()='equal to']]"}
COMMAND: POST /session/f418f7bc7d2ff1d2d712b3b5ad58086f/elements - {"using":"xpath","value":"//li[.//span[text()='equal to']]"}
RESULT: {"using":"xpath","value":"//li[.//span[text()='equal to']]"}
COMMAND: POST /session/f418f7bc7d2ff1d2d712b3b5ad58086f/elements - {"using":"xpath","value":"//li[.//span[text()='equal to']]"}
RESULT: {"using":"xpath","value":"//li[.//span[text()='equal to']]"}
COMMAND: POST /session/f418f7bc7d2ff1d2d712b3b5ad58086f/elements - {"using":"xpath","value":"//li[.//span[text()='equal to']]"}
RESULT: {"using":"xpath","value":"//li[.//span[text()='equal to']]"}
COMMAND: POST /session/f418f7bc7d2ff1d2d712b3b5ad58086f/elements - {"using":"xpath","value":"//li[.//span[text()='equal to']]"}
RESULT: {"using":"xpath","value":"//li[.//span[text()='equal to']]"}
COMMAND: POST /session/f418f7bc7d2ff1d2d712b3b5ad58086f/elements - {"using":"xpath","value":"//li[.//span[text()='equal to']]"}
RESULT: {"using":"xpath","value":"//li[.//span[text()='equal to']]"}
COMMAND: POST /session/f418f7bc7d2ff1d2d712b3b5ad58086f/elements - {"using":"xpath","value":"//li[.//span[text()='equal to']]"}
RESULT: {"using":"xpath","value":"//li[.//span[text()='equal to']]"}
COMMAND: POST /session/f418f7bc7d2ff1d2d712b3b5ad58086f/elements - {"using":"xpath","value":"//li[.//span[text()='equal to']]"}
RESULT: {"using":"xpath","value":"//li[.//span[text()='equal to']]"}
COMMAND: POST /session/f418f7bc7d2ff1d2d712b3b5ad58086f/elements - {"using":"xpath","value":"//li[.//span[text()='equal to']]"}
RESULT: {"using":"xpath","value":"//li[.//span[text()='equal to']]"}
COMMAND: POST /session/f418f7bc7d2ff1d2d712b3b5ad58086f/elements - {"using":"xpath","value":"//li[.//span[text()='equal to']]"}
RESULT: {"using":"xpath","value":"//li[.//span[text()='equal to']]"}
COMMAND: GET /session/f418f7bc7d2ff1d2d712b3b5ad58086f/screenshot - {}
RESULT: {}
]]></system-out>
      <system-err><![CDATA[
Error: Can't call click on element with selector "//li[.//span[text()='equal to']]" because element wasn't found
    at async Context.<anonymous> (D:\a\1\s\test\specs\BTS\manage-partners.spec.js:805:9)
]]></system-err>
    </testcase>
  </testsuite>
</testsuites>