<?xml version="1.0" encoding="UTF-8"?>
<testsuites tests="2" failures="2" errors="2" skipped="0">
  <testsuite timestamp="2025-06-12T15:26:59" time="140.613" tests="2" failures="2" errors="2" skipped="0">
    <properties>
      <property name="specId" value="0" />
      <property name="suiteName" value="Dynamic site option US120073" />
      <property name="capabilities" value="chrome.137_0_7151_69.windows" />
      <property name="file" value="file:///D:/a/1/s/test/specs/R2C/dynamic-site-option.spec.js" />
    </properties>
  </testsuite>
</testsuites>