<?xml version="1.0" encoding="UTF-8"?>
<testsuites tests="4" failures="1" errors="1" skipped="0">
  <testsuite timestamp="2025-04-30T16:13:13" time="920.52" tests="3" failures="0" errors="0" skipped="0">
    <properties>
      <property name="specId" value="0" />
      <property name="suiteName" value="Webshop - Hyperlinks visible and working properly  US139085" />
      <property name="capabilities" value="chrome.135_0_7049_96.windows" />
      <property name="file" value="file:///D:/a/1/s/test/specs/R2C/webshop-hyperlinks-yard-site.spec.js" />
    </properties>
    <testcase classname="chrome.135_0_7049_96.windows.Webshop_-_Hyperlinks_visible_and_working_properly__US139085" name="Should create prerequisites for webshop suite" time="311.571">
      <system-out><![CDATA[
COMMAND: POST /session/3d9642598987efec4e176332c3be921e/execute/async - {"script":"<script> [1562 bytes]","args":[{"selector":{"controlType":"sap.m.GenericTile","properties":{"header":"Manage Yards"}},"wdio_ui5_key":"sapm.GenericTile{\"header\":\"Manage Yards\"}"}]}
RESULT: {"script":"<script> [1562 bytes]","args":[{"selector":{"controlType":"sap.m.GenericTile","properties":{"header":"Manage Yards"}},"wdio_ui5_key":"sapm.GenericTile{\"header\":\"Manage Yards\"}"}]}
RESULT: undefined
COMMAND: POST /session/3d9642598987efec4e176332c3be921e/element - {"using":"xpath","value":"//*[@id=\"__tile41\"]"}
RESULT: {"using":"xpath","value":"//*[@id=\"__tile41\"]"}
COMMAND: POST /session/3d9642598987efec4e176332c3be921e/element/f.C41B252AF7D593F5EF8761846E16752D.d.15A9C1B7C0FFBA87969DD7271CDE44CF.e.115/click - {}
RESULT: {}
COMMAND: GET /session/3d9642598987efec4e176332c3be921e/screenshot - {}
RESULT: {}
COMMAND: POST /session/3d9642598987efec4e176332c3be921e/execute/async - {"script":"<script> [1562 bytes]","args":[{"selector":{"controlType":"sap.ui.core.Icon","viewName":"etm.portal.ui.manageyards.view.Master","viewId":"application-manageyards-display-component---masterYard","properties":{"src":{"regex":{"source":"add"}}}},"wdio_ui5_key":"etmportal.ui.manageyards.view.Mastersap.ui.core.Icon{\"src\":{\"regex\":{\"source\":\"add\"}}}"}]}
RESULT: {"script":"<script> [1562 bytes]","args":[{"selector":{"controlType":"sap.ui.core.Icon","viewName":"etm.portal.ui.manageyards.view.Master","viewId":"application-manageyards-display-component---masterYard","properties":{"src":{"regex":{"source":"add"}}}},"wdio_ui5_key":"etmportal.ui.manageyards.view.Mastersap.ui.core.Icon{\"src\":{\"regex\":{\"source\":\"add\"}}}"}]}
RESULT: undefined
COMMAND: POST /session/3d9642598987efec4e176332c3be921e/element - {"using":"xpath","value":"//*[@id=\"__button4-img\"]"}
RESULT: {"using":"xpath","value":"//*[@id=\"__button4-img\"]"}
COMMAND: POST /session/3d9642598987efec4e176332c3be921e/element/f.C41B252AF7D593F5EF8761846E16752D.d.15A9C1B7C0FFBA87969DD7271CDE44CF.e.164/click - {}
RESULT: {}
COMMAND: GET /session/3d9642598987efec4e176332c3be921e/screenshot - {}
RESULT: {}
COMMAND: POST /session/3d9642598987efec4e176332c3be921e/execute/async - {"script":"<script> [1562 bytes]","args":[{"selector":{"id":"application-manageyards-display-component---NewYard--yardId","interaction":{"idSuffix":"inner"}},"wdio_ui5_key":"applicationmanageyards-display-component---NewYard--yardId"}]}
RESULT: {"script":"<script> [1562 bytes]","args":[{"selector":{"id":"application-manageyards-display-component---NewYard--yardId","interaction":{"idSuffix":"inner"}},"wdio_ui5_key":"applicationmanageyards-display-component---NewYard--yardId"}]}
RESULT: undefined
COMMAND: POST /session/3d9642598987efec4e176332c3be921e/element - {"using":"xpath","value":"//*[@id=\"application-manageyards-display-component---NewYard--addressDetailDetailsName1-inner\"]"}
RESULT: {"using":"xpath","value":"//*[@id=\"application-manageyards-display-component---NewYard--addressDetailDetailsName1-inner\"]"}
COMMAND: POST /session/3d9642598987efec4e176332c3be921e/element/f.C41B252AF7D593F5EF8761846E16752D.d.15A9C1B7C0FFBA87969DD7271CDE44CF.e.377/clear - {}
RESULT: {}
COMMAND: POST /session/3d9642598987efec4e176332c3be921e/element/f.C41B252AF7D593F5EF8761846E16752D.d.15A9C1B7C0FFBA87969DD7271CDE44CF.e.377/value - {"text":"WebdriverYard7y3vr"}
COMMAND: GET /session/3d9642598987efec4e176332c3be921e/screenshot - {}
RESULT: {"text":"WebdriverYard7y3vr"}
COMMAND: POST /session/3d9642598987efec4e176332c3be921e/element - {"using":"xpath","value":"//*[@id=\"application-manageyards-display-component---NewYard--addressDetailDetailsLanguage-inner\"]"}
COMMAND: GET /session/3d9642598987efec4e176332c3be921e/screenshot - {}
RESULT: {}
RESULT: {"using":"xpath","value":"//*[@id=\"application-manageyards-display-component---NewYard--addressDetailDetailsLanguage-inner\"]"}
COMMAND: POST /session/3d9642598987efec4e176332c3be921e/element/f.C41B252AF7D593F5EF8761846E16752D.d.15A9C1B7C0FFBA87969DD7271CDE44CF.e.378/clear - {}
RESULT: {}
RESULT: {}
COMMAND: POST /session/3d9642598987efec4e176332c3be921e/element/f.C41B252AF7D593F5EF8761846E16752D.d.15A9C1B7C0FFBA87969DD7271CDE44CF.e.378/value - {"text":"Romanian"}
COMMAND: GET /session/3d9642598987efec4e176332c3be921e/screenshot - {}
RESULT: {"text":"Romanian"}
COMMAND: POST /session/3d9642598987efec4e176332c3be921e/element - {"using":"xpath","value":"//input[contains(@id ,\"application-manageyards-display-component---NewYard--addressDetailDetailsName1-inner\")]"}
COMMAND: GET /session/3d9642598987efec4e176332c3be921e/screenshot - {}
RESULT: {}
RESULT: {"using":"xpath","value":"//input[contains(@id ,\"application-manageyards-display-component---NewYard--addressDetailDetailsName1-inner\")]"}
COMMAND: GET /session/3d9642598987efec4e176332c3be921e/element/f.C41B252AF7D593F5EF8761846E16752D.d.15A9C1B7C0FFBA87969DD7271CDE44CF.e.377/property/value - {}
RESULT: {}
RESULT: {}
COMMAND: GET /session/3d9642598987efec4e176332c3be921e/screenshot - {}
RESULT: {}
COMMAND: POST /session/3d9642598987efec4e176332c3be921e/element - {"using":"xpath","value":"//*[@id=\"application-manageyards-display-component---NewYard--addressDetailDetailsCity1-inner\"]"}
RESULT: {"using":"xpath","value":"//*[@id=\"application-manageyards-display-component---NewYard--addressDetailDetailsCity1-inner\"]"}
COMMAND: POST /session/3d9642598987efec4e176332c3be921e/element/f.C41B252AF7D593F5EF8761846E16752D.d.15A9C1B7C0FFBA87969DD7271CDE44CF.e.380/clear - {}
RESULT: {}
COMMAND: POST /session/3d9642598987efec4e176332c3be921e/element/f.C41B252AF7D593F5EF8761846E16752D.d.15A9C1B7C0FFBA87969DD7271CDE44CF.e.380/value - {"text":"Bucuresti"}
COMMAND: GET /session/3d9642598987efec4e176332c3be921e/screenshot - {}
RESULT: {"text":"Bucuresti"}
COMMAND: GET /session/3d9642598987efec4e176332c3be921e/screenshot - {}
RESULT: {}
RESULT: {}
COMMAND: POST /session/3d9642598987efec4e176332c3be921e/element - {"using":"xpath","value":"//*[@id=\"application-manageyards-display-component---NewYard--addressDetailDetailsCountry-inner\"]"}
RESULT: {"using":"xpath","value":"//*[@id=\"application-manageyards-display-component---NewYard--addressDetailDetailsCountry-inner\"]"}
COMMAND: POST /session/3d9642598987efec4e176332c3be921e/element/f.C41B252AF7D593F5EF8761846E16752D.d.15A9C1B7C0FFBA87969DD7271CDE44CF.e.384/clear - {}
RESULT: {}
COMMAND: POST /session/3d9642598987efec4e176332c3be921e/element/f.C41B252AF7D593F5EF8761846E16752D.d.15A9C1B7C0FFBA87969DD7271CDE44CF.e.384/value - {"text":"Romania"}
COMMAND: GET /session/3d9642598987efec4e176332c3be921e/screenshot - {}
RESULT: {"text":"Romania"}
COMMAND: GET /session/3d9642598987efec4e176332c3be921e/screenshot - {}
RESULT: {}
RESULT: {}
COMMAND: POST /session/3d9642598987efec4e176332c3be921e/element - {"using":"xpath","value":"//div[contains(text(), \"Commercial\")]"}
RESULT: {"using":"xpath","value":"//div[contains(text(), \"Commercial\")]"}
COMMAND: GET /session/3d9642598987efec4e176332c3be921e/element/f.C41B252AF7D593F5EF8761846E16752D.d.15A9C1B7C0FFBA87969DD7271CDE44CF.e.575/rect - {}
RESULT: {}
COMMAND: GET /session/3d9642598987efec4e176332c3be921e/window/rect - {}
RESULT: {}
COMMAND: POST /session/3d9642598987efec4e176332c3be921e/execute/sync - {"script":"<script> [92 bytes]","args":[]}
RESULT: {"script":"<script> [92 bytes]","args":[]}
COMMAND: POST /session/3d9642598987efec4e176332c3be921e/actions - {"actions":[{"id":"action1","type":"wheel","parameters":{},"actions":[{"type":"scroll","x":-1841,"y":-44,"deltaX":0,"deltaY":0,"duration":0,"origin":{"element-6066-11e4-a52e-4f735466cecf":"f.C41B252AF7D593F5EF8761846E16752D.d.15A9C1B7C0FFBA87969DD7271CDE44CF.e.575"}}]}]}
COMMAND: GET /session/3d9642598987efec4e176332c3be921e/screenshot - {}
RESULT: {}
COMMAND: POST /session/3d9642598987efec4e176332c3be921e/execute/sync - {"script":"<script> [79 bytes]","args":[{"element-6066-11e4-a52e-4f735466cecf":"f.C41B252AF7D593F5EF8761846E16752D.d.15A9C1B7C0FFBA87969DD7271CDE44CF.e.575","ELEMENT":"f.C41B252AF7D593F5EF8761846E16752D.d.15A9C1B7C0FFBA87969DD7271CDE44CF.e.575"},{"block":"start","inline":"nearest"}]}
RESULT: {"script":"<script> [79 bytes]","args":[{"element-6066-11e4-a52e-4f735466cecf":"f.C41B252AF7D593F5EF8761846E16752D.d.15A9C1B7C0FFBA87969DD7271CDE44CF.e.575","ELEMENT":"f.C41B252AF7D593F5EF8761846E16752D.d.15A9C1B7C0FFBA87969DD7271CDE44CF.e.575"},{"block":"start","inline":"nearest"}]}
COMMAND: GET /session/3d9642598987efec4e176332c3be921e/screenshot - {}
RESULT: {}
COMMAND: POST /session/3d9642598987efec4e176332c3be921e/execute/async - {"script":"<script> [1562 bytes]","args":[{"selector":{"id":"application-manageyards-display-component---NewYard--addressEditDetailsCostObjectCstType-arrow"},"wdio_ui5_key":"applicationmanageyards-display-component---NewYard--addressEditDetailsCostObjectCstType-arrow"}]}
RESULT: {"script":"<script> [1562 bytes]","args":[{"selector":{"id":"application-manageyards-display-component---NewYard--addressEditDetailsCostObjectCstType-arrow"},"wdio_ui5_key":"applicationmanageyards-display-component---NewYard--addressEditDetailsCostObjectCstType-arrow"}]}
RESULT: undefined
COMMAND: POST /session/3d9642598987efec4e176332c3be921e/element - {"using":"xpath","value":"//*[@id=\"application-manageyards-display-component---NewYard--addressEditDetailsCostObjectCstType-arrow\"]"}
RESULT: {"using":"xpath","value":"//*[@id=\"application-manageyards-display-component---NewYard--addressEditDetailsCostObjectCstType-arrow\"]"}
COMMAND: POST /session/3d9642598987efec4e176332c3be921e/element/f.C41B252AF7D593F5EF8761846E16752D.d.15A9C1B7C0FFBA87969DD7271CDE44CF.e.583/click - {}
RESULT: {}
COMMAND: POST /session/3d9642598987efec4e176332c3be921e/element - {"using":"xpath","value":"//span[contains(text(), \"Cost Center\")]"}
COMMAND: GET /session/3d9642598987efec4e176332c3be921e/screenshot - {}
RESULT: {"using":"xpath","value":"//span[contains(text(), \"Cost Center\")]"}
COMMAND: POST /session/3d9642598987efec4e176332c3be921e/element/f.C41B252AF7D593F5EF8761846E16752D.d.15A9C1B7C0FFBA87969DD7271CDE44CF.e.584/click - {}
RESULT: {}
RESULT: {}
COMMAND: GET /session/3d9642598987efec4e176332c3be921e/screenshot - {}
RESULT: {}
COMMAND: POST /session/3d9642598987efec4e176332c3be921e/execute/async - {"script":"<script> [1562 bytes]","args":[{"selector":{"id":"application-manageyards-display-component---NewYard--addressNewCostObjectCstID-vhi"},"wdio_ui5_key":"applicationmanageyards-display-component---NewYard--addressNewCostObjectCstID-vhi"}]}
RESULT: {"script":"<script> [1562 bytes]","args":[{"selector":{"id":"application-manageyards-display-component---NewYard--addressNewCostObjectCstID-vhi"},"wdio_ui5_key":"applicationmanageyards-display-component---NewYard--addressNewCostObjectCstID-vhi"}]}
RESULT: undefined
COMMAND: POST /session/3d9642598987efec4e176332c3be921e/element - {"using":"xpath","value":"//*[@id=\"application-manageyards-display-component---NewYard--addressNewCostObjectCstID-vhi\"]"}
RESULT: {"using":"xpath","value":"//*[@id=\"application-manageyards-display-component---NewYard--addressNewCostObjectCstID-vhi\"]"}
COMMAND: POST /session/3d9642598987efec4e176332c3be921e/element/f.C41B252AF7D593F5EF8761846E16752D.d.15A9C1B7C0FFBA87969DD7271CDE44CF.e.588/click - {}
RESULT: {}
COMMAND: GET /session/3d9642598987efec4e176332c3be921e/screenshot - {}
RESULT: {}
COMMAND: POST /session/3d9642598987efec4e176332c3be921e/execute/async - {"script":"<script> [1562 bytes]","args":[{"selector":{"controlType":"sap.m.SearchField","properties":{"placeholder":"Search"},"searchOpenDialogs":true,"interaction":{"idSuffix":"I"}},"wdio_ui5_key":"sapm.SearchField{\"placeholder\":\"Search\"}"}]}
RESULT: {"script":"<script> [1562 bytes]","args":[{"selector":{"controlType":"sap.m.SearchField","properties":{"placeholder":"Search"},"searchOpenDialogs":true,"interaction":{"idSuffix":"I"}},"wdio_ui5_key":"sapm.SearchField{\"placeholder\":\"Search\"}"}]}
RESULT: undefined
COMMAND: POST /session/3d9642598987efec4e176332c3be921e/execute/async - {"script":"<script> [776 bytes]","args":[{"enterText":"10001013","selector":{"controlType":"sap.m.SearchField","properties":{"placeholder":"Search"},"searchOpenDialogs":true,"interaction":{"idSuffix":"I"}},"clearTextFirst":true,"interactionType":"ENTER_TEXT"}]}
RESULT: {"script":"<script> [776 bytes]","args":[{"enterText":"10001013","selector":{"controlType":"sap.m.SearchField","properties":{"placeholder":"Search"},"searchOpenDialogs":true,"interaction":{"idSuffix":"I"}},"clearTextFirst":true,"interactionType":"ENTER_TEXT"}]}
COMMAND: POST /session/3d9642598987efec4e176332c3be921e/actions - {"actions":[{"id":"action2","type":"key","parameters":{},"actions":[{"type":"keyDown","value":"î€‡"},{"type":"pause","duration":10},{"type":"keyUp","value":"î€‡"}]}]}
RESULT: {"actions":[{"id":"action2","type":"key","parameters":{},"actions":[{"type":"keyDown","value":"î€‡"},{"type":"pause","duration":10},{"type":"keyUp","value":"î€‡"}]}]}
COMMAND: GET /session/3d9642598987efec4e176332c3be921e/screenshot - {}
RESULT: {}
COMMAND: POST /session/3d9642598987efec4e176332c3be921e/element - {"using":"xpath","value":"//span[contains(text(), \"General Management\")]"}
RESULT: {"using":"xpath","value":"//span[contains(text(), \"General Management\")]"}
COMMAND: POST /session/3d9642598987efec4e176332c3be921e/element/f.C41B252AF7D593F5EF8761846E16752D.d.15A9C1B7C0FFBA87969DD7271CDE44CF.e.629/click - {}
RESULT: {}
COMMAND: GET /session/3d9642598987efec4e176332c3be921e/screenshot - {}
RESULT: {}
COMMAND: POST /session/3d9642598987efec4e176332c3be921e/element - {"using":"xpath","value":"//bdi[contains(text(), \"OK\")]"}
RESULT: {"using":"xpath","value":"//bdi[contains(text(), \"OK\")]"}
COMMAND: POST /session/3d9642598987efec4e176332c3be921e/element/f.C41B252AF7D593F5EF8761846E16752D.d.15A9C1B7C0FFBA87969DD7271CDE44CF.e.630/click - {}
RESULT: {}
COMMAND: GET /session/3d9642598987efec4e176332c3be921e/screenshot - {}
RESULT: {}
COMMAND: POST /session/3d9642598987efec4e176332c3be921e/execute/async - {"script":"<script> [1562 bytes]","args":[{"selector":{"controlType":"sap.m.Button","viewName":"etm.portal.ui.manageyards.view.New","viewId":"application-manageyards-display-component---NewYard","i18NText":{"propertyName":"text","key":"save"},"interaction":{"idSuffix":"inner"}},"wdio_ui5_key":"etmportal.ui.manageyards.view.Newsap.m.Button{\"propertyName\":\"text\",\"key\":\"save\"}"}]}
RESULT: {"script":"<script> [1562 bytes]","args":[{"selector":{"controlType":"sap.m.Button","viewName":"etm.portal.ui.manageyards.view.New","viewId":"application-manageyards-display-component---NewYard","i18NText":{"propertyName":"text","key":"save"},"interaction":{"idSuffix":"inner"}},"wdio_ui5_key":"etmportal.ui.manageyards.view.Newsap.m.Button{\"propertyName\":\"text\",\"key\":\"save\"}"}]}
RESULT: undefined
COMMAND: POST /session/3d9642598987efec4e176332c3be921e/element - {"using":"xpath","value":"//*[@id=\"__button18\"]"}
RESULT: {"using":"xpath","value":"//*[@id=\"__button18\"]"}
COMMAND: POST /session/3d9642598987efec4e176332c3be921e/element/f.C41B252AF7D593F5EF8761846E16752D.d.15A9C1B7C0FFBA87969DD7271CDE44CF.e.553/click - {}
RESULT: {}
COMMAND: GET /session/3d9642598987efec4e176332c3be921e/screenshot - {}
RESULT: {}
COMMAND: POST /session/3d9642598987efec4e176332c3be921e/element - {"using":"xpath","value":"//header/div/div[2]/div[2]/span"}
RESULT: {"using":"xpath","value":"//header/div/div[2]/div[2]/span"}
COMMAND: GET /session/3d9642598987efec4e176332c3be921e/element/f.C41B252AF7D593F5EF8761846E16752D.d.15A9C1B7C0FFBA87969DD7271CDE44CF.e.829/text - {}
RESULT: {}
COMMAND: POST /session/3d9642598987efec4e176332c3be921e/execute/async - {"script":"<script> [1562 bytes]","args":[{"selector":{"controlType":"sap.m.OverflowToolbarButton","viewName":"etm.portal.ui.manageyards.view.Detail","viewId":"application-manageyards-display-component---detailYard","i18NText":{"propertyName":"tooltip","key":"closeColumn"},"interaction":{"idSuffix":"inner"}},"wdio_ui5_key":"etmportal.ui.manageyards.view.Detailsap.m.OverflowToolbarButton{\"propertyName\":\"tooltip\",\"key\":\"closeColumn\"}"}]}
RESULT: {"script":"<script> [1562 bytes]","args":[{"selector":{"controlType":"sap.m.OverflowToolbarButton","viewName":"etm.portal.ui.manageyards.view.Detail","viewId":"application-manageyards-display-component---detailYard","i18NText":{"propertyName":"tooltip","key":"closeColumn"},"interaction":{"idSuffix":"inner"}},"wdio_ui5_key":"etmportal.ui.manageyards.view.Detailsap.m.OverflowToolbarButton{\"propertyName\":\"tooltip\",\"key\":\"closeColumn\"}"}]}
RESULT: undefined
COMMAND: POST /session/3d9642598987efec4e176332c3be921e/element - {"using":"xpath","value":"//*[@id=\"__button42\"]"}
RESULT: {"using":"xpath","value":"//*[@id=\"__button42\"]"}
COMMAND: POST /session/3d9642598987efec4e176332c3be921e/element/f.C41B252AF7D593F5EF8761846E16752D.d.15A9C1B7C0FFBA87969DD7271CDE44CF.e.831/click - {}
RESULT: {}
COMMAND: GET /session/3d9642598987efec4e176332c3be921e/screenshot - {}
RESULT: {}
COMMAND: POST /session/3d9642598987efec4e176332c3be921e/element - {"using":"css selector","value":"#shell-header-logo"}
RESULT: {"using":"css selector","value":"#shell-header-logo"}
COMMAND: POST /session/3d9642598987efec4e176332c3be921e/element/f.C41B252AF7D593F5EF8761846E16752D.d.15A9C1B7C0FFBA87969DD7271CDE44CF.e.119/click - {}
RESULT: {}
COMMAND: GET /session/3d9642598987efec4e176332c3be921e/screenshot - {}
RESULT: {}
COMMAND: POST /session/3d9642598987efec4e176332c3be921e/refresh - {}
RESULT: {}
COMMAND: GET /session/3d9642598987efec4e176332c3be921e/screenshot - {}
RESULT: {}
COMMAND: POST /session/3d9642598987efec4e176332c3be921e/execute/async - {"script":"<script> [189 bytes]","args":[]}
RESULT: {"script":"<script> [189 bytes]","args":[]}
COMMAND: POST /session/3d9642598987efec4e176332c3be921e/execute/async - {"script":"<script> [123 bytes]","args":[]}
RESULT: {"script":"<script> [123 bytes]","args":[]}
COMMAND: POST /session/3d9642598987efec4e176332c3be921e/timeouts - {"script":"<number>"}
RESULT: {"script":"<number>"}
COMMAND: GET /session/3d9642598987efec4e176332c3be921e/timeouts - {}
RESULT: {}
RESULT: undefined
COMMAND: POST /session/3d9642598987efec4e176332c3be921e/execute/async - {"script":"<script> [2676 bytes]","args":[]}
RESULT: {"script":"<script> [2676 bytes]","args":[]}
COMMAND: POST /session/3d9642598987efec4e176332c3be921e/execute/async - {"script":"<script> [2342 bytes]","args":[{"protocol":"http","hostname":"0.0.0.0","path":"/","capabilities":{"browserName":"chrome","goog:chromeOptions":{"binary":"C:\\Program Files\\Google\\Chrome\\Application\\chrome.exe","args":["--start-maximized"]}},"logLevel":"warn","connectionRetryTimeout":120000,"connectionRetryCount":3,"logLevels":{},"enableDirectConnect":true,"strictSSL":true,"_":"65 more keys: [\"cacheDir\",\"port\",\"requestedCapabilities\",\"automationProtocol\",\"baseUrl\",\"waitforInterval\",\"waitforTimeout\",\"onReload\",\"beforeCommand\",\"afterCommand\",\"rootDir\",\"specs\",\"suites\",\"exclude\",\"groupLogsByTestSpec\",\"excludeDriverLogs\",\"bail\",\"framework\",\"reporters\",\"services\",\"maxInstances\",\"maxInstancesPerCapability\",\"injectGlobals\",\"filesToWatch\",\"execArgv\",\"runnerEnv\",\"runner\",\"shard\",\"specFileRetries\",\"specFileRetriesDelay\",\"specFileRetriesDeferred\",\"reporterSyncInterval\",\"reporterSyncTimeout\",\"cucumberFeaturesWithLineNumbers\",\"autoCompileOpts\",\"mochaOpts\",\"jasmineOpts\",\"cucumberOpts\",\"onPrepare\",\"onWorkerStart\",\"onWorkerEnd\",\"before\",\"beforeSession\",\"beforeSuite\",\"beforeHook\",\"beforeTest\",\"afterTest\",\"afterHook\",\"afterSuite\",\"afterSession\",\"after\",\"onComplete\",\"beforeAssertion\",\"afterAssertion\",\"beforeFeature\",\"beforeScenario\",\"beforeStep\",\"afterStep\",\"afterScenario\",\"afterFeature\",\"_\",\"suite\",\"$0\",\"ignoredWorkerServices\",\"wdi5\"]"}]}
RESULT: {"script":"<script> [2342 bytes]","args":[{"protocol":"http","hostname":"0.0.0.0","path":"/","capabilities":{"browserName":"chrome","goog:chromeOptions":{"binary":"C:\\Program Files\\Google\\Chrome\\Application\\chrome.exe","args":["--start-maximized"]}},"logLevel":"warn","connectionRetryTimeout":120000,"connectionRetryCount":3,"logLevels":{},"enableDirectConnect":true,"strictSSL":true,"_":"65 more keys: [\"cacheDir\",\"port\",\"requestedCapabilities\",\"automationProtocol\",\"baseUrl\",\"waitforInterval\",\"waitforTimeout\",\"onReload\",\"beforeCommand\",\"afterCommand\",\"rootDir\",\"specs\",\"suites\",\"exclude\",\"groupLogsByTestSpec\",\"excludeDriverLogs\",\"bail\",\"framework\",\"reporters\",\"services\",\"maxInstances\",\"maxInstancesPerCapability\",\"injectGlobals\",\"filesToWatch\",\"execArgv\",\"runnerEnv\",\"runner\",\"shard\",\"specFileRetries\",\"specFileRetriesDelay\",\"specFileRetriesDeferred\",\"reporterSyncInterval\",\"reporterSyncTimeout\",\"cucumberFeaturesWithLineNumbers\",\"autoCompileOpts\",\"mochaOpts\",\"jasmineOpts\",\"cucumberOpts\",\"onPrepare\",\"onWorkerStart\",\"onWorkerEnd\",\"before\",\"beforeSession\",\"beforeSuite\",\"beforeHook\",\"beforeTest\",\"afterTest\",\"afterHook\",\"afterSuite\",\"afterSession\",\"after\",\"onComplete\",\"beforeAssertion\",\"afterAssertion\",\"beforeFeature\",\"beforeScenario\",\"beforeStep\",\"afterStep\",\"afterScenario\",\"afterFeature\",\"_\",\"suite\",\"$0\",\"ignoredWorkerServices\",\"wdi5\"]"}]}
COMMAND: POST /session/3d9642598987efec4e176332c3be921e/execute/async - {"script":"<script> [21126 bytes]","args":[35000]}
RESULT: {"script":"<script> [21126 bytes]","args":[35000]}
COMMAND: POST /session/3d9642598987efec4e176332c3be921e/execute/async - {"script":"<script> [1562 bytes]","args":[{"selector":{"controlType":"sap.m.GenericTile","properties":{"header":"Manage Sites"}},"wdio_ui5_key":"sapm.GenericTile{\"header\":\"Manage Sites\"}"}]}
RESULT: {"script":"<script> [1562 bytes]","args":[{"selector":{"controlType":"sap.m.GenericTile","properties":{"header":"Manage Sites"}},"wdio_ui5_key":"sapm.GenericTile{\"header\":\"Manage Sites\"}"}]}
RESULT: undefined
COMMAND: POST /session/3d9642598987efec4e176332c3be921e/element - {"using":"xpath","value":"//*[@id=\"__tile40\"]"}
RESULT: {"using":"xpath","value":"//*[@id=\"__tile40\"]"}
COMMAND: POST /session/3d9642598987efec4e176332c3be921e/element/f.C41B252AF7D593F5EF8761846E16752D.d.848EA1589467B6AFFB0880194BEB291B.e.1192/click - {}
RESULT: {}
COMMAND: GET /session/3d9642598987efec4e176332c3be921e/screenshot - {}
RESULT: {}
COMMAND: POST /session/3d9642598987efec4e176332c3be921e/execute/async - {"script":"<script> [1562 bytes]","args":[{"selector":{"controlType":"sap.ui.core.Icon","viewName":"etm.portal.ui.managesites.view.Master","viewId":"application-managesites-display-component---masterSite","properties":{"src":{"regex":{"source":"add"}}}},"wdio_ui5_key":"etmportal.ui.managesites.view.Mastersap.ui.core.Icon{\"src\":{\"regex\":{\"source\":\"add\"}}}"}]}
RESULT: {"script":"<script> [1562 bytes]","args":[{"selector":{"controlType":"sap.ui.core.Icon","viewName":"etm.portal.ui.managesites.view.Master","viewId":"application-managesites-display-component---masterSite","properties":{"src":{"regex":{"source":"add"}}}},"wdio_ui5_key":"etmportal.ui.managesites.view.Mastersap.ui.core.Icon{\"src\":{\"regex\":{\"source\":\"add\"}}}"}]}
RESULT: undefined
COMMAND: POST /session/3d9642598987efec4e176332c3be921e/element - {"using":"xpath","value":"//*[@id=\"__button4-img\"]"}
RESULT: {"using":"xpath","value":"//*[@id=\"__button4-img\"]"}
COMMAND: POST /session/3d9642598987efec4e176332c3be921e/element/f.C41B252AF7D593F5EF8761846E16752D.d.848EA1589467B6AFFB0880194BEB291B.e.1241/click - {}
RESULT: {}
COMMAND: POST /session/3d9642598987efec4e176332c3be921e/execute/async - {"script":"<script> [1562 bytes]","args":[{"selector":{"id":"application-managesites-display-component---NewSite--siteId","interaction":{"idSuffix":"inner"}},"wdio_ui5_key":"applicationmanagesites-display-component---NewSite--siteId"}]}
COMMAND: GET /session/3d9642598987efec4e176332c3be921e/screenshot - {}
RESULT: {"script":"<script> [1562 bytes]","args":[{"selector":{"id":"application-managesites-display-component---NewSite--siteId","interaction":{"idSuffix":"inner"}},"wdio_ui5_key":"applicationmanagesites-display-component---NewSite--siteId"}]}
RESULT: undefined
COMMAND: POST /session/3d9642598987efec4e176332c3be921e/execute/async - {"script":"<script> [1562 bytes]","args":[{"selector":{"id":"application-managesites-display-component---NewSite--addressDetailDetailsName1","interaction":{"idSuffix":"inner"}},"wdio_ui5_key":"applicationmanagesites-display-component---NewSite--addressDetailDetailsName1"}]}
RESULT: {}
RESULT: {"script":"<script> [1562 bytes]","args":[{"selector":{"id":"application-managesites-display-component---NewSite--addressDetailDetailsName1","interaction":{"idSuffix":"inner"}},"wdio_ui5_key":"applicationmanagesites-display-component---NewSite--addressDetailDetailsName1"}]}
RESULT: undefined
COMMAND: POST /session/3d9642598987efec4e176332c3be921e/execute/async - {"script":"<script> [776 bytes]","args":[{"enterText":"WebdriverSitet39nq","selector":{"id":"application-managesites-display-component---NewSite--addressDetailDetailsName1","interaction":{"idSuffix":"inner"}},"clearTextFirst":true,"interactionType":"ENTER_TEXT"}]}
RESULT: {"script":"<script> [776 bytes]","args":[{"enterText":"WebdriverSitet39nq","selector":{"id":"application-managesites-display-component---NewSite--addressDetailDetailsName1","interaction":{"idSuffix":"inner"}},"clearTextFirst":true,"interactionType":"ENTER_TEXT"}]}
COMMAND: POST /session/3d9642598987efec4e176332c3be921e/execute/async - {"script":"<script> [1562 bytes]","args":[{"selector":{"id":"application-managesites-display-component---NewSite--addressDetailDetailsLanguage","interaction":{"idSuffix":"inner"}},"wdio_ui5_key":"applicationmanagesites-display-component---NewSite--addressDetailDetailsLanguage"}]}
RESULT: {"script":"<script> [1562 bytes]","args":[{"selector":{"id":"application-managesites-display-component---NewSite--addressDetailDetailsLanguage","interaction":{"idSuffix":"inner"}},"wdio_ui5_key":"applicationmanagesites-display-component---NewSite--addressDetailDetailsLanguage"}]}
RESULT: undefined
COMMAND: POST /session/3d9642598987efec4e176332c3be921e/execute/async - {"script":"<script> [776 bytes]","args":[{"enterText":"Romanian","selector":{"id":"application-managesites-display-component---NewSite--addressDetailDetailsLanguage","interaction":{"idSuffix":"inner"}},"clearTextFirst":true,"interactionType":"ENTER_TEXT"}]}
RESULT: {"script":"<script> [776 bytes]","args":[{"enterText":"Romanian","selector":{"id":"application-managesites-display-component---NewSite--addressDetailDetailsLanguage","interaction":{"idSuffix":"inner"}},"clearTextFirst":true,"interactionType":"ENTER_TEXT"}]}
COMMAND: POST /session/3d9642598987efec4e176332c3be921e/execute/async - {"script":"<script> [1562 bytes]","args":[{"selector":{"id":"application-managesites-display-component---NewSite--addressDetailDetailsCity1","interaction":{"idSuffix":"inner"}},"wdio_ui5_key":"applicationmanagesites-display-component---NewSite--addressDetailDetailsCity1"}]}
RESULT: {"script":"<script> [1562 bytes]","args":[{"selector":{"id":"application-managesites-display-component---NewSite--addressDetailDetailsCity1","interaction":{"idSuffix":"inner"}},"wdio_ui5_key":"applicationmanagesites-display-component---NewSite--addressDetailDetailsCity1"}]}
RESULT: undefined
COMMAND: POST /session/3d9642598987efec4e176332c3be921e/execute/async - {"script":"<script> [776 bytes]","args":[{"enterText":"Bucharest","selector":{"id":"application-managesites-display-component---NewSite--addressDetailDetailsCity1","interaction":{"idSuffix":"inner"}},"clearTextFirst":true,"interactionType":"ENTER_TEXT"}]}
RESULT: {"script":"<script> [776 bytes]","args":[{"enterText":"Bucharest","selector":{"id":"application-managesites-display-component---NewSite--addressDetailDetailsCity1","interaction":{"idSuffix":"inner"}},"clearTextFirst":true,"interactionType":"ENTER_TEXT"}]}
COMMAND: POST /session/3d9642598987efec4e176332c3be921e/execute/async - {"script":"<script> [1562 bytes]","args":[{"selector":{"id":"application-managesites-display-component---NewSite--addressDetailDetailsCountry","interaction":{"idSuffix":"inner"}},"wdio_ui5_key":"applicationmanagesites-display-component---NewSite--addressDetailDetailsCountry"}]}
RESULT: {"script":"<script> [1562 bytes]","args":[{"selector":{"id":"application-managesites-display-component---NewSite--addressDetailDetailsCountry","interaction":{"idSuffix":"inner"}},"wdio_ui5_key":"applicationmanagesites-display-component---NewSite--addressDetailDetailsCountry"}]}
RESULT: undefined
COMMAND: POST /session/3d9642598987efec4e176332c3be921e/execute/async - {"script":"<script> [776 bytes]","args":[{"enterText":"Romania","selector":{"id":"application-managesites-display-component---NewSite--addressDetailDetailsCountry","interaction":{"idSuffix":"inner"}},"clearTextFirst":true,"interactionType":"ENTER_TEXT"}]}
RESULT: {"script":"<script> [776 bytes]","args":[{"enterText":"Romania","selector":{"id":"application-managesites-display-component---NewSite--addressDetailDetailsCountry","interaction":{"idSuffix":"inner"}},"clearTextFirst":true,"interactionType":"ENTER_TEXT"}]}
COMMAND: POST /session/3d9642598987efec4e176332c3be921e/element - {"using":"css selector","value":"#application-managesites-display-component---NewSite--addressDetailDetailsCalendar-inner"}
RESULT: {"using":"css selector","value":"#application-managesites-display-component---NewSite--addressDetailDetailsCalendar-inner"}
COMMAND: POST /session/3d9642598987efec4e176332c3be921e/element/f.C41B252AF7D593F5EF8761846E16752D.d.848EA1589467B6AFFB0880194BEB291B.e.1427/clear - {}
RESULT: {}
COMMAND: POST /session/3d9642598987efec4e176332c3be921e/element/f.C41B252AF7D593F5EF8761846E16752D.d.848EA1589467B6AFFB0880194BEB291B.e.1427/value - {"text":"Germany"}
COMMAND: GET /session/3d9642598987efec4e176332c3be921e/screenshot - {}
RESULT: {"text":"Germany"}
COMMAND: POST /session/3d9642598987efec4e176332c3be921e/execute/async - {"script":"<script> [1562 bytes]","args":[{"selector":{"id":"application-managesites-display-component---NewSite--addressEditDetailsCostObjectCstType-arrow"},"wdio_ui5_key":"applicationmanagesites-display-component---NewSite--addressEditDetailsCostObjectCstType-arrow"}]}
COMMAND: GET /session/3d9642598987efec4e176332c3be921e/screenshot - {}
RESULT: {}
RESULT: {"script":"<script> [1562 bytes]","args":[{"selector":{"id":"application-managesites-display-component---NewSite--addressEditDetailsCostObjectCstType-arrow"},"wdio_ui5_key":"applicationmanagesites-display-component---NewSite--addressEditDetailsCostObjectCstType-arrow"}]}
RESULT: undefined
COMMAND: POST /session/3d9642598987efec4e176332c3be921e/element - {"using":"xpath","value":"//*[@id=\"application-managesites-display-component---NewSite--addressEditDetailsCostObjectCstType-arrow\"]"}
RESULT: {}
RESULT: {"using":"xpath","value":"//*[@id=\"application-managesites-display-component---NewSite--addressEditDetailsCostObjectCstType-arrow\"]"}
COMMAND: POST /session/3d9642598987efec4e176332c3be921e/element/f.C41B252AF7D593F5EF8761846E16752D.d.848EA1589467B6AFFB0880194BEB291B.e.1625/click - {}
RESULT: {}
COMMAND: POST /session/3d9642598987efec4e176332c3be921e/element - {"using":"xpath","value":"//span[contains(text(), \"Work Breakdown Structure\")]"}
COMMAND: GET /session/3d9642598987efec4e176332c3be921e/screenshot - {}
RESULT: {"using":"xpath","value":"//span[contains(text(), \"Work Breakdown Structure\")]"}
COMMAND: POST /session/3d9642598987efec4e176332c3be921e/element/f.C41B252AF7D593F5EF8761846E16752D.d.848EA1589467B6AFFB0880194BEB291B.e.1626/click - {}
RESULT: {}
RESULT: {}
COMMAND: GET /session/3d9642598987efec4e176332c3be921e/screenshot - {}
RESULT: {}
COMMAND: POST /session/3d9642598987efec4e176332c3be921e/execute/async - {"script":"<script> [1562 bytes]","args":[{"selector":{"id":"application-managesites-display-component---NewSite--addressNewCostObjectCstID-vhi"},"wdio_ui5_key":"applicationmanagesites-display-component---NewSite--addressNewCostObjectCstID-vhi"}]}
RESULT: {"script":"<script> [1562 bytes]","args":[{"selector":{"id":"application-managesites-display-component---NewSite--addressNewCostObjectCstID-vhi"},"wdio_ui5_key":"applicationmanagesites-display-component---NewSite--addressNewCostObjectCstID-vhi"}]}
RESULT: undefined
COMMAND: POST /session/3d9642598987efec4e176332c3be921e/element - {"using":"xpath","value":"//*[@id=\"application-managesites-display-component---NewSite--addressNewCostObjectCstID-vhi\"]"}
RESULT: {"using":"xpath","value":"//*[@id=\"application-managesites-display-component---NewSite--addressNewCostObjectCstID-vhi\"]"}
COMMAND: POST /session/3d9642598987efec4e176332c3be921e/element/f.C41B252AF7D593F5EF8761846E16752D.d.848EA1589467B6AFFB0880194BEB291B.e.1630/click - {}
RESULT: {}
COMMAND: GET /session/3d9642598987efec4e176332c3be921e/screenshot - {}
RESULT: {}
COMMAND: POST /session/3d9642598987efec4e176332c3be921e/execute/async - {"script":"<script> [1562 bytes]","args":[{"selector":{"controlType":"sap.m.SearchField","properties":{"placeholder":"Search"},"searchOpenDialogs":true,"interaction":{"idSuffix":"I"}},"wdio_ui5_key":"sapm.SearchField{\"placeholder\":\"Search\"}"}]}
RESULT: {"script":"<script> [1562 bytes]","args":[{"selector":{"controlType":"sap.m.SearchField","properties":{"placeholder":"Search"},"searchOpenDialogs":true,"interaction":{"idSuffix":"I"}},"wdio_ui5_key":"sapm.SearchField{\"placeholder\":\"Search\"}"}]}
RESULT: undefined
COMMAND: POST /session/3d9642598987efec4e176332c3be921e/execute/async - {"script":"<script> [776 bytes]","args":[{"enterText":"A1-000100-01","selector":{"controlType":"sap.m.SearchField","properties":{"placeholder":"Search"},"searchOpenDialogs":true,"interaction":{"idSuffix":"I"}},"clearTextFirst":true,"interactionType":"ENTER_TEXT"}]}
RESULT: {"script":"<script> [776 bytes]","args":[{"enterText":"A1-000100-01","selector":{"controlType":"sap.m.SearchField","properties":{"placeholder":"Search"},"searchOpenDialogs":true,"interaction":{"idSuffix":"I"}},"clearTextFirst":true,"interactionType":"ENTER_TEXT"}]}
COMMAND: POST /session/3d9642598987efec4e176332c3be921e/actions - {"actions":[{"id":"action3","type":"key","parameters":{},"actions":[{"type":"keyDown","value":"î€‡"},{"type":"pause","duration":10},{"type":"keyUp","value":"î€‡"}]}]}
RESULT: {"actions":[{"id":"action3","type":"key","parameters":{},"actions":[{"type":"keyDown","value":"î€‡"},{"type":"pause","duration":10},{"type":"keyUp","value":"î€‡"}]}]}
COMMAND: GET /session/3d9642598987efec4e176332c3be921e/screenshot - {}
RESULT: {}
COMMAND: POST /session/3d9642598987efec4e176332c3be921e/element - {"using":"xpath","value":"//span[contains(text(), \"Template for ETO-Process\")]"}
RESULT: {"using":"xpath","value":"//span[contains(text(), \"Template for ETO-Process\")]"}
COMMAND: POST /session/3d9642598987efec4e176332c3be921e/element/f.C41B252AF7D593F5EF8761846E16752D.d.848EA1589467B6AFFB0880194BEB291B.e.1651/click - {}
RESULT: {}
COMMAND: GET /session/3d9642598987efec4e176332c3be921e/screenshot - {}
RESULT: {}
COMMAND: POST /session/3d9642598987efec4e176332c3be921e/element - {"using":"xpath","value":"//bdi[contains(text(), \"OK\")]"}
RESULT: {"using":"xpath","value":"//bdi[contains(text(), \"OK\")]"}
COMMAND: POST /session/3d9642598987efec4e176332c3be921e/element/f.C41B252AF7D593F5EF8761846E16752D.d.848EA1589467B6AFFB0880194BEB291B.e.1652/click - {}
RESULT: {}
COMMAND: GET /session/3d9642598987efec4e176332c3be921e/screenshot - {}
RESULT: {}
COMMAND: POST /session/3d9642598987efec4e176332c3be921e/element - {"using":"xpath","value":"//input[@id=\"application-managesites-display-component---NewSite--addressDetailDetailsYard-inner\"]"}
RESULT: {"using":"xpath","value":"//input[@id=\"application-managesites-display-component---NewSite--addressDetailDetailsYard-inner\"]"}
COMMAND: POST /session/3d9642598987efec4e176332c3be921e/element/f.C41B252AF7D593F5EF8761846E16752D.d.848EA1589467B6AFFB0880194BEB291B.e.1428/value - {"text":"461"}
RESULT: {"text":"461"}
COMMAND: GET /session/3d9642598987efec4e176332c3be921e/screenshot - {}
RESULT: {}
COMMAND: POST /session/3d9642598987efec4e176332c3be921e/actions - {"actions":[{"id":"action4","type":"key","parameters":{},"actions":[{"type":"keyDown","value":"î€‡"},{"type":"pause","duration":10},{"type":"keyUp","value":"î€‡"}]}]}
RESULT: {"actions":[{"id":"action4","type":"key","parameters":{},"actions":[{"type":"keyDown","value":"î€‡"},{"type":"pause","duration":10},{"type":"keyUp","value":"î€‡"}]}]}
COMMAND: GET /session/3d9642598987efec4e176332c3be921e/screenshot - {}
RESULT: {}
COMMAND: POST /session/3d9642598987efec4e176332c3be921e/element - {"using":"xpath","value":"//input[@id=\"application-managesites-display-component---NewSite--addressDetailDetailsPartner-inner\"]"}
RESULT: {"using":"xpath","value":"//input[@id=\"application-managesites-display-component---NewSite--addressDetailDetailsPartner-inner\"]"}
COMMAND: POST /session/3d9642598987efec4e176332c3be921e/elements - {"using":"xpath","value":"//input[@id=\"application-managesites-display-component---NewSite--addressDetailDetailsPartner-inner\"]"}
RESULT: {"using":"xpath","value":"//input[@id=\"application-managesites-display-component---NewSite--addressDetailDetailsPartner-inner\"]"}
COMMAND: POST /session/3d9642598987efec4e176332c3be921e/execute/async - {"script":"<script> [1562 bytes]","args":[{"selector":{"controlType":"sap.m.Button","viewName":"etm.portal.ui.managesites.view.NewSmartSite","viewId":"application-managesites-display-component---NewSite","properties":{"text":"Commercial"},"interaction":{"idSuffix":"BDI-content"}},"wdio_ui5_key":"etmportal.ui.managesites.view.NewSmartSitesap.m.Button{\"text\":\"Commercial\"}"}]}
RESULT: {"script":"<script> [1562 bytes]","args":[{"selector":{"controlType":"sap.m.Button","viewName":"etm.portal.ui.managesites.view.NewSmartSite","viewId":"application-managesites-display-component---NewSite","properties":{"text":"Commercial"},"interaction":{"idSuffix":"BDI-content"}},"wdio_ui5_key":"etmportal.ui.managesites.view.NewSmartSitesap.m.Button{\"text\":\"Commercial\"}"}]}
RESULT: undefined
COMMAND: POST /session/3d9642598987efec4e176332c3be921e/element - {"using":"xpath","value":"//*[@id=\"application-managesites-display-component---NewSite--ObjectPageLayout-anchBar-__section5-anchor\"]"}
RESULT: {"using":"xpath","value":"//*[@id=\"application-managesites-display-component---NewSite--ObjectPageLayout-anchBar-__section5-anchor\"]"}
COMMAND: POST /session/3d9642598987efec4e176332c3be921e/element/f.C41B252AF7D593F5EF8761846E16752D.d.848EA1589467B6AFFB0880194BEB291B.e.1659/click - {}
RESULT: {}
COMMAND: POST /session/3d9642598987efec4e176332c3be921e/execute/async - {"script":"<script> [1562 bytes]","args":[{"selector":{"controlType":"sap.m.Button","viewName":"etm.portal.ui.managesites.view.NewSmartSite","viewId":"application-managesites-display-component---NewSite","i18NText":{"propertyName":"text","key":"save"},"interaction":{"idSuffix":"BDI-content"}},"wdio_ui5_key":"etmportal.ui.managesites.view.NewSmartSitesap.m.Button{\"propertyName\":\"text\",\"key\":\"save\"}"}]}
COMMAND: GET /session/3d9642598987efec4e176332c3be921e/screenshot - {}
RESULT: {"script":"<script> [1562 bytes]","args":[{"selector":{"controlType":"sap.m.Button","viewName":"etm.portal.ui.managesites.view.NewSmartSite","viewId":"application-managesites-display-component---NewSite","i18NText":{"propertyName":"text","key":"save"},"interaction":{"idSuffix":"BDI-content"}},"wdio_ui5_key":"etmportal.ui.managesites.view.NewSmartSitesap.m.Button{\"propertyName\":\"text\",\"key\":\"save\"}"}]}
RESULT: undefined
COMMAND: POST /session/3d9642598987efec4e176332c3be921e/element - {"using":"xpath","value":"//*[@id=\"__button16\"]"}
RESULT: {}
RESULT: {"using":"xpath","value":"//*[@id=\"__button16\"]"}
COMMAND: POST /session/3d9642598987efec4e176332c3be921e/element/f.C41B252AF7D593F5EF8761846E16752D.d.848EA1589467B6AFFB0880194BEB291B.e.1597/click - {}
RESULT: {}
COMMAND: GET /session/3d9642598987efec4e176332c3be921e/screenshot - {}
RESULT: {}
COMMAND: POST /session/3d9642598987efec4e176332c3be921e/execute/async - {"script":"<script> [1562 bytes]","args":[{"selector":{"id":"application-managesites-display-component---detailSite--addressDetailDetailsYardText"},"wdio_ui5_key":"applicationmanagesites-display-component---detailSite--addressDetailDetailsYardText"}]}
RESULT: {"script":"<script> [1562 bytes]","args":[{"selector":{"id":"application-managesites-display-component---detailSite--addressDetailDetailsYardText"},"wdio_ui5_key":"applicationmanagesites-display-component---detailSite--addressDetailDetailsYardText"}]}
RESULT: undefined
COMMAND: POST /session/3d9642598987efec4e176332c3be921e/element - {"using":"xpath","value":"//header/div/div[2]/div[2]/span"}
RESULT: {"using":"xpath","value":"//header/div/div[2]/div[2]/span"}
COMMAND: GET /session/3d9642598987efec4e176332c3be921e/element/f.C41B252AF7D593F5EF8761846E16752D.d.848EA1589467B6AFFB0880194BEB291B.e.1861/text - {}
RESULT: {}
COMMAND: POST /session/3d9642598987efec4e176332c3be921e/element - {"using":"xpath","value":"//header/div/div/div/div/div/div[2]/div/span"}
RESULT: {"using":"xpath","value":"//header/div/div/div/div/div/div[2]/div/span"}
COMMAND: GET /session/3d9642598987efec4e176332c3be921e/element/f.C41B252AF7D593F5EF8761846E16752D.d.848EA1589467B6AFFB0880194BEB291B.e.1862/text - {}
RESULT: {}
COMMAND: POST /session/3d9642598987efec4e176332c3be921e/element - {"using":"css selector","value":"#shell-header-logo"}
RESULT: {"using":"css selector","value":"#shell-header-logo"}
COMMAND: POST /session/3d9642598987efec4e176332c3be921e/element/f.C41B252AF7D593F5EF8761846E16752D.d.848EA1589467B6AFFB0880194BEB291B.e.1194/click - {}
RESULT: {}
COMMAND: GET /session/3d9642598987efec4e176332c3be921e/screenshot - {}
RESULT: {}
COMMAND: POST /session/3d9642598987efec4e176332c3be921e/execute/async - {"script":"<script> [1562 bytes]","args":[{"selector":{"controlType":"sap.m.GenericTile","properties":{"header":"Manage Partners"}},"wdio_ui5_key":"sapm.GenericTile{\"header\":\"Manage Partners\"}"}]}
RESULT: {"script":"<script> [1562 bytes]","args":[{"selector":{"controlType":"sap.m.GenericTile","properties":{"header":"Manage Partners"}},"wdio_ui5_key":"sapm.GenericTile{\"header\":\"Manage Partners\"}"}]}
RESULT: undefined
COMMAND: POST /session/3d9642598987efec4e176332c3be921e/element - {"using":"xpath","value":"//*[@id=\"__tile38\"]"}
RESULT: {"using":"xpath","value":"//*[@id=\"__tile38\"]"}
COMMAND: POST /session/3d9642598987efec4e176332c3be921e/element/f.C41B252AF7D593F5EF8761846E16752D.d.848EA1589467B6AFFB0880194BEB291B.e.1864/click - {}
RESULT: {}
COMMAND: GET /session/3d9642598987efec4e176332c3be921e/screenshot - {}
RESULT: {}
COMMAND: POST /session/3d9642598987efec4e176332c3be921e/execute/async - {"script":"<script> [1562 bytes]","args":[{"selector":{"controlType":"sap.ui.core.Icon","viewName":"etm.portal.ui.managepartners.view.Master","viewId":"application-managepartners-display-component---masterPtm","properties":{"src":{"regex":{"source":"add"}}}},"wdio_ui5_key":"etmportal.ui.managepartners.view.Mastersap.ui.core.Icon{\"src\":{\"regex\":{\"source\":\"add\"}}}"}]}
RESULT: {"script":"<script> [1562 bytes]","args":[{"selector":{"controlType":"sap.ui.core.Icon","viewName":"etm.portal.ui.managepartners.view.Master","viewId":"application-managepartners-display-component---masterPtm","properties":{"src":{"regex":{"source":"add"}}}},"wdio_ui5_key":"etmportal.ui.managepartners.view.Mastersap.ui.core.Icon{\"src\":{\"regex\":{\"source\":\"add\"}}}"}]}
RESULT: undefined
COMMAND: POST /session/3d9642598987efec4e176332c3be921e/element - {"using":"xpath","value":"//*[@id=\"__button60-img\"]"}
RESULT: {"using":"xpath","value":"//*[@id=\"__button60-img\"]"}
COMMAND: POST /session/3d9642598987efec4e176332c3be921e/element/f.C41B252AF7D593F5EF8761846E16752D.d.848EA1589467B6AFFB0880194BEB291B.e.1913/click - {}
RESULT: {}
COMMAND: GET /session/3d9642598987efec4e176332c3be921e/screenshot - {}
RESULT: {}
COMMAND: POST /session/3d9642598987efec4e176332c3be921e/execute/async - {"script":"<script> [1562 bytes]","args":[{"selector":{"id":"application-managepartners-display-component---NewPartner--partnerId","interaction":{"idSuffix":"inner"}},"wdio_ui5_key":"applicationmanagepartners-display-component---NewPartner--partnerId"}]}
RESULT: {"script":"<script> [1562 bytes]","args":[{"selector":{"id":"application-managepartners-display-component---NewPartner--partnerId","interaction":{"idSuffix":"inner"}},"wdio_ui5_key":"applicationmanagepartners-display-component---NewPartner--partnerId"}]}
RESULT: undefined
COMMAND: POST /session/3d9642598987efec4e176332c3be921e/execute/async - {"script":"<script> [1562 bytes]","args":[{"selector":{"id":"application-managepartners-display-component---NewPartner--addressDetailDetailsName1","interaction":{"idSuffix":"inner"}},"wdio_ui5_key":"applicationmanagepartners-display-component---NewPartner--addressDetailDetailsName1"}]}
RESULT: {"script":"<script> [1562 bytes]","args":[{"selector":{"id":"application-managepartners-display-component---NewPartner--addressDetailDetailsName1","interaction":{"idSuffix":"inner"}},"wdio_ui5_key":"applicationmanagepartners-display-component---NewPartner--addressDetailDetailsName1"}]}
RESULT: undefined
COMMAND: POST /session/3d9642598987efec4e176332c3be921e/execute/async - {"script":"<script> [776 bytes]","args":[{"enterText":"WebdriverPartneri3y7o","selector":{"id":"application-managepartners-display-component---NewPartner--addressDetailDetailsName1","interaction":{"idSuffix":"inner"}},"clearTextFirst":true,"interactionType":"ENTER_TEXT"}]}
RESULT: {"script":"<script> [776 bytes]","args":[{"enterText":"WebdriverPartneri3y7o","selector":{"id":"application-managepartners-display-component---NewPartner--addressDetailDetailsName1","interaction":{"idSuffix":"inner"}},"clearTextFirst":true,"interactionType":"ENTER_TEXT"}]}
COMMAND: POST /session/3d9642598987efec4e176332c3be921e/execute/async - {"script":"<script> [1562 bytes]","args":[{"selector":{"id":"application-managepartners-display-component---NewPartner--addressDetailDetailsLanguage","interaction":{"idSuffix":"inner"}},"wdio_ui5_key":"applicationmanagepartners-display-component---NewPartner--addressDetailDetailsLanguage"}]}
RESULT: {"script":"<script> [1562 bytes]","args":[{"selector":{"id":"application-managepartners-display-component---NewPartner--addressDetailDetailsLanguage","interaction":{"idSuffix":"inner"}},"wdio_ui5_key":"applicationmanagepartners-display-component---NewPartner--addressDetailDetailsLanguage"}]}
RESULT: undefined
COMMAND: POST /session/3d9642598987efec4e176332c3be921e/execute/async - {"script":"<script> [776 bytes]","args":[{"enterText":"Romanian","selector":{"id":"application-managepartners-display-component---NewPartner--addressDetailDetailsLanguage","interaction":{"idSuffix":"inner"}},"clearTextFirst":true,"interactionType":"ENTER_TEXT"}]}
RESULT: {"script":"<script> [776 bytes]","args":[{"enterText":"Romanian","selector":{"id":"application-managepartners-display-component---NewPartner--addressDetailDetailsLanguage","interaction":{"idSuffix":"inner"}},"clearTextFirst":true,"interactionType":"ENTER_TEXT"}]}
COMMAND: POST /session/3d9642598987efec4e176332c3be921e/element - {"using":"xpath","value":"//input[contains(@id ,\"application-managepartners-display-component---NewPartner--addressDetailDetailsName1-inner\")]"}
RESULT: {"using":"xpath","value":"//input[contains(@id ,\"application-managepartners-display-component---NewPartner--addressDetailDetailsName1-inner\")]"}
COMMAND: GET /session/3d9642598987efec4e176332c3be921e/element/f.C41B252AF7D593F5EF8761846E16752D.d.848EA1589467B6AFFB0880194BEB291B.e.2084/property/value - {}
RESULT: {}
COMMAND: POST /session/3d9642598987efec4e176332c3be921e/execute/async - {"script":"<script> [1562 bytes]","args":[{"selector":{"id":"application-managepartners-display-component---NewPartner--addressDetailDetailsCity1","interaction":{"idSuffix":"inner"}},"wdio_ui5_key":"applicationmanagepartners-display-component---NewPartner--addressDetailDetailsCity1"}]}
COMMAND: GET /session/3d9642598987efec4e176332c3be921e/screenshot - {}
RESULT: {"script":"<script> [1562 bytes]","args":[{"selector":{"id":"application-managepartners-display-component---NewPartner--addressDetailDetailsCity1","interaction":{"idSuffix":"inner"}},"wdio_ui5_key":"applicationmanagepartners-display-component---NewPartner--addressDetailDetailsCity1"}]}
RESULT: undefined
COMMAND: POST /session/3d9642598987efec4e176332c3be921e/execute/async - {"script":"<script> [776 bytes]","args":[{"enterText":"Bucharest","selector":{"id":"application-managepartners-display-component---NewPartner--addressDetailDetailsCity1","interaction":{"idSuffix":"inner"}},"clearTextFirst":true,"interactionType":"ENTER_TEXT"}]}
RESULT: {}
RESULT: {"script":"<script> [776 bytes]","args":[{"enterText":"Bucharest","selector":{"id":"application-managepartners-display-component---NewPartner--addressDetailDetailsCity1","interaction":{"idSuffix":"inner"}},"clearTextFirst":true,"interactionType":"ENTER_TEXT"}]}
COMMAND: POST /session/3d9642598987efec4e176332c3be921e/execute/async - {"script":"<script> [1562 bytes]","args":[{"selector":{"id":"application-managepartners-display-component---NewPartner--addressDetailDetailsCountry","interaction":{"idSuffix":"inner"}},"wdio_ui5_key":"applicationmanagepartners-display-component---NewPartner--addressDetailDetailsCountry"}]}
RESULT: {"script":"<script> [1562 bytes]","args":[{"selector":{"id":"application-managepartners-display-component---NewPartner--addressDetailDetailsCountry","interaction":{"idSuffix":"inner"}},"wdio_ui5_key":"applicationmanagepartners-display-component---NewPartner--addressDetailDetailsCountry"}]}
RESULT: undefined
COMMAND: POST /session/3d9642598987efec4e176332c3be921e/execute/async - {"script":"<script> [6424 bytes]","args":[{"element-6066-11e4-a52e-4f735466cecf":"f.C41B252AF7D593F5EF8761846E16752D.d.848EA1589467B6AFFB0880194BEB291B.e.2091"},"setValue",["Romania"]]}
RESULT: {"script":"<script> [6424 bytes]","args":[{"element-6066-11e4-a52e-4f735466cecf":"f.C41B252AF7D593F5EF8761846E16752D.d.848EA1589467B6AFFB0880194BEB291B.e.2091"},"setValue",["Romania"]]}
COMMAND: POST /session/3d9642598987efec4e176332c3be921e/execute/async - {"script":"<script> [1562 bytes]","args":[{"selector":{"id":"application-managepartners-display-component---NewPartner--partnerDetailInternal","interaction":{"idSuffix":"inner"}},"wdio_ui5_key":"applicationmanagepartners-display-component---NewPartner--partnerDetailInternal"}]}
RESULT: {"script":"<script> [1562 bytes]","args":[{"selector":{"id":"application-managepartners-display-component---NewPartner--partnerDetailInternal","interaction":{"idSuffix":"inner"}},"wdio_ui5_key":"applicationmanagepartners-display-component---NewPartner--partnerDetailInternal"}]}
RESULT: undefined
COMMAND: POST /session/3d9642598987efec4e176332c3be921e/execute/async - {"script":"<script> [776 bytes]","args":[{"enterText":"External partner","selector":{"id":"application-managepartners-display-component---NewPartner--partnerDetailInternal","interaction":{"idSuffix":"inner"}},"clearTextFirst":true,"interactionType":"ENTER_TEXT"}]}
RESULT: {"script":"<script> [776 bytes]","args":[{"enterText":"External partner","selector":{"id":"application-managepartners-display-component---NewPartner--partnerDetailInternal","interaction":{"idSuffix":"inner"}},"clearTextFirst":true,"interactionType":"ENTER_TEXT"}]}
COMMAND: POST /session/3d9642598987efec4e176332c3be921e/execute/async - {"script":"<script> [1562 bytes]","args":[{"selector":{"id":"application-managepartners-display-component---NewPartner--partnerDetailsCurrency","interaction":{"idSuffix":"inner"}},"wdio_ui5_key":"applicationmanagepartners-display-component---NewPartner--partnerDetailsCurrency"}]}
RESULT: {"script":"<script> [1562 bytes]","args":[{"selector":{"id":"application-managepartners-display-component---NewPartner--partnerDetailsCurrency","interaction":{"idSuffix":"inner"}},"wdio_ui5_key":"applicationmanagepartners-display-component---NewPartner--partnerDetailsCurrency"}]}
RESULT: undefined
COMMAND: POST /session/3d9642598987efec4e176332c3be921e/execute/async - {"script":"<script> [776 bytes]","args":[{"enterText":"Euro","selector":{"id":"application-managepartners-display-component---NewPartner--partnerDetailsCurrency","interaction":{"idSuffix":"inner"}},"clearTextFirst":true,"interactionType":"ENTER_TEXT"}]}
RESULT: {"script":"<script> [776 bytes]","args":[{"enterText":"Euro","selector":{"id":"application-managepartners-display-component---NewPartner--partnerDetailsCurrency","interaction":{"idSuffix":"inner"}},"clearTextFirst":true,"interactionType":"ENTER_TEXT"}]}
COMMAND: POST /session/3d9642598987efec4e176332c3be921e/execute/async - {"script":"<script> [1562 bytes]","args":[{"selector":{"controlType":"sap.m.Button","viewName":"etm.portal.ui.managepartners.view.NewPartner","viewId":"application-managepartners-display-component---NewPartner","properties":{"text":"Commercial"},"interaction":{"idSuffix":"BDI-content"}},"wdio_ui5_key":"etmportal.ui.managepartners.view.NewPartnersap.m.Button{\"text\":\"Commercial\"}"}]}
RESULT: {"script":"<script> [1562 bytes]","args":[{"selector":{"controlType":"sap.m.Button","viewName":"etm.portal.ui.managepartners.view.NewPartner","viewId":"application-managepartners-display-component---NewPartner","properties":{"text":"Commercial"},"interaction":{"idSuffix":"BDI-content"}},"wdio_ui5_key":"etmportal.ui.managepartners.view.NewPartnersap.m.Button{\"text\":\"Commercial\"}"}]}
RESULT: undefined
COMMAND: POST /session/3d9642598987efec4e176332c3be921e/element - {"using":"xpath","value":"//*[@id=\"application-managepartners-display-component---NewPartner--ObjectPageLayout-anchBar-__section29-anchor\"]"}
RESULT: {"using":"xpath","value":"//*[@id=\"application-managepartners-display-component---NewPartner--ObjectPageLayout-anchBar-__section29-anchor\"]"}
COMMAND: POST /session/3d9642598987efec4e176332c3be921e/element/f.C41B252AF7D593F5EF8761846E16752D.d.848EA1589467B6AFFB0880194BEB291B.e.2331/click - {}
RESULT: {}
COMMAND: GET /session/3d9642598987efec4e176332c3be921e/screenshot - {}
RESULT: {}
COMMAND: POST /session/3d9642598987efec4e176332c3be921e/execute/async - {"script":"<script> [1562 bytes]","args":[{"selector":{"id":"application-managepartners-display-component---NewPartner--btnAddTableRow-img"},"wdio_ui5_key":"applicationmanagepartners-display-component---NewPartner--btnAddTableRow-img"}]}
RESULT: {"script":"<script> [1562 bytes]","args":[{"selector":{"id":"application-managepartners-display-component---NewPartner--btnAddTableRow-img"},"wdio_ui5_key":"applicationmanagepartners-display-component---NewPartner--btnAddTableRow-img"}]}
RESULT: undefined
COMMAND: POST /session/3d9642598987efec4e176332c3be921e/element - {"using":"xpath","value":"//*[@id=\"application-managepartners-display-component---NewPartner--btnAddTableRow-img\"]"}
RESULT: {"using":"xpath","value":"//*[@id=\"application-managepartners-display-component---NewPartner--btnAddTableRow-img\"]"}
COMMAND: POST /session/3d9642598987efec4e176332c3be921e/element/f.C41B252AF7D593F5EF8761846E16752D.d.848EA1589467B6AFFB0880194BEB291B.e.2337/click - {}
RESULT: {}
COMMAND: POST /session/3d9642598987efec4e176332c3be921e/element - {"using":"xpath","value":"//input[contains(@id ,\"application-managepartners-display-component---NewPartner--assignmentYard-application-managepartners-display-component---NewPartner\")]"}
COMMAND: GET /session/3d9642598987efec4e176332c3be921e/screenshot - {}
RESULT: {"using":"xpath","value":"//input[contains(@id ,\"application-managepartners-display-component---NewPartner--assignmentYard-application-managepartners-display-component---NewPartner\")]"}
COMMAND: POST /session/3d9642598987efec4e176332c3be921e/element/f.C41B252AF7D593F5EF8761846E16752D.d.848EA1589467B6AFFB0880194BEB291B.e.2342/clear - {}
RESULT: {}
RESULT: {}
COMMAND: POST /session/3d9642598987efec4e176332c3be921e/element/f.C41B252AF7D593F5EF8761846E16752D.d.848EA1589467B6AFFB0880194BEB291B.e.2342/value - {"text":"461"}
COMMAND: GET /session/3d9642598987efec4e176332c3be921e/screenshot - {}
RESULT: {"text":"461"}
COMMAND: GET /session/3d9642598987efec4e176332c3be921e/screenshot - {}
RESULT: {}
RESULT: {}
COMMAND: POST /session/3d9642598987efec4e176332c3be921e/execute/async - {"script":"<script> [1562 bytes]","args":[{"selector":{"controlType":"sap.m.Button","viewName":"etm.portal.ui.managepartners.view.NewPartner","viewId":"application-managepartners-display-component---NewPartner","i18NText":{"propertyName":"text","key":"save"},"interaction":{"idSuffix":"BDI-content"}},"wdio_ui5_key":"etmportal.ui.managepartners.view.NewPartnersap.m.Button{\"propertyName\":\"text\",\"key\":\"save\"}"}]}
RESULT: {"script":"<script> [1562 bytes]","args":[{"selector":{"controlType":"sap.m.Button","viewName":"etm.portal.ui.managepartners.view.NewPartner","viewId":"application-managepartners-display-component---NewPartner","i18NText":{"propertyName":"text","key":"save"},"interaction":{"idSuffix":"BDI-content"}},"wdio_ui5_key":"etmportal.ui.managepartners.view.NewPartnersap.m.Button{\"propertyName\":\"text\",\"key\":\"save\"}"}]}
RESULT: undefined
COMMAND: POST /session/3d9642598987efec4e176332c3be921e/element - {"using":"xpath","value":"//*[@id=\"__button68\"]"}
RESULT: {"using":"xpath","value":"//*[@id=\"__button68\"]"}
COMMAND: POST /session/3d9642598987efec4e176332c3be921e/element/f.C41B252AF7D593F5EF8761846E16752D.d.848EA1589467B6AFFB0880194BEB291B.e.2307/click - {}
RESULT: {}
COMMAND: GET /session/3d9642598987efec4e176332c3be921e/screenshot - {}
RESULT: {}
COMMAND: POST /session/3d9642598987efec4e176332c3be921e/element - {"using":"xpath","value":"//header/div/div[2]/div[2]/span"}
RESULT: {"using":"xpath","value":"//header/div/div[2]/div[2]/span"}
COMMAND: GET /session/3d9642598987efec4e176332c3be921e/element/f.C41B252AF7D593F5EF8761846E16752D.d.848EA1589467B6AFFB0880194BEB291B.e.2512/text - {}
RESULT: {}
COMMAND: POST /session/3d9642598987efec4e176332c3be921e/element - {"using":"xpath","value":"//header/div/div/div/div/div/div[2]/div/span"}
RESULT: {"using":"xpath","value":"//header/div/div/div/div/div/div[2]/div/span"}
COMMAND: GET /session/3d9642598987efec4e176332c3be921e/element/f.C41B252AF7D593F5EF8761846E16752D.d.848EA1589467B6AFFB0880194BEB291B.e.2513/text - {}
RESULT: {}
COMMAND: POST /session/3d9642598987efec4e176332c3be921e/execute/async - {"script":"<script> [1562 bytes]","args":[{"selector":{"id":"application-managepartners-display-component---detailPtm--partnerType"},"wdio_ui5_key":"applicationmanagepartners-display-component---detailPtm--partnerType"}]}
RESULT: {"script":"<script> [1562 bytes]","args":[{"selector":{"id":"application-managepartners-display-component---detailPtm--partnerType"},"wdio_ui5_key":"applicationmanagepartners-display-component---detailPtm--partnerType"}]}
RESULT: undefined
COMMAND: POST /session/3d9642598987efec4e176332c3be921e/execute/async - {"script":"<script> [6424 bytes]","args":[{"element-6066-11e4-a52e-4f735466cecf":"f.C41B252AF7D593F5EF8761846E16752D.d.848EA1589467B6AFFB0880194BEB291B.e.2514"},"getText",[]]}
RESULT: {"script":"<script> [6424 bytes]","args":[{"element-6066-11e4-a52e-4f735466cecf":"f.C41B252AF7D593F5EF8761846E16752D.d.848EA1589467B6AFFB0880194BEB291B.e.2514"},"getText",[]]}
COMMAND: POST /session/3d9642598987efec4e176332c3be921e/element - {"using":"css selector","value":"#shell-header-logo"}
RESULT: {"using":"css selector","value":"#shell-header-logo"}
COMMAND: POST /session/3d9642598987efec4e176332c3be921e/element/f.C41B252AF7D593F5EF8761846E16752D.d.848EA1589467B6AFFB0880194BEB291B.e.1866/click - {}
RESULT: {}
COMMAND: GET /session/3d9642598987efec4e176332c3be921e/screenshot - {}
RESULT: {}
]]></system-out>
    </testcase>
    <testcase classname="chrome.135_0_7049_96.windows.Webshop_-_Hyperlinks_visible_and_working_properly__US139085" name="Should create a new contract" time="101.7">
      <system-out><![CDATA[
COMMAND: POST /session/3d9642598987efec4e176332c3be921e/execute/async - {"script":"<script> [1562 bytes]","args":[{"selector":{"controlType":"sap.m.Text","viewName":"etm.portal.ui.managecontractstile.view.Master","properties":{"text":"Manage Contracts"},"interaction":{"idSuffix":"inner"}},"wdio_ui5_key":"etmportal.ui.managecontractstile.view.Mastersap.m.Text{\"text\":\"Manage Contracts\"}"}]}
RESULT: {"script":"<script> [1562 bytes]","args":[{"selector":{"controlType":"sap.m.Text","viewName":"etm.portal.ui.managecontractstile.view.Master","properties":{"text":"Manage Contracts"},"interaction":{"idSuffix":"inner"}},"wdio_ui5_key":"etmportal.ui.managecontractstile.view.Mastersap.m.Text{\"text\":\"Manage Contracts\"}"}]}
RESULT: undefined
COMMAND: POST /session/3d9642598987efec4e176332c3be921e/element - {"using":"xpath","value":"//*[@id=\"__tile130-title\"]"}
RESULT: {"using":"xpath","value":"//*[@id=\"__tile130-title\"]"}
COMMAND: POST /session/3d9642598987efec4e176332c3be921e/element/f.C41B252AF7D593F5EF8761846E16752D.d.848EA1589467B6AFFB0880194BEB291B.e.2517/click - {}
RESULT: {}
COMMAND: GET /session/3d9642598987efec4e176332c3be921e/screenshot - {}
RESULT: {}
COMMAND: POST /session/3d9642598987efec4e176332c3be921e/element - {"using":"xpath","value":"//button[@data-kt=\"addButton\"]"}
RESULT: {"using":"xpath","value":"//button[@data-kt=\"addButton\"]"}
COMMAND: POST /session/3d9642598987efec4e176332c3be921e/elements - {"using":"xpath","value":"//button[@data-kt=\"addButton\"]"}
RESULT: {"using":"xpath","value":"//button[@data-kt=\"addButton\"]"}
COMMAND: POST /session/3d9642598987efec4e176332c3be921e/elements - {"using":"xpath","value":"//button[@data-kt=\"addButton\"]"}
RESULT: {"using":"xpath","value":"//button[@data-kt=\"addButton\"]"}
COMMAND: POST /session/3d9642598987efec4e176332c3be921e/element - {"using":"xpath","value":"//button[@data-kt=\"addButton\"]"}
RESULT: {"using":"xpath","value":"//button[@data-kt=\"addButton\"]"}
COMMAND: POST /session/3d9642598987efec4e176332c3be921e/element/f.C41B252AF7D593F5EF8761846E16752D.d.848EA1589467B6AFFB0880194BEB291B.e.2560/click - {}
RESULT: {}
COMMAND: GET /session/3d9642598987efec4e176332c3be921e/screenshot - {}
RESULT: {}
COMMAND: POST /session/3d9642598987efec4e176332c3be921e/execute/async - {"script":"<script> [1562 bytes]","args":[{"selector":{"id":"application-managecontracts-display-component---AddNewContract--projectDescription","interaction":{"idSuffix":"inner"}},"wdio_ui5_key":"applicationmanagecontracts-display-component---AddNewContract--projectDescription"}]}
RESULT: {"script":"<script> [1562 bytes]","args":[{"selector":{"id":"application-managecontracts-display-component---AddNewContract--projectDescription","interaction":{"idSuffix":"inner"}},"wdio_ui5_key":"applicationmanagecontracts-display-component---AddNewContract--projectDescription"}]}
RESULT: undefined
COMMAND: POST /session/3d9642598987efec4e176332c3be921e/execute/async - {"script":"<script> [776 bytes]","args":[{"enterText":"WdIOR2cfz4spi","selector":{"id":"application-managecontracts-display-component---AddNewContract--projectDescription","interaction":{"idSuffix":"inner"}},"clearTextFirst":true,"interactionType":"ENTER_TEXT"}]}
RESULT: {"script":"<script> [776 bytes]","args":[{"enterText":"WdIOR2cfz4spi","selector":{"id":"application-managecontracts-display-component---AddNewContract--projectDescription","interaction":{"idSuffix":"inner"}},"clearTextFirst":true,"interactionType":"ENTER_TEXT"}]}
COMMAND: POST /session/3d9642598987efec4e176332c3be921e/element - {"using":"xpath","value":"//input[@id=\"application-managecontracts-display-component---AddNewContract--yardId-inner\"]"}
RESULT: {"using":"xpath","value":"//input[@id=\"application-managecontracts-display-component---AddNewContract--yardId-inner\"]"}
COMMAND: POST /session/3d9642598987efec4e176332c3be921e/element/f.C41B252AF7D593F5EF8761846E16752D.d.848EA1589467B6AFFB0880194BEB291B.e.2737/clear - {}
RESULT: {}
COMMAND: POST /session/3d9642598987efec4e176332c3be921e/element/f.C41B252AF7D593F5EF8761846E16752D.d.848EA1589467B6AFFB0880194BEB291B.e.2737/value - {"text":"WebdriverYard7y3vr"}
COMMAND: GET /session/3d9642598987efec4e176332c3be921e/screenshot - {}
RESULT: {"text":"WebdriverYard7y3vr"}
COMMAND: GET /session/3d9642598987efec4e176332c3be921e/screenshot - {}
RESULT: {}
RESULT: {}
COMMAND: POST /session/3d9642598987efec4e176332c3be921e/actions - {"actions":[{"id":"action5","type":"key","parameters":{},"actions":[{"type":"keyDown","value":"î€‡"},{"type":"pause","duration":10},{"type":"keyUp","value":"î€‡"}]}]}
RESULT: {"actions":[{"id":"action5","type":"key","parameters":{},"actions":[{"type":"keyDown","value":"î€‡"},{"type":"pause","duration":10},{"type":"keyUp","value":"î€‡"}]}]}
COMMAND: GET /session/3d9642598987efec4e176332c3be921e/screenshot - {}
RESULT: {}
COMMAND: POST /session/3d9642598987efec4e176332c3be921e/element - {"using":"xpath","value":"//input[@id=\"application-managecontracts-display-component---AddNewContract--customerSelect-inner\"]"}
RESULT: {"using":"xpath","value":"//input[@id=\"application-managecontracts-display-component---AddNewContract--customerSelect-inner\"]"}
COMMAND: POST /session/3d9642598987efec4e176332c3be921e/element/f.C41B252AF7D593F5EF8761846E16752D.d.848EA1589467B6AFFB0880194BEB291B.e.2734/clear - {}
RESULT: {}
COMMAND: POST /session/3d9642598987efec4e176332c3be921e/element/f.C41B252AF7D593F5EF8761846E16752D.d.848EA1589467B6AFFB0880194BEB291B.e.2734/value - {"text":"WebdriverPartneri3y7o"}
COMMAND: GET /session/3d9642598987efec4e176332c3be921e/screenshot - {}
RESULT: {"text":"WebdriverPartneri3y7o"}
COMMAND: GET /session/3d9642598987efec4e176332c3be921e/screenshot - {}
RESULT: {}
RESULT: {}
COMMAND: POST /session/3d9642598987efec4e176332c3be921e/actions - {"actions":[{"id":"action6","type":"key","parameters":{},"actions":[{"type":"keyDown","value":"î€‡"},{"type":"pause","duration":10},{"type":"keyUp","value":"î€‡"}]}]}
RESULT: {"actions":[{"id":"action6","type":"key","parameters":{},"actions":[{"type":"keyDown","value":"î€‡"},{"type":"pause","duration":10},{"type":"keyUp","value":"î€‡"}]}]}
COMMAND: GET /session/3d9642598987efec4e176332c3be921e/screenshot - {}
RESULT: {}
COMMAND: POST /session/3d9642598987efec4e176332c3be921e/element - {"using":"xpath","value":"//input[@id=\"application-managecontracts-display-component---AddNewContract--site-inner\"]"}
RESULT: {"using":"xpath","value":"//input[@id=\"application-managecontracts-display-component---AddNewContract--site-inner\"]"}
COMMAND: POST /session/3d9642598987efec4e176332c3be921e/element/f.C41B252AF7D593F5EF8761846E16752D.d.848EA1589467B6AFFB0880194BEB291B.e.2736/clear - {}
RESULT: {}
COMMAND: POST /session/3d9642598987efec4e176332c3be921e/element/f.C41B252AF7D593F5EF8761846E16752D.d.848EA1589467B6AFFB0880194BEB291B.e.2736/value - {"text":"WebdriverSitet39nq"}
COMMAND: GET /session/3d9642598987efec4e176332c3be921e/screenshot - {}
RESULT: {"text":"WebdriverSitet39nq"}
COMMAND: GET /session/3d9642598987efec4e176332c3be921e/screenshot - {}
RESULT: {}
RESULT: {}
COMMAND: POST /session/3d9642598987efec4e176332c3be921e/actions - {"actions":[{"id":"action7","type":"key","parameters":{},"actions":[{"type":"keyDown","value":"î€‡"},{"type":"pause","duration":10},{"type":"keyUp","value":"î€‡"}]}]}
RESULT: {"actions":[{"id":"action7","type":"key","parameters":{},"actions":[{"type":"keyDown","value":"î€‡"},{"type":"pause","duration":10},{"type":"keyUp","value":"î€‡"}]}]}
COMMAND: GET /session/3d9642598987efec4e176332c3be921e/screenshot - {}
RESULT: {}
COMMAND: POST /session/3d9642598987efec4e176332c3be921e/element - {"using":"xpath","value":"//button[@data-kt=\"saveButton\"]"}
RESULT: {"using":"xpath","value":"//button[@data-kt=\"saveButton\"]"}
COMMAND: POST /session/3d9642598987efec4e176332c3be921e/element/f.C41B252AF7D593F5EF8761846E16752D.d.848EA1589467B6AFFB0880194BEB291B.e.2890/click - {}
RESULT: {}
COMMAND: GET /session/3d9642598987efec4e176332c3be921e/screenshot - {}
RESULT: {}
COMMAND: POST /session/3d9642598987efec4e176332c3be921e/execute/async - {"script":"<script> [1562 bytes]","args":[{"selector":{"id":"contractDetailTitleNoExpanded","viewName":"etm.portal.ui.managecontracts.view.Detail"},"wdio_ui5_key":"contractDetailTitleNoExpandedetmportal.ui.managecontracts.view.Detail"}]}
RESULT: {"script":"<script> [1562 bytes]","args":[{"selector":{"id":"contractDetailTitleNoExpanded","viewName":"etm.portal.ui.managecontracts.view.Detail"},"wdio_ui5_key":"contractDetailTitleNoExpandedetmportal.ui.managecontracts.view.Detail"}]}
RESULT: undefined
COMMAND: POST /session/3d9642598987efec4e176332c3be921e/execute/async - {"script":"<script> [6424 bytes]","args":[{"element-6066-11e4-a52e-4f735466cecf":"f.C41B252AF7D593F5EF8761846E16752D.d.848EA1589467B6AFFB0880194BEB291B.e.2911"},"getText",[]]}
RESULT: {"script":"<script> [6424 bytes]","args":[{"element-6066-11e4-a52e-4f735466cecf":"f.C41B252AF7D593F5EF8761846E16752D.d.848EA1589467B6AFFB0880194BEB291B.e.2911"},"getText",[]]}
COMMAND: POST /session/3d9642598987efec4e176332c3be921e/element - {"using":"css selector","value":"#shell-header-logo"}
RESULT: {"using":"css selector","value":"#shell-header-logo"}
COMMAND: POST /session/3d9642598987efec4e176332c3be921e/element/f.C41B252AF7D593F5EF8761846E16752D.d.848EA1589467B6AFFB0880194BEB291B.e.2520/click - {}
RESULT: {}
COMMAND: GET /session/3d9642598987efec4e176332c3be921e/screenshot - {}
RESULT: {}
]]></system-out>
    </testcase>
    <testcase classname="chrome.135_0_7049_96.windows.Webshop_-_Hyperlinks_visible_and_working_properly__US139085" name="Should create a new webshop request and verify the site and yard hyperlinks" time="466.022">
      <system-out><![CDATA[
COMMAND: POST /session/3d9642598987efec4e176332c3be921e/execute/async - {"script":"<script> [1562 bytes]","args":[{"selector":{"controlType":"sap.m.GenericTile","properties":{"header":"Webshop"}},"wdio_ui5_key":"sapm.GenericTile{\"header\":\"Webshop\"}"}]}
RESULT: {"script":"<script> [1562 bytes]","args":[{"selector":{"controlType":"sap.m.GenericTile","properties":{"header":"Webshop"}},"wdio_ui5_key":"sapm.GenericTile{\"header\":\"Webshop\"}"}]}
RESULT: undefined
COMMAND: POST /session/3d9642598987efec4e176332c3be921e/element - {"using":"xpath","value":"//*[@id=\"__tile49\"]"}
RESULT: {"using":"xpath","value":"//*[@id=\"__tile49\"]"}
COMMAND: POST /session/3d9642598987efec4e176332c3be921e/element/f.C41B252AF7D593F5EF8761846E16752D.d.848EA1589467B6AFFB0880194BEB291B.e.2916/click - {}
RESULT: {}
COMMAND: GET /session/3d9642598987efec4e176332c3be921e/screenshot - {}
RESULT: {}
COMMAND: POST /session/3d9642598987efec4e176332c3be921e/element - {"using":"css selector","value":"#requestCreationDialog--createRequestPopUp-title-inner"}
RESULT: {"using":"css selector","value":"#requestCreationDialog--createRequestPopUp-title-inner"}
COMMAND: POST /session/3d9642598987efec4e176332c3be921e/execute/sync - {"script":"<script> [8489 bytes]","args":[{"element-6066-11e4-a52e-4f735466cecf":"f.C41B252AF7D593F5EF8761846E16752D.d.848EA1589467B6AFFB0880194BEB291B.e.2943","ELEMENT":"f.C41B252AF7D593F5EF8761846E16752D.d.848EA1589467B6AFFB0880194BEB291B.e.2943"}]}
RESULT: {"script":"<script> [8489 bytes]","args":[{"element-6066-11e4-a52e-4f735466cecf":"f.C41B252AF7D593F5EF8761846E16752D.d.848EA1589467B6AFFB0880194BEB291B.e.2943","ELEMENT":"f.C41B252AF7D593F5EF8761846E16752D.d.848EA1589467B6AFFB0880194BEB291B.e.2943"}]}
COMMAND: GET /session/3d9642598987efec4e176332c3be921e/element/f.C41B252AF7D593F5EF8761846E16752D.d.848EA1589467B6AFFB0880194BEB291B.e.2943/enabled - {}
COMMAND: GET /session/3d9642598987efec4e176332c3be921e/screenshot - {}
RESULT: {}
COMMAND: POST /session/3d9642598987efec4e176332c3be921e/execute/async - {"script":"<script> [1562 bytes]","args":[{"selector":{"id":"requestCreationDialog--requestName","searchOpenDialogs":true,"interaction":{"idSuffix":"inner"}},"wdio_ui5_key":"requestCreationDialogrequestName"}]}
COMMAND: GET /session/3d9642598987efec4e176332c3be921e/screenshot - {}
RESULT: {}
RESULT: {"script":"<script> [1562 bytes]","args":[{"selector":{"id":"requestCreationDialog--requestName","searchOpenDialogs":true,"interaction":{"idSuffix":"inner"}},"wdio_ui5_key":"requestCreationDialogrequestName"}]}
RESULT: undefined
COMMAND: POST /session/3d9642598987efec4e176332c3be921e/execute/async - {"script":"<script> [776 bytes]","args":[{"enterText":"WebdriverTest","selector":{"id":"requestCreationDialog--requestName","searchOpenDialogs":true,"interaction":{"idSuffix":"inner"}},"clearTextFirst":true,"interactionType":"ENTER_TEXT"}]}
RESULT: {}
RESULT: {"script":"<script> [776 bytes]","args":[{"enterText":"WebdriverTest","selector":{"id":"requestCreationDialog--requestName","searchOpenDialogs":true,"interaction":{"idSuffix":"inner"}},"clearTextFirst":true,"interactionType":"ENTER_TEXT"}]}
COMMAND: POST /session/3d9642598987efec4e176332c3be921e/element - {"using":"xpath","value":"//input[contains(@id ,\"requestCreationDialog--contract-inner\")]"}
RESULT: {"using":"xpath","value":"//input[contains(@id ,\"requestCreationDialog--contract-inner\")]"}
COMMAND: POST /session/3d9642598987efec4e176332c3be921e/element/f.C41B252AF7D593F5EF8761846E16752D.d.848EA1589467B6AFFB0880194BEB291B.e.2929/clear - {}
RESULT: {}
COMMAND: POST /session/3d9642598987efec4e176332c3be921e/element/f.C41B252AF7D593F5EF8761846E16752D.d.848EA1589467B6AFFB0880194BEB291B.e.2929/value - {"text":"10411"}
COMMAND: GET /session/3d9642598987efec4e176332c3be921e/screenshot - {}
RESULT: {"text":"10411"}
COMMAND: GET /session/3d9642598987efec4e176332c3be921e/screenshot - {}
RESULT: {}
RESULT: {}
COMMAND: POST /session/3d9642598987efec4e176332c3be921e/actions - {"actions":[{"id":"action8","type":"key","parameters":{},"actions":[{"type":"keyDown","value":"î€‡"},{"type":"pause","duration":10},{"type":"keyUp","value":"î€‡"}]}]}
RESULT: {"actions":[{"id":"action8","type":"key","parameters":{},"actions":[{"type":"keyDown","value":"î€‡"},{"type":"pause","duration":10},{"type":"keyUp","value":"î€‡"}]}]}
COMMAND: GET /session/3d9642598987efec4e176332c3be921e/screenshot - {}
RESULT: {}
COMMAND: POST /session/3d9642598987efec4e176332c3be921e/execute/async - {"script":"<script> [1562 bytes]","args":[{"selector":{"id":"requestCreationDialog--okButton","searchOpenDialogs":true,"interaction":{"idSuffix":"BDI-content"}},"wdio_ui5_key":"requestCreationDialogokButton"}]}
RESULT: {"script":"<script> [1562 bytes]","args":[{"selector":{"id":"requestCreationDialog--okButton","searchOpenDialogs":true,"interaction":{"idSuffix":"BDI-content"}},"wdio_ui5_key":"requestCreationDialogokButton"}]}
RESULT: undefined
COMMAND: POST /session/3d9642598987efec4e176332c3be921e/element - {"using":"xpath","value":"//*[@id=\"requestCreationDialog--okButton\"]"}
RESULT: {"using":"xpath","value":"//*[@id=\"requestCreationDialog--okButton\"]"}
COMMAND: POST /session/3d9642598987efec4e176332c3be921e/element/f.C41B252AF7D593F5EF8761846E16752D.d.848EA1589467B6AFFB0880194BEB291B.e.2953/click - {}
RESULT: {}
COMMAND: GET /session/3d9642598987efec4e176332c3be921e/screenshot - {}
RESULT: {}
COMMAND: POST /session/3d9642598987efec4e176332c3be921e/element - {"using":"xpath","value":"//input[contains(@id ,\"searchFiledId-I\")]"}
RESULT: {"using":"xpath","value":"//input[contains(@id ,\"searchFiledId-I\")]"}
COMMAND: POST /session/3d9642598987efec4e176332c3be921e/element/f.C41B252AF7D593F5EF8761846E16752D.d.848EA1589467B6AFFB0880194BEB291B.e.2921/value - {"text":"Dri-Prime CD150M Diesel Pump"}
RESULT: {"text":"Dri-Prime CD150M Diesel Pump"}
COMMAND: POST /session/3d9642598987efec4e176332c3be921e/actions - {"actions":[{"id":"action9","type":"key","parameters":{},"actions":[{"type":"keyDown","value":"î€‡"},{"type":"pause","duration":10},{"type":"keyUp","value":"î€‡"}]}]}
COMMAND: GET /session/3d9642598987efec4e176332c3be921e/screenshot - {}
RESULT: {"actions":[{"id":"action9","type":"key","parameters":{},"actions":[{"type":"keyDown","value":"î€‡"},{"type":"pause","duration":10},{"type":"keyUp","value":"î€‡"}]}]}
COMMAND: GET /session/3d9642598987efec4e176332c3be921e/screenshot - {}
RESULT: {}
RESULT: {}
COMMAND: POST /session/3d9642598987efec4e176332c3be921e/element - {"using":"xpath","value":"//span[contains(@id ,\"subTitle\")][contains(text(), \"Dri-Prime CD150M Diesel Pump\")]"}
RESULT: {"using":"xpath","value":"//span[contains(@id ,\"subTitle\")][contains(text(), \"Dri-Prime CD150M Diesel Pump\")]"}
COMMAND: POST /session/3d9642598987efec4e176332c3be921e/element/f.C41B252AF7D593F5EF8761846E16752D.d.848EA1589467B6AFFB0880194BEB291B.e.2960/click - {}
RESULT: {}
COMMAND: GET /session/3d9642598987efec4e176332c3be921e/screenshot - {}
RESULT: {}
COMMAND: POST /session/3d9642598987efec4e176332c3be921e/execute/async - {"script":"<script> [1562 bytes]","args":[{"selector":{"controlType":"sap.m.Button","viewName":"etm.portal.ui.webshop.view.Homepage","i18NText":{"propertyName":"text","key":"addToRequest"},"interaction":{"idSuffix":"BDI-content"}},"wdio_ui5_key":"etmportal.ui.webshop.view.Homepagesap.m.Button{\"propertyName\":\"text\",\"key\":\"addToRequest\"}"}]}
RESULT: {"script":"<script> [1562 bytes]","args":[{"selector":{"controlType":"sap.m.Button","viewName":"etm.portal.ui.webshop.view.Homepage","i18NText":{"propertyName":"text","key":"addToRequest"},"interaction":{"idSuffix":"BDI-content"}},"wdio_ui5_key":"etmportal.ui.webshop.view.Homepagesap.m.Button{\"propertyName\":\"text\",\"key\":\"addToRequest\"}"}]}
RESULT: undefined
COMMAND: POST /session/3d9642598987efec4e176332c3be921e/element - {"using":"xpath","value":"//*[@id=\"__button132\"]"}
RESULT: {"using":"xpath","value":"//*[@id=\"__button132\"]"}
COMMAND: POST /session/3d9642598987efec4e176332c3be921e/element/f.C41B252AF7D593F5EF8761846E16752D.d.848EA1589467B6AFFB0880194BEB291B.e.2973/click - {}
RESULT: {}
COMMAND: GET /session/3d9642598987efec4e176332c3be921e/screenshot - {}
RESULT: {}
COMMAND: POST /session/3d9642598987efec4e176332c3be921e/element - {"using":"xpath","value":"//*[contains(@id ,\"activeCartId-BDI-content\")]"}
RESULT: {"using":"xpath","value":"//*[contains(@id ,\"activeCartId-BDI-content\")]"}
COMMAND: POST /session/3d9642598987efec4e176332c3be921e/element/f.C41B252AF7D593F5EF8761846E16752D.d.848EA1589467B6AFFB0880194BEB291B.e.2980/click - {}
RESULT: {}
COMMAND: GET /session/3d9642598987efec4e176332c3be921e/screenshot - {}
RESULT: {}
COMMAND: POST /session/3d9642598987efec4e176332c3be921e/element - {"using":"xpath","value":"//bdi[contains(text(), \"Check out my request\")]"}
RESULT: {"using":"xpath","value":"//bdi[contains(text(), \"Check out my request\")]"}
COMMAND: POST /session/3d9642598987efec4e176332c3be921e/element/f.C41B252AF7D593F5EF8761846E16752D.d.848EA1589467B6AFFB0880194BEB291B.e.2983/click - {}
RESULT: {}
COMMAND: GET /session/3d9642598987efec4e176332c3be921e/screenshot - {}
RESULT: {}
COMMAND: POST /session/3d9642598987efec4e176332c3be921e/element - {"using":"xpath","value":"//*[contains(@data-kt ,\"webshopDetailYardLink\")]"}
RESULT: {"using":"xpath","value":"//*[contains(@data-kt ,\"webshopDetailYardLink\")]"}
COMMAND: POST /session/3d9642598987efec4e176332c3be921e/element/f.C41B252AF7D593F5EF8761846E16752D.d.848EA1589467B6AFFB0880194BEB291B.e.3021/click - {}
RESULT: {}
COMMAND: POST /session/3d9642598987efec4e176332c3be921e/element - {"using":"xpath","value":"//*[contains(@data-kt ,\"ContextMenuId2Link\")][contains(text(), \"Yard Overview\")]"}
COMMAND: GET /session/3d9642598987efec4e176332c3be921e/screenshot - {}
RESULT: {"using":"xpath","value":"//*[contains(@data-kt ,\"ContextMenuId2Link\")][contains(text(), \"Yard Overview\")]"}
COMMAND: POST /session/3d9642598987efec4e176332c3be921e/execute/sync - {"script":"<script> [8489 bytes]","args":[{"element-6066-11e4-a52e-4f735466cecf":"f.C41B252AF7D593F5EF8761846E16752D.d.848EA1589467B6AFFB0880194BEB291B.e.3024","ELEMENT":"f.C41B252AF7D593F5EF8761846E16752D.d.848EA1589467B6AFFB0880194BEB291B.e.3024"}]}
COMMAND: POST /session/3d9642598987efec4e176332c3be921e/element - {"using":"xpath","value":"//*[contains(@data-kt ,\"ContextMenuId3Link\")][contains(text(), \"Yard Main Address\")]"}
RESULT: {}
RESULT: {"using":"xpath","value":"//*[contains(@data-kt ,\"ContextMenuId3Link\")][contains(text(), \"Yard Main Address\")]"}
COMMAND: POST /session/3d9642598987efec4e176332c3be921e/execute/sync - {"script":"<script> [8489 bytes]","args":[{"element-6066-11e4-a52e-4f735466cecf":"f.C41B252AF7D593F5EF8761846E16752D.d.848EA1589467B6AFFB0880194BEB291B.e.3025","ELEMENT":"f.C41B252AF7D593F5EF8761846E16752D.d.848EA1589467B6AFFB0880194BEB291B.e.3025"}]}
COMMAND: POST /session/3d9642598987efec4e176332c3be921e/element - {"using":"xpath","value":"//*[contains(@data-kt ,\"ContextMenuId2Link\")][contains(text(), \"Yard Overview\")]"}
RESULT: {"script":"<script> [8489 bytes]","args":[{"element-6066-11e4-a52e-4f735466cecf":"f.C41B252AF7D593F5EF8761846E16752D.d.848EA1589467B6AFFB0880194BEB291B.e.3024","ELEMENT":"f.C41B252AF7D593F5EF8761846E16752D.d.848EA1589467B6AFFB0880194BEB291B.e.3024"}]}
COMMAND: GET /session/3d9642598987efec4e176332c3be921e/screenshot - {}
RESULT: {"script":"<script> [8489 bytes]","args":[{"element-6066-11e4-a52e-4f735466cecf":"f.C41B252AF7D593F5EF8761846E16752D.d.848EA1589467B6AFFB0880194BEB291B.e.3025","ELEMENT":"f.C41B252AF7D593F5EF8761846E16752D.d.848EA1589467B6AFFB0880194BEB291B.e.3025"}]}
COMMAND: GET /session/3d9642598987efec4e176332c3be921e/screenshot - {}
RESULT: {"using":"xpath","value":"//*[contains(@data-kt ,\"ContextMenuId2Link\")][contains(text(), \"Yard Overview\")]"}
COMMAND: POST /session/3d9642598987efec4e176332c3be921e/element/f.C41B252AF7D593F5EF8761846E16752D.d.848EA1589467B6AFFB0880194BEB291B.e.3024/click - {}
RESULT: {}
RESULT: {}
RESULT: {}
COMMAND: GET /session/3d9642598987efec4e176332c3be921e/screenshot - {}
RESULT: {}
COMMAND: POST /session/3d9642598987efec4e176332c3be921e/execute/async - {"script":"<script> [1562 bytes]","args":[{"selector":{"id":"shellAppTitle"},"wdio_ui5_key":"shellAppTitle"}]}
RESULT: {"script":"<script> [1562 bytes]","args":[{"selector":{"id":"shellAppTitle"},"wdio_ui5_key":"shellAppTitle"}]}
RESULT: undefined
COMMAND: POST /session/3d9642598987efec4e176332c3be921e/execute/async - {"script":"<script> [6424 bytes]","args":[{"element-6066-11e4-a52e-4f735466cecf":"f.C41B252AF7D593F5EF8761846E16752D.d.848EA1589467B6AFFB0880194BEB291B.e.3145"},"getTitle",[]]}
RESULT: {"script":"<script> [6424 bytes]","args":[{"element-6066-11e4-a52e-4f735466cecf":"f.C41B252AF7D593F5EF8761846E16752D.d.848EA1589467B6AFFB0880194BEB291B.e.3145"},"getTitle",[]]}
COMMAND: POST /session/3d9642598987efec4e176332c3be921e/element - {"using":"xpath","value":"//span[contains(@id ,\"title\")][contains(text(), \"WebdriverYard7y3vr\")]"}
RESULT: {"using":"xpath","value":"//span[contains(@id ,\"title\")][contains(text(), \"WebdriverYard7y3vr\")]"}
COMMAND: POST /session/3d9642598987efec4e176332c3be921e/execute/sync - {"script":"<script> [8489 bytes]","args":[{"element-6066-11e4-a52e-4f735466cecf":"f.C41B252AF7D593F5EF8761846E16752D.d.848EA1589467B6AFFB0880194BEB291B.e.3146","ELEMENT":"f.C41B252AF7D593F5EF8761846E16752D.d.848EA1589467B6AFFB0880194BEB291B.e.3146"}]}
COMMAND: POST /session/3d9642598987efec4e176332c3be921e/execute/async - {"script":"<script> [1562 bytes]","args":[{"selector":{"id":"backBtn"},"wdio_ui5_key":"backBtn"}]}
RESULT: {"script":"<script> [8489 bytes]","args":[{"element-6066-11e4-a52e-4f735466cecf":"f.C41B252AF7D593F5EF8761846E16752D.d.848EA1589467B6AFFB0880194BEB291B.e.3146","ELEMENT":"f.C41B252AF7D593F5EF8761846E16752D.d.848EA1589467B6AFFB0880194BEB291B.e.3146"}]}
COMMAND: GET /session/3d9642598987efec4e176332c3be921e/screenshot - {}
RESULT: {"script":"<script> [1562 bytes]","args":[{"selector":{"id":"backBtn"},"wdio_ui5_key":"backBtn"}]}
RESULT: undefined
COMMAND: POST /session/3d9642598987efec4e176332c3be921e/element - {"using":"xpath","value":"//*[@id=\"backBtn\"]"}
COMMAND: POST /session/3d9642598987efec4e176332c3be921e/execute/sync - {"script":"<script> [8489 bytes]","args":[{"element-6066-11e4-a52e-4f735466cecf":"f.C41B252AF7D593F5EF8761846E16752D.d.848EA1589467B6AFFB0880194BEB291B.e.3146","ELEMENT":"f.C41B252AF7D593F5EF8761846E16752D.d.848EA1589467B6AFFB0880194BEB291B.e.3146"}]}
RESULT: {}
RESULT: {"using":"xpath","value":"//*[@id=\"backBtn\"]"}
COMMAND: POST /session/3d9642598987efec4e176332c3be921e/element/f.C41B252AF7D593F5EF8761846E16752D.d.848EA1589467B6AFFB0880194BEB291B.e.3147/click - {}
RESULT: {"script":"<script> [8489 bytes]","args":[{"element-6066-11e4-a52e-4f735466cecf":"f.C41B252AF7D593F5EF8761846E16752D.d.848EA1589467B6AFFB0880194BEB291B.e.3146","ELEMENT":"f.C41B252AF7D593F5EF8761846E16752D.d.848EA1589467B6AFFB0880194BEB291B.e.3146"}]}
COMMAND: GET /session/3d9642598987efec4e176332c3be921e/screenshot - {}
RESULT: {}
COMMAND: GET /session/3d9642598987efec4e176332c3be921e/screenshot - {}
COMMAND: POST /session/3d9642598987efec4e176332c3be921e/execute/sync - {"script":"<script> [8489 bytes]","args":[{"element-6066-11e4-a52e-4f735466cecf":"f.C41B252AF7D593F5EF8761846E16752D.d.848EA1589467B6AFFB0880194BEB291B.e.3146","ELEMENT":"f.C41B252AF7D593F5EF8761846E16752D.d.848EA1589467B6AFFB0880194BEB291B.e.3146"}]}
RESULT: {}
RESULT: {}
COMMAND: POST /session/3d9642598987efec4e176332c3be921e/element - {"using":"xpath","value":"//span[contains(@id ,\"title\")][contains(text(), \"WebdriverYard7y3vr\")]"}
RESULT: {"using":"xpath","value":"//span[contains(@id ,\"title\")][contains(text(), \"WebdriverYard7y3vr\")]"}
COMMAND: POST /session/3d9642598987efec4e176332c3be921e/element - {"using":"xpath","value":"//span[contains(@id ,\"title\")][contains(text(), \"WebdriverYard7y3vr\")]"}
RESULT: {"using":"xpath","value":"//span[contains(@id ,\"title\")][contains(text(), \"WebdriverYard7y3vr\")]"}
COMMAND: POST /session/3d9642598987efec4e176332c3be921e/element - {"using":"xpath","value":"//span[contains(@id ,\"title\")][contains(text(), \"WebdriverYard7y3vr\")]"}
RESULT: {"using":"xpath","value":"//span[contains(@id ,\"title\")][contains(text(), \"WebdriverYard7y3vr\")]"}
COMMAND: POST /session/3d9642598987efec4e176332c3be921e/element - {"using":"xpath","value":"//span[contains(@id ,\"title\")][contains(text(), \"WebdriverYard7y3vr\")]"}
RESULT: {"using":"xpath","value":"//span[contains(@id ,\"title\")][contains(text(), \"WebdriverYard7y3vr\")]"}
COMMAND: POST /session/3d9642598987efec4e176332c3be921e/element - {"using":"xpath","value":"//span[contains(@id ,\"title\")][contains(text(), \"WebdriverYard7y3vr\")]"}
RESULT: {"using":"xpath","value":"//span[contains(@id ,\"title\")][contains(text(), \"WebdriverYard7y3vr\")]"}
COMMAND: POST /session/3d9642598987efec4e176332c3be921e/element - {"using":"xpath","value":"//span[contains(@id ,\"title\")][contains(text(), \"WebdriverYard7y3vr\")]"}
RESULT: {"using":"xpath","value":"//span[contains(@id ,\"title\")][contains(text(), \"WebdriverYard7y3vr\")]"}
COMMAND: POST /session/3d9642598987efec4e176332c3be921e/element - {"using":"xpath","value":"//span[contains(@id ,\"title\")][contains(text(), \"WebdriverYard7y3vr\")]"}
RESULT: {"using":"xpath","value":"//span[contains(@id ,\"title\")][contains(text(), \"WebdriverYard7y3vr\")]"}
COMMAND: POST /session/3d9642598987efec4e176332c3be921e/element - {"using":"xpath","value":"//span[contains(@id ,\"title\")][contains(text(), \"WebdriverYard7y3vr\")]"}
RESULT: {"using":"xpath","value":"//span[contains(@id ,\"title\")][contains(text(), \"WebdriverYard7y3vr\")]"}
COMMAND: POST /session/3d9642598987efec4e176332c3be921e/element - {"using":"xpath","value":"//span[contains(@id ,\"title\")][contains(text(), \"WebdriverYard7y3vr\")]"}
RESULT: {"using":"xpath","value":"//span[contains(@id ,\"title\")][contains(text(), \"WebdriverYard7y3vr\")]"}
COMMAND: POST /session/3d9642598987efec4e176332c3be921e/element - {"using":"xpath","value":"//span[contains(@id ,\"title\")][contains(text(), \"WebdriverYard7y3vr\")]"}
RESULT: {"using":"xpath","value":"//span[contains(@id ,\"title\")][contains(text(), \"WebdriverYard7y3vr\")]"}
COMMAND: POST /session/3d9642598987efec4e176332c3be921e/element - {"using":"xpath","value":"//span[contains(@id ,\"title\")][contains(text(), \"WebdriverYard7y3vr\")]"}
RESULT: {"using":"xpath","value":"//span[contains(@id ,\"title\")][contains(text(), \"WebdriverYard7y3vr\")]"}
COMMAND: POST /session/3d9642598987efec4e176332c3be921e/element - {"using":"xpath","value":"//*[contains(@data-kt ,\"webshopDetailYardLink\")]"}
RESULT: {"using":"xpath","value":"//*[contains(@data-kt ,\"webshopDetailYardLink\")]"}
COMMAND: POST /session/3d9642598987efec4e176332c3be921e/element/f.C41B252AF7D593F5EF8761846E16752D.d.848EA1589467B6AFFB0880194BEB291B.e.3280/click - {}
COMMAND: POST /session/3d9642598987efec4e176332c3be921e/element - {"using":"xpath","value":"//span[contains(@id ,\"title\")][contains(text(), \"WebdriverYard7y3vr\")]"}
RESULT: {}
COMMAND: GET /session/3d9642598987efec4e176332c3be921e/screenshot - {}
RESULT: {"using":"xpath","value":"//span[contains(@id ,\"title\")][contains(text(), \"WebdriverYard7y3vr\")]"}
COMMAND: POST /session/3d9642598987efec4e176332c3be921e/execute/sync - {"script":"<script> [8489 bytes]","args":[{"element-6066-11e4-a52e-4f735466cecf":"f.C41B252AF7D593F5EF8761846E16752D.d.848EA1589467B6AFFB0880194BEB291B.e.3282","ELEMENT":"f.C41B252AF7D593F5EF8761846E16752D.d.848EA1589467B6AFFB0880194BEB291B.e.3282"}]}
RESULT: {}
RESULT: {"script":"<script> [8489 bytes]","args":[{"element-6066-11e4-a52e-4f735466cecf":"f.C41B252AF7D593F5EF8761846E16752D.d.848EA1589467B6AFFB0880194BEB291B.e.3282","ELEMENT":"f.C41B252AF7D593F5EF8761846E16752D.d.848EA1589467B6AFFB0880194BEB291B.e.3282"}]}
COMMAND: GET /session/3d9642598987efec4e176332c3be921e/screenshot - {}
RESULT: {}
COMMAND: POST /session/3d9642598987efec4e176332c3be921e/element - {"using":"xpath","value":"//*[contains(@data-kt ,\"ContextMenuId3Link\")][contains(text(), \"Yard Main Address\")]"}
RESULT: {"using":"xpath","value":"//*[contains(@data-kt ,\"ContextMenuId3Link\")][contains(text(), \"Yard Main Address\")]"}
COMMAND: POST /session/3d9642598987efec4e176332c3be921e/element/f.C41B252AF7D593F5EF8761846E16752D.d.848EA1589467B6AFFB0880194BEB291B.e.3283/click - {}
RESULT: {}
COMMAND: GET /session/3d9642598987efec4e176332c3be921e/screenshot - {}
RESULT: {}
COMMAND: POST /session/3d9642598987efec4e176332c3be921e/execute/async - {"script":"<script> [1562 bytes]","args":[{"selector":{"id":"application-addressmanagement-display-component---masterAdm--title1"},"wdio_ui5_key":"applicationaddressmanagement-display-component---masterAdm--title1"}]}
RESULT: {"script":"<script> [1562 bytes]","args":[{"selector":{"id":"application-addressmanagement-display-component---masterAdm--title1"},"wdio_ui5_key":"applicationaddressmanagement-display-component---masterAdm--title1"}]}
RESULT: undefined
COMMAND: POST /session/3d9642598987efec4e176332c3be921e/execute/async - {"script":"<script> [6424 bytes]","args":[{"element-6066-11e4-a52e-4f735466cecf":"f.C41B252AF7D593F5EF8761846E16752D.d.848EA1589467B6AFFB0880194BEB291B.e.3565"},"getText",[]]}
RESULT: {"script":"<script> [6424 bytes]","args":[{"element-6066-11e4-a52e-4f735466cecf":"f.C41B252AF7D593F5EF8761846E16752D.d.848EA1589467B6AFFB0880194BEB291B.e.3565"},"getText",[]]}
COMMAND: POST /session/3d9642598987efec4e176332c3be921e/element - {"using":"xpath","value":"//span[contains(text(), \"WebdriverYardjjtihg\")][contains(@id ,\"application-addressmanagement-display-component---detailAdm--addressDetailDetailsName1\")]"}
RESULT: {"using":"xpath","value":"//span[contains(text(), \"WebdriverYardjjtihg\")][contains(@id ,\"application-addressmanagement-display-component---detailAdm--addressDetailDetailsName1\")]"}
COMMAND: POST /session/3d9642598987efec4e176332c3be921e/element - {"using":"xpath","value":"//span[contains(text(), \"WebdriverYardjjtihg\")][contains(@id ,\"application-addressmanagement-display-component---detailAdm--addressDetailDetailsName1\")]"}
RESULT: undefined
COMMAND: POST /session/3d9642598987efec4e176332c3be921e/element - {"using":"xpath","value":"//*[@id=\"backBtn\"]"}
RESULT: {"using":"xpath","value":"//span[contains(text(), \"WebdriverYardjjtihg\")][contains(@id ,\"application-addressmanagement-display-component---detailAdm--addressDetailDetailsName1\")]"}
RESULT: {"using":"xpath","value":"//*[@id=\"backBtn\"]"}
COMMAND: POST /session/3d9642598987efec4e176332c3be921e/element/f.C41B252AF7D593F5EF8761846E16752D.d.848EA1589467B6AFFB0880194BEB291B.e.3147/click - {}
COMMAND: POST /session/3d9642598987efec4e176332c3be921e/element - {"using":"xpath","value":"//span[contains(text(), \"WebdriverYardjjtihg\")][contains(@id ,\"application-addressmanagement-display-component---detailAdm--addressDetailDetailsName1\")]"}
RESULT: {}
COMMAND: GET /session/3d9642598987efec4e176332c3be921e/screenshot - {}
RESULT: {"using":"xpath","value":"//span[contains(text(), \"WebdriverYardjjtihg\")][contains(@id ,\"application-addressmanagement-display-component---detailAdm--addressDetailDetailsName1\")]"}
RESULT: {}
COMMAND: POST /session/3d9642598987efec4e176332c3be921e/element - {"using":"xpath","value":"//span[contains(text(), \"WebdriverYardjjtihg\")][contains(@id ,\"application-addressmanagement-display-component---detailAdm--addressDetailDetailsName1\")]"}
RESULT: {"using":"xpath","value":"//span[contains(text(), \"WebdriverYardjjtihg\")][contains(@id ,\"application-addressmanagement-display-component---detailAdm--addressDetailDetailsName1\")]"}
COMMAND: POST /session/3d9642598987efec4e176332c3be921e/element - {"using":"xpath","value":"//span[contains(text(), \"WebdriverYardjjtihg\")][contains(@id ,\"application-addressmanagement-display-component---detailAdm--addressDetailDetailsName1\")]"}
RESULT: {"using":"xpath","value":"//span[contains(text(), \"WebdriverYardjjtihg\")][contains(@id ,\"application-addressmanagement-display-component---detailAdm--addressDetailDetailsName1\")]"}
COMMAND: POST /session/3d9642598987efec4e176332c3be921e/element - {"using":"xpath","value":"//span[contains(text(), \"WebdriverYardjjtihg\")][contains(@id ,\"application-addressmanagement-display-component---detailAdm--addressDetailDetailsName1\")]"}
RESULT: {"using":"xpath","value":"//span[contains(text(), \"WebdriverYardjjtihg\")][contains(@id ,\"application-addressmanagement-display-component---detailAdm--addressDetailDetailsName1\")]"}
COMMAND: POST /session/3d9642598987efec4e176332c3be921e/element - {"using":"xpath","value":"//span[contains(text(), \"WebdriverYardjjtihg\")][contains(@id ,\"application-addressmanagement-display-component---detailAdm--addressDetailDetailsName1\")]"}
RESULT: {"using":"xpath","value":"//span[contains(text(), \"WebdriverYardjjtihg\")][contains(@id ,\"application-addressmanagement-display-component---detailAdm--addressDetailDetailsName1\")]"}
COMMAND: POST /session/3d9642598987efec4e176332c3be921e/element - {"using":"xpath","value":"//span[contains(text(), \"WebdriverYardjjtihg\")][contains(@id ,\"application-addressmanagement-display-component---detailAdm--addressDetailDetailsName1\")]"}
RESULT: {"using":"xpath","value":"//span[contains(text(), \"WebdriverYardjjtihg\")][contains(@id ,\"application-addressmanagement-display-component---detailAdm--addressDetailDetailsName1\")]"}
COMMAND: POST /session/3d9642598987efec4e176332c3be921e/element - {"using":"xpath","value":"//span[contains(text(), \"WebdriverYardjjtihg\")][contains(@id ,\"application-addressmanagement-display-component---detailAdm--addressDetailDetailsName1\")]"}
RESULT: {"using":"xpath","value":"//span[contains(text(), \"WebdriverYardjjtihg\")][contains(@id ,\"application-addressmanagement-display-component---detailAdm--addressDetailDetailsName1\")]"}
COMMAND: POST /session/3d9642598987efec4e176332c3be921e/element - {"using":"xpath","value":"//span[contains(text(), \"WebdriverYardjjtihg\")][contains(@id ,\"application-addressmanagement-display-component---detailAdm--addressDetailDetailsName1\")]"}
RESULT: {"using":"xpath","value":"//span[contains(text(), \"WebdriverYardjjtihg\")][contains(@id ,\"application-addressmanagement-display-component---detailAdm--addressDetailDetailsName1\")]"}
COMMAND: POST /session/3d9642598987efec4e176332c3be921e/element - {"using":"xpath","value":"//span[contains(text(), \"WebdriverYardjjtihg\")][contains(@id ,\"application-addressmanagement-display-component---detailAdm--addressDetailDetailsName1\")]"}
RESULT: {"using":"xpath","value":"//span[contains(text(), \"WebdriverYardjjtihg\")][contains(@id ,\"application-addressmanagement-display-component---detailAdm--addressDetailDetailsName1\")]"}
COMMAND: POST /session/3d9642598987efec4e176332c3be921e/element - {"using":"xpath","value":"//span[contains(text(), \"WebdriverYardjjtihg\")][contains(@id ,\"application-addressmanagement-display-component---detailAdm--addressDetailDetailsName1\")]"}
RESULT: {"using":"xpath","value":"//span[contains(text(), \"WebdriverYardjjtihg\")][contains(@id ,\"application-addressmanagement-display-component---detailAdm--addressDetailDetailsName1\")]"}
COMMAND: POST /session/3d9642598987efec4e176332c3be921e/element - {"using":"xpath","value":"//span[contains(text(), \"WebdriverYardjjtihg\")][contains(@id ,\"application-addressmanagement-display-component---detailAdm--addressDetailDetailsName1\")]"}
RESULT: {"using":"xpath","value":"//span[contains(text(), \"WebdriverYardjjtihg\")][contains(@id ,\"application-addressmanagement-display-component---detailAdm--addressDetailDetailsName1\")]"}
COMMAND: POST /session/3d9642598987efec4e176332c3be921e/element - {"using":"xpath","value":"//span[contains(text(), \"WebdriverYardjjtihg\")][contains(@id ,\"application-addressmanagement-display-component---detailAdm--addressDetailDetailsName1\")]"}
RESULT: {"using":"xpath","value":"//span[contains(text(), \"WebdriverYardjjtihg\")][contains(@id ,\"application-addressmanagement-display-component---detailAdm--addressDetailDetailsName1\")]"}
COMMAND: POST /session/3d9642598987efec4e176332c3be921e/element - {"using":"xpath","value":"//span[contains(text(), \"WebdriverYardjjtihg\")][contains(@id ,\"application-addressmanagement-display-component---detailAdm--addressDetailDetailsName1\")]"}
RESULT: {"using":"xpath","value":"//span[contains(text(), \"WebdriverYardjjtihg\")][contains(@id ,\"application-addressmanagement-display-component---detailAdm--addressDetailDetailsName1\")]"}
COMMAND: POST /session/3d9642598987efec4e176332c3be921e/element - {"using":"xpath","value":"//span[contains(text(), \"WebdriverYardjjtihg\")][contains(@id ,\"application-addressmanagement-display-component---detailAdm--addressDetailDetailsName1\")]"}
RESULT: {"using":"xpath","value":"//span[contains(text(), \"WebdriverYardjjtihg\")][contains(@id ,\"application-addressmanagement-display-component---detailAdm--addressDetailDetailsName1\")]"}
COMMAND: POST /session/3d9642598987efec4e176332c3be921e/element - {"using":"xpath","value":"//span[contains(text(), \"WebdriverYardjjtihg\")][contains(@id ,\"application-addressmanagement-display-component---detailAdm--addressDetailDetailsName1\")]"}
RESULT: {"using":"xpath","value":"//span[contains(text(), \"WebdriverYardjjtihg\")][contains(@id ,\"application-addressmanagement-display-component---detailAdm--addressDetailDetailsName1\")]"}
COMMAND: POST /session/3d9642598987efec4e176332c3be921e/element - {"using":"xpath","value":"//*[contains(@data-kt ,\"webshopDetailYardLink\")]"}
RESULT: {"using":"xpath","value":"//*[contains(@data-kt ,\"webshopDetailYardLink\")]"}
COMMAND: POST /session/3d9642598987efec4e176332c3be921e/element/f.C41B252AF7D593F5EF8761846E16752D.d.848EA1589467B6AFFB0880194BEB291B.e.3696/click - {}
RESULT: {}
COMMAND: GET /session/3d9642598987efec4e176332c3be921e/screenshot - {}
COMMAND: POST /session/3d9642598987efec4e176332c3be921e/element - {"using":"xpath","value":"//span[contains(text(), \"WebdriverYardjjtihg\")][contains(@id ,\"application-addressmanagement-display-component---detailAdm--addressDetailDetailsName1\")]"}
RESULT: {}
RESULT: {"using":"xpath","value":"//span[contains(text(), \"WebdriverYardjjtihg\")][contains(@id ,\"application-addressmanagement-display-component---detailAdm--addressDetailDetailsName1\")]"}
COMMAND: POST /session/3d9642598987efec4e176332c3be921e/element - {"using":"xpath","value":"//span[contains(text(), \"WebdriverYardjjtihg\")][contains(@id ,\"application-addressmanagement-display-component---detailAdm--addressDetailDetailsName1\")]"}
RESULT: {"using":"xpath","value":"//span[contains(text(), \"WebdriverYardjjtihg\")][contains(@id ,\"application-addressmanagement-display-component---detailAdm--addressDetailDetailsName1\")]"}
COMMAND: POST /session/3d9642598987efec4e176332c3be921e/element - {"using":"xpath","value":"//span[contains(text(), \"WebdriverYardjjtihg\")][contains(@id ,\"application-addressmanagement-display-component---detailAdm--addressDetailDetailsName1\")]"}
RESULT: {"using":"xpath","value":"//span[contains(text(), \"WebdriverYardjjtihg\")][contains(@id ,\"application-addressmanagement-display-component---detailAdm--addressDetailDetailsName1\")]"}
COMMAND: POST /session/3d9642598987efec4e176332c3be921e/element - {"using":"xpath","value":"//span[contains(text(), \"WebdriverYardjjtihg\")][contains(@id ,\"application-addressmanagement-display-component---detailAdm--addressDetailDetailsName1\")]"}
RESULT: {"using":"xpath","value":"//span[contains(text(), \"WebdriverYardjjtihg\")][contains(@id ,\"application-addressmanagement-display-component---detailAdm--addressDetailDetailsName1\")]"}
COMMAND: POST /session/3d9642598987efec4e176332c3be921e/element - {"using":"xpath","value":"//button[contains(@data-kt ,\"ContextMenuExternalId2Link\")]"}
RESULT: {"using":"xpath","value":"//button[contains(@data-kt ,\"ContextMenuExternalId2Link\")]"}
COMMAND: POST /session/3d9642598987efec4e176332c3be921e/element/f.C41B252AF7D593F5EF8761846E16752D.d.848EA1589467B6AFFB0880194BEB291B.e.3697/click - {}
RESULT: {}
COMMAND: GET /session/3d9642598987efec4e176332c3be921e/screenshot - {}
COMMAND: POST /session/3d9642598987efec4e176332c3be921e/element - {"using":"xpath","value":"//span[contains(text(), \"WebdriverYardjjtihg\")][contains(@id ,\"application-addressmanagement-display-component---detailAdm--addressDetailDetailsName1\")]"}
RESULT: {}
RESULT: {"using":"xpath","value":"//span[contains(text(), \"WebdriverYardjjtihg\")][contains(@id ,\"application-addressmanagement-display-component---detailAdm--addressDetailDetailsName1\")]"}
COMMAND: POST /session/3d9642598987efec4e176332c3be921e/element - {"using":"xpath","value":"//span[contains(text(), \"WebdriverYardjjtihg\")][contains(@id ,\"application-addressmanagement-display-component---detailAdm--addressDetailDetailsName1\")]"}
RESULT: {"using":"xpath","value":"//span[contains(text(), \"WebdriverYardjjtihg\")][contains(@id ,\"application-addressmanagement-display-component---detailAdm--addressDetailDetailsName1\")]"}
COMMAND: POST /session/3d9642598987efec4e176332c3be921e/element - {"using":"xpath","value":"//span[contains(text(), \"WebdriverYardjjtihg\")][contains(@id ,\"application-addressmanagement-display-component---detailAdm--addressDetailDetailsName1\")]"}
RESULT: {"using":"xpath","value":"//span[contains(text(), \"WebdriverYardjjtihg\")][contains(@id ,\"application-addressmanagement-display-component---detailAdm--addressDetailDetailsName1\")]"}
COMMAND: POST /session/3d9642598987efec4e176332c3be921e/element - {"using":"xpath","value":"//span[contains(text(), \"WebdriverYardjjtihg\")][contains(@id ,\"application-addressmanagement-display-component---detailAdm--addressDetailDetailsName1\")]"}
COMMAND: GET /session/3d9642598987efec4e176332c3be921e/window/handles - {}
RESULT: {"using":"xpath","value":"//span[contains(text(), \"WebdriverYardjjtihg\")][contains(@id ,\"application-addressmanagement-display-component---detailAdm--addressDetailDetailsName1\")]"}
RESULT: {}
COMMAND: POST /session/3d9642598987efec4e176332c3be921e/window - {"handle":"F4930F6F63534F7682483CE2FE3DA329"}
RESULT: {"handle":"F4930F6F63534F7682483CE2FE3DA329"}
COMMAND: GET /session/3d9642598987efec4e176332c3be921e/url - {}
COMMAND: POST /session/3d9642598987efec4e176332c3be921e/element - {"using":"xpath","value":"//span[contains(text(), \"WebdriverYardjjtihg\")][contains(@id ,\"application-addressmanagement-display-component---detailAdm--addressDetailDetailsName1\")]"}
RESULT: {}
COMMAND: GET /session/3d9642598987efec4e176332c3be921e/screenshot - {}
RESULT: {"using":"xpath","value":"//span[contains(text(), \"WebdriverYardjjtihg\")][contains(@id ,\"application-addressmanagement-display-component---detailAdm--addressDetailDetailsName1\")]"}
RESULT: {}
COMMAND: POST /session/3d9642598987efec4e176332c3be921e/element - {"using":"xpath","value":"//span[contains(text(), \"WebdriverYardjjtihg\")][contains(@id ,\"application-addressmanagement-display-component---detailAdm--addressDetailDetailsName1\")]"}
RESULT: {"using":"xpath","value":"//span[contains(text(), \"WebdriverYardjjtihg\")][contains(@id ,\"application-addressmanagement-display-component---detailAdm--addressDetailDetailsName1\")]"}
COMMAND: POST /session/3d9642598987efec4e176332c3be921e/element - {"using":"xpath","value":"//span[contains(text(), \"WebdriverYardjjtihg\")][contains(@id ,\"application-addressmanagement-display-component---detailAdm--addressDetailDetailsName1\")]"}
RESULT: {"using":"xpath","value":"//span[contains(text(), \"WebdriverYardjjtihg\")][contains(@id ,\"application-addressmanagement-display-component---detailAdm--addressDetailDetailsName1\")]"}
COMMAND: POST /session/3d9642598987efec4e176332c3be921e/element - {"using":"xpath","value":"//span[contains(text(), \"WebdriverYardjjtihg\")][contains(@id ,\"application-addressmanagement-display-component---detailAdm--addressDetailDetailsName1\")]"}
RESULT: {"using":"xpath","value":"//span[contains(text(), \"WebdriverYardjjtihg\")][contains(@id ,\"application-addressmanagement-display-component---detailAdm--addressDetailDetailsName1\")]"}
COMMAND: POST /session/3d9642598987efec4e176332c3be921e/element - {"using":"xpath","value":"//span[contains(text(), \"WebdriverYardjjtihg\")][contains(@id ,\"application-addressmanagement-display-component---detailAdm--addressDetailDetailsName1\")]"}
RESULT: {"using":"xpath","value":"//span[contains(text(), \"WebdriverYardjjtihg\")][contains(@id ,\"application-addressmanagement-display-component---detailAdm--addressDetailDetailsName1\")]"}
COMMAND: POST /session/3d9642598987efec4e176332c3be921e/element - {"using":"xpath","value":"//span[contains(text(), \"WebdriverYardjjtihg\")][contains(@id ,\"application-addressmanagement-display-component---detailAdm--addressDetailDetailsName1\")]"}
RESULT: {"using":"xpath","value":"//span[contains(text(), \"WebdriverYardjjtihg\")][contains(@id ,\"application-addressmanagement-display-component---detailAdm--addressDetailDetailsName1\")]"}
COMMAND: POST /session/3d9642598987efec4e176332c3be921e/element - {"using":"xpath","value":"//span[contains(text(), \"WebdriverYardjjtihg\")][contains(@id ,\"application-addressmanagement-display-component---detailAdm--addressDetailDetailsName1\")]"}
RESULT: {"using":"xpath","value":"//span[contains(text(), \"WebdriverYardjjtihg\")][contains(@id ,\"application-addressmanagement-display-component---detailAdm--addressDetailDetailsName1\")]"}
COMMAND: POST /session/3d9642598987efec4e176332c3be921e/element - {"using":"xpath","value":"//span[contains(text(), \"WebdriverYardjjtihg\")][contains(@id ,\"application-addressmanagement-display-component---detailAdm--addressDetailDetailsName1\")]"}
RESULT: {"using":"xpath","value":"//span[contains(text(), \"WebdriverYardjjtihg\")][contains(@id ,\"application-addressmanagement-display-component---detailAdm--addressDetailDetailsName1\")]"}
COMMAND: POST /session/3d9642598987efec4e176332c3be921e/element - {"using":"xpath","value":"//span[contains(text(), \"WebdriverYardjjtihg\")][contains(@id ,\"application-addressmanagement-display-component---detailAdm--addressDetailDetailsName1\")]"}
RESULT: {"using":"xpath","value":"//span[contains(text(), \"WebdriverYardjjtihg\")][contains(@id ,\"application-addressmanagement-display-component---detailAdm--addressDetailDetailsName1\")]"}
COMMAND: POST /session/3d9642598987efec4e176332c3be921e/element - {"using":"xpath","value":"//span[contains(text(), \"WebdriverYardjjtihg\")][contains(@id ,\"application-addressmanagement-display-component---detailAdm--addressDetailDetailsName1\")]"}
RESULT: {"using":"xpath","value":"//span[contains(text(), \"WebdriverYardjjtihg\")][contains(@id ,\"application-addressmanagement-display-component---detailAdm--addressDetailDetailsName1\")]"}
COMMAND: POST /session/3d9642598987efec4e176332c3be921e/element - {"using":"xpath","value":"//span[contains(text(), \"WebdriverYardjjtihg\")][contains(@id ,\"application-addressmanagement-display-component---detailAdm--addressDetailDetailsName1\")]"}
RESULT: {"using":"xpath","value":"//span[contains(text(), \"WebdriverYardjjtihg\")][contains(@id ,\"application-addressmanagement-display-component---detailAdm--addressDetailDetailsName1\")]"}
COMMAND: POST /session/3d9642598987efec4e176332c3be921e/element - {"using":"xpath","value":"//span[contains(text(), \"WebdriverYardjjtihg\")][contains(@id ,\"application-addressmanagement-display-component---detailAdm--addressDetailDetailsName1\")]"}
RESULT: {"using":"xpath","value":"//span[contains(text(), \"WebdriverYardjjtihg\")][contains(@id ,\"application-addressmanagement-display-component---detailAdm--addressDetailDetailsName1\")]"}
COMMAND: POST /session/3d9642598987efec4e176332c3be921e/element - {"using":"xpath","value":"//span[contains(text(), \"WebdriverYardjjtihg\")][contains(@id ,\"application-addressmanagement-display-component---detailAdm--addressDetailDetailsName1\")]"}
RESULT: {"using":"xpath","value":"//span[contains(text(), \"WebdriverYardjjtihg\")][contains(@id ,\"application-addressmanagement-display-component---detailAdm--addressDetailDetailsName1\")]"}
COMMAND: POST /session/3d9642598987efec4e176332c3be921e/element - {"using":"xpath","value":"//span[contains(text(), \"WebdriverYardjjtihg\")][contains(@id ,\"application-addressmanagement-display-component---detailAdm--addressDetailDetailsName1\")]"}
RESULT: {"using":"xpath","value":"//span[contains(text(), \"WebdriverYardjjtihg\")][contains(@id ,\"application-addressmanagement-display-component---detailAdm--addressDetailDetailsName1\")]"}
COMMAND: POST /session/3d9642598987efec4e176332c3be921e/execute/sync - {"script":"<script> [8489 bytes]","args":[{"element-6066-11e4-a52e-4f735466cecf":"f.C41B252AF7D593F5EF8761846E16752D.d.848EA1589467B6AFFB0880194BEB291B.e.3282","ELEMENT":"f.C41B252AF7D593F5EF8761846E16752D.d.848EA1589467B6AFFB0880194BEB291B.e.3282"}]}
COMMAND: DELETE /session/3d9642598987efec4e176332c3be921e/window - {}
RESULT: {}
COMMAND: POST /session/3d9642598987efec4e176332c3be921e/window - {"handle":"C41B252AF7D593F5EF8761846E16752D"}
RESULT: {"handle":"C41B252AF7D593F5EF8761846E16752D"}
COMMAND: GET /session/3d9642598987efec4e176332c3be921e/url - {}
COMMAND: POST /session/3d9642598987efec4e176332c3be921e/element - {"using":"xpath","value":"//span[contains(@id ,\"title\")][contains(text(), \"WebdriverYard7y3vr\")]"}
RESULT: {}
COMMAND: POST /session/3d9642598987efec4e176332c3be921e/element - {"using":"xpath","value":"//span[contains(text(), \"WebdriverYardjjtihg\")][contains(@id ,\"application-addressmanagement-display-component---detailAdm--addressDetailDetailsName1\")]"}
COMMAND: GET /session/3d9642598987efec4e176332c3be921e/screenshot - {}
RESULT: {"using":"xpath","value":"//span[contains(@id ,\"title\")][contains(text(), \"WebdriverYard7y3vr\")]"}
COMMAND: POST /session/3d9642598987efec4e176332c3be921e/execute/sync - {"script":"<script> [8489 bytes]","args":[{"element-6066-11e4-a52e-4f735466cecf":"f.C41B252AF7D593F5EF8761846E16752D.d.848EA1589467B6AFFB0880194BEB291B.e.3727","ELEMENT":"f.C41B252AF7D593F5EF8761846E16752D.d.848EA1589467B6AFFB0880194BEB291B.e.3727"}]}
RESULT: {}
RESULT: {"using":"xpath","value":"//span[contains(text(), \"WebdriverYardjjtihg\")][contains(@id ,\"application-addressmanagement-display-component---detailAdm--addressDetailDetailsName1\")]"}
RESULT: {"script":"<script> [8489 bytes]","args":[{"element-6066-11e4-a52e-4f735466cecf":"f.C41B252AF7D593F5EF8761846E16752D.d.848EA1589467B6AFFB0880194BEB291B.e.3727","ELEMENT":"f.C41B252AF7D593F5EF8761846E16752D.d.848EA1589467B6AFFB0880194BEB291B.e.3727"}]}
COMMAND: GET /session/3d9642598987efec4e176332c3be921e/screenshot - {}
RESULT: {}
COMMAND: POST /session/3d9642598987efec4e176332c3be921e/element - {"using":"xpath","value":"//span[contains(text(), \"WebdriverYardjjtihg\")][contains(@id ,\"application-addressmanagement-display-component---detailAdm--addressDetailDetailsName1\")]"}
RESULT: {"using":"xpath","value":"//span[contains(text(), \"WebdriverYardjjtihg\")][contains(@id ,\"application-addressmanagement-display-component---detailAdm--addressDetailDetailsName1\")]"}
COMMAND: POST /session/3d9642598987efec4e176332c3be921e/element - {"using":"xpath","value":"//span[contains(text(), \"WebdriverYardjjtihg\")][contains(@id ,\"application-addressmanagement-display-component---detailAdm--addressDetailDetailsName1\")]"}
RESULT: {"using":"xpath","value":"//span[contains(text(), \"WebdriverYardjjtihg\")][contains(@id ,\"application-addressmanagement-display-component---detailAdm--addressDetailDetailsName1\")]"}
COMMAND: POST /session/3d9642598987efec4e176332c3be921e/element - {"using":"xpath","value":"//span[contains(text(), \"WebdriverYardjjtihg\")][contains(@id ,\"application-addressmanagement-display-component---detailAdm--addressDetailDetailsName1\")]"}
RESULT: {"using":"xpath","value":"//span[contains(text(), \"WebdriverYardjjtihg\")][contains(@id ,\"application-addressmanagement-display-component---detailAdm--addressDetailDetailsName1\")]"}
COMMAND: POST /session/3d9642598987efec4e176332c3be921e/element - {"using":"xpath","value":"//span[contains(text(), \"WebdriverYardjjtihg\")][contains(@id ,\"application-addressmanagement-display-component---detailAdm--addressDetailDetailsName1\")]"}
RESULT: {"using":"xpath","value":"//span[contains(text(), \"WebdriverYardjjtihg\")][contains(@id ,\"application-addressmanagement-display-component---detailAdm--addressDetailDetailsName1\")]"}
COMMAND: POST /session/3d9642598987efec4e176332c3be921e/element - {"using":"xpath","value":"//span[contains(text(), \"WebdriverYardjjtihg\")][contains(@id ,\"application-addressmanagement-display-component---detailAdm--addressDetailDetailsName1\")]"}
RESULT: {"using":"xpath","value":"//span[contains(text(), \"WebdriverYardjjtihg\")][contains(@id ,\"application-addressmanagement-display-component---detailAdm--addressDetailDetailsName1\")]"}
COMMAND: POST /session/3d9642598987efec4e176332c3be921e/element - {"using":"xpath","value":"//span[contains(text(), \"WebdriverYardjjtihg\")][contains(@id ,\"application-addressmanagement-display-component---detailAdm--addressDetailDetailsName1\")]"}
RESULT: {"using":"xpath","value":"//span[contains(text(), \"WebdriverYardjjtihg\")][contains(@id ,\"application-addressmanagement-display-component---detailAdm--addressDetailDetailsName1\")]"}
COMMAND: POST /session/3d9642598987efec4e176332c3be921e/element - {"using":"xpath","value":"//span[contains(text(), \"WebdriverYardjjtihg\")][contains(@id ,\"application-addressmanagement-display-component---detailAdm--addressDetailDetailsName1\")]"}
RESULT: {"using":"xpath","value":"//span[contains(text(), \"WebdriverYardjjtihg\")][contains(@id ,\"application-addressmanagement-display-component---detailAdm--addressDetailDetailsName1\")]"}
COMMAND: POST /session/3d9642598987efec4e176332c3be921e/element - {"using":"xpath","value":"//span[contains(text(), \"WebdriverYardjjtihg\")][contains(@id ,\"application-addressmanagement-display-component---detailAdm--addressDetailDetailsName1\")]"}
RESULT: {"using":"xpath","value":"//span[contains(text(), \"WebdriverYardjjtihg\")][contains(@id ,\"application-addressmanagement-display-component---detailAdm--addressDetailDetailsName1\")]"}
COMMAND: POST /session/3d9642598987efec4e176332c3be921e/element - {"using":"xpath","value":"//button[contains(@data-kt ,\"ContextMenuExternalId3Link\")]"}
RESULT: {"using":"xpath","value":"//button[contains(@data-kt ,\"ContextMenuExternalId3Link\")]"}
COMMAND: POST /session/3d9642598987efec4e176332c3be921e/element/f.C41B252AF7D593F5EF8761846E16752D.d.848EA1589467B6AFFB0880194BEB291B.e.3728/click - {}
RESULT: {}
COMMAND: GET /session/3d9642598987efec4e176332c3be921e/screenshot - {}
COMMAND: POST /session/3d9642598987efec4e176332c3be921e/element - {"using":"xpath","value":"//span[contains(text(), \"WebdriverYardjjtihg\")][contains(@id ,\"application-addressmanagement-display-component---detailAdm--addressDetailDetailsName1\")]"}
RESULT: {}
RESULT: {"using":"xpath","value":"//span[contains(text(), \"WebdriverYardjjtihg\")][contains(@id ,\"application-addressmanagement-display-component---detailAdm--addressDetailDetailsName1\")]"}
COMMAND: GET /session/3d9642598987efec4e176332c3be921e/window/handles - {}
RESULT: {}
COMMAND: POST /session/3d9642598987efec4e176332c3be921e/window - {"handle":"EA89C9CEBFE94BB1206A41EB8860B667"}
RESULT: {"handle":"EA89C9CEBFE94BB1206A41EB8860B667"}
COMMAND: GET /session/3d9642598987efec4e176332c3be921e/url - {}
RESULT: {}
COMMAND: GET /session/3d9642598987efec4e176332c3be921e/screenshot - {}
RESULT: {}
COMMAND: POST /session/3d9642598987efec4e176332c3be921e/element - {"using":"xpath","value":"//span[contains(text(), \"WebdriverYardjjtihg\")][contains(@id ,\"application-addressmanagement-display-component---detailAdm--addressDetailDetailsName1\")]"}
COMMAND: DELETE /session/3d9642598987efec4e176332c3be921e/window - {}
RESULT: {}
COMMAND: POST /session/3d9642598987efec4e176332c3be921e/window - {"handle":"C41B252AF7D593F5EF8761846E16752D"}
RESULT: {"handle":"C41B252AF7D593F5EF8761846E16752D"}
COMMAND: GET /session/3d9642598987efec4e176332c3be921e/url - {}
RESULT: {"using":"xpath","value":"//span[contains(text(), \"WebdriverYardjjtihg\")][contains(@id ,\"application-addressmanagement-display-component---detailAdm--addressDetailDetailsName1\")]"}
RESULT: {}
COMMAND: GET /session/3d9642598987efec4e176332c3be921e/screenshot - {}
COMMAND: POST /session/3d9642598987efec4e176332c3be921e/element - {"using":"xpath","value":"//span[contains(text(), \"WebdriverYardjjtihg\")][contains(@id ,\"application-addressmanagement-display-component---detailAdm--addressDetailDetailsName1\")]"}
RESULT: {}
RESULT: {"using":"xpath","value":"//span[contains(text(), \"WebdriverYardjjtihg\")][contains(@id ,\"application-addressmanagement-display-component---detailAdm--addressDetailDetailsName1\")]"}
COMMAND: POST /session/3d9642598987efec4e176332c3be921e/element - {"using":"xpath","value":"//span[contains(text(), \"WebdriverYardjjtihg\")][contains(@id ,\"application-addressmanagement-display-component---detailAdm--addressDetailDetailsName1\")]"}
RESULT: {"using":"xpath","value":"//span[contains(text(), \"WebdriverYardjjtihg\")][contains(@id ,\"application-addressmanagement-display-component---detailAdm--addressDetailDetailsName1\")]"}
COMMAND: POST /session/3d9642598987efec4e176332c3be921e/element - {"using":"xpath","value":"//span[contains(text(), \"WebdriverYardjjtihg\")][contains(@id ,\"application-addressmanagement-display-component---detailAdm--addressDetailDetailsName1\")]"}
RESULT: {"using":"xpath","value":"//span[contains(text(), \"WebdriverYardjjtihg\")][contains(@id ,\"application-addressmanagement-display-component---detailAdm--addressDetailDetailsName1\")]"}
COMMAND: POST /session/3d9642598987efec4e176332c3be921e/element - {"using":"xpath","value":"//span[contains(text(), \"WebdriverYardjjtihg\")][contains(@id ,\"application-addressmanagement-display-component---detailAdm--addressDetailDetailsName1\")]"}
RESULT: {"using":"xpath","value":"//span[contains(text(), \"WebdriverYardjjtihg\")][contains(@id ,\"application-addressmanagement-display-component---detailAdm--addressDetailDetailsName1\")]"}
COMMAND: POST /session/3d9642598987efec4e176332c3be921e/element - {"using":"xpath","value":"//span[contains(text(), \"WebdriverYardjjtihg\")][contains(@id ,\"application-addressmanagement-display-component---detailAdm--addressDetailDetailsName1\")]"}
RESULT: {"using":"xpath","value":"//span[contains(text(), \"WebdriverYardjjtihg\")][contains(@id ,\"application-addressmanagement-display-component---detailAdm--addressDetailDetailsName1\")]"}
COMMAND: POST /session/3d9642598987efec4e176332c3be921e/element - {"using":"xpath","value":"//span[contains(text(), \"WebdriverYardjjtihg\")][contains(@id ,\"application-addressmanagement-display-component---detailAdm--addressDetailDetailsName1\")]"}
RESULT: {"using":"xpath","value":"//span[contains(text(), \"WebdriverYardjjtihg\")][contains(@id ,\"application-addressmanagement-display-component---detailAdm--addressDetailDetailsName1\")]"}
COMMAND: POST /session/3d9642598987efec4e176332c3be921e/element - {"using":"xpath","value":"//span[contains(text(), \"WebdriverYardjjtihg\")][contains(@id ,\"application-addressmanagement-display-component---detailAdm--addressDetailDetailsName1\")]"}
RESULT: {"using":"xpath","value":"//span[contains(text(), \"WebdriverYardjjtihg\")][contains(@id ,\"application-addressmanagement-display-component---detailAdm--addressDetailDetailsName1\")]"}
COMMAND: POST /session/3d9642598987efec4e176332c3be921e/element - {"using":"xpath","value":"//*[contains(@data-kt ,\"webshopDetailSiteLink\")]"}
COMMAND: POST /session/3d9642598987efec4e176332c3be921e/element - {"using":"xpath","value":"//span[contains(text(), \"WebdriverYardjjtihg\")][contains(@id ,\"application-addressmanagement-display-component---detailAdm--addressDetailDetailsName1\")]"}
RESULT: {"using":"xpath","value":"//*[contains(@data-kt ,\"webshopDetailSiteLink\")]"}
COMMAND: POST /session/3d9642598987efec4e176332c3be921e/element/f.C41B252AF7D593F5EF8761846E16752D.d.848EA1589467B6AFFB0880194BEB291B.e.3938/click - {}
RESULT: {"using":"xpath","value":"//span[contains(text(), \"WebdriverYardjjtihg\")][contains(@id ,\"application-addressmanagement-display-component---detailAdm--addressDetailDetailsName1\")]"}
RESULT: {}
COMMAND: GET /session/3d9642598987efec4e176332c3be921e/screenshot - {}
RESULT: {}
COMMAND: POST /session/3d9642598987efec4e176332c3be921e/element - {"using":"xpath","value":"//span[contains(text(), \"WebdriverYardjjtihg\")][contains(@id ,\"application-addressmanagement-display-component---detailAdm--addressDetailDetailsName1\")]"}
RESULT: {"using":"xpath","value":"//span[contains(text(), \"WebdriverYardjjtihg\")][contains(@id ,\"application-addressmanagement-display-component---detailAdm--addressDetailDetailsName1\")]"}
COMMAND: POST /session/3d9642598987efec4e176332c3be921e/element - {"using":"xpath","value":"//span[contains(text(), \"WebdriverYardjjtihg\")][contains(@id ,\"application-addressmanagement-display-component---detailAdm--addressDetailDetailsName1\")]"}
RESULT: {"using":"xpath","value":"//span[contains(text(), \"WebdriverYardjjtihg\")][contains(@id ,\"application-addressmanagement-display-component---detailAdm--addressDetailDetailsName1\")]"}
COMMAND: POST /session/3d9642598987efec4e176332c3be921e/element - {"using":"xpath","value":"//span[contains(text(), \"WebdriverYardjjtihg\")][contains(@id ,\"application-addressmanagement-display-component---detailAdm--addressDetailDetailsName1\")]"}
RESULT: {"using":"xpath","value":"//span[contains(text(), \"WebdriverYardjjtihg\")][contains(@id ,\"application-addressmanagement-display-component---detailAdm--addressDetailDetailsName1\")]"}
COMMAND: POST /session/3d9642598987efec4e176332c3be921e/element - {"using":"xpath","value":"//*[contains(@data-kt ,\"ContextMenuIdLink\")][contains(text(), \"Manage Site\")]"}
RESULT: {"using":"xpath","value":"//*[contains(@data-kt ,\"ContextMenuIdLink\")][contains(text(), \"Manage Site\")]"}
COMMAND: POST /session/3d9642598987efec4e176332c3be921e/execute/sync - {"script":"<script> [8489 bytes]","args":[{"element-6066-11e4-a52e-4f735466cecf":"f.C41B252AF7D593F5EF8761846E16752D.d.848EA1589467B6AFFB0880194BEB291B.e.3940","ELEMENT":"f.C41B252AF7D593F5EF8761846E16752D.d.848EA1589467B6AFFB0880194BEB291B.e.3940"}]}
COMMAND: POST /session/3d9642598987efec4e176332c3be921e/element - {"using":"xpath","value":"//*[contains(@data-kt ,\"ContextMenuId2Link\")][contains(text(), \"Site Overview\")]"}
RESULT: {"script":"<script> [8489 bytes]","args":[{"element-6066-11e4-a52e-4f735466cecf":"f.C41B252AF7D593F5EF8761846E16752D.d.848EA1589467B6AFFB0880194BEB291B.e.3940","ELEMENT":"f.C41B252AF7D593F5EF8761846E16752D.d.848EA1589467B6AFFB0880194BEB291B.e.3940"}]}
RESULT: {"using":"xpath","value":"//*[contains(@data-kt ,\"ContextMenuId2Link\")][contains(text(), \"Site Overview\")]"}
COMMAND: POST /session/3d9642598987efec4e176332c3be921e/execute/sync - {"script":"<script> [8489 bytes]","args":[{"element-6066-11e4-a52e-4f735466cecf":"f.C41B252AF7D593F5EF8761846E16752D.d.848EA1589467B6AFFB0880194BEB291B.e.3941","ELEMENT":"f.C41B252AF7D593F5EF8761846E16752D.d.848EA1589467B6AFFB0880194BEB291B.e.3941"}]}
COMMAND: POST /session/3d9642598987efec4e176332c3be921e/element - {"using":"xpath","value":"//*[contains(@data-kt ,\"ContextMenuId3Link\")][contains(text(), \"Site Main Address\")]"}
COMMAND: POST /session/3d9642598987efec4e176332c3be921e/element - {"using":"xpath","value":"//span[contains(text(), \"WebdriverYardjjtihg\")][contains(@id ,\"application-addressmanagement-display-component---detailAdm--addressDetailDetailsName1\")]"}
COMMAND: GET /session/3d9642598987efec4e176332c3be921e/screenshot - {}
RESULT: {"script":"<script> [8489 bytes]","args":[{"element-6066-11e4-a52e-4f735466cecf":"f.C41B252AF7D593F5EF8761846E16752D.d.848EA1589467B6AFFB0880194BEB291B.e.3941","ELEMENT":"f.C41B252AF7D593F5EF8761846E16752D.d.848EA1589467B6AFFB0880194BEB291B.e.3941"}]}
RESULT: {"using":"xpath","value":"//*[contains(@data-kt ,\"ContextMenuId3Link\")][contains(text(), \"Site Main Address\")]"}
COMMAND: POST /session/3d9642598987efec4e176332c3be921e/execute/sync - {"script":"<script> [8489 bytes]","args":[{"element-6066-11e4-a52e-4f735466cecf":"f.C41B252AF7D593F5EF8761846E16752D.d.848EA1589467B6AFFB0880194BEB291B.e.3942","ELEMENT":"f.C41B252AF7D593F5EF8761846E16752D.d.848EA1589467B6AFFB0880194BEB291B.e.3942"}]}
COMMAND: POST /session/3d9642598987efec4e176332c3be921e/element/f.C41B252AF7D593F5EF8761846E16752D.d.848EA1589467B6AFFB0880194BEB291B.e.3940/click - {}
RESULT: {"using":"xpath","value":"//span[contains(text(), \"WebdriverYardjjtihg\")][contains(@id ,\"application-addressmanagement-display-component---detailAdm--addressDetailDetailsName1\")]"}
COMMAND: GET /session/3d9642598987efec4e176332c3be921e/screenshot - {}
RESULT: {}
RESULT: {}
RESULT: {"script":"<script> [8489 bytes]","args":[{"element-6066-11e4-a52e-4f735466cecf":"f.C41B252AF7D593F5EF8761846E16752D.d.848EA1589467B6AFFB0880194BEB291B.e.3942","ELEMENT":"f.C41B252AF7D593F5EF8761846E16752D.d.848EA1589467B6AFFB0880194BEB291B.e.3942"}]}
COMMAND: GET /session/3d9642598987efec4e176332c3be921e/screenshot - {}
COMMAND: GET /session/3d9642598987efec4e176332c3be921e/screenshot - {}
COMMAND: POST /session/3d9642598987efec4e176332c3be921e/element - {"using":"xpath","value":"//span[contains(text(), \"WebdriverYardjjtihg\")][contains(@id ,\"application-addressmanagement-display-component---detailAdm--addressDetailDetailsName1\")]"}
RESULT: {}
RESULT: {}
RESULT: {}
RESULT: {"using":"xpath","value":"//span[contains(text(), \"WebdriverYardjjtihg\")][contains(@id ,\"application-addressmanagement-display-component---detailAdm--addressDetailDetailsName1\")]"}
COMMAND: POST /session/3d9642598987efec4e176332c3be921e/element - {"using":"xpath","value":"//span[contains(text(), \"WebdriverYardjjtihg\")][contains(@id ,\"application-addressmanagement-display-component---detailAdm--addressDetailDetailsName1\")]"}
RESULT: {"using":"xpath","value":"//span[contains(text(), \"WebdriverYardjjtihg\")][contains(@id ,\"application-addressmanagement-display-component---detailAdm--addressDetailDetailsName1\")]"}
COMMAND: POST /session/3d9642598987efec4e176332c3be921e/execute/async - {"script":"<script> [1562 bytes]","args":[{"selector":{"controlType":"sap.m.Title","viewName":"etm.portal.ui.managesites.view.Master","viewId":"application-managesites-display-component---masterSite","i18NText":{"propertyName":"text","key":"sites"}},"wdio_ui5_key":"etmportal.ui.managesites.view.Mastersap.m.Title{\"propertyName\":\"text\",\"key\":\"sites\"}"}]}
COMMAND: POST /session/3d9642598987efec4e176332c3be921e/element - {"using":"xpath","value":"//span[contains(text(), \"WebdriverYardjjtihg\")][contains(@id ,\"application-addressmanagement-display-component---detailAdm--addressDetailDetailsName1\")]"}
RESULT: {"script":"<script> [1562 bytes]","args":[{"selector":{"controlType":"sap.m.Title","viewName":"etm.portal.ui.managesites.view.Master","viewId":"application-managesites-display-component---masterSite","i18NText":{"propertyName":"text","key":"sites"}},"wdio_ui5_key":"etmportal.ui.managesites.view.Mastersap.m.Title{\"propertyName\":\"text\",\"key\":\"sites\"}"}]}
RESULT: undefined
COMMAND: POST /session/3d9642598987efec4e176332c3be921e/execute/async - {"script":"<script> [6424 bytes]","args":[{"element-6066-11e4-a52e-4f735466cecf":"f.C41B252AF7D593F5EF8761846E16752D.d.848EA1589467B6AFFB0880194BEB291B.e.4257"},"getText",[]]}
RESULT: {"using":"xpath","value":"//span[contains(text(), \"WebdriverYardjjtihg\")][contains(@id ,\"application-addressmanagement-display-component---detailAdm--addressDetailDetailsName1\")]"}
RESULT: {"script":"<script> [6424 bytes]","args":[{"element-6066-11e4-a52e-4f735466cecf":"f.C41B252AF7D593F5EF8761846E16752D.d.848EA1589467B6AFFB0880194BEB291B.e.4257"},"getText",[]]}
COMMAND: POST /session/3d9642598987efec4e176332c3be921e/execute/async - {"script":"<script> [1562 bytes]","args":[{"selector":{"id":"application-managesites-display-component---detailSite--addressDetailDetailsName1"},"wdio_ui5_key":"applicationmanagesites-display-component---detailSite--addressDetailDetailsName1"}]}
COMMAND: POST /session/3d9642598987efec4e176332c3be921e/element - {"using":"xpath","value":"//span[contains(text(), \"WebdriverYardjjtihg\")][contains(@id ,\"application-addressmanagement-display-component---detailAdm--addressDetailDetailsName1\")]"}
RESULT: {"script":"<script> [1562 bytes]","args":[{"selector":{"id":"application-managesites-display-component---detailSite--addressDetailDetailsName1"},"wdio_ui5_key":"applicationmanagesites-display-component---detailSite--addressDetailDetailsName1"}]}
RESULT: undefined
COMMAND: POST /session/3d9642598987efec4e176332c3be921e/execute/async - {"script":"<script> [6424 bytes]","args":[{"element-6066-11e4-a52e-4f735466cecf":"f.C41B252AF7D593F5EF8761846E16752D.d.848EA1589467B6AFFB0880194BEB291B.e.3992"},"getValue",[]]}
RESULT: {"using":"xpath","value":"//span[contains(text(), \"WebdriverYardjjtihg\")][contains(@id ,\"application-addressmanagement-display-component---detailAdm--addressDetailDetailsName1\")]"}
RESULT: {"script":"<script> [6424 bytes]","args":[{"element-6066-11e4-a52e-4f735466cecf":"f.C41B252AF7D593F5EF8761846E16752D.d.848EA1589467B6AFFB0880194BEB291B.e.3992"},"getValue",[]]}
RESULT: undefined
COMMAND: POST /session/3d9642598987efec4e176332c3be921e/element - {"using":"xpath","value":"//*[@id=\"backBtn\"]"}
RESULT: {"using":"xpath","value":"//*[@id=\"backBtn\"]"}
COMMAND: POST /session/3d9642598987efec4e176332c3be921e/element/f.C41B252AF7D593F5EF8761846E16752D.d.848EA1589467B6AFFB0880194BEB291B.e.3147/click - {}
COMMAND: POST /session/3d9642598987efec4e176332c3be921e/element - {"using":"xpath","value":"//span[contains(text(), \"WebdriverYardjjtihg\")][contains(@id ,\"application-addressmanagement-display-component---detailAdm--addressDetailDetailsName1\")]"}
RESULT: {}
RESULT: {"using":"xpath","value":"//span[contains(text(), \"WebdriverYardjjtihg\")][contains(@id ,\"application-addressmanagement-display-component---detailAdm--addressDetailDetailsName1\")]"}
COMMAND: GET /session/3d9642598987efec4e176332c3be921e/screenshot - {}
RESULT: {}
COMMAND: POST /session/3d9642598987efec4e176332c3be921e/element - {"using":"xpath","value":"//span[contains(text(), \"WebdriverYardjjtihg\")][contains(@id ,\"application-addressmanagement-display-component---detailAdm--addressDetailDetailsName1\")]"}
RESULT: {"using":"xpath","value":"//span[contains(text(), \"WebdriverYardjjtihg\")][contains(@id ,\"application-addressmanagement-display-component---detailAdm--addressDetailDetailsName1\")]"}
COMMAND: POST /session/3d9642598987efec4e176332c3be921e/element - {"using":"xpath","value":"//span[contains(text(), \"WebdriverYardjjtihg\")][contains(@id ,\"application-addressmanagement-display-component---detailAdm--addressDetailDetailsName1\")]"}
RESULT: {"using":"xpath","value":"//span[contains(text(), \"WebdriverYardjjtihg\")][contains(@id ,\"application-addressmanagement-display-component---detailAdm--addressDetailDetailsName1\")]"}
COMMAND: POST /session/3d9642598987efec4e176332c3be921e/element - {"using":"xpath","value":"//span[contains(text(), \"WebdriverYardjjtihg\")][contains(@id ,\"application-addressmanagement-display-component---detailAdm--addressDetailDetailsName1\")]"}
RESULT: {"using":"xpath","value":"//span[contains(text(), \"WebdriverYardjjtihg\")][contains(@id ,\"application-addressmanagement-display-component---detailAdm--addressDetailDetailsName1\")]"}
COMMAND: POST /session/3d9642598987efec4e176332c3be921e/element - {"using":"xpath","value":"//span[contains(text(), \"WebdriverYardjjtihg\")][contains(@id ,\"application-addressmanagement-display-component---detailAdm--addressDetailDetailsName1\")]"}
RESULT: {"using":"xpath","value":"//span[contains(text(), \"WebdriverYardjjtihg\")][contains(@id ,\"application-addressmanagement-display-component---detailAdm--addressDetailDetailsName1\")]"}
COMMAND: POST /session/3d9642598987efec4e176332c3be921e/element - {"using":"xpath","value":"//span[contains(text(), \"WebdriverYardjjtihg\")][contains(@id ,\"application-addressmanagement-display-component---detailAdm--addressDetailDetailsName1\")]"}
RESULT: {"using":"xpath","value":"//span[contains(text(), \"WebdriverYardjjtihg\")][contains(@id ,\"application-addressmanagement-display-component---detailAdm--addressDetailDetailsName1\")]"}
COMMAND: POST /session/3d9642598987efec4e176332c3be921e/element - {"using":"xpath","value":"//span[contains(text(), \"WebdriverYardjjtihg\")][contains(@id ,\"application-addressmanagement-display-component---detailAdm--addressDetailDetailsName1\")]"}
RESULT: {"using":"xpath","value":"//span[contains(text(), \"WebdriverYardjjtihg\")][contains(@id ,\"application-addressmanagement-display-component---detailAdm--addressDetailDetailsName1\")]"}
COMMAND: POST /session/3d9642598987efec4e176332c3be921e/element - {"using":"xpath","value":"//span[contains(text(), \"WebdriverYardjjtihg\")][contains(@id ,\"application-addressmanagement-display-component---detailAdm--addressDetailDetailsName1\")]"}
RESULT: {"using":"xpath","value":"//span[contains(text(), \"WebdriverYardjjtihg\")][contains(@id ,\"application-addressmanagement-display-component---detailAdm--addressDetailDetailsName1\")]"}
COMMAND: POST /session/3d9642598987efec4e176332c3be921e/element - {"using":"xpath","value":"//span[contains(text(), \"WebdriverYardjjtihg\")][contains(@id ,\"application-addressmanagement-display-component---detailAdm--addressDetailDetailsName1\")]"}
RESULT: {"using":"xpath","value":"//span[contains(text(), \"WebdriverYardjjtihg\")][contains(@id ,\"application-addressmanagement-display-component---detailAdm--addressDetailDetailsName1\")]"}
COMMAND: POST /session/3d9642598987efec4e176332c3be921e/element - {"using":"xpath","value":"//span[contains(text(), \"WebdriverYardjjtihg\")][contains(@id ,\"application-addressmanagement-display-component---detailAdm--addressDetailDetailsName1\")]"}
RESULT: {"using":"xpath","value":"//span[contains(text(), \"WebdriverYardjjtihg\")][contains(@id ,\"application-addressmanagement-display-component---detailAdm--addressDetailDetailsName1\")]"}
COMMAND: POST /session/3d9642598987efec4e176332c3be921e/element - {"using":"xpath","value":"//span[contains(text(), \"WebdriverYardjjtihg\")][contains(@id ,\"application-addressmanagement-display-component---detailAdm--addressDetailDetailsName1\")]"}
RESULT: {"using":"xpath","value":"//span[contains(text(), \"WebdriverYardjjtihg\")][contains(@id ,\"application-addressmanagement-display-component---detailAdm--addressDetailDetailsName1\")]"}
COMMAND: POST /session/3d9642598987efec4e176332c3be921e/element - {"using":"xpath","value":"//span[contains(text(), \"WebdriverYardjjtihg\")][contains(@id ,\"application-addressmanagement-display-component---detailAdm--addressDetailDetailsName1\")]"}
RESULT: {"using":"xpath","value":"//span[contains(text(), \"WebdriverYardjjtihg\")][contains(@id ,\"application-addressmanagement-display-component---detailAdm--addressDetailDetailsName1\")]"}
COMMAND: POST /session/3d9642598987efec4e176332c3be921e/element - {"using":"xpath","value":"//*[contains(@data-kt ,\"webshopDetailSiteLink\")]"}
RESULT: {"using":"xpath","value":"//*[contains(@data-kt ,\"webshopDetailSiteLink\")]"}
COMMAND: POST /session/3d9642598987efec4e176332c3be921e/element/f.C41B252AF7D593F5EF8761846E16752D.d.848EA1589467B6AFFB0880194BEB291B.e.4444/click - {}
COMMAND: POST /session/3d9642598987efec4e176332c3be921e/element - {"using":"xpath","value":"//span[contains(text(), \"WebdriverYardjjtihg\")][contains(@id ,\"application-addressmanagement-display-component---detailAdm--addressDetailDetailsName1\")]"}
RESULT: {"using":"xpath","value":"//span[contains(text(), \"WebdriverYardjjtihg\")][contains(@id ,\"application-addressmanagement-display-component---detailAdm--addressDetailDetailsName1\")]"}
COMMAND: POST /session/3d9642598987efec4e176332c3be921e/element - {"using":"xpath","value":"//span[contains(text(), \"WebdriverYardjjtihg\")][contains(@id ,\"application-addressmanagement-display-component---detailAdm--addressDetailDetailsName1\")]"}
RESULT: {}
RESULT: {"using":"xpath","value":"//span[contains(text(), \"WebdriverYardjjtihg\")][contains(@id ,\"application-addressmanagement-display-component---detailAdm--addressDetailDetailsName1\")]"}
COMMAND: GET /session/3d9642598987efec4e176332c3be921e/screenshot - {}
COMMAND: POST /session/3d9642598987efec4e176332c3be921e/element - {"using":"xpath","value":"//span[contains(text(), \"WebdriverYardjjtihg\")][contains(@id ,\"application-addressmanagement-display-component---detailAdm--addressDetailDetailsName1\")]"}
RESULT: {}
RESULT: {"using":"xpath","value":"//span[contains(text(), \"WebdriverYardjjtihg\")][contains(@id ,\"application-addressmanagement-display-component---detailAdm--addressDetailDetailsName1\")]"}
COMMAND: POST /session/3d9642598987efec4e176332c3be921e/element - {"using":"xpath","value":"//span[contains(text(), \"WebdriverYardjjtihg\")][contains(@id ,\"application-addressmanagement-display-component---detailAdm--addressDetailDetailsName1\")]"}
RESULT: {"using":"xpath","value":"//span[contains(text(), \"WebdriverYardjjtihg\")][contains(@id ,\"application-addressmanagement-display-component---detailAdm--addressDetailDetailsName1\")]"}
COMMAND: POST /session/3d9642598987efec4e176332c3be921e/element - {"using":"xpath","value":"//span[contains(text(), \"WebdriverYardjjtihg\")][contains(@id ,\"application-addressmanagement-display-component---detailAdm--addressDetailDetailsName1\")]"}
RESULT: {"using":"xpath","value":"//span[contains(text(), \"WebdriverYardjjtihg\")][contains(@id ,\"application-addressmanagement-display-component---detailAdm--addressDetailDetailsName1\")]"}
COMMAND: POST /session/3d9642598987efec4e176332c3be921e/element/f.C41B252AF7D593F5EF8761846E16752D.d.848EA1589467B6AFFB0880194BEB291B.e.3941/click - {}
COMMAND: POST /session/3d9642598987efec4e176332c3be921e/element - {"using":"xpath","value":"//*[contains(@data-kt ,\"ContextMenuId2Link\")][contains(text(), \"Site Overview\")]"}
RESULT: {"using":"xpath","value":"//*[contains(@data-kt ,\"ContextMenuId2Link\")][contains(text(), \"Site Overview\")]"}
COMMAND: POST /session/3d9642598987efec4e176332c3be921e/element/f.C41B252AF7D593F5EF8761846E16752D.d.848EA1589467B6AFFB0880194BEB291B.e.3941/click - {}
COMMAND: POST /session/3d9642598987efec4e176332c3be921e/element - {"using":"xpath","value":"//*[contains(@data-kt ,\"ContextMenuId2Link\")][contains(text(), \"Site Overview\")]"}
RESULT: {"using":"xpath","value":"//*[contains(@data-kt ,\"ContextMenuId2Link\")][contains(text(), \"Site Overview\")]"}
COMMAND: POST /session/3d9642598987efec4e176332c3be921e/element/f.C41B252AF7D593F5EF8761846E16752D.d.848EA1589467B6AFFB0880194BEB291B.e.4448/click - {}
COMMAND: POST /session/3d9642598987efec4e176332c3be921e/element - {"using":"xpath","value":"//span[contains(text(), \"WebdriverYardjjtihg\")][contains(@id ,\"application-addressmanagement-display-component---detailAdm--addressDetailDetailsName1\")]"}
RESULT: {}
COMMAND: GET /session/3d9642598987efec4e176332c3be921e/screenshot - {}
RESULT: {"using":"xpath","value":"//span[contains(text(), \"WebdriverYardjjtihg\")][contains(@id ,\"application-addressmanagement-display-component---detailAdm--addressDetailDetailsName1\")]"}
RESULT: {}
COMMAND: POST /session/3d9642598987efec4e176332c3be921e/element - {"using":"xpath","value":"//span[contains(text(), \"WebdriverYardjjtihg\")][contains(@id ,\"application-addressmanagement-display-component---detailAdm--addressDetailDetailsName1\")]"}
RESULT: {"using":"xpath","value":"//span[contains(text(), \"WebdriverYardjjtihg\")][contains(@id ,\"application-addressmanagement-display-component---detailAdm--addressDetailDetailsName1\")]"}
COMMAND: POST /session/3d9642598987efec4e176332c3be921e/element - {"using":"xpath","value":"//span[contains(text(), \"WebdriverYardjjtihg\")][contains(@id ,\"application-addressmanagement-display-component---detailAdm--addressDetailDetailsName1\")]"}
RESULT: {"using":"xpath","value":"//span[contains(text(), \"WebdriverYardjjtihg\")][contains(@id ,\"application-addressmanagement-display-component---detailAdm--addressDetailDetailsName1\")]"}
COMMAND: POST /session/3d9642598987efec4e176332c3be921e/element - {"using":"xpath","value":"//span[contains(text(), \"WebdriverYardjjtihg\")][contains(@id ,\"application-addressmanagement-display-component---detailAdm--addressDetailDetailsName1\")]"}
RESULT: {"using":"xpath","value":"//span[contains(text(), \"WebdriverYardjjtihg\")][contains(@id ,\"application-addressmanagement-display-component---detailAdm--addressDetailDetailsName1\")]"}
COMMAND: POST /session/3d9642598987efec4e176332c3be921e/element - {"using":"xpath","value":"//span[contains(text(), \"WebdriverYardjjtihg\")][contains(@id ,\"application-addressmanagement-display-component---detailAdm--addressDetailDetailsName1\")]"}
RESULT: {"using":"xpath","value":"//span[contains(text(), \"WebdriverYardjjtihg\")][contains(@id ,\"application-addressmanagement-display-component---detailAdm--addressDetailDetailsName1\")]"}
COMMAND: POST /session/3d9642598987efec4e176332c3be921e/element - {"using":"xpath","value":"//span[contains(text(), \"WebdriverYardjjtihg\")][contains(@id ,\"application-addressmanagement-display-component---detailAdm--addressDetailDetailsName1\")]"}
RESULT: {"using":"xpath","value":"//span[contains(text(), \"WebdriverYardjjtihg\")][contains(@id ,\"application-addressmanagement-display-component---detailAdm--addressDetailDetailsName1\")]"}
COMMAND: POST /session/3d9642598987efec4e176332c3be921e/element - {"using":"xpath","value":"//span[contains(text(), \"WebdriverYardjjtihg\")][contains(@id ,\"application-addressmanagement-display-component---detailAdm--addressDetailDetailsName1\")]"}
RESULT: {"using":"xpath","value":"//span[contains(text(), \"WebdriverYardjjtihg\")][contains(@id ,\"application-addressmanagement-display-component---detailAdm--addressDetailDetailsName1\")]"}
COMMAND: POST /session/3d9642598987efec4e176332c3be921e/element - {"using":"xpath","value":"//span[contains(text(), \"WebdriverYardjjtihg\")][contains(@id ,\"application-addressmanagement-display-component---detailAdm--addressDetailDetailsName1\")]"}
RESULT: {"using":"xpath","value":"//span[contains(text(), \"WebdriverYardjjtihg\")][contains(@id ,\"application-addressmanagement-display-component---detailAdm--addressDetailDetailsName1\")]"}
COMMAND: POST /session/3d9642598987efec4e176332c3be921e/element - {"using":"xpath","value":"//span[contains(text(), \"WebdriverYardjjtihg\")][contains(@id ,\"application-addressmanagement-display-component---detailAdm--addressDetailDetailsName1\")]"}
RESULT: {"using":"xpath","value":"//span[contains(text(), \"WebdriverYardjjtihg\")][contains(@id ,\"application-addressmanagement-display-component---detailAdm--addressDetailDetailsName1\")]"}
RESULT: undefined
COMMAND: POST /session/3d9642598987efec4e176332c3be921e/execute/async - {"script":"<script> [6424 bytes]","args":[{"element-6066-11e4-a52e-4f735466cecf":"f.C41B252AF7D593F5EF8761846E16752D.d.848EA1589467B6AFFB0880194BEB291B.e.3145"},"getTitle",[]]}
COMMAND: POST /session/3d9642598987efec4e176332c3be921e/execute/async - {"script":"<script> [1562 bytes]","args":[{"selector":{"id":"shellAppTitle"},"wdio_ui5_key":"shellAppTitle"}]}
RESULT: {"script":"<script> [1562 bytes]","args":[{"selector":{"id":"shellAppTitle"},"wdio_ui5_key":"shellAppTitle"}]}
COMMAND: POST /session/3d9642598987efec4e176332c3be921e/execute/async - {"script":"<script> [6424 bytes]","args":[{"element-6066-11e4-a52e-4f735466cecf":"f.C41B252AF7D593F5EF8761846E16752D.d.848EA1589467B6AFFB0880194BEB291B.e.4475"},"getTitle",[]]}
RESULT: {"script":"<script> [6424 bytes]","args":[{"element-6066-11e4-a52e-4f735466cecf":"f.C41B252AF7D593F5EF8761846E16752D.d.848EA1589467B6AFFB0880194BEB291B.e.4475"},"getTitle",[]]}
COMMAND: POST /session/3d9642598987efec4e176332c3be921e/element - {"using":"xpath","value":"(//span[contains(text(), \"WebdriverSitet39nq\")])[2]"}
RESULT: {"using":"xpath","value":"(//span[contains(text(), \"WebdriverSitet39nq\")])[2]"}
COMMAND: POST /session/3d9642598987efec4e176332c3be921e/execute/sync - {"script":"<script> [8489 bytes]","args":[{"element-6066-11e4-a52e-4f735466cecf":"f.C41B252AF7D593F5EF8761846E16752D.d.848EA1589467B6AFFB0880194BEB291B.e.4476","ELEMENT":"f.C41B252AF7D593F5EF8761846E16752D.d.848EA1589467B6AFFB0880194BEB291B.e.4476"}]}
RESULT: undefined
COMMAND: POST /session/3d9642598987efec4e176332c3be921e/element - {"using":"xpath","value":"//*[@id=\"backBtn\"]"}
RESULT: {"script":"<script> [8489 bytes]","args":[{"element-6066-11e4-a52e-4f735466cecf":"f.C41B252AF7D593F5EF8761846E16752D.d.848EA1589467B6AFFB0880194BEB291B.e.4476","ELEMENT":"f.C41B252AF7D593F5EF8761846E16752D.d.848EA1589467B6AFFB0880194BEB291B.e.4476"}]}
COMMAND: GET /session/3d9642598987efec4e176332c3be921e/screenshot - {}
RESULT: {"using":"xpath","value":"//*[@id=\"backBtn\"]"}
COMMAND: POST /session/3d9642598987efec4e176332c3be921e/element/f.C41B252AF7D593F5EF8761846E16752D.d.848EA1589467B6AFFB0880194BEB291B.e.3147/click - {}
RESULT: {}
RESULT: {}
COMMAND: GET /session/3d9642598987efec4e176332c3be921e/screenshot - {}
RESULT: {}
COMMAND: POST /session/3d9642598987efec4e176332c3be921e/element - {"using":"xpath","value":"//*[contains(@data-kt ,\"webshopDetailSiteLink\")]"}
RESULT: {"using":"xpath","value":"//*[contains(@data-kt ,\"webshopDetailSiteLink\")]"}
COMMAND: POST /session/3d9642598987efec4e176332c3be921e/element/f.C41B252AF7D593F5EF8761846E16752D.d.848EA1589467B6AFFB0880194BEB291B.e.4607/click - {}
RESULT: {}
COMMAND: GET /session/3d9642598987efec4e176332c3be921e/screenshot - {}
COMMAND: POST /session/3d9642598987efec4e176332c3be921e/element/f.C41B252AF7D593F5EF8761846E16752D.d.848EA1589467B6AFFB0880194BEB291B.e.3942/click - {}
RESULT: {}
COMMAND: POST /session/3d9642598987efec4e176332c3be921e/element - {"using":"xpath","value":"//*[contains(@data-kt ,\"ContextMenuId3Link\")][contains(text(), \"Site Main Address\")]"}
RESULT: {"using":"xpath","value":"//*[contains(@data-kt ,\"ContextMenuId3Link\")][contains(text(), \"Site Main Address\")]"}
COMMAND: POST /session/3d9642598987efec4e176332c3be921e/element/f.C41B252AF7D593F5EF8761846E16752D.d.848EA1589467B6AFFB0880194BEB291B.e.3942/click - {}
COMMAND: POST /session/3d9642598987efec4e176332c3be921e/element - {"using":"xpath","value":"//*[contains(@data-kt ,\"ContextMenuId3Link\")][contains(text(), \"Site Main Address\")]"}
RESULT: {"using":"xpath","value":"//*[contains(@data-kt ,\"ContextMenuId3Link\")][contains(text(), \"Site Main Address\")]"}
COMMAND: POST /session/3d9642598987efec4e176332c3be921e/element/f.C41B252AF7D593F5EF8761846E16752D.d.848EA1589467B6AFFB0880194BEB291B.e.4609/click - {}
RESULT: {}
COMMAND: GET /session/3d9642598987efec4e176332c3be921e/screenshot - {}
RESULT: {}
COMMAND: POST /session/3d9642598987efec4e176332c3be921e/element - {"using":"xpath","value":"//span[contains(@id ,\"application-addressmanagement-display-component---masterAdm--title1-inner\")]"}
RESULT: {"using":"xpath","value":"//span[contains(@id ,\"application-addressmanagement-display-component---masterAdm--title1-inner\")]"}
COMMAND: GET /session/3d9642598987efec4e176332c3be921e/element/f.C41B252AF7D593F5EF8761846E16752D.d.848EA1589467B6AFFB0880194BEB291B.e.4811/text - {}
RESULT: {}
COMMAND: POST /session/3d9642598987efec4e176332c3be921e/element - {"using":"xpath","value":"//span[contains(@id ,\"application-addressmanagement-display-component---detailAdm--addressDetailDetailsName1\")][contains(text(), \"WebdriverSitet39nq\")]"}
RESULT: {"using":"xpath","value":"//span[contains(@id ,\"application-addressmanagement-display-component---detailAdm--addressDetailDetailsName1\")][contains(text(), \"WebdriverSitet39nq\")]"}
COMMAND: POST /session/3d9642598987efec4e176332c3be921e/execute/sync - {"script":"<script> [8489 bytes]","args":[{"element-6066-11e4-a52e-4f735466cecf":"f.C41B252AF7D593F5EF8761846E16752D.d.848EA1589467B6AFFB0880194BEB291B.e.4812","ELEMENT":"f.C41B252AF7D593F5EF8761846E16752D.d.848EA1589467B6AFFB0880194BEB291B.e.4812"}]}
RESULT: undefined
COMMAND: POST /session/3d9642598987efec4e176332c3be921e/element - {"using":"xpath","value":"//*[@id=\"backBtn\"]"}
RESULT: {"using":"xpath","value":"//*[@id=\"backBtn\"]"}
COMMAND: POST /session/3d9642598987efec4e176332c3be921e/element/f.C41B252AF7D593F5EF8761846E16752D.d.848EA1589467B6AFFB0880194BEB291B.e.3147/click - {}
RESULT: {"script":"<script> [8489 bytes]","args":[{"element-6066-11e4-a52e-4f735466cecf":"f.C41B252AF7D593F5EF8761846E16752D.d.848EA1589467B6AFFB0880194BEB291B.e.4812","ELEMENT":"f.C41B252AF7D593F5EF8761846E16752D.d.848EA1589467B6AFFB0880194BEB291B.e.4812"}]}
COMMAND: GET /session/3d9642598987efec4e176332c3be921e/screenshot - {}
RESULT: {}
COMMAND: GET /session/3d9642598987efec4e176332c3be921e/screenshot - {}
RESULT: {}
RESULT: {}
COMMAND: POST /session/3d9642598987efec4e176332c3be921e/element - {"using":"xpath","value":"//*[contains(@data-kt ,\"webshopDetailSiteLink\")]"}
RESULT: {"using":"xpath","value":"//*[contains(@data-kt ,\"webshopDetailSiteLink\")]"}
COMMAND: POST /session/3d9642598987efec4e176332c3be921e/element/f.C41B252AF7D593F5EF8761846E16752D.d.848EA1589467B6AFFB0880194BEB291B.e.4975/click - {}
RESULT: {}
COMMAND: GET /session/3d9642598987efec4e176332c3be921e/screenshot - {}
RESULT: {}
COMMAND: POST /session/3d9642598987efec4e176332c3be921e/element - {"using":"xpath","value":"//button[contains(@data-kt ,\"ContextMenuIdExternalLink\")]"}
RESULT: {"using":"xpath","value":"//button[contains(@data-kt ,\"ContextMenuIdExternalLink\")]"}
COMMAND: POST /session/3d9642598987efec4e176332c3be921e/element/f.C41B252AF7D593F5EF8761846E16752D.d.848EA1589467B6AFFB0880194BEB291B.e.4976/click - {}
RESULT: {}
COMMAND: GET /session/3d9642598987efec4e176332c3be921e/screenshot - {}
RESULT: {}
COMMAND: GET /session/3d9642598987efec4e176332c3be921e/window/handles - {}
RESULT: {}
COMMAND: POST /session/3d9642598987efec4e176332c3be921e/window - {"handle":"B8A173B0BB84DC260F40806272B3F221"}
RESULT: {"handle":"B8A173B0BB84DC260F40806272B3F221"}
COMMAND: GET /session/3d9642598987efec4e176332c3be921e/url - {}
RESULT: {}
COMMAND: GET /session/3d9642598987efec4e176332c3be921e/screenshot - {}
COMMAND: DELETE /session/3d9642598987efec4e176332c3be921e/window - {}
RESULT: {}
RESULT: {}
COMMAND: POST /session/3d9642598987efec4e176332c3be921e/window - {"handle":"C41B252AF7D593F5EF8761846E16752D"}
RESULT: {"handle":"C41B252AF7D593F5EF8761846E16752D"}
COMMAND: GET /session/3d9642598987efec4e176332c3be921e/url - {}
RESULT: {}
COMMAND: GET /session/3d9642598987efec4e176332c3be921e/screenshot - {}
RESULT: {}
COMMAND: POST /session/3d9642598987efec4e176332c3be921e/element - {"using":"xpath","value":"//button[contains(@data-kt ,\"ContextMenuExternalId2Link\")]"}
RESULT: {"using":"xpath","value":"//button[contains(@data-kt ,\"ContextMenuExternalId2Link\")]"}
COMMAND: POST /session/3d9642598987efec4e176332c3be921e/element/f.C41B252AF7D593F5EF8761846E16752D.d.848EA1589467B6AFFB0880194BEB291B.e.5215/click - {}
RESULT: {}
COMMAND: GET /session/3d9642598987efec4e176332c3be921e/screenshot - {}
RESULT: {}
COMMAND: GET /session/3d9642598987efec4e176332c3be921e/window/handles - {}
RESULT: {}
COMMAND: POST /session/3d9642598987efec4e176332c3be921e/window - {"handle":"F3AC6143AC0A81E2B0CA53497EC30CAA"}
RESULT: {"handle":"F3AC6143AC0A81E2B0CA53497EC30CAA"}
COMMAND: GET /session/3d9642598987efec4e176332c3be921e/url - {}
RESULT: {}
COMMAND: GET /session/3d9642598987efec4e176332c3be921e/screenshot - {}
RESULT: {}
COMMAND: POST /session/3d9642598987efec4e176332c3be921e/execute/sync - {"script":"<script> [8489 bytes]","args":[{"element-6066-11e4-a52e-4f735466cecf":"f.C41B252AF7D593F5EF8761846E16752D.d.848EA1589467B6AFFB0880194BEB291B.e.4476","ELEMENT":"f.C41B252AF7D593F5EF8761846E16752D.d.848EA1589467B6AFFB0880194BEB291B.e.4476"}]}
COMMAND: DELETE /session/3d9642598987efec4e176332c3be921e/window - {}
RESULT: {}
COMMAND: POST /session/3d9642598987efec4e176332c3be921e/window - {"handle":"C41B252AF7D593F5EF8761846E16752D"}
RESULT: {"handle":"C41B252AF7D593F5EF8761846E16752D"}
COMMAND: GET /session/3d9642598987efec4e176332c3be921e/url - {}
COMMAND: POST /session/3d9642598987efec4e176332c3be921e/element - {"using":"xpath","value":"(//span[contains(text(), \"WebdriverSitet39nq\")])[2]"}
RESULT: {}
RESULT: {"using":"xpath","value":"(//span[contains(text(), \"WebdriverSitet39nq\")])[2]"}
COMMAND: POST /session/3d9642598987efec4e176332c3be921e/element - {"using":"xpath","value":"(//span[contains(text(), \"WebdriverSitet39nq\")])[2]"}
COMMAND: GET /session/3d9642598987efec4e176332c3be921e/screenshot - {}
RESULT: {"using":"xpath","value":"(//span[contains(text(), \"WebdriverSitet39nq\")])[2]"}
RESULT: {}
COMMAND: POST /session/3d9642598987efec4e176332c3be921e/element - {"using":"xpath","value":"(//span[contains(text(), \"WebdriverSitet39nq\")])[2]"}
RESULT: {"using":"xpath","value":"(//span[contains(text(), \"WebdriverSitet39nq\")])[2]"}
COMMAND: POST /session/3d9642598987efec4e176332c3be921e/element - {"using":"xpath","value":"(//span[contains(text(), \"WebdriverSitet39nq\")])[2]"}
RESULT: {"using":"xpath","value":"(//span[contains(text(), \"WebdriverSitet39nq\")])[2]"}
COMMAND: POST /session/3d9642598987efec4e176332c3be921e/element - {"using":"xpath","value":"(//span[contains(text(), \"WebdriverSitet39nq\")])[2]"}
RESULT: {"using":"xpath","value":"(//span[contains(text(), \"WebdriverSitet39nq\")])[2]"}
COMMAND: POST /session/3d9642598987efec4e176332c3be921e/element - {"using":"xpath","value":"(//span[contains(text(), \"WebdriverSitet39nq\")])[2]"}
RESULT: {"using":"xpath","value":"(//span[contains(text(), \"WebdriverSitet39nq\")])[2]"}
COMMAND: POST /session/3d9642598987efec4e176332c3be921e/element - {"using":"xpath","value":"(//span[contains(text(), \"WebdriverSitet39nq\")])[2]"}
RESULT: {"using":"xpath","value":"(//span[contains(text(), \"WebdriverSitet39nq\")])[2]"}
COMMAND: POST /session/3d9642598987efec4e176332c3be921e/element - {"using":"xpath","value":"(//span[contains(text(), \"WebdriverSitet39nq\")])[2]"}
RESULT: {"using":"xpath","value":"(//span[contains(text(), \"WebdriverSitet39nq\")])[2]"}
COMMAND: POST /session/3d9642598987efec4e176332c3be921e/element - {"using":"xpath","value":"(//span[contains(text(), \"WebdriverSitet39nq\")])[2]"}
RESULT: {"using":"xpath","value":"(//span[contains(text(), \"WebdriverSitet39nq\")])[2]"}
COMMAND: POST /session/3d9642598987efec4e176332c3be921e/element - {"using":"xpath","value":"//*[contains(@data-kt ,\"webshopDetailSiteLink\")]"}
RESULT: {"using":"xpath","value":"//*[contains(@data-kt ,\"webshopDetailSiteLink\")]"}
COMMAND: POST /session/3d9642598987efec4e176332c3be921e/element/f.C41B252AF7D593F5EF8761846E16752D.d.848EA1589467B6AFFB0880194BEB291B.e.4975/click - {}
RESULT: {}
COMMAND: GET /session/3d9642598987efec4e176332c3be921e/screenshot - {}
COMMAND: POST /session/3d9642598987efec4e176332c3be921e/element - {"using":"xpath","value":"(//span[contains(text(), \"WebdriverSitet39nq\")])[2]"}
RESULT: {}
RESULT: {"using":"xpath","value":"(//span[contains(text(), \"WebdriverSitet39nq\")])[2]"}
COMMAND: POST /session/3d9642598987efec4e176332c3be921e/execute/sync - {"script":"<script> [8489 bytes]","args":[{"element-6066-11e4-a52e-4f735466cecf":"f.C41B252AF7D593F5EF8761846E16752D.d.848EA1589467B6AFFB0880194BEB291B.e.5313","ELEMENT":"f.C41B252AF7D593F5EF8761846E16752D.d.848EA1589467B6AFFB0880194BEB291B.e.5313"}]}
RESULT: {"script":"<script> [8489 bytes]","args":[{"element-6066-11e4-a52e-4f735466cecf":"f.C41B252AF7D593F5EF8761846E16752D.d.848EA1589467B6AFFB0880194BEB291B.e.5313","ELEMENT":"f.C41B252AF7D593F5EF8761846E16752D.d.848EA1589467B6AFFB0880194BEB291B.e.5313"}]}
COMMAND: GET /session/3d9642598987efec4e176332c3be921e/screenshot - {}
RESULT: {}
COMMAND: POST /session/3d9642598987efec4e176332c3be921e/element - {"using":"xpath","value":"(//button[contains(@data-kt ,\"ContextMenuExternalId3Link\")])[2]"}
RESULT: {"using":"xpath","value":"(//button[contains(@data-kt ,\"ContextMenuExternalId3Link\")])[2]"}
COMMAND: POST /session/3d9642598987efec4e176332c3be921e/element/f.C41B252AF7D593F5EF8761846E16752D.d.848EA1589467B6AFFB0880194BEB291B.e.5314/click - {}
RESULT: {}
COMMAND: GET /session/3d9642598987efec4e176332c3be921e/screenshot - {}
RESULT: {}
COMMAND: GET /session/3d9642598987efec4e176332c3be921e/window/handles - {}
RESULT: {}
COMMAND: POST /session/3d9642598987efec4e176332c3be921e/window - {"handle":"F197D8A35477B9305D20BCCAACBFBEB2"}
RESULT: {"handle":"F197D8A35477B9305D20BCCAACBFBEB2"}
COMMAND: GET /session/3d9642598987efec4e176332c3be921e/url - {}
RESULT: {}
COMMAND: POST /session/3d9642598987efec4e176332c3be921e/execute/sync - {"script":"<script> [8489 bytes]","args":[{"element-6066-11e4-a52e-4f735466cecf":"f.C41B252AF7D593F5EF8761846E16752D.d.848EA1589467B6AFFB0880194BEB291B.e.4812","ELEMENT":"f.C41B252AF7D593F5EF8761846E16752D.d.848EA1589467B6AFFB0880194BEB291B.e.4812"}]}
COMMAND: GET /session/3d9642598987efec4e176332c3be921e/screenshot - {}
RESULT: {"script":"<script> [8489 bytes]","args":[{"element-6066-11e4-a52e-4f735466cecf":"f.C41B252AF7D593F5EF8761846E16752D.d.848EA1589467B6AFFB0880194BEB291B.e.4812","ELEMENT":"f.C41B252AF7D593F5EF8761846E16752D.d.848EA1589467B6AFFB0880194BEB291B.e.4812"}]}
COMMAND: GET /session/3d9642598987efec4e176332c3be921e/screenshot - {}
RESULT: {}
RESULT: {}
COMMAND: POST /session/3d9642598987efec4e176332c3be921e/execute/sync - {"script":"<script> [8489 bytes]","args":[{"element-6066-11e4-a52e-4f735466cecf":"f.C41B252AF7D593F5EF8761846E16752D.d.848EA1589467B6AFFB0880194BEB291B.e.4812","ELEMENT":"f.C41B252AF7D593F5EF8761846E16752D.d.848EA1589467B6AFFB0880194BEB291B.e.4812"}]}
RESULT: {"script":"<script> [8489 bytes]","args":[{"element-6066-11e4-a52e-4f735466cecf":"f.C41B252AF7D593F5EF8761846E16752D.d.848EA1589467B6AFFB0880194BEB291B.e.4812","ELEMENT":"f.C41B252AF7D593F5EF8761846E16752D.d.848EA1589467B6AFFB0880194BEB291B.e.4812"}]}
COMMAND: GET /session/3d9642598987efec4e176332c3be921e/screenshot - {}
RESULT: {}
COMMAND: POST /session/3d9642598987efec4e176332c3be921e/execute/sync - {"script":"<script> [8489 bytes]","args":[{"element-6066-11e4-a52e-4f735466cecf":"f.C41B252AF7D593F5EF8761846E16752D.d.848EA1589467B6AFFB0880194BEB291B.e.4812","ELEMENT":"f.C41B252AF7D593F5EF8761846E16752D.d.848EA1589467B6AFFB0880194BEB291B.e.4812"}]}
RESULT: {"script":"<script> [8489 bytes]","args":[{"element-6066-11e4-a52e-4f735466cecf":"f.C41B252AF7D593F5EF8761846E16752D.d.848EA1589467B6AFFB0880194BEB291B.e.4812","ELEMENT":"f.C41B252AF7D593F5EF8761846E16752D.d.848EA1589467B6AFFB0880194BEB291B.e.4812"}]}
COMMAND: GET /session/3d9642598987efec4e176332c3be921e/screenshot - {}
RESULT: {}
COMMAND: POST /session/3d9642598987efec4e176332c3be921e/execute/sync - {"script":"<script> [8489 bytes]","args":[{"element-6066-11e4-a52e-4f735466cecf":"f.C41B252AF7D593F5EF8761846E16752D.d.848EA1589467B6AFFB0880194BEB291B.e.4812","ELEMENT":"f.C41B252AF7D593F5EF8761846E16752D.d.848EA1589467B6AFFB0880194BEB291B.e.4812"}]}
COMMAND: DELETE /session/3d9642598987efec4e176332c3be921e/window - {}
RESULT: {"script":"<script> [8489 bytes]","args":[{"element-6066-11e4-a52e-4f735466cecf":"f.C41B252AF7D593F5EF8761846E16752D.d.848EA1589467B6AFFB0880194BEB291B.e.4812","ELEMENT":"f.C41B252AF7D593F5EF8761846E16752D.d.848EA1589467B6AFFB0880194BEB291B.e.4812"}]}
COMMAND: GET /session/3d9642598987efec4e176332c3be921e/screenshot - {}
RESULT: {}
COMMAND: POST /session/3d9642598987efec4e176332c3be921e/window - {"handle":"C41B252AF7D593F5EF8761846E16752D"}
RESULT: {"handle":"C41B252AF7D593F5EF8761846E16752D"}
COMMAND: GET /session/3d9642598987efec4e176332c3be921e/url - {}
COMMAND: POST /session/3d9642598987efec4e176332c3be921e/execute/sync - {"script":"<script> [8489 bytes]","args":[{"element-6066-11e4-a52e-4f735466cecf":"f.C41B252AF7D593F5EF8761846E16752D.d.848EA1589467B6AFFB0880194BEB291B.e.4812","ELEMENT":"f.C41B252AF7D593F5EF8761846E16752D.d.848EA1589467B6AFFB0880194BEB291B.e.4812"}]}
RESULT: {}
RESULT: {}
COMMAND: GET /session/3d9642598987efec4e176332c3be921e/screenshot - {}
COMMAND: POST /session/3d9642598987efec4e176332c3be921e/element - {"using":"xpath","value":"//span[contains(@id ,\"application-addressmanagement-display-component---detailAdm--addressDetailDetailsName1\")][contains(text(), \"WebdriverSitet39nq\")]"}
RESULT: {}
RESULT: {"using":"xpath","value":"//span[contains(@id ,\"application-addressmanagement-display-component---detailAdm--addressDetailDetailsName1\")][contains(text(), \"WebdriverSitet39nq\")]"}
COMMAND: POST /session/3d9642598987efec4e176332c3be921e/element - {"using":"xpath","value":"//span[contains(@id ,\"application-addressmanagement-display-component---detailAdm--addressDetailDetailsName1\")][contains(text(), \"WebdriverSitet39nq\")]"}
RESULT: {"using":"xpath","value":"//span[contains(@id ,\"application-addressmanagement-display-component---detailAdm--addressDetailDetailsName1\")][contains(text(), \"WebdriverSitet39nq\")]"}
COMMAND: POST /session/3d9642598987efec4e176332c3be921e/element - {"using":"xpath","value":"//span[contains(@id ,\"application-addressmanagement-display-component---detailAdm--addressDetailDetailsName1\")][contains(text(), \"WebdriverSitet39nq\")]"}
RESULT: {"using":"xpath","value":"//span[contains(@id ,\"application-addressmanagement-display-component---detailAdm--addressDetailDetailsName1\")][contains(text(), \"WebdriverSitet39nq\")]"}
COMMAND: POST /session/3d9642598987efec4e176332c3be921e/element - {"using":"xpath","value":"//span[contains(@id ,\"application-addressmanagement-display-component---detailAdm--addressDetailDetailsName1\")][contains(text(), \"WebdriverSitet39nq\")]"}
RESULT: {"using":"xpath","value":"//span[contains(@id ,\"application-addressmanagement-display-component---detailAdm--addressDetailDetailsName1\")][contains(text(), \"WebdriverSitet39nq\")]"}
COMMAND: POST /session/3d9642598987efec4e176332c3be921e/element - {"using":"xpath","value":"//span[contains(@id ,\"application-addressmanagement-display-component---detailAdm--addressDetailDetailsName1\")][contains(text(), \"WebdriverSitet39nq\")]"}
RESULT: {"using":"xpath","value":"//span[contains(@id ,\"application-addressmanagement-display-component---detailAdm--addressDetailDetailsName1\")][contains(text(), \"WebdriverSitet39nq\")]"}
COMMAND: POST /session/3d9642598987efec4e176332c3be921e/element - {"using":"xpath","value":"//span[contains(@id ,\"application-addressmanagement-display-component---detailAdm--addressDetailDetailsName1\")][contains(text(), \"WebdriverSitet39nq\")]"}
RESULT: {"using":"xpath","value":"//span[contains(@id ,\"application-addressmanagement-display-component---detailAdm--addressDetailDetailsName1\")][contains(text(), \"WebdriverSitet39nq\")]"}
COMMAND: POST /session/3d9642598987efec4e176332c3be921e/element - {"using":"xpath","value":"//span[contains(@id ,\"application-addressmanagement-display-component---detailAdm--addressDetailDetailsName1\")][contains(text(), \"WebdriverSitet39nq\")]"}
RESULT: {"using":"xpath","value":"//span[contains(@id ,\"application-addressmanagement-display-component---detailAdm--addressDetailDetailsName1\")][contains(text(), \"WebdriverSitet39nq\")]"}
COMMAND: POST /session/3d9642598987efec4e176332c3be921e/element - {"using":"xpath","value":"//span[contains(@id ,\"application-addressmanagement-display-component---detailAdm--addressDetailDetailsName1\")][contains(text(), \"WebdriverSitet39nq\")]"}
RESULT: {"using":"xpath","value":"//span[contains(@id ,\"application-addressmanagement-display-component---detailAdm--addressDetailDetailsName1\")][contains(text(), \"WebdriverSitet39nq\")]"}
COMMAND: POST /session/3d9642598987efec4e176332c3be921e/element - {"using":"xpath","value":"//span[contains(@id ,\"application-addressmanagement-display-component---detailAdm--addressDetailDetailsName1\")][contains(text(), \"WebdriverSitet39nq\")]"}
RESULT: {"using":"xpath","value":"//span[contains(@id ,\"application-addressmanagement-display-component---detailAdm--addressDetailDetailsName1\")][contains(text(), \"WebdriverSitet39nq\")]"}
COMMAND: POST /session/3d9642598987efec4e176332c3be921e/element - {"using":"xpath","value":"//span[contains(@id ,\"application-addressmanagement-display-component---detailAdm--addressDetailDetailsName1\")][contains(text(), \"WebdriverSitet39nq\")]"}
RESULT: {"using":"xpath","value":"//span[contains(@id ,\"application-addressmanagement-display-component---detailAdm--addressDetailDetailsName1\")][contains(text(), \"WebdriverSitet39nq\")]"}
]]></system-out>
    </testcase>
  </testsuite>
  <testsuite timestamp="2025-04-30T16:28:33" time="37.597" tests="1" failures="1" errors="1" skipped="0">
    <properties>
      <property name="specId" value="0" />
      <property name="suiteName" value="Webshop - Hyperlinks visible and working properly  US139085" />
      <property name="capabilities" value="chrome.135_0_7049_96.windows" />
      <property name="file" value="file:///D:/a/1/s/test/specs/R2C/webshop-hyperlinks-partner-address-contract-item.spec.js" />
    </properties>
  </testsuite>
</testsuites>