<?xml version="1.0" encoding="UTF-8"?>
<testsuites tests="3" failures="0" errors="0" skipped="0">
  <testsuite timestamp="2025-04-27T17:56:11" time="198.64" tests="3" failures="0" errors="0" skipped="0">
    <properties>
      <property name="specId" value="0" />
      <property name="suiteName" value="Address Management Tests US151165 US151160" />
      <property name="capabilities" value="chrome.135_0_7049_96.windows" />
      <property name="file" value="file:///D:/a/1/s/test/specs/BTS/address-management.spec.js" />
    </properties>
    <testcase classname="chrome.135_0_7049_96.windows.Address_Management_Tests_US151165_US151160" name="Step 1 Will check existence of address created with generated name if none then we create" time="67.373">
      <system-out><![CDATA[
COMMAND: POST /session/3787220b98c9a4a9c55d606d0e846e75/execute/async - {"script":"<script> [1562 bytes]","args":[{"selector":{"controlType":"sap.m.GenericTile","properties":{"header":"Address Management"}},"wdio_ui5_key":"sapm.GenericTile{\"header\":\"Address Management\"}"}]}
RESULT: {"script":"<script> [1562 bytes]","args":[{"selector":{"controlType":"sap.m.GenericTile","properties":{"header":"Address Management"}},"wdio_ui5_key":"sapm.GenericTile{\"header\":\"Address Management\"}"}]}
RESULT: undefined
COMMAND: POST /session/3787220b98c9a4a9c55d606d0e846e75/element - {"using":"xpath","value":"//*[@id=\"__tile33\"]"}
RESULT: {"using":"xpath","value":"//*[@id=\"__tile33\"]"}
COMMAND: POST /session/3787220b98c9a4a9c55d606d0e846e75/element/f.E3045C2F22633980CBB9CB1FBFCEDD57.d.B4D8E70EE2FA803AF3FBE0F6107BA88D.e.239/click - {}
RESULT: {}
COMMAND: POST /session/3787220b98c9a4a9c55d606d0e846e75/element - {"using":"xpath","value":"//button[@data-kt=\"addButton\"]"}
COMMAND: GET /session/3787220b98c9a4a9c55d606d0e846e75/screenshot - {}
RESULT: {"using":"xpath","value":"//button[@data-kt=\"addButton\"]"}
COMMAND: POST /session/3787220b98c9a4a9c55d606d0e846e75/elements - {"using":"xpath","value":"//button[@data-kt=\"addButton\"]"}
RESULT: {}
RESULT: {"using":"xpath","value":"//button[@data-kt=\"addButton\"]"}
COMMAND: POST /session/3787220b98c9a4a9c55d606d0e846e75/elements - {"using":"xpath","value":"//button[@data-kt=\"addButton\"]"}
RESULT: {"using":"xpath","value":"//button[@data-kt=\"addButton\"]"}
COMMAND: POST /session/3787220b98c9a4a9c55d606d0e846e75/elements - {"using":"xpath","value":"//button[@data-kt=\"addButton\"]"}
RESULT: {"using":"xpath","value":"//button[@data-kt=\"addButton\"]"}
COMMAND: POST /session/3787220b98c9a4a9c55d606d0e846e75/elements - {"using":"xpath","value":"//button[@data-kt=\"addButton\"]"}
RESULT: {"using":"xpath","value":"//button[@data-kt=\"addButton\"]"}
COMMAND: POST /session/3787220b98c9a4a9c55d606d0e846e75/elements - {"using":"xpath","value":"//button[@data-kt=\"addButton\"]"}
RESULT: {"using":"xpath","value":"//button[@data-kt=\"addButton\"]"}
COMMAND: POST /session/3787220b98c9a4a9c55d606d0e846e75/elements - {"using":"xpath","value":"//button[@data-kt=\"addButton\"]"}
RESULT: {"using":"xpath","value":"//button[@data-kt=\"addButton\"]"}
COMMAND: POST /session/3787220b98c9a4a9c55d606d0e846e75/elements - {"using":"xpath","value":"//button[@data-kt=\"addButton\"]"}
RESULT: {"using":"xpath","value":"//button[@data-kt=\"addButton\"]"}
COMMAND: POST /session/3787220b98c9a4a9c55d606d0e846e75/elements - {"using":"xpath","value":"//button[@data-kt=\"addButton\"]"}
RESULT: {"using":"xpath","value":"//button[@data-kt=\"addButton\"]"}
COMMAND: POST /session/3787220b98c9a4a9c55d606d0e846e75/elements - {"using":"xpath","value":"//button[@data-kt=\"addButton\"]"}
RESULT: {"using":"xpath","value":"//button[@data-kt=\"addButton\"]"}
COMMAND: POST /session/3787220b98c9a4a9c55d606d0e846e75/elements - {"using":"xpath","value":"//button[@data-kt=\"addButton\"]"}
RESULT: {"using":"xpath","value":"//button[@data-kt=\"addButton\"]"}
COMMAND: POST /session/3787220b98c9a4a9c55d606d0e846e75/elements - {"using":"xpath","value":"//button[@data-kt=\"addButton\"]"}
RESULT: {"using":"xpath","value":"//button[@data-kt=\"addButton\"]"}
COMMAND: POST /session/3787220b98c9a4a9c55d606d0e846e75/elements - {"using":"xpath","value":"//button[@data-kt=\"addButton\"]"}
RESULT: {"using":"xpath","value":"//button[@data-kt=\"addButton\"]"}
COMMAND: POST /session/3787220b98c9a4a9c55d606d0e846e75/elements - {"using":"xpath","value":"//button[@data-kt=\"addButton\"]"}
RESULT: {"using":"xpath","value":"//button[@data-kt=\"addButton\"]"}
COMMAND: POST /session/3787220b98c9a4a9c55d606d0e846e75/elements - {"using":"xpath","value":"//button[@data-kt=\"addButton\"]"}
RESULT: {"using":"xpath","value":"//button[@data-kt=\"addButton\"]"}
COMMAND: POST /session/3787220b98c9a4a9c55d606d0e846e75/elements - {"using":"xpath","value":"//button[@data-kt=\"addButton\"]"}
RESULT: {"using":"xpath","value":"//button[@data-kt=\"addButton\"]"}
COMMAND: POST /session/3787220b98c9a4a9c55d606d0e846e75/elements - {"using":"xpath","value":"//button[@data-kt=\"addButton\"]"}
RESULT: {"using":"xpath","value":"//button[@data-kt=\"addButton\"]"}
COMMAND: POST /session/3787220b98c9a4a9c55d606d0e846e75/elements - {"using":"xpath","value":"//button[@data-kt=\"addButton\"]"}
RESULT: {"using":"xpath","value":"//button[@data-kt=\"addButton\"]"}
COMMAND: POST /session/3787220b98c9a4a9c55d606d0e846e75/elements - {"using":"xpath","value":"//button[@data-kt=\"addButton\"]"}
RESULT: {"using":"xpath","value":"//button[@data-kt=\"addButton\"]"}
COMMAND: POST /session/3787220b98c9a4a9c55d606d0e846e75/elements - {"using":"xpath","value":"//button[@data-kt=\"addButton\"]"}
RESULT: {"using":"xpath","value":"//button[@data-kt=\"addButton\"]"}
COMMAND: POST /session/3787220b98c9a4a9c55d606d0e846e75/element - {"using":"xpath","value":"//button[@data-kt=\"addButton\"]"}
RESULT: {"using":"xpath","value":"//button[@data-kt=\"addButton\"]"}
COMMAND: POST /session/3787220b98c9a4a9c55d606d0e846e75/execute/sync - {"script":"<script> [8489 bytes]","args":[{"element-6066-11e4-a52e-4f735466cecf":"f.E3045C2F22633980CBB9CB1FBFCEDD57.d.B4D8E70EE2FA803AF3FBE0F6107BA88D.e.316","ELEMENT":"f.E3045C2F22633980CBB9CB1FBFCEDD57.d.B4D8E70EE2FA803AF3FBE0F6107BA88D.e.316"}]}
RESULT: {"script":"<script> [8489 bytes]","args":[{"element-6066-11e4-a52e-4f735466cecf":"f.E3045C2F22633980CBB9CB1FBFCEDD57.d.B4D8E70EE2FA803AF3FBE0F6107BA88D.e.316","ELEMENT":"f.E3045C2F22633980CBB9CB1FBFCEDD57.d.B4D8E70EE2FA803AF3FBE0F6107BA88D.e.316"}]}
COMMAND: GET /session/3787220b98c9a4a9c55d606d0e846e75/element/f.E3045C2F22633980CBB9CB1FBFCEDD57.d.B4D8E70EE2FA803AF3FBE0F6107BA88D.e.316/enabled - {}
COMMAND: GET /session/3787220b98c9a4a9c55d606d0e846e75/screenshot - {}
RESULT: {}
COMMAND: POST /session/3787220b98c9a4a9c55d606d0e846e75/execute/sync - {"script":"<script> [8489 bytes]","args":[{"element-6066-11e4-a52e-4f735466cecf":"f.E3045C2F22633980CBB9CB1FBFCEDD57.d.B4D8E70EE2FA803AF3FBE0F6107BA88D.e.316","ELEMENT":"f.E3045C2F22633980CBB9CB1FBFCEDD57.d.B4D8E70EE2FA803AF3FBE0F6107BA88D.e.316"}]}
COMMAND: GET /session/3787220b98c9a4a9c55d606d0e846e75/screenshot - {}
RESULT: {}
RESULT: {"script":"<script> [8489 bytes]","args":[{"element-6066-11e4-a52e-4f735466cecf":"f.E3045C2F22633980CBB9CB1FBFCEDD57.d.B4D8E70EE2FA803AF3FBE0F6107BA88D.e.316","ELEMENT":"f.E3045C2F22633980CBB9CB1FBFCEDD57.d.B4D8E70EE2FA803AF3FBE0F6107BA88D.e.316"}]}
COMMAND: POST /session/3787220b98c9a4a9c55d606d0e846e75/execute/sync - {"script":"<script> [5351 bytes]","args":[{"element-6066-11e4-a52e-4f735466cecf":"f.E3045C2F22633980CBB9CB1FBFCEDD57.d.B4D8E70EE2FA803AF3FBE0F6107BA88D.e.316","ELEMENT":"f.E3045C2F22633980CBB9CB1FBFCEDD57.d.B4D8E70EE2FA803AF3FBE0F6107BA88D.e.316"}]}
COMMAND: GET /session/3787220b98c9a4a9c55d606d0e846e75/screenshot - {}
RESULT: {}
RESULT: {"script":"<script> [5351 bytes]","args":[{"element-6066-11e4-a52e-4f735466cecf":"f.E3045C2F22633980CBB9CB1FBFCEDD57.d.B4D8E70EE2FA803AF3FBE0F6107BA88D.e.316","ELEMENT":"f.E3045C2F22633980CBB9CB1FBFCEDD57.d.B4D8E70EE2FA803AF3FBE0F6107BA88D.e.316"}]}
COMMAND: GET /session/3787220b98c9a4a9c55d606d0e846e75/screenshot - {}
RESULT: {}
RESULT: {}
COMMAND: POST /session/3787220b98c9a4a9c55d606d0e846e75/execute/async - {"script":"<script> [1562 bytes]","args":[{"selector":{"id":"application-addressmanagement-display-component---masterAdm--smartFilterBar-btnBasicSearch","interaction":{"idSuffix":"I"}},"wdio_ui5_key":"applicationaddressmanagement-display-component---masterAdm--smartFilterBar-btnBasicSearch"}]}
RESULT: {"script":"<script> [1562 bytes]","args":[{"selector":{"id":"application-addressmanagement-display-component---masterAdm--smartFilterBar-btnBasicSearch","interaction":{"idSuffix":"I"}},"wdio_ui5_key":"applicationaddressmanagement-display-component---masterAdm--smartFilterBar-btnBasicSearch"}]}
RESULT: undefined
COMMAND: POST /session/3787220b98c9a4a9c55d606d0e846e75/execute/async - {"script":"<script> [776 bytes]","args":[{"enterText":"ZOZPEsld8a","selector":{"id":"application-addressmanagement-display-component---masterAdm--smartFilterBar-btnBasicSearch","interaction":{"idSuffix":"I"}},"clearTextFirst":true,"interactionType":"ENTER_TEXT"}]}
RESULT: {"script":"<script> [776 bytes]","args":[{"enterText":"ZOZPEsld8a","selector":{"id":"application-addressmanagement-display-component---masterAdm--smartFilterBar-btnBasicSearch","interaction":{"idSuffix":"I"}},"clearTextFirst":true,"interactionType":"ENTER_TEXT"}]}
COMMAND: POST /session/3787220b98c9a4a9c55d606d0e846e75/actions - {"actions":[{"id":"action1","type":"key","parameters":{},"actions":[{"type":"keyDown","value":"î€‡"},{"type":"pause","duration":10},{"type":"keyUp","value":"î€‡"}]}]}
RESULT: {"actions":[{"id":"action1","type":"key","parameters":{},"actions":[{"type":"keyDown","value":"î€‡"},{"type":"pause","duration":10},{"type":"keyUp","value":"î€‡"}]}]}
COMMAND: GET /session/3787220b98c9a4a9c55d606d0e846e75/screenshot - {}
RESULT: {}
COMMAND: POST /session/3787220b98c9a4a9c55d606d0e846e75/elements - {"using":"xpath","value":"//table[contains(@id, \"customPersonsAddressesTable-listUl\")]/tbody/tr"}
RESULT: {"using":"xpath","value":"//table[contains(@id, \"customPersonsAddressesTable-listUl\")]/tbody/tr"}
COMMAND: POST /session/3787220b98c9a4a9c55d606d0e846e75/element - {"using":"xpath","value":"//table[contains(@id, \"customPersonsAddressesTable-listUl\")]/tbody/tr[1]/td[5]/span/span"}
RESULT: {"using":"xpath","value":"//table[contains(@id, \"customPersonsAddressesTable-listUl\")]/tbody/tr[1]/td[5]/span/span"}
COMMAND: POST /session/3787220b98c9a4a9c55d606d0e846e75/element - {"using":"xpath","value":"//table[contains(@id, \"customPersonsAddressesTable-listUl\")]/tbody/tr[1]/td[3]/span"}
RESULT: {"using":"xpath","value":"//table[contains(@id, \"customPersonsAddressesTable-listUl\")]/tbody/tr[1]/td[3]/span"}
COMMAND: POST /session/3787220b98c9a4a9c55d606d0e846e75/elements - {"using":"xpath","value":"//table[contains(@id, \"customPersonsAddressesTable-listUl\")]/tbody/tr[1]/td[5]/span/span"}
RESULT: {"using":"xpath","value":"//table[contains(@id, \"customPersonsAddressesTable-listUl\")]/tbody/tr[1]/td[5]/span/span"}
COMMAND: POST /session/3787220b98c9a4a9c55d606d0e846e75/element - {"using":"xpath","value":"//span[@id=\"application-addressmanagement-display-component---masterAdm--smartTable-header-inner\"]"}
RESULT: {"using":"xpath","value":"//span[@id=\"application-addressmanagement-display-component---masterAdm--smartTable-header-inner\"]"}
COMMAND: POST /session/3787220b98c9a4a9c55d606d0e846e75/elements - {"using":"xpath","value":"//span[@id=\"application-addressmanagement-display-component---masterAdm--smartTable-header-inner\"]"}
RESULT: {"using":"xpath","value":"//span[@id=\"application-addressmanagement-display-component---masterAdm--smartTable-header-inner\"]"}
COMMAND: POST /session/3787220b98c9a4a9c55d606d0e846e75/execute/sync - {"script":"<script> [56 bytes]","args":[{"element-6066-11e4-a52e-4f735466cecf":"f.E3045C2F22633980CBB9CB1FBFCEDD57.d.B4D8E70EE2FA803AF3FBE0F6107BA88D.e.457","ELEMENT":"f.E3045C2F22633980CBB9CB1FBFCEDD57.d.B4D8E70EE2FA803AF3FBE0F6107BA88D.e.457"}]}
RESULT: {"script":"<script> [56 bytes]","args":[{"element-6066-11e4-a52e-4f735466cecf":"f.E3045C2F22633980CBB9CB1FBFCEDD57.d.B4D8E70EE2FA803AF3FBE0F6107BA88D.e.457","ELEMENT":"f.E3045C2F22633980CBB9CB1FBFCEDD57.d.B4D8E70EE2FA803AF3FBE0F6107BA88D.e.457"}]}
COMMAND: POST /session/3787220b98c9a4a9c55d606d0e846e75/element - {"using":"xpath","value":"//button[@data-kt=\"addButton\"]"}
COMMAND: GET /session/3787220b98c9a4a9c55d606d0e846e75/screenshot - {}
RESULT: {"using":"xpath","value":"//button[@data-kt=\"addButton\"]"}
COMMAND: POST /session/3787220b98c9a4a9c55d606d0e846e75/element/f.E3045C2F22633980CBB9CB1FBFCEDD57.d.B4D8E70EE2FA803AF3FBE0F6107BA88D.e.316/click - {}
RESULT: {}
RESULT: {}
COMMAND: GET /session/3787220b98c9a4a9c55d606d0e846e75/screenshot - {}
RESULT: {}
COMMAND: POST /session/3787220b98c9a4a9c55d606d0e846e75/execute/async - {"script":"<script> [1562 bytes]","args":[{"selector":{"controlType":"sap.ui.core.Icon","viewName":"etm.portal.ui.addressmanagement.view.NewAddress","properties":{"src":{"regex":{"source":"slim\\-arrow\\-down"}}},"ancestor":{"id":"addressTitle","viewName":"etm.portal.ui.addressmanagement.view.NewAddress"}},"wdio_ui5_key":"etmportal.ui.addressmanagement.view.NewAddresssap.ui.core.Icon{\"src\":{\"regex\":{\"source\":\"slim\\\\-arrow\\\\-down\"}}}{\"id\":\"addressTitle\",\"viewName\":\"etm.portal.ui.addressmanagement.view.NewAddress\"}"}]}
RESULT: {"script":"<script> [1562 bytes]","args":[{"selector":{"controlType":"sap.ui.core.Icon","viewName":"etm.portal.ui.addressmanagement.view.NewAddress","properties":{"src":{"regex":{"source":"slim\\-arrow\\-down"}}},"ancestor":{"id":"addressTitle","viewName":"etm.portal.ui.addressmanagement.view.NewAddress"}},"wdio_ui5_key":"etmportal.ui.addressmanagement.view.NewAddresssap.ui.core.Icon{\"src\":{\"regex\":{\"source\":\"slim\\\\-arrow\\\\-down\"}}}{\"id\":\"addressTitle\",\"viewName\":\"etm.portal.ui.addressmanagement.view.NewAddress\"}"}]}
RESULT: undefined
COMMAND: POST /session/3787220b98c9a4a9c55d606d0e846e75/element - {"using":"xpath","value":"//*[@id=\"__xmlview58--addressTitle-arrow\"]"}
RESULT: {"using":"xpath","value":"//*[@id=\"__xmlview58--addressTitle-arrow\"]"}
COMMAND: POST /session/3787220b98c9a4a9c55d606d0e846e75/element/f.E3045C2F22633980CBB9CB1FBFCEDD57.d.B4D8E70EE2FA803AF3FBE0F6107BA88D.e.485/click - {}
RESULT: {}
COMMAND: GET /session/3787220b98c9a4a9c55d606d0e846e75/screenshot - {}
RESULT: {}
COMMAND: POST /session/3787220b98c9a4a9c55d606d0e846e75/element - {"using":"xpath","value":"//li[.//span[text()=\"Dr.\"]]"}
RESULT: {"using":"xpath","value":"//li[.//span[text()=\"Dr.\"]]"}
COMMAND: POST /session/3787220b98c9a4a9c55d606d0e846e75/element/f.E3045C2F22633980CBB9CB1FBFCEDD57.d.B4D8E70EE2FA803AF3FBE0F6107BA88D.e.605/click - {}
RESULT: {}
COMMAND: POST /session/3787220b98c9a4a9c55d606d0e846e75/execute/async - {"script":"<script> [1562 bytes]","args":[{"selector":{"controlType":"sap.ui.core.Icon","viewName":"etm.portal.ui.addressmanagement.view.NewAddress","properties":{"src":{"regex":{"source":"slim\\-arrow\\-down"}}},"ancestor":{"id":"addressDetailDetailsLanguage","viewName":"etm.portal.ui.addressmanagement.view.NewAddress"}},"wdio_ui5_key":"etmportal.ui.addressmanagement.view.NewAddresssap.ui.core.Icon{\"src\":{\"regex\":{\"source\":\"slim\\\\-arrow\\\\-down\"}}}{\"id\":\"addressDetailDetailsLanguage\",\"viewName\":\"etm.portal.ui.addressmanagement.view.NewAddress\"}"}]}
COMMAND: GET /session/3787220b98c9a4a9c55d606d0e846e75/screenshot - {}
RESULT: {"script":"<script> [1562 bytes]","args":[{"selector":{"controlType":"sap.ui.core.Icon","viewName":"etm.portal.ui.addressmanagement.view.NewAddress","properties":{"src":{"regex":{"source":"slim\\-arrow\\-down"}}},"ancestor":{"id":"addressDetailDetailsLanguage","viewName":"etm.portal.ui.addressmanagement.view.NewAddress"}},"wdio_ui5_key":"etmportal.ui.addressmanagement.view.NewAddresssap.ui.core.Icon{\"src\":{\"regex\":{\"source\":\"slim\\\\-arrow\\\\-down\"}}}{\"id\":\"addressDetailDetailsLanguage\",\"viewName\":\"etm.portal.ui.addressmanagement.view.NewAddress\"}"}]}
RESULT: undefined
COMMAND: POST /session/3787220b98c9a4a9c55d606d0e846e75/element - {"using":"xpath","value":"//*[@id=\"__xmlview58--addressDetailDetailsLanguage-arrow\"]"}
RESULT: {}
RESULT: {"using":"xpath","value":"//*[@id=\"__xmlview58--addressDetailDetailsLanguage-arrow\"]"}
COMMAND: POST /session/3787220b98c9a4a9c55d606d0e846e75/element/f.E3045C2F22633980CBB9CB1FBFCEDD57.d.B4D8E70EE2FA803AF3FBE0F6107BA88D.e.498/click - {}
RESULT: {}
COMMAND: GET /session/3787220b98c9a4a9c55d606d0e846e75/screenshot - {}
RESULT: {}
COMMAND: POST /session/3787220b98c9a4a9c55d606d0e846e75/element - {"using":"xpath","value":"//span[contains(text(), \"English\")]"}
RESULT: {"using":"xpath","value":"//span[contains(text(), \"English\")]"}
COMMAND: POST /session/3787220b98c9a4a9c55d606d0e846e75/element/f.E3045C2F22633980CBB9CB1FBFCEDD57.d.B4D8E70EE2FA803AF3FBE0F6107BA88D.e.606/click - {}
RESULT: {}
COMMAND: POST /session/3787220b98c9a4a9c55d606d0e846e75/execute/async - {"script":"<script> [1562 bytes]","args":[{"selector":{"controlType":"sap.m.Input","viewName":"etm.portal.ui.addressmanagement.view.NewAddress","labelFor":{"text":"Name"},"interaction":{"idSuffix":"inner"}},"wdio_ui5_key":"etmportal.ui.addressmanagement.view.NewAddresssap.m.Input{\"text\":\"Name\"}"}]}
COMMAND: GET /session/3787220b98c9a4a9c55d606d0e846e75/screenshot - {}
RESULT: {"script":"<script> [1562 bytes]","args":[{"selector":{"controlType":"sap.m.Input","viewName":"etm.portal.ui.addressmanagement.view.NewAddress","labelFor":{"text":"Name"},"interaction":{"idSuffix":"inner"}},"wdio_ui5_key":"etmportal.ui.addressmanagement.view.NewAddresssap.m.Input{\"text\":\"Name\"}"}]}
RESULT: undefined
COMMAND: POST /session/3787220b98c9a4a9c55d606d0e846e75/execute/async - {"script":"<script> [776 bytes]","args":[{"enterText":"ZOZPEsld8a","selector":{"controlType":"sap.m.Input","viewName":"etm.portal.ui.addressmanagement.view.NewAddress","labelFor":{"text":"Name"},"interaction":{"idSuffix":"inner"}},"clearTextFirst":true,"interactionType":"ENTER_TEXT"}]}
RESULT: {}
RESULT: {"script":"<script> [776 bytes]","args":[{"enterText":"ZOZPEsld8a","selector":{"controlType":"sap.m.Input","viewName":"etm.portal.ui.addressmanagement.view.NewAddress","labelFor":{"text":"Name"},"interaction":{"idSuffix":"inner"}},"clearTextFirst":true,"interactionType":"ENTER_TEXT"}]}
COMMAND: POST /session/3787220b98c9a4a9c55d606d0e846e75/element - {"using":"xpath","value":"//button[@title=\"Save\"]"}
RESULT: {"using":"xpath","value":"//button[@title=\"Save\"]"}
COMMAND: POST /session/3787220b98c9a4a9c55d606d0e846e75/element/f.E3045C2F22633980CBB9CB1FBFCEDD57.d.B4D8E70EE2FA803AF3FBE0F6107BA88D.e.586/click - {}
RESULT: {}
COMMAND: GET /session/3787220b98c9a4a9c55d606d0e846e75/screenshot - {}
RESULT: {}
COMMAND: POST /session/3787220b98c9a4a9c55d606d0e846e75/element - {"using":"xpath","value":"//header[contains(@id, \"application-addressmanagement-display-component---detailAdm--ObjectPageLayout-headerTitle\")]/div[1]/div[3]/div[2]/span"}
RESULT: {"using":"xpath","value":"//header[contains(@id, \"application-addressmanagement-display-component---detailAdm--ObjectPageLayout-headerTitle\")]/div[1]/div[3]/div[2]/span"}
COMMAND: POST /session/3787220b98c9a4a9c55d606d0e846e75/elements - {"using":"xpath","value":"//header[contains(@id, \"application-addressmanagement-display-component---detailAdm--ObjectPageLayout-headerTitle\")]/div[1]/div[3]/div[2]/span"}
RESULT: {"using":"xpath","value":"//header[contains(@id, \"application-addressmanagement-display-component---detailAdm--ObjectPageLayout-headerTitle\")]/div[1]/div[3]/div[2]/span"}
COMMAND: POST /session/3787220b98c9a4a9c55d606d0e846e75/execute/sync - {"script":"<script> [56 bytes]","args":[{"element-6066-11e4-a52e-4f735466cecf":"f.E3045C2F22633980CBB9CB1FBFCEDD57.d.B4D8E70EE2FA803AF3FBE0F6107BA88D.e.639","ELEMENT":"f.E3045C2F22633980CBB9CB1FBFCEDD57.d.B4D8E70EE2FA803AF3FBE0F6107BA88D.e.639"}]}
RESULT: {"script":"<script> [56 bytes]","args":[{"element-6066-11e4-a52e-4f735466cecf":"f.E3045C2F22633980CBB9CB1FBFCEDD57.d.B4D8E70EE2FA803AF3FBE0F6107BA88D.e.639","ELEMENT":"f.E3045C2F22633980CBB9CB1FBFCEDD57.d.B4D8E70EE2FA803AF3FBE0F6107BA88D.e.639"}]}
COMMAND: GET /session/3787220b98c9a4a9c55d606d0e846e75/screenshot - {}
RESULT: {}
COMMAND: POST /session/3787220b98c9a4a9c55d606d0e846e75/element - {"using":"css selector","value":"#shell-header-logo"}
RESULT: {"using":"css selector","value":"#shell-header-logo"}
COMMAND: POST /session/3787220b98c9a4a9c55d606d0e846e75/element/f.E3045C2F22633980CBB9CB1FBFCEDD57.d.B4D8E70EE2FA803AF3FBE0F6107BA88D.e.279/click - {}
RESULT: {}
COMMAND: GET /session/3787220b98c9a4a9c55d606d0e846e75/screenshot - {}
RESULT: {}
]]></system-out>
    </testcase>
    <testcase classname="chrome.135_0_7049_96.windows.Address_Management_Tests_US151165_US151160" name="Step 2 Should deactivate the created address in earlier step US151165" time="37.268">
      <system-out><![CDATA[
RESULT: undefined
COMMAND: POST /session/3787220b98c9a4a9c55d606d0e846e75/element - {"using":"xpath","value":"//*[@id=\"__tile33\"]"}
RESULT: {"using":"xpath","value":"//*[@id=\"__tile33\"]"}
COMMAND: POST /session/3787220b98c9a4a9c55d606d0e846e75/element/f.E3045C2F22633980CBB9CB1FBFCEDD57.d.B4D8E70EE2FA803AF3FBE0F6107BA88D.e.239/click - {}
RESULT: {}
COMMAND: POST /session/3787220b98c9a4a9c55d606d0e846e75/element - {"using":"xpath","value":"//button[@data-kt=\"addButton\"]"}
COMMAND: GET /session/3787220b98c9a4a9c55d606d0e846e75/screenshot - {}
RESULT: {"using":"xpath","value":"//button[@data-kt=\"addButton\"]"}
COMMAND: POST /session/3787220b98c9a4a9c55d606d0e846e75/elements - {"using":"xpath","value":"//button[@data-kt=\"addButton\"]"}
RESULT: {}
RESULT: {"using":"xpath","value":"//button[@data-kt=\"addButton\"]"}
COMMAND: POST /session/3787220b98c9a4a9c55d606d0e846e75/element - {"using":"xpath","value":"//button[@data-kt=\"addButton\"]"}
RESULT: {"using":"xpath","value":"//button[@data-kt=\"addButton\"]"}
COMMAND: POST /session/3787220b98c9a4a9c55d606d0e846e75/execute/sync - {"script":"<script> [8489 bytes]","args":[{"element-6066-11e4-a52e-4f735466cecf":"f.E3045C2F22633980CBB9CB1FBFCEDD57.d.B4D8E70EE2FA803AF3FBE0F6107BA88D.e.701","ELEMENT":"f.E3045C2F22633980CBB9CB1FBFCEDD57.d.B4D8E70EE2FA803AF3FBE0F6107BA88D.e.701"}]}
RESULT: {"script":"<script> [8489 bytes]","args":[{"element-6066-11e4-a52e-4f735466cecf":"f.E3045C2F22633980CBB9CB1FBFCEDD57.d.B4D8E70EE2FA803AF3FBE0F6107BA88D.e.701","ELEMENT":"f.E3045C2F22633980CBB9CB1FBFCEDD57.d.B4D8E70EE2FA803AF3FBE0F6107BA88D.e.701"}]}
COMMAND: GET /session/3787220b98c9a4a9c55d606d0e846e75/element/f.E3045C2F22633980CBB9CB1FBFCEDD57.d.B4D8E70EE2FA803AF3FBE0F6107BA88D.e.701/enabled - {}
COMMAND: GET /session/3787220b98c9a4a9c55d606d0e846e75/screenshot - {}
RESULT: {}
COMMAND: POST /session/3787220b98c9a4a9c55d606d0e846e75/execute/sync - {"script":"<script> [8489 bytes]","args":[{"element-6066-11e4-a52e-4f735466cecf":"f.E3045C2F22633980CBB9CB1FBFCEDD57.d.B4D8E70EE2FA803AF3FBE0F6107BA88D.e.701","ELEMENT":"f.E3045C2F22633980CBB9CB1FBFCEDD57.d.B4D8E70EE2FA803AF3FBE0F6107BA88D.e.701"}]}
COMMAND: GET /session/3787220b98c9a4a9c55d606d0e846e75/screenshot - {}
RESULT: {}
RESULT: {"script":"<script> [8489 bytes]","args":[{"element-6066-11e4-a52e-4f735466cecf":"f.E3045C2F22633980CBB9CB1FBFCEDD57.d.B4D8E70EE2FA803AF3FBE0F6107BA88D.e.701","ELEMENT":"f.E3045C2F22633980CBB9CB1FBFCEDD57.d.B4D8E70EE2FA803AF3FBE0F6107BA88D.e.701"}]}
COMMAND: POST /session/3787220b98c9a4a9c55d606d0e846e75/execute/sync - {"script":"<script> [5351 bytes]","args":[{"element-6066-11e4-a52e-4f735466cecf":"f.E3045C2F22633980CBB9CB1FBFCEDD57.d.B4D8E70EE2FA803AF3FBE0F6107BA88D.e.701","ELEMENT":"f.E3045C2F22633980CBB9CB1FBFCEDD57.d.B4D8E70EE2FA803AF3FBE0F6107BA88D.e.701"}]}
COMMAND: GET /session/3787220b98c9a4a9c55d606d0e846e75/screenshot - {}
RESULT: {}
RESULT: {"script":"<script> [5351 bytes]","args":[{"element-6066-11e4-a52e-4f735466cecf":"f.E3045C2F22633980CBB9CB1FBFCEDD57.d.B4D8E70EE2FA803AF3FBE0F6107BA88D.e.701","ELEMENT":"f.E3045C2F22633980CBB9CB1FBFCEDD57.d.B4D8E70EE2FA803AF3FBE0F6107BA88D.e.701"}]}
COMMAND: GET /session/3787220b98c9a4a9c55d606d0e846e75/screenshot - {}
RESULT: {}
RESULT: {}
RESULT: undefined
COMMAND: POST /session/3787220b98c9a4a9c55d606d0e846e75/execute/async - {"script":"<script> [776 bytes]","args":[{"enterText":"ZOZPEsld8a","selector":{"id":"application-addressmanagement-display-component---masterAdm--smartFilterBar-btnBasicSearch","interaction":{"idSuffix":"I"}},"clearTextFirst":true,"interactionType":"ENTER_TEXT"}]}
RESULT: {"script":"<script> [776 bytes]","args":[{"enterText":"ZOZPEsld8a","selector":{"id":"application-addressmanagement-display-component---masterAdm--smartFilterBar-btnBasicSearch","interaction":{"idSuffix":"I"}},"clearTextFirst":true,"interactionType":"ENTER_TEXT"}]}
COMMAND: POST /session/3787220b98c9a4a9c55d606d0e846e75/actions - {"actions":[{"id":"action2","type":"key","parameters":{},"actions":[{"type":"keyDown","value":"î€‡"},{"type":"pause","duration":10},{"type":"keyUp","value":"î€‡"}]}]}
RESULT: {"actions":[{"id":"action2","type":"key","parameters":{},"actions":[{"type":"keyDown","value":"î€‡"},{"type":"pause","duration":10},{"type":"keyUp","value":"î€‡"}]}]}
COMMAND: GET /session/3787220b98c9a4a9c55d606d0e846e75/screenshot - {}
RESULT: {}
COMMAND: POST /session/3787220b98c9a4a9c55d606d0e846e75/elements - {"using":"xpath","value":"//table[contains(@id, \"customPersonsAddressesTable-listUl\")]/tbody/tr"}
RESULT: {"using":"xpath","value":"//table[contains(@id, \"customPersonsAddressesTable-listUl\")]/tbody/tr"}
COMMAND: POST /session/3787220b98c9a4a9c55d606d0e846e75/element - {"using":"xpath","value":"//table[contains(@id, \"customPersonsAddressesTable-listUl\")]/tbody/tr[1]/td[5]/span/span"}
RESULT: {"using":"xpath","value":"//table[contains(@id, \"customPersonsAddressesTable-listUl\")]/tbody/tr[1]/td[5]/span/span"}
COMMAND: POST /session/3787220b98c9a4a9c55d606d0e846e75/element - {"using":"xpath","value":"//table[contains(@id, \"customPersonsAddressesTable-listUl\")]/tbody/tr[1]/td[3]/span"}
RESULT: {"using":"xpath","value":"//table[contains(@id, \"customPersonsAddressesTable-listUl\")]/tbody/tr[1]/td[3]/span"}
COMMAND: POST /session/3787220b98c9a4a9c55d606d0e846e75/elements - {"using":"xpath","value":"//table[contains(@id, \"customPersonsAddressesTable-listUl\")]/tbody/tr[1]/td[5]/span/span"}
RESULT: {"using":"xpath","value":"//table[contains(@id, \"customPersonsAddressesTable-listUl\")]/tbody/tr[1]/td[5]/span/span"}
COMMAND: POST /session/3787220b98c9a4a9c55d606d0e846e75/execute/sync - {"script":"<script> [56 bytes]","args":[{"element-6066-11e4-a52e-4f735466cecf":"f.E3045C2F22633980CBB9CB1FBFCEDD57.d.B4D8E70EE2FA803AF3FBE0F6107BA88D.e.840","ELEMENT":"f.E3045C2F22633980CBB9CB1FBFCEDD57.d.B4D8E70EE2FA803AF3FBE0F6107BA88D.e.840"}]}
RESULT: {"script":"<script> [56 bytes]","args":[{"element-6066-11e4-a52e-4f735466cecf":"f.E3045C2F22633980CBB9CB1FBFCEDD57.d.B4D8E70EE2FA803AF3FBE0F6107BA88D.e.840","ELEMENT":"f.E3045C2F22633980CBB9CB1FBFCEDD57.d.B4D8E70EE2FA803AF3FBE0F6107BA88D.e.840"}]}
COMMAND: POST /session/3787220b98c9a4a9c55d606d0e846e75/execute/sync - {"script":"<script> [56 bytes]","args":[{"element-6066-11e4-a52e-4f735466cecf":"f.E3045C2F22633980CBB9CB1FBFCEDD57.d.B4D8E70EE2FA803AF3FBE0F6107BA88D.e.841","ELEMENT":"f.E3045C2F22633980CBB9CB1FBFCEDD57.d.B4D8E70EE2FA803AF3FBE0F6107BA88D.e.841"}]}
COMMAND: GET /session/3787220b98c9a4a9c55d606d0e846e75/screenshot - {}
RESULT: {"script":"<script> [56 bytes]","args":[{"element-6066-11e4-a52e-4f735466cecf":"f.E3045C2F22633980CBB9CB1FBFCEDD57.d.B4D8E70EE2FA803AF3FBE0F6107BA88D.e.841","ELEMENT":"f.E3045C2F22633980CBB9CB1FBFCEDD57.d.B4D8E70EE2FA803AF3FBE0F6107BA88D.e.841"}]}
COMMAND: POST /session/3787220b98c9a4a9c55d606d0e846e75/element - {"using":"xpath","value":"//table[contains(@id, \"customPersonsAddressesTable-listUl\")]/tbody/tr[1]/td[10]/div/span"}
COMMAND: GET /session/3787220b98c9a4a9c55d606d0e846e75/screenshot - {}
RESULT: {}
RESULT: {"using":"xpath","value":"//table[contains(@id, \"customPersonsAddressesTable-listUl\")]/tbody/tr[1]/td[10]/div/span"}
COMMAND: POST /session/3787220b98c9a4a9c55d606d0e846e75/execute/sync - {"script":"<script> [56 bytes]","args":[{"element-6066-11e4-a52e-4f735466cecf":"f.E3045C2F22633980CBB9CB1FBFCEDD57.d.B4D8E70EE2FA803AF3FBE0F6107BA88D.e.842","ELEMENT":"f.E3045C2F22633980CBB9CB1FBFCEDD57.d.B4D8E70EE2FA803AF3FBE0F6107BA88D.e.842"}]}
RESULT: {}
RESULT: {"script":"<script> [56 bytes]","args":[{"element-6066-11e4-a52e-4f735466cecf":"f.E3045C2F22633980CBB9CB1FBFCEDD57.d.B4D8E70EE2FA803AF3FBE0F6107BA88D.e.842","ELEMENT":"f.E3045C2F22633980CBB9CB1FBFCEDD57.d.B4D8E70EE2FA803AF3FBE0F6107BA88D.e.842"}]}
COMMAND: POST /session/3787220b98c9a4a9c55d606d0e846e75/element - {"using":"xpath","value":"//table[contains(@id, \"customPersonsAddressesTable-listUl\")]/tbody/tr[1]/td[2]/div/div"}
COMMAND: GET /session/3787220b98c9a4a9c55d606d0e846e75/screenshot - {}
RESULT: {"using":"xpath","value":"//table[contains(@id, \"customPersonsAddressesTable-listUl\")]/tbody/tr[1]/td[2]/div/div"}
COMMAND: POST /session/3787220b98c9a4a9c55d606d0e846e75/element/f.E3045C2F22633980CBB9CB1FBFCEDD57.d.B4D8E70EE2FA803AF3FBE0F6107BA88D.e.843/click - {}
RESULT: {}
RESULT: {}
COMMAND: GET /session/3787220b98c9a4a9c55d606d0e846e75/screenshot - {}
RESULT: {}
COMMAND: POST /session/3787220b98c9a4a9c55d606d0e846e75/element - {"using":"xpath","value":"//bdi[contains(text(), \"Deactivate\")]"}
RESULT: {"using":"xpath","value":"//bdi[contains(text(), \"Deactivate\")]"}
COMMAND: POST /session/3787220b98c9a4a9c55d606d0e846e75/element/f.E3045C2F22633980CBB9CB1FBFCEDD57.d.B4D8E70EE2FA803AF3FBE0F6107BA88D.e.844/click - {}
RESULT: {}
COMMAND: GET /session/3787220b98c9a4a9c55d606d0e846e75/screenshot - {}
RESULT: {}
COMMAND: POST /session/3787220b98c9a4a9c55d606d0e846e75/element - {"using":"xpath","value":"//bdi[contains(text(), \"Yes\")]"}
RESULT: {"using":"xpath","value":"//bdi[contains(text(), \"Yes\")]"}
COMMAND: POST /session/3787220b98c9a4a9c55d606d0e846e75/element/f.E3045C2F22633980CBB9CB1FBFCEDD57.d.B4D8E70EE2FA803AF3FBE0F6107BA88D.e.846/click - {}
RESULT: {}
COMMAND: GET /session/3787220b98c9a4a9c55d606d0e846e75/screenshot - {}
RESULT: {}
COMMAND: POST /session/3787220b98c9a4a9c55d606d0e846e75/element - {"using":"xpath","value":"//table[contains(@id, \"customPersonsAddressesTable-listUl\")]/tbody/tr[1]/td[10]/div/span"}
RESULT: {"using":"xpath","value":"//table[contains(@id, \"customPersonsAddressesTable-listUl\")]/tbody/tr[1]/td[10]/div/span"}
COMMAND: POST /session/3787220b98c9a4a9c55d606d0e846e75/execute/sync - {"script":"<script> [56 bytes]","args":[{"element-6066-11e4-a52e-4f735466cecf":"f.E3045C2F22633980CBB9CB1FBFCEDD57.d.B4D8E70EE2FA803AF3FBE0F6107BA88D.e.842","ELEMENT":"f.E3045C2F22633980CBB9CB1FBFCEDD57.d.B4D8E70EE2FA803AF3FBE0F6107BA88D.e.842"}]}
RESULT: {"script":"<script> [56 bytes]","args":[{"element-6066-11e4-a52e-4f735466cecf":"f.E3045C2F22633980CBB9CB1FBFCEDD57.d.B4D8E70EE2FA803AF3FBE0F6107BA88D.e.842","ELEMENT":"f.E3045C2F22633980CBB9CB1FBFCEDD57.d.B4D8E70EE2FA803AF3FBE0F6107BA88D.e.842"}]}
COMMAND: GET /session/3787220b98c9a4a9c55d606d0e846e75/screenshot - {}
RESULT: {}
COMMAND: POST /session/3787220b98c9a4a9c55d606d0e846e75/element - {"using":"css selector","value":"#shell-header-logo"}
RESULT: {"using":"css selector","value":"#shell-header-logo"}
COMMAND: POST /session/3787220b98c9a4a9c55d606d0e846e75/element/f.E3045C2F22633980CBB9CB1FBFCEDD57.d.B4D8E70EE2FA803AF3FBE0F6107BA88D.e.644/click - {}
RESULT: {}
COMMAND: GET /session/3787220b98c9a4a9c55d606d0e846e75/screenshot - {}
RESULT: {}
]]></system-out>
    </testcase>
    <testcase classname="chrome.135_0_7049_96.windows.Address_Management_Tests_US151165_US151160" name="Step 3 Should activate the created address back again US151160" time="39.533">
      <system-out><![CDATA[
RESULT: undefined
COMMAND: POST /session/3787220b98c9a4a9c55d606d0e846e75/element - {"using":"xpath","value":"//*[@id=\"__tile33\"]"}
RESULT: {"using":"xpath","value":"//*[@id=\"__tile33\"]"}
COMMAND: POST /session/3787220b98c9a4a9c55d606d0e846e75/element/f.E3045C2F22633980CBB9CB1FBFCEDD57.d.B4D8E70EE2FA803AF3FBE0F6107BA88D.e.239/click - {}
RESULT: {}
COMMAND: POST /session/3787220b98c9a4a9c55d606d0e846e75/element - {"using":"xpath","value":"//button[@data-kt=\"addButton\"]"}
COMMAND: GET /session/3787220b98c9a4a9c55d606d0e846e75/screenshot - {}
RESULT: {"using":"xpath","value":"//button[@data-kt=\"addButton\"]"}
COMMAND: POST /session/3787220b98c9a4a9c55d606d0e846e75/elements - {"using":"xpath","value":"//button[@data-kt=\"addButton\"]"}
RESULT: {}
RESULT: {"using":"xpath","value":"//button[@data-kt=\"addButton\"]"}
COMMAND: POST /session/3787220b98c9a4a9c55d606d0e846e75/element - {"using":"xpath","value":"//button[@data-kt=\"addButton\"]"}
RESULT: {"using":"xpath","value":"//button[@data-kt=\"addButton\"]"}
COMMAND: POST /session/3787220b98c9a4a9c55d606d0e846e75/execute/sync - {"script":"<script> [8489 bytes]","args":[{"element-6066-11e4-a52e-4f735466cecf":"f.E3045C2F22633980CBB9CB1FBFCEDD57.d.B4D8E70EE2FA803AF3FBE0F6107BA88D.e.918","ELEMENT":"f.E3045C2F22633980CBB9CB1FBFCEDD57.d.B4D8E70EE2FA803AF3FBE0F6107BA88D.e.918"}]}
RESULT: {"script":"<script> [8489 bytes]","args":[{"element-6066-11e4-a52e-4f735466cecf":"f.E3045C2F22633980CBB9CB1FBFCEDD57.d.B4D8E70EE2FA803AF3FBE0F6107BA88D.e.918","ELEMENT":"f.E3045C2F22633980CBB9CB1FBFCEDD57.d.B4D8E70EE2FA803AF3FBE0F6107BA88D.e.918"}]}
COMMAND: GET /session/3787220b98c9a4a9c55d606d0e846e75/element/f.E3045C2F22633980CBB9CB1FBFCEDD57.d.B4D8E70EE2FA803AF3FBE0F6107BA88D.e.918/enabled - {}
COMMAND: GET /session/3787220b98c9a4a9c55d606d0e846e75/screenshot - {}
RESULT: {}
COMMAND: POST /session/3787220b98c9a4a9c55d606d0e846e75/execute/sync - {"script":"<script> [8489 bytes]","args":[{"element-6066-11e4-a52e-4f735466cecf":"f.E3045C2F22633980CBB9CB1FBFCEDD57.d.B4D8E70EE2FA803AF3FBE0F6107BA88D.e.918","ELEMENT":"f.E3045C2F22633980CBB9CB1FBFCEDD57.d.B4D8E70EE2FA803AF3FBE0F6107BA88D.e.918"}]}
COMMAND: GET /session/3787220b98c9a4a9c55d606d0e846e75/screenshot - {}
RESULT: {}
RESULT: {"script":"<script> [8489 bytes]","args":[{"element-6066-11e4-a52e-4f735466cecf":"f.E3045C2F22633980CBB9CB1FBFCEDD57.d.B4D8E70EE2FA803AF3FBE0F6107BA88D.e.918","ELEMENT":"f.E3045C2F22633980CBB9CB1FBFCEDD57.d.B4D8E70EE2FA803AF3FBE0F6107BA88D.e.918"}]}
COMMAND: POST /session/3787220b98c9a4a9c55d606d0e846e75/execute/sync - {"script":"<script> [5351 bytes]","args":[{"element-6066-11e4-a52e-4f735466cecf":"f.E3045C2F22633980CBB9CB1FBFCEDD57.d.B4D8E70EE2FA803AF3FBE0F6107BA88D.e.918","ELEMENT":"f.E3045C2F22633980CBB9CB1FBFCEDD57.d.B4D8E70EE2FA803AF3FBE0F6107BA88D.e.918"}]}
COMMAND: GET /session/3787220b98c9a4a9c55d606d0e846e75/screenshot - {}
RESULT: {}
RESULT: {"script":"<script> [5351 bytes]","args":[{"element-6066-11e4-a52e-4f735466cecf":"f.E3045C2F22633980CBB9CB1FBFCEDD57.d.B4D8E70EE2FA803AF3FBE0F6107BA88D.e.918","ELEMENT":"f.E3045C2F22633980CBB9CB1FBFCEDD57.d.B4D8E70EE2FA803AF3FBE0F6107BA88D.e.918"}]}
COMMAND: GET /session/3787220b98c9a4a9c55d606d0e846e75/screenshot - {}
RESULT: {}
RESULT: {}
RESULT: undefined
COMMAND: POST /session/3787220b98c9a4a9c55d606d0e846e75/execute/async - {"script":"<script> [776 bytes]","args":[{"enterText":"ZOZPEsld8a","selector":{"id":"application-addressmanagement-display-component---masterAdm--smartFilterBar-btnBasicSearch","interaction":{"idSuffix":"I"}},"clearTextFirst":true,"interactionType":"ENTER_TEXT"}]}
RESULT: {"script":"<script> [776 bytes]","args":[{"enterText":"ZOZPEsld8a","selector":{"id":"application-addressmanagement-display-component---masterAdm--smartFilterBar-btnBasicSearch","interaction":{"idSuffix":"I"}},"clearTextFirst":true,"interactionType":"ENTER_TEXT"}]}
COMMAND: POST /session/3787220b98c9a4a9c55d606d0e846e75/actions - {"actions":[{"id":"action3","type":"key","parameters":{},"actions":[{"type":"keyDown","value":"î€‡"},{"type":"pause","duration":10},{"type":"keyUp","value":"î€‡"}]}]}
RESULT: {"actions":[{"id":"action3","type":"key","parameters":{},"actions":[{"type":"keyDown","value":"î€‡"},{"type":"pause","duration":10},{"type":"keyUp","value":"î€‡"}]}]}
COMMAND: GET /session/3787220b98c9a4a9c55d606d0e846e75/screenshot - {}
RESULT: {}
COMMAND: POST /session/3787220b98c9a4a9c55d606d0e846e75/elements - {"using":"xpath","value":"//table[contains(@id, \"customPersonsAddressesTable-listUl\")]/tbody/tr"}
RESULT: {"using":"xpath","value":"//table[contains(@id, \"customPersonsAddressesTable-listUl\")]/tbody/tr"}
COMMAND: POST /session/3787220b98c9a4a9c55d606d0e846e75/element - {"using":"xpath","value":"//table[contains(@id, \"customPersonsAddressesTable-listUl\")]/tbody/tr[1]/td[5]/span/span"}
RESULT: {"using":"xpath","value":"//table[contains(@id, \"customPersonsAddressesTable-listUl\")]/tbody/tr[1]/td[5]/span/span"}
COMMAND: POST /session/3787220b98c9a4a9c55d606d0e846e75/element - {"using":"xpath","value":"//table[contains(@id, \"customPersonsAddressesTable-listUl\")]/tbody/tr[1]/td[3]/span"}
RESULT: {"using":"xpath","value":"//table[contains(@id, \"customPersonsAddressesTable-listUl\")]/tbody/tr[1]/td[3]/span"}
COMMAND: POST /session/3787220b98c9a4a9c55d606d0e846e75/elements - {"using":"xpath","value":"//table[contains(@id, \"customPersonsAddressesTable-listUl\")]/tbody/tr[1]/td[5]/span/span"}
RESULT: {"using":"xpath","value":"//table[contains(@id, \"customPersonsAddressesTable-listUl\")]/tbody/tr[1]/td[5]/span/span"}
COMMAND: POST /session/3787220b98c9a4a9c55d606d0e846e75/execute/sync - {"script":"<script> [56 bytes]","args":[{"element-6066-11e4-a52e-4f735466cecf":"f.E3045C2F22633980CBB9CB1FBFCEDD57.d.B4D8E70EE2FA803AF3FBE0F6107BA88D.e.1059","ELEMENT":"f.E3045C2F22633980CBB9CB1FBFCEDD57.d.B4D8E70EE2FA803AF3FBE0F6107BA88D.e.1059"}]}
RESULT: {"script":"<script> [56 bytes]","args":[{"element-6066-11e4-a52e-4f735466cecf":"f.E3045C2F22633980CBB9CB1FBFCEDD57.d.B4D8E70EE2FA803AF3FBE0F6107BA88D.e.1059","ELEMENT":"f.E3045C2F22633980CBB9CB1FBFCEDD57.d.B4D8E70EE2FA803AF3FBE0F6107BA88D.e.1059"}]}
COMMAND: POST /session/3787220b98c9a4a9c55d606d0e846e75/execute/sync - {"script":"<script> [56 bytes]","args":[{"element-6066-11e4-a52e-4f735466cecf":"f.E3045C2F22633980CBB9CB1FBFCEDD57.d.B4D8E70EE2FA803AF3FBE0F6107BA88D.e.1060","ELEMENT":"f.E3045C2F22633980CBB9CB1FBFCEDD57.d.B4D8E70EE2FA803AF3FBE0F6107BA88D.e.1060"}]}
COMMAND: GET /session/3787220b98c9a4a9c55d606d0e846e75/screenshot - {}
RESULT: {"script":"<script> [56 bytes]","args":[{"element-6066-11e4-a52e-4f735466cecf":"f.E3045C2F22633980CBB9CB1FBFCEDD57.d.B4D8E70EE2FA803AF3FBE0F6107BA88D.e.1060","ELEMENT":"f.E3045C2F22633980CBB9CB1FBFCEDD57.d.B4D8E70EE2FA803AF3FBE0F6107BA88D.e.1060"}]}
COMMAND: POST /session/3787220b98c9a4a9c55d606d0e846e75/element - {"using":"xpath","value":"//table[contains(@id, \"customPersonsAddressesTable-listUl\")]/tbody/tr[1]/td[10]/div/span"}
COMMAND: GET /session/3787220b98c9a4a9c55d606d0e846e75/screenshot - {}
RESULT: {}
RESULT: {"using":"xpath","value":"//table[contains(@id, \"customPersonsAddressesTable-listUl\")]/tbody/tr[1]/td[10]/div/span"}
COMMAND: POST /session/3787220b98c9a4a9c55d606d0e846e75/execute/sync - {"script":"<script> [56 bytes]","args":[{"element-6066-11e4-a52e-4f735466cecf":"f.E3045C2F22633980CBB9CB1FBFCEDD57.d.B4D8E70EE2FA803AF3FBE0F6107BA88D.e.1061","ELEMENT":"f.E3045C2F22633980CBB9CB1FBFCEDD57.d.B4D8E70EE2FA803AF3FBE0F6107BA88D.e.1061"}]}
RESULT: {}
RESULT: {"script":"<script> [56 bytes]","args":[{"element-6066-11e4-a52e-4f735466cecf":"f.E3045C2F22633980CBB9CB1FBFCEDD57.d.B4D8E70EE2FA803AF3FBE0F6107BA88D.e.1061","ELEMENT":"f.E3045C2F22633980CBB9CB1FBFCEDD57.d.B4D8E70EE2FA803AF3FBE0F6107BA88D.e.1061"}]}
COMMAND: POST /session/3787220b98c9a4a9c55d606d0e846e75/element - {"using":"xpath","value":"//table[contains(@id, \"customPersonsAddressesTable-listUl\")]/tbody/tr[1]/td[2]/div/div"}
COMMAND: GET /session/3787220b98c9a4a9c55d606d0e846e75/screenshot - {}
RESULT: {"using":"xpath","value":"//table[contains(@id, \"customPersonsAddressesTable-listUl\")]/tbody/tr[1]/td[2]/div/div"}
COMMAND: POST /session/3787220b98c9a4a9c55d606d0e846e75/element/f.E3045C2F22633980CBB9CB1FBFCEDD57.d.B4D8E70EE2FA803AF3FBE0F6107BA88D.e.1062/click - {}
RESULT: {}
RESULT: {}
COMMAND: GET /session/3787220b98c9a4a9c55d606d0e846e75/screenshot - {}
RESULT: {}
COMMAND: POST /session/3787220b98c9a4a9c55d606d0e846e75/element - {"using":"xpath","value":"//bdi[contains(text(), \"Activate\")]"}
RESULT: {"using":"xpath","value":"//bdi[contains(text(), \"Activate\")]"}
COMMAND: POST /session/3787220b98c9a4a9c55d606d0e846e75/element/f.E3045C2F22633980CBB9CB1FBFCEDD57.d.B4D8E70EE2FA803AF3FBE0F6107BA88D.e.1063/click - {}
RESULT: {}
COMMAND: GET /session/3787220b98c9a4a9c55d606d0e846e75/screenshot - {}
RESULT: {}
COMMAND: POST /session/3787220b98c9a4a9c55d606d0e846e75/element - {"using":"xpath","value":"//bdi[contains(text(), \"Yes\")]"}
RESULT: {"using":"xpath","value":"//bdi[contains(text(), \"Yes\")]"}
COMMAND: POST /session/3787220b98c9a4a9c55d606d0e846e75/element/f.E3045C2F22633980CBB9CB1FBFCEDD57.d.B4D8E70EE2FA803AF3FBE0F6107BA88D.e.1065/click - {}
RESULT: {}
COMMAND: GET /session/3787220b98c9a4a9c55d606d0e846e75/screenshot - {}
RESULT: {}
COMMAND: POST /session/3787220b98c9a4a9c55d606d0e846e75/element - {"using":"xpath","value":"//table[contains(@id, \"customPersonsAddressesTable-listUl\")]/tbody/tr[1]/td[10]/div/span"}
RESULT: {"using":"xpath","value":"//table[contains(@id, \"customPersonsAddressesTable-listUl\")]/tbody/tr[1]/td[10]/div/span"}
COMMAND: POST /session/3787220b98c9a4a9c55d606d0e846e75/execute/sync - {"script":"<script> [56 bytes]","args":[{"element-6066-11e4-a52e-4f735466cecf":"f.E3045C2F22633980CBB9CB1FBFCEDD57.d.B4D8E70EE2FA803AF3FBE0F6107BA88D.e.1061","ELEMENT":"f.E3045C2F22633980CBB9CB1FBFCEDD57.d.B4D8E70EE2FA803AF3FBE0F6107BA88D.e.1061"}]}
RESULT: {"script":"<script> [56 bytes]","args":[{"element-6066-11e4-a52e-4f735466cecf":"f.E3045C2F22633980CBB9CB1FBFCEDD57.d.B4D8E70EE2FA803AF3FBE0F6107BA88D.e.1061","ELEMENT":"f.E3045C2F22633980CBB9CB1FBFCEDD57.d.B4D8E70EE2FA803AF3FBE0F6107BA88D.e.1061"}]}
COMMAND: GET /session/3787220b98c9a4a9c55d606d0e846e75/screenshot - {}
RESULT: {}
COMMAND: POST /session/3787220b98c9a4a9c55d606d0e846e75/element - {"using":"css selector","value":"#shell-header-logo"}
RESULT: {"using":"css selector","value":"#shell-header-logo"}
COMMAND: POST /session/3787220b98c9a4a9c55d606d0e846e75/element/f.E3045C2F22633980CBB9CB1FBFCEDD57.d.B4D8E70EE2FA803AF3FBE0F6107BA88D.e.854/click - {}
RESULT: {}
COMMAND: GET /session/3787220b98c9a4a9c55d606d0e846e75/screenshot - {}
RESULT: {}
COMMAND: DELETE /session/3787220b98c9a4a9c55d606d0e846e75 - {}
RESULT: {}
]]></system-out>
    </testcase>
  </testsuite>
</testsuites>