<?xml version="1.0" encoding="UTF-8"?>
<testsuites tests="6" failures="0" errors="0" skipped="0">
  <testsuite timestamp="2025-05-21T16:30:58" time="1037.014" tests="6" failures="0" errors="0" skipped="0">
    <properties>
      <property name="specId" value="0"/>
      <property name="suiteName" value="RU Inventory Mass State Change Multiple Items US151066"/>
      <property name="capabilities" value="chrome.136_0_7103_93.windows"/>
      <property name="file" value="file:///D:/a/1/s/test/specs/HTR/ru-inv-list-mass-state-change.spec.js"/>
    </properties>
    <testcase classname="chrome.136_0_7103_93.windows.RU_Inventory_Mass_State_Change_Multiple_Items_US151066" name="Step 1 Should do a RU inventory mass state change on chosen yard 109 with the resources available one equipment multipart one tool pool" time="269.523">
      <system-out><![CDATA[
COMMAND: POST /session/42302a9ea49feb79903a3467d1524afa/execute/async - {"script":"<script> [1562 bytes]","args":[{"selector":{"controlType":"sap.m.GenericTile","properties":{"header":"RU Inventory List"}},"wdio_ui5_key":"sapm.GenericTile{\"header\":\"RU Inventory List\"}"}]}
RESULT: {"script":"<script> [1562 bytes]","args":[{"selector":{"controlType":"sap.m.GenericTile","properties":{"header":"RU Inventory List"}},"wdio_ui5_key":"sapm.GenericTile{\"header\":\"RU Inventory List\"}"}]}
RESULT: undefined
COMMAND: POST /session/42302a9ea49feb79903a3467d1524afa/element - {"using":"xpath","value":"//*[@id=\"__tile99\"]"}
RESULT: {"using":"xpath","value":"//*[@id=\"__tile99\"]"}
COMMAND: POST /session/42302a9ea49feb79903a3467d1524afa/element/f.20E1EB2F6CB099DCC75CCCE897A671A3.d.34787C210276000C815A054CA15C9D21.e.265/click - {}
RESULT: {}
COMMAND: GET /session/42302a9ea49feb79903a3467d1524afa/screenshot - {}
RESULT: {}
COMMAND: POST /session/42302a9ea49feb79903a3467d1524afa/elements - {"using":"xpath","value":"//span[text()='Error']"}
RESULT: {"using":"xpath","value":"//span[text()='Error']"}
COMMAND: POST /session/42302a9ea49feb79903a3467d1524afa/element - {"using":"xpath","value":"//button[contains(@id, \"massStateBtn\")]"}
RESULT: {"using":"xpath","value":"//button[contains(@id, \"massStateBtn\")]"}
COMMAND: POST /session/42302a9ea49feb79903a3467d1524afa/elements - {"using":"xpath","value":"//button[contains(@id, \"massStateBtn\")]"}
RESULT: {"using":"xpath","value":"//button[contains(@id, \"massStateBtn\")]"}
COMMAND: POST /session/42302a9ea49feb79903a3467d1524afa/execute/sync - {"script":"<script> [8489 bytes]","args":[{"element-6066-11e4-a52e-4f735466cecf":"f.20E1EB2F6CB099DCC75CCCE897A671A3.d.34787C210276000C815A054CA15C9D21.e.299","ELEMENT":"f.20E1EB2F6CB099DCC75CCCE897A671A3.d.34787C210276000C815A054CA15C9D21.e.299"}]}
RESULT: {"script":"<script> [8489 bytes]","args":[{"element-6066-11e4-a52e-4f735466cecf":"f.20E1EB2F6CB099DCC75CCCE897A671A3.d.34787C210276000C815A054CA15C9D21.e.299","ELEMENT":"f.20E1EB2F6CB099DCC75CCCE897A671A3.d.34787C210276000C815A054CA15C9D21.e.299"}]}
COMMAND: GET /session/42302a9ea49feb79903a3467d1524afa/element/f.20E1EB2F6CB099DCC75CCCE897A671A3.d.34787C210276000C815A054CA15C9D21.e.299/enabled - {}
COMMAND: GET /session/42302a9ea49feb79903a3467d1524afa/screenshot - {}
RESULT: {}
COMMAND: POST /session/42302a9ea49feb79903a3467d1524afa/execute/sync - {"script":"<script> [8489 bytes]","args":[{"element-6066-11e4-a52e-4f735466cecf":"f.20E1EB2F6CB099DCC75CCCE897A671A3.d.34787C210276000C815A054CA15C9D21.e.299","ELEMENT":"f.20E1EB2F6CB099DCC75CCCE897A671A3.d.34787C210276000C815A054CA15C9D21.e.299"}]}
COMMAND: GET /session/42302a9ea49feb79903a3467d1524afa/screenshot - {}
RESULT: {}
RESULT: {"script":"<script> [8489 bytes]","args":[{"element-6066-11e4-a52e-4f735466cecf":"f.20E1EB2F6CB099DCC75CCCE897A671A3.d.34787C210276000C815A054CA15C9D21.e.299","ELEMENT":"f.20E1EB2F6CB099DCC75CCCE897A671A3.d.34787C210276000C815A054CA15C9D21.e.299"}]}
COMMAND: POST /session/42302a9ea49feb79903a3467d1524afa/execute/sync - {"script":"<script> [5351 bytes]","args":[{"element-6066-11e4-a52e-4f735466cecf":"f.20E1EB2F6CB099DCC75CCCE897A671A3.d.34787C210276000C815A054CA15C9D21.e.299","ELEMENT":"f.20E1EB2F6CB099DCC75CCCE897A671A3.d.34787C210276000C815A054CA15C9D21.e.299"}]}
COMMAND: GET /session/42302a9ea49feb79903a3467d1524afa/screenshot - {}
RESULT: {}
RESULT: {"script":"<script> [5351 bytes]","args":[{"element-6066-11e4-a52e-4f735466cecf":"f.20E1EB2F6CB099DCC75CCCE897A671A3.d.34787C210276000C815A054CA15C9D21.e.299","ELEMENT":"f.20E1EB2F6CB099DCC75CCCE897A671A3.d.34787C210276000C815A054CA15C9D21.e.299"}]}
COMMAND: POST /session/42302a9ea49feb79903a3467d1524afa/element/f.20E1EB2F6CB099DCC75CCCE897A671A3.d.34787C210276000C815A054CA15C9D21.e.299/click - {}
COMMAND: GET /session/42302a9ea49feb79903a3467d1524afa/screenshot - {}
RESULT: {}
RESULT: {}
COMMAND: GET /session/42302a9ea49feb79903a3467d1524afa/screenshot - {}
RESULT: {}
RESULT: {}
COMMAND: POST /session/42302a9ea49feb79903a3467d1524afa/execute/async - {"script":"<script> [1562 bytes]","args":[{"selector":{"id":"application-ruinventorylist-display-component---Master--ruLocationTypeComboBox-arrow"},"wdio_ui5_key":"applicationruinventorylist-display-component---Master--ruLocationTypeComboBox-arrow"}]}
RESULT: {"script":"<script> [1562 bytes]","args":[{"selector":{"id":"application-ruinventorylist-display-component---Master--ruLocationTypeComboBox-arrow"},"wdio_ui5_key":"applicationruinventorylist-display-component---Master--ruLocationTypeComboBox-arrow"}]}
RESULT: undefined
COMMAND: POST /session/42302a9ea49feb79903a3467d1524afa/element - {"using":"xpath","value":"//*[@id=\"application-ruinventorylist-display-component---Master--ruLocationTypeComboBox-arrow\"]"}
RESULT: {"using":"xpath","value":"//*[@id=\"application-ruinventorylist-display-component---Master--ruLocationTypeComboBox-arrow\"]"}
COMMAND: POST /session/42302a9ea49feb79903a3467d1524afa/element/f.20E1EB2F6CB099DCC75CCCE897A671A3.d.34787C210276000C815A054CA15C9D21.e.537/click - {}
RESULT: {}
COMMAND: GET /session/42302a9ea49feb79903a3467d1524afa/screenshot - {}
RESULT: {}
COMMAND: POST /session/42302a9ea49feb79903a3467d1524afa/element - {"using":"xpath","value":"//li[.//span[text()='Yard']]"}
RESULT: {"using":"xpath","value":"//li[.//span[text()='Yard']]"}
COMMAND: POST /session/42302a9ea49feb79903a3467d1524afa/element/f.20E1EB2F6CB099DCC75CCCE897A671A3.d.34787C210276000C815A054CA15C9D21.e.538/click - {}
RESULT: {}
COMMAND: GET /session/42302a9ea49feb79903a3467d1524afa/screenshot - {}
RESULT: {}
COMMAND: POST /session/42302a9ea49feb79903a3467d1524afa/execute/async - {"script":"<script> [1562 bytes]","args":[{"selector":{"id":"application-ruinventorylist-display-component---Master--smartFilterBar-filterItemControl_BASIC-YARD-vhi"},"wdio_ui5_key":"applicationruinventorylist-display-component---Master--smartFilterBar-filterItemControl_BASIC-YARD-vhi"}]}
RESULT: {"script":"<script> [1562 bytes]","args":[{"selector":{"id":"application-ruinventorylist-display-component---Master--smartFilterBar-filterItemControl_BASIC-YARD-vhi"},"wdio_ui5_key":"applicationruinventorylist-display-component---Master--smartFilterBar-filterItemControl_BASIC-YARD-vhi"}]}
RESULT: undefined
COMMAND: POST /session/42302a9ea49feb79903a3467d1524afa/element - {"using":"xpath","value":"//*[@id=\"application-ruinventorylist-display-component---Master--smartFilterBar-filterItemControl_BASIC-YARD-vhi\"]"}
RESULT: {"using":"xpath","value":"//*[@id=\"application-ruinventorylist-display-component---Master--smartFilterBar-filterItemControl_BASIC-YARD-vhi\"]"}
COMMAND: POST /session/42302a9ea49feb79903a3467d1524afa/element/f.20E1EB2F6CB099DCC75CCCE897A671A3.d.34787C210276000C815A054CA15C9D21.e.576/click - {}
RESULT: {}
COMMAND: GET /session/42302a9ea49feb79903a3467d1524afa/screenshot - {}
RESULT: {}
COMMAND: POST /session/42302a9ea49feb79903a3467d1524afa/execute/async - {"script":"<script> [1562 bytes]","args":[{"selector":{"id":"application-ruinventorylist-display-component---Master--smartFilterBar-filterItemControl_BASIC-YARD-valueHelpDialog-smartFilterBar-btnBasicSearch","searchOpenDialogs":true,"interaction":{"idSuffix":"I"}},"wdio_ui5_key":"applicationruinventorylist-display-component---Master--smartFilterBar-filterItemControl_BASIC-YARD-valueHelpDialog-smartFilterBar-btnBasicSearch"}]}
RESULT: {"script":"<script> [1562 bytes]","args":[{"selector":{"id":"application-ruinventorylist-display-component---Master--smartFilterBar-filterItemControl_BASIC-YARD-valueHelpDialog-smartFilterBar-btnBasicSearch","searchOpenDialogs":true,"interaction":{"idSuffix":"I"}},"wdio_ui5_key":"applicationruinventorylist-display-component---Master--smartFilterBar-filterItemControl_BASIC-YARD-valueHelpDialog-smartFilterBar-btnBasicSearch"}]}
RESULT: undefined
COMMAND: POST /session/42302a9ea49feb79903a3467d1524afa/execute/async - {"script":"<script> [776 bytes]","args":[{"enterText":"109","selector":{"id":"application-ruinventorylist-display-component---Master--smartFilterBar-filterItemControl_BASIC-YARD-valueHelpDialog-smartFilterBar-btnBasicSearch","searchOpenDialogs":true,"interaction":{"idSuffix":"I"}},"clearTextFirst":true,"interactionType":"ENTER_TEXT"}]}
RESULT: {"script":"<script> [776 bytes]","args":[{"enterText":"109","selector":{"id":"application-ruinventorylist-display-component---Master--smartFilterBar-filterItemControl_BASIC-YARD-valueHelpDialog-smartFilterBar-btnBasicSearch","searchOpenDialogs":true,"interaction":{"idSuffix":"I"}},"clearTextFirst":true,"interactionType":"ENTER_TEXT"}]}
COMMAND: POST /session/42302a9ea49feb79903a3467d1524afa/actions - {"actions":[{"id":"action1","type":"key","parameters":{},"actions":[{"type":"keyDown","value":""},{"type":"pause","duration":10},{"type":"keyUp","value":""}]}]}
RESULT: {"actions":[{"id":"action1","type":"key","parameters":{},"actions":[{"type":"keyDown","value":""},{"type":"pause","duration":10},{"type":"keyUp","value":""}]}]}
COMMAND: GET /session/42302a9ea49feb79903a3467d1524afa/screenshot - {}
RESULT: {}
COMMAND: POST /session/42302a9ea49feb79903a3467d1524afa/elements - {"using":"xpath","value":"//table[contains(@id, \"filterItemControl_BASIC-YARD-valueHelpDialog-table-table\")]/tbody/tr"}
RESULT: {"using":"xpath","value":"//table[contains(@id, \"filterItemControl_BASIC-YARD-valueHelpDialog-table-table\")]/tbody/tr"}
COMMAND: POST /session/42302a9ea49feb79903a3467d1524afa/element - {"using":"xpath","value":"//table[contains(@id, \"filterItemControl_BASIC-YARD-valueHelpDialog-table-table\")]/tbody/tr[1]/td[1]/div/span"}
RESULT: {"using":"xpath","value":"//table[contains(@id, \"filterItemControl_BASIC-YARD-valueHelpDialog-table-table\")]/tbody/tr[1]/td[1]/div/span"}
COMMAND: POST /session/42302a9ea49feb79903a3467d1524afa/elements - {"using":"xpath","value":"//table[contains(@id, \"filterItemControl_BASIC-YARD-valueHelpDialog-table-table\")]/tbody/tr[1]/td[1]/div/span"}
RESULT: {"using":"xpath","value":"//table[contains(@id, \"filterItemControl_BASIC-YARD-valueHelpDialog-table-table\")]/tbody/tr[1]/td[1]/div/span"}
COMMAND: POST /session/42302a9ea49feb79903a3467d1524afa/execute/sync - {"script":"<script> [56 bytes]","args":[{"element-6066-11e4-a52e-4f735466cecf":"f.20E1EB2F6CB099DCC75CCCE897A671A3.d.34787C210276000C815A054CA15C9D21.e.598","ELEMENT":"f.20E1EB2F6CB099DCC75CCCE897A671A3.d.34787C210276000C815A054CA15C9D21.e.598"}]}
RESULT: {"script":"<script> [56 bytes]","args":[{"element-6066-11e4-a52e-4f735466cecf":"f.20E1EB2F6CB099DCC75CCCE897A671A3.d.34787C210276000C815A054CA15C9D21.e.598","ELEMENT":"f.20E1EB2F6CB099DCC75CCCE897A671A3.d.34787C210276000C815A054CA15C9D21.e.598"}]}
COMMAND: POST /session/42302a9ea49feb79903a3467d1524afa/element - {"using":"xpath","value":"//div[contains(@id, \"filterItemControl_BASIC-YARD-valueHelpDialog-table-rowsel0\")]"}
COMMAND: GET /session/42302a9ea49feb79903a3467d1524afa/screenshot - {}
RESULT: {"using":"xpath","value":"//div[contains(@id, \"filterItemControl_BASIC-YARD-valueHelpDialog-table-rowsel0\")]"}
COMMAND: POST /session/42302a9ea49feb79903a3467d1524afa/element/f.20E1EB2F6CB099DCC75CCCE897A671A3.d.34787C210276000C815A054CA15C9D21.e.599/click - {}
RESULT: {}
RESULT: {}
COMMAND: GET /session/42302a9ea49feb79903a3467d1524afa/screenshot - {}
RESULT: {}
COMMAND: POST /session/42302a9ea49feb79903a3467d1524afa/element - {"using":"xpath","value":"//div[contains(@id, \"smartFilterBar-filterItemControl_BASIC-YARD-valueHelpDialog-smartFilterBar-btnBasicSearch-reset\")]"}
RESULT: {"using":"xpath","value":"//div[contains(@id, \"smartFilterBar-filterItemControl_BASIC-YARD-valueHelpDialog-smartFilterBar-btnBasicSearch-reset\")]"}
COMMAND: POST /session/42302a9ea49feb79903a3467d1524afa/element/f.20E1EB2F6CB099DCC75CCCE897A671A3.d.34787C210276000C815A054CA15C9D21.e.601/click - {}
RESULT: {}
RESULT: undefined
COMMAND: POST /session/42302a9ea49feb79903a3467d1524afa/execute/async - {"script":"<script> [776 bytes]","args":[{"enterText":"OPA5_BST01_YARD1","selector":{"id":"application-ruinventorylist-display-component---Master--smartFilterBar-filterItemControl_BASIC-YARD-valueHelpDialog-smartFilterBar-btnBasicSearch","searchOpenDialogs":true,"interaction":{"idSuffix":"I"}},"clearTextFirst":true,"interactionType":"ENTER_TEXT"}]}
COMMAND: GET /session/42302a9ea49feb79903a3467d1524afa/screenshot - {}
RESULT: {"script":"<script> [776 bytes]","args":[{"enterText":"OPA5_BST01_YARD1","selector":{"id":"application-ruinventorylist-display-component---Master--smartFilterBar-filterItemControl_BASIC-YARD-valueHelpDialog-smartFilterBar-btnBasicSearch","searchOpenDialogs":true,"interaction":{"idSuffix":"I"}},"clearTextFirst":true,"interactionType":"ENTER_TEXT"}]}
COMMAND: POST /session/42302a9ea49feb79903a3467d1524afa/actions - {"actions":[{"id":"action2","type":"key","parameters":{},"actions":[{"type":"keyDown","value":""},{"type":"pause","duration":10},{"type":"keyUp","value":""}]}]}
RESULT: {}
RESULT: {"actions":[{"id":"action2","type":"key","parameters":{},"actions":[{"type":"keyDown","value":""},{"type":"pause","duration":10},{"type":"keyUp","value":""}]}]}
COMMAND: GET /session/42302a9ea49feb79903a3467d1524afa/screenshot - {}
RESULT: {}
COMMAND: POST /session/42302a9ea49feb79903a3467d1524afa/elements - {"using":"xpath","value":"//table[contains(@id, \"filterItemControl_BASIC-YARD-valueHelpDialog-table-table\")]/tbody/tr"}
RESULT: {"using":"xpath","value":"//table[contains(@id, \"filterItemControl_BASIC-YARD-valueHelpDialog-table-table\")]/tbody/tr"}
COMMAND: POST /session/42302a9ea49feb79903a3467d1524afa/element - {"using":"xpath","value":"//table[contains(@id, \"filterItemControl_BASIC-YARD-valueHelpDialog-table-table\")]/tbody/tr[1]/td[1]/div/span"}
RESULT: {"using":"xpath","value":"//table[contains(@id, \"filterItemControl_BASIC-YARD-valueHelpDialog-table-table\")]/tbody/tr[1]/td[1]/div/span"}
COMMAND: POST /session/42302a9ea49feb79903a3467d1524afa/elements - {"using":"xpath","value":"//table[contains(@id, \"filterItemControl_BASIC-YARD-valueHelpDialog-table-table\")]/tbody/tr[1]/td[1]/div/span"}
RESULT: {"using":"xpath","value":"//table[contains(@id, \"filterItemControl_BASIC-YARD-valueHelpDialog-table-table\")]/tbody/tr[1]/td[1]/div/span"}
COMMAND: POST /session/42302a9ea49feb79903a3467d1524afa/execute/sync - {"script":"<script> [56 bytes]","args":[{"element-6066-11e4-a52e-4f735466cecf":"f.20E1EB2F6CB099DCC75CCCE897A671A3.d.34787C210276000C815A054CA15C9D21.e.598","ELEMENT":"f.20E1EB2F6CB099DCC75CCCE897A671A3.d.34787C210276000C815A054CA15C9D21.e.598"}]}
RESULT: {"script":"<script> [56 bytes]","args":[{"element-6066-11e4-a52e-4f735466cecf":"f.20E1EB2F6CB099DCC75CCCE897A671A3.d.34787C210276000C815A054CA15C9D21.e.598","ELEMENT":"f.20E1EB2F6CB099DCC75CCCE897A671A3.d.34787C210276000C815A054CA15C9D21.e.598"}]}
COMMAND: POST /session/42302a9ea49feb79903a3467d1524afa/element - {"using":"xpath","value":"//div[contains(@id, \"filterItemControl_BASIC-YARD-valueHelpDialog-table-rowsel0\")]"}
COMMAND: GET /session/42302a9ea49feb79903a3467d1524afa/screenshot - {}
RESULT: {"using":"xpath","value":"//div[contains(@id, \"filterItemControl_BASIC-YARD-valueHelpDialog-table-rowsel0\")]"}
COMMAND: POST /session/42302a9ea49feb79903a3467d1524afa/element/f.20E1EB2F6CB099DCC75CCCE897A671A3.d.34787C210276000C815A054CA15C9D21.e.599/click - {}
RESULT: {}
RESULT: {}
COMMAND: GET /session/42302a9ea49feb79903a3467d1524afa/screenshot - {}
RESULT: {}
COMMAND: POST /session/42302a9ea49feb79903a3467d1524afa/element - {"using":"xpath","value":"(//bdi[contains(text(), \"OK\")])[1]"}
RESULT: {"using":"xpath","value":"(//bdi[contains(text(), \"OK\")])[1]"}
COMMAND: POST /session/42302a9ea49feb79903a3467d1524afa/element/f.20E1EB2F6CB099DCC75CCCE897A671A3.d.34787C210276000C815A054CA15C9D21.e.602/click - {}
RESULT: {}
COMMAND: GET /session/42302a9ea49feb79903a3467d1524afa/screenshot - {}
RESULT: {}
COMMAND: POST /session/42302a9ea49feb79903a3467d1524afa/element - {"using":"xpath","value":"//span[@id=\"application-ruinventorylist-display-component---Master--smartTableRuInventoryList-header-inner\"]"}
RESULT: {"using":"xpath","value":"//span[@id=\"application-ruinventorylist-display-component---Master--smartTableRuInventoryList-header-inner\"]"}
COMMAND: POST /session/42302a9ea49feb79903a3467d1524afa/elements - {"using":"xpath","value":"//span[@id=\"application-ruinventorylist-display-component---Master--smartTableRuInventoryList-header-inner\"]"}
RESULT: {"using":"xpath","value":"//span[@id=\"application-ruinventorylist-display-component---Master--smartTableRuInventoryList-header-inner\"]"}
COMMAND: POST /session/42302a9ea49feb79903a3467d1524afa/execute/sync - {"script":"<script> [56 bytes]","args":[{"element-6066-11e4-a52e-4f735466cecf":"f.20E1EB2F6CB099DCC75CCCE897A671A3.d.34787C210276000C815A054CA15C9D21.e.758","ELEMENT":"f.20E1EB2F6CB099DCC75CCCE897A671A3.d.34787C210276000C815A054CA15C9D21.e.758"}]}
RESULT: {"script":"<script> [56 bytes]","args":[{"element-6066-11e4-a52e-4f735466cecf":"f.20E1EB2F6CB099DCC75CCCE897A671A3.d.34787C210276000C815A054CA15C9D21.e.758","ELEMENT":"f.20E1EB2F6CB099DCC75CCCE897A671A3.d.34787C210276000C815A054CA15C9D21.e.758"}]}
COMMAND: POST /session/42302a9ea49feb79903a3467d1524afa/execute/async - {"script":"<script> [1562 bytes]","args":[{"selector":{"id":"application-ruinventorylist-display-component---Master--smartFilterBar-btnBasicSearch","interaction":{"idSuffix":"I"}},"wdio_ui5_key":"applicationruinventorylist-display-component---Master--smartFilterBar-btnBasicSearch"}]}
COMMAND: GET /session/42302a9ea49feb79903a3467d1524afa/screenshot - {}
RESULT: {"script":"<script> [1562 bytes]","args":[{"selector":{"id":"application-ruinventorylist-display-component---Master--smartFilterBar-btnBasicSearch","interaction":{"idSuffix":"I"}},"wdio_ui5_key":"applicationruinventorylist-display-component---Master--smartFilterBar-btnBasicSearch"}]}
RESULT: undefined
COMMAND: POST /session/42302a9ea49feb79903a3467d1524afa/execute/async - {"script":"<script> [776 bytes]","args":[{"enterText":"600002","selector":{"id":"application-ruinventorylist-display-component---Master--smartFilterBar-btnBasicSearch","interaction":{"idSuffix":"I"}},"clearTextFirst":true,"interactionType":"ENTER_TEXT"}]}
RESULT: {}
RESULT: {"script":"<script> [776 bytes]","args":[{"enterText":"600002","selector":{"id":"application-ruinventorylist-display-component---Master--smartFilterBar-btnBasicSearch","interaction":{"idSuffix":"I"}},"clearTextFirst":true,"interactionType":"ENTER_TEXT"}]}
COMMAND: POST /session/42302a9ea49feb79903a3467d1524afa/actions - {"actions":[{"id":"action3","type":"key","parameters":{},"actions":[{"type":"keyDown","value":""},{"type":"pause","duration":10},{"type":"keyUp","value":""}]}]}
RESULT: {"actions":[{"id":"action3","type":"key","parameters":{},"actions":[{"type":"keyDown","value":""},{"type":"pause","duration":10},{"type":"keyUp","value":""}]}]}
COMMAND: GET /session/42302a9ea49feb79903a3467d1524afa/screenshot - {}
RESULT: {}
COMMAND: POST /session/42302a9ea49feb79903a3467d1524afa/element - {"using":"xpath","value":"//span[@id=\"application-ruinventorylist-display-component---Master--smartTableRuInventoryList-header-inner\"]"}
RESULT: {"using":"xpath","value":"//span[@id=\"application-ruinventorylist-display-component---Master--smartTableRuInventoryList-header-inner\"]"}
COMMAND: POST /session/42302a9ea49feb79903a3467d1524afa/elements - {"using":"xpath","value":"//span[@id=\"application-ruinventorylist-display-component---Master--smartTableRuInventoryList-header-inner\"]"}
RESULT: {"using":"xpath","value":"//span[@id=\"application-ruinventorylist-display-component---Master--smartTableRuInventoryList-header-inner\"]"}
COMMAND: POST /session/42302a9ea49feb79903a3467d1524afa/execute/sync - {"script":"<script> [56 bytes]","args":[{"element-6066-11e4-a52e-4f735466cecf":"f.20E1EB2F6CB099DCC75CCCE897A671A3.d.34787C210276000C815A054CA15C9D21.e.758","ELEMENT":"f.20E1EB2F6CB099DCC75CCCE897A671A3.d.34787C210276000C815A054CA15C9D21.e.758"}]}
RESULT: {"script":"<script> [56 bytes]","args":[{"element-6066-11e4-a52e-4f735466cecf":"f.20E1EB2F6CB099DCC75CCCE897A671A3.d.34787C210276000C815A054CA15C9D21.e.758","ELEMENT":"f.20E1EB2F6CB099DCC75CCCE897A671A3.d.34787C210276000C815A054CA15C9D21.e.758"}]}
COMMAND: POST /session/42302a9ea49feb79903a3467d1524afa/element - {"using":"xpath","value":"//table[contains(@id, \"application-ruinventorylist-display-component---Master--tableRuInventoryList-listUl\")]/tbody/tr[1]/td[2]/div/div"}
COMMAND: GET /session/42302a9ea49feb79903a3467d1524afa/screenshot - {}
RESULT: {"using":"xpath","value":"//table[contains(@id, \"application-ruinventorylist-display-component---Master--tableRuInventoryList-listUl\")]/tbody/tr[1]/td[2]/div/div"}
COMMAND: POST /session/42302a9ea49feb79903a3467d1524afa/element/f.20E1EB2F6CB099DCC75CCCE897A671A3.d.34787C210276000C815A054CA15C9D21.e.764/click - {}
RESULT: {}
RESULT: {}
COMMAND: GET /session/42302a9ea49feb79903a3467d1524afa/screenshot - {}
RESULT: {}
COMMAND: POST /session/42302a9ea49feb79903a3467d1524afa/element - {"using":"xpath","value":"//div[contains(@id, \"smartFilterBar-btnBasicSearch-reset\")]"}
RESULT: {"using":"xpath","value":"//div[contains(@id, \"smartFilterBar-btnBasicSearch-reset\")]"}
COMMAND: POST /session/42302a9ea49feb79903a3467d1524afa/element/f.20E1EB2F6CB099DCC75CCCE897A671A3.d.34787C210276000C815A054CA15C9D21.e.774/click - {}
RESULT: {}
COMMAND: GET /session/42302a9ea49feb79903a3467d1524afa/screenshot - {}
RESULT: {}
RESULT: undefined
COMMAND: POST /session/42302a9ea49feb79903a3467d1524afa/execute/async - {"script":"<script> [776 bytes]","args":[{"enterText":"401002","selector":{"id":"application-ruinventorylist-display-component---Master--smartFilterBar-btnBasicSearch","interaction":{"idSuffix":"I"}},"clearTextFirst":true,"interactionType":"ENTER_TEXT"}]}
RESULT: {"script":"<script> [776 bytes]","args":[{"enterText":"401002","selector":{"id":"application-ruinventorylist-display-component---Master--smartFilterBar-btnBasicSearch","interaction":{"idSuffix":"I"}},"clearTextFirst":true,"interactionType":"ENTER_TEXT"}]}
COMMAND: POST /session/42302a9ea49feb79903a3467d1524afa/actions - {"actions":[{"id":"action4","type":"key","parameters":{},"actions":[{"type":"keyDown","value":""},{"type":"pause","duration":10},{"type":"keyUp","value":""}]}]}
RESULT: {"actions":[{"id":"action4","type":"key","parameters":{},"actions":[{"type":"keyDown","value":""},{"type":"pause","duration":10},{"type":"keyUp","value":""}]}]}
COMMAND: GET /session/42302a9ea49feb79903a3467d1524afa/screenshot - {}
RESULT: {}
COMMAND: POST /session/42302a9ea49feb79903a3467d1524afa/element - {"using":"xpath","value":"//span[@id=\"application-ruinventorylist-display-component---Master--smartTableRuInventoryList-header-inner\"]"}
RESULT: {"using":"xpath","value":"//span[@id=\"application-ruinventorylist-display-component---Master--smartTableRuInventoryList-header-inner\"]"}
COMMAND: POST /session/42302a9ea49feb79903a3467d1524afa/elements - {"using":"xpath","value":"//span[@id=\"application-ruinventorylist-display-component---Master--smartTableRuInventoryList-header-inner\"]"}
RESULT: {"using":"xpath","value":"//span[@id=\"application-ruinventorylist-display-component---Master--smartTableRuInventoryList-header-inner\"]"}
COMMAND: POST /session/42302a9ea49feb79903a3467d1524afa/execute/sync - {"script":"<script> [56 bytes]","args":[{"element-6066-11e4-a52e-4f735466cecf":"f.20E1EB2F6CB099DCC75CCCE897A671A3.d.34787C210276000C815A054CA15C9D21.e.758","ELEMENT":"f.20E1EB2F6CB099DCC75CCCE897A671A3.d.34787C210276000C815A054CA15C9D21.e.758"}]}
RESULT: {"script":"<script> [56 bytes]","args":[{"element-6066-11e4-a52e-4f735466cecf":"f.20E1EB2F6CB099DCC75CCCE897A671A3.d.34787C210276000C815A054CA15C9D21.e.758","ELEMENT":"f.20E1EB2F6CB099DCC75CCCE897A671A3.d.34787C210276000C815A054CA15C9D21.e.758"}]}
COMMAND: POST /session/42302a9ea49feb79903a3467d1524afa/element - {"using":"xpath","value":"//table[contains(@id, \"application-ruinventorylist-display-component---Master--tableRuInventoryList-listUl\")]/tbody/tr[1]/td[2]/div/div"}
COMMAND: GET /session/42302a9ea49feb79903a3467d1524afa/screenshot - {}
RESULT: {"using":"xpath","value":"//table[contains(@id, \"application-ruinventorylist-display-component---Master--tableRuInventoryList-listUl\")]/tbody/tr[1]/td[2]/div/div"}
COMMAND: POST /session/42302a9ea49feb79903a3467d1524afa/element/f.20E1EB2F6CB099DCC75CCCE897A671A3.d.34787C210276000C815A054CA15C9D21.e.929/click - {}
RESULT: {}
RESULT: {}
COMMAND: GET /session/42302a9ea49feb79903a3467d1524afa/screenshot - {}
RESULT: {}
COMMAND: POST /session/42302a9ea49feb79903a3467d1524afa/element - {"using":"xpath","value":"//div[contains(@id, \"smartFilterBar-btnBasicSearch-reset\")]"}
RESULT: {"using":"xpath","value":"//div[contains(@id, \"smartFilterBar-btnBasicSearch-reset\")]"}
COMMAND: POST /session/42302a9ea49feb79903a3467d1524afa/element/f.20E1EB2F6CB099DCC75CCCE897A671A3.d.34787C210276000C815A054CA15C9D21.e.774/click - {}
RESULT: {}
COMMAND: GET /session/42302a9ea49feb79903a3467d1524afa/screenshot - {}
RESULT: {}
COMMAND: POST /session/42302a9ea49feb79903a3467d1524afa/element/f.20E1EB2F6CB099DCC75CCCE897A671A3.d.34787C210276000C815A054CA15C9D21.e.299/click - {}
RESULT: {}
COMMAND: GET /session/42302a9ea49feb79903a3467d1524afa/screenshot - {}
RESULT: {}
COMMAND: POST /session/42302a9ea49feb79903a3467d1524afa/execute/async - {"script":"<script> [1562 bytes]","args":[{"selector":{"controlType":"sap.m.Title","viewName":"etm.portal.ui.ruinventorylist.view.Master","viewId":"application-ruinventorylist-display-component---Master","properties":{"text":"Mass State Change"},"searchOpenDialogs":true},"wdio_ui5_key":"etmportal.ui.ruinventorylist.view.Mastersap.m.Title{\"text\":\"Mass State Change\"}"}]}
RESULT: {"script":"<script> [1562 bytes]","args":[{"selector":{"controlType":"sap.m.Title","viewName":"etm.portal.ui.ruinventorylist.view.Master","viewId":"application-ruinventorylist-display-component---Master","properties":{"text":"Mass State Change"},"searchOpenDialogs":true},"wdio_ui5_key":"etmportal.ui.ruinventorylist.view.Mastersap.m.Title{\"text\":\"Mass State Change\"}"}]}
RESULT: undefined
COMMAND: POST /session/42302a9ea49feb79903a3467d1524afa/execute/async - {"script":"<script> [6424 bytes]","args":[{"element-6066-11e4-a52e-4f735466cecf":"f.20E1EB2F6CB099DCC75CCCE897A671A3.d.34787C210276000C815A054CA15C9D21.e.1105"},"getText",[]]}
RESULT: {"script":"<script> [6424 bytes]","args":[{"element-6066-11e4-a52e-4f735466cecf":"f.20E1EB2F6CB099DCC75CCCE897A671A3.d.34787C210276000C815A054CA15C9D21.e.1105"},"getText",[]]}
COMMAND: POST /session/42302a9ea49feb79903a3467d1524afa/element - {"using":"xpath","value":"(//bdi[contains(text(), \"OK\")])[1]"}
RESULT: {"using":"xpath","value":"(//bdi[contains(text(), \"OK\")])[1]"}
COMMAND: POST /session/42302a9ea49feb79903a3467d1524afa/element/f.20E1EB2F6CB099DCC75CCCE897A671A3.d.34787C210276000C815A054CA15C9D21.e.1106/click - {}
RESULT: {}
COMMAND: GET /session/42302a9ea49feb79903a3467d1524afa/screenshot - {}
RESULT: {}
COMMAND: POST /session/42302a9ea49feb79903a3467d1524afa/element - {"using":"css selector","value":"div.sapMMessageBoxError"}
RESULT: {"using":"css selector","value":"div.sapMMessageBoxError"}
COMMAND: POST /session/42302a9ea49feb79903a3467d1524afa/elements - {"using":"css selector","value":"div.sapMMessageBoxError"}
RESULT: {"using":"css selector","value":"div.sapMMessageBoxError"}
COMMAND: POST /session/42302a9ea49feb79903a3467d1524afa/element - {"using":"xpath","value":"(//bdi[contains(text(), \"Close\")])[1]"}
RESULT: {"using":"xpath","value":"(//bdi[contains(text(), \"Close\")])[1]"}
COMMAND: POST /session/42302a9ea49feb79903a3467d1524afa/element/f.20E1EB2F6CB099DCC75CCCE897A671A3.d.34787C210276000C815A054CA15C9D21.e.1111/click - {}
RESULT: {}
COMMAND: GET /session/42302a9ea49feb79903a3467d1524afa/screenshot - {}
RESULT: {}
COMMAND: POST /session/42302a9ea49feb79903a3467d1524afa/execute/async - {"script":"<script> [1562 bytes]","args":[{"selector":{"id":"application-ruinventorylist-display-component---Master--ruStateTypes-arrow","searchOpenDialogs":true},"wdio_ui5_key":"applicationruinventorylist-display-component---Master--ruStateTypes-arrow"}]}
RESULT: {"script":"<script> [1562 bytes]","args":[{"selector":{"id":"application-ruinventorylist-display-component---Master--ruStateTypes-arrow","searchOpenDialogs":true},"wdio_ui5_key":"applicationruinventorylist-display-component---Master--ruStateTypes-arrow"}]}
RESULT: undefined
COMMAND: POST /session/42302a9ea49feb79903a3467d1524afa/element - {"using":"xpath","value":"//*[@id=\"application-ruinventorylist-display-component---Master--ruStateTypes-arrow\"]"}
RESULT: {"using":"xpath","value":"//*[@id=\"application-ruinventorylist-display-component---Master--ruStateTypes-arrow\"]"}
COMMAND: POST /session/42302a9ea49feb79903a3467d1524afa/element/f.20E1EB2F6CB099DCC75CCCE897A671A3.d.34787C210276000C815A054CA15C9D21.e.1112/click - {}
RESULT: {}
COMMAND: GET /session/42302a9ea49feb79903a3467d1524afa/screenshot - {}
RESULT: {}
COMMAND: POST /session/42302a9ea49feb79903a3467d1524afa/element - {"using":"xpath","value":"//li[.//span[text()=\"defect\"]]"}
RESULT: {"using":"xpath","value":"//li[.//span[text()=\"defect\"]]"}
COMMAND: POST /session/42302a9ea49feb79903a3467d1524afa/element/f.20E1EB2F6CB099DCC75CCCE897A671A3.d.34787C210276000C815A054CA15C9D21.e.1113/click - {}
RESULT: {}
COMMAND: GET /session/42302a9ea49feb79903a3467d1524afa/screenshot - {}
RESULT: {}
COMMAND: POST /session/42302a9ea49feb79903a3467d1524afa/element - {"using":"xpath","value":"(//span[@data-kt=\"trashMassStateChangeIcon\"])[1]"}
RESULT: {"using":"xpath","value":"(//span[@data-kt=\"trashMassStateChangeIcon\"])[1]"}
COMMAND: POST /session/42302a9ea49feb79903a3467d1524afa/element/f.20E1EB2F6CB099DCC75CCCE897A671A3.d.34787C210276000C815A054CA15C9D21.e.1114/click - {}
RESULT: {}
COMMAND: GET /session/42302a9ea49feb79903a3467d1524afa/screenshot - {}
RESULT: {}
COMMAND: POST /session/42302a9ea49feb79903a3467d1524afa/element - {"using":"xpath","value":"//table[contains(@id, \"massStateChangeTable-listUl\")]/tbody/tr[1]/td[11]/div/div/div/input"}
RESULT: {"using":"xpath","value":"//table[contains(@id, \"massStateChangeTable-listUl\")]/tbody/tr[1]/td[11]/div/div/div/input"}
COMMAND: GET /session/42302a9ea49feb79903a3467d1524afa/element/f.20E1EB2F6CB099DCC75CCCE897A671A3.d.34787C210276000C815A054CA15C9D21.e.1098/property/value - {}
RESULT: {}
COMMAND: POST /session/42302a9ea49feb79903a3467d1524afa/element - {"using":"xpath","value":"(//span[@data-kt=\"trashMassStateChangeIcon\"])[2]"}
COMMAND: GET /session/42302a9ea49feb79903a3467d1524afa/screenshot - {}
RESULT: {"using":"xpath","value":"(//span[@data-kt=\"trashMassStateChangeIcon\"])[2]"}
COMMAND: POST /session/42302a9ea49feb79903a3467d1524afa/element/f.20E1EB2F6CB099DCC75CCCE897A671A3.d.34787C210276000C815A054CA15C9D21.e.1116/click - {}
RESULT: {}
RESULT: {}
COMMAND: GET /session/42302a9ea49feb79903a3467d1524afa/screenshot - {}
RESULT: {}
COMMAND: POST /session/42302a9ea49feb79903a3467d1524afa/element - {"using":"xpath","value":"//table[contains(@id, \"massStateChangeTable-listUl\")]/tbody/tr[2]/td[11]/div/div/div/input"}
RESULT: {"using":"xpath","value":"//table[contains(@id, \"massStateChangeTable-listUl\")]/tbody/tr[2]/td[11]/div/div/div/input"}
COMMAND: GET /session/42302a9ea49feb79903a3467d1524afa/element/f.20E1EB2F6CB099DCC75CCCE897A671A3.d.34787C210276000C815A054CA15C9D21.e.1102/property/value - {}
RESULT: {}
COMMAND: POST /session/42302a9ea49feb79903a3467d1524afa/element - {"using":"xpath","value":"//table[contains(@id, \"massStateChangeTable-listUl\")]/tbody/tr[1]/td[10]/div/span/span[1]"}
COMMAND: GET /session/42302a9ea49feb79903a3467d1524afa/screenshot - {}
RESULT: {"using":"xpath","value":"//table[contains(@id, \"massStateChangeTable-listUl\")]/tbody/tr[1]/td[10]/div/span/span[1]"}
COMMAND: POST /session/42302a9ea49feb79903a3467d1524afa/execute/sync - {"script":"<script> [56 bytes]","args":[{"element-6066-11e4-a52e-4f735466cecf":"f.20E1EB2F6CB099DCC75CCCE897A671A3.d.34787C210276000C815A054CA15C9D21.e.1118","ELEMENT":"f.20E1EB2F6CB099DCC75CCCE897A671A3.d.34787C210276000C815A054CA15C9D21.e.1118"}]}
RESULT: {}
RESULT: {"script":"<script> [56 bytes]","args":[{"element-6066-11e4-a52e-4f735466cecf":"f.20E1EB2F6CB099DCC75CCCE897A671A3.d.34787C210276000C815A054CA15C9D21.e.1118","ELEMENT":"f.20E1EB2F6CB099DCC75CCCE897A671A3.d.34787C210276000C815A054CA15C9D21.e.1118"}]}
COMMAND: POST /session/42302a9ea49feb79903a3467d1524afa/element - {"using":"xpath","value":"//table[contains(@id, \"massStateChangeTable-listUl\")]/tbody/tr[1]/td[11]/div/div/div/div[2]/span"}
COMMAND: GET /session/42302a9ea49feb79903a3467d1524afa/screenshot - {}
RESULT: {"using":"xpath","value":"//table[contains(@id, \"massStateChangeTable-listUl\")]/tbody/tr[1]/td[11]/div/div/div/div[2]/span"}
COMMAND: POST /session/42302a9ea49feb79903a3467d1524afa/element/f.20E1EB2F6CB099DCC75CCCE897A671A3.d.34787C210276000C815A054CA15C9D21.e.1119/click - {}
RESULT: {}
RESULT: {}
COMMAND: GET /session/42302a9ea49feb79903a3467d1524afa/screenshot - {}
RESULT: {}
COMMAND: POST /session/42302a9ea49feb79903a3467d1524afa/element - {"using":"xpath","value":"//table[contains(@id, \"massStateChangeTable-listUl\")]/tbody/tr[1]/td[11]/div/div/div/div[2]/span"}
RESULT: {"using":"xpath","value":"//table[contains(@id, \"massStateChangeTable-listUl\")]/tbody/tr[1]/td[11]/div/div/div/div[2]/span"}
COMMAND: POST /session/42302a9ea49feb79903a3467d1524afa/element/f.20E1EB2F6CB099DCC75CCCE897A671A3.d.34787C210276000C815A054CA15C9D21.e.1119/click - {}
RESULT: {}
COMMAND: GET /session/42302a9ea49feb79903a3467d1524afa/screenshot - {}
RESULT: {}
COMMAND: POST /session/42302a9ea49feb79903a3467d1524afa/element - {"using":"xpath","value":"//table[contains(@id, \"massStateChangeTable-listUl\")]/tbody/tr[1]/td[11]/div/div/div/div[2]/span"}
RESULT: {"using":"xpath","value":"//table[contains(@id, \"massStateChangeTable-listUl\")]/tbody/tr[1]/td[11]/div/div/div/div[2]/span"}
COMMAND: POST /session/42302a9ea49feb79903a3467d1524afa/element/f.20E1EB2F6CB099DCC75CCCE897A671A3.d.34787C210276000C815A054CA15C9D21.e.1119/click - {}
RESULT: {}
COMMAND: GET /session/42302a9ea49feb79903a3467d1524afa/screenshot - {}
RESULT: {}
COMMAND: POST /session/42302a9ea49feb79903a3467d1524afa/element - {"using":"xpath","value":"//table[contains(@id, \"massStateChangeTable-listUl\")]/tbody/tr[1]/td[11]/div/div/div/div[2]/span"}
RESULT: {"using":"xpath","value":"//table[contains(@id, \"massStateChangeTable-listUl\")]/tbody/tr[1]/td[11]/div/div/div/div[2]/span"}
COMMAND: POST /session/42302a9ea49feb79903a3467d1524afa/element/f.20E1EB2F6CB099DCC75CCCE897A671A3.d.34787C210276000C815A054CA15C9D21.e.1119/click - {}
RESULT: {}
COMMAND: GET /session/42302a9ea49feb79903a3467d1524afa/screenshot - {}
RESULT: {}
COMMAND: POST /session/42302a9ea49feb79903a3467d1524afa/element - {"using":"xpath","value":"//table[contains(@id, \"massStateChangeTable-listUl\")]/tbody/tr[1]/td[11]/div/div/div/div[2]/span"}
RESULT: {"using":"xpath","value":"//table[contains(@id, \"massStateChangeTable-listUl\")]/tbody/tr[1]/td[11]/div/div/div/div[2]/span"}
COMMAND: POST /session/42302a9ea49feb79903a3467d1524afa/element/f.20E1EB2F6CB099DCC75CCCE897A671A3.d.34787C210276000C815A054CA15C9D21.e.1119/click - {}
RESULT: {}
COMMAND: GET /session/42302a9ea49feb79903a3467d1524afa/screenshot - {}
RESULT: {}
COMMAND: POST /session/42302a9ea49feb79903a3467d1524afa/element - {"using":"xpath","value":"//table[contains(@id, \"massStateChangeTable-listUl\")]/tbody/tr[1]/td[11]/div/div/div/div[2]/span"}
RESULT: {"using":"xpath","value":"//table[contains(@id, \"massStateChangeTable-listUl\")]/tbody/tr[1]/td[11]/div/div/div/div[2]/span"}
COMMAND: POST /session/42302a9ea49feb79903a3467d1524afa/element/f.20E1EB2F6CB099DCC75CCCE897A671A3.d.34787C210276000C815A054CA15C9D21.e.1119/click - {}
RESULT: {}
COMMAND: GET /session/42302a9ea49feb79903a3467d1524afa/screenshot - {}
RESULT: {}
COMMAND: POST /session/42302a9ea49feb79903a3467d1524afa/element - {"using":"xpath","value":"//table[contains(@id, \"massStateChangeTable-listUl\")]/tbody/tr[1]/td[11]/div/div/div/div[2]/span"}
RESULT: {"using":"xpath","value":"//table[contains(@id, \"massStateChangeTable-listUl\")]/tbody/tr[1]/td[11]/div/div/div/div[2]/span"}
COMMAND: POST /session/42302a9ea49feb79903a3467d1524afa/element/f.20E1EB2F6CB099DCC75CCCE897A671A3.d.34787C210276000C815A054CA15C9D21.e.1119/click - {}
RESULT: {}
COMMAND: GET /session/42302a9ea49feb79903a3467d1524afa/screenshot - {}
RESULT: {}
COMMAND: POST /session/42302a9ea49feb79903a3467d1524afa/element - {"using":"xpath","value":"//table[contains(@id, \"massStateChangeTable-listUl\")]/tbody/tr[1]/td[11]/div/div/div/div[2]/span"}
RESULT: {"using":"xpath","value":"//table[contains(@id, \"massStateChangeTable-listUl\")]/tbody/tr[1]/td[11]/div/div/div/div[2]/span"}
COMMAND: POST /session/42302a9ea49feb79903a3467d1524afa/element/f.20E1EB2F6CB099DCC75CCCE897A671A3.d.34787C210276000C815A054CA15C9D21.e.1119/click - {}
RESULT: {}
COMMAND: GET /session/42302a9ea49feb79903a3467d1524afa/screenshot - {}
RESULT: {}
COMMAND: POST /session/42302a9ea49feb79903a3467d1524afa/element - {"using":"xpath","value":"//table[contains(@id, \"massStateChangeTable-listUl\")]/tbody/tr[1]/td[11]/div/div/div/div[2]/span"}
RESULT: {"using":"xpath","value":"//table[contains(@id, \"massStateChangeTable-listUl\")]/tbody/tr[1]/td[11]/div/div/div/div[2]/span"}
COMMAND: POST /session/42302a9ea49feb79903a3467d1524afa/element/f.20E1EB2F6CB099DCC75CCCE897A671A3.d.34787C210276000C815A054CA15C9D21.e.1119/click - {}
RESULT: {}
COMMAND: GET /session/42302a9ea49feb79903a3467d1524afa/screenshot - {}
RESULT: {}
COMMAND: POST /session/42302a9ea49feb79903a3467d1524afa/element - {"using":"xpath","value":"//table[contains(@id, \"massStateChangeTable-listUl\")]/tbody/tr[1]/td[11]/div/div/div/div[2]/span"}
RESULT: {"using":"xpath","value":"//table[contains(@id, \"massStateChangeTable-listUl\")]/tbody/tr[1]/td[11]/div/div/div/div[2]/span"}
COMMAND: POST /session/42302a9ea49feb79903a3467d1524afa/element/f.20E1EB2F6CB099DCC75CCCE897A671A3.d.34787C210276000C815A054CA15C9D21.e.1119/click - {}
RESULT: {}
COMMAND: GET /session/42302a9ea49feb79903a3467d1524afa/screenshot - {}
RESULT: {}
COMMAND: POST /session/42302a9ea49feb79903a3467d1524afa/element - {"using":"xpath","value":"//table[contains(@id, \"massStateChangeTable-listUl\")]/tbody/tr[1]/td[11]/div/div/div/div[2]/span"}
RESULT: {"using":"xpath","value":"//table[contains(@id, \"massStateChangeTable-listUl\")]/tbody/tr[1]/td[11]/div/div/div/div[2]/span"}
COMMAND: POST /session/42302a9ea49feb79903a3467d1524afa/element/f.20E1EB2F6CB099DCC75CCCE897A671A3.d.34787C210276000C815A054CA15C9D21.e.1119/click - {}
RESULT: {}
COMMAND: GET /session/42302a9ea49feb79903a3467d1524afa/screenshot - {}
RESULT: {}
COMMAND: POST /session/42302a9ea49feb79903a3467d1524afa/element - {"using":"xpath","value":"//table[contains(@id, \"massStateChangeTable-listUl\")]/tbody/tr[1]/td[11]/div/div/div/div[2]/span"}
RESULT: {"using":"xpath","value":"//table[contains(@id, \"massStateChangeTable-listUl\")]/tbody/tr[1]/td[11]/div/div/div/div[2]/span"}
COMMAND: POST /session/42302a9ea49feb79903a3467d1524afa/element/f.20E1EB2F6CB099DCC75CCCE897A671A3.d.34787C210276000C815A054CA15C9D21.e.1119/click - {}
RESULT: {}
COMMAND: GET /session/42302a9ea49feb79903a3467d1524afa/screenshot - {}
RESULT: {}
COMMAND: POST /session/42302a9ea49feb79903a3467d1524afa/element - {"using":"xpath","value":"//table[contains(@id, \"massStateChangeTable-listUl\")]/tbody/tr[1]/td[11]/div/div/div/div[2]/span"}
RESULT: {"using":"xpath","value":"//table[contains(@id, \"massStateChangeTable-listUl\")]/tbody/tr[1]/td[11]/div/div/div/div[2]/span"}
COMMAND: POST /session/42302a9ea49feb79903a3467d1524afa/element/f.20E1EB2F6CB099DCC75CCCE897A671A3.d.34787C210276000C815A054CA15C9D21.e.1119/click - {}
RESULT: {}
COMMAND: GET /session/42302a9ea49feb79903a3467d1524afa/screenshot - {}
RESULT: {}
COMMAND: POST /session/42302a9ea49feb79903a3467d1524afa/element - {"using":"xpath","value":"//table[contains(@id, \"massStateChangeTable-listUl\")]/tbody/tr[1]/td[11]/div/div/div/div[2]/span"}
RESULT: {"using":"xpath","value":"//table[contains(@id, \"massStateChangeTable-listUl\")]/tbody/tr[1]/td[11]/div/div/div/div[2]/span"}
COMMAND: POST /session/42302a9ea49feb79903a3467d1524afa/element/f.20E1EB2F6CB099DCC75CCCE897A671A3.d.34787C210276000C815A054CA15C9D21.e.1119/click - {}
RESULT: {}
COMMAND: GET /session/42302a9ea49feb79903a3467d1524afa/screenshot - {}
RESULT: {}
COMMAND: POST /session/42302a9ea49feb79903a3467d1524afa/element - {"using":"xpath","value":"//table[contains(@id, \"massStateChangeTable-listUl\")]/tbody/tr[1]/td[11]/div/div/div/div[2]/span"}
RESULT: {"using":"xpath","value":"//table[contains(@id, \"massStateChangeTable-listUl\")]/tbody/tr[1]/td[11]/div/div/div/div[2]/span"}
COMMAND: POST /session/42302a9ea49feb79903a3467d1524afa/element/f.20E1EB2F6CB099DCC75CCCE897A671A3.d.34787C210276000C815A054CA15C9D21.e.1119/click - {}
RESULT: {}
COMMAND: GET /session/42302a9ea49feb79903a3467d1524afa/screenshot - {}
RESULT: {}
COMMAND: POST /session/42302a9ea49feb79903a3467d1524afa/element - {"using":"xpath","value":"//table[contains(@id, \"massStateChangeTable-listUl\")]/tbody/tr[1]/td[11]/div/div/div/div[2]/span"}
RESULT: {"using":"xpath","value":"//table[contains(@id, \"massStateChangeTable-listUl\")]/tbody/tr[1]/td[11]/div/div/div/div[2]/span"}
COMMAND: POST /session/42302a9ea49feb79903a3467d1524afa/element/f.20E1EB2F6CB099DCC75CCCE897A671A3.d.34787C210276000C815A054CA15C9D21.e.1119/click - {}
RESULT: {}
COMMAND: GET /session/42302a9ea49feb79903a3467d1524afa/screenshot - {}
RESULT: {}
COMMAND: POST /session/42302a9ea49feb79903a3467d1524afa/element - {"using":"xpath","value":"//table[contains(@id, \"massStateChangeTable-listUl\")]/tbody/tr[1]/td[11]/div/div/div/div[2]/span"}
RESULT: {"using":"xpath","value":"//table[contains(@id, \"massStateChangeTable-listUl\")]/tbody/tr[1]/td[11]/div/div/div/div[2]/span"}
COMMAND: POST /session/42302a9ea49feb79903a3467d1524afa/element/f.20E1EB2F6CB099DCC75CCCE897A671A3.d.34787C210276000C815A054CA15C9D21.e.1119/click - {}
RESULT: {}
COMMAND: GET /session/42302a9ea49feb79903a3467d1524afa/screenshot - {}
RESULT: {}
COMMAND: POST /session/42302a9ea49feb79903a3467d1524afa/element - {"using":"xpath","value":"//table[contains(@id, \"massStateChangeTable-listUl\")]/tbody/tr[1]/td[11]/div/div/div/div[2]/span"}
RESULT: {"using":"xpath","value":"//table[contains(@id, \"massStateChangeTable-listUl\")]/tbody/tr[1]/td[11]/div/div/div/div[2]/span"}
COMMAND: POST /session/42302a9ea49feb79903a3467d1524afa/element/f.20E1EB2F6CB099DCC75CCCE897A671A3.d.34787C210276000C815A054CA15C9D21.e.1119/click - {}
RESULT: {}
COMMAND: GET /session/42302a9ea49feb79903a3467d1524afa/screenshot - {}
RESULT: {}
COMMAND: POST /session/42302a9ea49feb79903a3467d1524afa/element - {"using":"xpath","value":"//table[contains(@id, \"massStateChangeTable-listUl\")]/tbody/tr[1]/td[11]/div/div/div/div[2]/span"}
RESULT: {"using":"xpath","value":"//table[contains(@id, \"massStateChangeTable-listUl\")]/tbody/tr[1]/td[11]/div/div/div/div[2]/span"}
COMMAND: POST /session/42302a9ea49feb79903a3467d1524afa/element/f.20E1EB2F6CB099DCC75CCCE897A671A3.d.34787C210276000C815A054CA15C9D21.e.1119/click - {}
RESULT: {}
COMMAND: GET /session/42302a9ea49feb79903a3467d1524afa/screenshot - {}
RESULT: {}
COMMAND: POST /session/42302a9ea49feb79903a3467d1524afa/element - {"using":"xpath","value":"//table[contains(@id, \"massStateChangeTable-listUl\")]/tbody/tr[1]/td[11]/div/div/div/div[2]/span"}
RESULT: {"using":"xpath","value":"//table[contains(@id, \"massStateChangeTable-listUl\")]/tbody/tr[1]/td[11]/div/div/div/div[2]/span"}
COMMAND: POST /session/42302a9ea49feb79903a3467d1524afa/element/f.20E1EB2F6CB099DCC75CCCE897A671A3.d.34787C210276000C815A054CA15C9D21.e.1119/click - {}
RESULT: {}
COMMAND: GET /session/42302a9ea49feb79903a3467d1524afa/screenshot - {}
RESULT: {}
COMMAND: POST /session/42302a9ea49feb79903a3467d1524afa/element - {"using":"xpath","value":"//table[contains(@id, \"massStateChangeTable-listUl\")]/tbody/tr[1]/td[11]/div/div/div/div[2]/span"}
RESULT: {"using":"xpath","value":"//table[contains(@id, \"massStateChangeTable-listUl\")]/tbody/tr[1]/td[11]/div/div/div/div[2]/span"}
COMMAND: POST /session/42302a9ea49feb79903a3467d1524afa/element/f.20E1EB2F6CB099DCC75CCCE897A671A3.d.34787C210276000C815A054CA15C9D21.e.1119/click - {}
RESULT: {}
COMMAND: GET /session/42302a9ea49feb79903a3467d1524afa/screenshot - {}
RESULT: {}
COMMAND: POST /session/42302a9ea49feb79903a3467d1524afa/element - {"using":"xpath","value":"//table[contains(@id, \"massStateChangeTable-listUl\")]/tbody/tr[1]/td[11]/div/div/div/div[2]/span"}
RESULT: {"using":"xpath","value":"//table[contains(@id, \"massStateChangeTable-listUl\")]/tbody/tr[1]/td[11]/div/div/div/div[2]/span"}
COMMAND: POST /session/42302a9ea49feb79903a3467d1524afa/element/f.20E1EB2F6CB099DCC75CCCE897A671A3.d.34787C210276000C815A054CA15C9D21.e.1119/click - {}
RESULT: {}
COMMAND: GET /session/42302a9ea49feb79903a3467d1524afa/screenshot - {}
RESULT: {}
COMMAND: POST /session/42302a9ea49feb79903a3467d1524afa/element - {"using":"xpath","value":"//table[contains(@id, \"massStateChangeTable-listUl\")]/tbody/tr[1]/td[11]/div/div/div/div[2]/span"}
RESULT: {"using":"xpath","value":"//table[contains(@id, \"massStateChangeTable-listUl\")]/tbody/tr[1]/td[11]/div/div/div/div[2]/span"}
COMMAND: POST /session/42302a9ea49feb79903a3467d1524afa/element/f.20E1EB2F6CB099DCC75CCCE897A671A3.d.34787C210276000C815A054CA15C9D21.e.1119/click - {}
RESULT: {}
COMMAND: GET /session/42302a9ea49feb79903a3467d1524afa/screenshot - {}
RESULT: {}
COMMAND: POST /session/42302a9ea49feb79903a3467d1524afa/element - {"using":"xpath","value":"//table[contains(@id, \"massStateChangeTable-listUl\")]/tbody/tr[1]/td[11]/div/div/div/div[2]/span"}
RESULT: {"using":"xpath","value":"//table[contains(@id, \"massStateChangeTable-listUl\")]/tbody/tr[1]/td[11]/div/div/div/div[2]/span"}
COMMAND: POST /session/42302a9ea49feb79903a3467d1524afa/element/f.20E1EB2F6CB099DCC75CCCE897A671A3.d.34787C210276000C815A054CA15C9D21.e.1119/click - {}
RESULT: {}
COMMAND: GET /session/42302a9ea49feb79903a3467d1524afa/screenshot - {}
RESULT: {}
COMMAND: POST /session/42302a9ea49feb79903a3467d1524afa/element - {"using":"xpath","value":"//table[contains(@id, \"massStateChangeTable-listUl\")]/tbody/tr[1]/td[11]/div/div/div/div[2]/span"}
RESULT: {"using":"xpath","value":"//table[contains(@id, \"massStateChangeTable-listUl\")]/tbody/tr[1]/td[11]/div/div/div/div[2]/span"}
COMMAND: POST /session/42302a9ea49feb79903a3467d1524afa/element/f.20E1EB2F6CB099DCC75CCCE897A671A3.d.34787C210276000C815A054CA15C9D21.e.1119/click - {}
RESULT: {}
COMMAND: GET /session/42302a9ea49feb79903a3467d1524afa/screenshot - {}
RESULT: {}
COMMAND: POST /session/42302a9ea49feb79903a3467d1524afa/element - {"using":"xpath","value":"//table[contains(@id, \"massStateChangeTable-listUl\")]/tbody/tr[1]/td[11]/div/div/div/div[2]/span"}
RESULT: {"using":"xpath","value":"//table[contains(@id, \"massStateChangeTable-listUl\")]/tbody/tr[1]/td[11]/div/div/div/div[2]/span"}
COMMAND: POST /session/42302a9ea49feb79903a3467d1524afa/element/f.20E1EB2F6CB099DCC75CCCE897A671A3.d.34787C210276000C815A054CA15C9D21.e.1119/click - {}
RESULT: {}
COMMAND: GET /session/42302a9ea49feb79903a3467d1524afa/screenshot - {}
RESULT: {}
COMMAND: POST /session/42302a9ea49feb79903a3467d1524afa/element - {"using":"xpath","value":"//table[contains(@id, \"massStateChangeTable-listUl\")]/tbody/tr[1]/td[11]/div/div/div/div[2]/span"}
RESULT: {"using":"xpath","value":"//table[contains(@id, \"massStateChangeTable-listUl\")]/tbody/tr[1]/td[11]/div/div/div/div[2]/span"}
COMMAND: POST /session/42302a9ea49feb79903a3467d1524afa/element/f.20E1EB2F6CB099DCC75CCCE897A671A3.d.34787C210276000C815A054CA15C9D21.e.1119/click - {}
RESULT: {}
COMMAND: GET /session/42302a9ea49feb79903a3467d1524afa/screenshot - {}
RESULT: {}
COMMAND: POST /session/42302a9ea49feb79903a3467d1524afa/element - {"using":"xpath","value":"//table[contains(@id, \"massStateChangeTable-listUl\")]/tbody/tr[1]/td[11]/div/div/div/div[2]/span"}
RESULT: {"using":"xpath","value":"//table[contains(@id, \"massStateChangeTable-listUl\")]/tbody/tr[1]/td[11]/div/div/div/div[2]/span"}
COMMAND: POST /session/42302a9ea49feb79903a3467d1524afa/element/f.20E1EB2F6CB099DCC75CCCE897A671A3.d.34787C210276000C815A054CA15C9D21.e.1119/click - {}
RESULT: {}
COMMAND: GET /session/42302a9ea49feb79903a3467d1524afa/screenshot - {}
RESULT: {}
COMMAND: POST /session/42302a9ea49feb79903a3467d1524afa/element - {"using":"xpath","value":"//table[contains(@id, \"massStateChangeTable-listUl\")]/tbody/tr[1]/td[11]/div/div/div/div[2]/span"}
RESULT: {"using":"xpath","value":"//table[contains(@id, \"massStateChangeTable-listUl\")]/tbody/tr[1]/td[11]/div/div/div/div[2]/span"}
COMMAND: POST /session/42302a9ea49feb79903a3467d1524afa/element/f.20E1EB2F6CB099DCC75CCCE897A671A3.d.34787C210276000C815A054CA15C9D21.e.1119/click - {}
RESULT: {}
COMMAND: GET /session/42302a9ea49feb79903a3467d1524afa/screenshot - {}
RESULT: {}
COMMAND: POST /session/42302a9ea49feb79903a3467d1524afa/element - {"using":"xpath","value":"//table[contains(@id, \"massStateChangeTable-listUl\")]/tbody/tr[1]/td[11]/div/div/div/div[2]/span"}
RESULT: {"using":"xpath","value":"//table[contains(@id, \"massStateChangeTable-listUl\")]/tbody/tr[1]/td[11]/div/div/div/div[2]/span"}
COMMAND: POST /session/42302a9ea49feb79903a3467d1524afa/element/f.20E1EB2F6CB099DCC75CCCE897A671A3.d.34787C210276000C815A054CA15C9D21.e.1119/click - {}
RESULT: {}
COMMAND: GET /session/42302a9ea49feb79903a3467d1524afa/screenshot - {}
RESULT: {}
COMMAND: POST /session/42302a9ea49feb79903a3467d1524afa/element - {"using":"xpath","value":"//table[contains(@id, \"massStateChangeTable-listUl\")]/tbody/tr[1]/td[11]/div/div/div/div[2]/span"}
RESULT: {"using":"xpath","value":"//table[contains(@id, \"massStateChangeTable-listUl\")]/tbody/tr[1]/td[11]/div/div/div/div[2]/span"}
COMMAND: POST /session/42302a9ea49feb79903a3467d1524afa/element/f.20E1EB2F6CB099DCC75CCCE897A671A3.d.34787C210276000C815A054CA15C9D21.e.1119/click - {}
RESULT: {}
COMMAND: GET /session/42302a9ea49feb79903a3467d1524afa/screenshot - {}
RESULT: {}
COMMAND: POST /session/42302a9ea49feb79903a3467d1524afa/element - {"using":"xpath","value":"//table[contains(@id, \"massStateChangeTable-listUl\")]/tbody/tr[1]/td[11]/div/div/div/div[2]/span"}
RESULT: {"using":"xpath","value":"//table[contains(@id, \"massStateChangeTable-listUl\")]/tbody/tr[1]/td[11]/div/div/div/div[2]/span"}
COMMAND: POST /session/42302a9ea49feb79903a3467d1524afa/element/f.20E1EB2F6CB099DCC75CCCE897A671A3.d.34787C210276000C815A054CA15C9D21.e.1119/click - {}
RESULT: {}
COMMAND: GET /session/42302a9ea49feb79903a3467d1524afa/screenshot - {}
RESULT: {}
COMMAND: POST /session/42302a9ea49feb79903a3467d1524afa/element - {"using":"xpath","value":"//table[contains(@id, \"massStateChangeTable-listUl\")]/tbody/tr[1]/td[11]/div/div/div/div[2]/span"}
RESULT: {"using":"xpath","value":"//table[contains(@id, \"massStateChangeTable-listUl\")]/tbody/tr[1]/td[11]/div/div/div/div[2]/span"}
COMMAND: POST /session/42302a9ea49feb79903a3467d1524afa/element/f.20E1EB2F6CB099DCC75CCCE897A671A3.d.34787C210276000C815A054CA15C9D21.e.1119/click - {}
RESULT: {}
COMMAND: GET /session/42302a9ea49feb79903a3467d1524afa/screenshot - {}
RESULT: {}
COMMAND: POST /session/42302a9ea49feb79903a3467d1524afa/element - {"using":"xpath","value":"//table[contains(@id, \"massStateChangeTable-listUl\")]/tbody/tr[1]/td[11]/div/div/div/div[2]/span"}
RESULT: {"using":"xpath","value":"//table[contains(@id, \"massStateChangeTable-listUl\")]/tbody/tr[1]/td[11]/div/div/div/div[2]/span"}
COMMAND: POST /session/42302a9ea49feb79903a3467d1524afa/element/f.20E1EB2F6CB099DCC75CCCE897A671A3.d.34787C210276000C815A054CA15C9D21.e.1119/click - {}
RESULT: {}
COMMAND: GET /session/42302a9ea49feb79903a3467d1524afa/screenshot - {}
RESULT: {}
COMMAND: POST /session/42302a9ea49feb79903a3467d1524afa/element - {"using":"xpath","value":"//table[contains(@id, \"massStateChangeTable-listUl\")]/tbody/tr[1]/td[11]/div/div/div/div[2]/span"}
RESULT: {"using":"xpath","value":"//table[contains(@id, \"massStateChangeTable-listUl\")]/tbody/tr[1]/td[11]/div/div/div/div[2]/span"}
COMMAND: POST /session/42302a9ea49feb79903a3467d1524afa/element/f.20E1EB2F6CB099DCC75CCCE897A671A3.d.34787C210276000C815A054CA15C9D21.e.1119/click - {}
RESULT: {}
COMMAND: GET /session/42302a9ea49feb79903a3467d1524afa/screenshot - {}
RESULT: {}
COMMAND: POST /session/42302a9ea49feb79903a3467d1524afa/element - {"using":"xpath","value":"//table[contains(@id, \"massStateChangeTable-listUl\")]/tbody/tr[1]/td[11]/div/div/div/div[2]/span"}
RESULT: {"using":"xpath","value":"//table[contains(@id, \"massStateChangeTable-listUl\")]/tbody/tr[1]/td[11]/div/div/div/div[2]/span"}
COMMAND: POST /session/42302a9ea49feb79903a3467d1524afa/element/f.20E1EB2F6CB099DCC75CCCE897A671A3.d.34787C210276000C815A054CA15C9D21.e.1119/click - {}
RESULT: {}
COMMAND: GET /session/42302a9ea49feb79903a3467d1524afa/screenshot - {}
RESULT: {}
COMMAND: POST /session/42302a9ea49feb79903a3467d1524afa/element - {"using":"xpath","value":"//table[contains(@id, \"massStateChangeTable-listUl\")]/tbody/tr[1]/td[11]/div/div/div/div[2]/span"}
RESULT: {"using":"xpath","value":"//table[contains(@id, \"massStateChangeTable-listUl\")]/tbody/tr[1]/td[11]/div/div/div/div[2]/span"}
COMMAND: POST /session/42302a9ea49feb79903a3467d1524afa/element/f.20E1EB2F6CB099DCC75CCCE897A671A3.d.34787C210276000C815A054CA15C9D21.e.1119/click - {}
RESULT: {}
COMMAND: GET /session/42302a9ea49feb79903a3467d1524afa/screenshot - {}
RESULT: {}
COMMAND: POST /session/42302a9ea49feb79903a3467d1524afa/element - {"using":"xpath","value":"//table[contains(@id, \"massStateChangeTable-listUl\")]/tbody/tr[1]/td[11]/div/div/div/div[2]/span"}
RESULT: {"using":"xpath","value":"//table[contains(@id, \"massStateChangeTable-listUl\")]/tbody/tr[1]/td[11]/div/div/div/div[2]/span"}
COMMAND: POST /session/42302a9ea49feb79903a3467d1524afa/element/f.20E1EB2F6CB099DCC75CCCE897A671A3.d.34787C210276000C815A054CA15C9D21.e.1119/click - {}
RESULT: {}
COMMAND: GET /session/42302a9ea49feb79903a3467d1524afa/screenshot - {}
RESULT: {}
COMMAND: POST /session/42302a9ea49feb79903a3467d1524afa/element - {"using":"xpath","value":"//table[contains(@id, \"massStateChangeTable-listUl\")]/tbody/tr[1]/td[11]/div/div/div/div[2]/span"}
RESULT: {"using":"xpath","value":"//table[contains(@id, \"massStateChangeTable-listUl\")]/tbody/tr[1]/td[11]/div/div/div/div[2]/span"}
COMMAND: POST /session/42302a9ea49feb79903a3467d1524afa/element/f.20E1EB2F6CB099DCC75CCCE897A671A3.d.34787C210276000C815A054CA15C9D21.e.1119/click - {}
RESULT: {}
COMMAND: GET /session/42302a9ea49feb79903a3467d1524afa/screenshot - {}
RESULT: {}
COMMAND: POST /session/42302a9ea49feb79903a3467d1524afa/element - {"using":"xpath","value":"//table[contains(@id, \"massStateChangeTable-listUl\")]/tbody/tr[1]/td[11]/div/div/div/div[2]/span"}
RESULT: {"using":"xpath","value":"//table[contains(@id, \"massStateChangeTable-listUl\")]/tbody/tr[1]/td[11]/div/div/div/div[2]/span"}
COMMAND: POST /session/42302a9ea49feb79903a3467d1524afa/element/f.20E1EB2F6CB099DCC75CCCE897A671A3.d.34787C210276000C815A054CA15C9D21.e.1119/click - {}
RESULT: {}
COMMAND: GET /session/42302a9ea49feb79903a3467d1524afa/screenshot - {}
RESULT: {}
COMMAND: POST /session/42302a9ea49feb79903a3467d1524afa/element - {"using":"xpath","value":"//table[contains(@id, \"massStateChangeTable-listUl\")]/tbody/tr[1]/td[11]/div/div/div/div[2]/span"}
RESULT: {"using":"xpath","value":"//table[contains(@id, \"massStateChangeTable-listUl\")]/tbody/tr[1]/td[11]/div/div/div/div[2]/span"}
COMMAND: POST /session/42302a9ea49feb79903a3467d1524afa/element/f.20E1EB2F6CB099DCC75CCCE897A671A3.d.34787C210276000C815A054CA15C9D21.e.1119/click - {}
RESULT: {}
COMMAND: GET /session/42302a9ea49feb79903a3467d1524afa/screenshot - {}
RESULT: {}
COMMAND: POST /session/42302a9ea49feb79903a3467d1524afa/element - {"using":"xpath","value":"//table[contains(@id, \"massStateChangeTable-listUl\")]/tbody/tr[1]/td[11]/div/div/div/div[2]/span"}
RESULT: {"using":"xpath","value":"//table[contains(@id, \"massStateChangeTable-listUl\")]/tbody/tr[1]/td[11]/div/div/div/div[2]/span"}
COMMAND: POST /session/42302a9ea49feb79903a3467d1524afa/element/f.20E1EB2F6CB099DCC75CCCE897A671A3.d.34787C210276000C815A054CA15C9D21.e.1119/click - {}
RESULT: {}
COMMAND: GET /session/42302a9ea49feb79903a3467d1524afa/screenshot - {}
RESULT: {}
COMMAND: POST /session/42302a9ea49feb79903a3467d1524afa/element - {"using":"xpath","value":"//table[contains(@id, \"massStateChangeTable-listUl\")]/tbody/tr[1]/td[11]/div/div/div/div[2]/span"}
RESULT: {"using":"xpath","value":"//table[contains(@id, \"massStateChangeTable-listUl\")]/tbody/tr[1]/td[11]/div/div/div/div[2]/span"}
COMMAND: POST /session/42302a9ea49feb79903a3467d1524afa/element/f.20E1EB2F6CB099DCC75CCCE897A671A3.d.34787C210276000C815A054CA15C9D21.e.1119/click - {}
RESULT: {}
COMMAND: GET /session/42302a9ea49feb79903a3467d1524afa/screenshot - {}
RESULT: {}
COMMAND: POST /session/42302a9ea49feb79903a3467d1524afa/element - {"using":"xpath","value":"//table[contains(@id, \"massStateChangeTable-listUl\")]/tbody/tr[1]/td[11]/div/div/div/div[2]/span"}
RESULT: {"using":"xpath","value":"//table[contains(@id, \"massStateChangeTable-listUl\")]/tbody/tr[1]/td[11]/div/div/div/div[2]/span"}
COMMAND: POST /session/42302a9ea49feb79903a3467d1524afa/element/f.20E1EB2F6CB099DCC75CCCE897A671A3.d.34787C210276000C815A054CA15C9D21.e.1119/click - {}
RESULT: {}
COMMAND: GET /session/42302a9ea49feb79903a3467d1524afa/screenshot - {}
RESULT: {}
COMMAND: POST /session/42302a9ea49feb79903a3467d1524afa/element - {"using":"xpath","value":"//table[contains(@id, \"massStateChangeTable-listUl\")]/tbody/tr[1]/td[11]/div/div/div/div[2]/span"}
RESULT: {"using":"xpath","value":"//table[contains(@id, \"massStateChangeTable-listUl\")]/tbody/tr[1]/td[11]/div/div/div/div[2]/span"}
COMMAND: POST /session/42302a9ea49feb79903a3467d1524afa/element/f.20E1EB2F6CB099DCC75CCCE897A671A3.d.34787C210276000C815A054CA15C9D21.e.1119/click - {}
RESULT: {}
COMMAND: GET /session/42302a9ea49feb79903a3467d1524afa/screenshot - {}
RESULT: {}
COMMAND: POST /session/42302a9ea49feb79903a3467d1524afa/element - {"using":"xpath","value":"//table[contains(@id, \"massStateChangeTable-listUl\")]/tbody/tr[1]/td[11]/div/div/div/div[2]/span"}
RESULT: {"using":"xpath","value":"//table[contains(@id, \"massStateChangeTable-listUl\")]/tbody/tr[1]/td[11]/div/div/div/div[2]/span"}
COMMAND: POST /session/42302a9ea49feb79903a3467d1524afa/element/f.20E1EB2F6CB099DCC75CCCE897A671A3.d.34787C210276000C815A054CA15C9D21.e.1119/click - {}
RESULT: {}
COMMAND: GET /session/42302a9ea49feb79903a3467d1524afa/screenshot - {}
RESULT: {}
COMMAND: POST /session/42302a9ea49feb79903a3467d1524afa/element - {"using":"xpath","value":"//table[contains(@id, \"massStateChangeTable-listUl\")]/tbody/tr[1]/td[11]/div/div/div/div[2]/span"}
RESULT: {"using":"xpath","value":"//table[contains(@id, \"massStateChangeTable-listUl\")]/tbody/tr[1]/td[11]/div/div/div/div[2]/span"}
COMMAND: POST /session/42302a9ea49feb79903a3467d1524afa/element/f.20E1EB2F6CB099DCC75CCCE897A671A3.d.34787C210276000C815A054CA15C9D21.e.1119/click - {}
RESULT: {}
COMMAND: GET /session/42302a9ea49feb79903a3467d1524afa/screenshot - {}
RESULT: {}
COMMAND: POST /session/42302a9ea49feb79903a3467d1524afa/element - {"using":"xpath","value":"//table[contains(@id, \"massStateChangeTable-listUl\")]/tbody/tr[1]/td[11]/div/div/div/div[2]/span"}
RESULT: {"using":"xpath","value":"//table[contains(@id, \"massStateChangeTable-listUl\")]/tbody/tr[1]/td[11]/div/div/div/div[2]/span"}
COMMAND: POST /session/42302a9ea49feb79903a3467d1524afa/element/f.20E1EB2F6CB099DCC75CCCE897A671A3.d.34787C210276000C815A054CA15C9D21.e.1119/click - {}
RESULT: {}
COMMAND: GET /session/42302a9ea49feb79903a3467d1524afa/screenshot - {}
RESULT: {}
COMMAND: POST /session/42302a9ea49feb79903a3467d1524afa/element - {"using":"xpath","value":"//table[contains(@id, \"massStateChangeTable-listUl\")]/tbody/tr[1]/td[11]/div/div/div/div[2]/span"}
RESULT: {"using":"xpath","value":"//table[contains(@id, \"massStateChangeTable-listUl\")]/tbody/tr[1]/td[11]/div/div/div/div[2]/span"}
COMMAND: POST /session/42302a9ea49feb79903a3467d1524afa/element/f.20E1EB2F6CB099DCC75CCCE897A671A3.d.34787C210276000C815A054CA15C9D21.e.1119/click - {}
RESULT: {}
COMMAND: GET /session/42302a9ea49feb79903a3467d1524afa/screenshot - {}
RESULT: {}
COMMAND: POST /session/42302a9ea49feb79903a3467d1524afa/element - {"using":"xpath","value":"//table[contains(@id, \"massStateChangeTable-listUl\")]/tbody/tr[1]/td[11]/div/div/div/div[2]/span"}
RESULT: {"using":"xpath","value":"//table[contains(@id, \"massStateChangeTable-listUl\")]/tbody/tr[1]/td[11]/div/div/div/div[2]/span"}
COMMAND: POST /session/42302a9ea49feb79903a3467d1524afa/element/f.20E1EB2F6CB099DCC75CCCE897A671A3.d.34787C210276000C815A054CA15C9D21.e.1119/click - {}
RESULT: {}
COMMAND: GET /session/42302a9ea49feb79903a3467d1524afa/screenshot - {}
RESULT: {}
COMMAND: POST /session/42302a9ea49feb79903a3467d1524afa/element - {"using":"xpath","value":"//table[contains(@id, \"massStateChangeTable-listUl\")]/tbody/tr[2]/td[11]/div/div/div/div[2]/span"}
RESULT: {"using":"xpath","value":"//table[contains(@id, \"massStateChangeTable-listUl\")]/tbody/tr[2]/td[11]/div/div/div/div[2]/span"}
COMMAND: POST /session/42302a9ea49feb79903a3467d1524afa/element/f.20E1EB2F6CB099DCC75CCCE897A671A3.d.34787C210276000C815A054CA15C9D21.e.1120/click - {}
RESULT: {}
COMMAND: GET /session/42302a9ea49feb79903a3467d1524afa/screenshot - {}
RESULT: {}
COMMAND: POST /session/42302a9ea49feb79903a3467d1524afa/element - {"using":"xpath","value":"//table[contains(@id, \"massStateChangeTable-listUl\")]/tbody/tr[1]/td[11]/div/div/div/input"}
RESULT: {"using":"xpath","value":"//table[contains(@id, \"massStateChangeTable-listUl\")]/tbody/tr[1]/td[11]/div/div/div/input"}
COMMAND: GET /session/42302a9ea49feb79903a3467d1524afa/element/f.20E1EB2F6CB099DCC75CCCE897A671A3.d.34787C210276000C815A054CA15C9D21.e.1098/property/value - {}
RESULT: {}
COMMAND: POST /session/42302a9ea49feb79903a3467d1524afa/element - {"using":"xpath","value":"//table[contains(@id, \"massStateChangeTable-listUl\")]/tbody/tr[2]/td[11]/div/div/div/input"}
COMMAND: GET /session/42302a9ea49feb79903a3467d1524afa/screenshot - {}
RESULT: {"using":"xpath","value":"//table[contains(@id, \"massStateChangeTable-listUl\")]/tbody/tr[2]/td[11]/div/div/div/input"}
COMMAND: GET /session/42302a9ea49feb79903a3467d1524afa/element/f.20E1EB2F6CB099DCC75CCCE897A671A3.d.34787C210276000C815A054CA15C9D21.e.1102/property/value - {}
RESULT: {}
RESULT: {}
COMMAND: POST /session/42302a9ea49feb79903a3467d1524afa/element - {"using":"xpath","value":"(//bdi[contains(text(), \"OK\")])[1]"}
COMMAND: GET /session/42302a9ea49feb79903a3467d1524afa/screenshot - {}
RESULT: {"using":"xpath","value":"(//bdi[contains(text(), \"OK\")])[1]"}
COMMAND: POST /session/42302a9ea49feb79903a3467d1524afa/element/f.20E1EB2F6CB099DCC75CCCE897A671A3.d.34787C210276000C815A054CA15C9D21.e.1106/click - {}
RESULT: {}
RESULT: {}
COMMAND: GET /session/42302a9ea49feb79903a3467d1524afa/screenshot - {}
RESULT: {}
COMMAND: POST /session/42302a9ea49feb79903a3467d1524afa/element - {"using":"xpath","value":"(//bdi[contains(text(), \"OK\")])[2]"}
RESULT: {"using":"xpath","value":"(//bdi[contains(text(), \"OK\")])[2]"}
COMMAND: POST /session/42302a9ea49feb79903a3467d1524afa/element/f.20E1EB2F6CB099DCC75CCCE897A671A3.d.34787C210276000C815A054CA15C9D21.e.1123/click - {}
RESULT: {}
COMMAND: GET /session/42302a9ea49feb79903a3467d1524afa/screenshot - {}
RESULT: {}
RESULT: undefined
COMMAND: POST /session/42302a9ea49feb79903a3467d1524afa/execute/async - {"script":"<script> [776 bytes]","args":[{"enterText":"600002","selector":{"id":"application-ruinventorylist-display-component---Master--smartFilterBar-btnBasicSearch","interaction":{"idSuffix":"I"}},"clearTextFirst":true,"interactionType":"ENTER_TEXT"}]}
RESULT: {"script":"<script> [776 bytes]","args":[{"enterText":"600002","selector":{"id":"application-ruinventorylist-display-component---Master--smartFilterBar-btnBasicSearch","interaction":{"idSuffix":"I"}},"clearTextFirst":true,"interactionType":"ENTER_TEXT"}]}
COMMAND: POST /session/42302a9ea49feb79903a3467d1524afa/actions - {"actions":[{"id":"action5","type":"key","parameters":{},"actions":[{"type":"keyDown","value":""},{"type":"pause","duration":10},{"type":"keyUp","value":""}]}]}
RESULT: {"actions":[{"id":"action5","type":"key","parameters":{},"actions":[{"type":"keyDown","value":""},{"type":"pause","duration":10},{"type":"keyUp","value":""}]}]}
COMMAND: GET /session/42302a9ea49feb79903a3467d1524afa/screenshot - {}
RESULT: {}
COMMAND: POST /session/42302a9ea49feb79903a3467d1524afa/element - {"using":"xpath","value":"//span[@id=\"application-ruinventorylist-display-component---Master--smartTableRuInventoryList-header-inner\"]"}
RESULT: {"using":"xpath","value":"//span[@id=\"application-ruinventorylist-display-component---Master--smartTableRuInventoryList-header-inner\"]"}
COMMAND: POST /session/42302a9ea49feb79903a3467d1524afa/elements - {"using":"xpath","value":"//span[@id=\"application-ruinventorylist-display-component---Master--smartTableRuInventoryList-header-inner\"]"}
RESULT: {"using":"xpath","value":"//span[@id=\"application-ruinventorylist-display-component---Master--smartTableRuInventoryList-header-inner\"]"}
COMMAND: POST /session/42302a9ea49feb79903a3467d1524afa/execute/sync - {"script":"<script> [56 bytes]","args":[{"element-6066-11e4-a52e-4f735466cecf":"f.20E1EB2F6CB099DCC75CCCE897A671A3.d.34787C210276000C815A054CA15C9D21.e.758","ELEMENT":"f.20E1EB2F6CB099DCC75CCCE897A671A3.d.34787C210276000C815A054CA15C9D21.e.758"}]}
RESULT: {"script":"<script> [56 bytes]","args":[{"element-6066-11e4-a52e-4f735466cecf":"f.20E1EB2F6CB099DCC75CCCE897A671A3.d.34787C210276000C815A054CA15C9D21.e.758","ELEMENT":"f.20E1EB2F6CB099DCC75CCCE897A671A3.d.34787C210276000C815A054CA15C9D21.e.758"}]}
COMMAND: POST /session/42302a9ea49feb79903a3467d1524afa/element - {"using":"xpath","value":"//table[contains(@id, \"application-ruinventorylist-display-component---Master--tableRuInventoryList-listUl\")]/tbody/tr[1]/td[6]/div/span"}
COMMAND: GET /session/42302a9ea49feb79903a3467d1524afa/screenshot - {}
RESULT: {}
RESULT: {"using":"xpath","value":"//table[contains(@id, \"application-ruinventorylist-display-component---Master--tableRuInventoryList-listUl\")]/tbody/tr[1]/td[6]/div/span"}
COMMAND: POST /session/42302a9ea49feb79903a3467d1524afa/execute/sync - {"script":"<script> [56 bytes]","args":[{"element-6066-11e4-a52e-4f735466cecf":"f.20E1EB2F6CB099DCC75CCCE897A671A3.d.34787C210276000C815A054CA15C9D21.e.1145","ELEMENT":"f.20E1EB2F6CB099DCC75CCCE897A671A3.d.34787C210276000C815A054CA15C9D21.e.1145"}]}
RESULT: {"script":"<script> [56 bytes]","args":[{"element-6066-11e4-a52e-4f735466cecf":"f.20E1EB2F6CB099DCC75CCCE897A671A3.d.34787C210276000C815A054CA15C9D21.e.1145","ELEMENT":"f.20E1EB2F6CB099DCC75CCCE897A671A3.d.34787C210276000C815A054CA15C9D21.e.1145"}]}
COMMAND: POST /session/42302a9ea49feb79903a3467d1524afa/element - {"using":"xpath","value":"//div[contains(@id, \"smartFilterBar-btnBasicSearch-reset\")]"}
COMMAND: GET /session/42302a9ea49feb79903a3467d1524afa/screenshot - {}
RESULT: {"using":"xpath","value":"//div[contains(@id, \"smartFilterBar-btnBasicSearch-reset\")]"}
COMMAND: POST /session/42302a9ea49feb79903a3467d1524afa/element/f.20E1EB2F6CB099DCC75CCCE897A671A3.d.34787C210276000C815A054CA15C9D21.e.774/click - {}
RESULT: {}
RESULT: {}
COMMAND: GET /session/42302a9ea49feb79903a3467d1524afa/screenshot - {}
RESULT: {}
RESULT: undefined
COMMAND: POST /session/42302a9ea49feb79903a3467d1524afa/execute/async - {"script":"<script> [776 bytes]","args":[{"enterText":"401002","selector":{"id":"application-ruinventorylist-display-component---Master--smartFilterBar-btnBasicSearch","interaction":{"idSuffix":"I"}},"clearTextFirst":true,"interactionType":"ENTER_TEXT"}]}
RESULT: {"script":"<script> [776 bytes]","args":[{"enterText":"401002","selector":{"id":"application-ruinventorylist-display-component---Master--smartFilterBar-btnBasicSearch","interaction":{"idSuffix":"I"}},"clearTextFirst":true,"interactionType":"ENTER_TEXT"}]}
COMMAND: POST /session/42302a9ea49feb79903a3467d1524afa/actions - {"actions":[{"id":"action6","type":"key","parameters":{},"actions":[{"type":"keyDown","value":""},{"type":"pause","duration":10},{"type":"keyUp","value":""}]}]}
RESULT: {"actions":[{"id":"action6","type":"key","parameters":{},"actions":[{"type":"keyDown","value":""},{"type":"pause","duration":10},{"type":"keyUp","value":""}]}]}
COMMAND: GET /session/42302a9ea49feb79903a3467d1524afa/screenshot - {}
RESULT: {}
COMMAND: POST /session/42302a9ea49feb79903a3467d1524afa/element - {"using":"xpath","value":"//span[@id=\"application-ruinventorylist-display-component---Master--smartTableRuInventoryList-header-inner\"]"}
RESULT: {"using":"xpath","value":"//span[@id=\"application-ruinventorylist-display-component---Master--smartTableRuInventoryList-header-inner\"]"}
COMMAND: POST /session/42302a9ea49feb79903a3467d1524afa/elements - {"using":"xpath","value":"//span[@id=\"application-ruinventorylist-display-component---Master--smartTableRuInventoryList-header-inner\"]"}
RESULT: {"using":"xpath","value":"//span[@id=\"application-ruinventorylist-display-component---Master--smartTableRuInventoryList-header-inner\"]"}
COMMAND: POST /session/42302a9ea49feb79903a3467d1524afa/execute/sync - {"script":"<script> [56 bytes]","args":[{"element-6066-11e4-a52e-4f735466cecf":"f.20E1EB2F6CB099DCC75CCCE897A671A3.d.34787C210276000C815A054CA15C9D21.e.758","ELEMENT":"f.20E1EB2F6CB099DCC75CCCE897A671A3.d.34787C210276000C815A054CA15C9D21.e.758"}]}
RESULT: {"script":"<script> [56 bytes]","args":[{"element-6066-11e4-a52e-4f735466cecf":"f.20E1EB2F6CB099DCC75CCCE897A671A3.d.34787C210276000C815A054CA15C9D21.e.758","ELEMENT":"f.20E1EB2F6CB099DCC75CCCE897A671A3.d.34787C210276000C815A054CA15C9D21.e.758"}]}
COMMAND: POST /session/42302a9ea49feb79903a3467d1524afa/element - {"using":"xpath","value":"//table[contains(@id, \"application-ruinventorylist-display-component---Master--tableRuInventoryList-listUl\")]/tbody/tr[1]/td[6]/div/span"}
COMMAND: GET /session/42302a9ea49feb79903a3467d1524afa/screenshot - {}
RESULT: {"using":"xpath","value":"//table[contains(@id, \"application-ruinventorylist-display-component---Master--tableRuInventoryList-listUl\")]/tbody/tr[1]/td[6]/div/span"}
COMMAND: POST /session/42302a9ea49feb79903a3467d1524afa/execute/sync - {"script":"<script> [56 bytes]","args":[{"element-6066-11e4-a52e-4f735466cecf":"f.20E1EB2F6CB099DCC75CCCE897A671A3.d.34787C210276000C815A054CA15C9D21.e.1233","ELEMENT":"f.20E1EB2F6CB099DCC75CCCE897A671A3.d.34787C210276000C815A054CA15C9D21.e.1233"}]}
RESULT: {}
RESULT: {"script":"<script> [56 bytes]","args":[{"element-6066-11e4-a52e-4f735466cecf":"f.20E1EB2F6CB099DCC75CCCE897A671A3.d.34787C210276000C815A054CA15C9D21.e.1233","ELEMENT":"f.20E1EB2F6CB099DCC75CCCE897A671A3.d.34787C210276000C815A054CA15C9D21.e.1233"}]}
COMMAND: POST /session/42302a9ea49feb79903a3467d1524afa/element - {"using":"xpath","value":"//div[contains(@id, \"smartFilterBar-btnBasicSearch-reset\")]"}
COMMAND: GET /session/42302a9ea49feb79903a3467d1524afa/screenshot - {}
RESULT: {"using":"xpath","value":"//div[contains(@id, \"smartFilterBar-btnBasicSearch-reset\")]"}
COMMAND: POST /session/42302a9ea49feb79903a3467d1524afa/element/f.20E1EB2F6CB099DCC75CCCE897A671A3.d.34787C210276000C815A054CA15C9D21.e.774/click - {}
RESULT: {}
RESULT: {}
COMMAND: GET /session/42302a9ea49feb79903a3467d1524afa/screenshot - {}
RESULT: {}
COMMAND: POST /session/42302a9ea49feb79903a3467d1524afa/element/f.20E1EB2F6CB099DCC75CCCE897A671A3.d.34787C210276000C815A054CA15C9D21.e.299/click - {}
RESULT: {}
COMMAND: GET /session/42302a9ea49feb79903a3467d1524afa/screenshot - {}
RESULT: {}
RESULT: undefined
COMMAND: POST /session/42302a9ea49feb79903a3467d1524afa/execute/async - {"script":"<script> [776 bytes]","args":[{"enterText":"600002","selector":{"id":"application-ruinventorylist-display-component---Master--smartFilterBar-btnBasicSearch","interaction":{"idSuffix":"I"}},"clearTextFirst":true,"interactionType":"ENTER_TEXT"}]}
RESULT: {"script":"<script> [776 bytes]","args":[{"enterText":"600002","selector":{"id":"application-ruinventorylist-display-component---Master--smartFilterBar-btnBasicSearch","interaction":{"idSuffix":"I"}},"clearTextFirst":true,"interactionType":"ENTER_TEXT"}]}
COMMAND: POST /session/42302a9ea49feb79903a3467d1524afa/actions - {"actions":[{"id":"action7","type":"key","parameters":{},"actions":[{"type":"keyDown","value":""},{"type":"pause","duration":10},{"type":"keyUp","value":""}]}]}
RESULT: {"actions":[{"id":"action7","type":"key","parameters":{},"actions":[{"type":"keyDown","value":""},{"type":"pause","duration":10},{"type":"keyUp","value":""}]}]}
COMMAND: GET /session/42302a9ea49feb79903a3467d1524afa/screenshot - {}
RESULT: {}
COMMAND: POST /session/42302a9ea49feb79903a3467d1524afa/element - {"using":"xpath","value":"//span[@id=\"application-ruinventorylist-display-component---Master--smartTableRuInventoryList-header-inner\"]"}
RESULT: {"using":"xpath","value":"//span[@id=\"application-ruinventorylist-display-component---Master--smartTableRuInventoryList-header-inner\"]"}
COMMAND: POST /session/42302a9ea49feb79903a3467d1524afa/elements - {"using":"xpath","value":"//span[@id=\"application-ruinventorylist-display-component---Master--smartTableRuInventoryList-header-inner\"]"}
RESULT: {"using":"xpath","value":"//span[@id=\"application-ruinventorylist-display-component---Master--smartTableRuInventoryList-header-inner\"]"}
COMMAND: POST /session/42302a9ea49feb79903a3467d1524afa/execute/sync - {"script":"<script> [56 bytes]","args":[{"element-6066-11e4-a52e-4f735466cecf":"f.20E1EB2F6CB099DCC75CCCE897A671A3.d.34787C210276000C815A054CA15C9D21.e.758","ELEMENT":"f.20E1EB2F6CB099DCC75CCCE897A671A3.d.34787C210276000C815A054CA15C9D21.e.758"}]}
RESULT: {"script":"<script> [56 bytes]","args":[{"element-6066-11e4-a52e-4f735466cecf":"f.20E1EB2F6CB099DCC75CCCE897A671A3.d.34787C210276000C815A054CA15C9D21.e.758","ELEMENT":"f.20E1EB2F6CB099DCC75CCCE897A671A3.d.34787C210276000C815A054CA15C9D21.e.758"}]}
COMMAND: POST /session/42302a9ea49feb79903a3467d1524afa/element - {"using":"xpath","value":"//table[contains(@id, \"application-ruinventorylist-display-component---Master--tableRuInventoryList-listUl\")]/tbody/tr[1]/td[2]/div/div"}
COMMAND: GET /session/42302a9ea49feb79903a3467d1524afa/screenshot - {}
RESULT: {"using":"xpath","value":"//table[contains(@id, \"application-ruinventorylist-display-component---Master--tableRuInventoryList-listUl\")]/tbody/tr[1]/td[2]/div/div"}
COMMAND: POST /session/42302a9ea49feb79903a3467d1524afa/element/f.20E1EB2F6CB099DCC75CCCE897A671A3.d.34787C210276000C815A054CA15C9D21.e.1501/click - {}
RESULT: {}
RESULT: {}
COMMAND: GET /session/42302a9ea49feb79903a3467d1524afa/screenshot - {}
RESULT: {}
COMMAND: POST /session/42302a9ea49feb79903a3467d1524afa/element - {"using":"xpath","value":"//div[contains(@id, \"smartFilterBar-btnBasicSearch-reset\")]"}
RESULT: {"using":"xpath","value":"//div[contains(@id, \"smartFilterBar-btnBasicSearch-reset\")]"}
COMMAND: POST /session/42302a9ea49feb79903a3467d1524afa/element/f.20E1EB2F6CB099DCC75CCCE897A671A3.d.34787C210276000C815A054CA15C9D21.e.774/click - {}
RESULT: {}
COMMAND: GET /session/42302a9ea49feb79903a3467d1524afa/screenshot - {}
RESULT: {}
RESULT: undefined
COMMAND: POST /session/42302a9ea49feb79903a3467d1524afa/execute/async - {"script":"<script> [776 bytes]","args":[{"enterText":"401002","selector":{"id":"application-ruinventorylist-display-component---Master--smartFilterBar-btnBasicSearch","interaction":{"idSuffix":"I"}},"clearTextFirst":true,"interactionType":"ENTER_TEXT"}]}
RESULT: {"script":"<script> [776 bytes]","args":[{"enterText":"401002","selector":{"id":"application-ruinventorylist-display-component---Master--smartFilterBar-btnBasicSearch","interaction":{"idSuffix":"I"}},"clearTextFirst":true,"interactionType":"ENTER_TEXT"}]}
COMMAND: POST /session/42302a9ea49feb79903a3467d1524afa/actions - {"actions":[{"id":"action8","type":"key","parameters":{},"actions":[{"type":"keyDown","value":""},{"type":"pause","duration":10},{"type":"keyUp","value":""}]}]}
RESULT: {"actions":[{"id":"action8","type":"key","parameters":{},"actions":[{"type":"keyDown","value":""},{"type":"pause","duration":10},{"type":"keyUp","value":""}]}]}
COMMAND: GET /session/42302a9ea49feb79903a3467d1524afa/screenshot - {}
RESULT: {}
COMMAND: POST /session/42302a9ea49feb79903a3467d1524afa/element - {"using":"xpath","value":"//span[@id=\"application-ruinventorylist-display-component---Master--smartTableRuInventoryList-header-inner\"]"}
RESULT: {"using":"xpath","value":"//span[@id=\"application-ruinventorylist-display-component---Master--smartTableRuInventoryList-header-inner\"]"}
COMMAND: POST /session/42302a9ea49feb79903a3467d1524afa/elements - {"using":"xpath","value":"//span[@id=\"application-ruinventorylist-display-component---Master--smartTableRuInventoryList-header-inner\"]"}
RESULT: {"using":"xpath","value":"//span[@id=\"application-ruinventorylist-display-component---Master--smartTableRuInventoryList-header-inner\"]"}
COMMAND: POST /session/42302a9ea49feb79903a3467d1524afa/execute/sync - {"script":"<script> [56 bytes]","args":[{"element-6066-11e4-a52e-4f735466cecf":"f.20E1EB2F6CB099DCC75CCCE897A671A3.d.34787C210276000C815A054CA15C9D21.e.758","ELEMENT":"f.20E1EB2F6CB099DCC75CCCE897A671A3.d.34787C210276000C815A054CA15C9D21.e.758"}]}
RESULT: {"script":"<script> [56 bytes]","args":[{"element-6066-11e4-a52e-4f735466cecf":"f.20E1EB2F6CB099DCC75CCCE897A671A3.d.34787C210276000C815A054CA15C9D21.e.758","ELEMENT":"f.20E1EB2F6CB099DCC75CCCE897A671A3.d.34787C210276000C815A054CA15C9D21.e.758"}]}
COMMAND: POST /session/42302a9ea49feb79903a3467d1524afa/element - {"using":"xpath","value":"//table[contains(@id, \"application-ruinventorylist-display-component---Master--tableRuInventoryList-listUl\")]/tbody/tr[1]/td[2]/div/div"}
COMMAND: GET /session/42302a9ea49feb79903a3467d1524afa/screenshot - {}
RESULT: {"using":"xpath","value":"//table[contains(@id, \"application-ruinventorylist-display-component---Master--tableRuInventoryList-listUl\")]/tbody/tr[1]/td[2]/div/div"}
COMMAND: POST /session/42302a9ea49feb79903a3467d1524afa/element/f.20E1EB2F6CB099DCC75CCCE897A671A3.d.34787C210276000C815A054CA15C9D21.e.1662/click - {}
RESULT: {}
RESULT: {}
COMMAND: GET /session/42302a9ea49feb79903a3467d1524afa/screenshot - {}
RESULT: {}
COMMAND: POST /session/42302a9ea49feb79903a3467d1524afa/element - {"using":"xpath","value":"//div[contains(@id, \"smartFilterBar-btnBasicSearch-reset\")]"}
RESULT: {"using":"xpath","value":"//div[contains(@id, \"smartFilterBar-btnBasicSearch-reset\")]"}
COMMAND: POST /session/42302a9ea49feb79903a3467d1524afa/element/f.20E1EB2F6CB099DCC75CCCE897A671A3.d.34787C210276000C815A054CA15C9D21.e.774/click - {}
RESULT: {}
COMMAND: GET /session/42302a9ea49feb79903a3467d1524afa/screenshot - {}
RESULT: {}
COMMAND: POST /session/42302a9ea49feb79903a3467d1524afa/element/f.20E1EB2F6CB099DCC75CCCE897A671A3.d.34787C210276000C815A054CA15C9D21.e.299/click - {}
RESULT: {}
COMMAND: GET /session/42302a9ea49feb79903a3467d1524afa/screenshot - {}
RESULT: {}
RESULT: undefined
COMMAND: POST /session/42302a9ea49feb79903a3467d1524afa/element - {"using":"xpath","value":"//*[@id=\"application-ruinventorylist-display-component---Master--ruStateTypes-arrow\"]"}
RESULT: {"using":"xpath","value":"//*[@id=\"application-ruinventorylist-display-component---Master--ruStateTypes-arrow\"]"}
COMMAND: POST /session/42302a9ea49feb79903a3467d1524afa/element/f.20E1EB2F6CB099DCC75CCCE897A671A3.d.34787C210276000C815A054CA15C9D21.e.1834/click - {}
RESULT: {}
COMMAND: GET /session/42302a9ea49feb79903a3467d1524afa/screenshot - {}
RESULT: {}
COMMAND: POST /session/42302a9ea49feb79903a3467d1524afa/element - {"using":"xpath","value":"//li[.//span[text()=\"available\"]]"}
RESULT: {"using":"xpath","value":"//li[.//span[text()=\"available\"]]"}
COMMAND: POST /session/42302a9ea49feb79903a3467d1524afa/element/f.20E1EB2F6CB099DCC75CCCE897A671A3.d.34787C210276000C815A054CA15C9D21.e.1835/click - {}
RESULT: {}
COMMAND: GET /session/42302a9ea49feb79903a3467d1524afa/screenshot - {}
RESULT: {}
COMMAND: POST /session/42302a9ea49feb79903a3467d1524afa/element - {"using":"xpath","value":"(//bdi[contains(text(), \"OK\")])[1]"}
RESULT: {"using":"xpath","value":"(//bdi[contains(text(), \"OK\")])[1]"}
COMMAND: POST /session/42302a9ea49feb79903a3467d1524afa/element/f.20E1EB2F6CB099DCC75CCCE897A671A3.d.34787C210276000C815A054CA15C9D21.e.1836/click - {}
RESULT: {}
COMMAND: GET /session/42302a9ea49feb79903a3467d1524afa/screenshot - {}
RESULT: {}
COMMAND: POST /session/42302a9ea49feb79903a3467d1524afa/element - {"using":"xpath","value":"(//bdi[contains(text(), \"OK\")])[2]"}
RESULT: {"using":"xpath","value":"(//bdi[contains(text(), \"OK\")])[2]"}
COMMAND: POST /session/42302a9ea49feb79903a3467d1524afa/element/f.20E1EB2F6CB099DCC75CCCE897A671A3.d.34787C210276000C815A054CA15C9D21.e.1840/click - {}
RESULT: {}
COMMAND: GET /session/42302a9ea49feb79903a3467d1524afa/screenshot - {}
RESULT: {}
RESULT: undefined
COMMAND: POST /session/42302a9ea49feb79903a3467d1524afa/execute/async - {"script":"<script> [776 bytes]","args":[{"enterText":"600002","selector":{"id":"application-ruinventorylist-display-component---Master--smartFilterBar-btnBasicSearch","interaction":{"idSuffix":"I"}},"clearTextFirst":true,"interactionType":"ENTER_TEXT"}]}
RESULT: {"script":"<script> [776 bytes]","args":[{"enterText":"600002","selector":{"id":"application-ruinventorylist-display-component---Master--smartFilterBar-btnBasicSearch","interaction":{"idSuffix":"I"}},"clearTextFirst":true,"interactionType":"ENTER_TEXT"}]}
COMMAND: POST /session/42302a9ea49feb79903a3467d1524afa/actions - {"actions":[{"id":"action9","type":"key","parameters":{},"actions":[{"type":"keyDown","value":""},{"type":"pause","duration":10},{"type":"keyUp","value":""}]}]}
RESULT: {"actions":[{"id":"action9","type":"key","parameters":{},"actions":[{"type":"keyDown","value":""},{"type":"pause","duration":10},{"type":"keyUp","value":""}]}]}
COMMAND: GET /session/42302a9ea49feb79903a3467d1524afa/screenshot - {}
RESULT: {}
COMMAND: POST /session/42302a9ea49feb79903a3467d1524afa/element - {"using":"xpath","value":"//span[@id=\"application-ruinventorylist-display-component---Master--smartTableRuInventoryList-header-inner\"]"}
RESULT: {"using":"xpath","value":"//span[@id=\"application-ruinventorylist-display-component---Master--smartTableRuInventoryList-header-inner\"]"}
COMMAND: POST /session/42302a9ea49feb79903a3467d1524afa/elements - {"using":"xpath","value":"//span[@id=\"application-ruinventorylist-display-component---Master--smartTableRuInventoryList-header-inner\"]"}
RESULT: {"using":"xpath","value":"//span[@id=\"application-ruinventorylist-display-component---Master--smartTableRuInventoryList-header-inner\"]"}
COMMAND: POST /session/42302a9ea49feb79903a3467d1524afa/execute/sync - {"script":"<script> [56 bytes]","args":[{"element-6066-11e4-a52e-4f735466cecf":"f.20E1EB2F6CB099DCC75CCCE897A671A3.d.34787C210276000C815A054CA15C9D21.e.758","ELEMENT":"f.20E1EB2F6CB099DCC75CCCE897A671A3.d.34787C210276000C815A054CA15C9D21.e.758"}]}
RESULT: {"script":"<script> [56 bytes]","args":[{"element-6066-11e4-a52e-4f735466cecf":"f.20E1EB2F6CB099DCC75CCCE897A671A3.d.34787C210276000C815A054CA15C9D21.e.758","ELEMENT":"f.20E1EB2F6CB099DCC75CCCE897A671A3.d.34787C210276000C815A054CA15C9D21.e.758"}]}
COMMAND: POST /session/42302a9ea49feb79903a3467d1524afa/element - {"using":"xpath","value":"//table[contains(@id, \"application-ruinventorylist-display-component---Master--tableRuInventoryList-listUl\")]/tbody/tr[1]/td[6]/div/span"}
COMMAND: GET /session/42302a9ea49feb79903a3467d1524afa/screenshot - {}
RESULT: {"using":"xpath","value":"//table[contains(@id, \"application-ruinventorylist-display-component---Master--tableRuInventoryList-listUl\")]/tbody/tr[1]/td[6]/div/span"}
COMMAND: POST /session/42302a9ea49feb79903a3467d1524afa/execute/sync - {"script":"<script> [56 bytes]","args":[{"element-6066-11e4-a52e-4f735466cecf":"f.20E1EB2F6CB099DCC75CCCE897A671A3.d.34787C210276000C815A054CA15C9D21.e.1861","ELEMENT":"f.20E1EB2F6CB099DCC75CCCE897A671A3.d.34787C210276000C815A054CA15C9D21.e.1861"}]}
RESULT: {}
RESULT: {"script":"<script> [56 bytes]","args":[{"element-6066-11e4-a52e-4f735466cecf":"f.20E1EB2F6CB099DCC75CCCE897A671A3.d.34787C210276000C815A054CA15C9D21.e.1861","ELEMENT":"f.20E1EB2F6CB099DCC75CCCE897A671A3.d.34787C210276000C815A054CA15C9D21.e.1861"}]}
COMMAND: POST /session/42302a9ea49feb79903a3467d1524afa/element - {"using":"xpath","value":"//div[contains(@id, \"smartFilterBar-btnBasicSearch-reset\")]"}
COMMAND: GET /session/42302a9ea49feb79903a3467d1524afa/screenshot - {}
RESULT: {"using":"xpath","value":"//div[contains(@id, \"smartFilterBar-btnBasicSearch-reset\")]"}
COMMAND: POST /session/42302a9ea49feb79903a3467d1524afa/element/f.20E1EB2F6CB099DCC75CCCE897A671A3.d.34787C210276000C815A054CA15C9D21.e.774/click - {}
RESULT: {}
RESULT: {}
COMMAND: GET /session/42302a9ea49feb79903a3467d1524afa/screenshot - {}
RESULT: {}
RESULT: undefined
COMMAND: POST /session/42302a9ea49feb79903a3467d1524afa/execute/async - {"script":"<script> [776 bytes]","args":[{"enterText":"401002","selector":{"id":"application-ruinventorylist-display-component---Master--smartFilterBar-btnBasicSearch","interaction":{"idSuffix":"I"}},"clearTextFirst":true,"interactionType":"ENTER_TEXT"}]}
RESULT: {"script":"<script> [776 bytes]","args":[{"enterText":"401002","selector":{"id":"application-ruinventorylist-display-component---Master--smartFilterBar-btnBasicSearch","interaction":{"idSuffix":"I"}},"clearTextFirst":true,"interactionType":"ENTER_TEXT"}]}
COMMAND: POST /session/42302a9ea49feb79903a3467d1524afa/actions - {"actions":[{"id":"action10","type":"key","parameters":{},"actions":[{"type":"keyDown","value":""},{"type":"pause","duration":10},{"type":"keyUp","value":""}]}]}
RESULT: {"actions":[{"id":"action10","type":"key","parameters":{},"actions":[{"type":"keyDown","value":""},{"type":"pause","duration":10},{"type":"keyUp","value":""}]}]}
COMMAND: GET /session/42302a9ea49feb79903a3467d1524afa/screenshot - {}
RESULT: {}
COMMAND: POST /session/42302a9ea49feb79903a3467d1524afa/element - {"using":"xpath","value":"//span[@id=\"application-ruinventorylist-display-component---Master--smartTableRuInventoryList-header-inner\"]"}
RESULT: {"using":"xpath","value":"//span[@id=\"application-ruinventorylist-display-component---Master--smartTableRuInventoryList-header-inner\"]"}
COMMAND: POST /session/42302a9ea49feb79903a3467d1524afa/elements - {"using":"xpath","value":"//span[@id=\"application-ruinventorylist-display-component---Master--smartTableRuInventoryList-header-inner\"]"}
RESULT: {"using":"xpath","value":"//span[@id=\"application-ruinventorylist-display-component---Master--smartTableRuInventoryList-header-inner\"]"}
COMMAND: POST /session/42302a9ea49feb79903a3467d1524afa/execute/sync - {"script":"<script> [56 bytes]","args":[{"element-6066-11e4-a52e-4f735466cecf":"f.20E1EB2F6CB099DCC75CCCE897A671A3.d.34787C210276000C815A054CA15C9D21.e.758","ELEMENT":"f.20E1EB2F6CB099DCC75CCCE897A671A3.d.34787C210276000C815A054CA15C9D21.e.758"}]}
RESULT: {"script":"<script> [56 bytes]","args":[{"element-6066-11e4-a52e-4f735466cecf":"f.20E1EB2F6CB099DCC75CCCE897A671A3.d.34787C210276000C815A054CA15C9D21.e.758","ELEMENT":"f.20E1EB2F6CB099DCC75CCCE897A671A3.d.34787C210276000C815A054CA15C9D21.e.758"}]}
COMMAND: POST /session/42302a9ea49feb79903a3467d1524afa/element - {"using":"xpath","value":"//table[contains(@id, \"application-ruinventorylist-display-component---Master--tableRuInventoryList-listUl\")]/tbody/tr[1]/td[6]/div/span"}
COMMAND: GET /session/42302a9ea49feb79903a3467d1524afa/screenshot - {}
RESULT: {"using":"xpath","value":"//table[contains(@id, \"application-ruinventorylist-display-component---Master--tableRuInventoryList-listUl\")]/tbody/tr[1]/td[6]/div/span"}
COMMAND: POST /session/42302a9ea49feb79903a3467d1524afa/execute/sync - {"script":"<script> [56 bytes]","args":[{"element-6066-11e4-a52e-4f735466cecf":"f.20E1EB2F6CB099DCC75CCCE897A671A3.d.34787C210276000C815A054CA15C9D21.e.1951","ELEMENT":"f.20E1EB2F6CB099DCC75CCCE897A671A3.d.34787C210276000C815A054CA15C9D21.e.1951"}]}
RESULT: {}
RESULT: {"script":"<script> [56 bytes]","args":[{"element-6066-11e4-a52e-4f735466cecf":"f.20E1EB2F6CB099DCC75CCCE897A671A3.d.34787C210276000C815A054CA15C9D21.e.1951","ELEMENT":"f.20E1EB2F6CB099DCC75CCCE897A671A3.d.34787C210276000C815A054CA15C9D21.e.1951"}]}
COMMAND: POST /session/42302a9ea49feb79903a3467d1524afa/element - {"using":"xpath","value":"//div[contains(@id, \"smartFilterBar-btnBasicSearch-reset\")]"}
COMMAND: GET /session/42302a9ea49feb79903a3467d1524afa/screenshot - {}
RESULT: {"using":"xpath","value":"//div[contains(@id, \"smartFilterBar-btnBasicSearch-reset\")]"}
COMMAND: POST /session/42302a9ea49feb79903a3467d1524afa/element/f.20E1EB2F6CB099DCC75CCCE897A671A3.d.34787C210276000C815A054CA15C9D21.e.774/click - {}
RESULT: {}
RESULT: {}
COMMAND: GET /session/42302a9ea49feb79903a3467d1524afa/screenshot - {}
RESULT: {}
COMMAND: POST /session/42302a9ea49feb79903a3467d1524afa/element - {"using":"css selector","value":"#shell-header-logo"}
RESULT: {"using":"css selector","value":"#shell-header-logo"}
COMMAND: POST /session/42302a9ea49feb79903a3467d1524afa/element/f.20E1EB2F6CB099DCC75CCCE897A671A3.d.34787C210276000C815A054CA15C9D21.e.134/click - {}
RESULT: {}
COMMAND: GET /session/42302a9ea49feb79903a3467d1524afa/screenshot - {}
RESULT: {}
]]></system-out>
    </testcase>
    <testcase classname="chrome.136_0_7103_93.windows.RU_Inventory_Mass_State_Change_Multiple_Items_US151066" name="Prerequisite Step 2 Should create a new equipment" time="145.662">
      <system-out><![CDATA[
COMMAND: POST /session/42302a9ea49feb79903a3467d1524afa/execute/async - {"script":"<script> [1562 bytes]","args":[{"selector":{"controlType":"sap.m.GenericTile","properties":{"header":"Manage Resources"}},"wdio_ui5_key":"sapm.GenericTile{\"header\":\"Manage Resources\"}"}]}
RESULT: {"script":"<script> [1562 bytes]","args":[{"selector":{"controlType":"sap.m.GenericTile","properties":{"header":"Manage Resources"}},"wdio_ui5_key":"sapm.GenericTile{\"header\":\"Manage Resources\"}"}]}
RESULT: undefined
COMMAND: POST /session/42302a9ea49feb79903a3467d1524afa/element - {"using":"xpath","value":"//*[@id=\"__tile39\"]"}
RESULT: {"using":"xpath","value":"//*[@id=\"__tile39\"]"}
COMMAND: POST /session/42302a9ea49feb79903a3467d1524afa/element/f.20E1EB2F6CB099DCC75CCCE897A671A3.d.34787C210276000C815A054CA15C9D21.e.154/click - {}
RESULT: {}
COMMAND: GET /session/42302a9ea49feb79903a3467d1524afa/screenshot - {}
RESULT: {}
COMMAND: POST /session/42302a9ea49feb79903a3467d1524afa/elements - {"using":"xpath","value":"//span[text()='Error']"}
RESULT: {"using":"xpath","value":"//span[text()='Error']"}
COMMAND: POST /session/42302a9ea49feb79903a3467d1524afa/element - {"using":"xpath","value":"//button[@data-kt=\"addNewRUOverflowToolbarButton\"]"}
RESULT: {"using":"xpath","value":"//button[@data-kt=\"addNewRUOverflowToolbarButton\"]"}
COMMAND: POST /session/42302a9ea49feb79903a3467d1524afa/elements - {"using":"xpath","value":"//button[@data-kt=\"addNewRUOverflowToolbarButton\"]"}
RESULT: {"using":"xpath","value":"//button[@data-kt=\"addNewRUOverflowToolbarButton\"]"}
COMMAND: POST /session/42302a9ea49feb79903a3467d1524afa/execute/sync - {"script":"<script> [8489 bytes]","args":[{"element-6066-11e4-a52e-4f735466cecf":"f.20E1EB2F6CB099DCC75CCCE897A671A3.d.34787C210276000C815A054CA15C9D21.e.2070","ELEMENT":"f.20E1EB2F6CB099DCC75CCCE897A671A3.d.34787C210276000C815A054CA15C9D21.e.2070"}]}
RESULT: {"script":"<script> [8489 bytes]","args":[{"element-6066-11e4-a52e-4f735466cecf":"f.20E1EB2F6CB099DCC75CCCE897A671A3.d.34787C210276000C815A054CA15C9D21.e.2070","ELEMENT":"f.20E1EB2F6CB099DCC75CCCE897A671A3.d.34787C210276000C815A054CA15C9D21.e.2070"}]}
COMMAND: GET /session/42302a9ea49feb79903a3467d1524afa/element/f.20E1EB2F6CB099DCC75CCCE897A671A3.d.34787C210276000C815A054CA15C9D21.e.2070/enabled - {}
COMMAND: GET /session/42302a9ea49feb79903a3467d1524afa/screenshot - {}
RESULT: {}
COMMAND: POST /session/42302a9ea49feb79903a3467d1524afa/execute/sync - {"script":"<script> [8489 bytes]","args":[{"element-6066-11e4-a52e-4f735466cecf":"f.20E1EB2F6CB099DCC75CCCE897A671A3.d.34787C210276000C815A054CA15C9D21.e.2070","ELEMENT":"f.20E1EB2F6CB099DCC75CCCE897A671A3.d.34787C210276000C815A054CA15C9D21.e.2070"}]}
COMMAND: GET /session/42302a9ea49feb79903a3467d1524afa/screenshot - {}
RESULT: {}
RESULT: {"script":"<script> [8489 bytes]","args":[{"element-6066-11e4-a52e-4f735466cecf":"f.20E1EB2F6CB099DCC75CCCE897A671A3.d.34787C210276000C815A054CA15C9D21.e.2070","ELEMENT":"f.20E1EB2F6CB099DCC75CCCE897A671A3.d.34787C210276000C815A054CA15C9D21.e.2070"}]}
COMMAND: POST /session/42302a9ea49feb79903a3467d1524afa/execute/sync - {"script":"<script> [5351 bytes]","args":[{"element-6066-11e4-a52e-4f735466cecf":"f.20E1EB2F6CB099DCC75CCCE897A671A3.d.34787C210276000C815A054CA15C9D21.e.2070","ELEMENT":"f.20E1EB2F6CB099DCC75CCCE897A671A3.d.34787C210276000C815A054CA15C9D21.e.2070"}]}
COMMAND: GET /session/42302a9ea49feb79903a3467d1524afa/screenshot - {}
RESULT: {}
RESULT: {"script":"<script> [5351 bytes]","args":[{"element-6066-11e4-a52e-4f735466cecf":"f.20E1EB2F6CB099DCC75CCCE897A671A3.d.34787C210276000C815A054CA15C9D21.e.2070","ELEMENT":"f.20E1EB2F6CB099DCC75CCCE897A671A3.d.34787C210276000C815A054CA15C9D21.e.2070"}]}
COMMAND: POST /session/42302a9ea49feb79903a3467d1524afa/element/f.20E1EB2F6CB099DCC75CCCE897A671A3.d.34787C210276000C815A054CA15C9D21.e.2070/click - {}
COMMAND: GET /session/42302a9ea49feb79903a3467d1524afa/screenshot - {}
RESULT: {}
RESULT: {}
COMMAND: GET /session/42302a9ea49feb79903a3467d1524afa/screenshot - {}
COMMAND: POST /session/42302a9ea49feb79903a3467d1524afa/execute/async - {"script":"<script> [1562 bytes]","args":[{"selector":{"id":"application-manageresources-display-component---newResourceUnit--TYPE-arrow"},"wdio_ui5_key":"applicationmanageresources-display-component---newResourceUnit--TYPE-arrow"}]}
RESULT: {}
RESULT: {}
RESULT: {"script":"<script> [1562 bytes]","args":[{"selector":{"id":"application-manageresources-display-component---newResourceUnit--TYPE-arrow"},"wdio_ui5_key":"applicationmanageresources-display-component---newResourceUnit--TYPE-arrow"}]}
RESULT: undefined
COMMAND: POST /session/42302a9ea49feb79903a3467d1524afa/element - {"using":"xpath","value":"//*[@id=\"application-manageresources-display-component---newResourceUnit--TYPE-arrow\"]"}
RESULT: {"using":"xpath","value":"//*[@id=\"application-manageresources-display-component---newResourceUnit--TYPE-arrow\"]"}
COMMAND: POST /session/42302a9ea49feb79903a3467d1524afa/element/f.20E1EB2F6CB099DCC75CCCE897A671A3.d.34787C210276000C815A054CA15C9D21.e.2420/click - {}
RESULT: {}
COMMAND: POST /session/42302a9ea49feb79903a3467d1524afa/element - {"using":"xpath","value":"//input[@id=\"application-manageresources-display-component---newResourceUnit--TYPE-inner\"]"}
COMMAND: GET /session/42302a9ea49feb79903a3467d1524afa/screenshot - {}
RESULT: {"using":"xpath","value":"//input[@id=\"application-manageresources-display-component---newResourceUnit--TYPE-inner\"]"}
COMMAND: POST /session/42302a9ea49feb79903a3467d1524afa/element/f.20E1EB2F6CB099DCC75CCCE897A671A3.d.34787C210276000C815A054CA15C9D21.e.2410/clear - {}
RESULT: {}
RESULT: {}
COMMAND: POST /session/42302a9ea49feb79903a3467d1524afa/element/f.20E1EB2F6CB099DCC75CCCE897A671A3.d.34787C210276000C815A054CA15C9D21.e.2410/value - {"text":"Equipment"}
COMMAND: GET /session/42302a9ea49feb79903a3467d1524afa/screenshot - {}
RESULT: {"text":"Equipment"}
COMMAND: GET /session/42302a9ea49feb79903a3467d1524afa/screenshot - {}
RESULT: {}
RESULT: {}
COMMAND: POST /session/42302a9ea49feb79903a3467d1524afa/actions - {"actions":[{"id":"action11","type":"key","parameters":{},"actions":[{"type":"keyDown","value":""},{"type":"pause","duration":10},{"type":"keyUp","value":""}]}]}
RESULT: {"actions":[{"id":"action11","type":"key","parameters":{},"actions":[{"type":"keyDown","value":""},{"type":"pause","duration":10},{"type":"keyUp","value":""}]}]}
COMMAND: POST /session/42302a9ea49feb79903a3467d1524afa/execute/async - {"script":"<script> [1562 bytes]","args":[{"selector":{"id":"application-manageresources-display-component---newResourceUnit--resourceId","interaction":{"idSuffix":"inner"}},"wdio_ui5_key":"applicationmanageresources-display-component---newResourceUnit--resourceId"}]}
COMMAND: GET /session/42302a9ea49feb79903a3467d1524afa/screenshot - {}
RESULT: {"script":"<script> [1562 bytes]","args":[{"selector":{"id":"application-manageresources-display-component---newResourceUnit--resourceId","interaction":{"idSuffix":"inner"}},"wdio_ui5_key":"applicationmanageresources-display-component---newResourceUnit--resourceId"}]}
RESULT: undefined
COMMAND: POST /session/42302a9ea49feb79903a3467d1524afa/execute/async - {"script":"<script> [776 bytes]","args":[{"enterText":"36kUtG37cM","selector":{"id":"application-manageresources-display-component---newResourceUnit--resourceId","interaction":{"idSuffix":"inner"}},"clearTextFirst":true,"interactionType":"ENTER_TEXT"}]}
RESULT: {}
RESULT: {"script":"<script> [776 bytes]","args":[{"enterText":"36kUtG37cM","selector":{"id":"application-manageresources-display-component---newResourceUnit--resourceId","interaction":{"idSuffix":"inner"}},"clearTextFirst":true,"interactionType":"ENTER_TEXT"}]}
COMMAND: POST /session/42302a9ea49feb79903a3467d1524afa/execute/async - {"script":"<script> [1562 bytes]","args":[{"selector":{"id":"application-manageresources-display-component---newResourceUnit--SHORT_TEXT","interaction":{"idSuffix":"inner"}},"wdio_ui5_key":"applicationmanageresources-display-component---newResourceUnit--SHORT_TEXT"}]}
RESULT: {"script":"<script> [1562 bytes]","args":[{"selector":{"id":"application-manageresources-display-component---newResourceUnit--SHORT_TEXT","interaction":{"idSuffix":"inner"}},"wdio_ui5_key":"applicationmanageresources-display-component---newResourceUnit--SHORT_TEXT"}]}
RESULT: undefined
COMMAND: POST /session/42302a9ea49feb79903a3467d1524afa/execute/async - {"script":"<script> [776 bytes]","args":[{"enterText":"Intercompany Equipment WDIO","selector":{"id":"application-manageresources-display-component---newResourceUnit--SHORT_TEXT","interaction":{"idSuffix":"inner"}},"clearTextFirst":true,"interactionType":"ENTER_TEXT"}]}
RESULT: {"script":"<script> [776 bytes]","args":[{"enterText":"Intercompany Equipment WDIO","selector":{"id":"application-manageresources-display-component---newResourceUnit--SHORT_TEXT","interaction":{"idSuffix":"inner"}},"clearTextFirst":true,"interactionType":"ENTER_TEXT"}]}
COMMAND: POST /session/42302a9ea49feb79903a3467d1524afa/execute/async - {"script":"<script> [1562 bytes]","args":[{"selector":{"id":"application-manageresources-display-component---newResourceUnit--BASE_UNIT_OF_MEASURE","interaction":{"idSuffix":"inner"}},"wdio_ui5_key":"applicationmanageresources-display-component---newResourceUnit--BASE_UNIT_OF_MEASURE"}]}
RESULT: {"script":"<script> [1562 bytes]","args":[{"selector":{"id":"application-manageresources-display-component---newResourceUnit--BASE_UNIT_OF_MEASURE","interaction":{"idSuffix":"inner"}},"wdio_ui5_key":"applicationmanageresources-display-component---newResourceUnit--BASE_UNIT_OF_MEASURE"}]}
RESULT: undefined
COMMAND: POST /session/42302a9ea49feb79903a3467d1524afa/execute/async - {"script":"<script> [776 bytes]","args":[{"enterText":"Piece","selector":{"id":"application-manageresources-display-component---newResourceUnit--BASE_UNIT_OF_MEASURE","interaction":{"idSuffix":"inner"}},"clearTextFirst":true,"interactionType":"ENTER_TEXT"}]}
RESULT: {"script":"<script> [776 bytes]","args":[{"enterText":"Piece","selector":{"id":"application-manageresources-display-component---newResourceUnit--BASE_UNIT_OF_MEASURE","interaction":{"idSuffix":"inner"}},"clearTextFirst":true,"interactionType":"ENTER_TEXT"}]}
COMMAND: POST /session/42302a9ea49feb79903a3467d1524afa/execute/async - {"script":"<script> [1562 bytes]","args":[{"selector":{"id":"application-manageresources-display-component---newResourceUnit--WEIGHT_UNIT","interaction":{"idSuffix":"inner"}},"wdio_ui5_key":"applicationmanageresources-display-component---newResourceUnit--WEIGHT_UNIT"}]}
RESULT: {"script":"<script> [1562 bytes]","args":[{"selector":{"id":"application-manageresources-display-component---newResourceUnit--WEIGHT_UNIT","interaction":{"idSuffix":"inner"}},"wdio_ui5_key":"applicationmanageresources-display-component---newResourceUnit--WEIGHT_UNIT"}]}
RESULT: undefined
COMMAND: POST /session/42302a9ea49feb79903a3467d1524afa/execute/async - {"script":"<script> [776 bytes]","args":[{"enterText":"Gram","selector":{"id":"application-manageresources-display-component---newResourceUnit--WEIGHT_UNIT","interaction":{"idSuffix":"inner"}},"clearTextFirst":true,"interactionType":"ENTER_TEXT"}]}
RESULT: {"script":"<script> [776 bytes]","args":[{"enterText":"Gram","selector":{"id":"application-manageresources-display-component---newResourceUnit--WEIGHT_UNIT","interaction":{"idSuffix":"inner"}},"clearTextFirst":true,"interactionType":"ENTER_TEXT"}]}
COMMAND: POST /session/42302a9ea49feb79903a3467d1524afa/execute/async - {"script":"<script> [1562 bytes]","args":[{"selector":{"id":"application-manageresources-display-component---newResourceUnit--DIMENSION_UNIT","interaction":{"idSuffix":"inner"}},"wdio_ui5_key":"applicationmanageresources-display-component---newResourceUnit--DIMENSION_UNIT"}]}
RESULT: {"script":"<script> [1562 bytes]","args":[{"selector":{"id":"application-manageresources-display-component---newResourceUnit--DIMENSION_UNIT","interaction":{"idSuffix":"inner"}},"wdio_ui5_key":"applicationmanageresources-display-component---newResourceUnit--DIMENSION_UNIT"}]}
RESULT: undefined
COMMAND: POST /session/42302a9ea49feb79903a3467d1524afa/execute/async - {"script":"<script> [776 bytes]","args":[{"enterText":"Meter","selector":{"id":"application-manageresources-display-component---newResourceUnit--DIMENSION_UNIT","interaction":{"idSuffix":"inner"}},"clearTextFirst":true,"interactionType":"ENTER_TEXT"}]}
RESULT: {"script":"<script> [776 bytes]","args":[{"enterText":"Meter","selector":{"id":"application-manageresources-display-component---newResourceUnit--DIMENSION_UNIT","interaction":{"idSuffix":"inner"}},"clearTextFirst":true,"interactionType":"ENTER_TEXT"}]}
COMMAND: POST /session/42302a9ea49feb79903a3467d1524afa/execute/async - {"script":"<script> [1562 bytes]","args":[{"selector":{"id":"application-manageresources-display-component---newResourceUnit--newRRUPage-anchBar-application-manageresources-display-component---newResourceUnit--control-anchor","interaction":{"idSuffix":"BDI-content"}},"wdio_ui5_key":"applicationmanageresources-display-component---newResourceUnit--newRRUPage-anchBar-application-manageresources-display-component---newResourceUnit--control-anchor"}]}
RESULT: {"script":"<script> [1562 bytes]","args":[{"selector":{"id":"application-manageresources-display-component---newResourceUnit--newRRUPage-anchBar-application-manageresources-display-component---newResourceUnit--control-anchor","interaction":{"idSuffix":"BDI-content"}},"wdio_ui5_key":"applicationmanageresources-display-component---newResourceUnit--newRRUPage-anchBar-application-manageresources-display-component---newResourceUnit--control-anchor"}]}
RESULT: undefined
COMMAND: POST /session/42302a9ea49feb79903a3467d1524afa/element - {"using":"xpath","value":"//*[@id=\"application-manageresources-display-component---newResourceUnit--newRRUPage-anchBar-application-manageresources-display-component---newResourceUnit--control-anchor\"]"}
RESULT: {"using":"xpath","value":"//*[@id=\"application-manageresources-display-component---newResourceUnit--newRRUPage-anchBar-application-manageresources-display-component---newResourceUnit--control-anchor\"]"}
COMMAND: POST /session/42302a9ea49feb79903a3467d1524afa/element/f.20E1EB2F6CB099DCC75CCCE897A671A3.d.34787C210276000C815A054CA15C9D21.e.2552/click - {}
RESULT: {}
COMMAND: POST /session/42302a9ea49feb79903a3467d1524afa/execute/async - {"script":"<script> [1562 bytes]","args":[{"selector":{"id":"application-manageresources-display-component---newResourceUnit--PLANNING_GROUP","interaction":{"idSuffix":"inner"}},"wdio_ui5_key":"applicationmanageresources-display-component---newResourceUnit--PLANNING_GROUP"}]}
COMMAND: GET /session/42302a9ea49feb79903a3467d1524afa/screenshot - {}
RESULT: {"script":"<script> [1562 bytes]","args":[{"selector":{"id":"application-manageresources-display-component---newResourceUnit--PLANNING_GROUP","interaction":{"idSuffix":"inner"}},"wdio_ui5_key":"applicationmanageresources-display-component---newResourceUnit--PLANNING_GROUP"}]}
RESULT: undefined
COMMAND: POST /session/42302a9ea49feb79903a3467d1524afa/execute/async - {"script":"<script> [776 bytes]","args":[{"enterText":"Heavy Equi","selector":{"id":"application-manageresources-display-component---newResourceUnit--PLANNING_GROUP","interaction":{"idSuffix":"inner"}},"clearTextFirst":true,"interactionType":"ENTER_TEXT"}]}
RESULT: {}
RESULT: {"script":"<script> [776 bytes]","args":[{"enterText":"Heavy Equi","selector":{"id":"application-manageresources-display-component---newResourceUnit--PLANNING_GROUP","interaction":{"idSuffix":"inner"}},"clearTextFirst":true,"interactionType":"ENTER_TEXT"}]}
COMMAND: POST /session/42302a9ea49feb79903a3467d1524afa/execute/async - {"script":"<script> [1562 bytes]","args":[{"selector":{"id":"application-manageresources-display-component---newResourceUnit--ITEM_TYPE-arrow"},"wdio_ui5_key":"applicationmanageresources-display-component---newResourceUnit--ITEM_TYPE-arrow"}]}
RESULT: {"script":"<script> [1562 bytes]","args":[{"selector":{"id":"application-manageresources-display-component---newResourceUnit--ITEM_TYPE-arrow"},"wdio_ui5_key":"applicationmanageresources-display-component---newResourceUnit--ITEM_TYPE-arrow"}]}
RESULT: undefined
COMMAND: POST /session/42302a9ea49feb79903a3467d1524afa/element - {"using":"xpath","value":"//*[@id=\"application-manageresources-display-component---newResourceUnit--ITEM_TYPE-arrow\"]"}
RESULT: {"using":"xpath","value":"//*[@id=\"application-manageresources-display-component---newResourceUnit--ITEM_TYPE-arrow\"]"}
COMMAND: POST /session/42302a9ea49feb79903a3467d1524afa/element/f.20E1EB2F6CB099DCC75CCCE897A671A3.d.34787C210276000C815A054CA15C9D21.e.2561/click - {}
RESULT: {}
COMMAND: POST /session/42302a9ea49feb79903a3467d1524afa/element - {"using":"xpath","value":"(//span[contains(text(), \"Resource Unit\")])[2]"}
COMMAND: GET /session/42302a9ea49feb79903a3467d1524afa/screenshot - {}
RESULT: {"using":"xpath","value":"(//span[contains(text(), \"Resource Unit\")])[2]"}
COMMAND: POST /session/42302a9ea49feb79903a3467d1524afa/element/f.20E1EB2F6CB099DCC75CCCE897A671A3.d.34787C210276000C815A054CA15C9D21.e.2562/click - {}
RESULT: {}
RESULT: {}
COMMAND: GET /session/42302a9ea49feb79903a3467d1524afa/screenshot - {}
RESULT: {}
COMMAND: POST /session/42302a9ea49feb79903a3467d1524afa/element - {"using":"css selector","value":"#application-manageresources-display-component---newResourceUnit--btnAddTimeSegment"}
RESULT: {"using":"css selector","value":"#application-manageresources-display-component---newResourceUnit--btnAddTimeSegment"}
COMMAND: GET /session/42302a9ea49feb79903a3467d1524afa/element/f.20E1EB2F6CB099DCC75CCCE897A671A3.d.34787C210276000C815A054CA15C9D21.e.2563/rect - {}
RESULT: {}
COMMAND: GET /session/42302a9ea49feb79903a3467d1524afa/window/rect - {}
RESULT: {}
COMMAND: POST /session/42302a9ea49feb79903a3467d1524afa/execute/sync - {"script":"<script> [92 bytes]","args":[]}
RESULT: {"script":"<script> [92 bytes]","args":[]}
COMMAND: POST /session/42302a9ea49feb79903a3467d1524afa/actions - {"actions":[{"id":"action12","type":"wheel","parameters":{},"actions":[{"type":"scroll","x":-1888,"y":-32,"deltaX":0,"deltaY":0,"duration":0,"origin":{"element-6066-11e4-a52e-4f735466cecf":"f.20E1EB2F6CB099DCC75CCCE897A671A3.d.34787C210276000C815A054CA15C9D21.e.2563"}}]}]}
COMMAND: GET /session/42302a9ea49feb79903a3467d1524afa/screenshot - {}
RESULT: {}
COMMAND: POST /session/42302a9ea49feb79903a3467d1524afa/execute/sync - {"script":"<script> [79 bytes]","args":[{"element-6066-11e4-a52e-4f735466cecf":"f.20E1EB2F6CB099DCC75CCCE897A671A3.d.34787C210276000C815A054CA15C9D21.e.2563","ELEMENT":"f.20E1EB2F6CB099DCC75CCCE897A671A3.d.34787C210276000C815A054CA15C9D21.e.2563"},{"block":"start","inline":"nearest"}]}
RESULT: {"script":"<script> [79 bytes]","args":[{"element-6066-11e4-a52e-4f735466cecf":"f.20E1EB2F6CB099DCC75CCCE897A671A3.d.34787C210276000C815A054CA15C9D21.e.2563","ELEMENT":"f.20E1EB2F6CB099DCC75CCCE897A671A3.d.34787C210276000C815A054CA15C9D21.e.2563"},{"block":"start","inline":"nearest"}]}
COMMAND: POST /session/42302a9ea49feb79903a3467d1524afa/execute/async - {"script":"<script> [1562 bytes]","args":[{"selector":{"id":"application-manageresources-display-component---newResourceUnit--btnAddTimeSegment","interaction":{"idSuffix":"inner"}},"wdio_ui5_key":"applicationmanageresources-display-component---newResourceUnit--btnAddTimeSegment"}]}
COMMAND: GET /session/42302a9ea49feb79903a3467d1524afa/screenshot - {}
RESULT: {"script":"<script> [1562 bytes]","args":[{"selector":{"id":"application-manageresources-display-component---newResourceUnit--btnAddTimeSegment","interaction":{"idSuffix":"inner"}},"wdio_ui5_key":"applicationmanageresources-display-component---newResourceUnit--btnAddTimeSegment"}]}
RESULT: undefined
COMMAND: POST /session/42302a9ea49feb79903a3467d1524afa/element - {"using":"xpath","value":"//*[@id=\"application-manageresources-display-component---newResourceUnit--btnAddTimeSegment\"]"}
RESULT: {}
RESULT: {"using":"xpath","value":"//*[@id=\"application-manageresources-display-component---newResourceUnit--btnAddTimeSegment\"]"}
COMMAND: POST /session/42302a9ea49feb79903a3467d1524afa/element/f.20E1EB2F6CB099DCC75CCCE897A671A3.d.34787C210276000C815A054CA15C9D21.e.2563/click - {}
RESULT: {}
COMMAND: GET /session/42302a9ea49feb79903a3467d1524afa/screenshot - {}
RESULT: {}
COMMAND: POST /session/42302a9ea49feb79903a3467d1524afa/element - {"using":"xpath","value":"//input[@id=\"application-manageresources-display-component---newResourceUnit--idRuTSAdmin-application-manageresources-display-component---newResourceUnit--RUTimeSegment-0-inner\"]"}
RESULT: {"using":"xpath","value":"//input[@id=\"application-manageresources-display-component---newResourceUnit--idRuTSAdmin-application-manageresources-display-component---newResourceUnit--RUTimeSegment-0-inner\"]"}
COMMAND: POST /session/42302a9ea49feb79903a3467d1524afa/element/f.20E1EB2F6CB099DCC75CCCE897A671A3.d.34787C210276000C815A054CA15C9D21.e.2569/clear - {}
RESULT: {}
COMMAND: POST /session/42302a9ea49feb79903a3467d1524afa/element/f.20E1EB2F6CB099DCC75CCCE897A671A3.d.34787C210276000C815A054CA15C9D21.e.2569/value - {"text":"109"}
COMMAND: GET /session/42302a9ea49feb79903a3467d1524afa/screenshot - {}
RESULT: {"text":"109"}
COMMAND: GET /session/42302a9ea49feb79903a3467d1524afa/screenshot - {}
RESULT: {}
RESULT: {}
COMMAND: POST /session/42302a9ea49feb79903a3467d1524afa/element - {"using":"xpath","value":"//li[.//span[text()='109']]"}
RESULT: {"using":"xpath","value":"//li[.//span[text()='109']]"}
COMMAND: POST /session/42302a9ea49feb79903a3467d1524afa/element/f.20E1EB2F6CB099DCC75CCCE897A671A3.d.34787C210276000C815A054CA15C9D21.e.2583/click - {}
RESULT: {}
COMMAND: GET /session/42302a9ea49feb79903a3467d1524afa/screenshot - {}
RESULT: {}
COMMAND: POST /session/42302a9ea49feb79903a3467d1524afa/element - {"using":"xpath","value":"(//span[contains(@id, \"-application-manageresources-display-component---newResourceUnit--RUTimeSegment-0-arrow\")])[6]"}
RESULT: {"using":"xpath","value":"(//span[contains(@id, \"-application-manageresources-display-component---newResourceUnit--RUTimeSegment-0-arrow\")])[6]"}
COMMAND: POST /session/42302a9ea49feb79903a3467d1524afa/element/f.20E1EB2F6CB099DCC75CCCE897A671A3.d.34787C210276000C815A054CA15C9D21.e.2584/click - {}
RESULT: {}
COMMAND: GET /session/42302a9ea49feb79903a3467d1524afa/screenshot - {}
RESULT: {}
COMMAND: POST /session/42302a9ea49feb79903a3467d1524afa/element - {"using":"xpath","value":"//span[contains(text(), \"PM Order\")]"}
RESULT: {"using":"xpath","value":"//span[contains(text(), \"PM Order\")]"}
COMMAND: POST /session/42302a9ea49feb79903a3467d1524afa/element/f.20E1EB2F6CB099DCC75CCCE897A671A3.d.34787C210276000C815A054CA15C9D21.e.2587/click - {}
RESULT: {}
COMMAND: GET /session/42302a9ea49feb79903a3467d1524afa/screenshot - {}
RESULT: {}
COMMAND: POST /session/42302a9ea49feb79903a3467d1524afa/element - {"using":"xpath","value":"(//span[contains(@id ,\"manageresources-display-component---newResourceUnit--RUTimeSegment-0-vhi\")])[1]"}
RESULT: {"using":"xpath","value":"(//span[contains(@id ,\"manageresources-display-component---newResourceUnit--RUTimeSegment-0-vhi\")])[1]"}
COMMAND: GET /session/42302a9ea49feb79903a3467d1524afa/element/f.20E1EB2F6CB099DCC75CCCE897A671A3.d.34787C210276000C815A054CA15C9D21.e.2591/rect - {}
RESULT: {}
COMMAND: GET /session/42302a9ea49feb79903a3467d1524afa/window/rect - {}
RESULT: {}
COMMAND: POST /session/42302a9ea49feb79903a3467d1524afa/execute/sync - {"script":"<script> [92 bytes]","args":[]}
RESULT: {"script":"<script> [92 bytes]","args":[]}
COMMAND: POST /session/42302a9ea49feb79903a3467d1524afa/actions - {"actions":[{"id":"action13","type":"wheel","parameters":{},"actions":[{"type":"scroll","x":-869,"y":-24,"deltaX":0,"deltaY":0,"duration":0,"origin":{"element-6066-11e4-a52e-4f735466cecf":"f.20E1EB2F6CB099DCC75CCCE897A671A3.d.34787C210276000C815A054CA15C9D21.e.2591"}}]}]}
COMMAND: GET /session/42302a9ea49feb79903a3467d1524afa/screenshot - {}
RESULT: {"actions":[{"id":"action13","type":"wheel","parameters":{},"actions":[{"type":"scroll","x":-869,"y":-24,"deltaX":0,"deltaY":0,"duration":0,"origin":{"element-6066-11e4-a52e-4f735466cecf":"f.20E1EB2F6CB099DCC75CCCE897A671A3.d.34787C210276000C815A054CA15C9D21.e.2591"}}]}]}
COMMAND: DELETE /session/42302a9ea49feb79903a3467d1524afa/actions - {}
COMMAND: GET /session/42302a9ea49feb79903a3467d1524afa/screenshot - {}
RESULT: {}
RESULT: {}
COMMAND: GET /session/42302a9ea49feb79903a3467d1524afa/screenshot - {}
RESULT: {}
RESULT: {}
COMMAND: POST /session/42302a9ea49feb79903a3467d1524afa/element/f.20E1EB2F6CB099DCC75CCCE897A671A3.d.34787C210276000C815A054CA15C9D21.e.2591/click - {}
RESULT: {}
COMMAND: GET /session/42302a9ea49feb79903a3467d1524afa/screenshot - {}
RESULT: {}
COMMAND: POST /session/42302a9ea49feb79903a3467d1524afa/execute/async - {"script":"<script> [1562 bytes]","args":[{"selector":{"controlType":"sap.m.SearchField","properties":{"placeholder":"Search"},"searchOpenDialogs":true,"interaction":{"idSuffix":"I"}},"wdio_ui5_key":"sapm.SearchField{\"placeholder\":\"Search\"}"}]}
RESULT: {"script":"<script> [1562 bytes]","args":[{"selector":{"controlType":"sap.m.SearchField","properties":{"placeholder":"Search"},"searchOpenDialogs":true,"interaction":{"idSuffix":"I"}},"wdio_ui5_key":"sapm.SearchField{\"placeholder\":\"Search\"}"}]}
RESULT: undefined
COMMAND: POST /session/42302a9ea49feb79903a3467d1524afa/execute/async - {"script":"<script> [776 bytes]","args":[{"enterText":"4000360","selector":{"controlType":"sap.m.SearchField","properties":{"placeholder":"Search"},"searchOpenDialogs":true,"interaction":{"idSuffix":"I"}},"clearTextFirst":true,"interactionType":"ENTER_TEXT"}]}
RESULT: {"script":"<script> [776 bytes]","args":[{"enterText":"4000360","selector":{"controlType":"sap.m.SearchField","properties":{"placeholder":"Search"},"searchOpenDialogs":true,"interaction":{"idSuffix":"I"}},"clearTextFirst":true,"interactionType":"ENTER_TEXT"}]}
COMMAND: POST /session/42302a9ea49feb79903a3467d1524afa/actions - {"actions":[{"id":"action14","type":"key","parameters":{},"actions":[{"type":"keyDown","value":""},{"type":"pause","duration":10},{"type":"keyUp","value":""}]}]}
RESULT: {"actions":[{"id":"action14","type":"key","parameters":{},"actions":[{"type":"keyDown","value":""},{"type":"pause","duration":10},{"type":"keyUp","value":""}]}]}
COMMAND: GET /session/42302a9ea49feb79903a3467d1524afa/screenshot - {}
RESULT: {}
COMMAND: POST /session/42302a9ea49feb79903a3467d1524afa/element - {"using":"xpath","value":"//td/div/span[contains(text(), \"BGL Vehicles\")]"}
RESULT: {"using":"xpath","value":"//td/div/span[contains(text(), \"BGL Vehicles\")]"}
COMMAND: POST /session/42302a9ea49feb79903a3467d1524afa/element/f.20E1EB2F6CB099DCC75CCCE897A671A3.d.34787C210276000C815A054CA15C9D21.e.2612/click - {}
RESULT: {}
COMMAND: GET /session/42302a9ea49feb79903a3467d1524afa/screenshot - {}
RESULT: {}
COMMAND: POST /session/42302a9ea49feb79903a3467d1524afa/element - {"using":"xpath","value":"//bdi[contains(text(), \"OK\")]"}
RESULT: {"using":"xpath","value":"//bdi[contains(text(), \"OK\")]"}
COMMAND: POST /session/42302a9ea49feb79903a3467d1524afa/element/f.20E1EB2F6CB099DCC75CCCE897A671A3.d.34787C210276000C815A054CA15C9D21.e.2613/click - {}
RESULT: {}
COMMAND: GET /session/42302a9ea49feb79903a3467d1524afa/screenshot - {}
RESULT: {}
COMMAND: POST /session/42302a9ea49feb79903a3467d1524afa/execute/async - {"script":"<script> [1562 bytes]","args":[{"selector":{"id":"application-manageresources-display-component---newResourceUnit--newRRUPage-anchBar-application-manageresources-display-component---newResourceUnit--resource-anchor","interaction":{"idSuffix":"BDI-content"}},"wdio_ui5_key":"applicationmanageresources-display-component---newResourceUnit--newRRUPage-anchBar-application-manageresources-display-component---newResourceUnit--resource-anchor"}]}
RESULT: {"script":"<script> [1562 bytes]","args":[{"selector":{"id":"application-manageresources-display-component---newResourceUnit--newRRUPage-anchBar-application-manageresources-display-component---newResourceUnit--resource-anchor","interaction":{"idSuffix":"BDI-content"}},"wdio_ui5_key":"applicationmanageresources-display-component---newResourceUnit--newRRUPage-anchBar-application-manageresources-display-component---newResourceUnit--resource-anchor"}]}
RESULT: undefined
COMMAND: POST /session/42302a9ea49feb79903a3467d1524afa/element - {"using":"xpath","value":"//*[@id=\"application-manageresources-display-component---newResourceUnit--newRRUPage-anchBar-application-manageresources-display-component---newResourceUnit--resource-anchor\"]"}
RESULT: {"using":"xpath","value":"//*[@id=\"application-manageresources-display-component---newResourceUnit--newRRUPage-anchBar-application-manageresources-display-component---newResourceUnit--resource-anchor\"]"}
COMMAND: POST /session/42302a9ea49feb79903a3467d1524afa/element/f.20E1EB2F6CB099DCC75CCCE897A671A3.d.34787C210276000C815A054CA15C9D21.e.2617/click - {}
RESULT: {}
COMMAND: POST /session/42302a9ea49feb79903a3467d1524afa/execute/async - {"script":"<script> [1562 bytes]","args":[{"selector":{"id":"application-manageresources-display-component---newResourceUnit--PLANNED_DELIVERY_DATE","interaction":{"idSuffix":"inner"}},"wdio_ui5_key":"applicationmanageresources-display-component---newResourceUnit--PLANNED_DELIVERY_DATE"}]}
COMMAND: GET /session/42302a9ea49feb79903a3467d1524afa/screenshot - {}
RESULT: {"script":"<script> [1562 bytes]","args":[{"selector":{"id":"application-manageresources-display-component---newResourceUnit--PLANNED_DELIVERY_DATE","interaction":{"idSuffix":"inner"}},"wdio_ui5_key":"applicationmanageresources-display-component---newResourceUnit--PLANNED_DELIVERY_DATE"}]}
RESULT: undefined
COMMAND: POST /session/42302a9ea49feb79903a3467d1524afa/execute/async - {"script":"<script> [6424 bytes]","args":[{"element-6066-11e4-a52e-4f735466cecf":"f.20E1EB2F6CB099DCC75CCCE897A671A3.d.34787C210276000C815A054CA15C9D21.e.2477"},"setValue",["5/21/25"]]}
RESULT: {}
RESULT: {"script":"<script> [6424 bytes]","args":[{"element-6066-11e4-a52e-4f735466cecf":"f.20E1EB2F6CB099DCC75CCCE897A671A3.d.34787C210276000C815A054CA15C9D21.e.2477"},"setValue",["5/21/25"]]}
COMMAND: POST /session/42302a9ea49feb79903a3467d1524afa/element - {"using":"xpath","value":"//label[contains(@class, 'sapMLabelRequired') and .//bdi[contains(text(), 'Planned Retirement')]]"}
RESULT: {"using":"xpath","value":"//label[contains(@class, 'sapMLabelRequired') and .//bdi[contains(text(), 'Planned Retirement')]]"}
COMMAND: POST /session/42302a9ea49feb79903a3467d1524afa/elements - {"using":"xpath","value":"//label[contains(@class, 'sapMLabelRequired') and .//bdi[contains(text(), 'Planned Retirement')]]"}
RESULT: {"using":"xpath","value":"//label[contains(@class, 'sapMLabelRequired') and .//bdi[contains(text(), 'Planned Retirement')]]"}
COMMAND: POST /session/42302a9ea49feb79903a3467d1524afa/element - {"using":"xpath","value":"//button[@data-kt=\"resourceUnitSaveButton\"]"}
RESULT: {"using":"xpath","value":"//button[@data-kt=\"resourceUnitSaveButton\"]"}
COMMAND: POST /session/42302a9ea49feb79903a3467d1524afa/element/f.20E1EB2F6CB099DCC75CCCE897A671A3.d.34787C210276000C815A054CA15C9D21.e.2437/click - {}
RESULT: {}
COMMAND: GET /session/42302a9ea49feb79903a3467d1524afa/screenshot - {}
RESULT: {}
COMMAND: POST /session/42302a9ea49feb79903a3467d1524afa/element - {"using":"xpath","value":"//bdi[contains(text(), \"Close\")]"}
RESULT: {"using":"xpath","value":"//bdi[contains(text(), \"Close\")]"}
COMMAND: POST /session/42302a9ea49feb79903a3467d1524afa/element/f.20E1EB2F6CB099DCC75CCCE897A671A3.d.34787C210276000C815A054CA15C9D21.e.2625/click - {}
RESULT: {}
COMMAND: GET /session/42302a9ea49feb79903a3467d1524afa/screenshot - {}
RESULT: {}
COMMAND: POST /session/42302a9ea49feb79903a3467d1524afa/element - {"using":"xpath","value":"(//button[contains(@id ,\"actionsToolbar-overflowButton\")])[1]"}
RESULT: {"using":"xpath","value":"(//button[contains(@id ,\"actionsToolbar-overflowButton\")])[1]"}
COMMAND: POST /session/42302a9ea49feb79903a3467d1524afa/element/f.20E1EB2F6CB099DCC75CCCE897A671A3.d.34787C210276000C815A054CA15C9D21.e.2677/click - {}
RESULT: {}
COMMAND: GET /session/42302a9ea49feb79903a3467d1524afa/screenshot - {}
RESULT: {}
COMMAND: POST /session/42302a9ea49feb79903a3467d1524afa/element - {"using":"xpath","value":"//button[@data-kt=\"priceInfoButton\"]"}
RESULT: {"using":"xpath","value":"//button[@data-kt=\"priceInfoButton\"]"}
COMMAND: POST /session/42302a9ea49feb79903a3467d1524afa/element/f.20E1EB2F6CB099DCC75CCCE897A671A3.d.34787C210276000C815A054CA15C9D21.e.2679/click - {}
RESULT: {}
COMMAND: GET /session/42302a9ea49feb79903a3467d1524afa/screenshot - {}
RESULT: {}
COMMAND: POST /session/42302a9ea49feb79903a3467d1524afa/element - {"using":"css selector","value":"#shell-header-logo"}
RESULT: {"using":"css selector","value":"#shell-header-logo"}
COMMAND: POST /session/42302a9ea49feb79903a3467d1524afa/element/f.20E1EB2F6CB099DCC75CCCE897A671A3.d.34787C210276000C815A054CA15C9D21.e.2031/click - {}
RESULT: {}
COMMAND: GET /session/42302a9ea49feb79903a3467d1524afa/screenshot - {}
RESULT: {}
]]></system-out>
    </testcase>
    <testcase classname="chrome.136_0_7103_93.windows.RU_Inventory_Mass_State_Change_Multiple_Items_US151066" name="Prerequisite Step 2 Should create a new material" time="100.559">
      <system-out><![CDATA[
RESULT: undefined
COMMAND: POST /session/42302a9ea49feb79903a3467d1524afa/element - {"using":"xpath","value":"//*[@id=\"__tile39\"]"}
RESULT: {"using":"xpath","value":"//*[@id=\"__tile39\"]"}
COMMAND: POST /session/42302a9ea49feb79903a3467d1524afa/element/f.20E1EB2F6CB099DCC75CCCE897A671A3.d.34787C210276000C815A054CA15C9D21.e.154/click - {}
RESULT: {}
COMMAND: GET /session/42302a9ea49feb79903a3467d1524afa/screenshot - {}
RESULT: {}
COMMAND: POST /session/42302a9ea49feb79903a3467d1524afa/elements - {"using":"xpath","value":"//span[text()='Error']"}
RESULT: {"using":"xpath","value":"//span[text()='Error']"}
COMMAND: POST /session/42302a9ea49feb79903a3467d1524afa/element - {"using":"xpath","value":"//button[@data-kt=\"addNewRUOverflowToolbarButton\"]"}
RESULT: {"using":"xpath","value":"//button[@data-kt=\"addNewRUOverflowToolbarButton\"]"}
COMMAND: POST /session/42302a9ea49feb79903a3467d1524afa/elements - {"using":"xpath","value":"//button[@data-kt=\"addNewRUOverflowToolbarButton\"]"}
RESULT: {"using":"xpath","value":"//button[@data-kt=\"addNewRUOverflowToolbarButton\"]"}
COMMAND: POST /session/42302a9ea49feb79903a3467d1524afa/execute/sync - {"script":"<script> [8489 bytes]","args":[{"element-6066-11e4-a52e-4f735466cecf":"f.20E1EB2F6CB099DCC75CCCE897A671A3.d.34787C210276000C815A054CA15C9D21.e.2756","ELEMENT":"f.20E1EB2F6CB099DCC75CCCE897A671A3.d.34787C210276000C815A054CA15C9D21.e.2756"}]}
RESULT: {"script":"<script> [8489 bytes]","args":[{"element-6066-11e4-a52e-4f735466cecf":"f.20E1EB2F6CB099DCC75CCCE897A671A3.d.34787C210276000C815A054CA15C9D21.e.2756","ELEMENT":"f.20E1EB2F6CB099DCC75CCCE897A671A3.d.34787C210276000C815A054CA15C9D21.e.2756"}]}
COMMAND: GET /session/42302a9ea49feb79903a3467d1524afa/element/f.20E1EB2F6CB099DCC75CCCE897A671A3.d.34787C210276000C815A054CA15C9D21.e.2756/enabled - {}
COMMAND: GET /session/42302a9ea49feb79903a3467d1524afa/screenshot - {}
RESULT: {}
COMMAND: POST /session/42302a9ea49feb79903a3467d1524afa/execute/sync - {"script":"<script> [8489 bytes]","args":[{"element-6066-11e4-a52e-4f735466cecf":"f.20E1EB2F6CB099DCC75CCCE897A671A3.d.34787C210276000C815A054CA15C9D21.e.2756","ELEMENT":"f.20E1EB2F6CB099DCC75CCCE897A671A3.d.34787C210276000C815A054CA15C9D21.e.2756"}]}
COMMAND: GET /session/42302a9ea49feb79903a3467d1524afa/screenshot - {}
RESULT: {}
RESULT: {"script":"<script> [8489 bytes]","args":[{"element-6066-11e4-a52e-4f735466cecf":"f.20E1EB2F6CB099DCC75CCCE897A671A3.d.34787C210276000C815A054CA15C9D21.e.2756","ELEMENT":"f.20E1EB2F6CB099DCC75CCCE897A671A3.d.34787C210276000C815A054CA15C9D21.e.2756"}]}
COMMAND: POST /session/42302a9ea49feb79903a3467d1524afa/execute/sync - {"script":"<script> [5351 bytes]","args":[{"element-6066-11e4-a52e-4f735466cecf":"f.20E1EB2F6CB099DCC75CCCE897A671A3.d.34787C210276000C815A054CA15C9D21.e.2756","ELEMENT":"f.20E1EB2F6CB099DCC75CCCE897A671A3.d.34787C210276000C815A054CA15C9D21.e.2756"}]}
COMMAND: GET /session/42302a9ea49feb79903a3467d1524afa/screenshot - {}
RESULT: {}
RESULT: {"script":"<script> [5351 bytes]","args":[{"element-6066-11e4-a52e-4f735466cecf":"f.20E1EB2F6CB099DCC75CCCE897A671A3.d.34787C210276000C815A054CA15C9D21.e.2756","ELEMENT":"f.20E1EB2F6CB099DCC75CCCE897A671A3.d.34787C210276000C815A054CA15C9D21.e.2756"}]}
COMMAND: POST /session/42302a9ea49feb79903a3467d1524afa/element/f.20E1EB2F6CB099DCC75CCCE897A671A3.d.34787C210276000C815A054CA15C9D21.e.2756/click - {}
COMMAND: GET /session/42302a9ea49feb79903a3467d1524afa/screenshot - {}
RESULT: {}
RESULT: {}
COMMAND: GET /session/42302a9ea49feb79903a3467d1524afa/screenshot - {}
RESULT: {}
RESULT: undefined
COMMAND: POST /session/42302a9ea49feb79903a3467d1524afa/element - {"using":"xpath","value":"//*[@id=\"application-manageresources-display-component---newResourceUnit--TYPE-arrow\"]"}
RESULT: {}
RESULT: {"using":"xpath","value":"//*[@id=\"application-manageresources-display-component---newResourceUnit--TYPE-arrow\"]"}
COMMAND: POST /session/42302a9ea49feb79903a3467d1524afa/element/f.20E1EB2F6CB099DCC75CCCE897A671A3.d.34787C210276000C815A054CA15C9D21.e.3105/click - {}
RESULT: {}
COMMAND: POST /session/42302a9ea49feb79903a3467d1524afa/element - {"using":"xpath","value":"//input[@id=\"application-manageresources-display-component---newResourceUnit--TYPE-inner\"]"}
COMMAND: GET /session/42302a9ea49feb79903a3467d1524afa/screenshot - {}
RESULT: {"using":"xpath","value":"//input[@id=\"application-manageresources-display-component---newResourceUnit--TYPE-inner\"]"}
COMMAND: POST /session/42302a9ea49feb79903a3467d1524afa/element/f.20E1EB2F6CB099DCC75CCCE897A671A3.d.34787C210276000C815A054CA15C9D21.e.3097/clear - {}
RESULT: {}
RESULT: {}
COMMAND: POST /session/42302a9ea49feb79903a3467d1524afa/element/f.20E1EB2F6CB099DCC75CCCE897A671A3.d.34787C210276000C815A054CA15C9D21.e.3097/value - {"text":"Material"}
COMMAND: GET /session/42302a9ea49feb79903a3467d1524afa/screenshot - {}
RESULT: {"text":"Material"}
COMMAND: GET /session/42302a9ea49feb79903a3467d1524afa/screenshot - {}
RESULT: {}
RESULT: {}
COMMAND: POST /session/42302a9ea49feb79903a3467d1524afa/actions - {"actions":[{"id":"action15","type":"key","parameters":{},"actions":[{"type":"keyDown","value":""},{"type":"pause","duration":10},{"type":"keyUp","value":""}]}]}
RESULT: {"actions":[{"id":"action15","type":"key","parameters":{},"actions":[{"type":"keyDown","value":""},{"type":"pause","duration":10},{"type":"keyUp","value":""}]}]}
RESULT: undefined
COMMAND: POST /session/42302a9ea49feb79903a3467d1524afa/execute/async - {"script":"<script> [776 bytes]","args":[{"enterText":"Cement WDIO","selector":{"id":"application-manageresources-display-component---newResourceUnit--SHORT_TEXT","interaction":{"idSuffix":"inner"}},"clearTextFirst":true,"interactionType":"ENTER_TEXT"}]}
COMMAND: GET /session/42302a9ea49feb79903a3467d1524afa/screenshot - {}
RESULT: {"script":"<script> [776 bytes]","args":[{"enterText":"Cement WDIO","selector":{"id":"application-manageresources-display-component---newResourceUnit--SHORT_TEXT","interaction":{"idSuffix":"inner"}},"clearTextFirst":true,"interactionType":"ENTER_TEXT"}]}
RESULT: undefined
COMMAND: POST /session/42302a9ea49feb79903a3467d1524afa/execute/async - {"script":"<script> [776 bytes]","args":[{"enterText":"Piece","selector":{"id":"application-manageresources-display-component---newResourceUnit--BASE_UNIT_OF_MEASURE","interaction":{"idSuffix":"inner"}},"clearTextFirst":true,"interactionType":"ENTER_TEXT"}]}
RESULT: {}
RESULT: {"script":"<script> [776 bytes]","args":[{"enterText":"Piece","selector":{"id":"application-manageresources-display-component---newResourceUnit--BASE_UNIT_OF_MEASURE","interaction":{"idSuffix":"inner"}},"clearTextFirst":true,"interactionType":"ENTER_TEXT"}]}
RESULT: undefined
COMMAND: POST /session/42302a9ea49feb79903a3467d1524afa/execute/async - {"script":"<script> [776 bytes]","args":[{"enterText":"Gram","selector":{"id":"application-manageresources-display-component---newResourceUnit--WEIGHT_UNIT","interaction":{"idSuffix":"inner"}},"clearTextFirst":true,"interactionType":"ENTER_TEXT"}]}
RESULT: {"script":"<script> [776 bytes]","args":[{"enterText":"Gram","selector":{"id":"application-manageresources-display-component---newResourceUnit--WEIGHT_UNIT","interaction":{"idSuffix":"inner"}},"clearTextFirst":true,"interactionType":"ENTER_TEXT"}]}
RESULT: undefined
COMMAND: POST /session/42302a9ea49feb79903a3467d1524afa/execute/async - {"script":"<script> [776 bytes]","args":[{"enterText":"Meter","selector":{"id":"application-manageresources-display-component---newResourceUnit--DIMENSION_UNIT","interaction":{"idSuffix":"inner"}},"clearTextFirst":true,"interactionType":"ENTER_TEXT"}]}
RESULT: {"script":"<script> [776 bytes]","args":[{"enterText":"Meter","selector":{"id":"application-manageresources-display-component---newResourceUnit--DIMENSION_UNIT","interaction":{"idSuffix":"inner"}},"clearTextFirst":true,"interactionType":"ENTER_TEXT"}]}
RESULT: undefined
COMMAND: POST /session/42302a9ea49feb79903a3467d1524afa/element - {"using":"xpath","value":"//*[@id=\"application-manageresources-display-component---newResourceUnit--newRRUPage-anchBar-application-manageresources-display-component---newResourceUnit--control-anchor\"]"}
RESULT: {"using":"xpath","value":"//*[@id=\"application-manageresources-display-component---newResourceUnit--newRRUPage-anchBar-application-manageresources-display-component---newResourceUnit--control-anchor\"]"}
COMMAND: POST /session/42302a9ea49feb79903a3467d1524afa/element/f.20E1EB2F6CB099DCC75CCCE897A671A3.d.34787C210276000C815A054CA15C9D21.e.3164/click - {}
RESULT: {}
RESULT: undefined
COMMAND: POST /session/42302a9ea49feb79903a3467d1524afa/execute/async - {"script":"<script> [776 bytes]","args":[{"enterText":"Material","selector":{"id":"application-manageresources-display-component---newResourceUnit--PLANNING_GROUP","interaction":{"idSuffix":"inner"}},"clearTextFirst":true,"interactionType":"ENTER_TEXT"}]}
COMMAND: GET /session/42302a9ea49feb79903a3467d1524afa/screenshot - {}
RESULT: {"script":"<script> [776 bytes]","args":[{"enterText":"Material","selector":{"id":"application-manageresources-display-component---newResourceUnit--PLANNING_GROUP","interaction":{"idSuffix":"inner"}},"clearTextFirst":true,"interactionType":"ENTER_TEXT"}]}
RESULT: {}
COMMAND: POST /session/42302a9ea49feb79903a3467d1524afa/execute/async - {"script":"<script> [1562 bytes]","args":[{"selector":{"id":"application-manageresources-display-component---newResourceUnit--PLANNING_INDICATOR","interaction":{"idSuffix":"inner"}},"wdio_ui5_key":"applicationmanageresources-display-component---newResourceUnit--PLANNING_INDICATOR"}]}
RESULT: {"script":"<script> [1562 bytes]","args":[{"selector":{"id":"application-manageresources-display-component---newResourceUnit--PLANNING_INDICATOR","interaction":{"idSuffix":"inner"}},"wdio_ui5_key":"applicationmanageresources-display-component---newResourceUnit--PLANNING_INDICATOR"}]}
RESULT: undefined
COMMAND: POST /session/42302a9ea49feb79903a3467d1524afa/execute/async - {"script":"<script> [776 bytes]","args":[{"enterText":"10 - infinite","selector":{"id":"application-manageresources-display-component---newResourceUnit--PLANNING_INDICATOR","interaction":{"idSuffix":"inner"}},"clearTextFirst":true,"interactionType":"ENTER_TEXT"}]}
RESULT: {"script":"<script> [776 bytes]","args":[{"enterText":"10 - infinite","selector":{"id":"application-manageresources-display-component---newResourceUnit--PLANNING_INDICATOR","interaction":{"idSuffix":"inner"}},"clearTextFirst":true,"interactionType":"ENTER_TEXT"}]}
COMMAND: POST /session/42302a9ea49feb79903a3467d1524afa/element - {"using":"css selector","value":"#application-manageresources-display-component---newResourceUnit--btnAddTimeSegment"}
RESULT: {"using":"css selector","value":"#application-manageresources-display-component---newResourceUnit--btnAddTimeSegment"}
COMMAND: GET /session/42302a9ea49feb79903a3467d1524afa/element/f.20E1EB2F6CB099DCC75CCCE897A671A3.d.34787C210276000C815A054CA15C9D21.e.3171/rect - {}
RESULT: {}
COMMAND: GET /session/42302a9ea49feb79903a3467d1524afa/window/rect - {}
RESULT: {}
COMMAND: POST /session/42302a9ea49feb79903a3467d1524afa/execute/sync - {"script":"<script> [92 bytes]","args":[]}
RESULT: {"script":"<script> [92 bytes]","args":[]}
COMMAND: POST /session/42302a9ea49feb79903a3467d1524afa/actions - {"actions":[{"id":"action16","type":"wheel","parameters":{},"actions":[{"type":"scroll","x":-1888,"y":-32,"deltaX":0,"deltaY":0,"duration":0,"origin":{"element-6066-11e4-a52e-4f735466cecf":"f.20E1EB2F6CB099DCC75CCCE897A671A3.d.34787C210276000C815A054CA15C9D21.e.3171"}}]}]}
COMMAND: GET /session/42302a9ea49feb79903a3467d1524afa/screenshot - {}
RESULT: {}
COMMAND: POST /session/42302a9ea49feb79903a3467d1524afa/execute/sync - {"script":"<script> [79 bytes]","args":[{"element-6066-11e4-a52e-4f735466cecf":"f.20E1EB2F6CB099DCC75CCCE897A671A3.d.34787C210276000C815A054CA15C9D21.e.3171","ELEMENT":"f.20E1EB2F6CB099DCC75CCCE897A671A3.d.34787C210276000C815A054CA15C9D21.e.3171"},{"block":"start","inline":"nearest"}]}
RESULT: {"script":"<script> [79 bytes]","args":[{"element-6066-11e4-a52e-4f735466cecf":"f.20E1EB2F6CB099DCC75CCCE897A671A3.d.34787C210276000C815A054CA15C9D21.e.3171","ELEMENT":"f.20E1EB2F6CB099DCC75CCCE897A671A3.d.34787C210276000C815A054CA15C9D21.e.3171"},{"block":"start","inline":"nearest"}]}
RESULT: undefined
COMMAND: POST /session/42302a9ea49feb79903a3467d1524afa/element - {"using":"xpath","value":"//*[@id=\"application-manageresources-display-component---newResourceUnit--btnAddTimeSegment\"]"}
COMMAND: GET /session/42302a9ea49feb79903a3467d1524afa/screenshot - {}
RESULT: {"using":"xpath","value":"//*[@id=\"application-manageresources-display-component---newResourceUnit--btnAddTimeSegment\"]"}
COMMAND: POST /session/42302a9ea49feb79903a3467d1524afa/element/f.20E1EB2F6CB099DCC75CCCE897A671A3.d.34787C210276000C815A054CA15C9D21.e.3171/click - {}
RESULT: {}
RESULT: {}
COMMAND: GET /session/42302a9ea49feb79903a3467d1524afa/screenshot - {}
RESULT: {}
COMMAND: POST /session/42302a9ea49feb79903a3467d1524afa/element - {"using":"xpath","value":"//input[@id=\"application-manageresources-display-component---newResourceUnit--idRuTSAdmin-application-manageresources-display-component---newResourceUnit--RUTimeSegment-0-inner\"]"}
RESULT: {"using":"xpath","value":"//input[@id=\"application-manageresources-display-component---newResourceUnit--idRuTSAdmin-application-manageresources-display-component---newResourceUnit--RUTimeSegment-0-inner\"]"}
COMMAND: POST /session/42302a9ea49feb79903a3467d1524afa/element/f.20E1EB2F6CB099DCC75CCCE897A671A3.d.34787C210276000C815A054CA15C9D21.e.3175/clear - {}
RESULT: {}
COMMAND: POST /session/42302a9ea49feb79903a3467d1524afa/element/f.20E1EB2F6CB099DCC75CCCE897A671A3.d.34787C210276000C815A054CA15C9D21.e.3175/value - {"text":"109"}
COMMAND: GET /session/42302a9ea49feb79903a3467d1524afa/screenshot - {}
RESULT: {"text":"109"}
COMMAND: GET /session/42302a9ea49feb79903a3467d1524afa/screenshot - {}
RESULT: {}
RESULT: {}
COMMAND: POST /session/42302a9ea49feb79903a3467d1524afa/element - {"using":"xpath","value":"//li[.//span[text()='109']]"}
RESULT: {"using":"xpath","value":"//li[.//span[text()='109']]"}
COMMAND: POST /session/42302a9ea49feb79903a3467d1524afa/element/f.20E1EB2F6CB099DCC75CCCE897A671A3.d.34787C210276000C815A054CA15C9D21.e.3184/click - {}
RESULT: {}
COMMAND: GET /session/42302a9ea49feb79903a3467d1524afa/screenshot - {}
RESULT: {}
COMMAND: POST /session/42302a9ea49feb79903a3467d1524afa/element - {"using":"xpath","value":"(//span[contains(@id, \"-application-manageresources-display-component---newResourceUnit--RUTimeSegment-0-arrow\")])[2]"}
RESULT: {"using":"xpath","value":"(//span[contains(@id, \"-application-manageresources-display-component---newResourceUnit--RUTimeSegment-0-arrow\")])[2]"}
COMMAND: POST /session/42302a9ea49feb79903a3467d1524afa/element/f.20E1EB2F6CB099DCC75CCCE897A671A3.d.34787C210276000C815A054CA15C9D21.e.3185/click - {}
RESULT: {}
COMMAND: POST /session/42302a9ea49feb79903a3467d1524afa/element - {"using":"xpath","value":"//span[contains(text(), \"PM Order\")]"}
COMMAND: GET /session/42302a9ea49feb79903a3467d1524afa/screenshot - {}
RESULT: {"using":"xpath","value":"//span[contains(text(), \"PM Order\")]"}
COMMAND: POST /session/42302a9ea49feb79903a3467d1524afa/element/f.20E1EB2F6CB099DCC75CCCE897A671A3.d.34787C210276000C815A054CA15C9D21.e.3186/click - {}
RESULT: {}
RESULT: {}
COMMAND: GET /session/42302a9ea49feb79903a3467d1524afa/screenshot - {}
RESULT: {}
COMMAND: POST /session/42302a9ea49feb79903a3467d1524afa/element - {"using":"xpath","value":"//td/div/div/div/span[contains(@id, \"newResourceUnit--RUTimeSegment-0-vhi\")][1]"}
RESULT: {"using":"xpath","value":"//td/div/div/div/span[contains(@id, \"newResourceUnit--RUTimeSegment-0-vhi\")][1]"}
COMMAND: GET /session/42302a9ea49feb79903a3467d1524afa/element/f.20E1EB2F6CB099DCC75CCCE897A671A3.d.34787C210276000C815A054CA15C9D21.e.3190/rect - {}
RESULT: {}
COMMAND: GET /session/42302a9ea49feb79903a3467d1524afa/window/rect - {}
RESULT: {}
COMMAND: POST /session/42302a9ea49feb79903a3467d1524afa/execute/sync - {"script":"<script> [92 bytes]","args":[]}
RESULT: {"script":"<script> [92 bytes]","args":[]}
COMMAND: POST /session/42302a9ea49feb79903a3467d1524afa/actions - {"actions":[{"id":"action17","type":"wheel","parameters":{},"actions":[{"type":"scroll","x":-1888,"y":-24,"deltaX":0,"deltaY":0,"duration":0,"origin":{"element-6066-11e4-a52e-4f735466cecf":"f.20E1EB2F6CB099DCC75CCCE897A671A3.d.34787C210276000C815A054CA15C9D21.e.3190"}}]}]}
COMMAND: GET /session/42302a9ea49feb79903a3467d1524afa/screenshot - {}
RESULT: {}
COMMAND: POST /session/42302a9ea49feb79903a3467d1524afa/execute/sync - {"script":"<script> [79 bytes]","args":[{"element-6066-11e4-a52e-4f735466cecf":"f.20E1EB2F6CB099DCC75CCCE897A671A3.d.34787C210276000C815A054CA15C9D21.e.3190","ELEMENT":"f.20E1EB2F6CB099DCC75CCCE897A671A3.d.34787C210276000C815A054CA15C9D21.e.3190"},{"block":"start","inline":"nearest"}]}
RESULT: {"script":"<script> [79 bytes]","args":[{"element-6066-11e4-a52e-4f735466cecf":"f.20E1EB2F6CB099DCC75CCCE897A671A3.d.34787C210276000C815A054CA15C9D21.e.3190","ELEMENT":"f.20E1EB2F6CB099DCC75CCCE897A671A3.d.34787C210276000C815A054CA15C9D21.e.3190"},{"block":"start","inline":"nearest"}]}
COMMAND: GET /session/42302a9ea49feb79903a3467d1524afa/screenshot - {}
RESULT: {}
COMMAND: POST /session/42302a9ea49feb79903a3467d1524afa/element/f.20E1EB2F6CB099DCC75CCCE897A671A3.d.34787C210276000C815A054CA15C9D21.e.3190/click - {}
RESULT: {}
COMMAND: GET /session/42302a9ea49feb79903a3467d1524afa/screenshot - {}
RESULT: {}
RESULT: undefined
COMMAND: POST /session/42302a9ea49feb79903a3467d1524afa/execute/async - {"script":"<script> [776 bytes]","args":[{"enterText":"4000360","selector":{"controlType":"sap.m.SearchField","properties":{"placeholder":"Search"},"searchOpenDialogs":true,"interaction":{"idSuffix":"I"}},"clearTextFirst":true,"interactionType":"ENTER_TEXT"}]}
RESULT: {"script":"<script> [776 bytes]","args":[{"enterText":"4000360","selector":{"controlType":"sap.m.SearchField","properties":{"placeholder":"Search"},"searchOpenDialogs":true,"interaction":{"idSuffix":"I"}},"clearTextFirst":true,"interactionType":"ENTER_TEXT"}]}
COMMAND: POST /session/42302a9ea49feb79903a3467d1524afa/actions - {"actions":[{"id":"action18","type":"key","parameters":{},"actions":[{"type":"keyDown","value":""},{"type":"pause","duration":10},{"type":"keyUp","value":""}]}]}
RESULT: {"actions":[{"id":"action18","type":"key","parameters":{},"actions":[{"type":"keyDown","value":""},{"type":"pause","duration":10},{"type":"keyUp","value":""}]}]}
COMMAND: GET /session/42302a9ea49feb79903a3467d1524afa/screenshot - {}
RESULT: {}
COMMAND: POST /session/42302a9ea49feb79903a3467d1524afa/element - {"using":"xpath","value":"//td/div/span[contains(text(), \"BGL Vehicles\")]"}
RESULT: {"using":"xpath","value":"//td/div/span[contains(text(), \"BGL Vehicles\")]"}
COMMAND: POST /session/42302a9ea49feb79903a3467d1524afa/element/f.20E1EB2F6CB099DCC75CCCE897A671A3.d.34787C210276000C815A054CA15C9D21.e.3210/click - {}
RESULT: {}
COMMAND: GET /session/42302a9ea49feb79903a3467d1524afa/screenshot - {}
RESULT: {}
COMMAND: POST /session/42302a9ea49feb79903a3467d1524afa/element - {"using":"xpath","value":"//bdi[contains(text(), \"OK\")]"}
RESULT: {"using":"xpath","value":"//bdi[contains(text(), \"OK\")]"}
COMMAND: POST /session/42302a9ea49feb79903a3467d1524afa/element/f.20E1EB2F6CB099DCC75CCCE897A671A3.d.34787C210276000C815A054CA15C9D21.e.3211/click - {}
RESULT: {}
COMMAND: GET /session/42302a9ea49feb79903a3467d1524afa/screenshot - {}
RESULT: {}
COMMAND: POST /session/42302a9ea49feb79903a3467d1524afa/element - {"using":"xpath","value":"//label[contains(@class, 'sapMLabelRequired') and .//bdi[contains(text(), 'Planned Retirement')]]"}
RESULT: {"using":"xpath","value":"//label[contains(@class, 'sapMLabelRequired') and .//bdi[contains(text(), 'Planned Retirement')]]"}
COMMAND: POST /session/42302a9ea49feb79903a3467d1524afa/elements - {"using":"xpath","value":"//label[contains(@class, 'sapMLabelRequired') and .//bdi[contains(text(), 'Planned Retirement')]]"}
RESULT: {"using":"xpath","value":"//label[contains(@class, 'sapMLabelRequired') and .//bdi[contains(text(), 'Planned Retirement')]]"}
COMMAND: POST /session/42302a9ea49feb79903a3467d1524afa/element - {"using":"xpath","value":"//button[@data-kt=\"resourceUnitSaveButton\"]"}
RESULT: {"using":"xpath","value":"//button[@data-kt=\"resourceUnitSaveButton\"]"}
COMMAND: POST /session/42302a9ea49feb79903a3467d1524afa/element/f.20E1EB2F6CB099DCC75CCCE897A671A3.d.34787C210276000C815A054CA15C9D21.e.3122/click - {}
RESULT: {}
COMMAND: GET /session/42302a9ea49feb79903a3467d1524afa/screenshot - {}
RESULT: {}
COMMAND: POST /session/42302a9ea49feb79903a3467d1524afa/element - {"using":"xpath","value":"//bdi[contains(text(), \"Close\")]"}
RESULT: {"using":"xpath","value":"//bdi[contains(text(), \"Close\")]"}
COMMAND: POST /session/42302a9ea49feb79903a3467d1524afa/element/f.20E1EB2F6CB099DCC75CCCE897A671A3.d.34787C210276000C815A054CA15C9D21.e.3218/click - {}
RESULT: {}
COMMAND: GET /session/42302a9ea49feb79903a3467d1524afa/screenshot - {}
RESULT: {}
COMMAND: POST /session/42302a9ea49feb79903a3467d1524afa/element - {"using":"xpath","value":"//header[contains(@id, 'detailRruPage-headerTitle')]/div[1]/div[2]/div[2]/span[1]"}
RESULT: {"using":"xpath","value":"//header[contains(@id, 'detailRruPage-headerTitle')]/div[1]/div[2]/div[2]/span[1]"}
COMMAND: POST /session/42302a9ea49feb79903a3467d1524afa/elements - {"using":"xpath","value":"//header[contains(@id, 'detailRruPage-headerTitle')]/div[1]/div[2]/div[2]/span[1]"}
RESULT: {"using":"xpath","value":"//header[contains(@id, 'detailRruPage-headerTitle')]/div[1]/div[2]/div[2]/span[1]"}
COMMAND: POST /session/42302a9ea49feb79903a3467d1524afa/execute/sync - {"script":"<script> [56 bytes]","args":[{"element-6066-11e4-a52e-4f735466cecf":"f.20E1EB2F6CB099DCC75CCCE897A671A3.d.34787C210276000C815A054CA15C9D21.e.3251","ELEMENT":"f.20E1EB2F6CB099DCC75CCCE897A671A3.d.34787C210276000C815A054CA15C9D21.e.3251"}]}
RESULT: {"script":"<script> [56 bytes]","args":[{"element-6066-11e4-a52e-4f735466cecf":"f.20E1EB2F6CB099DCC75CCCE897A671A3.d.34787C210276000C815A054CA15C9D21.e.3251","ELEMENT":"f.20E1EB2F6CB099DCC75CCCE897A671A3.d.34787C210276000C815A054CA15C9D21.e.3251"}]}
COMMAND: POST /session/42302a9ea49feb79903a3467d1524afa/element - {"using":"css selector","value":"#shell-header-logo"}
COMMAND: GET /session/42302a9ea49feb79903a3467d1524afa/screenshot - {}
RESULT: {"using":"css selector","value":"#shell-header-logo"}
COMMAND: POST /session/42302a9ea49feb79903a3467d1524afa/element/f.20E1EB2F6CB099DCC75CCCE897A671A3.d.34787C210276000C815A054CA15C9D21.e.2718/click - {}
RESULT: {}
RESULT: {}
COMMAND: GET /session/42302a9ea49feb79903a3467d1524afa/screenshot - {}
RESULT: {}
]]></system-out>
    </testcase>
    <testcase classname="chrome.136_0_7103_93.windows.RU_Inventory_Mass_State_Change_Multiple_Items_US151066" name="Prerequisite Step 2 Should do a stock increase handover for the equipment" time="89.357">
      <system-out><![CDATA[
COMMAND: POST /session/42302a9ea49feb79903a3467d1524afa/execute/async - {"script":"<script> [1562 bytes]","args":[{"selector":{"controlType":"sap.m.GenericTile","properties":{"header":"Manage Handovers"}},"wdio_ui5_key":"sapm.GenericTile{\"header\":\"Manage Handovers\"}"}]}
RESULT: {"script":"<script> [1562 bytes]","args":[{"selector":{"controlType":"sap.m.GenericTile","properties":{"header":"Manage Handovers"}},"wdio_ui5_key":"sapm.GenericTile{\"header\":\"Manage Handovers\"}"}]}
RESULT: undefined
COMMAND: POST /session/42302a9ea49feb79903a3467d1524afa/element - {"using":"xpath","value":"//*[@id=\"__tile133\"]"}
RESULT: {"using":"xpath","value":"//*[@id=\"__tile133\"]"}
COMMAND: POST /session/42302a9ea49feb79903a3467d1524afa/element/f.20E1EB2F6CB099DCC75CCCE897A671A3.d.34787C210276000C815A054CA15C9D21.e.241/click - {}
RESULT: {}
COMMAND: GET /session/42302a9ea49feb79903a3467d1524afa/screenshot - {}
RESULT: {}
COMMAND: POST /session/42302a9ea49feb79903a3467d1524afa/elements - {"using":"xpath","value":"//span[text()='Error']"}
RESULT: {"using":"xpath","value":"//span[text()='Error']"}
COMMAND: POST /session/42302a9ea49feb79903a3467d1524afa/element - {"using":"xpath","value":"//button[@data-kt=\"masterHOAddButton\"]"}
RESULT: {"using":"xpath","value":"//button[@data-kt=\"masterHOAddButton\"]"}
COMMAND: POST /session/42302a9ea49feb79903a3467d1524afa/elements - {"using":"xpath","value":"//button[@data-kt=\"masterHOAddButton\"]"}
RESULT: {"using":"xpath","value":"//button[@data-kt=\"masterHOAddButton\"]"}
COMMAND: POST /session/42302a9ea49feb79903a3467d1524afa/execute/sync - {"script":"<script> [8489 bytes]","args":[{"element-6066-11e4-a52e-4f735466cecf":"f.20E1EB2F6CB099DCC75CCCE897A671A3.d.34787C210276000C815A054CA15C9D21.e.3283","ELEMENT":"f.20E1EB2F6CB099DCC75CCCE897A671A3.d.34787C210276000C815A054CA15C9D21.e.3283"}]}
RESULT: {"script":"<script> [8489 bytes]","args":[{"element-6066-11e4-a52e-4f735466cecf":"f.20E1EB2F6CB099DCC75CCCE897A671A3.d.34787C210276000C815A054CA15C9D21.e.3283","ELEMENT":"f.20E1EB2F6CB099DCC75CCCE897A671A3.d.34787C210276000C815A054CA15C9D21.e.3283"}]}
COMMAND: GET /session/42302a9ea49feb79903a3467d1524afa/element/f.20E1EB2F6CB099DCC75CCCE897A671A3.d.34787C210276000C815A054CA15C9D21.e.3283/enabled - {}
COMMAND: GET /session/42302a9ea49feb79903a3467d1524afa/screenshot - {}
RESULT: {}
COMMAND: POST /session/42302a9ea49feb79903a3467d1524afa/execute/sync - {"script":"<script> [8489 bytes]","args":[{"element-6066-11e4-a52e-4f735466cecf":"f.20E1EB2F6CB099DCC75CCCE897A671A3.d.34787C210276000C815A054CA15C9D21.e.3283","ELEMENT":"f.20E1EB2F6CB099DCC75CCCE897A671A3.d.34787C210276000C815A054CA15C9D21.e.3283"}]}
COMMAND: GET /session/42302a9ea49feb79903a3467d1524afa/screenshot - {}
RESULT: {}
RESULT: {"script":"<script> [8489 bytes]","args":[{"element-6066-11e4-a52e-4f735466cecf":"f.20E1EB2F6CB099DCC75CCCE897A671A3.d.34787C210276000C815A054CA15C9D21.e.3283","ELEMENT":"f.20E1EB2F6CB099DCC75CCCE897A671A3.d.34787C210276000C815A054CA15C9D21.e.3283"}]}
COMMAND: POST /session/42302a9ea49feb79903a3467d1524afa/execute/sync - {"script":"<script> [5351 bytes]","args":[{"element-6066-11e4-a52e-4f735466cecf":"f.20E1EB2F6CB099DCC75CCCE897A671A3.d.34787C210276000C815A054CA15C9D21.e.3283","ELEMENT":"f.20E1EB2F6CB099DCC75CCCE897A671A3.d.34787C210276000C815A054CA15C9D21.e.3283"}]}
COMMAND: GET /session/42302a9ea49feb79903a3467d1524afa/screenshot - {}
RESULT: {}
RESULT: {"script":"<script> [5351 bytes]","args":[{"element-6066-11e4-a52e-4f735466cecf":"f.20E1EB2F6CB099DCC75CCCE897A671A3.d.34787C210276000C815A054CA15C9D21.e.3283","ELEMENT":"f.20E1EB2F6CB099DCC75CCCE897A671A3.d.34787C210276000C815A054CA15C9D21.e.3283"}]}
COMMAND: POST /session/42302a9ea49feb79903a3467d1524afa/element/f.20E1EB2F6CB099DCC75CCCE897A671A3.d.34787C210276000C815A054CA15C9D21.e.3283/click - {}
COMMAND: GET /session/42302a9ea49feb79903a3467d1524afa/screenshot - {}
RESULT: {}
RESULT: {}
COMMAND: GET /session/42302a9ea49feb79903a3467d1524afa/screenshot - {}
RESULT: {}
RESULT: {}
COMMAND: POST /session/42302a9ea49feb79903a3467d1524afa/element - {"using":"xpath","value":"//span[contains(@id ,\"AddNewHO--typeSelect-arrow\")]"}
RESULT: {"using":"xpath","value":"//span[contains(@id ,\"AddNewHO--typeSelect-arrow\")]"}
COMMAND: POST /session/42302a9ea49feb79903a3467d1524afa/element/f.20E1EB2F6CB099DCC75CCCE897A671A3.d.34787C210276000C815A054CA15C9D21.e.3627/click - {}
RESULT: {}
COMMAND: GET /session/42302a9ea49feb79903a3467d1524afa/screenshot - {}
RESULT: {}
COMMAND: POST /session/42302a9ea49feb79903a3467d1524afa/element - {"using":"xpath","value":"(//li[contains(text(), \"stock increase yard\")])[1]"}
RESULT: {"using":"xpath","value":"(//li[contains(text(), \"stock increase yard\")])[1]"}
COMMAND: POST /session/42302a9ea49feb79903a3467d1524afa/element/f.20E1EB2F6CB099DCC75CCCE897A671A3.d.34787C210276000C815A054CA15C9D21.e.3628/click - {}
RESULT: {}
COMMAND: GET /session/42302a9ea49feb79903a3467d1524afa/screenshot - {}
RESULT: {}
COMMAND: POST /session/42302a9ea49feb79903a3467d1524afa/execute/async - {"script":"<script> [1562 bytes]","args":[{"selector":{"id":"application-managehandovers-display-component---AddNewHO--dueDate","interaction":{"idSuffix":"inner"}},"wdio_ui5_key":"applicationmanagehandovers-display-component---AddNewHO--dueDate"}]}
RESULT: {"script":"<script> [1562 bytes]","args":[{"selector":{"id":"application-managehandovers-display-component---AddNewHO--dueDate","interaction":{"idSuffix":"inner"}},"wdio_ui5_key":"applicationmanagehandovers-display-component---AddNewHO--dueDate"}]}
RESULT: undefined
COMMAND: POST /session/42302a9ea49feb79903a3467d1524afa/execute/async - {"script":"<script> [6424 bytes]","args":[{"element-6066-11e4-a52e-4f735466cecf":"f.20E1EB2F6CB099DCC75CCCE897A671A3.d.34787C210276000C815A054CA15C9D21.e.3630"},"setValue",["5/21/25"]]}
RESULT: {"script":"<script> [6424 bytes]","args":[{"element-6066-11e4-a52e-4f735466cecf":"f.20E1EB2F6CB099DCC75CCCE897A671A3.d.34787C210276000C815A054CA15C9D21.e.3630"},"setValue",["5/21/25"]]}
COMMAND: POST /session/42302a9ea49feb79903a3467d1524afa/element - {"using":"xpath","value":"//input[@id=\"generalSectionFrg--receiveYard-inner\"]"}
RESULT: {"using":"xpath","value":"//input[@id=\"generalSectionFrg--receiveYard-inner\"]"}
COMMAND: POST /session/42302a9ea49feb79903a3467d1524afa/element/f.20E1EB2F6CB099DCC75CCCE897A671A3.d.34787C210276000C815A054CA15C9D21.e.3634/clear - {}
RESULT: {}
COMMAND: POST /session/42302a9ea49feb79903a3467d1524afa/element/f.20E1EB2F6CB099DCC75CCCE897A671A3.d.34787C210276000C815A054CA15C9D21.e.3634/value - {"text":"109"}
COMMAND: GET /session/42302a9ea49feb79903a3467d1524afa/screenshot - {}
RESULT: {"text":"109"}
COMMAND: GET /session/42302a9ea49feb79903a3467d1524afa/screenshot - {}
RESULT: {}
RESULT: {}
COMMAND: POST /session/42302a9ea49feb79903a3467d1524afa/element - {"using":"xpath","value":"//li[.//span[text()='109']]"}
RESULT: {"using":"xpath","value":"//li[.//span[text()='109']]"}
COMMAND: POST /session/42302a9ea49feb79903a3467d1524afa/element/f.20E1EB2F6CB099DCC75CCCE897A671A3.d.34787C210276000C815A054CA15C9D21.e.3650/click - {}
RESULT: {}
COMMAND: GET /session/42302a9ea49feb79903a3467d1524afa/screenshot - {}
RESULT: {}
COMMAND: POST /session/42302a9ea49feb79903a3467d1524afa/execute/async - {"script":"<script> [1562 bytes]","args":[{"selector":{"id":"application-managehandovers-display-component---AddNewHO--ObjectPageLayout-anchBar-application-managehandovers-display-component---AddNewHO--section4-anchor","interaction":{"idSuffix":"BDI-content"}},"wdio_ui5_key":"applicationmanagehandovers-display-component---AddNewHO--ObjectPageLayout-anchBar-application-managehandovers-display-component---AddNewHO--section4-anchor"}]}
RESULT: {"script":"<script> [1562 bytes]","args":[{"selector":{"id":"application-managehandovers-display-component---AddNewHO--ObjectPageLayout-anchBar-application-managehandovers-display-component---AddNewHO--section4-anchor","interaction":{"idSuffix":"BDI-content"}},"wdio_ui5_key":"applicationmanagehandovers-display-component---AddNewHO--ObjectPageLayout-anchBar-application-managehandovers-display-component---AddNewHO--section4-anchor"}]}
RESULT: undefined
COMMAND: POST /session/42302a9ea49feb79903a3467d1524afa/element - {"using":"xpath","value":"//*[@id=\"application-managehandovers-display-component---AddNewHO--ObjectPageLayout-anchBar-application-managehandovers-display-component---AddNewHO--section4-anchor\"]"}
RESULT: {"using":"xpath","value":"//*[@id=\"application-managehandovers-display-component---AddNewHO--ObjectPageLayout-anchBar-application-managehandovers-display-component---AddNewHO--section4-anchor\"]"}
COMMAND: POST /session/42302a9ea49feb79903a3467d1524afa/element/f.20E1EB2F6CB099DCC75CCCE897A671A3.d.34787C210276000C815A054CA15C9D21.e.3652/click - {}
RESULT: {}
COMMAND: POST /session/42302a9ea49feb79903a3467d1524afa/element - {"using":"xpath","value":"//button[@aria-label=\"Add\"]"}
COMMAND: GET /session/42302a9ea49feb79903a3467d1524afa/screenshot - {}
RESULT: {"using":"xpath","value":"//button[@aria-label=\"Add\"]"}
COMMAND: POST /session/42302a9ea49feb79903a3467d1524afa/element/f.20E1EB2F6CB099DCC75CCCE897A671A3.d.34787C210276000C815A054CA15C9D21.e.3654/click - {}
RESULT: {}
RESULT: {}
COMMAND: GET /session/42302a9ea49feb79903a3467d1524afa/screenshot - {}
RESULT: {}
COMMAND: POST /session/42302a9ea49feb79903a3467d1524afa/execute/async - {"script":"<script> [1562 bytes]","args":[{"selector":{"id":"application-managehandovers-display-component---AddNewHO--smartFilterBar-btnBasicSearch","searchOpenDialogs":true,"interaction":{"idSuffix":"I"}},"wdio_ui5_key":"applicationmanagehandovers-display-component---AddNewHO--smartFilterBar-btnBasicSearch"}]}
RESULT: {"script":"<script> [1562 bytes]","args":[{"selector":{"id":"application-managehandovers-display-component---AddNewHO--smartFilterBar-btnBasicSearch","searchOpenDialogs":true,"interaction":{"idSuffix":"I"}},"wdio_ui5_key":"applicationmanagehandovers-display-component---AddNewHO--smartFilterBar-btnBasicSearch"}]}
RESULT: undefined
COMMAND: POST /session/42302a9ea49feb79903a3467d1524afa/execute/async - {"script":"<script> [776 bytes]","args":[{"enterText":"36kUtG37cM","selector":{"id":"application-managehandovers-display-component---AddNewHO--smartFilterBar-btnBasicSearch","searchOpenDialogs":true,"interaction":{"idSuffix":"I"}},"clearTextFirst":true,"interactionType":"ENTER_TEXT"}]}
RESULT: {"script":"<script> [776 bytes]","args":[{"enterText":"36kUtG37cM","selector":{"id":"application-managehandovers-display-component---AddNewHO--smartFilterBar-btnBasicSearch","searchOpenDialogs":true,"interaction":{"idSuffix":"I"}},"clearTextFirst":true,"interactionType":"ENTER_TEXT"}]}
COMMAND: POST /session/42302a9ea49feb79903a3467d1524afa/actions - {"actions":[{"id":"action19","type":"key","parameters":{},"actions":[{"type":"keyDown","value":""},{"type":"pause","duration":10},{"type":"keyUp","value":""}]}]}
RESULT: {"actions":[{"id":"action19","type":"key","parameters":{},"actions":[{"type":"keyDown","value":""},{"type":"pause","duration":10},{"type":"keyUp","value":""}]}]}
COMMAND: GET /session/42302a9ea49feb79903a3467d1524afa/screenshot - {}
RESULT: {}
COMMAND: POST /session/42302a9ea49feb79903a3467d1524afa/execute/async - {"script":"<script> [1562 bytes]","args":[{"selector":{"id":"application-managehandovers-display-component---AddNewHO--popup-sa","searchOpenDialogs":true,"interaction":{"idSuffix":"CbBg"}},"wdio_ui5_key":"applicationmanagehandovers-display-component---AddNewHO--popup-sa"}]}
RESULT: {"script":"<script> [1562 bytes]","args":[{"selector":{"id":"application-managehandovers-display-component---AddNewHO--popup-sa","searchOpenDialogs":true,"interaction":{"idSuffix":"CbBg"}},"wdio_ui5_key":"applicationmanagehandovers-display-component---AddNewHO--popup-sa"}]}
RESULT: undefined
COMMAND: POST /session/42302a9ea49feb79903a3467d1524afa/element - {"using":"xpath","value":"//*[@id=\"application-managehandovers-display-component---AddNewHO--popup-sa\"]"}
RESULT: {"using":"xpath","value":"//*[@id=\"application-managehandovers-display-component---AddNewHO--popup-sa\"]"}
COMMAND: POST /session/42302a9ea49feb79903a3467d1524afa/element/f.20E1EB2F6CB099DCC75CCCE897A671A3.d.34787C210276000C815A054CA15C9D21.e.3808/click - {}
RESULT: {}
COMMAND: GET /session/42302a9ea49feb79903a3467d1524afa/screenshot - {}
RESULT: {}
COMMAND: POST /session/42302a9ea49feb79903a3467d1524afa/element - {"using":"xpath","value":"//bdi[contains(text(), \"Select\")]"}
RESULT: {"using":"xpath","value":"//bdi[contains(text(), \"Select\")]"}
COMMAND: POST /session/42302a9ea49feb79903a3467d1524afa/element/f.20E1EB2F6CB099DCC75CCCE897A671A3.d.34787C210276000C815A054CA15C9D21.e.3809/click - {}
RESULT: {}
COMMAND: GET /session/42302a9ea49feb79903a3467d1524afa/screenshot - {}
RESULT: {}
COMMAND: POST /session/42302a9ea49feb79903a3467d1524afa/element - {"using":"xpath","value":"//button[@data-kt=\"AddNewHOSaveButton\"]"}
RESULT: {"using":"xpath","value":"//button[@data-kt=\"AddNewHOSaveButton\"]"}
COMMAND: POST /session/42302a9ea49feb79903a3467d1524afa/element/f.20E1EB2F6CB099DCC75CCCE897A671A3.d.34787C210276000C815A054CA15C9D21.e.3813/click - {}
RESULT: {}
COMMAND: GET /session/42302a9ea49feb79903a3467d1524afa/screenshot - {}
RESULT: {}
COMMAND: POST /session/42302a9ea49feb79903a3467d1524afa/execute/async - {"script":"<script> [1562 bytes]","args":[{"selector":{"id":"receiptDatePicker","viewName":"etm.portal.ui.managehandovers.view.DetailExecuteHO","interaction":{"idSuffix":"inner"}},"wdio_ui5_key":"receiptDatePickeretmportal.ui.managehandovers.view.DetailExecuteHO"}]}
RESULT: {"script":"<script> [1562 bytes]","args":[{"selector":{"id":"receiptDatePicker","viewName":"etm.portal.ui.managehandovers.view.DetailExecuteHO","interaction":{"idSuffix":"inner"}},"wdio_ui5_key":"receiptDatePickeretmportal.ui.managehandovers.view.DetailExecuteHO"}]}
RESULT: undefined
COMMAND: POST /session/42302a9ea49feb79903a3467d1524afa/execute/async - {"script":"<script> [6424 bytes]","args":[{"element-6066-11e4-a52e-4f735466cecf":"f.20E1EB2F6CB099DCC75CCCE897A671A3.d.34787C210276000C815A054CA15C9D21.e.3832"},"setValue",["5/21/25"]]}
RESULT: {"script":"<script> [6424 bytes]","args":[{"element-6066-11e4-a52e-4f735466cecf":"f.20E1EB2F6CB099DCC75CCCE897A671A3.d.34787C210276000C815A054CA15C9D21.e.3832"},"setValue",["5/21/25"]]}
COMMAND: POST /session/42302a9ea49feb79903a3467d1524afa/element - {"using":"xpath","value":"//button[@data-kt=\"PickingTableConfirmAllButton\"]"}
RESULT: {"using":"xpath","value":"//button[@data-kt=\"PickingTableConfirmAllButton\"]"}
COMMAND: POST /session/42302a9ea49feb79903a3467d1524afa/element/f.20E1EB2F6CB099DCC75CCCE897A671A3.d.34787C210276000C815A054CA15C9D21.e.3847/click - {}
RESULT: {}
COMMAND: GET /session/42302a9ea49feb79903a3467d1524afa/screenshot - {}
RESULT: {}
COMMAND: POST /session/42302a9ea49feb79903a3467d1524afa/element - {"using":"xpath","value":"//bdi[contains(text(), \"OK\")]"}
RESULT: {"using":"xpath","value":"//bdi[contains(text(), \"OK\")]"}
COMMAND: POST /session/42302a9ea49feb79903a3467d1524afa/element/f.20E1EB2F6CB099DCC75CCCE897A671A3.d.34787C210276000C815A054CA15C9D21.e.3850/click - {}
RESULT: {}
COMMAND: GET /session/42302a9ea49feb79903a3467d1524afa/screenshot - {}
RESULT: {}
COMMAND: POST /session/42302a9ea49feb79903a3467d1524afa/element - {"using":"xpath","value":"(//bdi[contains(text(), \"Receive\")])[2]"}
RESULT: {"using":"xpath","value":"(//bdi[contains(text(), \"Receive\")])[2]"}
COMMAND: POST /session/42302a9ea49feb79903a3467d1524afa/element/f.20E1EB2F6CB099DCC75CCCE897A671A3.d.34787C210276000C815A054CA15C9D21.e.3851/click - {}
RESULT: {}
COMMAND: GET /session/42302a9ea49feb79903a3467d1524afa/screenshot - {}
RESULT: {}
COMMAND: POST /session/42302a9ea49feb79903a3467d1524afa/element - {"using":"css selector","value":"#shell-header-logo"}
RESULT: {"using":"css selector","value":"#shell-header-logo"}
COMMAND: POST /session/42302a9ea49feb79903a3467d1524afa/element/f.20E1EB2F6CB099DCC75CCCE897A671A3.d.34787C210276000C815A054CA15C9D21.e.3255/click - {}
RESULT: {}
COMMAND: GET /session/42302a9ea49feb79903a3467d1524afa/screenshot - {}
RESULT: {}
]]></system-out>
    </testcase>
    <testcase classname="chrome.136_0_7103_93.windows.RU_Inventory_Mass_State_Change_Multiple_Items_US151066" name="Prerequisite Step 2 Should do a stock increase handover for the material" time="98.137">
      <system-out><![CDATA[
RESULT: undefined
COMMAND: POST /session/42302a9ea49feb79903a3467d1524afa/element - {"using":"xpath","value":"//*[@id=\"__tile133\"]"}
RESULT: {"using":"xpath","value":"//*[@id=\"__tile133\"]"}
COMMAND: POST /session/42302a9ea49feb79903a3467d1524afa/element/f.20E1EB2F6CB099DCC75CCCE897A671A3.d.34787C210276000C815A054CA15C9D21.e.241/click - {}
RESULT: {}
COMMAND: GET /session/42302a9ea49feb79903a3467d1524afa/screenshot - {}
RESULT: {}
COMMAND: POST /session/42302a9ea49feb79903a3467d1524afa/elements - {"using":"xpath","value":"//span[text()='Error']"}
RESULT: {"using":"xpath","value":"//span[text()='Error']"}
COMMAND: POST /session/42302a9ea49feb79903a3467d1524afa/element - {"using":"xpath","value":"//button[@data-kt=\"masterHOAddButton\"]"}
RESULT: {"using":"xpath","value":"//button[@data-kt=\"masterHOAddButton\"]"}
COMMAND: POST /session/42302a9ea49feb79903a3467d1524afa/elements - {"using":"xpath","value":"//button[@data-kt=\"masterHOAddButton\"]"}
RESULT: {"using":"xpath","value":"//button[@data-kt=\"masterHOAddButton\"]"}
COMMAND: POST /session/42302a9ea49feb79903a3467d1524afa/execute/sync - {"script":"<script> [8489 bytes]","args":[{"element-6066-11e4-a52e-4f735466cecf":"f.20E1EB2F6CB099DCC75CCCE897A671A3.d.34787C210276000C815A054CA15C9D21.e.4183","ELEMENT":"f.20E1EB2F6CB099DCC75CCCE897A671A3.d.34787C210276000C815A054CA15C9D21.e.4183"}]}
RESULT: {"script":"<script> [8489 bytes]","args":[{"element-6066-11e4-a52e-4f735466cecf":"f.20E1EB2F6CB099DCC75CCCE897A671A3.d.34787C210276000C815A054CA15C9D21.e.4183","ELEMENT":"f.20E1EB2F6CB099DCC75CCCE897A671A3.d.34787C210276000C815A054CA15C9D21.e.4183"}]}
COMMAND: GET /session/42302a9ea49feb79903a3467d1524afa/element/f.20E1EB2F6CB099DCC75CCCE897A671A3.d.34787C210276000C815A054CA15C9D21.e.4183/enabled - {}
COMMAND: GET /session/42302a9ea49feb79903a3467d1524afa/screenshot - {}
RESULT: {}
COMMAND: POST /session/42302a9ea49feb79903a3467d1524afa/execute/sync - {"script":"<script> [8489 bytes]","args":[{"element-6066-11e4-a52e-4f735466cecf":"f.20E1EB2F6CB099DCC75CCCE897A671A3.d.34787C210276000C815A054CA15C9D21.e.4183","ELEMENT":"f.20E1EB2F6CB099DCC75CCCE897A671A3.d.34787C210276000C815A054CA15C9D21.e.4183"}]}
COMMAND: GET /session/42302a9ea49feb79903a3467d1524afa/screenshot - {}
RESULT: {}
RESULT: {"script":"<script> [8489 bytes]","args":[{"element-6066-11e4-a52e-4f735466cecf":"f.20E1EB2F6CB099DCC75CCCE897A671A3.d.34787C210276000C815A054CA15C9D21.e.4183","ELEMENT":"f.20E1EB2F6CB099DCC75CCCE897A671A3.d.34787C210276000C815A054CA15C9D21.e.4183"}]}
COMMAND: POST /session/42302a9ea49feb79903a3467d1524afa/execute/sync - {"script":"<script> [5351 bytes]","args":[{"element-6066-11e4-a52e-4f735466cecf":"f.20E1EB2F6CB099DCC75CCCE897A671A3.d.34787C210276000C815A054CA15C9D21.e.4183","ELEMENT":"f.20E1EB2F6CB099DCC75CCCE897A671A3.d.34787C210276000C815A054CA15C9D21.e.4183"}]}
COMMAND: GET /session/42302a9ea49feb79903a3467d1524afa/screenshot - {}
RESULT: {}
RESULT: {"script":"<script> [5351 bytes]","args":[{"element-6066-11e4-a52e-4f735466cecf":"f.20E1EB2F6CB099DCC75CCCE897A671A3.d.34787C210276000C815A054CA15C9D21.e.4183","ELEMENT":"f.20E1EB2F6CB099DCC75CCCE897A671A3.d.34787C210276000C815A054CA15C9D21.e.4183"}]}
COMMAND: POST /session/42302a9ea49feb79903a3467d1524afa/element/f.20E1EB2F6CB099DCC75CCCE897A671A3.d.34787C210276000C815A054CA15C9D21.e.4183/click - {}
COMMAND: GET /session/42302a9ea49feb79903a3467d1524afa/screenshot - {}
RESULT: {}
RESULT: {}
COMMAND: GET /session/42302a9ea49feb79903a3467d1524afa/screenshot - {}
RESULT: {}
RESULT: {}
COMMAND: POST /session/42302a9ea49feb79903a3467d1524afa/element - {"using":"xpath","value":"//span[contains(@id ,\"AddNewHO--typeSelect-arrow\")]"}
RESULT: {"using":"xpath","value":"//span[contains(@id ,\"AddNewHO--typeSelect-arrow\")]"}
COMMAND: POST /session/42302a9ea49feb79903a3467d1524afa/element/f.20E1EB2F6CB099DCC75CCCE897A671A3.d.34787C210276000C815A054CA15C9D21.e.4532/click - {}
RESULT: {}
COMMAND: GET /session/42302a9ea49feb79903a3467d1524afa/screenshot - {}
RESULT: {}
COMMAND: POST /session/42302a9ea49feb79903a3467d1524afa/element - {"using":"xpath","value":"(//li[contains(text(), \"stock increase yard\")])[1]"}
RESULT: {"using":"xpath","value":"(//li[contains(text(), \"stock increase yard\")])[1]"}
COMMAND: POST /session/42302a9ea49feb79903a3467d1524afa/element/f.20E1EB2F6CB099DCC75CCCE897A671A3.d.34787C210276000C815A054CA15C9D21.e.4533/click - {}
RESULT: {}
COMMAND: GET /session/42302a9ea49feb79903a3467d1524afa/screenshot - {}
RESULT: {}
RESULT: undefined
COMMAND: POST /session/42302a9ea49feb79903a3467d1524afa/execute/async - {"script":"<script> [6424 bytes]","args":[{"element-6066-11e4-a52e-4f735466cecf":"f.20E1EB2F6CB099DCC75CCCE897A671A3.d.34787C210276000C815A054CA15C9D21.e.3630"},"setValue",["5/21/25"]]}
COMMAND: POST /session/42302a9ea49feb79903a3467d1524afa/execute/async - {"script":"<script> [1562 bytes]","args":[{"selector":{"id":"application-managehandovers-display-component---AddNewHO--dueDate","interaction":{"idSuffix":"inner"}},"wdio_ui5_key":"applicationmanagehandovers-display-component---AddNewHO--dueDate"}]}
RESULT: {"script":"<script> [1562 bytes]","args":[{"selector":{"id":"application-managehandovers-display-component---AddNewHO--dueDate","interaction":{"idSuffix":"inner"}},"wdio_ui5_key":"applicationmanagehandovers-display-component---AddNewHO--dueDate"}]}
COMMAND: POST /session/42302a9ea49feb79903a3467d1524afa/execute/async - {"script":"<script> [6424 bytes]","args":[{"element-6066-11e4-a52e-4f735466cecf":"f.20E1EB2F6CB099DCC75CCCE897A671A3.d.34787C210276000C815A054CA15C9D21.e.4535"},"setValue",["5/21/25"]]}
RESULT: {"script":"<script> [6424 bytes]","args":[{"element-6066-11e4-a52e-4f735466cecf":"f.20E1EB2F6CB099DCC75CCCE897A671A3.d.34787C210276000C815A054CA15C9D21.e.4535"},"setValue",["5/21/25"]]}
COMMAND: POST /session/42302a9ea49feb79903a3467d1524afa/element - {"using":"xpath","value":"//input[@id=\"generalSectionFrg--receiveYard-inner\"]"}
RESULT: {"using":"xpath","value":"//input[@id=\"generalSectionFrg--receiveYard-inner\"]"}
COMMAND: POST /session/42302a9ea49feb79903a3467d1524afa/element/f.20E1EB2F6CB099DCC75CCCE897A671A3.d.34787C210276000C815A054CA15C9D21.e.4539/clear - {}
RESULT: {}
COMMAND: POST /session/42302a9ea49feb79903a3467d1524afa/element/f.20E1EB2F6CB099DCC75CCCE897A671A3.d.34787C210276000C815A054CA15C9D21.e.4539/value - {"text":"109"}
COMMAND: GET /session/42302a9ea49feb79903a3467d1524afa/screenshot - {}
RESULT: {"text":"109"}
COMMAND: GET /session/42302a9ea49feb79903a3467d1524afa/screenshot - {}
RESULT: {}
RESULT: {}
COMMAND: POST /session/42302a9ea49feb79903a3467d1524afa/element - {"using":"xpath","value":"//li[.//span[text()='109']]"}
RESULT: {"using":"xpath","value":"//li[.//span[text()='109']]"}
COMMAND: POST /session/42302a9ea49feb79903a3467d1524afa/element/f.20E1EB2F6CB099DCC75CCCE897A671A3.d.34787C210276000C815A054CA15C9D21.e.4558/click - {}
RESULT: {}
COMMAND: GET /session/42302a9ea49feb79903a3467d1524afa/screenshot - {}
RESULT: {}
RESULT: undefined
COMMAND: POST /session/42302a9ea49feb79903a3467d1524afa/element - {"using":"xpath","value":"//*[@id=\"application-managehandovers-display-component---AddNewHO--ObjectPageLayout-anchBar-application-managehandovers-display-component---AddNewHO--section4-anchor\"]"}
RESULT: {"using":"xpath","value":"//*[@id=\"application-managehandovers-display-component---AddNewHO--ObjectPageLayout-anchBar-application-managehandovers-display-component---AddNewHO--section4-anchor\"]"}
COMMAND: POST /session/42302a9ea49feb79903a3467d1524afa/element/f.20E1EB2F6CB099DCC75CCCE897A671A3.d.34787C210276000C815A054CA15C9D21.e.4559/click - {}
RESULT: {}
COMMAND: POST /session/42302a9ea49feb79903a3467d1524afa/element - {"using":"xpath","value":"//button[@aria-label=\"Add\"]"}
COMMAND: GET /session/42302a9ea49feb79903a3467d1524afa/screenshot - {}
RESULT: {"using":"xpath","value":"//button[@aria-label=\"Add\"]"}
COMMAND: POST /session/42302a9ea49feb79903a3467d1524afa/element/f.20E1EB2F6CB099DCC75CCCE897A671A3.d.34787C210276000C815A054CA15C9D21.e.4561/click - {}
RESULT: {}
RESULT: {}
COMMAND: GET /session/42302a9ea49feb79903a3467d1524afa/screenshot - {}
RESULT: {}
RESULT: undefined
COMMAND: POST /session/42302a9ea49feb79903a3467d1524afa/execute/async - {"script":"<script> [776 bytes]","args":[{"enterText":"200378","selector":{"id":"application-managehandovers-display-component---AddNewHO--smartFilterBar-btnBasicSearch","searchOpenDialogs":true,"interaction":{"idSuffix":"I"}},"clearTextFirst":true,"interactionType":"ENTER_TEXT"}]}
RESULT: {"script":"<script> [776 bytes]","args":[{"enterText":"200378","selector":{"id":"application-managehandovers-display-component---AddNewHO--smartFilterBar-btnBasicSearch","searchOpenDialogs":true,"interaction":{"idSuffix":"I"}},"clearTextFirst":true,"interactionType":"ENTER_TEXT"}]}
COMMAND: POST /session/42302a9ea49feb79903a3467d1524afa/actions - {"actions":[{"id":"action20","type":"key","parameters":{},"actions":[{"type":"keyDown","value":""},{"type":"pause","duration":10},{"type":"keyUp","value":""}]}]}
RESULT: {"actions":[{"id":"action20","type":"key","parameters":{},"actions":[{"type":"keyDown","value":""},{"type":"pause","duration":10},{"type":"keyUp","value":""}]}]}
COMMAND: GET /session/42302a9ea49feb79903a3467d1524afa/screenshot - {}
RESULT: {}
RESULT: undefined
COMMAND: POST /session/42302a9ea49feb79903a3467d1524afa/element - {"using":"xpath","value":"//*[@id=\"application-managehandovers-display-component---AddNewHO--popup-sa\"]"}
RESULT: {"using":"xpath","value":"//*[@id=\"application-managehandovers-display-component---AddNewHO--popup-sa\"]"}
COMMAND: POST /session/42302a9ea49feb79903a3467d1524afa/element/f.20E1EB2F6CB099DCC75CCCE897A671A3.d.34787C210276000C815A054CA15C9D21.e.4712/click - {}
RESULT: {}
COMMAND: GET /session/42302a9ea49feb79903a3467d1524afa/screenshot - {}
RESULT: {}
COMMAND: POST /session/42302a9ea49feb79903a3467d1524afa/element - {"using":"xpath","value":"//bdi[contains(text(), \"Select\")]"}
RESULT: {"using":"xpath","value":"//bdi[contains(text(), \"Select\")]"}
COMMAND: POST /session/42302a9ea49feb79903a3467d1524afa/element/f.20E1EB2F6CB099DCC75CCCE897A671A3.d.34787C210276000C815A054CA15C9D21.e.4713/click - {}
RESULT: {}
COMMAND: GET /session/42302a9ea49feb79903a3467d1524afa/screenshot - {}
RESULT: {}
COMMAND: POST /session/42302a9ea49feb79903a3467d1524afa/element - {"using":"xpath","value":"//button[@data-kt=\"AddNewHOSaveButton\"]"}
RESULT: {"using":"xpath","value":"//button[@data-kt=\"AddNewHOSaveButton\"]"}
COMMAND: POST /session/42302a9ea49feb79903a3467d1524afa/element/f.20E1EB2F6CB099DCC75CCCE897A671A3.d.34787C210276000C815A054CA15C9D21.e.4717/click - {}
RESULT: {}
COMMAND: GET /session/42302a9ea49feb79903a3467d1524afa/screenshot - {}
RESULT: {}
RESULT: undefined
COMMAND: POST /session/42302a9ea49feb79903a3467d1524afa/execute/async - {"script":"<script> [6424 bytes]","args":[{"element-6066-11e4-a52e-4f735466cecf":"f.20E1EB2F6CB099DCC75CCCE897A671A3.d.34787C210276000C815A054CA15C9D21.e.3832"},"setValue",["5/21/25"]]}
COMMAND: POST /session/42302a9ea49feb79903a3467d1524afa/execute/async - {"script":"<script> [1562 bytes]","args":[{"selector":{"id":"receiptDatePicker","viewName":"etm.portal.ui.managehandovers.view.DetailExecuteHO","interaction":{"idSuffix":"inner"}},"wdio_ui5_key":"receiptDatePickeretmportal.ui.managehandovers.view.DetailExecuteHO"}]}
RESULT: {"script":"<script> [1562 bytes]","args":[{"selector":{"id":"receiptDatePicker","viewName":"etm.portal.ui.managehandovers.view.DetailExecuteHO","interaction":{"idSuffix":"inner"}},"wdio_ui5_key":"receiptDatePickeretmportal.ui.managehandovers.view.DetailExecuteHO"}]}
COMMAND: POST /session/42302a9ea49feb79903a3467d1524afa/execute/async - {"script":"<script> [6424 bytes]","args":[{"element-6066-11e4-a52e-4f735466cecf":"f.20E1EB2F6CB099DCC75CCCE897A671A3.d.34787C210276000C815A054CA15C9D21.e.4754"},"setValue",["5/21/25"]]}
RESULT: {"script":"<script> [6424 bytes]","args":[{"element-6066-11e4-a52e-4f735466cecf":"f.20E1EB2F6CB099DCC75CCCE897A671A3.d.34787C210276000C815A054CA15C9D21.e.4754"},"setValue",["5/21/25"]]}
COMMAND: POST /session/42302a9ea49feb79903a3467d1524afa/element - {"using":"xpath","value":"//button[@data-kt=\"PickingTableConfirmAllButton\"]"}
RESULT: {"using":"xpath","value":"//button[@data-kt=\"PickingTableConfirmAllButton\"]"}
COMMAND: POST /session/42302a9ea49feb79903a3467d1524afa/element/f.20E1EB2F6CB099DCC75CCCE897A671A3.d.34787C210276000C815A054CA15C9D21.e.4768/click - {}
RESULT: {}
COMMAND: GET /session/42302a9ea49feb79903a3467d1524afa/screenshot - {}
RESULT: {}
COMMAND: POST /session/42302a9ea49feb79903a3467d1524afa/element - {"using":"xpath","value":"//bdi[contains(text(), \"OK\")]"}
RESULT: {"using":"xpath","value":"//bdi[contains(text(), \"OK\")]"}
COMMAND: POST /session/42302a9ea49feb79903a3467d1524afa/element/f.20E1EB2F6CB099DCC75CCCE897A671A3.d.34787C210276000C815A054CA15C9D21.e.4770/click - {}
RESULT: {}
COMMAND: GET /session/42302a9ea49feb79903a3467d1524afa/screenshot - {}
RESULT: {}
COMMAND: POST /session/42302a9ea49feb79903a3467d1524afa/element - {"using":"xpath","value":"(//bdi[contains(text(), \"Receive\")])[2]"}
RESULT: {"using":"xpath","value":"(//bdi[contains(text(), \"Receive\")])[2]"}
COMMAND: POST /session/42302a9ea49feb79903a3467d1524afa/element/f.20E1EB2F6CB099DCC75CCCE897A671A3.d.34787C210276000C815A054CA15C9D21.e.4772/click - {}
RESULT: {}
COMMAND: GET /session/42302a9ea49feb79903a3467d1524afa/screenshot - {}
RESULT: {}
COMMAND: POST /session/42302a9ea49feb79903a3467d1524afa/element - {"using":"css selector","value":"#shell-header-logo"}
RESULT: {"using":"css selector","value":"#shell-header-logo"}
COMMAND: POST /session/42302a9ea49feb79903a3467d1524afa/element/f.20E1EB2F6CB099DCC75CCCE897A671A3.d.34787C210276000C815A054CA15C9D21.e.4147/click - {}
RESULT: {}
COMMAND: GET /session/42302a9ea49feb79903a3467d1524afa/screenshot - {}
RESULT: {}
]]></system-out>
    </testcase>
    <testcase classname="chrome.136_0_7103_93.windows.RU_Inventory_Mass_State_Change_Multiple_Items_US151066" name="Step 2 Should do a RU inventory mass state change on chosen yard 109 with the resources created one equipment one material the existing ones too" time="281.723">
      <system-out><![CDATA[
RESULT: undefined
COMMAND: POST /session/42302a9ea49feb79903a3467d1524afa/element - {"using":"xpath","value":"//*[@id=\"__tile99\"]"}
RESULT: {"using":"xpath","value":"//*[@id=\"__tile99\"]"}
COMMAND: POST /session/42302a9ea49feb79903a3467d1524afa/element/f.20E1EB2F6CB099DCC75CCCE897A671A3.d.34787C210276000C815A054CA15C9D21.e.265/click - {}
RESULT: {}
COMMAND: GET /session/42302a9ea49feb79903a3467d1524afa/screenshot - {}
RESULT: {}
COMMAND: POST /session/42302a9ea49feb79903a3467d1524afa/elements - {"using":"xpath","value":"//span[text()='Error']"}
RESULT: {"using":"xpath","value":"//span[text()='Error']"}
COMMAND: POST /session/42302a9ea49feb79903a3467d1524afa/element - {"using":"xpath","value":"//button[contains(@id, \"massStateBtn\")]"}
RESULT: {"using":"xpath","value":"//button[contains(@id, \"massStateBtn\")]"}
COMMAND: POST /session/42302a9ea49feb79903a3467d1524afa/elements - {"using":"xpath","value":"//button[contains(@id, \"massStateBtn\")]"}
RESULT: {"using":"xpath","value":"//button[contains(@id, \"massStateBtn\")]"}
COMMAND: POST /session/42302a9ea49feb79903a3467d1524afa/execute/sync - {"script":"<script> [8489 bytes]","args":[{"element-6066-11e4-a52e-4f735466cecf":"f.20E1EB2F6CB099DCC75CCCE897A671A3.d.34787C210276000C815A054CA15C9D21.e.4980","ELEMENT":"f.20E1EB2F6CB099DCC75CCCE897A671A3.d.34787C210276000C815A054CA15C9D21.e.4980"}]}
RESULT: {"script":"<script> [8489 bytes]","args":[{"element-6066-11e4-a52e-4f735466cecf":"f.20E1EB2F6CB099DCC75CCCE897A671A3.d.34787C210276000C815A054CA15C9D21.e.4980","ELEMENT":"f.20E1EB2F6CB099DCC75CCCE897A671A3.d.34787C210276000C815A054CA15C9D21.e.4980"}]}
COMMAND: GET /session/42302a9ea49feb79903a3467d1524afa/element/f.20E1EB2F6CB099DCC75CCCE897A671A3.d.34787C210276000C815A054CA15C9D21.e.4980/enabled - {}
COMMAND: GET /session/42302a9ea49feb79903a3467d1524afa/screenshot - {}
RESULT: {}
COMMAND: POST /session/42302a9ea49feb79903a3467d1524afa/execute/sync - {"script":"<script> [8489 bytes]","args":[{"element-6066-11e4-a52e-4f735466cecf":"f.20E1EB2F6CB099DCC75CCCE897A671A3.d.34787C210276000C815A054CA15C9D21.e.4980","ELEMENT":"f.20E1EB2F6CB099DCC75CCCE897A671A3.d.34787C210276000C815A054CA15C9D21.e.4980"}]}
COMMAND: GET /session/42302a9ea49feb79903a3467d1524afa/screenshot - {}
RESULT: {}
RESULT: {"script":"<script> [8489 bytes]","args":[{"element-6066-11e4-a52e-4f735466cecf":"f.20E1EB2F6CB099DCC75CCCE897A671A3.d.34787C210276000C815A054CA15C9D21.e.4980","ELEMENT":"f.20E1EB2F6CB099DCC75CCCE897A671A3.d.34787C210276000C815A054CA15C9D21.e.4980"}]}
COMMAND: POST /session/42302a9ea49feb79903a3467d1524afa/execute/sync - {"script":"<script> [5351 bytes]","args":[{"element-6066-11e4-a52e-4f735466cecf":"f.20E1EB2F6CB099DCC75CCCE897A671A3.d.34787C210276000C815A054CA15C9D21.e.4980","ELEMENT":"f.20E1EB2F6CB099DCC75CCCE897A671A3.d.34787C210276000C815A054CA15C9D21.e.4980"}]}
COMMAND: GET /session/42302a9ea49feb79903a3467d1524afa/screenshot - {}
RESULT: {}
RESULT: {"script":"<script> [5351 bytes]","args":[{"element-6066-11e4-a52e-4f735466cecf":"f.20E1EB2F6CB099DCC75CCCE897A671A3.d.34787C210276000C815A054CA15C9D21.e.4980","ELEMENT":"f.20E1EB2F6CB099DCC75CCCE897A671A3.d.34787C210276000C815A054CA15C9D21.e.4980"}]}
COMMAND: POST /session/42302a9ea49feb79903a3467d1524afa/element/f.20E1EB2F6CB099DCC75CCCE897A671A3.d.34787C210276000C815A054CA15C9D21.e.4980/click - {}
COMMAND: GET /session/42302a9ea49feb79903a3467d1524afa/screenshot - {}
RESULT: {}
RESULT: {}
COMMAND: GET /session/42302a9ea49feb79903a3467d1524afa/screenshot - {}
RESULT: {}
RESULT: {}
RESULT: undefined
COMMAND: POST /session/42302a9ea49feb79903a3467d1524afa/element - {"using":"xpath","value":"//*[@id=\"application-ruinventorylist-display-component---Master--ruLocationTypeComboBox-arrow\"]"}
RESULT: {"using":"xpath","value":"//*[@id=\"application-ruinventorylist-display-component---Master--ruLocationTypeComboBox-arrow\"]"}
COMMAND: POST /session/42302a9ea49feb79903a3467d1524afa/element/f.20E1EB2F6CB099DCC75CCCE897A671A3.d.34787C210276000C815A054CA15C9D21.e.5341/click - {}
RESULT: {}
COMMAND: GET /session/42302a9ea49feb79903a3467d1524afa/screenshot - {}
RESULT: {}
COMMAND: POST /session/42302a9ea49feb79903a3467d1524afa/element - {"using":"xpath","value":"//li[.//span[text()='Yard']]"}
RESULT: {"using":"xpath","value":"//li[.//span[text()='Yard']]"}
COMMAND: POST /session/42302a9ea49feb79903a3467d1524afa/element/f.20E1EB2F6CB099DCC75CCCE897A671A3.d.34787C210276000C815A054CA15C9D21.e.5342/click - {}
RESULT: {}
COMMAND: GET /session/42302a9ea49feb79903a3467d1524afa/screenshot - {}
RESULT: {}
RESULT: undefined
COMMAND: POST /session/42302a9ea49feb79903a3467d1524afa/element - {"using":"xpath","value":"//*[@id=\"application-ruinventorylist-display-component---Master--smartFilterBar-filterItemControl_BASIC-YARD-vhi\"]"}
RESULT: {"using":"xpath","value":"//*[@id=\"application-ruinventorylist-display-component---Master--smartFilterBar-filterItemControl_BASIC-YARD-vhi\"]"}
COMMAND: POST /session/42302a9ea49feb79903a3467d1524afa/element/f.20E1EB2F6CB099DCC75CCCE897A671A3.d.34787C210276000C815A054CA15C9D21.e.5377/click - {}
RESULT: {}
COMMAND: GET /session/42302a9ea49feb79903a3467d1524afa/screenshot - {}
RESULT: {}
RESULT: undefined
COMMAND: POST /session/42302a9ea49feb79903a3467d1524afa/execute/async - {"script":"<script> [776 bytes]","args":[{"enterText":"109","selector":{"id":"application-ruinventorylist-display-component---Master--smartFilterBar-filterItemControl_BASIC-YARD-valueHelpDialog-smartFilterBar-btnBasicSearch","searchOpenDialogs":true,"interaction":{"idSuffix":"I"}},"clearTextFirst":true,"interactionType":"ENTER_TEXT"}]}
RESULT: {"script":"<script> [776 bytes]","args":[{"enterText":"109","selector":{"id":"application-ruinventorylist-display-component---Master--smartFilterBar-filterItemControl_BASIC-YARD-valueHelpDialog-smartFilterBar-btnBasicSearch","searchOpenDialogs":true,"interaction":{"idSuffix":"I"}},"clearTextFirst":true,"interactionType":"ENTER_TEXT"}]}
COMMAND: POST /session/42302a9ea49feb79903a3467d1524afa/actions - {"actions":[{"id":"action21","type":"key","parameters":{},"actions":[{"type":"keyDown","value":""},{"type":"pause","duration":10},{"type":"keyUp","value":""}]}]}
RESULT: {"actions":[{"id":"action21","type":"key","parameters":{},"actions":[{"type":"keyDown","value":""},{"type":"pause","duration":10},{"type":"keyUp","value":""}]}]}
COMMAND: GET /session/42302a9ea49feb79903a3467d1524afa/screenshot - {}
RESULT: {}
COMMAND: POST /session/42302a9ea49feb79903a3467d1524afa/elements - {"using":"xpath","value":"//table[contains(@id, \"filterItemControl_BASIC-YARD-valueHelpDialog-table-table\")]/tbody/tr"}
RESULT: {"using":"xpath","value":"//table[contains(@id, \"filterItemControl_BASIC-YARD-valueHelpDialog-table-table\")]/tbody/tr"}
COMMAND: POST /session/42302a9ea49feb79903a3467d1524afa/element - {"using":"xpath","value":"//table[contains(@id, \"filterItemControl_BASIC-YARD-valueHelpDialog-table-table\")]/tbody/tr[1]/td[1]/div/span"}
RESULT: {"using":"xpath","value":"//table[contains(@id, \"filterItemControl_BASIC-YARD-valueHelpDialog-table-table\")]/tbody/tr[1]/td[1]/div/span"}
COMMAND: POST /session/42302a9ea49feb79903a3467d1524afa/elements - {"using":"xpath","value":"//table[contains(@id, \"filterItemControl_BASIC-YARD-valueHelpDialog-table-table\")]/tbody/tr[1]/td[1]/div/span"}
RESULT: {"using":"xpath","value":"//table[contains(@id, \"filterItemControl_BASIC-YARD-valueHelpDialog-table-table\")]/tbody/tr[1]/td[1]/div/span"}
COMMAND: POST /session/42302a9ea49feb79903a3467d1524afa/execute/sync - {"script":"<script> [56 bytes]","args":[{"element-6066-11e4-a52e-4f735466cecf":"f.20E1EB2F6CB099DCC75CCCE897A671A3.d.34787C210276000C815A054CA15C9D21.e.5397","ELEMENT":"f.20E1EB2F6CB099DCC75CCCE897A671A3.d.34787C210276000C815A054CA15C9D21.e.5397"}]}
RESULT: {"script":"<script> [56 bytes]","args":[{"element-6066-11e4-a52e-4f735466cecf":"f.20E1EB2F6CB099DCC75CCCE897A671A3.d.34787C210276000C815A054CA15C9D21.e.5397","ELEMENT":"f.20E1EB2F6CB099DCC75CCCE897A671A3.d.34787C210276000C815A054CA15C9D21.e.5397"}]}
COMMAND: POST /session/42302a9ea49feb79903a3467d1524afa/element - {"using":"xpath","value":"//div[contains(@id, \"filterItemControl_BASIC-YARD-valueHelpDialog-table-rowsel0\")]"}
COMMAND: GET /session/42302a9ea49feb79903a3467d1524afa/screenshot - {}
RESULT: {"using":"xpath","value":"//div[contains(@id, \"filterItemControl_BASIC-YARD-valueHelpDialog-table-rowsel0\")]"}
COMMAND: POST /session/42302a9ea49feb79903a3467d1524afa/element/f.20E1EB2F6CB099DCC75CCCE897A671A3.d.34787C210276000C815A054CA15C9D21.e.5398/click - {}
RESULT: {}
RESULT: {}
COMMAND: GET /session/42302a9ea49feb79903a3467d1524afa/screenshot - {}
RESULT: {}
COMMAND: POST /session/42302a9ea49feb79903a3467d1524afa/element - {"using":"xpath","value":"//div[contains(@id, \"smartFilterBar-filterItemControl_BASIC-YARD-valueHelpDialog-smartFilterBar-btnBasicSearch-reset\")]"}
RESULT: {"using":"xpath","value":"//div[contains(@id, \"smartFilterBar-filterItemControl_BASIC-YARD-valueHelpDialog-smartFilterBar-btnBasicSearch-reset\")]"}
COMMAND: POST /session/42302a9ea49feb79903a3467d1524afa/element/f.20E1EB2F6CB099DCC75CCCE897A671A3.d.34787C210276000C815A054CA15C9D21.e.5400/click - {}
RESULT: {}
RESULT: undefined
COMMAND: POST /session/42302a9ea49feb79903a3467d1524afa/execute/async - {"script":"<script> [776 bytes]","args":[{"enterText":"OPA5_BST01_YARD1","selector":{"id":"application-ruinventorylist-display-component---Master--smartFilterBar-filterItemControl_BASIC-YARD-valueHelpDialog-smartFilterBar-btnBasicSearch","searchOpenDialogs":true,"interaction":{"idSuffix":"I"}},"clearTextFirst":true,"interactionType":"ENTER_TEXT"}]}
COMMAND: GET /session/42302a9ea49feb79903a3467d1524afa/screenshot - {}
RESULT: {"script":"<script> [776 bytes]","args":[{"enterText":"OPA5_BST01_YARD1","selector":{"id":"application-ruinventorylist-display-component---Master--smartFilterBar-filterItemControl_BASIC-YARD-valueHelpDialog-smartFilterBar-btnBasicSearch","searchOpenDialogs":true,"interaction":{"idSuffix":"I"}},"clearTextFirst":true,"interactionType":"ENTER_TEXT"}]}
COMMAND: POST /session/42302a9ea49feb79903a3467d1524afa/actions - {"actions":[{"id":"action22","type":"key","parameters":{},"actions":[{"type":"keyDown","value":""},{"type":"pause","duration":10},{"type":"keyUp","value":""}]}]}
RESULT: {}
RESULT: {"actions":[{"id":"action22","type":"key","parameters":{},"actions":[{"type":"keyDown","value":""},{"type":"pause","duration":10},{"type":"keyUp","value":""}]}]}
COMMAND: GET /session/42302a9ea49feb79903a3467d1524afa/screenshot - {}
RESULT: {}
COMMAND: POST /session/42302a9ea49feb79903a3467d1524afa/elements - {"using":"xpath","value":"//table[contains(@id, \"filterItemControl_BASIC-YARD-valueHelpDialog-table-table\")]/tbody/tr"}
RESULT: {"using":"xpath","value":"//table[contains(@id, \"filterItemControl_BASIC-YARD-valueHelpDialog-table-table\")]/tbody/tr"}
COMMAND: POST /session/42302a9ea49feb79903a3467d1524afa/element - {"using":"xpath","value":"//table[contains(@id, \"filterItemControl_BASIC-YARD-valueHelpDialog-table-table\")]/tbody/tr[1]/td[1]/div/span"}
RESULT: {"using":"xpath","value":"//table[contains(@id, \"filterItemControl_BASIC-YARD-valueHelpDialog-table-table\")]/tbody/tr[1]/td[1]/div/span"}
COMMAND: POST /session/42302a9ea49feb79903a3467d1524afa/elements - {"using":"xpath","value":"//table[contains(@id, \"filterItemControl_BASIC-YARD-valueHelpDialog-table-table\")]/tbody/tr[1]/td[1]/div/span"}
RESULT: {"using":"xpath","value":"//table[contains(@id, \"filterItemControl_BASIC-YARD-valueHelpDialog-table-table\")]/tbody/tr[1]/td[1]/div/span"}
COMMAND: POST /session/42302a9ea49feb79903a3467d1524afa/execute/sync - {"script":"<script> [56 bytes]","args":[{"element-6066-11e4-a52e-4f735466cecf":"f.20E1EB2F6CB099DCC75CCCE897A671A3.d.34787C210276000C815A054CA15C9D21.e.5397","ELEMENT":"f.20E1EB2F6CB099DCC75CCCE897A671A3.d.34787C210276000C815A054CA15C9D21.e.5397"}]}
RESULT: {"script":"<script> [56 bytes]","args":[{"element-6066-11e4-a52e-4f735466cecf":"f.20E1EB2F6CB099DCC75CCCE897A671A3.d.34787C210276000C815A054CA15C9D21.e.5397","ELEMENT":"f.20E1EB2F6CB099DCC75CCCE897A671A3.d.34787C210276000C815A054CA15C9D21.e.5397"}]}
COMMAND: POST /session/42302a9ea49feb79903a3467d1524afa/element - {"using":"xpath","value":"//div[contains(@id, \"filterItemControl_BASIC-YARD-valueHelpDialog-table-rowsel0\")]"}
COMMAND: GET /session/42302a9ea49feb79903a3467d1524afa/screenshot - {}
RESULT: {"using":"xpath","value":"//div[contains(@id, \"filterItemControl_BASIC-YARD-valueHelpDialog-table-rowsel0\")]"}
COMMAND: POST /session/42302a9ea49feb79903a3467d1524afa/element/f.20E1EB2F6CB099DCC75CCCE897A671A3.d.34787C210276000C815A054CA15C9D21.e.5398/click - {}
RESULT: {}
RESULT: {}
COMMAND: GET /session/42302a9ea49feb79903a3467d1524afa/screenshot - {}
RESULT: {}
COMMAND: POST /session/42302a9ea49feb79903a3467d1524afa/element - {"using":"xpath","value":"(//bdi[contains(text(), \"OK\")])[1]"}
RESULT: {"using":"xpath","value":"(//bdi[contains(text(), \"OK\")])[1]"}
COMMAND: POST /session/42302a9ea49feb79903a3467d1524afa/element/f.20E1EB2F6CB099DCC75CCCE897A671A3.d.34787C210276000C815A054CA15C9D21.e.5401/click - {}
RESULT: {}
COMMAND: GET /session/42302a9ea49feb79903a3467d1524afa/screenshot - {}
RESULT: {}
COMMAND: POST /session/42302a9ea49feb79903a3467d1524afa/element - {"using":"xpath","value":"//span[@id=\"application-ruinventorylist-display-component---Master--smartTableRuInventoryList-header-inner\"]"}
RESULT: {"using":"xpath","value":"//span[@id=\"application-ruinventorylist-display-component---Master--smartTableRuInventoryList-header-inner\"]"}
COMMAND: POST /session/42302a9ea49feb79903a3467d1524afa/elements - {"using":"xpath","value":"//span[@id=\"application-ruinventorylist-display-component---Master--smartTableRuInventoryList-header-inner\"]"}
RESULT: {"using":"xpath","value":"//span[@id=\"application-ruinventorylist-display-component---Master--smartTableRuInventoryList-header-inner\"]"}
COMMAND: POST /session/42302a9ea49feb79903a3467d1524afa/execute/sync - {"script":"<script> [56 bytes]","args":[{"element-6066-11e4-a52e-4f735466cecf":"f.20E1EB2F6CB099DCC75CCCE897A671A3.d.34787C210276000C815A054CA15C9D21.e.5560","ELEMENT":"f.20E1EB2F6CB099DCC75CCCE897A671A3.d.34787C210276000C815A054CA15C9D21.e.5560"}]}
RESULT: {"script":"<script> [56 bytes]","args":[{"element-6066-11e4-a52e-4f735466cecf":"f.20E1EB2F6CB099DCC75CCCE897A671A3.d.34787C210276000C815A054CA15C9D21.e.5560","ELEMENT":"f.20E1EB2F6CB099DCC75CCCE897A671A3.d.34787C210276000C815A054CA15C9D21.e.5560"}]}
RESULT: undefined
COMMAND: POST /session/42302a9ea49feb79903a3467d1524afa/execute/async - {"script":"<script> [776 bytes]","args":[{"enterText":"600002","selector":{"id":"application-ruinventorylist-display-component---Master--smartFilterBar-btnBasicSearch","interaction":{"idSuffix":"I"}},"clearTextFirst":true,"interactionType":"ENTER_TEXT"}]}
COMMAND: GET /session/42302a9ea49feb79903a3467d1524afa/screenshot - {}
RESULT: {"script":"<script> [776 bytes]","args":[{"enterText":"600002","selector":{"id":"application-ruinventorylist-display-component---Master--smartFilterBar-btnBasicSearch","interaction":{"idSuffix":"I"}},"clearTextFirst":true,"interactionType":"ENTER_TEXT"}]}
COMMAND: POST /session/42302a9ea49feb79903a3467d1524afa/actions - {"actions":[{"id":"action23","type":"key","parameters":{},"actions":[{"type":"keyDown","value":""},{"type":"pause","duration":10},{"type":"keyUp","value":""}]}]}
RESULT: {}
RESULT: {"actions":[{"id":"action23","type":"key","parameters":{},"actions":[{"type":"keyDown","value":""},{"type":"pause","duration":10},{"type":"keyUp","value":""}]}]}
COMMAND: GET /session/42302a9ea49feb79903a3467d1524afa/screenshot - {}
RESULT: {}
COMMAND: POST /session/42302a9ea49feb79903a3467d1524afa/element - {"using":"xpath","value":"//span[@id=\"application-ruinventorylist-display-component---Master--smartTableRuInventoryList-header-inner\"]"}
RESULT: {"using":"xpath","value":"//span[@id=\"application-ruinventorylist-display-component---Master--smartTableRuInventoryList-header-inner\"]"}
COMMAND: POST /session/42302a9ea49feb79903a3467d1524afa/elements - {"using":"xpath","value":"//span[@id=\"application-ruinventorylist-display-component---Master--smartTableRuInventoryList-header-inner\"]"}
RESULT: {"using":"xpath","value":"//span[@id=\"application-ruinventorylist-display-component---Master--smartTableRuInventoryList-header-inner\"]"}
COMMAND: POST /session/42302a9ea49feb79903a3467d1524afa/execute/sync - {"script":"<script> [56 bytes]","args":[{"element-6066-11e4-a52e-4f735466cecf":"f.20E1EB2F6CB099DCC75CCCE897A671A3.d.34787C210276000C815A054CA15C9D21.e.5560","ELEMENT":"f.20E1EB2F6CB099DCC75CCCE897A671A3.d.34787C210276000C815A054CA15C9D21.e.5560"}]}
RESULT: {"script":"<script> [56 bytes]","args":[{"element-6066-11e4-a52e-4f735466cecf":"f.20E1EB2F6CB099DCC75CCCE897A671A3.d.34787C210276000C815A054CA15C9D21.e.5560","ELEMENT":"f.20E1EB2F6CB099DCC75CCCE897A671A3.d.34787C210276000C815A054CA15C9D21.e.5560"}]}
COMMAND: POST /session/42302a9ea49feb79903a3467d1524afa/element - {"using":"xpath","value":"//table[contains(@id, \"application-ruinventorylist-display-component---Master--tableRuInventoryList-listUl\")]/tbody/tr[1]/td[2]/div/div"}
COMMAND: GET /session/42302a9ea49feb79903a3467d1524afa/screenshot - {}
RESULT: {"using":"xpath","value":"//table[contains(@id, \"application-ruinventorylist-display-component---Master--tableRuInventoryList-listUl\")]/tbody/tr[1]/td[2]/div/div"}
COMMAND: POST /session/42302a9ea49feb79903a3467d1524afa/element/f.20E1EB2F6CB099DCC75CCCE897A671A3.d.34787C210276000C815A054CA15C9D21.e.5566/click - {}
RESULT: {}
RESULT: {}
COMMAND: GET /session/42302a9ea49feb79903a3467d1524afa/screenshot - {}
RESULT: {}
COMMAND: POST /session/42302a9ea49feb79903a3467d1524afa/element - {"using":"xpath","value":"//div[contains(@id, \"smartFilterBar-btnBasicSearch-reset\")]"}
RESULT: {"using":"xpath","value":"//div[contains(@id, \"smartFilterBar-btnBasicSearch-reset\")]"}
COMMAND: POST /session/42302a9ea49feb79903a3467d1524afa/element/f.20E1EB2F6CB099DCC75CCCE897A671A3.d.34787C210276000C815A054CA15C9D21.e.5576/click - {}
RESULT: {}
COMMAND: GET /session/42302a9ea49feb79903a3467d1524afa/screenshot - {}
RESULT: {}
RESULT: undefined
COMMAND: POST /session/42302a9ea49feb79903a3467d1524afa/execute/async - {"script":"<script> [776 bytes]","args":[{"enterText":"401002","selector":{"id":"application-ruinventorylist-display-component---Master--smartFilterBar-btnBasicSearch","interaction":{"idSuffix":"I"}},"clearTextFirst":true,"interactionType":"ENTER_TEXT"}]}
RESULT: {"script":"<script> [776 bytes]","args":[{"enterText":"401002","selector":{"id":"application-ruinventorylist-display-component---Master--smartFilterBar-btnBasicSearch","interaction":{"idSuffix":"I"}},"clearTextFirst":true,"interactionType":"ENTER_TEXT"}]}
COMMAND: POST /session/42302a9ea49feb79903a3467d1524afa/actions - {"actions":[{"id":"action24","type":"key","parameters":{},"actions":[{"type":"keyDown","value":""},{"type":"pause","duration":10},{"type":"keyUp","value":""}]}]}
RESULT: {"actions":[{"id":"action24","type":"key","parameters":{},"actions":[{"type":"keyDown","value":""},{"type":"pause","duration":10},{"type":"keyUp","value":""}]}]}
COMMAND: GET /session/42302a9ea49feb79903a3467d1524afa/screenshot - {}
RESULT: {}
COMMAND: POST /session/42302a9ea49feb79903a3467d1524afa/element - {"using":"xpath","value":"//span[@id=\"application-ruinventorylist-display-component---Master--smartTableRuInventoryList-header-inner\"]"}
RESULT: {"using":"xpath","value":"//span[@id=\"application-ruinventorylist-display-component---Master--smartTableRuInventoryList-header-inner\"]"}
COMMAND: POST /session/42302a9ea49feb79903a3467d1524afa/elements - {"using":"xpath","value":"//span[@id=\"application-ruinventorylist-display-component---Master--smartTableRuInventoryList-header-inner\"]"}
RESULT: {"using":"xpath","value":"//span[@id=\"application-ruinventorylist-display-component---Master--smartTableRuInventoryList-header-inner\"]"}
COMMAND: POST /session/42302a9ea49feb79903a3467d1524afa/execute/sync - {"script":"<script> [56 bytes]","args":[{"element-6066-11e4-a52e-4f735466cecf":"f.20E1EB2F6CB099DCC75CCCE897A671A3.d.34787C210276000C815A054CA15C9D21.e.5560","ELEMENT":"f.20E1EB2F6CB099DCC75CCCE897A671A3.d.34787C210276000C815A054CA15C9D21.e.5560"}]}
RESULT: {"script":"<script> [56 bytes]","args":[{"element-6066-11e4-a52e-4f735466cecf":"f.20E1EB2F6CB099DCC75CCCE897A671A3.d.34787C210276000C815A054CA15C9D21.e.5560","ELEMENT":"f.20E1EB2F6CB099DCC75CCCE897A671A3.d.34787C210276000C815A054CA15C9D21.e.5560"}]}
COMMAND: POST /session/42302a9ea49feb79903a3467d1524afa/element - {"using":"xpath","value":"//table[contains(@id, \"application-ruinventorylist-display-component---Master--tableRuInventoryList-listUl\")]/tbody/tr[1]/td[2]/div/div"}
COMMAND: GET /session/42302a9ea49feb79903a3467d1524afa/screenshot - {}
RESULT: {"using":"xpath","value":"//table[contains(@id, \"application-ruinventorylist-display-component---Master--tableRuInventoryList-listUl\")]/tbody/tr[1]/td[2]/div/div"}
COMMAND: POST /session/42302a9ea49feb79903a3467d1524afa/element/f.20E1EB2F6CB099DCC75CCCE897A671A3.d.34787C210276000C815A054CA15C9D21.e.5734/click - {}
RESULT: {}
RESULT: {}
COMMAND: GET /session/42302a9ea49feb79903a3467d1524afa/screenshot - {}
RESULT: {}
COMMAND: POST /session/42302a9ea49feb79903a3467d1524afa/element - {"using":"xpath","value":"//div[contains(@id, \"smartFilterBar-btnBasicSearch-reset\")]"}
RESULT: {"using":"xpath","value":"//div[contains(@id, \"smartFilterBar-btnBasicSearch-reset\")]"}
COMMAND: POST /session/42302a9ea49feb79903a3467d1524afa/element/f.20E1EB2F6CB099DCC75CCCE897A671A3.d.34787C210276000C815A054CA15C9D21.e.5576/click - {}
RESULT: {}
COMMAND: GET /session/42302a9ea49feb79903a3467d1524afa/screenshot - {}
RESULT: {}
RESULT: undefined
COMMAND: POST /session/42302a9ea49feb79903a3467d1524afa/execute/async - {"script":"<script> [776 bytes]","args":[{"enterText":"36kUtG37cM","selector":{"id":"application-ruinventorylist-display-component---Master--smartFilterBar-btnBasicSearch","interaction":{"idSuffix":"I"}},"clearTextFirst":true,"interactionType":"ENTER_TEXT"}]}
RESULT: {"script":"<script> [776 bytes]","args":[{"enterText":"36kUtG37cM","selector":{"id":"application-ruinventorylist-display-component---Master--smartFilterBar-btnBasicSearch","interaction":{"idSuffix":"I"}},"clearTextFirst":true,"interactionType":"ENTER_TEXT"}]}
COMMAND: POST /session/42302a9ea49feb79903a3467d1524afa/actions - {"actions":[{"id":"action25","type":"key","parameters":{},"actions":[{"type":"keyDown","value":""},{"type":"pause","duration":10},{"type":"keyUp","value":""}]}]}
RESULT: {"actions":[{"id":"action25","type":"key","parameters":{},"actions":[{"type":"keyDown","value":""},{"type":"pause","duration":10},{"type":"keyUp","value":""}]}]}
COMMAND: GET /session/42302a9ea49feb79903a3467d1524afa/screenshot - {}
RESULT: {}
COMMAND: POST /session/42302a9ea49feb79903a3467d1524afa/element - {"using":"xpath","value":"//span[@id=\"application-ruinventorylist-display-component---Master--smartTableRuInventoryList-header-inner\"]"}
RESULT: {"using":"xpath","value":"//span[@id=\"application-ruinventorylist-display-component---Master--smartTableRuInventoryList-header-inner\"]"}
COMMAND: POST /session/42302a9ea49feb79903a3467d1524afa/elements - {"using":"xpath","value":"//span[@id=\"application-ruinventorylist-display-component---Master--smartTableRuInventoryList-header-inner\"]"}
RESULT: {"using":"xpath","value":"//span[@id=\"application-ruinventorylist-display-component---Master--smartTableRuInventoryList-header-inner\"]"}
COMMAND: POST /session/42302a9ea49feb79903a3467d1524afa/execute/sync - {"script":"<script> [56 bytes]","args":[{"element-6066-11e4-a52e-4f735466cecf":"f.20E1EB2F6CB099DCC75CCCE897A671A3.d.34787C210276000C815A054CA15C9D21.e.5560","ELEMENT":"f.20E1EB2F6CB099DCC75CCCE897A671A3.d.34787C210276000C815A054CA15C9D21.e.5560"}]}
RESULT: {"script":"<script> [56 bytes]","args":[{"element-6066-11e4-a52e-4f735466cecf":"f.20E1EB2F6CB099DCC75CCCE897A671A3.d.34787C210276000C815A054CA15C9D21.e.5560","ELEMENT":"f.20E1EB2F6CB099DCC75CCCE897A671A3.d.34787C210276000C815A054CA15C9D21.e.5560"}]}
COMMAND: POST /session/42302a9ea49feb79903a3467d1524afa/element - {"using":"xpath","value":"//table[contains(@id, \"application-ruinventorylist-display-component---Master--tableRuInventoryList-listUl\")]/tbody/tr[1]/td[2]/div/div"}
COMMAND: GET /session/42302a9ea49feb79903a3467d1524afa/screenshot - {}
RESULT: {"using":"xpath","value":"//table[contains(@id, \"application-ruinventorylist-display-component---Master--tableRuInventoryList-listUl\")]/tbody/tr[1]/td[2]/div/div"}
COMMAND: POST /session/42302a9ea49feb79903a3467d1524afa/element/f.20E1EB2F6CB099DCC75CCCE897A671A3.d.34787C210276000C815A054CA15C9D21.e.5898/click - {}
RESULT: {}
RESULT: {}
COMMAND: GET /session/42302a9ea49feb79903a3467d1524afa/screenshot - {}
RESULT: {}
COMMAND: POST /session/42302a9ea49feb79903a3467d1524afa/element - {"using":"xpath","value":"//div[contains(@id, \"smartFilterBar-btnBasicSearch-reset\")]"}
RESULT: {"using":"xpath","value":"//div[contains(@id, \"smartFilterBar-btnBasicSearch-reset\")]"}
COMMAND: POST /session/42302a9ea49feb79903a3467d1524afa/element/f.20E1EB2F6CB099DCC75CCCE897A671A3.d.34787C210276000C815A054CA15C9D21.e.5576/click - {}
RESULT: {}
COMMAND: GET /session/42302a9ea49feb79903a3467d1524afa/screenshot - {}
RESULT: {}
RESULT: undefined
COMMAND: POST /session/42302a9ea49feb79903a3467d1524afa/execute/async - {"script":"<script> [776 bytes]","args":[{"enterText":"200378","selector":{"id":"application-ruinventorylist-display-component---Master--smartFilterBar-btnBasicSearch","interaction":{"idSuffix":"I"}},"clearTextFirst":true,"interactionType":"ENTER_TEXT"}]}
RESULT: {"script":"<script> [776 bytes]","args":[{"enterText":"200378","selector":{"id":"application-ruinventorylist-display-component---Master--smartFilterBar-btnBasicSearch","interaction":{"idSuffix":"I"}},"clearTextFirst":true,"interactionType":"ENTER_TEXT"}]}
COMMAND: POST /session/42302a9ea49feb79903a3467d1524afa/actions - {"actions":[{"id":"action26","type":"key","parameters":{},"actions":[{"type":"keyDown","value":""},{"type":"pause","duration":10},{"type":"keyUp","value":""}]}]}
RESULT: {"actions":[{"id":"action26","type":"key","parameters":{},"actions":[{"type":"keyDown","value":""},{"type":"pause","duration":10},{"type":"keyUp","value":""}]}]}
COMMAND: GET /session/42302a9ea49feb79903a3467d1524afa/screenshot - {}
RESULT: {}
COMMAND: POST /session/42302a9ea49feb79903a3467d1524afa/element - {"using":"xpath","value":"//span[@id=\"application-ruinventorylist-display-component---Master--smartTableRuInventoryList-header-inner\"]"}
RESULT: {"using":"xpath","value":"//span[@id=\"application-ruinventorylist-display-component---Master--smartTableRuInventoryList-header-inner\"]"}
COMMAND: POST /session/42302a9ea49feb79903a3467d1524afa/elements - {"using":"xpath","value":"//span[@id=\"application-ruinventorylist-display-component---Master--smartTableRuInventoryList-header-inner\"]"}
RESULT: {"using":"xpath","value":"//span[@id=\"application-ruinventorylist-display-component---Master--smartTableRuInventoryList-header-inner\"]"}
COMMAND: POST /session/42302a9ea49feb79903a3467d1524afa/execute/sync - {"script":"<script> [56 bytes]","args":[{"element-6066-11e4-a52e-4f735466cecf":"f.20E1EB2F6CB099DCC75CCCE897A671A3.d.34787C210276000C815A054CA15C9D21.e.5560","ELEMENT":"f.20E1EB2F6CB099DCC75CCCE897A671A3.d.34787C210276000C815A054CA15C9D21.e.5560"}]}
RESULT: {"script":"<script> [56 bytes]","args":[{"element-6066-11e4-a52e-4f735466cecf":"f.20E1EB2F6CB099DCC75CCCE897A671A3.d.34787C210276000C815A054CA15C9D21.e.5560","ELEMENT":"f.20E1EB2F6CB099DCC75CCCE897A671A3.d.34787C210276000C815A054CA15C9D21.e.5560"}]}
COMMAND: POST /session/42302a9ea49feb79903a3467d1524afa/element - {"using":"xpath","value":"//table[contains(@id, \"application-ruinventorylist-display-component---Master--tableRuInventoryList-listUl\")]/tbody/tr[1]/td[2]/div/div"}
COMMAND: GET /session/42302a9ea49feb79903a3467d1524afa/screenshot - {}
RESULT: {"using":"xpath","value":"//table[contains(@id, \"application-ruinventorylist-display-component---Master--tableRuInventoryList-listUl\")]/tbody/tr[1]/td[2]/div/div"}
COMMAND: POST /session/42302a9ea49feb79903a3467d1524afa/element/f.20E1EB2F6CB099DCC75CCCE897A671A3.d.34787C210276000C815A054CA15C9D21.e.6064/click - {}
RESULT: {}
RESULT: {}
COMMAND: GET /session/42302a9ea49feb79903a3467d1524afa/screenshot - {}
RESULT: {}
COMMAND: POST /session/42302a9ea49feb79903a3467d1524afa/element - {"using":"xpath","value":"//div[contains(@id, \"smartFilterBar-btnBasicSearch-reset\")]"}
RESULT: {"using":"xpath","value":"//div[contains(@id, \"smartFilterBar-btnBasicSearch-reset\")]"}
COMMAND: POST /session/42302a9ea49feb79903a3467d1524afa/element/f.20E1EB2F6CB099DCC75CCCE897A671A3.d.34787C210276000C815A054CA15C9D21.e.5576/click - {}
RESULT: {}
COMMAND: GET /session/42302a9ea49feb79903a3467d1524afa/screenshot - {}
RESULT: {}
COMMAND: POST /session/42302a9ea49feb79903a3467d1524afa/element/f.20E1EB2F6CB099DCC75CCCE897A671A3.d.34787C210276000C815A054CA15C9D21.e.4980/click - {}
RESULT: {}
COMMAND: GET /session/42302a9ea49feb79903a3467d1524afa/screenshot - {}
RESULT: {}
COMMAND: POST /session/42302a9ea49feb79903a3467d1524afa/execute/async - {"script":"<script> [1562 bytes]","args":[{"selector":{"id":"application-ruinventorylist-display-component---Master--effectiveDate","searchOpenDialogs":true,"interaction":{"idSuffix":"inner"}},"wdio_ui5_key":"applicationruinventorylist-display-component---Master--effectiveDate"}]}
RESULT: {"script":"<script> [1562 bytes]","args":[{"selector":{"id":"application-ruinventorylist-display-component---Master--effectiveDate","searchOpenDialogs":true,"interaction":{"idSuffix":"inner"}},"wdio_ui5_key":"applicationruinventorylist-display-component---Master--effectiveDate"}]}
RESULT: undefined
COMMAND: POST /session/42302a9ea49feb79903a3467d1524afa/execute/async - {"script":"<script> [776 bytes]","args":[{"enterText":"05/20/25","selector":{"id":"application-ruinventorylist-display-component---Master--effectiveDate","searchOpenDialogs":true,"interaction":{"idSuffix":"inner"}},"clearTextFirst":true,"interactionType":"ENTER_TEXT"}]}
RESULT: {"script":"<script> [776 bytes]","args":[{"enterText":"05/20/25","selector":{"id":"application-ruinventorylist-display-component---Master--effectiveDate","searchOpenDialogs":true,"interaction":{"idSuffix":"inner"}},"clearTextFirst":true,"interactionType":"ENTER_TEXT"}]}
COMMAND: POST /session/42302a9ea49feb79903a3467d1524afa/element - {"using":"xpath","value":"//span[contains(@data-kt,\"correctionMassStateChangeIcon\")]"}
RESULT: {"using":"xpath","value":"//span[contains(@data-kt,\"correctionMassStateChangeIcon\")]"}
COMMAND: POST /session/42302a9ea49feb79903a3467d1524afa/elements - {"using":"xpath","value":"//span[contains(@data-kt,\"correctionMassStateChangeIcon\")]"}
RESULT: {"using":"xpath","value":"//span[contains(@data-kt,\"correctionMassStateChangeIcon\")]"}
COMMAND: POST /session/42302a9ea49feb79903a3467d1524afa/elements - {"using":"xpath","value":"//span[contains(@data-kt,\"correctionMassStateChangeIcon\")]"}
RESULT: {"using":"xpath","value":"//span[contains(@data-kt,\"correctionMassStateChangeIcon\")]"}
RESULT: undefined
COMMAND: POST /session/42302a9ea49feb79903a3467d1524afa/element - {"using":"xpath","value":"//*[@id=\"application-ruinventorylist-display-component---Master--ruStateTypes-arrow\"]"}
RESULT: {"using":"xpath","value":"//*[@id=\"application-ruinventorylist-display-component---Master--ruStateTypes-arrow\"]"}
COMMAND: POST /session/42302a9ea49feb79903a3467d1524afa/element/f.20E1EB2F6CB099DCC75CCCE897A671A3.d.34787C210276000C815A054CA15C9D21.e.6270/click - {}
RESULT: {}
COMMAND: GET /session/42302a9ea49feb79903a3467d1524afa/screenshot - {}
RESULT: {}
COMMAND: POST /session/42302a9ea49feb79903a3467d1524afa/element - {"using":"xpath","value":"//li[.//span[text()=\"defect\"]]"}
RESULT: {"using":"xpath","value":"//li[.//span[text()=\"defect\"]]"}
COMMAND: POST /session/42302a9ea49feb79903a3467d1524afa/element/f.20E1EB2F6CB099DCC75CCCE897A671A3.d.34787C210276000C815A054CA15C9D21.e.6271/click - {}
RESULT: {}
COMMAND: GET /session/42302a9ea49feb79903a3467d1524afa/screenshot - {}
RESULT: {}
COMMAND: POST /session/42302a9ea49feb79903a3467d1524afa/element - {"using":"xpath","value":"(//bdi[contains(text(), \"OK\")])[1]"}
RESULT: {"using":"xpath","value":"(//bdi[contains(text(), \"OK\")])[1]"}
COMMAND: POST /session/42302a9ea49feb79903a3467d1524afa/element/f.20E1EB2F6CB099DCC75CCCE897A671A3.d.34787C210276000C815A054CA15C9D21.e.6272/click - {}
RESULT: {}
COMMAND: GET /session/42302a9ea49feb79903a3467d1524afa/screenshot - {}
RESULT: {}
COMMAND: POST /session/42302a9ea49feb79903a3467d1524afa/element - {"using":"css selector","value":"div.sapMMessageBoxError"}
RESULT: {"using":"css selector","value":"div.sapMMessageBoxError"}
COMMAND: POST /session/42302a9ea49feb79903a3467d1524afa/elements - {"using":"css selector","value":"div.sapMMessageBoxError"}
RESULT: {"using":"css selector","value":"div.sapMMessageBoxError"}
COMMAND: POST /session/42302a9ea49feb79903a3467d1524afa/element - {"using":"xpath","value":"//div[contains(@class, \"sapMMessageBoxError\")]/section/div/div/span"}
RESULT: {"using":"xpath","value":"//div[contains(@class, \"sapMMessageBoxError\")]/section/div/div/span"}
COMMAND: POST /session/42302a9ea49feb79903a3467d1524afa/execute/sync - {"script":"<script> [56 bytes]","args":[{"element-6066-11e4-a52e-4f735466cecf":"f.20E1EB2F6CB099DCC75CCCE897A671A3.d.34787C210276000C815A054CA15C9D21.e.6276","ELEMENT":"f.20E1EB2F6CB099DCC75CCCE897A671A3.d.34787C210276000C815A054CA15C9D21.e.6276"}]}
RESULT: {"script":"<script> [56 bytes]","args":[{"element-6066-11e4-a52e-4f735466cecf":"f.20E1EB2F6CB099DCC75CCCE897A671A3.d.34787C210276000C815A054CA15C9D21.e.6276","ELEMENT":"f.20E1EB2F6CB099DCC75CCCE897A671A3.d.34787C210276000C815A054CA15C9D21.e.6276"}]}
COMMAND: POST /session/42302a9ea49feb79903a3467d1524afa/element - {"using":"xpath","value":"(//bdi[contains(text(), \"Close\")])[1]"}
COMMAND: GET /session/42302a9ea49feb79903a3467d1524afa/screenshot - {}
RESULT: {"using":"xpath","value":"(//bdi[contains(text(), \"Close\")])[1]"}
COMMAND: POST /session/42302a9ea49feb79903a3467d1524afa/element/f.20E1EB2F6CB099DCC75CCCE897A671A3.d.34787C210276000C815A054CA15C9D21.e.6277/click - {}
RESULT: {}
RESULT: {}
COMMAND: GET /session/42302a9ea49feb79903a3467d1524afa/screenshot - {}
RESULT: {}
RESULT: undefined
COMMAND: POST /session/42302a9ea49feb79903a3467d1524afa/execute/async - {"script":"<script> [776 bytes]","args":[{"enterText":"05/21/25","selector":{"id":"application-ruinventorylist-display-component---Master--effectiveDate","searchOpenDialogs":true,"interaction":{"idSuffix":"inner"}},"clearTextFirst":true,"interactionType":"ENTER_TEXT"}]}
RESULT: {"script":"<script> [776 bytes]","args":[{"enterText":"05/21/25","selector":{"id":"application-ruinventorylist-display-component---Master--effectiveDate","searchOpenDialogs":true,"interaction":{"idSuffix":"inner"}},"clearTextFirst":true,"interactionType":"ENTER_TEXT"}]}
COMMAND: POST /session/42302a9ea49feb79903a3467d1524afa/element - {"using":"xpath","value":"(//bdi[contains(text(), \"OK\")])[1]"}
RESULT: {"using":"xpath","value":"(//bdi[contains(text(), \"OK\")])[1]"}
COMMAND: POST /session/42302a9ea49feb79903a3467d1524afa/element/f.20E1EB2F6CB099DCC75CCCE897A671A3.d.34787C210276000C815A054CA15C9D21.e.6272/click - {}
RESULT: {}
COMMAND: GET /session/42302a9ea49feb79903a3467d1524afa/screenshot - {}
RESULT: {}
COMMAND: POST /session/42302a9ea49feb79903a3467d1524afa/element - {"using":"xpath","value":"(//bdi[contains(text(), \"OK\")])[2]"}
RESULT: {"using":"xpath","value":"(//bdi[contains(text(), \"OK\")])[2]"}
COMMAND: POST /session/42302a9ea49feb79903a3467d1524afa/element/f.20E1EB2F6CB099DCC75CCCE897A671A3.d.34787C210276000C815A054CA15C9D21.e.6326/click - {}
RESULT: {}
COMMAND: GET /session/42302a9ea49feb79903a3467d1524afa/screenshot - {}
RESULT: {}
RESULT: undefined
COMMAND: POST /session/42302a9ea49feb79903a3467d1524afa/execute/async - {"script":"<script> [776 bytes]","args":[{"enterText":"600002","selector":{"id":"application-ruinventorylist-display-component---Master--smartFilterBar-btnBasicSearch","interaction":{"idSuffix":"I"}},"clearTextFirst":true,"interactionType":"ENTER_TEXT"}]}
RESULT: {"script":"<script> [776 bytes]","args":[{"enterText":"600002","selector":{"id":"application-ruinventorylist-display-component---Master--smartFilterBar-btnBasicSearch","interaction":{"idSuffix":"I"}},"clearTextFirst":true,"interactionType":"ENTER_TEXT"}]}
COMMAND: POST /session/42302a9ea49feb79903a3467d1524afa/actions - {"actions":[{"id":"action27","type":"key","parameters":{},"actions":[{"type":"keyDown","value":""},{"type":"pause","duration":10},{"type":"keyUp","value":""}]}]}
RESULT: {"actions":[{"id":"action27","type":"key","parameters":{},"actions":[{"type":"keyDown","value":""},{"type":"pause","duration":10},{"type":"keyUp","value":""}]}]}
COMMAND: GET /session/42302a9ea49feb79903a3467d1524afa/screenshot - {}
RESULT: {}
COMMAND: POST /session/42302a9ea49feb79903a3467d1524afa/element - {"using":"xpath","value":"//span[@id=\"application-ruinventorylist-display-component---Master--smartTableRuInventoryList-header-inner\"]"}
RESULT: {"using":"xpath","value":"//span[@id=\"application-ruinventorylist-display-component---Master--smartTableRuInventoryList-header-inner\"]"}
COMMAND: POST /session/42302a9ea49feb79903a3467d1524afa/elements - {"using":"xpath","value":"//span[@id=\"application-ruinventorylist-display-component---Master--smartTableRuInventoryList-header-inner\"]"}
RESULT: {"using":"xpath","value":"//span[@id=\"application-ruinventorylist-display-component---Master--smartTableRuInventoryList-header-inner\"]"}
COMMAND: POST /session/42302a9ea49feb79903a3467d1524afa/execute/sync - {"script":"<script> [56 bytes]","args":[{"element-6066-11e4-a52e-4f735466cecf":"f.20E1EB2F6CB099DCC75CCCE897A671A3.d.34787C210276000C815A054CA15C9D21.e.5560","ELEMENT":"f.20E1EB2F6CB099DCC75CCCE897A671A3.d.34787C210276000C815A054CA15C9D21.e.5560"}]}
RESULT: {"script":"<script> [56 bytes]","args":[{"element-6066-11e4-a52e-4f735466cecf":"f.20E1EB2F6CB099DCC75CCCE897A671A3.d.34787C210276000C815A054CA15C9D21.e.5560","ELEMENT":"f.20E1EB2F6CB099DCC75CCCE897A671A3.d.34787C210276000C815A054CA15C9D21.e.5560"}]}
COMMAND: POST /session/42302a9ea49feb79903a3467d1524afa/element - {"using":"xpath","value":"//table[contains(@id, \"application-ruinventorylist-display-component---Master--tableRuInventoryList-listUl\")]/tbody/tr[1]/td[6]/div/span"}
COMMAND: GET /session/42302a9ea49feb79903a3467d1524afa/screenshot - {}
RESULT: {"using":"xpath","value":"//table[contains(@id, \"application-ruinventorylist-display-component---Master--tableRuInventoryList-listUl\")]/tbody/tr[1]/td[6]/div/span"}
COMMAND: POST /session/42302a9ea49feb79903a3467d1524afa/execute/sync - {"script":"<script> [56 bytes]","args":[{"element-6066-11e4-a52e-4f735466cecf":"f.20E1EB2F6CB099DCC75CCCE897A671A3.d.34787C210276000C815A054CA15C9D21.e.6345","ELEMENT":"f.20E1EB2F6CB099DCC75CCCE897A671A3.d.34787C210276000C815A054CA15C9D21.e.6345"}]}
RESULT: {}
RESULT: {"script":"<script> [56 bytes]","args":[{"element-6066-11e4-a52e-4f735466cecf":"f.20E1EB2F6CB099DCC75CCCE897A671A3.d.34787C210276000C815A054CA15C9D21.e.6345","ELEMENT":"f.20E1EB2F6CB099DCC75CCCE897A671A3.d.34787C210276000C815A054CA15C9D21.e.6345"}]}
COMMAND: POST /session/42302a9ea49feb79903a3467d1524afa/element - {"using":"xpath","value":"//div[contains(@id, \"smartFilterBar-btnBasicSearch-reset\")]"}
COMMAND: GET /session/42302a9ea49feb79903a3467d1524afa/screenshot - {}
RESULT: {"using":"xpath","value":"//div[contains(@id, \"smartFilterBar-btnBasicSearch-reset\")]"}
COMMAND: POST /session/42302a9ea49feb79903a3467d1524afa/element/f.20E1EB2F6CB099DCC75CCCE897A671A3.d.34787C210276000C815A054CA15C9D21.e.5576/click - {}
RESULT: {}
RESULT: {}
COMMAND: GET /session/42302a9ea49feb79903a3467d1524afa/screenshot - {}
RESULT: {}
RESULT: undefined
COMMAND: POST /session/42302a9ea49feb79903a3467d1524afa/execute/async - {"script":"<script> [776 bytes]","args":[{"enterText":"401002","selector":{"id":"application-ruinventorylist-display-component---Master--smartFilterBar-btnBasicSearch","interaction":{"idSuffix":"I"}},"clearTextFirst":true,"interactionType":"ENTER_TEXT"}]}
RESULT: {"script":"<script> [776 bytes]","args":[{"enterText":"401002","selector":{"id":"application-ruinventorylist-display-component---Master--smartFilterBar-btnBasicSearch","interaction":{"idSuffix":"I"}},"clearTextFirst":true,"interactionType":"ENTER_TEXT"}]}
COMMAND: POST /session/42302a9ea49feb79903a3467d1524afa/actions - {"actions":[{"id":"action28","type":"key","parameters":{},"actions":[{"type":"keyDown","value":""},{"type":"pause","duration":10},{"type":"keyUp","value":""}]}]}
RESULT: {"actions":[{"id":"action28","type":"key","parameters":{},"actions":[{"type":"keyDown","value":""},{"type":"pause","duration":10},{"type":"keyUp","value":""}]}]}
COMMAND: GET /session/42302a9ea49feb79903a3467d1524afa/screenshot - {}
RESULT: {}
COMMAND: POST /session/42302a9ea49feb79903a3467d1524afa/element - {"using":"xpath","value":"//span[@id=\"application-ruinventorylist-display-component---Master--smartTableRuInventoryList-header-inner\"]"}
RESULT: {"using":"xpath","value":"//span[@id=\"application-ruinventorylist-display-component---Master--smartTableRuInventoryList-header-inner\"]"}
COMMAND: POST /session/42302a9ea49feb79903a3467d1524afa/elements - {"using":"xpath","value":"//span[@id=\"application-ruinventorylist-display-component---Master--smartTableRuInventoryList-header-inner\"]"}
RESULT: {"using":"xpath","value":"//span[@id=\"application-ruinventorylist-display-component---Master--smartTableRuInventoryList-header-inner\"]"}
COMMAND: POST /session/42302a9ea49feb79903a3467d1524afa/execute/sync - {"script":"<script> [56 bytes]","args":[{"element-6066-11e4-a52e-4f735466cecf":"f.20E1EB2F6CB099DCC75CCCE897A671A3.d.34787C210276000C815A054CA15C9D21.e.5560","ELEMENT":"f.20E1EB2F6CB099DCC75CCCE897A671A3.d.34787C210276000C815A054CA15C9D21.e.5560"}]}
RESULT: {"script":"<script> [56 bytes]","args":[{"element-6066-11e4-a52e-4f735466cecf":"f.20E1EB2F6CB099DCC75CCCE897A671A3.d.34787C210276000C815A054CA15C9D21.e.5560","ELEMENT":"f.20E1EB2F6CB099DCC75CCCE897A671A3.d.34787C210276000C815A054CA15C9D21.e.5560"}]}
COMMAND: POST /session/42302a9ea49feb79903a3467d1524afa/element - {"using":"xpath","value":"//table[contains(@id, \"application-ruinventorylist-display-component---Master--tableRuInventoryList-listUl\")]/tbody/tr[1]/td[6]/div/span"}
COMMAND: GET /session/42302a9ea49feb79903a3467d1524afa/screenshot - {}
RESULT: {"using":"xpath","value":"//table[contains(@id, \"application-ruinventorylist-display-component---Master--tableRuInventoryList-listUl\")]/tbody/tr[1]/td[6]/div/span"}
COMMAND: POST /session/42302a9ea49feb79903a3467d1524afa/execute/sync - {"script":"<script> [56 bytes]","args":[{"element-6066-11e4-a52e-4f735466cecf":"f.20E1EB2F6CB099DCC75CCCE897A671A3.d.34787C210276000C815A054CA15C9D21.e.6437","ELEMENT":"f.20E1EB2F6CB099DCC75CCCE897A671A3.d.34787C210276000C815A054CA15C9D21.e.6437"}]}
RESULT: {}
RESULT: {"script":"<script> [56 bytes]","args":[{"element-6066-11e4-a52e-4f735466cecf":"f.20E1EB2F6CB099DCC75CCCE897A671A3.d.34787C210276000C815A054CA15C9D21.e.6437","ELEMENT":"f.20E1EB2F6CB099DCC75CCCE897A671A3.d.34787C210276000C815A054CA15C9D21.e.6437"}]}
COMMAND: POST /session/42302a9ea49feb79903a3467d1524afa/element - {"using":"xpath","value":"//div[contains(@id, \"smartFilterBar-btnBasicSearch-reset\")]"}
COMMAND: GET /session/42302a9ea49feb79903a3467d1524afa/screenshot - {}
RESULT: {"using":"xpath","value":"//div[contains(@id, \"smartFilterBar-btnBasicSearch-reset\")]"}
COMMAND: POST /session/42302a9ea49feb79903a3467d1524afa/element/f.20E1EB2F6CB099DCC75CCCE897A671A3.d.34787C210276000C815A054CA15C9D21.e.5576/click - {}
RESULT: {}
RESULT: {}
COMMAND: GET /session/42302a9ea49feb79903a3467d1524afa/screenshot - {}
RESULT: {}
RESULT: undefined
COMMAND: POST /session/42302a9ea49feb79903a3467d1524afa/execute/async - {"script":"<script> [776 bytes]","args":[{"enterText":"36kUtG37cM","selector":{"id":"application-ruinventorylist-display-component---Master--smartFilterBar-btnBasicSearch","interaction":{"idSuffix":"I"}},"clearTextFirst":true,"interactionType":"ENTER_TEXT"}]}
RESULT: {"script":"<script> [776 bytes]","args":[{"enterText":"36kUtG37cM","selector":{"id":"application-ruinventorylist-display-component---Master--smartFilterBar-btnBasicSearch","interaction":{"idSuffix":"I"}},"clearTextFirst":true,"interactionType":"ENTER_TEXT"}]}
COMMAND: POST /session/42302a9ea49feb79903a3467d1524afa/actions - {"actions":[{"id":"action29","type":"key","parameters":{},"actions":[{"type":"keyDown","value":""},{"type":"pause","duration":10},{"type":"keyUp","value":""}]}]}
RESULT: {"actions":[{"id":"action29","type":"key","parameters":{},"actions":[{"type":"keyDown","value":""},{"type":"pause","duration":10},{"type":"keyUp","value":""}]}]}
COMMAND: GET /session/42302a9ea49feb79903a3467d1524afa/screenshot - {}
RESULT: {}
COMMAND: POST /session/42302a9ea49feb79903a3467d1524afa/element - {"using":"xpath","value":"//span[@id=\"application-ruinventorylist-display-component---Master--smartTableRuInventoryList-header-inner\"]"}
RESULT: {"using":"xpath","value":"//span[@id=\"application-ruinventorylist-display-component---Master--smartTableRuInventoryList-header-inner\"]"}
COMMAND: POST /session/42302a9ea49feb79903a3467d1524afa/elements - {"using":"xpath","value":"//span[@id=\"application-ruinventorylist-display-component---Master--smartTableRuInventoryList-header-inner\"]"}
RESULT: {"using":"xpath","value":"//span[@id=\"application-ruinventorylist-display-component---Master--smartTableRuInventoryList-header-inner\"]"}
COMMAND: POST /session/42302a9ea49feb79903a3467d1524afa/execute/sync - {"script":"<script> [56 bytes]","args":[{"element-6066-11e4-a52e-4f735466cecf":"f.20E1EB2F6CB099DCC75CCCE897A671A3.d.34787C210276000C815A054CA15C9D21.e.5560","ELEMENT":"f.20E1EB2F6CB099DCC75CCCE897A671A3.d.34787C210276000C815A054CA15C9D21.e.5560"}]}
RESULT: {"script":"<script> [56 bytes]","args":[{"element-6066-11e4-a52e-4f735466cecf":"f.20E1EB2F6CB099DCC75CCCE897A671A3.d.34787C210276000C815A054CA15C9D21.e.5560","ELEMENT":"f.20E1EB2F6CB099DCC75CCCE897A671A3.d.34787C210276000C815A054CA15C9D21.e.5560"}]}
COMMAND: POST /session/42302a9ea49feb79903a3467d1524afa/element - {"using":"xpath","value":"//table[contains(@id, \"application-ruinventorylist-display-component---Master--tableRuInventoryList-listUl\")]/tbody/tr[1]/td[6]/div/span"}
COMMAND: GET /session/42302a9ea49feb79903a3467d1524afa/screenshot - {}
RESULT: {"using":"xpath","value":"//table[contains(@id, \"application-ruinventorylist-display-component---Master--tableRuInventoryList-listUl\")]/tbody/tr[1]/td[6]/div/span"}
COMMAND: POST /session/42302a9ea49feb79903a3467d1524afa/execute/sync - {"script":"<script> [56 bytes]","args":[{"element-6066-11e4-a52e-4f735466cecf":"f.20E1EB2F6CB099DCC75CCCE897A671A3.d.34787C210276000C815A054CA15C9D21.e.6529","ELEMENT":"f.20E1EB2F6CB099DCC75CCCE897A671A3.d.34787C210276000C815A054CA15C9D21.e.6529"}]}
RESULT: {}
RESULT: {"script":"<script> [56 bytes]","args":[{"element-6066-11e4-a52e-4f735466cecf":"f.20E1EB2F6CB099DCC75CCCE897A671A3.d.34787C210276000C815A054CA15C9D21.e.6529","ELEMENT":"f.20E1EB2F6CB099DCC75CCCE897A671A3.d.34787C210276000C815A054CA15C9D21.e.6529"}]}
COMMAND: POST /session/42302a9ea49feb79903a3467d1524afa/element - {"using":"xpath","value":"//div[contains(@id, \"smartFilterBar-btnBasicSearch-reset\")]"}
COMMAND: GET /session/42302a9ea49feb79903a3467d1524afa/screenshot - {}
RESULT: {"using":"xpath","value":"//div[contains(@id, \"smartFilterBar-btnBasicSearch-reset\")]"}
COMMAND: POST /session/42302a9ea49feb79903a3467d1524afa/element/f.20E1EB2F6CB099DCC75CCCE897A671A3.d.34787C210276000C815A054CA15C9D21.e.5576/click - {}
RESULT: {}
RESULT: {}
COMMAND: GET /session/42302a9ea49feb79903a3467d1524afa/screenshot - {}
RESULT: {}
RESULT: undefined
COMMAND: POST /session/42302a9ea49feb79903a3467d1524afa/execute/async - {"script":"<script> [776 bytes]","args":[{"enterText":"200378","selector":{"id":"application-ruinventorylist-display-component---Master--smartFilterBar-btnBasicSearch","interaction":{"idSuffix":"I"}},"clearTextFirst":true,"interactionType":"ENTER_TEXT"}]}
RESULT: {"script":"<script> [776 bytes]","args":[{"enterText":"200378","selector":{"id":"application-ruinventorylist-display-component---Master--smartFilterBar-btnBasicSearch","interaction":{"idSuffix":"I"}},"clearTextFirst":true,"interactionType":"ENTER_TEXT"}]}
COMMAND: POST /session/42302a9ea49feb79903a3467d1524afa/actions - {"actions":[{"id":"action30","type":"key","parameters":{},"actions":[{"type":"keyDown","value":""},{"type":"pause","duration":10},{"type":"keyUp","value":""}]}]}
RESULT: {"actions":[{"id":"action30","type":"key","parameters":{},"actions":[{"type":"keyDown","value":""},{"type":"pause","duration":10},{"type":"keyUp","value":""}]}]}
COMMAND: GET /session/42302a9ea49feb79903a3467d1524afa/screenshot - {}
RESULT: {}
COMMAND: POST /session/42302a9ea49feb79903a3467d1524afa/element - {"using":"xpath","value":"//span[@id=\"application-ruinventorylist-display-component---Master--smartTableRuInventoryList-header-inner\"]"}
RESULT: {"using":"xpath","value":"//span[@id=\"application-ruinventorylist-display-component---Master--smartTableRuInventoryList-header-inner\"]"}
COMMAND: POST /session/42302a9ea49feb79903a3467d1524afa/elements - {"using":"xpath","value":"//span[@id=\"application-ruinventorylist-display-component---Master--smartTableRuInventoryList-header-inner\"]"}
RESULT: {"using":"xpath","value":"//span[@id=\"application-ruinventorylist-display-component---Master--smartTableRuInventoryList-header-inner\"]"}
COMMAND: POST /session/42302a9ea49feb79903a3467d1524afa/execute/sync - {"script":"<script> [56 bytes]","args":[{"element-6066-11e4-a52e-4f735466cecf":"f.20E1EB2F6CB099DCC75CCCE897A671A3.d.34787C210276000C815A054CA15C9D21.e.5560","ELEMENT":"f.20E1EB2F6CB099DCC75CCCE897A671A3.d.34787C210276000C815A054CA15C9D21.e.5560"}]}
RESULT: {"script":"<script> [56 bytes]","args":[{"element-6066-11e4-a52e-4f735466cecf":"f.20E1EB2F6CB099DCC75CCCE897A671A3.d.34787C210276000C815A054CA15C9D21.e.5560","ELEMENT":"f.20E1EB2F6CB099DCC75CCCE897A671A3.d.34787C210276000C815A054CA15C9D21.e.5560"}]}
COMMAND: POST /session/42302a9ea49feb79903a3467d1524afa/element - {"using":"xpath","value":"//table[contains(@id, \"application-ruinventorylist-display-component---Master--tableRuInventoryList-listUl\")]/tbody/tr[1]/td[6]/div/span"}
COMMAND: GET /session/42302a9ea49feb79903a3467d1524afa/screenshot - {}
RESULT: {"using":"xpath","value":"//table[contains(@id, \"application-ruinventorylist-display-component---Master--tableRuInventoryList-listUl\")]/tbody/tr[1]/td[6]/div/span"}
COMMAND: POST /session/42302a9ea49feb79903a3467d1524afa/execute/sync - {"script":"<script> [56 bytes]","args":[{"element-6066-11e4-a52e-4f735466cecf":"f.20E1EB2F6CB099DCC75CCCE897A671A3.d.34787C210276000C815A054CA15C9D21.e.6621","ELEMENT":"f.20E1EB2F6CB099DCC75CCCE897A671A3.d.34787C210276000C815A054CA15C9D21.e.6621"}]}
RESULT: {}
RESULT: {"script":"<script> [56 bytes]","args":[{"element-6066-11e4-a52e-4f735466cecf":"f.20E1EB2F6CB099DCC75CCCE897A671A3.d.34787C210276000C815A054CA15C9D21.e.6621","ELEMENT":"f.20E1EB2F6CB099DCC75CCCE897A671A3.d.34787C210276000C815A054CA15C9D21.e.6621"}]}
COMMAND: POST /session/42302a9ea49feb79903a3467d1524afa/element - {"using":"xpath","value":"//div[contains(@id, \"smartFilterBar-btnBasicSearch-reset\")]"}
COMMAND: GET /session/42302a9ea49feb79903a3467d1524afa/screenshot - {}
RESULT: {"using":"xpath","value":"//div[contains(@id, \"smartFilterBar-btnBasicSearch-reset\")]"}
COMMAND: POST /session/42302a9ea49feb79903a3467d1524afa/element/f.20E1EB2F6CB099DCC75CCCE897A671A3.d.34787C210276000C815A054CA15C9D21.e.5576/click - {}
RESULT: {}
RESULT: {}
COMMAND: GET /session/42302a9ea49feb79903a3467d1524afa/screenshot - {}
RESULT: {}
COMMAND: POST /session/42302a9ea49feb79903a3467d1524afa/element/f.20E1EB2F6CB099DCC75CCCE897A671A3.d.34787C210276000C815A054CA15C9D21.e.4980/click - {}
RESULT: {}
COMMAND: GET /session/42302a9ea49feb79903a3467d1524afa/screenshot - {}
RESULT: {}
RESULT: undefined
COMMAND: POST /session/42302a9ea49feb79903a3467d1524afa/execute/async - {"script":"<script> [776 bytes]","args":[{"enterText":"600002","selector":{"id":"application-ruinventorylist-display-component---Master--smartFilterBar-btnBasicSearch","interaction":{"idSuffix":"I"}},"clearTextFirst":true,"interactionType":"ENTER_TEXT"}]}
RESULT: {"script":"<script> [776 bytes]","args":[{"enterText":"600002","selector":{"id":"application-ruinventorylist-display-component---Master--smartFilterBar-btnBasicSearch","interaction":{"idSuffix":"I"}},"clearTextFirst":true,"interactionType":"ENTER_TEXT"}]}
COMMAND: POST /session/42302a9ea49feb79903a3467d1524afa/actions - {"actions":[{"id":"action31","type":"key","parameters":{},"actions":[{"type":"keyDown","value":""},{"type":"pause","duration":10},{"type":"keyUp","value":""}]}]}
RESULT: {"actions":[{"id":"action31","type":"key","parameters":{},"actions":[{"type":"keyDown","value":""},{"type":"pause","duration":10},{"type":"keyUp","value":""}]}]}
COMMAND: GET /session/42302a9ea49feb79903a3467d1524afa/screenshot - {}
RESULT: {}
COMMAND: POST /session/42302a9ea49feb79903a3467d1524afa/element - {"using":"xpath","value":"//span[@id=\"application-ruinventorylist-display-component---Master--smartTableRuInventoryList-header-inner\"]"}
RESULT: {"using":"xpath","value":"//span[@id=\"application-ruinventorylist-display-component---Master--smartTableRuInventoryList-header-inner\"]"}
COMMAND: POST /session/42302a9ea49feb79903a3467d1524afa/elements - {"using":"xpath","value":"//span[@id=\"application-ruinventorylist-display-component---Master--smartTableRuInventoryList-header-inner\"]"}
RESULT: {"using":"xpath","value":"//span[@id=\"application-ruinventorylist-display-component---Master--smartTableRuInventoryList-header-inner\"]"}
COMMAND: POST /session/42302a9ea49feb79903a3467d1524afa/execute/sync - {"script":"<script> [56 bytes]","args":[{"element-6066-11e4-a52e-4f735466cecf":"f.20E1EB2F6CB099DCC75CCCE897A671A3.d.34787C210276000C815A054CA15C9D21.e.5560","ELEMENT":"f.20E1EB2F6CB099DCC75CCCE897A671A3.d.34787C210276000C815A054CA15C9D21.e.5560"}]}
RESULT: {"script":"<script> [56 bytes]","args":[{"element-6066-11e4-a52e-4f735466cecf":"f.20E1EB2F6CB099DCC75CCCE897A671A3.d.34787C210276000C815A054CA15C9D21.e.5560","ELEMENT":"f.20E1EB2F6CB099DCC75CCCE897A671A3.d.34787C210276000C815A054CA15C9D21.e.5560"}]}
COMMAND: POST /session/42302a9ea49feb79903a3467d1524afa/element - {"using":"xpath","value":"//table[contains(@id, \"application-ruinventorylist-display-component---Master--tableRuInventoryList-listUl\")]/tbody/tr[1]/td[2]/div/div"}
COMMAND: GET /session/42302a9ea49feb79903a3467d1524afa/screenshot - {}
RESULT: {"using":"xpath","value":"//table[contains(@id, \"application-ruinventorylist-display-component---Master--tableRuInventoryList-listUl\")]/tbody/tr[1]/td[2]/div/div"}
COMMAND: POST /session/42302a9ea49feb79903a3467d1524afa/element/f.20E1EB2F6CB099DCC75CCCE897A671A3.d.34787C210276000C815A054CA15C9D21.e.6891/click - {}
RESULT: {}
RESULT: {}
COMMAND: GET /session/42302a9ea49feb79903a3467d1524afa/screenshot - {}
RESULT: {}
COMMAND: POST /session/42302a9ea49feb79903a3467d1524afa/element - {"using":"xpath","value":"//div[contains(@id, \"smartFilterBar-btnBasicSearch-reset\")]"}
RESULT: {"using":"xpath","value":"//div[contains(@id, \"smartFilterBar-btnBasicSearch-reset\")]"}
COMMAND: POST /session/42302a9ea49feb79903a3467d1524afa/element/f.20E1EB2F6CB099DCC75CCCE897A671A3.d.34787C210276000C815A054CA15C9D21.e.5576/click - {}
RESULT: {}
COMMAND: GET /session/42302a9ea49feb79903a3467d1524afa/screenshot - {}
RESULT: {}
RESULT: undefined
COMMAND: POST /session/42302a9ea49feb79903a3467d1524afa/execute/async - {"script":"<script> [776 bytes]","args":[{"enterText":"401002","selector":{"id":"application-ruinventorylist-display-component---Master--smartFilterBar-btnBasicSearch","interaction":{"idSuffix":"I"}},"clearTextFirst":true,"interactionType":"ENTER_TEXT"}]}
RESULT: {"script":"<script> [776 bytes]","args":[{"enterText":"401002","selector":{"id":"application-ruinventorylist-display-component---Master--smartFilterBar-btnBasicSearch","interaction":{"idSuffix":"I"}},"clearTextFirst":true,"interactionType":"ENTER_TEXT"}]}
COMMAND: POST /session/42302a9ea49feb79903a3467d1524afa/actions - {"actions":[{"id":"action32","type":"key","parameters":{},"actions":[{"type":"keyDown","value":""},{"type":"pause","duration":10},{"type":"keyUp","value":""}]}]}
RESULT: {"actions":[{"id":"action32","type":"key","parameters":{},"actions":[{"type":"keyDown","value":""},{"type":"pause","duration":10},{"type":"keyUp","value":""}]}]}
COMMAND: GET /session/42302a9ea49feb79903a3467d1524afa/screenshot - {}
RESULT: {}
COMMAND: POST /session/42302a9ea49feb79903a3467d1524afa/element - {"using":"xpath","value":"//span[@id=\"application-ruinventorylist-display-component---Master--smartTableRuInventoryList-header-inner\"]"}
RESULT: {"using":"xpath","value":"//span[@id=\"application-ruinventorylist-display-component---Master--smartTableRuInventoryList-header-inner\"]"}
COMMAND: POST /session/42302a9ea49feb79903a3467d1524afa/elements - {"using":"xpath","value":"//span[@id=\"application-ruinventorylist-display-component---Master--smartTableRuInventoryList-header-inner\"]"}
RESULT: {"using":"xpath","value":"//span[@id=\"application-ruinventorylist-display-component---Master--smartTableRuInventoryList-header-inner\"]"}
COMMAND: POST /session/42302a9ea49feb79903a3467d1524afa/execute/sync - {"script":"<script> [56 bytes]","args":[{"element-6066-11e4-a52e-4f735466cecf":"f.20E1EB2F6CB099DCC75CCCE897A671A3.d.34787C210276000C815A054CA15C9D21.e.5560","ELEMENT":"f.20E1EB2F6CB099DCC75CCCE897A671A3.d.34787C210276000C815A054CA15C9D21.e.5560"}]}
RESULT: {"script":"<script> [56 bytes]","args":[{"element-6066-11e4-a52e-4f735466cecf":"f.20E1EB2F6CB099DCC75CCCE897A671A3.d.34787C210276000C815A054CA15C9D21.e.5560","ELEMENT":"f.20E1EB2F6CB099DCC75CCCE897A671A3.d.34787C210276000C815A054CA15C9D21.e.5560"}]}
COMMAND: POST /session/42302a9ea49feb79903a3467d1524afa/element - {"using":"xpath","value":"//table[contains(@id, \"application-ruinventorylist-display-component---Master--tableRuInventoryList-listUl\")]/tbody/tr[1]/td[2]/div/div"}
COMMAND: GET /session/42302a9ea49feb79903a3467d1524afa/screenshot - {}
RESULT: {"using":"xpath","value":"//table[contains(@id, \"application-ruinventorylist-display-component---Master--tableRuInventoryList-listUl\")]/tbody/tr[1]/td[2]/div/div"}
COMMAND: POST /session/42302a9ea49feb79903a3467d1524afa/element/f.20E1EB2F6CB099DCC75CCCE897A671A3.d.34787C210276000C815A054CA15C9D21.e.7060/click - {}
RESULT: {}
RESULT: {}
COMMAND: GET /session/42302a9ea49feb79903a3467d1524afa/screenshot - {}
RESULT: {}
COMMAND: POST /session/42302a9ea49feb79903a3467d1524afa/element - {"using":"xpath","value":"//div[contains(@id, \"smartFilterBar-btnBasicSearch-reset\")]"}
RESULT: {"using":"xpath","value":"//div[contains(@id, \"smartFilterBar-btnBasicSearch-reset\")]"}
COMMAND: POST /session/42302a9ea49feb79903a3467d1524afa/element/f.20E1EB2F6CB099DCC75CCCE897A671A3.d.34787C210276000C815A054CA15C9D21.e.5576/click - {}
RESULT: {}
COMMAND: GET /session/42302a9ea49feb79903a3467d1524afa/screenshot - {}
RESULT: {}
RESULT: undefined
COMMAND: POST /session/42302a9ea49feb79903a3467d1524afa/execute/async - {"script":"<script> [776 bytes]","args":[{"enterText":"36kUtG37cM","selector":{"id":"application-ruinventorylist-display-component---Master--smartFilterBar-btnBasicSearch","interaction":{"idSuffix":"I"}},"clearTextFirst":true,"interactionType":"ENTER_TEXT"}]}
RESULT: {"script":"<script> [776 bytes]","args":[{"enterText":"36kUtG37cM","selector":{"id":"application-ruinventorylist-display-component---Master--smartFilterBar-btnBasicSearch","interaction":{"idSuffix":"I"}},"clearTextFirst":true,"interactionType":"ENTER_TEXT"}]}
COMMAND: POST /session/42302a9ea49feb79903a3467d1524afa/actions - {"actions":[{"id":"action33","type":"key","parameters":{},"actions":[{"type":"keyDown","value":""},{"type":"pause","duration":10},{"type":"keyUp","value":""}]}]}
RESULT: {"actions":[{"id":"action33","type":"key","parameters":{},"actions":[{"type":"keyDown","value":""},{"type":"pause","duration":10},{"type":"keyUp","value":""}]}]}
COMMAND: GET /session/42302a9ea49feb79903a3467d1524afa/screenshot - {}
RESULT: {}
COMMAND: POST /session/42302a9ea49feb79903a3467d1524afa/element - {"using":"xpath","value":"//span[@id=\"application-ruinventorylist-display-component---Master--smartTableRuInventoryList-header-inner\"]"}
RESULT: {"using":"xpath","value":"//span[@id=\"application-ruinventorylist-display-component---Master--smartTableRuInventoryList-header-inner\"]"}
COMMAND: POST /session/42302a9ea49feb79903a3467d1524afa/elements - {"using":"xpath","value":"//span[@id=\"application-ruinventorylist-display-component---Master--smartTableRuInventoryList-header-inner\"]"}
RESULT: {"using":"xpath","value":"//span[@id=\"application-ruinventorylist-display-component---Master--smartTableRuInventoryList-header-inner\"]"}
COMMAND: POST /session/42302a9ea49feb79903a3467d1524afa/execute/sync - {"script":"<script> [56 bytes]","args":[{"element-6066-11e4-a52e-4f735466cecf":"f.20E1EB2F6CB099DCC75CCCE897A671A3.d.34787C210276000C815A054CA15C9D21.e.5560","ELEMENT":"f.20E1EB2F6CB099DCC75CCCE897A671A3.d.34787C210276000C815A054CA15C9D21.e.5560"}]}
RESULT: {"script":"<script> [56 bytes]","args":[{"element-6066-11e4-a52e-4f735466cecf":"f.20E1EB2F6CB099DCC75CCCE897A671A3.d.34787C210276000C815A054CA15C9D21.e.5560","ELEMENT":"f.20E1EB2F6CB099DCC75CCCE897A671A3.d.34787C210276000C815A054CA15C9D21.e.5560"}]}
COMMAND: POST /session/42302a9ea49feb79903a3467d1524afa/element - {"using":"xpath","value":"//table[contains(@id, \"application-ruinventorylist-display-component---Master--tableRuInventoryList-listUl\")]/tbody/tr[1]/td[2]/div/div"}
COMMAND: GET /session/42302a9ea49feb79903a3467d1524afa/screenshot - {}
RESULT: {"using":"xpath","value":"//table[contains(@id, \"application-ruinventorylist-display-component---Master--tableRuInventoryList-listUl\")]/tbody/tr[1]/td[2]/div/div"}
COMMAND: POST /session/42302a9ea49feb79903a3467d1524afa/element/f.20E1EB2F6CB099DCC75CCCE897A671A3.d.34787C210276000C815A054CA15C9D21.e.7226/click - {}
RESULT: {}
RESULT: {}
COMMAND: GET /session/42302a9ea49feb79903a3467d1524afa/screenshot - {}
RESULT: {}
COMMAND: POST /session/42302a9ea49feb79903a3467d1524afa/element - {"using":"xpath","value":"//div[contains(@id, \"smartFilterBar-btnBasicSearch-reset\")]"}
RESULT: {"using":"xpath","value":"//div[contains(@id, \"smartFilterBar-btnBasicSearch-reset\")]"}
COMMAND: POST /session/42302a9ea49feb79903a3467d1524afa/element/f.20E1EB2F6CB099DCC75CCCE897A671A3.d.34787C210276000C815A054CA15C9D21.e.5576/click - {}
RESULT: {}
COMMAND: GET /session/42302a9ea49feb79903a3467d1524afa/screenshot - {}
RESULT: {}
RESULT: undefined
COMMAND: POST /session/42302a9ea49feb79903a3467d1524afa/execute/async - {"script":"<script> [776 bytes]","args":[{"enterText":"200378","selector":{"id":"application-ruinventorylist-display-component---Master--smartFilterBar-btnBasicSearch","interaction":{"idSuffix":"I"}},"clearTextFirst":true,"interactionType":"ENTER_TEXT"}]}
RESULT: {"script":"<script> [776 bytes]","args":[{"enterText":"200378","selector":{"id":"application-ruinventorylist-display-component---Master--smartFilterBar-btnBasicSearch","interaction":{"idSuffix":"I"}},"clearTextFirst":true,"interactionType":"ENTER_TEXT"}]}
COMMAND: POST /session/42302a9ea49feb79903a3467d1524afa/actions - {"actions":[{"id":"action34","type":"key","parameters":{},"actions":[{"type":"keyDown","value":""},{"type":"pause","duration":10},{"type":"keyUp","value":""}]}]}
RESULT: {"actions":[{"id":"action34","type":"key","parameters":{},"actions":[{"type":"keyDown","value":""},{"type":"pause","duration":10},{"type":"keyUp","value":""}]}]}
COMMAND: GET /session/42302a9ea49feb79903a3467d1524afa/screenshot - {}
RESULT: {}
COMMAND: POST /session/42302a9ea49feb79903a3467d1524afa/element - {"using":"xpath","value":"//span[@id=\"application-ruinventorylist-display-component---Master--smartTableRuInventoryList-header-inner\"]"}
RESULT: {"using":"xpath","value":"//span[@id=\"application-ruinventorylist-display-component---Master--smartTableRuInventoryList-header-inner\"]"}
COMMAND: POST /session/42302a9ea49feb79903a3467d1524afa/elements - {"using":"xpath","value":"//span[@id=\"application-ruinventorylist-display-component---Master--smartTableRuInventoryList-header-inner\"]"}
RESULT: {"using":"xpath","value":"//span[@id=\"application-ruinventorylist-display-component---Master--smartTableRuInventoryList-header-inner\"]"}
COMMAND: POST /session/42302a9ea49feb79903a3467d1524afa/execute/sync - {"script":"<script> [56 bytes]","args":[{"element-6066-11e4-a52e-4f735466cecf":"f.20E1EB2F6CB099DCC75CCCE897A671A3.d.34787C210276000C815A054CA15C9D21.e.5560","ELEMENT":"f.20E1EB2F6CB099DCC75CCCE897A671A3.d.34787C210276000C815A054CA15C9D21.e.5560"}]}
RESULT: {"script":"<script> [56 bytes]","args":[{"element-6066-11e4-a52e-4f735466cecf":"f.20E1EB2F6CB099DCC75CCCE897A671A3.d.34787C210276000C815A054CA15C9D21.e.5560","ELEMENT":"f.20E1EB2F6CB099DCC75CCCE897A671A3.d.34787C210276000C815A054CA15C9D21.e.5560"}]}
COMMAND: POST /session/42302a9ea49feb79903a3467d1524afa/element - {"using":"xpath","value":"//table[contains(@id, \"application-ruinventorylist-display-component---Master--tableRuInventoryList-listUl\")]/tbody/tr[1]/td[2]/div/div"}
COMMAND: GET /session/42302a9ea49feb79903a3467d1524afa/screenshot - {}
RESULT: {"using":"xpath","value":"//table[contains(@id, \"application-ruinventorylist-display-component---Master--tableRuInventoryList-listUl\")]/tbody/tr[1]/td[2]/div/div"}
COMMAND: POST /session/42302a9ea49feb79903a3467d1524afa/element/f.20E1EB2F6CB099DCC75CCCE897A671A3.d.34787C210276000C815A054CA15C9D21.e.7391/click - {}
RESULT: {}
RESULT: {}
COMMAND: GET /session/42302a9ea49feb79903a3467d1524afa/screenshot - {}
RESULT: {}
COMMAND: POST /session/42302a9ea49feb79903a3467d1524afa/element - {"using":"xpath","value":"//div[contains(@id, \"smartFilterBar-btnBasicSearch-reset\")]"}
RESULT: {"using":"xpath","value":"//div[contains(@id, \"smartFilterBar-btnBasicSearch-reset\")]"}
COMMAND: POST /session/42302a9ea49feb79903a3467d1524afa/element/f.20E1EB2F6CB099DCC75CCCE897A671A3.d.34787C210276000C815A054CA15C9D21.e.5576/click - {}
RESULT: {}
COMMAND: GET /session/42302a9ea49feb79903a3467d1524afa/screenshot - {}
RESULT: {}
COMMAND: POST /session/42302a9ea49feb79903a3467d1524afa/element/f.20E1EB2F6CB099DCC75CCCE897A671A3.d.34787C210276000C815A054CA15C9D21.e.4980/click - {}
RESULT: {}
COMMAND: GET /session/42302a9ea49feb79903a3467d1524afa/screenshot - {}
RESULT: {}
RESULT: undefined
COMMAND: POST /session/42302a9ea49feb79903a3467d1524afa/element - {"using":"xpath","value":"//*[@id=\"application-ruinventorylist-display-component---Master--ruStateTypes-arrow\"]"}
RESULT: {"using":"xpath","value":"//*[@id=\"application-ruinventorylist-display-component---Master--ruStateTypes-arrow\"]"}
COMMAND: POST /session/42302a9ea49feb79903a3467d1524afa/element/f.20E1EB2F6CB099DCC75CCCE897A671A3.d.34787C210276000C815A054CA15C9D21.e.7578/click - {}
RESULT: {}
COMMAND: GET /session/42302a9ea49feb79903a3467d1524afa/screenshot - {}
RESULT: {}
COMMAND: POST /session/42302a9ea49feb79903a3467d1524afa/element - {"using":"xpath","value":"//li[.//span[text()=\"available\"]]"}
RESULT: {"using":"xpath","value":"//li[.//span[text()=\"available\"]]"}
COMMAND: POST /session/42302a9ea49feb79903a3467d1524afa/element/f.20E1EB2F6CB099DCC75CCCE897A671A3.d.34787C210276000C815A054CA15C9D21.e.7579/click - {}
RESULT: {}
COMMAND: GET /session/42302a9ea49feb79903a3467d1524afa/screenshot - {}
RESULT: {}
COMMAND: POST /session/42302a9ea49feb79903a3467d1524afa/element - {"using":"xpath","value":"(//bdi[contains(text(), \"OK\")])[1]"}
RESULT: {"using":"xpath","value":"(//bdi[contains(text(), \"OK\")])[1]"}
COMMAND: POST /session/42302a9ea49feb79903a3467d1524afa/element/f.20E1EB2F6CB099DCC75CCCE897A671A3.d.34787C210276000C815A054CA15C9D21.e.7580/click - {}
RESULT: {}
COMMAND: GET /session/42302a9ea49feb79903a3467d1524afa/screenshot - {}
RESULT: {}
COMMAND: POST /session/42302a9ea49feb79903a3467d1524afa/element - {"using":"xpath","value":"(//bdi[contains(text(), \"OK\")])[2]"}
RESULT: {"using":"xpath","value":"(//bdi[contains(text(), \"OK\")])[2]"}
COMMAND: POST /session/42302a9ea49feb79903a3467d1524afa/element/f.20E1EB2F6CB099DCC75CCCE897A671A3.d.34787C210276000C815A054CA15C9D21.e.7584/click - {}
RESULT: {}
COMMAND: GET /session/42302a9ea49feb79903a3467d1524afa/screenshot - {}
RESULT: {}
RESULT: undefined
COMMAND: POST /session/42302a9ea49feb79903a3467d1524afa/execute/async - {"script":"<script> [776 bytes]","args":[{"enterText":"600002","selector":{"id":"application-ruinventorylist-display-component---Master--smartFilterBar-btnBasicSearch","interaction":{"idSuffix":"I"}},"clearTextFirst":true,"interactionType":"ENTER_TEXT"}]}
RESULT: {"script":"<script> [776 bytes]","args":[{"enterText":"600002","selector":{"id":"application-ruinventorylist-display-component---Master--smartFilterBar-btnBasicSearch","interaction":{"idSuffix":"I"}},"clearTextFirst":true,"interactionType":"ENTER_TEXT"}]}
COMMAND: POST /session/42302a9ea49feb79903a3467d1524afa/actions - {"actions":[{"id":"action35","type":"key","parameters":{},"actions":[{"type":"keyDown","value":""},{"type":"pause","duration":10},{"type":"keyUp","value":""}]}]}
RESULT: {"actions":[{"id":"action35","type":"key","parameters":{},"actions":[{"type":"keyDown","value":""},{"type":"pause","duration":10},{"type":"keyUp","value":""}]}]}
COMMAND: GET /session/42302a9ea49feb79903a3467d1524afa/screenshot - {}
RESULT: {}
COMMAND: POST /session/42302a9ea49feb79903a3467d1524afa/element - {"using":"xpath","value":"//span[@id=\"application-ruinventorylist-display-component---Master--smartTableRuInventoryList-header-inner\"]"}
RESULT: {"using":"xpath","value":"//span[@id=\"application-ruinventorylist-display-component---Master--smartTableRuInventoryList-header-inner\"]"}
COMMAND: POST /session/42302a9ea49feb79903a3467d1524afa/elements - {"using":"xpath","value":"//span[@id=\"application-ruinventorylist-display-component---Master--smartTableRuInventoryList-header-inner\"]"}
RESULT: {"using":"xpath","value":"//span[@id=\"application-ruinventorylist-display-component---Master--smartTableRuInventoryList-header-inner\"]"}
COMMAND: POST /session/42302a9ea49feb79903a3467d1524afa/execute/sync - {"script":"<script> [56 bytes]","args":[{"element-6066-11e4-a52e-4f735466cecf":"f.20E1EB2F6CB099DCC75CCCE897A671A3.d.34787C210276000C815A054CA15C9D21.e.5560","ELEMENT":"f.20E1EB2F6CB099DCC75CCCE897A671A3.d.34787C210276000C815A054CA15C9D21.e.5560"}]}
RESULT: {"script":"<script> [56 bytes]","args":[{"element-6066-11e4-a52e-4f735466cecf":"f.20E1EB2F6CB099DCC75CCCE897A671A3.d.34787C210276000C815A054CA15C9D21.e.5560","ELEMENT":"f.20E1EB2F6CB099DCC75CCCE897A671A3.d.34787C210276000C815A054CA15C9D21.e.5560"}]}
COMMAND: POST /session/42302a9ea49feb79903a3467d1524afa/element - {"using":"xpath","value":"//table[contains(@id, \"application-ruinventorylist-display-component---Master--tableRuInventoryList-listUl\")]/tbody/tr[1]/td[6]/div/span"}
COMMAND: GET /session/42302a9ea49feb79903a3467d1524afa/screenshot - {}
RESULT: {"using":"xpath","value":"//table[contains(@id, \"application-ruinventorylist-display-component---Master--tableRuInventoryList-listUl\")]/tbody/tr[1]/td[6]/div/span"}
COMMAND: POST /session/42302a9ea49feb79903a3467d1524afa/execute/sync - {"script":"<script> [56 bytes]","args":[{"element-6066-11e4-a52e-4f735466cecf":"f.20E1EB2F6CB099DCC75CCCE897A671A3.d.34787C210276000C815A054CA15C9D21.e.7606","ELEMENT":"f.20E1EB2F6CB099DCC75CCCE897A671A3.d.34787C210276000C815A054CA15C9D21.e.7606"}]}
RESULT: {}
RESULT: {"script":"<script> [56 bytes]","args":[{"element-6066-11e4-a52e-4f735466cecf":"f.20E1EB2F6CB099DCC75CCCE897A671A3.d.34787C210276000C815A054CA15C9D21.e.7606","ELEMENT":"f.20E1EB2F6CB099DCC75CCCE897A671A3.d.34787C210276000C815A054CA15C9D21.e.7606"}]}
COMMAND: POST /session/42302a9ea49feb79903a3467d1524afa/element - {"using":"xpath","value":"//div[contains(@id, \"smartFilterBar-btnBasicSearch-reset\")]"}
COMMAND: GET /session/42302a9ea49feb79903a3467d1524afa/screenshot - {}
RESULT: {"using":"xpath","value":"//div[contains(@id, \"smartFilterBar-btnBasicSearch-reset\")]"}
COMMAND: POST /session/42302a9ea49feb79903a3467d1524afa/element/f.20E1EB2F6CB099DCC75CCCE897A671A3.d.34787C210276000C815A054CA15C9D21.e.5576/click - {}
RESULT: {}
RESULT: {}
COMMAND: GET /session/42302a9ea49feb79903a3467d1524afa/screenshot - {}
RESULT: {}
RESULT: undefined
COMMAND: POST /session/42302a9ea49feb79903a3467d1524afa/execute/async - {"script":"<script> [776 bytes]","args":[{"enterText":"401002","selector":{"id":"application-ruinventorylist-display-component---Master--smartFilterBar-btnBasicSearch","interaction":{"idSuffix":"I"}},"clearTextFirst":true,"interactionType":"ENTER_TEXT"}]}
RESULT: {"script":"<script> [776 bytes]","args":[{"enterText":"401002","selector":{"id":"application-ruinventorylist-display-component---Master--smartFilterBar-btnBasicSearch","interaction":{"idSuffix":"I"}},"clearTextFirst":true,"interactionType":"ENTER_TEXT"}]}
COMMAND: POST /session/42302a9ea49feb79903a3467d1524afa/actions - {"actions":[{"id":"action36","type":"key","parameters":{},"actions":[{"type":"keyDown","value":""},{"type":"pause","duration":10},{"type":"keyUp","value":""}]}]}
RESULT: {"actions":[{"id":"action36","type":"key","parameters":{},"actions":[{"type":"keyDown","value":""},{"type":"pause","duration":10},{"type":"keyUp","value":""}]}]}
COMMAND: GET /session/42302a9ea49feb79903a3467d1524afa/screenshot - {}
RESULT: {}
COMMAND: POST /session/42302a9ea49feb79903a3467d1524afa/element - {"using":"xpath","value":"//span[@id=\"application-ruinventorylist-display-component---Master--smartTableRuInventoryList-header-inner\"]"}
RESULT: {"using":"xpath","value":"//span[@id=\"application-ruinventorylist-display-component---Master--smartTableRuInventoryList-header-inner\"]"}
COMMAND: POST /session/42302a9ea49feb79903a3467d1524afa/elements - {"using":"xpath","value":"//span[@id=\"application-ruinventorylist-display-component---Master--smartTableRuInventoryList-header-inner\"]"}
RESULT: {"using":"xpath","value":"//span[@id=\"application-ruinventorylist-display-component---Master--smartTableRuInventoryList-header-inner\"]"}
COMMAND: POST /session/42302a9ea49feb79903a3467d1524afa/execute/sync - {"script":"<script> [56 bytes]","args":[{"element-6066-11e4-a52e-4f735466cecf":"f.20E1EB2F6CB099DCC75CCCE897A671A3.d.34787C210276000C815A054CA15C9D21.e.5560","ELEMENT":"f.20E1EB2F6CB099DCC75CCCE897A671A3.d.34787C210276000C815A054CA15C9D21.e.5560"}]}
RESULT: {"script":"<script> [56 bytes]","args":[{"element-6066-11e4-a52e-4f735466cecf":"f.20E1EB2F6CB099DCC75CCCE897A671A3.d.34787C210276000C815A054CA15C9D21.e.5560","ELEMENT":"f.20E1EB2F6CB099DCC75CCCE897A671A3.d.34787C210276000C815A054CA15C9D21.e.5560"}]}
COMMAND: POST /session/42302a9ea49feb79903a3467d1524afa/element - {"using":"xpath","value":"//table[contains(@id, \"application-ruinventorylist-display-component---Master--tableRuInventoryList-listUl\")]/tbody/tr[1]/td[6]/div/span"}
COMMAND: GET /session/42302a9ea49feb79903a3467d1524afa/screenshot - {}
RESULT: {"using":"xpath","value":"//table[contains(@id, \"application-ruinventorylist-display-component---Master--tableRuInventoryList-listUl\")]/tbody/tr[1]/td[6]/div/span"}
COMMAND: POST /session/42302a9ea49feb79903a3467d1524afa/execute/sync - {"script":"<script> [56 bytes]","args":[{"element-6066-11e4-a52e-4f735466cecf":"f.20E1EB2F6CB099DCC75CCCE897A671A3.d.34787C210276000C815A054CA15C9D21.e.7698","ELEMENT":"f.20E1EB2F6CB099DCC75CCCE897A671A3.d.34787C210276000C815A054CA15C9D21.e.7698"}]}
RESULT: {}
RESULT: {"script":"<script> [56 bytes]","args":[{"element-6066-11e4-a52e-4f735466cecf":"f.20E1EB2F6CB099DCC75CCCE897A671A3.d.34787C210276000C815A054CA15C9D21.e.7698","ELEMENT":"f.20E1EB2F6CB099DCC75CCCE897A671A3.d.34787C210276000C815A054CA15C9D21.e.7698"}]}
COMMAND: POST /session/42302a9ea49feb79903a3467d1524afa/element - {"using":"xpath","value":"//div[contains(@id, \"smartFilterBar-btnBasicSearch-reset\")]"}
COMMAND: GET /session/42302a9ea49feb79903a3467d1524afa/screenshot - {}
RESULT: {"using":"xpath","value":"//div[contains(@id, \"smartFilterBar-btnBasicSearch-reset\")]"}
COMMAND: POST /session/42302a9ea49feb79903a3467d1524afa/element/f.20E1EB2F6CB099DCC75CCCE897A671A3.d.34787C210276000C815A054CA15C9D21.e.5576/click - {}
RESULT: {}
RESULT: {}
COMMAND: GET /session/42302a9ea49feb79903a3467d1524afa/screenshot - {}
RESULT: {}
RESULT: undefined
COMMAND: POST /session/42302a9ea49feb79903a3467d1524afa/execute/async - {"script":"<script> [776 bytes]","args":[{"enterText":"36kUtG37cM","selector":{"id":"application-ruinventorylist-display-component---Master--smartFilterBar-btnBasicSearch","interaction":{"idSuffix":"I"}},"clearTextFirst":true,"interactionType":"ENTER_TEXT"}]}
RESULT: {"script":"<script> [776 bytes]","args":[{"enterText":"36kUtG37cM","selector":{"id":"application-ruinventorylist-display-component---Master--smartFilterBar-btnBasicSearch","interaction":{"idSuffix":"I"}},"clearTextFirst":true,"interactionType":"ENTER_TEXT"}]}
COMMAND: POST /session/42302a9ea49feb79903a3467d1524afa/actions - {"actions":[{"id":"action37","type":"key","parameters":{},"actions":[{"type":"keyDown","value":""},{"type":"pause","duration":10},{"type":"keyUp","value":""}]}]}
RESULT: {"actions":[{"id":"action37","type":"key","parameters":{},"actions":[{"type":"keyDown","value":""},{"type":"pause","duration":10},{"type":"keyUp","value":""}]}]}
COMMAND: GET /session/42302a9ea49feb79903a3467d1524afa/screenshot - {}
RESULT: {}
COMMAND: POST /session/42302a9ea49feb79903a3467d1524afa/element - {"using":"xpath","value":"//span[@id=\"application-ruinventorylist-display-component---Master--smartTableRuInventoryList-header-inner\"]"}
RESULT: {"using":"xpath","value":"//span[@id=\"application-ruinventorylist-display-component---Master--smartTableRuInventoryList-header-inner\"]"}
COMMAND: POST /session/42302a9ea49feb79903a3467d1524afa/elements - {"using":"xpath","value":"//span[@id=\"application-ruinventorylist-display-component---Master--smartTableRuInventoryList-header-inner\"]"}
RESULT: {"using":"xpath","value":"//span[@id=\"application-ruinventorylist-display-component---Master--smartTableRuInventoryList-header-inner\"]"}
COMMAND: POST /session/42302a9ea49feb79903a3467d1524afa/execute/sync - {"script":"<script> [56 bytes]","args":[{"element-6066-11e4-a52e-4f735466cecf":"f.20E1EB2F6CB099DCC75CCCE897A671A3.d.34787C210276000C815A054CA15C9D21.e.5560","ELEMENT":"f.20E1EB2F6CB099DCC75CCCE897A671A3.d.34787C210276000C815A054CA15C9D21.e.5560"}]}
RESULT: {"script":"<script> [56 bytes]","args":[{"element-6066-11e4-a52e-4f735466cecf":"f.20E1EB2F6CB099DCC75CCCE897A671A3.d.34787C210276000C815A054CA15C9D21.e.5560","ELEMENT":"f.20E1EB2F6CB099DCC75CCCE897A671A3.d.34787C210276000C815A054CA15C9D21.e.5560"}]}
COMMAND: POST /session/42302a9ea49feb79903a3467d1524afa/element - {"using":"xpath","value":"//table[contains(@id, \"application-ruinventorylist-display-component---Master--tableRuInventoryList-listUl\")]/tbody/tr[1]/td[6]/div/span"}
COMMAND: GET /session/42302a9ea49feb79903a3467d1524afa/screenshot - {}
RESULT: {"using":"xpath","value":"//table[contains(@id, \"application-ruinventorylist-display-component---Master--tableRuInventoryList-listUl\")]/tbody/tr[1]/td[6]/div/span"}
COMMAND: POST /session/42302a9ea49feb79903a3467d1524afa/execute/sync - {"script":"<script> [56 bytes]","args":[{"element-6066-11e4-a52e-4f735466cecf":"f.20E1EB2F6CB099DCC75CCCE897A671A3.d.34787C210276000C815A054CA15C9D21.e.7790","ELEMENT":"f.20E1EB2F6CB099DCC75CCCE897A671A3.d.34787C210276000C815A054CA15C9D21.e.7790"}]}
RESULT: {}
RESULT: {"script":"<script> [56 bytes]","args":[{"element-6066-11e4-a52e-4f735466cecf":"f.20E1EB2F6CB099DCC75CCCE897A671A3.d.34787C210276000C815A054CA15C9D21.e.7790","ELEMENT":"f.20E1EB2F6CB099DCC75CCCE897A671A3.d.34787C210276000C815A054CA15C9D21.e.7790"}]}
COMMAND: POST /session/42302a9ea49feb79903a3467d1524afa/element - {"using":"xpath","value":"//div[contains(@id, \"smartFilterBar-btnBasicSearch-reset\")]"}
COMMAND: GET /session/42302a9ea49feb79903a3467d1524afa/screenshot - {}
RESULT: {"using":"xpath","value":"//div[contains(@id, \"smartFilterBar-btnBasicSearch-reset\")]"}
COMMAND: POST /session/42302a9ea49feb79903a3467d1524afa/element/f.20E1EB2F6CB099DCC75CCCE897A671A3.d.34787C210276000C815A054CA15C9D21.e.5576/click - {}
RESULT: {}
RESULT: {}
COMMAND: GET /session/42302a9ea49feb79903a3467d1524afa/screenshot - {}
RESULT: {}
RESULT: undefined
COMMAND: POST /session/42302a9ea49feb79903a3467d1524afa/execute/async - {"script":"<script> [776 bytes]","args":[{"enterText":"200378","selector":{"id":"application-ruinventorylist-display-component---Master--smartFilterBar-btnBasicSearch","interaction":{"idSuffix":"I"}},"clearTextFirst":true,"interactionType":"ENTER_TEXT"}]}
RESULT: {"script":"<script> [776 bytes]","args":[{"enterText":"200378","selector":{"id":"application-ruinventorylist-display-component---Master--smartFilterBar-btnBasicSearch","interaction":{"idSuffix":"I"}},"clearTextFirst":true,"interactionType":"ENTER_TEXT"}]}
COMMAND: POST /session/42302a9ea49feb79903a3467d1524afa/actions - {"actions":[{"id":"action38","type":"key","parameters":{},"actions":[{"type":"keyDown","value":""},{"type":"pause","duration":10},{"type":"keyUp","value":""}]}]}
RESULT: {"actions":[{"id":"action38","type":"key","parameters":{},"actions":[{"type":"keyDown","value":""},{"type":"pause","duration":10},{"type":"keyUp","value":""}]}]}
COMMAND: GET /session/42302a9ea49feb79903a3467d1524afa/screenshot - {}
RESULT: {}
COMMAND: POST /session/42302a9ea49feb79903a3467d1524afa/element - {"using":"xpath","value":"//span[@id=\"application-ruinventorylist-display-component---Master--smartTableRuInventoryList-header-inner\"]"}
RESULT: {"using":"xpath","value":"//span[@id=\"application-ruinventorylist-display-component---Master--smartTableRuInventoryList-header-inner\"]"}
COMMAND: POST /session/42302a9ea49feb79903a3467d1524afa/elements - {"using":"xpath","value":"//span[@id=\"application-ruinventorylist-display-component---Master--smartTableRuInventoryList-header-inner\"]"}
RESULT: {"using":"xpath","value":"//span[@id=\"application-ruinventorylist-display-component---Master--smartTableRuInventoryList-header-inner\"]"}
COMMAND: POST /session/42302a9ea49feb79903a3467d1524afa/execute/sync - {"script":"<script> [56 bytes]","args":[{"element-6066-11e4-a52e-4f735466cecf":"f.20E1EB2F6CB099DCC75CCCE897A671A3.d.34787C210276000C815A054CA15C9D21.e.5560","ELEMENT":"f.20E1EB2F6CB099DCC75CCCE897A671A3.d.34787C210276000C815A054CA15C9D21.e.5560"}]}
RESULT: {"script":"<script> [56 bytes]","args":[{"element-6066-11e4-a52e-4f735466cecf":"f.20E1EB2F6CB099DCC75CCCE897A671A3.d.34787C210276000C815A054CA15C9D21.e.5560","ELEMENT":"f.20E1EB2F6CB099DCC75CCCE897A671A3.d.34787C210276000C815A054CA15C9D21.e.5560"}]}
COMMAND: POST /session/42302a9ea49feb79903a3467d1524afa/element - {"using":"xpath","value":"//table[contains(@id, \"application-ruinventorylist-display-component---Master--tableRuInventoryList-listUl\")]/tbody/tr[1]/td[6]/div/span"}
COMMAND: GET /session/42302a9ea49feb79903a3467d1524afa/screenshot - {}
RESULT: {"using":"xpath","value":"//table[contains(@id, \"application-ruinventorylist-display-component---Master--tableRuInventoryList-listUl\")]/tbody/tr[1]/td[6]/div/span"}
COMMAND: POST /session/42302a9ea49feb79903a3467d1524afa/execute/sync - {"script":"<script> [56 bytes]","args":[{"element-6066-11e4-a52e-4f735466cecf":"f.20E1EB2F6CB099DCC75CCCE897A671A3.d.34787C210276000C815A054CA15C9D21.e.7883","ELEMENT":"f.20E1EB2F6CB099DCC75CCCE897A671A3.d.34787C210276000C815A054CA15C9D21.e.7883"}]}
RESULT: {}
RESULT: {"script":"<script> [56 bytes]","args":[{"element-6066-11e4-a52e-4f735466cecf":"f.20E1EB2F6CB099DCC75CCCE897A671A3.d.34787C210276000C815A054CA15C9D21.e.7883","ELEMENT":"f.20E1EB2F6CB099DCC75CCCE897A671A3.d.34787C210276000C815A054CA15C9D21.e.7883"}]}
COMMAND: POST /session/42302a9ea49feb79903a3467d1524afa/element - {"using":"xpath","value":"//div[contains(@id, \"smartFilterBar-btnBasicSearch-reset\")]"}
COMMAND: GET /session/42302a9ea49feb79903a3467d1524afa/screenshot - {}
RESULT: {"using":"xpath","value":"//div[contains(@id, \"smartFilterBar-btnBasicSearch-reset\")]"}
COMMAND: POST /session/42302a9ea49feb79903a3467d1524afa/element/f.20E1EB2F6CB099DCC75CCCE897A671A3.d.34787C210276000C815A054CA15C9D21.e.5576/click - {}
RESULT: {}
RESULT: {}
COMMAND: GET /session/42302a9ea49feb79903a3467d1524afa/screenshot - {}
RESULT: {}
COMMAND: POST /session/42302a9ea49feb79903a3467d1524afa/element - {"using":"css selector","value":"#shell-header-logo"}
RESULT: {"using":"css selector","value":"#shell-header-logo"}
COMMAND: POST /session/42302a9ea49feb79903a3467d1524afa/element/f.20E1EB2F6CB099DCC75CCCE897A671A3.d.34787C210276000C815A054CA15C9D21.e.4944/click - {}
RESULT: {}
COMMAND: GET /session/42302a9ea49feb79903a3467d1524afa/screenshot - {}
RESULT: {}
COMMAND: DELETE /session/42302a9ea49feb79903a3467d1524afa - {}
RESULT: {}
]]></system-out>
    </testcase>
  </testsuite>
</testsuites>