<?xml version="1.0" encoding="UTF-8"?>
<testsuites tests="20" failures="2" errors="2" skipped="0">
  <testsuite timestamp="2025-05-13T15:19:16" time="56.515" tests="2" failures="0" errors="0" skipped="0">
    <properties>
      <property name="specId" value="0" />
      <property name="suiteName" value="Assign the user test user id to an address" />
      <property name="capabilities" value="chrome.136_0_7103_49.windows" />
      <property name="file" value="file:///D:/a/1/s/test/specs/R2C/assign-user-id-to-an-address.spec.js" />
    </properties>
    <testcase classname="chrome.136_0_7103_49.windows.Assign_the_user_test_user_id_to_an_address" name="Should search for test1ETM create only if not present" time="8.54">
      <system-out><![CDATA[
COMMAND: POST /session/652b5fe75fdd0bb6263b24ae98cbc99a/execute/async - {"script":"<script> [1562 bytes]","args":[{"selector":{"id":"application-addressmanagement-display-component---masterAdm--smartFilterBar-filterItemControl_BASIC-NAME-vhi"},"wdio_ui5_key":"applicationaddressmanagement-display-component---masterAdm--smartFilterBar-filterItemControl_BASIC-NAME-vhi"}]}
RESULT: {"script":"<script> [1562 bytes]","args":[{"selector":{"id":"application-addressmanagement-display-component---masterAdm--smartFilterBar-filterItemControl_BASIC-NAME-vhi"},"wdio_ui5_key":"applicationaddressmanagement-display-component---masterAdm--smartFilterBar-filterItemControl_BASIC-NAME-vhi"}]}
RESULT: undefined
COMMAND: POST /session/652b5fe75fdd0bb6263b24ae98cbc99a/element - {"using":"xpath","value":"//*[@id=\"application-addressmanagement-display-component---masterAdm--smartFilterBar-filterItemControl_BASIC-NAME-vhi\"]"}
RESULT: {"using":"xpath","value":"//*[@id=\"application-addressmanagement-display-component---masterAdm--smartFilterBar-filterItemControl_BASIC-NAME-vhi\"]"}
COMMAND: POST /session/652b5fe75fdd0bb6263b24ae98cbc99a/element/f.F756EF649BFACFC99A3D872C6535431B.d.FAFF69091937AFCDF705FBD6620E1F13.e.293/click - {}
RESULT: {}
COMMAND: POST /session/652b5fe75fdd0bb6263b24ae98cbc99a/execute/async - {"script":"<script> [1562 bytes]","args":[{"selector":{"controlType":"sap.m.Input","viewName":"etm.portal.ui.addressmanagement.view.Master","viewId":"application-addressmanagement-display-component---masterAdm","properties":{"valueState":"None"},"searchOpenDialogs":true,"interaction":{"idSuffix":"inner"}},"wdio_ui5_key":"etmportal.ui.addressmanagement.view.Mastersap.m.Input{\"valueState\":\"None\"}"}]}
COMMAND: GET /session/652b5fe75fdd0bb6263b24ae98cbc99a/screenshot - {}
RESULT: {"script":"<script> [1562 bytes]","args":[{"selector":{"controlType":"sap.m.Input","viewName":"etm.portal.ui.addressmanagement.view.Master","viewId":"application-addressmanagement-display-component---masterAdm","properties":{"valueState":"None"},"searchOpenDialogs":true,"interaction":{"idSuffix":"inner"}},"wdio_ui5_key":"etmportal.ui.addressmanagement.view.Mastersap.m.Input{\"valueState\":\"None\"}"}]}
RESULT: undefined
COMMAND: POST /session/652b5fe75fdd0bb6263b24ae98cbc99a/execute/async - {"script":"<script> [776 bytes]","args":[{"enterText":"Test1ETM","selector":{"controlType":"sap.m.Input","viewName":"etm.portal.ui.addressmanagement.view.Master","viewId":"application-addressmanagement-display-component---masterAdm","properties":{"valueState":"None"},"searchOpenDialogs":true,"interaction":{"idSuffix":"inner"}},"clearTextFirst":true,"interactionType":"ENTER_TEXT"}]}
RESULT: {}
RESULT: {"script":"<script> [776 bytes]","args":[{"enterText":"Test1ETM","selector":{"controlType":"sap.m.Input","viewName":"etm.portal.ui.addressmanagement.view.Master","viewId":"application-addressmanagement-display-component---masterAdm","properties":{"valueState":"None"},"searchOpenDialogs":true,"interaction":{"idSuffix":"inner"}},"clearTextFirst":true,"interactionType":"ENTER_TEXT"}]}
COMMAND: POST /session/652b5fe75fdd0bb6263b24ae98cbc99a/actions - {"actions":[{"id":"action1","type":"key","parameters":{},"actions":[{"type":"keyDown","value":"î€‡"},{"type":"pause","duration":10},{"type":"keyUp","value":"î€‡"}]}]}
RESULT: {"actions":[{"id":"action1","type":"key","parameters":{},"actions":[{"type":"keyDown","value":"î€‡"},{"type":"pause","duration":10},{"type":"keyUp","value":"î€‡"}]}]}
COMMAND: POST /session/652b5fe75fdd0bb6263b24ae98cbc99a/execute/async - {"script":"<script> [1562 bytes]","args":[{"selector":{"id":"application-addressmanagement-display-component---masterAdm--smartFilterBar-filterItemControl_BASIC-NAME-valueHelpDialog-ok","searchOpenDialogs":true,"interaction":{"idSuffix":"BDI-content"}},"wdio_ui5_key":"applicationaddressmanagement-display-component---masterAdm--smartFilterBar-filterItemControl_BASIC-NAME-valueHelpDialog-ok"}]}
COMMAND: GET /session/652b5fe75fdd0bb6263b24ae98cbc99a/screenshot - {}
RESULT: {}
RESULT: {"script":"<script> [1562 bytes]","args":[{"selector":{"id":"application-addressmanagement-display-component---masterAdm--smartFilterBar-filterItemControl_BASIC-NAME-valueHelpDialog-ok","searchOpenDialogs":true,"interaction":{"idSuffix":"BDI-content"}},"wdio_ui5_key":"applicationaddressmanagement-display-component---masterAdm--smartFilterBar-filterItemControl_BASIC-NAME-valueHelpDialog-ok"}]}
RESULT: undefined
COMMAND: POST /session/652b5fe75fdd0bb6263b24ae98cbc99a/element - {"using":"xpath","value":"//*[@id=\"application-addressmanagement-display-component---masterAdm--smartFilterBar-filterItemControl_BASIC-NAME-valueHelpDialog-ok\"]"}
RESULT: {"using":"xpath","value":"//*[@id=\"application-addressmanagement-display-component---masterAdm--smartFilterBar-filterItemControl_BASIC-NAME-valueHelpDialog-ok\"]"}
COMMAND: POST /session/652b5fe75fdd0bb6263b24ae98cbc99a/element/f.F756EF649BFACFC99A3D872C6535431B.d.FAFF69091937AFCDF705FBD6620E1F13.e.302/click - {}
RESULT: {}
COMMAND: GET /session/652b5fe75fdd0bb6263b24ae98cbc99a/screenshot - {}
RESULT: {}
COMMAND: POST /session/652b5fe75fdd0bb6263b24ae98cbc99a/element - {"using":"xpath","value":"(//span[text()=\"Active\"])[1]"}
RESULT: {"using":"xpath","value":"(//span[text()=\"Active\"])[1]"}
COMMAND: POST /session/652b5fe75fdd0bb6263b24ae98cbc99a/elements - {"using":"xpath","value":"(//span[text()=\"Active\"])[1]"}
RESULT: {"using":"xpath","value":"(//span[text()=\"Active\"])[1]"}
COMMAND: POST /session/652b5fe75fdd0bb6263b24ae98cbc99a/execute/sync - {"script":"<script> [8489 bytes]","args":[{"element-6066-11e4-a52e-4f735466cecf":"f.F756EF649BFACFC99A3D872C6535431B.d.FAFF69091937AFCDF705FBD6620E1F13.e.320","ELEMENT":"f.F756EF649BFACFC99A3D872C6535431B.d.FAFF69091937AFCDF705FBD6620E1F13.e.320"}]}
RESULT: {"script":"<script> [8489 bytes]","args":[{"element-6066-11e4-a52e-4f735466cecf":"f.F756EF649BFACFC99A3D872C6535431B.d.FAFF69091937AFCDF705FBD6620E1F13.e.320","ELEMENT":"f.F756EF649BFACFC99A3D872C6535431B.d.FAFF69091937AFCDF705FBD6620E1F13.e.320"}]}
COMMAND: POST /session/652b5fe75fdd0bb6263b24ae98cbc99a/execute/sync - {"script":"<script> [5351 bytes]","args":[{"element-6066-11e4-a52e-4f735466cecf":"f.F756EF649BFACFC99A3D872C6535431B.d.FAFF69091937AFCDF705FBD6620E1F13.e.320","ELEMENT":"f.F756EF649BFACFC99A3D872C6535431B.d.FAFF69091937AFCDF705FBD6620E1F13.e.320"}]}
COMMAND: GET /session/652b5fe75fdd0bb6263b24ae98cbc99a/screenshot - {}
RESULT: {"script":"<script> [5351 bytes]","args":[{"element-6066-11e4-a52e-4f735466cecf":"f.F756EF649BFACFC99A3D872C6535431B.d.FAFF69091937AFCDF705FBD6620E1F13.e.320","ELEMENT":"f.F756EF649BFACFC99A3D872C6535431B.d.FAFF69091937AFCDF705FBD6620E1F13.e.320"}]}
COMMAND: POST /session/652b5fe75fdd0bb6263b24ae98cbc99a/element/f.F756EF649BFACFC99A3D872C6535431B.d.FAFF69091937AFCDF705FBD6620E1F13.e.320/click - {}
COMMAND: GET /session/652b5fe75fdd0bb6263b24ae98cbc99a/screenshot - {}
RESULT: {}
RESULT: {}
COMMAND: POST /session/652b5fe75fdd0bb6263b24ae98cbc99a/element - {"using":"xpath","value":"//span[@id=\"application-addressmanagement-display-component---detailAdm--addressDetailDetailsName1\"]"}
COMMAND: GET /session/652b5fe75fdd0bb6263b24ae98cbc99a/screenshot - {}
RESULT: {}
RESULT: {"using":"xpath","value":"//span[@id=\"application-addressmanagement-display-component---detailAdm--addressDetailDetailsName1\"]"}
COMMAND: POST /session/652b5fe75fdd0bb6263b24ae98cbc99a/execute/sync - {"script":"<script> [8489 bytes]","args":[{"element-6066-11e4-a52e-4f735466cecf":"f.F756EF649BFACFC99A3D872C6535431B.d.FAFF69091937AFCDF705FBD6620E1F13.e.403","ELEMENT":"f.F756EF649BFACFC99A3D872C6535431B.d.FAFF69091937AFCDF705FBD6620E1F13.e.403"}]}
RESULT: {}
RESULT: {"script":"<script> [8489 bytes]","args":[{"element-6066-11e4-a52e-4f735466cecf":"f.F756EF649BFACFC99A3D872C6535431B.d.FAFF69091937AFCDF705FBD6620E1F13.e.403","ELEMENT":"f.F756EF649BFACFC99A3D872C6535431B.d.FAFF69091937AFCDF705FBD6620E1F13.e.403"}]}
]]></system-out>
    </testcase>
    <testcase classname="chrome.136_0_7103_49.windows.Assign_the_user_test_user_id_to_an_address" name="Should edit the title of the created found address" time="10.268">
      <system-out><![CDATA[
COMMAND: POST /session/652b5fe75fdd0bb6263b24ae98cbc99a/execute/async - {"script":"<script> [1562 bytes]","args":[{"selector":{"controlType":"sap.m.Button","viewName":"etm.portal.ui.addressmanagement.view.Detail","viewId":"application-addressmanagement-display-component---detailAdm","i18NText":{"propertyName":"text","key":"edit"}},"wdio_ui5_key":"etmportal.ui.addressmanagement.view.Detailsap.m.Button{\"propertyName\":\"text\",\"key\":\"edit\"}"}]}
COMMAND: GET /session/652b5fe75fdd0bb6263b24ae98cbc99a/screenshot - {}
RESULT: {"script":"<script> [1562 bytes]","args":[{"selector":{"controlType":"sap.m.Button","viewName":"etm.portal.ui.addressmanagement.view.Detail","viewId":"application-addressmanagement-display-component---detailAdm","i18NText":{"propertyName":"text","key":"edit"}},"wdio_ui5_key":"etmportal.ui.addressmanagement.view.Detailsap.m.Button{\"propertyName\":\"text\",\"key\":\"edit\"}"}]}
RESULT: undefined
COMMAND: POST /session/652b5fe75fdd0bb6263b24ae98cbc99a/element - {"using":"xpath","value":"//*[@id=\"__button16\"]"}
RESULT: {}
RESULT: {"using":"xpath","value":"//*[@id=\"__button16\"]"}
COMMAND: POST /session/652b5fe75fdd0bb6263b24ae98cbc99a/element/f.F756EF649BFACFC99A3D872C6535431B.d.FAFF69091937AFCDF705FBD6620E1F13.e.408/click - {}
RESULT: {}
COMMAND: POST /session/652b5fe75fdd0bb6263b24ae98cbc99a/execute/async - {"script":"<script> [1562 bytes]","args":[{"selector":{"controlType":"sap.ui.core.Icon","viewName":"etm.portal.ui.addressmanagement.view.EditDetail","properties":{"src":{"regex":{"source":"slim\\-arrow\\-down"}}},"ancestor":{"id":"addressTitle","viewName":"etm.portal.ui.addressmanagement.view.EditDetail"}},"wdio_ui5_key":"etmportal.ui.addressmanagement.view.EditDetailsap.ui.core.Icon{\"src\":{\"regex\":{\"source\":\"slim\\\\-arrow\\\\-down\"}}}{\"id\":\"addressTitle\",\"viewName\":\"etm.portal.ui.addressmanagement.view.EditDetail\"}"}]}
COMMAND: GET /session/652b5fe75fdd0bb6263b24ae98cbc99a/screenshot - {}
RESULT: {"script":"<script> [1562 bytes]","args":[{"selector":{"controlType":"sap.ui.core.Icon","viewName":"etm.portal.ui.addressmanagement.view.EditDetail","properties":{"src":{"regex":{"source":"slim\\-arrow\\-down"}}},"ancestor":{"id":"addressTitle","viewName":"etm.portal.ui.addressmanagement.view.EditDetail"}},"wdio_ui5_key":"etmportal.ui.addressmanagement.view.EditDetailsap.ui.core.Icon{\"src\":{\"regex\":{\"source\":\"slim\\\\-arrow\\\\-down\"}}}{\"id\":\"addressTitle\",\"viewName\":\"etm.portal.ui.addressmanagement.view.EditDetail\"}"}]}
RESULT: undefined
COMMAND: POST /session/652b5fe75fdd0bb6263b24ae98cbc99a/element - {"using":"xpath","value":"//*[@id=\"__xmlview58--addressTitle-arrow\"]"}
RESULT: {}
RESULT: {"using":"xpath","value":"//*[@id=\"__xmlview58--addressTitle-arrow\"]"}
COMMAND: POST /session/652b5fe75fdd0bb6263b24ae98cbc99a/element/f.F756EF649BFACFC99A3D872C6535431B.d.FAFF69091937AFCDF705FBD6620E1F13.e.451/click - {}
RESULT: {}
COMMAND: POST /session/652b5fe75fdd0bb6263b24ae98cbc99a/execute/async - {"script":"<script> [1562 bytes]","args":[{"selector":{"controlType":"sap.m.StandardListItem","viewName":"etm.portal.ui.addressmanagement.view.EditDetail","properties":{"title":"Dr."},"searchOpenDialogs":true},"wdio_ui5_key":"etmportal.ui.addressmanagement.view.EditDetailsap.m.StandardListItem{\"title\":\"Dr.\"}"}]}
COMMAND: GET /session/652b5fe75fdd0bb6263b24ae98cbc99a/screenshot - {}
RESULT: {}
RESULT: {"script":"<script> [1562 bytes]","args":[{"selector":{"controlType":"sap.m.StandardListItem","viewName":"etm.portal.ui.addressmanagement.view.EditDetail","properties":{"title":"Dr."},"searchOpenDialogs":true},"wdio_ui5_key":"etmportal.ui.addressmanagement.view.EditDetailsap.m.StandardListItem{\"title\":\"Dr.\"}"}]}
RESULT: undefined
COMMAND: POST /session/652b5fe75fdd0bb6263b24ae98cbc99a/element - {"using":"xpath","value":"//*[@id=\"__item219\"]"}
RESULT: {"using":"xpath","value":"//*[@id=\"__item219\"]"}
COMMAND: POST /session/652b5fe75fdd0bb6263b24ae98cbc99a/element/f.F756EF649BFACFC99A3D872C6535431B.d.FAFF69091937AFCDF705FBD6620E1F13.e.452/click - {}
RESULT: {}
COMMAND: POST /session/652b5fe75fdd0bb6263b24ae98cbc99a/execute/async - {"script":"<script> [1562 bytes]","args":[{"selector":{"controlType":"sap.m.Button","viewName":"etm.portal.ui.addressmanagement.view.EditDetail","i18NText":{"propertyName":"text","key":"save"}},"wdio_ui5_key":"etmportal.ui.addressmanagement.view.EditDetailsap.m.Button{\"propertyName\":\"text\",\"key\":\"save\"}"}]}
COMMAND: GET /session/652b5fe75fdd0bb6263b24ae98cbc99a/screenshot - {}
RESULT: {"script":"<script> [1562 bytes]","args":[{"selector":{"controlType":"sap.m.Button","viewName":"etm.portal.ui.addressmanagement.view.EditDetail","i18NText":{"propertyName":"text","key":"save"}},"wdio_ui5_key":"etmportal.ui.addressmanagement.view.EditDetailsap.m.Button{\"propertyName\":\"text\",\"key\":\"save\"}"}]}
RESULT: undefined
COMMAND: POST /session/652b5fe75fdd0bb6263b24ae98cbc99a/element - {"using":"xpath","value":"//*[@id=\"__button37\"]"}
RESULT: {}
RESULT: {"using":"xpath","value":"//*[@id=\"__button37\"]"}
COMMAND: POST /session/652b5fe75fdd0bb6263b24ae98cbc99a/element/f.F756EF649BFACFC99A3D872C6535431B.d.FAFF69091937AFCDF705FBD6620E1F13.e.445/click - {}
RESULT: {}
COMMAND: GET /session/652b5fe75fdd0bb6263b24ae98cbc99a/screenshot - {}
RESULT: {}
COMMAND: POST /session/652b5fe75fdd0bb6263b24ae98cbc99a/element - {"using":"xpath","value":"//span[@id=\"application-addressmanagement-display-component---detailAdm--addressTitle\"]"}
RESULT: {"using":"xpath","value":"//span[@id=\"application-addressmanagement-display-component---detailAdm--addressTitle\"]"}
COMMAND: GET /session/652b5fe75fdd0bb6263b24ae98cbc99a/element/f.F756EF649BFACFC99A3D872C6535431B.d.FAFF69091937AFCDF705FBD6620E1F13.e.463/text - {}
RESULT: {}
COMMAND: POST /session/652b5fe75fdd0bb6263b24ae98cbc99a/element - {"using":"xpath","value":"//span[@id=\"application-addressmanagement-display-component---detailAdm--addressDetailDetailsName1\"]"}
RESULT: {"using":"xpath","value":"//span[@id=\"application-addressmanagement-display-component---detailAdm--addressDetailDetailsName1\"]"}
COMMAND: GET /session/652b5fe75fdd0bb6263b24ae98cbc99a/element/f.F756EF649BFACFC99A3D872C6535431B.d.FAFF69091937AFCDF705FBD6620E1F13.e.403/text - {}
RESULT: {}
COMMAND: POST /session/652b5fe75fdd0bb6263b24ae98cbc99a/refresh - {}
RESULT: {}
COMMAND: GET /session/652b5fe75fdd0bb6263b24ae98cbc99a/screenshot - {}
RESULT: {}
COMMAND: POST /session/652b5fe75fdd0bb6263b24ae98cbc99a/refresh - {}
RESULT: {}
COMMAND: GET /session/652b5fe75fdd0bb6263b24ae98cbc99a/screenshot - {}
RESULT: {}
COMMAND: POST /session/652b5fe75fdd0bb6263b24ae98cbc99a/window/fullscreen - {}
RESULT: {}
COMMAND: POST /session/652b5fe75fdd0bb6263b24ae98cbc99a/execute/async - {"script":"<script> [189 bytes]","args":[]}
RESULT: {"script":"<script> [189 bytes]","args":[]}
COMMAND: POST /session/652b5fe75fdd0bb6263b24ae98cbc99a/execute/async - {"script":"<script> [123 bytes]","args":[]}
RESULT: {"script":"<script> [123 bytes]","args":[]}
COMMAND: POST /session/652b5fe75fdd0bb6263b24ae98cbc99a/timeouts - {"script":"<number>"}
RESULT: {"script":"<number>"}
COMMAND: GET /session/652b5fe75fdd0bb6263b24ae98cbc99a/timeouts - {}
RESULT: {}
RESULT: undefined
COMMAND: POST /session/652b5fe75fdd0bb6263b24ae98cbc99a/execute/async - {"script":"<script> [2676 bytes]","args":[]}
RESULT: {"script":"<script> [2676 bytes]","args":[]}
COMMAND: POST /session/652b5fe75fdd0bb6263b24ae98cbc99a/execute/async - {"script":"<script> [2342 bytes]","args":[{"protocol":"http","hostname":"0.0.0.0","path":"/","capabilities":{"browserName":"chrome","goog:chromeOptions":{"binary":"C:\\Program Files\\Google\\Chrome\\Application\\chrome.exe","args":["--start-maximized"]}},"logLevel":"warn","connectionRetryTimeout":120000,"connectionRetryCount":3,"logLevels":{},"enableDirectConnect":true,"strictSSL":true,"_":"65 more keys: [\"cacheDir\",\"port\",\"requestedCapabilities\",\"automationProtocol\",\"baseUrl\",\"waitforInterval\",\"waitforTimeout\",\"onReload\",\"beforeCommand\",\"afterCommand\",\"rootDir\",\"specs\",\"suites\",\"exclude\",\"groupLogsByTestSpec\",\"excludeDriverLogs\",\"bail\",\"framework\",\"reporters\",\"services\",\"maxInstances\",\"maxInstancesPerCapability\",\"injectGlobals\",\"filesToWatch\",\"execArgv\",\"runnerEnv\",\"runner\",\"shard\",\"specFileRetries\",\"specFileRetriesDelay\",\"specFileRetriesDeferred\",\"reporterSyncInterval\",\"reporterSyncTimeout\",\"cucumberFeaturesWithLineNumbers\",\"autoCompileOpts\",\"mochaOpts\",\"jasmineOpts\",\"cucumberOpts\",\"onPrepare\",\"onWorkerStart\",\"onWorkerEnd\",\"before\",\"beforeSession\",\"beforeSuite\",\"beforeHook\",\"beforeTest\",\"afterTest\",\"afterHook\",\"afterSuite\",\"afterSession\",\"after\",\"onComplete\",\"beforeAssertion\",\"afterAssertion\",\"beforeFeature\",\"beforeScenario\",\"beforeStep\",\"afterStep\",\"afterScenario\",\"afterFeature\",\"_\",\"suite\",\"$0\",\"ignoredWorkerServices\",\"wdi5\"]"}]}
RESULT: {"script":"<script> [2342 bytes]","args":[{"protocol":"http","hostname":"0.0.0.0","path":"/","capabilities":{"browserName":"chrome","goog:chromeOptions":{"binary":"C:\\Program Files\\Google\\Chrome\\Application\\chrome.exe","args":["--start-maximized"]}},"logLevel":"warn","connectionRetryTimeout":120000,"connectionRetryCount":3,"logLevels":{},"enableDirectConnect":true,"strictSSL":true,"_":"65 more keys: [\"cacheDir\",\"port\",\"requestedCapabilities\",\"automationProtocol\",\"baseUrl\",\"waitforInterval\",\"waitforTimeout\",\"onReload\",\"beforeCommand\",\"afterCommand\",\"rootDir\",\"specs\",\"suites\",\"exclude\",\"groupLogsByTestSpec\",\"excludeDriverLogs\",\"bail\",\"framework\",\"reporters\",\"services\",\"maxInstances\",\"maxInstancesPerCapability\",\"injectGlobals\",\"filesToWatch\",\"execArgv\",\"runnerEnv\",\"runner\",\"shard\",\"specFileRetries\",\"specFileRetriesDelay\",\"specFileRetriesDeferred\",\"reporterSyncInterval\",\"reporterSyncTimeout\",\"cucumberFeaturesWithLineNumbers\",\"autoCompileOpts\",\"mochaOpts\",\"jasmineOpts\",\"cucumberOpts\",\"onPrepare\",\"onWorkerStart\",\"onWorkerEnd\",\"before\",\"beforeSession\",\"beforeSuite\",\"beforeHook\",\"beforeTest\",\"afterTest\",\"afterHook\",\"afterSuite\",\"afterSession\",\"after\",\"onComplete\",\"beforeAssertion\",\"afterAssertion\",\"beforeFeature\",\"beforeScenario\",\"beforeStep\",\"afterStep\",\"afterScenario\",\"afterFeature\",\"_\",\"suite\",\"$0\",\"ignoredWorkerServices\",\"wdi5\"]"}]}
COMMAND: POST /session/652b5fe75fdd0bb6263b24ae98cbc99a/execute/async - {"script":"<script> [21126 bytes]","args":[35000]}
RESULT: {"script":"<script> [21126 bytes]","args":[35000]}
COMMAND: POST /session/652b5fe75fdd0bb6263b24ae98cbc99a/element - {"using":"css selector","value":"#shell-header-logo"}
RESULT: {"using":"css selector","value":"#shell-header-logo"}
COMMAND: POST /session/652b5fe75fdd0bb6263b24ae98cbc99a/element/f.F756EF649BFACFC99A3D872C6535431B.d.8F50865743074EEB1E38CDB0C3E87B0F.e.897/click - {}
RESULT: {}
COMMAND: GET /session/652b5fe75fdd0bb6263b24ae98cbc99a/screenshot - {}
RESULT: {}
COMMAND: POST /session/652b5fe75fdd0bb6263b24ae98cbc99a/execute/async - {"script":"<script> [1562 bytes]","args":[{"selector":{"controlType":"sap.m.GenericTile","properties":{"header":"Manage Yards"}},"wdio_ui5_key":"sapm.GenericTile{\"header\":\"Manage Yards\"}"}]}
RESULT: {"script":"<script> [1562 bytes]","args":[{"selector":{"controlType":"sap.m.GenericTile","properties":{"header":"Manage Yards"}},"wdio_ui5_key":"sapm.GenericTile{\"header\":\"Manage Yards\"}"}]}
RESULT: undefined
COMMAND: POST /session/652b5fe75fdd0bb6263b24ae98cbc99a/element - {"using":"xpath","value":"//*[@id=\"__tile52\"]"}
RESULT: {"using":"xpath","value":"//*[@id=\"__tile52\"]"}
COMMAND: POST /session/652b5fe75fdd0bb6263b24ae98cbc99a/element/f.F756EF649BFACFC99A3D872C6535431B.d.8F50865743074EEB1E38CDB0C3E87B0F.e.1029/click - {}
RESULT: {}
COMMAND: GET /session/652b5fe75fdd0bb6263b24ae98cbc99a/screenshot - {}
RESULT: {}
COMMAND: POST /session/652b5fe75fdd0bb6263b24ae98cbc99a/elements - {"using":"xpath","value":"//span[text()='Error']"}
RESULT: {"using":"xpath","value":"//span[text()='Error']"}
]]></system-out>
    </testcase>
  </testsuite>
  <testsuite timestamp="2025-05-13T15:20:13" time="255.754" tests="2" failures="0" errors="0" skipped="0">
    <properties>
      <property name="specId" value="0" />
      <property name="suiteName" value="Create 2 Yards US112496" />
      <property name="capabilities" value="chrome.136_0_7103_49.windows" />
      <property name="file" value="file:///D:/a/1/s/test/specs/R2C/create-yard.spec.js" />
    </properties>
    <testcase classname="chrome.136_0_7103_49.windows.Create_2_Yards_US112496" name="Should create a new simple yard" time="129.4">
      <system-out><![CDATA[
COMMAND: POST /session/652b5fe75fdd0bb6263b24ae98cbc99a/execute/async - {"script":"<script> [1562 bytes]","args":[{"selector":{"controlType":"sap.ui.core.Icon","viewName":"etm.portal.ui.manageyards.view.Master","viewId":"application-manageyards-display-component---masterYard","properties":{"src":{"regex":{"source":"add"}}}},"wdio_ui5_key":"etmportal.ui.manageyards.view.Mastersap.ui.core.Icon{\"src\":{\"regex\":{\"source\":\"add\"}}}"}]}
RESULT: {"script":"<script> [1562 bytes]","args":[{"selector":{"controlType":"sap.ui.core.Icon","viewName":"etm.portal.ui.manageyards.view.Master","viewId":"application-manageyards-display-component---masterYard","properties":{"src":{"regex":{"source":"add"}}}},"wdio_ui5_key":"etmportal.ui.manageyards.view.Mastersap.ui.core.Icon{\"src\":{\"regex\":{\"source\":\"add\"}}}"}]}
RESULT: undefined
COMMAND: POST /session/652b5fe75fdd0bb6263b24ae98cbc99a/element - {"using":"xpath","value":"//*[@id=\"__button23-img\"]"}
RESULT: {"using":"xpath","value":"//*[@id=\"__button23-img\"]"}
COMMAND: POST /session/652b5fe75fdd0bb6263b24ae98cbc99a/element/f.F756EF649BFACFC99A3D872C6535431B.d.8F50865743074EEB1E38CDB0C3E87B0F.e.1076/click - {}
RESULT: {}
COMMAND: GET /session/652b5fe75fdd0bb6263b24ae98cbc99a/screenshot - {}
RESULT: {}
COMMAND: POST /session/652b5fe75fdd0bb6263b24ae98cbc99a/execute/async - {"script":"<script> [1562 bytes]","args":[{"selector":{"id":"application-manageyards-display-component---NewYard--yardId","interaction":{"idSuffix":"inner"}},"wdio_ui5_key":"applicationmanageyards-display-component---NewYard--yardId"}]}
RESULT: {"script":"<script> [1562 bytes]","args":[{"selector":{"id":"application-manageyards-display-component---NewYard--yardId","interaction":{"idSuffix":"inner"}},"wdio_ui5_key":"applicationmanageyards-display-component---NewYard--yardId"}]}
RESULT: undefined
COMMAND: POST /session/652b5fe75fdd0bb6263b24ae98cbc99a/element - {"using":"xpath","value":"//*[@id=\"application-manageyards-display-component---NewYard--addressDetailDetailsName1-inner\"]"}
RESULT: {"using":"xpath","value":"//*[@id=\"application-manageyards-display-component---NewYard--addressDetailDetailsName1-inner\"]"}
COMMAND: POST /session/652b5fe75fdd0bb6263b24ae98cbc99a/element/f.F756EF649BFACFC99A3D872C6535431B.d.8F50865743074EEB1E38CDB0C3E87B0F.e.1247/clear - {}
RESULT: {}
COMMAND: POST /session/652b5fe75fdd0bb6263b24ae98cbc99a/element/f.F756EF649BFACFC99A3D872C6535431B.d.8F50865743074EEB1E38CDB0C3E87B0F.e.1247/value - {"text":"Webdriver Yard itqa3"}
COMMAND: GET /session/652b5fe75fdd0bb6263b24ae98cbc99a/screenshot - {}
RESULT: {"text":"Webdriver Yard itqa3"}
COMMAND: POST /session/652b5fe75fdd0bb6263b24ae98cbc99a/element - {"using":"xpath","value":"//*[@id=\"application-manageyards-display-component---NewYard--addressDetailDetailsLanguage-inner\"]"}
COMMAND: GET /session/652b5fe75fdd0bb6263b24ae98cbc99a/screenshot - {}
RESULT: {}
RESULT: {"using":"xpath","value":"//*[@id=\"application-manageyards-display-component---NewYard--addressDetailDetailsLanguage-inner\"]"}
COMMAND: POST /session/652b5fe75fdd0bb6263b24ae98cbc99a/element/f.F756EF649BFACFC99A3D872C6535431B.d.8F50865743074EEB1E38CDB0C3E87B0F.e.1248/clear - {}
RESULT: {}
RESULT: {}
COMMAND: POST /session/652b5fe75fdd0bb6263b24ae98cbc99a/element/f.F756EF649BFACFC99A3D872C6535431B.d.8F50865743074EEB1E38CDB0C3E87B0F.e.1248/value - {"text":"Romanian"}
COMMAND: GET /session/652b5fe75fdd0bb6263b24ae98cbc99a/screenshot - {}
RESULT: {"text":"Romanian"}
COMMAND: GET /session/652b5fe75fdd0bb6263b24ae98cbc99a/screenshot - {}
RESULT: {}
RESULT: {}
COMMAND: POST /session/652b5fe75fdd0bb6263b24ae98cbc99a/element - {"using":"xpath","value":"//*[@id=\"application-manageyards-display-component---NewYard--addressDetailDetailsCity1-inner\"]"}
RESULT: {"using":"xpath","value":"//*[@id=\"application-manageyards-display-component---NewYard--addressDetailDetailsCity1-inner\"]"}
COMMAND: POST /session/652b5fe75fdd0bb6263b24ae98cbc99a/element/f.F756EF649BFACFC99A3D872C6535431B.d.8F50865743074EEB1E38CDB0C3E87B0F.e.1250/clear - {}
RESULT: {}
COMMAND: POST /session/652b5fe75fdd0bb6263b24ae98cbc99a/element/f.F756EF649BFACFC99A3D872C6535431B.d.8F50865743074EEB1E38CDB0C3E87B0F.e.1250/value - {"text":"Bucuresti"}
COMMAND: GET /session/652b5fe75fdd0bb6263b24ae98cbc99a/screenshot - {}
RESULT: {"text":"Bucuresti"}
COMMAND: GET /session/652b5fe75fdd0bb6263b24ae98cbc99a/screenshot - {}
RESULT: {}
RESULT: {}
COMMAND: POST /session/652b5fe75fdd0bb6263b24ae98cbc99a/element - {"using":"xpath","value":"//*[@id=\"application-manageyards-display-component---NewYard--addressDetailDetailsCountry-inner\"]"}
RESULT: {"using":"xpath","value":"//*[@id=\"application-manageyards-display-component---NewYard--addressDetailDetailsCountry-inner\"]"}
COMMAND: POST /session/652b5fe75fdd0bb6263b24ae98cbc99a/element/f.F756EF649BFACFC99A3D872C6535431B.d.8F50865743074EEB1E38CDB0C3E87B0F.e.1254/clear - {}
RESULT: {}
COMMAND: POST /session/652b5fe75fdd0bb6263b24ae98cbc99a/element/f.F756EF649BFACFC99A3D872C6535431B.d.8F50865743074EEB1E38CDB0C3E87B0F.e.1254/value - {"text":"Romania"}
COMMAND: GET /session/652b5fe75fdd0bb6263b24ae98cbc99a/screenshot - {}
RESULT: {"text":"Romania"}
COMMAND: GET /session/652b5fe75fdd0bb6263b24ae98cbc99a/screenshot - {}
RESULT: {}
RESULT: {}
COMMAND: POST /session/652b5fe75fdd0bb6263b24ae98cbc99a/element - {"using":"xpath","value":"//div[contains(text(), \"Commercial\")]"}
RESULT: {"using":"xpath","value":"//div[contains(text(), \"Commercial\")]"}
COMMAND: GET /session/652b5fe75fdd0bb6263b24ae98cbc99a/element/f.F756EF649BFACFC99A3D872C6535431B.d.8F50865743074EEB1E38CDB0C3E87B0F.e.1504/rect - {}
RESULT: {}
COMMAND: GET /session/652b5fe75fdd0bb6263b24ae98cbc99a/window/rect - {}
RESULT: {}
COMMAND: POST /session/652b5fe75fdd0bb6263b24ae98cbc99a/execute/sync - {"script":"<script> [92 bytes]","args":[]}
RESULT: {"script":"<script> [92 bytes]","args":[]}
COMMAND: POST /session/652b5fe75fdd0bb6263b24ae98cbc99a/actions - {"actions":[{"id":"action2","type":"wheel","parameters":{},"actions":[{"type":"scroll","x":-1825,"y":-44,"deltaX":0,"deltaY":0,"duration":0,"origin":{"element-6066-11e4-a52e-4f735466cecf":"f.F756EF649BFACFC99A3D872C6535431B.d.8F50865743074EEB1E38CDB0C3E87B0F.e.1504"}}]}]}
COMMAND: GET /session/652b5fe75fdd0bb6263b24ae98cbc99a/screenshot - {}
RESULT: {}
COMMAND: POST /session/652b5fe75fdd0bb6263b24ae98cbc99a/execute/sync - {"script":"<script> [79 bytes]","args":[{"element-6066-11e4-a52e-4f735466cecf":"f.F756EF649BFACFC99A3D872C6535431B.d.8F50865743074EEB1E38CDB0C3E87B0F.e.1504","ELEMENT":"f.F756EF649BFACFC99A3D872C6535431B.d.8F50865743074EEB1E38CDB0C3E87B0F.e.1504"},{"block":"start","inline":"nearest"}]}
RESULT: {"script":"<script> [79 bytes]","args":[{"element-6066-11e4-a52e-4f735466cecf":"f.F756EF649BFACFC99A3D872C6535431B.d.8F50865743074EEB1E38CDB0C3E87B0F.e.1504","ELEMENT":"f.F756EF649BFACFC99A3D872C6535431B.d.8F50865743074EEB1E38CDB0C3E87B0F.e.1504"},{"block":"start","inline":"nearest"}]}
COMMAND: GET /session/652b5fe75fdd0bb6263b24ae98cbc99a/screenshot - {}
RESULT: {}
COMMAND: POST /session/652b5fe75fdd0bb6263b24ae98cbc99a/element - {"using":"xpath","value":"//input[@id='application-manageyards-display-component---NewYard--addressEditDetailsCostObjectCstType-inner']"}
RESULT: {"using":"xpath","value":"//input[@id='application-manageyards-display-component---NewYard--addressEditDetailsCostObjectCstType-inner']"}
COMMAND: POST /session/652b5fe75fdd0bb6263b24ae98cbc99a/execute/sync - {"script":"<script> [8489 bytes]","args":[{"element-6066-11e4-a52e-4f735466cecf":"f.F756EF649BFACFC99A3D872C6535431B.d.8F50865743074EEB1E38CDB0C3E87B0F.e.1260","ELEMENT":"f.F756EF649BFACFC99A3D872C6535431B.d.8F50865743074EEB1E38CDB0C3E87B0F.e.1260"}]}
RESULT: {"script":"<script> [8489 bytes]","args":[{"element-6066-11e4-a52e-4f735466cecf":"f.F756EF649BFACFC99A3D872C6535431B.d.8F50865743074EEB1E38CDB0C3E87B0F.e.1260","ELEMENT":"f.F756EF649BFACFC99A3D872C6535431B.d.8F50865743074EEB1E38CDB0C3E87B0F.e.1260"}]}
COMMAND: POST /session/652b5fe75fdd0bb6263b24ae98cbc99a/element/f.F756EF649BFACFC99A3D872C6535431B.d.8F50865743074EEB1E38CDB0C3E87B0F.e.1260/clear - {}
COMMAND: GET /session/652b5fe75fdd0bb6263b24ae98cbc99a/screenshot - {}
RESULT: {}
COMMAND: POST /session/652b5fe75fdd0bb6263b24ae98cbc99a/element/f.F756EF649BFACFC99A3D872C6535431B.d.8F50865743074EEB1E38CDB0C3E87B0F.e.1260/value - {"text":"Cost"}
COMMAND: GET /session/652b5fe75fdd0bb6263b24ae98cbc99a/screenshot - {}
RESULT: {}
RESULT: {"text":"Cost"}
COMMAND: GET /session/652b5fe75fdd0bb6263b24ae98cbc99a/screenshot - {}
RESULT: {}
RESULT: {}
COMMAND: POST /session/652b5fe75fdd0bb6263b24ae98cbc99a/execute/async - {"script":"<script> [1562 bytes]","args":[{"selector":{"id":"application-manageyards-display-component---NewYard--addressNewCostObjectCstID","interaction":{"idSuffix":"inner"}},"wdio_ui5_key":"applicationmanageyards-display-component---NewYard--addressNewCostObjectCstID"}]}
RESULT: {"script":"<script> [1562 bytes]","args":[{"selector":{"id":"application-manageyards-display-component---NewYard--addressNewCostObjectCstID","interaction":{"idSuffix":"inner"}},"wdio_ui5_key":"applicationmanageyards-display-component---NewYard--addressNewCostObjectCstID"}]}
RESULT: undefined
COMMAND: POST /session/652b5fe75fdd0bb6263b24ae98cbc99a/execute/async - {"script":"<script> [776 bytes]","args":[{"enterText":"10001013","selector":{"id":"application-manageyards-display-component---NewYard--addressNewCostObjectCstID","interaction":{"idSuffix":"inner"}},"clearTextFirst":true,"interactionType":"ENTER_TEXT"}]}
RESULT: {"script":"<script> [776 bytes]","args":[{"enterText":"10001013","selector":{"id":"application-manageyards-display-component---NewYard--addressNewCostObjectCstID","interaction":{"idSuffix":"inner"}},"clearTextFirst":true,"interactionType":"ENTER_TEXT"}]}
COMMAND: POST /session/652b5fe75fdd0bb6263b24ae98cbc99a/actions - {"actions":[{"id":"action3","type":"key","parameters":{},"actions":[{"type":"keyDown","value":"î€‡"},{"type":"pause","duration":10},{"type":"keyUp","value":"î€‡"}]}]}
RESULT: {"actions":[{"id":"action3","type":"key","parameters":{},"actions":[{"type":"keyDown","value":"î€‡"},{"type":"pause","duration":10},{"type":"keyUp","value":"î€‡"}]}]}
COMMAND: GET /session/652b5fe75fdd0bb6263b24ae98cbc99a/screenshot - {}
RESULT: {}
COMMAND: POST /session/652b5fe75fdd0bb6263b24ae98cbc99a/execute/async - {"script":"<script> [1562 bytes]","args":[{"selector":{"controlType":"sap.m.Button","viewName":"etm.portal.ui.manageyards.view.New","viewId":"application-manageyards-display-component---NewYard","i18NText":{"propertyName":"text","key":"save"},"interaction":{"idSuffix":"inner"}},"wdio_ui5_key":"etmportal.ui.manageyards.view.Newsap.m.Button{\"propertyName\":\"text\",\"key\":\"save\"}"}]}
RESULT: {"script":"<script> [1562 bytes]","args":[{"selector":{"controlType":"sap.m.Button","viewName":"etm.portal.ui.manageyards.view.New","viewId":"application-manageyards-display-component---NewYard","i18NText":{"propertyName":"text","key":"save"},"interaction":{"idSuffix":"inner"}},"wdio_ui5_key":"etmportal.ui.manageyards.view.Newsap.m.Button{\"propertyName\":\"text\",\"key\":\"save\"}"}]}
RESULT: undefined
COMMAND: POST /session/652b5fe75fdd0bb6263b24ae98cbc99a/element - {"using":"xpath","value":"//*[@id=\"__button37\"]"}
RESULT: {"using":"xpath","value":"//*[@id=\"__button37\"]"}
COMMAND: POST /session/652b5fe75fdd0bb6263b24ae98cbc99a/element/f.F756EF649BFACFC99A3D872C6535431B.d.8F50865743074EEB1E38CDB0C3E87B0F.e.1451/click - {}
RESULT: {}
COMMAND: GET /session/652b5fe75fdd0bb6263b24ae98cbc99a/screenshot - {}
RESULT: {}
COMMAND: POST /session/652b5fe75fdd0bb6263b24ae98cbc99a/element - {"using":"xpath","value":"//header/div/div/div/div/div/div[2]/div/span"}
RESULT: {"using":"xpath","value":"//header/div/div/div/div/div/div[2]/div/span"}
COMMAND: GET /session/652b5fe75fdd0bb6263b24ae98cbc99a/element/f.F756EF649BFACFC99A3D872C6535431B.d.8F50865743074EEB1E38CDB0C3E87B0F.e.1726/text - {}
RESULT: {}
COMMAND: POST /session/652b5fe75fdd0bb6263b24ae98cbc99a/element - {"using":"xpath","value":"//header/div/div[2]/div[2]/span"}
RESULT: {"using":"xpath","value":"//header/div/div[2]/div[2]/span"}
COMMAND: GET /session/652b5fe75fdd0bb6263b24ae98cbc99a/element/f.F756EF649BFACFC99A3D872C6535431B.d.8F50865743074EEB1E38CDB0C3E87B0F.e.1727/text - {}
RESULT: {}
COMMAND: POST /session/652b5fe75fdd0bb6263b24ae98cbc99a/execute/async - {"script":"<script> [1562 bytes]","args":[{"selector":{"controlType":"sap.m.OverflowToolbarButton","viewName":"etm.portal.ui.manageyards.view.Detail","viewId":"application-manageyards-display-component---detailYard","i18NText":{"propertyName":"tooltip","key":"closeColumn"},"interaction":{"idSuffix":"inner"}},"wdio_ui5_key":"etmportal.ui.manageyards.view.Detailsap.m.OverflowToolbarButton{\"propertyName\":\"tooltip\",\"key\":\"closeColumn\"}"}]}
RESULT: {"script":"<script> [1562 bytes]","args":[{"selector":{"controlType":"sap.m.OverflowToolbarButton","viewName":"etm.portal.ui.manageyards.view.Detail","viewId":"application-manageyards-display-component---detailYard","i18NText":{"propertyName":"tooltip","key":"closeColumn"},"interaction":{"idSuffix":"inner"}},"wdio_ui5_key":"etmportal.ui.manageyards.view.Detailsap.m.OverflowToolbarButton{\"propertyName\":\"tooltip\",\"key\":\"closeColumn\"}"}]}
RESULT: undefined
COMMAND: POST /session/652b5fe75fdd0bb6263b24ae98cbc99a/element - {"using":"xpath","value":"//*[@id=\"__button58\"]"}
RESULT: {"using":"xpath","value":"//*[@id=\"__button58\"]"}
COMMAND: POST /session/652b5fe75fdd0bb6263b24ae98cbc99a/element/f.F756EF649BFACFC99A3D872C6535431B.d.8F50865743074EEB1E38CDB0C3E87B0F.e.1729/click - {}
RESULT: {}
COMMAND: POST /session/652b5fe75fdd0bb6263b24ae98cbc99a/refresh - {}
COMMAND: GET /session/652b5fe75fdd0bb6263b24ae98cbc99a/screenshot - {}
RESULT: {}
COMMAND: GET /session/652b5fe75fdd0bb6263b24ae98cbc99a/screenshot - {}
RESULT: {}
RESULT: {}
COMMAND: POST /session/652b5fe75fdd0bb6263b24ae98cbc99a/refresh - {}
RESULT: {}
COMMAND: GET /session/652b5fe75fdd0bb6263b24ae98cbc99a/screenshot - {}
RESULT: {}
COMMAND: POST /session/652b5fe75fdd0bb6263b24ae98cbc99a/window/fullscreen - {}
RESULT: {}
COMMAND: POST /session/652b5fe75fdd0bb6263b24ae98cbc99a/execute/async - {"script":"<script> [189 bytes]","args":[]}
RESULT: {"script":"<script> [189 bytes]","args":[]}
COMMAND: POST /session/652b5fe75fdd0bb6263b24ae98cbc99a/execute/async - {"script":"<script> [123 bytes]","args":[]}
RESULT: {"script":"<script> [123 bytes]","args":[]}
COMMAND: POST /session/652b5fe75fdd0bb6263b24ae98cbc99a/timeouts - {"script":"<number>"}
RESULT: {"script":"<number>"}
COMMAND: GET /session/652b5fe75fdd0bb6263b24ae98cbc99a/timeouts - {}
RESULT: {}
RESULT: undefined
COMMAND: POST /session/652b5fe75fdd0bb6263b24ae98cbc99a/execute/async - {"script":"<script> [2676 bytes]","args":[]}
RESULT: {"script":"<script> [2676 bytes]","args":[]}
COMMAND: POST /session/652b5fe75fdd0bb6263b24ae98cbc99a/execute/async - {"script":"<script> [2342 bytes]","args":[{"protocol":"http","hostname":"0.0.0.0","path":"/","capabilities":{"browserName":"chrome","goog:chromeOptions":{"binary":"C:\\Program Files\\Google\\Chrome\\Application\\chrome.exe","args":["--start-maximized"]}},"logLevel":"warn","connectionRetryTimeout":120000,"connectionRetryCount":3,"logLevels":{},"enableDirectConnect":true,"strictSSL":true,"_":"65 more keys: [\"cacheDir\",\"port\",\"requestedCapabilities\",\"automationProtocol\",\"baseUrl\",\"waitforInterval\",\"waitforTimeout\",\"onReload\",\"beforeCommand\",\"afterCommand\",\"rootDir\",\"specs\",\"suites\",\"exclude\",\"groupLogsByTestSpec\",\"excludeDriverLogs\",\"bail\",\"framework\",\"reporters\",\"services\",\"maxInstances\",\"maxInstancesPerCapability\",\"injectGlobals\",\"filesToWatch\",\"execArgv\",\"runnerEnv\",\"runner\",\"shard\",\"specFileRetries\",\"specFileRetriesDelay\",\"specFileRetriesDeferred\",\"reporterSyncInterval\",\"reporterSyncTimeout\",\"cucumberFeaturesWithLineNumbers\",\"autoCompileOpts\",\"mochaOpts\",\"jasmineOpts\",\"cucumberOpts\",\"onPrepare\",\"onWorkerStart\",\"onWorkerEnd\",\"before\",\"beforeSession\",\"beforeSuite\",\"beforeHook\",\"beforeTest\",\"afterTest\",\"afterHook\",\"afterSuite\",\"afterSession\",\"after\",\"onComplete\",\"beforeAssertion\",\"afterAssertion\",\"beforeFeature\",\"beforeScenario\",\"beforeStep\",\"afterStep\",\"afterScenario\",\"afterFeature\",\"_\",\"suite\",\"$0\",\"ignoredWorkerServices\",\"wdi5\"]"}]}
RESULT: {"script":"<script> [2342 bytes]","args":[{"protocol":"http","hostname":"0.0.0.0","path":"/","capabilities":{"browserName":"chrome","goog:chromeOptions":{"binary":"C:\\Program Files\\Google\\Chrome\\Application\\chrome.exe","args":["--start-maximized"]}},"logLevel":"warn","connectionRetryTimeout":120000,"connectionRetryCount":3,"logLevels":{},"enableDirectConnect":true,"strictSSL":true,"_":"65 more keys: [\"cacheDir\",\"port\",\"requestedCapabilities\",\"automationProtocol\",\"baseUrl\",\"waitforInterval\",\"waitforTimeout\",\"onReload\",\"beforeCommand\",\"afterCommand\",\"rootDir\",\"specs\",\"suites\",\"exclude\",\"groupLogsByTestSpec\",\"excludeDriverLogs\",\"bail\",\"framework\",\"reporters\",\"services\",\"maxInstances\",\"maxInstancesPerCapability\",\"injectGlobals\",\"filesToWatch\",\"execArgv\",\"runnerEnv\",\"runner\",\"shard\",\"specFileRetries\",\"specFileRetriesDelay\",\"specFileRetriesDeferred\",\"reporterSyncInterval\",\"reporterSyncTimeout\",\"cucumberFeaturesWithLineNumbers\",\"autoCompileOpts\",\"mochaOpts\",\"jasmineOpts\",\"cucumberOpts\",\"onPrepare\",\"onWorkerStart\",\"onWorkerEnd\",\"before\",\"beforeSession\",\"beforeSuite\",\"beforeHook\",\"beforeTest\",\"afterTest\",\"afterHook\",\"afterSuite\",\"afterSession\",\"after\",\"onComplete\",\"beforeAssertion\",\"afterAssertion\",\"beforeFeature\",\"beforeScenario\",\"beforeStep\",\"afterStep\",\"afterScenario\",\"afterFeature\",\"_\",\"suite\",\"$0\",\"ignoredWorkerServices\",\"wdi5\"]"}]}
COMMAND: POST /session/652b5fe75fdd0bb6263b24ae98cbc99a/execute/async - {"script":"<script> [21126 bytes]","args":[35000]}
RESULT: {"script":"<script> [21126 bytes]","args":[35000]}
]]></system-out>
    </testcase>
    <testcase classname="chrome.136_0_7103_49.windows.Create_2_Yards_US112496" name="Should create a WHM yard" time="63.514">
      <system-out><![CDATA[
COMMAND: POST /session/652b5fe75fdd0bb6263b24ae98cbc99a/execute/async - {"script":"<script> [1562 bytes]","args":[{"selector":{"controlType":"sap.ui.core.Icon","viewName":"etm.portal.ui.manageyards.view.Master","viewId":"application-manageyards-display-component---masterYard","properties":{"src":{"regex":{"source":"add"}}}},"wdio_ui5_key":"etmportal.ui.manageyards.view.Mastersap.ui.core.Icon{\"src\":{\"regex\":{\"source\":\"add\"}}}"}]}
RESULT: {"script":"<script> [1562 bytes]","args":[{"selector":{"controlType":"sap.ui.core.Icon","viewName":"etm.portal.ui.manageyards.view.Master","viewId":"application-manageyards-display-component---masterYard","properties":{"src":{"regex":{"source":"add"}}}},"wdio_ui5_key":"etmportal.ui.manageyards.view.Mastersap.ui.core.Icon{\"src\":{\"regex\":{\"source\":\"add\"}}}"}]}
RESULT: undefined
COMMAND: POST /session/652b5fe75fdd0bb6263b24ae98cbc99a/element - {"using":"xpath","value":"//*[@id=\"__button9-img\"]"}
RESULT: {"using":"xpath","value":"//*[@id=\"__button9-img\"]"}
COMMAND: POST /session/652b5fe75fdd0bb6263b24ae98cbc99a/element/f.F756EF649BFACFC99A3D872C6535431B.d.5B816BBE63AB588605D6BE60D52EA8AB.e.2036/click - {}
RESULT: {}
COMMAND: GET /session/652b5fe75fdd0bb6263b24ae98cbc99a/screenshot - {}
RESULT: {}
COMMAND: POST /session/652b5fe75fdd0bb6263b24ae98cbc99a/execute/async - {"script":"<script> [1562 bytes]","args":[{"selector":{"id":"application-manageyards-display-component---NewYard--yardId","interaction":{"idSuffix":"inner"}},"wdio_ui5_key":"applicationmanageyards-display-component---NewYard--yardId"}]}
RESULT: {"script":"<script> [1562 bytes]","args":[{"selector":{"id":"application-manageyards-display-component---NewYard--yardId","interaction":{"idSuffix":"inner"}},"wdio_ui5_key":"applicationmanageyards-display-component---NewYard--yardId"}]}
RESULT: undefined
COMMAND: POST /session/652b5fe75fdd0bb6263b24ae98cbc99a/element - {"using":"xpath","value":"//*[@id=\"application-manageyards-display-component---NewYard--addressDetailDetailsName1-inner\"]"}
RESULT: {"using":"xpath","value":"//*[@id=\"application-manageyards-display-component---NewYard--addressDetailDetailsName1-inner\"]"}
COMMAND: POST /session/652b5fe75fdd0bb6263b24ae98cbc99a/element/f.F756EF649BFACFC99A3D872C6535431B.d.5B816BBE63AB588605D6BE60D52EA8AB.e.2275/clear - {}
RESULT: {}
COMMAND: POST /session/652b5fe75fdd0bb6263b24ae98cbc99a/element/f.F756EF649BFACFC99A3D872C6535431B.d.5B816BBE63AB588605D6BE60D52EA8AB.e.2275/value - {"text":"Webdriver WHM Yard 6vkk2f"}
COMMAND: GET /session/652b5fe75fdd0bb6263b24ae98cbc99a/screenshot - {}
RESULT: {"text":"Webdriver WHM Yard 6vkk2f"}
COMMAND: POST /session/652b5fe75fdd0bb6263b24ae98cbc99a/element - {"using":"xpath","value":"//*[@id=\"application-manageyards-display-component---NewYard--addressDetailDetailsLanguage-inner\"]"}
COMMAND: GET /session/652b5fe75fdd0bb6263b24ae98cbc99a/screenshot - {}
RESULT: {}
RESULT: {"using":"xpath","value":"//*[@id=\"application-manageyards-display-component---NewYard--addressDetailDetailsLanguage-inner\"]"}
COMMAND: POST /session/652b5fe75fdd0bb6263b24ae98cbc99a/element/f.F756EF649BFACFC99A3D872C6535431B.d.5B816BBE63AB588605D6BE60D52EA8AB.e.2276/clear - {}
RESULT: {}
RESULT: {}
COMMAND: POST /session/652b5fe75fdd0bb6263b24ae98cbc99a/element/f.F756EF649BFACFC99A3D872C6535431B.d.5B816BBE63AB588605D6BE60D52EA8AB.e.2276/value - {"text":"Romanian"}
COMMAND: GET /session/652b5fe75fdd0bb6263b24ae98cbc99a/screenshot - {}
RESULT: {"text":"Romanian"}
COMMAND: GET /session/652b5fe75fdd0bb6263b24ae98cbc99a/screenshot - {}
RESULT: {}
RESULT: {}
COMMAND: POST /session/652b5fe75fdd0bb6263b24ae98cbc99a/element - {"using":"xpath","value":"//*[@id=\"application-manageyards-display-component---NewYard--addressDetailDetailsCity1-inner\"]"}
RESULT: {"using":"xpath","value":"//*[@id=\"application-manageyards-display-component---NewYard--addressDetailDetailsCity1-inner\"]"}
COMMAND: POST /session/652b5fe75fdd0bb6263b24ae98cbc99a/element/f.F756EF649BFACFC99A3D872C6535431B.d.5B816BBE63AB588605D6BE60D52EA8AB.e.2278/clear - {}
RESULT: {}
COMMAND: POST /session/652b5fe75fdd0bb6263b24ae98cbc99a/element/f.F756EF649BFACFC99A3D872C6535431B.d.5B816BBE63AB588605D6BE60D52EA8AB.e.2278/value - {"text":"Bucuresti"}
COMMAND: GET /session/652b5fe75fdd0bb6263b24ae98cbc99a/screenshot - {}
RESULT: {"text":"Bucuresti"}
COMMAND: GET /session/652b5fe75fdd0bb6263b24ae98cbc99a/screenshot - {}
RESULT: {}
RESULT: {}
COMMAND: POST /session/652b5fe75fdd0bb6263b24ae98cbc99a/element - {"using":"xpath","value":"//*[@id=\"application-manageyards-display-component---NewYard--addressDetailDetailsCountry-inner\"]"}
RESULT: {"using":"xpath","value":"//*[@id=\"application-manageyards-display-component---NewYard--addressDetailDetailsCountry-inner\"]"}
COMMAND: POST /session/652b5fe75fdd0bb6263b24ae98cbc99a/element/f.F756EF649BFACFC99A3D872C6535431B.d.5B816BBE63AB588605D6BE60D52EA8AB.e.2282/clear - {}
RESULT: {}
COMMAND: POST /session/652b5fe75fdd0bb6263b24ae98cbc99a/element/f.F756EF649BFACFC99A3D872C6535431B.d.5B816BBE63AB588605D6BE60D52EA8AB.e.2282/value - {"text":"Romania"}
COMMAND: GET /session/652b5fe75fdd0bb6263b24ae98cbc99a/screenshot - {}
RESULT: {"text":"Romania"}
COMMAND: GET /session/652b5fe75fdd0bb6263b24ae98cbc99a/screenshot - {}
RESULT: {}
RESULT: {}
COMMAND: POST /session/652b5fe75fdd0bb6263b24ae98cbc99a/execute/async - {"script":"<script> [1562 bytes]","args":[{"selector":{"controlType":"sap.m.Button","viewName":"etm.portal.ui.manageyards.view.New","viewId":"application-manageyards-display-component---NewYard","properties":{"text":"Commercial"},"interaction":{"idSuffix":"BDI-content"}},"wdio_ui5_key":"etmportal.ui.manageyards.view.Newsap.m.Button{\"text\":\"Commercial\"}"}]}
RESULT: {"script":"<script> [1562 bytes]","args":[{"selector":{"controlType":"sap.m.Button","viewName":"etm.portal.ui.manageyards.view.New","viewId":"application-manageyards-display-component---NewYard","properties":{"text":"Commercial"},"interaction":{"idSuffix":"BDI-content"}},"wdio_ui5_key":"etmportal.ui.manageyards.view.Newsap.m.Button{\"text\":\"Commercial\"}"}]}
RESULT: undefined
COMMAND: POST /session/652b5fe75fdd0bb6263b24ae98cbc99a/element - {"using":"xpath","value":"//*[@id=\"application-manageyards-display-component---NewYard--ObjectPageLayout-anchBar-__section17-anchor\"]"}
RESULT: {"using":"xpath","value":"//*[@id=\"application-manageyards-display-component---NewYard--ObjectPageLayout-anchBar-__section17-anchor\"]"}
COMMAND: POST /session/652b5fe75fdd0bb6263b24ae98cbc99a/element/f.F756EF649BFACFC99A3D872C6535431B.d.5B816BBE63AB588605D6BE60D52EA8AB.e.2425/click - {}
RESULT: {}
COMMAND: GET /session/652b5fe75fdd0bb6263b24ae98cbc99a/screenshot - {}
RESULT: {}
COMMAND: POST /session/652b5fe75fdd0bb6263b24ae98cbc99a/element - {"using":"xpath","value":"//input[@id='application-manageyards-display-component---NewYard--addressEditDetailsCostObjectCstType-inner']"}
RESULT: {"using":"xpath","value":"//input[@id='application-manageyards-display-component---NewYard--addressEditDetailsCostObjectCstType-inner']"}
COMMAND: POST /session/652b5fe75fdd0bb6263b24ae98cbc99a/execute/sync - {"script":"<script> [8489 bytes]","args":[{"element-6066-11e4-a52e-4f735466cecf":"f.F756EF649BFACFC99A3D872C6535431B.d.5B816BBE63AB588605D6BE60D52EA8AB.e.2288","ELEMENT":"f.F756EF649BFACFC99A3D872C6535431B.d.5B816BBE63AB588605D6BE60D52EA8AB.e.2288"}]}
RESULT: {"script":"<script> [8489 bytes]","args":[{"element-6066-11e4-a52e-4f735466cecf":"f.F756EF649BFACFC99A3D872C6535431B.d.5B816BBE63AB588605D6BE60D52EA8AB.e.2288","ELEMENT":"f.F756EF649BFACFC99A3D872C6535431B.d.5B816BBE63AB588605D6BE60D52EA8AB.e.2288"}]}
COMMAND: POST /session/652b5fe75fdd0bb6263b24ae98cbc99a/element/f.F756EF649BFACFC99A3D872C6535431B.d.5B816BBE63AB588605D6BE60D52EA8AB.e.2288/clear - {}
COMMAND: GET /session/652b5fe75fdd0bb6263b24ae98cbc99a/screenshot - {}
RESULT: {}
COMMAND: POST /session/652b5fe75fdd0bb6263b24ae98cbc99a/element/f.F756EF649BFACFC99A3D872C6535431B.d.5B816BBE63AB588605D6BE60D52EA8AB.e.2288/value - {"text":"Cost"}
COMMAND: GET /session/652b5fe75fdd0bb6263b24ae98cbc99a/screenshot - {}
RESULT: {}
RESULT: {"text":"Cost"}
COMMAND: GET /session/652b5fe75fdd0bb6263b24ae98cbc99a/screenshot - {}
RESULT: {}
RESULT: {}
COMMAND: POST /session/652b5fe75fdd0bb6263b24ae98cbc99a/execute/async - {"script":"<script> [1562 bytes]","args":[{"selector":{"id":"application-manageyards-display-component---NewYard--addressNewCostObjectCstID","interaction":{"idSuffix":"inner"}},"wdio_ui5_key":"applicationmanageyards-display-component---NewYard--addressNewCostObjectCstID"}]}
RESULT: {"script":"<script> [1562 bytes]","args":[{"selector":{"id":"application-manageyards-display-component---NewYard--addressNewCostObjectCstID","interaction":{"idSuffix":"inner"}},"wdio_ui5_key":"applicationmanageyards-display-component---NewYard--addressNewCostObjectCstID"}]}
RESULT: undefined
COMMAND: POST /session/652b5fe75fdd0bb6263b24ae98cbc99a/execute/async - {"script":"<script> [776 bytes]","args":[{"enterText":"10001013","selector":{"id":"application-manageyards-display-component---NewYard--addressNewCostObjectCstID","interaction":{"idSuffix":"inner"}},"clearTextFirst":true,"interactionType":"ENTER_TEXT"}]}
RESULT: {"script":"<script> [776 bytes]","args":[{"enterText":"10001013","selector":{"id":"application-manageyards-display-component---NewYard--addressNewCostObjectCstID","interaction":{"idSuffix":"inner"}},"clearTextFirst":true,"interactionType":"ENTER_TEXT"}]}
COMMAND: POST /session/652b5fe75fdd0bb6263b24ae98cbc99a/actions - {"actions":[{"id":"action4","type":"key","parameters":{},"actions":[{"type":"keyDown","value":"î€‡"},{"type":"pause","duration":10},{"type":"keyUp","value":"î€‡"}]}]}
RESULT: {"actions":[{"id":"action4","type":"key","parameters":{},"actions":[{"type":"keyDown","value":"î€‡"},{"type":"pause","duration":10},{"type":"keyUp","value":"î€‡"}]}]}
COMMAND: POST /session/652b5fe75fdd0bb6263b24ae98cbc99a/execute/async - {"script":"<script> [1562 bytes]","args":[{"selector":{"id":"application-manageyards-display-component---NewYard--addressEditDetailsCurrency","interaction":{"idSuffix":"inner"}},"wdio_ui5_key":"applicationmanageyards-display-component---NewYard--addressEditDetailsCurrency"}]}
COMMAND: GET /session/652b5fe75fdd0bb6263b24ae98cbc99a/screenshot - {}
RESULT: {"script":"<script> [1562 bytes]","args":[{"selector":{"id":"application-manageyards-display-component---NewYard--addressEditDetailsCurrency","interaction":{"idSuffix":"inner"}},"wdio_ui5_key":"applicationmanageyards-display-component---NewYard--addressEditDetailsCurrency"}]}
RESULT: undefined
COMMAND: POST /session/652b5fe75fdd0bb6263b24ae98cbc99a/execute/async - {"script":"<script> [776 bytes]","args":[{"enterText":"Euro","selector":{"id":"application-manageyards-display-component---NewYard--addressEditDetailsCurrency","interaction":{"idSuffix":"inner"}},"clearTextFirst":true,"interactionType":"ENTER_TEXT"}]}
RESULT: {}
RESULT: {"script":"<script> [776 bytes]","args":[{"enterText":"Euro","selector":{"id":"application-manageyards-display-component---NewYard--addressEditDetailsCurrency","interaction":{"idSuffix":"inner"}},"clearTextFirst":true,"interactionType":"ENTER_TEXT"}]}
COMMAND: POST /session/652b5fe75fdd0bb6263b24ae98cbc99a/execute/async - {"script":"<script> [1562 bytes]","args":[{"selector":{"controlType":"sap.m.Input","viewName":"etm.portal.ui.manageyards.view.New","viewId":"application-manageyards-display-component---NewYard","bindingPath":{"path":"","propertyPath":"/CONTROLLING_AREA","modelName":"NewYardModel"},"interaction":{"idSuffix":"inner"}},"wdio_ui5_key":"etmportal.ui.manageyards.view.Newsap.m.Input{\"path\":\"\",\"propertyPath\":\"/CONTROLLING_AREA\",\"modelName\":\"NewYardModel\"}"}]}
RESULT: {"script":"<script> [1562 bytes]","args":[{"selector":{"controlType":"sap.m.Input","viewName":"etm.portal.ui.manageyards.view.New","viewId":"application-manageyards-display-component---NewYard","bindingPath":{"path":"","propertyPath":"/CONTROLLING_AREA","modelName":"NewYardModel"},"interaction":{"idSuffix":"inner"}},"wdio_ui5_key":"etmportal.ui.manageyards.view.Newsap.m.Input{\"path\":\"\",\"propertyPath\":\"/CONTROLLING_AREA\",\"modelName\":\"NewYardModel\"}"}]}
RESULT: undefined
COMMAND: POST /session/652b5fe75fdd0bb6263b24ae98cbc99a/execute/async - {"script":"<script> [776 bytes]","args":[{"enterText":"Z001","selector":{"controlType":"sap.m.Input","viewName":"etm.portal.ui.manageyards.view.New","viewId":"application-manageyards-display-component---NewYard","bindingPath":{"path":"","propertyPath":"/CONTROLLING_AREA","modelName":"NewYardModel"},"interaction":{"idSuffix":"inner"}},"clearTextFirst":true,"interactionType":"ENTER_TEXT"}]}
RESULT: {"script":"<script> [776 bytes]","args":[{"enterText":"Z001","selector":{"controlType":"sap.m.Input","viewName":"etm.portal.ui.manageyards.view.New","viewId":"application-manageyards-display-component---NewYard","bindingPath":{"path":"","propertyPath":"/CONTROLLING_AREA","modelName":"NewYardModel"},"interaction":{"idSuffix":"inner"}},"clearTextFirst":true,"interactionType":"ENTER_TEXT"}]}
COMMAND: POST /session/652b5fe75fdd0bb6263b24ae98cbc99a/execute/async - {"script":"<script> [1562 bytes]","args":[{"selector":{"id":"application-manageyards-display-component---NewYard--companyCodeComboBox","interaction":{"idSuffix":"inner"}},"wdio_ui5_key":"applicationmanageyards-display-component---NewYard--companyCodeComboBox"}]}
RESULT: {"script":"<script> [1562 bytes]","args":[{"selector":{"id":"application-manageyards-display-component---NewYard--companyCodeComboBox","interaction":{"idSuffix":"inner"}},"wdio_ui5_key":"applicationmanageyards-display-component---NewYard--companyCodeComboBox"}]}
RESULT: undefined
COMMAND: POST /session/652b5fe75fdd0bb6263b24ae98cbc99a/execute/async - {"script":"<script> [776 bytes]","args":[{"enterText":"1000","selector":{"id":"application-manageyards-display-component---NewYard--companyCodeComboBox","interaction":{"idSuffix":"inner"}},"clearTextFirst":true,"interactionType":"ENTER_TEXT"}]}
RESULT: {"script":"<script> [776 bytes]","args":[{"enterText":"1000","selector":{"id":"application-manageyards-display-component---NewYard--companyCodeComboBox","interaction":{"idSuffix":"inner"}},"clearTextFirst":true,"interactionType":"ENTER_TEXT"}]}
COMMAND: POST /session/652b5fe75fdd0bb6263b24ae98cbc99a/actions - {"actions":[{"id":"action5","type":"key","parameters":{},"actions":[{"type":"keyDown","value":"î€‡"},{"type":"pause","duration":10},{"type":"keyUp","value":"î€‡"}]}]}
RESULT: {"actions":[{"id":"action5","type":"key","parameters":{},"actions":[{"type":"keyDown","value":"î€‡"},{"type":"pause","duration":10},{"type":"keyUp","value":"î€‡"}]}]}
COMMAND: POST /session/652b5fe75fdd0bb6263b24ae98cbc99a/execute/async - {"script":"<script> [1562 bytes]","args":[{"selector":{"controlType":"sap.m.Input","viewName":"etm.portal.ui.manageyards.view.New","viewId":"application-manageyards-display-component---NewYard","bindingPath":{"path":"","propertyPath":"/PLANT","modelName":"NewYardModel"},"interaction":{"idSuffix":"inner"}},"wdio_ui5_key":"etmportal.ui.manageyards.view.Newsap.m.Input{\"path\":\"\",\"propertyPath\":\"/PLANT\",\"modelName\":\"NewYardModel\"}"}]}
COMMAND: GET /session/652b5fe75fdd0bb6263b24ae98cbc99a/screenshot - {}
RESULT: {"script":"<script> [1562 bytes]","args":[{"selector":{"controlType":"sap.m.Input","viewName":"etm.portal.ui.manageyards.view.New","viewId":"application-manageyards-display-component---NewYard","bindingPath":{"path":"","propertyPath":"/PLANT","modelName":"NewYardModel"},"interaction":{"idSuffix":"inner"}},"wdio_ui5_key":"etmportal.ui.manageyards.view.Newsap.m.Input{\"path\":\"\",\"propertyPath\":\"/PLANT\",\"modelName\":\"NewYardModel\"}"}]}
RESULT: undefined
COMMAND: POST /session/652b5fe75fdd0bb6263b24ae98cbc99a/execute/async - {"script":"<script> [776 bytes]","args":[{"enterText":"1001","selector":{"controlType":"sap.m.Input","viewName":"etm.portal.ui.manageyards.view.New","viewId":"application-manageyards-display-component---NewYard","bindingPath":{"path":"","propertyPath":"/PLANT","modelName":"NewYardModel"},"interaction":{"idSuffix":"inner"}},"clearTextFirst":true,"interactionType":"ENTER_TEXT"}]}
RESULT: {}
RESULT: {"script":"<script> [776 bytes]","args":[{"enterText":"1001","selector":{"controlType":"sap.m.Input","viewName":"etm.portal.ui.manageyards.view.New","viewId":"application-manageyards-display-component---NewYard","bindingPath":{"path":"","propertyPath":"/PLANT","modelName":"NewYardModel"},"interaction":{"idSuffix":"inner"}},"clearTextFirst":true,"interactionType":"ENTER_TEXT"}]}
COMMAND: POST /session/652b5fe75fdd0bb6263b24ae98cbc99a/execute/async - {"script":"<script> [1562 bytes]","args":[{"selector":{"controlType":"sap.m.Input","viewName":"etm.portal.ui.manageyards.view.New","viewId":"application-manageyards-display-component---NewYard","bindingPath":{"path":"","propertyPath":"/SALES_AREA_VKORG","modelName":"NewYardModel"},"interaction":{"idSuffix":"inner"}},"wdio_ui5_key":"etmportal.ui.manageyards.view.Newsap.m.Input{\"path\":\"\",\"propertyPath\":\"/SALES_AREA_VKORG\",\"modelName\":\"NewYardModel\"}"}]}
RESULT: {"script":"<script> [1562 bytes]","args":[{"selector":{"controlType":"sap.m.Input","viewName":"etm.portal.ui.manageyards.view.New","viewId":"application-manageyards-display-component---NewYard","bindingPath":{"path":"","propertyPath":"/SALES_AREA_VKORG","modelName":"NewYardModel"},"interaction":{"idSuffix":"inner"}},"wdio_ui5_key":"etmportal.ui.manageyards.view.Newsap.m.Input{\"path\":\"\",\"propertyPath\":\"/SALES_AREA_VKORG\",\"modelName\":\"NewYardModel\"}"}]}
RESULT: undefined
COMMAND: POST /session/652b5fe75fdd0bb6263b24ae98cbc99a/execute/async - {"script":"<script> [776 bytes]","args":[{"enterText":"C002","selector":{"controlType":"sap.m.Input","viewName":"etm.portal.ui.manageyards.view.New","viewId":"application-manageyards-display-component---NewYard","bindingPath":{"path":"","propertyPath":"/SALES_AREA_VKORG","modelName":"NewYardModel"},"interaction":{"idSuffix":"inner"}},"clearTextFirst":true,"interactionType":"ENTER_TEXT"}]}
RESULT: {"script":"<script> [776 bytes]","args":[{"enterText":"C002","selector":{"controlType":"sap.m.Input","viewName":"etm.portal.ui.manageyards.view.New","viewId":"application-manageyards-display-component---NewYard","bindingPath":{"path":"","propertyPath":"/SALES_AREA_VKORG","modelName":"NewYardModel"},"interaction":{"idSuffix":"inner"}},"clearTextFirst":true,"interactionType":"ENTER_TEXT"}]}
COMMAND: POST /session/652b5fe75fdd0bb6263b24ae98cbc99a/execute/async - {"script":"<script> [1562 bytes]","args":[{"selector":{"controlType":"sap.m.Input","viewName":"etm.portal.ui.manageyards.view.New","viewId":"application-manageyards-display-component---NewYard","bindingPath":{"path":"","propertyPath":"/SALES_AREA_VTWEG","modelName":"NewYardModel"},"interaction":{"idSuffix":"inner"}},"wdio_ui5_key":"etmportal.ui.manageyards.view.Newsap.m.Input{\"path\":\"\",\"propertyPath\":\"/SALES_AREA_VTWEG\",\"modelName\":\"NewYardModel\"}"}]}
RESULT: {"script":"<script> [1562 bytes]","args":[{"selector":{"controlType":"sap.m.Input","viewName":"etm.portal.ui.manageyards.view.New","viewId":"application-manageyards-display-component---NewYard","bindingPath":{"path":"","propertyPath":"/SALES_AREA_VTWEG","modelName":"NewYardModel"},"interaction":{"idSuffix":"inner"}},"wdio_ui5_key":"etmportal.ui.manageyards.view.Newsap.m.Input{\"path\":\"\",\"propertyPath\":\"/SALES_AREA_VTWEG\",\"modelName\":\"NewYardModel\"}"}]}
RESULT: undefined
COMMAND: POST /session/652b5fe75fdd0bb6263b24ae98cbc99a/execute/async - {"script":"<script> [776 bytes]","args":[{"enterText":"C2","selector":{"controlType":"sap.m.Input","viewName":"etm.portal.ui.manageyards.view.New","viewId":"application-manageyards-display-component---NewYard","bindingPath":{"path":"","propertyPath":"/SALES_AREA_VTWEG","modelName":"NewYardModel"},"interaction":{"idSuffix":"inner"}},"clearTextFirst":true,"interactionType":"ENTER_TEXT"}]}
RESULT: {"script":"<script> [776 bytes]","args":[{"enterText":"C2","selector":{"controlType":"sap.m.Input","viewName":"etm.portal.ui.manageyards.view.New","viewId":"application-manageyards-display-component---NewYard","bindingPath":{"path":"","propertyPath":"/SALES_AREA_VTWEG","modelName":"NewYardModel"},"interaction":{"idSuffix":"inner"}},"clearTextFirst":true,"interactionType":"ENTER_TEXT"}]}
COMMAND: POST /session/652b5fe75fdd0bb6263b24ae98cbc99a/execute/async - {"script":"<script> [1562 bytes]","args":[{"selector":{"controlType":"sap.m.Input","viewName":"etm.portal.ui.manageyards.view.New","viewId":"application-manageyards-display-component---NewYard","bindingPath":{"path":"","propertyPath":"/SALES_AREA_SPART","modelName":"NewYardModel"},"interaction":{"idSuffix":"inner"}},"wdio_ui5_key":"etmportal.ui.manageyards.view.Newsap.m.Input{\"path\":\"\",\"propertyPath\":\"/SALES_AREA_SPART\",\"modelName\":\"NewYardModel\"}"}]}
RESULT: {"script":"<script> [1562 bytes]","args":[{"selector":{"controlType":"sap.m.Input","viewName":"etm.portal.ui.manageyards.view.New","viewId":"application-manageyards-display-component---NewYard","bindingPath":{"path":"","propertyPath":"/SALES_AREA_SPART","modelName":"NewYardModel"},"interaction":{"idSuffix":"inner"}},"wdio_ui5_key":"etmportal.ui.manageyards.view.Newsap.m.Input{\"path\":\"\",\"propertyPath\":\"/SALES_AREA_SPART\",\"modelName\":\"NewYardModel\"}"}]}
RESULT: undefined
COMMAND: POST /session/652b5fe75fdd0bb6263b24ae98cbc99a/execute/async - {"script":"<script> [776 bytes]","args":[{"enterText":"C2","selector":{"controlType":"sap.m.Input","viewName":"etm.portal.ui.manageyards.view.New","viewId":"application-manageyards-display-component---NewYard","bindingPath":{"path":"","propertyPath":"/SALES_AREA_SPART","modelName":"NewYardModel"},"interaction":{"idSuffix":"inner"}},"clearTextFirst":true,"interactionType":"ENTER_TEXT"}]}
RESULT: {"script":"<script> [776 bytes]","args":[{"enterText":"C2","selector":{"controlType":"sap.m.Input","viewName":"etm.portal.ui.manageyards.view.New","viewId":"application-manageyards-display-component---NewYard","bindingPath":{"path":"","propertyPath":"/SALES_AREA_SPART","modelName":"NewYardModel"},"interaction":{"idSuffix":"inner"}},"clearTextFirst":true,"interactionType":"ENTER_TEXT"}]}
COMMAND: POST /session/652b5fe75fdd0bb6263b24ae98cbc99a/execute/async - {"script":"<script> [1562 bytes]","args":[{"selector":{"id":"application-manageyards-display-component---NewYard--whmCheckBox","interaction":{"idSuffix":"CbBg"}},"wdio_ui5_key":"applicationmanageyards-display-component---NewYard--whmCheckBox"}]}
RESULT: {"script":"<script> [1562 bytes]","args":[{"selector":{"id":"application-manageyards-display-component---NewYard--whmCheckBox","interaction":{"idSuffix":"CbBg"}},"wdio_ui5_key":"applicationmanageyards-display-component---NewYard--whmCheckBox"}]}
RESULT: undefined
COMMAND: POST /session/652b5fe75fdd0bb6263b24ae98cbc99a/element - {"using":"xpath","value":"//*[@id=\"application-manageyards-display-component---NewYard--whmCheckBox\"]"}
RESULT: {"using":"xpath","value":"//*[@id=\"application-manageyards-display-component---NewYard--whmCheckBox\"]"}
COMMAND: POST /session/652b5fe75fdd0bb6263b24ae98cbc99a/element/f.F756EF649BFACFC99A3D872C6535431B.d.5B816BBE63AB588605D6BE60D52EA8AB.e.2448/click - {}
RESULT: {}
COMMAND: POST /session/652b5fe75fdd0bb6263b24ae98cbc99a/execute/async - {"script":"<script> [1562 bytes]","args":[{"selector":{"controlType":"sap.m.Button","viewName":"etm.portal.ui.manageyards.view.New","viewId":"application-manageyards-display-component---NewYard","i18NText":{"propertyName":"text","key":"save"},"interaction":{"idSuffix":"inner"}},"wdio_ui5_key":"etmportal.ui.manageyards.view.Newsap.m.Button{\"propertyName\":\"text\",\"key\":\"save\"}"}]}
COMMAND: GET /session/652b5fe75fdd0bb6263b24ae98cbc99a/screenshot - {}
RESULT: {"script":"<script> [1562 bytes]","args":[{"selector":{"controlType":"sap.m.Button","viewName":"etm.portal.ui.manageyards.view.New","viewId":"application-manageyards-display-component---NewYard","i18NText":{"propertyName":"text","key":"save"},"interaction":{"idSuffix":"inner"}},"wdio_ui5_key":"etmportal.ui.manageyards.view.Newsap.m.Button{\"propertyName\":\"text\",\"key\":\"save\"}"}]}
RESULT: undefined
COMMAND: POST /session/652b5fe75fdd0bb6263b24ae98cbc99a/element - {"using":"xpath","value":"//*[@id=\"__button41\"]"}
RESULT: {}
RESULT: {"using":"xpath","value":"//*[@id=\"__button41\"]"}
COMMAND: POST /session/652b5fe75fdd0bb6263b24ae98cbc99a/element/f.F756EF649BFACFC99A3D872C6535431B.d.5B816BBE63AB588605D6BE60D52EA8AB.e.2409/click - {}
RESULT: {}
COMMAND: GET /session/652b5fe75fdd0bb6263b24ae98cbc99a/screenshot - {}
RESULT: {}
COMMAND: POST /session/652b5fe75fdd0bb6263b24ae98cbc99a/element - {"using":"xpath","value":"//header/div/div/div/div/div/div[2]/div/span"}
RESULT: {"using":"xpath","value":"//header/div/div/div/div/div/div[2]/div/span"}
COMMAND: GET /session/652b5fe75fdd0bb6263b24ae98cbc99a/element/f.F756EF649BFACFC99A3D872C6535431B.d.5B816BBE63AB588605D6BE60D52EA8AB.e.2655/text - {}
RESULT: {}
COMMAND: POST /session/652b5fe75fdd0bb6263b24ae98cbc99a/element - {"using":"xpath","value":"//header/div/div[2]/div[2]/span"}
RESULT: {"using":"xpath","value":"//header/div/div[2]/div[2]/span"}
COMMAND: GET /session/652b5fe75fdd0bb6263b24ae98cbc99a/element/f.F756EF649BFACFC99A3D872C6535431B.d.5B816BBE63AB588605D6BE60D52EA8AB.e.2656/text - {}
RESULT: {}
COMMAND: POST /session/652b5fe75fdd0bb6263b24ae98cbc99a/element - {"using":"css selector","value":"#j_username"}
COMMAND: POST /session/652b5fe75fdd0bb6263b24ae98cbc99a/url - {"url":"https://qa-testing-00-live-etm-ui.cfapps.eu10-004.hana.ondemand.com/"}
RESULT: {"url":"https://qa-testing-00-live-etm-ui.cfapps.eu10-004.hana.ondemand.com/"}
RESULT: undefined
COMMAND: GET /session/652b5fe75fdd0bb6263b24ae98cbc99a/screenshot - {}
RESULT: {"using":"css selector","value":"#j_username"}
COMMAND: POST /session/652b5fe75fdd0bb6263b24ae98cbc99a/element - {"using":"css selector","value":"#j_username"}
RESULT: {}
RESULT: {"using":"css selector","value":"#j_username"}
COMMAND: POST /session/652b5fe75fdd0bb6263b24ae98cbc99a/element - {"using":"css selector","value":"#shell-header-logo"}
RESULT: {"using":"css selector","value":"#shell-header-logo"}
COMMAND: POST /session/652b5fe75fdd0bb6263b24ae98cbc99a/execute/sync - {"script":"<script> [8489 bytes]","args":[{"element-6066-11e4-a52e-4f735466cecf":"f.F756EF649BFACFC99A3D872C6535431B.d.307272D72BFEB624DE2C10DE6EA3B3BA.e.2669","ELEMENT":"f.F756EF649BFACFC99A3D872C6535431B.d.307272D72BFEB624DE2C10DE6EA3B3BA.e.2669"}]}
RESULT: {"script":"<script> [8489 bytes]","args":[{"element-6066-11e4-a52e-4f735466cecf":"f.F756EF649BFACFC99A3D872C6535431B.d.307272D72BFEB624DE2C10DE6EA3B3BA.e.2669","ELEMENT":"f.F756EF649BFACFC99A3D872C6535431B.d.307272D72BFEB624DE2C10DE6EA3B3BA.e.2669"}]}
COMMAND: POST /session/652b5fe75fdd0bb6263b24ae98cbc99a/element - {"using":"css selector","value":"#shell-header-logo"}
COMMAND: GET /session/652b5fe75fdd0bb6263b24ae98cbc99a/screenshot - {}
RESULT: {"using":"css selector","value":"#shell-header-logo"}
COMMAND: POST /session/652b5fe75fdd0bb6263b24ae98cbc99a/execute/sync - {"script":"<script> [8489 bytes]","args":[{"element-6066-11e4-a52e-4f735466cecf":"f.F756EF649BFACFC99A3D872C6535431B.d.307272D72BFEB624DE2C10DE6EA3B3BA.e.2669","ELEMENT":"f.F756EF649BFACFC99A3D872C6535431B.d.307272D72BFEB624DE2C10DE6EA3B3BA.e.2669"}]}
RESULT: {}
RESULT: {"script":"<script> [8489 bytes]","args":[{"element-6066-11e4-a52e-4f735466cecf":"f.F756EF649BFACFC99A3D872C6535431B.d.307272D72BFEB624DE2C10DE6EA3B3BA.e.2669","ELEMENT":"f.F756EF649BFACFC99A3D872C6535431B.d.307272D72BFEB624DE2C10DE6EA3B3BA.e.2669"}]}
COMMAND: POST /session/652b5fe75fdd0bb6263b24ae98cbc99a/execute/sync - {"script":"<script> [5351 bytes]","args":[{"element-6066-11e4-a52e-4f735466cecf":"f.F756EF649BFACFC99A3D872C6535431B.d.307272D72BFEB624DE2C10DE6EA3B3BA.e.2669","ELEMENT":"f.F756EF649BFACFC99A3D872C6535431B.d.307272D72BFEB624DE2C10DE6EA3B3BA.e.2669"}]}
COMMAND: GET /session/652b5fe75fdd0bb6263b24ae98cbc99a/screenshot - {}
RESULT: {"script":"<script> [5351 bytes]","args":[{"element-6066-11e4-a52e-4f735466cecf":"f.F756EF649BFACFC99A3D872C6535431B.d.307272D72BFEB624DE2C10DE6EA3B3BA.e.2669","ELEMENT":"f.F756EF649BFACFC99A3D872C6535431B.d.307272D72BFEB624DE2C10DE6EA3B3BA.e.2669"}]}
COMMAND: POST /session/652b5fe75fdd0bb6263b24ae98cbc99a/element - {"using":"css selector","value":"#shell-header-logo"}
COMMAND: GET /session/652b5fe75fdd0bb6263b24ae98cbc99a/screenshot - {}
RESULT: {}
RESULT: {"using":"css selector","value":"#shell-header-logo"}
COMMAND: POST /session/652b5fe75fdd0bb6263b24ae98cbc99a/element/f.F756EF649BFACFC99A3D872C6535431B.d.307272D72BFEB624DE2C10DE6EA3B3BA.e.2669/click - {}
RESULT: {}
RESULT: {}
COMMAND: GET /session/652b5fe75fdd0bb6263b24ae98cbc99a/screenshot - {}
RESULT: {}
COMMAND: POST /session/652b5fe75fdd0bb6263b24ae98cbc99a/execute/async - {"script":"<script> [189 bytes]","args":[]}
RESULT: {"script":"<script> [189 bytes]","args":[]}
COMMAND: POST /session/652b5fe75fdd0bb6263b24ae98cbc99a/execute/async - {"script":"<script> [123 bytes]","args":[]}
RESULT: {"script":"<script> [123 bytes]","args":[]}
COMMAND: POST /session/652b5fe75fdd0bb6263b24ae98cbc99a/timeouts - {"script":"<number>"}
RESULT: {"script":"<number>"}
COMMAND: GET /session/652b5fe75fdd0bb6263b24ae98cbc99a/timeouts - {}
RESULT: {}
RESULT: undefined
COMMAND: POST /session/652b5fe75fdd0bb6263b24ae98cbc99a/execute/async - {"script":"<script> [2676 bytes]","args":[]}
RESULT: {"script":"<script> [2676 bytes]","args":[]}
COMMAND: POST /session/652b5fe75fdd0bb6263b24ae98cbc99a/execute/async - {"script":"<script> [2342 bytes]","args":[{"protocol":"http","hostname":"0.0.0.0","path":"/","capabilities":{"browserName":"chrome","goog:chromeOptions":{"binary":"C:\\Program Files\\Google\\Chrome\\Application\\chrome.exe","args":["--start-maximized"]}},"logLevel":"warn","connectionRetryTimeout":120000,"connectionRetryCount":3,"logLevels":{},"enableDirectConnect":true,"strictSSL":true,"_":"65 more keys: [\"cacheDir\",\"port\",\"requestedCapabilities\",\"automationProtocol\",\"baseUrl\",\"waitforInterval\",\"waitforTimeout\",\"onReload\",\"beforeCommand\",\"afterCommand\",\"rootDir\",\"specs\",\"suites\",\"exclude\",\"groupLogsByTestSpec\",\"excludeDriverLogs\",\"bail\",\"framework\",\"reporters\",\"services\",\"maxInstances\",\"maxInstancesPerCapability\",\"injectGlobals\",\"filesToWatch\",\"execArgv\",\"runnerEnv\",\"runner\",\"shard\",\"specFileRetries\",\"specFileRetriesDelay\",\"specFileRetriesDeferred\",\"reporterSyncInterval\",\"reporterSyncTimeout\",\"cucumberFeaturesWithLineNumbers\",\"autoCompileOpts\",\"mochaOpts\",\"jasmineOpts\",\"cucumberOpts\",\"onPrepare\",\"onWorkerStart\",\"onWorkerEnd\",\"before\",\"beforeSession\",\"beforeSuite\",\"beforeHook\",\"beforeTest\",\"afterTest\",\"afterHook\",\"afterSuite\",\"afterSession\",\"after\",\"onComplete\",\"beforeAssertion\",\"afterAssertion\",\"beforeFeature\",\"beforeScenario\",\"beforeStep\",\"afterStep\",\"afterScenario\",\"afterFeature\",\"_\",\"suite\",\"$0\",\"ignoredWorkerServices\",\"wdi5\"]"}]}
RESULT: {"script":"<script> [2342 bytes]","args":[{"protocol":"http","hostname":"0.0.0.0","path":"/","capabilities":{"browserName":"chrome","goog:chromeOptions":{"binary":"C:\\Program Files\\Google\\Chrome\\Application\\chrome.exe","args":["--start-maximized"]}},"logLevel":"warn","connectionRetryTimeout":120000,"connectionRetryCount":3,"logLevels":{},"enableDirectConnect":true,"strictSSL":true,"_":"65 more keys: [\"cacheDir\",\"port\",\"requestedCapabilities\",\"automationProtocol\",\"baseUrl\",\"waitforInterval\",\"waitforTimeout\",\"onReload\",\"beforeCommand\",\"afterCommand\",\"rootDir\",\"specs\",\"suites\",\"exclude\",\"groupLogsByTestSpec\",\"excludeDriverLogs\",\"bail\",\"framework\",\"reporters\",\"services\",\"maxInstances\",\"maxInstancesPerCapability\",\"injectGlobals\",\"filesToWatch\",\"execArgv\",\"runnerEnv\",\"runner\",\"shard\",\"specFileRetries\",\"specFileRetriesDelay\",\"specFileRetriesDeferred\",\"reporterSyncInterval\",\"reporterSyncTimeout\",\"cucumberFeaturesWithLineNumbers\",\"autoCompileOpts\",\"mochaOpts\",\"jasmineOpts\",\"cucumberOpts\",\"onPrepare\",\"onWorkerStart\",\"onWorkerEnd\",\"before\",\"beforeSession\",\"beforeSuite\",\"beforeHook\",\"beforeTest\",\"afterTest\",\"afterHook\",\"afterSuite\",\"afterSession\",\"after\",\"onComplete\",\"beforeAssertion\",\"afterAssertion\",\"beforeFeature\",\"beforeScenario\",\"beforeStep\",\"afterStep\",\"afterScenario\",\"afterFeature\",\"_\",\"suite\",\"$0\",\"ignoredWorkerServices\",\"wdi5\"]"}]}
COMMAND: POST /session/652b5fe75fdd0bb6263b24ae98cbc99a/execute/async - {"script":"<script> [21126 bytes]","args":[35000]}
RESULT: {"script":"<script> [21126 bytes]","args":[35000]}
COMMAND: POST /session/652b5fe75fdd0bb6263b24ae98cbc99a/window/maximize - {}
RESULT: {}
COMMAND: POST /session/652b5fe75fdd0bb6263b24ae98cbc99a/execute/async - {"script":"<script> [1562 bytes]","args":[{"selector":{"id":"shell-header","interaction":{"idSuffix":"icon"}},"wdio_ui5_key":"shellheader"}]}
COMMAND: GET /session/652b5fe75fdd0bb6263b24ae98cbc99a/screenshot - {}
RESULT: {"script":"<script> [1562 bytes]","args":[{"selector":{"id":"shell-header","interaction":{"idSuffix":"icon"}},"wdio_ui5_key":"shellheader"}]}
RESULT: undefined
COMMAND: POST /session/652b5fe75fdd0bb6263b24ae98cbc99a/refresh - {}
RESULT: {}
RESULT: {}
COMMAND: GET /session/652b5fe75fdd0bb6263b24ae98cbc99a/screenshot - {}
RESULT: {}
COMMAND: POST /session/652b5fe75fdd0bb6263b24ae98cbc99a/refresh - {}
RESULT: {}
COMMAND: GET /session/652b5fe75fdd0bb6263b24ae98cbc99a/screenshot - {}
RESULT: {}
COMMAND: POST /session/652b5fe75fdd0bb6263b24ae98cbc99a/window/fullscreen - {}
RESULT: {}
COMMAND: POST /session/652b5fe75fdd0bb6263b24ae98cbc99a/execute/async - {"script":"<script> [189 bytes]","args":[]}
RESULT: {"script":"<script> [189 bytes]","args":[]}
COMMAND: POST /session/652b5fe75fdd0bb6263b24ae98cbc99a/execute/async - {"script":"<script> [123 bytes]","args":[]}
RESULT: {"script":"<script> [123 bytes]","args":[]}
COMMAND: POST /session/652b5fe75fdd0bb6263b24ae98cbc99a/timeouts - {"script":"<number>"}
RESULT: {"script":"<number>"}
COMMAND: GET /session/652b5fe75fdd0bb6263b24ae98cbc99a/timeouts - {}
RESULT: {}
RESULT: undefined
COMMAND: POST /session/652b5fe75fdd0bb6263b24ae98cbc99a/execute/async - {"script":"<script> [2676 bytes]","args":[]}
RESULT: {"script":"<script> [2676 bytes]","args":[]}
COMMAND: POST /session/652b5fe75fdd0bb6263b24ae98cbc99a/execute/async - {"script":"<script> [2342 bytes]","args":[{"protocol":"http","hostname":"0.0.0.0","path":"/","capabilities":{"browserName":"chrome","goog:chromeOptions":{"binary":"C:\\Program Files\\Google\\Chrome\\Application\\chrome.exe","args":["--start-maximized"]}},"logLevel":"warn","connectionRetryTimeout":120000,"connectionRetryCount":3,"logLevels":{},"enableDirectConnect":true,"strictSSL":true,"_":"65 more keys: [\"cacheDir\",\"port\",\"requestedCapabilities\",\"automationProtocol\",\"baseUrl\",\"waitforInterval\",\"waitforTimeout\",\"onReload\",\"beforeCommand\",\"afterCommand\",\"rootDir\",\"specs\",\"suites\",\"exclude\",\"groupLogsByTestSpec\",\"excludeDriverLogs\",\"bail\",\"framework\",\"reporters\",\"services\",\"maxInstances\",\"maxInstancesPerCapability\",\"injectGlobals\",\"filesToWatch\",\"execArgv\",\"runnerEnv\",\"runner\",\"shard\",\"specFileRetries\",\"specFileRetriesDelay\",\"specFileRetriesDeferred\",\"reporterSyncInterval\",\"reporterSyncTimeout\",\"cucumberFeaturesWithLineNumbers\",\"autoCompileOpts\",\"mochaOpts\",\"jasmineOpts\",\"cucumberOpts\",\"onPrepare\",\"onWorkerStart\",\"onWorkerEnd\",\"before\",\"beforeSession\",\"beforeSuite\",\"beforeHook\",\"beforeTest\",\"afterTest\",\"afterHook\",\"afterSuite\",\"afterSession\",\"after\",\"onComplete\",\"beforeAssertion\",\"afterAssertion\",\"beforeFeature\",\"beforeScenario\",\"beforeStep\",\"afterStep\",\"afterScenario\",\"afterFeature\",\"_\",\"suite\",\"$0\",\"ignoredWorkerServices\",\"wdi5\"]"}]}
RESULT: {"script":"<script> [2342 bytes]","args":[{"protocol":"http","hostname":"0.0.0.0","path":"/","capabilities":{"browserName":"chrome","goog:chromeOptions":{"binary":"C:\\Program Files\\Google\\Chrome\\Application\\chrome.exe","args":["--start-maximized"]}},"logLevel":"warn","connectionRetryTimeout":120000,"connectionRetryCount":3,"logLevels":{},"enableDirectConnect":true,"strictSSL":true,"_":"65 more keys: [\"cacheDir\",\"port\",\"requestedCapabilities\",\"automationProtocol\",\"baseUrl\",\"waitforInterval\",\"waitforTimeout\",\"onReload\",\"beforeCommand\",\"afterCommand\",\"rootDir\",\"specs\",\"suites\",\"exclude\",\"groupLogsByTestSpec\",\"excludeDriverLogs\",\"bail\",\"framework\",\"reporters\",\"services\",\"maxInstances\",\"maxInstancesPerCapability\",\"injectGlobals\",\"filesToWatch\",\"execArgv\",\"runnerEnv\",\"runner\",\"shard\",\"specFileRetries\",\"specFileRetriesDelay\",\"specFileRetriesDeferred\",\"reporterSyncInterval\",\"reporterSyncTimeout\",\"cucumberFeaturesWithLineNumbers\",\"autoCompileOpts\",\"mochaOpts\",\"jasmineOpts\",\"cucumberOpts\",\"onPrepare\",\"onWorkerStart\",\"onWorkerEnd\",\"before\",\"beforeSession\",\"beforeSuite\",\"beforeHook\",\"beforeTest\",\"afterTest\",\"afterHook\",\"afterSuite\",\"afterSession\",\"after\",\"onComplete\",\"beforeAssertion\",\"afterAssertion\",\"beforeFeature\",\"beforeScenario\",\"beforeStep\",\"afterStep\",\"afterScenario\",\"afterFeature\",\"_\",\"suite\",\"$0\",\"ignoredWorkerServices\",\"wdi5\"]"}]}
COMMAND: POST /session/652b5fe75fdd0bb6263b24ae98cbc99a/execute/async - {"script":"<script> [21126 bytes]","args":[35000]}
RESULT: {"script":"<script> [21126 bytes]","args":[35000]}
]]></system-out>
    </testcase>
  </testsuite>
  <testsuite timestamp="2025-05-13T15:24:29" time="201.645" tests="4" failures="0" errors="0" skipped="0">
    <properties>
      <property name="specId" value="0" />
      <property name="suiteName" value="Create partner US118246" />
      <property name="capabilities" value="chrome.136_0_7103_49.windows" />
      <property name="file" value="file:///D:/a/1/s/test/specs/BTS/create-partner.spec.js" />
    </properties>
    <testcase classname="chrome.136_0_7103_49.windows.Create_partner_US118246" name="Should create a new yard in case create yard failed" time="0.023">
      <system-out><![CDATA[
COMMAND: POST /session/652b5fe75fdd0bb6263b24ae98cbc99a/window/fullscreen - {}
RESULT: {}
]]></system-out>
    </testcase>
    <testcase classname="chrome.136_0_7103_49.windows.Create_partner_US118246" name="Should create new external partner" time="81.498">
      <system-out><![CDATA[
COMMAND: POST /session/652b5fe75fdd0bb6263b24ae98cbc99a/window/fullscreen - {}
RESULT: {}
COMMAND: POST /session/652b5fe75fdd0bb6263b24ae98cbc99a/execute/async - {"script":"<script> [1562 bytes]","args":[{"selector":{"controlType":"sap.m.GenericTile","properties":{"header":"Manage Partners"}},"wdio_ui5_key":"sapm.GenericTile{\"header\":\"Manage Partners\"}"}]}
RESULT: {"script":"<script> [1562 bytes]","args":[{"selector":{"controlType":"sap.m.GenericTile","properties":{"header":"Manage Partners"}},"wdio_ui5_key":"sapm.GenericTile{\"header\":\"Manage Partners\"}"}]}
RESULT: undefined
COMMAND: POST /session/652b5fe75fdd0bb6263b24ae98cbc99a/element - {"using":"xpath","value":"//*[@id=\"__tile38\"]"}
RESULT: {"using":"xpath","value":"//*[@id=\"__tile38\"]"}
COMMAND: POST /session/652b5fe75fdd0bb6263b24ae98cbc99a/element/f.F756EF649BFACFC99A3D872C6535431B.d.40D9950CAF84A77DDDEE01022779B529.e.2809/click - {}
RESULT: {}
COMMAND: POST /session/652b5fe75fdd0bb6263b24ae98cbc99a/element - {"using":"xpath","value":"//button[@data-kt=\"addButton\"]"}
COMMAND: GET /session/652b5fe75fdd0bb6263b24ae98cbc99a/screenshot - {}
RESULT: {"using":"xpath","value":"//button[@data-kt=\"addButton\"]"}
COMMAND: POST /session/652b5fe75fdd0bb6263b24ae98cbc99a/elements - {"using":"xpath","value":"//button[@data-kt=\"addButton\"]"}
RESULT: {}
RESULT: {"using":"xpath","value":"//button[@data-kt=\"addButton\"]"}
COMMAND: POST /session/652b5fe75fdd0bb6263b24ae98cbc99a/elements - {"using":"xpath","value":"//button[@data-kt=\"addButton\"]"}
RESULT: {"using":"xpath","value":"//button[@data-kt=\"addButton\"]"}
COMMAND: POST /session/652b5fe75fdd0bb6263b24ae98cbc99a/elements - {"using":"xpath","value":"//button[@data-kt=\"addButton\"]"}
RESULT: {"using":"xpath","value":"//button[@data-kt=\"addButton\"]"}
COMMAND: POST /session/652b5fe75fdd0bb6263b24ae98cbc99a/elements - {"using":"xpath","value":"//button[@data-kt=\"addButton\"]"}
RESULT: {"using":"xpath","value":"//button[@data-kt=\"addButton\"]"}
COMMAND: POST /session/652b5fe75fdd0bb6263b24ae98cbc99a/elements - {"using":"xpath","value":"//button[@data-kt=\"addButton\"]"}
RESULT: {"using":"xpath","value":"//button[@data-kt=\"addButton\"]"}
COMMAND: POST /session/652b5fe75fdd0bb6263b24ae98cbc99a/elements - {"using":"xpath","value":"//button[@data-kt=\"addButton\"]"}
RESULT: {"using":"xpath","value":"//button[@data-kt=\"addButton\"]"}
COMMAND: POST /session/652b5fe75fdd0bb6263b24ae98cbc99a/elements - {"using":"xpath","value":"//button[@data-kt=\"addButton\"]"}
RESULT: {"using":"xpath","value":"//button[@data-kt=\"addButton\"]"}
COMMAND: POST /session/652b5fe75fdd0bb6263b24ae98cbc99a/elements - {"using":"xpath","value":"//button[@data-kt=\"addButton\"]"}
RESULT: {"using":"xpath","value":"//button[@data-kt=\"addButton\"]"}
COMMAND: POST /session/652b5fe75fdd0bb6263b24ae98cbc99a/elements - {"using":"xpath","value":"//button[@data-kt=\"addButton\"]"}
RESULT: {"using":"xpath","value":"//button[@data-kt=\"addButton\"]"}
COMMAND: POST /session/652b5fe75fdd0bb6263b24ae98cbc99a/elements - {"using":"xpath","value":"//button[@data-kt=\"addButton\"]"}
RESULT: {"using":"xpath","value":"//button[@data-kt=\"addButton\"]"}
COMMAND: POST /session/652b5fe75fdd0bb6263b24ae98cbc99a/elements - {"using":"xpath","value":"//button[@data-kt=\"addButton\"]"}
RESULT: {"using":"xpath","value":"//button[@data-kt=\"addButton\"]"}
COMMAND: POST /session/652b5fe75fdd0bb6263b24ae98cbc99a/elements - {"using":"xpath","value":"//button[@data-kt=\"addButton\"]"}
RESULT: {"using":"xpath","value":"//button[@data-kt=\"addButton\"]"}
COMMAND: POST /session/652b5fe75fdd0bb6263b24ae98cbc99a/elements - {"using":"xpath","value":"//button[@data-kt=\"addButton\"]"}
RESULT: {"using":"xpath","value":"//button[@data-kt=\"addButton\"]"}
COMMAND: POST /session/652b5fe75fdd0bb6263b24ae98cbc99a/elements - {"using":"xpath","value":"//button[@data-kt=\"addButton\"]"}
RESULT: {"using":"xpath","value":"//button[@data-kt=\"addButton\"]"}
COMMAND: POST /session/652b5fe75fdd0bb6263b24ae98cbc99a/elements - {"using":"xpath","value":"//button[@data-kt=\"addButton\"]"}
RESULT: {"using":"xpath","value":"//button[@data-kt=\"addButton\"]"}
COMMAND: POST /session/652b5fe75fdd0bb6263b24ae98cbc99a/elements - {"using":"xpath","value":"//button[@data-kt=\"addButton\"]"}
RESULT: {"using":"xpath","value":"//button[@data-kt=\"addButton\"]"}
COMMAND: POST /session/652b5fe75fdd0bb6263b24ae98cbc99a/elements - {"using":"xpath","value":"//button[@data-kt=\"addButton\"]"}
RESULT: {"using":"xpath","value":"//button[@data-kt=\"addButton\"]"}
COMMAND: POST /session/652b5fe75fdd0bb6263b24ae98cbc99a/elements - {"using":"xpath","value":"//button[@data-kt=\"addButton\"]"}
RESULT: {"using":"xpath","value":"//button[@data-kt=\"addButton\"]"}
COMMAND: POST /session/652b5fe75fdd0bb6263b24ae98cbc99a/elements - {"using":"xpath","value":"//button[@data-kt=\"addButton\"]"}
RESULT: {"using":"xpath","value":"//button[@data-kt=\"addButton\"]"}
COMMAND: POST /session/652b5fe75fdd0bb6263b24ae98cbc99a/element - {"using":"xpath","value":"//button[@data-kt=\"addButton\"]"}
RESULT: {"using":"xpath","value":"//button[@data-kt=\"addButton\"]"}
COMMAND: POST /session/652b5fe75fdd0bb6263b24ae98cbc99a/execute/sync - {"script":"<script> [8489 bytes]","args":[{"element-6066-11e4-a52e-4f735466cecf":"f.F756EF649BFACFC99A3D872C6535431B.d.40D9950CAF84A77DDDEE01022779B529.e.2951","ELEMENT":"f.F756EF649BFACFC99A3D872C6535431B.d.40D9950CAF84A77DDDEE01022779B529.e.2951"}]}
RESULT: {"script":"<script> [8489 bytes]","args":[{"element-6066-11e4-a52e-4f735466cecf":"f.F756EF649BFACFC99A3D872C6535431B.d.40D9950CAF84A77DDDEE01022779B529.e.2951","ELEMENT":"f.F756EF649BFACFC99A3D872C6535431B.d.40D9950CAF84A77DDDEE01022779B529.e.2951"}]}
COMMAND: GET /session/652b5fe75fdd0bb6263b24ae98cbc99a/element/f.F756EF649BFACFC99A3D872C6535431B.d.40D9950CAF84A77DDDEE01022779B529.e.2951/enabled - {}
COMMAND: GET /session/652b5fe75fdd0bb6263b24ae98cbc99a/screenshot - {}
RESULT: {}
COMMAND: POST /session/652b5fe75fdd0bb6263b24ae98cbc99a/execute/sync - {"script":"<script> [8489 bytes]","args":[{"element-6066-11e4-a52e-4f735466cecf":"f.F756EF649BFACFC99A3D872C6535431B.d.40D9950CAF84A77DDDEE01022779B529.e.2951","ELEMENT":"f.F756EF649BFACFC99A3D872C6535431B.d.40D9950CAF84A77DDDEE01022779B529.e.2951"}]}
COMMAND: GET /session/652b5fe75fdd0bb6263b24ae98cbc99a/screenshot - {}
RESULT: {}
RESULT: {"script":"<script> [8489 bytes]","args":[{"element-6066-11e4-a52e-4f735466cecf":"f.F756EF649BFACFC99A3D872C6535431B.d.40D9950CAF84A77DDDEE01022779B529.e.2951","ELEMENT":"f.F756EF649BFACFC99A3D872C6535431B.d.40D9950CAF84A77DDDEE01022779B529.e.2951"}]}
COMMAND: POST /session/652b5fe75fdd0bb6263b24ae98cbc99a/execute/sync - {"script":"<script> [5351 bytes]","args":[{"element-6066-11e4-a52e-4f735466cecf":"f.F756EF649BFACFC99A3D872C6535431B.d.40D9950CAF84A77DDDEE01022779B529.e.2951","ELEMENT":"f.F756EF649BFACFC99A3D872C6535431B.d.40D9950CAF84A77DDDEE01022779B529.e.2951"}]}
COMMAND: GET /session/652b5fe75fdd0bb6263b24ae98cbc99a/screenshot - {}
RESULT: {}
RESULT: {"script":"<script> [5351 bytes]","args":[{"element-6066-11e4-a52e-4f735466cecf":"f.F756EF649BFACFC99A3D872C6535431B.d.40D9950CAF84A77DDDEE01022779B529.e.2951","ELEMENT":"f.F756EF649BFACFC99A3D872C6535431B.d.40D9950CAF84A77DDDEE01022779B529.e.2951"}]}
COMMAND: POST /session/652b5fe75fdd0bb6263b24ae98cbc99a/element/f.F756EF649BFACFC99A3D872C6535431B.d.40D9950CAF84A77DDDEE01022779B529.e.2951/click - {}
COMMAND: GET /session/652b5fe75fdd0bb6263b24ae98cbc99a/screenshot - {}
RESULT: {}
RESULT: {}
COMMAND: GET /session/652b5fe75fdd0bb6263b24ae98cbc99a/screenshot - {}
COMMAND: POST /session/652b5fe75fdd0bb6263b24ae98cbc99a/execute/async - {"script":"<script> [1562 bytes]","args":[{"selector":{"id":"application-managepartners-display-component---NewPartner--addressDetailDetailsName1","interaction":{"idSuffix":"inner"}},"wdio_ui5_key":"applicationmanagepartners-display-component---NewPartner--addressDetailDetailsName1"}]}
RESULT: {}
RESULT: {}
RESULT: {"script":"<script> [1562 bytes]","args":[{"selector":{"id":"application-managepartners-display-component---NewPartner--addressDetailDetailsName1","interaction":{"idSuffix":"inner"}},"wdio_ui5_key":"applicationmanagepartners-display-component---NewPartner--addressDetailDetailsName1"}]}
RESULT: undefined
COMMAND: POST /session/652b5fe75fdd0bb6263b24ae98cbc99a/execute/async - {"script":"<script> [776 bytes]","args":[{"enterText":"External Partner WDIO","selector":{"id":"application-managepartners-display-component---NewPartner--addressDetailDetailsName1","interaction":{"idSuffix":"inner"}},"clearTextFirst":true,"interactionType":"ENTER_TEXT"}]}
RESULT: {"script":"<script> [776 bytes]","args":[{"enterText":"External Partner WDIO","selector":{"id":"application-managepartners-display-component---NewPartner--addressDetailDetailsName1","interaction":{"idSuffix":"inner"}},"clearTextFirst":true,"interactionType":"ENTER_TEXT"}]}
COMMAND: POST /session/652b5fe75fdd0bb6263b24ae98cbc99a/execute/async - {"script":"<script> [1562 bytes]","args":[{"selector":{"id":"application-managepartners-display-component---NewPartner--addressDetailDetailsLanguage-arrow"},"wdio_ui5_key":"applicationmanagepartners-display-component---NewPartner--addressDetailDetailsLanguage-arrow"}]}
RESULT: {"script":"<script> [1562 bytes]","args":[{"selector":{"id":"application-managepartners-display-component---NewPartner--addressDetailDetailsLanguage-arrow"},"wdio_ui5_key":"applicationmanagepartners-display-component---NewPartner--addressDetailDetailsLanguage-arrow"}]}
RESULT: undefined
COMMAND: POST /session/652b5fe75fdd0bb6263b24ae98cbc99a/element - {"using":"xpath","value":"//*[@id=\"application-managepartners-display-component---NewPartner--addressDetailDetailsLanguage-arrow\"]"}
RESULT: {"using":"xpath","value":"//*[@id=\"application-managepartners-display-component---NewPartner--addressDetailDetailsLanguage-arrow\"]"}
COMMAND: POST /session/652b5fe75fdd0bb6263b24ae98cbc99a/element/f.F756EF649BFACFC99A3D872C6535431B.d.40D9950CAF84A77DDDEE01022779B529.e.3353/click - {}
RESULT: {}
COMMAND: POST /session/652b5fe75fdd0bb6263b24ae98cbc99a/element - {"using":"xpath","value":"//span[contains(text(), \"English\")]"}
COMMAND: GET /session/652b5fe75fdd0bb6263b24ae98cbc99a/screenshot - {}
RESULT: {"using":"xpath","value":"//span[contains(text(), \"English\")]"}
COMMAND: POST /session/652b5fe75fdd0bb6263b24ae98cbc99a/element/f.F756EF649BFACFC99A3D872C6535431B.d.40D9950CAF84A77DDDEE01022779B529.e.3354/click - {}
RESULT: {}
RESULT: {}
COMMAND: GET /session/652b5fe75fdd0bb6263b24ae98cbc99a/screenshot - {}
RESULT: {}
COMMAND: POST /session/652b5fe75fdd0bb6263b24ae98cbc99a/execute/async - {"script":"<script> [1562 bytes]","args":[{"selector":{"id":"application-managepartners-display-component---NewPartner--addressDetailDetailsCity1","interaction":{"idSuffix":"inner"}},"wdio_ui5_key":"applicationmanagepartners-display-component---NewPartner--addressDetailDetailsCity1"}]}
RESULT: {"script":"<script> [1562 bytes]","args":[{"selector":{"id":"application-managepartners-display-component---NewPartner--addressDetailDetailsCity1","interaction":{"idSuffix":"inner"}},"wdio_ui5_key":"applicationmanagepartners-display-component---NewPartner--addressDetailDetailsCity1"}]}
RESULT: undefined
COMMAND: POST /session/652b5fe75fdd0bb6263b24ae98cbc99a/execute/async - {"script":"<script> [776 bytes]","args":[{"enterText":"Rosario","selector":{"id":"application-managepartners-display-component---NewPartner--addressDetailDetailsCity1","interaction":{"idSuffix":"inner"}},"clearTextFirst":true,"interactionType":"ENTER_TEXT"}]}
RESULT: {"script":"<script> [776 bytes]","args":[{"enterText":"Rosario","selector":{"id":"application-managepartners-display-component---NewPartner--addressDetailDetailsCity1","interaction":{"idSuffix":"inner"}},"clearTextFirst":true,"interactionType":"ENTER_TEXT"}]}
COMMAND: POST /session/652b5fe75fdd0bb6263b24ae98cbc99a/execute/async - {"script":"<script> [1562 bytes]","args":[{"selector":{"id":"application-managepartners-display-component---NewPartner--addressDetailDetailsCountry-arrow"},"wdio_ui5_key":"applicationmanagepartners-display-component---NewPartner--addressDetailDetailsCountry-arrow"}]}
RESULT: {"script":"<script> [1562 bytes]","args":[{"selector":{"id":"application-managepartners-display-component---NewPartner--addressDetailDetailsCountry-arrow"},"wdio_ui5_key":"applicationmanagepartners-display-component---NewPartner--addressDetailDetailsCountry-arrow"}]}
RESULT: undefined
COMMAND: POST /session/652b5fe75fdd0bb6263b24ae98cbc99a/element - {"using":"xpath","value":"//*[@id=\"application-managepartners-display-component---NewPartner--addressDetailDetailsCountry-arrow\"]"}
RESULT: {"using":"xpath","value":"//*[@id=\"application-managepartners-display-component---NewPartner--addressDetailDetailsCountry-arrow\"]"}
COMMAND: POST /session/652b5fe75fdd0bb6263b24ae98cbc99a/element/f.F756EF649BFACFC99A3D872C6535431B.d.40D9950CAF84A77DDDEE01022779B529.e.3340/click - {}
RESULT: {}
COMMAND: POST /session/652b5fe75fdd0bb6263b24ae98cbc99a/element - {"using":"xpath","value":"//span[contains(text(), \"Argentina\")]"}
COMMAND: GET /session/652b5fe75fdd0bb6263b24ae98cbc99a/screenshot - {}
RESULT: {"using":"xpath","value":"//span[contains(text(), \"Argentina\")]"}
COMMAND: POST /session/652b5fe75fdd0bb6263b24ae98cbc99a/element/f.F756EF649BFACFC99A3D872C6535431B.d.40D9950CAF84A77DDDEE01022779B529.e.3356/click - {}
RESULT: {}
RESULT: {}
COMMAND: GET /session/652b5fe75fdd0bb6263b24ae98cbc99a/screenshot - {}
RESULT: {}
COMMAND: POST /session/652b5fe75fdd0bb6263b24ae98cbc99a/element - {"using":"xpath","value":"//bdi[contains(text(), \"Commercial\")]"}
RESULT: {"using":"xpath","value":"//bdi[contains(text(), \"Commercial\")]"}
COMMAND: POST /session/652b5fe75fdd0bb6263b24ae98cbc99a/element/f.F756EF649BFACFC99A3D872C6535431B.d.40D9950CAF84A77DDDEE01022779B529.e.3357/click - {}
RESULT: {}
COMMAND: GET /session/652b5fe75fdd0bb6263b24ae98cbc99a/screenshot - {}
RESULT: {}
COMMAND: POST /session/652b5fe75fdd0bb6263b24ae98cbc99a/execute/async - {"script":"<script> [1562 bytes]","args":[{"selector":{"id":"application-managepartners-display-component---NewPartner--partnerDetailInternal-arrow"},"wdio_ui5_key":"applicationmanagepartners-display-component---NewPartner--partnerDetailInternal-arrow"}]}
RESULT: {"script":"<script> [1562 bytes]","args":[{"selector":{"id":"application-managepartners-display-component---NewPartner--partnerDetailInternal-arrow"},"wdio_ui5_key":"applicationmanagepartners-display-component---NewPartner--partnerDetailInternal-arrow"}]}
RESULT: undefined
COMMAND: POST /session/652b5fe75fdd0bb6263b24ae98cbc99a/element - {"using":"xpath","value":"//*[@id=\"application-managepartners-display-component---NewPartner--partnerDetailInternal-arrow\"]"}
RESULT: {"using":"xpath","value":"//*[@id=\"application-managepartners-display-component---NewPartner--partnerDetailInternal-arrow\"]"}
COMMAND: POST /session/652b5fe75fdd0bb6263b24ae98cbc99a/element/f.F756EF649BFACFC99A3D872C6535431B.d.40D9950CAF84A77DDDEE01022779B529.e.3363/click - {}
RESULT: {}
COMMAND: POST /session/652b5fe75fdd0bb6263b24ae98cbc99a/element - {"using":"xpath","value":"//span[contains(text(), \"External partner\")]"}
COMMAND: GET /session/652b5fe75fdd0bb6263b24ae98cbc99a/screenshot - {}
RESULT: {"using":"xpath","value":"//span[contains(text(), \"External partner\")]"}
COMMAND: POST /session/652b5fe75fdd0bb6263b24ae98cbc99a/element/f.F756EF649BFACFC99A3D872C6535431B.d.40D9950CAF84A77DDDEE01022779B529.e.3366/click - {}
RESULT: {}
RESULT: {}
COMMAND: POST /session/652b5fe75fdd0bb6263b24ae98cbc99a/execute/async - {"script":"<script> [1562 bytes]","args":[{"selector":{"id":"application-managepartners-display-component---NewPartner--partnerDetailsCurrency-arrow"},"wdio_ui5_key":"applicationmanagepartners-display-component---NewPartner--partnerDetailsCurrency-arrow"}]}
COMMAND: GET /session/652b5fe75fdd0bb6263b24ae98cbc99a/screenshot - {}
RESULT: {"script":"<script> [1562 bytes]","args":[{"selector":{"id":"application-managepartners-display-component---NewPartner--partnerDetailsCurrency-arrow"},"wdio_ui5_key":"applicationmanagepartners-display-component---NewPartner--partnerDetailsCurrency-arrow"}]}
RESULT: undefined
COMMAND: POST /session/652b5fe75fdd0bb6263b24ae98cbc99a/element - {"using":"xpath","value":"//*[@id=\"application-managepartners-display-component---NewPartner--partnerDetailsCurrency-arrow\"]"}
RESULT: {}
RESULT: {"using":"xpath","value":"//*[@id=\"application-managepartners-display-component---NewPartner--partnerDetailsCurrency-arrow\"]"}
COMMAND: POST /session/652b5fe75fdd0bb6263b24ae98cbc99a/element/f.F756EF649BFACFC99A3D872C6535431B.d.40D9950CAF84A77DDDEE01022779B529.e.3371/click - {}
RESULT: {}
COMMAND: POST /session/652b5fe75fdd0bb6263b24ae98cbc99a/element - {"using":"xpath","value":"//span[contains(text(), \"US Dollar\")]"}
COMMAND: GET /session/652b5fe75fdd0bb6263b24ae98cbc99a/screenshot - {}
RESULT: {"using":"xpath","value":"//span[contains(text(), \"US Dollar\")]"}
COMMAND: POST /session/652b5fe75fdd0bb6263b24ae98cbc99a/element/f.F756EF649BFACFC99A3D872C6535431B.d.40D9950CAF84A77DDDEE01022779B529.e.3372/click - {}
RESULT: {}
RESULT: {}
COMMAND: GET /session/652b5fe75fdd0bb6263b24ae98cbc99a/screenshot - {}
RESULT: {}
COMMAND: POST /session/652b5fe75fdd0bb6263b24ae98cbc99a/element - {"using":"xpath","value":"//input[@id=\"application-managepartners-display-component---NewPartner--companyCodeComboBox-inner\"]"}
RESULT: {"using":"xpath","value":"//input[@id=\"application-managepartners-display-component---NewPartner--companyCodeComboBox-inner\"]"}
COMMAND: POST /session/652b5fe75fdd0bb6263b24ae98cbc99a/element/f.F756EF649BFACFC99A3D872C6535431B.d.40D9950CAF84A77DDDEE01022779B529.e.3172/clear - {}
RESULT: {}
COMMAND: POST /session/652b5fe75fdd0bb6263b24ae98cbc99a/element/f.F756EF649BFACFC99A3D872C6535431B.d.40D9950CAF84A77DDDEE01022779B529.e.3172/value - {"text":"C002"}
COMMAND: GET /session/652b5fe75fdd0bb6263b24ae98cbc99a/screenshot - {}
RESULT: {"text":"C002"}
COMMAND: GET /session/652b5fe75fdd0bb6263b24ae98cbc99a/screenshot - {}
RESULT: {}
RESULT: {}
COMMAND: POST /session/652b5fe75fdd0bb6263b24ae98cbc99a/element - {"using":"xpath","value":"//li[.//span[text()= \"C002\"]]"}
RESULT: {"using":"xpath","value":"//li[.//span[text()= \"C002\"]]"}
COMMAND: POST /session/652b5fe75fdd0bb6263b24ae98cbc99a/element/f.F756EF649BFACFC99A3D872C6535431B.d.40D9950CAF84A77DDDEE01022779B529.e.3376/click - {}
RESULT: {}
COMMAND: GET /session/652b5fe75fdd0bb6263b24ae98cbc99a/screenshot - {}
RESULT: {}
COMMAND: POST /session/652b5fe75fdd0bb6263b24ae98cbc99a/execute/async - {"script":"<script> [1562 bytes]","args":[{"selector":{"id":"application-managepartners-display-component---NewPartner--btnAddTableRow-img"},"wdio_ui5_key":"applicationmanagepartners-display-component---NewPartner--btnAddTableRow-img"}]}
RESULT: {"script":"<script> [1562 bytes]","args":[{"selector":{"id":"application-managepartners-display-component---NewPartner--btnAddTableRow-img"},"wdio_ui5_key":"applicationmanagepartners-display-component---NewPartner--btnAddTableRow-img"}]}
RESULT: undefined
COMMAND: POST /session/652b5fe75fdd0bb6263b24ae98cbc99a/element - {"using":"xpath","value":"//*[@id=\"application-managepartners-display-component---NewPartner--btnAddTableRow-img\"]"}
RESULT: {"using":"xpath","value":"//*[@id=\"application-managepartners-display-component---NewPartner--btnAddTableRow-img\"]"}
COMMAND: POST /session/652b5fe75fdd0bb6263b24ae98cbc99a/element/f.F756EF649BFACFC99A3D872C6535431B.d.40D9950CAF84A77DDDEE01022779B529.e.3377/click - {}
RESULT: {}
COMMAND: GET /session/652b5fe75fdd0bb6263b24ae98cbc99a/screenshot - {}
RESULT: {}
COMMAND: POST /session/652b5fe75fdd0bb6263b24ae98cbc99a/element - {"using":"xpath","value":"//input[@id=\"application-managepartners-display-component---NewPartner--assignmentYard-application-managepartners-display-component---NewPartner--assignmentsTable-0-inner\"]"}
RESULT: {"using":"xpath","value":"//input[@id=\"application-managepartners-display-component---NewPartner--assignmentYard-application-managepartners-display-component---NewPartner--assignmentsTable-0-inner\"]"}
COMMAND: POST /session/652b5fe75fdd0bb6263b24ae98cbc99a/element/f.F756EF649BFACFC99A3D872C6535431B.d.40D9950CAF84A77DDDEE01022779B529.e.3380/clear - {}
RESULT: {}
COMMAND: POST /session/652b5fe75fdd0bb6263b24ae98cbc99a/element/f.F756EF649BFACFC99A3D872C6535431B.d.40D9950CAF84A77DDDEE01022779B529.e.3380/value - {"text":"255"}
COMMAND: GET /session/652b5fe75fdd0bb6263b24ae98cbc99a/screenshot - {}
RESULT: {"text":"255"}
COMMAND: GET /session/652b5fe75fdd0bb6263b24ae98cbc99a/screenshot - {}
RESULT: {}
RESULT: {}
COMMAND: POST /session/652b5fe75fdd0bb6263b24ae98cbc99a/element - {"using":"xpath","value":"//li[.//span[text()='255']]"}
RESULT: {"using":"xpath","value":"//li[.//span[text()='255']]"}
COMMAND: POST /session/652b5fe75fdd0bb6263b24ae98cbc99a/element/f.F756EF649BFACFC99A3D872C6535431B.d.40D9950CAF84A77DDDEE01022779B529.e.3388/click - {}
RESULT: {}
COMMAND: GET /session/652b5fe75fdd0bb6263b24ae98cbc99a/screenshot - {}
RESULT: {}
COMMAND: POST /session/652b5fe75fdd0bb6263b24ae98cbc99a/actions - {"actions":[{"id":"action6","type":"key","parameters":{},"actions":[{"type":"keyDown","value":"î€‡"},{"type":"pause","duration":10},{"type":"keyUp","value":"î€‡"}]}]}
RESULT: {"actions":[{"id":"action6","type":"key","parameters":{},"actions":[{"type":"keyDown","value":"î€‡"},{"type":"pause","duration":10},{"type":"keyUp","value":"î€‡"}]}]}
COMMAND: POST /session/652b5fe75fdd0bb6263b24ae98cbc99a/element - {"using":"xpath","value":"//td[contains(@id, \"assignmentsTable-0-cell2\")]/div/div"}
COMMAND: GET /session/652b5fe75fdd0bb6263b24ae98cbc99a/screenshot - {}
RESULT: {"using":"xpath","value":"//td[contains(@id, \"assignmentsTable-0-cell2\")]/div/div"}
COMMAND: POST /session/652b5fe75fdd0bb6263b24ae98cbc99a/element/f.F756EF649BFACFC99A3D872C6535431B.d.40D9950CAF84A77DDDEE01022779B529.e.3391/click - {}
RESULT: {}
RESULT: {}
COMMAND: GET /session/652b5fe75fdd0bb6263b24ae98cbc99a/screenshot - {}
RESULT: {}
COMMAND: POST /session/652b5fe75fdd0bb6263b24ae98cbc99a/element - {"using":"xpath","value":"//button[@data-kt=\"saveButton\"]"}
RESULT: {"using":"xpath","value":"//button[@data-kt=\"saveButton\"]"}
COMMAND: POST /session/652b5fe75fdd0bb6263b24ae98cbc99a/element/f.F756EF649BFACFC99A3D872C6535431B.d.40D9950CAF84A77DDDEE01022779B529.e.3290/click - {}
RESULT: {}
COMMAND: GET /session/652b5fe75fdd0bb6263b24ae98cbc99a/screenshot - {}
RESULT: {}
COMMAND: POST /session/652b5fe75fdd0bb6263b24ae98cbc99a/element - {"using":"xpath","value":"//header[contains(@id, 'ObjectPageLayout-headerTitle')]/div[1]/div[2]/div[2]/span[1]"}
RESULT: {"using":"xpath","value":"//header[contains(@id, 'ObjectPageLayout-headerTitle')]/div[1]/div[2]/div[2]/span[1]"}
COMMAND: POST /session/652b5fe75fdd0bb6263b24ae98cbc99a/elements - {"using":"xpath","value":"//header[contains(@id, 'ObjectPageLayout-headerTitle')]/div[1]/div[2]/div[2]/span[1]"}
RESULT: {"using":"xpath","value":"//header[contains(@id, 'ObjectPageLayout-headerTitle')]/div[1]/div[2]/div[2]/span[1]"}
COMMAND: POST /session/652b5fe75fdd0bb6263b24ae98cbc99a/execute/sync - {"script":"<script> [56 bytes]","args":[{"element-6066-11e4-a52e-4f735466cecf":"f.F756EF649BFACFC99A3D872C6535431B.d.40D9950CAF84A77DDDEE01022779B529.e.3526","ELEMENT":"f.F756EF649BFACFC99A3D872C6535431B.d.40D9950CAF84A77DDDEE01022779B529.e.3526"}]}
RESULT: {"script":"<script> [56 bytes]","args":[{"element-6066-11e4-a52e-4f735466cecf":"f.F756EF649BFACFC99A3D872C6535431B.d.40D9950CAF84A77DDDEE01022779B529.e.3526","ELEMENT":"f.F756EF649BFACFC99A3D872C6535431B.d.40D9950CAF84A77DDDEE01022779B529.e.3526"}]}
COMMAND: POST /session/652b5fe75fdd0bb6263b24ae98cbc99a/element - {"using":"css selector","value":"#shell-header-logo"}
COMMAND: GET /session/652b5fe75fdd0bb6263b24ae98cbc99a/screenshot - {}
RESULT: {"using":"css selector","value":"#shell-header-logo"}
COMMAND: POST /session/652b5fe75fdd0bb6263b24ae98cbc99a/element/f.F756EF649BFACFC99A3D872C6535431B.d.40D9950CAF84A77DDDEE01022779B529.e.2917/click - {}
RESULT: {}
RESULT: {}
COMMAND: GET /session/652b5fe75fdd0bb6263b24ae98cbc99a/screenshot - {}
RESULT: {}
COMMAND: POST /session/652b5fe75fdd0bb6263b24ae98cbc99a/execute/sync - {"script":"<script> [299 bytes]","args":[["getModel","getResource"]]}
RESULT: {"script":"<script> [299 bytes]","args":[["getModel","getResource"]]}
]]></system-out>
    </testcase>
    <testcase classname="chrome.136_0_7103_49.windows.Create_partner_US118246" name="Should create a new yard in case create yard failed" time="0.01">
      <system-out><![CDATA[
COMMAND: GET /session/652b5fe75fdd0bb6263b24ae98cbc99a/screenshot - {}
]]></system-out>
    </testcase>
    <testcase classname="chrome.136_0_7103_49.windows.Create_partner_US118246" name="Should create new external WHM partner" time="72.475">
      <system-out><![CDATA[
COMMAND: POST /session/652b5fe75fdd0bb6263b24ae98cbc99a/window/fullscreen - {}
RESULT: {}
RESULT: undefined
COMMAND: POST /session/652b5fe75fdd0bb6263b24ae98cbc99a/element - {"using":"xpath","value":"//*[@id=\"__tile38\"]"}
RESULT: {}
RESULT: {"using":"xpath","value":"//*[@id=\"__tile38\"]"}
COMMAND: POST /session/652b5fe75fdd0bb6263b24ae98cbc99a/element/f.F756EF649BFACFC99A3D872C6535431B.d.40D9950CAF84A77DDDEE01022779B529.e.2809/click - {}
RESULT: {}
COMMAND: POST /session/652b5fe75fdd0bb6263b24ae98cbc99a/element - {"using":"xpath","value":"//button[@data-kt=\"addButton\"]"}
COMMAND: GET /session/652b5fe75fdd0bb6263b24ae98cbc99a/screenshot - {}
RESULT: {"using":"xpath","value":"//button[@data-kt=\"addButton\"]"}
COMMAND: POST /session/652b5fe75fdd0bb6263b24ae98cbc99a/elements - {"using":"xpath","value":"//button[@data-kt=\"addButton\"]"}
RESULT: {}
RESULT: {"using":"xpath","value":"//button[@data-kt=\"addButton\"]"}
COMMAND: POST /session/652b5fe75fdd0bb6263b24ae98cbc99a/elements - {"using":"xpath","value":"//button[@data-kt=\"addButton\"]"}
RESULT: {"using":"xpath","value":"//button[@data-kt=\"addButton\"]"}
COMMAND: POST /session/652b5fe75fdd0bb6263b24ae98cbc99a/elements - {"using":"xpath","value":"//button[@data-kt=\"addButton\"]"}
RESULT: {"using":"xpath","value":"//button[@data-kt=\"addButton\"]"}
COMMAND: POST /session/652b5fe75fdd0bb6263b24ae98cbc99a/element - {"using":"xpath","value":"//button[@data-kt=\"addButton\"]"}
RESULT: {"using":"xpath","value":"//button[@data-kt=\"addButton\"]"}
COMMAND: POST /session/652b5fe75fdd0bb6263b24ae98cbc99a/execute/sync - {"script":"<script> [8489 bytes]","args":[{"element-6066-11e4-a52e-4f735466cecf":"f.F756EF649BFACFC99A3D872C6535431B.d.40D9950CAF84A77DDDEE01022779B529.e.3573","ELEMENT":"f.F756EF649BFACFC99A3D872C6535431B.d.40D9950CAF84A77DDDEE01022779B529.e.3573"}]}
RESULT: {"script":"<script> [8489 bytes]","args":[{"element-6066-11e4-a52e-4f735466cecf":"f.F756EF649BFACFC99A3D872C6535431B.d.40D9950CAF84A77DDDEE01022779B529.e.3573","ELEMENT":"f.F756EF649BFACFC99A3D872C6535431B.d.40D9950CAF84A77DDDEE01022779B529.e.3573"}]}
COMMAND: GET /session/652b5fe75fdd0bb6263b24ae98cbc99a/element/f.F756EF649BFACFC99A3D872C6535431B.d.40D9950CAF84A77DDDEE01022779B529.e.3573/enabled - {}
COMMAND: GET /session/652b5fe75fdd0bb6263b24ae98cbc99a/screenshot - {}
RESULT: {}
COMMAND: POST /session/652b5fe75fdd0bb6263b24ae98cbc99a/execute/sync - {"script":"<script> [8489 bytes]","args":[{"element-6066-11e4-a52e-4f735466cecf":"f.F756EF649BFACFC99A3D872C6535431B.d.40D9950CAF84A77DDDEE01022779B529.e.3573","ELEMENT":"f.F756EF649BFACFC99A3D872C6535431B.d.40D9950CAF84A77DDDEE01022779B529.e.3573"}]}
COMMAND: GET /session/652b5fe75fdd0bb6263b24ae98cbc99a/screenshot - {}
RESULT: {}
RESULT: {"script":"<script> [8489 bytes]","args":[{"element-6066-11e4-a52e-4f735466cecf":"f.F756EF649BFACFC99A3D872C6535431B.d.40D9950CAF84A77DDDEE01022779B529.e.3573","ELEMENT":"f.F756EF649BFACFC99A3D872C6535431B.d.40D9950CAF84A77DDDEE01022779B529.e.3573"}]}
COMMAND: POST /session/652b5fe75fdd0bb6263b24ae98cbc99a/execute/sync - {"script":"<script> [5351 bytes]","args":[{"element-6066-11e4-a52e-4f735466cecf":"f.F756EF649BFACFC99A3D872C6535431B.d.40D9950CAF84A77DDDEE01022779B529.e.3573","ELEMENT":"f.F756EF649BFACFC99A3D872C6535431B.d.40D9950CAF84A77DDDEE01022779B529.e.3573"}]}
COMMAND: GET /session/652b5fe75fdd0bb6263b24ae98cbc99a/screenshot - {}
RESULT: {}
RESULT: {"script":"<script> [5351 bytes]","args":[{"element-6066-11e4-a52e-4f735466cecf":"f.F756EF649BFACFC99A3D872C6535431B.d.40D9950CAF84A77DDDEE01022779B529.e.3573","ELEMENT":"f.F756EF649BFACFC99A3D872C6535431B.d.40D9950CAF84A77DDDEE01022779B529.e.3573"}]}
COMMAND: POST /session/652b5fe75fdd0bb6263b24ae98cbc99a/element/f.F756EF649BFACFC99A3D872C6535431B.d.40D9950CAF84A77DDDEE01022779B529.e.3573/click - {}
COMMAND: GET /session/652b5fe75fdd0bb6263b24ae98cbc99a/screenshot - {}
RESULT: {}
RESULT: {}
COMMAND: GET /session/652b5fe75fdd0bb6263b24ae98cbc99a/screenshot - {}
RESULT: undefined
COMMAND: POST /session/652b5fe75fdd0bb6263b24ae98cbc99a/execute/async - {"script":"<script> [776 bytes]","args":[{"enterText":"External Partner WDIO","selector":{"id":"application-managepartners-display-component---NewPartner--addressDetailDetailsName1","interaction":{"idSuffix":"inner"}},"clearTextFirst":true,"interactionType":"ENTER_TEXT"}]}
RESULT: {}
RESULT: {}
RESULT: {"script":"<script> [776 bytes]","args":[{"enterText":"External Partner WDIO","selector":{"id":"application-managepartners-display-component---NewPartner--addressDetailDetailsName1","interaction":{"idSuffix":"inner"}},"clearTextFirst":true,"interactionType":"ENTER_TEXT"}]}
RESULT: undefined
COMMAND: POST /session/652b5fe75fdd0bb6263b24ae98cbc99a/element - {"using":"xpath","value":"//*[@id=\"application-managepartners-display-component---NewPartner--addressDetailDetailsLanguage-arrow\"]"}
RESULT: {"using":"xpath","value":"//*[@id=\"application-managepartners-display-component---NewPartner--addressDetailDetailsLanguage-arrow\"]"}
COMMAND: POST /session/652b5fe75fdd0bb6263b24ae98cbc99a/element/f.F756EF649BFACFC99A3D872C6535431B.d.40D9950CAF84A77DDDEE01022779B529.e.3971/click - {}
RESULT: {}
COMMAND: POST /session/652b5fe75fdd0bb6263b24ae98cbc99a/element - {"using":"xpath","value":"//span[contains(text(), \"English\")]"}
COMMAND: GET /session/652b5fe75fdd0bb6263b24ae98cbc99a/screenshot - {}
RESULT: {"using":"xpath","value":"//span[contains(text(), \"English\")]"}
COMMAND: POST /session/652b5fe75fdd0bb6263b24ae98cbc99a/element/f.F756EF649BFACFC99A3D872C6535431B.d.40D9950CAF84A77DDDEE01022779B529.e.3972/click - {}
RESULT: {}
RESULT: {}
COMMAND: GET /session/652b5fe75fdd0bb6263b24ae98cbc99a/screenshot - {}
RESULT: {}
RESULT: undefined
COMMAND: POST /session/652b5fe75fdd0bb6263b24ae98cbc99a/execute/async - {"script":"<script> [776 bytes]","args":[{"enterText":"Rosario","selector":{"id":"application-managepartners-display-component---NewPartner--addressDetailDetailsCity1","interaction":{"idSuffix":"inner"}},"clearTextFirst":true,"interactionType":"ENTER_TEXT"}]}
RESULT: {"script":"<script> [776 bytes]","args":[{"enterText":"Rosario","selector":{"id":"application-managepartners-display-component---NewPartner--addressDetailDetailsCity1","interaction":{"idSuffix":"inner"}},"clearTextFirst":true,"interactionType":"ENTER_TEXT"}]}
RESULT: undefined
COMMAND: POST /session/652b5fe75fdd0bb6263b24ae98cbc99a/element - {"using":"xpath","value":"//*[@id=\"application-managepartners-display-component---NewPartner--addressDetailDetailsCountry-arrow\"]"}
RESULT: {"using":"xpath","value":"//*[@id=\"application-managepartners-display-component---NewPartner--addressDetailDetailsCountry-arrow\"]"}
COMMAND: POST /session/652b5fe75fdd0bb6263b24ae98cbc99a/element/f.F756EF649BFACFC99A3D872C6535431B.d.40D9950CAF84A77DDDEE01022779B529.e.3959/click - {}
RESULT: {}
COMMAND: POST /session/652b5fe75fdd0bb6263b24ae98cbc99a/element - {"using":"xpath","value":"//span[contains(text(), \"Argentina\")]"}
COMMAND: GET /session/652b5fe75fdd0bb6263b24ae98cbc99a/screenshot - {}
RESULT: {"using":"xpath","value":"//span[contains(text(), \"Argentina\")]"}
COMMAND: POST /session/652b5fe75fdd0bb6263b24ae98cbc99a/element/f.F756EF649BFACFC99A3D872C6535431B.d.40D9950CAF84A77DDDEE01022779B529.e.3973/click - {}
RESULT: {}
RESULT: {}
COMMAND: GET /session/652b5fe75fdd0bb6263b24ae98cbc99a/screenshot - {}
RESULT: {}
COMMAND: POST /session/652b5fe75fdd0bb6263b24ae98cbc99a/element - {"using":"xpath","value":"//bdi[contains(text(), \"Commercial\")]"}
RESULT: {"using":"xpath","value":"//bdi[contains(text(), \"Commercial\")]"}
COMMAND: POST /session/652b5fe75fdd0bb6263b24ae98cbc99a/element/f.F756EF649BFACFC99A3D872C6535431B.d.40D9950CAF84A77DDDEE01022779B529.e.3974/click - {}
RESULT: {}
COMMAND: GET /session/652b5fe75fdd0bb6263b24ae98cbc99a/screenshot - {}
RESULT: {}
RESULT: undefined
COMMAND: POST /session/652b5fe75fdd0bb6263b24ae98cbc99a/element - {"using":"xpath","value":"//*[@id=\"application-managepartners-display-component---NewPartner--partnerDetailInternal-arrow\"]"}
RESULT: {"using":"xpath","value":"//*[@id=\"application-managepartners-display-component---NewPartner--partnerDetailInternal-arrow\"]"}
COMMAND: POST /session/652b5fe75fdd0bb6263b24ae98cbc99a/element/f.F756EF649BFACFC99A3D872C6535431B.d.40D9950CAF84A77DDDEE01022779B529.e.3980/click - {}
RESULT: {}
COMMAND: POST /session/652b5fe75fdd0bb6263b24ae98cbc99a/element - {"using":"xpath","value":"//span[contains(text(), \"External partner\")]"}
COMMAND: GET /session/652b5fe75fdd0bb6263b24ae98cbc99a/screenshot - {}
RESULT: {"using":"xpath","value":"//span[contains(text(), \"External partner\")]"}
COMMAND: POST /session/652b5fe75fdd0bb6263b24ae98cbc99a/element/f.F756EF649BFACFC99A3D872C6535431B.d.40D9950CAF84A77DDDEE01022779B529.e.3983/click - {}
RESULT: {}
RESULT: {}
RESULT: undefined
COMMAND: POST /session/652b5fe75fdd0bb6263b24ae98cbc99a/element - {"using":"xpath","value":"//*[@id=\"application-managepartners-display-component---NewPartner--partnerDetailsCurrency-arrow\"]"}
COMMAND: GET /session/652b5fe75fdd0bb6263b24ae98cbc99a/screenshot - {}
RESULT: {"using":"xpath","value":"//*[@id=\"application-managepartners-display-component---NewPartner--partnerDetailsCurrency-arrow\"]"}
COMMAND: POST /session/652b5fe75fdd0bb6263b24ae98cbc99a/element/f.F756EF649BFACFC99A3D872C6535431B.d.40D9950CAF84A77DDDEE01022779B529.e.3988/click - {}
RESULT: {}
RESULT: {}
COMMAND: POST /session/652b5fe75fdd0bb6263b24ae98cbc99a/element - {"using":"xpath","value":"//span[contains(text(), \"US Dollar\")]"}
COMMAND: GET /session/652b5fe75fdd0bb6263b24ae98cbc99a/screenshot - {}
RESULT: {"using":"xpath","value":"//span[contains(text(), \"US Dollar\")]"}
COMMAND: POST /session/652b5fe75fdd0bb6263b24ae98cbc99a/element/f.F756EF649BFACFC99A3D872C6535431B.d.40D9950CAF84A77DDDEE01022779B529.e.3989/click - {}
RESULT: {}
RESULT: {}
COMMAND: GET /session/652b5fe75fdd0bb6263b24ae98cbc99a/screenshot - {}
RESULT: {}
COMMAND: POST /session/652b5fe75fdd0bb6263b24ae98cbc99a/element - {"using":"xpath","value":"//input[@id=\"application-managepartners-display-component---NewPartner--companyCodeComboBox-inner\"]"}
RESULT: {"using":"xpath","value":"//input[@id=\"application-managepartners-display-component---NewPartner--companyCodeComboBox-inner\"]"}
COMMAND: POST /session/652b5fe75fdd0bb6263b24ae98cbc99a/element/f.F756EF649BFACFC99A3D872C6535431B.d.40D9950CAF84A77DDDEE01022779B529.e.3838/clear - {}
RESULT: {}
COMMAND: POST /session/652b5fe75fdd0bb6263b24ae98cbc99a/element/f.F756EF649BFACFC99A3D872C6535431B.d.40D9950CAF84A77DDDEE01022779B529.e.3838/value - {"text":"C002"}
COMMAND: GET /session/652b5fe75fdd0bb6263b24ae98cbc99a/screenshot - {}
RESULT: {"text":"C002"}
COMMAND: GET /session/652b5fe75fdd0bb6263b24ae98cbc99a/screenshot - {}
RESULT: {}
RESULT: {}
COMMAND: POST /session/652b5fe75fdd0bb6263b24ae98cbc99a/element - {"using":"xpath","value":"//li[.//span[text()= \"C002\"]]"}
RESULT: {"using":"xpath","value":"//li[.//span[text()= \"C002\"]]"}
COMMAND: POST /session/652b5fe75fdd0bb6263b24ae98cbc99a/element/f.F756EF649BFACFC99A3D872C6535431B.d.40D9950CAF84A77DDDEE01022779B529.e.3993/click - {}
RESULT: {}
COMMAND: GET /session/652b5fe75fdd0bb6263b24ae98cbc99a/screenshot - {}
RESULT: {}
RESULT: undefined
COMMAND: POST /session/652b5fe75fdd0bb6263b24ae98cbc99a/element - {"using":"xpath","value":"//*[@id=\"application-managepartners-display-component---NewPartner--btnAddTableRow-img\"]"}
RESULT: {"using":"xpath","value":"//*[@id=\"application-managepartners-display-component---NewPartner--btnAddTableRow-img\"]"}
COMMAND: POST /session/652b5fe75fdd0bb6263b24ae98cbc99a/element/f.F756EF649BFACFC99A3D872C6535431B.d.40D9950CAF84A77DDDEE01022779B529.e.3994/click - {}
RESULT: {}
COMMAND: GET /session/652b5fe75fdd0bb6263b24ae98cbc99a/screenshot - {}
RESULT: {}
COMMAND: POST /session/652b5fe75fdd0bb6263b24ae98cbc99a/element - {"using":"xpath","value":"//input[@id=\"application-managepartners-display-component---NewPartner--assignmentYard-application-managepartners-display-component---NewPartner--assignmentsTable-0-inner\"]"}
RESULT: {"using":"xpath","value":"//input[@id=\"application-managepartners-display-component---NewPartner--assignmentYard-application-managepartners-display-component---NewPartner--assignmentsTable-0-inner\"]"}
COMMAND: POST /session/652b5fe75fdd0bb6263b24ae98cbc99a/element/f.F756EF649BFACFC99A3D872C6535431B.d.40D9950CAF84A77DDDEE01022779B529.e.3997/clear - {}
RESULT: {}
COMMAND: POST /session/652b5fe75fdd0bb6263b24ae98cbc99a/element/f.F756EF649BFACFC99A3D872C6535431B.d.40D9950CAF84A77DDDEE01022779B529.e.3997/value - {"text":"256"}
COMMAND: GET /session/652b5fe75fdd0bb6263b24ae98cbc99a/screenshot - {}
RESULT: {"text":"256"}
COMMAND: GET /session/652b5fe75fdd0bb6263b24ae98cbc99a/screenshot - {}
RESULT: {}
RESULT: {}
COMMAND: POST /session/652b5fe75fdd0bb6263b24ae98cbc99a/element - {"using":"xpath","value":"//li[.//span[text()='256']]"}
RESULT: {"using":"xpath","value":"//li[.//span[text()='256']]"}
COMMAND: POST /session/652b5fe75fdd0bb6263b24ae98cbc99a/element/f.F756EF649BFACFC99A3D872C6535431B.d.40D9950CAF84A77DDDEE01022779B529.e.4005/click - {}
RESULT: {}
COMMAND: GET /session/652b5fe75fdd0bb6263b24ae98cbc99a/screenshot - {}
RESULT: {}
COMMAND: POST /session/652b5fe75fdd0bb6263b24ae98cbc99a/actions - {"actions":[{"id":"action7","type":"key","parameters":{},"actions":[{"type":"keyDown","value":"î€‡"},{"type":"pause","duration":10},{"type":"keyUp","value":"î€‡"}]}]}
RESULT: {"actions":[{"id":"action7","type":"key","parameters":{},"actions":[{"type":"keyDown","value":"î€‡"},{"type":"pause","duration":10},{"type":"keyUp","value":"î€‡"}]}]}
COMMAND: POST /session/652b5fe75fdd0bb6263b24ae98cbc99a/element - {"using":"xpath","value":"//td[contains(@id, \"assignmentsTable-0-cell2\")]/div/div"}
COMMAND: GET /session/652b5fe75fdd0bb6263b24ae98cbc99a/screenshot - {}
RESULT: {"using":"xpath","value":"//td[contains(@id, \"assignmentsTable-0-cell2\")]/div/div"}
COMMAND: POST /session/652b5fe75fdd0bb6263b24ae98cbc99a/element/f.F756EF649BFACFC99A3D872C6535431B.d.40D9950CAF84A77DDDEE01022779B529.e.4008/click - {}
RESULT: {}
RESULT: {}
COMMAND: GET /session/652b5fe75fdd0bb6263b24ae98cbc99a/screenshot - {}
RESULT: {}
COMMAND: POST /session/652b5fe75fdd0bb6263b24ae98cbc99a/element - {"using":"xpath","value":"//button[@data-kt=\"saveButton\"]"}
RESULT: {"using":"xpath","value":"//button[@data-kt=\"saveButton\"]"}
COMMAND: POST /session/652b5fe75fdd0bb6263b24ae98cbc99a/element/f.F756EF649BFACFC99A3D872C6535431B.d.40D9950CAF84A77DDDEE01022779B529.e.3877/click - {}
RESULT: {}
COMMAND: GET /session/652b5fe75fdd0bb6263b24ae98cbc99a/screenshot - {}
RESULT: {}
COMMAND: POST /session/652b5fe75fdd0bb6263b24ae98cbc99a/element - {"using":"xpath","value":"//header[contains(@id, 'ObjectPageLayout-headerTitle')]/div[1]/div[2]/div[2]/span[1]"}
RESULT: {"using":"xpath","value":"//header[contains(@id, 'ObjectPageLayout-headerTitle')]/div[1]/div[2]/div[2]/span[1]"}
COMMAND: POST /session/652b5fe75fdd0bb6263b24ae98cbc99a/elements - {"using":"xpath","value":"//header[contains(@id, 'ObjectPageLayout-headerTitle')]/div[1]/div[2]/div[2]/span[1]"}
RESULT: {"using":"xpath","value":"//header[contains(@id, 'ObjectPageLayout-headerTitle')]/div[1]/div[2]/div[2]/span[1]"}
COMMAND: POST /session/652b5fe75fdd0bb6263b24ae98cbc99a/execute/sync - {"script":"<script> [56 bytes]","args":[{"element-6066-11e4-a52e-4f735466cecf":"f.F756EF649BFACFC99A3D872C6535431B.d.40D9950CAF84A77DDDEE01022779B529.e.4148","ELEMENT":"f.F756EF649BFACFC99A3D872C6535431B.d.40D9950CAF84A77DDDEE01022779B529.e.4148"}]}
RESULT: {"script":"<script> [56 bytes]","args":[{"element-6066-11e4-a52e-4f735466cecf":"f.F756EF649BFACFC99A3D872C6535431B.d.40D9950CAF84A77DDDEE01022779B529.e.4148","ELEMENT":"f.F756EF649BFACFC99A3D872C6535431B.d.40D9950CAF84A77DDDEE01022779B529.e.4148"}]}
COMMAND: POST /session/652b5fe75fdd0bb6263b24ae98cbc99a/element - {"using":"css selector","value":"#shell-header-logo"}
COMMAND: GET /session/652b5fe75fdd0bb6263b24ae98cbc99a/screenshot - {}
RESULT: {}
RESULT: {"using":"css selector","value":"#shell-header-logo"}
COMMAND: POST /session/652b5fe75fdd0bb6263b24ae98cbc99a/element/f.F756EF649BFACFC99A3D872C6535431B.d.40D9950CAF84A77DDDEE01022779B529.e.3529/click - {}
RESULT: {}
COMMAND: GET /session/652b5fe75fdd0bb6263b24ae98cbc99a/screenshot - {}
RESULT: {}
COMMAND: POST /session/652b5fe75fdd0bb6263b24ae98cbc99a/execute/sync - {"script":"<script> [299 bytes]","args":[["getModel","getResource"]]}
RESULT: {"script":"<script> [299 bytes]","args":[["getModel","getResource"]]}
COMMAND: POST /session/652b5fe75fdd0bb6263b24ae98cbc99a/refresh - {}
COMMAND: GET /session/652b5fe75fdd0bb6263b24ae98cbc99a/screenshot - {}
RESULT: {}
COMMAND: GET /session/652b5fe75fdd0bb6263b24ae98cbc99a/screenshot - {}
RESULT: {}
RESULT: {}
COMMAND: POST /session/652b5fe75fdd0bb6263b24ae98cbc99a/refresh - {}
RESULT: {}
COMMAND: GET /session/652b5fe75fdd0bb6263b24ae98cbc99a/screenshot - {}
RESULT: {}
COMMAND: POST /session/652b5fe75fdd0bb6263b24ae98cbc99a/window/fullscreen - {}
RESULT: {}
COMMAND: POST /session/652b5fe75fdd0bb6263b24ae98cbc99a/execute/async - {"script":"<script> [189 bytes]","args":[]}
RESULT: {"script":"<script> [189 bytes]","args":[]}
COMMAND: POST /session/652b5fe75fdd0bb6263b24ae98cbc99a/execute/async - {"script":"<script> [123 bytes]","args":[]}
RESULT: {"script":"<script> [123 bytes]","args":[]}
COMMAND: POST /session/652b5fe75fdd0bb6263b24ae98cbc99a/timeouts - {"script":"<number>"}
RESULT: {"script":"<number>"}
COMMAND: GET /session/652b5fe75fdd0bb6263b24ae98cbc99a/timeouts - {}
RESULT: {}
RESULT: undefined
COMMAND: POST /session/652b5fe75fdd0bb6263b24ae98cbc99a/execute/async - {"script":"<script> [2676 bytes]","args":[]}
RESULT: {"script":"<script> [2676 bytes]","args":[]}
COMMAND: POST /session/652b5fe75fdd0bb6263b24ae98cbc99a/execute/async - {"script":"<script> [2342 bytes]","args":[{"protocol":"http","hostname":"0.0.0.0","path":"/","capabilities":{"browserName":"chrome","goog:chromeOptions":{"binary":"C:\\Program Files\\Google\\Chrome\\Application\\chrome.exe","args":["--start-maximized"]}},"logLevel":"warn","connectionRetryTimeout":120000,"connectionRetryCount":3,"logLevels":{},"enableDirectConnect":true,"strictSSL":true,"_":"65 more keys: [\"cacheDir\",\"port\",\"requestedCapabilities\",\"automationProtocol\",\"baseUrl\",\"waitforInterval\",\"waitforTimeout\",\"onReload\",\"beforeCommand\",\"afterCommand\",\"rootDir\",\"specs\",\"suites\",\"exclude\",\"groupLogsByTestSpec\",\"excludeDriverLogs\",\"bail\",\"framework\",\"reporters\",\"services\",\"maxInstances\",\"maxInstancesPerCapability\",\"injectGlobals\",\"filesToWatch\",\"execArgv\",\"runnerEnv\",\"runner\",\"shard\",\"specFileRetries\",\"specFileRetriesDelay\",\"specFileRetriesDeferred\",\"reporterSyncInterval\",\"reporterSyncTimeout\",\"cucumberFeaturesWithLineNumbers\",\"autoCompileOpts\",\"mochaOpts\",\"jasmineOpts\",\"cucumberOpts\",\"onPrepare\",\"onWorkerStart\",\"onWorkerEnd\",\"before\",\"beforeSession\",\"beforeSuite\",\"beforeHook\",\"beforeTest\",\"afterTest\",\"afterHook\",\"afterSuite\",\"afterSession\",\"after\",\"onComplete\",\"beforeAssertion\",\"afterAssertion\",\"beforeFeature\",\"beforeScenario\",\"beforeStep\",\"afterStep\",\"afterScenario\",\"afterFeature\",\"_\",\"suite\",\"$0\",\"ignoredWorkerServices\",\"wdi5\"]"}]}
RESULT: {"script":"<script> [2342 bytes]","args":[{"protocol":"http","hostname":"0.0.0.0","path":"/","capabilities":{"browserName":"chrome","goog:chromeOptions":{"binary":"C:\\Program Files\\Google\\Chrome\\Application\\chrome.exe","args":["--start-maximized"]}},"logLevel":"warn","connectionRetryTimeout":120000,"connectionRetryCount":3,"logLevels":{},"enableDirectConnect":true,"strictSSL":true,"_":"65 more keys: [\"cacheDir\",\"port\",\"requestedCapabilities\",\"automationProtocol\",\"baseUrl\",\"waitforInterval\",\"waitforTimeout\",\"onReload\",\"beforeCommand\",\"afterCommand\",\"rootDir\",\"specs\",\"suites\",\"exclude\",\"groupLogsByTestSpec\",\"excludeDriverLogs\",\"bail\",\"framework\",\"reporters\",\"services\",\"maxInstances\",\"maxInstancesPerCapability\",\"injectGlobals\",\"filesToWatch\",\"execArgv\",\"runnerEnv\",\"runner\",\"shard\",\"specFileRetries\",\"specFileRetriesDelay\",\"specFileRetriesDeferred\",\"reporterSyncInterval\",\"reporterSyncTimeout\",\"cucumberFeaturesWithLineNumbers\",\"autoCompileOpts\",\"mochaOpts\",\"jasmineOpts\",\"cucumberOpts\",\"onPrepare\",\"onWorkerStart\",\"onWorkerEnd\",\"before\",\"beforeSession\",\"beforeSuite\",\"beforeHook\",\"beforeTest\",\"afterTest\",\"afterHook\",\"afterSuite\",\"afterSession\",\"after\",\"onComplete\",\"beforeAssertion\",\"afterAssertion\",\"beforeFeature\",\"beforeScenario\",\"beforeStep\",\"afterStep\",\"afterScenario\",\"afterFeature\",\"_\",\"suite\",\"$0\",\"ignoredWorkerServices\",\"wdi5\"]"}]}
COMMAND: POST /session/652b5fe75fdd0bb6263b24ae98cbc99a/execute/async - {"script":"<script> [21126 bytes]","args":[35000]}
RESULT: {"script":"<script> [21126 bytes]","args":[35000]}
COMMAND: POST /session/652b5fe75fdd0bb6263b24ae98cbc99a/element - {"using":"css selector","value":"#shell-header-logo"}
RESULT: {"using":"css selector","value":"#shell-header-logo"}
COMMAND: POST /session/652b5fe75fdd0bb6263b24ae98cbc99a/element/f.F756EF649BFACFC99A3D872C6535431B.d.D0E53F1A4F87E73A49CA7EAD0D558B4F.e.4291/click - {}
RESULT: {}
COMMAND: GET /session/652b5fe75fdd0bb6263b24ae98cbc99a/screenshot - {}
RESULT: {}
COMMAND: POST /session/652b5fe75fdd0bb6263b24ae98cbc99a/execute/async - {"script":"<script> [1562 bytes]","args":[{"selector":{"controlType":"sap.m.GenericTile","properties":{"header":"Manage Sites"}},"wdio_ui5_key":"sapm.GenericTile{\"header\":\"Manage Sites\"}"}]}
RESULT: {"script":"<script> [1562 bytes]","args":[{"selector":{"controlType":"sap.m.GenericTile","properties":{"header":"Manage Sites"}},"wdio_ui5_key":"sapm.GenericTile{\"header\":\"Manage Sites\"}"}]}
RESULT: undefined
COMMAND: POST /session/652b5fe75fdd0bb6263b24ae98cbc99a/element - {"using":"xpath","value":"//*[@id=\"__tile32\"]"}
RESULT: {"using":"xpath","value":"//*[@id=\"__tile32\"]"}
COMMAND: POST /session/652b5fe75fdd0bb6263b24ae98cbc99a/element/f.F756EF649BFACFC99A3D872C6535431B.d.D0E53F1A4F87E73A49CA7EAD0D558B4F.e.4219/click - {}
RESULT: {}
COMMAND: GET /session/652b5fe75fdd0bb6263b24ae98cbc99a/screenshot - {}
RESULT: {}
COMMAND: POST /session/652b5fe75fdd0bb6263b24ae98cbc99a/elements - {"using":"xpath","value":"//span[text()='Error']"}
RESULT: {"using":"xpath","value":"//span[text()='Error']"}
]]></system-out>
    </testcase>
  </testsuite>
  <testsuite timestamp="2025-05-13T15:27:50" time="167.777" tests="2" failures="0" errors="0" skipped="0">
    <properties>
      <property name="specId" value="0" />
      <property name="suiteName" value="Create 2 sites US118246" />
      <property name="capabilities" value="chrome.136_0_7103_49.windows" />
      <property name="file" value="file:///D:/a/1/s/test/specs/R2C/create-site.spec.js" />
    </properties>
    <testcase classname="chrome.136_0_7103_49.windows.Create_2_sites_US118246" name="Should create new site" time="60.677">
      <system-out><![CDATA[
COMMAND: POST /session/652b5fe75fdd0bb6263b24ae98cbc99a/execute/async - {"script":"<script> [1562 bytes]","args":[{"selector":{"controlType":"sap.m.Title","viewName":"etm.portal.ui.managesites.view.Master","viewId":"application-managesites-display-component---masterSite","i18NText":{"propertyName":"text","key":"sites"}},"wdio_ui5_key":"etmportal.ui.managesites.view.Mastersap.m.Title{\"propertyName\":\"text\",\"key\":\"sites\"}"}]}
RESULT: {"script":"<script> [1562 bytes]","args":[{"selector":{"controlType":"sap.m.Title","viewName":"etm.portal.ui.managesites.view.Master","viewId":"application-managesites-display-component---masterSite","i18NText":{"propertyName":"text","key":"sites"}},"wdio_ui5_key":"etmportal.ui.managesites.view.Mastersap.m.Title{\"propertyName\":\"text\",\"key\":\"sites\"}"}]}
RESULT: undefined
COMMAND: POST /session/652b5fe75fdd0bb6263b24ae98cbc99a/execute/async - {"script":"<script> [6424 bytes]","args":[{"element-6066-11e4-a52e-4f735466cecf":"f.F756EF649BFACFC99A3D872C6535431B.d.D0E53F1A4F87E73A49CA7EAD0D558B4F.e.4368"},"getText",[]]}
RESULT: {"script":"<script> [6424 bytes]","args":[{"element-6066-11e4-a52e-4f735466cecf":"f.F756EF649BFACFC99A3D872C6535431B.d.D0E53F1A4F87E73A49CA7EAD0D558B4F.e.4368"},"getText",[]]}
COMMAND: POST /session/652b5fe75fdd0bb6263b24ae98cbc99a/execute/async - {"script":"<script> [1562 bytes]","args":[{"selector":{"controlType":"sap.ui.core.Icon","viewName":"etm.portal.ui.managesites.view.Master","viewId":"application-managesites-display-component---masterSite","properties":{"src":{"regex":{"source":"add"}}}},"wdio_ui5_key":"etmportal.ui.managesites.view.Mastersap.ui.core.Icon{\"src\":{\"regex\":{\"source\":\"add\"}}}"}]}
RESULT: {"script":"<script> [1562 bytes]","args":[{"selector":{"controlType":"sap.ui.core.Icon","viewName":"etm.portal.ui.managesites.view.Master","viewId":"application-managesites-display-component---masterSite","properties":{"src":{"regex":{"source":"add"}}}},"wdio_ui5_key":"etmportal.ui.managesites.view.Mastersap.ui.core.Icon{\"src\":{\"regex\":{\"source\":\"add\"}}}"}]}
RESULT: undefined
COMMAND: POST /session/652b5fe75fdd0bb6263b24ae98cbc99a/element - {"using":"xpath","value":"//*[@id=\"__button4-img\"]"}
RESULT: {"using":"xpath","value":"//*[@id=\"__button4-img\"]"}
COMMAND: POST /session/652b5fe75fdd0bb6263b24ae98cbc99a/element/f.F756EF649BFACFC99A3D872C6535431B.d.D0E53F1A4F87E73A49CA7EAD0D558B4F.e.4341/click - {}
RESULT: {}
COMMAND: POST /session/652b5fe75fdd0bb6263b24ae98cbc99a/execute/async - {"script":"<script> [1562 bytes]","args":[{"selector":{"id":"application-managesites-display-component---NewSite--siteId","interaction":{"idSuffix":"inner"}},"wdio_ui5_key":"applicationmanagesites-display-component---NewSite--siteId"}]}
COMMAND: GET /session/652b5fe75fdd0bb6263b24ae98cbc99a/screenshot - {}
RESULT: {"script":"<script> [1562 bytes]","args":[{"selector":{"id":"application-managesites-display-component---NewSite--siteId","interaction":{"idSuffix":"inner"}},"wdio_ui5_key":"applicationmanagesites-display-component---NewSite--siteId"}]}
RESULT: undefined
COMMAND: POST /session/652b5fe75fdd0bb6263b24ae98cbc99a/execute/async - {"script":"<script> [1562 bytes]","args":[{"selector":{"id":"application-managesites-display-component---NewSite--addressDetailDetailsName1","interaction":{"idSuffix":"inner"}},"wdio_ui5_key":"applicationmanagesites-display-component---NewSite--addressDetailDetailsName1"}]}
RESULT: {}
RESULT: {"script":"<script> [1562 bytes]","args":[{"selector":{"id":"application-managesites-display-component---NewSite--addressDetailDetailsName1","interaction":{"idSuffix":"inner"}},"wdio_ui5_key":"applicationmanagesites-display-component---NewSite--addressDetailDetailsName1"}]}
RESULT: undefined
COMMAND: POST /session/652b5fe75fdd0bb6263b24ae98cbc99a/execute/async - {"script":"<script> [776 bytes]","args":[{"enterText":"Webdriver Site 7mpfq","selector":{"id":"application-managesites-display-component---NewSite--addressDetailDetailsName1","interaction":{"idSuffix":"inner"}},"clearTextFirst":true,"interactionType":"ENTER_TEXT"}]}
RESULT: {"script":"<script> [776 bytes]","args":[{"enterText":"Webdriver Site 7mpfq","selector":{"id":"application-managesites-display-component---NewSite--addressDetailDetailsName1","interaction":{"idSuffix":"inner"}},"clearTextFirst":true,"interactionType":"ENTER_TEXT"}]}
COMMAND: POST /session/652b5fe75fdd0bb6263b24ae98cbc99a/execute/async - {"script":"<script> [1562 bytes]","args":[{"selector":{"id":"application-managesites-display-component---NewSite--addressDetailDetailsLanguage","interaction":{"idSuffix":"inner"}},"wdio_ui5_key":"applicationmanagesites-display-component---NewSite--addressDetailDetailsLanguage"}]}
RESULT: {"script":"<script> [1562 bytes]","args":[{"selector":{"id":"application-managesites-display-component---NewSite--addressDetailDetailsLanguage","interaction":{"idSuffix":"inner"}},"wdio_ui5_key":"applicationmanagesites-display-component---NewSite--addressDetailDetailsLanguage"}]}
RESULT: undefined
COMMAND: POST /session/652b5fe75fdd0bb6263b24ae98cbc99a/execute/async - {"script":"<script> [776 bytes]","args":[{"enterText":"Romanian","selector":{"id":"application-managesites-display-component---NewSite--addressDetailDetailsLanguage","interaction":{"idSuffix":"inner"}},"clearTextFirst":true,"interactionType":"ENTER_TEXT"}]}
RESULT: {"script":"<script> [776 bytes]","args":[{"enterText":"Romanian","selector":{"id":"application-managesites-display-component---NewSite--addressDetailDetailsLanguage","interaction":{"idSuffix":"inner"}},"clearTextFirst":true,"interactionType":"ENTER_TEXT"}]}
COMMAND: POST /session/652b5fe75fdd0bb6263b24ae98cbc99a/execute/async - {"script":"<script> [1562 bytes]","args":[{"selector":{"id":"application-managesites-display-component---NewSite--addressDetailDetailsCity1","interaction":{"idSuffix":"inner"}},"wdio_ui5_key":"applicationmanagesites-display-component---NewSite--addressDetailDetailsCity1"}]}
RESULT: {"script":"<script> [1562 bytes]","args":[{"selector":{"id":"application-managesites-display-component---NewSite--addressDetailDetailsCity1","interaction":{"idSuffix":"inner"}},"wdio_ui5_key":"applicationmanagesites-display-component---NewSite--addressDetailDetailsCity1"}]}
RESULT: undefined
COMMAND: POST /session/652b5fe75fdd0bb6263b24ae98cbc99a/execute/async - {"script":"<script> [776 bytes]","args":[{"enterText":"Bucharest","selector":{"id":"application-managesites-display-component---NewSite--addressDetailDetailsCity1","interaction":{"idSuffix":"inner"}},"clearTextFirst":true,"interactionType":"ENTER_TEXT"}]}
RESULT: {"script":"<script> [776 bytes]","args":[{"enterText":"Bucharest","selector":{"id":"application-managesites-display-component---NewSite--addressDetailDetailsCity1","interaction":{"idSuffix":"inner"}},"clearTextFirst":true,"interactionType":"ENTER_TEXT"}]}
COMMAND: POST /session/652b5fe75fdd0bb6263b24ae98cbc99a/execute/async - {"script":"<script> [1562 bytes]","args":[{"selector":{"id":"application-managesites-display-component---NewSite--addressDetailDetailsCountry","interaction":{"idSuffix":"inner"}},"wdio_ui5_key":"applicationmanagesites-display-component---NewSite--addressDetailDetailsCountry"}]}
RESULT: {"script":"<script> [1562 bytes]","args":[{"selector":{"id":"application-managesites-display-component---NewSite--addressDetailDetailsCountry","interaction":{"idSuffix":"inner"}},"wdio_ui5_key":"applicationmanagesites-display-component---NewSite--addressDetailDetailsCountry"}]}
RESULT: undefined
COMMAND: POST /session/652b5fe75fdd0bb6263b24ae98cbc99a/execute/async - {"script":"<script> [776 bytes]","args":[{"enterText":"Romania","selector":{"id":"application-managesites-display-component---NewSite--addressDetailDetailsCountry","interaction":{"idSuffix":"inner"}},"clearTextFirst":true,"interactionType":"ENTER_TEXT"}]}
RESULT: {"script":"<script> [776 bytes]","args":[{"enterText":"Romania","selector":{"id":"application-managesites-display-component---NewSite--addressDetailDetailsCountry","interaction":{"idSuffix":"inner"}},"clearTextFirst":true,"interactionType":"ENTER_TEXT"}]}
COMMAND: POST /session/652b5fe75fdd0bb6263b24ae98cbc99a/execute/async - {"script":"<script> [1562 bytes]","args":[{"selector":{"id":"application-managesites-display-component---NewSite--addressDetailDetailsCalendar","interaction":{"idSuffix":"inner"}},"wdio_ui5_key":"applicationmanagesites-display-component---NewSite--addressDetailDetailsCalendar"}]}
RESULT: {"script":"<script> [1562 bytes]","args":[{"selector":{"id":"application-managesites-display-component---NewSite--addressDetailDetailsCalendar","interaction":{"idSuffix":"inner"}},"wdio_ui5_key":"applicationmanagesites-display-component---NewSite--addressDetailDetailsCalendar"}]}
RESULT: undefined
COMMAND: POST /session/652b5fe75fdd0bb6263b24ae98cbc99a/execute/async - {"script":"<script> [776 bytes]","args":[{"enterText":"Germany","selector":{"id":"application-managesites-display-component---NewSite--addressDetailDetailsCalendar","interaction":{"idSuffix":"inner"}},"clearTextFirst":true,"interactionType":"ENTER_TEXT"}]}
RESULT: {"script":"<script> [776 bytes]","args":[{"enterText":"Germany","selector":{"id":"application-managesites-display-component---NewSite--addressDetailDetailsCalendar","interaction":{"idSuffix":"inner"}},"clearTextFirst":true,"interactionType":"ENTER_TEXT"}]}
COMMAND: POST /session/652b5fe75fdd0bb6263b24ae98cbc99a/execute/async - {"script":"<script> [1562 bytes]","args":[{"selector":{"id":"application-managesites-display-component---NewSite--addressEditDetailsCostObjectCstType-arrow"},"wdio_ui5_key":"applicationmanagesites-display-component---NewSite--addressEditDetailsCostObjectCstType-arrow"}]}
RESULT: {"script":"<script> [1562 bytes]","args":[{"selector":{"id":"application-managesites-display-component---NewSite--addressEditDetailsCostObjectCstType-arrow"},"wdio_ui5_key":"applicationmanagesites-display-component---NewSite--addressEditDetailsCostObjectCstType-arrow"}]}
RESULT: undefined
COMMAND: POST /session/652b5fe75fdd0bb6263b24ae98cbc99a/element - {"using":"xpath","value":"//*[@id=\"application-managesites-display-component---NewSite--addressEditDetailsCostObjectCstType-arrow\"]"}
RESULT: {"using":"xpath","value":"//*[@id=\"application-managesites-display-component---NewSite--addressEditDetailsCostObjectCstType-arrow\"]"}
COMMAND: POST /session/652b5fe75fdd0bb6263b24ae98cbc99a/element/f.F756EF649BFACFC99A3D872C6535431B.d.D0E53F1A4F87E73A49CA7EAD0D558B4F.e.4687/click - {}
RESULT: {}
COMMAND: POST /session/652b5fe75fdd0bb6263b24ae98cbc99a/element - {"using":"xpath","value":"//span[contains(text(), \"Work Breakdown Structure\")]"}
COMMAND: GET /session/652b5fe75fdd0bb6263b24ae98cbc99a/screenshot - {}
RESULT: {"using":"xpath","value":"//span[contains(text(), \"Work Breakdown Structure\")]"}
COMMAND: POST /session/652b5fe75fdd0bb6263b24ae98cbc99a/element/f.F756EF649BFACFC99A3D872C6535431B.d.D0E53F1A4F87E73A49CA7EAD0D558B4F.e.4688/click - {}
RESULT: {}
RESULT: {}
COMMAND: GET /session/652b5fe75fdd0bb6263b24ae98cbc99a/screenshot - {}
RESULT: {}
COMMAND: POST /session/652b5fe75fdd0bb6263b24ae98cbc99a/execute/async - {"script":"<script> [1562 bytes]","args":[{"selector":{"id":"application-managesites-display-component---NewSite--addressNewCostObjectCstID-vhi"},"wdio_ui5_key":"applicationmanagesites-display-component---NewSite--addressNewCostObjectCstID-vhi"}]}
RESULT: {"script":"<script> [1562 bytes]","args":[{"selector":{"id":"application-managesites-display-component---NewSite--addressNewCostObjectCstID-vhi"},"wdio_ui5_key":"applicationmanagesites-display-component---NewSite--addressNewCostObjectCstID-vhi"}]}
RESULT: undefined
COMMAND: POST /session/652b5fe75fdd0bb6263b24ae98cbc99a/element - {"using":"xpath","value":"//*[@id=\"application-managesites-display-component---NewSite--addressNewCostObjectCstID-vhi\"]"}
RESULT: {"using":"xpath","value":"//*[@id=\"application-managesites-display-component---NewSite--addressNewCostObjectCstID-vhi\"]"}
COMMAND: POST /session/652b5fe75fdd0bb6263b24ae98cbc99a/element/f.F756EF649BFACFC99A3D872C6535431B.d.D0E53F1A4F87E73A49CA7EAD0D558B4F.e.4693/click - {}
RESULT: {}
COMMAND: GET /session/652b5fe75fdd0bb6263b24ae98cbc99a/screenshot - {}
RESULT: {}
COMMAND: POST /session/652b5fe75fdd0bb6263b24ae98cbc99a/execute/async - {"script":"<script> [1562 bytes]","args":[{"selector":{"controlType":"sap.m.SearchField","properties":{"placeholder":"Search"},"searchOpenDialogs":true,"interaction":{"idSuffix":"I"}},"wdio_ui5_key":"sapm.SearchField{\"placeholder\":\"Search\"}"}]}
RESULT: {"script":"<script> [1562 bytes]","args":[{"selector":{"controlType":"sap.m.SearchField","properties":{"placeholder":"Search"},"searchOpenDialogs":true,"interaction":{"idSuffix":"I"}},"wdio_ui5_key":"sapm.SearchField{\"placeholder\":\"Search\"}"}]}
RESULT: undefined
COMMAND: POST /session/652b5fe75fdd0bb6263b24ae98cbc99a/execute/async - {"script":"<script> [776 bytes]","args":[{"enterText":"A1-000100-01","selector":{"controlType":"sap.m.SearchField","properties":{"placeholder":"Search"},"searchOpenDialogs":true,"interaction":{"idSuffix":"I"}},"clearTextFirst":true,"interactionType":"ENTER_TEXT"}]}
RESULT: {"script":"<script> [776 bytes]","args":[{"enterText":"A1-000100-01","selector":{"controlType":"sap.m.SearchField","properties":{"placeholder":"Search"},"searchOpenDialogs":true,"interaction":{"idSuffix":"I"}},"clearTextFirst":true,"interactionType":"ENTER_TEXT"}]}
COMMAND: POST /session/652b5fe75fdd0bb6263b24ae98cbc99a/actions - {"actions":[{"id":"action8","type":"key","parameters":{},"actions":[{"type":"keyDown","value":"î€‡"},{"type":"pause","duration":10},{"type":"keyUp","value":"î€‡"}]}]}
RESULT: {"actions":[{"id":"action8","type":"key","parameters":{},"actions":[{"type":"keyDown","value":"î€‡"},{"type":"pause","duration":10},{"type":"keyUp","value":"î€‡"}]}]}
COMMAND: GET /session/652b5fe75fdd0bb6263b24ae98cbc99a/screenshot - {}
RESULT: {}
COMMAND: POST /session/652b5fe75fdd0bb6263b24ae98cbc99a/element - {"using":"xpath","value":"//span[contains(text(), \"Template for ETO-Process\")]"}
RESULT: {"using":"xpath","value":"//span[contains(text(), \"Template for ETO-Process\")]"}
COMMAND: POST /session/652b5fe75fdd0bb6263b24ae98cbc99a/element/f.F756EF649BFACFC99A3D872C6535431B.d.D0E53F1A4F87E73A49CA7EAD0D558B4F.e.4713/click - {}
RESULT: {}
COMMAND: GET /session/652b5fe75fdd0bb6263b24ae98cbc99a/screenshot - {}
RESULT: {}
COMMAND: POST /session/652b5fe75fdd0bb6263b24ae98cbc99a/element - {"using":"xpath","value":"//bdi[contains(text(), \"OK\")]"}
RESULT: {"using":"xpath","value":"//bdi[contains(text(), \"OK\")]"}
COMMAND: POST /session/652b5fe75fdd0bb6263b24ae98cbc99a/element/f.F756EF649BFACFC99A3D872C6535431B.d.D0E53F1A4F87E73A49CA7EAD0D558B4F.e.4714/click - {}
RESULT: {}
COMMAND: GET /session/652b5fe75fdd0bb6263b24ae98cbc99a/screenshot - {}
RESULT: {}
COMMAND: POST /session/652b5fe75fdd0bb6263b24ae98cbc99a/element - {"using":"xpath","value":"//input[@id=\"application-managesites-display-component---NewSite--addressDetailDetailsYard-inner\"]"}
RESULT: {"using":"xpath","value":"//input[@id=\"application-managesites-display-component---NewSite--addressDetailDetailsYard-inner\"]"}
COMMAND: POST /session/652b5fe75fdd0bb6263b24ae98cbc99a/element/f.F756EF649BFACFC99A3D872C6535431B.d.D0E53F1A4F87E73A49CA7EAD0D558B4F.e.4504/value - {"text":"255"}
RESULT: {"text":"255"}
COMMAND: GET /session/652b5fe75fdd0bb6263b24ae98cbc99a/screenshot - {}
RESULT: {}
COMMAND: POST /session/652b5fe75fdd0bb6263b24ae98cbc99a/actions - {"actions":[{"id":"action9","type":"key","parameters":{},"actions":[{"type":"keyDown","value":"î€‡"},{"type":"pause","duration":10},{"type":"keyUp","value":"î€‡"}]}]}
RESULT: {"actions":[{"id":"action9","type":"key","parameters":{},"actions":[{"type":"keyDown","value":"î€‡"},{"type":"pause","duration":10},{"type":"keyUp","value":"î€‡"}]}]}
COMMAND: GET /session/652b5fe75fdd0bb6263b24ae98cbc99a/screenshot - {}
RESULT: {}
COMMAND: POST /session/652b5fe75fdd0bb6263b24ae98cbc99a/element - {"using":"xpath","value":"//input[@id=\"application-managesites-display-component---NewSite--addressDetailDetailsPartner-inner\"]"}
RESULT: {"using":"xpath","value":"//input[@id=\"application-managesites-display-component---NewSite--addressDetailDetailsPartner-inner\"]"}
COMMAND: POST /session/652b5fe75fdd0bb6263b24ae98cbc99a/elements - {"using":"xpath","value":"//input[@id=\"application-managesites-display-component---NewSite--addressDetailDetailsPartner-inner\"]"}
RESULT: {"using":"xpath","value":"//input[@id=\"application-managesites-display-component---NewSite--addressDetailDetailsPartner-inner\"]"}
COMMAND: POST /session/652b5fe75fdd0bb6263b24ae98cbc99a/execute/async - {"script":"<script> [1562 bytes]","args":[{"selector":{"controlType":"sap.m.Button","viewName":"etm.portal.ui.managesites.view.NewSmartSite","viewId":"application-managesites-display-component---NewSite","properties":{"text":"Commercial"},"interaction":{"idSuffix":"BDI-content"}},"wdio_ui5_key":"etmportal.ui.managesites.view.NewSmartSitesap.m.Button{\"text\":\"Commercial\"}"}]}
RESULT: {"script":"<script> [1562 bytes]","args":[{"selector":{"controlType":"sap.m.Button","viewName":"etm.portal.ui.managesites.view.NewSmartSite","viewId":"application-managesites-display-component---NewSite","properties":{"text":"Commercial"},"interaction":{"idSuffix":"BDI-content"}},"wdio_ui5_key":"etmportal.ui.managesites.view.NewSmartSitesap.m.Button{\"text\":\"Commercial\"}"}]}
RESULT: undefined
COMMAND: POST /session/652b5fe75fdd0bb6263b24ae98cbc99a/element - {"using":"xpath","value":"//*[@id=\"application-managesites-display-component---NewSite--ObjectPageLayout-anchBar-__section5-anchor\"]"}
RESULT: {"using":"xpath","value":"//*[@id=\"application-managesites-display-component---NewSite--ObjectPageLayout-anchBar-__section5-anchor\"]"}
COMMAND: POST /session/652b5fe75fdd0bb6263b24ae98cbc99a/element/f.F756EF649BFACFC99A3D872C6535431B.d.D0E53F1A4F87E73A49CA7EAD0D558B4F.e.4721/click - {}
RESULT: {}
COMMAND: POST /session/652b5fe75fdd0bb6263b24ae98cbc99a/execute/async - {"script":"<script> [1562 bytes]","args":[{"selector":{"controlType":"sap.m.Button","viewName":"etm.portal.ui.managesites.view.NewSmartSite","viewId":"application-managesites-display-component---NewSite","i18NText":{"propertyName":"text","key":"save"},"interaction":{"idSuffix":"BDI-content"}},"wdio_ui5_key":"etmportal.ui.managesites.view.NewSmartSitesap.m.Button{\"propertyName\":\"text\",\"key\":\"save\"}"}]}
COMMAND: GET /session/652b5fe75fdd0bb6263b24ae98cbc99a/screenshot - {}
RESULT: {"script":"<script> [1562 bytes]","args":[{"selector":{"controlType":"sap.m.Button","viewName":"etm.portal.ui.managesites.view.NewSmartSite","viewId":"application-managesites-display-component---NewSite","i18NText":{"propertyName":"text","key":"save"},"interaction":{"idSuffix":"BDI-content"}},"wdio_ui5_key":"etmportal.ui.managesites.view.NewSmartSitesap.m.Button{\"propertyName\":\"text\",\"key\":\"save\"}"}]}
RESULT: undefined
COMMAND: POST /session/652b5fe75fdd0bb6263b24ae98cbc99a/element - {"using":"xpath","value":"//*[@id=\"__button16\"]"}
RESULT: {}
RESULT: {"using":"xpath","value":"//*[@id=\"__button16\"]"}
COMMAND: POST /session/652b5fe75fdd0bb6263b24ae98cbc99a/element/f.F756EF649BFACFC99A3D872C6535431B.d.D0E53F1A4F87E73A49CA7EAD0D558B4F.e.4612/click - {}
RESULT: {}
COMMAND: GET /session/652b5fe75fdd0bb6263b24ae98cbc99a/screenshot - {}
RESULT: {}
COMMAND: POST /session/652b5fe75fdd0bb6263b24ae98cbc99a/execute/async - {"script":"<script> [1562 bytes]","args":[{"selector":{"id":"application-managesites-display-component---detailSite--addressDetailDetailsYardText"},"wdio_ui5_key":"applicationmanagesites-display-component---detailSite--addressDetailDetailsYardText"}]}
RESULT: {"script":"<script> [1562 bytes]","args":[{"selector":{"id":"application-managesites-display-component---detailSite--addressDetailDetailsYardText"},"wdio_ui5_key":"applicationmanagesites-display-component---detailSite--addressDetailDetailsYardText"}]}
RESULT: undefined
COMMAND: POST /session/652b5fe75fdd0bb6263b24ae98cbc99a/element - {"using":"xpath","value":"//header/div/div[2]/div[2]/span"}
RESULT: {"using":"xpath","value":"//header/div/div[2]/div[2]/span"}
COMMAND: GET /session/652b5fe75fdd0bb6263b24ae98cbc99a/element/f.F756EF649BFACFC99A3D872C6535431B.d.D0E53F1A4F87E73A49CA7EAD0D558B4F.e.4935/text - {}
RESULT: {}
COMMAND: POST /session/652b5fe75fdd0bb6263b24ae98cbc99a/execute/async - {"script":"<script> [1562 bytes]","args":[{"selector":{"controlType":"sap.m.Label","viewName":"etm.portal.ui.managesites.view.Detail","viewId":"application-managesites-display-component---detailSite","i18NText":{"propertyName":"text","key":"status"}},"wdio_ui5_key":"etmportal.ui.managesites.view.Detailsap.m.Label{\"propertyName\":\"text\",\"key\":\"status\"}"}]}
RESULT: {"script":"<script> [1562 bytes]","args":[{"selector":{"controlType":"sap.m.Label","viewName":"etm.portal.ui.managesites.view.Detail","viewId":"application-managesites-display-component---detailSite","i18NText":{"propertyName":"text","key":"status"}},"wdio_ui5_key":"etmportal.ui.managesites.view.Detailsap.m.Label{\"propertyName\":\"text\",\"key\":\"status\"}"}]}
RESULT: undefined
COMMAND: POST /session/652b5fe75fdd0bb6263b24ae98cbc99a/execute/async - {"script":"<script> [6424 bytes]","args":[{"element-6066-11e4-a52e-4f735466cecf":"f.F756EF649BFACFC99A3D872C6535431B.d.D0E53F1A4F87E73A49CA7EAD0D558B4F.e.4859"},"getText",[]]}
RESULT: {"script":"<script> [6424 bytes]","args":[{"element-6066-11e4-a52e-4f735466cecf":"f.F756EF649BFACFC99A3D872C6535431B.d.D0E53F1A4F87E73A49CA7EAD0D558B4F.e.4859"},"getText",[]]}
]]></system-out>
    </testcase>
    <testcase classname="chrome.136_0_7103_49.windows.Create_2_sites_US118246" name="Should create WHM site" time="51.571">
      <system-out><![CDATA[
RESULT: undefined
COMMAND: POST /session/652b5fe75fdd0bb6263b24ae98cbc99a/element - {"using":"xpath","value":"//*[@id=\"__button4-img\"]"}
RESULT: {"using":"xpath","value":"//*[@id=\"__button4-img\"]"}
COMMAND: POST /session/652b5fe75fdd0bb6263b24ae98cbc99a/element/f.F756EF649BFACFC99A3D872C6535431B.d.D0E53F1A4F87E73A49CA7EAD0D558B4F.e.4873/click - {}
RESULT: {}
COMMAND: GET /session/652b5fe75fdd0bb6263b24ae98cbc99a/screenshot - {}
RESULT: {}
RESULT: undefined
COMMAND: POST /session/652b5fe75fdd0bb6263b24ae98cbc99a/execute/async - {"script":"<script> [1562 bytes]","args":[{"selector":{"controlType":"sap.m.Button","viewName":"etm.portal.ui.managesites.view.NewSmartSite","viewId":"application-managesites-display-component---NewSite","properties":{"text":"General Information"},"interaction":{"idSuffix":"BDI-content"}},"wdio_ui5_key":"etmportal.ui.managesites.view.NewSmartSitesap.m.Button{\"text\":\"General Information\"}"}]}
RESULT: {"script":"<script> [1562 bytes]","args":[{"selector":{"controlType":"sap.m.Button","viewName":"etm.portal.ui.managesites.view.NewSmartSite","viewId":"application-managesites-display-component---NewSite","properties":{"text":"General Information"},"interaction":{"idSuffix":"BDI-content"}},"wdio_ui5_key":"etmportal.ui.managesites.view.NewSmartSitesap.m.Button{\"text\":\"General Information\"}"}]}
RESULT: undefined
COMMAND: POST /session/652b5fe75fdd0bb6263b24ae98cbc99a/element - {"using":"xpath","value":"//*[@id=\"application-managesites-display-component---NewSite--ObjectPageLayout-anchBar-__section3-anchor\"]"}
RESULT: {"using":"xpath","value":"//*[@id=\"application-managesites-display-component---NewSite--ObjectPageLayout-anchBar-__section3-anchor\"]"}
COMMAND: POST /session/652b5fe75fdd0bb6263b24ae98cbc99a/element/f.F756EF649BFACFC99A3D872C6535431B.d.D0E53F1A4F87E73A49CA7EAD0D558B4F.e.5088/click - {}
RESULT: {}
RESULT: undefined
COMMAND: POST /session/652b5fe75fdd0bb6263b24ae98cbc99a/execute/async - {"script":"<script> [776 bytes]","args":[{"enterText":"Webdriver WHM Site xurmcl","selector":{"id":"application-managesites-display-component---NewSite--addressDetailDetailsName1","interaction":{"idSuffix":"inner"}},"clearTextFirst":true,"interactionType":"ENTER_TEXT"}]}
COMMAND: GET /session/652b5fe75fdd0bb6263b24ae98cbc99a/screenshot - {}
RESULT: {"script":"<script> [776 bytes]","args":[{"enterText":"Webdriver WHM Site xurmcl","selector":{"id":"application-managesites-display-component---NewSite--addressDetailDetailsName1","interaction":{"idSuffix":"inner"}},"clearTextFirst":true,"interactionType":"ENTER_TEXT"}]}
RESULT: {}
RESULT: undefined
COMMAND: POST /session/652b5fe75fdd0bb6263b24ae98cbc99a/execute/async - {"script":"<script> [776 bytes]","args":[{"enterText":"Romanian","selector":{"id":"application-managesites-display-component---NewSite--addressDetailDetailsLanguage","interaction":{"idSuffix":"inner"}},"clearTextFirst":true,"interactionType":"ENTER_TEXT"}]}
RESULT: {"script":"<script> [776 bytes]","args":[{"enterText":"Romanian","selector":{"id":"application-managesites-display-component---NewSite--addressDetailDetailsLanguage","interaction":{"idSuffix":"inner"}},"clearTextFirst":true,"interactionType":"ENTER_TEXT"}]}
COMMAND: POST /session/652b5fe75fdd0bb6263b24ae98cbc99a/actions - {"actions":[{"id":"action10","type":"key","parameters":{},"actions":[{"type":"keyDown","value":"î€‡"},{"type":"pause","duration":10},{"type":"keyUp","value":"î€‡"}]}]}
RESULT: {"actions":[{"id":"action10","type":"key","parameters":{},"actions":[{"type":"keyDown","value":"î€‡"},{"type":"pause","duration":10},{"type":"keyUp","value":"î€‡"}]}]}
RESULT: undefined
COMMAND: POST /session/652b5fe75fdd0bb6263b24ae98cbc99a/execute/async - {"script":"<script> [776 bytes]","args":[{"enterText":"Bucharest","selector":{"id":"application-managesites-display-component---NewSite--addressDetailDetailsCity1","interaction":{"idSuffix":"inner"}},"clearTextFirst":true,"interactionType":"ENTER_TEXT"}]}
COMMAND: GET /session/652b5fe75fdd0bb6263b24ae98cbc99a/screenshot - {}
RESULT: {"script":"<script> [776 bytes]","args":[{"enterText":"Bucharest","selector":{"id":"application-managesites-display-component---NewSite--addressDetailDetailsCity1","interaction":{"idSuffix":"inner"}},"clearTextFirst":true,"interactionType":"ENTER_TEXT"}]}
RESULT: {}
COMMAND: POST /session/652b5fe75fdd0bb6263b24ae98cbc99a/actions - {"actions":[{"id":"action11","type":"key","parameters":{},"actions":[{"type":"keyDown","value":"î€‡"},{"type":"pause","duration":10},{"type":"keyUp","value":"î€‡"}]}]}
RESULT: {"actions":[{"id":"action11","type":"key","parameters":{},"actions":[{"type":"keyDown","value":"î€‡"},{"type":"pause","duration":10},{"type":"keyUp","value":"î€‡"}]}]}
RESULT: undefined
COMMAND: POST /session/652b5fe75fdd0bb6263b24ae98cbc99a/execute/async - {"script":"<script> [6424 bytes]","args":[{"element-6066-11e4-a52e-4f735466cecf":"f.F756EF649BFACFC99A3D872C6535431B.d.D0E53F1A4F87E73A49CA7EAD0D558B4F.e.4493"},"setValue",["Romania"]]}
COMMAND: GET /session/652b5fe75fdd0bb6263b24ae98cbc99a/screenshot - {}
COMMAND: POST /session/652b5fe75fdd0bb6263b24ae98cbc99a/execute/async - {"script":"<script> [1562 bytes]","args":[{"selector":{"id":"application-managesites-display-component---NewSite--addressDetailDetailsCountry","interaction":{"idSuffix":"inner"}},"wdio_ui5_key":"applicationmanagesites-display-component---NewSite--addressDetailDetailsCountry"}]}
RESULT: {}
RESULT: {"script":"<script> [1562 bytes]","args":[{"selector":{"id":"application-managesites-display-component---NewSite--addressDetailDetailsCountry","interaction":{"idSuffix":"inner"}},"wdio_ui5_key":"applicationmanagesites-display-component---NewSite--addressDetailDetailsCountry"}]}
COMMAND: POST /session/652b5fe75fdd0bb6263b24ae98cbc99a/execute/async - {"script":"<script> [6424 bytes]","args":[{"element-6066-11e4-a52e-4f735466cecf":"f.F756EF649BFACFC99A3D872C6535431B.d.D0E53F1A4F87E73A49CA7EAD0D558B4F.e.4989"},"setValue",["Romania"]]}
RESULT: {"script":"<script> [6424 bytes]","args":[{"element-6066-11e4-a52e-4f735466cecf":"f.F756EF649BFACFC99A3D872C6535431B.d.D0E53F1A4F87E73A49CA7EAD0D558B4F.e.4989"},"setValue",["Romania"]]}
COMMAND: POST /session/652b5fe75fdd0bb6263b24ae98cbc99a/actions - {"actions":[{"id":"action12","type":"key","parameters":{},"actions":[{"type":"keyDown","value":"î€‡"},{"type":"pause","duration":10},{"type":"keyUp","value":"î€‡"}]}]}
RESULT: {"actions":[{"id":"action12","type":"key","parameters":{},"actions":[{"type":"keyDown","value":"î€‡"},{"type":"pause","duration":10},{"type":"keyUp","value":"î€‡"}]}]}
RESULT: undefined
COMMAND: POST /session/652b5fe75fdd0bb6263b24ae98cbc99a/execute/async - {"script":"<script> [776 bytes]","args":[{"enterText":"Germany","selector":{"id":"application-managesites-display-component---NewSite--addressDetailDetailsCalendar","interaction":{"idSuffix":"inner"}},"clearTextFirst":true,"interactionType":"ENTER_TEXT"}]}
COMMAND: GET /session/652b5fe75fdd0bb6263b24ae98cbc99a/screenshot - {}
RESULT: {"script":"<script> [776 bytes]","args":[{"enterText":"Germany","selector":{"id":"application-managesites-display-component---NewSite--addressDetailDetailsCalendar","interaction":{"idSuffix":"inner"}},"clearTextFirst":true,"interactionType":"ENTER_TEXT"}]}
RESULT: {}
COMMAND: POST /session/652b5fe75fdd0bb6263b24ae98cbc99a/actions - {"actions":[{"id":"action13","type":"key","parameters":{},"actions":[{"type":"keyDown","value":"î€‡"},{"type":"pause","duration":10},{"type":"keyUp","value":"î€‡"}]}]}
RESULT: {"actions":[{"id":"action13","type":"key","parameters":{},"actions":[{"type":"keyDown","value":"î€‡"},{"type":"pause","duration":10},{"type":"keyUp","value":"î€‡"}]}]}
COMMAND: POST /session/652b5fe75fdd0bb6263b24ae98cbc99a/execute/async - {"script":"<script> [1562 bytes]","args":[{"selector":{"id":"application-managesites-display-component---NewSite--addressEditDetailsCostObjectCstType","interaction":{"idSuffix":"inner"}},"wdio_ui5_key":"applicationmanagesites-display-component---NewSite--addressEditDetailsCostObjectCstType"}]}
COMMAND: GET /session/652b5fe75fdd0bb6263b24ae98cbc99a/screenshot - {}
RESULT: {"script":"<script> [1562 bytes]","args":[{"selector":{"id":"application-managesites-display-component---NewSite--addressEditDetailsCostObjectCstType","interaction":{"idSuffix":"inner"}},"wdio_ui5_key":"applicationmanagesites-display-component---NewSite--addressEditDetailsCostObjectCstType"}]}
RESULT: undefined
COMMAND: POST /session/652b5fe75fdd0bb6263b24ae98cbc99a/execute/async - {"script":"<script> [776 bytes]","args":[{"enterText":"Cost","selector":{"id":"application-managesites-display-component---NewSite--addressEditDetailsCostObjectCstType","interaction":{"idSuffix":"inner"}},"clearTextFirst":true,"interactionType":"ENTER_TEXT"}]}
RESULT: {}
RESULT: {"script":"<script> [776 bytes]","args":[{"enterText":"Cost","selector":{"id":"application-managesites-display-component---NewSite--addressEditDetailsCostObjectCstType","interaction":{"idSuffix":"inner"}},"clearTextFirst":true,"interactionType":"ENTER_TEXT"}]}
COMMAND: POST /session/652b5fe75fdd0bb6263b24ae98cbc99a/actions - {"actions":[{"id":"action14","type":"key","parameters":{},"actions":[{"type":"keyDown","value":"î€‡"},{"type":"pause","duration":10},{"type":"keyUp","value":"î€‡"}]}]}
RESULT: {"actions":[{"id":"action14","type":"key","parameters":{},"actions":[{"type":"keyDown","value":"î€‡"},{"type":"pause","duration":10},{"type":"keyUp","value":"î€‡"}]}]}
COMMAND: POST /session/652b5fe75fdd0bb6263b24ae98cbc99a/execute/async - {"script":"<script> [1562 bytes]","args":[{"selector":{"id":"application-managesites-display-component---NewSite--addressNewCostObjectCstID","interaction":{"idSuffix":"inner"}},"wdio_ui5_key":"applicationmanagesites-display-component---NewSite--addressNewCostObjectCstID"}]}
COMMAND: GET /session/652b5fe75fdd0bb6263b24ae98cbc99a/screenshot - {}
RESULT: {"script":"<script> [1562 bytes]","args":[{"selector":{"id":"application-managesites-display-component---NewSite--addressNewCostObjectCstID","interaction":{"idSuffix":"inner"}},"wdio_ui5_key":"applicationmanagesites-display-component---NewSite--addressNewCostObjectCstID"}]}
RESULT: undefined
COMMAND: POST /session/652b5fe75fdd0bb6263b24ae98cbc99a/execute/async - {"script":"<script> [776 bytes]","args":[{"enterText":"1001","selector":{"id":"application-managesites-display-component---NewSite--addressNewCostObjectCstID","interaction":{"idSuffix":"inner"}},"clearTextFirst":true,"interactionType":"ENTER_TEXT"}]}
RESULT: {}
RESULT: {"script":"<script> [776 bytes]","args":[{"enterText":"1001","selector":{"id":"application-managesites-display-component---NewSite--addressNewCostObjectCstID","interaction":{"idSuffix":"inner"}},"clearTextFirst":true,"interactionType":"ENTER_TEXT"}]}
COMMAND: POST /session/652b5fe75fdd0bb6263b24ae98cbc99a/actions - {"actions":[{"id":"action15","type":"key","parameters":{},"actions":[{"type":"keyDown","value":"î€‡"},{"type":"pause","duration":10},{"type":"keyUp","value":"î€‡"}]}]}
RESULT: {"actions":[{"id":"action15","type":"key","parameters":{},"actions":[{"type":"keyDown","value":"î€‡"},{"type":"pause","duration":10},{"type":"keyUp","value":"î€‡"}]}]}
COMMAND: POST /session/652b5fe75fdd0bb6263b24ae98cbc99a/element - {"using":"xpath","value":"//input[@id=\"application-managesites-display-component---NewSite--addressDetailDetailsYard-inner\"]"}
COMMAND: GET /session/652b5fe75fdd0bb6263b24ae98cbc99a/screenshot - {}
RESULT: {"using":"xpath","value":"//input[@id=\"application-managesites-display-component---NewSite--addressDetailDetailsYard-inner\"]"}
COMMAND: POST /session/652b5fe75fdd0bb6263b24ae98cbc99a/element/f.F756EF649BFACFC99A3D872C6535431B.d.D0E53F1A4F87E73A49CA7EAD0D558B4F.e.5000/value - {"text":"256"}
RESULT: {}
RESULT: {"text":"256"}
COMMAND: GET /session/652b5fe75fdd0bb6263b24ae98cbc99a/screenshot - {}
RESULT: {}
COMMAND: POST /session/652b5fe75fdd0bb6263b24ae98cbc99a/actions - {"actions":[{"id":"action16","type":"key","parameters":{},"actions":[{"type":"keyDown","value":"î€‡"},{"type":"pause","duration":10},{"type":"keyUp","value":"î€‡"}]}]}
RESULT: {"actions":[{"id":"action16","type":"key","parameters":{},"actions":[{"type":"keyDown","value":"î€‡"},{"type":"pause","duration":10},{"type":"keyUp","value":"î€‡"}]}]}
COMMAND: GET /session/652b5fe75fdd0bb6263b24ae98cbc99a/screenshot - {}
RESULT: {}
COMMAND: POST /session/652b5fe75fdd0bb6263b24ae98cbc99a/element - {"using":"xpath","value":"//input[@id=\"application-managesites-display-component---NewSite--addressDetailDetailsPartner-inner\"]"}
RESULT: {"using":"xpath","value":"//input[@id=\"application-managesites-display-component---NewSite--addressDetailDetailsPartner-inner\"]"}
COMMAND: POST /session/652b5fe75fdd0bb6263b24ae98cbc99a/elements - {"using":"xpath","value":"//input[@id=\"application-managesites-display-component---NewSite--addressDetailDetailsPartner-inner\"]"}
RESULT: {"using":"xpath","value":"//input[@id=\"application-managesites-display-component---NewSite--addressDetailDetailsPartner-inner\"]"}
RESULT: undefined
COMMAND: POST /session/652b5fe75fdd0bb6263b24ae98cbc99a/element - {"using":"xpath","value":"//*[@id=\"application-managesites-display-component---NewSite--ObjectPageLayout-anchBar-__section5-anchor\"]"}
RESULT: {"using":"xpath","value":"//*[@id=\"application-managesites-display-component---NewSite--ObjectPageLayout-anchBar-__section5-anchor\"]"}
COMMAND: POST /session/652b5fe75fdd0bb6263b24ae98cbc99a/element/f.F756EF649BFACFC99A3D872C6535431B.d.D0E53F1A4F87E73A49CA7EAD0D558B4F.e.5095/click - {}
RESULT: {}
COMMAND: POST /session/652b5fe75fdd0bb6263b24ae98cbc99a/execute/async - {"script":"<script> [1562 bytes]","args":[{"selector":{"id":"application-managesites-display-component---NewSite--siteWhmCheckBox-label","interaction":{"idSuffix":"bdi"}},"wdio_ui5_key":"applicationmanagesites-display-component---NewSite--siteWhmCheckBox-label"}]}
COMMAND: GET /session/652b5fe75fdd0bb6263b24ae98cbc99a/screenshot - {}
RESULT: {"script":"<script> [1562 bytes]","args":[{"selector":{"id":"application-managesites-display-component---NewSite--siteWhmCheckBox-label","interaction":{"idSuffix":"bdi"}},"wdio_ui5_key":"applicationmanagesites-display-component---NewSite--siteWhmCheckBox-label"}]}
RESULT: undefined
COMMAND: POST /session/652b5fe75fdd0bb6263b24ae98cbc99a/element - {"using":"xpath","value":"//*[@id=\"application-managesites-display-component---NewSite--siteWhmCheckBox-label\"]"}
RESULT: {}
RESULT: {"using":"xpath","value":"//*[@id=\"application-managesites-display-component---NewSite--siteWhmCheckBox-label\"]"}
COMMAND: POST /session/652b5fe75fdd0bb6263b24ae98cbc99a/element/f.F756EF649BFACFC99A3D872C6535431B.d.D0E53F1A4F87E73A49CA7EAD0D558B4F.e.5098/click - {}
RESULT: {}
RESULT: undefined
COMMAND: POST /session/652b5fe75fdd0bb6263b24ae98cbc99a/element - {"using":"xpath","value":"//*[@id=\"__button16\"]"}
COMMAND: GET /session/652b5fe75fdd0bb6263b24ae98cbc99a/screenshot - {}
RESULT: {"using":"xpath","value":"//*[@id=\"__button16\"]"}
COMMAND: POST /session/652b5fe75fdd0bb6263b24ae98cbc99a/element/f.F756EF649BFACFC99A3D872C6535431B.d.D0E53F1A4F87E73A49CA7EAD0D558B4F.e.5099/click - {}
RESULT: {}
RESULT: {}
COMMAND: GET /session/652b5fe75fdd0bb6263b24ae98cbc99a/screenshot - {}
RESULT: {}
COMMAND: POST /session/652b5fe75fdd0bb6263b24ae98cbc99a/element - {"using":"xpath","value":"//header/div/div[2]/div[2]/span"}
RESULT: {"using":"xpath","value":"//header/div/div[2]/div[2]/span"}
COMMAND: GET /session/652b5fe75fdd0bb6263b24ae98cbc99a/element/f.F756EF649BFACFC99A3D872C6535431B.d.D0E53F1A4F87E73A49CA7EAD0D558B4F.e.5271/text - {}
RESULT: {}
RESULT: undefined
RESULT: undefined
COMMAND: POST /session/652b5fe75fdd0bb6263b24ae98cbc99a/execute/async - {"script":"<script> [6424 bytes]","args":[{"element-6066-11e4-a52e-4f735466cecf":"f.F756EF649BFACFC99A3D872C6535431B.d.D0E53F1A4F87E73A49CA7EAD0D558B4F.e.4859"},"getText",[]]}
COMMAND: POST /session/652b5fe75fdd0bb6263b24ae98cbc99a/execute/async - {"script":"<script> [1562 bytes]","args":[{"selector":{"controlType":"sap.m.Label","viewName":"etm.portal.ui.managesites.view.Detail","viewId":"application-managesites-display-component---detailSite","i18NText":{"propertyName":"text","key":"status"}},"wdio_ui5_key":"etmportal.ui.managesites.view.Detailsap.m.Label{\"propertyName\":\"text\",\"key\":\"status\"}"}]}
RESULT: {"script":"<script> [1562 bytes]","args":[{"selector":{"controlType":"sap.m.Label","viewName":"etm.portal.ui.managesites.view.Detail","viewId":"application-managesites-display-component---detailSite","i18NText":{"propertyName":"text","key":"status"}},"wdio_ui5_key":"etmportal.ui.managesites.view.Detailsap.m.Label{\"propertyName\":\"text\",\"key\":\"status\"}"}]}
COMMAND: POST /session/652b5fe75fdd0bb6263b24ae98cbc99a/execute/async - {"script":"<script> [6424 bytes]","args":[{"element-6066-11e4-a52e-4f735466cecf":"f.F756EF649BFACFC99A3D872C6535431B.d.D0E53F1A4F87E73A49CA7EAD0D558B4F.e.5259"},"getText",[]]}
RESULT: {"script":"<script> [6424 bytes]","args":[{"element-6066-11e4-a52e-4f735466cecf":"f.F756EF649BFACFC99A3D872C6535431B.d.D0E53F1A4F87E73A49CA7EAD0D558B4F.e.5259"},"getText",[]]}
COMMAND: POST /session/652b5fe75fdd0bb6263b24ae98cbc99a/execute/async - {"script":"<script> [1562 bytes]","args":[{"selector":{"id":"shell-header","interaction":{"idSuffix":"icon"}},"wdio_ui5_key":"shellheader"}]}
RESULT: {"script":"<script> [1562 bytes]","args":[{"selector":{"id":"shell-header","interaction":{"idSuffix":"icon"}},"wdio_ui5_key":"shellheader"}]}
RESULT: undefined
COMMAND: POST /session/652b5fe75fdd0bb6263b24ae98cbc99a/element - {"using":"xpath","value":"//*[@id=\"shell-header\"]"}
RESULT: {"using":"xpath","value":"//*[@id=\"shell-header\"]"}
COMMAND: POST /session/652b5fe75fdd0bb6263b24ae98cbc99a/element/f.F756EF649BFACFC99A3D872C6535431B.d.D0E53F1A4F87E73A49CA7EAD0D558B4F.e.5272/click - {}
RESULT: {}
COMMAND: POST /session/652b5fe75fdd0bb6263b24ae98cbc99a/refresh - {}
COMMAND: GET /session/652b5fe75fdd0bb6263b24ae98cbc99a/screenshot - {}
RESULT: {}
COMMAND: GET /session/652b5fe75fdd0bb6263b24ae98cbc99a/screenshot - {}
RESULT: {}
RESULT: {}
COMMAND: POST /session/652b5fe75fdd0bb6263b24ae98cbc99a/refresh - {}
RESULT: {}
COMMAND: GET /session/652b5fe75fdd0bb6263b24ae98cbc99a/screenshot - {}
RESULT: {}
COMMAND: POST /session/652b5fe75fdd0bb6263b24ae98cbc99a/window/fullscreen - {}
RESULT: {}
COMMAND: POST /session/652b5fe75fdd0bb6263b24ae98cbc99a/execute/async - {"script":"<script> [189 bytes]","args":[]}
RESULT: {"script":"<script> [189 bytes]","args":[]}
COMMAND: POST /session/652b5fe75fdd0bb6263b24ae98cbc99a/execute/async - {"script":"<script> [123 bytes]","args":[]}
RESULT: {"script":"<script> [123 bytes]","args":[]}
COMMAND: POST /session/652b5fe75fdd0bb6263b24ae98cbc99a/timeouts - {"script":"<number>"}
RESULT: {"script":"<number>"}
COMMAND: GET /session/652b5fe75fdd0bb6263b24ae98cbc99a/timeouts - {}
RESULT: {}
RESULT: undefined
COMMAND: POST /session/652b5fe75fdd0bb6263b24ae98cbc99a/execute/async - {"script":"<script> [2676 bytes]","args":[]}
RESULT: {"script":"<script> [2676 bytes]","args":[]}
COMMAND: POST /session/652b5fe75fdd0bb6263b24ae98cbc99a/execute/async - {"script":"<script> [2342 bytes]","args":[{"protocol":"http","hostname":"0.0.0.0","path":"/","capabilities":{"browserName":"chrome","goog:chromeOptions":{"binary":"C:\\Program Files\\Google\\Chrome\\Application\\chrome.exe","args":["--start-maximized"]}},"logLevel":"warn","connectionRetryTimeout":120000,"connectionRetryCount":3,"logLevels":{},"enableDirectConnect":true,"strictSSL":true,"_":"65 more keys: [\"cacheDir\",\"port\",\"requestedCapabilities\",\"automationProtocol\",\"baseUrl\",\"waitforInterval\",\"waitforTimeout\",\"onReload\",\"beforeCommand\",\"afterCommand\",\"rootDir\",\"specs\",\"suites\",\"exclude\",\"groupLogsByTestSpec\",\"excludeDriverLogs\",\"bail\",\"framework\",\"reporters\",\"services\",\"maxInstances\",\"maxInstancesPerCapability\",\"injectGlobals\",\"filesToWatch\",\"execArgv\",\"runnerEnv\",\"runner\",\"shard\",\"specFileRetries\",\"specFileRetriesDelay\",\"specFileRetriesDeferred\",\"reporterSyncInterval\",\"reporterSyncTimeout\",\"cucumberFeaturesWithLineNumbers\",\"autoCompileOpts\",\"mochaOpts\",\"jasmineOpts\",\"cucumberOpts\",\"onPrepare\",\"onWorkerStart\",\"onWorkerEnd\",\"before\",\"beforeSession\",\"beforeSuite\",\"beforeHook\",\"beforeTest\",\"afterTest\",\"afterHook\",\"afterSuite\",\"afterSession\",\"after\",\"onComplete\",\"beforeAssertion\",\"afterAssertion\",\"beforeFeature\",\"beforeScenario\",\"beforeStep\",\"afterStep\",\"afterScenario\",\"afterFeature\",\"_\",\"suite\",\"$0\",\"ignoredWorkerServices\",\"wdi5\"]"}]}
RESULT: {"script":"<script> [2342 bytes]","args":[{"protocol":"http","hostname":"0.0.0.0","path":"/","capabilities":{"browserName":"chrome","goog:chromeOptions":{"binary":"C:\\Program Files\\Google\\Chrome\\Application\\chrome.exe","args":["--start-maximized"]}},"logLevel":"warn","connectionRetryTimeout":120000,"connectionRetryCount":3,"logLevels":{},"enableDirectConnect":true,"strictSSL":true,"_":"65 more keys: [\"cacheDir\",\"port\",\"requestedCapabilities\",\"automationProtocol\",\"baseUrl\",\"waitforInterval\",\"waitforTimeout\",\"onReload\",\"beforeCommand\",\"afterCommand\",\"rootDir\",\"specs\",\"suites\",\"exclude\",\"groupLogsByTestSpec\",\"excludeDriverLogs\",\"bail\",\"framework\",\"reporters\",\"services\",\"maxInstances\",\"maxInstancesPerCapability\",\"injectGlobals\",\"filesToWatch\",\"execArgv\",\"runnerEnv\",\"runner\",\"shard\",\"specFileRetries\",\"specFileRetriesDelay\",\"specFileRetriesDeferred\",\"reporterSyncInterval\",\"reporterSyncTimeout\",\"cucumberFeaturesWithLineNumbers\",\"autoCompileOpts\",\"mochaOpts\",\"jasmineOpts\",\"cucumberOpts\",\"onPrepare\",\"onWorkerStart\",\"onWorkerEnd\",\"before\",\"beforeSession\",\"beforeSuite\",\"beforeHook\",\"beforeTest\",\"afterTest\",\"afterHook\",\"afterSuite\",\"afterSession\",\"after\",\"onComplete\",\"beforeAssertion\",\"afterAssertion\",\"beforeFeature\",\"beforeScenario\",\"beforeStep\",\"afterStep\",\"afterScenario\",\"afterFeature\",\"_\",\"suite\",\"$0\",\"ignoredWorkerServices\",\"wdi5\"]"}]}
COMMAND: POST /session/652b5fe75fdd0bb6263b24ae98cbc99a/execute/async - {"script":"<script> [21126 bytes]","args":[35000]}
RESULT: {"script":"<script> [21126 bytes]","args":[35000]}
COMMAND: POST /session/652b5fe75fdd0bb6263b24ae98cbc99a/element - {"using":"css selector","value":"#j_username"}
COMMAND: POST /session/652b5fe75fdd0bb6263b24ae98cbc99a/url - {"url":"https://qa-testing-00-live-etm-ui.cfapps.eu10-004.hana.ondemand.com/"}
RESULT: {"using":"css selector","value":"#j_username"}
COMMAND: POST /session/652b5fe75fdd0bb6263b24ae98cbc99a/element - {"using":"css selector","value":"#j_username"}
RESULT: {"url":"https://qa-testing-00-live-etm-ui.cfapps.eu10-004.hana.ondemand.com/"}
RESULT: undefined
COMMAND: GET /session/652b5fe75fdd0bb6263b24ae98cbc99a/screenshot - {}
RESULT: {"using":"css selector","value":"#j_username"}
COMMAND: POST /session/652b5fe75fdd0bb6263b24ae98cbc99a/element - {"using":"css selector","value":"#shell-header-logo"}
RESULT: {}
RESULT: {"using":"css selector","value":"#shell-header-logo"}
COMMAND: POST /session/652b5fe75fdd0bb6263b24ae98cbc99a/execute/sync - {"script":"<script> [8489 bytes]","args":[{"element-6066-11e4-a52e-4f735466cecf":"f.F756EF649BFACFC99A3D872C6535431B.d.015256E1CFC7B3EE9B5731964E7AF1AA.e.5828","ELEMENT":"f.F756EF649BFACFC99A3D872C6535431B.d.015256E1CFC7B3EE9B5731964E7AF1AA.e.5828"}]}
RESULT: {"script":"<script> [8489 bytes]","args":[{"element-6066-11e4-a52e-4f735466cecf":"f.F756EF649BFACFC99A3D872C6535431B.d.015256E1CFC7B3EE9B5731964E7AF1AA.e.5828","ELEMENT":"f.F756EF649BFACFC99A3D872C6535431B.d.015256E1CFC7B3EE9B5731964E7AF1AA.e.5828"}]}
COMMAND: POST /session/652b5fe75fdd0bb6263b24ae98cbc99a/element - {"using":"css selector","value":"#shell-header-logo"}
COMMAND: GET /session/652b5fe75fdd0bb6263b24ae98cbc99a/screenshot - {}
RESULT: {"using":"css selector","value":"#shell-header-logo"}
COMMAND: POST /session/652b5fe75fdd0bb6263b24ae98cbc99a/execute/sync - {"script":"<script> [8489 bytes]","args":[{"element-6066-11e4-a52e-4f735466cecf":"f.F756EF649BFACFC99A3D872C6535431B.d.015256E1CFC7B3EE9B5731964E7AF1AA.e.5828","ELEMENT":"f.F756EF649BFACFC99A3D872C6535431B.d.015256E1CFC7B3EE9B5731964E7AF1AA.e.5828"}]}
RESULT: {}
RESULT: {"script":"<script> [8489 bytes]","args":[{"element-6066-11e4-a52e-4f735466cecf":"f.F756EF649BFACFC99A3D872C6535431B.d.015256E1CFC7B3EE9B5731964E7AF1AA.e.5828","ELEMENT":"f.F756EF649BFACFC99A3D872C6535431B.d.015256E1CFC7B3EE9B5731964E7AF1AA.e.5828"}]}
COMMAND: POST /session/652b5fe75fdd0bb6263b24ae98cbc99a/execute/sync - {"script":"<script> [5351 bytes]","args":[{"element-6066-11e4-a52e-4f735466cecf":"f.F756EF649BFACFC99A3D872C6535431B.d.015256E1CFC7B3EE9B5731964E7AF1AA.e.5828","ELEMENT":"f.F756EF649BFACFC99A3D872C6535431B.d.015256E1CFC7B3EE9B5731964E7AF1AA.e.5828"}]}
COMMAND: GET /session/652b5fe75fdd0bb6263b24ae98cbc99a/screenshot - {}
RESULT: {"script":"<script> [5351 bytes]","args":[{"element-6066-11e4-a52e-4f735466cecf":"f.F756EF649BFACFC99A3D872C6535431B.d.015256E1CFC7B3EE9B5731964E7AF1AA.e.5828","ELEMENT":"f.F756EF649BFACFC99A3D872C6535431B.d.015256E1CFC7B3EE9B5731964E7AF1AA.e.5828"}]}
COMMAND: POST /session/652b5fe75fdd0bb6263b24ae98cbc99a/element - {"using":"css selector","value":"#shell-header-logo"}
COMMAND: GET /session/652b5fe75fdd0bb6263b24ae98cbc99a/screenshot - {}
RESULT: {}
RESULT: {"using":"css selector","value":"#shell-header-logo"}
COMMAND: POST /session/652b5fe75fdd0bb6263b24ae98cbc99a/element/f.F756EF649BFACFC99A3D872C6535431B.d.015256E1CFC7B3EE9B5731964E7AF1AA.e.5828/click - {}
RESULT: {}
RESULT: {}
COMMAND: GET /session/652b5fe75fdd0bb6263b24ae98cbc99a/screenshot - {}
RESULT: {}
COMMAND: POST /session/652b5fe75fdd0bb6263b24ae98cbc99a/execute/async - {"script":"<script> [189 bytes]","args":[]}
RESULT: {"script":"<script> [189 bytes]","args":[]}
COMMAND: POST /session/652b5fe75fdd0bb6263b24ae98cbc99a/execute/async - {"script":"<script> [123 bytes]","args":[]}
RESULT: {"script":"<script> [123 bytes]","args":[]}
COMMAND: POST /session/652b5fe75fdd0bb6263b24ae98cbc99a/timeouts - {"script":"<number>"}
RESULT: {"script":"<number>"}
COMMAND: GET /session/652b5fe75fdd0bb6263b24ae98cbc99a/timeouts - {}
RESULT: {}
RESULT: undefined
COMMAND: POST /session/652b5fe75fdd0bb6263b24ae98cbc99a/execute/async - {"script":"<script> [2676 bytes]","args":[]}
RESULT: {"script":"<script> [2676 bytes]","args":[]}
COMMAND: POST /session/652b5fe75fdd0bb6263b24ae98cbc99a/execute/async - {"script":"<script> [2342 bytes]","args":[{"protocol":"http","hostname":"0.0.0.0","path":"/","capabilities":{"browserName":"chrome","goog:chromeOptions":{"binary":"C:\\Program Files\\Google\\Chrome\\Application\\chrome.exe","args":["--start-maximized"]}},"logLevel":"warn","connectionRetryTimeout":120000,"connectionRetryCount":3,"logLevels":{},"enableDirectConnect":true,"strictSSL":true,"_":"65 more keys: [\"cacheDir\",\"port\",\"requestedCapabilities\",\"automationProtocol\",\"baseUrl\",\"waitforInterval\",\"waitforTimeout\",\"onReload\",\"beforeCommand\",\"afterCommand\",\"rootDir\",\"specs\",\"suites\",\"exclude\",\"groupLogsByTestSpec\",\"excludeDriverLogs\",\"bail\",\"framework\",\"reporters\",\"services\",\"maxInstances\",\"maxInstancesPerCapability\",\"injectGlobals\",\"filesToWatch\",\"execArgv\",\"runnerEnv\",\"runner\",\"shard\",\"specFileRetries\",\"specFileRetriesDelay\",\"specFileRetriesDeferred\",\"reporterSyncInterval\",\"reporterSyncTimeout\",\"cucumberFeaturesWithLineNumbers\",\"autoCompileOpts\",\"mochaOpts\",\"jasmineOpts\",\"cucumberOpts\",\"onPrepare\",\"onWorkerStart\",\"onWorkerEnd\",\"before\",\"beforeSession\",\"beforeSuite\",\"beforeHook\",\"beforeTest\",\"afterTest\",\"afterHook\",\"afterSuite\",\"afterSession\",\"after\",\"onComplete\",\"beforeAssertion\",\"afterAssertion\",\"beforeFeature\",\"beforeScenario\",\"beforeStep\",\"afterStep\",\"afterScenario\",\"afterFeature\",\"_\",\"suite\",\"$0\",\"ignoredWorkerServices\",\"wdi5\"]"}]}
RESULT: {"script":"<script> [2342 bytes]","args":[{"protocol":"http","hostname":"0.0.0.0","path":"/","capabilities":{"browserName":"chrome","goog:chromeOptions":{"binary":"C:\\Program Files\\Google\\Chrome\\Application\\chrome.exe","args":["--start-maximized"]}},"logLevel":"warn","connectionRetryTimeout":120000,"connectionRetryCount":3,"logLevels":{},"enableDirectConnect":true,"strictSSL":true,"_":"65 more keys: [\"cacheDir\",\"port\",\"requestedCapabilities\",\"automationProtocol\",\"baseUrl\",\"waitforInterval\",\"waitforTimeout\",\"onReload\",\"beforeCommand\",\"afterCommand\",\"rootDir\",\"specs\",\"suites\",\"exclude\",\"groupLogsByTestSpec\",\"excludeDriverLogs\",\"bail\",\"framework\",\"reporters\",\"services\",\"maxInstances\",\"maxInstancesPerCapability\",\"injectGlobals\",\"filesToWatch\",\"execArgv\",\"runnerEnv\",\"runner\",\"shard\",\"specFileRetries\",\"specFileRetriesDelay\",\"specFileRetriesDeferred\",\"reporterSyncInterval\",\"reporterSyncTimeout\",\"cucumberFeaturesWithLineNumbers\",\"autoCompileOpts\",\"mochaOpts\",\"jasmineOpts\",\"cucumberOpts\",\"onPrepare\",\"onWorkerStart\",\"onWorkerEnd\",\"before\",\"beforeSession\",\"beforeSuite\",\"beforeHook\",\"beforeTest\",\"afterTest\",\"afterHook\",\"afterSuite\",\"afterSession\",\"after\",\"onComplete\",\"beforeAssertion\",\"afterAssertion\",\"beforeFeature\",\"beforeScenario\",\"beforeStep\",\"afterStep\",\"afterScenario\",\"afterFeature\",\"_\",\"suite\",\"$0\",\"ignoredWorkerServices\",\"wdi5\"]"}]}
COMMAND: POST /session/652b5fe75fdd0bb6263b24ae98cbc99a/execute/async - {"script":"<script> [21126 bytes]","args":[35000]}
RESULT: {"script":"<script> [21126 bytes]","args":[35000]}
COMMAND: POST /session/652b5fe75fdd0bb6263b24ae98cbc99a/window/maximize - {}
RESULT: {}
COMMAND: POST /session/652b5fe75fdd0bb6263b24ae98cbc99a/execute/async - {"script":"<script> [1562 bytes]","args":[{"selector":{"id":"shell-header","interaction":{"idSuffix":"icon"}},"wdio_ui5_key":"shellheader"}]}
COMMAND: GET /session/652b5fe75fdd0bb6263b24ae98cbc99a/screenshot - {}
RESULT: {"script":"<script> [1562 bytes]","args":[{"selector":{"id":"shell-header","interaction":{"idSuffix":"icon"}},"wdio_ui5_key":"shellheader"}]}
RESULT: undefined
RESULT: {}
COMMAND: POST /session/652b5fe75fdd0bb6263b24ae98cbc99a/execute/async - {"script":"<script> [1562 bytes]","args":[{"selector":{"controlType":"sap.m.Title","i18NText":{"propertyName":"text","key":"dataCollectionAgreement"},"searchOpenDialogs":true},"wdio_ui5_key":"sapm.Title{\"propertyName\":\"text\",\"key\":\"dataCollectionAgreement\"}"}]}
RESULT: {"script":"<script> [1562 bytes]","args":[{"selector":{"controlType":"sap.m.Title","i18NText":{"propertyName":"text","key":"dataCollectionAgreement"},"searchOpenDialogs":true},"wdio_ui5_key":"sapm.Title{\"propertyName\":\"text\",\"key\":\"dataCollectionAgreement\"}"}]}
RESULT: undefined
COMMAND: POST /session/652b5fe75fdd0bb6263b24ae98cbc99a/execute/async - {"script":"<script> [1562 bytes]","args":[{"selector":{"controlType":"sap.m.GenericTile","properties":{"header":"Manage Resources"}},"wdio_ui5_key":"sapm.GenericTile{\"header\":\"Manage Resources\"}"}]}
RESULT: {"script":"<script> [1562 bytes]","args":[{"selector":{"controlType":"sap.m.GenericTile","properties":{"header":"Manage Resources"}},"wdio_ui5_key":"sapm.GenericTile{\"header\":\"Manage Resources\"}"}]}
RESULT: undefined
COMMAND: POST /session/652b5fe75fdd0bb6263b24ae98cbc99a/element - {"using":"xpath","value":"//*[@id=\"__tile31\"]"}
RESULT: {"using":"xpath","value":"//*[@id=\"__tile31\"]"}
COMMAND: POST /session/652b5fe75fdd0bb6263b24ae98cbc99a/element/f.F756EF649BFACFC99A3D872C6535431B.d.015256E1CFC7B3EE9B5731964E7AF1AA.e.5853/click - {}
RESULT: {}
COMMAND: GET /session/652b5fe75fdd0bb6263b24ae98cbc99a/screenshot - {}
RESULT: {}
COMMAND: POST /session/652b5fe75fdd0bb6263b24ae98cbc99a/elements - {"using":"xpath","value":"//span[text()='Error']"}
RESULT: {"using":"xpath","value":"//span[text()='Error']"}
]]></system-out>
    </testcase>
  </testsuite>
  <testsuite timestamp="2025-05-13T15:30:38" time="516.152" tests="2" failures="0" errors="0" skipped="0">
    <properties>
      <property name="specId" value="0" />
      <property name="suiteName" value="Create 2 RU material US118246" />
      <property name="capabilities" value="chrome.136_0_7103_49.windows" />
      <property name="file" value="file:///D:/a/1/s/test/specs/R2C/create-material.spec.js" />
    </properties>
    <testcase classname="chrome.136_0_7103_49.windows.Create_2_RU_material_US118246" name="Create material" time="237.47">
      <system-out><![CDATA[
COMMAND: POST /session/652b5fe75fdd0bb6263b24ae98cbc99a/element - {"using":"xpath","value":"//button[@data-kt=\"addNewRUOverflowToolbarButton\"]"}
RESULT: {"using":"xpath","value":"//button[@data-kt=\"addNewRUOverflowToolbarButton\"]"}
COMMAND: POST /session/652b5fe75fdd0bb6263b24ae98cbc99a/execute/sync - {"script":"<script> [8489 bytes]","args":[{"element-6066-11e4-a52e-4f735466cecf":"f.F756EF649BFACFC99A3D872C6535431B.d.015256E1CFC7B3EE9B5731964E7AF1AA.e.5991","ELEMENT":"f.F756EF649BFACFC99A3D872C6535431B.d.015256E1CFC7B3EE9B5731964E7AF1AA.e.5991"}]}
RESULT: {"script":"<script> [8489 bytes]","args":[{"element-6066-11e4-a52e-4f735466cecf":"f.F756EF649BFACFC99A3D872C6535431B.d.015256E1CFC7B3EE9B5731964E7AF1AA.e.5991","ELEMENT":"f.F756EF649BFACFC99A3D872C6535431B.d.015256E1CFC7B3EE9B5731964E7AF1AA.e.5991"}]}
COMMAND: POST /session/652b5fe75fdd0bb6263b24ae98cbc99a/element/f.F756EF649BFACFC99A3D872C6535431B.d.015256E1CFC7B3EE9B5731964E7AF1AA.e.5991/click - {}
COMMAND: GET /session/652b5fe75fdd0bb6263b24ae98cbc99a/screenshot - {}
RESULT: {}
COMMAND: GET /session/652b5fe75fdd0bb6263b24ae98cbc99a/screenshot - {}
RESULT: {}
RESULT: {}
COMMAND: POST /session/652b5fe75fdd0bb6263b24ae98cbc99a/execute/async - {"script":"<script> [1562 bytes]","args":[{"selector":{"controlType":"sap.m.ComboBox","viewName":"reusables.view.manageresources.NewResourceUnit","viewId":"application-manageresources-display-component---newResourceUnit","bindingPath":{"path":"","propertyPath":"/RuTypes","modelName":"catalogModel"},"searchOpenDialogs":true},"wdio_ui5_key":"reusablesview.manageresources.NewResourceUnitsap.m.ComboBox{\"path\":\"\",\"propertyPath\":\"/RuTypes\",\"modelName\":\"catalogModel\"}"}]}
RESULT: {"script":"<script> [1562 bytes]","args":[{"selector":{"controlType":"sap.m.ComboBox","viewName":"reusables.view.manageresources.NewResourceUnit","viewId":"application-manageresources-display-component---newResourceUnit","bindingPath":{"path":"","propertyPath":"/RuTypes","modelName":"catalogModel"},"searchOpenDialogs":true},"wdio_ui5_key":"reusablesview.manageresources.NewResourceUnitsap.m.ComboBox{\"path\":\"\",\"propertyPath\":\"/RuTypes\",\"modelName\":\"catalogModel\"}"}]}
RESULT: undefined
COMMAND: POST /session/652b5fe75fdd0bb6263b24ae98cbc99a/execute/async - {"script":"<script> [1562 bytes]","args":[{"selector":{"controlType":"sap.m.ComboBox","viewName":"reusables.view.manageresources.NewResourceUnit","viewId":"application-manageresources-display-component---newResourceUnit","bindingPath":{"path":"","propertyPath":"/Yards","modelName":"catalogModel"},"searchOpenDialogs":true},"wdio_ui5_key":"reusablesview.manageresources.NewResourceUnitsap.m.ComboBox{\"path\":\"\",\"propertyPath\":\"/Yards\",\"modelName\":\"catalogModel\"}"}]}
RESULT: {"script":"<script> [1562 bytes]","args":[{"selector":{"controlType":"sap.m.ComboBox","viewName":"reusables.view.manageresources.NewResourceUnit","viewId":"application-manageresources-display-component---newResourceUnit","bindingPath":{"path":"","propertyPath":"/Yards","modelName":"catalogModel"},"searchOpenDialogs":true},"wdio_ui5_key":"reusablesview.manageresources.NewResourceUnitsap.m.ComboBox{\"path\":\"\",\"propertyPath\":\"/Yards\",\"modelName\":\"catalogModel\"}"}]}
RESULT: undefined
COMMAND: POST /session/652b5fe75fdd0bb6263b24ae98cbc99a/execute/async - {"script":"<script> [1562 bytes]","args":[{"selector":{"controlType":"etm.portal.ui.reusables.customControls.LiveSearchComboBox","viewName":"reusables.view.manageresources.NewResourceUnit","viewId":"application-manageresources-display-component---newResourceUnit","bindingPath":{"path":"","propertyPath":"/CatalogItems","modelName":"catalogModel"},"searchOpenDialogs":true},"wdio_ui5_key":"reusablesview.manageresources.NewResourceUnitetm.portal.ui.reusables.customControls.LiveSearchComboBox{\"path\":\"\",\"propertyPath\":\"/CatalogItems\",\"modelName\":\"catalogModel\"}"}]}
RESULT: {"script":"<script> [1562 bytes]","args":[{"selector":{"controlType":"etm.portal.ui.reusables.customControls.LiveSearchComboBox","viewName":"reusables.view.manageresources.NewResourceUnit","viewId":"application-manageresources-display-component---newResourceUnit","bindingPath":{"path":"","propertyPath":"/CatalogItems","modelName":"catalogModel"},"searchOpenDialogs":true},"wdio_ui5_key":"reusablesview.manageresources.NewResourceUnitetm.portal.ui.reusables.customControls.LiveSearchComboBox{\"path\":\"\",\"propertyPath\":\"/CatalogItems\",\"modelName\":\"catalogModel\"}"}]}
RESULT: undefined
COMMAND: POST /session/652b5fe75fdd0bb6263b24ae98cbc99a/element - {"using":"xpath","value":"//bdi[text()=\"OK\"]"}
RESULT: {"using":"xpath","value":"//bdi[text()=\"OK\"]"}
COMMAND: POST /session/652b5fe75fdd0bb6263b24ae98cbc99a/elements - {"using":"xpath","value":"//bdi[text()=\"OK\"]"}
RESULT: {"using":"xpath","value":"//bdi[text()=\"OK\"]"}
COMMAND: POST /session/652b5fe75fdd0bb6263b24ae98cbc99a/elements - {"using":"xpath","value":"//bdi[text()=\"OK\"]"}
RESULT: {"using":"xpath","value":"//bdi[text()=\"OK\"]"}
COMMAND: POST /session/652b5fe75fdd0bb6263b24ae98cbc99a/elements - {"using":"xpath","value":"//bdi[text()=\"OK\"]"}
RESULT: {"using":"xpath","value":"//bdi[text()=\"OK\"]"}
COMMAND: POST /session/652b5fe75fdd0bb6263b24ae98cbc99a/elements - {"using":"xpath","value":"//bdi[text()=\"OK\"]"}
RESULT: {"using":"xpath","value":"//bdi[text()=\"OK\"]"}
COMMAND: POST /session/652b5fe75fdd0bb6263b24ae98cbc99a/elements - {"using":"xpath","value":"//bdi[text()=\"OK\"]"}
RESULT: {"using":"xpath","value":"//bdi[text()=\"OK\"]"}
COMMAND: POST /session/652b5fe75fdd0bb6263b24ae98cbc99a/elements - {"using":"xpath","value":"//bdi[text()=\"OK\"]"}
RESULT: {"using":"xpath","value":"//bdi[text()=\"OK\"]"}
COMMAND: POST /session/652b5fe75fdd0bb6263b24ae98cbc99a/elements - {"using":"xpath","value":"//bdi[text()=\"OK\"]"}
RESULT: {"using":"xpath","value":"//bdi[text()=\"OK\"]"}
COMMAND: POST /session/652b5fe75fdd0bb6263b24ae98cbc99a/elements - {"using":"xpath","value":"//bdi[text()=\"OK\"]"}
RESULT: {"using":"xpath","value":"//bdi[text()=\"OK\"]"}
COMMAND: POST /session/652b5fe75fdd0bb6263b24ae98cbc99a/elements - {"using":"xpath","value":"//bdi[text()=\"OK\"]"}
RESULT: {"using":"xpath","value":"//bdi[text()=\"OK\"]"}
COMMAND: POST /session/652b5fe75fdd0bb6263b24ae98cbc99a/elements - {"using":"xpath","value":"//bdi[text()=\"OK\"]"}
RESULT: {"using":"xpath","value":"//bdi[text()=\"OK\"]"}
COMMAND: POST /session/652b5fe75fdd0bb6263b24ae98cbc99a/elements - {"using":"xpath","value":"//bdi[text()=\"OK\"]"}
RESULT: {"using":"xpath","value":"//bdi[text()=\"OK\"]"}
COMMAND: POST /session/652b5fe75fdd0bb6263b24ae98cbc99a/elements - {"using":"xpath","value":"//bdi[text()=\"OK\"]"}
RESULT: {"using":"xpath","value":"//bdi[text()=\"OK\"]"}
COMMAND: POST /session/652b5fe75fdd0bb6263b24ae98cbc99a/elements - {"using":"xpath","value":"//bdi[text()=\"OK\"]"}
RESULT: {"using":"xpath","value":"//bdi[text()=\"OK\"]"}
COMMAND: POST /session/652b5fe75fdd0bb6263b24ae98cbc99a/elements - {"using":"xpath","value":"//bdi[text()=\"OK\"]"}
RESULT: {"using":"xpath","value":"//bdi[text()=\"OK\"]"}
COMMAND: POST /session/652b5fe75fdd0bb6263b24ae98cbc99a/elements - {"using":"xpath","value":"//bdi[text()=\"OK\"]"}
RESULT: {"using":"xpath","value":"//bdi[text()=\"OK\"]"}
COMMAND: POST /session/652b5fe75fdd0bb6263b24ae98cbc99a/elements - {"using":"xpath","value":"//bdi[text()=\"OK\"]"}
RESULT: {"using":"xpath","value":"//bdi[text()=\"OK\"]"}
COMMAND: POST /session/652b5fe75fdd0bb6263b24ae98cbc99a/elements - {"using":"xpath","value":"//bdi[text()=\"OK\"]"}
RESULT: {"using":"xpath","value":"//bdi[text()=\"OK\"]"}
COMMAND: POST /session/652b5fe75fdd0bb6263b24ae98cbc99a/elements - {"using":"xpath","value":"//bdi[text()=\"OK\"]"}
RESULT: {"using":"xpath","value":"//bdi[text()=\"OK\"]"}
COMMAND: POST /session/652b5fe75fdd0bb6263b24ae98cbc99a/elements - {"using":"xpath","value":"//bdi[text()=\"OK\"]"}
RESULT: {"using":"xpath","value":"//bdi[text()=\"OK\"]"}
COMMAND: POST /session/652b5fe75fdd0bb6263b24ae98cbc99a/elements - {"using":"xpath","value":"//bdi[text()=\"OK\"]"}
RESULT: {"using":"xpath","value":"//bdi[text()=\"OK\"]"}
COMMAND: POST /session/652b5fe75fdd0bb6263b24ae98cbc99a/elements - {"using":"xpath","value":"//bdi[text()=\"OK\"]"}
RESULT: {"using":"xpath","value":"//bdi[text()=\"OK\"]"}
COMMAND: POST /session/652b5fe75fdd0bb6263b24ae98cbc99a/elements - {"using":"xpath","value":"//bdi[text()=\"OK\"]"}
RESULT: {"using":"xpath","value":"//bdi[text()=\"OK\"]"}
COMMAND: POST /session/652b5fe75fdd0bb6263b24ae98cbc99a/elements - {"using":"xpath","value":"//bdi[text()=\"OK\"]"}
RESULT: {"using":"xpath","value":"//bdi[text()=\"OK\"]"}
COMMAND: POST /session/652b5fe75fdd0bb6263b24ae98cbc99a/elements - {"using":"xpath","value":"//bdi[text()=\"OK\"]"}
RESULT: {"using":"xpath","value":"//bdi[text()=\"OK\"]"}
COMMAND: POST /session/652b5fe75fdd0bb6263b24ae98cbc99a/elements - {"using":"xpath","value":"//bdi[text()=\"OK\"]"}
RESULT: {"using":"xpath","value":"//bdi[text()=\"OK\"]"}
COMMAND: POST /session/652b5fe75fdd0bb6263b24ae98cbc99a/elements - {"using":"xpath","value":"//bdi[text()=\"OK\"]"}
RESULT: {"using":"xpath","value":"//bdi[text()=\"OK\"]"}
COMMAND: POST /session/652b5fe75fdd0bb6263b24ae98cbc99a/elements - {"using":"xpath","value":"//bdi[text()=\"OK\"]"}
RESULT: {"using":"xpath","value":"//bdi[text()=\"OK\"]"}
COMMAND: POST /session/652b5fe75fdd0bb6263b24ae98cbc99a/elements - {"using":"xpath","value":"//bdi[text()=\"OK\"]"}
RESULT: {"using":"xpath","value":"//bdi[text()=\"OK\"]"}
COMMAND: POST /session/652b5fe75fdd0bb6263b24ae98cbc99a/elements - {"using":"xpath","value":"//bdi[text()=\"OK\"]"}
RESULT: {"using":"xpath","value":"//bdi[text()=\"OK\"]"}
COMMAND: POST /session/652b5fe75fdd0bb6263b24ae98cbc99a/elements - {"using":"xpath","value":"//bdi[text()=\"OK\"]"}
RESULT: {"using":"xpath","value":"//bdi[text()=\"OK\"]"}
COMMAND: POST /session/652b5fe75fdd0bb6263b24ae98cbc99a/elements - {"using":"xpath","value":"//bdi[text()=\"OK\"]"}
RESULT: {"using":"xpath","value":"//bdi[text()=\"OK\"]"}
COMMAND: POST /session/652b5fe75fdd0bb6263b24ae98cbc99a/elements - {"using":"xpath","value":"//bdi[text()=\"OK\"]"}
RESULT: {"using":"xpath","value":"//bdi[text()=\"OK\"]"}
COMMAND: POST /session/652b5fe75fdd0bb6263b24ae98cbc99a/elements - {"using":"xpath","value":"//bdi[text()=\"OK\"]"}
RESULT: {"using":"xpath","value":"//bdi[text()=\"OK\"]"}
COMMAND: POST /session/652b5fe75fdd0bb6263b24ae98cbc99a/elements - {"using":"xpath","value":"//bdi[text()=\"OK\"]"}
RESULT: {"using":"xpath","value":"//bdi[text()=\"OK\"]"}
COMMAND: POST /session/652b5fe75fdd0bb6263b24ae98cbc99a/elements - {"using":"xpath","value":"//bdi[text()=\"OK\"]"}
RESULT: {"using":"xpath","value":"//bdi[text()=\"OK\"]"}
COMMAND: POST /session/652b5fe75fdd0bb6263b24ae98cbc99a/elements - {"using":"xpath","value":"//bdi[text()=\"OK\"]"}
RESULT: {"using":"xpath","value":"//bdi[text()=\"OK\"]"}
COMMAND: POST /session/652b5fe75fdd0bb6263b24ae98cbc99a/elements - {"using":"xpath","value":"//bdi[text()=\"OK\"]"}
RESULT: {"using":"xpath","value":"//bdi[text()=\"OK\"]"}
COMMAND: POST /session/652b5fe75fdd0bb6263b24ae98cbc99a/elements - {"using":"xpath","value":"//bdi[text()=\"OK\"]"}
RESULT: {"using":"xpath","value":"//bdi[text()=\"OK\"]"}
COMMAND: POST /session/652b5fe75fdd0bb6263b24ae98cbc99a/elements - {"using":"xpath","value":"//bdi[text()=\"OK\"]"}
RESULT: {"using":"xpath","value":"//bdi[text()=\"OK\"]"}
COMMAND: POST /session/652b5fe75fdd0bb6263b24ae98cbc99a/elements - {"using":"xpath","value":"//bdi[text()=\"OK\"]"}
RESULT: {"using":"xpath","value":"//bdi[text()=\"OK\"]"}
COMMAND: POST /session/652b5fe75fdd0bb6263b24ae98cbc99a/elements - {"using":"xpath","value":"//bdi[text()=\"OK\"]"}
RESULT: {"using":"xpath","value":"//bdi[text()=\"OK\"]"}
COMMAND: POST /session/652b5fe75fdd0bb6263b24ae98cbc99a/elements - {"using":"xpath","value":"//bdi[text()=\"OK\"]"}
RESULT: {"using":"xpath","value":"//bdi[text()=\"OK\"]"}
COMMAND: POST /session/652b5fe75fdd0bb6263b24ae98cbc99a/elements - {"using":"xpath","value":"//bdi[text()=\"OK\"]"}
RESULT: {"using":"xpath","value":"//bdi[text()=\"OK\"]"}
COMMAND: POST /session/652b5fe75fdd0bb6263b24ae98cbc99a/elements - {"using":"xpath","value":"//bdi[text()=\"OK\"]"}
RESULT: {"using":"xpath","value":"//bdi[text()=\"OK\"]"}
COMMAND: POST /session/652b5fe75fdd0bb6263b24ae98cbc99a/elements - {"using":"xpath","value":"//bdi[text()=\"OK\"]"}
RESULT: {"using":"xpath","value":"//bdi[text()=\"OK\"]"}
COMMAND: POST /session/652b5fe75fdd0bb6263b24ae98cbc99a/elements - {"using":"xpath","value":"//bdi[text()=\"OK\"]"}
RESULT: {"using":"xpath","value":"//bdi[text()=\"OK\"]"}
COMMAND: POST /session/652b5fe75fdd0bb6263b24ae98cbc99a/elements - {"using":"xpath","value":"//bdi[text()=\"OK\"]"}
RESULT: {"using":"xpath","value":"//bdi[text()=\"OK\"]"}
COMMAND: POST /session/652b5fe75fdd0bb6263b24ae98cbc99a/elements - {"using":"xpath","value":"//bdi[text()=\"OK\"]"}
RESULT: {"using":"xpath","value":"//bdi[text()=\"OK\"]"}
COMMAND: POST /session/652b5fe75fdd0bb6263b24ae98cbc99a/elements - {"using":"xpath","value":"//bdi[text()=\"OK\"]"}
RESULT: {"using":"xpath","value":"//bdi[text()=\"OK\"]"}
COMMAND: POST /session/652b5fe75fdd0bb6263b24ae98cbc99a/elements - {"using":"xpath","value":"//bdi[text()=\"OK\"]"}
RESULT: {"using":"xpath","value":"//bdi[text()=\"OK\"]"}
COMMAND: POST /session/652b5fe75fdd0bb6263b24ae98cbc99a/elements - {"using":"xpath","value":"//bdi[text()=\"OK\"]"}
RESULT: {"using":"xpath","value":"//bdi[text()=\"OK\"]"}
COMMAND: POST /session/652b5fe75fdd0bb6263b24ae98cbc99a/elements - {"using":"xpath","value":"//bdi[text()=\"OK\"]"}
RESULT: {"using":"xpath","value":"//bdi[text()=\"OK\"]"}
COMMAND: POST /session/652b5fe75fdd0bb6263b24ae98cbc99a/elements - {"using":"xpath","value":"//bdi[text()=\"OK\"]"}
RESULT: {"using":"xpath","value":"//bdi[text()=\"OK\"]"}
COMMAND: POST /session/652b5fe75fdd0bb6263b24ae98cbc99a/elements - {"using":"xpath","value":"//bdi[text()=\"OK\"]"}
RESULT: {"using":"xpath","value":"//bdi[text()=\"OK\"]"}
COMMAND: POST /session/652b5fe75fdd0bb6263b24ae98cbc99a/elements - {"using":"xpath","value":"//bdi[text()=\"OK\"]"}
RESULT: {"using":"xpath","value":"//bdi[text()=\"OK\"]"}
COMMAND: POST /session/652b5fe75fdd0bb6263b24ae98cbc99a/elements - {"using":"xpath","value":"//bdi[text()=\"OK\"]"}
RESULT: {"using":"xpath","value":"//bdi[text()=\"OK\"]"}
COMMAND: POST /session/652b5fe75fdd0bb6263b24ae98cbc99a/elements - {"using":"xpath","value":"//bdi[text()=\"OK\"]"}
RESULT: {"using":"xpath","value":"//bdi[text()=\"OK\"]"}
COMMAND: POST /session/652b5fe75fdd0bb6263b24ae98cbc99a/elements - {"using":"xpath","value":"//bdi[text()=\"OK\"]"}
RESULT: {"using":"xpath","value":"//bdi[text()=\"OK\"]"}
COMMAND: POST /session/652b5fe75fdd0bb6263b24ae98cbc99a/elements - {"using":"xpath","value":"//bdi[text()=\"OK\"]"}
RESULT: {"using":"xpath","value":"//bdi[text()=\"OK\"]"}
COMMAND: POST /session/652b5fe75fdd0bb6263b24ae98cbc99a/elements - {"using":"xpath","value":"//bdi[text()=\"OK\"]"}
RESULT: {"using":"xpath","value":"//bdi[text()=\"OK\"]"}
COMMAND: POST /session/652b5fe75fdd0bb6263b24ae98cbc99a/elements - {"using":"xpath","value":"//bdi[text()=\"OK\"]"}
RESULT: {"using":"xpath","value":"//bdi[text()=\"OK\"]"}
COMMAND: POST /session/652b5fe75fdd0bb6263b24ae98cbc99a/elements - {"using":"xpath","value":"//bdi[text()=\"OK\"]"}
RESULT: {"using":"xpath","value":"//bdi[text()=\"OK\"]"}
COMMAND: POST /session/652b5fe75fdd0bb6263b24ae98cbc99a/elements - {"using":"xpath","value":"//bdi[text()=\"OK\"]"}
RESULT: {"using":"xpath","value":"//bdi[text()=\"OK\"]"}
COMMAND: POST /session/652b5fe75fdd0bb6263b24ae98cbc99a/elements - {"using":"xpath","value":"//bdi[text()=\"OK\"]"}
RESULT: {"using":"xpath","value":"//bdi[text()=\"OK\"]"}
COMMAND: POST /session/652b5fe75fdd0bb6263b24ae98cbc99a/elements - {"using":"xpath","value":"//bdi[text()=\"OK\"]"}
RESULT: {"using":"xpath","value":"//bdi[text()=\"OK\"]"}
COMMAND: POST /session/652b5fe75fdd0bb6263b24ae98cbc99a/elements - {"using":"xpath","value":"//bdi[text()=\"OK\"]"}
RESULT: {"using":"xpath","value":"//bdi[text()=\"OK\"]"}
COMMAND: POST /session/652b5fe75fdd0bb6263b24ae98cbc99a/elements - {"using":"xpath","value":"//bdi[text()=\"OK\"]"}
RESULT: {"using":"xpath","value":"//bdi[text()=\"OK\"]"}
COMMAND: POST /session/652b5fe75fdd0bb6263b24ae98cbc99a/elements - {"using":"xpath","value":"//bdi[text()=\"OK\"]"}
RESULT: {"using":"xpath","value":"//bdi[text()=\"OK\"]"}
COMMAND: POST /session/652b5fe75fdd0bb6263b24ae98cbc99a/elements - {"using":"xpath","value":"//bdi[text()=\"OK\"]"}
RESULT: {"using":"xpath","value":"//bdi[text()=\"OK\"]"}
COMMAND: POST /session/652b5fe75fdd0bb6263b24ae98cbc99a/elements - {"using":"xpath","value":"//bdi[text()=\"OK\"]"}
RESULT: {"using":"xpath","value":"//bdi[text()=\"OK\"]"}
COMMAND: POST /session/652b5fe75fdd0bb6263b24ae98cbc99a/elements - {"using":"xpath","value":"//bdi[text()=\"OK\"]"}
RESULT: {"using":"xpath","value":"//bdi[text()=\"OK\"]"}
COMMAND: POST /session/652b5fe75fdd0bb6263b24ae98cbc99a/elements - {"using":"xpath","value":"//bdi[text()=\"OK\"]"}
RESULT: {"using":"xpath","value":"//bdi[text()=\"OK\"]"}
COMMAND: POST /session/652b5fe75fdd0bb6263b24ae98cbc99a/elements - {"using":"xpath","value":"//bdi[text()=\"OK\"]"}
RESULT: {"using":"xpath","value":"//bdi[text()=\"OK\"]"}
COMMAND: POST /session/652b5fe75fdd0bb6263b24ae98cbc99a/elements - {"using":"xpath","value":"//bdi[text()=\"OK\"]"}
RESULT: {"using":"xpath","value":"//bdi[text()=\"OK\"]"}
COMMAND: POST /session/652b5fe75fdd0bb6263b24ae98cbc99a/elements - {"using":"xpath","value":"//bdi[text()=\"OK\"]"}
RESULT: {"using":"xpath","value":"//bdi[text()=\"OK\"]"}
COMMAND: POST /session/652b5fe75fdd0bb6263b24ae98cbc99a/elements - {"using":"xpath","value":"//bdi[text()=\"OK\"]"}
RESULT: {"using":"xpath","value":"//bdi[text()=\"OK\"]"}
COMMAND: POST /session/652b5fe75fdd0bb6263b24ae98cbc99a/elements - {"using":"xpath","value":"//bdi[text()=\"OK\"]"}
RESULT: {"using":"xpath","value":"//bdi[text()=\"OK\"]"}
COMMAND: POST /session/652b5fe75fdd0bb6263b24ae98cbc99a/elements - {"using":"xpath","value":"//bdi[text()=\"OK\"]"}
RESULT: {"using":"xpath","value":"//bdi[text()=\"OK\"]"}
COMMAND: POST /session/652b5fe75fdd0bb6263b24ae98cbc99a/elements - {"using":"xpath","value":"//bdi[text()=\"OK\"]"}
RESULT: {"using":"xpath","value":"//bdi[text()=\"OK\"]"}
COMMAND: POST /session/652b5fe75fdd0bb6263b24ae98cbc99a/elements - {"using":"xpath","value":"//bdi[text()=\"OK\"]"}
RESULT: {"using":"xpath","value":"//bdi[text()=\"OK\"]"}
COMMAND: POST /session/652b5fe75fdd0bb6263b24ae98cbc99a/elements - {"using":"xpath","value":"//bdi[text()=\"OK\"]"}
RESULT: {"using":"xpath","value":"//bdi[text()=\"OK\"]"}
COMMAND: POST /session/652b5fe75fdd0bb6263b24ae98cbc99a/elements - {"using":"xpath","value":"//bdi[text()=\"OK\"]"}
RESULT: {"using":"xpath","value":"//bdi[text()=\"OK\"]"}
COMMAND: POST /session/652b5fe75fdd0bb6263b24ae98cbc99a/elements - {"using":"xpath","value":"//bdi[text()=\"OK\"]"}
RESULT: {"using":"xpath","value":"//bdi[text()=\"OK\"]"}
COMMAND: POST /session/652b5fe75fdd0bb6263b24ae98cbc99a/elements - {"using":"xpath","value":"//bdi[text()=\"OK\"]"}
RESULT: {"using":"xpath","value":"//bdi[text()=\"OK\"]"}
COMMAND: POST /session/652b5fe75fdd0bb6263b24ae98cbc99a/elements - {"using":"xpath","value":"//bdi[text()=\"OK\"]"}
RESULT: {"using":"xpath","value":"//bdi[text()=\"OK\"]"}
COMMAND: POST /session/652b5fe75fdd0bb6263b24ae98cbc99a/elements - {"using":"xpath","value":"//bdi[text()=\"OK\"]"}
RESULT: {"using":"xpath","value":"//bdi[text()=\"OK\"]"}
COMMAND: POST /session/652b5fe75fdd0bb6263b24ae98cbc99a/elements - {"using":"xpath","value":"//bdi[text()=\"OK\"]"}
RESULT: {"using":"xpath","value":"//bdi[text()=\"OK\"]"}
COMMAND: POST /session/652b5fe75fdd0bb6263b24ae98cbc99a/elements - {"using":"xpath","value":"//bdi[text()=\"OK\"]"}
RESULT: {"using":"xpath","value":"//bdi[text()=\"OK\"]"}
COMMAND: POST /session/652b5fe75fdd0bb6263b24ae98cbc99a/elements - {"using":"xpath","value":"//bdi[text()=\"OK\"]"}
RESULT: {"using":"xpath","value":"//bdi[text()=\"OK\"]"}
COMMAND: POST /session/652b5fe75fdd0bb6263b24ae98cbc99a/elements - {"using":"xpath","value":"//bdi[text()=\"OK\"]"}
RESULT: {"using":"xpath","value":"//bdi[text()=\"OK\"]"}
COMMAND: POST /session/652b5fe75fdd0bb6263b24ae98cbc99a/elements - {"using":"xpath","value":"//bdi[text()=\"OK\"]"}
RESULT: {"using":"xpath","value":"//bdi[text()=\"OK\"]"}
COMMAND: POST /session/652b5fe75fdd0bb6263b24ae98cbc99a/elements - {"using":"xpath","value":"//bdi[text()=\"OK\"]"}
RESULT: {"using":"xpath","value":"//bdi[text()=\"OK\"]"}
COMMAND: POST /session/652b5fe75fdd0bb6263b24ae98cbc99a/elements - {"using":"xpath","value":"//bdi[text()=\"OK\"]"}
RESULT: {"using":"xpath","value":"//bdi[text()=\"OK\"]"}
COMMAND: POST /session/652b5fe75fdd0bb6263b24ae98cbc99a/elements - {"using":"xpath","value":"//bdi[text()=\"OK\"]"}
RESULT: {"using":"xpath","value":"//bdi[text()=\"OK\"]"}
COMMAND: POST /session/652b5fe75fdd0bb6263b24ae98cbc99a/elements - {"using":"xpath","value":"//bdi[text()=\"OK\"]"}
RESULT: {"using":"xpath","value":"//bdi[text()=\"OK\"]"}
COMMAND: POST /session/652b5fe75fdd0bb6263b24ae98cbc99a/elements - {"using":"xpath","value":"//bdi[text()=\"OK\"]"}
RESULT: {"using":"xpath","value":"//bdi[text()=\"OK\"]"}
COMMAND: POST /session/652b5fe75fdd0bb6263b24ae98cbc99a/elements - {"using":"xpath","value":"//bdi[text()=\"OK\"]"}
RESULT: {"using":"xpath","value":"//bdi[text()=\"OK\"]"}
COMMAND: POST /session/652b5fe75fdd0bb6263b24ae98cbc99a/elements - {"using":"xpath","value":"//bdi[text()=\"OK\"]"}
RESULT: {"using":"xpath","value":"//bdi[text()=\"OK\"]"}
COMMAND: POST /session/652b5fe75fdd0bb6263b24ae98cbc99a/elements - {"using":"xpath","value":"//bdi[text()=\"OK\"]"}
RESULT: {"using":"xpath","value":"//bdi[text()=\"OK\"]"}
COMMAND: POST /session/652b5fe75fdd0bb6263b24ae98cbc99a/elements - {"using":"xpath","value":"//bdi[text()=\"OK\"]"}
RESULT: {"using":"xpath","value":"//bdi[text()=\"OK\"]"}
COMMAND: POST /session/652b5fe75fdd0bb6263b24ae98cbc99a/elements - {"using":"xpath","value":"//bdi[text()=\"OK\"]"}
RESULT: {"using":"xpath","value":"//bdi[text()=\"OK\"]"}
COMMAND: POST /session/652b5fe75fdd0bb6263b24ae98cbc99a/elements - {"using":"xpath","value":"//bdi[text()=\"OK\"]"}
RESULT: {"using":"xpath","value":"//bdi[text()=\"OK\"]"}
COMMAND: POST /session/652b5fe75fdd0bb6263b24ae98cbc99a/elements - {"using":"xpath","value":"//bdi[text()=\"OK\"]"}
RESULT: {"using":"xpath","value":"//bdi[text()=\"OK\"]"}
COMMAND: POST /session/652b5fe75fdd0bb6263b24ae98cbc99a/elements - {"using":"xpath","value":"//bdi[text()=\"OK\"]"}
RESULT: {"using":"xpath","value":"//bdi[text()=\"OK\"]"}
COMMAND: POST /session/652b5fe75fdd0bb6263b24ae98cbc99a/elements - {"using":"xpath","value":"//bdi[text()=\"OK\"]"}
RESULT: {"using":"xpath","value":"//bdi[text()=\"OK\"]"}
COMMAND: POST /session/652b5fe75fdd0bb6263b24ae98cbc99a/elements - {"using":"xpath","value":"//bdi[text()=\"OK\"]"}
RESULT: {"using":"xpath","value":"//bdi[text()=\"OK\"]"}
COMMAND: POST /session/652b5fe75fdd0bb6263b24ae98cbc99a/elements - {"using":"xpath","value":"//bdi[text()=\"OK\"]"}
RESULT: {"using":"xpath","value":"//bdi[text()=\"OK\"]"}
COMMAND: POST /session/652b5fe75fdd0bb6263b24ae98cbc99a/elements - {"using":"xpath","value":"//bdi[text()=\"OK\"]"}
RESULT: {"using":"xpath","value":"//bdi[text()=\"OK\"]"}
COMMAND: POST /session/652b5fe75fdd0bb6263b24ae98cbc99a/elements - {"using":"xpath","value":"//bdi[text()=\"OK\"]"}
RESULT: {"using":"xpath","value":"//bdi[text()=\"OK\"]"}
COMMAND: POST /session/652b5fe75fdd0bb6263b24ae98cbc99a/elements - {"using":"xpath","value":"//bdi[text()=\"OK\"]"}
RESULT: {"using":"xpath","value":"//bdi[text()=\"OK\"]"}
COMMAND: POST /session/652b5fe75fdd0bb6263b24ae98cbc99a/elements - {"using":"xpath","value":"//bdi[text()=\"OK\"]"}
RESULT: {"using":"xpath","value":"//bdi[text()=\"OK\"]"}
COMMAND: POST /session/652b5fe75fdd0bb6263b24ae98cbc99a/elements - {"using":"xpath","value":"//bdi[text()=\"OK\"]"}
RESULT: {"using":"xpath","value":"//bdi[text()=\"OK\"]"}
COMMAND: POST /session/652b5fe75fdd0bb6263b24ae98cbc99a/elements - {"using":"xpath","value":"//bdi[text()=\"OK\"]"}
RESULT: {"using":"xpath","value":"//bdi[text()=\"OK\"]"}
COMMAND: POST /session/652b5fe75fdd0bb6263b24ae98cbc99a/elements - {"using":"xpath","value":"//bdi[text()=\"OK\"]"}
RESULT: {"using":"xpath","value":"//bdi[text()=\"OK\"]"}
COMMAND: POST /session/652b5fe75fdd0bb6263b24ae98cbc99a/elements - {"using":"xpath","value":"//bdi[text()=\"OK\"]"}
RESULT: {"using":"xpath","value":"//bdi[text()=\"OK\"]"}
COMMAND: POST /session/652b5fe75fdd0bb6263b24ae98cbc99a/elements - {"using":"xpath","value":"//bdi[text()=\"OK\"]"}
RESULT: {"using":"xpath","value":"//bdi[text()=\"OK\"]"}
COMMAND: POST /session/652b5fe75fdd0bb6263b24ae98cbc99a/elements - {"using":"xpath","value":"//bdi[text()=\"OK\"]"}
RESULT: {"using":"xpath","value":"//bdi[text()=\"OK\"]"}
COMMAND: POST /session/652b5fe75fdd0bb6263b24ae98cbc99a/elements - {"using":"xpath","value":"//bdi[text()=\"OK\"]"}
RESULT: {"using":"xpath","value":"//bdi[text()=\"OK\"]"}
COMMAND: POST /session/652b5fe75fdd0bb6263b24ae98cbc99a/elements - {"using":"xpath","value":"//bdi[text()=\"OK\"]"}
RESULT: {"using":"xpath","value":"//bdi[text()=\"OK\"]"}
COMMAND: POST /session/652b5fe75fdd0bb6263b24ae98cbc99a/elements - {"using":"xpath","value":"//bdi[text()=\"OK\"]"}
RESULT: {"using":"xpath","value":"//bdi[text()=\"OK\"]"}
COMMAND: POST /session/652b5fe75fdd0bb6263b24ae98cbc99a/elements - {"using":"xpath","value":"//bdi[text()=\"OK\"]"}
COMMAND: POST /session/652b5fe75fdd0bb6263b24ae98cbc99a/element - {"using":"xpath","value":"//bdi[text()=\"OK\"]"}
RESULT: {"using":"xpath","value":"//bdi[text()=\"OK\"]"}
RESULT: {"using":"xpath","value":"//bdi[text()=\"OK\"]"}
COMMAND: POST /session/652b5fe75fdd0bb6263b24ae98cbc99a/elements - {"using":"xpath","value":"//bdi[text()=\"OK\"]"}
RESULT: {"using":"xpath","value":"//bdi[text()=\"OK\"]"}
COMMAND: POST /session/652b5fe75fdd0bb6263b24ae98cbc99a/elements - {"using":"xpath","value":"//bdi[text()=\"OK\"]"}
RESULT: {"using":"xpath","value":"//bdi[text()=\"OK\"]"}
COMMAND: POST /session/652b5fe75fdd0bb6263b24ae98cbc99a/elements - {"using":"xpath","value":"//bdi[text()=\"OK\"]"}
RESULT: {"using":"xpath","value":"//bdi[text()=\"OK\"]"}
COMMAND: POST /session/652b5fe75fdd0bb6263b24ae98cbc99a/elements - {"using":"xpath","value":"//bdi[text()=\"OK\"]"}
RESULT: {"using":"xpath","value":"//bdi[text()=\"OK\"]"}
COMMAND: POST /session/652b5fe75fdd0bb6263b24ae98cbc99a/elements - {"using":"xpath","value":"//bdi[text()=\"OK\"]"}
RESULT: {"using":"xpath","value":"//bdi[text()=\"OK\"]"}
COMMAND: POST /session/652b5fe75fdd0bb6263b24ae98cbc99a/elements - {"using":"xpath","value":"//bdi[text()=\"OK\"]"}
RESULT: {"using":"xpath","value":"//bdi[text()=\"OK\"]"}
COMMAND: POST /session/652b5fe75fdd0bb6263b24ae98cbc99a/elements - {"using":"xpath","value":"//bdi[text()=\"OK\"]"}
RESULT: {"using":"xpath","value":"//bdi[text()=\"OK\"]"}
COMMAND: POST /session/652b5fe75fdd0bb6263b24ae98cbc99a/elements - {"using":"xpath","value":"//bdi[text()=\"OK\"]"}
RESULT: {"using":"xpath","value":"//bdi[text()=\"OK\"]"}
COMMAND: POST /session/652b5fe75fdd0bb6263b24ae98cbc99a/elements - {"using":"xpath","value":"//bdi[text()=\"OK\"]"}
RESULT: {"using":"xpath","value":"//bdi[text()=\"OK\"]"}
COMMAND: POST /session/652b5fe75fdd0bb6263b24ae98cbc99a/elements - {"using":"xpath","value":"//bdi[text()=\"OK\"]"}
RESULT: {"using":"xpath","value":"//bdi[text()=\"OK\"]"}
COMMAND: POST /session/652b5fe75fdd0bb6263b24ae98cbc99a/elements - {"using":"xpath","value":"//bdi[text()=\"OK\"]"}
RESULT: {"using":"xpath","value":"//bdi[text()=\"OK\"]"}
COMMAND: POST /session/652b5fe75fdd0bb6263b24ae98cbc99a/elements - {"using":"xpath","value":"//bdi[text()=\"OK\"]"}
RESULT: {"using":"xpath","value":"//bdi[text()=\"OK\"]"}
COMMAND: POST /session/652b5fe75fdd0bb6263b24ae98cbc99a/elements - {"using":"xpath","value":"//bdi[text()=\"OK\"]"}
RESULT: {"using":"xpath","value":"//bdi[text()=\"OK\"]"}
COMMAND: POST /session/652b5fe75fdd0bb6263b24ae98cbc99a/elements - {"using":"xpath","value":"//bdi[text()=\"OK\"]"}
RESULT: {"using":"xpath","value":"//bdi[text()=\"OK\"]"}
COMMAND: POST /session/652b5fe75fdd0bb6263b24ae98cbc99a/elements - {"using":"xpath","value":"//bdi[text()=\"OK\"]"}
RESULT: {"using":"xpath","value":"//bdi[text()=\"OK\"]"}
COMMAND: POST /session/652b5fe75fdd0bb6263b24ae98cbc99a/elements - {"using":"xpath","value":"//bdi[text()=\"OK\"]"}
RESULT: {"using":"xpath","value":"//bdi[text()=\"OK\"]"}
COMMAND: POST /session/652b5fe75fdd0bb6263b24ae98cbc99a/elements - {"using":"xpath","value":"//bdi[text()=\"OK\"]"}
RESULT: {"using":"xpath","value":"//bdi[text()=\"OK\"]"}
COMMAND: POST /session/652b5fe75fdd0bb6263b24ae98cbc99a/elements - {"using":"xpath","value":"//bdi[text()=\"OK\"]"}
RESULT: {"using":"xpath","value":"//bdi[text()=\"OK\"]"}
COMMAND: POST /session/652b5fe75fdd0bb6263b24ae98cbc99a/elements - {"using":"xpath","value":"//bdi[text()=\"OK\"]"}
RESULT: {"using":"xpath","value":"//bdi[text()=\"OK\"]"}
COMMAND: POST /session/652b5fe75fdd0bb6263b24ae98cbc99a/elements - {"using":"xpath","value":"//bdi[text()=\"OK\"]"}
RESULT: {"using":"xpath","value":"//bdi[text()=\"OK\"]"}
COMMAND: POST /session/652b5fe75fdd0bb6263b24ae98cbc99a/elements - {"using":"xpath","value":"//bdi[text()=\"OK\"]"}
RESULT: {"using":"xpath","value":"//bdi[text()=\"OK\"]"}
COMMAND: POST /session/652b5fe75fdd0bb6263b24ae98cbc99a/elements - {"using":"xpath","value":"//bdi[text()=\"OK\"]"}
RESULT: {"using":"xpath","value":"//bdi[text()=\"OK\"]"}
COMMAND: POST /session/652b5fe75fdd0bb6263b24ae98cbc99a/elements - {"using":"xpath","value":"//bdi[text()=\"OK\"]"}
RESULT: {"using":"xpath","value":"//bdi[text()=\"OK\"]"}
COMMAND: POST /session/652b5fe75fdd0bb6263b24ae98cbc99a/elements - {"using":"xpath","value":"//bdi[text()=\"OK\"]"}
RESULT: {"using":"xpath","value":"//bdi[text()=\"OK\"]"}
COMMAND: POST /session/652b5fe75fdd0bb6263b24ae98cbc99a/elements - {"using":"xpath","value":"//bdi[text()=\"OK\"]"}
RESULT: {"using":"xpath","value":"//bdi[text()=\"OK\"]"}
COMMAND: POST /session/652b5fe75fdd0bb6263b24ae98cbc99a/elements - {"using":"xpath","value":"//bdi[text()=\"OK\"]"}
RESULT: {"using":"xpath","value":"//bdi[text()=\"OK\"]"}
COMMAND: POST /session/652b5fe75fdd0bb6263b24ae98cbc99a/elements - {"using":"xpath","value":"//bdi[text()=\"OK\"]"}
RESULT: {"using":"xpath","value":"//bdi[text()=\"OK\"]"}
COMMAND: POST /session/652b5fe75fdd0bb6263b24ae98cbc99a/elements - {"using":"xpath","value":"//bdi[text()=\"OK\"]"}
RESULT: {"using":"xpath","value":"//bdi[text()=\"OK\"]"}
COMMAND: POST /session/652b5fe75fdd0bb6263b24ae98cbc99a/elements - {"using":"xpath","value":"//bdi[text()=\"OK\"]"}
RESULT: {"using":"xpath","value":"//bdi[text()=\"OK\"]"}
COMMAND: POST /session/652b5fe75fdd0bb6263b24ae98cbc99a/elements - {"using":"xpath","value":"//bdi[text()=\"OK\"]"}
RESULT: {"using":"xpath","value":"//bdi[text()=\"OK\"]"}
COMMAND: POST /session/652b5fe75fdd0bb6263b24ae98cbc99a/elements - {"using":"xpath","value":"//bdi[text()=\"OK\"]"}
RESULT: {"using":"xpath","value":"//bdi[text()=\"OK\"]"}
COMMAND: POST /session/652b5fe75fdd0bb6263b24ae98cbc99a/elements - {"using":"xpath","value":"//bdi[text()=\"OK\"]"}
RESULT: {"using":"xpath","value":"//bdi[text()=\"OK\"]"}
COMMAND: POST /session/652b5fe75fdd0bb6263b24ae98cbc99a/elements - {"using":"xpath","value":"//bdi[text()=\"OK\"]"}
RESULT: {"using":"xpath","value":"//bdi[text()=\"OK\"]"}
COMMAND: POST /session/652b5fe75fdd0bb6263b24ae98cbc99a/elements - {"using":"xpath","value":"//bdi[text()=\"OK\"]"}
RESULT: {"using":"xpath","value":"//bdi[text()=\"OK\"]"}
COMMAND: POST /session/652b5fe75fdd0bb6263b24ae98cbc99a/elements - {"using":"xpath","value":"//bdi[text()=\"OK\"]"}
RESULT: {"using":"xpath","value":"//bdi[text()=\"OK\"]"}
COMMAND: POST /session/652b5fe75fdd0bb6263b24ae98cbc99a/elements - {"using":"xpath","value":"//bdi[text()=\"OK\"]"}
RESULT: {"using":"xpath","value":"//bdi[text()=\"OK\"]"}
COMMAND: POST /session/652b5fe75fdd0bb6263b24ae98cbc99a/elements - {"using":"xpath","value":"//bdi[text()=\"OK\"]"}
RESULT: {"using":"xpath","value":"//bdi[text()=\"OK\"]"}
COMMAND: POST /session/652b5fe75fdd0bb6263b24ae98cbc99a/elements - {"using":"xpath","value":"//bdi[text()=\"OK\"]"}
RESULT: {"using":"xpath","value":"//bdi[text()=\"OK\"]"}
COMMAND: POST /session/652b5fe75fdd0bb6263b24ae98cbc99a/elements - {"using":"xpath","value":"//bdi[text()=\"OK\"]"}
RESULT: {"using":"xpath","value":"//bdi[text()=\"OK\"]"}
COMMAND: POST /session/652b5fe75fdd0bb6263b24ae98cbc99a/elements - {"using":"xpath","value":"//bdi[text()=\"OK\"]"}
RESULT: {"using":"xpath","value":"//bdi[text()=\"OK\"]"}
COMMAND: POST /session/652b5fe75fdd0bb6263b24ae98cbc99a/elements - {"using":"xpath","value":"//bdi[text()=\"OK\"]"}
RESULT: {"using":"xpath","value":"//bdi[text()=\"OK\"]"}
COMMAND: POST /session/652b5fe75fdd0bb6263b24ae98cbc99a/elements - {"using":"xpath","value":"//bdi[text()=\"OK\"]"}
RESULT: {"using":"xpath","value":"//bdi[text()=\"OK\"]"}
COMMAND: POST /session/652b5fe75fdd0bb6263b24ae98cbc99a/elements - {"using":"xpath","value":"//bdi[text()=\"OK\"]"}
RESULT: {"using":"xpath","value":"//bdi[text()=\"OK\"]"}
COMMAND: POST /session/652b5fe75fdd0bb6263b24ae98cbc99a/elements - {"using":"xpath","value":"//bdi[text()=\"OK\"]"}
RESULT: {"using":"xpath","value":"//bdi[text()=\"OK\"]"}
COMMAND: POST /session/652b5fe75fdd0bb6263b24ae98cbc99a/elements - {"using":"xpath","value":"//bdi[text()=\"OK\"]"}
RESULT: {"using":"xpath","value":"//bdi[text()=\"OK\"]"}
COMMAND: POST /session/652b5fe75fdd0bb6263b24ae98cbc99a/elements - {"using":"xpath","value":"//bdi[text()=\"OK\"]"}
RESULT: {"using":"xpath","value":"//bdi[text()=\"OK\"]"}
COMMAND: POST /session/652b5fe75fdd0bb6263b24ae98cbc99a/elements - {"using":"xpath","value":"//bdi[text()=\"OK\"]"}
RESULT: {"using":"xpath","value":"//bdi[text()=\"OK\"]"}
COMMAND: POST /session/652b5fe75fdd0bb6263b24ae98cbc99a/elements - {"using":"xpath","value":"//bdi[text()=\"OK\"]"}
RESULT: {"using":"xpath","value":"//bdi[text()=\"OK\"]"}
COMMAND: POST /session/652b5fe75fdd0bb6263b24ae98cbc99a/elements - {"using":"xpath","value":"//bdi[text()=\"OK\"]"}
RESULT: {"using":"xpath","value":"//bdi[text()=\"OK\"]"}
COMMAND: POST /session/652b5fe75fdd0bb6263b24ae98cbc99a/elements - {"using":"xpath","value":"//bdi[text()=\"OK\"]"}
RESULT: {"using":"xpath","value":"//bdi[text()=\"OK\"]"}
COMMAND: POST /session/652b5fe75fdd0bb6263b24ae98cbc99a/elements - {"using":"xpath","value":"//bdi[text()=\"OK\"]"}
RESULT: {"using":"xpath","value":"//bdi[text()=\"OK\"]"}
COMMAND: POST /session/652b5fe75fdd0bb6263b24ae98cbc99a/elements - {"using":"xpath","value":"//bdi[text()=\"OK\"]"}
RESULT: {"using":"xpath","value":"//bdi[text()=\"OK\"]"}
COMMAND: POST /session/652b5fe75fdd0bb6263b24ae98cbc99a/elements - {"using":"xpath","value":"//bdi[text()=\"OK\"]"}
RESULT: {"using":"xpath","value":"//bdi[text()=\"OK\"]"}
COMMAND: POST /session/652b5fe75fdd0bb6263b24ae98cbc99a/elements - {"using":"xpath","value":"//bdi[text()=\"OK\"]"}
RESULT: {"using":"xpath","value":"//bdi[text()=\"OK\"]"}
COMMAND: POST /session/652b5fe75fdd0bb6263b24ae98cbc99a/elements - {"using":"xpath","value":"//bdi[text()=\"OK\"]"}
RESULT: {"using":"xpath","value":"//bdi[text()=\"OK\"]"}
COMMAND: POST /session/652b5fe75fdd0bb6263b24ae98cbc99a/elements - {"using":"xpath","value":"//bdi[text()=\"OK\"]"}
RESULT: {"using":"xpath","value":"//bdi[text()=\"OK\"]"}
COMMAND: POST /session/652b5fe75fdd0bb6263b24ae98cbc99a/elements - {"using":"xpath","value":"//bdi[text()=\"OK\"]"}
RESULT: {"using":"xpath","value":"//bdi[text()=\"OK\"]"}
COMMAND: POST /session/652b5fe75fdd0bb6263b24ae98cbc99a/elements - {"using":"xpath","value":"//bdi[text()=\"OK\"]"}
RESULT: {"using":"xpath","value":"//bdi[text()=\"OK\"]"}
COMMAND: POST /session/652b5fe75fdd0bb6263b24ae98cbc99a/elements - {"using":"xpath","value":"//bdi[text()=\"OK\"]"}
RESULT: {"using":"xpath","value":"//bdi[text()=\"OK\"]"}
COMMAND: POST /session/652b5fe75fdd0bb6263b24ae98cbc99a/elements - {"using":"xpath","value":"//bdi[text()=\"OK\"]"}
RESULT: {"using":"xpath","value":"//bdi[text()=\"OK\"]"}
COMMAND: POST /session/652b5fe75fdd0bb6263b24ae98cbc99a/elements - {"using":"xpath","value":"//bdi[text()=\"OK\"]"}
RESULT: {"using":"xpath","value":"//bdi[text()=\"OK\"]"}
COMMAND: POST /session/652b5fe75fdd0bb6263b24ae98cbc99a/elements - {"using":"xpath","value":"//bdi[text()=\"OK\"]"}
RESULT: {"using":"xpath","value":"//bdi[text()=\"OK\"]"}
COMMAND: POST /session/652b5fe75fdd0bb6263b24ae98cbc99a/elements - {"using":"xpath","value":"//bdi[text()=\"OK\"]"}
RESULT: {"using":"xpath","value":"//bdi[text()=\"OK\"]"}
COMMAND: POST /session/652b5fe75fdd0bb6263b24ae98cbc99a/elements - {"using":"xpath","value":"//bdi[text()=\"OK\"]"}
RESULT: {"using":"xpath","value":"//bdi[text()=\"OK\"]"}
COMMAND: POST /session/652b5fe75fdd0bb6263b24ae98cbc99a/elements - {"using":"xpath","value":"//bdi[text()=\"OK\"]"}
RESULT: {"using":"xpath","value":"//bdi[text()=\"OK\"]"}
COMMAND: POST /session/652b5fe75fdd0bb6263b24ae98cbc99a/elements - {"using":"xpath","value":"//bdi[text()=\"OK\"]"}
RESULT: {"using":"xpath","value":"//bdi[text()=\"OK\"]"}
COMMAND: POST /session/652b5fe75fdd0bb6263b24ae98cbc99a/elements - {"using":"xpath","value":"//bdi[text()=\"OK\"]"}
RESULT: {"using":"xpath","value":"//bdi[text()=\"OK\"]"}
COMMAND: POST /session/652b5fe75fdd0bb6263b24ae98cbc99a/elements - {"using":"xpath","value":"//bdi[text()=\"OK\"]"}
RESULT: {"using":"xpath","value":"//bdi[text()=\"OK\"]"}
COMMAND: POST /session/652b5fe75fdd0bb6263b24ae98cbc99a/elements - {"using":"xpath","value":"//bdi[text()=\"OK\"]"}
RESULT: {"using":"xpath","value":"//bdi[text()=\"OK\"]"}
COMMAND: POST /session/652b5fe75fdd0bb6263b24ae98cbc99a/elements - {"using":"xpath","value":"//bdi[text()=\"OK\"]"}
RESULT: {"using":"xpath","value":"//bdi[text()=\"OK\"]"}
COMMAND: POST /session/652b5fe75fdd0bb6263b24ae98cbc99a/elements - {"using":"xpath","value":"//bdi[text()=\"OK\"]"}
RESULT: {"using":"xpath","value":"//bdi[text()=\"OK\"]"}
COMMAND: POST /session/652b5fe75fdd0bb6263b24ae98cbc99a/elements - {"using":"xpath","value":"//bdi[text()=\"OK\"]"}
RESULT: {"using":"xpath","value":"//bdi[text()=\"OK\"]"}
COMMAND: POST /session/652b5fe75fdd0bb6263b24ae98cbc99a/elements - {"using":"xpath","value":"//bdi[text()=\"OK\"]"}
RESULT: {"using":"xpath","value":"//bdi[text()=\"OK\"]"}
COMMAND: POST /session/652b5fe75fdd0bb6263b24ae98cbc99a/elements - {"using":"xpath","value":"//bdi[text()=\"OK\"]"}
RESULT: {"using":"xpath","value":"//bdi[text()=\"OK\"]"}
COMMAND: POST /session/652b5fe75fdd0bb6263b24ae98cbc99a/elements - {"using":"xpath","value":"//bdi[text()=\"OK\"]"}
RESULT: {"using":"xpath","value":"//bdi[text()=\"OK\"]"}
COMMAND: POST /session/652b5fe75fdd0bb6263b24ae98cbc99a/elements - {"using":"xpath","value":"//bdi[text()=\"OK\"]"}
RESULT: {"using":"xpath","value":"//bdi[text()=\"OK\"]"}
COMMAND: POST /session/652b5fe75fdd0bb6263b24ae98cbc99a/elements - {"using":"xpath","value":"//bdi[text()=\"OK\"]"}
RESULT: {"using":"xpath","value":"//bdi[text()=\"OK\"]"}
COMMAND: POST /session/652b5fe75fdd0bb6263b24ae98cbc99a/elements - {"using":"xpath","value":"//bdi[text()=\"OK\"]"}
RESULT: {"using":"xpath","value":"//bdi[text()=\"OK\"]"}
COMMAND: POST /session/652b5fe75fdd0bb6263b24ae98cbc99a/elements - {"using":"xpath","value":"//bdi[text()=\"OK\"]"}
RESULT: {"using":"xpath","value":"//bdi[text()=\"OK\"]"}
COMMAND: POST /session/652b5fe75fdd0bb6263b24ae98cbc99a/elements - {"using":"xpath","value":"//bdi[text()=\"OK\"]"}
RESULT: {"using":"xpath","value":"//bdi[text()=\"OK\"]"}
COMMAND: POST /session/652b5fe75fdd0bb6263b24ae98cbc99a/elements - {"using":"xpath","value":"//bdi[text()=\"OK\"]"}
RESULT: {"using":"xpath","value":"//bdi[text()=\"OK\"]"}
COMMAND: POST /session/652b5fe75fdd0bb6263b24ae98cbc99a/elements - {"using":"xpath","value":"//bdi[text()=\"OK\"]"}
RESULT: {"using":"xpath","value":"//bdi[text()=\"OK\"]"}
COMMAND: POST /session/652b5fe75fdd0bb6263b24ae98cbc99a/elements - {"using":"xpath","value":"//bdi[text()=\"OK\"]"}
RESULT: {"using":"xpath","value":"//bdi[text()=\"OK\"]"}
COMMAND: POST /session/652b5fe75fdd0bb6263b24ae98cbc99a/elements - {"using":"xpath","value":"//bdi[text()=\"OK\"]"}
RESULT: {"using":"xpath","value":"//bdi[text()=\"OK\"]"}
COMMAND: POST /session/652b5fe75fdd0bb6263b24ae98cbc99a/elements - {"using":"xpath","value":"//bdi[text()=\"OK\"]"}
RESULT: {"using":"xpath","value":"//bdi[text()=\"OK\"]"}
COMMAND: POST /session/652b5fe75fdd0bb6263b24ae98cbc99a/elements - {"using":"xpath","value":"//bdi[text()=\"OK\"]"}
RESULT: {"using":"xpath","value":"//bdi[text()=\"OK\"]"}
COMMAND: POST /session/652b5fe75fdd0bb6263b24ae98cbc99a/elements - {"using":"xpath","value":"//bdi[text()=\"OK\"]"}
RESULT: {"using":"xpath","value":"//bdi[text()=\"OK\"]"}
COMMAND: POST /session/652b5fe75fdd0bb6263b24ae98cbc99a/elements - {"using":"xpath","value":"//bdi[text()=\"OK\"]"}
RESULT: {"using":"xpath","value":"//bdi[text()=\"OK\"]"}
COMMAND: POST /session/652b5fe75fdd0bb6263b24ae98cbc99a/elements - {"using":"xpath","value":"//bdi[text()=\"OK\"]"}
RESULT: {"using":"xpath","value":"//bdi[text()=\"OK\"]"}
COMMAND: POST /session/652b5fe75fdd0bb6263b24ae98cbc99a/elements - {"using":"xpath","value":"//bdi[text()=\"OK\"]"}
RESULT: {"using":"xpath","value":"//bdi[text()=\"OK\"]"}
COMMAND: POST /session/652b5fe75fdd0bb6263b24ae98cbc99a/elements - {"using":"xpath","value":"//bdi[text()=\"OK\"]"}
RESULT: {"using":"xpath","value":"//bdi[text()=\"OK\"]"}
COMMAND: POST /session/652b5fe75fdd0bb6263b24ae98cbc99a/elements - {"using":"xpath","value":"//bdi[text()=\"OK\"]"}
RESULT: {"using":"xpath","value":"//bdi[text()=\"OK\"]"}
COMMAND: POST /session/652b5fe75fdd0bb6263b24ae98cbc99a/elements - {"using":"xpath","value":"//bdi[text()=\"OK\"]"}
RESULT: {"using":"xpath","value":"//bdi[text()=\"OK\"]"}
COMMAND: POST /session/652b5fe75fdd0bb6263b24ae98cbc99a/elements - {"using":"xpath","value":"//bdi[text()=\"OK\"]"}
RESULT: {"using":"xpath","value":"//bdi[text()=\"OK\"]"}
COMMAND: POST /session/652b5fe75fdd0bb6263b24ae98cbc99a/elements - {"using":"xpath","value":"//bdi[text()=\"OK\"]"}
RESULT: {"using":"xpath","value":"//bdi[text()=\"OK\"]"}
COMMAND: POST /session/652b5fe75fdd0bb6263b24ae98cbc99a/elements - {"using":"xpath","value":"//bdi[text()=\"OK\"]"}
RESULT: {"using":"xpath","value":"//bdi[text()=\"OK\"]"}
COMMAND: POST /session/652b5fe75fdd0bb6263b24ae98cbc99a/elements - {"using":"xpath","value":"//bdi[text()=\"OK\"]"}
RESULT: {"using":"xpath","value":"//bdi[text()=\"OK\"]"}
COMMAND: POST /session/652b5fe75fdd0bb6263b24ae98cbc99a/elements - {"using":"xpath","value":"//bdi[text()=\"OK\"]"}
RESULT: {"using":"xpath","value":"//bdi[text()=\"OK\"]"}
COMMAND: POST /session/652b5fe75fdd0bb6263b24ae98cbc99a/elements - {"using":"xpath","value":"//bdi[text()=\"OK\"]"}
RESULT: {"using":"xpath","value":"//bdi[text()=\"OK\"]"}
COMMAND: POST /session/652b5fe75fdd0bb6263b24ae98cbc99a/elements - {"using":"xpath","value":"//bdi[text()=\"OK\"]"}
RESULT: {"using":"xpath","value":"//bdi[text()=\"OK\"]"}
COMMAND: POST /session/652b5fe75fdd0bb6263b24ae98cbc99a/elements - {"using":"xpath","value":"//bdi[text()=\"OK\"]"}
RESULT: {"using":"xpath","value":"//bdi[text()=\"OK\"]"}
COMMAND: POST /session/652b5fe75fdd0bb6263b24ae98cbc99a/elements - {"using":"xpath","value":"//bdi[text()=\"OK\"]"}
RESULT: {"using":"xpath","value":"//bdi[text()=\"OK\"]"}
COMMAND: POST /session/652b5fe75fdd0bb6263b24ae98cbc99a/elements - {"using":"xpath","value":"//bdi[text()=\"OK\"]"}
RESULT: {"using":"xpath","value":"//bdi[text()=\"OK\"]"}
COMMAND: POST /session/652b5fe75fdd0bb6263b24ae98cbc99a/elements - {"using":"xpath","value":"//bdi[text()=\"OK\"]"}
RESULT: {"using":"xpath","value":"//bdi[text()=\"OK\"]"}
COMMAND: POST /session/652b5fe75fdd0bb6263b24ae98cbc99a/elements - {"using":"xpath","value":"//bdi[text()=\"OK\"]"}
RESULT: {"using":"xpath","value":"//bdi[text()=\"OK\"]"}
COMMAND: POST /session/652b5fe75fdd0bb6263b24ae98cbc99a/elements - {"using":"xpath","value":"//bdi[text()=\"OK\"]"}
RESULT: {"using":"xpath","value":"//bdi[text()=\"OK\"]"}
COMMAND: POST /session/652b5fe75fdd0bb6263b24ae98cbc99a/elements - {"using":"xpath","value":"//bdi[text()=\"OK\"]"}
RESULT: {"using":"xpath","value":"//bdi[text()=\"OK\"]"}
COMMAND: POST /session/652b5fe75fdd0bb6263b24ae98cbc99a/elements - {"using":"xpath","value":"//bdi[text()=\"OK\"]"}
RESULT: {"using":"xpath","value":"//bdi[text()=\"OK\"]"}
COMMAND: POST /session/652b5fe75fdd0bb6263b24ae98cbc99a/elements - {"using":"xpath","value":"//bdi[text()=\"OK\"]"}
RESULT: {"using":"xpath","value":"//bdi[text()=\"OK\"]"}
COMMAND: POST /session/652b5fe75fdd0bb6263b24ae98cbc99a/elements - {"using":"xpath","value":"//bdi[text()=\"OK\"]"}
RESULT: {"using":"xpath","value":"//bdi[text()=\"OK\"]"}
COMMAND: POST /session/652b5fe75fdd0bb6263b24ae98cbc99a/elements - {"using":"xpath","value":"//bdi[text()=\"OK\"]"}
RESULT: {"using":"xpath","value":"//bdi[text()=\"OK\"]"}
COMMAND: POST /session/652b5fe75fdd0bb6263b24ae98cbc99a/elements - {"using":"xpath","value":"//bdi[text()=\"OK\"]"}
RESULT: {"using":"xpath","value":"//bdi[text()=\"OK\"]"}
COMMAND: POST /session/652b5fe75fdd0bb6263b24ae98cbc99a/elements - {"using":"xpath","value":"//bdi[text()=\"OK\"]"}
RESULT: {"using":"xpath","value":"//bdi[text()=\"OK\"]"}
COMMAND: POST /session/652b5fe75fdd0bb6263b24ae98cbc99a/elements - {"using":"xpath","value":"//bdi[text()=\"OK\"]"}
RESULT: {"using":"xpath","value":"//bdi[text()=\"OK\"]"}
COMMAND: POST /session/652b5fe75fdd0bb6263b24ae98cbc99a/elements - {"using":"xpath","value":"//bdi[text()=\"OK\"]"}
RESULT: {"using":"xpath","value":"//bdi[text()=\"OK\"]"}
COMMAND: POST /session/652b5fe75fdd0bb6263b24ae98cbc99a/elements - {"using":"xpath","value":"//bdi[text()=\"OK\"]"}
RESULT: {"using":"xpath","value":"//bdi[text()=\"OK\"]"}
COMMAND: POST /session/652b5fe75fdd0bb6263b24ae98cbc99a/elements - {"using":"xpath","value":"//bdi[text()=\"OK\"]"}
RESULT: {"using":"xpath","value":"//bdi[text()=\"OK\"]"}
COMMAND: POST /session/652b5fe75fdd0bb6263b24ae98cbc99a/elements - {"using":"xpath","value":"//bdi[text()=\"OK\"]"}
RESULT: {"using":"xpath","value":"//bdi[text()=\"OK\"]"}
COMMAND: POST /session/652b5fe75fdd0bb6263b24ae98cbc99a/elements - {"using":"xpath","value":"//bdi[text()=\"OK\"]"}
RESULT: {"using":"xpath","value":"//bdi[text()=\"OK\"]"}
COMMAND: POST /session/652b5fe75fdd0bb6263b24ae98cbc99a/elements - {"using":"xpath","value":"//bdi[text()=\"OK\"]"}
RESULT: {"using":"xpath","value":"//bdi[text()=\"OK\"]"}
COMMAND: POST /session/652b5fe75fdd0bb6263b24ae98cbc99a/elements - {"using":"xpath","value":"//bdi[text()=\"OK\"]"}
COMMAND: POST /session/652b5fe75fdd0bb6263b24ae98cbc99a/execute/async - {"script":"<script> [1562 bytes]","args":[{"selector":{"id":"application-manageresources-display-component---newResourceUnit--TYPE-arrow"},"wdio_ui5_key":"applicationmanageresources-display-component---newResourceUnit--TYPE-arrow"}]}
RESULT: {"using":"xpath","value":"//bdi[text()=\"OK\"]"}
RESULT: {"script":"<script> [1562 bytes]","args":[{"selector":{"id":"application-manageresources-display-component---newResourceUnit--TYPE-arrow"},"wdio_ui5_key":"applicationmanageresources-display-component---newResourceUnit--TYPE-arrow"}]}
RESULT: undefined
COMMAND: POST /session/652b5fe75fdd0bb6263b24ae98cbc99a/element - {"using":"xpath","value":"//*[@id=\"application-manageresources-display-component---newResourceUnit--TYPE-arrow\"]"}
RESULT: {"using":"xpath","value":"//*[@id=\"application-manageresources-display-component---newResourceUnit--TYPE-arrow\"]"}
COMMAND: POST /session/652b5fe75fdd0bb6263b24ae98cbc99a/element/f.F756EF649BFACFC99A3D872C6535431B.d.015256E1CFC7B3EE9B5731964E7AF1AA.e.6315/click - {}
RESULT: {}
COMMAND: POST /session/652b5fe75fdd0bb6263b24ae98cbc99a/execute/async - {"script":"<script> [1562 bytes]","args":[{"selector":{"controlType":"sap.m.StandardListItem","viewName":"reusables.view.manageresources.NewResourceUnit","viewId":"application-manageresources-display-component---newResourceUnit","properties":{"title":"Material"},"searchOpenDialogs":true,"interaction":{"idSuffix":"titleText"}},"wdio_ui5_key":"reusablesview.manageresources.NewResourceUnitsap.m.StandardListItem{\"title\":\"Material\"}"}]}
COMMAND: GET /session/652b5fe75fdd0bb6263b24ae98cbc99a/screenshot - {}
RESULT: {"script":"<script> [1562 bytes]","args":[{"selector":{"controlType":"sap.m.StandardListItem","viewName":"reusables.view.manageresources.NewResourceUnit","viewId":"application-manageresources-display-component---newResourceUnit","properties":{"title":"Material"},"searchOpenDialogs":true,"interaction":{"idSuffix":"titleText"}},"wdio_ui5_key":"reusablesview.manageresources.NewResourceUnitsap.m.StandardListItem{\"title\":\"Material\"}"}]}
RESULT: undefined
COMMAND: POST /session/652b5fe75fdd0bb6263b24ae98cbc99a/element - {"using":"xpath","value":"//*[@id=\"__item141\"]"}
RESULT: {}
RESULT: {"using":"xpath","value":"//*[@id=\"__item141\"]"}
COMMAND: POST /session/652b5fe75fdd0bb6263b24ae98cbc99a/element/f.F756EF649BFACFC99A3D872C6535431B.d.015256E1CFC7B3EE9B5731964E7AF1AA.e.6318/click - {}
RESULT: {}
COMMAND: POST /session/652b5fe75fdd0bb6263b24ae98cbc99a/execute/async - {"script":"<script> [1562 bytes]","args":[{"selector":{"id":"application-manageresources-display-component---newResourceUnit--SHORT_TEXT","interaction":{"idSuffix":"inner"}},"wdio_ui5_key":"applicationmanageresources-display-component---newResourceUnit--SHORT_TEXT"}]}
COMMAND: GET /session/652b5fe75fdd0bb6263b24ae98cbc99a/screenshot - {}
RESULT: {"script":"<script> [1562 bytes]","args":[{"selector":{"id":"application-manageresources-display-component---newResourceUnit--SHORT_TEXT","interaction":{"idSuffix":"inner"}},"wdio_ui5_key":"applicationmanageresources-display-component---newResourceUnit--SHORT_TEXT"}]}
RESULT: undefined
COMMAND: POST /session/652b5fe75fdd0bb6263b24ae98cbc99a/execute/async - {"script":"<script> [776 bytes]","args":[{"enterText":"WebdriverRU R2C3jn12l","selector":{"id":"application-manageresources-display-component---newResourceUnit--SHORT_TEXT","interaction":{"idSuffix":"inner"}},"clearTextFirst":true,"interactionType":"ENTER_TEXT"}]}
RESULT: {}
RESULT: {"script":"<script> [776 bytes]","args":[{"enterText":"WebdriverRU R2C3jn12l","selector":{"id":"application-manageresources-display-component---newResourceUnit--SHORT_TEXT","interaction":{"idSuffix":"inner"}},"clearTextFirst":true,"interactionType":"ENTER_TEXT"}]}
COMMAND: POST /session/652b5fe75fdd0bb6263b24ae98cbc99a/execute/async - {"script":"<script> [1562 bytes]","args":[{"selector":{"id":"application-manageresources-display-component---newResourceUnit--BASE_UNIT_OF_MEASURE-arrow"},"wdio_ui5_key":"applicationmanageresources-display-component---newResourceUnit--BASE_UNIT_OF_MEASURE-arrow"}]}
RESULT: {"script":"<script> [1562 bytes]","args":[{"selector":{"id":"application-manageresources-display-component---newResourceUnit--BASE_UNIT_OF_MEASURE-arrow"},"wdio_ui5_key":"applicationmanageresources-display-component---newResourceUnit--BASE_UNIT_OF_MEASURE-arrow"}]}
RESULT: undefined
COMMAND: POST /session/652b5fe75fdd0bb6263b24ae98cbc99a/element - {"using":"xpath","value":"//*[@id=\"application-manageresources-display-component---newResourceUnit--BASE_UNIT_OF_MEASURE-arrow\"]"}
RESULT: {"using":"xpath","value":"//*[@id=\"application-manageresources-display-component---newResourceUnit--BASE_UNIT_OF_MEASURE-arrow\"]"}
COMMAND: POST /session/652b5fe75fdd0bb6263b24ae98cbc99a/element/f.F756EF649BFACFC99A3D872C6535431B.d.015256E1CFC7B3EE9B5731964E7AF1AA.e.6374/click - {}
RESULT: {}
COMMAND: POST /session/652b5fe75fdd0bb6263b24ae98cbc99a/execute/async - {"script":"<script> [1562 bytes]","args":[{"selector":{"controlType":"sap.m.StandardListItem","viewName":"reusables.view.manageresources.NewResourceUnit","viewId":"application-manageresources-display-component---newResourceUnit","properties":{"title":"Piece"},"searchOpenDialogs":true,"interaction":{"idSuffix":"titleText"}},"wdio_ui5_key":"reusablesview.manageresources.NewResourceUnitsap.m.StandardListItem{\"title\":\"Piece\"}"}]}
COMMAND: GET /session/652b5fe75fdd0bb6263b24ae98cbc99a/screenshot - {}
RESULT: {"script":"<script> [1562 bytes]","args":[{"selector":{"controlType":"sap.m.StandardListItem","viewName":"reusables.view.manageresources.NewResourceUnit","viewId":"application-manageresources-display-component---newResourceUnit","properties":{"title":"Piece"},"searchOpenDialogs":true,"interaction":{"idSuffix":"titleText"}},"wdio_ui5_key":"reusablesview.manageresources.NewResourceUnitsap.m.StandardListItem{\"title\":\"Piece\"}"}]}
RESULT: undefined
COMMAND: POST /session/652b5fe75fdd0bb6263b24ae98cbc99a/element - {"using":"xpath","value":"//*[@id=\"__item183\"]"}
RESULT: {}
RESULT: {"using":"xpath","value":"//*[@id=\"__item183\"]"}
COMMAND: POST /session/652b5fe75fdd0bb6263b24ae98cbc99a/element/f.F756EF649BFACFC99A3D872C6535431B.d.015256E1CFC7B3EE9B5731964E7AF1AA.e.6376/click - {}
RESULT: {}
COMMAND: POST /session/652b5fe75fdd0bb6263b24ae98cbc99a/execute/async - {"script":"<script> [1562 bytes]","args":[{"selector":{"id":"application-manageresources-display-component---newResourceUnit--WEIGHT_UNIT-arrow"},"wdio_ui5_key":"applicationmanageresources-display-component---newResourceUnit--WEIGHT_UNIT-arrow"}]}
COMMAND: GET /session/652b5fe75fdd0bb6263b24ae98cbc99a/screenshot - {}
RESULT: {"script":"<script> [1562 bytes]","args":[{"selector":{"id":"application-manageresources-display-component---newResourceUnit--WEIGHT_UNIT-arrow"},"wdio_ui5_key":"applicationmanageresources-display-component---newResourceUnit--WEIGHT_UNIT-arrow"}]}
RESULT: undefined
COMMAND: POST /session/652b5fe75fdd0bb6263b24ae98cbc99a/element - {"using":"xpath","value":"//*[@id=\"application-manageresources-display-component---newResourceUnit--WEIGHT_UNIT-arrow\"]"}
RESULT: {}
RESULT: {"using":"xpath","value":"//*[@id=\"application-manageresources-display-component---newResourceUnit--WEIGHT_UNIT-arrow\"]"}
COMMAND: POST /session/652b5fe75fdd0bb6263b24ae98cbc99a/element/f.F756EF649BFACFC99A3D872C6535431B.d.015256E1CFC7B3EE9B5731964E7AF1AA.e.6377/click - {}
RESULT: {}
COMMAND: POST /session/652b5fe75fdd0bb6263b24ae98cbc99a/execute/async - {"script":"<script> [1562 bytes]","args":[{"selector":{"controlType":"sap.m.StandardListItem","viewName":"reusables.view.manageresources.NewResourceUnit","viewId":"application-manageresources-display-component---newResourceUnit","properties":{"title":"Gram"},"searchOpenDialogs":true,"interaction":{"idSuffix":"content"}},"wdio_ui5_key":"reusablesview.manageresources.NewResourceUnitsap.m.StandardListItem{\"title\":\"Gram\"}"}]}
COMMAND: GET /session/652b5fe75fdd0bb6263b24ae98cbc99a/screenshot - {}
RESULT: {"script":"<script> [1562 bytes]","args":[{"selector":{"controlType":"sap.m.StandardListItem","viewName":"reusables.view.manageresources.NewResourceUnit","viewId":"application-manageresources-display-component---newResourceUnit","properties":{"title":"Gram"},"searchOpenDialogs":true,"interaction":{"idSuffix":"content"}},"wdio_ui5_key":"reusablesview.manageresources.NewResourceUnitsap.m.StandardListItem{\"title\":\"Gram\"}"}]}
RESULT: undefined
COMMAND: POST /session/652b5fe75fdd0bb6263b24ae98cbc99a/element - {"using":"xpath","value":"//*[@id=\"__item248\"]"}
RESULT: {}
RESULT: {"using":"xpath","value":"//*[@id=\"__item248\"]"}
COMMAND: POST /session/652b5fe75fdd0bb6263b24ae98cbc99a/element/f.F756EF649BFACFC99A3D872C6535431B.d.015256E1CFC7B3EE9B5731964E7AF1AA.e.6379/click - {}
RESULT: {}
COMMAND: GET /session/652b5fe75fdd0bb6263b24ae98cbc99a/screenshot - {}
RESULT: {}
COMMAND: POST /session/652b5fe75fdd0bb6263b24ae98cbc99a/execute/async - {"script":"<script> [1562 bytes]","args":[{"selector":{"id":"application-manageresources-display-component---newResourceUnit--newRRUPage-OPHeaderContent-collapseBtn-img"},"wdio_ui5_key":"applicationmanageresources-display-component---newResourceUnit--newRRUPage-OPHeaderContent-collapseBtn-img"}]}
RESULT: {"script":"<script> [1562 bytes]","args":[{"selector":{"id":"application-manageresources-display-component---newResourceUnit--newRRUPage-OPHeaderContent-collapseBtn-img"},"wdio_ui5_key":"applicationmanageresources-display-component---newResourceUnit--newRRUPage-OPHeaderContent-collapseBtn-img"}]}
RESULT: undefined
COMMAND: POST /session/652b5fe75fdd0bb6263b24ae98cbc99a/element - {"using":"xpath","value":"//*[@id=\"application-manageresources-display-component---newResourceUnit--newRRUPage-OPHeaderContent-collapseBtn-img\"]"}
RESULT: {"using":"xpath","value":"//*[@id=\"application-manageresources-display-component---newResourceUnit--newRRUPage-OPHeaderContent-collapseBtn-img\"]"}
COMMAND: POST /session/652b5fe75fdd0bb6263b24ae98cbc99a/element/f.F756EF649BFACFC99A3D872C6535431B.d.015256E1CFC7B3EE9B5731964E7AF1AA.e.6326/click - {}
RESULT: {}
COMMAND: GET /session/652b5fe75fdd0bb6263b24ae98cbc99a/screenshot - {}
RESULT: {}
COMMAND: POST /session/652b5fe75fdd0bb6263b24ae98cbc99a/element - {"using":"xpath","value":"(//span[contains(@id ,\"application-manageresources-display-component---newResourceUnit--DIMENSION_UNIT-arrow\")])[1]"}
RESULT: {"using":"xpath","value":"(//span[contains(@id ,\"application-manageresources-display-component---newResourceUnit--DIMENSION_UNIT-arrow\")])[1]"}
COMMAND: POST /session/652b5fe75fdd0bb6263b24ae98cbc99a/element/f.F756EF649BFACFC99A3D872C6535431B.d.015256E1CFC7B3EE9B5731964E7AF1AA.e.6385/click - {}
RESULT: {}
COMMAND: GET /session/652b5fe75fdd0bb6263b24ae98cbc99a/screenshot - {}
RESULT: {}
COMMAND: POST /session/652b5fe75fdd0bb6263b24ae98cbc99a/execute/async - {"script":"<script> [1562 bytes]","args":[{"selector":{"controlType":"sap.m.StandardListItem","viewName":"reusables.view.manageresources.NewResourceUnit","viewId":"application-manageresources-display-component---newResourceUnit","properties":{"title":"Centimeter"},"searchOpenDialogs":true,"interaction":{"idSuffix":"titleText"}},"wdio_ui5_key":"reusablesview.manageresources.NewResourceUnitsap.m.StandardListItem{\"title\":\"Centimeter\"}"}]}
RESULT: {"script":"<script> [1562 bytes]","args":[{"selector":{"controlType":"sap.m.StandardListItem","viewName":"reusables.view.manageresources.NewResourceUnit","viewId":"application-manageresources-display-component---newResourceUnit","properties":{"title":"Centimeter"},"searchOpenDialogs":true,"interaction":{"idSuffix":"titleText"}},"wdio_ui5_key":"reusablesview.manageresources.NewResourceUnitsap.m.StandardListItem{\"title\":\"Centimeter\"}"}]}
RESULT: undefined
COMMAND: POST /session/652b5fe75fdd0bb6263b24ae98cbc99a/element - {"using":"xpath","value":"//*[@id=\"__item251\"]"}
RESULT: {"using":"xpath","value":"//*[@id=\"__item251\"]"}
COMMAND: POST /session/652b5fe75fdd0bb6263b24ae98cbc99a/element/f.F756EF649BFACFC99A3D872C6535431B.d.015256E1CFC7B3EE9B5731964E7AF1AA.e.6387/click - {}
RESULT: {}
COMMAND: GET /session/652b5fe75fdd0bb6263b24ae98cbc99a/screenshot - {}
RESULT: {}
COMMAND: POST /session/652b5fe75fdd0bb6263b24ae98cbc99a/execute/async - {"script":"<script> [1562 bytes]","args":[{"selector":{"id":"application-manageresources-display-component---newResourceUnit--newRRUPage-anchBar-application-manageresources-display-component---newResourceUnit--reference-anchor","interaction":{"idSuffix":"BDI-content"}},"wdio_ui5_key":"applicationmanageresources-display-component---newResourceUnit--newRRUPage-anchBar-application-manageresources-display-component---newResourceUnit--reference-anchor"}]}
RESULT: {"script":"<script> [1562 bytes]","args":[{"selector":{"id":"application-manageresources-display-component---newResourceUnit--newRRUPage-anchBar-application-manageresources-display-component---newResourceUnit--reference-anchor","interaction":{"idSuffix":"BDI-content"}},"wdio_ui5_key":"applicationmanageresources-display-component---newResourceUnit--newRRUPage-anchBar-application-manageresources-display-component---newResourceUnit--reference-anchor"}]}
RESULT: undefined
COMMAND: POST /session/652b5fe75fdd0bb6263b24ae98cbc99a/element - {"using":"xpath","value":"//*[@id=\"application-manageresources-display-component---newResourceUnit--newRRUPage-anchBar-application-manageresources-display-component---newResourceUnit--reference-anchor\"]"}
RESULT: {"using":"xpath","value":"//*[@id=\"application-manageresources-display-component---newResourceUnit--newRRUPage-anchBar-application-manageresources-display-component---newResourceUnit--reference-anchor\"]"}
COMMAND: POST /session/652b5fe75fdd0bb6263b24ae98cbc99a/element/f.F756EF649BFACFC99A3D872C6535431B.d.015256E1CFC7B3EE9B5731964E7AF1AA.e.6389/click - {}
RESULT: {}
COMMAND: POST /session/652b5fe75fdd0bb6263b24ae98cbc99a/execute/async - {"script":"<script> [1562 bytes]","args":[{"selector":{"id":"application-manageresources-display-component---newResourceUnit--PLANNING_GROUP-arrow"},"wdio_ui5_key":"applicationmanageresources-display-component---newResourceUnit--PLANNING_GROUP-arrow"}]}
COMMAND: GET /session/652b5fe75fdd0bb6263b24ae98cbc99a/screenshot - {}
RESULT: {"script":"<script> [1562 bytes]","args":[{"selector":{"id":"application-manageresources-display-component---newResourceUnit--PLANNING_GROUP-arrow"},"wdio_ui5_key":"applicationmanageresources-display-component---newResourceUnit--PLANNING_GROUP-arrow"}]}
RESULT: undefined
COMMAND: POST /session/652b5fe75fdd0bb6263b24ae98cbc99a/element - {"using":"xpath","value":"//*[@id=\"application-manageresources-display-component---newResourceUnit--PLANNING_GROUP-arrow\"]"}
RESULT: {}
RESULT: {"using":"xpath","value":"//*[@id=\"application-manageresources-display-component---newResourceUnit--PLANNING_GROUP-arrow\"]"}
COMMAND: POST /session/652b5fe75fdd0bb6263b24ae98cbc99a/element/f.F756EF649BFACFC99A3D872C6535431B.d.015256E1CFC7B3EE9B5731964E7AF1AA.e.6393/click - {}
RESULT: {}
COMMAND: POST /session/652b5fe75fdd0bb6263b24ae98cbc99a/execute/async - {"script":"<script> [1562 bytes]","args":[{"selector":{"controlType":"sap.m.StandardListItem","viewName":"reusables.view.manageresources.NewResourceUnit","viewId":"application-manageresources-display-component---newResourceUnit","properties":{"title":"Heavy Equi"},"searchOpenDialogs":true,"interaction":{"idSuffix":"content"}},"wdio_ui5_key":"reusablesview.manageresources.NewResourceUnitsap.m.StandardListItem{\"title\":\"Heavy Equi\"}"}]}
COMMAND: GET /session/652b5fe75fdd0bb6263b24ae98cbc99a/screenshot - {}
RESULT: {"script":"<script> [1562 bytes]","args":[{"selector":{"controlType":"sap.m.StandardListItem","viewName":"reusables.view.manageresources.NewResourceUnit","viewId":"application-manageresources-display-component---newResourceUnit","properties":{"title":"Heavy Equi"},"searchOpenDialogs":true,"interaction":{"idSuffix":"content"}},"wdio_ui5_key":"reusablesview.manageresources.NewResourceUnitsap.m.StandardListItem{\"title\":\"Heavy Equi\"}"}]}
RESULT: undefined
COMMAND: POST /session/652b5fe75fdd0bb6263b24ae98cbc99a/element - {"using":"xpath","value":"//*[@id=\"__item259\"]"}
RESULT: {}
RESULT: {"using":"xpath","value":"//*[@id=\"__item259\"]"}
COMMAND: POST /session/652b5fe75fdd0bb6263b24ae98cbc99a/element/f.F756EF649BFACFC99A3D872C6535431B.d.015256E1CFC7B3EE9B5731964E7AF1AA.e.6397/click - {}
RESULT: {}
COMMAND: GET /session/652b5fe75fdd0bb6263b24ae98cbc99a/screenshot - {}
RESULT: {}
COMMAND: POST /session/652b5fe75fdd0bb6263b24ae98cbc99a/execute/async - {"script":"<script> [1562 bytes]","args":[{"selector":{"id":"application-manageresources-display-component---newResourceUnit--PLANNING_INDICATOR-arrow"},"wdio_ui5_key":"applicationmanageresources-display-component---newResourceUnit--PLANNING_INDICATOR-arrow"}]}
RESULT: {"script":"<script> [1562 bytes]","args":[{"selector":{"id":"application-manageresources-display-component---newResourceUnit--PLANNING_INDICATOR-arrow"},"wdio_ui5_key":"applicationmanageresources-display-component---newResourceUnit--PLANNING_INDICATOR-arrow"}]}
RESULT: undefined
COMMAND: POST /session/652b5fe75fdd0bb6263b24ae98cbc99a/element - {"using":"xpath","value":"//*[@id=\"application-manageresources-display-component---newResourceUnit--PLANNING_INDICATOR-arrow\"]"}
RESULT: {"using":"xpath","value":"//*[@id=\"application-manageresources-display-component---newResourceUnit--PLANNING_INDICATOR-arrow\"]"}
COMMAND: POST /session/652b5fe75fdd0bb6263b24ae98cbc99a/element/f.F756EF649BFACFC99A3D872C6535431B.d.015256E1CFC7B3EE9B5731964E7AF1AA.e.6398/click - {}
RESULT: {}
COMMAND: POST /session/652b5fe75fdd0bb6263b24ae98cbc99a/execute/async - {"script":"<script> [1562 bytes]","args":[{"selector":{"controlType":"sap.m.StandardListItem","viewName":"reusables.view.manageresources.NewResourceUnit","viewId":"application-manageresources-display-component---newResourceUnit","properties":{"title":"10 - infinite"},"searchOpenDialogs":true,"interaction":{"idSuffix":"content"}},"wdio_ui5_key":"reusablesview.manageresources.NewResourceUnitsap.m.StandardListItem{\"title\":\"10 - infinite\"}"}]}
COMMAND: GET /session/652b5fe75fdd0bb6263b24ae98cbc99a/screenshot - {}
RESULT: {"script":"<script> [1562 bytes]","args":[{"selector":{"controlType":"sap.m.StandardListItem","viewName":"reusables.view.manageresources.NewResourceUnit","viewId":"application-manageresources-display-component---newResourceUnit","properties":{"title":"10 - infinite"},"searchOpenDialogs":true,"interaction":{"idSuffix":"content"}},"wdio_ui5_key":"reusablesview.manageresources.NewResourceUnitsap.m.StandardListItem{\"title\":\"10 - infinite\"}"}]}
RESULT: undefined
COMMAND: POST /session/652b5fe75fdd0bb6263b24ae98cbc99a/element - {"using":"xpath","value":"//*[@id=\"__item269\"]"}
RESULT: {}
RESULT: {"using":"xpath","value":"//*[@id=\"__item269\"]"}
COMMAND: POST /session/652b5fe75fdd0bb6263b24ae98cbc99a/element/f.F756EF649BFACFC99A3D872C6535431B.d.015256E1CFC7B3EE9B5731964E7AF1AA.e.6400/click - {}
RESULT: {}
COMMAND: GET /session/652b5fe75fdd0bb6263b24ae98cbc99a/screenshot - {}
RESULT: {}
COMMAND: POST /session/652b5fe75fdd0bb6263b24ae98cbc99a/element - {"using":"xpath","value":"//bdi[contains(text(), \"Time Segment\")]"}
RESULT: {"using":"xpath","value":"//bdi[contains(text(), \"Time Segment\")]"}
COMMAND: GET /session/652b5fe75fdd0bb6263b24ae98cbc99a/element/f.F756EF649BFACFC99A3D872C6535431B.d.015256E1CFC7B3EE9B5731964E7AF1AA.e.6401/rect - {}
RESULT: {}
COMMAND: GET /session/652b5fe75fdd0bb6263b24ae98cbc99a/window/rect - {}
RESULT: {}
COMMAND: POST /session/652b5fe75fdd0bb6263b24ae98cbc99a/execute/sync - {"script":"<script> [92 bytes]","args":[]}
RESULT: {"script":"<script> [92 bytes]","args":[]}
COMMAND: POST /session/652b5fe75fdd0bb6263b24ae98cbc99a/actions - {"actions":[{"id":"action17","type":"wheel","parameters":{},"actions":[{"type":"scroll","x":-1820,"y":-21,"deltaX":0,"deltaY":0,"duration":0,"origin":{"element-6066-11e4-a52e-4f735466cecf":"f.F756EF649BFACFC99A3D872C6535431B.d.015256E1CFC7B3EE9B5731964E7AF1AA.e.6401"}}]}]}
COMMAND: GET /session/652b5fe75fdd0bb6263b24ae98cbc99a/screenshot - {}
RESULT: {}
COMMAND: POST /session/652b5fe75fdd0bb6263b24ae98cbc99a/execute/sync - {"script":"<script> [79 bytes]","args":[{"element-6066-11e4-a52e-4f735466cecf":"f.F756EF649BFACFC99A3D872C6535431B.d.015256E1CFC7B3EE9B5731964E7AF1AA.e.6401","ELEMENT":"f.F756EF649BFACFC99A3D872C6535431B.d.015256E1CFC7B3EE9B5731964E7AF1AA.e.6401"},{"block":"start","inline":"nearest"}]}
RESULT: {"script":"<script> [79 bytes]","args":[{"element-6066-11e4-a52e-4f735466cecf":"f.F756EF649BFACFC99A3D872C6535431B.d.015256E1CFC7B3EE9B5731964E7AF1AA.e.6401","ELEMENT":"f.F756EF649BFACFC99A3D872C6535431B.d.015256E1CFC7B3EE9B5731964E7AF1AA.e.6401"},{"block":"start","inline":"nearest"}]}
COMMAND: GET /session/652b5fe75fdd0bb6263b24ae98cbc99a/screenshot - {}
RESULT: {}
COMMAND: POST /session/652b5fe75fdd0bb6263b24ae98cbc99a/element - {"using":"xpath","value":"//span[@id=\"application-manageresources-display-component---newResourceUnit--btnAddTimeSegment-img\"]"}
RESULT: {"using":"xpath","value":"//span[@id=\"application-manageresources-display-component---newResourceUnit--btnAddTimeSegment-img\"]"}
COMMAND: POST /session/652b5fe75fdd0bb6263b24ae98cbc99a/execute/sync - {"script":"<script> [8489 bytes]","args":[{"element-6066-11e4-a52e-4f735466cecf":"f.F756EF649BFACFC99A3D872C6535431B.d.015256E1CFC7B3EE9B5731964E7AF1AA.e.6404","ELEMENT":"f.F756EF649BFACFC99A3D872C6535431B.d.015256E1CFC7B3EE9B5731964E7AF1AA.e.6404"}]}
RESULT: {"script":"<script> [8489 bytes]","args":[{"element-6066-11e4-a52e-4f735466cecf":"f.F756EF649BFACFC99A3D872C6535431B.d.015256E1CFC7B3EE9B5731964E7AF1AA.e.6404","ELEMENT":"f.F756EF649BFACFC99A3D872C6535431B.d.015256E1CFC7B3EE9B5731964E7AF1AA.e.6404"}]}
COMMAND: POST /session/652b5fe75fdd0bb6263b24ae98cbc99a/element/f.F756EF649BFACFC99A3D872C6535431B.d.015256E1CFC7B3EE9B5731964E7AF1AA.e.6404/click - {}
COMMAND: GET /session/652b5fe75fdd0bb6263b24ae98cbc99a/screenshot - {}
RESULT: {}
COMMAND: GET /session/652b5fe75fdd0bb6263b24ae98cbc99a/screenshot - {}
RESULT: {}
COMMAND: POST /session/652b5fe75fdd0bb6263b24ae98cbc99a/element - {"using":"xpath","value":"//input[@id=\"application-manageresources-display-component---newResourceUnit--idRuTSAdmin-application-manageresources-display-component---newResourceUnit--RUTimeSegment-0-inner\"]"}
RESULT: {}
RESULT: {"using":"xpath","value":"//input[@id=\"application-manageresources-display-component---newResourceUnit--idRuTSAdmin-application-manageresources-display-component---newResourceUnit--RUTimeSegment-0-inner\"]"}
COMMAND: POST /session/652b5fe75fdd0bb6263b24ae98cbc99a/element/f.F756EF649BFACFC99A3D872C6535431B.d.015256E1CFC7B3EE9B5731964E7AF1AA.e.6407/clear - {}
RESULT: {}
COMMAND: POST /session/652b5fe75fdd0bb6263b24ae98cbc99a/element/f.F756EF649BFACFC99A3D872C6535431B.d.015256E1CFC7B3EE9B5731964E7AF1AA.e.6407/value - {"text":"255"}
COMMAND: GET /session/652b5fe75fdd0bb6263b24ae98cbc99a/screenshot - {}
RESULT: {"text":"255"}
COMMAND: GET /session/652b5fe75fdd0bb6263b24ae98cbc99a/screenshot - {}
RESULT: {}
RESULT: {}
COMMAND: POST /session/652b5fe75fdd0bb6263b24ae98cbc99a/actions - {"actions":[{"id":"action18","type":"key","parameters":{},"actions":[{"type":"keyDown","value":"î€‡"},{"type":"pause","duration":10},{"type":"keyUp","value":"î€‡"}]}]}
RESULT: {"actions":[{"id":"action18","type":"key","parameters":{},"actions":[{"type":"keyDown","value":"î€‡"},{"type":"pause","duration":10},{"type":"keyUp","value":"î€‡"}]}]}
COMMAND: GET /session/652b5fe75fdd0bb6263b24ae98cbc99a/screenshot - {}
RESULT: {}
COMMAND: POST /session/652b5fe75fdd0bb6263b24ae98cbc99a/execute/async - {"script":"<script> [1562 bytes]","args":[{"selector":{"controlType":"sap.m.Button","viewName":"reusables.view.manageresources.NewResourceUnit","viewId":"application-manageresources-display-component---newResourceUnit","i18NText":{"propertyName":"tooltip","key":"save"},"interaction":{"idSuffix":"BDI-content"}},"wdio_ui5_key":"reusablesview.manageresources.NewResourceUnitsap.m.Button{\"propertyName\":\"tooltip\",\"key\":\"save\"}"}]}
RESULT: {"script":"<script> [1562 bytes]","args":[{"selector":{"controlType":"sap.m.Button","viewName":"reusables.view.manageresources.NewResourceUnit","viewId":"application-manageresources-display-component---newResourceUnit","i18NText":{"propertyName":"tooltip","key":"save"},"interaction":{"idSuffix":"BDI-content"}},"wdio_ui5_key":"reusablesview.manageresources.NewResourceUnitsap.m.Button{\"propertyName\":\"tooltip\",\"key\":\"save\"}"}]}
RESULT: undefined
COMMAND: POST /session/652b5fe75fdd0bb6263b24ae98cbc99a/element - {"using":"xpath","value":"//*[@id=\"application-manageresources-display-component---newResourceUnit--createRuButton\"]"}
RESULT: {"using":"xpath","value":"//*[@id=\"application-manageresources-display-component---newResourceUnit--createRuButton\"]"}
COMMAND: POST /session/652b5fe75fdd0bb6263b24ae98cbc99a/element/f.F756EF649BFACFC99A3D872C6535431B.d.015256E1CFC7B3EE9B5731964E7AF1AA.e.6332/click - {}
RESULT: {}
COMMAND: GET /session/652b5fe75fdd0bb6263b24ae98cbc99a/screenshot - {}
RESULT: {}
COMMAND: POST /session/652b5fe75fdd0bb6263b24ae98cbc99a/execute/async - {"script":"<script> [1562 bytes]","args":[{"selector":{"controlType":"sap.m.Title","properties":{"text":"Success"},"searchOpenDialogs":true},"wdio_ui5_key":"sapm.Title{\"text\":\"Success\"}"}]}
RESULT: {"script":"<script> [1562 bytes]","args":[{"selector":{"controlType":"sap.m.Title","properties":{"text":"Success"},"searchOpenDialogs":true},"wdio_ui5_key":"sapm.Title{\"text\":\"Success\"}"}]}
RESULT: undefined
COMMAND: POST /session/652b5fe75fdd0bb6263b24ae98cbc99a/execute/async - {"script":"<script> [6424 bytes]","args":[{"element-6066-11e4-a52e-4f735466cecf":"f.F756EF649BFACFC99A3D872C6535431B.d.015256E1CFC7B3EE9B5731964E7AF1AA.e.6422"},"getText",[]]}
RESULT: {"script":"<script> [6424 bytes]","args":[{"element-6066-11e4-a52e-4f735466cecf":"f.F756EF649BFACFC99A3D872C6535431B.d.015256E1CFC7B3EE9B5731964E7AF1AA.e.6422"},"getText",[]]}
COMMAND: POST /session/652b5fe75fdd0bb6263b24ae98cbc99a/element - {"using":"xpath","value":"//*[contains(@id, '__text') and (contains(text(), 'successfully created') or contains(., 'successfully created'))]"}
RESULT: {"using":"xpath","value":"//*[contains(@id, '__text') and (contains(text(), 'successfully created') or contains(., 'successfully created'))]"}
COMMAND: GET /session/652b5fe75fdd0bb6263b24ae98cbc99a/element/f.F756EF649BFACFC99A3D872C6535431B.d.015256E1CFC7B3EE9B5731964E7AF1AA.e.6421/text - {}
RESULT: {}
COMMAND: POST /session/652b5fe75fdd0bb6263b24ae98cbc99a/execute/async - {"script":"<script> [1562 bytes]","args":[{"selector":{"controlType":"sap.m.Button","properties":{"text":"Close"},"searchOpenDialogs":true,"interaction":{"idSuffix":"BDI-content"}},"wdio_ui5_key":"sapm.Button{\"text\":\"Close\"}"}]}
RESULT: {"script":"<script> [1562 bytes]","args":[{"selector":{"controlType":"sap.m.Button","properties":{"text":"Close"},"searchOpenDialogs":true,"interaction":{"idSuffix":"BDI-content"}},"wdio_ui5_key":"sapm.Button{\"text\":\"Close\"}"}]}
RESULT: undefined
COMMAND: POST /session/652b5fe75fdd0bb6263b24ae98cbc99a/element - {"using":"xpath","value":"//*[@id=\"__mbox-btn-0\"]"}
RESULT: {"using":"xpath","value":"//*[@id=\"__mbox-btn-0\"]"}
COMMAND: POST /session/652b5fe75fdd0bb6263b24ae98cbc99a/element/f.F756EF649BFACFC99A3D872C6535431B.d.015256E1CFC7B3EE9B5731964E7AF1AA.e.6418/click - {}
RESULT: {}
COMMAND: GET /session/652b5fe75fdd0bb6263b24ae98cbc99a/screenshot - {}
RESULT: {}
COMMAND: POST /session/652b5fe75fdd0bb6263b24ae98cbc99a/execute/async - {"script":"<script> [1562 bytes]","args":[{"selector":{"controlType":"sap.ui.core.Icon","viewName":"etm.portal.ui.manageresources.view.Detail","viewId":"application-manageresources-display-component---detailRU","properties":{"src":{"regex":{"source":"overflow"}}}},"wdio_ui5_key":"etmportal.ui.manageresources.view.Detailsap.ui.core.Icon{\"src\":{\"regex\":{\"source\":\"overflow\"}}}"}]}
RESULT: {"script":"<script> [1562 bytes]","args":[{"selector":{"controlType":"sap.ui.core.Icon","viewName":"etm.portal.ui.manageresources.view.Detail","viewId":"application-manageresources-display-component---detailRU","properties":{"src":{"regex":{"source":"overflow"}}}},"wdio_ui5_key":"etmportal.ui.manageresources.view.Detailsap.ui.core.Icon{\"src\":{\"regex\":{\"source\":\"overflow\"}}}"}]}
RESULT: undefined
COMMAND: POST /session/652b5fe75fdd0bb6263b24ae98cbc99a/element - {"using":"xpath","value":"//*[@id=\"__title14-_actionsToolbar-overflowButton-img\"]"}
RESULT: {"using":"xpath","value":"//*[@id=\"__title14-_actionsToolbar-overflowButton-img\"]"}
COMMAND: POST /session/652b5fe75fdd0bb6263b24ae98cbc99a/element/f.F756EF649BFACFC99A3D872C6535431B.d.015256E1CFC7B3EE9B5731964E7AF1AA.e.6455/click - {}
RESULT: {}
COMMAND: POST /session/652b5fe75fdd0bb6263b24ae98cbc99a/execute/async - {"script":"<script> [1562 bytes]","args":[{"selector":{"controlType":"sap.m.Button","viewName":"etm.portal.ui.manageresources.view.Detail","viewId":"application-manageresources-display-component---detailRU","i18NText":{"propertyName":"tooltip","key":"closeColumn"},"searchOpenDialogs":true,"interaction":{"idSuffix":"inner"}},"wdio_ui5_key":"etmportal.ui.manageresources.view.Detailsap.m.Button{\"propertyName\":\"tooltip\",\"key\":\"closeColumn\"}"}]}
COMMAND: GET /session/652b5fe75fdd0bb6263b24ae98cbc99a/screenshot - {}
RESULT: {"script":"<script> [1562 bytes]","args":[{"selector":{"controlType":"sap.m.Button","viewName":"etm.portal.ui.manageresources.view.Detail","viewId":"application-manageresources-display-component---detailRU","i18NText":{"propertyName":"tooltip","key":"closeColumn"},"searchOpenDialogs":true,"interaction":{"idSuffix":"inner"}},"wdio_ui5_key":"etmportal.ui.manageresources.view.Detailsap.m.Button{\"propertyName\":\"tooltip\",\"key\":\"closeColumn\"}"}]}
RESULT: undefined
COMMAND: POST /session/652b5fe75fdd0bb6263b24ae98cbc99a/element - {"using":"xpath","value":"//*[@id=\"__button41\"]"}
RESULT: {}
RESULT: {"using":"xpath","value":"//*[@id=\"__button41\"]"}
COMMAND: POST /session/652b5fe75fdd0bb6263b24ae98cbc99a/element/f.F756EF649BFACFC99A3D872C6535431B.d.015256E1CFC7B3EE9B5731964E7AF1AA.e.6459/click - {}
RESULT: {}
COMMAND: GET /session/652b5fe75fdd0bb6263b24ae98cbc99a/screenshot - {}
RESULT: {}
COMMAND: POST /session/652b5fe75fdd0bb6263b24ae98cbc99a/refresh - {}
RESULT: {}
COMMAND: GET /session/652b5fe75fdd0bb6263b24ae98cbc99a/screenshot - {}
RESULT: {}
COMMAND: POST /session/652b5fe75fdd0bb6263b24ae98cbc99a/refresh - {}
RESULT: {}
COMMAND: GET /session/652b5fe75fdd0bb6263b24ae98cbc99a/screenshot - {}
RESULT: {}
COMMAND: POST /session/652b5fe75fdd0bb6263b24ae98cbc99a/window/fullscreen - {}
RESULT: {}
COMMAND: POST /session/652b5fe75fdd0bb6263b24ae98cbc99a/execute/async - {"script":"<script> [189 bytes]","args":[]}
RESULT: {"script":"<script> [189 bytes]","args":[]}
COMMAND: POST /session/652b5fe75fdd0bb6263b24ae98cbc99a/execute/async - {"script":"<script> [123 bytes]","args":[]}
RESULT: {"script":"<script> [123 bytes]","args":[]}
COMMAND: POST /session/652b5fe75fdd0bb6263b24ae98cbc99a/timeouts - {"script":"<number>"}
RESULT: {"script":"<number>"}
COMMAND: GET /session/652b5fe75fdd0bb6263b24ae98cbc99a/timeouts - {}
RESULT: {}
RESULT: undefined
COMMAND: POST /session/652b5fe75fdd0bb6263b24ae98cbc99a/execute/async - {"script":"<script> [2676 bytes]","args":[]}
RESULT: {"script":"<script> [2676 bytes]","args":[]}
COMMAND: POST /session/652b5fe75fdd0bb6263b24ae98cbc99a/execute/async - {"script":"<script> [2342 bytes]","args":[{"protocol":"http","hostname":"0.0.0.0","path":"/","capabilities":{"browserName":"chrome","goog:chromeOptions":{"binary":"C:\\Program Files\\Google\\Chrome\\Application\\chrome.exe","args":["--start-maximized"]}},"logLevel":"warn","connectionRetryTimeout":120000,"connectionRetryCount":3,"logLevels":{},"enableDirectConnect":true,"strictSSL":true,"_":"65 more keys: [\"cacheDir\",\"port\",\"requestedCapabilities\",\"automationProtocol\",\"baseUrl\",\"waitforInterval\",\"waitforTimeout\",\"onReload\",\"beforeCommand\",\"afterCommand\",\"rootDir\",\"specs\",\"suites\",\"exclude\",\"groupLogsByTestSpec\",\"excludeDriverLogs\",\"bail\",\"framework\",\"reporters\",\"services\",\"maxInstances\",\"maxInstancesPerCapability\",\"injectGlobals\",\"filesToWatch\",\"execArgv\",\"runnerEnv\",\"runner\",\"shard\",\"specFileRetries\",\"specFileRetriesDelay\",\"specFileRetriesDeferred\",\"reporterSyncInterval\",\"reporterSyncTimeout\",\"cucumberFeaturesWithLineNumbers\",\"autoCompileOpts\",\"mochaOpts\",\"jasmineOpts\",\"cucumberOpts\",\"onPrepare\",\"onWorkerStart\",\"onWorkerEnd\",\"before\",\"beforeSession\",\"beforeSuite\",\"beforeHook\",\"beforeTest\",\"afterTest\",\"afterHook\",\"afterSuite\",\"afterSession\",\"after\",\"onComplete\",\"beforeAssertion\",\"afterAssertion\",\"beforeFeature\",\"beforeScenario\",\"beforeStep\",\"afterStep\",\"afterScenario\",\"afterFeature\",\"_\",\"suite\",\"$0\",\"ignoredWorkerServices\",\"wdi5\"]"}]}
RESULT: {"script":"<script> [2342 bytes]","args":[{"protocol":"http","hostname":"0.0.0.0","path":"/","capabilities":{"browserName":"chrome","goog:chromeOptions":{"binary":"C:\\Program Files\\Google\\Chrome\\Application\\chrome.exe","args":["--start-maximized"]}},"logLevel":"warn","connectionRetryTimeout":120000,"connectionRetryCount":3,"logLevels":{},"enableDirectConnect":true,"strictSSL":true,"_":"65 more keys: [\"cacheDir\",\"port\",\"requestedCapabilities\",\"automationProtocol\",\"baseUrl\",\"waitforInterval\",\"waitforTimeout\",\"onReload\",\"beforeCommand\",\"afterCommand\",\"rootDir\",\"specs\",\"suites\",\"exclude\",\"groupLogsByTestSpec\",\"excludeDriverLogs\",\"bail\",\"framework\",\"reporters\",\"services\",\"maxInstances\",\"maxInstancesPerCapability\",\"injectGlobals\",\"filesToWatch\",\"execArgv\",\"runnerEnv\",\"runner\",\"shard\",\"specFileRetries\",\"specFileRetriesDelay\",\"specFileRetriesDeferred\",\"reporterSyncInterval\",\"reporterSyncTimeout\",\"cucumberFeaturesWithLineNumbers\",\"autoCompileOpts\",\"mochaOpts\",\"jasmineOpts\",\"cucumberOpts\",\"onPrepare\",\"onWorkerStart\",\"onWorkerEnd\",\"before\",\"beforeSession\",\"beforeSuite\",\"beforeHook\",\"beforeTest\",\"afterTest\",\"afterHook\",\"afterSuite\",\"afterSession\",\"after\",\"onComplete\",\"beforeAssertion\",\"afterAssertion\",\"beforeFeature\",\"beforeScenario\",\"beforeStep\",\"afterStep\",\"afterScenario\",\"afterFeature\",\"_\",\"suite\",\"$0\",\"ignoredWorkerServices\",\"wdi5\"]"}]}
COMMAND: POST /session/652b5fe75fdd0bb6263b24ae98cbc99a/execute/async - {"script":"<script> [21126 bytes]","args":[35000]}
RESULT: {"script":"<script> [21126 bytes]","args":[35000]}
]]></system-out>
    </testcase>
    <testcase classname="chrome.136_0_7103_49.windows.Create_2_RU_material_US118246" name="Create WHM material" time="182.163">
      <system-out><![CDATA[
COMMAND: POST /session/652b5fe75fdd0bb6263b24ae98cbc99a/element - {"using":"xpath","value":"//button[@data-kt=\"addNewRUOverflowToolbarButton\"]"}
RESULT: {"using":"xpath","value":"//button[@data-kt=\"addNewRUOverflowToolbarButton\"]"}
COMMAND: POST /session/652b5fe75fdd0bb6263b24ae98cbc99a/execute/sync - {"script":"<script> [8489 bytes]","args":[{"element-6066-11e4-a52e-4f735466cecf":"f.F756EF649BFACFC99A3D872C6535431B.d.19E00D549EA0C947D2A0DB85B1AA2550.e.6633","ELEMENT":"f.F756EF649BFACFC99A3D872C6535431B.d.19E00D549EA0C947D2A0DB85B1AA2550.e.6633"}]}
RESULT: {"script":"<script> [8489 bytes]","args":[{"element-6066-11e4-a52e-4f735466cecf":"f.F756EF649BFACFC99A3D872C6535431B.d.19E00D549EA0C947D2A0DB85B1AA2550.e.6633","ELEMENT":"f.F756EF649BFACFC99A3D872C6535431B.d.19E00D549EA0C947D2A0DB85B1AA2550.e.6633"}]}
COMMAND: POST /session/652b5fe75fdd0bb6263b24ae98cbc99a/element/f.F756EF649BFACFC99A3D872C6535431B.d.19E00D549EA0C947D2A0DB85B1AA2550.e.6633/click - {}
COMMAND: GET /session/652b5fe75fdd0bb6263b24ae98cbc99a/screenshot - {}
RESULT: {}
COMMAND: GET /session/652b5fe75fdd0bb6263b24ae98cbc99a/screenshot - {}
RESULT: {}
RESULT: {}
COMMAND: POST /session/652b5fe75fdd0bb6263b24ae98cbc99a/execute/async - {"script":"<script> [1562 bytes]","args":[{"selector":{"controlType":"sap.m.ComboBox","viewName":"reusables.view.manageresources.NewResourceUnit","viewId":"application-manageresources-display-component---newResourceUnit","bindingPath":{"path":"","propertyPath":"/RuTypes","modelName":"catalogModel"},"searchOpenDialogs":true},"wdio_ui5_key":"reusablesview.manageresources.NewResourceUnitsap.m.ComboBox{\"path\":\"\",\"propertyPath\":\"/RuTypes\",\"modelName\":\"catalogModel\"}"}]}
RESULT: {"script":"<script> [1562 bytes]","args":[{"selector":{"controlType":"sap.m.ComboBox","viewName":"reusables.view.manageresources.NewResourceUnit","viewId":"application-manageresources-display-component---newResourceUnit","bindingPath":{"path":"","propertyPath":"/RuTypes","modelName":"catalogModel"},"searchOpenDialogs":true},"wdio_ui5_key":"reusablesview.manageresources.NewResourceUnitsap.m.ComboBox{\"path\":\"\",\"propertyPath\":\"/RuTypes\",\"modelName\":\"catalogModel\"}"}]}
RESULT: undefined
COMMAND: POST /session/652b5fe75fdd0bb6263b24ae98cbc99a/execute/async - {"script":"<script> [1562 bytes]","args":[{"selector":{"controlType":"sap.m.ComboBox","viewName":"reusables.view.manageresources.NewResourceUnit","viewId":"application-manageresources-display-component---newResourceUnit","bindingPath":{"path":"","propertyPath":"/Yards","modelName":"catalogModel"},"searchOpenDialogs":true},"wdio_ui5_key":"reusablesview.manageresources.NewResourceUnitsap.m.ComboBox{\"path\":\"\",\"propertyPath\":\"/Yards\",\"modelName\":\"catalogModel\"}"}]}
RESULT: {"script":"<script> [1562 bytes]","args":[{"selector":{"controlType":"sap.m.ComboBox","viewName":"reusables.view.manageresources.NewResourceUnit","viewId":"application-manageresources-display-component---newResourceUnit","bindingPath":{"path":"","propertyPath":"/Yards","modelName":"catalogModel"},"searchOpenDialogs":true},"wdio_ui5_key":"reusablesview.manageresources.NewResourceUnitsap.m.ComboBox{\"path\":\"\",\"propertyPath\":\"/Yards\",\"modelName\":\"catalogModel\"}"}]}
RESULT: undefined
COMMAND: POST /session/652b5fe75fdd0bb6263b24ae98cbc99a/execute/async - {"script":"<script> [1562 bytes]","args":[{"selector":{"controlType":"etm.portal.ui.reusables.customControls.LiveSearchComboBox","viewName":"reusables.view.manageresources.NewResourceUnit","viewId":"application-manageresources-display-component---newResourceUnit","bindingPath":{"path":"","propertyPath":"/CatalogItems","modelName":"catalogModel"},"searchOpenDialogs":true},"wdio_ui5_key":"reusablesview.manageresources.NewResourceUnitetm.portal.ui.reusables.customControls.LiveSearchComboBox{\"path\":\"\",\"propertyPath\":\"/CatalogItems\",\"modelName\":\"catalogModel\"}"}]}
RESULT: {"script":"<script> [1562 bytes]","args":[{"selector":{"controlType":"etm.portal.ui.reusables.customControls.LiveSearchComboBox","viewName":"reusables.view.manageresources.NewResourceUnit","viewId":"application-manageresources-display-component---newResourceUnit","bindingPath":{"path":"","propertyPath":"/CatalogItems","modelName":"catalogModel"},"searchOpenDialogs":true},"wdio_ui5_key":"reusablesview.manageresources.NewResourceUnitetm.portal.ui.reusables.customControls.LiveSearchComboBox{\"path\":\"\",\"propertyPath\":\"/CatalogItems\",\"modelName\":\"catalogModel\"}"}]}
RESULT: undefined
COMMAND: POST /session/652b5fe75fdd0bb6263b24ae98cbc99a/element - {"using":"xpath","value":"//bdi[text()=\"OK\"]"}
RESULT: {"using":"xpath","value":"//bdi[text()=\"OK\"]"}
COMMAND: POST /session/652b5fe75fdd0bb6263b24ae98cbc99a/elements - {"using":"xpath","value":"//bdi[text()=\"OK\"]"}
RESULT: {"using":"xpath","value":"//bdi[text()=\"OK\"]"}
COMMAND: POST /session/652b5fe75fdd0bb6263b24ae98cbc99a/elements - {"using":"xpath","value":"//bdi[text()=\"OK\"]"}
RESULT: {"using":"xpath","value":"//bdi[text()=\"OK\"]"}
COMMAND: POST /session/652b5fe75fdd0bb6263b24ae98cbc99a/elements - {"using":"xpath","value":"//bdi[text()=\"OK\"]"}
RESULT: {"using":"xpath","value":"//bdi[text()=\"OK\"]"}
COMMAND: POST /session/652b5fe75fdd0bb6263b24ae98cbc99a/elements - {"using":"xpath","value":"//bdi[text()=\"OK\"]"}
RESULT: {"using":"xpath","value":"//bdi[text()=\"OK\"]"}
COMMAND: POST /session/652b5fe75fdd0bb6263b24ae98cbc99a/elements - {"using":"xpath","value":"//bdi[text()=\"OK\"]"}
RESULT: {"using":"xpath","value":"//bdi[text()=\"OK\"]"}
COMMAND: POST /session/652b5fe75fdd0bb6263b24ae98cbc99a/elements - {"using":"xpath","value":"//bdi[text()=\"OK\"]"}
RESULT: {"using":"xpath","value":"//bdi[text()=\"OK\"]"}
COMMAND: POST /session/652b5fe75fdd0bb6263b24ae98cbc99a/elements - {"using":"xpath","value":"//bdi[text()=\"OK\"]"}
RESULT: {"using":"xpath","value":"//bdi[text()=\"OK\"]"}
COMMAND: POST /session/652b5fe75fdd0bb6263b24ae98cbc99a/elements - {"using":"xpath","value":"//bdi[text()=\"OK\"]"}
RESULT: {"using":"xpath","value":"//bdi[text()=\"OK\"]"}
COMMAND: POST /session/652b5fe75fdd0bb6263b24ae98cbc99a/elements - {"using":"xpath","value":"//bdi[text()=\"OK\"]"}
RESULT: {"using":"xpath","value":"//bdi[text()=\"OK\"]"}
COMMAND: POST /session/652b5fe75fdd0bb6263b24ae98cbc99a/elements - {"using":"xpath","value":"//bdi[text()=\"OK\"]"}
RESULT: {"using":"xpath","value":"//bdi[text()=\"OK\"]"}
COMMAND: POST /session/652b5fe75fdd0bb6263b24ae98cbc99a/elements - {"using":"xpath","value":"//bdi[text()=\"OK\"]"}
RESULT: {"using":"xpath","value":"//bdi[text()=\"OK\"]"}
COMMAND: POST /session/652b5fe75fdd0bb6263b24ae98cbc99a/elements - {"using":"xpath","value":"//bdi[text()=\"OK\"]"}
RESULT: {"using":"xpath","value":"//bdi[text()=\"OK\"]"}
COMMAND: POST /session/652b5fe75fdd0bb6263b24ae98cbc99a/elements - {"using":"xpath","value":"//bdi[text()=\"OK\"]"}
RESULT: {"using":"xpath","value":"//bdi[text()=\"OK\"]"}
COMMAND: POST /session/652b5fe75fdd0bb6263b24ae98cbc99a/elements - {"using":"xpath","value":"//bdi[text()=\"OK\"]"}
RESULT: {"using":"xpath","value":"//bdi[text()=\"OK\"]"}
COMMAND: POST /session/652b5fe75fdd0bb6263b24ae98cbc99a/elements - {"using":"xpath","value":"//bdi[text()=\"OK\"]"}
RESULT: {"using":"xpath","value":"//bdi[text()=\"OK\"]"}
COMMAND: POST /session/652b5fe75fdd0bb6263b24ae98cbc99a/elements - {"using":"xpath","value":"//bdi[text()=\"OK\"]"}
RESULT: {"using":"xpath","value":"//bdi[text()=\"OK\"]"}
COMMAND: POST /session/652b5fe75fdd0bb6263b24ae98cbc99a/elements - {"using":"xpath","value":"//bdi[text()=\"OK\"]"}
RESULT: {"using":"xpath","value":"//bdi[text()=\"OK\"]"}
COMMAND: POST /session/652b5fe75fdd0bb6263b24ae98cbc99a/elements - {"using":"xpath","value":"//bdi[text()=\"OK\"]"}
RESULT: {"using":"xpath","value":"//bdi[text()=\"OK\"]"}
COMMAND: POST /session/652b5fe75fdd0bb6263b24ae98cbc99a/elements - {"using":"xpath","value":"//bdi[text()=\"OK\"]"}
RESULT: {"using":"xpath","value":"//bdi[text()=\"OK\"]"}
COMMAND: POST /session/652b5fe75fdd0bb6263b24ae98cbc99a/elements - {"using":"xpath","value":"//bdi[text()=\"OK\"]"}
RESULT: {"using":"xpath","value":"//bdi[text()=\"OK\"]"}
COMMAND: POST /session/652b5fe75fdd0bb6263b24ae98cbc99a/elements - {"using":"xpath","value":"//bdi[text()=\"OK\"]"}
RESULT: {"using":"xpath","value":"//bdi[text()=\"OK\"]"}
COMMAND: POST /session/652b5fe75fdd0bb6263b24ae98cbc99a/elements - {"using":"xpath","value":"//bdi[text()=\"OK\"]"}
RESULT: {"using":"xpath","value":"//bdi[text()=\"OK\"]"}
COMMAND: POST /session/652b5fe75fdd0bb6263b24ae98cbc99a/elements - {"using":"xpath","value":"//bdi[text()=\"OK\"]"}
RESULT: {"using":"xpath","value":"//bdi[text()=\"OK\"]"}
COMMAND: POST /session/652b5fe75fdd0bb6263b24ae98cbc99a/elements - {"using":"xpath","value":"//bdi[text()=\"OK\"]"}
RESULT: {"using":"xpath","value":"//bdi[text()=\"OK\"]"}
COMMAND: POST /session/652b5fe75fdd0bb6263b24ae98cbc99a/elements - {"using":"xpath","value":"//bdi[text()=\"OK\"]"}
RESULT: {"using":"xpath","value":"//bdi[text()=\"OK\"]"}
COMMAND: POST /session/652b5fe75fdd0bb6263b24ae98cbc99a/elements - {"using":"xpath","value":"//bdi[text()=\"OK\"]"}
RESULT: {"using":"xpath","value":"//bdi[text()=\"OK\"]"}
COMMAND: POST /session/652b5fe75fdd0bb6263b24ae98cbc99a/elements - {"using":"xpath","value":"//bdi[text()=\"OK\"]"}
RESULT: {"using":"xpath","value":"//bdi[text()=\"OK\"]"}
COMMAND: POST /session/652b5fe75fdd0bb6263b24ae98cbc99a/elements - {"using":"xpath","value":"//bdi[text()=\"OK\"]"}
RESULT: {"using":"xpath","value":"//bdi[text()=\"OK\"]"}
COMMAND: POST /session/652b5fe75fdd0bb6263b24ae98cbc99a/elements - {"using":"xpath","value":"//bdi[text()=\"OK\"]"}
RESULT: {"using":"xpath","value":"//bdi[text()=\"OK\"]"}
COMMAND: POST /session/652b5fe75fdd0bb6263b24ae98cbc99a/elements - {"using":"xpath","value":"//bdi[text()=\"OK\"]"}
RESULT: {"using":"xpath","value":"//bdi[text()=\"OK\"]"}
COMMAND: POST /session/652b5fe75fdd0bb6263b24ae98cbc99a/elements - {"using":"xpath","value":"//bdi[text()=\"OK\"]"}
RESULT: {"using":"xpath","value":"//bdi[text()=\"OK\"]"}
COMMAND: POST /session/652b5fe75fdd0bb6263b24ae98cbc99a/elements - {"using":"xpath","value":"//bdi[text()=\"OK\"]"}
RESULT: {"using":"xpath","value":"//bdi[text()=\"OK\"]"}
COMMAND: POST /session/652b5fe75fdd0bb6263b24ae98cbc99a/elements - {"using":"xpath","value":"//bdi[text()=\"OK\"]"}
RESULT: {"using":"xpath","value":"//bdi[text()=\"OK\"]"}
COMMAND: POST /session/652b5fe75fdd0bb6263b24ae98cbc99a/elements - {"using":"xpath","value":"//bdi[text()=\"OK\"]"}
RESULT: {"using":"xpath","value":"//bdi[text()=\"OK\"]"}
COMMAND: POST /session/652b5fe75fdd0bb6263b24ae98cbc99a/elements - {"using":"xpath","value":"//bdi[text()=\"OK\"]"}
RESULT: {"using":"xpath","value":"//bdi[text()=\"OK\"]"}
COMMAND: POST /session/652b5fe75fdd0bb6263b24ae98cbc99a/elements - {"using":"xpath","value":"//bdi[text()=\"OK\"]"}
RESULT: {"using":"xpath","value":"//bdi[text()=\"OK\"]"}
COMMAND: POST /session/652b5fe75fdd0bb6263b24ae98cbc99a/elements - {"using":"xpath","value":"//bdi[text()=\"OK\"]"}
RESULT: {"using":"xpath","value":"//bdi[text()=\"OK\"]"}
COMMAND: POST /session/652b5fe75fdd0bb6263b24ae98cbc99a/elements - {"using":"xpath","value":"//bdi[text()=\"OK\"]"}
RESULT: {"using":"xpath","value":"//bdi[text()=\"OK\"]"}
COMMAND: POST /session/652b5fe75fdd0bb6263b24ae98cbc99a/elements - {"using":"xpath","value":"//bdi[text()=\"OK\"]"}
RESULT: {"using":"xpath","value":"//bdi[text()=\"OK\"]"}
COMMAND: POST /session/652b5fe75fdd0bb6263b24ae98cbc99a/elements - {"using":"xpath","value":"//bdi[text()=\"OK\"]"}
RESULT: {"using":"xpath","value":"//bdi[text()=\"OK\"]"}
COMMAND: POST /session/652b5fe75fdd0bb6263b24ae98cbc99a/elements - {"using":"xpath","value":"//bdi[text()=\"OK\"]"}
RESULT: {"using":"xpath","value":"//bdi[text()=\"OK\"]"}
COMMAND: POST /session/652b5fe75fdd0bb6263b24ae98cbc99a/elements - {"using":"xpath","value":"//bdi[text()=\"OK\"]"}
RESULT: {"using":"xpath","value":"//bdi[text()=\"OK\"]"}
COMMAND: POST /session/652b5fe75fdd0bb6263b24ae98cbc99a/elements - {"using":"xpath","value":"//bdi[text()=\"OK\"]"}
RESULT: {"using":"xpath","value":"//bdi[text()=\"OK\"]"}
COMMAND: POST /session/652b5fe75fdd0bb6263b24ae98cbc99a/elements - {"using":"xpath","value":"//bdi[text()=\"OK\"]"}
RESULT: {"using":"xpath","value":"//bdi[text()=\"OK\"]"}
COMMAND: POST /session/652b5fe75fdd0bb6263b24ae98cbc99a/elements - {"using":"xpath","value":"//bdi[text()=\"OK\"]"}
RESULT: {"using":"xpath","value":"//bdi[text()=\"OK\"]"}
COMMAND: POST /session/652b5fe75fdd0bb6263b24ae98cbc99a/elements - {"using":"xpath","value":"//bdi[text()=\"OK\"]"}
RESULT: {"using":"xpath","value":"//bdi[text()=\"OK\"]"}
COMMAND: POST /session/652b5fe75fdd0bb6263b24ae98cbc99a/elements - {"using":"xpath","value":"//bdi[text()=\"OK\"]"}
RESULT: {"using":"xpath","value":"//bdi[text()=\"OK\"]"}
COMMAND: POST /session/652b5fe75fdd0bb6263b24ae98cbc99a/elements - {"using":"xpath","value":"//bdi[text()=\"OK\"]"}
RESULT: {"using":"xpath","value":"//bdi[text()=\"OK\"]"}
COMMAND: POST /session/652b5fe75fdd0bb6263b24ae98cbc99a/elements - {"using":"xpath","value":"//bdi[text()=\"OK\"]"}
RESULT: {"using":"xpath","value":"//bdi[text()=\"OK\"]"}
COMMAND: POST /session/652b5fe75fdd0bb6263b24ae98cbc99a/elements - {"using":"xpath","value":"//bdi[text()=\"OK\"]"}
RESULT: {"using":"xpath","value":"//bdi[text()=\"OK\"]"}
COMMAND: POST /session/652b5fe75fdd0bb6263b24ae98cbc99a/elements - {"using":"xpath","value":"//bdi[text()=\"OK\"]"}
RESULT: {"using":"xpath","value":"//bdi[text()=\"OK\"]"}
COMMAND: POST /session/652b5fe75fdd0bb6263b24ae98cbc99a/elements - {"using":"xpath","value":"//bdi[text()=\"OK\"]"}
RESULT: {"using":"xpath","value":"//bdi[text()=\"OK\"]"}
COMMAND: POST /session/652b5fe75fdd0bb6263b24ae98cbc99a/elements - {"using":"xpath","value":"//bdi[text()=\"OK\"]"}
RESULT: {"using":"xpath","value":"//bdi[text()=\"OK\"]"}
COMMAND: POST /session/652b5fe75fdd0bb6263b24ae98cbc99a/elements - {"using":"xpath","value":"//bdi[text()=\"OK\"]"}
RESULT: {"using":"xpath","value":"//bdi[text()=\"OK\"]"}
COMMAND: POST /session/652b5fe75fdd0bb6263b24ae98cbc99a/elements - {"using":"xpath","value":"//bdi[text()=\"OK\"]"}
RESULT: {"using":"xpath","value":"//bdi[text()=\"OK\"]"}
COMMAND: POST /session/652b5fe75fdd0bb6263b24ae98cbc99a/elements - {"using":"xpath","value":"//bdi[text()=\"OK\"]"}
RESULT: {"using":"xpath","value":"//bdi[text()=\"OK\"]"}
COMMAND: POST /session/652b5fe75fdd0bb6263b24ae98cbc99a/elements - {"using":"xpath","value":"//bdi[text()=\"OK\"]"}
RESULT: {"using":"xpath","value":"//bdi[text()=\"OK\"]"}
COMMAND: POST /session/652b5fe75fdd0bb6263b24ae98cbc99a/elements - {"using":"xpath","value":"//bdi[text()=\"OK\"]"}
RESULT: {"using":"xpath","value":"//bdi[text()=\"OK\"]"}
COMMAND: POST /session/652b5fe75fdd0bb6263b24ae98cbc99a/elements - {"using":"xpath","value":"//bdi[text()=\"OK\"]"}
RESULT: {"using":"xpath","value":"//bdi[text()=\"OK\"]"}
COMMAND: POST /session/652b5fe75fdd0bb6263b24ae98cbc99a/elements - {"using":"xpath","value":"//bdi[text()=\"OK\"]"}
RESULT: {"using":"xpath","value":"//bdi[text()=\"OK\"]"}
COMMAND: POST /session/652b5fe75fdd0bb6263b24ae98cbc99a/elements - {"using":"xpath","value":"//bdi[text()=\"OK\"]"}
RESULT: {"using":"xpath","value":"//bdi[text()=\"OK\"]"}
COMMAND: POST /session/652b5fe75fdd0bb6263b24ae98cbc99a/elements - {"using":"xpath","value":"//bdi[text()=\"OK\"]"}
RESULT: {"using":"xpath","value":"//bdi[text()=\"OK\"]"}
COMMAND: POST /session/652b5fe75fdd0bb6263b24ae98cbc99a/elements - {"using":"xpath","value":"//bdi[text()=\"OK\"]"}
RESULT: {"using":"xpath","value":"//bdi[text()=\"OK\"]"}
COMMAND: POST /session/652b5fe75fdd0bb6263b24ae98cbc99a/elements - {"using":"xpath","value":"//bdi[text()=\"OK\"]"}
RESULT: {"using":"xpath","value":"//bdi[text()=\"OK\"]"}
COMMAND: POST /session/652b5fe75fdd0bb6263b24ae98cbc99a/elements - {"using":"xpath","value":"//bdi[text()=\"OK\"]"}
RESULT: {"using":"xpath","value":"//bdi[text()=\"OK\"]"}
COMMAND: POST /session/652b5fe75fdd0bb6263b24ae98cbc99a/elements - {"using":"xpath","value":"//bdi[text()=\"OK\"]"}
RESULT: {"using":"xpath","value":"//bdi[text()=\"OK\"]"}
COMMAND: POST /session/652b5fe75fdd0bb6263b24ae98cbc99a/elements - {"using":"xpath","value":"//bdi[text()=\"OK\"]"}
RESULT: {"using":"xpath","value":"//bdi[text()=\"OK\"]"}
COMMAND: POST /session/652b5fe75fdd0bb6263b24ae98cbc99a/elements - {"using":"xpath","value":"//bdi[text()=\"OK\"]"}
RESULT: {"using":"xpath","value":"//bdi[text()=\"OK\"]"}
COMMAND: POST /session/652b5fe75fdd0bb6263b24ae98cbc99a/elements - {"using":"xpath","value":"//bdi[text()=\"OK\"]"}
RESULT: {"using":"xpath","value":"//bdi[text()=\"OK\"]"}
COMMAND: POST /session/652b5fe75fdd0bb6263b24ae98cbc99a/elements - {"using":"xpath","value":"//bdi[text()=\"OK\"]"}
RESULT: {"using":"xpath","value":"//bdi[text()=\"OK\"]"}
COMMAND: POST /session/652b5fe75fdd0bb6263b24ae98cbc99a/elements - {"using":"xpath","value":"//bdi[text()=\"OK\"]"}
RESULT: {"using":"xpath","value":"//bdi[text()=\"OK\"]"}
COMMAND: POST /session/652b5fe75fdd0bb6263b24ae98cbc99a/elements - {"using":"xpath","value":"//bdi[text()=\"OK\"]"}
RESULT: {"using":"xpath","value":"//bdi[text()=\"OK\"]"}
COMMAND: POST /session/652b5fe75fdd0bb6263b24ae98cbc99a/elements - {"using":"xpath","value":"//bdi[text()=\"OK\"]"}
RESULT: {"using":"xpath","value":"//bdi[text()=\"OK\"]"}
COMMAND: POST /session/652b5fe75fdd0bb6263b24ae98cbc99a/elements - {"using":"xpath","value":"//bdi[text()=\"OK\"]"}
RESULT: {"using":"xpath","value":"//bdi[text()=\"OK\"]"}
COMMAND: POST /session/652b5fe75fdd0bb6263b24ae98cbc99a/elements - {"using":"xpath","value":"//bdi[text()=\"OK\"]"}
RESULT: {"using":"xpath","value":"//bdi[text()=\"OK\"]"}
COMMAND: POST /session/652b5fe75fdd0bb6263b24ae98cbc99a/elements - {"using":"xpath","value":"//bdi[text()=\"OK\"]"}
RESULT: {"using":"xpath","value":"//bdi[text()=\"OK\"]"}
COMMAND: POST /session/652b5fe75fdd0bb6263b24ae98cbc99a/elements - {"using":"xpath","value":"//bdi[text()=\"OK\"]"}
RESULT: {"using":"xpath","value":"//bdi[text()=\"OK\"]"}
COMMAND: POST /session/652b5fe75fdd0bb6263b24ae98cbc99a/elements - {"using":"xpath","value":"//bdi[text()=\"OK\"]"}
RESULT: {"using":"xpath","value":"//bdi[text()=\"OK\"]"}
COMMAND: POST /session/652b5fe75fdd0bb6263b24ae98cbc99a/elements - {"using":"xpath","value":"//bdi[text()=\"OK\"]"}
RESULT: {"using":"xpath","value":"//bdi[text()=\"OK\"]"}
COMMAND: POST /session/652b5fe75fdd0bb6263b24ae98cbc99a/elements - {"using":"xpath","value":"//bdi[text()=\"OK\"]"}
RESULT: {"using":"xpath","value":"//bdi[text()=\"OK\"]"}
COMMAND: POST /session/652b5fe75fdd0bb6263b24ae98cbc99a/elements - {"using":"xpath","value":"//bdi[text()=\"OK\"]"}
RESULT: {"using":"xpath","value":"//bdi[text()=\"OK\"]"}
COMMAND: POST /session/652b5fe75fdd0bb6263b24ae98cbc99a/elements - {"using":"xpath","value":"//bdi[text()=\"OK\"]"}
RESULT: {"using":"xpath","value":"//bdi[text()=\"OK\"]"}
COMMAND: POST /session/652b5fe75fdd0bb6263b24ae98cbc99a/elements - {"using":"xpath","value":"//bdi[text()=\"OK\"]"}
RESULT: {"using":"xpath","value":"//bdi[text()=\"OK\"]"}
COMMAND: POST /session/652b5fe75fdd0bb6263b24ae98cbc99a/elements - {"using":"xpath","value":"//bdi[text()=\"OK\"]"}
RESULT: {"using":"xpath","value":"//bdi[text()=\"OK\"]"}
COMMAND: POST /session/652b5fe75fdd0bb6263b24ae98cbc99a/elements - {"using":"xpath","value":"//bdi[text()=\"OK\"]"}
RESULT: {"using":"xpath","value":"//bdi[text()=\"OK\"]"}
COMMAND: POST /session/652b5fe75fdd0bb6263b24ae98cbc99a/elements - {"using":"xpath","value":"//bdi[text()=\"OK\"]"}
RESULT: {"using":"xpath","value":"//bdi[text()=\"OK\"]"}
COMMAND: POST /session/652b5fe75fdd0bb6263b24ae98cbc99a/elements - {"using":"xpath","value":"//bdi[text()=\"OK\"]"}
RESULT: {"using":"xpath","value":"//bdi[text()=\"OK\"]"}
COMMAND: POST /session/652b5fe75fdd0bb6263b24ae98cbc99a/elements - {"using":"xpath","value":"//bdi[text()=\"OK\"]"}
RESULT: {"using":"xpath","value":"//bdi[text()=\"OK\"]"}
COMMAND: POST /session/652b5fe75fdd0bb6263b24ae98cbc99a/elements - {"using":"xpath","value":"//bdi[text()=\"OK\"]"}
RESULT: {"using":"xpath","value":"//bdi[text()=\"OK\"]"}
COMMAND: POST /session/652b5fe75fdd0bb6263b24ae98cbc99a/elements - {"using":"xpath","value":"//bdi[text()=\"OK\"]"}
RESULT: {"using":"xpath","value":"//bdi[text()=\"OK\"]"}
COMMAND: POST /session/652b5fe75fdd0bb6263b24ae98cbc99a/elements - {"using":"xpath","value":"//bdi[text()=\"OK\"]"}
RESULT: {"using":"xpath","value":"//bdi[text()=\"OK\"]"}
COMMAND: POST /session/652b5fe75fdd0bb6263b24ae98cbc99a/elements - {"using":"xpath","value":"//bdi[text()=\"OK\"]"}
RESULT: {"using":"xpath","value":"//bdi[text()=\"OK\"]"}
COMMAND: POST /session/652b5fe75fdd0bb6263b24ae98cbc99a/elements - {"using":"xpath","value":"//bdi[text()=\"OK\"]"}
RESULT: {"using":"xpath","value":"//bdi[text()=\"OK\"]"}
COMMAND: POST /session/652b5fe75fdd0bb6263b24ae98cbc99a/elements - {"using":"xpath","value":"//bdi[text()=\"OK\"]"}
RESULT: {"using":"xpath","value":"//bdi[text()=\"OK\"]"}
COMMAND: POST /session/652b5fe75fdd0bb6263b24ae98cbc99a/elements - {"using":"xpath","value":"//bdi[text()=\"OK\"]"}
RESULT: {"using":"xpath","value":"//bdi[text()=\"OK\"]"}
COMMAND: POST /session/652b5fe75fdd0bb6263b24ae98cbc99a/elements - {"using":"xpath","value":"//bdi[text()=\"OK\"]"}
RESULT: {"using":"xpath","value":"//bdi[text()=\"OK\"]"}
COMMAND: POST /session/652b5fe75fdd0bb6263b24ae98cbc99a/elements - {"using":"xpath","value":"//bdi[text()=\"OK\"]"}
RESULT: {"using":"xpath","value":"//bdi[text()=\"OK\"]"}
COMMAND: POST /session/652b5fe75fdd0bb6263b24ae98cbc99a/elements - {"using":"xpath","value":"//bdi[text()=\"OK\"]"}
RESULT: {"using":"xpath","value":"//bdi[text()=\"OK\"]"}
COMMAND: POST /session/652b5fe75fdd0bb6263b24ae98cbc99a/elements - {"using":"xpath","value":"//bdi[text()=\"OK\"]"}
RESULT: {"using":"xpath","value":"//bdi[text()=\"OK\"]"}
COMMAND: POST /session/652b5fe75fdd0bb6263b24ae98cbc99a/elements - {"using":"xpath","value":"//bdi[text()=\"OK\"]"}
RESULT: {"using":"xpath","value":"//bdi[text()=\"OK\"]"}
COMMAND: POST /session/652b5fe75fdd0bb6263b24ae98cbc99a/elements - {"using":"xpath","value":"//bdi[text()=\"OK\"]"}
RESULT: {"using":"xpath","value":"//bdi[text()=\"OK\"]"}
COMMAND: POST /session/652b5fe75fdd0bb6263b24ae98cbc99a/elements - {"using":"xpath","value":"//bdi[text()=\"OK\"]"}
RESULT: {"using":"xpath","value":"//bdi[text()=\"OK\"]"}
COMMAND: POST /session/652b5fe75fdd0bb6263b24ae98cbc99a/elements - {"using":"xpath","value":"//bdi[text()=\"OK\"]"}
RESULT: {"using":"xpath","value":"//bdi[text()=\"OK\"]"}
COMMAND: POST /session/652b5fe75fdd0bb6263b24ae98cbc99a/elements - {"using":"xpath","value":"//bdi[text()=\"OK\"]"}
RESULT: {"using":"xpath","value":"//bdi[text()=\"OK\"]"}
COMMAND: POST /session/652b5fe75fdd0bb6263b24ae98cbc99a/elements - {"using":"xpath","value":"//bdi[text()=\"OK\"]"}
RESULT: {"using":"xpath","value":"//bdi[text()=\"OK\"]"}
COMMAND: POST /session/652b5fe75fdd0bb6263b24ae98cbc99a/elements - {"using":"xpath","value":"//bdi[text()=\"OK\"]"}
RESULT: {"using":"xpath","value":"//bdi[text()=\"OK\"]"}
COMMAND: POST /session/652b5fe75fdd0bb6263b24ae98cbc99a/elements - {"using":"xpath","value":"//bdi[text()=\"OK\"]"}
RESULT: {"using":"xpath","value":"//bdi[text()=\"OK\"]"}
COMMAND: POST /session/652b5fe75fdd0bb6263b24ae98cbc99a/elements - {"using":"xpath","value":"//bdi[text()=\"OK\"]"}
RESULT: {"using":"xpath","value":"//bdi[text()=\"OK\"]"}
COMMAND: POST /session/652b5fe75fdd0bb6263b24ae98cbc99a/elements - {"using":"xpath","value":"//bdi[text()=\"OK\"]"}
RESULT: {"using":"xpath","value":"//bdi[text()=\"OK\"]"}
COMMAND: POST /session/652b5fe75fdd0bb6263b24ae98cbc99a/elements - {"using":"xpath","value":"//bdi[text()=\"OK\"]"}
RESULT: {"using":"xpath","value":"//bdi[text()=\"OK\"]"}
COMMAND: POST /session/652b5fe75fdd0bb6263b24ae98cbc99a/elements - {"using":"xpath","value":"//bdi[text()=\"OK\"]"}
RESULT: {"using":"xpath","value":"//bdi[text()=\"OK\"]"}
COMMAND: POST /session/652b5fe75fdd0bb6263b24ae98cbc99a/elements - {"using":"xpath","value":"//bdi[text()=\"OK\"]"}
RESULT: {"using":"xpath","value":"//bdi[text()=\"OK\"]"}
COMMAND: POST /session/652b5fe75fdd0bb6263b24ae98cbc99a/elements - {"using":"xpath","value":"//bdi[text()=\"OK\"]"}
RESULT: {"using":"xpath","value":"//bdi[text()=\"OK\"]"}
COMMAND: POST /session/652b5fe75fdd0bb6263b24ae98cbc99a/elements - {"using":"xpath","value":"//bdi[text()=\"OK\"]"}
RESULT: {"using":"xpath","value":"//bdi[text()=\"OK\"]"}
COMMAND: POST /session/652b5fe75fdd0bb6263b24ae98cbc99a/elements - {"using":"xpath","value":"//bdi[text()=\"OK\"]"}
RESULT: {"using":"xpath","value":"//bdi[text()=\"OK\"]"}
COMMAND: POST /session/652b5fe75fdd0bb6263b24ae98cbc99a/elements - {"using":"xpath","value":"//bdi[text()=\"OK\"]"}
RESULT: {"using":"xpath","value":"//bdi[text()=\"OK\"]"}
COMMAND: POST /session/652b5fe75fdd0bb6263b24ae98cbc99a/elements - {"using":"xpath","value":"//bdi[text()=\"OK\"]"}
RESULT: {"using":"xpath","value":"//bdi[text()=\"OK\"]"}
COMMAND: POST /session/652b5fe75fdd0bb6263b24ae98cbc99a/elements - {"using":"xpath","value":"//bdi[text()=\"OK\"]"}
RESULT: {"using":"xpath","value":"//bdi[text()=\"OK\"]"}
COMMAND: POST /session/652b5fe75fdd0bb6263b24ae98cbc99a/elements - {"using":"xpath","value":"//bdi[text()=\"OK\"]"}
RESULT: {"using":"xpath","value":"//bdi[text()=\"OK\"]"}
COMMAND: POST /session/652b5fe75fdd0bb6263b24ae98cbc99a/elements - {"using":"xpath","value":"//bdi[text()=\"OK\"]"}
RESULT: {"using":"xpath","value":"//bdi[text()=\"OK\"]"}
COMMAND: POST /session/652b5fe75fdd0bb6263b24ae98cbc99a/elements - {"using":"xpath","value":"//bdi[text()=\"OK\"]"}
COMMAND: POST /session/652b5fe75fdd0bb6263b24ae98cbc99a/element - {"using":"xpath","value":"//bdi[text()=\"OK\"]"}
RESULT: {"using":"xpath","value":"//bdi[text()=\"OK\"]"}
RESULT: {"using":"xpath","value":"//bdi[text()=\"OK\"]"}
COMMAND: POST /session/652b5fe75fdd0bb6263b24ae98cbc99a/elements - {"using":"xpath","value":"//bdi[text()=\"OK\"]"}
RESULT: {"using":"xpath","value":"//bdi[text()=\"OK\"]"}
COMMAND: POST /session/652b5fe75fdd0bb6263b24ae98cbc99a/elements - {"using":"xpath","value":"//bdi[text()=\"OK\"]"}
RESULT: {"using":"xpath","value":"//bdi[text()=\"OK\"]"}
COMMAND: POST /session/652b5fe75fdd0bb6263b24ae98cbc99a/elements - {"using":"xpath","value":"//bdi[text()=\"OK\"]"}
RESULT: {"using":"xpath","value":"//bdi[text()=\"OK\"]"}
COMMAND: POST /session/652b5fe75fdd0bb6263b24ae98cbc99a/elements - {"using":"xpath","value":"//bdi[text()=\"OK\"]"}
RESULT: {"using":"xpath","value":"//bdi[text()=\"OK\"]"}
COMMAND: POST /session/652b5fe75fdd0bb6263b24ae98cbc99a/elements - {"using":"xpath","value":"//bdi[text()=\"OK\"]"}
RESULT: {"using":"xpath","value":"//bdi[text()=\"OK\"]"}
COMMAND: POST /session/652b5fe75fdd0bb6263b24ae98cbc99a/elements - {"using":"xpath","value":"//bdi[text()=\"OK\"]"}
RESULT: {"using":"xpath","value":"//bdi[text()=\"OK\"]"}
COMMAND: POST /session/652b5fe75fdd0bb6263b24ae98cbc99a/elements - {"using":"xpath","value":"//bdi[text()=\"OK\"]"}
RESULT: {"using":"xpath","value":"//bdi[text()=\"OK\"]"}
COMMAND: POST /session/652b5fe75fdd0bb6263b24ae98cbc99a/elements - {"using":"xpath","value":"//bdi[text()=\"OK\"]"}
RESULT: {"using":"xpath","value":"//bdi[text()=\"OK\"]"}
COMMAND: POST /session/652b5fe75fdd0bb6263b24ae98cbc99a/elements - {"using":"xpath","value":"//bdi[text()=\"OK\"]"}
RESULT: {"using":"xpath","value":"//bdi[text()=\"OK\"]"}
COMMAND: POST /session/652b5fe75fdd0bb6263b24ae98cbc99a/elements - {"using":"xpath","value":"//bdi[text()=\"OK\"]"}
RESULT: {"using":"xpath","value":"//bdi[text()=\"OK\"]"}
COMMAND: POST /session/652b5fe75fdd0bb6263b24ae98cbc99a/elements - {"using":"xpath","value":"//bdi[text()=\"OK\"]"}
RESULT: {"using":"xpath","value":"//bdi[text()=\"OK\"]"}
COMMAND: POST /session/652b5fe75fdd0bb6263b24ae98cbc99a/elements - {"using":"xpath","value":"//bdi[text()=\"OK\"]"}
RESULT: {"using":"xpath","value":"//bdi[text()=\"OK\"]"}
COMMAND: POST /session/652b5fe75fdd0bb6263b24ae98cbc99a/elements - {"using":"xpath","value":"//bdi[text()=\"OK\"]"}
RESULT: {"using":"xpath","value":"//bdi[text()=\"OK\"]"}
COMMAND: POST /session/652b5fe75fdd0bb6263b24ae98cbc99a/elements - {"using":"xpath","value":"//bdi[text()=\"OK\"]"}
RESULT: {"using":"xpath","value":"//bdi[text()=\"OK\"]"}
COMMAND: POST /session/652b5fe75fdd0bb6263b24ae98cbc99a/elements - {"using":"xpath","value":"//bdi[text()=\"OK\"]"}
RESULT: {"using":"xpath","value":"//bdi[text()=\"OK\"]"}
COMMAND: POST /session/652b5fe75fdd0bb6263b24ae98cbc99a/elements - {"using":"xpath","value":"//bdi[text()=\"OK\"]"}
RESULT: {"using":"xpath","value":"//bdi[text()=\"OK\"]"}
COMMAND: POST /session/652b5fe75fdd0bb6263b24ae98cbc99a/elements - {"using":"xpath","value":"//bdi[text()=\"OK\"]"}
RESULT: {"using":"xpath","value":"//bdi[text()=\"OK\"]"}
COMMAND: POST /session/652b5fe75fdd0bb6263b24ae98cbc99a/elements - {"using":"xpath","value":"//bdi[text()=\"OK\"]"}
RESULT: {"using":"xpath","value":"//bdi[text()=\"OK\"]"}
COMMAND: POST /session/652b5fe75fdd0bb6263b24ae98cbc99a/elements - {"using":"xpath","value":"//bdi[text()=\"OK\"]"}
RESULT: {"using":"xpath","value":"//bdi[text()=\"OK\"]"}
COMMAND: POST /session/652b5fe75fdd0bb6263b24ae98cbc99a/elements - {"using":"xpath","value":"//bdi[text()=\"OK\"]"}
RESULT: {"using":"xpath","value":"//bdi[text()=\"OK\"]"}
COMMAND: POST /session/652b5fe75fdd0bb6263b24ae98cbc99a/elements - {"using":"xpath","value":"//bdi[text()=\"OK\"]"}
RESULT: {"using":"xpath","value":"//bdi[text()=\"OK\"]"}
COMMAND: POST /session/652b5fe75fdd0bb6263b24ae98cbc99a/elements - {"using":"xpath","value":"//bdi[text()=\"OK\"]"}
RESULT: {"using":"xpath","value":"//bdi[text()=\"OK\"]"}
COMMAND: POST /session/652b5fe75fdd0bb6263b24ae98cbc99a/elements - {"using":"xpath","value":"//bdi[text()=\"OK\"]"}
RESULT: {"using":"xpath","value":"//bdi[text()=\"OK\"]"}
COMMAND: POST /session/652b5fe75fdd0bb6263b24ae98cbc99a/elements - {"using":"xpath","value":"//bdi[text()=\"OK\"]"}
RESULT: {"using":"xpath","value":"//bdi[text()=\"OK\"]"}
COMMAND: POST /session/652b5fe75fdd0bb6263b24ae98cbc99a/elements - {"using":"xpath","value":"//bdi[text()=\"OK\"]"}
RESULT: {"using":"xpath","value":"//bdi[text()=\"OK\"]"}
COMMAND: POST /session/652b5fe75fdd0bb6263b24ae98cbc99a/elements - {"using":"xpath","value":"//bdi[text()=\"OK\"]"}
RESULT: {"using":"xpath","value":"//bdi[text()=\"OK\"]"}
COMMAND: POST /session/652b5fe75fdd0bb6263b24ae98cbc99a/elements - {"using":"xpath","value":"//bdi[text()=\"OK\"]"}
RESULT: {"using":"xpath","value":"//bdi[text()=\"OK\"]"}
COMMAND: POST /session/652b5fe75fdd0bb6263b24ae98cbc99a/elements - {"using":"xpath","value":"//bdi[text()=\"OK\"]"}
RESULT: {"using":"xpath","value":"//bdi[text()=\"OK\"]"}
COMMAND: POST /session/652b5fe75fdd0bb6263b24ae98cbc99a/elements - {"using":"xpath","value":"//bdi[text()=\"OK\"]"}
RESULT: {"using":"xpath","value":"//bdi[text()=\"OK\"]"}
COMMAND: POST /session/652b5fe75fdd0bb6263b24ae98cbc99a/elements - {"using":"xpath","value":"//bdi[text()=\"OK\"]"}
RESULT: {"using":"xpath","value":"//bdi[text()=\"OK\"]"}
COMMAND: POST /session/652b5fe75fdd0bb6263b24ae98cbc99a/elements - {"using":"xpath","value":"//bdi[text()=\"OK\"]"}
RESULT: {"using":"xpath","value":"//bdi[text()=\"OK\"]"}
COMMAND: POST /session/652b5fe75fdd0bb6263b24ae98cbc99a/elements - {"using":"xpath","value":"//bdi[text()=\"OK\"]"}
RESULT: {"using":"xpath","value":"//bdi[text()=\"OK\"]"}
COMMAND: POST /session/652b5fe75fdd0bb6263b24ae98cbc99a/elements - {"using":"xpath","value":"//bdi[text()=\"OK\"]"}
RESULT: {"using":"xpath","value":"//bdi[text()=\"OK\"]"}
COMMAND: POST /session/652b5fe75fdd0bb6263b24ae98cbc99a/elements - {"using":"xpath","value":"//bdi[text()=\"OK\"]"}
RESULT: {"using":"xpath","value":"//bdi[text()=\"OK\"]"}
COMMAND: POST /session/652b5fe75fdd0bb6263b24ae98cbc99a/elements - {"using":"xpath","value":"//bdi[text()=\"OK\"]"}
RESULT: {"using":"xpath","value":"//bdi[text()=\"OK\"]"}
COMMAND: POST /session/652b5fe75fdd0bb6263b24ae98cbc99a/elements - {"using":"xpath","value":"//bdi[text()=\"OK\"]"}
RESULT: {"using":"xpath","value":"//bdi[text()=\"OK\"]"}
COMMAND: POST /session/652b5fe75fdd0bb6263b24ae98cbc99a/elements - {"using":"xpath","value":"//bdi[text()=\"OK\"]"}
RESULT: {"using":"xpath","value":"//bdi[text()=\"OK\"]"}
COMMAND: POST /session/652b5fe75fdd0bb6263b24ae98cbc99a/elements - {"using":"xpath","value":"//bdi[text()=\"OK\"]"}
RESULT: {"using":"xpath","value":"//bdi[text()=\"OK\"]"}
COMMAND: POST /session/652b5fe75fdd0bb6263b24ae98cbc99a/elements - {"using":"xpath","value":"//bdi[text()=\"OK\"]"}
RESULT: {"using":"xpath","value":"//bdi[text()=\"OK\"]"}
COMMAND: POST /session/652b5fe75fdd0bb6263b24ae98cbc99a/elements - {"using":"xpath","value":"//bdi[text()=\"OK\"]"}
RESULT: {"using":"xpath","value":"//bdi[text()=\"OK\"]"}
COMMAND: POST /session/652b5fe75fdd0bb6263b24ae98cbc99a/elements - {"using":"xpath","value":"//bdi[text()=\"OK\"]"}
RESULT: {"using":"xpath","value":"//bdi[text()=\"OK\"]"}
COMMAND: POST /session/652b5fe75fdd0bb6263b24ae98cbc99a/elements - {"using":"xpath","value":"//bdi[text()=\"OK\"]"}
RESULT: {"using":"xpath","value":"//bdi[text()=\"OK\"]"}
COMMAND: POST /session/652b5fe75fdd0bb6263b24ae98cbc99a/elements - {"using":"xpath","value":"//bdi[text()=\"OK\"]"}
RESULT: {"using":"xpath","value":"//bdi[text()=\"OK\"]"}
COMMAND: POST /session/652b5fe75fdd0bb6263b24ae98cbc99a/elements - {"using":"xpath","value":"//bdi[text()=\"OK\"]"}
RESULT: {"using":"xpath","value":"//bdi[text()=\"OK\"]"}
COMMAND: POST /session/652b5fe75fdd0bb6263b24ae98cbc99a/elements - {"using":"xpath","value":"//bdi[text()=\"OK\"]"}
RESULT: {"using":"xpath","value":"//bdi[text()=\"OK\"]"}
COMMAND: POST /session/652b5fe75fdd0bb6263b24ae98cbc99a/elements - {"using":"xpath","value":"//bdi[text()=\"OK\"]"}
RESULT: {"using":"xpath","value":"//bdi[text()=\"OK\"]"}
COMMAND: POST /session/652b5fe75fdd0bb6263b24ae98cbc99a/elements - {"using":"xpath","value":"//bdi[text()=\"OK\"]"}
RESULT: {"using":"xpath","value":"//bdi[text()=\"OK\"]"}
COMMAND: POST /session/652b5fe75fdd0bb6263b24ae98cbc99a/elements - {"using":"xpath","value":"//bdi[text()=\"OK\"]"}
RESULT: {"using":"xpath","value":"//bdi[text()=\"OK\"]"}
COMMAND: POST /session/652b5fe75fdd0bb6263b24ae98cbc99a/elements - {"using":"xpath","value":"//bdi[text()=\"OK\"]"}
RESULT: {"using":"xpath","value":"//bdi[text()=\"OK\"]"}
COMMAND: POST /session/652b5fe75fdd0bb6263b24ae98cbc99a/elements - {"using":"xpath","value":"//bdi[text()=\"OK\"]"}
RESULT: {"using":"xpath","value":"//bdi[text()=\"OK\"]"}
COMMAND: POST /session/652b5fe75fdd0bb6263b24ae98cbc99a/elements - {"using":"xpath","value":"//bdi[text()=\"OK\"]"}
RESULT: {"using":"xpath","value":"//bdi[text()=\"OK\"]"}
COMMAND: POST /session/652b5fe75fdd0bb6263b24ae98cbc99a/elements - {"using":"xpath","value":"//bdi[text()=\"OK\"]"}
RESULT: {"using":"xpath","value":"//bdi[text()=\"OK\"]"}
COMMAND: POST /session/652b5fe75fdd0bb6263b24ae98cbc99a/elements - {"using":"xpath","value":"//bdi[text()=\"OK\"]"}
RESULT: {"using":"xpath","value":"//bdi[text()=\"OK\"]"}
COMMAND: POST /session/652b5fe75fdd0bb6263b24ae98cbc99a/elements - {"using":"xpath","value":"//bdi[text()=\"OK\"]"}
RESULT: {"using":"xpath","value":"//bdi[text()=\"OK\"]"}
COMMAND: POST /session/652b5fe75fdd0bb6263b24ae98cbc99a/elements - {"using":"xpath","value":"//bdi[text()=\"OK\"]"}
RESULT: {"using":"xpath","value":"//bdi[text()=\"OK\"]"}
COMMAND: POST /session/652b5fe75fdd0bb6263b24ae98cbc99a/elements - {"using":"xpath","value":"//bdi[text()=\"OK\"]"}
RESULT: {"using":"xpath","value":"//bdi[text()=\"OK\"]"}
COMMAND: POST /session/652b5fe75fdd0bb6263b24ae98cbc99a/elements - {"using":"xpath","value":"//bdi[text()=\"OK\"]"}
RESULT: {"using":"xpath","value":"//bdi[text()=\"OK\"]"}
COMMAND: POST /session/652b5fe75fdd0bb6263b24ae98cbc99a/elements - {"using":"xpath","value":"//bdi[text()=\"OK\"]"}
RESULT: {"using":"xpath","value":"//bdi[text()=\"OK\"]"}
COMMAND: POST /session/652b5fe75fdd0bb6263b24ae98cbc99a/elements - {"using":"xpath","value":"//bdi[text()=\"OK\"]"}
RESULT: {"using":"xpath","value":"//bdi[text()=\"OK\"]"}
COMMAND: POST /session/652b5fe75fdd0bb6263b24ae98cbc99a/elements - {"using":"xpath","value":"//bdi[text()=\"OK\"]"}
RESULT: {"using":"xpath","value":"//bdi[text()=\"OK\"]"}
COMMAND: POST /session/652b5fe75fdd0bb6263b24ae98cbc99a/elements - {"using":"xpath","value":"//bdi[text()=\"OK\"]"}
RESULT: {"using":"xpath","value":"//bdi[text()=\"OK\"]"}
COMMAND: POST /session/652b5fe75fdd0bb6263b24ae98cbc99a/elements - {"using":"xpath","value":"//bdi[text()=\"OK\"]"}
RESULT: {"using":"xpath","value":"//bdi[text()=\"OK\"]"}
COMMAND: POST /session/652b5fe75fdd0bb6263b24ae98cbc99a/elements - {"using":"xpath","value":"//bdi[text()=\"OK\"]"}
RESULT: {"using":"xpath","value":"//bdi[text()=\"OK\"]"}
COMMAND: POST /session/652b5fe75fdd0bb6263b24ae98cbc99a/elements - {"using":"xpath","value":"//bdi[text()=\"OK\"]"}
RESULT: {"using":"xpath","value":"//bdi[text()=\"OK\"]"}
COMMAND: POST /session/652b5fe75fdd0bb6263b24ae98cbc99a/elements - {"using":"xpath","value":"//bdi[text()=\"OK\"]"}
RESULT: {"using":"xpath","value":"//bdi[text()=\"OK\"]"}
COMMAND: POST /session/652b5fe75fdd0bb6263b24ae98cbc99a/elements - {"using":"xpath","value":"//bdi[text()=\"OK\"]"}
RESULT: {"using":"xpath","value":"//bdi[text()=\"OK\"]"}
COMMAND: POST /session/652b5fe75fdd0bb6263b24ae98cbc99a/elements - {"using":"xpath","value":"//bdi[text()=\"OK\"]"}
RESULT: {"using":"xpath","value":"//bdi[text()=\"OK\"]"}
COMMAND: POST /session/652b5fe75fdd0bb6263b24ae98cbc99a/elements - {"using":"xpath","value":"//bdi[text()=\"OK\"]"}
RESULT: {"using":"xpath","value":"//bdi[text()=\"OK\"]"}
COMMAND: POST /session/652b5fe75fdd0bb6263b24ae98cbc99a/elements - {"using":"xpath","value":"//bdi[text()=\"OK\"]"}
RESULT: {"using":"xpath","value":"//bdi[text()=\"OK\"]"}
COMMAND: POST /session/652b5fe75fdd0bb6263b24ae98cbc99a/elements - {"using":"xpath","value":"//bdi[text()=\"OK\"]"}
RESULT: {"using":"xpath","value":"//bdi[text()=\"OK\"]"}
COMMAND: POST /session/652b5fe75fdd0bb6263b24ae98cbc99a/elements - {"using":"xpath","value":"//bdi[text()=\"OK\"]"}
RESULT: {"using":"xpath","value":"//bdi[text()=\"OK\"]"}
COMMAND: POST /session/652b5fe75fdd0bb6263b24ae98cbc99a/elements - {"using":"xpath","value":"//bdi[text()=\"OK\"]"}
RESULT: {"using":"xpath","value":"//bdi[text()=\"OK\"]"}
COMMAND: POST /session/652b5fe75fdd0bb6263b24ae98cbc99a/elements - {"using":"xpath","value":"//bdi[text()=\"OK\"]"}
RESULT: {"using":"xpath","value":"//bdi[text()=\"OK\"]"}
COMMAND: POST /session/652b5fe75fdd0bb6263b24ae98cbc99a/elements - {"using":"xpath","value":"//bdi[text()=\"OK\"]"}
RESULT: {"using":"xpath","value":"//bdi[text()=\"OK\"]"}
COMMAND: POST /session/652b5fe75fdd0bb6263b24ae98cbc99a/elements - {"using":"xpath","value":"//bdi[text()=\"OK\"]"}
RESULT: {"using":"xpath","value":"//bdi[text()=\"OK\"]"}
COMMAND: POST /session/652b5fe75fdd0bb6263b24ae98cbc99a/elements - {"using":"xpath","value":"//bdi[text()=\"OK\"]"}
RESULT: {"using":"xpath","value":"//bdi[text()=\"OK\"]"}
COMMAND: POST /session/652b5fe75fdd0bb6263b24ae98cbc99a/elements - {"using":"xpath","value":"//bdi[text()=\"OK\"]"}
RESULT: {"using":"xpath","value":"//bdi[text()=\"OK\"]"}
COMMAND: POST /session/652b5fe75fdd0bb6263b24ae98cbc99a/elements - {"using":"xpath","value":"//bdi[text()=\"OK\"]"}
RESULT: {"using":"xpath","value":"//bdi[text()=\"OK\"]"}
COMMAND: POST /session/652b5fe75fdd0bb6263b24ae98cbc99a/elements - {"using":"xpath","value":"//bdi[text()=\"OK\"]"}
RESULT: {"using":"xpath","value":"//bdi[text()=\"OK\"]"}
COMMAND: POST /session/652b5fe75fdd0bb6263b24ae98cbc99a/elements - {"using":"xpath","value":"//bdi[text()=\"OK\"]"}
RESULT: {"using":"xpath","value":"//bdi[text()=\"OK\"]"}
COMMAND: POST /session/652b5fe75fdd0bb6263b24ae98cbc99a/elements - {"using":"xpath","value":"//bdi[text()=\"OK\"]"}
RESULT: {"using":"xpath","value":"//bdi[text()=\"OK\"]"}
COMMAND: POST /session/652b5fe75fdd0bb6263b24ae98cbc99a/elements - {"using":"xpath","value":"//bdi[text()=\"OK\"]"}
RESULT: {"using":"xpath","value":"//bdi[text()=\"OK\"]"}
COMMAND: POST /session/652b5fe75fdd0bb6263b24ae98cbc99a/elements - {"using":"xpath","value":"//bdi[text()=\"OK\"]"}
RESULT: {"using":"xpath","value":"//bdi[text()=\"OK\"]"}
COMMAND: POST /session/652b5fe75fdd0bb6263b24ae98cbc99a/elements - {"using":"xpath","value":"//bdi[text()=\"OK\"]"}
RESULT: {"using":"xpath","value":"//bdi[text()=\"OK\"]"}
COMMAND: POST /session/652b5fe75fdd0bb6263b24ae98cbc99a/elements - {"using":"xpath","value":"//bdi[text()=\"OK\"]"}
RESULT: {"using":"xpath","value":"//bdi[text()=\"OK\"]"}
COMMAND: POST /session/652b5fe75fdd0bb6263b24ae98cbc99a/elements - {"using":"xpath","value":"//bdi[text()=\"OK\"]"}
RESULT: {"using":"xpath","value":"//bdi[text()=\"OK\"]"}
COMMAND: POST /session/652b5fe75fdd0bb6263b24ae98cbc99a/elements - {"using":"xpath","value":"//bdi[text()=\"OK\"]"}
RESULT: {"using":"xpath","value":"//bdi[text()=\"OK\"]"}
COMMAND: POST /session/652b5fe75fdd0bb6263b24ae98cbc99a/elements - {"using":"xpath","value":"//bdi[text()=\"OK\"]"}
RESULT: {"using":"xpath","value":"//bdi[text()=\"OK\"]"}
COMMAND: POST /session/652b5fe75fdd0bb6263b24ae98cbc99a/elements - {"using":"xpath","value":"//bdi[text()=\"OK\"]"}
RESULT: {"using":"xpath","value":"//bdi[text()=\"OK\"]"}
COMMAND: POST /session/652b5fe75fdd0bb6263b24ae98cbc99a/elements - {"using":"xpath","value":"//bdi[text()=\"OK\"]"}
RESULT: {"using":"xpath","value":"//bdi[text()=\"OK\"]"}
COMMAND: POST /session/652b5fe75fdd0bb6263b24ae98cbc99a/elements - {"using":"xpath","value":"//bdi[text()=\"OK\"]"}
RESULT: {"using":"xpath","value":"//bdi[text()=\"OK\"]"}
COMMAND: POST /session/652b5fe75fdd0bb6263b24ae98cbc99a/elements - {"using":"xpath","value":"//bdi[text()=\"OK\"]"}
RESULT: {"using":"xpath","value":"//bdi[text()=\"OK\"]"}
COMMAND: POST /session/652b5fe75fdd0bb6263b24ae98cbc99a/elements - {"using":"xpath","value":"//bdi[text()=\"OK\"]"}
RESULT: {"using":"xpath","value":"//bdi[text()=\"OK\"]"}
COMMAND: POST /session/652b5fe75fdd0bb6263b24ae98cbc99a/elements - {"using":"xpath","value":"//bdi[text()=\"OK\"]"}
RESULT: {"using":"xpath","value":"//bdi[text()=\"OK\"]"}
COMMAND: POST /session/652b5fe75fdd0bb6263b24ae98cbc99a/elements - {"using":"xpath","value":"//bdi[text()=\"OK\"]"}
RESULT: {"using":"xpath","value":"//bdi[text()=\"OK\"]"}
COMMAND: POST /session/652b5fe75fdd0bb6263b24ae98cbc99a/elements - {"using":"xpath","value":"//bdi[text()=\"OK\"]"}
RESULT: {"using":"xpath","value":"//bdi[text()=\"OK\"]"}
COMMAND: POST /session/652b5fe75fdd0bb6263b24ae98cbc99a/elements - {"using":"xpath","value":"//bdi[text()=\"OK\"]"}
RESULT: {"using":"xpath","value":"//bdi[text()=\"OK\"]"}
COMMAND: POST /session/652b5fe75fdd0bb6263b24ae98cbc99a/elements - {"using":"xpath","value":"//bdi[text()=\"OK\"]"}
RESULT: {"using":"xpath","value":"//bdi[text()=\"OK\"]"}
COMMAND: POST /session/652b5fe75fdd0bb6263b24ae98cbc99a/elements - {"using":"xpath","value":"//bdi[text()=\"OK\"]"}
RESULT: {"using":"xpath","value":"//bdi[text()=\"OK\"]"}
COMMAND: POST /session/652b5fe75fdd0bb6263b24ae98cbc99a/elements - {"using":"xpath","value":"//bdi[text()=\"OK\"]"}
RESULT: {"using":"xpath","value":"//bdi[text()=\"OK\"]"}
COMMAND: POST /session/652b5fe75fdd0bb6263b24ae98cbc99a/elements - {"using":"xpath","value":"//bdi[text()=\"OK\"]"}
RESULT: {"using":"xpath","value":"//bdi[text()=\"OK\"]"}
COMMAND: POST /session/652b5fe75fdd0bb6263b24ae98cbc99a/elements - {"using":"xpath","value":"//bdi[text()=\"OK\"]"}
RESULT: {"using":"xpath","value":"//bdi[text()=\"OK\"]"}
COMMAND: POST /session/652b5fe75fdd0bb6263b24ae98cbc99a/elements - {"using":"xpath","value":"//bdi[text()=\"OK\"]"}
RESULT: {"using":"xpath","value":"//bdi[text()=\"OK\"]"}
COMMAND: POST /session/652b5fe75fdd0bb6263b24ae98cbc99a/elements - {"using":"xpath","value":"//bdi[text()=\"OK\"]"}
RESULT: {"using":"xpath","value":"//bdi[text()=\"OK\"]"}
COMMAND: POST /session/652b5fe75fdd0bb6263b24ae98cbc99a/elements - {"using":"xpath","value":"//bdi[text()=\"OK\"]"}
RESULT: {"using":"xpath","value":"//bdi[text()=\"OK\"]"}
COMMAND: POST /session/652b5fe75fdd0bb6263b24ae98cbc99a/elements - {"using":"xpath","value":"//bdi[text()=\"OK\"]"}
RESULT: {"using":"xpath","value":"//bdi[text()=\"OK\"]"}
COMMAND: POST /session/652b5fe75fdd0bb6263b24ae98cbc99a/elements - {"using":"xpath","value":"//bdi[text()=\"OK\"]"}
RESULT: {"using":"xpath","value":"//bdi[text()=\"OK\"]"}
COMMAND: POST /session/652b5fe75fdd0bb6263b24ae98cbc99a/elements - {"using":"xpath","value":"//bdi[text()=\"OK\"]"}
RESULT: {"using":"xpath","value":"//bdi[text()=\"OK\"]"}
COMMAND: POST /session/652b5fe75fdd0bb6263b24ae98cbc99a/elements - {"using":"xpath","value":"//bdi[text()=\"OK\"]"}
RESULT: {"using":"xpath","value":"//bdi[text()=\"OK\"]"}
COMMAND: POST /session/652b5fe75fdd0bb6263b24ae98cbc99a/elements - {"using":"xpath","value":"//bdi[text()=\"OK\"]"}
RESULT: {"using":"xpath","value":"//bdi[text()=\"OK\"]"}
COMMAND: POST /session/652b5fe75fdd0bb6263b24ae98cbc99a/elements - {"using":"xpath","value":"//bdi[text()=\"OK\"]"}
RESULT: {"using":"xpath","value":"//bdi[text()=\"OK\"]"}
COMMAND: POST /session/652b5fe75fdd0bb6263b24ae98cbc99a/elements - {"using":"xpath","value":"//bdi[text()=\"OK\"]"}
RESULT: {"using":"xpath","value":"//bdi[text()=\"OK\"]"}
COMMAND: POST /session/652b5fe75fdd0bb6263b24ae98cbc99a/elements - {"using":"xpath","value":"//bdi[text()=\"OK\"]"}
RESULT: {"using":"xpath","value":"//bdi[text()=\"OK\"]"}
COMMAND: POST /session/652b5fe75fdd0bb6263b24ae98cbc99a/elements - {"using":"xpath","value":"//bdi[text()=\"OK\"]"}
RESULT: {"using":"xpath","value":"//bdi[text()=\"OK\"]"}
COMMAND: POST /session/652b5fe75fdd0bb6263b24ae98cbc99a/elements - {"using":"xpath","value":"//bdi[text()=\"OK\"]"}
RESULT: {"using":"xpath","value":"//bdi[text()=\"OK\"]"}
COMMAND: POST /session/652b5fe75fdd0bb6263b24ae98cbc99a/elements - {"using":"xpath","value":"//bdi[text()=\"OK\"]"}
RESULT: {"using":"xpath","value":"//bdi[text()=\"OK\"]"}
COMMAND: POST /session/652b5fe75fdd0bb6263b24ae98cbc99a/elements - {"using":"xpath","value":"//bdi[text()=\"OK\"]"}
RESULT: {"using":"xpath","value":"//bdi[text()=\"OK\"]"}
COMMAND: POST /session/652b5fe75fdd0bb6263b24ae98cbc99a/elements - {"using":"xpath","value":"//bdi[text()=\"OK\"]"}
RESULT: {"using":"xpath","value":"//bdi[text()=\"OK\"]"}
COMMAND: POST /session/652b5fe75fdd0bb6263b24ae98cbc99a/elements - {"using":"xpath","value":"//bdi[text()=\"OK\"]"}
RESULT: {"using":"xpath","value":"//bdi[text()=\"OK\"]"}
COMMAND: POST /session/652b5fe75fdd0bb6263b24ae98cbc99a/elements - {"using":"xpath","value":"//bdi[text()=\"OK\"]"}
RESULT: {"using":"xpath","value":"//bdi[text()=\"OK\"]"}
COMMAND: POST /session/652b5fe75fdd0bb6263b24ae98cbc99a/elements - {"using":"xpath","value":"//bdi[text()=\"OK\"]"}
COMMAND: POST /session/652b5fe75fdd0bb6263b24ae98cbc99a/execute/async - {"script":"<script> [1562 bytes]","args":[{"selector":{"id":"application-manageresources-display-component---newResourceUnit--TYPE-arrow"},"wdio_ui5_key":"applicationmanageresources-display-component---newResourceUnit--TYPE-arrow"}]}
RESULT: {"using":"xpath","value":"//bdi[text()=\"OK\"]"}
RESULT: {"script":"<script> [1562 bytes]","args":[{"selector":{"id":"application-manageresources-display-component---newResourceUnit--TYPE-arrow"},"wdio_ui5_key":"applicationmanageresources-display-component---newResourceUnit--TYPE-arrow"}]}
RESULT: undefined
COMMAND: POST /session/652b5fe75fdd0bb6263b24ae98cbc99a/element - {"using":"xpath","value":"//*[@id=\"application-manageresources-display-component---newResourceUnit--TYPE-arrow\"]"}
RESULT: {"using":"xpath","value":"//*[@id=\"application-manageresources-display-component---newResourceUnit--TYPE-arrow\"]"}
COMMAND: POST /session/652b5fe75fdd0bb6263b24ae98cbc99a/element/f.F756EF649BFACFC99A3D872C6535431B.d.19E00D549EA0C947D2A0DB85B1AA2550.e.7086/click - {}
RESULT: {}
COMMAND: POST /session/652b5fe75fdd0bb6263b24ae98cbc99a/execute/async - {"script":"<script> [1562 bytes]","args":[{"selector":{"controlType":"sap.m.StandardListItem","viewName":"reusables.view.manageresources.NewResourceUnit","viewId":"application-manageresources-display-component---newResourceUnit","properties":{"title":"Material"},"searchOpenDialogs":true,"interaction":{"idSuffix":"titleText"}},"wdio_ui5_key":"reusablesview.manageresources.NewResourceUnitsap.m.StandardListItem{\"title\":\"Material\"}"}]}
COMMAND: GET /session/652b5fe75fdd0bb6263b24ae98cbc99a/screenshot - {}
RESULT: {"script":"<script> [1562 bytes]","args":[{"selector":{"controlType":"sap.m.StandardListItem","viewName":"reusables.view.manageresources.NewResourceUnit","viewId":"application-manageresources-display-component---newResourceUnit","properties":{"title":"Material"},"searchOpenDialogs":true,"interaction":{"idSuffix":"titleText"}},"wdio_ui5_key":"reusablesview.manageresources.NewResourceUnitsap.m.StandardListItem{\"title\":\"Material\"}"}]}
RESULT: undefined
COMMAND: POST /session/652b5fe75fdd0bb6263b24ae98cbc99a/element - {"using":"xpath","value":"//*[@id=\"__item140\"]"}
RESULT: {}
RESULT: {"using":"xpath","value":"//*[@id=\"__item140\"]"}
COMMAND: POST /session/652b5fe75fdd0bb6263b24ae98cbc99a/element/f.F756EF649BFACFC99A3D872C6535431B.d.19E00D549EA0C947D2A0DB85B1AA2550.e.7089/click - {}
RESULT: {}
COMMAND: POST /session/652b5fe75fdd0bb6263b24ae98cbc99a/execute/async - {"script":"<script> [1562 bytes]","args":[{"selector":{"id":"application-manageresources-display-component---newResourceUnit--SHORT_TEXT","interaction":{"idSuffix":"inner"}},"wdio_ui5_key":"applicationmanageresources-display-component---newResourceUnit--SHORT_TEXT"}]}
COMMAND: GET /session/652b5fe75fdd0bb6263b24ae98cbc99a/screenshot - {}
RESULT: {"script":"<script> [1562 bytes]","args":[{"selector":{"id":"application-manageresources-display-component---newResourceUnit--SHORT_TEXT","interaction":{"idSuffix":"inner"}},"wdio_ui5_key":"applicationmanageresources-display-component---newResourceUnit--SHORT_TEXT"}]}
RESULT: undefined
COMMAND: POST /session/652b5fe75fdd0bb6263b24ae98cbc99a/execute/async - {"script":"<script> [776 bytes]","args":[{"enterText":"WebdriverWHM_RU R2Cjey1s","selector":{"id":"application-manageresources-display-component---newResourceUnit--SHORT_TEXT","interaction":{"idSuffix":"inner"}},"clearTextFirst":true,"interactionType":"ENTER_TEXT"}]}
RESULT: {}
RESULT: {"script":"<script> [776 bytes]","args":[{"enterText":"WebdriverWHM_RU R2Cjey1s","selector":{"id":"application-manageresources-display-component---newResourceUnit--SHORT_TEXT","interaction":{"idSuffix":"inner"}},"clearTextFirst":true,"interactionType":"ENTER_TEXT"}]}
COMMAND: POST /session/652b5fe75fdd0bb6263b24ae98cbc99a/execute/async - {"script":"<script> [1562 bytes]","args":[{"selector":{"id":"application-manageresources-display-component---newResourceUnit--BASE_UNIT_OF_MEASURE-arrow"},"wdio_ui5_key":"applicationmanageresources-display-component---newResourceUnit--BASE_UNIT_OF_MEASURE-arrow"}]}
RESULT: {"script":"<script> [1562 bytes]","args":[{"selector":{"id":"application-manageresources-display-component---newResourceUnit--BASE_UNIT_OF_MEASURE-arrow"},"wdio_ui5_key":"applicationmanageresources-display-component---newResourceUnit--BASE_UNIT_OF_MEASURE-arrow"}]}
RESULT: undefined
COMMAND: POST /session/652b5fe75fdd0bb6263b24ae98cbc99a/element - {"using":"xpath","value":"//*[@id=\"application-manageresources-display-component---newResourceUnit--BASE_UNIT_OF_MEASURE-arrow\"]"}
RESULT: {"using":"xpath","value":"//*[@id=\"application-manageresources-display-component---newResourceUnit--BASE_UNIT_OF_MEASURE-arrow\"]"}
COMMAND: POST /session/652b5fe75fdd0bb6263b24ae98cbc99a/element/f.F756EF649BFACFC99A3D872C6535431B.d.19E00D549EA0C947D2A0DB85B1AA2550.e.7145/click - {}
RESULT: {}
COMMAND: POST /session/652b5fe75fdd0bb6263b24ae98cbc99a/execute/async - {"script":"<script> [1562 bytes]","args":[{"selector":{"controlType":"sap.m.StandardListItem","viewName":"reusables.view.manageresources.NewResourceUnit","viewId":"application-manageresources-display-component---newResourceUnit","properties":{"title":"Piece"},"searchOpenDialogs":true,"interaction":{"idSuffix":"content"}},"wdio_ui5_key":"reusablesview.manageresources.NewResourceUnitsap.m.StandardListItem{\"title\":\"Piece\"}"}]}
COMMAND: GET /session/652b5fe75fdd0bb6263b24ae98cbc99a/screenshot - {}
RESULT: {"script":"<script> [1562 bytes]","args":[{"selector":{"controlType":"sap.m.StandardListItem","viewName":"reusables.view.manageresources.NewResourceUnit","viewId":"application-manageresources-display-component---newResourceUnit","properties":{"title":"Piece"},"searchOpenDialogs":true,"interaction":{"idSuffix":"content"}},"wdio_ui5_key":"reusablesview.manageresources.NewResourceUnitsap.m.StandardListItem{\"title\":\"Piece\"}"}]}
RESULT: undefined
COMMAND: POST /session/652b5fe75fdd0bb6263b24ae98cbc99a/element - {"using":"xpath","value":"//*[@id=\"__item182\"]"}
RESULT: {}
RESULT: {"using":"xpath","value":"//*[@id=\"__item182\"]"}
COMMAND: POST /session/652b5fe75fdd0bb6263b24ae98cbc99a/element/f.F756EF649BFACFC99A3D872C6535431B.d.19E00D549EA0C947D2A0DB85B1AA2550.e.7147/click - {}
RESULT: {}
COMMAND: POST /session/652b5fe75fdd0bb6263b24ae98cbc99a/execute/async - {"script":"<script> [1562 bytes]","args":[{"selector":{"id":"application-manageresources-display-component---newResourceUnit--WEIGHT_UNIT-arrow"},"wdio_ui5_key":"applicationmanageresources-display-component---newResourceUnit--WEIGHT_UNIT-arrow"}]}
COMMAND: GET /session/652b5fe75fdd0bb6263b24ae98cbc99a/screenshot - {}
RESULT: {"script":"<script> [1562 bytes]","args":[{"selector":{"id":"application-manageresources-display-component---newResourceUnit--WEIGHT_UNIT-arrow"},"wdio_ui5_key":"applicationmanageresources-display-component---newResourceUnit--WEIGHT_UNIT-arrow"}]}
RESULT: undefined
COMMAND: POST /session/652b5fe75fdd0bb6263b24ae98cbc99a/element - {"using":"xpath","value":"//*[@id=\"application-manageresources-display-component---newResourceUnit--WEIGHT_UNIT-arrow\"]"}
RESULT: {}
RESULT: {"using":"xpath","value":"//*[@id=\"application-manageresources-display-component---newResourceUnit--WEIGHT_UNIT-arrow\"]"}
COMMAND: POST /session/652b5fe75fdd0bb6263b24ae98cbc99a/element/f.F756EF649BFACFC99A3D872C6535431B.d.19E00D549EA0C947D2A0DB85B1AA2550.e.7148/click - {}
RESULT: {}
COMMAND: POST /session/652b5fe75fdd0bb6263b24ae98cbc99a/execute/async - {"script":"<script> [1562 bytes]","args":[{"selector":{"controlType":"sap.m.StandardListItem","viewName":"reusables.view.manageresources.NewResourceUnit","viewId":"application-manageresources-display-component---newResourceUnit","properties":{"title":"Gram"},"searchOpenDialogs":true,"interaction":{"idSuffix":"content"}},"wdio_ui5_key":"reusablesview.manageresources.NewResourceUnitsap.m.StandardListItem{\"title\":\"Gram\"}"}]}
COMMAND: GET /session/652b5fe75fdd0bb6263b24ae98cbc99a/screenshot - {}
RESULT: {"script":"<script> [1562 bytes]","args":[{"selector":{"controlType":"sap.m.StandardListItem","viewName":"reusables.view.manageresources.NewResourceUnit","viewId":"application-manageresources-display-component---newResourceUnit","properties":{"title":"Gram"},"searchOpenDialogs":true,"interaction":{"idSuffix":"content"}},"wdio_ui5_key":"reusablesview.manageresources.NewResourceUnitsap.m.StandardListItem{\"title\":\"Gram\"}"}]}
RESULT: undefined
COMMAND: POST /session/652b5fe75fdd0bb6263b24ae98cbc99a/element - {"using":"xpath","value":"//*[@id=\"__item247\"]"}
RESULT: {}
RESULT: {"using":"xpath","value":"//*[@id=\"__item247\"]"}
COMMAND: POST /session/652b5fe75fdd0bb6263b24ae98cbc99a/element/f.F756EF649BFACFC99A3D872C6535431B.d.19E00D549EA0C947D2A0DB85B1AA2550.e.7150/click - {}
RESULT: {}
COMMAND: GET /session/652b5fe75fdd0bb6263b24ae98cbc99a/screenshot - {}
RESULT: {}
COMMAND: POST /session/652b5fe75fdd0bb6263b24ae98cbc99a/execute/async - {"script":"<script> [1562 bytes]","args":[{"selector":{"id":"application-manageresources-display-component---newResourceUnit--newRRUPage-OPHeaderContent-collapseBtn-img"},"wdio_ui5_key":"applicationmanageresources-display-component---newResourceUnit--newRRUPage-OPHeaderContent-collapseBtn-img"}]}
RESULT: {"script":"<script> [1562 bytes]","args":[{"selector":{"id":"application-manageresources-display-component---newResourceUnit--newRRUPage-OPHeaderContent-collapseBtn-img"},"wdio_ui5_key":"applicationmanageresources-display-component---newResourceUnit--newRRUPage-OPHeaderContent-collapseBtn-img"}]}
RESULT: undefined
COMMAND: POST /session/652b5fe75fdd0bb6263b24ae98cbc99a/element - {"using":"xpath","value":"//*[@id=\"application-manageresources-display-component---newResourceUnit--newRRUPage-OPHeaderContent-collapseBtn-img\"]"}
RESULT: {"using":"xpath","value":"//*[@id=\"application-manageresources-display-component---newResourceUnit--newRRUPage-OPHeaderContent-collapseBtn-img\"]"}
COMMAND: POST /session/652b5fe75fdd0bb6263b24ae98cbc99a/element/f.F756EF649BFACFC99A3D872C6535431B.d.19E00D549EA0C947D2A0DB85B1AA2550.e.7097/click - {}
RESULT: {}
COMMAND: GET /session/652b5fe75fdd0bb6263b24ae98cbc99a/screenshot - {}
RESULT: {}
COMMAND: POST /session/652b5fe75fdd0bb6263b24ae98cbc99a/element - {"using":"xpath","value":"(//span[contains(@id ,\"application-manageresources-display-component---newResourceUnit--DIMENSION_UNIT-arrow\")])[1]"}
RESULT: {"using":"xpath","value":"(//span[contains(@id ,\"application-manageresources-display-component---newResourceUnit--DIMENSION_UNIT-arrow\")])[1]"}
COMMAND: POST /session/652b5fe75fdd0bb6263b24ae98cbc99a/element/f.F756EF649BFACFC99A3D872C6535431B.d.19E00D549EA0C947D2A0DB85B1AA2550.e.7156/click - {}
RESULT: {}
COMMAND: GET /session/652b5fe75fdd0bb6263b24ae98cbc99a/screenshot - {}
RESULT: {}
COMMAND: POST /session/652b5fe75fdd0bb6263b24ae98cbc99a/execute/async - {"script":"<script> [1562 bytes]","args":[{"selector":{"controlType":"sap.m.StandardListItem","viewName":"reusables.view.manageresources.NewResourceUnit","viewId":"application-manageresources-display-component---newResourceUnit","properties":{"title":"Centimeter"},"searchOpenDialogs":true,"interaction":{"idSuffix":"titleText"}},"wdio_ui5_key":"reusablesview.manageresources.NewResourceUnitsap.m.StandardListItem{\"title\":\"Centimeter\"}"}]}
RESULT: {"script":"<script> [1562 bytes]","args":[{"selector":{"controlType":"sap.m.StandardListItem","viewName":"reusables.view.manageresources.NewResourceUnit","viewId":"application-manageresources-display-component---newResourceUnit","properties":{"title":"Centimeter"},"searchOpenDialogs":true,"interaction":{"idSuffix":"titleText"}},"wdio_ui5_key":"reusablesview.manageresources.NewResourceUnitsap.m.StandardListItem{\"title\":\"Centimeter\"}"}]}
RESULT: undefined
COMMAND: POST /session/652b5fe75fdd0bb6263b24ae98cbc99a/element - {"using":"xpath","value":"//*[@id=\"__item250\"]"}
RESULT: {"using":"xpath","value":"//*[@id=\"__item250\"]"}
COMMAND: POST /session/652b5fe75fdd0bb6263b24ae98cbc99a/element/f.F756EF649BFACFC99A3D872C6535431B.d.19E00D549EA0C947D2A0DB85B1AA2550.e.7158/click - {}
RESULT: {}
COMMAND: GET /session/652b5fe75fdd0bb6263b24ae98cbc99a/screenshot - {}
RESULT: {}
COMMAND: POST /session/652b5fe75fdd0bb6263b24ae98cbc99a/execute/async - {"script":"<script> [1562 bytes]","args":[{"selector":{"id":"application-manageresources-display-component---newResourceUnit--newRRUPage-anchBar-application-manageresources-display-component---newResourceUnit--reference-anchor","interaction":{"idSuffix":"BDI-content"}},"wdio_ui5_key":"applicationmanageresources-display-component---newResourceUnit--newRRUPage-anchBar-application-manageresources-display-component---newResourceUnit--reference-anchor"}]}
RESULT: {"script":"<script> [1562 bytes]","args":[{"selector":{"id":"application-manageresources-display-component---newResourceUnit--newRRUPage-anchBar-application-manageresources-display-component---newResourceUnit--reference-anchor","interaction":{"idSuffix":"BDI-content"}},"wdio_ui5_key":"applicationmanageresources-display-component---newResourceUnit--newRRUPage-anchBar-application-manageresources-display-component---newResourceUnit--reference-anchor"}]}
RESULT: undefined
COMMAND: POST /session/652b5fe75fdd0bb6263b24ae98cbc99a/element - {"using":"xpath","value":"//*[@id=\"application-manageresources-display-component---newResourceUnit--newRRUPage-anchBar-application-manageresources-display-component---newResourceUnit--reference-anchor\"]"}
RESULT: {"using":"xpath","value":"//*[@id=\"application-manageresources-display-component---newResourceUnit--newRRUPage-anchBar-application-manageresources-display-component---newResourceUnit--reference-anchor\"]"}
COMMAND: POST /session/652b5fe75fdd0bb6263b24ae98cbc99a/element/f.F756EF649BFACFC99A3D872C6535431B.d.19E00D549EA0C947D2A0DB85B1AA2550.e.7160/click - {}
RESULT: {}
COMMAND: POST /session/652b5fe75fdd0bb6263b24ae98cbc99a/execute/async - {"script":"<script> [1562 bytes]","args":[{"selector":{"id":"application-manageresources-display-component---newResourceUnit--PLANNING_GROUP-arrow"},"wdio_ui5_key":"applicationmanageresources-display-component---newResourceUnit--PLANNING_GROUP-arrow"}]}
COMMAND: GET /session/652b5fe75fdd0bb6263b24ae98cbc99a/screenshot - {}
RESULT: {"script":"<script> [1562 bytes]","args":[{"selector":{"id":"application-manageresources-display-component---newResourceUnit--PLANNING_GROUP-arrow"},"wdio_ui5_key":"applicationmanageresources-display-component---newResourceUnit--PLANNING_GROUP-arrow"}]}
RESULT: undefined
COMMAND: POST /session/652b5fe75fdd0bb6263b24ae98cbc99a/element - {"using":"xpath","value":"//*[@id=\"application-manageresources-display-component---newResourceUnit--PLANNING_GROUP-arrow\"]"}
RESULT: {}
RESULT: {"using":"xpath","value":"//*[@id=\"application-manageresources-display-component---newResourceUnit--PLANNING_GROUP-arrow\"]"}
COMMAND: POST /session/652b5fe75fdd0bb6263b24ae98cbc99a/element/f.F756EF649BFACFC99A3D872C6535431B.d.19E00D549EA0C947D2A0DB85B1AA2550.e.7164/click - {}
RESULT: {}
COMMAND: POST /session/652b5fe75fdd0bb6263b24ae98cbc99a/execute/async - {"script":"<script> [1562 bytes]","args":[{"selector":{"controlType":"sap.m.StandardListItem","viewName":"reusables.view.manageresources.NewResourceUnit","viewId":"application-manageresources-display-component---newResourceUnit","properties":{"title":"Heavy Equi"},"searchOpenDialogs":true,"interaction":{"idSuffix":"content"}},"wdio_ui5_key":"reusablesview.manageresources.NewResourceUnitsap.m.StandardListItem{\"title\":\"Heavy Equi\"}"}]}
COMMAND: GET /session/652b5fe75fdd0bb6263b24ae98cbc99a/screenshot - {}
RESULT: {"script":"<script> [1562 bytes]","args":[{"selector":{"controlType":"sap.m.StandardListItem","viewName":"reusables.view.manageresources.NewResourceUnit","viewId":"application-manageresources-display-component---newResourceUnit","properties":{"title":"Heavy Equi"},"searchOpenDialogs":true,"interaction":{"idSuffix":"content"}},"wdio_ui5_key":"reusablesview.manageresources.NewResourceUnitsap.m.StandardListItem{\"title\":\"Heavy Equi\"}"}]}
RESULT: undefined
COMMAND: POST /session/652b5fe75fdd0bb6263b24ae98cbc99a/element - {"using":"xpath","value":"//*[@id=\"__item258\"]"}
RESULT: {}
RESULT: {"using":"xpath","value":"//*[@id=\"__item258\"]"}
COMMAND: POST /session/652b5fe75fdd0bb6263b24ae98cbc99a/element/f.F756EF649BFACFC99A3D872C6535431B.d.19E00D549EA0C947D2A0DB85B1AA2550.e.7166/click - {}
RESULT: {}
COMMAND: GET /session/652b5fe75fdd0bb6263b24ae98cbc99a/screenshot - {}
RESULT: {}
COMMAND: POST /session/652b5fe75fdd0bb6263b24ae98cbc99a/execute/async - {"script":"<script> [1562 bytes]","args":[{"selector":{"id":"application-manageresources-display-component---newResourceUnit--PLANNING_INDICATOR-arrow"},"wdio_ui5_key":"applicationmanageresources-display-component---newResourceUnit--PLANNING_INDICATOR-arrow"}]}
RESULT: {"script":"<script> [1562 bytes]","args":[{"selector":{"id":"application-manageresources-display-component---newResourceUnit--PLANNING_INDICATOR-arrow"},"wdio_ui5_key":"applicationmanageresources-display-component---newResourceUnit--PLANNING_INDICATOR-arrow"}]}
RESULT: undefined
COMMAND: POST /session/652b5fe75fdd0bb6263b24ae98cbc99a/element - {"using":"xpath","value":"//*[@id=\"application-manageresources-display-component---newResourceUnit--PLANNING_INDICATOR-arrow\"]"}
RESULT: {"using":"xpath","value":"//*[@id=\"application-manageresources-display-component---newResourceUnit--PLANNING_INDICATOR-arrow\"]"}
COMMAND: POST /session/652b5fe75fdd0bb6263b24ae98cbc99a/element/f.F756EF649BFACFC99A3D872C6535431B.d.19E00D549EA0C947D2A0DB85B1AA2550.e.7167/click - {}
RESULT: {}
COMMAND: POST /session/652b5fe75fdd0bb6263b24ae98cbc99a/execute/async - {"script":"<script> [1562 bytes]","args":[{"selector":{"controlType":"sap.m.StandardListItem","viewName":"reusables.view.manageresources.NewResourceUnit","viewId":"application-manageresources-display-component---newResourceUnit","properties":{"title":"10 - infinite"},"searchOpenDialogs":true,"interaction":{"idSuffix":"content"}},"wdio_ui5_key":"reusablesview.manageresources.NewResourceUnitsap.m.StandardListItem{\"title\":\"10 - infinite\"}"}]}
COMMAND: GET /session/652b5fe75fdd0bb6263b24ae98cbc99a/screenshot - {}
RESULT: {"script":"<script> [1562 bytes]","args":[{"selector":{"controlType":"sap.m.StandardListItem","viewName":"reusables.view.manageresources.NewResourceUnit","viewId":"application-manageresources-display-component---newResourceUnit","properties":{"title":"10 - infinite"},"searchOpenDialogs":true,"interaction":{"idSuffix":"content"}},"wdio_ui5_key":"reusablesview.manageresources.NewResourceUnitsap.m.StandardListItem{\"title\":\"10 - infinite\"}"}]}
RESULT: undefined
COMMAND: POST /session/652b5fe75fdd0bb6263b24ae98cbc99a/element - {"using":"xpath","value":"//*[@id=\"__item268\"]"}
RESULT: {}
RESULT: {"using":"xpath","value":"//*[@id=\"__item268\"]"}
COMMAND: POST /session/652b5fe75fdd0bb6263b24ae98cbc99a/element/f.F756EF649BFACFC99A3D872C6535431B.d.19E00D549EA0C947D2A0DB85B1AA2550.e.7169/click - {}
RESULT: {}
COMMAND: GET /session/652b5fe75fdd0bb6263b24ae98cbc99a/screenshot - {}
RESULT: {}
COMMAND: POST /session/652b5fe75fdd0bb6263b24ae98cbc99a/element - {"using":"xpath","value":"//bdi[contains(text(), \"Time Segment\")]"}
RESULT: {"using":"xpath","value":"//bdi[contains(text(), \"Time Segment\")]"}
COMMAND: GET /session/652b5fe75fdd0bb6263b24ae98cbc99a/element/f.F756EF649BFACFC99A3D872C6535431B.d.19E00D549EA0C947D2A0DB85B1AA2550.e.7170/rect - {}
RESULT: {}
COMMAND: GET /session/652b5fe75fdd0bb6263b24ae98cbc99a/window/rect - {}
RESULT: {}
COMMAND: POST /session/652b5fe75fdd0bb6263b24ae98cbc99a/execute/sync - {"script":"<script> [92 bytes]","args":[]}
RESULT: {"script":"<script> [92 bytes]","args":[]}
COMMAND: POST /session/652b5fe75fdd0bb6263b24ae98cbc99a/actions - {"actions":[{"id":"action19","type":"wheel","parameters":{},"actions":[{"type":"scroll","x":-1804,"y":-21,"deltaX":0,"deltaY":0,"duration":0,"origin":{"element-6066-11e4-a52e-4f735466cecf":"f.F756EF649BFACFC99A3D872C6535431B.d.19E00D549EA0C947D2A0DB85B1AA2550.e.7170"}}]}]}
COMMAND: GET /session/652b5fe75fdd0bb6263b24ae98cbc99a/screenshot - {}
RESULT: {}
COMMAND: POST /session/652b5fe75fdd0bb6263b24ae98cbc99a/execute/sync - {"script":"<script> [79 bytes]","args":[{"element-6066-11e4-a52e-4f735466cecf":"f.F756EF649BFACFC99A3D872C6535431B.d.19E00D549EA0C947D2A0DB85B1AA2550.e.7170","ELEMENT":"f.F756EF649BFACFC99A3D872C6535431B.d.19E00D549EA0C947D2A0DB85B1AA2550.e.7170"},{"block":"start","inline":"nearest"}]}
RESULT: {"script":"<script> [79 bytes]","args":[{"element-6066-11e4-a52e-4f735466cecf":"f.F756EF649BFACFC99A3D872C6535431B.d.19E00D549EA0C947D2A0DB85B1AA2550.e.7170","ELEMENT":"f.F756EF649BFACFC99A3D872C6535431B.d.19E00D549EA0C947D2A0DB85B1AA2550.e.7170"},{"block":"start","inline":"nearest"}]}
COMMAND: GET /session/652b5fe75fdd0bb6263b24ae98cbc99a/screenshot - {}
RESULT: {}
COMMAND: POST /session/652b5fe75fdd0bb6263b24ae98cbc99a/element - {"using":"xpath","value":"//span[@id=\"application-manageresources-display-component---newResourceUnit--btnAddTimeSegment-img\"]"}
RESULT: {"using":"xpath","value":"//span[@id=\"application-manageresources-display-component---newResourceUnit--btnAddTimeSegment-img\"]"}
COMMAND: POST /session/652b5fe75fdd0bb6263b24ae98cbc99a/execute/sync - {"script":"<script> [8489 bytes]","args":[{"element-6066-11e4-a52e-4f735466cecf":"f.F756EF649BFACFC99A3D872C6535431B.d.19E00D549EA0C947D2A0DB85B1AA2550.e.7173","ELEMENT":"f.F756EF649BFACFC99A3D872C6535431B.d.19E00D549EA0C947D2A0DB85B1AA2550.e.7173"}]}
RESULT: {"script":"<script> [8489 bytes]","args":[{"element-6066-11e4-a52e-4f735466cecf":"f.F756EF649BFACFC99A3D872C6535431B.d.19E00D549EA0C947D2A0DB85B1AA2550.e.7173","ELEMENT":"f.F756EF649BFACFC99A3D872C6535431B.d.19E00D549EA0C947D2A0DB85B1AA2550.e.7173"}]}
COMMAND: POST /session/652b5fe75fdd0bb6263b24ae98cbc99a/element/f.F756EF649BFACFC99A3D872C6535431B.d.19E00D549EA0C947D2A0DB85B1AA2550.e.7173/click - {}
COMMAND: GET /session/652b5fe75fdd0bb6263b24ae98cbc99a/screenshot - {}
RESULT: {}
COMMAND: GET /session/652b5fe75fdd0bb6263b24ae98cbc99a/screenshot - {}
RESULT: {}
COMMAND: POST /session/652b5fe75fdd0bb6263b24ae98cbc99a/element - {"using":"xpath","value":"//input[@id=\"application-manageresources-display-component---newResourceUnit--idRuTSAdmin-application-manageresources-display-component---newResourceUnit--RUTimeSegment-0-inner\"]"}
RESULT: {}
RESULT: {"using":"xpath","value":"//input[@id=\"application-manageresources-display-component---newResourceUnit--idRuTSAdmin-application-manageresources-display-component---newResourceUnit--RUTimeSegment-0-inner\"]"}
COMMAND: POST /session/652b5fe75fdd0bb6263b24ae98cbc99a/element/f.F756EF649BFACFC99A3D872C6535431B.d.19E00D549EA0C947D2A0DB85B1AA2550.e.7176/clear - {}
RESULT: {}
COMMAND: POST /session/652b5fe75fdd0bb6263b24ae98cbc99a/element/f.F756EF649BFACFC99A3D872C6535431B.d.19E00D549EA0C947D2A0DB85B1AA2550.e.7176/value - {"text":"256"}
COMMAND: GET /session/652b5fe75fdd0bb6263b24ae98cbc99a/screenshot - {}
RESULT: {"text":"256"}
COMMAND: GET /session/652b5fe75fdd0bb6263b24ae98cbc99a/screenshot - {}
RESULT: {}
RESULT: {}
COMMAND: POST /session/652b5fe75fdd0bb6263b24ae98cbc99a/actions - {"actions":[{"id":"action20","type":"key","parameters":{},"actions":[{"type":"keyDown","value":"î€‡"},{"type":"pause","duration":10},{"type":"keyUp","value":"î€‡"}]}]}
RESULT: {"actions":[{"id":"action20","type":"key","parameters":{},"actions":[{"type":"keyDown","value":"î€‡"},{"type":"pause","duration":10},{"type":"keyUp","value":"î€‡"}]}]}
COMMAND: POST /session/652b5fe75fdd0bb6263b24ae98cbc99a/execute/async - {"script":"<script> [1562 bytes]","args":[{"selector":{"controlType":"sap.m.Button","viewName":"reusables.view.manageresources.NewResourceUnit","viewId":"application-manageresources-display-component---newResourceUnit","i18NText":{"propertyName":"tooltip","key":"save"},"interaction":{"idSuffix":"BDI-content"}},"wdio_ui5_key":"reusablesview.manageresources.NewResourceUnitsap.m.Button{\"propertyName\":\"tooltip\",\"key\":\"save\"}"}]}
COMMAND: GET /session/652b5fe75fdd0bb6263b24ae98cbc99a/screenshot - {}
RESULT: {"script":"<script> [1562 bytes]","args":[{"selector":{"controlType":"sap.m.Button","viewName":"reusables.view.manageresources.NewResourceUnit","viewId":"application-manageresources-display-component---newResourceUnit","i18NText":{"propertyName":"tooltip","key":"save"},"interaction":{"idSuffix":"BDI-content"}},"wdio_ui5_key":"reusablesview.manageresources.NewResourceUnitsap.m.Button{\"propertyName\":\"tooltip\",\"key\":\"save\"}"}]}
RESULT: undefined
COMMAND: POST /session/652b5fe75fdd0bb6263b24ae98cbc99a/element - {"using":"xpath","value":"//*[@id=\"application-manageresources-display-component---newResourceUnit--createRuButton\"]"}
RESULT: {}
RESULT: {"using":"xpath","value":"//*[@id=\"application-manageresources-display-component---newResourceUnit--createRuButton\"]"}
COMMAND: POST /session/652b5fe75fdd0bb6263b24ae98cbc99a/element/f.F756EF649BFACFC99A3D872C6535431B.d.19E00D549EA0C947D2A0DB85B1AA2550.e.7103/click - {}
RESULT: {}
COMMAND: GET /session/652b5fe75fdd0bb6263b24ae98cbc99a/screenshot - {}
RESULT: {}
COMMAND: POST /session/652b5fe75fdd0bb6263b24ae98cbc99a/execute/async - {"script":"<script> [1562 bytes]","args":[{"selector":{"controlType":"sap.m.Title","properties":{"text":"Success"},"searchOpenDialogs":true},"wdio_ui5_key":"sapm.Title{\"text\":\"Success\"}"}]}
RESULT: {"script":"<script> [1562 bytes]","args":[{"selector":{"controlType":"sap.m.Title","properties":{"text":"Success"},"searchOpenDialogs":true},"wdio_ui5_key":"sapm.Title{\"text\":\"Success\"}"}]}
RESULT: undefined
COMMAND: POST /session/652b5fe75fdd0bb6263b24ae98cbc99a/execute/async - {"script":"<script> [6424 bytes]","args":[{"element-6066-11e4-a52e-4f735466cecf":"f.F756EF649BFACFC99A3D872C6535431B.d.19E00D549EA0C947D2A0DB85B1AA2550.e.7191"},"getText",[]]}
RESULT: {"script":"<script> [6424 bytes]","args":[{"element-6066-11e4-a52e-4f735466cecf":"f.F756EF649BFACFC99A3D872C6535431B.d.19E00D549EA0C947D2A0DB85B1AA2550.e.7191"},"getText",[]]}
COMMAND: POST /session/652b5fe75fdd0bb6263b24ae98cbc99a/element - {"using":"xpath","value":"//*[contains(@id, '__text') and (contains(text(), 'successfully created') or contains(., 'successfully created'))]"}
RESULT: {"using":"xpath","value":"//*[contains(@id, '__text') and (contains(text(), 'successfully created') or contains(., 'successfully created'))]"}
COMMAND: GET /session/652b5fe75fdd0bb6263b24ae98cbc99a/element/f.F756EF649BFACFC99A3D872C6535431B.d.19E00D549EA0C947D2A0DB85B1AA2550.e.7190/text - {}
RESULT: {}
COMMAND: POST /session/652b5fe75fdd0bb6263b24ae98cbc99a/execute/async - {"script":"<script> [1562 bytes]","args":[{"selector":{"controlType":"sap.m.Button","properties":{"text":"Close"},"searchOpenDialogs":true,"interaction":{"idSuffix":"BDI-content"}},"wdio_ui5_key":"sapm.Button{\"text\":\"Close\"}"}]}
RESULT: {"script":"<script> [1562 bytes]","args":[{"selector":{"controlType":"sap.m.Button","properties":{"text":"Close"},"searchOpenDialogs":true,"interaction":{"idSuffix":"BDI-content"}},"wdio_ui5_key":"sapm.Button{\"text\":\"Close\"}"}]}
RESULT: undefined
COMMAND: POST /session/652b5fe75fdd0bb6263b24ae98cbc99a/element - {"using":"xpath","value":"//*[@id=\"__mbox-btn-0\"]"}
RESULT: {"using":"xpath","value":"//*[@id=\"__mbox-btn-0\"]"}
COMMAND: POST /session/652b5fe75fdd0bb6263b24ae98cbc99a/element/f.F756EF649BFACFC99A3D872C6535431B.d.19E00D549EA0C947D2A0DB85B1AA2550.e.7187/click - {}
RESULT: {}
COMMAND: GET /session/652b5fe75fdd0bb6263b24ae98cbc99a/screenshot - {}
RESULT: {}
COMMAND: POST /session/652b5fe75fdd0bb6263b24ae98cbc99a/execute/async - {"script":"<script> [1562 bytes]","args":[{"selector":{"controlType":"sap.ui.core.Icon","viewName":"etm.portal.ui.manageresources.view.Detail","viewId":"application-manageresources-display-component---detailRU","properties":{"src":{"regex":{"source":"overflow"}}}},"wdio_ui5_key":"etmportal.ui.manageresources.view.Detailsap.ui.core.Icon{\"src\":{\"regex\":{\"source\":\"overflow\"}}}"}]}
RESULT: {"script":"<script> [1562 bytes]","args":[{"selector":{"controlType":"sap.ui.core.Icon","viewName":"etm.portal.ui.manageresources.view.Detail","viewId":"application-manageresources-display-component---detailRU","properties":{"src":{"regex":{"source":"overflow"}}}},"wdio_ui5_key":"etmportal.ui.manageresources.view.Detailsap.ui.core.Icon{\"src\":{\"regex\":{\"source\":\"overflow\"}}}"}]}
RESULT: undefined
COMMAND: POST /session/652b5fe75fdd0bb6263b24ae98cbc99a/element - {"using":"xpath","value":"//*[@id=\"__title14-_actionsToolbar-overflowButton-img\"]"}
RESULT: {"using":"xpath","value":"//*[@id=\"__title14-_actionsToolbar-overflowButton-img\"]"}
COMMAND: POST /session/652b5fe75fdd0bb6263b24ae98cbc99a/element/f.F756EF649BFACFC99A3D872C6535431B.d.19E00D549EA0C947D2A0DB85B1AA2550.e.7219/click - {}
RESULT: {}
COMMAND: POST /session/652b5fe75fdd0bb6263b24ae98cbc99a/execute/async - {"script":"<script> [1562 bytes]","args":[{"selector":{"controlType":"sap.m.Button","viewName":"etm.portal.ui.manageresources.view.Detail","viewId":"application-manageresources-display-component---detailRU","i18NText":{"propertyName":"tooltip","key":"closeColumn"},"searchOpenDialogs":true,"interaction":{"idSuffix":"inner"}},"wdio_ui5_key":"etmportal.ui.manageresources.view.Detailsap.m.Button{\"propertyName\":\"tooltip\",\"key\":\"closeColumn\"}"}]}
COMMAND: GET /session/652b5fe75fdd0bb6263b24ae98cbc99a/screenshot - {}
RESULT: {"script":"<script> [1562 bytes]","args":[{"selector":{"controlType":"sap.m.Button","viewName":"etm.portal.ui.manageresources.view.Detail","viewId":"application-manageresources-display-component---detailRU","i18NText":{"propertyName":"tooltip","key":"closeColumn"},"searchOpenDialogs":true,"interaction":{"idSuffix":"inner"}},"wdio_ui5_key":"etmportal.ui.manageresources.view.Detailsap.m.Button{\"propertyName\":\"tooltip\",\"key\":\"closeColumn\"}"}]}
RESULT: undefined
COMMAND: POST /session/652b5fe75fdd0bb6263b24ae98cbc99a/element - {"using":"xpath","value":"//*[@id=\"__button39\"]"}
RESULT: {}
RESULT: {"using":"xpath","value":"//*[@id=\"__button39\"]"}
COMMAND: POST /session/652b5fe75fdd0bb6263b24ae98cbc99a/element/f.F756EF649BFACFC99A3D872C6535431B.d.19E00D549EA0C947D2A0DB85B1AA2550.e.7221/click - {}
RESULT: {}
COMMAND: GET /session/652b5fe75fdd0bb6263b24ae98cbc99a/screenshot - {}
COMMAND: POST /session/652b5fe75fdd0bb6263b24ae98cbc99a/element - {"using":"css selector","value":"#j_username"}
COMMAND: POST /session/652b5fe75fdd0bb6263b24ae98cbc99a/url - {"url":"https://qa-testing-00-live-etm-ui.cfapps.eu10-004.hana.ondemand.com/"}
RESULT: {}
RESULT: {"using":"css selector","value":"#j_username"}
COMMAND: POST /session/652b5fe75fdd0bb6263b24ae98cbc99a/element - {"using":"css selector","value":"#j_username"}
RESULT: {"url":"https://qa-testing-00-live-etm-ui.cfapps.eu10-004.hana.ondemand.com/"}
RESULT: undefined
COMMAND: GET /session/652b5fe75fdd0bb6263b24ae98cbc99a/screenshot - {}
RESULT: {"using":"css selector","value":"#j_username"}
COMMAND: POST /session/652b5fe75fdd0bb6263b24ae98cbc99a/element - {"using":"css selector","value":"#shell-header-logo"}
RESULT: {}
RESULT: {"using":"css selector","value":"#shell-header-logo"}
COMMAND: POST /session/652b5fe75fdd0bb6263b24ae98cbc99a/execute/sync - {"script":"<script> [8489 bytes]","args":[{"element-6066-11e4-a52e-4f735466cecf":"f.F756EF649BFACFC99A3D872C6535431B.d.6AA9B9D87A20A8EE3F316D88FCB95A33.e.7371","ELEMENT":"f.F756EF649BFACFC99A3D872C6535431B.d.6AA9B9D87A20A8EE3F316D88FCB95A33.e.7371"}]}
RESULT: {"script":"<script> [8489 bytes]","args":[{"element-6066-11e4-a52e-4f735466cecf":"f.F756EF649BFACFC99A3D872C6535431B.d.6AA9B9D87A20A8EE3F316D88FCB95A33.e.7371","ELEMENT":"f.F756EF649BFACFC99A3D872C6535431B.d.6AA9B9D87A20A8EE3F316D88FCB95A33.e.7371"}]}
COMMAND: POST /session/652b5fe75fdd0bb6263b24ae98cbc99a/element - {"using":"css selector","value":"#shell-header-logo"}
COMMAND: GET /session/652b5fe75fdd0bb6263b24ae98cbc99a/screenshot - {}
RESULT: {}
RESULT: {"using":"css selector","value":"#shell-header-logo"}
COMMAND: POST /session/652b5fe75fdd0bb6263b24ae98cbc99a/execute/sync - {"script":"<script> [8489 bytes]","args":[{"element-6066-11e4-a52e-4f735466cecf":"f.F756EF649BFACFC99A3D872C6535431B.d.6AA9B9D87A20A8EE3F316D88FCB95A33.e.7371","ELEMENT":"f.F756EF649BFACFC99A3D872C6535431B.d.6AA9B9D87A20A8EE3F316D88FCB95A33.e.7371"}]}
RESULT: {"script":"<script> [8489 bytes]","args":[{"element-6066-11e4-a52e-4f735466cecf":"f.F756EF649BFACFC99A3D872C6535431B.d.6AA9B9D87A20A8EE3F316D88FCB95A33.e.7371","ELEMENT":"f.F756EF649BFACFC99A3D872C6535431B.d.6AA9B9D87A20A8EE3F316D88FCB95A33.e.7371"}]}
COMMAND: POST /session/652b5fe75fdd0bb6263b24ae98cbc99a/execute/sync - {"script":"<script> [5351 bytes]","args":[{"element-6066-11e4-a52e-4f735466cecf":"f.F756EF649BFACFC99A3D872C6535431B.d.6AA9B9D87A20A8EE3F316D88FCB95A33.e.7371","ELEMENT":"f.F756EF649BFACFC99A3D872C6535431B.d.6AA9B9D87A20A8EE3F316D88FCB95A33.e.7371"}]}
COMMAND: GET /session/652b5fe75fdd0bb6263b24ae98cbc99a/screenshot - {}
RESULT: {}
RESULT: {"script":"<script> [5351 bytes]","args":[{"element-6066-11e4-a52e-4f735466cecf":"f.F756EF649BFACFC99A3D872C6535431B.d.6AA9B9D87A20A8EE3F316D88FCB95A33.e.7371","ELEMENT":"f.F756EF649BFACFC99A3D872C6535431B.d.6AA9B9D87A20A8EE3F316D88FCB95A33.e.7371"}]}
COMMAND: POST /session/652b5fe75fdd0bb6263b24ae98cbc99a/element - {"using":"css selector","value":"#shell-header-logo"}
COMMAND: GET /session/652b5fe75fdd0bb6263b24ae98cbc99a/screenshot - {}
RESULT: {"using":"css selector","value":"#shell-header-logo"}
COMMAND: POST /session/652b5fe75fdd0bb6263b24ae98cbc99a/element/f.F756EF649BFACFC99A3D872C6535431B.d.6AA9B9D87A20A8EE3F316D88FCB95A33.e.7371/click - {}
RESULT: {}
RESULT: {}
COMMAND: GET /session/652b5fe75fdd0bb6263b24ae98cbc99a/screenshot - {}
RESULT: {}
COMMAND: POST /session/652b5fe75fdd0bb6263b24ae98cbc99a/execute/async - {"script":"<script> [189 bytes]","args":[]}
RESULT: {"script":"<script> [189 bytes]","args":[]}
COMMAND: POST /session/652b5fe75fdd0bb6263b24ae98cbc99a/execute/async - {"script":"<script> [123 bytes]","args":[]}
RESULT: {"script":"<script> [123 bytes]","args":[]}
COMMAND: POST /session/652b5fe75fdd0bb6263b24ae98cbc99a/timeouts - {"script":"<number>"}
RESULT: {"script":"<number>"}
COMMAND: GET /session/652b5fe75fdd0bb6263b24ae98cbc99a/timeouts - {}
RESULT: {}
RESULT: undefined
COMMAND: POST /session/652b5fe75fdd0bb6263b24ae98cbc99a/execute/async - {"script":"<script> [2676 bytes]","args":[]}
RESULT: {"script":"<script> [2676 bytes]","args":[]}
COMMAND: POST /session/652b5fe75fdd0bb6263b24ae98cbc99a/execute/async - {"script":"<script> [2342 bytes]","args":[{"protocol":"http","hostname":"0.0.0.0","path":"/","capabilities":{"browserName":"chrome","goog:chromeOptions":{"binary":"C:\\Program Files\\Google\\Chrome\\Application\\chrome.exe","args":["--start-maximized"]}},"logLevel":"warn","connectionRetryTimeout":120000,"connectionRetryCount":3,"logLevels":{},"enableDirectConnect":true,"strictSSL":true,"_":"65 more keys: [\"cacheDir\",\"port\",\"requestedCapabilities\",\"automationProtocol\",\"baseUrl\",\"waitforInterval\",\"waitforTimeout\",\"onReload\",\"beforeCommand\",\"afterCommand\",\"rootDir\",\"specs\",\"suites\",\"exclude\",\"groupLogsByTestSpec\",\"excludeDriverLogs\",\"bail\",\"framework\",\"reporters\",\"services\",\"maxInstances\",\"maxInstancesPerCapability\",\"injectGlobals\",\"filesToWatch\",\"execArgv\",\"runnerEnv\",\"runner\",\"shard\",\"specFileRetries\",\"specFileRetriesDelay\",\"specFileRetriesDeferred\",\"reporterSyncInterval\",\"reporterSyncTimeout\",\"cucumberFeaturesWithLineNumbers\",\"autoCompileOpts\",\"mochaOpts\",\"jasmineOpts\",\"cucumberOpts\",\"onPrepare\",\"onWorkerStart\",\"onWorkerEnd\",\"before\",\"beforeSession\",\"beforeSuite\",\"beforeHook\",\"beforeTest\",\"afterTest\",\"afterHook\",\"afterSuite\",\"afterSession\",\"after\",\"onComplete\",\"beforeAssertion\",\"afterAssertion\",\"beforeFeature\",\"beforeScenario\",\"beforeStep\",\"afterStep\",\"afterScenario\",\"afterFeature\",\"_\",\"suite\",\"$0\",\"ignoredWorkerServices\",\"wdi5\"]"}]}
RESULT: {"script":"<script> [2342 bytes]","args":[{"protocol":"http","hostname":"0.0.0.0","path":"/","capabilities":{"browserName":"chrome","goog:chromeOptions":{"binary":"C:\\Program Files\\Google\\Chrome\\Application\\chrome.exe","args":["--start-maximized"]}},"logLevel":"warn","connectionRetryTimeout":120000,"connectionRetryCount":3,"logLevels":{},"enableDirectConnect":true,"strictSSL":true,"_":"65 more keys: [\"cacheDir\",\"port\",\"requestedCapabilities\",\"automationProtocol\",\"baseUrl\",\"waitforInterval\",\"waitforTimeout\",\"onReload\",\"beforeCommand\",\"afterCommand\",\"rootDir\",\"specs\",\"suites\",\"exclude\",\"groupLogsByTestSpec\",\"excludeDriverLogs\",\"bail\",\"framework\",\"reporters\",\"services\",\"maxInstances\",\"maxInstancesPerCapability\",\"injectGlobals\",\"filesToWatch\",\"execArgv\",\"runnerEnv\",\"runner\",\"shard\",\"specFileRetries\",\"specFileRetriesDelay\",\"specFileRetriesDeferred\",\"reporterSyncInterval\",\"reporterSyncTimeout\",\"cucumberFeaturesWithLineNumbers\",\"autoCompileOpts\",\"mochaOpts\",\"jasmineOpts\",\"cucumberOpts\",\"onPrepare\",\"onWorkerStart\",\"onWorkerEnd\",\"before\",\"beforeSession\",\"beforeSuite\",\"beforeHook\",\"beforeTest\",\"afterTest\",\"afterHook\",\"afterSuite\",\"afterSession\",\"after\",\"onComplete\",\"beforeAssertion\",\"afterAssertion\",\"beforeFeature\",\"beforeScenario\",\"beforeStep\",\"afterStep\",\"afterScenario\",\"afterFeature\",\"_\",\"suite\",\"$0\",\"ignoredWorkerServices\",\"wdi5\"]"}]}
COMMAND: POST /session/652b5fe75fdd0bb6263b24ae98cbc99a/execute/async - {"script":"<script> [21126 bytes]","args":[35000]}
RESULT: {"script":"<script> [21126 bytes]","args":[35000]}
COMMAND: POST /session/652b5fe75fdd0bb6263b24ae98cbc99a/window/maximize - {}
RESULT: {}
COMMAND: POST /session/652b5fe75fdd0bb6263b24ae98cbc99a/execute/async - {"script":"<script> [1562 bytes]","args":[{"selector":{"id":"shell-header","interaction":{"idSuffix":"icon"}},"wdio_ui5_key":"shellheader"}]}
COMMAND: GET /session/652b5fe75fdd0bb6263b24ae98cbc99a/screenshot - {}
RESULT: {"script":"<script> [1562 bytes]","args":[{"selector":{"id":"shell-header","interaction":{"idSuffix":"icon"}},"wdio_ui5_key":"shellheader"}]}
RESULT: undefined
]]></system-out>
    </testcase>
  </testsuite>
  <testsuite timestamp="2025-05-13T15:39:14" time="266.856" tests="1" failures="0" errors="0" skipped="0">
    <properties>
      <property name="specId" value="0" />
      <property name="suiteName" value="create-equipment" />
      <property name="capabilities" value="chrome.136_0_7103_49.windows" />
      <property name="file" value="file:///D:/a/1/s/test/specs/R2C/create-equipment.spec.js" />
    </properties>
    <testcase classname="chrome.136_0_7103_49.windows.create-equipment" name="create equipment" time="252.563">
      <system-out><![CDATA[
COMMAND: POST /session/652b5fe75fdd0bb6263b24ae98cbc99a/execute/async - {"script":"<script> [1562 bytes]","args":[{"selector":{"controlType":"sap.m.GenericTile","properties":{"header":"Manage Resources"}},"wdio_ui5_key":"sapm.GenericTile{\"header\":\"Manage Resources\"}"}]}
RESULT: {}
RESULT: {"script":"<script> [1562 bytes]","args":[{"selector":{"controlType":"sap.m.GenericTile","properties":{"header":"Manage Resources"}},"wdio_ui5_key":"sapm.GenericTile{\"header\":\"Manage Resources\"}"}]}
RESULT: undefined
COMMAND: POST /session/652b5fe75fdd0bb6263b24ae98cbc99a/element - {"using":"xpath","value":"//*[@id=\"__tile31\"]"}
RESULT: {"using":"xpath","value":"//*[@id=\"__tile31\"]"}
COMMAND: POST /session/652b5fe75fdd0bb6263b24ae98cbc99a/element/f.F756EF649BFACFC99A3D872C6535431B.d.6AA9B9D87A20A8EE3F316D88FCB95A33.e.7394/click - {}
RESULT: {}
COMMAND: GET /session/652b5fe75fdd0bb6263b24ae98cbc99a/screenshot - {}
RESULT: {}
COMMAND: POST /session/652b5fe75fdd0bb6263b24ae98cbc99a/elements - {"using":"xpath","value":"//span[text()='Error']"}
RESULT: {"using":"xpath","value":"//span[text()='Error']"}
COMMAND: POST /session/652b5fe75fdd0bb6263b24ae98cbc99a/element - {"using":"xpath","value":"//button[@data-kt=\"addNewRUOverflowToolbarButton\"]"}
RESULT: {"using":"xpath","value":"//button[@data-kt=\"addNewRUOverflowToolbarButton\"]"}
COMMAND: POST /session/652b5fe75fdd0bb6263b24ae98cbc99a/execute/sync - {"script":"<script> [8489 bytes]","args":[{"element-6066-11e4-a52e-4f735466cecf":"f.F756EF649BFACFC99A3D872C6535431B.d.6AA9B9D87A20A8EE3F316D88FCB95A33.e.7531","ELEMENT":"f.F756EF649BFACFC99A3D872C6535431B.d.6AA9B9D87A20A8EE3F316D88FCB95A33.e.7531"}]}
RESULT: {"script":"<script> [8489 bytes]","args":[{"element-6066-11e4-a52e-4f735466cecf":"f.F756EF649BFACFC99A3D872C6535431B.d.6AA9B9D87A20A8EE3F316D88FCB95A33.e.7531","ELEMENT":"f.F756EF649BFACFC99A3D872C6535431B.d.6AA9B9D87A20A8EE3F316D88FCB95A33.e.7531"}]}
COMMAND: POST /session/652b5fe75fdd0bb6263b24ae98cbc99a/element/f.F756EF649BFACFC99A3D872C6535431B.d.6AA9B9D87A20A8EE3F316D88FCB95A33.e.7531/click - {}
COMMAND: GET /session/652b5fe75fdd0bb6263b24ae98cbc99a/screenshot - {}
RESULT: {}
COMMAND: GET /session/652b5fe75fdd0bb6263b24ae98cbc99a/screenshot - {}
RESULT: {}
RESULT: {}
COMMAND: POST /session/652b5fe75fdd0bb6263b24ae98cbc99a/execute/async - {"script":"<script> [1562 bytes]","args":[{"selector":{"controlType":"sap.m.ComboBox","viewName":"reusables.view.manageresources.NewResourceUnit","viewId":"application-manageresources-display-component---newResourceUnit","bindingPath":{"path":"","propertyPath":"/RuTypes","modelName":"catalogModel"},"searchOpenDialogs":true},"wdio_ui5_key":"reusablesview.manageresources.NewResourceUnitsap.m.ComboBox{\"path\":\"\",\"propertyPath\":\"/RuTypes\",\"modelName\":\"catalogModel\"}"}]}
RESULT: {"script":"<script> [1562 bytes]","args":[{"selector":{"controlType":"sap.m.ComboBox","viewName":"reusables.view.manageresources.NewResourceUnit","viewId":"application-manageresources-display-component---newResourceUnit","bindingPath":{"path":"","propertyPath":"/RuTypes","modelName":"catalogModel"},"searchOpenDialogs":true},"wdio_ui5_key":"reusablesview.manageresources.NewResourceUnitsap.m.ComboBox{\"path\":\"\",\"propertyPath\":\"/RuTypes\",\"modelName\":\"catalogModel\"}"}]}
RESULT: undefined
COMMAND: POST /session/652b5fe75fdd0bb6263b24ae98cbc99a/execute/async - {"script":"<script> [1562 bytes]","args":[{"selector":{"controlType":"sap.m.ComboBox","viewName":"reusables.view.manageresources.NewResourceUnit","viewId":"application-manageresources-display-component---newResourceUnit","bindingPath":{"path":"","propertyPath":"/Yards","modelName":"catalogModel"},"searchOpenDialogs":true},"wdio_ui5_key":"reusablesview.manageresources.NewResourceUnitsap.m.ComboBox{\"path\":\"\",\"propertyPath\":\"/Yards\",\"modelName\":\"catalogModel\"}"}]}
RESULT: {"script":"<script> [1562 bytes]","args":[{"selector":{"controlType":"sap.m.ComboBox","viewName":"reusables.view.manageresources.NewResourceUnit","viewId":"application-manageresources-display-component---newResourceUnit","bindingPath":{"path":"","propertyPath":"/Yards","modelName":"catalogModel"},"searchOpenDialogs":true},"wdio_ui5_key":"reusablesview.manageresources.NewResourceUnitsap.m.ComboBox{\"path\":\"\",\"propertyPath\":\"/Yards\",\"modelName\":\"catalogModel\"}"}]}
RESULT: undefined
COMMAND: POST /session/652b5fe75fdd0bb6263b24ae98cbc99a/execute/async - {"script":"<script> [1562 bytes]","args":[{"selector":{"controlType":"etm.portal.ui.reusables.customControls.LiveSearchComboBox","viewName":"reusables.view.manageresources.NewResourceUnit","viewId":"application-manageresources-display-component---newResourceUnit","bindingPath":{"path":"","propertyPath":"/CatalogItems","modelName":"catalogModel"},"searchOpenDialogs":true},"wdio_ui5_key":"reusablesview.manageresources.NewResourceUnitetm.portal.ui.reusables.customControls.LiveSearchComboBox{\"path\":\"\",\"propertyPath\":\"/CatalogItems\",\"modelName\":\"catalogModel\"}"}]}
RESULT: {"script":"<script> [1562 bytes]","args":[{"selector":{"controlType":"etm.portal.ui.reusables.customControls.LiveSearchComboBox","viewName":"reusables.view.manageresources.NewResourceUnit","viewId":"application-manageresources-display-component---newResourceUnit","bindingPath":{"path":"","propertyPath":"/CatalogItems","modelName":"catalogModel"},"searchOpenDialogs":true},"wdio_ui5_key":"reusablesview.manageresources.NewResourceUnitetm.portal.ui.reusables.customControls.LiveSearchComboBox{\"path\":\"\",\"propertyPath\":\"/CatalogItems\",\"modelName\":\"catalogModel\"}"}]}
RESULT: undefined
COMMAND: POST /session/652b5fe75fdd0bb6263b24ae98cbc99a/element - {"using":"xpath","value":"//bdi[text()=\"OK\"]"}
RESULT: {"using":"xpath","value":"//bdi[text()=\"OK\"]"}
COMMAND: POST /session/652b5fe75fdd0bb6263b24ae98cbc99a/elements - {"using":"xpath","value":"//bdi[text()=\"OK\"]"}
RESULT: {"using":"xpath","value":"//bdi[text()=\"OK\"]"}
COMMAND: POST /session/652b5fe75fdd0bb6263b24ae98cbc99a/elements - {"using":"xpath","value":"//bdi[text()=\"OK\"]"}
RESULT: {"using":"xpath","value":"//bdi[text()=\"OK\"]"}
COMMAND: POST /session/652b5fe75fdd0bb6263b24ae98cbc99a/elements - {"using":"xpath","value":"//bdi[text()=\"OK\"]"}
RESULT: {"using":"xpath","value":"//bdi[text()=\"OK\"]"}
COMMAND: POST /session/652b5fe75fdd0bb6263b24ae98cbc99a/elements - {"using":"xpath","value":"//bdi[text()=\"OK\"]"}
RESULT: {"using":"xpath","value":"//bdi[text()=\"OK\"]"}
COMMAND: POST /session/652b5fe75fdd0bb6263b24ae98cbc99a/elements - {"using":"xpath","value":"//bdi[text()=\"OK\"]"}
RESULT: {"using":"xpath","value":"//bdi[text()=\"OK\"]"}
COMMAND: POST /session/652b5fe75fdd0bb6263b24ae98cbc99a/elements - {"using":"xpath","value":"//bdi[text()=\"OK\"]"}
RESULT: {"using":"xpath","value":"//bdi[text()=\"OK\"]"}
COMMAND: POST /session/652b5fe75fdd0bb6263b24ae98cbc99a/elements - {"using":"xpath","value":"//bdi[text()=\"OK\"]"}
RESULT: {"using":"xpath","value":"//bdi[text()=\"OK\"]"}
COMMAND: POST /session/652b5fe75fdd0bb6263b24ae98cbc99a/elements - {"using":"xpath","value":"//bdi[text()=\"OK\"]"}
RESULT: {"using":"xpath","value":"//bdi[text()=\"OK\"]"}
COMMAND: POST /session/652b5fe75fdd0bb6263b24ae98cbc99a/elements - {"using":"xpath","value":"//bdi[text()=\"OK\"]"}
RESULT: {"using":"xpath","value":"//bdi[text()=\"OK\"]"}
COMMAND: POST /session/652b5fe75fdd0bb6263b24ae98cbc99a/elements - {"using":"xpath","value":"//bdi[text()=\"OK\"]"}
RESULT: {"using":"xpath","value":"//bdi[text()=\"OK\"]"}
COMMAND: POST /session/652b5fe75fdd0bb6263b24ae98cbc99a/elements - {"using":"xpath","value":"//bdi[text()=\"OK\"]"}
RESULT: {"using":"xpath","value":"//bdi[text()=\"OK\"]"}
COMMAND: POST /session/652b5fe75fdd0bb6263b24ae98cbc99a/elements - {"using":"xpath","value":"//bdi[text()=\"OK\"]"}
RESULT: {"using":"xpath","value":"//bdi[text()=\"OK\"]"}
COMMAND: POST /session/652b5fe75fdd0bb6263b24ae98cbc99a/elements - {"using":"xpath","value":"//bdi[text()=\"OK\"]"}
RESULT: {"using":"xpath","value":"//bdi[text()=\"OK\"]"}
COMMAND: POST /session/652b5fe75fdd0bb6263b24ae98cbc99a/elements - {"using":"xpath","value":"//bdi[text()=\"OK\"]"}
RESULT: {"using":"xpath","value":"//bdi[text()=\"OK\"]"}
COMMAND: POST /session/652b5fe75fdd0bb6263b24ae98cbc99a/elements - {"using":"xpath","value":"//bdi[text()=\"OK\"]"}
RESULT: {"using":"xpath","value":"//bdi[text()=\"OK\"]"}
COMMAND: POST /session/652b5fe75fdd0bb6263b24ae98cbc99a/elements - {"using":"xpath","value":"//bdi[text()=\"OK\"]"}
RESULT: {"using":"xpath","value":"//bdi[text()=\"OK\"]"}
COMMAND: POST /session/652b5fe75fdd0bb6263b24ae98cbc99a/elements - {"using":"xpath","value":"//bdi[text()=\"OK\"]"}
RESULT: {"using":"xpath","value":"//bdi[text()=\"OK\"]"}
COMMAND: POST /session/652b5fe75fdd0bb6263b24ae98cbc99a/elements - {"using":"xpath","value":"//bdi[text()=\"OK\"]"}
RESULT: {"using":"xpath","value":"//bdi[text()=\"OK\"]"}
COMMAND: POST /session/652b5fe75fdd0bb6263b24ae98cbc99a/elements - {"using":"xpath","value":"//bdi[text()=\"OK\"]"}
RESULT: {"using":"xpath","value":"//bdi[text()=\"OK\"]"}
COMMAND: POST /session/652b5fe75fdd0bb6263b24ae98cbc99a/elements - {"using":"xpath","value":"//bdi[text()=\"OK\"]"}
RESULT: {"using":"xpath","value":"//bdi[text()=\"OK\"]"}
COMMAND: POST /session/652b5fe75fdd0bb6263b24ae98cbc99a/elements - {"using":"xpath","value":"//bdi[text()=\"OK\"]"}
RESULT: {"using":"xpath","value":"//bdi[text()=\"OK\"]"}
COMMAND: POST /session/652b5fe75fdd0bb6263b24ae98cbc99a/elements - {"using":"xpath","value":"//bdi[text()=\"OK\"]"}
RESULT: {"using":"xpath","value":"//bdi[text()=\"OK\"]"}
COMMAND: POST /session/652b5fe75fdd0bb6263b24ae98cbc99a/elements - {"using":"xpath","value":"//bdi[text()=\"OK\"]"}
RESULT: {"using":"xpath","value":"//bdi[text()=\"OK\"]"}
COMMAND: POST /session/652b5fe75fdd0bb6263b24ae98cbc99a/elements - {"using":"xpath","value":"//bdi[text()=\"OK\"]"}
RESULT: {"using":"xpath","value":"//bdi[text()=\"OK\"]"}
COMMAND: POST /session/652b5fe75fdd0bb6263b24ae98cbc99a/elements - {"using":"xpath","value":"//bdi[text()=\"OK\"]"}
RESULT: {"using":"xpath","value":"//bdi[text()=\"OK\"]"}
COMMAND: POST /session/652b5fe75fdd0bb6263b24ae98cbc99a/elements - {"using":"xpath","value":"//bdi[text()=\"OK\"]"}
RESULT: {"using":"xpath","value":"//bdi[text()=\"OK\"]"}
COMMAND: POST /session/652b5fe75fdd0bb6263b24ae98cbc99a/elements - {"using":"xpath","value":"//bdi[text()=\"OK\"]"}
RESULT: {"using":"xpath","value":"//bdi[text()=\"OK\"]"}
COMMAND: POST /session/652b5fe75fdd0bb6263b24ae98cbc99a/elements - {"using":"xpath","value":"//bdi[text()=\"OK\"]"}
RESULT: {"using":"xpath","value":"//bdi[text()=\"OK\"]"}
COMMAND: POST /session/652b5fe75fdd0bb6263b24ae98cbc99a/elements - {"using":"xpath","value":"//bdi[text()=\"OK\"]"}
RESULT: {"using":"xpath","value":"//bdi[text()=\"OK\"]"}
COMMAND: POST /session/652b5fe75fdd0bb6263b24ae98cbc99a/elements - {"using":"xpath","value":"//bdi[text()=\"OK\"]"}
RESULT: {"using":"xpath","value":"//bdi[text()=\"OK\"]"}
COMMAND: POST /session/652b5fe75fdd0bb6263b24ae98cbc99a/elements - {"using":"xpath","value":"//bdi[text()=\"OK\"]"}
RESULT: {"using":"xpath","value":"//bdi[text()=\"OK\"]"}
COMMAND: POST /session/652b5fe75fdd0bb6263b24ae98cbc99a/elements - {"using":"xpath","value":"//bdi[text()=\"OK\"]"}
RESULT: {"using":"xpath","value":"//bdi[text()=\"OK\"]"}
COMMAND: POST /session/652b5fe75fdd0bb6263b24ae98cbc99a/elements - {"using":"xpath","value":"//bdi[text()=\"OK\"]"}
RESULT: {"using":"xpath","value":"//bdi[text()=\"OK\"]"}
COMMAND: POST /session/652b5fe75fdd0bb6263b24ae98cbc99a/elements - {"using":"xpath","value":"//bdi[text()=\"OK\"]"}
RESULT: {"using":"xpath","value":"//bdi[text()=\"OK\"]"}
COMMAND: POST /session/652b5fe75fdd0bb6263b24ae98cbc99a/elements - {"using":"xpath","value":"//bdi[text()=\"OK\"]"}
RESULT: {"using":"xpath","value":"//bdi[text()=\"OK\"]"}
COMMAND: POST /session/652b5fe75fdd0bb6263b24ae98cbc99a/elements - {"using":"xpath","value":"//bdi[text()=\"OK\"]"}
RESULT: {"using":"xpath","value":"//bdi[text()=\"OK\"]"}
COMMAND: POST /session/652b5fe75fdd0bb6263b24ae98cbc99a/elements - {"using":"xpath","value":"//bdi[text()=\"OK\"]"}
RESULT: {"using":"xpath","value":"//bdi[text()=\"OK\"]"}
COMMAND: POST /session/652b5fe75fdd0bb6263b24ae98cbc99a/elements - {"using":"xpath","value":"//bdi[text()=\"OK\"]"}
RESULT: {"using":"xpath","value":"//bdi[text()=\"OK\"]"}
COMMAND: POST /session/652b5fe75fdd0bb6263b24ae98cbc99a/elements - {"using":"xpath","value":"//bdi[text()=\"OK\"]"}
RESULT: {"using":"xpath","value":"//bdi[text()=\"OK\"]"}
COMMAND: POST /session/652b5fe75fdd0bb6263b24ae98cbc99a/elements - {"using":"xpath","value":"//bdi[text()=\"OK\"]"}
RESULT: {"using":"xpath","value":"//bdi[text()=\"OK\"]"}
COMMAND: POST /session/652b5fe75fdd0bb6263b24ae98cbc99a/elements - {"using":"xpath","value":"//bdi[text()=\"OK\"]"}
RESULT: {"using":"xpath","value":"//bdi[text()=\"OK\"]"}
COMMAND: POST /session/652b5fe75fdd0bb6263b24ae98cbc99a/elements - {"using":"xpath","value":"//bdi[text()=\"OK\"]"}
RESULT: {"using":"xpath","value":"//bdi[text()=\"OK\"]"}
COMMAND: POST /session/652b5fe75fdd0bb6263b24ae98cbc99a/elements - {"using":"xpath","value":"//bdi[text()=\"OK\"]"}
RESULT: {"using":"xpath","value":"//bdi[text()=\"OK\"]"}
COMMAND: POST /session/652b5fe75fdd0bb6263b24ae98cbc99a/elements - {"using":"xpath","value":"//bdi[text()=\"OK\"]"}
RESULT: {"using":"xpath","value":"//bdi[text()=\"OK\"]"}
COMMAND: POST /session/652b5fe75fdd0bb6263b24ae98cbc99a/elements - {"using":"xpath","value":"//bdi[text()=\"OK\"]"}
RESULT: {"using":"xpath","value":"//bdi[text()=\"OK\"]"}
COMMAND: POST /session/652b5fe75fdd0bb6263b24ae98cbc99a/elements - {"using":"xpath","value":"//bdi[text()=\"OK\"]"}
RESULT: {"using":"xpath","value":"//bdi[text()=\"OK\"]"}
COMMAND: POST /session/652b5fe75fdd0bb6263b24ae98cbc99a/elements - {"using":"xpath","value":"//bdi[text()=\"OK\"]"}
RESULT: {"using":"xpath","value":"//bdi[text()=\"OK\"]"}
COMMAND: POST /session/652b5fe75fdd0bb6263b24ae98cbc99a/elements - {"using":"xpath","value":"//bdi[text()=\"OK\"]"}
RESULT: {"using":"xpath","value":"//bdi[text()=\"OK\"]"}
COMMAND: POST /session/652b5fe75fdd0bb6263b24ae98cbc99a/elements - {"using":"xpath","value":"//bdi[text()=\"OK\"]"}
RESULT: {"using":"xpath","value":"//bdi[text()=\"OK\"]"}
COMMAND: POST /session/652b5fe75fdd0bb6263b24ae98cbc99a/elements - {"using":"xpath","value":"//bdi[text()=\"OK\"]"}
RESULT: {"using":"xpath","value":"//bdi[text()=\"OK\"]"}
COMMAND: POST /session/652b5fe75fdd0bb6263b24ae98cbc99a/elements - {"using":"xpath","value":"//bdi[text()=\"OK\"]"}
RESULT: {"using":"xpath","value":"//bdi[text()=\"OK\"]"}
COMMAND: POST /session/652b5fe75fdd0bb6263b24ae98cbc99a/elements - {"using":"xpath","value":"//bdi[text()=\"OK\"]"}
RESULT: {"using":"xpath","value":"//bdi[text()=\"OK\"]"}
COMMAND: POST /session/652b5fe75fdd0bb6263b24ae98cbc99a/elements - {"using":"xpath","value":"//bdi[text()=\"OK\"]"}
RESULT: {"using":"xpath","value":"//bdi[text()=\"OK\"]"}
COMMAND: POST /session/652b5fe75fdd0bb6263b24ae98cbc99a/elements - {"using":"xpath","value":"//bdi[text()=\"OK\"]"}
RESULT: {"using":"xpath","value":"//bdi[text()=\"OK\"]"}
COMMAND: POST /session/652b5fe75fdd0bb6263b24ae98cbc99a/elements - {"using":"xpath","value":"//bdi[text()=\"OK\"]"}
RESULT: {"using":"xpath","value":"//bdi[text()=\"OK\"]"}
COMMAND: POST /session/652b5fe75fdd0bb6263b24ae98cbc99a/elements - {"using":"xpath","value":"//bdi[text()=\"OK\"]"}
RESULT: {"using":"xpath","value":"//bdi[text()=\"OK\"]"}
COMMAND: POST /session/652b5fe75fdd0bb6263b24ae98cbc99a/elements - {"using":"xpath","value":"//bdi[text()=\"OK\"]"}
RESULT: {"using":"xpath","value":"//bdi[text()=\"OK\"]"}
COMMAND: POST /session/652b5fe75fdd0bb6263b24ae98cbc99a/elements - {"using":"xpath","value":"//bdi[text()=\"OK\"]"}
RESULT: {"using":"xpath","value":"//bdi[text()=\"OK\"]"}
COMMAND: POST /session/652b5fe75fdd0bb6263b24ae98cbc99a/elements - {"using":"xpath","value":"//bdi[text()=\"OK\"]"}
RESULT: {"using":"xpath","value":"//bdi[text()=\"OK\"]"}
COMMAND: POST /session/652b5fe75fdd0bb6263b24ae98cbc99a/elements - {"using":"xpath","value":"//bdi[text()=\"OK\"]"}
RESULT: {"using":"xpath","value":"//bdi[text()=\"OK\"]"}
COMMAND: POST /session/652b5fe75fdd0bb6263b24ae98cbc99a/elements - {"using":"xpath","value":"//bdi[text()=\"OK\"]"}
RESULT: {"using":"xpath","value":"//bdi[text()=\"OK\"]"}
COMMAND: POST /session/652b5fe75fdd0bb6263b24ae98cbc99a/elements - {"using":"xpath","value":"//bdi[text()=\"OK\"]"}
RESULT: {"using":"xpath","value":"//bdi[text()=\"OK\"]"}
COMMAND: POST /session/652b5fe75fdd0bb6263b24ae98cbc99a/elements - {"using":"xpath","value":"//bdi[text()=\"OK\"]"}
RESULT: {"using":"xpath","value":"//bdi[text()=\"OK\"]"}
COMMAND: POST /session/652b5fe75fdd0bb6263b24ae98cbc99a/elements - {"using":"xpath","value":"//bdi[text()=\"OK\"]"}
RESULT: {"using":"xpath","value":"//bdi[text()=\"OK\"]"}
COMMAND: POST /session/652b5fe75fdd0bb6263b24ae98cbc99a/elements - {"using":"xpath","value":"//bdi[text()=\"OK\"]"}
RESULT: {"using":"xpath","value":"//bdi[text()=\"OK\"]"}
COMMAND: POST /session/652b5fe75fdd0bb6263b24ae98cbc99a/elements - {"using":"xpath","value":"//bdi[text()=\"OK\"]"}
RESULT: {"using":"xpath","value":"//bdi[text()=\"OK\"]"}
COMMAND: POST /session/652b5fe75fdd0bb6263b24ae98cbc99a/elements - {"using":"xpath","value":"//bdi[text()=\"OK\"]"}
RESULT: {"using":"xpath","value":"//bdi[text()=\"OK\"]"}
COMMAND: POST /session/652b5fe75fdd0bb6263b24ae98cbc99a/elements - {"using":"xpath","value":"//bdi[text()=\"OK\"]"}
RESULT: {"using":"xpath","value":"//bdi[text()=\"OK\"]"}
COMMAND: POST /session/652b5fe75fdd0bb6263b24ae98cbc99a/elements - {"using":"xpath","value":"//bdi[text()=\"OK\"]"}
RESULT: {"using":"xpath","value":"//bdi[text()=\"OK\"]"}
COMMAND: POST /session/652b5fe75fdd0bb6263b24ae98cbc99a/elements - {"using":"xpath","value":"//bdi[text()=\"OK\"]"}
RESULT: {"using":"xpath","value":"//bdi[text()=\"OK\"]"}
COMMAND: POST /session/652b5fe75fdd0bb6263b24ae98cbc99a/elements - {"using":"xpath","value":"//bdi[text()=\"OK\"]"}
RESULT: {"using":"xpath","value":"//bdi[text()=\"OK\"]"}
COMMAND: POST /session/652b5fe75fdd0bb6263b24ae98cbc99a/elements - {"using":"xpath","value":"//bdi[text()=\"OK\"]"}
RESULT: {"using":"xpath","value":"//bdi[text()=\"OK\"]"}
COMMAND: POST /session/652b5fe75fdd0bb6263b24ae98cbc99a/elements - {"using":"xpath","value":"//bdi[text()=\"OK\"]"}
RESULT: {"using":"xpath","value":"//bdi[text()=\"OK\"]"}
COMMAND: POST /session/652b5fe75fdd0bb6263b24ae98cbc99a/elements - {"using":"xpath","value":"//bdi[text()=\"OK\"]"}
RESULT: {"using":"xpath","value":"//bdi[text()=\"OK\"]"}
COMMAND: POST /session/652b5fe75fdd0bb6263b24ae98cbc99a/elements - {"using":"xpath","value":"//bdi[text()=\"OK\"]"}
RESULT: {"using":"xpath","value":"//bdi[text()=\"OK\"]"}
COMMAND: POST /session/652b5fe75fdd0bb6263b24ae98cbc99a/elements - {"using":"xpath","value":"//bdi[text()=\"OK\"]"}
RESULT: {"using":"xpath","value":"//bdi[text()=\"OK\"]"}
COMMAND: POST /session/652b5fe75fdd0bb6263b24ae98cbc99a/elements - {"using":"xpath","value":"//bdi[text()=\"OK\"]"}
RESULT: {"using":"xpath","value":"//bdi[text()=\"OK\"]"}
COMMAND: POST /session/652b5fe75fdd0bb6263b24ae98cbc99a/elements - {"using":"xpath","value":"//bdi[text()=\"OK\"]"}
RESULT: {"using":"xpath","value":"//bdi[text()=\"OK\"]"}
COMMAND: POST /session/652b5fe75fdd0bb6263b24ae98cbc99a/elements - {"using":"xpath","value":"//bdi[text()=\"OK\"]"}
RESULT: {"using":"xpath","value":"//bdi[text()=\"OK\"]"}
COMMAND: POST /session/652b5fe75fdd0bb6263b24ae98cbc99a/elements - {"using":"xpath","value":"//bdi[text()=\"OK\"]"}
RESULT: {"using":"xpath","value":"//bdi[text()=\"OK\"]"}
COMMAND: POST /session/652b5fe75fdd0bb6263b24ae98cbc99a/elements - {"using":"xpath","value":"//bdi[text()=\"OK\"]"}
RESULT: {"using":"xpath","value":"//bdi[text()=\"OK\"]"}
COMMAND: POST /session/652b5fe75fdd0bb6263b24ae98cbc99a/elements - {"using":"xpath","value":"//bdi[text()=\"OK\"]"}
RESULT: {"using":"xpath","value":"//bdi[text()=\"OK\"]"}
COMMAND: POST /session/652b5fe75fdd0bb6263b24ae98cbc99a/elements - {"using":"xpath","value":"//bdi[text()=\"OK\"]"}
RESULT: {"using":"xpath","value":"//bdi[text()=\"OK\"]"}
COMMAND: POST /session/652b5fe75fdd0bb6263b24ae98cbc99a/elements - {"using":"xpath","value":"//bdi[text()=\"OK\"]"}
RESULT: {"using":"xpath","value":"//bdi[text()=\"OK\"]"}
COMMAND: POST /session/652b5fe75fdd0bb6263b24ae98cbc99a/elements - {"using":"xpath","value":"//bdi[text()=\"OK\"]"}
RESULT: {"using":"xpath","value":"//bdi[text()=\"OK\"]"}
COMMAND: POST /session/652b5fe75fdd0bb6263b24ae98cbc99a/elements - {"using":"xpath","value":"//bdi[text()=\"OK\"]"}
RESULT: {"using":"xpath","value":"//bdi[text()=\"OK\"]"}
COMMAND: POST /session/652b5fe75fdd0bb6263b24ae98cbc99a/elements - {"using":"xpath","value":"//bdi[text()=\"OK\"]"}
RESULT: {"using":"xpath","value":"//bdi[text()=\"OK\"]"}
COMMAND: POST /session/652b5fe75fdd0bb6263b24ae98cbc99a/elements - {"using":"xpath","value":"//bdi[text()=\"OK\"]"}
RESULT: {"using":"xpath","value":"//bdi[text()=\"OK\"]"}
COMMAND: POST /session/652b5fe75fdd0bb6263b24ae98cbc99a/elements - {"using":"xpath","value":"//bdi[text()=\"OK\"]"}
RESULT: {"using":"xpath","value":"//bdi[text()=\"OK\"]"}
COMMAND: POST /session/652b5fe75fdd0bb6263b24ae98cbc99a/elements - {"using":"xpath","value":"//bdi[text()=\"OK\"]"}
RESULT: {"using":"xpath","value":"//bdi[text()=\"OK\"]"}
COMMAND: POST /session/652b5fe75fdd0bb6263b24ae98cbc99a/elements - {"using":"xpath","value":"//bdi[text()=\"OK\"]"}
RESULT: {"using":"xpath","value":"//bdi[text()=\"OK\"]"}
COMMAND: POST /session/652b5fe75fdd0bb6263b24ae98cbc99a/elements - {"using":"xpath","value":"//bdi[text()=\"OK\"]"}
RESULT: {"using":"xpath","value":"//bdi[text()=\"OK\"]"}
COMMAND: POST /session/652b5fe75fdd0bb6263b24ae98cbc99a/elements - {"using":"xpath","value":"//bdi[text()=\"OK\"]"}
RESULT: {"using":"xpath","value":"//bdi[text()=\"OK\"]"}
COMMAND: POST /session/652b5fe75fdd0bb6263b24ae98cbc99a/elements - {"using":"xpath","value":"//bdi[text()=\"OK\"]"}
RESULT: {"using":"xpath","value":"//bdi[text()=\"OK\"]"}
COMMAND: POST /session/652b5fe75fdd0bb6263b24ae98cbc99a/elements - {"using":"xpath","value":"//bdi[text()=\"OK\"]"}
RESULT: {"using":"xpath","value":"//bdi[text()=\"OK\"]"}
COMMAND: POST /session/652b5fe75fdd0bb6263b24ae98cbc99a/elements - {"using":"xpath","value":"//bdi[text()=\"OK\"]"}
RESULT: {"using":"xpath","value":"//bdi[text()=\"OK\"]"}
COMMAND: POST /session/652b5fe75fdd0bb6263b24ae98cbc99a/elements - {"using":"xpath","value":"//bdi[text()=\"OK\"]"}
RESULT: {"using":"xpath","value":"//bdi[text()=\"OK\"]"}
COMMAND: POST /session/652b5fe75fdd0bb6263b24ae98cbc99a/elements - {"using":"xpath","value":"//bdi[text()=\"OK\"]"}
RESULT: {"using":"xpath","value":"//bdi[text()=\"OK\"]"}
COMMAND: POST /session/652b5fe75fdd0bb6263b24ae98cbc99a/elements - {"using":"xpath","value":"//bdi[text()=\"OK\"]"}
RESULT: {"using":"xpath","value":"//bdi[text()=\"OK\"]"}
COMMAND: POST /session/652b5fe75fdd0bb6263b24ae98cbc99a/elements - {"using":"xpath","value":"//bdi[text()=\"OK\"]"}
RESULT: {"using":"xpath","value":"//bdi[text()=\"OK\"]"}
COMMAND: POST /session/652b5fe75fdd0bb6263b24ae98cbc99a/elements - {"using":"xpath","value":"//bdi[text()=\"OK\"]"}
RESULT: {"using":"xpath","value":"//bdi[text()=\"OK\"]"}
COMMAND: POST /session/652b5fe75fdd0bb6263b24ae98cbc99a/elements - {"using":"xpath","value":"//bdi[text()=\"OK\"]"}
RESULT: {"using":"xpath","value":"//bdi[text()=\"OK\"]"}
COMMAND: POST /session/652b5fe75fdd0bb6263b24ae98cbc99a/elements - {"using":"xpath","value":"//bdi[text()=\"OK\"]"}
RESULT: {"using":"xpath","value":"//bdi[text()=\"OK\"]"}
COMMAND: POST /session/652b5fe75fdd0bb6263b24ae98cbc99a/elements - {"using":"xpath","value":"//bdi[text()=\"OK\"]"}
RESULT: {"using":"xpath","value":"//bdi[text()=\"OK\"]"}
COMMAND: POST /session/652b5fe75fdd0bb6263b24ae98cbc99a/elements - {"using":"xpath","value":"//bdi[text()=\"OK\"]"}
RESULT: {"using":"xpath","value":"//bdi[text()=\"OK\"]"}
COMMAND: POST /session/652b5fe75fdd0bb6263b24ae98cbc99a/elements - {"using":"xpath","value":"//bdi[text()=\"OK\"]"}
RESULT: {"using":"xpath","value":"//bdi[text()=\"OK\"]"}
COMMAND: POST /session/652b5fe75fdd0bb6263b24ae98cbc99a/elements - {"using":"xpath","value":"//bdi[text()=\"OK\"]"}
RESULT: {"using":"xpath","value":"//bdi[text()=\"OK\"]"}
COMMAND: POST /session/652b5fe75fdd0bb6263b24ae98cbc99a/elements - {"using":"xpath","value":"//bdi[text()=\"OK\"]"}
RESULT: {"using":"xpath","value":"//bdi[text()=\"OK\"]"}
COMMAND: POST /session/652b5fe75fdd0bb6263b24ae98cbc99a/elements - {"using":"xpath","value":"//bdi[text()=\"OK\"]"}
RESULT: {"using":"xpath","value":"//bdi[text()=\"OK\"]"}
COMMAND: POST /session/652b5fe75fdd0bb6263b24ae98cbc99a/elements - {"using":"xpath","value":"//bdi[text()=\"OK\"]"}
RESULT: {"using":"xpath","value":"//bdi[text()=\"OK\"]"}
COMMAND: POST /session/652b5fe75fdd0bb6263b24ae98cbc99a/elements - {"using":"xpath","value":"//bdi[text()=\"OK\"]"}
RESULT: {"using":"xpath","value":"//bdi[text()=\"OK\"]"}
COMMAND: POST /session/652b5fe75fdd0bb6263b24ae98cbc99a/elements - {"using":"xpath","value":"//bdi[text()=\"OK\"]"}
RESULT: {"using":"xpath","value":"//bdi[text()=\"OK\"]"}
COMMAND: POST /session/652b5fe75fdd0bb6263b24ae98cbc99a/elements - {"using":"xpath","value":"//bdi[text()=\"OK\"]"}
RESULT: {"using":"xpath","value":"//bdi[text()=\"OK\"]"}
COMMAND: POST /session/652b5fe75fdd0bb6263b24ae98cbc99a/elements - {"using":"xpath","value":"//bdi[text()=\"OK\"]"}
RESULT: {"using":"xpath","value":"//bdi[text()=\"OK\"]"}
COMMAND: POST /session/652b5fe75fdd0bb6263b24ae98cbc99a/elements - {"using":"xpath","value":"//bdi[text()=\"OK\"]"}
RESULT: {"using":"xpath","value":"//bdi[text()=\"OK\"]"}
COMMAND: POST /session/652b5fe75fdd0bb6263b24ae98cbc99a/elements - {"using":"xpath","value":"//bdi[text()=\"OK\"]"}
RESULT: {"using":"xpath","value":"//bdi[text()=\"OK\"]"}
COMMAND: POST /session/652b5fe75fdd0bb6263b24ae98cbc99a/elements - {"using":"xpath","value":"//bdi[text()=\"OK\"]"}
RESULT: {"using":"xpath","value":"//bdi[text()=\"OK\"]"}
COMMAND: POST /session/652b5fe75fdd0bb6263b24ae98cbc99a/elements - {"using":"xpath","value":"//bdi[text()=\"OK\"]"}
RESULT: {"using":"xpath","value":"//bdi[text()=\"OK\"]"}
COMMAND: POST /session/652b5fe75fdd0bb6263b24ae98cbc99a/elements - {"using":"xpath","value":"//bdi[text()=\"OK\"]"}
RESULT: {"using":"xpath","value":"//bdi[text()=\"OK\"]"}
COMMAND: POST /session/652b5fe75fdd0bb6263b24ae98cbc99a/elements - {"using":"xpath","value":"//bdi[text()=\"OK\"]"}
RESULT: {"using":"xpath","value":"//bdi[text()=\"OK\"]"}
COMMAND: POST /session/652b5fe75fdd0bb6263b24ae98cbc99a/elements - {"using":"xpath","value":"//bdi[text()=\"OK\"]"}
COMMAND: POST /session/652b5fe75fdd0bb6263b24ae98cbc99a/element - {"using":"xpath","value":"//bdi[text()=\"OK\"]"}
RESULT: {"using":"xpath","value":"//bdi[text()=\"OK\"]"}
RESULT: {"using":"xpath","value":"//bdi[text()=\"OK\"]"}
COMMAND: POST /session/652b5fe75fdd0bb6263b24ae98cbc99a/elements - {"using":"xpath","value":"//bdi[text()=\"OK\"]"}
RESULT: {"using":"xpath","value":"//bdi[text()=\"OK\"]"}
COMMAND: POST /session/652b5fe75fdd0bb6263b24ae98cbc99a/elements - {"using":"xpath","value":"//bdi[text()=\"OK\"]"}
RESULT: {"using":"xpath","value":"//bdi[text()=\"OK\"]"}
COMMAND: POST /session/652b5fe75fdd0bb6263b24ae98cbc99a/elements - {"using":"xpath","value":"//bdi[text()=\"OK\"]"}
RESULT: {"using":"xpath","value":"//bdi[text()=\"OK\"]"}
COMMAND: POST /session/652b5fe75fdd0bb6263b24ae98cbc99a/elements - {"using":"xpath","value":"//bdi[text()=\"OK\"]"}
RESULT: {"using":"xpath","value":"//bdi[text()=\"OK\"]"}
COMMAND: POST /session/652b5fe75fdd0bb6263b24ae98cbc99a/elements - {"using":"xpath","value":"//bdi[text()=\"OK\"]"}
RESULT: {"using":"xpath","value":"//bdi[text()=\"OK\"]"}
COMMAND: POST /session/652b5fe75fdd0bb6263b24ae98cbc99a/elements - {"using":"xpath","value":"//bdi[text()=\"OK\"]"}
RESULT: {"using":"xpath","value":"//bdi[text()=\"OK\"]"}
COMMAND: POST /session/652b5fe75fdd0bb6263b24ae98cbc99a/elements - {"using":"xpath","value":"//bdi[text()=\"OK\"]"}
RESULT: {"using":"xpath","value":"//bdi[text()=\"OK\"]"}
COMMAND: POST /session/652b5fe75fdd0bb6263b24ae98cbc99a/elements - {"using":"xpath","value":"//bdi[text()=\"OK\"]"}
RESULT: {"using":"xpath","value":"//bdi[text()=\"OK\"]"}
COMMAND: POST /session/652b5fe75fdd0bb6263b24ae98cbc99a/elements - {"using":"xpath","value":"//bdi[text()=\"OK\"]"}
RESULT: {"using":"xpath","value":"//bdi[text()=\"OK\"]"}
COMMAND: POST /session/652b5fe75fdd0bb6263b24ae98cbc99a/elements - {"using":"xpath","value":"//bdi[text()=\"OK\"]"}
RESULT: {"using":"xpath","value":"//bdi[text()=\"OK\"]"}
COMMAND: POST /session/652b5fe75fdd0bb6263b24ae98cbc99a/elements - {"using":"xpath","value":"//bdi[text()=\"OK\"]"}
RESULT: {"using":"xpath","value":"//bdi[text()=\"OK\"]"}
COMMAND: POST /session/652b5fe75fdd0bb6263b24ae98cbc99a/elements - {"using":"xpath","value":"//bdi[text()=\"OK\"]"}
RESULT: {"using":"xpath","value":"//bdi[text()=\"OK\"]"}
COMMAND: POST /session/652b5fe75fdd0bb6263b24ae98cbc99a/elements - {"using":"xpath","value":"//bdi[text()=\"OK\"]"}
RESULT: {"using":"xpath","value":"//bdi[text()=\"OK\"]"}
COMMAND: POST /session/652b5fe75fdd0bb6263b24ae98cbc99a/elements - {"using":"xpath","value":"//bdi[text()=\"OK\"]"}
RESULT: {"using":"xpath","value":"//bdi[text()=\"OK\"]"}
COMMAND: POST /session/652b5fe75fdd0bb6263b24ae98cbc99a/elements - {"using":"xpath","value":"//bdi[text()=\"OK\"]"}
RESULT: {"using":"xpath","value":"//bdi[text()=\"OK\"]"}
COMMAND: POST /session/652b5fe75fdd0bb6263b24ae98cbc99a/elements - {"using":"xpath","value":"//bdi[text()=\"OK\"]"}
RESULT: {"using":"xpath","value":"//bdi[text()=\"OK\"]"}
COMMAND: POST /session/652b5fe75fdd0bb6263b24ae98cbc99a/elements - {"using":"xpath","value":"//bdi[text()=\"OK\"]"}
RESULT: {"using":"xpath","value":"//bdi[text()=\"OK\"]"}
COMMAND: POST /session/652b5fe75fdd0bb6263b24ae98cbc99a/elements - {"using":"xpath","value":"//bdi[text()=\"OK\"]"}
RESULT: {"using":"xpath","value":"//bdi[text()=\"OK\"]"}
COMMAND: POST /session/652b5fe75fdd0bb6263b24ae98cbc99a/elements - {"using":"xpath","value":"//bdi[text()=\"OK\"]"}
RESULT: {"using":"xpath","value":"//bdi[text()=\"OK\"]"}
COMMAND: POST /session/652b5fe75fdd0bb6263b24ae98cbc99a/elements - {"using":"xpath","value":"//bdi[text()=\"OK\"]"}
RESULT: {"using":"xpath","value":"//bdi[text()=\"OK\"]"}
COMMAND: POST /session/652b5fe75fdd0bb6263b24ae98cbc99a/elements - {"using":"xpath","value":"//bdi[text()=\"OK\"]"}
RESULT: {"using":"xpath","value":"//bdi[text()=\"OK\"]"}
COMMAND: POST /session/652b5fe75fdd0bb6263b24ae98cbc99a/elements - {"using":"xpath","value":"//bdi[text()=\"OK\"]"}
RESULT: {"using":"xpath","value":"//bdi[text()=\"OK\"]"}
COMMAND: POST /session/652b5fe75fdd0bb6263b24ae98cbc99a/elements - {"using":"xpath","value":"//bdi[text()=\"OK\"]"}
RESULT: {"using":"xpath","value":"//bdi[text()=\"OK\"]"}
COMMAND: POST /session/652b5fe75fdd0bb6263b24ae98cbc99a/elements - {"using":"xpath","value":"//bdi[text()=\"OK\"]"}
RESULT: {"using":"xpath","value":"//bdi[text()=\"OK\"]"}
COMMAND: POST /session/652b5fe75fdd0bb6263b24ae98cbc99a/elements - {"using":"xpath","value":"//bdi[text()=\"OK\"]"}
RESULT: {"using":"xpath","value":"//bdi[text()=\"OK\"]"}
COMMAND: POST /session/652b5fe75fdd0bb6263b24ae98cbc99a/elements - {"using":"xpath","value":"//bdi[text()=\"OK\"]"}
RESULT: {"using":"xpath","value":"//bdi[text()=\"OK\"]"}
COMMAND: POST /session/652b5fe75fdd0bb6263b24ae98cbc99a/elements - {"using":"xpath","value":"//bdi[text()=\"OK\"]"}
RESULT: {"using":"xpath","value":"//bdi[text()=\"OK\"]"}
COMMAND: POST /session/652b5fe75fdd0bb6263b24ae98cbc99a/elements - {"using":"xpath","value":"//bdi[text()=\"OK\"]"}
RESULT: {"using":"xpath","value":"//bdi[text()=\"OK\"]"}
COMMAND: POST /session/652b5fe75fdd0bb6263b24ae98cbc99a/elements - {"using":"xpath","value":"//bdi[text()=\"OK\"]"}
RESULT: {"using":"xpath","value":"//bdi[text()=\"OK\"]"}
COMMAND: POST /session/652b5fe75fdd0bb6263b24ae98cbc99a/elements - {"using":"xpath","value":"//bdi[text()=\"OK\"]"}
RESULT: {"using":"xpath","value":"//bdi[text()=\"OK\"]"}
COMMAND: POST /session/652b5fe75fdd0bb6263b24ae98cbc99a/elements - {"using":"xpath","value":"//bdi[text()=\"OK\"]"}
RESULT: {"using":"xpath","value":"//bdi[text()=\"OK\"]"}
COMMAND: POST /session/652b5fe75fdd0bb6263b24ae98cbc99a/elements - {"using":"xpath","value":"//bdi[text()=\"OK\"]"}
RESULT: {"using":"xpath","value":"//bdi[text()=\"OK\"]"}
COMMAND: POST /session/652b5fe75fdd0bb6263b24ae98cbc99a/elements - {"using":"xpath","value":"//bdi[text()=\"OK\"]"}
RESULT: {"using":"xpath","value":"//bdi[text()=\"OK\"]"}
COMMAND: POST /session/652b5fe75fdd0bb6263b24ae98cbc99a/elements - {"using":"xpath","value":"//bdi[text()=\"OK\"]"}
RESULT: {"using":"xpath","value":"//bdi[text()=\"OK\"]"}
COMMAND: POST /session/652b5fe75fdd0bb6263b24ae98cbc99a/elements - {"using":"xpath","value":"//bdi[text()=\"OK\"]"}
RESULT: {"using":"xpath","value":"//bdi[text()=\"OK\"]"}
COMMAND: POST /session/652b5fe75fdd0bb6263b24ae98cbc99a/elements - {"using":"xpath","value":"//bdi[text()=\"OK\"]"}
RESULT: {"using":"xpath","value":"//bdi[text()=\"OK\"]"}
COMMAND: POST /session/652b5fe75fdd0bb6263b24ae98cbc99a/elements - {"using":"xpath","value":"//bdi[text()=\"OK\"]"}
RESULT: {"using":"xpath","value":"//bdi[text()=\"OK\"]"}
COMMAND: POST /session/652b5fe75fdd0bb6263b24ae98cbc99a/elements - {"using":"xpath","value":"//bdi[text()=\"OK\"]"}
RESULT: {"using":"xpath","value":"//bdi[text()=\"OK\"]"}
COMMAND: POST /session/652b5fe75fdd0bb6263b24ae98cbc99a/elements - {"using":"xpath","value":"//bdi[text()=\"OK\"]"}
RESULT: {"using":"xpath","value":"//bdi[text()=\"OK\"]"}
COMMAND: POST /session/652b5fe75fdd0bb6263b24ae98cbc99a/elements - {"using":"xpath","value":"//bdi[text()=\"OK\"]"}
RESULT: {"using":"xpath","value":"//bdi[text()=\"OK\"]"}
COMMAND: POST /session/652b5fe75fdd0bb6263b24ae98cbc99a/elements - {"using":"xpath","value":"//bdi[text()=\"OK\"]"}
RESULT: {"using":"xpath","value":"//bdi[text()=\"OK\"]"}
COMMAND: POST /session/652b5fe75fdd0bb6263b24ae98cbc99a/elements - {"using":"xpath","value":"//bdi[text()=\"OK\"]"}
RESULT: {"using":"xpath","value":"//bdi[text()=\"OK\"]"}
COMMAND: POST /session/652b5fe75fdd0bb6263b24ae98cbc99a/elements - {"using":"xpath","value":"//bdi[text()=\"OK\"]"}
RESULT: {"using":"xpath","value":"//bdi[text()=\"OK\"]"}
COMMAND: POST /session/652b5fe75fdd0bb6263b24ae98cbc99a/elements - {"using":"xpath","value":"//bdi[text()=\"OK\"]"}
RESULT: {"using":"xpath","value":"//bdi[text()=\"OK\"]"}
COMMAND: POST /session/652b5fe75fdd0bb6263b24ae98cbc99a/elements - {"using":"xpath","value":"//bdi[text()=\"OK\"]"}
RESULT: {"using":"xpath","value":"//bdi[text()=\"OK\"]"}
COMMAND: POST /session/652b5fe75fdd0bb6263b24ae98cbc99a/elements - {"using":"xpath","value":"//bdi[text()=\"OK\"]"}
RESULT: {"using":"xpath","value":"//bdi[text()=\"OK\"]"}
COMMAND: POST /session/652b5fe75fdd0bb6263b24ae98cbc99a/elements - {"using":"xpath","value":"//bdi[text()=\"OK\"]"}
RESULT: {"using":"xpath","value":"//bdi[text()=\"OK\"]"}
COMMAND: POST /session/652b5fe75fdd0bb6263b24ae98cbc99a/elements - {"using":"xpath","value":"//bdi[text()=\"OK\"]"}
RESULT: {"using":"xpath","value":"//bdi[text()=\"OK\"]"}
COMMAND: POST /session/652b5fe75fdd0bb6263b24ae98cbc99a/elements - {"using":"xpath","value":"//bdi[text()=\"OK\"]"}
RESULT: {"using":"xpath","value":"//bdi[text()=\"OK\"]"}
COMMAND: POST /session/652b5fe75fdd0bb6263b24ae98cbc99a/elements - {"using":"xpath","value":"//bdi[text()=\"OK\"]"}
RESULT: {"using":"xpath","value":"//bdi[text()=\"OK\"]"}
COMMAND: POST /session/652b5fe75fdd0bb6263b24ae98cbc99a/elements - {"using":"xpath","value":"//bdi[text()=\"OK\"]"}
RESULT: {"using":"xpath","value":"//bdi[text()=\"OK\"]"}
COMMAND: POST /session/652b5fe75fdd0bb6263b24ae98cbc99a/elements - {"using":"xpath","value":"//bdi[text()=\"OK\"]"}
RESULT: {"using":"xpath","value":"//bdi[text()=\"OK\"]"}
COMMAND: POST /session/652b5fe75fdd0bb6263b24ae98cbc99a/elements - {"using":"xpath","value":"//bdi[text()=\"OK\"]"}
RESULT: {"using":"xpath","value":"//bdi[text()=\"OK\"]"}
COMMAND: POST /session/652b5fe75fdd0bb6263b24ae98cbc99a/elements - {"using":"xpath","value":"//bdi[text()=\"OK\"]"}
RESULT: {"using":"xpath","value":"//bdi[text()=\"OK\"]"}
COMMAND: POST /session/652b5fe75fdd0bb6263b24ae98cbc99a/elements - {"using":"xpath","value":"//bdi[text()=\"OK\"]"}
RESULT: {"using":"xpath","value":"//bdi[text()=\"OK\"]"}
COMMAND: POST /session/652b5fe75fdd0bb6263b24ae98cbc99a/elements - {"using":"xpath","value":"//bdi[text()=\"OK\"]"}
RESULT: {"using":"xpath","value":"//bdi[text()=\"OK\"]"}
COMMAND: POST /session/652b5fe75fdd0bb6263b24ae98cbc99a/elements - {"using":"xpath","value":"//bdi[text()=\"OK\"]"}
RESULT: {"using":"xpath","value":"//bdi[text()=\"OK\"]"}
COMMAND: POST /session/652b5fe75fdd0bb6263b24ae98cbc99a/elements - {"using":"xpath","value":"//bdi[text()=\"OK\"]"}
RESULT: {"using":"xpath","value":"//bdi[text()=\"OK\"]"}
COMMAND: POST /session/652b5fe75fdd0bb6263b24ae98cbc99a/elements - {"using":"xpath","value":"//bdi[text()=\"OK\"]"}
RESULT: {"using":"xpath","value":"//bdi[text()=\"OK\"]"}
COMMAND: POST /session/652b5fe75fdd0bb6263b24ae98cbc99a/elements - {"using":"xpath","value":"//bdi[text()=\"OK\"]"}
RESULT: {"using":"xpath","value":"//bdi[text()=\"OK\"]"}
COMMAND: POST /session/652b5fe75fdd0bb6263b24ae98cbc99a/elements - {"using":"xpath","value":"//bdi[text()=\"OK\"]"}
RESULT: {"using":"xpath","value":"//bdi[text()=\"OK\"]"}
COMMAND: POST /session/652b5fe75fdd0bb6263b24ae98cbc99a/elements - {"using":"xpath","value":"//bdi[text()=\"OK\"]"}
RESULT: {"using":"xpath","value":"//bdi[text()=\"OK\"]"}
COMMAND: POST /session/652b5fe75fdd0bb6263b24ae98cbc99a/elements - {"using":"xpath","value":"//bdi[text()=\"OK\"]"}
RESULT: {"using":"xpath","value":"//bdi[text()=\"OK\"]"}
COMMAND: POST /session/652b5fe75fdd0bb6263b24ae98cbc99a/elements - {"using":"xpath","value":"//bdi[text()=\"OK\"]"}
RESULT: {"using":"xpath","value":"//bdi[text()=\"OK\"]"}
COMMAND: POST /session/652b5fe75fdd0bb6263b24ae98cbc99a/elements - {"using":"xpath","value":"//bdi[text()=\"OK\"]"}
RESULT: {"using":"xpath","value":"//bdi[text()=\"OK\"]"}
COMMAND: POST /session/652b5fe75fdd0bb6263b24ae98cbc99a/elements - {"using":"xpath","value":"//bdi[text()=\"OK\"]"}
RESULT: {"using":"xpath","value":"//bdi[text()=\"OK\"]"}
COMMAND: POST /session/652b5fe75fdd0bb6263b24ae98cbc99a/elements - {"using":"xpath","value":"//bdi[text()=\"OK\"]"}
RESULT: {"using":"xpath","value":"//bdi[text()=\"OK\"]"}
COMMAND: POST /session/652b5fe75fdd0bb6263b24ae98cbc99a/elements - {"using":"xpath","value":"//bdi[text()=\"OK\"]"}
RESULT: {"using":"xpath","value":"//bdi[text()=\"OK\"]"}
COMMAND: POST /session/652b5fe75fdd0bb6263b24ae98cbc99a/elements - {"using":"xpath","value":"//bdi[text()=\"OK\"]"}
RESULT: {"using":"xpath","value":"//bdi[text()=\"OK\"]"}
COMMAND: POST /session/652b5fe75fdd0bb6263b24ae98cbc99a/elements - {"using":"xpath","value":"//bdi[text()=\"OK\"]"}
RESULT: {"using":"xpath","value":"//bdi[text()=\"OK\"]"}
COMMAND: POST /session/652b5fe75fdd0bb6263b24ae98cbc99a/elements - {"using":"xpath","value":"//bdi[text()=\"OK\"]"}
RESULT: {"using":"xpath","value":"//bdi[text()=\"OK\"]"}
COMMAND: POST /session/652b5fe75fdd0bb6263b24ae98cbc99a/elements - {"using":"xpath","value":"//bdi[text()=\"OK\"]"}
RESULT: {"using":"xpath","value":"//bdi[text()=\"OK\"]"}
COMMAND: POST /session/652b5fe75fdd0bb6263b24ae98cbc99a/elements - {"using":"xpath","value":"//bdi[text()=\"OK\"]"}
RESULT: {"using":"xpath","value":"//bdi[text()=\"OK\"]"}
COMMAND: POST /session/652b5fe75fdd0bb6263b24ae98cbc99a/elements - {"using":"xpath","value":"//bdi[text()=\"OK\"]"}
RESULT: {"using":"xpath","value":"//bdi[text()=\"OK\"]"}
COMMAND: POST /session/652b5fe75fdd0bb6263b24ae98cbc99a/elements - {"using":"xpath","value":"//bdi[text()=\"OK\"]"}
RESULT: {"using":"xpath","value":"//bdi[text()=\"OK\"]"}
COMMAND: POST /session/652b5fe75fdd0bb6263b24ae98cbc99a/elements - {"using":"xpath","value":"//bdi[text()=\"OK\"]"}
RESULT: {"using":"xpath","value":"//bdi[text()=\"OK\"]"}
COMMAND: POST /session/652b5fe75fdd0bb6263b24ae98cbc99a/elements - {"using":"xpath","value":"//bdi[text()=\"OK\"]"}
RESULT: {"using":"xpath","value":"//bdi[text()=\"OK\"]"}
COMMAND: POST /session/652b5fe75fdd0bb6263b24ae98cbc99a/elements - {"using":"xpath","value":"//bdi[text()=\"OK\"]"}
RESULT: {"using":"xpath","value":"//bdi[text()=\"OK\"]"}
COMMAND: POST /session/652b5fe75fdd0bb6263b24ae98cbc99a/elements - {"using":"xpath","value":"//bdi[text()=\"OK\"]"}
RESULT: {"using":"xpath","value":"//bdi[text()=\"OK\"]"}
COMMAND: POST /session/652b5fe75fdd0bb6263b24ae98cbc99a/elements - {"using":"xpath","value":"//bdi[text()=\"OK\"]"}
RESULT: {"using":"xpath","value":"//bdi[text()=\"OK\"]"}
COMMAND: POST /session/652b5fe75fdd0bb6263b24ae98cbc99a/elements - {"using":"xpath","value":"//bdi[text()=\"OK\"]"}
RESULT: {"using":"xpath","value":"//bdi[text()=\"OK\"]"}
COMMAND: POST /session/652b5fe75fdd0bb6263b24ae98cbc99a/elements - {"using":"xpath","value":"//bdi[text()=\"OK\"]"}
RESULT: {"using":"xpath","value":"//bdi[text()=\"OK\"]"}
COMMAND: POST /session/652b5fe75fdd0bb6263b24ae98cbc99a/elements - {"using":"xpath","value":"//bdi[text()=\"OK\"]"}
RESULT: {"using":"xpath","value":"//bdi[text()=\"OK\"]"}
COMMAND: POST /session/652b5fe75fdd0bb6263b24ae98cbc99a/elements - {"using":"xpath","value":"//bdi[text()=\"OK\"]"}
RESULT: {"using":"xpath","value":"//bdi[text()=\"OK\"]"}
COMMAND: POST /session/652b5fe75fdd0bb6263b24ae98cbc99a/elements - {"using":"xpath","value":"//bdi[text()=\"OK\"]"}
RESULT: {"using":"xpath","value":"//bdi[text()=\"OK\"]"}
COMMAND: POST /session/652b5fe75fdd0bb6263b24ae98cbc99a/elements - {"using":"xpath","value":"//bdi[text()=\"OK\"]"}
RESULT: {"using":"xpath","value":"//bdi[text()=\"OK\"]"}
COMMAND: POST /session/652b5fe75fdd0bb6263b24ae98cbc99a/elements - {"using":"xpath","value":"//bdi[text()=\"OK\"]"}
RESULT: {"using":"xpath","value":"//bdi[text()=\"OK\"]"}
COMMAND: POST /session/652b5fe75fdd0bb6263b24ae98cbc99a/elements - {"using":"xpath","value":"//bdi[text()=\"OK\"]"}
RESULT: {"using":"xpath","value":"//bdi[text()=\"OK\"]"}
COMMAND: POST /session/652b5fe75fdd0bb6263b24ae98cbc99a/elements - {"using":"xpath","value":"//bdi[text()=\"OK\"]"}
RESULT: {"using":"xpath","value":"//bdi[text()=\"OK\"]"}
COMMAND: POST /session/652b5fe75fdd0bb6263b24ae98cbc99a/elements - {"using":"xpath","value":"//bdi[text()=\"OK\"]"}
RESULT: {"using":"xpath","value":"//bdi[text()=\"OK\"]"}
COMMAND: POST /session/652b5fe75fdd0bb6263b24ae98cbc99a/elements - {"using":"xpath","value":"//bdi[text()=\"OK\"]"}
RESULT: {"using":"xpath","value":"//bdi[text()=\"OK\"]"}
COMMAND: POST /session/652b5fe75fdd0bb6263b24ae98cbc99a/elements - {"using":"xpath","value":"//bdi[text()=\"OK\"]"}
RESULT: {"using":"xpath","value":"//bdi[text()=\"OK\"]"}
COMMAND: POST /session/652b5fe75fdd0bb6263b24ae98cbc99a/elements - {"using":"xpath","value":"//bdi[text()=\"OK\"]"}
RESULT: {"using":"xpath","value":"//bdi[text()=\"OK\"]"}
COMMAND: POST /session/652b5fe75fdd0bb6263b24ae98cbc99a/elements - {"using":"xpath","value":"//bdi[text()=\"OK\"]"}
RESULT: {"using":"xpath","value":"//bdi[text()=\"OK\"]"}
COMMAND: POST /session/652b5fe75fdd0bb6263b24ae98cbc99a/elements - {"using":"xpath","value":"//bdi[text()=\"OK\"]"}
RESULT: {"using":"xpath","value":"//bdi[text()=\"OK\"]"}
COMMAND: POST /session/652b5fe75fdd0bb6263b24ae98cbc99a/elements - {"using":"xpath","value":"//bdi[text()=\"OK\"]"}
RESULT: {"using":"xpath","value":"//bdi[text()=\"OK\"]"}
COMMAND: POST /session/652b5fe75fdd0bb6263b24ae98cbc99a/elements - {"using":"xpath","value":"//bdi[text()=\"OK\"]"}
RESULT: {"using":"xpath","value":"//bdi[text()=\"OK\"]"}
COMMAND: POST /session/652b5fe75fdd0bb6263b24ae98cbc99a/elements - {"using":"xpath","value":"//bdi[text()=\"OK\"]"}
RESULT: {"using":"xpath","value":"//bdi[text()=\"OK\"]"}
COMMAND: POST /session/652b5fe75fdd0bb6263b24ae98cbc99a/elements - {"using":"xpath","value":"//bdi[text()=\"OK\"]"}
RESULT: {"using":"xpath","value":"//bdi[text()=\"OK\"]"}
COMMAND: POST /session/652b5fe75fdd0bb6263b24ae98cbc99a/elements - {"using":"xpath","value":"//bdi[text()=\"OK\"]"}
RESULT: {"using":"xpath","value":"//bdi[text()=\"OK\"]"}
COMMAND: POST /session/652b5fe75fdd0bb6263b24ae98cbc99a/elements - {"using":"xpath","value":"//bdi[text()=\"OK\"]"}
RESULT: {"using":"xpath","value":"//bdi[text()=\"OK\"]"}
COMMAND: POST /session/652b5fe75fdd0bb6263b24ae98cbc99a/elements - {"using":"xpath","value":"//bdi[text()=\"OK\"]"}
RESULT: {"using":"xpath","value":"//bdi[text()=\"OK\"]"}
COMMAND: POST /session/652b5fe75fdd0bb6263b24ae98cbc99a/elements - {"using":"xpath","value":"//bdi[text()=\"OK\"]"}
RESULT: {"using":"xpath","value":"//bdi[text()=\"OK\"]"}
COMMAND: POST /session/652b5fe75fdd0bb6263b24ae98cbc99a/elements - {"using":"xpath","value":"//bdi[text()=\"OK\"]"}
RESULT: {"using":"xpath","value":"//bdi[text()=\"OK\"]"}
COMMAND: POST /session/652b5fe75fdd0bb6263b24ae98cbc99a/elements - {"using":"xpath","value":"//bdi[text()=\"OK\"]"}
RESULT: {"using":"xpath","value":"//bdi[text()=\"OK\"]"}
COMMAND: POST /session/652b5fe75fdd0bb6263b24ae98cbc99a/elements - {"using":"xpath","value":"//bdi[text()=\"OK\"]"}
RESULT: {"using":"xpath","value":"//bdi[text()=\"OK\"]"}
COMMAND: POST /session/652b5fe75fdd0bb6263b24ae98cbc99a/elements - {"using":"xpath","value":"//bdi[text()=\"OK\"]"}
RESULT: {"using":"xpath","value":"//bdi[text()=\"OK\"]"}
COMMAND: POST /session/652b5fe75fdd0bb6263b24ae98cbc99a/elements - {"using":"xpath","value":"//bdi[text()=\"OK\"]"}
RESULT: {"using":"xpath","value":"//bdi[text()=\"OK\"]"}
COMMAND: POST /session/652b5fe75fdd0bb6263b24ae98cbc99a/elements - {"using":"xpath","value":"//bdi[text()=\"OK\"]"}
RESULT: {"using":"xpath","value":"//bdi[text()=\"OK\"]"}
COMMAND: POST /session/652b5fe75fdd0bb6263b24ae98cbc99a/elements - {"using":"xpath","value":"//bdi[text()=\"OK\"]"}
RESULT: {"using":"xpath","value":"//bdi[text()=\"OK\"]"}
COMMAND: POST /session/652b5fe75fdd0bb6263b24ae98cbc99a/elements - {"using":"xpath","value":"//bdi[text()=\"OK\"]"}
RESULT: {"using":"xpath","value":"//bdi[text()=\"OK\"]"}
COMMAND: POST /session/652b5fe75fdd0bb6263b24ae98cbc99a/elements - {"using":"xpath","value":"//bdi[text()=\"OK\"]"}
RESULT: {"using":"xpath","value":"//bdi[text()=\"OK\"]"}
COMMAND: POST /session/652b5fe75fdd0bb6263b24ae98cbc99a/elements - {"using":"xpath","value":"//bdi[text()=\"OK\"]"}
RESULT: {"using":"xpath","value":"//bdi[text()=\"OK\"]"}
COMMAND: POST /session/652b5fe75fdd0bb6263b24ae98cbc99a/elements - {"using":"xpath","value":"//bdi[text()=\"OK\"]"}
RESULT: {"using":"xpath","value":"//bdi[text()=\"OK\"]"}
COMMAND: POST /session/652b5fe75fdd0bb6263b24ae98cbc99a/elements - {"using":"xpath","value":"//bdi[text()=\"OK\"]"}
RESULT: {"using":"xpath","value":"//bdi[text()=\"OK\"]"}
COMMAND: POST /session/652b5fe75fdd0bb6263b24ae98cbc99a/elements - {"using":"xpath","value":"//bdi[text()=\"OK\"]"}
RESULT: {"using":"xpath","value":"//bdi[text()=\"OK\"]"}
COMMAND: POST /session/652b5fe75fdd0bb6263b24ae98cbc99a/elements - {"using":"xpath","value":"//bdi[text()=\"OK\"]"}
RESULT: {"using":"xpath","value":"//bdi[text()=\"OK\"]"}
COMMAND: POST /session/652b5fe75fdd0bb6263b24ae98cbc99a/elements - {"using":"xpath","value":"//bdi[text()=\"OK\"]"}
RESULT: {"using":"xpath","value":"//bdi[text()=\"OK\"]"}
COMMAND: POST /session/652b5fe75fdd0bb6263b24ae98cbc99a/elements - {"using":"xpath","value":"//bdi[text()=\"OK\"]"}
RESULT: {"using":"xpath","value":"//bdi[text()=\"OK\"]"}
COMMAND: POST /session/652b5fe75fdd0bb6263b24ae98cbc99a/elements - {"using":"xpath","value":"//bdi[text()=\"OK\"]"}
RESULT: {"using":"xpath","value":"//bdi[text()=\"OK\"]"}
COMMAND: POST /session/652b5fe75fdd0bb6263b24ae98cbc99a/elements - {"using":"xpath","value":"//bdi[text()=\"OK\"]"}
RESULT: {"using":"xpath","value":"//bdi[text()=\"OK\"]"}
COMMAND: POST /session/652b5fe75fdd0bb6263b24ae98cbc99a/execute/async - {"script":"<script> [1562 bytes]","args":[{"selector":{"id":"application-manageresources-display-component---newResourceUnit--TYPE-arrow"},"wdio_ui5_key":"applicationmanageresources-display-component---newResourceUnit--TYPE-arrow"}]}
RESULT: {"script":"<script> [1562 bytes]","args":[{"selector":{"id":"application-manageresources-display-component---newResourceUnit--TYPE-arrow"},"wdio_ui5_key":"applicationmanageresources-display-component---newResourceUnit--TYPE-arrow"}]}
RESULT: undefined
COMMAND: POST /session/652b5fe75fdd0bb6263b24ae98cbc99a/element - {"using":"xpath","value":"//*[@id=\"application-manageresources-display-component---newResourceUnit--TYPE-arrow\"]"}
RESULT: {"using":"xpath","value":"//*[@id=\"application-manageresources-display-component---newResourceUnit--TYPE-arrow\"]"}
COMMAND: POST /session/652b5fe75fdd0bb6263b24ae98cbc99a/element/f.F756EF649BFACFC99A3D872C6535431B.d.6AA9B9D87A20A8EE3F316D88FCB95A33.e.7856/click - {}
RESULT: {}
COMMAND: POST /session/652b5fe75fdd0bb6263b24ae98cbc99a/execute/async - {"script":"<script> [1562 bytes]","args":[{"selector":{"controlType":"sap.m.StandardListItem","viewName":"reusables.view.manageresources.NewResourceUnit","viewId":"application-manageresources-display-component---newResourceUnit","properties":{"title":"Equipment"},"searchOpenDialogs":true,"interaction":{"idSuffix":"content"}},"wdio_ui5_key":"reusablesview.manageresources.NewResourceUnitsap.m.StandardListItem{\"title\":\"Equipment\"}"}]}
COMMAND: GET /session/652b5fe75fdd0bb6263b24ae98cbc99a/screenshot - {}
RESULT: {"script":"<script> [1562 bytes]","args":[{"selector":{"controlType":"sap.m.StandardListItem","viewName":"reusables.view.manageresources.NewResourceUnit","viewId":"application-manageresources-display-component---newResourceUnit","properties":{"title":"Equipment"},"searchOpenDialogs":true,"interaction":{"idSuffix":"content"}},"wdio_ui5_key":"reusablesview.manageresources.NewResourceUnitsap.m.StandardListItem{\"title\":\"Equipment\"}"}]}
RESULT: undefined
COMMAND: POST /session/652b5fe75fdd0bb6263b24ae98cbc99a/element - {"using":"xpath","value":"//*[@id=\"__item138\"]"}
RESULT: {}
RESULT: {"using":"xpath","value":"//*[@id=\"__item138\"]"}
COMMAND: POST /session/652b5fe75fdd0bb6263b24ae98cbc99a/element/f.F756EF649BFACFC99A3D872C6535431B.d.6AA9B9D87A20A8EE3F316D88FCB95A33.e.7859/click - {}
RESULT: {}
COMMAND: POST /session/652b5fe75fdd0bb6263b24ae98cbc99a/execute/async - {"script":"<script> [1562 bytes]","args":[{"selector":{"id":"application-manageresources-display-component---newResourceUnit--resourceId","interaction":{"idSuffix":"inner"}},"wdio_ui5_key":"applicationmanageresources-display-component---newResourceUnit--resourceId"}]}
COMMAND: GET /session/652b5fe75fdd0bb6263b24ae98cbc99a/screenshot - {}
RESULT: {"script":"<script> [1562 bytes]","args":[{"selector":{"id":"application-manageresources-display-component---newResourceUnit--resourceId","interaction":{"idSuffix":"inner"}},"wdio_ui5_key":"applicationmanageresources-display-component---newResourceUnit--resourceId"}]}
RESULT: undefined
COMMAND: POST /session/652b5fe75fdd0bb6263b24ae98cbc99a/execute/async - {"script":"<script> [776 bytes]","args":[{"enterText":"EquipmentCounter punsa","selector":{"id":"application-manageresources-display-component---newResourceUnit--resourceId","interaction":{"idSuffix":"inner"}},"clearTextFirst":true,"interactionType":"ENTER_TEXT"}]}
RESULT: {}
RESULT: {"script":"<script> [776 bytes]","args":[{"enterText":"EquipmentCounter punsa","selector":{"id":"application-manageresources-display-component---newResourceUnit--resourceId","interaction":{"idSuffix":"inner"}},"clearTextFirst":true,"interactionType":"ENTER_TEXT"}]}
COMMAND: POST /session/652b5fe75fdd0bb6263b24ae98cbc99a/execute/async - {"script":"<script> [1562 bytes]","args":[{"selector":{"id":"application-manageresources-display-component---newResourceUnit--SHORT_TEXT","interaction":{"idSuffix":"inner"}},"wdio_ui5_key":"applicationmanageresources-display-component---newResourceUnit--SHORT_TEXT"}]}
RESULT: {"script":"<script> [1562 bytes]","args":[{"selector":{"id":"application-manageresources-display-component---newResourceUnit--SHORT_TEXT","interaction":{"idSuffix":"inner"}},"wdio_ui5_key":"applicationmanageresources-display-component---newResourceUnit--SHORT_TEXT"}]}
RESULT: undefined
COMMAND: POST /session/652b5fe75fdd0bb6263b24ae98cbc99a/execute/async - {"script":"<script> [776 bytes]","args":[{"enterText":"EquipmentCounter punsa","selector":{"id":"application-manageresources-display-component---newResourceUnit--SHORT_TEXT","interaction":{"idSuffix":"inner"}},"clearTextFirst":true,"interactionType":"ENTER_TEXT"}]}
RESULT: {"script":"<script> [776 bytes]","args":[{"enterText":"EquipmentCounter punsa","selector":{"id":"application-manageresources-display-component---newResourceUnit--SHORT_TEXT","interaction":{"idSuffix":"inner"}},"clearTextFirst":true,"interactionType":"ENTER_TEXT"}]}
COMMAND: POST /session/652b5fe75fdd0bb6263b24ae98cbc99a/execute/async - {"script":"<script> [1562 bytes]","args":[{"selector":{"id":"application-manageresources-display-component---newResourceUnit--BASE_UNIT_OF_MEASURE","interaction":{"idSuffix":"inner"}},"wdio_ui5_key":"applicationmanageresources-display-component---newResourceUnit--BASE_UNIT_OF_MEASURE"}]}
RESULT: {"script":"<script> [1562 bytes]","args":[{"selector":{"id":"application-manageresources-display-component---newResourceUnit--BASE_UNIT_OF_MEASURE","interaction":{"idSuffix":"inner"}},"wdio_ui5_key":"applicationmanageresources-display-component---newResourceUnit--BASE_UNIT_OF_MEASURE"}]}
RESULT: undefined
COMMAND: POST /session/652b5fe75fdd0bb6263b24ae98cbc99a/execute/async - {"script":"<script> [776 bytes]","args":[{"enterText":"Piece","selector":{"id":"application-manageresources-display-component---newResourceUnit--BASE_UNIT_OF_MEASURE","interaction":{"idSuffix":"inner"}},"clearTextFirst":true,"interactionType":"ENTER_TEXT"}]}
RESULT: {"script":"<script> [776 bytes]","args":[{"enterText":"Piece","selector":{"id":"application-manageresources-display-component---newResourceUnit--BASE_UNIT_OF_MEASURE","interaction":{"idSuffix":"inner"}},"clearTextFirst":true,"interactionType":"ENTER_TEXT"}]}
COMMAND: POST /session/652b5fe75fdd0bb6263b24ae98cbc99a/execute/async - {"script":"<script> [1562 bytes]","args":[{"selector":{"id":"application-manageresources-display-component---newResourceUnit--WEIGHT_UNIT","interaction":{"idSuffix":"inner"}},"wdio_ui5_key":"applicationmanageresources-display-component---newResourceUnit--WEIGHT_UNIT"}]}
RESULT: {"script":"<script> [1562 bytes]","args":[{"selector":{"id":"application-manageresources-display-component---newResourceUnit--WEIGHT_UNIT","interaction":{"idSuffix":"inner"}},"wdio_ui5_key":"applicationmanageresources-display-component---newResourceUnit--WEIGHT_UNIT"}]}
RESULT: undefined
COMMAND: POST /session/652b5fe75fdd0bb6263b24ae98cbc99a/execute/async - {"script":"<script> [776 bytes]","args":[{"enterText":"Gram","selector":{"id":"application-manageresources-display-component---newResourceUnit--WEIGHT_UNIT","interaction":{"idSuffix":"inner"}},"clearTextFirst":true,"interactionType":"ENTER_TEXT"}]}
RESULT: {"script":"<script> [776 bytes]","args":[{"enterText":"Gram","selector":{"id":"application-manageresources-display-component---newResourceUnit--WEIGHT_UNIT","interaction":{"idSuffix":"inner"}},"clearTextFirst":true,"interactionType":"ENTER_TEXT"}]}
COMMAND: POST /session/652b5fe75fdd0bb6263b24ae98cbc99a/execute/async - {"script":"<script> [1562 bytes]","args":[{"selector":{"id":"application-manageresources-display-component---newResourceUnit--newRRUPage-OPHeaderContent-collapseBtn-img"},"wdio_ui5_key":"applicationmanageresources-display-component---newResourceUnit--newRRUPage-OPHeaderContent-collapseBtn-img"}]}
RESULT: {"script":"<script> [1562 bytes]","args":[{"selector":{"id":"application-manageresources-display-component---newResourceUnit--newRRUPage-OPHeaderContent-collapseBtn-img"},"wdio_ui5_key":"applicationmanageresources-display-component---newResourceUnit--newRRUPage-OPHeaderContent-collapseBtn-img"}]}
RESULT: undefined
COMMAND: POST /session/652b5fe75fdd0bb6263b24ae98cbc99a/element - {"using":"xpath","value":"//*[@id=\"application-manageresources-display-component---newResourceUnit--newRRUPage-OPHeaderContent-collapseBtn-img\"]"}
RESULT: {"using":"xpath","value":"//*[@id=\"application-manageresources-display-component---newResourceUnit--newRRUPage-OPHeaderContent-collapseBtn-img\"]"}
COMMAND: POST /session/652b5fe75fdd0bb6263b24ae98cbc99a/element/f.F756EF649BFACFC99A3D872C6535431B.d.6AA9B9D87A20A8EE3F316D88FCB95A33.e.7868/click - {}
RESULT: {}
COMMAND: GET /session/652b5fe75fdd0bb6263b24ae98cbc99a/screenshot - {}
RESULT: {}
COMMAND: POST /session/652b5fe75fdd0bb6263b24ae98cbc99a/element - {"using":"xpath","value":"(//span[contains(@id ,\"application-manageresources-display-component---newResourceUnit--DIMENSION_UNIT-arrow\")])[1]"}
RESULT: {"using":"xpath","value":"(//span[contains(@id ,\"application-manageresources-display-component---newResourceUnit--DIMENSION_UNIT-arrow\")])[1]"}
COMMAND: POST /session/652b5fe75fdd0bb6263b24ae98cbc99a/element/f.F756EF649BFACFC99A3D872C6535431B.d.6AA9B9D87A20A8EE3F316D88FCB95A33.e.7990/click - {}
RESULT: {}
COMMAND: GET /session/652b5fe75fdd0bb6263b24ae98cbc99a/screenshot - {}
RESULT: {}
COMMAND: POST /session/652b5fe75fdd0bb6263b24ae98cbc99a/execute/async - {"script":"<script> [1562 bytes]","args":[{"selector":{"controlType":"sap.m.StandardListItem","viewName":"reusables.view.manageresources.NewResourceUnit","viewId":"application-manageresources-display-component---newResourceUnit","properties":{"title":"Centimeter"},"searchOpenDialogs":true,"interaction":{"idSuffix":"titleText"}},"wdio_ui5_key":"reusablesview.manageresources.NewResourceUnitsap.m.StandardListItem{\"title\":\"Centimeter\"}"}]}
RESULT: {"script":"<script> [1562 bytes]","args":[{"selector":{"controlType":"sap.m.StandardListItem","viewName":"reusables.view.manageresources.NewResourceUnit","viewId":"application-manageresources-display-component---newResourceUnit","properties":{"title":"Centimeter"},"searchOpenDialogs":true,"interaction":{"idSuffix":"titleText"}},"wdio_ui5_key":"reusablesview.manageresources.NewResourceUnitsap.m.StandardListItem{\"title\":\"Centimeter\"}"}]}
RESULT: undefined
COMMAND: POST /session/652b5fe75fdd0bb6263b24ae98cbc99a/element - {"using":"xpath","value":"//*[@id=\"__item179\"]"}
RESULT: {"using":"xpath","value":"//*[@id=\"__item179\"]"}
COMMAND: POST /session/652b5fe75fdd0bb6263b24ae98cbc99a/element/f.F756EF649BFACFC99A3D872C6535431B.d.6AA9B9D87A20A8EE3F316D88FCB95A33.e.7992/click - {}
RESULT: {}
COMMAND: GET /session/652b5fe75fdd0bb6263b24ae98cbc99a/screenshot - {}
RESULT: {}
COMMAND: POST /session/652b5fe75fdd0bb6263b24ae98cbc99a/execute/async - {"script":"<script> [1562 bytes]","args":[{"selector":{"id":"application-manageresources-display-component---newResourceUnit--newRRUPage-anchBar-application-manageresources-display-component---newResourceUnit--control-anchor","interaction":{"idSuffix":"BDI-content"}},"wdio_ui5_key":"applicationmanageresources-display-component---newResourceUnit--newRRUPage-anchBar-application-manageresources-display-component---newResourceUnit--control-anchor"}]}
RESULT: {"script":"<script> [1562 bytes]","args":[{"selector":{"id":"application-manageresources-display-component---newResourceUnit--newRRUPage-anchBar-application-manageresources-display-component---newResourceUnit--control-anchor","interaction":{"idSuffix":"BDI-content"}},"wdio_ui5_key":"applicationmanageresources-display-component---newResourceUnit--newRRUPage-anchBar-application-manageresources-display-component---newResourceUnit--control-anchor"}]}
RESULT: undefined
COMMAND: POST /session/652b5fe75fdd0bb6263b24ae98cbc99a/element - {"using":"xpath","value":"//*[@id=\"application-manageresources-display-component---newResourceUnit--newRRUPage-anchBar-application-manageresources-display-component---newResourceUnit--control-anchor\"]"}
RESULT: {"using":"xpath","value":"//*[@id=\"application-manageresources-display-component---newResourceUnit--newRRUPage-anchBar-application-manageresources-display-component---newResourceUnit--control-anchor\"]"}
COMMAND: POST /session/652b5fe75fdd0bb6263b24ae98cbc99a/element/f.F756EF649BFACFC99A3D872C6535431B.d.6AA9B9D87A20A8EE3F316D88FCB95A33.e.7994/click - {}
RESULT: {}
COMMAND: POST /session/652b5fe75fdd0bb6263b24ae98cbc99a/execute/async - {"script":"<script> [1562 bytes]","args":[{"selector":{"id":"application-manageresources-display-component---newResourceUnit--PLANNING_GROUP","interaction":{"idSuffix":"inner"}},"wdio_ui5_key":"applicationmanageresources-display-component---newResourceUnit--PLANNING_GROUP"}]}
COMMAND: GET /session/652b5fe75fdd0bb6263b24ae98cbc99a/screenshot - {}
RESULT: {"script":"<script> [1562 bytes]","args":[{"selector":{"id":"application-manageresources-display-component---newResourceUnit--PLANNING_GROUP","interaction":{"idSuffix":"inner"}},"wdio_ui5_key":"applicationmanageresources-display-component---newResourceUnit--PLANNING_GROUP"}]}
RESULT: undefined
COMMAND: POST /session/652b5fe75fdd0bb6263b24ae98cbc99a/execute/async - {"script":"<script> [776 bytes]","args":[{"enterText":"Heavy Equi","selector":{"id":"application-manageresources-display-component---newResourceUnit--PLANNING_GROUP","interaction":{"idSuffix":"inner"}},"clearTextFirst":true,"interactionType":"ENTER_TEXT"}]}
RESULT: {}
RESULT: {"script":"<script> [776 bytes]","args":[{"enterText":"Heavy Equi","selector":{"id":"application-manageresources-display-component---newResourceUnit--PLANNING_GROUP","interaction":{"idSuffix":"inner"}},"clearTextFirst":true,"interactionType":"ENTER_TEXT"}]}
COMMAND: POST /session/652b5fe75fdd0bb6263b24ae98cbc99a/execute/async - {"script":"<script> [1562 bytes]","args":[{"selector":{"id":"application-manageresources-display-component---newResourceUnit--ITEM_TYPE-arrow"},"wdio_ui5_key":"applicationmanageresources-display-component---newResourceUnit--ITEM_TYPE-arrow"}]}
RESULT: {"script":"<script> [1562 bytes]","args":[{"selector":{"id":"application-manageresources-display-component---newResourceUnit--ITEM_TYPE-arrow"},"wdio_ui5_key":"applicationmanageresources-display-component---newResourceUnit--ITEM_TYPE-arrow"}]}
RESULT: undefined
COMMAND: POST /session/652b5fe75fdd0bb6263b24ae98cbc99a/element - {"using":"xpath","value":"//*[@id=\"application-manageresources-display-component---newResourceUnit--ITEM_TYPE-arrow\"]"}
RESULT: {"using":"xpath","value":"//*[@id=\"application-manageresources-display-component---newResourceUnit--ITEM_TYPE-arrow\"]"}
COMMAND: POST /session/652b5fe75fdd0bb6263b24ae98cbc99a/element/f.F756EF649BFACFC99A3D872C6535431B.d.6AA9B9D87A20A8EE3F316D88FCB95A33.e.8001/click - {}
RESULT: {}
COMMAND: POST /session/652b5fe75fdd0bb6263b24ae98cbc99a/execute/async - {"script":"<script> [1562 bytes]","args":[{"selector":{"controlType":"sap.m.StandardListItem","viewName":"reusables.view.manageresources.NewResourceUnit","viewId":"application-manageresources-display-component---newResourceUnit","properties":{"title":"Resource Unit"},"searchOpenDialogs":true,"interaction":{"idSuffix":"titleText"}},"wdio_ui5_key":"reusablesview.manageresources.NewResourceUnitsap.m.StandardListItem{\"title\":\"Resource Unit\"}"}]}
COMMAND: GET /session/652b5fe75fdd0bb6263b24ae98cbc99a/screenshot - {}
RESULT: {"script":"<script> [1562 bytes]","args":[{"selector":{"controlType":"sap.m.StandardListItem","viewName":"reusables.view.manageresources.NewResourceUnit","viewId":"application-manageresources-display-component---newResourceUnit","properties":{"title":"Resource Unit"},"searchOpenDialogs":true,"interaction":{"idSuffix":"titleText"}},"wdio_ui5_key":"reusablesview.manageresources.NewResourceUnitsap.m.StandardListItem{\"title\":\"Resource Unit\"}"}]}
RESULT: undefined
COMMAND: POST /session/652b5fe75fdd0bb6263b24ae98cbc99a/element - {"using":"xpath","value":"//*[@id=\"__item201\"]"}
RESULT: {}
RESULT: {"using":"xpath","value":"//*[@id=\"__item201\"]"}
COMMAND: POST /session/652b5fe75fdd0bb6263b24ae98cbc99a/element/f.F756EF649BFACFC99A3D872C6535431B.d.6AA9B9D87A20A8EE3F316D88FCB95A33.e.8003/click - {}
RESULT: {}
COMMAND: POST /session/652b5fe75fdd0bb6263b24ae98cbc99a/element - {"using":"xpath","value":"//bdi[contains(text(), \"Time Segment\")]"}
COMMAND: GET /session/652b5fe75fdd0bb6263b24ae98cbc99a/screenshot - {}
RESULT: {"using":"xpath","value":"//bdi[contains(text(), \"Time Segment\")]"}
COMMAND: GET /session/652b5fe75fdd0bb6263b24ae98cbc99a/element/f.F756EF649BFACFC99A3D872C6535431B.d.6AA9B9D87A20A8EE3F316D88FCB95A33.e.8004/rect - {}
RESULT: {}
RESULT: {}
COMMAND: GET /session/652b5fe75fdd0bb6263b24ae98cbc99a/window/rect - {}
RESULT: {}
COMMAND: POST /session/652b5fe75fdd0bb6263b24ae98cbc99a/execute/sync - {"script":"<script> [92 bytes]","args":[]}
RESULT: {"script":"<script> [92 bytes]","args":[]}
COMMAND: POST /session/652b5fe75fdd0bb6263b24ae98cbc99a/actions - {"actions":[{"id":"action21","type":"wheel","parameters":{},"actions":[{"type":"scroll","x":-1820,"y":-21,"deltaX":0,"deltaY":0,"duration":0,"origin":{"element-6066-11e4-a52e-4f735466cecf":"f.F756EF649BFACFC99A3D872C6535431B.d.6AA9B9D87A20A8EE3F316D88FCB95A33.e.8004"}}]}]}
COMMAND: GET /session/652b5fe75fdd0bb6263b24ae98cbc99a/screenshot - {}
RESULT: {}
COMMAND: POST /session/652b5fe75fdd0bb6263b24ae98cbc99a/execute/sync - {"script":"<script> [79 bytes]","args":[{"element-6066-11e4-a52e-4f735466cecf":"f.F756EF649BFACFC99A3D872C6535431B.d.6AA9B9D87A20A8EE3F316D88FCB95A33.e.8004","ELEMENT":"f.F756EF649BFACFC99A3D872C6535431B.d.6AA9B9D87A20A8EE3F316D88FCB95A33.e.8004"},{"block":"start","inline":"nearest"}]}
RESULT: {"script":"<script> [79 bytes]","args":[{"element-6066-11e4-a52e-4f735466cecf":"f.F756EF649BFACFC99A3D872C6535431B.d.6AA9B9D87A20A8EE3F316D88FCB95A33.e.8004","ELEMENT":"f.F756EF649BFACFC99A3D872C6535431B.d.6AA9B9D87A20A8EE3F316D88FCB95A33.e.8004"},{"block":"start","inline":"nearest"}]}
COMMAND: POST /session/652b5fe75fdd0bb6263b24ae98cbc99a/execute/async - {"script":"<script> [1562 bytes]","args":[{"selector":{"id":"application-manageresources-display-component---newResourceUnit--btnAddTimeSegment-img"},"wdio_ui5_key":"applicationmanageresources-display-component---newResourceUnit--btnAddTimeSegment-img"}]}
COMMAND: GET /session/652b5fe75fdd0bb6263b24ae98cbc99a/screenshot - {}
RESULT: {"script":"<script> [1562 bytes]","args":[{"selector":{"id":"application-manageresources-display-component---newResourceUnit--btnAddTimeSegment-img"},"wdio_ui5_key":"applicationmanageresources-display-component---newResourceUnit--btnAddTimeSegment-img"}]}
RESULT: undefined
COMMAND: POST /session/652b5fe75fdd0bb6263b24ae98cbc99a/element - {"using":"xpath","value":"//*[@id=\"application-manageresources-display-component---newResourceUnit--btnAddTimeSegment-img\"]"}
RESULT: {}
RESULT: {"using":"xpath","value":"//*[@id=\"application-manageresources-display-component---newResourceUnit--btnAddTimeSegment-img\"]"}
COMMAND: POST /session/652b5fe75fdd0bb6263b24ae98cbc99a/element/f.F756EF649BFACFC99A3D872C6535431B.d.6AA9B9D87A20A8EE3F316D88FCB95A33.e.8005/click - {}
RESULT: {}
COMMAND: POST /session/652b5fe75fdd0bb6263b24ae98cbc99a/element - {"using":"xpath","value":"//input[@id=\"application-manageresources-display-component---newResourceUnit--idRuTSAdmin-application-manageresources-display-component---newResourceUnit--RUTimeSegment-0-inner\"]"}
COMMAND: GET /session/652b5fe75fdd0bb6263b24ae98cbc99a/screenshot - {}
RESULT: {"using":"xpath","value":"//input[@id=\"application-manageresources-display-component---newResourceUnit--idRuTSAdmin-application-manageresources-display-component---newResourceUnit--RUTimeSegment-0-inner\"]"}
COMMAND: POST /session/652b5fe75fdd0bb6263b24ae98cbc99a/element/f.F756EF649BFACFC99A3D872C6535431B.d.6AA9B9D87A20A8EE3F316D88FCB95A33.e.8011/clear - {}
RESULT: {}
RESULT: {}
COMMAND: POST /session/652b5fe75fdd0bb6263b24ae98cbc99a/element/f.F756EF649BFACFC99A3D872C6535431B.d.6AA9B9D87A20A8EE3F316D88FCB95A33.e.8011/value - {"text":"Webdriver Yard"}
COMMAND: GET /session/652b5fe75fdd0bb6263b24ae98cbc99a/screenshot - {}
RESULT: {"text":"Webdriver Yard"}
COMMAND: GET /session/652b5fe75fdd0bb6263b24ae98cbc99a/screenshot - {}
RESULT: {}
RESULT: {}
COMMAND: POST /session/652b5fe75fdd0bb6263b24ae98cbc99a/actions - {"actions":[{"id":"action22","type":"key","parameters":{},"actions":[{"type":"keyDown","value":"î€‡"},{"type":"pause","duration":10},{"type":"keyUp","value":"î€‡"}]}]}
RESULT: {"actions":[{"id":"action22","type":"key","parameters":{},"actions":[{"type":"keyDown","value":"î€‡"},{"type":"pause","duration":10},{"type":"keyUp","value":"î€‡"}]}]}
COMMAND: POST /session/652b5fe75fdd0bb6263b24ae98cbc99a/execute/async - {"script":"<script> [1562 bytes]","args":[{"selector":{"controlType":"sap.ui.core.Icon","viewName":"reusables.view.manageresources.NewResourceUnit","viewId":"application-manageresources-display-component---newResourceUnit","properties":{"src":{"regex":{"source":"slim\\-arrow\\-down"}}},"ancestor":{"controlType":"sap.m.ComboBox","viewName":"reusables.view.manageresources.NewResourceUnit","viewId":"application-manageresources-display-component---newResourceUnit","bindingPath":{"path":"/RESOURCE_UNIT_TIME_SEQUENCES/0","propertyPath":"COST_OBJECT_ADMIN_CST_TYPE","modelName":"oNewRruModel"}}},"wdio_ui5_key":"reusablesview.manageresources.NewResourceUnitsap.ui.core.Icon{\"src\":{\"regex\":{\"source\":\"slim\\\\-arrow\\\\-down\"}}}{\"controlType\":\"sap.m.ComboBox\",\"viewName\":\"reusables.view.manageresources.NewResourceUnit\",\"viewId\":\"application-manageresources-display-component---newResourceUnit\",\"bindingPath\":{\"path\":\"/RESOURCE_UNIT_TIME_SEQUENCES/0\",\"propertyPath\":\"COST_OBJECT_ADMIN_CST_TYPE\",\"modelName\":\"oNewRruModel\"}}"}]}
COMMAND: GET /session/652b5fe75fdd0bb6263b24ae98cbc99a/screenshot - {}
RESULT: {"script":"<script> [1562 bytes]","args":[{"selector":{"controlType":"sap.ui.core.Icon","viewName":"reusables.view.manageresources.NewResourceUnit","viewId":"application-manageresources-display-component---newResourceUnit","properties":{"src":{"regex":{"source":"slim\\-arrow\\-down"}}},"ancestor":{"controlType":"sap.m.ComboBox","viewName":"reusables.view.manageresources.NewResourceUnit","viewId":"application-manageresources-display-component---newResourceUnit","bindingPath":{"path":"/RESOURCE_UNIT_TIME_SEQUENCES/0","propertyPath":"COST_OBJECT_ADMIN_CST_TYPE","modelName":"oNewRruModel"}}},"wdio_ui5_key":"reusablesview.manageresources.NewResourceUnitsap.ui.core.Icon{\"src\":{\"regex\":{\"source\":\"slim\\\\-arrow\\\\-down\"}}}{\"controlType\":\"sap.m.ComboBox\",\"viewName\":\"reusables.view.manageresources.NewResourceUnit\",\"viewId\":\"application-manageresources-display-component---newResourceUnit\",\"bindingPath\":{\"path\":\"/RESOURCE_UNIT_TIME_SEQUENCES/0\",\"propertyPath\":\"COST_OBJECT_ADMIN_CST_TYPE\",\"modelName\":\"oNewRruModel\"}}"}]}
RESULT: undefined
COMMAND: POST /session/652b5fe75fdd0bb6263b24ae98cbc99a/element - {"using":"xpath","value":"//*[@id=\"__box4-application-manageresources-display-component---newResourceUnit--RUTimeSegment-0-arrow\"]"}
RESULT: {}
RESULT: {"using":"xpath","value":"//*[@id=\"__box4-application-manageresources-display-component---newResourceUnit--RUTimeSegment-0-arrow\"]"}
COMMAND: POST /session/652b5fe75fdd0bb6263b24ae98cbc99a/element/f.F756EF649BFACFC99A3D872C6535431B.d.6AA9B9D87A20A8EE3F316D88FCB95A33.e.8023/click - {}
RESULT: {}
COMMAND: POST /session/652b5fe75fdd0bb6263b24ae98cbc99a/execute/async - {"script":"<script> [1562 bytes]","args":[{"selector":{"controlType":"sap.m.StandardListItem","viewName":"reusables.view.manageresources.NewResourceUnit","viewId":"application-manageresources-display-component---newResourceUnit","properties":{"title":"PM Order"},"searchOpenDialogs":true,"interaction":{"idSuffix":"titleText"}},"wdio_ui5_key":"reusablesview.manageresources.NewResourceUnitsap.m.StandardListItem{\"title\":\"PM Order\"}"}]}
COMMAND: GET /session/652b5fe75fdd0bb6263b24ae98cbc99a/screenshot - {}
RESULT: {"script":"<script> [1562 bytes]","args":[{"selector":{"controlType":"sap.m.StandardListItem","viewName":"reusables.view.manageresources.NewResourceUnit","viewId":"application-manageresources-display-component---newResourceUnit","properties":{"title":"PM Order"},"searchOpenDialogs":true,"interaction":{"idSuffix":"titleText"}},"wdio_ui5_key":"reusablesview.manageresources.NewResourceUnitsap.m.StandardListItem{\"title\":\"PM Order\"}"}]}
RESULT: undefined
COMMAND: POST /session/652b5fe75fdd0bb6263b24ae98cbc99a/element - {"using":"xpath","value":"//*[@id=\"__item362\"]"}
RESULT: {}
RESULT: {"using":"xpath","value":"//*[@id=\"__item362\"]"}
COMMAND: POST /session/652b5fe75fdd0bb6263b24ae98cbc99a/element/f.F756EF649BFACFC99A3D872C6535431B.d.6AA9B9D87A20A8EE3F316D88FCB95A33.e.8027/click - {}
RESULT: {}
COMMAND: GET /session/652b5fe75fdd0bb6263b24ae98cbc99a/screenshot - {}
RESULT: {}
COMMAND: POST /session/652b5fe75fdd0bb6263b24ae98cbc99a/element - {"using":"xpath","value":"(//input[contains(@id ,\"-application-manageresources-display-component---newResourceUnit--RUTimeSegment-0-inner\")])[8]"}
RESULT: {"using":"xpath","value":"(//input[contains(@id ,\"-application-manageresources-display-component---newResourceUnit--RUTimeSegment-0-inner\")])[8]"}
COMMAND: POST /session/652b5fe75fdd0bb6263b24ae98cbc99a/element/f.F756EF649BFACFC99A3D872C6535431B.d.6AA9B9D87A20A8EE3F316D88FCB95A33.e.8030/clear - {}
RESULT: {}
COMMAND: POST /session/652b5fe75fdd0bb6263b24ae98cbc99a/element/f.F756EF649BFACFC99A3D872C6535431B.d.6AA9B9D87A20A8EE3F316D88FCB95A33.e.8030/value - {"text":"4000360"}
COMMAND: GET /session/652b5fe75fdd0bb6263b24ae98cbc99a/screenshot - {}
RESULT: {"text":"4000360"}
COMMAND: GET /session/652b5fe75fdd0bb6263b24ae98cbc99a/screenshot - {}
RESULT: {}
RESULT: {}
COMMAND: POST /session/652b5fe75fdd0bb6263b24ae98cbc99a/actions - {"actions":[{"id":"action23","type":"key","parameters":{},"actions":[{"type":"keyDown","value":"î€‡"},{"type":"pause","duration":10},{"type":"keyUp","value":"î€‡"}]}]}
RESULT: {"actions":[{"id":"action23","type":"key","parameters":{},"actions":[{"type":"keyDown","value":"î€‡"},{"type":"pause","duration":10},{"type":"keyUp","value":"î€‡"}]}]}
COMMAND: GET /session/652b5fe75fdd0bb6263b24ae98cbc99a/screenshot - {}
RESULT: {}
COMMAND: POST /session/652b5fe75fdd0bb6263b24ae98cbc99a/execute/async - {"script":"<script> [1562 bytes]","args":[{"selector":{"id":"application-manageresources-display-component---newResourceUnit--newTimeSegmentDateRangePicker-application-manageresources-display-component---newResourceUnit--RUTimeSegment-0","interaction":{"idSuffix":"inner"}},"wdio_ui5_key":"applicationmanageresources-display-component---newResourceUnit--newTimeSegmentDateRangePicker-application-manageresources-display-component---newResourceUnit--RUTimeSegment-0"}]}
RESULT: {"script":"<script> [1562 bytes]","args":[{"selector":{"id":"application-manageresources-display-component---newResourceUnit--newTimeSegmentDateRangePicker-application-manageresources-display-component---newResourceUnit--RUTimeSegment-0","interaction":{"idSuffix":"inner"}},"wdio_ui5_key":"applicationmanageresources-display-component---newResourceUnit--newTimeSegmentDateRangePicker-application-manageresources-display-component---newResourceUnit--RUTimeSegment-0"}]}
RESULT: undefined
COMMAND: POST /session/652b5fe75fdd0bb6263b24ae98cbc99a/execute/async - {"script":"<script> [1562 bytes]","args":[{"selector":{"id":"application-manageresources-display-component---newResourceUnit--newRRUPage-anchBar-application-manageresources-display-component---newResourceUnit--resource-anchor","interaction":{"idSuffix":"BDI-content"}},"wdio_ui5_key":"applicationmanageresources-display-component---newResourceUnit--newRRUPage-anchBar-application-manageresources-display-component---newResourceUnit--resource-anchor"}]}
RESULT: {"script":"<script> [1562 bytes]","args":[{"selector":{"id":"application-manageresources-display-component---newResourceUnit--newRRUPage-anchBar-application-manageresources-display-component---newResourceUnit--resource-anchor","interaction":{"idSuffix":"BDI-content"}},"wdio_ui5_key":"applicationmanageresources-display-component---newResourceUnit--newRRUPage-anchBar-application-manageresources-display-component---newResourceUnit--resource-anchor"}]}
RESULT: undefined
COMMAND: POST /session/652b5fe75fdd0bb6263b24ae98cbc99a/element - {"using":"xpath","value":"//*[@id=\"application-manageresources-display-component---newResourceUnit--newRRUPage-anchBar-application-manageresources-display-component---newResourceUnit--resource-anchor\"]"}
RESULT: {"using":"xpath","value":"//*[@id=\"application-manageresources-display-component---newResourceUnit--newRRUPage-anchBar-application-manageresources-display-component---newResourceUnit--resource-anchor\"]"}
COMMAND: POST /session/652b5fe75fdd0bb6263b24ae98cbc99a/element/f.F756EF649BFACFC99A3D872C6535431B.d.6AA9B9D87A20A8EE3F316D88FCB95A33.e.8049/click - {}
RESULT: {}
COMMAND: POST /session/652b5fe75fdd0bb6263b24ae98cbc99a/execute/async - {"script":"<script> [1562 bytes]","args":[{"selector":{"id":"application-manageresources-display-component---newResourceUnit--PLANNED_DELIVERY_DATE","interaction":{"idSuffix":"inner"}},"wdio_ui5_key":"applicationmanageresources-display-component---newResourceUnit--PLANNED_DELIVERY_DATE"}]}
COMMAND: GET /session/652b5fe75fdd0bb6263b24ae98cbc99a/screenshot - {}
RESULT: {"script":"<script> [1562 bytes]","args":[{"selector":{"id":"application-manageresources-display-component---newResourceUnit--PLANNED_DELIVERY_DATE","interaction":{"idSuffix":"inner"}},"wdio_ui5_key":"applicationmanageresources-display-component---newResourceUnit--PLANNED_DELIVERY_DATE"}]}
RESULT: undefined
COMMAND: POST /session/652b5fe75fdd0bb6263b24ae98cbc99a/execute/async - {"script":"<script> [6424 bytes]","args":[{"element-6066-11e4-a52e-4f735466cecf":"f.F756EF649BFACFC99A3D872C6535431B.d.6AA9B9D87A20A8EE3F316D88FCB95A33.e.7913"},"setValue",["06/13/24"]]}
RESULT: {}
RESULT: {"script":"<script> [6424 bytes]","args":[{"element-6066-11e4-a52e-4f735466cecf":"f.F756EF649BFACFC99A3D872C6535431B.d.6AA9B9D87A20A8EE3F316D88FCB95A33.e.7913"},"setValue",["06/13/24"]]}
COMMAND: POST /session/652b5fe75fdd0bb6263b24ae98cbc99a/execute/async - {"script":"<script> [1562 bytes]","args":[{"selector":{"controlType":"sap.m.Button","viewName":"reusables.view.manageresources.NewResourceUnit","viewId":"application-manageresources-display-component---newResourceUnit","i18NText":{"propertyName":"tooltip","key":"save"},"interaction":{"idSuffix":"BDI-content"}},"wdio_ui5_key":"reusablesview.manageresources.NewResourceUnitsap.m.Button{\"propertyName\":\"tooltip\",\"key\":\"save\"}"}]}
RESULT: {"script":"<script> [1562 bytes]","args":[{"selector":{"controlType":"sap.m.Button","viewName":"reusables.view.manageresources.NewResourceUnit","viewId":"application-manageresources-display-component---newResourceUnit","i18NText":{"propertyName":"tooltip","key":"save"},"interaction":{"idSuffix":"BDI-content"}},"wdio_ui5_key":"reusablesview.manageresources.NewResourceUnitsap.m.Button{\"propertyName\":\"tooltip\",\"key\":\"save\"}"}]}
RESULT: undefined
COMMAND: POST /session/652b5fe75fdd0bb6263b24ae98cbc99a/element - {"using":"xpath","value":"//*[@id=\"application-manageresources-display-component---newResourceUnit--createRuButton\"]"}
RESULT: {"using":"xpath","value":"//*[@id=\"application-manageresources-display-component---newResourceUnit--createRuButton\"]"}
COMMAND: POST /session/652b5fe75fdd0bb6263b24ae98cbc99a/element/f.F756EF649BFACFC99A3D872C6535431B.d.6AA9B9D87A20A8EE3F316D88FCB95A33.e.7874/click - {}
RESULT: {}
COMMAND: GET /session/652b5fe75fdd0bb6263b24ae98cbc99a/screenshot - {}
RESULT: {}
COMMAND: POST /session/652b5fe75fdd0bb6263b24ae98cbc99a/execute/async - {"script":"<script> [1562 bytes]","args":[{"selector":{"controlType":"sap.m.Button","properties":{"text":"Close"},"searchOpenDialogs":true,"interaction":{"idSuffix":"inner"}},"wdio_ui5_key":"sapm.Button{\"text\":\"Close\"}"}]}
RESULT: {"script":"<script> [1562 bytes]","args":[{"selector":{"controlType":"sap.m.Button","properties":{"text":"Close"},"searchOpenDialogs":true,"interaction":{"idSuffix":"inner"}},"wdio_ui5_key":"sapm.Button{\"text\":\"Close\"}"}]}
RESULT: undefined
COMMAND: POST /session/652b5fe75fdd0bb6263b24ae98cbc99a/element - {"using":"xpath","value":"//*[@id=\"__mbox-btn-0\"]"}
RESULT: {"using":"xpath","value":"//*[@id=\"__mbox-btn-0\"]"}
COMMAND: POST /session/652b5fe75fdd0bb6263b24ae98cbc99a/element/f.F756EF649BFACFC99A3D872C6535431B.d.6AA9B9D87A20A8EE3F316D88FCB95A33.e.8055/click - {}
RESULT: {}
COMMAND: GET /session/652b5fe75fdd0bb6263b24ae98cbc99a/screenshot - {}
RESULT: {}
COMMAND: POST /session/652b5fe75fdd0bb6263b24ae98cbc99a/execute/async - {"script":"<script> [1562 bytes]","args":[{"selector":{"controlType":"sap.m.Text","viewName":"etm.portal.ui.manageresources.view.Detail","viewId":"application-manageresources-display-component---detailRU","bindingPath":{"propertyPath":"ID","modelName":"catalogModel"}},"wdio_ui5_key":"etmportal.ui.manageresources.view.Detailsap.m.Text{\"propertyPath\":\"ID\",\"modelName\":\"catalogModel\"}"}]}
RESULT: {"script":"<script> [1562 bytes]","args":[{"selector":{"controlType":"sap.m.Text","viewName":"etm.portal.ui.manageresources.view.Detail","viewId":"application-manageresources-display-component---detailRU","bindingPath":{"propertyPath":"ID","modelName":"catalogModel"}},"wdio_ui5_key":"etmportal.ui.manageresources.view.Detailsap.m.Text{\"propertyPath\":\"ID\",\"modelName\":\"catalogModel\"}"}]}
RESULT: undefined
COMMAND: POST /session/652b5fe75fdd0bb6263b24ae98cbc99a/execute/async - {"script":"<script> [6424 bytes]","args":[{"element-6066-11e4-a52e-4f735466cecf":"f.F756EF649BFACFC99A3D872C6535431B.d.6AA9B9D87A20A8EE3F316D88FCB95A33.e.8091"},"getText",[]]}
RESULT: {"script":"<script> [6424 bytes]","args":[{"element-6066-11e4-a52e-4f735466cecf":"f.F756EF649BFACFC99A3D872C6535431B.d.6AA9B9D87A20A8EE3F316D88FCB95A33.e.8091"},"getText",[]]}
COMMAND: POST /session/652b5fe75fdd0bb6263b24ae98cbc99a/element - {"using":"xpath","value":"//bdi[text()=\"Edit\"]"}
RESULT: {"using":"xpath","value":"//bdi[text()=\"Edit\"]"}
COMMAND: GET /session/652b5fe75fdd0bb6263b24ae98cbc99a/element/f.F756EF649BFACFC99A3D872C6535431B.d.6AA9B9D87A20A8EE3F316D88FCB95A33.e.8092/enabled - {}
RESULT: {}
COMMAND: POST /session/652b5fe75fdd0bb6263b24ae98cbc99a/execute/sync - {"script":"<script> [8489 bytes]","args":[{"element-6066-11e4-a52e-4f735466cecf":"f.F756EF649BFACFC99A3D872C6535431B.d.6AA9B9D87A20A8EE3F316D88FCB95A33.e.8092","ELEMENT":"f.F756EF649BFACFC99A3D872C6535431B.d.6AA9B9D87A20A8EE3F316D88FCB95A33.e.8092"}]}
COMMAND: GET /session/652b5fe75fdd0bb6263b24ae98cbc99a/screenshot - {}
RESULT: {"script":"<script> [8489 bytes]","args":[{"element-6066-11e4-a52e-4f735466cecf":"f.F756EF649BFACFC99A3D872C6535431B.d.6AA9B9D87A20A8EE3F316D88FCB95A33.e.8092","ELEMENT":"f.F756EF649BFACFC99A3D872C6535431B.d.6AA9B9D87A20A8EE3F316D88FCB95A33.e.8092"}]}
COMMAND: POST /session/652b5fe75fdd0bb6263b24ae98cbc99a/execute/sync - {"script":"<script> [5351 bytes]","args":[{"element-6066-11e4-a52e-4f735466cecf":"f.F756EF649BFACFC99A3D872C6535431B.d.6AA9B9D87A20A8EE3F316D88FCB95A33.e.8092","ELEMENT":"f.F756EF649BFACFC99A3D872C6535431B.d.6AA9B9D87A20A8EE3F316D88FCB95A33.e.8092"}]}
COMMAND: GET /session/652b5fe75fdd0bb6263b24ae98cbc99a/screenshot - {}
RESULT: {}
RESULT: {"script":"<script> [5351 bytes]","args":[{"element-6066-11e4-a52e-4f735466cecf":"f.F756EF649BFACFC99A3D872C6535431B.d.6AA9B9D87A20A8EE3F316D88FCB95A33.e.8092","ELEMENT":"f.F756EF649BFACFC99A3D872C6535431B.d.6AA9B9D87A20A8EE3F316D88FCB95A33.e.8092"}]}
COMMAND: POST /session/652b5fe75fdd0bb6263b24ae98cbc99a/element/f.F756EF649BFACFC99A3D872C6535431B.d.6AA9B9D87A20A8EE3F316D88FCB95A33.e.8092/click - {}
COMMAND: GET /session/652b5fe75fdd0bb6263b24ae98cbc99a/screenshot - {}
RESULT: {}
RESULT: {}
COMMAND: GET /session/652b5fe75fdd0bb6263b24ae98cbc99a/screenshot - {}
RESULT: {}
RESULT: {}
COMMAND: POST /session/652b5fe75fdd0bb6263b24ae98cbc99a/element - {"using":"xpath","value":"//bdi[@id=\"application-manageresources-display-component---editResource--editRruPage-anchBar-application-manageresources-display-component---editResource--counters-anchor-BDI-content\"]"}
RESULT: {"using":"xpath","value":"//bdi[@id=\"application-manageresources-display-component---editResource--editRruPage-anchBar-application-manageresources-display-component---editResource--counters-anchor-BDI-content\"]"}
COMMAND: POST /session/652b5fe75fdd0bb6263b24ae98cbc99a/execute/sync - {"script":"<script> [8489 bytes]","args":[{"element-6066-11e4-a52e-4f735466cecf":"f.F756EF649BFACFC99A3D872C6535431B.d.6AA9B9D87A20A8EE3F316D88FCB95A33.e.8198","ELEMENT":"f.F756EF649BFACFC99A3D872C6535431B.d.6AA9B9D87A20A8EE3F316D88FCB95A33.e.8198"}]}
RESULT: {"script":"<script> [8489 bytes]","args":[{"element-6066-11e4-a52e-4f735466cecf":"f.F756EF649BFACFC99A3D872C6535431B.d.6AA9B9D87A20A8EE3F316D88FCB95A33.e.8198","ELEMENT":"f.F756EF649BFACFC99A3D872C6535431B.d.6AA9B9D87A20A8EE3F316D88FCB95A33.e.8198"}]}
COMMAND: POST /session/652b5fe75fdd0bb6263b24ae98cbc99a/element/f.F756EF649BFACFC99A3D872C6535431B.d.6AA9B9D87A20A8EE3F316D88FCB95A33.e.8198/click - {}
COMMAND: GET /session/652b5fe75fdd0bb6263b24ae98cbc99a/screenshot - {}
RESULT: {}
COMMAND: GET /session/652b5fe75fdd0bb6263b24ae98cbc99a/screenshot - {}
RESULT: {}
RESULT: {}
COMMAND: POST /session/652b5fe75fdd0bb6263b24ae98cbc99a/execute/async - {"script":"<script> [1562 bytes]","args":[{"selector":{"id":"application-manageresources-display-component---editResource--btnAddCounter-img"},"wdio_ui5_key":"applicationmanageresources-display-component---editResource--btnAddCounter-img"}]}
RESULT: {"script":"<script> [1562 bytes]","args":[{"selector":{"id":"application-manageresources-display-component---editResource--btnAddCounter-img"},"wdio_ui5_key":"applicationmanageresources-display-component---editResource--btnAddCounter-img"}]}
RESULT: undefined
COMMAND: POST /session/652b5fe75fdd0bb6263b24ae98cbc99a/element - {"using":"xpath","value":"//*[@id=\"application-manageresources-display-component---editResource--btnAddCounter-img\"]"}
RESULT: {"using":"xpath","value":"//*[@id=\"application-manageresources-display-component---editResource--btnAddCounter-img\"]"}
COMMAND: POST /session/652b5fe75fdd0bb6263b24ae98cbc99a/element/f.F756EF649BFACFC99A3D872C6535431B.d.6AA9B9D87A20A8EE3F316D88FCB95A33.e.8233/click - {}
RESULT: {}
COMMAND: GET /session/652b5fe75fdd0bb6263b24ae98cbc99a/screenshot - {}
RESULT: {}
COMMAND: POST /session/652b5fe75fdd0bb6263b24ae98cbc99a/execute/async - {"script":"<script> [1562 bytes]","args":[{"selector":{"id":"application-manageresources-display-component---editResource--HAND_OVER_TYPE-application-manageresources-display-component---editResource--RUCounters-0","interaction":{"idSuffix":"CbBg"}},"wdio_ui5_key":"applicationmanageresources-display-component---editResource--HAND_OVER_TYPE-application-manageresources-display-component---editResource--RUCounters-0"}]}
RESULT: {"script":"<script> [1562 bytes]","args":[{"selector":{"id":"application-manageresources-display-component---editResource--HAND_OVER_TYPE-application-manageresources-display-component---editResource--RUCounters-0","interaction":{"idSuffix":"CbBg"}},"wdio_ui5_key":"applicationmanageresources-display-component---editResource--HAND_OVER_TYPE-application-manageresources-display-component---editResource--RUCounters-0"}]}
RESULT: undefined
COMMAND: POST /session/652b5fe75fdd0bb6263b24ae98cbc99a/element - {"using":"xpath","value":"//*[@id=\"application-manageresources-display-component---editResource--HAND_OVER_TYPE-application-manageresources-display-component---editResource--RUCounters-0\"]"}
RESULT: {"using":"xpath","value":"//*[@id=\"application-manageresources-display-component---editResource--HAND_OVER_TYPE-application-manageresources-display-component---editResource--RUCounters-0\"]"}
COMMAND: POST /session/652b5fe75fdd0bb6263b24ae98cbc99a/element/f.F756EF649BFACFC99A3D872C6535431B.d.6AA9B9D87A20A8EE3F316D88FCB95A33.e.8239/click - {}
RESULT: {}
COMMAND: POST /session/652b5fe75fdd0bb6263b24ae98cbc99a/execute/async - {"script":"<script> [1562 bytes]","args":[{"selector":{"controlType":"sap.m.Button","viewName":"etm.portal.ui.manageresources.view.EditResource","viewId":"application-manageresources-display-component---editResource","i18NText":{"propertyName":"text","key":"save"},"interaction":{"idSuffix":"BDI-content"}},"wdio_ui5_key":"etmportal.ui.manageresources.view.EditResourcesap.m.Button{\"propertyName\":\"text\",\"key\":\"save\"}"}]}
COMMAND: GET /session/652b5fe75fdd0bb6263b24ae98cbc99a/screenshot - {}
RESULT: {"script":"<script> [1562 bytes]","args":[{"selector":{"controlType":"sap.m.Button","viewName":"etm.portal.ui.manageresources.view.EditResource","viewId":"application-manageresources-display-component---editResource","i18NText":{"propertyName":"text","key":"save"},"interaction":{"idSuffix":"BDI-content"}},"wdio_ui5_key":"etmportal.ui.manageresources.view.EditResourcesap.m.Button{\"propertyName\":\"text\",\"key\":\"save\"}"}]}
RESULT: undefined
COMMAND: POST /session/652b5fe75fdd0bb6263b24ae98cbc99a/element - {"using":"xpath","value":"//*[@id=\"__button86\"]"}
RESULT: {}
RESULT: {"using":"xpath","value":"//*[@id=\"__button86\"]"}
COMMAND: POST /session/652b5fe75fdd0bb6263b24ae98cbc99a/element/f.F756EF649BFACFC99A3D872C6535431B.d.6AA9B9D87A20A8EE3F316D88FCB95A33.e.8241/click - {}
RESULT: {}
COMMAND: GET /session/652b5fe75fdd0bb6263b24ae98cbc99a/screenshot - {}
RESULT: {}
COMMAND: POST /session/652b5fe75fdd0bb6263b24ae98cbc99a/element - {"using":"css selector","value":"#shell-header-logo"}
RESULT: {"using":"css selector","value":"#shell-header-logo"}
COMMAND: POST /session/652b5fe75fdd0bb6263b24ae98cbc99a/elements - {"using":"css selector","value":"#shell-header-logo"}
RESULT: {"using":"css selector","value":"#shell-header-logo"}
COMMAND: POST /session/652b5fe75fdd0bb6263b24ae98cbc99a/execute/sync - {"script":"<script> [8489 bytes]","args":[{"element-6066-11e4-a52e-4f735466cecf":"f.F756EF649BFACFC99A3D872C6535431B.d.6AA9B9D87A20A8EE3F316D88FCB95A33.e.7371","ELEMENT":"f.F756EF649BFACFC99A3D872C6535431B.d.6AA9B9D87A20A8EE3F316D88FCB95A33.e.7371"}]}
RESULT: {"script":"<script> [8489 bytes]","args":[{"element-6066-11e4-a52e-4f735466cecf":"f.F756EF649BFACFC99A3D872C6535431B.d.6AA9B9D87A20A8EE3F316D88FCB95A33.e.7371","ELEMENT":"f.F756EF649BFACFC99A3D872C6535431B.d.6AA9B9D87A20A8EE3F316D88FCB95A33.e.7371"}]}
COMMAND: POST /session/652b5fe75fdd0bb6263b24ae98cbc99a/execute/sync - {"script":"<script> [5351 bytes]","args":[{"element-6066-11e4-a52e-4f735466cecf":"f.F756EF649BFACFC99A3D872C6535431B.d.6AA9B9D87A20A8EE3F316D88FCB95A33.e.7371","ELEMENT":"f.F756EF649BFACFC99A3D872C6535431B.d.6AA9B9D87A20A8EE3F316D88FCB95A33.e.7371"}]}
COMMAND: GET /session/652b5fe75fdd0bb6263b24ae98cbc99a/screenshot - {}
RESULT: {"script":"<script> [5351 bytes]","args":[{"element-6066-11e4-a52e-4f735466cecf":"f.F756EF649BFACFC99A3D872C6535431B.d.6AA9B9D87A20A8EE3F316D88FCB95A33.e.7371","ELEMENT":"f.F756EF649BFACFC99A3D872C6535431B.d.6AA9B9D87A20A8EE3F316D88FCB95A33.e.7371"}]}
COMMAND: POST /session/652b5fe75fdd0bb6263b24ae98cbc99a/element/f.F756EF649BFACFC99A3D872C6535431B.d.6AA9B9D87A20A8EE3F316D88FCB95A33.e.7371/click - {}
COMMAND: GET /session/652b5fe75fdd0bb6263b24ae98cbc99a/screenshot - {}
RESULT: {}
RESULT: {}
COMMAND: GET /session/652b5fe75fdd0bb6263b24ae98cbc99a/screenshot - {}
RESULT: {}
RESULT: {}
COMMAND: POST /session/652b5fe75fdd0bb6263b24ae98cbc99a/element - {"using":"css selector","value":"#shell-header-logo"}
RESULT: {"using":"css selector","value":"#shell-header-logo"}
COMMAND: POST /session/652b5fe75fdd0bb6263b24ae98cbc99a/element/f.F756EF649BFACFC99A3D872C6535431B.d.6AA9B9D87A20A8EE3F316D88FCB95A33.e.8253/click - {}
RESULT: {}
COMMAND: GET /session/652b5fe75fdd0bb6263b24ae98cbc99a/screenshot - {}
RESULT: {}
]]></system-out>
    </testcase>
  </testsuite>
  <testsuite timestamp="2025-05-13T15:43:41" time="79.66" tests="2" failures="0" errors="0" skipped="0">
    <properties>
      <property name="specId" value="0" />
      <property name="suiteName" value="Personnel creation and reference material verification  US120163" />
      <property name="capabilities" value="chrome.136_0_7103_49.windows" />
      <property name="file" value="file:///D:/a/1/s/test/specs/R2C/create-personnel-no-material-reference.spec.js" />
    </properties>
    <testcase classname="chrome.136_0_7103_49.windows.Personnel_creation_and_reference_material_verification__US120163" name="Should create a new personnel and verify if the material reference is visible" time="60.687">
      <system-out><![CDATA[
RESULT: undefined
COMMAND: POST /session/652b5fe75fdd0bb6263b24ae98cbc99a/element - {"using":"xpath","value":"//*[@id=\"__tile31\"]"}
RESULT: {"using":"xpath","value":"//*[@id=\"__tile31\"]"}
COMMAND: POST /session/652b5fe75fdd0bb6263b24ae98cbc99a/element/f.F756EF649BFACFC99A3D872C6535431B.d.6AA9B9D87A20A8EE3F316D88FCB95A33.e.7394/click - {}
RESULT: {}
COMMAND: GET /session/652b5fe75fdd0bb6263b24ae98cbc99a/screenshot - {}
RESULT: {}
COMMAND: POST /session/652b5fe75fdd0bb6263b24ae98cbc99a/elements - {"using":"xpath","value":"//span[text()='Error']"}
RESULT: {"using":"xpath","value":"//span[text()='Error']"}
COMMAND: POST /session/652b5fe75fdd0bb6263b24ae98cbc99a/element - {"using":"xpath","value":"//button[@data-kt=\"addNewRUOverflowToolbarButton\"]"}
RESULT: {"using":"xpath","value":"//button[@data-kt=\"addNewRUOverflowToolbarButton\"]"}
COMMAND: POST /session/652b5fe75fdd0bb6263b24ae98cbc99a/execute/sync - {"script":"<script> [8489 bytes]","args":[{"element-6066-11e4-a52e-4f735466cecf":"f.F756EF649BFACFC99A3D872C6535431B.d.6AA9B9D87A20A8EE3F316D88FCB95A33.e.8293","ELEMENT":"f.F756EF649BFACFC99A3D872C6535431B.d.6AA9B9D87A20A8EE3F316D88FCB95A33.e.8293"}]}
RESULT: {"script":"<script> [8489 bytes]","args":[{"element-6066-11e4-a52e-4f735466cecf":"f.F756EF649BFACFC99A3D872C6535431B.d.6AA9B9D87A20A8EE3F316D88FCB95A33.e.8293","ELEMENT":"f.F756EF649BFACFC99A3D872C6535431B.d.6AA9B9D87A20A8EE3F316D88FCB95A33.e.8293"}]}
COMMAND: POST /session/652b5fe75fdd0bb6263b24ae98cbc99a/element/f.F756EF649BFACFC99A3D872C6535431B.d.6AA9B9D87A20A8EE3F316D88FCB95A33.e.8293/click - {}
COMMAND: GET /session/652b5fe75fdd0bb6263b24ae98cbc99a/screenshot - {}
RESULT: {}
RESULT: undefined
COMMAND: POST /session/652b5fe75fdd0bb6263b24ae98cbc99a/element - {"using":"xpath","value":"//*[@id=\"application-manageresources-display-component---newResourceUnit--TYPE-arrow\"]"}
COMMAND: GET /session/652b5fe75fdd0bb6263b24ae98cbc99a/screenshot - {}
RESULT: {}
RESULT: {"using":"xpath","value":"//*[@id=\"application-manageresources-display-component---newResourceUnit--TYPE-arrow\"]"}
COMMAND: POST /session/652b5fe75fdd0bb6263b24ae98cbc99a/element/f.F756EF649BFACFC99A3D872C6535431B.d.6AA9B9D87A20A8EE3F316D88FCB95A33.e.8611/click - {}
RESULT: {}
RESULT: {}
COMMAND: POST /session/652b5fe75fdd0bb6263b24ae98cbc99a/execute/async - {"script":"<script> [1562 bytes]","args":[{"selector":{"controlType":"sap.m.StandardListItem","viewName":"reusables.view.manageresources.NewResourceUnit","viewId":"application-manageresources-display-component---newResourceUnit","properties":{"title":"Personnel"},"searchOpenDialogs":true,"interaction":{"idSuffix":"titleText"}},"wdio_ui5_key":"reusablesview.manageresources.NewResourceUnitsap.m.StandardListItem{\"title\":\"Personnel\"}"}]}
COMMAND: GET /session/652b5fe75fdd0bb6263b24ae98cbc99a/screenshot - {}
RESULT: {"script":"<script> [1562 bytes]","args":[{"selector":{"controlType":"sap.m.StandardListItem","viewName":"reusables.view.manageresources.NewResourceUnit","viewId":"application-manageresources-display-component---newResourceUnit","properties":{"title":"Personnel"},"searchOpenDialogs":true,"interaction":{"idSuffix":"titleText"}},"wdio_ui5_key":"reusablesview.manageresources.NewResourceUnitsap.m.StandardListItem{\"title\":\"Personnel\"}"}]}
RESULT: undefined
COMMAND: POST /session/652b5fe75fdd0bb6263b24ae98cbc99a/element - {"using":"xpath","value":"//*[@id=\"__item908\"]"}
RESULT: {}
RESULT: {"using":"xpath","value":"//*[@id=\"__item908\"]"}
COMMAND: POST /session/652b5fe75fdd0bb6263b24ae98cbc99a/element/f.F756EF649BFACFC99A3D872C6535431B.d.6AA9B9D87A20A8EE3F316D88FCB95A33.e.8614/click - {}
RESULT: {}
RESULT: undefined
COMMAND: POST /session/652b5fe75fdd0bb6263b24ae98cbc99a/execute/async - {"script":"<script> [776 bytes]","args":[{"enterText":"WdIOPersonnelhk7hn","selector":{"id":"application-manageresources-display-component---newResourceUnit--SHORT_TEXT","interaction":{"idSuffix":"inner"}},"clearTextFirst":true,"interactionType":"ENTER_TEXT"}]}
COMMAND: GET /session/652b5fe75fdd0bb6263b24ae98cbc99a/screenshot - {}
RESULT: {"script":"<script> [776 bytes]","args":[{"enterText":"WdIOPersonnelhk7hn","selector":{"id":"application-manageresources-display-component---newResourceUnit--SHORT_TEXT","interaction":{"idSuffix":"inner"}},"clearTextFirst":true,"interactionType":"ENTER_TEXT"}]}
COMMAND: POST /session/652b5fe75fdd0bb6263b24ae98cbc99a/element - {"using":"xpath","value":"//bdi[contains(text(), \"Material\")]"}
RESULT: {}
RESULT: {"using":"xpath","value":"//bdi[contains(text(), \"Material\")]"}
COMMAND: POST /session/652b5fe75fdd0bb6263b24ae98cbc99a/element - {"using":"xpath","value":"//bdi[contains(text(), \"Material\")]"}
RESULT: {"using":"xpath","value":"//bdi[contains(text(), \"Material\")]"}
COMMAND: POST /session/652b5fe75fdd0bb6263b24ae98cbc99a/execute/async - {"script":"<script> [1562 bytes]","args":[{"selector":{"id":"application-manageresources-display-component---newResourceUnit--BASE_UNIT_OF_MEASURE-arrow"},"wdio_ui5_key":"applicationmanageresources-display-component---newResourceUnit--BASE_UNIT_OF_MEASURE-arrow"}]}
RESULT: {"script":"<script> [1562 bytes]","args":[{"selector":{"id":"application-manageresources-display-component---newResourceUnit--BASE_UNIT_OF_MEASURE-arrow"},"wdio_ui5_key":"applicationmanageresources-display-component---newResourceUnit--BASE_UNIT_OF_MEASURE-arrow"}]}
RESULT: undefined
COMMAND: POST /session/652b5fe75fdd0bb6263b24ae98cbc99a/element - {"using":"xpath","value":"//*[@id=\"application-manageresources-display-component---newResourceUnit--BASE_UNIT_OF_MEASURE-arrow\"]"}
RESULT: {"using":"xpath","value":"//*[@id=\"application-manageresources-display-component---newResourceUnit--BASE_UNIT_OF_MEASURE-arrow\"]"}
COMMAND: POST /session/652b5fe75fdd0bb6263b24ae98cbc99a/element/f.F756EF649BFACFC99A3D872C6535431B.d.6AA9B9D87A20A8EE3F316D88FCB95A33.e.8654/click - {}
RESULT: {}
COMMAND: POST /session/652b5fe75fdd0bb6263b24ae98cbc99a/execute/async - {"script":"<script> [1562 bytes]","args":[{"selector":{"controlType":"sap.m.StandardListItem","viewName":"reusables.view.manageresources.NewResourceUnit","viewId":"application-manageresources-display-component---newResourceUnit","properties":{"title":"Percent"},"searchOpenDialogs":true,"interaction":{"idSuffix":"titleText"}},"wdio_ui5_key":"reusablesview.manageresources.NewResourceUnitsap.m.StandardListItem{\"title\":\"Percent\"}"}]}
COMMAND: GET /session/652b5fe75fdd0bb6263b24ae98cbc99a/screenshot - {}
RESULT: {"script":"<script> [1562 bytes]","args":[{"selector":{"controlType":"sap.m.StandardListItem","viewName":"reusables.view.manageresources.NewResourceUnit","viewId":"application-manageresources-display-component---newResourceUnit","properties":{"title":"Percent"},"searchOpenDialogs":true,"interaction":{"idSuffix":"titleText"}},"wdio_ui5_key":"reusablesview.manageresources.NewResourceUnitsap.m.StandardListItem{\"title\":\"Percent\"}"}]}
RESULT: undefined
COMMAND: POST /session/652b5fe75fdd0bb6263b24ae98cbc99a/element - {"using":"xpath","value":"//*[@id=\"__item928\"]"}
RESULT: {}
RESULT: {"using":"xpath","value":"//*[@id=\"__item928\"]"}
COMMAND: POST /session/652b5fe75fdd0bb6263b24ae98cbc99a/element/f.F756EF649BFACFC99A3D872C6535431B.d.6AA9B9D87A20A8EE3F316D88FCB95A33.e.8656/click - {}
RESULT: {}
COMMAND: POST /session/652b5fe75fdd0bb6263b24ae98cbc99a/execute/async - {"script":"<script> [1562 bytes]","args":[{"selector":{"id":"application-manageresources-display-component---newResourceUnit--PLANNING_GROUP-arrow"},"wdio_ui5_key":"applicationmanageresources-display-component---newResourceUnit--PLANNING_GROUP-arrow"}]}
COMMAND: GET /session/652b5fe75fdd0bb6263b24ae98cbc99a/screenshot - {}
RESULT: {"script":"<script> [1562 bytes]","args":[{"selector":{"id":"application-manageresources-display-component---newResourceUnit--PLANNING_GROUP-arrow"},"wdio_ui5_key":"applicationmanageresources-display-component---newResourceUnit--PLANNING_GROUP-arrow"}]}
RESULT: undefined
COMMAND: POST /session/652b5fe75fdd0bb6263b24ae98cbc99a/element - {"using":"xpath","value":"//*[@id=\"application-manageresources-display-component---newResourceUnit--PLANNING_GROUP-arrow\"]"}
RESULT: {}
RESULT: {"using":"xpath","value":"//*[@id=\"application-manageresources-display-component---newResourceUnit--PLANNING_GROUP-arrow\"]"}
COMMAND: POST /session/652b5fe75fdd0bb6263b24ae98cbc99a/element/f.F756EF649BFACFC99A3D872C6535431B.d.6AA9B9D87A20A8EE3F316D88FCB95A33.e.8657/click - {}
RESULT: {}
COMMAND: GET /session/652b5fe75fdd0bb6263b24ae98cbc99a/screenshot - {}
RESULT: {}
COMMAND: POST /session/652b5fe75fdd0bb6263b24ae98cbc99a/execute/async - {"script":"<script> [1562 bytes]","args":[{"selector":{"controlType":"sap.m.StandardListItem","viewName":"reusables.view.manageresources.NewResourceUnit","viewId":"application-manageresources-display-component---newResourceUnit","properties":{"title":"Operating personnel"},"searchOpenDialogs":true,"interaction":{"idSuffix":"titleText"}},"wdio_ui5_key":"reusablesview.manageresources.NewResourceUnitsap.m.StandardListItem{\"title\":\"Operating personnel\"}"}]}
RESULT: {"script":"<script> [1562 bytes]","args":[{"selector":{"controlType":"sap.m.StandardListItem","viewName":"reusables.view.manageresources.NewResourceUnit","viewId":"application-manageresources-display-component---newResourceUnit","properties":{"title":"Operating personnel"},"searchOpenDialogs":true,"interaction":{"idSuffix":"titleText"}},"wdio_ui5_key":"reusablesview.manageresources.NewResourceUnitsap.m.StandardListItem{\"title\":\"Operating personnel\"}"}]}
RESULT: undefined
COMMAND: POST /session/652b5fe75fdd0bb6263b24ae98cbc99a/element - {"using":"xpath","value":"//*[@id=\"__item937\"]"}
RESULT: {"using":"xpath","value":"//*[@id=\"__item937\"]"}
COMMAND: POST /session/652b5fe75fdd0bb6263b24ae98cbc99a/element/f.F756EF649BFACFC99A3D872C6535431B.d.6AA9B9D87A20A8EE3F316D88FCB95A33.e.8659/click - {}
RESULT: {}
COMMAND: GET /session/652b5fe75fdd0bb6263b24ae98cbc99a/screenshot - {}
RESULT: {}
COMMAND: POST /session/652b5fe75fdd0bb6263b24ae98cbc99a/element - {"using":"xpath","value":"//bdi[contains(text(), \"Time Segment\")]"}
RESULT: {"using":"xpath","value":"//bdi[contains(text(), \"Time Segment\")]"}
COMMAND: GET /session/652b5fe75fdd0bb6263b24ae98cbc99a/element/f.F756EF649BFACFC99A3D872C6535431B.d.6AA9B9D87A20A8EE3F316D88FCB95A33.e.8660/rect - {}
RESULT: {}
COMMAND: GET /session/652b5fe75fdd0bb6263b24ae98cbc99a/window/rect - {}
RESULT: {}
COMMAND: POST /session/652b5fe75fdd0bb6263b24ae98cbc99a/execute/sync - {"script":"<script> [92 bytes]","args":[]}
RESULT: {"script":"<script> [92 bytes]","args":[]}
COMMAND: POST /session/652b5fe75fdd0bb6263b24ae98cbc99a/actions - {"actions":[{"id":"action24","type":"wheel","parameters":{},"actions":[{"type":"scroll","x":-1820,"y":804,"deltaX":0,"deltaY":0,"duration":0,"origin":{"element-6066-11e4-a52e-4f735466cecf":"f.F756EF649BFACFC99A3D872C6535431B.d.6AA9B9D87A20A8EE3F316D88FCB95A33.e.8660"}}]}]}
COMMAND: GET /session/652b5fe75fdd0bb6263b24ae98cbc99a/screenshot - {}
RESULT: {}
COMMAND: POST /session/652b5fe75fdd0bb6263b24ae98cbc99a/execute/sync - {"script":"<script> [79 bytes]","args":[{"element-6066-11e4-a52e-4f735466cecf":"f.F756EF649BFACFC99A3D872C6535431B.d.6AA9B9D87A20A8EE3F316D88FCB95A33.e.8660","ELEMENT":"f.F756EF649BFACFC99A3D872C6535431B.d.6AA9B9D87A20A8EE3F316D88FCB95A33.e.8660"},{"block":"start","inline":"nearest"}]}
RESULT: {"script":"<script> [79 bytes]","args":[{"element-6066-11e4-a52e-4f735466cecf":"f.F756EF649BFACFC99A3D872C6535431B.d.6AA9B9D87A20A8EE3F316D88FCB95A33.e.8660","ELEMENT":"f.F756EF649BFACFC99A3D872C6535431B.d.6AA9B9D87A20A8EE3F316D88FCB95A33.e.8660"},{"block":"start","inline":"nearest"}]}
COMMAND: GET /session/652b5fe75fdd0bb6263b24ae98cbc99a/screenshot - {}
RESULT: {}
COMMAND: POST /session/652b5fe75fdd0bb6263b24ae98cbc99a/element - {"using":"xpath","value":"//span[@id=\"application-manageresources-display-component---newResourceUnit--btnAddTimeSegment-img\"]"}
RESULT: {"using":"xpath","value":"//span[@id=\"application-manageresources-display-component---newResourceUnit--btnAddTimeSegment-img\"]"}
COMMAND: POST /session/652b5fe75fdd0bb6263b24ae98cbc99a/execute/sync - {"script":"<script> [8489 bytes]","args":[{"element-6066-11e4-a52e-4f735466cecf":"f.F756EF649BFACFC99A3D872C6535431B.d.6AA9B9D87A20A8EE3F316D88FCB95A33.e.8665","ELEMENT":"f.F756EF649BFACFC99A3D872C6535431B.d.6AA9B9D87A20A8EE3F316D88FCB95A33.e.8665"}]}
RESULT: {"script":"<script> [8489 bytes]","args":[{"element-6066-11e4-a52e-4f735466cecf":"f.F756EF649BFACFC99A3D872C6535431B.d.6AA9B9D87A20A8EE3F316D88FCB95A33.e.8665","ELEMENT":"f.F756EF649BFACFC99A3D872C6535431B.d.6AA9B9D87A20A8EE3F316D88FCB95A33.e.8665"}]}
COMMAND: POST /session/652b5fe75fdd0bb6263b24ae98cbc99a/element/f.F756EF649BFACFC99A3D872C6535431B.d.6AA9B9D87A20A8EE3F316D88FCB95A33.e.8665/click - {}
COMMAND: GET /session/652b5fe75fdd0bb6263b24ae98cbc99a/screenshot - {}
RESULT: {}
RESULT: {}
COMMAND: GET /session/652b5fe75fdd0bb6263b24ae98cbc99a/screenshot - {}
COMMAND: POST /session/652b5fe75fdd0bb6263b24ae98cbc99a/element - {"using":"xpath","value":"//input[@id=\"application-manageresources-display-component---newResourceUnit--idRuTSAdmin-application-manageresources-display-component---newResourceUnit--RUTimeSegment-0-inner\"]"}
RESULT: {}
RESULT: {"using":"xpath","value":"//input[@id=\"application-manageresources-display-component---newResourceUnit--idRuTSAdmin-application-manageresources-display-component---newResourceUnit--RUTimeSegment-0-inner\"]"}
COMMAND: POST /session/652b5fe75fdd0bb6263b24ae98cbc99a/element/f.F756EF649BFACFC99A3D872C6535431B.d.6AA9B9D87A20A8EE3F316D88FCB95A33.e.8668/clear - {}
RESULT: {}
COMMAND: POST /session/652b5fe75fdd0bb6263b24ae98cbc99a/element/f.F756EF649BFACFC99A3D872C6535431B.d.6AA9B9D87A20A8EE3F316D88FCB95A33.e.8668/value - {"text":"webdriveryard"}
COMMAND: GET /session/652b5fe75fdd0bb6263b24ae98cbc99a/screenshot - {}
RESULT: {"text":"webdriveryard"}
COMMAND: GET /session/652b5fe75fdd0bb6263b24ae98cbc99a/screenshot - {}
RESULT: {}
RESULT: {}
COMMAND: POST /session/652b5fe75fdd0bb6263b24ae98cbc99a/actions - {"actions":[{"id":"action25","type":"key","parameters":{},"actions":[{"type":"keyDown","value":"î€‡"},{"type":"pause","duration":10},{"type":"keyUp","value":"î€‡"}]}]}
RESULT: {"actions":[{"id":"action25","type":"key","parameters":{},"actions":[{"type":"keyDown","value":"î€‡"},{"type":"pause","duration":10},{"type":"keyUp","value":"î€‡"}]}]}
COMMAND: GET /session/652b5fe75fdd0bb6263b24ae98cbc99a/screenshot - {}
RESULT: {}
COMMAND: POST /session/652b5fe75fdd0bb6263b24ae98cbc99a/element - {"using":"xpath","value":"//input[contains(@id, \"application-manageresources-display-component---newResourceUnit--newControlDataDateRangePicker-inner\")]"}
RESULT: {"using":"xpath","value":"//input[contains(@id, \"application-manageresources-display-component---newResourceUnit--newControlDataDateRangePicker-inner\")]"}
COMMAND: POST /session/652b5fe75fdd0bb6263b24ae98cbc99a/element/f.F756EF649BFACFC99A3D872C6535431B.d.6AA9B9D87A20A8EE3F316D88FCB95A33.e.8643/clear - {}
RESULT: {}
COMMAND: POST /session/652b5fe75fdd0bb6263b24ae98cbc99a/element/f.F756EF649BFACFC99A3D872C6535431B.d.6AA9B9D87A20A8EE3F316D88FCB95A33.e.8643/value - {"text":"12/17/26 - 2/18/27"}
COMMAND: GET /session/652b5fe75fdd0bb6263b24ae98cbc99a/screenshot - {}
RESULT: {"text":"12/17/26 - 2/18/27"}
COMMAND: POST /session/652b5fe75fdd0bb6263b24ae98cbc99a/element - {"using":"xpath","value":"//bdi[contains(@id, \"application-manageresources-display-component---newResourceUnit--createRuButton-BDI-content\")]"}
COMMAND: GET /session/652b5fe75fdd0bb6263b24ae98cbc99a/screenshot - {}
RESULT: {}
RESULT: {"using":"xpath","value":"//bdi[contains(@id, \"application-manageresources-display-component---newResourceUnit--createRuButton-BDI-content\")]"}
COMMAND: POST /session/652b5fe75fdd0bb6263b24ae98cbc99a/element/f.F756EF649BFACFC99A3D872C6535431B.d.6AA9B9D87A20A8EE3F316D88FCB95A33.e.8678/click - {}
RESULT: {}
RESULT: {}
COMMAND: GET /session/652b5fe75fdd0bb6263b24ae98cbc99a/screenshot - {}
RESULT: {}
COMMAND: POST /session/652b5fe75fdd0bb6263b24ae98cbc99a/actions - {"actions":[{"id":"action26","type":"key","parameters":{},"actions":[{"type":"keyDown","value":"î€‡"},{"type":"pause","duration":10},{"type":"keyUp","value":"î€‡"}]}]}
RESULT: {"actions":[{"id":"action26","type":"key","parameters":{},"actions":[{"type":"keyDown","value":"î€‡"},{"type":"pause","duration":10},{"type":"keyUp","value":"î€‡"}]}]}
COMMAND: GET /session/652b5fe75fdd0bb6263b24ae98cbc99a/screenshot - {}
RESULT: {}
]]></system-out>
    </testcase>
    <testcase classname="chrome.136_0_7103_49.windows.Personnel_creation_and_reference_material_verification__US120163" name="Should verify if the reference material is visible in edit and detail mode" time="15.586">
      <system-out><![CDATA[
COMMAND: POST /session/652b5fe75fdd0bb6263b24ae98cbc99a/element - {"using":"xpath","value":"//bdi[contains(text(), \"Edit\")]"}
RESULT: {"using":"xpath","value":"//bdi[contains(text(), \"Edit\")]"}
COMMAND: POST /session/652b5fe75fdd0bb6263b24ae98cbc99a/element/f.F756EF649BFACFC99A3D872C6535431B.d.6AA9B9D87A20A8EE3F316D88FCB95A33.e.8704/click - {}
RESULT: {}
COMMAND: GET /session/652b5fe75fdd0bb6263b24ae98cbc99a/screenshot - {}
RESULT: {}
COMMAND: POST /session/652b5fe75fdd0bb6263b24ae98cbc99a/element - {"using":"xpath","value":"//bdi[contains(text(), \"Material\")]"}
RESULT: {"using":"xpath","value":"//bdi[contains(text(), \"Material\")]"}
COMMAND: POST /session/652b5fe75fdd0bb6263b24ae98cbc99a/element - {"using":"xpath","value":"//bdi[contains(text(), \"Material\")]"}
RESULT: {"using":"xpath","value":"//bdi[contains(text(), \"Material\")]"}
COMMAND: POST /session/652b5fe75fdd0bb6263b24ae98cbc99a/element - {"using":"xpath","value":"(//bdi[contains(text(), \"Save\")])[2]"}
RESULT: {"using":"xpath","value":"(//bdi[contains(text(), \"Save\")])[2]"}
COMMAND: POST /session/652b5fe75fdd0bb6263b24ae98cbc99a/element/f.F756EF649BFACFC99A3D872C6535431B.d.6AA9B9D87A20A8EE3F316D88FCB95A33.e.8752/click - {}
RESULT: {}
COMMAND: GET /session/652b5fe75fdd0bb6263b24ae98cbc99a/screenshot - {}
RESULT: {}
COMMAND: POST /session/652b5fe75fdd0bb6263b24ae98cbc99a/element - {"using":"css selector","value":"#j_username"}
COMMAND: POST /session/652b5fe75fdd0bb6263b24ae98cbc99a/url - {"url":"https://qa-testing-00-live-etm-ui.cfapps.eu10-004.hana.ondemand.com/"}
RESULT: {"using":"css selector","value":"#j_username"}
COMMAND: POST /session/652b5fe75fdd0bb6263b24ae98cbc99a/element - {"using":"css selector","value":"#j_username"}
RESULT: {"url":"https://qa-testing-00-live-etm-ui.cfapps.eu10-004.hana.ondemand.com/"}
RESULT: undefined
COMMAND: GET /session/652b5fe75fdd0bb6263b24ae98cbc99a/screenshot - {}
RESULT: {"using":"css selector","value":"#j_username"}
COMMAND: POST /session/652b5fe75fdd0bb6263b24ae98cbc99a/element - {"using":"css selector","value":"#shell-header-logo"}
RESULT: {}
RESULT: {"using":"css selector","value":"#shell-header-logo"}
COMMAND: POST /session/652b5fe75fdd0bb6263b24ae98cbc99a/execute/sync - {"script":"<script> [8489 bytes]","args":[{"element-6066-11e4-a52e-4f735466cecf":"f.F756EF649BFACFC99A3D872C6535431B.d.143B877AE50D9B629B859BA34A4489C6.e.8773","ELEMENT":"f.F756EF649BFACFC99A3D872C6535431B.d.143B877AE50D9B629B859BA34A4489C6.e.8773"}]}
RESULT: {"script":"<script> [8489 bytes]","args":[{"element-6066-11e4-a52e-4f735466cecf":"f.F756EF649BFACFC99A3D872C6535431B.d.143B877AE50D9B629B859BA34A4489C6.e.8773","ELEMENT":"f.F756EF649BFACFC99A3D872C6535431B.d.143B877AE50D9B629B859BA34A4489C6.e.8773"}]}
COMMAND: POST /session/652b5fe75fdd0bb6263b24ae98cbc99a/element - {"using":"css selector","value":"#shell-header-logo"}
COMMAND: GET /session/652b5fe75fdd0bb6263b24ae98cbc99a/screenshot - {}
RESULT: {"using":"css selector","value":"#shell-header-logo"}
COMMAND: POST /session/652b5fe75fdd0bb6263b24ae98cbc99a/execute/sync - {"script":"<script> [8489 bytes]","args":[{"element-6066-11e4-a52e-4f735466cecf":"f.F756EF649BFACFC99A3D872C6535431B.d.143B877AE50D9B629B859BA34A4489C6.e.8773","ELEMENT":"f.F756EF649BFACFC99A3D872C6535431B.d.143B877AE50D9B629B859BA34A4489C6.e.8773"}]}
RESULT: {}
RESULT: {"script":"<script> [8489 bytes]","args":[{"element-6066-11e4-a52e-4f735466cecf":"f.F756EF649BFACFC99A3D872C6535431B.d.143B877AE50D9B629B859BA34A4489C6.e.8773","ELEMENT":"f.F756EF649BFACFC99A3D872C6535431B.d.143B877AE50D9B629B859BA34A4489C6.e.8773"}]}
COMMAND: POST /session/652b5fe75fdd0bb6263b24ae98cbc99a/execute/sync - {"script":"<script> [5351 bytes]","args":[{"element-6066-11e4-a52e-4f735466cecf":"f.F756EF649BFACFC99A3D872C6535431B.d.143B877AE50D9B629B859BA34A4489C6.e.8773","ELEMENT":"f.F756EF649BFACFC99A3D872C6535431B.d.143B877AE50D9B629B859BA34A4489C6.e.8773"}]}
COMMAND: GET /session/652b5fe75fdd0bb6263b24ae98cbc99a/screenshot - {}
RESULT: {"script":"<script> [5351 bytes]","args":[{"element-6066-11e4-a52e-4f735466cecf":"f.F756EF649BFACFC99A3D872C6535431B.d.143B877AE50D9B629B859BA34A4489C6.e.8773","ELEMENT":"f.F756EF649BFACFC99A3D872C6535431B.d.143B877AE50D9B629B859BA34A4489C6.e.8773"}]}
COMMAND: POST /session/652b5fe75fdd0bb6263b24ae98cbc99a/element - {"using":"css selector","value":"#shell-header-logo"}
COMMAND: GET /session/652b5fe75fdd0bb6263b24ae98cbc99a/screenshot - {}
RESULT: {}
RESULT: {"using":"css selector","value":"#shell-header-logo"}
COMMAND: POST /session/652b5fe75fdd0bb6263b24ae98cbc99a/element/f.F756EF649BFACFC99A3D872C6535431B.d.143B877AE50D9B629B859BA34A4489C6.e.8773/click - {}
RESULT: {}
RESULT: {}
COMMAND: GET /session/652b5fe75fdd0bb6263b24ae98cbc99a/screenshot - {}
RESULT: {}
COMMAND: POST /session/652b5fe75fdd0bb6263b24ae98cbc99a/execute/async - {"script":"<script> [189 bytes]","args":[]}
RESULT: {"script":"<script> [189 bytes]","args":[]}
COMMAND: POST /session/652b5fe75fdd0bb6263b24ae98cbc99a/execute/async - {"script":"<script> [123 bytes]","args":[]}
RESULT: {"script":"<script> [123 bytes]","args":[]}
COMMAND: POST /session/652b5fe75fdd0bb6263b24ae98cbc99a/timeouts - {"script":"<number>"}
RESULT: {"script":"<number>"}
COMMAND: GET /session/652b5fe75fdd0bb6263b24ae98cbc99a/timeouts - {}
RESULT: {}
RESULT: undefined
COMMAND: POST /session/652b5fe75fdd0bb6263b24ae98cbc99a/execute/async - {"script":"<script> [2676 bytes]","args":[]}
RESULT: {"script":"<script> [2676 bytes]","args":[]}
COMMAND: POST /session/652b5fe75fdd0bb6263b24ae98cbc99a/execute/async - {"script":"<script> [2342 bytes]","args":[{"protocol":"http","hostname":"0.0.0.0","path":"/","capabilities":{"browserName":"chrome","goog:chromeOptions":{"binary":"C:\\Program Files\\Google\\Chrome\\Application\\chrome.exe","args":["--start-maximized"]}},"logLevel":"warn","connectionRetryTimeout":120000,"connectionRetryCount":3,"logLevels":{},"enableDirectConnect":true,"strictSSL":true,"_":"65 more keys: [\"cacheDir\",\"port\",\"requestedCapabilities\",\"automationProtocol\",\"baseUrl\",\"waitforInterval\",\"waitforTimeout\",\"onReload\",\"beforeCommand\",\"afterCommand\",\"rootDir\",\"specs\",\"suites\",\"exclude\",\"groupLogsByTestSpec\",\"excludeDriverLogs\",\"bail\",\"framework\",\"reporters\",\"services\",\"maxInstances\",\"maxInstancesPerCapability\",\"injectGlobals\",\"filesToWatch\",\"execArgv\",\"runnerEnv\",\"runner\",\"shard\",\"specFileRetries\",\"specFileRetriesDelay\",\"specFileRetriesDeferred\",\"reporterSyncInterval\",\"reporterSyncTimeout\",\"cucumberFeaturesWithLineNumbers\",\"autoCompileOpts\",\"mochaOpts\",\"jasmineOpts\",\"cucumberOpts\",\"onPrepare\",\"onWorkerStart\",\"onWorkerEnd\",\"before\",\"beforeSession\",\"beforeSuite\",\"beforeHook\",\"beforeTest\",\"afterTest\",\"afterHook\",\"afterSuite\",\"afterSession\",\"after\",\"onComplete\",\"beforeAssertion\",\"afterAssertion\",\"beforeFeature\",\"beforeScenario\",\"beforeStep\",\"afterStep\",\"afterScenario\",\"afterFeature\",\"_\",\"suite\",\"$0\",\"ignoredWorkerServices\",\"wdi5\"]"}]}
RESULT: {"script":"<script> [2342 bytes]","args":[{"protocol":"http","hostname":"0.0.0.0","path":"/","capabilities":{"browserName":"chrome","goog:chromeOptions":{"binary":"C:\\Program Files\\Google\\Chrome\\Application\\chrome.exe","args":["--start-maximized"]}},"logLevel":"warn","connectionRetryTimeout":120000,"connectionRetryCount":3,"logLevels":{},"enableDirectConnect":true,"strictSSL":true,"_":"65 more keys: [\"cacheDir\",\"port\",\"requestedCapabilities\",\"automationProtocol\",\"baseUrl\",\"waitforInterval\",\"waitforTimeout\",\"onReload\",\"beforeCommand\",\"afterCommand\",\"rootDir\",\"specs\",\"suites\",\"exclude\",\"groupLogsByTestSpec\",\"excludeDriverLogs\",\"bail\",\"framework\",\"reporters\",\"services\",\"maxInstances\",\"maxInstancesPerCapability\",\"injectGlobals\",\"filesToWatch\",\"execArgv\",\"runnerEnv\",\"runner\",\"shard\",\"specFileRetries\",\"specFileRetriesDelay\",\"specFileRetriesDeferred\",\"reporterSyncInterval\",\"reporterSyncTimeout\",\"cucumberFeaturesWithLineNumbers\",\"autoCompileOpts\",\"mochaOpts\",\"jasmineOpts\",\"cucumberOpts\",\"onPrepare\",\"onWorkerStart\",\"onWorkerEnd\",\"before\",\"beforeSession\",\"beforeSuite\",\"beforeHook\",\"beforeTest\",\"afterTest\",\"afterHook\",\"afterSuite\",\"afterSession\",\"after\",\"onComplete\",\"beforeAssertion\",\"afterAssertion\",\"beforeFeature\",\"beforeScenario\",\"beforeStep\",\"afterStep\",\"afterScenario\",\"afterFeature\",\"_\",\"suite\",\"$0\",\"ignoredWorkerServices\",\"wdi5\"]"}]}
COMMAND: POST /session/652b5fe75fdd0bb6263b24ae98cbc99a/execute/async - {"script":"<script> [21126 bytes]","args":[35000]}
RESULT: {"script":"<script> [21126 bytes]","args":[35000]}
COMMAND: POST /session/652b5fe75fdd0bb6263b24ae98cbc99a/window/maximize - {}
RESULT: {}
COMMAND: POST /session/652b5fe75fdd0bb6263b24ae98cbc99a/execute/async - {"script":"<script> [1562 bytes]","args":[{"selector":{"id":"shell-header","interaction":{"idSuffix":"icon"}},"wdio_ui5_key":"shellheader"}]}
COMMAND: GET /session/652b5fe75fdd0bb6263b24ae98cbc99a/screenshot - {}
RESULT: {"script":"<script> [1562 bytes]","args":[{"selector":{"id":"shell-header","interaction":{"idSuffix":"icon"}},"wdio_ui5_key":"shellheader"}]}
RESULT: undefined
RESULT: {}
]]></system-out>
    </testcase>
  </testsuite>
  <testsuite timestamp="2025-05-13T15:45:01" time="479.215" tests="5" failures="2" errors="2" skipped="0">
    <properties>
      <property name="specId" value="0" />
      <property name="suiteName" value="Warehouse movements inventory test" />
      <property name="capabilities" value="chrome.136_0_7103_49.windows" />
      <property name="file" value="file:///D:/a/1/s/test/specs/R2C/create-resource.spec.js" />
    </properties>
    <testcase classname="chrome.136_0_7103_49.windows.Warehouse_movements_inventory_test" name="Should create a new WHM yard" time="129.243">
      <system-out><![CDATA[
COMMAND: POST /session/652b5fe75fdd0bb6263b24ae98cbc99a/execute/async - {"script":"<script> [1562 bytes]","args":[{"selector":{"controlType":"sap.m.GenericTile","properties":{"header":"Manage Yards"}},"wdio_ui5_key":"sapm.GenericTile{\"header\":\"Manage Yards\"}"}]}
RESULT: {"script":"<script> [1562 bytes]","args":[{"selector":{"controlType":"sap.m.GenericTile","properties":{"header":"Manage Yards"}},"wdio_ui5_key":"sapm.GenericTile{\"header\":\"Manage Yards\"}"}]}
RESULT: undefined
COMMAND: POST /session/652b5fe75fdd0bb6263b24ae98cbc99a/element - {"using":"xpath","value":"//*[@id=\"__tile41\"]"}
RESULT: {"using":"xpath","value":"//*[@id=\"__tile41\"]"}
COMMAND: POST /session/652b5fe75fdd0bb6263b24ae98cbc99a/element/f.F756EF649BFACFC99A3D872C6535431B.d.143B877AE50D9B629B859BA34A4489C6.e.8782/click - {}
RESULT: {}
COMMAND: GET /session/652b5fe75fdd0bb6263b24ae98cbc99a/screenshot - {}
RESULT: {}
COMMAND: POST /session/652b5fe75fdd0bb6263b24ae98cbc99a/elements - {"using":"xpath","value":"//span[text()='Error']"}
RESULT: {"using":"xpath","value":"//span[text()='Error']"}
COMMAND: POST /session/652b5fe75fdd0bb6263b24ae98cbc99a/execute/async - {"script":"<script> [1562 bytes]","args":[{"selector":{"controlType":"sap.ui.core.Icon","viewName":"etm.portal.ui.manageyards.view.Master","viewId":"application-manageyards-display-component---masterYard","properties":{"src":{"regex":{"source":"add"}}}},"wdio_ui5_key":"etmportal.ui.manageyards.view.Mastersap.ui.core.Icon{\"src\":{\"regex\":{\"source\":\"add\"}}}"}]}
RESULT: {"script":"<script> [1562 bytes]","args":[{"selector":{"controlType":"sap.ui.core.Icon","viewName":"etm.portal.ui.manageyards.view.Master","viewId":"application-manageyards-display-component---masterYard","properties":{"src":{"regex":{"source":"add"}}}},"wdio_ui5_key":"etmportal.ui.manageyards.view.Mastersap.ui.core.Icon{\"src\":{\"regex\":{\"source\":\"add\"}}}"}]}
RESULT: undefined
COMMAND: POST /session/652b5fe75fdd0bb6263b24ae98cbc99a/element - {"using":"xpath","value":"//*[@id=\"__button4-img\"]"}
RESULT: {"using":"xpath","value":"//*[@id=\"__button4-img\"]"}
COMMAND: POST /session/652b5fe75fdd0bb6263b24ae98cbc99a/element/f.F756EF649BFACFC99A3D872C6535431B.d.143B877AE50D9B629B859BA34A4489C6.e.8827/click - {}
RESULT: {}
COMMAND: GET /session/652b5fe75fdd0bb6263b24ae98cbc99a/screenshot - {}
RESULT: {}
COMMAND: POST /session/652b5fe75fdd0bb6263b24ae98cbc99a/execute/async - {"script":"<script> [1562 bytes]","args":[{"selector":{"id":"application-manageyards-display-component---NewYard--yardId","interaction":{"idSuffix":"inner"}},"wdio_ui5_key":"applicationmanageyards-display-component---NewYard--yardId"}]}
RESULT: {"script":"<script> [1562 bytes]","args":[{"selector":{"id":"application-manageyards-display-component---NewYard--yardId","interaction":{"idSuffix":"inner"}},"wdio_ui5_key":"applicationmanageyards-display-component---NewYard--yardId"}]}
RESULT: undefined
COMMAND: POST /session/652b5fe75fdd0bb6263b24ae98cbc99a/element - {"using":"xpath","value":"//*[@id=\"application-manageyards-display-component---NewYard--addressDetailDetailsName1-inner\"]"}
RESULT: {"using":"xpath","value":"//*[@id=\"application-manageyards-display-component---NewYard--addressDetailDetailsName1-inner\"]"}
COMMAND: POST /session/652b5fe75fdd0bb6263b24ae98cbc99a/element/f.F756EF649BFACFC99A3D872C6535431B.d.143B877AE50D9B629B859BA34A4489C6.e.8958/clear - {}
RESULT: {}
COMMAND: POST /session/652b5fe75fdd0bb6263b24ae98cbc99a/element/f.F756EF649BFACFC99A3D872C6535431B.d.143B877AE50D9B629B859BA34A4489C6.e.8958/value - {"text":"WebdriverWHMYards6jko"}
COMMAND: GET /session/652b5fe75fdd0bb6263b24ae98cbc99a/screenshot - {}
RESULT: {"text":"WebdriverWHMYards6jko"}
COMMAND: POST /session/652b5fe75fdd0bb6263b24ae98cbc99a/element - {"using":"xpath","value":"//*[@id=\"application-manageyards-display-component---NewYard--addressDetailDetailsLanguage-inner\"]"}
COMMAND: GET /session/652b5fe75fdd0bb6263b24ae98cbc99a/screenshot - {}
RESULT: {}
RESULT: {"using":"xpath","value":"//*[@id=\"application-manageyards-display-component---NewYard--addressDetailDetailsLanguage-inner\"]"}
COMMAND: POST /session/652b5fe75fdd0bb6263b24ae98cbc99a/element/f.F756EF649BFACFC99A3D872C6535431B.d.143B877AE50D9B629B859BA34A4489C6.e.8959/clear - {}
RESULT: {}
RESULT: {}
COMMAND: POST /session/652b5fe75fdd0bb6263b24ae98cbc99a/element/f.F756EF649BFACFC99A3D872C6535431B.d.143B877AE50D9B629B859BA34A4489C6.e.8959/value - {"text":"Romanian"}
COMMAND: GET /session/652b5fe75fdd0bb6263b24ae98cbc99a/screenshot - {}
RESULT: {"text":"Romanian"}
COMMAND: POST /session/652b5fe75fdd0bb6263b24ae98cbc99a/element - {"using":"xpath","value":"//input[contains(@id ,\"application-manageyards-display-component---NewYard--addressDetailDetailsName1-inner\")]"}
COMMAND: GET /session/652b5fe75fdd0bb6263b24ae98cbc99a/screenshot - {}
RESULT: {}
RESULT: {"using":"xpath","value":"//input[contains(@id ,\"application-manageyards-display-component---NewYard--addressDetailDetailsName1-inner\")]"}
COMMAND: GET /session/652b5fe75fdd0bb6263b24ae98cbc99a/element/f.F756EF649BFACFC99A3D872C6535431B.d.143B877AE50D9B629B859BA34A4489C6.e.8958/property/value - {}
RESULT: {}
RESULT: {}
COMMAND: GET /session/652b5fe75fdd0bb6263b24ae98cbc99a/screenshot - {}
RESULT: {}
COMMAND: POST /session/652b5fe75fdd0bb6263b24ae98cbc99a/element - {"using":"xpath","value":"//*[@id=\"application-manageyards-display-component---NewYard--addressDetailDetailsCity1-inner\"]"}
RESULT: {"using":"xpath","value":"//*[@id=\"application-manageyards-display-component---NewYard--addressDetailDetailsCity1-inner\"]"}
COMMAND: POST /session/652b5fe75fdd0bb6263b24ae98cbc99a/element/f.F756EF649BFACFC99A3D872C6535431B.d.143B877AE50D9B629B859BA34A4489C6.e.8961/clear - {}
RESULT: {}
COMMAND: POST /session/652b5fe75fdd0bb6263b24ae98cbc99a/element/f.F756EF649BFACFC99A3D872C6535431B.d.143B877AE50D9B629B859BA34A4489C6.e.8961/value - {"text":"Bucuresti"}
COMMAND: GET /session/652b5fe75fdd0bb6263b24ae98cbc99a/screenshot - {}
RESULT: {"text":"Bucuresti"}
COMMAND: GET /session/652b5fe75fdd0bb6263b24ae98cbc99a/screenshot - {}
RESULT: {}
RESULT: {}
COMMAND: POST /session/652b5fe75fdd0bb6263b24ae98cbc99a/element - {"using":"xpath","value":"//*[@id=\"application-manageyards-display-component---NewYard--addressDetailDetailsCountry-inner\"]"}
RESULT: {"using":"xpath","value":"//*[@id=\"application-manageyards-display-component---NewYard--addressDetailDetailsCountry-inner\"]"}
COMMAND: POST /session/652b5fe75fdd0bb6263b24ae98cbc99a/element/f.F756EF649BFACFC99A3D872C6535431B.d.143B877AE50D9B629B859BA34A4489C6.e.8965/clear - {}
RESULT: {}
COMMAND: POST /session/652b5fe75fdd0bb6263b24ae98cbc99a/element/f.F756EF649BFACFC99A3D872C6535431B.d.143B877AE50D9B629B859BA34A4489C6.e.8965/value - {"text":"Romania"}
COMMAND: GET /session/652b5fe75fdd0bb6263b24ae98cbc99a/screenshot - {}
RESULT: {"text":"Romania"}
COMMAND: GET /session/652b5fe75fdd0bb6263b24ae98cbc99a/screenshot - {}
RESULT: {}
RESULT: {}
COMMAND: POST /session/652b5fe75fdd0bb6263b24ae98cbc99a/execute/async - {"script":"<script> [1562 bytes]","args":[{"selector":{"controlType":"sap.m.Button","viewName":"etm.portal.ui.manageyards.view.New","viewId":"application-manageyards-display-component---NewYard","properties":{"text":"Commercial"},"interaction":{"idSuffix":"BDI-content"}},"wdio_ui5_key":"etmportal.ui.manageyards.view.Newsap.m.Button{\"text\":\"Commercial\"}"}]}
RESULT: {"script":"<script> [1562 bytes]","args":[{"selector":{"controlType":"sap.m.Button","viewName":"etm.portal.ui.manageyards.view.New","viewId":"application-manageyards-display-component---NewYard","properties":{"text":"Commercial"},"interaction":{"idSuffix":"BDI-content"}},"wdio_ui5_key":"etmportal.ui.manageyards.view.Newsap.m.Button{\"text\":\"Commercial\"}"}]}
RESULT: undefined
COMMAND: POST /session/652b5fe75fdd0bb6263b24ae98cbc99a/element - {"using":"xpath","value":"//*[@id=\"application-manageyards-display-component---NewYard--ObjectPageLayout-anchBar-__section5-anchor\"]"}
RESULT: {"using":"xpath","value":"//*[@id=\"application-manageyards-display-component---NewYard--ObjectPageLayout-anchBar-__section5-anchor\"]"}
COMMAND: POST /session/652b5fe75fdd0bb6263b24ae98cbc99a/element/f.F756EF649BFACFC99A3D872C6535431B.d.143B877AE50D9B629B859BA34A4489C6.e.9251/click - {}
RESULT: {}
COMMAND: GET /session/652b5fe75fdd0bb6263b24ae98cbc99a/screenshot - {}
RESULT: {}
COMMAND: POST /session/652b5fe75fdd0bb6263b24ae98cbc99a/element - {"using":"xpath","value":"//div[contains(text(), \"Commercial\")]"}
RESULT: {"using":"xpath","value":"//div[contains(text(), \"Commercial\")]"}
COMMAND: GET /session/652b5fe75fdd0bb6263b24ae98cbc99a/element/f.F756EF649BFACFC99A3D872C6535431B.d.143B877AE50D9B629B859BA34A4489C6.e.9261/rect - {}
RESULT: {}
COMMAND: GET /session/652b5fe75fdd0bb6263b24ae98cbc99a/window/rect - {}
RESULT: {}
COMMAND: POST /session/652b5fe75fdd0bb6263b24ae98cbc99a/execute/sync - {"script":"<script> [92 bytes]","args":[]}
RESULT: {"script":"<script> [92 bytes]","args":[]}
COMMAND: POST /session/652b5fe75fdd0bb6263b24ae98cbc99a/actions - {"actions":[{"id":"action27","type":"wheel","parameters":{},"actions":[{"type":"scroll","x":-1841,"y":-44,"deltaX":0,"deltaY":0,"duration":0,"origin":{"element-6066-11e4-a52e-4f735466cecf":"f.F756EF649BFACFC99A3D872C6535431B.d.143B877AE50D9B629B859BA34A4489C6.e.9261"}}]}]}
COMMAND: GET /session/652b5fe75fdd0bb6263b24ae98cbc99a/screenshot - {}
RESULT: {}
COMMAND: POST /session/652b5fe75fdd0bb6263b24ae98cbc99a/execute/sync - {"script":"<script> [79 bytes]","args":[{"element-6066-11e4-a52e-4f735466cecf":"f.F756EF649BFACFC99A3D872C6535431B.d.143B877AE50D9B629B859BA34A4489C6.e.9261","ELEMENT":"f.F756EF649BFACFC99A3D872C6535431B.d.143B877AE50D9B629B859BA34A4489C6.e.9261"},{"block":"start","inline":"nearest"}]}
RESULT: {"script":"<script> [79 bytes]","args":[{"element-6066-11e4-a52e-4f735466cecf":"f.F756EF649BFACFC99A3D872C6535431B.d.143B877AE50D9B629B859BA34A4489C6.e.9261","ELEMENT":"f.F756EF649BFACFC99A3D872C6535431B.d.143B877AE50D9B629B859BA34A4489C6.e.9261"},{"block":"start","inline":"nearest"}]}
COMMAND: GET /session/652b5fe75fdd0bb6263b24ae98cbc99a/screenshot - {}
RESULT: {}
COMMAND: POST /session/652b5fe75fdd0bb6263b24ae98cbc99a/execute/async - {"script":"<script> [1562 bytes]","args":[{"selector":{"id":"application-manageyards-display-component---NewYard--addressEditDetailsCostObjectCstType-arrow"},"wdio_ui5_key":"applicationmanageyards-display-component---NewYard--addressEditDetailsCostObjectCstType-arrow"}]}
RESULT: {"script":"<script> [1562 bytes]","args":[{"selector":{"id":"application-manageyards-display-component---NewYard--addressEditDetailsCostObjectCstType-arrow"},"wdio_ui5_key":"applicationmanageyards-display-component---NewYard--addressEditDetailsCostObjectCstType-arrow"}]}
RESULT: undefined
COMMAND: POST /session/652b5fe75fdd0bb6263b24ae98cbc99a/element - {"using":"xpath","value":"//*[@id=\"application-manageyards-display-component---NewYard--addressEditDetailsCostObjectCstType-arrow\"]"}
RESULT: {"using":"xpath","value":"//*[@id=\"application-manageyards-display-component---NewYard--addressEditDetailsCostObjectCstType-arrow\"]"}
COMMAND: POST /session/652b5fe75fdd0bb6263b24ae98cbc99a/element/f.F756EF649BFACFC99A3D872C6535431B.d.143B877AE50D9B629B859BA34A4489C6.e.9262/click - {}
RESULT: {}
COMMAND: POST /session/652b5fe75fdd0bb6263b24ae98cbc99a/element - {"using":"xpath","value":"//span[contains(text(), \"Cost Center\")]"}
COMMAND: GET /session/652b5fe75fdd0bb6263b24ae98cbc99a/screenshot - {}
RESULT: {"using":"xpath","value":"//span[contains(text(), \"Cost Center\")]"}
COMMAND: POST /session/652b5fe75fdd0bb6263b24ae98cbc99a/element/f.F756EF649BFACFC99A3D872C6535431B.d.143B877AE50D9B629B859BA34A4489C6.e.9263/click - {}
RESULT: {}
RESULT: {}
COMMAND: GET /session/652b5fe75fdd0bb6263b24ae98cbc99a/screenshot - {}
RESULT: {}
COMMAND: POST /session/652b5fe75fdd0bb6263b24ae98cbc99a/execute/async - {"script":"<script> [1562 bytes]","args":[{"selector":{"id":"application-manageyards-display-component---NewYard--addressNewCostObjectCstID-vhi"},"wdio_ui5_key":"applicationmanageyards-display-component---NewYard--addressNewCostObjectCstID-vhi"}]}
RESULT: {"script":"<script> [1562 bytes]","args":[{"selector":{"id":"application-manageyards-display-component---NewYard--addressNewCostObjectCstID-vhi"},"wdio_ui5_key":"applicationmanageyards-display-component---NewYard--addressNewCostObjectCstID-vhi"}]}
RESULT: undefined
COMMAND: POST /session/652b5fe75fdd0bb6263b24ae98cbc99a/element - {"using":"xpath","value":"//*[@id=\"application-manageyards-display-component---NewYard--addressNewCostObjectCstID-vhi\"]"}
RESULT: {"using":"xpath","value":"//*[@id=\"application-manageyards-display-component---NewYard--addressNewCostObjectCstID-vhi\"]"}
COMMAND: POST /session/652b5fe75fdd0bb6263b24ae98cbc99a/element/f.F756EF649BFACFC99A3D872C6535431B.d.143B877AE50D9B629B859BA34A4489C6.e.9267/click - {}
RESULT: {}
COMMAND: GET /session/652b5fe75fdd0bb6263b24ae98cbc99a/screenshot - {}
RESULT: {}
COMMAND: POST /session/652b5fe75fdd0bb6263b24ae98cbc99a/execute/async - {"script":"<script> [1562 bytes]","args":[{"selector":{"controlType":"sap.m.SearchField","properties":{"placeholder":"Search"},"searchOpenDialogs":true,"interaction":{"idSuffix":"I"}},"wdio_ui5_key":"sapm.SearchField{\"placeholder\":\"Search\"}"}]}
RESULT: {"script":"<script> [1562 bytes]","args":[{"selector":{"controlType":"sap.m.SearchField","properties":{"placeholder":"Search"},"searchOpenDialogs":true,"interaction":{"idSuffix":"I"}},"wdio_ui5_key":"sapm.SearchField{\"placeholder\":\"Search\"}"}]}
RESULT: undefined
COMMAND: POST /session/652b5fe75fdd0bb6263b24ae98cbc99a/execute/async - {"script":"<script> [776 bytes]","args":[{"enterText":"10001013","selector":{"controlType":"sap.m.SearchField","properties":{"placeholder":"Search"},"searchOpenDialogs":true,"interaction":{"idSuffix":"I"}},"clearTextFirst":true,"interactionType":"ENTER_TEXT"}]}
RESULT: {"script":"<script> [776 bytes]","args":[{"enterText":"10001013","selector":{"controlType":"sap.m.SearchField","properties":{"placeholder":"Search"},"searchOpenDialogs":true,"interaction":{"idSuffix":"I"}},"clearTextFirst":true,"interactionType":"ENTER_TEXT"}]}
COMMAND: POST /session/652b5fe75fdd0bb6263b24ae98cbc99a/actions - {"actions":[{"id":"action28","type":"key","parameters":{},"actions":[{"type":"keyDown","value":"î€‡"},{"type":"pause","duration":10},{"type":"keyUp","value":"î€‡"}]}]}
RESULT: {"actions":[{"id":"action28","type":"key","parameters":{},"actions":[{"type":"keyDown","value":"î€‡"},{"type":"pause","duration":10},{"type":"keyUp","value":"î€‡"}]}]}
COMMAND: GET /session/652b5fe75fdd0bb6263b24ae98cbc99a/screenshot - {}
RESULT: {}
COMMAND: POST /session/652b5fe75fdd0bb6263b24ae98cbc99a/element - {"using":"xpath","value":"//span[contains(text(), \"General Management\")]"}
RESULT: {"using":"xpath","value":"//span[contains(text(), \"General Management\")]"}
COMMAND: POST /session/652b5fe75fdd0bb6263b24ae98cbc99a/element/f.F756EF649BFACFC99A3D872C6535431B.d.143B877AE50D9B629B859BA34A4489C6.e.9309/click - {}
RESULT: {}
COMMAND: GET /session/652b5fe75fdd0bb6263b24ae98cbc99a/screenshot - {}
RESULT: {}
COMMAND: POST /session/652b5fe75fdd0bb6263b24ae98cbc99a/element - {"using":"xpath","value":"//bdi[contains(text(), \"OK\")]"}
RESULT: {"using":"xpath","value":"//bdi[contains(text(), \"OK\")]"}
COMMAND: POST /session/652b5fe75fdd0bb6263b24ae98cbc99a/element/f.F756EF649BFACFC99A3D872C6535431B.d.143B877AE50D9B629B859BA34A4489C6.e.9310/click - {}
RESULT: {}
COMMAND: GET /session/652b5fe75fdd0bb6263b24ae98cbc99a/screenshot - {}
RESULT: {}
COMMAND: POST /session/652b5fe75fdd0bb6263b24ae98cbc99a/execute/async - {"script":"<script> [1562 bytes]","args":[{"selector":{"id":"application-manageyards-display-component---NewYard--addressEditDetailsCurrency","interaction":{"idSuffix":"inner"}},"wdio_ui5_key":"applicationmanageyards-display-component---NewYard--addressEditDetailsCurrency"}]}
RESULT: {"script":"<script> [1562 bytes]","args":[{"selector":{"id":"application-manageyards-display-component---NewYard--addressEditDetailsCurrency","interaction":{"idSuffix":"inner"}},"wdio_ui5_key":"applicationmanageyards-display-component---NewYard--addressEditDetailsCurrency"}]}
RESULT: undefined
COMMAND: POST /session/652b5fe75fdd0bb6263b24ae98cbc99a/execute/async - {"script":"<script> [776 bytes]","args":[{"enterText":"Euro","selector":{"id":"application-manageyards-display-component---NewYard--addressEditDetailsCurrency","interaction":{"idSuffix":"inner"}},"clearTextFirst":true,"interactionType":"ENTER_TEXT"}]}
RESULT: {"script":"<script> [776 bytes]","args":[{"enterText":"Euro","selector":{"id":"application-manageyards-display-component---NewYard--addressEditDetailsCurrency","interaction":{"idSuffix":"inner"}},"clearTextFirst":true,"interactionType":"ENTER_TEXT"}]}
COMMAND: POST /session/652b5fe75fdd0bb6263b24ae98cbc99a/execute/async - {"script":"<script> [1562 bytes]","args":[{"selector":{"controlType":"sap.m.Input","viewName":"etm.portal.ui.manageyards.view.New","viewId":"application-manageyards-display-component---NewYard","bindingPath":{"path":"","propertyPath":"/CONTROLLING_AREA","modelName":"NewYardModel"},"interaction":{"idSuffix":"inner"}},"wdio_ui5_key":"etmportal.ui.manageyards.view.Newsap.m.Input{\"path\":\"\",\"propertyPath\":\"/CONTROLLING_AREA\",\"modelName\":\"NewYardModel\"}"}]}
RESULT: {"script":"<script> [1562 bytes]","args":[{"selector":{"controlType":"sap.m.Input","viewName":"etm.portal.ui.manageyards.view.New","viewId":"application-manageyards-display-component---NewYard","bindingPath":{"path":"","propertyPath":"/CONTROLLING_AREA","modelName":"NewYardModel"},"interaction":{"idSuffix":"inner"}},"wdio_ui5_key":"etmportal.ui.manageyards.view.Newsap.m.Input{\"path\":\"\",\"propertyPath\":\"/CONTROLLING_AREA\",\"modelName\":\"NewYardModel\"}"}]}
RESULT: undefined
COMMAND: POST /session/652b5fe75fdd0bb6263b24ae98cbc99a/execute/async - {"script":"<script> [776 bytes]","args":[{"enterText":"Z001","selector":{"controlType":"sap.m.Input","viewName":"etm.portal.ui.manageyards.view.New","viewId":"application-manageyards-display-component---NewYard","bindingPath":{"path":"","propertyPath":"/CONTROLLING_AREA","modelName":"NewYardModel"},"interaction":{"idSuffix":"inner"}},"clearTextFirst":true,"interactionType":"ENTER_TEXT"}]}
RESULT: {"script":"<script> [776 bytes]","args":[{"enterText":"Z001","selector":{"controlType":"sap.m.Input","viewName":"etm.portal.ui.manageyards.view.New","viewId":"application-manageyards-display-component---NewYard","bindingPath":{"path":"","propertyPath":"/CONTROLLING_AREA","modelName":"NewYardModel"},"interaction":{"idSuffix":"inner"}},"clearTextFirst":true,"interactionType":"ENTER_TEXT"}]}
COMMAND: POST /session/652b5fe75fdd0bb6263b24ae98cbc99a/execute/async - {"script":"<script> [1562 bytes]","args":[{"selector":{"id":"application-manageyards-display-component---NewYard--companyCodeComboBox","interaction":{"idSuffix":"inner"}},"wdio_ui5_key":"applicationmanageyards-display-component---NewYard--companyCodeComboBox"}]}
RESULT: {"script":"<script> [1562 bytes]","args":[{"selector":{"id":"application-manageyards-display-component---NewYard--companyCodeComboBox","interaction":{"idSuffix":"inner"}},"wdio_ui5_key":"applicationmanageyards-display-component---NewYard--companyCodeComboBox"}]}
RESULT: undefined
COMMAND: POST /session/652b5fe75fdd0bb6263b24ae98cbc99a/execute/async - {"script":"<script> [776 bytes]","args":[{"enterText":"1000","selector":{"id":"application-manageyards-display-component---NewYard--companyCodeComboBox","interaction":{"idSuffix":"inner"}},"clearTextFirst":true,"interactionType":"ENTER_TEXT"}]}
RESULT: {"script":"<script> [776 bytes]","args":[{"enterText":"1000","selector":{"id":"application-manageyards-display-component---NewYard--companyCodeComboBox","interaction":{"idSuffix":"inner"}},"clearTextFirst":true,"interactionType":"ENTER_TEXT"}]}
COMMAND: POST /session/652b5fe75fdd0bb6263b24ae98cbc99a/actions - {"actions":[{"id":"action29","type":"key","parameters":{},"actions":[{"type":"keyDown","value":"î€‡"},{"type":"pause","duration":10},{"type":"keyUp","value":"î€‡"}]}]}
RESULT: {"actions":[{"id":"action29","type":"key","parameters":{},"actions":[{"type":"keyDown","value":"î€‡"},{"type":"pause","duration":10},{"type":"keyUp","value":"î€‡"}]}]}
COMMAND: POST /session/652b5fe75fdd0bb6263b24ae98cbc99a/execute/async - {"script":"<script> [1562 bytes]","args":[{"selector":{"controlType":"sap.m.Input","viewName":"etm.portal.ui.manageyards.view.New","viewId":"application-manageyards-display-component---NewYard","bindingPath":{"path":"","propertyPath":"/PLANT","modelName":"NewYardModel"},"interaction":{"idSuffix":"inner"}},"wdio_ui5_key":"etmportal.ui.manageyards.view.Newsap.m.Input{\"path\":\"\",\"propertyPath\":\"/PLANT\",\"modelName\":\"NewYardModel\"}"}]}
COMMAND: GET /session/652b5fe75fdd0bb6263b24ae98cbc99a/screenshot - {}
RESULT: {"script":"<script> [1562 bytes]","args":[{"selector":{"controlType":"sap.m.Input","viewName":"etm.portal.ui.manageyards.view.New","viewId":"application-manageyards-display-component---NewYard","bindingPath":{"path":"","propertyPath":"/PLANT","modelName":"NewYardModel"},"interaction":{"idSuffix":"inner"}},"wdio_ui5_key":"etmportal.ui.manageyards.view.Newsap.m.Input{\"path\":\"\",\"propertyPath\":\"/PLANT\",\"modelName\":\"NewYardModel\"}"}]}
RESULT: undefined
COMMAND: POST /session/652b5fe75fdd0bb6263b24ae98cbc99a/execute/async - {"script":"<script> [776 bytes]","args":[{"enterText":"1001","selector":{"controlType":"sap.m.Input","viewName":"etm.portal.ui.manageyards.view.New","viewId":"application-manageyards-display-component---NewYard","bindingPath":{"path":"","propertyPath":"/PLANT","modelName":"NewYardModel"},"interaction":{"idSuffix":"inner"}},"clearTextFirst":true,"interactionType":"ENTER_TEXT"}]}
RESULT: {}
RESULT: {"script":"<script> [776 bytes]","args":[{"enterText":"1001","selector":{"controlType":"sap.m.Input","viewName":"etm.portal.ui.manageyards.view.New","viewId":"application-manageyards-display-component---NewYard","bindingPath":{"path":"","propertyPath":"/PLANT","modelName":"NewYardModel"},"interaction":{"idSuffix":"inner"}},"clearTextFirst":true,"interactionType":"ENTER_TEXT"}]}
COMMAND: POST /session/652b5fe75fdd0bb6263b24ae98cbc99a/execute/async - {"script":"<script> [1562 bytes]","args":[{"selector":{"controlType":"sap.m.Input","viewName":"etm.portal.ui.manageyards.view.New","viewId":"application-manageyards-display-component---NewYard","bindingPath":{"path":"","propertyPath":"/SALES_AREA_VKORG","modelName":"NewYardModel"},"interaction":{"idSuffix":"inner"}},"wdio_ui5_key":"etmportal.ui.manageyards.view.Newsap.m.Input{\"path\":\"\",\"propertyPath\":\"/SALES_AREA_VKORG\",\"modelName\":\"NewYardModel\"}"}]}
RESULT: {"script":"<script> [1562 bytes]","args":[{"selector":{"controlType":"sap.m.Input","viewName":"etm.portal.ui.manageyards.view.New","viewId":"application-manageyards-display-component---NewYard","bindingPath":{"path":"","propertyPath":"/SALES_AREA_VKORG","modelName":"NewYardModel"},"interaction":{"idSuffix":"inner"}},"wdio_ui5_key":"etmportal.ui.manageyards.view.Newsap.m.Input{\"path\":\"\",\"propertyPath\":\"/SALES_AREA_VKORG\",\"modelName\":\"NewYardModel\"}"}]}
RESULT: undefined
COMMAND: POST /session/652b5fe75fdd0bb6263b24ae98cbc99a/execute/async - {"script":"<script> [776 bytes]","args":[{"enterText":"C002","selector":{"controlType":"sap.m.Input","viewName":"etm.portal.ui.manageyards.view.New","viewId":"application-manageyards-display-component---NewYard","bindingPath":{"path":"","propertyPath":"/SALES_AREA_VKORG","modelName":"NewYardModel"},"interaction":{"idSuffix":"inner"}},"clearTextFirst":true,"interactionType":"ENTER_TEXT"}]}
RESULT: {"script":"<script> [776 bytes]","args":[{"enterText":"C002","selector":{"controlType":"sap.m.Input","viewName":"etm.portal.ui.manageyards.view.New","viewId":"application-manageyards-display-component---NewYard","bindingPath":{"path":"","propertyPath":"/SALES_AREA_VKORG","modelName":"NewYardModel"},"interaction":{"idSuffix":"inner"}},"clearTextFirst":true,"interactionType":"ENTER_TEXT"}]}
COMMAND: POST /session/652b5fe75fdd0bb6263b24ae98cbc99a/execute/async - {"script":"<script> [1562 bytes]","args":[{"selector":{"controlType":"sap.m.Input","viewName":"etm.portal.ui.manageyards.view.New","viewId":"application-manageyards-display-component---NewYard","bindingPath":{"path":"","propertyPath":"/SALES_AREA_VTWEG","modelName":"NewYardModel"},"interaction":{"idSuffix":"inner"}},"wdio_ui5_key":"etmportal.ui.manageyards.view.Newsap.m.Input{\"path\":\"\",\"propertyPath\":\"/SALES_AREA_VTWEG\",\"modelName\":\"NewYardModel\"}"}]}
RESULT: {"script":"<script> [1562 bytes]","args":[{"selector":{"controlType":"sap.m.Input","viewName":"etm.portal.ui.manageyards.view.New","viewId":"application-manageyards-display-component---NewYard","bindingPath":{"path":"","propertyPath":"/SALES_AREA_VTWEG","modelName":"NewYardModel"},"interaction":{"idSuffix":"inner"}},"wdio_ui5_key":"etmportal.ui.manageyards.view.Newsap.m.Input{\"path\":\"\",\"propertyPath\":\"/SALES_AREA_VTWEG\",\"modelName\":\"NewYardModel\"}"}]}
RESULT: undefined
COMMAND: POST /session/652b5fe75fdd0bb6263b24ae98cbc99a/execute/async - {"script":"<script> [776 bytes]","args":[{"enterText":"C2","selector":{"controlType":"sap.m.Input","viewName":"etm.portal.ui.manageyards.view.New","viewId":"application-manageyards-display-component---NewYard","bindingPath":{"path":"","propertyPath":"/SALES_AREA_VTWEG","modelName":"NewYardModel"},"interaction":{"idSuffix":"inner"}},"clearTextFirst":true,"interactionType":"ENTER_TEXT"}]}
RESULT: {"script":"<script> [776 bytes]","args":[{"enterText":"C2","selector":{"controlType":"sap.m.Input","viewName":"etm.portal.ui.manageyards.view.New","viewId":"application-manageyards-display-component---NewYard","bindingPath":{"path":"","propertyPath":"/SALES_AREA_VTWEG","modelName":"NewYardModel"},"interaction":{"idSuffix":"inner"}},"clearTextFirst":true,"interactionType":"ENTER_TEXT"}]}
COMMAND: POST /session/652b5fe75fdd0bb6263b24ae98cbc99a/execute/async - {"script":"<script> [1562 bytes]","args":[{"selector":{"controlType":"sap.m.Input","viewName":"etm.portal.ui.manageyards.view.New","viewId":"application-manageyards-display-component---NewYard","bindingPath":{"path":"","propertyPath":"/SALES_AREA_SPART","modelName":"NewYardModel"},"interaction":{"idSuffix":"inner"}},"wdio_ui5_key":"etmportal.ui.manageyards.view.Newsap.m.Input{\"path\":\"\",\"propertyPath\":\"/SALES_AREA_SPART\",\"modelName\":\"NewYardModel\"}"}]}
RESULT: {"script":"<script> [1562 bytes]","args":[{"selector":{"controlType":"sap.m.Input","viewName":"etm.portal.ui.manageyards.view.New","viewId":"application-manageyards-display-component---NewYard","bindingPath":{"path":"","propertyPath":"/SALES_AREA_SPART","modelName":"NewYardModel"},"interaction":{"idSuffix":"inner"}},"wdio_ui5_key":"etmportal.ui.manageyards.view.Newsap.m.Input{\"path\":\"\",\"propertyPath\":\"/SALES_AREA_SPART\",\"modelName\":\"NewYardModel\"}"}]}
RESULT: undefined
COMMAND: POST /session/652b5fe75fdd0bb6263b24ae98cbc99a/execute/async - {"script":"<script> [776 bytes]","args":[{"enterText":"C2","selector":{"controlType":"sap.m.Input","viewName":"etm.portal.ui.manageyards.view.New","viewId":"application-manageyards-display-component---NewYard","bindingPath":{"path":"","propertyPath":"/SALES_AREA_SPART","modelName":"NewYardModel"},"interaction":{"idSuffix":"inner"}},"clearTextFirst":true,"interactionType":"ENTER_TEXT"}]}
RESULT: {"script":"<script> [776 bytes]","args":[{"enterText":"C2","selector":{"controlType":"sap.m.Input","viewName":"etm.portal.ui.manageyards.view.New","viewId":"application-manageyards-display-component---NewYard","bindingPath":{"path":"","propertyPath":"/SALES_AREA_SPART","modelName":"NewYardModel"},"interaction":{"idSuffix":"inner"}},"clearTextFirst":true,"interactionType":"ENTER_TEXT"}]}
COMMAND: POST /session/652b5fe75fdd0bb6263b24ae98cbc99a/execute/async - {"script":"<script> [1562 bytes]","args":[{"selector":{"id":"application-manageyards-display-component---NewYard--whmCheckBox","interaction":{"idSuffix":"CbBg"}},"wdio_ui5_key":"applicationmanageyards-display-component---NewYard--whmCheckBox"}]}
RESULT: {"script":"<script> [1562 bytes]","args":[{"selector":{"id":"application-manageyards-display-component---NewYard--whmCheckBox","interaction":{"idSuffix":"CbBg"}},"wdio_ui5_key":"applicationmanageyards-display-component---NewYard--whmCheckBox"}]}
RESULT: undefined
COMMAND: POST /session/652b5fe75fdd0bb6263b24ae98cbc99a/element - {"using":"xpath","value":"//*[@id=\"application-manageyards-display-component---NewYard--whmCheckBox\"]"}
RESULT: {"using":"xpath","value":"//*[@id=\"application-manageyards-display-component---NewYard--whmCheckBox\"]"}
COMMAND: POST /session/652b5fe75fdd0bb6263b24ae98cbc99a/element/f.F756EF649BFACFC99A3D872C6535431B.d.143B877AE50D9B629B859BA34A4489C6.e.9321/click - {}
RESULT: {}
COMMAND: POST /session/652b5fe75fdd0bb6263b24ae98cbc99a/execute/async - {"script":"<script> [1562 bytes]","args":[{"selector":{"controlType":"sap.m.Button","viewName":"etm.portal.ui.manageyards.view.New","viewId":"application-manageyards-display-component---NewYard","i18NText":{"propertyName":"text","key":"save"},"interaction":{"idSuffix":"inner"}},"wdio_ui5_key":"etmportal.ui.manageyards.view.Newsap.m.Button{\"propertyName\":\"text\",\"key\":\"save\"}"}]}
COMMAND: GET /session/652b5fe75fdd0bb6263b24ae98cbc99a/screenshot - {}
RESULT: {"script":"<script> [1562 bytes]","args":[{"selector":{"controlType":"sap.m.Button","viewName":"etm.portal.ui.manageyards.view.New","viewId":"application-manageyards-display-component---NewYard","i18NText":{"propertyName":"text","key":"save"},"interaction":{"idSuffix":"inner"}},"wdio_ui5_key":"etmportal.ui.manageyards.view.Newsap.m.Button{\"propertyName\":\"text\",\"key\":\"save\"}"}]}
RESULT: undefined
COMMAND: POST /session/652b5fe75fdd0bb6263b24ae98cbc99a/element - {"using":"xpath","value":"//*[@id=\"__button18\"]"}
RESULT: {}
RESULT: {"using":"xpath","value":"//*[@id=\"__button18\"]"}
COMMAND: POST /session/652b5fe75fdd0bb6263b24ae98cbc99a/element/f.F756EF649BFACFC99A3D872C6535431B.d.143B877AE50D9B629B859BA34A4489C6.e.9196/click - {}
RESULT: {}
COMMAND: GET /session/652b5fe75fdd0bb6263b24ae98cbc99a/screenshot - {}
RESULT: {}
COMMAND: POST /session/652b5fe75fdd0bb6263b24ae98cbc99a/element - {"using":"css selector","value":"#shell-header-logo"}
RESULT: {"using":"css selector","value":"#shell-header-logo"}
COMMAND: POST /session/652b5fe75fdd0bb6263b24ae98cbc99a/element/f.F756EF649BFACFC99A3D872C6535431B.d.143B877AE50D9B629B859BA34A4489C6.e.8773/click - {}
RESULT: {}
COMMAND: GET /session/652b5fe75fdd0bb6263b24ae98cbc99a/screenshot - {}
RESULT: {}
COMMAND: POST /session/652b5fe75fdd0bb6263b24ae98cbc99a/refresh - {}
RESULT: {}
COMMAND: GET /session/652b5fe75fdd0bb6263b24ae98cbc99a/screenshot - {}
RESULT: {}
COMMAND: POST /session/652b5fe75fdd0bb6263b24ae98cbc99a/execute/async - {"script":"<script> [189 bytes]","args":[]}
RESULT: {"script":"<script> [189 bytes]","args":[]}
COMMAND: POST /session/652b5fe75fdd0bb6263b24ae98cbc99a/execute/async - {"script":"<script> [123 bytes]","args":[]}
RESULT: {"script":"<script> [123 bytes]","args":[]}
COMMAND: POST /session/652b5fe75fdd0bb6263b24ae98cbc99a/timeouts - {"script":"<number>"}
RESULT: {"script":"<number>"}
COMMAND: GET /session/652b5fe75fdd0bb6263b24ae98cbc99a/timeouts - {}
RESULT: {}
RESULT: undefined
COMMAND: POST /session/652b5fe75fdd0bb6263b24ae98cbc99a/execute/async - {"script":"<script> [2676 bytes]","args":[]}
RESULT: {"script":"<script> [2676 bytes]","args":[]}
COMMAND: POST /session/652b5fe75fdd0bb6263b24ae98cbc99a/execute/async - {"script":"<script> [2342 bytes]","args":[{"protocol":"http","hostname":"0.0.0.0","path":"/","capabilities":{"browserName":"chrome","goog:chromeOptions":{"binary":"C:\\Program Files\\Google\\Chrome\\Application\\chrome.exe","args":["--start-maximized"]}},"logLevel":"warn","connectionRetryTimeout":120000,"connectionRetryCount":3,"logLevels":{},"enableDirectConnect":true,"strictSSL":true,"_":"65 more keys: [\"cacheDir\",\"port\",\"requestedCapabilities\",\"automationProtocol\",\"baseUrl\",\"waitforInterval\",\"waitforTimeout\",\"onReload\",\"beforeCommand\",\"afterCommand\",\"rootDir\",\"specs\",\"suites\",\"exclude\",\"groupLogsByTestSpec\",\"excludeDriverLogs\",\"bail\",\"framework\",\"reporters\",\"services\",\"maxInstances\",\"maxInstancesPerCapability\",\"injectGlobals\",\"filesToWatch\",\"execArgv\",\"runnerEnv\",\"runner\",\"shard\",\"specFileRetries\",\"specFileRetriesDelay\",\"specFileRetriesDeferred\",\"reporterSyncInterval\",\"reporterSyncTimeout\",\"cucumberFeaturesWithLineNumbers\",\"autoCompileOpts\",\"mochaOpts\",\"jasmineOpts\",\"cucumberOpts\",\"onPrepare\",\"onWorkerStart\",\"onWorkerEnd\",\"before\",\"beforeSession\",\"beforeSuite\",\"beforeHook\",\"beforeTest\",\"afterTest\",\"afterHook\",\"afterSuite\",\"afterSession\",\"after\",\"onComplete\",\"beforeAssertion\",\"afterAssertion\",\"beforeFeature\",\"beforeScenario\",\"beforeStep\",\"afterStep\",\"afterScenario\",\"afterFeature\",\"_\",\"suite\",\"$0\",\"ignoredWorkerServices\",\"wdi5\"]"}]}
RESULT: {"script":"<script> [2342 bytes]","args":[{"protocol":"http","hostname":"0.0.0.0","path":"/","capabilities":{"browserName":"chrome","goog:chromeOptions":{"binary":"C:\\Program Files\\Google\\Chrome\\Application\\chrome.exe","args":["--start-maximized"]}},"logLevel":"warn","connectionRetryTimeout":120000,"connectionRetryCount":3,"logLevels":{},"enableDirectConnect":true,"strictSSL":true,"_":"65 more keys: [\"cacheDir\",\"port\",\"requestedCapabilities\",\"automationProtocol\",\"baseUrl\",\"waitforInterval\",\"waitforTimeout\",\"onReload\",\"beforeCommand\",\"afterCommand\",\"rootDir\",\"specs\",\"suites\",\"exclude\",\"groupLogsByTestSpec\",\"excludeDriverLogs\",\"bail\",\"framework\",\"reporters\",\"services\",\"maxInstances\",\"maxInstancesPerCapability\",\"injectGlobals\",\"filesToWatch\",\"execArgv\",\"runnerEnv\",\"runner\",\"shard\",\"specFileRetries\",\"specFileRetriesDelay\",\"specFileRetriesDeferred\",\"reporterSyncInterval\",\"reporterSyncTimeout\",\"cucumberFeaturesWithLineNumbers\",\"autoCompileOpts\",\"mochaOpts\",\"jasmineOpts\",\"cucumberOpts\",\"onPrepare\",\"onWorkerStart\",\"onWorkerEnd\",\"before\",\"beforeSession\",\"beforeSuite\",\"beforeHook\",\"beforeTest\",\"afterTest\",\"afterHook\",\"afterSuite\",\"afterSession\",\"after\",\"onComplete\",\"beforeAssertion\",\"afterAssertion\",\"beforeFeature\",\"beforeScenario\",\"beforeStep\",\"afterStep\",\"afterScenario\",\"afterFeature\",\"_\",\"suite\",\"$0\",\"ignoredWorkerServices\",\"wdi5\"]"}]}
COMMAND: POST /session/652b5fe75fdd0bb6263b24ae98cbc99a/execute/async - {"script":"<script> [21126 bytes]","args":[35000]}
RESULT: {"script":"<script> [21126 bytes]","args":[35000]}
]]></system-out>
    </testcase>
    <testcase classname="chrome.136_0_7103_49.windows.Warehouse_movements_inventory_test" name="Should create a new warehouse organization" time="60.264">
      <system-out><![CDATA[
COMMAND: POST /session/652b5fe75fdd0bb6263b24ae98cbc99a/execute/async - {"script":"<script> [1562 bytes]","args":[{"selector":{"controlType":"sap.m.GenericTile","properties":{"header":"Bin Status Report"}},"wdio_ui5_key":"sapm.GenericTile{\"header\":\"Bin Status Report\"}"}]}
RESULT: {"script":"<script> [1562 bytes]","args":[{"selector":{"controlType":"sap.m.GenericTile","properties":{"header":"Bin Status Report"}},"wdio_ui5_key":"sapm.GenericTile{\"header\":\"Bin Status Report\"}"}]}
RESULT: undefined
COMMAND: POST /session/652b5fe75fdd0bb6263b24ae98cbc99a/element - {"using":"xpath","value":"//*[@id=\"__tile104\"]"}
RESULT: {"using":"xpath","value":"//*[@id=\"__tile104\"]"}
COMMAND: POST /session/652b5fe75fdd0bb6263b24ae98cbc99a/element/f.F756EF649BFACFC99A3D872C6535431B.d.AE653499CA03AA9FB0774B0B23B1E5ED.e.9537/click - {}
RESULT: {}
COMMAND: GET /session/652b5fe75fdd0bb6263b24ae98cbc99a/screenshot - {}
RESULT: {}
COMMAND: POST /session/652b5fe75fdd0bb6263b24ae98cbc99a/elements - {"using":"xpath","value":"//span[text()='Error']"}
RESULT: {"using":"xpath","value":"//span[text()='Error']"}
COMMAND: POST /session/652b5fe75fdd0bb6263b24ae98cbc99a/execute/async - {"script":"<script> [1562 bytes]","args":[{"selector":{"id":"application-binstatusreport-display-component---warehousing--createOrgBtn","interaction":{"idSuffix":"BDI-content"}},"wdio_ui5_key":"applicationbinstatusreport-display-component---warehousing--createOrgBtn"}]}
RESULT: {"script":"<script> [1562 bytes]","args":[{"selector":{"id":"application-binstatusreport-display-component---warehousing--createOrgBtn","interaction":{"idSuffix":"BDI-content"}},"wdio_ui5_key":"applicationbinstatusreport-display-component---warehousing--createOrgBtn"}]}
RESULT: undefined
COMMAND: POST /session/652b5fe75fdd0bb6263b24ae98cbc99a/element - {"using":"xpath","value":"//*[@id=\"application-binstatusreport-display-component---warehousing--createOrgBtn\"]"}
RESULT: {"using":"xpath","value":"//*[@id=\"application-binstatusreport-display-component---warehousing--createOrgBtn\"]"}
COMMAND: POST /session/652b5fe75fdd0bb6263b24ae98cbc99a/element/f.F756EF649BFACFC99A3D872C6535431B.d.AE653499CA03AA9FB0774B0B23B1E5ED.e.9583/click - {}
RESULT: {}
COMMAND: GET /session/652b5fe75fdd0bb6263b24ae98cbc99a/screenshot - {}
RESULT: {}
COMMAND: POST /session/652b5fe75fdd0bb6263b24ae98cbc99a/execute/async - {"script":"<script> [1562 bytes]","args":[{"selector":{"id":"createOrganizationPop--sectionInput","searchOpenDialogs":true,"interaction":{"idSuffix":"inner"}},"wdio_ui5_key":"createOrganizationPopsectionInput"}]}
RESULT: {"script":"<script> [1562 bytes]","args":[{"selector":{"id":"createOrganizationPop--sectionInput","searchOpenDialogs":true,"interaction":{"idSuffix":"inner"}},"wdio_ui5_key":"createOrganizationPopsectionInput"}]}
RESULT: undefined
COMMAND: POST /session/652b5fe75fdd0bb6263b24ae98cbc99a/execute/async - {"script":"<script> [776 bytes]","args":[{"enterText":"Sec0phui","selector":{"id":"createOrganizationPop--sectionInput","searchOpenDialogs":true,"interaction":{"idSuffix":"inner"}},"clearTextFirst":true,"interactionType":"ENTER_TEXT"}]}
RESULT: {"script":"<script> [776 bytes]","args":[{"enterText":"Sec0phui","selector":{"id":"createOrganizationPop--sectionInput","searchOpenDialogs":true,"interaction":{"idSuffix":"inner"}},"clearTextFirst":true,"interactionType":"ENTER_TEXT"}]}
COMMAND: POST /session/652b5fe75fdd0bb6263b24ae98cbc99a/execute/async - {"script":"<script> [1562 bytes]","args":[{"selector":{"id":"createOrganizationPop--descriptionInput","searchOpenDialogs":true,"interaction":{"idSuffix":"inner"}},"wdio_ui5_key":"createOrganizationPopdescriptionInput"}]}
RESULT: {"script":"<script> [1562 bytes]","args":[{"selector":{"id":"createOrganizationPop--descriptionInput","searchOpenDialogs":true,"interaction":{"idSuffix":"inner"}},"wdio_ui5_key":"createOrganizationPopdescriptionInput"}]}
RESULT: undefined
COMMAND: POST /session/652b5fe75fdd0bb6263b24ae98cbc99a/execute/async - {"script":"<script> [776 bytes]","args":[{"enterText":"OrgName6fb2v","selector":{"id":"createOrganizationPop--descriptionInput","searchOpenDialogs":true,"interaction":{"idSuffix":"inner"}},"clearTextFirst":true,"interactionType":"ENTER_TEXT"}]}
RESULT: {"script":"<script> [776 bytes]","args":[{"enterText":"OrgName6fb2v","selector":{"id":"createOrganizationPop--descriptionInput","searchOpenDialogs":true,"interaction":{"idSuffix":"inner"}},"clearTextFirst":true,"interactionType":"ENTER_TEXT"}]}
COMMAND: POST /session/652b5fe75fdd0bb6263b24ae98cbc99a/element - {"using":"xpath","value":"//input[contains(@id ,\"createOrganizationPop--yardOrg-inner\")]"}
RESULT: {"using":"xpath","value":"//input[contains(@id ,\"createOrganizationPop--yardOrg-inner\")]"}
COMMAND: POST /session/652b5fe75fdd0bb6263b24ae98cbc99a/element/f.F756EF649BFACFC99A3D872C6535431B.d.AE653499CA03AA9FB0774B0B23B1E5ED.e.9619/clear - {}
RESULT: {}
COMMAND: POST /session/652b5fe75fdd0bb6263b24ae98cbc99a/element/f.F756EF649BFACFC99A3D872C6535431B.d.AE653499CA03AA9FB0774B0B23B1E5ED.e.9619/value - {"text":"WebdriverWHMYards6jko"}
COMMAND: GET /session/652b5fe75fdd0bb6263b24ae98cbc99a/screenshot - {}
RESULT: {"text":"WebdriverWHMYards6jko"}
COMMAND: GET /session/652b5fe75fdd0bb6263b24ae98cbc99a/screenshot - {}
RESULT: {}
RESULT: {}
COMMAND: POST /session/652b5fe75fdd0bb6263b24ae98cbc99a/actions - {"actions":[{"id":"action30","type":"key","parameters":{},"actions":[{"type":"keyDown","value":"î€‡"},{"type":"pause","duration":10},{"type":"keyUp","value":"î€‡"}]}]}
RESULT: {"actions":[{"id":"action30","type":"key","parameters":{},"actions":[{"type":"keyDown","value":"î€‡"},{"type":"pause","duration":10},{"type":"keyUp","value":"î€‡"}]}]}
COMMAND: GET /session/652b5fe75fdd0bb6263b24ae98cbc99a/screenshot - {}
RESULT: {}
COMMAND: POST /session/652b5fe75fdd0bb6263b24ae98cbc99a/execute/async - {"script":"<script> [1562 bytes]","args":[{"selector":{"id":"createOrganizationPop--grZone","searchOpenDialogs":true,"interaction":{"idSuffix":"CbBg"}},"wdio_ui5_key":"createOrganizationPopgrZone"}]}
RESULT: {"script":"<script> [1562 bytes]","args":[{"selector":{"id":"createOrganizationPop--grZone","searchOpenDialogs":true,"interaction":{"idSuffix":"CbBg"}},"wdio_ui5_key":"createOrganizationPopgrZone"}]}
RESULT: undefined
COMMAND: POST /session/652b5fe75fdd0bb6263b24ae98cbc99a/element - {"using":"xpath","value":"//*[@id=\"createOrganizationPop--grZone\"]"}
RESULT: {"using":"xpath","value":"//*[@id=\"createOrganizationPop--grZone\"]"}
COMMAND: POST /session/652b5fe75fdd0bb6263b24ae98cbc99a/element/f.F756EF649BFACFC99A3D872C6535431B.d.AE653499CA03AA9FB0774B0B23B1E5ED.e.9641/click - {}
RESULT: {}
COMMAND: POST /session/652b5fe75fdd0bb6263b24ae98cbc99a/execute/async - {"script":"<script> [1562 bytes]","args":[{"selector":{"id":"createOrganizationPop--giZone","searchOpenDialogs":true,"interaction":{"idSuffix":"CbBg"}},"wdio_ui5_key":"createOrganizationPopgiZone"}]}
COMMAND: GET /session/652b5fe75fdd0bb6263b24ae98cbc99a/screenshot - {}
RESULT: {"script":"<script> [1562 bytes]","args":[{"selector":{"id":"createOrganizationPop--giZone","searchOpenDialogs":true,"interaction":{"idSuffix":"CbBg"}},"wdio_ui5_key":"createOrganizationPopgiZone"}]}
RESULT: undefined
COMMAND: POST /session/652b5fe75fdd0bb6263b24ae98cbc99a/element - {"using":"xpath","value":"//*[@id=\"createOrganizationPop--giZone\"]"}
RESULT: {}
RESULT: {"using":"xpath","value":"//*[@id=\"createOrganizationPop--giZone\"]"}
COMMAND: POST /session/652b5fe75fdd0bb6263b24ae98cbc99a/element/f.F756EF649BFACFC99A3D872C6535431B.d.AE653499CA03AA9FB0774B0B23B1E5ED.e.9643/click - {}
RESULT: {}
COMMAND: POST /session/652b5fe75fdd0bb6263b24ae98cbc99a/execute/async - {"script":"<script> [1562 bytes]","args":[{"selector":{"id":"createOrganizationPop--binNoInput","searchOpenDialogs":true,"interaction":{"idSuffix":"inner"}},"wdio_ui5_key":"createOrganizationPopbinNoInput"}]}
COMMAND: GET /session/652b5fe75fdd0bb6263b24ae98cbc99a/screenshot - {}
RESULT: {"script":"<script> [1562 bytes]","args":[{"selector":{"id":"createOrganizationPop--binNoInput","searchOpenDialogs":true,"interaction":{"idSuffix":"inner"}},"wdio_ui5_key":"createOrganizationPopbinNoInput"}]}
RESULT: undefined
COMMAND: POST /session/652b5fe75fdd0bb6263b24ae98cbc99a/execute/async - {"script":"<script> [776 bytes]","args":[{"enterText":"Bin637b1","selector":{"id":"createOrganizationPop--binNoInput","searchOpenDialogs":true,"interaction":{"idSuffix":"inner"}},"clearTextFirst":true,"interactionType":"ENTER_TEXT"}]}
RESULT: {}
RESULT: {"script":"<script> [776 bytes]","args":[{"enterText":"Bin637b1","selector":{"id":"createOrganizationPop--binNoInput","searchOpenDialogs":true,"interaction":{"idSuffix":"inner"}},"clearTextFirst":true,"interactionType":"ENTER_TEXT"}]}
COMMAND: POST /session/652b5fe75fdd0bb6263b24ae98cbc99a/execute/async - {"script":"<script> [1562 bytes]","args":[{"selector":{"id":"createOrganizationPop--descriptionId","searchOpenDialogs":true,"interaction":{"idSuffix":"inner"}},"wdio_ui5_key":"createOrganizationPopdescriptionId"}]}
RESULT: {"script":"<script> [1562 bytes]","args":[{"selector":{"id":"createOrganizationPop--descriptionId","searchOpenDialogs":true,"interaction":{"idSuffix":"inner"}},"wdio_ui5_key":"createOrganizationPopdescriptionId"}]}
RESULT: undefined
COMMAND: POST /session/652b5fe75fdd0bb6263b24ae98cbc99a/execute/async - {"script":"<script> [776 bytes]","args":[{"enterText":"Binevxyj","selector":{"id":"createOrganizationPop--descriptionId","searchOpenDialogs":true,"interaction":{"idSuffix":"inner"}},"clearTextFirst":true,"interactionType":"ENTER_TEXT"}]}
RESULT: {"script":"<script> [776 bytes]","args":[{"enterText":"Binevxyj","selector":{"id":"createOrganizationPop--descriptionId","searchOpenDialogs":true,"interaction":{"idSuffix":"inner"}},"clearTextFirst":true,"interactionType":"ENTER_TEXT"}]}
COMMAND: POST /session/652b5fe75fdd0bb6263b24ae98cbc99a/execute/async - {"script":"<script> [1562 bytes]","args":[{"selector":{"controlType":"sap.m.CheckBox","viewName":"etm.portal.ui.binstatusreport.view.MasterWareBins","viewId":"application-binstatusreport-display-component---warehousing","bindingPath":{"path":"","propertyPath":"/ZONE","modelName":"newBin"},"searchOpenDialogs":true,"interaction":{"idSuffix":"CbBg"}},"wdio_ui5_key":"etmportal.ui.binstatusreport.view.MasterWareBinssap.m.CheckBox{\"path\":\"\",\"propertyPath\":\"/ZONE\",\"modelName\":\"newBin\"}"}]}
RESULT: {"script":"<script> [1562 bytes]","args":[{"selector":{"controlType":"sap.m.CheckBox","viewName":"etm.portal.ui.binstatusreport.view.MasterWareBins","viewId":"application-binstatusreport-display-component---warehousing","bindingPath":{"path":"","propertyPath":"/ZONE","modelName":"newBin"},"searchOpenDialogs":true,"interaction":{"idSuffix":"CbBg"}},"wdio_ui5_key":"etmportal.ui.binstatusreport.view.MasterWareBinssap.m.CheckBox{\"path\":\"\",\"propertyPath\":\"/ZONE\",\"modelName\":\"newBin\"}"}]}
RESULT: undefined
COMMAND: POST /session/652b5fe75fdd0bb6263b24ae98cbc99a/element - {"using":"xpath","value":"//*[@id=\"__box12\"]"}
RESULT: {"using":"xpath","value":"//*[@id=\"__box12\"]"}
COMMAND: POST /session/652b5fe75fdd0bb6263b24ae98cbc99a/element/f.F756EF649BFACFC99A3D872C6535431B.d.AE653499CA03AA9FB0774B0B23B1E5ED.e.9647/click - {}
RESULT: {}
COMMAND: POST /session/652b5fe75fdd0bb6263b24ae98cbc99a/execute/async - {"script":"<script> [1562 bytes]","args":[{"selector":{"id":"createOrganizationPop--binTypesCB-arrow","searchOpenDialogs":true},"wdio_ui5_key":"createOrganizationPopbinTypesCB-arrow"}]}
COMMAND: GET /session/652b5fe75fdd0bb6263b24ae98cbc99a/screenshot - {}
RESULT: {"script":"<script> [1562 bytes]","args":[{"selector":{"id":"createOrganizationPop--binTypesCB-arrow","searchOpenDialogs":true},"wdio_ui5_key":"createOrganizationPopbinTypesCB-arrow"}]}
RESULT: undefined
COMMAND: POST /session/652b5fe75fdd0bb6263b24ae98cbc99a/element - {"using":"xpath","value":"//*[@id=\"createOrganizationPop--binTypesCB-arrow\"]"}
RESULT: {}
RESULT: {"using":"xpath","value":"//*[@id=\"createOrganizationPop--binTypesCB-arrow\"]"}
COMMAND: POST /session/652b5fe75fdd0bb6263b24ae98cbc99a/element/f.F756EF649BFACFC99A3D872C6535431B.d.AE653499CA03AA9FB0774B0B23B1E5ED.e.9648/click - {}
RESULT: {}
COMMAND: POST /session/652b5fe75fdd0bb6263b24ae98cbc99a/execute/async - {"script":"<script> [1562 bytes]","args":[{"selector":{"controlType":"sap.m.StandardListItem","viewName":"etm.portal.ui.binstatusreport.view.MasterWareBins","viewId":"application-binstatusreport-display-component---warehousing","properties":{"title":"1 - General / No capacity check"},"searchOpenDialogs":true,"interaction":{"idSuffix":"content"}},"wdio_ui5_key":"etmportal.ui.binstatusreport.view.MasterWareBinssap.m.StandardListItem{\"title\":\"1 - General / No capacity check\"}"}]}
COMMAND: GET /session/652b5fe75fdd0bb6263b24ae98cbc99a/screenshot - {}
RESULT: {"script":"<script> [1562 bytes]","args":[{"selector":{"controlType":"sap.m.StandardListItem","viewName":"etm.portal.ui.binstatusreport.view.MasterWareBins","viewId":"application-binstatusreport-display-component---warehousing","properties":{"title":"1 - General / No capacity check"},"searchOpenDialogs":true,"interaction":{"idSuffix":"content"}},"wdio_ui5_key":"etmportal.ui.binstatusreport.view.MasterWareBinssap.m.StandardListItem{\"title\":\"1 - General / No capacity check\"}"}]}
RESULT: undefined
COMMAND: POST /session/652b5fe75fdd0bb6263b24ae98cbc99a/element - {"using":"xpath","value":"//*[@id=\"__item91\"]"}
RESULT: {}
RESULT: {"using":"xpath","value":"//*[@id=\"__item91\"]"}
COMMAND: POST /session/652b5fe75fdd0bb6263b24ae98cbc99a/element/f.F756EF649BFACFC99A3D872C6535431B.d.AE653499CA03AA9FB0774B0B23B1E5ED.e.9650/click - {}
RESULT: {}
COMMAND: POST /session/652b5fe75fdd0bb6263b24ae98cbc99a/execute/async - {"script":"<script> [1562 bytes]","args":[{"selector":{"id":"createOrganizationPop--finishBtn","searchOpenDialogs":true,"interaction":{"idSuffix":"BDI-content"}},"wdio_ui5_key":"createOrganizationPopfinishBtn"}]}
COMMAND: GET /session/652b5fe75fdd0bb6263b24ae98cbc99a/screenshot - {}
RESULT: {"script":"<script> [1562 bytes]","args":[{"selector":{"id":"createOrganizationPop--finishBtn","searchOpenDialogs":true,"interaction":{"idSuffix":"BDI-content"}},"wdio_ui5_key":"createOrganizationPopfinishBtn"}]}
RESULT: undefined
COMMAND: POST /session/652b5fe75fdd0bb6263b24ae98cbc99a/element - {"using":"xpath","value":"//*[@id=\"createOrganizationPop--finishBtn\"]"}
RESULT: {}
RESULT: {"using":"xpath","value":"//*[@id=\"createOrganizationPop--finishBtn\"]"}
COMMAND: POST /session/652b5fe75fdd0bb6263b24ae98cbc99a/element/f.F756EF649BFACFC99A3D872C6535431B.d.AE653499CA03AA9FB0774B0B23B1E5ED.e.9652/click - {}
RESULT: {}
COMMAND: GET /session/652b5fe75fdd0bb6263b24ae98cbc99a/screenshot - {}
RESULT: {}
COMMAND: POST /session/652b5fe75fdd0bb6263b24ae98cbc99a/element - {"using":"css selector","value":"#shell-header-logo"}
RESULT: {"using":"css selector","value":"#shell-header-logo"}
COMMAND: POST /session/652b5fe75fdd0bb6263b24ae98cbc99a/element/f.F756EF649BFACFC99A3D872C6535431B.d.AE653499CA03AA9FB0774B0B23B1E5ED.e.9542/click - {}
RESULT: {}
COMMAND: GET /session/652b5fe75fdd0bb6263b24ae98cbc99a/screenshot - {}
RESULT: {}
]]></system-out>
    </testcase>
    <testcase classname="chrome.136_0_7103_49.windows.Warehouse_movements_inventory_test" name="Should Create new material for WHM yard" time="124.382">
      <system-out><![CDATA[
COMMAND: POST /session/652b5fe75fdd0bb6263b24ae98cbc99a/execute/async - {"script":"<script> [1562 bytes]","args":[{"selector":{"controlType":"sap.m.GenericTile","properties":{"header":"Manage Resources"}},"wdio_ui5_key":"sapm.GenericTile{\"header\":\"Manage Resources\"}"}]}
RESULT: {"script":"<script> [1562 bytes]","args":[{"selector":{"controlType":"sap.m.GenericTile","properties":{"header":"Manage Resources"}},"wdio_ui5_key":"sapm.GenericTile{\"header\":\"Manage Resources\"}"}]}
RESULT: undefined
COMMAND: POST /session/652b5fe75fdd0bb6263b24ae98cbc99a/element - {"using":"xpath","value":"//*[@id=\"__tile39\"]"}
RESULT: {"using":"xpath","value":"//*[@id=\"__tile39\"]"}
COMMAND: POST /session/652b5fe75fdd0bb6263b24ae98cbc99a/element/f.F756EF649BFACFC99A3D872C6535431B.d.AE653499CA03AA9FB0774B0B23B1E5ED.e.9659/click - {}
RESULT: {}
COMMAND: GET /session/652b5fe75fdd0bb6263b24ae98cbc99a/screenshot - {}
RESULT: {}
COMMAND: POST /session/652b5fe75fdd0bb6263b24ae98cbc99a/elements - {"using":"xpath","value":"//span[text()='Error']"}
RESULT: {"using":"xpath","value":"//span[text()='Error']"}
COMMAND: POST /session/652b5fe75fdd0bb6263b24ae98cbc99a/element - {"using":"xpath","value":"//button[@data-kt=\"addNewRUOverflowToolbarButton\"]"}
RESULT: {"using":"xpath","value":"//button[@data-kt=\"addNewRUOverflowToolbarButton\"]"}
COMMAND: POST /session/652b5fe75fdd0bb6263b24ae98cbc99a/execute/sync - {"script":"<script> [8489 bytes]","args":[{"element-6066-11e4-a52e-4f735466cecf":"f.F756EF649BFACFC99A3D872C6535431B.d.AE653499CA03AA9FB0774B0B23B1E5ED.e.9700","ELEMENT":"f.F756EF649BFACFC99A3D872C6535431B.d.AE653499CA03AA9FB0774B0B23B1E5ED.e.9700"}]}
RESULT: {"script":"<script> [8489 bytes]","args":[{"element-6066-11e4-a52e-4f735466cecf":"f.F756EF649BFACFC99A3D872C6535431B.d.AE653499CA03AA9FB0774B0B23B1E5ED.e.9700","ELEMENT":"f.F756EF649BFACFC99A3D872C6535431B.d.AE653499CA03AA9FB0774B0B23B1E5ED.e.9700"}]}
COMMAND: POST /session/652b5fe75fdd0bb6263b24ae98cbc99a/element/f.F756EF649BFACFC99A3D872C6535431B.d.AE653499CA03AA9FB0774B0B23B1E5ED.e.9700/click - {}
COMMAND: GET /session/652b5fe75fdd0bb6263b24ae98cbc99a/screenshot - {}
RESULT: {}
COMMAND: POST /session/652b5fe75fdd0bb6263b24ae98cbc99a/execute/async - {"script":"<script> [1562 bytes]","args":[{"selector":{"id":"application-manageresources-display-component---newResourceUnit--TYPE-arrow"},"wdio_ui5_key":"applicationmanageresources-display-component---newResourceUnit--TYPE-arrow"}]}
COMMAND: GET /session/652b5fe75fdd0bb6263b24ae98cbc99a/screenshot - {}
RESULT: {}
RESULT: {"script":"<script> [1562 bytes]","args":[{"selector":{"id":"application-manageresources-display-component---newResourceUnit--TYPE-arrow"},"wdio_ui5_key":"applicationmanageresources-display-component---newResourceUnit--TYPE-arrow"}]}
RESULT: undefined
COMMAND: POST /session/652b5fe75fdd0bb6263b24ae98cbc99a/element - {"using":"xpath","value":"//*[@id=\"application-manageresources-display-component---newResourceUnit--TYPE-arrow\"]"}
RESULT: {}
RESULT: {"using":"xpath","value":"//*[@id=\"application-manageresources-display-component---newResourceUnit--TYPE-arrow\"]"}
COMMAND: POST /session/652b5fe75fdd0bb6263b24ae98cbc99a/element/f.F756EF649BFACFC99A3D872C6535431B.d.AE653499CA03AA9FB0774B0B23B1E5ED.e.10024/click - {}
RESULT: {}
COMMAND: POST /session/652b5fe75fdd0bb6263b24ae98cbc99a/execute/async - {"script":"<script> [1562 bytes]","args":[{"selector":{"controlType":"sap.m.StandardListItem","viewName":"reusables.view.manageresources.NewResourceUnit","viewId":"application-manageresources-display-component---newResourceUnit","properties":{"title":"Material"},"searchOpenDialogs":true,"interaction":{"idSuffix":"titleText"}},"wdio_ui5_key":"reusablesview.manageresources.NewResourceUnitsap.m.StandardListItem{\"title\":\"Material\"}"}]}
COMMAND: GET /session/652b5fe75fdd0bb6263b24ae98cbc99a/screenshot - {}
RESULT: {"script":"<script> [1562 bytes]","args":[{"selector":{"controlType":"sap.m.StandardListItem","viewName":"reusables.view.manageresources.NewResourceUnit","viewId":"application-manageresources-display-component---newResourceUnit","properties":{"title":"Material"},"searchOpenDialogs":true,"interaction":{"idSuffix":"titleText"}},"wdio_ui5_key":"reusablesview.manageresources.NewResourceUnitsap.m.StandardListItem{\"title\":\"Material\"}"}]}
RESULT: undefined
COMMAND: POST /session/652b5fe75fdd0bb6263b24ae98cbc99a/element - {"using":"xpath","value":"//*[@id=\"__item220\"]"}
RESULT: {}
RESULT: {"using":"xpath","value":"//*[@id=\"__item220\"]"}
COMMAND: POST /session/652b5fe75fdd0bb6263b24ae98cbc99a/element/f.F756EF649BFACFC99A3D872C6535431B.d.AE653499CA03AA9FB0774B0B23B1E5ED.e.10027/click - {}
RESULT: {}
COMMAND: POST /session/652b5fe75fdd0bb6263b24ae98cbc99a/execute/async - {"script":"<script> [1562 bytes]","args":[{"selector":{"id":"application-manageresources-display-component---newResourceUnit--SHORT_TEXT","interaction":{"idSuffix":"inner"}},"wdio_ui5_key":"applicationmanageresources-display-component---newResourceUnit--SHORT_TEXT"}]}
COMMAND: GET /session/652b5fe75fdd0bb6263b24ae98cbc99a/screenshot - {}
RESULT: {"script":"<script> [1562 bytes]","args":[{"selector":{"id":"application-manageresources-display-component---newResourceUnit--SHORT_TEXT","interaction":{"idSuffix":"inner"}},"wdio_ui5_key":"applicationmanageresources-display-component---newResourceUnit--SHORT_TEXT"}]}
RESULT: undefined
COMMAND: POST /session/652b5fe75fdd0bb6263b24ae98cbc99a/execute/async - {"script":"<script> [776 bytes]","args":[{"enterText":"WebdriverRUR2Cxig8u","selector":{"id":"application-manageresources-display-component---newResourceUnit--SHORT_TEXT","interaction":{"idSuffix":"inner"}},"clearTextFirst":true,"interactionType":"ENTER_TEXT"}]}
RESULT: {}
RESULT: {"script":"<script> [776 bytes]","args":[{"enterText":"WebdriverRUR2Cxig8u","selector":{"id":"application-manageresources-display-component---newResourceUnit--SHORT_TEXT","interaction":{"idSuffix":"inner"}},"clearTextFirst":true,"interactionType":"ENTER_TEXT"}]}
COMMAND: POST /session/652b5fe75fdd0bb6263b24ae98cbc99a/execute/async - {"script":"<script> [1562 bytes]","args":[{"selector":{"id":"application-manageresources-display-component---newResourceUnit--BASE_UNIT_OF_MEASURE-arrow"},"wdio_ui5_key":"applicationmanageresources-display-component---newResourceUnit--BASE_UNIT_OF_MEASURE-arrow"}]}
RESULT: {"script":"<script> [1562 bytes]","args":[{"selector":{"id":"application-manageresources-display-component---newResourceUnit--BASE_UNIT_OF_MEASURE-arrow"},"wdio_ui5_key":"applicationmanageresources-display-component---newResourceUnit--BASE_UNIT_OF_MEASURE-arrow"}]}
RESULT: undefined
COMMAND: POST /session/652b5fe75fdd0bb6263b24ae98cbc99a/element - {"using":"xpath","value":"//*[@id=\"application-manageresources-display-component---newResourceUnit--BASE_UNIT_OF_MEASURE-arrow\"]"}
RESULT: {"using":"xpath","value":"//*[@id=\"application-manageresources-display-component---newResourceUnit--BASE_UNIT_OF_MEASURE-arrow\"]"}
COMMAND: POST /session/652b5fe75fdd0bb6263b24ae98cbc99a/element/f.F756EF649BFACFC99A3D872C6535431B.d.AE653499CA03AA9FB0774B0B23B1E5ED.e.10081/click - {}
RESULT: {}
COMMAND: POST /session/652b5fe75fdd0bb6263b24ae98cbc99a/execute/async - {"script":"<script> [1562 bytes]","args":[{"selector":{"controlType":"sap.m.StandardListItem","viewName":"reusables.view.manageresources.NewResourceUnit","viewId":"application-manageresources-display-component---newResourceUnit","properties":{"title":"Piece"},"searchOpenDialogs":true,"interaction":{"idSuffix":"titleText"}},"wdio_ui5_key":"reusablesview.manageresources.NewResourceUnitsap.m.StandardListItem{\"title\":\"Piece\"}"}]}
COMMAND: GET /session/652b5fe75fdd0bb6263b24ae98cbc99a/screenshot - {}
RESULT: {"script":"<script> [1562 bytes]","args":[{"selector":{"controlType":"sap.m.StandardListItem","viewName":"reusables.view.manageresources.NewResourceUnit","viewId":"application-manageresources-display-component---newResourceUnit","properties":{"title":"Piece"},"searchOpenDialogs":true,"interaction":{"idSuffix":"titleText"}},"wdio_ui5_key":"reusablesview.manageresources.NewResourceUnitsap.m.StandardListItem{\"title\":\"Piece\"}"}]}
RESULT: undefined
COMMAND: POST /session/652b5fe75fdd0bb6263b24ae98cbc99a/element - {"using":"xpath","value":"//*[@id=\"__item262\"]"}
RESULT: {}
RESULT: {"using":"xpath","value":"//*[@id=\"__item262\"]"}
COMMAND: POST /session/652b5fe75fdd0bb6263b24ae98cbc99a/element/f.F756EF649BFACFC99A3D872C6535431B.d.AE653499CA03AA9FB0774B0B23B1E5ED.e.10083/click - {}
RESULT: {}
COMMAND: POST /session/652b5fe75fdd0bb6263b24ae98cbc99a/element - {"using":"xpath","value":"//input[contains(@id ,\"application-manageresources-display-component---newResourceUnit--SHORT_TEXT-inner\")]"}
COMMAND: GET /session/652b5fe75fdd0bb6263b24ae98cbc99a/screenshot - {}
RESULT: {"using":"xpath","value":"//input[contains(@id ,\"application-manageresources-display-component---newResourceUnit--SHORT_TEXT-inner\")]"}
COMMAND: GET /session/652b5fe75fdd0bb6263b24ae98cbc99a/element/f.F756EF649BFACFC99A3D872C6535431B.d.AE653499CA03AA9FB0774B0B23B1E5ED.e.10044/property/value - {}
RESULT: {}
RESULT: {}
COMMAND: POST /session/652b5fe75fdd0bb6263b24ae98cbc99a/execute/async - {"script":"<script> [1562 bytes]","args":[{"selector":{"id":"application-manageresources-display-component---newResourceUnit--WEIGHT_UNIT-arrow"},"wdio_ui5_key":"applicationmanageresources-display-component---newResourceUnit--WEIGHT_UNIT-arrow"}]}
COMMAND: GET /session/652b5fe75fdd0bb6263b24ae98cbc99a/screenshot - {}
RESULT: {"script":"<script> [1562 bytes]","args":[{"selector":{"id":"application-manageresources-display-component---newResourceUnit--WEIGHT_UNIT-arrow"},"wdio_ui5_key":"applicationmanageresources-display-component---newResourceUnit--WEIGHT_UNIT-arrow"}]}
RESULT: undefined
COMMAND: POST /session/652b5fe75fdd0bb6263b24ae98cbc99a/element - {"using":"xpath","value":"//*[@id=\"application-manageresources-display-component---newResourceUnit--WEIGHT_UNIT-arrow\"]"}
RESULT: {}
RESULT: {"using":"xpath","value":"//*[@id=\"application-manageresources-display-component---newResourceUnit--WEIGHT_UNIT-arrow\"]"}
COMMAND: POST /session/652b5fe75fdd0bb6263b24ae98cbc99a/element/f.F756EF649BFACFC99A3D872C6535431B.d.AE653499CA03AA9FB0774B0B23B1E5ED.e.10084/click - {}
RESULT: {}
COMMAND: POST /session/652b5fe75fdd0bb6263b24ae98cbc99a/execute/async - {"script":"<script> [1562 bytes]","args":[{"selector":{"controlType":"sap.m.StandardListItem","viewName":"reusables.view.manageresources.NewResourceUnit","viewId":"application-manageresources-display-component---newResourceUnit","properties":{"title":"Gram"},"searchOpenDialogs":true,"interaction":{"idSuffix":"content"}},"wdio_ui5_key":"reusablesview.manageresources.NewResourceUnitsap.m.StandardListItem{\"title\":\"Gram\"}"}]}
COMMAND: GET /session/652b5fe75fdd0bb6263b24ae98cbc99a/screenshot - {}
RESULT: {"script":"<script> [1562 bytes]","args":[{"selector":{"controlType":"sap.m.StandardListItem","viewName":"reusables.view.manageresources.NewResourceUnit","viewId":"application-manageresources-display-component---newResourceUnit","properties":{"title":"Gram"},"searchOpenDialogs":true,"interaction":{"idSuffix":"content"}},"wdio_ui5_key":"reusablesview.manageresources.NewResourceUnitsap.m.StandardListItem{\"title\":\"Gram\"}"}]}
RESULT: undefined
COMMAND: POST /session/652b5fe75fdd0bb6263b24ae98cbc99a/element - {"using":"xpath","value":"//*[@id=\"__item327\"]"}
RESULT: {}
RESULT: {"using":"xpath","value":"//*[@id=\"__item327\"]"}
COMMAND: POST /session/652b5fe75fdd0bb6263b24ae98cbc99a/element/f.F756EF649BFACFC99A3D872C6535431B.d.AE653499CA03AA9FB0774B0B23B1E5ED.e.10086/click - {}
RESULT: {}
COMMAND: POST /session/652b5fe75fdd0bb6263b24ae98cbc99a/execute/async - {"script":"<script> [1562 bytes]","args":[{"selector":{"id":"application-manageresources-display-component---newResourceUnit--newRRUPage-OPHeaderContent-collapseBtn-img"},"wdio_ui5_key":"applicationmanageresources-display-component---newResourceUnit--newRRUPage-OPHeaderContent-collapseBtn-img"}]}
COMMAND: GET /session/652b5fe75fdd0bb6263b24ae98cbc99a/screenshot - {}
RESULT: {"script":"<script> [1562 bytes]","args":[{"selector":{"id":"application-manageresources-display-component---newResourceUnit--newRRUPage-OPHeaderContent-collapseBtn-img"},"wdio_ui5_key":"applicationmanageresources-display-component---newResourceUnit--newRRUPage-OPHeaderContent-collapseBtn-img"}]}
RESULT: undefined
COMMAND: POST /session/652b5fe75fdd0bb6263b24ae98cbc99a/element - {"using":"xpath","value":"//*[@id=\"application-manageresources-display-component---newResourceUnit--newRRUPage-OPHeaderContent-collapseBtn-img\"]"}
RESULT: {}
RESULT: {"using":"xpath","value":"//*[@id=\"application-manageresources-display-component---newResourceUnit--newRRUPage-OPHeaderContent-collapseBtn-img\"]"}
COMMAND: POST /session/652b5fe75fdd0bb6263b24ae98cbc99a/element/f.F756EF649BFACFC99A3D872C6535431B.d.AE653499CA03AA9FB0774B0B23B1E5ED.e.10034/click - {}
RESULT: {}
COMMAND: GET /session/652b5fe75fdd0bb6263b24ae98cbc99a/screenshot - {}
RESULT: {}
COMMAND: POST /session/652b5fe75fdd0bb6263b24ae98cbc99a/element - {"using":"xpath","value":"(//span[contains(@id ,\"application-manageresources-display-component---newResourceUnit--DIMENSION_UNIT-arrow\")])[1]"}
RESULT: {"using":"xpath","value":"(//span[contains(@id ,\"application-manageresources-display-component---newResourceUnit--DIMENSION_UNIT-arrow\")])[1]"}
COMMAND: POST /session/652b5fe75fdd0bb6263b24ae98cbc99a/element/f.F756EF649BFACFC99A3D872C6535431B.d.AE653499CA03AA9FB0774B0B23B1E5ED.e.10092/click - {}
RESULT: {}
COMMAND: GET /session/652b5fe75fdd0bb6263b24ae98cbc99a/screenshot - {}
RESULT: {}
COMMAND: POST /session/652b5fe75fdd0bb6263b24ae98cbc99a/execute/async - {"script":"<script> [1562 bytes]","args":[{"selector":{"controlType":"sap.m.StandardListItem","viewName":"reusables.view.manageresources.NewResourceUnit","viewId":"application-manageresources-display-component---newResourceUnit","properties":{"title":"Centimeter"},"searchOpenDialogs":true,"interaction":{"idSuffix":"titleText"}},"wdio_ui5_key":"reusablesview.manageresources.NewResourceUnitsap.m.StandardListItem{\"title\":\"Centimeter\"}"}]}
RESULT: {"script":"<script> [1562 bytes]","args":[{"selector":{"controlType":"sap.m.StandardListItem","viewName":"reusables.view.manageresources.NewResourceUnit","viewId":"application-manageresources-display-component---newResourceUnit","properties":{"title":"Centimeter"},"searchOpenDialogs":true,"interaction":{"idSuffix":"titleText"}},"wdio_ui5_key":"reusablesview.manageresources.NewResourceUnitsap.m.StandardListItem{\"title\":\"Centimeter\"}"}]}
RESULT: undefined
COMMAND: POST /session/652b5fe75fdd0bb6263b24ae98cbc99a/element - {"using":"xpath","value":"//*[@id=\"__item330\"]"}
RESULT: {"using":"xpath","value":"//*[@id=\"__item330\"]"}
COMMAND: POST /session/652b5fe75fdd0bb6263b24ae98cbc99a/element/f.F756EF649BFACFC99A3D872C6535431B.d.AE653499CA03AA9FB0774B0B23B1E5ED.e.10094/click - {}
RESULT: {}
COMMAND: POST /session/652b5fe75fdd0bb6263b24ae98cbc99a/execute/async - {"script":"<script> [1562 bytes]","args":[{"selector":{"id":"application-manageresources-display-component---newResourceUnit--newRRUPage-anchBar-application-manageresources-display-component---newResourceUnit--reference-anchor","interaction":{"idSuffix":"BDI-content"}},"wdio_ui5_key":"applicationmanageresources-display-component---newResourceUnit--newRRUPage-anchBar-application-manageresources-display-component---newResourceUnit--reference-anchor"}]}
COMMAND: GET /session/652b5fe75fdd0bb6263b24ae98cbc99a/screenshot - {}
RESULT: {"script":"<script> [1562 bytes]","args":[{"selector":{"id":"application-manageresources-display-component---newResourceUnit--newRRUPage-anchBar-application-manageresources-display-component---newResourceUnit--reference-anchor","interaction":{"idSuffix":"BDI-content"}},"wdio_ui5_key":"applicationmanageresources-display-component---newResourceUnit--newRRUPage-anchBar-application-manageresources-display-component---newResourceUnit--reference-anchor"}]}
RESULT: undefined
COMMAND: POST /session/652b5fe75fdd0bb6263b24ae98cbc99a/element - {"using":"xpath","value":"//*[@id=\"application-manageresources-display-component---newResourceUnit--newRRUPage-anchBar-application-manageresources-display-component---newResourceUnit--reference-anchor\"]"}
RESULT: {}
RESULT: {"using":"xpath","value":"//*[@id=\"application-manageresources-display-component---newResourceUnit--newRRUPage-anchBar-application-manageresources-display-component---newResourceUnit--reference-anchor\"]"}
COMMAND: POST /session/652b5fe75fdd0bb6263b24ae98cbc99a/element/f.F756EF649BFACFC99A3D872C6535431B.d.AE653499CA03AA9FB0774B0B23B1E5ED.e.10096/click - {}
RESULT: {}
COMMAND: POST /session/652b5fe75fdd0bb6263b24ae98cbc99a/execute/async - {"script":"<script> [1562 bytes]","args":[{"selector":{"id":"application-manageresources-display-component---newResourceUnit--PLANNING_GROUP-arrow"},"wdio_ui5_key":"applicationmanageresources-display-component---newResourceUnit--PLANNING_GROUP-arrow"}]}
COMMAND: GET /session/652b5fe75fdd0bb6263b24ae98cbc99a/screenshot - {}
RESULT: {"script":"<script> [1562 bytes]","args":[{"selector":{"id":"application-manageresources-display-component---newResourceUnit--PLANNING_GROUP-arrow"},"wdio_ui5_key":"applicationmanageresources-display-component---newResourceUnit--PLANNING_GROUP-arrow"}]}
RESULT: undefined
COMMAND: POST /session/652b5fe75fdd0bb6263b24ae98cbc99a/element - {"using":"xpath","value":"//*[@id=\"application-manageresources-display-component---newResourceUnit--PLANNING_GROUP-arrow\"]"}
RESULT: {}
RESULT: {"using":"xpath","value":"//*[@id=\"application-manageresources-display-component---newResourceUnit--PLANNING_GROUP-arrow\"]"}
COMMAND: POST /session/652b5fe75fdd0bb6263b24ae98cbc99a/element/f.F756EF649BFACFC99A3D872C6535431B.d.AE653499CA03AA9FB0774B0B23B1E5ED.e.10099/click - {}
RESULT: {}
COMMAND: POST /session/652b5fe75fdd0bb6263b24ae98cbc99a/execute/async - {"script":"<script> [1562 bytes]","args":[{"selector":{"controlType":"sap.m.StandardListItem","viewName":"reusables.view.manageresources.NewResourceUnit","viewId":"application-manageresources-display-component---newResourceUnit","properties":{"title":"Heavy Equi"},"searchOpenDialogs":true,"interaction":{"idSuffix":"content"}},"wdio_ui5_key":"reusablesview.manageresources.NewResourceUnitsap.m.StandardListItem{\"title\":\"Heavy Equi\"}"}]}
COMMAND: GET /session/652b5fe75fdd0bb6263b24ae98cbc99a/screenshot - {}
RESULT: {"script":"<script> [1562 bytes]","args":[{"selector":{"controlType":"sap.m.StandardListItem","viewName":"reusables.view.manageresources.NewResourceUnit","viewId":"application-manageresources-display-component---newResourceUnit","properties":{"title":"Heavy Equi"},"searchOpenDialogs":true,"interaction":{"idSuffix":"content"}},"wdio_ui5_key":"reusablesview.manageresources.NewResourceUnitsap.m.StandardListItem{\"title\":\"Heavy Equi\"}"}]}
RESULT: undefined
COMMAND: POST /session/652b5fe75fdd0bb6263b24ae98cbc99a/element - {"using":"xpath","value":"//*[@id=\"__item338\"]"}
RESULT: {}
RESULT: {"using":"xpath","value":"//*[@id=\"__item338\"]"}
COMMAND: POST /session/652b5fe75fdd0bb6263b24ae98cbc99a/element/f.F756EF649BFACFC99A3D872C6535431B.d.AE653499CA03AA9FB0774B0B23B1E5ED.e.10102/click - {}
RESULT: {}
COMMAND: GET /session/652b5fe75fdd0bb6263b24ae98cbc99a/screenshot - {}
RESULT: {}
COMMAND: POST /session/652b5fe75fdd0bb6263b24ae98cbc99a/execute/async - {"script":"<script> [1562 bytes]","args":[{"selector":{"id":"application-manageresources-display-component---newResourceUnit--PLANNING_INDICATOR-arrow"},"wdio_ui5_key":"applicationmanageresources-display-component---newResourceUnit--PLANNING_INDICATOR-arrow"}]}
RESULT: {"script":"<script> [1562 bytes]","args":[{"selector":{"id":"application-manageresources-display-component---newResourceUnit--PLANNING_INDICATOR-arrow"},"wdio_ui5_key":"applicationmanageresources-display-component---newResourceUnit--PLANNING_INDICATOR-arrow"}]}
RESULT: undefined
COMMAND: POST /session/652b5fe75fdd0bb6263b24ae98cbc99a/element - {"using":"xpath","value":"//*[@id=\"application-manageresources-display-component---newResourceUnit--PLANNING_INDICATOR-arrow\"]"}
RESULT: {"using":"xpath","value":"//*[@id=\"application-manageresources-display-component---newResourceUnit--PLANNING_INDICATOR-arrow\"]"}
COMMAND: POST /session/652b5fe75fdd0bb6263b24ae98cbc99a/element/f.F756EF649BFACFC99A3D872C6535431B.d.AE653499CA03AA9FB0774B0B23B1E5ED.e.10103/click - {}
RESULT: {}
COMMAND: POST /session/652b5fe75fdd0bb6263b24ae98cbc99a/execute/async - {"script":"<script> [1562 bytes]","args":[{"selector":{"controlType":"sap.m.StandardListItem","viewName":"reusables.view.manageresources.NewResourceUnit","viewId":"application-manageresources-display-component---newResourceUnit","properties":{"title":"10 - infinite"},"searchOpenDialogs":true,"interaction":{"idSuffix":"content"}},"wdio_ui5_key":"reusablesview.manageresources.NewResourceUnitsap.m.StandardListItem{\"title\":\"10 - infinite\"}"}]}
COMMAND: GET /session/652b5fe75fdd0bb6263b24ae98cbc99a/screenshot - {}
RESULT: {"script":"<script> [1562 bytes]","args":[{"selector":{"controlType":"sap.m.StandardListItem","viewName":"reusables.view.manageresources.NewResourceUnit","viewId":"application-manageresources-display-component---newResourceUnit","properties":{"title":"10 - infinite"},"searchOpenDialogs":true,"interaction":{"idSuffix":"content"}},"wdio_ui5_key":"reusablesview.manageresources.NewResourceUnitsap.m.StandardListItem{\"title\":\"10 - infinite\"}"}]}
RESULT: undefined
COMMAND: POST /session/652b5fe75fdd0bb6263b24ae98cbc99a/element - {"using":"xpath","value":"//*[@id=\"__item348\"]"}
RESULT: {}
RESULT: {"using":"xpath","value":"//*[@id=\"__item348\"]"}
COMMAND: POST /session/652b5fe75fdd0bb6263b24ae98cbc99a/element/f.F756EF649BFACFC99A3D872C6535431B.d.AE653499CA03AA9FB0774B0B23B1E5ED.e.10105/click - {}
RESULT: {}
COMMAND: GET /session/652b5fe75fdd0bb6263b24ae98cbc99a/screenshot - {}
RESULT: {}
COMMAND: POST /session/652b5fe75fdd0bb6263b24ae98cbc99a/element - {"using":"xpath","value":"//bdi[contains(text(), \"Time Segment\")]"}
RESULT: {"using":"xpath","value":"//bdi[contains(text(), \"Time Segment\")]"}
COMMAND: GET /session/652b5fe75fdd0bb6263b24ae98cbc99a/element/f.F756EF649BFACFC99A3D872C6535431B.d.AE653499CA03AA9FB0774B0B23B1E5ED.e.10106/rect - {}
RESULT: {}
COMMAND: GET /session/652b5fe75fdd0bb6263b24ae98cbc99a/window/rect - {}
RESULT: {}
COMMAND: POST /session/652b5fe75fdd0bb6263b24ae98cbc99a/execute/sync - {"script":"<script> [92 bytes]","args":[]}
RESULT: {"script":"<script> [92 bytes]","args":[]}
COMMAND: POST /session/652b5fe75fdd0bb6263b24ae98cbc99a/actions - {"actions":[{"id":"action31","type":"wheel","parameters":{},"actions":[{"type":"scroll","x":-1820,"y":-21,"deltaX":0,"deltaY":0,"duration":0,"origin":{"element-6066-11e4-a52e-4f735466cecf":"f.F756EF649BFACFC99A3D872C6535431B.d.AE653499CA03AA9FB0774B0B23B1E5ED.e.10106"}}]}]}
COMMAND: GET /session/652b5fe75fdd0bb6263b24ae98cbc99a/screenshot - {}
RESULT: {}
COMMAND: POST /session/652b5fe75fdd0bb6263b24ae98cbc99a/execute/sync - {"script":"<script> [79 bytes]","args":[{"element-6066-11e4-a52e-4f735466cecf":"f.F756EF649BFACFC99A3D872C6535431B.d.AE653499CA03AA9FB0774B0B23B1E5ED.e.10106","ELEMENT":"f.F756EF649BFACFC99A3D872C6535431B.d.AE653499CA03AA9FB0774B0B23B1E5ED.e.10106"},{"block":"start","inline":"nearest"}]}
RESULT: {"script":"<script> [79 bytes]","args":[{"element-6066-11e4-a52e-4f735466cecf":"f.F756EF649BFACFC99A3D872C6535431B.d.AE653499CA03AA9FB0774B0B23B1E5ED.e.10106","ELEMENT":"f.F756EF649BFACFC99A3D872C6535431B.d.AE653499CA03AA9FB0774B0B23B1E5ED.e.10106"},{"block":"start","inline":"nearest"}]}
COMMAND: GET /session/652b5fe75fdd0bb6263b24ae98cbc99a/screenshot - {}
RESULT: {}
COMMAND: POST /session/652b5fe75fdd0bb6263b24ae98cbc99a/element - {"using":"xpath","value":"//span[@id=\"application-manageresources-display-component---newResourceUnit--btnAddTimeSegment-img\"]"}
RESULT: {"using":"xpath","value":"//span[@id=\"application-manageresources-display-component---newResourceUnit--btnAddTimeSegment-img\"]"}
COMMAND: POST /session/652b5fe75fdd0bb6263b24ae98cbc99a/execute/sync - {"script":"<script> [8489 bytes]","args":[{"element-6066-11e4-a52e-4f735466cecf":"f.F756EF649BFACFC99A3D872C6535431B.d.AE653499CA03AA9FB0774B0B23B1E5ED.e.10109","ELEMENT":"f.F756EF649BFACFC99A3D872C6535431B.d.AE653499CA03AA9FB0774B0B23B1E5ED.e.10109"}]}
RESULT: {"script":"<script> [8489 bytes]","args":[{"element-6066-11e4-a52e-4f735466cecf":"f.F756EF649BFACFC99A3D872C6535431B.d.AE653499CA03AA9FB0774B0B23B1E5ED.e.10109","ELEMENT":"f.F756EF649BFACFC99A3D872C6535431B.d.AE653499CA03AA9FB0774B0B23B1E5ED.e.10109"}]}
COMMAND: POST /session/652b5fe75fdd0bb6263b24ae98cbc99a/element/f.F756EF649BFACFC99A3D872C6535431B.d.AE653499CA03AA9FB0774B0B23B1E5ED.e.10109/click - {}
COMMAND: GET /session/652b5fe75fdd0bb6263b24ae98cbc99a/screenshot - {}
RESULT: {}
COMMAND: GET /session/652b5fe75fdd0bb6263b24ae98cbc99a/screenshot - {}
COMMAND: POST /session/652b5fe75fdd0bb6263b24ae98cbc99a/element - {"using":"xpath","value":"//input[@id=\"application-manageresources-display-component---newResourceUnit--idRuTSAdmin-application-manageresources-display-component---newResourceUnit--RUTimeSegment-0-inner\"]"}
RESULT: {}
RESULT: {}
RESULT: {"using":"xpath","value":"//input[@id=\"application-manageresources-display-component---newResourceUnit--idRuTSAdmin-application-manageresources-display-component---newResourceUnit--RUTimeSegment-0-inner\"]"}
COMMAND: POST /session/652b5fe75fdd0bb6263b24ae98cbc99a/element/f.F756EF649BFACFC99A3D872C6535431B.d.AE653499CA03AA9FB0774B0B23B1E5ED.e.10112/clear - {}
RESULT: {}
COMMAND: POST /session/652b5fe75fdd0bb6263b24ae98cbc99a/element/f.F756EF649BFACFC99A3D872C6535431B.d.AE653499CA03AA9FB0774B0B23B1E5ED.e.10112/value - {"text":"WebdriverWHMYards6jko"}
COMMAND: GET /session/652b5fe75fdd0bb6263b24ae98cbc99a/screenshot - {}
RESULT: {"text":"WebdriverWHMYards6jko"}
COMMAND: GET /session/652b5fe75fdd0bb6263b24ae98cbc99a/screenshot - {}
RESULT: {}
RESULT: {}
COMMAND: POST /session/652b5fe75fdd0bb6263b24ae98cbc99a/actions - {"actions":[{"id":"action32","type":"key","parameters":{},"actions":[{"type":"keyDown","value":"î€‡"},{"type":"pause","duration":10},{"type":"keyUp","value":"î€‡"}]}]}
RESULT: {"actions":[{"id":"action32","type":"key","parameters":{},"actions":[{"type":"keyDown","value":"î€‡"},{"type":"pause","duration":10},{"type":"keyUp","value":"î€‡"}]}]}
COMMAND: GET /session/652b5fe75fdd0bb6263b24ae98cbc99a/screenshot - {}
RESULT: {}
COMMAND: POST /session/652b5fe75fdd0bb6263b24ae98cbc99a/execute/async - {"script":"<script> [1562 bytes]","args":[{"selector":{"controlType":"sap.m.Button","viewName":"reusables.view.manageresources.NewResourceUnit","viewId":"application-manageresources-display-component---newResourceUnit","i18NText":{"propertyName":"tooltip","key":"save"},"interaction":{"idSuffix":"BDI-content"}},"wdio_ui5_key":"reusablesview.manageresources.NewResourceUnitsap.m.Button{\"propertyName\":\"tooltip\",\"key\":\"save\"}"}]}
RESULT: {"script":"<script> [1562 bytes]","args":[{"selector":{"controlType":"sap.m.Button","viewName":"reusables.view.manageresources.NewResourceUnit","viewId":"application-manageresources-display-component---newResourceUnit","i18NText":{"propertyName":"tooltip","key":"save"},"interaction":{"idSuffix":"BDI-content"}},"wdio_ui5_key":"reusablesview.manageresources.NewResourceUnitsap.m.Button{\"propertyName\":\"tooltip\",\"key\":\"save\"}"}]}
RESULT: undefined
COMMAND: POST /session/652b5fe75fdd0bb6263b24ae98cbc99a/element - {"using":"xpath","value":"//*[@id=\"application-manageresources-display-component---newResourceUnit--createRuButton\"]"}
RESULT: {"using":"xpath","value":"//*[@id=\"application-manageresources-display-component---newResourceUnit--createRuButton\"]"}
COMMAND: POST /session/652b5fe75fdd0bb6263b24ae98cbc99a/element/f.F756EF649BFACFC99A3D872C6535431B.d.AE653499CA03AA9FB0774B0B23B1E5ED.e.10040/click - {}
RESULT: {}
COMMAND: GET /session/652b5fe75fdd0bb6263b24ae98cbc99a/screenshot - {}
RESULT: {}
COMMAND: POST /session/652b5fe75fdd0bb6263b24ae98cbc99a/execute/async - {"script":"<script> [1562 bytes]","args":[{"selector":{"controlType":"sap.m.Title","properties":{"text":"Success"},"searchOpenDialogs":true},"wdio_ui5_key":"sapm.Title{\"text\":\"Success\"}"}]}
RESULT: {"script":"<script> [1562 bytes]","args":[{"selector":{"controlType":"sap.m.Title","properties":{"text":"Success"},"searchOpenDialogs":true},"wdio_ui5_key":"sapm.Title{\"text\":\"Success\"}"}]}
RESULT: undefined
COMMAND: POST /session/652b5fe75fdd0bb6263b24ae98cbc99a/execute/async - {"script":"<script> [6424 bytes]","args":[{"element-6066-11e4-a52e-4f735466cecf":"f.F756EF649BFACFC99A3D872C6535431B.d.AE653499CA03AA9FB0774B0B23B1E5ED.e.10127"},"getText",[]]}
RESULT: {"script":"<script> [6424 bytes]","args":[{"element-6066-11e4-a52e-4f735466cecf":"f.F756EF649BFACFC99A3D872C6535431B.d.AE653499CA03AA9FB0774B0B23B1E5ED.e.10127"},"getText",[]]}
COMMAND: POST /session/652b5fe75fdd0bb6263b24ae98cbc99a/element - {"using":"xpath","value":"//*[contains(@id, '__text') and (contains(text(), 'successfully created') or contains(., 'successfully created'))]"}
RESULT: {"using":"xpath","value":"//*[contains(@id, '__text') and (contains(text(), 'successfully created') or contains(., 'successfully created'))]"}
COMMAND: GET /session/652b5fe75fdd0bb6263b24ae98cbc99a/element/f.F756EF649BFACFC99A3D872C6535431B.d.AE653499CA03AA9FB0774B0B23B1E5ED.e.10126/text - {}
RESULT: {}
COMMAND: POST /session/652b5fe75fdd0bb6263b24ae98cbc99a/execute/async - {"script":"<script> [1562 bytes]","args":[{"selector":{"controlType":"sap.m.Button","properties":{"text":"Close"},"searchOpenDialogs":true,"interaction":{"idSuffix":"BDI-content"}},"wdio_ui5_key":"sapm.Button{\"text\":\"Close\"}"}]}
RESULT: {"script":"<script> [1562 bytes]","args":[{"selector":{"controlType":"sap.m.Button","properties":{"text":"Close"},"searchOpenDialogs":true,"interaction":{"idSuffix":"BDI-content"}},"wdio_ui5_key":"sapm.Button{\"text\":\"Close\"}"}]}
RESULT: undefined
COMMAND: POST /session/652b5fe75fdd0bb6263b24ae98cbc99a/element - {"using":"xpath","value":"//*[@id=\"__mbox-btn-0\"]"}
RESULT: {"using":"xpath","value":"//*[@id=\"__mbox-btn-0\"]"}
COMMAND: POST /session/652b5fe75fdd0bb6263b24ae98cbc99a/element/f.F756EF649BFACFC99A3D872C6535431B.d.AE653499CA03AA9FB0774B0B23B1E5ED.e.10123/click - {}
RESULT: {}
COMMAND: GET /session/652b5fe75fdd0bb6263b24ae98cbc99a/screenshot - {}
RESULT: {}
COMMAND: POST /session/652b5fe75fdd0bb6263b24ae98cbc99a/execute/async - {"script":"<script> [1562 bytes]","args":[{"selector":{"controlType":"sap.ui.core.Icon","viewName":"etm.portal.ui.manageresources.view.Detail","viewId":"application-manageresources-display-component---detailRU","properties":{"src":{"regex":{"source":"overflow"}}}},"wdio_ui5_key":"etmportal.ui.manageresources.view.Detailsap.ui.core.Icon{\"src\":{\"regex\":{\"source\":\"overflow\"}}}"}]}
RESULT: {"script":"<script> [1562 bytes]","args":[{"selector":{"controlType":"sap.ui.core.Icon","viewName":"etm.portal.ui.manageresources.view.Detail","viewId":"application-manageresources-display-component---detailRU","properties":{"src":{"regex":{"source":"overflow"}}}},"wdio_ui5_key":"etmportal.ui.manageresources.view.Detailsap.ui.core.Icon{\"src\":{\"regex\":{\"source\":\"overflow\"}}}"}]}
RESULT: undefined
COMMAND: POST /session/652b5fe75fdd0bb6263b24ae98cbc99a/element - {"using":"xpath","value":"//*[@id=\"__title17-_actionsToolbar-overflowButton-img\"]"}
RESULT: {"using":"xpath","value":"//*[@id=\"__title17-_actionsToolbar-overflowButton-img\"]"}
COMMAND: POST /session/652b5fe75fdd0bb6263b24ae98cbc99a/element/f.F756EF649BFACFC99A3D872C6535431B.d.AE653499CA03AA9FB0774B0B23B1E5ED.e.10153/click - {}
RESULT: {}
COMMAND: POST /session/652b5fe75fdd0bb6263b24ae98cbc99a/execute/async - {"script":"<script> [1562 bytes]","args":[{"selector":{"controlType":"sap.m.Button","viewName":"etm.portal.ui.manageresources.view.Detail","viewId":"application-manageresources-display-component---detailRU","i18NText":{"propertyName":"tooltip","key":"closeColumn"},"searchOpenDialogs":true,"interaction":{"idSuffix":"inner"}},"wdio_ui5_key":"etmportal.ui.manageresources.view.Detailsap.m.Button{\"propertyName\":\"tooltip\",\"key\":\"closeColumn\"}"}]}
COMMAND: GET /session/652b5fe75fdd0bb6263b24ae98cbc99a/screenshot - {}
RESULT: {"script":"<script> [1562 bytes]","args":[{"selector":{"controlType":"sap.m.Button","viewName":"etm.portal.ui.manageresources.view.Detail","viewId":"application-manageresources-display-component---detailRU","i18NText":{"propertyName":"tooltip","key":"closeColumn"},"searchOpenDialogs":true,"interaction":{"idSuffix":"inner"}},"wdio_ui5_key":"etmportal.ui.manageresources.view.Detailsap.m.Button{\"propertyName\":\"tooltip\",\"key\":\"closeColumn\"}"}]}
RESULT: undefined
COMMAND: POST /session/652b5fe75fdd0bb6263b24ae98cbc99a/element - {"using":"xpath","value":"//*[@id=\"__button45\"]"}
RESULT: {}
RESULT: {"using":"xpath","value":"//*[@id=\"__button45\"]"}
COMMAND: POST /session/652b5fe75fdd0bb6263b24ae98cbc99a/element/f.F756EF649BFACFC99A3D872C6535431B.d.AE653499CA03AA9FB0774B0B23B1E5ED.e.10157/click - {}
RESULT: {}
COMMAND: GET /session/652b5fe75fdd0bb6263b24ae98cbc99a/screenshot - {}
RESULT: {}
COMMAND: POST /session/652b5fe75fdd0bb6263b24ae98cbc99a/refresh - {}
RESULT: {}
COMMAND: GET /session/652b5fe75fdd0bb6263b24ae98cbc99a/screenshot - {}
RESULT: {}
COMMAND: POST /session/652b5fe75fdd0bb6263b24ae98cbc99a/execute/async - {"script":"<script> [189 bytes]","args":[]}
RESULT: {"script":"<script> [189 bytes]","args":[]}
COMMAND: POST /session/652b5fe75fdd0bb6263b24ae98cbc99a/execute/async - {"script":"<script> [123 bytes]","args":[]}
RESULT: {"script":"<script> [123 bytes]","args":[]}
COMMAND: POST /session/652b5fe75fdd0bb6263b24ae98cbc99a/timeouts - {"script":"<number>"}
RESULT: {"script":"<number>"}
COMMAND: GET /session/652b5fe75fdd0bb6263b24ae98cbc99a/timeouts - {}
RESULT: {}
RESULT: undefined
COMMAND: POST /session/652b5fe75fdd0bb6263b24ae98cbc99a/execute/async - {"script":"<script> [2676 bytes]","args":[]}
RESULT: {"script":"<script> [2676 bytes]","args":[]}
COMMAND: POST /session/652b5fe75fdd0bb6263b24ae98cbc99a/execute/async - {"script":"<script> [2342 bytes]","args":[{"protocol":"http","hostname":"0.0.0.0","path":"/","capabilities":{"browserName":"chrome","goog:chromeOptions":{"binary":"C:\\Program Files\\Google\\Chrome\\Application\\chrome.exe","args":["--start-maximized"]}},"logLevel":"warn","connectionRetryTimeout":120000,"connectionRetryCount":3,"logLevels":{},"enableDirectConnect":true,"strictSSL":true,"_":"65 more keys: [\"cacheDir\",\"port\",\"requestedCapabilities\",\"automationProtocol\",\"baseUrl\",\"waitforInterval\",\"waitforTimeout\",\"onReload\",\"beforeCommand\",\"afterCommand\",\"rootDir\",\"specs\",\"suites\",\"exclude\",\"groupLogsByTestSpec\",\"excludeDriverLogs\",\"bail\",\"framework\",\"reporters\",\"services\",\"maxInstances\",\"maxInstancesPerCapability\",\"injectGlobals\",\"filesToWatch\",\"execArgv\",\"runnerEnv\",\"runner\",\"shard\",\"specFileRetries\",\"specFileRetriesDelay\",\"specFileRetriesDeferred\",\"reporterSyncInterval\",\"reporterSyncTimeout\",\"cucumberFeaturesWithLineNumbers\",\"autoCompileOpts\",\"mochaOpts\",\"jasmineOpts\",\"cucumberOpts\",\"onPrepare\",\"onWorkerStart\",\"onWorkerEnd\",\"before\",\"beforeSession\",\"beforeSuite\",\"beforeHook\",\"beforeTest\",\"afterTest\",\"afterHook\",\"afterSuite\",\"afterSession\",\"after\",\"onComplete\",\"beforeAssertion\",\"afterAssertion\",\"beforeFeature\",\"beforeScenario\",\"beforeStep\",\"afterStep\",\"afterScenario\",\"afterFeature\",\"_\",\"suite\",\"$0\",\"ignoredWorkerServices\",\"wdi5\"]"}]}
RESULT: {"script":"<script> [2342 bytes]","args":[{"protocol":"http","hostname":"0.0.0.0","path":"/","capabilities":{"browserName":"chrome","goog:chromeOptions":{"binary":"C:\\Program Files\\Google\\Chrome\\Application\\chrome.exe","args":["--start-maximized"]}},"logLevel":"warn","connectionRetryTimeout":120000,"connectionRetryCount":3,"logLevels":{},"enableDirectConnect":true,"strictSSL":true,"_":"65 more keys: [\"cacheDir\",\"port\",\"requestedCapabilities\",\"automationProtocol\",\"baseUrl\",\"waitforInterval\",\"waitforTimeout\",\"onReload\",\"beforeCommand\",\"afterCommand\",\"rootDir\",\"specs\",\"suites\",\"exclude\",\"groupLogsByTestSpec\",\"excludeDriverLogs\",\"bail\",\"framework\",\"reporters\",\"services\",\"maxInstances\",\"maxInstancesPerCapability\",\"injectGlobals\",\"filesToWatch\",\"execArgv\",\"runnerEnv\",\"runner\",\"shard\",\"specFileRetries\",\"specFileRetriesDelay\",\"specFileRetriesDeferred\",\"reporterSyncInterval\",\"reporterSyncTimeout\",\"cucumberFeaturesWithLineNumbers\",\"autoCompileOpts\",\"mochaOpts\",\"jasmineOpts\",\"cucumberOpts\",\"onPrepare\",\"onWorkerStart\",\"onWorkerEnd\",\"before\",\"beforeSession\",\"beforeSuite\",\"beforeHook\",\"beforeTest\",\"afterTest\",\"afterHook\",\"afterSuite\",\"afterSession\",\"after\",\"onComplete\",\"beforeAssertion\",\"afterAssertion\",\"beforeFeature\",\"beforeScenario\",\"beforeStep\",\"afterStep\",\"afterScenario\",\"afterFeature\",\"_\",\"suite\",\"$0\",\"ignoredWorkerServices\",\"wdi5\"]"}]}
COMMAND: POST /session/652b5fe75fdd0bb6263b24ae98cbc99a/execute/async - {"script":"<script> [21126 bytes]","args":[35000]}
RESULT: {"script":"<script> [21126 bytes]","args":[35000]}
COMMAND: POST /session/652b5fe75fdd0bb6263b24ae98cbc99a/element - {"using":"css selector","value":"#shell-header-logo"}
RESULT: {"using":"css selector","value":"#shell-header-logo"}
COMMAND: POST /session/652b5fe75fdd0bb6263b24ae98cbc99a/element/f.F756EF649BFACFC99A3D872C6535431B.d.638EE87FC9CD2348C8D941BF49D22BF2.e.10236/click - {}
RESULT: {}
COMMAND: GET /session/652b5fe75fdd0bb6263b24ae98cbc99a/screenshot - {}
RESULT: {}
COMMAND: POST /session/652b5fe75fdd0bb6263b24ae98cbc99a/element - {"using":"css selector","value":"#shell-header-logo"}
RESULT: {"using":"css selector","value":"#shell-header-logo"}
COMMAND: POST /session/652b5fe75fdd0bb6263b24ae98cbc99a/element/f.F756EF649BFACFC99A3D872C6535431B.d.638EE87FC9CD2348C8D941BF49D22BF2.e.10410/click - {}
RESULT: {}
COMMAND: GET /session/652b5fe75fdd0bb6263b24ae98cbc99a/screenshot - {}
RESULT: {}
]]></system-out>
    </testcase>
  </testsuite>
</testsuites>