<?xml version="1.0" encoding="UTF-8"?>
<testsuites tests="9" failures="1" errors="1" skipped="0">
  <testsuite timestamp="2025-05-23T17:56:09" time="657.385" tests="9" failures="1" errors="1" skipped="0">
    <properties>
      <property name="specId" value="0"/>
      <property name="suiteName" value="Address Management Tests US156181 US151165 US151160 US156180 US156178 US151157 US151172 US151170 US151166 US151168"/>
      <property name="capabilities" value="chrome.136_0_7103_93.windows"/>
      <property name="file" value="file:///D:/a/1/s/test/specs/BTS/address-management.spec.js"/>
    </properties>
    <testcase classname="chrome.136_0_7103_93.windows.Address_Management_Tests_US156181_US151165_US151160_US156180_US156178_US151157_US151172_US151170_US151166_US151168" name="Step 1 Will check existence of address created with generated name if none then we create US156181" time="62.46">
      <system-out><![CDATA[
COMMAND: POST /session/ce809cdcea08f48edcd260db6707fd08/execute/async - {"script":"<script> [1562 bytes]","args":[{"selector":{"controlType":"sap.m.GenericTile","properties":{"header":"Address Management"}},"wdio_ui5_key":"sapm.GenericTile{\"header\":\"Address Management\"}"}]}
RESULT: {"script":"<script> [1562 bytes]","args":[{"selector":{"controlType":"sap.m.GenericTile","properties":{"header":"Address Management"}},"wdio_ui5_key":"sapm.GenericTile{\"header\":\"Address Management\"}"}]}
RESULT: undefined
COMMAND: POST /session/ce809cdcea08f48edcd260db6707fd08/element - {"using":"xpath","value":"//*[@id=\"__tile33\"]"}
RESULT: {"using":"xpath","value":"//*[@id=\"__tile33\"]"}
COMMAND: POST /session/ce809cdcea08f48edcd260db6707fd08/element/f.52F91674B02438CD484A8394085238A8.d.C044E40A3A298FAFC54B8D15EB65509D.e.220/click - {}
RESULT: {}
COMMAND: GET /session/ce809cdcea08f48edcd260db6707fd08/screenshot - {}
RESULT: {}
COMMAND: POST /session/ce809cdcea08f48edcd260db6707fd08/elements - {"using":"xpath","value":"//span[text()='Error']"}
RESULT: {"using":"xpath","value":"//span[text()='Error']"}
COMMAND: POST /session/ce809cdcea08f48edcd260db6707fd08/element - {"using":"xpath","value":"//button[@data-kt=\"addButton\"]"}
RESULT: {"using":"xpath","value":"//button[@data-kt=\"addButton\"]"}
COMMAND: POST /session/ce809cdcea08f48edcd260db6707fd08/elements - {"using":"xpath","value":"//button[@data-kt=\"addButton\"]"}
RESULT: {"using":"xpath","value":"//button[@data-kt=\"addButton\"]"}
COMMAND: POST /session/ce809cdcea08f48edcd260db6707fd08/elements - {"using":"xpath","value":"//button[@data-kt=\"addButton\"]"}
RESULT: {"using":"xpath","value":"//button[@data-kt=\"addButton\"]"}
COMMAND: POST /session/ce809cdcea08f48edcd260db6707fd08/element - {"using":"xpath","value":"//button[@data-kt=\"addButton\"]"}
RESULT: {"using":"xpath","value":"//button[@data-kt=\"addButton\"]"}
COMMAND: POST /session/ce809cdcea08f48edcd260db6707fd08/execute/sync - {"script":"<script> [8489 bytes]","args":[{"element-6066-11e4-a52e-4f735466cecf":"f.52F91674B02438CD484A8394085238A8.d.C044E40A3A298FAFC54B8D15EB65509D.e.306","ELEMENT":"f.52F91674B02438CD484A8394085238A8.d.C044E40A3A298FAFC54B8D15EB65509D.e.306"}]}
RESULT: {"script":"<script> [8489 bytes]","args":[{"element-6066-11e4-a52e-4f735466cecf":"f.52F91674B02438CD484A8394085238A8.d.C044E40A3A298FAFC54B8D15EB65509D.e.306","ELEMENT":"f.52F91674B02438CD484A8394085238A8.d.C044E40A3A298FAFC54B8D15EB65509D.e.306"}]}
COMMAND: GET /session/ce809cdcea08f48edcd260db6707fd08/element/f.52F91674B02438CD484A8394085238A8.d.C044E40A3A298FAFC54B8D15EB65509D.e.306/enabled - {}
COMMAND: GET /session/ce809cdcea08f48edcd260db6707fd08/screenshot - {}
RESULT: {}
COMMAND: POST /session/ce809cdcea08f48edcd260db6707fd08/execute/sync - {"script":"<script> [8489 bytes]","args":[{"element-6066-11e4-a52e-4f735466cecf":"f.52F91674B02438CD484A8394085238A8.d.C044E40A3A298FAFC54B8D15EB65509D.e.306","ELEMENT":"f.52F91674B02438CD484A8394085238A8.d.C044E40A3A298FAFC54B8D15EB65509D.e.306"}]}
COMMAND: GET /session/ce809cdcea08f48edcd260db6707fd08/screenshot - {}
RESULT: {}
RESULT: {"script":"<script> [8489 bytes]","args":[{"element-6066-11e4-a52e-4f735466cecf":"f.52F91674B02438CD484A8394085238A8.d.C044E40A3A298FAFC54B8D15EB65509D.e.306","ELEMENT":"f.52F91674B02438CD484A8394085238A8.d.C044E40A3A298FAFC54B8D15EB65509D.e.306"}]}
COMMAND: POST /session/ce809cdcea08f48edcd260db6707fd08/execute/sync - {"script":"<script> [5351 bytes]","args":[{"element-6066-11e4-a52e-4f735466cecf":"f.52F91674B02438CD484A8394085238A8.d.C044E40A3A298FAFC54B8D15EB65509D.e.306","ELEMENT":"f.52F91674B02438CD484A8394085238A8.d.C044E40A3A298FAFC54B8D15EB65509D.e.306"}]}
COMMAND: GET /session/ce809cdcea08f48edcd260db6707fd08/screenshot - {}
RESULT: {}
RESULT: {"script":"<script> [5351 bytes]","args":[{"element-6066-11e4-a52e-4f735466cecf":"f.52F91674B02438CD484A8394085238A8.d.C044E40A3A298FAFC54B8D15EB65509D.e.306","ELEMENT":"f.52F91674B02438CD484A8394085238A8.d.C044E40A3A298FAFC54B8D15EB65509D.e.306"}]}
COMMAND: GET /session/ce809cdcea08f48edcd260db6707fd08/screenshot - {}
RESULT: {}
RESULT: {}
COMMAND: POST /session/ce809cdcea08f48edcd260db6707fd08/execute/async - {"script":"<script> [1562 bytes]","args":[{"selector":{"id":"application-addressmanagement-display-component---masterAdm--smartFilterBar-btnBasicSearch","interaction":{"idSuffix":"I"}},"wdio_ui5_key":"applicationaddressmanagement-display-component---masterAdm--smartFilterBar-btnBasicSearch"}]}
RESULT: {"script":"<script> [1562 bytes]","args":[{"selector":{"id":"application-addressmanagement-display-component---masterAdm--smartFilterBar-btnBasicSearch","interaction":{"idSuffix":"I"}},"wdio_ui5_key":"applicationaddressmanagement-display-component---masterAdm--smartFilterBar-btnBasicSearch"}]}
RESULT: undefined
COMMAND: POST /session/ce809cdcea08f48edcd260db6707fd08/execute/async - {"script":"<script> [776 bytes]","args":[{"enterText":"US2ByZC5cR","selector":{"id":"application-addressmanagement-display-component---masterAdm--smartFilterBar-btnBasicSearch","interaction":{"idSuffix":"I"}},"clearTextFirst":true,"interactionType":"ENTER_TEXT"}]}
RESULT: {"script":"<script> [776 bytes]","args":[{"enterText":"US2ByZC5cR","selector":{"id":"application-addressmanagement-display-component---masterAdm--smartFilterBar-btnBasicSearch","interaction":{"idSuffix":"I"}},"clearTextFirst":true,"interactionType":"ENTER_TEXT"}]}
COMMAND: POST /session/ce809cdcea08f48edcd260db6707fd08/actions - {"actions":[{"id":"action1","type":"key","parameters":{},"actions":[{"type":"keyDown","value":""},{"type":"pause","duration":10},{"type":"keyUp","value":""}]}]}
RESULT: {"actions":[{"id":"action1","type":"key","parameters":{},"actions":[{"type":"keyDown","value":""},{"type":"pause","duration":10},{"type":"keyUp","value":""}]}]}
COMMAND: GET /session/ce809cdcea08f48edcd260db6707fd08/screenshot - {}
RESULT: {}
COMMAND: POST /session/ce809cdcea08f48edcd260db6707fd08/elements - {"using":"xpath","value":"//table[contains(@id, \"customPersonsAddressesTable-listUl\")]/tbody/tr"}
RESULT: {"using":"xpath","value":"//table[contains(@id, \"customPersonsAddressesTable-listUl\")]/tbody/tr"}
COMMAND: POST /session/ce809cdcea08f48edcd260db6707fd08/element - {"using":"xpath","value":"//table[contains(@id, \"customPersonsAddressesTable-listUl\")]/tbody/tr[1]/td[5]/span/span"}
RESULT: {"using":"xpath","value":"//table[contains(@id, \"customPersonsAddressesTable-listUl\")]/tbody/tr[1]/td[5]/span/span"}
COMMAND: POST /session/ce809cdcea08f48edcd260db6707fd08/element - {"using":"xpath","value":"//table[contains(@id, \"customPersonsAddressesTable-listUl\")]/tbody/tr[1]/td[3]/span"}
RESULT: {"using":"xpath","value":"//table[contains(@id, \"customPersonsAddressesTable-listUl\")]/tbody/tr[1]/td[3]/span"}
COMMAND: POST /session/ce809cdcea08f48edcd260db6707fd08/elements - {"using":"xpath","value":"//table[contains(@id, \"customPersonsAddressesTable-listUl\")]/tbody/tr[1]/td[5]/span/span"}
RESULT: {"using":"xpath","value":"//table[contains(@id, \"customPersonsAddressesTable-listUl\")]/tbody/tr[1]/td[5]/span/span"}
COMMAND: POST /session/ce809cdcea08f48edcd260db6707fd08/element - {"using":"xpath","value":"//span[@id=\"application-addressmanagement-display-component---masterAdm--smartTable-header-inner\"]"}
RESULT: {"using":"xpath","value":"//span[@id=\"application-addressmanagement-display-component---masterAdm--smartTable-header-inner\"]"}
COMMAND: POST /session/ce809cdcea08f48edcd260db6707fd08/elements - {"using":"xpath","value":"//span[@id=\"application-addressmanagement-display-component---masterAdm--smartTable-header-inner\"]"}
RESULT: {"using":"xpath","value":"//span[@id=\"application-addressmanagement-display-component---masterAdm--smartTable-header-inner\"]"}
COMMAND: POST /session/ce809cdcea08f48edcd260db6707fd08/execute/sync - {"script":"<script> [56 bytes]","args":[{"element-6066-11e4-a52e-4f735466cecf":"f.52F91674B02438CD484A8394085238A8.d.C044E40A3A298FAFC54B8D15EB65509D.e.448","ELEMENT":"f.52F91674B02438CD484A8394085238A8.d.C044E40A3A298FAFC54B8D15EB65509D.e.448"}]}
RESULT: {"script":"<script> [56 bytes]","args":[{"element-6066-11e4-a52e-4f735466cecf":"f.52F91674B02438CD484A8394085238A8.d.C044E40A3A298FAFC54B8D15EB65509D.e.448","ELEMENT":"f.52F91674B02438CD484A8394085238A8.d.C044E40A3A298FAFC54B8D15EB65509D.e.448"}]}
COMMAND: POST /session/ce809cdcea08f48edcd260db6707fd08/element - {"using":"xpath","value":"//button[@data-kt=\"addButton\"]"}
COMMAND: GET /session/ce809cdcea08f48edcd260db6707fd08/screenshot - {}
RESULT: {"using":"xpath","value":"//button[@data-kt=\"addButton\"]"}
COMMAND: POST /session/ce809cdcea08f48edcd260db6707fd08/element/f.52F91674B02438CD484A8394085238A8.d.C044E40A3A298FAFC54B8D15EB65509D.e.306/click - {}
RESULT: {}
RESULT: {}
COMMAND: GET /session/ce809cdcea08f48edcd260db6707fd08/screenshot - {}
RESULT: {}
COMMAND: POST /session/ce809cdcea08f48edcd260db6707fd08/execute/async - {"script":"<script> [1562 bytes]","args":[{"selector":{"controlType":"sap.ui.core.Icon","viewName":"etm.portal.ui.addressmanagement.view.NewAddress","properties":{"src":{"regex":{"source":"slim\\-arrow\\-down"}}},"ancestor":{"id":"addressTitle","viewName":"etm.portal.ui.addressmanagement.view.NewAddress"}},"wdio_ui5_key":"etmportal.ui.addressmanagement.view.NewAddresssap.ui.core.Icon{\"src\":{\"regex\":{\"source\":\"slim\\\\-arrow\\\\-down\"}}}{\"id\":\"addressTitle\",\"viewName\":\"etm.portal.ui.addressmanagement.view.NewAddress\"}"}]}
RESULT: {"script":"<script> [1562 bytes]","args":[{"selector":{"controlType":"sap.ui.core.Icon","viewName":"etm.portal.ui.addressmanagement.view.NewAddress","properties":{"src":{"regex":{"source":"slim\\-arrow\\-down"}}},"ancestor":{"id":"addressTitle","viewName":"etm.portal.ui.addressmanagement.view.NewAddress"}},"wdio_ui5_key":"etmportal.ui.addressmanagement.view.NewAddresssap.ui.core.Icon{\"src\":{\"regex\":{\"source\":\"slim\\\\-arrow\\\\-down\"}}}{\"id\":\"addressTitle\",\"viewName\":\"etm.portal.ui.addressmanagement.view.NewAddress\"}"}]}
RESULT: undefined
COMMAND: POST /session/ce809cdcea08f48edcd260db6707fd08/element - {"using":"xpath","value":"//*[@id=\"__xmlview58--addressTitle-arrow\"]"}
RESULT: {"using":"xpath","value":"//*[@id=\"__xmlview58--addressTitle-arrow\"]"}
COMMAND: POST /session/ce809cdcea08f48edcd260db6707fd08/element/f.52F91674B02438CD484A8394085238A8.d.C044E40A3A298FAFC54B8D15EB65509D.e.583/click - {}
RESULT: {}
COMMAND: GET /session/ce809cdcea08f48edcd260db6707fd08/screenshot - {}
RESULT: {}
COMMAND: POST /session/ce809cdcea08f48edcd260db6707fd08/element - {"using":"xpath","value":"//li[.//span[text()=\"Dr.\"]]"}
RESULT: {"using":"xpath","value":"//li[.//span[text()=\"Dr.\"]]"}
COMMAND: POST /session/ce809cdcea08f48edcd260db6707fd08/element/f.52F91674B02438CD484A8394085238A8.d.C044E40A3A298FAFC54B8D15EB65509D.e.584/click - {}
RESULT: {}
COMMAND: POST /session/ce809cdcea08f48edcd260db6707fd08/execute/async - {"script":"<script> [1562 bytes]","args":[{"selector":{"controlType":"sap.ui.core.Icon","viewName":"etm.portal.ui.addressmanagement.view.NewAddress","properties":{"src":{"regex":{"source":"slim\\-arrow\\-down"}}},"ancestor":{"id":"addressDetailDetailsLanguage","viewName":"etm.portal.ui.addressmanagement.view.NewAddress"}},"wdio_ui5_key":"etmportal.ui.addressmanagement.view.NewAddresssap.ui.core.Icon{\"src\":{\"regex\":{\"source\":\"slim\\\\-arrow\\\\-down\"}}}{\"id\":\"addressDetailDetailsLanguage\",\"viewName\":\"etm.portal.ui.addressmanagement.view.NewAddress\"}"}]}
COMMAND: GET /session/ce809cdcea08f48edcd260db6707fd08/screenshot - {}
RESULT: {"script":"<script> [1562 bytes]","args":[{"selector":{"controlType":"sap.ui.core.Icon","viewName":"etm.portal.ui.addressmanagement.view.NewAddress","properties":{"src":{"regex":{"source":"slim\\-arrow\\-down"}}},"ancestor":{"id":"addressDetailDetailsLanguage","viewName":"etm.portal.ui.addressmanagement.view.NewAddress"}},"wdio_ui5_key":"etmportal.ui.addressmanagement.view.NewAddresssap.ui.core.Icon{\"src\":{\"regex\":{\"source\":\"slim\\\\-arrow\\\\-down\"}}}{\"id\":\"addressDetailDetailsLanguage\",\"viewName\":\"etm.portal.ui.addressmanagement.view.NewAddress\"}"}]}
RESULT: undefined
COMMAND: POST /session/ce809cdcea08f48edcd260db6707fd08/element - {"using":"xpath","value":"//*[@id=\"__xmlview58--addressDetailDetailsLanguage-arrow\"]"}
RESULT: {}
RESULT: {"using":"xpath","value":"//*[@id=\"__xmlview58--addressDetailDetailsLanguage-arrow\"]"}
COMMAND: POST /session/ce809cdcea08f48edcd260db6707fd08/element/f.52F91674B02438CD484A8394085238A8.d.C044E40A3A298FAFC54B8D15EB65509D.e.487/click - {}
RESULT: {}
COMMAND: GET /session/ce809cdcea08f48edcd260db6707fd08/screenshot - {}
RESULT: {}
COMMAND: POST /session/ce809cdcea08f48edcd260db6707fd08/element - {"using":"xpath","value":"//span[contains(text(), \"English\")]"}
RESULT: {"using":"xpath","value":"//span[contains(text(), \"English\")]"}
COMMAND: POST /session/ce809cdcea08f48edcd260db6707fd08/element/f.52F91674B02438CD484A8394085238A8.d.C044E40A3A298FAFC54B8D15EB65509D.e.585/click - {}
RESULT: {}
COMMAND: POST /session/ce809cdcea08f48edcd260db6707fd08/execute/async - {"script":"<script> [1562 bytes]","args":[{"selector":{"controlType":"sap.m.Input","viewName":"etm.portal.ui.addressmanagement.view.NewAddress","labelFor":{"text":"Name"},"interaction":{"idSuffix":"inner"}},"wdio_ui5_key":"etmportal.ui.addressmanagement.view.NewAddresssap.m.Input{\"text\":\"Name\"}"}]}
COMMAND: GET /session/ce809cdcea08f48edcd260db6707fd08/screenshot - {}
RESULT: {"script":"<script> [1562 bytes]","args":[{"selector":{"controlType":"sap.m.Input","viewName":"etm.portal.ui.addressmanagement.view.NewAddress","labelFor":{"text":"Name"},"interaction":{"idSuffix":"inner"}},"wdio_ui5_key":"etmportal.ui.addressmanagement.view.NewAddresssap.m.Input{\"text\":\"Name\"}"}]}
RESULT: undefined
COMMAND: POST /session/ce809cdcea08f48edcd260db6707fd08/execute/async - {"script":"<script> [776 bytes]","args":[{"enterText":"US2ByZC5cR","selector":{"controlType":"sap.m.Input","viewName":"etm.portal.ui.addressmanagement.view.NewAddress","labelFor":{"text":"Name"},"interaction":{"idSuffix":"inner"}},"clearTextFirst":true,"interactionType":"ENTER_TEXT"}]}
RESULT: {}
RESULT: {"script":"<script> [776 bytes]","args":[{"enterText":"US2ByZC5cR","selector":{"controlType":"sap.m.Input","viewName":"etm.portal.ui.addressmanagement.view.NewAddress","labelFor":{"text":"Name"},"interaction":{"idSuffix":"inner"}},"clearTextFirst":true,"interactionType":"ENTER_TEXT"}]}
COMMAND: POST /session/ce809cdcea08f48edcd260db6707fd08/element - {"using":"xpath","value":"//button[@title=\"Save\"]"}
RESULT: {"using":"xpath","value":"//button[@title=\"Save\"]"}
COMMAND: POST /session/ce809cdcea08f48edcd260db6707fd08/element/f.52F91674B02438CD484A8394085238A8.d.C044E40A3A298FAFC54B8D15EB65509D.e.574/click - {}
RESULT: {}
COMMAND: GET /session/ce809cdcea08f48edcd260db6707fd08/screenshot - {}
RESULT: {}
COMMAND: POST /session/ce809cdcea08f48edcd260db6707fd08/element - {"using":"xpath","value":"//header[contains(@id, \"application-addressmanagement-display-component---detailAdm--ObjectPageLayout-headerTitle\")]/div[1]/div[3]/div[2]/span"}
RESULT: {"using":"xpath","value":"//header[contains(@id, \"application-addressmanagement-display-component---detailAdm--ObjectPageLayout-headerTitle\")]/div[1]/div[3]/div[2]/span"}
COMMAND: POST /session/ce809cdcea08f48edcd260db6707fd08/elements - {"using":"xpath","value":"//header[contains(@id, \"application-addressmanagement-display-component---detailAdm--ObjectPageLayout-headerTitle\")]/div[1]/div[3]/div[2]/span"}
RESULT: {"using":"xpath","value":"//header[contains(@id, \"application-addressmanagement-display-component---detailAdm--ObjectPageLayout-headerTitle\")]/div[1]/div[3]/div[2]/span"}
COMMAND: POST /session/ce809cdcea08f48edcd260db6707fd08/execute/sync - {"script":"<script> [56 bytes]","args":[{"element-6066-11e4-a52e-4f735466cecf":"f.52F91674B02438CD484A8394085238A8.d.C044E40A3A298FAFC54B8D15EB65509D.e.612","ELEMENT":"f.52F91674B02438CD484A8394085238A8.d.C044E40A3A298FAFC54B8D15EB65509D.e.612"}]}
RESULT: {"script":"<script> [56 bytes]","args":[{"element-6066-11e4-a52e-4f735466cecf":"f.52F91674B02438CD484A8394085238A8.d.C044E40A3A298FAFC54B8D15EB65509D.e.612","ELEMENT":"f.52F91674B02438CD484A8394085238A8.d.C044E40A3A298FAFC54B8D15EB65509D.e.612"}]}
COMMAND: GET /session/ce809cdcea08f48edcd260db6707fd08/screenshot - {}
RESULT: {}
COMMAND: POST /session/ce809cdcea08f48edcd260db6707fd08/element - {"using":"css selector","value":"#shell-header-logo"}
RESULT: {"using":"css selector","value":"#shell-header-logo"}
COMMAND: POST /session/ce809cdcea08f48edcd260db6707fd08/element/f.52F91674B02438CD484A8394085238A8.d.C044E40A3A298FAFC54B8D15EB65509D.e.270/click - {}
RESULT: {}
COMMAND: GET /session/ce809cdcea08f48edcd260db6707fd08/screenshot - {}
RESULT: {}
]]></system-out>
    </testcase>
    <testcase classname="chrome.136_0_7103_93.windows.Address_Management_Tests_US156181_US151165_US151160_US156180_US156178_US151157_US151172_US151170_US151166_US151168" name="Step 2 Should deactivate the created address in earlier step US151165" time="40.398">
      <system-out><![CDATA[
RESULT: undefined
COMMAND: POST /session/ce809cdcea08f48edcd260db6707fd08/element - {"using":"xpath","value":"//*[@id=\"__tile33\"]"}
RESULT: {"using":"xpath","value":"//*[@id=\"__tile33\"]"}
COMMAND: POST /session/ce809cdcea08f48edcd260db6707fd08/element/f.52F91674B02438CD484A8394085238A8.d.C044E40A3A298FAFC54B8D15EB65509D.e.220/click - {}
RESULT: {}
COMMAND: GET /session/ce809cdcea08f48edcd260db6707fd08/screenshot - {}
RESULT: {}
COMMAND: POST /session/ce809cdcea08f48edcd260db6707fd08/elements - {"using":"xpath","value":"//span[text()='Error']"}
RESULT: {"using":"xpath","value":"//span[text()='Error']"}
COMMAND: POST /session/ce809cdcea08f48edcd260db6707fd08/element - {"using":"xpath","value":"//button[@data-kt=\"addButton\"]"}
RESULT: {"using":"xpath","value":"//button[@data-kt=\"addButton\"]"}
COMMAND: POST /session/ce809cdcea08f48edcd260db6707fd08/elements - {"using":"xpath","value":"//button[@data-kt=\"addButton\"]"}
RESULT: {"using":"xpath","value":"//button[@data-kt=\"addButton\"]"}
COMMAND: POST /session/ce809cdcea08f48edcd260db6707fd08/execute/sync - {"script":"<script> [8489 bytes]","args":[{"element-6066-11e4-a52e-4f735466cecf":"f.52F91674B02438CD484A8394085238A8.d.C044E40A3A298FAFC54B8D15EB65509D.e.661","ELEMENT":"f.52F91674B02438CD484A8394085238A8.d.C044E40A3A298FAFC54B8D15EB65509D.e.661"}]}
RESULT: {"script":"<script> [8489 bytes]","args":[{"element-6066-11e4-a52e-4f735466cecf":"f.52F91674B02438CD484A8394085238A8.d.C044E40A3A298FAFC54B8D15EB65509D.e.661","ELEMENT":"f.52F91674B02438CD484A8394085238A8.d.C044E40A3A298FAFC54B8D15EB65509D.e.661"}]}
COMMAND: GET /session/ce809cdcea08f48edcd260db6707fd08/element/f.52F91674B02438CD484A8394085238A8.d.C044E40A3A298FAFC54B8D15EB65509D.e.661/enabled - {}
COMMAND: GET /session/ce809cdcea08f48edcd260db6707fd08/screenshot - {}
RESULT: {}
COMMAND: POST /session/ce809cdcea08f48edcd260db6707fd08/execute/sync - {"script":"<script> [8489 bytes]","args":[{"element-6066-11e4-a52e-4f735466cecf":"f.52F91674B02438CD484A8394085238A8.d.C044E40A3A298FAFC54B8D15EB65509D.e.661","ELEMENT":"f.52F91674B02438CD484A8394085238A8.d.C044E40A3A298FAFC54B8D15EB65509D.e.661"}]}
COMMAND: GET /session/ce809cdcea08f48edcd260db6707fd08/screenshot - {}
RESULT: {}
RESULT: {"script":"<script> [8489 bytes]","args":[{"element-6066-11e4-a52e-4f735466cecf":"f.52F91674B02438CD484A8394085238A8.d.C044E40A3A298FAFC54B8D15EB65509D.e.661","ELEMENT":"f.52F91674B02438CD484A8394085238A8.d.C044E40A3A298FAFC54B8D15EB65509D.e.661"}]}
COMMAND: POST /session/ce809cdcea08f48edcd260db6707fd08/execute/sync - {"script":"<script> [5351 bytes]","args":[{"element-6066-11e4-a52e-4f735466cecf":"f.52F91674B02438CD484A8394085238A8.d.C044E40A3A298FAFC54B8D15EB65509D.e.661","ELEMENT":"f.52F91674B02438CD484A8394085238A8.d.C044E40A3A298FAFC54B8D15EB65509D.e.661"}]}
COMMAND: GET /session/ce809cdcea08f48edcd260db6707fd08/screenshot - {}
RESULT: {}
RESULT: {"script":"<script> [5351 bytes]","args":[{"element-6066-11e4-a52e-4f735466cecf":"f.52F91674B02438CD484A8394085238A8.d.C044E40A3A298FAFC54B8D15EB65509D.e.661","ELEMENT":"f.52F91674B02438CD484A8394085238A8.d.C044E40A3A298FAFC54B8D15EB65509D.e.661"}]}
COMMAND: GET /session/ce809cdcea08f48edcd260db6707fd08/screenshot - {}
RESULT: {}
RESULT: {}
RESULT: undefined
COMMAND: POST /session/ce809cdcea08f48edcd260db6707fd08/execute/async - {"script":"<script> [776 bytes]","args":[{"enterText":"US2ByZC5cR","selector":{"id":"application-addressmanagement-display-component---masterAdm--smartFilterBar-btnBasicSearch","interaction":{"idSuffix":"I"}},"clearTextFirst":true,"interactionType":"ENTER_TEXT"}]}
RESULT: {"script":"<script> [776 bytes]","args":[{"enterText":"US2ByZC5cR","selector":{"id":"application-addressmanagement-display-component---masterAdm--smartFilterBar-btnBasicSearch","interaction":{"idSuffix":"I"}},"clearTextFirst":true,"interactionType":"ENTER_TEXT"}]}
COMMAND: POST /session/ce809cdcea08f48edcd260db6707fd08/actions - {"actions":[{"id":"action2","type":"key","parameters":{},"actions":[{"type":"keyDown","value":""},{"type":"pause","duration":10},{"type":"keyUp","value":""}]}]}
RESULT: {"actions":[{"id":"action2","type":"key","parameters":{},"actions":[{"type":"keyDown","value":""},{"type":"pause","duration":10},{"type":"keyUp","value":""}]}]}
COMMAND: GET /session/ce809cdcea08f48edcd260db6707fd08/screenshot - {}
RESULT: {}
COMMAND: POST /session/ce809cdcea08f48edcd260db6707fd08/elements - {"using":"xpath","value":"//table[contains(@id, \"customPersonsAddressesTable-listUl\")]/tbody/tr"}
RESULT: {"using":"xpath","value":"//table[contains(@id, \"customPersonsAddressesTable-listUl\")]/tbody/tr"}
COMMAND: POST /session/ce809cdcea08f48edcd260db6707fd08/element - {"using":"xpath","value":"//table[contains(@id, \"customPersonsAddressesTable-listUl\")]/tbody/tr[1]/td[5]/span/span"}
RESULT: {"using":"xpath","value":"//table[contains(@id, \"customPersonsAddressesTable-listUl\")]/tbody/tr[1]/td[5]/span/span"}
COMMAND: POST /session/ce809cdcea08f48edcd260db6707fd08/element - {"using":"xpath","value":"//table[contains(@id, \"customPersonsAddressesTable-listUl\")]/tbody/tr[1]/td[3]/span"}
RESULT: {"using":"xpath","value":"//table[contains(@id, \"customPersonsAddressesTable-listUl\")]/tbody/tr[1]/td[3]/span"}
COMMAND: POST /session/ce809cdcea08f48edcd260db6707fd08/elements - {"using":"xpath","value":"//table[contains(@id, \"customPersonsAddressesTable-listUl\")]/tbody/tr[1]/td[5]/span/span"}
RESULT: {"using":"xpath","value":"//table[contains(@id, \"customPersonsAddressesTable-listUl\")]/tbody/tr[1]/td[5]/span/span"}
COMMAND: POST /session/ce809cdcea08f48edcd260db6707fd08/execute/sync - {"script":"<script> [56 bytes]","args":[{"element-6066-11e4-a52e-4f735466cecf":"f.52F91674B02438CD484A8394085238A8.d.C044E40A3A298FAFC54B8D15EB65509D.e.808","ELEMENT":"f.52F91674B02438CD484A8394085238A8.d.C044E40A3A298FAFC54B8D15EB65509D.e.808"}]}
RESULT: {"script":"<script> [56 bytes]","args":[{"element-6066-11e4-a52e-4f735466cecf":"f.52F91674B02438CD484A8394085238A8.d.C044E40A3A298FAFC54B8D15EB65509D.e.808","ELEMENT":"f.52F91674B02438CD484A8394085238A8.d.C044E40A3A298FAFC54B8D15EB65509D.e.808"}]}
COMMAND: POST /session/ce809cdcea08f48edcd260db6707fd08/execute/sync - {"script":"<script> [56 bytes]","args":[{"element-6066-11e4-a52e-4f735466cecf":"f.52F91674B02438CD484A8394085238A8.d.C044E40A3A298FAFC54B8D15EB65509D.e.809","ELEMENT":"f.52F91674B02438CD484A8394085238A8.d.C044E40A3A298FAFC54B8D15EB65509D.e.809"}]}
COMMAND: GET /session/ce809cdcea08f48edcd260db6707fd08/screenshot - {}
RESULT: {"script":"<script> [56 bytes]","args":[{"element-6066-11e4-a52e-4f735466cecf":"f.52F91674B02438CD484A8394085238A8.d.C044E40A3A298FAFC54B8D15EB65509D.e.809","ELEMENT":"f.52F91674B02438CD484A8394085238A8.d.C044E40A3A298FAFC54B8D15EB65509D.e.809"}]}
COMMAND: POST /session/ce809cdcea08f48edcd260db6707fd08/element - {"using":"xpath","value":"//table[contains(@id, \"customPersonsAddressesTable-listUl\")]/tbody/tr[1]/td[10]/div/span"}
COMMAND: GET /session/ce809cdcea08f48edcd260db6707fd08/screenshot - {}
RESULT: {}
RESULT: {"using":"xpath","value":"//table[contains(@id, \"customPersonsAddressesTable-listUl\")]/tbody/tr[1]/td[10]/div/span"}
COMMAND: POST /session/ce809cdcea08f48edcd260db6707fd08/execute/sync - {"script":"<script> [56 bytes]","args":[{"element-6066-11e4-a52e-4f735466cecf":"f.52F91674B02438CD484A8394085238A8.d.C044E40A3A298FAFC54B8D15EB65509D.e.810","ELEMENT":"f.52F91674B02438CD484A8394085238A8.d.C044E40A3A298FAFC54B8D15EB65509D.e.810"}]}
RESULT: {}
RESULT: {"script":"<script> [56 bytes]","args":[{"element-6066-11e4-a52e-4f735466cecf":"f.52F91674B02438CD484A8394085238A8.d.C044E40A3A298FAFC54B8D15EB65509D.e.810","ELEMENT":"f.52F91674B02438CD484A8394085238A8.d.C044E40A3A298FAFC54B8D15EB65509D.e.810"}]}
COMMAND: POST /session/ce809cdcea08f48edcd260db6707fd08/element - {"using":"xpath","value":"//table[contains(@id, \"customPersonsAddressesTable-listUl\")]/tbody/tr[1]/td[2]/div/div"}
COMMAND: GET /session/ce809cdcea08f48edcd260db6707fd08/screenshot - {}
RESULT: {"using":"xpath","value":"//table[contains(@id, \"customPersonsAddressesTable-listUl\")]/tbody/tr[1]/td[2]/div/div"}
COMMAND: POST /session/ce809cdcea08f48edcd260db6707fd08/element/f.52F91674B02438CD484A8394085238A8.d.C044E40A3A298FAFC54B8D15EB65509D.e.811/click - {}
RESULT: {}
RESULT: {}
COMMAND: GET /session/ce809cdcea08f48edcd260db6707fd08/screenshot - {}
RESULT: {}
COMMAND: POST /session/ce809cdcea08f48edcd260db6707fd08/element - {"using":"xpath","value":"//bdi[contains(text(), \"Deactivate\")]"}
RESULT: {"using":"xpath","value":"//bdi[contains(text(), \"Deactivate\")]"}
COMMAND: POST /session/ce809cdcea08f48edcd260db6707fd08/element/f.52F91674B02438CD484A8394085238A8.d.C044E40A3A298FAFC54B8D15EB65509D.e.812/click - {}
RESULT: {}
COMMAND: GET /session/ce809cdcea08f48edcd260db6707fd08/screenshot - {}
RESULT: {}
COMMAND: POST /session/ce809cdcea08f48edcd260db6707fd08/element - {"using":"xpath","value":"//bdi[contains(text(), \"Yes\")]"}
RESULT: {"using":"xpath","value":"//bdi[contains(text(), \"Yes\")]"}
COMMAND: POST /session/ce809cdcea08f48edcd260db6707fd08/element/f.52F91674B02438CD484A8394085238A8.d.C044E40A3A298FAFC54B8D15EB65509D.e.814/click - {}
RESULT: {}
COMMAND: GET /session/ce809cdcea08f48edcd260db6707fd08/screenshot - {}
RESULT: {}
COMMAND: POST /session/ce809cdcea08f48edcd260db6707fd08/element - {"using":"xpath","value":"//table[contains(@id, \"customPersonsAddressesTable-listUl\")]/tbody/tr[1]/td[10]/div/span"}
RESULT: {"using":"xpath","value":"//table[contains(@id, \"customPersonsAddressesTable-listUl\")]/tbody/tr[1]/td[10]/div/span"}
COMMAND: POST /session/ce809cdcea08f48edcd260db6707fd08/execute/sync - {"script":"<script> [56 bytes]","args":[{"element-6066-11e4-a52e-4f735466cecf":"f.52F91674B02438CD484A8394085238A8.d.C044E40A3A298FAFC54B8D15EB65509D.e.810","ELEMENT":"f.52F91674B02438CD484A8394085238A8.d.C044E40A3A298FAFC54B8D15EB65509D.e.810"}]}
RESULT: {"script":"<script> [56 bytes]","args":[{"element-6066-11e4-a52e-4f735466cecf":"f.52F91674B02438CD484A8394085238A8.d.C044E40A3A298FAFC54B8D15EB65509D.e.810","ELEMENT":"f.52F91674B02438CD484A8394085238A8.d.C044E40A3A298FAFC54B8D15EB65509D.e.810"}]}
COMMAND: GET /session/ce809cdcea08f48edcd260db6707fd08/screenshot - {}
RESULT: {}
COMMAND: POST /session/ce809cdcea08f48edcd260db6707fd08/element - {"using":"css selector","value":"#shell-header-logo"}
RESULT: {"using":"css selector","value":"#shell-header-logo"}
COMMAND: POST /session/ce809cdcea08f48edcd260db6707fd08/element/f.52F91674B02438CD484A8394085238A8.d.C044E40A3A298FAFC54B8D15EB65509D.e.617/click - {}
RESULT: {}
COMMAND: GET /session/ce809cdcea08f48edcd260db6707fd08/screenshot - {}
RESULT: {}
]]></system-out>
    </testcase>
    <testcase classname="chrome.136_0_7103_93.windows.Address_Management_Tests_US156181_US151165_US151160_US156180_US156178_US151157_US151172_US151170_US151166_US151168" name="Step 3 Should activate the created address back again US151160" time="40.128">
      <system-out><![CDATA[
RESULT: undefined
COMMAND: POST /session/ce809cdcea08f48edcd260db6707fd08/element - {"using":"xpath","value":"//*[@id=\"__tile33\"]"}
RESULT: {"using":"xpath","value":"//*[@id=\"__tile33\"]"}
COMMAND: POST /session/ce809cdcea08f48edcd260db6707fd08/element/f.52F91674B02438CD484A8394085238A8.d.C044E40A3A298FAFC54B8D15EB65509D.e.220/click - {}
RESULT: {}
COMMAND: GET /session/ce809cdcea08f48edcd260db6707fd08/screenshot - {}
RESULT: {}
COMMAND: POST /session/ce809cdcea08f48edcd260db6707fd08/elements - {"using":"xpath","value":"//span[text()='Error']"}
RESULT: {"using":"xpath","value":"//span[text()='Error']"}
COMMAND: POST /session/ce809cdcea08f48edcd260db6707fd08/element - {"using":"xpath","value":"//button[@data-kt=\"addButton\"]"}
RESULT: {"using":"xpath","value":"//button[@data-kt=\"addButton\"]"}
COMMAND: POST /session/ce809cdcea08f48edcd260db6707fd08/elements - {"using":"xpath","value":"//button[@data-kt=\"addButton\"]"}
RESULT: {"using":"xpath","value":"//button[@data-kt=\"addButton\"]"}
COMMAND: POST /session/ce809cdcea08f48edcd260db6707fd08/execute/sync - {"script":"<script> [8489 bytes]","args":[{"element-6066-11e4-a52e-4f735466cecf":"f.52F91674B02438CD484A8394085238A8.d.C044E40A3A298FAFC54B8D15EB65509D.e.860","ELEMENT":"f.52F91674B02438CD484A8394085238A8.d.C044E40A3A298FAFC54B8D15EB65509D.e.860"}]}
RESULT: {"script":"<script> [8489 bytes]","args":[{"element-6066-11e4-a52e-4f735466cecf":"f.52F91674B02438CD484A8394085238A8.d.C044E40A3A298FAFC54B8D15EB65509D.e.860","ELEMENT":"f.52F91674B02438CD484A8394085238A8.d.C044E40A3A298FAFC54B8D15EB65509D.e.860"}]}
COMMAND: GET /session/ce809cdcea08f48edcd260db6707fd08/element/f.52F91674B02438CD484A8394085238A8.d.C044E40A3A298FAFC54B8D15EB65509D.e.860/enabled - {}
COMMAND: GET /session/ce809cdcea08f48edcd260db6707fd08/screenshot - {}
RESULT: {}
COMMAND: POST /session/ce809cdcea08f48edcd260db6707fd08/execute/sync - {"script":"<script> [8489 bytes]","args":[{"element-6066-11e4-a52e-4f735466cecf":"f.52F91674B02438CD484A8394085238A8.d.C044E40A3A298FAFC54B8D15EB65509D.e.860","ELEMENT":"f.52F91674B02438CD484A8394085238A8.d.C044E40A3A298FAFC54B8D15EB65509D.e.860"}]}
COMMAND: GET /session/ce809cdcea08f48edcd260db6707fd08/screenshot - {}
RESULT: {}
RESULT: {"script":"<script> [8489 bytes]","args":[{"element-6066-11e4-a52e-4f735466cecf":"f.52F91674B02438CD484A8394085238A8.d.C044E40A3A298FAFC54B8D15EB65509D.e.860","ELEMENT":"f.52F91674B02438CD484A8394085238A8.d.C044E40A3A298FAFC54B8D15EB65509D.e.860"}]}
COMMAND: POST /session/ce809cdcea08f48edcd260db6707fd08/execute/sync - {"script":"<script> [5351 bytes]","args":[{"element-6066-11e4-a52e-4f735466cecf":"f.52F91674B02438CD484A8394085238A8.d.C044E40A3A298FAFC54B8D15EB65509D.e.860","ELEMENT":"f.52F91674B02438CD484A8394085238A8.d.C044E40A3A298FAFC54B8D15EB65509D.e.860"}]}
COMMAND: GET /session/ce809cdcea08f48edcd260db6707fd08/screenshot - {}
RESULT: {}
RESULT: {"script":"<script> [5351 bytes]","args":[{"element-6066-11e4-a52e-4f735466cecf":"f.52F91674B02438CD484A8394085238A8.d.C044E40A3A298FAFC54B8D15EB65509D.e.860","ELEMENT":"f.52F91674B02438CD484A8394085238A8.d.C044E40A3A298FAFC54B8D15EB65509D.e.860"}]}
COMMAND: GET /session/ce809cdcea08f48edcd260db6707fd08/screenshot - {}
RESULT: {}
RESULT: {}
RESULT: undefined
COMMAND: POST /session/ce809cdcea08f48edcd260db6707fd08/execute/async - {"script":"<script> [776 bytes]","args":[{"enterText":"US2ByZC5cR","selector":{"id":"application-addressmanagement-display-component---masterAdm--smartFilterBar-btnBasicSearch","interaction":{"idSuffix":"I"}},"clearTextFirst":true,"interactionType":"ENTER_TEXT"}]}
RESULT: {"script":"<script> [776 bytes]","args":[{"enterText":"US2ByZC5cR","selector":{"id":"application-addressmanagement-display-component---masterAdm--smartFilterBar-btnBasicSearch","interaction":{"idSuffix":"I"}},"clearTextFirst":true,"interactionType":"ENTER_TEXT"}]}
COMMAND: POST /session/ce809cdcea08f48edcd260db6707fd08/actions - {"actions":[{"id":"action3","type":"key","parameters":{},"actions":[{"type":"keyDown","value":""},{"type":"pause","duration":10},{"type":"keyUp","value":""}]}]}
RESULT: {"actions":[{"id":"action3","type":"key","parameters":{},"actions":[{"type":"keyDown","value":""},{"type":"pause","duration":10},{"type":"keyUp","value":""}]}]}
COMMAND: GET /session/ce809cdcea08f48edcd260db6707fd08/screenshot - {}
RESULT: {}
COMMAND: POST /session/ce809cdcea08f48edcd260db6707fd08/elements - {"using":"xpath","value":"//table[contains(@id, \"customPersonsAddressesTable-listUl\")]/tbody/tr"}
RESULT: {"using":"xpath","value":"//table[contains(@id, \"customPersonsAddressesTable-listUl\")]/tbody/tr"}
COMMAND: POST /session/ce809cdcea08f48edcd260db6707fd08/element - {"using":"xpath","value":"//table[contains(@id, \"customPersonsAddressesTable-listUl\")]/tbody/tr[1]/td[5]/span/span"}
RESULT: {"using":"xpath","value":"//table[contains(@id, \"customPersonsAddressesTable-listUl\")]/tbody/tr[1]/td[5]/span/span"}
COMMAND: POST /session/ce809cdcea08f48edcd260db6707fd08/element - {"using":"xpath","value":"//table[contains(@id, \"customPersonsAddressesTable-listUl\")]/tbody/tr[1]/td[3]/span"}
RESULT: {"using":"xpath","value":"//table[contains(@id, \"customPersonsAddressesTable-listUl\")]/tbody/tr[1]/td[3]/span"}
COMMAND: POST /session/ce809cdcea08f48edcd260db6707fd08/elements - {"using":"xpath","value":"//table[contains(@id, \"customPersonsAddressesTable-listUl\")]/tbody/tr[1]/td[5]/span/span"}
RESULT: {"using":"xpath","value":"//table[contains(@id, \"customPersonsAddressesTable-listUl\")]/tbody/tr[1]/td[5]/span/span"}
COMMAND: POST /session/ce809cdcea08f48edcd260db6707fd08/execute/sync - {"script":"<script> [56 bytes]","args":[{"element-6066-11e4-a52e-4f735466cecf":"f.52F91674B02438CD484A8394085238A8.d.C044E40A3A298FAFC54B8D15EB65509D.e.1006","ELEMENT":"f.52F91674B02438CD484A8394085238A8.d.C044E40A3A298FAFC54B8D15EB65509D.e.1006"}]}
RESULT: {"script":"<script> [56 bytes]","args":[{"element-6066-11e4-a52e-4f735466cecf":"f.52F91674B02438CD484A8394085238A8.d.C044E40A3A298FAFC54B8D15EB65509D.e.1006","ELEMENT":"f.52F91674B02438CD484A8394085238A8.d.C044E40A3A298FAFC54B8D15EB65509D.e.1006"}]}
COMMAND: POST /session/ce809cdcea08f48edcd260db6707fd08/execute/sync - {"script":"<script> [56 bytes]","args":[{"element-6066-11e4-a52e-4f735466cecf":"f.52F91674B02438CD484A8394085238A8.d.C044E40A3A298FAFC54B8D15EB65509D.e.1007","ELEMENT":"f.52F91674B02438CD484A8394085238A8.d.C044E40A3A298FAFC54B8D15EB65509D.e.1007"}]}
COMMAND: GET /session/ce809cdcea08f48edcd260db6707fd08/screenshot - {}
RESULT: {"script":"<script> [56 bytes]","args":[{"element-6066-11e4-a52e-4f735466cecf":"f.52F91674B02438CD484A8394085238A8.d.C044E40A3A298FAFC54B8D15EB65509D.e.1007","ELEMENT":"f.52F91674B02438CD484A8394085238A8.d.C044E40A3A298FAFC54B8D15EB65509D.e.1007"}]}
COMMAND: POST /session/ce809cdcea08f48edcd260db6707fd08/element - {"using":"xpath","value":"//table[contains(@id, \"customPersonsAddressesTable-listUl\")]/tbody/tr[1]/td[10]/div/span"}
COMMAND: GET /session/ce809cdcea08f48edcd260db6707fd08/screenshot - {}
RESULT: {}
RESULT: {"using":"xpath","value":"//table[contains(@id, \"customPersonsAddressesTable-listUl\")]/tbody/tr[1]/td[10]/div/span"}
COMMAND: POST /session/ce809cdcea08f48edcd260db6707fd08/execute/sync - {"script":"<script> [56 bytes]","args":[{"element-6066-11e4-a52e-4f735466cecf":"f.52F91674B02438CD484A8394085238A8.d.C044E40A3A298FAFC54B8D15EB65509D.e.1008","ELEMENT":"f.52F91674B02438CD484A8394085238A8.d.C044E40A3A298FAFC54B8D15EB65509D.e.1008"}]}
RESULT: {}
RESULT: {"script":"<script> [56 bytes]","args":[{"element-6066-11e4-a52e-4f735466cecf":"f.52F91674B02438CD484A8394085238A8.d.C044E40A3A298FAFC54B8D15EB65509D.e.1008","ELEMENT":"f.52F91674B02438CD484A8394085238A8.d.C044E40A3A298FAFC54B8D15EB65509D.e.1008"}]}
COMMAND: POST /session/ce809cdcea08f48edcd260db6707fd08/element - {"using":"xpath","value":"//table[contains(@id, \"customPersonsAddressesTable-listUl\")]/tbody/tr[1]/td[2]/div/div"}
COMMAND: GET /session/ce809cdcea08f48edcd260db6707fd08/screenshot - {}
RESULT: {"using":"xpath","value":"//table[contains(@id, \"customPersonsAddressesTable-listUl\")]/tbody/tr[1]/td[2]/div/div"}
COMMAND: POST /session/ce809cdcea08f48edcd260db6707fd08/element/f.52F91674B02438CD484A8394085238A8.d.C044E40A3A298FAFC54B8D15EB65509D.e.1009/click - {}
RESULT: {}
RESULT: {}
COMMAND: GET /session/ce809cdcea08f48edcd260db6707fd08/screenshot - {}
RESULT: {}
COMMAND: POST /session/ce809cdcea08f48edcd260db6707fd08/element - {"using":"xpath","value":"//bdi[contains(text(), \"Activate\")]"}
RESULT: {"using":"xpath","value":"//bdi[contains(text(), \"Activate\")]"}
COMMAND: POST /session/ce809cdcea08f48edcd260db6707fd08/element/f.52F91674B02438CD484A8394085238A8.d.C044E40A3A298FAFC54B8D15EB65509D.e.1010/click - {}
RESULT: {}
COMMAND: GET /session/ce809cdcea08f48edcd260db6707fd08/screenshot - {}
RESULT: {}
COMMAND: POST /session/ce809cdcea08f48edcd260db6707fd08/element - {"using":"xpath","value":"//bdi[contains(text(), \"Yes\")]"}
RESULT: {"using":"xpath","value":"//bdi[contains(text(), \"Yes\")]"}
COMMAND: POST /session/ce809cdcea08f48edcd260db6707fd08/element/f.52F91674B02438CD484A8394085238A8.d.C044E40A3A298FAFC54B8D15EB65509D.e.1012/click - {}
RESULT: {}
COMMAND: GET /session/ce809cdcea08f48edcd260db6707fd08/screenshot - {}
RESULT: {}
COMMAND: POST /session/ce809cdcea08f48edcd260db6707fd08/element - {"using":"xpath","value":"//table[contains(@id, \"customPersonsAddressesTable-listUl\")]/tbody/tr[1]/td[10]/div/span"}
RESULT: {"using":"xpath","value":"//table[contains(@id, \"customPersonsAddressesTable-listUl\")]/tbody/tr[1]/td[10]/div/span"}
COMMAND: POST /session/ce809cdcea08f48edcd260db6707fd08/execute/sync - {"script":"<script> [56 bytes]","args":[{"element-6066-11e4-a52e-4f735466cecf":"f.52F91674B02438CD484A8394085238A8.d.C044E40A3A298FAFC54B8D15EB65509D.e.1008","ELEMENT":"f.52F91674B02438CD484A8394085238A8.d.C044E40A3A298FAFC54B8D15EB65509D.e.1008"}]}
RESULT: {"script":"<script> [56 bytes]","args":[{"element-6066-11e4-a52e-4f735466cecf":"f.52F91674B02438CD484A8394085238A8.d.C044E40A3A298FAFC54B8D15EB65509D.e.1008","ELEMENT":"f.52F91674B02438CD484A8394085238A8.d.C044E40A3A298FAFC54B8D15EB65509D.e.1008"}]}
COMMAND: GET /session/ce809cdcea08f48edcd260db6707fd08/screenshot - {}
RESULT: {}
COMMAND: POST /session/ce809cdcea08f48edcd260db6707fd08/element - {"using":"css selector","value":"#shell-header-logo"}
RESULT: {"using":"css selector","value":"#shell-header-logo"}
COMMAND: POST /session/ce809cdcea08f48edcd260db6707fd08/element/f.52F91674B02438CD484A8394085238A8.d.C044E40A3A298FAFC54B8D15EB65509D.e.822/click - {}
RESULT: {}
COMMAND: GET /session/ce809cdcea08f48edcd260db6707fd08/screenshot - {}
RESULT: {}
]]></system-out>
    </testcase>
    <testcase classname="chrome.136_0_7103_93.windows.Address_Management_Tests_US156181_US151165_US151160_US156180_US156178_US151157_US151172_US151170_US151166_US151168" name="Step 4 Should verify searches US156180 edit person and address US156178" time="75.246">
      <system-out><![CDATA[
RESULT: undefined
COMMAND: POST /session/ce809cdcea08f48edcd260db6707fd08/element - {"using":"xpath","value":"//*[@id=\"__tile33\"]"}
RESULT: {"using":"xpath","value":"//*[@id=\"__tile33\"]"}
COMMAND: POST /session/ce809cdcea08f48edcd260db6707fd08/element/f.52F91674B02438CD484A8394085238A8.d.C044E40A3A298FAFC54B8D15EB65509D.e.220/click - {}
RESULT: {}
COMMAND: GET /session/ce809cdcea08f48edcd260db6707fd08/screenshot - {}
RESULT: {}
COMMAND: POST /session/ce809cdcea08f48edcd260db6707fd08/elements - {"using":"xpath","value":"//span[text()='Error']"}
RESULT: {"using":"xpath","value":"//span[text()='Error']"}
COMMAND: POST /session/ce809cdcea08f48edcd260db6707fd08/element - {"using":"xpath","value":"//button[@data-kt=\"addButton\"]"}
RESULT: {"using":"xpath","value":"//button[@data-kt=\"addButton\"]"}
COMMAND: POST /session/ce809cdcea08f48edcd260db6707fd08/elements - {"using":"xpath","value":"//button[@data-kt=\"addButton\"]"}
RESULT: {"using":"xpath","value":"//button[@data-kt=\"addButton\"]"}
COMMAND: POST /session/ce809cdcea08f48edcd260db6707fd08/execute/sync - {"script":"<script> [8489 bytes]","args":[{"element-6066-11e4-a52e-4f735466cecf":"f.52F91674B02438CD484A8394085238A8.d.C044E40A3A298FAFC54B8D15EB65509D.e.1075","ELEMENT":"f.52F91674B02438CD484A8394085238A8.d.C044E40A3A298FAFC54B8D15EB65509D.e.1075"}]}
RESULT: {"script":"<script> [8489 bytes]","args":[{"element-6066-11e4-a52e-4f735466cecf":"f.52F91674B02438CD484A8394085238A8.d.C044E40A3A298FAFC54B8D15EB65509D.e.1075","ELEMENT":"f.52F91674B02438CD484A8394085238A8.d.C044E40A3A298FAFC54B8D15EB65509D.e.1075"}]}
COMMAND: GET /session/ce809cdcea08f48edcd260db6707fd08/element/f.52F91674B02438CD484A8394085238A8.d.C044E40A3A298FAFC54B8D15EB65509D.e.1075/enabled - {}
COMMAND: GET /session/ce809cdcea08f48edcd260db6707fd08/screenshot - {}
RESULT: {}
COMMAND: POST /session/ce809cdcea08f48edcd260db6707fd08/execute/sync - {"script":"<script> [8489 bytes]","args":[{"element-6066-11e4-a52e-4f735466cecf":"f.52F91674B02438CD484A8394085238A8.d.C044E40A3A298FAFC54B8D15EB65509D.e.1075","ELEMENT":"f.52F91674B02438CD484A8394085238A8.d.C044E40A3A298FAFC54B8D15EB65509D.e.1075"}]}
COMMAND: GET /session/ce809cdcea08f48edcd260db6707fd08/screenshot - {}
RESULT: {}
RESULT: {"script":"<script> [8489 bytes]","args":[{"element-6066-11e4-a52e-4f735466cecf":"f.52F91674B02438CD484A8394085238A8.d.C044E40A3A298FAFC54B8D15EB65509D.e.1075","ELEMENT":"f.52F91674B02438CD484A8394085238A8.d.C044E40A3A298FAFC54B8D15EB65509D.e.1075"}]}
COMMAND: POST /session/ce809cdcea08f48edcd260db6707fd08/execute/sync - {"script":"<script> [5351 bytes]","args":[{"element-6066-11e4-a52e-4f735466cecf":"f.52F91674B02438CD484A8394085238A8.d.C044E40A3A298FAFC54B8D15EB65509D.e.1075","ELEMENT":"f.52F91674B02438CD484A8394085238A8.d.C044E40A3A298FAFC54B8D15EB65509D.e.1075"}]}
COMMAND: GET /session/ce809cdcea08f48edcd260db6707fd08/screenshot - {}
RESULT: {}
RESULT: {"script":"<script> [5351 bytes]","args":[{"element-6066-11e4-a52e-4f735466cecf":"f.52F91674B02438CD484A8394085238A8.d.C044E40A3A298FAFC54B8D15EB65509D.e.1075","ELEMENT":"f.52F91674B02438CD484A8394085238A8.d.C044E40A3A298FAFC54B8D15EB65509D.e.1075"}]}
COMMAND: GET /session/ce809cdcea08f48edcd260db6707fd08/screenshot - {}
RESULT: {}
RESULT: {}
RESULT: undefined
COMMAND: POST /session/ce809cdcea08f48edcd260db6707fd08/execute/async - {"script":"<script> [776 bytes]","args":[{"enterText":"US2ByZC5cR","selector":{"id":"application-addressmanagement-display-component---masterAdm--smartFilterBar-btnBasicSearch","interaction":{"idSuffix":"I"}},"clearTextFirst":true,"interactionType":"ENTER_TEXT"}]}
RESULT: {"script":"<script> [776 bytes]","args":[{"enterText":"US2ByZC5cR","selector":{"id":"application-addressmanagement-display-component---masterAdm--smartFilterBar-btnBasicSearch","interaction":{"idSuffix":"I"}},"clearTextFirst":true,"interactionType":"ENTER_TEXT"}]}
COMMAND: POST /session/ce809cdcea08f48edcd260db6707fd08/actions - {"actions":[{"id":"action4","type":"key","parameters":{},"actions":[{"type":"keyDown","value":""},{"type":"pause","duration":10},{"type":"keyUp","value":""}]}]}
RESULT: {"actions":[{"id":"action4","type":"key","parameters":{},"actions":[{"type":"keyDown","value":""},{"type":"pause","duration":10},{"type":"keyUp","value":""}]}]}
COMMAND: GET /session/ce809cdcea08f48edcd260db6707fd08/screenshot - {}
RESULT: {}
COMMAND: POST /session/ce809cdcea08f48edcd260db6707fd08/elements - {"using":"xpath","value":"//table[contains(@id, \"customPersonsAddressesTable-listUl\")]/tbody/tr"}
RESULT: {"using":"xpath","value":"//table[contains(@id, \"customPersonsAddressesTable-listUl\")]/tbody/tr"}
COMMAND: POST /session/ce809cdcea08f48edcd260db6707fd08/element - {"using":"xpath","value":"//table[contains(@id, \"customPersonsAddressesTable-listUl\")]/tbody/tr[1]/td[5]/span/span"}
RESULT: {"using":"xpath","value":"//table[contains(@id, \"customPersonsAddressesTable-listUl\")]/tbody/tr[1]/td[5]/span/span"}
COMMAND: POST /session/ce809cdcea08f48edcd260db6707fd08/element - {"using":"xpath","value":"//table[contains(@id, \"customPersonsAddressesTable-listUl\")]/tbody/tr[1]/td[3]/span"}
RESULT: {"using":"xpath","value":"//table[contains(@id, \"customPersonsAddressesTable-listUl\")]/tbody/tr[1]/td[3]/span"}
COMMAND: POST /session/ce809cdcea08f48edcd260db6707fd08/elements - {"using":"xpath","value":"//table[contains(@id, \"customPersonsAddressesTable-listUl\")]/tbody/tr[1]/td[5]/span/span"}
RESULT: {"using":"xpath","value":"//table[contains(@id, \"customPersonsAddressesTable-listUl\")]/tbody/tr[1]/td[5]/span/span"}
COMMAND: POST /session/ce809cdcea08f48edcd260db6707fd08/execute/sync - {"script":"<script> [56 bytes]","args":[{"element-6066-11e4-a52e-4f735466cecf":"f.52F91674B02438CD484A8394085238A8.d.C044E40A3A298FAFC54B8D15EB65509D.e.1209","ELEMENT":"f.52F91674B02438CD484A8394085238A8.d.C044E40A3A298FAFC54B8D15EB65509D.e.1209"}]}
RESULT: {"script":"<script> [56 bytes]","args":[{"element-6066-11e4-a52e-4f735466cecf":"f.52F91674B02438CD484A8394085238A8.d.C044E40A3A298FAFC54B8D15EB65509D.e.1209","ELEMENT":"f.52F91674B02438CD484A8394085238A8.d.C044E40A3A298FAFC54B8D15EB65509D.e.1209"}]}
COMMAND: POST /session/ce809cdcea08f48edcd260db6707fd08/execute/sync - {"script":"<script> [56 bytes]","args":[{"element-6066-11e4-a52e-4f735466cecf":"f.52F91674B02438CD484A8394085238A8.d.C044E40A3A298FAFC54B8D15EB65509D.e.1210","ELEMENT":"f.52F91674B02438CD484A8394085238A8.d.C044E40A3A298FAFC54B8D15EB65509D.e.1210"}]}
COMMAND: GET /session/ce809cdcea08f48edcd260db6707fd08/screenshot - {}
RESULT: {"script":"<script> [56 bytes]","args":[{"element-6066-11e4-a52e-4f735466cecf":"f.52F91674B02438CD484A8394085238A8.d.C044E40A3A298FAFC54B8D15EB65509D.e.1210","ELEMENT":"f.52F91674B02438CD484A8394085238A8.d.C044E40A3A298FAFC54B8D15EB65509D.e.1210"}]}
COMMAND: POST /session/ce809cdcea08f48edcd260db6707fd08/element - {"using":"xpath","value":"(//span[contains(@id, \"imgNav\")])[1]"}
COMMAND: GET /session/ce809cdcea08f48edcd260db6707fd08/screenshot - {}
RESULT: {}
RESULT: {"using":"xpath","value":"(//span[contains(@id, \"imgNav\")])[1]"}
COMMAND: POST /session/ce809cdcea08f48edcd260db6707fd08/element/f.52F91674B02438CD484A8394085238A8.d.C044E40A3A298FAFC54B8D15EB65509D.e.1206/click - {}
RESULT: {}
RESULT: {}
COMMAND: GET /session/ce809cdcea08f48edcd260db6707fd08/screenshot - {}
RESULT: {}
COMMAND: POST /session/ce809cdcea08f48edcd260db6707fd08/element - {"using":"xpath","value":"//bdi[contains(text(), \"Edit\")]"}
RESULT: {"using":"xpath","value":"//bdi[contains(text(), \"Edit\")]"}
COMMAND: POST /session/ce809cdcea08f48edcd260db6707fd08/element/f.52F91674B02438CD484A8394085238A8.d.C044E40A3A298FAFC54B8D15EB65509D.e.1337/click - {}
RESULT: {}
COMMAND: GET /session/ce809cdcea08f48edcd260db6707fd08/screenshot - {}
RESULT: {}
COMMAND: POST /session/ce809cdcea08f48edcd260db6707fd08/execute/async - {"script":"<script> [1562 bytes]","args":[{"selector":{"controlType":"sap.ui.core.Icon","viewName":"etm.portal.ui.addressmanagement.view.EditDetail","properties":{"src":{"regex":{"source":"slim\\-arrow\\-down"}}},"ancestor":{"id":"addressTitle","viewName":"etm.portal.ui.addressmanagement.view.EditDetail"}},"wdio_ui5_key":"etmportal.ui.addressmanagement.view.EditDetailsap.ui.core.Icon{\"src\":{\"regex\":{\"source\":\"slim\\\\-arrow\\\\-down\"}}}{\"id\":\"addressTitle\",\"viewName\":\"etm.portal.ui.addressmanagement.view.EditDetail\"}"}]}
RESULT: {"script":"<script> [1562 bytes]","args":[{"selector":{"controlType":"sap.ui.core.Icon","viewName":"etm.portal.ui.addressmanagement.view.EditDetail","properties":{"src":{"regex":{"source":"slim\\-arrow\\-down"}}},"ancestor":{"id":"addressTitle","viewName":"etm.portal.ui.addressmanagement.view.EditDetail"}},"wdio_ui5_key":"etmportal.ui.addressmanagement.view.EditDetailsap.ui.core.Icon{\"src\":{\"regex\":{\"source\":\"slim\\\\-arrow\\\\-down\"}}}{\"id\":\"addressTitle\",\"viewName\":\"etm.portal.ui.addressmanagement.view.EditDetail\"}"}]}
RESULT: undefined
COMMAND: POST /session/ce809cdcea08f48edcd260db6707fd08/element - {"using":"xpath","value":"//*[@id=\"__xmlview59--addressTitle-arrow\"]"}
RESULT: {"using":"xpath","value":"//*[@id=\"__xmlview59--addressTitle-arrow\"]"}
COMMAND: POST /session/ce809cdcea08f48edcd260db6707fd08/element/f.52F91674B02438CD484A8394085238A8.d.C044E40A3A298FAFC54B8D15EB65509D.e.1391/click - {}
RESULT: {}
COMMAND: GET /session/ce809cdcea08f48edcd260db6707fd08/screenshot - {}
RESULT: {}
COMMAND: POST /session/ce809cdcea08f48edcd260db6707fd08/element - {"using":"xpath","value":"//li[.//span[text()=\"Mr.\"]]"}
RESULT: {"using":"xpath","value":"//li[.//span[text()=\"Mr.\"]]"}
COMMAND: POST /session/ce809cdcea08f48edcd260db6707fd08/element/f.52F91674B02438CD484A8394085238A8.d.C044E40A3A298FAFC54B8D15EB65509D.e.1393/click - {}
RESULT: {}
COMMAND: GET /session/ce809cdcea08f48edcd260db6707fd08/screenshot - {}
RESULT: {}
COMMAND: POST /session/ce809cdcea08f48edcd260db6707fd08/execute/async - {"script":"<script> [1562 bytes]","args":[{"selector":{"controlType":"sap.m.Input","viewName":"etm.portal.ui.addressmanagement.view.EditDetail","labelFor":{"text":"Last Name"},"interaction":{"idSuffix":"inner"}},"wdio_ui5_key":"etmportal.ui.addressmanagement.view.EditDetailsap.m.Input{\"text\":\"Last Name\"}"}]}
RESULT: {"script":"<script> [1562 bytes]","args":[{"selector":{"controlType":"sap.m.Input","viewName":"etm.portal.ui.addressmanagement.view.EditDetail","labelFor":{"text":"Last Name"},"interaction":{"idSuffix":"inner"}},"wdio_ui5_key":"etmportal.ui.addressmanagement.view.EditDetailsap.m.Input{\"text\":\"Last Name\"}"}]}
RESULT: undefined
COMMAND: POST /session/ce809cdcea08f48edcd260db6707fd08/execute/async - {"script":"<script> [776 bytes]","args":[{"enterText":"EDIT John Cena","selector":{"controlType":"sap.m.Input","viewName":"etm.portal.ui.addressmanagement.view.EditDetail","labelFor":{"text":"Last Name"},"interaction":{"idSuffix":"inner"}},"clearTextFirst":true,"interactionType":"ENTER_TEXT"}]}
RESULT: {"script":"<script> [776 bytes]","args":[{"enterText":"EDIT John Cena","selector":{"controlType":"sap.m.Input","viewName":"etm.portal.ui.addressmanagement.view.EditDetail","labelFor":{"text":"Last Name"},"interaction":{"idSuffix":"inner"}},"clearTextFirst":true,"interactionType":"ENTER_TEXT"}]}
COMMAND: POST /session/ce809cdcea08f48edcd260db6707fd08/execute/async - {"script":"<script> [1562 bytes]","args":[{"selector":{"controlType":"sap.ui.core.Icon","viewName":"etm.portal.ui.addressmanagement.view.EditDetail","properties":{"src":{"regex":{"source":"slim\\-arrow\\-down"}}},"ancestor":{"id":"addressDetailDetailsLanguage","viewName":"etm.portal.ui.addressmanagement.view.EditDetail"}},"wdio_ui5_key":"etmportal.ui.addressmanagement.view.EditDetailsap.ui.core.Icon{\"src\":{\"regex\":{\"source\":\"slim\\\\-arrow\\\\-down\"}}}{\"id\":\"addressDetailDetailsLanguage\",\"viewName\":\"etm.portal.ui.addressmanagement.view.EditDetail\"}"}]}
RESULT: {"script":"<script> [1562 bytes]","args":[{"selector":{"controlType":"sap.ui.core.Icon","viewName":"etm.portal.ui.addressmanagement.view.EditDetail","properties":{"src":{"regex":{"source":"slim\\-arrow\\-down"}}},"ancestor":{"id":"addressDetailDetailsLanguage","viewName":"etm.portal.ui.addressmanagement.view.EditDetail"}},"wdio_ui5_key":"etmportal.ui.addressmanagement.view.EditDetailsap.ui.core.Icon{\"src\":{\"regex\":{\"source\":\"slim\\\\-arrow\\\\-down\"}}}{\"id\":\"addressDetailDetailsLanguage\",\"viewName\":\"etm.portal.ui.addressmanagement.view.EditDetail\"}"}]}
RESULT: undefined
COMMAND: POST /session/ce809cdcea08f48edcd260db6707fd08/element - {"using":"xpath","value":"//*[@id=\"__xmlview59--addressDetailDetailsLanguage-arrow\"]"}
RESULT: {"using":"xpath","value":"//*[@id=\"__xmlview59--addressDetailDetailsLanguage-arrow\"]"}
COMMAND: POST /session/ce809cdcea08f48edcd260db6707fd08/element/f.52F91674B02438CD484A8394085238A8.d.C044E40A3A298FAFC54B8D15EB65509D.e.1396/click - {}
RESULT: {}
COMMAND: GET /session/ce809cdcea08f48edcd260db6707fd08/screenshot - {}
RESULT: {}
COMMAND: POST /session/ce809cdcea08f48edcd260db6707fd08/element - {"using":"xpath","value":"//span[contains(text(), \"Bulgarian\")]"}
RESULT: {"using":"xpath","value":"//span[contains(text(), \"Bulgarian\")]"}
COMMAND: POST /session/ce809cdcea08f48edcd260db6707fd08/element/f.52F91674B02438CD484A8394085238A8.d.C044E40A3A298FAFC54B8D15EB65509D.e.1397/click - {}
RESULT: {}
COMMAND: GET /session/ce809cdcea08f48edcd260db6707fd08/screenshot - {}
RESULT: {}
COMMAND: POST /session/ce809cdcea08f48edcd260db6707fd08/execute/async - {"script":"<script> [1562 bytes]","args":[{"selector":{"controlType":"sap.m.Input","viewName":"etm.portal.ui.addressmanagement.view.EditDetail","labelFor":{"text":"ZIP/Postal code"},"interaction":{"idSuffix":"inner"}},"wdio_ui5_key":"etmportal.ui.addressmanagement.view.EditDetailsap.m.Input{\"text\":\"ZIP/Postal code\"}"}]}
RESULT: {"script":"<script> [1562 bytes]","args":[{"selector":{"controlType":"sap.m.Input","viewName":"etm.portal.ui.addressmanagement.view.EditDetail","labelFor":{"text":"ZIP/Postal code"},"interaction":{"idSuffix":"inner"}},"wdio_ui5_key":"etmportal.ui.addressmanagement.view.EditDetailsap.m.Input{\"text\":\"ZIP/Postal code\"}"}]}
RESULT: undefined
COMMAND: POST /session/ce809cdcea08f48edcd260db6707fd08/execute/async - {"script":"<script> [776 bytes]","args":[{"enterText":"500292","selector":{"controlType":"sap.m.Input","viewName":"etm.portal.ui.addressmanagement.view.EditDetail","labelFor":{"text":"ZIP/Postal code"},"interaction":{"idSuffix":"inner"}},"clearTextFirst":true,"interactionType":"ENTER_TEXT"}]}
RESULT: {"script":"<script> [776 bytes]","args":[{"enterText":"500292","selector":{"controlType":"sap.m.Input","viewName":"etm.portal.ui.addressmanagement.view.EditDetail","labelFor":{"text":"ZIP/Postal code"},"interaction":{"idSuffix":"inner"}},"clearTextFirst":true,"interactionType":"ENTER_TEXT"}]}
COMMAND: POST /session/ce809cdcea08f48edcd260db6707fd08/execute/async - {"script":"<script> [1562 bytes]","args":[{"selector":{"id":"addressDetailContactsEmail","viewName":"etm.portal.ui.addressmanagement.view.EditDetail","interaction":{"idSuffix":"inner"}},"wdio_ui5_key":"addressDetailContactsEmailetmportal.ui.addressmanagement.view.EditDetail"}]}
RESULT: {"script":"<script> [1562 bytes]","args":[{"selector":{"id":"addressDetailContactsEmail","viewName":"etm.portal.ui.addressmanagement.view.EditDetail","interaction":{"idSuffix":"inner"}},"wdio_ui5_key":"addressDetailContactsEmailetmportal.ui.addressmanagement.view.EditDetail"}]}
RESULT: undefined
COMMAND: POST /session/ce809cdcea08f48edcd260db6707fd08/execute/async - {"script":"<script> [776 bytes]","args":[{"enterText":"webdriverrules@emailfake.com","selector":{"id":"addressDetailContactsEmail","viewName":"etm.portal.ui.addressmanagement.view.EditDetail","interaction":{"idSuffix":"inner"}},"clearTextFirst":true,"interactionType":"ENTER_TEXT"}]}
RESULT: {"script":"<script> [776 bytes]","args":[{"enterText":"webdriverrules@emailfake.com","selector":{"id":"addressDetailContactsEmail","viewName":"etm.portal.ui.addressmanagement.view.EditDetail","interaction":{"idSuffix":"inner"}},"clearTextFirst":true,"interactionType":"ENTER_TEXT"}]}
COMMAND: POST /session/ce809cdcea08f48edcd260db6707fd08/execute/async - {"script":"<script> [1562 bytes]","args":[{"selector":{"id":"addressUserJobTitle","viewName":"etm.portal.ui.addressmanagement.view.EditDetail","interaction":{"idSuffix":"inner"}},"wdio_ui5_key":"addressUserJobTitleetmportal.ui.addressmanagement.view.EditDetail"}]}
RESULT: {"script":"<script> [1562 bytes]","args":[{"selector":{"id":"addressUserJobTitle","viewName":"etm.portal.ui.addressmanagement.view.EditDetail","interaction":{"idSuffix":"inner"}},"wdio_ui5_key":"addressUserJobTitleetmportal.ui.addressmanagement.view.EditDetail"}]}
RESULT: undefined
COMMAND: POST /session/ce809cdcea08f48edcd260db6707fd08/execute/async - {"script":"<script> [776 bytes]","args":[{"enterText":"director","selector":{"id":"addressUserJobTitle","viewName":"etm.portal.ui.addressmanagement.view.EditDetail","interaction":{"idSuffix":"inner"}},"clearTextFirst":true,"interactionType":"ENTER_TEXT"}]}
RESULT: {"script":"<script> [776 bytes]","args":[{"enterText":"director","selector":{"id":"addressUserJobTitle","viewName":"etm.portal.ui.addressmanagement.view.EditDetail","interaction":{"idSuffix":"inner"}},"clearTextFirst":true,"interactionType":"ENTER_TEXT"}]}
COMMAND: POST /session/ce809cdcea08f48edcd260db6707fd08/execute/async - {"script":"<script> [1562 bytes]","args":[{"selector":{"id":"tagMultiInput","viewName":"etm.portal.ui.addressmanagement.view.EditDetail","interaction":{"idSuffix":"inner"}},"wdio_ui5_key":"tagMultiInputetmportal.ui.addressmanagement.view.EditDetail"}]}
RESULT: {"script":"<script> [1562 bytes]","args":[{"selector":{"id":"tagMultiInput","viewName":"etm.portal.ui.addressmanagement.view.EditDetail","interaction":{"idSuffix":"inner"}},"wdio_ui5_key":"tagMultiInputetmportal.ui.addressmanagement.view.EditDetail"}]}
RESULT: undefined
COMMAND: POST /session/ce809cdcea08f48edcd260db6707fd08/execute/async - {"script":"<script> [776 bytes]","args":[{"enterText":"testyTag1","selector":{"id":"tagMultiInput","viewName":"etm.portal.ui.addressmanagement.view.EditDetail","interaction":{"idSuffix":"inner"}},"clearTextFirst":true,"interactionType":"ENTER_TEXT"}]}
RESULT: {"script":"<script> [776 bytes]","args":[{"enterText":"testyTag1","selector":{"id":"tagMultiInput","viewName":"etm.portal.ui.addressmanagement.view.EditDetail","interaction":{"idSuffix":"inner"}},"clearTextFirst":true,"interactionType":"ENTER_TEXT"}]}
COMMAND: POST /session/ce809cdcea08f48edcd260db6707fd08/actions - {"actions":[{"id":"action5","type":"key","parameters":{},"actions":[{"type":"keyDown","value":""},{"type":"pause","duration":10},{"type":"keyUp","value":""}]}]}
RESULT: {"actions":[{"id":"action5","type":"key","parameters":{},"actions":[{"type":"keyDown","value":""},{"type":"pause","duration":10},{"type":"keyUp","value":""}]}]}
COMMAND: GET /session/ce809cdcea08f48edcd260db6707fd08/screenshot - {}
RESULT: {}
RESULT: undefined
COMMAND: POST /session/ce809cdcea08f48edcd260db6707fd08/execute/async - {"script":"<script> [776 bytes]","args":[{"enterText":"taggyTag2","selector":{"id":"tagMultiInput","viewName":"etm.portal.ui.addressmanagement.view.EditDetail","interaction":{"idSuffix":"inner"}},"clearTextFirst":true,"interactionType":"ENTER_TEXT"}]}
RESULT: {"script":"<script> [776 bytes]","args":[{"enterText":"taggyTag2","selector":{"id":"tagMultiInput","viewName":"etm.portal.ui.addressmanagement.view.EditDetail","interaction":{"idSuffix":"inner"}},"clearTextFirst":true,"interactionType":"ENTER_TEXT"}]}
COMMAND: POST /session/ce809cdcea08f48edcd260db6707fd08/actions - {"actions":[{"id":"action6","type":"key","parameters":{},"actions":[{"type":"keyDown","value":""},{"type":"pause","duration":10},{"type":"keyUp","value":""}]}]}
RESULT: {"actions":[{"id":"action6","type":"key","parameters":{},"actions":[{"type":"keyDown","value":""},{"type":"pause","duration":10},{"type":"keyUp","value":""}]}]}
COMMAND: GET /session/ce809cdcea08f48edcd260db6707fd08/screenshot - {}
RESULT: {}
COMMAND: POST /session/ce809cdcea08f48edcd260db6707fd08/element - {"using":"xpath","value":"//button[@data-kt=\"saveButton\"]"}
RESULT: {"using":"xpath","value":"//button[@data-kt=\"saveButton\"]"}
COMMAND: POST /session/ce809cdcea08f48edcd260db6707fd08/element/f.52F91674B02438CD484A8394085238A8.d.C044E40A3A298FAFC54B8D15EB65509D.e.1403/click - {}
RESULT: {}
COMMAND: GET /session/ce809cdcea08f48edcd260db6707fd08/screenshot - {}
RESULT: {}
COMMAND: POST /session/ce809cdcea08f48edcd260db6707fd08/element - {"using":"xpath","value":"//span[@id=\"application-addressmanagement-display-component---detailAdm--addressTitle\"]"}
RESULT: {"using":"xpath","value":"//span[@id=\"application-addressmanagement-display-component---detailAdm--addressTitle\"]"}
COMMAND: POST /session/ce809cdcea08f48edcd260db6707fd08/elements - {"using":"xpath","value":"//span[@id=\"application-addressmanagement-display-component---detailAdm--addressTitle\"]"}
RESULT: {"using":"xpath","value":"//span[@id=\"application-addressmanagement-display-component---detailAdm--addressTitle\"]"}
COMMAND: POST /session/ce809cdcea08f48edcd260db6707fd08/execute/sync - {"script":"<script> [56 bytes]","args":[{"element-6066-11e4-a52e-4f735466cecf":"f.52F91674B02438CD484A8394085238A8.d.C044E40A3A298FAFC54B8D15EB65509D.e.1422","ELEMENT":"f.52F91674B02438CD484A8394085238A8.d.C044E40A3A298FAFC54B8D15EB65509D.e.1422"}]}
RESULT: {"script":"<script> [56 bytes]","args":[{"element-6066-11e4-a52e-4f735466cecf":"f.52F91674B02438CD484A8394085238A8.d.C044E40A3A298FAFC54B8D15EB65509D.e.1422","ELEMENT":"f.52F91674B02438CD484A8394085238A8.d.C044E40A3A298FAFC54B8D15EB65509D.e.1422"}]}
COMMAND: POST /session/ce809cdcea08f48edcd260db6707fd08/element - {"using":"xpath","value":"//span[@id=\"application-addressmanagement-display-component---detailAdm--addressDetailDetailsName2\"]"}
COMMAND: GET /session/ce809cdcea08f48edcd260db6707fd08/screenshot - {}
RESULT: {"using":"xpath","value":"//span[@id=\"application-addressmanagement-display-component---detailAdm--addressDetailDetailsName2\"]"}
COMMAND: POST /session/ce809cdcea08f48edcd260db6707fd08/elements - {"using":"xpath","value":"//span[@id=\"application-addressmanagement-display-component---detailAdm--addressDetailDetailsName2\"]"}
RESULT: {}
RESULT: {"using":"xpath","value":"//span[@id=\"application-addressmanagement-display-component---detailAdm--addressDetailDetailsName2\"]"}
COMMAND: POST /session/ce809cdcea08f48edcd260db6707fd08/execute/sync - {"script":"<script> [56 bytes]","args":[{"element-6066-11e4-a52e-4f735466cecf":"f.52F91674B02438CD484A8394085238A8.d.C044E40A3A298FAFC54B8D15EB65509D.e.1423","ELEMENT":"f.52F91674B02438CD484A8394085238A8.d.C044E40A3A298FAFC54B8D15EB65509D.e.1423"}]}
RESULT: {"script":"<script> [56 bytes]","args":[{"element-6066-11e4-a52e-4f735466cecf":"f.52F91674B02438CD484A8394085238A8.d.C044E40A3A298FAFC54B8D15EB65509D.e.1423","ELEMENT":"f.52F91674B02438CD484A8394085238A8.d.C044E40A3A298FAFC54B8D15EB65509D.e.1423"}]}
COMMAND: POST /session/ce809cdcea08f48edcd260db6707fd08/element - {"using":"xpath","value":"//span[@id=\"application-addressmanagement-display-component---detailAdm--addressDetailDetailsLanguage\"]"}
COMMAND: GET /session/ce809cdcea08f48edcd260db6707fd08/screenshot - {}
RESULT: {"using":"xpath","value":"//span[@id=\"application-addressmanagement-display-component---detailAdm--addressDetailDetailsLanguage\"]"}
COMMAND: POST /session/ce809cdcea08f48edcd260db6707fd08/elements - {"using":"xpath","value":"//span[@id=\"application-addressmanagement-display-component---detailAdm--addressDetailDetailsLanguage\"]"}
RESULT: {}
RESULT: {"using":"xpath","value":"//span[@id=\"application-addressmanagement-display-component---detailAdm--addressDetailDetailsLanguage\"]"}
COMMAND: POST /session/ce809cdcea08f48edcd260db6707fd08/execute/sync - {"script":"<script> [56 bytes]","args":[{"element-6066-11e4-a52e-4f735466cecf":"f.52F91674B02438CD484A8394085238A8.d.C044E40A3A298FAFC54B8D15EB65509D.e.1424","ELEMENT":"f.52F91674B02438CD484A8394085238A8.d.C044E40A3A298FAFC54B8D15EB65509D.e.1424"}]}
RESULT: {"script":"<script> [56 bytes]","args":[{"element-6066-11e4-a52e-4f735466cecf":"f.52F91674B02438CD484A8394085238A8.d.C044E40A3A298FAFC54B8D15EB65509D.e.1424","ELEMENT":"f.52F91674B02438CD484A8394085238A8.d.C044E40A3A298FAFC54B8D15EB65509D.e.1424"}]}
COMMAND: POST /session/ce809cdcea08f48edcd260db6707fd08/element - {"using":"xpath","value":"//span[@id=\"application-addressmanagement-display-component---detailAdm--addressDetailDetailsZip1\"]"}
COMMAND: GET /session/ce809cdcea08f48edcd260db6707fd08/screenshot - {}
RESULT: {"using":"xpath","value":"//span[@id=\"application-addressmanagement-display-component---detailAdm--addressDetailDetailsZip1\"]"}
COMMAND: POST /session/ce809cdcea08f48edcd260db6707fd08/elements - {"using":"xpath","value":"//span[@id=\"application-addressmanagement-display-component---detailAdm--addressDetailDetailsZip1\"]"}
RESULT: {}
RESULT: {"using":"xpath","value":"//span[@id=\"application-addressmanagement-display-component---detailAdm--addressDetailDetailsZip1\"]"}
COMMAND: POST /session/ce809cdcea08f48edcd260db6707fd08/execute/sync - {"script":"<script> [56 bytes]","args":[{"element-6066-11e4-a52e-4f735466cecf":"f.52F91674B02438CD484A8394085238A8.d.C044E40A3A298FAFC54B8D15EB65509D.e.1425","ELEMENT":"f.52F91674B02438CD484A8394085238A8.d.C044E40A3A298FAFC54B8D15EB65509D.e.1425"}]}
RESULT: {"script":"<script> [56 bytes]","args":[{"element-6066-11e4-a52e-4f735466cecf":"f.52F91674B02438CD484A8394085238A8.d.C044E40A3A298FAFC54B8D15EB65509D.e.1425","ELEMENT":"f.52F91674B02438CD484A8394085238A8.d.C044E40A3A298FAFC54B8D15EB65509D.e.1425"}]}
COMMAND: POST /session/ce809cdcea08f48edcd260db6707fd08/element - {"using":"xpath","value":"//span[@id=\"application-addressmanagement-display-component---detailAdm--addressDetailContactsEmail\"]"}
COMMAND: GET /session/ce809cdcea08f48edcd260db6707fd08/screenshot - {}
RESULT: {"using":"xpath","value":"//span[@id=\"application-addressmanagement-display-component---detailAdm--addressDetailContactsEmail\"]"}
COMMAND: POST /session/ce809cdcea08f48edcd260db6707fd08/elements - {"using":"xpath","value":"//span[@id=\"application-addressmanagement-display-component---detailAdm--addressDetailContactsEmail\"]"}
RESULT: {}
RESULT: {"using":"xpath","value":"//span[@id=\"application-addressmanagement-display-component---detailAdm--addressDetailContactsEmail\"]"}
COMMAND: POST /session/ce809cdcea08f48edcd260db6707fd08/execute/sync - {"script":"<script> [56 bytes]","args":[{"element-6066-11e4-a52e-4f735466cecf":"f.52F91674B02438CD484A8394085238A8.d.C044E40A3A298FAFC54B8D15EB65509D.e.1426","ELEMENT":"f.52F91674B02438CD484A8394085238A8.d.C044E40A3A298FAFC54B8D15EB65509D.e.1426"}]}
RESULT: {"script":"<script> [56 bytes]","args":[{"element-6066-11e4-a52e-4f735466cecf":"f.52F91674B02438CD484A8394085238A8.d.C044E40A3A298FAFC54B8D15EB65509D.e.1426","ELEMENT":"f.52F91674B02438CD484A8394085238A8.d.C044E40A3A298FAFC54B8D15EB65509D.e.1426"}]}
COMMAND: POST /session/ce809cdcea08f48edcd260db6707fd08/element - {"using":"xpath","value":"//span[@id=\"application-addressmanagement-display-component---detailAdm--addressUserJobTitle\"]"}
COMMAND: GET /session/ce809cdcea08f48edcd260db6707fd08/screenshot - {}
RESULT: {"using":"xpath","value":"//span[@id=\"application-addressmanagement-display-component---detailAdm--addressUserJobTitle\"]"}
COMMAND: POST /session/ce809cdcea08f48edcd260db6707fd08/elements - {"using":"xpath","value":"//span[@id=\"application-addressmanagement-display-component---detailAdm--addressUserJobTitle\"]"}
RESULT: {}
RESULT: {"using":"xpath","value":"//span[@id=\"application-addressmanagement-display-component---detailAdm--addressUserJobTitle\"]"}
COMMAND: POST /session/ce809cdcea08f48edcd260db6707fd08/execute/sync - {"script":"<script> [56 bytes]","args":[{"element-6066-11e4-a52e-4f735466cecf":"f.52F91674B02438CD484A8394085238A8.d.C044E40A3A298FAFC54B8D15EB65509D.e.1427","ELEMENT":"f.52F91674B02438CD484A8394085238A8.d.C044E40A3A298FAFC54B8D15EB65509D.e.1427"}]}
RESULT: {"script":"<script> [56 bytes]","args":[{"element-6066-11e4-a52e-4f735466cecf":"f.52F91674B02438CD484A8394085238A8.d.C044E40A3A298FAFC54B8D15EB65509D.e.1427","ELEMENT":"f.52F91674B02438CD484A8394085238A8.d.C044E40A3A298FAFC54B8D15EB65509D.e.1427"}]}
COMMAND: POST /session/ce809cdcea08f48edcd260db6707fd08/element - {"using":"xpath","value":"//span[contains(@class, \"sapMTokenText\") and text()=\"testyTag1\"]"}
COMMAND: GET /session/ce809cdcea08f48edcd260db6707fd08/screenshot - {}
RESULT: {"using":"xpath","value":"//span[contains(@class, \"sapMTokenText\") and text()=\"testyTag1\"]"}
COMMAND: POST /session/ce809cdcea08f48edcd260db6707fd08/element - {"using":"xpath","value":"//span[contains(@class, \"sapMTokenText\") and text()=\"taggyTag2\"]"}
RESULT: {}
RESULT: {"using":"xpath","value":"//span[contains(@class, \"sapMTokenText\") and text()=\"taggyTag2\"]"}
COMMAND: POST /session/ce809cdcea08f48edcd260db6707fd08/elements - {"using":"xpath","value":"//span[contains(@class, \"sapMTokenText\") and text()=\"testyTag1\"]"}
RESULT: {"using":"xpath","value":"//span[contains(@class, \"sapMTokenText\") and text()=\"testyTag1\"]"}
COMMAND: POST /session/ce809cdcea08f48edcd260db6707fd08/elements - {"using":"xpath","value":"//span[contains(@class, \"sapMTokenText\") and text()=\"taggyTag2\"]"}
RESULT: {"using":"xpath","value":"//span[contains(@class, \"sapMTokenText\") and text()=\"taggyTag2\"]"}
COMMAND: POST /session/ce809cdcea08f48edcd260db6707fd08/element - {"using":"css selector","value":"#shell-header-logo"}
RESULT: {"using":"css selector","value":"#shell-header-logo"}
COMMAND: POST /session/ce809cdcea08f48edcd260db6707fd08/element/f.52F91674B02438CD484A8394085238A8.d.C044E40A3A298FAFC54B8D15EB65509D.e.1019/click - {}
RESULT: {}
COMMAND: GET /session/ce809cdcea08f48edcd260db6707fd08/screenshot - {}
RESULT: {}
]]></system-out>
    </testcase>
    <testcase classname="chrome.136_0_7103_93.windows.Address_Management_Tests_US156181_US151165_US151160_US156180_US156178_US151157_US151172_US151170_US151166_US151168" name="Step 5 Should verify searches US156180 verify filters US151157" time="93.371">
      <system-out><![CDATA[
RESULT: undefined
COMMAND: POST /session/ce809cdcea08f48edcd260db6707fd08/element - {"using":"xpath","value":"//*[@id=\"__tile33\"]"}
RESULT: {"using":"xpath","value":"//*[@id=\"__tile33\"]"}
COMMAND: POST /session/ce809cdcea08f48edcd260db6707fd08/element/f.52F91674B02438CD484A8394085238A8.d.C044E40A3A298FAFC54B8D15EB65509D.e.220/click - {}
RESULT: {}
COMMAND: GET /session/ce809cdcea08f48edcd260db6707fd08/screenshot - {}
RESULT: {}
COMMAND: POST /session/ce809cdcea08f48edcd260db6707fd08/elements - {"using":"xpath","value":"//span[text()='Error']"}
RESULT: {"using":"xpath","value":"//span[text()='Error']"}
COMMAND: POST /session/ce809cdcea08f48edcd260db6707fd08/element - {"using":"xpath","value":"//button[@data-kt=\"addButton\"]"}
RESULT: {"using":"xpath","value":"//button[@data-kt=\"addButton\"]"}
COMMAND: POST /session/ce809cdcea08f48edcd260db6707fd08/elements - {"using":"xpath","value":"//button[@data-kt=\"addButton\"]"}
RESULT: {"using":"xpath","value":"//button[@data-kt=\"addButton\"]"}
COMMAND: POST /session/ce809cdcea08f48edcd260db6707fd08/execute/sync - {"script":"<script> [8489 bytes]","args":[{"element-6066-11e4-a52e-4f735466cecf":"f.52F91674B02438CD484A8394085238A8.d.C044E40A3A298FAFC54B8D15EB65509D.e.1491","ELEMENT":"f.52F91674B02438CD484A8394085238A8.d.C044E40A3A298FAFC54B8D15EB65509D.e.1491"}]}
RESULT: {"script":"<script> [8489 bytes]","args":[{"element-6066-11e4-a52e-4f735466cecf":"f.52F91674B02438CD484A8394085238A8.d.C044E40A3A298FAFC54B8D15EB65509D.e.1491","ELEMENT":"f.52F91674B02438CD484A8394085238A8.d.C044E40A3A298FAFC54B8D15EB65509D.e.1491"}]}
COMMAND: GET /session/ce809cdcea08f48edcd260db6707fd08/element/f.52F91674B02438CD484A8394085238A8.d.C044E40A3A298FAFC54B8D15EB65509D.e.1491/enabled - {}
COMMAND: GET /session/ce809cdcea08f48edcd260db6707fd08/screenshot - {}
RESULT: {}
COMMAND: POST /session/ce809cdcea08f48edcd260db6707fd08/execute/sync - {"script":"<script> [8489 bytes]","args":[{"element-6066-11e4-a52e-4f735466cecf":"f.52F91674B02438CD484A8394085238A8.d.C044E40A3A298FAFC54B8D15EB65509D.e.1491","ELEMENT":"f.52F91674B02438CD484A8394085238A8.d.C044E40A3A298FAFC54B8D15EB65509D.e.1491"}]}
COMMAND: GET /session/ce809cdcea08f48edcd260db6707fd08/screenshot - {}
RESULT: {}
RESULT: {"script":"<script> [8489 bytes]","args":[{"element-6066-11e4-a52e-4f735466cecf":"f.52F91674B02438CD484A8394085238A8.d.C044E40A3A298FAFC54B8D15EB65509D.e.1491","ELEMENT":"f.52F91674B02438CD484A8394085238A8.d.C044E40A3A298FAFC54B8D15EB65509D.e.1491"}]}
COMMAND: POST /session/ce809cdcea08f48edcd260db6707fd08/execute/sync - {"script":"<script> [5351 bytes]","args":[{"element-6066-11e4-a52e-4f735466cecf":"f.52F91674B02438CD484A8394085238A8.d.C044E40A3A298FAFC54B8D15EB65509D.e.1491","ELEMENT":"f.52F91674B02438CD484A8394085238A8.d.C044E40A3A298FAFC54B8D15EB65509D.e.1491"}]}
COMMAND: GET /session/ce809cdcea08f48edcd260db6707fd08/screenshot - {}
RESULT: {}
RESULT: {"script":"<script> [5351 bytes]","args":[{"element-6066-11e4-a52e-4f735466cecf":"f.52F91674B02438CD484A8394085238A8.d.C044E40A3A298FAFC54B8D15EB65509D.e.1491","ELEMENT":"f.52F91674B02438CD484A8394085238A8.d.C044E40A3A298FAFC54B8D15EB65509D.e.1491"}]}
COMMAND: GET /session/ce809cdcea08f48edcd260db6707fd08/screenshot - {}
RESULT: {}
RESULT: {}
COMMAND: POST /session/ce809cdcea08f48edcd260db6707fd08/element - {"using":"xpath","value":"//span[@id=\"application-addressmanagement-display-component---masterAdm--smartTable-header-inner\"]"}
RESULT: {"using":"xpath","value":"//span[@id=\"application-addressmanagement-display-component---masterAdm--smartTable-header-inner\"]"}
COMMAND: POST /session/ce809cdcea08f48edcd260db6707fd08/elements - {"using":"xpath","value":"//span[@id=\"application-addressmanagement-display-component---masterAdm--smartTable-header-inner\"]"}
RESULT: {"using":"xpath","value":"//span[@id=\"application-addressmanagement-display-component---masterAdm--smartTable-header-inner\"]"}
COMMAND: POST /session/ce809cdcea08f48edcd260db6707fd08/execute/sync - {"script":"<script> [56 bytes]","args":[{"element-6066-11e4-a52e-4f735466cecf":"f.52F91674B02438CD484A8394085238A8.d.C044E40A3A298FAFC54B8D15EB65509D.e.1621","ELEMENT":"f.52F91674B02438CD484A8394085238A8.d.C044E40A3A298FAFC54B8D15EB65509D.e.1621"}]}
RESULT: {"script":"<script> [56 bytes]","args":[{"element-6066-11e4-a52e-4f735466cecf":"f.52F91674B02438CD484A8394085238A8.d.C044E40A3A298FAFC54B8D15EB65509D.e.1621","ELEMENT":"f.52F91674B02438CD484A8394085238A8.d.C044E40A3A298FAFC54B8D15EB65509D.e.1621"}]}
COMMAND: POST /session/ce809cdcea08f48edcd260db6707fd08/execute/async - {"script":"<script> [1562 bytes]","args":[{"selector":{"id":"application-addressmanagement-display-component---masterAdm--smartFilterBar-filterItemControl_BASIC-COUNTRY-vhi"},"wdio_ui5_key":"applicationaddressmanagement-display-component---masterAdm--smartFilterBar-filterItemControl_BASIC-COUNTRY-vhi"}]}
COMMAND: GET /session/ce809cdcea08f48edcd260db6707fd08/screenshot - {}
RESULT: {"script":"<script> [1562 bytes]","args":[{"selector":{"id":"application-addressmanagement-display-component---masterAdm--smartFilterBar-filterItemControl_BASIC-COUNTRY-vhi"},"wdio_ui5_key":"applicationaddressmanagement-display-component---masterAdm--smartFilterBar-filterItemControl_BASIC-COUNTRY-vhi"}]}
RESULT: undefined
COMMAND: POST /session/ce809cdcea08f48edcd260db6707fd08/element - {"using":"xpath","value":"//*[@id=\"application-addressmanagement-display-component---masterAdm--smartFilterBar-filterItemControl_BASIC-COUNTRY-vhi\"]"}
RESULT: {}
RESULT: {"using":"xpath","value":"//*[@id=\"application-addressmanagement-display-component---masterAdm--smartFilterBar-filterItemControl_BASIC-COUNTRY-vhi\"]"}
COMMAND: POST /session/ce809cdcea08f48edcd260db6707fd08/element/f.52F91674B02438CD484A8394085238A8.d.C044E40A3A298FAFC54B8D15EB65509D.e.1622/click - {}
RESULT: {}
COMMAND: GET /session/ce809cdcea08f48edcd260db6707fd08/screenshot - {}
RESULT: {}
COMMAND: POST /session/ce809cdcea08f48edcd260db6707fd08/execute/async - {"script":"<script> [1562 bytes]","args":[{"selector":{"id":"application-addressmanagement-display-component---masterAdm--smartFilterBar-filterItemControl_BASIC-COUNTRY-valueHelpDialog-smartFilterBar-btnBasicSearch","searchOpenDialogs":true,"interaction":{"idSuffix":"I"}},"wdio_ui5_key":"applicationaddressmanagement-display-component---masterAdm--smartFilterBar-filterItemControl_BASIC-COUNTRY-valueHelpDialog-smartFilterBar-btnBasicSearch"}]}
RESULT: {"script":"<script> [1562 bytes]","args":[{"selector":{"id":"application-addressmanagement-display-component---masterAdm--smartFilterBar-filterItemControl_BASIC-COUNTRY-valueHelpDialog-smartFilterBar-btnBasicSearch","searchOpenDialogs":true,"interaction":{"idSuffix":"I"}},"wdio_ui5_key":"applicationaddressmanagement-display-component---masterAdm--smartFilterBar-filterItemControl_BASIC-COUNTRY-valueHelpDialog-smartFilterBar-btnBasicSearch"}]}
RESULT: undefined
COMMAND: POST /session/ce809cdcea08f48edcd260db6707fd08/execute/async - {"script":"<script> [776 bytes]","args":[{"enterText":"Romania","selector":{"id":"application-addressmanagement-display-component---masterAdm--smartFilterBar-filterItemControl_BASIC-COUNTRY-valueHelpDialog-smartFilterBar-btnBasicSearch","searchOpenDialogs":true,"interaction":{"idSuffix":"I"}},"clearTextFirst":true,"interactionType":"ENTER_TEXT"}]}
RESULT: {"script":"<script> [776 bytes]","args":[{"enterText":"Romania","selector":{"id":"application-addressmanagement-display-component---masterAdm--smartFilterBar-filterItemControl_BASIC-COUNTRY-valueHelpDialog-smartFilterBar-btnBasicSearch","searchOpenDialogs":true,"interaction":{"idSuffix":"I"}},"clearTextFirst":true,"interactionType":"ENTER_TEXT"}]}
COMMAND: POST /session/ce809cdcea08f48edcd260db6707fd08/actions - {"actions":[{"id":"action7","type":"key","parameters":{},"actions":[{"type":"keyDown","value":""},{"type":"pause","duration":10},{"type":"keyUp","value":""}]}]}
RESULT: {"actions":[{"id":"action7","type":"key","parameters":{},"actions":[{"type":"keyDown","value":""},{"type":"pause","duration":10},{"type":"keyUp","value":""}]}]}
COMMAND: POST /session/ce809cdcea08f48edcd260db6707fd08/elements - {"using":"xpath","value":"//table[contains(@id, \"smartFilterBar-filterItemControl_BASIC-COUNTRY-valueHelpDialog-table-table\")]/tbody/tr"}
COMMAND: GET /session/ce809cdcea08f48edcd260db6707fd08/screenshot - {}
RESULT: {"using":"xpath","value":"//table[contains(@id, \"smartFilterBar-filterItemControl_BASIC-COUNTRY-valueHelpDialog-table-table\")]/tbody/tr"}
COMMAND: POST /session/ce809cdcea08f48edcd260db6707fd08/element - {"using":"xpath","value":"//table[contains(@id, \"smartFilterBar-filterItemControl_BASIC-COUNTRY-valueHelpDialog-table-table\")]/tbody/tr[1]/td[1]/div/span"}
RESULT: {}
RESULT: {"using":"xpath","value":"//table[contains(@id, \"smartFilterBar-filterItemControl_BASIC-COUNTRY-valueHelpDialog-table-table\")]/tbody/tr[1]/td[1]/div/span"}
COMMAND: POST /session/ce809cdcea08f48edcd260db6707fd08/elements - {"using":"xpath","value":"//table[contains(@id, \"smartFilterBar-filterItemControl_BASIC-COUNTRY-valueHelpDialog-table-table\")]/tbody/tr[1]/td[1]/div/span"}
RESULT: {"using":"xpath","value":"//table[contains(@id, \"smartFilterBar-filterItemControl_BASIC-COUNTRY-valueHelpDialog-table-table\")]/tbody/tr[1]/td[1]/div/span"}
COMMAND: POST /session/ce809cdcea08f48edcd260db6707fd08/execute/sync - {"script":"<script> [56 bytes]","args":[{"element-6066-11e4-a52e-4f735466cecf":"f.52F91674B02438CD484A8394085238A8.d.C044E40A3A298FAFC54B8D15EB65509D.e.1642","ELEMENT":"f.52F91674B02438CD484A8394085238A8.d.C044E40A3A298FAFC54B8D15EB65509D.e.1642"}]}
RESULT: {"script":"<script> [56 bytes]","args":[{"element-6066-11e4-a52e-4f735466cecf":"f.52F91674B02438CD484A8394085238A8.d.C044E40A3A298FAFC54B8D15EB65509D.e.1642","ELEMENT":"f.52F91674B02438CD484A8394085238A8.d.C044E40A3A298FAFC54B8D15EB65509D.e.1642"}]}
COMMAND: POST /session/ce809cdcea08f48edcd260db6707fd08/element - {"using":"xpath","value":"//div[contains(@id, \"filterItemControl_BASIC-COUNTRY-valueHelpDialog-table-rowsel0\")]"}
COMMAND: GET /session/ce809cdcea08f48edcd260db6707fd08/screenshot - {}
RESULT: {"using":"xpath","value":"//div[contains(@id, \"filterItemControl_BASIC-COUNTRY-valueHelpDialog-table-rowsel0\")]"}
COMMAND: POST /session/ce809cdcea08f48edcd260db6707fd08/element/f.52F91674B02438CD484A8394085238A8.d.C044E40A3A298FAFC54B8D15EB65509D.e.1643/click - {}
RESULT: {}
RESULT: {}
COMMAND: GET /session/ce809cdcea08f48edcd260db6707fd08/screenshot - {}
RESULT: {}
COMMAND: POST /session/ce809cdcea08f48edcd260db6707fd08/element - {"using":"xpath","value":"(//bdi[contains(text(), \"OK\")])[1]"}
RESULT: {"using":"xpath","value":"(//bdi[contains(text(), \"OK\")])[1]"}
COMMAND: POST /session/ce809cdcea08f48edcd260db6707fd08/element/f.52F91674B02438CD484A8394085238A8.d.C044E40A3A298FAFC54B8D15EB65509D.e.1645/click - {}
RESULT: {}
COMMAND: GET /session/ce809cdcea08f48edcd260db6707fd08/screenshot - {}
RESULT: {}
COMMAND: POST /session/ce809cdcea08f48edcd260db6707fd08/element - {"using":"xpath","value":"//span[@id=\"application-addressmanagement-display-component---masterAdm--smartTable-header-inner\"]"}
RESULT: {"using":"xpath","value":"//span[@id=\"application-addressmanagement-display-component---masterAdm--smartTable-header-inner\"]"}
COMMAND: POST /session/ce809cdcea08f48edcd260db6707fd08/elements - {"using":"xpath","value":"//span[@id=\"application-addressmanagement-display-component---masterAdm--smartTable-header-inner\"]"}
RESULT: {"using":"xpath","value":"//span[@id=\"application-addressmanagement-display-component---masterAdm--smartTable-header-inner\"]"}
COMMAND: POST /session/ce809cdcea08f48edcd260db6707fd08/execute/sync - {"script":"<script> [56 bytes]","args":[{"element-6066-11e4-a52e-4f735466cecf":"f.52F91674B02438CD484A8394085238A8.d.C044E40A3A298FAFC54B8D15EB65509D.e.1621","ELEMENT":"f.52F91674B02438CD484A8394085238A8.d.C044E40A3A298FAFC54B8D15EB65509D.e.1621"}]}
RESULT: {"script":"<script> [56 bytes]","args":[{"element-6066-11e4-a52e-4f735466cecf":"f.52F91674B02438CD484A8394085238A8.d.C044E40A3A298FAFC54B8D15EB65509D.e.1621","ELEMENT":"f.52F91674B02438CD484A8394085238A8.d.C044E40A3A298FAFC54B8D15EB65509D.e.1621"}]}
COMMAND: POST /session/ce809cdcea08f48edcd260db6707fd08/element - {"using":"xpath","value":"//span[contains(@title, \"Remove\")]"}
COMMAND: GET /session/ce809cdcea08f48edcd260db6707fd08/screenshot - {}
RESULT: {"using":"xpath","value":"//span[contains(@title, \"Remove\")]"}
COMMAND: POST /session/ce809cdcea08f48edcd260db6707fd08/element/f.52F91674B02438CD484A8394085238A8.d.C044E40A3A298FAFC54B8D15EB65509D.e.1771/click - {}
RESULT: {}
RESULT: {}
COMMAND: GET /session/ce809cdcea08f48edcd260db6707fd08/screenshot - {}
RESULT: {}
COMMAND: POST /session/ce809cdcea08f48edcd260db6707fd08/element - {"using":"xpath","value":"//span[@id=\"application-addressmanagement-display-component---masterAdm--smartTable-header-inner\"]"}
RESULT: {"using":"xpath","value":"//span[@id=\"application-addressmanagement-display-component---masterAdm--smartTable-header-inner\"]"}
COMMAND: POST /session/ce809cdcea08f48edcd260db6707fd08/elements - {"using":"xpath","value":"//span[@id=\"application-addressmanagement-display-component---masterAdm--smartTable-header-inner\"]"}
RESULT: {"using":"xpath","value":"//span[@id=\"application-addressmanagement-display-component---masterAdm--smartTable-header-inner\"]"}
COMMAND: POST /session/ce809cdcea08f48edcd260db6707fd08/execute/sync - {"script":"<script> [56 bytes]","args":[{"element-6066-11e4-a52e-4f735466cecf":"f.52F91674B02438CD484A8394085238A8.d.C044E40A3A298FAFC54B8D15EB65509D.e.1621","ELEMENT":"f.52F91674B02438CD484A8394085238A8.d.C044E40A3A298FAFC54B8D15EB65509D.e.1621"}]}
RESULT: {"script":"<script> [56 bytes]","args":[{"element-6066-11e4-a52e-4f735466cecf":"f.52F91674B02438CD484A8394085238A8.d.C044E40A3A298FAFC54B8D15EB65509D.e.1621","ELEMENT":"f.52F91674B02438CD484A8394085238A8.d.C044E40A3A298FAFC54B8D15EB65509D.e.1621"}]}
RESULT: undefined
COMMAND: POST /session/ce809cdcea08f48edcd260db6707fd08/element - {"using":"xpath","value":"//*[@id=\"application-addressmanagement-display-component---masterAdm--smartFilterBar-filterItemControl_BASIC-COUNTRY-vhi\"]"}
COMMAND: GET /session/ce809cdcea08f48edcd260db6707fd08/screenshot - {}
RESULT: {"using":"xpath","value":"//*[@id=\"application-addressmanagement-display-component---masterAdm--smartFilterBar-filterItemControl_BASIC-COUNTRY-vhi\"]"}
COMMAND: POST /session/ce809cdcea08f48edcd260db6707fd08/element/f.52F91674B02438CD484A8394085238A8.d.C044E40A3A298FAFC54B8D15EB65509D.e.1622/click - {}
RESULT: {}
RESULT: {}
COMMAND: GET /session/ce809cdcea08f48edcd260db6707fd08/screenshot - {}
RESULT: {}
RESULT: undefined
COMMAND: POST /session/ce809cdcea08f48edcd260db6707fd08/execute/async - {"script":"<script> [776 bytes]","args":[{"enterText":"Romania","selector":{"id":"application-addressmanagement-display-component---masterAdm--smartFilterBar-filterItemControl_BASIC-COUNTRY-valueHelpDialog-smartFilterBar-btnBasicSearch","searchOpenDialogs":true,"interaction":{"idSuffix":"I"}},"clearTextFirst":true,"interactionType":"ENTER_TEXT"}]}
RESULT: {"script":"<script> [776 bytes]","args":[{"enterText":"Romania","selector":{"id":"application-addressmanagement-display-component---masterAdm--smartFilterBar-filterItemControl_BASIC-COUNTRY-valueHelpDialog-smartFilterBar-btnBasicSearch","searchOpenDialogs":true,"interaction":{"idSuffix":"I"}},"clearTextFirst":true,"interactionType":"ENTER_TEXT"}]}
COMMAND: POST /session/ce809cdcea08f48edcd260db6707fd08/actions - {"actions":[{"id":"action8","type":"key","parameters":{},"actions":[{"type":"keyDown","value":""},{"type":"pause","duration":10},{"type":"keyUp","value":""}]}]}
RESULT: {"actions":[{"id":"action8","type":"key","parameters":{},"actions":[{"type":"keyDown","value":""},{"type":"pause","duration":10},{"type":"keyUp","value":""}]}]}
COMMAND: GET /session/ce809cdcea08f48edcd260db6707fd08/screenshot - {}
RESULT: {}
COMMAND: POST /session/ce809cdcea08f48edcd260db6707fd08/elements - {"using":"xpath","value":"//table[contains(@id, \"smartFilterBar-filterItemControl_BASIC-COUNTRY-valueHelpDialog-table-table\")]/tbody/tr"}
RESULT: {"using":"xpath","value":"//table[contains(@id, \"smartFilterBar-filterItemControl_BASIC-COUNTRY-valueHelpDialog-table-table\")]/tbody/tr"}
COMMAND: POST /session/ce809cdcea08f48edcd260db6707fd08/element - {"using":"xpath","value":"//table[contains(@id, \"smartFilterBar-filterItemControl_BASIC-COUNTRY-valueHelpDialog-table-table\")]/tbody/tr[1]/td[1]/div/span"}
RESULT: {"using":"xpath","value":"//table[contains(@id, \"smartFilterBar-filterItemControl_BASIC-COUNTRY-valueHelpDialog-table-table\")]/tbody/tr[1]/td[1]/div/span"}
COMMAND: POST /session/ce809cdcea08f48edcd260db6707fd08/elements - {"using":"xpath","value":"//table[contains(@id, \"smartFilterBar-filterItemControl_BASIC-COUNTRY-valueHelpDialog-table-table\")]/tbody/tr[1]/td[1]/div/span"}
RESULT: {"using":"xpath","value":"//table[contains(@id, \"smartFilterBar-filterItemControl_BASIC-COUNTRY-valueHelpDialog-table-table\")]/tbody/tr[1]/td[1]/div/span"}
COMMAND: POST /session/ce809cdcea08f48edcd260db6707fd08/execute/sync - {"script":"<script> [56 bytes]","args":[{"element-6066-11e4-a52e-4f735466cecf":"f.52F91674B02438CD484A8394085238A8.d.C044E40A3A298FAFC54B8D15EB65509D.e.1853","ELEMENT":"f.52F91674B02438CD484A8394085238A8.d.C044E40A3A298FAFC54B8D15EB65509D.e.1853"}]}
RESULT: {"script":"<script> [56 bytes]","args":[{"element-6066-11e4-a52e-4f735466cecf":"f.52F91674B02438CD484A8394085238A8.d.C044E40A3A298FAFC54B8D15EB65509D.e.1853","ELEMENT":"f.52F91674B02438CD484A8394085238A8.d.C044E40A3A298FAFC54B8D15EB65509D.e.1853"}]}
COMMAND: POST /session/ce809cdcea08f48edcd260db6707fd08/element - {"using":"xpath","value":"//div[contains(@id, \"filterItemControl_BASIC-COUNTRY-valueHelpDialog-table-rowsel0\")]"}
COMMAND: GET /session/ce809cdcea08f48edcd260db6707fd08/screenshot - {}
RESULT: {"using":"xpath","value":"//div[contains(@id, \"filterItemControl_BASIC-COUNTRY-valueHelpDialog-table-rowsel0\")]"}
COMMAND: POST /session/ce809cdcea08f48edcd260db6707fd08/element/f.52F91674B02438CD484A8394085238A8.d.C044E40A3A298FAFC54B8D15EB65509D.e.1854/click - {}
RESULT: {}
RESULT: {}
COMMAND: GET /session/ce809cdcea08f48edcd260db6707fd08/screenshot - {}
RESULT: {}
RESULT: undefined
COMMAND: POST /session/ce809cdcea08f48edcd260db6707fd08/element - {"using":"xpath","value":"//*[@id=\"application-addressmanagement-display-component---masterAdm--smartFilterBar-filterItemControl_BASIC-COUNTRY-vhi\"]"}
RESULT: {"using":"xpath","value":"//*[@id=\"application-addressmanagement-display-component---masterAdm--smartFilterBar-filterItemControl_BASIC-COUNTRY-vhi\"]"}
COMMAND: POST /session/ce809cdcea08f48edcd260db6707fd08/element/f.52F91674B02438CD484A8394085238A8.d.C044E40A3A298FAFC54B8D15EB65509D.e.1622/click - {}
RESULT: undefined
COMMAND: POST /session/ce809cdcea08f48edcd260db6707fd08/execute/async - {"script":"<script> [776 bytes]","args":[{"enterText":"Argentina","selector":{"id":"application-addressmanagement-display-component---masterAdm--smartFilterBar-filterItemControl_BASIC-COUNTRY-valueHelpDialog-smartFilterBar-btnBasicSearch","searchOpenDialogs":true,"interaction":{"idSuffix":"I"}},"clearTextFirst":true,"interactionType":"ENTER_TEXT"}]}
RESULT: {"script":"<script> [776 bytes]","args":[{"enterText":"Argentina","selector":{"id":"application-addressmanagement-display-component---masterAdm--smartFilterBar-filterItemControl_BASIC-COUNTRY-valueHelpDialog-smartFilterBar-btnBasicSearch","searchOpenDialogs":true,"interaction":{"idSuffix":"I"}},"clearTextFirst":true,"interactionType":"ENTER_TEXT"}]}
COMMAND: POST /session/ce809cdcea08f48edcd260db6707fd08/actions - {"actions":[{"id":"action9","type":"key","parameters":{},"actions":[{"type":"keyDown","value":""},{"type":"pause","duration":10},{"type":"keyUp","value":""}]}]}
RESULT: {"actions":[{"id":"action9","type":"key","parameters":{},"actions":[{"type":"keyDown","value":""},{"type":"pause","duration":10},{"type":"keyUp","value":""}]}]}
COMMAND: GET /session/ce809cdcea08f48edcd260db6707fd08/screenshot - {}
RESULT: {}
COMMAND: POST /session/ce809cdcea08f48edcd260db6707fd08/elements - {"using":"xpath","value":"//table[contains(@id, \"smartFilterBar-filterItemControl_BASIC-COUNTRY-valueHelpDialog-table-table\")]/tbody/tr"}
RESULT: {"using":"xpath","value":"//table[contains(@id, \"smartFilterBar-filterItemControl_BASIC-COUNTRY-valueHelpDialog-table-table\")]/tbody/tr"}
COMMAND: POST /session/ce809cdcea08f48edcd260db6707fd08/element - {"using":"xpath","value":"//table[contains(@id, \"smartFilterBar-filterItemControl_BASIC-COUNTRY-valueHelpDialog-table-table\")]/tbody/tr[1]/td[1]/div/span"}
RESULT: {"using":"xpath","value":"//table[contains(@id, \"smartFilterBar-filterItemControl_BASIC-COUNTRY-valueHelpDialog-table-table\")]/tbody/tr[1]/td[1]/div/span"}
COMMAND: POST /session/ce809cdcea08f48edcd260db6707fd08/elements - {"using":"xpath","value":"//table[contains(@id, \"smartFilterBar-filterItemControl_BASIC-COUNTRY-valueHelpDialog-table-table\")]/tbody/tr[1]/td[1]/div/span"}
RESULT: {"using":"xpath","value":"//table[contains(@id, \"smartFilterBar-filterItemControl_BASIC-COUNTRY-valueHelpDialog-table-table\")]/tbody/tr[1]/td[1]/div/span"}
COMMAND: POST /session/ce809cdcea08f48edcd260db6707fd08/execute/sync - {"script":"<script> [56 bytes]","args":[{"element-6066-11e4-a52e-4f735466cecf":"f.52F91674B02438CD484A8394085238A8.d.C044E40A3A298FAFC54B8D15EB65509D.e.1853","ELEMENT":"f.52F91674B02438CD484A8394085238A8.d.C044E40A3A298FAFC54B8D15EB65509D.e.1853"}]}
RESULT: {"script":"<script> [56 bytes]","args":[{"element-6066-11e4-a52e-4f735466cecf":"f.52F91674B02438CD484A8394085238A8.d.C044E40A3A298FAFC54B8D15EB65509D.e.1853","ELEMENT":"f.52F91674B02438CD484A8394085238A8.d.C044E40A3A298FAFC54B8D15EB65509D.e.1853"}]}
COMMAND: POST /session/ce809cdcea08f48edcd260db6707fd08/element - {"using":"xpath","value":"//div[contains(@id, \"filterItemControl_BASIC-COUNTRY-valueHelpDialog-table-rowsel0\")]"}
COMMAND: GET /session/ce809cdcea08f48edcd260db6707fd08/screenshot - {}
RESULT: {"using":"xpath","value":"//div[contains(@id, \"filterItemControl_BASIC-COUNTRY-valueHelpDialog-table-rowsel0\")]"}
COMMAND: POST /session/ce809cdcea08f48edcd260db6707fd08/element/f.52F91674B02438CD484A8394085238A8.d.C044E40A3A298FAFC54B8D15EB65509D.e.1854/click - {}
RESULT: {}
RESULT: {}
COMMAND: GET /session/ce809cdcea08f48edcd260db6707fd08/screenshot - {}
RESULT: {}
COMMAND: POST /session/ce809cdcea08f48edcd260db6707fd08/element - {"using":"xpath","value":"(//bdi[contains(text(), \"OK\")])[1]"}
RESULT: {"using":"xpath","value":"(//bdi[contains(text(), \"OK\")])[1]"}
COMMAND: POST /session/ce809cdcea08f48edcd260db6707fd08/element/f.52F91674B02438CD484A8394085238A8.d.C044E40A3A298FAFC54B8D15EB65509D.e.1856/click - {}
RESULT: {}
COMMAND: GET /session/ce809cdcea08f48edcd260db6707fd08/screenshot - {}
RESULT: {}
COMMAND: POST /session/ce809cdcea08f48edcd260db6707fd08/element - {"using":"xpath","value":"//span[@id=\"application-addressmanagement-display-component---masterAdm--smartTable-header-inner\"]"}
RESULT: {"using":"xpath","value":"//span[@id=\"application-addressmanagement-display-component---masterAdm--smartTable-header-inner\"]"}
COMMAND: POST /session/ce809cdcea08f48edcd260db6707fd08/elements - {"using":"xpath","value":"//span[@id=\"application-addressmanagement-display-component---masterAdm--smartTable-header-inner\"]"}
RESULT: {"using":"xpath","value":"//span[@id=\"application-addressmanagement-display-component---masterAdm--smartTable-header-inner\"]"}
COMMAND: POST /session/ce809cdcea08f48edcd260db6707fd08/execute/sync - {"script":"<script> [56 bytes]","args":[{"element-6066-11e4-a52e-4f735466cecf":"f.52F91674B02438CD484A8394085238A8.d.C044E40A3A298FAFC54B8D15EB65509D.e.1621","ELEMENT":"f.52F91674B02438CD484A8394085238A8.d.C044E40A3A298FAFC54B8D15EB65509D.e.1621"}]}
RESULT: {"script":"<script> [56 bytes]","args":[{"element-6066-11e4-a52e-4f735466cecf":"f.52F91674B02438CD484A8394085238A8.d.C044E40A3A298FAFC54B8D15EB65509D.e.1621","ELEMENT":"f.52F91674B02438CD484A8394085238A8.d.C044E40A3A298FAFC54B8D15EB65509D.e.1621"}]}
COMMAND: POST /session/ce809cdcea08f48edcd260db6707fd08/execute/async - {"script":"<script> [1562 bytes]","args":[{"selector":{"id":"application-addressmanagement-display-component---masterAdm--smartFilterBar-filterItemControl_BASIC-NAME-vhi"},"wdio_ui5_key":"applicationaddressmanagement-display-component---masterAdm--smartFilterBar-filterItemControl_BASIC-NAME-vhi"}]}
COMMAND: GET /session/ce809cdcea08f48edcd260db6707fd08/screenshot - {}
RESULT: {"script":"<script> [1562 bytes]","args":[{"selector":{"id":"application-addressmanagement-display-component---masterAdm--smartFilterBar-filterItemControl_BASIC-NAME-vhi"},"wdio_ui5_key":"applicationaddressmanagement-display-component---masterAdm--smartFilterBar-filterItemControl_BASIC-NAME-vhi"}]}
RESULT: undefined
COMMAND: POST /session/ce809cdcea08f48edcd260db6707fd08/element - {"using":"xpath","value":"//*[@id=\"application-addressmanagement-display-component---masterAdm--smartFilterBar-filterItemControl_BASIC-NAME-vhi\"]"}
RESULT: {}
RESULT: {"using":"xpath","value":"//*[@id=\"application-addressmanagement-display-component---masterAdm--smartFilterBar-filterItemControl_BASIC-NAME-vhi\"]"}
COMMAND: POST /session/ce809cdcea08f48edcd260db6707fd08/element/f.52F91674B02438CD484A8394085238A8.d.C044E40A3A298FAFC54B8D15EB65509D.e.1886/click - {}
RESULT: {}
COMMAND: GET /session/ce809cdcea08f48edcd260db6707fd08/screenshot - {}
RESULT: {}
COMMAND: POST /session/ce809cdcea08f48edcd260db6707fd08/execute/async - {"script":"<script> [1562 bytes]","args":[{"selector":{"controlType":"sap.m.Input","viewName":"etm.portal.ui.addressmanagement.view.Master","viewId":"application-addressmanagement-display-component---masterAdm","properties":{"valueState":"None"},"searchOpenDialogs":true,"interaction":{"idSuffix":"inner"}},"wdio_ui5_key":"etmportal.ui.addressmanagement.view.Mastersap.m.Input{\"valueState\":\"None\"}"}]}
RESULT: {"script":"<script> [1562 bytes]","args":[{"selector":{"controlType":"sap.m.Input","viewName":"etm.portal.ui.addressmanagement.view.Master","viewId":"application-addressmanagement-display-component---masterAdm","properties":{"valueState":"None"},"searchOpenDialogs":true,"interaction":{"idSuffix":"inner"}},"wdio_ui5_key":"etmportal.ui.addressmanagement.view.Mastersap.m.Input{\"valueState\":\"None\"}"}]}
RESULT: undefined
COMMAND: POST /session/ce809cdcea08f48edcd260db6707fd08/execute/async - {"script":"<script> [776 bytes]","args":[{"enterText":"Test","selector":{"controlType":"sap.m.Input","viewName":"etm.portal.ui.addressmanagement.view.Master","viewId":"application-addressmanagement-display-component---masterAdm","properties":{"valueState":"None"},"searchOpenDialogs":true,"interaction":{"idSuffix":"inner"}},"clearTextFirst":true,"interactionType":"ENTER_TEXT"}]}
RESULT: {"script":"<script> [776 bytes]","args":[{"enterText":"Test","selector":{"controlType":"sap.m.Input","viewName":"etm.portal.ui.addressmanagement.view.Master","viewId":"application-addressmanagement-display-component---masterAdm","properties":{"valueState":"None"},"searchOpenDialogs":true,"interaction":{"idSuffix":"inner"}},"clearTextFirst":true,"interactionType":"ENTER_TEXT"}]}
COMMAND: POST /session/ce809cdcea08f48edcd260db6707fd08/actions - {"actions":[{"id":"action10","type":"key","parameters":{},"actions":[{"type":"keyDown","value":""},{"type":"pause","duration":10},{"type":"keyUp","value":""}]}]}
RESULT: {"actions":[{"id":"action10","type":"key","parameters":{},"actions":[{"type":"keyDown","value":""},{"type":"pause","duration":10},{"type":"keyUp","value":""}]}]}
COMMAND: GET /session/ce809cdcea08f48edcd260db6707fd08/screenshot - {}
RESULT: {}
COMMAND: POST /session/ce809cdcea08f48edcd260db6707fd08/element - {"using":"xpath","value":"(//bdi[contains(text(), \"OK\")])[1]"}
RESULT: {"using":"xpath","value":"(//bdi[contains(text(), \"OK\")])[1]"}
COMMAND: POST /session/ce809cdcea08f48edcd260db6707fd08/element/f.52F91674B02438CD484A8394085238A8.d.C044E40A3A298FAFC54B8D15EB65509D.e.1892/click - {}
RESULT: {}
COMMAND: GET /session/ce809cdcea08f48edcd260db6707fd08/screenshot - {}
RESULT: {}
COMMAND: POST /session/ce809cdcea08f48edcd260db6707fd08/element - {"using":"xpath","value":"//span[@id=\"application-addressmanagement-display-component---masterAdm--smartTable-header-inner\"]"}
RESULT: {"using":"xpath","value":"//span[@id=\"application-addressmanagement-display-component---masterAdm--smartTable-header-inner\"]"}
COMMAND: POST /session/ce809cdcea08f48edcd260db6707fd08/elements - {"using":"xpath","value":"//span[@id=\"application-addressmanagement-display-component---masterAdm--smartTable-header-inner\"]"}
RESULT: {"using":"xpath","value":"//span[@id=\"application-addressmanagement-display-component---masterAdm--smartTable-header-inner\"]"}
COMMAND: POST /session/ce809cdcea08f48edcd260db6707fd08/execute/sync - {"script":"<script> [56 bytes]","args":[{"element-6066-11e4-a52e-4f735466cecf":"f.52F91674B02438CD484A8394085238A8.d.C044E40A3A298FAFC54B8D15EB65509D.e.1621","ELEMENT":"f.52F91674B02438CD484A8394085238A8.d.C044E40A3A298FAFC54B8D15EB65509D.e.1621"}]}
RESULT: {"script":"<script> [56 bytes]","args":[{"element-6066-11e4-a52e-4f735466cecf":"f.52F91674B02438CD484A8394085238A8.d.C044E40A3A298FAFC54B8D15EB65509D.e.1621","ELEMENT":"f.52F91674B02438CD484A8394085238A8.d.C044E40A3A298FAFC54B8D15EB65509D.e.1621"}]}
COMMAND: POST /session/ce809cdcea08f48edcd260db6707fd08/element - {"using":"xpath","value":"//span[contains(@title, \"Remove\")]"}
COMMAND: GET /session/ce809cdcea08f48edcd260db6707fd08/screenshot - {}
RESULT: {"using":"xpath","value":"//span[contains(@title, \"Remove\")]"}
COMMAND: POST /session/ce809cdcea08f48edcd260db6707fd08/element/f.52F91674B02438CD484A8394085238A8.d.C044E40A3A298FAFC54B8D15EB65509D.e.1963/click - {}
RESULT: {}
RESULT: {}
COMMAND: GET /session/ce809cdcea08f48edcd260db6707fd08/screenshot - {}
COMMAND: POST /session/ce809cdcea08f48edcd260db6707fd08/element - {"using":"xpath","value":"//span[contains(@title, \"Remove\")]"}
RESULT: {}
RESULT: {"using":"xpath","value":"//span[contains(@title, \"Remove\")]"}
COMMAND: POST /session/ce809cdcea08f48edcd260db6707fd08/element/f.52F91674B02438CD484A8394085238A8.d.C044E40A3A298FAFC54B8D15EB65509D.e.2039/click - {}
RESULT: {}
COMMAND: GET /session/ce809cdcea08f48edcd260db6707fd08/screenshot - {}
COMMAND: POST /session/ce809cdcea08f48edcd260db6707fd08/element - {"using":"xpath","value":"//span[contains(@title, \"Remove\")]"}
RESULT: {}
RESULT: {"using":"xpath","value":"//span[contains(@title, \"Remove\")]"}
COMMAND: POST /session/ce809cdcea08f48edcd260db6707fd08/element/f.52F91674B02438CD484A8394085238A8.d.C044E40A3A298FAFC54B8D15EB65509D.e.2154/click - {}
RESULT: {}
COMMAND: GET /session/ce809cdcea08f48edcd260db6707fd08/screenshot - {}
RESULT: {}
COMMAND: POST /session/ce809cdcea08f48edcd260db6707fd08/element - {"using":"css selector","value":"#shell-header-logo"}
RESULT: {"using":"css selector","value":"#shell-header-logo"}
COMMAND: POST /session/ce809cdcea08f48edcd260db6707fd08/element/f.52F91674B02438CD484A8394085238A8.d.C044E40A3A298FAFC54B8D15EB65509D.e.1436/click - {}
RESULT: {}
COMMAND: GET /session/ce809cdcea08f48edcd260db6707fd08/screenshot - {}
RESULT: {}
]]></system-out>
    </testcase>
    <testcase classname="chrome.136_0_7103_93.windows.Address_Management_Tests_US156181_US151165_US151160_US156180_US156178_US151157_US151172_US151170_US151166_US151168" name="Step 6 Should assign user ID to an user assign them to site US151172" time="75.006">
      <system-out><![CDATA[
RESULT: undefined
COMMAND: POST /session/ce809cdcea08f48edcd260db6707fd08/element - {"using":"xpath","value":"//*[@id=\"__tile33\"]"}
RESULT: {"using":"xpath","value":"//*[@id=\"__tile33\"]"}
COMMAND: POST /session/ce809cdcea08f48edcd260db6707fd08/element/f.52F91674B02438CD484A8394085238A8.d.C044E40A3A298FAFC54B8D15EB65509D.e.220/click - {}
RESULT: {}
COMMAND: GET /session/ce809cdcea08f48edcd260db6707fd08/screenshot - {}
RESULT: {}
COMMAND: POST /session/ce809cdcea08f48edcd260db6707fd08/elements - {"using":"xpath","value":"//span[text()='Error']"}
RESULT: {"using":"xpath","value":"//span[text()='Error']"}
COMMAND: POST /session/ce809cdcea08f48edcd260db6707fd08/element - {"using":"xpath","value":"//button[@data-kt=\"addButton\"]"}
RESULT: {"using":"xpath","value":"//button[@data-kt=\"addButton\"]"}
COMMAND: POST /session/ce809cdcea08f48edcd260db6707fd08/elements - {"using":"xpath","value":"//button[@data-kt=\"addButton\"]"}
RESULT: {"using":"xpath","value":"//button[@data-kt=\"addButton\"]"}
COMMAND: POST /session/ce809cdcea08f48edcd260db6707fd08/execute/sync - {"script":"<script> [8489 bytes]","args":[{"element-6066-11e4-a52e-4f735466cecf":"f.52F91674B02438CD484A8394085238A8.d.C044E40A3A298FAFC54B8D15EB65509D.e.2289","ELEMENT":"f.52F91674B02438CD484A8394085238A8.d.C044E40A3A298FAFC54B8D15EB65509D.e.2289"}]}
RESULT: {"script":"<script> [8489 bytes]","args":[{"element-6066-11e4-a52e-4f735466cecf":"f.52F91674B02438CD484A8394085238A8.d.C044E40A3A298FAFC54B8D15EB65509D.e.2289","ELEMENT":"f.52F91674B02438CD484A8394085238A8.d.C044E40A3A298FAFC54B8D15EB65509D.e.2289"}]}
COMMAND: GET /session/ce809cdcea08f48edcd260db6707fd08/element/f.52F91674B02438CD484A8394085238A8.d.C044E40A3A298FAFC54B8D15EB65509D.e.2289/enabled - {}
COMMAND: GET /session/ce809cdcea08f48edcd260db6707fd08/screenshot - {}
RESULT: {}
COMMAND: POST /session/ce809cdcea08f48edcd260db6707fd08/execute/sync - {"script":"<script> [8489 bytes]","args":[{"element-6066-11e4-a52e-4f735466cecf":"f.52F91674B02438CD484A8394085238A8.d.C044E40A3A298FAFC54B8D15EB65509D.e.2289","ELEMENT":"f.52F91674B02438CD484A8394085238A8.d.C044E40A3A298FAFC54B8D15EB65509D.e.2289"}]}
COMMAND: GET /session/ce809cdcea08f48edcd260db6707fd08/screenshot - {}
RESULT: {}
RESULT: {"script":"<script> [8489 bytes]","args":[{"element-6066-11e4-a52e-4f735466cecf":"f.52F91674B02438CD484A8394085238A8.d.C044E40A3A298FAFC54B8D15EB65509D.e.2289","ELEMENT":"f.52F91674B02438CD484A8394085238A8.d.C044E40A3A298FAFC54B8D15EB65509D.e.2289"}]}
COMMAND: POST /session/ce809cdcea08f48edcd260db6707fd08/execute/sync - {"script":"<script> [5351 bytes]","args":[{"element-6066-11e4-a52e-4f735466cecf":"f.52F91674B02438CD484A8394085238A8.d.C044E40A3A298FAFC54B8D15EB65509D.e.2289","ELEMENT":"f.52F91674B02438CD484A8394085238A8.d.C044E40A3A298FAFC54B8D15EB65509D.e.2289"}]}
COMMAND: GET /session/ce809cdcea08f48edcd260db6707fd08/screenshot - {}
RESULT: {}
RESULT: {"script":"<script> [5351 bytes]","args":[{"element-6066-11e4-a52e-4f735466cecf":"f.52F91674B02438CD484A8394085238A8.d.C044E40A3A298FAFC54B8D15EB65509D.e.2289","ELEMENT":"f.52F91674B02438CD484A8394085238A8.d.C044E40A3A298FAFC54B8D15EB65509D.e.2289"}]}
COMMAND: GET /session/ce809cdcea08f48edcd260db6707fd08/screenshot - {}
RESULT: {}
RESULT: {}
RESULT: undefined
COMMAND: POST /session/ce809cdcea08f48edcd260db6707fd08/execute/async - {"script":"<script> [776 bytes]","args":[{"enterText":"Test1ETM","selector":{"id":"application-addressmanagement-display-component---masterAdm--smartFilterBar-btnBasicSearch","interaction":{"idSuffix":"I"}},"clearTextFirst":true,"interactionType":"ENTER_TEXT"}]}
RESULT: {"script":"<script> [776 bytes]","args":[{"enterText":"Test1ETM","selector":{"id":"application-addressmanagement-display-component---masterAdm--smartFilterBar-btnBasicSearch","interaction":{"idSuffix":"I"}},"clearTextFirst":true,"interactionType":"ENTER_TEXT"}]}
COMMAND: POST /session/ce809cdcea08f48edcd260db6707fd08/actions - {"actions":[{"id":"action11","type":"key","parameters":{},"actions":[{"type":"keyDown","value":""},{"type":"pause","duration":10},{"type":"keyUp","value":""}]}]}
RESULT: {"actions":[{"id":"action11","type":"key","parameters":{},"actions":[{"type":"keyDown","value":""},{"type":"pause","duration":10},{"type":"keyUp","value":""}]}]}
COMMAND: GET /session/ce809cdcea08f48edcd260db6707fd08/screenshot - {}
RESULT: {}
COMMAND: POST /session/ce809cdcea08f48edcd260db6707fd08/elements - {"using":"xpath","value":"//table[contains(@id, \"customPersonsAddressesTable-listUl\")]/tbody/tr"}
RESULT: {"using":"xpath","value":"//table[contains(@id, \"customPersonsAddressesTable-listUl\")]/tbody/tr"}
COMMAND: POST /session/ce809cdcea08f48edcd260db6707fd08/element - {"using":"xpath","value":"//table[contains(@id, \"customPersonsAddressesTable-listUl\")]/tbody/tr[1]/td[5]/span/span"}
RESULT: {"using":"xpath","value":"//table[contains(@id, \"customPersonsAddressesTable-listUl\")]/tbody/tr[1]/td[5]/span/span"}
COMMAND: POST /session/ce809cdcea08f48edcd260db6707fd08/element - {"using":"xpath","value":"//table[contains(@id, \"customPersonsAddressesTable-listUl\")]/tbody/tr[1]/td[3]/span"}
RESULT: {"using":"xpath","value":"//table[contains(@id, \"customPersonsAddressesTable-listUl\")]/tbody/tr[1]/td[3]/span"}
COMMAND: POST /session/ce809cdcea08f48edcd260db6707fd08/elements - {"using":"xpath","value":"//table[contains(@id, \"customPersonsAddressesTable-listUl\")]/tbody/tr[1]/td[5]/span/span"}
RESULT: {"using":"xpath","value":"//table[contains(@id, \"customPersonsAddressesTable-listUl\")]/tbody/tr[1]/td[5]/span/span"}
COMMAND: POST /session/ce809cdcea08f48edcd260db6707fd08/execute/sync - {"script":"<script> [56 bytes]","args":[{"element-6066-11e4-a52e-4f735466cecf":"f.52F91674B02438CD484A8394085238A8.d.C044E40A3A298FAFC54B8D15EB65509D.e.2426","ELEMENT":"f.52F91674B02438CD484A8394085238A8.d.C044E40A3A298FAFC54B8D15EB65509D.e.2426"}]}
RESULT: {"script":"<script> [56 bytes]","args":[{"element-6066-11e4-a52e-4f735466cecf":"f.52F91674B02438CD484A8394085238A8.d.C044E40A3A298FAFC54B8D15EB65509D.e.2426","ELEMENT":"f.52F91674B02438CD484A8394085238A8.d.C044E40A3A298FAFC54B8D15EB65509D.e.2426"}]}
COMMAND: POST /session/ce809cdcea08f48edcd260db6707fd08/element - {"using":"xpath","value":"//span[@id=\"application-addressmanagement-display-component---masterAdm--smartTable-header-inner\"]"}
COMMAND: GET /session/ce809cdcea08f48edcd260db6707fd08/screenshot - {}
RESULT: {"using":"xpath","value":"//span[@id=\"application-addressmanagement-display-component---masterAdm--smartTable-header-inner\"]"}
COMMAND: POST /session/ce809cdcea08f48edcd260db6707fd08/elements - {"using":"xpath","value":"//span[@id=\"application-addressmanagement-display-component---masterAdm--smartTable-header-inner\"]"}
RESULT: {}
RESULT: {"using":"xpath","value":"//span[@id=\"application-addressmanagement-display-component---masterAdm--smartTable-header-inner\"]"}
COMMAND: POST /session/ce809cdcea08f48edcd260db6707fd08/execute/sync - {"script":"<script> [56 bytes]","args":[{"element-6066-11e4-a52e-4f735466cecf":"f.52F91674B02438CD484A8394085238A8.d.C044E40A3A298FAFC54B8D15EB65509D.e.2428","ELEMENT":"f.52F91674B02438CD484A8394085238A8.d.C044E40A3A298FAFC54B8D15EB65509D.e.2428"}]}
RESULT: {"script":"<script> [56 bytes]","args":[{"element-6066-11e4-a52e-4f735466cecf":"f.52F91674B02438CD484A8394085238A8.d.C044E40A3A298FAFC54B8D15EB65509D.e.2428","ELEMENT":"f.52F91674B02438CD484A8394085238A8.d.C044E40A3A298FAFC54B8D15EB65509D.e.2428"}]}
COMMAND: POST /session/ce809cdcea08f48edcd260db6707fd08/element - {"using":"css selector","value":"#shell-header-logo"}
COMMAND: GET /session/ce809cdcea08f48edcd260db6707fd08/screenshot - {}
RESULT: {"using":"css selector","value":"#shell-header-logo"}
COMMAND: POST /session/ce809cdcea08f48edcd260db6707fd08/element/f.52F91674B02438CD484A8394085238A8.d.C044E40A3A298FAFC54B8D15EB65509D.e.2227/click - {}
RESULT: {}
RESULT: {}
COMMAND: GET /session/ce809cdcea08f48edcd260db6707fd08/screenshot - {}
RESULT: {}
COMMAND: POST /session/ce809cdcea08f48edcd260db6707fd08/execute/async - {"script":"<script> [1562 bytes]","args":[{"selector":{"controlType":"sap.m.GenericTile","properties":{"header":"Manage Sites"}},"wdio_ui5_key":"sapm.GenericTile{\"header\":\"Manage Sites\"}"}]}
RESULT: {"script":"<script> [1562 bytes]","args":[{"selector":{"controlType":"sap.m.GenericTile","properties":{"header":"Manage Sites"}},"wdio_ui5_key":"sapm.GenericTile{\"header\":\"Manage Sites\"}"}]}
RESULT: undefined
COMMAND: POST /session/ce809cdcea08f48edcd260db6707fd08/element - {"using":"xpath","value":"//*[@id=\"__tile40\"]"}
RESULT: {"using":"xpath","value":"//*[@id=\"__tile40\"]"}
COMMAND: POST /session/ce809cdcea08f48edcd260db6707fd08/element/f.52F91674B02438CD484A8394085238A8.d.C044E40A3A298FAFC54B8D15EB65509D.e.159/click - {}
RESULT: {}
COMMAND: GET /session/ce809cdcea08f48edcd260db6707fd08/screenshot - {}
RESULT: {}
COMMAND: POST /session/ce809cdcea08f48edcd260db6707fd08/elements - {"using":"xpath","value":"//span[text()='Error']"}
RESULT: {"using":"xpath","value":"//span[text()='Error']"}
COMMAND: POST /session/ce809cdcea08f48edcd260db6707fd08/element - {"using":"xpath","value":"//button[@data-kt=\"addOverflowToolbarButton\"]"}
RESULT: {"using":"xpath","value":"//button[@data-kt=\"addOverflowToolbarButton\"]"}
COMMAND: POST /session/ce809cdcea08f48edcd260db6707fd08/elements - {"using":"xpath","value":"//button[@data-kt=\"addOverflowToolbarButton\"]"}
RESULT: {"using":"xpath","value":"//button[@data-kt=\"addOverflowToolbarButton\"]"}
COMMAND: POST /session/ce809cdcea08f48edcd260db6707fd08/execute/sync - {"script":"<script> [8489 bytes]","args":[{"element-6066-11e4-a52e-4f735466cecf":"f.52F91674B02438CD484A8394085238A8.d.C044E40A3A298FAFC54B8D15EB65509D.e.2476","ELEMENT":"f.52F91674B02438CD484A8394085238A8.d.C044E40A3A298FAFC54B8D15EB65509D.e.2476"}]}
RESULT: {"script":"<script> [8489 bytes]","args":[{"element-6066-11e4-a52e-4f735466cecf":"f.52F91674B02438CD484A8394085238A8.d.C044E40A3A298FAFC54B8D15EB65509D.e.2476","ELEMENT":"f.52F91674B02438CD484A8394085238A8.d.C044E40A3A298FAFC54B8D15EB65509D.e.2476"}]}
COMMAND: GET /session/ce809cdcea08f48edcd260db6707fd08/element/f.52F91674B02438CD484A8394085238A8.d.C044E40A3A298FAFC54B8D15EB65509D.e.2476/enabled - {}
COMMAND: GET /session/ce809cdcea08f48edcd260db6707fd08/screenshot - {}
RESULT: {}
COMMAND: POST /session/ce809cdcea08f48edcd260db6707fd08/execute/sync - {"script":"<script> [8489 bytes]","args":[{"element-6066-11e4-a52e-4f735466cecf":"f.52F91674B02438CD484A8394085238A8.d.C044E40A3A298FAFC54B8D15EB65509D.e.2476","ELEMENT":"f.52F91674B02438CD484A8394085238A8.d.C044E40A3A298FAFC54B8D15EB65509D.e.2476"}]}
COMMAND: GET /session/ce809cdcea08f48edcd260db6707fd08/screenshot - {}
RESULT: {}
RESULT: {"script":"<script> [8489 bytes]","args":[{"element-6066-11e4-a52e-4f735466cecf":"f.52F91674B02438CD484A8394085238A8.d.C044E40A3A298FAFC54B8D15EB65509D.e.2476","ELEMENT":"f.52F91674B02438CD484A8394085238A8.d.C044E40A3A298FAFC54B8D15EB65509D.e.2476"}]}
COMMAND: POST /session/ce809cdcea08f48edcd260db6707fd08/execute/sync - {"script":"<script> [5351 bytes]","args":[{"element-6066-11e4-a52e-4f735466cecf":"f.52F91674B02438CD484A8394085238A8.d.C044E40A3A298FAFC54B8D15EB65509D.e.2476","ELEMENT":"f.52F91674B02438CD484A8394085238A8.d.C044E40A3A298FAFC54B8D15EB65509D.e.2476"}]}
COMMAND: GET /session/ce809cdcea08f48edcd260db6707fd08/screenshot - {}
RESULT: {}
RESULT: {"script":"<script> [5351 bytes]","args":[{"element-6066-11e4-a52e-4f735466cecf":"f.52F91674B02438CD484A8394085238A8.d.C044E40A3A298FAFC54B8D15EB65509D.e.2476","ELEMENT":"f.52F91674B02438CD484A8394085238A8.d.C044E40A3A298FAFC54B8D15EB65509D.e.2476"}]}
COMMAND: GET /session/ce809cdcea08f48edcd260db6707fd08/screenshot - {}
RESULT: {}
RESULT: {}
COMMAND: POST /session/ce809cdcea08f48edcd260db6707fd08/element/f.52F91674B02438CD484A8394085238A8.d.C044E40A3A298FAFC54B8D15EB65509D.e.2476/click - {}
RESULT: {}
COMMAND: GET /session/ce809cdcea08f48edcd260db6707fd08/screenshot - {}
RESULT: {}
COMMAND: POST /session/ce809cdcea08f48edcd260db6707fd08/execute/async - {"script":"<script> [1562 bytes]","args":[{"selector":{"controlType":"sap.m.Button","viewName":"etm.portal.ui.managesites.view.NewSmartSite","viewId":"application-managesites-display-component---NewSite","properties":{"text":"Contacts (Users)"},"interaction":{"idSuffix":"BDI-content"}},"wdio_ui5_key":"etmportal.ui.managesites.view.NewSmartSitesap.m.Button{\"text\":\"Contacts (Users)\"}"}]}
RESULT: {"script":"<script> [1562 bytes]","args":[{"selector":{"controlType":"sap.m.Button","viewName":"etm.portal.ui.managesites.view.NewSmartSite","viewId":"application-managesites-display-component---NewSite","properties":{"text":"Contacts (Users)"},"interaction":{"idSuffix":"BDI-content"}},"wdio_ui5_key":"etmportal.ui.managesites.view.NewSmartSitesap.m.Button{\"text\":\"Contacts (Users)\"}"}]}
RESULT: undefined
COMMAND: POST /session/ce809cdcea08f48edcd260db6707fd08/element - {"using":"xpath","value":"//*[@id=\"application-managesites-display-component---NewSite--ObjectPageLayout-anchBar-__section50-anchor\"]"}
RESULT: {"using":"xpath","value":"//*[@id=\"application-managesites-display-component---NewSite--ObjectPageLayout-anchBar-__section50-anchor\"]"}
COMMAND: POST /session/ce809cdcea08f48edcd260db6707fd08/element/f.52F91674B02438CD484A8394085238A8.d.C044E40A3A298FAFC54B8D15EB65509D.e.2856/click - {}
RESULT: {}
COMMAND: GET /session/ce809cdcea08f48edcd260db6707fd08/screenshot - {}
RESULT: {}
COMMAND: POST /session/ce809cdcea08f48edcd260db6707fd08/element - {"using":"xpath","value":"//button[@data-kt=\"onAddUserOverflowToolbarButton\"]"}
RESULT: {"using":"xpath","value":"//button[@data-kt=\"onAddUserOverflowToolbarButton\"]"}
COMMAND: POST /session/ce809cdcea08f48edcd260db6707fd08/element/f.52F91674B02438CD484A8394085238A8.d.C044E40A3A298FAFC54B8D15EB65509D.e.2862/click - {}
RESULT: {}
COMMAND: GET /session/ce809cdcea08f48edcd260db6707fd08/screenshot - {}
RESULT: {}
COMMAND: POST /session/ce809cdcea08f48edcd260db6707fd08/execute/async - {"script":"<script> [1562 bytes]","args":[{"selector":{"controlType":"sap.m.SearchField","viewName":"etm.portal.ui.managesites.view.NewSmartSite","viewId":"application-managesites-display-component---NewSite","searchOpenDialogs":true,"interaction":{"idSuffix":"I"}},"wdio_ui5_key":"etmportal.ui.managesites.view.NewSmartSitesap.m.SearchField"}]}
RESULT: {"script":"<script> [1562 bytes]","args":[{"selector":{"controlType":"sap.m.SearchField","viewName":"etm.portal.ui.managesites.view.NewSmartSite","viewId":"application-managesites-display-component---NewSite","searchOpenDialogs":true,"interaction":{"idSuffix":"I"}},"wdio_ui5_key":"etmportal.ui.managesites.view.NewSmartSitesap.m.SearchField"}]}
RESULT: undefined
COMMAND: POST /session/ce809cdcea08f48edcd260db6707fd08/execute/async - {"script":"<script> [776 bytes]","args":[{"enterText":"Test1ETM","selector":{"controlType":"sap.m.SearchField","viewName":"etm.portal.ui.managesites.view.NewSmartSite","viewId":"application-managesites-display-component---NewSite","searchOpenDialogs":true,"interaction":{"idSuffix":"I"}},"clearTextFirst":true,"interactionType":"ENTER_TEXT"}]}
RESULT: {"script":"<script> [776 bytes]","args":[{"enterText":"Test1ETM","selector":{"controlType":"sap.m.SearchField","viewName":"etm.portal.ui.managesites.view.NewSmartSite","viewId":"application-managesites-display-component---NewSite","searchOpenDialogs":true,"interaction":{"idSuffix":"I"}},"clearTextFirst":true,"interactionType":"ENTER_TEXT"}]}
COMMAND: POST /session/ce809cdcea08f48edcd260db6707fd08/actions - {"actions":[{"id":"action12","type":"key","parameters":{},"actions":[{"type":"keyDown","value":""},{"type":"pause","duration":10},{"type":"keyUp","value":""}]}]}
RESULT: {"actions":[{"id":"action12","type":"key","parameters":{},"actions":[{"type":"keyDown","value":""},{"type":"pause","duration":10},{"type":"keyUp","value":""}]}]}
COMMAND: GET /session/ce809cdcea08f48edcd260db6707fd08/screenshot - {}
RESULT: {}
COMMAND: POST /session/ce809cdcea08f48edcd260db6707fd08/element - {"using":"xpath","value":"//li[.//*[contains(text(), \"Test1ETM\")] or contains(text(), \"Test1ETM\")]"}
RESULT: {"using":"xpath","value":"//li[.//*[contains(text(), \"Test1ETM\")] or contains(text(), \"Test1ETM\")]"}
COMMAND: POST /session/ce809cdcea08f48edcd260db6707fd08/elements - {"using":"xpath","value":"//li[.//*[contains(text(), \"Test1ETM\")] or contains(text(), \"Test1ETM\")]"}
RESULT: {"using":"xpath","value":"//li[.//*[contains(text(), \"Test1ETM\")] or contains(text(), \"Test1ETM\")]"}
COMMAND: POST /session/ce809cdcea08f48edcd260db6707fd08/element - {"using":"xpath","value":"//button[.//bdi[contains(text(), \"Cancel\")]][1]"}
RESULT: {"using":"xpath","value":"//button[.//bdi[contains(text(), \"Cancel\")]][1]"}
COMMAND: POST /session/ce809cdcea08f48edcd260db6707fd08/element/f.52F91674B02438CD484A8394085238A8.d.C044E40A3A298FAFC54B8D15EB65509D.e.2868/click - {}
RESULT: {}
COMMAND: GET /session/ce809cdcea08f48edcd260db6707fd08/screenshot - {}
RESULT: {}
COMMAND: POST /session/ce809cdcea08f48edcd260db6707fd08/element - {"using":"css selector","value":"#shell-header-logo"}
RESULT: {"using":"css selector","value":"#shell-header-logo"}
COMMAND: POST /session/ce809cdcea08f48edcd260db6707fd08/element/f.52F91674B02438CD484A8394085238A8.d.C044E40A3A298FAFC54B8D15EB65509D.e.2433/click - {}
RESULT: {}
COMMAND: GET /session/ce809cdcea08f48edcd260db6707fd08/screenshot - {}
RESULT: {}
]]></system-out>
    </testcase>
    <testcase classname="chrome.136_0_7103_93.windows.Address_Management_Tests_US156181_US151165_US151160_US156180_US156178_US151157_US151172_US151170_US151166_US151168" name="Step 7 Should try to save empty address US151170 BUGGED FOR NOW" time="103.993">
      <failure/>
      <error message="Expect $(`//span[contains(@class, &quot;sapMMsgBoxText&quot;)]`) to be existing&#xA;&#xA;Expected: &quot;existing&quot;&#xA;Received: &quot;not existing&quot;"/>
      <system-out><![CDATA[
RESULT: undefined
COMMAND: POST /session/ce809cdcea08f48edcd260db6707fd08/element - {"using":"xpath","value":"//*[@id=\"__tile33\"]"}
RESULT: {"using":"xpath","value":"//*[@id=\"__tile33\"]"}
COMMAND: POST /session/ce809cdcea08f48edcd260db6707fd08/element/f.52F91674B02438CD484A8394085238A8.d.C044E40A3A298FAFC54B8D15EB65509D.e.220/click - {}
RESULT: {}
COMMAND: GET /session/ce809cdcea08f48edcd260db6707fd08/screenshot - {}
RESULT: {}
COMMAND: POST /session/ce809cdcea08f48edcd260db6707fd08/elements - {"using":"xpath","value":"//span[text()='Error']"}
RESULT: {"using":"xpath","value":"//span[text()='Error']"}
COMMAND: POST /session/ce809cdcea08f48edcd260db6707fd08/element - {"using":"xpath","value":"//button[@data-kt=\"addButton\"]"}
RESULT: {"using":"xpath","value":"//button[@data-kt=\"addButton\"]"}
COMMAND: POST /session/ce809cdcea08f48edcd260db6707fd08/elements - {"using":"xpath","value":"//button[@data-kt=\"addButton\"]"}
RESULT: {"using":"xpath","value":"//button[@data-kt=\"addButton\"]"}
COMMAND: POST /session/ce809cdcea08f48edcd260db6707fd08/execute/sync - {"script":"<script> [8489 bytes]","args":[{"element-6066-11e4-a52e-4f735466cecf":"f.52F91674B02438CD484A8394085238A8.d.C044E40A3A298FAFC54B8D15EB65509D.e.2943","ELEMENT":"f.52F91674B02438CD484A8394085238A8.d.C044E40A3A298FAFC54B8D15EB65509D.e.2943"}]}
RESULT: {"script":"<script> [8489 bytes]","args":[{"element-6066-11e4-a52e-4f735466cecf":"f.52F91674B02438CD484A8394085238A8.d.C044E40A3A298FAFC54B8D15EB65509D.e.2943","ELEMENT":"f.52F91674B02438CD484A8394085238A8.d.C044E40A3A298FAFC54B8D15EB65509D.e.2943"}]}
COMMAND: GET /session/ce809cdcea08f48edcd260db6707fd08/element/f.52F91674B02438CD484A8394085238A8.d.C044E40A3A298FAFC54B8D15EB65509D.e.2943/enabled - {}
COMMAND: GET /session/ce809cdcea08f48edcd260db6707fd08/screenshot - {}
RESULT: {}
COMMAND: POST /session/ce809cdcea08f48edcd260db6707fd08/execute/sync - {"script":"<script> [8489 bytes]","args":[{"element-6066-11e4-a52e-4f735466cecf":"f.52F91674B02438CD484A8394085238A8.d.C044E40A3A298FAFC54B8D15EB65509D.e.2943","ELEMENT":"f.52F91674B02438CD484A8394085238A8.d.C044E40A3A298FAFC54B8D15EB65509D.e.2943"}]}
COMMAND: GET /session/ce809cdcea08f48edcd260db6707fd08/screenshot - {}
RESULT: {}
RESULT: {"script":"<script> [8489 bytes]","args":[{"element-6066-11e4-a52e-4f735466cecf":"f.52F91674B02438CD484A8394085238A8.d.C044E40A3A298FAFC54B8D15EB65509D.e.2943","ELEMENT":"f.52F91674B02438CD484A8394085238A8.d.C044E40A3A298FAFC54B8D15EB65509D.e.2943"}]}
COMMAND: POST /session/ce809cdcea08f48edcd260db6707fd08/execute/sync - {"script":"<script> [5351 bytes]","args":[{"element-6066-11e4-a52e-4f735466cecf":"f.52F91674B02438CD484A8394085238A8.d.C044E40A3A298FAFC54B8D15EB65509D.e.2943","ELEMENT":"f.52F91674B02438CD484A8394085238A8.d.C044E40A3A298FAFC54B8D15EB65509D.e.2943"}]}
COMMAND: GET /session/ce809cdcea08f48edcd260db6707fd08/screenshot - {}
RESULT: {}
RESULT: {"script":"<script> [5351 bytes]","args":[{"element-6066-11e4-a52e-4f735466cecf":"f.52F91674B02438CD484A8394085238A8.d.C044E40A3A298FAFC54B8D15EB65509D.e.2943","ELEMENT":"f.52F91674B02438CD484A8394085238A8.d.C044E40A3A298FAFC54B8D15EB65509D.e.2943"}]}
COMMAND: GET /session/ce809cdcea08f48edcd260db6707fd08/screenshot - {}
RESULT: {}
RESULT: {}
RESULT: undefined
COMMAND: POST /session/ce809cdcea08f48edcd260db6707fd08/execute/async - {"script":"<script> [776 bytes]","args":[{"enterText":"US2ByZC5cR","selector":{"id":"application-addressmanagement-display-component---masterAdm--smartFilterBar-btnBasicSearch","interaction":{"idSuffix":"I"}},"clearTextFirst":true,"interactionType":"ENTER_TEXT"}]}
RESULT: {"script":"<script> [776 bytes]","args":[{"enterText":"US2ByZC5cR","selector":{"id":"application-addressmanagement-display-component---masterAdm--smartFilterBar-btnBasicSearch","interaction":{"idSuffix":"I"}},"clearTextFirst":true,"interactionType":"ENTER_TEXT"}]}
COMMAND: POST /session/ce809cdcea08f48edcd260db6707fd08/actions - {"actions":[{"id":"action13","type":"key","parameters":{},"actions":[{"type":"keyDown","value":""},{"type":"pause","duration":10},{"type":"keyUp","value":""}]}]}
RESULT: {"actions":[{"id":"action13","type":"key","parameters":{},"actions":[{"type":"keyDown","value":""},{"type":"pause","duration":10},{"type":"keyUp","value":""}]}]}
COMMAND: GET /session/ce809cdcea08f48edcd260db6707fd08/screenshot - {}
RESULT: {}
COMMAND: POST /session/ce809cdcea08f48edcd260db6707fd08/elements - {"using":"xpath","value":"//table[contains(@id, \"customPersonsAddressesTable-listUl\")]/tbody/tr"}
RESULT: {"using":"xpath","value":"//table[contains(@id, \"customPersonsAddressesTable-listUl\")]/tbody/tr"}
COMMAND: POST /session/ce809cdcea08f48edcd260db6707fd08/element - {"using":"xpath","value":"//table[contains(@id, \"customPersonsAddressesTable-listUl\")]/tbody/tr[1]/td[5]/span/span"}
RESULT: {"using":"xpath","value":"//table[contains(@id, \"customPersonsAddressesTable-listUl\")]/tbody/tr[1]/td[5]/span/span"}
COMMAND: POST /session/ce809cdcea08f48edcd260db6707fd08/element - {"using":"xpath","value":"//table[contains(@id, \"customPersonsAddressesTable-listUl\")]/tbody/tr[1]/td[3]/span"}
RESULT: {"using":"xpath","value":"//table[contains(@id, \"customPersonsAddressesTable-listUl\")]/tbody/tr[1]/td[3]/span"}
COMMAND: POST /session/ce809cdcea08f48edcd260db6707fd08/elements - {"using":"xpath","value":"//table[contains(@id, \"customPersonsAddressesTable-listUl\")]/tbody/tr[1]/td[5]/span/span"}
RESULT: {"using":"xpath","value":"//table[contains(@id, \"customPersonsAddressesTable-listUl\")]/tbody/tr[1]/td[5]/span/span"}
COMMAND: POST /session/ce809cdcea08f48edcd260db6707fd08/execute/sync - {"script":"<script> [56 bytes]","args":[{"element-6066-11e4-a52e-4f735466cecf":"f.52F91674B02438CD484A8394085238A8.d.C044E40A3A298FAFC54B8D15EB65509D.e.3240","ELEMENT":"f.52F91674B02438CD484A8394085238A8.d.C044E40A3A298FAFC54B8D15EB65509D.e.3240"}]}
RESULT: {"script":"<script> [56 bytes]","args":[{"element-6066-11e4-a52e-4f735466cecf":"f.52F91674B02438CD484A8394085238A8.d.C044E40A3A298FAFC54B8D15EB65509D.e.3240","ELEMENT":"f.52F91674B02438CD484A8394085238A8.d.C044E40A3A298FAFC54B8D15EB65509D.e.3240"}]}
COMMAND: POST /session/ce809cdcea08f48edcd260db6707fd08/element - {"using":"xpath","value":"(//span[contains(@id, \"imgNav\")])[1]"}
COMMAND: GET /session/ce809cdcea08f48edcd260db6707fd08/screenshot - {}
RESULT: {"using":"xpath","value":"(//span[contains(@id, \"imgNav\")])[1]"}
COMMAND: POST /session/ce809cdcea08f48edcd260db6707fd08/element/f.52F91674B02438CD484A8394085238A8.d.C044E40A3A298FAFC54B8D15EB65509D.e.2973/click - {}
RESULT: {}
RESULT: {}
COMMAND: GET /session/ce809cdcea08f48edcd260db6707fd08/screenshot - {}
RESULT: {}
COMMAND: POST /session/ce809cdcea08f48edcd260db6707fd08/element - {"using":"xpath","value":"//bdi[contains(text(), \"Edit\")]"}
RESULT: {"using":"xpath","value":"//bdi[contains(text(), \"Edit\")]"}
COMMAND: POST /session/ce809cdcea08f48edcd260db6707fd08/element/f.52F91674B02438CD484A8394085238A8.d.C044E40A3A298FAFC54B8D15EB65509D.e.3351/click - {}
RESULT: {}
COMMAND: GET /session/ce809cdcea08f48edcd260db6707fd08/screenshot - {}
RESULT: {}
COMMAND: POST /session/ce809cdcea08f48edcd260db6707fd08/execute/async - {"script":"<script> [1562 bytes]","args":[{"selector":{"controlType":"sap.m.Input","viewName":"etm.portal.ui.addressmanagement.view.EditDetail","labelFor":{"text":"Name"},"interaction":{"idSuffix":"inner"}},"wdio_ui5_key":"etmportal.ui.addressmanagement.view.EditDetailsap.m.Input{\"text\":\"Name\"}"}]}
RESULT: {"script":"<script> [1562 bytes]","args":[{"selector":{"controlType":"sap.m.Input","viewName":"etm.portal.ui.addressmanagement.view.EditDetail","labelFor":{"text":"Name"},"interaction":{"idSuffix":"inner"}},"wdio_ui5_key":"etmportal.ui.addressmanagement.view.EditDetailsap.m.Input{\"text\":\"Name\"}"}]}
RESULT: undefined
COMMAND: POST /session/ce809cdcea08f48edcd260db6707fd08/element - {"using":"css selector","value":"#shell-header-logo"}
RESULT: {"using":"css selector","value":"#shell-header-logo"}
COMMAND: POST /session/ce809cdcea08f48edcd260db6707fd08/element/f.52F91674B02438CD484A8394085238A8.d.C044E40A3A298FAFC54B8D15EB65509D.e.2873/click - {}
RESULT: {}
COMMAND: GET /session/ce809cdcea08f48edcd260db6707fd08/screenshot - {}
RESULT: {}
COMMAND: POST /session/ce809cdcea08f48edcd260db6707fd08/element - {"using":"xpath","value":"//span[contains(@class, \"sapMMsgBoxText\")]"}
RESULT: {"using":"xpath","value":"//span[contains(@class, \"sapMMsgBoxText\")]"}
COMMAND: POST /session/ce809cdcea08f48edcd260db6707fd08/elements - {"using":"xpath","value":"//span[contains(@class, \"sapMMsgBoxText\")]"}
RESULT: {"using":"xpath","value":"//span[contains(@class, \"sapMMsgBoxText\")]"}
COMMAND: POST /session/ce809cdcea08f48edcd260db6707fd08/elements - {"using":"xpath","value":"//span[contains(@class, \"sapMMsgBoxText\")]"}
RESULT: {"using":"xpath","value":"//span[contains(@class, \"sapMMsgBoxText\")]"}
COMMAND: POST /session/ce809cdcea08f48edcd260db6707fd08/elements - {"using":"xpath","value":"//span[contains(@class, \"sapMMsgBoxText\")]"}
RESULT: {"using":"xpath","value":"//span[contains(@class, \"sapMMsgBoxText\")]"}
COMMAND: POST /session/ce809cdcea08f48edcd260db6707fd08/elements - {"using":"xpath","value":"//span[contains(@class, \"sapMMsgBoxText\")]"}
RESULT: {"using":"xpath","value":"//span[contains(@class, \"sapMMsgBoxText\")]"}
COMMAND: POST /session/ce809cdcea08f48edcd260db6707fd08/elements - {"using":"xpath","value":"//span[contains(@class, \"sapMMsgBoxText\")]"}
RESULT: {"using":"xpath","value":"//span[contains(@class, \"sapMMsgBoxText\")]"}
COMMAND: POST /session/ce809cdcea08f48edcd260db6707fd08/elements - {"using":"xpath","value":"//span[contains(@class, \"sapMMsgBoxText\")]"}
RESULT: {"using":"xpath","value":"//span[contains(@class, \"sapMMsgBoxText\")]"}
COMMAND: POST /session/ce809cdcea08f48edcd260db6707fd08/elements - {"using":"xpath","value":"//span[contains(@class, \"sapMMsgBoxText\")]"}
RESULT: {"using":"xpath","value":"//span[contains(@class, \"sapMMsgBoxText\")]"}
COMMAND: POST /session/ce809cdcea08f48edcd260db6707fd08/elements - {"using":"xpath","value":"//span[contains(@class, \"sapMMsgBoxText\")]"}
RESULT: {"using":"xpath","value":"//span[contains(@class, \"sapMMsgBoxText\")]"}
COMMAND: POST /session/ce809cdcea08f48edcd260db6707fd08/elements - {"using":"xpath","value":"//span[contains(@class, \"sapMMsgBoxText\")]"}
RESULT: {"using":"xpath","value":"//span[contains(@class, \"sapMMsgBoxText\")]"}
COMMAND: POST /session/ce809cdcea08f48edcd260db6707fd08/elements - {"using":"xpath","value":"//span[contains(@class, \"sapMMsgBoxText\")]"}
RESULT: {"using":"xpath","value":"//span[contains(@class, \"sapMMsgBoxText\")]"}
COMMAND: POST /session/ce809cdcea08f48edcd260db6707fd08/elements - {"using":"xpath","value":"//span[contains(@class, \"sapMMsgBoxText\")]"}
RESULT: {"using":"xpath","value":"//span[contains(@class, \"sapMMsgBoxText\")]"}
COMMAND: POST /session/ce809cdcea08f48edcd260db6707fd08/elements - {"using":"xpath","value":"//span[contains(@class, \"sapMMsgBoxText\")]"}
RESULT: {"using":"xpath","value":"//span[contains(@class, \"sapMMsgBoxText\")]"}
COMMAND: POST /session/ce809cdcea08f48edcd260db6707fd08/elements - {"using":"xpath","value":"//span[contains(@class, \"sapMMsgBoxText\")]"}
RESULT: {"using":"xpath","value":"//span[contains(@class, \"sapMMsgBoxText\")]"}
COMMAND: POST /session/ce809cdcea08f48edcd260db6707fd08/elements - {"using":"xpath","value":"//span[contains(@class, \"sapMMsgBoxText\")]"}
RESULT: {"using":"xpath","value":"//span[contains(@class, \"sapMMsgBoxText\")]"}
COMMAND: POST /session/ce809cdcea08f48edcd260db6707fd08/elements - {"using":"xpath","value":"//span[contains(@class, \"sapMMsgBoxText\")]"}
RESULT: {"using":"xpath","value":"//span[contains(@class, \"sapMMsgBoxText\")]"}
COMMAND: POST /session/ce809cdcea08f48edcd260db6707fd08/elements - {"using":"xpath","value":"//span[contains(@class, \"sapMMsgBoxText\")]"}
RESULT: {"using":"xpath","value":"//span[contains(@class, \"sapMMsgBoxText\")]"}
COMMAND: POST /session/ce809cdcea08f48edcd260db6707fd08/elements - {"using":"xpath","value":"//span[contains(@class, \"sapMMsgBoxText\")]"}
RESULT: {"using":"xpath","value":"//span[contains(@class, \"sapMMsgBoxText\")]"}
COMMAND: POST /session/ce809cdcea08f48edcd260db6707fd08/elements - {"using":"xpath","value":"//span[contains(@class, \"sapMMsgBoxText\")]"}
RESULT: {"using":"xpath","value":"//span[contains(@class, \"sapMMsgBoxText\")]"}
COMMAND: POST /session/ce809cdcea08f48edcd260db6707fd08/elements - {"using":"xpath","value":"//span[contains(@class, \"sapMMsgBoxText\")]"}
RESULT: {"using":"xpath","value":"//span[contains(@class, \"sapMMsgBoxText\")]"}
COMMAND: POST /session/ce809cdcea08f48edcd260db6707fd08/elements - {"using":"xpath","value":"//span[contains(@class, \"sapMMsgBoxText\")]"}
RESULT: {"using":"xpath","value":"//span[contains(@class, \"sapMMsgBoxText\")]"}
COMMAND: POST /session/ce809cdcea08f48edcd260db6707fd08/elements - {"using":"xpath","value":"//span[contains(@class, \"sapMMsgBoxText\")]"}
RESULT: {"using":"xpath","value":"//span[contains(@class, \"sapMMsgBoxText\")]"}
COMMAND: POST /session/ce809cdcea08f48edcd260db6707fd08/elements - {"using":"xpath","value":"//span[contains(@class, \"sapMMsgBoxText\")]"}
RESULT: {"using":"xpath","value":"//span[contains(@class, \"sapMMsgBoxText\")]"}
COMMAND: POST /session/ce809cdcea08f48edcd260db6707fd08/elements - {"using":"xpath","value":"//span[contains(@class, \"sapMMsgBoxText\")]"}
RESULT: {"using":"xpath","value":"//span[contains(@class, \"sapMMsgBoxText\")]"}
COMMAND: POST /session/ce809cdcea08f48edcd260db6707fd08/elements - {"using":"xpath","value":"//span[contains(@class, \"sapMMsgBoxText\")]"}
RESULT: {"using":"xpath","value":"//span[contains(@class, \"sapMMsgBoxText\")]"}
COMMAND: POST /session/ce809cdcea08f48edcd260db6707fd08/elements - {"using":"xpath","value":"//span[contains(@class, \"sapMMsgBoxText\")]"}
RESULT: {"using":"xpath","value":"//span[contains(@class, \"sapMMsgBoxText\")]"}
COMMAND: POST /session/ce809cdcea08f48edcd260db6707fd08/elements - {"using":"xpath","value":"//span[contains(@class, \"sapMMsgBoxText\")]"}
RESULT: {"using":"xpath","value":"//span[contains(@class, \"sapMMsgBoxText\")]"}
COMMAND: POST /session/ce809cdcea08f48edcd260db6707fd08/elements - {"using":"xpath","value":"//span[contains(@class, \"sapMMsgBoxText\")]"}
RESULT: {"using":"xpath","value":"//span[contains(@class, \"sapMMsgBoxText\")]"}
COMMAND: POST /session/ce809cdcea08f48edcd260db6707fd08/elements - {"using":"xpath","value":"//span[contains(@class, \"sapMMsgBoxText\")]"}
RESULT: {"using":"xpath","value":"//span[contains(@class, \"sapMMsgBoxText\")]"}
COMMAND: POST /session/ce809cdcea08f48edcd260db6707fd08/elements - {"using":"xpath","value":"//span[contains(@class, \"sapMMsgBoxText\")]"}
RESULT: {"using":"xpath","value":"//span[contains(@class, \"sapMMsgBoxText\")]"}
COMMAND: POST /session/ce809cdcea08f48edcd260db6707fd08/elements - {"using":"xpath","value":"//span[contains(@class, \"sapMMsgBoxText\")]"}
RESULT: {"using":"xpath","value":"//span[contains(@class, \"sapMMsgBoxText\")]"}
COMMAND: POST /session/ce809cdcea08f48edcd260db6707fd08/elements - {"using":"xpath","value":"//span[contains(@class, \"sapMMsgBoxText\")]"}
RESULT: {"using":"xpath","value":"//span[contains(@class, \"sapMMsgBoxText\")]"}
COMMAND: POST /session/ce809cdcea08f48edcd260db6707fd08/elements - {"using":"xpath","value":"//span[contains(@class, \"sapMMsgBoxText\")]"}
RESULT: {"using":"xpath","value":"//span[contains(@class, \"sapMMsgBoxText\")]"}
COMMAND: POST /session/ce809cdcea08f48edcd260db6707fd08/elements - {"using":"xpath","value":"//span[contains(@class, \"sapMMsgBoxText\")]"}
RESULT: {"using":"xpath","value":"//span[contains(@class, \"sapMMsgBoxText\")]"}
COMMAND: POST /session/ce809cdcea08f48edcd260db6707fd08/elements - {"using":"xpath","value":"//span[contains(@class, \"sapMMsgBoxText\")]"}
RESULT: {"using":"xpath","value":"//span[contains(@class, \"sapMMsgBoxText\")]"}
COMMAND: POST /session/ce809cdcea08f48edcd260db6707fd08/elements - {"using":"xpath","value":"//span[contains(@class, \"sapMMsgBoxText\")]"}
RESULT: {"using":"xpath","value":"//span[contains(@class, \"sapMMsgBoxText\")]"}
COMMAND: POST /session/ce809cdcea08f48edcd260db6707fd08/elements - {"using":"xpath","value":"//span[contains(@class, \"sapMMsgBoxText\")]"}
RESULT: {"using":"xpath","value":"//span[contains(@class, \"sapMMsgBoxText\")]"}
COMMAND: POST /session/ce809cdcea08f48edcd260db6707fd08/elements - {"using":"xpath","value":"//span[contains(@class, \"sapMMsgBoxText\")]"}
RESULT: {"using":"xpath","value":"//span[contains(@class, \"sapMMsgBoxText\")]"}
COMMAND: POST /session/ce809cdcea08f48edcd260db6707fd08/elements - {"using":"xpath","value":"//span[contains(@class, \"sapMMsgBoxText\")]"}
RESULT: {"using":"xpath","value":"//span[contains(@class, \"sapMMsgBoxText\")]"}
COMMAND: POST /session/ce809cdcea08f48edcd260db6707fd08/elements - {"using":"xpath","value":"//span[contains(@class, \"sapMMsgBoxText\")]"}
RESULT: {"using":"xpath","value":"//span[contains(@class, \"sapMMsgBoxText\")]"}
COMMAND: POST /session/ce809cdcea08f48edcd260db6707fd08/elements - {"using":"xpath","value":"//span[contains(@class, \"sapMMsgBoxText\")]"}
RESULT: {"using":"xpath","value":"//span[contains(@class, \"sapMMsgBoxText\")]"}
COMMAND: POST /session/ce809cdcea08f48edcd260db6707fd08/elements - {"using":"xpath","value":"//span[contains(@class, \"sapMMsgBoxText\")]"}
RESULT: {"using":"xpath","value":"//span[contains(@class, \"sapMMsgBoxText\")]"}
COMMAND: POST /session/ce809cdcea08f48edcd260db6707fd08/elements - {"using":"xpath","value":"//span[contains(@class, \"sapMMsgBoxText\")]"}
RESULT: {"using":"xpath","value":"//span[contains(@class, \"sapMMsgBoxText\")]"}
COMMAND: POST /session/ce809cdcea08f48edcd260db6707fd08/elements - {"using":"xpath","value":"//span[contains(@class, \"sapMMsgBoxText\")]"}
RESULT: {"using":"xpath","value":"//span[contains(@class, \"sapMMsgBoxText\")]"}
COMMAND: POST /session/ce809cdcea08f48edcd260db6707fd08/elements - {"using":"xpath","value":"//span[contains(@class, \"sapMMsgBoxText\")]"}
RESULT: {"using":"xpath","value":"//span[contains(@class, \"sapMMsgBoxText\")]"}
COMMAND: POST /session/ce809cdcea08f48edcd260db6707fd08/elements - {"using":"xpath","value":"//span[contains(@class, \"sapMMsgBoxText\")]"}
RESULT: {"using":"xpath","value":"//span[contains(@class, \"sapMMsgBoxText\")]"}
COMMAND: POST /session/ce809cdcea08f48edcd260db6707fd08/elements - {"using":"xpath","value":"//span[contains(@class, \"sapMMsgBoxText\")]"}
RESULT: {"using":"xpath","value":"//span[contains(@class, \"sapMMsgBoxText\")]"}
COMMAND: POST /session/ce809cdcea08f48edcd260db6707fd08/elements - {"using":"xpath","value":"//span[contains(@class, \"sapMMsgBoxText\")]"}
RESULT: {"using":"xpath","value":"//span[contains(@class, \"sapMMsgBoxText\")]"}
COMMAND: POST /session/ce809cdcea08f48edcd260db6707fd08/elements - {"using":"xpath","value":"//span[contains(@class, \"sapMMsgBoxText\")]"}
RESULT: {"using":"xpath","value":"//span[contains(@class, \"sapMMsgBoxText\")]"}
COMMAND: POST /session/ce809cdcea08f48edcd260db6707fd08/elements - {"using":"xpath","value":"//span[contains(@class, \"sapMMsgBoxText\")]"}
RESULT: {"using":"xpath","value":"//span[contains(@class, \"sapMMsgBoxText\")]"}
COMMAND: POST /session/ce809cdcea08f48edcd260db6707fd08/elements - {"using":"xpath","value":"//span[contains(@class, \"sapMMsgBoxText\")]"}
RESULT: {"using":"xpath","value":"//span[contains(@class, \"sapMMsgBoxText\")]"}
COMMAND: POST /session/ce809cdcea08f48edcd260db6707fd08/elements - {"using":"xpath","value":"//span[contains(@class, \"sapMMsgBoxText\")]"}
RESULT: {"using":"xpath","value":"//span[contains(@class, \"sapMMsgBoxText\")]"}
COMMAND: POST /session/ce809cdcea08f48edcd260db6707fd08/elements - {"using":"xpath","value":"//span[contains(@class, \"sapMMsgBoxText\")]"}
RESULT: {"using":"xpath","value":"//span[contains(@class, \"sapMMsgBoxText\")]"}
COMMAND: POST /session/ce809cdcea08f48edcd260db6707fd08/elements - {"using":"xpath","value":"//span[contains(@class, \"sapMMsgBoxText\")]"}
RESULT: {"using":"xpath","value":"//span[contains(@class, \"sapMMsgBoxText\")]"}
COMMAND: POST /session/ce809cdcea08f48edcd260db6707fd08/elements - {"using":"xpath","value":"//span[contains(@class, \"sapMMsgBoxText\")]"}
RESULT: {"using":"xpath","value":"//span[contains(@class, \"sapMMsgBoxText\")]"}
COMMAND: POST /session/ce809cdcea08f48edcd260db6707fd08/elements - {"using":"xpath","value":"//span[contains(@class, \"sapMMsgBoxText\")]"}
RESULT: {"using":"xpath","value":"//span[contains(@class, \"sapMMsgBoxText\")]"}
COMMAND: POST /session/ce809cdcea08f48edcd260db6707fd08/elements - {"using":"xpath","value":"//span[contains(@class, \"sapMMsgBoxText\")]"}
RESULT: {"using":"xpath","value":"//span[contains(@class, \"sapMMsgBoxText\")]"}
COMMAND: POST /session/ce809cdcea08f48edcd260db6707fd08/elements - {"using":"xpath","value":"//span[contains(@class, \"sapMMsgBoxText\")]"}
RESULT: {"using":"xpath","value":"//span[contains(@class, \"sapMMsgBoxText\")]"}
COMMAND: POST /session/ce809cdcea08f48edcd260db6707fd08/elements - {"using":"xpath","value":"//span[contains(@class, \"sapMMsgBoxText\")]"}
RESULT: {"using":"xpath","value":"//span[contains(@class, \"sapMMsgBoxText\")]"}
COMMAND: POST /session/ce809cdcea08f48edcd260db6707fd08/elements - {"using":"xpath","value":"//span[contains(@class, \"sapMMsgBoxText\")]"}
RESULT: {"using":"xpath","value":"//span[contains(@class, \"sapMMsgBoxText\")]"}
COMMAND: POST /session/ce809cdcea08f48edcd260db6707fd08/elements - {"using":"xpath","value":"//span[contains(@class, \"sapMMsgBoxText\")]"}
RESULT: {"using":"xpath","value":"//span[contains(@class, \"sapMMsgBoxText\")]"}
COMMAND: POST /session/ce809cdcea08f48edcd260db6707fd08/elements - {"using":"xpath","value":"//span[contains(@class, \"sapMMsgBoxText\")]"}
RESULT: {"using":"xpath","value":"//span[contains(@class, \"sapMMsgBoxText\")]"}
COMMAND: POST /session/ce809cdcea08f48edcd260db6707fd08/elements - {"using":"xpath","value":"//span[contains(@class, \"sapMMsgBoxText\")]"}
RESULT: {"using":"xpath","value":"//span[contains(@class, \"sapMMsgBoxText\")]"}
COMMAND: POST /session/ce809cdcea08f48edcd260db6707fd08/elements - {"using":"xpath","value":"//span[contains(@class, \"sapMMsgBoxText\")]"}
RESULT: {"using":"xpath","value":"//span[contains(@class, \"sapMMsgBoxText\")]"}
COMMAND: POST /session/ce809cdcea08f48edcd260db6707fd08/elements - {"using":"xpath","value":"//span[contains(@class, \"sapMMsgBoxText\")]"}
RESULT: {"using":"xpath","value":"//span[contains(@class, \"sapMMsgBoxText\")]"}
COMMAND: POST /session/ce809cdcea08f48edcd260db6707fd08/elements - {"using":"xpath","value":"//span[contains(@class, \"sapMMsgBoxText\")]"}
RESULT: {"using":"xpath","value":"//span[contains(@class, \"sapMMsgBoxText\")]"}
COMMAND: POST /session/ce809cdcea08f48edcd260db6707fd08/elements - {"using":"xpath","value":"//span[contains(@class, \"sapMMsgBoxText\")]"}
RESULT: {"using":"xpath","value":"//span[contains(@class, \"sapMMsgBoxText\")]"}
COMMAND: POST /session/ce809cdcea08f48edcd260db6707fd08/elements - {"using":"xpath","value":"//span[contains(@class, \"sapMMsgBoxText\")]"}
RESULT: {"using":"xpath","value":"//span[contains(@class, \"sapMMsgBoxText\")]"}
COMMAND: POST /session/ce809cdcea08f48edcd260db6707fd08/elements - {"using":"xpath","value":"//span[contains(@class, \"sapMMsgBoxText\")]"}
RESULT: {"using":"xpath","value":"//span[contains(@class, \"sapMMsgBoxText\")]"}
COMMAND: POST /session/ce809cdcea08f48edcd260db6707fd08/elements - {"using":"xpath","value":"//span[contains(@class, \"sapMMsgBoxText\")]"}
RESULT: {"using":"xpath","value":"//span[contains(@class, \"sapMMsgBoxText\")]"}
COMMAND: POST /session/ce809cdcea08f48edcd260db6707fd08/elements - {"using":"xpath","value":"//span[contains(@class, \"sapMMsgBoxText\")]"}
RESULT: {"using":"xpath","value":"//span[contains(@class, \"sapMMsgBoxText\")]"}
COMMAND: POST /session/ce809cdcea08f48edcd260db6707fd08/elements - {"using":"xpath","value":"//span[contains(@class, \"sapMMsgBoxText\")]"}
RESULT: {"using":"xpath","value":"//span[contains(@class, \"sapMMsgBoxText\")]"}
COMMAND: POST /session/ce809cdcea08f48edcd260db6707fd08/elements - {"using":"xpath","value":"//span[contains(@class, \"sapMMsgBoxText\")]"}
RESULT: {"using":"xpath","value":"//span[contains(@class, \"sapMMsgBoxText\")]"}
COMMAND: POST /session/ce809cdcea08f48edcd260db6707fd08/elements - {"using":"xpath","value":"//span[contains(@class, \"sapMMsgBoxText\")]"}
RESULT: {"using":"xpath","value":"//span[contains(@class, \"sapMMsgBoxText\")]"}
COMMAND: POST /session/ce809cdcea08f48edcd260db6707fd08/elements - {"using":"xpath","value":"//span[contains(@class, \"sapMMsgBoxText\")]"}
RESULT: {"using":"xpath","value":"//span[contains(@class, \"sapMMsgBoxText\")]"}
COMMAND: POST /session/ce809cdcea08f48edcd260db6707fd08/elements - {"using":"xpath","value":"//span[contains(@class, \"sapMMsgBoxText\")]"}
RESULT: {"using":"xpath","value":"//span[contains(@class, \"sapMMsgBoxText\")]"}
COMMAND: POST /session/ce809cdcea08f48edcd260db6707fd08/elements - {"using":"xpath","value":"//span[contains(@class, \"sapMMsgBoxText\")]"}
RESULT: {"using":"xpath","value":"//span[contains(@class, \"sapMMsgBoxText\")]"}
COMMAND: POST /session/ce809cdcea08f48edcd260db6707fd08/elements - {"using":"xpath","value":"//span[contains(@class, \"sapMMsgBoxText\")]"}
RESULT: {"using":"xpath","value":"//span[contains(@class, \"sapMMsgBoxText\")]"}
COMMAND: POST /session/ce809cdcea08f48edcd260db6707fd08/elements - {"using":"xpath","value":"//span[contains(@class, \"sapMMsgBoxText\")]"}
RESULT: {"using":"xpath","value":"//span[contains(@class, \"sapMMsgBoxText\")]"}
COMMAND: POST /session/ce809cdcea08f48edcd260db6707fd08/elements - {"using":"xpath","value":"//span[contains(@class, \"sapMMsgBoxText\")]"}
RESULT: {"using":"xpath","value":"//span[contains(@class, \"sapMMsgBoxText\")]"}
COMMAND: POST /session/ce809cdcea08f48edcd260db6707fd08/elements - {"using":"xpath","value":"//span[contains(@class, \"sapMMsgBoxText\")]"}
RESULT: {"using":"xpath","value":"//span[contains(@class, \"sapMMsgBoxText\")]"}
COMMAND: POST /session/ce809cdcea08f48edcd260db6707fd08/elements - {"using":"xpath","value":"//span[contains(@class, \"sapMMsgBoxText\")]"}
RESULT: {"using":"xpath","value":"//span[contains(@class, \"sapMMsgBoxText\")]"}
COMMAND: POST /session/ce809cdcea08f48edcd260db6707fd08/elements - {"using":"xpath","value":"//span[contains(@class, \"sapMMsgBoxText\")]"}
RESULT: {"using":"xpath","value":"//span[contains(@class, \"sapMMsgBoxText\")]"}
COMMAND: POST /session/ce809cdcea08f48edcd260db6707fd08/elements - {"using":"xpath","value":"//span[contains(@class, \"sapMMsgBoxText\")]"}
RESULT: {"using":"xpath","value":"//span[contains(@class, \"sapMMsgBoxText\")]"}
COMMAND: POST /session/ce809cdcea08f48edcd260db6707fd08/elements - {"using":"xpath","value":"//span[contains(@class, \"sapMMsgBoxText\")]"}
RESULT: {"using":"xpath","value":"//span[contains(@class, \"sapMMsgBoxText\")]"}
COMMAND: POST /session/ce809cdcea08f48edcd260db6707fd08/elements - {"using":"xpath","value":"//span[contains(@class, \"sapMMsgBoxText\")]"}
RESULT: {"using":"xpath","value":"//span[contains(@class, \"sapMMsgBoxText\")]"}
COMMAND: POST /session/ce809cdcea08f48edcd260db6707fd08/elements - {"using":"xpath","value":"//span[contains(@class, \"sapMMsgBoxText\")]"}
RESULT: {"using":"xpath","value":"//span[contains(@class, \"sapMMsgBoxText\")]"}
COMMAND: POST /session/ce809cdcea08f48edcd260db6707fd08/elements - {"using":"xpath","value":"//span[contains(@class, \"sapMMsgBoxText\")]"}
RESULT: {"using":"xpath","value":"//span[contains(@class, \"sapMMsgBoxText\")]"}
COMMAND: POST /session/ce809cdcea08f48edcd260db6707fd08/elements - {"using":"xpath","value":"//span[contains(@class, \"sapMMsgBoxText\")]"}
RESULT: {"using":"xpath","value":"//span[contains(@class, \"sapMMsgBoxText\")]"}
COMMAND: POST /session/ce809cdcea08f48edcd260db6707fd08/elements - {"using":"xpath","value":"//span[contains(@class, \"sapMMsgBoxText\")]"}
RESULT: {"using":"xpath","value":"//span[contains(@class, \"sapMMsgBoxText\")]"}
COMMAND: POST /session/ce809cdcea08f48edcd260db6707fd08/elements - {"using":"xpath","value":"//span[contains(@class, \"sapMMsgBoxText\")]"}
RESULT: {"using":"xpath","value":"//span[contains(@class, \"sapMMsgBoxText\")]"}
COMMAND: POST /session/ce809cdcea08f48edcd260db6707fd08/elements - {"using":"xpath","value":"//span[contains(@class, \"sapMMsgBoxText\")]"}
RESULT: {"using":"xpath","value":"//span[contains(@class, \"sapMMsgBoxText\")]"}
COMMAND: POST /session/ce809cdcea08f48edcd260db6707fd08/elements - {"using":"xpath","value":"//span[contains(@class, \"sapMMsgBoxText\")]"}
RESULT: {"using":"xpath","value":"//span[contains(@class, \"sapMMsgBoxText\")]"}
COMMAND: POST /session/ce809cdcea08f48edcd260db6707fd08/elements - {"using":"xpath","value":"//span[contains(@class, \"sapMMsgBoxText\")]"}
RESULT: {"using":"xpath","value":"//span[contains(@class, \"sapMMsgBoxText\")]"}
COMMAND: POST /session/ce809cdcea08f48edcd260db6707fd08/elements - {"using":"xpath","value":"//span[contains(@class, \"sapMMsgBoxText\")]"}
RESULT: {"using":"xpath","value":"//span[contains(@class, \"sapMMsgBoxText\")]"}
COMMAND: POST /session/ce809cdcea08f48edcd260db6707fd08/elements - {"using":"xpath","value":"//span[contains(@class, \"sapMMsgBoxText\")]"}
RESULT: {"using":"xpath","value":"//span[contains(@class, \"sapMMsgBoxText\")]"}
COMMAND: POST /session/ce809cdcea08f48edcd260db6707fd08/elements - {"using":"xpath","value":"//span[contains(@class, \"sapMMsgBoxText\")]"}
RESULT: {"using":"xpath","value":"//span[contains(@class, \"sapMMsgBoxText\")]"}
COMMAND: POST /session/ce809cdcea08f48edcd260db6707fd08/elements - {"using":"xpath","value":"//span[contains(@class, \"sapMMsgBoxText\")]"}
RESULT: {"using":"xpath","value":"//span[contains(@class, \"sapMMsgBoxText\")]"}
COMMAND: POST /session/ce809cdcea08f48edcd260db6707fd08/elements - {"using":"xpath","value":"//span[contains(@class, \"sapMMsgBoxText\")]"}
RESULT: {"using":"xpath","value":"//span[contains(@class, \"sapMMsgBoxText\")]"}
COMMAND: POST /session/ce809cdcea08f48edcd260db6707fd08/elements - {"using":"xpath","value":"//span[contains(@class, \"sapMMsgBoxText\")]"}
RESULT: {"using":"xpath","value":"//span[contains(@class, \"sapMMsgBoxText\")]"}
COMMAND: POST /session/ce809cdcea08f48edcd260db6707fd08/elements - {"using":"xpath","value":"//span[contains(@class, \"sapMMsgBoxText\")]"}
RESULT: {"using":"xpath","value":"//span[contains(@class, \"sapMMsgBoxText\")]"}
COMMAND: POST /session/ce809cdcea08f48edcd260db6707fd08/elements - {"using":"xpath","value":"//span[contains(@class, \"sapMMsgBoxText\")]"}
RESULT: {"using":"xpath","value":"//span[contains(@class, \"sapMMsgBoxText\")]"}
COMMAND: POST /session/ce809cdcea08f48edcd260db6707fd08/elements - {"using":"xpath","value":"//span[contains(@class, \"sapMMsgBoxText\")]"}
RESULT: {"using":"xpath","value":"//span[contains(@class, \"sapMMsgBoxText\")]"}
COMMAND: POST /session/ce809cdcea08f48edcd260db6707fd08/elements - {"using":"xpath","value":"//span[contains(@class, \"sapMMsgBoxText\")]"}
RESULT: {"using":"xpath","value":"//span[contains(@class, \"sapMMsgBoxText\")]"}
COMMAND: POST /session/ce809cdcea08f48edcd260db6707fd08/elements - {"using":"xpath","value":"//span[contains(@class, \"sapMMsgBoxText\")]"}
RESULT: {"using":"xpath","value":"//span[contains(@class, \"sapMMsgBoxText\")]"}
COMMAND: POST /session/ce809cdcea08f48edcd260db6707fd08/elements - {"using":"xpath","value":"//span[contains(@class, \"sapMMsgBoxText\")]"}
RESULT: {"using":"xpath","value":"//span[contains(@class, \"sapMMsgBoxText\")]"}
COMMAND: POST /session/ce809cdcea08f48edcd260db6707fd08/elements - {"using":"xpath","value":"//span[contains(@class, \"sapMMsgBoxText\")]"}
RESULT: {"using":"xpath","value":"//span[contains(@class, \"sapMMsgBoxText\")]"}
COMMAND: POST /session/ce809cdcea08f48edcd260db6707fd08/elements - {"using":"xpath","value":"//span[contains(@class, \"sapMMsgBoxText\")]"}
RESULT: {"using":"xpath","value":"//span[contains(@class, \"sapMMsgBoxText\")]"}
COMMAND: POST /session/ce809cdcea08f48edcd260db6707fd08/elements - {"using":"xpath","value":"//span[contains(@class, \"sapMMsgBoxText\")]"}
RESULT: {"using":"xpath","value":"//span[contains(@class, \"sapMMsgBoxText\")]"}
COMMAND: POST /session/ce809cdcea08f48edcd260db6707fd08/elements - {"using":"xpath","value":"//span[contains(@class, \"sapMMsgBoxText\")]"}
RESULT: {"using":"xpath","value":"//span[contains(@class, \"sapMMsgBoxText\")]"}
COMMAND: POST /session/ce809cdcea08f48edcd260db6707fd08/elements - {"using":"xpath","value":"//span[contains(@class, \"sapMMsgBoxText\")]"}
RESULT: {"using":"xpath","value":"//span[contains(@class, \"sapMMsgBoxText\")]"}
COMMAND: POST /session/ce809cdcea08f48edcd260db6707fd08/elements - {"using":"xpath","value":"//span[contains(@class, \"sapMMsgBoxText\")]"}
RESULT: {"using":"xpath","value":"//span[contains(@class, \"sapMMsgBoxText\")]"}
COMMAND: POST /session/ce809cdcea08f48edcd260db6707fd08/elements - {"using":"xpath","value":"//span[contains(@class, \"sapMMsgBoxText\")]"}
RESULT: {"using":"xpath","value":"//span[contains(@class, \"sapMMsgBoxText\")]"}
COMMAND: POST /session/ce809cdcea08f48edcd260db6707fd08/elements - {"using":"xpath","value":"//span[contains(@class, \"sapMMsgBoxText\")]"}
RESULT: {"using":"xpath","value":"//span[contains(@class, \"sapMMsgBoxText\")]"}
COMMAND: POST /session/ce809cdcea08f48edcd260db6707fd08/elements - {"using":"xpath","value":"//span[contains(@class, \"sapMMsgBoxText\")]"}
RESULT: {"using":"xpath","value":"//span[contains(@class, \"sapMMsgBoxText\")]"}
COMMAND: POST /session/ce809cdcea08f48edcd260db6707fd08/elements - {"using":"xpath","value":"//span[contains(@class, \"sapMMsgBoxText\")]"}
RESULT: {"using":"xpath","value":"//span[contains(@class, \"sapMMsgBoxText\")]"}
COMMAND: POST /session/ce809cdcea08f48edcd260db6707fd08/element - {"using":"css selector","value":"#shell-header-logo"}
RESULT: {"using":"css selector","value":"#shell-header-logo"}
COMMAND: POST /session/ce809cdcea08f48edcd260db6707fd08/element/f.52F91674B02438CD484A8394085238A8.d.C044E40A3A298FAFC54B8D15EB65509D.e.3406/click - {}
RESULT: {}
COMMAND: GET /session/ce809cdcea08f48edcd260db6707fd08/screenshot - {}
RESULT: {}
COMMAND: GET /session/ce809cdcea08f48edcd260db6707fd08/screenshot - {}
RESULT: {}
]]></system-out>
      <system-err><![CDATA[
Error: Expect $(`//span[contains(@class, "sapMMsgBoxText")]`) to be existing

Expected: "existing"
Received: "not existing"
    at Context.<anonymous> (D:\a\1\s\test\specs\BTS\address-management.spec.js:1014:38)
]]></system-err>
    </testcase>
    <testcase classname="chrome.136_0_7103_93.windows.Address_Management_Tests_US156181_US151165_US151160_US156180_US156178_US151157_US151172_US151170_US151166_US151168" name="Step 8 Should add an attachment to the created address US151166 BUGGED FOR NOW" time="56.062">
      <system-out><![CDATA[
RESULT: undefined
COMMAND: POST /session/ce809cdcea08f48edcd260db6707fd08/element - {"using":"xpath","value":"//*[@id=\"__tile33\"]"}
COMMAND: GET /session/ce809cdcea08f48edcd260db6707fd08/screenshot - {}
RESULT: {"using":"xpath","value":"//*[@id=\"__tile33\"]"}
COMMAND: POST /session/ce809cdcea08f48edcd260db6707fd08/element/f.52F91674B02438CD484A8394085238A8.d.C044E40A3A298FAFC54B8D15EB65509D.e.220/click - {}
RESULT: {}
RESULT: {}
COMMAND: GET /session/ce809cdcea08f48edcd260db6707fd08/screenshot - {}
RESULT: {}
COMMAND: POST /session/ce809cdcea08f48edcd260db6707fd08/elements - {"using":"xpath","value":"//span[text()='Error']"}
RESULT: {"using":"xpath","value":"//span[text()='Error']"}
COMMAND: POST /session/ce809cdcea08f48edcd260db6707fd08/element - {"using":"xpath","value":"//button[@data-kt=\"addButton\"]"}
RESULT: {"using":"xpath","value":"//button[@data-kt=\"addButton\"]"}
COMMAND: POST /session/ce809cdcea08f48edcd260db6707fd08/elements - {"using":"xpath","value":"//button[@data-kt=\"addButton\"]"}
RESULT: {"using":"xpath","value":"//button[@data-kt=\"addButton\"]"}
COMMAND: POST /session/ce809cdcea08f48edcd260db6707fd08/execute/sync - {"script":"<script> [8489 bytes]","args":[{"element-6066-11e4-a52e-4f735466cecf":"f.52F91674B02438CD484A8394085238A8.d.C044E40A3A298FAFC54B8D15EB65509D.e.3463","ELEMENT":"f.52F91674B02438CD484A8394085238A8.d.C044E40A3A298FAFC54B8D15EB65509D.e.3463"}]}
RESULT: {"script":"<script> [8489 bytes]","args":[{"element-6066-11e4-a52e-4f735466cecf":"f.52F91674B02438CD484A8394085238A8.d.C044E40A3A298FAFC54B8D15EB65509D.e.3463","ELEMENT":"f.52F91674B02438CD484A8394085238A8.d.C044E40A3A298FAFC54B8D15EB65509D.e.3463"}]}
COMMAND: GET /session/ce809cdcea08f48edcd260db6707fd08/element/f.52F91674B02438CD484A8394085238A8.d.C044E40A3A298FAFC54B8D15EB65509D.e.3463/enabled - {}
COMMAND: GET /session/ce809cdcea08f48edcd260db6707fd08/screenshot - {}
RESULT: {}
COMMAND: POST /session/ce809cdcea08f48edcd260db6707fd08/execute/sync - {"script":"<script> [8489 bytes]","args":[{"element-6066-11e4-a52e-4f735466cecf":"f.52F91674B02438CD484A8394085238A8.d.C044E40A3A298FAFC54B8D15EB65509D.e.3463","ELEMENT":"f.52F91674B02438CD484A8394085238A8.d.C044E40A3A298FAFC54B8D15EB65509D.e.3463"}]}
COMMAND: GET /session/ce809cdcea08f48edcd260db6707fd08/screenshot - {}
RESULT: {}
RESULT: {"script":"<script> [8489 bytes]","args":[{"element-6066-11e4-a52e-4f735466cecf":"f.52F91674B02438CD484A8394085238A8.d.C044E40A3A298FAFC54B8D15EB65509D.e.3463","ELEMENT":"f.52F91674B02438CD484A8394085238A8.d.C044E40A3A298FAFC54B8D15EB65509D.e.3463"}]}
COMMAND: POST /session/ce809cdcea08f48edcd260db6707fd08/execute/sync - {"script":"<script> [5351 bytes]","args":[{"element-6066-11e4-a52e-4f735466cecf":"f.52F91674B02438CD484A8394085238A8.d.C044E40A3A298FAFC54B8D15EB65509D.e.3463","ELEMENT":"f.52F91674B02438CD484A8394085238A8.d.C044E40A3A298FAFC54B8D15EB65509D.e.3463"}]}
COMMAND: GET /session/ce809cdcea08f48edcd260db6707fd08/screenshot - {}
RESULT: {}
RESULT: {"script":"<script> [5351 bytes]","args":[{"element-6066-11e4-a52e-4f735466cecf":"f.52F91674B02438CD484A8394085238A8.d.C044E40A3A298FAFC54B8D15EB65509D.e.3463","ELEMENT":"f.52F91674B02438CD484A8394085238A8.d.C044E40A3A298FAFC54B8D15EB65509D.e.3463"}]}
COMMAND: GET /session/ce809cdcea08f48edcd260db6707fd08/screenshot - {}
RESULT: {}
RESULT: {}
RESULT: undefined
COMMAND: POST /session/ce809cdcea08f48edcd260db6707fd08/execute/async - {"script":"<script> [776 bytes]","args":[{"enterText":"US2ByZC5cR","selector":{"id":"application-addressmanagement-display-component---masterAdm--smartFilterBar-btnBasicSearch","interaction":{"idSuffix":"I"}},"clearTextFirst":true,"interactionType":"ENTER_TEXT"}]}
RESULT: {"script":"<script> [776 bytes]","args":[{"enterText":"US2ByZC5cR","selector":{"id":"application-addressmanagement-display-component---masterAdm--smartFilterBar-btnBasicSearch","interaction":{"idSuffix":"I"}},"clearTextFirst":true,"interactionType":"ENTER_TEXT"}]}
COMMAND: POST /session/ce809cdcea08f48edcd260db6707fd08/actions - {"actions":[{"id":"action14","type":"key","parameters":{},"actions":[{"type":"keyDown","value":""},{"type":"pause","duration":10},{"type":"keyUp","value":""}]}]}
RESULT: {"actions":[{"id":"action14","type":"key","parameters":{},"actions":[{"type":"keyDown","value":""},{"type":"pause","duration":10},{"type":"keyUp","value":""}]}]}
COMMAND: GET /session/ce809cdcea08f48edcd260db6707fd08/screenshot - {}
RESULT: {}
COMMAND: POST /session/ce809cdcea08f48edcd260db6707fd08/elements - {"using":"xpath","value":"//table[contains(@id, \"customPersonsAddressesTable-listUl\")]/tbody/tr"}
RESULT: {"using":"xpath","value":"//table[contains(@id, \"customPersonsAddressesTable-listUl\")]/tbody/tr"}
COMMAND: POST /session/ce809cdcea08f48edcd260db6707fd08/element - {"using":"xpath","value":"//table[contains(@id, \"customPersonsAddressesTable-listUl\")]/tbody/tr[1]/td[5]/span/span"}
RESULT: {"using":"xpath","value":"//table[contains(@id, \"customPersonsAddressesTable-listUl\")]/tbody/tr[1]/td[5]/span/span"}
COMMAND: POST /session/ce809cdcea08f48edcd260db6707fd08/element - {"using":"xpath","value":"//table[contains(@id, \"customPersonsAddressesTable-listUl\")]/tbody/tr[1]/td[3]/span"}
RESULT: {"using":"xpath","value":"//table[contains(@id, \"customPersonsAddressesTable-listUl\")]/tbody/tr[1]/td[3]/span"}
COMMAND: POST /session/ce809cdcea08f48edcd260db6707fd08/elements - {"using":"xpath","value":"//table[contains(@id, \"customPersonsAddressesTable-listUl\")]/tbody/tr[1]/td[5]/span/span"}
RESULT: {"using":"xpath","value":"//table[contains(@id, \"customPersonsAddressesTable-listUl\")]/tbody/tr[1]/td[5]/span/span"}
COMMAND: POST /session/ce809cdcea08f48edcd260db6707fd08/execute/sync - {"script":"<script> [56 bytes]","args":[{"element-6066-11e4-a52e-4f735466cecf":"f.52F91674B02438CD484A8394085238A8.d.C044E40A3A298FAFC54B8D15EB65509D.e.3605","ELEMENT":"f.52F91674B02438CD484A8394085238A8.d.C044E40A3A298FAFC54B8D15EB65509D.e.3605"}]}
RESULT: {"script":"<script> [56 bytes]","args":[{"element-6066-11e4-a52e-4f735466cecf":"f.52F91674B02438CD484A8394085238A8.d.C044E40A3A298FAFC54B8D15EB65509D.e.3605","ELEMENT":"f.52F91674B02438CD484A8394085238A8.d.C044E40A3A298FAFC54B8D15EB65509D.e.3605"}]}
COMMAND: POST /session/ce809cdcea08f48edcd260db6707fd08/execute/sync - {"script":"<script> [56 bytes]","args":[{"element-6066-11e4-a52e-4f735466cecf":"f.52F91674B02438CD484A8394085238A8.d.C044E40A3A298FAFC54B8D15EB65509D.e.3606","ELEMENT":"f.52F91674B02438CD484A8394085238A8.d.C044E40A3A298FAFC54B8D15EB65509D.e.3606"}]}
COMMAND: GET /session/ce809cdcea08f48edcd260db6707fd08/screenshot - {}
RESULT: {"script":"<script> [56 bytes]","args":[{"element-6066-11e4-a52e-4f735466cecf":"f.52F91674B02438CD484A8394085238A8.d.C044E40A3A298FAFC54B8D15EB65509D.e.3606","ELEMENT":"f.52F91674B02438CD484A8394085238A8.d.C044E40A3A298FAFC54B8D15EB65509D.e.3606"}]}
COMMAND: POST /session/ce809cdcea08f48edcd260db6707fd08/element - {"using":"xpath","value":"(//span[contains(@id, \"imgNav\")])[1]"}
COMMAND: GET /session/ce809cdcea08f48edcd260db6707fd08/screenshot - {}
RESULT: {}
RESULT: {"using":"xpath","value":"(//span[contains(@id, \"imgNav\")])[1]"}
COMMAND: POST /session/ce809cdcea08f48edcd260db6707fd08/element/f.52F91674B02438CD484A8394085238A8.d.C044E40A3A298FAFC54B8D15EB65509D.e.3599/click - {}
RESULT: {}
RESULT: {}
COMMAND: GET /session/ce809cdcea08f48edcd260db6707fd08/screenshot - {}
RESULT: {}
COMMAND: POST /session/ce809cdcea08f48edcd260db6707fd08/element - {"using":"xpath","value":"//bdi[contains(text(), \"Edit\")]"}
RESULT: {"using":"xpath","value":"//bdi[contains(text(), \"Edit\")]"}
COMMAND: POST /session/ce809cdcea08f48edcd260db6707fd08/element/f.52F91674B02438CD484A8394085238A8.d.C044E40A3A298FAFC54B8D15EB65509D.e.3732/click - {}
RESULT: {}
COMMAND: GET /session/ce809cdcea08f48edcd260db6707fd08/screenshot - {}
RESULT: {}
COMMAND: POST /session/ce809cdcea08f48edcd260db6707fd08/execute/async - {"script":"<script> [1562 bytes]","args":[{"selector":{"controlType":"sap.m.Button","viewName":"etm.portal.ui.addressmanagement.view.EditDetail","properties":{"text":"Attachments (0)"},"interaction":{"idSuffix":"BDI-content"}},"wdio_ui5_key":"etmportal.ui.addressmanagement.view.EditDetailsap.m.Button{\"text\":\"Attachments (0)\"}"}]}
RESULT: {"script":"<script> [1562 bytes]","args":[{"selector":{"controlType":"sap.m.Button","viewName":"etm.portal.ui.addressmanagement.view.EditDetail","properties":{"text":"Attachments (0)"},"interaction":{"idSuffix":"BDI-content"}},"wdio_ui5_key":"etmportal.ui.addressmanagement.view.EditDetailsap.m.Button{\"text\":\"Attachments (0)\"}"}]}
RESULT: undefined
COMMAND: POST /session/ce809cdcea08f48edcd260db6707fd08/element - {"using":"xpath","value":"//*[@id=\"__xmlview61--ObjectPageLayout-anchBar-__xmlview61--attachments-anchor\"]"}
RESULT: {"using":"xpath","value":"//*[@id=\"__xmlview61--ObjectPageLayout-anchBar-__xmlview61--attachments-anchor\"]"}
COMMAND: POST /session/ce809cdcea08f48edcd260db6707fd08/element/f.52F91674B02438CD484A8394085238A8.d.C044E40A3A298FAFC54B8D15EB65509D.e.3785/click - {}
RESULT: {}
COMMAND: GET /session/ce809cdcea08f48edcd260db6707fd08/screenshot - {}
RESULT: {}
COMMAND: POST /session/ce809cdcea08f48edcd260db6707fd08/file - {"file":"[base64] 459776 bytes"}
RESULT: {"file":"[base64] 459776 bytes"}
COMMAND: POST /session/ce809cdcea08f48edcd260db6707fd08/element - {"using":"css selector","value":"input[type=\"file\"]"}
RESULT: {"using":"css selector","value":"input[type=\"file\"]"}
COMMAND: POST /session/ce809cdcea08f48edcd260db6707fd08/element/f.52F91674B02438CD484A8394085238A8.d.C044E40A3A298FAFC54B8D15EB65509D.e.3763/clear - {}
RESULT: {}
COMMAND: POST /session/ce809cdcea08f48edcd260db6707fd08/element/f.52F91674B02438CD484A8394085238A8.d.C044E40A3A298FAFC54B8D15EB65509D.e.3763/value - {"text":"C:\\Windows\\SystemTemp\\scoped_dir1380_983296577\\upload1380_175522119\\address-mng-pic.png"}
COMMAND: GET /session/ce809cdcea08f48edcd260db6707fd08/screenshot - {}
RESULT: {"text":"C:\\Windows\\SystemTemp\\scoped_dir1380_983296577\\upload1380_175522119\\address-mng-pic.png"}
COMMAND: GET /session/ce809cdcea08f48edcd260db6707fd08/screenshot - {}
RESULT: {}
RESULT: {}
COMMAND: POST /session/ce809cdcea08f48edcd260db6707fd08/element - {"using":"xpath","value":"//button[@data-kt=\"saveButton\"]"}
RESULT: {"using":"xpath","value":"//button[@data-kt=\"saveButton\"]"}
COMMAND: POST /session/ce809cdcea08f48edcd260db6707fd08/element/f.52F91674B02438CD484A8394085238A8.d.C044E40A3A298FAFC54B8D15EB65509D.e.3811/click - {}
RESULT: {}
COMMAND: GET /session/ce809cdcea08f48edcd260db6707fd08/screenshot - {}
RESULT: {}
COMMAND: POST /session/ce809cdcea08f48edcd260db6707fd08/execute/async - {"script":"<script> [1562 bytes]","args":[{"selector":{"id":"application-addressmanagement-display-component---detailAdm--ObjectPageLayout-anchBar-application-addressmanagement-display-component---detailAdm--attachments-anchor","interaction":{"idSuffix":"content"}},"wdio_ui5_key":"applicationaddressmanagement-display-component---detailAdm--ObjectPageLayout-anchBar-application-addressmanagement-display-component---detailAdm--attachments-anchor"}]}
RESULT: {"script":"<script> [1562 bytes]","args":[{"selector":{"id":"application-addressmanagement-display-component---detailAdm--ObjectPageLayout-anchBar-application-addressmanagement-display-component---detailAdm--attachments-anchor","interaction":{"idSuffix":"content"}},"wdio_ui5_key":"applicationaddressmanagement-display-component---detailAdm--ObjectPageLayout-anchBar-application-addressmanagement-display-component---detailAdm--attachments-anchor"}]}
RESULT: undefined
COMMAND: POST /session/ce809cdcea08f48edcd260db6707fd08/element - {"using":"xpath","value":"//*[@id=\"application-addressmanagement-display-component---detailAdm--ObjectPageLayout-anchBar-application-addressmanagement-display-component---detailAdm--attachments-anchor\"]"}
RESULT: {"using":"xpath","value":"//*[@id=\"application-addressmanagement-display-component---detailAdm--ObjectPageLayout-anchBar-application-addressmanagement-display-component---detailAdm--attachments-anchor\"]"}
COMMAND: POST /session/ce809cdcea08f48edcd260db6707fd08/element/f.52F91674B02438CD484A8394085238A8.d.C044E40A3A298FAFC54B8D15EB65509D.e.3819/click - {}
RESULT: {}
COMMAND: GET /session/ce809cdcea08f48edcd260db6707fd08/screenshot - {}
RESULT: {}
COMMAND: POST /session/ce809cdcea08f48edcd260db6707fd08/execute/async - {"script":"<script> [1562 bytes]","args":[{"selector":{"id":"application-addressmanagement-display-component---detailAdm--attachments"},"wdio_ui5_key":"applicationaddressmanagement-display-component---detailAdm--attachments"}]}
RESULT: {"script":"<script> [1562 bytes]","args":[{"selector":{"id":"application-addressmanagement-display-component---detailAdm--attachments"},"wdio_ui5_key":"applicationaddressmanagement-display-component---detailAdm--attachments"}]}
RESULT: undefined
COMMAND: POST /session/ce809cdcea08f48edcd260db6707fd08/execute/async - {"script":"<script> [6424 bytes]","args":[{"element-6066-11e4-a52e-4f735466cecf":"f.52F91674B02438CD484A8394085238A8.d.C044E40A3A298FAFC54B8D15EB65509D.e.3714"},"getTitle",[]]}
RESULT: {"script":"<script> [6424 bytes]","args":[{"element-6066-11e4-a52e-4f735466cecf":"f.52F91674B02438CD484A8394085238A8.d.C044E40A3A298FAFC54B8D15EB65509D.e.3714"},"getTitle",[]]}
COMMAND: POST /session/ce809cdcea08f48edcd260db6707fd08/element - {"using":"css selector","value":"#shell-header-logo"}
RESULT: {"using":"css selector","value":"#shell-header-logo"}
COMMAND: POST /session/ce809cdcea08f48edcd260db6707fd08/element/f.52F91674B02438CD484A8394085238A8.d.C044E40A3A298FAFC54B8D15EB65509D.e.3406/click - {}
RESULT: {}
COMMAND: GET /session/ce809cdcea08f48edcd260db6707fd08/screenshot - {}
RESULT: {}
]]></system-out>
    </testcase>
    <testcase classname="chrome.136_0_7103_93.windows.Address_Management_Tests_US156181_US151165_US151160_US156180_US156178_US151157_US151172_US151170_US151166_US151168" name="Step 9 Should remove the added attachment on the created address US151168 BUGGED FOR NOW" time="58.755">
      <system-out><![CDATA[
RESULT: undefined
COMMAND: POST /session/ce809cdcea08f48edcd260db6707fd08/element - {"using":"xpath","value":"//*[@id=\"__tile33\"]"}
RESULT: {"using":"xpath","value":"//*[@id=\"__tile33\"]"}
COMMAND: POST /session/ce809cdcea08f48edcd260db6707fd08/element/f.52F91674B02438CD484A8394085238A8.d.C044E40A3A298FAFC54B8D15EB65509D.e.220/click - {}
RESULT: {}
COMMAND: GET /session/ce809cdcea08f48edcd260db6707fd08/screenshot - {}
RESULT: {}
COMMAND: POST /session/ce809cdcea08f48edcd260db6707fd08/elements - {"using":"xpath","value":"//span[text()='Error']"}
RESULT: {"using":"xpath","value":"//span[text()='Error']"}
COMMAND: POST /session/ce809cdcea08f48edcd260db6707fd08/element - {"using":"xpath","value":"//button[@data-kt=\"addButton\"]"}
RESULT: {"using":"xpath","value":"//button[@data-kt=\"addButton\"]"}
COMMAND: POST /session/ce809cdcea08f48edcd260db6707fd08/elements - {"using":"xpath","value":"//button[@data-kt=\"addButton\"]"}
RESULT: {"using":"xpath","value":"//button[@data-kt=\"addButton\"]"}
COMMAND: POST /session/ce809cdcea08f48edcd260db6707fd08/execute/sync - {"script":"<script> [8489 bytes]","args":[{"element-6066-11e4-a52e-4f735466cecf":"f.52F91674B02438CD484A8394085238A8.d.C044E40A3A298FAFC54B8D15EB65509D.e.3890","ELEMENT":"f.52F91674B02438CD484A8394085238A8.d.C044E40A3A298FAFC54B8D15EB65509D.e.3890"}]}
RESULT: {"script":"<script> [8489 bytes]","args":[{"element-6066-11e4-a52e-4f735466cecf":"f.52F91674B02438CD484A8394085238A8.d.C044E40A3A298FAFC54B8D15EB65509D.e.3890","ELEMENT":"f.52F91674B02438CD484A8394085238A8.d.C044E40A3A298FAFC54B8D15EB65509D.e.3890"}]}
COMMAND: GET /session/ce809cdcea08f48edcd260db6707fd08/element/f.52F91674B02438CD484A8394085238A8.d.C044E40A3A298FAFC54B8D15EB65509D.e.3890/enabled - {}
COMMAND: GET /session/ce809cdcea08f48edcd260db6707fd08/screenshot - {}
RESULT: {}
COMMAND: POST /session/ce809cdcea08f48edcd260db6707fd08/execute/sync - {"script":"<script> [8489 bytes]","args":[{"element-6066-11e4-a52e-4f735466cecf":"f.52F91674B02438CD484A8394085238A8.d.C044E40A3A298FAFC54B8D15EB65509D.e.3890","ELEMENT":"f.52F91674B02438CD484A8394085238A8.d.C044E40A3A298FAFC54B8D15EB65509D.e.3890"}]}
COMMAND: GET /session/ce809cdcea08f48edcd260db6707fd08/screenshot - {}
RESULT: {}
RESULT: {"script":"<script> [8489 bytes]","args":[{"element-6066-11e4-a52e-4f735466cecf":"f.52F91674B02438CD484A8394085238A8.d.C044E40A3A298FAFC54B8D15EB65509D.e.3890","ELEMENT":"f.52F91674B02438CD484A8394085238A8.d.C044E40A3A298FAFC54B8D15EB65509D.e.3890"}]}
COMMAND: POST /session/ce809cdcea08f48edcd260db6707fd08/execute/sync - {"script":"<script> [5351 bytes]","args":[{"element-6066-11e4-a52e-4f735466cecf":"f.52F91674B02438CD484A8394085238A8.d.C044E40A3A298FAFC54B8D15EB65509D.e.3890","ELEMENT":"f.52F91674B02438CD484A8394085238A8.d.C044E40A3A298FAFC54B8D15EB65509D.e.3890"}]}
COMMAND: GET /session/ce809cdcea08f48edcd260db6707fd08/screenshot - {}
RESULT: {}
RESULT: {"script":"<script> [5351 bytes]","args":[{"element-6066-11e4-a52e-4f735466cecf":"f.52F91674B02438CD484A8394085238A8.d.C044E40A3A298FAFC54B8D15EB65509D.e.3890","ELEMENT":"f.52F91674B02438CD484A8394085238A8.d.C044E40A3A298FAFC54B8D15EB65509D.e.3890"}]}
COMMAND: GET /session/ce809cdcea08f48edcd260db6707fd08/screenshot - {}
RESULT: {}
RESULT: {}
RESULT: undefined
COMMAND: POST /session/ce809cdcea08f48edcd260db6707fd08/execute/async - {"script":"<script> [776 bytes]","args":[{"enterText":"US2ByZC5cR","selector":{"id":"application-addressmanagement-display-component---masterAdm--smartFilterBar-btnBasicSearch","interaction":{"idSuffix":"I"}},"clearTextFirst":true,"interactionType":"ENTER_TEXT"}]}
RESULT: {"script":"<script> [776 bytes]","args":[{"enterText":"US2ByZC5cR","selector":{"id":"application-addressmanagement-display-component---masterAdm--smartFilterBar-btnBasicSearch","interaction":{"idSuffix":"I"}},"clearTextFirst":true,"interactionType":"ENTER_TEXT"}]}
COMMAND: POST /session/ce809cdcea08f48edcd260db6707fd08/actions - {"actions":[{"id":"action15","type":"key","parameters":{},"actions":[{"type":"keyDown","value":""},{"type":"pause","duration":10},{"type":"keyUp","value":""}]}]}
RESULT: {"actions":[{"id":"action15","type":"key","parameters":{},"actions":[{"type":"keyDown","value":""},{"type":"pause","duration":10},{"type":"keyUp","value":""}]}]}
COMMAND: GET /session/ce809cdcea08f48edcd260db6707fd08/screenshot - {}
RESULT: {}
COMMAND: POST /session/ce809cdcea08f48edcd260db6707fd08/elements - {"using":"xpath","value":"//table[contains(@id, \"customPersonsAddressesTable-listUl\")]/tbody/tr"}
RESULT: {"using":"xpath","value":"//table[contains(@id, \"customPersonsAddressesTable-listUl\")]/tbody/tr"}
COMMAND: POST /session/ce809cdcea08f48edcd260db6707fd08/element - {"using":"xpath","value":"//table[contains(@id, \"customPersonsAddressesTable-listUl\")]/tbody/tr[1]/td[5]/span/span"}
RESULT: {"using":"xpath","value":"//table[contains(@id, \"customPersonsAddressesTable-listUl\")]/tbody/tr[1]/td[5]/span/span"}
COMMAND: POST /session/ce809cdcea08f48edcd260db6707fd08/element - {"using":"xpath","value":"//table[contains(@id, \"customPersonsAddressesTable-listUl\")]/tbody/tr[1]/td[3]/span"}
RESULT: {"using":"xpath","value":"//table[contains(@id, \"customPersonsAddressesTable-listUl\")]/tbody/tr[1]/td[3]/span"}
COMMAND: POST /session/ce809cdcea08f48edcd260db6707fd08/elements - {"using":"xpath","value":"//table[contains(@id, \"customPersonsAddressesTable-listUl\")]/tbody/tr[1]/td[5]/span/span"}
RESULT: {"using":"xpath","value":"//table[contains(@id, \"customPersonsAddressesTable-listUl\")]/tbody/tr[1]/td[5]/span/span"}
COMMAND: POST /session/ce809cdcea08f48edcd260db6707fd08/execute/sync - {"script":"<script> [56 bytes]","args":[{"element-6066-11e4-a52e-4f735466cecf":"f.52F91674B02438CD484A8394085238A8.d.C044E40A3A298FAFC54B8D15EB65509D.e.4024","ELEMENT":"f.52F91674B02438CD484A8394085238A8.d.C044E40A3A298FAFC54B8D15EB65509D.e.4024"}]}
RESULT: {"script":"<script> [56 bytes]","args":[{"element-6066-11e4-a52e-4f735466cecf":"f.52F91674B02438CD484A8394085238A8.d.C044E40A3A298FAFC54B8D15EB65509D.e.4024","ELEMENT":"f.52F91674B02438CD484A8394085238A8.d.C044E40A3A298FAFC54B8D15EB65509D.e.4024"}]}
COMMAND: POST /session/ce809cdcea08f48edcd260db6707fd08/execute/sync - {"script":"<script> [56 bytes]","args":[{"element-6066-11e4-a52e-4f735466cecf":"f.52F91674B02438CD484A8394085238A8.d.C044E40A3A298FAFC54B8D15EB65509D.e.4025","ELEMENT":"f.52F91674B02438CD484A8394085238A8.d.C044E40A3A298FAFC54B8D15EB65509D.e.4025"}]}
COMMAND: GET /session/ce809cdcea08f48edcd260db6707fd08/screenshot - {}
RESULT: {"script":"<script> [56 bytes]","args":[{"element-6066-11e4-a52e-4f735466cecf":"f.52F91674B02438CD484A8394085238A8.d.C044E40A3A298FAFC54B8D15EB65509D.e.4025","ELEMENT":"f.52F91674B02438CD484A8394085238A8.d.C044E40A3A298FAFC54B8D15EB65509D.e.4025"}]}
COMMAND: POST /session/ce809cdcea08f48edcd260db6707fd08/element - {"using":"xpath","value":"(//span[contains(@id, \"imgNav\")])[1]"}
COMMAND: GET /session/ce809cdcea08f48edcd260db6707fd08/screenshot - {}
RESULT: {}
RESULT: {"using":"xpath","value":"(//span[contains(@id, \"imgNav\")])[1]"}
COMMAND: POST /session/ce809cdcea08f48edcd260db6707fd08/element/f.52F91674B02438CD484A8394085238A8.d.C044E40A3A298FAFC54B8D15EB65509D.e.4022/click - {}
RESULT: {}
RESULT: {}
COMMAND: GET /session/ce809cdcea08f48edcd260db6707fd08/screenshot - {}
RESULT: {}
COMMAND: POST /session/ce809cdcea08f48edcd260db6707fd08/element - {"using":"xpath","value":"//bdi[contains(text(), \"Edit\")]"}
RESULT: {"using":"xpath","value":"//bdi[contains(text(), \"Edit\")]"}
COMMAND: POST /session/ce809cdcea08f48edcd260db6707fd08/element/f.52F91674B02438CD484A8394085238A8.d.C044E40A3A298FAFC54B8D15EB65509D.e.4140/click - {}
RESULT: {}
COMMAND: GET /session/ce809cdcea08f48edcd260db6707fd08/screenshot - {}
RESULT: {}
COMMAND: POST /session/ce809cdcea08f48edcd260db6707fd08/execute/async - {"script":"<script> [1562 bytes]","args":[{"selector":{"controlType":"sap.m.Button","viewName":"etm.portal.ui.addressmanagement.view.EditDetail","properties":{"text":"Attachments (1)"},"interaction":{"idSuffix":"BDI-content"}},"wdio_ui5_key":"etmportal.ui.addressmanagement.view.EditDetailsap.m.Button{\"text\":\"Attachments (1)\"}"}]}
RESULT: {"script":"<script> [1562 bytes]","args":[{"selector":{"controlType":"sap.m.Button","viewName":"etm.portal.ui.addressmanagement.view.EditDetail","properties":{"text":"Attachments (1)"},"interaction":{"idSuffix":"BDI-content"}},"wdio_ui5_key":"etmportal.ui.addressmanagement.view.EditDetailsap.m.Button{\"text\":\"Attachments (1)\"}"}]}
RESULT: undefined
COMMAND: POST /session/ce809cdcea08f48edcd260db6707fd08/element - {"using":"xpath","value":"//*[@id=\"__xmlview62--ObjectPageLayout-anchBar-__xmlview62--attachments-anchor\"]"}
RESULT: {"using":"xpath","value":"//*[@id=\"__xmlview62--ObjectPageLayout-anchBar-__xmlview62--attachments-anchor\"]"}
COMMAND: POST /session/ce809cdcea08f48edcd260db6707fd08/element/f.52F91674B02438CD484A8394085238A8.d.C044E40A3A298FAFC54B8D15EB65509D.e.4184/click - {}
RESULT: {}
COMMAND: GET /session/ce809cdcea08f48edcd260db6707fd08/screenshot - {}
RESULT: {}
COMMAND: POST /session/ce809cdcea08f48edcd260db6707fd08/execute/async - {"script":"<script> [1562 bytes]","args":[{"selector":{"controlType":"sap.ui.core.Icon","viewName":"etm.portal.ui.addressmanagement.view.EditDetail","properties":{"src":{"regex":{"source":"decline"}}}},"wdio_ui5_key":"etmportal.ui.addressmanagement.view.EditDetailsap.ui.core.Icon{\"src\":{\"regex\":{\"source\":\"decline\"}}}"}]}
RESULT: {"script":"<script> [1562 bytes]","args":[{"selector":{"controlType":"sap.ui.core.Icon","viewName":"etm.portal.ui.addressmanagement.view.EditDetail","properties":{"src":{"regex":{"source":"decline"}}}},"wdio_ui5_key":"etmportal.ui.addressmanagement.view.EditDetailsap.ui.core.Icon{\"src\":{\"regex\":{\"source\":\"decline\"}}}"}]}
RESULT: undefined
COMMAND: POST /session/ce809cdcea08f48edcd260db6707fd08/element - {"using":"xpath","value":"//*[@id=\"__item862-__set10-0-deleteButton-img\"]"}
RESULT: {"using":"xpath","value":"//*[@id=\"__item862-__set10-0-deleteButton-img\"]"}
COMMAND: POST /session/ce809cdcea08f48edcd260db6707fd08/element/f.52F91674B02438CD484A8394085238A8.d.C044E40A3A298FAFC54B8D15EB65509D.e.4191/click - {}
RESULT: {}
COMMAND: GET /session/ce809cdcea08f48edcd260db6707fd08/screenshot - {}
RESULT: {}
COMMAND: POST /session/ce809cdcea08f48edcd260db6707fd08/element - {"using":"xpath","value":"//bdi[contains(text(), \"OK\")]"}
RESULT: {"using":"xpath","value":"//bdi[contains(text(), \"OK\")]"}
COMMAND: POST /session/ce809cdcea08f48edcd260db6707fd08/element/f.52F91674B02438CD484A8394085238A8.d.C044E40A3A298FAFC54B8D15EB65509D.e.4194/click - {}
RESULT: {}
COMMAND: GET /session/ce809cdcea08f48edcd260db6707fd08/screenshot - {}
RESULT: {}
COMMAND: POST /session/ce809cdcea08f48edcd260db6707fd08/element - {"using":"xpath","value":"//button[@data-kt=\"saveButton\"]"}
RESULT: {"using":"xpath","value":"//button[@data-kt=\"saveButton\"]"}
COMMAND: POST /session/ce809cdcea08f48edcd260db6707fd08/element/f.52F91674B02438CD484A8394085238A8.d.C044E40A3A298FAFC54B8D15EB65509D.e.4215/click - {}
RESULT: {}
COMMAND: GET /session/ce809cdcea08f48edcd260db6707fd08/screenshot - {}
RESULT: {}
RESULT: undefined
COMMAND: POST /session/ce809cdcea08f48edcd260db6707fd08/element - {"using":"xpath","value":"//*[@id=\"application-addressmanagement-display-component---detailAdm--ObjectPageLayout-anchBar-application-addressmanagement-display-component---detailAdm--attachments-anchor\"]"}
RESULT: {"using":"xpath","value":"//*[@id=\"application-addressmanagement-display-component---detailAdm--ObjectPageLayout-anchBar-application-addressmanagement-display-component---detailAdm--attachments-anchor\"]"}
COMMAND: POST /session/ce809cdcea08f48edcd260db6707fd08/element/f.52F91674B02438CD484A8394085238A8.d.C044E40A3A298FAFC54B8D15EB65509D.e.4222/click - {}
RESULT: {}
COMMAND: GET /session/ce809cdcea08f48edcd260db6707fd08/screenshot - {}
RESULT: {}
RESULT: undefined
COMMAND: POST /session/ce809cdcea08f48edcd260db6707fd08/execute/async - {"script":"<script> [6424 bytes]","args":[{"element-6066-11e4-a52e-4f735466cecf":"f.52F91674B02438CD484A8394085238A8.d.C044E40A3A298FAFC54B8D15EB65509D.e.3714"},"getTitle",[]]}
COMMAND: POST /session/ce809cdcea08f48edcd260db6707fd08/execute/async - {"script":"<script> [1562 bytes]","args":[{"selector":{"id":"application-addressmanagement-display-component---detailAdm--attachments"},"wdio_ui5_key":"applicationaddressmanagement-display-component---detailAdm--attachments"}]}
RESULT: {"script":"<script> [1562 bytes]","args":[{"selector":{"id":"application-addressmanagement-display-component---detailAdm--attachments"},"wdio_ui5_key":"applicationaddressmanagement-display-component---detailAdm--attachments"}]}
COMMAND: POST /session/ce809cdcea08f48edcd260db6707fd08/execute/async - {"script":"<script> [6424 bytes]","args":[{"element-6066-11e4-a52e-4f735466cecf":"f.52F91674B02438CD484A8394085238A8.d.C044E40A3A298FAFC54B8D15EB65509D.e.4126"},"getTitle",[]]}
RESULT: {"script":"<script> [6424 bytes]","args":[{"element-6066-11e4-a52e-4f735466cecf":"f.52F91674B02438CD484A8394085238A8.d.C044E40A3A298FAFC54B8D15EB65509D.e.4126"},"getTitle",[]]}
COMMAND: POST /session/ce809cdcea08f48edcd260db6707fd08/element - {"using":"css selector","value":"#shell-header-logo"}
RESULT: {"using":"css selector","value":"#shell-header-logo"}
COMMAND: POST /session/ce809cdcea08f48edcd260db6707fd08/element/f.52F91674B02438CD484A8394085238A8.d.C044E40A3A298FAFC54B8D15EB65509D.e.3827/click - {}
RESULT: {}
COMMAND: GET /session/ce809cdcea08f48edcd260db6707fd08/screenshot - {}
RESULT: {}
COMMAND: GET /session/ce809cdcea08f48edcd260db6707fd08/screenshot - {}
RESULT: {}
COMMAND: DELETE /session/ce809cdcea08f48edcd260db6707fd08 - {}
RESULT: {}
]]></system-out>
    </testcase>
  </testsuite>
</testsuites>