<?xml version="1.0" encoding="UTF-8"?>
<testsuites tests="58" failures="5" errors="5" skipped="0">
  <testsuite timestamp="2025-05-22T17:11:52" time="1086.989" tests="11" failures="5" errors="5" skipped="0">
    <properties>
      <property name="specId" value="0"/>
      <property name="suiteName" value="Billing confirm US117289"/>
      <property name="capabilities" value="chrome.136_0_7103_93.windows"/>
      <property name="file" value="file:///D:/a/1/s/test/specs/BTS/billing-confirm.spec.js"/>
    </properties>
    <testcase classname="chrome.136_0_7103_93.windows.Billing_confirm_US117289" name="Should create a new yard" time="138.445">
      <system-out><![CDATA[
COMMAND: POST /session/8710bc86126986cf02bb1d50a5f31e3a/window/fullscreen - {}
RESULT: {}
COMMAND: POST /session/8710bc86126986cf02bb1d50a5f31e3a/execute/async - {"script":"<script> [1562 bytes]","args":[{"selector":{"controlType":"sap.m.GenericTile","properties":{"header":"Manage Yards"}},"wdio_ui5_key":"sapm.GenericTile{\"header\":\"Manage Yards\"}"}]}
RESULT: {"script":"<script> [1562 bytes]","args":[{"selector":{"controlType":"sap.m.GenericTile","properties":{"header":"Manage Yards"}},"wdio_ui5_key":"sapm.GenericTile{\"header\":\"Manage Yards\"}"}]}
RESULT: undefined
COMMAND: POST /session/8710bc86126986cf02bb1d50a5f31e3a/element - {"using":"xpath","value":"//*[@id=\"__tile41\"]"}
RESULT: {"using":"xpath","value":"//*[@id=\"__tile41\"]"}
COMMAND: POST /session/8710bc86126986cf02bb1d50a5f31e3a/element/f.4F28C2583BB65896889CB8FD582548C6.d.1C197BF7255FCE434D911412A3920A41.e.159/click - {}
RESULT: {}
COMMAND: GET /session/8710bc86126986cf02bb1d50a5f31e3a/screenshot - {}
RESULT: {}
COMMAND: POST /session/8710bc86126986cf02bb1d50a5f31e3a/elements - {"using":"xpath","value":"//span[text()='Error']"}
RESULT: {"using":"xpath","value":"//span[text()='Error']"}
COMMAND: POST /session/8710bc86126986cf02bb1d50a5f31e3a/element - {"using":"xpath","value":"//button[@data-kt=\"addNewYardOverflowToolbarButton\"]"}
RESULT: {"using":"xpath","value":"//button[@data-kt=\"addNewYardOverflowToolbarButton\"]"}
COMMAND: POST /session/8710bc86126986cf02bb1d50a5f31e3a/elements - {"using":"xpath","value":"//button[@data-kt=\"addNewYardOverflowToolbarButton\"]"}
RESULT: {"using":"xpath","value":"//button[@data-kt=\"addNewYardOverflowToolbarButton\"]"}
COMMAND: POST /session/8710bc86126986cf02bb1d50a5f31e3a/elements - {"using":"xpath","value":"//button[@data-kt=\"addNewYardOverflowToolbarButton\"]"}
RESULT: {"using":"xpath","value":"//button[@data-kt=\"addNewYardOverflowToolbarButton\"]"}
COMMAND: POST /session/8710bc86126986cf02bb1d50a5f31e3a/elements - {"using":"xpath","value":"//button[@data-kt=\"addNewYardOverflowToolbarButton\"]"}
RESULT: {"using":"xpath","value":"//button[@data-kt=\"addNewYardOverflowToolbarButton\"]"}
COMMAND: POST /session/8710bc86126986cf02bb1d50a5f31e3a/elements - {"using":"xpath","value":"//button[@data-kt=\"addNewYardOverflowToolbarButton\"]"}
RESULT: {"using":"xpath","value":"//button[@data-kt=\"addNewYardOverflowToolbarButton\"]"}
COMMAND: POST /session/8710bc86126986cf02bb1d50a5f31e3a/elements - {"using":"xpath","value":"//button[@data-kt=\"addNewYardOverflowToolbarButton\"]"}
RESULT: {"using":"xpath","value":"//button[@data-kt=\"addNewYardOverflowToolbarButton\"]"}
COMMAND: POST /session/8710bc86126986cf02bb1d50a5f31e3a/element - {"using":"xpath","value":"//button[@data-kt=\"addNewYardOverflowToolbarButton\"]"}
RESULT: {"using":"xpath","value":"//button[@data-kt=\"addNewYardOverflowToolbarButton\"]"}
COMMAND: POST /session/8710bc86126986cf02bb1d50a5f31e3a/execute/sync - {"script":"<script> [8489 bytes]","args":[{"element-6066-11e4-a52e-4f735466cecf":"f.4F28C2583BB65896889CB8FD582548C6.d.1C197BF7255FCE434D911412A3920A41.e.296","ELEMENT":"f.4F28C2583BB65896889CB8FD582548C6.d.1C197BF7255FCE434D911412A3920A41.e.296"}]}
RESULT: {"script":"<script> [8489 bytes]","args":[{"element-6066-11e4-a52e-4f735466cecf":"f.4F28C2583BB65896889CB8FD582548C6.d.1C197BF7255FCE434D911412A3920A41.e.296","ELEMENT":"f.4F28C2583BB65896889CB8FD582548C6.d.1C197BF7255FCE434D911412A3920A41.e.296"}]}
COMMAND: GET /session/8710bc86126986cf02bb1d50a5f31e3a/element/f.4F28C2583BB65896889CB8FD582548C6.d.1C197BF7255FCE434D911412A3920A41.e.296/enabled - {}
COMMAND: GET /session/8710bc86126986cf02bb1d50a5f31e3a/screenshot - {}
RESULT: {}
COMMAND: POST /session/8710bc86126986cf02bb1d50a5f31e3a/execute/sync - {"script":"<script> [8489 bytes]","args":[{"element-6066-11e4-a52e-4f735466cecf":"f.4F28C2583BB65896889CB8FD582548C6.d.1C197BF7255FCE434D911412A3920A41.e.296","ELEMENT":"f.4F28C2583BB65896889CB8FD582548C6.d.1C197BF7255FCE434D911412A3920A41.e.296"}]}
COMMAND: GET /session/8710bc86126986cf02bb1d50a5f31e3a/screenshot - {}
RESULT: {}
RESULT: {"script":"<script> [8489 bytes]","args":[{"element-6066-11e4-a52e-4f735466cecf":"f.4F28C2583BB65896889CB8FD582548C6.d.1C197BF7255FCE434D911412A3920A41.e.296","ELEMENT":"f.4F28C2583BB65896889CB8FD582548C6.d.1C197BF7255FCE434D911412A3920A41.e.296"}]}
COMMAND: POST /session/8710bc86126986cf02bb1d50a5f31e3a/execute/sync - {"script":"<script> [5351 bytes]","args":[{"element-6066-11e4-a52e-4f735466cecf":"f.4F28C2583BB65896889CB8FD582548C6.d.1C197BF7255FCE434D911412A3920A41.e.296","ELEMENT":"f.4F28C2583BB65896889CB8FD582548C6.d.1C197BF7255FCE434D911412A3920A41.e.296"}]}
COMMAND: GET /session/8710bc86126986cf02bb1d50a5f31e3a/screenshot - {}
RESULT: {}
RESULT: {"script":"<script> [5351 bytes]","args":[{"element-6066-11e4-a52e-4f735466cecf":"f.4F28C2583BB65896889CB8FD582548C6.d.1C197BF7255FCE434D911412A3920A41.e.296","ELEMENT":"f.4F28C2583BB65896889CB8FD582548C6.d.1C197BF7255FCE434D911412A3920A41.e.296"}]}
COMMAND: POST /session/8710bc86126986cf02bb1d50a5f31e3a/element/f.4F28C2583BB65896889CB8FD582548C6.d.1C197BF7255FCE434D911412A3920A41.e.296/click - {}
COMMAND: GET /session/8710bc86126986cf02bb1d50a5f31e3a/screenshot - {}
RESULT: {}
RESULT: {}
COMMAND: GET /session/8710bc86126986cf02bb1d50a5f31e3a/screenshot - {}
COMMAND: POST /session/8710bc86126986cf02bb1d50a5f31e3a/element - {"using":"xpath","value":"//input[@id=\"application-manageyards-display-component---NewYard--yardId-inner\"]"}
RESULT: {}
RESULT: {}
RESULT: {"using":"xpath","value":"//input[@id=\"application-manageyards-display-component---NewYard--yardId-inner\"]"}
COMMAND: POST /session/8710bc86126986cf02bb1d50a5f31e3a/element - {"using":"xpath","value":"//input[@id=\"application-manageyards-display-component---NewYard--yardId-inner\"]"}
RESULT: {"using":"xpath","value":"//input[@id=\"application-manageyards-display-component---NewYard--yardId-inner\"]"}
COMMAND: POST /session/8710bc86126986cf02bb1d50a5f31e3a/execute/async - {"script":"<script> [1562 bytes]","args":[{"selector":{"id":"application-manageyards-display-component---NewYard--addressDetailDetailsName1","interaction":{"idSuffix":"inner"}},"wdio_ui5_key":"applicationmanageyards-display-component---NewYard--addressDetailDetailsName1"}]}
RESULT: {"script":"<script> [1562 bytes]","args":[{"selector":{"id":"application-manageyards-display-component---NewYard--addressDetailDetailsName1","interaction":{"idSuffix":"inner"}},"wdio_ui5_key":"applicationmanageyards-display-component---NewYard--addressDetailDetailsName1"}]}
RESULT: undefined
COMMAND: POST /session/8710bc86126986cf02bb1d50a5f31e3a/execute/async - {"script":"<script> [776 bytes]","args":[{"enterText":"Intracompany Yard wdIO","selector":{"id":"application-manageyards-display-component---NewYard--addressDetailDetailsName1","interaction":{"idSuffix":"inner"}},"clearTextFirst":true,"interactionType":"ENTER_TEXT"}]}
RESULT: {"script":"<script> [776 bytes]","args":[{"enterText":"Intracompany Yard wdIO","selector":{"id":"application-manageyards-display-component---NewYard--addressDetailDetailsName1","interaction":{"idSuffix":"inner"}},"clearTextFirst":true,"interactionType":"ENTER_TEXT"}]}
COMMAND: POST /session/8710bc86126986cf02bb1d50a5f31e3a/execute/async - {"script":"<script> [1562 bytes]","args":[{"selector":{"id":"application-manageyards-display-component---NewYard--addressDetailDetailsLanguage-arrow"},"wdio_ui5_key":"applicationmanageyards-display-component---NewYard--addressDetailDetailsLanguage-arrow"}]}
RESULT: {"script":"<script> [1562 bytes]","args":[{"selector":{"id":"application-manageyards-display-component---NewYard--addressDetailDetailsLanguage-arrow"},"wdio_ui5_key":"applicationmanageyards-display-component---NewYard--addressDetailDetailsLanguage-arrow"}]}
RESULT: undefined
COMMAND: POST /session/8710bc86126986cf02bb1d50a5f31e3a/element - {"using":"xpath","value":"//*[@id=\"application-manageyards-display-component---NewYard--addressDetailDetailsLanguage-arrow\"]"}
RESULT: {"using":"xpath","value":"//*[@id=\"application-manageyards-display-component---NewYard--addressDetailDetailsLanguage-arrow\"]"}
COMMAND: POST /session/8710bc86126986cf02bb1d50a5f31e3a/element/f.4F28C2583BB65896889CB8FD582548C6.d.1C197BF7255FCE434D911412A3920A41.e.728/click - {}
RESULT: {}
COMMAND: POST /session/8710bc86126986cf02bb1d50a5f31e3a/element - {"using":"xpath","value":"//span[contains(text(), \"English\")]"}
COMMAND: GET /session/8710bc86126986cf02bb1d50a5f31e3a/screenshot - {}
RESULT: {"using":"xpath","value":"//span[contains(text(), \"English\")]"}
COMMAND: POST /session/8710bc86126986cf02bb1d50a5f31e3a/element/f.4F28C2583BB65896889CB8FD582548C6.d.1C197BF7255FCE434D911412A3920A41.e.729/click - {}
RESULT: {}
RESULT: {}
COMMAND: POST /session/8710bc86126986cf02bb1d50a5f31e3a/execute/async - {"script":"<script> [1562 bytes]","args":[{"selector":{"id":"application-manageyards-display-component---NewYard--addressDetailDetailsCity1","interaction":{"idSuffix":"inner"}},"wdio_ui5_key":"applicationmanageyards-display-component---NewYard--addressDetailDetailsCity1"}]}
COMMAND: GET /session/8710bc86126986cf02bb1d50a5f31e3a/screenshot - {}
RESULT: {"script":"<script> [1562 bytes]","args":[{"selector":{"id":"application-manageyards-display-component---NewYard--addressDetailDetailsCity1","interaction":{"idSuffix":"inner"}},"wdio_ui5_key":"applicationmanageyards-display-component---NewYard--addressDetailDetailsCity1"}]}
RESULT: undefined
COMMAND: POST /session/8710bc86126986cf02bb1d50a5f31e3a/execute/async - {"script":"<script> [776 bytes]","args":[{"enterText":"Rosario","selector":{"id":"application-manageyards-display-component---NewYard--addressDetailDetailsCity1","interaction":{"idSuffix":"inner"}},"clearTextFirst":true,"interactionType":"ENTER_TEXT"}]}
RESULT: {}
RESULT: {"script":"<script> [776 bytes]","args":[{"enterText":"Rosario","selector":{"id":"application-manageyards-display-component---NewYard--addressDetailDetailsCity1","interaction":{"idSuffix":"inner"}},"clearTextFirst":true,"interactionType":"ENTER_TEXT"}]}
COMMAND: POST /session/8710bc86126986cf02bb1d50a5f31e3a/execute/async - {"script":"<script> [1562 bytes]","args":[{"selector":{"id":"application-manageyards-display-component---NewYard--addressDetailDetailsCountry-arrow"},"wdio_ui5_key":"applicationmanageyards-display-component---NewYard--addressDetailDetailsCountry-arrow"}]}
RESULT: {"script":"<script> [1562 bytes]","args":[{"selector":{"id":"application-manageyards-display-component---NewYard--addressDetailDetailsCountry-arrow"},"wdio_ui5_key":"applicationmanageyards-display-component---NewYard--addressDetailDetailsCountry-arrow"}]}
RESULT: undefined
COMMAND: POST /session/8710bc86126986cf02bb1d50a5f31e3a/element - {"using":"xpath","value":"//*[@id=\"application-manageyards-display-component---NewYard--addressDetailDetailsCountry-arrow\"]"}
RESULT: {"using":"xpath","value":"//*[@id=\"application-manageyards-display-component---NewYard--addressDetailDetailsCountry-arrow\"]"}
COMMAND: POST /session/8710bc86126986cf02bb1d50a5f31e3a/element/f.4F28C2583BB65896889CB8FD582548C6.d.1C197BF7255FCE434D911412A3920A41.e.731/click - {}
RESULT: {}
COMMAND: POST /session/8710bc86126986cf02bb1d50a5f31e3a/element - {"using":"xpath","value":"//span[contains(text(), \"Argentina\")]"}
COMMAND: GET /session/8710bc86126986cf02bb1d50a5f31e3a/screenshot - {}
RESULT: {"using":"xpath","value":"//span[contains(text(), \"Argentina\")]"}
COMMAND: POST /session/8710bc86126986cf02bb1d50a5f31e3a/element/f.4F28C2583BB65896889CB8FD582548C6.d.1C197BF7255FCE434D911412A3920A41.e.733/click - {}
RESULT: {}
RESULT: {}
COMMAND: POST /session/8710bc86126986cf02bb1d50a5f31e3a/execute/async - {"script":"<script> [1562 bytes]","args":[{"selector":{"id":"application-manageyards-display-component---NewYard--addressEditDetailsCostObjectCstType-arrow"},"wdio_ui5_key":"applicationmanageyards-display-component---NewYard--addressEditDetailsCostObjectCstType-arrow"}]}
COMMAND: GET /session/8710bc86126986cf02bb1d50a5f31e3a/screenshot - {}
RESULT: {"script":"<script> [1562 bytes]","args":[{"selector":{"id":"application-manageyards-display-component---NewYard--addressEditDetailsCostObjectCstType-arrow"},"wdio_ui5_key":"applicationmanageyards-display-component---NewYard--addressEditDetailsCostObjectCstType-arrow"}]}
RESULT: undefined
COMMAND: POST /session/8710bc86126986cf02bb1d50a5f31e3a/element - {"using":"xpath","value":"//*[@id=\"application-manageyards-display-component---NewYard--addressEditDetailsCostObjectCstType-arrow\"]"}
RESULT: {}
RESULT: {"using":"xpath","value":"//*[@id=\"application-manageyards-display-component---NewYard--addressEditDetailsCostObjectCstType-arrow\"]"}
COMMAND: POST /session/8710bc86126986cf02bb1d50a5f31e3a/element/f.4F28C2583BB65896889CB8FD582548C6.d.1C197BF7255FCE434D911412A3920A41.e.734/click - {}
RESULT: {}
COMMAND: POST /session/8710bc86126986cf02bb1d50a5f31e3a/element - {"using":"xpath","value":"//span[contains(text(), \"Cost Center\")]"}
COMMAND: GET /session/8710bc86126986cf02bb1d50a5f31e3a/screenshot - {}
RESULT: {"using":"xpath","value":"//span[contains(text(), \"Cost Center\")]"}
COMMAND: POST /session/8710bc86126986cf02bb1d50a5f31e3a/element/f.4F28C2583BB65896889CB8FD582548C6.d.1C197BF7255FCE434D911412A3920A41.e.735/click - {}
RESULT: {}
RESULT: {}
COMMAND: GET /session/8710bc86126986cf02bb1d50a5f31e3a/screenshot - {}
RESULT: {}
COMMAND: POST /session/8710bc86126986cf02bb1d50a5f31e3a/element - {"using":"xpath","value":"//span[@id=\"application-manageyards-display-component---NewYard--addressNewCostObjectCstID-vhi\"]"}
RESULT: {"using":"xpath","value":"//span[@id=\"application-manageyards-display-component---NewYard--addressNewCostObjectCstID-vhi\"]"}
COMMAND: POST /session/8710bc86126986cf02bb1d50a5f31e3a/execute/sync - {"script":"<script> [8489 bytes]","args":[{"element-6066-11e4-a52e-4f735466cecf":"f.4F28C2583BB65896889CB8FD582548C6.d.1C197BF7255FCE434D911412A3920A41.e.739","ELEMENT":"f.4F28C2583BB65896889CB8FD582548C6.d.1C197BF7255FCE434D911412A3920A41.e.739"}]}
RESULT: {"script":"<script> [8489 bytes]","args":[{"element-6066-11e4-a52e-4f735466cecf":"f.4F28C2583BB65896889CB8FD582548C6.d.1C197BF7255FCE434D911412A3920A41.e.739","ELEMENT":"f.4F28C2583BB65896889CB8FD582548C6.d.1C197BF7255FCE434D911412A3920A41.e.739"}]}
COMMAND: POST /session/8710bc86126986cf02bb1d50a5f31e3a/execute/async - {"script":"<script> [1562 bytes]","args":[{"selector":{"id":"application-manageyards-display-component---NewYard--addressNewCostObjectCstID-vhi"},"wdio_ui5_key":"applicationmanageyards-display-component---NewYard--addressNewCostObjectCstID-vhi"}]}
COMMAND: GET /session/8710bc86126986cf02bb1d50a5f31e3a/screenshot - {}
RESULT: {"script":"<script> [1562 bytes]","args":[{"selector":{"id":"application-manageyards-display-component---NewYard--addressNewCostObjectCstID-vhi"},"wdio_ui5_key":"applicationmanageyards-display-component---NewYard--addressNewCostObjectCstID-vhi"}]}
RESULT: undefined
COMMAND: POST /session/8710bc86126986cf02bb1d50a5f31e3a/element - {"using":"xpath","value":"//*[@id=\"application-manageyards-display-component---NewYard--addressNewCostObjectCstID-vhi\"]"}
RESULT: {}
RESULT: {"using":"xpath","value":"//*[@id=\"application-manageyards-display-component---NewYard--addressNewCostObjectCstID-vhi\"]"}
COMMAND: POST /session/8710bc86126986cf02bb1d50a5f31e3a/element/f.4F28C2583BB65896889CB8FD582548C6.d.1C197BF7255FCE434D911412A3920A41.e.739/click - {}
RESULT: {}
COMMAND: GET /session/8710bc86126986cf02bb1d50a5f31e3a/screenshot - {}
RESULT: {}
COMMAND: POST /session/8710bc86126986cf02bb1d50a5f31e3a/execute/async - {"script":"<script> [1562 bytes]","args":[{"selector":{"controlType":"sap.m.SearchField","properties":{"placeholder":"Search"},"searchOpenDialogs":true,"interaction":{"idSuffix":"I"}},"wdio_ui5_key":"sapm.SearchField{\"placeholder\":\"Search\"}"}]}
RESULT: {"script":"<script> [1562 bytes]","args":[{"selector":{"controlType":"sap.m.SearchField","properties":{"placeholder":"Search"},"searchOpenDialogs":true,"interaction":{"idSuffix":"I"}},"wdio_ui5_key":"sapm.SearchField{\"placeholder\":\"Search\"}"}]}
RESULT: undefined
COMMAND: POST /session/8710bc86126986cf02bb1d50a5f31e3a/execute/async - {"script":"<script> [776 bytes]","args":[{"enterText":"bauh_b","selector":{"controlType":"sap.m.SearchField","properties":{"placeholder":"Search"},"searchOpenDialogs":true,"interaction":{"idSuffix":"I"}},"clearTextFirst":true,"interactionType":"ENTER_TEXT"}]}
RESULT: {"script":"<script> [776 bytes]","args":[{"enterText":"bauh_b","selector":{"controlType":"sap.m.SearchField","properties":{"placeholder":"Search"},"searchOpenDialogs":true,"interaction":{"idSuffix":"I"}},"clearTextFirst":true,"interactionType":"ENTER_TEXT"}]}
COMMAND: POST /session/8710bc86126986cf02bb1d50a5f31e3a/actions - {"actions":[{"id":"action1","type":"key","parameters":{},"actions":[{"type":"keyDown","value":""},{"type":"pause","duration":10},{"type":"keyUp","value":""}]}]}
RESULT: {"actions":[{"id":"action1","type":"key","parameters":{},"actions":[{"type":"keyDown","value":""},{"type":"pause","duration":10},{"type":"keyUp","value":""}]}]}
COMMAND: GET /session/8710bc86126986cf02bb1d50a5f31e3a/screenshot - {}
RESULT: {}
COMMAND: POST /session/8710bc86126986cf02bb1d50a5f31e3a/element - {"using":"xpath","value":"//span[contains(text(), \"Demo Yard\")]"}
RESULT: {"using":"xpath","value":"//span[contains(text(), \"Demo Yard\")]"}
COMMAND: POST /session/8710bc86126986cf02bb1d50a5f31e3a/element/f.4F28C2583BB65896889CB8FD582548C6.d.1C197BF7255FCE434D911412A3920A41.e.779/click - {}
RESULT: {}
COMMAND: GET /session/8710bc86126986cf02bb1d50a5f31e3a/screenshot - {}
RESULT: {}
COMMAND: POST /session/8710bc86126986cf02bb1d50a5f31e3a/element - {"using":"xpath","value":"//bdi[contains(text(), \"OK\")]"}
RESULT: {"using":"xpath","value":"//bdi[contains(text(), \"OK\")]"}
COMMAND: POST /session/8710bc86126986cf02bb1d50a5f31e3a/element/f.4F28C2583BB65896889CB8FD582548C6.d.1C197BF7255FCE434D911412A3920A41.e.780/click - {}
RESULT: {}
COMMAND: GET /session/8710bc86126986cf02bb1d50a5f31e3a/screenshot - {}
RESULT: {}
COMMAND: POST /session/8710bc86126986cf02bb1d50a5f31e3a/execute/async - {"script":"<script> [1562 bytes]","args":[{"selector":{"id":"application-manageyards-display-component---NewYard--addressEditDetailsCurrency-arrow"},"wdio_ui5_key":"applicationmanageyards-display-component---NewYard--addressEditDetailsCurrency-arrow"}]}
RESULT: {"script":"<script> [1562 bytes]","args":[{"selector":{"id":"application-manageyards-display-component---NewYard--addressEditDetailsCurrency-arrow"},"wdio_ui5_key":"applicationmanageyards-display-component---NewYard--addressEditDetailsCurrency-arrow"}]}
RESULT: undefined
COMMAND: POST /session/8710bc86126986cf02bb1d50a5f31e3a/element - {"using":"xpath","value":"//*[@id=\"application-manageyards-display-component---NewYard--addressEditDetailsCurrency-arrow\"]"}
RESULT: {"using":"xpath","value":"//*[@id=\"application-manageyards-display-component---NewYard--addressEditDetailsCurrency-arrow\"]"}
COMMAND: POST /session/8710bc86126986cf02bb1d50a5f31e3a/element/f.4F28C2583BB65896889CB8FD582548C6.d.1C197BF7255FCE434D911412A3920A41.e.783/click - {}
RESULT: {}
COMMAND: POST /session/8710bc86126986cf02bb1d50a5f31e3a/element - {"using":"xpath","value":"//span[contains(text(), \"Euro\")]"}
COMMAND: GET /session/8710bc86126986cf02bb1d50a5f31e3a/screenshot - {}
RESULT: {"using":"xpath","value":"//span[contains(text(), \"Euro\")]"}
COMMAND: POST /session/8710bc86126986cf02bb1d50a5f31e3a/element/f.4F28C2583BB65896889CB8FD582548C6.d.1C197BF7255FCE434D911412A3920A41.e.784/click - {}
RESULT: {}
RESULT: {}
COMMAND: POST /session/8710bc86126986cf02bb1d50a5f31e3a/execute/async - {"script":"<script> [1562 bytes]","args":[{"selector":{"controlType":"sap.m.Input","viewName":"etm.portal.ui.manageyards.view.New","viewId":"application-manageyards-display-component---NewYard","bindingPath":{"path":"","propertyPath":"/CONTROLLING_AREA","modelName":"NewYardModel"},"interaction":{"idSuffix":"inner"}},"wdio_ui5_key":"etmportal.ui.manageyards.view.Newsap.m.Input{\"path\":\"\",\"propertyPath\":\"/CONTROLLING_AREA\",\"modelName\":\"NewYardModel\"}"}]}
COMMAND: GET /session/8710bc86126986cf02bb1d50a5f31e3a/screenshot - {}
RESULT: {"script":"<script> [1562 bytes]","args":[{"selector":{"controlType":"sap.m.Input","viewName":"etm.portal.ui.manageyards.view.New","viewId":"application-manageyards-display-component---NewYard","bindingPath":{"path":"","propertyPath":"/CONTROLLING_AREA","modelName":"NewYardModel"},"interaction":{"idSuffix":"inner"}},"wdio_ui5_key":"etmportal.ui.manageyards.view.Newsap.m.Input{\"path\":\"\",\"propertyPath\":\"/CONTROLLING_AREA\",\"modelName\":\"NewYardModel\"}"}]}
RESULT: undefined
COMMAND: POST /session/8710bc86126986cf02bb1d50a5f31e3a/execute/async - {"script":"<script> [776 bytes]","args":[{"enterText":"Z001","selector":{"controlType":"sap.m.Input","viewName":"etm.portal.ui.manageyards.view.New","viewId":"application-manageyards-display-component---NewYard","bindingPath":{"path":"","propertyPath":"/CONTROLLING_AREA","modelName":"NewYardModel"},"interaction":{"idSuffix":"inner"}},"clearTextFirst":true,"interactionType":"ENTER_TEXT"}]}
RESULT: {}
RESULT: {"script":"<script> [776 bytes]","args":[{"enterText":"Z001","selector":{"controlType":"sap.m.Input","viewName":"etm.portal.ui.manageyards.view.New","viewId":"application-manageyards-display-component---NewYard","bindingPath":{"path":"","propertyPath":"/CONTROLLING_AREA","modelName":"NewYardModel"},"interaction":{"idSuffix":"inner"}},"clearTextFirst":true,"interactionType":"ENTER_TEXT"}]}
COMMAND: POST /session/8710bc86126986cf02bb1d50a5f31e3a/execute/async - {"script":"<script> [1562 bytes]","args":[{"selector":{"id":"application-manageyards-display-component---NewYard--companyCodeComboBox","interaction":{"idSuffix":"inner"}},"wdio_ui5_key":"applicationmanageyards-display-component---NewYard--companyCodeComboBox"}]}
RESULT: {"script":"<script> [1562 bytes]","args":[{"selector":{"id":"application-manageyards-display-component---NewYard--companyCodeComboBox","interaction":{"idSuffix":"inner"}},"wdio_ui5_key":"applicationmanageyards-display-component---NewYard--companyCodeComboBox"}]}
RESULT: undefined
COMMAND: POST /session/8710bc86126986cf02bb1d50a5f31e3a/execute/async - {"script":"<script> [776 bytes]","args":[{"enterText":"1000","selector":{"id":"application-manageyards-display-component---NewYard--companyCodeComboBox","interaction":{"idSuffix":"inner"}},"clearTextFirst":true,"interactionType":"ENTER_TEXT"}]}
RESULT: {"script":"<script> [776 bytes]","args":[{"enterText":"1000","selector":{"id":"application-manageyards-display-component---NewYard--companyCodeComboBox","interaction":{"idSuffix":"inner"}},"clearTextFirst":true,"interactionType":"ENTER_TEXT"}]}
COMMAND: POST /session/8710bc86126986cf02bb1d50a5f31e3a/execute/async - {"script":"<script> [1562 bytes]","args":[{"selector":{"controlType":"sap.m.Input","viewName":"etm.portal.ui.manageyards.view.New","viewId":"application-manageyards-display-component---NewYard","bindingPath":{"path":"","propertyPath":"/PLANT","modelName":"NewYardModel"},"interaction":{"idSuffix":"inner"}},"wdio_ui5_key":"etmportal.ui.manageyards.view.Newsap.m.Input{\"path\":\"\",\"propertyPath\":\"/PLANT\",\"modelName\":\"NewYardModel\"}"}]}
RESULT: {"script":"<script> [1562 bytes]","args":[{"selector":{"controlType":"sap.m.Input","viewName":"etm.portal.ui.manageyards.view.New","viewId":"application-manageyards-display-component---NewYard","bindingPath":{"path":"","propertyPath":"/PLANT","modelName":"NewYardModel"},"interaction":{"idSuffix":"inner"}},"wdio_ui5_key":"etmportal.ui.manageyards.view.Newsap.m.Input{\"path\":\"\",\"propertyPath\":\"/PLANT\",\"modelName\":\"NewYardModel\"}"}]}
RESULT: undefined
COMMAND: POST /session/8710bc86126986cf02bb1d50a5f31e3a/execute/async - {"script":"<script> [776 bytes]","args":[{"enterText":"1001","selector":{"controlType":"sap.m.Input","viewName":"etm.portal.ui.manageyards.view.New","viewId":"application-manageyards-display-component---NewYard","bindingPath":{"path":"","propertyPath":"/PLANT","modelName":"NewYardModel"},"interaction":{"idSuffix":"inner"}},"clearTextFirst":true,"interactionType":"ENTER_TEXT"}]}
RESULT: {"script":"<script> [776 bytes]","args":[{"enterText":"1001","selector":{"controlType":"sap.m.Input","viewName":"etm.portal.ui.manageyards.view.New","viewId":"application-manageyards-display-component---NewYard","bindingPath":{"path":"","propertyPath":"/PLANT","modelName":"NewYardModel"},"interaction":{"idSuffix":"inner"}},"clearTextFirst":true,"interactionType":"ENTER_TEXT"}]}
COMMAND: POST /session/8710bc86126986cf02bb1d50a5f31e3a/execute/async - {"script":"<script> [1562 bytes]","args":[{"selector":{"controlType":"sap.m.Input","viewName":"etm.portal.ui.manageyards.view.New","viewId":"application-manageyards-display-component---NewYard","bindingPath":{"path":"","propertyPath":"/SALES_AREA_VKORG","modelName":"NewYardModel"},"interaction":{"idSuffix":"inner"}},"wdio_ui5_key":"etmportal.ui.manageyards.view.Newsap.m.Input{\"path\":\"\",\"propertyPath\":\"/SALES_AREA_VKORG\",\"modelName\":\"NewYardModel\"}"}]}
RESULT: {"script":"<script> [1562 bytes]","args":[{"selector":{"controlType":"sap.m.Input","viewName":"etm.portal.ui.manageyards.view.New","viewId":"application-manageyards-display-component---NewYard","bindingPath":{"path":"","propertyPath":"/SALES_AREA_VKORG","modelName":"NewYardModel"},"interaction":{"idSuffix":"inner"}},"wdio_ui5_key":"etmportal.ui.manageyards.view.Newsap.m.Input{\"path\":\"\",\"propertyPath\":\"/SALES_AREA_VKORG\",\"modelName\":\"NewYardModel\"}"}]}
RESULT: undefined
COMMAND: POST /session/8710bc86126986cf02bb1d50a5f31e3a/execute/async - {"script":"<script> [776 bytes]","args":[{"enterText":"C002","selector":{"controlType":"sap.m.Input","viewName":"etm.portal.ui.manageyards.view.New","viewId":"application-manageyards-display-component---NewYard","bindingPath":{"path":"","propertyPath":"/SALES_AREA_VKORG","modelName":"NewYardModel"},"interaction":{"idSuffix":"inner"}},"clearTextFirst":true,"interactionType":"ENTER_TEXT"}]}
RESULT: {"script":"<script> [776 bytes]","args":[{"enterText":"C002","selector":{"controlType":"sap.m.Input","viewName":"etm.portal.ui.manageyards.view.New","viewId":"application-manageyards-display-component---NewYard","bindingPath":{"path":"","propertyPath":"/SALES_AREA_VKORG","modelName":"NewYardModel"},"interaction":{"idSuffix":"inner"}},"clearTextFirst":true,"interactionType":"ENTER_TEXT"}]}
COMMAND: POST /session/8710bc86126986cf02bb1d50a5f31e3a/execute/async - {"script":"<script> [1562 bytes]","args":[{"selector":{"controlType":"sap.m.Input","viewName":"etm.portal.ui.manageyards.view.New","viewId":"application-manageyards-display-component---NewYard","bindingPath":{"path":"","propertyPath":"/SALES_AREA_VTWEG","modelName":"NewYardModel"},"interaction":{"idSuffix":"inner"}},"wdio_ui5_key":"etmportal.ui.manageyards.view.Newsap.m.Input{\"path\":\"\",\"propertyPath\":\"/SALES_AREA_VTWEG\",\"modelName\":\"NewYardModel\"}"}]}
RESULT: {"script":"<script> [1562 bytes]","args":[{"selector":{"controlType":"sap.m.Input","viewName":"etm.portal.ui.manageyards.view.New","viewId":"application-manageyards-display-component---NewYard","bindingPath":{"path":"","propertyPath":"/SALES_AREA_VTWEG","modelName":"NewYardModel"},"interaction":{"idSuffix":"inner"}},"wdio_ui5_key":"etmportal.ui.manageyards.view.Newsap.m.Input{\"path\":\"\",\"propertyPath\":\"/SALES_AREA_VTWEG\",\"modelName\":\"NewYardModel\"}"}]}
RESULT: undefined
COMMAND: POST /session/8710bc86126986cf02bb1d50a5f31e3a/execute/async - {"script":"<script> [776 bytes]","args":[{"enterText":"C2","selector":{"controlType":"sap.m.Input","viewName":"etm.portal.ui.manageyards.view.New","viewId":"application-manageyards-display-component---NewYard","bindingPath":{"path":"","propertyPath":"/SALES_AREA_VTWEG","modelName":"NewYardModel"},"interaction":{"idSuffix":"inner"}},"clearTextFirst":true,"interactionType":"ENTER_TEXT"}]}
RESULT: {"script":"<script> [776 bytes]","args":[{"enterText":"C2","selector":{"controlType":"sap.m.Input","viewName":"etm.portal.ui.manageyards.view.New","viewId":"application-manageyards-display-component---NewYard","bindingPath":{"path":"","propertyPath":"/SALES_AREA_VTWEG","modelName":"NewYardModel"},"interaction":{"idSuffix":"inner"}},"clearTextFirst":true,"interactionType":"ENTER_TEXT"}]}
COMMAND: POST /session/8710bc86126986cf02bb1d50a5f31e3a/execute/async - {"script":"<script> [1562 bytes]","args":[{"selector":{"controlType":"sap.m.Input","viewName":"etm.portal.ui.manageyards.view.New","viewId":"application-manageyards-display-component---NewYard","bindingPath":{"path":"","propertyPath":"/SALES_AREA_SPART","modelName":"NewYardModel"},"interaction":{"idSuffix":"inner"}},"wdio_ui5_key":"etmportal.ui.manageyards.view.Newsap.m.Input{\"path\":\"\",\"propertyPath\":\"/SALES_AREA_SPART\",\"modelName\":\"NewYardModel\"}"}]}
RESULT: {"script":"<script> [1562 bytes]","args":[{"selector":{"controlType":"sap.m.Input","viewName":"etm.portal.ui.manageyards.view.New","viewId":"application-manageyards-display-component---NewYard","bindingPath":{"path":"","propertyPath":"/SALES_AREA_SPART","modelName":"NewYardModel"},"interaction":{"idSuffix":"inner"}},"wdio_ui5_key":"etmportal.ui.manageyards.view.Newsap.m.Input{\"path\":\"\",\"propertyPath\":\"/SALES_AREA_SPART\",\"modelName\":\"NewYardModel\"}"}]}
RESULT: undefined
COMMAND: POST /session/8710bc86126986cf02bb1d50a5f31e3a/execute/async - {"script":"<script> [776 bytes]","args":[{"enterText":"C2","selector":{"controlType":"sap.m.Input","viewName":"etm.portal.ui.manageyards.view.New","viewId":"application-manageyards-display-component---NewYard","bindingPath":{"path":"","propertyPath":"/SALES_AREA_SPART","modelName":"NewYardModel"},"interaction":{"idSuffix":"inner"}},"clearTextFirst":true,"interactionType":"ENTER_TEXT"}]}
RESULT: {"script":"<script> [776 bytes]","args":[{"enterText":"C2","selector":{"controlType":"sap.m.Input","viewName":"etm.portal.ui.manageyards.view.New","viewId":"application-manageyards-display-component---NewYard","bindingPath":{"path":"","propertyPath":"/SALES_AREA_SPART","modelName":"NewYardModel"},"interaction":{"idSuffix":"inner"}},"clearTextFirst":true,"interactionType":"ENTER_TEXT"}]}
COMMAND: POST /session/8710bc86126986cf02bb1d50a5f31e3a/execute/async - {"script":"<script> [1562 bytes]","args":[{"selector":{"controlType":"sap.m.Input","viewName":"etm.portal.ui.manageyards.view.New","viewId":"application-manageyards-display-component---NewYard","bindingPath":{"path":"","propertyPath":"/SHIP_POINT","modelName":"NewYardModel"},"interaction":{"idSuffix":"inner"}},"wdio_ui5_key":"etmportal.ui.manageyards.view.Newsap.m.Input{\"path\":\"\",\"propertyPath\":\"/SHIP_POINT\",\"modelName\":\"NewYardModel\"}"}]}
RESULT: {"script":"<script> [1562 bytes]","args":[{"selector":{"controlType":"sap.m.Input","viewName":"etm.portal.ui.manageyards.view.New","viewId":"application-manageyards-display-component---NewYard","bindingPath":{"path":"","propertyPath":"/SHIP_POINT","modelName":"NewYardModel"},"interaction":{"idSuffix":"inner"}},"wdio_ui5_key":"etmportal.ui.manageyards.view.Newsap.m.Input{\"path\":\"\",\"propertyPath\":\"/SHIP_POINT\",\"modelName\":\"NewYardModel\"}"}]}
RESULT: undefined
COMMAND: POST /session/8710bc86126986cf02bb1d50a5f31e3a/execute/async - {"script":"<script> [776 bytes]","args":[{"enterText":"1710","selector":{"controlType":"sap.m.Input","viewName":"etm.portal.ui.manageyards.view.New","viewId":"application-manageyards-display-component---NewYard","bindingPath":{"path":"","propertyPath":"/SHIP_POINT","modelName":"NewYardModel"},"interaction":{"idSuffix":"inner"}},"clearTextFirst":true,"interactionType":"ENTER_TEXT"}]}
RESULT: {"script":"<script> [776 bytes]","args":[{"enterText":"1710","selector":{"controlType":"sap.m.Input","viewName":"etm.portal.ui.manageyards.view.New","viewId":"application-manageyards-display-component---NewYard","bindingPath":{"path":"","propertyPath":"/SHIP_POINT","modelName":"NewYardModel"},"interaction":{"idSuffix":"inner"}},"clearTextFirst":true,"interactionType":"ENTER_TEXT"}]}
COMMAND: POST /session/8710bc86126986cf02bb1d50a5f31e3a/execute/async - {"script":"<script> [1562 bytes]","args":[{"selector":{"controlType":"sap.m.Input","viewName":"etm.portal.ui.manageyards.view.New","viewId":"application-manageyards-display-component---NewYard","bindingPath":{"path":"","propertyPath":"/DELIVERY_TYPE","modelName":"NewYardModel"},"interaction":{"idSuffix":"inner"}},"wdio_ui5_key":"etmportal.ui.manageyards.view.Newsap.m.Input{\"path\":\"\",\"propertyPath\":\"/DELIVERY_TYPE\",\"modelName\":\"NewYardModel\"}"}]}
RESULT: {"script":"<script> [1562 bytes]","args":[{"selector":{"controlType":"sap.m.Input","viewName":"etm.portal.ui.manageyards.view.New","viewId":"application-manageyards-display-component---NewYard","bindingPath":{"path":"","propertyPath":"/DELIVERY_TYPE","modelName":"NewYardModel"},"interaction":{"idSuffix":"inner"}},"wdio_ui5_key":"etmportal.ui.manageyards.view.Newsap.m.Input{\"path\":\"\",\"propertyPath\":\"/DELIVERY_TYPE\",\"modelName\":\"NewYardModel\"}"}]}
RESULT: undefined
COMMAND: POST /session/8710bc86126986cf02bb1d50a5f31e3a/execute/async - {"script":"<script> [776 bytes]","args":[{"enterText":"ZL01","selector":{"controlType":"sap.m.Input","viewName":"etm.portal.ui.manageyards.view.New","viewId":"application-manageyards-display-component---NewYard","bindingPath":{"path":"","propertyPath":"/DELIVERY_TYPE","modelName":"NewYardModel"},"interaction":{"idSuffix":"inner"}},"clearTextFirst":true,"interactionType":"ENTER_TEXT"}]}
RESULT: {"script":"<script> [776 bytes]","args":[{"enterText":"ZL01","selector":{"controlType":"sap.m.Input","viewName":"etm.portal.ui.manageyards.view.New","viewId":"application-manageyards-display-component---NewYard","bindingPath":{"path":"","propertyPath":"/DELIVERY_TYPE","modelName":"NewYardModel"},"interaction":{"idSuffix":"inner"}},"clearTextFirst":true,"interactionType":"ENTER_TEXT"}]}
COMMAND: POST /session/8710bc86126986cf02bb1d50a5f31e3a/execute/async - {"script":"<script> [1562 bytes]","args":[{"selector":{"controlType":"sap.m.Input","viewName":"etm.portal.ui.manageyards.view.New","viewId":"application-manageyards-display-component---NewYard","bindingPath":{"path":"","propertyPath":"/AUART","modelName":"NewYardModel"},"interaction":{"idSuffix":"inner"}},"wdio_ui5_key":"etmportal.ui.manageyards.view.Newsap.m.Input{\"path\":\"\",\"propertyPath\":\"/AUART\",\"modelName\":\"NewYardModel\"}"}]}
RESULT: {"script":"<script> [1562 bytes]","args":[{"selector":{"controlType":"sap.m.Input","viewName":"etm.portal.ui.manageyards.view.New","viewId":"application-manageyards-display-component---NewYard","bindingPath":{"path":"","propertyPath":"/AUART","modelName":"NewYardModel"},"interaction":{"idSuffix":"inner"}},"wdio_ui5_key":"etmportal.ui.manageyards.view.Newsap.m.Input{\"path\":\"\",\"propertyPath\":\"/AUART\",\"modelName\":\"NewYardModel\"}"}]}
RESULT: undefined
COMMAND: POST /session/8710bc86126986cf02bb1d50a5f31e3a/execute/async - {"script":"<script> [776 bytes]","args":[{"enterText":"TA","selector":{"controlType":"sap.m.Input","viewName":"etm.portal.ui.manageyards.view.New","viewId":"application-manageyards-display-component---NewYard","bindingPath":{"path":"","propertyPath":"/AUART","modelName":"NewYardModel"},"interaction":{"idSuffix":"inner"}},"clearTextFirst":true,"interactionType":"ENTER_TEXT"}]}
RESULT: {"script":"<script> [776 bytes]","args":[{"enterText":"TA","selector":{"controlType":"sap.m.Input","viewName":"etm.portal.ui.manageyards.view.New","viewId":"application-manageyards-display-component---NewYard","bindingPath":{"path":"","propertyPath":"/AUART","modelName":"NewYardModel"},"interaction":{"idSuffix":"inner"}},"clearTextFirst":true,"interactionType":"ENTER_TEXT"}]}
COMMAND: POST /session/8710bc86126986cf02bb1d50a5f31e3a/element - {"using":"xpath","value":"//button[@data-kt=\"newYardSaveButton\"]"}
RESULT: {"using":"xpath","value":"//button[@data-kt=\"newYardSaveButton\"]"}
COMMAND: POST /session/8710bc86126986cf02bb1d50a5f31e3a/element/f.4F28C2583BB65896889CB8FD582548C6.d.1C197BF7255FCE434D911412A3920A41.e.693/click - {}
RESULT: {}
COMMAND: GET /session/8710bc86126986cf02bb1d50a5f31e3a/screenshot - {}
RESULT: {}
COMMAND: POST /session/8710bc86126986cf02bb1d50a5f31e3a/element - {"using":"xpath","value":"//header[contains(@id, 'ObjectPageLayout-headerTitle')]/div[1]/div[2]/div[1]/span[1]"}
RESULT: {"using":"xpath","value":"//header[contains(@id, 'ObjectPageLayout-headerTitle')]/div[1]/div[2]/div[1]/span[1]"}
COMMAND: POST /session/8710bc86126986cf02bb1d50a5f31e3a/elements - {"using":"xpath","value":"//header[contains(@id, 'ObjectPageLayout-headerTitle')]/div[1]/div[2]/div[1]/span[1]"}
RESULT: {"using":"xpath","value":"//header[contains(@id, 'ObjectPageLayout-headerTitle')]/div[1]/div[2]/div[1]/span[1]"}
COMMAND: POST /session/8710bc86126986cf02bb1d50a5f31e3a/execute/sync - {"script":"<script> [56 bytes]","args":[{"element-6066-11e4-a52e-4f735466cecf":"f.4F28C2583BB65896889CB8FD582548C6.d.1C197BF7255FCE434D911412A3920A41.e.1012","ELEMENT":"f.4F28C2583BB65896889CB8FD582548C6.d.1C197BF7255FCE434D911412A3920A41.e.1012"}]}
RESULT: {"script":"<script> [56 bytes]","args":[{"element-6066-11e4-a52e-4f735466cecf":"f.4F28C2583BB65896889CB8FD582548C6.d.1C197BF7255FCE434D911412A3920A41.e.1012","ELEMENT":"f.4F28C2583BB65896889CB8FD582548C6.d.1C197BF7255FCE434D911412A3920A41.e.1012"}]}
COMMAND: GET /session/8710bc86126986cf02bb1d50a5f31e3a/screenshot - {}
RESULT: {}
COMMAND: POST /session/8710bc86126986cf02bb1d50a5f31e3a/element - {"using":"css selector","value":"#shell-header-logo"}
RESULT: {"using":"css selector","value":"#shell-header-logo"}
COMMAND: POST /session/8710bc86126986cf02bb1d50a5f31e3a/element/f.4F28C2583BB65896889CB8FD582548C6.d.1C197BF7255FCE434D911412A3920A41.e.264/click - {}
RESULT: {}
COMMAND: GET /session/8710bc86126986cf02bb1d50a5f31e3a/screenshot - {}
RESULT: {}
COMMAND: POST /session/8710bc86126986cf02bb1d50a5f31e3a/execute/sync - {"script":"<script> [299 bytes]","args":[["getModel","getResource"]]}
RESULT: {"script":"<script> [299 bytes]","args":[["getModel","getResource"]]}
]]></system-out>
    </testcase>
    <testcase classname="chrome.136_0_7103_93.windows.Billing_confirm_US117289" name="Should create a new partner" time="154.41">
      <system-out><![CDATA[
COMMAND: POST /session/8710bc86126986cf02bb1d50a5f31e3a/window/fullscreen - {}
COMMAND: GET /session/8710bc86126986cf02bb1d50a5f31e3a/screenshot - {}
RESULT: {}
RESULT: {}
COMMAND: POST /session/8710bc86126986cf02bb1d50a5f31e3a/execute/async - {"script":"<script> [1562 bytes]","args":[{"selector":{"controlType":"sap.m.GenericTile","properties":{"header":"Manage Partners"}},"wdio_ui5_key":"sapm.GenericTile{\"header\":\"Manage Partners\"}"}]}
RESULT: {"script":"<script> [1562 bytes]","args":[{"selector":{"controlType":"sap.m.GenericTile","properties":{"header":"Manage Partners"}},"wdio_ui5_key":"sapm.GenericTile{\"header\":\"Manage Partners\"}"}]}
RESULT: undefined
COMMAND: POST /session/8710bc86126986cf02bb1d50a5f31e3a/element - {"using":"xpath","value":"//*[@id=\"__tile38\"]"}
RESULT: {"using":"xpath","value":"//*[@id=\"__tile38\"]"}
COMMAND: POST /session/8710bc86126986cf02bb1d50a5f31e3a/element/f.4F28C2583BB65896889CB8FD582548C6.d.1C197BF7255FCE434D911412A3920A41.e.150/click - {}
RESULT: {}
COMMAND: GET /session/8710bc86126986cf02bb1d50a5f31e3a/screenshot - {}
RESULT: {}
COMMAND: POST /session/8710bc86126986cf02bb1d50a5f31e3a/elements - {"using":"xpath","value":"//span[text()='Error']"}
RESULT: {"using":"xpath","value":"//span[text()='Error']"}
COMMAND: POST /session/8710bc86126986cf02bb1d50a5f31e3a/element - {"using":"xpath","value":"//button[@data-kt=\"addButton\"]"}
RESULT: {"using":"xpath","value":"//button[@data-kt=\"addButton\"]"}
COMMAND: POST /session/8710bc86126986cf02bb1d50a5f31e3a/elements - {"using":"xpath","value":"//button[@data-kt=\"addButton\"]"}
RESULT: {"using":"xpath","value":"//button[@data-kt=\"addButton\"]"}
COMMAND: POST /session/8710bc86126986cf02bb1d50a5f31e3a/elements - {"using":"xpath","value":"//button[@data-kt=\"addButton\"]"}
RESULT: {"using":"xpath","value":"//button[@data-kt=\"addButton\"]"}
COMMAND: POST /session/8710bc86126986cf02bb1d50a5f31e3a/element - {"using":"xpath","value":"//button[@data-kt=\"addButton\"]"}
RESULT: {"using":"xpath","value":"//button[@data-kt=\"addButton\"]"}
COMMAND: POST /session/8710bc86126986cf02bb1d50a5f31e3a/execute/sync - {"script":"<script> [8489 bytes]","args":[{"element-6066-11e4-a52e-4f735466cecf":"f.4F28C2583BB65896889CB8FD582548C6.d.1C197BF7255FCE434D911412A3920A41.e.1050","ELEMENT":"f.4F28C2583BB65896889CB8FD582548C6.d.1C197BF7255FCE434D911412A3920A41.e.1050"}]}
RESULT: {"script":"<script> [8489 bytes]","args":[{"element-6066-11e4-a52e-4f735466cecf":"f.4F28C2583BB65896889CB8FD582548C6.d.1C197BF7255FCE434D911412A3920A41.e.1050","ELEMENT":"f.4F28C2583BB65896889CB8FD582548C6.d.1C197BF7255FCE434D911412A3920A41.e.1050"}]}
COMMAND: GET /session/8710bc86126986cf02bb1d50a5f31e3a/element/f.4F28C2583BB65896889CB8FD582548C6.d.1C197BF7255FCE434D911412A3920A41.e.1050/enabled - {}
COMMAND: GET /session/8710bc86126986cf02bb1d50a5f31e3a/screenshot - {}
RESULT: {}
COMMAND: POST /session/8710bc86126986cf02bb1d50a5f31e3a/execute/sync - {"script":"<script> [8489 bytes]","args":[{"element-6066-11e4-a52e-4f735466cecf":"f.4F28C2583BB65896889CB8FD582548C6.d.1C197BF7255FCE434D911412A3920A41.e.1050","ELEMENT":"f.4F28C2583BB65896889CB8FD582548C6.d.1C197BF7255FCE434D911412A3920A41.e.1050"}]}
COMMAND: GET /session/8710bc86126986cf02bb1d50a5f31e3a/screenshot - {}
RESULT: {}
RESULT: {"script":"<script> [8489 bytes]","args":[{"element-6066-11e4-a52e-4f735466cecf":"f.4F28C2583BB65896889CB8FD582548C6.d.1C197BF7255FCE434D911412A3920A41.e.1050","ELEMENT":"f.4F28C2583BB65896889CB8FD582548C6.d.1C197BF7255FCE434D911412A3920A41.e.1050"}]}
COMMAND: POST /session/8710bc86126986cf02bb1d50a5f31e3a/execute/sync - {"script":"<script> [5351 bytes]","args":[{"element-6066-11e4-a52e-4f735466cecf":"f.4F28C2583BB65896889CB8FD582548C6.d.1C197BF7255FCE434D911412A3920A41.e.1050","ELEMENT":"f.4F28C2583BB65896889CB8FD582548C6.d.1C197BF7255FCE434D911412A3920A41.e.1050"}]}
COMMAND: GET /session/8710bc86126986cf02bb1d50a5f31e3a/screenshot - {}
RESULT: {}
RESULT: {"script":"<script> [5351 bytes]","args":[{"element-6066-11e4-a52e-4f735466cecf":"f.4F28C2583BB65896889CB8FD582548C6.d.1C197BF7255FCE434D911412A3920A41.e.1050","ELEMENT":"f.4F28C2583BB65896889CB8FD582548C6.d.1C197BF7255FCE434D911412A3920A41.e.1050"}]}
COMMAND: POST /session/8710bc86126986cf02bb1d50a5f31e3a/element/f.4F28C2583BB65896889CB8FD582548C6.d.1C197BF7255FCE434D911412A3920A41.e.1050/click - {}
COMMAND: GET /session/8710bc86126986cf02bb1d50a5f31e3a/screenshot - {}
RESULT: {}
RESULT: {}
COMMAND: GET /session/8710bc86126986cf02bb1d50a5f31e3a/screenshot - {}
COMMAND: POST /session/8710bc86126986cf02bb1d50a5f31e3a/execute/async - {"script":"<script> [1562 bytes]","args":[{"selector":{"id":"application-managepartners-display-component---NewPartner--addressDetailDetailsName1","interaction":{"idSuffix":"inner"}},"wdio_ui5_key":"applicationmanagepartners-display-component---NewPartner--addressDetailDetailsName1"}]}
RESULT: {}
RESULT: {}
RESULT: {"script":"<script> [1562 bytes]","args":[{"selector":{"id":"application-managepartners-display-component---NewPartner--addressDetailDetailsName1","interaction":{"idSuffix":"inner"}},"wdio_ui5_key":"applicationmanagepartners-display-component---NewPartner--addressDetailDetailsName1"}]}
RESULT: undefined
COMMAND: POST /session/8710bc86126986cf02bb1d50a5f31e3a/execute/async - {"script":"<script> [776 bytes]","args":[{"enterText":"Intracompany Partner WDIO","selector":{"id":"application-managepartners-display-component---NewPartner--addressDetailDetailsName1","interaction":{"idSuffix":"inner"}},"clearTextFirst":true,"interactionType":"ENTER_TEXT"}]}
RESULT: {"script":"<script> [776 bytes]","args":[{"enterText":"Intracompany Partner WDIO","selector":{"id":"application-managepartners-display-component---NewPartner--addressDetailDetailsName1","interaction":{"idSuffix":"inner"}},"clearTextFirst":true,"interactionType":"ENTER_TEXT"}]}
COMMAND: POST /session/8710bc86126986cf02bb1d50a5f31e3a/execute/async - {"script":"<script> [1562 bytes]","args":[{"selector":{"id":"application-managepartners-display-component---NewPartner--addressDetailDetailsLanguage-arrow"},"wdio_ui5_key":"applicationmanagepartners-display-component---NewPartner--addressDetailDetailsLanguage-arrow"}]}
RESULT: {"script":"<script> [1562 bytes]","args":[{"selector":{"id":"application-managepartners-display-component---NewPartner--addressDetailDetailsLanguage-arrow"},"wdio_ui5_key":"applicationmanagepartners-display-component---NewPartner--addressDetailDetailsLanguage-arrow"}]}
RESULT: undefined
COMMAND: POST /session/8710bc86126986cf02bb1d50a5f31e3a/element - {"using":"xpath","value":"//*[@id=\"application-managepartners-display-component---NewPartner--addressDetailDetailsLanguage-arrow\"]"}
RESULT: {"using":"xpath","value":"//*[@id=\"application-managepartners-display-component---NewPartner--addressDetailDetailsLanguage-arrow\"]"}
COMMAND: POST /session/8710bc86126986cf02bb1d50a5f31e3a/element/f.4F28C2583BB65896889CB8FD582548C6.d.1C197BF7255FCE434D911412A3920A41.e.1503/click - {}
RESULT: {}
COMMAND: POST /session/8710bc86126986cf02bb1d50a5f31e3a/element - {"using":"xpath","value":"//span[contains(text(), \"English\")]"}
COMMAND: GET /session/8710bc86126986cf02bb1d50a5f31e3a/screenshot - {}
RESULT: {"using":"xpath","value":"//span[contains(text(), \"English\")]"}
COMMAND: POST /session/8710bc86126986cf02bb1d50a5f31e3a/element/f.4F28C2583BB65896889CB8FD582548C6.d.1C197BF7255FCE434D911412A3920A41.e.1504/click - {}
RESULT: {}
RESULT: {}
COMMAND: GET /session/8710bc86126986cf02bb1d50a5f31e3a/screenshot - {}
RESULT: {}
COMMAND: POST /session/8710bc86126986cf02bb1d50a5f31e3a/execute/async - {"script":"<script> [1562 bytes]","args":[{"selector":{"id":"application-managepartners-display-component---NewPartner--addressDetailDetailsCity1","interaction":{"idSuffix":"inner"}},"wdio_ui5_key":"applicationmanagepartners-display-component---NewPartner--addressDetailDetailsCity1"}]}
RESULT: {"script":"<script> [1562 bytes]","args":[{"selector":{"id":"application-managepartners-display-component---NewPartner--addressDetailDetailsCity1","interaction":{"idSuffix":"inner"}},"wdio_ui5_key":"applicationmanagepartners-display-component---NewPartner--addressDetailDetailsCity1"}]}
RESULT: undefined
COMMAND: POST /session/8710bc86126986cf02bb1d50a5f31e3a/execute/async - {"script":"<script> [776 bytes]","args":[{"enterText":"Rosario","selector":{"id":"application-managepartners-display-component---NewPartner--addressDetailDetailsCity1","interaction":{"idSuffix":"inner"}},"clearTextFirst":true,"interactionType":"ENTER_TEXT"}]}
RESULT: {"script":"<script> [776 bytes]","args":[{"enterText":"Rosario","selector":{"id":"application-managepartners-display-component---NewPartner--addressDetailDetailsCity1","interaction":{"idSuffix":"inner"}},"clearTextFirst":true,"interactionType":"ENTER_TEXT"}]}
COMMAND: POST /session/8710bc86126986cf02bb1d50a5f31e3a/execute/async - {"script":"<script> [1562 bytes]","args":[{"selector":{"id":"application-managepartners-display-component---NewPartner--addressDetailDetailsCountry-arrow"},"wdio_ui5_key":"applicationmanagepartners-display-component---NewPartner--addressDetailDetailsCountry-arrow"}]}
RESULT: {"script":"<script> [1562 bytes]","args":[{"selector":{"id":"application-managepartners-display-component---NewPartner--addressDetailDetailsCountry-arrow"},"wdio_ui5_key":"applicationmanagepartners-display-component---NewPartner--addressDetailDetailsCountry-arrow"}]}
RESULT: undefined
COMMAND: POST /session/8710bc86126986cf02bb1d50a5f31e3a/element - {"using":"xpath","value":"//*[@id=\"application-managepartners-display-component---NewPartner--addressDetailDetailsCountry-arrow\"]"}
RESULT: {"using":"xpath","value":"//*[@id=\"application-managepartners-display-component---NewPartner--addressDetailDetailsCountry-arrow\"]"}
COMMAND: POST /session/8710bc86126986cf02bb1d50a5f31e3a/element/f.4F28C2583BB65896889CB8FD582548C6.d.1C197BF7255FCE434D911412A3920A41.e.1490/click - {}
RESULT: {}
COMMAND: POST /session/8710bc86126986cf02bb1d50a5f31e3a/element - {"using":"xpath","value":"//span[contains(text(), \"Argentina\")]"}
COMMAND: GET /session/8710bc86126986cf02bb1d50a5f31e3a/screenshot - {}
RESULT: {"using":"xpath","value":"//span[contains(text(), \"Argentina\")]"}
COMMAND: POST /session/8710bc86126986cf02bb1d50a5f31e3a/element/f.4F28C2583BB65896889CB8FD582548C6.d.1C197BF7255FCE434D911412A3920A41.e.1506/click - {}
RESULT: {}
RESULT: {}
COMMAND: GET /session/8710bc86126986cf02bb1d50a5f31e3a/screenshot - {}
RESULT: {}
COMMAND: POST /session/8710bc86126986cf02bb1d50a5f31e3a/element - {"using":"xpath","value":"//bdi[contains(text(), \"Commercial\")]"}
RESULT: {"using":"xpath","value":"//bdi[contains(text(), \"Commercial\")]"}
COMMAND: POST /session/8710bc86126986cf02bb1d50a5f31e3a/element/f.4F28C2583BB65896889CB8FD582548C6.d.1C197BF7255FCE434D911412A3920A41.e.1507/click - {}
RESULT: {}
COMMAND: GET /session/8710bc86126986cf02bb1d50a5f31e3a/screenshot - {}
RESULT: {}
COMMAND: POST /session/8710bc86126986cf02bb1d50a5f31e3a/execute/async - {"script":"<script> [1562 bytes]","args":[{"selector":{"id":"application-managepartners-display-component---NewPartner--partnerDetailInternal-arrow"},"wdio_ui5_key":"applicationmanagepartners-display-component---NewPartner--partnerDetailInternal-arrow"}]}
RESULT: {"script":"<script> [1562 bytes]","args":[{"selector":{"id":"application-managepartners-display-component---NewPartner--partnerDetailInternal-arrow"},"wdio_ui5_key":"applicationmanagepartners-display-component---NewPartner--partnerDetailInternal-arrow"}]}
RESULT: undefined
COMMAND: POST /session/8710bc86126986cf02bb1d50a5f31e3a/element - {"using":"xpath","value":"//*[@id=\"application-managepartners-display-component---NewPartner--partnerDetailInternal-arrow\"]"}
RESULT: {"using":"xpath","value":"//*[@id=\"application-managepartners-display-component---NewPartner--partnerDetailInternal-arrow\"]"}
COMMAND: POST /session/8710bc86126986cf02bb1d50a5f31e3a/element/f.4F28C2583BB65896889CB8FD582548C6.d.1C197BF7255FCE434D911412A3920A41.e.1515/click - {}
RESULT: {}
COMMAND: POST /session/8710bc86126986cf02bb1d50a5f31e3a/element - {"using":"xpath","value":"//span[contains(text(), \"Affiliated company\")]"}
COMMAND: GET /session/8710bc86126986cf02bb1d50a5f31e3a/screenshot - {}
RESULT: {"using":"xpath","value":"//span[contains(text(), \"Affiliated company\")]"}
COMMAND: POST /session/8710bc86126986cf02bb1d50a5f31e3a/element/f.4F28C2583BB65896889CB8FD582548C6.d.1C197BF7255FCE434D911412A3920A41.e.1516/click - {}
RESULT: {}
RESULT: {}
COMMAND: POST /session/8710bc86126986cf02bb1d50a5f31e3a/execute/async - {"script":"<script> [1562 bytes]","args":[{"selector":{"id":"application-managepartners-display-component---NewPartner--partnerDetailsCurrency-arrow"},"wdio_ui5_key":"applicationmanagepartners-display-component---NewPartner--partnerDetailsCurrency-arrow"}]}
COMMAND: GET /session/8710bc86126986cf02bb1d50a5f31e3a/screenshot - {}
RESULT: {"script":"<script> [1562 bytes]","args":[{"selector":{"id":"application-managepartners-display-component---NewPartner--partnerDetailsCurrency-arrow"},"wdio_ui5_key":"applicationmanagepartners-display-component---NewPartner--partnerDetailsCurrency-arrow"}]}
RESULT: undefined
COMMAND: POST /session/8710bc86126986cf02bb1d50a5f31e3a/element - {"using":"xpath","value":"//*[@id=\"application-managepartners-display-component---NewPartner--partnerDetailsCurrency-arrow\"]"}
RESULT: {}
RESULT: {"using":"xpath","value":"//*[@id=\"application-managepartners-display-component---NewPartner--partnerDetailsCurrency-arrow\"]"}
COMMAND: POST /session/8710bc86126986cf02bb1d50a5f31e3a/element/f.4F28C2583BB65896889CB8FD582548C6.d.1C197BF7255FCE434D911412A3920A41.e.1523/click - {}
RESULT: {}
COMMAND: POST /session/8710bc86126986cf02bb1d50a5f31e3a/element - {"using":"xpath","value":"//span[contains(text(), \"Euro\")]"}
COMMAND: GET /session/8710bc86126986cf02bb1d50a5f31e3a/screenshot - {}
RESULT: {"using":"xpath","value":"//span[contains(text(), \"Euro\")]"}
COMMAND: POST /session/8710bc86126986cf02bb1d50a5f31e3a/element/f.4F28C2583BB65896889CB8FD582548C6.d.1C197BF7255FCE434D911412A3920A41.e.1524/click - {}
RESULT: {}
RESULT: {}
COMMAND: POST /session/8710bc86126986cf02bb1d50a5f31e3a/execute/async - {"script":"<script> [1562 bytes]","args":[{"selector":{"id":"application-managepartners-display-component---NewPartner--addressEditDetailsCostObjectCstType-arrow"},"wdio_ui5_key":"applicationmanagepartners-display-component---NewPartner--addressEditDetailsCostObjectCstType-arrow"}]}
COMMAND: GET /session/8710bc86126986cf02bb1d50a5f31e3a/screenshot - {}
RESULT: {"script":"<script> [1562 bytes]","args":[{"selector":{"id":"application-managepartners-display-component---NewPartner--addressEditDetailsCostObjectCstType-arrow"},"wdio_ui5_key":"applicationmanagepartners-display-component---NewPartner--addressEditDetailsCostObjectCstType-arrow"}]}
RESULT: undefined
COMMAND: POST /session/8710bc86126986cf02bb1d50a5f31e3a/element - {"using":"xpath","value":"//*[@id=\"application-managepartners-display-component---NewPartner--addressEditDetailsCostObjectCstType-arrow\"]"}
RESULT: {}
RESULT: {"using":"xpath","value":"//*[@id=\"application-managepartners-display-component---NewPartner--addressEditDetailsCostObjectCstType-arrow\"]"}
COMMAND: POST /session/8710bc86126986cf02bb1d50a5f31e3a/element/f.4F28C2583BB65896889CB8FD582548C6.d.1C197BF7255FCE434D911412A3920A41.e.1525/click - {}
RESULT: {}
COMMAND: POST /session/8710bc86126986cf02bb1d50a5f31e3a/element - {"using":"xpath","value":"//span[contains(text(), \"Cost Center\")]"}
COMMAND: GET /session/8710bc86126986cf02bb1d50a5f31e3a/screenshot - {}
RESULT: {"using":"xpath","value":"//span[contains(text(), \"Cost Center\")]"}
COMMAND: POST /session/8710bc86126986cf02bb1d50a5f31e3a/element/f.4F28C2583BB65896889CB8FD582548C6.d.1C197BF7255FCE434D911412A3920A41.e.1526/click - {}
RESULT: {}
RESULT: {}
COMMAND: GET /session/8710bc86126986cf02bb1d50a5f31e3a/screenshot - {}
RESULT: {}
COMMAND: POST /session/8710bc86126986cf02bb1d50a5f31e3a/element - {"using":"xpath","value":"//span[@id=\"application-managepartners-display-component---NewPartner--addressNewCostObjectCstID-vhi\"]"}
RESULT: {"using":"xpath","value":"//span[@id=\"application-managepartners-display-component---NewPartner--addressNewCostObjectCstID-vhi\"]"}
COMMAND: POST /session/8710bc86126986cf02bb1d50a5f31e3a/execute/sync - {"script":"<script> [8489 bytes]","args":[{"element-6066-11e4-a52e-4f735466cecf":"f.4F28C2583BB65896889CB8FD582548C6.d.1C197BF7255FCE434D911412A3920A41.e.1530","ELEMENT":"f.4F28C2583BB65896889CB8FD582548C6.d.1C197BF7255FCE434D911412A3920A41.e.1530"}]}
RESULT: {"script":"<script> [8489 bytes]","args":[{"element-6066-11e4-a52e-4f735466cecf":"f.4F28C2583BB65896889CB8FD582548C6.d.1C197BF7255FCE434D911412A3920A41.e.1530","ELEMENT":"f.4F28C2583BB65896889CB8FD582548C6.d.1C197BF7255FCE434D911412A3920A41.e.1530"}]}
COMMAND: POST /session/8710bc86126986cf02bb1d50a5f31e3a/execute/async - {"script":"<script> [1562 bytes]","args":[{"selector":{"id":"application-managepartners-display-component---NewPartner--addressNewCostObjectCstID-vhi"},"wdio_ui5_key":"applicationmanagepartners-display-component---NewPartner--addressNewCostObjectCstID-vhi"}]}
COMMAND: GET /session/8710bc86126986cf02bb1d50a5f31e3a/screenshot - {}
RESULT: {"script":"<script> [1562 bytes]","args":[{"selector":{"id":"application-managepartners-display-component---NewPartner--addressNewCostObjectCstID-vhi"},"wdio_ui5_key":"applicationmanagepartners-display-component---NewPartner--addressNewCostObjectCstID-vhi"}]}
RESULT: undefined
COMMAND: POST /session/8710bc86126986cf02bb1d50a5f31e3a/element - {"using":"xpath","value":"//*[@id=\"application-managepartners-display-component---NewPartner--addressNewCostObjectCstID-vhi\"]"}
RESULT: {}
RESULT: {"using":"xpath","value":"//*[@id=\"application-managepartners-display-component---NewPartner--addressNewCostObjectCstID-vhi\"]"}
COMMAND: POST /session/8710bc86126986cf02bb1d50a5f31e3a/element/f.4F28C2583BB65896889CB8FD582548C6.d.1C197BF7255FCE434D911412A3920A41.e.1530/click - {}
RESULT: {}
COMMAND: GET /session/8710bc86126986cf02bb1d50a5f31e3a/screenshot - {}
RESULT: {}
RESULT: undefined
COMMAND: POST /session/8710bc86126986cf02bb1d50a5f31e3a/execute/async - {"script":"<script> [776 bytes]","args":[{"enterText":"10001013","selector":{"controlType":"sap.m.SearchField","properties":{"placeholder":"Search"},"searchOpenDialogs":true,"interaction":{"idSuffix":"I"}},"clearTextFirst":true,"interactionType":"ENTER_TEXT"}]}
RESULT: {"script":"<script> [776 bytes]","args":[{"enterText":"10001013","selector":{"controlType":"sap.m.SearchField","properties":{"placeholder":"Search"},"searchOpenDialogs":true,"interaction":{"idSuffix":"I"}},"clearTextFirst":true,"interactionType":"ENTER_TEXT"}]}
COMMAND: POST /session/8710bc86126986cf02bb1d50a5f31e3a/actions - {"actions":[{"id":"action2","type":"key","parameters":{},"actions":[{"type":"keyDown","value":""},{"type":"pause","duration":10},{"type":"keyUp","value":""}]}]}
RESULT: {"actions":[{"id":"action2","type":"key","parameters":{},"actions":[{"type":"keyDown","value":""},{"type":"pause","duration":10},{"type":"keyUp","value":""}]}]}
COMMAND: GET /session/8710bc86126986cf02bb1d50a5f31e3a/screenshot - {}
RESULT: {}
COMMAND: POST /session/8710bc86126986cf02bb1d50a5f31e3a/element - {"using":"xpath","value":"//span[contains(text(), \"General Management\")]"}
RESULT: {"using":"xpath","value":"//span[contains(text(), \"General Management\")]"}
COMMAND: POST /session/8710bc86126986cf02bb1d50a5f31e3a/element/f.4F28C2583BB65896889CB8FD582548C6.d.1C197BF7255FCE434D911412A3920A41.e.1571/click - {}
RESULT: {}
COMMAND: GET /session/8710bc86126986cf02bb1d50a5f31e3a/screenshot - {}
RESULT: {}
COMMAND: POST /session/8710bc86126986cf02bb1d50a5f31e3a/element - {"using":"xpath","value":"//bdi[contains(text(), \"OK\")]"}
RESULT: {"using":"xpath","value":"//bdi[contains(text(), \"OK\")]"}
COMMAND: POST /session/8710bc86126986cf02bb1d50a5f31e3a/element/f.4F28C2583BB65896889CB8FD582548C6.d.1C197BF7255FCE434D911412A3920A41.e.1572/click - {}
RESULT: {}
COMMAND: GET /session/8710bc86126986cf02bb1d50a5f31e3a/screenshot - {}
RESULT: {}
COMMAND: POST /session/8710bc86126986cf02bb1d50a5f31e3a/element - {"using":"xpath","value":"//input[@id=\"application-managepartners-display-component---NewPartner--companyCodeComboBox-inner\"]"}
RESULT: {"using":"xpath","value":"//input[@id=\"application-managepartners-display-component---NewPartner--companyCodeComboBox-inner\"]"}
COMMAND: POST /session/8710bc86126986cf02bb1d50a5f31e3a/element/f.4F28C2583BB65896889CB8FD582548C6.d.1C197BF7255FCE434D911412A3920A41.e.1376/clear - {}
RESULT: {}
COMMAND: POST /session/8710bc86126986cf02bb1d50a5f31e3a/element/f.4F28C2583BB65896889CB8FD582548C6.d.1C197BF7255FCE434D911412A3920A41.e.1376/value - {"text":"1000"}
COMMAND: GET /session/8710bc86126986cf02bb1d50a5f31e3a/screenshot - {}
RESULT: {"text":"1000"}
COMMAND: GET /session/8710bc86126986cf02bb1d50a5f31e3a/screenshot - {}
RESULT: {}
RESULT: {}
COMMAND: POST /session/8710bc86126986cf02bb1d50a5f31e3a/element - {"using":"xpath","value":"//li[.//span[text()= \"1000\"]]"}
RESULT: {"using":"xpath","value":"//li[.//span[text()= \"1000\"]]"}
COMMAND: POST /session/8710bc86126986cf02bb1d50a5f31e3a/element/f.4F28C2583BB65896889CB8FD582548C6.d.1C197BF7255FCE434D911412A3920A41.e.1578/click - {}
RESULT: {}
COMMAND: GET /session/8710bc86126986cf02bb1d50a5f31e3a/screenshot - {}
RESULT: {}
COMMAND: POST /session/8710bc86126986cf02bb1d50a5f31e3a/execute/async - {"script":"<script> [1562 bytes]","args":[{"selector":{"id":"application-managepartners-display-component---NewPartner--btnAddTableRow-img"},"wdio_ui5_key":"applicationmanagepartners-display-component---NewPartner--btnAddTableRow-img"}]}
RESULT: {"script":"<script> [1562 bytes]","args":[{"selector":{"id":"application-managepartners-display-component---NewPartner--btnAddTableRow-img"},"wdio_ui5_key":"applicationmanagepartners-display-component---NewPartner--btnAddTableRow-img"}]}
RESULT: undefined
COMMAND: POST /session/8710bc86126986cf02bb1d50a5f31e3a/element - {"using":"xpath","value":"//*[@id=\"application-managepartners-display-component---NewPartner--btnAddTableRow-img\"]"}
RESULT: {"using":"xpath","value":"//*[@id=\"application-managepartners-display-component---NewPartner--btnAddTableRow-img\"]"}
COMMAND: POST /session/8710bc86126986cf02bb1d50a5f31e3a/element/f.4F28C2583BB65896889CB8FD582548C6.d.1C197BF7255FCE434D911412A3920A41.e.1579/click - {}
RESULT: {}
COMMAND: GET /session/8710bc86126986cf02bb1d50a5f31e3a/screenshot - {}
RESULT: {}
COMMAND: POST /session/8710bc86126986cf02bb1d50a5f31e3a/element - {"using":"xpath","value":"//input[@id=\"application-managepartners-display-component---NewPartner--assignmentYard-application-managepartners-display-component---NewPartner--assignmentsTable-0-inner\"]"}
RESULT: {"using":"xpath","value":"//input[@id=\"application-managepartners-display-component---NewPartner--assignmentYard-application-managepartners-display-component---NewPartner--assignmentsTable-0-inner\"]"}
COMMAND: POST /session/8710bc86126986cf02bb1d50a5f31e3a/element/f.4F28C2583BB65896889CB8FD582548C6.d.1C197BF7255FCE434D911412A3920A41.e.1582/clear - {}
RESULT: {}
COMMAND: POST /session/8710bc86126986cf02bb1d50a5f31e3a/element/f.4F28C2583BB65896889CB8FD582548C6.d.1C197BF7255FCE434D911412A3920A41.e.1582/value - {"text":"679"}
COMMAND: GET /session/8710bc86126986cf02bb1d50a5f31e3a/screenshot - {}
RESULT: {"text":"679"}
COMMAND: GET /session/8710bc86126986cf02bb1d50a5f31e3a/screenshot - {}
RESULT: {}
RESULT: {}
COMMAND: POST /session/8710bc86126986cf02bb1d50a5f31e3a/element - {"using":"xpath","value":"//li[.//span[text()='679']]"}
RESULT: {"using":"xpath","value":"//li[.//span[text()='679']]"}
COMMAND: POST /session/8710bc86126986cf02bb1d50a5f31e3a/element/f.4F28C2583BB65896889CB8FD582548C6.d.1C197BF7255FCE434D911412A3920A41.e.1591/click - {}
RESULT: {}
COMMAND: GET /session/8710bc86126986cf02bb1d50a5f31e3a/screenshot - {}
RESULT: {}
COMMAND: POST /session/8710bc86126986cf02bb1d50a5f31e3a/actions - {"actions":[{"id":"action3","type":"key","parameters":{},"actions":[{"type":"keyDown","value":""},{"type":"pause","duration":10},{"type":"keyUp","value":""}]}]}
RESULT: {"actions":[{"id":"action3","type":"key","parameters":{},"actions":[{"type":"keyDown","value":""},{"type":"pause","duration":10},{"type":"keyUp","value":""}]}]}
COMMAND: POST /session/8710bc86126986cf02bb1d50a5f31e3a/execute/async - {"script":"<script> [1562 bytes]","args":[{"selector":{"id":"application-managepartners-display-component---NewPartner--externalCustomerComboBox-application-managepartners-display-component---NewPartner--assignmentsTable-0-vhi"},"wdio_ui5_key":"applicationmanagepartners-display-component---NewPartner--externalCustomerComboBox-application-managepartners-display-component---NewPartner--assignmentsTable-0-vhi"}]}
COMMAND: GET /session/8710bc86126986cf02bb1d50a5f31e3a/screenshot - {}
RESULT: {"script":"<script> [1562 bytes]","args":[{"selector":{"id":"application-managepartners-display-component---NewPartner--externalCustomerComboBox-application-managepartners-display-component---NewPartner--assignmentsTable-0-vhi"},"wdio_ui5_key":"applicationmanagepartners-display-component---NewPartner--externalCustomerComboBox-application-managepartners-display-component---NewPartner--assignmentsTable-0-vhi"}]}
RESULT: undefined
COMMAND: POST /session/8710bc86126986cf02bb1d50a5f31e3a/element - {"using":"xpath","value":"//*[@id=\"application-managepartners-display-component---NewPartner--externalCustomerComboBox-application-managepartners-display-component---NewPartner--assignmentsTable-0-vhi\"]"}
RESULT: {}
RESULT: {"using":"xpath","value":"//*[@id=\"application-managepartners-display-component---NewPartner--externalCustomerComboBox-application-managepartners-display-component---NewPartner--assignmentsTable-0-vhi\"]"}
COMMAND: POST /session/8710bc86126986cf02bb1d50a5f31e3a/element/f.4F28C2583BB65896889CB8FD582548C6.d.1C197BF7255FCE434D911412A3920A41.e.1595/click - {}
RESULT: {}
RESULT: undefined
COMMAND: POST /session/8710bc86126986cf02bb1d50a5f31e3a/execute/async - {"script":"<script> [776 bytes]","args":[{"enterText":"300003","selector":{"controlType":"sap.m.SearchField","properties":{"placeholder":"Search"},"searchOpenDialogs":true,"interaction":{"idSuffix":"I"}},"clearTextFirst":true,"interactionType":"ENTER_TEXT"}]}
COMMAND: GET /session/8710bc86126986cf02bb1d50a5f31e3a/screenshot - {}
RESULT: {"script":"<script> [776 bytes]","args":[{"enterText":"300003","selector":{"controlType":"sap.m.SearchField","properties":{"placeholder":"Search"},"searchOpenDialogs":true,"interaction":{"idSuffix":"I"}},"clearTextFirst":true,"interactionType":"ENTER_TEXT"}]}
COMMAND: POST /session/8710bc86126986cf02bb1d50a5f31e3a/actions - {"actions":[{"id":"action4","type":"key","parameters":{},"actions":[{"type":"keyDown","value":""},{"type":"pause","duration":10},{"type":"keyUp","value":""}]}]}
RESULT: {}
RESULT: {"actions":[{"id":"action4","type":"key","parameters":{},"actions":[{"type":"keyDown","value":""},{"type":"pause","duration":10},{"type":"keyUp","value":""}]}]}
COMMAND: GET /session/8710bc86126986cf02bb1d50a5f31e3a/screenshot - {}
RESULT: {}
COMMAND: POST /session/8710bc86126986cf02bb1d50a5f31e3a/element - {"using":"xpath","value":"//span[contains(text(), \"300003\")]"}
RESULT: {"using":"xpath","value":"//span[contains(text(), \"300003\")]"}
COMMAND: POST /session/8710bc86126986cf02bb1d50a5f31e3a/element/f.4F28C2583BB65896889CB8FD582548C6.d.1C197BF7255FCE434D911412A3920A41.e.1613/click - {}
RESULT: {}
COMMAND: GET /session/8710bc86126986cf02bb1d50a5f31e3a/screenshot - {}
RESULT: {}
COMMAND: POST /session/8710bc86126986cf02bb1d50a5f31e3a/element - {"using":"xpath","value":"//bdi[contains(text(), \"OK\")]"}
RESULT: {"using":"xpath","value":"//bdi[contains(text(), \"OK\")]"}
COMMAND: POST /session/8710bc86126986cf02bb1d50a5f31e3a/element/f.4F28C2583BB65896889CB8FD582548C6.d.1C197BF7255FCE434D911412A3920A41.e.1615/click - {}
RESULT: {}
COMMAND: GET /session/8710bc86126986cf02bb1d50a5f31e3a/screenshot - {}
RESULT: {}
COMMAND: POST /session/8710bc86126986cf02bb1d50a5f31e3a/execute/async - {"script":"<script> [1562 bytes]","args":[{"selector":{"id":"application-managepartners-display-component---NewPartner--intercompVendorComboBox-application-managepartners-display-component---NewPartner--assignmentsTable-0-vhi"},"wdio_ui5_key":"applicationmanagepartners-display-component---NewPartner--intercompVendorComboBox-application-managepartners-display-component---NewPartner--assignmentsTable-0-vhi"}]}
RESULT: {"script":"<script> [1562 bytes]","args":[{"selector":{"id":"application-managepartners-display-component---NewPartner--intercompVendorComboBox-application-managepartners-display-component---NewPartner--assignmentsTable-0-vhi"},"wdio_ui5_key":"applicationmanagepartners-display-component---NewPartner--intercompVendorComboBox-application-managepartners-display-component---NewPartner--assignmentsTable-0-vhi"}]}
RESULT: undefined
COMMAND: POST /session/8710bc86126986cf02bb1d50a5f31e3a/element - {"using":"xpath","value":"//*[@id=\"application-managepartners-display-component---NewPartner--intercompVendorComboBox-application-managepartners-display-component---NewPartner--assignmentsTable-0-vhi\"]"}
RESULT: {"using":"xpath","value":"//*[@id=\"application-managepartners-display-component---NewPartner--intercompVendorComboBox-application-managepartners-display-component---NewPartner--assignmentsTable-0-vhi\"]"}
COMMAND: POST /session/8710bc86126986cf02bb1d50a5f31e3a/element/f.4F28C2583BB65896889CB8FD582548C6.d.1C197BF7255FCE434D911412A3920A41.e.1618/click - {}
RESULT: {}
RESULT: undefined
COMMAND: POST /session/8710bc86126986cf02bb1d50a5f31e3a/execute/async - {"script":"<script> [776 bytes]","args":[{"enterText":"100005","selector":{"controlType":"sap.m.SearchField","properties":{"placeholder":"Search"},"searchOpenDialogs":true,"interaction":{"idSuffix":"I"}},"clearTextFirst":true,"interactionType":"ENTER_TEXT"}]}
COMMAND: GET /session/8710bc86126986cf02bb1d50a5f31e3a/screenshot - {}
RESULT: {"script":"<script> [776 bytes]","args":[{"enterText":"100005","selector":{"controlType":"sap.m.SearchField","properties":{"placeholder":"Search"},"searchOpenDialogs":true,"interaction":{"idSuffix":"I"}},"clearTextFirst":true,"interactionType":"ENTER_TEXT"}]}
COMMAND: POST /session/8710bc86126986cf02bb1d50a5f31e3a/actions - {"actions":[{"id":"action5","type":"key","parameters":{},"actions":[{"type":"keyDown","value":""},{"type":"pause","duration":10},{"type":"keyUp","value":""}]}]}
RESULT: {}
RESULT: {"actions":[{"id":"action5","type":"key","parameters":{},"actions":[{"type":"keyDown","value":""},{"type":"pause","duration":10},{"type":"keyUp","value":""}]}]}
COMMAND: GET /session/8710bc86126986cf02bb1d50a5f31e3a/screenshot - {}
RESULT: {}
COMMAND: POST /session/8710bc86126986cf02bb1d50a5f31e3a/element - {"using":"xpath","value":"//span[contains(text(), \"Penguins - Field/12345 Berlin\")]"}
RESULT: {"using":"xpath","value":"//span[contains(text(), \"Penguins - Field/12345 Berlin\")]"}
COMMAND: POST /session/8710bc86126986cf02bb1d50a5f31e3a/element/f.4F28C2583BB65896889CB8FD582548C6.d.1C197BF7255FCE434D911412A3920A41.e.1637/click - {}
RESULT: {}
COMMAND: GET /session/8710bc86126986cf02bb1d50a5f31e3a/screenshot - {}
RESULT: {}
COMMAND: POST /session/8710bc86126986cf02bb1d50a5f31e3a/element - {"using":"xpath","value":"//bdi[contains(text(), \"OK\")]"}
RESULT: {"using":"xpath","value":"//bdi[contains(text(), \"OK\")]"}
COMMAND: POST /session/8710bc86126986cf02bb1d50a5f31e3a/element/f.4F28C2583BB65896889CB8FD582548C6.d.1C197BF7255FCE434D911412A3920A41.e.1638/click - {}
RESULT: {}
COMMAND: GET /session/8710bc86126986cf02bb1d50a5f31e3a/screenshot - {}
RESULT: {}
COMMAND: POST /session/8710bc86126986cf02bb1d50a5f31e3a/element - {"using":"xpath","value":"//button[@data-kt=\"saveButton\"]"}
RESULT: {"using":"xpath","value":"//button[@data-kt=\"saveButton\"]"}
COMMAND: POST /session/8710bc86126986cf02bb1d50a5f31e3a/element/f.4F28C2583BB65896889CB8FD582548C6.d.1C197BF7255FCE434D911412A3920A41.e.1414/click - {}
RESULT: {}
COMMAND: GET /session/8710bc86126986cf02bb1d50a5f31e3a/screenshot - {}
RESULT: {}
COMMAND: POST /session/8710bc86126986cf02bb1d50a5f31e3a/element - {"using":"xpath","value":"//header[contains(@id, 'ObjectPageLayout-headerTitle')]/div[1]/div[2]/div[2]/span[1]"}
RESULT: {"using":"xpath","value":"//header[contains(@id, 'ObjectPageLayout-headerTitle')]/div[1]/div[2]/div[2]/span[1]"}
COMMAND: POST /session/8710bc86126986cf02bb1d50a5f31e3a/elements - {"using":"xpath","value":"//header[contains(@id, 'ObjectPageLayout-headerTitle')]/div[1]/div[2]/div[2]/span[1]"}
RESULT: {"using":"xpath","value":"//header[contains(@id, 'ObjectPageLayout-headerTitle')]/div[1]/div[2]/div[2]/span[1]"}
COMMAND: POST /session/8710bc86126986cf02bb1d50a5f31e3a/execute/sync - {"script":"<script> [56 bytes]","args":[{"element-6066-11e4-a52e-4f735466cecf":"f.4F28C2583BB65896889CB8FD582548C6.d.1C197BF7255FCE434D911412A3920A41.e.1800","ELEMENT":"f.4F28C2583BB65896889CB8FD582548C6.d.1C197BF7255FCE434D911412A3920A41.e.1800"}]}
RESULT: {"script":"<script> [56 bytes]","args":[{"element-6066-11e4-a52e-4f735466cecf":"f.4F28C2583BB65896889CB8FD582548C6.d.1C197BF7255FCE434D911412A3920A41.e.1800","ELEMENT":"f.4F28C2583BB65896889CB8FD582548C6.d.1C197BF7255FCE434D911412A3920A41.e.1800"}]}
COMMAND: POST /session/8710bc86126986cf02bb1d50a5f31e3a/element - {"using":"css selector","value":"#shell-header-logo"}
COMMAND: GET /session/8710bc86126986cf02bb1d50a5f31e3a/screenshot - {}
RESULT: {"using":"css selector","value":"#shell-header-logo"}
COMMAND: POST /session/8710bc86126986cf02bb1d50a5f31e3a/element/f.4F28C2583BB65896889CB8FD582548C6.d.1C197BF7255FCE434D911412A3920A41.e.1016/click - {}
RESULT: {}
RESULT: {}
COMMAND: GET /session/8710bc86126986cf02bb1d50a5f31e3a/screenshot - {}
RESULT: {}
COMMAND: POST /session/8710bc86126986cf02bb1d50a5f31e3a/execute/sync - {"script":"<script> [299 bytes]","args":[["getModel","getResource"]]}
RESULT: {"script":"<script> [299 bytes]","args":[["getModel","getResource"]]}
]]></system-out>
    </testcase>
    <testcase classname="chrome.136_0_7103_93.windows.Billing_confirm_US117289" name="Should create a new site" time="115.955">
      <system-out><![CDATA[
COMMAND: POST /session/8710bc86126986cf02bb1d50a5f31e3a/execute/async - {"script":"<script> [1562 bytes]","args":[{"selector":{"controlType":"sap.m.GenericTile","properties":{"header":"Manage Sites"}},"wdio_ui5_key":"sapm.GenericTile{\"header\":\"Manage Sites\"}"}]}
COMMAND: GET /session/8710bc86126986cf02bb1d50a5f31e3a/screenshot - {}
RESULT: {"script":"<script> [1562 bytes]","args":[{"selector":{"controlType":"sap.m.GenericTile","properties":{"header":"Manage Sites"}},"wdio_ui5_key":"sapm.GenericTile{\"header\":\"Manage Sites\"}"}]}
RESULT: undefined
COMMAND: POST /session/8710bc86126986cf02bb1d50a5f31e3a/element - {"using":"xpath","value":"//*[@id=\"__tile40\"]"}
RESULT: {}
RESULT: {"using":"xpath","value":"//*[@id=\"__tile40\"]"}
COMMAND: POST /session/8710bc86126986cf02bb1d50a5f31e3a/element/f.4F28C2583BB65896889CB8FD582548C6.d.1C197BF7255FCE434D911412A3920A41.e.156/click - {}
RESULT: {}
COMMAND: GET /session/8710bc86126986cf02bb1d50a5f31e3a/screenshot - {}
RESULT: {}
COMMAND: POST /session/8710bc86126986cf02bb1d50a5f31e3a/elements - {"using":"xpath","value":"//span[text()='Error']"}
RESULT: {"using":"xpath","value":"//span[text()='Error']"}
COMMAND: POST /session/8710bc86126986cf02bb1d50a5f31e3a/element - {"using":"xpath","value":"//button[@data-kt=\"addOverflowToolbarButton\"]"}
RESULT: {"using":"xpath","value":"//button[@data-kt=\"addOverflowToolbarButton\"]"}
COMMAND: POST /session/8710bc86126986cf02bb1d50a5f31e3a/elements - {"using":"xpath","value":"//button[@data-kt=\"addOverflowToolbarButton\"]"}
RESULT: {"using":"xpath","value":"//button[@data-kt=\"addOverflowToolbarButton\"]"}
COMMAND: POST /session/8710bc86126986cf02bb1d50a5f31e3a/execute/sync - {"script":"<script> [8489 bytes]","args":[{"element-6066-11e4-a52e-4f735466cecf":"f.4F28C2583BB65896889CB8FD582548C6.d.1C197BF7255FCE434D911412A3920A41.e.1848","ELEMENT":"f.4F28C2583BB65896889CB8FD582548C6.d.1C197BF7255FCE434D911412A3920A41.e.1848"}]}
RESULT: {"script":"<script> [8489 bytes]","args":[{"element-6066-11e4-a52e-4f735466cecf":"f.4F28C2583BB65896889CB8FD582548C6.d.1C197BF7255FCE434D911412A3920A41.e.1848","ELEMENT":"f.4F28C2583BB65896889CB8FD582548C6.d.1C197BF7255FCE434D911412A3920A41.e.1848"}]}
COMMAND: GET /session/8710bc86126986cf02bb1d50a5f31e3a/element/f.4F28C2583BB65896889CB8FD582548C6.d.1C197BF7255FCE434D911412A3920A41.e.1848/enabled - {}
COMMAND: GET /session/8710bc86126986cf02bb1d50a5f31e3a/screenshot - {}
RESULT: {}
COMMAND: POST /session/8710bc86126986cf02bb1d50a5f31e3a/execute/sync - {"script":"<script> [8489 bytes]","args":[{"element-6066-11e4-a52e-4f735466cecf":"f.4F28C2583BB65896889CB8FD582548C6.d.1C197BF7255FCE434D911412A3920A41.e.1848","ELEMENT":"f.4F28C2583BB65896889CB8FD582548C6.d.1C197BF7255FCE434D911412A3920A41.e.1848"}]}
COMMAND: GET /session/8710bc86126986cf02bb1d50a5f31e3a/screenshot - {}
RESULT: {}
RESULT: {"script":"<script> [8489 bytes]","args":[{"element-6066-11e4-a52e-4f735466cecf":"f.4F28C2583BB65896889CB8FD582548C6.d.1C197BF7255FCE434D911412A3920A41.e.1848","ELEMENT":"f.4F28C2583BB65896889CB8FD582548C6.d.1C197BF7255FCE434D911412A3920A41.e.1848"}]}
COMMAND: POST /session/8710bc86126986cf02bb1d50a5f31e3a/execute/sync - {"script":"<script> [5351 bytes]","args":[{"element-6066-11e4-a52e-4f735466cecf":"f.4F28C2583BB65896889CB8FD582548C6.d.1C197BF7255FCE434D911412A3920A41.e.1848","ELEMENT":"f.4F28C2583BB65896889CB8FD582548C6.d.1C197BF7255FCE434D911412A3920A41.e.1848"}]}
COMMAND: GET /session/8710bc86126986cf02bb1d50a5f31e3a/screenshot - {}
RESULT: {}
RESULT: {"script":"<script> [5351 bytes]","args":[{"element-6066-11e4-a52e-4f735466cecf":"f.4F28C2583BB65896889CB8FD582548C6.d.1C197BF7255FCE434D911412A3920A41.e.1848","ELEMENT":"f.4F28C2583BB65896889CB8FD582548C6.d.1C197BF7255FCE434D911412A3920A41.e.1848"}]}
COMMAND: POST /session/8710bc86126986cf02bb1d50a5f31e3a/element/f.4F28C2583BB65896889CB8FD582548C6.d.1C197BF7255FCE434D911412A3920A41.e.1848/click - {}
COMMAND: GET /session/8710bc86126986cf02bb1d50a5f31e3a/screenshot - {}
RESULT: {}
RESULT: {}
COMMAND: GET /session/8710bc86126986cf02bb1d50a5f31e3a/screenshot - {}
RESULT: {}
COMMAND: POST /session/8710bc86126986cf02bb1d50a5f31e3a/element - {"using":"xpath","value":"//input[@id=\"application-managesites-display-component---NewSite--siteId-inner\"]"}
RESULT: {}
RESULT: {"using":"xpath","value":"//input[@id=\"application-managesites-display-component---NewSite--siteId-inner\"]"}
COMMAND: POST /session/8710bc86126986cf02bb1d50a5f31e3a/element - {"using":"xpath","value":"//input[@id=\"application-managesites-display-component---NewSite--siteId-inner\"]"}
RESULT: {"using":"xpath","value":"//input[@id=\"application-managesites-display-component---NewSite--siteId-inner\"]"}
COMMAND: POST /session/8710bc86126986cf02bb1d50a5f31e3a/execute/async - {"script":"<script> [1562 bytes]","args":[{"selector":{"id":"application-managesites-display-component---NewSite--addressDetailDetailsName1","interaction":{"idSuffix":"inner"}},"wdio_ui5_key":"applicationmanagesites-display-component---NewSite--addressDetailDetailsName1"}]}
RESULT: {"script":"<script> [1562 bytes]","args":[{"selector":{"id":"application-managesites-display-component---NewSite--addressDetailDetailsName1","interaction":{"idSuffix":"inner"}},"wdio_ui5_key":"applicationmanagesites-display-component---NewSite--addressDetailDetailsName1"}]}
RESULT: undefined
COMMAND: POST /session/8710bc86126986cf02bb1d50a5f31e3a/execute/async - {"script":"<script> [776 bytes]","args":[{"enterText":"Intracompany Site wdIO","selector":{"id":"application-managesites-display-component---NewSite--addressDetailDetailsName1","interaction":{"idSuffix":"inner"}},"clearTextFirst":true,"interactionType":"ENTER_TEXT"}]}
RESULT: {"script":"<script> [776 bytes]","args":[{"enterText":"Intracompany Site wdIO","selector":{"id":"application-managesites-display-component---NewSite--addressDetailDetailsName1","interaction":{"idSuffix":"inner"}},"clearTextFirst":true,"interactionType":"ENTER_TEXT"}]}
COMMAND: POST /session/8710bc86126986cf02bb1d50a5f31e3a/execute/async - {"script":"<script> [1562 bytes]","args":[{"selector":{"id":"application-managesites-display-component---NewSite--addressDetailDetailsLanguage-arrow"},"wdio_ui5_key":"applicationmanagesites-display-component---NewSite--addressDetailDetailsLanguage-arrow"}]}
RESULT: {"script":"<script> [1562 bytes]","args":[{"selector":{"id":"application-managesites-display-component---NewSite--addressDetailDetailsLanguage-arrow"},"wdio_ui5_key":"applicationmanagesites-display-component---NewSite--addressDetailDetailsLanguage-arrow"}]}
RESULT: undefined
COMMAND: POST /session/8710bc86126986cf02bb1d50a5f31e3a/element - {"using":"xpath","value":"//*[@id=\"application-managesites-display-component---NewSite--addressDetailDetailsLanguage-arrow\"]"}
RESULT: {"using":"xpath","value":"//*[@id=\"application-managesites-display-component---NewSite--addressDetailDetailsLanguage-arrow\"]"}
COMMAND: POST /session/8710bc86126986cf02bb1d50a5f31e3a/element/f.4F28C2583BB65896889CB8FD582548C6.d.1C197BF7255FCE434D911412A3920A41.e.2239/click - {}
RESULT: {}
COMMAND: POST /session/8710bc86126986cf02bb1d50a5f31e3a/element - {"using":"xpath","value":"//span[contains(text(), \"English\")]"}
COMMAND: GET /session/8710bc86126986cf02bb1d50a5f31e3a/screenshot - {}
RESULT: {"using":"xpath","value":"//span[contains(text(), \"English\")]"}
COMMAND: POST /session/8710bc86126986cf02bb1d50a5f31e3a/element/f.4F28C2583BB65896889CB8FD582548C6.d.1C197BF7255FCE434D911412A3920A41.e.2240/click - {}
RESULT: {}
RESULT: {}
COMMAND: POST /session/8710bc86126986cf02bb1d50a5f31e3a/execute/async - {"script":"<script> [1562 bytes]","args":[{"selector":{"id":"application-managesites-display-component---NewSite--addressDetailDetailsCity1","interaction":{"idSuffix":"inner"}},"wdio_ui5_key":"applicationmanagesites-display-component---NewSite--addressDetailDetailsCity1"}]}
COMMAND: GET /session/8710bc86126986cf02bb1d50a5f31e3a/screenshot - {}
RESULT: {"script":"<script> [1562 bytes]","args":[{"selector":{"id":"application-managesites-display-component---NewSite--addressDetailDetailsCity1","interaction":{"idSuffix":"inner"}},"wdio_ui5_key":"applicationmanagesites-display-component---NewSite--addressDetailDetailsCity1"}]}
RESULT: undefined
COMMAND: POST /session/8710bc86126986cf02bb1d50a5f31e3a/execute/async - {"script":"<script> [776 bytes]","args":[{"enterText":"Rosario","selector":{"id":"application-managesites-display-component---NewSite--addressDetailDetailsCity1","interaction":{"idSuffix":"inner"}},"clearTextFirst":true,"interactionType":"ENTER_TEXT"}]}
RESULT: {}
RESULT: {"script":"<script> [776 bytes]","args":[{"enterText":"Rosario","selector":{"id":"application-managesites-display-component---NewSite--addressDetailDetailsCity1","interaction":{"idSuffix":"inner"}},"clearTextFirst":true,"interactionType":"ENTER_TEXT"}]}
COMMAND: POST /session/8710bc86126986cf02bb1d50a5f31e3a/execute/async - {"script":"<script> [1562 bytes]","args":[{"selector":{"id":"application-managesites-display-component---NewSite--addressDetailDetailsCountry-arrow"},"wdio_ui5_key":"applicationmanagesites-display-component---NewSite--addressDetailDetailsCountry-arrow"}]}
RESULT: {"script":"<script> [1562 bytes]","args":[{"selector":{"id":"application-managesites-display-component---NewSite--addressDetailDetailsCountry-arrow"},"wdio_ui5_key":"applicationmanagesites-display-component---NewSite--addressDetailDetailsCountry-arrow"}]}
RESULT: undefined
COMMAND: POST /session/8710bc86126986cf02bb1d50a5f31e3a/element - {"using":"xpath","value":"//*[@id=\"application-managesites-display-component---NewSite--addressDetailDetailsCountry-arrow\"]"}
RESULT: {"using":"xpath","value":"//*[@id=\"application-managesites-display-component---NewSite--addressDetailDetailsCountry-arrow\"]"}
COMMAND: POST /session/8710bc86126986cf02bb1d50a5f31e3a/element/f.4F28C2583BB65896889CB8FD582548C6.d.1C197BF7255FCE434D911412A3920A41.e.2242/click - {}
RESULT: {}
COMMAND: POST /session/8710bc86126986cf02bb1d50a5f31e3a/element - {"using":"xpath","value":"//span[contains(text(), \"Argentina\")]"}
COMMAND: GET /session/8710bc86126986cf02bb1d50a5f31e3a/screenshot - {}
RESULT: {"using":"xpath","value":"//span[contains(text(), \"Argentina\")]"}
COMMAND: POST /session/8710bc86126986cf02bb1d50a5f31e3a/element/f.4F28C2583BB65896889CB8FD582548C6.d.1C197BF7255FCE434D911412A3920A41.e.2243/click - {}
RESULT: {}
RESULT: {}
COMMAND: GET /session/8710bc86126986cf02bb1d50a5f31e3a/screenshot - {}
RESULT: {}
COMMAND: POST /session/8710bc86126986cf02bb1d50a5f31e3a/execute/async - {"script":"<script> [1562 bytes]","args":[{"selector":{"id":"application-managesites-display-component---NewSite--addressEditDetailsCostObjectCstType-arrow"},"wdio_ui5_key":"applicationmanagesites-display-component---NewSite--addressEditDetailsCostObjectCstType-arrow"}]}
RESULT: {"script":"<script> [1562 bytes]","args":[{"selector":{"id":"application-managesites-display-component---NewSite--addressEditDetailsCostObjectCstType-arrow"},"wdio_ui5_key":"applicationmanagesites-display-component---NewSite--addressEditDetailsCostObjectCstType-arrow"}]}
RESULT: undefined
COMMAND: POST /session/8710bc86126986cf02bb1d50a5f31e3a/element - {"using":"xpath","value":"//*[@id=\"application-managesites-display-component---NewSite--addressEditDetailsCostObjectCstType-arrow\"]"}
RESULT: {"using":"xpath","value":"//*[@id=\"application-managesites-display-component---NewSite--addressEditDetailsCostObjectCstType-arrow\"]"}
COMMAND: POST /session/8710bc86126986cf02bb1d50a5f31e3a/element/f.4F28C2583BB65896889CB8FD582548C6.d.1C197BF7255FCE434D911412A3920A41.e.2245/click - {}
RESULT: {}
COMMAND: POST /session/8710bc86126986cf02bb1d50a5f31e3a/element - {"using":"xpath","value":"//span[contains(text(), \"Cost Center\")]"}
COMMAND: GET /session/8710bc86126986cf02bb1d50a5f31e3a/screenshot - {}
RESULT: {"using":"xpath","value":"//span[contains(text(), \"Cost Center\")]"}
COMMAND: POST /session/8710bc86126986cf02bb1d50a5f31e3a/element/f.4F28C2583BB65896889CB8FD582548C6.d.1C197BF7255FCE434D911412A3920A41.e.2246/click - {}
RESULT: {}
RESULT: {}
COMMAND: GET /session/8710bc86126986cf02bb1d50a5f31e3a/screenshot - {}
RESULT: {}
COMMAND: POST /session/8710bc86126986cf02bb1d50a5f31e3a/element - {"using":"xpath","value":"//span[@id=\"application-managesites-display-component---NewSite--addressNewCostObjectCstID-vhi\"]"}
RESULT: {"using":"xpath","value":"//span[@id=\"application-managesites-display-component---NewSite--addressNewCostObjectCstID-vhi\"]"}
COMMAND: POST /session/8710bc86126986cf02bb1d50a5f31e3a/execute/sync - {"script":"<script> [8489 bytes]","args":[{"element-6066-11e4-a52e-4f735466cecf":"f.4F28C2583BB65896889CB8FD582548C6.d.1C197BF7255FCE434D911412A3920A41.e.2251","ELEMENT":"f.4F28C2583BB65896889CB8FD582548C6.d.1C197BF7255FCE434D911412A3920A41.e.2251"}]}
RESULT: {"script":"<script> [8489 bytes]","args":[{"element-6066-11e4-a52e-4f735466cecf":"f.4F28C2583BB65896889CB8FD582548C6.d.1C197BF7255FCE434D911412A3920A41.e.2251","ELEMENT":"f.4F28C2583BB65896889CB8FD582548C6.d.1C197BF7255FCE434D911412A3920A41.e.2251"}]}
COMMAND: POST /session/8710bc86126986cf02bb1d50a5f31e3a/execute/async - {"script":"<script> [1562 bytes]","args":[{"selector":{"id":"application-managesites-display-component---NewSite--addressNewCostObjectCstID-vhi"},"wdio_ui5_key":"applicationmanagesites-display-component---NewSite--addressNewCostObjectCstID-vhi"}]}
COMMAND: GET /session/8710bc86126986cf02bb1d50a5f31e3a/screenshot - {}
RESULT: {"script":"<script> [1562 bytes]","args":[{"selector":{"id":"application-managesites-display-component---NewSite--addressNewCostObjectCstID-vhi"},"wdio_ui5_key":"applicationmanagesites-display-component---NewSite--addressNewCostObjectCstID-vhi"}]}
RESULT: undefined
COMMAND: POST /session/8710bc86126986cf02bb1d50a5f31e3a/element - {"using":"xpath","value":"//*[@id=\"application-managesites-display-component---NewSite--addressNewCostObjectCstID-vhi\"]"}
RESULT: {}
RESULT: {"using":"xpath","value":"//*[@id=\"application-managesites-display-component---NewSite--addressNewCostObjectCstID-vhi\"]"}
COMMAND: POST /session/8710bc86126986cf02bb1d50a5f31e3a/element/f.4F28C2583BB65896889CB8FD582548C6.d.1C197BF7255FCE434D911412A3920A41.e.2251/click - {}
RESULT: {}
COMMAND: GET /session/8710bc86126986cf02bb1d50a5f31e3a/screenshot - {}
RESULT: {}
RESULT: undefined
COMMAND: POST /session/8710bc86126986cf02bb1d50a5f31e3a/execute/async - {"script":"<script> [776 bytes]","args":[{"enterText":"10001013","selector":{"controlType":"sap.m.SearchField","properties":{"placeholder":"Search"},"searchOpenDialogs":true,"interaction":{"idSuffix":"I"}},"clearTextFirst":true,"interactionType":"ENTER_TEXT"}]}
RESULT: {"script":"<script> [776 bytes]","args":[{"enterText":"10001013","selector":{"controlType":"sap.m.SearchField","properties":{"placeholder":"Search"},"searchOpenDialogs":true,"interaction":{"idSuffix":"I"}},"clearTextFirst":true,"interactionType":"ENTER_TEXT"}]}
COMMAND: POST /session/8710bc86126986cf02bb1d50a5f31e3a/actions - {"actions":[{"id":"action6","type":"key","parameters":{},"actions":[{"type":"keyDown","value":""},{"type":"pause","duration":10},{"type":"keyUp","value":""}]}]}
RESULT: {"actions":[{"id":"action6","type":"key","parameters":{},"actions":[{"type":"keyDown","value":""},{"type":"pause","duration":10},{"type":"keyUp","value":""}]}]}
COMMAND: GET /session/8710bc86126986cf02bb1d50a5f31e3a/screenshot - {}
RESULT: {}
COMMAND: POST /session/8710bc86126986cf02bb1d50a5f31e3a/element - {"using":"xpath","value":"//span[contains(text(), \"General Management\")]"}
RESULT: {"using":"xpath","value":"//span[contains(text(), \"General Management\")]"}
COMMAND: POST /session/8710bc86126986cf02bb1d50a5f31e3a/element/f.4F28C2583BB65896889CB8FD582548C6.d.1C197BF7255FCE434D911412A3920A41.e.2290/click - {}
RESULT: {}
COMMAND: GET /session/8710bc86126986cf02bb1d50a5f31e3a/screenshot - {}
RESULT: {}
COMMAND: POST /session/8710bc86126986cf02bb1d50a5f31e3a/element - {"using":"xpath","value":"//bdi[contains(text(), \"OK\")]"}
RESULT: {"using":"xpath","value":"//bdi[contains(text(), \"OK\")]"}
COMMAND: POST /session/8710bc86126986cf02bb1d50a5f31e3a/element/f.4F28C2583BB65896889CB8FD582548C6.d.1C197BF7255FCE434D911412A3920A41.e.2291/click - {}
RESULT: {}
COMMAND: GET /session/8710bc86126986cf02bb1d50a5f31e3a/screenshot - {}
RESULT: {}
COMMAND: POST /session/8710bc86126986cf02bb1d50a5f31e3a/element - {"using":"xpath","value":"//input[@id=\"application-managesites-display-component---NewSite--addressDetailDetailsCalendar-inner\"]"}
RESULT: {"using":"xpath","value":"//input[@id=\"application-managesites-display-component---NewSite--addressDetailDetailsCalendar-inner\"]"}
COMMAND: POST /session/8710bc86126986cf02bb1d50a5f31e3a/element/f.4F28C2583BB65896889CB8FD582548C6.d.1C197BF7255FCE434D911412A3920A41.e.2012/clear - {}
RESULT: {}
COMMAND: POST /session/8710bc86126986cf02bb1d50a5f31e3a/element/f.4F28C2583BB65896889CB8FD582548C6.d.1C197BF7255FCE434D911412A3920A41.e.2012/value - {"text":"Unit"}
COMMAND: GET /session/8710bc86126986cf02bb1d50a5f31e3a/screenshot - {}
RESULT: {"text":"Unit"}
COMMAND: GET /session/8710bc86126986cf02bb1d50a5f31e3a/screenshot - {}
RESULT: {}
RESULT: {}
COMMAND: POST /session/8710bc86126986cf02bb1d50a5f31e3a/actions - {"actions":[{"id":"action7","type":"key","parameters":{},"actions":[{"type":"keyDown","value":""},{"type":"pause","duration":10},{"type":"keyUp","value":""}]}]}
RESULT: {"actions":[{"id":"action7","type":"key","parameters":{},"actions":[{"type":"keyDown","value":""},{"type":"pause","duration":10},{"type":"keyUp","value":""}]}]}
COMMAND: POST /session/8710bc86126986cf02bb1d50a5f31e3a/element - {"using":"xpath","value":"//input[@id=\"application-managesites-display-component---NewSite--addressDetailDetailsYard-inner\"]"}
COMMAND: GET /session/8710bc86126986cf02bb1d50a5f31e3a/screenshot - {}
RESULT: {"using":"xpath","value":"//input[@id=\"application-managesites-display-component---NewSite--addressDetailDetailsYard-inner\"]"}
COMMAND: POST /session/8710bc86126986cf02bb1d50a5f31e3a/element/f.4F28C2583BB65896889CB8FD582548C6.d.1C197BF7255FCE434D911412A3920A41.e.2013/clear - {}
RESULT: {}
RESULT: {}
COMMAND: POST /session/8710bc86126986cf02bb1d50a5f31e3a/element/f.4F28C2583BB65896889CB8FD582548C6.d.1C197BF7255FCE434D911412A3920A41.e.2013/value - {"text":"679"}
COMMAND: GET /session/8710bc86126986cf02bb1d50a5f31e3a/screenshot - {}
RESULT: {"text":"679"}
COMMAND: GET /session/8710bc86126986cf02bb1d50a5f31e3a/screenshot - {}
RESULT: {}
RESULT: {}
COMMAND: POST /session/8710bc86126986cf02bb1d50a5f31e3a/element - {"using":"xpath","value":"//li[.//span[text()='679']]"}
RESULT: {"using":"xpath","value":"//li[.//span[text()='679']]"}
COMMAND: POST /session/8710bc86126986cf02bb1d50a5f31e3a/element/f.4F28C2583BB65896889CB8FD582548C6.d.1C197BF7255FCE434D911412A3920A41.e.2319/click - {}
RESULT: {}
COMMAND: GET /session/8710bc86126986cf02bb1d50a5f31e3a/screenshot - {}
RESULT: {}
COMMAND: POST /session/8710bc86126986cf02bb1d50a5f31e3a/element - {"using":"xpath","value":"//input[@id=\"application-managesites-display-component---NewSite--addressDetailDetailsPartner-inner\"]"}
RESULT: {"using":"xpath","value":"//input[@id=\"application-managesites-display-component---NewSite--addressDetailDetailsPartner-inner\"]"}
COMMAND: POST /session/8710bc86126986cf02bb1d50a5f31e3a/element - {"using":"xpath","value":"//input[@id=\"application-managesites-display-component---NewSite--addressDetailDetailsPartner-inner\"]"}
RESULT: {"using":"xpath","value":"//input[@id=\"application-managesites-display-component---NewSite--addressDetailDetailsPartner-inner\"]"}
COMMAND: POST /session/8710bc86126986cf02bb1d50a5f31e3a/element - {"using":"xpath","value":"//button[@data-kt=\"saveButton\"]"}
RESULT: {"using":"xpath","value":"//button[@data-kt=\"saveButton\"]"}
COMMAND: POST /session/8710bc86126986cf02bb1d50a5f31e3a/element/f.4F28C2583BB65896889CB8FD582548C6.d.1C197BF7255FCE434D911412A3920A41.e.2177/click - {}
RESULT: {}
COMMAND: GET /session/8710bc86126986cf02bb1d50a5f31e3a/screenshot - {}
RESULT: {}
COMMAND: POST /session/8710bc86126986cf02bb1d50a5f31e3a/element - {"using":"xpath","value":"//header[contains(@id, 'ObjectPageLayout-headerTitle')]/div[1]/div[2]/div[2]/span[1]"}
RESULT: {"using":"xpath","value":"//header[contains(@id, 'ObjectPageLayout-headerTitle')]/div[1]/div[2]/div[2]/span[1]"}
COMMAND: POST /session/8710bc86126986cf02bb1d50a5f31e3a/elements - {"using":"xpath","value":"//header[contains(@id, 'ObjectPageLayout-headerTitle')]/div[1]/div[2]/div[2]/span[1]"}
RESULT: {"using":"xpath","value":"//header[contains(@id, 'ObjectPageLayout-headerTitle')]/div[1]/div[2]/div[2]/span[1]"}
COMMAND: POST /session/8710bc86126986cf02bb1d50a5f31e3a/execute/sync - {"script":"<script> [56 bytes]","args":[{"element-6066-11e4-a52e-4f735466cecf":"f.4F28C2583BB65896889CB8FD582548C6.d.1C197BF7255FCE434D911412A3920A41.e.2523","ELEMENT":"f.4F28C2583BB65896889CB8FD582548C6.d.1C197BF7255FCE434D911412A3920A41.e.2523"}]}
RESULT: {"script":"<script> [56 bytes]","args":[{"element-6066-11e4-a52e-4f735466cecf":"f.4F28C2583BB65896889CB8FD582548C6.d.1C197BF7255FCE434D911412A3920A41.e.2523","ELEMENT":"f.4F28C2583BB65896889CB8FD582548C6.d.1C197BF7255FCE434D911412A3920A41.e.2523"}]}
COMMAND: POST /session/8710bc86126986cf02bb1d50a5f31e3a/element - {"using":"css selector","value":"#shell-header-logo"}
COMMAND: GET /session/8710bc86126986cf02bb1d50a5f31e3a/screenshot - {}
RESULT: {"using":"css selector","value":"#shell-header-logo"}
COMMAND: POST /session/8710bc86126986cf02bb1d50a5f31e3a/element/f.4F28C2583BB65896889CB8FD582548C6.d.1C197BF7255FCE434D911412A3920A41.e.1805/click - {}
RESULT: {}
RESULT: {}
COMMAND: GET /session/8710bc86126986cf02bb1d50a5f31e3a/screenshot - {}
RESULT: {}
COMMAND: POST /session/8710bc86126986cf02bb1d50a5f31e3a/execute/sync - {"script":"<script> [299 bytes]","args":[["getModel","getResource"]]}
RESULT: {"script":"<script> [299 bytes]","args":[["getModel","getResource"]]}
]]></system-out>
    </testcase>
    <testcase classname="chrome.136_0_7103_93.windows.Billing_confirm_US117289" name="Should create a new equipment" time="139.902">
      <system-out><![CDATA[
COMMAND: GET /session/8710bc86126986cf02bb1d50a5f31e3a/screenshot - {}
COMMAND: POST /session/8710bc86126986cf02bb1d50a5f31e3a/execute/async - {"script":"<script> [1562 bytes]","args":[{"selector":{"controlType":"sap.m.GenericTile","properties":{"header":"Manage Resources"}},"wdio_ui5_key":"sapm.GenericTile{\"header\":\"Manage Resources\"}"}]}
RESULT: {}
RESULT: {"script":"<script> [1562 bytes]","args":[{"selector":{"controlType":"sap.m.GenericTile","properties":{"header":"Manage Resources"}},"wdio_ui5_key":"sapm.GenericTile{\"header\":\"Manage Resources\"}"}]}
RESULT: undefined
COMMAND: POST /session/8710bc86126986cf02bb1d50a5f31e3a/element - {"using":"xpath","value":"//*[@id=\"__tile39\"]"}
RESULT: {"using":"xpath","value":"//*[@id=\"__tile39\"]"}
COMMAND: POST /session/8710bc86126986cf02bb1d50a5f31e3a/element/f.4F28C2583BB65896889CB8FD582548C6.d.1C197BF7255FCE434D911412A3920A41.e.153/click - {}
RESULT: {}
COMMAND: GET /session/8710bc86126986cf02bb1d50a5f31e3a/screenshot - {}
RESULT: {}
COMMAND: POST /session/8710bc86126986cf02bb1d50a5f31e3a/elements - {"using":"xpath","value":"//span[text()='Error']"}
RESULT: {"using":"xpath","value":"//span[text()='Error']"}
COMMAND: POST /session/8710bc86126986cf02bb1d50a5f31e3a/element - {"using":"xpath","value":"//button[@data-kt=\"addNewRUOverflowToolbarButton\"]"}
RESULT: {"using":"xpath","value":"//button[@data-kt=\"addNewRUOverflowToolbarButton\"]"}
COMMAND: POST /session/8710bc86126986cf02bb1d50a5f31e3a/elements - {"using":"xpath","value":"//button[@data-kt=\"addNewRUOverflowToolbarButton\"]"}
RESULT: {"using":"xpath","value":"//button[@data-kt=\"addNewRUOverflowToolbarButton\"]"}
COMMAND: POST /session/8710bc86126986cf02bb1d50a5f31e3a/elements - {"using":"xpath","value":"//button[@data-kt=\"addNewRUOverflowToolbarButton\"]"}
RESULT: {"using":"xpath","value":"//button[@data-kt=\"addNewRUOverflowToolbarButton\"]"}
COMMAND: POST /session/8710bc86126986cf02bb1d50a5f31e3a/element - {"using":"xpath","value":"//button[@data-kt=\"addNewRUOverflowToolbarButton\"]"}
RESULT: {"using":"xpath","value":"//button[@data-kt=\"addNewRUOverflowToolbarButton\"]"}
COMMAND: POST /session/8710bc86126986cf02bb1d50a5f31e3a/execute/sync - {"script":"<script> [8489 bytes]","args":[{"element-6066-11e4-a52e-4f735466cecf":"f.4F28C2583BB65896889CB8FD582548C6.d.1C197BF7255FCE434D911412A3920A41.e.2556","ELEMENT":"f.4F28C2583BB65896889CB8FD582548C6.d.1C197BF7255FCE434D911412A3920A41.e.2556"}]}
RESULT: {"script":"<script> [8489 bytes]","args":[{"element-6066-11e4-a52e-4f735466cecf":"f.4F28C2583BB65896889CB8FD582548C6.d.1C197BF7255FCE434D911412A3920A41.e.2556","ELEMENT":"f.4F28C2583BB65896889CB8FD582548C6.d.1C197BF7255FCE434D911412A3920A41.e.2556"}]}
COMMAND: GET /session/8710bc86126986cf02bb1d50a5f31e3a/element/f.4F28C2583BB65896889CB8FD582548C6.d.1C197BF7255FCE434D911412A3920A41.e.2556/enabled - {}
COMMAND: GET /session/8710bc86126986cf02bb1d50a5f31e3a/screenshot - {}
RESULT: {}
COMMAND: POST /session/8710bc86126986cf02bb1d50a5f31e3a/execute/sync - {"script":"<script> [8489 bytes]","args":[{"element-6066-11e4-a52e-4f735466cecf":"f.4F28C2583BB65896889CB8FD582548C6.d.1C197BF7255FCE434D911412A3920A41.e.2556","ELEMENT":"f.4F28C2583BB65896889CB8FD582548C6.d.1C197BF7255FCE434D911412A3920A41.e.2556"}]}
COMMAND: GET /session/8710bc86126986cf02bb1d50a5f31e3a/screenshot - {}
RESULT: {}
RESULT: {"script":"<script> [8489 bytes]","args":[{"element-6066-11e4-a52e-4f735466cecf":"f.4F28C2583BB65896889CB8FD582548C6.d.1C197BF7255FCE434D911412A3920A41.e.2556","ELEMENT":"f.4F28C2583BB65896889CB8FD582548C6.d.1C197BF7255FCE434D911412A3920A41.e.2556"}]}
COMMAND: POST /session/8710bc86126986cf02bb1d50a5f31e3a/execute/sync - {"script":"<script> [5351 bytes]","args":[{"element-6066-11e4-a52e-4f735466cecf":"f.4F28C2583BB65896889CB8FD582548C6.d.1C197BF7255FCE434D911412A3920A41.e.2556","ELEMENT":"f.4F28C2583BB65896889CB8FD582548C6.d.1C197BF7255FCE434D911412A3920A41.e.2556"}]}
COMMAND: GET /session/8710bc86126986cf02bb1d50a5f31e3a/screenshot - {}
RESULT: {}
RESULT: {"script":"<script> [5351 bytes]","args":[{"element-6066-11e4-a52e-4f735466cecf":"f.4F28C2583BB65896889CB8FD582548C6.d.1C197BF7255FCE434D911412A3920A41.e.2556","ELEMENT":"f.4F28C2583BB65896889CB8FD582548C6.d.1C197BF7255FCE434D911412A3920A41.e.2556"}]}
COMMAND: POST /session/8710bc86126986cf02bb1d50a5f31e3a/element/f.4F28C2583BB65896889CB8FD582548C6.d.1C197BF7255FCE434D911412A3920A41.e.2556/click - {}
COMMAND: GET /session/8710bc86126986cf02bb1d50a5f31e3a/screenshot - {}
RESULT: {}
RESULT: {}
COMMAND: GET /session/8710bc86126986cf02bb1d50a5f31e3a/screenshot - {}
RESULT: {}
RESULT: {}
COMMAND: POST /session/8710bc86126986cf02bb1d50a5f31e3a/execute/async - {"script":"<script> [1562 bytes]","args":[{"selector":{"id":"application-manageresources-display-component---newResourceUnit--TYPE-arrow"},"wdio_ui5_key":"applicationmanageresources-display-component---newResourceUnit--TYPE-arrow"}]}
RESULT: {"script":"<script> [1562 bytes]","args":[{"selector":{"id":"application-manageresources-display-component---newResourceUnit--TYPE-arrow"},"wdio_ui5_key":"applicationmanageresources-display-component---newResourceUnit--TYPE-arrow"}]}
RESULT: undefined
COMMAND: POST /session/8710bc86126986cf02bb1d50a5f31e3a/element - {"using":"xpath","value":"//*[@id=\"application-manageresources-display-component---newResourceUnit--TYPE-arrow\"]"}
RESULT: {"using":"xpath","value":"//*[@id=\"application-manageresources-display-component---newResourceUnit--TYPE-arrow\"]"}
COMMAND: POST /session/8710bc86126986cf02bb1d50a5f31e3a/element/f.4F28C2583BB65896889CB8FD582548C6.d.1C197BF7255FCE434D911412A3920A41.e.2915/click - {}
RESULT: {}
COMMAND: POST /session/8710bc86126986cf02bb1d50a5f31e3a/element - {"using":"xpath","value":"//input[@id=\"application-manageresources-display-component---newResourceUnit--TYPE-inner\"]"}
COMMAND: GET /session/8710bc86126986cf02bb1d50a5f31e3a/screenshot - {}
RESULT: {"using":"xpath","value":"//input[@id=\"application-manageresources-display-component---newResourceUnit--TYPE-inner\"]"}
COMMAND: POST /session/8710bc86126986cf02bb1d50a5f31e3a/element/f.4F28C2583BB65896889CB8FD582548C6.d.1C197BF7255FCE434D911412A3920A41.e.2910/clear - {}
RESULT: {}
RESULT: {}
COMMAND: POST /session/8710bc86126986cf02bb1d50a5f31e3a/element/f.4F28C2583BB65896889CB8FD582548C6.d.1C197BF7255FCE434D911412A3920A41.e.2910/value - {"text":"Equipment"}
COMMAND: GET /session/8710bc86126986cf02bb1d50a5f31e3a/screenshot - {}
RESULT: {"text":"Equipment"}
COMMAND: GET /session/8710bc86126986cf02bb1d50a5f31e3a/screenshot - {}
RESULT: {}
RESULT: {}
COMMAND: POST /session/8710bc86126986cf02bb1d50a5f31e3a/actions - {"actions":[{"id":"action8","type":"key","parameters":{},"actions":[{"type":"keyDown","value":""},{"type":"pause","duration":10},{"type":"keyUp","value":""}]}]}
RESULT: {"actions":[{"id":"action8","type":"key","parameters":{},"actions":[{"type":"keyDown","value":""},{"type":"pause","duration":10},{"type":"keyUp","value":""}]}]}
COMMAND: POST /session/8710bc86126986cf02bb1d50a5f31e3a/execute/async - {"script":"<script> [1562 bytes]","args":[{"selector":{"id":"application-manageresources-display-component---newResourceUnit--resourceId","interaction":{"idSuffix":"inner"}},"wdio_ui5_key":"applicationmanageresources-display-component---newResourceUnit--resourceId"}]}
COMMAND: GET /session/8710bc86126986cf02bb1d50a5f31e3a/screenshot - {}
RESULT: {"script":"<script> [1562 bytes]","args":[{"selector":{"id":"application-manageresources-display-component---newResourceUnit--resourceId","interaction":{"idSuffix":"inner"}},"wdio_ui5_key":"applicationmanageresources-display-component---newResourceUnit--resourceId"}]}
RESULT: undefined
COMMAND: POST /session/8710bc86126986cf02bb1d50a5f31e3a/execute/async - {"script":"<script> [776 bytes]","args":[{"enterText":"UpU3uzuMnF","selector":{"id":"application-manageresources-display-component---newResourceUnit--resourceId","interaction":{"idSuffix":"inner"}},"clearTextFirst":true,"interactionType":"ENTER_TEXT"}]}
RESULT: {}
RESULT: {"script":"<script> [776 bytes]","args":[{"enterText":"UpU3uzuMnF","selector":{"id":"application-manageresources-display-component---newResourceUnit--resourceId","interaction":{"idSuffix":"inner"}},"clearTextFirst":true,"interactionType":"ENTER_TEXT"}]}
COMMAND: POST /session/8710bc86126986cf02bb1d50a5f31e3a/execute/async - {"script":"<script> [1562 bytes]","args":[{"selector":{"id":"application-manageresources-display-component---newResourceUnit--SHORT_TEXT","interaction":{"idSuffix":"inner"}},"wdio_ui5_key":"applicationmanageresources-display-component---newResourceUnit--SHORT_TEXT"}]}
RESULT: {"script":"<script> [1562 bytes]","args":[{"selector":{"id":"application-manageresources-display-component---newResourceUnit--SHORT_TEXT","interaction":{"idSuffix":"inner"}},"wdio_ui5_key":"applicationmanageresources-display-component---newResourceUnit--SHORT_TEXT"}]}
RESULT: undefined
COMMAND: POST /session/8710bc86126986cf02bb1d50a5f31e3a/execute/async - {"script":"<script> [776 bytes]","args":[{"enterText":"Intercompany Equipment WDIO","selector":{"id":"application-manageresources-display-component---newResourceUnit--SHORT_TEXT","interaction":{"idSuffix":"inner"}},"clearTextFirst":true,"interactionType":"ENTER_TEXT"}]}
RESULT: {"script":"<script> [776 bytes]","args":[{"enterText":"Intercompany Equipment WDIO","selector":{"id":"application-manageresources-display-component---newResourceUnit--SHORT_TEXT","interaction":{"idSuffix":"inner"}},"clearTextFirst":true,"interactionType":"ENTER_TEXT"}]}
COMMAND: POST /session/8710bc86126986cf02bb1d50a5f31e3a/execute/async - {"script":"<script> [1562 bytes]","args":[{"selector":{"id":"application-manageresources-display-component---newResourceUnit--BASE_UNIT_OF_MEASURE","interaction":{"idSuffix":"inner"}},"wdio_ui5_key":"applicationmanageresources-display-component---newResourceUnit--BASE_UNIT_OF_MEASURE"}]}
RESULT: {"script":"<script> [1562 bytes]","args":[{"selector":{"id":"application-manageresources-display-component---newResourceUnit--BASE_UNIT_OF_MEASURE","interaction":{"idSuffix":"inner"}},"wdio_ui5_key":"applicationmanageresources-display-component---newResourceUnit--BASE_UNIT_OF_MEASURE"}]}
RESULT: undefined
COMMAND: POST /session/8710bc86126986cf02bb1d50a5f31e3a/execute/async - {"script":"<script> [776 bytes]","args":[{"enterText":"Piece","selector":{"id":"application-manageresources-display-component---newResourceUnit--BASE_UNIT_OF_MEASURE","interaction":{"idSuffix":"inner"}},"clearTextFirst":true,"interactionType":"ENTER_TEXT"}]}
RESULT: {"script":"<script> [776 bytes]","args":[{"enterText":"Piece","selector":{"id":"application-manageresources-display-component---newResourceUnit--BASE_UNIT_OF_MEASURE","interaction":{"idSuffix":"inner"}},"clearTextFirst":true,"interactionType":"ENTER_TEXT"}]}
COMMAND: POST /session/8710bc86126986cf02bb1d50a5f31e3a/execute/async - {"script":"<script> [1562 bytes]","args":[{"selector":{"id":"application-manageresources-display-component---newResourceUnit--WEIGHT_UNIT","interaction":{"idSuffix":"inner"}},"wdio_ui5_key":"applicationmanageresources-display-component---newResourceUnit--WEIGHT_UNIT"}]}
RESULT: {"script":"<script> [1562 bytes]","args":[{"selector":{"id":"application-manageresources-display-component---newResourceUnit--WEIGHT_UNIT","interaction":{"idSuffix":"inner"}},"wdio_ui5_key":"applicationmanageresources-display-component---newResourceUnit--WEIGHT_UNIT"}]}
RESULT: undefined
COMMAND: POST /session/8710bc86126986cf02bb1d50a5f31e3a/execute/async - {"script":"<script> [776 bytes]","args":[{"enterText":"Gram","selector":{"id":"application-manageresources-display-component---newResourceUnit--WEIGHT_UNIT","interaction":{"idSuffix":"inner"}},"clearTextFirst":true,"interactionType":"ENTER_TEXT"}]}
RESULT: {"script":"<script> [776 bytes]","args":[{"enterText":"Gram","selector":{"id":"application-manageresources-display-component---newResourceUnit--WEIGHT_UNIT","interaction":{"idSuffix":"inner"}},"clearTextFirst":true,"interactionType":"ENTER_TEXT"}]}
COMMAND: POST /session/8710bc86126986cf02bb1d50a5f31e3a/execute/async - {"script":"<script> [1562 bytes]","args":[{"selector":{"id":"application-manageresources-display-component---newResourceUnit--DIMENSION_UNIT","interaction":{"idSuffix":"inner"}},"wdio_ui5_key":"applicationmanageresources-display-component---newResourceUnit--DIMENSION_UNIT"}]}
RESULT: {"script":"<script> [1562 bytes]","args":[{"selector":{"id":"application-manageresources-display-component---newResourceUnit--DIMENSION_UNIT","interaction":{"idSuffix":"inner"}},"wdio_ui5_key":"applicationmanageresources-display-component---newResourceUnit--DIMENSION_UNIT"}]}
RESULT: undefined
COMMAND: POST /session/8710bc86126986cf02bb1d50a5f31e3a/execute/async - {"script":"<script> [776 bytes]","args":[{"enterText":"Meter","selector":{"id":"application-manageresources-display-component---newResourceUnit--DIMENSION_UNIT","interaction":{"idSuffix":"inner"}},"clearTextFirst":true,"interactionType":"ENTER_TEXT"}]}
RESULT: {"script":"<script> [776 bytes]","args":[{"enterText":"Meter","selector":{"id":"application-manageresources-display-component---newResourceUnit--DIMENSION_UNIT","interaction":{"idSuffix":"inner"}},"clearTextFirst":true,"interactionType":"ENTER_TEXT"}]}
COMMAND: POST /session/8710bc86126986cf02bb1d50a5f31e3a/execute/async - {"script":"<script> [1562 bytes]","args":[{"selector":{"id":"application-manageresources-display-component---newResourceUnit--newRRUPage-anchBar-application-manageresources-display-component---newResourceUnit--control-anchor","interaction":{"idSuffix":"BDI-content"}},"wdio_ui5_key":"applicationmanageresources-display-component---newResourceUnit--newRRUPage-anchBar-application-manageresources-display-component---newResourceUnit--control-anchor"}]}
RESULT: {"script":"<script> [1562 bytes]","args":[{"selector":{"id":"application-manageresources-display-component---newResourceUnit--newRRUPage-anchBar-application-manageresources-display-component---newResourceUnit--control-anchor","interaction":{"idSuffix":"BDI-content"}},"wdio_ui5_key":"applicationmanageresources-display-component---newResourceUnit--newRRUPage-anchBar-application-manageresources-display-component---newResourceUnit--control-anchor"}]}
RESULT: undefined
COMMAND: POST /session/8710bc86126986cf02bb1d50a5f31e3a/element - {"using":"xpath","value":"//*[@id=\"application-manageresources-display-component---newResourceUnit--newRRUPage-anchBar-application-manageresources-display-component---newResourceUnit--control-anchor\"]"}
RESULT: {"using":"xpath","value":"//*[@id=\"application-manageresources-display-component---newResourceUnit--newRRUPage-anchBar-application-manageresources-display-component---newResourceUnit--control-anchor\"]"}
COMMAND: POST /session/8710bc86126986cf02bb1d50a5f31e3a/element/f.4F28C2583BB65896889CB8FD582548C6.d.1C197BF7255FCE434D911412A3920A41.e.3046/click - {}
RESULT: {}
COMMAND: POST /session/8710bc86126986cf02bb1d50a5f31e3a/execute/async - {"script":"<script> [1562 bytes]","args":[{"selector":{"id":"application-manageresources-display-component---newResourceUnit--PLANNING_GROUP","interaction":{"idSuffix":"inner"}},"wdio_ui5_key":"applicationmanageresources-display-component---newResourceUnit--PLANNING_GROUP"}]}
COMMAND: GET /session/8710bc86126986cf02bb1d50a5f31e3a/screenshot - {}
RESULT: {"script":"<script> [1562 bytes]","args":[{"selector":{"id":"application-manageresources-display-component---newResourceUnit--PLANNING_GROUP","interaction":{"idSuffix":"inner"}},"wdio_ui5_key":"applicationmanageresources-display-component---newResourceUnit--PLANNING_GROUP"}]}
RESULT: undefined
COMMAND: POST /session/8710bc86126986cf02bb1d50a5f31e3a/execute/async - {"script":"<script> [776 bytes]","args":[{"enterText":"Heavy Equi","selector":{"id":"application-manageresources-display-component---newResourceUnit--PLANNING_GROUP","interaction":{"idSuffix":"inner"}},"clearTextFirst":true,"interactionType":"ENTER_TEXT"}]}
RESULT: {}
RESULT: {"script":"<script> [776 bytes]","args":[{"enterText":"Heavy Equi","selector":{"id":"application-manageresources-display-component---newResourceUnit--PLANNING_GROUP","interaction":{"idSuffix":"inner"}},"clearTextFirst":true,"interactionType":"ENTER_TEXT"}]}
COMMAND: POST /session/8710bc86126986cf02bb1d50a5f31e3a/execute/async - {"script":"<script> [1562 bytes]","args":[{"selector":{"id":"application-manageresources-display-component---newResourceUnit--ITEM_TYPE-arrow"},"wdio_ui5_key":"applicationmanageresources-display-component---newResourceUnit--ITEM_TYPE-arrow"}]}
RESULT: {"script":"<script> [1562 bytes]","args":[{"selector":{"id":"application-manageresources-display-component---newResourceUnit--ITEM_TYPE-arrow"},"wdio_ui5_key":"applicationmanageresources-display-component---newResourceUnit--ITEM_TYPE-arrow"}]}
RESULT: undefined
COMMAND: POST /session/8710bc86126986cf02bb1d50a5f31e3a/element - {"using":"xpath","value":"//*[@id=\"application-manageresources-display-component---newResourceUnit--ITEM_TYPE-arrow\"]"}
RESULT: {"using":"xpath","value":"//*[@id=\"application-manageresources-display-component---newResourceUnit--ITEM_TYPE-arrow\"]"}
COMMAND: POST /session/8710bc86126986cf02bb1d50a5f31e3a/element/f.4F28C2583BB65896889CB8FD582548C6.d.1C197BF7255FCE434D911412A3920A41.e.3053/click - {}
RESULT: {}
COMMAND: POST /session/8710bc86126986cf02bb1d50a5f31e3a/element - {"using":"xpath","value":"(//span[contains(text(), \"Resource Unit\")])[2]"}
COMMAND: GET /session/8710bc86126986cf02bb1d50a5f31e3a/screenshot - {}
RESULT: {"using":"xpath","value":"(//span[contains(text(), \"Resource Unit\")])[2]"}
COMMAND: POST /session/8710bc86126986cf02bb1d50a5f31e3a/element/f.4F28C2583BB65896889CB8FD582548C6.d.1C197BF7255FCE434D911412A3920A41.e.3054/click - {}
RESULT: {}
RESULT: {}
COMMAND: GET /session/8710bc86126986cf02bb1d50a5f31e3a/screenshot - {}
RESULT: {}
COMMAND: POST /session/8710bc86126986cf02bb1d50a5f31e3a/element - {"using":"css selector","value":"#application-manageresources-display-component---newResourceUnit--btnAddTimeSegment"}
RESULT: {"using":"css selector","value":"#application-manageresources-display-component---newResourceUnit--btnAddTimeSegment"}
COMMAND: GET /session/8710bc86126986cf02bb1d50a5f31e3a/element/f.4F28C2583BB65896889CB8FD582548C6.d.1C197BF7255FCE434D911412A3920A41.e.3055/rect - {}
RESULT: {}
COMMAND: GET /session/8710bc86126986cf02bb1d50a5f31e3a/window/rect - {}
RESULT: {}
COMMAND: POST /session/8710bc86126986cf02bb1d50a5f31e3a/execute/sync - {"script":"<script> [92 bytes]","args":[]}
RESULT: {"script":"<script> [92 bytes]","args":[]}
COMMAND: POST /session/8710bc86126986cf02bb1d50a5f31e3a/actions - {"actions":[{"id":"action9","type":"wheel","parameters":{},"actions":[{"type":"scroll","x":-1888,"y":-32,"deltaX":0,"deltaY":0,"duration":0,"origin":{"element-6066-11e4-a52e-4f735466cecf":"f.4F28C2583BB65896889CB8FD582548C6.d.1C197BF7255FCE434D911412A3920A41.e.3055"}}]}]}
COMMAND: GET /session/8710bc86126986cf02bb1d50a5f31e3a/screenshot - {}
RESULT: {}
COMMAND: POST /session/8710bc86126986cf02bb1d50a5f31e3a/execute/sync - {"script":"<script> [79 bytes]","args":[{"element-6066-11e4-a52e-4f735466cecf":"f.4F28C2583BB65896889CB8FD582548C6.d.1C197BF7255FCE434D911412A3920A41.e.3055","ELEMENT":"f.4F28C2583BB65896889CB8FD582548C6.d.1C197BF7255FCE434D911412A3920A41.e.3055"},{"block":"start","inline":"nearest"}]}
RESULT: {"script":"<script> [79 bytes]","args":[{"element-6066-11e4-a52e-4f735466cecf":"f.4F28C2583BB65896889CB8FD582548C6.d.1C197BF7255FCE434D911412A3920A41.e.3055","ELEMENT":"f.4F28C2583BB65896889CB8FD582548C6.d.1C197BF7255FCE434D911412A3920A41.e.3055"},{"block":"start","inline":"nearest"}]}
COMMAND: POST /session/8710bc86126986cf02bb1d50a5f31e3a/execute/async - {"script":"<script> [1562 bytes]","args":[{"selector":{"id":"application-manageresources-display-component---newResourceUnit--btnAddTimeSegment","interaction":{"idSuffix":"inner"}},"wdio_ui5_key":"applicationmanageresources-display-component---newResourceUnit--btnAddTimeSegment"}]}
COMMAND: GET /session/8710bc86126986cf02bb1d50a5f31e3a/screenshot - {}
RESULT: {"script":"<script> [1562 bytes]","args":[{"selector":{"id":"application-manageresources-display-component---newResourceUnit--btnAddTimeSegment","interaction":{"idSuffix":"inner"}},"wdio_ui5_key":"applicationmanageresources-display-component---newResourceUnit--btnAddTimeSegment"}]}
RESULT: undefined
COMMAND: POST /session/8710bc86126986cf02bb1d50a5f31e3a/element - {"using":"xpath","value":"//*[@id=\"application-manageresources-display-component---newResourceUnit--btnAddTimeSegment\"]"}
RESULT: {}
RESULT: {"using":"xpath","value":"//*[@id=\"application-manageresources-display-component---newResourceUnit--btnAddTimeSegment\"]"}
COMMAND: POST /session/8710bc86126986cf02bb1d50a5f31e3a/element/f.4F28C2583BB65896889CB8FD582548C6.d.1C197BF7255FCE434D911412A3920A41.e.3055/click - {}
RESULT: {}
COMMAND: GET /session/8710bc86126986cf02bb1d50a5f31e3a/screenshot - {}
RESULT: {}
COMMAND: POST /session/8710bc86126986cf02bb1d50a5f31e3a/element - {"using":"xpath","value":"//input[@id=\"application-manageresources-display-component---newResourceUnit--idRuTSAdmin-application-manageresources-display-component---newResourceUnit--RUTimeSegment-0-inner\"]"}
RESULT: {"using":"xpath","value":"//input[@id=\"application-manageresources-display-component---newResourceUnit--idRuTSAdmin-application-manageresources-display-component---newResourceUnit--RUTimeSegment-0-inner\"]"}
COMMAND: POST /session/8710bc86126986cf02bb1d50a5f31e3a/element/f.4F28C2583BB65896889CB8FD582548C6.d.1C197BF7255FCE434D911412A3920A41.e.3061/clear - {}
RESULT: {}
COMMAND: POST /session/8710bc86126986cf02bb1d50a5f31e3a/element/f.4F28C2583BB65896889CB8FD582548C6.d.1C197BF7255FCE434D911412A3920A41.e.3061/value - {"text":"679"}
COMMAND: GET /session/8710bc86126986cf02bb1d50a5f31e3a/screenshot - {}
RESULT: {"text":"679"}
COMMAND: GET /session/8710bc86126986cf02bb1d50a5f31e3a/screenshot - {}
RESULT: {}
RESULT: {}
COMMAND: POST /session/8710bc86126986cf02bb1d50a5f31e3a/element - {"using":"xpath","value":"//li[.//span[text()='679']]"}
RESULT: {"using":"xpath","value":"//li[.//span[text()='679']]"}
COMMAND: POST /session/8710bc86126986cf02bb1d50a5f31e3a/element/f.4F28C2583BB65896889CB8FD582548C6.d.1C197BF7255FCE434D911412A3920A41.e.3075/click - {}
RESULT: {}
COMMAND: GET /session/8710bc86126986cf02bb1d50a5f31e3a/screenshot - {}
RESULT: {}
COMMAND: POST /session/8710bc86126986cf02bb1d50a5f31e3a/element - {"using":"xpath","value":"(//span[contains(@id, \"-application-manageresources-display-component---newResourceUnit--RUTimeSegment-0-arrow\")])[6]"}
RESULT: {"using":"xpath","value":"(//span[contains(@id, \"-application-manageresources-display-component---newResourceUnit--RUTimeSegment-0-arrow\")])[6]"}
COMMAND: POST /session/8710bc86126986cf02bb1d50a5f31e3a/element/f.4F28C2583BB65896889CB8FD582548C6.d.1C197BF7255FCE434D911412A3920A41.e.3076/click - {}
RESULT: {}
COMMAND: GET /session/8710bc86126986cf02bb1d50a5f31e3a/screenshot - {}
RESULT: {}
COMMAND: POST /session/8710bc86126986cf02bb1d50a5f31e3a/element - {"using":"xpath","value":"//span[contains(text(), \"PM Order\")]"}
RESULT: {"using":"xpath","value":"//span[contains(text(), \"PM Order\")]"}
COMMAND: POST /session/8710bc86126986cf02bb1d50a5f31e3a/element/f.4F28C2583BB65896889CB8FD582548C6.d.1C197BF7255FCE434D911412A3920A41.e.3079/click - {}
RESULT: {}
COMMAND: GET /session/8710bc86126986cf02bb1d50a5f31e3a/screenshot - {}
RESULT: {}
COMMAND: POST /session/8710bc86126986cf02bb1d50a5f31e3a/element - {"using":"xpath","value":"(//span[contains(@id ,\"manageresources-display-component---newResourceUnit--RUTimeSegment-0-vhi\")])[1]"}
RESULT: {"using":"xpath","value":"(//span[contains(@id ,\"manageresources-display-component---newResourceUnit--RUTimeSegment-0-vhi\")])[1]"}
COMMAND: GET /session/8710bc86126986cf02bb1d50a5f31e3a/element/f.4F28C2583BB65896889CB8FD582548C6.d.1C197BF7255FCE434D911412A3920A41.e.3083/rect - {}
RESULT: {}
COMMAND: GET /session/8710bc86126986cf02bb1d50a5f31e3a/window/rect - {}
RESULT: {}
COMMAND: POST /session/8710bc86126986cf02bb1d50a5f31e3a/execute/sync - {"script":"<script> [92 bytes]","args":[]}
RESULT: {"script":"<script> [92 bytes]","args":[]}
COMMAND: POST /session/8710bc86126986cf02bb1d50a5f31e3a/actions - {"actions":[{"id":"action10","type":"wheel","parameters":{},"actions":[{"type":"scroll","x":-869,"y":-24,"deltaX":0,"deltaY":0,"duration":0,"origin":{"element-6066-11e4-a52e-4f735466cecf":"f.4F28C2583BB65896889CB8FD582548C6.d.1C197BF7255FCE434D911412A3920A41.e.3083"}}]}]}
COMMAND: GET /session/8710bc86126986cf02bb1d50a5f31e3a/screenshot - {}
RESULT: {"actions":[{"id":"action10","type":"wheel","parameters":{},"actions":[{"type":"scroll","x":-869,"y":-24,"deltaX":0,"deltaY":0,"duration":0,"origin":{"element-6066-11e4-a52e-4f735466cecf":"f.4F28C2583BB65896889CB8FD582548C6.d.1C197BF7255FCE434D911412A3920A41.e.3083"}}]}]}
COMMAND: DELETE /session/8710bc86126986cf02bb1d50a5f31e3a/actions - {}
COMMAND: GET /session/8710bc86126986cf02bb1d50a5f31e3a/screenshot - {}
RESULT: {}
RESULT: {}
COMMAND: GET /session/8710bc86126986cf02bb1d50a5f31e3a/screenshot - {}
RESULT: {}
RESULT: {}
COMMAND: POST /session/8710bc86126986cf02bb1d50a5f31e3a/element/f.4F28C2583BB65896889CB8FD582548C6.d.1C197BF7255FCE434D911412A3920A41.e.3083/click - {}
RESULT: {}
COMMAND: GET /session/8710bc86126986cf02bb1d50a5f31e3a/screenshot - {}
RESULT: {}
RESULT: undefined
COMMAND: POST /session/8710bc86126986cf02bb1d50a5f31e3a/execute/async - {"script":"<script> [776 bytes]","args":[{"enterText":"4000360","selector":{"controlType":"sap.m.SearchField","properties":{"placeholder":"Search"},"searchOpenDialogs":true,"interaction":{"idSuffix":"I"}},"clearTextFirst":true,"interactionType":"ENTER_TEXT"}]}
RESULT: {"script":"<script> [776 bytes]","args":[{"enterText":"4000360","selector":{"controlType":"sap.m.SearchField","properties":{"placeholder":"Search"},"searchOpenDialogs":true,"interaction":{"idSuffix":"I"}},"clearTextFirst":true,"interactionType":"ENTER_TEXT"}]}
COMMAND: POST /session/8710bc86126986cf02bb1d50a5f31e3a/actions - {"actions":[{"id":"action11","type":"key","parameters":{},"actions":[{"type":"keyDown","value":""},{"type":"pause","duration":10},{"type":"keyUp","value":""}]}]}
RESULT: {"actions":[{"id":"action11","type":"key","parameters":{},"actions":[{"type":"keyDown","value":""},{"type":"pause","duration":10},{"type":"keyUp","value":""}]}]}
COMMAND: GET /session/8710bc86126986cf02bb1d50a5f31e3a/screenshot - {}
RESULT: {}
COMMAND: POST /session/8710bc86126986cf02bb1d50a5f31e3a/element - {"using":"xpath","value":"//td/div/span[contains(text(), \"BGL Vehicles\")]"}
RESULT: {"using":"xpath","value":"//td/div/span[contains(text(), \"BGL Vehicles\")]"}
COMMAND: POST /session/8710bc86126986cf02bb1d50a5f31e3a/element/f.4F28C2583BB65896889CB8FD582548C6.d.1C197BF7255FCE434D911412A3920A41.e.3103/click - {}
RESULT: {}
COMMAND: GET /session/8710bc86126986cf02bb1d50a5f31e3a/screenshot - {}
RESULT: {}
COMMAND: POST /session/8710bc86126986cf02bb1d50a5f31e3a/element - {"using":"xpath","value":"//bdi[contains(text(), \"OK\")]"}
RESULT: {"using":"xpath","value":"//bdi[contains(text(), \"OK\")]"}
COMMAND: POST /session/8710bc86126986cf02bb1d50a5f31e3a/element/f.4F28C2583BB65896889CB8FD582548C6.d.1C197BF7255FCE434D911412A3920A41.e.3104/click - {}
RESULT: {}
COMMAND: GET /session/8710bc86126986cf02bb1d50a5f31e3a/screenshot - {}
RESULT: {}
COMMAND: POST /session/8710bc86126986cf02bb1d50a5f31e3a/execute/async - {"script":"<script> [1562 bytes]","args":[{"selector":{"id":"application-manageresources-display-component---newResourceUnit--newRRUPage-anchBar-application-manageresources-display-component---newResourceUnit--resource-anchor","interaction":{"idSuffix":"BDI-content"}},"wdio_ui5_key":"applicationmanageresources-display-component---newResourceUnit--newRRUPage-anchBar-application-manageresources-display-component---newResourceUnit--resource-anchor"}]}
RESULT: {"script":"<script> [1562 bytes]","args":[{"selector":{"id":"application-manageresources-display-component---newResourceUnit--newRRUPage-anchBar-application-manageresources-display-component---newResourceUnit--resource-anchor","interaction":{"idSuffix":"BDI-content"}},"wdio_ui5_key":"applicationmanageresources-display-component---newResourceUnit--newRRUPage-anchBar-application-manageresources-display-component---newResourceUnit--resource-anchor"}]}
RESULT: undefined
COMMAND: POST /session/8710bc86126986cf02bb1d50a5f31e3a/element - {"using":"xpath","value":"//*[@id=\"application-manageresources-display-component---newResourceUnit--newRRUPage-anchBar-application-manageresources-display-component---newResourceUnit--resource-anchor\"]"}
RESULT: {"using":"xpath","value":"//*[@id=\"application-manageresources-display-component---newResourceUnit--newRRUPage-anchBar-application-manageresources-display-component---newResourceUnit--resource-anchor\"]"}
COMMAND: POST /session/8710bc86126986cf02bb1d50a5f31e3a/element/f.4F28C2583BB65896889CB8FD582548C6.d.1C197BF7255FCE434D911412A3920A41.e.3108/click - {}
RESULT: {}
COMMAND: POST /session/8710bc86126986cf02bb1d50a5f31e3a/execute/async - {"script":"<script> [1562 bytes]","args":[{"selector":{"id":"application-manageresources-display-component---newResourceUnit--PLANNED_DELIVERY_DATE","interaction":{"idSuffix":"inner"}},"wdio_ui5_key":"applicationmanageresources-display-component---newResourceUnit--PLANNED_DELIVERY_DATE"}]}
COMMAND: GET /session/8710bc86126986cf02bb1d50a5f31e3a/screenshot - {}
RESULT: {"script":"<script> [1562 bytes]","args":[{"selector":{"id":"application-manageresources-display-component---newResourceUnit--PLANNED_DELIVERY_DATE","interaction":{"idSuffix":"inner"}},"wdio_ui5_key":"applicationmanageresources-display-component---newResourceUnit--PLANNED_DELIVERY_DATE"}]}
RESULT: undefined
COMMAND: POST /session/8710bc86126986cf02bb1d50a5f31e3a/execute/async - {"script":"<script> [6424 bytes]","args":[{"element-6066-11e4-a52e-4f735466cecf":"f.4F28C2583BB65896889CB8FD582548C6.d.1C197BF7255FCE434D911412A3920A41.e.2970"},"setValue",["5/22/25"]]}
RESULT: {}
RESULT: {"script":"<script> [6424 bytes]","args":[{"element-6066-11e4-a52e-4f735466cecf":"f.4F28C2583BB65896889CB8FD582548C6.d.1C197BF7255FCE434D911412A3920A41.e.2970"},"setValue",["5/22/25"]]}
COMMAND: POST /session/8710bc86126986cf02bb1d50a5f31e3a/element - {"using":"xpath","value":"//label[contains(@class, 'sapMLabelRequired') and .//bdi[contains(text(), 'Planned Retirement')]]"}
RESULT: {"using":"xpath","value":"//label[contains(@class, 'sapMLabelRequired') and .//bdi[contains(text(), 'Planned Retirement')]]"}
COMMAND: POST /session/8710bc86126986cf02bb1d50a5f31e3a/elements - {"using":"xpath","value":"//label[contains(@class, 'sapMLabelRequired') and .//bdi[contains(text(), 'Planned Retirement')]]"}
RESULT: {"using":"xpath","value":"//label[contains(@class, 'sapMLabelRequired') and .//bdi[contains(text(), 'Planned Retirement')]]"}
COMMAND: POST /session/8710bc86126986cf02bb1d50a5f31e3a/element - {"using":"xpath","value":"//button[@data-kt=\"resourceUnitSaveButton\"]"}
RESULT: {"using":"xpath","value":"//button[@data-kt=\"resourceUnitSaveButton\"]"}
COMMAND: POST /session/8710bc86126986cf02bb1d50a5f31e3a/element/f.4F28C2583BB65896889CB8FD582548C6.d.1C197BF7255FCE434D911412A3920A41.e.2931/click - {}
RESULT: {}
COMMAND: GET /session/8710bc86126986cf02bb1d50a5f31e3a/screenshot - {}
RESULT: {}
COMMAND: POST /session/8710bc86126986cf02bb1d50a5f31e3a/element - {"using":"xpath","value":"//bdi[contains(text(), \"Close\")]"}
RESULT: {"using":"xpath","value":"//bdi[contains(text(), \"Close\")]"}
COMMAND: POST /session/8710bc86126986cf02bb1d50a5f31e3a/element/f.4F28C2583BB65896889CB8FD582548C6.d.1C197BF7255FCE434D911412A3920A41.e.3116/click - {}
RESULT: {}
COMMAND: GET /session/8710bc86126986cf02bb1d50a5f31e3a/screenshot - {}
RESULT: {}
COMMAND: POST /session/8710bc86126986cf02bb1d50a5f31e3a/element - {"using":"xpath","value":"(//button[contains(@id ,\"actionsToolbar-overflowButton\")])[1]"}
RESULT: {"using":"xpath","value":"(//button[contains(@id ,\"actionsToolbar-overflowButton\")])[1]"}
COMMAND: POST /session/8710bc86126986cf02bb1d50a5f31e3a/element/f.4F28C2583BB65896889CB8FD582548C6.d.1C197BF7255FCE434D911412A3920A41.e.3184/click - {}
RESULT: {}
COMMAND: GET /session/8710bc86126986cf02bb1d50a5f31e3a/screenshot - {}
RESULT: {}
COMMAND: POST /session/8710bc86126986cf02bb1d50a5f31e3a/element - {"using":"xpath","value":"//button[@data-kt=\"priceInfoButton\"]"}
RESULT: {"using":"xpath","value":"//button[@data-kt=\"priceInfoButton\"]"}
COMMAND: POST /session/8710bc86126986cf02bb1d50a5f31e3a/element/f.4F28C2583BB65896889CB8FD582548C6.d.1C197BF7255FCE434D911412A3920A41.e.3186/click - {}
RESULT: {}
COMMAND: GET /session/8710bc86126986cf02bb1d50a5f31e3a/screenshot - {}
RESULT: {}
]]></system-out>
    </testcase>
    <testcase classname="chrome.136_0_7103_93.windows.Billing_confirm_US117289" name="Should create new pricing rule" time="61.831">
      <system-out><![CDATA[
COMMAND: POST /session/8710bc86126986cf02bb1d50a5f31e3a/element - {"using":"xpath","value":"//button[@data-kt=\"addButton\"]"}
RESULT: {"using":"xpath","value":"//button[@data-kt=\"addButton\"]"}
COMMAND: POST /session/8710bc86126986cf02bb1d50a5f31e3a/elements - {"using":"xpath","value":"//button[@data-kt=\"addButton\"]"}
RESULT: {"using":"xpath","value":"//button[@data-kt=\"addButton\"]"}
COMMAND: POST /session/8710bc86126986cf02bb1d50a5f31e3a/execute/sync - {"script":"<script> [8489 bytes]","args":[{"element-6066-11e4-a52e-4f735466cecf":"f.4F28C2583BB65896889CB8FD582548C6.d.1C197BF7255FCE434D911412A3920A41.e.3218","ELEMENT":"f.4F28C2583BB65896889CB8FD582548C6.d.1C197BF7255FCE434D911412A3920A41.e.3218"}]}
RESULT: {"script":"<script> [8489 bytes]","args":[{"element-6066-11e4-a52e-4f735466cecf":"f.4F28C2583BB65896889CB8FD582548C6.d.1C197BF7255FCE434D911412A3920A41.e.3218","ELEMENT":"f.4F28C2583BB65896889CB8FD582548C6.d.1C197BF7255FCE434D911412A3920A41.e.3218"}]}
COMMAND: GET /session/8710bc86126986cf02bb1d50a5f31e3a/element/f.4F28C2583BB65896889CB8FD582548C6.d.1C197BF7255FCE434D911412A3920A41.e.3218/enabled - {}
COMMAND: GET /session/8710bc86126986cf02bb1d50a5f31e3a/screenshot - {}
RESULT: {}
COMMAND: POST /session/8710bc86126986cf02bb1d50a5f31e3a/execute/sync - {"script":"<script> [8489 bytes]","args":[{"element-6066-11e4-a52e-4f735466cecf":"f.4F28C2583BB65896889CB8FD582548C6.d.1C197BF7255FCE434D911412A3920A41.e.3218","ELEMENT":"f.4F28C2583BB65896889CB8FD582548C6.d.1C197BF7255FCE434D911412A3920A41.e.3218"}]}
COMMAND: GET /session/8710bc86126986cf02bb1d50a5f31e3a/screenshot - {}
RESULT: {}
RESULT: {"script":"<script> [8489 bytes]","args":[{"element-6066-11e4-a52e-4f735466cecf":"f.4F28C2583BB65896889CB8FD582548C6.d.1C197BF7255FCE434D911412A3920A41.e.3218","ELEMENT":"f.4F28C2583BB65896889CB8FD582548C6.d.1C197BF7255FCE434D911412A3920A41.e.3218"}]}
COMMAND: POST /session/8710bc86126986cf02bb1d50a5f31e3a/execute/sync - {"script":"<script> [5351 bytes]","args":[{"element-6066-11e4-a52e-4f735466cecf":"f.4F28C2583BB65896889CB8FD582548C6.d.1C197BF7255FCE434D911412A3920A41.e.3218","ELEMENT":"f.4F28C2583BB65896889CB8FD582548C6.d.1C197BF7255FCE434D911412A3920A41.e.3218"}]}
COMMAND: GET /session/8710bc86126986cf02bb1d50a5f31e3a/screenshot - {}
RESULT: {}
RESULT: {"script":"<script> [5351 bytes]","args":[{"element-6066-11e4-a52e-4f735466cecf":"f.4F28C2583BB65896889CB8FD582548C6.d.1C197BF7255FCE434D911412A3920A41.e.3218","ELEMENT":"f.4F28C2583BB65896889CB8FD582548C6.d.1C197BF7255FCE434D911412A3920A41.e.3218"}]}
COMMAND: POST /session/8710bc86126986cf02bb1d50a5f31e3a/element/f.4F28C2583BB65896889CB8FD582548C6.d.1C197BF7255FCE434D911412A3920A41.e.3218/click - {}
COMMAND: GET /session/8710bc86126986cf02bb1d50a5f31e3a/screenshot - {}
RESULT: {}
RESULT: {}
COMMAND: GET /session/8710bc86126986cf02bb1d50a5f31e3a/screenshot - {}
RESULT: {}
RESULT: {}
COMMAND: POST /session/8710bc86126986cf02bb1d50a5f31e3a/execute/async - {"script":"<script> [1562 bytes]","args":[{"selector":{"controlType":"sap.m.Title","viewName":"etm.portal.ui.managepricingrules.view.NewItem","viewId":"application-managepricingrules-display-component---newInfoPriceItem","properties":{"text":"New Pricing Rules - Item Level"}},"wdio_ui5_key":"etmportal.ui.managepricingrules.view.NewItemsap.m.Title{\"text\":\"New Pricing Rules - Item Level\"}"}]}
RESULT: {"script":"<script> [1562 bytes]","args":[{"selector":{"controlType":"sap.m.Title","viewName":"etm.portal.ui.managepricingrules.view.NewItem","viewId":"application-managepricingrules-display-component---newInfoPriceItem","properties":{"text":"New Pricing Rules - Item Level"}},"wdio_ui5_key":"etmportal.ui.managepricingrules.view.NewItemsap.m.Title{\"text\":\"New Pricing Rules - Item Level\"}"}]}
RESULT: undefined
COMMAND: POST /session/8710bc86126986cf02bb1d50a5f31e3a/execute/async - {"script":"<script> [6424 bytes]","args":[{"element-6066-11e4-a52e-4f735466cecf":"f.4F28C2583BB65896889CB8FD582548C6.d.1C197BF7255FCE434D911412A3920A41.e.3393"},"getText",[]]}
RESULT: {"script":"<script> [6424 bytes]","args":[{"element-6066-11e4-a52e-4f735466cecf":"f.4F28C2583BB65896889CB8FD582548C6.d.1C197BF7255FCE434D911412A3920A41.e.3393"},"getText",[]]}
COMMAND: POST /session/8710bc86126986cf02bb1d50a5f31e3a/execute/async - {"script":"<script> [1562 bytes]","args":[{"selector":{"id":"application-managepricingrules-display-component---newInfoPriceItem--condValidTo","interaction":{"idSuffix":"inner"}},"wdio_ui5_key":"applicationmanagepricingrules-display-component---newInfoPriceItem--condValidTo"}]}
RESULT: {"script":"<script> [1562 bytes]","args":[{"selector":{"id":"application-managepricingrules-display-component---newInfoPriceItem--condValidTo","interaction":{"idSuffix":"inner"}},"wdio_ui5_key":"applicationmanagepricingrules-display-component---newInfoPriceItem--condValidTo"}]}
RESULT: undefined
COMMAND: POST /session/8710bc86126986cf02bb1d50a5f31e3a/execute/async - {"script":"<script> [776 bytes]","args":[{"enterText":"1/22/26","selector":{"id":"application-managepricingrules-display-component---newInfoPriceItem--condValidTo","interaction":{"idSuffix":"inner"}},"clearTextFirst":true,"interactionType":"ENTER_TEXT"}]}
RESULT: {"script":"<script> [776 bytes]","args":[{"enterText":"1/22/26","selector":{"id":"application-managepricingrules-display-component---newInfoPriceItem--condValidTo","interaction":{"idSuffix":"inner"}},"clearTextFirst":true,"interactionType":"ENTER_TEXT"}]}
COMMAND: POST /session/8710bc86126986cf02bb1d50a5f31e3a/execute/async - {"script":"<script> [1562 bytes]","args":[{"selector":{"id":"application-managepricingrules-display-component---newInfoPriceItem--billType-arrow"},"wdio_ui5_key":"applicationmanagepricingrules-display-component---newInfoPriceItem--billType-arrow"}]}
RESULT: {"script":"<script> [1562 bytes]","args":[{"selector":{"id":"application-managepricingrules-display-component---newInfoPriceItem--billType-arrow"},"wdio_ui5_key":"applicationmanagepricingrules-display-component---newInfoPriceItem--billType-arrow"}]}
RESULT: undefined
COMMAND: POST /session/8710bc86126986cf02bb1d50a5f31e3a/element - {"using":"xpath","value":"//*[@id=\"application-managepricingrules-display-component---newInfoPriceItem--billType-arrow\"]"}
RESULT: {"using":"xpath","value":"//*[@id=\"application-managepricingrules-display-component---newInfoPriceItem--billType-arrow\"]"}
COMMAND: POST /session/8710bc86126986cf02bb1d50a5f31e3a/element/f.4F28C2583BB65896889CB8FD582548C6.d.1C197BF7255FCE434D911412A3920A41.e.3352/click - {}
RESULT: {}
COMMAND: POST /session/8710bc86126986cf02bb1d50a5f31e3a/element - {"using":"xpath","value":"//span[contains(text(), \"TB - Time based\")]"}
COMMAND: GET /session/8710bc86126986cf02bb1d50a5f31e3a/screenshot - {}
RESULT: {"using":"xpath","value":"//span[contains(text(), \"TB - Time based\")]"}
COMMAND: POST /session/8710bc86126986cf02bb1d50a5f31e3a/element/f.4F28C2583BB65896889CB8FD582548C6.d.1C197BF7255FCE434D911412A3920A41.e.3395/click - {}
RESULT: {}
RESULT: {}
COMMAND: POST /session/8710bc86126986cf02bb1d50a5f31e3a/execute/async - {"script":"<script> [1562 bytes]","args":[{"selector":{"id":"application-managepricingrules-display-component---newInfoPriceItem--priceProc-arrow"},"wdio_ui5_key":"applicationmanagepricingrules-display-component---newInfoPriceItem--priceProc-arrow"}]}
COMMAND: GET /session/8710bc86126986cf02bb1d50a5f31e3a/screenshot - {}
RESULT: {"script":"<script> [1562 bytes]","args":[{"selector":{"id":"application-managepricingrules-display-component---newInfoPriceItem--priceProc-arrow"},"wdio_ui5_key":"applicationmanagepricingrules-display-component---newInfoPriceItem--priceProc-arrow"}]}
RESULT: undefined
COMMAND: POST /session/8710bc86126986cf02bb1d50a5f31e3a/element - {"using":"xpath","value":"//*[@id=\"application-managepricingrules-display-component---newInfoPriceItem--priceProc-arrow\"]"}
RESULT: {}
RESULT: {"using":"xpath","value":"//*[@id=\"application-managepricingrules-display-component---newInfoPriceItem--priceProc-arrow\"]"}
COMMAND: POST /session/8710bc86126986cf02bb1d50a5f31e3a/element/f.4F28C2583BB65896889CB8FD582548C6.d.1C197BF7255FCE434D911412A3920A41.e.3359/click - {}
RESULT: {}
COMMAND: POST /session/8710bc86126986cf02bb1d50a5f31e3a/element - {"using":"xpath","value":"//span[contains(text(), \"TBS - Time based standard\")]"}
COMMAND: GET /session/8710bc86126986cf02bb1d50a5f31e3a/screenshot - {}
RESULT: {"using":"xpath","value":"//span[contains(text(), \"TBS - Time based standard\")]"}
COMMAND: POST /session/8710bc86126986cf02bb1d50a5f31e3a/element/f.4F28C2583BB65896889CB8FD582548C6.d.1C197BF7255FCE434D911412A3920A41.e.3396/click - {}
RESULT: {}
RESULT: {}
COMMAND: POST /session/8710bc86126986cf02bb1d50a5f31e3a/execute/async - {"script":"<script> [1562 bytes]","args":[{"selector":{"id":"application-managepricingrules-display-component---newInfoPriceItem--calcBase-arrow"},"wdio_ui5_key":"applicationmanagepricingrules-display-component---newInfoPriceItem--calcBase-arrow"}]}
COMMAND: GET /session/8710bc86126986cf02bb1d50a5f31e3a/screenshot - {}
RESULT: {"script":"<script> [1562 bytes]","args":[{"selector":{"id":"application-managepricingrules-display-component---newInfoPriceItem--calcBase-arrow"},"wdio_ui5_key":"applicationmanagepricingrules-display-component---newInfoPriceItem--calcBase-arrow"}]}
RESULT: undefined
COMMAND: POST /session/8710bc86126986cf02bb1d50a5f31e3a/element - {"using":"xpath","value":"//*[@id=\"application-managepricingrules-display-component---newInfoPriceItem--calcBase-arrow\"]"}
RESULT: {}
RESULT: {"using":"xpath","value":"//*[@id=\"application-managepricingrules-display-component---newInfoPriceItem--calcBase-arrow\"]"}
COMMAND: POST /session/8710bc86126986cf02bb1d50a5f31e3a/element/f.4F28C2583BB65896889CB8FD582548C6.d.1C197BF7255FCE434D911412A3920A41.e.3366/click - {}
RESULT: {}
COMMAND: GET /session/8710bc86126986cf02bb1d50a5f31e3a/screenshot - {}
RESULT: {}
COMMAND: POST /session/8710bc86126986cf02bb1d50a5f31e3a/element - {"using":"xpath","value":"//span[contains(text(), \"0006 - TB(calendar days)\")]"}
RESULT: {"using":"xpath","value":"//span[contains(text(), \"0006 - TB(calendar days)\")]"}
COMMAND: POST /session/8710bc86126986cf02bb1d50a5f31e3a/element/f.4F28C2583BB65896889CB8FD582548C6.d.1C197BF7255FCE434D911412A3920A41.e.3397/click - {}
RESULT: {}
COMMAND: GET /session/8710bc86126986cf02bb1d50a5f31e3a/screenshot - {}
RESULT: {}
COMMAND: POST /session/8710bc86126986cf02bb1d50a5f31e3a/execute/async - {"script":"<script> [1562 bytes]","args":[{"selector":{"id":"application-managepricingrules-display-component---newInfoPriceItem--daysMonth","interaction":{"idSuffix":"inner"}},"wdio_ui5_key":"applicationmanagepricingrules-display-component---newInfoPriceItem--daysMonth"}]}
RESULT: {"script":"<script> [1562 bytes]","args":[{"selector":{"id":"application-managepricingrules-display-component---newInfoPriceItem--daysMonth","interaction":{"idSuffix":"inner"}},"wdio_ui5_key":"applicationmanagepricingrules-display-component---newInfoPriceItem--daysMonth"}]}
RESULT: undefined
COMMAND: POST /session/8710bc86126986cf02bb1d50a5f31e3a/execute/async - {"script":"<script> [776 bytes]","args":[{"enterText":"30","selector":{"id":"application-managepricingrules-display-component---newInfoPriceItem--daysMonth","interaction":{"idSuffix":"inner"}},"clearTextFirst":true,"interactionType":"ENTER_TEXT"}]}
RESULT: {"script":"<script> [776 bytes]","args":[{"enterText":"30","selector":{"id":"application-managepricingrules-display-component---newInfoPriceItem--daysMonth","interaction":{"idSuffix":"inner"}},"clearTextFirst":true,"interactionType":"ENTER_TEXT"}]}
COMMAND: POST /session/8710bc86126986cf02bb1d50a5f31e3a/element - {"using":"xpath","value":"//button[@data-kt=\"saveNewRuleButton\"]"}
RESULT: {"using":"xpath","value":"//button[@data-kt=\"saveNewRuleButton\"]"}
COMMAND: POST /session/8710bc86126986cf02bb1d50a5f31e3a/element/f.4F28C2583BB65896889CB8FD582548C6.d.1C197BF7255FCE434D911412A3920A41.e.3386/click - {}
RESULT: {}
COMMAND: GET /session/8710bc86126986cf02bb1d50a5f31e3a/screenshot - {}
RESULT: {}
COMMAND: POST /session/8710bc86126986cf02bb1d50a5f31e3a/execute/async - {"script":"<script> [1562 bytes]","args":[{"selector":{"id":"application-managepricingrules-display-component---priceInfoItem--smartFilterBar-btnBasicSearch","interaction":{"idSuffix":"I"}},"wdio_ui5_key":"applicationmanagepricingrules-display-component---priceInfoItem--smartFilterBar-btnBasicSearch"}]}
RESULT: {"script":"<script> [1562 bytes]","args":[{"selector":{"id":"application-managepricingrules-display-component---priceInfoItem--smartFilterBar-btnBasicSearch","interaction":{"idSuffix":"I"}},"wdio_ui5_key":"applicationmanagepricingrules-display-component---priceInfoItem--smartFilterBar-btnBasicSearch"}]}
RESULT: undefined
COMMAND: POST /session/8710bc86126986cf02bb1d50a5f31e3a/execute/async - {"script":"<script> [776 bytes]","args":[{"enterText":"UpU3uzuMnF","selector":{"id":"application-managepricingrules-display-component---priceInfoItem--smartFilterBar-btnBasicSearch","interaction":{"idSuffix":"I"}},"clearTextFirst":true,"interactionType":"ENTER_TEXT"}]}
RESULT: {"script":"<script> [776 bytes]","args":[{"enterText":"UpU3uzuMnF","selector":{"id":"application-managepricingrules-display-component---priceInfoItem--smartFilterBar-btnBasicSearch","interaction":{"idSuffix":"I"}},"clearTextFirst":true,"interactionType":"ENTER_TEXT"}]}
COMMAND: POST /session/8710bc86126986cf02bb1d50a5f31e3a/actions - {"actions":[{"id":"action12","type":"key","parameters":{},"actions":[{"type":"keyDown","value":""},{"type":"pause","duration":10},{"type":"keyUp","value":""}]}]}
RESULT: {"actions":[{"id":"action12","type":"key","parameters":{},"actions":[{"type":"keyDown","value":""},{"type":"pause","duration":10},{"type":"keyUp","value":""}]}]}
COMMAND: GET /session/8710bc86126986cf02bb1d50a5f31e3a/screenshot - {}
RESULT: {}
COMMAND: POST /session/8710bc86126986cf02bb1d50a5f31e3a/element - {"using":"xpath","value":"//span[@id=\"application-managepricingrules-display-component---priceInfoItem--smartTable-header-inner\"]"}
RESULT: {"using":"xpath","value":"//span[@id=\"application-managepricingrules-display-component---priceInfoItem--smartTable-header-inner\"]"}
COMMAND: POST /session/8710bc86126986cf02bb1d50a5f31e3a/elements - {"using":"xpath","value":"//span[@id=\"application-managepricingrules-display-component---priceInfoItem--smartTable-header-inner\"]"}
RESULT: {"using":"xpath","value":"//span[@id=\"application-managepricingrules-display-component---priceInfoItem--smartTable-header-inner\"]"}
COMMAND: POST /session/8710bc86126986cf02bb1d50a5f31e3a/execute/sync - {"script":"<script> [56 bytes]","args":[{"element-6066-11e4-a52e-4f735466cecf":"f.4F28C2583BB65896889CB8FD582548C6.d.1C197BF7255FCE434D911412A3920A41.e.3422","ELEMENT":"f.4F28C2583BB65896889CB8FD582548C6.d.1C197BF7255FCE434D911412A3920A41.e.3422"}]}
RESULT: {"script":"<script> [56 bytes]","args":[{"element-6066-11e4-a52e-4f735466cecf":"f.4F28C2583BB65896889CB8FD582548C6.d.1C197BF7255FCE434D911412A3920A41.e.3422","ELEMENT":"f.4F28C2583BB65896889CB8FD582548C6.d.1C197BF7255FCE434D911412A3920A41.e.3422"}]}
COMMAND: POST /session/8710bc86126986cf02bb1d50a5f31e3a/element - {"using":"css selector","value":"#shell-header-logo"}
COMMAND: GET /session/8710bc86126986cf02bb1d50a5f31e3a/screenshot - {}
RESULT: {"using":"css selector","value":"#shell-header-logo"}
COMMAND: POST /session/8710bc86126986cf02bb1d50a5f31e3a/element/f.4F28C2583BB65896889CB8FD582548C6.d.1C197BF7255FCE434D911412A3920A41.e.2528/click - {}
RESULT: {}
RESULT: {}
COMMAND: GET /session/8710bc86126986cf02bb1d50a5f31e3a/screenshot - {}
RESULT: {}
]]></system-out>
    </testcase>
    <testcase classname="chrome.136_0_7103_93.windows.Billing_confirm_US117289" name="Should create new condition for equipment" time="68.327">
      <system-out><![CDATA[
COMMAND: POST /session/8710bc86126986cf02bb1d50a5f31e3a/execute/async - {"script":"<script> [1562 bytes]","args":[{"selector":{"controlType":"sap.m.GenericTile","properties":{"header":"Manage Conditions & Prices"}},"wdio_ui5_key":"sapm.GenericTile{\"header\":\"Manage Conditions & Prices\"}"}]}
RESULT: {"script":"<script> [1562 bytes]","args":[{"selector":{"controlType":"sap.m.GenericTile","properties":{"header":"Manage Conditions & Prices"}},"wdio_ui5_key":"sapm.GenericTile{\"header\":\"Manage Conditions & Prices\"}"}]}
RESULT: undefined
COMMAND: POST /session/8710bc86126986cf02bb1d50a5f31e3a/element - {"using":"xpath","value":"//*[@id=\"__tile53\"]"}
RESULT: {"using":"xpath","value":"//*[@id=\"__tile53\"]"}
COMMAND: POST /session/8710bc86126986cf02bb1d50a5f31e3a/element/f.4F28C2583BB65896889CB8FD582548C6.d.1C197BF7255FCE434D911412A3920A41.e.200/click - {}
RESULT: {}
COMMAND: GET /session/8710bc86126986cf02bb1d50a5f31e3a/screenshot - {}
RESULT: {}
COMMAND: POST /session/8710bc86126986cf02bb1d50a5f31e3a/elements - {"using":"xpath","value":"//span[text()='Error']"}
RESULT: {"using":"xpath","value":"//span[text()='Error']"}
COMMAND: POST /session/8710bc86126986cf02bb1d50a5f31e3a/element - {"using":"xpath","value":"//button[@aria-label=\"Create\"]"}
RESULT: {"using":"xpath","value":"//button[@aria-label=\"Create\"]"}
COMMAND: POST /session/8710bc86126986cf02bb1d50a5f31e3a/elements - {"using":"xpath","value":"//button[@aria-label=\"Create\"]"}
RESULT: {"using":"xpath","value":"//button[@aria-label=\"Create\"]"}
COMMAND: POST /session/8710bc86126986cf02bb1d50a5f31e3a/execute/sync - {"script":"<script> [8489 bytes]","args":[{"element-6066-11e4-a52e-4f735466cecf":"f.4F28C2583BB65896889CB8FD582548C6.d.1C197BF7255FCE434D911412A3920A41.e.3458","ELEMENT":"f.4F28C2583BB65896889CB8FD582548C6.d.1C197BF7255FCE434D911412A3920A41.e.3458"}]}
RESULT: {"script":"<script> [8489 bytes]","args":[{"element-6066-11e4-a52e-4f735466cecf":"f.4F28C2583BB65896889CB8FD582548C6.d.1C197BF7255FCE434D911412A3920A41.e.3458","ELEMENT":"f.4F28C2583BB65896889CB8FD582548C6.d.1C197BF7255FCE434D911412A3920A41.e.3458"}]}
COMMAND: GET /session/8710bc86126986cf02bb1d50a5f31e3a/element/f.4F28C2583BB65896889CB8FD582548C6.d.1C197BF7255FCE434D911412A3920A41.e.3458/enabled - {}
COMMAND: GET /session/8710bc86126986cf02bb1d50a5f31e3a/screenshot - {}
RESULT: {}
COMMAND: POST /session/8710bc86126986cf02bb1d50a5f31e3a/execute/sync - {"script":"<script> [8489 bytes]","args":[{"element-6066-11e4-a52e-4f735466cecf":"f.4F28C2583BB65896889CB8FD582548C6.d.1C197BF7255FCE434D911412A3920A41.e.3458","ELEMENT":"f.4F28C2583BB65896889CB8FD582548C6.d.1C197BF7255FCE434D911412A3920A41.e.3458"}]}
COMMAND: GET /session/8710bc86126986cf02bb1d50a5f31e3a/screenshot - {}
RESULT: {}
RESULT: {"script":"<script> [8489 bytes]","args":[{"element-6066-11e4-a52e-4f735466cecf":"f.4F28C2583BB65896889CB8FD582548C6.d.1C197BF7255FCE434D911412A3920A41.e.3458","ELEMENT":"f.4F28C2583BB65896889CB8FD582548C6.d.1C197BF7255FCE434D911412A3920A41.e.3458"}]}
COMMAND: POST /session/8710bc86126986cf02bb1d50a5f31e3a/execute/sync - {"script":"<script> [5351 bytes]","args":[{"element-6066-11e4-a52e-4f735466cecf":"f.4F28C2583BB65896889CB8FD582548C6.d.1C197BF7255FCE434D911412A3920A41.e.3458","ELEMENT":"f.4F28C2583BB65896889CB8FD582548C6.d.1C197BF7255FCE434D911412A3920A41.e.3458"}]}
COMMAND: GET /session/8710bc86126986cf02bb1d50a5f31e3a/screenshot - {}
RESULT: {}
RESULT: {"script":"<script> [5351 bytes]","args":[{"element-6066-11e4-a52e-4f735466cecf":"f.4F28C2583BB65896889CB8FD582548C6.d.1C197BF7255FCE434D911412A3920A41.e.3458","ELEMENT":"f.4F28C2583BB65896889CB8FD582548C6.d.1C197BF7255FCE434D911412A3920A41.e.3458"}]}
COMMAND: POST /session/8710bc86126986cf02bb1d50a5f31e3a/element/f.4F28C2583BB65896889CB8FD582548C6.d.1C197BF7255FCE434D911412A3920A41.e.3458/click - {}
COMMAND: GET /session/8710bc86126986cf02bb1d50a5f31e3a/screenshot - {}
RESULT: {}
RESULT: {}
COMMAND: GET /session/8710bc86126986cf02bb1d50a5f31e3a/screenshot - {}
RESULT: {}
RESULT: {}
COMMAND: POST /session/8710bc86126986cf02bb1d50a5f31e3a/actions - {"actions":[{"id":"action13","type":"key","parameters":{},"actions":[{"type":"keyDown","value":""},{"type":"pause","duration":10},{"type":"keyUp","value":""}]}]}
RESULT: {"actions":[{"id":"action13","type":"key","parameters":{},"actions":[{"type":"keyDown","value":""},{"type":"pause","duration":10},{"type":"keyUp","value":""}]}]}
COMMAND: GET /session/8710bc86126986cf02bb1d50a5f31e3a/screenshot - {}
RESULT: {}
COMMAND: POST /session/8710bc86126986cf02bb1d50a5f31e3a/execute/async - {"script":"<script> [1562 bytes]","args":[{"selector":{"id":"application-manageconditionprice-display-component---newCondition--condBillCond-arrow"},"wdio_ui5_key":"applicationmanageconditionprice-display-component---newCondition--condBillCond-arrow"}]}
RESULT: {"script":"<script> [1562 bytes]","args":[{"selector":{"id":"application-manageconditionprice-display-component---newCondition--condBillCond-arrow"},"wdio_ui5_key":"applicationmanageconditionprice-display-component---newCondition--condBillCond-arrow"}]}
RESULT: undefined
COMMAND: POST /session/8710bc86126986cf02bb1d50a5f31e3a/element - {"using":"xpath","value":"//*[@id=\"application-manageconditionprice-display-component---newCondition--condBillCond-arrow\"]"}
RESULT: {"using":"xpath","value":"//*[@id=\"application-manageconditionprice-display-component---newCondition--condBillCond-arrow\"]"}
COMMAND: POST /session/8710bc86126986cf02bb1d50a5f31e3a/element/f.4F28C2583BB65896889CB8FD582548C6.d.1C197BF7255FCE434D911412A3920A41.e.3637/click - {}
RESULT: {}
COMMAND: GET /session/8710bc86126986cf02bb1d50a5f31e3a/screenshot - {}
RESULT: {}
COMMAND: POST /session/8710bc86126986cf02bb1d50a5f31e3a/element - {"using":"xpath","value":"//li[.//span[contains(text(), \"DISP - D&I special price\")]]"}
RESULT: {"using":"xpath","value":"//li[.//span[contains(text(), \"DISP - D&I special price\")]]"}
COMMAND: POST /session/8710bc86126986cf02bb1d50a5f31e3a/element/f.4F28C2583BB65896889CB8FD582548C6.d.1C197BF7255FCE434D911412A3920A41.e.3640/click - {}
RESULT: {}
COMMAND: GET /session/8710bc86126986cf02bb1d50a5f31e3a/screenshot - {}
RESULT: {}
COMMAND: POST /session/8710bc86126986cf02bb1d50a5f31e3a/execute/async - {"script":"<script> [1562 bytes]","args":[{"selector":{"id":"application-manageconditionprice-display-component---newCondition--condValidTo","interaction":{"idSuffix":"inner"}},"wdio_ui5_key":"applicationmanageconditionprice-display-component---newCondition--condValidTo"}]}
RESULT: {"script":"<script> [1562 bytes]","args":[{"selector":{"id":"application-manageconditionprice-display-component---newCondition--condValidTo","interaction":{"idSuffix":"inner"}},"wdio_ui5_key":"applicationmanageconditionprice-display-component---newCondition--condValidTo"}]}
RESULT: undefined
COMMAND: POST /session/8710bc86126986cf02bb1d50a5f31e3a/execute/async - {"script":"<script> [776 bytes]","args":[{"enterText":"1/22/26","selector":{"id":"application-manageconditionprice-display-component---newCondition--condValidTo","interaction":{"idSuffix":"inner"}},"clearTextFirst":true,"interactionType":"ENTER_TEXT"}]}
RESULT: {"script":"<script> [776 bytes]","args":[{"enterText":"1/22/26","selector":{"id":"application-manageconditionprice-display-component---newCondition--condValidTo","interaction":{"idSuffix":"inner"}},"clearTextFirst":true,"interactionType":"ENTER_TEXT"}]}
COMMAND: POST /session/8710bc86126986cf02bb1d50a5f31e3a/element - {"using":"xpath","value":"//input[@id=\"application-manageconditionprice-display-component---newCondition--condRU-inner\"]"}
RESULT: {"using":"xpath","value":"//input[@id=\"application-manageconditionprice-display-component---newCondition--condRU-inner\"]"}
COMMAND: POST /session/8710bc86126986cf02bb1d50a5f31e3a/element/f.4F28C2583BB65896889CB8FD582548C6.d.1C197BF7255FCE434D911412A3920A41.e.3474/clear - {}
RESULT: {}
COMMAND: POST /session/8710bc86126986cf02bb1d50a5f31e3a/element/f.4F28C2583BB65896889CB8FD582548C6.d.1C197BF7255FCE434D911412A3920A41.e.3474/value - {"text":"UpU3uzuMnF"}
COMMAND: GET /session/8710bc86126986cf02bb1d50a5f31e3a/screenshot - {}
RESULT: {"text":"UpU3uzuMnF"}
COMMAND: GET /session/8710bc86126986cf02bb1d50a5f31e3a/screenshot - {}
RESULT: {}
RESULT: {}
COMMAND: POST /session/8710bc86126986cf02bb1d50a5f31e3a/actions - {"actions":[{"id":"action14","type":"key","parameters":{},"actions":[{"type":"keyDown","value":""},{"type":"pause","duration":10},{"type":"keyUp","value":""}]}]}
RESULT: {"actions":[{"id":"action14","type":"key","parameters":{},"actions":[{"type":"keyDown","value":""},{"type":"pause","duration":10},{"type":"keyUp","value":""}]}]}
COMMAND: POST /session/8710bc86126986cf02bb1d50a5f31e3a/execute/async - {"script":"<script> [1562 bytes]","args":[{"selector":{"id":"application-manageconditionprice-display-component---newCondition--condBaseQty","interaction":{"idSuffix":"inner"}},"wdio_ui5_key":"applicationmanageconditionprice-display-component---newCondition--condBaseQty"}]}
COMMAND: GET /session/8710bc86126986cf02bb1d50a5f31e3a/screenshot - {}
RESULT: {"script":"<script> [1562 bytes]","args":[{"selector":{"id":"application-manageconditionprice-display-component---newCondition--condBaseQty","interaction":{"idSuffix":"inner"}},"wdio_ui5_key":"applicationmanageconditionprice-display-component---newCondition--condBaseQty"}]}
RESULT: undefined
COMMAND: POST /session/8710bc86126986cf02bb1d50a5f31e3a/execute/async - {"script":"<script> [776 bytes]","args":[{"enterText":"1","selector":{"id":"application-manageconditionprice-display-component---newCondition--condBaseQty","interaction":{"idSuffix":"inner"}},"clearTextFirst":true,"interactionType":"ENTER_TEXT"}]}
RESULT: {}
RESULT: {"script":"<script> [776 bytes]","args":[{"enterText":"1","selector":{"id":"application-manageconditionprice-display-component---newCondition--condBaseQty","interaction":{"idSuffix":"inner"}},"clearTextFirst":true,"interactionType":"ENTER_TEXT"}]}
COMMAND: POST /session/8710bc86126986cf02bb1d50a5f31e3a/execute/async - {"script":"<script> [1562 bytes]","args":[{"selector":{"id":"application-manageconditionprice-display-component---newCondition--condValue","interaction":{"idSuffix":"inner"}},"wdio_ui5_key":"applicationmanageconditionprice-display-component---newCondition--condValue"}]}
RESULT: {"script":"<script> [1562 bytes]","args":[{"selector":{"id":"application-manageconditionprice-display-component---newCondition--condValue","interaction":{"idSuffix":"inner"}},"wdio_ui5_key":"applicationmanageconditionprice-display-component---newCondition--condValue"}]}
RESULT: undefined
COMMAND: POST /session/8710bc86126986cf02bb1d50a5f31e3a/execute/async - {"script":"<script> [776 bytes]","args":[{"enterText":"100","selector":{"id":"application-manageconditionprice-display-component---newCondition--condValue","interaction":{"idSuffix":"inner"}},"clearTextFirst":true,"interactionType":"ENTER_TEXT"}]}
RESULT: {"script":"<script> [776 bytes]","args":[{"enterText":"100","selector":{"id":"application-manageconditionprice-display-component---newCondition--condValue","interaction":{"idSuffix":"inner"}},"clearTextFirst":true,"interactionType":"ENTER_TEXT"}]}
COMMAND: POST /session/8710bc86126986cf02bb1d50a5f31e3a/execute/async - {"script":"<script> [1562 bytes]","args":[{"selector":{"id":"application-manageconditionprice-display-component---newCondition--condCurr-arrow"},"wdio_ui5_key":"applicationmanageconditionprice-display-component---newCondition--condCurr-arrow"}]}
RESULT: {"script":"<script> [1562 bytes]","args":[{"selector":{"id":"application-manageconditionprice-display-component---newCondition--condCurr-arrow"},"wdio_ui5_key":"applicationmanageconditionprice-display-component---newCondition--condCurr-arrow"}]}
RESULT: undefined
COMMAND: POST /session/8710bc86126986cf02bb1d50a5f31e3a/element - {"using":"xpath","value":"//*[@id=\"application-manageconditionprice-display-component---newCondition--condCurr-arrow\"]"}
RESULT: {"using":"xpath","value":"//*[@id=\"application-manageconditionprice-display-component---newCondition--condCurr-arrow\"]"}
COMMAND: POST /session/8710bc86126986cf02bb1d50a5f31e3a/element/f.4F28C2583BB65896889CB8FD582548C6.d.1C197BF7255FCE434D911412A3920A41.e.3615/click - {}
RESULT: {}
COMMAND: POST /session/8710bc86126986cf02bb1d50a5f31e3a/element - {"using":"xpath","value":"//span[contains(text(), \"Euro\")]"}
COMMAND: GET /session/8710bc86126986cf02bb1d50a5f31e3a/screenshot - {}
RESULT: {"using":"xpath","value":"//span[contains(text(), \"Euro\")]"}
COMMAND: POST /session/8710bc86126986cf02bb1d50a5f31e3a/element/f.4F28C2583BB65896889CB8FD582548C6.d.1C197BF7255FCE434D911412A3920A41.e.3677/click - {}
RESULT: {}
RESULT: {}
COMMAND: POST /session/8710bc86126986cf02bb1d50a5f31e3a/element - {"using":"xpath","value":"//button[@data-kt=\"saveButton\"]"}
COMMAND: GET /session/8710bc86126986cf02bb1d50a5f31e3a/screenshot - {}
RESULT: {"using":"xpath","value":"//button[@data-kt=\"saveButton\"]"}
COMMAND: POST /session/8710bc86126986cf02bb1d50a5f31e3a/element/f.4F28C2583BB65896889CB8FD582548C6.d.1C197BF7255FCE434D911412A3920A41.e.3616/click - {}
RESULT: {}
RESULT: {}
COMMAND: GET /session/8710bc86126986cf02bb1d50a5f31e3a/screenshot - {}
RESULT: {}
COMMAND: POST /session/8710bc86126986cf02bb1d50a5f31e3a/execute/async - {"script":"<script> [1562 bytes]","args":[{"selector":{"id":"application-manageconditionprice-display-component---conditions--smartFilterBar-btnBasicSearch","interaction":{"idSuffix":"I"}},"wdio_ui5_key":"applicationmanageconditionprice-display-component---conditions--smartFilterBar-btnBasicSearch"}]}
RESULT: {"script":"<script> [1562 bytes]","args":[{"selector":{"id":"application-manageconditionprice-display-component---conditions--smartFilterBar-btnBasicSearch","interaction":{"idSuffix":"I"}},"wdio_ui5_key":"applicationmanageconditionprice-display-component---conditions--smartFilterBar-btnBasicSearch"}]}
RESULT: undefined
COMMAND: POST /session/8710bc86126986cf02bb1d50a5f31e3a/execute/async - {"script":"<script> [776 bytes]","args":[{"enterText":"UpU3uzuMnF","selector":{"id":"application-manageconditionprice-display-component---conditions--smartFilterBar-btnBasicSearch","interaction":{"idSuffix":"I"}},"clearTextFirst":true,"interactionType":"ENTER_TEXT"}]}
RESULT: {"script":"<script> [776 bytes]","args":[{"enterText":"UpU3uzuMnF","selector":{"id":"application-manageconditionprice-display-component---conditions--smartFilterBar-btnBasicSearch","interaction":{"idSuffix":"I"}},"clearTextFirst":true,"interactionType":"ENTER_TEXT"}]}
COMMAND: POST /session/8710bc86126986cf02bb1d50a5f31e3a/actions - {"actions":[{"id":"action15","type":"key","parameters":{},"actions":[{"type":"keyDown","value":""},{"type":"pause","duration":10},{"type":"keyUp","value":""}]}]}
RESULT: {"actions":[{"id":"action15","type":"key","parameters":{},"actions":[{"type":"keyDown","value":""},{"type":"pause","duration":10},{"type":"keyUp","value":""}]}]}
COMMAND: GET /session/8710bc86126986cf02bb1d50a5f31e3a/screenshot - {}
RESULT: {}
COMMAND: POST /session/8710bc86126986cf02bb1d50a5f31e3a/execute/async - {"script":"<script> [1562 bytes]","args":[{"selector":{"id":"application-manageconditionprice-display-component---conditions--smartFilterBar-filterItemControl_BASIC-BILL_TYPES-vhi"},"wdio_ui5_key":"applicationmanageconditionprice-display-component---conditions--smartFilterBar-filterItemControl_BASIC-BILL_TYPES-vhi"}]}
RESULT: {"script":"<script> [1562 bytes]","args":[{"selector":{"id":"application-manageconditionprice-display-component---conditions--smartFilterBar-filterItemControl_BASIC-BILL_TYPES-vhi"},"wdio_ui5_key":"applicationmanageconditionprice-display-component---conditions--smartFilterBar-filterItemControl_BASIC-BILL_TYPES-vhi"}]}
RESULT: undefined
COMMAND: POST /session/8710bc86126986cf02bb1d50a5f31e3a/element - {"using":"xpath","value":"//*[@id=\"application-manageconditionprice-display-component---conditions--smartFilterBar-filterItemControl_BASIC-BILL_TYPES-vhi\"]"}
RESULT: {"using":"xpath","value":"//*[@id=\"application-manageconditionprice-display-component---conditions--smartFilterBar-filterItemControl_BASIC-BILL_TYPES-vhi\"]"}
COMMAND: POST /session/8710bc86126986cf02bb1d50a5f31e3a/element/f.4F28C2583BB65896889CB8FD582548C6.d.1C197BF7255FCE434D911412A3920A41.e.3783/click - {}
RESULT: {}
COMMAND: POST /session/8710bc86126986cf02bb1d50a5f31e3a/execute/async - {"script":"<script> [1562 bytes]","args":[{"selector":{"id":"application-manageconditionprice-display-component---conditions--smartFilterBar-filterItemControl_BASIC-BILL_TYPES-valueHelpDialog-smartFilterBar-btnBasicSearch","searchOpenDialogs":true,"interaction":{"idSuffix":"I"}},"wdio_ui5_key":"applicationmanageconditionprice-display-component---conditions--smartFilterBar-filterItemControl_BASIC-BILL_TYPES-valueHelpDialog-smartFilterBar-btnBasicSearch"}]}
COMMAND: GET /session/8710bc86126986cf02bb1d50a5f31e3a/screenshot - {}
RESULT: {"script":"<script> [1562 bytes]","args":[{"selector":{"id":"application-manageconditionprice-display-component---conditions--smartFilterBar-filterItemControl_BASIC-BILL_TYPES-valueHelpDialog-smartFilterBar-btnBasicSearch","searchOpenDialogs":true,"interaction":{"idSuffix":"I"}},"wdio_ui5_key":"applicationmanageconditionprice-display-component---conditions--smartFilterBar-filterItemControl_BASIC-BILL_TYPES-valueHelpDialog-smartFilterBar-btnBasicSearch"}]}
RESULT: undefined
COMMAND: POST /session/8710bc86126986cf02bb1d50a5f31e3a/execute/async - {"script":"<script> [776 bytes]","args":[{"enterText":"TB","selector":{"id":"application-manageconditionprice-display-component---conditions--smartFilterBar-filterItemControl_BASIC-BILL_TYPES-valueHelpDialog-smartFilterBar-btnBasicSearch","searchOpenDialogs":true,"interaction":{"idSuffix":"I"}},"clearTextFirst":true,"interactionType":"ENTER_TEXT"}]}
RESULT: {}
RESULT: {"script":"<script> [776 bytes]","args":[{"enterText":"TB","selector":{"id":"application-manageconditionprice-display-component---conditions--smartFilterBar-filterItemControl_BASIC-BILL_TYPES-valueHelpDialog-smartFilterBar-btnBasicSearch","searchOpenDialogs":true,"interaction":{"idSuffix":"I"}},"clearTextFirst":true,"interactionType":"ENTER_TEXT"}]}
COMMAND: POST /session/8710bc86126986cf02bb1d50a5f31e3a/actions - {"actions":[{"id":"action16","type":"key","parameters":{},"actions":[{"type":"keyDown","value":""},{"type":"pause","duration":10},{"type":"keyUp","value":""}]}]}
RESULT: {"actions":[{"id":"action16","type":"key","parameters":{},"actions":[{"type":"keyDown","value":""},{"type":"pause","duration":10},{"type":"keyUp","value":""}]}]}
COMMAND: GET /session/8710bc86126986cf02bb1d50a5f31e3a/screenshot - {}
RESULT: {}
COMMAND: POST /session/8710bc86126986cf02bb1d50a5f31e3a/element - {"using":"xpath","value":"//div[contains(@id, 'application-manageconditionprice-display-component---conditions--smartFilterBar-filterItemControl_BASIC-BILL_TYPES-valueHelpDialog-table-rowsel0')]"}
RESULT: {"using":"xpath","value":"//div[contains(@id, 'application-manageconditionprice-display-component---conditions--smartFilterBar-filterItemControl_BASIC-BILL_TYPES-valueHelpDialog-table-rowsel0')]"}
COMMAND: POST /session/8710bc86126986cf02bb1d50a5f31e3a/element/f.4F28C2583BB65896889CB8FD582548C6.d.1C197BF7255FCE434D911412A3920A41.e.3793/click - {}
RESULT: {}
COMMAND: GET /session/8710bc86126986cf02bb1d50a5f31e3a/screenshot - {}
RESULT: {}
COMMAND: POST /session/8710bc86126986cf02bb1d50a5f31e3a/element - {"using":"xpath","value":"//bdi[contains(text(), \"OK\")]"}
RESULT: {"using":"xpath","value":"//bdi[contains(text(), \"OK\")]"}
COMMAND: POST /session/8710bc86126986cf02bb1d50a5f31e3a/element/f.4F28C2583BB65896889CB8FD582548C6.d.1C197BF7255FCE434D911412A3920A41.e.3795/click - {}
RESULT: {}
COMMAND: GET /session/8710bc86126986cf02bb1d50a5f31e3a/screenshot - {}
RESULT: {}
COMMAND: POST /session/8710bc86126986cf02bb1d50a5f31e3a/element - {"using":"xpath","value":"//span[@id=\"application-manageconditionprice-display-component---conditions--smartTable-header-inner\"]"}
RESULT: {"using":"xpath","value":"//span[@id=\"application-manageconditionprice-display-component---conditions--smartTable-header-inner\"]"}
COMMAND: POST /session/8710bc86126986cf02bb1d50a5f31e3a/elements - {"using":"xpath","value":"//span[@id=\"application-manageconditionprice-display-component---conditions--smartTable-header-inner\"]"}
RESULT: {"using":"xpath","value":"//span[@id=\"application-manageconditionprice-display-component---conditions--smartTable-header-inner\"]"}
COMMAND: POST /session/8710bc86126986cf02bb1d50a5f31e3a/execute/sync - {"script":"<script> [56 bytes]","args":[{"element-6066-11e4-a52e-4f735466cecf":"f.4F28C2583BB65896889CB8FD582548C6.d.1C197BF7255FCE434D911412A3920A41.e.3798","ELEMENT":"f.4F28C2583BB65896889CB8FD582548C6.d.1C197BF7255FCE434D911412A3920A41.e.3798"}]}
RESULT: {"script":"<script> [56 bytes]","args":[{"element-6066-11e4-a52e-4f735466cecf":"f.4F28C2583BB65896889CB8FD582548C6.d.1C197BF7255FCE434D911412A3920A41.e.3798","ELEMENT":"f.4F28C2583BB65896889CB8FD582548C6.d.1C197BF7255FCE434D911412A3920A41.e.3798"}]}
COMMAND: POST /session/8710bc86126986cf02bb1d50a5f31e3a/element - {"using":"css selector","value":"#shell-header-logo"}
COMMAND: GET /session/8710bc86126986cf02bb1d50a5f31e3a/screenshot - {}
RESULT: {"using":"css selector","value":"#shell-header-logo"}
COMMAND: POST /session/8710bc86126986cf02bb1d50a5f31e3a/element/f.4F28C2583BB65896889CB8FD582548C6.d.1C197BF7255FCE434D911412A3920A41.e.3426/click - {}
RESULT: {}
RESULT: {}
COMMAND: GET /session/8710bc86126986cf02bb1d50a5f31e3a/screenshot - {}
RESULT: {}
]]></system-out>
    </testcase>
    <testcase classname="chrome.136_0_7103_93.windows.Billing_confirm_US117289" name="Should do a stock increase" time="76.277">
      <failure/>
      <error message="receiptDate.setValue is not a function"/>
      <system-out><![CDATA[
COMMAND: POST /session/8710bc86126986cf02bb1d50a5f31e3a/execute/async - {"script":"<script> [1562 bytes]","args":[{"selector":{"controlType":"sap.m.GenericTile","properties":{"header":"Manage Handovers"}},"wdio_ui5_key":"sapm.GenericTile{\"header\":\"Manage Handovers\"}"}]}
RESULT: {"script":"<script> [1562 bytes]","args":[{"selector":{"controlType":"sap.m.GenericTile","properties":{"header":"Manage Handovers"}},"wdio_ui5_key":"sapm.GenericTile{\"header\":\"Manage Handovers\"}"}]}
RESULT: undefined
COMMAND: POST /session/8710bc86126986cf02bb1d50a5f31e3a/element - {"using":"xpath","value":"//*[@id=\"__tile131\"]"}
RESULT: {"using":"xpath","value":"//*[@id=\"__tile131\"]"}
COMMAND: POST /session/8710bc86126986cf02bb1d50a5f31e3a/element/f.4F28C2583BB65896889CB8FD582548C6.d.1C197BF7255FCE434D911412A3920A41.e.238/click - {}
RESULT: {}
COMMAND: GET /session/8710bc86126986cf02bb1d50a5f31e3a/screenshot - {}
RESULT: {}
COMMAND: POST /session/8710bc86126986cf02bb1d50a5f31e3a/elements - {"using":"xpath","value":"//span[text()='Error']"}
RESULT: {"using":"xpath","value":"//span[text()='Error']"}
COMMAND: POST /session/8710bc86126986cf02bb1d50a5f31e3a/element - {"using":"xpath","value":"//button[@data-kt=\"masterHOAddButton\"]"}
RESULT: {"using":"xpath","value":"//button[@data-kt=\"masterHOAddButton\"]"}
COMMAND: POST /session/8710bc86126986cf02bb1d50a5f31e3a/elements - {"using":"xpath","value":"//button[@data-kt=\"masterHOAddButton\"]"}
RESULT: {"using":"xpath","value":"//button[@data-kt=\"masterHOAddButton\"]"}
COMMAND: POST /session/8710bc86126986cf02bb1d50a5f31e3a/elements - {"using":"xpath","value":"//button[@data-kt=\"masterHOAddButton\"]"}
RESULT: {"using":"xpath","value":"//button[@data-kt=\"masterHOAddButton\"]"}
COMMAND: POST /session/8710bc86126986cf02bb1d50a5f31e3a/element - {"using":"xpath","value":"//button[@data-kt=\"masterHOAddButton\"]"}
RESULT: {"using":"xpath","value":"//button[@data-kt=\"masterHOAddButton\"]"}
COMMAND: POST /session/8710bc86126986cf02bb1d50a5f31e3a/execute/sync - {"script":"<script> [8489 bytes]","args":[{"element-6066-11e4-a52e-4f735466cecf":"f.4F28C2583BB65896889CB8FD582548C6.d.1C197BF7255FCE434D911412A3920A41.e.3833","ELEMENT":"f.4F28C2583BB65896889CB8FD582548C6.d.1C197BF7255FCE434D911412A3920A41.e.3833"}]}
RESULT: {"script":"<script> [8489 bytes]","args":[{"element-6066-11e4-a52e-4f735466cecf":"f.4F28C2583BB65896889CB8FD582548C6.d.1C197BF7255FCE434D911412A3920A41.e.3833","ELEMENT":"f.4F28C2583BB65896889CB8FD582548C6.d.1C197BF7255FCE434D911412A3920A41.e.3833"}]}
COMMAND: GET /session/8710bc86126986cf02bb1d50a5f31e3a/element/f.4F28C2583BB65896889CB8FD582548C6.d.1C197BF7255FCE434D911412A3920A41.e.3833/enabled - {}
COMMAND: GET /session/8710bc86126986cf02bb1d50a5f31e3a/screenshot - {}
RESULT: {}
COMMAND: POST /session/8710bc86126986cf02bb1d50a5f31e3a/execute/sync - {"script":"<script> [8489 bytes]","args":[{"element-6066-11e4-a52e-4f735466cecf":"f.4F28C2583BB65896889CB8FD582548C6.d.1C197BF7255FCE434D911412A3920A41.e.3833","ELEMENT":"f.4F28C2583BB65896889CB8FD582548C6.d.1C197BF7255FCE434D911412A3920A41.e.3833"}]}
COMMAND: GET /session/8710bc86126986cf02bb1d50a5f31e3a/screenshot - {}
RESULT: {}
RESULT: {"script":"<script> [8489 bytes]","args":[{"element-6066-11e4-a52e-4f735466cecf":"f.4F28C2583BB65896889CB8FD582548C6.d.1C197BF7255FCE434D911412A3920A41.e.3833","ELEMENT":"f.4F28C2583BB65896889CB8FD582548C6.d.1C197BF7255FCE434D911412A3920A41.e.3833"}]}
COMMAND: POST /session/8710bc86126986cf02bb1d50a5f31e3a/execute/sync - {"script":"<script> [5351 bytes]","args":[{"element-6066-11e4-a52e-4f735466cecf":"f.4F28C2583BB65896889CB8FD582548C6.d.1C197BF7255FCE434D911412A3920A41.e.3833","ELEMENT":"f.4F28C2583BB65896889CB8FD582548C6.d.1C197BF7255FCE434D911412A3920A41.e.3833"}]}
COMMAND: GET /session/8710bc86126986cf02bb1d50a5f31e3a/screenshot - {}
RESULT: {}
RESULT: {"script":"<script> [5351 bytes]","args":[{"element-6066-11e4-a52e-4f735466cecf":"f.4F28C2583BB65896889CB8FD582548C6.d.1C197BF7255FCE434D911412A3920A41.e.3833","ELEMENT":"f.4F28C2583BB65896889CB8FD582548C6.d.1C197BF7255FCE434D911412A3920A41.e.3833"}]}
COMMAND: POST /session/8710bc86126986cf02bb1d50a5f31e3a/element/f.4F28C2583BB65896889CB8FD582548C6.d.1C197BF7255FCE434D911412A3920A41.e.3833/click - {}
COMMAND: GET /session/8710bc86126986cf02bb1d50a5f31e3a/screenshot - {}
RESULT: {}
RESULT: {}
COMMAND: GET /session/8710bc86126986cf02bb1d50a5f31e3a/screenshot - {}
COMMAND: POST /session/8710bc86126986cf02bb1d50a5f31e3a/element - {"using":"xpath","value":"//span[contains(@id ,\"AddNewHO--typeSelect-arrow\")]"}
RESULT: {}
RESULT: {}
RESULT: {"using":"xpath","value":"//span[contains(@id ,\"AddNewHO--typeSelect-arrow\")]"}
COMMAND: POST /session/8710bc86126986cf02bb1d50a5f31e3a/element/f.4F28C2583BB65896889CB8FD582548C6.d.1C197BF7255FCE434D911412A3920A41.e.4195/click - {}
RESULT: {}
COMMAND: GET /session/8710bc86126986cf02bb1d50a5f31e3a/screenshot - {}
RESULT: {}
COMMAND: POST /session/8710bc86126986cf02bb1d50a5f31e3a/element - {"using":"xpath","value":"(//li[contains(text(), \"stock increase yard\")])[1]"}
RESULT: {"using":"xpath","value":"(//li[contains(text(), \"stock increase yard\")])[1]"}
COMMAND: POST /session/8710bc86126986cf02bb1d50a5f31e3a/element/f.4F28C2583BB65896889CB8FD582548C6.d.1C197BF7255FCE434D911412A3920A41.e.4196/click - {}
RESULT: {}
COMMAND: GET /session/8710bc86126986cf02bb1d50a5f31e3a/screenshot - {}
RESULT: {}
COMMAND: POST /session/8710bc86126986cf02bb1d50a5f31e3a/execute/async - {"script":"<script> [1562 bytes]","args":[{"selector":{"id":"application-managehandovers-display-component---AddNewHO--dueDate","interaction":{"idSuffix":"inner"}},"wdio_ui5_key":"applicationmanagehandovers-display-component---AddNewHO--dueDate"}]}
RESULT: {"script":"<script> [1562 bytes]","args":[{"selector":{"id":"application-managehandovers-display-component---AddNewHO--dueDate","interaction":{"idSuffix":"inner"}},"wdio_ui5_key":"applicationmanagehandovers-display-component---AddNewHO--dueDate"}]}
RESULT: undefined
COMMAND: POST /session/8710bc86126986cf02bb1d50a5f31e3a/execute/async - {"script":"<script> [6424 bytes]","args":[{"element-6066-11e4-a52e-4f735466cecf":"f.4F28C2583BB65896889CB8FD582548C6.d.1C197BF7255FCE434D911412A3920A41.e.4198"},"setValue",["5/22/25"]]}
RESULT: {"script":"<script> [6424 bytes]","args":[{"element-6066-11e4-a52e-4f735466cecf":"f.4F28C2583BB65896889CB8FD582548C6.d.1C197BF7255FCE434D911412A3920A41.e.4198"},"setValue",["5/22/25"]]}
COMMAND: POST /session/8710bc86126986cf02bb1d50a5f31e3a/element - {"using":"xpath","value":"//input[@id=\"generalSectionFrg--receiveYard-inner\"]"}
RESULT: {"using":"xpath","value":"//input[@id=\"generalSectionFrg--receiveYard-inner\"]"}
COMMAND: POST /session/8710bc86126986cf02bb1d50a5f31e3a/element/f.4F28C2583BB65896889CB8FD582548C6.d.1C197BF7255FCE434D911412A3920A41.e.4202/clear - {}
RESULT: {}
COMMAND: POST /session/8710bc86126986cf02bb1d50a5f31e3a/element/f.4F28C2583BB65896889CB8FD582548C6.d.1C197BF7255FCE434D911412A3920A41.e.4202/value - {"text":"679"}
COMMAND: GET /session/8710bc86126986cf02bb1d50a5f31e3a/screenshot - {}
RESULT: {}
RESULT: {"text":"679"}
COMMAND: GET /session/8710bc86126986cf02bb1d50a5f31e3a/screenshot - {}
RESULT: {}
COMMAND: POST /session/8710bc86126986cf02bb1d50a5f31e3a/element - {"using":"xpath","value":"//li[.//span[text()='679']]"}
RESULT: {"using":"xpath","value":"//li[.//span[text()='679']]"}
COMMAND: POST /session/8710bc86126986cf02bb1d50a5f31e3a/element/f.4F28C2583BB65896889CB8FD582548C6.d.1C197BF7255FCE434D911412A3920A41.e.4220/click - {}
RESULT: {}
COMMAND: GET /session/8710bc86126986cf02bb1d50a5f31e3a/screenshot - {}
RESULT: {}
COMMAND: POST /session/8710bc86126986cf02bb1d50a5f31e3a/execute/async - {"script":"<script> [1562 bytes]","args":[{"selector":{"id":"application-managehandovers-display-component---AddNewHO--ObjectPageLayout-anchBar-application-managehandovers-display-component---AddNewHO--section4-anchor","interaction":{"idSuffix":"BDI-content"}},"wdio_ui5_key":"applicationmanagehandovers-display-component---AddNewHO--ObjectPageLayout-anchBar-application-managehandovers-display-component---AddNewHO--section4-anchor"}]}
RESULT: {"script":"<script> [1562 bytes]","args":[{"selector":{"id":"application-managehandovers-display-component---AddNewHO--ObjectPageLayout-anchBar-application-managehandovers-display-component---AddNewHO--section4-anchor","interaction":{"idSuffix":"BDI-content"}},"wdio_ui5_key":"applicationmanagehandovers-display-component---AddNewHO--ObjectPageLayout-anchBar-application-managehandovers-display-component---AddNewHO--section4-anchor"}]}
RESULT: undefined
COMMAND: POST /session/8710bc86126986cf02bb1d50a5f31e3a/element - {"using":"xpath","value":"//*[@id=\"application-managehandovers-display-component---AddNewHO--ObjectPageLayout-anchBar-application-managehandovers-display-component---AddNewHO--section4-anchor\"]"}
RESULT: {"using":"xpath","value":"//*[@id=\"application-managehandovers-display-component---AddNewHO--ObjectPageLayout-anchBar-application-managehandovers-display-component---AddNewHO--section4-anchor\"]"}
COMMAND: POST /session/8710bc86126986cf02bb1d50a5f31e3a/element/f.4F28C2583BB65896889CB8FD582548C6.d.1C197BF7255FCE434D911412A3920A41.e.4222/click - {}
RESULT: {}
COMMAND: POST /session/8710bc86126986cf02bb1d50a5f31e3a/element - {"using":"xpath","value":"//button[@aria-label=\"Add\"]"}
COMMAND: GET /session/8710bc86126986cf02bb1d50a5f31e3a/screenshot - {}
RESULT: {"using":"xpath","value":"//button[@aria-label=\"Add\"]"}
COMMAND: POST /session/8710bc86126986cf02bb1d50a5f31e3a/element/f.4F28C2583BB65896889CB8FD582548C6.d.1C197BF7255FCE434D911412A3920A41.e.4226/click - {}
RESULT: {}
RESULT: {}
COMMAND: GET /session/8710bc86126986cf02bb1d50a5f31e3a/screenshot - {}
RESULT: {}
COMMAND: POST /session/8710bc86126986cf02bb1d50a5f31e3a/execute/async - {"script":"<script> [1562 bytes]","args":[{"selector":{"id":"application-managehandovers-display-component---AddNewHO--smartFilterBar-btnBasicSearch","searchOpenDialogs":true,"interaction":{"idSuffix":"I"}},"wdio_ui5_key":"applicationmanagehandovers-display-component---AddNewHO--smartFilterBar-btnBasicSearch"}]}
RESULT: {"script":"<script> [1562 bytes]","args":[{"selector":{"id":"application-managehandovers-display-component---AddNewHO--smartFilterBar-btnBasicSearch","searchOpenDialogs":true,"interaction":{"idSuffix":"I"}},"wdio_ui5_key":"applicationmanagehandovers-display-component---AddNewHO--smartFilterBar-btnBasicSearch"}]}
RESULT: undefined
COMMAND: POST /session/8710bc86126986cf02bb1d50a5f31e3a/execute/async - {"script":"<script> [776 bytes]","args":[{"enterText":"UpU3uzuMnF","selector":{"id":"application-managehandovers-display-component---AddNewHO--smartFilterBar-btnBasicSearch","searchOpenDialogs":true,"interaction":{"idSuffix":"I"}},"clearTextFirst":true,"interactionType":"ENTER_TEXT"}]}
RESULT: {"script":"<script> [776 bytes]","args":[{"enterText":"UpU3uzuMnF","selector":{"id":"application-managehandovers-display-component---AddNewHO--smartFilterBar-btnBasicSearch","searchOpenDialogs":true,"interaction":{"idSuffix":"I"}},"clearTextFirst":true,"interactionType":"ENTER_TEXT"}]}
COMMAND: POST /session/8710bc86126986cf02bb1d50a5f31e3a/actions - {"actions":[{"id":"action17","type":"key","parameters":{},"actions":[{"type":"keyDown","value":""},{"type":"pause","duration":10},{"type":"keyUp","value":""}]}]}
RESULT: {"actions":[{"id":"action17","type":"key","parameters":{},"actions":[{"type":"keyDown","value":""},{"type":"pause","duration":10},{"type":"keyUp","value":""}]}]}
COMMAND: GET /session/8710bc86126986cf02bb1d50a5f31e3a/screenshot - {}
RESULT: {}
COMMAND: POST /session/8710bc86126986cf02bb1d50a5f31e3a/execute/async - {"script":"<script> [1562 bytes]","args":[{"selector":{"id":"application-managehandovers-display-component---AddNewHO--popup-sa","searchOpenDialogs":true,"interaction":{"idSuffix":"CbBg"}},"wdio_ui5_key":"applicationmanagehandovers-display-component---AddNewHO--popup-sa"}]}
RESULT: {"script":"<script> [1562 bytes]","args":[{"selector":{"id":"application-managehandovers-display-component---AddNewHO--popup-sa","searchOpenDialogs":true,"interaction":{"idSuffix":"CbBg"}},"wdio_ui5_key":"applicationmanagehandovers-display-component---AddNewHO--popup-sa"}]}
RESULT: undefined
COMMAND: POST /session/8710bc86126986cf02bb1d50a5f31e3a/element - {"using":"xpath","value":"//*[@id=\"application-managehandovers-display-component---AddNewHO--popup-sa\"]"}
RESULT: {"using":"xpath","value":"//*[@id=\"application-managehandovers-display-component---AddNewHO--popup-sa\"]"}
COMMAND: POST /session/8710bc86126986cf02bb1d50a5f31e3a/element/f.4F28C2583BB65896889CB8FD582548C6.d.1C197BF7255FCE434D911412A3920A41.e.4380/click - {}
RESULT: {}
COMMAND: GET /session/8710bc86126986cf02bb1d50a5f31e3a/screenshot - {}
RESULT: {}
COMMAND: POST /session/8710bc86126986cf02bb1d50a5f31e3a/element - {"using":"xpath","value":"//bdi[contains(text(), \"Select\")]"}
RESULT: {"using":"xpath","value":"//bdi[contains(text(), \"Select\")]"}
COMMAND: POST /session/8710bc86126986cf02bb1d50a5f31e3a/element/f.4F28C2583BB65896889CB8FD582548C6.d.1C197BF7255FCE434D911412A3920A41.e.4381/click - {}
RESULT: {}
COMMAND: GET /session/8710bc86126986cf02bb1d50a5f31e3a/screenshot - {}
RESULT: {}
COMMAND: POST /session/8710bc86126986cf02bb1d50a5f31e3a/element - {"using":"xpath","value":"//button[@data-kt=\"AddNewHOSaveButton\"]"}
RESULT: {"using":"xpath","value":"//button[@data-kt=\"AddNewHOSaveButton\"]"}
COMMAND: POST /session/8710bc86126986cf02bb1d50a5f31e3a/element/f.4F28C2583BB65896889CB8FD582548C6.d.1C197BF7255FCE434D911412A3920A41.e.4385/click - {}
RESULT: {}
COMMAND: GET /session/8710bc86126986cf02bb1d50a5f31e3a/screenshot - {}
RESULT: {}
COMMAND: POST /session/8710bc86126986cf02bb1d50a5f31e3a/execute/async - {"script":"<script> [1562 bytes]","args":[{"selector":{"id":"receiptDatePicker","viewName":"etm.portal.ui.managehandovers.view.DetailExecuteHO","interaction":{"idSuffix":"inner"}},"wdio_ui5_key":"receiptDatePickeretmportal.ui.managehandovers.view.DetailExecuteHO"}]}
RESULT: {"script":"<script> [1562 bytes]","args":[{"selector":{"id":"receiptDatePicker","viewName":"etm.portal.ui.managehandovers.view.DetailExecuteHO","interaction":{"idSuffix":"inner"}},"wdio_ui5_key":"receiptDatePickeretmportal.ui.managehandovers.view.DetailExecuteHO"}]}
RESULT: undefined
COMMAND: GET /session/8710bc86126986cf02bb1d50a5f31e3a/screenshot - {}
RESULT: {}
]]></system-out>
      <system-err><![CDATA[
TypeError: receiptDate.setValue is not a function
    at UtilsPrerequisites.stockIncrease (D:\a\1\s\test\specs\BTS\prerequisites-and-utils-functions.js:1664:27)
    at async Context.<anonymous> (D:\a\1\s\test\specs\BTS\billing-confirm.spec.js:59:9)
]]></system-err>
    </testcase>
    <testcase classname="chrome.136_0_7103_93.windows.Billing_confirm_US117289" name="Should create a new contract" time="61.95">
      <failure/>
      <error message="element (&quot;//button[@data-kt=&quot;addButton&quot;]&quot;) still not existing after 45000ms"/>
      <system-out><![CDATA[
COMMAND: POST /session/8710bc86126986cf02bb1d50a5f31e3a/execute/async - {"script":"<script> [1562 bytes]","args":[{"selector":{"controlType":"sap.m.GenericTile","properties":{"header":"Manage Contracts"}},"wdio_ui5_key":"sapm.GenericTile{\"header\":\"Manage Contracts\"}"}]}
COMMAND: GET /session/8710bc86126986cf02bb1d50a5f31e3a/screenshot - {}
RESULT: {"script":"<script> [1562 bytes]","args":[{"selector":{"controlType":"sap.m.GenericTile","properties":{"header":"Manage Contracts"}},"wdio_ui5_key":"sapm.GenericTile{\"header\":\"Manage Contracts\"}"}]}
RESULT: undefined
RESULT: {}
COMMAND: POST /session/8710bc86126986cf02bb1d50a5f31e3a/elements - {"using":"xpath","value":"//span[text()='Error']"}
RESULT: {"using":"xpath","value":"//span[text()='Error']"}
COMMAND: POST /session/8710bc86126986cf02bb1d50a5f31e3a/elements - {"using":"xpath","value":"//*[text()='Close']"}
RESULT: {"using":"xpath","value":"//*[text()='Close']"}
COMMAND: GET /session/8710bc86126986cf02bb1d50a5f31e3a/element/f.4F28C2583BB65896889CB8FD582548C6.d.1C197BF7255FCE434D911412A3920A41.e.4389/enabled - {}
RESULT: {}
COMMAND: POST /session/8710bc86126986cf02bb1d50a5f31e3a/execute/sync - {"script":"<script> [8489 bytes]","args":[{"element-6066-11e4-a52e-4f735466cecf":"f.4F28C2583BB65896889CB8FD582548C6.d.1C197BF7255FCE434D911412A3920A41.e.4389","ELEMENT":"f.4F28C2583BB65896889CB8FD582548C6.d.1C197BF7255FCE434D911412A3920A41.e.4389"}]}
COMMAND: GET /session/8710bc86126986cf02bb1d50a5f31e3a/screenshot - {}
RESULT: {"script":"<script> [8489 bytes]","args":[{"element-6066-11e4-a52e-4f735466cecf":"f.4F28C2583BB65896889CB8FD582548C6.d.1C197BF7255FCE434D911412A3920A41.e.4389","ELEMENT":"f.4F28C2583BB65896889CB8FD582548C6.d.1C197BF7255FCE434D911412A3920A41.e.4389"}]}
COMMAND: POST /session/8710bc86126986cf02bb1d50a5f31e3a/execute/sync - {"script":"<script> [5351 bytes]","args":[{"element-6066-11e4-a52e-4f735466cecf":"f.4F28C2583BB65896889CB8FD582548C6.d.1C197BF7255FCE434D911412A3920A41.e.4389","ELEMENT":"f.4F28C2583BB65896889CB8FD582548C6.d.1C197BF7255FCE434D911412A3920A41.e.4389"}]}
COMMAND: GET /session/8710bc86126986cf02bb1d50a5f31e3a/screenshot - {}
RESULT: {}
RESULT: {"script":"<script> [5351 bytes]","args":[{"element-6066-11e4-a52e-4f735466cecf":"f.4F28C2583BB65896889CB8FD582548C6.d.1C197BF7255FCE434D911412A3920A41.e.4389","ELEMENT":"f.4F28C2583BB65896889CB8FD582548C6.d.1C197BF7255FCE434D911412A3920A41.e.4389"}]}
COMMAND: POST /session/8710bc86126986cf02bb1d50a5f31e3a/element/f.4F28C2583BB65896889CB8FD582548C6.d.1C197BF7255FCE434D911412A3920A41.e.4389/click - {}
COMMAND: GET /session/8710bc86126986cf02bb1d50a5f31e3a/screenshot - {}
RESULT: {}
RESULT: {}
COMMAND: POST /session/8710bc86126986cf02bb1d50a5f31e3a/elements - {"using":"xpath","value":"//*[text()='OK']"}
COMMAND: GET /session/8710bc86126986cf02bb1d50a5f31e3a/screenshot - {}
RESULT: {}
RESULT: {"using":"xpath","value":"//*[text()='OK']"}
RESULT: {}
COMMAND: POST /session/8710bc86126986cf02bb1d50a5f31e3a/element - {"using":"xpath","value":"//button[@data-kt=\"addButton\"]"}
RESULT: {"using":"xpath","value":"//button[@data-kt=\"addButton\"]"}
COMMAND: POST /session/8710bc86126986cf02bb1d50a5f31e3a/elements - {"using":"xpath","value":"//button[@data-kt=\"addButton\"]"}
RESULT: {"using":"xpath","value":"//button[@data-kt=\"addButton\"]"}
COMMAND: POST /session/8710bc86126986cf02bb1d50a5f31e3a/elements - {"using":"xpath","value":"//button[@data-kt=\"addButton\"]"}
RESULT: {"using":"xpath","value":"//button[@data-kt=\"addButton\"]"}
COMMAND: POST /session/8710bc86126986cf02bb1d50a5f31e3a/elements - {"using":"xpath","value":"//button[@data-kt=\"addButton\"]"}
RESULT: {"using":"xpath","value":"//button[@data-kt=\"addButton\"]"}
COMMAND: POST /session/8710bc86126986cf02bb1d50a5f31e3a/elements - {"using":"xpath","value":"//button[@data-kt=\"addButton\"]"}
RESULT: {"using":"xpath","value":"//button[@data-kt=\"addButton\"]"}
COMMAND: POST /session/8710bc86126986cf02bb1d50a5f31e3a/elements - {"using":"xpath","value":"//button[@data-kt=\"addButton\"]"}
RESULT: {"using":"xpath","value":"//button[@data-kt=\"addButton\"]"}
COMMAND: POST /session/8710bc86126986cf02bb1d50a5f31e3a/elements - {"using":"xpath","value":"//button[@data-kt=\"addButton\"]"}
RESULT: {"using":"xpath","value":"//button[@data-kt=\"addButton\"]"}
COMMAND: POST /session/8710bc86126986cf02bb1d50a5f31e3a/elements - {"using":"xpath","value":"//button[@data-kt=\"addButton\"]"}
RESULT: {"using":"xpath","value":"//button[@data-kt=\"addButton\"]"}
COMMAND: POST /session/8710bc86126986cf02bb1d50a5f31e3a/elements - {"using":"xpath","value":"//button[@data-kt=\"addButton\"]"}
RESULT: {"using":"xpath","value":"//button[@data-kt=\"addButton\"]"}
COMMAND: POST /session/8710bc86126986cf02bb1d50a5f31e3a/elements - {"using":"xpath","value":"//button[@data-kt=\"addButton\"]"}
RESULT: {"using":"xpath","value":"//button[@data-kt=\"addButton\"]"}
COMMAND: POST /session/8710bc86126986cf02bb1d50a5f31e3a/elements - {"using":"xpath","value":"//button[@data-kt=\"addButton\"]"}
RESULT: {"using":"xpath","value":"//button[@data-kt=\"addButton\"]"}
COMMAND: POST /session/8710bc86126986cf02bb1d50a5f31e3a/elements - {"using":"xpath","value":"//button[@data-kt=\"addButton\"]"}
RESULT: {"using":"xpath","value":"//button[@data-kt=\"addButton\"]"}
COMMAND: POST /session/8710bc86126986cf02bb1d50a5f31e3a/elements - {"using":"xpath","value":"//button[@data-kt=\"addButton\"]"}
RESULT: {"using":"xpath","value":"//button[@data-kt=\"addButton\"]"}
COMMAND: POST /session/8710bc86126986cf02bb1d50a5f31e3a/elements - {"using":"xpath","value":"//button[@data-kt=\"addButton\"]"}
RESULT: {"using":"xpath","value":"//button[@data-kt=\"addButton\"]"}
COMMAND: POST /session/8710bc86126986cf02bb1d50a5f31e3a/elements - {"using":"xpath","value":"//button[@data-kt=\"addButton\"]"}
RESULT: {"using":"xpath","value":"//button[@data-kt=\"addButton\"]"}
COMMAND: POST /session/8710bc86126986cf02bb1d50a5f31e3a/elements - {"using":"xpath","value":"//button[@data-kt=\"addButton\"]"}
RESULT: {"using":"xpath","value":"//button[@data-kt=\"addButton\"]"}
COMMAND: POST /session/8710bc86126986cf02bb1d50a5f31e3a/elements - {"using":"xpath","value":"//button[@data-kt=\"addButton\"]"}
RESULT: {"using":"xpath","value":"//button[@data-kt=\"addButton\"]"}
COMMAND: POST /session/8710bc86126986cf02bb1d50a5f31e3a/elements - {"using":"xpath","value":"//button[@data-kt=\"addButton\"]"}
RESULT: {"using":"xpath","value":"//button[@data-kt=\"addButton\"]"}
COMMAND: POST /session/8710bc86126986cf02bb1d50a5f31e3a/elements - {"using":"xpath","value":"//button[@data-kt=\"addButton\"]"}
RESULT: {"using":"xpath","value":"//button[@data-kt=\"addButton\"]"}
COMMAND: POST /session/8710bc86126986cf02bb1d50a5f31e3a/elements - {"using":"xpath","value":"//button[@data-kt=\"addButton\"]"}
RESULT: {"using":"xpath","value":"//button[@data-kt=\"addButton\"]"}
COMMAND: POST /session/8710bc86126986cf02bb1d50a5f31e3a/elements - {"using":"xpath","value":"//button[@data-kt=\"addButton\"]"}
RESULT: {"using":"xpath","value":"//button[@data-kt=\"addButton\"]"}
COMMAND: POST /session/8710bc86126986cf02bb1d50a5f31e3a/elements - {"using":"xpath","value":"//button[@data-kt=\"addButton\"]"}
RESULT: {"using":"xpath","value":"//button[@data-kt=\"addButton\"]"}
COMMAND: POST /session/8710bc86126986cf02bb1d50a5f31e3a/elements - {"using":"xpath","value":"//button[@data-kt=\"addButton\"]"}
RESULT: {"using":"xpath","value":"//button[@data-kt=\"addButton\"]"}
COMMAND: POST /session/8710bc86126986cf02bb1d50a5f31e3a/elements - {"using":"xpath","value":"//button[@data-kt=\"addButton\"]"}
RESULT: {"using":"xpath","value":"//button[@data-kt=\"addButton\"]"}
COMMAND: POST /session/8710bc86126986cf02bb1d50a5f31e3a/elements - {"using":"xpath","value":"//button[@data-kt=\"addButton\"]"}
RESULT: {"using":"xpath","value":"//button[@data-kt=\"addButton\"]"}
COMMAND: POST /session/8710bc86126986cf02bb1d50a5f31e3a/elements - {"using":"xpath","value":"//button[@data-kt=\"addButton\"]"}
RESULT: {"using":"xpath","value":"//button[@data-kt=\"addButton\"]"}
COMMAND: POST /session/8710bc86126986cf02bb1d50a5f31e3a/elements - {"using":"xpath","value":"//button[@data-kt=\"addButton\"]"}
RESULT: {"using":"xpath","value":"//button[@data-kt=\"addButton\"]"}
COMMAND: POST /session/8710bc86126986cf02bb1d50a5f31e3a/elements - {"using":"xpath","value":"//button[@data-kt=\"addButton\"]"}
RESULT: {"using":"xpath","value":"//button[@data-kt=\"addButton\"]"}
COMMAND: POST /session/8710bc86126986cf02bb1d50a5f31e3a/elements - {"using":"xpath","value":"//button[@data-kt=\"addButton\"]"}
RESULT: {"using":"xpath","value":"//button[@data-kt=\"addButton\"]"}
COMMAND: POST /session/8710bc86126986cf02bb1d50a5f31e3a/elements - {"using":"xpath","value":"//button[@data-kt=\"addButton\"]"}
RESULT: {"using":"xpath","value":"//button[@data-kt=\"addButton\"]"}
COMMAND: POST /session/8710bc86126986cf02bb1d50a5f31e3a/elements - {"using":"xpath","value":"//button[@data-kt=\"addButton\"]"}
RESULT: {"using":"xpath","value":"//button[@data-kt=\"addButton\"]"}
COMMAND: POST /session/8710bc86126986cf02bb1d50a5f31e3a/elements - {"using":"xpath","value":"//button[@data-kt=\"addButton\"]"}
RESULT: {"using":"xpath","value":"//button[@data-kt=\"addButton\"]"}
COMMAND: POST /session/8710bc86126986cf02bb1d50a5f31e3a/elements - {"using":"xpath","value":"//button[@data-kt=\"addButton\"]"}
RESULT: {"using":"xpath","value":"//button[@data-kt=\"addButton\"]"}
COMMAND: POST /session/8710bc86126986cf02bb1d50a5f31e3a/elements - {"using":"xpath","value":"//button[@data-kt=\"addButton\"]"}
RESULT: {"using":"xpath","value":"//button[@data-kt=\"addButton\"]"}
COMMAND: POST /session/8710bc86126986cf02bb1d50a5f31e3a/elements - {"using":"xpath","value":"//button[@data-kt=\"addButton\"]"}
RESULT: {"using":"xpath","value":"//button[@data-kt=\"addButton\"]"}
COMMAND: POST /session/8710bc86126986cf02bb1d50a5f31e3a/elements - {"using":"xpath","value":"//button[@data-kt=\"addButton\"]"}
RESULT: {"using":"xpath","value":"//button[@data-kt=\"addButton\"]"}
COMMAND: POST /session/8710bc86126986cf02bb1d50a5f31e3a/elements - {"using":"xpath","value":"//button[@data-kt=\"addButton\"]"}
RESULT: {"using":"xpath","value":"//button[@data-kt=\"addButton\"]"}
COMMAND: POST /session/8710bc86126986cf02bb1d50a5f31e3a/elements - {"using":"xpath","value":"//button[@data-kt=\"addButton\"]"}
RESULT: {"using":"xpath","value":"//button[@data-kt=\"addButton\"]"}
COMMAND: POST /session/8710bc86126986cf02bb1d50a5f31e3a/elements - {"using":"xpath","value":"//button[@data-kt=\"addButton\"]"}
RESULT: {"using":"xpath","value":"//button[@data-kt=\"addButton\"]"}
COMMAND: POST /session/8710bc86126986cf02bb1d50a5f31e3a/elements - {"using":"xpath","value":"//button[@data-kt=\"addButton\"]"}
RESULT: {"using":"xpath","value":"//button[@data-kt=\"addButton\"]"}
COMMAND: POST /session/8710bc86126986cf02bb1d50a5f31e3a/elements - {"using":"xpath","value":"//button[@data-kt=\"addButton\"]"}
RESULT: {"using":"xpath","value":"//button[@data-kt=\"addButton\"]"}
COMMAND: POST /session/8710bc86126986cf02bb1d50a5f31e3a/elements - {"using":"xpath","value":"//button[@data-kt=\"addButton\"]"}
RESULT: {"using":"xpath","value":"//button[@data-kt=\"addButton\"]"}
COMMAND: POST /session/8710bc86126986cf02bb1d50a5f31e3a/elements - {"using":"xpath","value":"//button[@data-kt=\"addButton\"]"}
RESULT: {"using":"xpath","value":"//button[@data-kt=\"addButton\"]"}
COMMAND: POST /session/8710bc86126986cf02bb1d50a5f31e3a/elements - {"using":"xpath","value":"//button[@data-kt=\"addButton\"]"}
RESULT: {"using":"xpath","value":"//button[@data-kt=\"addButton\"]"}
COMMAND: POST /session/8710bc86126986cf02bb1d50a5f31e3a/elements - {"using":"xpath","value":"//button[@data-kt=\"addButton\"]"}
RESULT: {"using":"xpath","value":"//button[@data-kt=\"addButton\"]"}
COMMAND: POST /session/8710bc86126986cf02bb1d50a5f31e3a/elements - {"using":"xpath","value":"//button[@data-kt=\"addButton\"]"}
RESULT: {"using":"xpath","value":"//button[@data-kt=\"addButton\"]"}
COMMAND: POST /session/8710bc86126986cf02bb1d50a5f31e3a/elements - {"using":"xpath","value":"//button[@data-kt=\"addButton\"]"}
RESULT: {"using":"xpath","value":"//button[@data-kt=\"addButton\"]"}
COMMAND: POST /session/8710bc86126986cf02bb1d50a5f31e3a/elements - {"using":"xpath","value":"//button[@data-kt=\"addButton\"]"}
RESULT: {"using":"xpath","value":"//button[@data-kt=\"addButton\"]"}
COMMAND: POST /session/8710bc86126986cf02bb1d50a5f31e3a/elements - {"using":"xpath","value":"//button[@data-kt=\"addButton\"]"}
RESULT: {"using":"xpath","value":"//button[@data-kt=\"addButton\"]"}
COMMAND: POST /session/8710bc86126986cf02bb1d50a5f31e3a/elements - {"using":"xpath","value":"//button[@data-kt=\"addButton\"]"}
RESULT: {"using":"xpath","value":"//button[@data-kt=\"addButton\"]"}
COMMAND: POST /session/8710bc86126986cf02bb1d50a5f31e3a/elements - {"using":"xpath","value":"//button[@data-kt=\"addButton\"]"}
RESULT: {"using":"xpath","value":"//button[@data-kt=\"addButton\"]"}
COMMAND: POST /session/8710bc86126986cf02bb1d50a5f31e3a/elements - {"using":"xpath","value":"//button[@data-kt=\"addButton\"]"}
RESULT: {"using":"xpath","value":"//button[@data-kt=\"addButton\"]"}
COMMAND: POST /session/8710bc86126986cf02bb1d50a5f31e3a/elements - {"using":"xpath","value":"//button[@data-kt=\"addButton\"]"}
RESULT: {"using":"xpath","value":"//button[@data-kt=\"addButton\"]"}
COMMAND: POST /session/8710bc86126986cf02bb1d50a5f31e3a/elements - {"using":"xpath","value":"//button[@data-kt=\"addButton\"]"}
RESULT: {"using":"xpath","value":"//button[@data-kt=\"addButton\"]"}
COMMAND: POST /session/8710bc86126986cf02bb1d50a5f31e3a/elements - {"using":"xpath","value":"//button[@data-kt=\"addButton\"]"}
RESULT: {"using":"xpath","value":"//button[@data-kt=\"addButton\"]"}
COMMAND: POST /session/8710bc86126986cf02bb1d50a5f31e3a/elements - {"using":"xpath","value":"//button[@data-kt=\"addButton\"]"}
RESULT: {"using":"xpath","value":"//button[@data-kt=\"addButton\"]"}
COMMAND: POST /session/8710bc86126986cf02bb1d50a5f31e3a/elements - {"using":"xpath","value":"//button[@data-kt=\"addButton\"]"}
RESULT: {"using":"xpath","value":"//button[@data-kt=\"addButton\"]"}
COMMAND: POST /session/8710bc86126986cf02bb1d50a5f31e3a/elements - {"using":"xpath","value":"//button[@data-kt=\"addButton\"]"}
RESULT: {"using":"xpath","value":"//button[@data-kt=\"addButton\"]"}
COMMAND: POST /session/8710bc86126986cf02bb1d50a5f31e3a/elements - {"using":"xpath","value":"//button[@data-kt=\"addButton\"]"}
RESULT: {"using":"xpath","value":"//button[@data-kt=\"addButton\"]"}
COMMAND: POST /session/8710bc86126986cf02bb1d50a5f31e3a/elements - {"using":"xpath","value":"//button[@data-kt=\"addButton\"]"}
RESULT: {"using":"xpath","value":"//button[@data-kt=\"addButton\"]"}
COMMAND: POST /session/8710bc86126986cf02bb1d50a5f31e3a/elements - {"using":"xpath","value":"//button[@data-kt=\"addButton\"]"}
RESULT: {"using":"xpath","value":"//button[@data-kt=\"addButton\"]"}
COMMAND: POST /session/8710bc86126986cf02bb1d50a5f31e3a/elements - {"using":"xpath","value":"//button[@data-kt=\"addButton\"]"}
RESULT: {"using":"xpath","value":"//button[@data-kt=\"addButton\"]"}
COMMAND: POST /session/8710bc86126986cf02bb1d50a5f31e3a/elements - {"using":"xpath","value":"//button[@data-kt=\"addButton\"]"}
RESULT: {"using":"xpath","value":"//button[@data-kt=\"addButton\"]"}
COMMAND: POST /session/8710bc86126986cf02bb1d50a5f31e3a/elements - {"using":"xpath","value":"//button[@data-kt=\"addButton\"]"}
RESULT: {"using":"xpath","value":"//button[@data-kt=\"addButton\"]"}
COMMAND: POST /session/8710bc86126986cf02bb1d50a5f31e3a/elements - {"using":"xpath","value":"//button[@data-kt=\"addButton\"]"}
RESULT: {"using":"xpath","value":"//button[@data-kt=\"addButton\"]"}
COMMAND: POST /session/8710bc86126986cf02bb1d50a5f31e3a/elements - {"using":"xpath","value":"//button[@data-kt=\"addButton\"]"}
RESULT: {"using":"xpath","value":"//button[@data-kt=\"addButton\"]"}
COMMAND: POST /session/8710bc86126986cf02bb1d50a5f31e3a/elements - {"using":"xpath","value":"//button[@data-kt=\"addButton\"]"}
RESULT: {"using":"xpath","value":"//button[@data-kt=\"addButton\"]"}
COMMAND: POST /session/8710bc86126986cf02bb1d50a5f31e3a/elements - {"using":"xpath","value":"//button[@data-kt=\"addButton\"]"}
RESULT: {"using":"xpath","value":"//button[@data-kt=\"addButton\"]"}
COMMAND: POST /session/8710bc86126986cf02bb1d50a5f31e3a/elements - {"using":"xpath","value":"//button[@data-kt=\"addButton\"]"}
RESULT: {"using":"xpath","value":"//button[@data-kt=\"addButton\"]"}
COMMAND: POST /session/8710bc86126986cf02bb1d50a5f31e3a/elements - {"using":"xpath","value":"//button[@data-kt=\"addButton\"]"}
RESULT: {"using":"xpath","value":"//button[@data-kt=\"addButton\"]"}
COMMAND: POST /session/8710bc86126986cf02bb1d50a5f31e3a/elements - {"using":"xpath","value":"//button[@data-kt=\"addButton\"]"}
RESULT: {"using":"xpath","value":"//button[@data-kt=\"addButton\"]"}
COMMAND: POST /session/8710bc86126986cf02bb1d50a5f31e3a/elements - {"using":"xpath","value":"//button[@data-kt=\"addButton\"]"}
RESULT: {"using":"xpath","value":"//button[@data-kt=\"addButton\"]"}
COMMAND: POST /session/8710bc86126986cf02bb1d50a5f31e3a/elements - {"using":"xpath","value":"//button[@data-kt=\"addButton\"]"}
RESULT: {"using":"xpath","value":"//button[@data-kt=\"addButton\"]"}
COMMAND: POST /session/8710bc86126986cf02bb1d50a5f31e3a/elements - {"using":"xpath","value":"//button[@data-kt=\"addButton\"]"}
RESULT: {"using":"xpath","value":"//button[@data-kt=\"addButton\"]"}
COMMAND: POST /session/8710bc86126986cf02bb1d50a5f31e3a/elements - {"using":"xpath","value":"//button[@data-kt=\"addButton\"]"}
RESULT: {"using":"xpath","value":"//button[@data-kt=\"addButton\"]"}
COMMAND: POST /session/8710bc86126986cf02bb1d50a5f31e3a/elements - {"using":"xpath","value":"//button[@data-kt=\"addButton\"]"}
RESULT: {"using":"xpath","value":"//button[@data-kt=\"addButton\"]"}
COMMAND: POST /session/8710bc86126986cf02bb1d50a5f31e3a/elements - {"using":"xpath","value":"//button[@data-kt=\"addButton\"]"}
RESULT: {"using":"xpath","value":"//button[@data-kt=\"addButton\"]"}
COMMAND: POST /session/8710bc86126986cf02bb1d50a5f31e3a/elements - {"using":"xpath","value":"//button[@data-kt=\"addButton\"]"}
RESULT: {"using":"xpath","value":"//button[@data-kt=\"addButton\"]"}
COMMAND: POST /session/8710bc86126986cf02bb1d50a5f31e3a/elements - {"using":"xpath","value":"//button[@data-kt=\"addButton\"]"}
RESULT: {"using":"xpath","value":"//button[@data-kt=\"addButton\"]"}
COMMAND: POST /session/8710bc86126986cf02bb1d50a5f31e3a/elements - {"using":"xpath","value":"//button[@data-kt=\"addButton\"]"}
RESULT: {"using":"xpath","value":"//button[@data-kt=\"addButton\"]"}
COMMAND: POST /session/8710bc86126986cf02bb1d50a5f31e3a/elements - {"using":"xpath","value":"//button[@data-kt=\"addButton\"]"}
RESULT: {"using":"xpath","value":"//button[@data-kt=\"addButton\"]"}
COMMAND: POST /session/8710bc86126986cf02bb1d50a5f31e3a/elements - {"using":"xpath","value":"//button[@data-kt=\"addButton\"]"}
RESULT: {"using":"xpath","value":"//button[@data-kt=\"addButton\"]"}
COMMAND: POST /session/8710bc86126986cf02bb1d50a5f31e3a/elements - {"using":"xpath","value":"//button[@data-kt=\"addButton\"]"}
RESULT: {"using":"xpath","value":"//button[@data-kt=\"addButton\"]"}
COMMAND: POST /session/8710bc86126986cf02bb1d50a5f31e3a/elements - {"using":"xpath","value":"//button[@data-kt=\"addButton\"]"}
RESULT: {"using":"xpath","value":"//button[@data-kt=\"addButton\"]"}
COMMAND: POST /session/8710bc86126986cf02bb1d50a5f31e3a/elements - {"using":"xpath","value":"//button[@data-kt=\"addButton\"]"}
RESULT: {"using":"xpath","value":"//button[@data-kt=\"addButton\"]"}
COMMAND: POST /session/8710bc86126986cf02bb1d50a5f31e3a/elements - {"using":"xpath","value":"//button[@data-kt=\"addButton\"]"}
RESULT: {"using":"xpath","value":"//button[@data-kt=\"addButton\"]"}
COMMAND: POST /session/8710bc86126986cf02bb1d50a5f31e3a/elements - {"using":"xpath","value":"//button[@data-kt=\"addButton\"]"}
RESULT: {"using":"xpath","value":"//button[@data-kt=\"addButton\"]"}
COMMAND: POST /session/8710bc86126986cf02bb1d50a5f31e3a/elements - {"using":"xpath","value":"//button[@data-kt=\"addButton\"]"}
RESULT: {"using":"xpath","value":"//button[@data-kt=\"addButton\"]"}
COMMAND: POST /session/8710bc86126986cf02bb1d50a5f31e3a/elements - {"using":"xpath","value":"//button[@data-kt=\"addButton\"]"}
RESULT: {"using":"xpath","value":"//button[@data-kt=\"addButton\"]"}
COMMAND: POST /session/8710bc86126986cf02bb1d50a5f31e3a/elements - {"using":"xpath","value":"//button[@data-kt=\"addButton\"]"}
RESULT: {"using":"xpath","value":"//button[@data-kt=\"addButton\"]"}
COMMAND: POST /session/8710bc86126986cf02bb1d50a5f31e3a/elements - {"using":"xpath","value":"//button[@data-kt=\"addButton\"]"}
RESULT: {"using":"xpath","value":"//button[@data-kt=\"addButton\"]"}
COMMAND: POST /session/8710bc86126986cf02bb1d50a5f31e3a/elements - {"using":"xpath","value":"//button[@data-kt=\"addButton\"]"}
COMMAND: GET /session/8710bc86126986cf02bb1d50a5f31e3a/screenshot - {}
RESULT: {"using":"xpath","value":"//button[@data-kt=\"addButton\"]"}
RESULT: {}
]]></system-out>
      <system-err><![CDATA[
Error: element ("//button[@data-kt="addButton"]") still not existing after 45000ms
    at async UtilsPrerequisites.contractCreation (D:\a\1\s\test\specs\BTS\prerequisites-and-utils-functions.js:1711:9)
    at async Context.<anonymous> (D:\a\1\s\test\specs\BTS\billing-confirm.spec.js:63:45)
]]></system-err>
    </testcase>
    <testcase classname="chrome.136_0_7103_93.windows.Billing_confirm_US117289" name="Should add created equipment to contract" time="60.532">
      <failure/>
      <error message="Can't call click on element with selector &quot;//button[@data-kt=&quot;contractDetailEditBtnButton&quot;]&quot; because element wasn't found"/>
      <system-out><![CDATA[
COMMAND: POST /session/8710bc86126986cf02bb1d50a5f31e3a/element - {"using":"xpath","value":"//button[@data-kt=\"contractDetailEditBtnButton\"]"}
COMMAND: GET /session/8710bc86126986cf02bb1d50a5f31e3a/screenshot - {}
RESULT: {"using":"xpath","value":"//button[@data-kt=\"contractDetailEditBtnButton\"]"}
COMMAND: POST /session/8710bc86126986cf02bb1d50a5f31e3a/elements - {"using":"xpath","value":"//button[@data-kt=\"contractDetailEditBtnButton\"]"}
RESULT: {}
RESULT: {"using":"xpath","value":"//button[@data-kt=\"contractDetailEditBtnButton\"]"}
COMMAND: POST /session/8710bc86126986cf02bb1d50a5f31e3a/elements - {"using":"xpath","value":"//button[@data-kt=\"contractDetailEditBtnButton\"]"}
RESULT: {"using":"xpath","value":"//button[@data-kt=\"contractDetailEditBtnButton\"]"}
COMMAND: POST /session/8710bc86126986cf02bb1d50a5f31e3a/elements - {"using":"xpath","value":"//button[@data-kt=\"contractDetailEditBtnButton\"]"}
RESULT: {"using":"xpath","value":"//button[@data-kt=\"contractDetailEditBtnButton\"]"}
COMMAND: POST /session/8710bc86126986cf02bb1d50a5f31e3a/elements - {"using":"xpath","value":"//button[@data-kt=\"contractDetailEditBtnButton\"]"}
RESULT: {"using":"xpath","value":"//button[@data-kt=\"contractDetailEditBtnButton\"]"}
COMMAND: POST /session/8710bc86126986cf02bb1d50a5f31e3a/elements - {"using":"xpath","value":"//button[@data-kt=\"contractDetailEditBtnButton\"]"}
RESULT: {"using":"xpath","value":"//button[@data-kt=\"contractDetailEditBtnButton\"]"}
COMMAND: POST /session/8710bc86126986cf02bb1d50a5f31e3a/elements - {"using":"xpath","value":"//button[@data-kt=\"contractDetailEditBtnButton\"]"}
RESULT: {"using":"xpath","value":"//button[@data-kt=\"contractDetailEditBtnButton\"]"}
COMMAND: POST /session/8710bc86126986cf02bb1d50a5f31e3a/elements - {"using":"xpath","value":"//button[@data-kt=\"contractDetailEditBtnButton\"]"}
RESULT: {"using":"xpath","value":"//button[@data-kt=\"contractDetailEditBtnButton\"]"}
COMMAND: POST /session/8710bc86126986cf02bb1d50a5f31e3a/elements - {"using":"xpath","value":"//button[@data-kt=\"contractDetailEditBtnButton\"]"}
RESULT: {"using":"xpath","value":"//button[@data-kt=\"contractDetailEditBtnButton\"]"}
COMMAND: POST /session/8710bc86126986cf02bb1d50a5f31e3a/elements - {"using":"xpath","value":"//button[@data-kt=\"contractDetailEditBtnButton\"]"}
RESULT: {"using":"xpath","value":"//button[@data-kt=\"contractDetailEditBtnButton\"]"}
COMMAND: POST /session/8710bc86126986cf02bb1d50a5f31e3a/elements - {"using":"xpath","value":"//button[@data-kt=\"contractDetailEditBtnButton\"]"}
RESULT: {"using":"xpath","value":"//button[@data-kt=\"contractDetailEditBtnButton\"]"}
COMMAND: POST /session/8710bc86126986cf02bb1d50a5f31e3a/elements - {"using":"xpath","value":"//button[@data-kt=\"contractDetailEditBtnButton\"]"}
RESULT: {"using":"xpath","value":"//button[@data-kt=\"contractDetailEditBtnButton\"]"}
COMMAND: POST /session/8710bc86126986cf02bb1d50a5f31e3a/elements - {"using":"xpath","value":"//button[@data-kt=\"contractDetailEditBtnButton\"]"}
RESULT: {"using":"xpath","value":"//button[@data-kt=\"contractDetailEditBtnButton\"]"}
COMMAND: POST /session/8710bc86126986cf02bb1d50a5f31e3a/elements - {"using":"xpath","value":"//button[@data-kt=\"contractDetailEditBtnButton\"]"}
RESULT: {"using":"xpath","value":"//button[@data-kt=\"contractDetailEditBtnButton\"]"}
COMMAND: POST /session/8710bc86126986cf02bb1d50a5f31e3a/elements - {"using":"xpath","value":"//button[@data-kt=\"contractDetailEditBtnButton\"]"}
RESULT: {"using":"xpath","value":"//button[@data-kt=\"contractDetailEditBtnButton\"]"}
COMMAND: POST /session/8710bc86126986cf02bb1d50a5f31e3a/elements - {"using":"xpath","value":"//button[@data-kt=\"contractDetailEditBtnButton\"]"}
RESULT: {"using":"xpath","value":"//button[@data-kt=\"contractDetailEditBtnButton\"]"}
COMMAND: POST /session/8710bc86126986cf02bb1d50a5f31e3a/elements - {"using":"xpath","value":"//button[@data-kt=\"contractDetailEditBtnButton\"]"}
RESULT: {"using":"xpath","value":"//button[@data-kt=\"contractDetailEditBtnButton\"]"}
COMMAND: POST /session/8710bc86126986cf02bb1d50a5f31e3a/elements - {"using":"xpath","value":"//button[@data-kt=\"contractDetailEditBtnButton\"]"}
RESULT: {"using":"xpath","value":"//button[@data-kt=\"contractDetailEditBtnButton\"]"}
COMMAND: POST /session/8710bc86126986cf02bb1d50a5f31e3a/elements - {"using":"xpath","value":"//button[@data-kt=\"contractDetailEditBtnButton\"]"}
RESULT: {"using":"xpath","value":"//button[@data-kt=\"contractDetailEditBtnButton\"]"}
COMMAND: POST /session/8710bc86126986cf02bb1d50a5f31e3a/elements - {"using":"xpath","value":"//button[@data-kt=\"contractDetailEditBtnButton\"]"}
RESULT: {"using":"xpath","value":"//button[@data-kt=\"contractDetailEditBtnButton\"]"}
COMMAND: POST /session/8710bc86126986cf02bb1d50a5f31e3a/elements - {"using":"xpath","value":"//button[@data-kt=\"contractDetailEditBtnButton\"]"}
RESULT: {"using":"xpath","value":"//button[@data-kt=\"contractDetailEditBtnButton\"]"}
COMMAND: POST /session/8710bc86126986cf02bb1d50a5f31e3a/elements - {"using":"xpath","value":"//button[@data-kt=\"contractDetailEditBtnButton\"]"}
RESULT: {"using":"xpath","value":"//button[@data-kt=\"contractDetailEditBtnButton\"]"}
COMMAND: POST /session/8710bc86126986cf02bb1d50a5f31e3a/elements - {"using":"xpath","value":"//button[@data-kt=\"contractDetailEditBtnButton\"]"}
RESULT: {"using":"xpath","value":"//button[@data-kt=\"contractDetailEditBtnButton\"]"}
COMMAND: POST /session/8710bc86126986cf02bb1d50a5f31e3a/elements - {"using":"xpath","value":"//button[@data-kt=\"contractDetailEditBtnButton\"]"}
RESULT: {"using":"xpath","value":"//button[@data-kt=\"contractDetailEditBtnButton\"]"}
COMMAND: POST /session/8710bc86126986cf02bb1d50a5f31e3a/elements - {"using":"xpath","value":"//button[@data-kt=\"contractDetailEditBtnButton\"]"}
RESULT: {"using":"xpath","value":"//button[@data-kt=\"contractDetailEditBtnButton\"]"}
COMMAND: POST /session/8710bc86126986cf02bb1d50a5f31e3a/elements - {"using":"xpath","value":"//button[@data-kt=\"contractDetailEditBtnButton\"]"}
RESULT: {"using":"xpath","value":"//button[@data-kt=\"contractDetailEditBtnButton\"]"}
COMMAND: POST /session/8710bc86126986cf02bb1d50a5f31e3a/elements - {"using":"xpath","value":"//button[@data-kt=\"contractDetailEditBtnButton\"]"}
RESULT: {"using":"xpath","value":"//button[@data-kt=\"contractDetailEditBtnButton\"]"}
COMMAND: POST /session/8710bc86126986cf02bb1d50a5f31e3a/elements - {"using":"xpath","value":"//button[@data-kt=\"contractDetailEditBtnButton\"]"}
RESULT: {"using":"xpath","value":"//button[@data-kt=\"contractDetailEditBtnButton\"]"}
COMMAND: POST /session/8710bc86126986cf02bb1d50a5f31e3a/elements - {"using":"xpath","value":"//button[@data-kt=\"contractDetailEditBtnButton\"]"}
RESULT: {"using":"xpath","value":"//button[@data-kt=\"contractDetailEditBtnButton\"]"}
COMMAND: POST /session/8710bc86126986cf02bb1d50a5f31e3a/elements - {"using":"xpath","value":"//button[@data-kt=\"contractDetailEditBtnButton\"]"}
RESULT: {"using":"xpath","value":"//button[@data-kt=\"contractDetailEditBtnButton\"]"}
COMMAND: POST /session/8710bc86126986cf02bb1d50a5f31e3a/elements - {"using":"xpath","value":"//button[@data-kt=\"contractDetailEditBtnButton\"]"}
RESULT: {"using":"xpath","value":"//button[@data-kt=\"contractDetailEditBtnButton\"]"}
COMMAND: POST /session/8710bc86126986cf02bb1d50a5f31e3a/elements - {"using":"xpath","value":"//button[@data-kt=\"contractDetailEditBtnButton\"]"}
RESULT: {"using":"xpath","value":"//button[@data-kt=\"contractDetailEditBtnButton\"]"}
COMMAND: POST /session/8710bc86126986cf02bb1d50a5f31e3a/elements - {"using":"xpath","value":"//button[@data-kt=\"contractDetailEditBtnButton\"]"}
RESULT: {"using":"xpath","value":"//button[@data-kt=\"contractDetailEditBtnButton\"]"}
COMMAND: POST /session/8710bc86126986cf02bb1d50a5f31e3a/elements - {"using":"xpath","value":"//button[@data-kt=\"contractDetailEditBtnButton\"]"}
RESULT: {"using":"xpath","value":"//button[@data-kt=\"contractDetailEditBtnButton\"]"}
COMMAND: POST /session/8710bc86126986cf02bb1d50a5f31e3a/elements - {"using":"xpath","value":"//button[@data-kt=\"contractDetailEditBtnButton\"]"}
RESULT: {"using":"xpath","value":"//button[@data-kt=\"contractDetailEditBtnButton\"]"}
COMMAND: POST /session/8710bc86126986cf02bb1d50a5f31e3a/elements - {"using":"xpath","value":"//button[@data-kt=\"contractDetailEditBtnButton\"]"}
RESULT: {"using":"xpath","value":"//button[@data-kt=\"contractDetailEditBtnButton\"]"}
COMMAND: POST /session/8710bc86126986cf02bb1d50a5f31e3a/elements - {"using":"xpath","value":"//button[@data-kt=\"contractDetailEditBtnButton\"]"}
RESULT: {"using":"xpath","value":"//button[@data-kt=\"contractDetailEditBtnButton\"]"}
COMMAND: POST /session/8710bc86126986cf02bb1d50a5f31e3a/elements - {"using":"xpath","value":"//button[@data-kt=\"contractDetailEditBtnButton\"]"}
RESULT: {"using":"xpath","value":"//button[@data-kt=\"contractDetailEditBtnButton\"]"}
COMMAND: POST /session/8710bc86126986cf02bb1d50a5f31e3a/elements - {"using":"xpath","value":"//button[@data-kt=\"contractDetailEditBtnButton\"]"}
RESULT: {"using":"xpath","value":"//button[@data-kt=\"contractDetailEditBtnButton\"]"}
COMMAND: POST /session/8710bc86126986cf02bb1d50a5f31e3a/elements - {"using":"xpath","value":"//button[@data-kt=\"contractDetailEditBtnButton\"]"}
RESULT: {"using":"xpath","value":"//button[@data-kt=\"contractDetailEditBtnButton\"]"}
COMMAND: POST /session/8710bc86126986cf02bb1d50a5f31e3a/elements - {"using":"xpath","value":"//button[@data-kt=\"contractDetailEditBtnButton\"]"}
RESULT: {"using":"xpath","value":"//button[@data-kt=\"contractDetailEditBtnButton\"]"}
COMMAND: POST /session/8710bc86126986cf02bb1d50a5f31e3a/elements - {"using":"xpath","value":"//button[@data-kt=\"contractDetailEditBtnButton\"]"}
RESULT: {"using":"xpath","value":"//button[@data-kt=\"contractDetailEditBtnButton\"]"}
COMMAND: POST /session/8710bc86126986cf02bb1d50a5f31e3a/elements - {"using":"xpath","value":"//button[@data-kt=\"contractDetailEditBtnButton\"]"}
RESULT: {"using":"xpath","value":"//button[@data-kt=\"contractDetailEditBtnButton\"]"}
COMMAND: POST /session/8710bc86126986cf02bb1d50a5f31e3a/elements - {"using":"xpath","value":"//button[@data-kt=\"contractDetailEditBtnButton\"]"}
RESULT: {"using":"xpath","value":"//button[@data-kt=\"contractDetailEditBtnButton\"]"}
COMMAND: POST /session/8710bc86126986cf02bb1d50a5f31e3a/elements - {"using":"xpath","value":"//button[@data-kt=\"contractDetailEditBtnButton\"]"}
RESULT: {"using":"xpath","value":"//button[@data-kt=\"contractDetailEditBtnButton\"]"}
COMMAND: POST /session/8710bc86126986cf02bb1d50a5f31e3a/elements - {"using":"xpath","value":"//button[@data-kt=\"contractDetailEditBtnButton\"]"}
RESULT: {"using":"xpath","value":"//button[@data-kt=\"contractDetailEditBtnButton\"]"}
COMMAND: POST /session/8710bc86126986cf02bb1d50a5f31e3a/elements - {"using":"xpath","value":"//button[@data-kt=\"contractDetailEditBtnButton\"]"}
RESULT: {"using":"xpath","value":"//button[@data-kt=\"contractDetailEditBtnButton\"]"}
COMMAND: POST /session/8710bc86126986cf02bb1d50a5f31e3a/elements - {"using":"xpath","value":"//button[@data-kt=\"contractDetailEditBtnButton\"]"}
RESULT: {"using":"xpath","value":"//button[@data-kt=\"contractDetailEditBtnButton\"]"}
COMMAND: POST /session/8710bc86126986cf02bb1d50a5f31e3a/elements - {"using":"xpath","value":"//button[@data-kt=\"contractDetailEditBtnButton\"]"}
RESULT: {"using":"xpath","value":"//button[@data-kt=\"contractDetailEditBtnButton\"]"}
COMMAND: POST /session/8710bc86126986cf02bb1d50a5f31e3a/elements - {"using":"xpath","value":"//button[@data-kt=\"contractDetailEditBtnButton\"]"}
RESULT: {"using":"xpath","value":"//button[@data-kt=\"contractDetailEditBtnButton\"]"}
COMMAND: POST /session/8710bc86126986cf02bb1d50a5f31e3a/elements - {"using":"xpath","value":"//button[@data-kt=\"contractDetailEditBtnButton\"]"}
RESULT: {"using":"xpath","value":"//button[@data-kt=\"contractDetailEditBtnButton\"]"}
COMMAND: POST /session/8710bc86126986cf02bb1d50a5f31e3a/elements - {"using":"xpath","value":"//button[@data-kt=\"contractDetailEditBtnButton\"]"}
RESULT: {"using":"xpath","value":"//button[@data-kt=\"contractDetailEditBtnButton\"]"}
COMMAND: POST /session/8710bc86126986cf02bb1d50a5f31e3a/elements - {"using":"xpath","value":"//button[@data-kt=\"contractDetailEditBtnButton\"]"}
RESULT: {"using":"xpath","value":"//button[@data-kt=\"contractDetailEditBtnButton\"]"}
COMMAND: POST /session/8710bc86126986cf02bb1d50a5f31e3a/elements - {"using":"xpath","value":"//button[@data-kt=\"contractDetailEditBtnButton\"]"}
RESULT: {"using":"xpath","value":"//button[@data-kt=\"contractDetailEditBtnButton\"]"}
COMMAND: POST /session/8710bc86126986cf02bb1d50a5f31e3a/elements - {"using":"xpath","value":"//button[@data-kt=\"contractDetailEditBtnButton\"]"}
RESULT: {"using":"xpath","value":"//button[@data-kt=\"contractDetailEditBtnButton\"]"}
COMMAND: POST /session/8710bc86126986cf02bb1d50a5f31e3a/elements - {"using":"xpath","value":"//button[@data-kt=\"contractDetailEditBtnButton\"]"}
RESULT: {"using":"xpath","value":"//button[@data-kt=\"contractDetailEditBtnButton\"]"}
COMMAND: POST /session/8710bc86126986cf02bb1d50a5f31e3a/elements - {"using":"xpath","value":"//button[@data-kt=\"contractDetailEditBtnButton\"]"}
RESULT: {"using":"xpath","value":"//button[@data-kt=\"contractDetailEditBtnButton\"]"}
COMMAND: POST /session/8710bc86126986cf02bb1d50a5f31e3a/elements - {"using":"xpath","value":"//button[@data-kt=\"contractDetailEditBtnButton\"]"}
RESULT: {"using":"xpath","value":"//button[@data-kt=\"contractDetailEditBtnButton\"]"}
COMMAND: POST /session/8710bc86126986cf02bb1d50a5f31e3a/elements - {"using":"xpath","value":"//button[@data-kt=\"contractDetailEditBtnButton\"]"}
RESULT: {"using":"xpath","value":"//button[@data-kt=\"contractDetailEditBtnButton\"]"}
COMMAND: POST /session/8710bc86126986cf02bb1d50a5f31e3a/elements - {"using":"xpath","value":"//button[@data-kt=\"contractDetailEditBtnButton\"]"}
RESULT: {"using":"xpath","value":"//button[@data-kt=\"contractDetailEditBtnButton\"]"}
COMMAND: POST /session/8710bc86126986cf02bb1d50a5f31e3a/elements - {"using":"xpath","value":"//button[@data-kt=\"contractDetailEditBtnButton\"]"}
RESULT: {"using":"xpath","value":"//button[@data-kt=\"contractDetailEditBtnButton\"]"}
COMMAND: POST /session/8710bc86126986cf02bb1d50a5f31e3a/elements - {"using":"xpath","value":"//button[@data-kt=\"contractDetailEditBtnButton\"]"}
RESULT: {"using":"xpath","value":"//button[@data-kt=\"contractDetailEditBtnButton\"]"}
COMMAND: POST /session/8710bc86126986cf02bb1d50a5f31e3a/elements - {"using":"xpath","value":"//button[@data-kt=\"contractDetailEditBtnButton\"]"}
RESULT: {"using":"xpath","value":"//button[@data-kt=\"contractDetailEditBtnButton\"]"}
COMMAND: POST /session/8710bc86126986cf02bb1d50a5f31e3a/elements - {"using":"xpath","value":"//button[@data-kt=\"contractDetailEditBtnButton\"]"}
RESULT: {"using":"xpath","value":"//button[@data-kt=\"contractDetailEditBtnButton\"]"}
COMMAND: POST /session/8710bc86126986cf02bb1d50a5f31e3a/elements - {"using":"xpath","value":"//button[@data-kt=\"contractDetailEditBtnButton\"]"}
RESULT: {"using":"xpath","value":"//button[@data-kt=\"contractDetailEditBtnButton\"]"}
COMMAND: POST /session/8710bc86126986cf02bb1d50a5f31e3a/elements - {"using":"xpath","value":"//button[@data-kt=\"contractDetailEditBtnButton\"]"}
RESULT: {"using":"xpath","value":"//button[@data-kt=\"contractDetailEditBtnButton\"]"}
COMMAND: POST /session/8710bc86126986cf02bb1d50a5f31e3a/elements - {"using":"xpath","value":"//button[@data-kt=\"contractDetailEditBtnButton\"]"}
RESULT: {"using":"xpath","value":"//button[@data-kt=\"contractDetailEditBtnButton\"]"}
COMMAND: POST /session/8710bc86126986cf02bb1d50a5f31e3a/elements - {"using":"xpath","value":"//button[@data-kt=\"contractDetailEditBtnButton\"]"}
RESULT: {"using":"xpath","value":"//button[@data-kt=\"contractDetailEditBtnButton\"]"}
COMMAND: POST /session/8710bc86126986cf02bb1d50a5f31e3a/elements - {"using":"xpath","value":"//button[@data-kt=\"contractDetailEditBtnButton\"]"}
RESULT: {"using":"xpath","value":"//button[@data-kt=\"contractDetailEditBtnButton\"]"}
COMMAND: POST /session/8710bc86126986cf02bb1d50a5f31e3a/elements - {"using":"xpath","value":"//button[@data-kt=\"contractDetailEditBtnButton\"]"}
RESULT: {"using":"xpath","value":"//button[@data-kt=\"contractDetailEditBtnButton\"]"}
COMMAND: POST /session/8710bc86126986cf02bb1d50a5f31e3a/elements - {"using":"xpath","value":"//button[@data-kt=\"contractDetailEditBtnButton\"]"}
RESULT: {"using":"xpath","value":"//button[@data-kt=\"contractDetailEditBtnButton\"]"}
COMMAND: POST /session/8710bc86126986cf02bb1d50a5f31e3a/elements - {"using":"xpath","value":"//button[@data-kt=\"contractDetailEditBtnButton\"]"}
RESULT: {"using":"xpath","value":"//button[@data-kt=\"contractDetailEditBtnButton\"]"}
COMMAND: POST /session/8710bc86126986cf02bb1d50a5f31e3a/elements - {"using":"xpath","value":"//button[@data-kt=\"contractDetailEditBtnButton\"]"}
RESULT: {"using":"xpath","value":"//button[@data-kt=\"contractDetailEditBtnButton\"]"}
COMMAND: POST /session/8710bc86126986cf02bb1d50a5f31e3a/elements - {"using":"xpath","value":"//button[@data-kt=\"contractDetailEditBtnButton\"]"}
RESULT: {"using":"xpath","value":"//button[@data-kt=\"contractDetailEditBtnButton\"]"}
COMMAND: POST /session/8710bc86126986cf02bb1d50a5f31e3a/elements - {"using":"xpath","value":"//button[@data-kt=\"contractDetailEditBtnButton\"]"}
RESULT: {"using":"xpath","value":"//button[@data-kt=\"contractDetailEditBtnButton\"]"}
COMMAND: POST /session/8710bc86126986cf02bb1d50a5f31e3a/elements - {"using":"xpath","value":"//button[@data-kt=\"contractDetailEditBtnButton\"]"}
RESULT: {"using":"xpath","value":"//button[@data-kt=\"contractDetailEditBtnButton\"]"}
COMMAND: POST /session/8710bc86126986cf02bb1d50a5f31e3a/elements - {"using":"xpath","value":"//button[@data-kt=\"contractDetailEditBtnButton\"]"}
RESULT: {"using":"xpath","value":"//button[@data-kt=\"contractDetailEditBtnButton\"]"}
COMMAND: POST /session/8710bc86126986cf02bb1d50a5f31e3a/elements - {"using":"xpath","value":"//button[@data-kt=\"contractDetailEditBtnButton\"]"}
RESULT: {"using":"xpath","value":"//button[@data-kt=\"contractDetailEditBtnButton\"]"}
COMMAND: POST /session/8710bc86126986cf02bb1d50a5f31e3a/elements - {"using":"xpath","value":"//button[@data-kt=\"contractDetailEditBtnButton\"]"}
RESULT: {"using":"xpath","value":"//button[@data-kt=\"contractDetailEditBtnButton\"]"}
COMMAND: POST /session/8710bc86126986cf02bb1d50a5f31e3a/elements - {"using":"xpath","value":"//button[@data-kt=\"contractDetailEditBtnButton\"]"}
RESULT: {"using":"xpath","value":"//button[@data-kt=\"contractDetailEditBtnButton\"]"}
COMMAND: POST /session/8710bc86126986cf02bb1d50a5f31e3a/elements - {"using":"xpath","value":"//button[@data-kt=\"contractDetailEditBtnButton\"]"}
RESULT: {"using":"xpath","value":"//button[@data-kt=\"contractDetailEditBtnButton\"]"}
COMMAND: POST /session/8710bc86126986cf02bb1d50a5f31e3a/elements - {"using":"xpath","value":"//button[@data-kt=\"contractDetailEditBtnButton\"]"}
RESULT: {"using":"xpath","value":"//button[@data-kt=\"contractDetailEditBtnButton\"]"}
COMMAND: POST /session/8710bc86126986cf02bb1d50a5f31e3a/elements - {"using":"xpath","value":"//button[@data-kt=\"contractDetailEditBtnButton\"]"}
RESULT: {"using":"xpath","value":"//button[@data-kt=\"contractDetailEditBtnButton\"]"}
COMMAND: POST /session/8710bc86126986cf02bb1d50a5f31e3a/elements - {"using":"xpath","value":"//button[@data-kt=\"contractDetailEditBtnButton\"]"}
RESULT: {"using":"xpath","value":"//button[@data-kt=\"contractDetailEditBtnButton\"]"}
COMMAND: POST /session/8710bc86126986cf02bb1d50a5f31e3a/elements - {"using":"xpath","value":"//button[@data-kt=\"contractDetailEditBtnButton\"]"}
RESULT: {"using":"xpath","value":"//button[@data-kt=\"contractDetailEditBtnButton\"]"}
COMMAND: POST /session/8710bc86126986cf02bb1d50a5f31e3a/elements - {"using":"xpath","value":"//button[@data-kt=\"contractDetailEditBtnButton\"]"}
RESULT: {"using":"xpath","value":"//button[@data-kt=\"contractDetailEditBtnButton\"]"}
COMMAND: POST /session/8710bc86126986cf02bb1d50a5f31e3a/elements - {"using":"xpath","value":"//button[@data-kt=\"contractDetailEditBtnButton\"]"}
RESULT: {"using":"xpath","value":"//button[@data-kt=\"contractDetailEditBtnButton\"]"}
COMMAND: POST /session/8710bc86126986cf02bb1d50a5f31e3a/elements - {"using":"xpath","value":"//button[@data-kt=\"contractDetailEditBtnButton\"]"}
RESULT: {"using":"xpath","value":"//button[@data-kt=\"contractDetailEditBtnButton\"]"}
COMMAND: POST /session/8710bc86126986cf02bb1d50a5f31e3a/elements - {"using":"xpath","value":"//button[@data-kt=\"contractDetailEditBtnButton\"]"}
RESULT: {"using":"xpath","value":"//button[@data-kt=\"contractDetailEditBtnButton\"]"}
COMMAND: POST /session/8710bc86126986cf02bb1d50a5f31e3a/elements - {"using":"xpath","value":"//button[@data-kt=\"contractDetailEditBtnButton\"]"}
RESULT: {"using":"xpath","value":"//button[@data-kt=\"contractDetailEditBtnButton\"]"}
COMMAND: POST /session/8710bc86126986cf02bb1d50a5f31e3a/elements - {"using":"xpath","value":"//button[@data-kt=\"contractDetailEditBtnButton\"]"}
RESULT: {"using":"xpath","value":"//button[@data-kt=\"contractDetailEditBtnButton\"]"}
COMMAND: POST /session/8710bc86126986cf02bb1d50a5f31e3a/elements - {"using":"xpath","value":"//button[@data-kt=\"contractDetailEditBtnButton\"]"}
RESULT: {"using":"xpath","value":"//button[@data-kt=\"contractDetailEditBtnButton\"]"}
COMMAND: POST /session/8710bc86126986cf02bb1d50a5f31e3a/elements - {"using":"xpath","value":"//button[@data-kt=\"contractDetailEditBtnButton\"]"}
RESULT: {"using":"xpath","value":"//button[@data-kt=\"contractDetailEditBtnButton\"]"}
COMMAND: POST /session/8710bc86126986cf02bb1d50a5f31e3a/elements - {"using":"xpath","value":"//button[@data-kt=\"contractDetailEditBtnButton\"]"}
RESULT: {"using":"xpath","value":"//button[@data-kt=\"contractDetailEditBtnButton\"]"}
COMMAND: POST /session/8710bc86126986cf02bb1d50a5f31e3a/elements - {"using":"xpath","value":"//button[@data-kt=\"contractDetailEditBtnButton\"]"}
RESULT: {"using":"xpath","value":"//button[@data-kt=\"contractDetailEditBtnButton\"]"}
COMMAND: POST /session/8710bc86126986cf02bb1d50a5f31e3a/elements - {"using":"xpath","value":"//button[@data-kt=\"contractDetailEditBtnButton\"]"}
RESULT: {"using":"xpath","value":"//button[@data-kt=\"contractDetailEditBtnButton\"]"}
COMMAND: POST /session/8710bc86126986cf02bb1d50a5f31e3a/elements - {"using":"xpath","value":"//button[@data-kt=\"contractDetailEditBtnButton\"]"}
RESULT: {"using":"xpath","value":"//button[@data-kt=\"contractDetailEditBtnButton\"]"}
COMMAND: POST /session/8710bc86126986cf02bb1d50a5f31e3a/elements - {"using":"xpath","value":"//button[@data-kt=\"contractDetailEditBtnButton\"]"}
RESULT: {"using":"xpath","value":"//button[@data-kt=\"contractDetailEditBtnButton\"]"}
COMMAND: POST /session/8710bc86126986cf02bb1d50a5f31e3a/elements - {"using":"xpath","value":"//button[@data-kt=\"contractDetailEditBtnButton\"]"}
RESULT: {"using":"xpath","value":"//button[@data-kt=\"contractDetailEditBtnButton\"]"}
COMMAND: POST /session/8710bc86126986cf02bb1d50a5f31e3a/elements - {"using":"xpath","value":"//button[@data-kt=\"contractDetailEditBtnButton\"]"}
RESULT: {"using":"xpath","value":"//button[@data-kt=\"contractDetailEditBtnButton\"]"}
COMMAND: POST /session/8710bc86126986cf02bb1d50a5f31e3a/elements - {"using":"xpath","value":"//button[@data-kt=\"contractDetailEditBtnButton\"]"}
RESULT: {"using":"xpath","value":"//button[@data-kt=\"contractDetailEditBtnButton\"]"}
COMMAND: POST /session/8710bc86126986cf02bb1d50a5f31e3a/elements - {"using":"xpath","value":"//button[@data-kt=\"contractDetailEditBtnButton\"]"}
RESULT: {"using":"xpath","value":"//button[@data-kt=\"contractDetailEditBtnButton\"]"}
COMMAND: POST /session/8710bc86126986cf02bb1d50a5f31e3a/elements - {"using":"xpath","value":"//button[@data-kt=\"contractDetailEditBtnButton\"]"}
RESULT: {"using":"xpath","value":"//button[@data-kt=\"contractDetailEditBtnButton\"]"}
COMMAND: POST /session/8710bc86126986cf02bb1d50a5f31e3a/elements - {"using":"xpath","value":"//button[@data-kt=\"contractDetailEditBtnButton\"]"}
RESULT: {"using":"xpath","value":"//button[@data-kt=\"contractDetailEditBtnButton\"]"}
COMMAND: POST /session/8710bc86126986cf02bb1d50a5f31e3a/elements - {"using":"xpath","value":"//button[@data-kt=\"contractDetailEditBtnButton\"]"}
RESULT: {"using":"xpath","value":"//button[@data-kt=\"contractDetailEditBtnButton\"]"}
COMMAND: POST /session/8710bc86126986cf02bb1d50a5f31e3a/elements - {"using":"xpath","value":"//button[@data-kt=\"contractDetailEditBtnButton\"]"}
RESULT: {"using":"xpath","value":"//button[@data-kt=\"contractDetailEditBtnButton\"]"}
COMMAND: POST /session/8710bc86126986cf02bb1d50a5f31e3a/elements - {"using":"xpath","value":"//button[@data-kt=\"contractDetailEditBtnButton\"]"}
RESULT: {"using":"xpath","value":"//button[@data-kt=\"contractDetailEditBtnButton\"]"}
COMMAND: POST /session/8710bc86126986cf02bb1d50a5f31e3a/elements - {"using":"xpath","value":"//button[@data-kt=\"contractDetailEditBtnButton\"]"}
RESULT: {"using":"xpath","value":"//button[@data-kt=\"contractDetailEditBtnButton\"]"}
COMMAND: POST /session/8710bc86126986cf02bb1d50a5f31e3a/elements - {"using":"xpath","value":"//button[@data-kt=\"contractDetailEditBtnButton\"]"}
RESULT: {"using":"xpath","value":"//button[@data-kt=\"contractDetailEditBtnButton\"]"}
COMMAND: POST /session/8710bc86126986cf02bb1d50a5f31e3a/elements - {"using":"xpath","value":"//button[@data-kt=\"contractDetailEditBtnButton\"]"}
RESULT: {"using":"xpath","value":"//button[@data-kt=\"contractDetailEditBtnButton\"]"}
COMMAND: POST /session/8710bc86126986cf02bb1d50a5f31e3a/elements - {"using":"xpath","value":"//button[@data-kt=\"contractDetailEditBtnButton\"]"}
RESULT: {"using":"xpath","value":"//button[@data-kt=\"contractDetailEditBtnButton\"]"}
COMMAND: POST /session/8710bc86126986cf02bb1d50a5f31e3a/elements - {"using":"xpath","value":"//button[@data-kt=\"contractDetailEditBtnButton\"]"}
RESULT: {"using":"xpath","value":"//button[@data-kt=\"contractDetailEditBtnButton\"]"}
COMMAND: POST /session/8710bc86126986cf02bb1d50a5f31e3a/elements - {"using":"xpath","value":"//button[@data-kt=\"contractDetailEditBtnButton\"]"}
RESULT: {"using":"xpath","value":"//button[@data-kt=\"contractDetailEditBtnButton\"]"}
COMMAND: POST /session/8710bc86126986cf02bb1d50a5f31e3a/elements - {"using":"xpath","value":"//button[@data-kt=\"contractDetailEditBtnButton\"]"}
RESULT: {"using":"xpath","value":"//button[@data-kt=\"contractDetailEditBtnButton\"]"}
COMMAND: POST /session/8710bc86126986cf02bb1d50a5f31e3a/elements - {"using":"xpath","value":"//button[@data-kt=\"contractDetailEditBtnButton\"]"}
RESULT: {"using":"xpath","value":"//button[@data-kt=\"contractDetailEditBtnButton\"]"}
COMMAND: POST /session/8710bc86126986cf02bb1d50a5f31e3a/elements - {"using":"xpath","value":"//button[@data-kt=\"contractDetailEditBtnButton\"]"}
RESULT: {"using":"xpath","value":"//button[@data-kt=\"contractDetailEditBtnButton\"]"}
COMMAND: POST /session/8710bc86126986cf02bb1d50a5f31e3a/elements - {"using":"xpath","value":"//button[@data-kt=\"contractDetailEditBtnButton\"]"}
RESULT: {"using":"xpath","value":"//button[@data-kt=\"contractDetailEditBtnButton\"]"}
COMMAND: POST /session/8710bc86126986cf02bb1d50a5f31e3a/elements - {"using":"xpath","value":"//button[@data-kt=\"contractDetailEditBtnButton\"]"}
RESULT: {"using":"xpath","value":"//button[@data-kt=\"contractDetailEditBtnButton\"]"}
COMMAND: POST /session/8710bc86126986cf02bb1d50a5f31e3a/elements - {"using":"xpath","value":"//button[@data-kt=\"contractDetailEditBtnButton\"]"}
RESULT: {"using":"xpath","value":"//button[@data-kt=\"contractDetailEditBtnButton\"]"}
COMMAND: POST /session/8710bc86126986cf02bb1d50a5f31e3a/elements - {"using":"xpath","value":"//button[@data-kt=\"contractDetailEditBtnButton\"]"}
RESULT: {"using":"xpath","value":"//button[@data-kt=\"contractDetailEditBtnButton\"]"}
COMMAND: POST /session/8710bc86126986cf02bb1d50a5f31e3a/elements - {"using":"xpath","value":"//button[@data-kt=\"contractDetailEditBtnButton\"]"}
RESULT: {"using":"xpath","value":"//button[@data-kt=\"contractDetailEditBtnButton\"]"}
COMMAND: POST /session/8710bc86126986cf02bb1d50a5f31e3a/elements - {"using":"xpath","value":"//button[@data-kt=\"contractDetailEditBtnButton\"]"}
RESULT: {"using":"xpath","value":"//button[@data-kt=\"contractDetailEditBtnButton\"]"}
COMMAND: GET /session/8710bc86126986cf02bb1d50a5f31e3a/screenshot - {}
RESULT: {}
]]></system-out>
      <system-err><![CDATA[
Error: Can't call click on element with selector "//button[@data-kt="contractDetailEditBtnButton"]" because element wasn't found
    at async UtilsPrerequisites.addItemToContract (D:\a\1\s\test\specs\BTS\prerequisites-and-utils-functions.js:1822:9)
    at async Context.<anonymous> (D:\a\1\s\test\specs\BTS\billing-confirm.spec.js:67:9)
]]></system-err>
    </testcase>
    <testcase classname="chrome.136_0_7103_93.windows.Billing_confirm_US117289" name="Should do a provide to site handover" time="61.019">
      <failure/>
      <error message="Can't call click on element with selector &quot;//button[@data-kt=&quot;provideButton&quot;]&quot; because element wasn't found"/>
      <system-out><![CDATA[
COMMAND: GET /session/8710bc86126986cf02bb1d50a5f31e3a/screenshot - {}
COMMAND: POST /session/8710bc86126986cf02bb1d50a5f31e3a/element - {"using":"xpath","value":"//button[@data-kt=\"provideButton\"]"}
RESULT: {}
RESULT: {"using":"xpath","value":"//button[@data-kt=\"provideButton\"]"}
COMMAND: POST /session/8710bc86126986cf02bb1d50a5f31e3a/elements - {"using":"xpath","value":"//button[@data-kt=\"provideButton\"]"}
RESULT: {"using":"xpath","value":"//button[@data-kt=\"provideButton\"]"}
COMMAND: POST /session/8710bc86126986cf02bb1d50a5f31e3a/elements - {"using":"xpath","value":"//button[@data-kt=\"provideButton\"]"}
RESULT: {"using":"xpath","value":"//button[@data-kt=\"provideButton\"]"}
COMMAND: POST /session/8710bc86126986cf02bb1d50a5f31e3a/elements - {"using":"xpath","value":"//button[@data-kt=\"provideButton\"]"}
RESULT: {"using":"xpath","value":"//button[@data-kt=\"provideButton\"]"}
COMMAND: POST /session/8710bc86126986cf02bb1d50a5f31e3a/elements - {"using":"xpath","value":"//button[@data-kt=\"provideButton\"]"}
RESULT: {"using":"xpath","value":"//button[@data-kt=\"provideButton\"]"}
COMMAND: POST /session/8710bc86126986cf02bb1d50a5f31e3a/elements - {"using":"xpath","value":"//button[@data-kt=\"provideButton\"]"}
RESULT: {"using":"xpath","value":"//button[@data-kt=\"provideButton\"]"}
COMMAND: POST /session/8710bc86126986cf02bb1d50a5f31e3a/elements - {"using":"xpath","value":"//button[@data-kt=\"provideButton\"]"}
RESULT: {"using":"xpath","value":"//button[@data-kt=\"provideButton\"]"}
COMMAND: POST /session/8710bc86126986cf02bb1d50a5f31e3a/elements - {"using":"xpath","value":"//button[@data-kt=\"provideButton\"]"}
RESULT: {"using":"xpath","value":"//button[@data-kt=\"provideButton\"]"}
COMMAND: POST /session/8710bc86126986cf02bb1d50a5f31e3a/elements - {"using":"xpath","value":"//button[@data-kt=\"provideButton\"]"}
RESULT: {"using":"xpath","value":"//button[@data-kt=\"provideButton\"]"}
COMMAND: POST /session/8710bc86126986cf02bb1d50a5f31e3a/elements - {"using":"xpath","value":"//button[@data-kt=\"provideButton\"]"}
RESULT: {"using":"xpath","value":"//button[@data-kt=\"provideButton\"]"}
COMMAND: POST /session/8710bc86126986cf02bb1d50a5f31e3a/elements - {"using":"xpath","value":"//button[@data-kt=\"provideButton\"]"}
RESULT: {"using":"xpath","value":"//button[@data-kt=\"provideButton\"]"}
COMMAND: POST /session/8710bc86126986cf02bb1d50a5f31e3a/elements - {"using":"xpath","value":"//button[@data-kt=\"provideButton\"]"}
RESULT: {"using":"xpath","value":"//button[@data-kt=\"provideButton\"]"}
COMMAND: POST /session/8710bc86126986cf02bb1d50a5f31e3a/elements - {"using":"xpath","value":"//button[@data-kt=\"provideButton\"]"}
RESULT: {"using":"xpath","value":"//button[@data-kt=\"provideButton\"]"}
COMMAND: POST /session/8710bc86126986cf02bb1d50a5f31e3a/elements - {"using":"xpath","value":"//button[@data-kt=\"provideButton\"]"}
RESULT: {"using":"xpath","value":"//button[@data-kt=\"provideButton\"]"}
COMMAND: POST /session/8710bc86126986cf02bb1d50a5f31e3a/elements - {"using":"xpath","value":"//button[@data-kt=\"provideButton\"]"}
RESULT: {"using":"xpath","value":"//button[@data-kt=\"provideButton\"]"}
COMMAND: POST /session/8710bc86126986cf02bb1d50a5f31e3a/elements - {"using":"xpath","value":"//button[@data-kt=\"provideButton\"]"}
RESULT: {"using":"xpath","value":"//button[@data-kt=\"provideButton\"]"}
COMMAND: POST /session/8710bc86126986cf02bb1d50a5f31e3a/elements - {"using":"xpath","value":"//button[@data-kt=\"provideButton\"]"}
RESULT: {"using":"xpath","value":"//button[@data-kt=\"provideButton\"]"}
COMMAND: POST /session/8710bc86126986cf02bb1d50a5f31e3a/elements - {"using":"xpath","value":"//button[@data-kt=\"provideButton\"]"}
RESULT: {"using":"xpath","value":"//button[@data-kt=\"provideButton\"]"}
COMMAND: POST /session/8710bc86126986cf02bb1d50a5f31e3a/elements - {"using":"xpath","value":"//button[@data-kt=\"provideButton\"]"}
RESULT: {"using":"xpath","value":"//button[@data-kt=\"provideButton\"]"}
COMMAND: POST /session/8710bc86126986cf02bb1d50a5f31e3a/elements - {"using":"xpath","value":"//button[@data-kt=\"provideButton\"]"}
RESULT: {"using":"xpath","value":"//button[@data-kt=\"provideButton\"]"}
COMMAND: POST /session/8710bc86126986cf02bb1d50a5f31e3a/elements - {"using":"xpath","value":"//button[@data-kt=\"provideButton\"]"}
RESULT: {"using":"xpath","value":"//button[@data-kt=\"provideButton\"]"}
COMMAND: POST /session/8710bc86126986cf02bb1d50a5f31e3a/elements - {"using":"xpath","value":"//button[@data-kt=\"provideButton\"]"}
RESULT: {"using":"xpath","value":"//button[@data-kt=\"provideButton\"]"}
COMMAND: POST /session/8710bc86126986cf02bb1d50a5f31e3a/elements - {"using":"xpath","value":"//button[@data-kt=\"provideButton\"]"}
RESULT: {"using":"xpath","value":"//button[@data-kt=\"provideButton\"]"}
COMMAND: POST /session/8710bc86126986cf02bb1d50a5f31e3a/elements - {"using":"xpath","value":"//button[@data-kt=\"provideButton\"]"}
RESULT: {"using":"xpath","value":"//button[@data-kt=\"provideButton\"]"}
COMMAND: POST /session/8710bc86126986cf02bb1d50a5f31e3a/elements - {"using":"xpath","value":"//button[@data-kt=\"provideButton\"]"}
RESULT: {"using":"xpath","value":"//button[@data-kt=\"provideButton\"]"}
COMMAND: POST /session/8710bc86126986cf02bb1d50a5f31e3a/elements - {"using":"xpath","value":"//button[@data-kt=\"provideButton\"]"}
RESULT: {"using":"xpath","value":"//button[@data-kt=\"provideButton\"]"}
COMMAND: POST /session/8710bc86126986cf02bb1d50a5f31e3a/elements - {"using":"xpath","value":"//button[@data-kt=\"provideButton\"]"}
RESULT: {"using":"xpath","value":"//button[@data-kt=\"provideButton\"]"}
COMMAND: POST /session/8710bc86126986cf02bb1d50a5f31e3a/elements - {"using":"xpath","value":"//button[@data-kt=\"provideButton\"]"}
RESULT: {"using":"xpath","value":"//button[@data-kt=\"provideButton\"]"}
COMMAND: POST /session/8710bc86126986cf02bb1d50a5f31e3a/elements - {"using":"xpath","value":"//button[@data-kt=\"provideButton\"]"}
RESULT: {"using":"xpath","value":"//button[@data-kt=\"provideButton\"]"}
COMMAND: POST /session/8710bc86126986cf02bb1d50a5f31e3a/elements - {"using":"xpath","value":"//button[@data-kt=\"provideButton\"]"}
RESULT: {"using":"xpath","value":"//button[@data-kt=\"provideButton\"]"}
COMMAND: POST /session/8710bc86126986cf02bb1d50a5f31e3a/elements - {"using":"xpath","value":"//button[@data-kt=\"provideButton\"]"}
RESULT: {"using":"xpath","value":"//button[@data-kt=\"provideButton\"]"}
COMMAND: POST /session/8710bc86126986cf02bb1d50a5f31e3a/elements - {"using":"xpath","value":"//button[@data-kt=\"provideButton\"]"}
RESULT: {"using":"xpath","value":"//button[@data-kt=\"provideButton\"]"}
COMMAND: POST /session/8710bc86126986cf02bb1d50a5f31e3a/elements - {"using":"xpath","value":"//button[@data-kt=\"provideButton\"]"}
RESULT: {"using":"xpath","value":"//button[@data-kt=\"provideButton\"]"}
COMMAND: POST /session/8710bc86126986cf02bb1d50a5f31e3a/elements - {"using":"xpath","value":"//button[@data-kt=\"provideButton\"]"}
RESULT: {"using":"xpath","value":"//button[@data-kt=\"provideButton\"]"}
COMMAND: POST /session/8710bc86126986cf02bb1d50a5f31e3a/elements - {"using":"xpath","value":"//button[@data-kt=\"provideButton\"]"}
RESULT: {"using":"xpath","value":"//button[@data-kt=\"provideButton\"]"}
COMMAND: POST /session/8710bc86126986cf02bb1d50a5f31e3a/elements - {"using":"xpath","value":"//button[@data-kt=\"provideButton\"]"}
RESULT: {"using":"xpath","value":"//button[@data-kt=\"provideButton\"]"}
COMMAND: POST /session/8710bc86126986cf02bb1d50a5f31e3a/elements - {"using":"xpath","value":"//button[@data-kt=\"provideButton\"]"}
RESULT: {"using":"xpath","value":"//button[@data-kt=\"provideButton\"]"}
COMMAND: POST /session/8710bc86126986cf02bb1d50a5f31e3a/elements - {"using":"xpath","value":"//button[@data-kt=\"provideButton\"]"}
RESULT: {"using":"xpath","value":"//button[@data-kt=\"provideButton\"]"}
COMMAND: POST /session/8710bc86126986cf02bb1d50a5f31e3a/elements - {"using":"xpath","value":"//button[@data-kt=\"provideButton\"]"}
RESULT: {"using":"xpath","value":"//button[@data-kt=\"provideButton\"]"}
COMMAND: POST /session/8710bc86126986cf02bb1d50a5f31e3a/elements - {"using":"xpath","value":"//button[@data-kt=\"provideButton\"]"}
RESULT: {"using":"xpath","value":"//button[@data-kt=\"provideButton\"]"}
COMMAND: POST /session/8710bc86126986cf02bb1d50a5f31e3a/elements - {"using":"xpath","value":"//button[@data-kt=\"provideButton\"]"}
RESULT: {"using":"xpath","value":"//button[@data-kt=\"provideButton\"]"}
COMMAND: POST /session/8710bc86126986cf02bb1d50a5f31e3a/elements - {"using":"xpath","value":"//button[@data-kt=\"provideButton\"]"}
RESULT: {"using":"xpath","value":"//button[@data-kt=\"provideButton\"]"}
COMMAND: POST /session/8710bc86126986cf02bb1d50a5f31e3a/elements - {"using":"xpath","value":"//button[@data-kt=\"provideButton\"]"}
RESULT: {"using":"xpath","value":"//button[@data-kt=\"provideButton\"]"}
COMMAND: POST /session/8710bc86126986cf02bb1d50a5f31e3a/elements - {"using":"xpath","value":"//button[@data-kt=\"provideButton\"]"}
RESULT: {"using":"xpath","value":"//button[@data-kt=\"provideButton\"]"}
COMMAND: POST /session/8710bc86126986cf02bb1d50a5f31e3a/elements - {"using":"xpath","value":"//button[@data-kt=\"provideButton\"]"}
RESULT: {"using":"xpath","value":"//button[@data-kt=\"provideButton\"]"}
COMMAND: POST /session/8710bc86126986cf02bb1d50a5f31e3a/elements - {"using":"xpath","value":"//button[@data-kt=\"provideButton\"]"}
RESULT: {"using":"xpath","value":"//button[@data-kt=\"provideButton\"]"}
COMMAND: POST /session/8710bc86126986cf02bb1d50a5f31e3a/elements - {"using":"xpath","value":"//button[@data-kt=\"provideButton\"]"}
RESULT: {"using":"xpath","value":"//button[@data-kt=\"provideButton\"]"}
COMMAND: POST /session/8710bc86126986cf02bb1d50a5f31e3a/elements - {"using":"xpath","value":"//button[@data-kt=\"provideButton\"]"}
RESULT: {"using":"xpath","value":"//button[@data-kt=\"provideButton\"]"}
COMMAND: POST /session/8710bc86126986cf02bb1d50a5f31e3a/elements - {"using":"xpath","value":"//button[@data-kt=\"provideButton\"]"}
RESULT: {"using":"xpath","value":"//button[@data-kt=\"provideButton\"]"}
COMMAND: POST /session/8710bc86126986cf02bb1d50a5f31e3a/elements - {"using":"xpath","value":"//button[@data-kt=\"provideButton\"]"}
RESULT: {"using":"xpath","value":"//button[@data-kt=\"provideButton\"]"}
COMMAND: POST /session/8710bc86126986cf02bb1d50a5f31e3a/elements - {"using":"xpath","value":"//button[@data-kt=\"provideButton\"]"}
RESULT: {"using":"xpath","value":"//button[@data-kt=\"provideButton\"]"}
COMMAND: POST /session/8710bc86126986cf02bb1d50a5f31e3a/elements - {"using":"xpath","value":"//button[@data-kt=\"provideButton\"]"}
RESULT: {"using":"xpath","value":"//button[@data-kt=\"provideButton\"]"}
COMMAND: POST /session/8710bc86126986cf02bb1d50a5f31e3a/elements - {"using":"xpath","value":"//button[@data-kt=\"provideButton\"]"}
RESULT: {"using":"xpath","value":"//button[@data-kt=\"provideButton\"]"}
COMMAND: POST /session/8710bc86126986cf02bb1d50a5f31e3a/elements - {"using":"xpath","value":"//button[@data-kt=\"provideButton\"]"}
RESULT: {"using":"xpath","value":"//button[@data-kt=\"provideButton\"]"}
COMMAND: POST /session/8710bc86126986cf02bb1d50a5f31e3a/elements - {"using":"xpath","value":"//button[@data-kt=\"provideButton\"]"}
RESULT: {"using":"xpath","value":"//button[@data-kt=\"provideButton\"]"}
COMMAND: POST /session/8710bc86126986cf02bb1d50a5f31e3a/elements - {"using":"xpath","value":"//button[@data-kt=\"provideButton\"]"}
RESULT: {"using":"xpath","value":"//button[@data-kt=\"provideButton\"]"}
COMMAND: POST /session/8710bc86126986cf02bb1d50a5f31e3a/elements - {"using":"xpath","value":"//button[@data-kt=\"provideButton\"]"}
RESULT: {"using":"xpath","value":"//button[@data-kt=\"provideButton\"]"}
COMMAND: POST /session/8710bc86126986cf02bb1d50a5f31e3a/elements - {"using":"xpath","value":"//button[@data-kt=\"provideButton\"]"}
RESULT: {"using":"xpath","value":"//button[@data-kt=\"provideButton\"]"}
COMMAND: POST /session/8710bc86126986cf02bb1d50a5f31e3a/elements - {"using":"xpath","value":"//button[@data-kt=\"provideButton\"]"}
RESULT: {"using":"xpath","value":"//button[@data-kt=\"provideButton\"]"}
COMMAND: POST /session/8710bc86126986cf02bb1d50a5f31e3a/elements - {"using":"xpath","value":"//button[@data-kt=\"provideButton\"]"}
RESULT: {"using":"xpath","value":"//button[@data-kt=\"provideButton\"]"}
COMMAND: POST /session/8710bc86126986cf02bb1d50a5f31e3a/elements - {"using":"xpath","value":"//button[@data-kt=\"provideButton\"]"}
RESULT: {"using":"xpath","value":"//button[@data-kt=\"provideButton\"]"}
COMMAND: POST /session/8710bc86126986cf02bb1d50a5f31e3a/elements - {"using":"xpath","value":"//button[@data-kt=\"provideButton\"]"}
RESULT: {"using":"xpath","value":"//button[@data-kt=\"provideButton\"]"}
COMMAND: POST /session/8710bc86126986cf02bb1d50a5f31e3a/elements - {"using":"xpath","value":"//button[@data-kt=\"provideButton\"]"}
RESULT: {"using":"xpath","value":"//button[@data-kt=\"provideButton\"]"}
COMMAND: POST /session/8710bc86126986cf02bb1d50a5f31e3a/elements - {"using":"xpath","value":"//button[@data-kt=\"provideButton\"]"}
RESULT: {"using":"xpath","value":"//button[@data-kt=\"provideButton\"]"}
COMMAND: POST /session/8710bc86126986cf02bb1d50a5f31e3a/elements - {"using":"xpath","value":"//button[@data-kt=\"provideButton\"]"}
RESULT: {"using":"xpath","value":"//button[@data-kt=\"provideButton\"]"}
COMMAND: POST /session/8710bc86126986cf02bb1d50a5f31e3a/elements - {"using":"xpath","value":"//button[@data-kt=\"provideButton\"]"}
RESULT: {"using":"xpath","value":"//button[@data-kt=\"provideButton\"]"}
COMMAND: POST /session/8710bc86126986cf02bb1d50a5f31e3a/elements - {"using":"xpath","value":"//button[@data-kt=\"provideButton\"]"}
RESULT: {"using":"xpath","value":"//button[@data-kt=\"provideButton\"]"}
COMMAND: POST /session/8710bc86126986cf02bb1d50a5f31e3a/elements - {"using":"xpath","value":"//button[@data-kt=\"provideButton\"]"}
RESULT: {"using":"xpath","value":"//button[@data-kt=\"provideButton\"]"}
COMMAND: POST /session/8710bc86126986cf02bb1d50a5f31e3a/elements - {"using":"xpath","value":"//button[@data-kt=\"provideButton\"]"}
RESULT: {"using":"xpath","value":"//button[@data-kt=\"provideButton\"]"}
COMMAND: POST /session/8710bc86126986cf02bb1d50a5f31e3a/elements - {"using":"xpath","value":"//button[@data-kt=\"provideButton\"]"}
RESULT: {"using":"xpath","value":"//button[@data-kt=\"provideButton\"]"}
COMMAND: POST /session/8710bc86126986cf02bb1d50a5f31e3a/elements - {"using":"xpath","value":"//button[@data-kt=\"provideButton\"]"}
RESULT: {"using":"xpath","value":"//button[@data-kt=\"provideButton\"]"}
COMMAND: POST /session/8710bc86126986cf02bb1d50a5f31e3a/elements - {"using":"xpath","value":"//button[@data-kt=\"provideButton\"]"}
RESULT: {"using":"xpath","value":"//button[@data-kt=\"provideButton\"]"}
COMMAND: POST /session/8710bc86126986cf02bb1d50a5f31e3a/elements - {"using":"xpath","value":"//button[@data-kt=\"provideButton\"]"}
RESULT: {"using":"xpath","value":"//button[@data-kt=\"provideButton\"]"}
COMMAND: POST /session/8710bc86126986cf02bb1d50a5f31e3a/elements - {"using":"xpath","value":"//button[@data-kt=\"provideButton\"]"}
RESULT: {"using":"xpath","value":"//button[@data-kt=\"provideButton\"]"}
COMMAND: POST /session/8710bc86126986cf02bb1d50a5f31e3a/elements - {"using":"xpath","value":"//button[@data-kt=\"provideButton\"]"}
RESULT: {"using":"xpath","value":"//button[@data-kt=\"provideButton\"]"}
COMMAND: POST /session/8710bc86126986cf02bb1d50a5f31e3a/elements - {"using":"xpath","value":"//button[@data-kt=\"provideButton\"]"}
RESULT: {"using":"xpath","value":"//button[@data-kt=\"provideButton\"]"}
COMMAND: POST /session/8710bc86126986cf02bb1d50a5f31e3a/elements - {"using":"xpath","value":"//button[@data-kt=\"provideButton\"]"}
RESULT: {"using":"xpath","value":"//button[@data-kt=\"provideButton\"]"}
COMMAND: POST /session/8710bc86126986cf02bb1d50a5f31e3a/elements - {"using":"xpath","value":"//button[@data-kt=\"provideButton\"]"}
RESULT: {"using":"xpath","value":"//button[@data-kt=\"provideButton\"]"}
COMMAND: POST /session/8710bc86126986cf02bb1d50a5f31e3a/elements - {"using":"xpath","value":"//button[@data-kt=\"provideButton\"]"}
RESULT: {"using":"xpath","value":"//button[@data-kt=\"provideButton\"]"}
COMMAND: POST /session/8710bc86126986cf02bb1d50a5f31e3a/elements - {"using":"xpath","value":"//button[@data-kt=\"provideButton\"]"}
RESULT: {"using":"xpath","value":"//button[@data-kt=\"provideButton\"]"}
COMMAND: POST /session/8710bc86126986cf02bb1d50a5f31e3a/elements - {"using":"xpath","value":"//button[@data-kt=\"provideButton\"]"}
RESULT: {"using":"xpath","value":"//button[@data-kt=\"provideButton\"]"}
COMMAND: POST /session/8710bc86126986cf02bb1d50a5f31e3a/elements - {"using":"xpath","value":"//button[@data-kt=\"provideButton\"]"}
RESULT: {"using":"xpath","value":"//button[@data-kt=\"provideButton\"]"}
COMMAND: POST /session/8710bc86126986cf02bb1d50a5f31e3a/elements - {"using":"xpath","value":"//button[@data-kt=\"provideButton\"]"}
RESULT: {"using":"xpath","value":"//button[@data-kt=\"provideButton\"]"}
COMMAND: POST /session/8710bc86126986cf02bb1d50a5f31e3a/elements - {"using":"xpath","value":"//button[@data-kt=\"provideButton\"]"}
RESULT: {"using":"xpath","value":"//button[@data-kt=\"provideButton\"]"}
COMMAND: POST /session/8710bc86126986cf02bb1d50a5f31e3a/elements - {"using":"xpath","value":"//button[@data-kt=\"provideButton\"]"}
RESULT: {"using":"xpath","value":"//button[@data-kt=\"provideButton\"]"}
COMMAND: POST /session/8710bc86126986cf02bb1d50a5f31e3a/elements - {"using":"xpath","value":"//button[@data-kt=\"provideButton\"]"}
RESULT: {"using":"xpath","value":"//button[@data-kt=\"provideButton\"]"}
COMMAND: POST /session/8710bc86126986cf02bb1d50a5f31e3a/elements - {"using":"xpath","value":"//button[@data-kt=\"provideButton\"]"}
RESULT: {"using":"xpath","value":"//button[@data-kt=\"provideButton\"]"}
COMMAND: POST /session/8710bc86126986cf02bb1d50a5f31e3a/elements - {"using":"xpath","value":"//button[@data-kt=\"provideButton\"]"}
RESULT: {"using":"xpath","value":"//button[@data-kt=\"provideButton\"]"}
COMMAND: POST /session/8710bc86126986cf02bb1d50a5f31e3a/elements - {"using":"xpath","value":"//button[@data-kt=\"provideButton\"]"}
RESULT: {"using":"xpath","value":"//button[@data-kt=\"provideButton\"]"}
COMMAND: POST /session/8710bc86126986cf02bb1d50a5f31e3a/elements - {"using":"xpath","value":"//button[@data-kt=\"provideButton\"]"}
RESULT: {"using":"xpath","value":"//button[@data-kt=\"provideButton\"]"}
COMMAND: POST /session/8710bc86126986cf02bb1d50a5f31e3a/elements - {"using":"xpath","value":"//button[@data-kt=\"provideButton\"]"}
RESULT: {"using":"xpath","value":"//button[@data-kt=\"provideButton\"]"}
COMMAND: POST /session/8710bc86126986cf02bb1d50a5f31e3a/elements - {"using":"xpath","value":"//button[@data-kt=\"provideButton\"]"}
RESULT: {"using":"xpath","value":"//button[@data-kt=\"provideButton\"]"}
COMMAND: POST /session/8710bc86126986cf02bb1d50a5f31e3a/elements - {"using":"xpath","value":"//button[@data-kt=\"provideButton\"]"}
RESULT: {"using":"xpath","value":"//button[@data-kt=\"provideButton\"]"}
COMMAND: POST /session/8710bc86126986cf02bb1d50a5f31e3a/elements - {"using":"xpath","value":"//button[@data-kt=\"provideButton\"]"}
RESULT: {"using":"xpath","value":"//button[@data-kt=\"provideButton\"]"}
COMMAND: POST /session/8710bc86126986cf02bb1d50a5f31e3a/elements - {"using":"xpath","value":"//button[@data-kt=\"provideButton\"]"}
RESULT: {"using":"xpath","value":"//button[@data-kt=\"provideButton\"]"}
COMMAND: POST /session/8710bc86126986cf02bb1d50a5f31e3a/elements - {"using":"xpath","value":"//button[@data-kt=\"provideButton\"]"}
RESULT: {"using":"xpath","value":"//button[@data-kt=\"provideButton\"]"}
COMMAND: POST /session/8710bc86126986cf02bb1d50a5f31e3a/elements - {"using":"xpath","value":"//button[@data-kt=\"provideButton\"]"}
RESULT: {"using":"xpath","value":"//button[@data-kt=\"provideButton\"]"}
COMMAND: POST /session/8710bc86126986cf02bb1d50a5f31e3a/elements - {"using":"xpath","value":"//button[@data-kt=\"provideButton\"]"}
RESULT: {"using":"xpath","value":"//button[@data-kt=\"provideButton\"]"}
COMMAND: POST /session/8710bc86126986cf02bb1d50a5f31e3a/elements - {"using":"xpath","value":"//button[@data-kt=\"provideButton\"]"}
RESULT: {"using":"xpath","value":"//button[@data-kt=\"provideButton\"]"}
COMMAND: POST /session/8710bc86126986cf02bb1d50a5f31e3a/elements - {"using":"xpath","value":"//button[@data-kt=\"provideButton\"]"}
RESULT: {"using":"xpath","value":"//button[@data-kt=\"provideButton\"]"}
COMMAND: POST /session/8710bc86126986cf02bb1d50a5f31e3a/elements - {"using":"xpath","value":"//button[@data-kt=\"provideButton\"]"}
RESULT: {"using":"xpath","value":"//button[@data-kt=\"provideButton\"]"}
COMMAND: POST /session/8710bc86126986cf02bb1d50a5f31e3a/elements - {"using":"xpath","value":"//button[@data-kt=\"provideButton\"]"}
RESULT: {"using":"xpath","value":"//button[@data-kt=\"provideButton\"]"}
COMMAND: POST /session/8710bc86126986cf02bb1d50a5f31e3a/elements - {"using":"xpath","value":"//button[@data-kt=\"provideButton\"]"}
RESULT: {"using":"xpath","value":"//button[@data-kt=\"provideButton\"]"}
COMMAND: POST /session/8710bc86126986cf02bb1d50a5f31e3a/elements - {"using":"xpath","value":"//button[@data-kt=\"provideButton\"]"}
RESULT: {"using":"xpath","value":"//button[@data-kt=\"provideButton\"]"}
COMMAND: POST /session/8710bc86126986cf02bb1d50a5f31e3a/elements - {"using":"xpath","value":"//button[@data-kt=\"provideButton\"]"}
RESULT: {"using":"xpath","value":"//button[@data-kt=\"provideButton\"]"}
COMMAND: POST /session/8710bc86126986cf02bb1d50a5f31e3a/elements - {"using":"xpath","value":"//button[@data-kt=\"provideButton\"]"}
RESULT: {"using":"xpath","value":"//button[@data-kt=\"provideButton\"]"}
COMMAND: POST /session/8710bc86126986cf02bb1d50a5f31e3a/elements - {"using":"xpath","value":"//button[@data-kt=\"provideButton\"]"}
RESULT: {"using":"xpath","value":"//button[@data-kt=\"provideButton\"]"}
COMMAND: POST /session/8710bc86126986cf02bb1d50a5f31e3a/elements - {"using":"xpath","value":"//button[@data-kt=\"provideButton\"]"}
RESULT: {"using":"xpath","value":"//button[@data-kt=\"provideButton\"]"}
COMMAND: POST /session/8710bc86126986cf02bb1d50a5f31e3a/elements - {"using":"xpath","value":"//button[@data-kt=\"provideButton\"]"}
RESULT: {"using":"xpath","value":"//button[@data-kt=\"provideButton\"]"}
COMMAND: POST /session/8710bc86126986cf02bb1d50a5f31e3a/elements - {"using":"xpath","value":"//button[@data-kt=\"provideButton\"]"}
RESULT: {"using":"xpath","value":"//button[@data-kt=\"provideButton\"]"}
COMMAND: POST /session/8710bc86126986cf02bb1d50a5f31e3a/elements - {"using":"xpath","value":"//button[@data-kt=\"provideButton\"]"}
RESULT: {"using":"xpath","value":"//button[@data-kt=\"provideButton\"]"}
COMMAND: POST /session/8710bc86126986cf02bb1d50a5f31e3a/elements - {"using":"xpath","value":"//button[@data-kt=\"provideButton\"]"}
RESULT: {"using":"xpath","value":"//button[@data-kt=\"provideButton\"]"}
COMMAND: POST /session/8710bc86126986cf02bb1d50a5f31e3a/elements - {"using":"xpath","value":"//button[@data-kt=\"provideButton\"]"}
RESULT: {"using":"xpath","value":"//button[@data-kt=\"provideButton\"]"}
COMMAND: POST /session/8710bc86126986cf02bb1d50a5f31e3a/elements - {"using":"xpath","value":"//button[@data-kt=\"provideButton\"]"}
RESULT: {"using":"xpath","value":"//button[@data-kt=\"provideButton\"]"}
COMMAND: POST /session/8710bc86126986cf02bb1d50a5f31e3a/elements - {"using":"xpath","value":"//button[@data-kt=\"provideButton\"]"}
RESULT: {"using":"xpath","value":"//button[@data-kt=\"provideButton\"]"}
COMMAND: POST /session/8710bc86126986cf02bb1d50a5f31e3a/elements - {"using":"xpath","value":"//button[@data-kt=\"provideButton\"]"}
RESULT: {"using":"xpath","value":"//button[@data-kt=\"provideButton\"]"}
COMMAND: POST /session/8710bc86126986cf02bb1d50a5f31e3a/elements - {"using":"xpath","value":"//button[@data-kt=\"provideButton\"]"}
RESULT: {"using":"xpath","value":"//button[@data-kt=\"provideButton\"]"}
COMMAND: POST /session/8710bc86126986cf02bb1d50a5f31e3a/elements - {"using":"xpath","value":"//button[@data-kt=\"provideButton\"]"}
RESULT: {"using":"xpath","value":"//button[@data-kt=\"provideButton\"]"}
COMMAND: POST /session/8710bc86126986cf02bb1d50a5f31e3a/elements - {"using":"xpath","value":"//button[@data-kt=\"provideButton\"]"}
RESULT: {"using":"xpath","value":"//button[@data-kt=\"provideButton\"]"}
COMMAND: POST /session/8710bc86126986cf02bb1d50a5f31e3a/elements - {"using":"xpath","value":"//button[@data-kt=\"provideButton\"]"}
RESULT: {"using":"xpath","value":"//button[@data-kt=\"provideButton\"]"}
COMMAND: POST /session/8710bc86126986cf02bb1d50a5f31e3a/elements - {"using":"xpath","value":"//button[@data-kt=\"provideButton\"]"}
RESULT: {"using":"xpath","value":"//button[@data-kt=\"provideButton\"]"}
COMMAND: GET /session/8710bc86126986cf02bb1d50a5f31e3a/screenshot - {}
RESULT: {}
]]></system-out>
      <system-err><![CDATA[
Error: Can't call click on element with selector "//button[@data-kt="provideButton"]" because element wasn't found
    at async UtilsPrerequisites.provideToSiteHandoverFromContractDetails (D:\a\1\s\test\specs\BTS\prerequisites-and-utils-functions.js:1919:9)
    at async Context.<anonymous> (D:\a\1\s\test\specs\BTS\billing-confirm.spec.js:71:9)
]]></system-err>
    </testcase>
    <testcase classname="chrome.136_0_7103_93.windows.Billing_confirm_US117289" name="Should trigger calculation" time="86.202">
      <failure/>
      <error message="Can't call click on element with selector &quot;//bdi[contains(text(), &quot;Trigger Calculation&quot;)]&quot; because element wasn't found"/>
      <system-out><![CDATA[
COMMAND: POST /session/8710bc86126986cf02bb1d50a5f31e3a/execute/async - {"script":"<script> [1562 bytes]","args":[{"selector":{"controlType":"sap.m.GenericTile","properties":{"header":"Manage Billings"}},"wdio_ui5_key":"sapm.GenericTile{\"header\":\"Manage Billings\"}"}]}
COMMAND: GET /session/8710bc86126986cf02bb1d50a5f31e3a/screenshot - {}
RESULT: {"script":"<script> [1562 bytes]","args":[{"selector":{"controlType":"sap.m.GenericTile","properties":{"header":"Manage Billings"}},"wdio_ui5_key":"sapm.GenericTile{\"header\":\"Manage Billings\"}"}]}
RESULT: undefined
RESULT: {}
COMMAND: POST /session/8710bc86126986cf02bb1d50a5f31e3a/elements - {"using":"xpath","value":"//span[text()='Error']"}
RESULT: {"using":"xpath","value":"//span[text()='Error']"}
COMMAND: POST /session/8710bc86126986cf02bb1d50a5f31e3a/execute/async - {"script":"<script> [1562 bytes]","args":[{"selector":{"id":"application-managebillings-display-component---billRunCalcResult--smartFilterBar-btnBasicSearch","interaction":{"idSuffix":"I"}},"wdio_ui5_key":"applicationmanagebillings-display-component---billRunCalcResult--smartFilterBar-btnBasicSearch"}]}
RESULT: {"script":"<script> [1562 bytes]","args":[{"selector":{"id":"application-managebillings-display-component---billRunCalcResult--smartFilterBar-btnBasicSearch","interaction":{"idSuffix":"I"}},"wdio_ui5_key":"applicationmanagebillings-display-component---billRunCalcResult--smartFilterBar-btnBasicSearch"}]}
RESULT: undefined
COMMAND: POST /session/8710bc86126986cf02bb1d50a5f31e3a/actions - {"actions":[{"id":"action18","type":"key","parameters":{},"actions":[{"type":"keyDown","value":""},{"type":"pause","duration":10},{"type":"keyUp","value":""}]}]}
RESULT: {"actions":[{"id":"action18","type":"key","parameters":{},"actions":[{"type":"keyDown","value":""},{"type":"pause","duration":10},{"type":"keyUp","value":""}]}]}
COMMAND: GET /session/8710bc86126986cf02bb1d50a5f31e3a/screenshot - {}
RESULT: {}
COMMAND: POST /session/8710bc86126986cf02bb1d50a5f31e3a/element - {"using":"xpath","value":"//td[@aria-colindex=\"1\"]/div/div[contains(@class, \"sapMCbBg\")]"}
RESULT: {"using":"xpath","value":"//td[@aria-colindex=\"1\"]/div/div[contains(@class, \"sapMCbBg\")]"}
COMMAND: POST /session/8710bc86126986cf02bb1d50a5f31e3a/element/f.4F28C2583BB65896889CB8FD582548C6.d.1C197BF7255FCE434D911412A3920A41.e.4391/click - {}
RESULT: {}
COMMAND: GET /session/8710bc86126986cf02bb1d50a5f31e3a/screenshot - {}
RESULT: {}
COMMAND: POST /session/8710bc86126986cf02bb1d50a5f31e3a/execute/async - {"script":"<script> [1562 bytes]","args":[{"selector":{"id":"application-managebillings-display-component---billRunCalcResult--contractBillRunDate","interaction":{"idSuffix":"inner"}},"wdio_ui5_key":"applicationmanagebillings-display-component---billRunCalcResult--contractBillRunDate"}]}
RESULT: {"script":"<script> [1562 bytes]","args":[{"selector":{"id":"application-managebillings-display-component---billRunCalcResult--contractBillRunDate","interaction":{"idSuffix":"inner"}},"wdio_ui5_key":"applicationmanagebillings-display-component---billRunCalcResult--contractBillRunDate"}]}
RESULT: undefined
COMMAND: POST /session/8710bc86126986cf02bb1d50a5f31e3a/element - {"using":"xpath","value":"//bdi[contains(text(), \"Trigger Calculation\")]"}
RESULT: {"using":"xpath","value":"//bdi[contains(text(), \"Trigger Calculation\")]"}
COMMAND: POST /session/8710bc86126986cf02bb1d50a5f31e3a/elements - {"using":"xpath","value":"//bdi[contains(text(), \"Trigger Calculation\")]"}
RESULT: {"using":"xpath","value":"//bdi[contains(text(), \"Trigger Calculation\")]"}
COMMAND: POST /session/8710bc86126986cf02bb1d50a5f31e3a/elements - {"using":"xpath","value":"//bdi[contains(text(), \"Trigger Calculation\")]"}
RESULT: {"using":"xpath","value":"//bdi[contains(text(), \"Trigger Calculation\")]"}
COMMAND: POST /session/8710bc86126986cf02bb1d50a5f31e3a/elements - {"using":"xpath","value":"//bdi[contains(text(), \"Trigger Calculation\")]"}
RESULT: {"using":"xpath","value":"//bdi[contains(text(), \"Trigger Calculation\")]"}
COMMAND: POST /session/8710bc86126986cf02bb1d50a5f31e3a/elements - {"using":"xpath","value":"//bdi[contains(text(), \"Trigger Calculation\")]"}
RESULT: {"using":"xpath","value":"//bdi[contains(text(), \"Trigger Calculation\")]"}
COMMAND: POST /session/8710bc86126986cf02bb1d50a5f31e3a/elements - {"using":"xpath","value":"//bdi[contains(text(), \"Trigger Calculation\")]"}
RESULT: {"using":"xpath","value":"//bdi[contains(text(), \"Trigger Calculation\")]"}
COMMAND: POST /session/8710bc86126986cf02bb1d50a5f31e3a/elements - {"using":"xpath","value":"//bdi[contains(text(), \"Trigger Calculation\")]"}
RESULT: {"using":"xpath","value":"//bdi[contains(text(), \"Trigger Calculation\")]"}
COMMAND: POST /session/8710bc86126986cf02bb1d50a5f31e3a/elements - {"using":"xpath","value":"//bdi[contains(text(), \"Trigger Calculation\")]"}
RESULT: {"using":"xpath","value":"//bdi[contains(text(), \"Trigger Calculation\")]"}
COMMAND: POST /session/8710bc86126986cf02bb1d50a5f31e3a/elements - {"using":"xpath","value":"//bdi[contains(text(), \"Trigger Calculation\")]"}
RESULT: {"using":"xpath","value":"//bdi[contains(text(), \"Trigger Calculation\")]"}
COMMAND: POST /session/8710bc86126986cf02bb1d50a5f31e3a/elements - {"using":"xpath","value":"//bdi[contains(text(), \"Trigger Calculation\")]"}
RESULT: {"using":"xpath","value":"//bdi[contains(text(), \"Trigger Calculation\")]"}
COMMAND: POST /session/8710bc86126986cf02bb1d50a5f31e3a/elements - {"using":"xpath","value":"//bdi[contains(text(), \"Trigger Calculation\")]"}
RESULT: {"using":"xpath","value":"//bdi[contains(text(), \"Trigger Calculation\")]"}
COMMAND: POST /session/8710bc86126986cf02bb1d50a5f31e3a/elements - {"using":"xpath","value":"//bdi[contains(text(), \"Trigger Calculation\")]"}
RESULT: {"using":"xpath","value":"//bdi[contains(text(), \"Trigger Calculation\")]"}
COMMAND: POST /session/8710bc86126986cf02bb1d50a5f31e3a/elements - {"using":"xpath","value":"//bdi[contains(text(), \"Trigger Calculation\")]"}
RESULT: {"using":"xpath","value":"//bdi[contains(text(), \"Trigger Calculation\")]"}
COMMAND: POST /session/8710bc86126986cf02bb1d50a5f31e3a/elements - {"using":"xpath","value":"//bdi[contains(text(), \"Trigger Calculation\")]"}
RESULT: {"using":"xpath","value":"//bdi[contains(text(), \"Trigger Calculation\")]"}
COMMAND: POST /session/8710bc86126986cf02bb1d50a5f31e3a/elements - {"using":"xpath","value":"//bdi[contains(text(), \"Trigger Calculation\")]"}
RESULT: {"using":"xpath","value":"//bdi[contains(text(), \"Trigger Calculation\")]"}
COMMAND: POST /session/8710bc86126986cf02bb1d50a5f31e3a/elements - {"using":"xpath","value":"//bdi[contains(text(), \"Trigger Calculation\")]"}
RESULT: {"using":"xpath","value":"//bdi[contains(text(), \"Trigger Calculation\")]"}
COMMAND: POST /session/8710bc86126986cf02bb1d50a5f31e3a/elements - {"using":"xpath","value":"//bdi[contains(text(), \"Trigger Calculation\")]"}
RESULT: {"using":"xpath","value":"//bdi[contains(text(), \"Trigger Calculation\")]"}
COMMAND: POST /session/8710bc86126986cf02bb1d50a5f31e3a/elements - {"using":"xpath","value":"//bdi[contains(text(), \"Trigger Calculation\")]"}
RESULT: {"using":"xpath","value":"//bdi[contains(text(), \"Trigger Calculation\")]"}
COMMAND: POST /session/8710bc86126986cf02bb1d50a5f31e3a/elements - {"using":"xpath","value":"//bdi[contains(text(), \"Trigger Calculation\")]"}
RESULT: {"using":"xpath","value":"//bdi[contains(text(), \"Trigger Calculation\")]"}
COMMAND: POST /session/8710bc86126986cf02bb1d50a5f31e3a/elements - {"using":"xpath","value":"//bdi[contains(text(), \"Trigger Calculation\")]"}
RESULT: {"using":"xpath","value":"//bdi[contains(text(), \"Trigger Calculation\")]"}
COMMAND: POST /session/8710bc86126986cf02bb1d50a5f31e3a/elements - {"using":"xpath","value":"//bdi[contains(text(), \"Trigger Calculation\")]"}
RESULT: {"using":"xpath","value":"//bdi[contains(text(), \"Trigger Calculation\")]"}
COMMAND: POST /session/8710bc86126986cf02bb1d50a5f31e3a/elements - {"using":"xpath","value":"//bdi[contains(text(), \"Trigger Calculation\")]"}
RESULT: {"using":"xpath","value":"//bdi[contains(text(), \"Trigger Calculation\")]"}
COMMAND: POST /session/8710bc86126986cf02bb1d50a5f31e3a/elements - {"using":"xpath","value":"//bdi[contains(text(), \"Trigger Calculation\")]"}
RESULT: {"using":"xpath","value":"//bdi[contains(text(), \"Trigger Calculation\")]"}
COMMAND: POST /session/8710bc86126986cf02bb1d50a5f31e3a/elements - {"using":"xpath","value":"//bdi[contains(text(), \"Trigger Calculation\")]"}
RESULT: {"using":"xpath","value":"//bdi[contains(text(), \"Trigger Calculation\")]"}
COMMAND: POST /session/8710bc86126986cf02bb1d50a5f31e3a/elements - {"using":"xpath","value":"//bdi[contains(text(), \"Trigger Calculation\")]"}
RESULT: {"using":"xpath","value":"//bdi[contains(text(), \"Trigger Calculation\")]"}
COMMAND: POST /session/8710bc86126986cf02bb1d50a5f31e3a/elements - {"using":"xpath","value":"//bdi[contains(text(), \"Trigger Calculation\")]"}
RESULT: {"using":"xpath","value":"//bdi[contains(text(), \"Trigger Calculation\")]"}
COMMAND: POST /session/8710bc86126986cf02bb1d50a5f31e3a/elements - {"using":"xpath","value":"//bdi[contains(text(), \"Trigger Calculation\")]"}
RESULT: {"using":"xpath","value":"//bdi[contains(text(), \"Trigger Calculation\")]"}
COMMAND: POST /session/8710bc86126986cf02bb1d50a5f31e3a/elements - {"using":"xpath","value":"//bdi[contains(text(), \"Trigger Calculation\")]"}
RESULT: {"using":"xpath","value":"//bdi[contains(text(), \"Trigger Calculation\")]"}
COMMAND: POST /session/8710bc86126986cf02bb1d50a5f31e3a/elements - {"using":"xpath","value":"//bdi[contains(text(), \"Trigger Calculation\")]"}
RESULT: {"using":"xpath","value":"//bdi[contains(text(), \"Trigger Calculation\")]"}
COMMAND: POST /session/8710bc86126986cf02bb1d50a5f31e3a/elements - {"using":"xpath","value":"//bdi[contains(text(), \"Trigger Calculation\")]"}
RESULT: {"using":"xpath","value":"//bdi[contains(text(), \"Trigger Calculation\")]"}
COMMAND: POST /session/8710bc86126986cf02bb1d50a5f31e3a/elements - {"using":"xpath","value":"//bdi[contains(text(), \"Trigger Calculation\")]"}
RESULT: {"using":"xpath","value":"//bdi[contains(text(), \"Trigger Calculation\")]"}
COMMAND: POST /session/8710bc86126986cf02bb1d50a5f31e3a/elements - {"using":"xpath","value":"//bdi[contains(text(), \"Trigger Calculation\")]"}
RESULT: {"using":"xpath","value":"//bdi[contains(text(), \"Trigger Calculation\")]"}
COMMAND: POST /session/8710bc86126986cf02bb1d50a5f31e3a/elements - {"using":"xpath","value":"//bdi[contains(text(), \"Trigger Calculation\")]"}
RESULT: {"using":"xpath","value":"//bdi[contains(text(), \"Trigger Calculation\")]"}
COMMAND: POST /session/8710bc86126986cf02bb1d50a5f31e3a/elements - {"using":"xpath","value":"//bdi[contains(text(), \"Trigger Calculation\")]"}
RESULT: {"using":"xpath","value":"//bdi[contains(text(), \"Trigger Calculation\")]"}
COMMAND: POST /session/8710bc86126986cf02bb1d50a5f31e3a/elements - {"using":"xpath","value":"//bdi[contains(text(), \"Trigger Calculation\")]"}
RESULT: {"using":"xpath","value":"//bdi[contains(text(), \"Trigger Calculation\")]"}
COMMAND: POST /session/8710bc86126986cf02bb1d50a5f31e3a/elements - {"using":"xpath","value":"//bdi[contains(text(), \"Trigger Calculation\")]"}
RESULT: {"using":"xpath","value":"//bdi[contains(text(), \"Trigger Calculation\")]"}
COMMAND: POST /session/8710bc86126986cf02bb1d50a5f31e3a/elements - {"using":"xpath","value":"//bdi[contains(text(), \"Trigger Calculation\")]"}
RESULT: {"using":"xpath","value":"//bdi[contains(text(), \"Trigger Calculation\")]"}
COMMAND: POST /session/8710bc86126986cf02bb1d50a5f31e3a/elements - {"using":"xpath","value":"//bdi[contains(text(), \"Trigger Calculation\")]"}
RESULT: {"using":"xpath","value":"//bdi[contains(text(), \"Trigger Calculation\")]"}
COMMAND: POST /session/8710bc86126986cf02bb1d50a5f31e3a/elements - {"using":"xpath","value":"//bdi[contains(text(), \"Trigger Calculation\")]"}
RESULT: {"using":"xpath","value":"//bdi[contains(text(), \"Trigger Calculation\")]"}
COMMAND: POST /session/8710bc86126986cf02bb1d50a5f31e3a/elements - {"using":"xpath","value":"//bdi[contains(text(), \"Trigger Calculation\")]"}
RESULT: {"using":"xpath","value":"//bdi[contains(text(), \"Trigger Calculation\")]"}
COMMAND: POST /session/8710bc86126986cf02bb1d50a5f31e3a/elements - {"using":"xpath","value":"//bdi[contains(text(), \"Trigger Calculation\")]"}
RESULT: {"using":"xpath","value":"//bdi[contains(text(), \"Trigger Calculation\")]"}
COMMAND: POST /session/8710bc86126986cf02bb1d50a5f31e3a/elements - {"using":"xpath","value":"//bdi[contains(text(), \"Trigger Calculation\")]"}
RESULT: {"using":"xpath","value":"//bdi[contains(text(), \"Trigger Calculation\")]"}
COMMAND: POST /session/8710bc86126986cf02bb1d50a5f31e3a/elements - {"using":"xpath","value":"//bdi[contains(text(), \"Trigger Calculation\")]"}
RESULT: {"using":"xpath","value":"//bdi[contains(text(), \"Trigger Calculation\")]"}
COMMAND: POST /session/8710bc86126986cf02bb1d50a5f31e3a/elements - {"using":"xpath","value":"//bdi[contains(text(), \"Trigger Calculation\")]"}
RESULT: {"using":"xpath","value":"//bdi[contains(text(), \"Trigger Calculation\")]"}
COMMAND: POST /session/8710bc86126986cf02bb1d50a5f31e3a/elements - {"using":"xpath","value":"//bdi[contains(text(), \"Trigger Calculation\")]"}
RESULT: {"using":"xpath","value":"//bdi[contains(text(), \"Trigger Calculation\")]"}
COMMAND: POST /session/8710bc86126986cf02bb1d50a5f31e3a/elements - {"using":"xpath","value":"//bdi[contains(text(), \"Trigger Calculation\")]"}
RESULT: {"using":"xpath","value":"//bdi[contains(text(), \"Trigger Calculation\")]"}
COMMAND: POST /session/8710bc86126986cf02bb1d50a5f31e3a/elements - {"using":"xpath","value":"//bdi[contains(text(), \"Trigger Calculation\")]"}
RESULT: {"using":"xpath","value":"//bdi[contains(text(), \"Trigger Calculation\")]"}
COMMAND: POST /session/8710bc86126986cf02bb1d50a5f31e3a/elements - {"using":"xpath","value":"//bdi[contains(text(), \"Trigger Calculation\")]"}
RESULT: {"using":"xpath","value":"//bdi[contains(text(), \"Trigger Calculation\")]"}
COMMAND: POST /session/8710bc86126986cf02bb1d50a5f31e3a/elements - {"using":"xpath","value":"//bdi[contains(text(), \"Trigger Calculation\")]"}
RESULT: {"using":"xpath","value":"//bdi[contains(text(), \"Trigger Calculation\")]"}
COMMAND: POST /session/8710bc86126986cf02bb1d50a5f31e3a/elements - {"using":"xpath","value":"//bdi[contains(text(), \"Trigger Calculation\")]"}
RESULT: {"using":"xpath","value":"//bdi[contains(text(), \"Trigger Calculation\")]"}
COMMAND: POST /session/8710bc86126986cf02bb1d50a5f31e3a/elements - {"using":"xpath","value":"//bdi[contains(text(), \"Trigger Calculation\")]"}
RESULT: {"using":"xpath","value":"//bdi[contains(text(), \"Trigger Calculation\")]"}
COMMAND: POST /session/8710bc86126986cf02bb1d50a5f31e3a/elements - {"using":"xpath","value":"//bdi[contains(text(), \"Trigger Calculation\")]"}
RESULT: {"using":"xpath","value":"//bdi[contains(text(), \"Trigger Calculation\")]"}
COMMAND: POST /session/8710bc86126986cf02bb1d50a5f31e3a/elements - {"using":"xpath","value":"//bdi[contains(text(), \"Trigger Calculation\")]"}
RESULT: {"using":"xpath","value":"//bdi[contains(text(), \"Trigger Calculation\")]"}
COMMAND: POST /session/8710bc86126986cf02bb1d50a5f31e3a/elements - {"using":"xpath","value":"//bdi[contains(text(), \"Trigger Calculation\")]"}
RESULT: {"using":"xpath","value":"//bdi[contains(text(), \"Trigger Calculation\")]"}
COMMAND: POST /session/8710bc86126986cf02bb1d50a5f31e3a/elements - {"using":"xpath","value":"//bdi[contains(text(), \"Trigger Calculation\")]"}
RESULT: {"using":"xpath","value":"//bdi[contains(text(), \"Trigger Calculation\")]"}
COMMAND: POST /session/8710bc86126986cf02bb1d50a5f31e3a/elements - {"using":"xpath","value":"//bdi[contains(text(), \"Trigger Calculation\")]"}
RESULT: {"using":"xpath","value":"//bdi[contains(text(), \"Trigger Calculation\")]"}
COMMAND: POST /session/8710bc86126986cf02bb1d50a5f31e3a/elements - {"using":"xpath","value":"//bdi[contains(text(), \"Trigger Calculation\")]"}
RESULT: {"using":"xpath","value":"//bdi[contains(text(), \"Trigger Calculation\")]"}
COMMAND: POST /session/8710bc86126986cf02bb1d50a5f31e3a/elements - {"using":"xpath","value":"//bdi[contains(text(), \"Trigger Calculation\")]"}
RESULT: {"using":"xpath","value":"//bdi[contains(text(), \"Trigger Calculation\")]"}
COMMAND: POST /session/8710bc86126986cf02bb1d50a5f31e3a/elements - {"using":"xpath","value":"//bdi[contains(text(), \"Trigger Calculation\")]"}
RESULT: {"using":"xpath","value":"//bdi[contains(text(), \"Trigger Calculation\")]"}
COMMAND: POST /session/8710bc86126986cf02bb1d50a5f31e3a/elements - {"using":"xpath","value":"//bdi[contains(text(), \"Trigger Calculation\")]"}
RESULT: {"using":"xpath","value":"//bdi[contains(text(), \"Trigger Calculation\")]"}
COMMAND: POST /session/8710bc86126986cf02bb1d50a5f31e3a/elements - {"using":"xpath","value":"//bdi[contains(text(), \"Trigger Calculation\")]"}
RESULT: {"using":"xpath","value":"//bdi[contains(text(), \"Trigger Calculation\")]"}
COMMAND: POST /session/8710bc86126986cf02bb1d50a5f31e3a/elements - {"using":"xpath","value":"//bdi[contains(text(), \"Trigger Calculation\")]"}
RESULT: {"using":"xpath","value":"//bdi[contains(text(), \"Trigger Calculation\")]"}
COMMAND: POST /session/8710bc86126986cf02bb1d50a5f31e3a/elements - {"using":"xpath","value":"//bdi[contains(text(), \"Trigger Calculation\")]"}
RESULT: {"using":"xpath","value":"//bdi[contains(text(), \"Trigger Calculation\")]"}
COMMAND: POST /session/8710bc86126986cf02bb1d50a5f31e3a/elements - {"using":"xpath","value":"//bdi[contains(text(), \"Trigger Calculation\")]"}
RESULT: {"using":"xpath","value":"//bdi[contains(text(), \"Trigger Calculation\")]"}
COMMAND: POST /session/8710bc86126986cf02bb1d50a5f31e3a/elements - {"using":"xpath","value":"//bdi[contains(text(), \"Trigger Calculation\")]"}
RESULT: {"using":"xpath","value":"//bdi[contains(text(), \"Trigger Calculation\")]"}
COMMAND: POST /session/8710bc86126986cf02bb1d50a5f31e3a/elements - {"using":"xpath","value":"//bdi[contains(text(), \"Trigger Calculation\")]"}
RESULT: {"using":"xpath","value":"//bdi[contains(text(), \"Trigger Calculation\")]"}
COMMAND: POST /session/8710bc86126986cf02bb1d50a5f31e3a/elements - {"using":"xpath","value":"//bdi[contains(text(), \"Trigger Calculation\")]"}
RESULT: {"using":"xpath","value":"//bdi[contains(text(), \"Trigger Calculation\")]"}
COMMAND: POST /session/8710bc86126986cf02bb1d50a5f31e3a/elements - {"using":"xpath","value":"//bdi[contains(text(), \"Trigger Calculation\")]"}
RESULT: {"using":"xpath","value":"//bdi[contains(text(), \"Trigger Calculation\")]"}
COMMAND: POST /session/8710bc86126986cf02bb1d50a5f31e3a/elements - {"using":"xpath","value":"//bdi[contains(text(), \"Trigger Calculation\")]"}
RESULT: {"using":"xpath","value":"//bdi[contains(text(), \"Trigger Calculation\")]"}
COMMAND: POST /session/8710bc86126986cf02bb1d50a5f31e3a/elements - {"using":"xpath","value":"//bdi[contains(text(), \"Trigger Calculation\")]"}
RESULT: {"using":"xpath","value":"//bdi[contains(text(), \"Trigger Calculation\")]"}
COMMAND: POST /session/8710bc86126986cf02bb1d50a5f31e3a/elements - {"using":"xpath","value":"//bdi[contains(text(), \"Trigger Calculation\")]"}
RESULT: {"using":"xpath","value":"//bdi[contains(text(), \"Trigger Calculation\")]"}
COMMAND: POST /session/8710bc86126986cf02bb1d50a5f31e3a/elements - {"using":"xpath","value":"//bdi[contains(text(), \"Trigger Calculation\")]"}
RESULT: {"using":"xpath","value":"//bdi[contains(text(), \"Trigger Calculation\")]"}
COMMAND: POST /session/8710bc86126986cf02bb1d50a5f31e3a/elements - {"using":"xpath","value":"//bdi[contains(text(), \"Trigger Calculation\")]"}
RESULT: {"using":"xpath","value":"//bdi[contains(text(), \"Trigger Calculation\")]"}
COMMAND: POST /session/8710bc86126986cf02bb1d50a5f31e3a/elements - {"using":"xpath","value":"//bdi[contains(text(), \"Trigger Calculation\")]"}
RESULT: {"using":"xpath","value":"//bdi[contains(text(), \"Trigger Calculation\")]"}
COMMAND: POST /session/8710bc86126986cf02bb1d50a5f31e3a/elements - {"using":"xpath","value":"//bdi[contains(text(), \"Trigger Calculation\")]"}
RESULT: {"using":"xpath","value":"//bdi[contains(text(), \"Trigger Calculation\")]"}
COMMAND: POST /session/8710bc86126986cf02bb1d50a5f31e3a/elements - {"using":"xpath","value":"//bdi[contains(text(), \"Trigger Calculation\")]"}
RESULT: {"using":"xpath","value":"//bdi[contains(text(), \"Trigger Calculation\")]"}
COMMAND: POST /session/8710bc86126986cf02bb1d50a5f31e3a/elements - {"using":"xpath","value":"//bdi[contains(text(), \"Trigger Calculation\")]"}
RESULT: {"using":"xpath","value":"//bdi[contains(text(), \"Trigger Calculation\")]"}
COMMAND: POST /session/8710bc86126986cf02bb1d50a5f31e3a/elements - {"using":"xpath","value":"//bdi[contains(text(), \"Trigger Calculation\")]"}
RESULT: {"using":"xpath","value":"//bdi[contains(text(), \"Trigger Calculation\")]"}
COMMAND: POST /session/8710bc86126986cf02bb1d50a5f31e3a/elements - {"using":"xpath","value":"//bdi[contains(text(), \"Trigger Calculation\")]"}
RESULT: {"using":"xpath","value":"//bdi[contains(text(), \"Trigger Calculation\")]"}
COMMAND: POST /session/8710bc86126986cf02bb1d50a5f31e3a/elements - {"using":"xpath","value":"//bdi[contains(text(), \"Trigger Calculation\")]"}
RESULT: {"using":"xpath","value":"//bdi[contains(text(), \"Trigger Calculation\")]"}
COMMAND: POST /session/8710bc86126986cf02bb1d50a5f31e3a/elements - {"using":"xpath","value":"//bdi[contains(text(), \"Trigger Calculation\")]"}
RESULT: {"using":"xpath","value":"//bdi[contains(text(), \"Trigger Calculation\")]"}
COMMAND: POST /session/8710bc86126986cf02bb1d50a5f31e3a/elements - {"using":"xpath","value":"//bdi[contains(text(), \"Trigger Calculation\")]"}
RESULT: {"using":"xpath","value":"//bdi[contains(text(), \"Trigger Calculation\")]"}
COMMAND: POST /session/8710bc86126986cf02bb1d50a5f31e3a/elements - {"using":"xpath","value":"//bdi[contains(text(), \"Trigger Calculation\")]"}
RESULT: {"using":"xpath","value":"//bdi[contains(text(), \"Trigger Calculation\")]"}
COMMAND: POST /session/8710bc86126986cf02bb1d50a5f31e3a/elements - {"using":"xpath","value":"//bdi[contains(text(), \"Trigger Calculation\")]"}
RESULT: {"using":"xpath","value":"//bdi[contains(text(), \"Trigger Calculation\")]"}
COMMAND: POST /session/8710bc86126986cf02bb1d50a5f31e3a/elements - {"using":"xpath","value":"//bdi[contains(text(), \"Trigger Calculation\")]"}
RESULT: {"using":"xpath","value":"//bdi[contains(text(), \"Trigger Calculation\")]"}
COMMAND: POST /session/8710bc86126986cf02bb1d50a5f31e3a/elements - {"using":"xpath","value":"//bdi[contains(text(), \"Trigger Calculation\")]"}
RESULT: {"using":"xpath","value":"//bdi[contains(text(), \"Trigger Calculation\")]"}
COMMAND: POST /session/8710bc86126986cf02bb1d50a5f31e3a/elements - {"using":"xpath","value":"//bdi[contains(text(), \"Trigger Calculation\")]"}
RESULT: {"using":"xpath","value":"//bdi[contains(text(), \"Trigger Calculation\")]"}
COMMAND: POST /session/8710bc86126986cf02bb1d50a5f31e3a/elements - {"using":"xpath","value":"//bdi[contains(text(), \"Trigger Calculation\")]"}
RESULT: {"using":"xpath","value":"//bdi[contains(text(), \"Trigger Calculation\")]"}
COMMAND: POST /session/8710bc86126986cf02bb1d50a5f31e3a/elements - {"using":"xpath","value":"//bdi[contains(text(), \"Trigger Calculation\")]"}
RESULT: {"using":"xpath","value":"//bdi[contains(text(), \"Trigger Calculation\")]"}
COMMAND: POST /session/8710bc86126986cf02bb1d50a5f31e3a/elements - {"using":"xpath","value":"//bdi[contains(text(), \"Trigger Calculation\")]"}
RESULT: {"using":"xpath","value":"//bdi[contains(text(), \"Trigger Calculation\")]"}
COMMAND: POST /session/8710bc86126986cf02bb1d50a5f31e3a/elements - {"using":"xpath","value":"//bdi[contains(text(), \"Trigger Calculation\")]"}
RESULT: {"using":"xpath","value":"//bdi[contains(text(), \"Trigger Calculation\")]"}
COMMAND: POST /session/8710bc86126986cf02bb1d50a5f31e3a/elements - {"using":"xpath","value":"//bdi[contains(text(), \"Trigger Calculation\")]"}
RESULT: {"using":"xpath","value":"//bdi[contains(text(), \"Trigger Calculation\")]"}
COMMAND: POST /session/8710bc86126986cf02bb1d50a5f31e3a/elements - {"using":"xpath","value":"//bdi[contains(text(), \"Trigger Calculation\")]"}
RESULT: {"using":"xpath","value":"//bdi[contains(text(), \"Trigger Calculation\")]"}
COMMAND: POST /session/8710bc86126986cf02bb1d50a5f31e3a/elements - {"using":"xpath","value":"//bdi[contains(text(), \"Trigger Calculation\")]"}
RESULT: {"using":"xpath","value":"//bdi[contains(text(), \"Trigger Calculation\")]"}
COMMAND: POST /session/8710bc86126986cf02bb1d50a5f31e3a/elements - {"using":"xpath","value":"//bdi[contains(text(), \"Trigger Calculation\")]"}
RESULT: {"using":"xpath","value":"//bdi[contains(text(), \"Trigger Calculation\")]"}
COMMAND: POST /session/8710bc86126986cf02bb1d50a5f31e3a/elements - {"using":"xpath","value":"//bdi[contains(text(), \"Trigger Calculation\")]"}
RESULT: {"using":"xpath","value":"//bdi[contains(text(), \"Trigger Calculation\")]"}
COMMAND: POST /session/8710bc86126986cf02bb1d50a5f31e3a/elements - {"using":"xpath","value":"//bdi[contains(text(), \"Trigger Calculation\")]"}
RESULT: {"using":"xpath","value":"//bdi[contains(text(), \"Trigger Calculation\")]"}
COMMAND: POST /session/8710bc86126986cf02bb1d50a5f31e3a/elements - {"using":"xpath","value":"//bdi[contains(text(), \"Trigger Calculation\")]"}
RESULT: {"using":"xpath","value":"//bdi[contains(text(), \"Trigger Calculation\")]"}
COMMAND: POST /session/8710bc86126986cf02bb1d50a5f31e3a/elements - {"using":"xpath","value":"//bdi[contains(text(), \"Trigger Calculation\")]"}
RESULT: {"using":"xpath","value":"//bdi[contains(text(), \"Trigger Calculation\")]"}
COMMAND: POST /session/8710bc86126986cf02bb1d50a5f31e3a/elements - {"using":"xpath","value":"//bdi[contains(text(), \"Trigger Calculation\")]"}
RESULT: {"using":"xpath","value":"//bdi[contains(text(), \"Trigger Calculation\")]"}
COMMAND: POST /session/8710bc86126986cf02bb1d50a5f31e3a/elements - {"using":"xpath","value":"//bdi[contains(text(), \"Trigger Calculation\")]"}
RESULT: {"using":"xpath","value":"//bdi[contains(text(), \"Trigger Calculation\")]"}
COMMAND: POST /session/8710bc86126986cf02bb1d50a5f31e3a/elements - {"using":"xpath","value":"//bdi[contains(text(), \"Trigger Calculation\")]"}
RESULT: {"using":"xpath","value":"//bdi[contains(text(), \"Trigger Calculation\")]"}
COMMAND: POST /session/8710bc86126986cf02bb1d50a5f31e3a/elements - {"using":"xpath","value":"//bdi[contains(text(), \"Trigger Calculation\")]"}
RESULT: {"using":"xpath","value":"//bdi[contains(text(), \"Trigger Calculation\")]"}
COMMAND: POST /session/8710bc86126986cf02bb1d50a5f31e3a/elements - {"using":"xpath","value":"//bdi[contains(text(), \"Trigger Calculation\")]"}
RESULT: {"using":"xpath","value":"//bdi[contains(text(), \"Trigger Calculation\")]"}
COMMAND: POST /session/8710bc86126986cf02bb1d50a5f31e3a/elements - {"using":"xpath","value":"//bdi[contains(text(), \"Trigger Calculation\")]"}
RESULT: {"using":"xpath","value":"//bdi[contains(text(), \"Trigger Calculation\")]"}
COMMAND: POST /session/8710bc86126986cf02bb1d50a5f31e3a/elements - {"using":"xpath","value":"//bdi[contains(text(), \"Trigger Calculation\")]"}
RESULT: {"using":"xpath","value":"//bdi[contains(text(), \"Trigger Calculation\")]"}
COMMAND: POST /session/8710bc86126986cf02bb1d50a5f31e3a/elements - {"using":"xpath","value":"//bdi[contains(text(), \"Trigger Calculation\")]"}
RESULT: {"using":"xpath","value":"//bdi[contains(text(), \"Trigger Calculation\")]"}
COMMAND: POST /session/8710bc86126986cf02bb1d50a5f31e3a/elements - {"using":"xpath","value":"//bdi[contains(text(), \"Trigger Calculation\")]"}
RESULT: {"using":"xpath","value":"//bdi[contains(text(), \"Trigger Calculation\")]"}
COMMAND: POST /session/8710bc86126986cf02bb1d50a5f31e3a/elements - {"using":"xpath","value":"//bdi[contains(text(), \"Trigger Calculation\")]"}
RESULT: {"using":"xpath","value":"//bdi[contains(text(), \"Trigger Calculation\")]"}
COMMAND: POST /session/8710bc86126986cf02bb1d50a5f31e3a/elements - {"using":"xpath","value":"//bdi[contains(text(), \"Trigger Calculation\")]"}
RESULT: {"using":"xpath","value":"//bdi[contains(text(), \"Trigger Calculation\")]"}
COMMAND: POST /session/8710bc86126986cf02bb1d50a5f31e3a/elements - {"using":"xpath","value":"//bdi[contains(text(), \"Trigger Calculation\")]"}
RESULT: {"using":"xpath","value":"//bdi[contains(text(), \"Trigger Calculation\")]"}
COMMAND: POST /session/8710bc86126986cf02bb1d50a5f31e3a/elements - {"using":"xpath","value":"//bdi[contains(text(), \"Trigger Calculation\")]"}
RESULT: {"using":"xpath","value":"//bdi[contains(text(), \"Trigger Calculation\")]"}
COMMAND: POST /session/8710bc86126986cf02bb1d50a5f31e3a/elements - {"using":"xpath","value":"//bdi[contains(text(), \"Trigger Calculation\")]"}
RESULT: {"using":"xpath","value":"//bdi[contains(text(), \"Trigger Calculation\")]"}
COMMAND: POST /session/8710bc86126986cf02bb1d50a5f31e3a/elements - {"using":"xpath","value":"//bdi[contains(text(), \"Trigger Calculation\")]"}
RESULT: {"using":"xpath","value":"//bdi[contains(text(), \"Trigger Calculation\")]"}
COMMAND: POST /session/8710bc86126986cf02bb1d50a5f31e3a/elements - {"using":"xpath","value":"//bdi[contains(text(), \"Trigger Calculation\")]"}
RESULT: {"using":"xpath","value":"//bdi[contains(text(), \"Trigger Calculation\")]"}
COMMAND: POST /session/8710bc86126986cf02bb1d50a5f31e3a/elements - {"using":"xpath","value":"//bdi[contains(text(), \"Trigger Calculation\")]"}
RESULT: {"using":"xpath","value":"//bdi[contains(text(), \"Trigger Calculation\")]"}
COMMAND: POST /session/8710bc86126986cf02bb1d50a5f31e3a/elements - {"using":"xpath","value":"//bdi[contains(text(), \"Trigger Calculation\")]"}
RESULT: {"using":"xpath","value":"//bdi[contains(text(), \"Trigger Calculation\")]"}
COMMAND: POST /session/8710bc86126986cf02bb1d50a5f31e3a/elements - {"using":"xpath","value":"//bdi[contains(text(), \"Trigger Calculation\")]"}
RESULT: {"using":"xpath","value":"//bdi[contains(text(), \"Trigger Calculation\")]"}
COMMAND: POST /session/8710bc86126986cf02bb1d50a5f31e3a/elements - {"using":"xpath","value":"//bdi[contains(text(), \"Trigger Calculation\")]"}
RESULT: {"using":"xpath","value":"//bdi[contains(text(), \"Trigger Calculation\")]"}
COMMAND: POST /session/8710bc86126986cf02bb1d50a5f31e3a/elements - {"using":"xpath","value":"//bdi[contains(text(), \"Trigger Calculation\")]"}
RESULT: {"using":"xpath","value":"//bdi[contains(text(), \"Trigger Calculation\")]"}
COMMAND: POST /session/8710bc86126986cf02bb1d50a5f31e3a/elements - {"using":"xpath","value":"//bdi[contains(text(), \"Trigger Calculation\")]"}
RESULT: {"using":"xpath","value":"//bdi[contains(text(), \"Trigger Calculation\")]"}
COMMAND: GET /session/8710bc86126986cf02bb1d50a5f31e3a/screenshot - {}
RESULT: {}
COMMAND: POST /session/8710bc86126986cf02bb1d50a5f31e3a/element - {"using":"css selector","value":"#j_username"}
COMMAND: POST /session/8710bc86126986cf02bb1d50a5f31e3a/url - {"url":"https://qa-testing-00-live-etm-ui.cfapps.eu10-004.hana.ondemand.com/"}
COMMAND: GET /session/8710bc86126986cf02bb1d50a5f31e3a/screenshot - {}
COMMAND: GET /session/8710bc86126986cf02bb1d50a5f31e3a/screenshot - {}
RESULT: {"using":"css selector","value":"#j_username"}
COMMAND: POST /session/8710bc86126986cf02bb1d50a5f31e3a/element - {"using":"css selector","value":"#j_username"}
RESULT: {"url":"https://qa-testing-00-live-etm-ui.cfapps.eu10-004.hana.ondemand.com/"}
RESULT: undefined
COMMAND: GET /session/8710bc86126986cf02bb1d50a5f31e3a/screenshot - {}
RESULT: {}
RESULT: {}
RESULT: {"using":"css selector","value":"#j_username"}
COMMAND: POST /session/8710bc86126986cf02bb1d50a5f31e3a/element - {"using":"css selector","value":"#shell-header-logo"}
RESULT: {}
RESULT: {"using":"css selector","value":"#shell-header-logo"}
COMMAND: POST /session/8710bc86126986cf02bb1d50a5f31e3a/execute/sync - {"script":"<script> [8489 bytes]","args":[{"element-6066-11e4-a52e-4f735466cecf":"f.4F28C2583BB65896889CB8FD582548C6.d.BE5AA6D2204E5383F279A0162B2F491E.e.4408","ELEMENT":"f.4F28C2583BB65896889CB8FD582548C6.d.BE5AA6D2204E5383F279A0162B2F491E.e.4408"}]}
RESULT: {"script":"<script> [8489 bytes]","args":[{"element-6066-11e4-a52e-4f735466cecf":"f.4F28C2583BB65896889CB8FD582548C6.d.BE5AA6D2204E5383F279A0162B2F491E.e.4408","ELEMENT":"f.4F28C2583BB65896889CB8FD582548C6.d.BE5AA6D2204E5383F279A0162B2F491E.e.4408"}]}
COMMAND: POST /session/8710bc86126986cf02bb1d50a5f31e3a/element - {"using":"css selector","value":"#shell-header-logo"}
COMMAND: GET /session/8710bc86126986cf02bb1d50a5f31e3a/screenshot - {}
RESULT: {"using":"css selector","value":"#shell-header-logo"}
COMMAND: POST /session/8710bc86126986cf02bb1d50a5f31e3a/execute/sync - {"script":"<script> [8489 bytes]","args":[{"element-6066-11e4-a52e-4f735466cecf":"f.4F28C2583BB65896889CB8FD582548C6.d.BE5AA6D2204E5383F279A0162B2F491E.e.4408","ELEMENT":"f.4F28C2583BB65896889CB8FD582548C6.d.BE5AA6D2204E5383F279A0162B2F491E.e.4408"}]}
RESULT: {}
RESULT: {"script":"<script> [8489 bytes]","args":[{"element-6066-11e4-a52e-4f735466cecf":"f.4F28C2583BB65896889CB8FD582548C6.d.BE5AA6D2204E5383F279A0162B2F491E.e.4408","ELEMENT":"f.4F28C2583BB65896889CB8FD582548C6.d.BE5AA6D2204E5383F279A0162B2F491E.e.4408"}]}
COMMAND: POST /session/8710bc86126986cf02bb1d50a5f31e3a/execute/sync - {"script":"<script> [5351 bytes]","args":[{"element-6066-11e4-a52e-4f735466cecf":"f.4F28C2583BB65896889CB8FD582548C6.d.BE5AA6D2204E5383F279A0162B2F491E.e.4408","ELEMENT":"f.4F28C2583BB65896889CB8FD582548C6.d.BE5AA6D2204E5383F279A0162B2F491E.e.4408"}]}
COMMAND: GET /session/8710bc86126986cf02bb1d50a5f31e3a/screenshot - {}
RESULT: {"script":"<script> [5351 bytes]","args":[{"element-6066-11e4-a52e-4f735466cecf":"f.4F28C2583BB65896889CB8FD582548C6.d.BE5AA6D2204E5383F279A0162B2F491E.e.4408","ELEMENT":"f.4F28C2583BB65896889CB8FD582548C6.d.BE5AA6D2204E5383F279A0162B2F491E.e.4408"}]}
COMMAND: POST /session/8710bc86126986cf02bb1d50a5f31e3a/element - {"using":"css selector","value":"#shell-header-logo"}
COMMAND: GET /session/8710bc86126986cf02bb1d50a5f31e3a/screenshot - {}
RESULT: {}
RESULT: {"using":"css selector","value":"#shell-header-logo"}
COMMAND: POST /session/8710bc86126986cf02bb1d50a5f31e3a/element/f.4F28C2583BB65896889CB8FD582548C6.d.BE5AA6D2204E5383F279A0162B2F491E.e.4408/click - {}
RESULT: {}
RESULT: {}
COMMAND: GET /session/8710bc86126986cf02bb1d50a5f31e3a/screenshot - {}
RESULT: {}
COMMAND: POST /session/8710bc86126986cf02bb1d50a5f31e3a/execute/async - {"script":"<script> [189 bytes]","args":[]}
RESULT: {"script":"<script> [189 bytes]","args":[]}
COMMAND: POST /session/8710bc86126986cf02bb1d50a5f31e3a/execute/async - {"script":"<script> [123 bytes]","args":[]}
RESULT: {"script":"<script> [123 bytes]","args":[]}
COMMAND: POST /session/8710bc86126986cf02bb1d50a5f31e3a/timeouts - {"script":"<number>"}
RESULT: {"script":"<number>"}
COMMAND: GET /session/8710bc86126986cf02bb1d50a5f31e3a/timeouts - {}
RESULT: {}
RESULT: undefined
COMMAND: POST /session/8710bc86126986cf02bb1d50a5f31e3a/execute/async - {"script":"<script> [2676 bytes]","args":[]}
RESULT: {"script":"<script> [2676 bytes]","args":[]}
COMMAND: POST /session/8710bc86126986cf02bb1d50a5f31e3a/execute/async - {"script":"<script> [2342 bytes]","args":[{"protocol":"http","hostname":"0.0.0.0","path":"/","capabilities":{"browserName":"chrome","goog:chromeOptions":{"binary":"C:\\Program Files\\Google\\Chrome\\Application\\chrome.exe","args":["--start-maximized"]}},"logLevel":"warn","connectionRetryTimeout":120000,"connectionRetryCount":3,"logLevels":{},"enableDirectConnect":true,"strictSSL":true,"_":"65 more keys: [\"cacheDir\",\"port\",\"requestedCapabilities\",\"automationProtocol\",\"baseUrl\",\"waitforInterval\",\"waitforTimeout\",\"onReload\",\"beforeCommand\",\"afterCommand\",\"rootDir\",\"specs\",\"suites\",\"exclude\",\"groupLogsByTestSpec\",\"excludeDriverLogs\",\"bail\",\"framework\",\"reporters\",\"services\",\"maxInstances\",\"maxInstancesPerCapability\",\"injectGlobals\",\"filesToWatch\",\"execArgv\",\"runnerEnv\",\"runner\",\"shard\",\"specFileRetries\",\"specFileRetriesDelay\",\"specFileRetriesDeferred\",\"reporterSyncInterval\",\"reporterSyncTimeout\",\"cucumberFeaturesWithLineNumbers\",\"autoCompileOpts\",\"mochaOpts\",\"jasmineOpts\",\"cucumberOpts\",\"onPrepare\",\"onWorkerStart\",\"onWorkerEnd\",\"before\",\"beforeSession\",\"beforeSuite\",\"beforeHook\",\"beforeTest\",\"afterTest\",\"afterHook\",\"afterSuite\",\"afterSession\",\"after\",\"onComplete\",\"beforeAssertion\",\"afterAssertion\",\"beforeFeature\",\"beforeScenario\",\"beforeStep\",\"afterStep\",\"afterScenario\",\"afterFeature\",\"_\",\"suite\",\"$0\",\"ignoredWorkerServices\",\"wdi5\"]"}]}
RESULT: {"script":"<script> [2342 bytes]","args":[{"protocol":"http","hostname":"0.0.0.0","path":"/","capabilities":{"browserName":"chrome","goog:chromeOptions":{"binary":"C:\\Program Files\\Google\\Chrome\\Application\\chrome.exe","args":["--start-maximized"]}},"logLevel":"warn","connectionRetryTimeout":120000,"connectionRetryCount":3,"logLevels":{},"enableDirectConnect":true,"strictSSL":true,"_":"65 more keys: [\"cacheDir\",\"port\",\"requestedCapabilities\",\"automationProtocol\",\"baseUrl\",\"waitforInterval\",\"waitforTimeout\",\"onReload\",\"beforeCommand\",\"afterCommand\",\"rootDir\",\"specs\",\"suites\",\"exclude\",\"groupLogsByTestSpec\",\"excludeDriverLogs\",\"bail\",\"framework\",\"reporters\",\"services\",\"maxInstances\",\"maxInstancesPerCapability\",\"injectGlobals\",\"filesToWatch\",\"execArgv\",\"runnerEnv\",\"runner\",\"shard\",\"specFileRetries\",\"specFileRetriesDelay\",\"specFileRetriesDeferred\",\"reporterSyncInterval\",\"reporterSyncTimeout\",\"cucumberFeaturesWithLineNumbers\",\"autoCompileOpts\",\"mochaOpts\",\"jasmineOpts\",\"cucumberOpts\",\"onPrepare\",\"onWorkerStart\",\"onWorkerEnd\",\"before\",\"beforeSession\",\"beforeSuite\",\"beforeHook\",\"beforeTest\",\"afterTest\",\"afterHook\",\"afterSuite\",\"afterSession\",\"after\",\"onComplete\",\"beforeAssertion\",\"afterAssertion\",\"beforeFeature\",\"beforeScenario\",\"beforeStep\",\"afterStep\",\"afterScenario\",\"afterFeature\",\"_\",\"suite\",\"$0\",\"ignoredWorkerServices\",\"wdi5\"]"}]}
COMMAND: POST /session/8710bc86126986cf02bb1d50a5f31e3a/execute/async - {"script":"<script> [21126 bytes]","args":[35000]}
RESULT: {"script":"<script> [21126 bytes]","args":[35000]}
COMMAND: POST /session/8710bc86126986cf02bb1d50a5f31e3a/window/maximize - {}
RESULT: {}
COMMAND: POST /session/8710bc86126986cf02bb1d50a5f31e3a/execute/async - {"script":"<script> [1562 bytes]","args":[{"selector":{"id":"shell-header","interaction":{"idSuffix":"icon"}},"wdio_ui5_key":"shellheader"}]}
COMMAND: GET /session/8710bc86126986cf02bb1d50a5f31e3a/screenshot - {}
RESULT: {"script":"<script> [1562 bytes]","args":[{"selector":{"id":"shell-header","interaction":{"idSuffix":"icon"}},"wdio_ui5_key":"shellheader"}]}
RESULT: undefined
COMMAND: POST /session/8710bc86126986cf02bb1d50a5f31e3a/refresh - {}
RESULT: {}
RESULT: {}
COMMAND: GET /session/8710bc86126986cf02bb1d50a5f31e3a/screenshot - {}
RESULT: {}
COMMAND: POST /session/8710bc86126986cf02bb1d50a5f31e3a/refresh - {}
RESULT: {}
COMMAND: GET /session/8710bc86126986cf02bb1d50a5f31e3a/screenshot - {}
RESULT: {}
COMMAND: POST /session/8710bc86126986cf02bb1d50a5f31e3a/window/fullscreen - {}
RESULT: {}
COMMAND: POST /session/8710bc86126986cf02bb1d50a5f31e3a/execute/async - {"script":"<script> [189 bytes]","args":[]}
RESULT: {"script":"<script> [189 bytes]","args":[]}
COMMAND: POST /session/8710bc86126986cf02bb1d50a5f31e3a/execute/async - {"script":"<script> [123 bytes]","args":[]}
RESULT: {"script":"<script> [123 bytes]","args":[]}
COMMAND: POST /session/8710bc86126986cf02bb1d50a5f31e3a/timeouts - {"script":"<number>"}
RESULT: {"script":"<number>"}
COMMAND: GET /session/8710bc86126986cf02bb1d50a5f31e3a/timeouts - {}
RESULT: {}
RESULT: undefined
COMMAND: POST /session/8710bc86126986cf02bb1d50a5f31e3a/execute/async - {"script":"<script> [2676 bytes]","args":[]}
RESULT: {"script":"<script> [2676 bytes]","args":[]}
COMMAND: POST /session/8710bc86126986cf02bb1d50a5f31e3a/execute/async - {"script":"<script> [2342 bytes]","args":[{"protocol":"http","hostname":"0.0.0.0","path":"/","capabilities":{"browserName":"chrome","goog:chromeOptions":{"binary":"C:\\Program Files\\Google\\Chrome\\Application\\chrome.exe","args":["--start-maximized"]}},"logLevel":"warn","connectionRetryTimeout":120000,"connectionRetryCount":3,"logLevels":{},"enableDirectConnect":true,"strictSSL":true,"_":"65 more keys: [\"cacheDir\",\"port\",\"requestedCapabilities\",\"automationProtocol\",\"baseUrl\",\"waitforInterval\",\"waitforTimeout\",\"onReload\",\"beforeCommand\",\"afterCommand\",\"rootDir\",\"specs\",\"suites\",\"exclude\",\"groupLogsByTestSpec\",\"excludeDriverLogs\",\"bail\",\"framework\",\"reporters\",\"services\",\"maxInstances\",\"maxInstancesPerCapability\",\"injectGlobals\",\"filesToWatch\",\"execArgv\",\"runnerEnv\",\"runner\",\"shard\",\"specFileRetries\",\"specFileRetriesDelay\",\"specFileRetriesDeferred\",\"reporterSyncInterval\",\"reporterSyncTimeout\",\"cucumberFeaturesWithLineNumbers\",\"autoCompileOpts\",\"mochaOpts\",\"jasmineOpts\",\"cucumberOpts\",\"onPrepare\",\"onWorkerStart\",\"onWorkerEnd\",\"before\",\"beforeSession\",\"beforeSuite\",\"beforeHook\",\"beforeTest\",\"afterTest\",\"afterHook\",\"afterSuite\",\"afterSession\",\"after\",\"onComplete\",\"beforeAssertion\",\"afterAssertion\",\"beforeFeature\",\"beforeScenario\",\"beforeStep\",\"afterStep\",\"afterScenario\",\"afterFeature\",\"_\",\"suite\",\"$0\",\"ignoredWorkerServices\",\"wdi5\"]"}]}
RESULT: {"script":"<script> [2342 bytes]","args":[{"protocol":"http","hostname":"0.0.0.0","path":"/","capabilities":{"browserName":"chrome","goog:chromeOptions":{"binary":"C:\\Program Files\\Google\\Chrome\\Application\\chrome.exe","args":["--start-maximized"]}},"logLevel":"warn","connectionRetryTimeout":120000,"connectionRetryCount":3,"logLevels":{},"enableDirectConnect":true,"strictSSL":true,"_":"65 more keys: [\"cacheDir\",\"port\",\"requestedCapabilities\",\"automationProtocol\",\"baseUrl\",\"waitforInterval\",\"waitforTimeout\",\"onReload\",\"beforeCommand\",\"afterCommand\",\"rootDir\",\"specs\",\"suites\",\"exclude\",\"groupLogsByTestSpec\",\"excludeDriverLogs\",\"bail\",\"framework\",\"reporters\",\"services\",\"maxInstances\",\"maxInstancesPerCapability\",\"injectGlobals\",\"filesToWatch\",\"execArgv\",\"runnerEnv\",\"runner\",\"shard\",\"specFileRetries\",\"specFileRetriesDelay\",\"specFileRetriesDeferred\",\"reporterSyncInterval\",\"reporterSyncTimeout\",\"cucumberFeaturesWithLineNumbers\",\"autoCompileOpts\",\"mochaOpts\",\"jasmineOpts\",\"cucumberOpts\",\"onPrepare\",\"onWorkerStart\",\"onWorkerEnd\",\"before\",\"beforeSession\",\"beforeSuite\",\"beforeHook\",\"beforeTest\",\"afterTest\",\"afterHook\",\"afterSuite\",\"afterSession\",\"after\",\"onComplete\",\"beforeAssertion\",\"afterAssertion\",\"beforeFeature\",\"beforeScenario\",\"beforeStep\",\"afterStep\",\"afterScenario\",\"afterFeature\",\"_\",\"suite\",\"$0\",\"ignoredWorkerServices\",\"wdi5\"]"}]}
COMMAND: POST /session/8710bc86126986cf02bb1d50a5f31e3a/execute/async - {"script":"<script> [21126 bytes]","args":[35000]}
RESULT: {"script":"<script> [21126 bytes]","args":[35000]}
]]></system-out>
      <system-err><![CDATA[
Error: Can't call click on element with selector "//bdi[contains(text(), "Trigger Calculation")]" because element wasn't found
    at async UtilsPrerequisites.manageBillingsTriggerCalculation (D:\a\1\s\test\specs\BTS\prerequisites-and-utils-functions.js:2762:9)
    at async Context.<anonymous> (D:\a\1\s\test\specs\BTS\billing-confirm.spec.js:75:9)
]]></system-err>
    </testcase>
  </testsuite>
  <testsuite timestamp="2025-05-22T17:29:59" time="1412.194" tests="14" failures="0" errors="0" skipped="0">
    <properties>
      <property name="specId" value="0"/>
      <property name="suiteName" value="Create master data for mixed billing &amp; do billing calculation US151661"/>
      <property name="capabilities" value="chrome.136_0_7103_93.windows"/>
      <property name="file" value="file:///D:/a/1/s/test/specs/BTS/billing-calculation-mixed.spec.js"/>
    </properties>
    <testcase classname="chrome.136_0_7103_93.windows.Create_master_data_for_mixed_billing_&amp;_do_billing_calculation_US151661" name="Should create a new yard" time="125.639">
      <system-out><![CDATA[
COMMAND: POST /session/8710bc86126986cf02bb1d50a5f31e3a/window/fullscreen - {}
RESULT: {}
COMMAND: POST /session/8710bc86126986cf02bb1d50a5f31e3a/execute/async - {"script":"<script> [1562 bytes]","args":[{"selector":{"controlType":"sap.m.GenericTile","properties":{"header":"Manage Yards"}},"wdio_ui5_key":"sapm.GenericTile{\"header\":\"Manage Yards\"}"}]}
RESULT: {"script":"<script> [1562 bytes]","args":[{"selector":{"controlType":"sap.m.GenericTile","properties":{"header":"Manage Yards"}},"wdio_ui5_key":"sapm.GenericTile{\"header\":\"Manage Yards\"}"}]}
RESULT: undefined
COMMAND: POST /session/8710bc86126986cf02bb1d50a5f31e3a/element - {"using":"xpath","value":"//*[@id=\"__tile41\"]"}
RESULT: {"using":"xpath","value":"//*[@id=\"__tile41\"]"}
COMMAND: POST /session/8710bc86126986cf02bb1d50a5f31e3a/element/f.4F28C2583BB65896889CB8FD582548C6.d.AD85E3BDE3D04DCB17C0596F9973CBC9.e.4545/click - {}
RESULT: {}
COMMAND: GET /session/8710bc86126986cf02bb1d50a5f31e3a/screenshot - {}
RESULT: {}
COMMAND: POST /session/8710bc86126986cf02bb1d50a5f31e3a/elements - {"using":"xpath","value":"//span[text()='Error']"}
RESULT: {"using":"xpath","value":"//span[text()='Error']"}
COMMAND: POST /session/8710bc86126986cf02bb1d50a5f31e3a/element - {"using":"xpath","value":"//button[@data-kt=\"addNewYardOverflowToolbarButton\"]"}
RESULT: {"using":"xpath","value":"//button[@data-kt=\"addNewYardOverflowToolbarButton\"]"}
COMMAND: POST /session/8710bc86126986cf02bb1d50a5f31e3a/elements - {"using":"xpath","value":"//button[@data-kt=\"addNewYardOverflowToolbarButton\"]"}
RESULT: {"using":"xpath","value":"//button[@data-kt=\"addNewYardOverflowToolbarButton\"]"}
COMMAND: POST /session/8710bc86126986cf02bb1d50a5f31e3a/elements - {"using":"xpath","value":"//button[@data-kt=\"addNewYardOverflowToolbarButton\"]"}
RESULT: {"using":"xpath","value":"//button[@data-kt=\"addNewYardOverflowToolbarButton\"]"}
COMMAND: POST /session/8710bc86126986cf02bb1d50a5f31e3a/element - {"using":"xpath","value":"//button[@data-kt=\"addNewYardOverflowToolbarButton\"]"}
RESULT: {"using":"xpath","value":"//button[@data-kt=\"addNewYardOverflowToolbarButton\"]"}
COMMAND: POST /session/8710bc86126986cf02bb1d50a5f31e3a/execute/sync - {"script":"<script> [8489 bytes]","args":[{"element-6066-11e4-a52e-4f735466cecf":"f.4F28C2583BB65896889CB8FD582548C6.d.AD85E3BDE3D04DCB17C0596F9973CBC9.e.4702","ELEMENT":"f.4F28C2583BB65896889CB8FD582548C6.d.AD85E3BDE3D04DCB17C0596F9973CBC9.e.4702"}]}
RESULT: {"script":"<script> [8489 bytes]","args":[{"element-6066-11e4-a52e-4f735466cecf":"f.4F28C2583BB65896889CB8FD582548C6.d.AD85E3BDE3D04DCB17C0596F9973CBC9.e.4702","ELEMENT":"f.4F28C2583BB65896889CB8FD582548C6.d.AD85E3BDE3D04DCB17C0596F9973CBC9.e.4702"}]}
COMMAND: GET /session/8710bc86126986cf02bb1d50a5f31e3a/element/f.4F28C2583BB65896889CB8FD582548C6.d.AD85E3BDE3D04DCB17C0596F9973CBC9.e.4702/enabled - {}
COMMAND: GET /session/8710bc86126986cf02bb1d50a5f31e3a/screenshot - {}
RESULT: {}
COMMAND: POST /session/8710bc86126986cf02bb1d50a5f31e3a/execute/sync - {"script":"<script> [8489 bytes]","args":[{"element-6066-11e4-a52e-4f735466cecf":"f.4F28C2583BB65896889CB8FD582548C6.d.AD85E3BDE3D04DCB17C0596F9973CBC9.e.4702","ELEMENT":"f.4F28C2583BB65896889CB8FD582548C6.d.AD85E3BDE3D04DCB17C0596F9973CBC9.e.4702"}]}
COMMAND: GET /session/8710bc86126986cf02bb1d50a5f31e3a/screenshot - {}
RESULT: {}
RESULT: {"script":"<script> [8489 bytes]","args":[{"element-6066-11e4-a52e-4f735466cecf":"f.4F28C2583BB65896889CB8FD582548C6.d.AD85E3BDE3D04DCB17C0596F9973CBC9.e.4702","ELEMENT":"f.4F28C2583BB65896889CB8FD582548C6.d.AD85E3BDE3D04DCB17C0596F9973CBC9.e.4702"}]}
COMMAND: POST /session/8710bc86126986cf02bb1d50a5f31e3a/execute/sync - {"script":"<script> [5351 bytes]","args":[{"element-6066-11e4-a52e-4f735466cecf":"f.4F28C2583BB65896889CB8FD582548C6.d.AD85E3BDE3D04DCB17C0596F9973CBC9.e.4702","ELEMENT":"f.4F28C2583BB65896889CB8FD582548C6.d.AD85E3BDE3D04DCB17C0596F9973CBC9.e.4702"}]}
COMMAND: GET /session/8710bc86126986cf02bb1d50a5f31e3a/screenshot - {}
RESULT: {}
RESULT: {"script":"<script> [5351 bytes]","args":[{"element-6066-11e4-a52e-4f735466cecf":"f.4F28C2583BB65896889CB8FD582548C6.d.AD85E3BDE3D04DCB17C0596F9973CBC9.e.4702","ELEMENT":"f.4F28C2583BB65896889CB8FD582548C6.d.AD85E3BDE3D04DCB17C0596F9973CBC9.e.4702"}]}
COMMAND: POST /session/8710bc86126986cf02bb1d50a5f31e3a/element/f.4F28C2583BB65896889CB8FD582548C6.d.AD85E3BDE3D04DCB17C0596F9973CBC9.e.4702/click - {}
COMMAND: GET /session/8710bc86126986cf02bb1d50a5f31e3a/screenshot - {}
RESULT: {}
RESULT: {}
COMMAND: GET /session/8710bc86126986cf02bb1d50a5f31e3a/screenshot - {}
RESULT: {}
RESULT: {}
COMMAND: POST /session/8710bc86126986cf02bb1d50a5f31e3a/element - {"using":"xpath","value":"//input[@id=\"application-manageyards-display-component---NewYard--yardId-inner\"]"}
RESULT: {"using":"xpath","value":"//input[@id=\"application-manageyards-display-component---NewYard--yardId-inner\"]"}
COMMAND: POST /session/8710bc86126986cf02bb1d50a5f31e3a/element - {"using":"xpath","value":"//input[@id=\"application-manageyards-display-component---NewYard--yardId-inner\"]"}
RESULT: {"using":"xpath","value":"//input[@id=\"application-manageyards-display-component---NewYard--yardId-inner\"]"}
COMMAND: POST /session/8710bc86126986cf02bb1d50a5f31e3a/execute/async - {"script":"<script> [1562 bytes]","args":[{"selector":{"id":"application-manageyards-display-component---NewYard--addressDetailDetailsName1","interaction":{"idSuffix":"inner"}},"wdio_ui5_key":"applicationmanageyards-display-component---NewYard--addressDetailDetailsName1"}]}
RESULT: {"script":"<script> [1562 bytes]","args":[{"selector":{"id":"application-manageyards-display-component---NewYard--addressDetailDetailsName1","interaction":{"idSuffix":"inner"}},"wdio_ui5_key":"applicationmanageyards-display-component---NewYard--addressDetailDetailsName1"}]}
RESULT: undefined
COMMAND: POST /session/8710bc86126986cf02bb1d50a5f31e3a/execute/async - {"script":"<script> [776 bytes]","args":[{"enterText":"Intercompany Yard wdIO","selector":{"id":"application-manageyards-display-component---NewYard--addressDetailDetailsName1","interaction":{"idSuffix":"inner"}},"clearTextFirst":true,"interactionType":"ENTER_TEXT"}]}
RESULT: {"script":"<script> [776 bytes]","args":[{"enterText":"Intercompany Yard wdIO","selector":{"id":"application-manageyards-display-component---NewYard--addressDetailDetailsName1","interaction":{"idSuffix":"inner"}},"clearTextFirst":true,"interactionType":"ENTER_TEXT"}]}
COMMAND: POST /session/8710bc86126986cf02bb1d50a5f31e3a/execute/async - {"script":"<script> [1562 bytes]","args":[{"selector":{"id":"application-manageyards-display-component---NewYard--addressDetailDetailsLanguage-arrow"},"wdio_ui5_key":"applicationmanageyards-display-component---NewYard--addressDetailDetailsLanguage-arrow"}]}
RESULT: {"script":"<script> [1562 bytes]","args":[{"selector":{"id":"application-manageyards-display-component---NewYard--addressDetailDetailsLanguage-arrow"},"wdio_ui5_key":"applicationmanageyards-display-component---NewYard--addressDetailDetailsLanguage-arrow"}]}
RESULT: undefined
COMMAND: POST /session/8710bc86126986cf02bb1d50a5f31e3a/element - {"using":"xpath","value":"//*[@id=\"application-manageyards-display-component---NewYard--addressDetailDetailsLanguage-arrow\"]"}
RESULT: {"using":"xpath","value":"//*[@id=\"application-manageyards-display-component---NewYard--addressDetailDetailsLanguage-arrow\"]"}
COMMAND: POST /session/8710bc86126986cf02bb1d50a5f31e3a/element/f.4F28C2583BB65896889CB8FD582548C6.d.AD85E3BDE3D04DCB17C0596F9973CBC9.e.4967/click - {}
RESULT: {}
COMMAND: POST /session/8710bc86126986cf02bb1d50a5f31e3a/element - {"using":"xpath","value":"//span[contains(text(), \"English\")]"}
COMMAND: GET /session/8710bc86126986cf02bb1d50a5f31e3a/screenshot - {}
RESULT: {"using":"xpath","value":"//span[contains(text(), \"English\")]"}
COMMAND: POST /session/8710bc86126986cf02bb1d50a5f31e3a/element/f.4F28C2583BB65896889CB8FD582548C6.d.AD85E3BDE3D04DCB17C0596F9973CBC9.e.4968/click - {}
RESULT: {}
RESULT: {}
COMMAND: POST /session/8710bc86126986cf02bb1d50a5f31e3a/execute/async - {"script":"<script> [1562 bytes]","args":[{"selector":{"id":"application-manageyards-display-component---NewYard--addressDetailDetailsCity1","interaction":{"idSuffix":"inner"}},"wdio_ui5_key":"applicationmanageyards-display-component---NewYard--addressDetailDetailsCity1"}]}
COMMAND: GET /session/8710bc86126986cf02bb1d50a5f31e3a/screenshot - {}
RESULT: {"script":"<script> [1562 bytes]","args":[{"selector":{"id":"application-manageyards-display-component---NewYard--addressDetailDetailsCity1","interaction":{"idSuffix":"inner"}},"wdio_ui5_key":"applicationmanageyards-display-component---NewYard--addressDetailDetailsCity1"}]}
RESULT: undefined
COMMAND: POST /session/8710bc86126986cf02bb1d50a5f31e3a/execute/async - {"script":"<script> [776 bytes]","args":[{"enterText":"Rosario","selector":{"id":"application-manageyards-display-component---NewYard--addressDetailDetailsCity1","interaction":{"idSuffix":"inner"}},"clearTextFirst":true,"interactionType":"ENTER_TEXT"}]}
RESULT: {}
RESULT: {"script":"<script> [776 bytes]","args":[{"enterText":"Rosario","selector":{"id":"application-manageyards-display-component---NewYard--addressDetailDetailsCity1","interaction":{"idSuffix":"inner"}},"clearTextFirst":true,"interactionType":"ENTER_TEXT"}]}
COMMAND: POST /session/8710bc86126986cf02bb1d50a5f31e3a/execute/async - {"script":"<script> [1562 bytes]","args":[{"selector":{"id":"application-manageyards-display-component---NewYard--addressDetailDetailsCountry-arrow"},"wdio_ui5_key":"applicationmanageyards-display-component---NewYard--addressDetailDetailsCountry-arrow"}]}
RESULT: {"script":"<script> [1562 bytes]","args":[{"selector":{"id":"application-manageyards-display-component---NewYard--addressDetailDetailsCountry-arrow"},"wdio_ui5_key":"applicationmanageyards-display-component---NewYard--addressDetailDetailsCountry-arrow"}]}
RESULT: undefined
COMMAND: POST /session/8710bc86126986cf02bb1d50a5f31e3a/element - {"using":"xpath","value":"//*[@id=\"application-manageyards-display-component---NewYard--addressDetailDetailsCountry-arrow\"]"}
RESULT: {"using":"xpath","value":"//*[@id=\"application-manageyards-display-component---NewYard--addressDetailDetailsCountry-arrow\"]"}
COMMAND: POST /session/8710bc86126986cf02bb1d50a5f31e3a/element/f.4F28C2583BB65896889CB8FD582548C6.d.AD85E3BDE3D04DCB17C0596F9973CBC9.e.4970/click - {}
RESULT: {}
COMMAND: POST /session/8710bc86126986cf02bb1d50a5f31e3a/element - {"using":"xpath","value":"//span[contains(text(), \"Argentina\")]"}
COMMAND: GET /session/8710bc86126986cf02bb1d50a5f31e3a/screenshot - {}
RESULT: {"using":"xpath","value":"//span[contains(text(), \"Argentina\")]"}
COMMAND: POST /session/8710bc86126986cf02bb1d50a5f31e3a/element/f.4F28C2583BB65896889CB8FD582548C6.d.AD85E3BDE3D04DCB17C0596F9973CBC9.e.4971/click - {}
RESULT: {}
RESULT: {}
COMMAND: POST /session/8710bc86126986cf02bb1d50a5f31e3a/execute/async - {"script":"<script> [1562 bytes]","args":[{"selector":{"id":"application-manageyards-display-component---NewYard--addressEditDetailsCostObjectCstType-arrow"},"wdio_ui5_key":"applicationmanageyards-display-component---NewYard--addressEditDetailsCostObjectCstType-arrow"}]}
COMMAND: GET /session/8710bc86126986cf02bb1d50a5f31e3a/screenshot - {}
RESULT: {"script":"<script> [1562 bytes]","args":[{"selector":{"id":"application-manageyards-display-component---NewYard--addressEditDetailsCostObjectCstType-arrow"},"wdio_ui5_key":"applicationmanageyards-display-component---NewYard--addressEditDetailsCostObjectCstType-arrow"}]}
RESULT: undefined
COMMAND: POST /session/8710bc86126986cf02bb1d50a5f31e3a/element - {"using":"xpath","value":"//*[@id=\"application-manageyards-display-component---NewYard--addressEditDetailsCostObjectCstType-arrow\"]"}
RESULT: {}
RESULT: {"using":"xpath","value":"//*[@id=\"application-manageyards-display-component---NewYard--addressEditDetailsCostObjectCstType-arrow\"]"}
COMMAND: POST /session/8710bc86126986cf02bb1d50a5f31e3a/element/f.4F28C2583BB65896889CB8FD582548C6.d.AD85E3BDE3D04DCB17C0596F9973CBC9.e.4972/click - {}
RESULT: {}
COMMAND: POST /session/8710bc86126986cf02bb1d50a5f31e3a/element - {"using":"xpath","value":"//span[contains(text(), \"Cost Center\")]"}
COMMAND: GET /session/8710bc86126986cf02bb1d50a5f31e3a/screenshot - {}
RESULT: {"using":"xpath","value":"//span[contains(text(), \"Cost Center\")]"}
COMMAND: POST /session/8710bc86126986cf02bb1d50a5f31e3a/element/f.4F28C2583BB65896889CB8FD582548C6.d.AD85E3BDE3D04DCB17C0596F9973CBC9.e.4973/click - {}
RESULT: {}
RESULT: {}
COMMAND: GET /session/8710bc86126986cf02bb1d50a5f31e3a/screenshot - {}
RESULT: {}
COMMAND: POST /session/8710bc86126986cf02bb1d50a5f31e3a/element - {"using":"xpath","value":"//span[@id=\"application-manageyards-display-component---NewYard--addressNewCostObjectCstID-vhi\"]"}
RESULT: {"using":"xpath","value":"//span[@id=\"application-manageyards-display-component---NewYard--addressNewCostObjectCstID-vhi\"]"}
COMMAND: POST /session/8710bc86126986cf02bb1d50a5f31e3a/execute/sync - {"script":"<script> [8489 bytes]","args":[{"element-6066-11e4-a52e-4f735466cecf":"f.4F28C2583BB65896889CB8FD582548C6.d.AD85E3BDE3D04DCB17C0596F9973CBC9.e.4977","ELEMENT":"f.4F28C2583BB65896889CB8FD582548C6.d.AD85E3BDE3D04DCB17C0596F9973CBC9.e.4977"}]}
RESULT: {"script":"<script> [8489 bytes]","args":[{"element-6066-11e4-a52e-4f735466cecf":"f.4F28C2583BB65896889CB8FD582548C6.d.AD85E3BDE3D04DCB17C0596F9973CBC9.e.4977","ELEMENT":"f.4F28C2583BB65896889CB8FD582548C6.d.AD85E3BDE3D04DCB17C0596F9973CBC9.e.4977"}]}
COMMAND: POST /session/8710bc86126986cf02bb1d50a5f31e3a/execute/async - {"script":"<script> [1562 bytes]","args":[{"selector":{"id":"application-manageyards-display-component---NewYard--addressNewCostObjectCstID-vhi"},"wdio_ui5_key":"applicationmanageyards-display-component---NewYard--addressNewCostObjectCstID-vhi"}]}
COMMAND: GET /session/8710bc86126986cf02bb1d50a5f31e3a/screenshot - {}
RESULT: {"script":"<script> [1562 bytes]","args":[{"selector":{"id":"application-manageyards-display-component---NewYard--addressNewCostObjectCstID-vhi"},"wdio_ui5_key":"applicationmanageyards-display-component---NewYard--addressNewCostObjectCstID-vhi"}]}
RESULT: undefined
COMMAND: POST /session/8710bc86126986cf02bb1d50a5f31e3a/element - {"using":"xpath","value":"//*[@id=\"application-manageyards-display-component---NewYard--addressNewCostObjectCstID-vhi\"]"}
RESULT: {}
RESULT: {"using":"xpath","value":"//*[@id=\"application-manageyards-display-component---NewYard--addressNewCostObjectCstID-vhi\"]"}
COMMAND: POST /session/8710bc86126986cf02bb1d50a5f31e3a/element/f.4F28C2583BB65896889CB8FD582548C6.d.AD85E3BDE3D04DCB17C0596F9973CBC9.e.4977/click - {}
RESULT: {}
COMMAND: GET /session/8710bc86126986cf02bb1d50a5f31e3a/screenshot - {}
RESULT: {}
COMMAND: POST /session/8710bc86126986cf02bb1d50a5f31e3a/execute/async - {"script":"<script> [1562 bytes]","args":[{"selector":{"controlType":"sap.m.SearchField","properties":{"placeholder":"Search"},"searchOpenDialogs":true,"interaction":{"idSuffix":"I"}},"wdio_ui5_key":"sapm.SearchField{\"placeholder\":\"Search\"}"}]}
RESULT: {"script":"<script> [1562 bytes]","args":[{"selector":{"controlType":"sap.m.SearchField","properties":{"placeholder":"Search"},"searchOpenDialogs":true,"interaction":{"idSuffix":"I"}},"wdio_ui5_key":"sapm.SearchField{\"placeholder\":\"Search\"}"}]}
RESULT: undefined
COMMAND: POST /session/8710bc86126986cf02bb1d50a5f31e3a/execute/async - {"script":"<script> [776 bytes]","args":[{"enterText":"bauh_b","selector":{"controlType":"sap.m.SearchField","properties":{"placeholder":"Search"},"searchOpenDialogs":true,"interaction":{"idSuffix":"I"}},"clearTextFirst":true,"interactionType":"ENTER_TEXT"}]}
RESULT: {"script":"<script> [776 bytes]","args":[{"enterText":"bauh_b","selector":{"controlType":"sap.m.SearchField","properties":{"placeholder":"Search"},"searchOpenDialogs":true,"interaction":{"idSuffix":"I"}},"clearTextFirst":true,"interactionType":"ENTER_TEXT"}]}
COMMAND: POST /session/8710bc86126986cf02bb1d50a5f31e3a/actions - {"actions":[{"id":"action19","type":"key","parameters":{},"actions":[{"type":"keyDown","value":""},{"type":"pause","duration":10},{"type":"keyUp","value":""}]}]}
RESULT: {"actions":[{"id":"action19","type":"key","parameters":{},"actions":[{"type":"keyDown","value":""},{"type":"pause","duration":10},{"type":"keyUp","value":""}]}]}
COMMAND: GET /session/8710bc86126986cf02bb1d50a5f31e3a/screenshot - {}
RESULT: {}
COMMAND: POST /session/8710bc86126986cf02bb1d50a5f31e3a/element - {"using":"xpath","value":"//span[contains(text(), \"Demo Yard\")]"}
RESULT: {"using":"xpath","value":"//span[contains(text(), \"Demo Yard\")]"}
COMMAND: POST /session/8710bc86126986cf02bb1d50a5f31e3a/element/f.4F28C2583BB65896889CB8FD582548C6.d.AD85E3BDE3D04DCB17C0596F9973CBC9.e.5017/click - {}
RESULT: {}
COMMAND: GET /session/8710bc86126986cf02bb1d50a5f31e3a/screenshot - {}
RESULT: {}
COMMAND: POST /session/8710bc86126986cf02bb1d50a5f31e3a/element - {"using":"xpath","value":"//bdi[contains(text(), \"OK\")]"}
RESULT: {"using":"xpath","value":"//bdi[contains(text(), \"OK\")]"}
COMMAND: POST /session/8710bc86126986cf02bb1d50a5f31e3a/element/f.4F28C2583BB65896889CB8FD582548C6.d.AD85E3BDE3D04DCB17C0596F9973CBC9.e.5018/click - {}
RESULT: {}
COMMAND: GET /session/8710bc86126986cf02bb1d50a5f31e3a/screenshot - {}
RESULT: {}
COMMAND: POST /session/8710bc86126986cf02bb1d50a5f31e3a/execute/async - {"script":"<script> [1562 bytes]","args":[{"selector":{"id":"application-manageyards-display-component---NewYard--addressEditDetailsCurrency-arrow"},"wdio_ui5_key":"applicationmanageyards-display-component---NewYard--addressEditDetailsCurrency-arrow"}]}
RESULT: {"script":"<script> [1562 bytes]","args":[{"selector":{"id":"application-manageyards-display-component---NewYard--addressEditDetailsCurrency-arrow"},"wdio_ui5_key":"applicationmanageyards-display-component---NewYard--addressEditDetailsCurrency-arrow"}]}
RESULT: undefined
COMMAND: POST /session/8710bc86126986cf02bb1d50a5f31e3a/element - {"using":"xpath","value":"//*[@id=\"application-manageyards-display-component---NewYard--addressEditDetailsCurrency-arrow\"]"}
RESULT: {"using":"xpath","value":"//*[@id=\"application-manageyards-display-component---NewYard--addressEditDetailsCurrency-arrow\"]"}
COMMAND: POST /session/8710bc86126986cf02bb1d50a5f31e3a/element/f.4F28C2583BB65896889CB8FD582548C6.d.AD85E3BDE3D04DCB17C0596F9973CBC9.e.5021/click - {}
RESULT: {}
COMMAND: POST /session/8710bc86126986cf02bb1d50a5f31e3a/element - {"using":"xpath","value":"//span[contains(text(), \"Euro\")]"}
COMMAND: GET /session/8710bc86126986cf02bb1d50a5f31e3a/screenshot - {}
RESULT: {"using":"xpath","value":"//span[contains(text(), \"Euro\")]"}
COMMAND: POST /session/8710bc86126986cf02bb1d50a5f31e3a/element/f.4F28C2583BB65896889CB8FD582548C6.d.AD85E3BDE3D04DCB17C0596F9973CBC9.e.5022/click - {}
RESULT: {}
RESULT: {}
COMMAND: POST /session/8710bc86126986cf02bb1d50a5f31e3a/execute/async - {"script":"<script> [1562 bytes]","args":[{"selector":{"controlType":"sap.m.Input","viewName":"etm.portal.ui.manageyards.view.New","viewId":"application-manageyards-display-component---NewYard","bindingPath":{"path":"","propertyPath":"/CONTROLLING_AREA","modelName":"NewYardModel"},"interaction":{"idSuffix":"inner"}},"wdio_ui5_key":"etmportal.ui.manageyards.view.Newsap.m.Input{\"path\":\"\",\"propertyPath\":\"/CONTROLLING_AREA\",\"modelName\":\"NewYardModel\"}"}]}
COMMAND: GET /session/8710bc86126986cf02bb1d50a5f31e3a/screenshot - {}
RESULT: {"script":"<script> [1562 bytes]","args":[{"selector":{"controlType":"sap.m.Input","viewName":"etm.portal.ui.manageyards.view.New","viewId":"application-manageyards-display-component---NewYard","bindingPath":{"path":"","propertyPath":"/CONTROLLING_AREA","modelName":"NewYardModel"},"interaction":{"idSuffix":"inner"}},"wdio_ui5_key":"etmportal.ui.manageyards.view.Newsap.m.Input{\"path\":\"\",\"propertyPath\":\"/CONTROLLING_AREA\",\"modelName\":\"NewYardModel\"}"}]}
RESULT: undefined
COMMAND: POST /session/8710bc86126986cf02bb1d50a5f31e3a/execute/async - {"script":"<script> [776 bytes]","args":[{"enterText":"Z001","selector":{"controlType":"sap.m.Input","viewName":"etm.portal.ui.manageyards.view.New","viewId":"application-manageyards-display-component---NewYard","bindingPath":{"path":"","propertyPath":"/CONTROLLING_AREA","modelName":"NewYardModel"},"interaction":{"idSuffix":"inner"}},"clearTextFirst":true,"interactionType":"ENTER_TEXT"}]}
RESULT: {}
RESULT: {"script":"<script> [776 bytes]","args":[{"enterText":"Z001","selector":{"controlType":"sap.m.Input","viewName":"etm.portal.ui.manageyards.view.New","viewId":"application-manageyards-display-component---NewYard","bindingPath":{"path":"","propertyPath":"/CONTROLLING_AREA","modelName":"NewYardModel"},"interaction":{"idSuffix":"inner"}},"clearTextFirst":true,"interactionType":"ENTER_TEXT"}]}
COMMAND: POST /session/8710bc86126986cf02bb1d50a5f31e3a/execute/async - {"script":"<script> [1562 bytes]","args":[{"selector":{"id":"application-manageyards-display-component---NewYard--companyCodeComboBox","interaction":{"idSuffix":"inner"}},"wdio_ui5_key":"applicationmanageyards-display-component---NewYard--companyCodeComboBox"}]}
RESULT: {"script":"<script> [1562 bytes]","args":[{"selector":{"id":"application-manageyards-display-component---NewYard--companyCodeComboBox","interaction":{"idSuffix":"inner"}},"wdio_ui5_key":"applicationmanageyards-display-component---NewYard--companyCodeComboBox"}]}
RESULT: undefined
COMMAND: POST /session/8710bc86126986cf02bb1d50a5f31e3a/execute/async - {"script":"<script> [776 bytes]","args":[{"enterText":"1000","selector":{"id":"application-manageyards-display-component---NewYard--companyCodeComboBox","interaction":{"idSuffix":"inner"}},"clearTextFirst":true,"interactionType":"ENTER_TEXT"}]}
RESULT: {"script":"<script> [776 bytes]","args":[{"enterText":"1000","selector":{"id":"application-manageyards-display-component---NewYard--companyCodeComboBox","interaction":{"idSuffix":"inner"}},"clearTextFirst":true,"interactionType":"ENTER_TEXT"}]}
COMMAND: POST /session/8710bc86126986cf02bb1d50a5f31e3a/execute/async - {"script":"<script> [1562 bytes]","args":[{"selector":{"controlType":"sap.m.Input","viewName":"etm.portal.ui.manageyards.view.New","viewId":"application-manageyards-display-component---NewYard","bindingPath":{"path":"","propertyPath":"/PLANT","modelName":"NewYardModel"},"interaction":{"idSuffix":"inner"}},"wdio_ui5_key":"etmportal.ui.manageyards.view.Newsap.m.Input{\"path\":\"\",\"propertyPath\":\"/PLANT\",\"modelName\":\"NewYardModel\"}"}]}
RESULT: {"script":"<script> [1562 bytes]","args":[{"selector":{"controlType":"sap.m.Input","viewName":"etm.portal.ui.manageyards.view.New","viewId":"application-manageyards-display-component---NewYard","bindingPath":{"path":"","propertyPath":"/PLANT","modelName":"NewYardModel"},"interaction":{"idSuffix":"inner"}},"wdio_ui5_key":"etmportal.ui.manageyards.view.Newsap.m.Input{\"path\":\"\",\"propertyPath\":\"/PLANT\",\"modelName\":\"NewYardModel\"}"}]}
RESULT: undefined
COMMAND: POST /session/8710bc86126986cf02bb1d50a5f31e3a/execute/async - {"script":"<script> [776 bytes]","args":[{"enterText":"1001","selector":{"controlType":"sap.m.Input","viewName":"etm.portal.ui.manageyards.view.New","viewId":"application-manageyards-display-component---NewYard","bindingPath":{"path":"","propertyPath":"/PLANT","modelName":"NewYardModel"},"interaction":{"idSuffix":"inner"}},"clearTextFirst":true,"interactionType":"ENTER_TEXT"}]}
RESULT: {"script":"<script> [776 bytes]","args":[{"enterText":"1001","selector":{"controlType":"sap.m.Input","viewName":"etm.portal.ui.manageyards.view.New","viewId":"application-manageyards-display-component---NewYard","bindingPath":{"path":"","propertyPath":"/PLANT","modelName":"NewYardModel"},"interaction":{"idSuffix":"inner"}},"clearTextFirst":true,"interactionType":"ENTER_TEXT"}]}
COMMAND: POST /session/8710bc86126986cf02bb1d50a5f31e3a/execute/async - {"script":"<script> [1562 bytes]","args":[{"selector":{"controlType":"sap.m.Input","viewName":"etm.portal.ui.manageyards.view.New","viewId":"application-manageyards-display-component---NewYard","bindingPath":{"path":"","propertyPath":"/SALES_AREA_VKORG","modelName":"NewYardModel"},"interaction":{"idSuffix":"inner"}},"wdio_ui5_key":"etmportal.ui.manageyards.view.Newsap.m.Input{\"path\":\"\",\"propertyPath\":\"/SALES_AREA_VKORG\",\"modelName\":\"NewYardModel\"}"}]}
RESULT: {"script":"<script> [1562 bytes]","args":[{"selector":{"controlType":"sap.m.Input","viewName":"etm.portal.ui.manageyards.view.New","viewId":"application-manageyards-display-component---NewYard","bindingPath":{"path":"","propertyPath":"/SALES_AREA_VKORG","modelName":"NewYardModel"},"interaction":{"idSuffix":"inner"}},"wdio_ui5_key":"etmportal.ui.manageyards.view.Newsap.m.Input{\"path\":\"\",\"propertyPath\":\"/SALES_AREA_VKORG\",\"modelName\":\"NewYardModel\"}"}]}
RESULT: undefined
COMMAND: POST /session/8710bc86126986cf02bb1d50a5f31e3a/execute/async - {"script":"<script> [776 bytes]","args":[{"enterText":"C002","selector":{"controlType":"sap.m.Input","viewName":"etm.portal.ui.manageyards.view.New","viewId":"application-manageyards-display-component---NewYard","bindingPath":{"path":"","propertyPath":"/SALES_AREA_VKORG","modelName":"NewYardModel"},"interaction":{"idSuffix":"inner"}},"clearTextFirst":true,"interactionType":"ENTER_TEXT"}]}
RESULT: {"script":"<script> [776 bytes]","args":[{"enterText":"C002","selector":{"controlType":"sap.m.Input","viewName":"etm.portal.ui.manageyards.view.New","viewId":"application-manageyards-display-component---NewYard","bindingPath":{"path":"","propertyPath":"/SALES_AREA_VKORG","modelName":"NewYardModel"},"interaction":{"idSuffix":"inner"}},"clearTextFirst":true,"interactionType":"ENTER_TEXT"}]}
COMMAND: POST /session/8710bc86126986cf02bb1d50a5f31e3a/execute/async - {"script":"<script> [1562 bytes]","args":[{"selector":{"controlType":"sap.m.Input","viewName":"etm.portal.ui.manageyards.view.New","viewId":"application-manageyards-display-component---NewYard","bindingPath":{"path":"","propertyPath":"/SALES_AREA_VTWEG","modelName":"NewYardModel"},"interaction":{"idSuffix":"inner"}},"wdio_ui5_key":"etmportal.ui.manageyards.view.Newsap.m.Input{\"path\":\"\",\"propertyPath\":\"/SALES_AREA_VTWEG\",\"modelName\":\"NewYardModel\"}"}]}
RESULT: {"script":"<script> [1562 bytes]","args":[{"selector":{"controlType":"sap.m.Input","viewName":"etm.portal.ui.manageyards.view.New","viewId":"application-manageyards-display-component---NewYard","bindingPath":{"path":"","propertyPath":"/SALES_AREA_VTWEG","modelName":"NewYardModel"},"interaction":{"idSuffix":"inner"}},"wdio_ui5_key":"etmportal.ui.manageyards.view.Newsap.m.Input{\"path\":\"\",\"propertyPath\":\"/SALES_AREA_VTWEG\",\"modelName\":\"NewYardModel\"}"}]}
RESULT: undefined
COMMAND: POST /session/8710bc86126986cf02bb1d50a5f31e3a/execute/async - {"script":"<script> [776 bytes]","args":[{"enterText":"C2","selector":{"controlType":"sap.m.Input","viewName":"etm.portal.ui.manageyards.view.New","viewId":"application-manageyards-display-component---NewYard","bindingPath":{"path":"","propertyPath":"/SALES_AREA_VTWEG","modelName":"NewYardModel"},"interaction":{"idSuffix":"inner"}},"clearTextFirst":true,"interactionType":"ENTER_TEXT"}]}
RESULT: {"script":"<script> [776 bytes]","args":[{"enterText":"C2","selector":{"controlType":"sap.m.Input","viewName":"etm.portal.ui.manageyards.view.New","viewId":"application-manageyards-display-component---NewYard","bindingPath":{"path":"","propertyPath":"/SALES_AREA_VTWEG","modelName":"NewYardModel"},"interaction":{"idSuffix":"inner"}},"clearTextFirst":true,"interactionType":"ENTER_TEXT"}]}
COMMAND: POST /session/8710bc86126986cf02bb1d50a5f31e3a/execute/async - {"script":"<script> [1562 bytes]","args":[{"selector":{"controlType":"sap.m.Input","viewName":"etm.portal.ui.manageyards.view.New","viewId":"application-manageyards-display-component---NewYard","bindingPath":{"path":"","propertyPath":"/SALES_AREA_SPART","modelName":"NewYardModel"},"interaction":{"idSuffix":"inner"}},"wdio_ui5_key":"etmportal.ui.manageyards.view.Newsap.m.Input{\"path\":\"\",\"propertyPath\":\"/SALES_AREA_SPART\",\"modelName\":\"NewYardModel\"}"}]}
RESULT: {"script":"<script> [1562 bytes]","args":[{"selector":{"controlType":"sap.m.Input","viewName":"etm.portal.ui.manageyards.view.New","viewId":"application-manageyards-display-component---NewYard","bindingPath":{"path":"","propertyPath":"/SALES_AREA_SPART","modelName":"NewYardModel"},"interaction":{"idSuffix":"inner"}},"wdio_ui5_key":"etmportal.ui.manageyards.view.Newsap.m.Input{\"path\":\"\",\"propertyPath\":\"/SALES_AREA_SPART\",\"modelName\":\"NewYardModel\"}"}]}
RESULT: undefined
COMMAND: POST /session/8710bc86126986cf02bb1d50a5f31e3a/execute/async - {"script":"<script> [776 bytes]","args":[{"enterText":"C2","selector":{"controlType":"sap.m.Input","viewName":"etm.portal.ui.manageyards.view.New","viewId":"application-manageyards-display-component---NewYard","bindingPath":{"path":"","propertyPath":"/SALES_AREA_SPART","modelName":"NewYardModel"},"interaction":{"idSuffix":"inner"}},"clearTextFirst":true,"interactionType":"ENTER_TEXT"}]}
RESULT: {"script":"<script> [776 bytes]","args":[{"enterText":"C2","selector":{"controlType":"sap.m.Input","viewName":"etm.portal.ui.manageyards.view.New","viewId":"application-manageyards-display-component---NewYard","bindingPath":{"path":"","propertyPath":"/SALES_AREA_SPART","modelName":"NewYardModel"},"interaction":{"idSuffix":"inner"}},"clearTextFirst":true,"interactionType":"ENTER_TEXT"}]}
COMMAND: POST /session/8710bc86126986cf02bb1d50a5f31e3a/execute/async - {"script":"<script> [1562 bytes]","args":[{"selector":{"controlType":"sap.m.Input","viewName":"etm.portal.ui.manageyards.view.New","viewId":"application-manageyards-display-component---NewYard","bindingPath":{"path":"","propertyPath":"/SHIP_POINT","modelName":"NewYardModel"},"interaction":{"idSuffix":"inner"}},"wdio_ui5_key":"etmportal.ui.manageyards.view.Newsap.m.Input{\"path\":\"\",\"propertyPath\":\"/SHIP_POINT\",\"modelName\":\"NewYardModel\"}"}]}
RESULT: {"script":"<script> [1562 bytes]","args":[{"selector":{"controlType":"sap.m.Input","viewName":"etm.portal.ui.manageyards.view.New","viewId":"application-manageyards-display-component---NewYard","bindingPath":{"path":"","propertyPath":"/SHIP_POINT","modelName":"NewYardModel"},"interaction":{"idSuffix":"inner"}},"wdio_ui5_key":"etmportal.ui.manageyards.view.Newsap.m.Input{\"path\":\"\",\"propertyPath\":\"/SHIP_POINT\",\"modelName\":\"NewYardModel\"}"}]}
RESULT: undefined
COMMAND: POST /session/8710bc86126986cf02bb1d50a5f31e3a/execute/async - {"script":"<script> [776 bytes]","args":[{"enterText":"1710","selector":{"controlType":"sap.m.Input","viewName":"etm.portal.ui.manageyards.view.New","viewId":"application-manageyards-display-component---NewYard","bindingPath":{"path":"","propertyPath":"/SHIP_POINT","modelName":"NewYardModel"},"interaction":{"idSuffix":"inner"}},"clearTextFirst":true,"interactionType":"ENTER_TEXT"}]}
RESULT: {"script":"<script> [776 bytes]","args":[{"enterText":"1710","selector":{"controlType":"sap.m.Input","viewName":"etm.portal.ui.manageyards.view.New","viewId":"application-manageyards-display-component---NewYard","bindingPath":{"path":"","propertyPath":"/SHIP_POINT","modelName":"NewYardModel"},"interaction":{"idSuffix":"inner"}},"clearTextFirst":true,"interactionType":"ENTER_TEXT"}]}
COMMAND: POST /session/8710bc86126986cf02bb1d50a5f31e3a/execute/async - {"script":"<script> [1562 bytes]","args":[{"selector":{"controlType":"sap.m.Input","viewName":"etm.portal.ui.manageyards.view.New","viewId":"application-manageyards-display-component---NewYard","bindingPath":{"path":"","propertyPath":"/DELIVERY_TYPE","modelName":"NewYardModel"},"interaction":{"idSuffix":"inner"}},"wdio_ui5_key":"etmportal.ui.manageyards.view.Newsap.m.Input{\"path\":\"\",\"propertyPath\":\"/DELIVERY_TYPE\",\"modelName\":\"NewYardModel\"}"}]}
RESULT: {"script":"<script> [1562 bytes]","args":[{"selector":{"controlType":"sap.m.Input","viewName":"etm.portal.ui.manageyards.view.New","viewId":"application-manageyards-display-component---NewYard","bindingPath":{"path":"","propertyPath":"/DELIVERY_TYPE","modelName":"NewYardModel"},"interaction":{"idSuffix":"inner"}},"wdio_ui5_key":"etmportal.ui.manageyards.view.Newsap.m.Input{\"path\":\"\",\"propertyPath\":\"/DELIVERY_TYPE\",\"modelName\":\"NewYardModel\"}"}]}
RESULT: undefined
COMMAND: POST /session/8710bc86126986cf02bb1d50a5f31e3a/execute/async - {"script":"<script> [776 bytes]","args":[{"enterText":"ZL01","selector":{"controlType":"sap.m.Input","viewName":"etm.portal.ui.manageyards.view.New","viewId":"application-manageyards-display-component---NewYard","bindingPath":{"path":"","propertyPath":"/DELIVERY_TYPE","modelName":"NewYardModel"},"interaction":{"idSuffix":"inner"}},"clearTextFirst":true,"interactionType":"ENTER_TEXT"}]}
RESULT: {"script":"<script> [776 bytes]","args":[{"enterText":"ZL01","selector":{"controlType":"sap.m.Input","viewName":"etm.portal.ui.manageyards.view.New","viewId":"application-manageyards-display-component---NewYard","bindingPath":{"path":"","propertyPath":"/DELIVERY_TYPE","modelName":"NewYardModel"},"interaction":{"idSuffix":"inner"}},"clearTextFirst":true,"interactionType":"ENTER_TEXT"}]}
COMMAND: POST /session/8710bc86126986cf02bb1d50a5f31e3a/execute/async - {"script":"<script> [1562 bytes]","args":[{"selector":{"controlType":"sap.m.Input","viewName":"etm.portal.ui.manageyards.view.New","viewId":"application-manageyards-display-component---NewYard","bindingPath":{"path":"","propertyPath":"/AUART","modelName":"NewYardModel"},"interaction":{"idSuffix":"inner"}},"wdio_ui5_key":"etmportal.ui.manageyards.view.Newsap.m.Input{\"path\":\"\",\"propertyPath\":\"/AUART\",\"modelName\":\"NewYardModel\"}"}]}
RESULT: {"script":"<script> [1562 bytes]","args":[{"selector":{"controlType":"sap.m.Input","viewName":"etm.portal.ui.manageyards.view.New","viewId":"application-manageyards-display-component---NewYard","bindingPath":{"path":"","propertyPath":"/AUART","modelName":"NewYardModel"},"interaction":{"idSuffix":"inner"}},"wdio_ui5_key":"etmportal.ui.manageyards.view.Newsap.m.Input{\"path\":\"\",\"propertyPath\":\"/AUART\",\"modelName\":\"NewYardModel\"}"}]}
RESULT: undefined
COMMAND: POST /session/8710bc86126986cf02bb1d50a5f31e3a/execute/async - {"script":"<script> [776 bytes]","args":[{"enterText":"TA","selector":{"controlType":"sap.m.Input","viewName":"etm.portal.ui.manageyards.view.New","viewId":"application-manageyards-display-component---NewYard","bindingPath":{"path":"","propertyPath":"/AUART","modelName":"NewYardModel"},"interaction":{"idSuffix":"inner"}},"clearTextFirst":true,"interactionType":"ENTER_TEXT"}]}
RESULT: {"script":"<script> [776 bytes]","args":[{"enterText":"TA","selector":{"controlType":"sap.m.Input","viewName":"etm.portal.ui.manageyards.view.New","viewId":"application-manageyards-display-component---NewYard","bindingPath":{"path":"","propertyPath":"/AUART","modelName":"NewYardModel"},"interaction":{"idSuffix":"inner"}},"clearTextFirst":true,"interactionType":"ENTER_TEXT"}]}
COMMAND: POST /session/8710bc86126986cf02bb1d50a5f31e3a/element - {"using":"xpath","value":"//button[@data-kt=\"newYardSaveButton\"]"}
RESULT: {"using":"xpath","value":"//button[@data-kt=\"newYardSaveButton\"]"}
COMMAND: POST /session/8710bc86126986cf02bb1d50a5f31e3a/element/f.4F28C2583BB65896889CB8FD582548C6.d.AD85E3BDE3D04DCB17C0596F9973CBC9.e.4772/click - {}
RESULT: {}
COMMAND: GET /session/8710bc86126986cf02bb1d50a5f31e3a/screenshot - {}
RESULT: {}
COMMAND: POST /session/8710bc86126986cf02bb1d50a5f31e3a/element - {"using":"xpath","value":"//header[contains(@id, 'ObjectPageLayout-headerTitle')]/div[1]/div[2]/div[1]/span[1]"}
RESULT: {"using":"xpath","value":"//header[contains(@id, 'ObjectPageLayout-headerTitle')]/div[1]/div[2]/div[1]/span[1]"}
COMMAND: POST /session/8710bc86126986cf02bb1d50a5f31e3a/elements - {"using":"xpath","value":"//header[contains(@id, 'ObjectPageLayout-headerTitle')]/div[1]/div[2]/div[1]/span[1]"}
RESULT: {"using":"xpath","value":"//header[contains(@id, 'ObjectPageLayout-headerTitle')]/div[1]/div[2]/div[1]/span[1]"}
COMMAND: POST /session/8710bc86126986cf02bb1d50a5f31e3a/execute/sync - {"script":"<script> [56 bytes]","args":[{"element-6066-11e4-a52e-4f735466cecf":"f.4F28C2583BB65896889CB8FD582548C6.d.AD85E3BDE3D04DCB17C0596F9973CBC9.e.5248","ELEMENT":"f.4F28C2583BB65896889CB8FD582548C6.d.AD85E3BDE3D04DCB17C0596F9973CBC9.e.5248"}]}
RESULT: {"script":"<script> [56 bytes]","args":[{"element-6066-11e4-a52e-4f735466cecf":"f.4F28C2583BB65896889CB8FD582548C6.d.AD85E3BDE3D04DCB17C0596F9973CBC9.e.5248","ELEMENT":"f.4F28C2583BB65896889CB8FD582548C6.d.AD85E3BDE3D04DCB17C0596F9973CBC9.e.5248"}]}
COMMAND: GET /session/8710bc86126986cf02bb1d50a5f31e3a/screenshot - {}
RESULT: {}
COMMAND: POST /session/8710bc86126986cf02bb1d50a5f31e3a/element - {"using":"css selector","value":"#shell-header-logo"}
RESULT: {"using":"css selector","value":"#shell-header-logo"}
COMMAND: POST /session/8710bc86126986cf02bb1d50a5f31e3a/element/f.4F28C2583BB65896889CB8FD582548C6.d.AD85E3BDE3D04DCB17C0596F9973CBC9.e.4670/click - {}
RESULT: {}
COMMAND: GET /session/8710bc86126986cf02bb1d50a5f31e3a/screenshot - {}
RESULT: {}
COMMAND: POST /session/8710bc86126986cf02bb1d50a5f31e3a/execute/sync - {"script":"<script> [299 bytes]","args":[["getModel","getResource"]]}
RESULT: {"script":"<script> [299 bytes]","args":[["getModel","getResource"]]}
]]></system-out>
    </testcase>
    <testcase classname="chrome.136_0_7103_93.windows.Create_master_data_for_mixed_billing_&amp;_do_billing_calculation_US151661" name="Should create a new partner" time="153.574">
      <system-out><![CDATA[
COMMAND: GET /session/8710bc86126986cf02bb1d50a5f31e3a/screenshot - {}
COMMAND: POST /session/8710bc86126986cf02bb1d50a5f31e3a/window/fullscreen - {}
RESULT: {}
RESULT: {}
COMMAND: POST /session/8710bc86126986cf02bb1d50a5f31e3a/execute/async - {"script":"<script> [1562 bytes]","args":[{"selector":{"controlType":"sap.m.GenericTile","properties":{"header":"Manage Partners"}},"wdio_ui5_key":"sapm.GenericTile{\"header\":\"Manage Partners\"}"}]}
RESULT: {"script":"<script> [1562 bytes]","args":[{"selector":{"controlType":"sap.m.GenericTile","properties":{"header":"Manage Partners"}},"wdio_ui5_key":"sapm.GenericTile{\"header\":\"Manage Partners\"}"}]}
RESULT: undefined
COMMAND: POST /session/8710bc86126986cf02bb1d50a5f31e3a/element - {"using":"xpath","value":"//*[@id=\"__tile38\"]"}
RESULT: {"using":"xpath","value":"//*[@id=\"__tile38\"]"}
COMMAND: POST /session/8710bc86126986cf02bb1d50a5f31e3a/element/f.4F28C2583BB65896889CB8FD582548C6.d.AD85E3BDE3D04DCB17C0596F9973CBC9.e.4557/click - {}
RESULT: {}
COMMAND: GET /session/8710bc86126986cf02bb1d50a5f31e3a/screenshot - {}
RESULT: {}
COMMAND: POST /session/8710bc86126986cf02bb1d50a5f31e3a/elements - {"using":"xpath","value":"//span[text()='Error']"}
RESULT: {"using":"xpath","value":"//span[text()='Error']"}
COMMAND: POST /session/8710bc86126986cf02bb1d50a5f31e3a/element - {"using":"xpath","value":"//button[@data-kt=\"addButton\"]"}
RESULT: {"using":"xpath","value":"//button[@data-kt=\"addButton\"]"}
COMMAND: POST /session/8710bc86126986cf02bb1d50a5f31e3a/elements - {"using":"xpath","value":"//button[@data-kt=\"addButton\"]"}
RESULT: {"using":"xpath","value":"//button[@data-kt=\"addButton\"]"}
COMMAND: POST /session/8710bc86126986cf02bb1d50a5f31e3a/execute/sync - {"script":"<script> [8489 bytes]","args":[{"element-6066-11e4-a52e-4f735466cecf":"f.4F28C2583BB65896889CB8FD582548C6.d.AD85E3BDE3D04DCB17C0596F9973CBC9.e.5286","ELEMENT":"f.4F28C2583BB65896889CB8FD582548C6.d.AD85E3BDE3D04DCB17C0596F9973CBC9.e.5286"}]}
RESULT: {"script":"<script> [8489 bytes]","args":[{"element-6066-11e4-a52e-4f735466cecf":"f.4F28C2583BB65896889CB8FD582548C6.d.AD85E3BDE3D04DCB17C0596F9973CBC9.e.5286","ELEMENT":"f.4F28C2583BB65896889CB8FD582548C6.d.AD85E3BDE3D04DCB17C0596F9973CBC9.e.5286"}]}
COMMAND: GET /session/8710bc86126986cf02bb1d50a5f31e3a/element/f.4F28C2583BB65896889CB8FD582548C6.d.AD85E3BDE3D04DCB17C0596F9973CBC9.e.5286/enabled - {}
COMMAND: GET /session/8710bc86126986cf02bb1d50a5f31e3a/screenshot - {}
RESULT: {}
COMMAND: POST /session/8710bc86126986cf02bb1d50a5f31e3a/execute/sync - {"script":"<script> [8489 bytes]","args":[{"element-6066-11e4-a52e-4f735466cecf":"f.4F28C2583BB65896889CB8FD582548C6.d.AD85E3BDE3D04DCB17C0596F9973CBC9.e.5286","ELEMENT":"f.4F28C2583BB65896889CB8FD582548C6.d.AD85E3BDE3D04DCB17C0596F9973CBC9.e.5286"}]}
COMMAND: GET /session/8710bc86126986cf02bb1d50a5f31e3a/screenshot - {}
RESULT: {}
RESULT: {"script":"<script> [8489 bytes]","args":[{"element-6066-11e4-a52e-4f735466cecf":"f.4F28C2583BB65896889CB8FD582548C6.d.AD85E3BDE3D04DCB17C0596F9973CBC9.e.5286","ELEMENT":"f.4F28C2583BB65896889CB8FD582548C6.d.AD85E3BDE3D04DCB17C0596F9973CBC9.e.5286"}]}
COMMAND: POST /session/8710bc86126986cf02bb1d50a5f31e3a/execute/sync - {"script":"<script> [5351 bytes]","args":[{"element-6066-11e4-a52e-4f735466cecf":"f.4F28C2583BB65896889CB8FD582548C6.d.AD85E3BDE3D04DCB17C0596F9973CBC9.e.5286","ELEMENT":"f.4F28C2583BB65896889CB8FD582548C6.d.AD85E3BDE3D04DCB17C0596F9973CBC9.e.5286"}]}
COMMAND: GET /session/8710bc86126986cf02bb1d50a5f31e3a/screenshot - {}
RESULT: {}
RESULT: {"script":"<script> [5351 bytes]","args":[{"element-6066-11e4-a52e-4f735466cecf":"f.4F28C2583BB65896889CB8FD582548C6.d.AD85E3BDE3D04DCB17C0596F9973CBC9.e.5286","ELEMENT":"f.4F28C2583BB65896889CB8FD582548C6.d.AD85E3BDE3D04DCB17C0596F9973CBC9.e.5286"}]}
COMMAND: POST /session/8710bc86126986cf02bb1d50a5f31e3a/element/f.4F28C2583BB65896889CB8FD582548C6.d.AD85E3BDE3D04DCB17C0596F9973CBC9.e.5286/click - {}
COMMAND: GET /session/8710bc86126986cf02bb1d50a5f31e3a/screenshot - {}
RESULT: {}
RESULT: {}
COMMAND: GET /session/8710bc86126986cf02bb1d50a5f31e3a/screenshot - {}
RESULT: {}
RESULT: {}
COMMAND: POST /session/8710bc86126986cf02bb1d50a5f31e3a/execute/async - {"script":"<script> [1562 bytes]","args":[{"selector":{"id":"application-managepartners-display-component---NewPartner--addressDetailDetailsName1","interaction":{"idSuffix":"inner"}},"wdio_ui5_key":"applicationmanagepartners-display-component---NewPartner--addressDetailDetailsName1"}]}
RESULT: {"script":"<script> [1562 bytes]","args":[{"selector":{"id":"application-managepartners-display-component---NewPartner--addressDetailDetailsName1","interaction":{"idSuffix":"inner"}},"wdio_ui5_key":"applicationmanagepartners-display-component---NewPartner--addressDetailDetailsName1"}]}
RESULT: undefined
COMMAND: POST /session/8710bc86126986cf02bb1d50a5f31e3a/execute/async - {"script":"<script> [776 bytes]","args":[{"enterText":"Intercompany Partner WDIO","selector":{"id":"application-managepartners-display-component---NewPartner--addressDetailDetailsName1","interaction":{"idSuffix":"inner"}},"clearTextFirst":true,"interactionType":"ENTER_TEXT"}]}
RESULT: {"script":"<script> [776 bytes]","args":[{"enterText":"Intercompany Partner WDIO","selector":{"id":"application-managepartners-display-component---NewPartner--addressDetailDetailsName1","interaction":{"idSuffix":"inner"}},"clearTextFirst":true,"interactionType":"ENTER_TEXT"}]}
COMMAND: POST /session/8710bc86126986cf02bb1d50a5f31e3a/execute/async - {"script":"<script> [1562 bytes]","args":[{"selector":{"id":"application-managepartners-display-component---NewPartner--addressDetailDetailsLanguage-arrow"},"wdio_ui5_key":"applicationmanagepartners-display-component---NewPartner--addressDetailDetailsLanguage-arrow"}]}
RESULT: {"script":"<script> [1562 bytes]","args":[{"selector":{"id":"application-managepartners-display-component---NewPartner--addressDetailDetailsLanguage-arrow"},"wdio_ui5_key":"applicationmanagepartners-display-component---NewPartner--addressDetailDetailsLanguage-arrow"}]}
RESULT: undefined
COMMAND: POST /session/8710bc86126986cf02bb1d50a5f31e3a/element - {"using":"xpath","value":"//*[@id=\"application-managepartners-display-component---NewPartner--addressDetailDetailsLanguage-arrow\"]"}
RESULT: {"using":"xpath","value":"//*[@id=\"application-managepartners-display-component---NewPartner--addressDetailDetailsLanguage-arrow\"]"}
COMMAND: POST /session/8710bc86126986cf02bb1d50a5f31e3a/element/f.4F28C2583BB65896889CB8FD582548C6.d.AD85E3BDE3D04DCB17C0596F9973CBC9.e.5736/click - {}
RESULT: {}
COMMAND: POST /session/8710bc86126986cf02bb1d50a5f31e3a/element - {"using":"xpath","value":"//span[contains(text(), \"English\")]"}
COMMAND: GET /session/8710bc86126986cf02bb1d50a5f31e3a/screenshot - {}
RESULT: {"using":"xpath","value":"//span[contains(text(), \"English\")]"}
COMMAND: POST /session/8710bc86126986cf02bb1d50a5f31e3a/element/f.4F28C2583BB65896889CB8FD582548C6.d.AD85E3BDE3D04DCB17C0596F9973CBC9.e.5737/click - {}
RESULT: {}
RESULT: {}
COMMAND: GET /session/8710bc86126986cf02bb1d50a5f31e3a/screenshot - {}
RESULT: {}
COMMAND: POST /session/8710bc86126986cf02bb1d50a5f31e3a/execute/async - {"script":"<script> [1562 bytes]","args":[{"selector":{"id":"application-managepartners-display-component---NewPartner--addressDetailDetailsCity1","interaction":{"idSuffix":"inner"}},"wdio_ui5_key":"applicationmanagepartners-display-component---NewPartner--addressDetailDetailsCity1"}]}
RESULT: {"script":"<script> [1562 bytes]","args":[{"selector":{"id":"application-managepartners-display-component---NewPartner--addressDetailDetailsCity1","interaction":{"idSuffix":"inner"}},"wdio_ui5_key":"applicationmanagepartners-display-component---NewPartner--addressDetailDetailsCity1"}]}
RESULT: undefined
COMMAND: POST /session/8710bc86126986cf02bb1d50a5f31e3a/execute/async - {"script":"<script> [776 bytes]","args":[{"enterText":"Rosario","selector":{"id":"application-managepartners-display-component---NewPartner--addressDetailDetailsCity1","interaction":{"idSuffix":"inner"}},"clearTextFirst":true,"interactionType":"ENTER_TEXT"}]}
RESULT: {"script":"<script> [776 bytes]","args":[{"enterText":"Rosario","selector":{"id":"application-managepartners-display-component---NewPartner--addressDetailDetailsCity1","interaction":{"idSuffix":"inner"}},"clearTextFirst":true,"interactionType":"ENTER_TEXT"}]}
COMMAND: POST /session/8710bc86126986cf02bb1d50a5f31e3a/execute/async - {"script":"<script> [1562 bytes]","args":[{"selector":{"id":"application-managepartners-display-component---NewPartner--addressDetailDetailsCountry-arrow"},"wdio_ui5_key":"applicationmanagepartners-display-component---NewPartner--addressDetailDetailsCountry-arrow"}]}
RESULT: {"script":"<script> [1562 bytes]","args":[{"selector":{"id":"application-managepartners-display-component---NewPartner--addressDetailDetailsCountry-arrow"},"wdio_ui5_key":"applicationmanagepartners-display-component---NewPartner--addressDetailDetailsCountry-arrow"}]}
RESULT: undefined
COMMAND: POST /session/8710bc86126986cf02bb1d50a5f31e3a/element - {"using":"xpath","value":"//*[@id=\"application-managepartners-display-component---NewPartner--addressDetailDetailsCountry-arrow\"]"}
RESULT: {"using":"xpath","value":"//*[@id=\"application-managepartners-display-component---NewPartner--addressDetailDetailsCountry-arrow\"]"}
COMMAND: POST /session/8710bc86126986cf02bb1d50a5f31e3a/element/f.4F28C2583BB65896889CB8FD582548C6.d.AD85E3BDE3D04DCB17C0596F9973CBC9.e.5723/click - {}
RESULT: {}
COMMAND: POST /session/8710bc86126986cf02bb1d50a5f31e3a/element - {"using":"xpath","value":"//span[contains(text(), \"Argentina\")]"}
COMMAND: GET /session/8710bc86126986cf02bb1d50a5f31e3a/screenshot - {}
RESULT: {"using":"xpath","value":"//span[contains(text(), \"Argentina\")]"}
COMMAND: POST /session/8710bc86126986cf02bb1d50a5f31e3a/element/f.4F28C2583BB65896889CB8FD582548C6.d.AD85E3BDE3D04DCB17C0596F9973CBC9.e.5739/click - {}
RESULT: {}
RESULT: {}
COMMAND: GET /session/8710bc86126986cf02bb1d50a5f31e3a/screenshot - {}
RESULT: {}
COMMAND: POST /session/8710bc86126986cf02bb1d50a5f31e3a/element - {"using":"xpath","value":"//bdi[contains(text(), \"Commercial\")]"}
RESULT: {"using":"xpath","value":"//bdi[contains(text(), \"Commercial\")]"}
COMMAND: POST /session/8710bc86126986cf02bb1d50a5f31e3a/element/f.4F28C2583BB65896889CB8FD582548C6.d.AD85E3BDE3D04DCB17C0596F9973CBC9.e.5740/click - {}
RESULT: {}
COMMAND: GET /session/8710bc86126986cf02bb1d50a5f31e3a/screenshot - {}
RESULT: {}
COMMAND: POST /session/8710bc86126986cf02bb1d50a5f31e3a/execute/async - {"script":"<script> [1562 bytes]","args":[{"selector":{"id":"application-managepartners-display-component---NewPartner--partnerDetailInternal-arrow"},"wdio_ui5_key":"applicationmanagepartners-display-component---NewPartner--partnerDetailInternal-arrow"}]}
RESULT: {"script":"<script> [1562 bytes]","args":[{"selector":{"id":"application-managepartners-display-component---NewPartner--partnerDetailInternal-arrow"},"wdio_ui5_key":"applicationmanagepartners-display-component---NewPartner--partnerDetailInternal-arrow"}]}
RESULT: undefined
COMMAND: POST /session/8710bc86126986cf02bb1d50a5f31e3a/element - {"using":"xpath","value":"//*[@id=\"application-managepartners-display-component---NewPartner--partnerDetailInternal-arrow\"]"}
RESULT: {"using":"xpath","value":"//*[@id=\"application-managepartners-display-component---NewPartner--partnerDetailInternal-arrow\"]"}
COMMAND: POST /session/8710bc86126986cf02bb1d50a5f31e3a/element/f.4F28C2583BB65896889CB8FD582548C6.d.AD85E3BDE3D04DCB17C0596F9973CBC9.e.5746/click - {}
RESULT: {}
COMMAND: POST /session/8710bc86126986cf02bb1d50a5f31e3a/element - {"using":"xpath","value":"//span[contains(text(), \"Affiliated company\")]"}
COMMAND: GET /session/8710bc86126986cf02bb1d50a5f31e3a/screenshot - {}
RESULT: {"using":"xpath","value":"//span[contains(text(), \"Affiliated company\")]"}
COMMAND: POST /session/8710bc86126986cf02bb1d50a5f31e3a/element/f.4F28C2583BB65896889CB8FD582548C6.d.AD85E3BDE3D04DCB17C0596F9973CBC9.e.5747/click - {}
RESULT: {}
RESULT: {}
COMMAND: POST /session/8710bc86126986cf02bb1d50a5f31e3a/execute/async - {"script":"<script> [1562 bytes]","args":[{"selector":{"id":"application-managepartners-display-component---NewPartner--partnerDetailsCurrency-arrow"},"wdio_ui5_key":"applicationmanagepartners-display-component---NewPartner--partnerDetailsCurrency-arrow"}]}
COMMAND: GET /session/8710bc86126986cf02bb1d50a5f31e3a/screenshot - {}
RESULT: {"script":"<script> [1562 bytes]","args":[{"selector":{"id":"application-managepartners-display-component---NewPartner--partnerDetailsCurrency-arrow"},"wdio_ui5_key":"applicationmanagepartners-display-component---NewPartner--partnerDetailsCurrency-arrow"}]}
RESULT: undefined
COMMAND: POST /session/8710bc86126986cf02bb1d50a5f31e3a/element - {"using":"xpath","value":"//*[@id=\"application-managepartners-display-component---NewPartner--partnerDetailsCurrency-arrow\"]"}
RESULT: {}
RESULT: {"using":"xpath","value":"//*[@id=\"application-managepartners-display-component---NewPartner--partnerDetailsCurrency-arrow\"]"}
COMMAND: POST /session/8710bc86126986cf02bb1d50a5f31e3a/element/f.4F28C2583BB65896889CB8FD582548C6.d.AD85E3BDE3D04DCB17C0596F9973CBC9.e.5754/click - {}
RESULT: {}
COMMAND: POST /session/8710bc86126986cf02bb1d50a5f31e3a/element - {"using":"xpath","value":"//span[contains(text(), \"Euro\")]"}
COMMAND: GET /session/8710bc86126986cf02bb1d50a5f31e3a/screenshot - {}
RESULT: {"using":"xpath","value":"//span[contains(text(), \"Euro\")]"}
COMMAND: POST /session/8710bc86126986cf02bb1d50a5f31e3a/element/f.4F28C2583BB65896889CB8FD582548C6.d.AD85E3BDE3D04DCB17C0596F9973CBC9.e.5755/click - {}
RESULT: {}
RESULT: {}
COMMAND: POST /session/8710bc86126986cf02bb1d50a5f31e3a/execute/async - {"script":"<script> [1562 bytes]","args":[{"selector":{"id":"application-managepartners-display-component---NewPartner--addressEditDetailsCostObjectCstType-arrow"},"wdio_ui5_key":"applicationmanagepartners-display-component---NewPartner--addressEditDetailsCostObjectCstType-arrow"}]}
COMMAND: GET /session/8710bc86126986cf02bb1d50a5f31e3a/screenshot - {}
RESULT: {"script":"<script> [1562 bytes]","args":[{"selector":{"id":"application-managepartners-display-component---NewPartner--addressEditDetailsCostObjectCstType-arrow"},"wdio_ui5_key":"applicationmanagepartners-display-component---NewPartner--addressEditDetailsCostObjectCstType-arrow"}]}
RESULT: undefined
COMMAND: POST /session/8710bc86126986cf02bb1d50a5f31e3a/element - {"using":"xpath","value":"//*[@id=\"application-managepartners-display-component---NewPartner--addressEditDetailsCostObjectCstType-arrow\"]"}
RESULT: {}
RESULT: {"using":"xpath","value":"//*[@id=\"application-managepartners-display-component---NewPartner--addressEditDetailsCostObjectCstType-arrow\"]"}
COMMAND: POST /session/8710bc86126986cf02bb1d50a5f31e3a/element/f.4F28C2583BB65896889CB8FD582548C6.d.AD85E3BDE3D04DCB17C0596F9973CBC9.e.5756/click - {}
RESULT: {}
COMMAND: POST /session/8710bc86126986cf02bb1d50a5f31e3a/element - {"using":"xpath","value":"//span[contains(text(), \"Cost Center\")]"}
COMMAND: GET /session/8710bc86126986cf02bb1d50a5f31e3a/screenshot - {}
RESULT: {"using":"xpath","value":"//span[contains(text(), \"Cost Center\")]"}
COMMAND: POST /session/8710bc86126986cf02bb1d50a5f31e3a/element/f.4F28C2583BB65896889CB8FD582548C6.d.AD85E3BDE3D04DCB17C0596F9973CBC9.e.5757/click - {}
RESULT: {}
RESULT: {}
COMMAND: GET /session/8710bc86126986cf02bb1d50a5f31e3a/screenshot - {}
RESULT: {}
COMMAND: POST /session/8710bc86126986cf02bb1d50a5f31e3a/element - {"using":"xpath","value":"//span[@id=\"application-managepartners-display-component---NewPartner--addressNewCostObjectCstID-vhi\"]"}
RESULT: {"using":"xpath","value":"//span[@id=\"application-managepartners-display-component---NewPartner--addressNewCostObjectCstID-vhi\"]"}
COMMAND: POST /session/8710bc86126986cf02bb1d50a5f31e3a/execute/sync - {"script":"<script> [8489 bytes]","args":[{"element-6066-11e4-a52e-4f735466cecf":"f.4F28C2583BB65896889CB8FD582548C6.d.AD85E3BDE3D04DCB17C0596F9973CBC9.e.5761","ELEMENT":"f.4F28C2583BB65896889CB8FD582548C6.d.AD85E3BDE3D04DCB17C0596F9973CBC9.e.5761"}]}
RESULT: {"script":"<script> [8489 bytes]","args":[{"element-6066-11e4-a52e-4f735466cecf":"f.4F28C2583BB65896889CB8FD582548C6.d.AD85E3BDE3D04DCB17C0596F9973CBC9.e.5761","ELEMENT":"f.4F28C2583BB65896889CB8FD582548C6.d.AD85E3BDE3D04DCB17C0596F9973CBC9.e.5761"}]}
COMMAND: POST /session/8710bc86126986cf02bb1d50a5f31e3a/execute/async - {"script":"<script> [1562 bytes]","args":[{"selector":{"id":"application-managepartners-display-component---NewPartner--addressNewCostObjectCstID-vhi"},"wdio_ui5_key":"applicationmanagepartners-display-component---NewPartner--addressNewCostObjectCstID-vhi"}]}
COMMAND: GET /session/8710bc86126986cf02bb1d50a5f31e3a/screenshot - {}
RESULT: {"script":"<script> [1562 bytes]","args":[{"selector":{"id":"application-managepartners-display-component---NewPartner--addressNewCostObjectCstID-vhi"},"wdio_ui5_key":"applicationmanagepartners-display-component---NewPartner--addressNewCostObjectCstID-vhi"}]}
RESULT: undefined
COMMAND: POST /session/8710bc86126986cf02bb1d50a5f31e3a/element - {"using":"xpath","value":"//*[@id=\"application-managepartners-display-component---NewPartner--addressNewCostObjectCstID-vhi\"]"}
RESULT: {}
RESULT: {"using":"xpath","value":"//*[@id=\"application-managepartners-display-component---NewPartner--addressNewCostObjectCstID-vhi\"]"}
COMMAND: POST /session/8710bc86126986cf02bb1d50a5f31e3a/element/f.4F28C2583BB65896889CB8FD582548C6.d.AD85E3BDE3D04DCB17C0596F9973CBC9.e.5761/click - {}
RESULT: {}
COMMAND: GET /session/8710bc86126986cf02bb1d50a5f31e3a/screenshot - {}
RESULT: {}
RESULT: undefined
COMMAND: POST /session/8710bc86126986cf02bb1d50a5f31e3a/execute/async - {"script":"<script> [776 bytes]","args":[{"enterText":"10001013","selector":{"controlType":"sap.m.SearchField","properties":{"placeholder":"Search"},"searchOpenDialogs":true,"interaction":{"idSuffix":"I"}},"clearTextFirst":true,"interactionType":"ENTER_TEXT"}]}
RESULT: {"script":"<script> [776 bytes]","args":[{"enterText":"10001013","selector":{"controlType":"sap.m.SearchField","properties":{"placeholder":"Search"},"searchOpenDialogs":true,"interaction":{"idSuffix":"I"}},"clearTextFirst":true,"interactionType":"ENTER_TEXT"}]}
COMMAND: POST /session/8710bc86126986cf02bb1d50a5f31e3a/actions - {"actions":[{"id":"action20","type":"key","parameters":{},"actions":[{"type":"keyDown","value":""},{"type":"pause","duration":10},{"type":"keyUp","value":""}]}]}
RESULT: {"actions":[{"id":"action20","type":"key","parameters":{},"actions":[{"type":"keyDown","value":""},{"type":"pause","duration":10},{"type":"keyUp","value":""}]}]}
COMMAND: GET /session/8710bc86126986cf02bb1d50a5f31e3a/screenshot - {}
RESULT: {}
COMMAND: POST /session/8710bc86126986cf02bb1d50a5f31e3a/element - {"using":"xpath","value":"//span[contains(text(), \"General Management\")]"}
RESULT: {"using":"xpath","value":"//span[contains(text(), \"General Management\")]"}
COMMAND: POST /session/8710bc86126986cf02bb1d50a5f31e3a/element/f.4F28C2583BB65896889CB8FD582548C6.d.AD85E3BDE3D04DCB17C0596F9973CBC9.e.5800/click - {}
RESULT: {}
COMMAND: GET /session/8710bc86126986cf02bb1d50a5f31e3a/screenshot - {}
RESULT: {}
COMMAND: POST /session/8710bc86126986cf02bb1d50a5f31e3a/element - {"using":"xpath","value":"//bdi[contains(text(), \"OK\")]"}
RESULT: {"using":"xpath","value":"//bdi[contains(text(), \"OK\")]"}
COMMAND: POST /session/8710bc86126986cf02bb1d50a5f31e3a/element/f.4F28C2583BB65896889CB8FD582548C6.d.AD85E3BDE3D04DCB17C0596F9973CBC9.e.5801/click - {}
RESULT: {}
COMMAND: GET /session/8710bc86126986cf02bb1d50a5f31e3a/screenshot - {}
RESULT: {}
COMMAND: POST /session/8710bc86126986cf02bb1d50a5f31e3a/element - {"using":"xpath","value":"//input[@id=\"application-managepartners-display-component---NewPartner--companyCodeComboBox-inner\"]"}
RESULT: {"using":"xpath","value":"//input[@id=\"application-managepartners-display-component---NewPartner--companyCodeComboBox-inner\"]"}
COMMAND: POST /session/8710bc86126986cf02bb1d50a5f31e3a/element/f.4F28C2583BB65896889CB8FD582548C6.d.AD85E3BDE3D04DCB17C0596F9973CBC9.e.5610/clear - {}
RESULT: {}
COMMAND: POST /session/8710bc86126986cf02bb1d50a5f31e3a/element/f.4F28C2583BB65896889CB8FD582548C6.d.AD85E3BDE3D04DCB17C0596F9973CBC9.e.5610/value - {"text":"C002"}
COMMAND: GET /session/8710bc86126986cf02bb1d50a5f31e3a/screenshot - {}
RESULT: {}
RESULT: {"text":"C002"}
COMMAND: GET /session/8710bc86126986cf02bb1d50a5f31e3a/screenshot - {}
RESULT: {}
COMMAND: POST /session/8710bc86126986cf02bb1d50a5f31e3a/element - {"using":"xpath","value":"//li[.//span[text()= \"C002\"]]"}
RESULT: {"using":"xpath","value":"//li[.//span[text()= \"C002\"]]"}
COMMAND: POST /session/8710bc86126986cf02bb1d50a5f31e3a/element/f.4F28C2583BB65896889CB8FD582548C6.d.AD85E3BDE3D04DCB17C0596F9973CBC9.e.5807/click - {}
RESULT: {}
COMMAND: GET /session/8710bc86126986cf02bb1d50a5f31e3a/screenshot - {}
RESULT: {}
COMMAND: POST /session/8710bc86126986cf02bb1d50a5f31e3a/execute/async - {"script":"<script> [1562 bytes]","args":[{"selector":{"id":"application-managepartners-display-component---NewPartner--btnAddTableRow-img"},"wdio_ui5_key":"applicationmanagepartners-display-component---NewPartner--btnAddTableRow-img"}]}
RESULT: {"script":"<script> [1562 bytes]","args":[{"selector":{"id":"application-managepartners-display-component---NewPartner--btnAddTableRow-img"},"wdio_ui5_key":"applicationmanagepartners-display-component---NewPartner--btnAddTableRow-img"}]}
RESULT: undefined
COMMAND: POST /session/8710bc86126986cf02bb1d50a5f31e3a/element - {"using":"xpath","value":"//*[@id=\"application-managepartners-display-component---NewPartner--btnAddTableRow-img\"]"}
RESULT: {"using":"xpath","value":"//*[@id=\"application-managepartners-display-component---NewPartner--btnAddTableRow-img\"]"}
COMMAND: POST /session/8710bc86126986cf02bb1d50a5f31e3a/element/f.4F28C2583BB65896889CB8FD582548C6.d.AD85E3BDE3D04DCB17C0596F9973CBC9.e.5808/click - {}
RESULT: {}
COMMAND: GET /session/8710bc86126986cf02bb1d50a5f31e3a/screenshot - {}
RESULT: {}
COMMAND: POST /session/8710bc86126986cf02bb1d50a5f31e3a/element - {"using":"xpath","value":"//input[@id=\"application-managepartners-display-component---NewPartner--assignmentYard-application-managepartners-display-component---NewPartner--assignmentsTable-0-inner\"]"}
RESULT: {"using":"xpath","value":"//input[@id=\"application-managepartners-display-component---NewPartner--assignmentYard-application-managepartners-display-component---NewPartner--assignmentsTable-0-inner\"]"}
COMMAND: POST /session/8710bc86126986cf02bb1d50a5f31e3a/element/f.4F28C2583BB65896889CB8FD582548C6.d.AD85E3BDE3D04DCB17C0596F9973CBC9.e.5811/clear - {}
RESULT: {}
COMMAND: POST /session/8710bc86126986cf02bb1d50a5f31e3a/element/f.4F28C2583BB65896889CB8FD582548C6.d.AD85E3BDE3D04DCB17C0596F9973CBC9.e.5811/value - {"text":"681"}
COMMAND: GET /session/8710bc86126986cf02bb1d50a5f31e3a/screenshot - {}
RESULT: {"text":"681"}
COMMAND: GET /session/8710bc86126986cf02bb1d50a5f31e3a/screenshot - {}
RESULT: {}
RESULT: {}
COMMAND: POST /session/8710bc86126986cf02bb1d50a5f31e3a/element - {"using":"xpath","value":"//li[.//span[text()='681']]"}
RESULT: {"using":"xpath","value":"//li[.//span[text()='681']]"}
COMMAND: POST /session/8710bc86126986cf02bb1d50a5f31e3a/element/f.4F28C2583BB65896889CB8FD582548C6.d.AD85E3BDE3D04DCB17C0596F9973CBC9.e.5820/click - {}
RESULT: {}
COMMAND: GET /session/8710bc86126986cf02bb1d50a5f31e3a/screenshot - {}
RESULT: {}
COMMAND: POST /session/8710bc86126986cf02bb1d50a5f31e3a/actions - {"actions":[{"id":"action21","type":"key","parameters":{},"actions":[{"type":"keyDown","value":""},{"type":"pause","duration":10},{"type":"keyUp","value":""}]}]}
RESULT: {"actions":[{"id":"action21","type":"key","parameters":{},"actions":[{"type":"keyDown","value":""},{"type":"pause","duration":10},{"type":"keyUp","value":""}]}]}
COMMAND: POST /session/8710bc86126986cf02bb1d50a5f31e3a/execute/async - {"script":"<script> [1562 bytes]","args":[{"selector":{"id":"application-managepartners-display-component---NewPartner--externalCustomerComboBox-application-managepartners-display-component---NewPartner--assignmentsTable-0-vhi"},"wdio_ui5_key":"applicationmanagepartners-display-component---NewPartner--externalCustomerComboBox-application-managepartners-display-component---NewPartner--assignmentsTable-0-vhi"}]}
COMMAND: GET /session/8710bc86126986cf02bb1d50a5f31e3a/screenshot - {}
RESULT: {"script":"<script> [1562 bytes]","args":[{"selector":{"id":"application-managepartners-display-component---NewPartner--externalCustomerComboBox-application-managepartners-display-component---NewPartner--assignmentsTable-0-vhi"},"wdio_ui5_key":"applicationmanagepartners-display-component---NewPartner--externalCustomerComboBox-application-managepartners-display-component---NewPartner--assignmentsTable-0-vhi"}]}
RESULT: undefined
COMMAND: POST /session/8710bc86126986cf02bb1d50a5f31e3a/element - {"using":"xpath","value":"//*[@id=\"application-managepartners-display-component---NewPartner--externalCustomerComboBox-application-managepartners-display-component---NewPartner--assignmentsTable-0-vhi\"]"}
RESULT: {}
RESULT: {"using":"xpath","value":"//*[@id=\"application-managepartners-display-component---NewPartner--externalCustomerComboBox-application-managepartners-display-component---NewPartner--assignmentsTable-0-vhi\"]"}
COMMAND: POST /session/8710bc86126986cf02bb1d50a5f31e3a/element/f.4F28C2583BB65896889CB8FD582548C6.d.AD85E3BDE3D04DCB17C0596F9973CBC9.e.5824/click - {}
RESULT: {}
RESULT: undefined
COMMAND: POST /session/8710bc86126986cf02bb1d50a5f31e3a/execute/async - {"script":"<script> [776 bytes]","args":[{"enterText":"300003","selector":{"controlType":"sap.m.SearchField","properties":{"placeholder":"Search"},"searchOpenDialogs":true,"interaction":{"idSuffix":"I"}},"clearTextFirst":true,"interactionType":"ENTER_TEXT"}]}
COMMAND: GET /session/8710bc86126986cf02bb1d50a5f31e3a/screenshot - {}
RESULT: {"script":"<script> [776 bytes]","args":[{"enterText":"300003","selector":{"controlType":"sap.m.SearchField","properties":{"placeholder":"Search"},"searchOpenDialogs":true,"interaction":{"idSuffix":"I"}},"clearTextFirst":true,"interactionType":"ENTER_TEXT"}]}
COMMAND: POST /session/8710bc86126986cf02bb1d50a5f31e3a/actions - {"actions":[{"id":"action22","type":"key","parameters":{},"actions":[{"type":"keyDown","value":""},{"type":"pause","duration":10},{"type":"keyUp","value":""}]}]}
RESULT: {}
RESULT: {"actions":[{"id":"action22","type":"key","parameters":{},"actions":[{"type":"keyDown","value":""},{"type":"pause","duration":10},{"type":"keyUp","value":""}]}]}
COMMAND: GET /session/8710bc86126986cf02bb1d50a5f31e3a/screenshot - {}
RESULT: {}
COMMAND: POST /session/8710bc86126986cf02bb1d50a5f31e3a/element - {"using":"xpath","value":"//span[contains(text(), \"300003\")]"}
RESULT: {"using":"xpath","value":"//span[contains(text(), \"300003\")]"}
COMMAND: POST /session/8710bc86126986cf02bb1d50a5f31e3a/elements - {"using":"xpath","value":"//span[contains(text(), \"300003\")]"}
RESULT: {"using":"xpath","value":"//span[contains(text(), \"300003\")]"}
COMMAND: POST /session/8710bc86126986cf02bb1d50a5f31e3a/elements - {"using":"xpath","value":"//span[contains(text(), \"300003\")]"}
RESULT: {"using":"xpath","value":"//span[contains(text(), \"300003\")]"}
COMMAND: POST /session/8710bc86126986cf02bb1d50a5f31e3a/elements - {"using":"xpath","value":"//span[contains(text(), \"300003\")]"}
RESULT: {"using":"xpath","value":"//span[contains(text(), \"300003\")]"}
COMMAND: POST /session/8710bc86126986cf02bb1d50a5f31e3a/elements - {"using":"xpath","value":"//span[contains(text(), \"300003\")]"}
RESULT: {"using":"xpath","value":"//span[contains(text(), \"300003\")]"}
COMMAND: POST /session/8710bc86126986cf02bb1d50a5f31e3a/elements - {"using":"xpath","value":"//span[contains(text(), \"300003\")]"}
RESULT: {"using":"xpath","value":"//span[contains(text(), \"300003\")]"}
COMMAND: POST /session/8710bc86126986cf02bb1d50a5f31e3a/elements - {"using":"xpath","value":"//span[contains(text(), \"300003\")]"}
RESULT: {"using":"xpath","value":"//span[contains(text(), \"300003\")]"}
COMMAND: POST /session/8710bc86126986cf02bb1d50a5f31e3a/elements - {"using":"xpath","value":"//span[contains(text(), \"300003\")]"}
RESULT: {"using":"xpath","value":"//span[contains(text(), \"300003\")]"}
COMMAND: POST /session/8710bc86126986cf02bb1d50a5f31e3a/elements - {"using":"xpath","value":"//span[contains(text(), \"300003\")]"}
RESULT: {"using":"xpath","value":"//span[contains(text(), \"300003\")]"}
COMMAND: POST /session/8710bc86126986cf02bb1d50a5f31e3a/element - {"using":"xpath","value":"//span[contains(text(), \"300003\")]"}
RESULT: {"using":"xpath","value":"//span[contains(text(), \"300003\")]"}
COMMAND: POST /session/8710bc86126986cf02bb1d50a5f31e3a/element/f.4F28C2583BB65896889CB8FD582548C6.d.AD85E3BDE3D04DCB17C0596F9973CBC9.e.5843/click - {}
RESULT: {}
COMMAND: GET /session/8710bc86126986cf02bb1d50a5f31e3a/screenshot - {}
RESULT: {}
COMMAND: POST /session/8710bc86126986cf02bb1d50a5f31e3a/element - {"using":"xpath","value":"//bdi[contains(text(), \"OK\")]"}
RESULT: {"using":"xpath","value":"//bdi[contains(text(), \"OK\")]"}
COMMAND: POST /session/8710bc86126986cf02bb1d50a5f31e3a/element/f.4F28C2583BB65896889CB8FD582548C6.d.AD85E3BDE3D04DCB17C0596F9973CBC9.e.5845/click - {}
RESULT: {}
COMMAND: GET /session/8710bc86126986cf02bb1d50a5f31e3a/screenshot - {}
RESULT: {}
COMMAND: POST /session/8710bc86126986cf02bb1d50a5f31e3a/execute/async - {"script":"<script> [1562 bytes]","args":[{"selector":{"id":"application-managepartners-display-component---NewPartner--intercompVendorComboBox-application-managepartners-display-component---NewPartner--assignmentsTable-0-vhi"},"wdio_ui5_key":"applicationmanagepartners-display-component---NewPartner--intercompVendorComboBox-application-managepartners-display-component---NewPartner--assignmentsTable-0-vhi"}]}
RESULT: {"script":"<script> [1562 bytes]","args":[{"selector":{"id":"application-managepartners-display-component---NewPartner--intercompVendorComboBox-application-managepartners-display-component---NewPartner--assignmentsTable-0-vhi"},"wdio_ui5_key":"applicationmanagepartners-display-component---NewPartner--intercompVendorComboBox-application-managepartners-display-component---NewPartner--assignmentsTable-0-vhi"}]}
RESULT: undefined
COMMAND: POST /session/8710bc86126986cf02bb1d50a5f31e3a/element - {"using":"xpath","value":"//*[@id=\"application-managepartners-display-component---NewPartner--intercompVendorComboBox-application-managepartners-display-component---NewPartner--assignmentsTable-0-vhi\"]"}
RESULT: {"using":"xpath","value":"//*[@id=\"application-managepartners-display-component---NewPartner--intercompVendorComboBox-application-managepartners-display-component---NewPartner--assignmentsTable-0-vhi\"]"}
COMMAND: POST /session/8710bc86126986cf02bb1d50a5f31e3a/element/f.4F28C2583BB65896889CB8FD582548C6.d.AD85E3BDE3D04DCB17C0596F9973CBC9.e.5849/click - {}
RESULT: {}
RESULT: undefined
COMMAND: POST /session/8710bc86126986cf02bb1d50a5f31e3a/execute/async - {"script":"<script> [776 bytes]","args":[{"enterText":"100005","selector":{"controlType":"sap.m.SearchField","properties":{"placeholder":"Search"},"searchOpenDialogs":true,"interaction":{"idSuffix":"I"}},"clearTextFirst":true,"interactionType":"ENTER_TEXT"}]}
COMMAND: GET /session/8710bc86126986cf02bb1d50a5f31e3a/screenshot - {}
RESULT: {"script":"<script> [776 bytes]","args":[{"enterText":"100005","selector":{"controlType":"sap.m.SearchField","properties":{"placeholder":"Search"},"searchOpenDialogs":true,"interaction":{"idSuffix":"I"}},"clearTextFirst":true,"interactionType":"ENTER_TEXT"}]}
COMMAND: POST /session/8710bc86126986cf02bb1d50a5f31e3a/actions - {"actions":[{"id":"action23","type":"key","parameters":{},"actions":[{"type":"keyDown","value":""},{"type":"pause","duration":10},{"type":"keyUp","value":""}]}]}
RESULT: {}
RESULT: {"actions":[{"id":"action23","type":"key","parameters":{},"actions":[{"type":"keyDown","value":""},{"type":"pause","duration":10},{"type":"keyUp","value":""}]}]}
COMMAND: GET /session/8710bc86126986cf02bb1d50a5f31e3a/screenshot - {}
RESULT: {}
COMMAND: POST /session/8710bc86126986cf02bb1d50a5f31e3a/element - {"using":"xpath","value":"//span[contains(text(), \"Penguins - Field/12345 Berlin\")]"}
RESULT: {"using":"xpath","value":"//span[contains(text(), \"Penguins - Field/12345 Berlin\")]"}
COMMAND: POST /session/8710bc86126986cf02bb1d50a5f31e3a/element/f.4F28C2583BB65896889CB8FD582548C6.d.AD85E3BDE3D04DCB17C0596F9973CBC9.e.5866/click - {}
RESULT: {}
COMMAND: GET /session/8710bc86126986cf02bb1d50a5f31e3a/screenshot - {}
RESULT: {}
COMMAND: POST /session/8710bc86126986cf02bb1d50a5f31e3a/element - {"using":"xpath","value":"//bdi[contains(text(), \"OK\")]"}
RESULT: {"using":"xpath","value":"//bdi[contains(text(), \"OK\")]"}
COMMAND: POST /session/8710bc86126986cf02bb1d50a5f31e3a/element/f.4F28C2583BB65896889CB8FD582548C6.d.AD85E3BDE3D04DCB17C0596F9973CBC9.e.5867/click - {}
RESULT: {}
COMMAND: GET /session/8710bc86126986cf02bb1d50a5f31e3a/screenshot - {}
RESULT: {}
COMMAND: POST /session/8710bc86126986cf02bb1d50a5f31e3a/element - {"using":"xpath","value":"//button[@data-kt=\"saveButton\"]"}
RESULT: {"using":"xpath","value":"//button[@data-kt=\"saveButton\"]"}
COMMAND: POST /session/8710bc86126986cf02bb1d50a5f31e3a/element/f.4F28C2583BB65896889CB8FD582548C6.d.AD85E3BDE3D04DCB17C0596F9973CBC9.e.5647/click - {}
RESULT: {}
COMMAND: GET /session/8710bc86126986cf02bb1d50a5f31e3a/screenshot - {}
RESULT: {}
COMMAND: POST /session/8710bc86126986cf02bb1d50a5f31e3a/element - {"using":"xpath","value":"//header[contains(@id, 'ObjectPageLayout-headerTitle')]/div[1]/div[2]/div[2]/span[1]"}
RESULT: {"using":"xpath","value":"//header[contains(@id, 'ObjectPageLayout-headerTitle')]/div[1]/div[2]/div[2]/span[1]"}
COMMAND: POST /session/8710bc86126986cf02bb1d50a5f31e3a/elements - {"using":"xpath","value":"//header[contains(@id, 'ObjectPageLayout-headerTitle')]/div[1]/div[2]/div[2]/span[1]"}
RESULT: {"using":"xpath","value":"//header[contains(@id, 'ObjectPageLayout-headerTitle')]/div[1]/div[2]/div[2]/span[1]"}
COMMAND: POST /session/8710bc86126986cf02bb1d50a5f31e3a/execute/sync - {"script":"<script> [56 bytes]","args":[{"element-6066-11e4-a52e-4f735466cecf":"f.4F28C2583BB65896889CB8FD582548C6.d.AD85E3BDE3D04DCB17C0596F9973CBC9.e.6029","ELEMENT":"f.4F28C2583BB65896889CB8FD582548C6.d.AD85E3BDE3D04DCB17C0596F9973CBC9.e.6029"}]}
RESULT: {"script":"<script> [56 bytes]","args":[{"element-6066-11e4-a52e-4f735466cecf":"f.4F28C2583BB65896889CB8FD582548C6.d.AD85E3BDE3D04DCB17C0596F9973CBC9.e.6029","ELEMENT":"f.4F28C2583BB65896889CB8FD582548C6.d.AD85E3BDE3D04DCB17C0596F9973CBC9.e.6029"}]}
COMMAND: POST /session/8710bc86126986cf02bb1d50a5f31e3a/element - {"using":"css selector","value":"#shell-header-logo"}
COMMAND: GET /session/8710bc86126986cf02bb1d50a5f31e3a/screenshot - {}
RESULT: {"using":"css selector","value":"#shell-header-logo"}
COMMAND: POST /session/8710bc86126986cf02bb1d50a5f31e3a/element/f.4F28C2583BB65896889CB8FD582548C6.d.AD85E3BDE3D04DCB17C0596F9973CBC9.e.5252/click - {}
RESULT: {}
RESULT: {}
COMMAND: GET /session/8710bc86126986cf02bb1d50a5f31e3a/screenshot - {}
RESULT: {}
COMMAND: POST /session/8710bc86126986cf02bb1d50a5f31e3a/execute/sync - {"script":"<script> [299 bytes]","args":[["getModel","getResource"]]}
RESULT: {"script":"<script> [299 bytes]","args":[["getModel","getResource"]]}
COMMAND: GET /session/8710bc86126986cf02bb1d50a5f31e3a/screenshot - {}
]]></system-out>
    </testcase>
    <testcase classname="chrome.136_0_7103_93.windows.Create_master_data_for_mixed_billing_&amp;_do_billing_calculation_US151661" name="Should create a new site" time="104.797">
      <system-out><![CDATA[
COMMAND: POST /session/8710bc86126986cf02bb1d50a5f31e3a/execute/async - {"script":"<script> [1562 bytes]","args":[{"selector":{"controlType":"sap.m.GenericTile","properties":{"header":"Manage Sites"}},"wdio_ui5_key":"sapm.GenericTile{\"header\":\"Manage Sites\"}"}]}
RESULT: {}
RESULT: {"script":"<script> [1562 bytes]","args":[{"selector":{"controlType":"sap.m.GenericTile","properties":{"header":"Manage Sites"}},"wdio_ui5_key":"sapm.GenericTile{\"header\":\"Manage Sites\"}"}]}
RESULT: undefined
COMMAND: POST /session/8710bc86126986cf02bb1d50a5f31e3a/element - {"using":"xpath","value":"//*[@id=\"__tile40\"]"}
RESULT: {"using":"xpath","value":"//*[@id=\"__tile40\"]"}
COMMAND: POST /session/8710bc86126986cf02bb1d50a5f31e3a/element/f.4F28C2583BB65896889CB8FD582548C6.d.AD85E3BDE3D04DCB17C0596F9973CBC9.e.4563/click - {}
RESULT: {}
COMMAND: GET /session/8710bc86126986cf02bb1d50a5f31e3a/screenshot - {}
RESULT: {}
COMMAND: POST /session/8710bc86126986cf02bb1d50a5f31e3a/elements - {"using":"xpath","value":"//span[text()='Error']"}
RESULT: {"using":"xpath","value":"//span[text()='Error']"}
COMMAND: POST /session/8710bc86126986cf02bb1d50a5f31e3a/element - {"using":"xpath","value":"//button[@data-kt=\"addOverflowToolbarButton\"]"}
RESULT: {"using":"xpath","value":"//button[@data-kt=\"addOverflowToolbarButton\"]"}
COMMAND: POST /session/8710bc86126986cf02bb1d50a5f31e3a/elements - {"using":"xpath","value":"//button[@data-kt=\"addOverflowToolbarButton\"]"}
RESULT: {"using":"xpath","value":"//button[@data-kt=\"addOverflowToolbarButton\"]"}
COMMAND: POST /session/8710bc86126986cf02bb1d50a5f31e3a/execute/sync - {"script":"<script> [8489 bytes]","args":[{"element-6066-11e4-a52e-4f735466cecf":"f.4F28C2583BB65896889CB8FD582548C6.d.AD85E3BDE3D04DCB17C0596F9973CBC9.e.6078","ELEMENT":"f.4F28C2583BB65896889CB8FD582548C6.d.AD85E3BDE3D04DCB17C0596F9973CBC9.e.6078"}]}
RESULT: {"script":"<script> [8489 bytes]","args":[{"element-6066-11e4-a52e-4f735466cecf":"f.4F28C2583BB65896889CB8FD582548C6.d.AD85E3BDE3D04DCB17C0596F9973CBC9.e.6078","ELEMENT":"f.4F28C2583BB65896889CB8FD582548C6.d.AD85E3BDE3D04DCB17C0596F9973CBC9.e.6078"}]}
COMMAND: GET /session/8710bc86126986cf02bb1d50a5f31e3a/element/f.4F28C2583BB65896889CB8FD582548C6.d.AD85E3BDE3D04DCB17C0596F9973CBC9.e.6078/enabled - {}
COMMAND: GET /session/8710bc86126986cf02bb1d50a5f31e3a/screenshot - {}
RESULT: {}
COMMAND: POST /session/8710bc86126986cf02bb1d50a5f31e3a/execute/sync - {"script":"<script> [8489 bytes]","args":[{"element-6066-11e4-a52e-4f735466cecf":"f.4F28C2583BB65896889CB8FD582548C6.d.AD85E3BDE3D04DCB17C0596F9973CBC9.e.6078","ELEMENT":"f.4F28C2583BB65896889CB8FD582548C6.d.AD85E3BDE3D04DCB17C0596F9973CBC9.e.6078"}]}
COMMAND: GET /session/8710bc86126986cf02bb1d50a5f31e3a/screenshot - {}
RESULT: {}
RESULT: {"script":"<script> [8489 bytes]","args":[{"element-6066-11e4-a52e-4f735466cecf":"f.4F28C2583BB65896889CB8FD582548C6.d.AD85E3BDE3D04DCB17C0596F9973CBC9.e.6078","ELEMENT":"f.4F28C2583BB65896889CB8FD582548C6.d.AD85E3BDE3D04DCB17C0596F9973CBC9.e.6078"}]}
COMMAND: POST /session/8710bc86126986cf02bb1d50a5f31e3a/execute/sync - {"script":"<script> [5351 bytes]","args":[{"element-6066-11e4-a52e-4f735466cecf":"f.4F28C2583BB65896889CB8FD582548C6.d.AD85E3BDE3D04DCB17C0596F9973CBC9.e.6078","ELEMENT":"f.4F28C2583BB65896889CB8FD582548C6.d.AD85E3BDE3D04DCB17C0596F9973CBC9.e.6078"}]}
COMMAND: GET /session/8710bc86126986cf02bb1d50a5f31e3a/screenshot - {}
RESULT: {}
RESULT: {"script":"<script> [5351 bytes]","args":[{"element-6066-11e4-a52e-4f735466cecf":"f.4F28C2583BB65896889CB8FD582548C6.d.AD85E3BDE3D04DCB17C0596F9973CBC9.e.6078","ELEMENT":"f.4F28C2583BB65896889CB8FD582548C6.d.AD85E3BDE3D04DCB17C0596F9973CBC9.e.6078"}]}
COMMAND: POST /session/8710bc86126986cf02bb1d50a5f31e3a/element/f.4F28C2583BB65896889CB8FD582548C6.d.AD85E3BDE3D04DCB17C0596F9973CBC9.e.6078/click - {}
COMMAND: GET /session/8710bc86126986cf02bb1d50a5f31e3a/screenshot - {}
RESULT: {}
RESULT: {}
COMMAND: GET /session/8710bc86126986cf02bb1d50a5f31e3a/screenshot - {}
COMMAND: POST /session/8710bc86126986cf02bb1d50a5f31e3a/element - {"using":"xpath","value":"//input[@id=\"application-managesites-display-component---NewSite--siteId-inner\"]"}
RESULT: {}
RESULT: {}
RESULT: {"using":"xpath","value":"//input[@id=\"application-managesites-display-component---NewSite--siteId-inner\"]"}
COMMAND: POST /session/8710bc86126986cf02bb1d50a5f31e3a/element - {"using":"xpath","value":"//input[@id=\"application-managesites-display-component---NewSite--siteId-inner\"]"}
RESULT: {"using":"xpath","value":"//input[@id=\"application-managesites-display-component---NewSite--siteId-inner\"]"}
COMMAND: POST /session/8710bc86126986cf02bb1d50a5f31e3a/execute/async - {"script":"<script> [1562 bytes]","args":[{"selector":{"id":"application-managesites-display-component---NewSite--addressDetailDetailsName1","interaction":{"idSuffix":"inner"}},"wdio_ui5_key":"applicationmanagesites-display-component---NewSite--addressDetailDetailsName1"}]}
RESULT: {"script":"<script> [1562 bytes]","args":[{"selector":{"id":"application-managesites-display-component---NewSite--addressDetailDetailsName1","interaction":{"idSuffix":"inner"}},"wdio_ui5_key":"applicationmanagesites-display-component---NewSite--addressDetailDetailsName1"}]}
RESULT: undefined
COMMAND: POST /session/8710bc86126986cf02bb1d50a5f31e3a/execute/async - {"script":"<script> [776 bytes]","args":[{"enterText":"Intercompany Site wdIO","selector":{"id":"application-managesites-display-component---NewSite--addressDetailDetailsName1","interaction":{"idSuffix":"inner"}},"clearTextFirst":true,"interactionType":"ENTER_TEXT"}]}
RESULT: {"script":"<script> [776 bytes]","args":[{"enterText":"Intercompany Site wdIO","selector":{"id":"application-managesites-display-component---NewSite--addressDetailDetailsName1","interaction":{"idSuffix":"inner"}},"clearTextFirst":true,"interactionType":"ENTER_TEXT"}]}
COMMAND: POST /session/8710bc86126986cf02bb1d50a5f31e3a/execute/async - {"script":"<script> [1562 bytes]","args":[{"selector":{"id":"application-managesites-display-component---NewSite--addressDetailDetailsLanguage-arrow"},"wdio_ui5_key":"applicationmanagesites-display-component---NewSite--addressDetailDetailsLanguage-arrow"}]}
RESULT: {"script":"<script> [1562 bytes]","args":[{"selector":{"id":"application-managesites-display-component---NewSite--addressDetailDetailsLanguage-arrow"},"wdio_ui5_key":"applicationmanagesites-display-component---NewSite--addressDetailDetailsLanguage-arrow"}]}
RESULT: undefined
COMMAND: POST /session/8710bc86126986cf02bb1d50a5f31e3a/element - {"using":"xpath","value":"//*[@id=\"application-managesites-display-component---NewSite--addressDetailDetailsLanguage-arrow\"]"}
RESULT: {"using":"xpath","value":"//*[@id=\"application-managesites-display-component---NewSite--addressDetailDetailsLanguage-arrow\"]"}
COMMAND: POST /session/8710bc86126986cf02bb1d50a5f31e3a/element/f.4F28C2583BB65896889CB8FD582548C6.d.AD85E3BDE3D04DCB17C0596F9973CBC9.e.6446/click - {}
RESULT: {}
COMMAND: POST /session/8710bc86126986cf02bb1d50a5f31e3a/element - {"using":"xpath","value":"//span[contains(text(), \"English\")]"}
COMMAND: GET /session/8710bc86126986cf02bb1d50a5f31e3a/screenshot - {}
RESULT: {"using":"xpath","value":"//span[contains(text(), \"English\")]"}
COMMAND: POST /session/8710bc86126986cf02bb1d50a5f31e3a/element/f.4F28C2583BB65896889CB8FD582548C6.d.AD85E3BDE3D04DCB17C0596F9973CBC9.e.6447/click - {}
RESULT: {}
RESULT: {}
COMMAND: POST /session/8710bc86126986cf02bb1d50a5f31e3a/execute/async - {"script":"<script> [1562 bytes]","args":[{"selector":{"id":"application-managesites-display-component---NewSite--addressDetailDetailsCity1","interaction":{"idSuffix":"inner"}},"wdio_ui5_key":"applicationmanagesites-display-component---NewSite--addressDetailDetailsCity1"}]}
COMMAND: GET /session/8710bc86126986cf02bb1d50a5f31e3a/screenshot - {}
RESULT: {"script":"<script> [1562 bytes]","args":[{"selector":{"id":"application-managesites-display-component---NewSite--addressDetailDetailsCity1","interaction":{"idSuffix":"inner"}},"wdio_ui5_key":"applicationmanagesites-display-component---NewSite--addressDetailDetailsCity1"}]}
RESULT: undefined
COMMAND: POST /session/8710bc86126986cf02bb1d50a5f31e3a/execute/async - {"script":"<script> [776 bytes]","args":[{"enterText":"Rosario","selector":{"id":"application-managesites-display-component---NewSite--addressDetailDetailsCity1","interaction":{"idSuffix":"inner"}},"clearTextFirst":true,"interactionType":"ENTER_TEXT"}]}
RESULT: {}
RESULT: {"script":"<script> [776 bytes]","args":[{"enterText":"Rosario","selector":{"id":"application-managesites-display-component---NewSite--addressDetailDetailsCity1","interaction":{"idSuffix":"inner"}},"clearTextFirst":true,"interactionType":"ENTER_TEXT"}]}
COMMAND: POST /session/8710bc86126986cf02bb1d50a5f31e3a/execute/async - {"script":"<script> [1562 bytes]","args":[{"selector":{"id":"application-managesites-display-component---NewSite--addressDetailDetailsCountry-arrow"},"wdio_ui5_key":"applicationmanagesites-display-component---NewSite--addressDetailDetailsCountry-arrow"}]}
RESULT: {"script":"<script> [1562 bytes]","args":[{"selector":{"id":"application-managesites-display-component---NewSite--addressDetailDetailsCountry-arrow"},"wdio_ui5_key":"applicationmanagesites-display-component---NewSite--addressDetailDetailsCountry-arrow"}]}
RESULT: undefined
COMMAND: POST /session/8710bc86126986cf02bb1d50a5f31e3a/element - {"using":"xpath","value":"//*[@id=\"application-managesites-display-component---NewSite--addressDetailDetailsCountry-arrow\"]"}
RESULT: {"using":"xpath","value":"//*[@id=\"application-managesites-display-component---NewSite--addressDetailDetailsCountry-arrow\"]"}
COMMAND: POST /session/8710bc86126986cf02bb1d50a5f31e3a/element/f.4F28C2583BB65896889CB8FD582548C6.d.AD85E3BDE3D04DCB17C0596F9973CBC9.e.6449/click - {}
RESULT: {}
COMMAND: POST /session/8710bc86126986cf02bb1d50a5f31e3a/element - {"using":"xpath","value":"//span[contains(text(), \"Argentina\")]"}
COMMAND: GET /session/8710bc86126986cf02bb1d50a5f31e3a/screenshot - {}
RESULT: {"using":"xpath","value":"//span[contains(text(), \"Argentina\")]"}
COMMAND: POST /session/8710bc86126986cf02bb1d50a5f31e3a/element/f.4F28C2583BB65896889CB8FD582548C6.d.AD85E3BDE3D04DCB17C0596F9973CBC9.e.6450/click - {}
RESULT: {}
RESULT: {}
COMMAND: GET /session/8710bc86126986cf02bb1d50a5f31e3a/screenshot - {}
RESULT: {}
COMMAND: POST /session/8710bc86126986cf02bb1d50a5f31e3a/execute/async - {"script":"<script> [1562 bytes]","args":[{"selector":{"id":"application-managesites-display-component---NewSite--addressEditDetailsCostObjectCstType-arrow"},"wdio_ui5_key":"applicationmanagesites-display-component---NewSite--addressEditDetailsCostObjectCstType-arrow"}]}
RESULT: {"script":"<script> [1562 bytes]","args":[{"selector":{"id":"application-managesites-display-component---NewSite--addressEditDetailsCostObjectCstType-arrow"},"wdio_ui5_key":"applicationmanagesites-display-component---NewSite--addressEditDetailsCostObjectCstType-arrow"}]}
RESULT: undefined
COMMAND: POST /session/8710bc86126986cf02bb1d50a5f31e3a/element - {"using":"xpath","value":"//*[@id=\"application-managesites-display-component---NewSite--addressEditDetailsCostObjectCstType-arrow\"]"}
RESULT: {"using":"xpath","value":"//*[@id=\"application-managesites-display-component---NewSite--addressEditDetailsCostObjectCstType-arrow\"]"}
COMMAND: POST /session/8710bc86126986cf02bb1d50a5f31e3a/element/f.4F28C2583BB65896889CB8FD582548C6.d.AD85E3BDE3D04DCB17C0596F9973CBC9.e.6453/click - {}
RESULT: {}
COMMAND: POST /session/8710bc86126986cf02bb1d50a5f31e3a/element - {"using":"xpath","value":"//span[contains(text(), \"Cost Center\")]"}
COMMAND: GET /session/8710bc86126986cf02bb1d50a5f31e3a/screenshot - {}
RESULT: {"using":"xpath","value":"//span[contains(text(), \"Cost Center\")]"}
COMMAND: POST /session/8710bc86126986cf02bb1d50a5f31e3a/element/f.4F28C2583BB65896889CB8FD582548C6.d.AD85E3BDE3D04DCB17C0596F9973CBC9.e.6454/click - {}
RESULT: {}
RESULT: {}
COMMAND: GET /session/8710bc86126986cf02bb1d50a5f31e3a/screenshot - {}
RESULT: {}
COMMAND: POST /session/8710bc86126986cf02bb1d50a5f31e3a/element - {"using":"xpath","value":"//span[@id=\"application-managesites-display-component---NewSite--addressNewCostObjectCstID-vhi\"]"}
RESULT: {"using":"xpath","value":"//span[@id=\"application-managesites-display-component---NewSite--addressNewCostObjectCstID-vhi\"]"}
COMMAND: POST /session/8710bc86126986cf02bb1d50a5f31e3a/execute/sync - {"script":"<script> [8489 bytes]","args":[{"element-6066-11e4-a52e-4f735466cecf":"f.4F28C2583BB65896889CB8FD582548C6.d.AD85E3BDE3D04DCB17C0596F9973CBC9.e.6459","ELEMENT":"f.4F28C2583BB65896889CB8FD582548C6.d.AD85E3BDE3D04DCB17C0596F9973CBC9.e.6459"}]}
RESULT: {"script":"<script> [8489 bytes]","args":[{"element-6066-11e4-a52e-4f735466cecf":"f.4F28C2583BB65896889CB8FD582548C6.d.AD85E3BDE3D04DCB17C0596F9973CBC9.e.6459","ELEMENT":"f.4F28C2583BB65896889CB8FD582548C6.d.AD85E3BDE3D04DCB17C0596F9973CBC9.e.6459"}]}
COMMAND: POST /session/8710bc86126986cf02bb1d50a5f31e3a/execute/async - {"script":"<script> [1562 bytes]","args":[{"selector":{"id":"application-managesites-display-component---NewSite--addressNewCostObjectCstID-vhi"},"wdio_ui5_key":"applicationmanagesites-display-component---NewSite--addressNewCostObjectCstID-vhi"}]}
COMMAND: GET /session/8710bc86126986cf02bb1d50a5f31e3a/screenshot - {}
RESULT: {"script":"<script> [1562 bytes]","args":[{"selector":{"id":"application-managesites-display-component---NewSite--addressNewCostObjectCstID-vhi"},"wdio_ui5_key":"applicationmanagesites-display-component---NewSite--addressNewCostObjectCstID-vhi"}]}
RESULT: undefined
COMMAND: POST /session/8710bc86126986cf02bb1d50a5f31e3a/element - {"using":"xpath","value":"//*[@id=\"application-managesites-display-component---NewSite--addressNewCostObjectCstID-vhi\"]"}
RESULT: {}
RESULT: {"using":"xpath","value":"//*[@id=\"application-managesites-display-component---NewSite--addressNewCostObjectCstID-vhi\"]"}
COMMAND: POST /session/8710bc86126986cf02bb1d50a5f31e3a/element/f.4F28C2583BB65896889CB8FD582548C6.d.AD85E3BDE3D04DCB17C0596F9973CBC9.e.6459/click - {}
RESULT: {}
COMMAND: GET /session/8710bc86126986cf02bb1d50a5f31e3a/screenshot - {}
RESULT: {}
RESULT: undefined
COMMAND: POST /session/8710bc86126986cf02bb1d50a5f31e3a/execute/async - {"script":"<script> [776 bytes]","args":[{"enterText":"10001013","selector":{"controlType":"sap.m.SearchField","properties":{"placeholder":"Search"},"searchOpenDialogs":true,"interaction":{"idSuffix":"I"}},"clearTextFirst":true,"interactionType":"ENTER_TEXT"}]}
RESULT: {"script":"<script> [776 bytes]","args":[{"enterText":"10001013","selector":{"controlType":"sap.m.SearchField","properties":{"placeholder":"Search"},"searchOpenDialogs":true,"interaction":{"idSuffix":"I"}},"clearTextFirst":true,"interactionType":"ENTER_TEXT"}]}
COMMAND: POST /session/8710bc86126986cf02bb1d50a5f31e3a/actions - {"actions":[{"id":"action24","type":"key","parameters":{},"actions":[{"type":"keyDown","value":""},{"type":"pause","duration":10},{"type":"keyUp","value":""}]}]}
RESULT: {"actions":[{"id":"action24","type":"key","parameters":{},"actions":[{"type":"keyDown","value":""},{"type":"pause","duration":10},{"type":"keyUp","value":""}]}]}
COMMAND: GET /session/8710bc86126986cf02bb1d50a5f31e3a/screenshot - {}
RESULT: {}
COMMAND: POST /session/8710bc86126986cf02bb1d50a5f31e3a/element - {"using":"xpath","value":"//span[contains(text(), \"General Management\")]"}
RESULT: {"using":"xpath","value":"//span[contains(text(), \"General Management\")]"}
COMMAND: POST /session/8710bc86126986cf02bb1d50a5f31e3a/element/f.4F28C2583BB65896889CB8FD582548C6.d.AD85E3BDE3D04DCB17C0596F9973CBC9.e.6496/click - {}
RESULT: {}
COMMAND: GET /session/8710bc86126986cf02bb1d50a5f31e3a/screenshot - {}
RESULT: {}
COMMAND: POST /session/8710bc86126986cf02bb1d50a5f31e3a/element - {"using":"xpath","value":"//bdi[contains(text(), \"OK\")]"}
RESULT: {"using":"xpath","value":"//bdi[contains(text(), \"OK\")]"}
COMMAND: POST /session/8710bc86126986cf02bb1d50a5f31e3a/element/f.4F28C2583BB65896889CB8FD582548C6.d.AD85E3BDE3D04DCB17C0596F9973CBC9.e.6497/click - {}
RESULT: {}
COMMAND: GET /session/8710bc86126986cf02bb1d50a5f31e3a/screenshot - {}
RESULT: {}
COMMAND: POST /session/8710bc86126986cf02bb1d50a5f31e3a/element - {"using":"xpath","value":"//input[@id=\"application-managesites-display-component---NewSite--addressDetailDetailsCalendar-inner\"]"}
RESULT: {"using":"xpath","value":"//input[@id=\"application-managesites-display-component---NewSite--addressDetailDetailsCalendar-inner\"]"}
COMMAND: POST /session/8710bc86126986cf02bb1d50a5f31e3a/element/f.4F28C2583BB65896889CB8FD582548C6.d.AD85E3BDE3D04DCB17C0596F9973CBC9.e.6239/clear - {}
RESULT: {}
COMMAND: POST /session/8710bc86126986cf02bb1d50a5f31e3a/element/f.4F28C2583BB65896889CB8FD582548C6.d.AD85E3BDE3D04DCB17C0596F9973CBC9.e.6239/value - {"text":"Unit"}
COMMAND: GET /session/8710bc86126986cf02bb1d50a5f31e3a/screenshot - {}
RESULT: {"text":"Unit"}
COMMAND: GET /session/8710bc86126986cf02bb1d50a5f31e3a/screenshot - {}
RESULT: {}
RESULT: {}
COMMAND: POST /session/8710bc86126986cf02bb1d50a5f31e3a/actions - {"actions":[{"id":"action25","type":"key","parameters":{},"actions":[{"type":"keyDown","value":""},{"type":"pause","duration":10},{"type":"keyUp","value":""}]}]}
RESULT: {"actions":[{"id":"action25","type":"key","parameters":{},"actions":[{"type":"keyDown","value":""},{"type":"pause","duration":10},{"type":"keyUp","value":""}]}]}
COMMAND: POST /session/8710bc86126986cf02bb1d50a5f31e3a/element - {"using":"xpath","value":"//input[@id=\"application-managesites-display-component---NewSite--addressDetailDetailsYard-inner\"]"}
COMMAND: GET /session/8710bc86126986cf02bb1d50a5f31e3a/screenshot - {}
RESULT: {"using":"xpath","value":"//input[@id=\"application-managesites-display-component---NewSite--addressDetailDetailsYard-inner\"]"}
COMMAND: POST /session/8710bc86126986cf02bb1d50a5f31e3a/element/f.4F28C2583BB65896889CB8FD582548C6.d.AD85E3BDE3D04DCB17C0596F9973CBC9.e.6240/clear - {}
RESULT: {}
RESULT: {}
COMMAND: POST /session/8710bc86126986cf02bb1d50a5f31e3a/element/f.4F28C2583BB65896889CB8FD582548C6.d.AD85E3BDE3D04DCB17C0596F9973CBC9.e.6240/value - {"text":"681"}
COMMAND: GET /session/8710bc86126986cf02bb1d50a5f31e3a/screenshot - {}
RESULT: {"text":"681"}
COMMAND: GET /session/8710bc86126986cf02bb1d50a5f31e3a/screenshot - {}
RESULT: {}
RESULT: {}
COMMAND: POST /session/8710bc86126986cf02bb1d50a5f31e3a/element - {"using":"xpath","value":"//li[.//span[text()='681']]"}
RESULT: {"using":"xpath","value":"//li[.//span[text()='681']]"}
COMMAND: POST /session/8710bc86126986cf02bb1d50a5f31e3a/element/f.4F28C2583BB65896889CB8FD582548C6.d.AD85E3BDE3D04DCB17C0596F9973CBC9.e.6505/click - {}
RESULT: {}
COMMAND: GET /session/8710bc86126986cf02bb1d50a5f31e3a/screenshot - {}
RESULT: {}
COMMAND: POST /session/8710bc86126986cf02bb1d50a5f31e3a/element - {"using":"xpath","value":"//input[@id=\"application-managesites-display-component---NewSite--addressDetailDetailsPartner-inner\"]"}
RESULT: {"using":"xpath","value":"//input[@id=\"application-managesites-display-component---NewSite--addressDetailDetailsPartner-inner\"]"}
COMMAND: POST /session/8710bc86126986cf02bb1d50a5f31e3a/element - {"using":"xpath","value":"//input[@id=\"application-managesites-display-component---NewSite--addressDetailDetailsPartner-inner\"]"}
RESULT: {"using":"xpath","value":"//input[@id=\"application-managesites-display-component---NewSite--addressDetailDetailsPartner-inner\"]"}
COMMAND: POST /session/8710bc86126986cf02bb1d50a5f31e3a/element - {"using":"xpath","value":"//button[@data-kt=\"saveButton\"]"}
RESULT: {"using":"xpath","value":"//button[@data-kt=\"saveButton\"]"}
COMMAND: POST /session/8710bc86126986cf02bb1d50a5f31e3a/element/f.4F28C2583BB65896889CB8FD582548C6.d.AD85E3BDE3D04DCB17C0596F9973CBC9.e.6506/click - {}
RESULT: {}
COMMAND: GET /session/8710bc86126986cf02bb1d50a5f31e3a/screenshot - {}
COMMAND: POST /session/8710bc86126986cf02bb1d50a5f31e3a/element - {"using":"xpath","value":"//header[contains(@id, 'ObjectPageLayout-headerTitle')]/div[1]/div[2]/div[2]/span[1]"}
RESULT: {}
RESULT: {"using":"xpath","value":"//header[contains(@id, 'ObjectPageLayout-headerTitle')]/div[1]/div[2]/div[2]/span[1]"}
COMMAND: POST /session/8710bc86126986cf02bb1d50a5f31e3a/elements - {"using":"xpath","value":"//header[contains(@id, 'ObjectPageLayout-headerTitle')]/div[1]/div[2]/div[2]/span[1]"}
RESULT: {"using":"xpath","value":"//header[contains(@id, 'ObjectPageLayout-headerTitle')]/div[1]/div[2]/div[2]/span[1]"}
COMMAND: POST /session/8710bc86126986cf02bb1d50a5f31e3a/execute/sync - {"script":"<script> [56 bytes]","args":[{"element-6066-11e4-a52e-4f735466cecf":"f.4F28C2583BB65896889CB8FD582548C6.d.AD85E3BDE3D04DCB17C0596F9973CBC9.e.6709","ELEMENT":"f.4F28C2583BB65896889CB8FD582548C6.d.AD85E3BDE3D04DCB17C0596F9973CBC9.e.6709"}]}
RESULT: {"script":"<script> [56 bytes]","args":[{"element-6066-11e4-a52e-4f735466cecf":"f.4F28C2583BB65896889CB8FD582548C6.d.AD85E3BDE3D04DCB17C0596F9973CBC9.e.6709","ELEMENT":"f.4F28C2583BB65896889CB8FD582548C6.d.AD85E3BDE3D04DCB17C0596F9973CBC9.e.6709"}]}
COMMAND: POST /session/8710bc86126986cf02bb1d50a5f31e3a/element - {"using":"css selector","value":"#shell-header-logo"}
COMMAND: GET /session/8710bc86126986cf02bb1d50a5f31e3a/screenshot - {}
RESULT: {"using":"css selector","value":"#shell-header-logo"}
COMMAND: POST /session/8710bc86126986cf02bb1d50a5f31e3a/element/f.4F28C2583BB65896889CB8FD582548C6.d.AD85E3BDE3D04DCB17C0596F9973CBC9.e.6035/click - {}
RESULT: {}
RESULT: {}
COMMAND: GET /session/8710bc86126986cf02bb1d50a5f31e3a/screenshot - {}
RESULT: {}
COMMAND: POST /session/8710bc86126986cf02bb1d50a5f31e3a/execute/sync - {"script":"<script> [299 bytes]","args":[["getModel","getResource"]]}
RESULT: {"script":"<script> [299 bytes]","args":[["getModel","getResource"]]}
]]></system-out>
    </testcase>
    <testcase classname="chrome.136_0_7103_93.windows.Create_master_data_for_mixed_billing_&amp;_do_billing_calculation_US151661" name="Should create a new equipment and add a counter to it" time="175.466">
      <system-out><![CDATA[
COMMAND: POST /session/8710bc86126986cf02bb1d50a5f31e3a/execute/async - {"script":"<script> [1562 bytes]","args":[{"selector":{"controlType":"sap.m.GenericTile","properties":{"header":"Manage Resources"}},"wdio_ui5_key":"sapm.GenericTile{\"header\":\"Manage Resources\"}"}]}
COMMAND: GET /session/8710bc86126986cf02bb1d50a5f31e3a/screenshot - {}
RESULT: {"script":"<script> [1562 bytes]","args":[{"selector":{"controlType":"sap.m.GenericTile","properties":{"header":"Manage Resources"}},"wdio_ui5_key":"sapm.GenericTile{\"header\":\"Manage Resources\"}"}]}
RESULT: undefined
COMMAND: POST /session/8710bc86126986cf02bb1d50a5f31e3a/element - {"using":"xpath","value":"//*[@id=\"__tile39\"]"}
RESULT: {}
RESULT: {"using":"xpath","value":"//*[@id=\"__tile39\"]"}
COMMAND: POST /session/8710bc86126986cf02bb1d50a5f31e3a/element/f.4F28C2583BB65896889CB8FD582548C6.d.AD85E3BDE3D04DCB17C0596F9973CBC9.e.4560/click - {}
RESULT: {}
COMMAND: GET /session/8710bc86126986cf02bb1d50a5f31e3a/screenshot - {}
RESULT: {}
COMMAND: POST /session/8710bc86126986cf02bb1d50a5f31e3a/elements - {"using":"xpath","value":"//span[text()='Error']"}
RESULT: {"using":"xpath","value":"//span[text()='Error']"}
COMMAND: POST /session/8710bc86126986cf02bb1d50a5f31e3a/element - {"using":"xpath","value":"//button[@data-kt=\"addNewRUOverflowToolbarButton\"]"}
RESULT: {"using":"xpath","value":"//button[@data-kt=\"addNewRUOverflowToolbarButton\"]"}
COMMAND: POST /session/8710bc86126986cf02bb1d50a5f31e3a/elements - {"using":"xpath","value":"//button[@data-kt=\"addNewRUOverflowToolbarButton\"]"}
RESULT: {"using":"xpath","value":"//button[@data-kt=\"addNewRUOverflowToolbarButton\"]"}
COMMAND: POST /session/8710bc86126986cf02bb1d50a5f31e3a/execute/sync - {"script":"<script> [8489 bytes]","args":[{"element-6066-11e4-a52e-4f735466cecf":"f.4F28C2583BB65896889CB8FD582548C6.d.AD85E3BDE3D04DCB17C0596F9973CBC9.e.6740","ELEMENT":"f.4F28C2583BB65896889CB8FD582548C6.d.AD85E3BDE3D04DCB17C0596F9973CBC9.e.6740"}]}
RESULT: {"script":"<script> [8489 bytes]","args":[{"element-6066-11e4-a52e-4f735466cecf":"f.4F28C2583BB65896889CB8FD582548C6.d.AD85E3BDE3D04DCB17C0596F9973CBC9.e.6740","ELEMENT":"f.4F28C2583BB65896889CB8FD582548C6.d.AD85E3BDE3D04DCB17C0596F9973CBC9.e.6740"}]}
COMMAND: GET /session/8710bc86126986cf02bb1d50a5f31e3a/element/f.4F28C2583BB65896889CB8FD582548C6.d.AD85E3BDE3D04DCB17C0596F9973CBC9.e.6740/enabled - {}
COMMAND: GET /session/8710bc86126986cf02bb1d50a5f31e3a/screenshot - {}
RESULT: {}
COMMAND: POST /session/8710bc86126986cf02bb1d50a5f31e3a/execute/sync - {"script":"<script> [8489 bytes]","args":[{"element-6066-11e4-a52e-4f735466cecf":"f.4F28C2583BB65896889CB8FD582548C6.d.AD85E3BDE3D04DCB17C0596F9973CBC9.e.6740","ELEMENT":"f.4F28C2583BB65896889CB8FD582548C6.d.AD85E3BDE3D04DCB17C0596F9973CBC9.e.6740"}]}
COMMAND: GET /session/8710bc86126986cf02bb1d50a5f31e3a/screenshot - {}
RESULT: {}
RESULT: {"script":"<script> [8489 bytes]","args":[{"element-6066-11e4-a52e-4f735466cecf":"f.4F28C2583BB65896889CB8FD582548C6.d.AD85E3BDE3D04DCB17C0596F9973CBC9.e.6740","ELEMENT":"f.4F28C2583BB65896889CB8FD582548C6.d.AD85E3BDE3D04DCB17C0596F9973CBC9.e.6740"}]}
COMMAND: POST /session/8710bc86126986cf02bb1d50a5f31e3a/execute/sync - {"script":"<script> [5351 bytes]","args":[{"element-6066-11e4-a52e-4f735466cecf":"f.4F28C2583BB65896889CB8FD582548C6.d.AD85E3BDE3D04DCB17C0596F9973CBC9.e.6740","ELEMENT":"f.4F28C2583BB65896889CB8FD582548C6.d.AD85E3BDE3D04DCB17C0596F9973CBC9.e.6740"}]}
COMMAND: GET /session/8710bc86126986cf02bb1d50a5f31e3a/screenshot - {}
RESULT: {}
RESULT: {"script":"<script> [5351 bytes]","args":[{"element-6066-11e4-a52e-4f735466cecf":"f.4F28C2583BB65896889CB8FD582548C6.d.AD85E3BDE3D04DCB17C0596F9973CBC9.e.6740","ELEMENT":"f.4F28C2583BB65896889CB8FD582548C6.d.AD85E3BDE3D04DCB17C0596F9973CBC9.e.6740"}]}
COMMAND: POST /session/8710bc86126986cf02bb1d50a5f31e3a/element/f.4F28C2583BB65896889CB8FD582548C6.d.AD85E3BDE3D04DCB17C0596F9973CBC9.e.6740/click - {}
COMMAND: GET /session/8710bc86126986cf02bb1d50a5f31e3a/screenshot - {}
RESULT: {}
RESULT: {}
COMMAND: GET /session/8710bc86126986cf02bb1d50a5f31e3a/screenshot - {}
COMMAND: POST /session/8710bc86126986cf02bb1d50a5f31e3a/execute/async - {"script":"<script> [1562 bytes]","args":[{"selector":{"id":"application-manageresources-display-component---newResourceUnit--TYPE-arrow"},"wdio_ui5_key":"applicationmanageresources-display-component---newResourceUnit--TYPE-arrow"}]}
RESULT: {}
RESULT: {}
RESULT: {"script":"<script> [1562 bytes]","args":[{"selector":{"id":"application-manageresources-display-component---newResourceUnit--TYPE-arrow"},"wdio_ui5_key":"applicationmanageresources-display-component---newResourceUnit--TYPE-arrow"}]}
RESULT: undefined
COMMAND: POST /session/8710bc86126986cf02bb1d50a5f31e3a/element - {"using":"xpath","value":"//*[@id=\"application-manageresources-display-component---newResourceUnit--TYPE-arrow\"]"}
RESULT: {"using":"xpath","value":"//*[@id=\"application-manageresources-display-component---newResourceUnit--TYPE-arrow\"]"}
COMMAND: POST /session/8710bc86126986cf02bb1d50a5f31e3a/element/f.4F28C2583BB65896889CB8FD582548C6.d.AD85E3BDE3D04DCB17C0596F9973CBC9.e.7096/click - {}
RESULT: {}
COMMAND: POST /session/8710bc86126986cf02bb1d50a5f31e3a/element - {"using":"xpath","value":"//input[@id=\"application-manageresources-display-component---newResourceUnit--TYPE-inner\"]"}
COMMAND: GET /session/8710bc86126986cf02bb1d50a5f31e3a/screenshot - {}
RESULT: {"using":"xpath","value":"//input[@id=\"application-manageresources-display-component---newResourceUnit--TYPE-inner\"]"}
COMMAND: POST /session/8710bc86126986cf02bb1d50a5f31e3a/element/f.4F28C2583BB65896889CB8FD582548C6.d.AD85E3BDE3D04DCB17C0596F9973CBC9.e.7091/clear - {}
RESULT: {}
RESULT: {}
COMMAND: POST /session/8710bc86126986cf02bb1d50a5f31e3a/element/f.4F28C2583BB65896889CB8FD582548C6.d.AD85E3BDE3D04DCB17C0596F9973CBC9.e.7091/value - {"text":"Equipment"}
COMMAND: GET /session/8710bc86126986cf02bb1d50a5f31e3a/screenshot - {}
RESULT: {"text":"Equipment"}
COMMAND: GET /session/8710bc86126986cf02bb1d50a5f31e3a/screenshot - {}
RESULT: {}
RESULT: {}
COMMAND: POST /session/8710bc86126986cf02bb1d50a5f31e3a/actions - {"actions":[{"id":"action26","type":"key","parameters":{},"actions":[{"type":"keyDown","value":""},{"type":"pause","duration":10},{"type":"keyUp","value":""}]}]}
RESULT: {"actions":[{"id":"action26","type":"key","parameters":{},"actions":[{"type":"keyDown","value":""},{"type":"pause","duration":10},{"type":"keyUp","value":""}]}]}
COMMAND: POST /session/8710bc86126986cf02bb1d50a5f31e3a/execute/async - {"script":"<script> [1562 bytes]","args":[{"selector":{"id":"application-manageresources-display-component---newResourceUnit--resourceId","interaction":{"idSuffix":"inner"}},"wdio_ui5_key":"applicationmanageresources-display-component---newResourceUnit--resourceId"}]}
COMMAND: GET /session/8710bc86126986cf02bb1d50a5f31e3a/screenshot - {}
RESULT: {"script":"<script> [1562 bytes]","args":[{"selector":{"id":"application-manageresources-display-component---newResourceUnit--resourceId","interaction":{"idSuffix":"inner"}},"wdio_ui5_key":"applicationmanageresources-display-component---newResourceUnit--resourceId"}]}
RESULT: undefined
COMMAND: POST /session/8710bc86126986cf02bb1d50a5f31e3a/execute/async - {"script":"<script> [776 bytes]","args":[{"enterText":"83H8Tvok9B","selector":{"id":"application-manageresources-display-component---newResourceUnit--resourceId","interaction":{"idSuffix":"inner"}},"clearTextFirst":true,"interactionType":"ENTER_TEXT"}]}
RESULT: {}
RESULT: {"script":"<script> [776 bytes]","args":[{"enterText":"83H8Tvok9B","selector":{"id":"application-manageresources-display-component---newResourceUnit--resourceId","interaction":{"idSuffix":"inner"}},"clearTextFirst":true,"interactionType":"ENTER_TEXT"}]}
COMMAND: POST /session/8710bc86126986cf02bb1d50a5f31e3a/execute/async - {"script":"<script> [1562 bytes]","args":[{"selector":{"id":"application-manageresources-display-component---newResourceUnit--SHORT_TEXT","interaction":{"idSuffix":"inner"}},"wdio_ui5_key":"applicationmanageresources-display-component---newResourceUnit--SHORT_TEXT"}]}
RESULT: {"script":"<script> [1562 bytes]","args":[{"selector":{"id":"application-manageresources-display-component---newResourceUnit--SHORT_TEXT","interaction":{"idSuffix":"inner"}},"wdio_ui5_key":"applicationmanageresources-display-component---newResourceUnit--SHORT_TEXT"}]}
RESULT: undefined
COMMAND: POST /session/8710bc86126986cf02bb1d50a5f31e3a/execute/async - {"script":"<script> [776 bytes]","args":[{"enterText":"Intercompany Equipment WDIO","selector":{"id":"application-manageresources-display-component---newResourceUnit--SHORT_TEXT","interaction":{"idSuffix":"inner"}},"clearTextFirst":true,"interactionType":"ENTER_TEXT"}]}
RESULT: {"script":"<script> [776 bytes]","args":[{"enterText":"Intercompany Equipment WDIO","selector":{"id":"application-manageresources-display-component---newResourceUnit--SHORT_TEXT","interaction":{"idSuffix":"inner"}},"clearTextFirst":true,"interactionType":"ENTER_TEXT"}]}
COMMAND: POST /session/8710bc86126986cf02bb1d50a5f31e3a/execute/async - {"script":"<script> [1562 bytes]","args":[{"selector":{"id":"application-manageresources-display-component---newResourceUnit--BASE_UNIT_OF_MEASURE","interaction":{"idSuffix":"inner"}},"wdio_ui5_key":"applicationmanageresources-display-component---newResourceUnit--BASE_UNIT_OF_MEASURE"}]}
RESULT: {"script":"<script> [1562 bytes]","args":[{"selector":{"id":"application-manageresources-display-component---newResourceUnit--BASE_UNIT_OF_MEASURE","interaction":{"idSuffix":"inner"}},"wdio_ui5_key":"applicationmanageresources-display-component---newResourceUnit--BASE_UNIT_OF_MEASURE"}]}
RESULT: undefined
COMMAND: POST /session/8710bc86126986cf02bb1d50a5f31e3a/execute/async - {"script":"<script> [776 bytes]","args":[{"enterText":"Piece","selector":{"id":"application-manageresources-display-component---newResourceUnit--BASE_UNIT_OF_MEASURE","interaction":{"idSuffix":"inner"}},"clearTextFirst":true,"interactionType":"ENTER_TEXT"}]}
RESULT: {"script":"<script> [776 bytes]","args":[{"enterText":"Piece","selector":{"id":"application-manageresources-display-component---newResourceUnit--BASE_UNIT_OF_MEASURE","interaction":{"idSuffix":"inner"}},"clearTextFirst":true,"interactionType":"ENTER_TEXT"}]}
COMMAND: POST /session/8710bc86126986cf02bb1d50a5f31e3a/execute/async - {"script":"<script> [1562 bytes]","args":[{"selector":{"id":"application-manageresources-display-component---newResourceUnit--WEIGHT_UNIT","interaction":{"idSuffix":"inner"}},"wdio_ui5_key":"applicationmanageresources-display-component---newResourceUnit--WEIGHT_UNIT"}]}
RESULT: {"script":"<script> [1562 bytes]","args":[{"selector":{"id":"application-manageresources-display-component---newResourceUnit--WEIGHT_UNIT","interaction":{"idSuffix":"inner"}},"wdio_ui5_key":"applicationmanageresources-display-component---newResourceUnit--WEIGHT_UNIT"}]}
RESULT: undefined
COMMAND: POST /session/8710bc86126986cf02bb1d50a5f31e3a/execute/async - {"script":"<script> [776 bytes]","args":[{"enterText":"Gram","selector":{"id":"application-manageresources-display-component---newResourceUnit--WEIGHT_UNIT","interaction":{"idSuffix":"inner"}},"clearTextFirst":true,"interactionType":"ENTER_TEXT"}]}
RESULT: {"script":"<script> [776 bytes]","args":[{"enterText":"Gram","selector":{"id":"application-manageresources-display-component---newResourceUnit--WEIGHT_UNIT","interaction":{"idSuffix":"inner"}},"clearTextFirst":true,"interactionType":"ENTER_TEXT"}]}
COMMAND: POST /session/8710bc86126986cf02bb1d50a5f31e3a/execute/async - {"script":"<script> [1562 bytes]","args":[{"selector":{"id":"application-manageresources-display-component---newResourceUnit--DIMENSION_UNIT","interaction":{"idSuffix":"inner"}},"wdio_ui5_key":"applicationmanageresources-display-component---newResourceUnit--DIMENSION_UNIT"}]}
RESULT: {"script":"<script> [1562 bytes]","args":[{"selector":{"id":"application-manageresources-display-component---newResourceUnit--DIMENSION_UNIT","interaction":{"idSuffix":"inner"}},"wdio_ui5_key":"applicationmanageresources-display-component---newResourceUnit--DIMENSION_UNIT"}]}
RESULT: undefined
COMMAND: POST /session/8710bc86126986cf02bb1d50a5f31e3a/execute/async - {"script":"<script> [776 bytes]","args":[{"enterText":"Meter","selector":{"id":"application-manageresources-display-component---newResourceUnit--DIMENSION_UNIT","interaction":{"idSuffix":"inner"}},"clearTextFirst":true,"interactionType":"ENTER_TEXT"}]}
RESULT: {"script":"<script> [776 bytes]","args":[{"enterText":"Meter","selector":{"id":"application-manageresources-display-component---newResourceUnit--DIMENSION_UNIT","interaction":{"idSuffix":"inner"}},"clearTextFirst":true,"interactionType":"ENTER_TEXT"}]}
COMMAND: POST /session/8710bc86126986cf02bb1d50a5f31e3a/execute/async - {"script":"<script> [1562 bytes]","args":[{"selector":{"id":"application-manageresources-display-component---newResourceUnit--newRRUPage-anchBar-application-manageresources-display-component---newResourceUnit--control-anchor","interaction":{"idSuffix":"BDI-content"}},"wdio_ui5_key":"applicationmanageresources-display-component---newResourceUnit--newRRUPage-anchBar-application-manageresources-display-component---newResourceUnit--control-anchor"}]}
RESULT: {"script":"<script> [1562 bytes]","args":[{"selector":{"id":"application-manageresources-display-component---newResourceUnit--newRRUPage-anchBar-application-manageresources-display-component---newResourceUnit--control-anchor","interaction":{"idSuffix":"BDI-content"}},"wdio_ui5_key":"applicationmanageresources-display-component---newResourceUnit--newRRUPage-anchBar-application-manageresources-display-component---newResourceUnit--control-anchor"}]}
RESULT: undefined
COMMAND: POST /session/8710bc86126986cf02bb1d50a5f31e3a/element - {"using":"xpath","value":"//*[@id=\"application-manageresources-display-component---newResourceUnit--newRRUPage-anchBar-application-manageresources-display-component---newResourceUnit--control-anchor\"]"}
RESULT: {"using":"xpath","value":"//*[@id=\"application-manageresources-display-component---newResourceUnit--newRRUPage-anchBar-application-manageresources-display-component---newResourceUnit--control-anchor\"]"}
COMMAND: POST /session/8710bc86126986cf02bb1d50a5f31e3a/element/f.4F28C2583BB65896889CB8FD582548C6.d.AD85E3BDE3D04DCB17C0596F9973CBC9.e.7226/click - {}
RESULT: {}
COMMAND: POST /session/8710bc86126986cf02bb1d50a5f31e3a/execute/async - {"script":"<script> [1562 bytes]","args":[{"selector":{"id":"application-manageresources-display-component---newResourceUnit--PLANNING_GROUP","interaction":{"idSuffix":"inner"}},"wdio_ui5_key":"applicationmanageresources-display-component---newResourceUnit--PLANNING_GROUP"}]}
COMMAND: GET /session/8710bc86126986cf02bb1d50a5f31e3a/screenshot - {}
RESULT: {"script":"<script> [1562 bytes]","args":[{"selector":{"id":"application-manageresources-display-component---newResourceUnit--PLANNING_GROUP","interaction":{"idSuffix":"inner"}},"wdio_ui5_key":"applicationmanageresources-display-component---newResourceUnit--PLANNING_GROUP"}]}
RESULT: undefined
COMMAND: POST /session/8710bc86126986cf02bb1d50a5f31e3a/execute/async - {"script":"<script> [776 bytes]","args":[{"enterText":"Heavy Equi","selector":{"id":"application-manageresources-display-component---newResourceUnit--PLANNING_GROUP","interaction":{"idSuffix":"inner"}},"clearTextFirst":true,"interactionType":"ENTER_TEXT"}]}
RESULT: {}
RESULT: {"script":"<script> [776 bytes]","args":[{"enterText":"Heavy Equi","selector":{"id":"application-manageresources-display-component---newResourceUnit--PLANNING_GROUP","interaction":{"idSuffix":"inner"}},"clearTextFirst":true,"interactionType":"ENTER_TEXT"}]}
COMMAND: POST /session/8710bc86126986cf02bb1d50a5f31e3a/execute/async - {"script":"<script> [1562 bytes]","args":[{"selector":{"id":"application-manageresources-display-component---newResourceUnit--ITEM_TYPE-arrow"},"wdio_ui5_key":"applicationmanageresources-display-component---newResourceUnit--ITEM_TYPE-arrow"}]}
RESULT: {"script":"<script> [1562 bytes]","args":[{"selector":{"id":"application-manageresources-display-component---newResourceUnit--ITEM_TYPE-arrow"},"wdio_ui5_key":"applicationmanageresources-display-component---newResourceUnit--ITEM_TYPE-arrow"}]}
RESULT: undefined
COMMAND: POST /session/8710bc86126986cf02bb1d50a5f31e3a/element - {"using":"xpath","value":"//*[@id=\"application-manageresources-display-component---newResourceUnit--ITEM_TYPE-arrow\"]"}
RESULT: {"using":"xpath","value":"//*[@id=\"application-manageresources-display-component---newResourceUnit--ITEM_TYPE-arrow\"]"}
COMMAND: POST /session/8710bc86126986cf02bb1d50a5f31e3a/element/f.4F28C2583BB65896889CB8FD582548C6.d.AD85E3BDE3D04DCB17C0596F9973CBC9.e.7233/click - {}
RESULT: {}
COMMAND: POST /session/8710bc86126986cf02bb1d50a5f31e3a/element - {"using":"xpath","value":"(//span[contains(text(), \"Resource Unit\")])[2]"}
COMMAND: GET /session/8710bc86126986cf02bb1d50a5f31e3a/screenshot - {}
RESULT: {"using":"xpath","value":"(//span[contains(text(), \"Resource Unit\")])[2]"}
COMMAND: POST /session/8710bc86126986cf02bb1d50a5f31e3a/element/f.4F28C2583BB65896889CB8FD582548C6.d.AD85E3BDE3D04DCB17C0596F9973CBC9.e.7234/click - {}
RESULT: {}
RESULT: {}
COMMAND: GET /session/8710bc86126986cf02bb1d50a5f31e3a/screenshot - {}
RESULT: {}
COMMAND: POST /session/8710bc86126986cf02bb1d50a5f31e3a/element - {"using":"css selector","value":"#application-manageresources-display-component---newResourceUnit--btnAddTimeSegment"}
RESULT: {"using":"css selector","value":"#application-manageresources-display-component---newResourceUnit--btnAddTimeSegment"}
COMMAND: GET /session/8710bc86126986cf02bb1d50a5f31e3a/element/f.4F28C2583BB65896889CB8FD582548C6.d.AD85E3BDE3D04DCB17C0596F9973CBC9.e.7235/rect - {}
RESULT: {}
COMMAND: GET /session/8710bc86126986cf02bb1d50a5f31e3a/window/rect - {}
RESULT: {}
COMMAND: POST /session/8710bc86126986cf02bb1d50a5f31e3a/execute/sync - {"script":"<script> [92 bytes]","args":[]}
RESULT: {"script":"<script> [92 bytes]","args":[]}
COMMAND: POST /session/8710bc86126986cf02bb1d50a5f31e3a/actions - {"actions":[{"id":"action27","type":"wheel","parameters":{},"actions":[{"type":"scroll","x":-1888,"y":-32,"deltaX":0,"deltaY":0,"duration":0,"origin":{"element-6066-11e4-a52e-4f735466cecf":"f.4F28C2583BB65896889CB8FD582548C6.d.AD85E3BDE3D04DCB17C0596F9973CBC9.e.7235"}}]}]}
COMMAND: GET /session/8710bc86126986cf02bb1d50a5f31e3a/screenshot - {}
RESULT: {}
COMMAND: POST /session/8710bc86126986cf02bb1d50a5f31e3a/execute/sync - {"script":"<script> [79 bytes]","args":[{"element-6066-11e4-a52e-4f735466cecf":"f.4F28C2583BB65896889CB8FD582548C6.d.AD85E3BDE3D04DCB17C0596F9973CBC9.e.7235","ELEMENT":"f.4F28C2583BB65896889CB8FD582548C6.d.AD85E3BDE3D04DCB17C0596F9973CBC9.e.7235"},{"block":"start","inline":"nearest"}]}
RESULT: {"script":"<script> [79 bytes]","args":[{"element-6066-11e4-a52e-4f735466cecf":"f.4F28C2583BB65896889CB8FD582548C6.d.AD85E3BDE3D04DCB17C0596F9973CBC9.e.7235","ELEMENT":"f.4F28C2583BB65896889CB8FD582548C6.d.AD85E3BDE3D04DCB17C0596F9973CBC9.e.7235"},{"block":"start","inline":"nearest"}]}
COMMAND: POST /session/8710bc86126986cf02bb1d50a5f31e3a/execute/async - {"script":"<script> [1562 bytes]","args":[{"selector":{"id":"application-manageresources-display-component---newResourceUnit--btnAddTimeSegment","interaction":{"idSuffix":"inner"}},"wdio_ui5_key":"applicationmanageresources-display-component---newResourceUnit--btnAddTimeSegment"}]}
COMMAND: GET /session/8710bc86126986cf02bb1d50a5f31e3a/screenshot - {}
RESULT: {}
RESULT: {"script":"<script> [1562 bytes]","args":[{"selector":{"id":"application-manageresources-display-component---newResourceUnit--btnAddTimeSegment","interaction":{"idSuffix":"inner"}},"wdio_ui5_key":"applicationmanageresources-display-component---newResourceUnit--btnAddTimeSegment"}]}
RESULT: undefined
COMMAND: POST /session/8710bc86126986cf02bb1d50a5f31e3a/element - {"using":"xpath","value":"//*[@id=\"application-manageresources-display-component---newResourceUnit--btnAddTimeSegment\"]"}
RESULT: {"using":"xpath","value":"//*[@id=\"application-manageresources-display-component---newResourceUnit--btnAddTimeSegment\"]"}
COMMAND: POST /session/8710bc86126986cf02bb1d50a5f31e3a/element/f.4F28C2583BB65896889CB8FD582548C6.d.AD85E3BDE3D04DCB17C0596F9973CBC9.e.7235/click - {}
RESULT: {}
COMMAND: GET /session/8710bc86126986cf02bb1d50a5f31e3a/screenshot - {}
RESULT: {}
COMMAND: POST /session/8710bc86126986cf02bb1d50a5f31e3a/element - {"using":"xpath","value":"//input[@id=\"application-manageresources-display-component---newResourceUnit--idRuTSAdmin-application-manageresources-display-component---newResourceUnit--RUTimeSegment-0-inner\"]"}
RESULT: {"using":"xpath","value":"//input[@id=\"application-manageresources-display-component---newResourceUnit--idRuTSAdmin-application-manageresources-display-component---newResourceUnit--RUTimeSegment-0-inner\"]"}
COMMAND: POST /session/8710bc86126986cf02bb1d50a5f31e3a/element/f.4F28C2583BB65896889CB8FD582548C6.d.AD85E3BDE3D04DCB17C0596F9973CBC9.e.7241/clear - {}
RESULT: {}
COMMAND: POST /session/8710bc86126986cf02bb1d50a5f31e3a/element/f.4F28C2583BB65896889CB8FD582548C6.d.AD85E3BDE3D04DCB17C0596F9973CBC9.e.7241/value - {"text":"681"}
COMMAND: GET /session/8710bc86126986cf02bb1d50a5f31e3a/screenshot - {}
RESULT: {"text":"681"}
COMMAND: GET /session/8710bc86126986cf02bb1d50a5f31e3a/screenshot - {}
RESULT: {}
RESULT: {}
COMMAND: POST /session/8710bc86126986cf02bb1d50a5f31e3a/element - {"using":"xpath","value":"//li[.//span[text()='681']]"}
RESULT: {"using":"xpath","value":"//li[.//span[text()='681']]"}
COMMAND: POST /session/8710bc86126986cf02bb1d50a5f31e3a/element/f.4F28C2583BB65896889CB8FD582548C6.d.AD85E3BDE3D04DCB17C0596F9973CBC9.e.7253/click - {}
RESULT: {}
COMMAND: GET /session/8710bc86126986cf02bb1d50a5f31e3a/screenshot - {}
RESULT: {}
COMMAND: POST /session/8710bc86126986cf02bb1d50a5f31e3a/element - {"using":"xpath","value":"(//span[contains(@id, \"-application-manageresources-display-component---newResourceUnit--RUTimeSegment-0-arrow\")])[6]"}
RESULT: {"using":"xpath","value":"(//span[contains(@id, \"-application-manageresources-display-component---newResourceUnit--RUTimeSegment-0-arrow\")])[6]"}
COMMAND: POST /session/8710bc86126986cf02bb1d50a5f31e3a/element/f.4F28C2583BB65896889CB8FD582548C6.d.AD85E3BDE3D04DCB17C0596F9973CBC9.e.7254/click - {}
RESULT: {}
COMMAND: GET /session/8710bc86126986cf02bb1d50a5f31e3a/screenshot - {}
RESULT: {}
COMMAND: POST /session/8710bc86126986cf02bb1d50a5f31e3a/element - {"using":"xpath","value":"//span[contains(text(), \"PM Order\")]"}
RESULT: {"using":"xpath","value":"//span[contains(text(), \"PM Order\")]"}
COMMAND: POST /session/8710bc86126986cf02bb1d50a5f31e3a/element/f.4F28C2583BB65896889CB8FD582548C6.d.AD85E3BDE3D04DCB17C0596F9973CBC9.e.7257/click - {}
RESULT: {}
COMMAND: GET /session/8710bc86126986cf02bb1d50a5f31e3a/screenshot - {}
RESULT: {}
COMMAND: POST /session/8710bc86126986cf02bb1d50a5f31e3a/element - {"using":"xpath","value":"(//span[contains(@id ,\"manageresources-display-component---newResourceUnit--RUTimeSegment-0-vhi\")])[1]"}
RESULT: {"using":"xpath","value":"(//span[contains(@id ,\"manageresources-display-component---newResourceUnit--RUTimeSegment-0-vhi\")])[1]"}
COMMAND: GET /session/8710bc86126986cf02bb1d50a5f31e3a/element/f.4F28C2583BB65896889CB8FD582548C6.d.AD85E3BDE3D04DCB17C0596F9973CBC9.e.7261/rect - {}
RESULT: {}
COMMAND: GET /session/8710bc86126986cf02bb1d50a5f31e3a/window/rect - {}
RESULT: {}
COMMAND: POST /session/8710bc86126986cf02bb1d50a5f31e3a/execute/sync - {"script":"<script> [92 bytes]","args":[]}
RESULT: {"script":"<script> [92 bytes]","args":[]}
COMMAND: POST /session/8710bc86126986cf02bb1d50a5f31e3a/actions - {"actions":[{"id":"action28","type":"wheel","parameters":{},"actions":[{"type":"scroll","x":-869,"y":-24,"deltaX":0,"deltaY":0,"duration":0,"origin":{"element-6066-11e4-a52e-4f735466cecf":"f.4F28C2583BB65896889CB8FD582548C6.d.AD85E3BDE3D04DCB17C0596F9973CBC9.e.7261"}}]}]}
COMMAND: GET /session/8710bc86126986cf02bb1d50a5f31e3a/screenshot - {}
RESULT: {"actions":[{"id":"action28","type":"wheel","parameters":{},"actions":[{"type":"scroll","x":-869,"y":-24,"deltaX":0,"deltaY":0,"duration":0,"origin":{"element-6066-11e4-a52e-4f735466cecf":"f.4F28C2583BB65896889CB8FD582548C6.d.AD85E3BDE3D04DCB17C0596F9973CBC9.e.7261"}}]}]}
COMMAND: DELETE /session/8710bc86126986cf02bb1d50a5f31e3a/actions - {}
COMMAND: GET /session/8710bc86126986cf02bb1d50a5f31e3a/screenshot - {}
RESULT: {}
RESULT: {}
COMMAND: GET /session/8710bc86126986cf02bb1d50a5f31e3a/screenshot - {}
RESULT: {}
RESULT: {}
COMMAND: POST /session/8710bc86126986cf02bb1d50a5f31e3a/element/f.4F28C2583BB65896889CB8FD582548C6.d.AD85E3BDE3D04DCB17C0596F9973CBC9.e.7261/click - {}
RESULT: {}
COMMAND: GET /session/8710bc86126986cf02bb1d50a5f31e3a/screenshot - {}
RESULT: undefined
COMMAND: POST /session/8710bc86126986cf02bb1d50a5f31e3a/execute/async - {"script":"<script> [776 bytes]","args":[{"enterText":"4000360","selector":{"controlType":"sap.m.SearchField","properties":{"placeholder":"Search"},"searchOpenDialogs":true,"interaction":{"idSuffix":"I"}},"clearTextFirst":true,"interactionType":"ENTER_TEXT"}]}
RESULT: {}
RESULT: {"script":"<script> [776 bytes]","args":[{"enterText":"4000360","selector":{"controlType":"sap.m.SearchField","properties":{"placeholder":"Search"},"searchOpenDialogs":true,"interaction":{"idSuffix":"I"}},"clearTextFirst":true,"interactionType":"ENTER_TEXT"}]}
COMMAND: POST /session/8710bc86126986cf02bb1d50a5f31e3a/actions - {"actions":[{"id":"action29","type":"key","parameters":{},"actions":[{"type":"keyDown","value":""},{"type":"pause","duration":10},{"type":"keyUp","value":""}]}]}
RESULT: {"actions":[{"id":"action29","type":"key","parameters":{},"actions":[{"type":"keyDown","value":""},{"type":"pause","duration":10},{"type":"keyUp","value":""}]}]}
COMMAND: GET /session/8710bc86126986cf02bb1d50a5f31e3a/screenshot - {}
RESULT: {}
COMMAND: POST /session/8710bc86126986cf02bb1d50a5f31e3a/element - {"using":"xpath","value":"//td/div/span[contains(text(), \"BGL Vehicles\")]"}
RESULT: {"using":"xpath","value":"//td/div/span[contains(text(), \"BGL Vehicles\")]"}
COMMAND: POST /session/8710bc86126986cf02bb1d50a5f31e3a/element/f.4F28C2583BB65896889CB8FD582548C6.d.AD85E3BDE3D04DCB17C0596F9973CBC9.e.7284/click - {}
RESULT: {}
COMMAND: GET /session/8710bc86126986cf02bb1d50a5f31e3a/screenshot - {}
RESULT: {}
COMMAND: POST /session/8710bc86126986cf02bb1d50a5f31e3a/element - {"using":"xpath","value":"//bdi[contains(text(), \"OK\")]"}
RESULT: {"using":"xpath","value":"//bdi[contains(text(), \"OK\")]"}
COMMAND: POST /session/8710bc86126986cf02bb1d50a5f31e3a/element/f.4F28C2583BB65896889CB8FD582548C6.d.AD85E3BDE3D04DCB17C0596F9973CBC9.e.7285/click - {}
RESULT: {}
COMMAND: GET /session/8710bc86126986cf02bb1d50a5f31e3a/screenshot - {}
RESULT: {}
COMMAND: POST /session/8710bc86126986cf02bb1d50a5f31e3a/execute/async - {"script":"<script> [1562 bytes]","args":[{"selector":{"id":"application-manageresources-display-component---newResourceUnit--newRRUPage-anchBar-application-manageresources-display-component---newResourceUnit--resource-anchor","interaction":{"idSuffix":"BDI-content"}},"wdio_ui5_key":"applicationmanageresources-display-component---newResourceUnit--newRRUPage-anchBar-application-manageresources-display-component---newResourceUnit--resource-anchor"}]}
RESULT: {"script":"<script> [1562 bytes]","args":[{"selector":{"id":"application-manageresources-display-component---newResourceUnit--newRRUPage-anchBar-application-manageresources-display-component---newResourceUnit--resource-anchor","interaction":{"idSuffix":"BDI-content"}},"wdio_ui5_key":"applicationmanageresources-display-component---newResourceUnit--newRRUPage-anchBar-application-manageresources-display-component---newResourceUnit--resource-anchor"}]}
RESULT: undefined
COMMAND: POST /session/8710bc86126986cf02bb1d50a5f31e3a/element - {"using":"xpath","value":"//*[@id=\"application-manageresources-display-component---newResourceUnit--newRRUPage-anchBar-application-manageresources-display-component---newResourceUnit--resource-anchor\"]"}
RESULT: {"using":"xpath","value":"//*[@id=\"application-manageresources-display-component---newResourceUnit--newRRUPage-anchBar-application-manageresources-display-component---newResourceUnit--resource-anchor\"]"}
COMMAND: POST /session/8710bc86126986cf02bb1d50a5f31e3a/element/f.4F28C2583BB65896889CB8FD582548C6.d.AD85E3BDE3D04DCB17C0596F9973CBC9.e.7289/click - {}
RESULT: {}
COMMAND: POST /session/8710bc86126986cf02bb1d50a5f31e3a/execute/async - {"script":"<script> [1562 bytes]","args":[{"selector":{"id":"application-manageresources-display-component---newResourceUnit--PLANNED_DELIVERY_DATE","interaction":{"idSuffix":"inner"}},"wdio_ui5_key":"applicationmanageresources-display-component---newResourceUnit--PLANNED_DELIVERY_DATE"}]}
COMMAND: GET /session/8710bc86126986cf02bb1d50a5f31e3a/screenshot - {}
RESULT: {"script":"<script> [1562 bytes]","args":[{"selector":{"id":"application-manageresources-display-component---newResourceUnit--PLANNED_DELIVERY_DATE","interaction":{"idSuffix":"inner"}},"wdio_ui5_key":"applicationmanageresources-display-component---newResourceUnit--PLANNED_DELIVERY_DATE"}]}
RESULT: undefined
COMMAND: POST /session/8710bc86126986cf02bb1d50a5f31e3a/execute/async - {"script":"<script> [6424 bytes]","args":[{"element-6066-11e4-a52e-4f735466cecf":"f.4F28C2583BB65896889CB8FD582548C6.d.AD85E3BDE3D04DCB17C0596F9973CBC9.e.7151"},"setValue",["5/22/25"]]}
RESULT: {}
RESULT: {"script":"<script> [6424 bytes]","args":[{"element-6066-11e4-a52e-4f735466cecf":"f.4F28C2583BB65896889CB8FD582548C6.d.AD85E3BDE3D04DCB17C0596F9973CBC9.e.7151"},"setValue",["5/22/25"]]}
COMMAND: POST /session/8710bc86126986cf02bb1d50a5f31e3a/element - {"using":"xpath","value":"//label[contains(@class, 'sapMLabelRequired') and .//bdi[contains(text(), 'Planned Retirement')]]"}
RESULT: {"using":"xpath","value":"//label[contains(@class, 'sapMLabelRequired') and .//bdi[contains(text(), 'Planned Retirement')]]"}
COMMAND: POST /session/8710bc86126986cf02bb1d50a5f31e3a/elements - {"using":"xpath","value":"//label[contains(@class, 'sapMLabelRequired') and .//bdi[contains(text(), 'Planned Retirement')]]"}
RESULT: {"using":"xpath","value":"//label[contains(@class, 'sapMLabelRequired') and .//bdi[contains(text(), 'Planned Retirement')]]"}
COMMAND: POST /session/8710bc86126986cf02bb1d50a5f31e3a/element - {"using":"xpath","value":"//button[@data-kt=\"resourceUnitSaveButton\"]"}
RESULT: {"using":"xpath","value":"//button[@data-kt=\"resourceUnitSaveButton\"]"}
COMMAND: POST /session/8710bc86126986cf02bb1d50a5f31e3a/element/f.4F28C2583BB65896889CB8FD582548C6.d.AD85E3BDE3D04DCB17C0596F9973CBC9.e.7112/click - {}
RESULT: {}
COMMAND: GET /session/8710bc86126986cf02bb1d50a5f31e3a/screenshot - {}
RESULT: {}
COMMAND: POST /session/8710bc86126986cf02bb1d50a5f31e3a/element - {"using":"xpath","value":"//bdi[contains(text(), \"Close\")]"}
RESULT: {"using":"xpath","value":"//bdi[contains(text(), \"Close\")]"}
COMMAND: POST /session/8710bc86126986cf02bb1d50a5f31e3a/element/f.4F28C2583BB65896889CB8FD582548C6.d.AD85E3BDE3D04DCB17C0596F9973CBC9.e.7297/click - {}
RESULT: {}
COMMAND: GET /session/8710bc86126986cf02bb1d50a5f31e3a/screenshot - {}
RESULT: {}
COMMAND: POST /session/8710bc86126986cf02bb1d50a5f31e3a/element - {"using":"xpath","value":"//bdi[contains(text(), \"Edit\")]"}
RESULT: {"using":"xpath","value":"//bdi[contains(text(), \"Edit\")]"}
COMMAND: POST /session/8710bc86126986cf02bb1d50a5f31e3a/execute/sync - {"script":"<script> [8489 bytes]","args":[{"element-6066-11e4-a52e-4f735466cecf":"f.4F28C2583BB65896889CB8FD582548C6.d.AD85E3BDE3D04DCB17C0596F9973CBC9.e.7327","ELEMENT":"f.4F28C2583BB65896889CB8FD582548C6.d.AD85E3BDE3D04DCB17C0596F9973CBC9.e.7327"}]}
RESULT: {"script":"<script> [8489 bytes]","args":[{"element-6066-11e4-a52e-4f735466cecf":"f.4F28C2583BB65896889CB8FD582548C6.d.AD85E3BDE3D04DCB17C0596F9973CBC9.e.7327","ELEMENT":"f.4F28C2583BB65896889CB8FD582548C6.d.AD85E3BDE3D04DCB17C0596F9973CBC9.e.7327"}]}
COMMAND: POST /session/8710bc86126986cf02bb1d50a5f31e3a/element/f.4F28C2583BB65896889CB8FD582548C6.d.AD85E3BDE3D04DCB17C0596F9973CBC9.e.7327/click - {}
COMMAND: GET /session/8710bc86126986cf02bb1d50a5f31e3a/screenshot - {}
RESULT: {}
COMMAND: GET /session/8710bc86126986cf02bb1d50a5f31e3a/screenshot - {}
RESULT: {}
COMMAND: POST /session/8710bc86126986cf02bb1d50a5f31e3a/execute/async - {"script":"<script> [1562 bytes]","args":[{"selector":{"id":"application-manageresources-display-component---editResource--editRruPage-anchBar-application-manageresources-display-component---editResource--counters-anchor","interaction":{"idSuffix":"BDI-content"}},"wdio_ui5_key":"applicationmanageresources-display-component---editResource--editRruPage-anchBar-application-manageresources-display-component---editResource--counters-anchor"}]}
RESULT: {}
RESULT: {"script":"<script> [1562 bytes]","args":[{"selector":{"id":"application-manageresources-display-component---editResource--editRruPage-anchBar-application-manageresources-display-component---editResource--counters-anchor","interaction":{"idSuffix":"BDI-content"}},"wdio_ui5_key":"applicationmanageresources-display-component---editResource--editRruPage-anchBar-application-manageresources-display-component---editResource--counters-anchor"}]}
RESULT: undefined
COMMAND: POST /session/8710bc86126986cf02bb1d50a5f31e3a/element - {"using":"xpath","value":"//*[@id=\"application-manageresources-display-component---editResource--editRruPage-anchBar-application-manageresources-display-component---editResource--counters-anchor\"]"}
RESULT: {"using":"xpath","value":"//*[@id=\"application-manageresources-display-component---editResource--editRruPage-anchBar-application-manageresources-display-component---editResource--counters-anchor\"]"}
COMMAND: POST /session/8710bc86126986cf02bb1d50a5f31e3a/element/f.4F28C2583BB65896889CB8FD582548C6.d.AD85E3BDE3D04DCB17C0596F9973CBC9.e.7436/click - {}
RESULT: {}
COMMAND: GET /session/8710bc86126986cf02bb1d50a5f31e3a/screenshot - {}
RESULT: {}
COMMAND: POST /session/8710bc86126986cf02bb1d50a5f31e3a/execute/async - {"script":"<script> [1562 bytes]","args":[{"selector":{"id":"application-manageresources-display-component---editResource--btnAddCounter-img"},"wdio_ui5_key":"applicationmanageresources-display-component---editResource--btnAddCounter-img"}]}
RESULT: {"script":"<script> [1562 bytes]","args":[{"selector":{"id":"application-manageresources-display-component---editResource--btnAddCounter-img"},"wdio_ui5_key":"applicationmanageresources-display-component---editResource--btnAddCounter-img"}]}
RESULT: undefined
COMMAND: POST /session/8710bc86126986cf02bb1d50a5f31e3a/element - {"using":"xpath","value":"//*[@id=\"application-manageresources-display-component---editResource--btnAddCounter-img\"]"}
RESULT: {"using":"xpath","value":"//*[@id=\"application-manageresources-display-component---editResource--btnAddCounter-img\"]"}
COMMAND: POST /session/8710bc86126986cf02bb1d50a5f31e3a/element/f.4F28C2583BB65896889CB8FD582548C6.d.AD85E3BDE3D04DCB17C0596F9973CBC9.e.7472/click - {}
RESULT: {}
COMMAND: POST /session/8710bc86126986cf02bb1d50a5f31e3a/execute/async - {"script":"<script> [1562 bytes]","args":[{"selector":{"id":"application-manageresources-display-component---editResource--COUNTER_ID-application-manageresources-display-component---editResource--RUCounters-0-arrow"},"wdio_ui5_key":"applicationmanageresources-display-component---editResource--COUNTER_ID-application-manageresources-display-component---editResource--RUCounters-0-arrow"}]}
COMMAND: GET /session/8710bc86126986cf02bb1d50a5f31e3a/screenshot - {}
RESULT: {"script":"<script> [1562 bytes]","args":[{"selector":{"id":"application-manageresources-display-component---editResource--COUNTER_ID-application-manageresources-display-component---editResource--RUCounters-0-arrow"},"wdio_ui5_key":"applicationmanageresources-display-component---editResource--COUNTER_ID-application-manageresources-display-component---editResource--RUCounters-0-arrow"}]}
RESULT: undefined
COMMAND: POST /session/8710bc86126986cf02bb1d50a5f31e3a/element - {"using":"xpath","value":"//*[@id=\"application-manageresources-display-component---editResource--COUNTER_ID-application-manageresources-display-component---editResource--RUCounters-0-arrow\"]"}
RESULT: {}
RESULT: {"using":"xpath","value":"//*[@id=\"application-manageresources-display-component---editResource--COUNTER_ID-application-manageresources-display-component---editResource--RUCounters-0-arrow\"]"}
COMMAND: POST /session/8710bc86126986cf02bb1d50a5f31e3a/element/f.4F28C2583BB65896889CB8FD582548C6.d.AD85E3BDE3D04DCB17C0596F9973CBC9.e.7477/click - {}
RESULT: {}
COMMAND: POST /session/8710bc86126986cf02bb1d50a5f31e3a/execute/async - {"script":"<script> [1562 bytes]","args":[{"selector":{"controlType":"sap.m.StandardListItem","viewName":"etm.portal.ui.manageresources.view.EditResource","viewId":"application-manageresources-display-component---editResource","properties":{"title":"fuel"},"searchOpenDialogs":true,"interaction":{"idSuffix":"content"}},"wdio_ui5_key":"etmportal.ui.manageresources.view.EditResourcesap.m.StandardListItem{\"title\":\"fuel\"}"}]}
COMMAND: GET /session/8710bc86126986cf02bb1d50a5f31e3a/screenshot - {}
RESULT: {"script":"<script> [1562 bytes]","args":[{"selector":{"controlType":"sap.m.StandardListItem","viewName":"etm.portal.ui.manageresources.view.EditResource","viewId":"application-manageresources-display-component---editResource","properties":{"title":"fuel"},"searchOpenDialogs":true,"interaction":{"idSuffix":"content"}},"wdio_ui5_key":"etmportal.ui.manageresources.view.EditResourcesap.m.StandardListItem{\"title\":\"fuel\"}"}]}
RESULT: undefined
COMMAND: POST /session/8710bc86126986cf02bb1d50a5f31e3a/element - {"using":"xpath","value":"//*[@id=\"__item2966\"]"}
RESULT: {}
RESULT: {"using":"xpath","value":"//*[@id=\"__item2966\"]"}
COMMAND: POST /session/8710bc86126986cf02bb1d50a5f31e3a/element/f.4F28C2583BB65896889CB8FD582548C6.d.AD85E3BDE3D04DCB17C0596F9973CBC9.e.7479/click - {}
RESULT: {}
COMMAND: GET /session/8710bc86126986cf02bb1d50a5f31e3a/screenshot - {}
RESULT: {}
COMMAND: POST /session/8710bc86126986cf02bb1d50a5f31e3a/element - {"using":"xpath","value":"//button[@data-kt=\"saveButton\"]"}
RESULT: {"using":"xpath","value":"//button[@data-kt=\"saveButton\"]"}
COMMAND: POST /session/8710bc86126986cf02bb1d50a5f31e3a/element/f.4F28C2583BB65896889CB8FD582548C6.d.AD85E3BDE3D04DCB17C0596F9973CBC9.e.7480/click - {}
RESULT: {}
COMMAND: GET /session/8710bc86126986cf02bb1d50a5f31e3a/screenshot - {}
RESULT: {}
COMMAND: POST /session/8710bc86126986cf02bb1d50a5f31e3a/element - {"using":"xpath","value":"(//button[contains(@id ,\"actionsToolbar-overflowButton\")])[1]"}
RESULT: {"using":"xpath","value":"(//button[contains(@id ,\"actionsToolbar-overflowButton\")])[1]"}
COMMAND: POST /session/8710bc86126986cf02bb1d50a5f31e3a/element/f.4F28C2583BB65896889CB8FD582548C6.d.AD85E3BDE3D04DCB17C0596F9973CBC9.e.7491/click - {}
RESULT: {}
COMMAND: GET /session/8710bc86126986cf02bb1d50a5f31e3a/screenshot - {}
RESULT: {}
COMMAND: POST /session/8710bc86126986cf02bb1d50a5f31e3a/element - {"using":"xpath","value":"//button[@data-kt=\"priceInfoButton\"]"}
RESULT: {"using":"xpath","value":"//button[@data-kt=\"priceInfoButton\"]"}
COMMAND: POST /session/8710bc86126986cf02bb1d50a5f31e3a/element/f.4F28C2583BB65896889CB8FD582548C6.d.AD85E3BDE3D04DCB17C0596F9973CBC9.e.7493/click - {}
RESULT: {}
COMMAND: GET /session/8710bc86126986cf02bb1d50a5f31e3a/screenshot - {}
RESULT: {}
]]></system-out>
    </testcase>
    <testcase classname="chrome.136_0_7103_93.windows.Create_master_data_for_mixed_billing_&amp;_do_billing_calculation_US151661" name="Should create a TB pricing procedure" time="64.32">
      <system-out><![CDATA[
COMMAND: POST /session/8710bc86126986cf02bb1d50a5f31e3a/element - {"using":"xpath","value":"//button[@data-kt=\"addButton\"]"}
RESULT: {"using":"xpath","value":"//button[@data-kt=\"addButton\"]"}
COMMAND: POST /session/8710bc86126986cf02bb1d50a5f31e3a/elements - {"using":"xpath","value":"//button[@data-kt=\"addButton\"]"}
RESULT: {"using":"xpath","value":"//button[@data-kt=\"addButton\"]"}
COMMAND: POST /session/8710bc86126986cf02bb1d50a5f31e3a/elements - {"using":"xpath","value":"//button[@data-kt=\"addButton\"]"}
RESULT: {"using":"xpath","value":"//button[@data-kt=\"addButton\"]"}
COMMAND: POST /session/8710bc86126986cf02bb1d50a5f31e3a/elements - {"using":"xpath","value":"//button[@data-kt=\"addButton\"]"}
RESULT: {"using":"xpath","value":"//button[@data-kt=\"addButton\"]"}
COMMAND: POST /session/8710bc86126986cf02bb1d50a5f31e3a/elements - {"using":"xpath","value":"//button[@data-kt=\"addButton\"]"}
RESULT: {"using":"xpath","value":"//button[@data-kt=\"addButton\"]"}
COMMAND: POST /session/8710bc86126986cf02bb1d50a5f31e3a/elements - {"using":"xpath","value":"//button[@data-kt=\"addButton\"]"}
RESULT: {"using":"xpath","value":"//button[@data-kt=\"addButton\"]"}
COMMAND: POST /session/8710bc86126986cf02bb1d50a5f31e3a/elements - {"using":"xpath","value":"//button[@data-kt=\"addButton\"]"}
RESULT: {"using":"xpath","value":"//button[@data-kt=\"addButton\"]"}
COMMAND: POST /session/8710bc86126986cf02bb1d50a5f31e3a/elements - {"using":"xpath","value":"//button[@data-kt=\"addButton\"]"}
RESULT: {"using":"xpath","value":"//button[@data-kt=\"addButton\"]"}
COMMAND: POST /session/8710bc86126986cf02bb1d50a5f31e3a/elements - {"using":"xpath","value":"//button[@data-kt=\"addButton\"]"}
RESULT: {"using":"xpath","value":"//button[@data-kt=\"addButton\"]"}
COMMAND: POST /session/8710bc86126986cf02bb1d50a5f31e3a/elements - {"using":"xpath","value":"//button[@data-kt=\"addButton\"]"}
RESULT: {"using":"xpath","value":"//button[@data-kt=\"addButton\"]"}
COMMAND: POST /session/8710bc86126986cf02bb1d50a5f31e3a/elements - {"using":"xpath","value":"//button[@data-kt=\"addButton\"]"}
RESULT: {"using":"xpath","value":"//button[@data-kt=\"addButton\"]"}
COMMAND: POST /session/8710bc86126986cf02bb1d50a5f31e3a/elements - {"using":"xpath","value":"//button[@data-kt=\"addButton\"]"}
RESULT: {"using":"xpath","value":"//button[@data-kt=\"addButton\"]"}
COMMAND: POST /session/8710bc86126986cf02bb1d50a5f31e3a/elements - {"using":"xpath","value":"//button[@data-kt=\"addButton\"]"}
RESULT: {"using":"xpath","value":"//button[@data-kt=\"addButton\"]"}
COMMAND: POST /session/8710bc86126986cf02bb1d50a5f31e3a/elements - {"using":"xpath","value":"//button[@data-kt=\"addButton\"]"}
RESULT: {"using":"xpath","value":"//button[@data-kt=\"addButton\"]"}
COMMAND: POST /session/8710bc86126986cf02bb1d50a5f31e3a/elements - {"using":"xpath","value":"//button[@data-kt=\"addButton\"]"}
RESULT: {"using":"xpath","value":"//button[@data-kt=\"addButton\"]"}
COMMAND: POST /session/8710bc86126986cf02bb1d50a5f31e3a/elements - {"using":"xpath","value":"//button[@data-kt=\"addButton\"]"}
RESULT: {"using":"xpath","value":"//button[@data-kt=\"addButton\"]"}
COMMAND: POST /session/8710bc86126986cf02bb1d50a5f31e3a/elements - {"using":"xpath","value":"//button[@data-kt=\"addButton\"]"}
RESULT: {"using":"xpath","value":"//button[@data-kt=\"addButton\"]"}
COMMAND: POST /session/8710bc86126986cf02bb1d50a5f31e3a/elements - {"using":"xpath","value":"//button[@data-kt=\"addButton\"]"}
RESULT: {"using":"xpath","value":"//button[@data-kt=\"addButton\"]"}
COMMAND: POST /session/8710bc86126986cf02bb1d50a5f31e3a/elements - {"using":"xpath","value":"//button[@data-kt=\"addButton\"]"}
RESULT: {"using":"xpath","value":"//button[@data-kt=\"addButton\"]"}
COMMAND: POST /session/8710bc86126986cf02bb1d50a5f31e3a/elements - {"using":"xpath","value":"//button[@data-kt=\"addButton\"]"}
RESULT: {"using":"xpath","value":"//button[@data-kt=\"addButton\"]"}
COMMAND: POST /session/8710bc86126986cf02bb1d50a5f31e3a/element - {"using":"xpath","value":"//button[@data-kt=\"addButton\"]"}
RESULT: {"using":"xpath","value":"//button[@data-kt=\"addButton\"]"}
COMMAND: POST /session/8710bc86126986cf02bb1d50a5f31e3a/execute/sync - {"script":"<script> [8489 bytes]","args":[{"element-6066-11e4-a52e-4f735466cecf":"f.4F28C2583BB65896889CB8FD582548C6.d.AD85E3BDE3D04DCB17C0596F9973CBC9.e.7529","ELEMENT":"f.4F28C2583BB65896889CB8FD582548C6.d.AD85E3BDE3D04DCB17C0596F9973CBC9.e.7529"}]}
RESULT: {"script":"<script> [8489 bytes]","args":[{"element-6066-11e4-a52e-4f735466cecf":"f.4F28C2583BB65896889CB8FD582548C6.d.AD85E3BDE3D04DCB17C0596F9973CBC9.e.7529","ELEMENT":"f.4F28C2583BB65896889CB8FD582548C6.d.AD85E3BDE3D04DCB17C0596F9973CBC9.e.7529"}]}
COMMAND: GET /session/8710bc86126986cf02bb1d50a5f31e3a/element/f.4F28C2583BB65896889CB8FD582548C6.d.AD85E3BDE3D04DCB17C0596F9973CBC9.e.7529/enabled - {}
COMMAND: GET /session/8710bc86126986cf02bb1d50a5f31e3a/screenshot - {}
RESULT: {}
COMMAND: POST /session/8710bc86126986cf02bb1d50a5f31e3a/execute/sync - {"script":"<script> [8489 bytes]","args":[{"element-6066-11e4-a52e-4f735466cecf":"f.4F28C2583BB65896889CB8FD582548C6.d.AD85E3BDE3D04DCB17C0596F9973CBC9.e.7529","ELEMENT":"f.4F28C2583BB65896889CB8FD582548C6.d.AD85E3BDE3D04DCB17C0596F9973CBC9.e.7529"}]}
COMMAND: GET /session/8710bc86126986cf02bb1d50a5f31e3a/screenshot - {}
RESULT: {}
RESULT: {"script":"<script> [8489 bytes]","args":[{"element-6066-11e4-a52e-4f735466cecf":"f.4F28C2583BB65896889CB8FD582548C6.d.AD85E3BDE3D04DCB17C0596F9973CBC9.e.7529","ELEMENT":"f.4F28C2583BB65896889CB8FD582548C6.d.AD85E3BDE3D04DCB17C0596F9973CBC9.e.7529"}]}
COMMAND: POST /session/8710bc86126986cf02bb1d50a5f31e3a/execute/sync - {"script":"<script> [5351 bytes]","args":[{"element-6066-11e4-a52e-4f735466cecf":"f.4F28C2583BB65896889CB8FD582548C6.d.AD85E3BDE3D04DCB17C0596F9973CBC9.e.7529","ELEMENT":"f.4F28C2583BB65896889CB8FD582548C6.d.AD85E3BDE3D04DCB17C0596F9973CBC9.e.7529"}]}
RESULT: {}
RESULT: {"script":"<script> [5351 bytes]","args":[{"element-6066-11e4-a52e-4f735466cecf":"f.4F28C2583BB65896889CB8FD582548C6.d.AD85E3BDE3D04DCB17C0596F9973CBC9.e.7529","ELEMENT":"f.4F28C2583BB65896889CB8FD582548C6.d.AD85E3BDE3D04DCB17C0596F9973CBC9.e.7529"}]}
COMMAND: POST /session/8710bc86126986cf02bb1d50a5f31e3a/element/f.4F28C2583BB65896889CB8FD582548C6.d.AD85E3BDE3D04DCB17C0596F9973CBC9.e.7529/click - {}
COMMAND: GET /session/8710bc86126986cf02bb1d50a5f31e3a/screenshot - {}
COMMAND: GET /session/8710bc86126986cf02bb1d50a5f31e3a/screenshot - {}
RESULT: {}
COMMAND: GET /session/8710bc86126986cf02bb1d50a5f31e3a/screenshot - {}
RESULT: {}
RESULT: {}
RESULT: {}
COMMAND: POST /session/8710bc86126986cf02bb1d50a5f31e3a/execute/async - {"script":"<script> [1562 bytes]","args":[{"selector":{"controlType":"sap.m.Title","viewName":"etm.portal.ui.managepricingrules.view.NewItem","viewId":"application-managepricingrules-display-component---newInfoPriceItem","properties":{"text":"New Pricing Rules - Item Level"}},"wdio_ui5_key":"etmportal.ui.managepricingrules.view.NewItemsap.m.Title{\"text\":\"New Pricing Rules - Item Level\"}"}]}
RESULT: {"script":"<script> [1562 bytes]","args":[{"selector":{"controlType":"sap.m.Title","viewName":"etm.portal.ui.managepricingrules.view.NewItem","viewId":"application-managepricingrules-display-component---newInfoPriceItem","properties":{"text":"New Pricing Rules - Item Level"}},"wdio_ui5_key":"etmportal.ui.managepricingrules.view.NewItemsap.m.Title{\"text\":\"New Pricing Rules - Item Level\"}"}]}
RESULT: undefined
COMMAND: POST /session/8710bc86126986cf02bb1d50a5f31e3a/execute/async - {"script":"<script> [6424 bytes]","args":[{"element-6066-11e4-a52e-4f735466cecf":"f.4F28C2583BB65896889CB8FD582548C6.d.AD85E3BDE3D04DCB17C0596F9973CBC9.e.7602"},"getText",[]]}
RESULT: {"script":"<script> [6424 bytes]","args":[{"element-6066-11e4-a52e-4f735466cecf":"f.4F28C2583BB65896889CB8FD582548C6.d.AD85E3BDE3D04DCB17C0596F9973CBC9.e.7602"},"getText",[]]}
COMMAND: POST /session/8710bc86126986cf02bb1d50a5f31e3a/execute/async - {"script":"<script> [1562 bytes]","args":[{"selector":{"id":"application-managepricingrules-display-component---newInfoPriceItem--condValidTo","interaction":{"idSuffix":"inner"}},"wdio_ui5_key":"applicationmanagepricingrules-display-component---newInfoPriceItem--condValidTo"}]}
RESULT: {"script":"<script> [1562 bytes]","args":[{"selector":{"id":"application-managepricingrules-display-component---newInfoPriceItem--condValidTo","interaction":{"idSuffix":"inner"}},"wdio_ui5_key":"applicationmanagepricingrules-display-component---newInfoPriceItem--condValidTo"}]}
RESULT: undefined
COMMAND: POST /session/8710bc86126986cf02bb1d50a5f31e3a/execute/async - {"script":"<script> [776 bytes]","args":[{"enterText":"1/22/26","selector":{"id":"application-managepricingrules-display-component---newInfoPriceItem--condValidTo","interaction":{"idSuffix":"inner"}},"clearTextFirst":true,"interactionType":"ENTER_TEXT"}]}
RESULT: {"script":"<script> [776 bytes]","args":[{"enterText":"1/22/26","selector":{"id":"application-managepricingrules-display-component---newInfoPriceItem--condValidTo","interaction":{"idSuffix":"inner"}},"clearTextFirst":true,"interactionType":"ENTER_TEXT"}]}
COMMAND: POST /session/8710bc86126986cf02bb1d50a5f31e3a/execute/async - {"script":"<script> [1562 bytes]","args":[{"selector":{"id":"application-managepricingrules-display-component---newInfoPriceItem--billType-arrow"},"wdio_ui5_key":"applicationmanagepricingrules-display-component---newInfoPriceItem--billType-arrow"}]}
RESULT: {"script":"<script> [1562 bytes]","args":[{"selector":{"id":"application-managepricingrules-display-component---newInfoPriceItem--billType-arrow"},"wdio_ui5_key":"applicationmanagepricingrules-display-component---newInfoPriceItem--billType-arrow"}]}
RESULT: undefined
COMMAND: POST /session/8710bc86126986cf02bb1d50a5f31e3a/element - {"using":"xpath","value":"//*[@id=\"application-managepricingrules-display-component---newInfoPriceItem--billType-arrow\"]"}
RESULT: {"using":"xpath","value":"//*[@id=\"application-managepricingrules-display-component---newInfoPriceItem--billType-arrow\"]"}
COMMAND: POST /session/8710bc86126986cf02bb1d50a5f31e3a/element/f.4F28C2583BB65896889CB8FD582548C6.d.AD85E3BDE3D04DCB17C0596F9973CBC9.e.7614/click - {}
RESULT: {}
COMMAND: POST /session/8710bc86126986cf02bb1d50a5f31e3a/element - {"using":"xpath","value":"//span[contains(text(), \"TB - Time based\")]"}
COMMAND: GET /session/8710bc86126986cf02bb1d50a5f31e3a/screenshot - {}
RESULT: {"using":"xpath","value":"//span[contains(text(), \"TB - Time based\")]"}
COMMAND: POST /session/8710bc86126986cf02bb1d50a5f31e3a/element/f.4F28C2583BB65896889CB8FD582548C6.d.AD85E3BDE3D04DCB17C0596F9973CBC9.e.7615/click - {}
RESULT: {}
RESULT: {}
COMMAND: POST /session/8710bc86126986cf02bb1d50a5f31e3a/execute/async - {"script":"<script> [1562 bytes]","args":[{"selector":{"id":"application-managepricingrules-display-component---newInfoPriceItem--priceProc-arrow"},"wdio_ui5_key":"applicationmanagepricingrules-display-component---newInfoPriceItem--priceProc-arrow"}]}
COMMAND: GET /session/8710bc86126986cf02bb1d50a5f31e3a/screenshot - {}
RESULT: {"script":"<script> [1562 bytes]","args":[{"selector":{"id":"application-managepricingrules-display-component---newInfoPriceItem--priceProc-arrow"},"wdio_ui5_key":"applicationmanagepricingrules-display-component---newInfoPriceItem--priceProc-arrow"}]}
RESULT: undefined
COMMAND: POST /session/8710bc86126986cf02bb1d50a5f31e3a/element - {"using":"xpath","value":"//*[@id=\"application-managepricingrules-display-component---newInfoPriceItem--priceProc-arrow\"]"}
RESULT: {}
RESULT: {"using":"xpath","value":"//*[@id=\"application-managepricingrules-display-component---newInfoPriceItem--priceProc-arrow\"]"}
COMMAND: POST /session/8710bc86126986cf02bb1d50a5f31e3a/element/f.4F28C2583BB65896889CB8FD582548C6.d.AD85E3BDE3D04DCB17C0596F9973CBC9.e.7616/click - {}
RESULT: {}
COMMAND: POST /session/8710bc86126986cf02bb1d50a5f31e3a/element - {"using":"xpath","value":"//span[contains(text(), \"TB - Time based BGL\")]"}
COMMAND: GET /session/8710bc86126986cf02bb1d50a5f31e3a/screenshot - {}
RESULT: {"using":"xpath","value":"//span[contains(text(), \"TB - Time based BGL\")]"}
COMMAND: POST /session/8710bc86126986cf02bb1d50a5f31e3a/element/f.4F28C2583BB65896889CB8FD582548C6.d.AD85E3BDE3D04DCB17C0596F9973CBC9.e.7617/click - {}
RESULT: {}
RESULT: {}
COMMAND: POST /session/8710bc86126986cf02bb1d50a5f31e3a/execute/async - {"script":"<script> [1562 bytes]","args":[{"selector":{"id":"application-managepricingrules-display-component---newInfoPriceItem--calcBase-arrow"},"wdio_ui5_key":"applicationmanagepricingrules-display-component---newInfoPriceItem--calcBase-arrow"}]}
COMMAND: GET /session/8710bc86126986cf02bb1d50a5f31e3a/screenshot - {}
RESULT: {"script":"<script> [1562 bytes]","args":[{"selector":{"id":"application-managepricingrules-display-component---newInfoPriceItem--calcBase-arrow"},"wdio_ui5_key":"applicationmanagepricingrules-display-component---newInfoPriceItem--calcBase-arrow"}]}
RESULT: undefined
COMMAND: POST /session/8710bc86126986cf02bb1d50a5f31e3a/element - {"using":"xpath","value":"//*[@id=\"application-managepricingrules-display-component---newInfoPriceItem--calcBase-arrow\"]"}
RESULT: {}
RESULT: {"using":"xpath","value":"//*[@id=\"application-managepricingrules-display-component---newInfoPriceItem--calcBase-arrow\"]"}
COMMAND: POST /session/8710bc86126986cf02bb1d50a5f31e3a/element/f.4F28C2583BB65896889CB8FD582548C6.d.AD85E3BDE3D04DCB17C0596F9973CBC9.e.7618/click - {}
RESULT: {}
COMMAND: GET /session/8710bc86126986cf02bb1d50a5f31e3a/screenshot - {}
RESULT: {}
COMMAND: POST /session/8710bc86126986cf02bb1d50a5f31e3a/element - {"using":"xpath","value":"//span[contains(text(), \"0006 - TB(calendar days)\")]"}
RESULT: {"using":"xpath","value":"//span[contains(text(), \"0006 - TB(calendar days)\")]"}
COMMAND: POST /session/8710bc86126986cf02bb1d50a5f31e3a/element/f.4F28C2583BB65896889CB8FD582548C6.d.AD85E3BDE3D04DCB17C0596F9973CBC9.e.7619/click - {}
RESULT: {}
COMMAND: GET /session/8710bc86126986cf02bb1d50a5f31e3a/screenshot - {}
RESULT: {}
COMMAND: POST /session/8710bc86126986cf02bb1d50a5f31e3a/execute/async - {"script":"<script> [1562 bytes]","args":[{"selector":{"id":"application-managepricingrules-display-component---newInfoPriceItem--hoursMonth","interaction":{"idSuffix":"inner"}},"wdio_ui5_key":"applicationmanagepricingrules-display-component---newInfoPriceItem--hoursMonth"}]}
RESULT: {"script":"<script> [1562 bytes]","args":[{"selector":{"id":"application-managepricingrules-display-component---newInfoPriceItem--hoursMonth","interaction":{"idSuffix":"inner"}},"wdio_ui5_key":"applicationmanagepricingrules-display-component---newInfoPriceItem--hoursMonth"}]}
RESULT: undefined
COMMAND: POST /session/8710bc86126986cf02bb1d50a5f31e3a/execute/async - {"script":"<script> [776 bytes]","args":[{"enterText":"160","selector":{"id":"application-managepricingrules-display-component---newInfoPriceItem--hoursMonth","interaction":{"idSuffix":"inner"}},"clearTextFirst":true,"interactionType":"ENTER_TEXT"}]}
RESULT: {"script":"<script> [776 bytes]","args":[{"enterText":"160","selector":{"id":"application-managepricingrules-display-component---newInfoPriceItem--hoursMonth","interaction":{"idSuffix":"inner"}},"clearTextFirst":true,"interactionType":"ENTER_TEXT"}]}
COMMAND: POST /session/8710bc86126986cf02bb1d50a5f31e3a/execute/async - {"script":"<script> [1562 bytes]","args":[{"selector":{"id":"application-managepricingrules-display-component---newInfoPriceItem--daysMonth","interaction":{"idSuffix":"inner"}},"wdio_ui5_key":"applicationmanagepricingrules-display-component---newInfoPriceItem--daysMonth"}]}
RESULT: {"script":"<script> [1562 bytes]","args":[{"selector":{"id":"application-managepricingrules-display-component---newInfoPriceItem--daysMonth","interaction":{"idSuffix":"inner"}},"wdio_ui5_key":"applicationmanagepricingrules-display-component---newInfoPriceItem--daysMonth"}]}
RESULT: undefined
COMMAND: POST /session/8710bc86126986cf02bb1d50a5f31e3a/execute/async - {"script":"<script> [776 bytes]","args":[{"enterText":"30","selector":{"id":"application-managepricingrules-display-component---newInfoPriceItem--daysMonth","interaction":{"idSuffix":"inner"}},"clearTextFirst":true,"interactionType":"ENTER_TEXT"}]}
RESULT: {"script":"<script> [776 bytes]","args":[{"enterText":"30","selector":{"id":"application-managepricingrules-display-component---newInfoPriceItem--daysMonth","interaction":{"idSuffix":"inner"}},"clearTextFirst":true,"interactionType":"ENTER_TEXT"}]}
COMMAND: POST /session/8710bc86126986cf02bb1d50a5f31e3a/element - {"using":"xpath","value":"//button[@data-kt=\"saveNewRuleButton\"]"}
RESULT: {"using":"xpath","value":"//button[@data-kt=\"saveNewRuleButton\"]"}
COMMAND: POST /session/8710bc86126986cf02bb1d50a5f31e3a/element/f.4F28C2583BB65896889CB8FD582548C6.d.AD85E3BDE3D04DCB17C0596F9973CBC9.e.7622/click - {}
RESULT: {}
COMMAND: GET /session/8710bc86126986cf02bb1d50a5f31e3a/screenshot - {}
RESULT: {}
COMMAND: POST /session/8710bc86126986cf02bb1d50a5f31e3a/execute/async - {"script":"<script> [1562 bytes]","args":[{"selector":{"id":"application-managepricingrules-display-component---priceInfoItem--smartFilterBar-btnBasicSearch","interaction":{"idSuffix":"I"}},"wdio_ui5_key":"applicationmanagepricingrules-display-component---priceInfoItem--smartFilterBar-btnBasicSearch"}]}
RESULT: {"script":"<script> [1562 bytes]","args":[{"selector":{"id":"application-managepricingrules-display-component---priceInfoItem--smartFilterBar-btnBasicSearch","interaction":{"idSuffix":"I"}},"wdio_ui5_key":"applicationmanagepricingrules-display-component---priceInfoItem--smartFilterBar-btnBasicSearch"}]}
RESULT: undefined
COMMAND: POST /session/8710bc86126986cf02bb1d50a5f31e3a/execute/async - {"script":"<script> [776 bytes]","args":[{"enterText":"83H8Tvok9B","selector":{"id":"application-managepricingrules-display-component---priceInfoItem--smartFilterBar-btnBasicSearch","interaction":{"idSuffix":"I"}},"clearTextFirst":true,"interactionType":"ENTER_TEXT"}]}
RESULT: {"script":"<script> [776 bytes]","args":[{"enterText":"83H8Tvok9B","selector":{"id":"application-managepricingrules-display-component---priceInfoItem--smartFilterBar-btnBasicSearch","interaction":{"idSuffix":"I"}},"clearTextFirst":true,"interactionType":"ENTER_TEXT"}]}
COMMAND: POST /session/8710bc86126986cf02bb1d50a5f31e3a/actions - {"actions":[{"id":"action30","type":"key","parameters":{},"actions":[{"type":"keyDown","value":""},{"type":"pause","duration":10},{"type":"keyUp","value":""}]}]}
RESULT: {"actions":[{"id":"action30","type":"key","parameters":{},"actions":[{"type":"keyDown","value":""},{"type":"pause","duration":10},{"type":"keyUp","value":""}]}]}
COMMAND: GET /session/8710bc86126986cf02bb1d50a5f31e3a/screenshot - {}
RESULT: {}
COMMAND: POST /session/8710bc86126986cf02bb1d50a5f31e3a/element - {"using":"xpath","value":"//span[@id=\"application-managepricingrules-display-component---priceInfoItem--smartTable-header-inner\"]"}
RESULT: {"using":"xpath","value":"//span[@id=\"application-managepricingrules-display-component---priceInfoItem--smartTable-header-inner\"]"}
COMMAND: POST /session/8710bc86126986cf02bb1d50a5f31e3a/elements - {"using":"xpath","value":"//span[@id=\"application-managepricingrules-display-component---priceInfoItem--smartTable-header-inner\"]"}
RESULT: {"using":"xpath","value":"//span[@id=\"application-managepricingrules-display-component---priceInfoItem--smartTable-header-inner\"]"}
COMMAND: POST /session/8710bc86126986cf02bb1d50a5f31e3a/execute/sync - {"script":"<script> [56 bytes]","args":[{"element-6066-11e4-a52e-4f735466cecf":"f.4F28C2583BB65896889CB8FD582548C6.d.AD85E3BDE3D04DCB17C0596F9973CBC9.e.7646","ELEMENT":"f.4F28C2583BB65896889CB8FD582548C6.d.AD85E3BDE3D04DCB17C0596F9973CBC9.e.7646"}]}
RESULT: {"script":"<script> [56 bytes]","args":[{"element-6066-11e4-a52e-4f735466cecf":"f.4F28C2583BB65896889CB8FD582548C6.d.AD85E3BDE3D04DCB17C0596F9973CBC9.e.7646","ELEMENT":"f.4F28C2583BB65896889CB8FD582548C6.d.AD85E3BDE3D04DCB17C0596F9973CBC9.e.7646"}]}
COMMAND: POST /session/8710bc86126986cf02bb1d50a5f31e3a/element - {"using":"css selector","value":"#shell-header-logo"}
COMMAND: GET /session/8710bc86126986cf02bb1d50a5f31e3a/screenshot - {}
RESULT: {"using":"css selector","value":"#shell-header-logo"}
COMMAND: POST /session/8710bc86126986cf02bb1d50a5f31e3a/element/f.4F28C2583BB65896889CB8FD582548C6.d.AD85E3BDE3D04DCB17C0596F9973CBC9.e.6712/click - {}
RESULT: {}
RESULT: {}
COMMAND: GET /session/8710bc86126986cf02bb1d50a5f31e3a/screenshot - {}
RESULT: {}
]]></system-out>
    </testcase>
    <testcase classname="chrome.136_0_7103_93.windows.Create_master_data_for_mixed_billing_&amp;_do_billing_calculation_US151661" name="Should add one time condition" time="72.497">
      <system-out><![CDATA[
COMMAND: POST /session/8710bc86126986cf02bb1d50a5f31e3a/execute/async - {"script":"<script> [1562 bytes]","args":[{"selector":{"controlType":"sap.m.GenericTile","properties":{"header":"Manage Conditions & Prices"}},"wdio_ui5_key":"sapm.GenericTile{\"header\":\"Manage Conditions & Prices\"}"}]}
RESULT: {"script":"<script> [1562 bytes]","args":[{"selector":{"controlType":"sap.m.GenericTile","properties":{"header":"Manage Conditions & Prices"}},"wdio_ui5_key":"sapm.GenericTile{\"header\":\"Manage Conditions & Prices\"}"}]}
RESULT: undefined
COMMAND: POST /session/8710bc86126986cf02bb1d50a5f31e3a/element - {"using":"xpath","value":"//*[@id=\"__tile53\"]"}
RESULT: {"using":"xpath","value":"//*[@id=\"__tile53\"]"}
COMMAND: POST /session/8710bc86126986cf02bb1d50a5f31e3a/element/f.4F28C2583BB65896889CB8FD582548C6.d.AD85E3BDE3D04DCB17C0596F9973CBC9.e.4606/click - {}
RESULT: {}
COMMAND: GET /session/8710bc86126986cf02bb1d50a5f31e3a/screenshot - {}
COMMAND: POST /session/8710bc86126986cf02bb1d50a5f31e3a/elements - {"using":"xpath","value":"//span[text()='Error']"}
RESULT: {}
RESULT: {"using":"xpath","value":"//span[text()='Error']"}
COMMAND: POST /session/8710bc86126986cf02bb1d50a5f31e3a/element - {"using":"xpath","value":"//button[@aria-label=\"Create\"]"}
RESULT: {"using":"xpath","value":"//button[@aria-label=\"Create\"]"}
COMMAND: POST /session/8710bc86126986cf02bb1d50a5f31e3a/elements - {"using":"xpath","value":"//button[@aria-label=\"Create\"]"}
RESULT: {"using":"xpath","value":"//button[@aria-label=\"Create\"]"}
COMMAND: POST /session/8710bc86126986cf02bb1d50a5f31e3a/execute/sync - {"script":"<script> [8489 bytes]","args":[{"element-6066-11e4-a52e-4f735466cecf":"f.4F28C2583BB65896889CB8FD582548C6.d.AD85E3BDE3D04DCB17C0596F9973CBC9.e.7681","ELEMENT":"f.4F28C2583BB65896889CB8FD582548C6.d.AD85E3BDE3D04DCB17C0596F9973CBC9.e.7681"}]}
RESULT: {"script":"<script> [8489 bytes]","args":[{"element-6066-11e4-a52e-4f735466cecf":"f.4F28C2583BB65896889CB8FD582548C6.d.AD85E3BDE3D04DCB17C0596F9973CBC9.e.7681","ELEMENT":"f.4F28C2583BB65896889CB8FD582548C6.d.AD85E3BDE3D04DCB17C0596F9973CBC9.e.7681"}]}
COMMAND: GET /session/8710bc86126986cf02bb1d50a5f31e3a/element/f.4F28C2583BB65896889CB8FD582548C6.d.AD85E3BDE3D04DCB17C0596F9973CBC9.e.7681/enabled - {}
COMMAND: GET /session/8710bc86126986cf02bb1d50a5f31e3a/screenshot - {}
RESULT: {}
COMMAND: POST /session/8710bc86126986cf02bb1d50a5f31e3a/execute/sync - {"script":"<script> [8489 bytes]","args":[{"element-6066-11e4-a52e-4f735466cecf":"f.4F28C2583BB65896889CB8FD582548C6.d.AD85E3BDE3D04DCB17C0596F9973CBC9.e.7681","ELEMENT":"f.4F28C2583BB65896889CB8FD582548C6.d.AD85E3BDE3D04DCB17C0596F9973CBC9.e.7681"}]}
COMMAND: GET /session/8710bc86126986cf02bb1d50a5f31e3a/screenshot - {}
RESULT: {}
RESULT: {"script":"<script> [8489 bytes]","args":[{"element-6066-11e4-a52e-4f735466cecf":"f.4F28C2583BB65896889CB8FD582548C6.d.AD85E3BDE3D04DCB17C0596F9973CBC9.e.7681","ELEMENT":"f.4F28C2583BB65896889CB8FD582548C6.d.AD85E3BDE3D04DCB17C0596F9973CBC9.e.7681"}]}
COMMAND: POST /session/8710bc86126986cf02bb1d50a5f31e3a/execute/sync - {"script":"<script> [5351 bytes]","args":[{"element-6066-11e4-a52e-4f735466cecf":"f.4F28C2583BB65896889CB8FD582548C6.d.AD85E3BDE3D04DCB17C0596F9973CBC9.e.7681","ELEMENT":"f.4F28C2583BB65896889CB8FD582548C6.d.AD85E3BDE3D04DCB17C0596F9973CBC9.e.7681"}]}
COMMAND: GET /session/8710bc86126986cf02bb1d50a5f31e3a/screenshot - {}
RESULT: {}
RESULT: {"script":"<script> [5351 bytes]","args":[{"element-6066-11e4-a52e-4f735466cecf":"f.4F28C2583BB65896889CB8FD582548C6.d.AD85E3BDE3D04DCB17C0596F9973CBC9.e.7681","ELEMENT":"f.4F28C2583BB65896889CB8FD582548C6.d.AD85E3BDE3D04DCB17C0596F9973CBC9.e.7681"}]}
COMMAND: POST /session/8710bc86126986cf02bb1d50a5f31e3a/element/f.4F28C2583BB65896889CB8FD582548C6.d.AD85E3BDE3D04DCB17C0596F9973CBC9.e.7681/click - {}
COMMAND: GET /session/8710bc86126986cf02bb1d50a5f31e3a/screenshot - {}
RESULT: {}
RESULT: {}
COMMAND: GET /session/8710bc86126986cf02bb1d50a5f31e3a/screenshot - {}
RESULT: {}
RESULT: {}
COMMAND: POST /session/8710bc86126986cf02bb1d50a5f31e3a/actions - {"actions":[{"id":"action31","type":"key","parameters":{},"actions":[{"type":"keyDown","value":""},{"type":"pause","duration":10},{"type":"keyUp","value":""}]}]}
RESULT: {"actions":[{"id":"action31","type":"key","parameters":{},"actions":[{"type":"keyDown","value":""},{"type":"pause","duration":10},{"type":"keyUp","value":""}]}]}
COMMAND: GET /session/8710bc86126986cf02bb1d50a5f31e3a/screenshot - {}
RESULT: {}
COMMAND: POST /session/8710bc86126986cf02bb1d50a5f31e3a/execute/async - {"script":"<script> [1562 bytes]","args":[{"selector":{"id":"application-manageconditionprice-display-component---newCondition--condBillCond-arrow"},"wdio_ui5_key":"applicationmanageconditionprice-display-component---newCondition--condBillCond-arrow"}]}
RESULT: {"script":"<script> [1562 bytes]","args":[{"selector":{"id":"application-manageconditionprice-display-component---newCondition--condBillCond-arrow"},"wdio_ui5_key":"applicationmanageconditionprice-display-component---newCondition--condBillCond-arrow"}]}
RESULT: undefined
COMMAND: POST /session/8710bc86126986cf02bb1d50a5f31e3a/element - {"using":"xpath","value":"//*[@id=\"application-manageconditionprice-display-component---newCondition--condBillCond-arrow\"]"}
RESULT: {"using":"xpath","value":"//*[@id=\"application-manageconditionprice-display-component---newCondition--condBillCond-arrow\"]"}
COMMAND: POST /session/8710bc86126986cf02bb1d50a5f31e3a/element/f.4F28C2583BB65896889CB8FD582548C6.d.AD85E3BDE3D04DCB17C0596F9973CBC9.e.7854/click - {}
RESULT: {}
COMMAND: GET /session/8710bc86126986cf02bb1d50a5f31e3a/screenshot - {}
RESULT: {}
COMMAND: POST /session/8710bc86126986cf02bb1d50a5f31e3a/element - {"using":"xpath","value":"//li[.//span[contains(text(), \"SAPR - Sales price\")]]"}
RESULT: {"using":"xpath","value":"//li[.//span[contains(text(), \"SAPR - Sales price\")]]"}
COMMAND: POST /session/8710bc86126986cf02bb1d50a5f31e3a/element/f.4F28C2583BB65896889CB8FD582548C6.d.AD85E3BDE3D04DCB17C0596F9973CBC9.e.7857/click - {}
RESULT: {}
COMMAND: GET /session/8710bc86126986cf02bb1d50a5f31e3a/screenshot - {}
RESULT: {}
COMMAND: POST /session/8710bc86126986cf02bb1d50a5f31e3a/execute/async - {"script":"<script> [1562 bytes]","args":[{"selector":{"id":"application-manageconditionprice-display-component---newCondition--condValidTo","interaction":{"idSuffix":"inner"}},"wdio_ui5_key":"applicationmanageconditionprice-display-component---newCondition--condValidTo"}]}
RESULT: {"script":"<script> [1562 bytes]","args":[{"selector":{"id":"application-manageconditionprice-display-component---newCondition--condValidTo","interaction":{"idSuffix":"inner"}},"wdio_ui5_key":"applicationmanageconditionprice-display-component---newCondition--condValidTo"}]}
RESULT: undefined
COMMAND: POST /session/8710bc86126986cf02bb1d50a5f31e3a/execute/async - {"script":"<script> [776 bytes]","args":[{"enterText":"1/22/26","selector":{"id":"application-manageconditionprice-display-component---newCondition--condValidTo","interaction":{"idSuffix":"inner"}},"clearTextFirst":true,"interactionType":"ENTER_TEXT"}]}
RESULT: {"script":"<script> [776 bytes]","args":[{"enterText":"1/22/26","selector":{"id":"application-manageconditionprice-display-component---newCondition--condValidTo","interaction":{"idSuffix":"inner"}},"clearTextFirst":true,"interactionType":"ENTER_TEXT"}]}
COMMAND: POST /session/8710bc86126986cf02bb1d50a5f31e3a/element - {"using":"xpath","value":"//input[@id=\"application-manageconditionprice-display-component---newCondition--condRU-inner\"]"}
RESULT: {"using":"xpath","value":"//input[@id=\"application-manageconditionprice-display-component---newCondition--condRU-inner\"]"}
COMMAND: POST /session/8710bc86126986cf02bb1d50a5f31e3a/element/f.4F28C2583BB65896889CB8FD582548C6.d.AD85E3BDE3D04DCB17C0596F9973CBC9.e.7723/clear - {}
RESULT: {}
COMMAND: POST /session/8710bc86126986cf02bb1d50a5f31e3a/element/f.4F28C2583BB65896889CB8FD582548C6.d.AD85E3BDE3D04DCB17C0596F9973CBC9.e.7723/value - {"text":"83H8Tvok9B"}
COMMAND: GET /session/8710bc86126986cf02bb1d50a5f31e3a/screenshot - {}
RESULT: {"text":"83H8Tvok9B"}
COMMAND: GET /session/8710bc86126986cf02bb1d50a5f31e3a/screenshot - {}
RESULT: {}
RESULT: {}
COMMAND: POST /session/8710bc86126986cf02bb1d50a5f31e3a/actions - {"actions":[{"id":"action32","type":"key","parameters":{},"actions":[{"type":"keyDown","value":""},{"type":"pause","duration":10},{"type":"keyUp","value":""}]}]}
RESULT: {"actions":[{"id":"action32","type":"key","parameters":{},"actions":[{"type":"keyDown","value":""},{"type":"pause","duration":10},{"type":"keyUp","value":""}]}]}
COMMAND: POST /session/8710bc86126986cf02bb1d50a5f31e3a/execute/async - {"script":"<script> [1562 bytes]","args":[{"selector":{"id":"application-manageconditionprice-display-component---newCondition--condBaseQty","interaction":{"idSuffix":"inner"}},"wdio_ui5_key":"applicationmanageconditionprice-display-component---newCondition--condBaseQty"}]}
COMMAND: GET /session/8710bc86126986cf02bb1d50a5f31e3a/screenshot - {}
RESULT: {"script":"<script> [1562 bytes]","args":[{"selector":{"id":"application-manageconditionprice-display-component---newCondition--condBaseQty","interaction":{"idSuffix":"inner"}},"wdio_ui5_key":"applicationmanageconditionprice-display-component---newCondition--condBaseQty"}]}
RESULT: undefined
COMMAND: POST /session/8710bc86126986cf02bb1d50a5f31e3a/execute/async - {"script":"<script> [776 bytes]","args":[{"enterText":"1","selector":{"id":"application-manageconditionprice-display-component---newCondition--condBaseQty","interaction":{"idSuffix":"inner"}},"clearTextFirst":true,"interactionType":"ENTER_TEXT"}]}
RESULT: {}
RESULT: {"script":"<script> [776 bytes]","args":[{"enterText":"1","selector":{"id":"application-manageconditionprice-display-component---newCondition--condBaseQty","interaction":{"idSuffix":"inner"}},"clearTextFirst":true,"interactionType":"ENTER_TEXT"}]}
COMMAND: POST /session/8710bc86126986cf02bb1d50a5f31e3a/execute/async - {"script":"<script> [1562 bytes]","args":[{"selector":{"id":"application-manageconditionprice-display-component---newCondition--condValue","interaction":{"idSuffix":"inner"}},"wdio_ui5_key":"applicationmanageconditionprice-display-component---newCondition--condValue"}]}
RESULT: {"script":"<script> [1562 bytes]","args":[{"selector":{"id":"application-manageconditionprice-display-component---newCondition--condValue","interaction":{"idSuffix":"inner"}},"wdio_ui5_key":"applicationmanageconditionprice-display-component---newCondition--condValue"}]}
RESULT: undefined
COMMAND: POST /session/8710bc86126986cf02bb1d50a5f31e3a/execute/async - {"script":"<script> [776 bytes]","args":[{"enterText":"200","selector":{"id":"application-manageconditionprice-display-component---newCondition--condValue","interaction":{"idSuffix":"inner"}},"clearTextFirst":true,"interactionType":"ENTER_TEXT"}]}
RESULT: {"script":"<script> [776 bytes]","args":[{"enterText":"200","selector":{"id":"application-manageconditionprice-display-component---newCondition--condValue","interaction":{"idSuffix":"inner"}},"clearTextFirst":true,"interactionType":"ENTER_TEXT"}]}
COMMAND: POST /session/8710bc86126986cf02bb1d50a5f31e3a/execute/async - {"script":"<script> [1562 bytes]","args":[{"selector":{"id":"application-manageconditionprice-display-component---newCondition--condCurr-arrow"},"wdio_ui5_key":"applicationmanageconditionprice-display-component---newCondition--condCurr-arrow"}]}
RESULT: {"script":"<script> [1562 bytes]","args":[{"selector":{"id":"application-manageconditionprice-display-component---newCondition--condCurr-arrow"},"wdio_ui5_key":"applicationmanageconditionprice-display-component---newCondition--condCurr-arrow"}]}
RESULT: undefined
COMMAND: POST /session/8710bc86126986cf02bb1d50a5f31e3a/element - {"using":"xpath","value":"//*[@id=\"application-manageconditionprice-display-component---newCondition--condCurr-arrow\"]"}
RESULT: {"using":"xpath","value":"//*[@id=\"application-manageconditionprice-display-component---newCondition--condCurr-arrow\"]"}
COMMAND: POST /session/8710bc86126986cf02bb1d50a5f31e3a/element/f.4F28C2583BB65896889CB8FD582548C6.d.AD85E3BDE3D04DCB17C0596F9973CBC9.e.7820/click - {}
RESULT: {}
COMMAND: POST /session/8710bc86126986cf02bb1d50a5f31e3a/element - {"using":"xpath","value":"//span[contains(text(), \"Euro\")]"}
COMMAND: GET /session/8710bc86126986cf02bb1d50a5f31e3a/screenshot - {}
RESULT: {"using":"xpath","value":"//span[contains(text(), \"Euro\")]"}
COMMAND: POST /session/8710bc86126986cf02bb1d50a5f31e3a/element/f.4F28C2583BB65896889CB8FD582548C6.d.AD85E3BDE3D04DCB17C0596F9973CBC9.e.7897/click - {}
RESULT: {}
RESULT: {}
COMMAND: POST /session/8710bc86126986cf02bb1d50a5f31e3a/element - {"using":"xpath","value":"//button[@data-kt=\"saveButton\"]"}
COMMAND: GET /session/8710bc86126986cf02bb1d50a5f31e3a/screenshot - {}
RESULT: {"using":"xpath","value":"//button[@data-kt=\"saveButton\"]"}
COMMAND: POST /session/8710bc86126986cf02bb1d50a5f31e3a/element/f.4F28C2583BB65896889CB8FD582548C6.d.AD85E3BDE3D04DCB17C0596F9973CBC9.e.7821/click - {}
RESULT: {}
RESULT: {}
COMMAND: GET /session/8710bc86126986cf02bb1d50a5f31e3a/screenshot - {}
RESULT: {}
COMMAND: POST /session/8710bc86126986cf02bb1d50a5f31e3a/execute/async - {"script":"<script> [1562 bytes]","args":[{"selector":{"id":"application-manageconditionprice-display-component---conditions--smartFilterBar-btnBasicSearch","interaction":{"idSuffix":"I"}},"wdio_ui5_key":"applicationmanageconditionprice-display-component---conditions--smartFilterBar-btnBasicSearch"}]}
RESULT: {"script":"<script> [1562 bytes]","args":[{"selector":{"id":"application-manageconditionprice-display-component---conditions--smartFilterBar-btnBasicSearch","interaction":{"idSuffix":"I"}},"wdio_ui5_key":"applicationmanageconditionprice-display-component---conditions--smartFilterBar-btnBasicSearch"}]}
RESULT: undefined
COMMAND: POST /session/8710bc86126986cf02bb1d50a5f31e3a/execute/async - {"script":"<script> [776 bytes]","args":[{"enterText":"83H8Tvok9B","selector":{"id":"application-manageconditionprice-display-component---conditions--smartFilterBar-btnBasicSearch","interaction":{"idSuffix":"I"}},"clearTextFirst":true,"interactionType":"ENTER_TEXT"}]}
RESULT: {"script":"<script> [776 bytes]","args":[{"enterText":"83H8Tvok9B","selector":{"id":"application-manageconditionprice-display-component---conditions--smartFilterBar-btnBasicSearch","interaction":{"idSuffix":"I"}},"clearTextFirst":true,"interactionType":"ENTER_TEXT"}]}
COMMAND: POST /session/8710bc86126986cf02bb1d50a5f31e3a/actions - {"actions":[{"id":"action33","type":"key","parameters":{},"actions":[{"type":"keyDown","value":""},{"type":"pause","duration":10},{"type":"keyUp","value":""}]}]}
RESULT: {"actions":[{"id":"action33","type":"key","parameters":{},"actions":[{"type":"keyDown","value":""},{"type":"pause","duration":10},{"type":"keyUp","value":""}]}]}
COMMAND: GET /session/8710bc86126986cf02bb1d50a5f31e3a/screenshot - {}
RESULT: {}
COMMAND: POST /session/8710bc86126986cf02bb1d50a5f31e3a/execute/async - {"script":"<script> [1562 bytes]","args":[{"selector":{"id":"application-manageconditionprice-display-component---conditions--smartFilterBar-filterItemControl_BASIC-BILL_TYPES-vhi"},"wdio_ui5_key":"applicationmanageconditionprice-display-component---conditions--smartFilterBar-filterItemControl_BASIC-BILL_TYPES-vhi"}]}
RESULT: {"script":"<script> [1562 bytes]","args":[{"selector":{"id":"application-manageconditionprice-display-component---conditions--smartFilterBar-filterItemControl_BASIC-BILL_TYPES-vhi"},"wdio_ui5_key":"applicationmanageconditionprice-display-component---conditions--smartFilterBar-filterItemControl_BASIC-BILL_TYPES-vhi"}]}
RESULT: undefined
COMMAND: POST /session/8710bc86126986cf02bb1d50a5f31e3a/element - {"using":"xpath","value":"//*[@id=\"application-manageconditionprice-display-component---conditions--smartFilterBar-filterItemControl_BASIC-BILL_TYPES-vhi\"]"}
RESULT: {"using":"xpath","value":"//*[@id=\"application-manageconditionprice-display-component---conditions--smartFilterBar-filterItemControl_BASIC-BILL_TYPES-vhi\"]"}
COMMAND: POST /session/8710bc86126986cf02bb1d50a5f31e3a/element/f.4F28C2583BB65896889CB8FD582548C6.d.AD85E3BDE3D04DCB17C0596F9973CBC9.e.8003/click - {}
RESULT: {}
COMMAND: POST /session/8710bc86126986cf02bb1d50a5f31e3a/execute/async - {"script":"<script> [1562 bytes]","args":[{"selector":{"id":"application-manageconditionprice-display-component---conditions--smartFilterBar-filterItemControl_BASIC-BILL_TYPES-valueHelpDialog-smartFilterBar-btnBasicSearch","searchOpenDialogs":true,"interaction":{"idSuffix":"I"}},"wdio_ui5_key":"applicationmanageconditionprice-display-component---conditions--smartFilterBar-filterItemControl_BASIC-BILL_TYPES-valueHelpDialog-smartFilterBar-btnBasicSearch"}]}
COMMAND: GET /session/8710bc86126986cf02bb1d50a5f31e3a/screenshot - {}
RESULT: {"script":"<script> [1562 bytes]","args":[{"selector":{"id":"application-manageconditionprice-display-component---conditions--smartFilterBar-filterItemControl_BASIC-BILL_TYPES-valueHelpDialog-smartFilterBar-btnBasicSearch","searchOpenDialogs":true,"interaction":{"idSuffix":"I"}},"wdio_ui5_key":"applicationmanageconditionprice-display-component---conditions--smartFilterBar-filterItemControl_BASIC-BILL_TYPES-valueHelpDialog-smartFilterBar-btnBasicSearch"}]}
RESULT: undefined
COMMAND: POST /session/8710bc86126986cf02bb1d50a5f31e3a/execute/async - {"script":"<script> [776 bytes]","args":[{"enterText":"one","selector":{"id":"application-manageconditionprice-display-component---conditions--smartFilterBar-filterItemControl_BASIC-BILL_TYPES-valueHelpDialog-smartFilterBar-btnBasicSearch","searchOpenDialogs":true,"interaction":{"idSuffix":"I"}},"clearTextFirst":true,"interactionType":"ENTER_TEXT"}]}
RESULT: {}
RESULT: {"script":"<script> [776 bytes]","args":[{"enterText":"one","selector":{"id":"application-manageconditionprice-display-component---conditions--smartFilterBar-filterItemControl_BASIC-BILL_TYPES-valueHelpDialog-smartFilterBar-btnBasicSearch","searchOpenDialogs":true,"interaction":{"idSuffix":"I"}},"clearTextFirst":true,"interactionType":"ENTER_TEXT"}]}
COMMAND: POST /session/8710bc86126986cf02bb1d50a5f31e3a/actions - {"actions":[{"id":"action34","type":"key","parameters":{},"actions":[{"type":"keyDown","value":""},{"type":"pause","duration":10},{"type":"keyUp","value":""}]}]}
RESULT: {"actions":[{"id":"action34","type":"key","parameters":{},"actions":[{"type":"keyDown","value":""},{"type":"pause","duration":10},{"type":"keyUp","value":""}]}]}
COMMAND: GET /session/8710bc86126986cf02bb1d50a5f31e3a/screenshot - {}
RESULT: {}
COMMAND: POST /session/8710bc86126986cf02bb1d50a5f31e3a/element - {"using":"xpath","value":"//div[contains(@id, 'application-manageconditionprice-display-component---conditions--smartFilterBar-filterItemControl_BASIC-BILL_TYPES-valueHelpDialog-table-rowsel0')]"}
RESULT: {"using":"xpath","value":"//div[contains(@id, 'application-manageconditionprice-display-component---conditions--smartFilterBar-filterItemControl_BASIC-BILL_TYPES-valueHelpDialog-table-rowsel0')]"}
COMMAND: POST /session/8710bc86126986cf02bb1d50a5f31e3a/element/f.4F28C2583BB65896889CB8FD582548C6.d.AD85E3BDE3D04DCB17C0596F9973CBC9.e.8012/click - {}
RESULT: {}
COMMAND: GET /session/8710bc86126986cf02bb1d50a5f31e3a/screenshot - {}
RESULT: {}
COMMAND: POST /session/8710bc86126986cf02bb1d50a5f31e3a/element - {"using":"xpath","value":"//bdi[contains(text(), \"OK\")]"}
RESULT: {"using":"xpath","value":"//bdi[contains(text(), \"OK\")]"}
COMMAND: POST /session/8710bc86126986cf02bb1d50a5f31e3a/element/f.4F28C2583BB65896889CB8FD582548C6.d.AD85E3BDE3D04DCB17C0596F9973CBC9.e.8014/click - {}
RESULT: {}
COMMAND: GET /session/8710bc86126986cf02bb1d50a5f31e3a/screenshot - {}
RESULT: {}
COMMAND: POST /session/8710bc86126986cf02bb1d50a5f31e3a/element - {"using":"xpath","value":"//span[@id=\"application-manageconditionprice-display-component---conditions--smartTable-header-inner\"]"}
RESULT: {"using":"xpath","value":"//span[@id=\"application-manageconditionprice-display-component---conditions--smartTable-header-inner\"]"}
COMMAND: POST /session/8710bc86126986cf02bb1d50a5f31e3a/elements - {"using":"xpath","value":"//span[@id=\"application-manageconditionprice-display-component---conditions--smartTable-header-inner\"]"}
RESULT: {"using":"xpath","value":"//span[@id=\"application-manageconditionprice-display-component---conditions--smartTable-header-inner\"]"}
COMMAND: POST /session/8710bc86126986cf02bb1d50a5f31e3a/execute/sync - {"script":"<script> [56 bytes]","args":[{"element-6066-11e4-a52e-4f735466cecf":"f.4F28C2583BB65896889CB8FD582548C6.d.AD85E3BDE3D04DCB17C0596F9973CBC9.e.8017","ELEMENT":"f.4F28C2583BB65896889CB8FD582548C6.d.AD85E3BDE3D04DCB17C0596F9973CBC9.e.8017"}]}
RESULT: {"script":"<script> [56 bytes]","args":[{"element-6066-11e4-a52e-4f735466cecf":"f.4F28C2583BB65896889CB8FD582548C6.d.AD85E3BDE3D04DCB17C0596F9973CBC9.e.8017","ELEMENT":"f.4F28C2583BB65896889CB8FD582548C6.d.AD85E3BDE3D04DCB17C0596F9973CBC9.e.8017"}]}
COMMAND: POST /session/8710bc86126986cf02bb1d50a5f31e3a/element - {"using":"css selector","value":"#shell-header-logo"}
COMMAND: GET /session/8710bc86126986cf02bb1d50a5f31e3a/screenshot - {}
RESULT: {"using":"css selector","value":"#shell-header-logo"}
COMMAND: POST /session/8710bc86126986cf02bb1d50a5f31e3a/element/f.4F28C2583BB65896889CB8FD582548C6.d.AD85E3BDE3D04DCB17C0596F9973CBC9.e.7649/click - {}
RESULT: {}
RESULT: {}
COMMAND: GET /session/8710bc86126986cf02bb1d50a5f31e3a/screenshot - {}
RESULT: {}
]]></system-out>
    </testcase>
    <testcase classname="chrome.136_0_7103_93.windows.Create_master_data_for_mixed_billing_&amp;_do_billing_calculation_US151661" name="Should add performance based condition" time="98.943">
      <system-out><![CDATA[
RESULT: undefined
COMMAND: POST /session/8710bc86126986cf02bb1d50a5f31e3a/element - {"using":"xpath","value":"//*[@id=\"__tile53\"]"}
RESULT: {"using":"xpath","value":"//*[@id=\"__tile53\"]"}
COMMAND: POST /session/8710bc86126986cf02bb1d50a5f31e3a/element/f.4F28C2583BB65896889CB8FD582548C6.d.AD85E3BDE3D04DCB17C0596F9973CBC9.e.4606/click - {}
RESULT: {}
COMMAND: GET /session/8710bc86126986cf02bb1d50a5f31e3a/screenshot - {}
RESULT: {}
COMMAND: POST /session/8710bc86126986cf02bb1d50a5f31e3a/elements - {"using":"xpath","value":"//span[text()='Error']"}
RESULT: {"using":"xpath","value":"//span[text()='Error']"}
COMMAND: POST /session/8710bc86126986cf02bb1d50a5f31e3a/element - {"using":"xpath","value":"//button[@aria-label=\"Create\"]"}
RESULT: {"using":"xpath","value":"//button[@aria-label=\"Create\"]"}
COMMAND: POST /session/8710bc86126986cf02bb1d50a5f31e3a/elements - {"using":"xpath","value":"//button[@aria-label=\"Create\"]"}
RESULT: {"using":"xpath","value":"//button[@aria-label=\"Create\"]"}
COMMAND: POST /session/8710bc86126986cf02bb1d50a5f31e3a/execute/sync - {"script":"<script> [8489 bytes]","args":[{"element-6066-11e4-a52e-4f735466cecf":"f.4F28C2583BB65896889CB8FD582548C6.d.AD85E3BDE3D04DCB17C0596F9973CBC9.e.8057","ELEMENT":"f.4F28C2583BB65896889CB8FD582548C6.d.AD85E3BDE3D04DCB17C0596F9973CBC9.e.8057"}]}
RESULT: {"script":"<script> [8489 bytes]","args":[{"element-6066-11e4-a52e-4f735466cecf":"f.4F28C2583BB65896889CB8FD582548C6.d.AD85E3BDE3D04DCB17C0596F9973CBC9.e.8057","ELEMENT":"f.4F28C2583BB65896889CB8FD582548C6.d.AD85E3BDE3D04DCB17C0596F9973CBC9.e.8057"}]}
COMMAND: GET /session/8710bc86126986cf02bb1d50a5f31e3a/element/f.4F28C2583BB65896889CB8FD582548C6.d.AD85E3BDE3D04DCB17C0596F9973CBC9.e.8057/enabled - {}
COMMAND: GET /session/8710bc86126986cf02bb1d50a5f31e3a/screenshot - {}
RESULT: {}
COMMAND: POST /session/8710bc86126986cf02bb1d50a5f31e3a/execute/sync - {"script":"<script> [8489 bytes]","args":[{"element-6066-11e4-a52e-4f735466cecf":"f.4F28C2583BB65896889CB8FD582548C6.d.AD85E3BDE3D04DCB17C0596F9973CBC9.e.8057","ELEMENT":"f.4F28C2583BB65896889CB8FD582548C6.d.AD85E3BDE3D04DCB17C0596F9973CBC9.e.8057"}]}
COMMAND: GET /session/8710bc86126986cf02bb1d50a5f31e3a/screenshot - {}
RESULT: {}
RESULT: {"script":"<script> [8489 bytes]","args":[{"element-6066-11e4-a52e-4f735466cecf":"f.4F28C2583BB65896889CB8FD582548C6.d.AD85E3BDE3D04DCB17C0596F9973CBC9.e.8057","ELEMENT":"f.4F28C2583BB65896889CB8FD582548C6.d.AD85E3BDE3D04DCB17C0596F9973CBC9.e.8057"}]}
COMMAND: POST /session/8710bc86126986cf02bb1d50a5f31e3a/execute/sync - {"script":"<script> [5351 bytes]","args":[{"element-6066-11e4-a52e-4f735466cecf":"f.4F28C2583BB65896889CB8FD582548C6.d.AD85E3BDE3D04DCB17C0596F9973CBC9.e.8057","ELEMENT":"f.4F28C2583BB65896889CB8FD582548C6.d.AD85E3BDE3D04DCB17C0596F9973CBC9.e.8057"}]}
COMMAND: GET /session/8710bc86126986cf02bb1d50a5f31e3a/screenshot - {}
RESULT: {}
RESULT: {"script":"<script> [5351 bytes]","args":[{"element-6066-11e4-a52e-4f735466cecf":"f.4F28C2583BB65896889CB8FD582548C6.d.AD85E3BDE3D04DCB17C0596F9973CBC9.e.8057","ELEMENT":"f.4F28C2583BB65896889CB8FD582548C6.d.AD85E3BDE3D04DCB17C0596F9973CBC9.e.8057"}]}
COMMAND: POST /session/8710bc86126986cf02bb1d50a5f31e3a/element/f.4F28C2583BB65896889CB8FD582548C6.d.AD85E3BDE3D04DCB17C0596F9973CBC9.e.8057/click - {}
COMMAND: GET /session/8710bc86126986cf02bb1d50a5f31e3a/screenshot - {}
RESULT: {}
RESULT: {}
COMMAND: GET /session/8710bc86126986cf02bb1d50a5f31e3a/screenshot - {}
RESULT: {}
RESULT: {}
COMMAND: POST /session/8710bc86126986cf02bb1d50a5f31e3a/actions - {"actions":[{"id":"action35","type":"key","parameters":{},"actions":[{"type":"keyDown","value":""},{"type":"pause","duration":10},{"type":"keyUp","value":""}]}]}
RESULT: {"actions":[{"id":"action35","type":"key","parameters":{},"actions":[{"type":"keyDown","value":""},{"type":"pause","duration":10},{"type":"keyUp","value":""}]}]}
COMMAND: GET /session/8710bc86126986cf02bb1d50a5f31e3a/screenshot - {}
RESULT: undefined
COMMAND: POST /session/8710bc86126986cf02bb1d50a5f31e3a/element - {"using":"xpath","value":"//*[@id=\"application-manageconditionprice-display-component---newCondition--condBillCond-arrow\"]"}
RESULT: {}
RESULT: {"using":"xpath","value":"//*[@id=\"application-manageconditionprice-display-component---newCondition--condBillCond-arrow\"]"}
COMMAND: POST /session/8710bc86126986cf02bb1d50a5f31e3a/element/f.4F28C2583BB65896889CB8FD582548C6.d.AD85E3BDE3D04DCB17C0596F9973CBC9.e.8535/click - {}
RESULT: {}
COMMAND: GET /session/8710bc86126986cf02bb1d50a5f31e3a/screenshot - {}
RESULT: {}
COMMAND: POST /session/8710bc86126986cf02bb1d50a5f31e3a/element - {"using":"xpath","value":"//li[.//span[contains(text(), \"PC06 - Performance Price - fuel\")]]"}
RESULT: {"using":"xpath","value":"//li[.//span[contains(text(), \"PC06 - Performance Price - fuel\")]]"}
COMMAND: POST /session/8710bc86126986cf02bb1d50a5f31e3a/element/f.4F28C2583BB65896889CB8FD582548C6.d.AD85E3BDE3D04DCB17C0596F9973CBC9.e.8538/click - {}
RESULT: {}
COMMAND: GET /session/8710bc86126986cf02bb1d50a5f31e3a/screenshot - {}
RESULT: {}
RESULT: undefined
COMMAND: POST /session/8710bc86126986cf02bb1d50a5f31e3a/execute/async - {"script":"<script> [776 bytes]","args":[{"enterText":"1/22/26","selector":{"id":"application-manageconditionprice-display-component---newCondition--condValidTo","interaction":{"idSuffix":"inner"}},"clearTextFirst":true,"interactionType":"ENTER_TEXT"}]}
RESULT: {"script":"<script> [776 bytes]","args":[{"enterText":"1/22/26","selector":{"id":"application-manageconditionprice-display-component---newCondition--condValidTo","interaction":{"idSuffix":"inner"}},"clearTextFirst":true,"interactionType":"ENTER_TEXT"}]}
COMMAND: POST /session/8710bc86126986cf02bb1d50a5f31e3a/element - {"using":"xpath","value":"//input[@id=\"application-manageconditionprice-display-component---newCondition--condRU-inner\"]"}
RESULT: {"using":"xpath","value":"//input[@id=\"application-manageconditionprice-display-component---newCondition--condRU-inner\"]"}
COMMAND: POST /session/8710bc86126986cf02bb1d50a5f31e3a/element/f.4F28C2583BB65896889CB8FD582548C6.d.AD85E3BDE3D04DCB17C0596F9973CBC9.e.8263/clear - {}
RESULT: {}
COMMAND: POST /session/8710bc86126986cf02bb1d50a5f31e3a/element/f.4F28C2583BB65896889CB8FD582548C6.d.AD85E3BDE3D04DCB17C0596F9973CBC9.e.8263/value - {"text":"83H8Tvok9B"}
COMMAND: GET /session/8710bc86126986cf02bb1d50a5f31e3a/screenshot - {}
RESULT: {"text":"83H8Tvok9B"}
COMMAND: GET /session/8710bc86126986cf02bb1d50a5f31e3a/screenshot - {}
RESULT: {}
RESULT: {}
COMMAND: POST /session/8710bc86126986cf02bb1d50a5f31e3a/actions - {"actions":[{"id":"action36","type":"key","parameters":{},"actions":[{"type":"keyDown","value":""},{"type":"pause","duration":10},{"type":"keyUp","value":""}]}]}
RESULT: {"actions":[{"id":"action36","type":"key","parameters":{},"actions":[{"type":"keyDown","value":""},{"type":"pause","duration":10},{"type":"keyUp","value":""}]}]}
RESULT: undefined
COMMAND: POST /session/8710bc86126986cf02bb1d50a5f31e3a/execute/async - {"script":"<script> [776 bytes]","args":[{"enterText":"1","selector":{"id":"application-manageconditionprice-display-component---newCondition--condBaseQty","interaction":{"idSuffix":"inner"}},"clearTextFirst":true,"interactionType":"ENTER_TEXT"}]}
COMMAND: GET /session/8710bc86126986cf02bb1d50a5f31e3a/screenshot - {}
RESULT: {"script":"<script> [776 bytes]","args":[{"enterText":"1","selector":{"id":"application-manageconditionprice-display-component---newCondition--condBaseQty","interaction":{"idSuffix":"inner"}},"clearTextFirst":true,"interactionType":"ENTER_TEXT"}]}
RESULT: undefined
COMMAND: POST /session/8710bc86126986cf02bb1d50a5f31e3a/execute/async - {"script":"<script> [776 bytes]","args":[{"enterText":"10","selector":{"id":"application-manageconditionprice-display-component---newCondition--condValue","interaction":{"idSuffix":"inner"}},"clearTextFirst":true,"interactionType":"ENTER_TEXT"}]}
RESULT: {}
RESULT: {"script":"<script> [776 bytes]","args":[{"enterText":"10","selector":{"id":"application-manageconditionprice-display-component---newCondition--condValue","interaction":{"idSuffix":"inner"}},"clearTextFirst":true,"interactionType":"ENTER_TEXT"}]}
RESULT: undefined
COMMAND: POST /session/8710bc86126986cf02bb1d50a5f31e3a/element - {"using":"xpath","value":"//*[@id=\"application-manageconditionprice-display-component---newCondition--condCurr-arrow\"]"}
RESULT: {"using":"xpath","value":"//*[@id=\"application-manageconditionprice-display-component---newCondition--condCurr-arrow\"]"}
COMMAND: POST /session/8710bc86126986cf02bb1d50a5f31e3a/element/f.4F28C2583BB65896889CB8FD582548C6.d.AD85E3BDE3D04DCB17C0596F9973CBC9.e.8506/click - {}
RESULT: {}
COMMAND: POST /session/8710bc86126986cf02bb1d50a5f31e3a/element - {"using":"xpath","value":"//span[contains(text(), \"Euro\")]"}
COMMAND: GET /session/8710bc86126986cf02bb1d50a5f31e3a/screenshot - {}
RESULT: {"using":"xpath","value":"//span[contains(text(), \"Euro\")]"}
COMMAND: POST /session/8710bc86126986cf02bb1d50a5f31e3a/element/f.4F28C2583BB65896889CB8FD582548C6.d.AD85E3BDE3D04DCB17C0596F9973CBC9.e.8571/click - {}
RESULT: {}
RESULT: {}
COMMAND: POST /session/8710bc86126986cf02bb1d50a5f31e3a/element - {"using":"xpath","value":"//button[@data-kt=\"saveButton\"]"}
COMMAND: GET /session/8710bc86126986cf02bb1d50a5f31e3a/screenshot - {}
RESULT: {"using":"xpath","value":"//button[@data-kt=\"saveButton\"]"}
COMMAND: POST /session/8710bc86126986cf02bb1d50a5f31e3a/element/f.4F28C2583BB65896889CB8FD582548C6.d.AD85E3BDE3D04DCB17C0596F9973CBC9.e.8507/click - {}
RESULT: {}
RESULT: {}
COMMAND: GET /session/8710bc86126986cf02bb1d50a5f31e3a/screenshot - {}
RESULT: {}
RESULT: undefined
COMMAND: POST /session/8710bc86126986cf02bb1d50a5f31e3a/execute/async - {"script":"<script> [776 bytes]","args":[{"enterText":"83H8Tvok9B","selector":{"id":"application-manageconditionprice-display-component---conditions--smartFilterBar-btnBasicSearch","interaction":{"idSuffix":"I"}},"clearTextFirst":true,"interactionType":"ENTER_TEXT"}]}
RESULT: {"script":"<script> [776 bytes]","args":[{"enterText":"83H8Tvok9B","selector":{"id":"application-manageconditionprice-display-component---conditions--smartFilterBar-btnBasicSearch","interaction":{"idSuffix":"I"}},"clearTextFirst":true,"interactionType":"ENTER_TEXT"}]}
COMMAND: POST /session/8710bc86126986cf02bb1d50a5f31e3a/actions - {"actions":[{"id":"action37","type":"key","parameters":{},"actions":[{"type":"keyDown","value":""},{"type":"pause","duration":10},{"type":"keyUp","value":""}]}]}
RESULT: {"actions":[{"id":"action37","type":"key","parameters":{},"actions":[{"type":"keyDown","value":""},{"type":"pause","duration":10},{"type":"keyUp","value":""}]}]}
COMMAND: GET /session/8710bc86126986cf02bb1d50a5f31e3a/screenshot - {}
RESULT: {}
RESULT: undefined
COMMAND: POST /session/8710bc86126986cf02bb1d50a5f31e3a/element - {"using":"xpath","value":"//*[@id=\"application-manageconditionprice-display-component---conditions--smartFilterBar-filterItemControl_BASIC-BILL_TYPES-vhi\"]"}
RESULT: {"using":"xpath","value":"//*[@id=\"application-manageconditionprice-display-component---conditions--smartFilterBar-filterItemControl_BASIC-BILL_TYPES-vhi\"]"}
COMMAND: POST /session/8710bc86126986cf02bb1d50a5f31e3a/element/f.4F28C2583BB65896889CB8FD582548C6.d.AD85E3BDE3D04DCB17C0596F9973CBC9.e.8827/click - {}
RESULT: {}
RESULT: undefined
COMMAND: POST /session/8710bc86126986cf02bb1d50a5f31e3a/execute/async - {"script":"<script> [776 bytes]","args":[{"enterText":"PB","selector":{"id":"application-manageconditionprice-display-component---conditions--smartFilterBar-filterItemControl_BASIC-BILL_TYPES-valueHelpDialog-smartFilterBar-btnBasicSearch","searchOpenDialogs":true,"interaction":{"idSuffix":"I"}},"clearTextFirst":true,"interactionType":"ENTER_TEXT"}]}
COMMAND: GET /session/8710bc86126986cf02bb1d50a5f31e3a/screenshot - {}
RESULT: {"script":"<script> [776 bytes]","args":[{"enterText":"PB","selector":{"id":"application-manageconditionprice-display-component---conditions--smartFilterBar-filterItemControl_BASIC-BILL_TYPES-valueHelpDialog-smartFilterBar-btnBasicSearch","searchOpenDialogs":true,"interaction":{"idSuffix":"I"}},"clearTextFirst":true,"interactionType":"ENTER_TEXT"}]}
COMMAND: POST /session/8710bc86126986cf02bb1d50a5f31e3a/actions - {"actions":[{"id":"action38","type":"key","parameters":{},"actions":[{"type":"keyDown","value":""},{"type":"pause","duration":10},{"type":"keyUp","value":""}]}]}
RESULT: {}
RESULT: {"actions":[{"id":"action38","type":"key","parameters":{},"actions":[{"type":"keyDown","value":""},{"type":"pause","duration":10},{"type":"keyUp","value":""}]}]}
COMMAND: GET /session/8710bc86126986cf02bb1d50a5f31e3a/screenshot - {}
RESULT: {}
COMMAND: POST /session/8710bc86126986cf02bb1d50a5f31e3a/element - {"using":"xpath","value":"//div[contains(@id, 'application-manageconditionprice-display-component---conditions--smartFilterBar-filterItemControl_BASIC-BILL_TYPES-valueHelpDialog-table-rowsel0')]"}
RESULT: {"using":"xpath","value":"//div[contains(@id, 'application-manageconditionprice-display-component---conditions--smartFilterBar-filterItemControl_BASIC-BILL_TYPES-valueHelpDialog-table-rowsel0')]"}
COMMAND: POST /session/8710bc86126986cf02bb1d50a5f31e3a/element/f.4F28C2583BB65896889CB8FD582548C6.d.AD85E3BDE3D04DCB17C0596F9973CBC9.e.8836/click - {}
RESULT: {}
COMMAND: GET /session/8710bc86126986cf02bb1d50a5f31e3a/screenshot - {}
RESULT: {}
COMMAND: POST /session/8710bc86126986cf02bb1d50a5f31e3a/element - {"using":"xpath","value":"//bdi[contains(text(), \"OK\")]"}
RESULT: {"using":"xpath","value":"//bdi[contains(text(), \"OK\")]"}
COMMAND: POST /session/8710bc86126986cf02bb1d50a5f31e3a/element/f.4F28C2583BB65896889CB8FD582548C6.d.AD85E3BDE3D04DCB17C0596F9973CBC9.e.8838/click - {}
RESULT: {}
COMMAND: GET /session/8710bc86126986cf02bb1d50a5f31e3a/screenshot - {}
RESULT: {}
COMMAND: POST /session/8710bc86126986cf02bb1d50a5f31e3a/element - {"using":"xpath","value":"//span[@id=\"application-manageconditionprice-display-component---conditions--smartTable-header-inner\"]"}
RESULT: {"using":"xpath","value":"//span[@id=\"application-manageconditionprice-display-component---conditions--smartTable-header-inner\"]"}
COMMAND: POST /session/8710bc86126986cf02bb1d50a5f31e3a/elements - {"using":"xpath","value":"//span[@id=\"application-manageconditionprice-display-component---conditions--smartTable-header-inner\"]"}
RESULT: {"using":"xpath","value":"//span[@id=\"application-manageconditionprice-display-component---conditions--smartTable-header-inner\"]"}
COMMAND: POST /session/8710bc86126986cf02bb1d50a5f31e3a/execute/sync - {"script":"<script> [56 bytes]","args":[{"element-6066-11e4-a52e-4f735466cecf":"f.4F28C2583BB65896889CB8FD582548C6.d.AD85E3BDE3D04DCB17C0596F9973CBC9.e.8841","ELEMENT":"f.4F28C2583BB65896889CB8FD582548C6.d.AD85E3BDE3D04DCB17C0596F9973CBC9.e.8841"}]}
RESULT: {"script":"<script> [56 bytes]","args":[{"element-6066-11e4-a52e-4f735466cecf":"f.4F28C2583BB65896889CB8FD582548C6.d.AD85E3BDE3D04DCB17C0596F9973CBC9.e.8841","ELEMENT":"f.4F28C2583BB65896889CB8FD582548C6.d.AD85E3BDE3D04DCB17C0596F9973CBC9.e.8841"}]}
COMMAND: POST /session/8710bc86126986cf02bb1d50a5f31e3a/element - {"using":"css selector","value":"#shell-header-logo"}
COMMAND: GET /session/8710bc86126986cf02bb1d50a5f31e3a/screenshot - {}
RESULT: {"using":"css selector","value":"#shell-header-logo"}
COMMAND: POST /session/8710bc86126986cf02bb1d50a5f31e3a/element/f.4F28C2583BB65896889CB8FD582548C6.d.AD85E3BDE3D04DCB17C0596F9973CBC9.e.8025/click - {}
RESULT: {}
RESULT: {}
COMMAND: GET /session/8710bc86126986cf02bb1d50a5f31e3a/screenshot - {}
RESULT: {}
]]></system-out>
    </testcase>
    <testcase classname="chrome.136_0_7103_93.windows.Create_master_data_for_mixed_billing_&amp;_do_billing_calculation_US151661" name="Should add time based condition" time="73.979">
      <system-out><![CDATA[
RESULT: undefined
COMMAND: POST /session/8710bc86126986cf02bb1d50a5f31e3a/element - {"using":"xpath","value":"//*[@id=\"__tile53\"]"}
RESULT: {"using":"xpath","value":"//*[@id=\"__tile53\"]"}
COMMAND: POST /session/8710bc86126986cf02bb1d50a5f31e3a/element/f.4F28C2583BB65896889CB8FD582548C6.d.AD85E3BDE3D04DCB17C0596F9973CBC9.e.4606/click - {}
RESULT: {}
COMMAND: GET /session/8710bc86126986cf02bb1d50a5f31e3a/screenshot - {}
RESULT: {}
COMMAND: POST /session/8710bc86126986cf02bb1d50a5f31e3a/elements - {"using":"xpath","value":"//span[text()='Error']"}
RESULT: {"using":"xpath","value":"//span[text()='Error']"}
COMMAND: POST /session/8710bc86126986cf02bb1d50a5f31e3a/element - {"using":"xpath","value":"//button[@aria-label=\"Create\"]"}
RESULT: {"using":"xpath","value":"//button[@aria-label=\"Create\"]"}
COMMAND: POST /session/8710bc86126986cf02bb1d50a5f31e3a/elements - {"using":"xpath","value":"//button[@aria-label=\"Create\"]"}
RESULT: {"using":"xpath","value":"//button[@aria-label=\"Create\"]"}
COMMAND: POST /session/8710bc86126986cf02bb1d50a5f31e3a/execute/sync - {"script":"<script> [8489 bytes]","args":[{"element-6066-11e4-a52e-4f735466cecf":"f.4F28C2583BB65896889CB8FD582548C6.d.AD85E3BDE3D04DCB17C0596F9973CBC9.e.8880","ELEMENT":"f.4F28C2583BB65896889CB8FD582548C6.d.AD85E3BDE3D04DCB17C0596F9973CBC9.e.8880"}]}
RESULT: {"script":"<script> [8489 bytes]","args":[{"element-6066-11e4-a52e-4f735466cecf":"f.4F28C2583BB65896889CB8FD582548C6.d.AD85E3BDE3D04DCB17C0596F9973CBC9.e.8880","ELEMENT":"f.4F28C2583BB65896889CB8FD582548C6.d.AD85E3BDE3D04DCB17C0596F9973CBC9.e.8880"}]}
COMMAND: GET /session/8710bc86126986cf02bb1d50a5f31e3a/element/f.4F28C2583BB65896889CB8FD582548C6.d.AD85E3BDE3D04DCB17C0596F9973CBC9.e.8880/enabled - {}
COMMAND: GET /session/8710bc86126986cf02bb1d50a5f31e3a/screenshot - {}
RESULT: {}
COMMAND: POST /session/8710bc86126986cf02bb1d50a5f31e3a/execute/sync - {"script":"<script> [8489 bytes]","args":[{"element-6066-11e4-a52e-4f735466cecf":"f.4F28C2583BB65896889CB8FD582548C6.d.AD85E3BDE3D04DCB17C0596F9973CBC9.e.8880","ELEMENT":"f.4F28C2583BB65896889CB8FD582548C6.d.AD85E3BDE3D04DCB17C0596F9973CBC9.e.8880"}]}
COMMAND: GET /session/8710bc86126986cf02bb1d50a5f31e3a/screenshot - {}
RESULT: {}
RESULT: {"script":"<script> [8489 bytes]","args":[{"element-6066-11e4-a52e-4f735466cecf":"f.4F28C2583BB65896889CB8FD582548C6.d.AD85E3BDE3D04DCB17C0596F9973CBC9.e.8880","ELEMENT":"f.4F28C2583BB65896889CB8FD582548C6.d.AD85E3BDE3D04DCB17C0596F9973CBC9.e.8880"}]}
COMMAND: POST /session/8710bc86126986cf02bb1d50a5f31e3a/execute/sync - {"script":"<script> [5351 bytes]","args":[{"element-6066-11e4-a52e-4f735466cecf":"f.4F28C2583BB65896889CB8FD582548C6.d.AD85E3BDE3D04DCB17C0596F9973CBC9.e.8880","ELEMENT":"f.4F28C2583BB65896889CB8FD582548C6.d.AD85E3BDE3D04DCB17C0596F9973CBC9.e.8880"}]}
COMMAND: GET /session/8710bc86126986cf02bb1d50a5f31e3a/screenshot - {}
RESULT: {}
RESULT: {"script":"<script> [5351 bytes]","args":[{"element-6066-11e4-a52e-4f735466cecf":"f.4F28C2583BB65896889CB8FD582548C6.d.AD85E3BDE3D04DCB17C0596F9973CBC9.e.8880","ELEMENT":"f.4F28C2583BB65896889CB8FD582548C6.d.AD85E3BDE3D04DCB17C0596F9973CBC9.e.8880"}]}
COMMAND: POST /session/8710bc86126986cf02bb1d50a5f31e3a/element/f.4F28C2583BB65896889CB8FD582548C6.d.AD85E3BDE3D04DCB17C0596F9973CBC9.e.8880/click - {}
COMMAND: GET /session/8710bc86126986cf02bb1d50a5f31e3a/screenshot - {}
RESULT: {}
RESULT: {}
COMMAND: GET /session/8710bc86126986cf02bb1d50a5f31e3a/screenshot - {}
RESULT: {}
RESULT: {}
COMMAND: POST /session/8710bc86126986cf02bb1d50a5f31e3a/actions - {"actions":[{"id":"action39","type":"key","parameters":{},"actions":[{"type":"keyDown","value":""},{"type":"pause","duration":10},{"type":"keyUp","value":""}]}]}
RESULT: {"actions":[{"id":"action39","type":"key","parameters":{},"actions":[{"type":"keyDown","value":""},{"type":"pause","duration":10},{"type":"keyUp","value":""}]}]}
COMMAND: GET /session/8710bc86126986cf02bb1d50a5f31e3a/screenshot - {}
RESULT: {}
RESULT: undefined
COMMAND: POST /session/8710bc86126986cf02bb1d50a5f31e3a/element - {"using":"xpath","value":"//*[@id=\"application-manageconditionprice-display-component---newCondition--condBillCond-arrow\"]"}
RESULT: {"using":"xpath","value":"//*[@id=\"application-manageconditionprice-display-component---newCondition--condBillCond-arrow\"]"}
COMMAND: POST /session/8710bc86126986cf02bb1d50a5f31e3a/element/f.4F28C2583BB65896889CB8FD582548C6.d.AD85E3BDE3D04DCB17C0596F9973CBC9.e.9355/click - {}
RESULT: {}
COMMAND: GET /session/8710bc86126986cf02bb1d50a5f31e3a/screenshot - {}
RESULT: {}
COMMAND: POST /session/8710bc86126986cf02bb1d50a5f31e3a/element - {"using":"xpath","value":"//li[.//span[contains(text(), \"DISP - D&I special price\")]]"}
RESULT: {"using":"xpath","value":"//li[.//span[contains(text(), \"DISP - D&I special price\")]]"}
COMMAND: POST /session/8710bc86126986cf02bb1d50a5f31e3a/element/f.4F28C2583BB65896889CB8FD582548C6.d.AD85E3BDE3D04DCB17C0596F9973CBC9.e.9358/click - {}
RESULT: {}
COMMAND: GET /session/8710bc86126986cf02bb1d50a5f31e3a/screenshot - {}
RESULT: {}
RESULT: undefined
COMMAND: POST /session/8710bc86126986cf02bb1d50a5f31e3a/execute/async - {"script":"<script> [776 bytes]","args":[{"enterText":"1/22/26","selector":{"id":"application-manageconditionprice-display-component---newCondition--condValidTo","interaction":{"idSuffix":"inner"}},"clearTextFirst":true,"interactionType":"ENTER_TEXT"}]}
RESULT: {"script":"<script> [776 bytes]","args":[{"enterText":"1/22/26","selector":{"id":"application-manageconditionprice-display-component---newCondition--condValidTo","interaction":{"idSuffix":"inner"}},"clearTextFirst":true,"interactionType":"ENTER_TEXT"}]}
COMMAND: POST /session/8710bc86126986cf02bb1d50a5f31e3a/element - {"using":"xpath","value":"//input[@id=\"application-manageconditionprice-display-component---newCondition--condRU-inner\"]"}
RESULT: {"using":"xpath","value":"//input[@id=\"application-manageconditionprice-display-component---newCondition--condRU-inner\"]"}
COMMAND: POST /session/8710bc86126986cf02bb1d50a5f31e3a/element/f.4F28C2583BB65896889CB8FD582548C6.d.AD85E3BDE3D04DCB17C0596F9973CBC9.e.9078/clear - {}
RESULT: {}
COMMAND: POST /session/8710bc86126986cf02bb1d50a5f31e3a/element/f.4F28C2583BB65896889CB8FD582548C6.d.AD85E3BDE3D04DCB17C0596F9973CBC9.e.9078/value - {"text":"83H8Tvok9B"}
COMMAND: GET /session/8710bc86126986cf02bb1d50a5f31e3a/screenshot - {}
RESULT: {"text":"83H8Tvok9B"}
COMMAND: GET /session/8710bc86126986cf02bb1d50a5f31e3a/screenshot - {}
RESULT: {}
RESULT: {}
COMMAND: POST /session/8710bc86126986cf02bb1d50a5f31e3a/actions - {"actions":[{"id":"action40","type":"key","parameters":{},"actions":[{"type":"keyDown","value":""},{"type":"pause","duration":10},{"type":"keyUp","value":""}]}]}
RESULT: {"actions":[{"id":"action40","type":"key","parameters":{},"actions":[{"type":"keyDown","value":""},{"type":"pause","duration":10},{"type":"keyUp","value":""}]}]}
RESULT: undefined
COMMAND: POST /session/8710bc86126986cf02bb1d50a5f31e3a/execute/async - {"script":"<script> [776 bytes]","args":[{"enterText":"1","selector":{"id":"application-manageconditionprice-display-component---newCondition--condBaseQty","interaction":{"idSuffix":"inner"}},"clearTextFirst":true,"interactionType":"ENTER_TEXT"}]}
COMMAND: GET /session/8710bc86126986cf02bb1d50a5f31e3a/screenshot - {}
RESULT: {"script":"<script> [776 bytes]","args":[{"enterText":"1","selector":{"id":"application-manageconditionprice-display-component---newCondition--condBaseQty","interaction":{"idSuffix":"inner"}},"clearTextFirst":true,"interactionType":"ENTER_TEXT"}]}
RESULT: undefined
COMMAND: POST /session/8710bc86126986cf02bb1d50a5f31e3a/execute/async - {"script":"<script> [776 bytes]","args":[{"enterText":"100","selector":{"id":"application-manageconditionprice-display-component---newCondition--condValue","interaction":{"idSuffix":"inner"}},"clearTextFirst":true,"interactionType":"ENTER_TEXT"}]}
RESULT: {}
RESULT: {"script":"<script> [776 bytes]","args":[{"enterText":"100","selector":{"id":"application-manageconditionprice-display-component---newCondition--condValue","interaction":{"idSuffix":"inner"}},"clearTextFirst":true,"interactionType":"ENTER_TEXT"}]}
RESULT: undefined
COMMAND: POST /session/8710bc86126986cf02bb1d50a5f31e3a/element - {"using":"xpath","value":"//*[@id=\"application-manageconditionprice-display-component---newCondition--condCurr-arrow\"]"}
RESULT: {"using":"xpath","value":"//*[@id=\"application-manageconditionprice-display-component---newCondition--condCurr-arrow\"]"}
COMMAND: POST /session/8710bc86126986cf02bb1d50a5f31e3a/element/f.4F28C2583BB65896889CB8FD582548C6.d.AD85E3BDE3D04DCB17C0596F9973CBC9.e.9301/click - {}
RESULT: {}
COMMAND: POST /session/8710bc86126986cf02bb1d50a5f31e3a/element - {"using":"xpath","value":"//span[contains(text(), \"Euro\")]"}
COMMAND: GET /session/8710bc86126986cf02bb1d50a5f31e3a/screenshot - {}
RESULT: {"using":"xpath","value":"//span[contains(text(), \"Euro\")]"}
COMMAND: POST /session/8710bc86126986cf02bb1d50a5f31e3a/element/f.4F28C2583BB65896889CB8FD582548C6.d.AD85E3BDE3D04DCB17C0596F9973CBC9.e.9394/click - {}
RESULT: {}
RESULT: {}
COMMAND: POST /session/8710bc86126986cf02bb1d50a5f31e3a/element - {"using":"xpath","value":"//button[@data-kt=\"saveButton\"]"}
COMMAND: GET /session/8710bc86126986cf02bb1d50a5f31e3a/screenshot - {}
RESULT: {"using":"xpath","value":"//button[@data-kt=\"saveButton\"]"}
COMMAND: POST /session/8710bc86126986cf02bb1d50a5f31e3a/element/f.4F28C2583BB65896889CB8FD582548C6.d.AD85E3BDE3D04DCB17C0596F9973CBC9.e.9302/click - {}
RESULT: {}
RESULT: {}
COMMAND: GET /session/8710bc86126986cf02bb1d50a5f31e3a/screenshot - {}
RESULT: {}
RESULT: undefined
COMMAND: POST /session/8710bc86126986cf02bb1d50a5f31e3a/execute/async - {"script":"<script> [776 bytes]","args":[{"enterText":"83H8Tvok9B","selector":{"id":"application-manageconditionprice-display-component---conditions--smartFilterBar-btnBasicSearch","interaction":{"idSuffix":"I"}},"clearTextFirst":true,"interactionType":"ENTER_TEXT"}]}
RESULT: {"script":"<script> [776 bytes]","args":[{"enterText":"83H8Tvok9B","selector":{"id":"application-manageconditionprice-display-component---conditions--smartFilterBar-btnBasicSearch","interaction":{"idSuffix":"I"}},"clearTextFirst":true,"interactionType":"ENTER_TEXT"}]}
COMMAND: POST /session/8710bc86126986cf02bb1d50a5f31e3a/actions - {"actions":[{"id":"action41","type":"key","parameters":{},"actions":[{"type":"keyDown","value":""},{"type":"pause","duration":10},{"type":"keyUp","value":""}]}]}
RESULT: {"actions":[{"id":"action41","type":"key","parameters":{},"actions":[{"type":"keyDown","value":""},{"type":"pause","duration":10},{"type":"keyUp","value":""}]}]}
COMMAND: GET /session/8710bc86126986cf02bb1d50a5f31e3a/screenshot - {}
RESULT: {}
RESULT: undefined
COMMAND: POST /session/8710bc86126986cf02bb1d50a5f31e3a/element - {"using":"xpath","value":"//*[@id=\"application-manageconditionprice-display-component---conditions--smartFilterBar-filterItemControl_BASIC-BILL_TYPES-vhi\"]"}
RESULT: {"using":"xpath","value":"//*[@id=\"application-manageconditionprice-display-component---conditions--smartFilterBar-filterItemControl_BASIC-BILL_TYPES-vhi\"]"}
COMMAND: POST /session/8710bc86126986cf02bb1d50a5f31e3a/element/f.4F28C2583BB65896889CB8FD582548C6.d.AD85E3BDE3D04DCB17C0596F9973CBC9.e.9625/click - {}
RESULT: {}
RESULT: undefined
COMMAND: POST /session/8710bc86126986cf02bb1d50a5f31e3a/execute/async - {"script":"<script> [776 bytes]","args":[{"enterText":"TB","selector":{"id":"application-manageconditionprice-display-component---conditions--smartFilterBar-filterItemControl_BASIC-BILL_TYPES-valueHelpDialog-smartFilterBar-btnBasicSearch","searchOpenDialogs":true,"interaction":{"idSuffix":"I"}},"clearTextFirst":true,"interactionType":"ENTER_TEXT"}]}
COMMAND: GET /session/8710bc86126986cf02bb1d50a5f31e3a/screenshot - {}
RESULT: {"script":"<script> [776 bytes]","args":[{"enterText":"TB","selector":{"id":"application-manageconditionprice-display-component---conditions--smartFilterBar-filterItemControl_BASIC-BILL_TYPES-valueHelpDialog-smartFilterBar-btnBasicSearch","searchOpenDialogs":true,"interaction":{"idSuffix":"I"}},"clearTextFirst":true,"interactionType":"ENTER_TEXT"}]}
COMMAND: POST /session/8710bc86126986cf02bb1d50a5f31e3a/actions - {"actions":[{"id":"action42","type":"key","parameters":{},"actions":[{"type":"keyDown","value":""},{"type":"pause","duration":10},{"type":"keyUp","value":""}]}]}
RESULT: {}
RESULT: {"actions":[{"id":"action42","type":"key","parameters":{},"actions":[{"type":"keyDown","value":""},{"type":"pause","duration":10},{"type":"keyUp","value":""}]}]}
COMMAND: GET /session/8710bc86126986cf02bb1d50a5f31e3a/screenshot - {}
RESULT: {}
COMMAND: POST /session/8710bc86126986cf02bb1d50a5f31e3a/element - {"using":"xpath","value":"//div[contains(@id, 'application-manageconditionprice-display-component---conditions--smartFilterBar-filterItemControl_BASIC-BILL_TYPES-valueHelpDialog-table-rowsel0')]"}
RESULT: {"using":"xpath","value":"//div[contains(@id, 'application-manageconditionprice-display-component---conditions--smartFilterBar-filterItemControl_BASIC-BILL_TYPES-valueHelpDialog-table-rowsel0')]"}
COMMAND: POST /session/8710bc86126986cf02bb1d50a5f31e3a/element/f.4F28C2583BB65896889CB8FD582548C6.d.AD85E3BDE3D04DCB17C0596F9973CBC9.e.9635/click - {}
RESULT: {}
COMMAND: GET /session/8710bc86126986cf02bb1d50a5f31e3a/screenshot - {}
RESULT: {}
COMMAND: POST /session/8710bc86126986cf02bb1d50a5f31e3a/element - {"using":"xpath","value":"//bdi[contains(text(), \"OK\")]"}
RESULT: {"using":"xpath","value":"//bdi[contains(text(), \"OK\")]"}
COMMAND: POST /session/8710bc86126986cf02bb1d50a5f31e3a/element/f.4F28C2583BB65896889CB8FD582548C6.d.AD85E3BDE3D04DCB17C0596F9973CBC9.e.9637/click - {}
RESULT: {}
COMMAND: GET /session/8710bc86126986cf02bb1d50a5f31e3a/screenshot - {}
RESULT: {}
COMMAND: POST /session/8710bc86126986cf02bb1d50a5f31e3a/element - {"using":"xpath","value":"//span[@id=\"application-manageconditionprice-display-component---conditions--smartTable-header-inner\"]"}
RESULT: {"using":"xpath","value":"//span[@id=\"application-manageconditionprice-display-component---conditions--smartTable-header-inner\"]"}
COMMAND: POST /session/8710bc86126986cf02bb1d50a5f31e3a/elements - {"using":"xpath","value":"//span[@id=\"application-manageconditionprice-display-component---conditions--smartTable-header-inner\"]"}
RESULT: {"using":"xpath","value":"//span[@id=\"application-manageconditionprice-display-component---conditions--smartTable-header-inner\"]"}
COMMAND: POST /session/8710bc86126986cf02bb1d50a5f31e3a/execute/sync - {"script":"<script> [56 bytes]","args":[{"element-6066-11e4-a52e-4f735466cecf":"f.4F28C2583BB65896889CB8FD582548C6.d.AD85E3BDE3D04DCB17C0596F9973CBC9.e.9673","ELEMENT":"f.4F28C2583BB65896889CB8FD582548C6.d.AD85E3BDE3D04DCB17C0596F9973CBC9.e.9673"}]}
RESULT: {"script":"<script> [56 bytes]","args":[{"element-6066-11e4-a52e-4f735466cecf":"f.4F28C2583BB65896889CB8FD582548C6.d.AD85E3BDE3D04DCB17C0596F9973CBC9.e.9673","ELEMENT":"f.4F28C2583BB65896889CB8FD582548C6.d.AD85E3BDE3D04DCB17C0596F9973CBC9.e.9673"}]}
COMMAND: POST /session/8710bc86126986cf02bb1d50a5f31e3a/element - {"using":"css selector","value":"#shell-header-logo"}
COMMAND: GET /session/8710bc86126986cf02bb1d50a5f31e3a/screenshot - {}
RESULT: {"using":"css selector","value":"#shell-header-logo"}
COMMAND: POST /session/8710bc86126986cf02bb1d50a5f31e3a/element/f.4F28C2583BB65896889CB8FD582548C6.d.AD85E3BDE3D04DCB17C0596F9973CBC9.e.8847/click - {}
RESULT: {}
RESULT: {}
COMMAND: GET /session/8710bc86126986cf02bb1d50a5f31e3a/screenshot - {}
RESULT: {}
]]></system-out>
    </testcase>
    <testcase classname="chrome.136_0_7103_93.windows.Create_master_data_for_mixed_billing_&amp;_do_billing_calculation_US151661" name="Should do a stock increase handover" time="97.319">
      <system-out><![CDATA[
COMMAND: POST /session/8710bc86126986cf02bb1d50a5f31e3a/execute/async - {"script":"<script> [1562 bytes]","args":[{"selector":{"controlType":"sap.m.GenericTile","properties":{"header":"Manage Handovers"}},"wdio_ui5_key":"sapm.GenericTile{\"header\":\"Manage Handovers\"}"}]}
RESULT: {"script":"<script> [1562 bytes]","args":[{"selector":{"controlType":"sap.m.GenericTile","properties":{"header":"Manage Handovers"}},"wdio_ui5_key":"sapm.GenericTile{\"header\":\"Manage Handovers\"}"}]}
RESULT: undefined
COMMAND: POST /session/8710bc86126986cf02bb1d50a5f31e3a/element - {"using":"xpath","value":"//*[@id=\"__tile133\"]"}
RESULT: {"using":"xpath","value":"//*[@id=\"__tile133\"]"}
COMMAND: POST /session/8710bc86126986cf02bb1d50a5f31e3a/element/f.4F28C2583BB65896889CB8FD582548C6.d.AD85E3BDE3D04DCB17C0596F9973CBC9.e.4641/click - {}
RESULT: {}
COMMAND: GET /session/8710bc86126986cf02bb1d50a5f31e3a/screenshot - {}
RESULT: {}
COMMAND: POST /session/8710bc86126986cf02bb1d50a5f31e3a/elements - {"using":"xpath","value":"//span[text()='Error']"}
RESULT: {"using":"xpath","value":"//span[text()='Error']"}
COMMAND: POST /session/8710bc86126986cf02bb1d50a5f31e3a/element - {"using":"xpath","value":"//button[@data-kt=\"masterHOAddButton\"]"}
RESULT: {"using":"xpath","value":"//button[@data-kt=\"masterHOAddButton\"]"}
COMMAND: POST /session/8710bc86126986cf02bb1d50a5f31e3a/elements - {"using":"xpath","value":"//button[@data-kt=\"masterHOAddButton\"]"}
RESULT: {"using":"xpath","value":"//button[@data-kt=\"masterHOAddButton\"]"}
COMMAND: POST /session/8710bc86126986cf02bb1d50a5f31e3a/elements - {"using":"xpath","value":"//button[@data-kt=\"masterHOAddButton\"]"}
RESULT: {"using":"xpath","value":"//button[@data-kt=\"masterHOAddButton\"]"}
COMMAND: POST /session/8710bc86126986cf02bb1d50a5f31e3a/element - {"using":"xpath","value":"//button[@data-kt=\"masterHOAddButton\"]"}
RESULT: {"using":"xpath","value":"//button[@data-kt=\"masterHOAddButton\"]"}
COMMAND: POST /session/8710bc86126986cf02bb1d50a5f31e3a/execute/sync - {"script":"<script> [8489 bytes]","args":[{"element-6066-11e4-a52e-4f735466cecf":"f.4F28C2583BB65896889CB8FD582548C6.d.AD85E3BDE3D04DCB17C0596F9973CBC9.e.9705","ELEMENT":"f.4F28C2583BB65896889CB8FD582548C6.d.AD85E3BDE3D04DCB17C0596F9973CBC9.e.9705"}]}
RESULT: {"script":"<script> [8489 bytes]","args":[{"element-6066-11e4-a52e-4f735466cecf":"f.4F28C2583BB65896889CB8FD582548C6.d.AD85E3BDE3D04DCB17C0596F9973CBC9.e.9705","ELEMENT":"f.4F28C2583BB65896889CB8FD582548C6.d.AD85E3BDE3D04DCB17C0596F9973CBC9.e.9705"}]}
COMMAND: GET /session/8710bc86126986cf02bb1d50a5f31e3a/element/f.4F28C2583BB65896889CB8FD582548C6.d.AD85E3BDE3D04DCB17C0596F9973CBC9.e.9705/enabled - {}
COMMAND: GET /session/8710bc86126986cf02bb1d50a5f31e3a/screenshot - {}
RESULT: {}
COMMAND: POST /session/8710bc86126986cf02bb1d50a5f31e3a/execute/sync - {"script":"<script> [8489 bytes]","args":[{"element-6066-11e4-a52e-4f735466cecf":"f.4F28C2583BB65896889CB8FD582548C6.d.AD85E3BDE3D04DCB17C0596F9973CBC9.e.9705","ELEMENT":"f.4F28C2583BB65896889CB8FD582548C6.d.AD85E3BDE3D04DCB17C0596F9973CBC9.e.9705"}]}
COMMAND: GET /session/8710bc86126986cf02bb1d50a5f31e3a/screenshot - {}
RESULT: {}
RESULT: {"script":"<script> [8489 bytes]","args":[{"element-6066-11e4-a52e-4f735466cecf":"f.4F28C2583BB65896889CB8FD582548C6.d.AD85E3BDE3D04DCB17C0596F9973CBC9.e.9705","ELEMENT":"f.4F28C2583BB65896889CB8FD582548C6.d.AD85E3BDE3D04DCB17C0596F9973CBC9.e.9705"}]}
COMMAND: POST /session/8710bc86126986cf02bb1d50a5f31e3a/execute/sync - {"script":"<script> [5351 bytes]","args":[{"element-6066-11e4-a52e-4f735466cecf":"f.4F28C2583BB65896889CB8FD582548C6.d.AD85E3BDE3D04DCB17C0596F9973CBC9.e.9705","ELEMENT":"f.4F28C2583BB65896889CB8FD582548C6.d.AD85E3BDE3D04DCB17C0596F9973CBC9.e.9705"}]}
COMMAND: GET /session/8710bc86126986cf02bb1d50a5f31e3a/screenshot - {}
RESULT: {}
RESULT: {"script":"<script> [5351 bytes]","args":[{"element-6066-11e4-a52e-4f735466cecf":"f.4F28C2583BB65896889CB8FD582548C6.d.AD85E3BDE3D04DCB17C0596F9973CBC9.e.9705","ELEMENT":"f.4F28C2583BB65896889CB8FD582548C6.d.AD85E3BDE3D04DCB17C0596F9973CBC9.e.9705"}]}
COMMAND: POST /session/8710bc86126986cf02bb1d50a5f31e3a/element/f.4F28C2583BB65896889CB8FD582548C6.d.AD85E3BDE3D04DCB17C0596F9973CBC9.e.9705/click - {}
COMMAND: GET /session/8710bc86126986cf02bb1d50a5f31e3a/screenshot - {}
RESULT: {}
RESULT: {}
COMMAND: GET /session/8710bc86126986cf02bb1d50a5f31e3a/screenshot - {}
RESULT: {}
COMMAND: POST /session/8710bc86126986cf02bb1d50a5f31e3a/element - {"using":"xpath","value":"//span[contains(@id ,\"AddNewHO--typeSelect-arrow\")]"}
RESULT: {}
RESULT: {"using":"xpath","value":"//span[contains(@id ,\"AddNewHO--typeSelect-arrow\")]"}
COMMAND: POST /session/8710bc86126986cf02bb1d50a5f31e3a/element/f.4F28C2583BB65896889CB8FD582548C6.d.AD85E3BDE3D04DCB17C0596F9973CBC9.e.10066/click - {}
RESULT: {}
COMMAND: GET /session/8710bc86126986cf02bb1d50a5f31e3a/screenshot - {}
RESULT: {}
COMMAND: POST /session/8710bc86126986cf02bb1d50a5f31e3a/element - {"using":"xpath","value":"(//li[contains(text(), \"stock increase yard\")])[1]"}
RESULT: {"using":"xpath","value":"(//li[contains(text(), \"stock increase yard\")])[1]"}
COMMAND: POST /session/8710bc86126986cf02bb1d50a5f31e3a/element/f.4F28C2583BB65896889CB8FD582548C6.d.AD85E3BDE3D04DCB17C0596F9973CBC9.e.10067/click - {}
RESULT: {}
COMMAND: GET /session/8710bc86126986cf02bb1d50a5f31e3a/screenshot - {}
RESULT: {}
COMMAND: POST /session/8710bc86126986cf02bb1d50a5f31e3a/execute/async - {"script":"<script> [1562 bytes]","args":[{"selector":{"id":"application-managehandovers-display-component---AddNewHO--dueDate","interaction":{"idSuffix":"inner"}},"wdio_ui5_key":"applicationmanagehandovers-display-component---AddNewHO--dueDate"}]}
RESULT: {"script":"<script> [1562 bytes]","args":[{"selector":{"id":"application-managehandovers-display-component---AddNewHO--dueDate","interaction":{"idSuffix":"inner"}},"wdio_ui5_key":"applicationmanagehandovers-display-component---AddNewHO--dueDate"}]}
RESULT: undefined
COMMAND: POST /session/8710bc86126986cf02bb1d50a5f31e3a/execute/async - {"script":"<script> [6424 bytes]","args":[{"element-6066-11e4-a52e-4f735466cecf":"f.4F28C2583BB65896889CB8FD582548C6.d.AD85E3BDE3D04DCB17C0596F9973CBC9.e.10069"},"setValue",["5/22/25"]]}
RESULT: {"script":"<script> [6424 bytes]","args":[{"element-6066-11e4-a52e-4f735466cecf":"f.4F28C2583BB65896889CB8FD582548C6.d.AD85E3BDE3D04DCB17C0596F9973CBC9.e.10069"},"setValue",["5/22/25"]]}
COMMAND: POST /session/8710bc86126986cf02bb1d50a5f31e3a/element - {"using":"xpath","value":"//input[@id=\"generalSectionFrg--receiveYard-inner\"]"}
RESULT: {"using":"xpath","value":"//input[@id=\"generalSectionFrg--receiveYard-inner\"]"}
COMMAND: POST /session/8710bc86126986cf02bb1d50a5f31e3a/element/f.4F28C2583BB65896889CB8FD582548C6.d.AD85E3BDE3D04DCB17C0596F9973CBC9.e.10073/clear - {}
RESULT: {}
COMMAND: POST /session/8710bc86126986cf02bb1d50a5f31e3a/element/f.4F28C2583BB65896889CB8FD582548C6.d.AD85E3BDE3D04DCB17C0596F9973CBC9.e.10073/value - {"text":"681"}
COMMAND: GET /session/8710bc86126986cf02bb1d50a5f31e3a/screenshot - {}
RESULT: {"text":"681"}
COMMAND: GET /session/8710bc86126986cf02bb1d50a5f31e3a/screenshot - {}
RESULT: {}
RESULT: {}
COMMAND: POST /session/8710bc86126986cf02bb1d50a5f31e3a/element - {"using":"xpath","value":"//li[.//span[text()='681']]"}
RESULT: {"using":"xpath","value":"//li[.//span[text()='681']]"}
COMMAND: POST /session/8710bc86126986cf02bb1d50a5f31e3a/element/f.4F28C2583BB65896889CB8FD582548C6.d.AD85E3BDE3D04DCB17C0596F9973CBC9.e.10091/click - {}
RESULT: {}
COMMAND: GET /session/8710bc86126986cf02bb1d50a5f31e3a/screenshot - {}
RESULT: {}
COMMAND: POST /session/8710bc86126986cf02bb1d50a5f31e3a/execute/async - {"script":"<script> [1562 bytes]","args":[{"selector":{"id":"application-managehandovers-display-component---AddNewHO--ObjectPageLayout-anchBar-application-managehandovers-display-component---AddNewHO--section4-anchor","interaction":{"idSuffix":"BDI-content"}},"wdio_ui5_key":"applicationmanagehandovers-display-component---AddNewHO--ObjectPageLayout-anchBar-application-managehandovers-display-component---AddNewHO--section4-anchor"}]}
RESULT: {"script":"<script> [1562 bytes]","args":[{"selector":{"id":"application-managehandovers-display-component---AddNewHO--ObjectPageLayout-anchBar-application-managehandovers-display-component---AddNewHO--section4-anchor","interaction":{"idSuffix":"BDI-content"}},"wdio_ui5_key":"applicationmanagehandovers-display-component---AddNewHO--ObjectPageLayout-anchBar-application-managehandovers-display-component---AddNewHO--section4-anchor"}]}
RESULT: undefined
COMMAND: POST /session/8710bc86126986cf02bb1d50a5f31e3a/element - {"using":"xpath","value":"//*[@id=\"application-managehandovers-display-component---AddNewHO--ObjectPageLayout-anchBar-application-managehandovers-display-component---AddNewHO--section4-anchor\"]"}
RESULT: {"using":"xpath","value":"//*[@id=\"application-managehandovers-display-component---AddNewHO--ObjectPageLayout-anchBar-application-managehandovers-display-component---AddNewHO--section4-anchor\"]"}
COMMAND: POST /session/8710bc86126986cf02bb1d50a5f31e3a/element/f.4F28C2583BB65896889CB8FD582548C6.d.AD85E3BDE3D04DCB17C0596F9973CBC9.e.10093/click - {}
RESULT: {}
COMMAND: POST /session/8710bc86126986cf02bb1d50a5f31e3a/element - {"using":"xpath","value":"//button[@aria-label=\"Add\"]"}
COMMAND: GET /session/8710bc86126986cf02bb1d50a5f31e3a/screenshot - {}
RESULT: {"using":"xpath","value":"//button[@aria-label=\"Add\"]"}
COMMAND: POST /session/8710bc86126986cf02bb1d50a5f31e3a/element/f.4F28C2583BB65896889CB8FD582548C6.d.AD85E3BDE3D04DCB17C0596F9973CBC9.e.10095/click - {}
RESULT: {}
RESULT: {}
COMMAND: GET /session/8710bc86126986cf02bb1d50a5f31e3a/screenshot - {}
RESULT: {}
COMMAND: POST /session/8710bc86126986cf02bb1d50a5f31e3a/execute/async - {"script":"<script> [1562 bytes]","args":[{"selector":{"id":"application-managehandovers-display-component---AddNewHO--smartFilterBar-btnBasicSearch","searchOpenDialogs":true,"interaction":{"idSuffix":"I"}},"wdio_ui5_key":"applicationmanagehandovers-display-component---AddNewHO--smartFilterBar-btnBasicSearch"}]}
RESULT: {"script":"<script> [1562 bytes]","args":[{"selector":{"id":"application-managehandovers-display-component---AddNewHO--smartFilterBar-btnBasicSearch","searchOpenDialogs":true,"interaction":{"idSuffix":"I"}},"wdio_ui5_key":"applicationmanagehandovers-display-component---AddNewHO--smartFilterBar-btnBasicSearch"}]}
RESULT: undefined
COMMAND: POST /session/8710bc86126986cf02bb1d50a5f31e3a/execute/async - {"script":"<script> [776 bytes]","args":[{"enterText":"83H8Tvok9B","selector":{"id":"application-managehandovers-display-component---AddNewHO--smartFilterBar-btnBasicSearch","searchOpenDialogs":true,"interaction":{"idSuffix":"I"}},"clearTextFirst":true,"interactionType":"ENTER_TEXT"}]}
RESULT: {"script":"<script> [776 bytes]","args":[{"enterText":"83H8Tvok9B","selector":{"id":"application-managehandovers-display-component---AddNewHO--smartFilterBar-btnBasicSearch","searchOpenDialogs":true,"interaction":{"idSuffix":"I"}},"clearTextFirst":true,"interactionType":"ENTER_TEXT"}]}
COMMAND: POST /session/8710bc86126986cf02bb1d50a5f31e3a/actions - {"actions":[{"id":"action43","type":"key","parameters":{},"actions":[{"type":"keyDown","value":""},{"type":"pause","duration":10},{"type":"keyUp","value":""}]}]}
RESULT: {"actions":[{"id":"action43","type":"key","parameters":{},"actions":[{"type":"keyDown","value":""},{"type":"pause","duration":10},{"type":"keyUp","value":""}]}]}
COMMAND: GET /session/8710bc86126986cf02bb1d50a5f31e3a/screenshot - {}
RESULT: {}
COMMAND: POST /session/8710bc86126986cf02bb1d50a5f31e3a/execute/async - {"script":"<script> [1562 bytes]","args":[{"selector":{"id":"application-managehandovers-display-component---AddNewHO--popup-sa","searchOpenDialogs":true,"interaction":{"idSuffix":"CbBg"}},"wdio_ui5_key":"applicationmanagehandovers-display-component---AddNewHO--popup-sa"}]}
RESULT: {"script":"<script> [1562 bytes]","args":[{"selector":{"id":"application-managehandovers-display-component---AddNewHO--popup-sa","searchOpenDialogs":true,"interaction":{"idSuffix":"CbBg"}},"wdio_ui5_key":"applicationmanagehandovers-display-component---AddNewHO--popup-sa"}]}
RESULT: undefined
COMMAND: POST /session/8710bc86126986cf02bb1d50a5f31e3a/element - {"using":"xpath","value":"//*[@id=\"application-managehandovers-display-component---AddNewHO--popup-sa\"]"}
RESULT: {"using":"xpath","value":"//*[@id=\"application-managehandovers-display-component---AddNewHO--popup-sa\"]"}
COMMAND: POST /session/8710bc86126986cf02bb1d50a5f31e3a/element/f.4F28C2583BB65896889CB8FD582548C6.d.AD85E3BDE3D04DCB17C0596F9973CBC9.e.10249/click - {}
RESULT: {}
COMMAND: GET /session/8710bc86126986cf02bb1d50a5f31e3a/screenshot - {}
RESULT: {}
COMMAND: POST /session/8710bc86126986cf02bb1d50a5f31e3a/element - {"using":"xpath","value":"//bdi[contains(text(), \"Select\")]"}
RESULT: {"using":"xpath","value":"//bdi[contains(text(), \"Select\")]"}
COMMAND: POST /session/8710bc86126986cf02bb1d50a5f31e3a/element/f.4F28C2583BB65896889CB8FD582548C6.d.AD85E3BDE3D04DCB17C0596F9973CBC9.e.10250/click - {}
RESULT: {}
COMMAND: GET /session/8710bc86126986cf02bb1d50a5f31e3a/screenshot - {}
RESULT: {}
COMMAND: POST /session/8710bc86126986cf02bb1d50a5f31e3a/element - {"using":"xpath","value":"//button[@data-kt=\"AddNewHOSaveButton\"]"}
RESULT: {"using":"xpath","value":"//button[@data-kt=\"AddNewHOSaveButton\"]"}
COMMAND: POST /session/8710bc86126986cf02bb1d50a5f31e3a/element/f.4F28C2583BB65896889CB8FD582548C6.d.AD85E3BDE3D04DCB17C0596F9973CBC9.e.10254/click - {}
RESULT: {}
COMMAND: GET /session/8710bc86126986cf02bb1d50a5f31e3a/screenshot - {}
RESULT: {}
COMMAND: POST /session/8710bc86126986cf02bb1d50a5f31e3a/execute/async - {"script":"<script> [1562 bytes]","args":[{"selector":{"id":"receiptDatePicker","viewName":"etm.portal.ui.managehandovers.view.DetailExecuteHO","interaction":{"idSuffix":"inner"}},"wdio_ui5_key":"receiptDatePickeretmportal.ui.managehandovers.view.DetailExecuteHO"}]}
RESULT: {"script":"<script> [1562 bytes]","args":[{"selector":{"id":"receiptDatePicker","viewName":"etm.portal.ui.managehandovers.view.DetailExecuteHO","interaction":{"idSuffix":"inner"}},"wdio_ui5_key":"receiptDatePickeretmportal.ui.managehandovers.view.DetailExecuteHO"}]}
RESULT: undefined
COMMAND: POST /session/8710bc86126986cf02bb1d50a5f31e3a/execute/async - {"script":"<script> [6424 bytes]","args":[{"element-6066-11e4-a52e-4f735466cecf":"f.4F28C2583BB65896889CB8FD582548C6.d.AD85E3BDE3D04DCB17C0596F9973CBC9.e.10275"},"setValue",["5/22/25"]]}
RESULT: {"script":"<script> [6424 bytes]","args":[{"element-6066-11e4-a52e-4f735466cecf":"f.4F28C2583BB65896889CB8FD582548C6.d.AD85E3BDE3D04DCB17C0596F9973CBC9.e.10275"},"setValue",["5/22/25"]]}
COMMAND: POST /session/8710bc86126986cf02bb1d50a5f31e3a/element - {"using":"xpath","value":"//button[@data-kt=\"PickingTableConfirmAllButton\"]"}
RESULT: {"using":"xpath","value":"//button[@data-kt=\"PickingTableConfirmAllButton\"]"}
COMMAND: POST /session/8710bc86126986cf02bb1d50a5f31e3a/element/f.4F28C2583BB65896889CB8FD582548C6.d.AD85E3BDE3D04DCB17C0596F9973CBC9.e.10291/click - {}
RESULT: {}
COMMAND: GET /session/8710bc86126986cf02bb1d50a5f31e3a/screenshot - {}
RESULT: {}
COMMAND: POST /session/8710bc86126986cf02bb1d50a5f31e3a/element - {"using":"xpath","value":"//bdi[contains(text(), \"OK\")]"}
RESULT: {"using":"xpath","value":"//bdi[contains(text(), \"OK\")]"}
COMMAND: POST /session/8710bc86126986cf02bb1d50a5f31e3a/element/f.4F28C2583BB65896889CB8FD582548C6.d.AD85E3BDE3D04DCB17C0596F9973CBC9.e.10293/click - {}
RESULT: {}
COMMAND: GET /session/8710bc86126986cf02bb1d50a5f31e3a/screenshot - {}
RESULT: {}
COMMAND: POST /session/8710bc86126986cf02bb1d50a5f31e3a/element - {"using":"xpath","value":"(//bdi[contains(text(), \"Receive\")])[2]"}
RESULT: {"using":"xpath","value":"(//bdi[contains(text(), \"Receive\")])[2]"}
COMMAND: POST /session/8710bc86126986cf02bb1d50a5f31e3a/element/f.4F28C2583BB65896889CB8FD582548C6.d.AD85E3BDE3D04DCB17C0596F9973CBC9.e.10295/click - {}
RESULT: {}
COMMAND: GET /session/8710bc86126986cf02bb1d50a5f31e3a/screenshot - {}
RESULT: {}
COMMAND: POST /session/8710bc86126986cf02bb1d50a5f31e3a/element - {"using":"css selector","value":"#shell-header-logo"}
RESULT: {"using":"css selector","value":"#shell-header-logo"}
COMMAND: POST /session/8710bc86126986cf02bb1d50a5f31e3a/element/f.4F28C2583BB65896889CB8FD582548C6.d.AD85E3BDE3D04DCB17C0596F9973CBC9.e.9677/click - {}
RESULT: {}
COMMAND: GET /session/8710bc86126986cf02bb1d50a5f31e3a/screenshot - {}
RESULT: {}
]]></system-out>
    </testcase>
    <testcase classname="chrome.136_0_7103_93.windows.Create_master_data_for_mixed_billing_&amp;_do_billing_calculation_US151661" name="Should create a new contract" time="73.527">
      <system-out><![CDATA[
COMMAND: POST /session/8710bc86126986cf02bb1d50a5f31e3a/execute/async - {"script":"<script> [1562 bytes]","args":[{"selector":{"controlType":"sap.m.GenericTile","properties":{"header":"Manage Contracts"}},"wdio_ui5_key":"sapm.GenericTile{\"header\":\"Manage Contracts\"}"}]}
RESULT: {"script":"<script> [1562 bytes]","args":[{"selector":{"controlType":"sap.m.GenericTile","properties":{"header":"Manage Contracts"}},"wdio_ui5_key":"sapm.GenericTile{\"header\":\"Manage Contracts\"}"}]}
RESULT: undefined
COMMAND: POST /session/8710bc86126986cf02bb1d50a5f31e3a/element - {"using":"xpath","value":"//*[@id=\"__tile130\"]"}
RESULT: {"using":"xpath","value":"//*[@id=\"__tile130\"]"}
COMMAND: POST /session/8710bc86126986cf02bb1d50a5f31e3a/element/f.4F28C2583BB65896889CB8FD582548C6.d.AD85E3BDE3D04DCB17C0596F9973CBC9.e.4575/click - {}
RESULT: {}
COMMAND: GET /session/8710bc86126986cf02bb1d50a5f31e3a/screenshot - {}
RESULT: {}
COMMAND: POST /session/8710bc86126986cf02bb1d50a5f31e3a/elements - {"using":"xpath","value":"//span[text()='Error']"}
RESULT: {"using":"xpath","value":"//span[text()='Error']"}
COMMAND: POST /session/8710bc86126986cf02bb1d50a5f31e3a/element - {"using":"xpath","value":"//button[@data-kt=\"addButton\"]"}
RESULT: {"using":"xpath","value":"//button[@data-kt=\"addButton\"]"}
COMMAND: POST /session/8710bc86126986cf02bb1d50a5f31e3a/elements - {"using":"xpath","value":"//button[@data-kt=\"addButton\"]"}
RESULT: {"using":"xpath","value":"//button[@data-kt=\"addButton\"]"}
COMMAND: POST /session/8710bc86126986cf02bb1d50a5f31e3a/execute/sync - {"script":"<script> [8489 bytes]","args":[{"element-6066-11e4-a52e-4f735466cecf":"f.4F28C2583BB65896889CB8FD582548C6.d.AD85E3BDE3D04DCB17C0596F9973CBC9.e.10620","ELEMENT":"f.4F28C2583BB65896889CB8FD582548C6.d.AD85E3BDE3D04DCB17C0596F9973CBC9.e.10620"}]}
RESULT: {"script":"<script> [8489 bytes]","args":[{"element-6066-11e4-a52e-4f735466cecf":"f.4F28C2583BB65896889CB8FD582548C6.d.AD85E3BDE3D04DCB17C0596F9973CBC9.e.10620","ELEMENT":"f.4F28C2583BB65896889CB8FD582548C6.d.AD85E3BDE3D04DCB17C0596F9973CBC9.e.10620"}]}
COMMAND: GET /session/8710bc86126986cf02bb1d50a5f31e3a/element/f.4F28C2583BB65896889CB8FD582548C6.d.AD85E3BDE3D04DCB17C0596F9973CBC9.e.10620/enabled - {}
COMMAND: GET /session/8710bc86126986cf02bb1d50a5f31e3a/screenshot - {}
RESULT: {}
COMMAND: POST /session/8710bc86126986cf02bb1d50a5f31e3a/execute/sync - {"script":"<script> [8489 bytes]","args":[{"element-6066-11e4-a52e-4f735466cecf":"f.4F28C2583BB65896889CB8FD582548C6.d.AD85E3BDE3D04DCB17C0596F9973CBC9.e.10620","ELEMENT":"f.4F28C2583BB65896889CB8FD582548C6.d.AD85E3BDE3D04DCB17C0596F9973CBC9.e.10620"}]}
COMMAND: GET /session/8710bc86126986cf02bb1d50a5f31e3a/screenshot - {}
RESULT: {}
RESULT: {"script":"<script> [8489 bytes]","args":[{"element-6066-11e4-a52e-4f735466cecf":"f.4F28C2583BB65896889CB8FD582548C6.d.AD85E3BDE3D04DCB17C0596F9973CBC9.e.10620","ELEMENT":"f.4F28C2583BB65896889CB8FD582548C6.d.AD85E3BDE3D04DCB17C0596F9973CBC9.e.10620"}]}
COMMAND: POST /session/8710bc86126986cf02bb1d50a5f31e3a/execute/sync - {"script":"<script> [5351 bytes]","args":[{"element-6066-11e4-a52e-4f735466cecf":"f.4F28C2583BB65896889CB8FD582548C6.d.AD85E3BDE3D04DCB17C0596F9973CBC9.e.10620","ELEMENT":"f.4F28C2583BB65896889CB8FD582548C6.d.AD85E3BDE3D04DCB17C0596F9973CBC9.e.10620"}]}
COMMAND: GET /session/8710bc86126986cf02bb1d50a5f31e3a/screenshot - {}
RESULT: {}
RESULT: {"script":"<script> [5351 bytes]","args":[{"element-6066-11e4-a52e-4f735466cecf":"f.4F28C2583BB65896889CB8FD582548C6.d.AD85E3BDE3D04DCB17C0596F9973CBC9.e.10620","ELEMENT":"f.4F28C2583BB65896889CB8FD582548C6.d.AD85E3BDE3D04DCB17C0596F9973CBC9.e.10620"}]}
COMMAND: GET /session/8710bc86126986cf02bb1d50a5f31e3a/screenshot - {}
RESULT: {}
RESULT: {}
COMMAND: POST /session/8710bc86126986cf02bb1d50a5f31e3a/element/f.4F28C2583BB65896889CB8FD582548C6.d.AD85E3BDE3D04DCB17C0596F9973CBC9.e.10620/click - {}
RESULT: {}
COMMAND: GET /session/8710bc86126986cf02bb1d50a5f31e3a/screenshot - {}
COMMAND: POST /session/8710bc86126986cf02bb1d50a5f31e3a/execute/async - {"script":"<script> [1562 bytes]","args":[{"selector":{"id":"application-managecontracts-display-component---AddNewContract--projectDescription","interaction":{"idSuffix":"inner"}},"wdio_ui5_key":"applicationmanagecontracts-display-component---AddNewContract--projectDescription"}]}
RESULT: {}
RESULT: {"script":"<script> [1562 bytes]","args":[{"selector":{"id":"application-managecontracts-display-component---AddNewContract--projectDescription","interaction":{"idSuffix":"inner"}},"wdio_ui5_key":"applicationmanagecontracts-display-component---AddNewContract--projectDescription"}]}
RESULT: undefined
COMMAND: POST /session/8710bc86126986cf02bb1d50a5f31e3a/execute/async - {"script":"<script> [776 bytes]","args":[{"enterText":"Mixed Contract WDIO","selector":{"id":"application-managecontracts-display-component---AddNewContract--projectDescription","interaction":{"idSuffix":"inner"}},"clearTextFirst":true,"interactionType":"ENTER_TEXT"}]}
RESULT: {"script":"<script> [776 bytes]","args":[{"enterText":"Mixed Contract WDIO","selector":{"id":"application-managecontracts-display-component---AddNewContract--projectDescription","interaction":{"idSuffix":"inner"}},"clearTextFirst":true,"interactionType":"ENTER_TEXT"}]}
COMMAND: POST /session/8710bc86126986cf02bb1d50a5f31e3a/element - {"using":"xpath","value":"//input[@id=\"application-managecontracts-display-component---AddNewContract--site-inner\"]"}
RESULT: {"using":"xpath","value":"//input[@id=\"application-managecontracts-display-component---AddNewContract--site-inner\"]"}
COMMAND: POST /session/8710bc86126986cf02bb1d50a5f31e3a/element/f.4F28C2583BB65896889CB8FD582548C6.d.AD85E3BDE3D04DCB17C0596F9973CBC9.e.10976/clear - {}
RESULT: {}
COMMAND: POST /session/8710bc86126986cf02bb1d50a5f31e3a/element/f.4F28C2583BB65896889CB8FD582548C6.d.AD85E3BDE3D04DCB17C0596F9973CBC9.e.10976/value - {"text":"2366"}
COMMAND: GET /session/8710bc86126986cf02bb1d50a5f31e3a/screenshot - {}
RESULT: {"text":"2366"}
COMMAND: GET /session/8710bc86126986cf02bb1d50a5f31e3a/screenshot - {}
RESULT: {}
RESULT: {}
COMMAND: POST /session/8710bc86126986cf02bb1d50a5f31e3a/element - {"using":"xpath","value":"//li[.//span[text()='2366']]"}
RESULT: {"using":"xpath","value":"//li[.//span[text()='2366']]"}
COMMAND: POST /session/8710bc86126986cf02bb1d50a5f31e3a/element/f.4F28C2583BB65896889CB8FD582548C6.d.AD85E3BDE3D04DCB17C0596F9973CBC9.e.11003/click - {}
RESULT: {}
COMMAND: GET /session/8710bc86126986cf02bb1d50a5f31e3a/screenshot - {}
RESULT: {}
COMMAND: POST /session/8710bc86126986cf02bb1d50a5f31e3a/element - {"using":"xpath","value":"//input[@id=\"application-managecontracts-display-component---AddNewContract--yardId-inner\"]"}
RESULT: {"using":"xpath","value":"//input[@id=\"application-managecontracts-display-component---AddNewContract--yardId-inner\"]"}
COMMAND: GET /session/8710bc86126986cf02bb1d50a5f31e3a/element/f.4F28C2583BB65896889CB8FD582548C6.d.AD85E3BDE3D04DCB17C0596F9973CBC9.e.10977/property/value - {}
RESULT: {}
COMMAND: POST /session/8710bc86126986cf02bb1d50a5f31e3a/element - {"using":"xpath","value":"//input[@id=\"application-managecontracts-display-component---AddNewContract--customerSelect-inner\"]"}
COMMAND: GET /session/8710bc86126986cf02bb1d50a5f31e3a/screenshot - {}
RESULT: {"using":"xpath","value":"//input[@id=\"application-managecontracts-display-component---AddNewContract--customerSelect-inner\"]"}
COMMAND: POST /session/8710bc86126986cf02bb1d50a5f31e3a/element/f.4F28C2583BB65896889CB8FD582548C6.d.AD85E3BDE3D04DCB17C0596F9973CBC9.e.10975/clear - {}
RESULT: {}
RESULT: {}
COMMAND: POST /session/8710bc86126986cf02bb1d50a5f31e3a/element/f.4F28C2583BB65896889CB8FD582548C6.d.AD85E3BDE3D04DCB17C0596F9973CBC9.e.10975/value - {"text":"1445"}
COMMAND: GET /session/8710bc86126986cf02bb1d50a5f31e3a/screenshot - {}
RESULT: {"text":"1445"}
COMMAND: GET /session/8710bc86126986cf02bb1d50a5f31e3a/screenshot - {}
RESULT: {}
RESULT: {}
COMMAND: POST /session/8710bc86126986cf02bb1d50a5f31e3a/element - {"using":"xpath","value":"//li[.//span[text()='1445']]"}
RESULT: {"using":"xpath","value":"//li[.//span[text()='1445']]"}
COMMAND: POST /session/8710bc86126986cf02bb1d50a5f31e3a/element/f.4F28C2583BB65896889CB8FD582548C6.d.AD85E3BDE3D04DCB17C0596F9973CBC9.e.11006/click - {}
RESULT: {}
COMMAND: GET /session/8710bc86126986cf02bb1d50a5f31e3a/screenshot - {}
RESULT: {}
COMMAND: POST /session/8710bc86126986cf02bb1d50a5f31e3a/element - {"using":"xpath","value":"//button[@data-kt=\"saveButton\"]"}
RESULT: {"using":"xpath","value":"//button[@data-kt=\"saveButton\"]"}
COMMAND: POST /session/8710bc86126986cf02bb1d50a5f31e3a/element/f.4F28C2583BB65896889CB8FD582548C6.d.AD85E3BDE3D04DCB17C0596F9973CBC9.e.11007/click - {}
RESULT: {}
COMMAND: GET /session/8710bc86126986cf02bb1d50a5f31e3a/screenshot - {}
RESULT: {}
COMMAND: POST /session/8710bc86126986cf02bb1d50a5f31e3a/element - {"using":"xpath","value":"//span[contains(@id ,\"contractDetailTitleNoExpanded\")]"}
RESULT: {"using":"xpath","value":"//span[contains(@id ,\"contractDetailTitleNoExpanded\")]"}
COMMAND: POST /session/8710bc86126986cf02bb1d50a5f31e3a/elements - {"using":"xpath","value":"//span[contains(@id ,\"contractDetailTitleNoExpanded\")]"}
RESULT: {"using":"xpath","value":"//span[contains(@id ,\"contractDetailTitleNoExpanded\")]"}
COMMAND: POST /session/8710bc86126986cf02bb1d50a5f31e3a/execute/sync - {"script":"<script> [56 bytes]","args":[{"element-6066-11e4-a52e-4f735466cecf":"f.4F28C2583BB65896889CB8FD582548C6.d.AD85E3BDE3D04DCB17C0596F9973CBC9.e.11079","ELEMENT":"f.4F28C2583BB65896889CB8FD582548C6.d.AD85E3BDE3D04DCB17C0596F9973CBC9.e.11079"}]}
RESULT: {"script":"<script> [56 bytes]","args":[{"element-6066-11e4-a52e-4f735466cecf":"f.4F28C2583BB65896889CB8FD582548C6.d.AD85E3BDE3D04DCB17C0596F9973CBC9.e.11079","ELEMENT":"f.4F28C2583BB65896889CB8FD582548C6.d.AD85E3BDE3D04DCB17C0596F9973CBC9.e.11079"}]}
COMMAND: GET /session/8710bc86126986cf02bb1d50a5f31e3a/screenshot - {}
RESULT: {}
]]></system-out>
    </testcase>
    <testcase classname="chrome.136_0_7103_93.windows.Create_master_data_for_mixed_billing_&amp;_do_billing_calculation_US151661" name="Should add equipment to the contract" time="47.819">
      <system-out><![CDATA[
COMMAND: POST /session/8710bc86126986cf02bb1d50a5f31e3a/element - {"using":"xpath","value":"//button[@data-kt=\"contractDetailEditBtnButton\"]"}
RESULT: {"using":"xpath","value":"//button[@data-kt=\"contractDetailEditBtnButton\"]"}
COMMAND: POST /session/8710bc86126986cf02bb1d50a5f31e3a/element/f.4F28C2583BB65896889CB8FD582548C6.d.AD85E3BDE3D04DCB17C0596F9973CBC9.e.11081/click - {}
RESULT: {}
COMMAND: GET /session/8710bc86126986cf02bb1d50a5f31e3a/screenshot - {}
RESULT: {}
COMMAND: POST /session/8710bc86126986cf02bb1d50a5f31e3a/element - {"using":"xpath","value":"(//span[contains(text(), \"Additional Addresses\")])[2]"}
RESULT: {"using":"xpath","value":"(//span[contains(text(), \"Additional Addresses\")])[2]"}
COMMAND: POST /session/8710bc86126986cf02bb1d50a5f31e3a/element/f.4F28C2583BB65896889CB8FD582548C6.d.AD85E3BDE3D04DCB17C0596F9973CBC9.e.11139/click - {}
RESULT: {}
COMMAND: GET /session/8710bc86126986cf02bb1d50a5f31e3a/screenshot - {}
RESULT: {}
COMMAND: POST /session/8710bc86126986cf02bb1d50a5f31e3a/element - {"using":"xpath","value":"//button[@data-kt=\"btnAddTableRowOverflowToolbarButton\"]"}
RESULT: {"using":"xpath","value":"//button[@data-kt=\"btnAddTableRowOverflowToolbarButton\"]"}
COMMAND: POST /session/8710bc86126986cf02bb1d50a5f31e3a/element/f.4F28C2583BB65896889CB8FD582548C6.d.AD85E3BDE3D04DCB17C0596F9973CBC9.e.11141/click - {}
RESULT: {}
COMMAND: GET /session/8710bc86126986cf02bb1d50a5f31e3a/screenshot - {}
RESULT: {}
COMMAND: POST /session/8710bc86126986cf02bb1d50a5f31e3a/element - {"using":"xpath","value":"//div[(text() = 'Standard Entry' or . = 'Standard Entry')]"}
RESULT: {"using":"xpath","value":"//div[(text() = 'Standard Entry' or . = 'Standard Entry')]"}
COMMAND: POST /session/8710bc86126986cf02bb1d50a5f31e3a/element/f.4F28C2583BB65896889CB8FD582548C6.d.AD85E3BDE3D04DCB17C0596F9973CBC9.e.11143/click - {}
RESULT: {}
COMMAND: GET /session/8710bc86126986cf02bb1d50a5f31e3a/screenshot - {}
RESULT: {}
COMMAND: POST /session/8710bc86126986cf02bb1d50a5f31e3a/element - {"using":"xpath","value":"//td[7]/div/div/input"}
RESULT: {"using":"xpath","value":"//td[7]/div/div/input"}
COMMAND: POST /session/8710bc86126986cf02bb1d50a5f31e3a/element/f.4F28C2583BB65896889CB8FD582548C6.d.AD85E3BDE3D04DCB17C0596F9973CBC9.e.11152/clear - {}
RESULT: {}
COMMAND: POST /session/8710bc86126986cf02bb1d50a5f31e3a/element/f.4F28C2583BB65896889CB8FD582548C6.d.AD85E3BDE3D04DCB17C0596F9973CBC9.e.11152/value - {"text":"83H8Tvok9B"}
COMMAND: GET /session/8710bc86126986cf02bb1d50a5f31e3a/screenshot - {}
RESULT: {"text":"83H8Tvok9B"}
COMMAND: GET /session/8710bc86126986cf02bb1d50a5f31e3a/screenshot - {}
RESULT: {}
RESULT: {}
COMMAND: POST /session/8710bc86126986cf02bb1d50a5f31e3a/actions - {"actions":[{"id":"action44","type":"key","parameters":{},"actions":[{"type":"keyDown","value":""},{"type":"pause","duration":10},{"type":"keyUp","value":""}]}]}
RESULT: {"actions":[{"id":"action44","type":"key","parameters":{},"actions":[{"type":"keyDown","value":""},{"type":"pause","duration":10},{"type":"keyUp","value":""}]}]}
COMMAND: GET /session/8710bc86126986cf02bb1d50a5f31e3a/screenshot - {}
RESULT: {}
COMMAND: POST /session/8710bc86126986cf02bb1d50a5f31e3a/execute/sync - {"script":"<script> [276 bytes]","args":["No pricing information was found"]}
RESULT: {"script":"<script> [276 bytes]","args":["No pricing information was found"]}
COMMAND: POST /session/8710bc86126986cf02bb1d50a5f31e3a/element - {"using":"xpath","value":"(//button[@data-kt=\"saveButton\"])[2]"}
COMMAND: GET /session/8710bc86126986cf02bb1d50a5f31e3a/screenshot - {}
RESULT: {"using":"xpath","value":"(//button[@data-kt=\"saveButton\"])[2]"}
COMMAND: POST /session/8710bc86126986cf02bb1d50a5f31e3a/element/f.4F28C2583BB65896889CB8FD582548C6.d.AD85E3BDE3D04DCB17C0596F9973CBC9.e.11167/click - {}
RESULT: {}
RESULT: {}
COMMAND: GET /session/8710bc86126986cf02bb1d50a5f31e3a/screenshot - {}
RESULT: {}
COMMAND: POST /session/8710bc86126986cf02bb1d50a5f31e3a/execute/sync - {"script":"<script> [276 bytes]","args":["Some contract items are having rental validity exceeding header rental validity"]}
RESULT: {"script":"<script> [276 bytes]","args":["Some contract items are having rental validity exceeding header rental validity"]}
COMMAND: GET /session/8710bc86126986cf02bb1d50a5f31e3a/screenshot - {}
RESULT: {}
COMMAND: POST /session/8710bc86126986cf02bb1d50a5f31e3a/element - {"using":"xpath","value":"//span[contains(@id ,\"contractItemsSmartTable-header-inner\")]"}
RESULT: {"using":"xpath","value":"//span[contains(@id ,\"contractItemsSmartTable-header-inner\")]"}
COMMAND: POST /session/8710bc86126986cf02bb1d50a5f31e3a/elements - {"using":"xpath","value":"//span[contains(@id ,\"contractItemsSmartTable-header-inner\")]"}
RESULT: {"using":"xpath","value":"//span[contains(@id ,\"contractItemsSmartTable-header-inner\")]"}
COMMAND: POST /session/8710bc86126986cf02bb1d50a5f31e3a/execute/sync - {"script":"<script> [56 bytes]","args":[{"element-6066-11e4-a52e-4f735466cecf":"f.4F28C2583BB65896889CB8FD582548C6.d.AD85E3BDE3D04DCB17C0596F9973CBC9.e.11174","ELEMENT":"f.4F28C2583BB65896889CB8FD582548C6.d.AD85E3BDE3D04DCB17C0596F9973CBC9.e.11174"}]}
RESULT: {"script":"<script> [56 bytes]","args":[{"element-6066-11e4-a52e-4f735466cecf":"f.4F28C2583BB65896889CB8FD582548C6.d.AD85E3BDE3D04DCB17C0596F9973CBC9.e.11174","ELEMENT":"f.4F28C2583BB65896889CB8FD582548C6.d.AD85E3BDE3D04DCB17C0596F9973CBC9.e.11174"}]}
]]></system-out>
    </testcase>
    <testcase classname="chrome.136_0_7103_93.windows.Create_master_data_for_mixed_billing_&amp;_do_billing_calculation_US151661" name="Should do a provide to site handover" time="80.035">
      <system-out><![CDATA[
COMMAND: GET /session/8710bc86126986cf02bb1d50a5f31e3a/screenshot - {}
COMMAND: POST /session/8710bc86126986cf02bb1d50a5f31e3a/element - {"using":"xpath","value":"//button[@data-kt=\"provideButton\"]"}
RESULT: {}
RESULT: {"using":"xpath","value":"//button[@data-kt=\"provideButton\"]"}
COMMAND: POST /session/8710bc86126986cf02bb1d50a5f31e3a/element/f.4F28C2583BB65896889CB8FD582548C6.d.AD85E3BDE3D04DCB17C0596F9973CBC9.e.11175/click - {}
RESULT: {}
COMMAND: GET /session/8710bc86126986cf02bb1d50a5f31e3a/screenshot - {}
RESULT: undefined
COMMAND: POST /session/8710bc86126986cf02bb1d50a5f31e3a/execute/async - {"script":"<script> [6424 bytes]","args":[{"element-6066-11e4-a52e-4f735466cecf":"f.4F28C2583BB65896889CB8FD582548C6.d.AD85E3BDE3D04DCB17C0596F9973CBC9.e.10069"},"setValue",["5/22/25"]]}
RESULT: {}
COMMAND: POST /session/8710bc86126986cf02bb1d50a5f31e3a/execute/async - {"script":"<script> [1562 bytes]","args":[{"selector":{"id":"application-managehandovers-display-component---AddNewHO--dueDate","interaction":{"idSuffix":"inner"}},"wdio_ui5_key":"applicationmanagehandovers-display-component---AddNewHO--dueDate"}]}
RESULT: {"script":"<script> [1562 bytes]","args":[{"selector":{"id":"application-managehandovers-display-component---AddNewHO--dueDate","interaction":{"idSuffix":"inner"}},"wdio_ui5_key":"applicationmanagehandovers-display-component---AddNewHO--dueDate"}]}
COMMAND: POST /session/8710bc86126986cf02bb1d50a5f31e3a/execute/async - {"script":"<script> [6424 bytes]","args":[{"element-6066-11e4-a52e-4f735466cecf":"f.4F28C2583BB65896889CB8FD582548C6.d.AD85E3BDE3D04DCB17C0596F9973CBC9.e.11231"},"setValue",["5/22/25"]]}
RESULT: {"script":"<script> [6424 bytes]","args":[{"element-6066-11e4-a52e-4f735466cecf":"f.4F28C2583BB65896889CB8FD582548C6.d.AD85E3BDE3D04DCB17C0596F9973CBC9.e.11231"},"setValue",["5/22/25"]]}
COMMAND: POST /session/8710bc86126986cf02bb1d50a5f31e3a/element - {"using":"xpath","value":"//bdi[contains(text(), \"Instructions\")]"}
RESULT: {"using":"xpath","value":"//bdi[contains(text(), \"Instructions\")]"}
COMMAND: POST /session/8710bc86126986cf02bb1d50a5f31e3a/element/f.4F28C2583BB65896889CB8FD582548C6.d.AD85E3BDE3D04DCB17C0596F9973CBC9.e.11495/click - {}
RESULT: {}
COMMAND: GET /session/8710bc86126986cf02bb1d50a5f31e3a/screenshot - {}
RESULT: {}
COMMAND: POST /session/8710bc86126986cf02bb1d50a5f31e3a/element - {"using":"xpath","value":"//button[@data-kt=\"AddNewHOProvideAddItemsButton\"]"}
RESULT: {"using":"xpath","value":"//button[@data-kt=\"AddNewHOProvideAddItemsButton\"]"}
COMMAND: POST /session/8710bc86126986cf02bb1d50a5f31e3a/element/f.4F28C2583BB65896889CB8FD582548C6.d.AD85E3BDE3D04DCB17C0596F9973CBC9.e.11499/click - {}
RESULT: {}
COMMAND: GET /session/8710bc86126986cf02bb1d50a5f31e3a/screenshot - {}
RESULT: {}
RESULT: undefined
COMMAND: POST /session/8710bc86126986cf02bb1d50a5f31e3a/element - {"using":"xpath","value":"//*[@id=\"application-managehandovers-display-component---AddNewHO--popup-sa\"]"}
RESULT: {"using":"xpath","value":"//*[@id=\"application-managehandovers-display-component---AddNewHO--popup-sa\"]"}
COMMAND: POST /session/8710bc86126986cf02bb1d50a5f31e3a/element/f.4F28C2583BB65896889CB8FD582548C6.d.AD85E3BDE3D04DCB17C0596F9973CBC9.e.11509/click - {}
RESULT: {}
COMMAND: GET /session/8710bc86126986cf02bb1d50a5f31e3a/screenshot - {}
RESULT: {}
COMMAND: POST /session/8710bc86126986cf02bb1d50a5f31e3a/element - {"using":"xpath","value":"//*[contains(@id ,\"BDI-content\")][contains(text(), \"Select\")]"}
RESULT: {"using":"xpath","value":"//*[contains(@id ,\"BDI-content\")][contains(text(), \"Select\")]"}
COMMAND: POST /session/8710bc86126986cf02bb1d50a5f31e3a/element/f.4F28C2583BB65896889CB8FD582548C6.d.AD85E3BDE3D04DCB17C0596F9973CBC9.e.11510/click - {}
RESULT: undefined
RESULT: undefined
RESULT: {}
COMMAND: GET /session/8710bc86126986cf02bb1d50a5f31e3a/screenshot - {}
RESULT: {}
COMMAND: POST /session/8710bc86126986cf02bb1d50a5f31e3a/execute/async - {"script":"<script> [1562 bytes]","args":[{"selector":{"id":"application-managehandovers-display-component---AddNewHO--confirmCreationButton","interaction":{"idSuffix":"BDI-content"}},"wdio_ui5_key":"applicationmanagehandovers-display-component---AddNewHO--confirmCreationButton"}]}
RESULT: {"script":"<script> [1562 bytes]","args":[{"selector":{"id":"application-managehandovers-display-component---AddNewHO--confirmCreationButton","interaction":{"idSuffix":"BDI-content"}},"wdio_ui5_key":"applicationmanagehandovers-display-component---AddNewHO--confirmCreationButton"}]}
RESULT: undefined
COMMAND: POST /session/8710bc86126986cf02bb1d50a5f31e3a/element - {"using":"xpath","value":"//*[@id=\"application-managehandovers-display-component---AddNewHO--confirmCreationButton\"]"}
RESULT: {"using":"xpath","value":"//*[@id=\"application-managehandovers-display-component---AddNewHO--confirmCreationButton\"]"}
COMMAND: POST /session/8710bc86126986cf02bb1d50a5f31e3a/element/f.4F28C2583BB65896889CB8FD582548C6.d.AD85E3BDE3D04DCB17C0596F9973CBC9.e.11300/click - {}
RESULT: {}
COMMAND: GET /session/8710bc86126986cf02bb1d50a5f31e3a/screenshot - {}
COMMAND: POST /session/8710bc86126986cf02bb1d50a5f31e3a/execute/async - {"script":"<script> [1562 bytes]","args":[{"selector":{"id":"issueDatePicker","viewName":"etm.portal.ui.managehandovers.view.DetailExecuteHO","interaction":{"idSuffix":"inner"}},"wdio_ui5_key":"issueDatePickeretmportal.ui.managehandovers.view.DetailExecuteHO"}]}
RESULT: {}
RESULT: {"script":"<script> [1562 bytes]","args":[{"selector":{"id":"issueDatePicker","viewName":"etm.portal.ui.managehandovers.view.DetailExecuteHO","interaction":{"idSuffix":"inner"}},"wdio_ui5_key":"issueDatePickeretmportal.ui.managehandovers.view.DetailExecuteHO"}]}
RESULT: undefined
COMMAND: POST /session/8710bc86126986cf02bb1d50a5f31e3a/execute/async - {"script":"<script> [776 bytes]","args":[{"enterText":"5/22/25","selector":{"id":"issueDatePicker","viewName":"etm.portal.ui.managehandovers.view.DetailExecuteHO","interaction":{"idSuffix":"inner"}},"clearTextFirst":true,"interactionType":"ENTER_TEXT"}]}
RESULT: {"script":"<script> [776 bytes]","args":[{"enterText":"5/22/25","selector":{"id":"issueDatePicker","viewName":"etm.portal.ui.managehandovers.view.DetailExecuteHO","interaction":{"idSuffix":"inner"}},"clearTextFirst":true,"interactionType":"ENTER_TEXT"}]}
COMMAND: POST /session/8710bc86126986cf02bb1d50a5f31e3a/element - {"using":"xpath","value":"//bdi[contains(text(), \"OK\")]"}
RESULT: {"using":"xpath","value":"//bdi[contains(text(), \"OK\")]"}
COMMAND: POST /session/8710bc86126986cf02bb1d50a5f31e3a/element/f.4F28C2583BB65896889CB8FD582548C6.d.AD85E3BDE3D04DCB17C0596F9973CBC9.e.11557/click - {}
RESULT: {}
COMMAND: GET /session/8710bc86126986cf02bb1d50a5f31e3a/screenshot - {}
RESULT: {}
COMMAND: POST /session/8710bc86126986cf02bb1d50a5f31e3a/element - {"using":"xpath","value":"//button[@data-kt=\"PickingTableConfirmAllButton\"]"}
RESULT: {"using":"xpath","value":"//button[@data-kt=\"PickingTableConfirmAllButton\"]"}
COMMAND: POST /session/8710bc86126986cf02bb1d50a5f31e3a/element/f.4F28C2583BB65896889CB8FD582548C6.d.AD85E3BDE3D04DCB17C0596F9973CBC9.e.11564/click - {}
RESULT: {}
COMMAND: GET /session/8710bc86126986cf02bb1d50a5f31e3a/screenshot - {}
RESULT: {}
COMMAND: POST /session/8710bc86126986cf02bb1d50a5f31e3a/element - {"using":"xpath","value":"//bdi[contains(text(), \"OK\")]"}
RESULT: {"using":"xpath","value":"//bdi[contains(text(), \"OK\")]"}
COMMAND: POST /session/8710bc86126986cf02bb1d50a5f31e3a/element/f.4F28C2583BB65896889CB8FD582548C6.d.AD85E3BDE3D04DCB17C0596F9973CBC9.e.11567/click - {}
RESULT: {}
COMMAND: GET /session/8710bc86126986cf02bb1d50a5f31e3a/screenshot - {}
RESULT: {}
COMMAND: POST /session/8710bc86126986cf02bb1d50a5f31e3a/element - {"using":"xpath","value":"//bdi[contains(text(), \"Issue\")]"}
RESULT: {"using":"xpath","value":"//bdi[contains(text(), \"Issue\")]"}
COMMAND: POST /session/8710bc86126986cf02bb1d50a5f31e3a/element/f.4F28C2583BB65896889CB8FD582548C6.d.AD85E3BDE3D04DCB17C0596F9973CBC9.e.11569/click - {}
RESULT: {}
COMMAND: GET /session/8710bc86126986cf02bb1d50a5f31e3a/screenshot - {}
RESULT: {}
COMMAND: POST /session/8710bc86126986cf02bb1d50a5f31e3a/element - {"using":"css selector","value":"#shell-header-logo"}
RESULT: {"using":"css selector","value":"#shell-header-logo"}
COMMAND: POST /session/8710bc86126986cf02bb1d50a5f31e3a/element/f.4F28C2583BB65896889CB8FD582548C6.d.AD85E3BDE3D04DCB17C0596F9973CBC9.e.10573/click - {}
RESULT: {}
COMMAND: GET /session/8710bc86126986cf02bb1d50a5f31e3a/screenshot - {}
RESULT: {}
]]></system-out>
    </testcase>
    <testcase classname="chrome.136_0_7103_93.windows.Create_master_data_for_mixed_billing_&amp;_do_billing_calculation_US151661" name="Should create a few performance documents" time="114.584">
      <system-out><![CDATA[
COMMAND: POST /session/8710bc86126986cf02bb1d50a5f31e3a/execute/async - {"script":"<script> [1562 bytes]","args":[{"selector":{"controlType":"sap.m.GenericTile","properties":{"header":"Manage States & Performance"}},"wdio_ui5_key":"sapm.GenericTile{\"header\":\"Manage States & Performance\"}"}]}
RESULT: {"script":"<script> [1562 bytes]","args":[{"selector":{"controlType":"sap.m.GenericTile","properties":{"header":"Manage States & Performance"}},"wdio_ui5_key":"sapm.GenericTile{\"header\":\"Manage States & Performance\"}"}]}
RESULT: undefined
COMMAND: POST /session/8710bc86126986cf02bb1d50a5f31e3a/element - {"using":"xpath","value":"//*[@id=\"__tile56\"]"}
RESULT: {"using":"xpath","value":"//*[@id=\"__tile56\"]"}
COMMAND: POST /session/8710bc86126986cf02bb1d50a5f31e3a/element/f.4F28C2583BB65896889CB8FD582548C6.d.AD85E3BDE3D04DCB17C0596F9973CBC9.e.4662/click - {}
RESULT: {}
COMMAND: GET /session/8710bc86126986cf02bb1d50a5f31e3a/screenshot - {}
RESULT: {}
COMMAND: POST /session/8710bc86126986cf02bb1d50a5f31e3a/elements - {"using":"xpath","value":"//span[text()='Error']"}
RESULT: {"using":"xpath","value":"//span[text()='Error']"}
COMMAND: POST /session/8710bc86126986cf02bb1d50a5f31e3a/execute/async - {"script":"<script> [1562 bytes]","args":[{"selector":{"id":"application-managestatesandperformance-display-component---stateAndPerform--smartFilterBarResources-btnBasicSearch","interaction":{"idSuffix":"I"}},"wdio_ui5_key":"applicationmanagestatesandperformance-display-component---stateAndPerform--smartFilterBarResources-btnBasicSearch"}]}
RESULT: {"script":"<script> [1562 bytes]","args":[{"selector":{"id":"application-managestatesandperformance-display-component---stateAndPerform--smartFilterBarResources-btnBasicSearch","interaction":{"idSuffix":"I"}},"wdio_ui5_key":"applicationmanagestatesandperformance-display-component---stateAndPerform--smartFilterBarResources-btnBasicSearch"}]}
RESULT: undefined
COMMAND: POST /session/8710bc86126986cf02bb1d50a5f31e3a/execute/async - {"script":"<script> [776 bytes]","args":[{"enterText":"83H8Tvok9B","selector":{"id":"application-managestatesandperformance-display-component---stateAndPerform--smartFilterBarResources-btnBasicSearch","interaction":{"idSuffix":"I"}},"clearTextFirst":true,"interactionType":"ENTER_TEXT"}]}
RESULT: {"script":"<script> [776 bytes]","args":[{"enterText":"83H8Tvok9B","selector":{"id":"application-managestatesandperformance-display-component---stateAndPerform--smartFilterBarResources-btnBasicSearch","interaction":{"idSuffix":"I"}},"clearTextFirst":true,"interactionType":"ENTER_TEXT"}]}
COMMAND: POST /session/8710bc86126986cf02bb1d50a5f31e3a/actions - {"actions":[{"id":"action45","type":"key","parameters":{},"actions":[{"type":"keyDown","value":""},{"type":"pause","duration":10},{"type":"keyUp","value":""}]}]}
RESULT: {"actions":[{"id":"action45","type":"key","parameters":{},"actions":[{"type":"keyDown","value":""},{"type":"pause","duration":10},{"type":"keyUp","value":""}]}]}
COMMAND: GET /session/8710bc86126986cf02bb1d50a5f31e3a/screenshot - {}
RESULT: {}
COMMAND: POST /session/8710bc86126986cf02bb1d50a5f31e3a/execute/async - {"script":"<script> [1562 bytes]","args":[{"selector":{"id":"application-managestatesandperformance-display-component---stateAndPerform--stateAndPerformResourcesSmartTable-header"},"wdio_ui5_key":"applicationmanagestatesandperformance-display-component---stateAndPerform--stateAndPerformResourcesSmartTable-header"}]}
RESULT: {"script":"<script> [1562 bytes]","args":[{"selector":{"id":"application-managestatesandperformance-display-component---stateAndPerform--stateAndPerformResourcesSmartTable-header"},"wdio_ui5_key":"applicationmanagestatesandperformance-display-component---stateAndPerform--stateAndPerformResourcesSmartTable-header"}]}
RESULT: undefined
COMMAND: POST /session/8710bc86126986cf02bb1d50a5f31e3a/execute/async - {"script":"<script> [6424 bytes]","args":[{"element-6066-11e4-a52e-4f735466cecf":"f.4F28C2583BB65896889CB8FD582548C6.d.AD85E3BDE3D04DCB17C0596F9973CBC9.e.11963"},"getText",[]]}
RESULT: {"script":"<script> [6424 bytes]","args":[{"element-6066-11e4-a52e-4f735466cecf":"f.4F28C2583BB65896889CB8FD582548C6.d.AD85E3BDE3D04DCB17C0596F9973CBC9.e.11963"},"getText",[]]}
COMMAND: POST /session/8710bc86126986cf02bb1d50a5f31e3a/execute/async - {"script":"<script> [1562 bytes]","args":[{"selector":{"controlType":"sap.ui.core.Icon","viewName":"etm.portal.ui.managestatesandperformance.view.Master","viewId":"application-managestatesandperformance-display-component---stateAndPerform","properties":{"src":{"regex":{"source":"slim\\-arrow\\-right"}}}},"wdio_ui5_key":"etmportal.ui.managestatesandperformance.view.Mastersap.ui.core.Icon{\"src\":{\"regex\":{\"source\":\"slim\\\\-arrow\\\\-right\"}}}"}]}
RESULT: {"script":"<script> [1562 bytes]","args":[{"selector":{"controlType":"sap.ui.core.Icon","viewName":"etm.portal.ui.managestatesandperformance.view.Master","viewId":"application-managestatesandperformance-display-component---stateAndPerform","properties":{"src":{"regex":{"source":"slim\\-arrow\\-right"}}}},"wdio_ui5_key":"etmportal.ui.managestatesandperformance.view.Mastersap.ui.core.Icon{\"src\":{\"regex\":{\"source\":\"slim\\\\-arrow\\\\-right\"}}}"}]}
RESULT: undefined
COMMAND: POST /session/8710bc86126986cf02bb1d50a5f31e3a/element - {"using":"xpath","value":"//*[@id=\"__item5001-__clone18410-imgNav\"]"}
RESULT: {"using":"xpath","value":"//*[@id=\"__item5001-__clone18410-imgNav\"]"}
COMMAND: POST /session/8710bc86126986cf02bb1d50a5f31e3a/element/f.4F28C2583BB65896889CB8FD582548C6.d.AD85E3BDE3D04DCB17C0596F9973CBC9.e.11962/click - {}
RESULT: {}
COMMAND: GET /session/8710bc86126986cf02bb1d50a5f31e3a/screenshot - {}
RESULT: {}
COMMAND: POST /session/8710bc86126986cf02bb1d50a5f31e3a/execute/async - {"script":"<script> [1562 bytes]","args":[{"selector":{"controlType":"sap.m.Button","viewName":"etm.portal.ui.managestatesandperformance.view.Detail","viewId":"application-managestatesandperformance-display-component---detailStateAndPerform","properties":{"text":"Performance Documents"}},"wdio_ui5_key":"etmportal.ui.managestatesandperformance.view.Detailsap.m.Button{\"text\":\"Performance Documents\"}"}]}
RESULT: {"script":"<script> [1562 bytes]","args":[{"selector":{"controlType":"sap.m.Button","viewName":"etm.portal.ui.managestatesandperformance.view.Detail","viewId":"application-managestatesandperformance-display-component---detailStateAndPerform","properties":{"text":"Performance Documents"}},"wdio_ui5_key":"etmportal.ui.managestatesandperformance.view.Detailsap.m.Button{\"text\":\"Performance Documents\"}"}]}
RESULT: undefined
COMMAND: POST /session/8710bc86126986cf02bb1d50a5f31e3a/element - {"using":"xpath","value":"//*[@id=\"__item5024-button\"]"}
RESULT: {"using":"xpath","value":"//*[@id=\"__item5024-button\"]"}
COMMAND: POST /session/8710bc86126986cf02bb1d50a5f31e3a/element/f.4F28C2583BB65896889CB8FD582548C6.d.AD85E3BDE3D04DCB17C0596F9973CBC9.e.12010/click - {}
RESULT: {}
COMMAND: POST /session/8710bc86126986cf02bb1d50a5f31e3a/execute/async - {"script":"<script> [1562 bytes]","args":[{"selector":{"controlType":"sap.m.Button","viewName":"etm.portal.ui.managestatesandperformance.view.Detail","viewId":"application-managestatesandperformance-display-component---detailStateAndPerform","i18NText":{"propertyName":"text","key":"createPerformanceDoc"},"interaction":{"idSuffix":"BDI-content"}},"wdio_ui5_key":"etmportal.ui.managestatesandperformance.view.Detailsap.m.Button{\"propertyName\":\"text\",\"key\":\"createPerformanceDoc\"}"}]}
COMMAND: GET /session/8710bc86126986cf02bb1d50a5f31e3a/screenshot - {}
RESULT: {"script":"<script> [1562 bytes]","args":[{"selector":{"controlType":"sap.m.Button","viewName":"etm.portal.ui.managestatesandperformance.view.Detail","viewId":"application-managestatesandperformance-display-component---detailStateAndPerform","i18NText":{"propertyName":"text","key":"createPerformanceDoc"},"interaction":{"idSuffix":"BDI-content"}},"wdio_ui5_key":"etmportal.ui.managestatesandperformance.view.Detailsap.m.Button{\"propertyName\":\"text\",\"key\":\"createPerformanceDoc\"}"}]}
RESULT: undefined
COMMAND: POST /session/8710bc86126986cf02bb1d50a5f31e3a/element - {"using":"xpath","value":"//*[@id=\"__button527\"]"}
RESULT: {}
RESULT: {"using":"xpath","value":"//*[@id=\"__button527\"]"}
COMMAND: POST /session/8710bc86126986cf02bb1d50a5f31e3a/element/f.4F28C2583BB65896889CB8FD582548C6.d.AD85E3BDE3D04DCB17C0596F9973CBC9.e.12014/click - {}
RESULT: {}
COMMAND: POST /session/8710bc86126986cf02bb1d50a5f31e3a/execute/async - {"script":"<script> [1562 bytes]","args":[{"selector":{"id":"application-managestatesandperformance-display-component---detailStateAndPerform--perfDocDatePicker","searchOpenDialogs":true,"interaction":{"idSuffix":"inner"}},"wdio_ui5_key":"applicationmanagestatesandperformance-display-component---detailStateAndPerform--perfDocDatePicker"}]}
COMMAND: GET /session/8710bc86126986cf02bb1d50a5f31e3a/screenshot - {}
RESULT: {}
RESULT: {"script":"<script> [1562 bytes]","args":[{"selector":{"id":"application-managestatesandperformance-display-component---detailStateAndPerform--perfDocDatePicker","searchOpenDialogs":true,"interaction":{"idSuffix":"inner"}},"wdio_ui5_key":"applicationmanagestatesandperformance-display-component---detailStateAndPerform--perfDocDatePicker"}]}
RESULT: undefined
COMMAND: POST /session/8710bc86126986cf02bb1d50a5f31e3a/execute/async - {"script":"<script> [776 bytes]","args":[{"enterText":"5/24/25","selector":{"id":"application-managestatesandperformance-display-component---detailStateAndPerform--perfDocDatePicker","searchOpenDialogs":true,"interaction":{"idSuffix":"inner"}},"clearTextFirst":true,"interactionType":"ENTER_TEXT"}]}
RESULT: {"script":"<script> [776 bytes]","args":[{"enterText":"5/24/25","selector":{"id":"application-managestatesandperformance-display-component---detailStateAndPerform--perfDocDatePicker","searchOpenDialogs":true,"interaction":{"idSuffix":"inner"}},"clearTextFirst":true,"interactionType":"ENTER_TEXT"}]}
COMMAND: POST /session/8710bc86126986cf02bb1d50a5f31e3a/execute/async - {"script":"<script> [1562 bytes]","args":[{"selector":{"id":"application-managestatesandperformance-display-component---detailStateAndPerform--counterValue-input","searchOpenDialogs":true,"interaction":{"idSuffix":"inner"}},"wdio_ui5_key":"applicationmanagestatesandperformance-display-component---detailStateAndPerform--counterValue-input"}]}
RESULT: {"script":"<script> [1562 bytes]","args":[{"selector":{"id":"application-managestatesandperformance-display-component---detailStateAndPerform--counterValue-input","searchOpenDialogs":true,"interaction":{"idSuffix":"inner"}},"wdio_ui5_key":"applicationmanagestatesandperformance-display-component---detailStateAndPerform--counterValue-input"}]}
RESULT: undefined
COMMAND: POST /session/8710bc86126986cf02bb1d50a5f31e3a/execute/async - {"script":"<script> [776 bytes]","args":[{"enterText":"15.00","selector":{"id":"application-managestatesandperformance-display-component---detailStateAndPerform--counterValue-input","searchOpenDialogs":true,"interaction":{"idSuffix":"inner"}},"clearTextFirst":true,"interactionType":"ENTER_TEXT"}]}
RESULT: {"script":"<script> [776 bytes]","args":[{"enterText":"15.00","selector":{"id":"application-managestatesandperformance-display-component---detailStateAndPerform--counterValue-input","searchOpenDialogs":true,"interaction":{"idSuffix":"inner"}},"clearTextFirst":true,"interactionType":"ENTER_TEXT"}]}
COMMAND: POST /session/8710bc86126986cf02bb1d50a5f31e3a/execute/async - {"script":"<script> [1562 bytes]","args":[{"selector":{"controlType":"sap.m.Button","viewName":"etm.portal.ui.managestatesandperformance.view.Detail","viewId":"application-managestatesandperformance-display-component---detailStateAndPerform","bindingPath":{"path":"","propertyPath":"/allowAddEdit","modelName":"oScreenModel"},"searchOpenDialogs":true,"interaction":{"idSuffix":"BDI-content"}},"wdio_ui5_key":"etmportal.ui.managestatesandperformance.view.Detailsap.m.Button{\"path\":\"\",\"propertyPath\":\"/allowAddEdit\",\"modelName\":\"oScreenModel\"}"}]}
RESULT: {"script":"<script> [1562 bytes]","args":[{"selector":{"controlType":"sap.m.Button","viewName":"etm.portal.ui.managestatesandperformance.view.Detail","viewId":"application-managestatesandperformance-display-component---detailStateAndPerform","bindingPath":{"path":"","propertyPath":"/allowAddEdit","modelName":"oScreenModel"},"searchOpenDialogs":true,"interaction":{"idSuffix":"BDI-content"}},"wdio_ui5_key":"etmportal.ui.managestatesandperformance.view.Detailsap.m.Button{\"path\":\"\",\"propertyPath\":\"/allowAddEdit\",\"modelName\":\"oScreenModel\"}"}]}
RESULT: undefined
COMMAND: POST /session/8710bc86126986cf02bb1d50a5f31e3a/element - {"using":"xpath","value":"//*[@id=\"__button534\"]"}
RESULT: {"using":"xpath","value":"//*[@id=\"__button534\"]"}
COMMAND: POST /session/8710bc86126986cf02bb1d50a5f31e3a/element/f.4F28C2583BB65896889CB8FD582548C6.d.AD85E3BDE3D04DCB17C0596F9973CBC9.e.12034/click - {}
RESULT: {}
RESULT: undefined
COMMAND: POST /session/8710bc86126986cf02bb1d50a5f31e3a/element - {"using":"xpath","value":"//*[@id=\"__button527\"]"}
COMMAND: GET /session/8710bc86126986cf02bb1d50a5f31e3a/screenshot - {}
RESULT: {"using":"xpath","value":"//*[@id=\"__button527\"]"}
COMMAND: POST /session/8710bc86126986cf02bb1d50a5f31e3a/element/f.4F28C2583BB65896889CB8FD582548C6.d.AD85E3BDE3D04DCB17C0596F9973CBC9.e.12014/click - {}
RESULT: {}
RESULT: {}
RESULT: undefined
COMMAND: POST /session/8710bc86126986cf02bb1d50a5f31e3a/execute/async - {"script":"<script> [776 bytes]","args":[{"enterText":"5/28/25","selector":{"id":"application-managestatesandperformance-display-component---detailStateAndPerform--perfDocDatePicker","searchOpenDialogs":true,"interaction":{"idSuffix":"inner"}},"clearTextFirst":true,"interactionType":"ENTER_TEXT"}]}
COMMAND: GET /session/8710bc86126986cf02bb1d50a5f31e3a/screenshot - {}
RESULT: {"script":"<script> [776 bytes]","args":[{"enterText":"5/28/25","selector":{"id":"application-managestatesandperformance-display-component---detailStateAndPerform--perfDocDatePicker","searchOpenDialogs":true,"interaction":{"idSuffix":"inner"}},"clearTextFirst":true,"interactionType":"ENTER_TEXT"}]}
RESULT: undefined
COMMAND: POST /session/8710bc86126986cf02bb1d50a5f31e3a/execute/async - {"script":"<script> [776 bytes]","args":[{"enterText":"20.00","selector":{"id":"application-managestatesandperformance-display-component---detailStateAndPerform--counterValue-input","searchOpenDialogs":true,"interaction":{"idSuffix":"inner"}},"clearTextFirst":true,"interactionType":"ENTER_TEXT"}]}
RESULT: {}
RESULT: {"script":"<script> [776 bytes]","args":[{"enterText":"20.00","selector":{"id":"application-managestatesandperformance-display-component---detailStateAndPerform--counterValue-input","searchOpenDialogs":true,"interaction":{"idSuffix":"inner"}},"clearTextFirst":true,"interactionType":"ENTER_TEXT"}]}
COMMAND: POST /session/8710bc86126986cf02bb1d50a5f31e3a/actions - {"actions":[{"id":"action46","type":"key","parameters":{},"actions":[{"type":"keyDown","value":""},{"type":"keyDown","value":""},{"type":"pause","duration":10},{"type":"keyUp","value":""},{"type":"keyUp","value":""}]}]}
RESULT: {"actions":[{"id":"action46","type":"key","parameters":{},"actions":[{"type":"keyDown","value":""},{"type":"keyDown","value":""},{"type":"pause","duration":10},{"type":"keyUp","value":""},{"type":"keyUp","value":""}]}]}
COMMAND: POST /session/8710bc86126986cf02bb1d50a5f31e3a/actions - {"actions":[{"id":"action47","type":"key","parameters":{},"actions":[{"type":"keyDown","value":""},{"type":"pause","duration":10},{"type":"keyUp","value":""}]}]}
COMMAND: GET /session/8710bc86126986cf02bb1d50a5f31e3a/screenshot - {}
RESULT: {"actions":[{"id":"action47","type":"key","parameters":{},"actions":[{"type":"keyDown","value":""},{"type":"pause","duration":10},{"type":"keyUp","value":""}]}]}
RESULT: undefined
COMMAND: POST /session/8710bc86126986cf02bb1d50a5f31e3a/element - {"using":"xpath","value":"//*[@id=\"__button534\"]"}
COMMAND: GET /session/8710bc86126986cf02bb1d50a5f31e3a/screenshot - {}
RESULT: {}
RESULT: {"using":"xpath","value":"//*[@id=\"__button534\"]"}
COMMAND: POST /session/8710bc86126986cf02bb1d50a5f31e3a/elements - {"using":"xpath","value":"//*[@id=\"__button534\"]"}
RESULT: {}
RESULT: {"using":"xpath","value":"//*[@id=\"__button534\"]"}
COMMAND: POST /session/8710bc86126986cf02bb1d50a5f31e3a/elements - {"using":"xpath","value":"//*[@id=\"__button534\"]"}
RESULT: {"using":"xpath","value":"//*[@id=\"__button534\"]"}
COMMAND: POST /session/8710bc86126986cf02bb1d50a5f31e3a/elements - {"using":"xpath","value":"//*[@id=\"__button534\"]"}
RESULT: {"using":"xpath","value":"//*[@id=\"__button534\"]"}
COMMAND: POST /session/8710bc86126986cf02bb1d50a5f31e3a/elements - {"using":"xpath","value":"//*[@id=\"__button534\"]"}
RESULT: {"using":"xpath","value":"//*[@id=\"__button534\"]"}
COMMAND: POST /session/8710bc86126986cf02bb1d50a5f31e3a/elements - {"using":"xpath","value":"//*[@id=\"__button534\"]"}
RESULT: {"using":"xpath","value":"//*[@id=\"__button534\"]"}
COMMAND: POST /session/8710bc86126986cf02bb1d50a5f31e3a/elements - {"using":"xpath","value":"//*[@id=\"__button534\"]"}
RESULT: {"using":"xpath","value":"//*[@id=\"__button534\"]"}
COMMAND: POST /session/8710bc86126986cf02bb1d50a5f31e3a/elements - {"using":"xpath","value":"//*[@id=\"__button534\"]"}
RESULT: {"using":"xpath","value":"//*[@id=\"__button534\"]"}
COMMAND: POST /session/8710bc86126986cf02bb1d50a5f31e3a/elements - {"using":"xpath","value":"//*[@id=\"__button534\"]"}
RESULT: {"using":"xpath","value":"//*[@id=\"__button534\"]"}
COMMAND: POST /session/8710bc86126986cf02bb1d50a5f31e3a/elements - {"using":"xpath","value":"//*[@id=\"__button534\"]"}
RESULT: {"using":"xpath","value":"//*[@id=\"__button534\"]"}
COMMAND: POST /session/8710bc86126986cf02bb1d50a5f31e3a/elements - {"using":"xpath","value":"//*[@id=\"__button534\"]"}
RESULT: {"using":"xpath","value":"//*[@id=\"__button534\"]"}
COMMAND: POST /session/8710bc86126986cf02bb1d50a5f31e3a/elements - {"using":"xpath","value":"//*[@id=\"__button534\"]"}
RESULT: {"using":"xpath","value":"//*[@id=\"__button534\"]"}
COMMAND: POST /session/8710bc86126986cf02bb1d50a5f31e3a/elements - {"using":"xpath","value":"//*[@id=\"__button534\"]"}
RESULT: {"using":"xpath","value":"//*[@id=\"__button534\"]"}
COMMAND: POST /session/8710bc86126986cf02bb1d50a5f31e3a/elements - {"using":"xpath","value":"//*[@id=\"__button534\"]"}
RESULT: {"using":"xpath","value":"//*[@id=\"__button534\"]"}
COMMAND: POST /session/8710bc86126986cf02bb1d50a5f31e3a/elements - {"using":"xpath","value":"//*[@id=\"__button534\"]"}
RESULT: {"using":"xpath","value":"//*[@id=\"__button534\"]"}
COMMAND: POST /session/8710bc86126986cf02bb1d50a5f31e3a/elements - {"using":"xpath","value":"//*[@id=\"__button534\"]"}
RESULT: {"using":"xpath","value":"//*[@id=\"__button534\"]"}
COMMAND: POST /session/8710bc86126986cf02bb1d50a5f31e3a/elements - {"using":"xpath","value":"//*[@id=\"__button534\"]"}
RESULT: {"using":"xpath","value":"//*[@id=\"__button534\"]"}
COMMAND: POST /session/8710bc86126986cf02bb1d50a5f31e3a/elements - {"using":"xpath","value":"//*[@id=\"__button534\"]"}
RESULT: {"using":"xpath","value":"//*[@id=\"__button534\"]"}
COMMAND: POST /session/8710bc86126986cf02bb1d50a5f31e3a/elements - {"using":"xpath","value":"//*[@id=\"__button534\"]"}
RESULT: {"using":"xpath","value":"//*[@id=\"__button534\"]"}
COMMAND: POST /session/8710bc86126986cf02bb1d50a5f31e3a/elements - {"using":"xpath","value":"//*[@id=\"__button534\"]"}
RESULT: {"using":"xpath","value":"//*[@id=\"__button534\"]"}
COMMAND: POST /session/8710bc86126986cf02bb1d50a5f31e3a/elements - {"using":"xpath","value":"//*[@id=\"__button534\"]"}
RESULT: {"using":"xpath","value":"//*[@id=\"__button534\"]"}
COMMAND: POST /session/8710bc86126986cf02bb1d50a5f31e3a/elements - {"using":"xpath","value":"//*[@id=\"__button534\"]"}
RESULT: {"using":"xpath","value":"//*[@id=\"__button534\"]"}
COMMAND: POST /session/8710bc86126986cf02bb1d50a5f31e3a/elements - {"using":"xpath","value":"//*[@id=\"__button534\"]"}
RESULT: {"using":"xpath","value":"//*[@id=\"__button534\"]"}
COMMAND: POST /session/8710bc86126986cf02bb1d50a5f31e3a/elements - {"using":"xpath","value":"//*[@id=\"__button534\"]"}
RESULT: {"using":"xpath","value":"//*[@id=\"__button534\"]"}
COMMAND: POST /session/8710bc86126986cf02bb1d50a5f31e3a/elements - {"using":"xpath","value":"//*[@id=\"__button534\"]"}
RESULT: {"using":"xpath","value":"//*[@id=\"__button534\"]"}
COMMAND: POST /session/8710bc86126986cf02bb1d50a5f31e3a/elements - {"using":"xpath","value":"//*[@id=\"__button534\"]"}
RESULT: {"using":"xpath","value":"//*[@id=\"__button534\"]"}
COMMAND: POST /session/8710bc86126986cf02bb1d50a5f31e3a/elements - {"using":"xpath","value":"//*[@id=\"__button534\"]"}
RESULT: {"using":"xpath","value":"//*[@id=\"__button534\"]"}
COMMAND: POST /session/8710bc86126986cf02bb1d50a5f31e3a/elements - {"using":"xpath","value":"//*[@id=\"__button534\"]"}
RESULT: {"using":"xpath","value":"//*[@id=\"__button534\"]"}
COMMAND: POST /session/8710bc86126986cf02bb1d50a5f31e3a/elements - {"using":"xpath","value":"//*[@id=\"__button534\"]"}
RESULT: {"using":"xpath","value":"//*[@id=\"__button534\"]"}
COMMAND: POST /session/8710bc86126986cf02bb1d50a5f31e3a/elements - {"using":"xpath","value":"//*[@id=\"__button534\"]"}
RESULT: {"using":"xpath","value":"//*[@id=\"__button534\"]"}
COMMAND: POST /session/8710bc86126986cf02bb1d50a5f31e3a/elements - {"using":"xpath","value":"//*[@id=\"__button534\"]"}
RESULT: {"using":"xpath","value":"//*[@id=\"__button534\"]"}
COMMAND: POST /session/8710bc86126986cf02bb1d50a5f31e3a/elements - {"using":"xpath","value":"//*[@id=\"__button534\"]"}
RESULT: {"using":"xpath","value":"//*[@id=\"__button534\"]"}
COMMAND: POST /session/8710bc86126986cf02bb1d50a5f31e3a/elements - {"using":"xpath","value":"//*[@id=\"__button534\"]"}
RESULT: {"using":"xpath","value":"//*[@id=\"__button534\"]"}
COMMAND: POST /session/8710bc86126986cf02bb1d50a5f31e3a/elements - {"using":"xpath","value":"//*[@id=\"__button534\"]"}
RESULT: {"using":"xpath","value":"//*[@id=\"__button534\"]"}
COMMAND: POST /session/8710bc86126986cf02bb1d50a5f31e3a/elements - {"using":"xpath","value":"//*[@id=\"__button534\"]"}
RESULT: {"using":"xpath","value":"//*[@id=\"__button534\"]"}
COMMAND: POST /session/8710bc86126986cf02bb1d50a5f31e3a/elements - {"using":"xpath","value":"//*[@id=\"__button534\"]"}
RESULT: {"using":"xpath","value":"//*[@id=\"__button534\"]"}
COMMAND: POST /session/8710bc86126986cf02bb1d50a5f31e3a/elements - {"using":"xpath","value":"//*[@id=\"__button534\"]"}
RESULT: {"using":"xpath","value":"//*[@id=\"__button534\"]"}
COMMAND: POST /session/8710bc86126986cf02bb1d50a5f31e3a/elements - {"using":"xpath","value":"//*[@id=\"__button534\"]"}
RESULT: {"using":"xpath","value":"//*[@id=\"__button534\"]"}
COMMAND: POST /session/8710bc86126986cf02bb1d50a5f31e3a/elements - {"using":"xpath","value":"//*[@id=\"__button534\"]"}
RESULT: {"using":"xpath","value":"//*[@id=\"__button534\"]"}
COMMAND: POST /session/8710bc86126986cf02bb1d50a5f31e3a/elements - {"using":"xpath","value":"//*[@id=\"__button534\"]"}
RESULT: {"using":"xpath","value":"//*[@id=\"__button534\"]"}
COMMAND: POST /session/8710bc86126986cf02bb1d50a5f31e3a/elements - {"using":"xpath","value":"//*[@id=\"__button534\"]"}
RESULT: {"using":"xpath","value":"//*[@id=\"__button534\"]"}
COMMAND: POST /session/8710bc86126986cf02bb1d50a5f31e3a/elements - {"using":"xpath","value":"//*[@id=\"__button534\"]"}
RESULT: {"using":"xpath","value":"//*[@id=\"__button534\"]"}
COMMAND: POST /session/8710bc86126986cf02bb1d50a5f31e3a/elements - {"using":"xpath","value":"//*[@id=\"__button534\"]"}
RESULT: {"using":"xpath","value":"//*[@id=\"__button534\"]"}
COMMAND: POST /session/8710bc86126986cf02bb1d50a5f31e3a/elements - {"using":"xpath","value":"//*[@id=\"__button534\"]"}
RESULT: {"using":"xpath","value":"//*[@id=\"__button534\"]"}
COMMAND: POST /session/8710bc86126986cf02bb1d50a5f31e3a/elements - {"using":"xpath","value":"//*[@id=\"__button534\"]"}
RESULT: {"using":"xpath","value":"//*[@id=\"__button534\"]"}
COMMAND: POST /session/8710bc86126986cf02bb1d50a5f31e3a/elements - {"using":"xpath","value":"//*[@id=\"__button534\"]"}
RESULT: {"using":"xpath","value":"//*[@id=\"__button534\"]"}
COMMAND: POST /session/8710bc86126986cf02bb1d50a5f31e3a/elements - {"using":"xpath","value":"//*[@id=\"__button534\"]"}
RESULT: {"using":"xpath","value":"//*[@id=\"__button534\"]"}
COMMAND: POST /session/8710bc86126986cf02bb1d50a5f31e3a/elements - {"using":"xpath","value":"//*[@id=\"__button534\"]"}
RESULT: {"using":"xpath","value":"//*[@id=\"__button534\"]"}
COMMAND: POST /session/8710bc86126986cf02bb1d50a5f31e3a/elements - {"using":"xpath","value":"//*[@id=\"__button534\"]"}
RESULT: {"using":"xpath","value":"//*[@id=\"__button534\"]"}
COMMAND: POST /session/8710bc86126986cf02bb1d50a5f31e3a/elements - {"using":"xpath","value":"//*[@id=\"__button534\"]"}
RESULT: {"using":"xpath","value":"//*[@id=\"__button534\"]"}
COMMAND: POST /session/8710bc86126986cf02bb1d50a5f31e3a/elements - {"using":"xpath","value":"//*[@id=\"__button534\"]"}
RESULT: {"using":"xpath","value":"//*[@id=\"__button534\"]"}
COMMAND: POST /session/8710bc86126986cf02bb1d50a5f31e3a/elements - {"using":"xpath","value":"//*[@id=\"__button534\"]"}
RESULT: {"using":"xpath","value":"//*[@id=\"__button534\"]"}
COMMAND: POST /session/8710bc86126986cf02bb1d50a5f31e3a/elements - {"using":"xpath","value":"//*[@id=\"__button534\"]"}
RESULT: {"using":"xpath","value":"//*[@id=\"__button534\"]"}
COMMAND: POST /session/8710bc86126986cf02bb1d50a5f31e3a/elements - {"using":"xpath","value":"//*[@id=\"__button534\"]"}
RESULT: {"using":"xpath","value":"//*[@id=\"__button534\"]"}
COMMAND: POST /session/8710bc86126986cf02bb1d50a5f31e3a/elements - {"using":"xpath","value":"//*[@id=\"__button534\"]"}
RESULT: {"using":"xpath","value":"//*[@id=\"__button534\"]"}
COMMAND: POST /session/8710bc86126986cf02bb1d50a5f31e3a/elements - {"using":"xpath","value":"//*[@id=\"__button534\"]"}
RESULT: {"using":"xpath","value":"//*[@id=\"__button534\"]"}
COMMAND: POST /session/8710bc86126986cf02bb1d50a5f31e3a/elements - {"using":"xpath","value":"//*[@id=\"__button534\"]"}
RESULT: {"using":"xpath","value":"//*[@id=\"__button534\"]"}
COMMAND: POST /session/8710bc86126986cf02bb1d50a5f31e3a/elements - {"using":"xpath","value":"//*[@id=\"__button534\"]"}
RESULT: {"using":"xpath","value":"//*[@id=\"__button534\"]"}
COMMAND: POST /session/8710bc86126986cf02bb1d50a5f31e3a/elements - {"using":"xpath","value":"//*[@id=\"__button534\"]"}
RESULT: {"using":"xpath","value":"//*[@id=\"__button534\"]"}
COMMAND: POST /session/8710bc86126986cf02bb1d50a5f31e3a/elements - {"using":"xpath","value":"//*[@id=\"__button534\"]"}
RESULT: {"using":"xpath","value":"//*[@id=\"__button534\"]"}
COMMAND: POST /session/8710bc86126986cf02bb1d50a5f31e3a/elements - {"using":"xpath","value":"//*[@id=\"__button534\"]"}
RESULT: {"using":"xpath","value":"//*[@id=\"__button534\"]"}
COMMAND: POST /session/8710bc86126986cf02bb1d50a5f31e3a/elements - {"using":"xpath","value":"//*[@id=\"__button534\"]"}
RESULT: {"using":"xpath","value":"//*[@id=\"__button534\"]"}
COMMAND: POST /session/8710bc86126986cf02bb1d50a5f31e3a/elements - {"using":"xpath","value":"//*[@id=\"__button534\"]"}
RESULT: {"using":"xpath","value":"//*[@id=\"__button534\"]"}
COMMAND: POST /session/8710bc86126986cf02bb1d50a5f31e3a/elements - {"using":"xpath","value":"//*[@id=\"__button534\"]"}
RESULT: {"using":"xpath","value":"//*[@id=\"__button534\"]"}
COMMAND: POST /session/8710bc86126986cf02bb1d50a5f31e3a/elements - {"using":"xpath","value":"//*[@id=\"__button534\"]"}
RESULT: {"using":"xpath","value":"//*[@id=\"__button534\"]"}
COMMAND: POST /session/8710bc86126986cf02bb1d50a5f31e3a/elements - {"using":"xpath","value":"//*[@id=\"__button534\"]"}
RESULT: {"using":"xpath","value":"//*[@id=\"__button534\"]"}
COMMAND: POST /session/8710bc86126986cf02bb1d50a5f31e3a/elements - {"using":"xpath","value":"//*[@id=\"__button534\"]"}
RESULT: {"using":"xpath","value":"//*[@id=\"__button534\"]"}
COMMAND: POST /session/8710bc86126986cf02bb1d50a5f31e3a/elements - {"using":"xpath","value":"//*[@id=\"__button534\"]"}
RESULT: {"using":"xpath","value":"//*[@id=\"__button534\"]"}
COMMAND: POST /session/8710bc86126986cf02bb1d50a5f31e3a/elements - {"using":"xpath","value":"//*[@id=\"__button534\"]"}
RESULT: {"using":"xpath","value":"//*[@id=\"__button534\"]"}
COMMAND: POST /session/8710bc86126986cf02bb1d50a5f31e3a/elements - {"using":"xpath","value":"//*[@id=\"__button534\"]"}
RESULT: {"using":"xpath","value":"//*[@id=\"__button534\"]"}
COMMAND: POST /session/8710bc86126986cf02bb1d50a5f31e3a/elements - {"using":"xpath","value":"//*[@id=\"__button534\"]"}
RESULT: {"using":"xpath","value":"//*[@id=\"__button534\"]"}
COMMAND: POST /session/8710bc86126986cf02bb1d50a5f31e3a/elements - {"using":"xpath","value":"//*[@id=\"__button534\"]"}
RESULT: {"using":"xpath","value":"//*[@id=\"__button534\"]"}
COMMAND: POST /session/8710bc86126986cf02bb1d50a5f31e3a/elements - {"using":"xpath","value":"//*[@id=\"__button534\"]"}
RESULT: {"using":"xpath","value":"//*[@id=\"__button534\"]"}
COMMAND: POST /session/8710bc86126986cf02bb1d50a5f31e3a/elements - {"using":"xpath","value":"//*[@id=\"__button534\"]"}
RESULT: {"using":"xpath","value":"//*[@id=\"__button534\"]"}
COMMAND: POST /session/8710bc86126986cf02bb1d50a5f31e3a/elements - {"using":"xpath","value":"//*[@id=\"__button534\"]"}
RESULT: {"using":"xpath","value":"//*[@id=\"__button534\"]"}
COMMAND: POST /session/8710bc86126986cf02bb1d50a5f31e3a/elements - {"using":"xpath","value":"//*[@id=\"__button534\"]"}
RESULT: {"using":"xpath","value":"//*[@id=\"__button534\"]"}
COMMAND: POST /session/8710bc86126986cf02bb1d50a5f31e3a/elements - {"using":"xpath","value":"//*[@id=\"__button534\"]"}
RESULT: {"using":"xpath","value":"//*[@id=\"__button534\"]"}
COMMAND: POST /session/8710bc86126986cf02bb1d50a5f31e3a/elements - {"using":"xpath","value":"//*[@id=\"__button534\"]"}
RESULT: {"using":"xpath","value":"//*[@id=\"__button534\"]"}
COMMAND: POST /session/8710bc86126986cf02bb1d50a5f31e3a/elements - {"using":"xpath","value":"//*[@id=\"__button534\"]"}
RESULT: {"using":"xpath","value":"//*[@id=\"__button534\"]"}
COMMAND: POST /session/8710bc86126986cf02bb1d50a5f31e3a/elements - {"using":"xpath","value":"//*[@id=\"__button534\"]"}
RESULT: {"using":"xpath","value":"//*[@id=\"__button534\"]"}
COMMAND: POST /session/8710bc86126986cf02bb1d50a5f31e3a/elements - {"using":"xpath","value":"//*[@id=\"__button534\"]"}
RESULT: {"using":"xpath","value":"//*[@id=\"__button534\"]"}
COMMAND: POST /session/8710bc86126986cf02bb1d50a5f31e3a/elements - {"using":"xpath","value":"//*[@id=\"__button534\"]"}
RESULT: {"using":"xpath","value":"//*[@id=\"__button534\"]"}
COMMAND: POST /session/8710bc86126986cf02bb1d50a5f31e3a/elements - {"using":"xpath","value":"//*[@id=\"__button534\"]"}
RESULT: {"using":"xpath","value":"//*[@id=\"__button534\"]"}
COMMAND: POST /session/8710bc86126986cf02bb1d50a5f31e3a/elements - {"using":"xpath","value":"//*[@id=\"__button534\"]"}
RESULT: {"using":"xpath","value":"//*[@id=\"__button534\"]"}
COMMAND: POST /session/8710bc86126986cf02bb1d50a5f31e3a/elements - {"using":"xpath","value":"//*[@id=\"__button534\"]"}
RESULT: {"using":"xpath","value":"//*[@id=\"__button534\"]"}
COMMAND: POST /session/8710bc86126986cf02bb1d50a5f31e3a/elements - {"using":"xpath","value":"//*[@id=\"__button534\"]"}
RESULT: {"using":"xpath","value":"//*[@id=\"__button534\"]"}
COMMAND: POST /session/8710bc86126986cf02bb1d50a5f31e3a/elements - {"using":"xpath","value":"//*[@id=\"__button534\"]"}
RESULT: {"using":"xpath","value":"//*[@id=\"__button534\"]"}
COMMAND: POST /session/8710bc86126986cf02bb1d50a5f31e3a/elements - {"using":"xpath","value":"//*[@id=\"__button534\"]"}
RESULT: {"using":"xpath","value":"//*[@id=\"__button534\"]"}
COMMAND: POST /session/8710bc86126986cf02bb1d50a5f31e3a/elements - {"using":"xpath","value":"//*[@id=\"__button534\"]"}
RESULT: {"using":"xpath","value":"//*[@id=\"__button534\"]"}
COMMAND: POST /session/8710bc86126986cf02bb1d50a5f31e3a/elements - {"using":"xpath","value":"//*[@id=\"__button534\"]"}
RESULT: {"using":"xpath","value":"//*[@id=\"__button534\"]"}
COMMAND: POST /session/8710bc86126986cf02bb1d50a5f31e3a/elements - {"using":"xpath","value":"//*[@id=\"__button534\"]"}
RESULT: {"using":"xpath","value":"//*[@id=\"__button534\"]"}
COMMAND: POST /session/8710bc86126986cf02bb1d50a5f31e3a/elements - {"using":"xpath","value":"//*[@id=\"__button534\"]"}
RESULT: {"using":"xpath","value":"//*[@id=\"__button534\"]"}
COMMAND: POST /session/8710bc86126986cf02bb1d50a5f31e3a/elements - {"using":"xpath","value":"//*[@id=\"__button534\"]"}
RESULT: {"using":"xpath","value":"//*[@id=\"__button534\"]"}
COMMAND: POST /session/8710bc86126986cf02bb1d50a5f31e3a/elements - {"using":"xpath","value":"//*[@id=\"__button534\"]"}
RESULT: {"using":"xpath","value":"//*[@id=\"__button534\"]"}
COMMAND: POST /session/8710bc86126986cf02bb1d50a5f31e3a/elements - {"using":"xpath","value":"//*[@id=\"__button534\"]"}
RESULT: {"using":"xpath","value":"//*[@id=\"__button534\"]"}
COMMAND: POST /session/8710bc86126986cf02bb1d50a5f31e3a/elements - {"using":"xpath","value":"//*[@id=\"__button534\"]"}
RESULT: {"using":"xpath","value":"//*[@id=\"__button534\"]"}
COMMAND: POST /session/8710bc86126986cf02bb1d50a5f31e3a/elements - {"using":"xpath","value":"//*[@id=\"__button534\"]"}
RESULT: {"using":"xpath","value":"//*[@id=\"__button534\"]"}
COMMAND: POST /session/8710bc86126986cf02bb1d50a5f31e3a/elements - {"using":"xpath","value":"//*[@id=\"__button534\"]"}
RESULT: {"using":"xpath","value":"//*[@id=\"__button534\"]"}
COMMAND: POST /session/8710bc86126986cf02bb1d50a5f31e3a/elements - {"using":"xpath","value":"//*[@id=\"__button534\"]"}
RESULT: {"using":"xpath","value":"//*[@id=\"__button534\"]"}
COMMAND: POST /session/8710bc86126986cf02bb1d50a5f31e3a/elements - {"using":"xpath","value":"//*[@id=\"__button534\"]"}
RESULT: {"using":"xpath","value":"//*[@id=\"__button534\"]"}
COMMAND: POST /session/8710bc86126986cf02bb1d50a5f31e3a/elements - {"using":"xpath","value":"//*[@id=\"__button534\"]"}
RESULT: {"using":"xpath","value":"//*[@id=\"__button534\"]"}
COMMAND: POST /session/8710bc86126986cf02bb1d50a5f31e3a/elements - {"using":"xpath","value":"//*[@id=\"__button534\"]"}
RESULT: {"using":"xpath","value":"//*[@id=\"__button534\"]"}
COMMAND: POST /session/8710bc86126986cf02bb1d50a5f31e3a/elements - {"using":"xpath","value":"//*[@id=\"__button534\"]"}
RESULT: {"using":"xpath","value":"//*[@id=\"__button534\"]"}
COMMAND: POST /session/8710bc86126986cf02bb1d50a5f31e3a/elements - {"using":"xpath","value":"//*[@id=\"__button534\"]"}
RESULT: {"using":"xpath","value":"//*[@id=\"__button534\"]"}
COMMAND: POST /session/8710bc86126986cf02bb1d50a5f31e3a/elements - {"using":"xpath","value":"//*[@id=\"__button534\"]"}
RESULT: {"using":"xpath","value":"//*[@id=\"__button534\"]"}
COMMAND: POST /session/8710bc86126986cf02bb1d50a5f31e3a/elements - {"using":"xpath","value":"//*[@id=\"__button534\"]"}
RESULT: {"using":"xpath","value":"//*[@id=\"__button534\"]"}
COMMAND: POST /session/8710bc86126986cf02bb1d50a5f31e3a/elements - {"using":"xpath","value":"//*[@id=\"__button534\"]"}
RESULT: {"using":"xpath","value":"//*[@id=\"__button534\"]"}
COMMAND: POST /session/8710bc86126986cf02bb1d50a5f31e3a/elements - {"using":"xpath","value":"//*[@id=\"__button534\"]"}
RESULT: {"using":"xpath","value":"//*[@id=\"__button534\"]"}
COMMAND: POST /session/8710bc86126986cf02bb1d50a5f31e3a/elements - {"using":"xpath","value":"//*[@id=\"__button534\"]"}
RESULT: {"using":"xpath","value":"//*[@id=\"__button534\"]"}
COMMAND: POST /session/8710bc86126986cf02bb1d50a5f31e3a/elements - {"using":"xpath","value":"//*[@id=\"__button534\"]"}
RESULT: {"using":"xpath","value":"//*[@id=\"__button534\"]"}
COMMAND: POST /session/8710bc86126986cf02bb1d50a5f31e3a/elements - {"using":"xpath","value":"//*[@id=\"__button534\"]"}
RESULT: {"using":"xpath","value":"//*[@id=\"__button534\"]"}
COMMAND: POST /session/8710bc86126986cf02bb1d50a5f31e3a/elements - {"using":"xpath","value":"//*[@id=\"__button534\"]"}
RESULT: {"using":"xpath","value":"//*[@id=\"__button534\"]"}
COMMAND: POST /session/8710bc86126986cf02bb1d50a5f31e3a/elements - {"using":"xpath","value":"//*[@id=\"__button534\"]"}
RESULT: {"using":"xpath","value":"//*[@id=\"__button534\"]"}
COMMAND: POST /session/8710bc86126986cf02bb1d50a5f31e3a/elements - {"using":"xpath","value":"//*[@id=\"__button534\"]"}
RESULT: {"using":"xpath","value":"//*[@id=\"__button534\"]"}
COMMAND: POST /session/8710bc86126986cf02bb1d50a5f31e3a/elements - {"using":"xpath","value":"//*[@id=\"__button534\"]"}
RESULT: {"using":"xpath","value":"//*[@id=\"__button534\"]"}
COMMAND: POST /session/8710bc86126986cf02bb1d50a5f31e3a/elements - {"using":"xpath","value":"//*[@id=\"__button534\"]"}
RESULT: {"using":"xpath","value":"//*[@id=\"__button534\"]"}
COMMAND: POST /session/8710bc86126986cf02bb1d50a5f31e3a/elements - {"using":"xpath","value":"//*[@id=\"__button534\"]"}
RESULT: {"using":"xpath","value":"//*[@id=\"__button534\"]"}
COMMAND: POST /session/8710bc86126986cf02bb1d50a5f31e3a/elements - {"using":"xpath","value":"//*[@id=\"__button534\"]"}
RESULT: {"using":"xpath","value":"//*[@id=\"__button534\"]"}
COMMAND: POST /session/8710bc86126986cf02bb1d50a5f31e3a/elements - {"using":"xpath","value":"//*[@id=\"__button534\"]"}
RESULT: {"using":"xpath","value":"//*[@id=\"__button534\"]"}
COMMAND: POST /session/8710bc86126986cf02bb1d50a5f31e3a/elements - {"using":"xpath","value":"//*[@id=\"__button534\"]"}
RESULT: {"using":"xpath","value":"//*[@id=\"__button534\"]"}
COMMAND: POST /session/8710bc86126986cf02bb1d50a5f31e3a/elements - {"using":"xpath","value":"//*[@id=\"__button534\"]"}
RESULT: {"using":"xpath","value":"//*[@id=\"__button534\"]"}
COMMAND: POST /session/8710bc86126986cf02bb1d50a5f31e3a/element - {"using":"css selector","value":"#shell-header-logo"}
RESULT: {"using":"css selector","value":"#shell-header-logo"}
COMMAND: POST /session/8710bc86126986cf02bb1d50a5f31e3a/execute/sync - {"script":"<script> [8489 bytes]","args":[{"element-6066-11e4-a52e-4f735466cecf":"f.4F28C2583BB65896889CB8FD582548C6.d.AD85E3BDE3D04DCB17C0596F9973CBC9.e.11861","ELEMENT":"f.4F28C2583BB65896889CB8FD582548C6.d.AD85E3BDE3D04DCB17C0596F9973CBC9.e.11861"}]}
RESULT: {"script":"<script> [8489 bytes]","args":[{"element-6066-11e4-a52e-4f735466cecf":"f.4F28C2583BB65896889CB8FD582548C6.d.AD85E3BDE3D04DCB17C0596F9973CBC9.e.11861","ELEMENT":"f.4F28C2583BB65896889CB8FD582548C6.d.AD85E3BDE3D04DCB17C0596F9973CBC9.e.11861"}]}
COMMAND: POST /session/8710bc86126986cf02bb1d50a5f31e3a/execute/sync - {"script":"<script> [5351 bytes]","args":[{"element-6066-11e4-a52e-4f735466cecf":"f.4F28C2583BB65896889CB8FD582548C6.d.AD85E3BDE3D04DCB17C0596F9973CBC9.e.11861","ELEMENT":"f.4F28C2583BB65896889CB8FD582548C6.d.AD85E3BDE3D04DCB17C0596F9973CBC9.e.11861"}]}
COMMAND: GET /session/8710bc86126986cf02bb1d50a5f31e3a/screenshot - {}
RESULT: {"script":"<script> [5351 bytes]","args":[{"element-6066-11e4-a52e-4f735466cecf":"f.4F28C2583BB65896889CB8FD582548C6.d.AD85E3BDE3D04DCB17C0596F9973CBC9.e.11861","ELEMENT":"f.4F28C2583BB65896889CB8FD582548C6.d.AD85E3BDE3D04DCB17C0596F9973CBC9.e.11861"}]}
COMMAND: POST /session/8710bc86126986cf02bb1d50a5f31e3a/element/f.4F28C2583BB65896889CB8FD582548C6.d.AD85E3BDE3D04DCB17C0596F9973CBC9.e.11861/click - {}
COMMAND: GET /session/8710bc86126986cf02bb1d50a5f31e3a/screenshot - {}
RESULT: {}
RESULT: {}
]]></system-out>
    </testcase>
    <testcase classname="chrome.136_0_7103_93.windows.Create_master_data_for_mixed_billing_&amp;_do_billing_calculation_US151661" name="Should go to Manage Billings and trigger calculation check the conditions applied" time="74.766">
      <system-out><![CDATA[
COMMAND: POST /session/8710bc86126986cf02bb1d50a5f31e3a/execute/async - {"script":"<script> [1562 bytes]","args":[{"selector":{"controlType":"sap.m.GenericTile","properties":{"header":"Manage Billings"}},"wdio_ui5_key":"sapm.GenericTile{\"header\":\"Manage Billings\"}"}]}
COMMAND: GET /session/8710bc86126986cf02bb1d50a5f31e3a/screenshot - {}
RESULT: {}
RESULT: {"script":"<script> [1562 bytes]","args":[{"selector":{"controlType":"sap.m.GenericTile","properties":{"header":"Manage Billings"}},"wdio_ui5_key":"sapm.GenericTile{\"header\":\"Manage Billings\"}"}]}
RESULT: undefined
COMMAND: POST /session/8710bc86126986cf02bb1d50a5f31e3a/element - {"using":"xpath","value":"//*[@id=\"__tile51\"]"}
RESULT: {}
RESULT: {"using":"xpath","value":"//*[@id=\"__tile51\"]"}
COMMAND: POST /session/8710bc86126986cf02bb1d50a5f31e3a/element/f.4F28C2583BB65896889CB8FD582548C6.d.AD85E3BDE3D04DCB17C0596F9973CBC9.e.4602/click - {}
RESULT: {}
COMMAND: GET /session/8710bc86126986cf02bb1d50a5f31e3a/screenshot - {}
RESULT: {}
COMMAND: POST /session/8710bc86126986cf02bb1d50a5f31e3a/elements - {"using":"xpath","value":"//span[text()='Error']"}
RESULT: {"using":"xpath","value":"//span[text()='Error']"}
COMMAND: POST /session/8710bc86126986cf02bb1d50a5f31e3a/execute/async - {"script":"<script> [1562 bytes]","args":[{"selector":{"id":"application-managebillings-display-component---billRunCalcResult--smartFilterBar-btnBasicSearch","interaction":{"idSuffix":"I"}},"wdio_ui5_key":"applicationmanagebillings-display-component---billRunCalcResult--smartFilterBar-btnBasicSearch"}]}
RESULT: {"script":"<script> [1562 bytes]","args":[{"selector":{"id":"application-managebillings-display-component---billRunCalcResult--smartFilterBar-btnBasicSearch","interaction":{"idSuffix":"I"}},"wdio_ui5_key":"applicationmanagebillings-display-component---billRunCalcResult--smartFilterBar-btnBasicSearch"}]}
RESULT: undefined
COMMAND: POST /session/8710bc86126986cf02bb1d50a5f31e3a/execute/async - {"script":"<script> [776 bytes]","args":[{"enterText":"10506","selector":{"id":"application-managebillings-display-component---billRunCalcResult--smartFilterBar-btnBasicSearch","interaction":{"idSuffix":"I"}},"clearTextFirst":true,"interactionType":"ENTER_TEXT"}]}
RESULT: {"script":"<script> [776 bytes]","args":[{"enterText":"10506","selector":{"id":"application-managebillings-display-component---billRunCalcResult--smartFilterBar-btnBasicSearch","interaction":{"idSuffix":"I"}},"clearTextFirst":true,"interactionType":"ENTER_TEXT"}]}
COMMAND: POST /session/8710bc86126986cf02bb1d50a5f31e3a/actions - {"actions":[{"id":"action48","type":"key","parameters":{},"actions":[{"type":"keyDown","value":""},{"type":"pause","duration":10},{"type":"keyUp","value":""}]}]}
RESULT: {"actions":[{"id":"action48","type":"key","parameters":{},"actions":[{"type":"keyDown","value":""},{"type":"pause","duration":10},{"type":"keyUp","value":""}]}]}
COMMAND: GET /session/8710bc86126986cf02bb1d50a5f31e3a/screenshot - {}
COMMAND: POST /session/8710bc86126986cf02bb1d50a5f31e3a/element - {"using":"xpath","value":"//td[@aria-colindex=\"1\"]/div/div[contains(@class, \"sapMCbBg\")]"}
RESULT: {}
RESULT: {"using":"xpath","value":"//td[@aria-colindex=\"1\"]/div/div[contains(@class, \"sapMCbBg\")]"}
COMMAND: POST /session/8710bc86126986cf02bb1d50a5f31e3a/element/f.4F28C2583BB65896889CB8FD582548C6.d.AD85E3BDE3D04DCB17C0596F9973CBC9.e.12280/click - {}
RESULT: {}
COMMAND: GET /session/8710bc86126986cf02bb1d50a5f31e3a/screenshot - {}
RESULT: {}
COMMAND: POST /session/8710bc86126986cf02bb1d50a5f31e3a/execute/async - {"script":"<script> [1562 bytes]","args":[{"selector":{"id":"application-managebillings-display-component---billRunCalcResult--contractBillRunDate","interaction":{"idSuffix":"inner"}},"wdio_ui5_key":"applicationmanagebillings-display-component---billRunCalcResult--contractBillRunDate"}]}
RESULT: {"script":"<script> [1562 bytes]","args":[{"selector":{"id":"application-managebillings-display-component---billRunCalcResult--contractBillRunDate","interaction":{"idSuffix":"inner"}},"wdio_ui5_key":"applicationmanagebillings-display-component---billRunCalcResult--contractBillRunDate"}]}
RESULT: undefined
COMMAND: POST /session/8710bc86126986cf02bb1d50a5f31e3a/execute/async - {"script":"<script> [776 bytes]","args":[{"enterText":"6/22/25","selector":{"id":"application-managebillings-display-component---billRunCalcResult--contractBillRunDate","interaction":{"idSuffix":"inner"}},"clearTextFirst":true,"interactionType":"ENTER_TEXT"}]}
RESULT: {"script":"<script> [776 bytes]","args":[{"enterText":"6/22/25","selector":{"id":"application-managebillings-display-component---billRunCalcResult--contractBillRunDate","interaction":{"idSuffix":"inner"}},"clearTextFirst":true,"interactionType":"ENTER_TEXT"}]}
COMMAND: POST /session/8710bc86126986cf02bb1d50a5f31e3a/element - {"using":"xpath","value":"//bdi[contains(text(), \"Trigger Calculation\")]"}
RESULT: {"using":"xpath","value":"//bdi[contains(text(), \"Trigger Calculation\")]"}
COMMAND: POST /session/8710bc86126986cf02bb1d50a5f31e3a/element/f.4F28C2583BB65896889CB8FD582548C6.d.AD85E3BDE3D04DCB17C0596F9973CBC9.e.12294/click - {}
RESULT: {}
COMMAND: GET /session/8710bc86126986cf02bb1d50a5f31e3a/screenshot - {}
RESULT: {}
COMMAND: POST /session/8710bc86126986cf02bb1d50a5f31e3a/element - {"using":"xpath","value":"(//span[contains(@id, \"imgNav\")])[1]"}
RESULT: {"using":"xpath","value":"(//span[contains(@id, \"imgNav\")])[1]"}
COMMAND: POST /session/8710bc86126986cf02bb1d50a5f31e3a/element/f.4F28C2583BB65896889CB8FD582548C6.d.AD85E3BDE3D04DCB17C0596F9973CBC9.e.12278/click - {}
RESULT: {}
COMMAND: GET /session/8710bc86126986cf02bb1d50a5f31e3a/screenshot - {}
RESULT: {}
COMMAND: POST /session/8710bc86126986cf02bb1d50a5f31e3a/element - {"using":"xpath","value":"//tr/td[6]/div[1]/span[1]/span[1]"}
RESULT: {"using":"xpath","value":"//tr/td[6]/div[1]/span[1]/span[1]"}
COMMAND: GET /session/8710bc86126986cf02bb1d50a5f31e3a/element/f.4F28C2583BB65896889CB8FD582548C6.d.AD85E3BDE3D04DCB17C0596F9973CBC9.e.12300/text - {}
RESULT: {}
COMMAND: POST /session/8710bc86126986cf02bb1d50a5f31e3a/element - {"using":"xpath","value":"(//span[contains(@id, \"imgNav\")])[2]"}
RESULT: {"using":"xpath","value":"(//span[contains(@id, \"imgNav\")])[2]"}
COMMAND: POST /session/8710bc86126986cf02bb1d50a5f31e3a/element/f.4F28C2583BB65896889CB8FD582548C6.d.AD85E3BDE3D04DCB17C0596F9973CBC9.e.12301/click - {}
RESULT: {}
COMMAND: POST /session/8710bc86126986cf02bb1d50a5f31e3a/element - {"using":"xpath","value":"//bdi[contains(text(), \"Business Confirm\")]"}
COMMAND: GET /session/8710bc86126986cf02bb1d50a5f31e3a/screenshot - {}
RESULT: {"using":"xpath","value":"//bdi[contains(text(), \"Business Confirm\")]"}
COMMAND: POST /session/8710bc86126986cf02bb1d50a5f31e3a/elements - {"using":"xpath","value":"//bdi[contains(text(), \"Business Confirm\")]"}
RESULT: {}
RESULT: {"using":"xpath","value":"//bdi[contains(text(), \"Business Confirm\")]"}
COMMAND: POST /session/8710bc86126986cf02bb1d50a5f31e3a/elements - {"using":"xpath","value":"//bdi[contains(text(), \"Business Confirm\")]"}
RESULT: {"using":"xpath","value":"//bdi[contains(text(), \"Business Confirm\")]"}
COMMAND: POST /session/8710bc86126986cf02bb1d50a5f31e3a/element - {"using":"xpath","value":"//bdi[contains(text(), \"Business Confirm\")]"}
RESULT: {"using":"xpath","value":"//bdi[contains(text(), \"Business Confirm\")]"}
COMMAND: POST /session/8710bc86126986cf02bb1d50a5f31e3a/element/f.4F28C2583BB65896889CB8FD582548C6.d.AD85E3BDE3D04DCB17C0596F9973CBC9.e.12353/click - {}
RESULT: {}
COMMAND: POST /session/8710bc86126986cf02bb1d50a5f31e3a/element - {"using":"css selector","value":"#shell-header-logo"}
COMMAND: GET /session/8710bc86126986cf02bb1d50a5f31e3a/screenshot - {}
RESULT: {"using":"css selector","value":"#shell-header-logo"}
COMMAND: POST /session/8710bc86126986cf02bb1d50a5f31e3a/element/f.4F28C2583BB65896889CB8FD582548C6.d.AD85E3BDE3D04DCB17C0596F9973CBC9.e.12055/click - {}
RESULT: {}
RESULT: {}
COMMAND: GET /session/8710bc86126986cf02bb1d50a5f31e3a/screenshot - {}
RESULT: {}
COMMAND: POST /session/8710bc86126986cf02bb1d50a5f31e3a/element - {"using":"css selector","value":"#j_username"}
COMMAND: POST /session/8710bc86126986cf02bb1d50a5f31e3a/url - {"url":"https://qa-testing-00-live-etm-ui.cfapps.eu10-004.hana.ondemand.com/"}
RESULT: {"using":"css selector","value":"#j_username"}
COMMAND: POST /session/8710bc86126986cf02bb1d50a5f31e3a/element - {"using":"css selector","value":"#j_username"}
RESULT: {"url":"https://qa-testing-00-live-etm-ui.cfapps.eu10-004.hana.ondemand.com/"}
RESULT: undefined
COMMAND: GET /session/8710bc86126986cf02bb1d50a5f31e3a/screenshot - {}
RESULT: {"using":"css selector","value":"#j_username"}
COMMAND: POST /session/8710bc86126986cf02bb1d50a5f31e3a/element - {"using":"css selector","value":"#shell-header-logo"}
RESULT: {}
RESULT: {"using":"css selector","value":"#shell-header-logo"}
COMMAND: POST /session/8710bc86126986cf02bb1d50a5f31e3a/execute/sync - {"script":"<script> [8489 bytes]","args":[{"element-6066-11e4-a52e-4f735466cecf":"f.4F28C2583BB65896889CB8FD582548C6.d.0BB5426017753A2F7EC4B61E17B1475C.e.12386","ELEMENT":"f.4F28C2583BB65896889CB8FD582548C6.d.0BB5426017753A2F7EC4B61E17B1475C.e.12386"}]}
RESULT: {"script":"<script> [8489 bytes]","args":[{"element-6066-11e4-a52e-4f735466cecf":"f.4F28C2583BB65896889CB8FD582548C6.d.0BB5426017753A2F7EC4B61E17B1475C.e.12386","ELEMENT":"f.4F28C2583BB65896889CB8FD582548C6.d.0BB5426017753A2F7EC4B61E17B1475C.e.12386"}]}
COMMAND: POST /session/8710bc86126986cf02bb1d50a5f31e3a/element - {"using":"css selector","value":"#shell-header-logo"}
COMMAND: GET /session/8710bc86126986cf02bb1d50a5f31e3a/screenshot - {}
RESULT: {"using":"css selector","value":"#shell-header-logo"}
COMMAND: POST /session/8710bc86126986cf02bb1d50a5f31e3a/execute/sync - {"script":"<script> [8489 bytes]","args":[{"element-6066-11e4-a52e-4f735466cecf":"f.4F28C2583BB65896889CB8FD582548C6.d.0BB5426017753A2F7EC4B61E17B1475C.e.12386","ELEMENT":"f.4F28C2583BB65896889CB8FD582548C6.d.0BB5426017753A2F7EC4B61E17B1475C.e.12386"}]}
RESULT: {}
RESULT: {"script":"<script> [8489 bytes]","args":[{"element-6066-11e4-a52e-4f735466cecf":"f.4F28C2583BB65896889CB8FD582548C6.d.0BB5426017753A2F7EC4B61E17B1475C.e.12386","ELEMENT":"f.4F28C2583BB65896889CB8FD582548C6.d.0BB5426017753A2F7EC4B61E17B1475C.e.12386"}]}
COMMAND: POST /session/8710bc86126986cf02bb1d50a5f31e3a/execute/sync - {"script":"<script> [5351 bytes]","args":[{"element-6066-11e4-a52e-4f735466cecf":"f.4F28C2583BB65896889CB8FD582548C6.d.0BB5426017753A2F7EC4B61E17B1475C.e.12386","ELEMENT":"f.4F28C2583BB65896889CB8FD582548C6.d.0BB5426017753A2F7EC4B61E17B1475C.e.12386"}]}
COMMAND: GET /session/8710bc86126986cf02bb1d50a5f31e3a/screenshot - {}
RESULT: {"script":"<script> [5351 bytes]","args":[{"element-6066-11e4-a52e-4f735466cecf":"f.4F28C2583BB65896889CB8FD582548C6.d.0BB5426017753A2F7EC4B61E17B1475C.e.12386","ELEMENT":"f.4F28C2583BB65896889CB8FD582548C6.d.0BB5426017753A2F7EC4B61E17B1475C.e.12386"}]}
COMMAND: POST /session/8710bc86126986cf02bb1d50a5f31e3a/element - {"using":"css selector","value":"#shell-header-logo"}
COMMAND: GET /session/8710bc86126986cf02bb1d50a5f31e3a/screenshot - {}
RESULT: {}
RESULT: {"using":"css selector","value":"#shell-header-logo"}
COMMAND: POST /session/8710bc86126986cf02bb1d50a5f31e3a/element/f.4F28C2583BB65896889CB8FD582548C6.d.0BB5426017753A2F7EC4B61E17B1475C.e.12386/click - {}
RESULT: {}
RESULT: {}
COMMAND: GET /session/8710bc86126986cf02bb1d50a5f31e3a/screenshot - {}
RESULT: {}
COMMAND: POST /session/8710bc86126986cf02bb1d50a5f31e3a/execute/async - {"script":"<script> [189 bytes]","args":[]}
RESULT: {"script":"<script> [189 bytes]","args":[]}
COMMAND: POST /session/8710bc86126986cf02bb1d50a5f31e3a/execute/async - {"script":"<script> [123 bytes]","args":[]}
RESULT: {"script":"<script> [123 bytes]","args":[]}
COMMAND: POST /session/8710bc86126986cf02bb1d50a5f31e3a/timeouts - {"script":"<number>"}
RESULT: {"script":"<number>"}
COMMAND: GET /session/8710bc86126986cf02bb1d50a5f31e3a/timeouts - {}
RESULT: {}
RESULT: undefined
COMMAND: POST /session/8710bc86126986cf02bb1d50a5f31e3a/execute/async - {"script":"<script> [2676 bytes]","args":[]}
RESULT: {"script":"<script> [2676 bytes]","args":[]}
COMMAND: POST /session/8710bc86126986cf02bb1d50a5f31e3a/execute/async - {"script":"<script> [2342 bytes]","args":[{"protocol":"http","hostname":"0.0.0.0","path":"/","capabilities":{"browserName":"chrome","goog:chromeOptions":{"binary":"C:\\Program Files\\Google\\Chrome\\Application\\chrome.exe","args":["--start-maximized"]}},"logLevel":"warn","connectionRetryTimeout":120000,"connectionRetryCount":3,"logLevels":{},"enableDirectConnect":true,"strictSSL":true,"_":"65 more keys: [\"cacheDir\",\"port\",\"requestedCapabilities\",\"automationProtocol\",\"baseUrl\",\"waitforInterval\",\"waitforTimeout\",\"onReload\",\"beforeCommand\",\"afterCommand\",\"rootDir\",\"specs\",\"suites\",\"exclude\",\"groupLogsByTestSpec\",\"excludeDriverLogs\",\"bail\",\"framework\",\"reporters\",\"services\",\"maxInstances\",\"maxInstancesPerCapability\",\"injectGlobals\",\"filesToWatch\",\"execArgv\",\"runnerEnv\",\"runner\",\"shard\",\"specFileRetries\",\"specFileRetriesDelay\",\"specFileRetriesDeferred\",\"reporterSyncInterval\",\"reporterSyncTimeout\",\"cucumberFeaturesWithLineNumbers\",\"autoCompileOpts\",\"mochaOpts\",\"jasmineOpts\",\"cucumberOpts\",\"onPrepare\",\"onWorkerStart\",\"onWorkerEnd\",\"before\",\"beforeSession\",\"beforeSuite\",\"beforeHook\",\"beforeTest\",\"afterTest\",\"afterHook\",\"afterSuite\",\"afterSession\",\"after\",\"onComplete\",\"beforeAssertion\",\"afterAssertion\",\"beforeFeature\",\"beforeScenario\",\"beforeStep\",\"afterStep\",\"afterScenario\",\"afterFeature\",\"_\",\"suite\",\"$0\",\"ignoredWorkerServices\",\"wdi5\"]"}]}
RESULT: {"script":"<script> [2342 bytes]","args":[{"protocol":"http","hostname":"0.0.0.0","path":"/","capabilities":{"browserName":"chrome","goog:chromeOptions":{"binary":"C:\\Program Files\\Google\\Chrome\\Application\\chrome.exe","args":["--start-maximized"]}},"logLevel":"warn","connectionRetryTimeout":120000,"connectionRetryCount":3,"logLevels":{},"enableDirectConnect":true,"strictSSL":true,"_":"65 more keys: [\"cacheDir\",\"port\",\"requestedCapabilities\",\"automationProtocol\",\"baseUrl\",\"waitforInterval\",\"waitforTimeout\",\"onReload\",\"beforeCommand\",\"afterCommand\",\"rootDir\",\"specs\",\"suites\",\"exclude\",\"groupLogsByTestSpec\",\"excludeDriverLogs\",\"bail\",\"framework\",\"reporters\",\"services\",\"maxInstances\",\"maxInstancesPerCapability\",\"injectGlobals\",\"filesToWatch\",\"execArgv\",\"runnerEnv\",\"runner\",\"shard\",\"specFileRetries\",\"specFileRetriesDelay\",\"specFileRetriesDeferred\",\"reporterSyncInterval\",\"reporterSyncTimeout\",\"cucumberFeaturesWithLineNumbers\",\"autoCompileOpts\",\"mochaOpts\",\"jasmineOpts\",\"cucumberOpts\",\"onPrepare\",\"onWorkerStart\",\"onWorkerEnd\",\"before\",\"beforeSession\",\"beforeSuite\",\"beforeHook\",\"beforeTest\",\"afterTest\",\"afterHook\",\"afterSuite\",\"afterSession\",\"after\",\"onComplete\",\"beforeAssertion\",\"afterAssertion\",\"beforeFeature\",\"beforeScenario\",\"beforeStep\",\"afterStep\",\"afterScenario\",\"afterFeature\",\"_\",\"suite\",\"$0\",\"ignoredWorkerServices\",\"wdi5\"]"}]}
COMMAND: POST /session/8710bc86126986cf02bb1d50a5f31e3a/execute/async - {"script":"<script> [21126 bytes]","args":[35000]}
RESULT: {"script":"<script> [21126 bytes]","args":[35000]}
COMMAND: POST /session/8710bc86126986cf02bb1d50a5f31e3a/window/maximize - {}
RESULT: {}
COMMAND: POST /session/8710bc86126986cf02bb1d50a5f31e3a/execute/async - {"script":"<script> [1562 bytes]","args":[{"selector":{"id":"shell-header","interaction":{"idSuffix":"icon"}},"wdio_ui5_key":"shellheader"}]}
COMMAND: GET /session/8710bc86126986cf02bb1d50a5f31e3a/screenshot - {}
RESULT: {"script":"<script> [1562 bytes]","args":[{"selector":{"id":"shell-header","interaction":{"idSuffix":"icon"}},"wdio_ui5_key":"shellheader"}]}
RESULT: undefined
COMMAND: POST /session/8710bc86126986cf02bb1d50a5f31e3a/refresh - {}
RESULT: {}
RESULT: {}
COMMAND: GET /session/8710bc86126986cf02bb1d50a5f31e3a/screenshot - {}
RESULT: {}
COMMAND: POST /session/8710bc86126986cf02bb1d50a5f31e3a/refresh - {}
RESULT: {}
COMMAND: GET /session/8710bc86126986cf02bb1d50a5f31e3a/screenshot - {}
RESULT: {}
COMMAND: POST /session/8710bc86126986cf02bb1d50a5f31e3a/window/fullscreen - {}
RESULT: {}
COMMAND: POST /session/8710bc86126986cf02bb1d50a5f31e3a/execute/async - {"script":"<script> [189 bytes]","args":[]}
RESULT: {"script":"<script> [189 bytes]","args":[]}
COMMAND: POST /session/8710bc86126986cf02bb1d50a5f31e3a/execute/async - {"script":"<script> [123 bytes]","args":[]}
RESULT: {"script":"<script> [123 bytes]","args":[]}
COMMAND: POST /session/8710bc86126986cf02bb1d50a5f31e3a/timeouts - {"script":"<number>"}
RESULT: {"script":"<number>"}
COMMAND: GET /session/8710bc86126986cf02bb1d50a5f31e3a/timeouts - {}
RESULT: {}
RESULT: undefined
COMMAND: POST /session/8710bc86126986cf02bb1d50a5f31e3a/execute/async - {"script":"<script> [2676 bytes]","args":[]}
RESULT: {"script":"<script> [2676 bytes]","args":[]}
COMMAND: POST /session/8710bc86126986cf02bb1d50a5f31e3a/execute/async - {"script":"<script> [2342 bytes]","args":[{"protocol":"http","hostname":"0.0.0.0","path":"/","capabilities":{"browserName":"chrome","goog:chromeOptions":{"binary":"C:\\Program Files\\Google\\Chrome\\Application\\chrome.exe","args":["--start-maximized"]}},"logLevel":"warn","connectionRetryTimeout":120000,"connectionRetryCount":3,"logLevels":{},"enableDirectConnect":true,"strictSSL":true,"_":"65 more keys: [\"cacheDir\",\"port\",\"requestedCapabilities\",\"automationProtocol\",\"baseUrl\",\"waitforInterval\",\"waitforTimeout\",\"onReload\",\"beforeCommand\",\"afterCommand\",\"rootDir\",\"specs\",\"suites\",\"exclude\",\"groupLogsByTestSpec\",\"excludeDriverLogs\",\"bail\",\"framework\",\"reporters\",\"services\",\"maxInstances\",\"maxInstancesPerCapability\",\"injectGlobals\",\"filesToWatch\",\"execArgv\",\"runnerEnv\",\"runner\",\"shard\",\"specFileRetries\",\"specFileRetriesDelay\",\"specFileRetriesDeferred\",\"reporterSyncInterval\",\"reporterSyncTimeout\",\"cucumberFeaturesWithLineNumbers\",\"autoCompileOpts\",\"mochaOpts\",\"jasmineOpts\",\"cucumberOpts\",\"onPrepare\",\"onWorkerStart\",\"onWorkerEnd\",\"before\",\"beforeSession\",\"beforeSuite\",\"beforeHook\",\"beforeTest\",\"afterTest\",\"afterHook\",\"afterSuite\",\"afterSession\",\"after\",\"onComplete\",\"beforeAssertion\",\"afterAssertion\",\"beforeFeature\",\"beforeScenario\",\"beforeStep\",\"afterStep\",\"afterScenario\",\"afterFeature\",\"_\",\"suite\",\"$0\",\"ignoredWorkerServices\",\"wdi5\"]"}]}
RESULT: {"script":"<script> [2342 bytes]","args":[{"protocol":"http","hostname":"0.0.0.0","path":"/","capabilities":{"browserName":"chrome","goog:chromeOptions":{"binary":"C:\\Program Files\\Google\\Chrome\\Application\\chrome.exe","args":["--start-maximized"]}},"logLevel":"warn","connectionRetryTimeout":120000,"connectionRetryCount":3,"logLevels":{},"enableDirectConnect":true,"strictSSL":true,"_":"65 more keys: [\"cacheDir\",\"port\",\"requestedCapabilities\",\"automationProtocol\",\"baseUrl\",\"waitforInterval\",\"waitforTimeout\",\"onReload\",\"beforeCommand\",\"afterCommand\",\"rootDir\",\"specs\",\"suites\",\"exclude\",\"groupLogsByTestSpec\",\"excludeDriverLogs\",\"bail\",\"framework\",\"reporters\",\"services\",\"maxInstances\",\"maxInstancesPerCapability\",\"injectGlobals\",\"filesToWatch\",\"execArgv\",\"runnerEnv\",\"runner\",\"shard\",\"specFileRetries\",\"specFileRetriesDelay\",\"specFileRetriesDeferred\",\"reporterSyncInterval\",\"reporterSyncTimeout\",\"cucumberFeaturesWithLineNumbers\",\"autoCompileOpts\",\"mochaOpts\",\"jasmineOpts\",\"cucumberOpts\",\"onPrepare\",\"onWorkerStart\",\"onWorkerEnd\",\"before\",\"beforeSession\",\"beforeSuite\",\"beforeHook\",\"beforeTest\",\"afterTest\",\"afterHook\",\"afterSuite\",\"afterSession\",\"after\",\"onComplete\",\"beforeAssertion\",\"afterAssertion\",\"beforeFeature\",\"beforeScenario\",\"beforeStep\",\"afterStep\",\"afterScenario\",\"afterFeature\",\"_\",\"suite\",\"$0\",\"ignoredWorkerServices\",\"wdi5\"]"}]}
COMMAND: POST /session/8710bc86126986cf02bb1d50a5f31e3a/execute/async - {"script":"<script> [21126 bytes]","args":[35000]}
RESULT: {"script":"<script> [21126 bytes]","args":[35000]}
]]></system-out>
    </testcase>
  </testsuite>
  <testsuite timestamp="2025-05-22T17:53:31" time="858.74" tests="13" failures="0" errors="0" skipped="0">
    <properties>
      <property name="specId" value="0"/>
      <property name="suiteName" value="Performance based billing (work days) US139742"/>
      <property name="capabilities" value="chrome.136_0_7103_93.windows"/>
      <property name="file" value="file:///D:/a/1/s/test/specs/BTS/billing-performance-workdays.spec.js"/>
    </properties>
    <testcase classname="chrome.136_0_7103_93.windows.Performance_based_billing_(work_days)_US139742" name="Should create a new yard" time="0.017">
      <system-out><![CDATA[
COMMAND: POST /session/8710bc86126986cf02bb1d50a5f31e3a/window/fullscreen - {}
RESULT: {}
]]></system-out>
    </testcase>
    <testcase classname="chrome.136_0_7103_93.windows.Performance_based_billing_(work_days)_US139742" name="Should create a new partner" time="0.004"/>
    <testcase classname="chrome.136_0_7103_93.windows.Performance_based_billing_(work_days)_US139742" name="Should create a new site" time="0.004"/>
    <testcase classname="chrome.136_0_7103_93.windows.Performance_based_billing_(work_days)_US139742" name="Should do prerequisite steps add equipment" time="158.671">
      <system-out><![CDATA[
COMMAND: POST /session/8710bc86126986cf02bb1d50a5f31e3a/execute/async - {"script":"<script> [1562 bytes]","args":[{"selector":{"controlType":"sap.m.GenericTile","properties":{"header":"Manage Resources"}},"wdio_ui5_key":"sapm.GenericTile{\"header\":\"Manage Resources\"}"}]}
RESULT: {"script":"<script> [1562 bytes]","args":[{"selector":{"controlType":"sap.m.GenericTile","properties":{"header":"Manage Resources"}},"wdio_ui5_key":"sapm.GenericTile{\"header\":\"Manage Resources\"}"}]}
RESULT: undefined
COMMAND: POST /session/8710bc86126986cf02bb1d50a5f31e3a/element - {"using":"xpath","value":"//*[@id=\"__tile39\"]"}
RESULT: {"using":"xpath","value":"//*[@id=\"__tile39\"]"}
COMMAND: POST /session/8710bc86126986cf02bb1d50a5f31e3a/element/f.4F28C2583BB65896889CB8FD582548C6.d.F1954DF699070F28B8A706C165CCC40A.e.12543/click - {}
RESULT: {}
COMMAND: GET /session/8710bc86126986cf02bb1d50a5f31e3a/screenshot - {}
RESULT: {}
COMMAND: POST /session/8710bc86126986cf02bb1d50a5f31e3a/elements - {"using":"xpath","value":"//span[text()='Error']"}
RESULT: {"using":"xpath","value":"//span[text()='Error']"}
COMMAND: POST /session/8710bc86126986cf02bb1d50a5f31e3a/element - {"using":"xpath","value":"//button[@data-kt=\"addNewRUOverflowToolbarButton\"]"}
RESULT: {"using":"xpath","value":"//button[@data-kt=\"addNewRUOverflowToolbarButton\"]"}
COMMAND: POST /session/8710bc86126986cf02bb1d50a5f31e3a/elements - {"using":"xpath","value":"//button[@data-kt=\"addNewRUOverflowToolbarButton\"]"}
RESULT: {"using":"xpath","value":"//button[@data-kt=\"addNewRUOverflowToolbarButton\"]"}
COMMAND: POST /session/8710bc86126986cf02bb1d50a5f31e3a/elements - {"using":"xpath","value":"//button[@data-kt=\"addNewRUOverflowToolbarButton\"]"}
RESULT: {"using":"xpath","value":"//button[@data-kt=\"addNewRUOverflowToolbarButton\"]"}
COMMAND: POST /session/8710bc86126986cf02bb1d50a5f31e3a/elements - {"using":"xpath","value":"//button[@data-kt=\"addNewRUOverflowToolbarButton\"]"}
RESULT: {"using":"xpath","value":"//button[@data-kt=\"addNewRUOverflowToolbarButton\"]"}
COMMAND: POST /session/8710bc86126986cf02bb1d50a5f31e3a/elements - {"using":"xpath","value":"//button[@data-kt=\"addNewRUOverflowToolbarButton\"]"}
RESULT: {"using":"xpath","value":"//button[@data-kt=\"addNewRUOverflowToolbarButton\"]"}
COMMAND: POST /session/8710bc86126986cf02bb1d50a5f31e3a/elements - {"using":"xpath","value":"//button[@data-kt=\"addNewRUOverflowToolbarButton\"]"}
RESULT: {"using":"xpath","value":"//button[@data-kt=\"addNewRUOverflowToolbarButton\"]"}
COMMAND: POST /session/8710bc86126986cf02bb1d50a5f31e3a/elements - {"using":"xpath","value":"//button[@data-kt=\"addNewRUOverflowToolbarButton\"]"}
RESULT: {"using":"xpath","value":"//button[@data-kt=\"addNewRUOverflowToolbarButton\"]"}
COMMAND: POST /session/8710bc86126986cf02bb1d50a5f31e3a/elements - {"using":"xpath","value":"//button[@data-kt=\"addNewRUOverflowToolbarButton\"]"}
RESULT: {"using":"xpath","value":"//button[@data-kt=\"addNewRUOverflowToolbarButton\"]"}
COMMAND: POST /session/8710bc86126986cf02bb1d50a5f31e3a/elements - {"using":"xpath","value":"//button[@data-kt=\"addNewRUOverflowToolbarButton\"]"}
RESULT: {"using":"xpath","value":"//button[@data-kt=\"addNewRUOverflowToolbarButton\"]"}
COMMAND: POST /session/8710bc86126986cf02bb1d50a5f31e3a/elements - {"using":"xpath","value":"//button[@data-kt=\"addNewRUOverflowToolbarButton\"]"}
RESULT: {"using":"xpath","value":"//button[@data-kt=\"addNewRUOverflowToolbarButton\"]"}
COMMAND: POST /session/8710bc86126986cf02bb1d50a5f31e3a/elements - {"using":"xpath","value":"//button[@data-kt=\"addNewRUOverflowToolbarButton\"]"}
RESULT: {"using":"xpath","value":"//button[@data-kt=\"addNewRUOverflowToolbarButton\"]"}
COMMAND: POST /session/8710bc86126986cf02bb1d50a5f31e3a/elements - {"using":"xpath","value":"//button[@data-kt=\"addNewRUOverflowToolbarButton\"]"}
RESULT: {"using":"xpath","value":"//button[@data-kt=\"addNewRUOverflowToolbarButton\"]"}
COMMAND: POST /session/8710bc86126986cf02bb1d50a5f31e3a/elements - {"using":"xpath","value":"//button[@data-kt=\"addNewRUOverflowToolbarButton\"]"}
RESULT: {"using":"xpath","value":"//button[@data-kt=\"addNewRUOverflowToolbarButton\"]"}
COMMAND: POST /session/8710bc86126986cf02bb1d50a5f31e3a/elements - {"using":"xpath","value":"//button[@data-kt=\"addNewRUOverflowToolbarButton\"]"}
RESULT: {"using":"xpath","value":"//button[@data-kt=\"addNewRUOverflowToolbarButton\"]"}
COMMAND: POST /session/8710bc86126986cf02bb1d50a5f31e3a/elements - {"using":"xpath","value":"//button[@data-kt=\"addNewRUOverflowToolbarButton\"]"}
RESULT: {"using":"xpath","value":"//button[@data-kt=\"addNewRUOverflowToolbarButton\"]"}
COMMAND: POST /session/8710bc86126986cf02bb1d50a5f31e3a/elements - {"using":"xpath","value":"//button[@data-kt=\"addNewRUOverflowToolbarButton\"]"}
RESULT: {"using":"xpath","value":"//button[@data-kt=\"addNewRUOverflowToolbarButton\"]"}
COMMAND: POST /session/8710bc86126986cf02bb1d50a5f31e3a/elements - {"using":"xpath","value":"//button[@data-kt=\"addNewRUOverflowToolbarButton\"]"}
RESULT: {"using":"xpath","value":"//button[@data-kt=\"addNewRUOverflowToolbarButton\"]"}
COMMAND: POST /session/8710bc86126986cf02bb1d50a5f31e3a/elements - {"using":"xpath","value":"//button[@data-kt=\"addNewRUOverflowToolbarButton\"]"}
RESULT: {"using":"xpath","value":"//button[@data-kt=\"addNewRUOverflowToolbarButton\"]"}
COMMAND: POST /session/8710bc86126986cf02bb1d50a5f31e3a/elements - {"using":"xpath","value":"//button[@data-kt=\"addNewRUOverflowToolbarButton\"]"}
RESULT: {"using":"xpath","value":"//button[@data-kt=\"addNewRUOverflowToolbarButton\"]"}
COMMAND: POST /session/8710bc86126986cf02bb1d50a5f31e3a/elements - {"using":"xpath","value":"//button[@data-kt=\"addNewRUOverflowToolbarButton\"]"}
RESULT: {"using":"xpath","value":"//button[@data-kt=\"addNewRUOverflowToolbarButton\"]"}
COMMAND: POST /session/8710bc86126986cf02bb1d50a5f31e3a/elements - {"using":"xpath","value":"//button[@data-kt=\"addNewRUOverflowToolbarButton\"]"}
RESULT: {"using":"xpath","value":"//button[@data-kt=\"addNewRUOverflowToolbarButton\"]"}
COMMAND: POST /session/8710bc86126986cf02bb1d50a5f31e3a/elements - {"using":"xpath","value":"//button[@data-kt=\"addNewRUOverflowToolbarButton\"]"}
RESULT: {"using":"xpath","value":"//button[@data-kt=\"addNewRUOverflowToolbarButton\"]"}
COMMAND: POST /session/8710bc86126986cf02bb1d50a5f31e3a/elements - {"using":"xpath","value":"//button[@data-kt=\"addNewRUOverflowToolbarButton\"]"}
RESULT: {"using":"xpath","value":"//button[@data-kt=\"addNewRUOverflowToolbarButton\"]"}
COMMAND: POST /session/8710bc86126986cf02bb1d50a5f31e3a/element - {"using":"xpath","value":"//button[@data-kt=\"addNewRUOverflowToolbarButton\"]"}
RESULT: {"using":"xpath","value":"//button[@data-kt=\"addNewRUOverflowToolbarButton\"]"}
COMMAND: POST /session/8710bc86126986cf02bb1d50a5f31e3a/execute/sync - {"script":"<script> [8489 bytes]","args":[{"element-6066-11e4-a52e-4f735466cecf":"f.4F28C2583BB65896889CB8FD582548C6.d.F1954DF699070F28B8A706C165CCC40A.e.12687","ELEMENT":"f.4F28C2583BB65896889CB8FD582548C6.d.F1954DF699070F28B8A706C165CCC40A.e.12687"}]}
RESULT: {"script":"<script> [8489 bytes]","args":[{"element-6066-11e4-a52e-4f735466cecf":"f.4F28C2583BB65896889CB8FD582548C6.d.F1954DF699070F28B8A706C165CCC40A.e.12687","ELEMENT":"f.4F28C2583BB65896889CB8FD582548C6.d.F1954DF699070F28B8A706C165CCC40A.e.12687"}]}
COMMAND: GET /session/8710bc86126986cf02bb1d50a5f31e3a/element/f.4F28C2583BB65896889CB8FD582548C6.d.F1954DF699070F28B8A706C165CCC40A.e.12687/enabled - {}
COMMAND: GET /session/8710bc86126986cf02bb1d50a5f31e3a/screenshot - {}
RESULT: {}
COMMAND: POST /session/8710bc86126986cf02bb1d50a5f31e3a/execute/sync - {"script":"<script> [8489 bytes]","args":[{"element-6066-11e4-a52e-4f735466cecf":"f.4F28C2583BB65896889CB8FD582548C6.d.F1954DF699070F28B8A706C165CCC40A.e.12687","ELEMENT":"f.4F28C2583BB65896889CB8FD582548C6.d.F1954DF699070F28B8A706C165CCC40A.e.12687"}]}
COMMAND: GET /session/8710bc86126986cf02bb1d50a5f31e3a/screenshot - {}
RESULT: {}
RESULT: {"script":"<script> [8489 bytes]","args":[{"element-6066-11e4-a52e-4f735466cecf":"f.4F28C2583BB65896889CB8FD582548C6.d.F1954DF699070F28B8A706C165CCC40A.e.12687","ELEMENT":"f.4F28C2583BB65896889CB8FD582548C6.d.F1954DF699070F28B8A706C165CCC40A.e.12687"}]}
COMMAND: POST /session/8710bc86126986cf02bb1d50a5f31e3a/execute/sync - {"script":"<script> [5351 bytes]","args":[{"element-6066-11e4-a52e-4f735466cecf":"f.4F28C2583BB65896889CB8FD582548C6.d.F1954DF699070F28B8A706C165CCC40A.e.12687","ELEMENT":"f.4F28C2583BB65896889CB8FD582548C6.d.F1954DF699070F28B8A706C165CCC40A.e.12687"}]}
COMMAND: GET /session/8710bc86126986cf02bb1d50a5f31e3a/screenshot - {}
RESULT: {}
RESULT: {"script":"<script> [5351 bytes]","args":[{"element-6066-11e4-a52e-4f735466cecf":"f.4F28C2583BB65896889CB8FD582548C6.d.F1954DF699070F28B8A706C165CCC40A.e.12687","ELEMENT":"f.4F28C2583BB65896889CB8FD582548C6.d.F1954DF699070F28B8A706C165CCC40A.e.12687"}]}
COMMAND: POST /session/8710bc86126986cf02bb1d50a5f31e3a/element/f.4F28C2583BB65896889CB8FD582548C6.d.F1954DF699070F28B8A706C165CCC40A.e.12687/click - {}
COMMAND: GET /session/8710bc86126986cf02bb1d50a5f31e3a/screenshot - {}
RESULT: {}
RESULT: {}
COMMAND: GET /session/8710bc86126986cf02bb1d50a5f31e3a/screenshot - {}
COMMAND: POST /session/8710bc86126986cf02bb1d50a5f31e3a/execute/async - {"script":"<script> [1562 bytes]","args":[{"selector":{"id":"application-manageresources-display-component---newResourceUnit--TYPE-arrow"},"wdio_ui5_key":"applicationmanageresources-display-component---newResourceUnit--TYPE-arrow"}]}
RESULT: {}
RESULT: {}
RESULT: {"script":"<script> [1562 bytes]","args":[{"selector":{"id":"application-manageresources-display-component---newResourceUnit--TYPE-arrow"},"wdio_ui5_key":"applicationmanageresources-display-component---newResourceUnit--TYPE-arrow"}]}
RESULT: undefined
COMMAND: POST /session/8710bc86126986cf02bb1d50a5f31e3a/element - {"using":"xpath","value":"//*[@id=\"application-manageresources-display-component---newResourceUnit--TYPE-arrow\"]"}
RESULT: {"using":"xpath","value":"//*[@id=\"application-manageresources-display-component---newResourceUnit--TYPE-arrow\"]"}
COMMAND: POST /session/8710bc86126986cf02bb1d50a5f31e3a/element/f.4F28C2583BB65896889CB8FD582548C6.d.F1954DF699070F28B8A706C165CCC40A.e.13047/click - {}
RESULT: {}
COMMAND: POST /session/8710bc86126986cf02bb1d50a5f31e3a/element - {"using":"xpath","value":"//input[@id=\"application-manageresources-display-component---newResourceUnit--TYPE-inner\"]"}
COMMAND: GET /session/8710bc86126986cf02bb1d50a5f31e3a/screenshot - {}
RESULT: {"using":"xpath","value":"//input[@id=\"application-manageresources-display-component---newResourceUnit--TYPE-inner\"]"}
COMMAND: POST /session/8710bc86126986cf02bb1d50a5f31e3a/element/f.4F28C2583BB65896889CB8FD582548C6.d.F1954DF699070F28B8A706C165CCC40A.e.13042/clear - {}
RESULT: {}
RESULT: {}
COMMAND: POST /session/8710bc86126986cf02bb1d50a5f31e3a/element/f.4F28C2583BB65896889CB8FD582548C6.d.F1954DF699070F28B8A706C165CCC40A.e.13042/value - {"text":"Equipment"}
COMMAND: GET /session/8710bc86126986cf02bb1d50a5f31e3a/screenshot - {}
RESULT: {"text":"Equipment"}
COMMAND: GET /session/8710bc86126986cf02bb1d50a5f31e3a/screenshot - {}
RESULT: {}
RESULT: {}
COMMAND: POST /session/8710bc86126986cf02bb1d50a5f31e3a/actions - {"actions":[{"id":"action49","type":"key","parameters":{},"actions":[{"type":"keyDown","value":""},{"type":"pause","duration":10},{"type":"keyUp","value":""}]}]}
RESULT: {"actions":[{"id":"action49","type":"key","parameters":{},"actions":[{"type":"keyDown","value":""},{"type":"pause","duration":10},{"type":"keyUp","value":""}]}]}
COMMAND: POST /session/8710bc86126986cf02bb1d50a5f31e3a/execute/async - {"script":"<script> [1562 bytes]","args":[{"selector":{"id":"application-manageresources-display-component---newResourceUnit--resourceId","interaction":{"idSuffix":"inner"}},"wdio_ui5_key":"applicationmanageresources-display-component---newResourceUnit--resourceId"}]}
COMMAND: GET /session/8710bc86126986cf02bb1d50a5f31e3a/screenshot - {}
RESULT: {"script":"<script> [1562 bytes]","args":[{"selector":{"id":"application-manageresources-display-component---newResourceUnit--resourceId","interaction":{"idSuffix":"inner"}},"wdio_ui5_key":"applicationmanageresources-display-component---newResourceUnit--resourceId"}]}
RESULT: undefined
COMMAND: POST /session/8710bc86126986cf02bb1d50a5f31e3a/execute/async - {"script":"<script> [776 bytes]","args":[{"enterText":"KuybFJSwIs","selector":{"id":"application-manageresources-display-component---newResourceUnit--resourceId","interaction":{"idSuffix":"inner"}},"clearTextFirst":true,"interactionType":"ENTER_TEXT"}]}
RESULT: {}
RESULT: {"script":"<script> [776 bytes]","args":[{"enterText":"KuybFJSwIs","selector":{"id":"application-manageresources-display-component---newResourceUnit--resourceId","interaction":{"idSuffix":"inner"}},"clearTextFirst":true,"interactionType":"ENTER_TEXT"}]}
COMMAND: POST /session/8710bc86126986cf02bb1d50a5f31e3a/execute/async - {"script":"<script> [1562 bytes]","args":[{"selector":{"id":"application-manageresources-display-component---newResourceUnit--SHORT_TEXT","interaction":{"idSuffix":"inner"}},"wdio_ui5_key":"applicationmanageresources-display-component---newResourceUnit--SHORT_TEXT"}]}
RESULT: {"script":"<script> [1562 bytes]","args":[{"selector":{"id":"application-manageresources-display-component---newResourceUnit--SHORT_TEXT","interaction":{"idSuffix":"inner"}},"wdio_ui5_key":"applicationmanageresources-display-component---newResourceUnit--SHORT_TEXT"}]}
RESULT: undefined
COMMAND: POST /session/8710bc86126986cf02bb1d50a5f31e3a/execute/async - {"script":"<script> [776 bytes]","args":[{"enterText":"Intercompany Equipment WDIO","selector":{"id":"application-manageresources-display-component---newResourceUnit--SHORT_TEXT","interaction":{"idSuffix":"inner"}},"clearTextFirst":true,"interactionType":"ENTER_TEXT"}]}
RESULT: {"script":"<script> [776 bytes]","args":[{"enterText":"Intercompany Equipment WDIO","selector":{"id":"application-manageresources-display-component---newResourceUnit--SHORT_TEXT","interaction":{"idSuffix":"inner"}},"clearTextFirst":true,"interactionType":"ENTER_TEXT"}]}
COMMAND: POST /session/8710bc86126986cf02bb1d50a5f31e3a/execute/async - {"script":"<script> [1562 bytes]","args":[{"selector":{"id":"application-manageresources-display-component---newResourceUnit--BASE_UNIT_OF_MEASURE","interaction":{"idSuffix":"inner"}},"wdio_ui5_key":"applicationmanageresources-display-component---newResourceUnit--BASE_UNIT_OF_MEASURE"}]}
RESULT: {"script":"<script> [1562 bytes]","args":[{"selector":{"id":"application-manageresources-display-component---newResourceUnit--BASE_UNIT_OF_MEASURE","interaction":{"idSuffix":"inner"}},"wdio_ui5_key":"applicationmanageresources-display-component---newResourceUnit--BASE_UNIT_OF_MEASURE"}]}
RESULT: undefined
COMMAND: POST /session/8710bc86126986cf02bb1d50a5f31e3a/execute/async - {"script":"<script> [776 bytes]","args":[{"enterText":"Piece","selector":{"id":"application-manageresources-display-component---newResourceUnit--BASE_UNIT_OF_MEASURE","interaction":{"idSuffix":"inner"}},"clearTextFirst":true,"interactionType":"ENTER_TEXT"}]}
RESULT: {"script":"<script> [776 bytes]","args":[{"enterText":"Piece","selector":{"id":"application-manageresources-display-component---newResourceUnit--BASE_UNIT_OF_MEASURE","interaction":{"idSuffix":"inner"}},"clearTextFirst":true,"interactionType":"ENTER_TEXT"}]}
COMMAND: POST /session/8710bc86126986cf02bb1d50a5f31e3a/execute/async - {"script":"<script> [1562 bytes]","args":[{"selector":{"id":"application-manageresources-display-component---newResourceUnit--WEIGHT_UNIT","interaction":{"idSuffix":"inner"}},"wdio_ui5_key":"applicationmanageresources-display-component---newResourceUnit--WEIGHT_UNIT"}]}
RESULT: {"script":"<script> [1562 bytes]","args":[{"selector":{"id":"application-manageresources-display-component---newResourceUnit--WEIGHT_UNIT","interaction":{"idSuffix":"inner"}},"wdio_ui5_key":"applicationmanageresources-display-component---newResourceUnit--WEIGHT_UNIT"}]}
RESULT: undefined
COMMAND: POST /session/8710bc86126986cf02bb1d50a5f31e3a/execute/async - {"script":"<script> [776 bytes]","args":[{"enterText":"Gram","selector":{"id":"application-manageresources-display-component---newResourceUnit--WEIGHT_UNIT","interaction":{"idSuffix":"inner"}},"clearTextFirst":true,"interactionType":"ENTER_TEXT"}]}
RESULT: {"script":"<script> [776 bytes]","args":[{"enterText":"Gram","selector":{"id":"application-manageresources-display-component---newResourceUnit--WEIGHT_UNIT","interaction":{"idSuffix":"inner"}},"clearTextFirst":true,"interactionType":"ENTER_TEXT"}]}
COMMAND: POST /session/8710bc86126986cf02bb1d50a5f31e3a/execute/async - {"script":"<script> [1562 bytes]","args":[{"selector":{"id":"application-manageresources-display-component---newResourceUnit--DIMENSION_UNIT","interaction":{"idSuffix":"inner"}},"wdio_ui5_key":"applicationmanageresources-display-component---newResourceUnit--DIMENSION_UNIT"}]}
RESULT: {"script":"<script> [1562 bytes]","args":[{"selector":{"id":"application-manageresources-display-component---newResourceUnit--DIMENSION_UNIT","interaction":{"idSuffix":"inner"}},"wdio_ui5_key":"applicationmanageresources-display-component---newResourceUnit--DIMENSION_UNIT"}]}
RESULT: undefined
COMMAND: POST /session/8710bc86126986cf02bb1d50a5f31e3a/execute/async - {"script":"<script> [776 bytes]","args":[{"enterText":"Meter","selector":{"id":"application-manageresources-display-component---newResourceUnit--DIMENSION_UNIT","interaction":{"idSuffix":"inner"}},"clearTextFirst":true,"interactionType":"ENTER_TEXT"}]}
RESULT: {"script":"<script> [776 bytes]","args":[{"enterText":"Meter","selector":{"id":"application-manageresources-display-component---newResourceUnit--DIMENSION_UNIT","interaction":{"idSuffix":"inner"}},"clearTextFirst":true,"interactionType":"ENTER_TEXT"}]}
COMMAND: POST /session/8710bc86126986cf02bb1d50a5f31e3a/execute/async - {"script":"<script> [1562 bytes]","args":[{"selector":{"id":"application-manageresources-display-component---newResourceUnit--newRRUPage-anchBar-application-manageresources-display-component---newResourceUnit--control-anchor","interaction":{"idSuffix":"BDI-content"}},"wdio_ui5_key":"applicationmanageresources-display-component---newResourceUnit--newRRUPage-anchBar-application-manageresources-display-component---newResourceUnit--control-anchor"}]}
RESULT: {"script":"<script> [1562 bytes]","args":[{"selector":{"id":"application-manageresources-display-component---newResourceUnit--newRRUPage-anchBar-application-manageresources-display-component---newResourceUnit--control-anchor","interaction":{"idSuffix":"BDI-content"}},"wdio_ui5_key":"applicationmanageresources-display-component---newResourceUnit--newRRUPage-anchBar-application-manageresources-display-component---newResourceUnit--control-anchor"}]}
RESULT: undefined
COMMAND: POST /session/8710bc86126986cf02bb1d50a5f31e3a/element - {"using":"xpath","value":"//*[@id=\"application-manageresources-display-component---newResourceUnit--newRRUPage-anchBar-application-manageresources-display-component---newResourceUnit--control-anchor\"]"}
RESULT: {"using":"xpath","value":"//*[@id=\"application-manageresources-display-component---newResourceUnit--newRRUPage-anchBar-application-manageresources-display-component---newResourceUnit--control-anchor\"]"}
COMMAND: POST /session/8710bc86126986cf02bb1d50a5f31e3a/element/f.4F28C2583BB65896889CB8FD582548C6.d.F1954DF699070F28B8A706C165CCC40A.e.13178/click - {}
RESULT: {}
COMMAND: POST /session/8710bc86126986cf02bb1d50a5f31e3a/execute/async - {"script":"<script> [1562 bytes]","args":[{"selector":{"id":"application-manageresources-display-component---newResourceUnit--PLANNING_GROUP","interaction":{"idSuffix":"inner"}},"wdio_ui5_key":"applicationmanageresources-display-component---newResourceUnit--PLANNING_GROUP"}]}
COMMAND: GET /session/8710bc86126986cf02bb1d50a5f31e3a/screenshot - {}
RESULT: {"script":"<script> [1562 bytes]","args":[{"selector":{"id":"application-manageresources-display-component---newResourceUnit--PLANNING_GROUP","interaction":{"idSuffix":"inner"}},"wdio_ui5_key":"applicationmanageresources-display-component---newResourceUnit--PLANNING_GROUP"}]}
RESULT: undefined
COMMAND: POST /session/8710bc86126986cf02bb1d50a5f31e3a/execute/async - {"script":"<script> [776 bytes]","args":[{"enterText":"Heavy Equi","selector":{"id":"application-manageresources-display-component---newResourceUnit--PLANNING_GROUP","interaction":{"idSuffix":"inner"}},"clearTextFirst":true,"interactionType":"ENTER_TEXT"}]}
RESULT: {}
RESULT: {"script":"<script> [776 bytes]","args":[{"enterText":"Heavy Equi","selector":{"id":"application-manageresources-display-component---newResourceUnit--PLANNING_GROUP","interaction":{"idSuffix":"inner"}},"clearTextFirst":true,"interactionType":"ENTER_TEXT"}]}
COMMAND: POST /session/8710bc86126986cf02bb1d50a5f31e3a/execute/async - {"script":"<script> [1562 bytes]","args":[{"selector":{"id":"application-manageresources-display-component---newResourceUnit--ITEM_TYPE-arrow"},"wdio_ui5_key":"applicationmanageresources-display-component---newResourceUnit--ITEM_TYPE-arrow"}]}
RESULT: {"script":"<script> [1562 bytes]","args":[{"selector":{"id":"application-manageresources-display-component---newResourceUnit--ITEM_TYPE-arrow"},"wdio_ui5_key":"applicationmanageresources-display-component---newResourceUnit--ITEM_TYPE-arrow"}]}
RESULT: undefined
COMMAND: POST /session/8710bc86126986cf02bb1d50a5f31e3a/element - {"using":"xpath","value":"//*[@id=\"application-manageresources-display-component---newResourceUnit--ITEM_TYPE-arrow\"]"}
RESULT: {"using":"xpath","value":"//*[@id=\"application-manageresources-display-component---newResourceUnit--ITEM_TYPE-arrow\"]"}
COMMAND: POST /session/8710bc86126986cf02bb1d50a5f31e3a/element/f.4F28C2583BB65896889CB8FD582548C6.d.F1954DF699070F28B8A706C165CCC40A.e.13187/click - {}
RESULT: {}
COMMAND: POST /session/8710bc86126986cf02bb1d50a5f31e3a/element - {"using":"xpath","value":"(//span[contains(text(), \"Resource Unit\")])[2]"}
COMMAND: GET /session/8710bc86126986cf02bb1d50a5f31e3a/screenshot - {}
RESULT: {"using":"xpath","value":"(//span[contains(text(), \"Resource Unit\")])[2]"}
COMMAND: POST /session/8710bc86126986cf02bb1d50a5f31e3a/element/f.4F28C2583BB65896889CB8FD582548C6.d.F1954DF699070F28B8A706C165CCC40A.e.13188/click - {}
RESULT: {}
RESULT: {}
COMMAND: GET /session/8710bc86126986cf02bb1d50a5f31e3a/screenshot - {}
RESULT: {}
COMMAND: POST /session/8710bc86126986cf02bb1d50a5f31e3a/element - {"using":"css selector","value":"#application-manageresources-display-component---newResourceUnit--btnAddTimeSegment"}
RESULT: {"using":"css selector","value":"#application-manageresources-display-component---newResourceUnit--btnAddTimeSegment"}
COMMAND: GET /session/8710bc86126986cf02bb1d50a5f31e3a/element/f.4F28C2583BB65896889CB8FD582548C6.d.F1954DF699070F28B8A706C165CCC40A.e.13189/rect - {}
RESULT: {}
COMMAND: GET /session/8710bc86126986cf02bb1d50a5f31e3a/window/rect - {}
RESULT: {}
COMMAND: POST /session/8710bc86126986cf02bb1d50a5f31e3a/execute/sync - {"script":"<script> [92 bytes]","args":[]}
RESULT: {"script":"<script> [92 bytes]","args":[]}
COMMAND: POST /session/8710bc86126986cf02bb1d50a5f31e3a/actions - {"actions":[{"id":"action50","type":"wheel","parameters":{},"actions":[{"type":"scroll","x":-1888,"y":-32,"deltaX":0,"deltaY":0,"duration":0,"origin":{"element-6066-11e4-a52e-4f735466cecf":"f.4F28C2583BB65896889CB8FD582548C6.d.F1954DF699070F28B8A706C165CCC40A.e.13189"}}]}]}
COMMAND: GET /session/8710bc86126986cf02bb1d50a5f31e3a/screenshot - {}
RESULT: {}
COMMAND: POST /session/8710bc86126986cf02bb1d50a5f31e3a/execute/sync - {"script":"<script> [79 bytes]","args":[{"element-6066-11e4-a52e-4f735466cecf":"f.4F28C2583BB65896889CB8FD582548C6.d.F1954DF699070F28B8A706C165CCC40A.e.13189","ELEMENT":"f.4F28C2583BB65896889CB8FD582548C6.d.F1954DF699070F28B8A706C165CCC40A.e.13189"},{"block":"start","inline":"nearest"}]}
RESULT: {"script":"<script> [79 bytes]","args":[{"element-6066-11e4-a52e-4f735466cecf":"f.4F28C2583BB65896889CB8FD582548C6.d.F1954DF699070F28B8A706C165CCC40A.e.13189","ELEMENT":"f.4F28C2583BB65896889CB8FD582548C6.d.F1954DF699070F28B8A706C165CCC40A.e.13189"},{"block":"start","inline":"nearest"}]}
COMMAND: POST /session/8710bc86126986cf02bb1d50a5f31e3a/execute/async - {"script":"<script> [1562 bytes]","args":[{"selector":{"id":"application-manageresources-display-component---newResourceUnit--btnAddTimeSegment","interaction":{"idSuffix":"inner"}},"wdio_ui5_key":"applicationmanageresources-display-component---newResourceUnit--btnAddTimeSegment"}]}
COMMAND: GET /session/8710bc86126986cf02bb1d50a5f31e3a/screenshot - {}
RESULT: {"script":"<script> [1562 bytes]","args":[{"selector":{"id":"application-manageresources-display-component---newResourceUnit--btnAddTimeSegment","interaction":{"idSuffix":"inner"}},"wdio_ui5_key":"applicationmanageresources-display-component---newResourceUnit--btnAddTimeSegment"}]}
RESULT: undefined
COMMAND: POST /session/8710bc86126986cf02bb1d50a5f31e3a/element - {"using":"xpath","value":"//*[@id=\"application-manageresources-display-component---newResourceUnit--btnAddTimeSegment\"]"}
RESULT: {}
RESULT: {"using":"xpath","value":"//*[@id=\"application-manageresources-display-component---newResourceUnit--btnAddTimeSegment\"]"}
COMMAND: POST /session/8710bc86126986cf02bb1d50a5f31e3a/element/f.4F28C2583BB65896889CB8FD582548C6.d.F1954DF699070F28B8A706C165CCC40A.e.13189/click - {}
RESULT: {}
COMMAND: GET /session/8710bc86126986cf02bb1d50a5f31e3a/screenshot - {}
RESULT: {}
COMMAND: POST /session/8710bc86126986cf02bb1d50a5f31e3a/element - {"using":"xpath","value":"//input[@id=\"application-manageresources-display-component---newResourceUnit--idRuTSAdmin-application-manageresources-display-component---newResourceUnit--RUTimeSegment-0-inner\"]"}
RESULT: {"using":"xpath","value":"//input[@id=\"application-manageresources-display-component---newResourceUnit--idRuTSAdmin-application-manageresources-display-component---newResourceUnit--RUTimeSegment-0-inner\"]"}
COMMAND: POST /session/8710bc86126986cf02bb1d50a5f31e3a/element/f.4F28C2583BB65896889CB8FD582548C6.d.F1954DF699070F28B8A706C165CCC40A.e.13195/clear - {}
RESULT: {}
COMMAND: POST /session/8710bc86126986cf02bb1d50a5f31e3a/element/f.4F28C2583BB65896889CB8FD582548C6.d.F1954DF699070F28B8A706C165CCC40A.e.13195/value - {"text":"681"}
COMMAND: GET /session/8710bc86126986cf02bb1d50a5f31e3a/screenshot - {}
RESULT: {"text":"681"}
COMMAND: GET /session/8710bc86126986cf02bb1d50a5f31e3a/screenshot - {}
RESULT: {}
RESULT: {}
COMMAND: POST /session/8710bc86126986cf02bb1d50a5f31e3a/element - {"using":"xpath","value":"//li[.//span[text()='681']]"}
RESULT: {"using":"xpath","value":"//li[.//span[text()='681']]"}
COMMAND: POST /session/8710bc86126986cf02bb1d50a5f31e3a/element/f.4F28C2583BB65896889CB8FD582548C6.d.F1954DF699070F28B8A706C165CCC40A.e.13209/click - {}
RESULT: {}
COMMAND: GET /session/8710bc86126986cf02bb1d50a5f31e3a/screenshot - {}
RESULT: {}
COMMAND: POST /session/8710bc86126986cf02bb1d50a5f31e3a/element - {"using":"xpath","value":"(//span[contains(@id, \"-application-manageresources-display-component---newResourceUnit--RUTimeSegment-0-arrow\")])[6]"}
RESULT: {"using":"xpath","value":"(//span[contains(@id, \"-application-manageresources-display-component---newResourceUnit--RUTimeSegment-0-arrow\")])[6]"}
COMMAND: POST /session/8710bc86126986cf02bb1d50a5f31e3a/element/f.4F28C2583BB65896889CB8FD582548C6.d.F1954DF699070F28B8A706C165CCC40A.e.13210/click - {}
RESULT: {}
COMMAND: GET /session/8710bc86126986cf02bb1d50a5f31e3a/screenshot - {}
RESULT: {}
COMMAND: POST /session/8710bc86126986cf02bb1d50a5f31e3a/element - {"using":"xpath","value":"//span[contains(text(), \"PM Order\")]"}
RESULT: {"using":"xpath","value":"//span[contains(text(), \"PM Order\")]"}
COMMAND: POST /session/8710bc86126986cf02bb1d50a5f31e3a/element/f.4F28C2583BB65896889CB8FD582548C6.d.F1954DF699070F28B8A706C165CCC40A.e.13213/click - {}
RESULT: {}
COMMAND: GET /session/8710bc86126986cf02bb1d50a5f31e3a/screenshot - {}
RESULT: {}
COMMAND: POST /session/8710bc86126986cf02bb1d50a5f31e3a/element - {"using":"xpath","value":"(//span[contains(@id ,\"manageresources-display-component---newResourceUnit--RUTimeSegment-0-vhi\")])[1]"}
RESULT: {"using":"xpath","value":"(//span[contains(@id ,\"manageresources-display-component---newResourceUnit--RUTimeSegment-0-vhi\")])[1]"}
COMMAND: GET /session/8710bc86126986cf02bb1d50a5f31e3a/element/f.4F28C2583BB65896889CB8FD582548C6.d.F1954DF699070F28B8A706C165CCC40A.e.13217/rect - {}
RESULT: {}
COMMAND: GET /session/8710bc86126986cf02bb1d50a5f31e3a/window/rect - {}
RESULT: {}
COMMAND: POST /session/8710bc86126986cf02bb1d50a5f31e3a/execute/sync - {"script":"<script> [92 bytes]","args":[]}
RESULT: {"script":"<script> [92 bytes]","args":[]}
COMMAND: POST /session/8710bc86126986cf02bb1d50a5f31e3a/actions - {"actions":[{"id":"action51","type":"wheel","parameters":{},"actions":[{"type":"scroll","x":-869,"y":-24,"deltaX":0,"deltaY":0,"duration":0,"origin":{"element-6066-11e4-a52e-4f735466cecf":"f.4F28C2583BB65896889CB8FD582548C6.d.F1954DF699070F28B8A706C165CCC40A.e.13217"}}]}]}
COMMAND: GET /session/8710bc86126986cf02bb1d50a5f31e3a/screenshot - {}
RESULT: {"actions":[{"id":"action51","type":"wheel","parameters":{},"actions":[{"type":"scroll","x":-869,"y":-24,"deltaX":0,"deltaY":0,"duration":0,"origin":{"element-6066-11e4-a52e-4f735466cecf":"f.4F28C2583BB65896889CB8FD582548C6.d.F1954DF699070F28B8A706C165CCC40A.e.13217"}}]}]}
COMMAND: DELETE /session/8710bc86126986cf02bb1d50a5f31e3a/actions - {}
COMMAND: GET /session/8710bc86126986cf02bb1d50a5f31e3a/screenshot - {}
RESULT: {}
RESULT: {}
COMMAND: GET /session/8710bc86126986cf02bb1d50a5f31e3a/screenshot - {}
RESULT: {}
RESULT: {}
COMMAND: POST /session/8710bc86126986cf02bb1d50a5f31e3a/element/f.4F28C2583BB65896889CB8FD582548C6.d.F1954DF699070F28B8A706C165CCC40A.e.13217/click - {}
RESULT: {}
COMMAND: GET /session/8710bc86126986cf02bb1d50a5f31e3a/screenshot - {}
RESULT: {}
COMMAND: POST /session/8710bc86126986cf02bb1d50a5f31e3a/execute/async - {"script":"<script> [1562 bytes]","args":[{"selector":{"controlType":"sap.m.SearchField","properties":{"placeholder":"Search"},"searchOpenDialogs":true,"interaction":{"idSuffix":"I"}},"wdio_ui5_key":"sapm.SearchField{\"placeholder\":\"Search\"}"}]}
RESULT: {"script":"<script> [1562 bytes]","args":[{"selector":{"controlType":"sap.m.SearchField","properties":{"placeholder":"Search"},"searchOpenDialogs":true,"interaction":{"idSuffix":"I"}},"wdio_ui5_key":"sapm.SearchField{\"placeholder\":\"Search\"}"}]}
RESULT: undefined
COMMAND: POST /session/8710bc86126986cf02bb1d50a5f31e3a/execute/async - {"script":"<script> [776 bytes]","args":[{"enterText":"4000360","selector":{"controlType":"sap.m.SearchField","properties":{"placeholder":"Search"},"searchOpenDialogs":true,"interaction":{"idSuffix":"I"}},"clearTextFirst":true,"interactionType":"ENTER_TEXT"}]}
RESULT: {"script":"<script> [776 bytes]","args":[{"enterText":"4000360","selector":{"controlType":"sap.m.SearchField","properties":{"placeholder":"Search"},"searchOpenDialogs":true,"interaction":{"idSuffix":"I"}},"clearTextFirst":true,"interactionType":"ENTER_TEXT"}]}
COMMAND: POST /session/8710bc86126986cf02bb1d50a5f31e3a/actions - {"actions":[{"id":"action52","type":"key","parameters":{},"actions":[{"type":"keyDown","value":""},{"type":"pause","duration":10},{"type":"keyUp","value":""}]}]}
RESULT: {"actions":[{"id":"action52","type":"key","parameters":{},"actions":[{"type":"keyDown","value":""},{"type":"pause","duration":10},{"type":"keyUp","value":""}]}]}
COMMAND: GET /session/8710bc86126986cf02bb1d50a5f31e3a/screenshot - {}
RESULT: {}
COMMAND: POST /session/8710bc86126986cf02bb1d50a5f31e3a/element - {"using":"xpath","value":"//td/div/span[contains(text(), \"BGL Vehicles\")]"}
RESULT: {"using":"xpath","value":"//td/div/span[contains(text(), \"BGL Vehicles\")]"}
COMMAND: POST /session/8710bc86126986cf02bb1d50a5f31e3a/element/f.4F28C2583BB65896889CB8FD582548C6.d.F1954DF699070F28B8A706C165CCC40A.e.13237/click - {}
RESULT: {}
COMMAND: GET /session/8710bc86126986cf02bb1d50a5f31e3a/screenshot - {}
RESULT: {}
COMMAND: POST /session/8710bc86126986cf02bb1d50a5f31e3a/element - {"using":"xpath","value":"//bdi[contains(text(), \"OK\")]"}
RESULT: {"using":"xpath","value":"//bdi[contains(text(), \"OK\")]"}
COMMAND: POST /session/8710bc86126986cf02bb1d50a5f31e3a/element/f.4F28C2583BB65896889CB8FD582548C6.d.F1954DF699070F28B8A706C165CCC40A.e.13238/click - {}
RESULT: {}
COMMAND: GET /session/8710bc86126986cf02bb1d50a5f31e3a/screenshot - {}
RESULT: {}
COMMAND: POST /session/8710bc86126986cf02bb1d50a5f31e3a/execute/async - {"script":"<script> [1562 bytes]","args":[{"selector":{"id":"application-manageresources-display-component---newResourceUnit--newRRUPage-anchBar-application-manageresources-display-component---newResourceUnit--resource-anchor","interaction":{"idSuffix":"BDI-content"}},"wdio_ui5_key":"applicationmanageresources-display-component---newResourceUnit--newRRUPage-anchBar-application-manageresources-display-component---newResourceUnit--resource-anchor"}]}
RESULT: {"script":"<script> [1562 bytes]","args":[{"selector":{"id":"application-manageresources-display-component---newResourceUnit--newRRUPage-anchBar-application-manageresources-display-component---newResourceUnit--resource-anchor","interaction":{"idSuffix":"BDI-content"}},"wdio_ui5_key":"applicationmanageresources-display-component---newResourceUnit--newRRUPage-anchBar-application-manageresources-display-component---newResourceUnit--resource-anchor"}]}
RESULT: undefined
COMMAND: POST /session/8710bc86126986cf02bb1d50a5f31e3a/element - {"using":"xpath","value":"//*[@id=\"application-manageresources-display-component---newResourceUnit--newRRUPage-anchBar-application-manageresources-display-component---newResourceUnit--resource-anchor\"]"}
RESULT: {"using":"xpath","value":"//*[@id=\"application-manageresources-display-component---newResourceUnit--newRRUPage-anchBar-application-manageresources-display-component---newResourceUnit--resource-anchor\"]"}
COMMAND: POST /session/8710bc86126986cf02bb1d50a5f31e3a/element/f.4F28C2583BB65896889CB8FD582548C6.d.F1954DF699070F28B8A706C165CCC40A.e.13242/click - {}
RESULT: {}
COMMAND: POST /session/8710bc86126986cf02bb1d50a5f31e3a/execute/async - {"script":"<script> [1562 bytes]","args":[{"selector":{"id":"application-manageresources-display-component---newResourceUnit--PLANNED_DELIVERY_DATE","interaction":{"idSuffix":"inner"}},"wdio_ui5_key":"applicationmanageresources-display-component---newResourceUnit--PLANNED_DELIVERY_DATE"}]}
COMMAND: GET /session/8710bc86126986cf02bb1d50a5f31e3a/screenshot - {}
RESULT: {"script":"<script> [1562 bytes]","args":[{"selector":{"id":"application-manageresources-display-component---newResourceUnit--PLANNED_DELIVERY_DATE","interaction":{"idSuffix":"inner"}},"wdio_ui5_key":"applicationmanageresources-display-component---newResourceUnit--PLANNED_DELIVERY_DATE"}]}
RESULT: undefined
COMMAND: POST /session/8710bc86126986cf02bb1d50a5f31e3a/execute/async - {"script":"<script> [6424 bytes]","args":[{"element-6066-11e4-a52e-4f735466cecf":"f.4F28C2583BB65896889CB8FD582548C6.d.F1954DF699070F28B8A706C165CCC40A.e.13103"},"setValue",["5/22/25"]]}
RESULT: {}
RESULT: {"script":"<script> [6424 bytes]","args":[{"element-6066-11e4-a52e-4f735466cecf":"f.4F28C2583BB65896889CB8FD582548C6.d.F1954DF699070F28B8A706C165CCC40A.e.13103"},"setValue",["5/22/25"]]}
COMMAND: POST /session/8710bc86126986cf02bb1d50a5f31e3a/element - {"using":"xpath","value":"//label[contains(@class, 'sapMLabelRequired') and .//bdi[contains(text(), 'Planned Retirement')]]"}
RESULT: {"using":"xpath","value":"//label[contains(@class, 'sapMLabelRequired') and .//bdi[contains(text(), 'Planned Retirement')]]"}
COMMAND: POST /session/8710bc86126986cf02bb1d50a5f31e3a/elements - {"using":"xpath","value":"//label[contains(@class, 'sapMLabelRequired') and .//bdi[contains(text(), 'Planned Retirement')]]"}
RESULT: {"using":"xpath","value":"//label[contains(@class, 'sapMLabelRequired') and .//bdi[contains(text(), 'Planned Retirement')]]"}
COMMAND: POST /session/8710bc86126986cf02bb1d50a5f31e3a/element - {"using":"xpath","value":"//button[@data-kt=\"resourceUnitSaveButton\"]"}
RESULT: {"using":"xpath","value":"//button[@data-kt=\"resourceUnitSaveButton\"]"}
COMMAND: POST /session/8710bc86126986cf02bb1d50a5f31e3a/element/f.4F28C2583BB65896889CB8FD582548C6.d.F1954DF699070F28B8A706C165CCC40A.e.13063/click - {}
RESULT: {}
COMMAND: GET /session/8710bc86126986cf02bb1d50a5f31e3a/screenshot - {}
RESULT: {}
COMMAND: POST /session/8710bc86126986cf02bb1d50a5f31e3a/element - {"using":"xpath","value":"//bdi[contains(text(), \"Close\")]"}
RESULT: {"using":"xpath","value":"//bdi[contains(text(), \"Close\")]"}
COMMAND: POST /session/8710bc86126986cf02bb1d50a5f31e3a/element/f.4F28C2583BB65896889CB8FD582548C6.d.F1954DF699070F28B8A706C165CCC40A.e.13250/click - {}
RESULT: {}
COMMAND: GET /session/8710bc86126986cf02bb1d50a5f31e3a/screenshot - {}
RESULT: {}
COMMAND: POST /session/8710bc86126986cf02bb1d50a5f31e3a/element - {"using":"xpath","value":"(//button[contains(@id ,\"actionsToolbar-overflowButton\")])[1]"}
RESULT: {"using":"xpath","value":"(//button[contains(@id ,\"actionsToolbar-overflowButton\")])[1]"}
COMMAND: POST /session/8710bc86126986cf02bb1d50a5f31e3a/element/f.4F28C2583BB65896889CB8FD582548C6.d.F1954DF699070F28B8A706C165CCC40A.e.13308/click - {}
RESULT: {}
COMMAND: GET /session/8710bc86126986cf02bb1d50a5f31e3a/screenshot - {}
RESULT: {}
COMMAND: POST /session/8710bc86126986cf02bb1d50a5f31e3a/element - {"using":"xpath","value":"//button[@data-kt=\"priceInfoButton\"]"}
RESULT: {"using":"xpath","value":"//button[@data-kt=\"priceInfoButton\"]"}
COMMAND: POST /session/8710bc86126986cf02bb1d50a5f31e3a/element/f.4F28C2583BB65896889CB8FD582548C6.d.F1954DF699070F28B8A706C165CCC40A.e.13311/click - {}
RESULT: {}
COMMAND: GET /session/8710bc86126986cf02bb1d50a5f31e3a/screenshot - {}
]]></system-out>
    </testcase>
    <testcase classname="chrome.136_0_7103_93.windows.Performance_based_billing_(work_days)_US139742" name="Should create a pricing rule perf based on the equipment" time="58.587">
      <system-out><![CDATA[
COMMAND: POST /session/8710bc86126986cf02bb1d50a5f31e3a/element - {"using":"xpath","value":"//button[@data-kt=\"addButton\"]"}
RESULT: {}
RESULT: {"using":"xpath","value":"//button[@data-kt=\"addButton\"]"}
COMMAND: POST /session/8710bc86126986cf02bb1d50a5f31e3a/elements - {"using":"xpath","value":"//button[@data-kt=\"addButton\"]"}
RESULT: {"using":"xpath","value":"//button[@data-kt=\"addButton\"]"}
COMMAND: POST /session/8710bc86126986cf02bb1d50a5f31e3a/execute/sync - {"script":"<script> [8489 bytes]","args":[{"element-6066-11e4-a52e-4f735466cecf":"f.4F28C2583BB65896889CB8FD582548C6.d.F1954DF699070F28B8A706C165CCC40A.e.13347","ELEMENT":"f.4F28C2583BB65896889CB8FD582548C6.d.F1954DF699070F28B8A706C165CCC40A.e.13347"}]}
RESULT: {"script":"<script> [8489 bytes]","args":[{"element-6066-11e4-a52e-4f735466cecf":"f.4F28C2583BB65896889CB8FD582548C6.d.F1954DF699070F28B8A706C165CCC40A.e.13347","ELEMENT":"f.4F28C2583BB65896889CB8FD582548C6.d.F1954DF699070F28B8A706C165CCC40A.e.13347"}]}
COMMAND: GET /session/8710bc86126986cf02bb1d50a5f31e3a/element/f.4F28C2583BB65896889CB8FD582548C6.d.F1954DF699070F28B8A706C165CCC40A.e.13347/enabled - {}
COMMAND: GET /session/8710bc86126986cf02bb1d50a5f31e3a/screenshot - {}
RESULT: {}
COMMAND: POST /session/8710bc86126986cf02bb1d50a5f31e3a/execute/sync - {"script":"<script> [8489 bytes]","args":[{"element-6066-11e4-a52e-4f735466cecf":"f.4F28C2583BB65896889CB8FD582548C6.d.F1954DF699070F28B8A706C165CCC40A.e.13347","ELEMENT":"f.4F28C2583BB65896889CB8FD582548C6.d.F1954DF699070F28B8A706C165CCC40A.e.13347"}]}
COMMAND: GET /session/8710bc86126986cf02bb1d50a5f31e3a/screenshot - {}
RESULT: {}
RESULT: {"script":"<script> [8489 bytes]","args":[{"element-6066-11e4-a52e-4f735466cecf":"f.4F28C2583BB65896889CB8FD582548C6.d.F1954DF699070F28B8A706C165CCC40A.e.13347","ELEMENT":"f.4F28C2583BB65896889CB8FD582548C6.d.F1954DF699070F28B8A706C165CCC40A.e.13347"}]}
COMMAND: POST /session/8710bc86126986cf02bb1d50a5f31e3a/execute/sync - {"script":"<script> [5351 bytes]","args":[{"element-6066-11e4-a52e-4f735466cecf":"f.4F28C2583BB65896889CB8FD582548C6.d.F1954DF699070F28B8A706C165CCC40A.e.13347","ELEMENT":"f.4F28C2583BB65896889CB8FD582548C6.d.F1954DF699070F28B8A706C165CCC40A.e.13347"}]}
COMMAND: GET /session/8710bc86126986cf02bb1d50a5f31e3a/screenshot - {}
RESULT: {}
RESULT: {"script":"<script> [5351 bytes]","args":[{"element-6066-11e4-a52e-4f735466cecf":"f.4F28C2583BB65896889CB8FD582548C6.d.F1954DF699070F28B8A706C165CCC40A.e.13347","ELEMENT":"f.4F28C2583BB65896889CB8FD582548C6.d.F1954DF699070F28B8A706C165CCC40A.e.13347"}]}
COMMAND: POST /session/8710bc86126986cf02bb1d50a5f31e3a/element/f.4F28C2583BB65896889CB8FD582548C6.d.F1954DF699070F28B8A706C165CCC40A.e.13347/click - {}
COMMAND: GET /session/8710bc86126986cf02bb1d50a5f31e3a/screenshot - {}
RESULT: {}
RESULT: {}
COMMAND: GET /session/8710bc86126986cf02bb1d50a5f31e3a/screenshot - {}
RESULT: {}
RESULT: {}
COMMAND: POST /session/8710bc86126986cf02bb1d50a5f31e3a/execute/async - {"script":"<script> [1562 bytes]","args":[{"selector":{"controlType":"sap.m.Title","viewName":"etm.portal.ui.managepricingrules.view.NewItem","viewId":"application-managepricingrules-display-component---newInfoPriceItem","properties":{"text":"New Pricing Rules - Item Level"}},"wdio_ui5_key":"etmportal.ui.managepricingrules.view.NewItemsap.m.Title{\"text\":\"New Pricing Rules - Item Level\"}"}]}
RESULT: {"script":"<script> [1562 bytes]","args":[{"selector":{"controlType":"sap.m.Title","viewName":"etm.portal.ui.managepricingrules.view.NewItem","viewId":"application-managepricingrules-display-component---newInfoPriceItem","properties":{"text":"New Pricing Rules - Item Level"}},"wdio_ui5_key":"etmportal.ui.managepricingrules.view.NewItemsap.m.Title{\"text\":\"New Pricing Rules - Item Level\"}"}]}
RESULT: undefined
COMMAND: POST /session/8710bc86126986cf02bb1d50a5f31e3a/execute/async - {"script":"<script> [6424 bytes]","args":[{"element-6066-11e4-a52e-4f735466cecf":"f.4F28C2583BB65896889CB8FD582548C6.d.F1954DF699070F28B8A706C165CCC40A.e.13508"},"getText",[]]}
RESULT: {"script":"<script> [6424 bytes]","args":[{"element-6066-11e4-a52e-4f735466cecf":"f.4F28C2583BB65896889CB8FD582548C6.d.F1954DF699070F28B8A706C165CCC40A.e.13508"},"getText",[]]}
COMMAND: POST /session/8710bc86126986cf02bb1d50a5f31e3a/execute/async - {"script":"<script> [1562 bytes]","args":[{"selector":{"id":"application-managepricingrules-display-component---newInfoPriceItem--condValidTo","interaction":{"idSuffix":"inner"}},"wdio_ui5_key":"applicationmanagepricingrules-display-component---newInfoPriceItem--condValidTo"}]}
RESULT: {"script":"<script> [1562 bytes]","args":[{"selector":{"id":"application-managepricingrules-display-component---newInfoPriceItem--condValidTo","interaction":{"idSuffix":"inner"}},"wdio_ui5_key":"applicationmanagepricingrules-display-component---newInfoPriceItem--condValidTo"}]}
RESULT: undefined
COMMAND: POST /session/8710bc86126986cf02bb1d50a5f31e3a/execute/async - {"script":"<script> [776 bytes]","args":[{"enterText":"1/22/26","selector":{"id":"application-managepricingrules-display-component---newInfoPriceItem--condValidTo","interaction":{"idSuffix":"inner"}},"clearTextFirst":true,"interactionType":"ENTER_TEXT"}]}
RESULT: {"script":"<script> [776 bytes]","args":[{"enterText":"1/22/26","selector":{"id":"application-managepricingrules-display-component---newInfoPriceItem--condValidTo","interaction":{"idSuffix":"inner"}},"clearTextFirst":true,"interactionType":"ENTER_TEXT"}]}
COMMAND: POST /session/8710bc86126986cf02bb1d50a5f31e3a/execute/async - {"script":"<script> [1562 bytes]","args":[{"selector":{"id":"application-managepricingrules-display-component---newInfoPriceItem--billType-arrow"},"wdio_ui5_key":"applicationmanagepricingrules-display-component---newInfoPriceItem--billType-arrow"}]}
RESULT: {"script":"<script> [1562 bytes]","args":[{"selector":{"id":"application-managepricingrules-display-component---newInfoPriceItem--billType-arrow"},"wdio_ui5_key":"applicationmanagepricingrules-display-component---newInfoPriceItem--billType-arrow"}]}
RESULT: undefined
COMMAND: POST /session/8710bc86126986cf02bb1d50a5f31e3a/element - {"using":"xpath","value":"//*[@id=\"application-managepricingrules-display-component---newInfoPriceItem--billType-arrow\"]"}
RESULT: {"using":"xpath","value":"//*[@id=\"application-managepricingrules-display-component---newInfoPriceItem--billType-arrow\"]"}
COMMAND: POST /session/8710bc86126986cf02bb1d50a5f31e3a/element/f.4F28C2583BB65896889CB8FD582548C6.d.F1954DF699070F28B8A706C165CCC40A.e.13510/click - {}
RESULT: {}
COMMAND: POST /session/8710bc86126986cf02bb1d50a5f31e3a/element - {"using":"xpath","value":"//span[contains(text(), \"PB - Performance based\")]"}
COMMAND: GET /session/8710bc86126986cf02bb1d50a5f31e3a/screenshot - {}
RESULT: {"using":"xpath","value":"//span[contains(text(), \"PB - Performance based\")]"}
COMMAND: POST /session/8710bc86126986cf02bb1d50a5f31e3a/element/f.4F28C2583BB65896889CB8FD582548C6.d.F1954DF699070F28B8A706C165CCC40A.e.13511/click - {}
RESULT: {}
RESULT: {}
COMMAND: POST /session/8710bc86126986cf02bb1d50a5f31e3a/execute/async - {"script":"<script> [1562 bytes]","args":[{"selector":{"id":"application-managepricingrules-display-component---newInfoPriceItem--priceProc-arrow"},"wdio_ui5_key":"applicationmanagepricingrules-display-component---newInfoPriceItem--priceProc-arrow"}]}
COMMAND: GET /session/8710bc86126986cf02bb1d50a5f31e3a/screenshot - {}
RESULT: {"script":"<script> [1562 bytes]","args":[{"selector":{"id":"application-managepricingrules-display-component---newInfoPriceItem--priceProc-arrow"},"wdio_ui5_key":"applicationmanagepricingrules-display-component---newInfoPriceItem--priceProc-arrow"}]}
RESULT: undefined
COMMAND: POST /session/8710bc86126986cf02bb1d50a5f31e3a/element - {"using":"xpath","value":"//*[@id=\"application-managepricingrules-display-component---newInfoPriceItem--priceProc-arrow\"]"}
RESULT: {}
RESULT: {"using":"xpath","value":"//*[@id=\"application-managepricingrules-display-component---newInfoPriceItem--priceProc-arrow\"]"}
COMMAND: POST /session/8710bc86126986cf02bb1d50a5f31e3a/element/f.4F28C2583BB65896889CB8FD582548C6.d.F1954DF699070F28B8A706C165CCC40A.e.13474/click - {}
RESULT: {}
COMMAND: POST /session/8710bc86126986cf02bb1d50a5f31e3a/element - {"using":"xpath","value":"//span[contains(text(), \"PRF - Performance based\")]"}
COMMAND: GET /session/8710bc86126986cf02bb1d50a5f31e3a/screenshot - {}
RESULT: {"using":"xpath","value":"//span[contains(text(), \"PRF - Performance based\")]"}
COMMAND: POST /session/8710bc86126986cf02bb1d50a5f31e3a/element/f.4F28C2583BB65896889CB8FD582548C6.d.F1954DF699070F28B8A706C165CCC40A.e.13512/click - {}
RESULT: {}
RESULT: {}
COMMAND: POST /session/8710bc86126986cf02bb1d50a5f31e3a/execute/async - {"script":"<script> [1562 bytes]","args":[{"selector":{"id":"application-managepricingrules-display-component---newInfoPriceItem--calcBase-arrow"},"wdio_ui5_key":"applicationmanagepricingrules-display-component---newInfoPriceItem--calcBase-arrow"}]}
COMMAND: GET /session/8710bc86126986cf02bb1d50a5f31e3a/screenshot - {}
RESULT: {"script":"<script> [1562 bytes]","args":[{"selector":{"id":"application-managepricingrules-display-component---newInfoPriceItem--calcBase-arrow"},"wdio_ui5_key":"applicationmanagepricingrules-display-component---newInfoPriceItem--calcBase-arrow"}]}
RESULT: undefined
COMMAND: POST /session/8710bc86126986cf02bb1d50a5f31e3a/element - {"using":"xpath","value":"//*[@id=\"application-managepricingrules-display-component---newInfoPriceItem--calcBase-arrow\"]"}
RESULT: {}
RESULT: {"using":"xpath","value":"//*[@id=\"application-managepricingrules-display-component---newInfoPriceItem--calcBase-arrow\"]"}
COMMAND: POST /session/8710bc86126986cf02bb1d50a5f31e3a/element/f.4F28C2583BB65896889CB8FD582548C6.d.F1954DF699070F28B8A706C165CCC40A.e.13481/click - {}
RESULT: {}
COMMAND: GET /session/8710bc86126986cf02bb1d50a5f31e3a/screenshot - {}
RESULT: {}
COMMAND: POST /session/8710bc86126986cf02bb1d50a5f31e3a/element - {"using":"xpath","value":"//span[contains(text(), \"0007 - PB(work days)\")]"}
RESULT: {"using":"xpath","value":"//span[contains(text(), \"0007 - PB(work days)\")]"}
COMMAND: POST /session/8710bc86126986cf02bb1d50a5f31e3a/element/f.4F28C2583BB65896889CB8FD582548C6.d.F1954DF699070F28B8A706C165CCC40A.e.13513/click - {}
RESULT: {}
COMMAND: GET /session/8710bc86126986cf02bb1d50a5f31e3a/screenshot - {}
RESULT: {}
COMMAND: POST /session/8710bc86126986cf02bb1d50a5f31e3a/execute/async - {"script":"<script> [1562 bytes]","args":[{"selector":{"id":"application-managepricingrules-display-component---newInfoPriceItem--hoursMonth","interaction":{"idSuffix":"inner"}},"wdio_ui5_key":"applicationmanagepricingrules-display-component---newInfoPriceItem--hoursMonth"}]}
RESULT: {"script":"<script> [1562 bytes]","args":[{"selector":{"id":"application-managepricingrules-display-component---newInfoPriceItem--hoursMonth","interaction":{"idSuffix":"inner"}},"wdio_ui5_key":"applicationmanagepricingrules-display-component---newInfoPriceItem--hoursMonth"}]}
RESULT: undefined
COMMAND: POST /session/8710bc86126986cf02bb1d50a5f31e3a/execute/async - {"script":"<script> [776 bytes]","args":[{"enterText":"160","selector":{"id":"application-managepricingrules-display-component---newInfoPriceItem--hoursMonth","interaction":{"idSuffix":"inner"}},"clearTextFirst":true,"interactionType":"ENTER_TEXT"}]}
RESULT: {"script":"<script> [776 bytes]","args":[{"enterText":"160","selector":{"id":"application-managepricingrules-display-component---newInfoPriceItem--hoursMonth","interaction":{"idSuffix":"inner"}},"clearTextFirst":true,"interactionType":"ENTER_TEXT"}]}
COMMAND: POST /session/8710bc86126986cf02bb1d50a5f31e3a/element - {"using":"xpath","value":"//button[@data-kt=\"saveNewRuleButton\"]"}
RESULT: {"using":"xpath","value":"//button[@data-kt=\"saveNewRuleButton\"]"}
COMMAND: POST /session/8710bc86126986cf02bb1d50a5f31e3a/element/f.4F28C2583BB65896889CB8FD582548C6.d.F1954DF699070F28B8A706C165CCC40A.e.13498/click - {}
RESULT: {}
COMMAND: GET /session/8710bc86126986cf02bb1d50a5f31e3a/screenshot - {}
RESULT: {}
COMMAND: POST /session/8710bc86126986cf02bb1d50a5f31e3a/execute/async - {"script":"<script> [1562 bytes]","args":[{"selector":{"id":"application-managepricingrules-display-component---priceInfoItem--smartFilterBar-btnBasicSearch","interaction":{"idSuffix":"I"}},"wdio_ui5_key":"applicationmanagepricingrules-display-component---priceInfoItem--smartFilterBar-btnBasicSearch"}]}
RESULT: {"script":"<script> [1562 bytes]","args":[{"selector":{"id":"application-managepricingrules-display-component---priceInfoItem--smartFilterBar-btnBasicSearch","interaction":{"idSuffix":"I"}},"wdio_ui5_key":"applicationmanagepricingrules-display-component---priceInfoItem--smartFilterBar-btnBasicSearch"}]}
RESULT: undefined
COMMAND: POST /session/8710bc86126986cf02bb1d50a5f31e3a/execute/async - {"script":"<script> [776 bytes]","args":[{"enterText":"KuybFJSwIs","selector":{"id":"application-managepricingrules-display-component---priceInfoItem--smartFilterBar-btnBasicSearch","interaction":{"idSuffix":"I"}},"clearTextFirst":true,"interactionType":"ENTER_TEXT"}]}
RESULT: {"script":"<script> [776 bytes]","args":[{"enterText":"KuybFJSwIs","selector":{"id":"application-managepricingrules-display-component---priceInfoItem--smartFilterBar-btnBasicSearch","interaction":{"idSuffix":"I"}},"clearTextFirst":true,"interactionType":"ENTER_TEXT"}]}
COMMAND: POST /session/8710bc86126986cf02bb1d50a5f31e3a/actions - {"actions":[{"id":"action53","type":"key","parameters":{},"actions":[{"type":"keyDown","value":""},{"type":"pause","duration":10},{"type":"keyUp","value":""}]}]}
RESULT: {"actions":[{"id":"action53","type":"key","parameters":{},"actions":[{"type":"keyDown","value":""},{"type":"pause","duration":10},{"type":"keyUp","value":""}]}]}
COMMAND: GET /session/8710bc86126986cf02bb1d50a5f31e3a/screenshot - {}
RESULT: {}
COMMAND: POST /session/8710bc86126986cf02bb1d50a5f31e3a/element - {"using":"xpath","value":"//span[@id=\"application-managepricingrules-display-component---priceInfoItem--smartTable-header-inner\"]"}
RESULT: {"using":"xpath","value":"//span[@id=\"application-managepricingrules-display-component---priceInfoItem--smartTable-header-inner\"]"}
COMMAND: POST /session/8710bc86126986cf02bb1d50a5f31e3a/elements - {"using":"xpath","value":"//span[@id=\"application-managepricingrules-display-component---priceInfoItem--smartTable-header-inner\"]"}
RESULT: {"using":"xpath","value":"//span[@id=\"application-managepricingrules-display-component---priceInfoItem--smartTable-header-inner\"]"}
COMMAND: POST /session/8710bc86126986cf02bb1d50a5f31e3a/execute/sync - {"script":"<script> [56 bytes]","args":[{"element-6066-11e4-a52e-4f735466cecf":"f.4F28C2583BB65896889CB8FD582548C6.d.F1954DF699070F28B8A706C165CCC40A.e.13538","ELEMENT":"f.4F28C2583BB65896889CB8FD582548C6.d.F1954DF699070F28B8A706C165CCC40A.e.13538"}]}
RESULT: {"script":"<script> [56 bytes]","args":[{"element-6066-11e4-a52e-4f735466cecf":"f.4F28C2583BB65896889CB8FD582548C6.d.F1954DF699070F28B8A706C165CCC40A.e.13538","ELEMENT":"f.4F28C2583BB65896889CB8FD582548C6.d.F1954DF699070F28B8A706C165CCC40A.e.13538"}]}
COMMAND: POST /session/8710bc86126986cf02bb1d50a5f31e3a/element - {"using":"css selector","value":"#shell-header-logo"}
COMMAND: GET /session/8710bc86126986cf02bb1d50a5f31e3a/screenshot - {}
RESULT: {"using":"css selector","value":"#shell-header-logo"}
COMMAND: POST /session/8710bc86126986cf02bb1d50a5f31e3a/element/f.4F28C2583BB65896889CB8FD582548C6.d.F1954DF699070F28B8A706C165CCC40A.e.12660/click - {}
RESULT: {}
RESULT: {}
COMMAND: GET /session/8710bc86126986cf02bb1d50a5f31e3a/screenshot - {}
RESULT: {}
]]></system-out>
    </testcase>
    <testcase classname="chrome.136_0_7103_93.windows.Performance_based_billing_(work_days)_US139742" name="Should create a performance based billing condition on the equipment" time="70.134">
      <system-out><![CDATA[
COMMAND: POST /session/8710bc86126986cf02bb1d50a5f31e3a/execute/async - {"script":"<script> [1562 bytes]","args":[{"selector":{"controlType":"sap.m.GenericTile","properties":{"header":"Manage Conditions & Prices"}},"wdio_ui5_key":"sapm.GenericTile{\"header\":\"Manage Conditions & Prices\"}"}]}
RESULT: {"script":"<script> [1562 bytes]","args":[{"selector":{"controlType":"sap.m.GenericTile","properties":{"header":"Manage Conditions & Prices"}},"wdio_ui5_key":"sapm.GenericTile{\"header\":\"Manage Conditions & Prices\"}"}]}
RESULT: undefined
COMMAND: POST /session/8710bc86126986cf02bb1d50a5f31e3a/element - {"using":"xpath","value":"//*[@id=\"__tile53\"]"}
RESULT: {"using":"xpath","value":"//*[@id=\"__tile53\"]"}
COMMAND: POST /session/8710bc86126986cf02bb1d50a5f31e3a/element/f.4F28C2583BB65896889CB8FD582548C6.d.F1954DF699070F28B8A706C165CCC40A.e.12581/click - {}
RESULT: {}
COMMAND: GET /session/8710bc86126986cf02bb1d50a5f31e3a/screenshot - {}
RESULT: {}
COMMAND: POST /session/8710bc86126986cf02bb1d50a5f31e3a/elements - {"using":"xpath","value":"//span[text()='Error']"}
RESULT: {"using":"xpath","value":"//span[text()='Error']"}
COMMAND: POST /session/8710bc86126986cf02bb1d50a5f31e3a/element - {"using":"xpath","value":"//button[@aria-label=\"Create\"]"}
RESULT: {"using":"xpath","value":"//button[@aria-label=\"Create\"]"}
COMMAND: POST /session/8710bc86126986cf02bb1d50a5f31e3a/elements - {"using":"xpath","value":"//button[@aria-label=\"Create\"]"}
RESULT: {"using":"xpath","value":"//button[@aria-label=\"Create\"]"}
COMMAND: POST /session/8710bc86126986cf02bb1d50a5f31e3a/execute/sync - {"script":"<script> [8489 bytes]","args":[{"element-6066-11e4-a52e-4f735466cecf":"f.4F28C2583BB65896889CB8FD582548C6.d.F1954DF699070F28B8A706C165CCC40A.e.13573","ELEMENT":"f.4F28C2583BB65896889CB8FD582548C6.d.F1954DF699070F28B8A706C165CCC40A.e.13573"}]}
RESULT: {"script":"<script> [8489 bytes]","args":[{"element-6066-11e4-a52e-4f735466cecf":"f.4F28C2583BB65896889CB8FD582548C6.d.F1954DF699070F28B8A706C165CCC40A.e.13573","ELEMENT":"f.4F28C2583BB65896889CB8FD582548C6.d.F1954DF699070F28B8A706C165CCC40A.e.13573"}]}
COMMAND: GET /session/8710bc86126986cf02bb1d50a5f31e3a/element/f.4F28C2583BB65896889CB8FD582548C6.d.F1954DF699070F28B8A706C165CCC40A.e.13573/enabled - {}
COMMAND: GET /session/8710bc86126986cf02bb1d50a5f31e3a/screenshot - {}
RESULT: {}
COMMAND: POST /session/8710bc86126986cf02bb1d50a5f31e3a/execute/sync - {"script":"<script> [8489 bytes]","args":[{"element-6066-11e4-a52e-4f735466cecf":"f.4F28C2583BB65896889CB8FD582548C6.d.F1954DF699070F28B8A706C165CCC40A.e.13573","ELEMENT":"f.4F28C2583BB65896889CB8FD582548C6.d.F1954DF699070F28B8A706C165CCC40A.e.13573"}]}
COMMAND: GET /session/8710bc86126986cf02bb1d50a5f31e3a/screenshot - {}
RESULT: {}
RESULT: {"script":"<script> [8489 bytes]","args":[{"element-6066-11e4-a52e-4f735466cecf":"f.4F28C2583BB65896889CB8FD582548C6.d.F1954DF699070F28B8A706C165CCC40A.e.13573","ELEMENT":"f.4F28C2583BB65896889CB8FD582548C6.d.F1954DF699070F28B8A706C165CCC40A.e.13573"}]}
COMMAND: POST /session/8710bc86126986cf02bb1d50a5f31e3a/execute/sync - {"script":"<script> [5351 bytes]","args":[{"element-6066-11e4-a52e-4f735466cecf":"f.4F28C2583BB65896889CB8FD582548C6.d.F1954DF699070F28B8A706C165CCC40A.e.13573","ELEMENT":"f.4F28C2583BB65896889CB8FD582548C6.d.F1954DF699070F28B8A706C165CCC40A.e.13573"}]}
COMMAND: GET /session/8710bc86126986cf02bb1d50a5f31e3a/screenshot - {}
RESULT: {}
RESULT: {"script":"<script> [5351 bytes]","args":[{"element-6066-11e4-a52e-4f735466cecf":"f.4F28C2583BB65896889CB8FD582548C6.d.F1954DF699070F28B8A706C165CCC40A.e.13573","ELEMENT":"f.4F28C2583BB65896889CB8FD582548C6.d.F1954DF699070F28B8A706C165CCC40A.e.13573"}]}
COMMAND: POST /session/8710bc86126986cf02bb1d50a5f31e3a/element/f.4F28C2583BB65896889CB8FD582548C6.d.F1954DF699070F28B8A706C165CCC40A.e.13573/click - {}
COMMAND: GET /session/8710bc86126986cf02bb1d50a5f31e3a/screenshot - {}
RESULT: {}
RESULT: {}
COMMAND: GET /session/8710bc86126986cf02bb1d50a5f31e3a/screenshot - {}
RESULT: {}
RESULT: {}
COMMAND: POST /session/8710bc86126986cf02bb1d50a5f31e3a/actions - {"actions":[{"id":"action54","type":"key","parameters":{},"actions":[{"type":"keyDown","value":""},{"type":"pause","duration":10},{"type":"keyUp","value":""}]}]}
RESULT: {"actions":[{"id":"action54","type":"key","parameters":{},"actions":[{"type":"keyDown","value":""},{"type":"pause","duration":10},{"type":"keyUp","value":""}]}]}
COMMAND: GET /session/8710bc86126986cf02bb1d50a5f31e3a/screenshot - {}
RESULT: {}
COMMAND: POST /session/8710bc86126986cf02bb1d50a5f31e3a/execute/async - {"script":"<script> [1562 bytes]","args":[{"selector":{"id":"application-manageconditionprice-display-component---newCondition--condBillCond-arrow"},"wdio_ui5_key":"applicationmanageconditionprice-display-component---newCondition--condBillCond-arrow"}]}
RESULT: {"script":"<script> [1562 bytes]","args":[{"selector":{"id":"application-manageconditionprice-display-component---newCondition--condBillCond-arrow"},"wdio_ui5_key":"applicationmanageconditionprice-display-component---newCondition--condBillCond-arrow"}]}
RESULT: undefined
COMMAND: POST /session/8710bc86126986cf02bb1d50a5f31e3a/element - {"using":"xpath","value":"//*[@id=\"application-manageconditionprice-display-component---newCondition--condBillCond-arrow\"]"}
RESULT: {"using":"xpath","value":"//*[@id=\"application-manageconditionprice-display-component---newCondition--condBillCond-arrow\"]"}
COMMAND: POST /session/8710bc86126986cf02bb1d50a5f31e3a/element/f.4F28C2583BB65896889CB8FD582548C6.d.F1954DF699070F28B8A706C165CCC40A.e.13754/click - {}
RESULT: {}
COMMAND: GET /session/8710bc86126986cf02bb1d50a5f31e3a/screenshot - {}
RESULT: {}
COMMAND: POST /session/8710bc86126986cf02bb1d50a5f31e3a/element - {"using":"xpath","value":"//li[.//span[contains(text(), \"PC06 - Performance Price - fuel\")]]"}
RESULT: {"using":"xpath","value":"//li[.//span[contains(text(), \"PC06 - Performance Price - fuel\")]]"}
COMMAND: POST /session/8710bc86126986cf02bb1d50a5f31e3a/element/f.4F28C2583BB65896889CB8FD582548C6.d.F1954DF699070F28B8A706C165CCC40A.e.13757/click - {}
RESULT: {}
COMMAND: GET /session/8710bc86126986cf02bb1d50a5f31e3a/screenshot - {}
RESULT: {}
COMMAND: POST /session/8710bc86126986cf02bb1d50a5f31e3a/execute/async - {"script":"<script> [1562 bytes]","args":[{"selector":{"id":"application-manageconditionprice-display-component---newCondition--condValidTo","interaction":{"idSuffix":"inner"}},"wdio_ui5_key":"applicationmanageconditionprice-display-component---newCondition--condValidTo"}]}
RESULT: {"script":"<script> [1562 bytes]","args":[{"selector":{"id":"application-manageconditionprice-display-component---newCondition--condValidTo","interaction":{"idSuffix":"inner"}},"wdio_ui5_key":"applicationmanageconditionprice-display-component---newCondition--condValidTo"}]}
RESULT: undefined
COMMAND: POST /session/8710bc86126986cf02bb1d50a5f31e3a/execute/async - {"script":"<script> [776 bytes]","args":[{"enterText":"1/22/26","selector":{"id":"application-manageconditionprice-display-component---newCondition--condValidTo","interaction":{"idSuffix":"inner"}},"clearTextFirst":true,"interactionType":"ENTER_TEXT"}]}
RESULT: {"script":"<script> [776 bytes]","args":[{"enterText":"1/22/26","selector":{"id":"application-manageconditionprice-display-component---newCondition--condValidTo","interaction":{"idSuffix":"inner"}},"clearTextFirst":true,"interactionType":"ENTER_TEXT"}]}
COMMAND: POST /session/8710bc86126986cf02bb1d50a5f31e3a/element - {"using":"xpath","value":"//input[@id=\"application-manageconditionprice-display-component---newCondition--condRU-inner\"]"}
RESULT: {"using":"xpath","value":"//input[@id=\"application-manageconditionprice-display-component---newCondition--condRU-inner\"]"}
COMMAND: POST /session/8710bc86126986cf02bb1d50a5f31e3a/element/f.4F28C2583BB65896889CB8FD582548C6.d.F1954DF699070F28B8A706C165CCC40A.e.13619/clear - {}
RESULT: {}
COMMAND: POST /session/8710bc86126986cf02bb1d50a5f31e3a/element/f.4F28C2583BB65896889CB8FD582548C6.d.F1954DF699070F28B8A706C165CCC40A.e.13619/value - {"text":"KuybFJSwIs"}
COMMAND: GET /session/8710bc86126986cf02bb1d50a5f31e3a/screenshot - {}
RESULT: {"text":"KuybFJSwIs"}
COMMAND: GET /session/8710bc86126986cf02bb1d50a5f31e3a/screenshot - {}
RESULT: {}
RESULT: {}
COMMAND: POST /session/8710bc86126986cf02bb1d50a5f31e3a/actions - {"actions":[{"id":"action55","type":"key","parameters":{},"actions":[{"type":"keyDown","value":""},{"type":"pause","duration":10},{"type":"keyUp","value":""}]}]}
RESULT: {"actions":[{"id":"action55","type":"key","parameters":{},"actions":[{"type":"keyDown","value":""},{"type":"pause","duration":10},{"type":"keyUp","value":""}]}]}
COMMAND: POST /session/8710bc86126986cf02bb1d50a5f31e3a/execute/async - {"script":"<script> [1562 bytes]","args":[{"selector":{"id":"application-manageconditionprice-display-component---newCondition--condBaseQty","interaction":{"idSuffix":"inner"}},"wdio_ui5_key":"applicationmanageconditionprice-display-component---newCondition--condBaseQty"}]}
COMMAND: GET /session/8710bc86126986cf02bb1d50a5f31e3a/screenshot - {}
RESULT: {"script":"<script> [1562 bytes]","args":[{"selector":{"id":"application-manageconditionprice-display-component---newCondition--condBaseQty","interaction":{"idSuffix":"inner"}},"wdio_ui5_key":"applicationmanageconditionprice-display-component---newCondition--condBaseQty"}]}
RESULT: undefined
COMMAND: POST /session/8710bc86126986cf02bb1d50a5f31e3a/execute/async - {"script":"<script> [776 bytes]","args":[{"enterText":"1","selector":{"id":"application-manageconditionprice-display-component---newCondition--condBaseQty","interaction":{"idSuffix":"inner"}},"clearTextFirst":true,"interactionType":"ENTER_TEXT"}]}
RESULT: {}
RESULT: {"script":"<script> [776 bytes]","args":[{"enterText":"1","selector":{"id":"application-manageconditionprice-display-component---newCondition--condBaseQty","interaction":{"idSuffix":"inner"}},"clearTextFirst":true,"interactionType":"ENTER_TEXT"}]}
COMMAND: POST /session/8710bc86126986cf02bb1d50a5f31e3a/execute/async - {"script":"<script> [1562 bytes]","args":[{"selector":{"id":"application-manageconditionprice-display-component---newCondition--condValue","interaction":{"idSuffix":"inner"}},"wdio_ui5_key":"applicationmanageconditionprice-display-component---newCondition--condValue"}]}
RESULT: {"script":"<script> [1562 bytes]","args":[{"selector":{"id":"application-manageconditionprice-display-component---newCondition--condValue","interaction":{"idSuffix":"inner"}},"wdio_ui5_key":"applicationmanageconditionprice-display-component---newCondition--condValue"}]}
RESULT: undefined
COMMAND: POST /session/8710bc86126986cf02bb1d50a5f31e3a/execute/async - {"script":"<script> [776 bytes]","args":[{"enterText":"10","selector":{"id":"application-manageconditionprice-display-component---newCondition--condValue","interaction":{"idSuffix":"inner"}},"clearTextFirst":true,"interactionType":"ENTER_TEXT"}]}
RESULT: {"script":"<script> [776 bytes]","args":[{"enterText":"10","selector":{"id":"application-manageconditionprice-display-component---newCondition--condValue","interaction":{"idSuffix":"inner"}},"clearTextFirst":true,"interactionType":"ENTER_TEXT"}]}
COMMAND: POST /session/8710bc86126986cf02bb1d50a5f31e3a/execute/async - {"script":"<script> [1562 bytes]","args":[{"selector":{"id":"application-manageconditionprice-display-component---newCondition--condCurr-arrow"},"wdio_ui5_key":"applicationmanageconditionprice-display-component---newCondition--condCurr-arrow"}]}
RESULT: {"script":"<script> [1562 bytes]","args":[{"selector":{"id":"application-manageconditionprice-display-component---newCondition--condCurr-arrow"},"wdio_ui5_key":"applicationmanageconditionprice-display-component---newCondition--condCurr-arrow"}]}
RESULT: undefined
COMMAND: POST /session/8710bc86126986cf02bb1d50a5f31e3a/element - {"using":"xpath","value":"//*[@id=\"application-manageconditionprice-display-component---newCondition--condCurr-arrow\"]"}
RESULT: {"using":"xpath","value":"//*[@id=\"application-manageconditionprice-display-component---newCondition--condCurr-arrow\"]"}
COMMAND: POST /session/8710bc86126986cf02bb1d50a5f31e3a/element/f.4F28C2583BB65896889CB8FD582548C6.d.F1954DF699070F28B8A706C165CCC40A.e.13710/click - {}
RESULT: {}
COMMAND: POST /session/8710bc86126986cf02bb1d50a5f31e3a/element - {"using":"xpath","value":"//span[contains(text(), \"Euro\")]"}
COMMAND: GET /session/8710bc86126986cf02bb1d50a5f31e3a/screenshot - {}
RESULT: {"using":"xpath","value":"//span[contains(text(), \"Euro\")]"}
COMMAND: POST /session/8710bc86126986cf02bb1d50a5f31e3a/element/f.4F28C2583BB65896889CB8FD582548C6.d.F1954DF699070F28B8A706C165CCC40A.e.13792/click - {}
RESULT: {}
RESULT: {}
COMMAND: POST /session/8710bc86126986cf02bb1d50a5f31e3a/element - {"using":"xpath","value":"//button[@data-kt=\"saveButton\"]"}
COMMAND: GET /session/8710bc86126986cf02bb1d50a5f31e3a/screenshot - {}
RESULT: {"using":"xpath","value":"//button[@data-kt=\"saveButton\"]"}
COMMAND: POST /session/8710bc86126986cf02bb1d50a5f31e3a/element/f.4F28C2583BB65896889CB8FD582548C6.d.F1954DF699070F28B8A706C165CCC40A.e.13711/click - {}
RESULT: {}
RESULT: {}
COMMAND: GET /session/8710bc86126986cf02bb1d50a5f31e3a/screenshot - {}
RESULT: {}
COMMAND: POST /session/8710bc86126986cf02bb1d50a5f31e3a/execute/async - {"script":"<script> [1562 bytes]","args":[{"selector":{"id":"application-manageconditionprice-display-component---conditions--smartFilterBar-btnBasicSearch","interaction":{"idSuffix":"I"}},"wdio_ui5_key":"applicationmanageconditionprice-display-component---conditions--smartFilterBar-btnBasicSearch"}]}
RESULT: {"script":"<script> [1562 bytes]","args":[{"selector":{"id":"application-manageconditionprice-display-component---conditions--smartFilterBar-btnBasicSearch","interaction":{"idSuffix":"I"}},"wdio_ui5_key":"applicationmanageconditionprice-display-component---conditions--smartFilterBar-btnBasicSearch"}]}
RESULT: undefined
COMMAND: POST /session/8710bc86126986cf02bb1d50a5f31e3a/execute/async - {"script":"<script> [776 bytes]","args":[{"enterText":"KuybFJSwIs","selector":{"id":"application-manageconditionprice-display-component---conditions--smartFilterBar-btnBasicSearch","interaction":{"idSuffix":"I"}},"clearTextFirst":true,"interactionType":"ENTER_TEXT"}]}
RESULT: {"script":"<script> [776 bytes]","args":[{"enterText":"KuybFJSwIs","selector":{"id":"application-manageconditionprice-display-component---conditions--smartFilterBar-btnBasicSearch","interaction":{"idSuffix":"I"}},"clearTextFirst":true,"interactionType":"ENTER_TEXT"}]}
COMMAND: POST /session/8710bc86126986cf02bb1d50a5f31e3a/actions - {"actions":[{"id":"action56","type":"key","parameters":{},"actions":[{"type":"keyDown","value":""},{"type":"pause","duration":10},{"type":"keyUp","value":""}]}]}
RESULT: {"actions":[{"id":"action56","type":"key","parameters":{},"actions":[{"type":"keyDown","value":""},{"type":"pause","duration":10},{"type":"keyUp","value":""}]}]}
COMMAND: GET /session/8710bc86126986cf02bb1d50a5f31e3a/screenshot - {}
RESULT: {}
COMMAND: POST /session/8710bc86126986cf02bb1d50a5f31e3a/execute/async - {"script":"<script> [1562 bytes]","args":[{"selector":{"id":"application-manageconditionprice-display-component---conditions--smartFilterBar-filterItemControl_BASIC-BILL_TYPES-vhi"},"wdio_ui5_key":"applicationmanageconditionprice-display-component---conditions--smartFilterBar-filterItemControl_BASIC-BILL_TYPES-vhi"}]}
RESULT: {"script":"<script> [1562 bytes]","args":[{"selector":{"id":"application-manageconditionprice-display-component---conditions--smartFilterBar-filterItemControl_BASIC-BILL_TYPES-vhi"},"wdio_ui5_key":"applicationmanageconditionprice-display-component---conditions--smartFilterBar-filterItemControl_BASIC-BILL_TYPES-vhi"}]}
RESULT: undefined
COMMAND: POST /session/8710bc86126986cf02bb1d50a5f31e3a/element - {"using":"xpath","value":"//*[@id=\"application-manageconditionprice-display-component---conditions--smartFilterBar-filterItemControl_BASIC-BILL_TYPES-vhi\"]"}
RESULT: {"using":"xpath","value":"//*[@id=\"application-manageconditionprice-display-component---conditions--smartFilterBar-filterItemControl_BASIC-BILL_TYPES-vhi\"]"}
COMMAND: POST /session/8710bc86126986cf02bb1d50a5f31e3a/element/f.4F28C2583BB65896889CB8FD582548C6.d.F1954DF699070F28B8A706C165CCC40A.e.13887/click - {}
RESULT: {}
COMMAND: POST /session/8710bc86126986cf02bb1d50a5f31e3a/execute/async - {"script":"<script> [1562 bytes]","args":[{"selector":{"id":"application-manageconditionprice-display-component---conditions--smartFilterBar-filterItemControl_BASIC-BILL_TYPES-valueHelpDialog-smartFilterBar-btnBasicSearch","searchOpenDialogs":true,"interaction":{"idSuffix":"I"}},"wdio_ui5_key":"applicationmanageconditionprice-display-component---conditions--smartFilterBar-filterItemControl_BASIC-BILL_TYPES-valueHelpDialog-smartFilterBar-btnBasicSearch"}]}
COMMAND: GET /session/8710bc86126986cf02bb1d50a5f31e3a/screenshot - {}
RESULT: {"script":"<script> [1562 bytes]","args":[{"selector":{"id":"application-manageconditionprice-display-component---conditions--smartFilterBar-filterItemControl_BASIC-BILL_TYPES-valueHelpDialog-smartFilterBar-btnBasicSearch","searchOpenDialogs":true,"interaction":{"idSuffix":"I"}},"wdio_ui5_key":"applicationmanageconditionprice-display-component---conditions--smartFilterBar-filterItemControl_BASIC-BILL_TYPES-valueHelpDialog-smartFilterBar-btnBasicSearch"}]}
RESULT: undefined
COMMAND: POST /session/8710bc86126986cf02bb1d50a5f31e3a/execute/async - {"script":"<script> [776 bytes]","args":[{"enterText":"PB","selector":{"id":"application-manageconditionprice-display-component---conditions--smartFilterBar-filterItemControl_BASIC-BILL_TYPES-valueHelpDialog-smartFilterBar-btnBasicSearch","searchOpenDialogs":true,"interaction":{"idSuffix":"I"}},"clearTextFirst":true,"interactionType":"ENTER_TEXT"}]}
RESULT: {}
RESULT: {"script":"<script> [776 bytes]","args":[{"enterText":"PB","selector":{"id":"application-manageconditionprice-display-component---conditions--smartFilterBar-filterItemControl_BASIC-BILL_TYPES-valueHelpDialog-smartFilterBar-btnBasicSearch","searchOpenDialogs":true,"interaction":{"idSuffix":"I"}},"clearTextFirst":true,"interactionType":"ENTER_TEXT"}]}
COMMAND: POST /session/8710bc86126986cf02bb1d50a5f31e3a/actions - {"actions":[{"id":"action57","type":"key","parameters":{},"actions":[{"type":"keyDown","value":""},{"type":"pause","duration":10},{"type":"keyUp","value":""}]}]}
RESULT: {"actions":[{"id":"action57","type":"key","parameters":{},"actions":[{"type":"keyDown","value":""},{"type":"pause","duration":10},{"type":"keyUp","value":""}]}]}
COMMAND: GET /session/8710bc86126986cf02bb1d50a5f31e3a/screenshot - {}
RESULT: {}
COMMAND: POST /session/8710bc86126986cf02bb1d50a5f31e3a/element - {"using":"xpath","value":"//div[contains(@id, 'application-manageconditionprice-display-component---conditions--smartFilterBar-filterItemControl_BASIC-BILL_TYPES-valueHelpDialog-table-rowsel0')]"}
RESULT: {"using":"xpath","value":"//div[contains(@id, 'application-manageconditionprice-display-component---conditions--smartFilterBar-filterItemControl_BASIC-BILL_TYPES-valueHelpDialog-table-rowsel0')]"}
COMMAND: POST /session/8710bc86126986cf02bb1d50a5f31e3a/element/f.4F28C2583BB65896889CB8FD582548C6.d.F1954DF699070F28B8A706C165CCC40A.e.13895/click - {}
RESULT: {}
COMMAND: GET /session/8710bc86126986cf02bb1d50a5f31e3a/screenshot - {}
RESULT: {}
COMMAND: POST /session/8710bc86126986cf02bb1d50a5f31e3a/element - {"using":"xpath","value":"//bdi[contains(text(), \"OK\")]"}
RESULT: {"using":"xpath","value":"//bdi[contains(text(), \"OK\")]"}
COMMAND: POST /session/8710bc86126986cf02bb1d50a5f31e3a/element/f.4F28C2583BB65896889CB8FD582548C6.d.F1954DF699070F28B8A706C165CCC40A.e.13897/click - {}
RESULT: {}
COMMAND: GET /session/8710bc86126986cf02bb1d50a5f31e3a/screenshot - {}
RESULT: {}
COMMAND: POST /session/8710bc86126986cf02bb1d50a5f31e3a/element - {"using":"xpath","value":"//span[@id=\"application-manageconditionprice-display-component---conditions--smartTable-header-inner\"]"}
RESULT: {"using":"xpath","value":"//span[@id=\"application-manageconditionprice-display-component---conditions--smartTable-header-inner\"]"}
COMMAND: POST /session/8710bc86126986cf02bb1d50a5f31e3a/elements - {"using":"xpath","value":"//span[@id=\"application-manageconditionprice-display-component---conditions--smartTable-header-inner\"]"}
RESULT: {"using":"xpath","value":"//span[@id=\"application-manageconditionprice-display-component---conditions--smartTable-header-inner\"]"}
COMMAND: POST /session/8710bc86126986cf02bb1d50a5f31e3a/execute/sync - {"script":"<script> [56 bytes]","args":[{"element-6066-11e4-a52e-4f735466cecf":"f.4F28C2583BB65896889CB8FD582548C6.d.F1954DF699070F28B8A706C165CCC40A.e.13900","ELEMENT":"f.4F28C2583BB65896889CB8FD582548C6.d.F1954DF699070F28B8A706C165CCC40A.e.13900"}]}
RESULT: {"script":"<script> [56 bytes]","args":[{"element-6066-11e4-a52e-4f735466cecf":"f.4F28C2583BB65896889CB8FD582548C6.d.F1954DF699070F28B8A706C165CCC40A.e.13900","ELEMENT":"f.4F28C2583BB65896889CB8FD582548C6.d.F1954DF699070F28B8A706C165CCC40A.e.13900"}]}
COMMAND: POST /session/8710bc86126986cf02bb1d50a5f31e3a/element - {"using":"css selector","value":"#shell-header-logo"}
COMMAND: GET /session/8710bc86126986cf02bb1d50a5f31e3a/screenshot - {}
RESULT: {"using":"css selector","value":"#shell-header-logo"}
COMMAND: POST /session/8710bc86126986cf02bb1d50a5f31e3a/element/f.4F28C2583BB65896889CB8FD582548C6.d.F1954DF699070F28B8A706C165CCC40A.e.13541/click - {}
RESULT: {}
RESULT: {}
COMMAND: GET /session/8710bc86126986cf02bb1d50a5f31e3a/screenshot - {}
RESULT: {}
]]></system-out>
    </testcase>
    <testcase classname="chrome.136_0_7103_93.windows.Performance_based_billing_(work_days)_US139742" name="Should add a counter to the equipment" time="45.831">
      <system-out><![CDATA[
RESULT: undefined
COMMAND: POST /session/8710bc86126986cf02bb1d50a5f31e3a/element - {"using":"xpath","value":"//*[@id=\"__tile39\"]"}
RESULT: {"using":"xpath","value":"//*[@id=\"__tile39\"]"}
COMMAND: POST /session/8710bc86126986cf02bb1d50a5f31e3a/element/f.4F28C2583BB65896889CB8FD582548C6.d.F1954DF699070F28B8A706C165CCC40A.e.12543/click - {}
RESULT: {}
COMMAND: GET /session/8710bc86126986cf02bb1d50a5f31e3a/screenshot - {}
RESULT: {}
COMMAND: POST /session/8710bc86126986cf02bb1d50a5f31e3a/elements - {"using":"xpath","value":"//span[text()='Error']"}
RESULT: {"using":"xpath","value":"//span[text()='Error']"}
COMMAND: POST /session/8710bc86126986cf02bb1d50a5f31e3a/execute/async - {"script":"<script> [1562 bytes]","args":[{"selector":{"id":"application-manageresources-display-component---masterRU--smartFilterBar-btnBasicSearch","interaction":{"idSuffix":"I"}},"wdio_ui5_key":"applicationmanageresources-display-component---masterRU--smartFilterBar-btnBasicSearch"}]}
RESULT: {"script":"<script> [1562 bytes]","args":[{"selector":{"id":"application-manageresources-display-component---masterRU--smartFilterBar-btnBasicSearch","interaction":{"idSuffix":"I"}},"wdio_ui5_key":"applicationmanageresources-display-component---masterRU--smartFilterBar-btnBasicSearch"}]}
RESULT: undefined
COMMAND: POST /session/8710bc86126986cf02bb1d50a5f31e3a/execute/async - {"script":"<script> [776 bytes]","args":[{"enterText":"KuybFJSwIs","selector":{"id":"application-manageresources-display-component---masterRU--smartFilterBar-btnBasicSearch","interaction":{"idSuffix":"I"}},"clearTextFirst":true,"interactionType":"ENTER_TEXT"}]}
RESULT: {"script":"<script> [776 bytes]","args":[{"enterText":"KuybFJSwIs","selector":{"id":"application-manageresources-display-component---masterRU--smartFilterBar-btnBasicSearch","interaction":{"idSuffix":"I"}},"clearTextFirst":true,"interactionType":"ENTER_TEXT"}]}
COMMAND: POST /session/8710bc86126986cf02bb1d50a5f31e3a/actions - {"actions":[{"id":"action58","type":"key","parameters":{},"actions":[{"type":"keyDown","value":""},{"type":"pause","duration":10},{"type":"keyUp","value":""}]}]}
RESULT: {"actions":[{"id":"action58","type":"key","parameters":{},"actions":[{"type":"keyDown","value":""},{"type":"pause","duration":10},{"type":"keyUp","value":""}]}]}
COMMAND: GET /session/8710bc86126986cf02bb1d50a5f31e3a/screenshot - {}
RESULT: {}
COMMAND: POST /session/8710bc86126986cf02bb1d50a5f31e3a/execute/async - {"script":"<script> [1562 bytes]","args":[{"selector":{"id":"application-manageresources-display-component---masterRU--smartTable-header"},"wdio_ui5_key":"applicationmanageresources-display-component---masterRU--smartTable-header"}]}
RESULT: {"script":"<script> [1562 bytes]","args":[{"selector":{"id":"application-manageresources-display-component---masterRU--smartTable-header"},"wdio_ui5_key":"applicationmanageresources-display-component---masterRU--smartTable-header"}]}
RESULT: undefined
COMMAND: POST /session/8710bc86126986cf02bb1d50a5f31e3a/execute/async - {"script":"<script> [6424 bytes]","args":[{"element-6066-11e4-a52e-4f735466cecf":"f.4F28C2583BB65896889CB8FD582548C6.d.F1954DF699070F28B8A706C165CCC40A.e.14087"},"getText",[]]}
RESULT: {"script":"<script> [6424 bytes]","args":[{"element-6066-11e4-a52e-4f735466cecf":"f.4F28C2583BB65896889CB8FD582548C6.d.F1954DF699070F28B8A706C165CCC40A.e.14087"},"getText",[]]}
COMMAND: POST /session/8710bc86126986cf02bb1d50a5f31e3a/execute/async - {"script":"<script> [1562 bytes]","args":[{"selector":{"controlType":"sap.ui.core.Icon","viewName":"etm.portal.ui.manageresources.view.Master","viewId":"application-manageresources-display-component---masterRU","properties":{"src":{"regex":{"source":"slim\\-arrow\\-right"}}}},"wdio_ui5_key":"etmportal.ui.manageresources.view.Mastersap.ui.core.Icon{\"src\":{\"regex\":{\"source\":\"slim\\\\-arrow\\\\-right\"}}}"}]}
RESULT: {"script":"<script> [1562 bytes]","args":[{"selector":{"controlType":"sap.ui.core.Icon","viewName":"etm.portal.ui.manageresources.view.Master","viewId":"application-manageresources-display-component---masterRU","properties":{"src":{"regex":{"source":"slim\\-arrow\\-right"}}}},"wdio_ui5_key":"etmportal.ui.manageresources.view.Mastersap.ui.core.Icon{\"src\":{\"regex\":{\"source\":\"slim\\\\-arrow\\\\-right\"}}}"}]}
RESULT: undefined
COMMAND: POST /session/8710bc86126986cf02bb1d50a5f31e3a/element - {"using":"xpath","value":"//*[@id=\"__item1405-__clone3704-imgNav\"]"}
RESULT: {"using":"xpath","value":"//*[@id=\"__item1405-__clone3704-imgNav\"]"}
COMMAND: POST /session/8710bc86126986cf02bb1d50a5f31e3a/element/f.4F28C2583BB65896889CB8FD582548C6.d.F1954DF699070F28B8A706C165CCC40A.e.14086/click - {}
RESULT: {}
COMMAND: GET /session/8710bc86126986cf02bb1d50a5f31e3a/screenshot - {}
COMMAND: POST /session/8710bc86126986cf02bb1d50a5f31e3a/element - {"using":"xpath","value":"//bdi[contains(text(), \"Edit\")]"}
RESULT: {}
RESULT: {"using":"xpath","value":"//bdi[contains(text(), \"Edit\")]"}
COMMAND: POST /session/8710bc86126986cf02bb1d50a5f31e3a/execute/sync - {"script":"<script> [8489 bytes]","args":[{"element-6066-11e4-a52e-4f735466cecf":"f.4F28C2583BB65896889CB8FD582548C6.d.F1954DF699070F28B8A706C165CCC40A.e.14193","ELEMENT":"f.4F28C2583BB65896889CB8FD582548C6.d.F1954DF699070F28B8A706C165CCC40A.e.14193"}]}
RESULT: {"script":"<script> [8489 bytes]","args":[{"element-6066-11e4-a52e-4f735466cecf":"f.4F28C2583BB65896889CB8FD582548C6.d.F1954DF699070F28B8A706C165CCC40A.e.14193","ELEMENT":"f.4F28C2583BB65896889CB8FD582548C6.d.F1954DF699070F28B8A706C165CCC40A.e.14193"}]}
COMMAND: POST /session/8710bc86126986cf02bb1d50a5f31e3a/element/f.4F28C2583BB65896889CB8FD582548C6.d.F1954DF699070F28B8A706C165CCC40A.e.14193/click - {}
COMMAND: GET /session/8710bc86126986cf02bb1d50a5f31e3a/screenshot - {}
RESULT: {}
COMMAND: GET /session/8710bc86126986cf02bb1d50a5f31e3a/screenshot - {}
RESULT: {}
RESULT: {}
COMMAND: POST /session/8710bc86126986cf02bb1d50a5f31e3a/execute/async - {"script":"<script> [1562 bytes]","args":[{"selector":{"id":"application-manageresources-display-component---editResource--editRruPage-anchBar-application-manageresources-display-component---editResource--counters-anchor","interaction":{"idSuffix":"BDI-content"}},"wdio_ui5_key":"applicationmanageresources-display-component---editResource--editRruPage-anchBar-application-manageresources-display-component---editResource--counters-anchor"}]}
RESULT: {"script":"<script> [1562 bytes]","args":[{"selector":{"id":"application-manageresources-display-component---editResource--editRruPage-anchBar-application-manageresources-display-component---editResource--counters-anchor","interaction":{"idSuffix":"BDI-content"}},"wdio_ui5_key":"applicationmanageresources-display-component---editResource--editRruPage-anchBar-application-manageresources-display-component---editResource--counters-anchor"}]}
RESULT: undefined
COMMAND: POST /session/8710bc86126986cf02bb1d50a5f31e3a/execute/async - {"script":"<script> [1562 bytes]","args":[{"selector":{"id":"application-manageresources-display-component---editResource--btnAddCounter-img"},"wdio_ui5_key":"applicationmanageresources-display-component---editResource--btnAddCounter-img"}]}
RESULT: {"script":"<script> [1562 bytes]","args":[{"selector":{"id":"application-manageresources-display-component---editResource--btnAddCounter-img"},"wdio_ui5_key":"applicationmanageresources-display-component---editResource--btnAddCounter-img"}]}
RESULT: undefined
COMMAND: POST /session/8710bc86126986cf02bb1d50a5f31e3a/execute/async - {"script":"<script> [1562 bytes]","args":[{"selector":{"id":"application-manageresources-display-component---editResource--COUNTER_ID-application-manageresources-display-component---editResource--RUCounters-0-arrow"},"wdio_ui5_key":"applicationmanageresources-display-component---editResource--COUNTER_ID-application-manageresources-display-component---editResource--RUCounters-0-arrow"}]}
RESULT: {"script":"<script> [1562 bytes]","args":[{"selector":{"id":"application-manageresources-display-component---editResource--COUNTER_ID-application-manageresources-display-component---editResource--RUCounters-0-arrow"},"wdio_ui5_key":"applicationmanageresources-display-component---editResource--COUNTER_ID-application-manageresources-display-component---editResource--RUCounters-0-arrow"}]}
RESULT: undefined
COMMAND: POST /session/8710bc86126986cf02bb1d50a5f31e3a/execute/async - {"script":"<script> [1562 bytes]","args":[{"selector":{"controlType":"sap.m.StandardListItem","viewName":"etm.portal.ui.manageresources.view.EditResource","viewId":"application-manageresources-display-component---editResource","properties":{"title":"fuel"},"searchOpenDialogs":true,"interaction":{"idSuffix":"content"}},"wdio_ui5_key":"etmportal.ui.manageresources.view.EditResourcesap.m.StandardListItem{\"title\":\"fuel\"}"}]}
RESULT: {"script":"<script> [1562 bytes]","args":[{"selector":{"controlType":"sap.m.StandardListItem","viewName":"etm.portal.ui.manageresources.view.EditResource","viewId":"application-manageresources-display-component---editResource","properties":{"title":"fuel"},"searchOpenDialogs":true,"interaction":{"idSuffix":"content"}},"wdio_ui5_key":"etmportal.ui.manageresources.view.EditResourcesap.m.StandardListItem{\"title\":\"fuel\"}"}]}
RESULT: undefined
COMMAND: POST /session/8710bc86126986cf02bb1d50a5f31e3a/execute/async - {"script":"<script> [1562 bytes]","args":[{"selector":{"controlType":"sap.m.Button","viewName":"etm.portal.ui.manageresources.view.EditResource","viewId":"application-manageresources-display-component---editResource","i18NText":{"propertyName":"text","key":"save"},"interaction":{"idSuffix":"BDI-content"}},"wdio_ui5_key":"etmportal.ui.manageresources.view.EditResourcesap.m.Button{\"propertyName\":\"text\",\"key\":\"save\"}"}]}
RESULT: {"script":"<script> [1562 bytes]","args":[{"selector":{"controlType":"sap.m.Button","viewName":"etm.portal.ui.manageresources.view.EditResource","viewId":"application-manageresources-display-component---editResource","i18NText":{"propertyName":"text","key":"save"},"interaction":{"idSuffix":"BDI-content"}},"wdio_ui5_key":"etmportal.ui.manageresources.view.EditResourcesap.m.Button{\"propertyName\":\"text\",\"key\":\"save\"}"}]}
RESULT: undefined
COMMAND: POST /session/8710bc86126986cf02bb1d50a5f31e3a/element - {"using":"css selector","value":"#shell-header-logo"}
RESULT: {"using":"css selector","value":"#shell-header-logo"}
COMMAND: POST /session/8710bc86126986cf02bb1d50a5f31e3a/element/f.4F28C2583BB65896889CB8FD582548C6.d.F1954DF699070F28B8A706C165CCC40A.e.13905/click - {}
RESULT: {}
COMMAND: GET /session/8710bc86126986cf02bb1d50a5f31e3a/screenshot - {}
RESULT: {}
]]></system-out>
    </testcase>
    <testcase classname="chrome.136_0_7103_93.windows.Performance_based_billing_(work_days)_US139742" name="Should do a stock increase on the yard for the equipment" time="99.537">
      <system-out><![CDATA[
COMMAND: POST /session/8710bc86126986cf02bb1d50a5f31e3a/execute/async - {"script":"<script> [1562 bytes]","args":[{"selector":{"controlType":"sap.m.GenericTile","properties":{"header":"Manage Handovers"}},"wdio_ui5_key":"sapm.GenericTile{\"header\":\"Manage Handovers\"}"}]}
RESULT: {"script":"<script> [1562 bytes]","args":[{"selector":{"controlType":"sap.m.GenericTile","properties":{"header":"Manage Handovers"}},"wdio_ui5_key":"sapm.GenericTile{\"header\":\"Manage Handovers\"}"}]}
RESULT: undefined
COMMAND: POST /session/8710bc86126986cf02bb1d50a5f31e3a/element - {"using":"xpath","value":"//*[@id=\"__tile132\"]"}
RESULT: {"using":"xpath","value":"//*[@id=\"__tile132\"]"}
COMMAND: POST /session/8710bc86126986cf02bb1d50a5f31e3a/element/f.4F28C2583BB65896889CB8FD582548C6.d.F1954DF699070F28B8A706C165CCC40A.e.12625/click - {}
RESULT: {}
COMMAND: GET /session/8710bc86126986cf02bb1d50a5f31e3a/screenshot - {}
RESULT: {}
COMMAND: POST /session/8710bc86126986cf02bb1d50a5f31e3a/elements - {"using":"xpath","value":"//span[text()='Error']"}
RESULT: {"using":"xpath","value":"//span[text()='Error']"}
COMMAND: POST /session/8710bc86126986cf02bb1d50a5f31e3a/element - {"using":"xpath","value":"//button[@data-kt=\"masterHOAddButton\"]"}
RESULT: {"using":"xpath","value":"//button[@data-kt=\"masterHOAddButton\"]"}
COMMAND: POST /session/8710bc86126986cf02bb1d50a5f31e3a/elements - {"using":"xpath","value":"//button[@data-kt=\"masterHOAddButton\"]"}
RESULT: {"using":"xpath","value":"//button[@data-kt=\"masterHOAddButton\"]"}
COMMAND: POST /session/8710bc86126986cf02bb1d50a5f31e3a/elements - {"using":"xpath","value":"//button[@data-kt=\"masterHOAddButton\"]"}
RESULT: {"using":"xpath","value":"//button[@data-kt=\"masterHOAddButton\"]"}
COMMAND: POST /session/8710bc86126986cf02bb1d50a5f31e3a/element - {"using":"xpath","value":"//button[@data-kt=\"masterHOAddButton\"]"}
RESULT: {"using":"xpath","value":"//button[@data-kt=\"masterHOAddButton\"]"}
COMMAND: POST /session/8710bc86126986cf02bb1d50a5f31e3a/execute/sync - {"script":"<script> [8489 bytes]","args":[{"element-6066-11e4-a52e-4f735466cecf":"f.4F28C2583BB65896889CB8FD582548C6.d.F1954DF699070F28B8A706C165CCC40A.e.14232","ELEMENT":"f.4F28C2583BB65896889CB8FD582548C6.d.F1954DF699070F28B8A706C165CCC40A.e.14232"}]}
RESULT: {"script":"<script> [8489 bytes]","args":[{"element-6066-11e4-a52e-4f735466cecf":"f.4F28C2583BB65896889CB8FD582548C6.d.F1954DF699070F28B8A706C165CCC40A.e.14232","ELEMENT":"f.4F28C2583BB65896889CB8FD582548C6.d.F1954DF699070F28B8A706C165CCC40A.e.14232"}]}
COMMAND: GET /session/8710bc86126986cf02bb1d50a5f31e3a/element/f.4F28C2583BB65896889CB8FD582548C6.d.F1954DF699070F28B8A706C165CCC40A.e.14232/enabled - {}
COMMAND: GET /session/8710bc86126986cf02bb1d50a5f31e3a/screenshot - {}
RESULT: {}
COMMAND: POST /session/8710bc86126986cf02bb1d50a5f31e3a/execute/sync - {"script":"<script> [8489 bytes]","args":[{"element-6066-11e4-a52e-4f735466cecf":"f.4F28C2583BB65896889CB8FD582548C6.d.F1954DF699070F28B8A706C165CCC40A.e.14232","ELEMENT":"f.4F28C2583BB65896889CB8FD582548C6.d.F1954DF699070F28B8A706C165CCC40A.e.14232"}]}
COMMAND: GET /session/8710bc86126986cf02bb1d50a5f31e3a/screenshot - {}
RESULT: {}
RESULT: {"script":"<script> [8489 bytes]","args":[{"element-6066-11e4-a52e-4f735466cecf":"f.4F28C2583BB65896889CB8FD582548C6.d.F1954DF699070F28B8A706C165CCC40A.e.14232","ELEMENT":"f.4F28C2583BB65896889CB8FD582548C6.d.F1954DF699070F28B8A706C165CCC40A.e.14232"}]}
COMMAND: POST /session/8710bc86126986cf02bb1d50a5f31e3a/execute/sync - {"script":"<script> [5351 bytes]","args":[{"element-6066-11e4-a52e-4f735466cecf":"f.4F28C2583BB65896889CB8FD582548C6.d.F1954DF699070F28B8A706C165CCC40A.e.14232","ELEMENT":"f.4F28C2583BB65896889CB8FD582548C6.d.F1954DF699070F28B8A706C165CCC40A.e.14232"}]}
COMMAND: GET /session/8710bc86126986cf02bb1d50a5f31e3a/screenshot - {}
RESULT: {}
RESULT: {"script":"<script> [5351 bytes]","args":[{"element-6066-11e4-a52e-4f735466cecf":"f.4F28C2583BB65896889CB8FD582548C6.d.F1954DF699070F28B8A706C165CCC40A.e.14232","ELEMENT":"f.4F28C2583BB65896889CB8FD582548C6.d.F1954DF699070F28B8A706C165CCC40A.e.14232"}]}
COMMAND: POST /session/8710bc86126986cf02bb1d50a5f31e3a/element/f.4F28C2583BB65896889CB8FD582548C6.d.F1954DF699070F28B8A706C165CCC40A.e.14232/click - {}
COMMAND: GET /session/8710bc86126986cf02bb1d50a5f31e3a/screenshot - {}
RESULT: {}
RESULT: {}
COMMAND: GET /session/8710bc86126986cf02bb1d50a5f31e3a/screenshot - {}
RESULT: {}
COMMAND: POST /session/8710bc86126986cf02bb1d50a5f31e3a/element - {"using":"xpath","value":"//span[contains(@id ,\"AddNewHO--typeSelect-arrow\")]"}
RESULT: {}
RESULT: {"using":"xpath","value":"//span[contains(@id ,\"AddNewHO--typeSelect-arrow\")]"}
COMMAND: POST /session/8710bc86126986cf02bb1d50a5f31e3a/element/f.4F28C2583BB65896889CB8FD582548C6.d.F1954DF699070F28B8A706C165CCC40A.e.14588/click - {}
RESULT: {}
COMMAND: GET /session/8710bc86126986cf02bb1d50a5f31e3a/screenshot - {}
RESULT: {}
COMMAND: POST /session/8710bc86126986cf02bb1d50a5f31e3a/element - {"using":"xpath","value":"(//li[contains(text(), \"stock increase yard\")])[1]"}
RESULT: {"using":"xpath","value":"(//li[contains(text(), \"stock increase yard\")])[1]"}
COMMAND: POST /session/8710bc86126986cf02bb1d50a5f31e3a/element/f.4F28C2583BB65896889CB8FD582548C6.d.F1954DF699070F28B8A706C165CCC40A.e.14589/click - {}
RESULT: {}
COMMAND: GET /session/8710bc86126986cf02bb1d50a5f31e3a/screenshot - {}
RESULT: {}
COMMAND: POST /session/8710bc86126986cf02bb1d50a5f31e3a/execute/async - {"script":"<script> [1562 bytes]","args":[{"selector":{"id":"application-managehandovers-display-component---AddNewHO--dueDate","interaction":{"idSuffix":"inner"}},"wdio_ui5_key":"applicationmanagehandovers-display-component---AddNewHO--dueDate"}]}
RESULT: {"script":"<script> [1562 bytes]","args":[{"selector":{"id":"application-managehandovers-display-component---AddNewHO--dueDate","interaction":{"idSuffix":"inner"}},"wdio_ui5_key":"applicationmanagehandovers-display-component---AddNewHO--dueDate"}]}
RESULT: undefined
COMMAND: POST /session/8710bc86126986cf02bb1d50a5f31e3a/execute/async - {"script":"<script> [6424 bytes]","args":[{"element-6066-11e4-a52e-4f735466cecf":"f.4F28C2583BB65896889CB8FD582548C6.d.F1954DF699070F28B8A706C165CCC40A.e.14591"},"setValue",["5/22/25"]]}
RESULT: {"script":"<script> [6424 bytes]","args":[{"element-6066-11e4-a52e-4f735466cecf":"f.4F28C2583BB65896889CB8FD582548C6.d.F1954DF699070F28B8A706C165CCC40A.e.14591"},"setValue",["5/22/25"]]}
COMMAND: POST /session/8710bc86126986cf02bb1d50a5f31e3a/element - {"using":"xpath","value":"//input[@id=\"generalSectionFrg--receiveYard-inner\"]"}
RESULT: {"using":"xpath","value":"//input[@id=\"generalSectionFrg--receiveYard-inner\"]"}
COMMAND: POST /session/8710bc86126986cf02bb1d50a5f31e3a/element/f.4F28C2583BB65896889CB8FD582548C6.d.F1954DF699070F28B8A706C165CCC40A.e.14595/clear - {}
RESULT: {}
COMMAND: POST /session/8710bc86126986cf02bb1d50a5f31e3a/element/f.4F28C2583BB65896889CB8FD582548C6.d.F1954DF699070F28B8A706C165CCC40A.e.14595/value - {"text":"681"}
COMMAND: GET /session/8710bc86126986cf02bb1d50a5f31e3a/screenshot - {}
RESULT: {"text":"681"}
COMMAND: GET /session/8710bc86126986cf02bb1d50a5f31e3a/screenshot - {}
RESULT: {}
RESULT: {}
COMMAND: POST /session/8710bc86126986cf02bb1d50a5f31e3a/element - {"using":"xpath","value":"//li[.//span[text()='681']]"}
RESULT: {"using":"xpath","value":"//li[.//span[text()='681']]"}
COMMAND: POST /session/8710bc86126986cf02bb1d50a5f31e3a/element/f.4F28C2583BB65896889CB8FD582548C6.d.F1954DF699070F28B8A706C165CCC40A.e.14613/click - {}
RESULT: {}
COMMAND: GET /session/8710bc86126986cf02bb1d50a5f31e3a/screenshot - {}
RESULT: {}
COMMAND: POST /session/8710bc86126986cf02bb1d50a5f31e3a/execute/async - {"script":"<script> [1562 bytes]","args":[{"selector":{"id":"application-managehandovers-display-component---AddNewHO--ObjectPageLayout-anchBar-application-managehandovers-display-component---AddNewHO--section4-anchor","interaction":{"idSuffix":"BDI-content"}},"wdio_ui5_key":"applicationmanagehandovers-display-component---AddNewHO--ObjectPageLayout-anchBar-application-managehandovers-display-component---AddNewHO--section4-anchor"}]}
RESULT: {"script":"<script> [1562 bytes]","args":[{"selector":{"id":"application-managehandovers-display-component---AddNewHO--ObjectPageLayout-anchBar-application-managehandovers-display-component---AddNewHO--section4-anchor","interaction":{"idSuffix":"BDI-content"}},"wdio_ui5_key":"applicationmanagehandovers-display-component---AddNewHO--ObjectPageLayout-anchBar-application-managehandovers-display-component---AddNewHO--section4-anchor"}]}
RESULT: undefined
COMMAND: POST /session/8710bc86126986cf02bb1d50a5f31e3a/element - {"using":"xpath","value":"//*[@id=\"application-managehandovers-display-component---AddNewHO--ObjectPageLayout-anchBar-application-managehandovers-display-component---AddNewHO--section4-anchor\"]"}
RESULT: {"using":"xpath","value":"//*[@id=\"application-managehandovers-display-component---AddNewHO--ObjectPageLayout-anchBar-application-managehandovers-display-component---AddNewHO--section4-anchor\"]"}
COMMAND: POST /session/8710bc86126986cf02bb1d50a5f31e3a/element/f.4F28C2583BB65896889CB8FD582548C6.d.F1954DF699070F28B8A706C165CCC40A.e.14615/click - {}
RESULT: {}
COMMAND: POST /session/8710bc86126986cf02bb1d50a5f31e3a/element - {"using":"xpath","value":"//button[@aria-label=\"Add\"]"}
COMMAND: GET /session/8710bc86126986cf02bb1d50a5f31e3a/screenshot - {}
RESULT: {"using":"xpath","value":"//button[@aria-label=\"Add\"]"}
COMMAND: POST /session/8710bc86126986cf02bb1d50a5f31e3a/element/f.4F28C2583BB65896889CB8FD582548C6.d.F1954DF699070F28B8A706C165CCC40A.e.14618/click - {}
RESULT: {}
RESULT: {}
COMMAND: GET /session/8710bc86126986cf02bb1d50a5f31e3a/screenshot - {}
RESULT: {}
COMMAND: POST /session/8710bc86126986cf02bb1d50a5f31e3a/execute/async - {"script":"<script> [1562 bytes]","args":[{"selector":{"id":"application-managehandovers-display-component---AddNewHO--smartFilterBar-btnBasicSearch","searchOpenDialogs":true,"interaction":{"idSuffix":"I"}},"wdio_ui5_key":"applicationmanagehandovers-display-component---AddNewHO--smartFilterBar-btnBasicSearch"}]}
RESULT: {"script":"<script> [1562 bytes]","args":[{"selector":{"id":"application-managehandovers-display-component---AddNewHO--smartFilterBar-btnBasicSearch","searchOpenDialogs":true,"interaction":{"idSuffix":"I"}},"wdio_ui5_key":"applicationmanagehandovers-display-component---AddNewHO--smartFilterBar-btnBasicSearch"}]}
RESULT: undefined
COMMAND: POST /session/8710bc86126986cf02bb1d50a5f31e3a/execute/async - {"script":"<script> [776 bytes]","args":[{"enterText":"KuybFJSwIs","selector":{"id":"application-managehandovers-display-component---AddNewHO--smartFilterBar-btnBasicSearch","searchOpenDialogs":true,"interaction":{"idSuffix":"I"}},"clearTextFirst":true,"interactionType":"ENTER_TEXT"}]}
RESULT: {"script":"<script> [776 bytes]","args":[{"enterText":"KuybFJSwIs","selector":{"id":"application-managehandovers-display-component---AddNewHO--smartFilterBar-btnBasicSearch","searchOpenDialogs":true,"interaction":{"idSuffix":"I"}},"clearTextFirst":true,"interactionType":"ENTER_TEXT"}]}
COMMAND: POST /session/8710bc86126986cf02bb1d50a5f31e3a/actions - {"actions":[{"id":"action59","type":"key","parameters":{},"actions":[{"type":"keyDown","value":""},{"type":"pause","duration":10},{"type":"keyUp","value":""}]}]}
RESULT: {"actions":[{"id":"action59","type":"key","parameters":{},"actions":[{"type":"keyDown","value":""},{"type":"pause","duration":10},{"type":"keyUp","value":""}]}]}
COMMAND: GET /session/8710bc86126986cf02bb1d50a5f31e3a/screenshot - {}
RESULT: {}
COMMAND: POST /session/8710bc86126986cf02bb1d50a5f31e3a/execute/async - {"script":"<script> [1562 bytes]","args":[{"selector":{"id":"application-managehandovers-display-component---AddNewHO--popup-sa","searchOpenDialogs":true,"interaction":{"idSuffix":"CbBg"}},"wdio_ui5_key":"applicationmanagehandovers-display-component---AddNewHO--popup-sa"}]}
RESULT: {"script":"<script> [1562 bytes]","args":[{"selector":{"id":"application-managehandovers-display-component---AddNewHO--popup-sa","searchOpenDialogs":true,"interaction":{"idSuffix":"CbBg"}},"wdio_ui5_key":"applicationmanagehandovers-display-component---AddNewHO--popup-sa"}]}
RESULT: undefined
COMMAND: POST /session/8710bc86126986cf02bb1d50a5f31e3a/element - {"using":"xpath","value":"//*[@id=\"application-managehandovers-display-component---AddNewHO--popup-sa\"]"}
RESULT: {"using":"xpath","value":"//*[@id=\"application-managehandovers-display-component---AddNewHO--popup-sa\"]"}
COMMAND: POST /session/8710bc86126986cf02bb1d50a5f31e3a/element/f.4F28C2583BB65896889CB8FD582548C6.d.F1954DF699070F28B8A706C165CCC40A.e.14771/click - {}
RESULT: {}
COMMAND: GET /session/8710bc86126986cf02bb1d50a5f31e3a/screenshot - {}
RESULT: {}
COMMAND: POST /session/8710bc86126986cf02bb1d50a5f31e3a/element - {"using":"xpath","value":"//bdi[contains(text(), \"Select\")]"}
RESULT: {"using":"xpath","value":"//bdi[contains(text(), \"Select\")]"}
COMMAND: POST /session/8710bc86126986cf02bb1d50a5f31e3a/element/f.4F28C2583BB65896889CB8FD582548C6.d.F1954DF699070F28B8A706C165CCC40A.e.14772/click - {}
RESULT: {}
COMMAND: GET /session/8710bc86126986cf02bb1d50a5f31e3a/screenshot - {}
RESULT: {}
COMMAND: POST /session/8710bc86126986cf02bb1d50a5f31e3a/element - {"using":"xpath","value":"//button[@data-kt=\"AddNewHOSaveButton\"]"}
RESULT: {"using":"xpath","value":"//button[@data-kt=\"AddNewHOSaveButton\"]"}
COMMAND: POST /session/8710bc86126986cf02bb1d50a5f31e3a/element/f.4F28C2583BB65896889CB8FD582548C6.d.F1954DF699070F28B8A706C165CCC40A.e.14776/click - {}
RESULT: {}
COMMAND: GET /session/8710bc86126986cf02bb1d50a5f31e3a/screenshot - {}
RESULT: {}
COMMAND: POST /session/8710bc86126986cf02bb1d50a5f31e3a/execute/async - {"script":"<script> [1562 bytes]","args":[{"selector":{"id":"receiptDatePicker","viewName":"etm.portal.ui.managehandovers.view.DetailExecuteHO","interaction":{"idSuffix":"inner"}},"wdio_ui5_key":"receiptDatePickeretmportal.ui.managehandovers.view.DetailExecuteHO"}]}
RESULT: {"script":"<script> [1562 bytes]","args":[{"selector":{"id":"receiptDatePicker","viewName":"etm.portal.ui.managehandovers.view.DetailExecuteHO","interaction":{"idSuffix":"inner"}},"wdio_ui5_key":"receiptDatePickeretmportal.ui.managehandovers.view.DetailExecuteHO"}]}
RESULT: undefined
COMMAND: POST /session/8710bc86126986cf02bb1d50a5f31e3a/execute/async - {"script":"<script> [6424 bytes]","args":[{"element-6066-11e4-a52e-4f735466cecf":"f.4F28C2583BB65896889CB8FD582548C6.d.F1954DF699070F28B8A706C165CCC40A.e.14793"},"setValue",["5/22/25"]]}
RESULT: {"script":"<script> [6424 bytes]","args":[{"element-6066-11e4-a52e-4f735466cecf":"f.4F28C2583BB65896889CB8FD582548C6.d.F1954DF699070F28B8A706C165CCC40A.e.14793"},"setValue",["5/22/25"]]}
COMMAND: POST /session/8710bc86126986cf02bb1d50a5f31e3a/element - {"using":"xpath","value":"//button[@data-kt=\"PickingTableConfirmAllButton\"]"}
RESULT: {"using":"xpath","value":"//button[@data-kt=\"PickingTableConfirmAllButton\"]"}
COMMAND: POST /session/8710bc86126986cf02bb1d50a5f31e3a/element/f.4F28C2583BB65896889CB8FD582548C6.d.F1954DF699070F28B8A706C165CCC40A.e.14807/click - {}
RESULT: {}
COMMAND: GET /session/8710bc86126986cf02bb1d50a5f31e3a/screenshot - {}
RESULT: {}
COMMAND: POST /session/8710bc86126986cf02bb1d50a5f31e3a/element - {"using":"xpath","value":"//bdi[contains(text(), \"OK\")]"}
RESULT: {"using":"xpath","value":"//bdi[contains(text(), \"OK\")]"}
COMMAND: POST /session/8710bc86126986cf02bb1d50a5f31e3a/element/f.4F28C2583BB65896889CB8FD582548C6.d.F1954DF699070F28B8A706C165CCC40A.e.14809/click - {}
RESULT: {}
COMMAND: GET /session/8710bc86126986cf02bb1d50a5f31e3a/screenshot - {}
RESULT: {}
COMMAND: POST /session/8710bc86126986cf02bb1d50a5f31e3a/element - {"using":"xpath","value":"(//bdi[contains(text(), \"Receive\")])[2]"}
RESULT: {"using":"xpath","value":"(//bdi[contains(text(), \"Receive\")])[2]"}
COMMAND: POST /session/8710bc86126986cf02bb1d50a5f31e3a/element/f.4F28C2583BB65896889CB8FD582548C6.d.F1954DF699070F28B8A706C165CCC40A.e.14811/click - {}
RESULT: {}
COMMAND: GET /session/8710bc86126986cf02bb1d50a5f31e3a/screenshot - {}
RESULT: {}
COMMAND: POST /session/8710bc86126986cf02bb1d50a5f31e3a/element - {"using":"css selector","value":"#shell-header-logo"}
RESULT: {"using":"css selector","value":"#shell-header-logo"}
COMMAND: POST /session/8710bc86126986cf02bb1d50a5f31e3a/element/f.4F28C2583BB65896889CB8FD582548C6.d.F1954DF699070F28B8A706C165CCC40A.e.14200/click - {}
RESULT: {}
COMMAND: GET /session/8710bc86126986cf02bb1d50a5f31e3a/screenshot - {}
RESULT: {}
]]></system-out>
    </testcase>
    <testcase classname="chrome.136_0_7103_93.windows.Performance_based_billing_(work_days)_US139742" name="Should create a new contract" time="70.224">
      <system-out><![CDATA[
COMMAND: POST /session/8710bc86126986cf02bb1d50a5f31e3a/execute/async - {"script":"<script> [1562 bytes]","args":[{"selector":{"controlType":"sap.m.GenericTile","properties":{"header":"Manage Contracts"}},"wdio_ui5_key":"sapm.GenericTile{\"header\":\"Manage Contracts\"}"}]}
RESULT: {"script":"<script> [1562 bytes]","args":[{"selector":{"controlType":"sap.m.GenericTile","properties":{"header":"Manage Contracts"}},"wdio_ui5_key":"sapm.GenericTile{\"header\":\"Manage Contracts\"}"}]}
RESULT: undefined
COMMAND: POST /session/8710bc86126986cf02bb1d50a5f31e3a/element - {"using":"xpath","value":"//*[@id=\"__tile131\"]"}
RESULT: {"using":"xpath","value":"//*[@id=\"__tile131\"]"}
COMMAND: POST /session/8710bc86126986cf02bb1d50a5f31e3a/element/f.4F28C2583BB65896889CB8FD582548C6.d.F1954DF699070F28B8A706C165CCC40A.e.12618/click - {}
RESULT: {}
COMMAND: GET /session/8710bc86126986cf02bb1d50a5f31e3a/screenshot - {}
COMMAND: POST /session/8710bc86126986cf02bb1d50a5f31e3a/elements - {"using":"xpath","value":"//span[text()='Error']"}
RESULT: {}
RESULT: {"using":"xpath","value":"//span[text()='Error']"}
COMMAND: POST /session/8710bc86126986cf02bb1d50a5f31e3a/element - {"using":"xpath","value":"//button[@data-kt=\"addButton\"]"}
RESULT: {"using":"xpath","value":"//button[@data-kt=\"addButton\"]"}
COMMAND: POST /session/8710bc86126986cf02bb1d50a5f31e3a/elements - {"using":"xpath","value":"//button[@data-kt=\"addButton\"]"}
RESULT: {"using":"xpath","value":"//button[@data-kt=\"addButton\"]"}
COMMAND: POST /session/8710bc86126986cf02bb1d50a5f31e3a/execute/sync - {"script":"<script> [8489 bytes]","args":[{"element-6066-11e4-a52e-4f735466cecf":"f.4F28C2583BB65896889CB8FD582548C6.d.F1954DF699070F28B8A706C165CCC40A.e.15028","ELEMENT":"f.4F28C2583BB65896889CB8FD582548C6.d.F1954DF699070F28B8A706C165CCC40A.e.15028"}]}
RESULT: {"script":"<script> [8489 bytes]","args":[{"element-6066-11e4-a52e-4f735466cecf":"f.4F28C2583BB65896889CB8FD582548C6.d.F1954DF699070F28B8A706C165CCC40A.e.15028","ELEMENT":"f.4F28C2583BB65896889CB8FD582548C6.d.F1954DF699070F28B8A706C165CCC40A.e.15028"}]}
COMMAND: GET /session/8710bc86126986cf02bb1d50a5f31e3a/element/f.4F28C2583BB65896889CB8FD582548C6.d.F1954DF699070F28B8A706C165CCC40A.e.15028/enabled - {}
COMMAND: GET /session/8710bc86126986cf02bb1d50a5f31e3a/screenshot - {}
RESULT: {}
COMMAND: POST /session/8710bc86126986cf02bb1d50a5f31e3a/execute/sync - {"script":"<script> [8489 bytes]","args":[{"element-6066-11e4-a52e-4f735466cecf":"f.4F28C2583BB65896889CB8FD582548C6.d.F1954DF699070F28B8A706C165CCC40A.e.15028","ELEMENT":"f.4F28C2583BB65896889CB8FD582548C6.d.F1954DF699070F28B8A706C165CCC40A.e.15028"}]}
COMMAND: GET /session/8710bc86126986cf02bb1d50a5f31e3a/screenshot - {}
RESULT: {}
RESULT: {"script":"<script> [8489 bytes]","args":[{"element-6066-11e4-a52e-4f735466cecf":"f.4F28C2583BB65896889CB8FD582548C6.d.F1954DF699070F28B8A706C165CCC40A.e.15028","ELEMENT":"f.4F28C2583BB65896889CB8FD582548C6.d.F1954DF699070F28B8A706C165CCC40A.e.15028"}]}
COMMAND: POST /session/8710bc86126986cf02bb1d50a5f31e3a/execute/sync - {"script":"<script> [5351 bytes]","args":[{"element-6066-11e4-a52e-4f735466cecf":"f.4F28C2583BB65896889CB8FD582548C6.d.F1954DF699070F28B8A706C165CCC40A.e.15028","ELEMENT":"f.4F28C2583BB65896889CB8FD582548C6.d.F1954DF699070F28B8A706C165CCC40A.e.15028"}]}
COMMAND: GET /session/8710bc86126986cf02bb1d50a5f31e3a/screenshot - {}
RESULT: {}
RESULT: {"script":"<script> [5351 bytes]","args":[{"element-6066-11e4-a52e-4f735466cecf":"f.4F28C2583BB65896889CB8FD582548C6.d.F1954DF699070F28B8A706C165CCC40A.e.15028","ELEMENT":"f.4F28C2583BB65896889CB8FD582548C6.d.F1954DF699070F28B8A706C165CCC40A.e.15028"}]}
COMMAND: GET /session/8710bc86126986cf02bb1d50a5f31e3a/screenshot - {}
RESULT: {}
RESULT: {}
COMMAND: POST /session/8710bc86126986cf02bb1d50a5f31e3a/element/f.4F28C2583BB65896889CB8FD582548C6.d.F1954DF699070F28B8A706C165CCC40A.e.15028/click - {}
RESULT: {}
COMMAND: GET /session/8710bc86126986cf02bb1d50a5f31e3a/screenshot - {}
RESULT: {}
COMMAND: POST /session/8710bc86126986cf02bb1d50a5f31e3a/execute/async - {"script":"<script> [1562 bytes]","args":[{"selector":{"id":"application-managecontracts-display-component---AddNewContract--projectDescription","interaction":{"idSuffix":"inner"}},"wdio_ui5_key":"applicationmanagecontracts-display-component---AddNewContract--projectDescription"}]}
RESULT: {"script":"<script> [1562 bytes]","args":[{"selector":{"id":"application-managecontracts-display-component---AddNewContract--projectDescription","interaction":{"idSuffix":"inner"}},"wdio_ui5_key":"applicationmanagecontracts-display-component---AddNewContract--projectDescription"}]}
RESULT: undefined
COMMAND: POST /session/8710bc86126986cf02bb1d50a5f31e3a/execute/async - {"script":"<script> [776 bytes]","args":[{"enterText":"Performance Contract WDIO","selector":{"id":"application-managecontracts-display-component---AddNewContract--projectDescription","interaction":{"idSuffix":"inner"}},"clearTextFirst":true,"interactionType":"ENTER_TEXT"}]}
RESULT: {"script":"<script> [776 bytes]","args":[{"enterText":"Performance Contract WDIO","selector":{"id":"application-managecontracts-display-component---AddNewContract--projectDescription","interaction":{"idSuffix":"inner"}},"clearTextFirst":true,"interactionType":"ENTER_TEXT"}]}
COMMAND: POST /session/8710bc86126986cf02bb1d50a5f31e3a/element - {"using":"xpath","value":"//input[@id=\"application-managecontracts-display-component---AddNewContract--site-inner\"]"}
RESULT: {"using":"xpath","value":"//input[@id=\"application-managecontracts-display-component---AddNewContract--site-inner\"]"}
COMMAND: POST /session/8710bc86126986cf02bb1d50a5f31e3a/element/f.4F28C2583BB65896889CB8FD582548C6.d.F1954DF699070F28B8A706C165CCC40A.e.15373/clear - {}
RESULT: {}
COMMAND: POST /session/8710bc86126986cf02bb1d50a5f31e3a/element/f.4F28C2583BB65896889CB8FD582548C6.d.F1954DF699070F28B8A706C165CCC40A.e.15373/value - {"text":"2366"}
COMMAND: GET /session/8710bc86126986cf02bb1d50a5f31e3a/screenshot - {}
RESULT: {"text":"2366"}
COMMAND: GET /session/8710bc86126986cf02bb1d50a5f31e3a/screenshot - {}
RESULT: {}
RESULT: {}
COMMAND: POST /session/8710bc86126986cf02bb1d50a5f31e3a/element - {"using":"xpath","value":"//li[.//span[text()='2366']]"}
RESULT: {"using":"xpath","value":"//li[.//span[text()='2366']]"}
COMMAND: POST /session/8710bc86126986cf02bb1d50a5f31e3a/element/f.4F28C2583BB65896889CB8FD582548C6.d.F1954DF699070F28B8A706C165CCC40A.e.15407/click - {}
RESULT: {}
COMMAND: GET /session/8710bc86126986cf02bb1d50a5f31e3a/screenshot - {}
RESULT: {}
COMMAND: POST /session/8710bc86126986cf02bb1d50a5f31e3a/element - {"using":"xpath","value":"//input[@id=\"application-managecontracts-display-component---AddNewContract--yardId-inner\"]"}
RESULT: {"using":"xpath","value":"//input[@id=\"application-managecontracts-display-component---AddNewContract--yardId-inner\"]"}
COMMAND: GET /session/8710bc86126986cf02bb1d50a5f31e3a/element/f.4F28C2583BB65896889CB8FD582548C6.d.F1954DF699070F28B8A706C165CCC40A.e.15374/property/value - {}
RESULT: {}
COMMAND: POST /session/8710bc86126986cf02bb1d50a5f31e3a/element - {"using":"xpath","value":"//input[@id=\"application-managecontracts-display-component---AddNewContract--customerSelect-inner\"]"}
COMMAND: GET /session/8710bc86126986cf02bb1d50a5f31e3a/screenshot - {}
RESULT: {"using":"xpath","value":"//input[@id=\"application-managecontracts-display-component---AddNewContract--customerSelect-inner\"]"}
COMMAND: POST /session/8710bc86126986cf02bb1d50a5f31e3a/element/f.4F28C2583BB65896889CB8FD582548C6.d.F1954DF699070F28B8A706C165CCC40A.e.15372/clear - {}
RESULT: {}
RESULT: {}
COMMAND: POST /session/8710bc86126986cf02bb1d50a5f31e3a/element/f.4F28C2583BB65896889CB8FD582548C6.d.F1954DF699070F28B8A706C165CCC40A.e.15372/value - {"text":"1445"}
COMMAND: GET /session/8710bc86126986cf02bb1d50a5f31e3a/screenshot - {}
RESULT: {"text":"1445"}
COMMAND: GET /session/8710bc86126986cf02bb1d50a5f31e3a/screenshot - {}
RESULT: {}
RESULT: {}
COMMAND: POST /session/8710bc86126986cf02bb1d50a5f31e3a/element - {"using":"xpath","value":"//li[.//span[text()='1445']]"}
RESULT: {"using":"xpath","value":"//li[.//span[text()='1445']]"}
COMMAND: POST /session/8710bc86126986cf02bb1d50a5f31e3a/element/f.4F28C2583BB65896889CB8FD582548C6.d.F1954DF699070F28B8A706C165CCC40A.e.15410/click - {}
RESULT: {}
COMMAND: GET /session/8710bc86126986cf02bb1d50a5f31e3a/screenshot - {}
RESULT: {}
COMMAND: POST /session/8710bc86126986cf02bb1d50a5f31e3a/element - {"using":"xpath","value":"//button[@data-kt=\"saveButton\"]"}
RESULT: {"using":"xpath","value":"//button[@data-kt=\"saveButton\"]"}
COMMAND: POST /session/8710bc86126986cf02bb1d50a5f31e3a/element/f.4F28C2583BB65896889CB8FD582548C6.d.F1954DF699070F28B8A706C165CCC40A.e.15411/click - {}
RESULT: {}
COMMAND: GET /session/8710bc86126986cf02bb1d50a5f31e3a/screenshot - {}
RESULT: {}
COMMAND: POST /session/8710bc86126986cf02bb1d50a5f31e3a/element - {"using":"xpath","value":"//span[contains(@id ,\"contractDetailTitleNoExpanded\")]"}
RESULT: {"using":"xpath","value":"//span[contains(@id ,\"contractDetailTitleNoExpanded\")]"}
COMMAND: POST /session/8710bc86126986cf02bb1d50a5f31e3a/elements - {"using":"xpath","value":"//span[contains(@id ,\"contractDetailTitleNoExpanded\")]"}
RESULT: {"using":"xpath","value":"//span[contains(@id ,\"contractDetailTitleNoExpanded\")]"}
COMMAND: POST /session/8710bc86126986cf02bb1d50a5f31e3a/execute/sync - {"script":"<script> [56 bytes]","args":[{"element-6066-11e4-a52e-4f735466cecf":"f.4F28C2583BB65896889CB8FD582548C6.d.F1954DF699070F28B8A706C165CCC40A.e.15421","ELEMENT":"f.4F28C2583BB65896889CB8FD582548C6.d.F1954DF699070F28B8A706C165CCC40A.e.15421"}]}
RESULT: {"script":"<script> [56 bytes]","args":[{"element-6066-11e4-a52e-4f735466cecf":"f.4F28C2583BB65896889CB8FD582548C6.d.F1954DF699070F28B8A706C165CCC40A.e.15421","ELEMENT":"f.4F28C2583BB65896889CB8FD582548C6.d.F1954DF699070F28B8A706C165CCC40A.e.15421"}]}
COMMAND: GET /session/8710bc86126986cf02bb1d50a5f31e3a/screenshot - {}
RESULT: {}
]]></system-out>
    </testcase>
    <testcase classname="chrome.136_0_7103_93.windows.Performance_based_billing_(work_days)_US139742" name="Should add equipment to the contract" time="49.355">
      <system-out><![CDATA[
COMMAND: POST /session/8710bc86126986cf02bb1d50a5f31e3a/element - {"using":"xpath","value":"//button[@data-kt=\"contractDetailEditBtnButton\"]"}
RESULT: {"using":"xpath","value":"//button[@data-kt=\"contractDetailEditBtnButton\"]"}
COMMAND: POST /session/8710bc86126986cf02bb1d50a5f31e3a/element/f.4F28C2583BB65896889CB8FD582548C6.d.F1954DF699070F28B8A706C165CCC40A.e.15422/click - {}
RESULT: {}
COMMAND: GET /session/8710bc86126986cf02bb1d50a5f31e3a/screenshot - {}
RESULT: {}
COMMAND: POST /session/8710bc86126986cf02bb1d50a5f31e3a/element - {"using":"xpath","value":"(//span[contains(text(), \"Additional Addresses\")])[2]"}
RESULT: {"using":"xpath","value":"(//span[contains(text(), \"Additional Addresses\")])[2]"}
COMMAND: POST /session/8710bc86126986cf02bb1d50a5f31e3a/element/f.4F28C2583BB65896889CB8FD582548C6.d.F1954DF699070F28B8A706C165CCC40A.e.15478/click - {}
RESULT: {}
COMMAND: GET /session/8710bc86126986cf02bb1d50a5f31e3a/screenshot - {}
RESULT: {}
COMMAND: POST /session/8710bc86126986cf02bb1d50a5f31e3a/element - {"using":"xpath","value":"//button[@data-kt=\"btnAddTableRowOverflowToolbarButton\"]"}
RESULT: {"using":"xpath","value":"//button[@data-kt=\"btnAddTableRowOverflowToolbarButton\"]"}
COMMAND: POST /session/8710bc86126986cf02bb1d50a5f31e3a/element/f.4F28C2583BB65896889CB8FD582548C6.d.F1954DF699070F28B8A706C165CCC40A.e.15481/click - {}
RESULT: {}
COMMAND: GET /session/8710bc86126986cf02bb1d50a5f31e3a/screenshot - {}
RESULT: {}
COMMAND: POST /session/8710bc86126986cf02bb1d50a5f31e3a/element - {"using":"xpath","value":"//div[(text() = 'Standard Entry' or . = 'Standard Entry')]"}
RESULT: {"using":"xpath","value":"//div[(text() = 'Standard Entry' or . = 'Standard Entry')]"}
COMMAND: POST /session/8710bc86126986cf02bb1d50a5f31e3a/element/f.4F28C2583BB65896889CB8FD582548C6.d.F1954DF699070F28B8A706C165CCC40A.e.15483/click - {}
RESULT: {}
COMMAND: GET /session/8710bc86126986cf02bb1d50a5f31e3a/screenshot - {}
RESULT: {}
COMMAND: POST /session/8710bc86126986cf02bb1d50a5f31e3a/element - {"using":"xpath","value":"//td[7]/div/div/input"}
RESULT: {"using":"xpath","value":"//td[7]/div/div/input"}
COMMAND: POST /session/8710bc86126986cf02bb1d50a5f31e3a/element/f.4F28C2583BB65896889CB8FD582548C6.d.F1954DF699070F28B8A706C165CCC40A.e.15492/clear - {}
RESULT: {}
COMMAND: POST /session/8710bc86126986cf02bb1d50a5f31e3a/element/f.4F28C2583BB65896889CB8FD582548C6.d.F1954DF699070F28B8A706C165CCC40A.e.15492/value - {"text":"KuybFJSwIs"}
COMMAND: GET /session/8710bc86126986cf02bb1d50a5f31e3a/screenshot - {}
RESULT: {"text":"KuybFJSwIs"}
COMMAND: GET /session/8710bc86126986cf02bb1d50a5f31e3a/screenshot - {}
RESULT: {}
RESULT: {}
COMMAND: POST /session/8710bc86126986cf02bb1d50a5f31e3a/actions - {"actions":[{"id":"action60","type":"key","parameters":{},"actions":[{"type":"keyDown","value":""},{"type":"pause","duration":10},{"type":"keyUp","value":""}]}]}
RESULT: {"actions":[{"id":"action60","type":"key","parameters":{},"actions":[{"type":"keyDown","value":""},{"type":"pause","duration":10},{"type":"keyUp","value":""}]}]}
COMMAND: GET /session/8710bc86126986cf02bb1d50a5f31e3a/screenshot - {}
RESULT: {}
COMMAND: POST /session/8710bc86126986cf02bb1d50a5f31e3a/execute/sync - {"script":"<script> [276 bytes]","args":["No pricing information was found"]}
RESULT: {"script":"<script> [276 bytes]","args":["No pricing information was found"]}
COMMAND: POST /session/8710bc86126986cf02bb1d50a5f31e3a/element - {"using":"xpath","value":"(//button[@data-kt=\"saveButton\"])[2]"}
COMMAND: GET /session/8710bc86126986cf02bb1d50a5f31e3a/screenshot - {}
RESULT: {"using":"xpath","value":"(//button[@data-kt=\"saveButton\"])[2]"}
COMMAND: POST /session/8710bc86126986cf02bb1d50a5f31e3a/element/f.4F28C2583BB65896889CB8FD582548C6.d.F1954DF699070F28B8A706C165CCC40A.e.15507/click - {}
RESULT: {}
RESULT: {}
COMMAND: GET /session/8710bc86126986cf02bb1d50a5f31e3a/screenshot - {}
RESULT: {}
COMMAND: POST /session/8710bc86126986cf02bb1d50a5f31e3a/execute/sync - {"script":"<script> [276 bytes]","args":["Some contract items are having rental validity exceeding header rental validity"]}
RESULT: {"script":"<script> [276 bytes]","args":["Some contract items are having rental validity exceeding header rental validity"]}
COMMAND: GET /session/8710bc86126986cf02bb1d50a5f31e3a/screenshot - {}
RESULT: {}
COMMAND: POST /session/8710bc86126986cf02bb1d50a5f31e3a/element - {"using":"xpath","value":"//span[contains(@id ,\"contractItemsSmartTable-header-inner\")]"}
RESULT: {"using":"xpath","value":"//span[contains(@id ,\"contractItemsSmartTable-header-inner\")]"}
COMMAND: POST /session/8710bc86126986cf02bb1d50a5f31e3a/elements - {"using":"xpath","value":"//span[contains(@id ,\"contractItemsSmartTable-header-inner\")]"}
RESULT: {"using":"xpath","value":"//span[contains(@id ,\"contractItemsSmartTable-header-inner\")]"}
COMMAND: POST /session/8710bc86126986cf02bb1d50a5f31e3a/execute/sync - {"script":"<script> [56 bytes]","args":[{"element-6066-11e4-a52e-4f735466cecf":"f.4F28C2583BB65896889CB8FD582548C6.d.F1954DF699070F28B8A706C165CCC40A.e.15513","ELEMENT":"f.4F28C2583BB65896889CB8FD582548C6.d.F1954DF699070F28B8A706C165CCC40A.e.15513"}]}
RESULT: {"script":"<script> [56 bytes]","args":[{"element-6066-11e4-a52e-4f735466cecf":"f.4F28C2583BB65896889CB8FD582548C6.d.F1954DF699070F28B8A706C165CCC40A.e.15513","ELEMENT":"f.4F28C2583BB65896889CB8FD582548C6.d.F1954DF699070F28B8A706C165CCC40A.e.15513"}]}
]]></system-out>
    </testcase>
    <testcase classname="chrome.136_0_7103_93.windows.Performance_based_billing_(work_days)_US139742" name="Should do a provide to site handover" time="72.395">
      <system-out><![CDATA[
COMMAND: POST /session/8710bc86126986cf02bb1d50a5f31e3a/element - {"using":"xpath","value":"//button[@data-kt=\"provideButton\"]"}
COMMAND: GET /session/8710bc86126986cf02bb1d50a5f31e3a/screenshot - {}
RESULT: {}
RESULT: {"using":"xpath","value":"//button[@data-kt=\"provideButton\"]"}
COMMAND: POST /session/8710bc86126986cf02bb1d50a5f31e3a/element/f.4F28C2583BB65896889CB8FD582548C6.d.F1954DF699070F28B8A706C165CCC40A.e.15514/click - {}
RESULT: {}
COMMAND: GET /session/8710bc86126986cf02bb1d50a5f31e3a/screenshot - {}
RESULT: {}
RESULT: undefined
COMMAND: POST /session/8710bc86126986cf02bb1d50a5f31e3a/execute/async - {"script":"<script> [6424 bytes]","args":[{"element-6066-11e4-a52e-4f735466cecf":"f.4F28C2583BB65896889CB8FD582548C6.d.F1954DF699070F28B8A706C165CCC40A.e.14591"},"setValue",["5/22/25"]]}
COMMAND: POST /session/8710bc86126986cf02bb1d50a5f31e3a/execute/async - {"script":"<script> [1562 bytes]","args":[{"selector":{"id":"application-managehandovers-display-component---AddNewHO--dueDate","interaction":{"idSuffix":"inner"}},"wdio_ui5_key":"applicationmanagehandovers-display-component---AddNewHO--dueDate"}]}
RESULT: {"script":"<script> [1562 bytes]","args":[{"selector":{"id":"application-managehandovers-display-component---AddNewHO--dueDate","interaction":{"idSuffix":"inner"}},"wdio_ui5_key":"applicationmanagehandovers-display-component---AddNewHO--dueDate"}]}
COMMAND: POST /session/8710bc86126986cf02bb1d50a5f31e3a/execute/async - {"script":"<script> [6424 bytes]","args":[{"element-6066-11e4-a52e-4f735466cecf":"f.4F28C2583BB65896889CB8FD582548C6.d.F1954DF699070F28B8A706C165CCC40A.e.15590"},"setValue",["5/22/25"]]}
RESULT: {"script":"<script> [6424 bytes]","args":[{"element-6066-11e4-a52e-4f735466cecf":"f.4F28C2583BB65896889CB8FD582548C6.d.F1954DF699070F28B8A706C165CCC40A.e.15590"},"setValue",["5/22/25"]]}
COMMAND: POST /session/8710bc86126986cf02bb1d50a5f31e3a/element - {"using":"xpath","value":"//bdi[contains(text(), \"Instructions\")]"}
RESULT: {"using":"xpath","value":"//bdi[contains(text(), \"Instructions\")]"}
COMMAND: POST /session/8710bc86126986cf02bb1d50a5f31e3a/element/f.4F28C2583BB65896889CB8FD582548C6.d.F1954DF699070F28B8A706C165CCC40A.e.15682/click - {}
RESULT: {}
COMMAND: GET /session/8710bc86126986cf02bb1d50a5f31e3a/screenshot - {}
RESULT: {}
COMMAND: POST /session/8710bc86126986cf02bb1d50a5f31e3a/element - {"using":"xpath","value":"//button[@data-kt=\"AddNewHOProvideAddItemsButton\"]"}
RESULT: {"using":"xpath","value":"//button[@data-kt=\"AddNewHOProvideAddItemsButton\"]"}
COMMAND: POST /session/8710bc86126986cf02bb1d50a5f31e3a/element/f.4F28C2583BB65896889CB8FD582548C6.d.F1954DF699070F28B8A706C165CCC40A.e.15686/click - {}
RESULT: {}
COMMAND: GET /session/8710bc86126986cf02bb1d50a5f31e3a/screenshot - {}
RESULT: {}
RESULT: undefined
COMMAND: POST /session/8710bc86126986cf02bb1d50a5f31e3a/element - {"using":"xpath","value":"//*[@id=\"application-managehandovers-display-component---AddNewHO--popup-sa\"]"}
RESULT: {"using":"xpath","value":"//*[@id=\"application-managehandovers-display-component---AddNewHO--popup-sa\"]"}
COMMAND: POST /session/8710bc86126986cf02bb1d50a5f31e3a/element/f.4F28C2583BB65896889CB8FD582548C6.d.F1954DF699070F28B8A706C165CCC40A.e.15701/click - {}
RESULT: {}
COMMAND: GET /session/8710bc86126986cf02bb1d50a5f31e3a/screenshot - {}
RESULT: {}
COMMAND: POST /session/8710bc86126986cf02bb1d50a5f31e3a/element - {"using":"xpath","value":"//*[contains(@id ,\"BDI-content\")][contains(text(), \"Select\")]"}
RESULT: {"using":"xpath","value":"//*[contains(@id ,\"BDI-content\")][contains(text(), \"Select\")]"}
COMMAND: POST /session/8710bc86126986cf02bb1d50a5f31e3a/element/f.4F28C2583BB65896889CB8FD582548C6.d.F1954DF699070F28B8A706C165CCC40A.e.15703/click - {}
RESULT: {}
COMMAND: GET /session/8710bc86126986cf02bb1d50a5f31e3a/screenshot - {}
RESULT: {}
COMMAND: POST /session/8710bc86126986cf02bb1d50a5f31e3a/execute/async - {"script":"<script> [1562 bytes]","args":[{"selector":{"id":"application-managehandovers-display-component---AddNewHO--confirmCreationButton","interaction":{"idSuffix":"BDI-content"}},"wdio_ui5_key":"applicationmanagehandovers-display-component---AddNewHO--confirmCreationButton"}]}
RESULT: {"script":"<script> [1562 bytes]","args":[{"selector":{"id":"application-managehandovers-display-component---AddNewHO--confirmCreationButton","interaction":{"idSuffix":"BDI-content"}},"wdio_ui5_key":"applicationmanagehandovers-display-component---AddNewHO--confirmCreationButton"}]}
RESULT: undefined
COMMAND: POST /session/8710bc86126986cf02bb1d50a5f31e3a/element - {"using":"xpath","value":"//*[@id=\"application-managehandovers-display-component---AddNewHO--confirmCreationButton\"]"}
RESULT: {"using":"xpath","value":"//*[@id=\"application-managehandovers-display-component---AddNewHO--confirmCreationButton\"]"}
COMMAND: POST /session/8710bc86126986cf02bb1d50a5f31e3a/element/f.4F28C2583BB65896889CB8FD582548C6.d.F1954DF699070F28B8A706C165CCC40A.e.15641/click - {}
RESULT: {}
COMMAND: GET /session/8710bc86126986cf02bb1d50a5f31e3a/screenshot - {}
RESULT: {}
COMMAND: POST /session/8710bc86126986cf02bb1d50a5f31e3a/execute/async - {"script":"<script> [1562 bytes]","args":[{"selector":{"id":"issueDatePicker","viewName":"etm.portal.ui.managehandovers.view.DetailExecuteHO","interaction":{"idSuffix":"inner"}},"wdio_ui5_key":"issueDatePickeretmportal.ui.managehandovers.view.DetailExecuteHO"}]}
RESULT: {"script":"<script> [1562 bytes]","args":[{"selector":{"id":"issueDatePicker","viewName":"etm.portal.ui.managehandovers.view.DetailExecuteHO","interaction":{"idSuffix":"inner"}},"wdio_ui5_key":"issueDatePickeretmportal.ui.managehandovers.view.DetailExecuteHO"}]}
RESULT: undefined
COMMAND: POST /session/8710bc86126986cf02bb1d50a5f31e3a/execute/async - {"script":"<script> [776 bytes]","args":[{"enterText":"5/22/25","selector":{"id":"issueDatePicker","viewName":"etm.portal.ui.managehandovers.view.DetailExecuteHO","interaction":{"idSuffix":"inner"}},"clearTextFirst":true,"interactionType":"ENTER_TEXT"}]}
RESULT: {"script":"<script> [776 bytes]","args":[{"enterText":"5/22/25","selector":{"id":"issueDatePicker","viewName":"etm.portal.ui.managehandovers.view.DetailExecuteHO","interaction":{"idSuffix":"inner"}},"clearTextFirst":true,"interactionType":"ENTER_TEXT"}]}
COMMAND: POST /session/8710bc86126986cf02bb1d50a5f31e3a/element - {"using":"xpath","value":"//bdi[contains(text(), \"OK\")]"}
RESULT: {"using":"xpath","value":"//bdi[contains(text(), \"OK\")]"}
COMMAND: POST /session/8710bc86126986cf02bb1d50a5f31e3a/element/f.4F28C2583BB65896889CB8FD582548C6.d.F1954DF699070F28B8A706C165CCC40A.e.15749/click - {}
RESULT: {}
COMMAND: GET /session/8710bc86126986cf02bb1d50a5f31e3a/screenshot - {}
RESULT: {}
COMMAND: POST /session/8710bc86126986cf02bb1d50a5f31e3a/element - {"using":"xpath","value":"//button[@data-kt=\"PickingTableConfirmAllButton\"]"}
RESULT: {"using":"xpath","value":"//button[@data-kt=\"PickingTableConfirmAllButton\"]"}
COMMAND: POST /session/8710bc86126986cf02bb1d50a5f31e3a/element/f.4F28C2583BB65896889CB8FD582548C6.d.F1954DF699070F28B8A706C165CCC40A.e.15757/click - {}
RESULT: {}
COMMAND: GET /session/8710bc86126986cf02bb1d50a5f31e3a/screenshot - {}
RESULT: {}
COMMAND: POST /session/8710bc86126986cf02bb1d50a5f31e3a/element - {"using":"xpath","value":"//bdi[contains(text(), \"OK\")]"}
RESULT: {"using":"xpath","value":"//bdi[contains(text(), \"OK\")]"}
COMMAND: POST /session/8710bc86126986cf02bb1d50a5f31e3a/element/f.4F28C2583BB65896889CB8FD582548C6.d.F1954DF699070F28B8A706C165CCC40A.e.15760/click - {}
RESULT: {}
COMMAND: GET /session/8710bc86126986cf02bb1d50a5f31e3a/screenshot - {}
RESULT: {}
COMMAND: POST /session/8710bc86126986cf02bb1d50a5f31e3a/element - {"using":"xpath","value":"//bdi[contains(text(), \"Issue\")]"}
RESULT: {"using":"xpath","value":"//bdi[contains(text(), \"Issue\")]"}
COMMAND: POST /session/8710bc86126986cf02bb1d50a5f31e3a/element/f.4F28C2583BB65896889CB8FD582548C6.d.F1954DF699070F28B8A706C165CCC40A.e.15762/click - {}
RESULT: {}
COMMAND: GET /session/8710bc86126986cf02bb1d50a5f31e3a/screenshot - {}
RESULT: {}
COMMAND: POST /session/8710bc86126986cf02bb1d50a5f31e3a/element - {"using":"css selector","value":"#shell-header-logo"}
RESULT: {"using":"css selector","value":"#shell-header-logo"}
COMMAND: POST /session/8710bc86126986cf02bb1d50a5f31e3a/element/f.4F28C2583BB65896889CB8FD582548C6.d.F1954DF699070F28B8A706C165CCC40A.e.14980/click - {}
RESULT: {}
COMMAND: GET /session/8710bc86126986cf02bb1d50a5f31e3a/screenshot - {}
RESULT: {}
]]></system-out>
    </testcase>
    <testcase classname="chrome.136_0_7103_93.windows.Performance_based_billing_(work_days)_US139742" name="Should create a few performance documents" time="102.364">
      <system-out><![CDATA[
COMMAND: POST /session/8710bc86126986cf02bb1d50a5f31e3a/execute/async - {"script":"<script> [1562 bytes]","args":[{"selector":{"controlType":"sap.m.GenericTile","properties":{"header":"Manage States & Performance"}},"wdio_ui5_key":"sapm.GenericTile{\"header\":\"Manage States & Performance\"}"}]}
RESULT: {"script":"<script> [1562 bytes]","args":[{"selector":{"controlType":"sap.m.GenericTile","properties":{"header":"Manage States & Performance"}},"wdio_ui5_key":"sapm.GenericTile{\"header\":\"Manage States & Performance\"}"}]}
RESULT: undefined
COMMAND: POST /session/8710bc86126986cf02bb1d50a5f31e3a/element - {"using":"xpath","value":"//*[@id=\"__tile56\"]"}
RESULT: {"using":"xpath","value":"//*[@id=\"__tile56\"]"}
COMMAND: POST /session/8710bc86126986cf02bb1d50a5f31e3a/element/f.4F28C2583BB65896889CB8FD582548C6.d.F1954DF699070F28B8A706C165CCC40A.e.12649/click - {}
RESULT: {}
COMMAND: GET /session/8710bc86126986cf02bb1d50a5f31e3a/screenshot - {}
RESULT: {}
COMMAND: POST /session/8710bc86126986cf02bb1d50a5f31e3a/elements - {"using":"xpath","value":"//span[text()='Error']"}
RESULT: {"using":"xpath","value":"//span[text()='Error']"}
COMMAND: POST /session/8710bc86126986cf02bb1d50a5f31e3a/element - {"using":"xpath","value":"//div[@id=\"application-managestatesandperformance-display-component---stateAndPerform--smartFilterBarResources-btnBasicSearch\"]"}
RESULT: {"using":"xpath","value":"//div[@id=\"application-managestatesandperformance-display-component---stateAndPerform--smartFilterBarResources-btnBasicSearch\"]"}
COMMAND: POST /session/8710bc86126986cf02bb1d50a5f31e3a/elements - {"using":"xpath","value":"//div[@id=\"application-managestatesandperformance-display-component---stateAndPerform--smartFilterBarResources-btnBasicSearch\"]"}
RESULT: {"using":"xpath","value":"//div[@id=\"application-managestatesandperformance-display-component---stateAndPerform--smartFilterBarResources-btnBasicSearch\"]"}
COMMAND: POST /session/8710bc86126986cf02bb1d50a5f31e3a/execute/sync - {"script":"<script> [8489 bytes]","args":[{"element-6066-11e4-a52e-4f735466cecf":"f.4F28C2583BB65896889CB8FD582548C6.d.F1954DF699070F28B8A706C165CCC40A.e.15990","ELEMENT":"f.4F28C2583BB65896889CB8FD582548C6.d.F1954DF699070F28B8A706C165CCC40A.e.15990"}]}
RESULT: {"script":"<script> [8489 bytes]","args":[{"element-6066-11e4-a52e-4f735466cecf":"f.4F28C2583BB65896889CB8FD582548C6.d.F1954DF699070F28B8A706C165CCC40A.e.15990","ELEMENT":"f.4F28C2583BB65896889CB8FD582548C6.d.F1954DF699070F28B8A706C165CCC40A.e.15990"}]}
COMMAND: GET /session/8710bc86126986cf02bb1d50a5f31e3a/element/f.4F28C2583BB65896889CB8FD582548C6.d.F1954DF699070F28B8A706C165CCC40A.e.15990/enabled - {}
COMMAND: GET /session/8710bc86126986cf02bb1d50a5f31e3a/screenshot - {}
RESULT: {}
COMMAND: POST /session/8710bc86126986cf02bb1d50a5f31e3a/execute/sync - {"script":"<script> [8489 bytes]","args":[{"element-6066-11e4-a52e-4f735466cecf":"f.4F28C2583BB65896889CB8FD582548C6.d.F1954DF699070F28B8A706C165CCC40A.e.15990","ELEMENT":"f.4F28C2583BB65896889CB8FD582548C6.d.F1954DF699070F28B8A706C165CCC40A.e.15990"}]}
COMMAND: GET /session/8710bc86126986cf02bb1d50a5f31e3a/screenshot - {}
RESULT: {}
RESULT: {"script":"<script> [8489 bytes]","args":[{"element-6066-11e4-a52e-4f735466cecf":"f.4F28C2583BB65896889CB8FD582548C6.d.F1954DF699070F28B8A706C165CCC40A.e.15990","ELEMENT":"f.4F28C2583BB65896889CB8FD582548C6.d.F1954DF699070F28B8A706C165CCC40A.e.15990"}]}
COMMAND: POST /session/8710bc86126986cf02bb1d50a5f31e3a/execute/sync - {"script":"<script> [5351 bytes]","args":[{"element-6066-11e4-a52e-4f735466cecf":"f.4F28C2583BB65896889CB8FD582548C6.d.F1954DF699070F28B8A706C165CCC40A.e.15990","ELEMENT":"f.4F28C2583BB65896889CB8FD582548C6.d.F1954DF699070F28B8A706C165CCC40A.e.15990"}]}
COMMAND: GET /session/8710bc86126986cf02bb1d50a5f31e3a/screenshot - {}
RESULT: {}
RESULT: {"script":"<script> [5351 bytes]","args":[{"element-6066-11e4-a52e-4f735466cecf":"f.4F28C2583BB65896889CB8FD582548C6.d.F1954DF699070F28B8A706C165CCC40A.e.15990","ELEMENT":"f.4F28C2583BB65896889CB8FD582548C6.d.F1954DF699070F28B8A706C165CCC40A.e.15990"}]}
COMMAND: POST /session/8710bc86126986cf02bb1d50a5f31e3a/execute/async - {"script":"<script> [1562 bytes]","args":[{"selector":{"id":"application-managestatesandperformance-display-component---stateAndPerform--smartFilterBarResources-btnBasicSearch","interaction":{"idSuffix":"I"}},"wdio_ui5_key":"applicationmanagestatesandperformance-display-component---stateAndPerform--smartFilterBarResources-btnBasicSearch"}]}
COMMAND: GET /session/8710bc86126986cf02bb1d50a5f31e3a/screenshot - {}
RESULT: {}
RESULT: {"script":"<script> [1562 bytes]","args":[{"selector":{"id":"application-managestatesandperformance-display-component---stateAndPerform--smartFilterBarResources-btnBasicSearch","interaction":{"idSuffix":"I"}},"wdio_ui5_key":"applicationmanagestatesandperformance-display-component---stateAndPerform--smartFilterBarResources-btnBasicSearch"}]}
RESULT: undefined
COMMAND: POST /session/8710bc86126986cf02bb1d50a5f31e3a/execute/async - {"script":"<script> [776 bytes]","args":[{"enterText":"KuybFJSwIs","selector":{"id":"application-managestatesandperformance-display-component---stateAndPerform--smartFilterBarResources-btnBasicSearch","interaction":{"idSuffix":"I"}},"clearTextFirst":true,"interactionType":"ENTER_TEXT"}]}
RESULT: {}
RESULT: {"script":"<script> [776 bytes]","args":[{"enterText":"KuybFJSwIs","selector":{"id":"application-managestatesandperformance-display-component---stateAndPerform--smartFilterBarResources-btnBasicSearch","interaction":{"idSuffix":"I"}},"clearTextFirst":true,"interactionType":"ENTER_TEXT"}]}
COMMAND: POST /session/8710bc86126986cf02bb1d50a5f31e3a/actions - {"actions":[{"id":"action61","type":"key","parameters":{},"actions":[{"type":"keyDown","value":""},{"type":"pause","duration":10},{"type":"keyUp","value":""}]}]}
RESULT: {"actions":[{"id":"action61","type":"key","parameters":{},"actions":[{"type":"keyDown","value":""},{"type":"pause","duration":10},{"type":"keyUp","value":""}]}]}
COMMAND: GET /session/8710bc86126986cf02bb1d50a5f31e3a/screenshot - {}
RESULT: {}
COMMAND: POST /session/8710bc86126986cf02bb1d50a5f31e3a/execute/async - {"script":"<script> [1562 bytes]","args":[{"selector":{"id":"application-managestatesandperformance-display-component---stateAndPerform--stateAndPerformResourcesSmartTable-header"},"wdio_ui5_key":"applicationmanagestatesandperformance-display-component---stateAndPerform--stateAndPerformResourcesSmartTable-header"}]}
RESULT: {"script":"<script> [1562 bytes]","args":[{"selector":{"id":"application-managestatesandperformance-display-component---stateAndPerform--stateAndPerformResourcesSmartTable-header"},"wdio_ui5_key":"applicationmanagestatesandperformance-display-component---stateAndPerform--stateAndPerformResourcesSmartTable-header"}]}
RESULT: undefined
COMMAND: POST /session/8710bc86126986cf02bb1d50a5f31e3a/execute/async - {"script":"<script> [6424 bytes]","args":[{"element-6066-11e4-a52e-4f735466cecf":"f.4F28C2583BB65896889CB8FD582548C6.d.F1954DF699070F28B8A706C165CCC40A.e.16053"},"getText",[]]}
RESULT: {"script":"<script> [6424 bytes]","args":[{"element-6066-11e4-a52e-4f735466cecf":"f.4F28C2583BB65896889CB8FD582548C6.d.F1954DF699070F28B8A706C165CCC40A.e.16053"},"getText",[]]}
COMMAND: POST /session/8710bc86126986cf02bb1d50a5f31e3a/execute/async - {"script":"<script> [1562 bytes]","args":[{"selector":{"controlType":"sap.ui.core.Icon","viewName":"etm.portal.ui.managestatesandperformance.view.Master","viewId":"application-managestatesandperformance-display-component---stateAndPerform","properties":{"src":{"regex":{"source":"slim\\-arrow\\-right"}}}},"wdio_ui5_key":"etmportal.ui.managestatesandperformance.view.Mastersap.ui.core.Icon{\"src\":{\"regex\":{\"source\":\"slim\\\\-arrow\\\\-right\"}}}"}]}
RESULT: {"script":"<script> [1562 bytes]","args":[{"selector":{"controlType":"sap.ui.core.Icon","viewName":"etm.portal.ui.managestatesandperformance.view.Master","viewId":"application-managestatesandperformance-display-component---stateAndPerform","properties":{"src":{"regex":{"source":"slim\\-arrow\\-right"}}}},"wdio_ui5_key":"etmportal.ui.managestatesandperformance.view.Mastersap.ui.core.Icon{\"src\":{\"regex\":{\"source\":\"slim\\\\-arrow\\\\-right\"}}}"}]}
RESULT: undefined
COMMAND: POST /session/8710bc86126986cf02bb1d50a5f31e3a/element - {"using":"xpath","value":"//*[@id=\"__item2678-__clone5457-imgNav\"]"}
RESULT: {"using":"xpath","value":"//*[@id=\"__item2678-__clone5457-imgNav\"]"}
COMMAND: POST /session/8710bc86126986cf02bb1d50a5f31e3a/element/f.4F28C2583BB65896889CB8FD582548C6.d.F1954DF699070F28B8A706C165CCC40A.e.16052/click - {}
RESULT: {}
COMMAND: GET /session/8710bc86126986cf02bb1d50a5f31e3a/screenshot - {}
RESULT: {}
COMMAND: POST /session/8710bc86126986cf02bb1d50a5f31e3a/execute/async - {"script":"<script> [1562 bytes]","args":[{"selector":{"controlType":"sap.m.Button","viewName":"etm.portal.ui.managestatesandperformance.view.Detail","viewId":"application-managestatesandperformance-display-component---detailStateAndPerform","properties":{"text":"Performance Documents"}},"wdio_ui5_key":"etmportal.ui.managestatesandperformance.view.Detailsap.m.Button{\"text\":\"Performance Documents\"}"}]}
RESULT: {"script":"<script> [1562 bytes]","args":[{"selector":{"controlType":"sap.m.Button","viewName":"etm.portal.ui.managestatesandperformance.view.Detail","viewId":"application-managestatesandperformance-display-component---detailStateAndPerform","properties":{"text":"Performance Documents"}},"wdio_ui5_key":"etmportal.ui.managestatesandperformance.view.Detailsap.m.Button{\"text\":\"Performance Documents\"}"}]}
RESULT: undefined
COMMAND: POST /session/8710bc86126986cf02bb1d50a5f31e3a/element - {"using":"xpath","value":"//*[@id=\"__item2701-button\"]"}
RESULT: {"using":"xpath","value":"//*[@id=\"__item2701-button\"]"}
COMMAND: POST /session/8710bc86126986cf02bb1d50a5f31e3a/element/f.4F28C2583BB65896889CB8FD582548C6.d.F1954DF699070F28B8A706C165CCC40A.e.16100/click - {}
RESULT: {}
COMMAND: POST /session/8710bc86126986cf02bb1d50a5f31e3a/execute/async - {"script":"<script> [1562 bytes]","args":[{"selector":{"controlType":"sap.m.Button","viewName":"etm.portal.ui.managestatesandperformance.view.Detail","viewId":"application-managestatesandperformance-display-component---detailStateAndPerform","i18NText":{"propertyName":"text","key":"createPerformanceDoc"},"interaction":{"idSuffix":"BDI-content"}},"wdio_ui5_key":"etmportal.ui.managestatesandperformance.view.Detailsap.m.Button{\"propertyName\":\"text\",\"key\":\"createPerformanceDoc\"}"}]}
COMMAND: GET /session/8710bc86126986cf02bb1d50a5f31e3a/screenshot - {}
RESULT: {"script":"<script> [1562 bytes]","args":[{"selector":{"controlType":"sap.m.Button","viewName":"etm.portal.ui.managestatesandperformance.view.Detail","viewId":"application-managestatesandperformance-display-component---detailStateAndPerform","i18NText":{"propertyName":"text","key":"createPerformanceDoc"},"interaction":{"idSuffix":"BDI-content"}},"wdio_ui5_key":"etmportal.ui.managestatesandperformance.view.Detailsap.m.Button{\"propertyName\":\"text\",\"key\":\"createPerformanceDoc\"}"}]}
RESULT: undefined
COMMAND: POST /session/8710bc86126986cf02bb1d50a5f31e3a/element - {"using":"xpath","value":"//*[@id=\"__button330\"]"}
RESULT: {}
RESULT: {"using":"xpath","value":"//*[@id=\"__button330\"]"}
COMMAND: POST /session/8710bc86126986cf02bb1d50a5f31e3a/element/f.4F28C2583BB65896889CB8FD582548C6.d.F1954DF699070F28B8A706C165CCC40A.e.16104/click - {}
RESULT: {}
COMMAND: POST /session/8710bc86126986cf02bb1d50a5f31e3a/execute/async - {"script":"<script> [1562 bytes]","args":[{"selector":{"id":"application-managestatesandperformance-display-component---detailStateAndPerform--perfDocDatePicker","searchOpenDialogs":true,"interaction":{"idSuffix":"inner"}},"wdio_ui5_key":"applicationmanagestatesandperformance-display-component---detailStateAndPerform--perfDocDatePicker"}]}
COMMAND: GET /session/8710bc86126986cf02bb1d50a5f31e3a/screenshot - {}
RESULT: {"script":"<script> [1562 bytes]","args":[{"selector":{"id":"application-managestatesandperformance-display-component---detailStateAndPerform--perfDocDatePicker","searchOpenDialogs":true,"interaction":{"idSuffix":"inner"}},"wdio_ui5_key":"applicationmanagestatesandperformance-display-component---detailStateAndPerform--perfDocDatePicker"}]}
RESULT: undefined
COMMAND: POST /session/8710bc86126986cf02bb1d50a5f31e3a/execute/async - {"script":"<script> [776 bytes]","args":[{"enterText":"5/24/25","selector":{"id":"application-managestatesandperformance-display-component---detailStateAndPerform--perfDocDatePicker","searchOpenDialogs":true,"interaction":{"idSuffix":"inner"}},"clearTextFirst":true,"interactionType":"ENTER_TEXT"}]}
RESULT: {}
RESULT: {"script":"<script> [776 bytes]","args":[{"enterText":"5/24/25","selector":{"id":"application-managestatesandperformance-display-component---detailStateAndPerform--perfDocDatePicker","searchOpenDialogs":true,"interaction":{"idSuffix":"inner"}},"clearTextFirst":true,"interactionType":"ENTER_TEXT"}]}
COMMAND: POST /session/8710bc86126986cf02bb1d50a5f31e3a/execute/async - {"script":"<script> [1562 bytes]","args":[{"selector":{"id":"application-managestatesandperformance-display-component---detailStateAndPerform--counterValue-input","searchOpenDialogs":true,"interaction":{"idSuffix":"inner"}},"wdio_ui5_key":"applicationmanagestatesandperformance-display-component---detailStateAndPerform--counterValue-input"}]}
RESULT: {"script":"<script> [1562 bytes]","args":[{"selector":{"id":"application-managestatesandperformance-display-component---detailStateAndPerform--counterValue-input","searchOpenDialogs":true,"interaction":{"idSuffix":"inner"}},"wdio_ui5_key":"applicationmanagestatesandperformance-display-component---detailStateAndPerform--counterValue-input"}]}
RESULT: undefined
COMMAND: POST /session/8710bc86126986cf02bb1d50a5f31e3a/execute/async - {"script":"<script> [776 bytes]","args":[{"enterText":"15.00","selector":{"id":"application-managestatesandperformance-display-component---detailStateAndPerform--counterValue-input","searchOpenDialogs":true,"interaction":{"idSuffix":"inner"}},"clearTextFirst":true,"interactionType":"ENTER_TEXT"}]}
RESULT: {"script":"<script> [776 bytes]","args":[{"enterText":"15.00","selector":{"id":"application-managestatesandperformance-display-component---detailStateAndPerform--counterValue-input","searchOpenDialogs":true,"interaction":{"idSuffix":"inner"}},"clearTextFirst":true,"interactionType":"ENTER_TEXT"}]}
COMMAND: POST /session/8710bc86126986cf02bb1d50a5f31e3a/execute/async - {"script":"<script> [1562 bytes]","args":[{"selector":{"controlType":"sap.m.Button","viewName":"etm.portal.ui.managestatesandperformance.view.Detail","viewId":"application-managestatesandperformance-display-component---detailStateAndPerform","bindingPath":{"path":"","propertyPath":"/allowAddEdit","modelName":"oScreenModel"},"searchOpenDialogs":true,"interaction":{"idSuffix":"BDI-content"}},"wdio_ui5_key":"etmportal.ui.managestatesandperformance.view.Detailsap.m.Button{\"path\":\"\",\"propertyPath\":\"/allowAddEdit\",\"modelName\":\"oScreenModel\"}"}]}
RESULT: {"script":"<script> [1562 bytes]","args":[{"selector":{"controlType":"sap.m.Button","viewName":"etm.portal.ui.managestatesandperformance.view.Detail","viewId":"application-managestatesandperformance-display-component---detailStateAndPerform","bindingPath":{"path":"","propertyPath":"/allowAddEdit","modelName":"oScreenModel"},"searchOpenDialogs":true,"interaction":{"idSuffix":"BDI-content"}},"wdio_ui5_key":"etmportal.ui.managestatesandperformance.view.Detailsap.m.Button{\"path\":\"\",\"propertyPath\":\"/allowAddEdit\",\"modelName\":\"oScreenModel\"}"}]}
RESULT: undefined
COMMAND: POST /session/8710bc86126986cf02bb1d50a5f31e3a/element - {"using":"xpath","value":"//*[@id=\"__button337\"]"}
RESULT: {"using":"xpath","value":"//*[@id=\"__button337\"]"}
COMMAND: POST /session/8710bc86126986cf02bb1d50a5f31e3a/element/f.4F28C2583BB65896889CB8FD582548C6.d.F1954DF699070F28B8A706C165CCC40A.e.16125/click - {}
RESULT: {}
RESULT: undefined
COMMAND: POST /session/8710bc86126986cf02bb1d50a5f31e3a/element - {"using":"xpath","value":"//*[@id=\"__button330\"]"}
COMMAND: GET /session/8710bc86126986cf02bb1d50a5f31e3a/screenshot - {}
RESULT: {"using":"xpath","value":"//*[@id=\"__button330\"]"}
COMMAND: POST /session/8710bc86126986cf02bb1d50a5f31e3a/element/f.4F28C2583BB65896889CB8FD582548C6.d.F1954DF699070F28B8A706C165CCC40A.e.16104/click - {}
RESULT: {}
RESULT: {}
RESULT: undefined
COMMAND: POST /session/8710bc86126986cf02bb1d50a5f31e3a/execute/async - {"script":"<script> [776 bytes]","args":[{"enterText":"5/28/25","selector":{"id":"application-managestatesandperformance-display-component---detailStateAndPerform--perfDocDatePicker","searchOpenDialogs":true,"interaction":{"idSuffix":"inner"}},"clearTextFirst":true,"interactionType":"ENTER_TEXT"}]}
COMMAND: GET /session/8710bc86126986cf02bb1d50a5f31e3a/screenshot - {}
RESULT: {"script":"<script> [776 bytes]","args":[{"enterText":"5/28/25","selector":{"id":"application-managestatesandperformance-display-component---detailStateAndPerform--perfDocDatePicker","searchOpenDialogs":true,"interaction":{"idSuffix":"inner"}},"clearTextFirst":true,"interactionType":"ENTER_TEXT"}]}
RESULT: undefined
COMMAND: POST /session/8710bc86126986cf02bb1d50a5f31e3a/execute/async - {"script":"<script> [776 bytes]","args":[{"enterText":"20.00","selector":{"id":"application-managestatesandperformance-display-component---detailStateAndPerform--counterValue-input","searchOpenDialogs":true,"interaction":{"idSuffix":"inner"}},"clearTextFirst":true,"interactionType":"ENTER_TEXT"}]}
RESULT: {}
RESULT: {"script":"<script> [776 bytes]","args":[{"enterText":"20.00","selector":{"id":"application-managestatesandperformance-display-component---detailStateAndPerform--counterValue-input","searchOpenDialogs":true,"interaction":{"idSuffix":"inner"}},"clearTextFirst":true,"interactionType":"ENTER_TEXT"}]}
COMMAND: POST /session/8710bc86126986cf02bb1d50a5f31e3a/actions - {"actions":[{"id":"action62","type":"key","parameters":{},"actions":[{"type":"keyDown","value":""},{"type":"keyDown","value":""},{"type":"pause","duration":10},{"type":"keyUp","value":""},{"type":"keyUp","value":""}]}]}
RESULT: {"actions":[{"id":"action62","type":"key","parameters":{},"actions":[{"type":"keyDown","value":""},{"type":"keyDown","value":""},{"type":"pause","duration":10},{"type":"keyUp","value":""},{"type":"keyUp","value":""}]}]}
COMMAND: POST /session/8710bc86126986cf02bb1d50a5f31e3a/actions - {"actions":[{"id":"action63","type":"key","parameters":{},"actions":[{"type":"keyDown","value":""},{"type":"pause","duration":10},{"type":"keyUp","value":""}]}]}
COMMAND: GET /session/8710bc86126986cf02bb1d50a5f31e3a/screenshot - {}
RESULT: {"actions":[{"id":"action63","type":"key","parameters":{},"actions":[{"type":"keyDown","value":""},{"type":"pause","duration":10},{"type":"keyUp","value":""}]}]}
RESULT: undefined
COMMAND: POST /session/8710bc86126986cf02bb1d50a5f31e3a/element - {"using":"xpath","value":"//*[@id=\"__button337\"]"}
COMMAND: GET /session/8710bc86126986cf02bb1d50a5f31e3a/screenshot - {}
RESULT: {}
RESULT: {"using":"xpath","value":"//*[@id=\"__button337\"]"}
COMMAND: POST /session/8710bc86126986cf02bb1d50a5f31e3a/elements - {"using":"xpath","value":"//*[@id=\"__button337\"]"}
RESULT: {}
RESULT: {"using":"xpath","value":"//*[@id=\"__button337\"]"}
COMMAND: POST /session/8710bc86126986cf02bb1d50a5f31e3a/elements - {"using":"xpath","value":"//*[@id=\"__button337\"]"}
RESULT: {"using":"xpath","value":"//*[@id=\"__button337\"]"}
COMMAND: POST /session/8710bc86126986cf02bb1d50a5f31e3a/elements - {"using":"xpath","value":"//*[@id=\"__button337\"]"}
RESULT: {"using":"xpath","value":"//*[@id=\"__button337\"]"}
COMMAND: POST /session/8710bc86126986cf02bb1d50a5f31e3a/elements - {"using":"xpath","value":"//*[@id=\"__button337\"]"}
RESULT: {"using":"xpath","value":"//*[@id=\"__button337\"]"}
COMMAND: POST /session/8710bc86126986cf02bb1d50a5f31e3a/elements - {"using":"xpath","value":"//*[@id=\"__button337\"]"}
RESULT: {"using":"xpath","value":"//*[@id=\"__button337\"]"}
COMMAND: POST /session/8710bc86126986cf02bb1d50a5f31e3a/elements - {"using":"xpath","value":"//*[@id=\"__button337\"]"}
RESULT: {"using":"xpath","value":"//*[@id=\"__button337\"]"}
COMMAND: POST /session/8710bc86126986cf02bb1d50a5f31e3a/elements - {"using":"xpath","value":"//*[@id=\"__button337\"]"}
RESULT: {"using":"xpath","value":"//*[@id=\"__button337\"]"}
COMMAND: POST /session/8710bc86126986cf02bb1d50a5f31e3a/elements - {"using":"xpath","value":"//*[@id=\"__button337\"]"}
RESULT: {"using":"xpath","value":"//*[@id=\"__button337\"]"}
COMMAND: POST /session/8710bc86126986cf02bb1d50a5f31e3a/elements - {"using":"xpath","value":"//*[@id=\"__button337\"]"}
RESULT: {"using":"xpath","value":"//*[@id=\"__button337\"]"}
COMMAND: POST /session/8710bc86126986cf02bb1d50a5f31e3a/elements - {"using":"xpath","value":"//*[@id=\"__button337\"]"}
RESULT: {"using":"xpath","value":"//*[@id=\"__button337\"]"}
COMMAND: POST /session/8710bc86126986cf02bb1d50a5f31e3a/elements - {"using":"xpath","value":"//*[@id=\"__button337\"]"}
RESULT: {"using":"xpath","value":"//*[@id=\"__button337\"]"}
COMMAND: POST /session/8710bc86126986cf02bb1d50a5f31e3a/elements - {"using":"xpath","value":"//*[@id=\"__button337\"]"}
RESULT: {"using":"xpath","value":"//*[@id=\"__button337\"]"}
COMMAND: POST /session/8710bc86126986cf02bb1d50a5f31e3a/elements - {"using":"xpath","value":"//*[@id=\"__button337\"]"}
RESULT: {"using":"xpath","value":"//*[@id=\"__button337\"]"}
COMMAND: POST /session/8710bc86126986cf02bb1d50a5f31e3a/elements - {"using":"xpath","value":"//*[@id=\"__button337\"]"}
RESULT: {"using":"xpath","value":"//*[@id=\"__button337\"]"}
COMMAND: POST /session/8710bc86126986cf02bb1d50a5f31e3a/elements - {"using":"xpath","value":"//*[@id=\"__button337\"]"}
RESULT: {"using":"xpath","value":"//*[@id=\"__button337\"]"}
COMMAND: POST /session/8710bc86126986cf02bb1d50a5f31e3a/elements - {"using":"xpath","value":"//*[@id=\"__button337\"]"}
RESULT: {"using":"xpath","value":"//*[@id=\"__button337\"]"}
COMMAND: POST /session/8710bc86126986cf02bb1d50a5f31e3a/elements - {"using":"xpath","value":"//*[@id=\"__button337\"]"}
RESULT: {"using":"xpath","value":"//*[@id=\"__button337\"]"}
COMMAND: POST /session/8710bc86126986cf02bb1d50a5f31e3a/elements - {"using":"xpath","value":"//*[@id=\"__button337\"]"}
RESULT: {"using":"xpath","value":"//*[@id=\"__button337\"]"}
COMMAND: POST /session/8710bc86126986cf02bb1d50a5f31e3a/elements - {"using":"xpath","value":"//*[@id=\"__button337\"]"}
RESULT: {"using":"xpath","value":"//*[@id=\"__button337\"]"}
COMMAND: POST /session/8710bc86126986cf02bb1d50a5f31e3a/elements - {"using":"xpath","value":"//*[@id=\"__button337\"]"}
RESULT: {"using":"xpath","value":"//*[@id=\"__button337\"]"}
COMMAND: POST /session/8710bc86126986cf02bb1d50a5f31e3a/elements - {"using":"xpath","value":"//*[@id=\"__button337\"]"}
RESULT: {"using":"xpath","value":"//*[@id=\"__button337\"]"}
COMMAND: POST /session/8710bc86126986cf02bb1d50a5f31e3a/elements - {"using":"xpath","value":"//*[@id=\"__button337\"]"}
RESULT: {"using":"xpath","value":"//*[@id=\"__button337\"]"}
COMMAND: POST /session/8710bc86126986cf02bb1d50a5f31e3a/elements - {"using":"xpath","value":"//*[@id=\"__button337\"]"}
RESULT: {"using":"xpath","value":"//*[@id=\"__button337\"]"}
COMMAND: POST /session/8710bc86126986cf02bb1d50a5f31e3a/elements - {"using":"xpath","value":"//*[@id=\"__button337\"]"}
RESULT: {"using":"xpath","value":"//*[@id=\"__button337\"]"}
COMMAND: POST /session/8710bc86126986cf02bb1d50a5f31e3a/elements - {"using":"xpath","value":"//*[@id=\"__button337\"]"}
RESULT: {"using":"xpath","value":"//*[@id=\"__button337\"]"}
COMMAND: POST /session/8710bc86126986cf02bb1d50a5f31e3a/elements - {"using":"xpath","value":"//*[@id=\"__button337\"]"}
RESULT: {"using":"xpath","value":"//*[@id=\"__button337\"]"}
COMMAND: POST /session/8710bc86126986cf02bb1d50a5f31e3a/elements - {"using":"xpath","value":"//*[@id=\"__button337\"]"}
RESULT: {"using":"xpath","value":"//*[@id=\"__button337\"]"}
COMMAND: POST /session/8710bc86126986cf02bb1d50a5f31e3a/elements - {"using":"xpath","value":"//*[@id=\"__button337\"]"}
RESULT: {"using":"xpath","value":"//*[@id=\"__button337\"]"}
COMMAND: POST /session/8710bc86126986cf02bb1d50a5f31e3a/elements - {"using":"xpath","value":"//*[@id=\"__button337\"]"}
RESULT: {"using":"xpath","value":"//*[@id=\"__button337\"]"}
COMMAND: POST /session/8710bc86126986cf02bb1d50a5f31e3a/elements - {"using":"xpath","value":"//*[@id=\"__button337\"]"}
RESULT: {"using":"xpath","value":"//*[@id=\"__button337\"]"}
COMMAND: POST /session/8710bc86126986cf02bb1d50a5f31e3a/elements - {"using":"xpath","value":"//*[@id=\"__button337\"]"}
RESULT: {"using":"xpath","value":"//*[@id=\"__button337\"]"}
COMMAND: POST /session/8710bc86126986cf02bb1d50a5f31e3a/elements - {"using":"xpath","value":"//*[@id=\"__button337\"]"}
RESULT: {"using":"xpath","value":"//*[@id=\"__button337\"]"}
COMMAND: POST /session/8710bc86126986cf02bb1d50a5f31e3a/elements - {"using":"xpath","value":"//*[@id=\"__button337\"]"}
RESULT: {"using":"xpath","value":"//*[@id=\"__button337\"]"}
COMMAND: POST /session/8710bc86126986cf02bb1d50a5f31e3a/elements - {"using":"xpath","value":"//*[@id=\"__button337\"]"}
RESULT: {"using":"xpath","value":"//*[@id=\"__button337\"]"}
COMMAND: POST /session/8710bc86126986cf02bb1d50a5f31e3a/elements - {"using":"xpath","value":"//*[@id=\"__button337\"]"}
RESULT: {"using":"xpath","value":"//*[@id=\"__button337\"]"}
COMMAND: POST /session/8710bc86126986cf02bb1d50a5f31e3a/elements - {"using":"xpath","value":"//*[@id=\"__button337\"]"}
RESULT: {"using":"xpath","value":"//*[@id=\"__button337\"]"}
COMMAND: POST /session/8710bc86126986cf02bb1d50a5f31e3a/elements - {"using":"xpath","value":"//*[@id=\"__button337\"]"}
RESULT: {"using":"xpath","value":"//*[@id=\"__button337\"]"}
COMMAND: POST /session/8710bc86126986cf02bb1d50a5f31e3a/elements - {"using":"xpath","value":"//*[@id=\"__button337\"]"}
RESULT: {"using":"xpath","value":"//*[@id=\"__button337\"]"}
COMMAND: POST /session/8710bc86126986cf02bb1d50a5f31e3a/elements - {"using":"xpath","value":"//*[@id=\"__button337\"]"}
RESULT: {"using":"xpath","value":"//*[@id=\"__button337\"]"}
COMMAND: POST /session/8710bc86126986cf02bb1d50a5f31e3a/elements - {"using":"xpath","value":"//*[@id=\"__button337\"]"}
RESULT: {"using":"xpath","value":"//*[@id=\"__button337\"]"}
COMMAND: POST /session/8710bc86126986cf02bb1d50a5f31e3a/elements - {"using":"xpath","value":"//*[@id=\"__button337\"]"}
RESULT: {"using":"xpath","value":"//*[@id=\"__button337\"]"}
COMMAND: POST /session/8710bc86126986cf02bb1d50a5f31e3a/elements - {"using":"xpath","value":"//*[@id=\"__button337\"]"}
RESULT: {"using":"xpath","value":"//*[@id=\"__button337\"]"}
COMMAND: POST /session/8710bc86126986cf02bb1d50a5f31e3a/elements - {"using":"xpath","value":"//*[@id=\"__button337\"]"}
RESULT: {"using":"xpath","value":"//*[@id=\"__button337\"]"}
COMMAND: POST /session/8710bc86126986cf02bb1d50a5f31e3a/elements - {"using":"xpath","value":"//*[@id=\"__button337\"]"}
RESULT: {"using":"xpath","value":"//*[@id=\"__button337\"]"}
COMMAND: POST /session/8710bc86126986cf02bb1d50a5f31e3a/elements - {"using":"xpath","value":"//*[@id=\"__button337\"]"}
RESULT: {"using":"xpath","value":"//*[@id=\"__button337\"]"}
COMMAND: POST /session/8710bc86126986cf02bb1d50a5f31e3a/elements - {"using":"xpath","value":"//*[@id=\"__button337\"]"}
RESULT: {"using":"xpath","value":"//*[@id=\"__button337\"]"}
COMMAND: POST /session/8710bc86126986cf02bb1d50a5f31e3a/elements - {"using":"xpath","value":"//*[@id=\"__button337\"]"}
RESULT: {"using":"xpath","value":"//*[@id=\"__button337\"]"}
COMMAND: POST /session/8710bc86126986cf02bb1d50a5f31e3a/elements - {"using":"xpath","value":"//*[@id=\"__button337\"]"}
RESULT: {"using":"xpath","value":"//*[@id=\"__button337\"]"}
COMMAND: POST /session/8710bc86126986cf02bb1d50a5f31e3a/elements - {"using":"xpath","value":"//*[@id=\"__button337\"]"}
RESULT: {"using":"xpath","value":"//*[@id=\"__button337\"]"}
COMMAND: POST /session/8710bc86126986cf02bb1d50a5f31e3a/elements - {"using":"xpath","value":"//*[@id=\"__button337\"]"}
RESULT: {"using":"xpath","value":"//*[@id=\"__button337\"]"}
COMMAND: POST /session/8710bc86126986cf02bb1d50a5f31e3a/elements - {"using":"xpath","value":"//*[@id=\"__button337\"]"}
RESULT: {"using":"xpath","value":"//*[@id=\"__button337\"]"}
COMMAND: POST /session/8710bc86126986cf02bb1d50a5f31e3a/elements - {"using":"xpath","value":"//*[@id=\"__button337\"]"}
RESULT: {"using":"xpath","value":"//*[@id=\"__button337\"]"}
COMMAND: POST /session/8710bc86126986cf02bb1d50a5f31e3a/elements - {"using":"xpath","value":"//*[@id=\"__button337\"]"}
RESULT: {"using":"xpath","value":"//*[@id=\"__button337\"]"}
COMMAND: POST /session/8710bc86126986cf02bb1d50a5f31e3a/elements - {"using":"xpath","value":"//*[@id=\"__button337\"]"}
RESULT: {"using":"xpath","value":"//*[@id=\"__button337\"]"}
COMMAND: POST /session/8710bc86126986cf02bb1d50a5f31e3a/elements - {"using":"xpath","value":"//*[@id=\"__button337\"]"}
RESULT: {"using":"xpath","value":"//*[@id=\"__button337\"]"}
COMMAND: POST /session/8710bc86126986cf02bb1d50a5f31e3a/elements - {"using":"xpath","value":"//*[@id=\"__button337\"]"}
RESULT: {"using":"xpath","value":"//*[@id=\"__button337\"]"}
COMMAND: POST /session/8710bc86126986cf02bb1d50a5f31e3a/elements - {"using":"xpath","value":"//*[@id=\"__button337\"]"}
RESULT: {"using":"xpath","value":"//*[@id=\"__button337\"]"}
COMMAND: POST /session/8710bc86126986cf02bb1d50a5f31e3a/elements - {"using":"xpath","value":"//*[@id=\"__button337\"]"}
RESULT: {"using":"xpath","value":"//*[@id=\"__button337\"]"}
COMMAND: POST /session/8710bc86126986cf02bb1d50a5f31e3a/elements - {"using":"xpath","value":"//*[@id=\"__button337\"]"}
RESULT: {"using":"xpath","value":"//*[@id=\"__button337\"]"}
COMMAND: POST /session/8710bc86126986cf02bb1d50a5f31e3a/elements - {"using":"xpath","value":"//*[@id=\"__button337\"]"}
RESULT: {"using":"xpath","value":"//*[@id=\"__button337\"]"}
COMMAND: POST /session/8710bc86126986cf02bb1d50a5f31e3a/elements - {"using":"xpath","value":"//*[@id=\"__button337\"]"}
RESULT: {"using":"xpath","value":"//*[@id=\"__button337\"]"}
COMMAND: POST /session/8710bc86126986cf02bb1d50a5f31e3a/elements - {"using":"xpath","value":"//*[@id=\"__button337\"]"}
RESULT: {"using":"xpath","value":"//*[@id=\"__button337\"]"}
COMMAND: POST /session/8710bc86126986cf02bb1d50a5f31e3a/elements - {"using":"xpath","value":"//*[@id=\"__button337\"]"}
RESULT: {"using":"xpath","value":"//*[@id=\"__button337\"]"}
COMMAND: POST /session/8710bc86126986cf02bb1d50a5f31e3a/elements - {"using":"xpath","value":"//*[@id=\"__button337\"]"}
RESULT: {"using":"xpath","value":"//*[@id=\"__button337\"]"}
COMMAND: POST /session/8710bc86126986cf02bb1d50a5f31e3a/elements - {"using":"xpath","value":"//*[@id=\"__button337\"]"}
RESULT: {"using":"xpath","value":"//*[@id=\"__button337\"]"}
COMMAND: POST /session/8710bc86126986cf02bb1d50a5f31e3a/elements - {"using":"xpath","value":"//*[@id=\"__button337\"]"}
RESULT: {"using":"xpath","value":"//*[@id=\"__button337\"]"}
COMMAND: POST /session/8710bc86126986cf02bb1d50a5f31e3a/elements - {"using":"xpath","value":"//*[@id=\"__button337\"]"}
RESULT: {"using":"xpath","value":"//*[@id=\"__button337\"]"}
COMMAND: POST /session/8710bc86126986cf02bb1d50a5f31e3a/elements - {"using":"xpath","value":"//*[@id=\"__button337\"]"}
RESULT: {"using":"xpath","value":"//*[@id=\"__button337\"]"}
COMMAND: POST /session/8710bc86126986cf02bb1d50a5f31e3a/elements - {"using":"xpath","value":"//*[@id=\"__button337\"]"}
RESULT: {"using":"xpath","value":"//*[@id=\"__button337\"]"}
COMMAND: POST /session/8710bc86126986cf02bb1d50a5f31e3a/elements - {"using":"xpath","value":"//*[@id=\"__button337\"]"}
RESULT: {"using":"xpath","value":"//*[@id=\"__button337\"]"}
COMMAND: POST /session/8710bc86126986cf02bb1d50a5f31e3a/elements - {"using":"xpath","value":"//*[@id=\"__button337\"]"}
RESULT: {"using":"xpath","value":"//*[@id=\"__button337\"]"}
COMMAND: POST /session/8710bc86126986cf02bb1d50a5f31e3a/elements - {"using":"xpath","value":"//*[@id=\"__button337\"]"}
RESULT: {"using":"xpath","value":"//*[@id=\"__button337\"]"}
COMMAND: POST /session/8710bc86126986cf02bb1d50a5f31e3a/elements - {"using":"xpath","value":"//*[@id=\"__button337\"]"}
RESULT: {"using":"xpath","value":"//*[@id=\"__button337\"]"}
COMMAND: POST /session/8710bc86126986cf02bb1d50a5f31e3a/elements - {"using":"xpath","value":"//*[@id=\"__button337\"]"}
RESULT: {"using":"xpath","value":"//*[@id=\"__button337\"]"}
COMMAND: POST /session/8710bc86126986cf02bb1d50a5f31e3a/elements - {"using":"xpath","value":"//*[@id=\"__button337\"]"}
RESULT: {"using":"xpath","value":"//*[@id=\"__button337\"]"}
COMMAND: POST /session/8710bc86126986cf02bb1d50a5f31e3a/elements - {"using":"xpath","value":"//*[@id=\"__button337\"]"}
RESULT: {"using":"xpath","value":"//*[@id=\"__button337\"]"}
COMMAND: POST /session/8710bc86126986cf02bb1d50a5f31e3a/elements - {"using":"xpath","value":"//*[@id=\"__button337\"]"}
RESULT: {"using":"xpath","value":"//*[@id=\"__button337\"]"}
COMMAND: POST /session/8710bc86126986cf02bb1d50a5f31e3a/elements - {"using":"xpath","value":"//*[@id=\"__button337\"]"}
RESULT: {"using":"xpath","value":"//*[@id=\"__button337\"]"}
COMMAND: POST /session/8710bc86126986cf02bb1d50a5f31e3a/elements - {"using":"xpath","value":"//*[@id=\"__button337\"]"}
RESULT: {"using":"xpath","value":"//*[@id=\"__button337\"]"}
COMMAND: POST /session/8710bc86126986cf02bb1d50a5f31e3a/elements - {"using":"xpath","value":"//*[@id=\"__button337\"]"}
RESULT: {"using":"xpath","value":"//*[@id=\"__button337\"]"}
COMMAND: POST /session/8710bc86126986cf02bb1d50a5f31e3a/elements - {"using":"xpath","value":"//*[@id=\"__button337\"]"}
RESULT: {"using":"xpath","value":"//*[@id=\"__button337\"]"}
COMMAND: POST /session/8710bc86126986cf02bb1d50a5f31e3a/elements - {"using":"xpath","value":"//*[@id=\"__button337\"]"}
RESULT: {"using":"xpath","value":"//*[@id=\"__button337\"]"}
COMMAND: POST /session/8710bc86126986cf02bb1d50a5f31e3a/elements - {"using":"xpath","value":"//*[@id=\"__button337\"]"}
RESULT: {"using":"xpath","value":"//*[@id=\"__button337\"]"}
COMMAND: POST /session/8710bc86126986cf02bb1d50a5f31e3a/elements - {"using":"xpath","value":"//*[@id=\"__button337\"]"}
RESULT: {"using":"xpath","value":"//*[@id=\"__button337\"]"}
COMMAND: POST /session/8710bc86126986cf02bb1d50a5f31e3a/elements - {"using":"xpath","value":"//*[@id=\"__button337\"]"}
RESULT: {"using":"xpath","value":"//*[@id=\"__button337\"]"}
COMMAND: POST /session/8710bc86126986cf02bb1d50a5f31e3a/elements - {"using":"xpath","value":"//*[@id=\"__button337\"]"}
RESULT: {"using":"xpath","value":"//*[@id=\"__button337\"]"}
COMMAND: POST /session/8710bc86126986cf02bb1d50a5f31e3a/elements - {"using":"xpath","value":"//*[@id=\"__button337\"]"}
RESULT: {"using":"xpath","value":"//*[@id=\"__button337\"]"}
COMMAND: POST /session/8710bc86126986cf02bb1d50a5f31e3a/elements - {"using":"xpath","value":"//*[@id=\"__button337\"]"}
RESULT: {"using":"xpath","value":"//*[@id=\"__button337\"]"}
COMMAND: POST /session/8710bc86126986cf02bb1d50a5f31e3a/elements - {"using":"xpath","value":"//*[@id=\"__button337\"]"}
RESULT: {"using":"xpath","value":"//*[@id=\"__button337\"]"}
COMMAND: POST /session/8710bc86126986cf02bb1d50a5f31e3a/elements - {"using":"xpath","value":"//*[@id=\"__button337\"]"}
RESULT: {"using":"xpath","value":"//*[@id=\"__button337\"]"}
COMMAND: POST /session/8710bc86126986cf02bb1d50a5f31e3a/elements - {"using":"xpath","value":"//*[@id=\"__button337\"]"}
RESULT: {"using":"xpath","value":"//*[@id=\"__button337\"]"}
COMMAND: POST /session/8710bc86126986cf02bb1d50a5f31e3a/elements - {"using":"xpath","value":"//*[@id=\"__button337\"]"}
RESULT: {"using":"xpath","value":"//*[@id=\"__button337\"]"}
COMMAND: POST /session/8710bc86126986cf02bb1d50a5f31e3a/elements - {"using":"xpath","value":"//*[@id=\"__button337\"]"}
RESULT: {"using":"xpath","value":"//*[@id=\"__button337\"]"}
COMMAND: POST /session/8710bc86126986cf02bb1d50a5f31e3a/elements - {"using":"xpath","value":"//*[@id=\"__button337\"]"}
RESULT: {"using":"xpath","value":"//*[@id=\"__button337\"]"}
COMMAND: POST /session/8710bc86126986cf02bb1d50a5f31e3a/elements - {"using":"xpath","value":"//*[@id=\"__button337\"]"}
RESULT: {"using":"xpath","value":"//*[@id=\"__button337\"]"}
COMMAND: POST /session/8710bc86126986cf02bb1d50a5f31e3a/elements - {"using":"xpath","value":"//*[@id=\"__button337\"]"}
RESULT: {"using":"xpath","value":"//*[@id=\"__button337\"]"}
COMMAND: POST /session/8710bc86126986cf02bb1d50a5f31e3a/elements - {"using":"xpath","value":"//*[@id=\"__button337\"]"}
RESULT: {"using":"xpath","value":"//*[@id=\"__button337\"]"}
COMMAND: POST /session/8710bc86126986cf02bb1d50a5f31e3a/elements - {"using":"xpath","value":"//*[@id=\"__button337\"]"}
RESULT: {"using":"xpath","value":"//*[@id=\"__button337\"]"}
COMMAND: POST /session/8710bc86126986cf02bb1d50a5f31e3a/elements - {"using":"xpath","value":"//*[@id=\"__button337\"]"}
RESULT: {"using":"xpath","value":"//*[@id=\"__button337\"]"}
COMMAND: POST /session/8710bc86126986cf02bb1d50a5f31e3a/elements - {"using":"xpath","value":"//*[@id=\"__button337\"]"}
RESULT: {"using":"xpath","value":"//*[@id=\"__button337\"]"}
COMMAND: POST /session/8710bc86126986cf02bb1d50a5f31e3a/elements - {"using":"xpath","value":"//*[@id=\"__button337\"]"}
RESULT: {"using":"xpath","value":"//*[@id=\"__button337\"]"}
COMMAND: POST /session/8710bc86126986cf02bb1d50a5f31e3a/elements - {"using":"xpath","value":"//*[@id=\"__button337\"]"}
RESULT: {"using":"xpath","value":"//*[@id=\"__button337\"]"}
COMMAND: POST /session/8710bc86126986cf02bb1d50a5f31e3a/elements - {"using":"xpath","value":"//*[@id=\"__button337\"]"}
RESULT: {"using":"xpath","value":"//*[@id=\"__button337\"]"}
COMMAND: POST /session/8710bc86126986cf02bb1d50a5f31e3a/elements - {"using":"xpath","value":"//*[@id=\"__button337\"]"}
RESULT: {"using":"xpath","value":"//*[@id=\"__button337\"]"}
COMMAND: POST /session/8710bc86126986cf02bb1d50a5f31e3a/elements - {"using":"xpath","value":"//*[@id=\"__button337\"]"}
RESULT: {"using":"xpath","value":"//*[@id=\"__button337\"]"}
COMMAND: POST /session/8710bc86126986cf02bb1d50a5f31e3a/elements - {"using":"xpath","value":"//*[@id=\"__button337\"]"}
RESULT: {"using":"xpath","value":"//*[@id=\"__button337\"]"}
COMMAND: POST /session/8710bc86126986cf02bb1d50a5f31e3a/elements - {"using":"xpath","value":"//*[@id=\"__button337\"]"}
RESULT: {"using":"xpath","value":"//*[@id=\"__button337\"]"}
COMMAND: POST /session/8710bc86126986cf02bb1d50a5f31e3a/elements - {"using":"xpath","value":"//*[@id=\"__button337\"]"}
RESULT: {"using":"xpath","value":"//*[@id=\"__button337\"]"}
COMMAND: POST /session/8710bc86126986cf02bb1d50a5f31e3a/elements - {"using":"xpath","value":"//*[@id=\"__button337\"]"}
RESULT: {"using":"xpath","value":"//*[@id=\"__button337\"]"}
COMMAND: POST /session/8710bc86126986cf02bb1d50a5f31e3a/elements - {"using":"xpath","value":"//*[@id=\"__button337\"]"}
RESULT: {"using":"xpath","value":"//*[@id=\"__button337\"]"}
COMMAND: POST /session/8710bc86126986cf02bb1d50a5f31e3a/elements - {"using":"xpath","value":"//*[@id=\"__button337\"]"}
RESULT: {"using":"xpath","value":"//*[@id=\"__button337\"]"}
COMMAND: POST /session/8710bc86126986cf02bb1d50a5f31e3a/elements - {"using":"xpath","value":"//*[@id=\"__button337\"]"}
RESULT: {"using":"xpath","value":"//*[@id=\"__button337\"]"}
COMMAND: POST /session/8710bc86126986cf02bb1d50a5f31e3a/elements - {"using":"xpath","value":"//*[@id=\"__button337\"]"}
RESULT: {"using":"xpath","value":"//*[@id=\"__button337\"]"}
COMMAND: POST /session/8710bc86126986cf02bb1d50a5f31e3a/elements - {"using":"xpath","value":"//*[@id=\"__button337\"]"}
RESULT: {"using":"xpath","value":"//*[@id=\"__button337\"]"}
COMMAND: POST /session/8710bc86126986cf02bb1d50a5f31e3a/elements - {"using":"xpath","value":"//*[@id=\"__button337\"]"}
RESULT: {"using":"xpath","value":"//*[@id=\"__button337\"]"}
COMMAND: POST /session/8710bc86126986cf02bb1d50a5f31e3a/elements - {"using":"xpath","value":"//*[@id=\"__button337\"]"}
RESULT: {"using":"xpath","value":"//*[@id=\"__button337\"]"}
COMMAND: POST /session/8710bc86126986cf02bb1d50a5f31e3a/elements - {"using":"xpath","value":"//*[@id=\"__button337\"]"}
RESULT: {"using":"xpath","value":"//*[@id=\"__button337\"]"}
COMMAND: POST /session/8710bc86126986cf02bb1d50a5f31e3a/elements - {"using":"xpath","value":"//*[@id=\"__button337\"]"}
RESULT: {"using":"xpath","value":"//*[@id=\"__button337\"]"}
COMMAND: POST /session/8710bc86126986cf02bb1d50a5f31e3a/elements - {"using":"xpath","value":"//*[@id=\"__button337\"]"}
RESULT: {"using":"xpath","value":"//*[@id=\"__button337\"]"}
COMMAND: POST /session/8710bc86126986cf02bb1d50a5f31e3a/elements - {"using":"xpath","value":"//*[@id=\"__button337\"]"}
RESULT: {"using":"xpath","value":"//*[@id=\"__button337\"]"}
COMMAND: POST /session/8710bc86126986cf02bb1d50a5f31e3a/element - {"using":"css selector","value":"#shell-header-logo"}
RESULT: {"using":"css selector","value":"#shell-header-logo"}
COMMAND: POST /session/8710bc86126986cf02bb1d50a5f31e3a/execute/sync - {"script":"<script> [8489 bytes]","args":[{"element-6066-11e4-a52e-4f735466cecf":"f.4F28C2583BB65896889CB8FD582548C6.d.F1954DF699070F28B8A706C165CCC40A.e.15953","ELEMENT":"f.4F28C2583BB65896889CB8FD582548C6.d.F1954DF699070F28B8A706C165CCC40A.e.15953"}]}
RESULT: {"script":"<script> [8489 bytes]","args":[{"element-6066-11e4-a52e-4f735466cecf":"f.4F28C2583BB65896889CB8FD582548C6.d.F1954DF699070F28B8A706C165CCC40A.e.15953","ELEMENT":"f.4F28C2583BB65896889CB8FD582548C6.d.F1954DF699070F28B8A706C165CCC40A.e.15953"}]}
COMMAND: POST /session/8710bc86126986cf02bb1d50a5f31e3a/execute/sync - {"script":"<script> [5351 bytes]","args":[{"element-6066-11e4-a52e-4f735466cecf":"f.4F28C2583BB65896889CB8FD582548C6.d.F1954DF699070F28B8A706C165CCC40A.e.15953","ELEMENT":"f.4F28C2583BB65896889CB8FD582548C6.d.F1954DF699070F28B8A706C165CCC40A.e.15953"}]}
COMMAND: GET /session/8710bc86126986cf02bb1d50a5f31e3a/screenshot - {}
RESULT: {"script":"<script> [5351 bytes]","args":[{"element-6066-11e4-a52e-4f735466cecf":"f.4F28C2583BB65896889CB8FD582548C6.d.F1954DF699070F28B8A706C165CCC40A.e.15953","ELEMENT":"f.4F28C2583BB65896889CB8FD582548C6.d.F1954DF699070F28B8A706C165CCC40A.e.15953"}]}
COMMAND: POST /session/8710bc86126986cf02bb1d50a5f31e3a/element/f.4F28C2583BB65896889CB8FD582548C6.d.F1954DF699070F28B8A706C165CCC40A.e.15953/click - {}
COMMAND: GET /session/8710bc86126986cf02bb1d50a5f31e3a/screenshot - {}
RESULT: {}
RESULT: {}
]]></system-out>
    </testcase>
    <testcase classname="chrome.136_0_7103_93.windows.Performance_based_billing_(work_days)_US139742" name="Should go to Manage Billings and trigger calculation check the conditions applied" time="72.44">
      <system-out><![CDATA[
COMMAND: POST /session/8710bc86126986cf02bb1d50a5f31e3a/execute/async - {"script":"<script> [1562 bytes]","args":[{"selector":{"controlType":"sap.m.GenericTile","properties":{"header":"Manage Billings"}},"wdio_ui5_key":"sapm.GenericTile{\"header\":\"Manage Billings\"}"}]}
COMMAND: GET /session/8710bc86126986cf02bb1d50a5f31e3a/screenshot - {}
RESULT: {}
RESULT: {"script":"<script> [1562 bytes]","args":[{"selector":{"controlType":"sap.m.GenericTile","properties":{"header":"Manage Billings"}},"wdio_ui5_key":"sapm.GenericTile{\"header\":\"Manage Billings\"}"}]}
RESULT: undefined
COMMAND: POST /session/8710bc86126986cf02bb1d50a5f31e3a/element - {"using":"xpath","value":"//*[@id=\"__tile51\"]"}
RESULT: {}
RESULT: {"using":"xpath","value":"//*[@id=\"__tile51\"]"}
COMMAND: POST /session/8710bc86126986cf02bb1d50a5f31e3a/element/f.4F28C2583BB65896889CB8FD582548C6.d.F1954DF699070F28B8A706C165CCC40A.e.12577/click - {}
RESULT: {}
COMMAND: GET /session/8710bc86126986cf02bb1d50a5f31e3a/screenshot - {}
COMMAND: POST /session/8710bc86126986cf02bb1d50a5f31e3a/elements - {"using":"xpath","value":"//span[text()='Error']"}
RESULT: {}
RESULT: {"using":"xpath","value":"//span[text()='Error']"}
COMMAND: POST /session/8710bc86126986cf02bb1d50a5f31e3a/execute/async - {"script":"<script> [1562 bytes]","args":[{"selector":{"id":"application-managebillings-display-component---billRunCalcResult--smartFilterBar-btnBasicSearch","interaction":{"idSuffix":"I"}},"wdio_ui5_key":"applicationmanagebillings-display-component---billRunCalcResult--smartFilterBar-btnBasicSearch"}]}
RESULT: {"script":"<script> [1562 bytes]","args":[{"selector":{"id":"application-managebillings-display-component---billRunCalcResult--smartFilterBar-btnBasicSearch","interaction":{"idSuffix":"I"}},"wdio_ui5_key":"applicationmanagebillings-display-component---billRunCalcResult--smartFilterBar-btnBasicSearch"}]}
RESULT: undefined
COMMAND: POST /session/8710bc86126986cf02bb1d50a5f31e3a/execute/async - {"script":"<script> [776 bytes]","args":[{"enterText":"10507","selector":{"id":"application-managebillings-display-component---billRunCalcResult--smartFilterBar-btnBasicSearch","interaction":{"idSuffix":"I"}},"clearTextFirst":true,"interactionType":"ENTER_TEXT"}]}
RESULT: {"script":"<script> [776 bytes]","args":[{"enterText":"10507","selector":{"id":"application-managebillings-display-component---billRunCalcResult--smartFilterBar-btnBasicSearch","interaction":{"idSuffix":"I"}},"clearTextFirst":true,"interactionType":"ENTER_TEXT"}]}
COMMAND: POST /session/8710bc86126986cf02bb1d50a5f31e3a/actions - {"actions":[{"id":"action64","type":"key","parameters":{},"actions":[{"type":"keyDown","value":""},{"type":"pause","duration":10},{"type":"keyUp","value":""}]}]}
RESULT: {"actions":[{"id":"action64","type":"key","parameters":{},"actions":[{"type":"keyDown","value":""},{"type":"pause","duration":10},{"type":"keyUp","value":""}]}]}
COMMAND: GET /session/8710bc86126986cf02bb1d50a5f31e3a/screenshot - {}
RESULT: {}
COMMAND: POST /session/8710bc86126986cf02bb1d50a5f31e3a/element - {"using":"xpath","value":"//td[@aria-colindex=\"1\"]/div/div[contains(@class, \"sapMCbBg\")]"}
RESULT: {"using":"xpath","value":"//td[@aria-colindex=\"1\"]/div/div[contains(@class, \"sapMCbBg\")]"}
COMMAND: POST /session/8710bc86126986cf02bb1d50a5f31e3a/element/f.4F28C2583BB65896889CB8FD582548C6.d.F1954DF699070F28B8A706C165CCC40A.e.16355/click - {}
RESULT: {}
COMMAND: GET /session/8710bc86126986cf02bb1d50a5f31e3a/screenshot - {}
RESULT: {}
COMMAND: POST /session/8710bc86126986cf02bb1d50a5f31e3a/execute/async - {"script":"<script> [1562 bytes]","args":[{"selector":{"id":"application-managebillings-display-component---billRunCalcResult--contractBillRunDate","interaction":{"idSuffix":"inner"}},"wdio_ui5_key":"applicationmanagebillings-display-component---billRunCalcResult--contractBillRunDate"}]}
RESULT: {"script":"<script> [1562 bytes]","args":[{"selector":{"id":"application-managebillings-display-component---billRunCalcResult--contractBillRunDate","interaction":{"idSuffix":"inner"}},"wdio_ui5_key":"applicationmanagebillings-display-component---billRunCalcResult--contractBillRunDate"}]}
RESULT: undefined
COMMAND: POST /session/8710bc86126986cf02bb1d50a5f31e3a/execute/async - {"script":"<script> [776 bytes]","args":[{"enterText":"6/22/25","selector":{"id":"application-managebillings-display-component---billRunCalcResult--contractBillRunDate","interaction":{"idSuffix":"inner"}},"clearTextFirst":true,"interactionType":"ENTER_TEXT"}]}
RESULT: {"script":"<script> [776 bytes]","args":[{"enterText":"6/22/25","selector":{"id":"application-managebillings-display-component---billRunCalcResult--contractBillRunDate","interaction":{"idSuffix":"inner"}},"clearTextFirst":true,"interactionType":"ENTER_TEXT"}]}
COMMAND: POST /session/8710bc86126986cf02bb1d50a5f31e3a/element - {"using":"xpath","value":"//bdi[contains(text(), \"Trigger Calculation\")]"}
RESULT: {"using":"xpath","value":"//bdi[contains(text(), \"Trigger Calculation\")]"}
COMMAND: POST /session/8710bc86126986cf02bb1d50a5f31e3a/element/f.4F28C2583BB65896889CB8FD582548C6.d.F1954DF699070F28B8A706C165CCC40A.e.16405/click - {}
RESULT: {}
COMMAND: GET /session/8710bc86126986cf02bb1d50a5f31e3a/screenshot - {}
RESULT: {}
COMMAND: POST /session/8710bc86126986cf02bb1d50a5f31e3a/element - {"using":"xpath","value":"(//span[contains(@id, \"imgNav\")])[1]"}
RESULT: {"using":"xpath","value":"(//span[contains(@id, \"imgNav\")])[1]"}
COMMAND: POST /session/8710bc86126986cf02bb1d50a5f31e3a/element/f.4F28C2583BB65896889CB8FD582548C6.d.F1954DF699070F28B8A706C165CCC40A.e.16356/click - {}
RESULT: {}
COMMAND: GET /session/8710bc86126986cf02bb1d50a5f31e3a/screenshot - {}
RESULT: {}
COMMAND: POST /session/8710bc86126986cf02bb1d50a5f31e3a/element - {"using":"xpath","value":"//tr/td[6]/div[1]/span[1]/span[1]"}
RESULT: {"using":"xpath","value":"//tr/td[6]/div[1]/span[1]/span[1]"}
COMMAND: GET /session/8710bc86126986cf02bb1d50a5f31e3a/element/f.4F28C2583BB65896889CB8FD582548C6.d.F1954DF699070F28B8A706C165CCC40A.e.16410/text - {}
RESULT: {}
COMMAND: POST /session/8710bc86126986cf02bb1d50a5f31e3a/element - {"using":"xpath","value":"(//span[contains(@id, \"imgNav\")])[2]"}
RESULT: {"using":"xpath","value":"(//span[contains(@id, \"imgNav\")])[2]"}
COMMAND: POST /session/8710bc86126986cf02bb1d50a5f31e3a/element/f.4F28C2583BB65896889CB8FD582548C6.d.F1954DF699070F28B8A706C165CCC40A.e.16411/click - {}
RESULT: {}
COMMAND: POST /session/8710bc86126986cf02bb1d50a5f31e3a/element - {"using":"xpath","value":"//bdi[contains(text(), \"Business Confirm\")]"}
COMMAND: GET /session/8710bc86126986cf02bb1d50a5f31e3a/screenshot - {}
RESULT: {"using":"xpath","value":"//bdi[contains(text(), \"Business Confirm\")]"}
COMMAND: POST /session/8710bc86126986cf02bb1d50a5f31e3a/elements - {"using":"xpath","value":"//bdi[contains(text(), \"Business Confirm\")]"}
RESULT: {}
RESULT: {"using":"xpath","value":"//bdi[contains(text(), \"Business Confirm\")]"}
COMMAND: POST /session/8710bc86126986cf02bb1d50a5f31e3a/element - {"using":"xpath","value":"//bdi[contains(text(), \"Business Confirm\")]"}
RESULT: {"using":"xpath","value":"//bdi[contains(text(), \"Business Confirm\")]"}
COMMAND: POST /session/8710bc86126986cf02bb1d50a5f31e3a/element/f.4F28C2583BB65896889CB8FD582548C6.d.F1954DF699070F28B8A706C165CCC40A.e.16414/click - {}
COMMAND: POST /session/8710bc86126986cf02bb1d50a5f31e3a/element - {"using":"xpath","value":"//bdi[contains(text(), \"Business Confirm\")]"}
RESULT: {"using":"xpath","value":"//bdi[contains(text(), \"Business Confirm\")]"}
COMMAND: POST /session/8710bc86126986cf02bb1d50a5f31e3a/element/f.4F28C2583BB65896889CB8FD582548C6.d.F1954DF699070F28B8A706C165CCC40A.e.16414/click - {}
COMMAND: POST /session/8710bc86126986cf02bb1d50a5f31e3a/element - {"using":"xpath","value":"//bdi[contains(text(), \"Business Confirm\")]"}
RESULT: {"using":"xpath","value":"//bdi[contains(text(), \"Business Confirm\")]"}
COMMAND: POST /session/8710bc86126986cf02bb1d50a5f31e3a/element/f.4F28C2583BB65896889CB8FD582548C6.d.F1954DF699070F28B8A706C165CCC40A.e.16479/click - {}
RESULT: {}
COMMAND: POST /session/8710bc86126986cf02bb1d50a5f31e3a/element - {"using":"css selector","value":"#shell-header-logo"}
COMMAND: GET /session/8710bc86126986cf02bb1d50a5f31e3a/screenshot - {}
RESULT: {"using":"css selector","value":"#shell-header-logo"}
COMMAND: POST /session/8710bc86126986cf02bb1d50a5f31e3a/element/f.4F28C2583BB65896889CB8FD582548C6.d.F1954DF699070F28B8A706C165CCC40A.e.16147/click - {}
RESULT: {}
RESULT: {}
COMMAND: GET /session/8710bc86126986cf02bb1d50a5f31e3a/screenshot - {}
RESULT: {}
COMMAND: POST /session/8710bc86126986cf02bb1d50a5f31e3a/element - {"using":"css selector","value":"#j_username"}
COMMAND: POST /session/8710bc86126986cf02bb1d50a5f31e3a/url - {"url":"https://qa-testing-00-live-etm-ui.cfapps.eu10-004.hana.ondemand.com/"}
RESULT: {"using":"css selector","value":"#j_username"}
COMMAND: POST /session/8710bc86126986cf02bb1d50a5f31e3a/element - {"using":"css selector","value":"#j_username"}
RESULT: {"url":"https://qa-testing-00-live-etm-ui.cfapps.eu10-004.hana.ondemand.com/"}
RESULT: undefined
COMMAND: GET /session/8710bc86126986cf02bb1d50a5f31e3a/screenshot - {}
RESULT: {"using":"css selector","value":"#j_username"}
COMMAND: POST /session/8710bc86126986cf02bb1d50a5f31e3a/element - {"using":"css selector","value":"#shell-header-logo"}
RESULT: {}
RESULT: {"using":"css selector","value":"#shell-header-logo"}
COMMAND: POST /session/8710bc86126986cf02bb1d50a5f31e3a/execute/sync - {"script":"<script> [8489 bytes]","args":[{"element-6066-11e4-a52e-4f735466cecf":"f.4F28C2583BB65896889CB8FD582548C6.d.EAEFB07C6424CD50BBA4E9CD86AD4990.e.16501","ELEMENT":"f.4F28C2583BB65896889CB8FD582548C6.d.EAEFB07C6424CD50BBA4E9CD86AD4990.e.16501"}]}
RESULT: {"script":"<script> [8489 bytes]","args":[{"element-6066-11e4-a52e-4f735466cecf":"f.4F28C2583BB65896889CB8FD582548C6.d.EAEFB07C6424CD50BBA4E9CD86AD4990.e.16501","ELEMENT":"f.4F28C2583BB65896889CB8FD582548C6.d.EAEFB07C6424CD50BBA4E9CD86AD4990.e.16501"}]}
COMMAND: POST /session/8710bc86126986cf02bb1d50a5f31e3a/element - {"using":"css selector","value":"#shell-header-logo"}
COMMAND: GET /session/8710bc86126986cf02bb1d50a5f31e3a/screenshot - {}
RESULT: {"using":"css selector","value":"#shell-header-logo"}
COMMAND: POST /session/8710bc86126986cf02bb1d50a5f31e3a/execute/sync - {"script":"<script> [8489 bytes]","args":[{"element-6066-11e4-a52e-4f735466cecf":"f.4F28C2583BB65896889CB8FD582548C6.d.EAEFB07C6424CD50BBA4E9CD86AD4990.e.16501","ELEMENT":"f.4F28C2583BB65896889CB8FD582548C6.d.EAEFB07C6424CD50BBA4E9CD86AD4990.e.16501"}]}
RESULT: {}
RESULT: {"script":"<script> [8489 bytes]","args":[{"element-6066-11e4-a52e-4f735466cecf":"f.4F28C2583BB65896889CB8FD582548C6.d.EAEFB07C6424CD50BBA4E9CD86AD4990.e.16501","ELEMENT":"f.4F28C2583BB65896889CB8FD582548C6.d.EAEFB07C6424CD50BBA4E9CD86AD4990.e.16501"}]}
COMMAND: POST /session/8710bc86126986cf02bb1d50a5f31e3a/execute/sync - {"script":"<script> [5351 bytes]","args":[{"element-6066-11e4-a52e-4f735466cecf":"f.4F28C2583BB65896889CB8FD582548C6.d.EAEFB07C6424CD50BBA4E9CD86AD4990.e.16501","ELEMENT":"f.4F28C2583BB65896889CB8FD582548C6.d.EAEFB07C6424CD50BBA4E9CD86AD4990.e.16501"}]}
COMMAND: GET /session/8710bc86126986cf02bb1d50a5f31e3a/screenshot - {}
RESULT: {"script":"<script> [5351 bytes]","args":[{"element-6066-11e4-a52e-4f735466cecf":"f.4F28C2583BB65896889CB8FD582548C6.d.EAEFB07C6424CD50BBA4E9CD86AD4990.e.16501","ELEMENT":"f.4F28C2583BB65896889CB8FD582548C6.d.EAEFB07C6424CD50BBA4E9CD86AD4990.e.16501"}]}
COMMAND: POST /session/8710bc86126986cf02bb1d50a5f31e3a/element - {"using":"css selector","value":"#shell-header-logo"}
COMMAND: GET /session/8710bc86126986cf02bb1d50a5f31e3a/screenshot - {}
RESULT: {}
RESULT: {"using":"css selector","value":"#shell-header-logo"}
COMMAND: POST /session/8710bc86126986cf02bb1d50a5f31e3a/element/f.4F28C2583BB65896889CB8FD582548C6.d.EAEFB07C6424CD50BBA4E9CD86AD4990.e.16501/click - {}
RESULT: {}
RESULT: {}
COMMAND: GET /session/8710bc86126986cf02bb1d50a5f31e3a/screenshot - {}
RESULT: {}
COMMAND: POST /session/8710bc86126986cf02bb1d50a5f31e3a/execute/async - {"script":"<script> [189 bytes]","args":[]}
RESULT: {"script":"<script> [189 bytes]","args":[]}
COMMAND: POST /session/8710bc86126986cf02bb1d50a5f31e3a/execute/async - {"script":"<script> [123 bytes]","args":[]}
RESULT: {"script":"<script> [123 bytes]","args":[]}
COMMAND: POST /session/8710bc86126986cf02bb1d50a5f31e3a/timeouts - {"script":"<number>"}
RESULT: {"script":"<number>"}
COMMAND: GET /session/8710bc86126986cf02bb1d50a5f31e3a/timeouts - {}
RESULT: {}
RESULT: undefined
COMMAND: POST /session/8710bc86126986cf02bb1d50a5f31e3a/execute/async - {"script":"<script> [2676 bytes]","args":[]}
RESULT: {"script":"<script> [2676 bytes]","args":[]}
COMMAND: POST /session/8710bc86126986cf02bb1d50a5f31e3a/execute/async - {"script":"<script> [2342 bytes]","args":[{"protocol":"http","hostname":"0.0.0.0","path":"/","capabilities":{"browserName":"chrome","goog:chromeOptions":{"binary":"C:\\Program Files\\Google\\Chrome\\Application\\chrome.exe","args":["--start-maximized"]}},"logLevel":"warn","connectionRetryTimeout":120000,"connectionRetryCount":3,"logLevels":{},"enableDirectConnect":true,"strictSSL":true,"_":"65 more keys: [\"cacheDir\",\"port\",\"requestedCapabilities\",\"automationProtocol\",\"baseUrl\",\"waitforInterval\",\"waitforTimeout\",\"onReload\",\"beforeCommand\",\"afterCommand\",\"rootDir\",\"specs\",\"suites\",\"exclude\",\"groupLogsByTestSpec\",\"excludeDriverLogs\",\"bail\",\"framework\",\"reporters\",\"services\",\"maxInstances\",\"maxInstancesPerCapability\",\"injectGlobals\",\"filesToWatch\",\"execArgv\",\"runnerEnv\",\"runner\",\"shard\",\"specFileRetries\",\"specFileRetriesDelay\",\"specFileRetriesDeferred\",\"reporterSyncInterval\",\"reporterSyncTimeout\",\"cucumberFeaturesWithLineNumbers\",\"autoCompileOpts\",\"mochaOpts\",\"jasmineOpts\",\"cucumberOpts\",\"onPrepare\",\"onWorkerStart\",\"onWorkerEnd\",\"before\",\"beforeSession\",\"beforeSuite\",\"beforeHook\",\"beforeTest\",\"afterTest\",\"afterHook\",\"afterSuite\",\"afterSession\",\"after\",\"onComplete\",\"beforeAssertion\",\"afterAssertion\",\"beforeFeature\",\"beforeScenario\",\"beforeStep\",\"afterStep\",\"afterScenario\",\"afterFeature\",\"_\",\"suite\",\"$0\",\"ignoredWorkerServices\",\"wdi5\"]"}]}
RESULT: {"script":"<script> [2342 bytes]","args":[{"protocol":"http","hostname":"0.0.0.0","path":"/","capabilities":{"browserName":"chrome","goog:chromeOptions":{"binary":"C:\\Program Files\\Google\\Chrome\\Application\\chrome.exe","args":["--start-maximized"]}},"logLevel":"warn","connectionRetryTimeout":120000,"connectionRetryCount":3,"logLevels":{},"enableDirectConnect":true,"strictSSL":true,"_":"65 more keys: [\"cacheDir\",\"port\",\"requestedCapabilities\",\"automationProtocol\",\"baseUrl\",\"waitforInterval\",\"waitforTimeout\",\"onReload\",\"beforeCommand\",\"afterCommand\",\"rootDir\",\"specs\",\"suites\",\"exclude\",\"groupLogsByTestSpec\",\"excludeDriverLogs\",\"bail\",\"framework\",\"reporters\",\"services\",\"maxInstances\",\"maxInstancesPerCapability\",\"injectGlobals\",\"filesToWatch\",\"execArgv\",\"runnerEnv\",\"runner\",\"shard\",\"specFileRetries\",\"specFileRetriesDelay\",\"specFileRetriesDeferred\",\"reporterSyncInterval\",\"reporterSyncTimeout\",\"cucumberFeaturesWithLineNumbers\",\"autoCompileOpts\",\"mochaOpts\",\"jasmineOpts\",\"cucumberOpts\",\"onPrepare\",\"onWorkerStart\",\"onWorkerEnd\",\"before\",\"beforeSession\",\"beforeSuite\",\"beforeHook\",\"beforeTest\",\"afterTest\",\"afterHook\",\"afterSuite\",\"afterSession\",\"after\",\"onComplete\",\"beforeAssertion\",\"afterAssertion\",\"beforeFeature\",\"beforeScenario\",\"beforeStep\",\"afterStep\",\"afterScenario\",\"afterFeature\",\"_\",\"suite\",\"$0\",\"ignoredWorkerServices\",\"wdi5\"]"}]}
COMMAND: POST /session/8710bc86126986cf02bb1d50a5f31e3a/execute/async - {"script":"<script> [21126 bytes]","args":[35000]}
RESULT: {"script":"<script> [21126 bytes]","args":[35000]}
COMMAND: POST /session/8710bc86126986cf02bb1d50a5f31e3a/window/maximize - {}
RESULT: {}
COMMAND: POST /session/8710bc86126986cf02bb1d50a5f31e3a/execute/async - {"script":"<script> [1562 bytes]","args":[{"selector":{"id":"shell-header","interaction":{"idSuffix":"icon"}},"wdio_ui5_key":"shellheader"}]}
COMMAND: GET /session/8710bc86126986cf02bb1d50a5f31e3a/screenshot - {}
RESULT: {"script":"<script> [1562 bytes]","args":[{"selector":{"id":"shell-header","interaction":{"idSuffix":"icon"}},"wdio_ui5_key":"shellheader"}]}
RESULT: undefined
COMMAND: POST /session/8710bc86126986cf02bb1d50a5f31e3a/refresh - {}
RESULT: {}
RESULT: {}
COMMAND: GET /session/8710bc86126986cf02bb1d50a5f31e3a/screenshot - {}
RESULT: {}
COMMAND: POST /session/8710bc86126986cf02bb1d50a5f31e3a/refresh - {}
RESULT: {}
COMMAND: GET /session/8710bc86126986cf02bb1d50a5f31e3a/screenshot - {}
RESULT: {}
COMMAND: POST /session/8710bc86126986cf02bb1d50a5f31e3a/window/fullscreen - {}
RESULT: {}
COMMAND: POST /session/8710bc86126986cf02bb1d50a5f31e3a/execute/async - {"script":"<script> [189 bytes]","args":[]}
RESULT: {"script":"<script> [189 bytes]","args":[]}
COMMAND: POST /session/8710bc86126986cf02bb1d50a5f31e3a/execute/async - {"script":"<script> [123 bytes]","args":[]}
RESULT: {"script":"<script> [123 bytes]","args":[]}
COMMAND: POST /session/8710bc86126986cf02bb1d50a5f31e3a/timeouts - {"script":"<number>"}
RESULT: {"script":"<number>"}
COMMAND: GET /session/8710bc86126986cf02bb1d50a5f31e3a/timeouts - {}
RESULT: {}
RESULT: undefined
COMMAND: POST /session/8710bc86126986cf02bb1d50a5f31e3a/execute/async - {"script":"<script> [2676 bytes]","args":[]}
RESULT: {"script":"<script> [2676 bytes]","args":[]}
COMMAND: POST /session/8710bc86126986cf02bb1d50a5f31e3a/execute/async - {"script":"<script> [2342 bytes]","args":[{"protocol":"http","hostname":"0.0.0.0","path":"/","capabilities":{"browserName":"chrome","goog:chromeOptions":{"binary":"C:\\Program Files\\Google\\Chrome\\Application\\chrome.exe","args":["--start-maximized"]}},"logLevel":"warn","connectionRetryTimeout":120000,"connectionRetryCount":3,"logLevels":{},"enableDirectConnect":true,"strictSSL":true,"_":"65 more keys: [\"cacheDir\",\"port\",\"requestedCapabilities\",\"automationProtocol\",\"baseUrl\",\"waitforInterval\",\"waitforTimeout\",\"onReload\",\"beforeCommand\",\"afterCommand\",\"rootDir\",\"specs\",\"suites\",\"exclude\",\"groupLogsByTestSpec\",\"excludeDriverLogs\",\"bail\",\"framework\",\"reporters\",\"services\",\"maxInstances\",\"maxInstancesPerCapability\",\"injectGlobals\",\"filesToWatch\",\"execArgv\",\"runnerEnv\",\"runner\",\"shard\",\"specFileRetries\",\"specFileRetriesDelay\",\"specFileRetriesDeferred\",\"reporterSyncInterval\",\"reporterSyncTimeout\",\"cucumberFeaturesWithLineNumbers\",\"autoCompileOpts\",\"mochaOpts\",\"jasmineOpts\",\"cucumberOpts\",\"onPrepare\",\"onWorkerStart\",\"onWorkerEnd\",\"before\",\"beforeSession\",\"beforeSuite\",\"beforeHook\",\"beforeTest\",\"afterTest\",\"afterHook\",\"afterSuite\",\"afterSession\",\"after\",\"onComplete\",\"beforeAssertion\",\"afterAssertion\",\"beforeFeature\",\"beforeScenario\",\"beforeStep\",\"afterStep\",\"afterScenario\",\"afterFeature\",\"_\",\"suite\",\"$0\",\"ignoredWorkerServices\",\"wdi5\"]"}]}
RESULT: {"script":"<script> [2342 bytes]","args":[{"protocol":"http","hostname":"0.0.0.0","path":"/","capabilities":{"browserName":"chrome","goog:chromeOptions":{"binary":"C:\\Program Files\\Google\\Chrome\\Application\\chrome.exe","args":["--start-maximized"]}},"logLevel":"warn","connectionRetryTimeout":120000,"connectionRetryCount":3,"logLevels":{},"enableDirectConnect":true,"strictSSL":true,"_":"65 more keys: [\"cacheDir\",\"port\",\"requestedCapabilities\",\"automationProtocol\",\"baseUrl\",\"waitforInterval\",\"waitforTimeout\",\"onReload\",\"beforeCommand\",\"afterCommand\",\"rootDir\",\"specs\",\"suites\",\"exclude\",\"groupLogsByTestSpec\",\"excludeDriverLogs\",\"bail\",\"framework\",\"reporters\",\"services\",\"maxInstances\",\"maxInstancesPerCapability\",\"injectGlobals\",\"filesToWatch\",\"execArgv\",\"runnerEnv\",\"runner\",\"shard\",\"specFileRetries\",\"specFileRetriesDelay\",\"specFileRetriesDeferred\",\"reporterSyncInterval\",\"reporterSyncTimeout\",\"cucumberFeaturesWithLineNumbers\",\"autoCompileOpts\",\"mochaOpts\",\"jasmineOpts\",\"cucumberOpts\",\"onPrepare\",\"onWorkerStart\",\"onWorkerEnd\",\"before\",\"beforeSession\",\"beforeSuite\",\"beforeHook\",\"beforeTest\",\"afterTest\",\"afterHook\",\"afterSuite\",\"afterSession\",\"after\",\"onComplete\",\"beforeAssertion\",\"afterAssertion\",\"beforeFeature\",\"beforeScenario\",\"beforeStep\",\"afterStep\",\"afterScenario\",\"afterFeature\",\"_\",\"suite\",\"$0\",\"ignoredWorkerServices\",\"wdi5\"]"}]}
COMMAND: POST /session/8710bc86126986cf02bb1d50a5f31e3a/execute/async - {"script":"<script> [21126 bytes]","args":[35000]}
RESULT: {"script":"<script> [21126 bytes]","args":[35000]}
]]></system-out>
    </testcase>
  </testsuite>
  <testsuite timestamp="2025-05-22T18:07:50" time="1550.636" tests="20" failures="0" errors="0" skipped="0">
    <properties>
      <property name="specId" value="0"/>
      <property name="suiteName" value="Billing Calculation - Time based (considering transport times) US139738"/>
      <property name="capabilities" value="chrome.136_0_7103_93.windows"/>
      <property name="file" value="file:///D:/a/1/s/test/specs/BTS/billing-calculation-transp-times.spec.js"/>
    </properties>
    <testcase classname="chrome.136_0_7103_93.windows.Billing_Calculation_-_Time_based_(considering_transport_times)_US139738" name="Should create a new yard" time="2.704">
      <system-out><![CDATA[
COMMAND: POST /session/8710bc86126986cf02bb1d50a5f31e3a/window/fullscreen - {}
RESULT: {}
]]></system-out>
    </testcase>
    <testcase classname="chrome.136_0_7103_93.windows.Billing_Calculation_-_Time_based_(considering_transport_times)_US139738" name="Should create a new partner" time="0.004"/>
    <testcase classname="chrome.136_0_7103_93.windows.Billing_Calculation_-_Time_based_(considering_transport_times)_US139738" name="Should create a new site" time="0.004"/>
    <testcase classname="chrome.136_0_7103_93.windows.Billing_Calculation_-_Time_based_(considering_transport_times)_US139738" name="Should create the equipment" time="143.857">
      <system-out><![CDATA[
COMMAND: POST /session/8710bc86126986cf02bb1d50a5f31e3a/execute/async - {"script":"<script> [1562 bytes]","args":[{"selector":{"controlType":"sap.m.GenericTile","properties":{"header":"Manage Resources"}},"wdio_ui5_key":"sapm.GenericTile{\"header\":\"Manage Resources\"}"}]}
RESULT: {"script":"<script> [1562 bytes]","args":[{"selector":{"controlType":"sap.m.GenericTile","properties":{"header":"Manage Resources"}},"wdio_ui5_key":"sapm.GenericTile{\"header\":\"Manage Resources\"}"}]}
RESULT: undefined
COMMAND: POST /session/8710bc86126986cf02bb1d50a5f31e3a/element - {"using":"xpath","value":"//*[@id=\"__tile39\"]"}
RESULT: {"using":"xpath","value":"//*[@id=\"__tile39\"]"}
COMMAND: POST /session/8710bc86126986cf02bb1d50a5f31e3a/element/f.4F28C2583BB65896889CB8FD582548C6.d.D051710DE08B1D18447682C953AD1F9F.e.16655/click - {}
RESULT: {}
COMMAND: GET /session/8710bc86126986cf02bb1d50a5f31e3a/screenshot - {}
RESULT: {}
COMMAND: POST /session/8710bc86126986cf02bb1d50a5f31e3a/elements - {"using":"xpath","value":"//span[text()='Error']"}
RESULT: {"using":"xpath","value":"//span[text()='Error']"}
COMMAND: POST /session/8710bc86126986cf02bb1d50a5f31e3a/element - {"using":"xpath","value":"//button[@data-kt=\"addNewRUOverflowToolbarButton\"]"}
RESULT: {"using":"xpath","value":"//button[@data-kt=\"addNewRUOverflowToolbarButton\"]"}
COMMAND: POST /session/8710bc86126986cf02bb1d50a5f31e3a/elements - {"using":"xpath","value":"//button[@data-kt=\"addNewRUOverflowToolbarButton\"]"}
RESULT: {"using":"xpath","value":"//button[@data-kt=\"addNewRUOverflowToolbarButton\"]"}
COMMAND: POST /session/8710bc86126986cf02bb1d50a5f31e3a/element - {"using":"xpath","value":"//button[@data-kt=\"addNewRUOverflowToolbarButton\"]"}
RESULT: {"using":"xpath","value":"//button[@data-kt=\"addNewRUOverflowToolbarButton\"]"}
COMMAND: POST /session/8710bc86126986cf02bb1d50a5f31e3a/execute/sync - {"script":"<script> [8489 bytes]","args":[{"element-6066-11e4-a52e-4f735466cecf":"f.4F28C2583BB65896889CB8FD582548C6.d.D051710DE08B1D18447682C953AD1F9F.e.16794","ELEMENT":"f.4F28C2583BB65896889CB8FD582548C6.d.D051710DE08B1D18447682C953AD1F9F.e.16794"}]}
RESULT: {"script":"<script> [8489 bytes]","args":[{"element-6066-11e4-a52e-4f735466cecf":"f.4F28C2583BB65896889CB8FD582548C6.d.D051710DE08B1D18447682C953AD1F9F.e.16794","ELEMENT":"f.4F28C2583BB65896889CB8FD582548C6.d.D051710DE08B1D18447682C953AD1F9F.e.16794"}]}
COMMAND: GET /session/8710bc86126986cf02bb1d50a5f31e3a/element/f.4F28C2583BB65896889CB8FD582548C6.d.D051710DE08B1D18447682C953AD1F9F.e.16794/enabled - {}
COMMAND: GET /session/8710bc86126986cf02bb1d50a5f31e3a/screenshot - {}
RESULT: {}
COMMAND: POST /session/8710bc86126986cf02bb1d50a5f31e3a/execute/sync - {"script":"<script> [8489 bytes]","args":[{"element-6066-11e4-a52e-4f735466cecf":"f.4F28C2583BB65896889CB8FD582548C6.d.D051710DE08B1D18447682C953AD1F9F.e.16794","ELEMENT":"f.4F28C2583BB65896889CB8FD582548C6.d.D051710DE08B1D18447682C953AD1F9F.e.16794"}]}
COMMAND: GET /session/8710bc86126986cf02bb1d50a5f31e3a/screenshot - {}
RESULT: {}
RESULT: {"script":"<script> [8489 bytes]","args":[{"element-6066-11e4-a52e-4f735466cecf":"f.4F28C2583BB65896889CB8FD582548C6.d.D051710DE08B1D18447682C953AD1F9F.e.16794","ELEMENT":"f.4F28C2583BB65896889CB8FD582548C6.d.D051710DE08B1D18447682C953AD1F9F.e.16794"}]}
COMMAND: POST /session/8710bc86126986cf02bb1d50a5f31e3a/execute/sync - {"script":"<script> [5351 bytes]","args":[{"element-6066-11e4-a52e-4f735466cecf":"f.4F28C2583BB65896889CB8FD582548C6.d.D051710DE08B1D18447682C953AD1F9F.e.16794","ELEMENT":"f.4F28C2583BB65896889CB8FD582548C6.d.D051710DE08B1D18447682C953AD1F9F.e.16794"}]}
COMMAND: GET /session/8710bc86126986cf02bb1d50a5f31e3a/screenshot - {}
RESULT: {}
RESULT: {"script":"<script> [5351 bytes]","args":[{"element-6066-11e4-a52e-4f735466cecf":"f.4F28C2583BB65896889CB8FD582548C6.d.D051710DE08B1D18447682C953AD1F9F.e.16794","ELEMENT":"f.4F28C2583BB65896889CB8FD582548C6.d.D051710DE08B1D18447682C953AD1F9F.e.16794"}]}
COMMAND: POST /session/8710bc86126986cf02bb1d50a5f31e3a/element/f.4F28C2583BB65896889CB8FD582548C6.d.D051710DE08B1D18447682C953AD1F9F.e.16794/click - {}
COMMAND: GET /session/8710bc86126986cf02bb1d50a5f31e3a/screenshot - {}
RESULT: {}
RESULT: {}
COMMAND: GET /session/8710bc86126986cf02bb1d50a5f31e3a/screenshot - {}
COMMAND: POST /session/8710bc86126986cf02bb1d50a5f31e3a/execute/async - {"script":"<script> [1562 bytes]","args":[{"selector":{"id":"application-manageresources-display-component---newResourceUnit--TYPE-arrow"},"wdio_ui5_key":"applicationmanageresources-display-component---newResourceUnit--TYPE-arrow"}]}
RESULT: {}
RESULT: {}
RESULT: {"script":"<script> [1562 bytes]","args":[{"selector":{"id":"application-manageresources-display-component---newResourceUnit--TYPE-arrow"},"wdio_ui5_key":"applicationmanageresources-display-component---newResourceUnit--TYPE-arrow"}]}
RESULT: undefined
COMMAND: POST /session/8710bc86126986cf02bb1d50a5f31e3a/element - {"using":"xpath","value":"//*[@id=\"application-manageresources-display-component---newResourceUnit--TYPE-arrow\"]"}
RESULT: {"using":"xpath","value":"//*[@id=\"application-manageresources-display-component---newResourceUnit--TYPE-arrow\"]"}
COMMAND: POST /session/8710bc86126986cf02bb1d50a5f31e3a/element/f.4F28C2583BB65896889CB8FD582548C6.d.D051710DE08B1D18447682C953AD1F9F.e.17213/click - {}
RESULT: {}
COMMAND: POST /session/8710bc86126986cf02bb1d50a5f31e3a/element - {"using":"xpath","value":"//input[@id=\"application-manageresources-display-component---newResourceUnit--TYPE-inner\"]"}
COMMAND: GET /session/8710bc86126986cf02bb1d50a5f31e3a/screenshot - {}
RESULT: {"using":"xpath","value":"//input[@id=\"application-manageresources-display-component---newResourceUnit--TYPE-inner\"]"}
COMMAND: POST /session/8710bc86126986cf02bb1d50a5f31e3a/element/f.4F28C2583BB65896889CB8FD582548C6.d.D051710DE08B1D18447682C953AD1F9F.e.17103/clear - {}
RESULT: {}
RESULT: {}
COMMAND: POST /session/8710bc86126986cf02bb1d50a5f31e3a/element/f.4F28C2583BB65896889CB8FD582548C6.d.D051710DE08B1D18447682C953AD1F9F.e.17103/value - {"text":"Equipment"}
COMMAND: GET /session/8710bc86126986cf02bb1d50a5f31e3a/screenshot - {}
RESULT: {"text":"Equipment"}
COMMAND: GET /session/8710bc86126986cf02bb1d50a5f31e3a/screenshot - {}
RESULT: {}
RESULT: {}
COMMAND: POST /session/8710bc86126986cf02bb1d50a5f31e3a/actions - {"actions":[{"id":"action65","type":"key","parameters":{},"actions":[{"type":"keyDown","value":""},{"type":"pause","duration":10},{"type":"keyUp","value":""}]}]}
RESULT: {"actions":[{"id":"action65","type":"key","parameters":{},"actions":[{"type":"keyDown","value":""},{"type":"pause","duration":10},{"type":"keyUp","value":""}]}]}
COMMAND: POST /session/8710bc86126986cf02bb1d50a5f31e3a/execute/async - {"script":"<script> [1562 bytes]","args":[{"selector":{"id":"application-manageresources-display-component---newResourceUnit--resourceId","interaction":{"idSuffix":"inner"}},"wdio_ui5_key":"applicationmanageresources-display-component---newResourceUnit--resourceId"}]}
COMMAND: GET /session/8710bc86126986cf02bb1d50a5f31e3a/screenshot - {}
RESULT: {"script":"<script> [1562 bytes]","args":[{"selector":{"id":"application-manageresources-display-component---newResourceUnit--resourceId","interaction":{"idSuffix":"inner"}},"wdio_ui5_key":"applicationmanageresources-display-component---newResourceUnit--resourceId"}]}
RESULT: undefined
COMMAND: POST /session/8710bc86126986cf02bb1d50a5f31e3a/execute/async - {"script":"<script> [776 bytes]","args":[{"enterText":"2ZcI4p4vPn","selector":{"id":"application-manageresources-display-component---newResourceUnit--resourceId","interaction":{"idSuffix":"inner"}},"clearTextFirst":true,"interactionType":"ENTER_TEXT"}]}
RESULT: {}
RESULT: {"script":"<script> [776 bytes]","args":[{"enterText":"2ZcI4p4vPn","selector":{"id":"application-manageresources-display-component---newResourceUnit--resourceId","interaction":{"idSuffix":"inner"}},"clearTextFirst":true,"interactionType":"ENTER_TEXT"}]}
COMMAND: POST /session/8710bc86126986cf02bb1d50a5f31e3a/execute/async - {"script":"<script> [1562 bytes]","args":[{"selector":{"id":"application-manageresources-display-component---newResourceUnit--SHORT_TEXT","interaction":{"idSuffix":"inner"}},"wdio_ui5_key":"applicationmanageresources-display-component---newResourceUnit--SHORT_TEXT"}]}
RESULT: {"script":"<script> [1562 bytes]","args":[{"selector":{"id":"application-manageresources-display-component---newResourceUnit--SHORT_TEXT","interaction":{"idSuffix":"inner"}},"wdio_ui5_key":"applicationmanageresources-display-component---newResourceUnit--SHORT_TEXT"}]}
RESULT: undefined
COMMAND: POST /session/8710bc86126986cf02bb1d50a5f31e3a/execute/async - {"script":"<script> [776 bytes]","args":[{"enterText":"Intercompany Equipment WDIO","selector":{"id":"application-manageresources-display-component---newResourceUnit--SHORT_TEXT","interaction":{"idSuffix":"inner"}},"clearTextFirst":true,"interactionType":"ENTER_TEXT"}]}
RESULT: {"script":"<script> [776 bytes]","args":[{"enterText":"Intercompany Equipment WDIO","selector":{"id":"application-manageresources-display-component---newResourceUnit--SHORT_TEXT","interaction":{"idSuffix":"inner"}},"clearTextFirst":true,"interactionType":"ENTER_TEXT"}]}
COMMAND: POST /session/8710bc86126986cf02bb1d50a5f31e3a/execute/async - {"script":"<script> [1562 bytes]","args":[{"selector":{"id":"application-manageresources-display-component---newResourceUnit--BASE_UNIT_OF_MEASURE","interaction":{"idSuffix":"inner"}},"wdio_ui5_key":"applicationmanageresources-display-component---newResourceUnit--BASE_UNIT_OF_MEASURE"}]}
RESULT: {"script":"<script> [1562 bytes]","args":[{"selector":{"id":"application-manageresources-display-component---newResourceUnit--BASE_UNIT_OF_MEASURE","interaction":{"idSuffix":"inner"}},"wdio_ui5_key":"applicationmanageresources-display-component---newResourceUnit--BASE_UNIT_OF_MEASURE"}]}
RESULT: undefined
COMMAND: POST /session/8710bc86126986cf02bb1d50a5f31e3a/execute/async - {"script":"<script> [776 bytes]","args":[{"enterText":"Piece","selector":{"id":"application-manageresources-display-component---newResourceUnit--BASE_UNIT_OF_MEASURE","interaction":{"idSuffix":"inner"}},"clearTextFirst":true,"interactionType":"ENTER_TEXT"}]}
RESULT: {"script":"<script> [776 bytes]","args":[{"enterText":"Piece","selector":{"id":"application-manageresources-display-component---newResourceUnit--BASE_UNIT_OF_MEASURE","interaction":{"idSuffix":"inner"}},"clearTextFirst":true,"interactionType":"ENTER_TEXT"}]}
COMMAND: POST /session/8710bc86126986cf02bb1d50a5f31e3a/execute/async - {"script":"<script> [1562 bytes]","args":[{"selector":{"id":"application-manageresources-display-component---newResourceUnit--WEIGHT_UNIT","interaction":{"idSuffix":"inner"}},"wdio_ui5_key":"applicationmanageresources-display-component---newResourceUnit--WEIGHT_UNIT"}]}
RESULT: {"script":"<script> [1562 bytes]","args":[{"selector":{"id":"application-manageresources-display-component---newResourceUnit--WEIGHT_UNIT","interaction":{"idSuffix":"inner"}},"wdio_ui5_key":"applicationmanageresources-display-component---newResourceUnit--WEIGHT_UNIT"}]}
RESULT: undefined
COMMAND: POST /session/8710bc86126986cf02bb1d50a5f31e3a/execute/async - {"script":"<script> [776 bytes]","args":[{"enterText":"Gram","selector":{"id":"application-manageresources-display-component---newResourceUnit--WEIGHT_UNIT","interaction":{"idSuffix":"inner"}},"clearTextFirst":true,"interactionType":"ENTER_TEXT"}]}
RESULT: {"script":"<script> [776 bytes]","args":[{"enterText":"Gram","selector":{"id":"application-manageresources-display-component---newResourceUnit--WEIGHT_UNIT","interaction":{"idSuffix":"inner"}},"clearTextFirst":true,"interactionType":"ENTER_TEXT"}]}
COMMAND: POST /session/8710bc86126986cf02bb1d50a5f31e3a/execute/async - {"script":"<script> [1562 bytes]","args":[{"selector":{"id":"application-manageresources-display-component---newResourceUnit--DIMENSION_UNIT","interaction":{"idSuffix":"inner"}},"wdio_ui5_key":"applicationmanageresources-display-component---newResourceUnit--DIMENSION_UNIT"}]}
RESULT: {"script":"<script> [1562 bytes]","args":[{"selector":{"id":"application-manageresources-display-component---newResourceUnit--DIMENSION_UNIT","interaction":{"idSuffix":"inner"}},"wdio_ui5_key":"applicationmanageresources-display-component---newResourceUnit--DIMENSION_UNIT"}]}
RESULT: undefined
COMMAND: POST /session/8710bc86126986cf02bb1d50a5f31e3a/execute/async - {"script":"<script> [776 bytes]","args":[{"enterText":"Meter","selector":{"id":"application-manageresources-display-component---newResourceUnit--DIMENSION_UNIT","interaction":{"idSuffix":"inner"}},"clearTextFirst":true,"interactionType":"ENTER_TEXT"}]}
RESULT: {"script":"<script> [776 bytes]","args":[{"enterText":"Meter","selector":{"id":"application-manageresources-display-component---newResourceUnit--DIMENSION_UNIT","interaction":{"idSuffix":"inner"}},"clearTextFirst":true,"interactionType":"ENTER_TEXT"}]}
COMMAND: POST /session/8710bc86126986cf02bb1d50a5f31e3a/execute/async - {"script":"<script> [1562 bytes]","args":[{"selector":{"id":"application-manageresources-display-component---newResourceUnit--newRRUPage-anchBar-application-manageresources-display-component---newResourceUnit--control-anchor","interaction":{"idSuffix":"BDI-content"}},"wdio_ui5_key":"applicationmanageresources-display-component---newResourceUnit--newRRUPage-anchBar-application-manageresources-display-component---newResourceUnit--control-anchor"}]}
RESULT: {"script":"<script> [1562 bytes]","args":[{"selector":{"id":"application-manageresources-display-component---newResourceUnit--newRRUPage-anchBar-application-manageresources-display-component---newResourceUnit--control-anchor","interaction":{"idSuffix":"BDI-content"}},"wdio_ui5_key":"applicationmanageresources-display-component---newResourceUnit--newRRUPage-anchBar-application-manageresources-display-component---newResourceUnit--control-anchor"}]}
RESULT: undefined
COMMAND: POST /session/8710bc86126986cf02bb1d50a5f31e3a/element - {"using":"xpath","value":"//*[@id=\"application-manageresources-display-component---newResourceUnit--newRRUPage-anchBar-application-manageresources-display-component---newResourceUnit--control-anchor\"]"}
RESULT: {"using":"xpath","value":"//*[@id=\"application-manageresources-display-component---newResourceUnit--newRRUPage-anchBar-application-manageresources-display-component---newResourceUnit--control-anchor\"]"}
COMMAND: POST /session/8710bc86126986cf02bb1d50a5f31e3a/element/f.4F28C2583BB65896889CB8FD582548C6.d.D051710DE08B1D18447682C953AD1F9F.e.17346/click - {}
RESULT: {}
COMMAND: POST /session/8710bc86126986cf02bb1d50a5f31e3a/execute/async - {"script":"<script> [1562 bytes]","args":[{"selector":{"id":"application-manageresources-display-component---newResourceUnit--PLANNING_GROUP","interaction":{"idSuffix":"inner"}},"wdio_ui5_key":"applicationmanageresources-display-component---newResourceUnit--PLANNING_GROUP"}]}
COMMAND: GET /session/8710bc86126986cf02bb1d50a5f31e3a/screenshot - {}
RESULT: {"script":"<script> [1562 bytes]","args":[{"selector":{"id":"application-manageresources-display-component---newResourceUnit--PLANNING_GROUP","interaction":{"idSuffix":"inner"}},"wdio_ui5_key":"applicationmanageresources-display-component---newResourceUnit--PLANNING_GROUP"}]}
RESULT: undefined
COMMAND: POST /session/8710bc86126986cf02bb1d50a5f31e3a/execute/async - {"script":"<script> [776 bytes]","args":[{"enterText":"Heavy Equi","selector":{"id":"application-manageresources-display-component---newResourceUnit--PLANNING_GROUP","interaction":{"idSuffix":"inner"}},"clearTextFirst":true,"interactionType":"ENTER_TEXT"}]}
RESULT: {}
RESULT: {"script":"<script> [776 bytes]","args":[{"enterText":"Heavy Equi","selector":{"id":"application-manageresources-display-component---newResourceUnit--PLANNING_GROUP","interaction":{"idSuffix":"inner"}},"clearTextFirst":true,"interactionType":"ENTER_TEXT"}]}
COMMAND: POST /session/8710bc86126986cf02bb1d50a5f31e3a/execute/async - {"script":"<script> [1562 bytes]","args":[{"selector":{"id":"application-manageresources-display-component---newResourceUnit--ITEM_TYPE-arrow"},"wdio_ui5_key":"applicationmanageresources-display-component---newResourceUnit--ITEM_TYPE-arrow"}]}
RESULT: {"script":"<script> [1562 bytes]","args":[{"selector":{"id":"application-manageresources-display-component---newResourceUnit--ITEM_TYPE-arrow"},"wdio_ui5_key":"applicationmanageresources-display-component---newResourceUnit--ITEM_TYPE-arrow"}]}
RESULT: undefined
COMMAND: POST /session/8710bc86126986cf02bb1d50a5f31e3a/element - {"using":"xpath","value":"//*[@id=\"application-manageresources-display-component---newResourceUnit--ITEM_TYPE-arrow\"]"}
RESULT: {"using":"xpath","value":"//*[@id=\"application-manageresources-display-component---newResourceUnit--ITEM_TYPE-arrow\"]"}
COMMAND: POST /session/8710bc86126986cf02bb1d50a5f31e3a/element/f.4F28C2583BB65896889CB8FD582548C6.d.D051710DE08B1D18447682C953AD1F9F.e.17355/click - {}
RESULT: {}
COMMAND: POST /session/8710bc86126986cf02bb1d50a5f31e3a/element - {"using":"xpath","value":"(//span[contains(text(), \"Resource Unit\")])[2]"}
COMMAND: GET /session/8710bc86126986cf02bb1d50a5f31e3a/screenshot - {}
RESULT: {"using":"xpath","value":"(//span[contains(text(), \"Resource Unit\")])[2]"}
COMMAND: POST /session/8710bc86126986cf02bb1d50a5f31e3a/element/f.4F28C2583BB65896889CB8FD582548C6.d.D051710DE08B1D18447682C953AD1F9F.e.17356/click - {}
RESULT: {}
RESULT: {}
COMMAND: GET /session/8710bc86126986cf02bb1d50a5f31e3a/screenshot - {}
RESULT: {}
COMMAND: POST /session/8710bc86126986cf02bb1d50a5f31e3a/element - {"using":"css selector","value":"#application-manageresources-display-component---newResourceUnit--btnAddTimeSegment"}
RESULT: {"using":"css selector","value":"#application-manageresources-display-component---newResourceUnit--btnAddTimeSegment"}
COMMAND: GET /session/8710bc86126986cf02bb1d50a5f31e3a/element/f.4F28C2583BB65896889CB8FD582548C6.d.D051710DE08B1D18447682C953AD1F9F.e.17357/rect - {}
RESULT: {}
COMMAND: GET /session/8710bc86126986cf02bb1d50a5f31e3a/window/rect - {}
RESULT: {}
COMMAND: POST /session/8710bc86126986cf02bb1d50a5f31e3a/execute/sync - {"script":"<script> [92 bytes]","args":[]}
RESULT: {"script":"<script> [92 bytes]","args":[]}
COMMAND: POST /session/8710bc86126986cf02bb1d50a5f31e3a/actions - {"actions":[{"id":"action66","type":"wheel","parameters":{},"actions":[{"type":"scroll","x":-1888,"y":-32,"deltaX":0,"deltaY":0,"duration":0,"origin":{"element-6066-11e4-a52e-4f735466cecf":"f.4F28C2583BB65896889CB8FD582548C6.d.D051710DE08B1D18447682C953AD1F9F.e.17357"}}]}]}
COMMAND: GET /session/8710bc86126986cf02bb1d50a5f31e3a/screenshot - {}
RESULT: {}
COMMAND: POST /session/8710bc86126986cf02bb1d50a5f31e3a/execute/sync - {"script":"<script> [79 bytes]","args":[{"element-6066-11e4-a52e-4f735466cecf":"f.4F28C2583BB65896889CB8FD582548C6.d.D051710DE08B1D18447682C953AD1F9F.e.17357","ELEMENT":"f.4F28C2583BB65896889CB8FD582548C6.d.D051710DE08B1D18447682C953AD1F9F.e.17357"},{"block":"start","inline":"nearest"}]}
RESULT: {"script":"<script> [79 bytes]","args":[{"element-6066-11e4-a52e-4f735466cecf":"f.4F28C2583BB65896889CB8FD582548C6.d.D051710DE08B1D18447682C953AD1F9F.e.17357","ELEMENT":"f.4F28C2583BB65896889CB8FD582548C6.d.D051710DE08B1D18447682C953AD1F9F.e.17357"},{"block":"start","inline":"nearest"}]}
COMMAND: POST /session/8710bc86126986cf02bb1d50a5f31e3a/execute/async - {"script":"<script> [1562 bytes]","args":[{"selector":{"id":"application-manageresources-display-component---newResourceUnit--btnAddTimeSegment","interaction":{"idSuffix":"inner"}},"wdio_ui5_key":"applicationmanageresources-display-component---newResourceUnit--btnAddTimeSegment"}]}
COMMAND: GET /session/8710bc86126986cf02bb1d50a5f31e3a/screenshot - {}
RESULT: {"script":"<script> [1562 bytes]","args":[{"selector":{"id":"application-manageresources-display-component---newResourceUnit--btnAddTimeSegment","interaction":{"idSuffix":"inner"}},"wdio_ui5_key":"applicationmanageresources-display-component---newResourceUnit--btnAddTimeSegment"}]}
RESULT: undefined
COMMAND: POST /session/8710bc86126986cf02bb1d50a5f31e3a/element - {"using":"xpath","value":"//*[@id=\"application-manageresources-display-component---newResourceUnit--btnAddTimeSegment\"]"}
RESULT: {}
RESULT: {"using":"xpath","value":"//*[@id=\"application-manageresources-display-component---newResourceUnit--btnAddTimeSegment\"]"}
COMMAND: POST /session/8710bc86126986cf02bb1d50a5f31e3a/element/f.4F28C2583BB65896889CB8FD582548C6.d.D051710DE08B1D18447682C953AD1F9F.e.17357/click - {}
RESULT: {}
COMMAND: GET /session/8710bc86126986cf02bb1d50a5f31e3a/screenshot - {}
RESULT: {}
COMMAND: POST /session/8710bc86126986cf02bb1d50a5f31e3a/element - {"using":"xpath","value":"//input[@id=\"application-manageresources-display-component---newResourceUnit--idRuTSAdmin-application-manageresources-display-component---newResourceUnit--RUTimeSegment-0-inner\"]"}
RESULT: {"using":"xpath","value":"//input[@id=\"application-manageresources-display-component---newResourceUnit--idRuTSAdmin-application-manageresources-display-component---newResourceUnit--RUTimeSegment-0-inner\"]"}
COMMAND: POST /session/8710bc86126986cf02bb1d50a5f31e3a/element/f.4F28C2583BB65896889CB8FD582548C6.d.D051710DE08B1D18447682C953AD1F9F.e.17363/clear - {}
RESULT: {}
COMMAND: POST /session/8710bc86126986cf02bb1d50a5f31e3a/element/f.4F28C2583BB65896889CB8FD582548C6.d.D051710DE08B1D18447682C953AD1F9F.e.17363/value - {"text":"679"}
COMMAND: GET /session/8710bc86126986cf02bb1d50a5f31e3a/screenshot - {}
RESULT: {"text":"679"}
COMMAND: GET /session/8710bc86126986cf02bb1d50a5f31e3a/screenshot - {}
RESULT: {}
RESULT: {}
COMMAND: POST /session/8710bc86126986cf02bb1d50a5f31e3a/element - {"using":"xpath","value":"//li[.//span[text()='679']]"}
RESULT: {"using":"xpath","value":"//li[.//span[text()='679']]"}
COMMAND: POST /session/8710bc86126986cf02bb1d50a5f31e3a/element/f.4F28C2583BB65896889CB8FD582548C6.d.D051710DE08B1D18447682C953AD1F9F.e.17376/click - {}
RESULT: {}
COMMAND: GET /session/8710bc86126986cf02bb1d50a5f31e3a/screenshot - {}
RESULT: {}
COMMAND: POST /session/8710bc86126986cf02bb1d50a5f31e3a/element - {"using":"xpath","value":"(//span[contains(@id, \"-application-manageresources-display-component---newResourceUnit--RUTimeSegment-0-arrow\")])[6]"}
RESULT: {"using":"xpath","value":"(//span[contains(@id, \"-application-manageresources-display-component---newResourceUnit--RUTimeSegment-0-arrow\")])[6]"}
COMMAND: POST /session/8710bc86126986cf02bb1d50a5f31e3a/element/f.4F28C2583BB65896889CB8FD582548C6.d.D051710DE08B1D18447682C953AD1F9F.e.17377/click - {}
RESULT: {}
COMMAND: GET /session/8710bc86126986cf02bb1d50a5f31e3a/screenshot - {}
RESULT: {}
COMMAND: POST /session/8710bc86126986cf02bb1d50a5f31e3a/element - {"using":"xpath","value":"//span[contains(text(), \"PM Order\")]"}
RESULT: {"using":"xpath","value":"//span[contains(text(), \"PM Order\")]"}
COMMAND: POST /session/8710bc86126986cf02bb1d50a5f31e3a/element/f.4F28C2583BB65896889CB8FD582548C6.d.D051710DE08B1D18447682C953AD1F9F.e.17380/click - {}
RESULT: {}
COMMAND: GET /session/8710bc86126986cf02bb1d50a5f31e3a/screenshot - {}
RESULT: {}
COMMAND: POST /session/8710bc86126986cf02bb1d50a5f31e3a/element - {"using":"xpath","value":"(//span[contains(@id ,\"manageresources-display-component---newResourceUnit--RUTimeSegment-0-vhi\")])[1]"}
RESULT: {"using":"xpath","value":"(//span[contains(@id ,\"manageresources-display-component---newResourceUnit--RUTimeSegment-0-vhi\")])[1]"}
COMMAND: GET /session/8710bc86126986cf02bb1d50a5f31e3a/element/f.4F28C2583BB65896889CB8FD582548C6.d.D051710DE08B1D18447682C953AD1F9F.e.17384/rect - {}
RESULT: {}
COMMAND: GET /session/8710bc86126986cf02bb1d50a5f31e3a/window/rect - {}
RESULT: {}
COMMAND: POST /session/8710bc86126986cf02bb1d50a5f31e3a/execute/sync - {"script":"<script> [92 bytes]","args":[]}
RESULT: {"script":"<script> [92 bytes]","args":[]}
COMMAND: POST /session/8710bc86126986cf02bb1d50a5f31e3a/actions - {"actions":[{"id":"action67","type":"wheel","parameters":{},"actions":[{"type":"scroll","x":-869,"y":-24,"deltaX":0,"deltaY":0,"duration":0,"origin":{"element-6066-11e4-a52e-4f735466cecf":"f.4F28C2583BB65896889CB8FD582548C6.d.D051710DE08B1D18447682C953AD1F9F.e.17384"}}]}]}
COMMAND: GET /session/8710bc86126986cf02bb1d50a5f31e3a/screenshot - {}
RESULT: {"actions":[{"id":"action67","type":"wheel","parameters":{},"actions":[{"type":"scroll","x":-869,"y":-24,"deltaX":0,"deltaY":0,"duration":0,"origin":{"element-6066-11e4-a52e-4f735466cecf":"f.4F28C2583BB65896889CB8FD582548C6.d.D051710DE08B1D18447682C953AD1F9F.e.17384"}}]}]}
COMMAND: DELETE /session/8710bc86126986cf02bb1d50a5f31e3a/actions - {}
COMMAND: GET /session/8710bc86126986cf02bb1d50a5f31e3a/screenshot - {}
RESULT: {}
RESULT: {}
COMMAND: GET /session/8710bc86126986cf02bb1d50a5f31e3a/screenshot - {}
RESULT: {}
RESULT: {}
COMMAND: POST /session/8710bc86126986cf02bb1d50a5f31e3a/element/f.4F28C2583BB65896889CB8FD582548C6.d.D051710DE08B1D18447682C953AD1F9F.e.17384/click - {}
RESULT: {}
COMMAND: GET /session/8710bc86126986cf02bb1d50a5f31e3a/screenshot - {}
RESULT: {}
COMMAND: POST /session/8710bc86126986cf02bb1d50a5f31e3a/execute/async - {"script":"<script> [1562 bytes]","args":[{"selector":{"controlType":"sap.m.SearchField","properties":{"placeholder":"Search"},"searchOpenDialogs":true,"interaction":{"idSuffix":"I"}},"wdio_ui5_key":"sapm.SearchField{\"placeholder\":\"Search\"}"}]}
RESULT: {"script":"<script> [1562 bytes]","args":[{"selector":{"controlType":"sap.m.SearchField","properties":{"placeholder":"Search"},"searchOpenDialogs":true,"interaction":{"idSuffix":"I"}},"wdio_ui5_key":"sapm.SearchField{\"placeholder\":\"Search\"}"}]}
RESULT: undefined
COMMAND: POST /session/8710bc86126986cf02bb1d50a5f31e3a/execute/async - {"script":"<script> [776 bytes]","args":[{"enterText":"4000360","selector":{"controlType":"sap.m.SearchField","properties":{"placeholder":"Search"},"searchOpenDialogs":true,"interaction":{"idSuffix":"I"}},"clearTextFirst":true,"interactionType":"ENTER_TEXT"}]}
RESULT: {"script":"<script> [776 bytes]","args":[{"enterText":"4000360","selector":{"controlType":"sap.m.SearchField","properties":{"placeholder":"Search"},"searchOpenDialogs":true,"interaction":{"idSuffix":"I"}},"clearTextFirst":true,"interactionType":"ENTER_TEXT"}]}
COMMAND: POST /session/8710bc86126986cf02bb1d50a5f31e3a/actions - {"actions":[{"id":"action68","type":"key","parameters":{},"actions":[{"type":"keyDown","value":""},{"type":"pause","duration":10},{"type":"keyUp","value":""}]}]}
RESULT: {"actions":[{"id":"action68","type":"key","parameters":{},"actions":[{"type":"keyDown","value":""},{"type":"pause","duration":10},{"type":"keyUp","value":""}]}]}
COMMAND: GET /session/8710bc86126986cf02bb1d50a5f31e3a/screenshot - {}
RESULT: {}
COMMAND: POST /session/8710bc86126986cf02bb1d50a5f31e3a/element - {"using":"xpath","value":"//td/div/span[contains(text(), \"BGL Vehicles\")]"}
RESULT: {"using":"xpath","value":"//td/div/span[contains(text(), \"BGL Vehicles\")]"}
COMMAND: POST /session/8710bc86126986cf02bb1d50a5f31e3a/element/f.4F28C2583BB65896889CB8FD582548C6.d.D051710DE08B1D18447682C953AD1F9F.e.17405/click - {}
RESULT: {}
COMMAND: GET /session/8710bc86126986cf02bb1d50a5f31e3a/screenshot - {}
RESULT: {}
COMMAND: POST /session/8710bc86126986cf02bb1d50a5f31e3a/element - {"using":"xpath","value":"//bdi[contains(text(), \"OK\")]"}
RESULT: {"using":"xpath","value":"//bdi[contains(text(), \"OK\")]"}
COMMAND: POST /session/8710bc86126986cf02bb1d50a5f31e3a/element/f.4F28C2583BB65896889CB8FD582548C6.d.D051710DE08B1D18447682C953AD1F9F.e.17406/click - {}
RESULT: {}
COMMAND: GET /session/8710bc86126986cf02bb1d50a5f31e3a/screenshot - {}
RESULT: {}
COMMAND: POST /session/8710bc86126986cf02bb1d50a5f31e3a/execute/async - {"script":"<script> [1562 bytes]","args":[{"selector":{"id":"application-manageresources-display-component---newResourceUnit--newRRUPage-anchBar-application-manageresources-display-component---newResourceUnit--resource-anchor","interaction":{"idSuffix":"BDI-content"}},"wdio_ui5_key":"applicationmanageresources-display-component---newResourceUnit--newRRUPage-anchBar-application-manageresources-display-component---newResourceUnit--resource-anchor"}]}
RESULT: {"script":"<script> [1562 bytes]","args":[{"selector":{"id":"application-manageresources-display-component---newResourceUnit--newRRUPage-anchBar-application-manageresources-display-component---newResourceUnit--resource-anchor","interaction":{"idSuffix":"BDI-content"}},"wdio_ui5_key":"applicationmanageresources-display-component---newResourceUnit--newRRUPage-anchBar-application-manageresources-display-component---newResourceUnit--resource-anchor"}]}
RESULT: undefined
COMMAND: POST /session/8710bc86126986cf02bb1d50a5f31e3a/element - {"using":"xpath","value":"//*[@id=\"application-manageresources-display-component---newResourceUnit--newRRUPage-anchBar-application-manageresources-display-component---newResourceUnit--resource-anchor\"]"}
RESULT: {"using":"xpath","value":"//*[@id=\"application-manageresources-display-component---newResourceUnit--newRRUPage-anchBar-application-manageresources-display-component---newResourceUnit--resource-anchor\"]"}
COMMAND: POST /session/8710bc86126986cf02bb1d50a5f31e3a/element/f.4F28C2583BB65896889CB8FD582548C6.d.D051710DE08B1D18447682C953AD1F9F.e.17410/click - {}
RESULT: {}
COMMAND: POST /session/8710bc86126986cf02bb1d50a5f31e3a/execute/async - {"script":"<script> [1562 bytes]","args":[{"selector":{"id":"application-manageresources-display-component---newResourceUnit--PLANNED_DELIVERY_DATE","interaction":{"idSuffix":"inner"}},"wdio_ui5_key":"applicationmanageresources-display-component---newResourceUnit--PLANNED_DELIVERY_DATE"}]}
COMMAND: GET /session/8710bc86126986cf02bb1d50a5f31e3a/screenshot - {}
RESULT: {"script":"<script> [1562 bytes]","args":[{"selector":{"id":"application-manageresources-display-component---newResourceUnit--PLANNED_DELIVERY_DATE","interaction":{"idSuffix":"inner"}},"wdio_ui5_key":"applicationmanageresources-display-component---newResourceUnit--PLANNED_DELIVERY_DATE"}]}
RESULT: undefined
COMMAND: POST /session/8710bc86126986cf02bb1d50a5f31e3a/execute/async - {"script":"<script> [6424 bytes]","args":[{"element-6066-11e4-a52e-4f735466cecf":"f.4F28C2583BB65896889CB8FD582548C6.d.D051710DE08B1D18447682C953AD1F9F.e.17270"},"setValue",["5/22/25"]]}
RESULT: {}
RESULT: {"script":"<script> [6424 bytes]","args":[{"element-6066-11e4-a52e-4f735466cecf":"f.4F28C2583BB65896889CB8FD582548C6.d.D051710DE08B1D18447682C953AD1F9F.e.17270"},"setValue",["5/22/25"]]}
COMMAND: POST /session/8710bc86126986cf02bb1d50a5f31e3a/element - {"using":"xpath","value":"//label[contains(@class, 'sapMLabelRequired') and .//bdi[contains(text(), 'Planned Retirement')]]"}
RESULT: {"using":"xpath","value":"//label[contains(@class, 'sapMLabelRequired') and .//bdi[contains(text(), 'Planned Retirement')]]"}
COMMAND: POST /session/8710bc86126986cf02bb1d50a5f31e3a/elements - {"using":"xpath","value":"//label[contains(@class, 'sapMLabelRequired') and .//bdi[contains(text(), 'Planned Retirement')]]"}
RESULT: {"using":"xpath","value":"//label[contains(@class, 'sapMLabelRequired') and .//bdi[contains(text(), 'Planned Retirement')]]"}
COMMAND: POST /session/8710bc86126986cf02bb1d50a5f31e3a/element - {"using":"xpath","value":"//button[@data-kt=\"resourceUnitSaveButton\"]"}
RESULT: {"using":"xpath","value":"//button[@data-kt=\"resourceUnitSaveButton\"]"}
COMMAND: POST /session/8710bc86126986cf02bb1d50a5f31e3a/element/f.4F28C2583BB65896889CB8FD582548C6.d.D051710DE08B1D18447682C953AD1F9F.e.17230/click - {}
RESULT: {}
COMMAND: GET /session/8710bc86126986cf02bb1d50a5f31e3a/screenshot - {}
RESULT: {}
COMMAND: POST /session/8710bc86126986cf02bb1d50a5f31e3a/element - {"using":"xpath","value":"//bdi[contains(text(), \"Close\")]"}
RESULT: {"using":"xpath","value":"//bdi[contains(text(), \"Close\")]"}
COMMAND: POST /session/8710bc86126986cf02bb1d50a5f31e3a/element/f.4F28C2583BB65896889CB8FD582548C6.d.D051710DE08B1D18447682C953AD1F9F.e.17418/click - {}
RESULT: {}
COMMAND: GET /session/8710bc86126986cf02bb1d50a5f31e3a/screenshot - {}
RESULT: {}
COMMAND: POST /session/8710bc86126986cf02bb1d50a5f31e3a/element - {"using":"xpath","value":"(//button[contains(@id ,\"actionsToolbar-overflowButton\")])[1]"}
RESULT: {"using":"xpath","value":"(//button[contains(@id ,\"actionsToolbar-overflowButton\")])[1]"}
COMMAND: POST /session/8710bc86126986cf02bb1d50a5f31e3a/element/f.4F28C2583BB65896889CB8FD582548C6.d.D051710DE08B1D18447682C953AD1F9F.e.17451/click - {}
RESULT: {}
COMMAND: GET /session/8710bc86126986cf02bb1d50a5f31e3a/screenshot - {}
RESULT: {}
COMMAND: POST /session/8710bc86126986cf02bb1d50a5f31e3a/element - {"using":"xpath","value":"//button[@data-kt=\"priceInfoButton\"]"}
RESULT: {"using":"xpath","value":"//button[@data-kt=\"priceInfoButton\"]"}
COMMAND: POST /session/8710bc86126986cf02bb1d50a5f31e3a/element/f.4F28C2583BB65896889CB8FD582548C6.d.D051710DE08B1D18447682C953AD1F9F.e.17453/click - {}
RESULT: {}
COMMAND: GET /session/8710bc86126986cf02bb1d50a5f31e3a/screenshot - {}
RESULT: {}
]]></system-out>
    </testcase>
    <testcase classname="chrome.136_0_7103_93.windows.Billing_Calculation_-_Time_based_(considering_transport_times)_US139738" name="Should create new pricing rule for the equipment" time="56.192">
      <system-out><![CDATA[
COMMAND: POST /session/8710bc86126986cf02bb1d50a5f31e3a/element - {"using":"xpath","value":"//button[@data-kt=\"addButton\"]"}
RESULT: {"using":"xpath","value":"//button[@data-kt=\"addButton\"]"}
COMMAND: POST /session/8710bc86126986cf02bb1d50a5f31e3a/elements - {"using":"xpath","value":"//button[@data-kt=\"addButton\"]"}
RESULT: {"using":"xpath","value":"//button[@data-kt=\"addButton\"]"}
COMMAND: POST /session/8710bc86126986cf02bb1d50a5f31e3a/execute/sync - {"script":"<script> [8489 bytes]","args":[{"element-6066-11e4-a52e-4f735466cecf":"f.4F28C2583BB65896889CB8FD582548C6.d.D051710DE08B1D18447682C953AD1F9F.e.17490","ELEMENT":"f.4F28C2583BB65896889CB8FD582548C6.d.D051710DE08B1D18447682C953AD1F9F.e.17490"}]}
RESULT: {"script":"<script> [8489 bytes]","args":[{"element-6066-11e4-a52e-4f735466cecf":"f.4F28C2583BB65896889CB8FD582548C6.d.D051710DE08B1D18447682C953AD1F9F.e.17490","ELEMENT":"f.4F28C2583BB65896889CB8FD582548C6.d.D051710DE08B1D18447682C953AD1F9F.e.17490"}]}
COMMAND: GET /session/8710bc86126986cf02bb1d50a5f31e3a/element/f.4F28C2583BB65896889CB8FD582548C6.d.D051710DE08B1D18447682C953AD1F9F.e.17490/enabled - {}
COMMAND: GET /session/8710bc86126986cf02bb1d50a5f31e3a/screenshot - {}
RESULT: {}
COMMAND: POST /session/8710bc86126986cf02bb1d50a5f31e3a/execute/sync - {"script":"<script> [8489 bytes]","args":[{"element-6066-11e4-a52e-4f735466cecf":"f.4F28C2583BB65896889CB8FD582548C6.d.D051710DE08B1D18447682C953AD1F9F.e.17490","ELEMENT":"f.4F28C2583BB65896889CB8FD582548C6.d.D051710DE08B1D18447682C953AD1F9F.e.17490"}]}
COMMAND: GET /session/8710bc86126986cf02bb1d50a5f31e3a/screenshot - {}
RESULT: {}
RESULT: {"script":"<script> [8489 bytes]","args":[{"element-6066-11e4-a52e-4f735466cecf":"f.4F28C2583BB65896889CB8FD582548C6.d.D051710DE08B1D18447682C953AD1F9F.e.17490","ELEMENT":"f.4F28C2583BB65896889CB8FD582548C6.d.D051710DE08B1D18447682C953AD1F9F.e.17490"}]}
COMMAND: POST /session/8710bc86126986cf02bb1d50a5f31e3a/execute/sync - {"script":"<script> [5351 bytes]","args":[{"element-6066-11e4-a52e-4f735466cecf":"f.4F28C2583BB65896889CB8FD582548C6.d.D051710DE08B1D18447682C953AD1F9F.e.17490","ELEMENT":"f.4F28C2583BB65896889CB8FD582548C6.d.D051710DE08B1D18447682C953AD1F9F.e.17490"}]}
COMMAND: GET /session/8710bc86126986cf02bb1d50a5f31e3a/screenshot - {}
RESULT: {}
RESULT: {"script":"<script> [5351 bytes]","args":[{"element-6066-11e4-a52e-4f735466cecf":"f.4F28C2583BB65896889CB8FD582548C6.d.D051710DE08B1D18447682C953AD1F9F.e.17490","ELEMENT":"f.4F28C2583BB65896889CB8FD582548C6.d.D051710DE08B1D18447682C953AD1F9F.e.17490"}]}
COMMAND: POST /session/8710bc86126986cf02bb1d50a5f31e3a/element/f.4F28C2583BB65896889CB8FD582548C6.d.D051710DE08B1D18447682C953AD1F9F.e.17490/click - {}
COMMAND: GET /session/8710bc86126986cf02bb1d50a5f31e3a/screenshot - {}
RESULT: {}
RESULT: {}
COMMAND: GET /session/8710bc86126986cf02bb1d50a5f31e3a/screenshot - {}
RESULT: {}
RESULT: {}
COMMAND: POST /session/8710bc86126986cf02bb1d50a5f31e3a/execute/async - {"script":"<script> [1562 bytes]","args":[{"selector":{"controlType":"sap.m.Title","viewName":"etm.portal.ui.managepricingrules.view.NewItem","viewId":"application-managepricingrules-display-component---newInfoPriceItem","properties":{"text":"New Pricing Rules - Item Level"}},"wdio_ui5_key":"etmportal.ui.managepricingrules.view.NewItemsap.m.Title{\"text\":\"New Pricing Rules - Item Level\"}"}]}
RESULT: {"script":"<script> [1562 bytes]","args":[{"selector":{"controlType":"sap.m.Title","viewName":"etm.portal.ui.managepricingrules.view.NewItem","viewId":"application-managepricingrules-display-component---newInfoPriceItem","properties":{"text":"New Pricing Rules - Item Level"}},"wdio_ui5_key":"etmportal.ui.managepricingrules.view.NewItemsap.m.Title{\"text\":\"New Pricing Rules - Item Level\"}"}]}
RESULT: undefined
COMMAND: POST /session/8710bc86126986cf02bb1d50a5f31e3a/execute/async - {"script":"<script> [6424 bytes]","args":[{"element-6066-11e4-a52e-4f735466cecf":"f.4F28C2583BB65896889CB8FD582548C6.d.D051710DE08B1D18447682C953AD1F9F.e.17650"},"getText",[]]}
RESULT: {"script":"<script> [6424 bytes]","args":[{"element-6066-11e4-a52e-4f735466cecf":"f.4F28C2583BB65896889CB8FD582548C6.d.D051710DE08B1D18447682C953AD1F9F.e.17650"},"getText",[]]}
COMMAND: POST /session/8710bc86126986cf02bb1d50a5f31e3a/execute/async - {"script":"<script> [1562 bytes]","args":[{"selector":{"id":"application-managepricingrules-display-component---newInfoPriceItem--condValidTo","interaction":{"idSuffix":"inner"}},"wdio_ui5_key":"applicationmanagepricingrules-display-component---newInfoPriceItem--condValidTo"}]}
RESULT: {"script":"<script> [1562 bytes]","args":[{"selector":{"id":"application-managepricingrules-display-component---newInfoPriceItem--condValidTo","interaction":{"idSuffix":"inner"}},"wdio_ui5_key":"applicationmanagepricingrules-display-component---newInfoPriceItem--condValidTo"}]}
RESULT: undefined
COMMAND: POST /session/8710bc86126986cf02bb1d50a5f31e3a/execute/async - {"script":"<script> [776 bytes]","args":[{"enterText":"1/22/26","selector":{"id":"application-managepricingrules-display-component---newInfoPriceItem--condValidTo","interaction":{"idSuffix":"inner"}},"clearTextFirst":true,"interactionType":"ENTER_TEXT"}]}
RESULT: {"script":"<script> [776 bytes]","args":[{"enterText":"1/22/26","selector":{"id":"application-managepricingrules-display-component---newInfoPriceItem--condValidTo","interaction":{"idSuffix":"inner"}},"clearTextFirst":true,"interactionType":"ENTER_TEXT"}]}
COMMAND: POST /session/8710bc86126986cf02bb1d50a5f31e3a/execute/async - {"script":"<script> [1562 bytes]","args":[{"selector":{"id":"application-managepricingrules-display-component---newInfoPriceItem--billType-arrow"},"wdio_ui5_key":"applicationmanagepricingrules-display-component---newInfoPriceItem--billType-arrow"}]}
RESULT: {"script":"<script> [1562 bytes]","args":[{"selector":{"id":"application-managepricingrules-display-component---newInfoPriceItem--billType-arrow"},"wdio_ui5_key":"applicationmanagepricingrules-display-component---newInfoPriceItem--billType-arrow"}]}
RESULT: undefined
COMMAND: POST /session/8710bc86126986cf02bb1d50a5f31e3a/element - {"using":"xpath","value":"//*[@id=\"application-managepricingrules-display-component---newInfoPriceItem--billType-arrow\"]"}
RESULT: {"using":"xpath","value":"//*[@id=\"application-managepricingrules-display-component---newInfoPriceItem--billType-arrow\"]"}
COMMAND: POST /session/8710bc86126986cf02bb1d50a5f31e3a/element/f.4F28C2583BB65896889CB8FD582548C6.d.D051710DE08B1D18447682C953AD1F9F.e.17652/click - {}
RESULT: {}
COMMAND: POST /session/8710bc86126986cf02bb1d50a5f31e3a/element - {"using":"xpath","value":"//span[contains(text(), \"TB - Time based\")]"}
COMMAND: GET /session/8710bc86126986cf02bb1d50a5f31e3a/screenshot - {}
RESULT: {"using":"xpath","value":"//span[contains(text(), \"TB - Time based\")]"}
COMMAND: POST /session/8710bc86126986cf02bb1d50a5f31e3a/element/f.4F28C2583BB65896889CB8FD582548C6.d.D051710DE08B1D18447682C953AD1F9F.e.17653/click - {}
RESULT: {}
RESULT: {}
COMMAND: POST /session/8710bc86126986cf02bb1d50a5f31e3a/execute/async - {"script":"<script> [1562 bytes]","args":[{"selector":{"id":"application-managepricingrules-display-component---newInfoPriceItem--priceProc-arrow"},"wdio_ui5_key":"applicationmanagepricingrules-display-component---newInfoPriceItem--priceProc-arrow"}]}
COMMAND: GET /session/8710bc86126986cf02bb1d50a5f31e3a/screenshot - {}
RESULT: {"script":"<script> [1562 bytes]","args":[{"selector":{"id":"application-managepricingrules-display-component---newInfoPriceItem--priceProc-arrow"},"wdio_ui5_key":"applicationmanagepricingrules-display-component---newInfoPriceItem--priceProc-arrow"}]}
RESULT: undefined
COMMAND: POST /session/8710bc86126986cf02bb1d50a5f31e3a/element - {"using":"xpath","value":"//*[@id=\"application-managepricingrules-display-component---newInfoPriceItem--priceProc-arrow\"]"}
RESULT: {}
RESULT: {"using":"xpath","value":"//*[@id=\"application-managepricingrules-display-component---newInfoPriceItem--priceProc-arrow\"]"}
COMMAND: POST /session/8710bc86126986cf02bb1d50a5f31e3a/element/f.4F28C2583BB65896889CB8FD582548C6.d.D051710DE08B1D18447682C953AD1F9F.e.17616/click - {}
RESULT: {}
COMMAND: POST /session/8710bc86126986cf02bb1d50a5f31e3a/element - {"using":"xpath","value":"//span[contains(text(), \"TBS - Time based standard\")]"}
COMMAND: GET /session/8710bc86126986cf02bb1d50a5f31e3a/screenshot - {}
RESULT: {"using":"xpath","value":"//span[contains(text(), \"TBS - Time based standard\")]"}
COMMAND: POST /session/8710bc86126986cf02bb1d50a5f31e3a/element/f.4F28C2583BB65896889CB8FD582548C6.d.D051710DE08B1D18447682C953AD1F9F.e.17654/click - {}
RESULT: {}
RESULT: {}
COMMAND: POST /session/8710bc86126986cf02bb1d50a5f31e3a/execute/async - {"script":"<script> [1562 bytes]","args":[{"selector":{"id":"application-managepricingrules-display-component---newInfoPriceItem--calcBase-arrow"},"wdio_ui5_key":"applicationmanagepricingrules-display-component---newInfoPriceItem--calcBase-arrow"}]}
COMMAND: GET /session/8710bc86126986cf02bb1d50a5f31e3a/screenshot - {}
RESULT: {"script":"<script> [1562 bytes]","args":[{"selector":{"id":"application-managepricingrules-display-component---newInfoPriceItem--calcBase-arrow"},"wdio_ui5_key":"applicationmanagepricingrules-display-component---newInfoPriceItem--calcBase-arrow"}]}
RESULT: undefined
COMMAND: POST /session/8710bc86126986cf02bb1d50a5f31e3a/element - {"using":"xpath","value":"//*[@id=\"application-managepricingrules-display-component---newInfoPriceItem--calcBase-arrow\"]"}
RESULT: {}
RESULT: {"using":"xpath","value":"//*[@id=\"application-managepricingrules-display-component---newInfoPriceItem--calcBase-arrow\"]"}
COMMAND: POST /session/8710bc86126986cf02bb1d50a5f31e3a/element/f.4F28C2583BB65896889CB8FD582548C6.d.D051710DE08B1D18447682C953AD1F9F.e.17623/click - {}
RESULT: {}
COMMAND: GET /session/8710bc86126986cf02bb1d50a5f31e3a/screenshot - {}
RESULT: {}
COMMAND: POST /session/8710bc86126986cf02bb1d50a5f31e3a/element - {"using":"xpath","value":"//span[contains(text(), \"0006 - TB(calendar days)\")]"}
RESULT: {"using":"xpath","value":"//span[contains(text(), \"0006 - TB(calendar days)\")]"}
COMMAND: POST /session/8710bc86126986cf02bb1d50a5f31e3a/element/f.4F28C2583BB65896889CB8FD582548C6.d.D051710DE08B1D18447682C953AD1F9F.e.17655/click - {}
RESULT: {}
COMMAND: GET /session/8710bc86126986cf02bb1d50a5f31e3a/screenshot - {}
RESULT: {}
COMMAND: POST /session/8710bc86126986cf02bb1d50a5f31e3a/execute/async - {"script":"<script> [1562 bytes]","args":[{"selector":{"id":"application-managepricingrules-display-component---newInfoPriceItem--daysMonth","interaction":{"idSuffix":"inner"}},"wdio_ui5_key":"applicationmanagepricingrules-display-component---newInfoPriceItem--daysMonth"}]}
RESULT: {"script":"<script> [1562 bytes]","args":[{"selector":{"id":"application-managepricingrules-display-component---newInfoPriceItem--daysMonth","interaction":{"idSuffix":"inner"}},"wdio_ui5_key":"applicationmanagepricingrules-display-component---newInfoPriceItem--daysMonth"}]}
RESULT: undefined
COMMAND: POST /session/8710bc86126986cf02bb1d50a5f31e3a/execute/async - {"script":"<script> [776 bytes]","args":[{"enterText":"30","selector":{"id":"application-managepricingrules-display-component---newInfoPriceItem--daysMonth","interaction":{"idSuffix":"inner"}},"clearTextFirst":true,"interactionType":"ENTER_TEXT"}]}
RESULT: {"script":"<script> [776 bytes]","args":[{"enterText":"30","selector":{"id":"application-managepricingrules-display-component---newInfoPriceItem--daysMonth","interaction":{"idSuffix":"inner"}},"clearTextFirst":true,"interactionType":"ENTER_TEXT"}]}
COMMAND: POST /session/8710bc86126986cf02bb1d50a5f31e3a/element - {"using":"xpath","value":"//button[@data-kt=\"saveNewRuleButton\"]"}
RESULT: {"using":"xpath","value":"//button[@data-kt=\"saveNewRuleButton\"]"}
COMMAND: POST /session/8710bc86126986cf02bb1d50a5f31e3a/element/f.4F28C2583BB65896889CB8FD582548C6.d.D051710DE08B1D18447682C953AD1F9F.e.17640/click - {}
RESULT: {}
COMMAND: GET /session/8710bc86126986cf02bb1d50a5f31e3a/screenshot - {}
RESULT: {}
COMMAND: POST /session/8710bc86126986cf02bb1d50a5f31e3a/execute/async - {"script":"<script> [1562 bytes]","args":[{"selector":{"id":"application-managepricingrules-display-component---priceInfoItem--smartFilterBar-btnBasicSearch","interaction":{"idSuffix":"I"}},"wdio_ui5_key":"applicationmanagepricingrules-display-component---priceInfoItem--smartFilterBar-btnBasicSearch"}]}
RESULT: {"script":"<script> [1562 bytes]","args":[{"selector":{"id":"application-managepricingrules-display-component---priceInfoItem--smartFilterBar-btnBasicSearch","interaction":{"idSuffix":"I"}},"wdio_ui5_key":"applicationmanagepricingrules-display-component---priceInfoItem--smartFilterBar-btnBasicSearch"}]}
RESULT: undefined
COMMAND: POST /session/8710bc86126986cf02bb1d50a5f31e3a/execute/async - {"script":"<script> [776 bytes]","args":[{"enterText":"2ZcI4p4vPn","selector":{"id":"application-managepricingrules-display-component---priceInfoItem--smartFilterBar-btnBasicSearch","interaction":{"idSuffix":"I"}},"clearTextFirst":true,"interactionType":"ENTER_TEXT"}]}
RESULT: {"script":"<script> [776 bytes]","args":[{"enterText":"2ZcI4p4vPn","selector":{"id":"application-managepricingrules-display-component---priceInfoItem--smartFilterBar-btnBasicSearch","interaction":{"idSuffix":"I"}},"clearTextFirst":true,"interactionType":"ENTER_TEXT"}]}
COMMAND: POST /session/8710bc86126986cf02bb1d50a5f31e3a/actions - {"actions":[{"id":"action69","type":"key","parameters":{},"actions":[{"type":"keyDown","value":""},{"type":"pause","duration":10},{"type":"keyUp","value":""}]}]}
RESULT: {"actions":[{"id":"action69","type":"key","parameters":{},"actions":[{"type":"keyDown","value":""},{"type":"pause","duration":10},{"type":"keyUp","value":""}]}]}
COMMAND: GET /session/8710bc86126986cf02bb1d50a5f31e3a/screenshot - {}
RESULT: {}
COMMAND: POST /session/8710bc86126986cf02bb1d50a5f31e3a/element - {"using":"xpath","value":"//span[@id=\"application-managepricingrules-display-component---priceInfoItem--smartTable-header-inner\"]"}
RESULT: {"using":"xpath","value":"//span[@id=\"application-managepricingrules-display-component---priceInfoItem--smartTable-header-inner\"]"}
COMMAND: POST /session/8710bc86126986cf02bb1d50a5f31e3a/elements - {"using":"xpath","value":"//span[@id=\"application-managepricingrules-display-component---priceInfoItem--smartTable-header-inner\"]"}
RESULT: {"using":"xpath","value":"//span[@id=\"application-managepricingrules-display-component---priceInfoItem--smartTable-header-inner\"]"}
COMMAND: POST /session/8710bc86126986cf02bb1d50a5f31e3a/execute/sync - {"script":"<script> [56 bytes]","args":[{"element-6066-11e4-a52e-4f735466cecf":"f.4F28C2583BB65896889CB8FD582548C6.d.D051710DE08B1D18447682C953AD1F9F.e.17679","ELEMENT":"f.4F28C2583BB65896889CB8FD582548C6.d.D051710DE08B1D18447682C953AD1F9F.e.17679"}]}
RESULT: {"script":"<script> [56 bytes]","args":[{"element-6066-11e4-a52e-4f735466cecf":"f.4F28C2583BB65896889CB8FD582548C6.d.D051710DE08B1D18447682C953AD1F9F.e.17679","ELEMENT":"f.4F28C2583BB65896889CB8FD582548C6.d.D051710DE08B1D18447682C953AD1F9F.e.17679"}]}
COMMAND: POST /session/8710bc86126986cf02bb1d50a5f31e3a/element - {"using":"css selector","value":"#shell-header-logo"}
COMMAND: GET /session/8710bc86126986cf02bb1d50a5f31e3a/screenshot - {}
RESULT: {"using":"css selector","value":"#shell-header-logo"}
COMMAND: POST /session/8710bc86126986cf02bb1d50a5f31e3a/element/f.4F28C2583BB65896889CB8FD582548C6.d.D051710DE08B1D18447682C953AD1F9F.e.16768/click - {}
RESULT: {}
RESULT: {}
COMMAND: GET /session/8710bc86126986cf02bb1d50a5f31e3a/screenshot - {}
RESULT: {}
]]></system-out>
    </testcase>
    <testcase classname="chrome.136_0_7103_93.windows.Billing_Calculation_-_Time_based_(considering_transport_times)_US139738" name="Should create new pricing condition for the equipment" time="68.65">
      <system-out><![CDATA[
COMMAND: POST /session/8710bc86126986cf02bb1d50a5f31e3a/execute/async - {"script":"<script> [1562 bytes]","args":[{"selector":{"controlType":"sap.m.GenericTile","properties":{"header":"Manage Conditions & Prices"}},"wdio_ui5_key":"sapm.GenericTile{\"header\":\"Manage Conditions & Prices\"}"}]}
RESULT: {"script":"<script> [1562 bytes]","args":[{"selector":{"controlType":"sap.m.GenericTile","properties":{"header":"Manage Conditions & Prices"}},"wdio_ui5_key":"sapm.GenericTile{\"header\":\"Manage Conditions & Prices\"}"}]}
RESULT: undefined
COMMAND: POST /session/8710bc86126986cf02bb1d50a5f31e3a/element - {"using":"xpath","value":"//*[@id=\"__tile53\"]"}
RESULT: {"using":"xpath","value":"//*[@id=\"__tile53\"]"}
COMMAND: POST /session/8710bc86126986cf02bb1d50a5f31e3a/element/f.4F28C2583BB65896889CB8FD582548C6.d.D051710DE08B1D18447682C953AD1F9F.e.16702/click - {}
RESULT: {}
COMMAND: GET /session/8710bc86126986cf02bb1d50a5f31e3a/screenshot - {}
RESULT: {}
COMMAND: POST /session/8710bc86126986cf02bb1d50a5f31e3a/elements - {"using":"xpath","value":"//span[text()='Error']"}
RESULT: {"using":"xpath","value":"//span[text()='Error']"}
COMMAND: POST /session/8710bc86126986cf02bb1d50a5f31e3a/element - {"using":"xpath","value":"//button[@aria-label=\"Create\"]"}
RESULT: {"using":"xpath","value":"//button[@aria-label=\"Create\"]"}
COMMAND: POST /session/8710bc86126986cf02bb1d50a5f31e3a/elements - {"using":"xpath","value":"//button[@aria-label=\"Create\"]"}
RESULT: {"using":"xpath","value":"//button[@aria-label=\"Create\"]"}
COMMAND: POST /session/8710bc86126986cf02bb1d50a5f31e3a/execute/sync - {"script":"<script> [8489 bytes]","args":[{"element-6066-11e4-a52e-4f735466cecf":"f.4F28C2583BB65896889CB8FD582548C6.d.D051710DE08B1D18447682C953AD1F9F.e.17715","ELEMENT":"f.4F28C2583BB65896889CB8FD582548C6.d.D051710DE08B1D18447682C953AD1F9F.e.17715"}]}
RESULT: {"script":"<script> [8489 bytes]","args":[{"element-6066-11e4-a52e-4f735466cecf":"f.4F28C2583BB65896889CB8FD582548C6.d.D051710DE08B1D18447682C953AD1F9F.e.17715","ELEMENT":"f.4F28C2583BB65896889CB8FD582548C6.d.D051710DE08B1D18447682C953AD1F9F.e.17715"}]}
COMMAND: GET /session/8710bc86126986cf02bb1d50a5f31e3a/element/f.4F28C2583BB65896889CB8FD582548C6.d.D051710DE08B1D18447682C953AD1F9F.e.17715/enabled - {}
COMMAND: GET /session/8710bc86126986cf02bb1d50a5f31e3a/screenshot - {}
RESULT: {}
COMMAND: POST /session/8710bc86126986cf02bb1d50a5f31e3a/execute/sync - {"script":"<script> [8489 bytes]","args":[{"element-6066-11e4-a52e-4f735466cecf":"f.4F28C2583BB65896889CB8FD582548C6.d.D051710DE08B1D18447682C953AD1F9F.e.17715","ELEMENT":"f.4F28C2583BB65896889CB8FD582548C6.d.D051710DE08B1D18447682C953AD1F9F.e.17715"}]}
COMMAND: GET /session/8710bc86126986cf02bb1d50a5f31e3a/screenshot - {}
RESULT: {}
RESULT: {}
RESULT: {"script":"<script> [8489 bytes]","args":[{"element-6066-11e4-a52e-4f735466cecf":"f.4F28C2583BB65896889CB8FD582548C6.d.D051710DE08B1D18447682C953AD1F9F.e.17715","ELEMENT":"f.4F28C2583BB65896889CB8FD582548C6.d.D051710DE08B1D18447682C953AD1F9F.e.17715"}]}
COMMAND: POST /session/8710bc86126986cf02bb1d50a5f31e3a/execute/sync - {"script":"<script> [5351 bytes]","args":[{"element-6066-11e4-a52e-4f735466cecf":"f.4F28C2583BB65896889CB8FD582548C6.d.D051710DE08B1D18447682C953AD1F9F.e.17715","ELEMENT":"f.4F28C2583BB65896889CB8FD582548C6.d.D051710DE08B1D18447682C953AD1F9F.e.17715"}]}
COMMAND: GET /session/8710bc86126986cf02bb1d50a5f31e3a/screenshot - {}
RESULT: {"script":"<script> [5351 bytes]","args":[{"element-6066-11e4-a52e-4f735466cecf":"f.4F28C2583BB65896889CB8FD582548C6.d.D051710DE08B1D18447682C953AD1F9F.e.17715","ELEMENT":"f.4F28C2583BB65896889CB8FD582548C6.d.D051710DE08B1D18447682C953AD1F9F.e.17715"}]}
COMMAND: POST /session/8710bc86126986cf02bb1d50a5f31e3a/element/f.4F28C2583BB65896889CB8FD582548C6.d.D051710DE08B1D18447682C953AD1F9F.e.17715/click - {}
COMMAND: GET /session/8710bc86126986cf02bb1d50a5f31e3a/screenshot - {}
RESULT: {}
RESULT: {}
COMMAND: GET /session/8710bc86126986cf02bb1d50a5f31e3a/screenshot - {}
RESULT: {}
RESULT: {}
COMMAND: POST /session/8710bc86126986cf02bb1d50a5f31e3a/actions - {"actions":[{"id":"action70","type":"key","parameters":{},"actions":[{"type":"keyDown","value":""},{"type":"pause","duration":10},{"type":"keyUp","value":""}]}]}
RESULT: {"actions":[{"id":"action70","type":"key","parameters":{},"actions":[{"type":"keyDown","value":""},{"type":"pause","duration":10},{"type":"keyUp","value":""}]}]}
COMMAND: GET /session/8710bc86126986cf02bb1d50a5f31e3a/screenshot - {}
RESULT: {}
COMMAND: POST /session/8710bc86126986cf02bb1d50a5f31e3a/execute/async - {"script":"<script> [1562 bytes]","args":[{"selector":{"id":"application-manageconditionprice-display-component---newCondition--condBillCond-arrow"},"wdio_ui5_key":"applicationmanageconditionprice-display-component---newCondition--condBillCond-arrow"}]}
RESULT: {"script":"<script> [1562 bytes]","args":[{"selector":{"id":"application-manageconditionprice-display-component---newCondition--condBillCond-arrow"},"wdio_ui5_key":"applicationmanageconditionprice-display-component---newCondition--condBillCond-arrow"}]}
RESULT: undefined
COMMAND: POST /session/8710bc86126986cf02bb1d50a5f31e3a/element - {"using":"xpath","value":"//*[@id=\"application-manageconditionprice-display-component---newCondition--condBillCond-arrow\"]"}
RESULT: {"using":"xpath","value":"//*[@id=\"application-manageconditionprice-display-component---newCondition--condBillCond-arrow\"]"}
COMMAND: POST /session/8710bc86126986cf02bb1d50a5f31e3a/element/f.4F28C2583BB65896889CB8FD582548C6.d.D051710DE08B1D18447682C953AD1F9F.e.17892/click - {}
RESULT: {}
COMMAND: GET /session/8710bc86126986cf02bb1d50a5f31e3a/screenshot - {}
RESULT: {}
COMMAND: POST /session/8710bc86126986cf02bb1d50a5f31e3a/element - {"using":"xpath","value":"//li[.//span[contains(text(), \"DISP - D&I special price\")]]"}
RESULT: {"using":"xpath","value":"//li[.//span[contains(text(), \"DISP - D&I special price\")]]"}
COMMAND: POST /session/8710bc86126986cf02bb1d50a5f31e3a/element/f.4F28C2583BB65896889CB8FD582548C6.d.D051710DE08B1D18447682C953AD1F9F.e.17895/click - {}
RESULT: {}
COMMAND: GET /session/8710bc86126986cf02bb1d50a5f31e3a/screenshot - {}
RESULT: {}
COMMAND: POST /session/8710bc86126986cf02bb1d50a5f31e3a/execute/async - {"script":"<script> [1562 bytes]","args":[{"selector":{"id":"application-manageconditionprice-display-component---newCondition--condValidTo","interaction":{"idSuffix":"inner"}},"wdio_ui5_key":"applicationmanageconditionprice-display-component---newCondition--condValidTo"}]}
RESULT: {"script":"<script> [1562 bytes]","args":[{"selector":{"id":"application-manageconditionprice-display-component---newCondition--condValidTo","interaction":{"idSuffix":"inner"}},"wdio_ui5_key":"applicationmanageconditionprice-display-component---newCondition--condValidTo"}]}
RESULT: undefined
COMMAND: POST /session/8710bc86126986cf02bb1d50a5f31e3a/execute/async - {"script":"<script> [776 bytes]","args":[{"enterText":"1/22/26","selector":{"id":"application-manageconditionprice-display-component---newCondition--condValidTo","interaction":{"idSuffix":"inner"}},"clearTextFirst":true,"interactionType":"ENTER_TEXT"}]}
RESULT: {"script":"<script> [776 bytes]","args":[{"enterText":"1/22/26","selector":{"id":"application-manageconditionprice-display-component---newCondition--condValidTo","interaction":{"idSuffix":"inner"}},"clearTextFirst":true,"interactionType":"ENTER_TEXT"}]}
COMMAND: POST /session/8710bc86126986cf02bb1d50a5f31e3a/element - {"using":"xpath","value":"//input[@id=\"application-manageconditionprice-display-component---newCondition--condRU-inner\"]"}
RESULT: {"using":"xpath","value":"//input[@id=\"application-manageconditionprice-display-component---newCondition--condRU-inner\"]"}
COMMAND: POST /session/8710bc86126986cf02bb1d50a5f31e3a/element/f.4F28C2583BB65896889CB8FD582548C6.d.D051710DE08B1D18447682C953AD1F9F.e.17758/clear - {}
RESULT: {}
COMMAND: POST /session/8710bc86126986cf02bb1d50a5f31e3a/element/f.4F28C2583BB65896889CB8FD582548C6.d.D051710DE08B1D18447682C953AD1F9F.e.17758/value - {"text":"2ZcI4p4vPn"}
COMMAND: GET /session/8710bc86126986cf02bb1d50a5f31e3a/screenshot - {}
RESULT: {"text":"2ZcI4p4vPn"}
COMMAND: GET /session/8710bc86126986cf02bb1d50a5f31e3a/screenshot - {}
RESULT: {}
RESULT: {}
COMMAND: POST /session/8710bc86126986cf02bb1d50a5f31e3a/actions - {"actions":[{"id":"action71","type":"key","parameters":{},"actions":[{"type":"keyDown","value":""},{"type":"pause","duration":10},{"type":"keyUp","value":""}]}]}
RESULT: {"actions":[{"id":"action71","type":"key","parameters":{},"actions":[{"type":"keyDown","value":""},{"type":"pause","duration":10},{"type":"keyUp","value":""}]}]}
COMMAND: POST /session/8710bc86126986cf02bb1d50a5f31e3a/execute/async - {"script":"<script> [1562 bytes]","args":[{"selector":{"id":"application-manageconditionprice-display-component---newCondition--condBaseQty","interaction":{"idSuffix":"inner"}},"wdio_ui5_key":"applicationmanageconditionprice-display-component---newCondition--condBaseQty"}]}
COMMAND: GET /session/8710bc86126986cf02bb1d50a5f31e3a/screenshot - {}
RESULT: {"script":"<script> [1562 bytes]","args":[{"selector":{"id":"application-manageconditionprice-display-component---newCondition--condBaseQty","interaction":{"idSuffix":"inner"}},"wdio_ui5_key":"applicationmanageconditionprice-display-component---newCondition--condBaseQty"}]}
RESULT: undefined
COMMAND: POST /session/8710bc86126986cf02bb1d50a5f31e3a/execute/async - {"script":"<script> [776 bytes]","args":[{"enterText":"1","selector":{"id":"application-manageconditionprice-display-component---newCondition--condBaseQty","interaction":{"idSuffix":"inner"}},"clearTextFirst":true,"interactionType":"ENTER_TEXT"}]}
RESULT: {}
RESULT: {"script":"<script> [776 bytes]","args":[{"enterText":"1","selector":{"id":"application-manageconditionprice-display-component---newCondition--condBaseQty","interaction":{"idSuffix":"inner"}},"clearTextFirst":true,"interactionType":"ENTER_TEXT"}]}
COMMAND: POST /session/8710bc86126986cf02bb1d50a5f31e3a/execute/async - {"script":"<script> [1562 bytes]","args":[{"selector":{"id":"application-manageconditionprice-display-component---newCondition--condValue","interaction":{"idSuffix":"inner"}},"wdio_ui5_key":"applicationmanageconditionprice-display-component---newCondition--condValue"}]}
RESULT: {"script":"<script> [1562 bytes]","args":[{"selector":{"id":"application-manageconditionprice-display-component---newCondition--condValue","interaction":{"idSuffix":"inner"}},"wdio_ui5_key":"applicationmanageconditionprice-display-component---newCondition--condValue"}]}
RESULT: undefined
COMMAND: POST /session/8710bc86126986cf02bb1d50a5f31e3a/execute/async - {"script":"<script> [776 bytes]","args":[{"enterText":"100","selector":{"id":"application-manageconditionprice-display-component---newCondition--condValue","interaction":{"idSuffix":"inner"}},"clearTextFirst":true,"interactionType":"ENTER_TEXT"}]}
RESULT: {"script":"<script> [776 bytes]","args":[{"enterText":"100","selector":{"id":"application-manageconditionprice-display-component---newCondition--condValue","interaction":{"idSuffix":"inner"}},"clearTextFirst":true,"interactionType":"ENTER_TEXT"}]}
COMMAND: POST /session/8710bc86126986cf02bb1d50a5f31e3a/execute/async - {"script":"<script> [1562 bytes]","args":[{"selector":{"id":"application-manageconditionprice-display-component---newCondition--condCurr-arrow"},"wdio_ui5_key":"applicationmanageconditionprice-display-component---newCondition--condCurr-arrow"}]}
RESULT: {"script":"<script> [1562 bytes]","args":[{"selector":{"id":"application-manageconditionprice-display-component---newCondition--condCurr-arrow"},"wdio_ui5_key":"applicationmanageconditionprice-display-component---newCondition--condCurr-arrow"}]}
RESULT: undefined
COMMAND: POST /session/8710bc86126986cf02bb1d50a5f31e3a/element - {"using":"xpath","value":"//*[@id=\"application-manageconditionprice-display-component---newCondition--condCurr-arrow\"]"}
RESULT: {"using":"xpath","value":"//*[@id=\"application-manageconditionprice-display-component---newCondition--condCurr-arrow\"]"}
COMMAND: POST /session/8710bc86126986cf02bb1d50a5f31e3a/element/f.4F28C2583BB65896889CB8FD582548C6.d.D051710DE08B1D18447682C953AD1F9F.e.17849/click - {}
RESULT: {}
COMMAND: POST /session/8710bc86126986cf02bb1d50a5f31e3a/element - {"using":"xpath","value":"//span[contains(text(), \"Euro\")]"}
COMMAND: GET /session/8710bc86126986cf02bb1d50a5f31e3a/screenshot - {}
RESULT: {"using":"xpath","value":"//span[contains(text(), \"Euro\")]"}
COMMAND: POST /session/8710bc86126986cf02bb1d50a5f31e3a/element/f.4F28C2583BB65896889CB8FD582548C6.d.D051710DE08B1D18447682C953AD1F9F.e.17932/click - {}
RESULT: {}
RESULT: {}
COMMAND: POST /session/8710bc86126986cf02bb1d50a5f31e3a/element - {"using":"xpath","value":"//button[@data-kt=\"saveButton\"]"}
COMMAND: GET /session/8710bc86126986cf02bb1d50a5f31e3a/screenshot - {}
RESULT: {"using":"xpath","value":"//button[@data-kt=\"saveButton\"]"}
COMMAND: POST /session/8710bc86126986cf02bb1d50a5f31e3a/element/f.4F28C2583BB65896889CB8FD582548C6.d.D051710DE08B1D18447682C953AD1F9F.e.17850/click - {}
RESULT: {}
RESULT: {}
COMMAND: GET /session/8710bc86126986cf02bb1d50a5f31e3a/screenshot - {}
RESULT: {}
COMMAND: POST /session/8710bc86126986cf02bb1d50a5f31e3a/execute/async - {"script":"<script> [1562 bytes]","args":[{"selector":{"id":"application-manageconditionprice-display-component---conditions--smartFilterBar-btnBasicSearch","interaction":{"idSuffix":"I"}},"wdio_ui5_key":"applicationmanageconditionprice-display-component---conditions--smartFilterBar-btnBasicSearch"}]}
RESULT: {"script":"<script> [1562 bytes]","args":[{"selector":{"id":"application-manageconditionprice-display-component---conditions--smartFilterBar-btnBasicSearch","interaction":{"idSuffix":"I"}},"wdio_ui5_key":"applicationmanageconditionprice-display-component---conditions--smartFilterBar-btnBasicSearch"}]}
RESULT: undefined
COMMAND: POST /session/8710bc86126986cf02bb1d50a5f31e3a/execute/async - {"script":"<script> [776 bytes]","args":[{"enterText":"2ZcI4p4vPn","selector":{"id":"application-manageconditionprice-display-component---conditions--smartFilterBar-btnBasicSearch","interaction":{"idSuffix":"I"}},"clearTextFirst":true,"interactionType":"ENTER_TEXT"}]}
RESULT: {"script":"<script> [776 bytes]","args":[{"enterText":"2ZcI4p4vPn","selector":{"id":"application-manageconditionprice-display-component---conditions--smartFilterBar-btnBasicSearch","interaction":{"idSuffix":"I"}},"clearTextFirst":true,"interactionType":"ENTER_TEXT"}]}
COMMAND: POST /session/8710bc86126986cf02bb1d50a5f31e3a/actions - {"actions":[{"id":"action72","type":"key","parameters":{},"actions":[{"type":"keyDown","value":""},{"type":"pause","duration":10},{"type":"keyUp","value":""}]}]}
RESULT: {"actions":[{"id":"action72","type":"key","parameters":{},"actions":[{"type":"keyDown","value":""},{"type":"pause","duration":10},{"type":"keyUp","value":""}]}]}
COMMAND: GET /session/8710bc86126986cf02bb1d50a5f31e3a/screenshot - {}
RESULT: {}
COMMAND: POST /session/8710bc86126986cf02bb1d50a5f31e3a/execute/async - {"script":"<script> [1562 bytes]","args":[{"selector":{"id":"application-manageconditionprice-display-component---conditions--smartFilterBar-filterItemControl_BASIC-BILL_TYPES-vhi"},"wdio_ui5_key":"applicationmanageconditionprice-display-component---conditions--smartFilterBar-filterItemControl_BASIC-BILL_TYPES-vhi"}]}
RESULT: {"script":"<script> [1562 bytes]","args":[{"selector":{"id":"application-manageconditionprice-display-component---conditions--smartFilterBar-filterItemControl_BASIC-BILL_TYPES-vhi"},"wdio_ui5_key":"applicationmanageconditionprice-display-component---conditions--smartFilterBar-filterItemControl_BASIC-BILL_TYPES-vhi"}]}
RESULT: undefined
COMMAND: POST /session/8710bc86126986cf02bb1d50a5f31e3a/element - {"using":"xpath","value":"//*[@id=\"application-manageconditionprice-display-component---conditions--smartFilterBar-filterItemControl_BASIC-BILL_TYPES-vhi\"]"}
RESULT: {"using":"xpath","value":"//*[@id=\"application-manageconditionprice-display-component---conditions--smartFilterBar-filterItemControl_BASIC-BILL_TYPES-vhi\"]"}
COMMAND: POST /session/8710bc86126986cf02bb1d50a5f31e3a/element/f.4F28C2583BB65896889CB8FD582548C6.d.D051710DE08B1D18447682C953AD1F9F.e.17949/click - {}
RESULT: {}
COMMAND: POST /session/8710bc86126986cf02bb1d50a5f31e3a/execute/async - {"script":"<script> [1562 bytes]","args":[{"selector":{"id":"application-manageconditionprice-display-component---conditions--smartFilterBar-filterItemControl_BASIC-BILL_TYPES-valueHelpDialog-smartFilterBar-btnBasicSearch","searchOpenDialogs":true,"interaction":{"idSuffix":"I"}},"wdio_ui5_key":"applicationmanageconditionprice-display-component---conditions--smartFilterBar-filterItemControl_BASIC-BILL_TYPES-valueHelpDialog-smartFilterBar-btnBasicSearch"}]}
COMMAND: GET /session/8710bc86126986cf02bb1d50a5f31e3a/screenshot - {}
RESULT: {}
RESULT: {"script":"<script> [1562 bytes]","args":[{"selector":{"id":"application-manageconditionprice-display-component---conditions--smartFilterBar-filterItemControl_BASIC-BILL_TYPES-valueHelpDialog-smartFilterBar-btnBasicSearch","searchOpenDialogs":true,"interaction":{"idSuffix":"I"}},"wdio_ui5_key":"applicationmanageconditionprice-display-component---conditions--smartFilterBar-filterItemControl_BASIC-BILL_TYPES-valueHelpDialog-smartFilterBar-btnBasicSearch"}]}
RESULT: undefined
COMMAND: POST /session/8710bc86126986cf02bb1d50a5f31e3a/execute/async - {"script":"<script> [776 bytes]","args":[{"enterText":"TB","selector":{"id":"application-manageconditionprice-display-component---conditions--smartFilterBar-filterItemControl_BASIC-BILL_TYPES-valueHelpDialog-smartFilterBar-btnBasicSearch","searchOpenDialogs":true,"interaction":{"idSuffix":"I"}},"clearTextFirst":true,"interactionType":"ENTER_TEXT"}]}
RESULT: {"script":"<script> [776 bytes]","args":[{"enterText":"TB","selector":{"id":"application-manageconditionprice-display-component---conditions--smartFilterBar-filterItemControl_BASIC-BILL_TYPES-valueHelpDialog-smartFilterBar-btnBasicSearch","searchOpenDialogs":true,"interaction":{"idSuffix":"I"}},"clearTextFirst":true,"interactionType":"ENTER_TEXT"}]}
COMMAND: POST /session/8710bc86126986cf02bb1d50a5f31e3a/actions - {"actions":[{"id":"action73","type":"key","parameters":{},"actions":[{"type":"keyDown","value":""},{"type":"pause","duration":10},{"type":"keyUp","value":""}]}]}
RESULT: {"actions":[{"id":"action73","type":"key","parameters":{},"actions":[{"type":"keyDown","value":""},{"type":"pause","duration":10},{"type":"keyUp","value":""}]}]}
COMMAND: GET /session/8710bc86126986cf02bb1d50a5f31e3a/screenshot - {}
RESULT: {}
COMMAND: POST /session/8710bc86126986cf02bb1d50a5f31e3a/element - {"using":"xpath","value":"//div[contains(@id, 'application-manageconditionprice-display-component---conditions--smartFilterBar-filterItemControl_BASIC-BILL_TYPES-valueHelpDialog-table-rowsel0')]"}
RESULT: {"using":"xpath","value":"//div[contains(@id, 'application-manageconditionprice-display-component---conditions--smartFilterBar-filterItemControl_BASIC-BILL_TYPES-valueHelpDialog-table-rowsel0')]"}
COMMAND: POST /session/8710bc86126986cf02bb1d50a5f31e3a/element/f.4F28C2583BB65896889CB8FD582548C6.d.D051710DE08B1D18447682C953AD1F9F.e.17959/click - {}
RESULT: {}
COMMAND: GET /session/8710bc86126986cf02bb1d50a5f31e3a/screenshot - {}
RESULT: {}
COMMAND: POST /session/8710bc86126986cf02bb1d50a5f31e3a/element - {"using":"xpath","value":"//bdi[contains(text(), \"OK\")]"}
RESULT: {"using":"xpath","value":"//bdi[contains(text(), \"OK\")]"}
COMMAND: POST /session/8710bc86126986cf02bb1d50a5f31e3a/element/f.4F28C2583BB65896889CB8FD582548C6.d.D051710DE08B1D18447682C953AD1F9F.e.17961/click - {}
RESULT: {}
COMMAND: GET /session/8710bc86126986cf02bb1d50a5f31e3a/screenshot - {}
RESULT: {}
COMMAND: POST /session/8710bc86126986cf02bb1d50a5f31e3a/element - {"using":"xpath","value":"//span[@id=\"application-manageconditionprice-display-component---conditions--smartTable-header-inner\"]"}
RESULT: {"using":"xpath","value":"//span[@id=\"application-manageconditionprice-display-component---conditions--smartTable-header-inner\"]"}
COMMAND: POST /session/8710bc86126986cf02bb1d50a5f31e3a/elements - {"using":"xpath","value":"//span[@id=\"application-manageconditionprice-display-component---conditions--smartTable-header-inner\"]"}
RESULT: {"using":"xpath","value":"//span[@id=\"application-manageconditionprice-display-component---conditions--smartTable-header-inner\"]"}
COMMAND: POST /session/8710bc86126986cf02bb1d50a5f31e3a/execute/sync - {"script":"<script> [56 bytes]","args":[{"element-6066-11e4-a52e-4f735466cecf":"f.4F28C2583BB65896889CB8FD582548C6.d.D051710DE08B1D18447682C953AD1F9F.e.17964","ELEMENT":"f.4F28C2583BB65896889CB8FD582548C6.d.D051710DE08B1D18447682C953AD1F9F.e.17964"}]}
RESULT: {"script":"<script> [56 bytes]","args":[{"element-6066-11e4-a52e-4f735466cecf":"f.4F28C2583BB65896889CB8FD582548C6.d.D051710DE08B1D18447682C953AD1F9F.e.17964","ELEMENT":"f.4F28C2583BB65896889CB8FD582548C6.d.D051710DE08B1D18447682C953AD1F9F.e.17964"}]}
COMMAND: POST /session/8710bc86126986cf02bb1d50a5f31e3a/element - {"using":"css selector","value":"#shell-header-logo"}
COMMAND: GET /session/8710bc86126986cf02bb1d50a5f31e3a/screenshot - {}
RESULT: {"using":"css selector","value":"#shell-header-logo"}
COMMAND: POST /session/8710bc86126986cf02bb1d50a5f31e3a/element/f.4F28C2583BB65896889CB8FD582548C6.d.D051710DE08B1D18447682C953AD1F9F.e.17682/click - {}
RESULT: {}
RESULT: {}
COMMAND: GET /session/8710bc86126986cf02bb1d50a5f31e3a/screenshot - {}
RESULT: {}
]]></system-out>
    </testcase>
    <testcase classname="chrome.136_0_7103_93.windows.Billing_Calculation_-_Time_based_(considering_transport_times)_US139738" name="Should do a stock increase for the equipment" time="95.184">
      <system-out><![CDATA[
COMMAND: POST /session/8710bc86126986cf02bb1d50a5f31e3a/execute/async - {"script":"<script> [1562 bytes]","args":[{"selector":{"controlType":"sap.m.GenericTile","properties":{"header":"Manage Handovers"}},"wdio_ui5_key":"sapm.GenericTile{\"header\":\"Manage Handovers\"}"}]}
RESULT: {"script":"<script> [1562 bytes]","args":[{"selector":{"controlType":"sap.m.GenericTile","properties":{"header":"Manage Handovers"}},"wdio_ui5_key":"sapm.GenericTile{\"header\":\"Manage Handovers\"}"}]}
RESULT: undefined
COMMAND: POST /session/8710bc86126986cf02bb1d50a5f31e3a/element - {"using":"xpath","value":"//*[@id=\"__tile132\"]"}
RESULT: {"using":"xpath","value":"//*[@id=\"__tile132\"]"}
COMMAND: POST /session/8710bc86126986cf02bb1d50a5f31e3a/element/f.4F28C2583BB65896889CB8FD582548C6.d.D051710DE08B1D18447682C953AD1F9F.e.16741/click - {}
RESULT: {}
COMMAND: GET /session/8710bc86126986cf02bb1d50a5f31e3a/screenshot - {}
RESULT: {}
COMMAND: POST /session/8710bc86126986cf02bb1d50a5f31e3a/elements - {"using":"xpath","value":"//span[text()='Error']"}
RESULT: {"using":"xpath","value":"//span[text()='Error']"}
COMMAND: POST /session/8710bc86126986cf02bb1d50a5f31e3a/element - {"using":"xpath","value":"//button[@data-kt=\"masterHOAddButton\"]"}
RESULT: {"using":"xpath","value":"//button[@data-kt=\"masterHOAddButton\"]"}
COMMAND: POST /session/8710bc86126986cf02bb1d50a5f31e3a/elements - {"using":"xpath","value":"//button[@data-kt=\"masterHOAddButton\"]"}
RESULT: {"using":"xpath","value":"//button[@data-kt=\"masterHOAddButton\"]"}
COMMAND: POST /session/8710bc86126986cf02bb1d50a5f31e3a/execute/sync - {"script":"<script> [8489 bytes]","args":[{"element-6066-11e4-a52e-4f735466cecf":"f.4F28C2583BB65896889CB8FD582548C6.d.D051710DE08B1D18447682C953AD1F9F.e.18007","ELEMENT":"f.4F28C2583BB65896889CB8FD582548C6.d.D051710DE08B1D18447682C953AD1F9F.e.18007"}]}
RESULT: {"script":"<script> [8489 bytes]","args":[{"element-6066-11e4-a52e-4f735466cecf":"f.4F28C2583BB65896889CB8FD582548C6.d.D051710DE08B1D18447682C953AD1F9F.e.18007","ELEMENT":"f.4F28C2583BB65896889CB8FD582548C6.d.D051710DE08B1D18447682C953AD1F9F.e.18007"}]}
COMMAND: GET /session/8710bc86126986cf02bb1d50a5f31e3a/element/f.4F28C2583BB65896889CB8FD582548C6.d.D051710DE08B1D18447682C953AD1F9F.e.18007/enabled - {}
COMMAND: GET /session/8710bc86126986cf02bb1d50a5f31e3a/screenshot - {}
RESULT: {}
COMMAND: POST /session/8710bc86126986cf02bb1d50a5f31e3a/execute/sync - {"script":"<script> [8489 bytes]","args":[{"element-6066-11e4-a52e-4f735466cecf":"f.4F28C2583BB65896889CB8FD582548C6.d.D051710DE08B1D18447682C953AD1F9F.e.18007","ELEMENT":"f.4F28C2583BB65896889CB8FD582548C6.d.D051710DE08B1D18447682C953AD1F9F.e.18007"}]}
COMMAND: GET /session/8710bc86126986cf02bb1d50a5f31e3a/screenshot - {}
RESULT: {}
RESULT: {"script":"<script> [8489 bytes]","args":[{"element-6066-11e4-a52e-4f735466cecf":"f.4F28C2583BB65896889CB8FD582548C6.d.D051710DE08B1D18447682C953AD1F9F.e.18007","ELEMENT":"f.4F28C2583BB65896889CB8FD582548C6.d.D051710DE08B1D18447682C953AD1F9F.e.18007"}]}
COMMAND: POST /session/8710bc86126986cf02bb1d50a5f31e3a/execute/sync - {"script":"<script> [5351 bytes]","args":[{"element-6066-11e4-a52e-4f735466cecf":"f.4F28C2583BB65896889CB8FD582548C6.d.D051710DE08B1D18447682C953AD1F9F.e.18007","ELEMENT":"f.4F28C2583BB65896889CB8FD582548C6.d.D051710DE08B1D18447682C953AD1F9F.e.18007"}]}
COMMAND: GET /session/8710bc86126986cf02bb1d50a5f31e3a/screenshot - {}
RESULT: {}
RESULT: {"script":"<script> [5351 bytes]","args":[{"element-6066-11e4-a52e-4f735466cecf":"f.4F28C2583BB65896889CB8FD582548C6.d.D051710DE08B1D18447682C953AD1F9F.e.18007","ELEMENT":"f.4F28C2583BB65896889CB8FD582548C6.d.D051710DE08B1D18447682C953AD1F9F.e.18007"}]}
COMMAND: POST /session/8710bc86126986cf02bb1d50a5f31e3a/element/f.4F28C2583BB65896889CB8FD582548C6.d.D051710DE08B1D18447682C953AD1F9F.e.18007/click - {}
COMMAND: GET /session/8710bc86126986cf02bb1d50a5f31e3a/screenshot - {}
RESULT: {}
RESULT: {}
COMMAND: GET /session/8710bc86126986cf02bb1d50a5f31e3a/screenshot - {}
RESULT: {}
COMMAND: POST /session/8710bc86126986cf02bb1d50a5f31e3a/element - {"using":"xpath","value":"//span[contains(@id ,\"AddNewHO--typeSelect-arrow\")]"}
RESULT: {}
RESULT: {"using":"xpath","value":"//span[contains(@id ,\"AddNewHO--typeSelect-arrow\")]"}
COMMAND: POST /session/8710bc86126986cf02bb1d50a5f31e3a/element/f.4F28C2583BB65896889CB8FD582548C6.d.D051710DE08B1D18447682C953AD1F9F.e.18359/click - {}
RESULT: {}
COMMAND: GET /session/8710bc86126986cf02bb1d50a5f31e3a/screenshot - {}
RESULT: {}
COMMAND: POST /session/8710bc86126986cf02bb1d50a5f31e3a/element - {"using":"xpath","value":"(//li[contains(text(), \"stock increase yard\")])[1]"}
RESULT: {"using":"xpath","value":"(//li[contains(text(), \"stock increase yard\")])[1]"}
COMMAND: POST /session/8710bc86126986cf02bb1d50a5f31e3a/element/f.4F28C2583BB65896889CB8FD582548C6.d.D051710DE08B1D18447682C953AD1F9F.e.18360/click - {}
RESULT: {}
COMMAND: GET /session/8710bc86126986cf02bb1d50a5f31e3a/screenshot - {}
RESULT: {}
COMMAND: POST /session/8710bc86126986cf02bb1d50a5f31e3a/execute/async - {"script":"<script> [1562 bytes]","args":[{"selector":{"id":"application-managehandovers-display-component---AddNewHO--dueDate","interaction":{"idSuffix":"inner"}},"wdio_ui5_key":"applicationmanagehandovers-display-component---AddNewHO--dueDate"}]}
RESULT: {"script":"<script> [1562 bytes]","args":[{"selector":{"id":"application-managehandovers-display-component---AddNewHO--dueDate","interaction":{"idSuffix":"inner"}},"wdio_ui5_key":"applicationmanagehandovers-display-component---AddNewHO--dueDate"}]}
RESULT: undefined
COMMAND: POST /session/8710bc86126986cf02bb1d50a5f31e3a/execute/async - {"script":"<script> [6424 bytes]","args":[{"element-6066-11e4-a52e-4f735466cecf":"f.4F28C2583BB65896889CB8FD582548C6.d.D051710DE08B1D18447682C953AD1F9F.e.18364"},"setValue",["5/22/25"]]}
RESULT: {"script":"<script> [6424 bytes]","args":[{"element-6066-11e4-a52e-4f735466cecf":"f.4F28C2583BB65896889CB8FD582548C6.d.D051710DE08B1D18447682C953AD1F9F.e.18364"},"setValue",["5/22/25"]]}
COMMAND: POST /session/8710bc86126986cf02bb1d50a5f31e3a/element - {"using":"xpath","value":"//input[@id=\"generalSectionFrg--receiveYard-inner\"]"}
RESULT: {"using":"xpath","value":"//input[@id=\"generalSectionFrg--receiveYard-inner\"]"}
COMMAND: POST /session/8710bc86126986cf02bb1d50a5f31e3a/element/f.4F28C2583BB65896889CB8FD582548C6.d.D051710DE08B1D18447682C953AD1F9F.e.18368/clear - {}
RESULT: {}
COMMAND: POST /session/8710bc86126986cf02bb1d50a5f31e3a/element/f.4F28C2583BB65896889CB8FD582548C6.d.D051710DE08B1D18447682C953AD1F9F.e.18368/value - {"text":"679"}
COMMAND: GET /session/8710bc86126986cf02bb1d50a5f31e3a/screenshot - {}
RESULT: {"text":"679"}
COMMAND: GET /session/8710bc86126986cf02bb1d50a5f31e3a/screenshot - {}
RESULT: {}
RESULT: {}
COMMAND: POST /session/8710bc86126986cf02bb1d50a5f31e3a/element - {"using":"xpath","value":"//li[.//span[text()='679']]"}
RESULT: {"using":"xpath","value":"//li[.//span[text()='679']]"}
COMMAND: POST /session/8710bc86126986cf02bb1d50a5f31e3a/element/f.4F28C2583BB65896889CB8FD582548C6.d.D051710DE08B1D18447682C953AD1F9F.e.18384/click - {}
RESULT: {}
COMMAND: GET /session/8710bc86126986cf02bb1d50a5f31e3a/screenshot - {}
RESULT: {}
COMMAND: POST /session/8710bc86126986cf02bb1d50a5f31e3a/execute/async - {"script":"<script> [1562 bytes]","args":[{"selector":{"id":"application-managehandovers-display-component---AddNewHO--ObjectPageLayout-anchBar-application-managehandovers-display-component---AddNewHO--section4-anchor","interaction":{"idSuffix":"BDI-content"}},"wdio_ui5_key":"applicationmanagehandovers-display-component---AddNewHO--ObjectPageLayout-anchBar-application-managehandovers-display-component---AddNewHO--section4-anchor"}]}
RESULT: {"script":"<script> [1562 bytes]","args":[{"selector":{"id":"application-managehandovers-display-component---AddNewHO--ObjectPageLayout-anchBar-application-managehandovers-display-component---AddNewHO--section4-anchor","interaction":{"idSuffix":"BDI-content"}},"wdio_ui5_key":"applicationmanagehandovers-display-component---AddNewHO--ObjectPageLayout-anchBar-application-managehandovers-display-component---AddNewHO--section4-anchor"}]}
RESULT: undefined
COMMAND: POST /session/8710bc86126986cf02bb1d50a5f31e3a/element - {"using":"xpath","value":"//*[@id=\"application-managehandovers-display-component---AddNewHO--ObjectPageLayout-anchBar-application-managehandovers-display-component---AddNewHO--section4-anchor\"]"}
RESULT: {"using":"xpath","value":"//*[@id=\"application-managehandovers-display-component---AddNewHO--ObjectPageLayout-anchBar-application-managehandovers-display-component---AddNewHO--section4-anchor\"]"}
COMMAND: POST /session/8710bc86126986cf02bb1d50a5f31e3a/element/f.4F28C2583BB65896889CB8FD582548C6.d.D051710DE08B1D18447682C953AD1F9F.e.18386/click - {}
RESULT: {}
COMMAND: POST /session/8710bc86126986cf02bb1d50a5f31e3a/element - {"using":"xpath","value":"//button[@aria-label=\"Add\"]"}
COMMAND: GET /session/8710bc86126986cf02bb1d50a5f31e3a/screenshot - {}
RESULT: {"using":"xpath","value":"//button[@aria-label=\"Add\"]"}
COMMAND: POST /session/8710bc86126986cf02bb1d50a5f31e3a/element/f.4F28C2583BB65896889CB8FD582548C6.d.D051710DE08B1D18447682C953AD1F9F.e.18388/click - {}
RESULT: {}
RESULT: {}
COMMAND: GET /session/8710bc86126986cf02bb1d50a5f31e3a/screenshot - {}
RESULT: {}
COMMAND: POST /session/8710bc86126986cf02bb1d50a5f31e3a/execute/async - {"script":"<script> [1562 bytes]","args":[{"selector":{"id":"application-managehandovers-display-component---AddNewHO--smartFilterBar-btnBasicSearch","searchOpenDialogs":true,"interaction":{"idSuffix":"I"}},"wdio_ui5_key":"applicationmanagehandovers-display-component---AddNewHO--smartFilterBar-btnBasicSearch"}]}
RESULT: {"script":"<script> [1562 bytes]","args":[{"selector":{"id":"application-managehandovers-display-component---AddNewHO--smartFilterBar-btnBasicSearch","searchOpenDialogs":true,"interaction":{"idSuffix":"I"}},"wdio_ui5_key":"applicationmanagehandovers-display-component---AddNewHO--smartFilterBar-btnBasicSearch"}]}
RESULT: undefined
COMMAND: POST /session/8710bc86126986cf02bb1d50a5f31e3a/execute/async - {"script":"<script> [776 bytes]","args":[{"enterText":"2ZcI4p4vPn","selector":{"id":"application-managehandovers-display-component---AddNewHO--smartFilterBar-btnBasicSearch","searchOpenDialogs":true,"interaction":{"idSuffix":"I"}},"clearTextFirst":true,"interactionType":"ENTER_TEXT"}]}
RESULT: {"script":"<script> [776 bytes]","args":[{"enterText":"2ZcI4p4vPn","selector":{"id":"application-managehandovers-display-component---AddNewHO--smartFilterBar-btnBasicSearch","searchOpenDialogs":true,"interaction":{"idSuffix":"I"}},"clearTextFirst":true,"interactionType":"ENTER_TEXT"}]}
COMMAND: POST /session/8710bc86126986cf02bb1d50a5f31e3a/actions - {"actions":[{"id":"action74","type":"key","parameters":{},"actions":[{"type":"keyDown","value":""},{"type":"pause","duration":10},{"type":"keyUp","value":""}]}]}
RESULT: {"actions":[{"id":"action74","type":"key","parameters":{},"actions":[{"type":"keyDown","value":""},{"type":"pause","duration":10},{"type":"keyUp","value":""}]}]}
COMMAND: GET /session/8710bc86126986cf02bb1d50a5f31e3a/screenshot - {}
RESULT: {}
COMMAND: POST /session/8710bc86126986cf02bb1d50a5f31e3a/execute/async - {"script":"<script> [1562 bytes]","args":[{"selector":{"id":"application-managehandovers-display-component---AddNewHO--popup-sa","searchOpenDialogs":true,"interaction":{"idSuffix":"CbBg"}},"wdio_ui5_key":"applicationmanagehandovers-display-component---AddNewHO--popup-sa"}]}
RESULT: {"script":"<script> [1562 bytes]","args":[{"selector":{"id":"application-managehandovers-display-component---AddNewHO--popup-sa","searchOpenDialogs":true,"interaction":{"idSuffix":"CbBg"}},"wdio_ui5_key":"applicationmanagehandovers-display-component---AddNewHO--popup-sa"}]}
RESULT: undefined
COMMAND: POST /session/8710bc86126986cf02bb1d50a5f31e3a/element - {"using":"xpath","value":"//*[@id=\"application-managehandovers-display-component---AddNewHO--popup-sa\"]"}
RESULT: {"using":"xpath","value":"//*[@id=\"application-managehandovers-display-component---AddNewHO--popup-sa\"]"}
COMMAND: POST /session/8710bc86126986cf02bb1d50a5f31e3a/element/f.4F28C2583BB65896889CB8FD582548C6.d.D051710DE08B1D18447682C953AD1F9F.e.18543/click - {}
RESULT: {}
COMMAND: GET /session/8710bc86126986cf02bb1d50a5f31e3a/screenshot - {}
RESULT: {}
COMMAND: POST /session/8710bc86126986cf02bb1d50a5f31e3a/element - {"using":"xpath","value":"//bdi[contains(text(), \"Select\")]"}
RESULT: {"using":"xpath","value":"//bdi[contains(text(), \"Select\")]"}
COMMAND: POST /session/8710bc86126986cf02bb1d50a5f31e3a/element/f.4F28C2583BB65896889CB8FD582548C6.d.D051710DE08B1D18447682C953AD1F9F.e.18544/click - {}
RESULT: {}
COMMAND: GET /session/8710bc86126986cf02bb1d50a5f31e3a/screenshot - {}
RESULT: {}
COMMAND: POST /session/8710bc86126986cf02bb1d50a5f31e3a/element - {"using":"xpath","value":"//button[@data-kt=\"AddNewHOSaveButton\"]"}
RESULT: {"using":"xpath","value":"//button[@data-kt=\"AddNewHOSaveButton\"]"}
COMMAND: POST /session/8710bc86126986cf02bb1d50a5f31e3a/element/f.4F28C2583BB65896889CB8FD582548C6.d.D051710DE08B1D18447682C953AD1F9F.e.18548/click - {}
RESULT: {}
COMMAND: GET /session/8710bc86126986cf02bb1d50a5f31e3a/screenshot - {}
RESULT: {}
COMMAND: POST /session/8710bc86126986cf02bb1d50a5f31e3a/execute/async - {"script":"<script> [1562 bytes]","args":[{"selector":{"id":"receiptDatePicker","viewName":"etm.portal.ui.managehandovers.view.DetailExecuteHO","interaction":{"idSuffix":"inner"}},"wdio_ui5_key":"receiptDatePickeretmportal.ui.managehandovers.view.DetailExecuteHO"}]}
RESULT: {"script":"<script> [1562 bytes]","args":[{"selector":{"id":"receiptDatePicker","viewName":"etm.portal.ui.managehandovers.view.DetailExecuteHO","interaction":{"idSuffix":"inner"}},"wdio_ui5_key":"receiptDatePickeretmportal.ui.managehandovers.view.DetailExecuteHO"}]}
RESULT: undefined
COMMAND: POST /session/8710bc86126986cf02bb1d50a5f31e3a/execute/async - {"script":"<script> [6424 bytes]","args":[{"element-6066-11e4-a52e-4f735466cecf":"f.4F28C2583BB65896889CB8FD582548C6.d.D051710DE08B1D18447682C953AD1F9F.e.18569"},"setValue",["5/22/25"]]}
RESULT: {"script":"<script> [6424 bytes]","args":[{"element-6066-11e4-a52e-4f735466cecf":"f.4F28C2583BB65896889CB8FD582548C6.d.D051710DE08B1D18447682C953AD1F9F.e.18569"},"setValue",["5/22/25"]]}
COMMAND: POST /session/8710bc86126986cf02bb1d50a5f31e3a/element - {"using":"xpath","value":"//button[@data-kt=\"PickingTableConfirmAllButton\"]"}
RESULT: {"using":"xpath","value":"//button[@data-kt=\"PickingTableConfirmAllButton\"]"}
COMMAND: POST /session/8710bc86126986cf02bb1d50a5f31e3a/element/f.4F28C2583BB65896889CB8FD582548C6.d.D051710DE08B1D18447682C953AD1F9F.e.18583/click - {}
RESULT: {}
COMMAND: GET /session/8710bc86126986cf02bb1d50a5f31e3a/screenshot - {}
RESULT: {}
COMMAND: POST /session/8710bc86126986cf02bb1d50a5f31e3a/element - {"using":"xpath","value":"//bdi[contains(text(), \"OK\")]"}
RESULT: {"using":"xpath","value":"//bdi[contains(text(), \"OK\")]"}
COMMAND: POST /session/8710bc86126986cf02bb1d50a5f31e3a/element/f.4F28C2583BB65896889CB8FD582548C6.d.D051710DE08B1D18447682C953AD1F9F.e.18585/click - {}
RESULT: {}
COMMAND: GET /session/8710bc86126986cf02bb1d50a5f31e3a/screenshot - {}
RESULT: {}
COMMAND: POST /session/8710bc86126986cf02bb1d50a5f31e3a/element - {"using":"xpath","value":"(//bdi[contains(text(), \"Receive\")])[2]"}
RESULT: {"using":"xpath","value":"(//bdi[contains(text(), \"Receive\")])[2]"}
COMMAND: POST /session/8710bc86126986cf02bb1d50a5f31e3a/element/f.4F28C2583BB65896889CB8FD582548C6.d.D051710DE08B1D18447682C953AD1F9F.e.18587/click - {}
RESULT: {}
COMMAND: GET /session/8710bc86126986cf02bb1d50a5f31e3a/screenshot - {}
RESULT: {}
COMMAND: POST /session/8710bc86126986cf02bb1d50a5f31e3a/element - {"using":"css selector","value":"#shell-header-logo"}
RESULT: {"using":"css selector","value":"#shell-header-logo"}
COMMAND: POST /session/8710bc86126986cf02bb1d50a5f31e3a/element/f.4F28C2583BB65896889CB8FD582548C6.d.D051710DE08B1D18447682C953AD1F9F.e.17970/click - {}
RESULT: {}
COMMAND: GET /session/8710bc86126986cf02bb1d50a5f31e3a/screenshot - {}
RESULT: {}
]]></system-out>
    </testcase>
    <testcase classname="chrome.136_0_7103_93.windows.Billing_Calculation_-_Time_based_(considering_transport_times)_US139738" name="Should create a new contract" time="68.122">
      <system-out><![CDATA[
COMMAND: POST /session/8710bc86126986cf02bb1d50a5f31e3a/execute/async - {"script":"<script> [1562 bytes]","args":[{"selector":{"controlType":"sap.m.GenericTile","properties":{"header":"Manage Contracts"}},"wdio_ui5_key":"sapm.GenericTile{\"header\":\"Manage Contracts\"}"}]}
RESULT: {"script":"<script> [1562 bytes]","args":[{"selector":{"controlType":"sap.m.GenericTile","properties":{"header":"Manage Contracts"}},"wdio_ui5_key":"sapm.GenericTile{\"header\":\"Manage Contracts\"}"}]}
RESULT: undefined
COMMAND: POST /session/8710bc86126986cf02bb1d50a5f31e3a/element - {"using":"xpath","value":"//*[@id=\"__tile130\"]"}
RESULT: {"using":"xpath","value":"//*[@id=\"__tile130\"]"}
COMMAND: POST /session/8710bc86126986cf02bb1d50a5f31e3a/element/f.4F28C2583BB65896889CB8FD582548C6.d.D051710DE08B1D18447682C953AD1F9F.e.16671/click - {}
RESULT: {}
COMMAND: GET /session/8710bc86126986cf02bb1d50a5f31e3a/screenshot - {}
RESULT: {}
COMMAND: POST /session/8710bc86126986cf02bb1d50a5f31e3a/elements - {"using":"xpath","value":"//span[text()='Error']"}
RESULT: {"using":"xpath","value":"//span[text()='Error']"}
COMMAND: POST /session/8710bc86126986cf02bb1d50a5f31e3a/element - {"using":"xpath","value":"//button[@data-kt=\"addButton\"]"}
RESULT: {"using":"xpath","value":"//button[@data-kt=\"addButton\"]"}
COMMAND: POST /session/8710bc86126986cf02bb1d50a5f31e3a/elements - {"using":"xpath","value":"//button[@data-kt=\"addButton\"]"}
RESULT: {"using":"xpath","value":"//button[@data-kt=\"addButton\"]"}
COMMAND: POST /session/8710bc86126986cf02bb1d50a5f31e3a/execute/sync - {"script":"<script> [8489 bytes]","args":[{"element-6066-11e4-a52e-4f735466cecf":"f.4F28C2583BB65896889CB8FD582548C6.d.D051710DE08B1D18447682C953AD1F9F.e.18901","ELEMENT":"f.4F28C2583BB65896889CB8FD582548C6.d.D051710DE08B1D18447682C953AD1F9F.e.18901"}]}
RESULT: {"script":"<script> [8489 bytes]","args":[{"element-6066-11e4-a52e-4f735466cecf":"f.4F28C2583BB65896889CB8FD582548C6.d.D051710DE08B1D18447682C953AD1F9F.e.18901","ELEMENT":"f.4F28C2583BB65896889CB8FD582548C6.d.D051710DE08B1D18447682C953AD1F9F.e.18901"}]}
COMMAND: GET /session/8710bc86126986cf02bb1d50a5f31e3a/element/f.4F28C2583BB65896889CB8FD582548C6.d.D051710DE08B1D18447682C953AD1F9F.e.18901/enabled - {}
COMMAND: GET /session/8710bc86126986cf02bb1d50a5f31e3a/screenshot - {}
RESULT: {}
COMMAND: POST /session/8710bc86126986cf02bb1d50a5f31e3a/execute/sync - {"script":"<script> [8489 bytes]","args":[{"element-6066-11e4-a52e-4f735466cecf":"f.4F28C2583BB65896889CB8FD582548C6.d.D051710DE08B1D18447682C953AD1F9F.e.18901","ELEMENT":"f.4F28C2583BB65896889CB8FD582548C6.d.D051710DE08B1D18447682C953AD1F9F.e.18901"}]}
COMMAND: GET /session/8710bc86126986cf02bb1d50a5f31e3a/screenshot - {}
RESULT: {}
RESULT: {"script":"<script> [8489 bytes]","args":[{"element-6066-11e4-a52e-4f735466cecf":"f.4F28C2583BB65896889CB8FD582548C6.d.D051710DE08B1D18447682C953AD1F9F.e.18901","ELEMENT":"f.4F28C2583BB65896889CB8FD582548C6.d.D051710DE08B1D18447682C953AD1F9F.e.18901"}]}
COMMAND: POST /session/8710bc86126986cf02bb1d50a5f31e3a/execute/sync - {"script":"<script> [5351 bytes]","args":[{"element-6066-11e4-a52e-4f735466cecf":"f.4F28C2583BB65896889CB8FD582548C6.d.D051710DE08B1D18447682C953AD1F9F.e.18901","ELEMENT":"f.4F28C2583BB65896889CB8FD582548C6.d.D051710DE08B1D18447682C953AD1F9F.e.18901"}]}
COMMAND: GET /session/8710bc86126986cf02bb1d50a5f31e3a/screenshot - {}
RESULT: {}
RESULT: {"script":"<script> [5351 bytes]","args":[{"element-6066-11e4-a52e-4f735466cecf":"f.4F28C2583BB65896889CB8FD582548C6.d.D051710DE08B1D18447682C953AD1F9F.e.18901","ELEMENT":"f.4F28C2583BB65896889CB8FD582548C6.d.D051710DE08B1D18447682C953AD1F9F.e.18901"}]}
COMMAND: GET /session/8710bc86126986cf02bb1d50a5f31e3a/screenshot - {}
RESULT: {}
RESULT: {}
COMMAND: POST /session/8710bc86126986cf02bb1d50a5f31e3a/element/f.4F28C2583BB65896889CB8FD582548C6.d.D051710DE08B1D18447682C953AD1F9F.e.18901/click - {}
RESULT: {}
COMMAND: GET /session/8710bc86126986cf02bb1d50a5f31e3a/screenshot - {}
COMMAND: POST /session/8710bc86126986cf02bb1d50a5f31e3a/execute/async - {"script":"<script> [1562 bytes]","args":[{"selector":{"id":"application-managecontracts-display-component---AddNewContract--projectDescription","interaction":{"idSuffix":"inner"}},"wdio_ui5_key":"applicationmanagecontracts-display-component---AddNewContract--projectDescription"}]}
RESULT: {}
RESULT: {"script":"<script> [1562 bytes]","args":[{"selector":{"id":"application-managecontracts-display-component---AddNewContract--projectDescription","interaction":{"idSuffix":"inner"}},"wdio_ui5_key":"applicationmanagecontracts-display-component---AddNewContract--projectDescription"}]}
RESULT: undefined
COMMAND: POST /session/8710bc86126986cf02bb1d50a5f31e3a/execute/async - {"script":"<script> [776 bytes]","args":[{"enterText":"Contract WDIO","selector":{"id":"application-managecontracts-display-component---AddNewContract--projectDescription","interaction":{"idSuffix":"inner"}},"clearTextFirst":true,"interactionType":"ENTER_TEXT"}]}
RESULT: {"script":"<script> [776 bytes]","args":[{"enterText":"Contract WDIO","selector":{"id":"application-managecontracts-display-component---AddNewContract--projectDescription","interaction":{"idSuffix":"inner"}},"clearTextFirst":true,"interactionType":"ENTER_TEXT"}]}
COMMAND: POST /session/8710bc86126986cf02bb1d50a5f31e3a/element - {"using":"xpath","value":"//input[@id=\"application-managecontracts-display-component---AddNewContract--site-inner\"]"}
RESULT: {"using":"xpath","value":"//input[@id=\"application-managecontracts-display-component---AddNewContract--site-inner\"]"}
COMMAND: POST /session/8710bc86126986cf02bb1d50a5f31e3a/element/f.4F28C2583BB65896889CB8FD582548C6.d.D051710DE08B1D18447682C953AD1F9F.e.19260/clear - {}
RESULT: {}
COMMAND: POST /session/8710bc86126986cf02bb1d50a5f31e3a/element/f.4F28C2583BB65896889CB8FD582548C6.d.D051710DE08B1D18447682C953AD1F9F.e.19260/value - {"text":"2363"}
COMMAND: GET /session/8710bc86126986cf02bb1d50a5f31e3a/screenshot - {}
RESULT: {"text":"2363"}
COMMAND: GET /session/8710bc86126986cf02bb1d50a5f31e3a/screenshot - {}
RESULT: {}
RESULT: {}
COMMAND: POST /session/8710bc86126986cf02bb1d50a5f31e3a/element - {"using":"xpath","value":"//li[.//span[text()='2363']]"}
RESULT: {"using":"xpath","value":"//li[.//span[text()='2363']]"}
COMMAND: POST /session/8710bc86126986cf02bb1d50a5f31e3a/element/f.4F28C2583BB65896889CB8FD582548C6.d.D051710DE08B1D18447682C953AD1F9F.e.19294/click - {}
RESULT: {}
COMMAND: GET /session/8710bc86126986cf02bb1d50a5f31e3a/screenshot - {}
RESULT: {}
COMMAND: POST /session/8710bc86126986cf02bb1d50a5f31e3a/element - {"using":"xpath","value":"//input[@id=\"application-managecontracts-display-component---AddNewContract--yardId-inner\"]"}
RESULT: {"using":"xpath","value":"//input[@id=\"application-managecontracts-display-component---AddNewContract--yardId-inner\"]"}
COMMAND: GET /session/8710bc86126986cf02bb1d50a5f31e3a/element/f.4F28C2583BB65896889CB8FD582548C6.d.D051710DE08B1D18447682C953AD1F9F.e.19261/property/value - {}
RESULT: {}
COMMAND: POST /session/8710bc86126986cf02bb1d50a5f31e3a/element - {"using":"xpath","value":"//input[@id=\"application-managecontracts-display-component---AddNewContract--customerSelect-inner\"]"}
COMMAND: GET /session/8710bc86126986cf02bb1d50a5f31e3a/screenshot - {}
RESULT: {"using":"xpath","value":"//input[@id=\"application-managecontracts-display-component---AddNewContract--customerSelect-inner\"]"}
COMMAND: POST /session/8710bc86126986cf02bb1d50a5f31e3a/element/f.4F28C2583BB65896889CB8FD582548C6.d.D051710DE08B1D18447682C953AD1F9F.e.19259/clear - {}
RESULT: {}
RESULT: {}
COMMAND: POST /session/8710bc86126986cf02bb1d50a5f31e3a/element/f.4F28C2583BB65896889CB8FD582548C6.d.D051710DE08B1D18447682C953AD1F9F.e.19259/value - {"text":"1442"}
COMMAND: GET /session/8710bc86126986cf02bb1d50a5f31e3a/screenshot - {}
RESULT: {"text":"1442"}
COMMAND: GET /session/8710bc86126986cf02bb1d50a5f31e3a/screenshot - {}
RESULT: {}
RESULT: {}
COMMAND: POST /session/8710bc86126986cf02bb1d50a5f31e3a/element - {"using":"xpath","value":"//li[.//span[text()='1442']]"}
RESULT: {"using":"xpath","value":"//li[.//span[text()='1442']]"}
COMMAND: POST /session/8710bc86126986cf02bb1d50a5f31e3a/element/f.4F28C2583BB65896889CB8FD582548C6.d.D051710DE08B1D18447682C953AD1F9F.e.19297/click - {}
RESULT: {}
COMMAND: GET /session/8710bc86126986cf02bb1d50a5f31e3a/screenshot - {}
RESULT: {}
COMMAND: POST /session/8710bc86126986cf02bb1d50a5f31e3a/element - {"using":"xpath","value":"//button[@data-kt=\"saveButton\"]"}
RESULT: {"using":"xpath","value":"//button[@data-kt=\"saveButton\"]"}
COMMAND: POST /session/8710bc86126986cf02bb1d50a5f31e3a/element/f.4F28C2583BB65896889CB8FD582548C6.d.D051710DE08B1D18447682C953AD1F9F.e.19298/click - {}
RESULT: {}
COMMAND: GET /session/8710bc86126986cf02bb1d50a5f31e3a/screenshot - {}
RESULT: {}
COMMAND: POST /session/8710bc86126986cf02bb1d50a5f31e3a/element - {"using":"xpath","value":"//span[contains(@id ,\"contractDetailTitleNoExpanded\")]"}
RESULT: {"using":"xpath","value":"//span[contains(@id ,\"contractDetailTitleNoExpanded\")]"}
COMMAND: POST /session/8710bc86126986cf02bb1d50a5f31e3a/elements - {"using":"xpath","value":"//span[contains(@id ,\"contractDetailTitleNoExpanded\")]"}
RESULT: {"using":"xpath","value":"//span[contains(@id ,\"contractDetailTitleNoExpanded\")]"}
COMMAND: POST /session/8710bc86126986cf02bb1d50a5f31e3a/execute/sync - {"script":"<script> [56 bytes]","args":[{"element-6066-11e4-a52e-4f735466cecf":"f.4F28C2583BB65896889CB8FD582548C6.d.D051710DE08B1D18447682C953AD1F9F.e.19309","ELEMENT":"f.4F28C2583BB65896889CB8FD582548C6.d.D051710DE08B1D18447682C953AD1F9F.e.19309"}]}
RESULT: {"script":"<script> [56 bytes]","args":[{"element-6066-11e4-a52e-4f735466cecf":"f.4F28C2583BB65896889CB8FD582548C6.d.D051710DE08B1D18447682C953AD1F9F.e.19309","ELEMENT":"f.4F28C2583BB65896889CB8FD582548C6.d.D051710DE08B1D18447682C953AD1F9F.e.19309"}]}
COMMAND: GET /session/8710bc86126986cf02bb1d50a5f31e3a/screenshot - {}
RESULT: {}
]]></system-out>
    </testcase>
    <testcase classname="chrome.136_0_7103_93.windows.Billing_Calculation_-_Time_based_(considering_transport_times)_US139738" name="Should add transport time checkbox on contract details" time="16.538">
      <system-out><![CDATA[
COMMAND: POST /session/8710bc86126986cf02bb1d50a5f31e3a/element - {"using":"xpath","value":"//button[@data-kt=\"contractDetailEditBtnButton\"]"}
RESULT: {"using":"xpath","value":"//button[@data-kt=\"contractDetailEditBtnButton\"]"}
COMMAND: POST /session/8710bc86126986cf02bb1d50a5f31e3a/element/f.4F28C2583BB65896889CB8FD582548C6.d.D051710DE08B1D18447682C953AD1F9F.e.19310/click - {}
RESULT: {}
COMMAND: GET /session/8710bc86126986cf02bb1d50a5f31e3a/screenshot - {}
RESULT: {}
COMMAND: POST /session/8710bc86126986cf02bb1d50a5f31e3a/element - {"using":"xpath","value":"(//span[contains(text(), \"Contract Billing\")])[2]"}
RESULT: {"using":"xpath","value":"(//span[contains(text(), \"Contract Billing\")])[2]"}
COMMAND: POST /session/8710bc86126986cf02bb1d50a5f31e3a/element/f.4F28C2583BB65896889CB8FD582548C6.d.D051710DE08B1D18447682C953AD1F9F.e.19366/click - {}
RESULT: {}
COMMAND: GET /session/8710bc86126986cf02bb1d50a5f31e3a/screenshot - {}
RESULT: {}
COMMAND: POST /session/8710bc86126986cf02bb1d50a5f31e3a/element - {"using":"xpath","value":"(//div[contains(@id, \"transportTimesBilled-CbBg\")])"}
RESULT: {"using":"xpath","value":"(//div[contains(@id, \"transportTimesBilled-CbBg\")])"}
COMMAND: POST /session/8710bc86126986cf02bb1d50a5f31e3a/element/f.4F28C2583BB65896889CB8FD582548C6.d.D051710DE08B1D18447682C953AD1F9F.e.19397/click - {}
RESULT: {}
COMMAND: GET /session/8710bc86126986cf02bb1d50a5f31e3a/screenshot - {}
RESULT: {}
COMMAND: POST /session/8710bc86126986cf02bb1d50a5f31e3a/element - {"using":"xpath","value":"(//button[@data-kt=\"saveButton\"])[2]"}
RESULT: {"using":"xpath","value":"(//button[@data-kt=\"saveButton\"])[2]"}
COMMAND: POST /session/8710bc86126986cf02bb1d50a5f31e3a/element/f.4F28C2583BB65896889CB8FD582548C6.d.D051710DE08B1D18447682C953AD1F9F.e.19398/click - {}
RESULT: {}
COMMAND: GET /session/8710bc86126986cf02bb1d50a5f31e3a/screenshot - {}
RESULT: {}
]]></system-out>
    </testcase>
    <testcase classname="chrome.136_0_7103_93.windows.Billing_Calculation_-_Time_based_(considering_transport_times)_US139738" name="Should add created equipment to contract" time="47.913">
      <system-out><![CDATA[
COMMAND: POST /session/8710bc86126986cf02bb1d50a5f31e3a/element - {"using":"xpath","value":"//button[@data-kt=\"contractDetailEditBtnButton\"]"}
RESULT: {"using":"xpath","value":"//button[@data-kt=\"contractDetailEditBtnButton\"]"}
COMMAND: POST /session/8710bc86126986cf02bb1d50a5f31e3a/element/f.4F28C2583BB65896889CB8FD582548C6.d.D051710DE08B1D18447682C953AD1F9F.e.19310/click - {}
RESULT: {}
COMMAND: GET /session/8710bc86126986cf02bb1d50a5f31e3a/screenshot - {}
RESULT: {}
COMMAND: POST /session/8710bc86126986cf02bb1d50a5f31e3a/element - {"using":"xpath","value":"(//span[contains(text(), \"Additional Addresses\")])[2]"}
RESULT: {"using":"xpath","value":"(//span[contains(text(), \"Additional Addresses\")])[2]"}
COMMAND: POST /session/8710bc86126986cf02bb1d50a5f31e3a/element/f.4F28C2583BB65896889CB8FD582548C6.d.D051710DE08B1D18447682C953AD1F9F.e.19416/click - {}
RESULT: {}
COMMAND: GET /session/8710bc86126986cf02bb1d50a5f31e3a/screenshot - {}
RESULT: {}
COMMAND: POST /session/8710bc86126986cf02bb1d50a5f31e3a/element - {"using":"xpath","value":"//button[@data-kt=\"btnAddTableRowOverflowToolbarButton\"]"}
RESULT: {"using":"xpath","value":"//button[@data-kt=\"btnAddTableRowOverflowToolbarButton\"]"}
COMMAND: POST /session/8710bc86126986cf02bb1d50a5f31e3a/element/f.4F28C2583BB65896889CB8FD582548C6.d.D051710DE08B1D18447682C953AD1F9F.e.19418/click - {}
RESULT: {}
COMMAND: GET /session/8710bc86126986cf02bb1d50a5f31e3a/screenshot - {}
RESULT: {}
COMMAND: POST /session/8710bc86126986cf02bb1d50a5f31e3a/element - {"using":"xpath","value":"//div[(text() = 'Standard Entry' or . = 'Standard Entry')]"}
RESULT: {"using":"xpath","value":"//div[(text() = 'Standard Entry' or . = 'Standard Entry')]"}
COMMAND: POST /session/8710bc86126986cf02bb1d50a5f31e3a/element/f.4F28C2583BB65896889CB8FD582548C6.d.D051710DE08B1D18447682C953AD1F9F.e.19420/click - {}
RESULT: {}
COMMAND: GET /session/8710bc86126986cf02bb1d50a5f31e3a/screenshot - {}
RESULT: {}
COMMAND: POST /session/8710bc86126986cf02bb1d50a5f31e3a/element - {"using":"xpath","value":"//td[7]/div/div/input"}
RESULT: {"using":"xpath","value":"//td[7]/div/div/input"}
COMMAND: POST /session/8710bc86126986cf02bb1d50a5f31e3a/element/f.4F28C2583BB65896889CB8FD582548C6.d.D051710DE08B1D18447682C953AD1F9F.e.19429/clear - {}
RESULT: {}
COMMAND: POST /session/8710bc86126986cf02bb1d50a5f31e3a/element/f.4F28C2583BB65896889CB8FD582548C6.d.D051710DE08B1D18447682C953AD1F9F.e.19429/value - {"text":"2ZcI4p4vPn"}
COMMAND: GET /session/8710bc86126986cf02bb1d50a5f31e3a/screenshot - {}
RESULT: {"text":"2ZcI4p4vPn"}
COMMAND: GET /session/8710bc86126986cf02bb1d50a5f31e3a/screenshot - {}
RESULT: {}
RESULT: {}
COMMAND: POST /session/8710bc86126986cf02bb1d50a5f31e3a/actions - {"actions":[{"id":"action75","type":"key","parameters":{},"actions":[{"type":"keyDown","value":""},{"type":"pause","duration":10},{"type":"keyUp","value":""}]}]}
RESULT: {"actions":[{"id":"action75","type":"key","parameters":{},"actions":[{"type":"keyDown","value":""},{"type":"pause","duration":10},{"type":"keyUp","value":""}]}]}
COMMAND: GET /session/8710bc86126986cf02bb1d50a5f31e3a/screenshot - {}
RESULT: {}
COMMAND: POST /session/8710bc86126986cf02bb1d50a5f31e3a/execute/sync - {"script":"<script> [276 bytes]","args":["No pricing information was found"]}
RESULT: {"script":"<script> [276 bytes]","args":["No pricing information was found"]}
COMMAND: POST /session/8710bc86126986cf02bb1d50a5f31e3a/element - {"using":"xpath","value":"(//button[@data-kt=\"saveButton\"])[2]"}
COMMAND: GET /session/8710bc86126986cf02bb1d50a5f31e3a/screenshot - {}
RESULT: {"using":"xpath","value":"(//button[@data-kt=\"saveButton\"])[2]"}
COMMAND: POST /session/8710bc86126986cf02bb1d50a5f31e3a/element/f.4F28C2583BB65896889CB8FD582548C6.d.D051710DE08B1D18447682C953AD1F9F.e.19398/click - {}
RESULT: {}
RESULT: {}
COMMAND: GET /session/8710bc86126986cf02bb1d50a5f31e3a/screenshot - {}
RESULT: {}
COMMAND: POST /session/8710bc86126986cf02bb1d50a5f31e3a/execute/sync - {"script":"<script> [276 bytes]","args":["Some contract items are having rental validity exceeding header rental validity"]}
RESULT: {"script":"<script> [276 bytes]","args":["Some contract items are having rental validity exceeding header rental validity"]}
COMMAND: GET /session/8710bc86126986cf02bb1d50a5f31e3a/screenshot - {}
RESULT: {}
COMMAND: POST /session/8710bc86126986cf02bb1d50a5f31e3a/element - {"using":"xpath","value":"//span[contains(@id ,\"contractItemsSmartTable-header-inner\")]"}
RESULT: {"using":"xpath","value":"//span[contains(@id ,\"contractItemsSmartTable-header-inner\")]"}
COMMAND: POST /session/8710bc86126986cf02bb1d50a5f31e3a/elements - {"using":"xpath","value":"//span[contains(@id ,\"contractItemsSmartTable-header-inner\")]"}
RESULT: {"using":"xpath","value":"//span[contains(@id ,\"contractItemsSmartTable-header-inner\")]"}
COMMAND: POST /session/8710bc86126986cf02bb1d50a5f31e3a/execute/sync - {"script":"<script> [56 bytes]","args":[{"element-6066-11e4-a52e-4f735466cecf":"f.4F28C2583BB65896889CB8FD582548C6.d.D051710DE08B1D18447682C953AD1F9F.e.19453","ELEMENT":"f.4F28C2583BB65896889CB8FD582548C6.d.D051710DE08B1D18447682C953AD1F9F.e.19453"}]}
RESULT: {"script":"<script> [56 bytes]","args":[{"element-6066-11e4-a52e-4f735466cecf":"f.4F28C2583BB65896889CB8FD582548C6.d.D051710DE08B1D18447682C953AD1F9F.e.19453","ELEMENT":"f.4F28C2583BB65896889CB8FD582548C6.d.D051710DE08B1D18447682C953AD1F9F.e.19453"}]}
]]></system-out>
    </testcase>
    <testcase classname="chrome.136_0_7103_93.windows.Billing_Calculation_-_Time_based_(considering_transport_times)_US139738" name="Should do a provide to site 2 step" time="167.001">
      <system-out><![CDATA[
COMMAND: POST /session/8710bc86126986cf02bb1d50a5f31e3a/element - {"using":"xpath","value":"//button[@data-kt=\"provideButton\"]"}
COMMAND: GET /session/8710bc86126986cf02bb1d50a5f31e3a/screenshot - {}
RESULT: {"using":"xpath","value":"//button[@data-kt=\"provideButton\"]"}
COMMAND: POST /session/8710bc86126986cf02bb1d50a5f31e3a/element/f.4F28C2583BB65896889CB8FD582548C6.d.D051710DE08B1D18447682C953AD1F9F.e.19454/click - {}
RESULT: {}
RESULT: {}
COMMAND: GET /session/8710bc86126986cf02bb1d50a5f31e3a/screenshot - {}
RESULT: {}
COMMAND: POST /session/8710bc86126986cf02bb1d50a5f31e3a/element - {"using":"xpath","value":"(//div[contains(@id, \"application-managehandovers-display-component---AddNewHO--oneStep-CbBg\")])"}
RESULT: {"using":"xpath","value":"(//div[contains(@id, \"application-managehandovers-display-component---AddNewHO--oneStep-CbBg\")])"}
COMMAND: POST /session/8710bc86126986cf02bb1d50a5f31e3a/element - {"using":"xpath","value":"(//div[contains(@id, \"application-managehandovers-display-component---AddNewHO--oneStep-CbBg\")])/input"}
RESULT: {"using":"xpath","value":"(//div[contains(@id, \"application-managehandovers-display-component---AddNewHO--oneStep-CbBg\")])/input"}
COMMAND: GET /session/8710bc86126986cf02bb1d50a5f31e3a/element/f.4F28C2583BB65896889CB8FD582548C6.d.D051710DE08B1D18447682C953AD1F9F.e.19532/attribute/checked - {}
RESULT: {}
RESULT: undefined
COMMAND: POST /session/8710bc86126986cf02bb1d50a5f31e3a/execute/async - {"script":"<script> [6424 bytes]","args":[{"element-6066-11e4-a52e-4f735466cecf":"f.4F28C2583BB65896889CB8FD582548C6.d.D051710DE08B1D18447682C953AD1F9F.e.18364"},"setValue",["5/22/25"]]}
COMMAND: POST /session/8710bc86126986cf02bb1d50a5f31e3a/element/f.4F28C2583BB65896889CB8FD582548C6.d.D051710DE08B1D18447682C953AD1F9F.e.19772/click - {}
COMMAND: POST /session/8710bc86126986cf02bb1d50a5f31e3a/execute/async - {"script":"<script> [1562 bytes]","args":[{"selector":{"id":"application-managehandovers-display-component---AddNewHO--dueDate","interaction":{"idSuffix":"inner"}},"wdio_ui5_key":"applicationmanagehandovers-display-component---AddNewHO--dueDate"}]}
RESULT: {}
COMMAND: GET /session/8710bc86126986cf02bb1d50a5f31e3a/screenshot - {}
RESULT: {"script":"<script> [1562 bytes]","args":[{"selector":{"id":"application-managehandovers-display-component---AddNewHO--dueDate","interaction":{"idSuffix":"inner"}},"wdio_ui5_key":"applicationmanagehandovers-display-component---AddNewHO--dueDate"}]}
COMMAND: POST /session/8710bc86126986cf02bb1d50a5f31e3a/execute/async - {"script":"<script> [6424 bytes]","args":[{"element-6066-11e4-a52e-4f735466cecf":"f.4F28C2583BB65896889CB8FD582548C6.d.D051710DE08B1D18447682C953AD1F9F.e.19530"},"setValue",["5/22/25"]]}
RESULT: {}
RESULT: {"script":"<script> [6424 bytes]","args":[{"element-6066-11e4-a52e-4f735466cecf":"f.4F28C2583BB65896889CB8FD582548C6.d.D051710DE08B1D18447682C953AD1F9F.e.19530"},"setValue",["5/22/25"]]}
COMMAND: POST /session/8710bc86126986cf02bb1d50a5f31e3a/element - {"using":"xpath","value":"//bdi[contains(text(), \"Instructions\")]"}
RESULT: {"using":"xpath","value":"//bdi[contains(text(), \"Instructions\")]"}
COMMAND: POST /session/8710bc86126986cf02bb1d50a5f31e3a/element/f.4F28C2583BB65896889CB8FD582548C6.d.D051710DE08B1D18447682C953AD1F9F.e.19774/click - {}
RESULT: {}
COMMAND: GET /session/8710bc86126986cf02bb1d50a5f31e3a/screenshot - {}
RESULT: {}
COMMAND: POST /session/8710bc86126986cf02bb1d50a5f31e3a/element - {"using":"xpath","value":"//button[@data-kt=\"AddNewHOProvideAddItemsButton\"]"}
RESULT: {"using":"xpath","value":"//button[@data-kt=\"AddNewHOProvideAddItemsButton\"]"}
COMMAND: POST /session/8710bc86126986cf02bb1d50a5f31e3a/element/f.4F28C2583BB65896889CB8FD582548C6.d.D051710DE08B1D18447682C953AD1F9F.e.19779/click - {}
RESULT: {}
COMMAND: GET /session/8710bc86126986cf02bb1d50a5f31e3a/screenshot - {}
RESULT: {}
RESULT: undefined
COMMAND: POST /session/8710bc86126986cf02bb1d50a5f31e3a/element - {"using":"xpath","value":"//*[@id=\"application-managehandovers-display-component---AddNewHO--popup-sa\"]"}
RESULT: {"using":"xpath","value":"//*[@id=\"application-managehandovers-display-component---AddNewHO--popup-sa\"]"}
COMMAND: POST /session/8710bc86126986cf02bb1d50a5f31e3a/element/f.4F28C2583BB65896889CB8FD582548C6.d.D051710DE08B1D18447682C953AD1F9F.e.19794/click - {}
RESULT: {}
COMMAND: GET /session/8710bc86126986cf02bb1d50a5f31e3a/screenshot - {}
RESULT: {}
COMMAND: POST /session/8710bc86126986cf02bb1d50a5f31e3a/element - {"using":"xpath","value":"//*[contains(@id ,\"BDI-content\")][contains(text(), \"Select\")]"}
RESULT: {"using":"xpath","value":"//*[contains(@id ,\"BDI-content\")][contains(text(), \"Select\")]"}
COMMAND: POST /session/8710bc86126986cf02bb1d50a5f31e3a/element/f.4F28C2583BB65896889CB8FD582548C6.d.D051710DE08B1D18447682C953AD1F9F.e.19796/click - {}
RESULT: {}
COMMAND: GET /session/8710bc86126986cf02bb1d50a5f31e3a/screenshot - {}
RESULT: {}
COMMAND: POST /session/8710bc86126986cf02bb1d50a5f31e3a/execute/async - {"script":"<script> [1562 bytes]","args":[{"selector":{"id":"application-managehandovers-display-component---AddNewHO--confirmCreationButton","interaction":{"idSuffix":"BDI-content"}},"wdio_ui5_key":"applicationmanagehandovers-display-component---AddNewHO--confirmCreationButton"}]}
RESULT: {"script":"<script> [1562 bytes]","args":[{"selector":{"id":"application-managehandovers-display-component---AddNewHO--confirmCreationButton","interaction":{"idSuffix":"BDI-content"}},"wdio_ui5_key":"applicationmanagehandovers-display-component---AddNewHO--confirmCreationButton"}]}
RESULT: undefined
COMMAND: POST /session/8710bc86126986cf02bb1d50a5f31e3a/element - {"using":"xpath","value":"//*[@id=\"application-managehandovers-display-component---AddNewHO--confirmCreationButton\"]"}
RESULT: {"using":"xpath","value":"//*[@id=\"application-managehandovers-display-component---AddNewHO--confirmCreationButton\"]"}
COMMAND: POST /session/8710bc86126986cf02bb1d50a5f31e3a/element/f.4F28C2583BB65896889CB8FD582548C6.d.D051710DE08B1D18447682C953AD1F9F.e.19575/click - {}
RESULT: {}
COMMAND: GET /session/8710bc86126986cf02bb1d50a5f31e3a/screenshot - {}
RESULT: {}
COMMAND: POST /session/8710bc86126986cf02bb1d50a5f31e3a/execute/async - {"script":"<script> [1562 bytes]","args":[{"selector":{"id":"issueDatePicker","viewName":"etm.portal.ui.managehandovers.view.DetailExecuteHO","interaction":{"idSuffix":"inner"}},"wdio_ui5_key":"issueDatePickeretmportal.ui.managehandovers.view.DetailExecuteHO"}]}
RESULT: {"script":"<script> [1562 bytes]","args":[{"selector":{"id":"issueDatePicker","viewName":"etm.portal.ui.managehandovers.view.DetailExecuteHO","interaction":{"idSuffix":"inner"}},"wdio_ui5_key":"issueDatePickeretmportal.ui.managehandovers.view.DetailExecuteHO"}]}
RESULT: undefined
COMMAND: POST /session/8710bc86126986cf02bb1d50a5f31e3a/execute/async - {"script":"<script> [776 bytes]","args":[{"enterText":"5/22/25","selector":{"id":"issueDatePicker","viewName":"etm.portal.ui.managehandovers.view.DetailExecuteHO","interaction":{"idSuffix":"inner"}},"clearTextFirst":true,"interactionType":"ENTER_TEXT"}]}
RESULT: {"script":"<script> [776 bytes]","args":[{"enterText":"5/22/25","selector":{"id":"issueDatePicker","viewName":"etm.portal.ui.managehandovers.view.DetailExecuteHO","interaction":{"idSuffix":"inner"}},"clearTextFirst":true,"interactionType":"ENTER_TEXT"}]}
COMMAND: POST /session/8710bc86126986cf02bb1d50a5f31e3a/element - {"using":"xpath","value":"//bdi[contains(text(), \"OK\")]"}
RESULT: {"using":"xpath","value":"//bdi[contains(text(), \"OK\")]"}
COMMAND: POST /session/8710bc86126986cf02bb1d50a5f31e3a/element/f.4F28C2583BB65896889CB8FD582548C6.d.D051710DE08B1D18447682C953AD1F9F.e.19846/click - {}
RESULT: {}
COMMAND: GET /session/8710bc86126986cf02bb1d50a5f31e3a/screenshot - {}
RESULT: {}
COMMAND: POST /session/8710bc86126986cf02bb1d50a5f31e3a/element - {"using":"xpath","value":"//button[@data-kt=\"PickingTableConfirmAllButton\"]"}
RESULT: {"using":"xpath","value":"//button[@data-kt=\"PickingTableConfirmAllButton\"]"}
COMMAND: POST /session/8710bc86126986cf02bb1d50a5f31e3a/element/f.4F28C2583BB65896889CB8FD582548C6.d.D051710DE08B1D18447682C953AD1F9F.e.19852/click - {}
RESULT: {}
COMMAND: GET /session/8710bc86126986cf02bb1d50a5f31e3a/screenshot - {}
RESULT: {}
COMMAND: POST /session/8710bc86126986cf02bb1d50a5f31e3a/element - {"using":"xpath","value":"//bdi[contains(text(), \"OK\")]"}
RESULT: {"using":"xpath","value":"//bdi[contains(text(), \"OK\")]"}
COMMAND: POST /session/8710bc86126986cf02bb1d50a5f31e3a/element/f.4F28C2583BB65896889CB8FD582548C6.d.D051710DE08B1D18447682C953AD1F9F.e.19855/click - {}
RESULT: {}
COMMAND: GET /session/8710bc86126986cf02bb1d50a5f31e3a/screenshot - {}
RESULT: {}
COMMAND: POST /session/8710bc86126986cf02bb1d50a5f31e3a/element - {"using":"xpath","value":"//button[@data-kt=\"execHoPickButton\"]"}
RESULT: {"using":"xpath","value":"//button[@data-kt=\"execHoPickButton\"]"}
COMMAND: POST /session/8710bc86126986cf02bb1d50a5f31e3a/element/f.4F28C2583BB65896889CB8FD582548C6.d.D051710DE08B1D18447682C953AD1F9F.e.19857/click - {}
RESULT: {}
COMMAND: GET /session/8710bc86126986cf02bb1d50a5f31e3a/screenshot - {}
RESULT: {}
COMMAND: POST /session/8710bc86126986cf02bb1d50a5f31e3a/element - {"using":"xpath","value":"//span[contains(@id ,\"filterItemControl_BASIC-RECEIVE_CONTRACT-vhi\")]"}
RESULT: {"using":"xpath","value":"//span[contains(@id ,\"filterItemControl_BASIC-RECEIVE_CONTRACT-vhi\")]"}
COMMAND: POST /session/8710bc86126986cf02bb1d50a5f31e3a/element/f.4F28C2583BB65896889CB8FD582548C6.d.D051710DE08B1D18447682C953AD1F9F.e.20023/click - {}
RESULT: {}
COMMAND: GET /session/8710bc86126986cf02bb1d50a5f31e3a/screenshot - {}
RESULT: {}
COMMAND: POST /session/8710bc86126986cf02bb1d50a5f31e3a/execute/async - {"script":"<script> [1562 bytes]","args":[{"selector":{"controlType":"sap.m.SearchField","viewName":"etm.portal.ui.managehandovers.view.MasterHO","bindingPath":{"path":"","propertyPath":"/_BASIC_SEARCH_FIELD","modelName":"fi1t3rM0d31"},"searchOpenDialogs":true,"interaction":{"idSuffix":"I"}},"wdio_ui5_key":"etmportal.ui.managehandovers.view.MasterHOsap.m.SearchField{\"path\":\"\",\"propertyPath\":\"/_BASIC_SEARCH_FIELD\",\"modelName\":\"fi1t3rM0d31\"}"}]}
RESULT: {"script":"<script> [1562 bytes]","args":[{"selector":{"controlType":"sap.m.SearchField","viewName":"etm.portal.ui.managehandovers.view.MasterHO","bindingPath":{"path":"","propertyPath":"/_BASIC_SEARCH_FIELD","modelName":"fi1t3rM0d31"},"searchOpenDialogs":true,"interaction":{"idSuffix":"I"}},"wdio_ui5_key":"etmportal.ui.managehandovers.view.MasterHOsap.m.SearchField{\"path\":\"\",\"propertyPath\":\"/_BASIC_SEARCH_FIELD\",\"modelName\":\"fi1t3rM0d31\"}"}]}
RESULT: undefined
COMMAND: POST /session/8710bc86126986cf02bb1d50a5f31e3a/execute/async - {"script":"<script> [776 bytes]","args":[{"enterText":"10511","selector":{"controlType":"sap.m.SearchField","viewName":"etm.portal.ui.managehandovers.view.MasterHO","bindingPath":{"path":"","propertyPath":"/_BASIC_SEARCH_FIELD","modelName":"fi1t3rM0d31"},"searchOpenDialogs":true,"interaction":{"idSuffix":"I"}},"clearTextFirst":true,"interactionType":"ENTER_TEXT"}]}
RESULT: {"script":"<script> [776 bytes]","args":[{"enterText":"10511","selector":{"controlType":"sap.m.SearchField","viewName":"etm.portal.ui.managehandovers.view.MasterHO","bindingPath":{"path":"","propertyPath":"/_BASIC_SEARCH_FIELD","modelName":"fi1t3rM0d31"},"searchOpenDialogs":true,"interaction":{"idSuffix":"I"}},"clearTextFirst":true,"interactionType":"ENTER_TEXT"}]}
COMMAND: POST /session/8710bc86126986cf02bb1d50a5f31e3a/actions - {"actions":[{"id":"action76","type":"key","parameters":{},"actions":[{"type":"keyDown","value":""},{"type":"pause","duration":10},{"type":"keyUp","value":""}]}]}
RESULT: {"actions":[{"id":"action76","type":"key","parameters":{},"actions":[{"type":"keyDown","value":""},{"type":"pause","duration":10},{"type":"keyUp","value":""}]}]}
COMMAND: GET /session/8710bc86126986cf02bb1d50a5f31e3a/screenshot - {}
RESULT: {}
COMMAND: POST /session/8710bc86126986cf02bb1d50a5f31e3a/element - {"using":"xpath","value":"//div[contains(@id, 'filterItemControl_BASIC-RECEIVE_CONTRACT-valueHelpDialog-table-rowsel0')]"}
RESULT: {"using":"xpath","value":"//div[contains(@id, 'filterItemControl_BASIC-RECEIVE_CONTRACT-valueHelpDialog-table-rowsel0')]"}
COMMAND: POST /session/8710bc86126986cf02bb1d50a5f31e3a/element/f.4F28C2583BB65896889CB8FD582548C6.d.D051710DE08B1D18447682C953AD1F9F.e.20033/click - {}
RESULT: {}
COMMAND: GET /session/8710bc86126986cf02bb1d50a5f31e3a/screenshot - {}
RESULT: {}
COMMAND: POST /session/8710bc86126986cf02bb1d50a5f31e3a/element - {"using":"xpath","value":"//bdi[contains(text(), \"OK\")]"}
RESULT: {"using":"xpath","value":"//bdi[contains(text(), \"OK\")]"}
COMMAND: POST /session/8710bc86126986cf02bb1d50a5f31e3a/element/f.4F28C2583BB65896889CB8FD582548C6.d.D051710DE08B1D18447682C953AD1F9F.e.20035/click - {}
RESULT: {}
COMMAND: GET /session/8710bc86126986cf02bb1d50a5f31e3a/screenshot - {}
RESULT: {}
COMMAND: POST /session/8710bc86126986cf02bb1d50a5f31e3a/element - {"using":"xpath","value":"//span[contains(@id, \"smartTable-header-inner\")]"}
RESULT: {"using":"xpath","value":"//span[contains(@id, \"smartTable-header-inner\")]"}
COMMAND: POST /session/8710bc86126986cf02bb1d50a5f31e3a/elements - {"using":"xpath","value":"//span[contains(@id, \"smartTable-header-inner\")]"}
RESULT: {"using":"xpath","value":"//span[contains(@id, \"smartTable-header-inner\")]"}
COMMAND: POST /session/8710bc86126986cf02bb1d50a5f31e3a/execute/sync - {"script":"<script> [56 bytes]","args":[{"element-6066-11e4-a52e-4f735466cecf":"f.4F28C2583BB65896889CB8FD582548C6.d.D051710DE08B1D18447682C953AD1F9F.e.20065","ELEMENT":"f.4F28C2583BB65896889CB8FD582548C6.d.D051710DE08B1D18447682C953AD1F9F.e.20065"}]}
RESULT: {"script":"<script> [56 bytes]","args":[{"element-6066-11e4-a52e-4f735466cecf":"f.4F28C2583BB65896889CB8FD582548C6.d.D051710DE08B1D18447682C953AD1F9F.e.20065","ELEMENT":"f.4F28C2583BB65896889CB8FD582548C6.d.D051710DE08B1D18447682C953AD1F9F.e.20065"}]}
COMMAND: POST /session/8710bc86126986cf02bb1d50a5f31e3a/element - {"using":"xpath","value":"//table[contains(@id, \"customHandovers\")]//tbody/tr[1]/td[2]/span"}
COMMAND: GET /session/8710bc86126986cf02bb1d50a5f31e3a/screenshot - {}
RESULT: {"using":"xpath","value":"//table[contains(@id, \"customHandovers\")]//tbody/tr[1]/td[2]/span"}
COMMAND: POST /session/8710bc86126986cf02bb1d50a5f31e3a/execute/sync - {"script":"<script> [56 bytes]","args":[{"element-6066-11e4-a52e-4f735466cecf":"f.4F28C2583BB65896889CB8FD582548C6.d.D051710DE08B1D18447682C953AD1F9F.e.20066","ELEMENT":"f.4F28C2583BB65896889CB8FD582548C6.d.D051710DE08B1D18447682C953AD1F9F.e.20066"}]}
RESULT: {}
RESULT: {"script":"<script> [56 bytes]","args":[{"element-6066-11e4-a52e-4f735466cecf":"f.4F28C2583BB65896889CB8FD582548C6.d.D051710DE08B1D18447682C953AD1F9F.e.20066","ELEMENT":"f.4F28C2583BB65896889CB8FD582548C6.d.D051710DE08B1D18447682C953AD1F9F.e.20066"}]}
COMMAND: POST /session/8710bc86126986cf02bb1d50a5f31e3a/element - {"using":"xpath","value":"(//span[contains(@id, \"imgNav\")])[1]"}
COMMAND: GET /session/8710bc86126986cf02bb1d50a5f31e3a/screenshot - {}
RESULT: {"using":"xpath","value":"(//span[contains(@id, \"imgNav\")])[1]"}
COMMAND: POST /session/8710bc86126986cf02bb1d50a5f31e3a/element/f.4F28C2583BB65896889CB8FD582548C6.d.D051710DE08B1D18447682C953AD1F9F.e.20062/click - {}
RESULT: {}
RESULT: {}
COMMAND: GET /session/8710bc86126986cf02bb1d50a5f31e3a/screenshot - {}
RESULT: {}
RESULT: undefined
COMMAND: POST /session/8710bc86126986cf02bb1d50a5f31e3a/execute/async - {"script":"<script> [776 bytes]","args":[{"enterText":"5/22/25","selector":{"id":"issueDatePicker","viewName":"etm.portal.ui.managehandovers.view.DetailExecuteHO","interaction":{"idSuffix":"inner"}},"clearTextFirst":true,"interactionType":"ENTER_TEXT"}]}
RESULT: {"script":"<script> [776 bytes]","args":[{"enterText":"5/22/25","selector":{"id":"issueDatePicker","viewName":"etm.portal.ui.managehandovers.view.DetailExecuteHO","interaction":{"idSuffix":"inner"}},"clearTextFirst":true,"interactionType":"ENTER_TEXT"}]}
COMMAND: POST /session/8710bc86126986cf02bb1d50a5f31e3a/element - {"using":"xpath","value":"//button[@data-kt=\"PickingTableConfirmAllButton\"]"}
RESULT: {"using":"xpath","value":"//button[@data-kt=\"PickingTableConfirmAllButton\"]"}
COMMAND: POST /session/8710bc86126986cf02bb1d50a5f31e3a/element/f.4F28C2583BB65896889CB8FD582548C6.d.D051710DE08B1D18447682C953AD1F9F.e.20105/click - {}
RESULT: {}
COMMAND: GET /session/8710bc86126986cf02bb1d50a5f31e3a/screenshot - {}
RESULT: {}
COMMAND: POST /session/8710bc86126986cf02bb1d50a5f31e3a/element - {"using":"xpath","value":"//bdi[contains(text(), \"OK\")]"}
RESULT: {"using":"xpath","value":"//bdi[contains(text(), \"OK\")]"}
COMMAND: POST /session/8710bc86126986cf02bb1d50a5f31e3a/element/f.4F28C2583BB65896889CB8FD582548C6.d.D051710DE08B1D18447682C953AD1F9F.e.20119/click - {}
RESULT: {}
COMMAND: GET /session/8710bc86126986cf02bb1d50a5f31e3a/screenshot - {}
RESULT: {}
COMMAND: POST /session/8710bc86126986cf02bb1d50a5f31e3a/element - {"using":"xpath","value":"//button[@data-kt=\"execHoIssueButton\"]"}
RESULT: {"using":"xpath","value":"//button[@data-kt=\"execHoIssueButton\"]"}
COMMAND: POST /session/8710bc86126986cf02bb1d50a5f31e3a/element/f.4F28C2583BB65896889CB8FD582548C6.d.D051710DE08B1D18447682C953AD1F9F.e.20120/click - {}
RESULT: {}
COMMAND: GET /session/8710bc86126986cf02bb1d50a5f31e3a/screenshot - {}
RESULT: {}
COMMAND: POST /session/8710bc86126986cf02bb1d50a5f31e3a/element - {"using":"xpath","value":"//input[contains(@id ,\"smartFilterBar-btnBasicSearch-I\")]"}
RESULT: {"using":"xpath","value":"//input[contains(@id ,\"smartFilterBar-btnBasicSearch-I\")]"}
COMMAND: POST /session/8710bc86126986cf02bb1d50a5f31e3a/elements - {"using":"xpath","value":"//input[contains(@id ,\"smartFilterBar-btnBasicSearch-I\")]"}
RESULT: {"using":"xpath","value":"//input[contains(@id ,\"smartFilterBar-btnBasicSearch-I\")]"}
COMMAND: POST /session/8710bc86126986cf02bb1d50a5f31e3a/execute/sync - {"script":"<script> [8489 bytes]","args":[{"element-6066-11e4-a52e-4f735466cecf":"f.4F28C2583BB65896889CB8FD582548C6.d.D051710DE08B1D18447682C953AD1F9F.e.19529","ELEMENT":"f.4F28C2583BB65896889CB8FD582548C6.d.D051710DE08B1D18447682C953AD1F9F.e.19529"}]}
RESULT: {"script":"<script> [8489 bytes]","args":[{"element-6066-11e4-a52e-4f735466cecf":"f.4F28C2583BB65896889CB8FD582548C6.d.D051710DE08B1D18447682C953AD1F9F.e.19529","ELEMENT":"f.4F28C2583BB65896889CB8FD582548C6.d.D051710DE08B1D18447682C953AD1F9F.e.19529"}]}
COMMAND: GET /session/8710bc86126986cf02bb1d50a5f31e3a/element/f.4F28C2583BB65896889CB8FD582548C6.d.D051710DE08B1D18447682C953AD1F9F.e.19529/enabled - {}
COMMAND: GET /session/8710bc86126986cf02bb1d50a5f31e3a/screenshot - {}
RESULT: {}
COMMAND: POST /session/8710bc86126986cf02bb1d50a5f31e3a/element/f.4F28C2583BB65896889CB8FD582548C6.d.D051710DE08B1D18447682C953AD1F9F.e.19529/clear - {}
COMMAND: GET /session/8710bc86126986cf02bb1d50a5f31e3a/screenshot - {}
RESULT: {}
RESULT: {}
COMMAND: POST /session/8710bc86126986cf02bb1d50a5f31e3a/element/f.4F28C2583BB65896889CB8FD582548C6.d.D051710DE08B1D18447682C953AD1F9F.e.19529/value - {"text":"31026"}
COMMAND: GET /session/8710bc86126986cf02bb1d50a5f31e3a/screenshot - {}
RESULT: {}
RESULT: {"text":"31026"}
COMMAND: GET /session/8710bc86126986cf02bb1d50a5f31e3a/screenshot - {}
RESULT: {}
RESULT: {}
COMMAND: POST /session/8710bc86126986cf02bb1d50a5f31e3a/actions - {"actions":[{"id":"action77","type":"key","parameters":{},"actions":[{"type":"keyDown","value":""},{"type":"pause","duration":10},{"type":"keyUp","value":""}]}]}
RESULT: {"actions":[{"id":"action77","type":"key","parameters":{},"actions":[{"type":"keyDown","value":""},{"type":"pause","duration":10},{"type":"keyUp","value":""}]}]}
COMMAND: GET /session/8710bc86126986cf02bb1d50a5f31e3a/screenshot - {}
RESULT: {}
COMMAND: POST /session/8710bc86126986cf02bb1d50a5f31e3a/element - {"using":"xpath","value":"//span[contains(@id, \"smartTable-header-inner\")]"}
RESULT: {"using":"xpath","value":"//span[contains(@id, \"smartTable-header-inner\")]"}
COMMAND: POST /session/8710bc86126986cf02bb1d50a5f31e3a/elements - {"using":"xpath","value":"//span[contains(@id, \"smartTable-header-inner\")]"}
RESULT: {"using":"xpath","value":"//span[contains(@id, \"smartTable-header-inner\")]"}
COMMAND: POST /session/8710bc86126986cf02bb1d50a5f31e3a/execute/sync - {"script":"<script> [56 bytes]","args":[{"element-6066-11e4-a52e-4f735466cecf":"f.4F28C2583BB65896889CB8FD582548C6.d.D051710DE08B1D18447682C953AD1F9F.e.20065","ELEMENT":"f.4F28C2583BB65896889CB8FD582548C6.d.D051710DE08B1D18447682C953AD1F9F.e.20065"}]}
RESULT: {"script":"<script> [56 bytes]","args":[{"element-6066-11e4-a52e-4f735466cecf":"f.4F28C2583BB65896889CB8FD582548C6.d.D051710DE08B1D18447682C953AD1F9F.e.20065","ELEMENT":"f.4F28C2583BB65896889CB8FD582548C6.d.D051710DE08B1D18447682C953AD1F9F.e.20065"}]}
COMMAND: POST /session/8710bc86126986cf02bb1d50a5f31e3a/elements - {"using":"xpath","value":"//thead[contains(@class, \"sapMTableTH\")]/tr/th"}
COMMAND: GET /session/8710bc86126986cf02bb1d50a5f31e3a/screenshot - {}
RESULT: {"using":"xpath","value":"//thead[contains(@class, \"sapMTableTH\")]/tr/th"}
COMMAND: GET /session/8710bc86126986cf02bb1d50a5f31e3a/element/f.4F28C2583BB65896889CB8FD582548C6.d.D051710DE08B1D18447682C953AD1F9F.e.20160/text - {}
RESULT: {}
RESULT: {}
COMMAND: GET /session/8710bc86126986cf02bb1d50a5f31e3a/element/f.4F28C2583BB65896889CB8FD582548C6.d.D051710DE08B1D18447682C953AD1F9F.e.20161/text - {}
RESULT: {}
COMMAND: GET /session/8710bc86126986cf02bb1d50a5f31e3a/element/f.4F28C2583BB65896889CB8FD582548C6.d.D051710DE08B1D18447682C953AD1F9F.e.19523/text - {}
RESULT: {}
COMMAND: GET /session/8710bc86126986cf02bb1d50a5f31e3a/element/f.4F28C2583BB65896889CB8FD582548C6.d.D051710DE08B1D18447682C953AD1F9F.e.19525/text - {}
RESULT: {}
COMMAND: GET /session/8710bc86126986cf02bb1d50a5f31e3a/element/f.4F28C2583BB65896889CB8FD582548C6.d.D051710DE08B1D18447682C953AD1F9F.e.20125/text - {}
RESULT: {}
COMMAND: GET /session/8710bc86126986cf02bb1d50a5f31e3a/element/f.4F28C2583BB65896889CB8FD582548C6.d.D051710DE08B1D18447682C953AD1F9F.e.20126/text - {}
RESULT: {}
COMMAND: GET /session/8710bc86126986cf02bb1d50a5f31e3a/element/f.4F28C2583BB65896889CB8FD582548C6.d.D051710DE08B1D18447682C953AD1F9F.e.20127/text - {}
RESULT: {}
COMMAND: GET /session/8710bc86126986cf02bb1d50a5f31e3a/element/f.4F28C2583BB65896889CB8FD582548C6.d.D051710DE08B1D18447682C953AD1F9F.e.20128/text - {}
RESULT: {}
COMMAND: GET /session/8710bc86126986cf02bb1d50a5f31e3a/element/f.4F28C2583BB65896889CB8FD582548C6.d.D051710DE08B1D18447682C953AD1F9F.e.20129/text - {}
RESULT: {}
COMMAND: GET /session/8710bc86126986cf02bb1d50a5f31e3a/element/f.4F28C2583BB65896889CB8FD582548C6.d.D051710DE08B1D18447682C953AD1F9F.e.20130/text - {}
RESULT: {}
COMMAND: GET /session/8710bc86126986cf02bb1d50a5f31e3a/element/f.4F28C2583BB65896889CB8FD582548C6.d.D051710DE08B1D18447682C953AD1F9F.e.20131/text - {}
RESULT: {}
COMMAND: GET /session/8710bc86126986cf02bb1d50a5f31e3a/element/f.4F28C2583BB65896889CB8FD582548C6.d.D051710DE08B1D18447682C953AD1F9F.e.20132/text - {}
RESULT: {}
COMMAND: GET /session/8710bc86126986cf02bb1d50a5f31e3a/element/f.4F28C2583BB65896889CB8FD582548C6.d.D051710DE08B1D18447682C953AD1F9F.e.20133/text - {}
RESULT: {}
COMMAND: GET /session/8710bc86126986cf02bb1d50a5f31e3a/element/f.4F28C2583BB65896889CB8FD582548C6.d.D051710DE08B1D18447682C953AD1F9F.e.19526/text - {}
RESULT: {}
COMMAND: POST /session/8710bc86126986cf02bb1d50a5f31e3a/element - {"using":"xpath","value":"//tbody[contains(@id, \"customHandoversTable-tblBody\")]/tr[1]/td[14]/div/span"}
RESULT: {"using":"xpath","value":"//tbody[contains(@id, \"customHandoversTable-tblBody\")]/tr[1]/td[14]/div/span"}
COMMAND: POST /session/8710bc86126986cf02bb1d50a5f31e3a/execute/sync - {"script":"<script> [56 bytes]","args":[{"element-6066-11e4-a52e-4f735466cecf":"f.4F28C2583BB65896889CB8FD582548C6.d.D051710DE08B1D18447682C953AD1F9F.e.20213","ELEMENT":"f.4F28C2583BB65896889CB8FD582548C6.d.D051710DE08B1D18447682C953AD1F9F.e.20213"}]}
RESULT: {"script":"<script> [56 bytes]","args":[{"element-6066-11e4-a52e-4f735466cecf":"f.4F28C2583BB65896889CB8FD582548C6.d.D051710DE08B1D18447682C953AD1F9F.e.20213","ELEMENT":"f.4F28C2583BB65896889CB8FD582548C6.d.D051710DE08B1D18447682C953AD1F9F.e.20213"}]}
COMMAND: POST /session/8710bc86126986cf02bb1d50a5f31e3a/element - {"using":"xpath","value":"(//span[contains(@id, \"imgNav\")])[1]"}
COMMAND: GET /session/8710bc86126986cf02bb1d50a5f31e3a/screenshot - {}
RESULT: {"using":"xpath","value":"(//span[contains(@id, \"imgNav\")])[1]"}
COMMAND: POST /session/8710bc86126986cf02bb1d50a5f31e3a/element/f.4F28C2583BB65896889CB8FD582548C6.d.D051710DE08B1D18447682C953AD1F9F.e.20214/click - {}
RESULT: {}
RESULT: {}
COMMAND: GET /session/8710bc86126986cf02bb1d50a5f31e3a/screenshot - {}
RESULT: {}
RESULT: undefined
COMMAND: POST /session/8710bc86126986cf02bb1d50a5f31e3a/execute/async - {"script":"<script> [776 bytes]","args":[{"enterText":"5/29/25","selector":{"id":"receiptDatePicker","viewName":"etm.portal.ui.managehandovers.view.DetailExecuteHO","interaction":{"idSuffix":"inner"}},"clearTextFirst":true,"interactionType":"ENTER_TEXT"}]}
RESULT: {"script":"<script> [776 bytes]","args":[{"enterText":"5/29/25","selector":{"id":"receiptDatePicker","viewName":"etm.portal.ui.managehandovers.view.DetailExecuteHO","interaction":{"idSuffix":"inner"}},"clearTextFirst":true,"interactionType":"ENTER_TEXT"}]}
COMMAND: POST /session/8710bc86126986cf02bb1d50a5f31e3a/element - {"using":"xpath","value":"//bdi[contains(text(), \"OK\")]"}
RESULT: {"using":"xpath","value":"//bdi[contains(text(), \"OK\")]"}
COMMAND: POST /session/8710bc86126986cf02bb1d50a5f31e3a/element/f.4F28C2583BB65896889CB8FD582548C6.d.D051710DE08B1D18447682C953AD1F9F.e.20251/click - {}
RESULT: {}
COMMAND: GET /session/8710bc86126986cf02bb1d50a5f31e3a/screenshot - {}
RESULT: {}
COMMAND: POST /session/8710bc86126986cf02bb1d50a5f31e3a/element - {"using":"xpath","value":"//button[@data-kt=\"PickingTableConfirmAllButton\"]"}
RESULT: {"using":"xpath","value":"//button[@data-kt=\"PickingTableConfirmAllButton\"]"}
COMMAND: POST /session/8710bc86126986cf02bb1d50a5f31e3a/element/f.4F28C2583BB65896889CB8FD582548C6.d.D051710DE08B1D18447682C953AD1F9F.e.20237/click - {}
RESULT: {}
COMMAND: GET /session/8710bc86126986cf02bb1d50a5f31e3a/screenshot - {}
RESULT: {}
COMMAND: POST /session/8710bc86126986cf02bb1d50a5f31e3a/element - {"using":"xpath","value":"//bdi[contains(text(), \"OK\")]"}
RESULT: {"using":"xpath","value":"//bdi[contains(text(), \"OK\")]"}
COMMAND: POST /session/8710bc86126986cf02bb1d50a5f31e3a/element/f.4F28C2583BB65896889CB8FD582548C6.d.D051710DE08B1D18447682C953AD1F9F.e.20268/click - {}
RESULT: {}
COMMAND: GET /session/8710bc86126986cf02bb1d50a5f31e3a/screenshot - {}
RESULT: {}
COMMAND: POST /session/8710bc86126986cf02bb1d50a5f31e3a/element - {"using":"xpath","value":"//button[@data-kt= \"execHoReceiveButton\"]"}
RESULT: {"using":"xpath","value":"//button[@data-kt= \"execHoReceiveButton\"]"}
COMMAND: POST /session/8710bc86126986cf02bb1d50a5f31e3a/element/f.4F28C2583BB65896889CB8FD582548C6.d.D051710DE08B1D18447682C953AD1F9F.e.20270/click - {}
RESULT: {}
COMMAND: GET /session/8710bc86126986cf02bb1d50a5f31e3a/screenshot - {}
RESULT: {}
COMMAND: POST /session/8710bc86126986cf02bb1d50a5f31e3a/element - {"using":"xpath","value":"//input[contains(@id ,\"smartFilterBar-btnBasicSearch-I\")]"}
RESULT: {"using":"xpath","value":"//input[contains(@id ,\"smartFilterBar-btnBasicSearch-I\")]"}
COMMAND: POST /session/8710bc86126986cf02bb1d50a5f31e3a/elements - {"using":"xpath","value":"//input[contains(@id ,\"smartFilterBar-btnBasicSearch-I\")]"}
RESULT: {"using":"xpath","value":"//input[contains(@id ,\"smartFilterBar-btnBasicSearch-I\")]"}
COMMAND: POST /session/8710bc86126986cf02bb1d50a5f31e3a/execute/sync - {"script":"<script> [8489 bytes]","args":[{"element-6066-11e4-a52e-4f735466cecf":"f.4F28C2583BB65896889CB8FD582548C6.d.D051710DE08B1D18447682C953AD1F9F.e.19529","ELEMENT":"f.4F28C2583BB65896889CB8FD582548C6.d.D051710DE08B1D18447682C953AD1F9F.e.19529"}]}
RESULT: {"script":"<script> [8489 bytes]","args":[{"element-6066-11e4-a52e-4f735466cecf":"f.4F28C2583BB65896889CB8FD582548C6.d.D051710DE08B1D18447682C953AD1F9F.e.19529","ELEMENT":"f.4F28C2583BB65896889CB8FD582548C6.d.D051710DE08B1D18447682C953AD1F9F.e.19529"}]}
COMMAND: GET /session/8710bc86126986cf02bb1d50a5f31e3a/element/f.4F28C2583BB65896889CB8FD582548C6.d.D051710DE08B1D18447682C953AD1F9F.e.19529/enabled - {}
COMMAND: GET /session/8710bc86126986cf02bb1d50a5f31e3a/screenshot - {}
RESULT: {}
COMMAND: POST /session/8710bc86126986cf02bb1d50a5f31e3a/element/f.4F28C2583BB65896889CB8FD582548C6.d.D051710DE08B1D18447682C953AD1F9F.e.19529/clear - {}
COMMAND: GET /session/8710bc86126986cf02bb1d50a5f31e3a/screenshot - {}
RESULT: {}
RESULT: {}
COMMAND: POST /session/8710bc86126986cf02bb1d50a5f31e3a/element/f.4F28C2583BB65896889CB8FD582548C6.d.D051710DE08B1D18447682C953AD1F9F.e.19529/value - {"text":"31026"}
COMMAND: GET /session/8710bc86126986cf02bb1d50a5f31e3a/screenshot - {}
RESULT: {}
RESULT: {"text":"31026"}
COMMAND: GET /session/8710bc86126986cf02bb1d50a5f31e3a/screenshot - {}
RESULT: {}
RESULT: {}
COMMAND: POST /session/8710bc86126986cf02bb1d50a5f31e3a/actions - {"actions":[{"id":"action78","type":"key","parameters":{},"actions":[{"type":"keyDown","value":""},{"type":"pause","duration":10},{"type":"keyUp","value":""}]}]}
RESULT: {"actions":[{"id":"action78","type":"key","parameters":{},"actions":[{"type":"keyDown","value":""},{"type":"pause","duration":10},{"type":"keyUp","value":""}]}]}
COMMAND: GET /session/8710bc86126986cf02bb1d50a5f31e3a/screenshot - {}
RESULT: {}
COMMAND: POST /session/8710bc86126986cf02bb1d50a5f31e3a/element - {"using":"xpath","value":"//span[contains(@id, \"smartTable-header-inner\")]"}
RESULT: {"using":"xpath","value":"//span[contains(@id, \"smartTable-header-inner\")]"}
COMMAND: POST /session/8710bc86126986cf02bb1d50a5f31e3a/elements - {"using":"xpath","value":"//span[contains(@id, \"smartTable-header-inner\")]"}
RESULT: {"using":"xpath","value":"//span[contains(@id, \"smartTable-header-inner\")]"}
COMMAND: POST /session/8710bc86126986cf02bb1d50a5f31e3a/execute/sync - {"script":"<script> [56 bytes]","args":[{"element-6066-11e4-a52e-4f735466cecf":"f.4F28C2583BB65896889CB8FD582548C6.d.D051710DE08B1D18447682C953AD1F9F.e.20065","ELEMENT":"f.4F28C2583BB65896889CB8FD582548C6.d.D051710DE08B1D18447682C953AD1F9F.e.20065"}]}
RESULT: {"script":"<script> [56 bytes]","args":[{"element-6066-11e4-a52e-4f735466cecf":"f.4F28C2583BB65896889CB8FD582548C6.d.D051710DE08B1D18447682C953AD1F9F.e.20065","ELEMENT":"f.4F28C2583BB65896889CB8FD582548C6.d.D051710DE08B1D18447682C953AD1F9F.e.20065"}]}
COMMAND: POST /session/8710bc86126986cf02bb1d50a5f31e3a/elements - {"using":"xpath","value":"//thead[contains(@class, \"sapMTableTH\")]/tr/th"}
COMMAND: GET /session/8710bc86126986cf02bb1d50a5f31e3a/screenshot - {}
RESULT: {"using":"xpath","value":"//thead[contains(@class, \"sapMTableTH\")]/tr/th"}
COMMAND: GET /session/8710bc86126986cf02bb1d50a5f31e3a/element/f.4F28C2583BB65896889CB8FD582548C6.d.D051710DE08B1D18447682C953AD1F9F.e.20160/text - {}
RESULT: {}
RESULT: {}
COMMAND: GET /session/8710bc86126986cf02bb1d50a5f31e3a/element/f.4F28C2583BB65896889CB8FD582548C6.d.D051710DE08B1D18447682C953AD1F9F.e.20161/text - {}
RESULT: {}
COMMAND: GET /session/8710bc86126986cf02bb1d50a5f31e3a/element/f.4F28C2583BB65896889CB8FD582548C6.d.D051710DE08B1D18447682C953AD1F9F.e.19523/text - {}
RESULT: {}
COMMAND: GET /session/8710bc86126986cf02bb1d50a5f31e3a/element/f.4F28C2583BB65896889CB8FD582548C6.d.D051710DE08B1D18447682C953AD1F9F.e.19525/text - {}
RESULT: {}
COMMAND: GET /session/8710bc86126986cf02bb1d50a5f31e3a/element/f.4F28C2583BB65896889CB8FD582548C6.d.D051710DE08B1D18447682C953AD1F9F.e.20275/text - {}
RESULT: {}
COMMAND: GET /session/8710bc86126986cf02bb1d50a5f31e3a/element/f.4F28C2583BB65896889CB8FD582548C6.d.D051710DE08B1D18447682C953AD1F9F.e.20276/text - {}
RESULT: {}
COMMAND: GET /session/8710bc86126986cf02bb1d50a5f31e3a/element/f.4F28C2583BB65896889CB8FD582548C6.d.D051710DE08B1D18447682C953AD1F9F.e.20277/text - {}
RESULT: {}
COMMAND: GET /session/8710bc86126986cf02bb1d50a5f31e3a/element/f.4F28C2583BB65896889CB8FD582548C6.d.D051710DE08B1D18447682C953AD1F9F.e.20278/text - {}
RESULT: {}
COMMAND: GET /session/8710bc86126986cf02bb1d50a5f31e3a/element/f.4F28C2583BB65896889CB8FD582548C6.d.D051710DE08B1D18447682C953AD1F9F.e.20279/text - {}
RESULT: {}
COMMAND: GET /session/8710bc86126986cf02bb1d50a5f31e3a/element/f.4F28C2583BB65896889CB8FD582548C6.d.D051710DE08B1D18447682C953AD1F9F.e.20280/text - {}
RESULT: {}
COMMAND: GET /session/8710bc86126986cf02bb1d50a5f31e3a/element/f.4F28C2583BB65896889CB8FD582548C6.d.D051710DE08B1D18447682C953AD1F9F.e.20281/text - {}
RESULT: {}
COMMAND: GET /session/8710bc86126986cf02bb1d50a5f31e3a/element/f.4F28C2583BB65896889CB8FD582548C6.d.D051710DE08B1D18447682C953AD1F9F.e.20282/text - {}
RESULT: {}
COMMAND: GET /session/8710bc86126986cf02bb1d50a5f31e3a/element/f.4F28C2583BB65896889CB8FD582548C6.d.D051710DE08B1D18447682C953AD1F9F.e.20283/text - {}
RESULT: {}
COMMAND: GET /session/8710bc86126986cf02bb1d50a5f31e3a/element/f.4F28C2583BB65896889CB8FD582548C6.d.D051710DE08B1D18447682C953AD1F9F.e.19526/text - {}
RESULT: {}
COMMAND: POST /session/8710bc86126986cf02bb1d50a5f31e3a/element - {"using":"xpath","value":"//tbody[contains(@id, \"customHandoversTable-tblBody\")]/tr[1]/td[14]/div/span"}
RESULT: {"using":"xpath","value":"//tbody[contains(@id, \"customHandoversTable-tblBody\")]/tr[1]/td[14]/div/span"}
COMMAND: POST /session/8710bc86126986cf02bb1d50a5f31e3a/execute/sync - {"script":"<script> [56 bytes]","args":[{"element-6066-11e4-a52e-4f735466cecf":"f.4F28C2583BB65896889CB8FD582548C6.d.D051710DE08B1D18447682C953AD1F9F.e.20326","ELEMENT":"f.4F28C2583BB65896889CB8FD582548C6.d.D051710DE08B1D18447682C953AD1F9F.e.20326"}]}
RESULT: {"script":"<script> [56 bytes]","args":[{"element-6066-11e4-a52e-4f735466cecf":"f.4F28C2583BB65896889CB8FD582548C6.d.D051710DE08B1D18447682C953AD1F9F.e.20326","ELEMENT":"f.4F28C2583BB65896889CB8FD582548C6.d.D051710DE08B1D18447682C953AD1F9F.e.20326"}]}
COMMAND: POST /session/8710bc86126986cf02bb1d50a5f31e3a/element - {"using":"css selector","value":"#shell-header-logo"}
COMMAND: GET /session/8710bc86126986cf02bb1d50a5f31e3a/screenshot - {}
RESULT: {"using":"css selector","value":"#shell-header-logo"}
COMMAND: POST /session/8710bc86126986cf02bb1d50a5f31e3a/element/f.4F28C2583BB65896889CB8FD582548C6.d.D051710DE08B1D18447682C953AD1F9F.e.18855/click - {}
RESULT: {}
RESULT: {}
COMMAND: GET /session/8710bc86126986cf02bb1d50a5f31e3a/screenshot - {}
RESULT: {}
]]></system-out>
    </testcase>
    <testcase classname="chrome.136_0_7103_93.windows.Billing_Calculation_-_Time_based_(considering_transport_times)_US139738" name="Should navigate to Manage Billings and trigger contract calculation business confirm it" time="73.399">
      <system-out><![CDATA[
COMMAND: POST /session/8710bc86126986cf02bb1d50a5f31e3a/execute/async - {"script":"<script> [1562 bytes]","args":[{"selector":{"controlType":"sap.m.GenericTile","properties":{"header":"Manage Billings"}},"wdio_ui5_key":"sapm.GenericTile{\"header\":\"Manage Billings\"}"}]}
RESULT: {"script":"<script> [1562 bytes]","args":[{"selector":{"controlType":"sap.m.GenericTile","properties":{"header":"Manage Billings"}},"wdio_ui5_key":"sapm.GenericTile{\"header\":\"Manage Billings\"}"}]}
RESULT: undefined
COMMAND: POST /session/8710bc86126986cf02bb1d50a5f31e3a/element - {"using":"xpath","value":"//*[@id=\"__tile51\"]"}
RESULT: {"using":"xpath","value":"//*[@id=\"__tile51\"]"}
COMMAND: POST /session/8710bc86126986cf02bb1d50a5f31e3a/element/f.4F28C2583BB65896889CB8FD582548C6.d.D051710DE08B1D18447682C953AD1F9F.e.16698/click - {}
RESULT: {}
COMMAND: GET /session/8710bc86126986cf02bb1d50a5f31e3a/screenshot - {}
COMMAND: POST /session/8710bc86126986cf02bb1d50a5f31e3a/elements - {"using":"xpath","value":"//span[text()='Error']"}
RESULT: {}
RESULT: {"using":"xpath","value":"//span[text()='Error']"}
COMMAND: POST /session/8710bc86126986cf02bb1d50a5f31e3a/execute/async - {"script":"<script> [1562 bytes]","args":[{"selector":{"id":"application-managebillings-display-component---billRunCalcResult--smartFilterBar-btnBasicSearch","interaction":{"idSuffix":"I"}},"wdio_ui5_key":"applicationmanagebillings-display-component---billRunCalcResult--smartFilterBar-btnBasicSearch"}]}
RESULT: {"script":"<script> [1562 bytes]","args":[{"selector":{"id":"application-managebillings-display-component---billRunCalcResult--smartFilterBar-btnBasicSearch","interaction":{"idSuffix":"I"}},"wdio_ui5_key":"applicationmanagebillings-display-component---billRunCalcResult--smartFilterBar-btnBasicSearch"}]}
RESULT: undefined
COMMAND: POST /session/8710bc86126986cf02bb1d50a5f31e3a/execute/async - {"script":"<script> [776 bytes]","args":[{"enterText":"10511","selector":{"id":"application-managebillings-display-component---billRunCalcResult--smartFilterBar-btnBasicSearch","interaction":{"idSuffix":"I"}},"clearTextFirst":true,"interactionType":"ENTER_TEXT"}]}
RESULT: {"script":"<script> [776 bytes]","args":[{"enterText":"10511","selector":{"id":"application-managebillings-display-component---billRunCalcResult--smartFilterBar-btnBasicSearch","interaction":{"idSuffix":"I"}},"clearTextFirst":true,"interactionType":"ENTER_TEXT"}]}
COMMAND: POST /session/8710bc86126986cf02bb1d50a5f31e3a/actions - {"actions":[{"id":"action79","type":"key","parameters":{},"actions":[{"type":"keyDown","value":""},{"type":"pause","duration":10},{"type":"keyUp","value":""}]}]}
RESULT: {"actions":[{"id":"action79","type":"key","parameters":{},"actions":[{"type":"keyDown","value":""},{"type":"pause","duration":10},{"type":"keyUp","value":""}]}]}
COMMAND: GET /session/8710bc86126986cf02bb1d50a5f31e3a/screenshot - {}
RESULT: {}
COMMAND: POST /session/8710bc86126986cf02bb1d50a5f31e3a/element - {"using":"xpath","value":"//td[@aria-colindex=\"1\"]/div/div[contains(@class, \"sapMCbBg\")]"}
RESULT: {"using":"xpath","value":"//td[@aria-colindex=\"1\"]/div/div[contains(@class, \"sapMCbBg\")]"}
COMMAND: POST /session/8710bc86126986cf02bb1d50a5f31e3a/element/f.4F28C2583BB65896889CB8FD582548C6.d.D051710DE08B1D18447682C953AD1F9F.e.20540/click - {}
RESULT: {}
COMMAND: GET /session/8710bc86126986cf02bb1d50a5f31e3a/screenshot - {}
RESULT: {}
COMMAND: POST /session/8710bc86126986cf02bb1d50a5f31e3a/execute/async - {"script":"<script> [1562 bytes]","args":[{"selector":{"id":"application-managebillings-display-component---billRunCalcResult--contractBillRunDate","interaction":{"idSuffix":"inner"}},"wdio_ui5_key":"applicationmanagebillings-display-component---billRunCalcResult--contractBillRunDate"}]}
RESULT: {"script":"<script> [1562 bytes]","args":[{"selector":{"id":"application-managebillings-display-component---billRunCalcResult--contractBillRunDate","interaction":{"idSuffix":"inner"}},"wdio_ui5_key":"applicationmanagebillings-display-component---billRunCalcResult--contractBillRunDate"}]}
RESULT: undefined
COMMAND: POST /session/8710bc86126986cf02bb1d50a5f31e3a/execute/async - {"script":"<script> [776 bytes]","args":[{"enterText":"5/22/25","selector":{"id":"application-managebillings-display-component---billRunCalcResult--contractBillRunDate","interaction":{"idSuffix":"inner"}},"clearTextFirst":true,"interactionType":"ENTER_TEXT"}]}
RESULT: {"script":"<script> [776 bytes]","args":[{"enterText":"5/22/25","selector":{"id":"application-managebillings-display-component---billRunCalcResult--contractBillRunDate","interaction":{"idSuffix":"inner"}},"clearTextFirst":true,"interactionType":"ENTER_TEXT"}]}
COMMAND: POST /session/8710bc86126986cf02bb1d50a5f31e3a/element - {"using":"xpath","value":"//bdi[contains(text(), \"Trigger Calculation\")]"}
RESULT: {"using":"xpath","value":"//bdi[contains(text(), \"Trigger Calculation\")]"}
COMMAND: POST /session/8710bc86126986cf02bb1d50a5f31e3a/element/f.4F28C2583BB65896889CB8FD582548C6.d.D051710DE08B1D18447682C953AD1F9F.e.20591/click - {}
RESULT: {}
COMMAND: GET /session/8710bc86126986cf02bb1d50a5f31e3a/screenshot - {}
RESULT: {}
COMMAND: POST /session/8710bc86126986cf02bb1d50a5f31e3a/element - {"using":"xpath","value":"(//span[contains(@id, \"imgNav\")])[1]"}
RESULT: {"using":"xpath","value":"(//span[contains(@id, \"imgNav\")])[1]"}
COMMAND: POST /session/8710bc86126986cf02bb1d50a5f31e3a/element/f.4F28C2583BB65896889CB8FD582548C6.d.D051710DE08B1D18447682C953AD1F9F.e.20541/click - {}
RESULT: {}
COMMAND: GET /session/8710bc86126986cf02bb1d50a5f31e3a/screenshot - {}
RESULT: {}
COMMAND: POST /session/8710bc86126986cf02bb1d50a5f31e3a/element - {"using":"xpath","value":"//tr/td[6]/div[1]/span[1]/span[1]"}
RESULT: {"using":"xpath","value":"//tr/td[6]/div[1]/span[1]/span[1]"}
COMMAND: GET /session/8710bc86126986cf02bb1d50a5f31e3a/element/f.4F28C2583BB65896889CB8FD582548C6.d.D051710DE08B1D18447682C953AD1F9F.e.20596/text - {}
RESULT: {}
COMMAND: POST /session/8710bc86126986cf02bb1d50a5f31e3a/element - {"using":"xpath","value":"(//span[contains(@id, \"imgNav\")])[2]"}
RESULT: {"using":"xpath","value":"(//span[contains(@id, \"imgNav\")])[2]"}
COMMAND: POST /session/8710bc86126986cf02bb1d50a5f31e3a/element/f.4F28C2583BB65896889CB8FD582548C6.d.D051710DE08B1D18447682C953AD1F9F.e.20597/click - {}
RESULT: {}
COMMAND: POST /session/8710bc86126986cf02bb1d50a5f31e3a/element - {"using":"xpath","value":"//bdi[contains(text(), \"Business Confirm\")]"}
COMMAND: GET /session/8710bc86126986cf02bb1d50a5f31e3a/screenshot - {}
RESULT: {"using":"xpath","value":"//bdi[contains(text(), \"Business Confirm\")]"}
COMMAND: POST /session/8710bc86126986cf02bb1d50a5f31e3a/elements - {"using":"xpath","value":"//bdi[contains(text(), \"Business Confirm\")]"}
RESULT: {}
RESULT: {"using":"xpath","value":"//bdi[contains(text(), \"Business Confirm\")]"}
COMMAND: POST /session/8710bc86126986cf02bb1d50a5f31e3a/element - {"using":"xpath","value":"//bdi[contains(text(), \"Business Confirm\")]"}
RESULT: {"using":"xpath","value":"//bdi[contains(text(), \"Business Confirm\")]"}
COMMAND: POST /session/8710bc86126986cf02bb1d50a5f31e3a/element/f.4F28C2583BB65896889CB8FD582548C6.d.D051710DE08B1D18447682C953AD1F9F.e.20638/click - {}
RESULT: {}
COMMAND: POST /session/8710bc86126986cf02bb1d50a5f31e3a/element - {"using":"css selector","value":"#shell-header-logo"}
COMMAND: GET /session/8710bc86126986cf02bb1d50a5f31e3a/screenshot - {}
RESULT: {"using":"css selector","value":"#shell-header-logo"}
COMMAND: POST /session/8710bc86126986cf02bb1d50a5f31e3a/element/f.4F28C2583BB65896889CB8FD582548C6.d.D051710DE08B1D18447682C953AD1F9F.e.20332/click - {}
RESULT: {}
RESULT: {}
COMMAND: GET /session/8710bc86126986cf02bb1d50a5f31e3a/screenshot - {}
RESULT: {}
]]></system-out>
    </testcase>
    <testcase classname="chrome.136_0_7103_93.windows.Billing_Calculation_-_Time_based_(considering_transport_times)_US139738" name="Should transfer the billing all the way to completion" time="95.47">
      <system-out><![CDATA[
COMMAND: POST /session/8710bc86126986cf02bb1d50a5f31e3a/execute/async - {"script":"<script> [1562 bytes]","args":[{"selector":{"controlType":"sap.m.GenericTile","properties":{"header":"Billing Transfer"}},"wdio_ui5_key":"sapm.GenericTile{\"header\":\"Billing Transfer\"}"}]}
RESULT: {"script":"<script> [1562 bytes]","args":[{"selector":{"controlType":"sap.m.GenericTile","properties":{"header":"Billing Transfer"}},"wdio_ui5_key":"sapm.GenericTile{\"header\":\"Billing Transfer\"}"}]}
RESULT: undefined
COMMAND: POST /session/8710bc86126986cf02bb1d50a5f31e3a/element - {"using":"xpath","value":"//*[@id=\"__tile50\"]"}
RESULT: {"using":"xpath","value":"//*[@id=\"__tile50\"]"}
COMMAND: POST /session/8710bc86126986cf02bb1d50a5f31e3a/element/f.4F28C2583BB65896889CB8FD582548C6.d.D051710DE08B1D18447682C953AD1F9F.e.16696/click - {}
RESULT: {}
COMMAND: GET /session/8710bc86126986cf02bb1d50a5f31e3a/screenshot - {}
RESULT: {}
COMMAND: POST /session/8710bc86126986cf02bb1d50a5f31e3a/elements - {"using":"xpath","value":"//span[text()='Error']"}
RESULT: {"using":"xpath","value":"//span[text()='Error']"}
COMMAND: POST /session/8710bc86126986cf02bb1d50a5f31e3a/element - {"using":"xpath","value":"//input[contains(@id ,\"application-billingtransfer-display-component---billingWorkbench--smartFilterBar-btnBasicSearch\")]"}
RESULT: {"using":"xpath","value":"//input[contains(@id ,\"application-billingtransfer-display-component---billingWorkbench--smartFilterBar-btnBasicSearch\")]"}
COMMAND: POST /session/8710bc86126986cf02bb1d50a5f31e3a/elements - {"using":"xpath","value":"//input[contains(@id ,\"application-billingtransfer-display-component---billingWorkbench--smartFilterBar-btnBasicSearch\")]"}
RESULT: {"using":"xpath","value":"//input[contains(@id ,\"application-billingtransfer-display-component---billingWorkbench--smartFilterBar-btnBasicSearch\")]"}
COMMAND: POST /session/8710bc86126986cf02bb1d50a5f31e3a/execute/sync - {"script":"<script> [8489 bytes]","args":[{"element-6066-11e4-a52e-4f735466cecf":"f.4F28C2583BB65896889CB8FD582548C6.d.D051710DE08B1D18447682C953AD1F9F.e.20673","ELEMENT":"f.4F28C2583BB65896889CB8FD582548C6.d.D051710DE08B1D18447682C953AD1F9F.e.20673"}]}
RESULT: {"script":"<script> [8489 bytes]","args":[{"element-6066-11e4-a52e-4f735466cecf":"f.4F28C2583BB65896889CB8FD582548C6.d.D051710DE08B1D18447682C953AD1F9F.e.20673","ELEMENT":"f.4F28C2583BB65896889CB8FD582548C6.d.D051710DE08B1D18447682C953AD1F9F.e.20673"}]}
COMMAND: GET /session/8710bc86126986cf02bb1d50a5f31e3a/element/f.4F28C2583BB65896889CB8FD582548C6.d.D051710DE08B1D18447682C953AD1F9F.e.20673/enabled - {}
COMMAND: GET /session/8710bc86126986cf02bb1d50a5f31e3a/screenshot - {}
RESULT: {}
COMMAND: POST /session/8710bc86126986cf02bb1d50a5f31e3a/element/f.4F28C2583BB65896889CB8FD582548C6.d.D051710DE08B1D18447682C953AD1F9F.e.20673/click - {}
COMMAND: GET /session/8710bc86126986cf02bb1d50a5f31e3a/screenshot - {}
RESULT: {}
RESULT: {}
COMMAND: GET /session/8710bc86126986cf02bb1d50a5f31e3a/screenshot - {}
RESULT: {}
RESULT: {}
COMMAND: POST /session/8710bc86126986cf02bb1d50a5f31e3a/element/f.4F28C2583BB65896889CB8FD582548C6.d.D051710DE08B1D18447682C953AD1F9F.e.20673/clear - {}
RESULT: {}
COMMAND: POST /session/8710bc86126986cf02bb1d50a5f31e3a/element/f.4F28C2583BB65896889CB8FD582548C6.d.D051710DE08B1D18447682C953AD1F9F.e.20673/value - {"text":"10511"}
COMMAND: GET /session/8710bc86126986cf02bb1d50a5f31e3a/screenshot - {}
RESULT: {"text":"10511"}
COMMAND: POST /session/8710bc86126986cf02bb1d50a5f31e3a/actions - {"actions":[{"id":"action80","type":"key","parameters":{},"actions":[{"type":"keyDown","value":""},{"type":"pause","duration":10},{"type":"keyUp","value":""}]}]}
COMMAND: GET /session/8710bc86126986cf02bb1d50a5f31e3a/screenshot - {}
RESULT: {}
RESULT: {"actions":[{"id":"action80","type":"key","parameters":{},"actions":[{"type":"keyDown","value":""},{"type":"pause","duration":10},{"type":"keyUp","value":""}]}]}
COMMAND: GET /session/8710bc86126986cf02bb1d50a5f31e3a/screenshot - {}
RESULT: {}
RESULT: {}
COMMAND: POST /session/8710bc86126986cf02bb1d50a5f31e3a/element - {"using":"xpath","value":"//span[contains(@id ,\"application-billingtransfer-display-component---billingWorkbench--smartTableBillingRuns-header-inner\")]"}
RESULT: {"using":"xpath","value":"//span[contains(@id ,\"application-billingtransfer-display-component---billingWorkbench--smartTableBillingRuns-header-inner\")]"}
COMMAND: POST /session/8710bc86126986cf02bb1d50a5f31e3a/elements - {"using":"xpath","value":"//span[contains(@id ,\"application-billingtransfer-display-component---billingWorkbench--smartTableBillingRuns-header-inner\")]"}
RESULT: {"using":"xpath","value":"//span[contains(@id ,\"application-billingtransfer-display-component---billingWorkbench--smartTableBillingRuns-header-inner\")]"}
COMMAND: POST /session/8710bc86126986cf02bb1d50a5f31e3a/execute/sync - {"script":"<script> [56 bytes]","args":[{"element-6066-11e4-a52e-4f735466cecf":"f.4F28C2583BB65896889CB8FD582548C6.d.D051710DE08B1D18447682C953AD1F9F.e.21034","ELEMENT":"f.4F28C2583BB65896889CB8FD582548C6.d.D051710DE08B1D18447682C953AD1F9F.e.21034"}]}
RESULT: {"script":"<script> [56 bytes]","args":[{"element-6066-11e4-a52e-4f735466cecf":"f.4F28C2583BB65896889CB8FD582548C6.d.D051710DE08B1D18447682C953AD1F9F.e.21034","ELEMENT":"f.4F28C2583BB65896889CB8FD582548C6.d.D051710DE08B1D18447682C953AD1F9F.e.21034"}]}
COMMAND: POST /session/8710bc86126986cf02bb1d50a5f31e3a/element - {"using":"xpath","value":"//td[@aria-colindex=\"1\"]/div/div[contains(@class, \"sapMCbBg\")]"}
COMMAND: GET /session/8710bc86126986cf02bb1d50a5f31e3a/screenshot - {}
RESULT: {"using":"xpath","value":"//td[@aria-colindex=\"1\"]/div/div[contains(@class, \"sapMCbBg\")]"}
COMMAND: POST /session/8710bc86126986cf02bb1d50a5f31e3a/element/f.4F28C2583BB65896889CB8FD582548C6.d.D051710DE08B1D18447682C953AD1F9F.e.20776/click - {}
RESULT: {}
RESULT: {}
COMMAND: GET /session/8710bc86126986cf02bb1d50a5f31e3a/screenshot - {}
RESULT: {}
COMMAND: POST /session/8710bc86126986cf02bb1d50a5f31e3a/element - {"using":"xpath","value":"//bdi[contains(text(), \"Check\")]"}
RESULT: {"using":"xpath","value":"//bdi[contains(text(), \"Check\")]"}
COMMAND: POST /session/8710bc86126986cf02bb1d50a5f31e3a/element/f.4F28C2583BB65896889CB8FD582548C6.d.D051710DE08B1D18447682C953AD1F9F.e.21035/click - {}
RESULT: {}
COMMAND: GET /session/8710bc86126986cf02bb1d50a5f31e3a/screenshot - {}
RESULT: {}
COMMAND: POST /session/8710bc86126986cf02bb1d50a5f31e3a/element - {"using":"xpath","value":"//bdi[contains(text(), \"OK\")]"}
RESULT: {"using":"xpath","value":"//bdi[contains(text(), \"OK\")]"}
COMMAND: POST /session/8710bc86126986cf02bb1d50a5f31e3a/element/f.4F28C2583BB65896889CB8FD582548C6.d.D051710DE08B1D18447682C953AD1F9F.e.21038/click - {}
RESULT: {}
COMMAND: GET /session/8710bc86126986cf02bb1d50a5f31e3a/screenshot - {}
RESULT: {}
COMMAND: POST /session/8710bc86126986cf02bb1d50a5f31e3a/element - {"using":"xpath","value":"(//span[contains(text(), \"CO/SD checked\")]/parent::div/preceding-sibling::div/span)[1]"}
RESULT: {"using":"xpath","value":"(//span[contains(text(), \"CO/SD checked\")]/parent::div/preceding-sibling::div/span)[1]"}
COMMAND: POST /session/8710bc86126986cf02bb1d50a5f31e3a/element/f.4F28C2583BB65896889CB8FD582548C6.d.D051710DE08B1D18447682C953AD1F9F.e.21048/click - {}
RESULT: {}
COMMAND: GET /session/8710bc86126986cf02bb1d50a5f31e3a/screenshot - {}
RESULT: {}
COMMAND: POST /session/8710bc86126986cf02bb1d50a5f31e3a/element - {"using":"xpath","value":"//input[contains(@id ,\"application-billingtransfer-display-component---billingWorkbench--smartFilterBar-btnBasicSearch\")]"}
RESULT: {"using":"xpath","value":"//input[contains(@id ,\"application-billingtransfer-display-component---billingWorkbench--smartFilterBar-btnBasicSearch\")]"}
COMMAND: POST /session/8710bc86126986cf02bb1d50a5f31e3a/elements - {"using":"xpath","value":"//input[contains(@id ,\"application-billingtransfer-display-component---billingWorkbench--smartFilterBar-btnBasicSearch\")]"}
RESULT: {"using":"xpath","value":"//input[contains(@id ,\"application-billingtransfer-display-component---billingWorkbench--smartFilterBar-btnBasicSearch\")]"}
COMMAND: POST /session/8710bc86126986cf02bb1d50a5f31e3a/execute/sync - {"script":"<script> [8489 bytes]","args":[{"element-6066-11e4-a52e-4f735466cecf":"f.4F28C2583BB65896889CB8FD582548C6.d.D051710DE08B1D18447682C953AD1F9F.e.20673","ELEMENT":"f.4F28C2583BB65896889CB8FD582548C6.d.D051710DE08B1D18447682C953AD1F9F.e.20673"}]}
RESULT: {"script":"<script> [8489 bytes]","args":[{"element-6066-11e4-a52e-4f735466cecf":"f.4F28C2583BB65896889CB8FD582548C6.d.D051710DE08B1D18447682C953AD1F9F.e.20673","ELEMENT":"f.4F28C2583BB65896889CB8FD582548C6.d.D051710DE08B1D18447682C953AD1F9F.e.20673"}]}
COMMAND: GET /session/8710bc86126986cf02bb1d50a5f31e3a/element/f.4F28C2583BB65896889CB8FD582548C6.d.D051710DE08B1D18447682C953AD1F9F.e.20673/enabled - {}
COMMAND: GET /session/8710bc86126986cf02bb1d50a5f31e3a/screenshot - {}
RESULT: {}
COMMAND: POST /session/8710bc86126986cf02bb1d50a5f31e3a/element/f.4F28C2583BB65896889CB8FD582548C6.d.D051710DE08B1D18447682C953AD1F9F.e.20673/click - {}
COMMAND: GET /session/8710bc86126986cf02bb1d50a5f31e3a/screenshot - {}
RESULT: {}
RESULT: {}
COMMAND: GET /session/8710bc86126986cf02bb1d50a5f31e3a/screenshot - {}
RESULT: {}
RESULT: {}
COMMAND: POST /session/8710bc86126986cf02bb1d50a5f31e3a/element/f.4F28C2583BB65896889CB8FD582548C6.d.D051710DE08B1D18447682C953AD1F9F.e.20673/clear - {}
RESULT: {}
COMMAND: POST /session/8710bc86126986cf02bb1d50a5f31e3a/element/f.4F28C2583BB65896889CB8FD582548C6.d.D051710DE08B1D18447682C953AD1F9F.e.20673/value - {"text":"10511"}
COMMAND: GET /session/8710bc86126986cf02bb1d50a5f31e3a/screenshot - {}
RESULT: {}
RESULT: {"text":"10511"}
COMMAND: POST /session/8710bc86126986cf02bb1d50a5f31e3a/actions - {"actions":[{"id":"action81","type":"key","parameters":{},"actions":[{"type":"keyDown","value":""},{"type":"pause","duration":10},{"type":"keyUp","value":""}]}]}
COMMAND: GET /session/8710bc86126986cf02bb1d50a5f31e3a/screenshot - {}
RESULT: {"actions":[{"id":"action81","type":"key","parameters":{},"actions":[{"type":"keyDown","value":""},{"type":"pause","duration":10},{"type":"keyUp","value":""}]}]}
COMMAND: GET /session/8710bc86126986cf02bb1d50a5f31e3a/screenshot - {}
RESULT: {}
RESULT: {}
COMMAND: POST /session/8710bc86126986cf02bb1d50a5f31e3a/element - {"using":"xpath","value":"//span[contains(@id ,\"application-billingtransfer-display-component---billingWorkbench--smartTableBillingRuns-header-inner\")]"}
RESULT: {"using":"xpath","value":"//span[contains(@id ,\"application-billingtransfer-display-component---billingWorkbench--smartTableBillingRuns-header-inner\")]"}
COMMAND: POST /session/8710bc86126986cf02bb1d50a5f31e3a/elements - {"using":"xpath","value":"//span[contains(@id ,\"application-billingtransfer-display-component---billingWorkbench--smartTableBillingRuns-header-inner\")]"}
RESULT: {"using":"xpath","value":"//span[contains(@id ,\"application-billingtransfer-display-component---billingWorkbench--smartTableBillingRuns-header-inner\")]"}
COMMAND: POST /session/8710bc86126986cf02bb1d50a5f31e3a/execute/sync - {"script":"<script> [56 bytes]","args":[{"element-6066-11e4-a52e-4f735466cecf":"f.4F28C2583BB65896889CB8FD582548C6.d.D051710DE08B1D18447682C953AD1F9F.e.21034","ELEMENT":"f.4F28C2583BB65896889CB8FD582548C6.d.D051710DE08B1D18447682C953AD1F9F.e.21034"}]}
RESULT: {"script":"<script> [56 bytes]","args":[{"element-6066-11e4-a52e-4f735466cecf":"f.4F28C2583BB65896889CB8FD582548C6.d.D051710DE08B1D18447682C953AD1F9F.e.21034","ELEMENT":"f.4F28C2583BB65896889CB8FD582548C6.d.D051710DE08B1D18447682C953AD1F9F.e.21034"}]}
COMMAND: GET /session/8710bc86126986cf02bb1d50a5f31e3a/screenshot - {}
RESULT: {}
COMMAND: POST /session/8710bc86126986cf02bb1d50a5f31e3a/execute/sync - {"script":"<script> [56 bytes]","args":[{"element-6066-11e4-a52e-4f735466cecf":"f.4F28C2583BB65896889CB8FD582548C6.d.D051710DE08B1D18447682C953AD1F9F.e.21034","ELEMENT":"f.4F28C2583BB65896889CB8FD582548C6.d.D051710DE08B1D18447682C953AD1F9F.e.21034"}]}
RESULT: {"script":"<script> [56 bytes]","args":[{"element-6066-11e4-a52e-4f735466cecf":"f.4F28C2583BB65896889CB8FD582548C6.d.D051710DE08B1D18447682C953AD1F9F.e.21034","ELEMENT":"f.4F28C2583BB65896889CB8FD582548C6.d.D051710DE08B1D18447682C953AD1F9F.e.21034"}]}
COMMAND: GET /session/8710bc86126986cf02bb1d50a5f31e3a/screenshot - {}
RESULT: {}
COMMAND: POST /session/8710bc86126986cf02bb1d50a5f31e3a/execute/sync - {"script":"<script> [56 bytes]","args":[{"element-6066-11e4-a52e-4f735466cecf":"f.4F28C2583BB65896889CB8FD582548C6.d.D051710DE08B1D18447682C953AD1F9F.e.21034","ELEMENT":"f.4F28C2583BB65896889CB8FD582548C6.d.D051710DE08B1D18447682C953AD1F9F.e.21034"}]}
RESULT: {"script":"<script> [56 bytes]","args":[{"element-6066-11e4-a52e-4f735466cecf":"f.4F28C2583BB65896889CB8FD582548C6.d.D051710DE08B1D18447682C953AD1F9F.e.21034","ELEMENT":"f.4F28C2583BB65896889CB8FD582548C6.d.D051710DE08B1D18447682C953AD1F9F.e.21034"}]}
COMMAND: GET /session/8710bc86126986cf02bb1d50a5f31e3a/screenshot - {}
RESULT: {}
COMMAND: POST /session/8710bc86126986cf02bb1d50a5f31e3a/execute/sync - {"script":"<script> [56 bytes]","args":[{"element-6066-11e4-a52e-4f735466cecf":"f.4F28C2583BB65896889CB8FD582548C6.d.D051710DE08B1D18447682C953AD1F9F.e.21034","ELEMENT":"f.4F28C2583BB65896889CB8FD582548C6.d.D051710DE08B1D18447682C953AD1F9F.e.21034"}]}
RESULT: {"script":"<script> [56 bytes]","args":[{"element-6066-11e4-a52e-4f735466cecf":"f.4F28C2583BB65896889CB8FD582548C6.d.D051710DE08B1D18447682C953AD1F9F.e.21034","ELEMENT":"f.4F28C2583BB65896889CB8FD582548C6.d.D051710DE08B1D18447682C953AD1F9F.e.21034"}]}
COMMAND: GET /session/8710bc86126986cf02bb1d50a5f31e3a/screenshot - {}
RESULT: {}
COMMAND: POST /session/8710bc86126986cf02bb1d50a5f31e3a/execute/sync - {"script":"<script> [56 bytes]","args":[{"element-6066-11e4-a52e-4f735466cecf":"f.4F28C2583BB65896889CB8FD582548C6.d.D051710DE08B1D18447682C953AD1F9F.e.21034","ELEMENT":"f.4F28C2583BB65896889CB8FD582548C6.d.D051710DE08B1D18447682C953AD1F9F.e.21034"}]}
RESULT: {"script":"<script> [56 bytes]","args":[{"element-6066-11e4-a52e-4f735466cecf":"f.4F28C2583BB65896889CB8FD582548C6.d.D051710DE08B1D18447682C953AD1F9F.e.21034","ELEMENT":"f.4F28C2583BB65896889CB8FD582548C6.d.D051710DE08B1D18447682C953AD1F9F.e.21034"}]}
COMMAND: GET /session/8710bc86126986cf02bb1d50a5f31e3a/screenshot - {}
RESULT: {}
COMMAND: POST /session/8710bc86126986cf02bb1d50a5f31e3a/execute/sync - {"script":"<script> [56 bytes]","args":[{"element-6066-11e4-a52e-4f735466cecf":"f.4F28C2583BB65896889CB8FD582548C6.d.D051710DE08B1D18447682C953AD1F9F.e.21034","ELEMENT":"f.4F28C2583BB65896889CB8FD582548C6.d.D051710DE08B1D18447682C953AD1F9F.e.21034"}]}
RESULT: {"script":"<script> [56 bytes]","args":[{"element-6066-11e4-a52e-4f735466cecf":"f.4F28C2583BB65896889CB8FD582548C6.d.D051710DE08B1D18447682C953AD1F9F.e.21034","ELEMENT":"f.4F28C2583BB65896889CB8FD582548C6.d.D051710DE08B1D18447682C953AD1F9F.e.21034"}]}
COMMAND: GET /session/8710bc86126986cf02bb1d50a5f31e3a/screenshot - {}
RESULT: {}
COMMAND: POST /session/8710bc86126986cf02bb1d50a5f31e3a/execute/sync - {"script":"<script> [56 bytes]","args":[{"element-6066-11e4-a52e-4f735466cecf":"f.4F28C2583BB65896889CB8FD582548C6.d.D051710DE08B1D18447682C953AD1F9F.e.21034","ELEMENT":"f.4F28C2583BB65896889CB8FD582548C6.d.D051710DE08B1D18447682C953AD1F9F.e.21034"}]}
RESULT: {"script":"<script> [56 bytes]","args":[{"element-6066-11e4-a52e-4f735466cecf":"f.4F28C2583BB65896889CB8FD582548C6.d.D051710DE08B1D18447682C953AD1F9F.e.21034","ELEMENT":"f.4F28C2583BB65896889CB8FD582548C6.d.D051710DE08B1D18447682C953AD1F9F.e.21034"}]}
COMMAND: GET /session/8710bc86126986cf02bb1d50a5f31e3a/screenshot - {}
RESULT: {}
COMMAND: POST /session/8710bc86126986cf02bb1d50a5f31e3a/execute/sync - {"script":"<script> [56 bytes]","args":[{"element-6066-11e4-a52e-4f735466cecf":"f.4F28C2583BB65896889CB8FD582548C6.d.D051710DE08B1D18447682C953AD1F9F.e.21034","ELEMENT":"f.4F28C2583BB65896889CB8FD582548C6.d.D051710DE08B1D18447682C953AD1F9F.e.21034"}]}
RESULT: {"script":"<script> [56 bytes]","args":[{"element-6066-11e4-a52e-4f735466cecf":"f.4F28C2583BB65896889CB8FD582548C6.d.D051710DE08B1D18447682C953AD1F9F.e.21034","ELEMENT":"f.4F28C2583BB65896889CB8FD582548C6.d.D051710DE08B1D18447682C953AD1F9F.e.21034"}]}
COMMAND: GET /session/8710bc86126986cf02bb1d50a5f31e3a/screenshot - {}
RESULT: {}
COMMAND: POST /session/8710bc86126986cf02bb1d50a5f31e3a/execute/sync - {"script":"<script> [56 bytes]","args":[{"element-6066-11e4-a52e-4f735466cecf":"f.4F28C2583BB65896889CB8FD582548C6.d.D051710DE08B1D18447682C953AD1F9F.e.21034","ELEMENT":"f.4F28C2583BB65896889CB8FD582548C6.d.D051710DE08B1D18447682C953AD1F9F.e.21034"}]}
RESULT: {"script":"<script> [56 bytes]","args":[{"element-6066-11e4-a52e-4f735466cecf":"f.4F28C2583BB65896889CB8FD582548C6.d.D051710DE08B1D18447682C953AD1F9F.e.21034","ELEMENT":"f.4F28C2583BB65896889CB8FD582548C6.d.D051710DE08B1D18447682C953AD1F9F.e.21034"}]}
COMMAND: GET /session/8710bc86126986cf02bb1d50a5f31e3a/screenshot - {}
COMMAND: POST /session/8710bc86126986cf02bb1d50a5f31e3a/execute/sync - {"script":"<script> [56 bytes]","args":[{"element-6066-11e4-a52e-4f735466cecf":"f.4F28C2583BB65896889CB8FD582548C6.d.D051710DE08B1D18447682C953AD1F9F.e.21034","ELEMENT":"f.4F28C2583BB65896889CB8FD582548C6.d.D051710DE08B1D18447682C953AD1F9F.e.21034"}]}
RESULT: {}
RESULT: {"script":"<script> [56 bytes]","args":[{"element-6066-11e4-a52e-4f735466cecf":"f.4F28C2583BB65896889CB8FD582548C6.d.D051710DE08B1D18447682C953AD1F9F.e.21034","ELEMENT":"f.4F28C2583BB65896889CB8FD582548C6.d.D051710DE08B1D18447682C953AD1F9F.e.21034"}]}
COMMAND: GET /session/8710bc86126986cf02bb1d50a5f31e3a/screenshot - {}
RESULT: {}
COMMAND: POST /session/8710bc86126986cf02bb1d50a5f31e3a/execute/sync - {"script":"<script> [56 bytes]","args":[{"element-6066-11e4-a52e-4f735466cecf":"f.4F28C2583BB65896889CB8FD582548C6.d.D051710DE08B1D18447682C953AD1F9F.e.21034","ELEMENT":"f.4F28C2583BB65896889CB8FD582548C6.d.D051710DE08B1D18447682C953AD1F9F.e.21034"}]}
RESULT: {"script":"<script> [56 bytes]","args":[{"element-6066-11e4-a52e-4f735466cecf":"f.4F28C2583BB65896889CB8FD582548C6.d.D051710DE08B1D18447682C953AD1F9F.e.21034","ELEMENT":"f.4F28C2583BB65896889CB8FD582548C6.d.D051710DE08B1D18447682C953AD1F9F.e.21034"}]}
COMMAND: GET /session/8710bc86126986cf02bb1d50a5f31e3a/screenshot - {}
RESULT: {}
COMMAND: POST /session/8710bc86126986cf02bb1d50a5f31e3a/execute/sync - {"script":"<script> [56 bytes]","args":[{"element-6066-11e4-a52e-4f735466cecf":"f.4F28C2583BB65896889CB8FD582548C6.d.D051710DE08B1D18447682C953AD1F9F.e.21034","ELEMENT":"f.4F28C2583BB65896889CB8FD582548C6.d.D051710DE08B1D18447682C953AD1F9F.e.21034"}]}
RESULT: {"script":"<script> [56 bytes]","args":[{"element-6066-11e4-a52e-4f735466cecf":"f.4F28C2583BB65896889CB8FD582548C6.d.D051710DE08B1D18447682C953AD1F9F.e.21034","ELEMENT":"f.4F28C2583BB65896889CB8FD582548C6.d.D051710DE08B1D18447682C953AD1F9F.e.21034"}]}
COMMAND: GET /session/8710bc86126986cf02bb1d50a5f31e3a/screenshot - {}
RESULT: {}
COMMAND: POST /session/8710bc86126986cf02bb1d50a5f31e3a/execute/sync - {"script":"<script> [56 bytes]","args":[{"element-6066-11e4-a52e-4f735466cecf":"f.4F28C2583BB65896889CB8FD582548C6.d.D051710DE08B1D18447682C953AD1F9F.e.21034","ELEMENT":"f.4F28C2583BB65896889CB8FD582548C6.d.D051710DE08B1D18447682C953AD1F9F.e.21034"}]}
RESULT: {"script":"<script> [56 bytes]","args":[{"element-6066-11e4-a52e-4f735466cecf":"f.4F28C2583BB65896889CB8FD582548C6.d.D051710DE08B1D18447682C953AD1F9F.e.21034","ELEMENT":"f.4F28C2583BB65896889CB8FD582548C6.d.D051710DE08B1D18447682C953AD1F9F.e.21034"}]}
COMMAND: GET /session/8710bc86126986cf02bb1d50a5f31e3a/screenshot - {}
RESULT: {}
COMMAND: POST /session/8710bc86126986cf02bb1d50a5f31e3a/execute/sync - {"script":"<script> [56 bytes]","args":[{"element-6066-11e4-a52e-4f735466cecf":"f.4F28C2583BB65896889CB8FD582548C6.d.D051710DE08B1D18447682C953AD1F9F.e.21034","ELEMENT":"f.4F28C2583BB65896889CB8FD582548C6.d.D051710DE08B1D18447682C953AD1F9F.e.21034"}]}
RESULT: {"script":"<script> [56 bytes]","args":[{"element-6066-11e4-a52e-4f735466cecf":"f.4F28C2583BB65896889CB8FD582548C6.d.D051710DE08B1D18447682C953AD1F9F.e.21034","ELEMENT":"f.4F28C2583BB65896889CB8FD582548C6.d.D051710DE08B1D18447682C953AD1F9F.e.21034"}]}
COMMAND: GET /session/8710bc86126986cf02bb1d50a5f31e3a/screenshot - {}
RESULT: {}
COMMAND: POST /session/8710bc86126986cf02bb1d50a5f31e3a/execute/sync - {"script":"<script> [56 bytes]","args":[{"element-6066-11e4-a52e-4f735466cecf":"f.4F28C2583BB65896889CB8FD582548C6.d.D051710DE08B1D18447682C953AD1F9F.e.21034","ELEMENT":"f.4F28C2583BB65896889CB8FD582548C6.d.D051710DE08B1D18447682C953AD1F9F.e.21034"}]}
RESULT: {"script":"<script> [56 bytes]","args":[{"element-6066-11e4-a52e-4f735466cecf":"f.4F28C2583BB65896889CB8FD582548C6.d.D051710DE08B1D18447682C953AD1F9F.e.21034","ELEMENT":"f.4F28C2583BB65896889CB8FD582548C6.d.D051710DE08B1D18447682C953AD1F9F.e.21034"}]}
COMMAND: GET /session/8710bc86126986cf02bb1d50a5f31e3a/screenshot - {}
RESULT: {}
COMMAND: POST /session/8710bc86126986cf02bb1d50a5f31e3a/execute/sync - {"script":"<script> [56 bytes]","args":[{"element-6066-11e4-a52e-4f735466cecf":"f.4F28C2583BB65896889CB8FD582548C6.d.D051710DE08B1D18447682C953AD1F9F.e.21034","ELEMENT":"f.4F28C2583BB65896889CB8FD582548C6.d.D051710DE08B1D18447682C953AD1F9F.e.21034"}]}
RESULT: {"script":"<script> [56 bytes]","args":[{"element-6066-11e4-a52e-4f735466cecf":"f.4F28C2583BB65896889CB8FD582548C6.d.D051710DE08B1D18447682C953AD1F9F.e.21034","ELEMENT":"f.4F28C2583BB65896889CB8FD582548C6.d.D051710DE08B1D18447682C953AD1F9F.e.21034"}]}
COMMAND: GET /session/8710bc86126986cf02bb1d50a5f31e3a/screenshot - {}
RESULT: {}
COMMAND: POST /session/8710bc86126986cf02bb1d50a5f31e3a/execute/sync - {"script":"<script> [56 bytes]","args":[{"element-6066-11e4-a52e-4f735466cecf":"f.4F28C2583BB65896889CB8FD582548C6.d.D051710DE08B1D18447682C953AD1F9F.e.21034","ELEMENT":"f.4F28C2583BB65896889CB8FD582548C6.d.D051710DE08B1D18447682C953AD1F9F.e.21034"}]}
RESULT: {"script":"<script> [56 bytes]","args":[{"element-6066-11e4-a52e-4f735466cecf":"f.4F28C2583BB65896889CB8FD582548C6.d.D051710DE08B1D18447682C953AD1F9F.e.21034","ELEMENT":"f.4F28C2583BB65896889CB8FD582548C6.d.D051710DE08B1D18447682C953AD1F9F.e.21034"}]}
COMMAND: GET /session/8710bc86126986cf02bb1d50a5f31e3a/screenshot - {}
RESULT: {}
COMMAND: POST /session/8710bc86126986cf02bb1d50a5f31e3a/execute/sync - {"script":"<script> [56 bytes]","args":[{"element-6066-11e4-a52e-4f735466cecf":"f.4F28C2583BB65896889CB8FD582548C6.d.D051710DE08B1D18447682C953AD1F9F.e.21034","ELEMENT":"f.4F28C2583BB65896889CB8FD582548C6.d.D051710DE08B1D18447682C953AD1F9F.e.21034"}]}
RESULT: {"script":"<script> [56 bytes]","args":[{"element-6066-11e4-a52e-4f735466cecf":"f.4F28C2583BB65896889CB8FD582548C6.d.D051710DE08B1D18447682C953AD1F9F.e.21034","ELEMENT":"f.4F28C2583BB65896889CB8FD582548C6.d.D051710DE08B1D18447682C953AD1F9F.e.21034"}]}
COMMAND: GET /session/8710bc86126986cf02bb1d50a5f31e3a/screenshot - {}
RESULT: {}
COMMAND: POST /session/8710bc86126986cf02bb1d50a5f31e3a/execute/sync - {"script":"<script> [56 bytes]","args":[{"element-6066-11e4-a52e-4f735466cecf":"f.4F28C2583BB65896889CB8FD582548C6.d.D051710DE08B1D18447682C953AD1F9F.e.21034","ELEMENT":"f.4F28C2583BB65896889CB8FD582548C6.d.D051710DE08B1D18447682C953AD1F9F.e.21034"}]}
RESULT: {"script":"<script> [56 bytes]","args":[{"element-6066-11e4-a52e-4f735466cecf":"f.4F28C2583BB65896889CB8FD582548C6.d.D051710DE08B1D18447682C953AD1F9F.e.21034","ELEMENT":"f.4F28C2583BB65896889CB8FD582548C6.d.D051710DE08B1D18447682C953AD1F9F.e.21034"}]}
COMMAND: GET /session/8710bc86126986cf02bb1d50a5f31e3a/screenshot - {}
RESULT: {}
COMMAND: POST /session/8710bc86126986cf02bb1d50a5f31e3a/execute/sync - {"script":"<script> [56 bytes]","args":[{"element-6066-11e4-a52e-4f735466cecf":"f.4F28C2583BB65896889CB8FD582548C6.d.D051710DE08B1D18447682C953AD1F9F.e.21034","ELEMENT":"f.4F28C2583BB65896889CB8FD582548C6.d.D051710DE08B1D18447682C953AD1F9F.e.21034"}]}
RESULT: {"script":"<script> [56 bytes]","args":[{"element-6066-11e4-a52e-4f735466cecf":"f.4F28C2583BB65896889CB8FD582548C6.d.D051710DE08B1D18447682C953AD1F9F.e.21034","ELEMENT":"f.4F28C2583BB65896889CB8FD582548C6.d.D051710DE08B1D18447682C953AD1F9F.e.21034"}]}
COMMAND: GET /session/8710bc86126986cf02bb1d50a5f31e3a/screenshot - {}
RESULT: {}
COMMAND: POST /session/8710bc86126986cf02bb1d50a5f31e3a/execute/sync - {"script":"<script> [56 bytes]","args":[{"element-6066-11e4-a52e-4f735466cecf":"f.4F28C2583BB65896889CB8FD582548C6.d.D051710DE08B1D18447682C953AD1F9F.e.21034","ELEMENT":"f.4F28C2583BB65896889CB8FD582548C6.d.D051710DE08B1D18447682C953AD1F9F.e.21034"}]}
RESULT: {"script":"<script> [56 bytes]","args":[{"element-6066-11e4-a52e-4f735466cecf":"f.4F28C2583BB65896889CB8FD582548C6.d.D051710DE08B1D18447682C953AD1F9F.e.21034","ELEMENT":"f.4F28C2583BB65896889CB8FD582548C6.d.D051710DE08B1D18447682C953AD1F9F.e.21034"}]}
COMMAND: GET /session/8710bc86126986cf02bb1d50a5f31e3a/screenshot - {}
RESULT: {}
COMMAND: POST /session/8710bc86126986cf02bb1d50a5f31e3a/execute/sync - {"script":"<script> [56 bytes]","args":[{"element-6066-11e4-a52e-4f735466cecf":"f.4F28C2583BB65896889CB8FD582548C6.d.D051710DE08B1D18447682C953AD1F9F.e.21034","ELEMENT":"f.4F28C2583BB65896889CB8FD582548C6.d.D051710DE08B1D18447682C953AD1F9F.e.21034"}]}
RESULT: {"script":"<script> [56 bytes]","args":[{"element-6066-11e4-a52e-4f735466cecf":"f.4F28C2583BB65896889CB8FD582548C6.d.D051710DE08B1D18447682C953AD1F9F.e.21034","ELEMENT":"f.4F28C2583BB65896889CB8FD582548C6.d.D051710DE08B1D18447682C953AD1F9F.e.21034"}]}
COMMAND: GET /session/8710bc86126986cf02bb1d50a5f31e3a/screenshot - {}
RESULT: {}
COMMAND: POST /session/8710bc86126986cf02bb1d50a5f31e3a/execute/sync - {"script":"<script> [56 bytes]","args":[{"element-6066-11e4-a52e-4f735466cecf":"f.4F28C2583BB65896889CB8FD582548C6.d.D051710DE08B1D18447682C953AD1F9F.e.21034","ELEMENT":"f.4F28C2583BB65896889CB8FD582548C6.d.D051710DE08B1D18447682C953AD1F9F.e.21034"}]}
RESULT: {"script":"<script> [56 bytes]","args":[{"element-6066-11e4-a52e-4f735466cecf":"f.4F28C2583BB65896889CB8FD582548C6.d.D051710DE08B1D18447682C953AD1F9F.e.21034","ELEMENT":"f.4F28C2583BB65896889CB8FD582548C6.d.D051710DE08B1D18447682C953AD1F9F.e.21034"}]}
COMMAND: GET /session/8710bc86126986cf02bb1d50a5f31e3a/screenshot - {}
RESULT: {}
COMMAND: POST /session/8710bc86126986cf02bb1d50a5f31e3a/execute/sync - {"script":"<script> [56 bytes]","args":[{"element-6066-11e4-a52e-4f735466cecf":"f.4F28C2583BB65896889CB8FD582548C6.d.D051710DE08B1D18447682C953AD1F9F.e.21034","ELEMENT":"f.4F28C2583BB65896889CB8FD582548C6.d.D051710DE08B1D18447682C953AD1F9F.e.21034"}]}
RESULT: {"script":"<script> [56 bytes]","args":[{"element-6066-11e4-a52e-4f735466cecf":"f.4F28C2583BB65896889CB8FD582548C6.d.D051710DE08B1D18447682C953AD1F9F.e.21034","ELEMENT":"f.4F28C2583BB65896889CB8FD582548C6.d.D051710DE08B1D18447682C953AD1F9F.e.21034"}]}
COMMAND: GET /session/8710bc86126986cf02bb1d50a5f31e3a/screenshot - {}
COMMAND: POST /session/8710bc86126986cf02bb1d50a5f31e3a/execute/sync - {"script":"<script> [56 bytes]","args":[{"element-6066-11e4-a52e-4f735466cecf":"f.4F28C2583BB65896889CB8FD582548C6.d.D051710DE08B1D18447682C953AD1F9F.e.21034","ELEMENT":"f.4F28C2583BB65896889CB8FD582548C6.d.D051710DE08B1D18447682C953AD1F9F.e.21034"}]}
RESULT: {}
RESULT: {"script":"<script> [56 bytes]","args":[{"element-6066-11e4-a52e-4f735466cecf":"f.4F28C2583BB65896889CB8FD582548C6.d.D051710DE08B1D18447682C953AD1F9F.e.21034","ELEMENT":"f.4F28C2583BB65896889CB8FD582548C6.d.D051710DE08B1D18447682C953AD1F9F.e.21034"}]}
COMMAND: POST /session/8710bc86126986cf02bb1d50a5f31e3a/element - {"using":"xpath","value":"//td[@aria-colindex=\"1\"]/div/div[contains(@class, \"sapMCbBg\")]"}
COMMAND: GET /session/8710bc86126986cf02bb1d50a5f31e3a/screenshot - {}
RESULT: {"using":"xpath","value":"//td[@aria-colindex=\"1\"]/div/div[contains(@class, \"sapMCbBg\")]"}
COMMAND: POST /session/8710bc86126986cf02bb1d50a5f31e3a/element/f.4F28C2583BB65896889CB8FD582548C6.d.D051710DE08B1D18447682C953AD1F9F.e.21051/click - {}
RESULT: {}
RESULT: {}
COMMAND: GET /session/8710bc86126986cf02bb1d50a5f31e3a/screenshot - {}
RESULT: {}
COMMAND: POST /session/8710bc86126986cf02bb1d50a5f31e3a/element - {"using":"xpath","value":"//bdi[text()=\"Transfer\"]"}
RESULT: {"using":"xpath","value":"//bdi[text()=\"Transfer\"]"}
COMMAND: POST /session/8710bc86126986cf02bb1d50a5f31e3a/element/f.4F28C2583BB65896889CB8FD582548C6.d.D051710DE08B1D18447682C953AD1F9F.e.21052/click - {}
RESULT: {}
COMMAND: GET /session/8710bc86126986cf02bb1d50a5f31e3a/screenshot - {}
RESULT: {}
COMMAND: POST /session/8710bc86126986cf02bb1d50a5f31e3a/element - {"using":"xpath","value":"//bdi[contains(text(), \"OK\")]"}
RESULT: {"using":"xpath","value":"//bdi[contains(text(), \"OK\")]"}
COMMAND: POST /session/8710bc86126986cf02bb1d50a5f31e3a/element/f.4F28C2583BB65896889CB8FD582548C6.d.D051710DE08B1D18447682C953AD1F9F.e.21055/click - {}
RESULT: {}
COMMAND: GET /session/8710bc86126986cf02bb1d50a5f31e3a/screenshot - {}
RESULT: {}
COMMAND: POST /session/8710bc86126986cf02bb1d50a5f31e3a/element - {"using":"xpath","value":"(//span[contains(text(), \"Completed\")]/parent::div/preceding-sibling::div/span)[1]"}
RESULT: {"using":"xpath","value":"(//span[contains(text(), \"Completed\")]/parent::div/preceding-sibling::div/span)[1]"}
COMMAND: POST /session/8710bc86126986cf02bb1d50a5f31e3a/element/f.4F28C2583BB65896889CB8FD582548C6.d.D051710DE08B1D18447682C953AD1F9F.e.21063/click - {}
RESULT: {}
COMMAND: POST /session/8710bc86126986cf02bb1d50a5f31e3a/element - {"using":"xpath","value":"//input[contains(@id ,\"application-billingtransfer-display-component---billingWorkbench--smartFilterBar-btnBasicSearch\")]"}
COMMAND: GET /session/8710bc86126986cf02bb1d50a5f31e3a/screenshot - {}
RESULT: {"using":"xpath","value":"//input[contains(@id ,\"application-billingtransfer-display-component---billingWorkbench--smartFilterBar-btnBasicSearch\")]"}
COMMAND: POST /session/8710bc86126986cf02bb1d50a5f31e3a/elements - {"using":"xpath","value":"//input[contains(@id ,\"application-billingtransfer-display-component---billingWorkbench--smartFilterBar-btnBasicSearch\")]"}
RESULT: {}
RESULT: {"using":"xpath","value":"//input[contains(@id ,\"application-billingtransfer-display-component---billingWorkbench--smartFilterBar-btnBasicSearch\")]"}
COMMAND: POST /session/8710bc86126986cf02bb1d50a5f31e3a/execute/sync - {"script":"<script> [8489 bytes]","args":[{"element-6066-11e4-a52e-4f735466cecf":"f.4F28C2583BB65896889CB8FD582548C6.d.D051710DE08B1D18447682C953AD1F9F.e.20673","ELEMENT":"f.4F28C2583BB65896889CB8FD582548C6.d.D051710DE08B1D18447682C953AD1F9F.e.20673"}]}
RESULT: {"script":"<script> [8489 bytes]","args":[{"element-6066-11e4-a52e-4f735466cecf":"f.4F28C2583BB65896889CB8FD582548C6.d.D051710DE08B1D18447682C953AD1F9F.e.20673","ELEMENT":"f.4F28C2583BB65896889CB8FD582548C6.d.D051710DE08B1D18447682C953AD1F9F.e.20673"}]}
COMMAND: GET /session/8710bc86126986cf02bb1d50a5f31e3a/element/f.4F28C2583BB65896889CB8FD582548C6.d.D051710DE08B1D18447682C953AD1F9F.e.20673/enabled - {}
COMMAND: GET /session/8710bc86126986cf02bb1d50a5f31e3a/screenshot - {}
RESULT: {}
COMMAND: POST /session/8710bc86126986cf02bb1d50a5f31e3a/element/f.4F28C2583BB65896889CB8FD582548C6.d.D051710DE08B1D18447682C953AD1F9F.e.20673/click - {}
COMMAND: GET /session/8710bc86126986cf02bb1d50a5f31e3a/screenshot - {}
RESULT: {}
RESULT: {}
COMMAND: GET /session/8710bc86126986cf02bb1d50a5f31e3a/screenshot - {}
RESULT: {}
RESULT: {}
COMMAND: POST /session/8710bc86126986cf02bb1d50a5f31e3a/element/f.4F28C2583BB65896889CB8FD582548C6.d.D051710DE08B1D18447682C953AD1F9F.e.20673/clear - {}
RESULT: {}
COMMAND: POST /session/8710bc86126986cf02bb1d50a5f31e3a/element/f.4F28C2583BB65896889CB8FD582548C6.d.D051710DE08B1D18447682C953AD1F9F.e.20673/value - {"text":"10511"}
COMMAND: GET /session/8710bc86126986cf02bb1d50a5f31e3a/screenshot - {}
RESULT: {"text":"10511"}
COMMAND: POST /session/8710bc86126986cf02bb1d50a5f31e3a/actions - {"actions":[{"id":"action82","type":"key","parameters":{},"actions":[{"type":"keyDown","value":""},{"type":"pause","duration":10},{"type":"keyUp","value":""}]}]}
COMMAND: GET /session/8710bc86126986cf02bb1d50a5f31e3a/screenshot - {}
RESULT: {}
RESULT: {"actions":[{"id":"action82","type":"key","parameters":{},"actions":[{"type":"keyDown","value":""},{"type":"pause","duration":10},{"type":"keyUp","value":""}]}]}
COMMAND: GET /session/8710bc86126986cf02bb1d50a5f31e3a/screenshot - {}
RESULT: {}
RESULT: {}
COMMAND: POST /session/8710bc86126986cf02bb1d50a5f31e3a/element - {"using":"xpath","value":"//span[contains(@id ,\"application-billingtransfer-display-component---billingWorkbench--smartTableBillingRuns-header-inner\")]"}
RESULT: {"using":"xpath","value":"//span[contains(@id ,\"application-billingtransfer-display-component---billingWorkbench--smartTableBillingRuns-header-inner\")]"}
COMMAND: POST /session/8710bc86126986cf02bb1d50a5f31e3a/elements - {"using":"xpath","value":"//span[contains(@id ,\"application-billingtransfer-display-component---billingWorkbench--smartTableBillingRuns-header-inner\")]"}
RESULT: {"using":"xpath","value":"//span[contains(@id ,\"application-billingtransfer-display-component---billingWorkbench--smartTableBillingRuns-header-inner\")]"}
COMMAND: POST /session/8710bc86126986cf02bb1d50a5f31e3a/execute/sync - {"script":"<script> [56 bytes]","args":[{"element-6066-11e4-a52e-4f735466cecf":"f.4F28C2583BB65896889CB8FD582548C6.d.D051710DE08B1D18447682C953AD1F9F.e.21034","ELEMENT":"f.4F28C2583BB65896889CB8FD582548C6.d.D051710DE08B1D18447682C953AD1F9F.e.21034"}]}
RESULT: {"script":"<script> [56 bytes]","args":[{"element-6066-11e4-a52e-4f735466cecf":"f.4F28C2583BB65896889CB8FD582548C6.d.D051710DE08B1D18447682C953AD1F9F.e.21034","ELEMENT":"f.4F28C2583BB65896889CB8FD582548C6.d.D051710DE08B1D18447682C953AD1F9F.e.21034"}]}
COMMAND: GET /session/8710bc86126986cf02bb1d50a5f31e3a/screenshot - {}
RESULT: {}
COMMAND: POST /session/8710bc86126986cf02bb1d50a5f31e3a/execute/sync - {"script":"<script> [56 bytes]","args":[{"element-6066-11e4-a52e-4f735466cecf":"f.4F28C2583BB65896889CB8FD582548C6.d.D051710DE08B1D18447682C953AD1F9F.e.21034","ELEMENT":"f.4F28C2583BB65896889CB8FD582548C6.d.D051710DE08B1D18447682C953AD1F9F.e.21034"}]}
RESULT: {"script":"<script> [56 bytes]","args":[{"element-6066-11e4-a52e-4f735466cecf":"f.4F28C2583BB65896889CB8FD582548C6.d.D051710DE08B1D18447682C953AD1F9F.e.21034","ELEMENT":"f.4F28C2583BB65896889CB8FD582548C6.d.D051710DE08B1D18447682C953AD1F9F.e.21034"}]}
COMMAND: GET /session/8710bc86126986cf02bb1d50a5f31e3a/screenshot - {}
COMMAND: POST /session/8710bc86126986cf02bb1d50a5f31e3a/execute/sync - {"script":"<script> [56 bytes]","args":[{"element-6066-11e4-a52e-4f735466cecf":"f.4F28C2583BB65896889CB8FD582548C6.d.D051710DE08B1D18447682C953AD1F9F.e.21034","ELEMENT":"f.4F28C2583BB65896889CB8FD582548C6.d.D051710DE08B1D18447682C953AD1F9F.e.21034"}]}
RESULT: {}
RESULT: {"script":"<script> [56 bytes]","args":[{"element-6066-11e4-a52e-4f735466cecf":"f.4F28C2583BB65896889CB8FD582548C6.d.D051710DE08B1D18447682C953AD1F9F.e.21034","ELEMENT":"f.4F28C2583BB65896889CB8FD582548C6.d.D051710DE08B1D18447682C953AD1F9F.e.21034"}]}
COMMAND: GET /session/8710bc86126986cf02bb1d50a5f31e3a/screenshot - {}
COMMAND: POST /session/8710bc86126986cf02bb1d50a5f31e3a/execute/sync - {"script":"<script> [56 bytes]","args":[{"element-6066-11e4-a52e-4f735466cecf":"f.4F28C2583BB65896889CB8FD582548C6.d.D051710DE08B1D18447682C953AD1F9F.e.21034","ELEMENT":"f.4F28C2583BB65896889CB8FD582548C6.d.D051710DE08B1D18447682C953AD1F9F.e.21034"}]}
RESULT: {}
RESULT: {"script":"<script> [56 bytes]","args":[{"element-6066-11e4-a52e-4f735466cecf":"f.4F28C2583BB65896889CB8FD582548C6.d.D051710DE08B1D18447682C953AD1F9F.e.21034","ELEMENT":"f.4F28C2583BB65896889CB8FD582548C6.d.D051710DE08B1D18447682C953AD1F9F.e.21034"}]}
COMMAND: POST /session/8710bc86126986cf02bb1d50a5f31e3a/element - {"using":"css selector","value":"#shell-header-logo"}
COMMAND: GET /session/8710bc86126986cf02bb1d50a5f31e3a/screenshot - {}
RESULT: {"using":"css selector","value":"#shell-header-logo"}
COMMAND: POST /session/8710bc86126986cf02bb1d50a5f31e3a/element/f.4F28C2583BB65896889CB8FD582548C6.d.D051710DE08B1D18447682C953AD1F9F.e.20671/click - {}
RESULT: {}
RESULT: {}
COMMAND: GET /session/8710bc86126986cf02bb1d50a5f31e3a/screenshot - {}
RESULT: {}
]]></system-out>
    </testcase>
    <testcase classname="chrome.136_0_7103_93.windows.Billing_Calculation_-_Time_based_(considering_transport_times)_US139738" name="Should navigate to the contract item check the billed until field value" time="52.28">
      <system-out><![CDATA[
RESULT: undefined
COMMAND: POST /session/8710bc86126986cf02bb1d50a5f31e3a/element - {"using":"xpath","value":"//*[@id=\"__tile130\"]"}
RESULT: {"using":"xpath","value":"//*[@id=\"__tile130\"]"}
COMMAND: POST /session/8710bc86126986cf02bb1d50a5f31e3a/element/f.4F28C2583BB65896889CB8FD582548C6.d.D051710DE08B1D18447682C953AD1F9F.e.16671/click - {}
RESULT: {}
COMMAND: GET /session/8710bc86126986cf02bb1d50a5f31e3a/screenshot - {}
RESULT: {}
COMMAND: POST /session/8710bc86126986cf02bb1d50a5f31e3a/elements - {"using":"xpath","value":"//span[text()='Error']"}
RESULT: {"using":"xpath","value":"//span[text()='Error']"}
COMMAND: POST /session/8710bc86126986cf02bb1d50a5f31e3a/element - {"using":"xpath","value":"//button[@data-kt=\"addButton\"]"}
RESULT: {"using":"xpath","value":"//button[@data-kt=\"addButton\"]"}
COMMAND: POST /session/8710bc86126986cf02bb1d50a5f31e3a/elements - {"using":"xpath","value":"//button[@data-kt=\"addButton\"]"}
RESULT: {"using":"xpath","value":"//button[@data-kt=\"addButton\"]"}
COMMAND: POST /session/8710bc86126986cf02bb1d50a5f31e3a/execute/sync - {"script":"<script> [8489 bytes]","args":[{"element-6066-11e4-a52e-4f735466cecf":"f.4F28C2583BB65896889CB8FD582548C6.d.D051710DE08B1D18447682C953AD1F9F.e.21117","ELEMENT":"f.4F28C2583BB65896889CB8FD582548C6.d.D051710DE08B1D18447682C953AD1F9F.e.21117"}]}
RESULT: {"script":"<script> [8489 bytes]","args":[{"element-6066-11e4-a52e-4f735466cecf":"f.4F28C2583BB65896889CB8FD582548C6.d.D051710DE08B1D18447682C953AD1F9F.e.21117","ELEMENT":"f.4F28C2583BB65896889CB8FD582548C6.d.D051710DE08B1D18447682C953AD1F9F.e.21117"}]}
COMMAND: GET /session/8710bc86126986cf02bb1d50a5f31e3a/element/f.4F28C2583BB65896889CB8FD582548C6.d.D051710DE08B1D18447682C953AD1F9F.e.21117/enabled - {}
COMMAND: GET /session/8710bc86126986cf02bb1d50a5f31e3a/screenshot - {}
RESULT: {}
COMMAND: POST /session/8710bc86126986cf02bb1d50a5f31e3a/execute/sync - {"script":"<script> [8489 bytes]","args":[{"element-6066-11e4-a52e-4f735466cecf":"f.4F28C2583BB65896889CB8FD582548C6.d.D051710DE08B1D18447682C953AD1F9F.e.21117","ELEMENT":"f.4F28C2583BB65896889CB8FD582548C6.d.D051710DE08B1D18447682C953AD1F9F.e.21117"}]}
COMMAND: GET /session/8710bc86126986cf02bb1d50a5f31e3a/screenshot - {}
RESULT: {}
RESULT: {"script":"<script> [8489 bytes]","args":[{"element-6066-11e4-a52e-4f735466cecf":"f.4F28C2583BB65896889CB8FD582548C6.d.D051710DE08B1D18447682C953AD1F9F.e.21117","ELEMENT":"f.4F28C2583BB65896889CB8FD582548C6.d.D051710DE08B1D18447682C953AD1F9F.e.21117"}]}
COMMAND: POST /session/8710bc86126986cf02bb1d50a5f31e3a/execute/sync - {"script":"<script> [5351 bytes]","args":[{"element-6066-11e4-a52e-4f735466cecf":"f.4F28C2583BB65896889CB8FD582548C6.d.D051710DE08B1D18447682C953AD1F9F.e.21117","ELEMENT":"f.4F28C2583BB65896889CB8FD582548C6.d.D051710DE08B1D18447682C953AD1F9F.e.21117"}]}
COMMAND: GET /session/8710bc86126986cf02bb1d50a5f31e3a/screenshot - {}
RESULT: {}
RESULT: {"script":"<script> [5351 bytes]","args":[{"element-6066-11e4-a52e-4f735466cecf":"f.4F28C2583BB65896889CB8FD582548C6.d.D051710DE08B1D18447682C953AD1F9F.e.21117","ELEMENT":"f.4F28C2583BB65896889CB8FD582548C6.d.D051710DE08B1D18447682C953AD1F9F.e.21117"}]}
COMMAND: POST /session/8710bc86126986cf02bb1d50a5f31e3a/element - {"using":"xpath","value":"//input[contains(@id ,\"smartContractFilterBar-btnBasicSearch-I\")]"}
COMMAND: GET /session/8710bc86126986cf02bb1d50a5f31e3a/screenshot - {}
RESULT: {}
RESULT: {"using":"xpath","value":"//input[contains(@id ,\"smartContractFilterBar-btnBasicSearch-I\")]"}
COMMAND: POST /session/8710bc86126986cf02bb1d50a5f31e3a/elements - {"using":"xpath","value":"//input[contains(@id ,\"smartContractFilterBar-btnBasicSearch-I\")]"}
RESULT: {}
RESULT: {"using":"xpath","value":"//input[contains(@id ,\"smartContractFilterBar-btnBasicSearch-I\")]"}
COMMAND: POST /session/8710bc86126986cf02bb1d50a5f31e3a/execute/sync - {"script":"<script> [8489 bytes]","args":[{"element-6066-11e4-a52e-4f735466cecf":"f.4F28C2583BB65896889CB8FD582548C6.d.D051710DE08B1D18447682C953AD1F9F.e.21077","ELEMENT":"f.4F28C2583BB65896889CB8FD582548C6.d.D051710DE08B1D18447682C953AD1F9F.e.21077"}]}
RESULT: {"script":"<script> [8489 bytes]","args":[{"element-6066-11e4-a52e-4f735466cecf":"f.4F28C2583BB65896889CB8FD582548C6.d.D051710DE08B1D18447682C953AD1F9F.e.21077","ELEMENT":"f.4F28C2583BB65896889CB8FD582548C6.d.D051710DE08B1D18447682C953AD1F9F.e.21077"}]}
COMMAND: GET /session/8710bc86126986cf02bb1d50a5f31e3a/element/f.4F28C2583BB65896889CB8FD582548C6.d.D051710DE08B1D18447682C953AD1F9F.e.21077/enabled - {}
COMMAND: GET /session/8710bc86126986cf02bb1d50a5f31e3a/screenshot - {}
RESULT: {}
COMMAND: POST /session/8710bc86126986cf02bb1d50a5f31e3a/element/f.4F28C2583BB65896889CB8FD582548C6.d.D051710DE08B1D18447682C953AD1F9F.e.21077/clear - {}
COMMAND: GET /session/8710bc86126986cf02bb1d50a5f31e3a/screenshot - {}
RESULT: {}
RESULT: {}
COMMAND: POST /session/8710bc86126986cf02bb1d50a5f31e3a/element/f.4F28C2583BB65896889CB8FD582548C6.d.D051710DE08B1D18447682C953AD1F9F.e.21077/value - {"text":"10511"}
COMMAND: GET /session/8710bc86126986cf02bb1d50a5f31e3a/screenshot - {}
RESULT: {}
RESULT: {"text":"10511"}
COMMAND: GET /session/8710bc86126986cf02bb1d50a5f31e3a/screenshot - {}
RESULT: {}
RESULT: {}
COMMAND: POST /session/8710bc86126986cf02bb1d50a5f31e3a/actions - {"actions":[{"id":"action83","type":"key","parameters":{},"actions":[{"type":"keyDown","value":""},{"type":"pause","duration":10},{"type":"keyUp","value":""}]}]}
RESULT: {"actions":[{"id":"action83","type":"key","parameters":{},"actions":[{"type":"keyDown","value":""},{"type":"pause","duration":10},{"type":"keyUp","value":""}]}]}
COMMAND: GET /session/8710bc86126986cf02bb1d50a5f31e3a/screenshot - {}
RESULT: {}
COMMAND: POST /session/8710bc86126986cf02bb1d50a5f31e3a/element - {"using":"xpath","value":"//span[contains(@id, \"masterListContractsSmartTable-header-inner\")]"}
RESULT: {"using":"xpath","value":"//span[contains(@id, \"masterListContractsSmartTable-header-inner\")]"}
COMMAND: POST /session/8710bc86126986cf02bb1d50a5f31e3a/elements - {"using":"xpath","value":"//span[contains(@id, \"masterListContractsSmartTable-header-inner\")]"}
RESULT: {"using":"xpath","value":"//span[contains(@id, \"masterListContractsSmartTable-header-inner\")]"}
COMMAND: POST /session/8710bc86126986cf02bb1d50a5f31e3a/execute/sync - {"script":"<script> [56 bytes]","args":[{"element-6066-11e4-a52e-4f735466cecf":"f.4F28C2583BB65896889CB8FD582548C6.d.D051710DE08B1D18447682C953AD1F9F.e.21168","ELEMENT":"f.4F28C2583BB65896889CB8FD582548C6.d.D051710DE08B1D18447682C953AD1F9F.e.21168"}]}
RESULT: {"script":"<script> [56 bytes]","args":[{"element-6066-11e4-a52e-4f735466cecf":"f.4F28C2583BB65896889CB8FD582548C6.d.D051710DE08B1D18447682C953AD1F9F.e.21168","ELEMENT":"f.4F28C2583BB65896889CB8FD582548C6.d.D051710DE08B1D18447682C953AD1F9F.e.21168"}]}
COMMAND: POST /session/8710bc86126986cf02bb1d50a5f31e3a/element - {"using":"xpath","value":"(//span[contains(@id, \"imgNav\")])[1]"}
COMMAND: GET /session/8710bc86126986cf02bb1d50a5f31e3a/screenshot - {}
RESULT: {"using":"xpath","value":"(//span[contains(@id, \"imgNav\")])[1]"}
COMMAND: POST /session/8710bc86126986cf02bb1d50a5f31e3a/element/f.4F28C2583BB65896889CB8FD582548C6.d.D051710DE08B1D18447682C953AD1F9F.e.21167/click - {}
RESULT: {}
RESULT: {}
COMMAND: GET /session/8710bc86126986cf02bb1d50a5f31e3a/screenshot - {}
RESULT: {}
COMMAND: POST /session/8710bc86126986cf02bb1d50a5f31e3a/element - {"using":"xpath","value":"//tr[@data-kt=\"productsColumnListItem\"]//td//span[contains(@id, \"imgNav\")][1]"}
RESULT: {"using":"xpath","value":"//tr[@data-kt=\"productsColumnListItem\"]//td//span[contains(@id, \"imgNav\")][1]"}
COMMAND: POST /session/8710bc86126986cf02bb1d50a5f31e3a/elements - {"using":"xpath","value":"//tr[@data-kt=\"productsColumnListItem\"]//td//span[contains(@id, \"imgNav\")][1]"}
RESULT: {"using":"xpath","value":"//tr[@data-kt=\"productsColumnListItem\"]//td//span[contains(@id, \"imgNav\")][1]"}
COMMAND: POST /session/8710bc86126986cf02bb1d50a5f31e3a/elements - {"using":"xpath","value":"//tr[@data-kt=\"productsColumnListItem\"]//td//span[contains(@id, \"imgNav\")][1]"}
RESULT: {"using":"xpath","value":"//tr[@data-kt=\"productsColumnListItem\"]//td//span[contains(@id, \"imgNav\")][1]"}
COMMAND: POST /session/8710bc86126986cf02bb1d50a5f31e3a/element - {"using":"xpath","value":"//tr[@data-kt=\"productsColumnListItem\"]//td//span[contains(@id, \"imgNav\")][1]"}
RESULT: {"using":"xpath","value":"//tr[@data-kt=\"productsColumnListItem\"]//td//span[contains(@id, \"imgNav\")][1]"}
COMMAND: POST /session/8710bc86126986cf02bb1d50a5f31e3a/element/f.4F28C2583BB65896889CB8FD582548C6.d.D051710DE08B1D18447682C953AD1F9F.e.21344/click - {}
RESULT: {}
COMMAND: GET /session/8710bc86126986cf02bb1d50a5f31e3a/screenshot - {}
RESULT: {}
COMMAND: POST /session/8710bc86126986cf02bb1d50a5f31e3a/element - {"using":"xpath","value":"//section[contains(@id, \"application-managecontracts-display-component---BillingItem--ObjectPageLayout-OPHeaderContent\")]/div/div/div/div/div[2]/div/div[2]/span"}
RESULT: {"using":"xpath","value":"//section[contains(@id, \"application-managecontracts-display-component---BillingItem--ObjectPageLayout-OPHeaderContent\")]/div/div/div/div/div[2]/div/div[2]/span"}
COMMAND: POST /session/8710bc86126986cf02bb1d50a5f31e3a/execute/sync - {"script":"<script> [56 bytes]","args":[{"element-6066-11e4-a52e-4f735466cecf":"f.4F28C2583BB65896889CB8FD582548C6.d.D051710DE08B1D18447682C953AD1F9F.e.21482","ELEMENT":"f.4F28C2583BB65896889CB8FD582548C6.d.D051710DE08B1D18447682C953AD1F9F.e.21482"}]}
RESULT: {"script":"<script> [56 bytes]","args":[{"element-6066-11e4-a52e-4f735466cecf":"f.4F28C2583BB65896889CB8FD582548C6.d.D051710DE08B1D18447682C953AD1F9F.e.21482","ELEMENT":"f.4F28C2583BB65896889CB8FD582548C6.d.D051710DE08B1D18447682C953AD1F9F.e.21482"}]}
COMMAND: POST /session/8710bc86126986cf02bb1d50a5f31e3a/element - {"using":"xpath","value":"//table[contains(@id, \"application-managecontracts-display-component---BillingItem--billingList-listUl\")]//td//*[contains(text(), \"partial billed\")]"}
COMMAND: GET /session/8710bc86126986cf02bb1d50a5f31e3a/screenshot - {}
RESULT: {"using":"xpath","value":"//table[contains(@id, \"application-managecontracts-display-component---BillingItem--billingList-listUl\")]//td//*[contains(text(), \"partial billed\")]"}
COMMAND: POST /session/8710bc86126986cf02bb1d50a5f31e3a/execute/sync - {"script":"<script> [56 bytes]","args":[{"element-6066-11e4-a52e-4f735466cecf":"f.4F28C2583BB65896889CB8FD582548C6.d.D051710DE08B1D18447682C953AD1F9F.e.21483","ELEMENT":"f.4F28C2583BB65896889CB8FD582548C6.d.D051710DE08B1D18447682C953AD1F9F.e.21483"}]}
RESULT: {}
RESULT: {"script":"<script> [56 bytes]","args":[{"element-6066-11e4-a52e-4f735466cecf":"f.4F28C2583BB65896889CB8FD582548C6.d.D051710DE08B1D18447682C953AD1F9F.e.21483","ELEMENT":"f.4F28C2583BB65896889CB8FD582548C6.d.D051710DE08B1D18447682C953AD1F9F.e.21483"}]}
COMMAND: POST /session/8710bc86126986cf02bb1d50a5f31e3a/element - {"using":"css selector","value":"#shell-header-logo"}
COMMAND: GET /session/8710bc86126986cf02bb1d50a5f31e3a/screenshot - {}
RESULT: {"using":"css selector","value":"#shell-header-logo"}
COMMAND: POST /session/8710bc86126986cf02bb1d50a5f31e3a/element/f.4F28C2583BB65896889CB8FD582548C6.d.D051710DE08B1D18447682C953AD1F9F.e.21067/click - {}
RESULT: {}
RESULT: {}
COMMAND: GET /session/8710bc86126986cf02bb1d50a5f31e3a/screenshot - {}
RESULT: {}
]]></system-out>
    </testcase>
    <testcase classname="chrome.136_0_7103_93.windows.Billing_Calculation_-_Time_based_(considering_transport_times)_US139738" name="Should do a handover return 2 step 7 days after provide or 14 days from today receive it in 21 days" time="196.344">
      <system-out><![CDATA[
RESULT: undefined
COMMAND: POST /session/8710bc86126986cf02bb1d50a5f31e3a/element - {"using":"xpath","value":"//*[@id=\"__tile130\"]"}
RESULT: {"using":"xpath","value":"//*[@id=\"__tile130\"]"}
COMMAND: POST /session/8710bc86126986cf02bb1d50a5f31e3a/element/f.4F28C2583BB65896889CB8FD582548C6.d.D051710DE08B1D18447682C953AD1F9F.e.16671/click - {}
RESULT: {}
COMMAND: GET /session/8710bc86126986cf02bb1d50a5f31e3a/screenshot - {}
RESULT: {}
COMMAND: POST /session/8710bc86126986cf02bb1d50a5f31e3a/elements - {"using":"xpath","value":"//span[text()='Error']"}
RESULT: {"using":"xpath","value":"//span[text()='Error']"}
COMMAND: POST /session/8710bc86126986cf02bb1d50a5f31e3a/element - {"using":"xpath","value":"//button[@data-kt=\"addButton\"]"}
RESULT: {"using":"xpath","value":"//button[@data-kt=\"addButton\"]"}
COMMAND: POST /session/8710bc86126986cf02bb1d50a5f31e3a/elements - {"using":"xpath","value":"//button[@data-kt=\"addButton\"]"}
RESULT: {"using":"xpath","value":"//button[@data-kt=\"addButton\"]"}
COMMAND: POST /session/8710bc86126986cf02bb1d50a5f31e3a/execute/sync - {"script":"<script> [8489 bytes]","args":[{"element-6066-11e4-a52e-4f735466cecf":"f.4F28C2583BB65896889CB8FD582548C6.d.D051710DE08B1D18447682C953AD1F9F.e.21537","ELEMENT":"f.4F28C2583BB65896889CB8FD582548C6.d.D051710DE08B1D18447682C953AD1F9F.e.21537"}]}
RESULT: {"script":"<script> [8489 bytes]","args":[{"element-6066-11e4-a52e-4f735466cecf":"f.4F28C2583BB65896889CB8FD582548C6.d.D051710DE08B1D18447682C953AD1F9F.e.21537","ELEMENT":"f.4F28C2583BB65896889CB8FD582548C6.d.D051710DE08B1D18447682C953AD1F9F.e.21537"}]}
COMMAND: GET /session/8710bc86126986cf02bb1d50a5f31e3a/element/f.4F28C2583BB65896889CB8FD582548C6.d.D051710DE08B1D18447682C953AD1F9F.e.21537/enabled - {}
COMMAND: GET /session/8710bc86126986cf02bb1d50a5f31e3a/screenshot - {}
RESULT: {}
COMMAND: POST /session/8710bc86126986cf02bb1d50a5f31e3a/execute/sync - {"script":"<script> [8489 bytes]","args":[{"element-6066-11e4-a52e-4f735466cecf":"f.4F28C2583BB65896889CB8FD582548C6.d.D051710DE08B1D18447682C953AD1F9F.e.21537","ELEMENT":"f.4F28C2583BB65896889CB8FD582548C6.d.D051710DE08B1D18447682C953AD1F9F.e.21537"}]}
COMMAND: GET /session/8710bc86126986cf02bb1d50a5f31e3a/screenshot - {}
RESULT: {}
RESULT: {"script":"<script> [8489 bytes]","args":[{"element-6066-11e4-a52e-4f735466cecf":"f.4F28C2583BB65896889CB8FD582548C6.d.D051710DE08B1D18447682C953AD1F9F.e.21537","ELEMENT":"f.4F28C2583BB65896889CB8FD582548C6.d.D051710DE08B1D18447682C953AD1F9F.e.21537"}]}
COMMAND: POST /session/8710bc86126986cf02bb1d50a5f31e3a/execute/sync - {"script":"<script> [5351 bytes]","args":[{"element-6066-11e4-a52e-4f735466cecf":"f.4F28C2583BB65896889CB8FD582548C6.d.D051710DE08B1D18447682C953AD1F9F.e.21537","ELEMENT":"f.4F28C2583BB65896889CB8FD582548C6.d.D051710DE08B1D18447682C953AD1F9F.e.21537"}]}
COMMAND: GET /session/8710bc86126986cf02bb1d50a5f31e3a/screenshot - {}
RESULT: {}
RESULT: {"script":"<script> [5351 bytes]","args":[{"element-6066-11e4-a52e-4f735466cecf":"f.4F28C2583BB65896889CB8FD582548C6.d.D051710DE08B1D18447682C953AD1F9F.e.21537","ELEMENT":"f.4F28C2583BB65896889CB8FD582548C6.d.D051710DE08B1D18447682C953AD1F9F.e.21537"}]}
COMMAND: GET /session/8710bc86126986cf02bb1d50a5f31e3a/screenshot - {}
RESULT: {}
RESULT: {}
COMMAND: POST /session/8710bc86126986cf02bb1d50a5f31e3a/element - {"using":"xpath","value":"//input[contains(@id ,\"smartContractFilterBar-btnBasicSearch-I\")]"}
RESULT: {"using":"xpath","value":"//input[contains(@id ,\"smartContractFilterBar-btnBasicSearch-I\")]"}
COMMAND: POST /session/8710bc86126986cf02bb1d50a5f31e3a/elements - {"using":"xpath","value":"//input[contains(@id ,\"smartContractFilterBar-btnBasicSearch-I\")]"}
RESULT: {"using":"xpath","value":"//input[contains(@id ,\"smartContractFilterBar-btnBasicSearch-I\")]"}
COMMAND: POST /session/8710bc86126986cf02bb1d50a5f31e3a/execute/sync - {"script":"<script> [8489 bytes]","args":[{"element-6066-11e4-a52e-4f735466cecf":"f.4F28C2583BB65896889CB8FD582548C6.d.D051710DE08B1D18447682C953AD1F9F.e.21496","ELEMENT":"f.4F28C2583BB65896889CB8FD582548C6.d.D051710DE08B1D18447682C953AD1F9F.e.21496"}]}
RESULT: {"script":"<script> [8489 bytes]","args":[{"element-6066-11e4-a52e-4f735466cecf":"f.4F28C2583BB65896889CB8FD582548C6.d.D051710DE08B1D18447682C953AD1F9F.e.21496","ELEMENT":"f.4F28C2583BB65896889CB8FD582548C6.d.D051710DE08B1D18447682C953AD1F9F.e.21496"}]}
COMMAND: GET /session/8710bc86126986cf02bb1d50a5f31e3a/element/f.4F28C2583BB65896889CB8FD582548C6.d.D051710DE08B1D18447682C953AD1F9F.e.21496/enabled - {}
COMMAND: GET /session/8710bc86126986cf02bb1d50a5f31e3a/screenshot - {}
RESULT: {}
COMMAND: POST /session/8710bc86126986cf02bb1d50a5f31e3a/element/f.4F28C2583BB65896889CB8FD582548C6.d.D051710DE08B1D18447682C953AD1F9F.e.21496/clear - {}
COMMAND: GET /session/8710bc86126986cf02bb1d50a5f31e3a/screenshot - {}
RESULT: {}
RESULT: {}
COMMAND: POST /session/8710bc86126986cf02bb1d50a5f31e3a/element/f.4F28C2583BB65896889CB8FD582548C6.d.D051710DE08B1D18447682C953AD1F9F.e.21496/value - {"text":"10511"}
COMMAND: GET /session/8710bc86126986cf02bb1d50a5f31e3a/screenshot - {}
RESULT: {}
RESULT: {"text":"10511"}
COMMAND: GET /session/8710bc86126986cf02bb1d50a5f31e3a/screenshot - {}
RESULT: {}
RESULT: {}
COMMAND: POST /session/8710bc86126986cf02bb1d50a5f31e3a/actions - {"actions":[{"id":"action84","type":"key","parameters":{},"actions":[{"type":"keyDown","value":""},{"type":"pause","duration":10},{"type":"keyUp","value":""}]}]}
RESULT: {"actions":[{"id":"action84","type":"key","parameters":{},"actions":[{"type":"keyDown","value":""},{"type":"pause","duration":10},{"type":"keyUp","value":""}]}]}
COMMAND: GET /session/8710bc86126986cf02bb1d50a5f31e3a/screenshot - {}
RESULT: {}
COMMAND: POST /session/8710bc86126986cf02bb1d50a5f31e3a/element - {"using":"xpath","value":"//span[contains(@id, \"masterListContractsSmartTable-header-inner\")]"}
RESULT: {"using":"xpath","value":"//span[contains(@id, \"masterListContractsSmartTable-header-inner\")]"}
COMMAND: POST /session/8710bc86126986cf02bb1d50a5f31e3a/elements - {"using":"xpath","value":"//span[contains(@id, \"masterListContractsSmartTable-header-inner\")]"}
RESULT: {"using":"xpath","value":"//span[contains(@id, \"masterListContractsSmartTable-header-inner\")]"}
COMMAND: POST /session/8710bc86126986cf02bb1d50a5f31e3a/execute/sync - {"script":"<script> [56 bytes]","args":[{"element-6066-11e4-a52e-4f735466cecf":"f.4F28C2583BB65896889CB8FD582548C6.d.D051710DE08B1D18447682C953AD1F9F.e.21591","ELEMENT":"f.4F28C2583BB65896889CB8FD582548C6.d.D051710DE08B1D18447682C953AD1F9F.e.21591"}]}
RESULT: {"script":"<script> [56 bytes]","args":[{"element-6066-11e4-a52e-4f735466cecf":"f.4F28C2583BB65896889CB8FD582548C6.d.D051710DE08B1D18447682C953AD1F9F.e.21591","ELEMENT":"f.4F28C2583BB65896889CB8FD582548C6.d.D051710DE08B1D18447682C953AD1F9F.e.21591"}]}
COMMAND: POST /session/8710bc86126986cf02bb1d50a5f31e3a/element - {"using":"xpath","value":"(//span[contains(@id, \"imgNav\")])[1]"}
COMMAND: GET /session/8710bc86126986cf02bb1d50a5f31e3a/screenshot - {}
RESULT: {"using":"xpath","value":"(//span[contains(@id, \"imgNav\")])[1]"}
COMMAND: POST /session/8710bc86126986cf02bb1d50a5f31e3a/element/f.4F28C2583BB65896889CB8FD582548C6.d.D051710DE08B1D18447682C953AD1F9F.e.21590/click - {}
RESULT: {}
RESULT: {}
COMMAND: GET /session/8710bc86126986cf02bb1d50a5f31e3a/screenshot - {}
COMMAND: POST /session/8710bc86126986cf02bb1d50a5f31e3a/element - {"using":"xpath","value":"//button[contains(@id, \"contractDetailReturnButton\")]"}
RESULT: {}
RESULT: {"using":"xpath","value":"//button[contains(@id, \"contractDetailReturnButton\")]"}
COMMAND: POST /session/8710bc86126986cf02bb1d50a5f31e3a/element/f.4F28C2583BB65896889CB8FD582548C6.d.D051710DE08B1D18447682C953AD1F9F.e.21726/click - {}
RESULT: {}
COMMAND: GET /session/8710bc86126986cf02bb1d50a5f31e3a/screenshot - {}
RESULT: undefined
COMMAND: POST /session/8710bc86126986cf02bb1d50a5f31e3a/execute/async - {"script":"<script> [776 bytes]","args":[{"enterText":"6/5/25","selector":{"id":"application-managehandovers-display-component---AddNewHO--dueDate","interaction":{"idSuffix":"inner"}},"clearTextFirst":true,"interactionType":"ENTER_TEXT"}]}
RESULT: {}
RESULT: {"script":"<script> [776 bytes]","args":[{"enterText":"6/5/25","selector":{"id":"application-managehandovers-display-component---AddNewHO--dueDate","interaction":{"idSuffix":"inner"}},"clearTextFirst":true,"interactionType":"ENTER_TEXT"}]}
COMMAND: POST /session/8710bc86126986cf02bb1d50a5f31e3a/element - {"using":"xpath","value":"//bdi[contains(text(), \"Instructions\")]"}
RESULT: {"using":"xpath","value":"//bdi[contains(text(), \"Instructions\")]"}
COMMAND: POST /session/8710bc86126986cf02bb1d50a5f31e3a/element/f.4F28C2583BB65896889CB8FD582548C6.d.D051710DE08B1D18447682C953AD1F9F.e.21889/click - {}
RESULT: {}
COMMAND: GET /session/8710bc86126986cf02bb1d50a5f31e3a/screenshot - {}
RESULT: {}
COMMAND: POST /session/8710bc86126986cf02bb1d50a5f31e3a/element - {"using":"xpath","value":"//button[@data-kt=\"AddNewHOProvideAddItemsButton\"]"}
RESULT: {"using":"xpath","value":"//button[@data-kt=\"AddNewHOProvideAddItemsButton\"]"}
COMMAND: POST /session/8710bc86126986cf02bb1d50a5f31e3a/element/f.4F28C2583BB65896889CB8FD582548C6.d.D051710DE08B1D18447682C953AD1F9F.e.21895/click - {}
RESULT: {}
COMMAND: GET /session/8710bc86126986cf02bb1d50a5f31e3a/screenshot - {}
RESULT: {}
RESULT: undefined
COMMAND: POST /session/8710bc86126986cf02bb1d50a5f31e3a/element - {"using":"xpath","value":"//*[@id=\"application-managehandovers-display-component---AddNewHO--popup-sa\"]"}
RESULT: {"using":"xpath","value":"//*[@id=\"application-managehandovers-display-component---AddNewHO--popup-sa\"]"}
COMMAND: POST /session/8710bc86126986cf02bb1d50a5f31e3a/element/f.4F28C2583BB65896889CB8FD582548C6.d.D051710DE08B1D18447682C953AD1F9F.e.21910/click - {}
RESULT: {}
COMMAND: GET /session/8710bc86126986cf02bb1d50a5f31e3a/screenshot - {}
RESULT: {}
COMMAND: POST /session/8710bc86126986cf02bb1d50a5f31e3a/element - {"using":"xpath","value":"//*[contains(@id ,\"BDI-content\")][contains(text(), \"Select\")]"}
RESULT: {"using":"xpath","value":"//*[contains(@id ,\"BDI-content\")][contains(text(), \"Select\")]"}
COMMAND: POST /session/8710bc86126986cf02bb1d50a5f31e3a/element/f.4F28C2583BB65896889CB8FD582548C6.d.D051710DE08B1D18447682C953AD1F9F.e.21912/click - {}
RESULT: {}
COMMAND: GET /session/8710bc86126986cf02bb1d50a5f31e3a/screenshot - {}
RESULT: {}
COMMAND: POST /session/8710bc86126986cf02bb1d50a5f31e3a/element - {"using":"xpath","value":"(//div[contains(@id, \"application-managehandovers-display-component---AddNewHO--oneStep-CbBg\")])"}
RESULT: {"using":"xpath","value":"(//div[contains(@id, \"application-managehandovers-display-component---AddNewHO--oneStep-CbBg\")])"}
COMMAND: POST /session/8710bc86126986cf02bb1d50a5f31e3a/element/f.4F28C2583BB65896889CB8FD582548C6.d.D051710DE08B1D18447682C953AD1F9F.e.21915/click - {}
RESULT: {}
RESULT: undefined
COMMAND: POST /session/8710bc86126986cf02bb1d50a5f31e3a/element - {"using":"xpath","value":"//*[@id=\"application-managehandovers-display-component---AddNewHO--confirmCreationButton\"]"}
COMMAND: GET /session/8710bc86126986cf02bb1d50a5f31e3a/screenshot - {}
RESULT: {"using":"xpath","value":"//*[@id=\"application-managehandovers-display-component---AddNewHO--confirmCreationButton\"]"}
COMMAND: POST /session/8710bc86126986cf02bb1d50a5f31e3a/element/f.4F28C2583BB65896889CB8FD582548C6.d.D051710DE08B1D18447682C953AD1F9F.e.21851/click - {}
RESULT: {}
RESULT: {}
COMMAND: GET /session/8710bc86126986cf02bb1d50a5f31e3a/screenshot - {}
RESULT: {}
RESULT: undefined
COMMAND: POST /session/8710bc86126986cf02bb1d50a5f31e3a/execute/async - {"script":"<script> [776 bytes]","args":[{"enterText":"6/5/25","selector":{"id":"issueDatePicker","viewName":"etm.portal.ui.managehandovers.view.DetailExecuteHO","interaction":{"idSuffix":"inner"}},"clearTextFirst":true,"interactionType":"ENTER_TEXT"}]}
RESULT: {"script":"<script> [776 bytes]","args":[{"enterText":"6/5/25","selector":{"id":"issueDatePicker","viewName":"etm.portal.ui.managehandovers.view.DetailExecuteHO","interaction":{"idSuffix":"inner"}},"clearTextFirst":true,"interactionType":"ENTER_TEXT"}]}
COMMAND: POST /session/8710bc86126986cf02bb1d50a5f31e3a/element - {"using":"xpath","value":"//bdi[contains(text(), \"OK\")]"}
RESULT: {"using":"xpath","value":"//bdi[contains(text(), \"OK\")]"}
COMMAND: POST /session/8710bc86126986cf02bb1d50a5f31e3a/element/f.4F28C2583BB65896889CB8FD582548C6.d.D051710DE08B1D18447682C953AD1F9F.e.21955/click - {}
RESULT: {}
COMMAND: GET /session/8710bc86126986cf02bb1d50a5f31e3a/screenshot - {}
RESULT: {}
COMMAND: POST /session/8710bc86126986cf02bb1d50a5f31e3a/element - {"using":"xpath","value":"//button[@data-kt=\"PickingTableConfirmAllButton\"]"}
RESULT: {"using":"xpath","value":"//button[@data-kt=\"PickingTableConfirmAllButton\"]"}
COMMAND: POST /session/8710bc86126986cf02bb1d50a5f31e3a/element/f.4F28C2583BB65896889CB8FD582548C6.d.D051710DE08B1D18447682C953AD1F9F.e.21961/click - {}
RESULT: {}
COMMAND: GET /session/8710bc86126986cf02bb1d50a5f31e3a/screenshot - {}
RESULT: {}
COMMAND: POST /session/8710bc86126986cf02bb1d50a5f31e3a/element - {"using":"xpath","value":"//bdi[contains(text(), \"OK\")]"}
RESULT: {"using":"xpath","value":"//bdi[contains(text(), \"OK\")]"}
COMMAND: POST /session/8710bc86126986cf02bb1d50a5f31e3a/element/f.4F28C2583BB65896889CB8FD582548C6.d.D051710DE08B1D18447682C953AD1F9F.e.21965/click - {}
RESULT: {}
COMMAND: GET /session/8710bc86126986cf02bb1d50a5f31e3a/screenshot - {}
RESULT: {}
COMMAND: POST /session/8710bc86126986cf02bb1d50a5f31e3a/element - {"using":"xpath","value":"//button[@data-kt=\"execHoPickButton\"]"}
RESULT: {"using":"xpath","value":"//button[@data-kt=\"execHoPickButton\"]"}
COMMAND: POST /session/8710bc86126986cf02bb1d50a5f31e3a/element/f.4F28C2583BB65896889CB8FD582548C6.d.D051710DE08B1D18447682C953AD1F9F.e.21966/click - {}
RESULT: {}
COMMAND: GET /session/8710bc86126986cf02bb1d50a5f31e3a/screenshot - {}
RESULT: {}
COMMAND: POST /session/8710bc86126986cf02bb1d50a5f31e3a/element - {"using":"xpath","value":"//span[contains(@id ,\"filterItemControl_BASIC-SEND_CONTRACT-vhi\")]"}
RESULT: {"using":"xpath","value":"//span[contains(@id ,\"filterItemControl_BASIC-SEND_CONTRACT-vhi\")]"}
COMMAND: POST /session/8710bc86126986cf02bb1d50a5f31e3a/element/f.4F28C2583BB65896889CB8FD582548C6.d.D051710DE08B1D18447682C953AD1F9F.e.22159/click - {}
RESULT: {}
COMMAND: GET /session/8710bc86126986cf02bb1d50a5f31e3a/screenshot - {}
RESULT: {}
RESULT: undefined
COMMAND: POST /session/8710bc86126986cf02bb1d50a5f31e3a/execute/async - {"script":"<script> [776 bytes]","args":[{"enterText":"10511","selector":{"controlType":"sap.m.SearchField","viewName":"etm.portal.ui.managehandovers.view.MasterHO","bindingPath":{"path":"","propertyPath":"/_BASIC_SEARCH_FIELD","modelName":"fi1t3rM0d31"},"searchOpenDialogs":true,"interaction":{"idSuffix":"I"}},"clearTextFirst":true,"interactionType":"ENTER_TEXT"}]}
RESULT: {"script":"<script> [776 bytes]","args":[{"enterText":"10511","selector":{"controlType":"sap.m.SearchField","viewName":"etm.portal.ui.managehandovers.view.MasterHO","bindingPath":{"path":"","propertyPath":"/_BASIC_SEARCH_FIELD","modelName":"fi1t3rM0d31"},"searchOpenDialogs":true,"interaction":{"idSuffix":"I"}},"clearTextFirst":true,"interactionType":"ENTER_TEXT"}]}
COMMAND: POST /session/8710bc86126986cf02bb1d50a5f31e3a/actions - {"actions":[{"id":"action85","type":"key","parameters":{},"actions":[{"type":"keyDown","value":""},{"type":"pause","duration":10},{"type":"keyUp","value":""}]}]}
RESULT: {"actions":[{"id":"action85","type":"key","parameters":{},"actions":[{"type":"keyDown","value":""},{"type":"pause","duration":10},{"type":"keyUp","value":""}]}]}
COMMAND: GET /session/8710bc86126986cf02bb1d50a5f31e3a/screenshot - {}
RESULT: {}
COMMAND: POST /session/8710bc86126986cf02bb1d50a5f31e3a/element - {"using":"xpath","value":"//div[contains(@id, 'filterItemControl_BASIC-SEND_CONTRACT-valueHelpDialog-table-rowsel0')]"}
RESULT: {"using":"xpath","value":"//div[contains(@id, 'filterItemControl_BASIC-SEND_CONTRACT-valueHelpDialog-table-rowsel0')]"}
COMMAND: POST /session/8710bc86126986cf02bb1d50a5f31e3a/element/f.4F28C2583BB65896889CB8FD582548C6.d.D051710DE08B1D18447682C953AD1F9F.e.22167/click - {}
RESULT: {}
COMMAND: GET /session/8710bc86126986cf02bb1d50a5f31e3a/screenshot - {}
RESULT: {}
COMMAND: POST /session/8710bc86126986cf02bb1d50a5f31e3a/element - {"using":"xpath","value":"//bdi[contains(text(), \"OK\")]"}
RESULT: {"using":"xpath","value":"//bdi[contains(text(), \"OK\")]"}
COMMAND: POST /session/8710bc86126986cf02bb1d50a5f31e3a/element/f.4F28C2583BB65896889CB8FD582548C6.d.D051710DE08B1D18447682C953AD1F9F.e.22169/click - {}
RESULT: {}
COMMAND: GET /session/8710bc86126986cf02bb1d50a5f31e3a/screenshot - {}
RESULT: {}
COMMAND: POST /session/8710bc86126986cf02bb1d50a5f31e3a/element - {"using":"xpath","value":"//span[contains(@id, \"smartTable-header-inner\")]"}
RESULT: {"using":"xpath","value":"//span[contains(@id, \"smartTable-header-inner\")]"}
COMMAND: POST /session/8710bc86126986cf02bb1d50a5f31e3a/elements - {"using":"xpath","value":"//span[contains(@id, \"smartTable-header-inner\")]"}
RESULT: {"using":"xpath","value":"//span[contains(@id, \"smartTable-header-inner\")]"}
COMMAND: POST /session/8710bc86126986cf02bb1d50a5f31e3a/execute/sync - {"script":"<script> [56 bytes]","args":[{"element-6066-11e4-a52e-4f735466cecf":"f.4F28C2583BB65896889CB8FD582548C6.d.D051710DE08B1D18447682C953AD1F9F.e.22199","ELEMENT":"f.4F28C2583BB65896889CB8FD582548C6.d.D051710DE08B1D18447682C953AD1F9F.e.22199"}]}
RESULT: {"script":"<script> [56 bytes]","args":[{"element-6066-11e4-a52e-4f735466cecf":"f.4F28C2583BB65896889CB8FD582548C6.d.D051710DE08B1D18447682C953AD1F9F.e.22199","ELEMENT":"f.4F28C2583BB65896889CB8FD582548C6.d.D051710DE08B1D18447682C953AD1F9F.e.22199"}]}
COMMAND: POST /session/8710bc86126986cf02bb1d50a5f31e3a/element - {"using":"xpath","value":"//table[contains(@id, \"customHandovers\")]//tbody/tr[1]/td[2]/span"}
COMMAND: GET /session/8710bc86126986cf02bb1d50a5f31e3a/screenshot - {}
RESULT: {"using":"xpath","value":"//table[contains(@id, \"customHandovers\")]//tbody/tr[1]/td[2]/span"}
COMMAND: POST /session/8710bc86126986cf02bb1d50a5f31e3a/execute/sync - {"script":"<script> [56 bytes]","args":[{"element-6066-11e4-a52e-4f735466cecf":"f.4F28C2583BB65896889CB8FD582548C6.d.D051710DE08B1D18447682C953AD1F9F.e.22200","ELEMENT":"f.4F28C2583BB65896889CB8FD582548C6.d.D051710DE08B1D18447682C953AD1F9F.e.22200"}]}
RESULT: {}
RESULT: {"script":"<script> [56 bytes]","args":[{"element-6066-11e4-a52e-4f735466cecf":"f.4F28C2583BB65896889CB8FD582548C6.d.D051710DE08B1D18447682C953AD1F9F.e.22200","ELEMENT":"f.4F28C2583BB65896889CB8FD582548C6.d.D051710DE08B1D18447682C953AD1F9F.e.22200"}]}
COMMAND: POST /session/8710bc86126986cf02bb1d50a5f31e3a/element - {"using":"xpath","value":"(//span[contains(@id, \"imgNav\")])[1]"}
COMMAND: GET /session/8710bc86126986cf02bb1d50a5f31e3a/screenshot - {}
RESULT: {"using":"xpath","value":"(//span[contains(@id, \"imgNav\")])[1]"}
COMMAND: POST /session/8710bc86126986cf02bb1d50a5f31e3a/element/f.4F28C2583BB65896889CB8FD582548C6.d.D051710DE08B1D18447682C953AD1F9F.e.22196/click - {}
RESULT: {}
RESULT: {}
COMMAND: GET /session/8710bc86126986cf02bb1d50a5f31e3a/screenshot - {}
RESULT: {}
RESULT: undefined
COMMAND: POST /session/8710bc86126986cf02bb1d50a5f31e3a/execute/async - {"script":"<script> [776 bytes]","args":[{"enterText":"6/5/25","selector":{"id":"issueDatePicker","viewName":"etm.portal.ui.managehandovers.view.DetailExecuteHO","interaction":{"idSuffix":"inner"}},"clearTextFirst":true,"interactionType":"ENTER_TEXT"}]}
RESULT: {"script":"<script> [776 bytes]","args":[{"enterText":"6/5/25","selector":{"id":"issueDatePicker","viewName":"etm.portal.ui.managehandovers.view.DetailExecuteHO","interaction":{"idSuffix":"inner"}},"clearTextFirst":true,"interactionType":"ENTER_TEXT"}]}
COMMAND: POST /session/8710bc86126986cf02bb1d50a5f31e3a/element - {"using":"xpath","value":"//button[@data-kt=\"PickingTableConfirmAllButton\"]"}
RESULT: {"using":"xpath","value":"//button[@data-kt=\"PickingTableConfirmAllButton\"]"}
COMMAND: POST /session/8710bc86126986cf02bb1d50a5f31e3a/element/f.4F28C2583BB65896889CB8FD582548C6.d.D051710DE08B1D18447682C953AD1F9F.e.22242/click - {}
RESULT: {}
COMMAND: GET /session/8710bc86126986cf02bb1d50a5f31e3a/screenshot - {}
RESULT: {}
COMMAND: POST /session/8710bc86126986cf02bb1d50a5f31e3a/element - {"using":"xpath","value":"//bdi[contains(text(), \"OK\")]"}
RESULT: {"using":"xpath","value":"//bdi[contains(text(), \"OK\")]"}
COMMAND: POST /session/8710bc86126986cf02bb1d50a5f31e3a/element/f.4F28C2583BB65896889CB8FD582548C6.d.D051710DE08B1D18447682C953AD1F9F.e.22254/click - {}
RESULT: {}
COMMAND: GET /session/8710bc86126986cf02bb1d50a5f31e3a/screenshot - {}
RESULT: {}
COMMAND: POST /session/8710bc86126986cf02bb1d50a5f31e3a/element - {"using":"xpath","value":"//button[@data-kt=\"execHoIssueButton\"]"}
RESULT: {"using":"xpath","value":"//button[@data-kt=\"execHoIssueButton\"]"}
COMMAND: POST /session/8710bc86126986cf02bb1d50a5f31e3a/element/f.4F28C2583BB65896889CB8FD582548C6.d.D051710DE08B1D18447682C953AD1F9F.e.22256/click - {}
RESULT: {}
COMMAND: GET /session/8710bc86126986cf02bb1d50a5f31e3a/screenshot - {}
RESULT: {}
COMMAND: POST /session/8710bc86126986cf02bb1d50a5f31e3a/element - {"using":"xpath","value":"//input[contains(@id ,\"smartFilterBar-btnBasicSearch-I\")]"}
RESULT: {"using":"xpath","value":"//input[contains(@id ,\"smartFilterBar-btnBasicSearch-I\")]"}
COMMAND: POST /session/8710bc86126986cf02bb1d50a5f31e3a/elements - {"using":"xpath","value":"//input[contains(@id ,\"smartFilterBar-btnBasicSearch-I\")]"}
RESULT: {"using":"xpath","value":"//input[contains(@id ,\"smartFilterBar-btnBasicSearch-I\")]"}
COMMAND: POST /session/8710bc86126986cf02bb1d50a5f31e3a/execute/sync - {"script":"<script> [8489 bytes]","args":[{"element-6066-11e4-a52e-4f735466cecf":"f.4F28C2583BB65896889CB8FD582548C6.d.D051710DE08B1D18447682C953AD1F9F.e.21820","ELEMENT":"f.4F28C2583BB65896889CB8FD582548C6.d.D051710DE08B1D18447682C953AD1F9F.e.21820"}]}
RESULT: {"script":"<script> [8489 bytes]","args":[{"element-6066-11e4-a52e-4f735466cecf":"f.4F28C2583BB65896889CB8FD582548C6.d.D051710DE08B1D18447682C953AD1F9F.e.21820","ELEMENT":"f.4F28C2583BB65896889CB8FD582548C6.d.D051710DE08B1D18447682C953AD1F9F.e.21820"}]}
COMMAND: GET /session/8710bc86126986cf02bb1d50a5f31e3a/element/f.4F28C2583BB65896889CB8FD582548C6.d.D051710DE08B1D18447682C953AD1F9F.e.21820/enabled - {}
COMMAND: GET /session/8710bc86126986cf02bb1d50a5f31e3a/screenshot - {}
RESULT: {}
COMMAND: POST /session/8710bc86126986cf02bb1d50a5f31e3a/element/f.4F28C2583BB65896889CB8FD582548C6.d.D051710DE08B1D18447682C953AD1F9F.e.21820/clear - {}
COMMAND: GET /session/8710bc86126986cf02bb1d50a5f31e3a/screenshot - {}
RESULT: {}
RESULT: {}
COMMAND: POST /session/8710bc86126986cf02bb1d50a5f31e3a/element/f.4F28C2583BB65896889CB8FD582548C6.d.D051710DE08B1D18447682C953AD1F9F.e.21820/value - {"text":"31028"}
COMMAND: GET /session/8710bc86126986cf02bb1d50a5f31e3a/screenshot - {}
RESULT: {}
RESULT: {"text":"31028"}
COMMAND: GET /session/8710bc86126986cf02bb1d50a5f31e3a/screenshot - {}
RESULT: {}
RESULT: {}
COMMAND: POST /session/8710bc86126986cf02bb1d50a5f31e3a/actions - {"actions":[{"id":"action86","type":"key","parameters":{},"actions":[{"type":"keyDown","value":""},{"type":"pause","duration":10},{"type":"keyUp","value":""}]}]}
RESULT: {"actions":[{"id":"action86","type":"key","parameters":{},"actions":[{"type":"keyDown","value":""},{"type":"pause","duration":10},{"type":"keyUp","value":""}]}]}
COMMAND: GET /session/8710bc86126986cf02bb1d50a5f31e3a/screenshot - {}
RESULT: {}
COMMAND: POST /session/8710bc86126986cf02bb1d50a5f31e3a/element - {"using":"xpath","value":"//span[contains(@id, \"smartTable-header-inner\")]"}
RESULT: {"using":"xpath","value":"//span[contains(@id, \"smartTable-header-inner\")]"}
COMMAND: POST /session/8710bc86126986cf02bb1d50a5f31e3a/elements - {"using":"xpath","value":"//span[contains(@id, \"smartTable-header-inner\")]"}
RESULT: {"using":"xpath","value":"//span[contains(@id, \"smartTable-header-inner\")]"}
COMMAND: POST /session/8710bc86126986cf02bb1d50a5f31e3a/execute/sync - {"script":"<script> [56 bytes]","args":[{"element-6066-11e4-a52e-4f735466cecf":"f.4F28C2583BB65896889CB8FD582548C6.d.D051710DE08B1D18447682C953AD1F9F.e.22199","ELEMENT":"f.4F28C2583BB65896889CB8FD582548C6.d.D051710DE08B1D18447682C953AD1F9F.e.22199"}]}
RESULT: {"script":"<script> [56 bytes]","args":[{"element-6066-11e4-a52e-4f735466cecf":"f.4F28C2583BB65896889CB8FD582548C6.d.D051710DE08B1D18447682C953AD1F9F.e.22199","ELEMENT":"f.4F28C2583BB65896889CB8FD582548C6.d.D051710DE08B1D18447682C953AD1F9F.e.22199"}]}
COMMAND: POST /session/8710bc86126986cf02bb1d50a5f31e3a/elements - {"using":"xpath","value":"//thead[contains(@class, \"sapMTableTH\")]/tr/th"}
COMMAND: GET /session/8710bc86126986cf02bb1d50a5f31e3a/screenshot - {}
RESULT: {"using":"xpath","value":"//thead[contains(@class, \"sapMTableTH\")]/tr/th"}
COMMAND: GET /session/8710bc86126986cf02bb1d50a5f31e3a/element/f.4F28C2583BB65896889CB8FD582548C6.d.D051710DE08B1D18447682C953AD1F9F.e.22290/text - {}
RESULT: {}
RESULT: {}
COMMAND: GET /session/8710bc86126986cf02bb1d50a5f31e3a/element/f.4F28C2583BB65896889CB8FD582548C6.d.D051710DE08B1D18447682C953AD1F9F.e.22291/text - {}
RESULT: {}
COMMAND: GET /session/8710bc86126986cf02bb1d50a5f31e3a/element/f.4F28C2583BB65896889CB8FD582548C6.d.D051710DE08B1D18447682C953AD1F9F.e.21813/text - {}
RESULT: {}
COMMAND: GET /session/8710bc86126986cf02bb1d50a5f31e3a/element/f.4F28C2583BB65896889CB8FD582548C6.d.D051710DE08B1D18447682C953AD1F9F.e.21815/text - {}
RESULT: {}
COMMAND: GET /session/8710bc86126986cf02bb1d50a5f31e3a/element/f.4F28C2583BB65896889CB8FD582548C6.d.D051710DE08B1D18447682C953AD1F9F.e.22261/text - {}
RESULT: {}
COMMAND: GET /session/8710bc86126986cf02bb1d50a5f31e3a/element/f.4F28C2583BB65896889CB8FD582548C6.d.D051710DE08B1D18447682C953AD1F9F.e.22262/text - {}
RESULT: {}
COMMAND: GET /session/8710bc86126986cf02bb1d50a5f31e3a/element/f.4F28C2583BB65896889CB8FD582548C6.d.D051710DE08B1D18447682C953AD1F9F.e.22263/text - {}
RESULT: {}
COMMAND: GET /session/8710bc86126986cf02bb1d50a5f31e3a/element/f.4F28C2583BB65896889CB8FD582548C6.d.D051710DE08B1D18447682C953AD1F9F.e.22264/text - {}
RESULT: {}
COMMAND: GET /session/8710bc86126986cf02bb1d50a5f31e3a/element/f.4F28C2583BB65896889CB8FD582548C6.d.D051710DE08B1D18447682C953AD1F9F.e.22265/text - {}
RESULT: {}
COMMAND: GET /session/8710bc86126986cf02bb1d50a5f31e3a/element/f.4F28C2583BB65896889CB8FD582548C6.d.D051710DE08B1D18447682C953AD1F9F.e.22266/text - {}
RESULT: {}
COMMAND: GET /session/8710bc86126986cf02bb1d50a5f31e3a/element/f.4F28C2583BB65896889CB8FD582548C6.d.D051710DE08B1D18447682C953AD1F9F.e.22267/text - {}
RESULT: {}
COMMAND: GET /session/8710bc86126986cf02bb1d50a5f31e3a/element/f.4F28C2583BB65896889CB8FD582548C6.d.D051710DE08B1D18447682C953AD1F9F.e.22268/text - {}
RESULT: {}
COMMAND: GET /session/8710bc86126986cf02bb1d50a5f31e3a/element/f.4F28C2583BB65896889CB8FD582548C6.d.D051710DE08B1D18447682C953AD1F9F.e.22269/text - {}
RESULT: {}
COMMAND: GET /session/8710bc86126986cf02bb1d50a5f31e3a/element/f.4F28C2583BB65896889CB8FD582548C6.d.D051710DE08B1D18447682C953AD1F9F.e.21816/text - {}
RESULT: {}
COMMAND: POST /session/8710bc86126986cf02bb1d50a5f31e3a/element - {"using":"xpath","value":"//tbody[contains(@id, \"customHandoversTable-tblBody\")]/tr[1]/td[14]/div/span"}
RESULT: {"using":"xpath","value":"//tbody[contains(@id, \"customHandoversTable-tblBody\")]/tr[1]/td[14]/div/span"}
COMMAND: POST /session/8710bc86126986cf02bb1d50a5f31e3a/execute/sync - {"script":"<script> [56 bytes]","args":[{"element-6066-11e4-a52e-4f735466cecf":"f.4F28C2583BB65896889CB8FD582548C6.d.D051710DE08B1D18447682C953AD1F9F.e.22344","ELEMENT":"f.4F28C2583BB65896889CB8FD582548C6.d.D051710DE08B1D18447682C953AD1F9F.e.22344"}]}
RESULT: {"script":"<script> [56 bytes]","args":[{"element-6066-11e4-a52e-4f735466cecf":"f.4F28C2583BB65896889CB8FD582548C6.d.D051710DE08B1D18447682C953AD1F9F.e.22344","ELEMENT":"f.4F28C2583BB65896889CB8FD582548C6.d.D051710DE08B1D18447682C953AD1F9F.e.22344"}]}
COMMAND: POST /session/8710bc86126986cf02bb1d50a5f31e3a/element - {"using":"xpath","value":"(//span[contains(@id, \"imgNav\")])[1]"}
COMMAND: GET /session/8710bc86126986cf02bb1d50a5f31e3a/screenshot - {}
RESULT: {"using":"xpath","value":"(//span[contains(@id, \"imgNav\")])[1]"}
COMMAND: POST /session/8710bc86126986cf02bb1d50a5f31e3a/element/f.4F28C2583BB65896889CB8FD582548C6.d.D051710DE08B1D18447682C953AD1F9F.e.22345/click - {}
RESULT: {}
RESULT: {}
COMMAND: GET /session/8710bc86126986cf02bb1d50a5f31e3a/screenshot - {}
RESULT: {}
RESULT: undefined
COMMAND: POST /session/8710bc86126986cf02bb1d50a5f31e3a/execute/async - {"script":"<script> [776 bytes]","args":[{"enterText":"6/12/25","selector":{"id":"receiptDatePicker","viewName":"etm.portal.ui.managehandovers.view.DetailExecuteHO","interaction":{"idSuffix":"inner"}},"clearTextFirst":true,"interactionType":"ENTER_TEXT"}]}
RESULT: {"script":"<script> [776 bytes]","args":[{"enterText":"6/12/25","selector":{"id":"receiptDatePicker","viewName":"etm.portal.ui.managehandovers.view.DetailExecuteHO","interaction":{"idSuffix":"inner"}},"clearTextFirst":true,"interactionType":"ENTER_TEXT"}]}
COMMAND: POST /session/8710bc86126986cf02bb1d50a5f31e3a/element - {"using":"xpath","value":"//bdi[contains(text(), \"OK\")]"}
RESULT: {"using":"xpath","value":"//bdi[contains(text(), \"OK\")]"}
COMMAND: POST /session/8710bc86126986cf02bb1d50a5f31e3a/element/f.4F28C2583BB65896889CB8FD582548C6.d.D051710DE08B1D18447682C953AD1F9F.e.22382/click - {}
RESULT: {}
COMMAND: GET /session/8710bc86126986cf02bb1d50a5f31e3a/screenshot - {}
RESULT: {}
COMMAND: POST /session/8710bc86126986cf02bb1d50a5f31e3a/element - {"using":"xpath","value":"//button[@data-kt=\"PickingTableConfirmAllButton\"]"}
RESULT: {"using":"xpath","value":"//button[@data-kt=\"PickingTableConfirmAllButton\"]"}
COMMAND: POST /session/8710bc86126986cf02bb1d50a5f31e3a/element/f.4F28C2583BB65896889CB8FD582548C6.d.D051710DE08B1D18447682C953AD1F9F.e.22364/click - {}
RESULT: {}
COMMAND: GET /session/8710bc86126986cf02bb1d50a5f31e3a/screenshot - {}
RESULT: {}
COMMAND: POST /session/8710bc86126986cf02bb1d50a5f31e3a/element - {"using":"xpath","value":"//bdi[contains(text(), \"OK\")]"}
RESULT: {"using":"xpath","value":"//bdi[contains(text(), \"OK\")]"}
COMMAND: POST /session/8710bc86126986cf02bb1d50a5f31e3a/element/f.4F28C2583BB65896889CB8FD582548C6.d.D051710DE08B1D18447682C953AD1F9F.e.22397/click - {}
RESULT: {}
COMMAND: GET /session/8710bc86126986cf02bb1d50a5f31e3a/screenshot - {}
RESULT: {}
COMMAND: POST /session/8710bc86126986cf02bb1d50a5f31e3a/element - {"using":"xpath","value":"//button[@data-kt= \"execHoReceiveButton\"]"}
RESULT: {"using":"xpath","value":"//button[@data-kt= \"execHoReceiveButton\"]"}
COMMAND: POST /session/8710bc86126986cf02bb1d50a5f31e3a/element/f.4F28C2583BB65896889CB8FD582548C6.d.D051710DE08B1D18447682C953AD1F9F.e.22398/click - {}
RESULT: {}
COMMAND: GET /session/8710bc86126986cf02bb1d50a5f31e3a/screenshot - {}
RESULT: {}
COMMAND: POST /session/8710bc86126986cf02bb1d50a5f31e3a/element - {"using":"xpath","value":"//input[contains(@id ,\"smartFilterBar-btnBasicSearch-I\")]"}
RESULT: {"using":"xpath","value":"//input[contains(@id ,\"smartFilterBar-btnBasicSearch-I\")]"}
COMMAND: POST /session/8710bc86126986cf02bb1d50a5f31e3a/elements - {"using":"xpath","value":"//input[contains(@id ,\"smartFilterBar-btnBasicSearch-I\")]"}
RESULT: {"using":"xpath","value":"//input[contains(@id ,\"smartFilterBar-btnBasicSearch-I\")]"}
COMMAND: POST /session/8710bc86126986cf02bb1d50a5f31e3a/execute/sync - {"script":"<script> [8489 bytes]","args":[{"element-6066-11e4-a52e-4f735466cecf":"f.4F28C2583BB65896889CB8FD582548C6.d.D051710DE08B1D18447682C953AD1F9F.e.21820","ELEMENT":"f.4F28C2583BB65896889CB8FD582548C6.d.D051710DE08B1D18447682C953AD1F9F.e.21820"}]}
RESULT: {"script":"<script> [8489 bytes]","args":[{"element-6066-11e4-a52e-4f735466cecf":"f.4F28C2583BB65896889CB8FD582548C6.d.D051710DE08B1D18447682C953AD1F9F.e.21820","ELEMENT":"f.4F28C2583BB65896889CB8FD582548C6.d.D051710DE08B1D18447682C953AD1F9F.e.21820"}]}
COMMAND: GET /session/8710bc86126986cf02bb1d50a5f31e3a/element/f.4F28C2583BB65896889CB8FD582548C6.d.D051710DE08B1D18447682C953AD1F9F.e.21820/enabled - {}
COMMAND: GET /session/8710bc86126986cf02bb1d50a5f31e3a/screenshot - {}
RESULT: {}
COMMAND: POST /session/8710bc86126986cf02bb1d50a5f31e3a/element/f.4F28C2583BB65896889CB8FD582548C6.d.D051710DE08B1D18447682C953AD1F9F.e.21820/clear - {}
COMMAND: GET /session/8710bc86126986cf02bb1d50a5f31e3a/screenshot - {}
RESULT: {}
RESULT: {}
COMMAND: POST /session/8710bc86126986cf02bb1d50a5f31e3a/element/f.4F28C2583BB65896889CB8FD582548C6.d.D051710DE08B1D18447682C953AD1F9F.e.21820/value - {"text":"31028"}
COMMAND: GET /session/8710bc86126986cf02bb1d50a5f31e3a/screenshot - {}
RESULT: {}
RESULT: {"text":"31028"}
COMMAND: GET /session/8710bc86126986cf02bb1d50a5f31e3a/screenshot - {}
RESULT: {}
RESULT: {}
COMMAND: POST /session/8710bc86126986cf02bb1d50a5f31e3a/actions - {"actions":[{"id":"action87","type":"key","parameters":{},"actions":[{"type":"keyDown","value":""},{"type":"pause","duration":10},{"type":"keyUp","value":""}]}]}
RESULT: {"actions":[{"id":"action87","type":"key","parameters":{},"actions":[{"type":"keyDown","value":""},{"type":"pause","duration":10},{"type":"keyUp","value":""}]}]}
COMMAND: GET /session/8710bc86126986cf02bb1d50a5f31e3a/screenshot - {}
RESULT: {}
COMMAND: POST /session/8710bc86126986cf02bb1d50a5f31e3a/element - {"using":"xpath","value":"//span[contains(@id, \"smartTable-header-inner\")]"}
RESULT: {"using":"xpath","value":"//span[contains(@id, \"smartTable-header-inner\")]"}
COMMAND: POST /session/8710bc86126986cf02bb1d50a5f31e3a/elements - {"using":"xpath","value":"//span[contains(@id, \"smartTable-header-inner\")]"}
RESULT: {"using":"xpath","value":"//span[contains(@id, \"smartTable-header-inner\")]"}
COMMAND: POST /session/8710bc86126986cf02bb1d50a5f31e3a/execute/sync - {"script":"<script> [56 bytes]","args":[{"element-6066-11e4-a52e-4f735466cecf":"f.4F28C2583BB65896889CB8FD582548C6.d.D051710DE08B1D18447682C953AD1F9F.e.22199","ELEMENT":"f.4F28C2583BB65896889CB8FD582548C6.d.D051710DE08B1D18447682C953AD1F9F.e.22199"}]}
RESULT: {"script":"<script> [56 bytes]","args":[{"element-6066-11e4-a52e-4f735466cecf":"f.4F28C2583BB65896889CB8FD582548C6.d.D051710DE08B1D18447682C953AD1F9F.e.22199","ELEMENT":"f.4F28C2583BB65896889CB8FD582548C6.d.D051710DE08B1D18447682C953AD1F9F.e.22199"}]}
COMMAND: POST /session/8710bc86126986cf02bb1d50a5f31e3a/elements - {"using":"xpath","value":"//thead[contains(@class, \"sapMTableTH\")]/tr/th"}
COMMAND: GET /session/8710bc86126986cf02bb1d50a5f31e3a/screenshot - {}
RESULT: {"using":"xpath","value":"//thead[contains(@class, \"sapMTableTH\")]/tr/th"}
COMMAND: GET /session/8710bc86126986cf02bb1d50a5f31e3a/element/f.4F28C2583BB65896889CB8FD582548C6.d.D051710DE08B1D18447682C953AD1F9F.e.22290/text - {}
RESULT: {}
RESULT: {}
COMMAND: GET /session/8710bc86126986cf02bb1d50a5f31e3a/element/f.4F28C2583BB65896889CB8FD582548C6.d.D051710DE08B1D18447682C953AD1F9F.e.22291/text - {}
RESULT: {}
COMMAND: GET /session/8710bc86126986cf02bb1d50a5f31e3a/element/f.4F28C2583BB65896889CB8FD582548C6.d.D051710DE08B1D18447682C953AD1F9F.e.21813/text - {}
RESULT: {}
COMMAND: GET /session/8710bc86126986cf02bb1d50a5f31e3a/element/f.4F28C2583BB65896889CB8FD582548C6.d.D051710DE08B1D18447682C953AD1F9F.e.21815/text - {}
RESULT: {}
COMMAND: GET /session/8710bc86126986cf02bb1d50a5f31e3a/element/f.4F28C2583BB65896889CB8FD582548C6.d.D051710DE08B1D18447682C953AD1F9F.e.22403/text - {}
RESULT: {}
COMMAND: GET /session/8710bc86126986cf02bb1d50a5f31e3a/element/f.4F28C2583BB65896889CB8FD582548C6.d.D051710DE08B1D18447682C953AD1F9F.e.22404/text - {}
RESULT: {}
COMMAND: GET /session/8710bc86126986cf02bb1d50a5f31e3a/element/f.4F28C2583BB65896889CB8FD582548C6.d.D051710DE08B1D18447682C953AD1F9F.e.22405/text - {}
RESULT: {}
COMMAND: GET /session/8710bc86126986cf02bb1d50a5f31e3a/element/f.4F28C2583BB65896889CB8FD582548C6.d.D051710DE08B1D18447682C953AD1F9F.e.22406/text - {}
RESULT: {}
COMMAND: GET /session/8710bc86126986cf02bb1d50a5f31e3a/element/f.4F28C2583BB65896889CB8FD582548C6.d.D051710DE08B1D18447682C953AD1F9F.e.22407/text - {}
RESULT: {}
COMMAND: GET /session/8710bc86126986cf02bb1d50a5f31e3a/element/f.4F28C2583BB65896889CB8FD582548C6.d.D051710DE08B1D18447682C953AD1F9F.e.22408/text - {}
RESULT: {}
COMMAND: GET /session/8710bc86126986cf02bb1d50a5f31e3a/element/f.4F28C2583BB65896889CB8FD582548C6.d.D051710DE08B1D18447682C953AD1F9F.e.22409/text - {}
RESULT: {}
COMMAND: GET /session/8710bc86126986cf02bb1d50a5f31e3a/element/f.4F28C2583BB65896889CB8FD582548C6.d.D051710DE08B1D18447682C953AD1F9F.e.22410/text - {}
RESULT: {}
COMMAND: GET /session/8710bc86126986cf02bb1d50a5f31e3a/element/f.4F28C2583BB65896889CB8FD582548C6.d.D051710DE08B1D18447682C953AD1F9F.e.22411/text - {}
RESULT: {}
COMMAND: GET /session/8710bc86126986cf02bb1d50a5f31e3a/element/f.4F28C2583BB65896889CB8FD582548C6.d.D051710DE08B1D18447682C953AD1F9F.e.21816/text - {}
RESULT: {}
COMMAND: POST /session/8710bc86126986cf02bb1d50a5f31e3a/element - {"using":"xpath","value":"//tbody[contains(@id, \"customHandoversTable-tblBody\")]/tr[1]/td[14]/div/span"}
RESULT: {"using":"xpath","value":"//tbody[contains(@id, \"customHandoversTable-tblBody\")]/tr[1]/td[14]/div/span"}
COMMAND: POST /session/8710bc86126986cf02bb1d50a5f31e3a/execute/sync - {"script":"<script> [56 bytes]","args":[{"element-6066-11e4-a52e-4f735466cecf":"f.4F28C2583BB65896889CB8FD582548C6.d.D051710DE08B1D18447682C953AD1F9F.e.22454","ELEMENT":"f.4F28C2583BB65896889CB8FD582548C6.d.D051710DE08B1D18447682C953AD1F9F.e.22454"}]}
RESULT: {"script":"<script> [56 bytes]","args":[{"element-6066-11e4-a52e-4f735466cecf":"f.4F28C2583BB65896889CB8FD582548C6.d.D051710DE08B1D18447682C953AD1F9F.e.22454","ELEMENT":"f.4F28C2583BB65896889CB8FD582548C6.d.D051710DE08B1D18447682C953AD1F9F.e.22454"}]}
COMMAND: POST /session/8710bc86126986cf02bb1d50a5f31e3a/element - {"using":"css selector","value":"#shell-header-logo"}
COMMAND: GET /session/8710bc86126986cf02bb1d50a5f31e3a/screenshot - {}
RESULT: {"using":"css selector","value":"#shell-header-logo"}
COMMAND: POST /session/8710bc86126986cf02bb1d50a5f31e3a/element/f.4F28C2583BB65896889CB8FD582548C6.d.D051710DE08B1D18447682C953AD1F9F.e.21486/click - {}
RESULT: {}
RESULT: {}
COMMAND: GET /session/8710bc86126986cf02bb1d50a5f31e3a/screenshot - {}
RESULT: {}
]]></system-out>
    </testcase>
    <testcase classname="chrome.136_0_7103_93.windows.Billing_Calculation_-_Time_based_(considering_transport_times)_US139738" name="Should do another billing run but in around 17 days from today" time="79.266">
      <system-out><![CDATA[
RESULT: undefined
COMMAND: POST /session/8710bc86126986cf02bb1d50a5f31e3a/element - {"using":"xpath","value":"//*[@id=\"__tile51\"]"}
RESULT: {"using":"xpath","value":"//*[@id=\"__tile51\"]"}
COMMAND: POST /session/8710bc86126986cf02bb1d50a5f31e3a/element/f.4F28C2583BB65896889CB8FD582548C6.d.D051710DE08B1D18447682C953AD1F9F.e.16698/click - {}
RESULT: {}
COMMAND: GET /session/8710bc86126986cf02bb1d50a5f31e3a/screenshot - {}
RESULT: {}
COMMAND: POST /session/8710bc86126986cf02bb1d50a5f31e3a/elements - {"using":"xpath","value":"//span[text()='Error']"}
RESULT: {"using":"xpath","value":"//span[text()='Error']"}
RESULT: undefined
COMMAND: POST /session/8710bc86126986cf02bb1d50a5f31e3a/execute/async - {"script":"<script> [776 bytes]","args":[{"enterText":"10511","selector":{"id":"application-managebillings-display-component---billRunCalcResult--smartFilterBar-btnBasicSearch","interaction":{"idSuffix":"I"}},"clearTextFirst":true,"interactionType":"ENTER_TEXT"}]}
RESULT: {"script":"<script> [776 bytes]","args":[{"enterText":"10511","selector":{"id":"application-managebillings-display-component---billRunCalcResult--smartFilterBar-btnBasicSearch","interaction":{"idSuffix":"I"}},"clearTextFirst":true,"interactionType":"ENTER_TEXT"}]}
COMMAND: POST /session/8710bc86126986cf02bb1d50a5f31e3a/actions - {"actions":[{"id":"action88","type":"key","parameters":{},"actions":[{"type":"keyDown","value":""},{"type":"pause","duration":10},{"type":"keyUp","value":""}]}]}
RESULT: {"actions":[{"id":"action88","type":"key","parameters":{},"actions":[{"type":"keyDown","value":""},{"type":"pause","duration":10},{"type":"keyUp","value":""}]}]}
COMMAND: GET /session/8710bc86126986cf02bb1d50a5f31e3a/screenshot - {}
COMMAND: POST /session/8710bc86126986cf02bb1d50a5f31e3a/element - {"using":"xpath","value":"//td[@aria-colindex=\"1\"]/div/div[contains(@class, \"sapMCbBg\")]"}
RESULT: {}
RESULT: {"using":"xpath","value":"//td[@aria-colindex=\"1\"]/div/div[contains(@class, \"sapMCbBg\")]"}
COMMAND: POST /session/8710bc86126986cf02bb1d50a5f31e3a/element/f.4F28C2583BB65896889CB8FD582548C6.d.D051710DE08B1D18447682C953AD1F9F.e.22667/click - {}
RESULT: {}
COMMAND: GET /session/8710bc86126986cf02bb1d50a5f31e3a/screenshot - {}
RESULT: {}
RESULT: undefined
COMMAND: POST /session/8710bc86126986cf02bb1d50a5f31e3a/execute/async - {"script":"<script> [776 bytes]","args":[{"enterText":"6/8/25","selector":{"id":"application-managebillings-display-component---billRunCalcResult--contractBillRunDate","interaction":{"idSuffix":"inner"}},"clearTextFirst":true,"interactionType":"ENTER_TEXT"}]}
RESULT: {"script":"<script> [776 bytes]","args":[{"enterText":"6/8/25","selector":{"id":"application-managebillings-display-component---billRunCalcResult--contractBillRunDate","interaction":{"idSuffix":"inner"}},"clearTextFirst":true,"interactionType":"ENTER_TEXT"}]}
COMMAND: POST /session/8710bc86126986cf02bb1d50a5f31e3a/element - {"using":"xpath","value":"//bdi[contains(text(), \"Trigger Calculation\")]"}
RESULT: {"using":"xpath","value":"//bdi[contains(text(), \"Trigger Calculation\")]"}
COMMAND: POST /session/8710bc86126986cf02bb1d50a5f31e3a/element/f.4F28C2583BB65896889CB8FD582548C6.d.D051710DE08B1D18447682C953AD1F9F.e.22718/click - {}
RESULT: {}
COMMAND: GET /session/8710bc86126986cf02bb1d50a5f31e3a/screenshot - {}
RESULT: {}
COMMAND: POST /session/8710bc86126986cf02bb1d50a5f31e3a/element - {"using":"xpath","value":"(//span[contains(@id, \"imgNav\")])[1]"}
RESULT: {"using":"xpath","value":"(//span[contains(@id, \"imgNav\")])[1]"}
COMMAND: POST /session/8710bc86126986cf02bb1d50a5f31e3a/element/f.4F28C2583BB65896889CB8FD582548C6.d.D051710DE08B1D18447682C953AD1F9F.e.22668/click - {}
RESULT: {}
COMMAND: GET /session/8710bc86126986cf02bb1d50a5f31e3a/screenshot - {}
RESULT: {}
COMMAND: POST /session/8710bc86126986cf02bb1d50a5f31e3a/element - {"using":"xpath","value":"//tr/td[6]/div[1]/span[1]/span[1]"}
RESULT: {"using":"xpath","value":"//tr/td[6]/div[1]/span[1]/span[1]"}
COMMAND: GET /session/8710bc86126986cf02bb1d50a5f31e3a/element/f.4F28C2583BB65896889CB8FD582548C6.d.D051710DE08B1D18447682C953AD1F9F.e.22723/text - {}
RESULT: {}
COMMAND: POST /session/8710bc86126986cf02bb1d50a5f31e3a/element - {"using":"xpath","value":"(//span[contains(@id, \"imgNav\")])[2]"}
RESULT: {"using":"xpath","value":"(//span[contains(@id, \"imgNav\")])[2]"}
COMMAND: POST /session/8710bc86126986cf02bb1d50a5f31e3a/element/f.4F28C2583BB65896889CB8FD582548C6.d.D051710DE08B1D18447682C953AD1F9F.e.22724/click - {}
RESULT: {}
COMMAND: POST /session/8710bc86126986cf02bb1d50a5f31e3a/element - {"using":"xpath","value":"//bdi[contains(text(), \"Business Confirm\")]"}
COMMAND: GET /session/8710bc86126986cf02bb1d50a5f31e3a/screenshot - {}
RESULT: {"using":"xpath","value":"//bdi[contains(text(), \"Business Confirm\")]"}
COMMAND: POST /session/8710bc86126986cf02bb1d50a5f31e3a/elements - {"using":"xpath","value":"//bdi[contains(text(), \"Business Confirm\")]"}
RESULT: {}
RESULT: {"using":"xpath","value":"//bdi[contains(text(), \"Business Confirm\")]"}
COMMAND: POST /session/8710bc86126986cf02bb1d50a5f31e3a/elements - {"using":"xpath","value":"//bdi[contains(text(), \"Business Confirm\")]"}
RESULT: {"using":"xpath","value":"//bdi[contains(text(), \"Business Confirm\")]"}
COMMAND: POST /session/8710bc86126986cf02bb1d50a5f31e3a/element - {"using":"xpath","value":"//bdi[contains(text(), \"Business Confirm\")]"}
RESULT: {"using":"xpath","value":"//bdi[contains(text(), \"Business Confirm\")]"}
COMMAND: POST /session/8710bc86126986cf02bb1d50a5f31e3a/element/f.4F28C2583BB65896889CB8FD582548C6.d.D051710DE08B1D18447682C953AD1F9F.e.22763/click - {}
RESULT: {}
COMMAND: POST /session/8710bc86126986cf02bb1d50a5f31e3a/element - {"using":"css selector","value":"#shell-header-logo"}
COMMAND: GET /session/8710bc86126986cf02bb1d50a5f31e3a/screenshot - {}
RESULT: {"using":"css selector","value":"#shell-header-logo"}
COMMAND: POST /session/8710bc86126986cf02bb1d50a5f31e3a/element/f.4F28C2583BB65896889CB8FD582548C6.d.D051710DE08B1D18447682C953AD1F9F.e.22458/click - {}
RESULT: {}
RESULT: {}
COMMAND: GET /session/8710bc86126986cf02bb1d50a5f31e3a/screenshot - {}
RESULT: {}
]]></system-out>
    </testcase>
    <testcase classname="chrome.136_0_7103_93.windows.Billing_Calculation_-_Time_based_(considering_transport_times)_US139738" name="Should transfer the billing all the way to completion" time="98.84">
      <system-out><![CDATA[
RESULT: undefined
COMMAND: POST /session/8710bc86126986cf02bb1d50a5f31e3a/element - {"using":"xpath","value":"//*[@id=\"__tile50\"]"}
RESULT: {"using":"xpath","value":"//*[@id=\"__tile50\"]"}
COMMAND: POST /session/8710bc86126986cf02bb1d50a5f31e3a/element/f.4F28C2583BB65896889CB8FD582548C6.d.D051710DE08B1D18447682C953AD1F9F.e.16696/click - {}
RESULT: {}
COMMAND: GET /session/8710bc86126986cf02bb1d50a5f31e3a/screenshot - {}
RESULT: {}
COMMAND: POST /session/8710bc86126986cf02bb1d50a5f31e3a/elements - {"using":"xpath","value":"//span[text()='Error']"}
RESULT: {"using":"xpath","value":"//span[text()='Error']"}
COMMAND: POST /session/8710bc86126986cf02bb1d50a5f31e3a/element - {"using":"xpath","value":"//input[contains(@id ,\"application-billingtransfer-display-component---billingWorkbench--smartFilterBar-btnBasicSearch\")]"}
RESULT: {"using":"xpath","value":"//input[contains(@id ,\"application-billingtransfer-display-component---billingWorkbench--smartFilterBar-btnBasicSearch\")]"}
COMMAND: POST /session/8710bc86126986cf02bb1d50a5f31e3a/elements - {"using":"xpath","value":"//input[contains(@id ,\"application-billingtransfer-display-component---billingWorkbench--smartFilterBar-btnBasicSearch\")]"}
RESULT: {"using":"xpath","value":"//input[contains(@id ,\"application-billingtransfer-display-component---billingWorkbench--smartFilterBar-btnBasicSearch\")]"}
COMMAND: POST /session/8710bc86126986cf02bb1d50a5f31e3a/execute/sync - {"script":"<script> [8489 bytes]","args":[{"element-6066-11e4-a52e-4f735466cecf":"f.4F28C2583BB65896889CB8FD582548C6.d.D051710DE08B1D18447682C953AD1F9F.e.22804","ELEMENT":"f.4F28C2583BB65896889CB8FD582548C6.d.D051710DE08B1D18447682C953AD1F9F.e.22804"}]}
RESULT: {"script":"<script> [8489 bytes]","args":[{"element-6066-11e4-a52e-4f735466cecf":"f.4F28C2583BB65896889CB8FD582548C6.d.D051710DE08B1D18447682C953AD1F9F.e.22804","ELEMENT":"f.4F28C2583BB65896889CB8FD582548C6.d.D051710DE08B1D18447682C953AD1F9F.e.22804"}]}
COMMAND: GET /session/8710bc86126986cf02bb1d50a5f31e3a/element/f.4F28C2583BB65896889CB8FD582548C6.d.D051710DE08B1D18447682C953AD1F9F.e.22804/enabled - {}
COMMAND: GET /session/8710bc86126986cf02bb1d50a5f31e3a/screenshot - {}
RESULT: {}
COMMAND: POST /session/8710bc86126986cf02bb1d50a5f31e3a/element/f.4F28C2583BB65896889CB8FD582548C6.d.D051710DE08B1D18447682C953AD1F9F.e.22804/click - {}
COMMAND: GET /session/8710bc86126986cf02bb1d50a5f31e3a/screenshot - {}
RESULT: {}
RESULT: {}
COMMAND: GET /session/8710bc86126986cf02bb1d50a5f31e3a/screenshot - {}
RESULT: {}
RESULT: {}
COMMAND: POST /session/8710bc86126986cf02bb1d50a5f31e3a/element/f.4F28C2583BB65896889CB8FD582548C6.d.D051710DE08B1D18447682C953AD1F9F.e.22804/clear - {}
RESULT: {}
COMMAND: POST /session/8710bc86126986cf02bb1d50a5f31e3a/element/f.4F28C2583BB65896889CB8FD582548C6.d.D051710DE08B1D18447682C953AD1F9F.e.22804/value - {"text":"10511"}
COMMAND: GET /session/8710bc86126986cf02bb1d50a5f31e3a/screenshot - {}
RESULT: {"text":"10511"}
COMMAND: POST /session/8710bc86126986cf02bb1d50a5f31e3a/actions - {"actions":[{"id":"action89","type":"key","parameters":{},"actions":[{"type":"keyDown","value":""},{"type":"pause","duration":10},{"type":"keyUp","value":""}]}]}
COMMAND: GET /session/8710bc86126986cf02bb1d50a5f31e3a/screenshot - {}
RESULT: {}
RESULT: {"actions":[{"id":"action89","type":"key","parameters":{},"actions":[{"type":"keyDown","value":""},{"type":"pause","duration":10},{"type":"keyUp","value":""}]}]}
COMMAND: GET /session/8710bc86126986cf02bb1d50a5f31e3a/screenshot - {}
RESULT: {}
RESULT: {}
COMMAND: POST /session/8710bc86126986cf02bb1d50a5f31e3a/element - {"using":"xpath","value":"//span[contains(@id ,\"application-billingtransfer-display-component---billingWorkbench--smartTableBillingRuns-header-inner\")]"}
RESULT: {"using":"xpath","value":"//span[contains(@id ,\"application-billingtransfer-display-component---billingWorkbench--smartTableBillingRuns-header-inner\")]"}
COMMAND: POST /session/8710bc86126986cf02bb1d50a5f31e3a/elements - {"using":"xpath","value":"//span[contains(@id ,\"application-billingtransfer-display-component---billingWorkbench--smartTableBillingRuns-header-inner\")]"}
RESULT: {"using":"xpath","value":"//span[contains(@id ,\"application-billingtransfer-display-component---billingWorkbench--smartTableBillingRuns-header-inner\")]"}
COMMAND: POST /session/8710bc86126986cf02bb1d50a5f31e3a/execute/sync - {"script":"<script> [56 bytes]","args":[{"element-6066-11e4-a52e-4f735466cecf":"f.4F28C2583BB65896889CB8FD582548C6.d.D051710DE08B1D18447682C953AD1F9F.e.23122","ELEMENT":"f.4F28C2583BB65896889CB8FD582548C6.d.D051710DE08B1D18447682C953AD1F9F.e.23122"}]}
RESULT: {"script":"<script> [56 bytes]","args":[{"element-6066-11e4-a52e-4f735466cecf":"f.4F28C2583BB65896889CB8FD582548C6.d.D051710DE08B1D18447682C953AD1F9F.e.23122","ELEMENT":"f.4F28C2583BB65896889CB8FD582548C6.d.D051710DE08B1D18447682C953AD1F9F.e.23122"}]}
COMMAND: POST /session/8710bc86126986cf02bb1d50a5f31e3a/element - {"using":"xpath","value":"//td[@aria-colindex=\"1\"]/div/div[contains(@class, \"sapMCbBg\")]"}
COMMAND: GET /session/8710bc86126986cf02bb1d50a5f31e3a/screenshot - {}
RESULT: {"using":"xpath","value":"//td[@aria-colindex=\"1\"]/div/div[contains(@class, \"sapMCbBg\")]"}
COMMAND: POST /session/8710bc86126986cf02bb1d50a5f31e3a/element/f.4F28C2583BB65896889CB8FD582548C6.d.D051710DE08B1D18447682C953AD1F9F.e.23114/click - {}
RESULT: {}
RESULT: {}
COMMAND: GET /session/8710bc86126986cf02bb1d50a5f31e3a/screenshot - {}
RESULT: {}
COMMAND: POST /session/8710bc86126986cf02bb1d50a5f31e3a/element - {"using":"xpath","value":"//bdi[contains(text(), \"Check\")]"}
RESULT: {"using":"xpath","value":"//bdi[contains(text(), \"Check\")]"}
COMMAND: POST /session/8710bc86126986cf02bb1d50a5f31e3a/element/f.4F28C2583BB65896889CB8FD582548C6.d.D051710DE08B1D18447682C953AD1F9F.e.23123/click - {}
RESULT: {}
COMMAND: GET /session/8710bc86126986cf02bb1d50a5f31e3a/screenshot - {}
RESULT: {}
COMMAND: POST /session/8710bc86126986cf02bb1d50a5f31e3a/element - {"using":"xpath","value":"//bdi[contains(text(), \"OK\")]"}
RESULT: {"using":"xpath","value":"//bdi[contains(text(), \"OK\")]"}
COMMAND: POST /session/8710bc86126986cf02bb1d50a5f31e3a/element/f.4F28C2583BB65896889CB8FD582548C6.d.D051710DE08B1D18447682C953AD1F9F.e.23126/click - {}
RESULT: {}
COMMAND: GET /session/8710bc86126986cf02bb1d50a5f31e3a/screenshot - {}
RESULT: {}
COMMAND: POST /session/8710bc86126986cf02bb1d50a5f31e3a/element - {"using":"xpath","value":"(//span[contains(text(), \"CO/SD checked\")]/parent::div/preceding-sibling::div/span)[1]"}
RESULT: {"using":"xpath","value":"(//span[contains(text(), \"CO/SD checked\")]/parent::div/preceding-sibling::div/span)[1]"}
COMMAND: POST /session/8710bc86126986cf02bb1d50a5f31e3a/element/f.4F28C2583BB65896889CB8FD582548C6.d.D051710DE08B1D18447682C953AD1F9F.e.23135/click - {}
RESULT: {}
COMMAND: GET /session/8710bc86126986cf02bb1d50a5f31e3a/screenshot - {}
RESULT: {}
COMMAND: POST /session/8710bc86126986cf02bb1d50a5f31e3a/element - {"using":"xpath","value":"//input[contains(@id ,\"application-billingtransfer-display-component---billingWorkbench--smartFilterBar-btnBasicSearch\")]"}
RESULT: {"using":"xpath","value":"//input[contains(@id ,\"application-billingtransfer-display-component---billingWorkbench--smartFilterBar-btnBasicSearch\")]"}
COMMAND: POST /session/8710bc86126986cf02bb1d50a5f31e3a/elements - {"using":"xpath","value":"//input[contains(@id ,\"application-billingtransfer-display-component---billingWorkbench--smartFilterBar-btnBasicSearch\")]"}
RESULT: {"using":"xpath","value":"//input[contains(@id ,\"application-billingtransfer-display-component---billingWorkbench--smartFilterBar-btnBasicSearch\")]"}
COMMAND: POST /session/8710bc86126986cf02bb1d50a5f31e3a/execute/sync - {"script":"<script> [8489 bytes]","args":[{"element-6066-11e4-a52e-4f735466cecf":"f.4F28C2583BB65896889CB8FD582548C6.d.D051710DE08B1D18447682C953AD1F9F.e.22804","ELEMENT":"f.4F28C2583BB65896889CB8FD582548C6.d.D051710DE08B1D18447682C953AD1F9F.e.22804"}]}
RESULT: {"script":"<script> [8489 bytes]","args":[{"element-6066-11e4-a52e-4f735466cecf":"f.4F28C2583BB65896889CB8FD582548C6.d.D051710DE08B1D18447682C953AD1F9F.e.22804","ELEMENT":"f.4F28C2583BB65896889CB8FD582548C6.d.D051710DE08B1D18447682C953AD1F9F.e.22804"}]}
COMMAND: GET /session/8710bc86126986cf02bb1d50a5f31e3a/element/f.4F28C2583BB65896889CB8FD582548C6.d.D051710DE08B1D18447682C953AD1F9F.e.22804/enabled - {}
COMMAND: GET /session/8710bc86126986cf02bb1d50a5f31e3a/screenshot - {}
RESULT: {}
COMMAND: POST /session/8710bc86126986cf02bb1d50a5f31e3a/element/f.4F28C2583BB65896889CB8FD582548C6.d.D051710DE08B1D18447682C953AD1F9F.e.22804/click - {}
COMMAND: GET /session/8710bc86126986cf02bb1d50a5f31e3a/screenshot - {}
RESULT: {}
RESULT: {}
COMMAND: GET /session/8710bc86126986cf02bb1d50a5f31e3a/screenshot - {}
RESULT: {}
RESULT: {}
COMMAND: POST /session/8710bc86126986cf02bb1d50a5f31e3a/element/f.4F28C2583BB65896889CB8FD582548C6.d.D051710DE08B1D18447682C953AD1F9F.e.22804/clear - {}
RESULT: {}
COMMAND: POST /session/8710bc86126986cf02bb1d50a5f31e3a/element/f.4F28C2583BB65896889CB8FD582548C6.d.D051710DE08B1D18447682C953AD1F9F.e.22804/value - {"text":"10511"}
COMMAND: GET /session/8710bc86126986cf02bb1d50a5f31e3a/screenshot - {}
RESULT: {"text":"10511"}
COMMAND: POST /session/8710bc86126986cf02bb1d50a5f31e3a/actions - {"actions":[{"id":"action90","type":"key","parameters":{},"actions":[{"type":"keyDown","value":""},{"type":"pause","duration":10},{"type":"keyUp","value":""}]}]}
COMMAND: GET /session/8710bc86126986cf02bb1d50a5f31e3a/screenshot - {}
RESULT: {}
RESULT: {"actions":[{"id":"action90","type":"key","parameters":{},"actions":[{"type":"keyDown","value":""},{"type":"pause","duration":10},{"type":"keyUp","value":""}]}]}
COMMAND: GET /session/8710bc86126986cf02bb1d50a5f31e3a/screenshot - {}
RESULT: {}
RESULT: {}
COMMAND: POST /session/8710bc86126986cf02bb1d50a5f31e3a/element - {"using":"xpath","value":"//span[contains(@id ,\"application-billingtransfer-display-component---billingWorkbench--smartTableBillingRuns-header-inner\")]"}
RESULT: {"using":"xpath","value":"//span[contains(@id ,\"application-billingtransfer-display-component---billingWorkbench--smartTableBillingRuns-header-inner\")]"}
COMMAND: POST /session/8710bc86126986cf02bb1d50a5f31e3a/elements - {"using":"xpath","value":"//span[contains(@id ,\"application-billingtransfer-display-component---billingWorkbench--smartTableBillingRuns-header-inner\")]"}
RESULT: {"using":"xpath","value":"//span[contains(@id ,\"application-billingtransfer-display-component---billingWorkbench--smartTableBillingRuns-header-inner\")]"}
COMMAND: POST /session/8710bc86126986cf02bb1d50a5f31e3a/execute/sync - {"script":"<script> [56 bytes]","args":[{"element-6066-11e4-a52e-4f735466cecf":"f.4F28C2583BB65896889CB8FD582548C6.d.D051710DE08B1D18447682C953AD1F9F.e.23122","ELEMENT":"f.4F28C2583BB65896889CB8FD582548C6.d.D051710DE08B1D18447682C953AD1F9F.e.23122"}]}
RESULT: {"script":"<script> [56 bytes]","args":[{"element-6066-11e4-a52e-4f735466cecf":"f.4F28C2583BB65896889CB8FD582548C6.d.D051710DE08B1D18447682C953AD1F9F.e.23122","ELEMENT":"f.4F28C2583BB65896889CB8FD582548C6.d.D051710DE08B1D18447682C953AD1F9F.e.23122"}]}
COMMAND: GET /session/8710bc86126986cf02bb1d50a5f31e3a/screenshot - {}
RESULT: {}
COMMAND: POST /session/8710bc86126986cf02bb1d50a5f31e3a/execute/sync - {"script":"<script> [56 bytes]","args":[{"element-6066-11e4-a52e-4f735466cecf":"f.4F28C2583BB65896889CB8FD582548C6.d.D051710DE08B1D18447682C953AD1F9F.e.23122","ELEMENT":"f.4F28C2583BB65896889CB8FD582548C6.d.D051710DE08B1D18447682C953AD1F9F.e.23122"}]}
RESULT: {"script":"<script> [56 bytes]","args":[{"element-6066-11e4-a52e-4f735466cecf":"f.4F28C2583BB65896889CB8FD582548C6.d.D051710DE08B1D18447682C953AD1F9F.e.23122","ELEMENT":"f.4F28C2583BB65896889CB8FD582548C6.d.D051710DE08B1D18447682C953AD1F9F.e.23122"}]}
COMMAND: GET /session/8710bc86126986cf02bb1d50a5f31e3a/screenshot - {}
RESULT: {}
COMMAND: POST /session/8710bc86126986cf02bb1d50a5f31e3a/execute/sync - {"script":"<script> [56 bytes]","args":[{"element-6066-11e4-a52e-4f735466cecf":"f.4F28C2583BB65896889CB8FD582548C6.d.D051710DE08B1D18447682C953AD1F9F.e.23122","ELEMENT":"f.4F28C2583BB65896889CB8FD582548C6.d.D051710DE08B1D18447682C953AD1F9F.e.23122"}]}
RESULT: {"script":"<script> [56 bytes]","args":[{"element-6066-11e4-a52e-4f735466cecf":"f.4F28C2583BB65896889CB8FD582548C6.d.D051710DE08B1D18447682C953AD1F9F.e.23122","ELEMENT":"f.4F28C2583BB65896889CB8FD582548C6.d.D051710DE08B1D18447682C953AD1F9F.e.23122"}]}
COMMAND: GET /session/8710bc86126986cf02bb1d50a5f31e3a/screenshot - {}
RESULT: {}
COMMAND: POST /session/8710bc86126986cf02bb1d50a5f31e3a/execute/sync - {"script":"<script> [56 bytes]","args":[{"element-6066-11e4-a52e-4f735466cecf":"f.4F28C2583BB65896889CB8FD582548C6.d.D051710DE08B1D18447682C953AD1F9F.e.23122","ELEMENT":"f.4F28C2583BB65896889CB8FD582548C6.d.D051710DE08B1D18447682C953AD1F9F.e.23122"}]}
RESULT: {"script":"<script> [56 bytes]","args":[{"element-6066-11e4-a52e-4f735466cecf":"f.4F28C2583BB65896889CB8FD582548C6.d.D051710DE08B1D18447682C953AD1F9F.e.23122","ELEMENT":"f.4F28C2583BB65896889CB8FD582548C6.d.D051710DE08B1D18447682C953AD1F9F.e.23122"}]}
COMMAND: GET /session/8710bc86126986cf02bb1d50a5f31e3a/screenshot - {}
RESULT: {}
COMMAND: POST /session/8710bc86126986cf02bb1d50a5f31e3a/execute/sync - {"script":"<script> [56 bytes]","args":[{"element-6066-11e4-a52e-4f735466cecf":"f.4F28C2583BB65896889CB8FD582548C6.d.D051710DE08B1D18447682C953AD1F9F.e.23122","ELEMENT":"f.4F28C2583BB65896889CB8FD582548C6.d.D051710DE08B1D18447682C953AD1F9F.e.23122"}]}
RESULT: {"script":"<script> [56 bytes]","args":[{"element-6066-11e4-a52e-4f735466cecf":"f.4F28C2583BB65896889CB8FD582548C6.d.D051710DE08B1D18447682C953AD1F9F.e.23122","ELEMENT":"f.4F28C2583BB65896889CB8FD582548C6.d.D051710DE08B1D18447682C953AD1F9F.e.23122"}]}
COMMAND: GET /session/8710bc86126986cf02bb1d50a5f31e3a/screenshot - {}
RESULT: {}
COMMAND: POST /session/8710bc86126986cf02bb1d50a5f31e3a/execute/sync - {"script":"<script> [56 bytes]","args":[{"element-6066-11e4-a52e-4f735466cecf":"f.4F28C2583BB65896889CB8FD582548C6.d.D051710DE08B1D18447682C953AD1F9F.e.23122","ELEMENT":"f.4F28C2583BB65896889CB8FD582548C6.d.D051710DE08B1D18447682C953AD1F9F.e.23122"}]}
RESULT: {"script":"<script> [56 bytes]","args":[{"element-6066-11e4-a52e-4f735466cecf":"f.4F28C2583BB65896889CB8FD582548C6.d.D051710DE08B1D18447682C953AD1F9F.e.23122","ELEMENT":"f.4F28C2583BB65896889CB8FD582548C6.d.D051710DE08B1D18447682C953AD1F9F.e.23122"}]}
COMMAND: GET /session/8710bc86126986cf02bb1d50a5f31e3a/screenshot - {}
RESULT: {}
COMMAND: POST /session/8710bc86126986cf02bb1d50a5f31e3a/execute/sync - {"script":"<script> [56 bytes]","args":[{"element-6066-11e4-a52e-4f735466cecf":"f.4F28C2583BB65896889CB8FD582548C6.d.D051710DE08B1D18447682C953AD1F9F.e.23122","ELEMENT":"f.4F28C2583BB65896889CB8FD582548C6.d.D051710DE08B1D18447682C953AD1F9F.e.23122"}]}
RESULT: {"script":"<script> [56 bytes]","args":[{"element-6066-11e4-a52e-4f735466cecf":"f.4F28C2583BB65896889CB8FD582548C6.d.D051710DE08B1D18447682C953AD1F9F.e.23122","ELEMENT":"f.4F28C2583BB65896889CB8FD582548C6.d.D051710DE08B1D18447682C953AD1F9F.e.23122"}]}
COMMAND: GET /session/8710bc86126986cf02bb1d50a5f31e3a/screenshot - {}
RESULT: {}
COMMAND: POST /session/8710bc86126986cf02bb1d50a5f31e3a/execute/sync - {"script":"<script> [56 bytes]","args":[{"element-6066-11e4-a52e-4f735466cecf":"f.4F28C2583BB65896889CB8FD582548C6.d.D051710DE08B1D18447682C953AD1F9F.e.23122","ELEMENT":"f.4F28C2583BB65896889CB8FD582548C6.d.D051710DE08B1D18447682C953AD1F9F.e.23122"}]}
RESULT: {"script":"<script> [56 bytes]","args":[{"element-6066-11e4-a52e-4f735466cecf":"f.4F28C2583BB65896889CB8FD582548C6.d.D051710DE08B1D18447682C953AD1F9F.e.23122","ELEMENT":"f.4F28C2583BB65896889CB8FD582548C6.d.D051710DE08B1D18447682C953AD1F9F.e.23122"}]}
COMMAND: GET /session/8710bc86126986cf02bb1d50a5f31e3a/screenshot - {}
RESULT: {}
COMMAND: POST /session/8710bc86126986cf02bb1d50a5f31e3a/execute/sync - {"script":"<script> [56 bytes]","args":[{"element-6066-11e4-a52e-4f735466cecf":"f.4F28C2583BB65896889CB8FD582548C6.d.D051710DE08B1D18447682C953AD1F9F.e.23122","ELEMENT":"f.4F28C2583BB65896889CB8FD582548C6.d.D051710DE08B1D18447682C953AD1F9F.e.23122"}]}
RESULT: {"script":"<script> [56 bytes]","args":[{"element-6066-11e4-a52e-4f735466cecf":"f.4F28C2583BB65896889CB8FD582548C6.d.D051710DE08B1D18447682C953AD1F9F.e.23122","ELEMENT":"f.4F28C2583BB65896889CB8FD582548C6.d.D051710DE08B1D18447682C953AD1F9F.e.23122"}]}
COMMAND: GET /session/8710bc86126986cf02bb1d50a5f31e3a/screenshot - {}
COMMAND: POST /session/8710bc86126986cf02bb1d50a5f31e3a/execute/sync - {"script":"<script> [56 bytes]","args":[{"element-6066-11e4-a52e-4f735466cecf":"f.4F28C2583BB65896889CB8FD582548C6.d.D051710DE08B1D18447682C953AD1F9F.e.23122","ELEMENT":"f.4F28C2583BB65896889CB8FD582548C6.d.D051710DE08B1D18447682C953AD1F9F.e.23122"}]}
RESULT: {}
RESULT: {"script":"<script> [56 bytes]","args":[{"element-6066-11e4-a52e-4f735466cecf":"f.4F28C2583BB65896889CB8FD582548C6.d.D051710DE08B1D18447682C953AD1F9F.e.23122","ELEMENT":"f.4F28C2583BB65896889CB8FD582548C6.d.D051710DE08B1D18447682C953AD1F9F.e.23122"}]}
COMMAND: POST /session/8710bc86126986cf02bb1d50a5f31e3a/element - {"using":"xpath","value":"//td[@aria-colindex=\"1\"]/div/div[contains(@class, \"sapMCbBg\")]"}
COMMAND: GET /session/8710bc86126986cf02bb1d50a5f31e3a/screenshot - {}
RESULT: {"using":"xpath","value":"//td[@aria-colindex=\"1\"]/div/div[contains(@class, \"sapMCbBg\")]"}
COMMAND: POST /session/8710bc86126986cf02bb1d50a5f31e3a/element/f.4F28C2583BB65896889CB8FD582548C6.d.D051710DE08B1D18447682C953AD1F9F.e.23138/click - {}
RESULT: {}
RESULT: {}
COMMAND: GET /session/8710bc86126986cf02bb1d50a5f31e3a/screenshot - {}
RESULT: {}
COMMAND: POST /session/8710bc86126986cf02bb1d50a5f31e3a/element - {"using":"xpath","value":"//bdi[text()=\"Transfer\"]"}
RESULT: {"using":"xpath","value":"//bdi[text()=\"Transfer\"]"}
COMMAND: POST /session/8710bc86126986cf02bb1d50a5f31e3a/element/f.4F28C2583BB65896889CB8FD582548C6.d.D051710DE08B1D18447682C953AD1F9F.e.23139/click - {}
RESULT: {}
COMMAND: GET /session/8710bc86126986cf02bb1d50a5f31e3a/screenshot - {}
RESULT: {}
COMMAND: POST /session/8710bc86126986cf02bb1d50a5f31e3a/element - {"using":"xpath","value":"//bdi[contains(text(), \"OK\")]"}
RESULT: {"using":"xpath","value":"//bdi[contains(text(), \"OK\")]"}
COMMAND: POST /session/8710bc86126986cf02bb1d50a5f31e3a/element/f.4F28C2583BB65896889CB8FD582548C6.d.D051710DE08B1D18447682C953AD1F9F.e.23142/click - {}
RESULT: {}
COMMAND: GET /session/8710bc86126986cf02bb1d50a5f31e3a/screenshot - {}
RESULT: {}
COMMAND: POST /session/8710bc86126986cf02bb1d50a5f31e3a/element - {"using":"xpath","value":"(//span[contains(text(), \"Completed\")]/parent::div/preceding-sibling::div/span)[1]"}
RESULT: {"using":"xpath","value":"(//span[contains(text(), \"Completed\")]/parent::div/preceding-sibling::div/span)[1]"}
COMMAND: POST /session/8710bc86126986cf02bb1d50a5f31e3a/element/f.4F28C2583BB65896889CB8FD582548C6.d.D051710DE08B1D18447682C953AD1F9F.e.23151/click - {}
RESULT: {}
COMMAND: POST /session/8710bc86126986cf02bb1d50a5f31e3a/element - {"using":"xpath","value":"//input[contains(@id ,\"application-billingtransfer-display-component---billingWorkbench--smartFilterBar-btnBasicSearch\")]"}
COMMAND: GET /session/8710bc86126986cf02bb1d50a5f31e3a/screenshot - {}
RESULT: {"using":"xpath","value":"//input[contains(@id ,\"application-billingtransfer-display-component---billingWorkbench--smartFilterBar-btnBasicSearch\")]"}
COMMAND: POST /session/8710bc86126986cf02bb1d50a5f31e3a/elements - {"using":"xpath","value":"//input[contains(@id ,\"application-billingtransfer-display-component---billingWorkbench--smartFilterBar-btnBasicSearch\")]"}
RESULT: {}
RESULT: {"using":"xpath","value":"//input[contains(@id ,\"application-billingtransfer-display-component---billingWorkbench--smartFilterBar-btnBasicSearch\")]"}
COMMAND: POST /session/8710bc86126986cf02bb1d50a5f31e3a/execute/sync - {"script":"<script> [8489 bytes]","args":[{"element-6066-11e4-a52e-4f735466cecf":"f.4F28C2583BB65896889CB8FD582548C6.d.D051710DE08B1D18447682C953AD1F9F.e.22804","ELEMENT":"f.4F28C2583BB65896889CB8FD582548C6.d.D051710DE08B1D18447682C953AD1F9F.e.22804"}]}
RESULT: {"script":"<script> [8489 bytes]","args":[{"element-6066-11e4-a52e-4f735466cecf":"f.4F28C2583BB65896889CB8FD582548C6.d.D051710DE08B1D18447682C953AD1F9F.e.22804","ELEMENT":"f.4F28C2583BB65896889CB8FD582548C6.d.D051710DE08B1D18447682C953AD1F9F.e.22804"}]}
COMMAND: GET /session/8710bc86126986cf02bb1d50a5f31e3a/element/f.4F28C2583BB65896889CB8FD582548C6.d.D051710DE08B1D18447682C953AD1F9F.e.22804/enabled - {}
COMMAND: GET /session/8710bc86126986cf02bb1d50a5f31e3a/screenshot - {}
RESULT: {}
COMMAND: POST /session/8710bc86126986cf02bb1d50a5f31e3a/element/f.4F28C2583BB65896889CB8FD582548C6.d.D051710DE08B1D18447682C953AD1F9F.e.22804/click - {}
COMMAND: GET /session/8710bc86126986cf02bb1d50a5f31e3a/screenshot - {}
RESULT: {}
RESULT: {}
COMMAND: GET /session/8710bc86126986cf02bb1d50a5f31e3a/screenshot - {}
RESULT: {}
RESULT: {}
COMMAND: POST /session/8710bc86126986cf02bb1d50a5f31e3a/element/f.4F28C2583BB65896889CB8FD582548C6.d.D051710DE08B1D18447682C953AD1F9F.e.22804/clear - {}
RESULT: {}
COMMAND: POST /session/8710bc86126986cf02bb1d50a5f31e3a/element/f.4F28C2583BB65896889CB8FD582548C6.d.D051710DE08B1D18447682C953AD1F9F.e.22804/value - {"text":"10511"}
COMMAND: GET /session/8710bc86126986cf02bb1d50a5f31e3a/screenshot - {}
RESULT: {"text":"10511"}
COMMAND: POST /session/8710bc86126986cf02bb1d50a5f31e3a/actions - {"actions":[{"id":"action91","type":"key","parameters":{},"actions":[{"type":"keyDown","value":""},{"type":"pause","duration":10},{"type":"keyUp","value":""}]}]}
COMMAND: GET /session/8710bc86126986cf02bb1d50a5f31e3a/screenshot - {}
RESULT: {}
RESULT: {"actions":[{"id":"action91","type":"key","parameters":{},"actions":[{"type":"keyDown","value":""},{"type":"pause","duration":10},{"type":"keyUp","value":""}]}]}
COMMAND: GET /session/8710bc86126986cf02bb1d50a5f31e3a/screenshot - {}
RESULT: {}
RESULT: {}
COMMAND: POST /session/8710bc86126986cf02bb1d50a5f31e3a/element - {"using":"xpath","value":"//span[contains(@id ,\"application-billingtransfer-display-component---billingWorkbench--smartTableBillingRuns-header-inner\")]"}
RESULT: {"using":"xpath","value":"//span[contains(@id ,\"application-billingtransfer-display-component---billingWorkbench--smartTableBillingRuns-header-inner\")]"}
COMMAND: POST /session/8710bc86126986cf02bb1d50a5f31e3a/elements - {"using":"xpath","value":"//span[contains(@id ,\"application-billingtransfer-display-component---billingWorkbench--smartTableBillingRuns-header-inner\")]"}
RESULT: {"using":"xpath","value":"//span[contains(@id ,\"application-billingtransfer-display-component---billingWorkbench--smartTableBillingRuns-header-inner\")]"}
COMMAND: POST /session/8710bc86126986cf02bb1d50a5f31e3a/execute/sync - {"script":"<script> [56 bytes]","args":[{"element-6066-11e4-a52e-4f735466cecf":"f.4F28C2583BB65896889CB8FD582548C6.d.D051710DE08B1D18447682C953AD1F9F.e.23122","ELEMENT":"f.4F28C2583BB65896889CB8FD582548C6.d.D051710DE08B1D18447682C953AD1F9F.e.23122"}]}
RESULT: {"script":"<script> [56 bytes]","args":[{"element-6066-11e4-a52e-4f735466cecf":"f.4F28C2583BB65896889CB8FD582548C6.d.D051710DE08B1D18447682C953AD1F9F.e.23122","ELEMENT":"f.4F28C2583BB65896889CB8FD582548C6.d.D051710DE08B1D18447682C953AD1F9F.e.23122"}]}
COMMAND: GET /session/8710bc86126986cf02bb1d50a5f31e3a/screenshot - {}
RESULT: {}
COMMAND: POST /session/8710bc86126986cf02bb1d50a5f31e3a/execute/sync - {"script":"<script> [56 bytes]","args":[{"element-6066-11e4-a52e-4f735466cecf":"f.4F28C2583BB65896889CB8FD582548C6.d.D051710DE08B1D18447682C953AD1F9F.e.23122","ELEMENT":"f.4F28C2583BB65896889CB8FD582548C6.d.D051710DE08B1D18447682C953AD1F9F.e.23122"}]}
RESULT: {"script":"<script> [56 bytes]","args":[{"element-6066-11e4-a52e-4f735466cecf":"f.4F28C2583BB65896889CB8FD582548C6.d.D051710DE08B1D18447682C953AD1F9F.e.23122","ELEMENT":"f.4F28C2583BB65896889CB8FD582548C6.d.D051710DE08B1D18447682C953AD1F9F.e.23122"}]}
COMMAND: GET /session/8710bc86126986cf02bb1d50a5f31e3a/screenshot - {}
RESULT: {}
COMMAND: POST /session/8710bc86126986cf02bb1d50a5f31e3a/execute/sync - {"script":"<script> [56 bytes]","args":[{"element-6066-11e4-a52e-4f735466cecf":"f.4F28C2583BB65896889CB8FD582548C6.d.D051710DE08B1D18447682C953AD1F9F.e.23122","ELEMENT":"f.4F28C2583BB65896889CB8FD582548C6.d.D051710DE08B1D18447682C953AD1F9F.e.23122"}]}
RESULT: {"script":"<script> [56 bytes]","args":[{"element-6066-11e4-a52e-4f735466cecf":"f.4F28C2583BB65896889CB8FD582548C6.d.D051710DE08B1D18447682C953AD1F9F.e.23122","ELEMENT":"f.4F28C2583BB65896889CB8FD582548C6.d.D051710DE08B1D18447682C953AD1F9F.e.23122"}]}
COMMAND: GET /session/8710bc86126986cf02bb1d50a5f31e3a/screenshot - {}
RESULT: {}
COMMAND: POST /session/8710bc86126986cf02bb1d50a5f31e3a/execute/sync - {"script":"<script> [56 bytes]","args":[{"element-6066-11e4-a52e-4f735466cecf":"f.4F28C2583BB65896889CB8FD582548C6.d.D051710DE08B1D18447682C953AD1F9F.e.23122","ELEMENT":"f.4F28C2583BB65896889CB8FD582548C6.d.D051710DE08B1D18447682C953AD1F9F.e.23122"}]}
RESULT: {"script":"<script> [56 bytes]","args":[{"element-6066-11e4-a52e-4f735466cecf":"f.4F28C2583BB65896889CB8FD582548C6.d.D051710DE08B1D18447682C953AD1F9F.e.23122","ELEMENT":"f.4F28C2583BB65896889CB8FD582548C6.d.D051710DE08B1D18447682C953AD1F9F.e.23122"}]}
COMMAND: GET /session/8710bc86126986cf02bb1d50a5f31e3a/screenshot - {}
RESULT: {}
COMMAND: POST /session/8710bc86126986cf02bb1d50a5f31e3a/execute/sync - {"script":"<script> [56 bytes]","args":[{"element-6066-11e4-a52e-4f735466cecf":"f.4F28C2583BB65896889CB8FD582548C6.d.D051710DE08B1D18447682C953AD1F9F.e.23122","ELEMENT":"f.4F28C2583BB65896889CB8FD582548C6.d.D051710DE08B1D18447682C953AD1F9F.e.23122"}]}
RESULT: {"script":"<script> [56 bytes]","args":[{"element-6066-11e4-a52e-4f735466cecf":"f.4F28C2583BB65896889CB8FD582548C6.d.D051710DE08B1D18447682C953AD1F9F.e.23122","ELEMENT":"f.4F28C2583BB65896889CB8FD582548C6.d.D051710DE08B1D18447682C953AD1F9F.e.23122"}]}
COMMAND: GET /session/8710bc86126986cf02bb1d50a5f31e3a/screenshot - {}
RESULT: {}
COMMAND: POST /session/8710bc86126986cf02bb1d50a5f31e3a/execute/sync - {"script":"<script> [56 bytes]","args":[{"element-6066-11e4-a52e-4f735466cecf":"f.4F28C2583BB65896889CB8FD582548C6.d.D051710DE08B1D18447682C953AD1F9F.e.23122","ELEMENT":"f.4F28C2583BB65896889CB8FD582548C6.d.D051710DE08B1D18447682C953AD1F9F.e.23122"}]}
RESULT: {"script":"<script> [56 bytes]","args":[{"element-6066-11e4-a52e-4f735466cecf":"f.4F28C2583BB65896889CB8FD582548C6.d.D051710DE08B1D18447682C953AD1F9F.e.23122","ELEMENT":"f.4F28C2583BB65896889CB8FD582548C6.d.D051710DE08B1D18447682C953AD1F9F.e.23122"}]}
COMMAND: GET /session/8710bc86126986cf02bb1d50a5f31e3a/screenshot - {}
RESULT: {}
COMMAND: POST /session/8710bc86126986cf02bb1d50a5f31e3a/execute/sync - {"script":"<script> [56 bytes]","args":[{"element-6066-11e4-a52e-4f735466cecf":"f.4F28C2583BB65896889CB8FD582548C6.d.D051710DE08B1D18447682C953AD1F9F.e.23122","ELEMENT":"f.4F28C2583BB65896889CB8FD582548C6.d.D051710DE08B1D18447682C953AD1F9F.e.23122"}]}
RESULT: {"script":"<script> [56 bytes]","args":[{"element-6066-11e4-a52e-4f735466cecf":"f.4F28C2583BB65896889CB8FD582548C6.d.D051710DE08B1D18447682C953AD1F9F.e.23122","ELEMENT":"f.4F28C2583BB65896889CB8FD582548C6.d.D051710DE08B1D18447682C953AD1F9F.e.23122"}]}
COMMAND: GET /session/8710bc86126986cf02bb1d50a5f31e3a/screenshot - {}
RESULT: {}
COMMAND: POST /session/8710bc86126986cf02bb1d50a5f31e3a/execute/sync - {"script":"<script> [56 bytes]","args":[{"element-6066-11e4-a52e-4f735466cecf":"f.4F28C2583BB65896889CB8FD582548C6.d.D051710DE08B1D18447682C953AD1F9F.e.23122","ELEMENT":"f.4F28C2583BB65896889CB8FD582548C6.d.D051710DE08B1D18447682C953AD1F9F.e.23122"}]}
RESULT: {"script":"<script> [56 bytes]","args":[{"element-6066-11e4-a52e-4f735466cecf":"f.4F28C2583BB65896889CB8FD582548C6.d.D051710DE08B1D18447682C953AD1F9F.e.23122","ELEMENT":"f.4F28C2583BB65896889CB8FD582548C6.d.D051710DE08B1D18447682C953AD1F9F.e.23122"}]}
COMMAND: GET /session/8710bc86126986cf02bb1d50a5f31e3a/screenshot - {}
RESULT: {}
COMMAND: POST /session/8710bc86126986cf02bb1d50a5f31e3a/execute/sync - {"script":"<script> [56 bytes]","args":[{"element-6066-11e4-a52e-4f735466cecf":"f.4F28C2583BB65896889CB8FD582548C6.d.D051710DE08B1D18447682C953AD1F9F.e.23122","ELEMENT":"f.4F28C2583BB65896889CB8FD582548C6.d.D051710DE08B1D18447682C953AD1F9F.e.23122"}]}
RESULT: {"script":"<script> [56 bytes]","args":[{"element-6066-11e4-a52e-4f735466cecf":"f.4F28C2583BB65896889CB8FD582548C6.d.D051710DE08B1D18447682C953AD1F9F.e.23122","ELEMENT":"f.4F28C2583BB65896889CB8FD582548C6.d.D051710DE08B1D18447682C953AD1F9F.e.23122"}]}
COMMAND: GET /session/8710bc86126986cf02bb1d50a5f31e3a/screenshot - {}
RESULT: {}
COMMAND: POST /session/8710bc86126986cf02bb1d50a5f31e3a/execute/sync - {"script":"<script> [56 bytes]","args":[{"element-6066-11e4-a52e-4f735466cecf":"f.4F28C2583BB65896889CB8FD582548C6.d.D051710DE08B1D18447682C953AD1F9F.e.23122","ELEMENT":"f.4F28C2583BB65896889CB8FD582548C6.d.D051710DE08B1D18447682C953AD1F9F.e.23122"}]}
RESULT: {"script":"<script> [56 bytes]","args":[{"element-6066-11e4-a52e-4f735466cecf":"f.4F28C2583BB65896889CB8FD582548C6.d.D051710DE08B1D18447682C953AD1F9F.e.23122","ELEMENT":"f.4F28C2583BB65896889CB8FD582548C6.d.D051710DE08B1D18447682C953AD1F9F.e.23122"}]}
COMMAND: GET /session/8710bc86126986cf02bb1d50a5f31e3a/screenshot - {}
RESULT: {}
COMMAND: POST /session/8710bc86126986cf02bb1d50a5f31e3a/execute/sync - {"script":"<script> [56 bytes]","args":[{"element-6066-11e4-a52e-4f735466cecf":"f.4F28C2583BB65896889CB8FD582548C6.d.D051710DE08B1D18447682C953AD1F9F.e.23122","ELEMENT":"f.4F28C2583BB65896889CB8FD582548C6.d.D051710DE08B1D18447682C953AD1F9F.e.23122"}]}
RESULT: {"script":"<script> [56 bytes]","args":[{"element-6066-11e4-a52e-4f735466cecf":"f.4F28C2583BB65896889CB8FD582548C6.d.D051710DE08B1D18447682C953AD1F9F.e.23122","ELEMENT":"f.4F28C2583BB65896889CB8FD582548C6.d.D051710DE08B1D18447682C953AD1F9F.e.23122"}]}
COMMAND: GET /session/8710bc86126986cf02bb1d50a5f31e3a/screenshot - {}
RESULT: {}
COMMAND: POST /session/8710bc86126986cf02bb1d50a5f31e3a/execute/sync - {"script":"<script> [56 bytes]","args":[{"element-6066-11e4-a52e-4f735466cecf":"f.4F28C2583BB65896889CB8FD582548C6.d.D051710DE08B1D18447682C953AD1F9F.e.23122","ELEMENT":"f.4F28C2583BB65896889CB8FD582548C6.d.D051710DE08B1D18447682C953AD1F9F.e.23122"}]}
RESULT: {"script":"<script> [56 bytes]","args":[{"element-6066-11e4-a52e-4f735466cecf":"f.4F28C2583BB65896889CB8FD582548C6.d.D051710DE08B1D18447682C953AD1F9F.e.23122","ELEMENT":"f.4F28C2583BB65896889CB8FD582548C6.d.D051710DE08B1D18447682C953AD1F9F.e.23122"}]}
COMMAND: GET /session/8710bc86126986cf02bb1d50a5f31e3a/screenshot - {}
RESULT: {}
COMMAND: POST /session/8710bc86126986cf02bb1d50a5f31e3a/execute/sync - {"script":"<script> [56 bytes]","args":[{"element-6066-11e4-a52e-4f735466cecf":"f.4F28C2583BB65896889CB8FD582548C6.d.D051710DE08B1D18447682C953AD1F9F.e.23122","ELEMENT":"f.4F28C2583BB65896889CB8FD582548C6.d.D051710DE08B1D18447682C953AD1F9F.e.23122"}]}
RESULT: {"script":"<script> [56 bytes]","args":[{"element-6066-11e4-a52e-4f735466cecf":"f.4F28C2583BB65896889CB8FD582548C6.d.D051710DE08B1D18447682C953AD1F9F.e.23122","ELEMENT":"f.4F28C2583BB65896889CB8FD582548C6.d.D051710DE08B1D18447682C953AD1F9F.e.23122"}]}
COMMAND: GET /session/8710bc86126986cf02bb1d50a5f31e3a/screenshot - {}
RESULT: {}
COMMAND: POST /session/8710bc86126986cf02bb1d50a5f31e3a/execute/sync - {"script":"<script> [56 bytes]","args":[{"element-6066-11e4-a52e-4f735466cecf":"f.4F28C2583BB65896889CB8FD582548C6.d.D051710DE08B1D18447682C953AD1F9F.e.23122","ELEMENT":"f.4F28C2583BB65896889CB8FD582548C6.d.D051710DE08B1D18447682C953AD1F9F.e.23122"}]}
RESULT: {"script":"<script> [56 bytes]","args":[{"element-6066-11e4-a52e-4f735466cecf":"f.4F28C2583BB65896889CB8FD582548C6.d.D051710DE08B1D18447682C953AD1F9F.e.23122","ELEMENT":"f.4F28C2583BB65896889CB8FD582548C6.d.D051710DE08B1D18447682C953AD1F9F.e.23122"}]}
COMMAND: GET /session/8710bc86126986cf02bb1d50a5f31e3a/screenshot - {}
RESULT: {}
COMMAND: POST /session/8710bc86126986cf02bb1d50a5f31e3a/execute/sync - {"script":"<script> [56 bytes]","args":[{"element-6066-11e4-a52e-4f735466cecf":"f.4F28C2583BB65896889CB8FD582548C6.d.D051710DE08B1D18447682C953AD1F9F.e.23122","ELEMENT":"f.4F28C2583BB65896889CB8FD582548C6.d.D051710DE08B1D18447682C953AD1F9F.e.23122"}]}
RESULT: {"script":"<script> [56 bytes]","args":[{"element-6066-11e4-a52e-4f735466cecf":"f.4F28C2583BB65896889CB8FD582548C6.d.D051710DE08B1D18447682C953AD1F9F.e.23122","ELEMENT":"f.4F28C2583BB65896889CB8FD582548C6.d.D051710DE08B1D18447682C953AD1F9F.e.23122"}]}
COMMAND: GET /session/8710bc86126986cf02bb1d50a5f31e3a/screenshot - {}
RESULT: {}
COMMAND: POST /session/8710bc86126986cf02bb1d50a5f31e3a/execute/sync - {"script":"<script> [56 bytes]","args":[{"element-6066-11e4-a52e-4f735466cecf":"f.4F28C2583BB65896889CB8FD582548C6.d.D051710DE08B1D18447682C953AD1F9F.e.23122","ELEMENT":"f.4F28C2583BB65896889CB8FD582548C6.d.D051710DE08B1D18447682C953AD1F9F.e.23122"}]}
RESULT: {"script":"<script> [56 bytes]","args":[{"element-6066-11e4-a52e-4f735466cecf":"f.4F28C2583BB65896889CB8FD582548C6.d.D051710DE08B1D18447682C953AD1F9F.e.23122","ELEMENT":"f.4F28C2583BB65896889CB8FD582548C6.d.D051710DE08B1D18447682C953AD1F9F.e.23122"}]}
COMMAND: GET /session/8710bc86126986cf02bb1d50a5f31e3a/screenshot - {}
RESULT: {}
COMMAND: POST /session/8710bc86126986cf02bb1d50a5f31e3a/execute/sync - {"script":"<script> [56 bytes]","args":[{"element-6066-11e4-a52e-4f735466cecf":"f.4F28C2583BB65896889CB8FD582548C6.d.D051710DE08B1D18447682C953AD1F9F.e.23122","ELEMENT":"f.4F28C2583BB65896889CB8FD582548C6.d.D051710DE08B1D18447682C953AD1F9F.e.23122"}]}
RESULT: {"script":"<script> [56 bytes]","args":[{"element-6066-11e4-a52e-4f735466cecf":"f.4F28C2583BB65896889CB8FD582548C6.d.D051710DE08B1D18447682C953AD1F9F.e.23122","ELEMENT":"f.4F28C2583BB65896889CB8FD582548C6.d.D051710DE08B1D18447682C953AD1F9F.e.23122"}]}
COMMAND: GET /session/8710bc86126986cf02bb1d50a5f31e3a/screenshot - {}
COMMAND: POST /session/8710bc86126986cf02bb1d50a5f31e3a/execute/sync - {"script":"<script> [56 bytes]","args":[{"element-6066-11e4-a52e-4f735466cecf":"f.4F28C2583BB65896889CB8FD582548C6.d.D051710DE08B1D18447682C953AD1F9F.e.23122","ELEMENT":"f.4F28C2583BB65896889CB8FD582548C6.d.D051710DE08B1D18447682C953AD1F9F.e.23122"}]}
RESULT: {}
RESULT: {"script":"<script> [56 bytes]","args":[{"element-6066-11e4-a52e-4f735466cecf":"f.4F28C2583BB65896889CB8FD582548C6.d.D051710DE08B1D18447682C953AD1F9F.e.23122","ELEMENT":"f.4F28C2583BB65896889CB8FD582548C6.d.D051710DE08B1D18447682C953AD1F9F.e.23122"}]}
COMMAND: POST /session/8710bc86126986cf02bb1d50a5f31e3a/element - {"using":"css selector","value":"#shell-header-logo"}
COMMAND: GET /session/8710bc86126986cf02bb1d50a5f31e3a/screenshot - {}
RESULT: {"using":"css selector","value":"#shell-header-logo"}
COMMAND: POST /session/8710bc86126986cf02bb1d50a5f31e3a/element/f.4F28C2583BB65896889CB8FD582548C6.d.D051710DE08B1D18447682C953AD1F9F.e.22802/click - {}
RESULT: {}
RESULT: {}
COMMAND: GET /session/8710bc86126986cf02bb1d50a5f31e3a/screenshot - {}
RESULT: {}
]]></system-out>
    </testcase>
    <testcase classname="chrome.136_0_7103_93.windows.Billing_Calculation_-_Time_based_(considering_transport_times)_US139738" name="Should do another billing run but in around 25 days from today" time="78.303">
      <system-out><![CDATA[
RESULT: undefined
COMMAND: POST /session/8710bc86126986cf02bb1d50a5f31e3a/element - {"using":"xpath","value":"//*[@id=\"__tile51\"]"}
RESULT: {"using":"xpath","value":"//*[@id=\"__tile51\"]"}
COMMAND: POST /session/8710bc86126986cf02bb1d50a5f31e3a/element/f.4F28C2583BB65896889CB8FD582548C6.d.D051710DE08B1D18447682C953AD1F9F.e.16698/click - {}
RESULT: {}
COMMAND: GET /session/8710bc86126986cf02bb1d50a5f31e3a/screenshot - {}
RESULT: {}
COMMAND: POST /session/8710bc86126986cf02bb1d50a5f31e3a/elements - {"using":"xpath","value":"//span[text()='Error']"}
RESULT: {"using":"xpath","value":"//span[text()='Error']"}
RESULT: undefined
COMMAND: POST /session/8710bc86126986cf02bb1d50a5f31e3a/execute/async - {"script":"<script> [776 bytes]","args":[{"enterText":"10511","selector":{"id":"application-managebillings-display-component---billRunCalcResult--smartFilterBar-btnBasicSearch","interaction":{"idSuffix":"I"}},"clearTextFirst":true,"interactionType":"ENTER_TEXT"}]}
RESULT: {"script":"<script> [776 bytes]","args":[{"enterText":"10511","selector":{"id":"application-managebillings-display-component---billRunCalcResult--smartFilterBar-btnBasicSearch","interaction":{"idSuffix":"I"}},"clearTextFirst":true,"interactionType":"ENTER_TEXT"}]}
COMMAND: POST /session/8710bc86126986cf02bb1d50a5f31e3a/actions - {"actions":[{"id":"action92","type":"key","parameters":{},"actions":[{"type":"keyDown","value":""},{"type":"pause","duration":10},{"type":"keyUp","value":""}]}]}
RESULT: {"actions":[{"id":"action92","type":"key","parameters":{},"actions":[{"type":"keyDown","value":""},{"type":"pause","duration":10},{"type":"keyUp","value":""}]}]}
COMMAND: GET /session/8710bc86126986cf02bb1d50a5f31e3a/screenshot - {}
RESULT: {}
COMMAND: POST /session/8710bc86126986cf02bb1d50a5f31e3a/element - {"using":"xpath","value":"//td[@aria-colindex=\"1\"]/div/div[contains(@class, \"sapMCbBg\")]"}
RESULT: {"using":"xpath","value":"//td[@aria-colindex=\"1\"]/div/div[contains(@class, \"sapMCbBg\")]"}
COMMAND: POST /session/8710bc86126986cf02bb1d50a5f31e3a/element/f.4F28C2583BB65896889CB8FD582548C6.d.D051710DE08B1D18447682C953AD1F9F.e.23366/click - {}
RESULT: {}
COMMAND: GET /session/8710bc86126986cf02bb1d50a5f31e3a/screenshot - {}
RESULT: {}
RESULT: undefined
COMMAND: POST /session/8710bc86126986cf02bb1d50a5f31e3a/execute/async - {"script":"<script> [776 bytes]","args":[{"enterText":"6/16/25","selector":{"id":"application-managebillings-display-component---billRunCalcResult--contractBillRunDate","interaction":{"idSuffix":"inner"}},"clearTextFirst":true,"interactionType":"ENTER_TEXT"}]}
RESULT: {"script":"<script> [776 bytes]","args":[{"enterText":"6/16/25","selector":{"id":"application-managebillings-display-component---billRunCalcResult--contractBillRunDate","interaction":{"idSuffix":"inner"}},"clearTextFirst":true,"interactionType":"ENTER_TEXT"}]}
COMMAND: POST /session/8710bc86126986cf02bb1d50a5f31e3a/element - {"using":"xpath","value":"//bdi[contains(text(), \"Trigger Calculation\")]"}
RESULT: {"using":"xpath","value":"//bdi[contains(text(), \"Trigger Calculation\")]"}
COMMAND: POST /session/8710bc86126986cf02bb1d50a5f31e3a/element/f.4F28C2583BB65896889CB8FD582548C6.d.D051710DE08B1D18447682C953AD1F9F.e.23420/click - {}
RESULT: {}
COMMAND: GET /session/8710bc86126986cf02bb1d50a5f31e3a/screenshot - {}
RESULT: {}
COMMAND: POST /session/8710bc86126986cf02bb1d50a5f31e3a/element - {"using":"xpath","value":"(//span[contains(@id, \"imgNav\")])[1]"}
RESULT: {"using":"xpath","value":"(//span[contains(@id, \"imgNav\")])[1]"}
COMMAND: POST /session/8710bc86126986cf02bb1d50a5f31e3a/element/f.4F28C2583BB65896889CB8FD582548C6.d.D051710DE08B1D18447682C953AD1F9F.e.23367/click - {}
RESULT: {}
COMMAND: GET /session/8710bc86126986cf02bb1d50a5f31e3a/screenshot - {}
RESULT: {}
COMMAND: POST /session/8710bc86126986cf02bb1d50a5f31e3a/element - {"using":"xpath","value":"//tr/td[6]/div[1]/span[1]/span[1]"}
RESULT: {"using":"xpath","value":"//tr/td[6]/div[1]/span[1]/span[1]"}
COMMAND: GET /session/8710bc86126986cf02bb1d50a5f31e3a/element/f.4F28C2583BB65896889CB8FD582548C6.d.D051710DE08B1D18447682C953AD1F9F.e.23425/text - {}
RESULT: {}
COMMAND: POST /session/8710bc86126986cf02bb1d50a5f31e3a/element - {"using":"xpath","value":"(//span[contains(@id, \"imgNav\")])[2]"}
RESULT: {"using":"xpath","value":"(//span[contains(@id, \"imgNav\")])[2]"}
COMMAND: POST /session/8710bc86126986cf02bb1d50a5f31e3a/element/f.4F28C2583BB65896889CB8FD582548C6.d.D051710DE08B1D18447682C953AD1F9F.e.23426/click - {}
RESULT: {}
COMMAND: POST /session/8710bc86126986cf02bb1d50a5f31e3a/element - {"using":"xpath","value":"//bdi[contains(text(), \"Business Confirm\")]"}
COMMAND: GET /session/8710bc86126986cf02bb1d50a5f31e3a/screenshot - {}
RESULT: {"using":"xpath","value":"//bdi[contains(text(), \"Business Confirm\")]"}
COMMAND: POST /session/8710bc86126986cf02bb1d50a5f31e3a/elements - {"using":"xpath","value":"//bdi[contains(text(), \"Business Confirm\")]"}
RESULT: {}
RESULT: {"using":"xpath","value":"//bdi[contains(text(), \"Business Confirm\")]"}
COMMAND: POST /session/8710bc86126986cf02bb1d50a5f31e3a/element - {"using":"xpath","value":"//bdi[contains(text(), \"Business Confirm\")]"}
RESULT: {"using":"xpath","value":"//bdi[contains(text(), \"Business Confirm\")]"}
COMMAND: POST /session/8710bc86126986cf02bb1d50a5f31e3a/element/f.4F28C2583BB65896889CB8FD582548C6.d.D051710DE08B1D18447682C953AD1F9F.e.23429/click - {}
COMMAND: POST /session/8710bc86126986cf02bb1d50a5f31e3a/element - {"using":"xpath","value":"//bdi[contains(text(), \"Business Confirm\")]"}
RESULT: {"using":"xpath","value":"//bdi[contains(text(), \"Business Confirm\")]"}
COMMAND: POST /session/8710bc86126986cf02bb1d50a5f31e3a/element/f.4F28C2583BB65896889CB8FD582548C6.d.D051710DE08B1D18447682C953AD1F9F.e.23429/click - {}
COMMAND: POST /session/8710bc86126986cf02bb1d50a5f31e3a/element - {"using":"xpath","value":"//bdi[contains(text(), \"Business Confirm\")]"}
RESULT: {"using":"xpath","value":"//bdi[contains(text(), \"Business Confirm\")]"}
COMMAND: POST /session/8710bc86126986cf02bb1d50a5f31e3a/element/f.4F28C2583BB65896889CB8FD582548C6.d.D051710DE08B1D18447682C953AD1F9F.e.23479/click - {}
RESULT: {}
COMMAND: POST /session/8710bc86126986cf02bb1d50a5f31e3a/element - {"using":"css selector","value":"#shell-header-logo"}
COMMAND: GET /session/8710bc86126986cf02bb1d50a5f31e3a/screenshot - {}
RESULT: {"using":"css selector","value":"#shell-header-logo"}
COMMAND: POST /session/8710bc86126986cf02bb1d50a5f31e3a/element/f.4F28C2583BB65896889CB8FD582548C6.d.D051710DE08B1D18447682C953AD1F9F.e.23159/click - {}
RESULT: {}
RESULT: {}
COMMAND: GET /session/8710bc86126986cf02bb1d50a5f31e3a/screenshot - {}
RESULT: {}
]]></system-out>
    </testcase>
    <testcase classname="chrome.136_0_7103_93.windows.Billing_Calculation_-_Time_based_(considering_transport_times)_US139738" name="Should transfer the billing all the way to completion" time="99.805">
      <system-out><![CDATA[
RESULT: undefined
COMMAND: POST /session/8710bc86126986cf02bb1d50a5f31e3a/element - {"using":"xpath","value":"//*[@id=\"__tile50\"]"}
RESULT: {"using":"xpath","value":"//*[@id=\"__tile50\"]"}
COMMAND: POST /session/8710bc86126986cf02bb1d50a5f31e3a/element/f.4F28C2583BB65896889CB8FD582548C6.d.D051710DE08B1D18447682C953AD1F9F.e.16696/click - {}
RESULT: {}
COMMAND: GET /session/8710bc86126986cf02bb1d50a5f31e3a/screenshot - {}
RESULT: {}
COMMAND: POST /session/8710bc86126986cf02bb1d50a5f31e3a/elements - {"using":"xpath","value":"//span[text()='Error']"}
RESULT: {"using":"xpath","value":"//span[text()='Error']"}
COMMAND: POST /session/8710bc86126986cf02bb1d50a5f31e3a/element - {"using":"xpath","value":"//input[contains(@id ,\"application-billingtransfer-display-component---billingWorkbench--smartFilterBar-btnBasicSearch\")]"}
RESULT: {"using":"xpath","value":"//input[contains(@id ,\"application-billingtransfer-display-component---billingWorkbench--smartFilterBar-btnBasicSearch\")]"}
COMMAND: POST /session/8710bc86126986cf02bb1d50a5f31e3a/elements - {"using":"xpath","value":"//input[contains(@id ,\"application-billingtransfer-display-component---billingWorkbench--smartFilterBar-btnBasicSearch\")]"}
RESULT: {"using":"xpath","value":"//input[contains(@id ,\"application-billingtransfer-display-component---billingWorkbench--smartFilterBar-btnBasicSearch\")]"}
COMMAND: POST /session/8710bc86126986cf02bb1d50a5f31e3a/execute/sync - {"script":"<script> [8489 bytes]","args":[{"element-6066-11e4-a52e-4f735466cecf":"f.4F28C2583BB65896889CB8FD582548C6.d.D051710DE08B1D18447682C953AD1F9F.e.23505","ELEMENT":"f.4F28C2583BB65896889CB8FD582548C6.d.D051710DE08B1D18447682C953AD1F9F.e.23505"}]}
RESULT: {"script":"<script> [8489 bytes]","args":[{"element-6066-11e4-a52e-4f735466cecf":"f.4F28C2583BB65896889CB8FD582548C6.d.D051710DE08B1D18447682C953AD1F9F.e.23505","ELEMENT":"f.4F28C2583BB65896889CB8FD582548C6.d.D051710DE08B1D18447682C953AD1F9F.e.23505"}]}
COMMAND: GET /session/8710bc86126986cf02bb1d50a5f31e3a/element/f.4F28C2583BB65896889CB8FD582548C6.d.D051710DE08B1D18447682C953AD1F9F.e.23505/enabled - {}
COMMAND: GET /session/8710bc86126986cf02bb1d50a5f31e3a/screenshot - {}
RESULT: {}
COMMAND: POST /session/8710bc86126986cf02bb1d50a5f31e3a/element/f.4F28C2583BB65896889CB8FD582548C6.d.D051710DE08B1D18447682C953AD1F9F.e.23505/click - {}
COMMAND: GET /session/8710bc86126986cf02bb1d50a5f31e3a/screenshot - {}
RESULT: {}
RESULT: {}
COMMAND: GET /session/8710bc86126986cf02bb1d50a5f31e3a/screenshot - {}
RESULT: {}
RESULT: {}
COMMAND: POST /session/8710bc86126986cf02bb1d50a5f31e3a/element/f.4F28C2583BB65896889CB8FD582548C6.d.D051710DE08B1D18447682C953AD1F9F.e.23505/clear - {}
RESULT: {}
COMMAND: POST /session/8710bc86126986cf02bb1d50a5f31e3a/element/f.4F28C2583BB65896889CB8FD582548C6.d.D051710DE08B1D18447682C953AD1F9F.e.23505/value - {"text":"10511"}
COMMAND: GET /session/8710bc86126986cf02bb1d50a5f31e3a/screenshot - {}
RESULT: {"text":"10511"}
COMMAND: POST /session/8710bc86126986cf02bb1d50a5f31e3a/actions - {"actions":[{"id":"action93","type":"key","parameters":{},"actions":[{"type":"keyDown","value":""},{"type":"pause","duration":10},{"type":"keyUp","value":""}]}]}
COMMAND: GET /session/8710bc86126986cf02bb1d50a5f31e3a/screenshot - {}
RESULT: {}
RESULT: {"actions":[{"id":"action93","type":"key","parameters":{},"actions":[{"type":"keyDown","value":""},{"type":"pause","duration":10},{"type":"keyUp","value":""}]}]}
COMMAND: GET /session/8710bc86126986cf02bb1d50a5f31e3a/screenshot - {}
RESULT: {}
RESULT: {}
COMMAND: POST /session/8710bc86126986cf02bb1d50a5f31e3a/element - {"using":"xpath","value":"//span[contains(@id ,\"application-billingtransfer-display-component---billingWorkbench--smartTableBillingRuns-header-inner\")]"}
RESULT: {"using":"xpath","value":"//span[contains(@id ,\"application-billingtransfer-display-component---billingWorkbench--smartTableBillingRuns-header-inner\")]"}
COMMAND: POST /session/8710bc86126986cf02bb1d50a5f31e3a/elements - {"using":"xpath","value":"//span[contains(@id ,\"application-billingtransfer-display-component---billingWorkbench--smartTableBillingRuns-header-inner\")]"}
RESULT: {"using":"xpath","value":"//span[contains(@id ,\"application-billingtransfer-display-component---billingWorkbench--smartTableBillingRuns-header-inner\")]"}
COMMAND: POST /session/8710bc86126986cf02bb1d50a5f31e3a/execute/sync - {"script":"<script> [56 bytes]","args":[{"element-6066-11e4-a52e-4f735466cecf":"f.4F28C2583BB65896889CB8FD582548C6.d.D051710DE08B1D18447682C953AD1F9F.e.23816","ELEMENT":"f.4F28C2583BB65896889CB8FD582548C6.d.D051710DE08B1D18447682C953AD1F9F.e.23816"}]}
RESULT: {"script":"<script> [56 bytes]","args":[{"element-6066-11e4-a52e-4f735466cecf":"f.4F28C2583BB65896889CB8FD582548C6.d.D051710DE08B1D18447682C953AD1F9F.e.23816","ELEMENT":"f.4F28C2583BB65896889CB8FD582548C6.d.D051710DE08B1D18447682C953AD1F9F.e.23816"}]}
COMMAND: POST /session/8710bc86126986cf02bb1d50a5f31e3a/element - {"using":"xpath","value":"//td[@aria-colindex=\"1\"]/div/div[contains(@class, \"sapMCbBg\")]"}
COMMAND: GET /session/8710bc86126986cf02bb1d50a5f31e3a/screenshot - {}
RESULT: {"using":"xpath","value":"//td[@aria-colindex=\"1\"]/div/div[contains(@class, \"sapMCbBg\")]"}
COMMAND: POST /session/8710bc86126986cf02bb1d50a5f31e3a/element/f.4F28C2583BB65896889CB8FD582548C6.d.D051710DE08B1D18447682C953AD1F9F.e.23597/click - {}
RESULT: {}
RESULT: {}
COMMAND: GET /session/8710bc86126986cf02bb1d50a5f31e3a/screenshot - {}
RESULT: {}
COMMAND: POST /session/8710bc86126986cf02bb1d50a5f31e3a/element - {"using":"xpath","value":"//bdi[contains(text(), \"Check\")]"}
RESULT: {"using":"xpath","value":"//bdi[contains(text(), \"Check\")]"}
COMMAND: POST /session/8710bc86126986cf02bb1d50a5f31e3a/element/f.4F28C2583BB65896889CB8FD582548C6.d.D051710DE08B1D18447682C953AD1F9F.e.23817/click - {}
RESULT: {}
COMMAND: GET /session/8710bc86126986cf02bb1d50a5f31e3a/screenshot - {}
RESULT: {}
COMMAND: POST /session/8710bc86126986cf02bb1d50a5f31e3a/element - {"using":"xpath","value":"//bdi[contains(text(), \"OK\")]"}
RESULT: {"using":"xpath","value":"//bdi[contains(text(), \"OK\")]"}
COMMAND: POST /session/8710bc86126986cf02bb1d50a5f31e3a/element/f.4F28C2583BB65896889CB8FD582548C6.d.D051710DE08B1D18447682C953AD1F9F.e.23820/click - {}
RESULT: {}
COMMAND: GET /session/8710bc86126986cf02bb1d50a5f31e3a/screenshot - {}
RESULT: {}
COMMAND: POST /session/8710bc86126986cf02bb1d50a5f31e3a/element - {"using":"xpath","value":"(//span[contains(text(), \"CO/SD checked\")]/parent::div/preceding-sibling::div/span)[1]"}
RESULT: {"using":"xpath","value":"(//span[contains(text(), \"CO/SD checked\")]/parent::div/preceding-sibling::div/span)[1]"}
COMMAND: POST /session/8710bc86126986cf02bb1d50a5f31e3a/element/f.4F28C2583BB65896889CB8FD582548C6.d.D051710DE08B1D18447682C953AD1F9F.e.23829/click - {}
RESULT: {}
COMMAND: GET /session/8710bc86126986cf02bb1d50a5f31e3a/screenshot - {}
RESULT: {}
COMMAND: POST /session/8710bc86126986cf02bb1d50a5f31e3a/element - {"using":"xpath","value":"//input[contains(@id ,\"application-billingtransfer-display-component---billingWorkbench--smartFilterBar-btnBasicSearch\")]"}
RESULT: {"using":"xpath","value":"//input[contains(@id ,\"application-billingtransfer-display-component---billingWorkbench--smartFilterBar-btnBasicSearch\")]"}
COMMAND: POST /session/8710bc86126986cf02bb1d50a5f31e3a/elements - {"using":"xpath","value":"//input[contains(@id ,\"application-billingtransfer-display-component---billingWorkbench--smartFilterBar-btnBasicSearch\")]"}
RESULT: {"using":"xpath","value":"//input[contains(@id ,\"application-billingtransfer-display-component---billingWorkbench--smartFilterBar-btnBasicSearch\")]"}
COMMAND: POST /session/8710bc86126986cf02bb1d50a5f31e3a/execute/sync - {"script":"<script> [8489 bytes]","args":[{"element-6066-11e4-a52e-4f735466cecf":"f.4F28C2583BB65896889CB8FD582548C6.d.D051710DE08B1D18447682C953AD1F9F.e.23505","ELEMENT":"f.4F28C2583BB65896889CB8FD582548C6.d.D051710DE08B1D18447682C953AD1F9F.e.23505"}]}
RESULT: {"script":"<script> [8489 bytes]","args":[{"element-6066-11e4-a52e-4f735466cecf":"f.4F28C2583BB65896889CB8FD582548C6.d.D051710DE08B1D18447682C953AD1F9F.e.23505","ELEMENT":"f.4F28C2583BB65896889CB8FD582548C6.d.D051710DE08B1D18447682C953AD1F9F.e.23505"}]}
COMMAND: GET /session/8710bc86126986cf02bb1d50a5f31e3a/element/f.4F28C2583BB65896889CB8FD582548C6.d.D051710DE08B1D18447682C953AD1F9F.e.23505/enabled - {}
COMMAND: GET /session/8710bc86126986cf02bb1d50a5f31e3a/screenshot - {}
RESULT: {}
COMMAND: POST /session/8710bc86126986cf02bb1d50a5f31e3a/element/f.4F28C2583BB65896889CB8FD582548C6.d.D051710DE08B1D18447682C953AD1F9F.e.23505/click - {}
COMMAND: GET /session/8710bc86126986cf02bb1d50a5f31e3a/screenshot - {}
RESULT: {}
RESULT: {}
COMMAND: GET /session/8710bc86126986cf02bb1d50a5f31e3a/screenshot - {}
RESULT: {}
RESULT: {}
COMMAND: POST /session/8710bc86126986cf02bb1d50a5f31e3a/element/f.4F28C2583BB65896889CB8FD582548C6.d.D051710DE08B1D18447682C953AD1F9F.e.23505/clear - {}
RESULT: {}
COMMAND: POST /session/8710bc86126986cf02bb1d50a5f31e3a/element/f.4F28C2583BB65896889CB8FD582548C6.d.D051710DE08B1D18447682C953AD1F9F.e.23505/value - {"text":"10511"}
COMMAND: GET /session/8710bc86126986cf02bb1d50a5f31e3a/screenshot - {}
RESULT: {"text":"10511"}
COMMAND: POST /session/8710bc86126986cf02bb1d50a5f31e3a/actions - {"actions":[{"id":"action94","type":"key","parameters":{},"actions":[{"type":"keyDown","value":""},{"type":"pause","duration":10},{"type":"keyUp","value":""}]}]}
COMMAND: GET /session/8710bc86126986cf02bb1d50a5f31e3a/screenshot - {}
RESULT: {}
RESULT: {"actions":[{"id":"action94","type":"key","parameters":{},"actions":[{"type":"keyDown","value":""},{"type":"pause","duration":10},{"type":"keyUp","value":""}]}]}
COMMAND: GET /session/8710bc86126986cf02bb1d50a5f31e3a/screenshot - {}
RESULT: {}
RESULT: {}
COMMAND: POST /session/8710bc86126986cf02bb1d50a5f31e3a/element - {"using":"xpath","value":"//span[contains(@id ,\"application-billingtransfer-display-component---billingWorkbench--smartTableBillingRuns-header-inner\")]"}
RESULT: {"using":"xpath","value":"//span[contains(@id ,\"application-billingtransfer-display-component---billingWorkbench--smartTableBillingRuns-header-inner\")]"}
COMMAND: POST /session/8710bc86126986cf02bb1d50a5f31e3a/elements - {"using":"xpath","value":"//span[contains(@id ,\"application-billingtransfer-display-component---billingWorkbench--smartTableBillingRuns-header-inner\")]"}
RESULT: {"using":"xpath","value":"//span[contains(@id ,\"application-billingtransfer-display-component---billingWorkbench--smartTableBillingRuns-header-inner\")]"}
COMMAND: POST /session/8710bc86126986cf02bb1d50a5f31e3a/execute/sync - {"script":"<script> [56 bytes]","args":[{"element-6066-11e4-a52e-4f735466cecf":"f.4F28C2583BB65896889CB8FD582548C6.d.D051710DE08B1D18447682C953AD1F9F.e.23816","ELEMENT":"f.4F28C2583BB65896889CB8FD582548C6.d.D051710DE08B1D18447682C953AD1F9F.e.23816"}]}
RESULT: {"script":"<script> [56 bytes]","args":[{"element-6066-11e4-a52e-4f735466cecf":"f.4F28C2583BB65896889CB8FD582548C6.d.D051710DE08B1D18447682C953AD1F9F.e.23816","ELEMENT":"f.4F28C2583BB65896889CB8FD582548C6.d.D051710DE08B1D18447682C953AD1F9F.e.23816"}]}
COMMAND: GET /session/8710bc86126986cf02bb1d50a5f31e3a/screenshot - {}
RESULT: {}
COMMAND: POST /session/8710bc86126986cf02bb1d50a5f31e3a/execute/sync - {"script":"<script> [56 bytes]","args":[{"element-6066-11e4-a52e-4f735466cecf":"f.4F28C2583BB65896889CB8FD582548C6.d.D051710DE08B1D18447682C953AD1F9F.e.23816","ELEMENT":"f.4F28C2583BB65896889CB8FD582548C6.d.D051710DE08B1D18447682C953AD1F9F.e.23816"}]}
RESULT: {"script":"<script> [56 bytes]","args":[{"element-6066-11e4-a52e-4f735466cecf":"f.4F28C2583BB65896889CB8FD582548C6.d.D051710DE08B1D18447682C953AD1F9F.e.23816","ELEMENT":"f.4F28C2583BB65896889CB8FD582548C6.d.D051710DE08B1D18447682C953AD1F9F.e.23816"}]}
COMMAND: GET /session/8710bc86126986cf02bb1d50a5f31e3a/screenshot - {}
RESULT: {}
COMMAND: POST /session/8710bc86126986cf02bb1d50a5f31e3a/execute/sync - {"script":"<script> [56 bytes]","args":[{"element-6066-11e4-a52e-4f735466cecf":"f.4F28C2583BB65896889CB8FD582548C6.d.D051710DE08B1D18447682C953AD1F9F.e.23816","ELEMENT":"f.4F28C2583BB65896889CB8FD582548C6.d.D051710DE08B1D18447682C953AD1F9F.e.23816"}]}
RESULT: {"script":"<script> [56 bytes]","args":[{"element-6066-11e4-a52e-4f735466cecf":"f.4F28C2583BB65896889CB8FD582548C6.d.D051710DE08B1D18447682C953AD1F9F.e.23816","ELEMENT":"f.4F28C2583BB65896889CB8FD582548C6.d.D051710DE08B1D18447682C953AD1F9F.e.23816"}]}
COMMAND: GET /session/8710bc86126986cf02bb1d50a5f31e3a/screenshot - {}
RESULT: {}
COMMAND: POST /session/8710bc86126986cf02bb1d50a5f31e3a/execute/sync - {"script":"<script> [56 bytes]","args":[{"element-6066-11e4-a52e-4f735466cecf":"f.4F28C2583BB65896889CB8FD582548C6.d.D051710DE08B1D18447682C953AD1F9F.e.23816","ELEMENT":"f.4F28C2583BB65896889CB8FD582548C6.d.D051710DE08B1D18447682C953AD1F9F.e.23816"}]}
RESULT: {"script":"<script> [56 bytes]","args":[{"element-6066-11e4-a52e-4f735466cecf":"f.4F28C2583BB65896889CB8FD582548C6.d.D051710DE08B1D18447682C953AD1F9F.e.23816","ELEMENT":"f.4F28C2583BB65896889CB8FD582548C6.d.D051710DE08B1D18447682C953AD1F9F.e.23816"}]}
COMMAND: GET /session/8710bc86126986cf02bb1d50a5f31e3a/screenshot - {}
RESULT: {}
COMMAND: POST /session/8710bc86126986cf02bb1d50a5f31e3a/execute/sync - {"script":"<script> [56 bytes]","args":[{"element-6066-11e4-a52e-4f735466cecf":"f.4F28C2583BB65896889CB8FD582548C6.d.D051710DE08B1D18447682C953AD1F9F.e.23816","ELEMENT":"f.4F28C2583BB65896889CB8FD582548C6.d.D051710DE08B1D18447682C953AD1F9F.e.23816"}]}
RESULT: {"script":"<script> [56 bytes]","args":[{"element-6066-11e4-a52e-4f735466cecf":"f.4F28C2583BB65896889CB8FD582548C6.d.D051710DE08B1D18447682C953AD1F9F.e.23816","ELEMENT":"f.4F28C2583BB65896889CB8FD582548C6.d.D051710DE08B1D18447682C953AD1F9F.e.23816"}]}
COMMAND: GET /session/8710bc86126986cf02bb1d50a5f31e3a/screenshot - {}
RESULT: {}
COMMAND: POST /session/8710bc86126986cf02bb1d50a5f31e3a/execute/sync - {"script":"<script> [56 bytes]","args":[{"element-6066-11e4-a52e-4f735466cecf":"f.4F28C2583BB65896889CB8FD582548C6.d.D051710DE08B1D18447682C953AD1F9F.e.23816","ELEMENT":"f.4F28C2583BB65896889CB8FD582548C6.d.D051710DE08B1D18447682C953AD1F9F.e.23816"}]}
RESULT: {"script":"<script> [56 bytes]","args":[{"element-6066-11e4-a52e-4f735466cecf":"f.4F28C2583BB65896889CB8FD582548C6.d.D051710DE08B1D18447682C953AD1F9F.e.23816","ELEMENT":"f.4F28C2583BB65896889CB8FD582548C6.d.D051710DE08B1D18447682C953AD1F9F.e.23816"}]}
COMMAND: GET /session/8710bc86126986cf02bb1d50a5f31e3a/screenshot - {}
RESULT: {}
COMMAND: POST /session/8710bc86126986cf02bb1d50a5f31e3a/execute/sync - {"script":"<script> [56 bytes]","args":[{"element-6066-11e4-a52e-4f735466cecf":"f.4F28C2583BB65896889CB8FD582548C6.d.D051710DE08B1D18447682C953AD1F9F.e.23816","ELEMENT":"f.4F28C2583BB65896889CB8FD582548C6.d.D051710DE08B1D18447682C953AD1F9F.e.23816"}]}
RESULT: {"script":"<script> [56 bytes]","args":[{"element-6066-11e4-a52e-4f735466cecf":"f.4F28C2583BB65896889CB8FD582548C6.d.D051710DE08B1D18447682C953AD1F9F.e.23816","ELEMENT":"f.4F28C2583BB65896889CB8FD582548C6.d.D051710DE08B1D18447682C953AD1F9F.e.23816"}]}
COMMAND: GET /session/8710bc86126986cf02bb1d50a5f31e3a/screenshot - {}
RESULT: {}
COMMAND: POST /session/8710bc86126986cf02bb1d50a5f31e3a/execute/sync - {"script":"<script> [56 bytes]","args":[{"element-6066-11e4-a52e-4f735466cecf":"f.4F28C2583BB65896889CB8FD582548C6.d.D051710DE08B1D18447682C953AD1F9F.e.23816","ELEMENT":"f.4F28C2583BB65896889CB8FD582548C6.d.D051710DE08B1D18447682C953AD1F9F.e.23816"}]}
RESULT: {"script":"<script> [56 bytes]","args":[{"element-6066-11e4-a52e-4f735466cecf":"f.4F28C2583BB65896889CB8FD582548C6.d.D051710DE08B1D18447682C953AD1F9F.e.23816","ELEMENT":"f.4F28C2583BB65896889CB8FD582548C6.d.D051710DE08B1D18447682C953AD1F9F.e.23816"}]}
COMMAND: GET /session/8710bc86126986cf02bb1d50a5f31e3a/screenshot - {}
RESULT: {}
COMMAND: POST /session/8710bc86126986cf02bb1d50a5f31e3a/execute/sync - {"script":"<script> [56 bytes]","args":[{"element-6066-11e4-a52e-4f735466cecf":"f.4F28C2583BB65896889CB8FD582548C6.d.D051710DE08B1D18447682C953AD1F9F.e.23816","ELEMENT":"f.4F28C2583BB65896889CB8FD582548C6.d.D051710DE08B1D18447682C953AD1F9F.e.23816"}]}
RESULT: {"script":"<script> [56 bytes]","args":[{"element-6066-11e4-a52e-4f735466cecf":"f.4F28C2583BB65896889CB8FD582548C6.d.D051710DE08B1D18447682C953AD1F9F.e.23816","ELEMENT":"f.4F28C2583BB65896889CB8FD582548C6.d.D051710DE08B1D18447682C953AD1F9F.e.23816"}]}
COMMAND: GET /session/8710bc86126986cf02bb1d50a5f31e3a/screenshot - {}
RESULT: {}
COMMAND: POST /session/8710bc86126986cf02bb1d50a5f31e3a/execute/sync - {"script":"<script> [56 bytes]","args":[{"element-6066-11e4-a52e-4f735466cecf":"f.4F28C2583BB65896889CB8FD582548C6.d.D051710DE08B1D18447682C953AD1F9F.e.23816","ELEMENT":"f.4F28C2583BB65896889CB8FD582548C6.d.D051710DE08B1D18447682C953AD1F9F.e.23816"}]}
RESULT: {"script":"<script> [56 bytes]","args":[{"element-6066-11e4-a52e-4f735466cecf":"f.4F28C2583BB65896889CB8FD582548C6.d.D051710DE08B1D18447682C953AD1F9F.e.23816","ELEMENT":"f.4F28C2583BB65896889CB8FD582548C6.d.D051710DE08B1D18447682C953AD1F9F.e.23816"}]}
COMMAND: GET /session/8710bc86126986cf02bb1d50a5f31e3a/screenshot - {}
RESULT: {}
COMMAND: POST /session/8710bc86126986cf02bb1d50a5f31e3a/execute/sync - {"script":"<script> [56 bytes]","args":[{"element-6066-11e4-a52e-4f735466cecf":"f.4F28C2583BB65896889CB8FD582548C6.d.D051710DE08B1D18447682C953AD1F9F.e.23816","ELEMENT":"f.4F28C2583BB65896889CB8FD582548C6.d.D051710DE08B1D18447682C953AD1F9F.e.23816"}]}
RESULT: {"script":"<script> [56 bytes]","args":[{"element-6066-11e4-a52e-4f735466cecf":"f.4F28C2583BB65896889CB8FD582548C6.d.D051710DE08B1D18447682C953AD1F9F.e.23816","ELEMENT":"f.4F28C2583BB65896889CB8FD582548C6.d.D051710DE08B1D18447682C953AD1F9F.e.23816"}]}
COMMAND: GET /session/8710bc86126986cf02bb1d50a5f31e3a/screenshot - {}
COMMAND: POST /session/8710bc86126986cf02bb1d50a5f31e3a/execute/sync - {"script":"<script> [56 bytes]","args":[{"element-6066-11e4-a52e-4f735466cecf":"f.4F28C2583BB65896889CB8FD582548C6.d.D051710DE08B1D18447682C953AD1F9F.e.23816","ELEMENT":"f.4F28C2583BB65896889CB8FD582548C6.d.D051710DE08B1D18447682C953AD1F9F.e.23816"}]}
RESULT: {}
RESULT: {"script":"<script> [56 bytes]","args":[{"element-6066-11e4-a52e-4f735466cecf":"f.4F28C2583BB65896889CB8FD582548C6.d.D051710DE08B1D18447682C953AD1F9F.e.23816","ELEMENT":"f.4F28C2583BB65896889CB8FD582548C6.d.D051710DE08B1D18447682C953AD1F9F.e.23816"}]}
COMMAND: POST /session/8710bc86126986cf02bb1d50a5f31e3a/element - {"using":"xpath","value":"//td[@aria-colindex=\"1\"]/div/div[contains(@class, \"sapMCbBg\")]"}
COMMAND: GET /session/8710bc86126986cf02bb1d50a5f31e3a/screenshot - {}
RESULT: {"using":"xpath","value":"//td[@aria-colindex=\"1\"]/div/div[contains(@class, \"sapMCbBg\")]"}
COMMAND: POST /session/8710bc86126986cf02bb1d50a5f31e3a/element/f.4F28C2583BB65896889CB8FD582548C6.d.D051710DE08B1D18447682C953AD1F9F.e.23832/click - {}
RESULT: {}
RESULT: {}
COMMAND: GET /session/8710bc86126986cf02bb1d50a5f31e3a/screenshot - {}
RESULT: {}
COMMAND: POST /session/8710bc86126986cf02bb1d50a5f31e3a/element - {"using":"xpath","value":"//bdi[text()=\"Transfer\"]"}
RESULT: {"using":"xpath","value":"//bdi[text()=\"Transfer\"]"}
COMMAND: POST /session/8710bc86126986cf02bb1d50a5f31e3a/element/f.4F28C2583BB65896889CB8FD582548C6.d.D051710DE08B1D18447682C953AD1F9F.e.23833/click - {}
RESULT: {}
COMMAND: GET /session/8710bc86126986cf02bb1d50a5f31e3a/screenshot - {}
RESULT: {}
COMMAND: POST /session/8710bc86126986cf02bb1d50a5f31e3a/element - {"using":"xpath","value":"//bdi[contains(text(), \"OK\")]"}
RESULT: {"using":"xpath","value":"//bdi[contains(text(), \"OK\")]"}
COMMAND: POST /session/8710bc86126986cf02bb1d50a5f31e3a/element/f.4F28C2583BB65896889CB8FD582548C6.d.D051710DE08B1D18447682C953AD1F9F.e.23836/click - {}
RESULT: {}
COMMAND: GET /session/8710bc86126986cf02bb1d50a5f31e3a/screenshot - {}
RESULT: {}
COMMAND: POST /session/8710bc86126986cf02bb1d50a5f31e3a/element - {"using":"xpath","value":"(//span[contains(text(), \"Completed\")]/parent::div/preceding-sibling::div/span)[1]"}
RESULT: {"using":"xpath","value":"(//span[contains(text(), \"Completed\")]/parent::div/preceding-sibling::div/span)[1]"}
COMMAND: POST /session/8710bc86126986cf02bb1d50a5f31e3a/element/f.4F28C2583BB65896889CB8FD582548C6.d.D051710DE08B1D18447682C953AD1F9F.e.23845/click - {}
RESULT: {}
COMMAND: POST /session/8710bc86126986cf02bb1d50a5f31e3a/element - {"using":"xpath","value":"//input[contains(@id ,\"application-billingtransfer-display-component---billingWorkbench--smartFilterBar-btnBasicSearch\")]"}
COMMAND: GET /session/8710bc86126986cf02bb1d50a5f31e3a/screenshot - {}
RESULT: {"using":"xpath","value":"//input[contains(@id ,\"application-billingtransfer-display-component---billingWorkbench--smartFilterBar-btnBasicSearch\")]"}
COMMAND: POST /session/8710bc86126986cf02bb1d50a5f31e3a/elements - {"using":"xpath","value":"//input[contains(@id ,\"application-billingtransfer-display-component---billingWorkbench--smartFilterBar-btnBasicSearch\")]"}
RESULT: {}
RESULT: {"using":"xpath","value":"//input[contains(@id ,\"application-billingtransfer-display-component---billingWorkbench--smartFilterBar-btnBasicSearch\")]"}
COMMAND: POST /session/8710bc86126986cf02bb1d50a5f31e3a/execute/sync - {"script":"<script> [8489 bytes]","args":[{"element-6066-11e4-a52e-4f735466cecf":"f.4F28C2583BB65896889CB8FD582548C6.d.D051710DE08B1D18447682C953AD1F9F.e.23505","ELEMENT":"f.4F28C2583BB65896889CB8FD582548C6.d.D051710DE08B1D18447682C953AD1F9F.e.23505"}]}
RESULT: {"script":"<script> [8489 bytes]","args":[{"element-6066-11e4-a52e-4f735466cecf":"f.4F28C2583BB65896889CB8FD582548C6.d.D051710DE08B1D18447682C953AD1F9F.e.23505","ELEMENT":"f.4F28C2583BB65896889CB8FD582548C6.d.D051710DE08B1D18447682C953AD1F9F.e.23505"}]}
COMMAND: GET /session/8710bc86126986cf02bb1d50a5f31e3a/element/f.4F28C2583BB65896889CB8FD582548C6.d.D051710DE08B1D18447682C953AD1F9F.e.23505/enabled - {}
COMMAND: GET /session/8710bc86126986cf02bb1d50a5f31e3a/screenshot - {}
RESULT: {}
COMMAND: POST /session/8710bc86126986cf02bb1d50a5f31e3a/element/f.4F28C2583BB65896889CB8FD582548C6.d.D051710DE08B1D18447682C953AD1F9F.e.23505/click - {}
COMMAND: GET /session/8710bc86126986cf02bb1d50a5f31e3a/screenshot - {}
RESULT: {}
RESULT: {}
COMMAND: GET /session/8710bc86126986cf02bb1d50a5f31e3a/screenshot - {}
RESULT: {}
RESULT: {}
COMMAND: POST /session/8710bc86126986cf02bb1d50a5f31e3a/element/f.4F28C2583BB65896889CB8FD582548C6.d.D051710DE08B1D18447682C953AD1F9F.e.23505/clear - {}
RESULT: {}
COMMAND: POST /session/8710bc86126986cf02bb1d50a5f31e3a/element/f.4F28C2583BB65896889CB8FD582548C6.d.D051710DE08B1D18447682C953AD1F9F.e.23505/value - {"text":"10511"}
COMMAND: GET /session/8710bc86126986cf02bb1d50a5f31e3a/screenshot - {}
RESULT: {"text":"10511"}
COMMAND: POST /session/8710bc86126986cf02bb1d50a5f31e3a/actions - {"actions":[{"id":"action95","type":"key","parameters":{},"actions":[{"type":"keyDown","value":""},{"type":"pause","duration":10},{"type":"keyUp","value":""}]}]}
COMMAND: GET /session/8710bc86126986cf02bb1d50a5f31e3a/screenshot - {}
RESULT: {}
RESULT: {"actions":[{"id":"action95","type":"key","parameters":{},"actions":[{"type":"keyDown","value":""},{"type":"pause","duration":10},{"type":"keyUp","value":""}]}]}
COMMAND: GET /session/8710bc86126986cf02bb1d50a5f31e3a/screenshot - {}
RESULT: {}
RESULT: {}
COMMAND: POST /session/8710bc86126986cf02bb1d50a5f31e3a/element - {"using":"xpath","value":"//span[contains(@id ,\"application-billingtransfer-display-component---billingWorkbench--smartTableBillingRuns-header-inner\")]"}
RESULT: {"using":"xpath","value":"//span[contains(@id ,\"application-billingtransfer-display-component---billingWorkbench--smartTableBillingRuns-header-inner\")]"}
COMMAND: POST /session/8710bc86126986cf02bb1d50a5f31e3a/elements - {"using":"xpath","value":"//span[contains(@id ,\"application-billingtransfer-display-component---billingWorkbench--smartTableBillingRuns-header-inner\")]"}
RESULT: {"using":"xpath","value":"//span[contains(@id ,\"application-billingtransfer-display-component---billingWorkbench--smartTableBillingRuns-header-inner\")]"}
COMMAND: POST /session/8710bc86126986cf02bb1d50a5f31e3a/execute/sync - {"script":"<script> [56 bytes]","args":[{"element-6066-11e4-a52e-4f735466cecf":"f.4F28C2583BB65896889CB8FD582548C6.d.D051710DE08B1D18447682C953AD1F9F.e.23816","ELEMENT":"f.4F28C2583BB65896889CB8FD582548C6.d.D051710DE08B1D18447682C953AD1F9F.e.23816"}]}
RESULT: {"script":"<script> [56 bytes]","args":[{"element-6066-11e4-a52e-4f735466cecf":"f.4F28C2583BB65896889CB8FD582548C6.d.D051710DE08B1D18447682C953AD1F9F.e.23816","ELEMENT":"f.4F28C2583BB65896889CB8FD582548C6.d.D051710DE08B1D18447682C953AD1F9F.e.23816"}]}
COMMAND: POST /session/8710bc86126986cf02bb1d50a5f31e3a/element - {"using":"css selector","value":"#shell-header-logo"}
COMMAND: GET /session/8710bc86126986cf02bb1d50a5f31e3a/screenshot - {}
RESULT: {"using":"css selector","value":"#shell-header-logo"}
COMMAND: POST /session/8710bc86126986cf02bb1d50a5f31e3a/element/f.4F28C2583BB65896889CB8FD582548C6.d.D051710DE08B1D18447682C953AD1F9F.e.23503/click - {}
RESULT: {}
RESULT: {}
COMMAND: GET /session/8710bc86126986cf02bb1d50a5f31e3a/screenshot - {}
RESULT: {}
]]></system-out>
    </testcase>
    <testcase classname="chrome.136_0_7103_93.windows.Billing_Calculation_-_Time_based_(considering_transport_times)_US139738" name="Should navigate to the contract item check the billed until field value" time="54.438">
      <system-out><![CDATA[
RESULT: undefined
COMMAND: POST /session/8710bc86126986cf02bb1d50a5f31e3a/element - {"using":"xpath","value":"//*[@id=\"__tile130\"]"}
RESULT: {"using":"xpath","value":"//*[@id=\"__tile130\"]"}
COMMAND: POST /session/8710bc86126986cf02bb1d50a5f31e3a/element/f.4F28C2583BB65896889CB8FD582548C6.d.D051710DE08B1D18447682C953AD1F9F.e.16671/click - {}
RESULT: {}
COMMAND: GET /session/8710bc86126986cf02bb1d50a5f31e3a/screenshot - {}
RESULT: {}
COMMAND: POST /session/8710bc86126986cf02bb1d50a5f31e3a/elements - {"using":"xpath","value":"//span[text()='Error']"}
RESULT: {"using":"xpath","value":"//span[text()='Error']"}
COMMAND: POST /session/8710bc86126986cf02bb1d50a5f31e3a/element - {"using":"xpath","value":"//button[@data-kt=\"addButton\"]"}
RESULT: {"using":"xpath","value":"//button[@data-kt=\"addButton\"]"}
COMMAND: POST /session/8710bc86126986cf02bb1d50a5f31e3a/elements - {"using":"xpath","value":"//button[@data-kt=\"addButton\"]"}
RESULT: {"using":"xpath","value":"//button[@data-kt=\"addButton\"]"}
COMMAND: POST /session/8710bc86126986cf02bb1d50a5f31e3a/execute/sync - {"script":"<script> [8489 bytes]","args":[{"element-6066-11e4-a52e-4f735466cecf":"f.4F28C2583BB65896889CB8FD582548C6.d.D051710DE08B1D18447682C953AD1F9F.e.23890","ELEMENT":"f.4F28C2583BB65896889CB8FD582548C6.d.D051710DE08B1D18447682C953AD1F9F.e.23890"}]}
RESULT: {"script":"<script> [8489 bytes]","args":[{"element-6066-11e4-a52e-4f735466cecf":"f.4F28C2583BB65896889CB8FD582548C6.d.D051710DE08B1D18447682C953AD1F9F.e.23890","ELEMENT":"f.4F28C2583BB65896889CB8FD582548C6.d.D051710DE08B1D18447682C953AD1F9F.e.23890"}]}
COMMAND: GET /session/8710bc86126986cf02bb1d50a5f31e3a/element/f.4F28C2583BB65896889CB8FD582548C6.d.D051710DE08B1D18447682C953AD1F9F.e.23890/enabled - {}
COMMAND: GET /session/8710bc86126986cf02bb1d50a5f31e3a/screenshot - {}
RESULT: {}
COMMAND: POST /session/8710bc86126986cf02bb1d50a5f31e3a/execute/sync - {"script":"<script> [8489 bytes]","args":[{"element-6066-11e4-a52e-4f735466cecf":"f.4F28C2583BB65896889CB8FD582548C6.d.D051710DE08B1D18447682C953AD1F9F.e.23890","ELEMENT":"f.4F28C2583BB65896889CB8FD582548C6.d.D051710DE08B1D18447682C953AD1F9F.e.23890"}]}
COMMAND: GET /session/8710bc86126986cf02bb1d50a5f31e3a/screenshot - {}
RESULT: {}
RESULT: {"script":"<script> [8489 bytes]","args":[{"element-6066-11e4-a52e-4f735466cecf":"f.4F28C2583BB65896889CB8FD582548C6.d.D051710DE08B1D18447682C953AD1F9F.e.23890","ELEMENT":"f.4F28C2583BB65896889CB8FD582548C6.d.D051710DE08B1D18447682C953AD1F9F.e.23890"}]}
COMMAND: POST /session/8710bc86126986cf02bb1d50a5f31e3a/execute/sync - {"script":"<script> [5351 bytes]","args":[{"element-6066-11e4-a52e-4f735466cecf":"f.4F28C2583BB65896889CB8FD582548C6.d.D051710DE08B1D18447682C953AD1F9F.e.23890","ELEMENT":"f.4F28C2583BB65896889CB8FD582548C6.d.D051710DE08B1D18447682C953AD1F9F.e.23890"}]}
COMMAND: GET /session/8710bc86126986cf02bb1d50a5f31e3a/screenshot - {}
RESULT: {}
RESULT: {"script":"<script> [5351 bytes]","args":[{"element-6066-11e4-a52e-4f735466cecf":"f.4F28C2583BB65896889CB8FD582548C6.d.D051710DE08B1D18447682C953AD1F9F.e.23890","ELEMENT":"f.4F28C2583BB65896889CB8FD582548C6.d.D051710DE08B1D18447682C953AD1F9F.e.23890"}]}
COMMAND: POST /session/8710bc86126986cf02bb1d50a5f31e3a/element - {"using":"xpath","value":"//input[contains(@id ,\"smartContractFilterBar-btnBasicSearch-I\")]"}
COMMAND: GET /session/8710bc86126986cf02bb1d50a5f31e3a/screenshot - {}
RESULT: {}
RESULT: {"using":"xpath","value":"//input[contains(@id ,\"smartContractFilterBar-btnBasicSearch-I\")]"}
COMMAND: POST /session/8710bc86126986cf02bb1d50a5f31e3a/elements - {"using":"xpath","value":"//input[contains(@id ,\"smartContractFilterBar-btnBasicSearch-I\")]"}
RESULT: {}
RESULT: {"using":"xpath","value":"//input[contains(@id ,\"smartContractFilterBar-btnBasicSearch-I\")]"}
COMMAND: POST /session/8710bc86126986cf02bb1d50a5f31e3a/execute/sync - {"script":"<script> [8489 bytes]","args":[{"element-6066-11e4-a52e-4f735466cecf":"f.4F28C2583BB65896889CB8FD582548C6.d.D051710DE08B1D18447682C953AD1F9F.e.23866","ELEMENT":"f.4F28C2583BB65896889CB8FD582548C6.d.D051710DE08B1D18447682C953AD1F9F.e.23866"}]}
RESULT: {"script":"<script> [8489 bytes]","args":[{"element-6066-11e4-a52e-4f735466cecf":"f.4F28C2583BB65896889CB8FD582548C6.d.D051710DE08B1D18447682C953AD1F9F.e.23866","ELEMENT":"f.4F28C2583BB65896889CB8FD582548C6.d.D051710DE08B1D18447682C953AD1F9F.e.23866"}]}
COMMAND: GET /session/8710bc86126986cf02bb1d50a5f31e3a/element/f.4F28C2583BB65896889CB8FD582548C6.d.D051710DE08B1D18447682C953AD1F9F.e.23866/enabled - {}
COMMAND: GET /session/8710bc86126986cf02bb1d50a5f31e3a/screenshot - {}
RESULT: {}
COMMAND: POST /session/8710bc86126986cf02bb1d50a5f31e3a/element/f.4F28C2583BB65896889CB8FD582548C6.d.D051710DE08B1D18447682C953AD1F9F.e.23866/clear - {}
COMMAND: GET /session/8710bc86126986cf02bb1d50a5f31e3a/screenshot - {}
RESULT: {}
RESULT: {}
COMMAND: POST /session/8710bc86126986cf02bb1d50a5f31e3a/element/f.4F28C2583BB65896889CB8FD582548C6.d.D051710DE08B1D18447682C953AD1F9F.e.23866/value - {"text":"10511"}
COMMAND: GET /session/8710bc86126986cf02bb1d50a5f31e3a/screenshot - {}
RESULT: {}
RESULT: {"text":"10511"}
COMMAND: GET /session/8710bc86126986cf02bb1d50a5f31e3a/screenshot - {}
RESULT: {}
RESULT: {}
COMMAND: POST /session/8710bc86126986cf02bb1d50a5f31e3a/actions - {"actions":[{"id":"action96","type":"key","parameters":{},"actions":[{"type":"keyDown","value":""},{"type":"pause","duration":10},{"type":"keyUp","value":""}]}]}
RESULT: {"actions":[{"id":"action96","type":"key","parameters":{},"actions":[{"type":"keyDown","value":""},{"type":"pause","duration":10},{"type":"keyUp","value":""}]}]}
COMMAND: GET /session/8710bc86126986cf02bb1d50a5f31e3a/screenshot - {}
RESULT: {}
COMMAND: POST /session/8710bc86126986cf02bb1d50a5f31e3a/element - {"using":"xpath","value":"//span[contains(@id, \"masterListContractsSmartTable-header-inner\")]"}
RESULT: {"using":"xpath","value":"//span[contains(@id, \"masterListContractsSmartTable-header-inner\")]"}
COMMAND: POST /session/8710bc86126986cf02bb1d50a5f31e3a/elements - {"using":"xpath","value":"//span[contains(@id, \"masterListContractsSmartTable-header-inner\")]"}
RESULT: {"using":"xpath","value":"//span[contains(@id, \"masterListContractsSmartTable-header-inner\")]"}
COMMAND: POST /session/8710bc86126986cf02bb1d50a5f31e3a/execute/sync - {"script":"<script> [56 bytes]","args":[{"element-6066-11e4-a52e-4f735466cecf":"f.4F28C2583BB65896889CB8FD582548C6.d.D051710DE08B1D18447682C953AD1F9F.e.23970","ELEMENT":"f.4F28C2583BB65896889CB8FD582548C6.d.D051710DE08B1D18447682C953AD1F9F.e.23970"}]}
RESULT: {"script":"<script> [56 bytes]","args":[{"element-6066-11e4-a52e-4f735466cecf":"f.4F28C2583BB65896889CB8FD582548C6.d.D051710DE08B1D18447682C953AD1F9F.e.23970","ELEMENT":"f.4F28C2583BB65896889CB8FD582548C6.d.D051710DE08B1D18447682C953AD1F9F.e.23970"}]}
COMMAND: POST /session/8710bc86126986cf02bb1d50a5f31e3a/element - {"using":"xpath","value":"(//span[contains(@id, \"imgNav\")])[1]"}
COMMAND: GET /session/8710bc86126986cf02bb1d50a5f31e3a/screenshot - {}
RESULT: {"using":"xpath","value":"(//span[contains(@id, \"imgNav\")])[1]"}
COMMAND: POST /session/8710bc86126986cf02bb1d50a5f31e3a/element/f.4F28C2583BB65896889CB8FD582548C6.d.D051710DE08B1D18447682C953AD1F9F.e.23968/click - {}
RESULT: {}
RESULT: {}
COMMAND: GET /session/8710bc86126986cf02bb1d50a5f31e3a/screenshot - {}
RESULT: {}
COMMAND: POST /session/8710bc86126986cf02bb1d50a5f31e3a/element - {"using":"xpath","value":"//tr[@data-kt=\"productsColumnListItem\"]//td//span[contains(@id, \"imgNav\")][1]"}
RESULT: {"using":"xpath","value":"//tr[@data-kt=\"productsColumnListItem\"]//td//span[contains(@id, \"imgNav\")][1]"}
COMMAND: POST /session/8710bc86126986cf02bb1d50a5f31e3a/element/f.4F28C2583BB65896889CB8FD582548C6.d.D051710DE08B1D18447682C953AD1F9F.e.24143/click - {}
RESULT: {}
COMMAND: GET /session/8710bc86126986cf02bb1d50a5f31e3a/screenshot - {}
RESULT: {}
COMMAND: POST /session/8710bc86126986cf02bb1d50a5f31e3a/element - {"using":"xpath","value":"//section[contains(@id, \"application-managecontracts-display-component---BillingItem--ObjectPageLayout-OPHeaderContent\")]/div/div/div/div/div[2]/div/div[2]/span"}
RESULT: {"using":"xpath","value":"//section[contains(@id, \"application-managecontracts-display-component---BillingItem--ObjectPageLayout-OPHeaderContent\")]/div/div/div/div/div[2]/div/div[2]/span"}
COMMAND: POST /session/8710bc86126986cf02bb1d50a5f31e3a/execute/sync - {"script":"<script> [56 bytes]","args":[{"element-6066-11e4-a52e-4f735466cecf":"f.4F28C2583BB65896889CB8FD582548C6.d.D051710DE08B1D18447682C953AD1F9F.e.24287","ELEMENT":"f.4F28C2583BB65896889CB8FD582548C6.d.D051710DE08B1D18447682C953AD1F9F.e.24287"}]}
RESULT: {"script":"<script> [56 bytes]","args":[{"element-6066-11e4-a52e-4f735466cecf":"f.4F28C2583BB65896889CB8FD582548C6.d.D051710DE08B1D18447682C953AD1F9F.e.24287","ELEMENT":"f.4F28C2583BB65896889CB8FD582548C6.d.D051710DE08B1D18447682C953AD1F9F.e.24287"}]}
COMMAND: POST /session/8710bc86126986cf02bb1d50a5f31e3a/element - {"using":"xpath","value":"//table[contains(@id, \"application-managecontracts-display-component---BillingItem--billingList-listUl\")]//td//*[contains(text(), \"final billed\")]"}
COMMAND: GET /session/8710bc86126986cf02bb1d50a5f31e3a/screenshot - {}
RESULT: {"using":"xpath","value":"//table[contains(@id, \"application-managecontracts-display-component---BillingItem--billingList-listUl\")]//td//*[contains(text(), \"final billed\")]"}
COMMAND: POST /session/8710bc86126986cf02bb1d50a5f31e3a/execute/sync - {"script":"<script> [56 bytes]","args":[{"element-6066-11e4-a52e-4f735466cecf":"f.4F28C2583BB65896889CB8FD582548C6.d.D051710DE08B1D18447682C953AD1F9F.e.24288","ELEMENT":"f.4F28C2583BB65896889CB8FD582548C6.d.D051710DE08B1D18447682C953AD1F9F.e.24288"}]}
RESULT: {}
RESULT: {"script":"<script> [56 bytes]","args":[{"element-6066-11e4-a52e-4f735466cecf":"f.4F28C2583BB65896889CB8FD582548C6.d.D051710DE08B1D18447682C953AD1F9F.e.24288","ELEMENT":"f.4F28C2583BB65896889CB8FD582548C6.d.D051710DE08B1D18447682C953AD1F9F.e.24288"}]}
COMMAND: POST /session/8710bc86126986cf02bb1d50a5f31e3a/element - {"using":"css selector","value":"#shell-header-logo"}
COMMAND: GET /session/8710bc86126986cf02bb1d50a5f31e3a/screenshot - {}
RESULT: {"using":"css selector","value":"#shell-header-logo"}
COMMAND: POST /session/8710bc86126986cf02bb1d50a5f31e3a/element/f.4F28C2583BB65896889CB8FD582548C6.d.D051710DE08B1D18447682C953AD1F9F.e.23857/click - {}
RESULT: {}
RESULT: {}
COMMAND: GET /session/8710bc86126986cf02bb1d50a5f31e3a/screenshot - {}
RESULT: {}
COMMAND: DELETE /session/8710bc86126986cf02bb1d50a5f31e3a - {}
RESULT: {}
]]></system-out>
    </testcase>
  </testsuite>
</testsuites>