<?xml version="1.0" encoding="UTF-8"?>
<testsuites tests="18" failures="0" errors="0" skipped="0">
  <testsuite timestamp="2025-04-30T15:21:41" time="46.218" tests="2" failures="0" errors="0" skipped="0">
    <properties>
      <property name="specId" value="0" />
      <property name="suiteName" value="Assign the user test user id to an address" />
      <property name="capabilities" value="chrome.135_0_7049_96.windows" />
      <property name="file" value="file:///D:/a/1/s/test/specs/R2C/assign-user-id-to-an-address.spec.js" />
    </properties>
    <testcase classname="chrome.135_0_7049_96.windows.Assign_the_user_test_user_id_to_an_address" name="Should search for test1ETM create only if not present" time="10.8">
      <system-out><![CDATA[
COMMAND: POST /session/d26a4c962c30a62404c7ee6425a84c84/execute/async - {"script":"<script> [1562 bytes]","args":[{"selector":{"id":"application-addressmanagement-display-component---masterAdm--smartFilterBar-filterItemControl_BASIC-NAME-vhi"},"wdio_ui5_key":"applicationaddressmanagement-display-component---masterAdm--smartFilterBar-filterItemControl_BASIC-NAME-vhi"}]}
RESULT: {"script":"<script> [1562 bytes]","args":[{"selector":{"id":"application-addressmanagement-display-component---masterAdm--smartFilterBar-filterItemControl_BASIC-NAME-vhi"},"wdio_ui5_key":"applicationaddressmanagement-display-component---masterAdm--smartFilterBar-filterItemControl_BASIC-NAME-vhi"}]}
RESULT: undefined
COMMAND: POST /session/d26a4c962c30a62404c7ee6425a84c84/element - {"using":"xpath","value":"//*[@id=\"application-addressmanagement-display-component---masterAdm--smartFilterBar-filterItemControl_BASIC-NAME-vhi\"]"}
RESULT: {"using":"xpath","value":"//*[@id=\"application-addressmanagement-display-component---masterAdm--smartFilterBar-filterItemControl_BASIC-NAME-vhi\"]"}
COMMAND: POST /session/d26a4c962c30a62404c7ee6425a84c84/element/f.CB35230D0BEACCAB597F868E996E95B6.d.21EA195FE3B8C48633E59FDE6AE4CEF1.e.294/click - {}
RESULT: {}
COMMAND: POST /session/d26a4c962c30a62404c7ee6425a84c84/execute/async - {"script":"<script> [1562 bytes]","args":[{"selector":{"controlType":"sap.m.Input","viewName":"etm.portal.ui.addressmanagement.view.Master","viewId":"application-addressmanagement-display-component---masterAdm","properties":{"valueState":"None"},"searchOpenDialogs":true,"interaction":{"idSuffix":"inner"}},"wdio_ui5_key":"etmportal.ui.addressmanagement.view.Mastersap.m.Input{\"valueState\":\"None\"}"}]}
COMMAND: GET /session/d26a4c962c30a62404c7ee6425a84c84/screenshot - {}
RESULT: {"script":"<script> [1562 bytes]","args":[{"selector":{"controlType":"sap.m.Input","viewName":"etm.portal.ui.addressmanagement.view.Master","viewId":"application-addressmanagement-display-component---masterAdm","properties":{"valueState":"None"},"searchOpenDialogs":true,"interaction":{"idSuffix":"inner"}},"wdio_ui5_key":"etmportal.ui.addressmanagement.view.Mastersap.m.Input{\"valueState\":\"None\"}"}]}
RESULT: undefined
COMMAND: POST /session/d26a4c962c30a62404c7ee6425a84c84/execute/async - {"script":"<script> [776 bytes]","args":[{"enterText":"Test1ETM","selector":{"controlType":"sap.m.Input","viewName":"etm.portal.ui.addressmanagement.view.Master","viewId":"application-addressmanagement-display-component---masterAdm","properties":{"valueState":"None"},"searchOpenDialogs":true,"interaction":{"idSuffix":"inner"}},"clearTextFirst":true,"interactionType":"ENTER_TEXT"}]}
RESULT: {}
RESULT: {"script":"<script> [776 bytes]","args":[{"enterText":"Test1ETM","selector":{"controlType":"sap.m.Input","viewName":"etm.portal.ui.addressmanagement.view.Master","viewId":"application-addressmanagement-display-component---masterAdm","properties":{"valueState":"None"},"searchOpenDialogs":true,"interaction":{"idSuffix":"inner"}},"clearTextFirst":true,"interactionType":"ENTER_TEXT"}]}
COMMAND: POST /session/d26a4c962c30a62404c7ee6425a84c84/actions - {"actions":[{"id":"action1","type":"key","parameters":{},"actions":[{"type":"keyDown","value":"î€‡"},{"type":"pause","duration":10},{"type":"keyUp","value":"î€‡"}]}]}
RESULT: {"actions":[{"id":"action1","type":"key","parameters":{},"actions":[{"type":"keyDown","value":"î€‡"},{"type":"pause","duration":10},{"type":"keyUp","value":"î€‡"}]}]}
COMMAND: POST /session/d26a4c962c30a62404c7ee6425a84c84/execute/async - {"script":"<script> [1562 bytes]","args":[{"selector":{"id":"application-addressmanagement-display-component---masterAdm--smartFilterBar-filterItemControl_BASIC-NAME-valueHelpDialog-ok","searchOpenDialogs":true,"interaction":{"idSuffix":"BDI-content"}},"wdio_ui5_key":"applicationaddressmanagement-display-component---masterAdm--smartFilterBar-filterItemControl_BASIC-NAME-valueHelpDialog-ok"}]}
COMMAND: GET /session/d26a4c962c30a62404c7ee6425a84c84/screenshot - {}
RESULT: {"script":"<script> [1562 bytes]","args":[{"selector":{"id":"application-addressmanagement-display-component---masterAdm--smartFilterBar-filterItemControl_BASIC-NAME-valueHelpDialog-ok","searchOpenDialogs":true,"interaction":{"idSuffix":"BDI-content"}},"wdio_ui5_key":"applicationaddressmanagement-display-component---masterAdm--smartFilterBar-filterItemControl_BASIC-NAME-valueHelpDialog-ok"}]}
RESULT: undefined
COMMAND: POST /session/d26a4c962c30a62404c7ee6425a84c84/element - {"using":"xpath","value":"//*[@id=\"application-addressmanagement-display-component---masterAdm--smartFilterBar-filterItemControl_BASIC-NAME-valueHelpDialog-ok\"]"}
RESULT: {}
RESULT: {"using":"xpath","value":"//*[@id=\"application-addressmanagement-display-component---masterAdm--smartFilterBar-filterItemControl_BASIC-NAME-valueHelpDialog-ok\"]"}
COMMAND: POST /session/d26a4c962c30a62404c7ee6425a84c84/element/f.CB35230D0BEACCAB597F868E996E95B6.d.21EA195FE3B8C48633E59FDE6AE4CEF1.e.303/click - {}
RESULT: {}
COMMAND: GET /session/d26a4c962c30a62404c7ee6425a84c84/screenshot - {}
RESULT: {}
COMMAND: POST /session/d26a4c962c30a62404c7ee6425a84c84/element - {"using":"xpath","value":"(//span[text()=\"Active\"])[1]"}
RESULT: {"using":"xpath","value":"(//span[text()=\"Active\"])[1]"}
COMMAND: POST /session/d26a4c962c30a62404c7ee6425a84c84/elements - {"using":"xpath","value":"(//span[text()=\"Active\"])[1]"}
RESULT: {"using":"xpath","value":"(//span[text()=\"Active\"])[1]"}
COMMAND: POST /session/d26a4c962c30a62404c7ee6425a84c84/execute/sync - {"script":"<script> [8489 bytes]","args":[{"element-6066-11e4-a52e-4f735466cecf":"f.CB35230D0BEACCAB597F868E996E95B6.d.21EA195FE3B8C48633E59FDE6AE4CEF1.e.317","ELEMENT":"f.CB35230D0BEACCAB597F868E996E95B6.d.21EA195FE3B8C48633E59FDE6AE4CEF1.e.317"}]}
RESULT: {"script":"<script> [8489 bytes]","args":[{"element-6066-11e4-a52e-4f735466cecf":"f.CB35230D0BEACCAB597F868E996E95B6.d.21EA195FE3B8C48633E59FDE6AE4CEF1.e.317","ELEMENT":"f.CB35230D0BEACCAB597F868E996E95B6.d.21EA195FE3B8C48633E59FDE6AE4CEF1.e.317"}]}
COMMAND: POST /session/d26a4c962c30a62404c7ee6425a84c84/execute/sync - {"script":"<script> [5351 bytes]","args":[{"element-6066-11e4-a52e-4f735466cecf":"f.CB35230D0BEACCAB597F868E996E95B6.d.21EA195FE3B8C48633E59FDE6AE4CEF1.e.317","ELEMENT":"f.CB35230D0BEACCAB597F868E996E95B6.d.21EA195FE3B8C48633E59FDE6AE4CEF1.e.317"}]}
COMMAND: GET /session/d26a4c962c30a62404c7ee6425a84c84/screenshot - {}
RESULT: {"script":"<script> [5351 bytes]","args":[{"element-6066-11e4-a52e-4f735466cecf":"f.CB35230D0BEACCAB597F868E996E95B6.d.21EA195FE3B8C48633E59FDE6AE4CEF1.e.317","ELEMENT":"f.CB35230D0BEACCAB597F868E996E95B6.d.21EA195FE3B8C48633E59FDE6AE4CEF1.e.317"}]}
COMMAND: POST /session/d26a4c962c30a62404c7ee6425a84c84/element/f.CB35230D0BEACCAB597F868E996E95B6.d.21EA195FE3B8C48633E59FDE6AE4CEF1.e.317/click - {}
COMMAND: GET /session/d26a4c962c30a62404c7ee6425a84c84/screenshot - {}
RESULT: {}
RESULT: {}
COMMAND: POST /session/d26a4c962c30a62404c7ee6425a84c84/element - {"using":"xpath","value":"//span[@id=\"application-addressmanagement-display-component---detailAdm--addressDetailDetailsName1\"]"}
COMMAND: GET /session/d26a4c962c30a62404c7ee6425a84c84/screenshot - {}
RESULT: {}
RESULT: {"using":"xpath","value":"//span[@id=\"application-addressmanagement-display-component---detailAdm--addressDetailDetailsName1\"]"}
COMMAND: POST /session/d26a4c962c30a62404c7ee6425a84c84/execute/sync - {"script":"<script> [8489 bytes]","args":[{"element-6066-11e4-a52e-4f735466cecf":"f.CB35230D0BEACCAB597F868E996E95B6.d.21EA195FE3B8C48633E59FDE6AE4CEF1.e.388","ELEMENT":"f.CB35230D0BEACCAB597F868E996E95B6.d.21EA195FE3B8C48633E59FDE6AE4CEF1.e.388"}]}
RESULT: {}
RESULT: {"script":"<script> [8489 bytes]","args":[{"element-6066-11e4-a52e-4f735466cecf":"f.CB35230D0BEACCAB597F868E996E95B6.d.21EA195FE3B8C48633E59FDE6AE4CEF1.e.388","ELEMENT":"f.CB35230D0BEACCAB597F868E996E95B6.d.21EA195FE3B8C48633E59FDE6AE4CEF1.e.388"}]}
]]></system-out>
    </testcase>
    <testcase classname="chrome.135_0_7049_96.windows.Assign_the_user_test_user_id_to_an_address" name="Should edit the title of the created found address" time="10.22">
      <system-out><![CDATA[
COMMAND: POST /session/d26a4c962c30a62404c7ee6425a84c84/execute/async - {"script":"<script> [1562 bytes]","args":[{"selector":{"controlType":"sap.m.Button","viewName":"etm.portal.ui.addressmanagement.view.Detail","viewId":"application-addressmanagement-display-component---detailAdm","i18NText":{"propertyName":"text","key":"edit"}},"wdio_ui5_key":"etmportal.ui.addressmanagement.view.Detailsap.m.Button{\"propertyName\":\"text\",\"key\":\"edit\"}"}]}
COMMAND: GET /session/d26a4c962c30a62404c7ee6425a84c84/screenshot - {}
RESULT: {"script":"<script> [1562 bytes]","args":[{"selector":{"controlType":"sap.m.Button","viewName":"etm.portal.ui.addressmanagement.view.Detail","viewId":"application-addressmanagement-display-component---detailAdm","i18NText":{"propertyName":"text","key":"edit"}},"wdio_ui5_key":"etmportal.ui.addressmanagement.view.Detailsap.m.Button{\"propertyName\":\"text\",\"key\":\"edit\"}"}]}
RESULT: undefined
COMMAND: POST /session/d26a4c962c30a62404c7ee6425a84c84/element - {"using":"xpath","value":"//*[@id=\"__button16\"]"}
RESULT: {}
RESULT: {"using":"xpath","value":"//*[@id=\"__button16\"]"}
COMMAND: POST /session/d26a4c962c30a62404c7ee6425a84c84/element/f.CB35230D0BEACCAB597F868E996E95B6.d.21EA195FE3B8C48633E59FDE6AE4CEF1.e.396/click - {}
RESULT: {}
COMMAND: POST /session/d26a4c962c30a62404c7ee6425a84c84/execute/async - {"script":"<script> [1562 bytes]","args":[{"selector":{"controlType":"sap.ui.core.Icon","viewName":"etm.portal.ui.addressmanagement.view.EditDetail","properties":{"src":{"regex":{"source":"slim\\-arrow\\-down"}}},"ancestor":{"id":"addressTitle","viewName":"etm.portal.ui.addressmanagement.view.EditDetail"}},"wdio_ui5_key":"etmportal.ui.addressmanagement.view.EditDetailsap.ui.core.Icon{\"src\":{\"regex\":{\"source\":\"slim\\\\-arrow\\\\-down\"}}}{\"id\":\"addressTitle\",\"viewName\":\"etm.portal.ui.addressmanagement.view.EditDetail\"}"}]}
COMMAND: GET /session/d26a4c962c30a62404c7ee6425a84c84/screenshot - {}
RESULT: {"script":"<script> [1562 bytes]","args":[{"selector":{"controlType":"sap.ui.core.Icon","viewName":"etm.portal.ui.addressmanagement.view.EditDetail","properties":{"src":{"regex":{"source":"slim\\-arrow\\-down"}}},"ancestor":{"id":"addressTitle","viewName":"etm.portal.ui.addressmanagement.view.EditDetail"}},"wdio_ui5_key":"etmportal.ui.addressmanagement.view.EditDetailsap.ui.core.Icon{\"src\":{\"regex\":{\"source\":\"slim\\\\-arrow\\\\-down\"}}}{\"id\":\"addressTitle\",\"viewName\":\"etm.portal.ui.addressmanagement.view.EditDetail\"}"}]}
RESULT: undefined
COMMAND: POST /session/d26a4c962c30a62404c7ee6425a84c84/element - {"using":"xpath","value":"//*[@id=\"__xmlview58--addressTitle-arrow\"]"}
RESULT: {}
RESULT: {"using":"xpath","value":"//*[@id=\"__xmlview58--addressTitle-arrow\"]"}
COMMAND: POST /session/d26a4c962c30a62404c7ee6425a84c84/element/f.CB35230D0BEACCAB597F868E996E95B6.d.21EA195FE3B8C48633E59FDE6AE4CEF1.e.434/click - {}
RESULT: {}
COMMAND: POST /session/d26a4c962c30a62404c7ee6425a84c84/execute/async - {"script":"<script> [1562 bytes]","args":[{"selector":{"controlType":"sap.m.StandardListItem","viewName":"etm.portal.ui.addressmanagement.view.EditDetail","properties":{"title":"Dr."},"searchOpenDialogs":true},"wdio_ui5_key":"etmportal.ui.addressmanagement.view.EditDetailsap.m.StandardListItem{\"title\":\"Dr.\"}"}]}
COMMAND: GET /session/d26a4c962c30a62404c7ee6425a84c84/screenshot - {}
RESULT: {"script":"<script> [1562 bytes]","args":[{"selector":{"controlType":"sap.m.StandardListItem","viewName":"etm.portal.ui.addressmanagement.view.EditDetail","properties":{"title":"Dr."},"searchOpenDialogs":true},"wdio_ui5_key":"etmportal.ui.addressmanagement.view.EditDetailsap.m.StandardListItem{\"title\":\"Dr.\"}"}]}
RESULT: undefined
COMMAND: POST /session/d26a4c962c30a62404c7ee6425a84c84/element - {"using":"xpath","value":"//*[@id=\"__item225\"]"}
RESULT: {}
RESULT: {"using":"xpath","value":"//*[@id=\"__item225\"]"}
COMMAND: POST /session/d26a4c962c30a62404c7ee6425a84c84/element/f.CB35230D0BEACCAB597F868E996E95B6.d.21EA195FE3B8C48633E59FDE6AE4CEF1.e.435/click - {}
RESULT: {}
COMMAND: POST /session/d26a4c962c30a62404c7ee6425a84c84/execute/async - {"script":"<script> [1562 bytes]","args":[{"selector":{"controlType":"sap.m.Button","viewName":"etm.portal.ui.addressmanagement.view.EditDetail","i18NText":{"propertyName":"text","key":"save"}},"wdio_ui5_key":"etmportal.ui.addressmanagement.view.EditDetailsap.m.Button{\"propertyName\":\"text\",\"key\":\"save\"}"}]}
COMMAND: GET /session/d26a4c962c30a62404c7ee6425a84c84/screenshot - {}
RESULT: {"script":"<script> [1562 bytes]","args":[{"selector":{"controlType":"sap.m.Button","viewName":"etm.portal.ui.addressmanagement.view.EditDetail","i18NText":{"propertyName":"text","key":"save"}},"wdio_ui5_key":"etmportal.ui.addressmanagement.view.EditDetailsap.m.Button{\"propertyName\":\"text\",\"key\":\"save\"}"}]}
RESULT: undefined
COMMAND: POST /session/d26a4c962c30a62404c7ee6425a84c84/element - {"using":"xpath","value":"//*[@id=\"__button39\"]"}
RESULT: {}
RESULT: {"using":"xpath","value":"//*[@id=\"__button39\"]"}
COMMAND: POST /session/d26a4c962c30a62404c7ee6425a84c84/element/f.CB35230D0BEACCAB597F868E996E95B6.d.21EA195FE3B8C48633E59FDE6AE4CEF1.e.436/click - {}
RESULT: {}
COMMAND: GET /session/d26a4c962c30a62404c7ee6425a84c84/screenshot - {}
RESULT: {}
COMMAND: POST /session/d26a4c962c30a62404c7ee6425a84c84/element - {"using":"xpath","value":"//span[@id=\"application-addressmanagement-display-component---detailAdm--addressTitle\"]"}
RESULT: {"using":"xpath","value":"//span[@id=\"application-addressmanagement-display-component---detailAdm--addressTitle\"]"}
COMMAND: GET /session/d26a4c962c30a62404c7ee6425a84c84/element/f.CB35230D0BEACCAB597F868E996E95B6.d.21EA195FE3B8C48633E59FDE6AE4CEF1.e.445/text - {}
RESULT: {}
COMMAND: POST /session/d26a4c962c30a62404c7ee6425a84c84/element - {"using":"xpath","value":"//span[@id=\"application-addressmanagement-display-component---detailAdm--addressDetailDetailsName1\"]"}
RESULT: {"using":"xpath","value":"//span[@id=\"application-addressmanagement-display-component---detailAdm--addressDetailDetailsName1\"]"}
COMMAND: GET /session/d26a4c962c30a62404c7ee6425a84c84/element/f.CB35230D0BEACCAB597F868E996E95B6.d.21EA195FE3B8C48633E59FDE6AE4CEF1.e.388/text - {}
RESULT: {}
COMMAND: POST /session/d26a4c962c30a62404c7ee6425a84c84/refresh - {}
RESULT: {}
COMMAND: GET /session/d26a4c962c30a62404c7ee6425a84c84/screenshot - {}
RESULT: {}
COMMAND: POST /session/d26a4c962c30a62404c7ee6425a84c84/refresh - {}
RESULT: {}
COMMAND: GET /session/d26a4c962c30a62404c7ee6425a84c84/screenshot - {}
RESULT: {}
COMMAND: POST /session/d26a4c962c30a62404c7ee6425a84c84/window/fullscreen - {}
RESULT: {}
COMMAND: POST /session/d26a4c962c30a62404c7ee6425a84c84/execute/async - {"script":"<script> [189 bytes]","args":[]}
RESULT: {"script":"<script> [189 bytes]","args":[]}
COMMAND: POST /session/d26a4c962c30a62404c7ee6425a84c84/execute/async - {"script":"<script> [123 bytes]","args":[]}
RESULT: {"script":"<script> [123 bytes]","args":[]}
COMMAND: POST /session/d26a4c962c30a62404c7ee6425a84c84/timeouts - {"script":"<number>"}
RESULT: {"script":"<number>"}
COMMAND: GET /session/d26a4c962c30a62404c7ee6425a84c84/timeouts - {}
RESULT: {}
RESULT: undefined
COMMAND: POST /session/d26a4c962c30a62404c7ee6425a84c84/execute/async - {"script":"<script> [2676 bytes]","args":[]}
RESULT: {"script":"<script> [2676 bytes]","args":[]}
COMMAND: POST /session/d26a4c962c30a62404c7ee6425a84c84/execute/async - {"script":"<script> [2342 bytes]","args":[{"protocol":"http","hostname":"0.0.0.0","path":"/","capabilities":{"browserName":"chrome","goog:chromeOptions":{"binary":"C:\\Program Files\\Google\\Chrome\\Application\\chrome.exe","args":["--start-maximized"]}},"logLevel":"warn","connectionRetryTimeout":120000,"connectionRetryCount":3,"logLevels":{},"enableDirectConnect":true,"strictSSL":true,"_":"65 more keys: [\"cacheDir\",\"port\",\"requestedCapabilities\",\"automationProtocol\",\"baseUrl\",\"waitforInterval\",\"waitforTimeout\",\"onReload\",\"beforeCommand\",\"afterCommand\",\"rootDir\",\"specs\",\"suites\",\"exclude\",\"groupLogsByTestSpec\",\"excludeDriverLogs\",\"bail\",\"framework\",\"reporters\",\"services\",\"maxInstances\",\"maxInstancesPerCapability\",\"injectGlobals\",\"filesToWatch\",\"execArgv\",\"runnerEnv\",\"runner\",\"shard\",\"specFileRetries\",\"specFileRetriesDelay\",\"specFileRetriesDeferred\",\"reporterSyncInterval\",\"reporterSyncTimeout\",\"cucumberFeaturesWithLineNumbers\",\"autoCompileOpts\",\"mochaOpts\",\"jasmineOpts\",\"cucumberOpts\",\"onPrepare\",\"onWorkerStart\",\"onWorkerEnd\",\"before\",\"beforeSession\",\"beforeSuite\",\"beforeHook\",\"beforeTest\",\"afterTest\",\"afterHook\",\"afterSuite\",\"afterSession\",\"after\",\"onComplete\",\"beforeAssertion\",\"afterAssertion\",\"beforeFeature\",\"beforeScenario\",\"beforeStep\",\"afterStep\",\"afterScenario\",\"afterFeature\",\"_\",\"suite\",\"$0\",\"ignoredWorkerServices\",\"wdi5\"]"}]}
RESULT: {"script":"<script> [2342 bytes]","args":[{"protocol":"http","hostname":"0.0.0.0","path":"/","capabilities":{"browserName":"chrome","goog:chromeOptions":{"binary":"C:\\Program Files\\Google\\Chrome\\Application\\chrome.exe","args":["--start-maximized"]}},"logLevel":"warn","connectionRetryTimeout":120000,"connectionRetryCount":3,"logLevels":{},"enableDirectConnect":true,"strictSSL":true,"_":"65 more keys: [\"cacheDir\",\"port\",\"requestedCapabilities\",\"automationProtocol\",\"baseUrl\",\"waitforInterval\",\"waitforTimeout\",\"onReload\",\"beforeCommand\",\"afterCommand\",\"rootDir\",\"specs\",\"suites\",\"exclude\",\"groupLogsByTestSpec\",\"excludeDriverLogs\",\"bail\",\"framework\",\"reporters\",\"services\",\"maxInstances\",\"maxInstancesPerCapability\",\"injectGlobals\",\"filesToWatch\",\"execArgv\",\"runnerEnv\",\"runner\",\"shard\",\"specFileRetries\",\"specFileRetriesDelay\",\"specFileRetriesDeferred\",\"reporterSyncInterval\",\"reporterSyncTimeout\",\"cucumberFeaturesWithLineNumbers\",\"autoCompileOpts\",\"mochaOpts\",\"jasmineOpts\",\"cucumberOpts\",\"onPrepare\",\"onWorkerStart\",\"onWorkerEnd\",\"before\",\"beforeSession\",\"beforeSuite\",\"beforeHook\",\"beforeTest\",\"afterTest\",\"afterHook\",\"afterSuite\",\"afterSession\",\"after\",\"onComplete\",\"beforeAssertion\",\"afterAssertion\",\"beforeFeature\",\"beforeScenario\",\"beforeStep\",\"afterStep\",\"afterScenario\",\"afterFeature\",\"_\",\"suite\",\"$0\",\"ignoredWorkerServices\",\"wdi5\"]"}]}
COMMAND: POST /session/d26a4c962c30a62404c7ee6425a84c84/execute/async - {"script":"<script> [21126 bytes]","args":[35000]}
RESULT: {"script":"<script> [21126 bytes]","args":[35000]}
COMMAND: POST /session/d26a4c962c30a62404c7ee6425a84c84/element - {"using":"css selector","value":"#shell-header-logo"}
RESULT: {"using":"css selector","value":"#shell-header-logo"}
COMMAND: POST /session/d26a4c962c30a62404c7ee6425a84c84/element/f.CB35230D0BEACCAB597F868E996E95B6.d.F4742A9B7CE052785928A18CFC086CF6.e.783/click - {}
RESULT: {}
COMMAND: GET /session/d26a4c962c30a62404c7ee6425a84c84/screenshot - {}
RESULT: {}
COMMAND: POST /session/d26a4c962c30a62404c7ee6425a84c84/execute/async - {"script":"<script> [1562 bytes]","args":[{"selector":{"controlType":"sap.m.GenericTile","properties":{"header":"Manage Yards"}},"wdio_ui5_key":"sapm.GenericTile{\"header\":\"Manage Yards\"}"}]}
RESULT: {"script":"<script> [1562 bytes]","args":[{"selector":{"controlType":"sap.m.GenericTile","properties":{"header":"Manage Yards"}},"wdio_ui5_key":"sapm.GenericTile{\"header\":\"Manage Yards\"}"}]}
RESULT: undefined
COMMAND: POST /session/d26a4c962c30a62404c7ee6425a84c84/element - {"using":"xpath","value":"//*[@id=\"__tile52\"]"}
RESULT: {"using":"xpath","value":"//*[@id=\"__tile52\"]"}
COMMAND: POST /session/d26a4c962c30a62404c7ee6425a84c84/element/f.CB35230D0BEACCAB597F868E996E95B6.d.F4742A9B7CE052785928A18CFC086CF6.e.1041/click - {}
RESULT: {}
]]></system-out>
    </testcase>
  </testsuite>
  <testsuite timestamp="2025-04-30T15:22:27" time="227.131" tests="2" failures="0" errors="0" skipped="0">
    <properties>
      <property name="specId" value="0" />
      <property name="suiteName" value="Create 2 Yards US112496" />
      <property name="capabilities" value="chrome.135_0_7049_96.windows" />
      <property name="file" value="file:///D:/a/1/s/test/specs/R2C/create-yard.spec.js" />
    </properties>
    <testcase classname="chrome.135_0_7049_96.windows.Create_2_Yards_US112496" name="Should create a new simple yard" time="111.253">
      <system-out><![CDATA[
COMMAND: GET /session/d26a4c962c30a62404c7ee6425a84c84/screenshot - {}
RESULT: {}
COMMAND: POST /session/d26a4c962c30a62404c7ee6425a84c84/execute/async - {"script":"<script> [1562 bytes]","args":[{"selector":{"controlType":"sap.ui.core.Icon","viewName":"etm.portal.ui.manageyards.view.Master","viewId":"application-manageyards-display-component---masterYard","properties":{"src":{"regex":{"source":"add"}}}},"wdio_ui5_key":"etmportal.ui.manageyards.view.Mastersap.ui.core.Icon{\"src\":{\"regex\":{\"source\":\"add\"}}}"}]}
RESULT: {"script":"<script> [1562 bytes]","args":[{"selector":{"controlType":"sap.ui.core.Icon","viewName":"etm.portal.ui.manageyards.view.Master","viewId":"application-manageyards-display-component---masterYard","properties":{"src":{"regex":{"source":"add"}}}},"wdio_ui5_key":"etmportal.ui.manageyards.view.Mastersap.ui.core.Icon{\"src\":{\"regex\":{\"source\":\"add\"}}}"}]}
RESULT: undefined
COMMAND: POST /session/d26a4c962c30a62404c7ee6425a84c84/element - {"using":"xpath","value":"//*[@id=\"__button25-img\"]"}
RESULT: {"using":"xpath","value":"//*[@id=\"__button25-img\"]"}
COMMAND: POST /session/d26a4c962c30a62404c7ee6425a84c84/element/f.CB35230D0BEACCAB597F868E996E95B6.d.F4742A9B7CE052785928A18CFC086CF6.e.1088/click - {}
RESULT: {}
COMMAND: GET /session/d26a4c962c30a62404c7ee6425a84c84/screenshot - {}
RESULT: {}
COMMAND: POST /session/d26a4c962c30a62404c7ee6425a84c84/execute/async - {"script":"<script> [1562 bytes]","args":[{"selector":{"id":"application-manageyards-display-component---NewYard--yardId","interaction":{"idSuffix":"inner"}},"wdio_ui5_key":"applicationmanageyards-display-component---NewYard--yardId"}]}
RESULT: {"script":"<script> [1562 bytes]","args":[{"selector":{"id":"application-manageyards-display-component---NewYard--yardId","interaction":{"idSuffix":"inner"}},"wdio_ui5_key":"applicationmanageyards-display-component---NewYard--yardId"}]}
RESULT: undefined
COMMAND: POST /session/d26a4c962c30a62404c7ee6425a84c84/element - {"using":"xpath","value":"//*[@id=\"application-manageyards-display-component---NewYard--addressDetailDetailsName1-inner\"]"}
RESULT: {"using":"xpath","value":"//*[@id=\"application-manageyards-display-component---NewYard--addressDetailDetailsName1-inner\"]"}
COMMAND: POST /session/d26a4c962c30a62404c7ee6425a84c84/element/f.CB35230D0BEACCAB597F868E996E95B6.d.F4742A9B7CE052785928A18CFC086CF6.e.1314/clear - {}
RESULT: {}
COMMAND: POST /session/d26a4c962c30a62404c7ee6425a84c84/element/f.CB35230D0BEACCAB597F868E996E95B6.d.F4742A9B7CE052785928A18CFC086CF6.e.1314/value - {"text":"Webdriver Yard c52ef"}
COMMAND: GET /session/d26a4c962c30a62404c7ee6425a84c84/screenshot - {}
RESULT: {"text":"Webdriver Yard c52ef"}
COMMAND: POST /session/d26a4c962c30a62404c7ee6425a84c84/element - {"using":"xpath","value":"//*[@id=\"application-manageyards-display-component---NewYard--addressDetailDetailsLanguage-inner\"]"}
COMMAND: GET /session/d26a4c962c30a62404c7ee6425a84c84/screenshot - {}
RESULT: {}
RESULT: {"using":"xpath","value":"//*[@id=\"application-manageyards-display-component---NewYard--addressDetailDetailsLanguage-inner\"]"}
COMMAND: POST /session/d26a4c962c30a62404c7ee6425a84c84/element/f.CB35230D0BEACCAB597F868E996E95B6.d.F4742A9B7CE052785928A18CFC086CF6.e.1315/clear - {}
RESULT: {}
RESULT: {}
COMMAND: POST /session/d26a4c962c30a62404c7ee6425a84c84/element/f.CB35230D0BEACCAB597F868E996E95B6.d.F4742A9B7CE052785928A18CFC086CF6.e.1315/value - {"text":"Romanian"}
COMMAND: GET /session/d26a4c962c30a62404c7ee6425a84c84/screenshot - {}
RESULT: {"text":"Romanian"}
COMMAND: GET /session/d26a4c962c30a62404c7ee6425a84c84/screenshot - {}
RESULT: {}
RESULT: {}
COMMAND: POST /session/d26a4c962c30a62404c7ee6425a84c84/element - {"using":"xpath","value":"//*[@id=\"application-manageyards-display-component---NewYard--addressDetailDetailsCity1-inner\"]"}
RESULT: {"using":"xpath","value":"//*[@id=\"application-manageyards-display-component---NewYard--addressDetailDetailsCity1-inner\"]"}
COMMAND: POST /session/d26a4c962c30a62404c7ee6425a84c84/element/f.CB35230D0BEACCAB597F868E996E95B6.d.F4742A9B7CE052785928A18CFC086CF6.e.1317/clear - {}
RESULT: {}
COMMAND: POST /session/d26a4c962c30a62404c7ee6425a84c84/element/f.CB35230D0BEACCAB597F868E996E95B6.d.F4742A9B7CE052785928A18CFC086CF6.e.1317/value - {"text":"Bucuresti"}
COMMAND: GET /session/d26a4c962c30a62404c7ee6425a84c84/screenshot - {}
RESULT: {"text":"Bucuresti"}
COMMAND: GET /session/d26a4c962c30a62404c7ee6425a84c84/screenshot - {}
RESULT: {}
RESULT: {}
COMMAND: POST /session/d26a4c962c30a62404c7ee6425a84c84/element - {"using":"xpath","value":"//*[@id=\"application-manageyards-display-component---NewYard--addressDetailDetailsCountry-inner\"]"}
RESULT: {"using":"xpath","value":"//*[@id=\"application-manageyards-display-component---NewYard--addressDetailDetailsCountry-inner\"]"}
COMMAND: POST /session/d26a4c962c30a62404c7ee6425a84c84/element/f.CB35230D0BEACCAB597F868E996E95B6.d.F4742A9B7CE052785928A18CFC086CF6.e.1321/clear - {}
RESULT: {}
COMMAND: POST /session/d26a4c962c30a62404c7ee6425a84c84/element/f.CB35230D0BEACCAB597F868E996E95B6.d.F4742A9B7CE052785928A18CFC086CF6.e.1321/value - {"text":"Romania"}
COMMAND: GET /session/d26a4c962c30a62404c7ee6425a84c84/screenshot - {}
RESULT: {"text":"Romania"}
COMMAND: GET /session/d26a4c962c30a62404c7ee6425a84c84/screenshot - {}
RESULT: {}
RESULT: {}
COMMAND: POST /session/d26a4c962c30a62404c7ee6425a84c84/element - {"using":"xpath","value":"//div[contains(text(), \"Commercial\")]"}
RESULT: {"using":"xpath","value":"//div[contains(text(), \"Commercial\")]"}
COMMAND: GET /session/d26a4c962c30a62404c7ee6425a84c84/element/f.CB35230D0BEACCAB597F868E996E95B6.d.F4742A9B7CE052785928A18CFC086CF6.e.1520/rect - {}
RESULT: {}
COMMAND: GET /session/d26a4c962c30a62404c7ee6425a84c84/window/rect - {}
RESULT: {}
COMMAND: POST /session/d26a4c962c30a62404c7ee6425a84c84/execute/sync - {"script":"<script> [92 bytes]","args":[]}
RESULT: {"script":"<script> [92 bytes]","args":[]}
COMMAND: POST /session/d26a4c962c30a62404c7ee6425a84c84/actions - {"actions":[{"id":"action2","type":"wheel","parameters":{},"actions":[{"type":"scroll","x":-1825,"y":-44,"deltaX":0,"deltaY":0,"duration":0,"origin":{"element-6066-11e4-a52e-4f735466cecf":"f.CB35230D0BEACCAB597F868E996E95B6.d.F4742A9B7CE052785928A18CFC086CF6.e.1520"}}]}]}
COMMAND: GET /session/d26a4c962c30a62404c7ee6425a84c84/screenshot - {}
RESULT: {}
COMMAND: POST /session/d26a4c962c30a62404c7ee6425a84c84/execute/sync - {"script":"<script> [79 bytes]","args":[{"element-6066-11e4-a52e-4f735466cecf":"f.CB35230D0BEACCAB597F868E996E95B6.d.F4742A9B7CE052785928A18CFC086CF6.e.1520","ELEMENT":"f.CB35230D0BEACCAB597F868E996E95B6.d.F4742A9B7CE052785928A18CFC086CF6.e.1520"},{"block":"start","inline":"nearest"}]}
RESULT: {"script":"<script> [79 bytes]","args":[{"element-6066-11e4-a52e-4f735466cecf":"f.CB35230D0BEACCAB597F868E996E95B6.d.F4742A9B7CE052785928A18CFC086CF6.e.1520","ELEMENT":"f.CB35230D0BEACCAB597F868E996E95B6.d.F4742A9B7CE052785928A18CFC086CF6.e.1520"},{"block":"start","inline":"nearest"}]}
COMMAND: GET /session/d26a4c962c30a62404c7ee6425a84c84/screenshot - {}
RESULT: {}
COMMAND: POST /session/d26a4c962c30a62404c7ee6425a84c84/element - {"using":"xpath","value":"//input[@id='application-manageyards-display-component---NewYard--addressEditDetailsCostObjectCstType-inner']"}
RESULT: {"using":"xpath","value":"//input[@id='application-manageyards-display-component---NewYard--addressEditDetailsCostObjectCstType-inner']"}
COMMAND: POST /session/d26a4c962c30a62404c7ee6425a84c84/execute/sync - {"script":"<script> [8489 bytes]","args":[{"element-6066-11e4-a52e-4f735466cecf":"f.CB35230D0BEACCAB597F868E996E95B6.d.F4742A9B7CE052785928A18CFC086CF6.e.1327","ELEMENT":"f.CB35230D0BEACCAB597F868E996E95B6.d.F4742A9B7CE052785928A18CFC086CF6.e.1327"}]}
RESULT: {"script":"<script> [8489 bytes]","args":[{"element-6066-11e4-a52e-4f735466cecf":"f.CB35230D0BEACCAB597F868E996E95B6.d.F4742A9B7CE052785928A18CFC086CF6.e.1327","ELEMENT":"f.CB35230D0BEACCAB597F868E996E95B6.d.F4742A9B7CE052785928A18CFC086CF6.e.1327"}]}
COMMAND: POST /session/d26a4c962c30a62404c7ee6425a84c84/element/f.CB35230D0BEACCAB597F868E996E95B6.d.F4742A9B7CE052785928A18CFC086CF6.e.1327/clear - {}
COMMAND: GET /session/d26a4c962c30a62404c7ee6425a84c84/screenshot - {}
RESULT: {}
COMMAND: POST /session/d26a4c962c30a62404c7ee6425a84c84/element/f.CB35230D0BEACCAB597F868E996E95B6.d.F4742A9B7CE052785928A18CFC086CF6.e.1327/value - {"text":"Cost"}
COMMAND: GET /session/d26a4c962c30a62404c7ee6425a84c84/screenshot - {}
RESULT: {}
RESULT: {"text":"Cost"}
COMMAND: GET /session/d26a4c962c30a62404c7ee6425a84c84/screenshot - {}
RESULT: {}
RESULT: {}
COMMAND: POST /session/d26a4c962c30a62404c7ee6425a84c84/execute/async - {"script":"<script> [1562 bytes]","args":[{"selector":{"id":"application-manageyards-display-component---NewYard--addressNewCostObjectCstID","interaction":{"idSuffix":"inner"}},"wdio_ui5_key":"applicationmanageyards-display-component---NewYard--addressNewCostObjectCstID"}]}
RESULT: {"script":"<script> [1562 bytes]","args":[{"selector":{"id":"application-manageyards-display-component---NewYard--addressNewCostObjectCstID","interaction":{"idSuffix":"inner"}},"wdio_ui5_key":"applicationmanageyards-display-component---NewYard--addressNewCostObjectCstID"}]}
RESULT: undefined
COMMAND: POST /session/d26a4c962c30a62404c7ee6425a84c84/execute/async - {"script":"<script> [776 bytes]","args":[{"enterText":"10001013","selector":{"id":"application-manageyards-display-component---NewYard--addressNewCostObjectCstID","interaction":{"idSuffix":"inner"}},"clearTextFirst":true,"interactionType":"ENTER_TEXT"}]}
RESULT: {"script":"<script> [776 bytes]","args":[{"enterText":"10001013","selector":{"id":"application-manageyards-display-component---NewYard--addressNewCostObjectCstID","interaction":{"idSuffix":"inner"}},"clearTextFirst":true,"interactionType":"ENTER_TEXT"}]}
COMMAND: POST /session/d26a4c962c30a62404c7ee6425a84c84/actions - {"actions":[{"id":"action3","type":"key","parameters":{},"actions":[{"type":"keyDown","value":"î€‡"},{"type":"pause","duration":10},{"type":"keyUp","value":"î€‡"}]}]}
RESULT: {"actions":[{"id":"action3","type":"key","parameters":{},"actions":[{"type":"keyDown","value":"î€‡"},{"type":"pause","duration":10},{"type":"keyUp","value":"î€‡"}]}]}
COMMAND: GET /session/d26a4c962c30a62404c7ee6425a84c84/screenshot - {}
RESULT: {}
COMMAND: POST /session/d26a4c962c30a62404c7ee6425a84c84/execute/async - {"script":"<script> [1562 bytes]","args":[{"selector":{"controlType":"sap.m.Button","viewName":"etm.portal.ui.manageyards.view.New","viewId":"application-manageyards-display-component---NewYard","i18NText":{"propertyName":"text","key":"save"},"interaction":{"idSuffix":"inner"}},"wdio_ui5_key":"etmportal.ui.manageyards.view.Newsap.m.Button{\"propertyName\":\"text\",\"key\":\"save\"}"}]}
RESULT: {"script":"<script> [1562 bytes]","args":[{"selector":{"controlType":"sap.m.Button","viewName":"etm.portal.ui.manageyards.view.New","viewId":"application-manageyards-display-component---NewYard","i18NText":{"propertyName":"text","key":"save"},"interaction":{"idSuffix":"inner"}},"wdio_ui5_key":"etmportal.ui.manageyards.view.Newsap.m.Button{\"propertyName\":\"text\",\"key\":\"save\"}"}]}
RESULT: undefined
COMMAND: POST /session/d26a4c962c30a62404c7ee6425a84c84/element - {"using":"xpath","value":"//*[@id=\"__button39\"]"}
RESULT: {"using":"xpath","value":"//*[@id=\"__button39\"]"}
COMMAND: POST /session/d26a4c962c30a62404c7ee6425a84c84/element/f.CB35230D0BEACCAB597F868E996E95B6.d.F4742A9B7CE052785928A18CFC086CF6.e.1501/click - {}
RESULT: {}
COMMAND: GET /session/d26a4c962c30a62404c7ee6425a84c84/screenshot - {}
RESULT: {}
COMMAND: POST /session/d26a4c962c30a62404c7ee6425a84c84/element - {"using":"xpath","value":"//header/div/div/div/div/div/div[2]/div/span"}
RESULT: {"using":"xpath","value":"//header/div/div/div/div/div/div[2]/div/span"}
COMMAND: GET /session/d26a4c962c30a62404c7ee6425a84c84/element/f.CB35230D0BEACCAB597F868E996E95B6.d.F4742A9B7CE052785928A18CFC086CF6.e.1751/text - {}
RESULT: {}
COMMAND: POST /session/d26a4c962c30a62404c7ee6425a84c84/element - {"using":"xpath","value":"//header/div/div[2]/div[2]/span"}
RESULT: {"using":"xpath","value":"//header/div/div[2]/div[2]/span"}
COMMAND: GET /session/d26a4c962c30a62404c7ee6425a84c84/element/f.CB35230D0BEACCAB597F868E996E95B6.d.F4742A9B7CE052785928A18CFC086CF6.e.1752/text - {}
RESULT: {}
COMMAND: POST /session/d26a4c962c30a62404c7ee6425a84c84/execute/async - {"script":"<script> [1562 bytes]","args":[{"selector":{"controlType":"sap.m.OverflowToolbarButton","viewName":"etm.portal.ui.manageyards.view.Detail","viewId":"application-manageyards-display-component---detailYard","i18NText":{"propertyName":"tooltip","key":"closeColumn"},"interaction":{"idSuffix":"inner"}},"wdio_ui5_key":"etmportal.ui.manageyards.view.Detailsap.m.OverflowToolbarButton{\"propertyName\":\"tooltip\",\"key\":\"closeColumn\"}"}]}
RESULT: {"script":"<script> [1562 bytes]","args":[{"selector":{"controlType":"sap.m.OverflowToolbarButton","viewName":"etm.portal.ui.manageyards.view.Detail","viewId":"application-manageyards-display-component---detailYard","i18NText":{"propertyName":"tooltip","key":"closeColumn"},"interaction":{"idSuffix":"inner"}},"wdio_ui5_key":"etmportal.ui.manageyards.view.Detailsap.m.OverflowToolbarButton{\"propertyName\":\"tooltip\",\"key\":\"closeColumn\"}"}]}
RESULT: undefined
COMMAND: POST /session/d26a4c962c30a62404c7ee6425a84c84/element - {"using":"xpath","value":"//*[@id=\"__button62\"]"}
RESULT: {"using":"xpath","value":"//*[@id=\"__button62\"]"}
COMMAND: POST /session/d26a4c962c30a62404c7ee6425a84c84/element/f.CB35230D0BEACCAB597F868E996E95B6.d.F4742A9B7CE052785928A18CFC086CF6.e.1754/click - {}
RESULT: {}
COMMAND: POST /session/d26a4c962c30a62404c7ee6425a84c84/refresh - {}
COMMAND: GET /session/d26a4c962c30a62404c7ee6425a84c84/screenshot - {}
RESULT: {}
COMMAND: GET /session/d26a4c962c30a62404c7ee6425a84c84/screenshot - {}
RESULT: {}
RESULT: {}
COMMAND: POST /session/d26a4c962c30a62404c7ee6425a84c84/refresh - {}
RESULT: {}
COMMAND: GET /session/d26a4c962c30a62404c7ee6425a84c84/screenshot - {}
RESULT: {}
COMMAND: POST /session/d26a4c962c30a62404c7ee6425a84c84/window/fullscreen - {}
RESULT: {}
COMMAND: POST /session/d26a4c962c30a62404c7ee6425a84c84/execute/async - {"script":"<script> [189 bytes]","args":[]}
RESULT: {"script":"<script> [189 bytes]","args":[]}
COMMAND: POST /session/d26a4c962c30a62404c7ee6425a84c84/execute/async - {"script":"<script> [123 bytes]","args":[]}
RESULT: {"script":"<script> [123 bytes]","args":[]}
COMMAND: POST /session/d26a4c962c30a62404c7ee6425a84c84/timeouts - {"script":"<number>"}
RESULT: {"script":"<number>"}
COMMAND: GET /session/d26a4c962c30a62404c7ee6425a84c84/timeouts - {}
RESULT: {}
RESULT: undefined
COMMAND: POST /session/d26a4c962c30a62404c7ee6425a84c84/execute/async - {"script":"<script> [2676 bytes]","args":[]}
RESULT: {"script":"<script> [2676 bytes]","args":[]}
COMMAND: POST /session/d26a4c962c30a62404c7ee6425a84c84/execute/async - {"script":"<script> [2342 bytes]","args":[{"protocol":"http","hostname":"0.0.0.0","path":"/","capabilities":{"browserName":"chrome","goog:chromeOptions":{"binary":"C:\\Program Files\\Google\\Chrome\\Application\\chrome.exe","args":["--start-maximized"]}},"logLevel":"warn","connectionRetryTimeout":120000,"connectionRetryCount":3,"logLevels":{},"enableDirectConnect":true,"strictSSL":true,"_":"65 more keys: [\"cacheDir\",\"port\",\"requestedCapabilities\",\"automationProtocol\",\"baseUrl\",\"waitforInterval\",\"waitforTimeout\",\"onReload\",\"beforeCommand\",\"afterCommand\",\"rootDir\",\"specs\",\"suites\",\"exclude\",\"groupLogsByTestSpec\",\"excludeDriverLogs\",\"bail\",\"framework\",\"reporters\",\"services\",\"maxInstances\",\"maxInstancesPerCapability\",\"injectGlobals\",\"filesToWatch\",\"execArgv\",\"runnerEnv\",\"runner\",\"shard\",\"specFileRetries\",\"specFileRetriesDelay\",\"specFileRetriesDeferred\",\"reporterSyncInterval\",\"reporterSyncTimeout\",\"cucumberFeaturesWithLineNumbers\",\"autoCompileOpts\",\"mochaOpts\",\"jasmineOpts\",\"cucumberOpts\",\"onPrepare\",\"onWorkerStart\",\"onWorkerEnd\",\"before\",\"beforeSession\",\"beforeSuite\",\"beforeHook\",\"beforeTest\",\"afterTest\",\"afterHook\",\"afterSuite\",\"afterSession\",\"after\",\"onComplete\",\"beforeAssertion\",\"afterAssertion\",\"beforeFeature\",\"beforeScenario\",\"beforeStep\",\"afterStep\",\"afterScenario\",\"afterFeature\",\"_\",\"suite\",\"$0\",\"ignoredWorkerServices\",\"wdi5\"]"}]}
RESULT: {"script":"<script> [2342 bytes]","args":[{"protocol":"http","hostname":"0.0.0.0","path":"/","capabilities":{"browserName":"chrome","goog:chromeOptions":{"binary":"C:\\Program Files\\Google\\Chrome\\Application\\chrome.exe","args":["--start-maximized"]}},"logLevel":"warn","connectionRetryTimeout":120000,"connectionRetryCount":3,"logLevels":{},"enableDirectConnect":true,"strictSSL":true,"_":"65 more keys: [\"cacheDir\",\"port\",\"requestedCapabilities\",\"automationProtocol\",\"baseUrl\",\"waitforInterval\",\"waitforTimeout\",\"onReload\",\"beforeCommand\",\"afterCommand\",\"rootDir\",\"specs\",\"suites\",\"exclude\",\"groupLogsByTestSpec\",\"excludeDriverLogs\",\"bail\",\"framework\",\"reporters\",\"services\",\"maxInstances\",\"maxInstancesPerCapability\",\"injectGlobals\",\"filesToWatch\",\"execArgv\",\"runnerEnv\",\"runner\",\"shard\",\"specFileRetries\",\"specFileRetriesDelay\",\"specFileRetriesDeferred\",\"reporterSyncInterval\",\"reporterSyncTimeout\",\"cucumberFeaturesWithLineNumbers\",\"autoCompileOpts\",\"mochaOpts\",\"jasmineOpts\",\"cucumberOpts\",\"onPrepare\",\"onWorkerStart\",\"onWorkerEnd\",\"before\",\"beforeSession\",\"beforeSuite\",\"beforeHook\",\"beforeTest\",\"afterTest\",\"afterHook\",\"afterSuite\",\"afterSession\",\"after\",\"onComplete\",\"beforeAssertion\",\"afterAssertion\",\"beforeFeature\",\"beforeScenario\",\"beforeStep\",\"afterStep\",\"afterScenario\",\"afterFeature\",\"_\",\"suite\",\"$0\",\"ignoredWorkerServices\",\"wdi5\"]"}]}
COMMAND: POST /session/d26a4c962c30a62404c7ee6425a84c84/execute/async - {"script":"<script> [21126 bytes]","args":[35000]}
RESULT: {"script":"<script> [21126 bytes]","args":[35000]}
]]></system-out>
    </testcase>
    <testcase classname="chrome.135_0_7049_96.windows.Create_2_Yards_US112496" name="Should create a WHM yard" time="66.95">
      <system-out><![CDATA[
COMMAND: POST /session/d26a4c962c30a62404c7ee6425a84c84/execute/async - {"script":"<script> [1562 bytes]","args":[{"selector":{"controlType":"sap.ui.core.Icon","viewName":"etm.portal.ui.manageyards.view.Master","viewId":"application-manageyards-display-component---masterYard","properties":{"src":{"regex":{"source":"add"}}}},"wdio_ui5_key":"etmportal.ui.manageyards.view.Mastersap.ui.core.Icon{\"src\":{\"regex\":{\"source\":\"add\"}}}"}]}
RESULT: {"script":"<script> [1562 bytes]","args":[{"selector":{"controlType":"sap.ui.core.Icon","viewName":"etm.portal.ui.manageyards.view.Master","viewId":"application-manageyards-display-component---masterYard","properties":{"src":{"regex":{"source":"add"}}}},"wdio_ui5_key":"etmportal.ui.manageyards.view.Mastersap.ui.core.Icon{\"src\":{\"regex\":{\"source\":\"add\"}}}"}]}
RESULT: undefined
COMMAND: POST /session/d26a4c962c30a62404c7ee6425a84c84/element - {"using":"xpath","value":"//*[@id=\"__button9-img\"]"}
RESULT: {"using":"xpath","value":"//*[@id=\"__button9-img\"]"}
COMMAND: POST /session/d26a4c962c30a62404c7ee6425a84c84/element/f.CB35230D0BEACCAB597F868E996E95B6.d.8B90DDBDDB0F9A1025D3DEE30D4EE496.e.2310/click - {}
RESULT: {}
COMMAND: GET /session/d26a4c962c30a62404c7ee6425a84c84/screenshot - {}
RESULT: {}
COMMAND: POST /session/d26a4c962c30a62404c7ee6425a84c84/execute/async - {"script":"<script> [1562 bytes]","args":[{"selector":{"id":"application-manageyards-display-component---NewYard--yardId","interaction":{"idSuffix":"inner"}},"wdio_ui5_key":"applicationmanageyards-display-component---NewYard--yardId"}]}
RESULT: {"script":"<script> [1562 bytes]","args":[{"selector":{"id":"application-manageyards-display-component---NewYard--yardId","interaction":{"idSuffix":"inner"}},"wdio_ui5_key":"applicationmanageyards-display-component---NewYard--yardId"}]}
RESULT: undefined
COMMAND: POST /session/d26a4c962c30a62404c7ee6425a84c84/element - {"using":"xpath","value":"//*[@id=\"application-manageyards-display-component---NewYard--addressDetailDetailsName1-inner\"]"}
RESULT: {"using":"xpath","value":"//*[@id=\"application-manageyards-display-component---NewYard--addressDetailDetailsName1-inner\"]"}
COMMAND: POST /session/d26a4c962c30a62404c7ee6425a84c84/element/f.CB35230D0BEACCAB597F868E996E95B6.d.8B90DDBDDB0F9A1025D3DEE30D4EE496.e.2489/clear - {}
RESULT: {}
COMMAND: POST /session/d26a4c962c30a62404c7ee6425a84c84/element/f.CB35230D0BEACCAB597F868E996E95B6.d.8B90DDBDDB0F9A1025D3DEE30D4EE496.e.2489/value - {"text":"Webdriver WHM Yard wgz8f"}
COMMAND: GET /session/d26a4c962c30a62404c7ee6425a84c84/screenshot - {}
RESULT: {"text":"Webdriver WHM Yard wgz8f"}
COMMAND: POST /session/d26a4c962c30a62404c7ee6425a84c84/element - {"using":"xpath","value":"//*[@id=\"application-manageyards-display-component---NewYard--addressDetailDetailsLanguage-inner\"]"}
COMMAND: GET /session/d26a4c962c30a62404c7ee6425a84c84/screenshot - {}
RESULT: {}
RESULT: {"using":"xpath","value":"//*[@id=\"application-manageyards-display-component---NewYard--addressDetailDetailsLanguage-inner\"]"}
COMMAND: POST /session/d26a4c962c30a62404c7ee6425a84c84/element/f.CB35230D0BEACCAB597F868E996E95B6.d.8B90DDBDDB0F9A1025D3DEE30D4EE496.e.2490/clear - {}
RESULT: {}
RESULT: {}
COMMAND: POST /session/d26a4c962c30a62404c7ee6425a84c84/element/f.CB35230D0BEACCAB597F868E996E95B6.d.8B90DDBDDB0F9A1025D3DEE30D4EE496.e.2490/value - {"text":"Romanian"}
COMMAND: GET /session/d26a4c962c30a62404c7ee6425a84c84/screenshot - {}
RESULT: {"text":"Romanian"}
COMMAND: GET /session/d26a4c962c30a62404c7ee6425a84c84/screenshot - {}
RESULT: {}
RESULT: {}
COMMAND: POST /session/d26a4c962c30a62404c7ee6425a84c84/element - {"using":"xpath","value":"//*[@id=\"application-manageyards-display-component---NewYard--addressDetailDetailsCity1-inner\"]"}
RESULT: {"using":"xpath","value":"//*[@id=\"application-manageyards-display-component---NewYard--addressDetailDetailsCity1-inner\"]"}
COMMAND: POST /session/d26a4c962c30a62404c7ee6425a84c84/element/f.CB35230D0BEACCAB597F868E996E95B6.d.8B90DDBDDB0F9A1025D3DEE30D4EE496.e.2492/clear - {}
RESULT: {}
COMMAND: POST /session/d26a4c962c30a62404c7ee6425a84c84/element/f.CB35230D0BEACCAB597F868E996E95B6.d.8B90DDBDDB0F9A1025D3DEE30D4EE496.e.2492/value - {"text":"Bucuresti"}
COMMAND: GET /session/d26a4c962c30a62404c7ee6425a84c84/screenshot - {}
RESULT: {"text":"Bucuresti"}
COMMAND: GET /session/d26a4c962c30a62404c7ee6425a84c84/screenshot - {}
RESULT: {}
RESULT: {}
COMMAND: POST /session/d26a4c962c30a62404c7ee6425a84c84/element - {"using":"xpath","value":"//*[@id=\"application-manageyards-display-component---NewYard--addressDetailDetailsCountry-inner\"]"}
RESULT: {"using":"xpath","value":"//*[@id=\"application-manageyards-display-component---NewYard--addressDetailDetailsCountry-inner\"]"}
COMMAND: POST /session/d26a4c962c30a62404c7ee6425a84c84/element/f.CB35230D0BEACCAB597F868E996E95B6.d.8B90DDBDDB0F9A1025D3DEE30D4EE496.e.2496/clear - {}
RESULT: {}
COMMAND: POST /session/d26a4c962c30a62404c7ee6425a84c84/element/f.CB35230D0BEACCAB597F868E996E95B6.d.8B90DDBDDB0F9A1025D3DEE30D4EE496.e.2496/value - {"text":"Romania"}
COMMAND: GET /session/d26a4c962c30a62404c7ee6425a84c84/screenshot - {}
RESULT: {"text":"Romania"}
COMMAND: GET /session/d26a4c962c30a62404c7ee6425a84c84/screenshot - {}
RESULT: {}
RESULT: {}
COMMAND: POST /session/d26a4c962c30a62404c7ee6425a84c84/execute/async - {"script":"<script> [1562 bytes]","args":[{"selector":{"controlType":"sap.m.Button","viewName":"etm.portal.ui.manageyards.view.New","viewId":"application-manageyards-display-component---NewYard","properties":{"text":"Commercial"},"interaction":{"idSuffix":"BDI-content"}},"wdio_ui5_key":"etmportal.ui.manageyards.view.Newsap.m.Button{\"text\":\"Commercial\"}"}]}
RESULT: {"script":"<script> [1562 bytes]","args":[{"selector":{"controlType":"sap.m.Button","viewName":"etm.portal.ui.manageyards.view.New","viewId":"application-manageyards-display-component---NewYard","properties":{"text":"Commercial"},"interaction":{"idSuffix":"BDI-content"}},"wdio_ui5_key":"etmportal.ui.manageyards.view.Newsap.m.Button{\"text\":\"Commercial\"}"}]}
RESULT: undefined
COMMAND: POST /session/d26a4c962c30a62404c7ee6425a84c84/element - {"using":"xpath","value":"//*[@id=\"application-manageyards-display-component---NewYard--ObjectPageLayout-anchBar-__section18-anchor\"]"}
RESULT: {"using":"xpath","value":"//*[@id=\"application-manageyards-display-component---NewYard--ObjectPageLayout-anchBar-__section18-anchor\"]"}
COMMAND: POST /session/d26a4c962c30a62404c7ee6425a84c84/element/f.CB35230D0BEACCAB597F868E996E95B6.d.8B90DDBDDB0F9A1025D3DEE30D4EE496.e.2639/click - {}
RESULT: {}
COMMAND: GET /session/d26a4c962c30a62404c7ee6425a84c84/screenshot - {}
RESULT: {}
COMMAND: POST /session/d26a4c962c30a62404c7ee6425a84c84/element - {"using":"xpath","value":"//input[@id='application-manageyards-display-component---NewYard--addressEditDetailsCostObjectCstType-inner']"}
RESULT: {"using":"xpath","value":"//input[@id='application-manageyards-display-component---NewYard--addressEditDetailsCostObjectCstType-inner']"}
COMMAND: POST /session/d26a4c962c30a62404c7ee6425a84c84/execute/sync - {"script":"<script> [8489 bytes]","args":[{"element-6066-11e4-a52e-4f735466cecf":"f.CB35230D0BEACCAB597F868E996E95B6.d.8B90DDBDDB0F9A1025D3DEE30D4EE496.e.2502","ELEMENT":"f.CB35230D0BEACCAB597F868E996E95B6.d.8B90DDBDDB0F9A1025D3DEE30D4EE496.e.2502"}]}
RESULT: {"script":"<script> [8489 bytes]","args":[{"element-6066-11e4-a52e-4f735466cecf":"f.CB35230D0BEACCAB597F868E996E95B6.d.8B90DDBDDB0F9A1025D3DEE30D4EE496.e.2502","ELEMENT":"f.CB35230D0BEACCAB597F868E996E95B6.d.8B90DDBDDB0F9A1025D3DEE30D4EE496.e.2502"}]}
COMMAND: POST /session/d26a4c962c30a62404c7ee6425a84c84/element/f.CB35230D0BEACCAB597F868E996E95B6.d.8B90DDBDDB0F9A1025D3DEE30D4EE496.e.2502/clear - {}
COMMAND: GET /session/d26a4c962c30a62404c7ee6425a84c84/screenshot - {}
RESULT: {}
COMMAND: POST /session/d26a4c962c30a62404c7ee6425a84c84/element/f.CB35230D0BEACCAB597F868E996E95B6.d.8B90DDBDDB0F9A1025D3DEE30D4EE496.e.2502/value - {"text":"Cost"}
COMMAND: GET /session/d26a4c962c30a62404c7ee6425a84c84/screenshot - {}
RESULT: {}
RESULT: {"text":"Cost"}
COMMAND: GET /session/d26a4c962c30a62404c7ee6425a84c84/screenshot - {}
RESULT: {}
RESULT: {}
COMMAND: POST /session/d26a4c962c30a62404c7ee6425a84c84/execute/async - {"script":"<script> [1562 bytes]","args":[{"selector":{"id":"application-manageyards-display-component---NewYard--addressNewCostObjectCstID","interaction":{"idSuffix":"inner"}},"wdio_ui5_key":"applicationmanageyards-display-component---NewYard--addressNewCostObjectCstID"}]}
RESULT: {"script":"<script> [1562 bytes]","args":[{"selector":{"id":"application-manageyards-display-component---NewYard--addressNewCostObjectCstID","interaction":{"idSuffix":"inner"}},"wdio_ui5_key":"applicationmanageyards-display-component---NewYard--addressNewCostObjectCstID"}]}
RESULT: undefined
COMMAND: POST /session/d26a4c962c30a62404c7ee6425a84c84/execute/async - {"script":"<script> [776 bytes]","args":[{"enterText":"10001013","selector":{"id":"application-manageyards-display-component---NewYard--addressNewCostObjectCstID","interaction":{"idSuffix":"inner"}},"clearTextFirst":true,"interactionType":"ENTER_TEXT"}]}
RESULT: {"script":"<script> [776 bytes]","args":[{"enterText":"10001013","selector":{"id":"application-manageyards-display-component---NewYard--addressNewCostObjectCstID","interaction":{"idSuffix":"inner"}},"clearTextFirst":true,"interactionType":"ENTER_TEXT"}]}
COMMAND: POST /session/d26a4c962c30a62404c7ee6425a84c84/actions - {"actions":[{"id":"action4","type":"key","parameters":{},"actions":[{"type":"keyDown","value":"î€‡"},{"type":"pause","duration":10},{"type":"keyUp","value":"î€‡"}]}]}
RESULT: {"actions":[{"id":"action4","type":"key","parameters":{},"actions":[{"type":"keyDown","value":"î€‡"},{"type":"pause","duration":10},{"type":"keyUp","value":"î€‡"}]}]}
COMMAND: POST /session/d26a4c962c30a62404c7ee6425a84c84/execute/async - {"script":"<script> [1562 bytes]","args":[{"selector":{"id":"application-manageyards-display-component---NewYard--addressEditDetailsCurrency","interaction":{"idSuffix":"inner"}},"wdio_ui5_key":"applicationmanageyards-display-component---NewYard--addressEditDetailsCurrency"}]}
COMMAND: GET /session/d26a4c962c30a62404c7ee6425a84c84/screenshot - {}
RESULT: {"script":"<script> [1562 bytes]","args":[{"selector":{"id":"application-manageyards-display-component---NewYard--addressEditDetailsCurrency","interaction":{"idSuffix":"inner"}},"wdio_ui5_key":"applicationmanageyards-display-component---NewYard--addressEditDetailsCurrency"}]}
RESULT: undefined
COMMAND: POST /session/d26a4c962c30a62404c7ee6425a84c84/execute/async - {"script":"<script> [776 bytes]","args":[{"enterText":"Euro","selector":{"id":"application-manageyards-display-component---NewYard--addressEditDetailsCurrency","interaction":{"idSuffix":"inner"}},"clearTextFirst":true,"interactionType":"ENTER_TEXT"}]}
RESULT: {}
RESULT: {"script":"<script> [776 bytes]","args":[{"enterText":"Euro","selector":{"id":"application-manageyards-display-component---NewYard--addressEditDetailsCurrency","interaction":{"idSuffix":"inner"}},"clearTextFirst":true,"interactionType":"ENTER_TEXT"}]}
COMMAND: POST /session/d26a4c962c30a62404c7ee6425a84c84/execute/async - {"script":"<script> [1562 bytes]","args":[{"selector":{"controlType":"sap.m.Input","viewName":"etm.portal.ui.manageyards.view.New","viewId":"application-manageyards-display-component---NewYard","bindingPath":{"path":"","propertyPath":"/CONTROLLING_AREA","modelName":"NewYardModel"},"interaction":{"idSuffix":"inner"}},"wdio_ui5_key":"etmportal.ui.manageyards.view.Newsap.m.Input{\"path\":\"\",\"propertyPath\":\"/CONTROLLING_AREA\",\"modelName\":\"NewYardModel\"}"}]}
RESULT: {"script":"<script> [1562 bytes]","args":[{"selector":{"controlType":"sap.m.Input","viewName":"etm.portal.ui.manageyards.view.New","viewId":"application-manageyards-display-component---NewYard","bindingPath":{"path":"","propertyPath":"/CONTROLLING_AREA","modelName":"NewYardModel"},"interaction":{"idSuffix":"inner"}},"wdio_ui5_key":"etmportal.ui.manageyards.view.Newsap.m.Input{\"path\":\"\",\"propertyPath\":\"/CONTROLLING_AREA\",\"modelName\":\"NewYardModel\"}"}]}
RESULT: undefined
COMMAND: POST /session/d26a4c962c30a62404c7ee6425a84c84/execute/async - {"script":"<script> [776 bytes]","args":[{"enterText":"Z001","selector":{"controlType":"sap.m.Input","viewName":"etm.portal.ui.manageyards.view.New","viewId":"application-manageyards-display-component---NewYard","bindingPath":{"path":"","propertyPath":"/CONTROLLING_AREA","modelName":"NewYardModel"},"interaction":{"idSuffix":"inner"}},"clearTextFirst":true,"interactionType":"ENTER_TEXT"}]}
RESULT: {"script":"<script> [776 bytes]","args":[{"enterText":"Z001","selector":{"controlType":"sap.m.Input","viewName":"etm.portal.ui.manageyards.view.New","viewId":"application-manageyards-display-component---NewYard","bindingPath":{"path":"","propertyPath":"/CONTROLLING_AREA","modelName":"NewYardModel"},"interaction":{"idSuffix":"inner"}},"clearTextFirst":true,"interactionType":"ENTER_TEXT"}]}
COMMAND: POST /session/d26a4c962c30a62404c7ee6425a84c84/execute/async - {"script":"<script> [1562 bytes]","args":[{"selector":{"id":"application-manageyards-display-component---NewYard--companyCodeComboBox","interaction":{"idSuffix":"inner"}},"wdio_ui5_key":"applicationmanageyards-display-component---NewYard--companyCodeComboBox"}]}
RESULT: {"script":"<script> [1562 bytes]","args":[{"selector":{"id":"application-manageyards-display-component---NewYard--companyCodeComboBox","interaction":{"idSuffix":"inner"}},"wdio_ui5_key":"applicationmanageyards-display-component---NewYard--companyCodeComboBox"}]}
RESULT: undefined
COMMAND: POST /session/d26a4c962c30a62404c7ee6425a84c84/execute/async - {"script":"<script> [776 bytes]","args":[{"enterText":"1000","selector":{"id":"application-manageyards-display-component---NewYard--companyCodeComboBox","interaction":{"idSuffix":"inner"}},"clearTextFirst":true,"interactionType":"ENTER_TEXT"}]}
RESULT: {"script":"<script> [776 bytes]","args":[{"enterText":"1000","selector":{"id":"application-manageyards-display-component---NewYard--companyCodeComboBox","interaction":{"idSuffix":"inner"}},"clearTextFirst":true,"interactionType":"ENTER_TEXT"}]}
COMMAND: POST /session/d26a4c962c30a62404c7ee6425a84c84/actions - {"actions":[{"id":"action5","type":"key","parameters":{},"actions":[{"type":"keyDown","value":"î€‡"},{"type":"pause","duration":10},{"type":"keyUp","value":"î€‡"}]}]}
RESULT: {"actions":[{"id":"action5","type":"key","parameters":{},"actions":[{"type":"keyDown","value":"î€‡"},{"type":"pause","duration":10},{"type":"keyUp","value":"î€‡"}]}]}
COMMAND: POST /session/d26a4c962c30a62404c7ee6425a84c84/execute/async - {"script":"<script> [1562 bytes]","args":[{"selector":{"controlType":"sap.m.Input","viewName":"etm.portal.ui.manageyards.view.New","viewId":"application-manageyards-display-component---NewYard","bindingPath":{"path":"","propertyPath":"/PLANT","modelName":"NewYardModel"},"interaction":{"idSuffix":"inner"}},"wdio_ui5_key":"etmportal.ui.manageyards.view.Newsap.m.Input{\"path\":\"\",\"propertyPath\":\"/PLANT\",\"modelName\":\"NewYardModel\"}"}]}
COMMAND: GET /session/d26a4c962c30a62404c7ee6425a84c84/screenshot - {}
RESULT: {"script":"<script> [1562 bytes]","args":[{"selector":{"controlType":"sap.m.Input","viewName":"etm.portal.ui.manageyards.view.New","viewId":"application-manageyards-display-component---NewYard","bindingPath":{"path":"","propertyPath":"/PLANT","modelName":"NewYardModel"},"interaction":{"idSuffix":"inner"}},"wdio_ui5_key":"etmportal.ui.manageyards.view.Newsap.m.Input{\"path\":\"\",\"propertyPath\":\"/PLANT\",\"modelName\":\"NewYardModel\"}"}]}
RESULT: undefined
COMMAND: POST /session/d26a4c962c30a62404c7ee6425a84c84/execute/async - {"script":"<script> [776 bytes]","args":[{"enterText":"1001","selector":{"controlType":"sap.m.Input","viewName":"etm.portal.ui.manageyards.view.New","viewId":"application-manageyards-display-component---NewYard","bindingPath":{"path":"","propertyPath":"/PLANT","modelName":"NewYardModel"},"interaction":{"idSuffix":"inner"}},"clearTextFirst":true,"interactionType":"ENTER_TEXT"}]}
RESULT: {}
RESULT: {"script":"<script> [776 bytes]","args":[{"enterText":"1001","selector":{"controlType":"sap.m.Input","viewName":"etm.portal.ui.manageyards.view.New","viewId":"application-manageyards-display-component---NewYard","bindingPath":{"path":"","propertyPath":"/PLANT","modelName":"NewYardModel"},"interaction":{"idSuffix":"inner"}},"clearTextFirst":true,"interactionType":"ENTER_TEXT"}]}
COMMAND: POST /session/d26a4c962c30a62404c7ee6425a84c84/execute/async - {"script":"<script> [1562 bytes]","args":[{"selector":{"controlType":"sap.m.Input","viewName":"etm.portal.ui.manageyards.view.New","viewId":"application-manageyards-display-component---NewYard","bindingPath":{"path":"","propertyPath":"/SALES_AREA_VKORG","modelName":"NewYardModel"},"interaction":{"idSuffix":"inner"}},"wdio_ui5_key":"etmportal.ui.manageyards.view.Newsap.m.Input{\"path\":\"\",\"propertyPath\":\"/SALES_AREA_VKORG\",\"modelName\":\"NewYardModel\"}"}]}
RESULT: {"script":"<script> [1562 bytes]","args":[{"selector":{"controlType":"sap.m.Input","viewName":"etm.portal.ui.manageyards.view.New","viewId":"application-manageyards-display-component---NewYard","bindingPath":{"path":"","propertyPath":"/SALES_AREA_VKORG","modelName":"NewYardModel"},"interaction":{"idSuffix":"inner"}},"wdio_ui5_key":"etmportal.ui.manageyards.view.Newsap.m.Input{\"path\":\"\",\"propertyPath\":\"/SALES_AREA_VKORG\",\"modelName\":\"NewYardModel\"}"}]}
RESULT: undefined
COMMAND: POST /session/d26a4c962c30a62404c7ee6425a84c84/execute/async - {"script":"<script> [776 bytes]","args":[{"enterText":"C002","selector":{"controlType":"sap.m.Input","viewName":"etm.portal.ui.manageyards.view.New","viewId":"application-manageyards-display-component---NewYard","bindingPath":{"path":"","propertyPath":"/SALES_AREA_VKORG","modelName":"NewYardModel"},"interaction":{"idSuffix":"inner"}},"clearTextFirst":true,"interactionType":"ENTER_TEXT"}]}
RESULT: {"script":"<script> [776 bytes]","args":[{"enterText":"C002","selector":{"controlType":"sap.m.Input","viewName":"etm.portal.ui.manageyards.view.New","viewId":"application-manageyards-display-component---NewYard","bindingPath":{"path":"","propertyPath":"/SALES_AREA_VKORG","modelName":"NewYardModel"},"interaction":{"idSuffix":"inner"}},"clearTextFirst":true,"interactionType":"ENTER_TEXT"}]}
COMMAND: POST /session/d26a4c962c30a62404c7ee6425a84c84/execute/async - {"script":"<script> [1562 bytes]","args":[{"selector":{"controlType":"sap.m.Input","viewName":"etm.portal.ui.manageyards.view.New","viewId":"application-manageyards-display-component---NewYard","bindingPath":{"path":"","propertyPath":"/SALES_AREA_VTWEG","modelName":"NewYardModel"},"interaction":{"idSuffix":"inner"}},"wdio_ui5_key":"etmportal.ui.manageyards.view.Newsap.m.Input{\"path\":\"\",\"propertyPath\":\"/SALES_AREA_VTWEG\",\"modelName\":\"NewYardModel\"}"}]}
RESULT: {"script":"<script> [1562 bytes]","args":[{"selector":{"controlType":"sap.m.Input","viewName":"etm.portal.ui.manageyards.view.New","viewId":"application-manageyards-display-component---NewYard","bindingPath":{"path":"","propertyPath":"/SALES_AREA_VTWEG","modelName":"NewYardModel"},"interaction":{"idSuffix":"inner"}},"wdio_ui5_key":"etmportal.ui.manageyards.view.Newsap.m.Input{\"path\":\"\",\"propertyPath\":\"/SALES_AREA_VTWEG\",\"modelName\":\"NewYardModel\"}"}]}
RESULT: undefined
COMMAND: POST /session/d26a4c962c30a62404c7ee6425a84c84/execute/async - {"script":"<script> [776 bytes]","args":[{"enterText":"C2","selector":{"controlType":"sap.m.Input","viewName":"etm.portal.ui.manageyards.view.New","viewId":"application-manageyards-display-component---NewYard","bindingPath":{"path":"","propertyPath":"/SALES_AREA_VTWEG","modelName":"NewYardModel"},"interaction":{"idSuffix":"inner"}},"clearTextFirst":true,"interactionType":"ENTER_TEXT"}]}
RESULT: {"script":"<script> [776 bytes]","args":[{"enterText":"C2","selector":{"controlType":"sap.m.Input","viewName":"etm.portal.ui.manageyards.view.New","viewId":"application-manageyards-display-component---NewYard","bindingPath":{"path":"","propertyPath":"/SALES_AREA_VTWEG","modelName":"NewYardModel"},"interaction":{"idSuffix":"inner"}},"clearTextFirst":true,"interactionType":"ENTER_TEXT"}]}
COMMAND: POST /session/d26a4c962c30a62404c7ee6425a84c84/execute/async - {"script":"<script> [1562 bytes]","args":[{"selector":{"controlType":"sap.m.Input","viewName":"etm.portal.ui.manageyards.view.New","viewId":"application-manageyards-display-component---NewYard","bindingPath":{"path":"","propertyPath":"/SALES_AREA_SPART","modelName":"NewYardModel"},"interaction":{"idSuffix":"inner"}},"wdio_ui5_key":"etmportal.ui.manageyards.view.Newsap.m.Input{\"path\":\"\",\"propertyPath\":\"/SALES_AREA_SPART\",\"modelName\":\"NewYardModel\"}"}]}
RESULT: {"script":"<script> [1562 bytes]","args":[{"selector":{"controlType":"sap.m.Input","viewName":"etm.portal.ui.manageyards.view.New","viewId":"application-manageyards-display-component---NewYard","bindingPath":{"path":"","propertyPath":"/SALES_AREA_SPART","modelName":"NewYardModel"},"interaction":{"idSuffix":"inner"}},"wdio_ui5_key":"etmportal.ui.manageyards.view.Newsap.m.Input{\"path\":\"\",\"propertyPath\":\"/SALES_AREA_SPART\",\"modelName\":\"NewYardModel\"}"}]}
RESULT: undefined
COMMAND: POST /session/d26a4c962c30a62404c7ee6425a84c84/execute/async - {"script":"<script> [776 bytes]","args":[{"enterText":"C2","selector":{"controlType":"sap.m.Input","viewName":"etm.portal.ui.manageyards.view.New","viewId":"application-manageyards-display-component---NewYard","bindingPath":{"path":"","propertyPath":"/SALES_AREA_SPART","modelName":"NewYardModel"},"interaction":{"idSuffix":"inner"}},"clearTextFirst":true,"interactionType":"ENTER_TEXT"}]}
RESULT: {"script":"<script> [776 bytes]","args":[{"enterText":"C2","selector":{"controlType":"sap.m.Input","viewName":"etm.portal.ui.manageyards.view.New","viewId":"application-manageyards-display-component---NewYard","bindingPath":{"path":"","propertyPath":"/SALES_AREA_SPART","modelName":"NewYardModel"},"interaction":{"idSuffix":"inner"}},"clearTextFirst":true,"interactionType":"ENTER_TEXT"}]}
COMMAND: POST /session/d26a4c962c30a62404c7ee6425a84c84/execute/async - {"script":"<script> [1562 bytes]","args":[{"selector":{"id":"application-manageyards-display-component---NewYard--whmCheckBox","interaction":{"idSuffix":"CbBg"}},"wdio_ui5_key":"applicationmanageyards-display-component---NewYard--whmCheckBox"}]}
RESULT: {"script":"<script> [1562 bytes]","args":[{"selector":{"id":"application-manageyards-display-component---NewYard--whmCheckBox","interaction":{"idSuffix":"CbBg"}},"wdio_ui5_key":"applicationmanageyards-display-component---NewYard--whmCheckBox"}]}
RESULT: undefined
COMMAND: POST /session/d26a4c962c30a62404c7ee6425a84c84/element - {"using":"xpath","value":"//*[@id=\"application-manageyards-display-component---NewYard--whmCheckBox\"]"}
RESULT: {"using":"xpath","value":"//*[@id=\"application-manageyards-display-component---NewYard--whmCheckBox\"]"}
COMMAND: POST /session/d26a4c962c30a62404c7ee6425a84c84/element/f.CB35230D0BEACCAB597F868E996E95B6.d.8B90DDBDDB0F9A1025D3DEE30D4EE496.e.2668/click - {}
RESULT: {}
COMMAND: POST /session/d26a4c962c30a62404c7ee6425a84c84/execute/async - {"script":"<script> [1562 bytes]","args":[{"selector":{"controlType":"sap.m.Button","viewName":"etm.portal.ui.manageyards.view.New","viewId":"application-manageyards-display-component---NewYard","i18NText":{"propertyName":"text","key":"save"},"interaction":{"idSuffix":"inner"}},"wdio_ui5_key":"etmportal.ui.manageyards.view.Newsap.m.Button{\"propertyName\":\"text\",\"key\":\"save\"}"}]}
COMMAND: GET /session/d26a4c962c30a62404c7ee6425a84c84/screenshot - {}
RESULT: {"script":"<script> [1562 bytes]","args":[{"selector":{"controlType":"sap.m.Button","viewName":"etm.portal.ui.manageyards.view.New","viewId":"application-manageyards-display-component---NewYard","i18NText":{"propertyName":"text","key":"save"},"interaction":{"idSuffix":"inner"}},"wdio_ui5_key":"etmportal.ui.manageyards.view.Newsap.m.Button{\"propertyName\":\"text\",\"key\":\"save\"}"}]}
RESULT: undefined
COMMAND: POST /session/d26a4c962c30a62404c7ee6425a84c84/element - {"using":"xpath","value":"//*[@id=\"__button43\"]"}
RESULT: {}
RESULT: {"using":"xpath","value":"//*[@id=\"__button43\"]"}
COMMAND: POST /session/d26a4c962c30a62404c7ee6425a84c84/element/f.CB35230D0BEACCAB597F868E996E95B6.d.8B90DDBDDB0F9A1025D3DEE30D4EE496.e.2626/click - {}
RESULT: {}
COMMAND: GET /session/d26a4c962c30a62404c7ee6425a84c84/screenshot - {}
RESULT: {}
COMMAND: POST /session/d26a4c962c30a62404c7ee6425a84c84/element - {"using":"xpath","value":"//header/div/div/div/div/div/div[2]/div/span"}
RESULT: {"using":"xpath","value":"//header/div/div/div/div/div/div[2]/div/span"}
COMMAND: GET /session/d26a4c962c30a62404c7ee6425a84c84/element/f.CB35230D0BEACCAB597F868E996E95B6.d.8B90DDBDDB0F9A1025D3DEE30D4EE496.e.2875/text - {}
RESULT: {}
COMMAND: POST /session/d26a4c962c30a62404c7ee6425a84c84/element - {"using":"xpath","value":"//header/div/div[2]/div[2]/span"}
RESULT: {"using":"xpath","value":"//header/div/div[2]/div[2]/span"}
COMMAND: GET /session/d26a4c962c30a62404c7ee6425a84c84/element/f.CB35230D0BEACCAB597F868E996E95B6.d.8B90DDBDDB0F9A1025D3DEE30D4EE496.e.2876/text - {}
RESULT: {}
COMMAND: POST /session/d26a4c962c30a62404c7ee6425a84c84/element - {"using":"css selector","value":"#j_username"}
COMMAND: POST /session/d26a4c962c30a62404c7ee6425a84c84/url - {"url":"https://qa-testing-00-live-etm-ui.cfapps.eu10-004.hana.ondemand.com/"}
RESULT: {"using":"css selector","value":"#j_username"}
COMMAND: POST /session/d26a4c962c30a62404c7ee6425a84c84/element - {"using":"css selector","value":"#j_username"}
RESULT: {"url":"https://qa-testing-00-live-etm-ui.cfapps.eu10-004.hana.ondemand.com/"}
RESULT: undefined
COMMAND: GET /session/d26a4c962c30a62404c7ee6425a84c84/screenshot - {}
RESULT: {"using":"css selector","value":"#j_username"}
COMMAND: POST /session/d26a4c962c30a62404c7ee6425a84c84/element - {"using":"css selector","value":"#shell-header-logo"}
RESULT: {}
RESULT: {"using":"css selector","value":"#shell-header-logo"}
COMMAND: POST /session/d26a4c962c30a62404c7ee6425a84c84/execute/sync - {"script":"<script> [8489 bytes]","args":[{"element-6066-11e4-a52e-4f735466cecf":"f.CB35230D0BEACCAB597F868E996E95B6.d.80469160EADD0808909C540311712EBA.e.2891","ELEMENT":"f.CB35230D0BEACCAB597F868E996E95B6.d.80469160EADD0808909C540311712EBA.e.2891"}]}
RESULT: {"script":"<script> [8489 bytes]","args":[{"element-6066-11e4-a52e-4f735466cecf":"f.CB35230D0BEACCAB597F868E996E95B6.d.80469160EADD0808909C540311712EBA.e.2891","ELEMENT":"f.CB35230D0BEACCAB597F868E996E95B6.d.80469160EADD0808909C540311712EBA.e.2891"}]}
COMMAND: POST /session/d26a4c962c30a62404c7ee6425a84c84/element - {"using":"css selector","value":"#shell-header-logo"}
COMMAND: GET /session/d26a4c962c30a62404c7ee6425a84c84/screenshot - {}
RESULT: {"using":"css selector","value":"#shell-header-logo"}
COMMAND: POST /session/d26a4c962c30a62404c7ee6425a84c84/execute/sync - {"script":"<script> [8489 bytes]","args":[{"element-6066-11e4-a52e-4f735466cecf":"f.CB35230D0BEACCAB597F868E996E95B6.d.80469160EADD0808909C540311712EBA.e.2891","ELEMENT":"f.CB35230D0BEACCAB597F868E996E95B6.d.80469160EADD0808909C540311712EBA.e.2891"}]}
RESULT: {}
RESULT: {"script":"<script> [8489 bytes]","args":[{"element-6066-11e4-a52e-4f735466cecf":"f.CB35230D0BEACCAB597F868E996E95B6.d.80469160EADD0808909C540311712EBA.e.2891","ELEMENT":"f.CB35230D0BEACCAB597F868E996E95B6.d.80469160EADD0808909C540311712EBA.e.2891"}]}
COMMAND: POST /session/d26a4c962c30a62404c7ee6425a84c84/execute/sync - {"script":"<script> [5351 bytes]","args":[{"element-6066-11e4-a52e-4f735466cecf":"f.CB35230D0BEACCAB597F868E996E95B6.d.80469160EADD0808909C540311712EBA.e.2891","ELEMENT":"f.CB35230D0BEACCAB597F868E996E95B6.d.80469160EADD0808909C540311712EBA.e.2891"}]}
COMMAND: GET /session/d26a4c962c30a62404c7ee6425a84c84/screenshot - {}
RESULT: {"script":"<script> [5351 bytes]","args":[{"element-6066-11e4-a52e-4f735466cecf":"f.CB35230D0BEACCAB597F868E996E95B6.d.80469160EADD0808909C540311712EBA.e.2891","ELEMENT":"f.CB35230D0BEACCAB597F868E996E95B6.d.80469160EADD0808909C540311712EBA.e.2891"}]}
COMMAND: POST /session/d26a4c962c30a62404c7ee6425a84c84/element - {"using":"css selector","value":"#shell-header-logo"}
COMMAND: GET /session/d26a4c962c30a62404c7ee6425a84c84/screenshot - {}
RESULT: {}
RESULT: {"using":"css selector","value":"#shell-header-logo"}
COMMAND: POST /session/d26a4c962c30a62404c7ee6425a84c84/element/f.CB35230D0BEACCAB597F868E996E95B6.d.80469160EADD0808909C540311712EBA.e.2891/click - {}
RESULT: {}
RESULT: {}
COMMAND: GET /session/d26a4c962c30a62404c7ee6425a84c84/screenshot - {}
RESULT: {}
COMMAND: POST /session/d26a4c962c30a62404c7ee6425a84c84/execute/async - {"script":"<script> [189 bytes]","args":[]}
RESULT: {"script":"<script> [189 bytes]","args":[]}
COMMAND: POST /session/d26a4c962c30a62404c7ee6425a84c84/execute/async - {"script":"<script> [123 bytes]","args":[]}
RESULT: {"script":"<script> [123 bytes]","args":[]}
COMMAND: POST /session/d26a4c962c30a62404c7ee6425a84c84/timeouts - {"script":"<number>"}
RESULT: {"script":"<number>"}
COMMAND: GET /session/d26a4c962c30a62404c7ee6425a84c84/timeouts - {}
RESULT: {}
RESULT: undefined
COMMAND: POST /session/d26a4c962c30a62404c7ee6425a84c84/execute/async - {"script":"<script> [2676 bytes]","args":[]}
RESULT: {"script":"<script> [2676 bytes]","args":[]}
COMMAND: POST /session/d26a4c962c30a62404c7ee6425a84c84/execute/async - {"script":"<script> [2342 bytes]","args":[{"protocol":"http","hostname":"0.0.0.0","path":"/","capabilities":{"browserName":"chrome","goog:chromeOptions":{"binary":"C:\\Program Files\\Google\\Chrome\\Application\\chrome.exe","args":["--start-maximized"]}},"logLevel":"warn","connectionRetryTimeout":120000,"connectionRetryCount":3,"logLevels":{},"enableDirectConnect":true,"strictSSL":true,"_":"65 more keys: [\"cacheDir\",\"port\",\"requestedCapabilities\",\"automationProtocol\",\"baseUrl\",\"waitforInterval\",\"waitforTimeout\",\"onReload\",\"beforeCommand\",\"afterCommand\",\"rootDir\",\"specs\",\"suites\",\"exclude\",\"groupLogsByTestSpec\",\"excludeDriverLogs\",\"bail\",\"framework\",\"reporters\",\"services\",\"maxInstances\",\"maxInstancesPerCapability\",\"injectGlobals\",\"filesToWatch\",\"execArgv\",\"runnerEnv\",\"runner\",\"shard\",\"specFileRetries\",\"specFileRetriesDelay\",\"specFileRetriesDeferred\",\"reporterSyncInterval\",\"reporterSyncTimeout\",\"cucumberFeaturesWithLineNumbers\",\"autoCompileOpts\",\"mochaOpts\",\"jasmineOpts\",\"cucumberOpts\",\"onPrepare\",\"onWorkerStart\",\"onWorkerEnd\",\"before\",\"beforeSession\",\"beforeSuite\",\"beforeHook\",\"beforeTest\",\"afterTest\",\"afterHook\",\"afterSuite\",\"afterSession\",\"after\",\"onComplete\",\"beforeAssertion\",\"afterAssertion\",\"beforeFeature\",\"beforeScenario\",\"beforeStep\",\"afterStep\",\"afterScenario\",\"afterFeature\",\"_\",\"suite\",\"$0\",\"ignoredWorkerServices\",\"wdi5\"]"}]}
RESULT: {"script":"<script> [2342 bytes]","args":[{"protocol":"http","hostname":"0.0.0.0","path":"/","capabilities":{"browserName":"chrome","goog:chromeOptions":{"binary":"C:\\Program Files\\Google\\Chrome\\Application\\chrome.exe","args":["--start-maximized"]}},"logLevel":"warn","connectionRetryTimeout":120000,"connectionRetryCount":3,"logLevels":{},"enableDirectConnect":true,"strictSSL":true,"_":"65 more keys: [\"cacheDir\",\"port\",\"requestedCapabilities\",\"automationProtocol\",\"baseUrl\",\"waitforInterval\",\"waitforTimeout\",\"onReload\",\"beforeCommand\",\"afterCommand\",\"rootDir\",\"specs\",\"suites\",\"exclude\",\"groupLogsByTestSpec\",\"excludeDriverLogs\",\"bail\",\"framework\",\"reporters\",\"services\",\"maxInstances\",\"maxInstancesPerCapability\",\"injectGlobals\",\"filesToWatch\",\"execArgv\",\"runnerEnv\",\"runner\",\"shard\",\"specFileRetries\",\"specFileRetriesDelay\",\"specFileRetriesDeferred\",\"reporterSyncInterval\",\"reporterSyncTimeout\",\"cucumberFeaturesWithLineNumbers\",\"autoCompileOpts\",\"mochaOpts\",\"jasmineOpts\",\"cucumberOpts\",\"onPrepare\",\"onWorkerStart\",\"onWorkerEnd\",\"before\",\"beforeSession\",\"beforeSuite\",\"beforeHook\",\"beforeTest\",\"afterTest\",\"afterHook\",\"afterSuite\",\"afterSession\",\"after\",\"onComplete\",\"beforeAssertion\",\"afterAssertion\",\"beforeFeature\",\"beforeScenario\",\"beforeStep\",\"afterStep\",\"afterScenario\",\"afterFeature\",\"_\",\"suite\",\"$0\",\"ignoredWorkerServices\",\"wdi5\"]"}]}
COMMAND: POST /session/d26a4c962c30a62404c7ee6425a84c84/execute/async - {"script":"<script> [21126 bytes]","args":[35000]}
RESULT: {"script":"<script> [21126 bytes]","args":[35000]}
COMMAND: POST /session/d26a4c962c30a62404c7ee6425a84c84/window/maximize - {}
RESULT: {}
COMMAND: POST /session/d26a4c962c30a62404c7ee6425a84c84/execute/async - {"script":"<script> [1562 bytes]","args":[{"selector":{"id":"shell-header","interaction":{"idSuffix":"icon"}},"wdio_ui5_key":"shellheader"}]}
COMMAND: GET /session/d26a4c962c30a62404c7ee6425a84c84/screenshot - {}
RESULT: {"script":"<script> [1562 bytes]","args":[{"selector":{"id":"shell-header","interaction":{"idSuffix":"icon"}},"wdio_ui5_key":"shellheader"}]}
RESULT: undefined
COMMAND: POST /session/d26a4c962c30a62404c7ee6425a84c84/refresh - {}
RESULT: {}
RESULT: {}
COMMAND: GET /session/d26a4c962c30a62404c7ee6425a84c84/screenshot - {}
RESULT: {}
COMMAND: POST /session/d26a4c962c30a62404c7ee6425a84c84/refresh - {}
RESULT: {}
COMMAND: GET /session/d26a4c962c30a62404c7ee6425a84c84/screenshot - {}
RESULT: {}
COMMAND: POST /session/d26a4c962c30a62404c7ee6425a84c84/window/fullscreen - {}
RESULT: {}
COMMAND: POST /session/d26a4c962c30a62404c7ee6425a84c84/execute/async - {"script":"<script> [189 bytes]","args":[]}
RESULT: {"script":"<script> [189 bytes]","args":[]}
COMMAND: POST /session/d26a4c962c30a62404c7ee6425a84c84/execute/async - {"script":"<script> [123 bytes]","args":[]}
RESULT: {"script":"<script> [123 bytes]","args":[]}
COMMAND: POST /session/d26a4c962c30a62404c7ee6425a84c84/timeouts - {"script":"<number>"}
RESULT: {"script":"<number>"}
COMMAND: GET /session/d26a4c962c30a62404c7ee6425a84c84/timeouts - {}
RESULT: {}
RESULT: undefined
COMMAND: POST /session/d26a4c962c30a62404c7ee6425a84c84/execute/async - {"script":"<script> [2676 bytes]","args":[]}
RESULT: {"script":"<script> [2676 bytes]","args":[]}
COMMAND: POST /session/d26a4c962c30a62404c7ee6425a84c84/execute/async - {"script":"<script> [2342 bytes]","args":[{"protocol":"http","hostname":"0.0.0.0","path":"/","capabilities":{"browserName":"chrome","goog:chromeOptions":{"binary":"C:\\Program Files\\Google\\Chrome\\Application\\chrome.exe","args":["--start-maximized"]}},"logLevel":"warn","connectionRetryTimeout":120000,"connectionRetryCount":3,"logLevels":{},"enableDirectConnect":true,"strictSSL":true,"_":"65 more keys: [\"cacheDir\",\"port\",\"requestedCapabilities\",\"automationProtocol\",\"baseUrl\",\"waitforInterval\",\"waitforTimeout\",\"onReload\",\"beforeCommand\",\"afterCommand\",\"rootDir\",\"specs\",\"suites\",\"exclude\",\"groupLogsByTestSpec\",\"excludeDriverLogs\",\"bail\",\"framework\",\"reporters\",\"services\",\"maxInstances\",\"maxInstancesPerCapability\",\"injectGlobals\",\"filesToWatch\",\"execArgv\",\"runnerEnv\",\"runner\",\"shard\",\"specFileRetries\",\"specFileRetriesDelay\",\"specFileRetriesDeferred\",\"reporterSyncInterval\",\"reporterSyncTimeout\",\"cucumberFeaturesWithLineNumbers\",\"autoCompileOpts\",\"mochaOpts\",\"jasmineOpts\",\"cucumberOpts\",\"onPrepare\",\"onWorkerStart\",\"onWorkerEnd\",\"before\",\"beforeSession\",\"beforeSuite\",\"beforeHook\",\"beforeTest\",\"afterTest\",\"afterHook\",\"afterSuite\",\"afterSession\",\"after\",\"onComplete\",\"beforeAssertion\",\"afterAssertion\",\"beforeFeature\",\"beforeScenario\",\"beforeStep\",\"afterStep\",\"afterScenario\",\"afterFeature\",\"_\",\"suite\",\"$0\",\"ignoredWorkerServices\",\"wdi5\"]"}]}
RESULT: {"script":"<script> [2342 bytes]","args":[{"protocol":"http","hostname":"0.0.0.0","path":"/","capabilities":{"browserName":"chrome","goog:chromeOptions":{"binary":"C:\\Program Files\\Google\\Chrome\\Application\\chrome.exe","args":["--start-maximized"]}},"logLevel":"warn","connectionRetryTimeout":120000,"connectionRetryCount":3,"logLevels":{},"enableDirectConnect":true,"strictSSL":true,"_":"65 more keys: [\"cacheDir\",\"port\",\"requestedCapabilities\",\"automationProtocol\",\"baseUrl\",\"waitforInterval\",\"waitforTimeout\",\"onReload\",\"beforeCommand\",\"afterCommand\",\"rootDir\",\"specs\",\"suites\",\"exclude\",\"groupLogsByTestSpec\",\"excludeDriverLogs\",\"bail\",\"framework\",\"reporters\",\"services\",\"maxInstances\",\"maxInstancesPerCapability\",\"injectGlobals\",\"filesToWatch\",\"execArgv\",\"runnerEnv\",\"runner\",\"shard\",\"specFileRetries\",\"specFileRetriesDelay\",\"specFileRetriesDeferred\",\"reporterSyncInterval\",\"reporterSyncTimeout\",\"cucumberFeaturesWithLineNumbers\",\"autoCompileOpts\",\"mochaOpts\",\"jasmineOpts\",\"cucumberOpts\",\"onPrepare\",\"onWorkerStart\",\"onWorkerEnd\",\"before\",\"beforeSession\",\"beforeSuite\",\"beforeHook\",\"beforeTest\",\"afterTest\",\"afterHook\",\"afterSuite\",\"afterSession\",\"after\",\"onComplete\",\"beforeAssertion\",\"afterAssertion\",\"beforeFeature\",\"beforeScenario\",\"beforeStep\",\"afterStep\",\"afterScenario\",\"afterFeature\",\"_\",\"suite\",\"$0\",\"ignoredWorkerServices\",\"wdi5\"]"}]}
COMMAND: POST /session/d26a4c962c30a62404c7ee6425a84c84/execute/async - {"script":"<script> [21126 bytes]","args":[35000]}
RESULT: {"script":"<script> [21126 bytes]","args":[35000]}
]]></system-out>
    </testcase>
  </testsuite>
  <testsuite timestamp="2025-04-30T15:26:14" time="198.511" tests="2" failures="0" errors="0" skipped="0">
    <properties>
      <property name="specId" value="0" />
      <property name="suiteName" value="Create partner US118246" />
      <property name="capabilities" value="chrome.135_0_7049_96.windows" />
      <property name="file" value="file:///D:/a/1/s/test/specs/BTS/create-partner.spec.js" />
    </properties>
    <testcase classname="chrome.135_0_7049_96.windows.Create_partner_US118246" name="Should create new external partner" time="78.81">
      <system-out><![CDATA[
COMMAND: POST /session/d26a4c962c30a62404c7ee6425a84c84/window/fullscreen - {}
RESULT: {}
COMMAND: POST /session/d26a4c962c30a62404c7ee6425a84c84/execute/async - {"script":"<script> [1562 bytes]","args":[{"selector":{"controlType":"sap.m.GenericTile","properties":{"header":"Manage Partners"}},"wdio_ui5_key":"sapm.GenericTile{\"header\":\"Manage Partners\"}"}]}
RESULT: {"script":"<script> [1562 bytes]","args":[{"selector":{"controlType":"sap.m.GenericTile","properties":{"header":"Manage Partners"}},"wdio_ui5_key":"sapm.GenericTile{\"header\":\"Manage Partners\"}"}]}
RESULT: undefined
COMMAND: POST /session/d26a4c962c30a62404c7ee6425a84c84/element - {"using":"xpath","value":"//*[@id=\"__tile38\"]"}
RESULT: {"using":"xpath","value":"//*[@id=\"__tile38\"]"}
COMMAND: POST /session/d26a4c962c30a62404c7ee6425a84c84/element/f.CB35230D0BEACCAB597F868E996E95B6.d.FA866EB5F3D43D0C4550C52C352823DB.e.3043/click - {}
RESULT: {}
COMMAND: POST /session/d26a4c962c30a62404c7ee6425a84c84/element - {"using":"xpath","value":"//button[@data-kt=\"addButton\"]"}
COMMAND: GET /session/d26a4c962c30a62404c7ee6425a84c84/screenshot - {}
RESULT: {"using":"xpath","value":"//button[@data-kt=\"addButton\"]"}
COMMAND: POST /session/d26a4c962c30a62404c7ee6425a84c84/elements - {"using":"xpath","value":"//button[@data-kt=\"addButton\"]"}
RESULT: {}
RESULT: {"using":"xpath","value":"//button[@data-kt=\"addButton\"]"}
COMMAND: POST /session/d26a4c962c30a62404c7ee6425a84c84/elements - {"using":"xpath","value":"//button[@data-kt=\"addButton\"]"}
RESULT: {"using":"xpath","value":"//button[@data-kt=\"addButton\"]"}
COMMAND: POST /session/d26a4c962c30a62404c7ee6425a84c84/elements - {"using":"xpath","value":"//button[@data-kt=\"addButton\"]"}
RESULT: {"using":"xpath","value":"//button[@data-kt=\"addButton\"]"}
COMMAND: POST /session/d26a4c962c30a62404c7ee6425a84c84/elements - {"using":"xpath","value":"//button[@data-kt=\"addButton\"]"}
RESULT: {"using":"xpath","value":"//button[@data-kt=\"addButton\"]"}
COMMAND: POST /session/d26a4c962c30a62404c7ee6425a84c84/elements - {"using":"xpath","value":"//button[@data-kt=\"addButton\"]"}
RESULT: {"using":"xpath","value":"//button[@data-kt=\"addButton\"]"}
COMMAND: POST /session/d26a4c962c30a62404c7ee6425a84c84/elements - {"using":"xpath","value":"//button[@data-kt=\"addButton\"]"}
RESULT: {"using":"xpath","value":"//button[@data-kt=\"addButton\"]"}
COMMAND: POST /session/d26a4c962c30a62404c7ee6425a84c84/elements - {"using":"xpath","value":"//button[@data-kt=\"addButton\"]"}
RESULT: {"using":"xpath","value":"//button[@data-kt=\"addButton\"]"}
COMMAND: POST /session/d26a4c962c30a62404c7ee6425a84c84/elements - {"using":"xpath","value":"//button[@data-kt=\"addButton\"]"}
RESULT: {"using":"xpath","value":"//button[@data-kt=\"addButton\"]"}
COMMAND: POST /session/d26a4c962c30a62404c7ee6425a84c84/elements - {"using":"xpath","value":"//button[@data-kt=\"addButton\"]"}
RESULT: {"using":"xpath","value":"//button[@data-kt=\"addButton\"]"}
COMMAND: POST /session/d26a4c962c30a62404c7ee6425a84c84/elements - {"using":"xpath","value":"//button[@data-kt=\"addButton\"]"}
RESULT: {"using":"xpath","value":"//button[@data-kt=\"addButton\"]"}
COMMAND: POST /session/d26a4c962c30a62404c7ee6425a84c84/elements - {"using":"xpath","value":"//button[@data-kt=\"addButton\"]"}
RESULT: {"using":"xpath","value":"//button[@data-kt=\"addButton\"]"}
COMMAND: POST /session/d26a4c962c30a62404c7ee6425a84c84/elements - {"using":"xpath","value":"//button[@data-kt=\"addButton\"]"}
RESULT: {"using":"xpath","value":"//button[@data-kt=\"addButton\"]"}
COMMAND: POST /session/d26a4c962c30a62404c7ee6425a84c84/elements - {"using":"xpath","value":"//button[@data-kt=\"addButton\"]"}
RESULT: {"using":"xpath","value":"//button[@data-kt=\"addButton\"]"}
COMMAND: POST /session/d26a4c962c30a62404c7ee6425a84c84/elements - {"using":"xpath","value":"//button[@data-kt=\"addButton\"]"}
RESULT: {"using":"xpath","value":"//button[@data-kt=\"addButton\"]"}
COMMAND: POST /session/d26a4c962c30a62404c7ee6425a84c84/elements - {"using":"xpath","value":"//button[@data-kt=\"addButton\"]"}
RESULT: {"using":"xpath","value":"//button[@data-kt=\"addButton\"]"}
COMMAND: POST /session/d26a4c962c30a62404c7ee6425a84c84/elements - {"using":"xpath","value":"//button[@data-kt=\"addButton\"]"}
RESULT: {"using":"xpath","value":"//button[@data-kt=\"addButton\"]"}
COMMAND: POST /session/d26a4c962c30a62404c7ee6425a84c84/elements - {"using":"xpath","value":"//button[@data-kt=\"addButton\"]"}
RESULT: {"using":"xpath","value":"//button[@data-kt=\"addButton\"]"}
COMMAND: POST /session/d26a4c962c30a62404c7ee6425a84c84/element - {"using":"xpath","value":"//button[@data-kt=\"addButton\"]"}
RESULT: {"using":"xpath","value":"//button[@data-kt=\"addButton\"]"}
COMMAND: POST /session/d26a4c962c30a62404c7ee6425a84c84/execute/sync - {"script":"<script> [8489 bytes]","args":[{"element-6066-11e4-a52e-4f735466cecf":"f.CB35230D0BEACCAB597F868E996E95B6.d.FA866EB5F3D43D0C4550C52C352823DB.e.3189","ELEMENT":"f.CB35230D0BEACCAB597F868E996E95B6.d.FA866EB5F3D43D0C4550C52C352823DB.e.3189"}]}
RESULT: {"script":"<script> [8489 bytes]","args":[{"element-6066-11e4-a52e-4f735466cecf":"f.CB35230D0BEACCAB597F868E996E95B6.d.FA866EB5F3D43D0C4550C52C352823DB.e.3189","ELEMENT":"f.CB35230D0BEACCAB597F868E996E95B6.d.FA866EB5F3D43D0C4550C52C352823DB.e.3189"}]}
COMMAND: GET /session/d26a4c962c30a62404c7ee6425a84c84/element/f.CB35230D0BEACCAB597F868E996E95B6.d.FA866EB5F3D43D0C4550C52C352823DB.e.3189/enabled - {}
COMMAND: GET /session/d26a4c962c30a62404c7ee6425a84c84/screenshot - {}
RESULT: {}
COMMAND: POST /session/d26a4c962c30a62404c7ee6425a84c84/execute/sync - {"script":"<script> [8489 bytes]","args":[{"element-6066-11e4-a52e-4f735466cecf":"f.CB35230D0BEACCAB597F868E996E95B6.d.FA866EB5F3D43D0C4550C52C352823DB.e.3189","ELEMENT":"f.CB35230D0BEACCAB597F868E996E95B6.d.FA866EB5F3D43D0C4550C52C352823DB.e.3189"}]}
COMMAND: GET /session/d26a4c962c30a62404c7ee6425a84c84/screenshot - {}
RESULT: {}
RESULT: {"script":"<script> [8489 bytes]","args":[{"element-6066-11e4-a52e-4f735466cecf":"f.CB35230D0BEACCAB597F868E996E95B6.d.FA866EB5F3D43D0C4550C52C352823DB.e.3189","ELEMENT":"f.CB35230D0BEACCAB597F868E996E95B6.d.FA866EB5F3D43D0C4550C52C352823DB.e.3189"}]}
COMMAND: POST /session/d26a4c962c30a62404c7ee6425a84c84/execute/sync - {"script":"<script> [5351 bytes]","args":[{"element-6066-11e4-a52e-4f735466cecf":"f.CB35230D0BEACCAB597F868E996E95B6.d.FA866EB5F3D43D0C4550C52C352823DB.e.3189","ELEMENT":"f.CB35230D0BEACCAB597F868E996E95B6.d.FA866EB5F3D43D0C4550C52C352823DB.e.3189"}]}
COMMAND: GET /session/d26a4c962c30a62404c7ee6425a84c84/screenshot - {}
RESULT: {}
RESULT: {"script":"<script> [5351 bytes]","args":[{"element-6066-11e4-a52e-4f735466cecf":"f.CB35230D0BEACCAB597F868E996E95B6.d.FA866EB5F3D43D0C4550C52C352823DB.e.3189","ELEMENT":"f.CB35230D0BEACCAB597F868E996E95B6.d.FA866EB5F3D43D0C4550C52C352823DB.e.3189"}]}
COMMAND: POST /session/d26a4c962c30a62404c7ee6425a84c84/element/f.CB35230D0BEACCAB597F868E996E95B6.d.FA866EB5F3D43D0C4550C52C352823DB.e.3189/click - {}
COMMAND: GET /session/d26a4c962c30a62404c7ee6425a84c84/screenshot - {}
RESULT: {}
RESULT: {}
COMMAND: GET /session/d26a4c962c30a62404c7ee6425a84c84/screenshot - {}
COMMAND: POST /session/d26a4c962c30a62404c7ee6425a84c84/execute/async - {"script":"<script> [1562 bytes]","args":[{"selector":{"id":"application-managepartners-display-component---NewPartner--addressDetailDetailsName1","interaction":{"idSuffix":"inner"}},"wdio_ui5_key":"applicationmanagepartners-display-component---NewPartner--addressDetailDetailsName1"}]}
RESULT: {}
RESULT: {}
RESULT: {"script":"<script> [1562 bytes]","args":[{"selector":{"id":"application-managepartners-display-component---NewPartner--addressDetailDetailsName1","interaction":{"idSuffix":"inner"}},"wdio_ui5_key":"applicationmanagepartners-display-component---NewPartner--addressDetailDetailsName1"}]}
RESULT: undefined
COMMAND: POST /session/d26a4c962c30a62404c7ee6425a84c84/execute/async - {"script":"<script> [776 bytes]","args":[{"enterText":"External Partner WDIO","selector":{"id":"application-managepartners-display-component---NewPartner--addressDetailDetailsName1","interaction":{"idSuffix":"inner"}},"clearTextFirst":true,"interactionType":"ENTER_TEXT"}]}
RESULT: {"script":"<script> [776 bytes]","args":[{"enterText":"External Partner WDIO","selector":{"id":"application-managepartners-display-component---NewPartner--addressDetailDetailsName1","interaction":{"idSuffix":"inner"}},"clearTextFirst":true,"interactionType":"ENTER_TEXT"}]}
COMMAND: POST /session/d26a4c962c30a62404c7ee6425a84c84/execute/async - {"script":"<script> [1562 bytes]","args":[{"selector":{"id":"application-managepartners-display-component---NewPartner--addressDetailDetailsLanguage-arrow"},"wdio_ui5_key":"applicationmanagepartners-display-component---NewPartner--addressDetailDetailsLanguage-arrow"}]}
RESULT: {"script":"<script> [1562 bytes]","args":[{"selector":{"id":"application-managepartners-display-component---NewPartner--addressDetailDetailsLanguage-arrow"},"wdio_ui5_key":"applicationmanagepartners-display-component---NewPartner--addressDetailDetailsLanguage-arrow"}]}
RESULT: undefined
COMMAND: POST /session/d26a4c962c30a62404c7ee6425a84c84/element - {"using":"xpath","value":"//*[@id=\"application-managepartners-display-component---NewPartner--addressDetailDetailsLanguage-arrow\"]"}
RESULT: {"using":"xpath","value":"//*[@id=\"application-managepartners-display-component---NewPartner--addressDetailDetailsLanguage-arrow\"]"}
COMMAND: POST /session/d26a4c962c30a62404c7ee6425a84c84/element/f.CB35230D0BEACCAB597F868E996E95B6.d.FA866EB5F3D43D0C4550C52C352823DB.e.3643/click - {}
RESULT: {}
COMMAND: POST /session/d26a4c962c30a62404c7ee6425a84c84/element - {"using":"xpath","value":"//span[contains(text(), \"English\")]"}
COMMAND: GET /session/d26a4c962c30a62404c7ee6425a84c84/screenshot - {}
RESULT: {"using":"xpath","value":"//span[contains(text(), \"English\")]"}
COMMAND: POST /session/d26a4c962c30a62404c7ee6425a84c84/element/f.CB35230D0BEACCAB597F868E996E95B6.d.FA866EB5F3D43D0C4550C52C352823DB.e.3644/click - {}
RESULT: {}
RESULT: {}
COMMAND: GET /session/d26a4c962c30a62404c7ee6425a84c84/screenshot - {}
RESULT: {}
COMMAND: POST /session/d26a4c962c30a62404c7ee6425a84c84/execute/async - {"script":"<script> [1562 bytes]","args":[{"selector":{"id":"application-managepartners-display-component---NewPartner--addressDetailDetailsCity1","interaction":{"idSuffix":"inner"}},"wdio_ui5_key":"applicationmanagepartners-display-component---NewPartner--addressDetailDetailsCity1"}]}
RESULT: {"script":"<script> [1562 bytes]","args":[{"selector":{"id":"application-managepartners-display-component---NewPartner--addressDetailDetailsCity1","interaction":{"idSuffix":"inner"}},"wdio_ui5_key":"applicationmanagepartners-display-component---NewPartner--addressDetailDetailsCity1"}]}
RESULT: undefined
COMMAND: POST /session/d26a4c962c30a62404c7ee6425a84c84/execute/async - {"script":"<script> [776 bytes]","args":[{"enterText":"Rosario","selector":{"id":"application-managepartners-display-component---NewPartner--addressDetailDetailsCity1","interaction":{"idSuffix":"inner"}},"clearTextFirst":true,"interactionType":"ENTER_TEXT"}]}
RESULT: {"script":"<script> [776 bytes]","args":[{"enterText":"Rosario","selector":{"id":"application-managepartners-display-component---NewPartner--addressDetailDetailsCity1","interaction":{"idSuffix":"inner"}},"clearTextFirst":true,"interactionType":"ENTER_TEXT"}]}
COMMAND: POST /session/d26a4c962c30a62404c7ee6425a84c84/execute/async - {"script":"<script> [1562 bytes]","args":[{"selector":{"id":"application-managepartners-display-component---NewPartner--addressDetailDetailsCountry-arrow"},"wdio_ui5_key":"applicationmanagepartners-display-component---NewPartner--addressDetailDetailsCountry-arrow"}]}
RESULT: {"script":"<script> [1562 bytes]","args":[{"selector":{"id":"application-managepartners-display-component---NewPartner--addressDetailDetailsCountry-arrow"},"wdio_ui5_key":"applicationmanagepartners-display-component---NewPartner--addressDetailDetailsCountry-arrow"}]}
RESULT: undefined
COMMAND: POST /session/d26a4c962c30a62404c7ee6425a84c84/element - {"using":"xpath","value":"//*[@id=\"application-managepartners-display-component---NewPartner--addressDetailDetailsCountry-arrow\"]"}
RESULT: {"using":"xpath","value":"//*[@id=\"application-managepartners-display-component---NewPartner--addressDetailDetailsCountry-arrow\"]"}
COMMAND: POST /session/d26a4c962c30a62404c7ee6425a84c84/element/f.CB35230D0BEACCAB597F868E996E95B6.d.FA866EB5F3D43D0C4550C52C352823DB.e.3630/click - {}
RESULT: {}
COMMAND: POST /session/d26a4c962c30a62404c7ee6425a84c84/element - {"using":"xpath","value":"//span[contains(text(), \"Argentina\")]"}
COMMAND: GET /session/d26a4c962c30a62404c7ee6425a84c84/screenshot - {}
RESULT: {"using":"xpath","value":"//span[contains(text(), \"Argentina\")]"}
COMMAND: POST /session/d26a4c962c30a62404c7ee6425a84c84/element/f.CB35230D0BEACCAB597F868E996E95B6.d.FA866EB5F3D43D0C4550C52C352823DB.e.3646/click - {}
RESULT: {}
RESULT: {}
COMMAND: GET /session/d26a4c962c30a62404c7ee6425a84c84/screenshot - {}
RESULT: {}
COMMAND: POST /session/d26a4c962c30a62404c7ee6425a84c84/element - {"using":"xpath","value":"//bdi[contains(text(), \"Commercial\")]"}
RESULT: {"using":"xpath","value":"//bdi[contains(text(), \"Commercial\")]"}
COMMAND: POST /session/d26a4c962c30a62404c7ee6425a84c84/element/f.CB35230D0BEACCAB597F868E996E95B6.d.FA866EB5F3D43D0C4550C52C352823DB.e.3647/click - {}
RESULT: {}
COMMAND: GET /session/d26a4c962c30a62404c7ee6425a84c84/screenshot - {}
RESULT: {}
COMMAND: POST /session/d26a4c962c30a62404c7ee6425a84c84/execute/async - {"script":"<script> [1562 bytes]","args":[{"selector":{"id":"application-managepartners-display-component---NewPartner--partnerDetailInternal-arrow"},"wdio_ui5_key":"applicationmanagepartners-display-component---NewPartner--partnerDetailInternal-arrow"}]}
RESULT: {"script":"<script> [1562 bytes]","args":[{"selector":{"id":"application-managepartners-display-component---NewPartner--partnerDetailInternal-arrow"},"wdio_ui5_key":"applicationmanagepartners-display-component---NewPartner--partnerDetailInternal-arrow"}]}
RESULT: undefined
COMMAND: POST /session/d26a4c962c30a62404c7ee6425a84c84/element - {"using":"xpath","value":"//*[@id=\"application-managepartners-display-component---NewPartner--partnerDetailInternal-arrow\"]"}
RESULT: {"using":"xpath","value":"//*[@id=\"application-managepartners-display-component---NewPartner--partnerDetailInternal-arrow\"]"}
COMMAND: POST /session/d26a4c962c30a62404c7ee6425a84c84/element/f.CB35230D0BEACCAB597F868E996E95B6.d.FA866EB5F3D43D0C4550C52C352823DB.e.3653/click - {}
RESULT: {}
COMMAND: POST /session/d26a4c962c30a62404c7ee6425a84c84/element - {"using":"xpath","value":"//span[contains(text(), \"External partner\")]"}
COMMAND: GET /session/d26a4c962c30a62404c7ee6425a84c84/screenshot - {}
RESULT: {"using":"xpath","value":"//span[contains(text(), \"External partner\")]"}
COMMAND: POST /session/d26a4c962c30a62404c7ee6425a84c84/element/f.CB35230D0BEACCAB597F868E996E95B6.d.FA866EB5F3D43D0C4550C52C352823DB.e.3654/click - {}
RESULT: {}
RESULT: {}
COMMAND: POST /session/d26a4c962c30a62404c7ee6425a84c84/execute/async - {"script":"<script> [1562 bytes]","args":[{"selector":{"id":"application-managepartners-display-component---NewPartner--partnerDetailsCurrency-arrow"},"wdio_ui5_key":"applicationmanagepartners-display-component---NewPartner--partnerDetailsCurrency-arrow"}]}
COMMAND: GET /session/d26a4c962c30a62404c7ee6425a84c84/screenshot - {}
RESULT: {"script":"<script> [1562 bytes]","args":[{"selector":{"id":"application-managepartners-display-component---NewPartner--partnerDetailsCurrency-arrow"},"wdio_ui5_key":"applicationmanagepartners-display-component---NewPartner--partnerDetailsCurrency-arrow"}]}
RESULT: undefined
COMMAND: POST /session/d26a4c962c30a62404c7ee6425a84c84/element - {"using":"xpath","value":"//*[@id=\"application-managepartners-display-component---NewPartner--partnerDetailsCurrency-arrow\"]"}
RESULT: {}
RESULT: {"using":"xpath","value":"//*[@id=\"application-managepartners-display-component---NewPartner--partnerDetailsCurrency-arrow\"]"}
COMMAND: POST /session/d26a4c962c30a62404c7ee6425a84c84/element/f.CB35230D0BEACCAB597F868E996E95B6.d.FA866EB5F3D43D0C4550C52C352823DB.e.3659/click - {}
RESULT: {}
COMMAND: POST /session/d26a4c962c30a62404c7ee6425a84c84/element - {"using":"xpath","value":"//span[contains(text(), \"US Dollar\")]"}
COMMAND: GET /session/d26a4c962c30a62404c7ee6425a84c84/screenshot - {}
RESULT: {"using":"xpath","value":"//span[contains(text(), \"US Dollar\")]"}
COMMAND: POST /session/d26a4c962c30a62404c7ee6425a84c84/element/f.CB35230D0BEACCAB597F868E996E95B6.d.FA866EB5F3D43D0C4550C52C352823DB.e.3660/click - {}
RESULT: {}
RESULT: {}
COMMAND: GET /session/d26a4c962c30a62404c7ee6425a84c84/screenshot - {}
RESULT: {}
COMMAND: POST /session/d26a4c962c30a62404c7ee6425a84c84/element - {"using":"xpath","value":"//input[@id=\"application-managepartners-display-component---NewPartner--companyCodeComboBox-inner\"]"}
RESULT: {"using":"xpath","value":"//input[@id=\"application-managepartners-display-component---NewPartner--companyCodeComboBox-inner\"]"}
COMMAND: POST /session/d26a4c962c30a62404c7ee6425a84c84/element/f.CB35230D0BEACCAB597F868E996E95B6.d.FA866EB5F3D43D0C4550C52C352823DB.e.3499/clear - {}
RESULT: {}
COMMAND: POST /session/d26a4c962c30a62404c7ee6425a84c84/element/f.CB35230D0BEACCAB597F868E996E95B6.d.FA866EB5F3D43D0C4550C52C352823DB.e.3499/value - {"text":"C002"}
COMMAND: GET /session/d26a4c962c30a62404c7ee6425a84c84/screenshot - {}
RESULT: {"text":"C002"}
COMMAND: GET /session/d26a4c962c30a62404c7ee6425a84c84/screenshot - {}
RESULT: {}
RESULT: {}
COMMAND: POST /session/d26a4c962c30a62404c7ee6425a84c84/element - {"using":"xpath","value":"//span[contains(text(), \"C002\")]"}
RESULT: {"using":"xpath","value":"//span[contains(text(), \"C002\")]"}
COMMAND: POST /session/d26a4c962c30a62404c7ee6425a84c84/element/f.CB35230D0BEACCAB597F868E996E95B6.d.FA866EB5F3D43D0C4550C52C352823DB.e.3664/click - {}
RESULT: {}
COMMAND: GET /session/d26a4c962c30a62404c7ee6425a84c84/screenshot - {}
RESULT: {}
COMMAND: POST /session/d26a4c962c30a62404c7ee6425a84c84/execute/async - {"script":"<script> [1562 bytes]","args":[{"selector":{"id":"application-managepartners-display-component---NewPartner--btnAddTableRow-img"},"wdio_ui5_key":"applicationmanagepartners-display-component---NewPartner--btnAddTableRow-img"}]}
RESULT: {"script":"<script> [1562 bytes]","args":[{"selector":{"id":"application-managepartners-display-component---NewPartner--btnAddTableRow-img"},"wdio_ui5_key":"applicationmanagepartners-display-component---NewPartner--btnAddTableRow-img"}]}
RESULT: undefined
COMMAND: POST /session/d26a4c962c30a62404c7ee6425a84c84/element - {"using":"xpath","value":"//*[@id=\"application-managepartners-display-component---NewPartner--btnAddTableRow-img\"]"}
RESULT: {"using":"xpath","value":"//*[@id=\"application-managepartners-display-component---NewPartner--btnAddTableRow-img\"]"}
COMMAND: POST /session/d26a4c962c30a62404c7ee6425a84c84/element/f.CB35230D0BEACCAB597F868E996E95B6.d.FA866EB5F3D43D0C4550C52C352823DB.e.3665/click - {}
RESULT: {}
COMMAND: GET /session/d26a4c962c30a62404c7ee6425a84c84/screenshot - {}
RESULT: {}
COMMAND: POST /session/d26a4c962c30a62404c7ee6425a84c84/element - {"using":"xpath","value":"//input[@id=\"application-managepartners-display-component---NewPartner--assignmentYard-application-managepartners-display-component---NewPartner--assignmentsTable-0-inner\"]"}
RESULT: {"using":"xpath","value":"//input[@id=\"application-managepartners-display-component---NewPartner--assignmentYard-application-managepartners-display-component---NewPartner--assignmentsTable-0-inner\"]"}
COMMAND: POST /session/d26a4c962c30a62404c7ee6425a84c84/element/f.CB35230D0BEACCAB597F868E996E95B6.d.FA866EB5F3D43D0C4550C52C352823DB.e.3668/clear - {}
RESULT: {}
COMMAND: POST /session/d26a4c962c30a62404c7ee6425a84c84/element/f.CB35230D0BEACCAB597F868E996E95B6.d.FA866EB5F3D43D0C4550C52C352823DB.e.3668/value - {"text":"456"}
COMMAND: GET /session/d26a4c962c30a62404c7ee6425a84c84/screenshot - {}
RESULT: {"text":"456"}
COMMAND: GET /session/d26a4c962c30a62404c7ee6425a84c84/screenshot - {}
RESULT: {}
RESULT: {}
COMMAND: POST /session/d26a4c962c30a62404c7ee6425a84c84/element - {"using":"xpath","value":"//li[.//span[text()='456']]"}
RESULT: {"using":"xpath","value":"//li[.//span[text()='456']]"}
COMMAND: POST /session/d26a4c962c30a62404c7ee6425a84c84/element/f.CB35230D0BEACCAB597F868E996E95B6.d.FA866EB5F3D43D0C4550C52C352823DB.e.3675/click - {}
RESULT: {}
COMMAND: GET /session/d26a4c962c30a62404c7ee6425a84c84/screenshot - {}
RESULT: {}
COMMAND: POST /session/d26a4c962c30a62404c7ee6425a84c84/actions - {"actions":[{"id":"action6","type":"key","parameters":{},"actions":[{"type":"keyDown","value":"î€‡"},{"type":"pause","duration":10},{"type":"keyUp","value":"î€‡"}]}]}
RESULT: {"actions":[{"id":"action6","type":"key","parameters":{},"actions":[{"type":"keyDown","value":"î€‡"},{"type":"pause","duration":10},{"type":"keyUp","value":"î€‡"}]}]}
COMMAND: POST /session/d26a4c962c30a62404c7ee6425a84c84/element - {"using":"xpath","value":"//td[contains(@id, \"assignmentsTable-0-cell2\")]/div/div"}
COMMAND: GET /session/d26a4c962c30a62404c7ee6425a84c84/screenshot - {}
RESULT: {"using":"xpath","value":"//td[contains(@id, \"assignmentsTable-0-cell2\")]/div/div"}
COMMAND: POST /session/d26a4c962c30a62404c7ee6425a84c84/element/f.CB35230D0BEACCAB597F868E996E95B6.d.FA866EB5F3D43D0C4550C52C352823DB.e.3678/click - {}
RESULT: {}
RESULT: {}
COMMAND: GET /session/d26a4c962c30a62404c7ee6425a84c84/screenshot - {}
RESULT: {}
COMMAND: POST /session/d26a4c962c30a62404c7ee6425a84c84/element - {"using":"xpath","value":"//button[@data-kt=\"saveButton\"]"}
RESULT: {"using":"xpath","value":"//button[@data-kt=\"saveButton\"]"}
COMMAND: POST /session/d26a4c962c30a62404c7ee6425a84c84/element/f.CB35230D0BEACCAB597F868E996E95B6.d.FA866EB5F3D43D0C4550C52C352823DB.e.3580/click - {}
RESULT: {}
COMMAND: GET /session/d26a4c962c30a62404c7ee6425a84c84/screenshot - {}
RESULT: {}
COMMAND: POST /session/d26a4c962c30a62404c7ee6425a84c84/element - {"using":"xpath","value":"//header[contains(@id, 'ObjectPageLayout-headerTitle')]/div[1]/div[2]/div[2]/span[1]"}
RESULT: {"using":"xpath","value":"//header[contains(@id, 'ObjectPageLayout-headerTitle')]/div[1]/div[2]/div[2]/span[1]"}
COMMAND: POST /session/d26a4c962c30a62404c7ee6425a84c84/elements - {"using":"xpath","value":"//header[contains(@id, 'ObjectPageLayout-headerTitle')]/div[1]/div[2]/div[2]/span[1]"}
RESULT: {"using":"xpath","value":"//header[contains(@id, 'ObjectPageLayout-headerTitle')]/div[1]/div[2]/div[2]/span[1]"}
COMMAND: POST /session/d26a4c962c30a62404c7ee6425a84c84/execute/sync - {"script":"<script> [56 bytes]","args":[{"element-6066-11e4-a52e-4f735466cecf":"f.CB35230D0BEACCAB597F868E996E95B6.d.FA866EB5F3D43D0C4550C52C352823DB.e.3841","ELEMENT":"f.CB35230D0BEACCAB597F868E996E95B6.d.FA866EB5F3D43D0C4550C52C352823DB.e.3841"}]}
RESULT: {"script":"<script> [56 bytes]","args":[{"element-6066-11e4-a52e-4f735466cecf":"f.CB35230D0BEACCAB597F868E996E95B6.d.FA866EB5F3D43D0C4550C52C352823DB.e.3841","ELEMENT":"f.CB35230D0BEACCAB597F868E996E95B6.d.FA866EB5F3D43D0C4550C52C352823DB.e.3841"}]}
COMMAND: POST /session/d26a4c962c30a62404c7ee6425a84c84/element - {"using":"css selector","value":"#shell-header-logo"}
COMMAND: GET /session/d26a4c962c30a62404c7ee6425a84c84/screenshot - {}
RESULT: {"using":"css selector","value":"#shell-header-logo"}
COMMAND: POST /session/d26a4c962c30a62404c7ee6425a84c84/element/f.CB35230D0BEACCAB597F868E996E95B6.d.FA866EB5F3D43D0C4550C52C352823DB.e.3154/click - {}
RESULT: {}
RESULT: {}
COMMAND: GET /session/d26a4c962c30a62404c7ee6425a84c84/screenshot - {}
RESULT: {}
COMMAND: POST /session/d26a4c962c30a62404c7ee6425a84c84/execute/sync - {"script":"<script> [299 bytes]","args":[["getModel","getResource"]]}
RESULT: {"script":"<script> [299 bytes]","args":[["getModel","getResource"]]}
]]></system-out>
    </testcase>
    <testcase classname="chrome.135_0_7049_96.windows.Create_partner_US118246" name="Should create new external WHM partner" time="71.863">
      <system-out><![CDATA[
COMMAND: GET /session/d26a4c962c30a62404c7ee6425a84c84/screenshot - {}
COMMAND: POST /session/d26a4c962c30a62404c7ee6425a84c84/window/fullscreen - {}
RESULT: {}
RESULT: {}
RESULT: undefined
COMMAND: POST /session/d26a4c962c30a62404c7ee6425a84c84/element - {"using":"xpath","value":"//*[@id=\"__tile38\"]"}
RESULT: {"using":"xpath","value":"//*[@id=\"__tile38\"]"}
COMMAND: POST /session/d26a4c962c30a62404c7ee6425a84c84/element/f.CB35230D0BEACCAB597F868E996E95B6.d.FA866EB5F3D43D0C4550C52C352823DB.e.3043/click - {}
RESULT: {}
COMMAND: POST /session/d26a4c962c30a62404c7ee6425a84c84/element - {"using":"xpath","value":"//button[@data-kt=\"addButton\"]"}
COMMAND: GET /session/d26a4c962c30a62404c7ee6425a84c84/screenshot - {}
RESULT: {"using":"xpath","value":"//button[@data-kt=\"addButton\"]"}
COMMAND: POST /session/d26a4c962c30a62404c7ee6425a84c84/elements - {"using":"xpath","value":"//button[@data-kt=\"addButton\"]"}
RESULT: {}
RESULT: {"using":"xpath","value":"//button[@data-kt=\"addButton\"]"}
COMMAND: POST /session/d26a4c962c30a62404c7ee6425a84c84/elements - {"using":"xpath","value":"//button[@data-kt=\"addButton\"]"}
RESULT: {"using":"xpath","value":"//button[@data-kt=\"addButton\"]"}
COMMAND: POST /session/d26a4c962c30a62404c7ee6425a84c84/elements - {"using":"xpath","value":"//button[@data-kt=\"addButton\"]"}
RESULT: {"using":"xpath","value":"//button[@data-kt=\"addButton\"]"}
COMMAND: POST /session/d26a4c962c30a62404c7ee6425a84c84/elements - {"using":"xpath","value":"//button[@data-kt=\"addButton\"]"}
RESULT: {"using":"xpath","value":"//button[@data-kt=\"addButton\"]"}
COMMAND: POST /session/d26a4c962c30a62404c7ee6425a84c84/elements - {"using":"xpath","value":"//button[@data-kt=\"addButton\"]"}
RESULT: {"using":"xpath","value":"//button[@data-kt=\"addButton\"]"}
COMMAND: POST /session/d26a4c962c30a62404c7ee6425a84c84/elements - {"using":"xpath","value":"//button[@data-kt=\"addButton\"]"}
RESULT: {"using":"xpath","value":"//button[@data-kt=\"addButton\"]"}
COMMAND: POST /session/d26a4c962c30a62404c7ee6425a84c84/elements - {"using":"xpath","value":"//button[@data-kt=\"addButton\"]"}
RESULT: {"using":"xpath","value":"//button[@data-kt=\"addButton\"]"}
COMMAND: POST /session/d26a4c962c30a62404c7ee6425a84c84/elements - {"using":"xpath","value":"//button[@data-kt=\"addButton\"]"}
RESULT: {"using":"xpath","value":"//button[@data-kt=\"addButton\"]"}
COMMAND: POST /session/d26a4c962c30a62404c7ee6425a84c84/elements - {"using":"xpath","value":"//button[@data-kt=\"addButton\"]"}
RESULT: {"using":"xpath","value":"//button[@data-kt=\"addButton\"]"}
COMMAND: POST /session/d26a4c962c30a62404c7ee6425a84c84/elements - {"using":"xpath","value":"//button[@data-kt=\"addButton\"]"}
RESULT: {"using":"xpath","value":"//button[@data-kt=\"addButton\"]"}
COMMAND: POST /session/d26a4c962c30a62404c7ee6425a84c84/elements - {"using":"xpath","value":"//button[@data-kt=\"addButton\"]"}
RESULT: {"using":"xpath","value":"//button[@data-kt=\"addButton\"]"}
COMMAND: POST /session/d26a4c962c30a62404c7ee6425a84c84/elements - {"using":"xpath","value":"//button[@data-kt=\"addButton\"]"}
RESULT: {"using":"xpath","value":"//button[@data-kt=\"addButton\"]"}
COMMAND: POST /session/d26a4c962c30a62404c7ee6425a84c84/elements - {"using":"xpath","value":"//button[@data-kt=\"addButton\"]"}
RESULT: {"using":"xpath","value":"//button[@data-kt=\"addButton\"]"}
COMMAND: POST /session/d26a4c962c30a62404c7ee6425a84c84/elements - {"using":"xpath","value":"//button[@data-kt=\"addButton\"]"}
RESULT: {"using":"xpath","value":"//button[@data-kt=\"addButton\"]"}
COMMAND: POST /session/d26a4c962c30a62404c7ee6425a84c84/elements - {"using":"xpath","value":"//button[@data-kt=\"addButton\"]"}
RESULT: {"using":"xpath","value":"//button[@data-kt=\"addButton\"]"}
COMMAND: POST /session/d26a4c962c30a62404c7ee6425a84c84/elements - {"using":"xpath","value":"//button[@data-kt=\"addButton\"]"}
RESULT: {"using":"xpath","value":"//button[@data-kt=\"addButton\"]"}
COMMAND: POST /session/d26a4c962c30a62404c7ee6425a84c84/element - {"using":"xpath","value":"//button[@data-kt=\"addButton\"]"}
RESULT: {"using":"xpath","value":"//button[@data-kt=\"addButton\"]"}
COMMAND: POST /session/d26a4c962c30a62404c7ee6425a84c84/execute/sync - {"script":"<script> [8489 bytes]","args":[{"element-6066-11e4-a52e-4f735466cecf":"f.CB35230D0BEACCAB597F868E996E95B6.d.FA866EB5F3D43D0C4550C52C352823DB.e.3877","ELEMENT":"f.CB35230D0BEACCAB597F868E996E95B6.d.FA866EB5F3D43D0C4550C52C352823DB.e.3877"}]}
RESULT: {"script":"<script> [8489 bytes]","args":[{"element-6066-11e4-a52e-4f735466cecf":"f.CB35230D0BEACCAB597F868E996E95B6.d.FA866EB5F3D43D0C4550C52C352823DB.e.3877","ELEMENT":"f.CB35230D0BEACCAB597F868E996E95B6.d.FA866EB5F3D43D0C4550C52C352823DB.e.3877"}]}
COMMAND: GET /session/d26a4c962c30a62404c7ee6425a84c84/element/f.CB35230D0BEACCAB597F868E996E95B6.d.FA866EB5F3D43D0C4550C52C352823DB.e.3877/enabled - {}
COMMAND: GET /session/d26a4c962c30a62404c7ee6425a84c84/screenshot - {}
RESULT: {}
COMMAND: POST /session/d26a4c962c30a62404c7ee6425a84c84/execute/sync - {"script":"<script> [8489 bytes]","args":[{"element-6066-11e4-a52e-4f735466cecf":"f.CB35230D0BEACCAB597F868E996E95B6.d.FA866EB5F3D43D0C4550C52C352823DB.e.3877","ELEMENT":"f.CB35230D0BEACCAB597F868E996E95B6.d.FA866EB5F3D43D0C4550C52C352823DB.e.3877"}]}
COMMAND: GET /session/d26a4c962c30a62404c7ee6425a84c84/screenshot - {}
RESULT: {}
RESULT: {"script":"<script> [8489 bytes]","args":[{"element-6066-11e4-a52e-4f735466cecf":"f.CB35230D0BEACCAB597F868E996E95B6.d.FA866EB5F3D43D0C4550C52C352823DB.e.3877","ELEMENT":"f.CB35230D0BEACCAB597F868E996E95B6.d.FA866EB5F3D43D0C4550C52C352823DB.e.3877"}]}
COMMAND: POST /session/d26a4c962c30a62404c7ee6425a84c84/execute/sync - {"script":"<script> [5351 bytes]","args":[{"element-6066-11e4-a52e-4f735466cecf":"f.CB35230D0BEACCAB597F868E996E95B6.d.FA866EB5F3D43D0C4550C52C352823DB.e.3877","ELEMENT":"f.CB35230D0BEACCAB597F868E996E95B6.d.FA866EB5F3D43D0C4550C52C352823DB.e.3877"}]}
COMMAND: GET /session/d26a4c962c30a62404c7ee6425a84c84/screenshot - {}
RESULT: {}
RESULT: {"script":"<script> [5351 bytes]","args":[{"element-6066-11e4-a52e-4f735466cecf":"f.CB35230D0BEACCAB597F868E996E95B6.d.FA866EB5F3D43D0C4550C52C352823DB.e.3877","ELEMENT":"f.CB35230D0BEACCAB597F868E996E95B6.d.FA866EB5F3D43D0C4550C52C352823DB.e.3877"}]}
COMMAND: POST /session/d26a4c962c30a62404c7ee6425a84c84/element/f.CB35230D0BEACCAB597F868E996E95B6.d.FA866EB5F3D43D0C4550C52C352823DB.e.3877/click - {}
COMMAND: GET /session/d26a4c962c30a62404c7ee6425a84c84/screenshot - {}
RESULT: {}
RESULT: {}
COMMAND: GET /session/d26a4c962c30a62404c7ee6425a84c84/screenshot - {}
RESULT: undefined
COMMAND: POST /session/d26a4c962c30a62404c7ee6425a84c84/execute/async - {"script":"<script> [776 bytes]","args":[{"enterText":"WHM Partner WDIO","selector":{"id":"application-managepartners-display-component---NewPartner--addressDetailDetailsName1","interaction":{"idSuffix":"inner"}},"clearTextFirst":true,"interactionType":"ENTER_TEXT"}]}
RESULT: {}
RESULT: {}
RESULT: {"script":"<script> [776 bytes]","args":[{"enterText":"WHM Partner WDIO","selector":{"id":"application-managepartners-display-component---NewPartner--addressDetailDetailsName1","interaction":{"idSuffix":"inner"}},"clearTextFirst":true,"interactionType":"ENTER_TEXT"}]}
RESULT: undefined
COMMAND: POST /session/d26a4c962c30a62404c7ee6425a84c84/element - {"using":"xpath","value":"//*[@id=\"application-managepartners-display-component---NewPartner--addressDetailDetailsLanguage-arrow\"]"}
RESULT: {"using":"xpath","value":"//*[@id=\"application-managepartners-display-component---NewPartner--addressDetailDetailsLanguage-arrow\"]"}
COMMAND: POST /session/d26a4c962c30a62404c7ee6425a84c84/element/f.CB35230D0BEACCAB597F868E996E95B6.d.FA866EB5F3D43D0C4550C52C352823DB.e.4334/click - {}
RESULT: {}
COMMAND: POST /session/d26a4c962c30a62404c7ee6425a84c84/element - {"using":"xpath","value":"//span[contains(text(), \"English\")]"}
COMMAND: GET /session/d26a4c962c30a62404c7ee6425a84c84/screenshot - {}
RESULT: {"using":"xpath","value":"//span[contains(text(), \"English\")]"}
COMMAND: POST /session/d26a4c962c30a62404c7ee6425a84c84/element/f.CB35230D0BEACCAB597F868E996E95B6.d.FA866EB5F3D43D0C4550C52C352823DB.e.4335/click - {}
RESULT: {}
RESULT: {}
COMMAND: GET /session/d26a4c962c30a62404c7ee6425a84c84/screenshot - {}
RESULT: {}
RESULT: undefined
COMMAND: POST /session/d26a4c962c30a62404c7ee6425a84c84/execute/async - {"script":"<script> [776 bytes]","args":[{"enterText":"Rosario","selector":{"id":"application-managepartners-display-component---NewPartner--addressDetailDetailsCity1","interaction":{"idSuffix":"inner"}},"clearTextFirst":true,"interactionType":"ENTER_TEXT"}]}
RESULT: {"script":"<script> [776 bytes]","args":[{"enterText":"Rosario","selector":{"id":"application-managepartners-display-component---NewPartner--addressDetailDetailsCity1","interaction":{"idSuffix":"inner"}},"clearTextFirst":true,"interactionType":"ENTER_TEXT"}]}
RESULT: undefined
COMMAND: POST /session/d26a4c962c30a62404c7ee6425a84c84/element - {"using":"xpath","value":"//*[@id=\"application-managepartners-display-component---NewPartner--addressDetailDetailsCountry-arrow\"]"}
RESULT: {"using":"xpath","value":"//*[@id=\"application-managepartners-display-component---NewPartner--addressDetailDetailsCountry-arrow\"]"}
COMMAND: POST /session/d26a4c962c30a62404c7ee6425a84c84/element/f.CB35230D0BEACCAB597F868E996E95B6.d.FA866EB5F3D43D0C4550C52C352823DB.e.4322/click - {}
RESULT: {}
COMMAND: POST /session/d26a4c962c30a62404c7ee6425a84c84/element - {"using":"xpath","value":"//span[contains(text(), \"Argentina\")]"}
COMMAND: GET /session/d26a4c962c30a62404c7ee6425a84c84/screenshot - {}
RESULT: {"using":"xpath","value":"//span[contains(text(), \"Argentina\")]"}
COMMAND: POST /session/d26a4c962c30a62404c7ee6425a84c84/element/f.CB35230D0BEACCAB597F868E996E95B6.d.FA866EB5F3D43D0C4550C52C352823DB.e.4336/click - {}
RESULT: {}
RESULT: {}
COMMAND: GET /session/d26a4c962c30a62404c7ee6425a84c84/screenshot - {}
RESULT: {}
COMMAND: POST /session/d26a4c962c30a62404c7ee6425a84c84/element - {"using":"xpath","value":"//bdi[contains(text(), \"Commercial\")]"}
RESULT: {"using":"xpath","value":"//bdi[contains(text(), \"Commercial\")]"}
COMMAND: POST /session/d26a4c962c30a62404c7ee6425a84c84/element/f.CB35230D0BEACCAB597F868E996E95B6.d.FA866EB5F3D43D0C4550C52C352823DB.e.4337/click - {}
RESULT: {}
COMMAND: GET /session/d26a4c962c30a62404c7ee6425a84c84/screenshot - {}
RESULT: {}
RESULT: undefined
COMMAND: POST /session/d26a4c962c30a62404c7ee6425a84c84/element - {"using":"xpath","value":"//*[@id=\"application-managepartners-display-component---NewPartner--partnerDetailInternal-arrow\"]"}
RESULT: {"using":"xpath","value":"//*[@id=\"application-managepartners-display-component---NewPartner--partnerDetailInternal-arrow\"]"}
COMMAND: POST /session/d26a4c962c30a62404c7ee6425a84c84/element/f.CB35230D0BEACCAB597F868E996E95B6.d.FA866EB5F3D43D0C4550C52C352823DB.e.4343/click - {}
RESULT: {}
COMMAND: POST /session/d26a4c962c30a62404c7ee6425a84c84/element - {"using":"xpath","value":"//span[contains(text(), \"External partner\")]"}
COMMAND: GET /session/d26a4c962c30a62404c7ee6425a84c84/screenshot - {}
RESULT: {"using":"xpath","value":"//span[contains(text(), \"External partner\")]"}
COMMAND: POST /session/d26a4c962c30a62404c7ee6425a84c84/element/f.CB35230D0BEACCAB597F868E996E95B6.d.FA866EB5F3D43D0C4550C52C352823DB.e.4344/click - {}
RESULT: {}
RESULT: {}
RESULT: undefined
COMMAND: POST /session/d26a4c962c30a62404c7ee6425a84c84/element - {"using":"xpath","value":"//*[@id=\"application-managepartners-display-component---NewPartner--partnerDetailsCurrency-arrow\"]"}
COMMAND: GET /session/d26a4c962c30a62404c7ee6425a84c84/screenshot - {}
RESULT: {"using":"xpath","value":"//*[@id=\"application-managepartners-display-component---NewPartner--partnerDetailsCurrency-arrow\"]"}
COMMAND: POST /session/d26a4c962c30a62404c7ee6425a84c84/element/f.CB35230D0BEACCAB597F868E996E95B6.d.FA866EB5F3D43D0C4550C52C352823DB.e.4349/click - {}
RESULT: {}
RESULT: {}
COMMAND: POST /session/d26a4c962c30a62404c7ee6425a84c84/element - {"using":"xpath","value":"//span[contains(text(), \"US Dollar\")]"}
COMMAND: GET /session/d26a4c962c30a62404c7ee6425a84c84/screenshot - {}
RESULT: {"using":"xpath","value":"//span[contains(text(), \"US Dollar\")]"}
COMMAND: POST /session/d26a4c962c30a62404c7ee6425a84c84/element/f.CB35230D0BEACCAB597F868E996E95B6.d.FA866EB5F3D43D0C4550C52C352823DB.e.4350/click - {}
RESULT: {}
RESULT: {}
COMMAND: GET /session/d26a4c962c30a62404c7ee6425a84c84/screenshot - {}
RESULT: {}
COMMAND: POST /session/d26a4c962c30a62404c7ee6425a84c84/element - {"using":"xpath","value":"//input[@id=\"application-managepartners-display-component---NewPartner--companyCodeComboBox-inner\"]"}
RESULT: {"using":"xpath","value":"//input[@id=\"application-managepartners-display-component---NewPartner--companyCodeComboBox-inner\"]"}
COMMAND: POST /session/d26a4c962c30a62404c7ee6425a84c84/element/f.CB35230D0BEACCAB597F868E996E95B6.d.FA866EB5F3D43D0C4550C52C352823DB.e.4201/clear - {}
RESULT: {}
COMMAND: POST /session/d26a4c962c30a62404c7ee6425a84c84/element/f.CB35230D0BEACCAB597F868E996E95B6.d.FA866EB5F3D43D0C4550C52C352823DB.e.4201/value - {"text":"C002"}
COMMAND: GET /session/d26a4c962c30a62404c7ee6425a84c84/screenshot - {}
RESULT: {"text":"C002"}
COMMAND: GET /session/d26a4c962c30a62404c7ee6425a84c84/screenshot - {}
RESULT: {}
RESULT: {}
COMMAND: POST /session/d26a4c962c30a62404c7ee6425a84c84/element - {"using":"xpath","value":"//span[contains(text(), \"C002\")]"}
RESULT: {"using":"xpath","value":"//span[contains(text(), \"C002\")]"}
COMMAND: POST /session/d26a4c962c30a62404c7ee6425a84c84/element/f.CB35230D0BEACCAB597F868E996E95B6.d.FA866EB5F3D43D0C4550C52C352823DB.e.4354/click - {}
RESULT: {}
COMMAND: GET /session/d26a4c962c30a62404c7ee6425a84c84/screenshot - {}
RESULT: {}
RESULT: undefined
COMMAND: POST /session/d26a4c962c30a62404c7ee6425a84c84/element - {"using":"xpath","value":"//*[@id=\"application-managepartners-display-component---NewPartner--btnAddTableRow-img\"]"}
RESULT: {"using":"xpath","value":"//*[@id=\"application-managepartners-display-component---NewPartner--btnAddTableRow-img\"]"}
COMMAND: POST /session/d26a4c962c30a62404c7ee6425a84c84/element/f.CB35230D0BEACCAB597F868E996E95B6.d.FA866EB5F3D43D0C4550C52C352823DB.e.4355/click - {}
RESULT: {}
COMMAND: GET /session/d26a4c962c30a62404c7ee6425a84c84/screenshot - {}
RESULT: {}
COMMAND: POST /session/d26a4c962c30a62404c7ee6425a84c84/element - {"using":"xpath","value":"//input[@id=\"application-managepartners-display-component---NewPartner--assignmentYard-application-managepartners-display-component---NewPartner--assignmentsTable-0-inner\"]"}
RESULT: {"using":"xpath","value":"//input[@id=\"application-managepartners-display-component---NewPartner--assignmentYard-application-managepartners-display-component---NewPartner--assignmentsTable-0-inner\"]"}
COMMAND: POST /session/d26a4c962c30a62404c7ee6425a84c84/element/f.CB35230D0BEACCAB597F868E996E95B6.d.FA866EB5F3D43D0C4550C52C352823DB.e.4358/clear - {}
RESULT: {}
COMMAND: POST /session/d26a4c962c30a62404c7ee6425a84c84/element/f.CB35230D0BEACCAB597F868E996E95B6.d.FA866EB5F3D43D0C4550C52C352823DB.e.4358/value - {"text":"457"}
COMMAND: GET /session/d26a4c962c30a62404c7ee6425a84c84/screenshot - {}
RESULT: {"text":"457"}
COMMAND: GET /session/d26a4c962c30a62404c7ee6425a84c84/screenshot - {}
RESULT: {}
RESULT: {}
COMMAND: POST /session/d26a4c962c30a62404c7ee6425a84c84/element - {"using":"xpath","value":"//li[.//span[text()='457']]"}
RESULT: {"using":"xpath","value":"//li[.//span[text()='457']]"}
COMMAND: POST /session/d26a4c962c30a62404c7ee6425a84c84/element/f.CB35230D0BEACCAB597F868E996E95B6.d.FA866EB5F3D43D0C4550C52C352823DB.e.4366/click - {}
RESULT: {}
COMMAND: GET /session/d26a4c962c30a62404c7ee6425a84c84/screenshot - {}
RESULT: {}
COMMAND: POST /session/d26a4c962c30a62404c7ee6425a84c84/actions - {"actions":[{"id":"action7","type":"key","parameters":{},"actions":[{"type":"keyDown","value":"î€‡"},{"type":"pause","duration":10},{"type":"keyUp","value":"î€‡"}]}]}
RESULT: {"actions":[{"id":"action7","type":"key","parameters":{},"actions":[{"type":"keyDown","value":"î€‡"},{"type":"pause","duration":10},{"type":"keyUp","value":"î€‡"}]}]}
COMMAND: POST /session/d26a4c962c30a62404c7ee6425a84c84/element - {"using":"xpath","value":"//td[contains(@id, \"assignmentsTable-0-cell2\")]/div/div"}
COMMAND: GET /session/d26a4c962c30a62404c7ee6425a84c84/screenshot - {}
RESULT: {}
RESULT: {"using":"xpath","value":"//td[contains(@id, \"assignmentsTable-0-cell2\")]/div/div"}
COMMAND: POST /session/d26a4c962c30a62404c7ee6425a84c84/element/f.CB35230D0BEACCAB597F868E996E95B6.d.FA866EB5F3D43D0C4550C52C352823DB.e.4369/click - {}
RESULT: {}
COMMAND: GET /session/d26a4c962c30a62404c7ee6425a84c84/screenshot - {}
RESULT: {}
COMMAND: POST /session/d26a4c962c30a62404c7ee6425a84c84/element - {"using":"xpath","value":"//button[@data-kt=\"saveButton\"]"}
RESULT: {"using":"xpath","value":"//button[@data-kt=\"saveButton\"]"}
COMMAND: POST /session/d26a4c962c30a62404c7ee6425a84c84/element/f.CB35230D0BEACCAB597F868E996E95B6.d.FA866EB5F3D43D0C4550C52C352823DB.e.4272/click - {}
RESULT: {}
COMMAND: GET /session/d26a4c962c30a62404c7ee6425a84c84/screenshot - {}
RESULT: {}
COMMAND: POST /session/d26a4c962c30a62404c7ee6425a84c84/element - {"using":"xpath","value":"//header[contains(@id, 'ObjectPageLayout-headerTitle')]/div[1]/div[2]/div[2]/span[1]"}
RESULT: {"using":"xpath","value":"//header[contains(@id, 'ObjectPageLayout-headerTitle')]/div[1]/div[2]/div[2]/span[1]"}
COMMAND: POST /session/d26a4c962c30a62404c7ee6425a84c84/elements - {"using":"xpath","value":"//header[contains(@id, 'ObjectPageLayout-headerTitle')]/div[1]/div[2]/div[2]/span[1]"}
RESULT: {"using":"xpath","value":"//header[contains(@id, 'ObjectPageLayout-headerTitle')]/div[1]/div[2]/div[2]/span[1]"}
COMMAND: POST /session/d26a4c962c30a62404c7ee6425a84c84/execute/sync - {"script":"<script> [56 bytes]","args":[{"element-6066-11e4-a52e-4f735466cecf":"f.CB35230D0BEACCAB597F868E996E95B6.d.FA866EB5F3D43D0C4550C52C352823DB.e.4530","ELEMENT":"f.CB35230D0BEACCAB597F868E996E95B6.d.FA866EB5F3D43D0C4550C52C352823DB.e.4530"}]}
RESULT: {"script":"<script> [56 bytes]","args":[{"element-6066-11e4-a52e-4f735466cecf":"f.CB35230D0BEACCAB597F868E996E95B6.d.FA866EB5F3D43D0C4550C52C352823DB.e.4530","ELEMENT":"f.CB35230D0BEACCAB597F868E996E95B6.d.FA866EB5F3D43D0C4550C52C352823DB.e.4530"}]}
COMMAND: POST /session/d26a4c962c30a62404c7ee6425a84c84/element - {"using":"css selector","value":"#shell-header-logo"}
COMMAND: GET /session/d26a4c962c30a62404c7ee6425a84c84/screenshot - {}
RESULT: {"using":"css selector","value":"#shell-header-logo"}
COMMAND: POST /session/d26a4c962c30a62404c7ee6425a84c84/element/f.CB35230D0BEACCAB597F868E996E95B6.d.FA866EB5F3D43D0C4550C52C352823DB.e.3844/click - {}
RESULT: {}
RESULT: {}
COMMAND: GET /session/d26a4c962c30a62404c7ee6425a84c84/screenshot - {}
RESULT: {}
COMMAND: POST /session/d26a4c962c30a62404c7ee6425a84c84/execute/sync - {"script":"<script> [299 bytes]","args":[["getModel","getResource"]]}
RESULT: {"script":"<script> [299 bytes]","args":[["getModel","getResource"]]}
COMMAND: POST /session/d26a4c962c30a62404c7ee6425a84c84/refresh - {}
COMMAND: GET /session/d26a4c962c30a62404c7ee6425a84c84/screenshot - {}
RESULT: {}
COMMAND: GET /session/d26a4c962c30a62404c7ee6425a84c84/screenshot - {}
RESULT: {}
RESULT: {}
COMMAND: POST /session/d26a4c962c30a62404c7ee6425a84c84/refresh - {}
RESULT: {}
COMMAND: GET /session/d26a4c962c30a62404c7ee6425a84c84/screenshot - {}
RESULT: {}
COMMAND: POST /session/d26a4c962c30a62404c7ee6425a84c84/window/fullscreen - {}
RESULT: {}
COMMAND: POST /session/d26a4c962c30a62404c7ee6425a84c84/execute/async - {"script":"<script> [189 bytes]","args":[]}
RESULT: {"script":"<script> [189 bytes]","args":[]}
COMMAND: POST /session/d26a4c962c30a62404c7ee6425a84c84/execute/async - {"script":"<script> [123 bytes]","args":[]}
RESULT: {"script":"<script> [123 bytes]","args":[]}
COMMAND: POST /session/d26a4c962c30a62404c7ee6425a84c84/timeouts - {"script":"<number>"}
RESULT: {"script":"<number>"}
COMMAND: GET /session/d26a4c962c30a62404c7ee6425a84c84/timeouts - {}
RESULT: {}
RESULT: undefined
COMMAND: POST /session/d26a4c962c30a62404c7ee6425a84c84/execute/async - {"script":"<script> [2676 bytes]","args":[]}
RESULT: {"script":"<script> [2676 bytes]","args":[]}
COMMAND: POST /session/d26a4c962c30a62404c7ee6425a84c84/execute/async - {"script":"<script> [2342 bytes]","args":[{"protocol":"http","hostname":"0.0.0.0","path":"/","capabilities":{"browserName":"chrome","goog:chromeOptions":{"binary":"C:\\Program Files\\Google\\Chrome\\Application\\chrome.exe","args":["--start-maximized"]}},"logLevel":"warn","connectionRetryTimeout":120000,"connectionRetryCount":3,"logLevels":{},"enableDirectConnect":true,"strictSSL":true,"_":"65 more keys: [\"cacheDir\",\"port\",\"requestedCapabilities\",\"automationProtocol\",\"baseUrl\",\"waitforInterval\",\"waitforTimeout\",\"onReload\",\"beforeCommand\",\"afterCommand\",\"rootDir\",\"specs\",\"suites\",\"exclude\",\"groupLogsByTestSpec\",\"excludeDriverLogs\",\"bail\",\"framework\",\"reporters\",\"services\",\"maxInstances\",\"maxInstancesPerCapability\",\"injectGlobals\",\"filesToWatch\",\"execArgv\",\"runnerEnv\",\"runner\",\"shard\",\"specFileRetries\",\"specFileRetriesDelay\",\"specFileRetriesDeferred\",\"reporterSyncInterval\",\"reporterSyncTimeout\",\"cucumberFeaturesWithLineNumbers\",\"autoCompileOpts\",\"mochaOpts\",\"jasmineOpts\",\"cucumberOpts\",\"onPrepare\",\"onWorkerStart\",\"onWorkerEnd\",\"before\",\"beforeSession\",\"beforeSuite\",\"beforeHook\",\"beforeTest\",\"afterTest\",\"afterHook\",\"afterSuite\",\"afterSession\",\"after\",\"onComplete\",\"beforeAssertion\",\"afterAssertion\",\"beforeFeature\",\"beforeScenario\",\"beforeStep\",\"afterStep\",\"afterScenario\",\"afterFeature\",\"_\",\"suite\",\"$0\",\"ignoredWorkerServices\",\"wdi5\"]"}]}
RESULT: {"script":"<script> [2342 bytes]","args":[{"protocol":"http","hostname":"0.0.0.0","path":"/","capabilities":{"browserName":"chrome","goog:chromeOptions":{"binary":"C:\\Program Files\\Google\\Chrome\\Application\\chrome.exe","args":["--start-maximized"]}},"logLevel":"warn","connectionRetryTimeout":120000,"connectionRetryCount":3,"logLevels":{},"enableDirectConnect":true,"strictSSL":true,"_":"65 more keys: [\"cacheDir\",\"port\",\"requestedCapabilities\",\"automationProtocol\",\"baseUrl\",\"waitforInterval\",\"waitforTimeout\",\"onReload\",\"beforeCommand\",\"afterCommand\",\"rootDir\",\"specs\",\"suites\",\"exclude\",\"groupLogsByTestSpec\",\"excludeDriverLogs\",\"bail\",\"framework\",\"reporters\",\"services\",\"maxInstances\",\"maxInstancesPerCapability\",\"injectGlobals\",\"filesToWatch\",\"execArgv\",\"runnerEnv\",\"runner\",\"shard\",\"specFileRetries\",\"specFileRetriesDelay\",\"specFileRetriesDeferred\",\"reporterSyncInterval\",\"reporterSyncTimeout\",\"cucumberFeaturesWithLineNumbers\",\"autoCompileOpts\",\"mochaOpts\",\"jasmineOpts\",\"cucumberOpts\",\"onPrepare\",\"onWorkerStart\",\"onWorkerEnd\",\"before\",\"beforeSession\",\"beforeSuite\",\"beforeHook\",\"beforeTest\",\"afterTest\",\"afterHook\",\"afterSuite\",\"afterSession\",\"after\",\"onComplete\",\"beforeAssertion\",\"afterAssertion\",\"beforeFeature\",\"beforeScenario\",\"beforeStep\",\"afterStep\",\"afterScenario\",\"afterFeature\",\"_\",\"suite\",\"$0\",\"ignoredWorkerServices\",\"wdi5\"]"}]}
COMMAND: POST /session/d26a4c962c30a62404c7ee6425a84c84/execute/async - {"script":"<script> [21126 bytes]","args":[35000]}
RESULT: {"script":"<script> [21126 bytes]","args":[35000]}
COMMAND: POST /session/d26a4c962c30a62404c7ee6425a84c84/element - {"using":"css selector","value":"#shell-header-logo"}
RESULT: {"using":"css selector","value":"#shell-header-logo"}
COMMAND: POST /session/d26a4c962c30a62404c7ee6425a84c84/element/f.CB35230D0BEACCAB597F868E996E95B6.d.D5F9568833C227D4ADE29225FC20C1B5.e.4677/click - {}
RESULT: {}
COMMAND: GET /session/d26a4c962c30a62404c7ee6425a84c84/screenshot - {}
RESULT: {}
COMMAND: POST /session/d26a4c962c30a62404c7ee6425a84c84/execute/async - {"script":"<script> [1562 bytes]","args":[{"selector":{"controlType":"sap.m.GenericTile","properties":{"header":"Manage Sites"}},"wdio_ui5_key":"sapm.GenericTile{\"header\":\"Manage Sites\"}"}]}
RESULT: {"script":"<script> [1562 bytes]","args":[{"selector":{"controlType":"sap.m.GenericTile","properties":{"header":"Manage Sites"}},"wdio_ui5_key":"sapm.GenericTile{\"header\":\"Manage Sites\"}"}]}
RESULT: undefined
COMMAND: POST /session/d26a4c962c30a62404c7ee6425a84c84/element - {"using":"xpath","value":"//*[@id=\"__tile32\"]"}
RESULT: {"using":"xpath","value":"//*[@id=\"__tile32\"]"}
COMMAND: POST /session/d26a4c962c30a62404c7ee6425a84c84/element/f.CB35230D0BEACCAB597F868E996E95B6.d.D5F9568833C227D4ADE29225FC20C1B5.e.4605/click - {}
RESULT: {}
]]></system-out>
    </testcase>
  </testsuite>
  <testsuite timestamp="2025-04-30T15:29:33" time="173.929" tests="2" failures="0" errors="0" skipped="0">
    <properties>
      <property name="specId" value="0" />
      <property name="suiteName" value="Create 2 sites US118246" />
      <property name="capabilities" value="chrome.135_0_7049_96.windows" />
      <property name="file" value="file:///D:/a/1/s/test/specs/R2C/create-site.spec.js" />
    </properties>
    <testcase classname="chrome.135_0_7049_96.windows.Create_2_sites_US118246" name="Should create new site" time="76.815">
      <system-out><![CDATA[
COMMAND: GET /session/d26a4c962c30a62404c7ee6425a84c84/screenshot - {}
COMMAND: POST /session/d26a4c962c30a62404c7ee6425a84c84/execute/async - {"script":"<script> [1562 bytes]","args":[{"selector":{"controlType":"sap.m.Title","viewName":"etm.portal.ui.managesites.view.Master","viewId":"application-managesites-display-component---masterSite","i18NText":{"propertyName":"text","key":"sites"}},"wdio_ui5_key":"etmportal.ui.managesites.view.Mastersap.m.Title{\"propertyName\":\"text\",\"key\":\"sites\"}"}]}
RESULT: {"script":"<script> [1562 bytes]","args":[{"selector":{"controlType":"sap.m.Title","viewName":"etm.portal.ui.managesites.view.Master","viewId":"application-managesites-display-component---masterSite","i18NText":{"propertyName":"text","key":"sites"}},"wdio_ui5_key":"etmportal.ui.managesites.view.Mastersap.m.Title{\"propertyName\":\"text\",\"key\":\"sites\"}"}]}
RESULT: undefined
COMMAND: POST /session/d26a4c962c30a62404c7ee6425a84c84/execute/async - {"script":"<script> [6424 bytes]","args":[{"element-6066-11e4-a52e-4f735466cecf":"f.CB35230D0BEACCAB597F868E996E95B6.d.D5F9568833C227D4ADE29225FC20C1B5.e.4853"},"getText",[]]}
RESULT: {}
RESULT: {"script":"<script> [6424 bytes]","args":[{"element-6066-11e4-a52e-4f735466cecf":"f.CB35230D0BEACCAB597F868E996E95B6.d.D5F9568833C227D4ADE29225FC20C1B5.e.4853"},"getText",[]]}
COMMAND: POST /session/d26a4c962c30a62404c7ee6425a84c84/execute/async - {"script":"<script> [1562 bytes]","args":[{"selector":{"controlType":"sap.ui.core.Icon","viewName":"etm.portal.ui.managesites.view.Master","viewId":"application-managesites-display-component---masterSite","properties":{"src":{"regex":{"source":"add"}}}},"wdio_ui5_key":"etmportal.ui.managesites.view.Mastersap.ui.core.Icon{\"src\":{\"regex\":{\"source\":\"add\"}}}"}]}
RESULT: {"script":"<script> [1562 bytes]","args":[{"selector":{"controlType":"sap.ui.core.Icon","viewName":"etm.portal.ui.managesites.view.Master","viewId":"application-managesites-display-component---masterSite","properties":{"src":{"regex":{"source":"add"}}}},"wdio_ui5_key":"etmportal.ui.managesites.view.Mastersap.ui.core.Icon{\"src\":{\"regex\":{\"source\":\"add\"}}}"}]}
RESULT: undefined
COMMAND: POST /session/d26a4c962c30a62404c7ee6425a84c84/element - {"using":"xpath","value":"//*[@id=\"__button4-img\"]"}
RESULT: {"using":"xpath","value":"//*[@id=\"__button4-img\"]"}
COMMAND: POST /session/d26a4c962c30a62404c7ee6425a84c84/element/f.CB35230D0BEACCAB597F868E996E95B6.d.D5F9568833C227D4ADE29225FC20C1B5.e.4727/click - {}
RESULT: {}
COMMAND: POST /session/d26a4c962c30a62404c7ee6425a84c84/execute/async - {"script":"<script> [1562 bytes]","args":[{"selector":{"id":"application-managesites-display-component---NewSite--siteId","interaction":{"idSuffix":"inner"}},"wdio_ui5_key":"applicationmanagesites-display-component---NewSite--siteId"}]}
COMMAND: GET /session/d26a4c962c30a62404c7ee6425a84c84/screenshot - {}
RESULT: {"script":"<script> [1562 bytes]","args":[{"selector":{"id":"application-managesites-display-component---NewSite--siteId","interaction":{"idSuffix":"inner"}},"wdio_ui5_key":"applicationmanagesites-display-component---NewSite--siteId"}]}
RESULT: undefined
COMMAND: POST /session/d26a4c962c30a62404c7ee6425a84c84/execute/async - {"script":"<script> [1562 bytes]","args":[{"selector":{"id":"application-managesites-display-component---NewSite--addressDetailDetailsName1","interaction":{"idSuffix":"inner"}},"wdio_ui5_key":"applicationmanagesites-display-component---NewSite--addressDetailDetailsName1"}]}
RESULT: {}
RESULT: {"script":"<script> [1562 bytes]","args":[{"selector":{"id":"application-managesites-display-component---NewSite--addressDetailDetailsName1","interaction":{"idSuffix":"inner"}},"wdio_ui5_key":"applicationmanagesites-display-component---NewSite--addressDetailDetailsName1"}]}
RESULT: undefined
COMMAND: POST /session/d26a4c962c30a62404c7ee6425a84c84/execute/async - {"script":"<script> [776 bytes]","args":[{"enterText":"Webdriver Site h6dwb","selector":{"id":"application-managesites-display-component---NewSite--addressDetailDetailsName1","interaction":{"idSuffix":"inner"}},"clearTextFirst":true,"interactionType":"ENTER_TEXT"}]}
RESULT: {"script":"<script> [776 bytes]","args":[{"enterText":"Webdriver Site h6dwb","selector":{"id":"application-managesites-display-component---NewSite--addressDetailDetailsName1","interaction":{"idSuffix":"inner"}},"clearTextFirst":true,"interactionType":"ENTER_TEXT"}]}
COMMAND: POST /session/d26a4c962c30a62404c7ee6425a84c84/execute/async - {"script":"<script> [1562 bytes]","args":[{"selector":{"id":"application-managesites-display-component---NewSite--addressDetailDetailsLanguage","interaction":{"idSuffix":"inner"}},"wdio_ui5_key":"applicationmanagesites-display-component---NewSite--addressDetailDetailsLanguage"}]}
RESULT: {"script":"<script> [1562 bytes]","args":[{"selector":{"id":"application-managesites-display-component---NewSite--addressDetailDetailsLanguage","interaction":{"idSuffix":"inner"}},"wdio_ui5_key":"applicationmanagesites-display-component---NewSite--addressDetailDetailsLanguage"}]}
RESULT: undefined
COMMAND: POST /session/d26a4c962c30a62404c7ee6425a84c84/execute/async - {"script":"<script> [776 bytes]","args":[{"enterText":"Romanian","selector":{"id":"application-managesites-display-component---NewSite--addressDetailDetailsLanguage","interaction":{"idSuffix":"inner"}},"clearTextFirst":true,"interactionType":"ENTER_TEXT"}]}
RESULT: {"script":"<script> [776 bytes]","args":[{"enterText":"Romanian","selector":{"id":"application-managesites-display-component---NewSite--addressDetailDetailsLanguage","interaction":{"idSuffix":"inner"}},"clearTextFirst":true,"interactionType":"ENTER_TEXT"}]}
COMMAND: POST /session/d26a4c962c30a62404c7ee6425a84c84/execute/async - {"script":"<script> [1562 bytes]","args":[{"selector":{"id":"application-managesites-display-component---NewSite--addressDetailDetailsCity1","interaction":{"idSuffix":"inner"}},"wdio_ui5_key":"applicationmanagesites-display-component---NewSite--addressDetailDetailsCity1"}]}
RESULT: {"script":"<script> [1562 bytes]","args":[{"selector":{"id":"application-managesites-display-component---NewSite--addressDetailDetailsCity1","interaction":{"idSuffix":"inner"}},"wdio_ui5_key":"applicationmanagesites-display-component---NewSite--addressDetailDetailsCity1"}]}
RESULT: undefined
COMMAND: POST /session/d26a4c962c30a62404c7ee6425a84c84/execute/async - {"script":"<script> [776 bytes]","args":[{"enterText":"Bucharest","selector":{"id":"application-managesites-display-component---NewSite--addressDetailDetailsCity1","interaction":{"idSuffix":"inner"}},"clearTextFirst":true,"interactionType":"ENTER_TEXT"}]}
RESULT: {"script":"<script> [776 bytes]","args":[{"enterText":"Bucharest","selector":{"id":"application-managesites-display-component---NewSite--addressDetailDetailsCity1","interaction":{"idSuffix":"inner"}},"clearTextFirst":true,"interactionType":"ENTER_TEXT"}]}
COMMAND: POST /session/d26a4c962c30a62404c7ee6425a84c84/execute/async - {"script":"<script> [1562 bytes]","args":[{"selector":{"id":"application-managesites-display-component---NewSite--addressDetailDetailsCountry","interaction":{"idSuffix":"inner"}},"wdio_ui5_key":"applicationmanagesites-display-component---NewSite--addressDetailDetailsCountry"}]}
RESULT: {"script":"<script> [1562 bytes]","args":[{"selector":{"id":"application-managesites-display-component---NewSite--addressDetailDetailsCountry","interaction":{"idSuffix":"inner"}},"wdio_ui5_key":"applicationmanagesites-display-component---NewSite--addressDetailDetailsCountry"}]}
RESULT: undefined
COMMAND: POST /session/d26a4c962c30a62404c7ee6425a84c84/execute/async - {"script":"<script> [776 bytes]","args":[{"enterText":"Romania","selector":{"id":"application-managesites-display-component---NewSite--addressDetailDetailsCountry","interaction":{"idSuffix":"inner"}},"clearTextFirst":true,"interactionType":"ENTER_TEXT"}]}
RESULT: {"script":"<script> [776 bytes]","args":[{"enterText":"Romania","selector":{"id":"application-managesites-display-component---NewSite--addressDetailDetailsCountry","interaction":{"idSuffix":"inner"}},"clearTextFirst":true,"interactionType":"ENTER_TEXT"}]}
COMMAND: POST /session/d26a4c962c30a62404c7ee6425a84c84/execute/async - {"script":"<script> [1562 bytes]","args":[{"selector":{"id":"application-managesites-display-component---NewSite--addressDetailDetailsCalendar","interaction":{"idSuffix":"inner"}},"wdio_ui5_key":"applicationmanagesites-display-component---NewSite--addressDetailDetailsCalendar"}]}
RESULT: {"script":"<script> [1562 bytes]","args":[{"selector":{"id":"application-managesites-display-component---NewSite--addressDetailDetailsCalendar","interaction":{"idSuffix":"inner"}},"wdio_ui5_key":"applicationmanagesites-display-component---NewSite--addressDetailDetailsCalendar"}]}
RESULT: undefined
COMMAND: POST /session/d26a4c962c30a62404c7ee6425a84c84/execute/async - {"script":"<script> [776 bytes]","args":[{"enterText":"Germany","selector":{"id":"application-managesites-display-component---NewSite--addressDetailDetailsCalendar","interaction":{"idSuffix":"inner"}},"clearTextFirst":true,"interactionType":"ENTER_TEXT"}]}
RESULT: {"script":"<script> [776 bytes]","args":[{"enterText":"Germany","selector":{"id":"application-managesites-display-component---NewSite--addressDetailDetailsCalendar","interaction":{"idSuffix":"inner"}},"clearTextFirst":true,"interactionType":"ENTER_TEXT"}]}
COMMAND: POST /session/d26a4c962c30a62404c7ee6425a84c84/execute/async - {"script":"<script> [1562 bytes]","args":[{"selector":{"id":"application-managesites-display-component---NewSite--addressEditDetailsCostObjectCstType-arrow"},"wdio_ui5_key":"applicationmanagesites-display-component---NewSite--addressEditDetailsCostObjectCstType-arrow"}]}
RESULT: {"script":"<script> [1562 bytes]","args":[{"selector":{"id":"application-managesites-display-component---NewSite--addressEditDetailsCostObjectCstType-arrow"},"wdio_ui5_key":"applicationmanagesites-display-component---NewSite--addressEditDetailsCostObjectCstType-arrow"}]}
RESULT: undefined
COMMAND: POST /session/d26a4c962c30a62404c7ee6425a84c84/element - {"using":"xpath","value":"//*[@id=\"application-managesites-display-component---NewSite--addressEditDetailsCostObjectCstType-arrow\"]"}
RESULT: {"using":"xpath","value":"//*[@id=\"application-managesites-display-component---NewSite--addressEditDetailsCostObjectCstType-arrow\"]"}
COMMAND: POST /session/d26a4c962c30a62404c7ee6425a84c84/element/f.CB35230D0BEACCAB597F868E996E95B6.d.D5F9568833C227D4ADE29225FC20C1B5.e.5127/click - {}
RESULT: {}
COMMAND: POST /session/d26a4c962c30a62404c7ee6425a84c84/element - {"using":"xpath","value":"//span[contains(text(), \"Work Breakdown Structure\")]"}
COMMAND: GET /session/d26a4c962c30a62404c7ee6425a84c84/screenshot - {}
RESULT: {"using":"xpath","value":"//span[contains(text(), \"Work Breakdown Structure\")]"}
COMMAND: POST /session/d26a4c962c30a62404c7ee6425a84c84/element/f.CB35230D0BEACCAB597F868E996E95B6.d.D5F9568833C227D4ADE29225FC20C1B5.e.5128/click - {}
RESULT: {}
RESULT: {}
COMMAND: GET /session/d26a4c962c30a62404c7ee6425a84c84/screenshot - {}
RESULT: {}
COMMAND: POST /session/d26a4c962c30a62404c7ee6425a84c84/execute/async - {"script":"<script> [1562 bytes]","args":[{"selector":{"id":"application-managesites-display-component---NewSite--addressNewCostObjectCstID-vhi"},"wdio_ui5_key":"applicationmanagesites-display-component---NewSite--addressNewCostObjectCstID-vhi"}]}
RESULT: {"script":"<script> [1562 bytes]","args":[{"selector":{"id":"application-managesites-display-component---NewSite--addressNewCostObjectCstID-vhi"},"wdio_ui5_key":"applicationmanagesites-display-component---NewSite--addressNewCostObjectCstID-vhi"}]}
RESULT: undefined
COMMAND: POST /session/d26a4c962c30a62404c7ee6425a84c84/element - {"using":"xpath","value":"//*[@id=\"application-managesites-display-component---NewSite--addressNewCostObjectCstID-vhi\"]"}
RESULT: {"using":"xpath","value":"//*[@id=\"application-managesites-display-component---NewSite--addressNewCostObjectCstID-vhi\"]"}
COMMAND: POST /session/d26a4c962c30a62404c7ee6425a84c84/element/f.CB35230D0BEACCAB597F868E996E95B6.d.D5F9568833C227D4ADE29225FC20C1B5.e.5133/click - {}
RESULT: {}
COMMAND: GET /session/d26a4c962c30a62404c7ee6425a84c84/screenshot - {}
RESULT: {}
COMMAND: POST /session/d26a4c962c30a62404c7ee6425a84c84/execute/async - {"script":"<script> [1562 bytes]","args":[{"selector":{"controlType":"sap.m.SearchField","properties":{"placeholder":"Search"},"searchOpenDialogs":true,"interaction":{"idSuffix":"I"}},"wdio_ui5_key":"sapm.SearchField{\"placeholder\":\"Search\"}"}]}
RESULT: {"script":"<script> [1562 bytes]","args":[{"selector":{"controlType":"sap.m.SearchField","properties":{"placeholder":"Search"},"searchOpenDialogs":true,"interaction":{"idSuffix":"I"}},"wdio_ui5_key":"sapm.SearchField{\"placeholder\":\"Search\"}"}]}
RESULT: undefined
COMMAND: POST /session/d26a4c962c30a62404c7ee6425a84c84/execute/async - {"script":"<script> [776 bytes]","args":[{"enterText":"A1-000100-01","selector":{"controlType":"sap.m.SearchField","properties":{"placeholder":"Search"},"searchOpenDialogs":true,"interaction":{"idSuffix":"I"}},"clearTextFirst":true,"interactionType":"ENTER_TEXT"}]}
RESULT: {"script":"<script> [776 bytes]","args":[{"enterText":"A1-000100-01","selector":{"controlType":"sap.m.SearchField","properties":{"placeholder":"Search"},"searchOpenDialogs":true,"interaction":{"idSuffix":"I"}},"clearTextFirst":true,"interactionType":"ENTER_TEXT"}]}
COMMAND: POST /session/d26a4c962c30a62404c7ee6425a84c84/actions - {"actions":[{"id":"action8","type":"key","parameters":{},"actions":[{"type":"keyDown","value":"î€‡"},{"type":"pause","duration":10},{"type":"keyUp","value":"î€‡"}]}]}
RESULT: {"actions":[{"id":"action8","type":"key","parameters":{},"actions":[{"type":"keyDown","value":"î€‡"},{"type":"pause","duration":10},{"type":"keyUp","value":"î€‡"}]}]}
COMMAND: GET /session/d26a4c962c30a62404c7ee6425a84c84/screenshot - {}
RESULT: {}
COMMAND: POST /session/d26a4c962c30a62404c7ee6425a84c84/element - {"using":"xpath","value":"//span[contains(text(), \"Template for ETO-Process\")]"}
RESULT: {"using":"xpath","value":"//span[contains(text(), \"Template for ETO-Process\")]"}
COMMAND: POST /session/d26a4c962c30a62404c7ee6425a84c84/element/f.CB35230D0BEACCAB597F868E996E95B6.d.D5F9568833C227D4ADE29225FC20C1B5.e.5152/click - {}
RESULT: {}
COMMAND: GET /session/d26a4c962c30a62404c7ee6425a84c84/screenshot - {}
RESULT: {}
COMMAND: POST /session/d26a4c962c30a62404c7ee6425a84c84/element - {"using":"xpath","value":"//bdi[contains(text(), \"OK\")]"}
RESULT: {"using":"xpath","value":"//bdi[contains(text(), \"OK\")]"}
COMMAND: POST /session/d26a4c962c30a62404c7ee6425a84c84/element/f.CB35230D0BEACCAB597F868E996E95B6.d.D5F9568833C227D4ADE29225FC20C1B5.e.5153/click - {}
RESULT: {}
COMMAND: GET /session/d26a4c962c30a62404c7ee6425a84c84/screenshot - {}
RESULT: {}
COMMAND: POST /session/d26a4c962c30a62404c7ee6425a84c84/element - {"using":"xpath","value":"//input[@id=\"application-managesites-display-component---NewSite--addressDetailDetailsYard-inner\"]"}
RESULT: {"using":"xpath","value":"//input[@id=\"application-managesites-display-component---NewSite--addressDetailDetailsYard-inner\"]"}
COMMAND: POST /session/d26a4c962c30a62404c7ee6425a84c84/element/f.CB35230D0BEACCAB597F868E996E95B6.d.D5F9568833C227D4ADE29225FC20C1B5.e.4911/value - {"text":"456"}
RESULT: {"text":"456"}
COMMAND: GET /session/d26a4c962c30a62404c7ee6425a84c84/screenshot - {}
RESULT: {}
COMMAND: POST /session/d26a4c962c30a62404c7ee6425a84c84/actions - {"actions":[{"id":"action9","type":"key","parameters":{},"actions":[{"type":"keyDown","value":"î€‡"},{"type":"pause","duration":10},{"type":"keyUp","value":"î€‡"}]}]}
RESULT: {"actions":[{"id":"action9","type":"key","parameters":{},"actions":[{"type":"keyDown","value":"î€‡"},{"type":"pause","duration":10},{"type":"keyUp","value":"î€‡"}]}]}
COMMAND: GET /session/d26a4c962c30a62404c7ee6425a84c84/screenshot - {}
RESULT: {}
COMMAND: POST /session/d26a4c962c30a62404c7ee6425a84c84/element - {"using":"xpath","value":"//input[@id=\"application-managesites-display-component---NewSite--addressDetailDetailsPartner-inner\"]"}
RESULT: {"using":"xpath","value":"//input[@id=\"application-managesites-display-component---NewSite--addressDetailDetailsPartner-inner\"]"}
COMMAND: POST /session/d26a4c962c30a62404c7ee6425a84c84/elements - {"using":"xpath","value":"//input[@id=\"application-managesites-display-component---NewSite--addressDetailDetailsPartner-inner\"]"}
RESULT: {"using":"xpath","value":"//input[@id=\"application-managesites-display-component---NewSite--addressDetailDetailsPartner-inner\"]"}
COMMAND: POST /session/d26a4c962c30a62404c7ee6425a84c84/execute/async - {"script":"<script> [1562 bytes]","args":[{"selector":{"controlType":"sap.m.Button","viewName":"etm.portal.ui.managesites.view.NewSmartSite","viewId":"application-managesites-display-component---NewSite","properties":{"text":"Commercial"},"interaction":{"idSuffix":"BDI-content"}},"wdio_ui5_key":"etmportal.ui.managesites.view.NewSmartSitesap.m.Button{\"text\":\"Commercial\"}"}]}
RESULT: {"script":"<script> [1562 bytes]","args":[{"selector":{"controlType":"sap.m.Button","viewName":"etm.portal.ui.managesites.view.NewSmartSite","viewId":"application-managesites-display-component---NewSite","properties":{"text":"Commercial"},"interaction":{"idSuffix":"BDI-content"}},"wdio_ui5_key":"etmportal.ui.managesites.view.NewSmartSitesap.m.Button{\"text\":\"Commercial\"}"}]}
RESULT: undefined
COMMAND: POST /session/d26a4c962c30a62404c7ee6425a84c84/element - {"using":"xpath","value":"//*[@id=\"application-managesites-display-component---NewSite--ObjectPageLayout-anchBar-__section5-anchor\"]"}
RESULT: {"using":"xpath","value":"//*[@id=\"application-managesites-display-component---NewSite--ObjectPageLayout-anchBar-__section5-anchor\"]"}
COMMAND: POST /session/d26a4c962c30a62404c7ee6425a84c84/element/f.CB35230D0BEACCAB597F868E996E95B6.d.D5F9568833C227D4ADE29225FC20C1B5.e.5160/click - {}
RESULT: {}
COMMAND: POST /session/d26a4c962c30a62404c7ee6425a84c84/execute/async - {"script":"<script> [1562 bytes]","args":[{"selector":{"controlType":"sap.m.Button","viewName":"etm.portal.ui.managesites.view.NewSmartSite","viewId":"application-managesites-display-component---NewSite","i18NText":{"propertyName":"text","key":"save"},"interaction":{"idSuffix":"BDI-content"}},"wdio_ui5_key":"etmportal.ui.managesites.view.NewSmartSitesap.m.Button{\"propertyName\":\"text\",\"key\":\"save\"}"}]}
COMMAND: GET /session/d26a4c962c30a62404c7ee6425a84c84/screenshot - {}
RESULT: {"script":"<script> [1562 bytes]","args":[{"selector":{"controlType":"sap.m.Button","viewName":"etm.portal.ui.managesites.view.NewSmartSite","viewId":"application-managesites-display-component---NewSite","i18NText":{"propertyName":"text","key":"save"},"interaction":{"idSuffix":"BDI-content"}},"wdio_ui5_key":"etmportal.ui.managesites.view.NewSmartSitesap.m.Button{\"propertyName\":\"text\",\"key\":\"save\"}"}]}
RESULT: undefined
COMMAND: POST /session/d26a4c962c30a62404c7ee6425a84c84/element - {"using":"xpath","value":"//*[@id=\"__button16\"]"}
RESULT: {}
RESULT: {"using":"xpath","value":"//*[@id=\"__button16\"]"}
COMMAND: POST /session/d26a4c962c30a62404c7ee6425a84c84/element/f.CB35230D0BEACCAB597F868E996E95B6.d.D5F9568833C227D4ADE29225FC20C1B5.e.5074/click - {}
RESULT: {}
COMMAND: GET /session/d26a4c962c30a62404c7ee6425a84c84/screenshot - {}
RESULT: {}
COMMAND: POST /session/d26a4c962c30a62404c7ee6425a84c84/execute/async - {"script":"<script> [1562 bytes]","args":[{"selector":{"id":"application-managesites-display-component---detailSite--addressDetailDetailsYardText"},"wdio_ui5_key":"applicationmanagesites-display-component---detailSite--addressDetailDetailsYardText"}]}
RESULT: {"script":"<script> [1562 bytes]","args":[{"selector":{"id":"application-managesites-display-component---detailSite--addressDetailDetailsYardText"},"wdio_ui5_key":"applicationmanagesites-display-component---detailSite--addressDetailDetailsYardText"}]}
RESULT: undefined
COMMAND: POST /session/d26a4c962c30a62404c7ee6425a84c84/element - {"using":"xpath","value":"//header/div/div[2]/div[2]/span"}
RESULT: {"using":"xpath","value":"//header/div/div[2]/div[2]/span"}
COMMAND: GET /session/d26a4c962c30a62404c7ee6425a84c84/element/f.CB35230D0BEACCAB597F868E996E95B6.d.D5F9568833C227D4ADE29225FC20C1B5.e.5384/text - {}
RESULT: {}
COMMAND: POST /session/d26a4c962c30a62404c7ee6425a84c84/execute/async - {"script":"<script> [1562 bytes]","args":[{"selector":{"controlType":"sap.m.Label","viewName":"etm.portal.ui.managesites.view.Detail","viewId":"application-managesites-display-component---detailSite","i18NText":{"propertyName":"text","key":"status"}},"wdio_ui5_key":"etmportal.ui.managesites.view.Detailsap.m.Label{\"propertyName\":\"text\",\"key\":\"status\"}"}]}
RESULT: {"script":"<script> [1562 bytes]","args":[{"selector":{"controlType":"sap.m.Label","viewName":"etm.portal.ui.managesites.view.Detail","viewId":"application-managesites-display-component---detailSite","i18NText":{"propertyName":"text","key":"status"}},"wdio_ui5_key":"etmportal.ui.managesites.view.Detailsap.m.Label{\"propertyName\":\"text\",\"key\":\"status\"}"}]}
RESULT: undefined
COMMAND: POST /session/d26a4c962c30a62404c7ee6425a84c84/execute/async - {"script":"<script> [6424 bytes]","args":[{"element-6066-11e4-a52e-4f735466cecf":"f.CB35230D0BEACCAB597F868E996E95B6.d.D5F9568833C227D4ADE29225FC20C1B5.e.5371"},"getText",[]]}
RESULT: {"script":"<script> [6424 bytes]","args":[{"element-6066-11e4-a52e-4f735466cecf":"f.CB35230D0BEACCAB597F868E996E95B6.d.D5F9568833C227D4ADE29225FC20C1B5.e.5371"},"getText",[]]}
]]></system-out>
    </testcase>
    <testcase classname="chrome.135_0_7049_96.windows.Create_2_sites_US118246" name="Should create WHM site" time="51.927">
      <system-out><![CDATA[
RESULT: undefined
COMMAND: POST /session/d26a4c962c30a62404c7ee6425a84c84/element - {"using":"xpath","value":"//*[@id=\"__button4-img\"]"}
RESULT: {"using":"xpath","value":"//*[@id=\"__button4-img\"]"}
COMMAND: POST /session/d26a4c962c30a62404c7ee6425a84c84/element/f.CB35230D0BEACCAB597F868E996E95B6.d.D5F9568833C227D4ADE29225FC20C1B5.e.5385/click - {}
RESULT: {}
COMMAND: GET /session/d26a4c962c30a62404c7ee6425a84c84/screenshot - {}
RESULT: {}
RESULT: undefined
COMMAND: POST /session/d26a4c962c30a62404c7ee6425a84c84/execute/async - {"script":"<script> [1562 bytes]","args":[{"selector":{"controlType":"sap.m.Button","viewName":"etm.portal.ui.managesites.view.NewSmartSite","viewId":"application-managesites-display-component---NewSite","properties":{"text":"General Information"},"interaction":{"idSuffix":"BDI-content"}},"wdio_ui5_key":"etmportal.ui.managesites.view.NewSmartSitesap.m.Button{\"text\":\"General Information\"}"}]}
RESULT: {"script":"<script> [1562 bytes]","args":[{"selector":{"controlType":"sap.m.Button","viewName":"etm.portal.ui.managesites.view.NewSmartSite","viewId":"application-managesites-display-component---NewSite","properties":{"text":"General Information"},"interaction":{"idSuffix":"BDI-content"}},"wdio_ui5_key":"etmportal.ui.managesites.view.NewSmartSitesap.m.Button{\"text\":\"General Information\"}"}]}
RESULT: undefined
COMMAND: POST /session/d26a4c962c30a62404c7ee6425a84c84/element - {"using":"xpath","value":"//*[@id=\"application-managesites-display-component---NewSite--ObjectPageLayout-anchBar-__section3-anchor\"]"}
RESULT: {"using":"xpath","value":"//*[@id=\"application-managesites-display-component---NewSite--ObjectPageLayout-anchBar-__section3-anchor\"]"}
COMMAND: POST /session/d26a4c962c30a62404c7ee6425a84c84/element/f.CB35230D0BEACCAB597F868E996E95B6.d.D5F9568833C227D4ADE29225FC20C1B5.e.5566/click - {}
RESULT: {}
RESULT: undefined
COMMAND: POST /session/d26a4c962c30a62404c7ee6425a84c84/execute/async - {"script":"<script> [776 bytes]","args":[{"enterText":"Webdriver WHM Site yumt4h","selector":{"id":"application-managesites-display-component---NewSite--addressDetailDetailsName1","interaction":{"idSuffix":"inner"}},"clearTextFirst":true,"interactionType":"ENTER_TEXT"}]}
COMMAND: GET /session/d26a4c962c30a62404c7ee6425a84c84/screenshot - {}
RESULT: {"script":"<script> [776 bytes]","args":[{"enterText":"Webdriver WHM Site yumt4h","selector":{"id":"application-managesites-display-component---NewSite--addressDetailDetailsName1","interaction":{"idSuffix":"inner"}},"clearTextFirst":true,"interactionType":"ENTER_TEXT"}]}
RESULT: {}
RESULT: undefined
COMMAND: POST /session/d26a4c962c30a62404c7ee6425a84c84/execute/async - {"script":"<script> [776 bytes]","args":[{"enterText":"Romanian","selector":{"id":"application-managesites-display-component---NewSite--addressDetailDetailsLanguage","interaction":{"idSuffix":"inner"}},"clearTextFirst":true,"interactionType":"ENTER_TEXT"}]}
RESULT: {"script":"<script> [776 bytes]","args":[{"enterText":"Romanian","selector":{"id":"application-managesites-display-component---NewSite--addressDetailDetailsLanguage","interaction":{"idSuffix":"inner"}},"clearTextFirst":true,"interactionType":"ENTER_TEXT"}]}
COMMAND: POST /session/d26a4c962c30a62404c7ee6425a84c84/actions - {"actions":[{"id":"action10","type":"key","parameters":{},"actions":[{"type":"keyDown","value":"î€‡"},{"type":"pause","duration":10},{"type":"keyUp","value":"î€‡"}]}]}
RESULT: {"actions":[{"id":"action10","type":"key","parameters":{},"actions":[{"type":"keyDown","value":"î€‡"},{"type":"pause","duration":10},{"type":"keyUp","value":"î€‡"}]}]}
RESULT: undefined
COMMAND: POST /session/d26a4c962c30a62404c7ee6425a84c84/execute/async - {"script":"<script> [776 bytes]","args":[{"enterText":"Bucharest","selector":{"id":"application-managesites-display-component---NewSite--addressDetailDetailsCity1","interaction":{"idSuffix":"inner"}},"clearTextFirst":true,"interactionType":"ENTER_TEXT"}]}
COMMAND: GET /session/d26a4c962c30a62404c7ee6425a84c84/screenshot - {}
RESULT: {"script":"<script> [776 bytes]","args":[{"enterText":"Bucharest","selector":{"id":"application-managesites-display-component---NewSite--addressDetailDetailsCity1","interaction":{"idSuffix":"inner"}},"clearTextFirst":true,"interactionType":"ENTER_TEXT"}]}
RESULT: {}
COMMAND: POST /session/d26a4c962c30a62404c7ee6425a84c84/actions - {"actions":[{"id":"action11","type":"key","parameters":{},"actions":[{"type":"keyDown","value":"î€‡"},{"type":"pause","duration":10},{"type":"keyUp","value":"î€‡"}]}]}
RESULT: {"actions":[{"id":"action11","type":"key","parameters":{},"actions":[{"type":"keyDown","value":"î€‡"},{"type":"pause","duration":10},{"type":"keyUp","value":"î€‡"}]}]}
RESULT: undefined
COMMAND: POST /session/d26a4c962c30a62404c7ee6425a84c84/execute/async - {"script":"<script> [6424 bytes]","args":[{"element-6066-11e4-a52e-4f735466cecf":"f.CB35230D0BEACCAB597F868E996E95B6.d.D5F9568833C227D4ADE29225FC20C1B5.e.4900"},"setValue",["Romania"]]}
COMMAND: GET /session/d26a4c962c30a62404c7ee6425a84c84/screenshot - {}
COMMAND: POST /session/d26a4c962c30a62404c7ee6425a84c84/execute/async - {"script":"<script> [1562 bytes]","args":[{"selector":{"id":"application-managesites-display-component---NewSite--addressDetailDetailsCountry","interaction":{"idSuffix":"inner"}},"wdio_ui5_key":"applicationmanagesites-display-component---NewSite--addressDetailDetailsCountry"}]}
RESULT: {}
RESULT: {"script":"<script> [1562 bytes]","args":[{"selector":{"id":"application-managesites-display-component---NewSite--addressDetailDetailsCountry","interaction":{"idSuffix":"inner"}},"wdio_ui5_key":"applicationmanagesites-display-component---NewSite--addressDetailDetailsCountry"}]}
COMMAND: POST /session/d26a4c962c30a62404c7ee6425a84c84/execute/async - {"script":"<script> [6424 bytes]","args":[{"element-6066-11e4-a52e-4f735466cecf":"f.CB35230D0BEACCAB597F868E996E95B6.d.D5F9568833C227D4ADE29225FC20C1B5.e.5439"},"setValue",["Romania"]]}
RESULT: {"script":"<script> [6424 bytes]","args":[{"element-6066-11e4-a52e-4f735466cecf":"f.CB35230D0BEACCAB597F868E996E95B6.d.D5F9568833C227D4ADE29225FC20C1B5.e.5439"},"setValue",["Romania"]]}
COMMAND: POST /session/d26a4c962c30a62404c7ee6425a84c84/actions - {"actions":[{"id":"action12","type":"key","parameters":{},"actions":[{"type":"keyDown","value":"î€‡"},{"type":"pause","duration":10},{"type":"keyUp","value":"î€‡"}]}]}
RESULT: {"actions":[{"id":"action12","type":"key","parameters":{},"actions":[{"type":"keyDown","value":"î€‡"},{"type":"pause","duration":10},{"type":"keyUp","value":"î€‡"}]}]}
RESULT: undefined
COMMAND: POST /session/d26a4c962c30a62404c7ee6425a84c84/execute/async - {"script":"<script> [776 bytes]","args":[{"enterText":"Germany","selector":{"id":"application-managesites-display-component---NewSite--addressDetailDetailsCalendar","interaction":{"idSuffix":"inner"}},"clearTextFirst":true,"interactionType":"ENTER_TEXT"}]}
COMMAND: GET /session/d26a4c962c30a62404c7ee6425a84c84/screenshot - {}
RESULT: {"script":"<script> [776 bytes]","args":[{"enterText":"Germany","selector":{"id":"application-managesites-display-component---NewSite--addressDetailDetailsCalendar","interaction":{"idSuffix":"inner"}},"clearTextFirst":true,"interactionType":"ENTER_TEXT"}]}
RESULT: {}
COMMAND: POST /session/d26a4c962c30a62404c7ee6425a84c84/actions - {"actions":[{"id":"action13","type":"key","parameters":{},"actions":[{"type":"keyDown","value":"î€‡"},{"type":"pause","duration":10},{"type":"keyUp","value":"î€‡"}]}]}
RESULT: {"actions":[{"id":"action13","type":"key","parameters":{},"actions":[{"type":"keyDown","value":"î€‡"},{"type":"pause","duration":10},{"type":"keyUp","value":"î€‡"}]}]}
COMMAND: POST /session/d26a4c962c30a62404c7ee6425a84c84/execute/async - {"script":"<script> [1562 bytes]","args":[{"selector":{"id":"application-managesites-display-component---NewSite--addressEditDetailsCostObjectCstType","interaction":{"idSuffix":"inner"}},"wdio_ui5_key":"applicationmanagesites-display-component---NewSite--addressEditDetailsCostObjectCstType"}]}
COMMAND: GET /session/d26a4c962c30a62404c7ee6425a84c84/screenshot - {}
RESULT: {"script":"<script> [1562 bytes]","args":[{"selector":{"id":"application-managesites-display-component---NewSite--addressEditDetailsCostObjectCstType","interaction":{"idSuffix":"inner"}},"wdio_ui5_key":"applicationmanagesites-display-component---NewSite--addressEditDetailsCostObjectCstType"}]}
RESULT: undefined
COMMAND: POST /session/d26a4c962c30a62404c7ee6425a84c84/execute/async - {"script":"<script> [776 bytes]","args":[{"enterText":"Cost","selector":{"id":"application-managesites-display-component---NewSite--addressEditDetailsCostObjectCstType","interaction":{"idSuffix":"inner"}},"clearTextFirst":true,"interactionType":"ENTER_TEXT"}]}
RESULT: {}
RESULT: {"script":"<script> [776 bytes]","args":[{"enterText":"Cost","selector":{"id":"application-managesites-display-component---NewSite--addressEditDetailsCostObjectCstType","interaction":{"idSuffix":"inner"}},"clearTextFirst":true,"interactionType":"ENTER_TEXT"}]}
COMMAND: POST /session/d26a4c962c30a62404c7ee6425a84c84/actions - {"actions":[{"id":"action14","type":"key","parameters":{},"actions":[{"type":"keyDown","value":"î€‡"},{"type":"pause","duration":10},{"type":"keyUp","value":"î€‡"}]}]}
RESULT: {"actions":[{"id":"action14","type":"key","parameters":{},"actions":[{"type":"keyDown","value":"î€‡"},{"type":"pause","duration":10},{"type":"keyUp","value":"î€‡"}]}]}
COMMAND: POST /session/d26a4c962c30a62404c7ee6425a84c84/execute/async - {"script":"<script> [1562 bytes]","args":[{"selector":{"id":"application-managesites-display-component---NewSite--addressNewCostObjectCstID","interaction":{"idSuffix":"inner"}},"wdio_ui5_key":"applicationmanagesites-display-component---NewSite--addressNewCostObjectCstID"}]}
COMMAND: GET /session/d26a4c962c30a62404c7ee6425a84c84/screenshot - {}
RESULT: {"script":"<script> [1562 bytes]","args":[{"selector":{"id":"application-managesites-display-component---NewSite--addressNewCostObjectCstID","interaction":{"idSuffix":"inner"}},"wdio_ui5_key":"applicationmanagesites-display-component---NewSite--addressNewCostObjectCstID"}]}
RESULT: undefined
COMMAND: POST /session/d26a4c962c30a62404c7ee6425a84c84/execute/async - {"script":"<script> [776 bytes]","args":[{"enterText":"1001","selector":{"id":"application-managesites-display-component---NewSite--addressNewCostObjectCstID","interaction":{"idSuffix":"inner"}},"clearTextFirst":true,"interactionType":"ENTER_TEXT"}]}
RESULT: {}
RESULT: {"script":"<script> [776 bytes]","args":[{"enterText":"1001","selector":{"id":"application-managesites-display-component---NewSite--addressNewCostObjectCstID","interaction":{"idSuffix":"inner"}},"clearTextFirst":true,"interactionType":"ENTER_TEXT"}]}
COMMAND: POST /session/d26a4c962c30a62404c7ee6425a84c84/actions - {"actions":[{"id":"action15","type":"key","parameters":{},"actions":[{"type":"keyDown","value":"î€‡"},{"type":"pause","duration":10},{"type":"keyUp","value":"î€‡"}]}]}
RESULT: {"actions":[{"id":"action15","type":"key","parameters":{},"actions":[{"type":"keyDown","value":"î€‡"},{"type":"pause","duration":10},{"type":"keyUp","value":"î€‡"}]}]}
COMMAND: POST /session/d26a4c962c30a62404c7ee6425a84c84/element - {"using":"xpath","value":"//input[@id=\"application-managesites-display-component---NewSite--addressDetailDetailsYard-inner\"]"}
COMMAND: GET /session/d26a4c962c30a62404c7ee6425a84c84/screenshot - {}
RESULT: {"using":"xpath","value":"//input[@id=\"application-managesites-display-component---NewSite--addressDetailDetailsYard-inner\"]"}
COMMAND: POST /session/d26a4c962c30a62404c7ee6425a84c84/element/f.CB35230D0BEACCAB597F868E996E95B6.d.D5F9568833C227D4ADE29225FC20C1B5.e.5450/value - {"text":"457"}
RESULT: {}
RESULT: {"text":"457"}
COMMAND: GET /session/d26a4c962c30a62404c7ee6425a84c84/screenshot - {}
RESULT: {}
COMMAND: POST /session/d26a4c962c30a62404c7ee6425a84c84/actions - {"actions":[{"id":"action16","type":"key","parameters":{},"actions":[{"type":"keyDown","value":"î€‡"},{"type":"pause","duration":10},{"type":"keyUp","value":"î€‡"}]}]}
RESULT: {"actions":[{"id":"action16","type":"key","parameters":{},"actions":[{"type":"keyDown","value":"î€‡"},{"type":"pause","duration":10},{"type":"keyUp","value":"î€‡"}]}]}
COMMAND: GET /session/d26a4c962c30a62404c7ee6425a84c84/screenshot - {}
RESULT: {}
COMMAND: POST /session/d26a4c962c30a62404c7ee6425a84c84/element - {"using":"xpath","value":"//input[@id=\"application-managesites-display-component---NewSite--addressDetailDetailsPartner-inner\"]"}
RESULT: {"using":"xpath","value":"//input[@id=\"application-managesites-display-component---NewSite--addressDetailDetailsPartner-inner\"]"}
COMMAND: POST /session/d26a4c962c30a62404c7ee6425a84c84/elements - {"using":"xpath","value":"//input[@id=\"application-managesites-display-component---NewSite--addressDetailDetailsPartner-inner\"]"}
RESULT: {"using":"xpath","value":"//input[@id=\"application-managesites-display-component---NewSite--addressDetailDetailsPartner-inner\"]"}
RESULT: undefined
COMMAND: POST /session/d26a4c962c30a62404c7ee6425a84c84/element - {"using":"xpath","value":"//*[@id=\"application-managesites-display-component---NewSite--ObjectPageLayout-anchBar-__section5-anchor\"]"}
RESULT: {"using":"xpath","value":"//*[@id=\"application-managesites-display-component---NewSite--ObjectPageLayout-anchBar-__section5-anchor\"]"}
COMMAND: POST /session/d26a4c962c30a62404c7ee6425a84c84/element/f.CB35230D0BEACCAB597F868E996E95B6.d.D5F9568833C227D4ADE29225FC20C1B5.e.5573/click - {}
RESULT: {}
COMMAND: POST /session/d26a4c962c30a62404c7ee6425a84c84/execute/async - {"script":"<script> [1562 bytes]","args":[{"selector":{"id":"application-managesites-display-component---NewSite--siteWhmCheckBox-label","interaction":{"idSuffix":"bdi"}},"wdio_ui5_key":"applicationmanagesites-display-component---NewSite--siteWhmCheckBox-label"}]}
COMMAND: GET /session/d26a4c962c30a62404c7ee6425a84c84/screenshot - {}
RESULT: {"script":"<script> [1562 bytes]","args":[{"selector":{"id":"application-managesites-display-component---NewSite--siteWhmCheckBox-label","interaction":{"idSuffix":"bdi"}},"wdio_ui5_key":"applicationmanagesites-display-component---NewSite--siteWhmCheckBox-label"}]}
RESULT: undefined
COMMAND: POST /session/d26a4c962c30a62404c7ee6425a84c84/element - {"using":"xpath","value":"//*[@id=\"application-managesites-display-component---NewSite--siteWhmCheckBox-label\"]"}
RESULT: {}
RESULT: {"using":"xpath","value":"//*[@id=\"application-managesites-display-component---NewSite--siteWhmCheckBox-label\"]"}
COMMAND: POST /session/d26a4c962c30a62404c7ee6425a84c84/element/f.CB35230D0BEACCAB597F868E996E95B6.d.D5F9568833C227D4ADE29225FC20C1B5.e.5577/click - {}
RESULT: {}
RESULT: undefined
COMMAND: POST /session/d26a4c962c30a62404c7ee6425a84c84/element - {"using":"xpath","value":"//*[@id=\"__button16\"]"}
COMMAND: GET /session/d26a4c962c30a62404c7ee6425a84c84/screenshot - {}
RESULT: {"using":"xpath","value":"//*[@id=\"__button16\"]"}
COMMAND: POST /session/d26a4c962c30a62404c7ee6425a84c84/element/f.CB35230D0BEACCAB597F868E996E95B6.d.D5F9568833C227D4ADE29225FC20C1B5.e.5578/click - {}
RESULT: {}
RESULT: {}
COMMAND: GET /session/d26a4c962c30a62404c7ee6425a84c84/screenshot - {}
RESULT: {}
COMMAND: POST /session/d26a4c962c30a62404c7ee6425a84c84/element - {"using":"xpath","value":"//header/div/div[2]/div[2]/span"}
RESULT: {"using":"xpath","value":"//header/div/div[2]/div[2]/span"}
COMMAND: GET /session/d26a4c962c30a62404c7ee6425a84c84/element/f.CB35230D0BEACCAB597F868E996E95B6.d.D5F9568833C227D4ADE29225FC20C1B5.e.5779/text - {}
RESULT: {}
RESULT: undefined
RESULT: undefined
COMMAND: POST /session/d26a4c962c30a62404c7ee6425a84c84/execute/async - {"script":"<script> [6424 bytes]","args":[{"element-6066-11e4-a52e-4f735466cecf":"f.CB35230D0BEACCAB597F868E996E95B6.d.D5F9568833C227D4ADE29225FC20C1B5.e.5371"},"getText",[]]}
COMMAND: POST /session/d26a4c962c30a62404c7ee6425a84c84/execute/async - {"script":"<script> [1562 bytes]","args":[{"selector":{"controlType":"sap.m.Label","viewName":"etm.portal.ui.managesites.view.Detail","viewId":"application-managesites-display-component---detailSite","i18NText":{"propertyName":"text","key":"status"}},"wdio_ui5_key":"etmportal.ui.managesites.view.Detailsap.m.Label{\"propertyName\":\"text\",\"key\":\"status\"}"}]}
RESULT: {"script":"<script> [1562 bytes]","args":[{"selector":{"controlType":"sap.m.Label","viewName":"etm.portal.ui.managesites.view.Detail","viewId":"application-managesites-display-component---detailSite","i18NText":{"propertyName":"text","key":"status"}},"wdio_ui5_key":"etmportal.ui.managesites.view.Detailsap.m.Label{\"propertyName\":\"text\",\"key\":\"status\"}"}]}
COMMAND: POST /session/d26a4c962c30a62404c7ee6425a84c84/execute/async - {"script":"<script> [6424 bytes]","args":[{"element-6066-11e4-a52e-4f735466cecf":"f.CB35230D0BEACCAB597F868E996E95B6.d.D5F9568833C227D4ADE29225FC20C1B5.e.5768"},"getText",[]]}
RESULT: {"script":"<script> [6424 bytes]","args":[{"element-6066-11e4-a52e-4f735466cecf":"f.CB35230D0BEACCAB597F868E996E95B6.d.D5F9568833C227D4ADE29225FC20C1B5.e.5768"},"getText",[]]}
COMMAND: POST /session/d26a4c962c30a62404c7ee6425a84c84/execute/async - {"script":"<script> [1562 bytes]","args":[{"selector":{"id":"shell-header","interaction":{"idSuffix":"icon"}},"wdio_ui5_key":"shellheader"}]}
RESULT: {"script":"<script> [1562 bytes]","args":[{"selector":{"id":"shell-header","interaction":{"idSuffix":"icon"}},"wdio_ui5_key":"shellheader"}]}
RESULT: undefined
COMMAND: POST /session/d26a4c962c30a62404c7ee6425a84c84/element - {"using":"xpath","value":"//*[@id=\"shell-header\"]"}
RESULT: {"using":"xpath","value":"//*[@id=\"shell-header\"]"}
COMMAND: POST /session/d26a4c962c30a62404c7ee6425a84c84/element/f.CB35230D0BEACCAB597F868E996E95B6.d.D5F9568833C227D4ADE29225FC20C1B5.e.5780/click - {}
RESULT: {}
COMMAND: POST /session/d26a4c962c30a62404c7ee6425a84c84/refresh - {}
COMMAND: GET /session/d26a4c962c30a62404c7ee6425a84c84/screenshot - {}
RESULT: {}
COMMAND: GET /session/d26a4c962c30a62404c7ee6425a84c84/screenshot - {}
RESULT: {}
RESULT: {}
COMMAND: POST /session/d26a4c962c30a62404c7ee6425a84c84/refresh - {}
RESULT: {}
COMMAND: GET /session/d26a4c962c30a62404c7ee6425a84c84/screenshot - {}
RESULT: {}
COMMAND: POST /session/d26a4c962c30a62404c7ee6425a84c84/window/fullscreen - {}
RESULT: {}
COMMAND: POST /session/d26a4c962c30a62404c7ee6425a84c84/execute/async - {"script":"<script> [189 bytes]","args":[]}
RESULT: {"script":"<script> [189 bytes]","args":[]}
COMMAND: POST /session/d26a4c962c30a62404c7ee6425a84c84/execute/async - {"script":"<script> [123 bytes]","args":[]}
RESULT: {"script":"<script> [123 bytes]","args":[]}
COMMAND: POST /session/d26a4c962c30a62404c7ee6425a84c84/timeouts - {"script":"<number>"}
RESULT: {"script":"<number>"}
COMMAND: GET /session/d26a4c962c30a62404c7ee6425a84c84/timeouts - {}
RESULT: {}
RESULT: undefined
COMMAND: POST /session/d26a4c962c30a62404c7ee6425a84c84/execute/async - {"script":"<script> [2676 bytes]","args":[]}
RESULT: {"script":"<script> [2676 bytes]","args":[]}
COMMAND: POST /session/d26a4c962c30a62404c7ee6425a84c84/execute/async - {"script":"<script> [2342 bytes]","args":[{"protocol":"http","hostname":"0.0.0.0","path":"/","capabilities":{"browserName":"chrome","goog:chromeOptions":{"binary":"C:\\Program Files\\Google\\Chrome\\Application\\chrome.exe","args":["--start-maximized"]}},"logLevel":"warn","connectionRetryTimeout":120000,"connectionRetryCount":3,"logLevels":{},"enableDirectConnect":true,"strictSSL":true,"_":"65 more keys: [\"cacheDir\",\"port\",\"requestedCapabilities\",\"automationProtocol\",\"baseUrl\",\"waitforInterval\",\"waitforTimeout\",\"onReload\",\"beforeCommand\",\"afterCommand\",\"rootDir\",\"specs\",\"suites\",\"exclude\",\"groupLogsByTestSpec\",\"excludeDriverLogs\",\"bail\",\"framework\",\"reporters\",\"services\",\"maxInstances\",\"maxInstancesPerCapability\",\"injectGlobals\",\"filesToWatch\",\"execArgv\",\"runnerEnv\",\"runner\",\"shard\",\"specFileRetries\",\"specFileRetriesDelay\",\"specFileRetriesDeferred\",\"reporterSyncInterval\",\"reporterSyncTimeout\",\"cucumberFeaturesWithLineNumbers\",\"autoCompileOpts\",\"mochaOpts\",\"jasmineOpts\",\"cucumberOpts\",\"onPrepare\",\"onWorkerStart\",\"onWorkerEnd\",\"before\",\"beforeSession\",\"beforeSuite\",\"beforeHook\",\"beforeTest\",\"afterTest\",\"afterHook\",\"afterSuite\",\"afterSession\",\"after\",\"onComplete\",\"beforeAssertion\",\"afterAssertion\",\"beforeFeature\",\"beforeScenario\",\"beforeStep\",\"afterStep\",\"afterScenario\",\"afterFeature\",\"_\",\"suite\",\"$0\",\"ignoredWorkerServices\",\"wdi5\"]"}]}
RESULT: {"script":"<script> [2342 bytes]","args":[{"protocol":"http","hostname":"0.0.0.0","path":"/","capabilities":{"browserName":"chrome","goog:chromeOptions":{"binary":"C:\\Program Files\\Google\\Chrome\\Application\\chrome.exe","args":["--start-maximized"]}},"logLevel":"warn","connectionRetryTimeout":120000,"connectionRetryCount":3,"logLevels":{},"enableDirectConnect":true,"strictSSL":true,"_":"65 more keys: [\"cacheDir\",\"port\",\"requestedCapabilities\",\"automationProtocol\",\"baseUrl\",\"waitforInterval\",\"waitforTimeout\",\"onReload\",\"beforeCommand\",\"afterCommand\",\"rootDir\",\"specs\",\"suites\",\"exclude\",\"groupLogsByTestSpec\",\"excludeDriverLogs\",\"bail\",\"framework\",\"reporters\",\"services\",\"maxInstances\",\"maxInstancesPerCapability\",\"injectGlobals\",\"filesToWatch\",\"execArgv\",\"runnerEnv\",\"runner\",\"shard\",\"specFileRetries\",\"specFileRetriesDelay\",\"specFileRetriesDeferred\",\"reporterSyncInterval\",\"reporterSyncTimeout\",\"cucumberFeaturesWithLineNumbers\",\"autoCompileOpts\",\"mochaOpts\",\"jasmineOpts\",\"cucumberOpts\",\"onPrepare\",\"onWorkerStart\",\"onWorkerEnd\",\"before\",\"beforeSession\",\"beforeSuite\",\"beforeHook\",\"beforeTest\",\"afterTest\",\"afterHook\",\"afterSuite\",\"afterSession\",\"after\",\"onComplete\",\"beforeAssertion\",\"afterAssertion\",\"beforeFeature\",\"beforeScenario\",\"beforeStep\",\"afterStep\",\"afterScenario\",\"afterFeature\",\"_\",\"suite\",\"$0\",\"ignoredWorkerServices\",\"wdi5\"]"}]}
COMMAND: POST /session/d26a4c962c30a62404c7ee6425a84c84/execute/async - {"script":"<script> [21126 bytes]","args":[35000]}
RESULT: {"script":"<script> [21126 bytes]","args":[35000]}
COMMAND: POST /session/d26a4c962c30a62404c7ee6425a84c84/element - {"using":"css selector","value":"#j_username"}
COMMAND: POST /session/d26a4c962c30a62404c7ee6425a84c84/url - {"url":"https://qa-testing-00-live-etm-ui.cfapps.eu10-004.hana.ondemand.com/"}
RESULT: {"using":"css selector","value":"#j_username"}
COMMAND: POST /session/d26a4c962c30a62404c7ee6425a84c84/element - {"using":"css selector","value":"#j_username"}
RESULT: {"url":"https://qa-testing-00-live-etm-ui.cfapps.eu10-004.hana.ondemand.com/"}
RESULT: undefined
COMMAND: GET /session/d26a4c962c30a62404c7ee6425a84c84/screenshot - {}
RESULT: {"using":"css selector","value":"#j_username"}
COMMAND: POST /session/d26a4c962c30a62404c7ee6425a84c84/element - {"using":"css selector","value":"#shell-header-logo"}
RESULT: {}
RESULT: {"using":"css selector","value":"#shell-header-logo"}
COMMAND: POST /session/d26a4c962c30a62404c7ee6425a84c84/execute/sync - {"script":"<script> [8489 bytes]","args":[{"element-6066-11e4-a52e-4f735466cecf":"f.CB35230D0BEACCAB597F868E996E95B6.d.85BC78442E8832DC5FFC996CC2EB8404.e.6381","ELEMENT":"f.CB35230D0BEACCAB597F868E996E95B6.d.85BC78442E8832DC5FFC996CC2EB8404.e.6381"}]}
RESULT: {"script":"<script> [8489 bytes]","args":[{"element-6066-11e4-a52e-4f735466cecf":"f.CB35230D0BEACCAB597F868E996E95B6.d.85BC78442E8832DC5FFC996CC2EB8404.e.6381","ELEMENT":"f.CB35230D0BEACCAB597F868E996E95B6.d.85BC78442E8832DC5FFC996CC2EB8404.e.6381"}]}
COMMAND: POST /session/d26a4c962c30a62404c7ee6425a84c84/element - {"using":"css selector","value":"#shell-header-logo"}
COMMAND: GET /session/d26a4c962c30a62404c7ee6425a84c84/screenshot - {}
RESULT: {"using":"css selector","value":"#shell-header-logo"}
COMMAND: POST /session/d26a4c962c30a62404c7ee6425a84c84/execute/sync - {"script":"<script> [8489 bytes]","args":[{"element-6066-11e4-a52e-4f735466cecf":"f.CB35230D0BEACCAB597F868E996E95B6.d.85BC78442E8832DC5FFC996CC2EB8404.e.6381","ELEMENT":"f.CB35230D0BEACCAB597F868E996E95B6.d.85BC78442E8832DC5FFC996CC2EB8404.e.6381"}]}
RESULT: {}
RESULT: {"script":"<script> [8489 bytes]","args":[{"element-6066-11e4-a52e-4f735466cecf":"f.CB35230D0BEACCAB597F868E996E95B6.d.85BC78442E8832DC5FFC996CC2EB8404.e.6381","ELEMENT":"f.CB35230D0BEACCAB597F868E996E95B6.d.85BC78442E8832DC5FFC996CC2EB8404.e.6381"}]}
COMMAND: POST /session/d26a4c962c30a62404c7ee6425a84c84/execute/sync - {"script":"<script> [5351 bytes]","args":[{"element-6066-11e4-a52e-4f735466cecf":"f.CB35230D0BEACCAB597F868E996E95B6.d.85BC78442E8832DC5FFC996CC2EB8404.e.6381","ELEMENT":"f.CB35230D0BEACCAB597F868E996E95B6.d.85BC78442E8832DC5FFC996CC2EB8404.e.6381"}]}
COMMAND: GET /session/d26a4c962c30a62404c7ee6425a84c84/screenshot - {}
RESULT: {"script":"<script> [5351 bytes]","args":[{"element-6066-11e4-a52e-4f735466cecf":"f.CB35230D0BEACCAB597F868E996E95B6.d.85BC78442E8832DC5FFC996CC2EB8404.e.6381","ELEMENT":"f.CB35230D0BEACCAB597F868E996E95B6.d.85BC78442E8832DC5FFC996CC2EB8404.e.6381"}]}
COMMAND: POST /session/d26a4c962c30a62404c7ee6425a84c84/element - {"using":"css selector","value":"#shell-header-logo"}
COMMAND: GET /session/d26a4c962c30a62404c7ee6425a84c84/screenshot - {}
RESULT: {}
RESULT: {"using":"css selector","value":"#shell-header-logo"}
COMMAND: POST /session/d26a4c962c30a62404c7ee6425a84c84/element/f.CB35230D0BEACCAB597F868E996E95B6.d.85BC78442E8832DC5FFC996CC2EB8404.e.6381/click - {}
RESULT: {}
RESULT: {}
COMMAND: GET /session/d26a4c962c30a62404c7ee6425a84c84/screenshot - {}
RESULT: {}
COMMAND: POST /session/d26a4c962c30a62404c7ee6425a84c84/execute/async - {"script":"<script> [189 bytes]","args":[]}
RESULT: {"script":"<script> [189 bytes]","args":[]}
COMMAND: POST /session/d26a4c962c30a62404c7ee6425a84c84/execute/async - {"script":"<script> [123 bytes]","args":[]}
RESULT: {"script":"<script> [123 bytes]","args":[]}
COMMAND: POST /session/d26a4c962c30a62404c7ee6425a84c84/timeouts - {"script":"<number>"}
RESULT: {"script":"<number>"}
COMMAND: GET /session/d26a4c962c30a62404c7ee6425a84c84/timeouts - {}
RESULT: {}
RESULT: undefined
COMMAND: POST /session/d26a4c962c30a62404c7ee6425a84c84/execute/async - {"script":"<script> [2676 bytes]","args":[]}
RESULT: {"script":"<script> [2676 bytes]","args":[]}
COMMAND: POST /session/d26a4c962c30a62404c7ee6425a84c84/execute/async - {"script":"<script> [2342 bytes]","args":[{"protocol":"http","hostname":"0.0.0.0","path":"/","capabilities":{"browserName":"chrome","goog:chromeOptions":{"binary":"C:\\Program Files\\Google\\Chrome\\Application\\chrome.exe","args":["--start-maximized"]}},"logLevel":"warn","connectionRetryTimeout":120000,"connectionRetryCount":3,"logLevels":{},"enableDirectConnect":true,"strictSSL":true,"_":"65 more keys: [\"cacheDir\",\"port\",\"requestedCapabilities\",\"automationProtocol\",\"baseUrl\",\"waitforInterval\",\"waitforTimeout\",\"onReload\",\"beforeCommand\",\"afterCommand\",\"rootDir\",\"specs\",\"suites\",\"exclude\",\"groupLogsByTestSpec\",\"excludeDriverLogs\",\"bail\",\"framework\",\"reporters\",\"services\",\"maxInstances\",\"maxInstancesPerCapability\",\"injectGlobals\",\"filesToWatch\",\"execArgv\",\"runnerEnv\",\"runner\",\"shard\",\"specFileRetries\",\"specFileRetriesDelay\",\"specFileRetriesDeferred\",\"reporterSyncInterval\",\"reporterSyncTimeout\",\"cucumberFeaturesWithLineNumbers\",\"autoCompileOpts\",\"mochaOpts\",\"jasmineOpts\",\"cucumberOpts\",\"onPrepare\",\"onWorkerStart\",\"onWorkerEnd\",\"before\",\"beforeSession\",\"beforeSuite\",\"beforeHook\",\"beforeTest\",\"afterTest\",\"afterHook\",\"afterSuite\",\"afterSession\",\"after\",\"onComplete\",\"beforeAssertion\",\"afterAssertion\",\"beforeFeature\",\"beforeScenario\",\"beforeStep\",\"afterStep\",\"afterScenario\",\"afterFeature\",\"_\",\"suite\",\"$0\",\"ignoredWorkerServices\",\"wdi5\"]"}]}
RESULT: {"script":"<script> [2342 bytes]","args":[{"protocol":"http","hostname":"0.0.0.0","path":"/","capabilities":{"browserName":"chrome","goog:chromeOptions":{"binary":"C:\\Program Files\\Google\\Chrome\\Application\\chrome.exe","args":["--start-maximized"]}},"logLevel":"warn","connectionRetryTimeout":120000,"connectionRetryCount":3,"logLevels":{},"enableDirectConnect":true,"strictSSL":true,"_":"65 more keys: [\"cacheDir\",\"port\",\"requestedCapabilities\",\"automationProtocol\",\"baseUrl\",\"waitforInterval\",\"waitforTimeout\",\"onReload\",\"beforeCommand\",\"afterCommand\",\"rootDir\",\"specs\",\"suites\",\"exclude\",\"groupLogsByTestSpec\",\"excludeDriverLogs\",\"bail\",\"framework\",\"reporters\",\"services\",\"maxInstances\",\"maxInstancesPerCapability\",\"injectGlobals\",\"filesToWatch\",\"execArgv\",\"runnerEnv\",\"runner\",\"shard\",\"specFileRetries\",\"specFileRetriesDelay\",\"specFileRetriesDeferred\",\"reporterSyncInterval\",\"reporterSyncTimeout\",\"cucumberFeaturesWithLineNumbers\",\"autoCompileOpts\",\"mochaOpts\",\"jasmineOpts\",\"cucumberOpts\",\"onPrepare\",\"onWorkerStart\",\"onWorkerEnd\",\"before\",\"beforeSession\",\"beforeSuite\",\"beforeHook\",\"beforeTest\",\"afterTest\",\"afterHook\",\"afterSuite\",\"afterSession\",\"after\",\"onComplete\",\"beforeAssertion\",\"afterAssertion\",\"beforeFeature\",\"beforeScenario\",\"beforeStep\",\"afterStep\",\"afterScenario\",\"afterFeature\",\"_\",\"suite\",\"$0\",\"ignoredWorkerServices\",\"wdi5\"]"}]}
COMMAND: POST /session/d26a4c962c30a62404c7ee6425a84c84/execute/async - {"script":"<script> [21126 bytes]","args":[35000]}
RESULT: {"script":"<script> [21126 bytes]","args":[35000]}
COMMAND: POST /session/d26a4c962c30a62404c7ee6425a84c84/window/maximize - {}
RESULT: {}
COMMAND: POST /session/d26a4c962c30a62404c7ee6425a84c84/execute/async - {"script":"<script> [1562 bytes]","args":[{"selector":{"id":"shell-header","interaction":{"idSuffix":"icon"}},"wdio_ui5_key":"shellheader"}]}
COMMAND: GET /session/d26a4c962c30a62404c7ee6425a84c84/screenshot - {}
RESULT: {"script":"<script> [1562 bytes]","args":[{"selector":{"id":"shell-header","interaction":{"idSuffix":"icon"}},"wdio_ui5_key":"shellheader"}]}
RESULT: undefined
RESULT: {}
COMMAND: POST /session/d26a4c962c30a62404c7ee6425a84c84/execute/async - {"script":"<script> [1562 bytes]","args":[{"selector":{"controlType":"sap.m.Title","i18NText":{"propertyName":"text","key":"dataCollectionAgreement"},"searchOpenDialogs":true},"wdio_ui5_key":"sapm.Title{\"propertyName\":\"text\",\"key\":\"dataCollectionAgreement\"}"}]}
RESULT: {"script":"<script> [1562 bytes]","args":[{"selector":{"controlType":"sap.m.Title","i18NText":{"propertyName":"text","key":"dataCollectionAgreement"},"searchOpenDialogs":true},"wdio_ui5_key":"sapm.Title{\"propertyName\":\"text\",\"key\":\"dataCollectionAgreement\"}"}]}
RESULT: undefined
COMMAND: POST /session/d26a4c962c30a62404c7ee6425a84c84/execute/async - {"script":"<script> [1562 bytes]","args":[{"selector":{"controlType":"sap.m.GenericTile","properties":{"header":"Manage Resources"}},"wdio_ui5_key":"sapm.GenericTile{\"header\":\"Manage Resources\"}"}]}
RESULT: {"script":"<script> [1562 bytes]","args":[{"selector":{"controlType":"sap.m.GenericTile","properties":{"header":"Manage Resources"}},"wdio_ui5_key":"sapm.GenericTile{\"header\":\"Manage Resources\"}"}]}
RESULT: undefined
COMMAND: POST /session/d26a4c962c30a62404c7ee6425a84c84/element - {"using":"xpath","value":"//*[@id=\"__tile31\"]"}
RESULT: {"using":"xpath","value":"//*[@id=\"__tile31\"]"}
COMMAND: POST /session/d26a4c962c30a62404c7ee6425a84c84/element/f.CB35230D0BEACCAB597F868E996E95B6.d.85BC78442E8832DC5FFC996CC2EB8404.e.6407/click - {}
RESULT: {}
COMMAND: GET /session/d26a4c962c30a62404c7ee6425a84c84/screenshot - {}
RESULT: {}
]]></system-out>
    </testcase>
  </testsuite>
  <testsuite timestamp="2025-04-30T15:32:27" time="496.081" tests="2" failures="0" errors="0" skipped="0">
    <properties>
      <property name="specId" value="0" />
      <property name="suiteName" value="Create 2 RU material US118246" />
      <property name="capabilities" value="chrome.135_0_7049_96.windows" />
      <property name="file" value="file:///D:/a/1/s/test/specs/R2C/create-material.spec.js" />
    </properties>
    <testcase classname="chrome.135_0_7049_96.windows.Create_2_RU_material_US118246" name="Create material" time="233.246">
      <system-out><![CDATA[
COMMAND: POST /session/d26a4c962c30a62404c7ee6425a84c84/element - {"using":"xpath","value":"//button[@data-kt=\"addNewRUOverflowToolbarButton\"]"}
RESULT: {"using":"xpath","value":"//button[@data-kt=\"addNewRUOverflowToolbarButton\"]"}
COMMAND: POST /session/d26a4c962c30a62404c7ee6425a84c84/execute/sync - {"script":"<script> [8489 bytes]","args":[{"element-6066-11e4-a52e-4f735466cecf":"f.CB35230D0BEACCAB597F868E996E95B6.d.85BC78442E8832DC5FFC996CC2EB8404.e.6546","ELEMENT":"f.CB35230D0BEACCAB597F868E996E95B6.d.85BC78442E8832DC5FFC996CC2EB8404.e.6546"}]}
RESULT: {"script":"<script> [8489 bytes]","args":[{"element-6066-11e4-a52e-4f735466cecf":"f.CB35230D0BEACCAB597F868E996E95B6.d.85BC78442E8832DC5FFC996CC2EB8404.e.6546","ELEMENT":"f.CB35230D0BEACCAB597F868E996E95B6.d.85BC78442E8832DC5FFC996CC2EB8404.e.6546"}]}
COMMAND: POST /session/d26a4c962c30a62404c7ee6425a84c84/element/f.CB35230D0BEACCAB597F868E996E95B6.d.85BC78442E8832DC5FFC996CC2EB8404.e.6546/click - {}
COMMAND: GET /session/d26a4c962c30a62404c7ee6425a84c84/screenshot - {}
RESULT: {}
COMMAND: GET /session/d26a4c962c30a62404c7ee6425a84c84/screenshot - {}
RESULT: {}
RESULT: {}
COMMAND: POST /session/d26a4c962c30a62404c7ee6425a84c84/execute/async - {"script":"<script> [1562 bytes]","args":[{"selector":{"controlType":"sap.m.ComboBox","viewName":"reusables.view.manageresources.NewResourceUnit","viewId":"application-manageresources-display-component---newResourceUnit","bindingPath":{"path":"","propertyPath":"/RuTypes","modelName":"catalogModel"},"searchOpenDialogs":true},"wdio_ui5_key":"reusablesview.manageresources.NewResourceUnitsap.m.ComboBox{\"path\":\"\",\"propertyPath\":\"/RuTypes\",\"modelName\":\"catalogModel\"}"}]}
RESULT: {"script":"<script> [1562 bytes]","args":[{"selector":{"controlType":"sap.m.ComboBox","viewName":"reusables.view.manageresources.NewResourceUnit","viewId":"application-manageresources-display-component---newResourceUnit","bindingPath":{"path":"","propertyPath":"/RuTypes","modelName":"catalogModel"},"searchOpenDialogs":true},"wdio_ui5_key":"reusablesview.manageresources.NewResourceUnitsap.m.ComboBox{\"path\":\"\",\"propertyPath\":\"/RuTypes\",\"modelName\":\"catalogModel\"}"}]}
RESULT: undefined
COMMAND: POST /session/d26a4c962c30a62404c7ee6425a84c84/execute/async - {"script":"<script> [1562 bytes]","args":[{"selector":{"controlType":"sap.m.ComboBox","viewName":"reusables.view.manageresources.NewResourceUnit","viewId":"application-manageresources-display-component---newResourceUnit","bindingPath":{"path":"","propertyPath":"/Yards","modelName":"catalogModel"},"searchOpenDialogs":true},"wdio_ui5_key":"reusablesview.manageresources.NewResourceUnitsap.m.ComboBox{\"path\":\"\",\"propertyPath\":\"/Yards\",\"modelName\":\"catalogModel\"}"}]}
RESULT: {"script":"<script> [1562 bytes]","args":[{"selector":{"controlType":"sap.m.ComboBox","viewName":"reusables.view.manageresources.NewResourceUnit","viewId":"application-manageresources-display-component---newResourceUnit","bindingPath":{"path":"","propertyPath":"/Yards","modelName":"catalogModel"},"searchOpenDialogs":true},"wdio_ui5_key":"reusablesview.manageresources.NewResourceUnitsap.m.ComboBox{\"path\":\"\",\"propertyPath\":\"/Yards\",\"modelName\":\"catalogModel\"}"}]}
RESULT: undefined
COMMAND: POST /session/d26a4c962c30a62404c7ee6425a84c84/execute/async - {"script":"<script> [1562 bytes]","args":[{"selector":{"controlType":"etm.portal.ui.reusables.customControls.LiveSearchComboBox","viewName":"reusables.view.manageresources.NewResourceUnit","viewId":"application-manageresources-display-component---newResourceUnit","bindingPath":{"path":"","propertyPath":"/CatalogItems","modelName":"catalogModel"},"searchOpenDialogs":true},"wdio_ui5_key":"reusablesview.manageresources.NewResourceUnitetm.portal.ui.reusables.customControls.LiveSearchComboBox{\"path\":\"\",\"propertyPath\":\"/CatalogItems\",\"modelName\":\"catalogModel\"}"}]}
RESULT: {"script":"<script> [1562 bytes]","args":[{"selector":{"controlType":"etm.portal.ui.reusables.customControls.LiveSearchComboBox","viewName":"reusables.view.manageresources.NewResourceUnit","viewId":"application-manageresources-display-component---newResourceUnit","bindingPath":{"path":"","propertyPath":"/CatalogItems","modelName":"catalogModel"},"searchOpenDialogs":true},"wdio_ui5_key":"reusablesview.manageresources.NewResourceUnitetm.portal.ui.reusables.customControls.LiveSearchComboBox{\"path\":\"\",\"propertyPath\":\"/CatalogItems\",\"modelName\":\"catalogModel\"}"}]}
RESULT: undefined
COMMAND: POST /session/d26a4c962c30a62404c7ee6425a84c84/element - {"using":"xpath","value":"//bdi[text()=\"OK\"]"}
RESULT: {"using":"xpath","value":"//bdi[text()=\"OK\"]"}
COMMAND: POST /session/d26a4c962c30a62404c7ee6425a84c84/elements - {"using":"xpath","value":"//bdi[text()=\"OK\"]"}
RESULT: {"using":"xpath","value":"//bdi[text()=\"OK\"]"}
COMMAND: POST /session/d26a4c962c30a62404c7ee6425a84c84/elements - {"using":"xpath","value":"//bdi[text()=\"OK\"]"}
RESULT: {"using":"xpath","value":"//bdi[text()=\"OK\"]"}
COMMAND: POST /session/d26a4c962c30a62404c7ee6425a84c84/elements - {"using":"xpath","value":"//bdi[text()=\"OK\"]"}
RESULT: {"using":"xpath","value":"//bdi[text()=\"OK\"]"}
COMMAND: POST /session/d26a4c962c30a62404c7ee6425a84c84/elements - {"using":"xpath","value":"//bdi[text()=\"OK\"]"}
RESULT: {"using":"xpath","value":"//bdi[text()=\"OK\"]"}
COMMAND: POST /session/d26a4c962c30a62404c7ee6425a84c84/elements - {"using":"xpath","value":"//bdi[text()=\"OK\"]"}
RESULT: {"using":"xpath","value":"//bdi[text()=\"OK\"]"}
COMMAND: POST /session/d26a4c962c30a62404c7ee6425a84c84/elements - {"using":"xpath","value":"//bdi[text()=\"OK\"]"}
RESULT: {"using":"xpath","value":"//bdi[text()=\"OK\"]"}
COMMAND: POST /session/d26a4c962c30a62404c7ee6425a84c84/elements - {"using":"xpath","value":"//bdi[text()=\"OK\"]"}
RESULT: {"using":"xpath","value":"//bdi[text()=\"OK\"]"}
COMMAND: POST /session/d26a4c962c30a62404c7ee6425a84c84/elements - {"using":"xpath","value":"//bdi[text()=\"OK\"]"}
RESULT: {"using":"xpath","value":"//bdi[text()=\"OK\"]"}
COMMAND: POST /session/d26a4c962c30a62404c7ee6425a84c84/elements - {"using":"xpath","value":"//bdi[text()=\"OK\"]"}
RESULT: {"using":"xpath","value":"//bdi[text()=\"OK\"]"}
COMMAND: POST /session/d26a4c962c30a62404c7ee6425a84c84/elements - {"using":"xpath","value":"//bdi[text()=\"OK\"]"}
RESULT: {"using":"xpath","value":"//bdi[text()=\"OK\"]"}
COMMAND: POST /session/d26a4c962c30a62404c7ee6425a84c84/elements - {"using":"xpath","value":"//bdi[text()=\"OK\"]"}
RESULT: {"using":"xpath","value":"//bdi[text()=\"OK\"]"}
COMMAND: POST /session/d26a4c962c30a62404c7ee6425a84c84/elements - {"using":"xpath","value":"//bdi[text()=\"OK\"]"}
RESULT: {"using":"xpath","value":"//bdi[text()=\"OK\"]"}
COMMAND: POST /session/d26a4c962c30a62404c7ee6425a84c84/elements - {"using":"xpath","value":"//bdi[text()=\"OK\"]"}
RESULT: {"using":"xpath","value":"//bdi[text()=\"OK\"]"}
COMMAND: POST /session/d26a4c962c30a62404c7ee6425a84c84/elements - {"using":"xpath","value":"//bdi[text()=\"OK\"]"}
RESULT: {"using":"xpath","value":"//bdi[text()=\"OK\"]"}
COMMAND: POST /session/d26a4c962c30a62404c7ee6425a84c84/elements - {"using":"xpath","value":"//bdi[text()=\"OK\"]"}
RESULT: {"using":"xpath","value":"//bdi[text()=\"OK\"]"}
COMMAND: POST /session/d26a4c962c30a62404c7ee6425a84c84/elements - {"using":"xpath","value":"//bdi[text()=\"OK\"]"}
RESULT: {"using":"xpath","value":"//bdi[text()=\"OK\"]"}
COMMAND: POST /session/d26a4c962c30a62404c7ee6425a84c84/elements - {"using":"xpath","value":"//bdi[text()=\"OK\"]"}
RESULT: {"using":"xpath","value":"//bdi[text()=\"OK\"]"}
COMMAND: POST /session/d26a4c962c30a62404c7ee6425a84c84/elements - {"using":"xpath","value":"//bdi[text()=\"OK\"]"}
RESULT: {"using":"xpath","value":"//bdi[text()=\"OK\"]"}
COMMAND: POST /session/d26a4c962c30a62404c7ee6425a84c84/elements - {"using":"xpath","value":"//bdi[text()=\"OK\"]"}
RESULT: {"using":"xpath","value":"//bdi[text()=\"OK\"]"}
COMMAND: POST /session/d26a4c962c30a62404c7ee6425a84c84/elements - {"using":"xpath","value":"//bdi[text()=\"OK\"]"}
RESULT: {"using":"xpath","value":"//bdi[text()=\"OK\"]"}
COMMAND: POST /session/d26a4c962c30a62404c7ee6425a84c84/elements - {"using":"xpath","value":"//bdi[text()=\"OK\"]"}
RESULT: {"using":"xpath","value":"//bdi[text()=\"OK\"]"}
COMMAND: POST /session/d26a4c962c30a62404c7ee6425a84c84/elements - {"using":"xpath","value":"//bdi[text()=\"OK\"]"}
RESULT: {"using":"xpath","value":"//bdi[text()=\"OK\"]"}
COMMAND: POST /session/d26a4c962c30a62404c7ee6425a84c84/elements - {"using":"xpath","value":"//bdi[text()=\"OK\"]"}
RESULT: {"using":"xpath","value":"//bdi[text()=\"OK\"]"}
COMMAND: POST /session/d26a4c962c30a62404c7ee6425a84c84/elements - {"using":"xpath","value":"//bdi[text()=\"OK\"]"}
RESULT: {"using":"xpath","value":"//bdi[text()=\"OK\"]"}
COMMAND: POST /session/d26a4c962c30a62404c7ee6425a84c84/elements - {"using":"xpath","value":"//bdi[text()=\"OK\"]"}
RESULT: {"using":"xpath","value":"//bdi[text()=\"OK\"]"}
COMMAND: POST /session/d26a4c962c30a62404c7ee6425a84c84/elements - {"using":"xpath","value":"//bdi[text()=\"OK\"]"}
RESULT: {"using":"xpath","value":"//bdi[text()=\"OK\"]"}
COMMAND: POST /session/d26a4c962c30a62404c7ee6425a84c84/elements - {"using":"xpath","value":"//bdi[text()=\"OK\"]"}
RESULT: {"using":"xpath","value":"//bdi[text()=\"OK\"]"}
COMMAND: POST /session/d26a4c962c30a62404c7ee6425a84c84/elements - {"using":"xpath","value":"//bdi[text()=\"OK\"]"}
RESULT: {"using":"xpath","value":"//bdi[text()=\"OK\"]"}
COMMAND: POST /session/d26a4c962c30a62404c7ee6425a84c84/elements - {"using":"xpath","value":"//bdi[text()=\"OK\"]"}
RESULT: {"using":"xpath","value":"//bdi[text()=\"OK\"]"}
COMMAND: POST /session/d26a4c962c30a62404c7ee6425a84c84/elements - {"using":"xpath","value":"//bdi[text()=\"OK\"]"}
RESULT: {"using":"xpath","value":"//bdi[text()=\"OK\"]"}
COMMAND: POST /session/d26a4c962c30a62404c7ee6425a84c84/elements - {"using":"xpath","value":"//bdi[text()=\"OK\"]"}
RESULT: {"using":"xpath","value":"//bdi[text()=\"OK\"]"}
COMMAND: POST /session/d26a4c962c30a62404c7ee6425a84c84/elements - {"using":"xpath","value":"//bdi[text()=\"OK\"]"}
RESULT: {"using":"xpath","value":"//bdi[text()=\"OK\"]"}
COMMAND: POST /session/d26a4c962c30a62404c7ee6425a84c84/elements - {"using":"xpath","value":"//bdi[text()=\"OK\"]"}
RESULT: {"using":"xpath","value":"//bdi[text()=\"OK\"]"}
COMMAND: POST /session/d26a4c962c30a62404c7ee6425a84c84/elements - {"using":"xpath","value":"//bdi[text()=\"OK\"]"}
RESULT: {"using":"xpath","value":"//bdi[text()=\"OK\"]"}
COMMAND: POST /session/d26a4c962c30a62404c7ee6425a84c84/elements - {"using":"xpath","value":"//bdi[text()=\"OK\"]"}
RESULT: {"using":"xpath","value":"//bdi[text()=\"OK\"]"}
COMMAND: POST /session/d26a4c962c30a62404c7ee6425a84c84/elements - {"using":"xpath","value":"//bdi[text()=\"OK\"]"}
RESULT: {"using":"xpath","value":"//bdi[text()=\"OK\"]"}
COMMAND: POST /session/d26a4c962c30a62404c7ee6425a84c84/elements - {"using":"xpath","value":"//bdi[text()=\"OK\"]"}
RESULT: {"using":"xpath","value":"//bdi[text()=\"OK\"]"}
COMMAND: POST /session/d26a4c962c30a62404c7ee6425a84c84/elements - {"using":"xpath","value":"//bdi[text()=\"OK\"]"}
RESULT: {"using":"xpath","value":"//bdi[text()=\"OK\"]"}
COMMAND: POST /session/d26a4c962c30a62404c7ee6425a84c84/elements - {"using":"xpath","value":"//bdi[text()=\"OK\"]"}
RESULT: {"using":"xpath","value":"//bdi[text()=\"OK\"]"}
COMMAND: POST /session/d26a4c962c30a62404c7ee6425a84c84/elements - {"using":"xpath","value":"//bdi[text()=\"OK\"]"}
RESULT: {"using":"xpath","value":"//bdi[text()=\"OK\"]"}
COMMAND: POST /session/d26a4c962c30a62404c7ee6425a84c84/elements - {"using":"xpath","value":"//bdi[text()=\"OK\"]"}
RESULT: {"using":"xpath","value":"//bdi[text()=\"OK\"]"}
COMMAND: POST /session/d26a4c962c30a62404c7ee6425a84c84/elements - {"using":"xpath","value":"//bdi[text()=\"OK\"]"}
RESULT: {"using":"xpath","value":"//bdi[text()=\"OK\"]"}
COMMAND: POST /session/d26a4c962c30a62404c7ee6425a84c84/elements - {"using":"xpath","value":"//bdi[text()=\"OK\"]"}
RESULT: {"using":"xpath","value":"//bdi[text()=\"OK\"]"}
COMMAND: POST /session/d26a4c962c30a62404c7ee6425a84c84/elements - {"using":"xpath","value":"//bdi[text()=\"OK\"]"}
RESULT: {"using":"xpath","value":"//bdi[text()=\"OK\"]"}
COMMAND: POST /session/d26a4c962c30a62404c7ee6425a84c84/elements - {"using":"xpath","value":"//bdi[text()=\"OK\"]"}
RESULT: {"using":"xpath","value":"//bdi[text()=\"OK\"]"}
COMMAND: POST /session/d26a4c962c30a62404c7ee6425a84c84/elements - {"using":"xpath","value":"//bdi[text()=\"OK\"]"}
RESULT: {"using":"xpath","value":"//bdi[text()=\"OK\"]"}
COMMAND: POST /session/d26a4c962c30a62404c7ee6425a84c84/elements - {"using":"xpath","value":"//bdi[text()=\"OK\"]"}
RESULT: {"using":"xpath","value":"//bdi[text()=\"OK\"]"}
COMMAND: POST /session/d26a4c962c30a62404c7ee6425a84c84/elements - {"using":"xpath","value":"//bdi[text()=\"OK\"]"}
RESULT: {"using":"xpath","value":"//bdi[text()=\"OK\"]"}
COMMAND: POST /session/d26a4c962c30a62404c7ee6425a84c84/elements - {"using":"xpath","value":"//bdi[text()=\"OK\"]"}
RESULT: {"using":"xpath","value":"//bdi[text()=\"OK\"]"}
COMMAND: POST /session/d26a4c962c30a62404c7ee6425a84c84/elements - {"using":"xpath","value":"//bdi[text()=\"OK\"]"}
RESULT: {"using":"xpath","value":"//bdi[text()=\"OK\"]"}
COMMAND: POST /session/d26a4c962c30a62404c7ee6425a84c84/elements - {"using":"xpath","value":"//bdi[text()=\"OK\"]"}
RESULT: {"using":"xpath","value":"//bdi[text()=\"OK\"]"}
COMMAND: POST /session/d26a4c962c30a62404c7ee6425a84c84/elements - {"using":"xpath","value":"//bdi[text()=\"OK\"]"}
RESULT: {"using":"xpath","value":"//bdi[text()=\"OK\"]"}
COMMAND: POST /session/d26a4c962c30a62404c7ee6425a84c84/elements - {"using":"xpath","value":"//bdi[text()=\"OK\"]"}
RESULT: {"using":"xpath","value":"//bdi[text()=\"OK\"]"}
COMMAND: POST /session/d26a4c962c30a62404c7ee6425a84c84/elements - {"using":"xpath","value":"//bdi[text()=\"OK\"]"}
RESULT: {"using":"xpath","value":"//bdi[text()=\"OK\"]"}
COMMAND: POST /session/d26a4c962c30a62404c7ee6425a84c84/elements - {"using":"xpath","value":"//bdi[text()=\"OK\"]"}
RESULT: {"using":"xpath","value":"//bdi[text()=\"OK\"]"}
COMMAND: POST /session/d26a4c962c30a62404c7ee6425a84c84/elements - {"using":"xpath","value":"//bdi[text()=\"OK\"]"}
RESULT: {"using":"xpath","value":"//bdi[text()=\"OK\"]"}
COMMAND: POST /session/d26a4c962c30a62404c7ee6425a84c84/elements - {"using":"xpath","value":"//bdi[text()=\"OK\"]"}
RESULT: {"using":"xpath","value":"//bdi[text()=\"OK\"]"}
COMMAND: POST /session/d26a4c962c30a62404c7ee6425a84c84/elements - {"using":"xpath","value":"//bdi[text()=\"OK\"]"}
RESULT: {"using":"xpath","value":"//bdi[text()=\"OK\"]"}
COMMAND: POST /session/d26a4c962c30a62404c7ee6425a84c84/elements - {"using":"xpath","value":"//bdi[text()=\"OK\"]"}
RESULT: {"using":"xpath","value":"//bdi[text()=\"OK\"]"}
COMMAND: POST /session/d26a4c962c30a62404c7ee6425a84c84/elements - {"using":"xpath","value":"//bdi[text()=\"OK\"]"}
RESULT: {"using":"xpath","value":"//bdi[text()=\"OK\"]"}
COMMAND: POST /session/d26a4c962c30a62404c7ee6425a84c84/elements - {"using":"xpath","value":"//bdi[text()=\"OK\"]"}
RESULT: {"using":"xpath","value":"//bdi[text()=\"OK\"]"}
COMMAND: POST /session/d26a4c962c30a62404c7ee6425a84c84/elements - {"using":"xpath","value":"//bdi[text()=\"OK\"]"}
RESULT: {"using":"xpath","value":"//bdi[text()=\"OK\"]"}
COMMAND: POST /session/d26a4c962c30a62404c7ee6425a84c84/elements - {"using":"xpath","value":"//bdi[text()=\"OK\"]"}
RESULT: {"using":"xpath","value":"//bdi[text()=\"OK\"]"}
COMMAND: POST /session/d26a4c962c30a62404c7ee6425a84c84/elements - {"using":"xpath","value":"//bdi[text()=\"OK\"]"}
RESULT: {"using":"xpath","value":"//bdi[text()=\"OK\"]"}
COMMAND: POST /session/d26a4c962c30a62404c7ee6425a84c84/elements - {"using":"xpath","value":"//bdi[text()=\"OK\"]"}
RESULT: {"using":"xpath","value":"//bdi[text()=\"OK\"]"}
COMMAND: POST /session/d26a4c962c30a62404c7ee6425a84c84/elements - {"using":"xpath","value":"//bdi[text()=\"OK\"]"}
RESULT: {"using":"xpath","value":"//bdi[text()=\"OK\"]"}
COMMAND: POST /session/d26a4c962c30a62404c7ee6425a84c84/elements - {"using":"xpath","value":"//bdi[text()=\"OK\"]"}
RESULT: {"using":"xpath","value":"//bdi[text()=\"OK\"]"}
COMMAND: POST /session/d26a4c962c30a62404c7ee6425a84c84/elements - {"using":"xpath","value":"//bdi[text()=\"OK\"]"}
RESULT: {"using":"xpath","value":"//bdi[text()=\"OK\"]"}
COMMAND: POST /session/d26a4c962c30a62404c7ee6425a84c84/elements - {"using":"xpath","value":"//bdi[text()=\"OK\"]"}
RESULT: {"using":"xpath","value":"//bdi[text()=\"OK\"]"}
COMMAND: POST /session/d26a4c962c30a62404c7ee6425a84c84/elements - {"using":"xpath","value":"//bdi[text()=\"OK\"]"}
RESULT: {"using":"xpath","value":"//bdi[text()=\"OK\"]"}
COMMAND: POST /session/d26a4c962c30a62404c7ee6425a84c84/elements - {"using":"xpath","value":"//bdi[text()=\"OK\"]"}
RESULT: {"using":"xpath","value":"//bdi[text()=\"OK\"]"}
COMMAND: POST /session/d26a4c962c30a62404c7ee6425a84c84/elements - {"using":"xpath","value":"//bdi[text()=\"OK\"]"}
RESULT: {"using":"xpath","value":"//bdi[text()=\"OK\"]"}
COMMAND: POST /session/d26a4c962c30a62404c7ee6425a84c84/elements - {"using":"xpath","value":"//bdi[text()=\"OK\"]"}
RESULT: {"using":"xpath","value":"//bdi[text()=\"OK\"]"}
COMMAND: POST /session/d26a4c962c30a62404c7ee6425a84c84/elements - {"using":"xpath","value":"//bdi[text()=\"OK\"]"}
RESULT: {"using":"xpath","value":"//bdi[text()=\"OK\"]"}
COMMAND: POST /session/d26a4c962c30a62404c7ee6425a84c84/elements - {"using":"xpath","value":"//bdi[text()=\"OK\"]"}
RESULT: {"using":"xpath","value":"//bdi[text()=\"OK\"]"}
COMMAND: POST /session/d26a4c962c30a62404c7ee6425a84c84/elements - {"using":"xpath","value":"//bdi[text()=\"OK\"]"}
RESULT: {"using":"xpath","value":"//bdi[text()=\"OK\"]"}
COMMAND: POST /session/d26a4c962c30a62404c7ee6425a84c84/elements - {"using":"xpath","value":"//bdi[text()=\"OK\"]"}
RESULT: {"using":"xpath","value":"//bdi[text()=\"OK\"]"}
COMMAND: POST /session/d26a4c962c30a62404c7ee6425a84c84/elements - {"using":"xpath","value":"//bdi[text()=\"OK\"]"}
RESULT: {"using":"xpath","value":"//bdi[text()=\"OK\"]"}
COMMAND: POST /session/d26a4c962c30a62404c7ee6425a84c84/elements - {"using":"xpath","value":"//bdi[text()=\"OK\"]"}
RESULT: {"using":"xpath","value":"//bdi[text()=\"OK\"]"}
COMMAND: POST /session/d26a4c962c30a62404c7ee6425a84c84/elements - {"using":"xpath","value":"//bdi[text()=\"OK\"]"}
RESULT: {"using":"xpath","value":"//bdi[text()=\"OK\"]"}
COMMAND: POST /session/d26a4c962c30a62404c7ee6425a84c84/elements - {"using":"xpath","value":"//bdi[text()=\"OK\"]"}
RESULT: {"using":"xpath","value":"//bdi[text()=\"OK\"]"}
COMMAND: POST /session/d26a4c962c30a62404c7ee6425a84c84/elements - {"using":"xpath","value":"//bdi[text()=\"OK\"]"}
RESULT: {"using":"xpath","value":"//bdi[text()=\"OK\"]"}
COMMAND: POST /session/d26a4c962c30a62404c7ee6425a84c84/elements - {"using":"xpath","value":"//bdi[text()=\"OK\"]"}
RESULT: {"using":"xpath","value":"//bdi[text()=\"OK\"]"}
COMMAND: POST /session/d26a4c962c30a62404c7ee6425a84c84/elements - {"using":"xpath","value":"//bdi[text()=\"OK\"]"}
RESULT: {"using":"xpath","value":"//bdi[text()=\"OK\"]"}
COMMAND: POST /session/d26a4c962c30a62404c7ee6425a84c84/elements - {"using":"xpath","value":"//bdi[text()=\"OK\"]"}
RESULT: {"using":"xpath","value":"//bdi[text()=\"OK\"]"}
COMMAND: POST /session/d26a4c962c30a62404c7ee6425a84c84/elements - {"using":"xpath","value":"//bdi[text()=\"OK\"]"}
RESULT: {"using":"xpath","value":"//bdi[text()=\"OK\"]"}
COMMAND: POST /session/d26a4c962c30a62404c7ee6425a84c84/elements - {"using":"xpath","value":"//bdi[text()=\"OK\"]"}
RESULT: {"using":"xpath","value":"//bdi[text()=\"OK\"]"}
COMMAND: POST /session/d26a4c962c30a62404c7ee6425a84c84/elements - {"using":"xpath","value":"//bdi[text()=\"OK\"]"}
RESULT: {"using":"xpath","value":"//bdi[text()=\"OK\"]"}
COMMAND: POST /session/d26a4c962c30a62404c7ee6425a84c84/elements - {"using":"xpath","value":"//bdi[text()=\"OK\"]"}
RESULT: {"using":"xpath","value":"//bdi[text()=\"OK\"]"}
COMMAND: POST /session/d26a4c962c30a62404c7ee6425a84c84/elements - {"using":"xpath","value":"//bdi[text()=\"OK\"]"}
RESULT: {"using":"xpath","value":"//bdi[text()=\"OK\"]"}
COMMAND: POST /session/d26a4c962c30a62404c7ee6425a84c84/elements - {"using":"xpath","value":"//bdi[text()=\"OK\"]"}
RESULT: {"using":"xpath","value":"//bdi[text()=\"OK\"]"}
COMMAND: POST /session/d26a4c962c30a62404c7ee6425a84c84/elements - {"using":"xpath","value":"//bdi[text()=\"OK\"]"}
RESULT: {"using":"xpath","value":"//bdi[text()=\"OK\"]"}
COMMAND: POST /session/d26a4c962c30a62404c7ee6425a84c84/elements - {"using":"xpath","value":"//bdi[text()=\"OK\"]"}
RESULT: {"using":"xpath","value":"//bdi[text()=\"OK\"]"}
COMMAND: POST /session/d26a4c962c30a62404c7ee6425a84c84/elements - {"using":"xpath","value":"//bdi[text()=\"OK\"]"}
RESULT: {"using":"xpath","value":"//bdi[text()=\"OK\"]"}
COMMAND: POST /session/d26a4c962c30a62404c7ee6425a84c84/elements - {"using":"xpath","value":"//bdi[text()=\"OK\"]"}
RESULT: {"using":"xpath","value":"//bdi[text()=\"OK\"]"}
COMMAND: POST /session/d26a4c962c30a62404c7ee6425a84c84/elements - {"using":"xpath","value":"//bdi[text()=\"OK\"]"}
RESULT: {"using":"xpath","value":"//bdi[text()=\"OK\"]"}
COMMAND: POST /session/d26a4c962c30a62404c7ee6425a84c84/elements - {"using":"xpath","value":"//bdi[text()=\"OK\"]"}
RESULT: {"using":"xpath","value":"//bdi[text()=\"OK\"]"}
COMMAND: POST /session/d26a4c962c30a62404c7ee6425a84c84/elements - {"using":"xpath","value":"//bdi[text()=\"OK\"]"}
RESULT: {"using":"xpath","value":"//bdi[text()=\"OK\"]"}
COMMAND: POST /session/d26a4c962c30a62404c7ee6425a84c84/elements - {"using":"xpath","value":"//bdi[text()=\"OK\"]"}
RESULT: {"using":"xpath","value":"//bdi[text()=\"OK\"]"}
COMMAND: POST /session/d26a4c962c30a62404c7ee6425a84c84/elements - {"using":"xpath","value":"//bdi[text()=\"OK\"]"}
RESULT: {"using":"xpath","value":"//bdi[text()=\"OK\"]"}
COMMAND: POST /session/d26a4c962c30a62404c7ee6425a84c84/elements - {"using":"xpath","value":"//bdi[text()=\"OK\"]"}
RESULT: {"using":"xpath","value":"//bdi[text()=\"OK\"]"}
COMMAND: POST /session/d26a4c962c30a62404c7ee6425a84c84/elements - {"using":"xpath","value":"//bdi[text()=\"OK\"]"}
RESULT: {"using":"xpath","value":"//bdi[text()=\"OK\"]"}
COMMAND: POST /session/d26a4c962c30a62404c7ee6425a84c84/elements - {"using":"xpath","value":"//bdi[text()=\"OK\"]"}
RESULT: {"using":"xpath","value":"//bdi[text()=\"OK\"]"}
COMMAND: POST /session/d26a4c962c30a62404c7ee6425a84c84/elements - {"using":"xpath","value":"//bdi[text()=\"OK\"]"}
RESULT: {"using":"xpath","value":"//bdi[text()=\"OK\"]"}
COMMAND: POST /session/d26a4c962c30a62404c7ee6425a84c84/elements - {"using":"xpath","value":"//bdi[text()=\"OK\"]"}
RESULT: {"using":"xpath","value":"//bdi[text()=\"OK\"]"}
COMMAND: POST /session/d26a4c962c30a62404c7ee6425a84c84/elements - {"using":"xpath","value":"//bdi[text()=\"OK\"]"}
RESULT: {"using":"xpath","value":"//bdi[text()=\"OK\"]"}
COMMAND: POST /session/d26a4c962c30a62404c7ee6425a84c84/elements - {"using":"xpath","value":"//bdi[text()=\"OK\"]"}
RESULT: {"using":"xpath","value":"//bdi[text()=\"OK\"]"}
COMMAND: POST /session/d26a4c962c30a62404c7ee6425a84c84/elements - {"using":"xpath","value":"//bdi[text()=\"OK\"]"}
RESULT: {"using":"xpath","value":"//bdi[text()=\"OK\"]"}
COMMAND: POST /session/d26a4c962c30a62404c7ee6425a84c84/elements - {"using":"xpath","value":"//bdi[text()=\"OK\"]"}
RESULT: {"using":"xpath","value":"//bdi[text()=\"OK\"]"}
COMMAND: POST /session/d26a4c962c30a62404c7ee6425a84c84/elements - {"using":"xpath","value":"//bdi[text()=\"OK\"]"}
RESULT: {"using":"xpath","value":"//bdi[text()=\"OK\"]"}
COMMAND: POST /session/d26a4c962c30a62404c7ee6425a84c84/elements - {"using":"xpath","value":"//bdi[text()=\"OK\"]"}
RESULT: {"using":"xpath","value":"//bdi[text()=\"OK\"]"}
COMMAND: POST /session/d26a4c962c30a62404c7ee6425a84c84/elements - {"using":"xpath","value":"//bdi[text()=\"OK\"]"}
RESULT: {"using":"xpath","value":"//bdi[text()=\"OK\"]"}
COMMAND: POST /session/d26a4c962c30a62404c7ee6425a84c84/elements - {"using":"xpath","value":"//bdi[text()=\"OK\"]"}
RESULT: {"using":"xpath","value":"//bdi[text()=\"OK\"]"}
COMMAND: POST /session/d26a4c962c30a62404c7ee6425a84c84/elements - {"using":"xpath","value":"//bdi[text()=\"OK\"]"}
RESULT: {"using":"xpath","value":"//bdi[text()=\"OK\"]"}
COMMAND: POST /session/d26a4c962c30a62404c7ee6425a84c84/elements - {"using":"xpath","value":"//bdi[text()=\"OK\"]"}
RESULT: {"using":"xpath","value":"//bdi[text()=\"OK\"]"}
COMMAND: POST /session/d26a4c962c30a62404c7ee6425a84c84/elements - {"using":"xpath","value":"//bdi[text()=\"OK\"]"}
RESULT: {"using":"xpath","value":"//bdi[text()=\"OK\"]"}
COMMAND: POST /session/d26a4c962c30a62404c7ee6425a84c84/elements - {"using":"xpath","value":"//bdi[text()=\"OK\"]"}
RESULT: {"using":"xpath","value":"//bdi[text()=\"OK\"]"}
COMMAND: POST /session/d26a4c962c30a62404c7ee6425a84c84/elements - {"using":"xpath","value":"//bdi[text()=\"OK\"]"}
RESULT: {"using":"xpath","value":"//bdi[text()=\"OK\"]"}
COMMAND: POST /session/d26a4c962c30a62404c7ee6425a84c84/elements - {"using":"xpath","value":"//bdi[text()=\"OK\"]"}
RESULT: {"using":"xpath","value":"//bdi[text()=\"OK\"]"}
COMMAND: POST /session/d26a4c962c30a62404c7ee6425a84c84/elements - {"using":"xpath","value":"//bdi[text()=\"OK\"]"}
RESULT: {"using":"xpath","value":"//bdi[text()=\"OK\"]"}
COMMAND: POST /session/d26a4c962c30a62404c7ee6425a84c84/element - {"using":"xpath","value":"//bdi[text()=\"OK\"]"}
RESULT: {"using":"xpath","value":"//bdi[text()=\"OK\"]"}
COMMAND: POST /session/d26a4c962c30a62404c7ee6425a84c84/elements - {"using":"xpath","value":"//bdi[text()=\"OK\"]"}
RESULT: {"using":"xpath","value":"//bdi[text()=\"OK\"]"}
COMMAND: POST /session/d26a4c962c30a62404c7ee6425a84c84/elements - {"using":"xpath","value":"//bdi[text()=\"OK\"]"}
RESULT: {"using":"xpath","value":"//bdi[text()=\"OK\"]"}
COMMAND: POST /session/d26a4c962c30a62404c7ee6425a84c84/elements - {"using":"xpath","value":"//bdi[text()=\"OK\"]"}
RESULT: {"using":"xpath","value":"//bdi[text()=\"OK\"]"}
COMMAND: POST /session/d26a4c962c30a62404c7ee6425a84c84/elements - {"using":"xpath","value":"//bdi[text()=\"OK\"]"}
RESULT: {"using":"xpath","value":"//bdi[text()=\"OK\"]"}
COMMAND: POST /session/d26a4c962c30a62404c7ee6425a84c84/elements - {"using":"xpath","value":"//bdi[text()=\"OK\"]"}
RESULT: {"using":"xpath","value":"//bdi[text()=\"OK\"]"}
COMMAND: POST /session/d26a4c962c30a62404c7ee6425a84c84/elements - {"using":"xpath","value":"//bdi[text()=\"OK\"]"}
RESULT: {"using":"xpath","value":"//bdi[text()=\"OK\"]"}
COMMAND: POST /session/d26a4c962c30a62404c7ee6425a84c84/elements - {"using":"xpath","value":"//bdi[text()=\"OK\"]"}
RESULT: {"using":"xpath","value":"//bdi[text()=\"OK\"]"}
COMMAND: POST /session/d26a4c962c30a62404c7ee6425a84c84/elements - {"using":"xpath","value":"//bdi[text()=\"OK\"]"}
RESULT: {"using":"xpath","value":"//bdi[text()=\"OK\"]"}
COMMAND: POST /session/d26a4c962c30a62404c7ee6425a84c84/elements - {"using":"xpath","value":"//bdi[text()=\"OK\"]"}
RESULT: {"using":"xpath","value":"//bdi[text()=\"OK\"]"}
COMMAND: POST /session/d26a4c962c30a62404c7ee6425a84c84/elements - {"using":"xpath","value":"//bdi[text()=\"OK\"]"}
RESULT: {"using":"xpath","value":"//bdi[text()=\"OK\"]"}
COMMAND: POST /session/d26a4c962c30a62404c7ee6425a84c84/elements - {"using":"xpath","value":"//bdi[text()=\"OK\"]"}
RESULT: {"using":"xpath","value":"//bdi[text()=\"OK\"]"}
COMMAND: POST /session/d26a4c962c30a62404c7ee6425a84c84/elements - {"using":"xpath","value":"//bdi[text()=\"OK\"]"}
RESULT: {"using":"xpath","value":"//bdi[text()=\"OK\"]"}
COMMAND: POST /session/d26a4c962c30a62404c7ee6425a84c84/elements - {"using":"xpath","value":"//bdi[text()=\"OK\"]"}
RESULT: {"using":"xpath","value":"//bdi[text()=\"OK\"]"}
COMMAND: POST /session/d26a4c962c30a62404c7ee6425a84c84/elements - {"using":"xpath","value":"//bdi[text()=\"OK\"]"}
RESULT: {"using":"xpath","value":"//bdi[text()=\"OK\"]"}
COMMAND: POST /session/d26a4c962c30a62404c7ee6425a84c84/elements - {"using":"xpath","value":"//bdi[text()=\"OK\"]"}
RESULT: {"using":"xpath","value":"//bdi[text()=\"OK\"]"}
COMMAND: POST /session/d26a4c962c30a62404c7ee6425a84c84/elements - {"using":"xpath","value":"//bdi[text()=\"OK\"]"}
RESULT: {"using":"xpath","value":"//bdi[text()=\"OK\"]"}
COMMAND: POST /session/d26a4c962c30a62404c7ee6425a84c84/elements - {"using":"xpath","value":"//bdi[text()=\"OK\"]"}
RESULT: {"using":"xpath","value":"//bdi[text()=\"OK\"]"}
COMMAND: POST /session/d26a4c962c30a62404c7ee6425a84c84/elements - {"using":"xpath","value":"//bdi[text()=\"OK\"]"}
RESULT: {"using":"xpath","value":"//bdi[text()=\"OK\"]"}
COMMAND: POST /session/d26a4c962c30a62404c7ee6425a84c84/elements - {"using":"xpath","value":"//bdi[text()=\"OK\"]"}
RESULT: {"using":"xpath","value":"//bdi[text()=\"OK\"]"}
COMMAND: POST /session/d26a4c962c30a62404c7ee6425a84c84/elements - {"using":"xpath","value":"//bdi[text()=\"OK\"]"}
RESULT: {"using":"xpath","value":"//bdi[text()=\"OK\"]"}
COMMAND: POST /session/d26a4c962c30a62404c7ee6425a84c84/elements - {"using":"xpath","value":"//bdi[text()=\"OK\"]"}
RESULT: {"using":"xpath","value":"//bdi[text()=\"OK\"]"}
COMMAND: POST /session/d26a4c962c30a62404c7ee6425a84c84/elements - {"using":"xpath","value":"//bdi[text()=\"OK\"]"}
RESULT: {"using":"xpath","value":"//bdi[text()=\"OK\"]"}
COMMAND: POST /session/d26a4c962c30a62404c7ee6425a84c84/elements - {"using":"xpath","value":"//bdi[text()=\"OK\"]"}
RESULT: {"using":"xpath","value":"//bdi[text()=\"OK\"]"}
COMMAND: POST /session/d26a4c962c30a62404c7ee6425a84c84/elements - {"using":"xpath","value":"//bdi[text()=\"OK\"]"}
RESULT: {"using":"xpath","value":"//bdi[text()=\"OK\"]"}
COMMAND: POST /session/d26a4c962c30a62404c7ee6425a84c84/elements - {"using":"xpath","value":"//bdi[text()=\"OK\"]"}
RESULT: {"using":"xpath","value":"//bdi[text()=\"OK\"]"}
COMMAND: POST /session/d26a4c962c30a62404c7ee6425a84c84/elements - {"using":"xpath","value":"//bdi[text()=\"OK\"]"}
RESULT: {"using":"xpath","value":"//bdi[text()=\"OK\"]"}
COMMAND: POST /session/d26a4c962c30a62404c7ee6425a84c84/elements - {"using":"xpath","value":"//bdi[text()=\"OK\"]"}
RESULT: {"using":"xpath","value":"//bdi[text()=\"OK\"]"}
COMMAND: POST /session/d26a4c962c30a62404c7ee6425a84c84/elements - {"using":"xpath","value":"//bdi[text()=\"OK\"]"}
RESULT: {"using":"xpath","value":"//bdi[text()=\"OK\"]"}
COMMAND: POST /session/d26a4c962c30a62404c7ee6425a84c84/elements - {"using":"xpath","value":"//bdi[text()=\"OK\"]"}
RESULT: {"using":"xpath","value":"//bdi[text()=\"OK\"]"}
COMMAND: POST /session/d26a4c962c30a62404c7ee6425a84c84/elements - {"using":"xpath","value":"//bdi[text()=\"OK\"]"}
RESULT: {"using":"xpath","value":"//bdi[text()=\"OK\"]"}
COMMAND: POST /session/d26a4c962c30a62404c7ee6425a84c84/elements - {"using":"xpath","value":"//bdi[text()=\"OK\"]"}
RESULT: {"using":"xpath","value":"//bdi[text()=\"OK\"]"}
COMMAND: POST /session/d26a4c962c30a62404c7ee6425a84c84/elements - {"using":"xpath","value":"//bdi[text()=\"OK\"]"}
RESULT: {"using":"xpath","value":"//bdi[text()=\"OK\"]"}
COMMAND: POST /session/d26a4c962c30a62404c7ee6425a84c84/elements - {"using":"xpath","value":"//bdi[text()=\"OK\"]"}
RESULT: {"using":"xpath","value":"//bdi[text()=\"OK\"]"}
COMMAND: POST /session/d26a4c962c30a62404c7ee6425a84c84/elements - {"using":"xpath","value":"//bdi[text()=\"OK\"]"}
RESULT: {"using":"xpath","value":"//bdi[text()=\"OK\"]"}
COMMAND: POST /session/d26a4c962c30a62404c7ee6425a84c84/elements - {"using":"xpath","value":"//bdi[text()=\"OK\"]"}
RESULT: {"using":"xpath","value":"//bdi[text()=\"OK\"]"}
COMMAND: POST /session/d26a4c962c30a62404c7ee6425a84c84/elements - {"using":"xpath","value":"//bdi[text()=\"OK\"]"}
RESULT: {"using":"xpath","value":"//bdi[text()=\"OK\"]"}
COMMAND: POST /session/d26a4c962c30a62404c7ee6425a84c84/elements - {"using":"xpath","value":"//bdi[text()=\"OK\"]"}
RESULT: {"using":"xpath","value":"//bdi[text()=\"OK\"]"}
COMMAND: POST /session/d26a4c962c30a62404c7ee6425a84c84/elements - {"using":"xpath","value":"//bdi[text()=\"OK\"]"}
RESULT: {"using":"xpath","value":"//bdi[text()=\"OK\"]"}
COMMAND: POST /session/d26a4c962c30a62404c7ee6425a84c84/elements - {"using":"xpath","value":"//bdi[text()=\"OK\"]"}
RESULT: {"using":"xpath","value":"//bdi[text()=\"OK\"]"}
COMMAND: POST /session/d26a4c962c30a62404c7ee6425a84c84/elements - {"using":"xpath","value":"//bdi[text()=\"OK\"]"}
RESULT: {"using":"xpath","value":"//bdi[text()=\"OK\"]"}
COMMAND: POST /session/d26a4c962c30a62404c7ee6425a84c84/elements - {"using":"xpath","value":"//bdi[text()=\"OK\"]"}
RESULT: {"using":"xpath","value":"//bdi[text()=\"OK\"]"}
COMMAND: POST /session/d26a4c962c30a62404c7ee6425a84c84/elements - {"using":"xpath","value":"//bdi[text()=\"OK\"]"}
RESULT: {"using":"xpath","value":"//bdi[text()=\"OK\"]"}
COMMAND: POST /session/d26a4c962c30a62404c7ee6425a84c84/elements - {"using":"xpath","value":"//bdi[text()=\"OK\"]"}
RESULT: {"using":"xpath","value":"//bdi[text()=\"OK\"]"}
COMMAND: POST /session/d26a4c962c30a62404c7ee6425a84c84/elements - {"using":"xpath","value":"//bdi[text()=\"OK\"]"}
RESULT: {"using":"xpath","value":"//bdi[text()=\"OK\"]"}
COMMAND: POST /session/d26a4c962c30a62404c7ee6425a84c84/elements - {"using":"xpath","value":"//bdi[text()=\"OK\"]"}
RESULT: {"using":"xpath","value":"//bdi[text()=\"OK\"]"}
COMMAND: POST /session/d26a4c962c30a62404c7ee6425a84c84/elements - {"using":"xpath","value":"//bdi[text()=\"OK\"]"}
RESULT: {"using":"xpath","value":"//bdi[text()=\"OK\"]"}
COMMAND: POST /session/d26a4c962c30a62404c7ee6425a84c84/elements - {"using":"xpath","value":"//bdi[text()=\"OK\"]"}
RESULT: {"using":"xpath","value":"//bdi[text()=\"OK\"]"}
COMMAND: POST /session/d26a4c962c30a62404c7ee6425a84c84/elements - {"using":"xpath","value":"//bdi[text()=\"OK\"]"}
RESULT: {"using":"xpath","value":"//bdi[text()=\"OK\"]"}
COMMAND: POST /session/d26a4c962c30a62404c7ee6425a84c84/elements - {"using":"xpath","value":"//bdi[text()=\"OK\"]"}
RESULT: {"using":"xpath","value":"//bdi[text()=\"OK\"]"}
COMMAND: POST /session/d26a4c962c30a62404c7ee6425a84c84/elements - {"using":"xpath","value":"//bdi[text()=\"OK\"]"}
RESULT: {"using":"xpath","value":"//bdi[text()=\"OK\"]"}
COMMAND: POST /session/d26a4c962c30a62404c7ee6425a84c84/elements - {"using":"xpath","value":"//bdi[text()=\"OK\"]"}
RESULT: {"using":"xpath","value":"//bdi[text()=\"OK\"]"}
COMMAND: POST /session/d26a4c962c30a62404c7ee6425a84c84/elements - {"using":"xpath","value":"//bdi[text()=\"OK\"]"}
RESULT: {"using":"xpath","value":"//bdi[text()=\"OK\"]"}
COMMAND: POST /session/d26a4c962c30a62404c7ee6425a84c84/elements - {"using":"xpath","value":"//bdi[text()=\"OK\"]"}
RESULT: {"using":"xpath","value":"//bdi[text()=\"OK\"]"}
COMMAND: POST /session/d26a4c962c30a62404c7ee6425a84c84/elements - {"using":"xpath","value":"//bdi[text()=\"OK\"]"}
RESULT: {"using":"xpath","value":"//bdi[text()=\"OK\"]"}
COMMAND: POST /session/d26a4c962c30a62404c7ee6425a84c84/elements - {"using":"xpath","value":"//bdi[text()=\"OK\"]"}
RESULT: {"using":"xpath","value":"//bdi[text()=\"OK\"]"}
COMMAND: POST /session/d26a4c962c30a62404c7ee6425a84c84/elements - {"using":"xpath","value":"//bdi[text()=\"OK\"]"}
RESULT: {"using":"xpath","value":"//bdi[text()=\"OK\"]"}
COMMAND: POST /session/d26a4c962c30a62404c7ee6425a84c84/elements - {"using":"xpath","value":"//bdi[text()=\"OK\"]"}
RESULT: {"using":"xpath","value":"//bdi[text()=\"OK\"]"}
COMMAND: POST /session/d26a4c962c30a62404c7ee6425a84c84/elements - {"using":"xpath","value":"//bdi[text()=\"OK\"]"}
RESULT: {"using":"xpath","value":"//bdi[text()=\"OK\"]"}
COMMAND: POST /session/d26a4c962c30a62404c7ee6425a84c84/elements - {"using":"xpath","value":"//bdi[text()=\"OK\"]"}
RESULT: {"using":"xpath","value":"//bdi[text()=\"OK\"]"}
COMMAND: POST /session/d26a4c962c30a62404c7ee6425a84c84/elements - {"using":"xpath","value":"//bdi[text()=\"OK\"]"}
RESULT: {"using":"xpath","value":"//bdi[text()=\"OK\"]"}
COMMAND: POST /session/d26a4c962c30a62404c7ee6425a84c84/elements - {"using":"xpath","value":"//bdi[text()=\"OK\"]"}
RESULT: {"using":"xpath","value":"//bdi[text()=\"OK\"]"}
COMMAND: POST /session/d26a4c962c30a62404c7ee6425a84c84/elements - {"using":"xpath","value":"//bdi[text()=\"OK\"]"}
RESULT: {"using":"xpath","value":"//bdi[text()=\"OK\"]"}
COMMAND: POST /session/d26a4c962c30a62404c7ee6425a84c84/elements - {"using":"xpath","value":"//bdi[text()=\"OK\"]"}
RESULT: {"using":"xpath","value":"//bdi[text()=\"OK\"]"}
COMMAND: POST /session/d26a4c962c30a62404c7ee6425a84c84/elements - {"using":"xpath","value":"//bdi[text()=\"OK\"]"}
RESULT: {"using":"xpath","value":"//bdi[text()=\"OK\"]"}
COMMAND: POST /session/d26a4c962c30a62404c7ee6425a84c84/elements - {"using":"xpath","value":"//bdi[text()=\"OK\"]"}
RESULT: {"using":"xpath","value":"//bdi[text()=\"OK\"]"}
COMMAND: POST /session/d26a4c962c30a62404c7ee6425a84c84/elements - {"using":"xpath","value":"//bdi[text()=\"OK\"]"}
RESULT: {"using":"xpath","value":"//bdi[text()=\"OK\"]"}
COMMAND: POST /session/d26a4c962c30a62404c7ee6425a84c84/elements - {"using":"xpath","value":"//bdi[text()=\"OK\"]"}
RESULT: {"using":"xpath","value":"//bdi[text()=\"OK\"]"}
COMMAND: POST /session/d26a4c962c30a62404c7ee6425a84c84/elements - {"using":"xpath","value":"//bdi[text()=\"OK\"]"}
RESULT: {"using":"xpath","value":"//bdi[text()=\"OK\"]"}
COMMAND: POST /session/d26a4c962c30a62404c7ee6425a84c84/elements - {"using":"xpath","value":"//bdi[text()=\"OK\"]"}
RESULT: {"using":"xpath","value":"//bdi[text()=\"OK\"]"}
COMMAND: POST /session/d26a4c962c30a62404c7ee6425a84c84/elements - {"using":"xpath","value":"//bdi[text()=\"OK\"]"}
RESULT: {"using":"xpath","value":"//bdi[text()=\"OK\"]"}
COMMAND: POST /session/d26a4c962c30a62404c7ee6425a84c84/elements - {"using":"xpath","value":"//bdi[text()=\"OK\"]"}
RESULT: {"using":"xpath","value":"//bdi[text()=\"OK\"]"}
COMMAND: POST /session/d26a4c962c30a62404c7ee6425a84c84/elements - {"using":"xpath","value":"//bdi[text()=\"OK\"]"}
RESULT: {"using":"xpath","value":"//bdi[text()=\"OK\"]"}
COMMAND: POST /session/d26a4c962c30a62404c7ee6425a84c84/elements - {"using":"xpath","value":"//bdi[text()=\"OK\"]"}
RESULT: {"using":"xpath","value":"//bdi[text()=\"OK\"]"}
COMMAND: POST /session/d26a4c962c30a62404c7ee6425a84c84/elements - {"using":"xpath","value":"//bdi[text()=\"OK\"]"}
RESULT: {"using":"xpath","value":"//bdi[text()=\"OK\"]"}
COMMAND: POST /session/d26a4c962c30a62404c7ee6425a84c84/elements - {"using":"xpath","value":"//bdi[text()=\"OK\"]"}
RESULT: {"using":"xpath","value":"//bdi[text()=\"OK\"]"}
COMMAND: POST /session/d26a4c962c30a62404c7ee6425a84c84/elements - {"using":"xpath","value":"//bdi[text()=\"OK\"]"}
RESULT: {"using":"xpath","value":"//bdi[text()=\"OK\"]"}
COMMAND: POST /session/d26a4c962c30a62404c7ee6425a84c84/elements - {"using":"xpath","value":"//bdi[text()=\"OK\"]"}
RESULT: {"using":"xpath","value":"//bdi[text()=\"OK\"]"}
COMMAND: POST /session/d26a4c962c30a62404c7ee6425a84c84/elements - {"using":"xpath","value":"//bdi[text()=\"OK\"]"}
RESULT: {"using":"xpath","value":"//bdi[text()=\"OK\"]"}
COMMAND: POST /session/d26a4c962c30a62404c7ee6425a84c84/elements - {"using":"xpath","value":"//bdi[text()=\"OK\"]"}
RESULT: {"using":"xpath","value":"//bdi[text()=\"OK\"]"}
COMMAND: POST /session/d26a4c962c30a62404c7ee6425a84c84/elements - {"using":"xpath","value":"//bdi[text()=\"OK\"]"}
RESULT: {"using":"xpath","value":"//bdi[text()=\"OK\"]"}
COMMAND: POST /session/d26a4c962c30a62404c7ee6425a84c84/elements - {"using":"xpath","value":"//bdi[text()=\"OK\"]"}
RESULT: {"using":"xpath","value":"//bdi[text()=\"OK\"]"}
COMMAND: POST /session/d26a4c962c30a62404c7ee6425a84c84/elements - {"using":"xpath","value":"//bdi[text()=\"OK\"]"}
RESULT: {"using":"xpath","value":"//bdi[text()=\"OK\"]"}
COMMAND: POST /session/d26a4c962c30a62404c7ee6425a84c84/elements - {"using":"xpath","value":"//bdi[text()=\"OK\"]"}
RESULT: {"using":"xpath","value":"//bdi[text()=\"OK\"]"}
COMMAND: POST /session/d26a4c962c30a62404c7ee6425a84c84/elements - {"using":"xpath","value":"//bdi[text()=\"OK\"]"}
RESULT: {"using":"xpath","value":"//bdi[text()=\"OK\"]"}
COMMAND: POST /session/d26a4c962c30a62404c7ee6425a84c84/elements - {"using":"xpath","value":"//bdi[text()=\"OK\"]"}
RESULT: {"using":"xpath","value":"//bdi[text()=\"OK\"]"}
COMMAND: POST /session/d26a4c962c30a62404c7ee6425a84c84/elements - {"using":"xpath","value":"//bdi[text()=\"OK\"]"}
RESULT: {"using":"xpath","value":"//bdi[text()=\"OK\"]"}
COMMAND: POST /session/d26a4c962c30a62404c7ee6425a84c84/elements - {"using":"xpath","value":"//bdi[text()=\"OK\"]"}
RESULT: {"using":"xpath","value":"//bdi[text()=\"OK\"]"}
COMMAND: POST /session/d26a4c962c30a62404c7ee6425a84c84/elements - {"using":"xpath","value":"//bdi[text()=\"OK\"]"}
RESULT: {"using":"xpath","value":"//bdi[text()=\"OK\"]"}
COMMAND: POST /session/d26a4c962c30a62404c7ee6425a84c84/elements - {"using":"xpath","value":"//bdi[text()=\"OK\"]"}
RESULT: {"using":"xpath","value":"//bdi[text()=\"OK\"]"}
COMMAND: POST /session/d26a4c962c30a62404c7ee6425a84c84/elements - {"using":"xpath","value":"//bdi[text()=\"OK\"]"}
RESULT: {"using":"xpath","value":"//bdi[text()=\"OK\"]"}
COMMAND: POST /session/d26a4c962c30a62404c7ee6425a84c84/elements - {"using":"xpath","value":"//bdi[text()=\"OK\"]"}
RESULT: {"using":"xpath","value":"//bdi[text()=\"OK\"]"}
COMMAND: POST /session/d26a4c962c30a62404c7ee6425a84c84/elements - {"using":"xpath","value":"//bdi[text()=\"OK\"]"}
RESULT: {"using":"xpath","value":"//bdi[text()=\"OK\"]"}
COMMAND: POST /session/d26a4c962c30a62404c7ee6425a84c84/elements - {"using":"xpath","value":"//bdi[text()=\"OK\"]"}
RESULT: {"using":"xpath","value":"//bdi[text()=\"OK\"]"}
COMMAND: POST /session/d26a4c962c30a62404c7ee6425a84c84/elements - {"using":"xpath","value":"//bdi[text()=\"OK\"]"}
RESULT: {"using":"xpath","value":"//bdi[text()=\"OK\"]"}
COMMAND: POST /session/d26a4c962c30a62404c7ee6425a84c84/elements - {"using":"xpath","value":"//bdi[text()=\"OK\"]"}
RESULT: {"using":"xpath","value":"//bdi[text()=\"OK\"]"}
COMMAND: POST /session/d26a4c962c30a62404c7ee6425a84c84/elements - {"using":"xpath","value":"//bdi[text()=\"OK\"]"}
RESULT: {"using":"xpath","value":"//bdi[text()=\"OK\"]"}
COMMAND: POST /session/d26a4c962c30a62404c7ee6425a84c84/elements - {"using":"xpath","value":"//bdi[text()=\"OK\"]"}
RESULT: {"using":"xpath","value":"//bdi[text()=\"OK\"]"}
COMMAND: POST /session/d26a4c962c30a62404c7ee6425a84c84/elements - {"using":"xpath","value":"//bdi[text()=\"OK\"]"}
RESULT: {"using":"xpath","value":"//bdi[text()=\"OK\"]"}
COMMAND: POST /session/d26a4c962c30a62404c7ee6425a84c84/elements - {"using":"xpath","value":"//bdi[text()=\"OK\"]"}
RESULT: {"using":"xpath","value":"//bdi[text()=\"OK\"]"}
COMMAND: POST /session/d26a4c962c30a62404c7ee6425a84c84/elements - {"using":"xpath","value":"//bdi[text()=\"OK\"]"}
RESULT: {"using":"xpath","value":"//bdi[text()=\"OK\"]"}
COMMAND: POST /session/d26a4c962c30a62404c7ee6425a84c84/elements - {"using":"xpath","value":"//bdi[text()=\"OK\"]"}
RESULT: {"using":"xpath","value":"//bdi[text()=\"OK\"]"}
COMMAND: POST /session/d26a4c962c30a62404c7ee6425a84c84/elements - {"using":"xpath","value":"//bdi[text()=\"OK\"]"}
RESULT: {"using":"xpath","value":"//bdi[text()=\"OK\"]"}
COMMAND: POST /session/d26a4c962c30a62404c7ee6425a84c84/elements - {"using":"xpath","value":"//bdi[text()=\"OK\"]"}
RESULT: {"using":"xpath","value":"//bdi[text()=\"OK\"]"}
COMMAND: POST /session/d26a4c962c30a62404c7ee6425a84c84/elements - {"using":"xpath","value":"//bdi[text()=\"OK\"]"}
RESULT: {"using":"xpath","value":"//bdi[text()=\"OK\"]"}
COMMAND: POST /session/d26a4c962c30a62404c7ee6425a84c84/elements - {"using":"xpath","value":"//bdi[text()=\"OK\"]"}
RESULT: {"using":"xpath","value":"//bdi[text()=\"OK\"]"}
COMMAND: POST /session/d26a4c962c30a62404c7ee6425a84c84/elements - {"using":"xpath","value":"//bdi[text()=\"OK\"]"}
RESULT: {"using":"xpath","value":"//bdi[text()=\"OK\"]"}
COMMAND: POST /session/d26a4c962c30a62404c7ee6425a84c84/elements - {"using":"xpath","value":"//bdi[text()=\"OK\"]"}
RESULT: {"using":"xpath","value":"//bdi[text()=\"OK\"]"}
COMMAND: POST /session/d26a4c962c30a62404c7ee6425a84c84/elements - {"using":"xpath","value":"//bdi[text()=\"OK\"]"}
RESULT: {"using":"xpath","value":"//bdi[text()=\"OK\"]"}
COMMAND: POST /session/d26a4c962c30a62404c7ee6425a84c84/elements - {"using":"xpath","value":"//bdi[text()=\"OK\"]"}
RESULT: {"using":"xpath","value":"//bdi[text()=\"OK\"]"}
COMMAND: POST /session/d26a4c962c30a62404c7ee6425a84c84/elements - {"using":"xpath","value":"//bdi[text()=\"OK\"]"}
RESULT: {"using":"xpath","value":"//bdi[text()=\"OK\"]"}
COMMAND: POST /session/d26a4c962c30a62404c7ee6425a84c84/elements - {"using":"xpath","value":"//bdi[text()=\"OK\"]"}
RESULT: {"using":"xpath","value":"//bdi[text()=\"OK\"]"}
COMMAND: POST /session/d26a4c962c30a62404c7ee6425a84c84/elements - {"using":"xpath","value":"//bdi[text()=\"OK\"]"}
RESULT: {"using":"xpath","value":"//bdi[text()=\"OK\"]"}
COMMAND: POST /session/d26a4c962c30a62404c7ee6425a84c84/elements - {"using":"xpath","value":"//bdi[text()=\"OK\"]"}
RESULT: {"using":"xpath","value":"//bdi[text()=\"OK\"]"}
COMMAND: POST /session/d26a4c962c30a62404c7ee6425a84c84/elements - {"using":"xpath","value":"//bdi[text()=\"OK\"]"}
RESULT: {"using":"xpath","value":"//bdi[text()=\"OK\"]"}
COMMAND: POST /session/d26a4c962c30a62404c7ee6425a84c84/elements - {"using":"xpath","value":"//bdi[text()=\"OK\"]"}
RESULT: {"using":"xpath","value":"//bdi[text()=\"OK\"]"}
COMMAND: POST /session/d26a4c962c30a62404c7ee6425a84c84/elements - {"using":"xpath","value":"//bdi[text()=\"OK\"]"}
RESULT: {"using":"xpath","value":"//bdi[text()=\"OK\"]"}
COMMAND: POST /session/d26a4c962c30a62404c7ee6425a84c84/elements - {"using":"xpath","value":"//bdi[text()=\"OK\"]"}
RESULT: {"using":"xpath","value":"//bdi[text()=\"OK\"]"}
COMMAND: POST /session/d26a4c962c30a62404c7ee6425a84c84/elements - {"using":"xpath","value":"//bdi[text()=\"OK\"]"}
RESULT: {"using":"xpath","value":"//bdi[text()=\"OK\"]"}
COMMAND: POST /session/d26a4c962c30a62404c7ee6425a84c84/elements - {"using":"xpath","value":"//bdi[text()=\"OK\"]"}
RESULT: {"using":"xpath","value":"//bdi[text()=\"OK\"]"}
COMMAND: POST /session/d26a4c962c30a62404c7ee6425a84c84/elements - {"using":"xpath","value":"//bdi[text()=\"OK\"]"}
RESULT: {"using":"xpath","value":"//bdi[text()=\"OK\"]"}
COMMAND: POST /session/d26a4c962c30a62404c7ee6425a84c84/elements - {"using":"xpath","value":"//bdi[text()=\"OK\"]"}
RESULT: {"using":"xpath","value":"//bdi[text()=\"OK\"]"}
COMMAND: POST /session/d26a4c962c30a62404c7ee6425a84c84/execute/async - {"script":"<script> [1562 bytes]","args":[{"selector":{"id":"application-manageresources-display-component---newResourceUnit--TYPE-arrow"},"wdio_ui5_key":"applicationmanageresources-display-component---newResourceUnit--TYPE-arrow"}]}
RESULT: {"script":"<script> [1562 bytes]","args":[{"selector":{"id":"application-manageresources-display-component---newResourceUnit--TYPE-arrow"},"wdio_ui5_key":"applicationmanageresources-display-component---newResourceUnit--TYPE-arrow"}]}
RESULT: undefined
COMMAND: POST /session/d26a4c962c30a62404c7ee6425a84c84/element - {"using":"xpath","value":"//*[@id=\"application-manageresources-display-component---newResourceUnit--TYPE-arrow\"]"}
RESULT: {"using":"xpath","value":"//*[@id=\"application-manageresources-display-component---newResourceUnit--TYPE-arrow\"]"}
COMMAND: POST /session/d26a4c962c30a62404c7ee6425a84c84/element/f.CB35230D0BEACCAB597F868E996E95B6.d.85BC78442E8832DC5FFC996CC2EB8404.e.6877/click - {}
RESULT: {}
COMMAND: POST /session/d26a4c962c30a62404c7ee6425a84c84/execute/async - {"script":"<script> [1562 bytes]","args":[{"selector":{"controlType":"sap.m.StandardListItem","viewName":"reusables.view.manageresources.NewResourceUnit","viewId":"application-manageresources-display-component---newResourceUnit","properties":{"title":"Material"},"searchOpenDialogs":true,"interaction":{"idSuffix":"titleText"}},"wdio_ui5_key":"reusablesview.manageresources.NewResourceUnitsap.m.StandardListItem{\"title\":\"Material\"}"}]}
COMMAND: GET /session/d26a4c962c30a62404c7ee6425a84c84/screenshot - {}
RESULT: {"script":"<script> [1562 bytes]","args":[{"selector":{"controlType":"sap.m.StandardListItem","viewName":"reusables.view.manageresources.NewResourceUnit","viewId":"application-manageresources-display-component---newResourceUnit","properties":{"title":"Material"},"searchOpenDialogs":true,"interaction":{"idSuffix":"titleText"}},"wdio_ui5_key":"reusablesview.manageresources.NewResourceUnitsap.m.StandardListItem{\"title\":\"Material\"}"}]}
RESULT: undefined
COMMAND: POST /session/d26a4c962c30a62404c7ee6425a84c84/element - {"using":"xpath","value":"//*[@id=\"__item142\"]"}
RESULT: {}
RESULT: {"using":"xpath","value":"//*[@id=\"__item142\"]"}
COMMAND: POST /session/d26a4c962c30a62404c7ee6425a84c84/element/f.CB35230D0BEACCAB597F868E996E95B6.d.85BC78442E8832DC5FFC996CC2EB8404.e.6880/click - {}
RESULT: {}
COMMAND: POST /session/d26a4c962c30a62404c7ee6425a84c84/execute/async - {"script":"<script> [1562 bytes]","args":[{"selector":{"id":"application-manageresources-display-component---newResourceUnit--SHORT_TEXT","interaction":{"idSuffix":"inner"}},"wdio_ui5_key":"applicationmanageresources-display-component---newResourceUnit--SHORT_TEXT"}]}
COMMAND: GET /session/d26a4c962c30a62404c7ee6425a84c84/screenshot - {}
RESULT: {"script":"<script> [1562 bytes]","args":[{"selector":{"id":"application-manageresources-display-component---newResourceUnit--SHORT_TEXT","interaction":{"idSuffix":"inner"}},"wdio_ui5_key":"applicationmanageresources-display-component---newResourceUnit--SHORT_TEXT"}]}
RESULT: undefined
COMMAND: POST /session/d26a4c962c30a62404c7ee6425a84c84/execute/async - {"script":"<script> [776 bytes]","args":[{"enterText":"WebdriverRU R2Ci25qj","selector":{"id":"application-manageresources-display-component---newResourceUnit--SHORT_TEXT","interaction":{"idSuffix":"inner"}},"clearTextFirst":true,"interactionType":"ENTER_TEXT"}]}
RESULT: {}
RESULT: {"script":"<script> [776 bytes]","args":[{"enterText":"WebdriverRU R2Ci25qj","selector":{"id":"application-manageresources-display-component---newResourceUnit--SHORT_TEXT","interaction":{"idSuffix":"inner"}},"clearTextFirst":true,"interactionType":"ENTER_TEXT"}]}
COMMAND: POST /session/d26a4c962c30a62404c7ee6425a84c84/execute/async - {"script":"<script> [1562 bytes]","args":[{"selector":{"id":"application-manageresources-display-component---newResourceUnit--BASE_UNIT_OF_MEASURE-arrow"},"wdio_ui5_key":"applicationmanageresources-display-component---newResourceUnit--BASE_UNIT_OF_MEASURE-arrow"}]}
RESULT: {"script":"<script> [1562 bytes]","args":[{"selector":{"id":"application-manageresources-display-component---newResourceUnit--BASE_UNIT_OF_MEASURE-arrow"},"wdio_ui5_key":"applicationmanageresources-display-component---newResourceUnit--BASE_UNIT_OF_MEASURE-arrow"}]}
RESULT: undefined
COMMAND: POST /session/d26a4c962c30a62404c7ee6425a84c84/element - {"using":"xpath","value":"//*[@id=\"application-manageresources-display-component---newResourceUnit--BASE_UNIT_OF_MEASURE-arrow\"]"}
RESULT: {"using":"xpath","value":"//*[@id=\"application-manageresources-display-component---newResourceUnit--BASE_UNIT_OF_MEASURE-arrow\"]"}
COMMAND: POST /session/d26a4c962c30a62404c7ee6425a84c84/element/f.CB35230D0BEACCAB597F868E996E95B6.d.85BC78442E8832DC5FFC996CC2EB8404.e.6938/click - {}
RESULT: {}
COMMAND: POST /session/d26a4c962c30a62404c7ee6425a84c84/execute/async - {"script":"<script> [1562 bytes]","args":[{"selector":{"controlType":"sap.m.StandardListItem","viewName":"reusables.view.manageresources.NewResourceUnit","viewId":"application-manageresources-display-component---newResourceUnit","properties":{"title":"Piece"},"searchOpenDialogs":true,"interaction":{"idSuffix":"titleText"}},"wdio_ui5_key":"reusablesview.manageresources.NewResourceUnitsap.m.StandardListItem{\"title\":\"Piece\"}"}]}
COMMAND: GET /session/d26a4c962c30a62404c7ee6425a84c84/screenshot - {}
RESULT: {"script":"<script> [1562 bytes]","args":[{"selector":{"controlType":"sap.m.StandardListItem","viewName":"reusables.view.manageresources.NewResourceUnit","viewId":"application-manageresources-display-component---newResourceUnit","properties":{"title":"Piece"},"searchOpenDialogs":true,"interaction":{"idSuffix":"titleText"}},"wdio_ui5_key":"reusablesview.manageresources.NewResourceUnitsap.m.StandardListItem{\"title\":\"Piece\"}"}]}
RESULT: undefined
COMMAND: POST /session/d26a4c962c30a62404c7ee6425a84c84/element - {"using":"xpath","value":"//*[@id=\"__item186\"]"}
RESULT: {}
RESULT: {"using":"xpath","value":"//*[@id=\"__item186\"]"}
COMMAND: POST /session/d26a4c962c30a62404c7ee6425a84c84/element/f.CB35230D0BEACCAB597F868E996E95B6.d.85BC78442E8832DC5FFC996CC2EB8404.e.6940/click - {}
RESULT: {}
COMMAND: POST /session/d26a4c962c30a62404c7ee6425a84c84/execute/async - {"script":"<script> [1562 bytes]","args":[{"selector":{"id":"application-manageresources-display-component---newResourceUnit--WEIGHT_UNIT-arrow"},"wdio_ui5_key":"applicationmanageresources-display-component---newResourceUnit--WEIGHT_UNIT-arrow"}]}
COMMAND: GET /session/d26a4c962c30a62404c7ee6425a84c84/screenshot - {}
RESULT: {"script":"<script> [1562 bytes]","args":[{"selector":{"id":"application-manageresources-display-component---newResourceUnit--WEIGHT_UNIT-arrow"},"wdio_ui5_key":"applicationmanageresources-display-component---newResourceUnit--WEIGHT_UNIT-arrow"}]}
RESULT: undefined
COMMAND: POST /session/d26a4c962c30a62404c7ee6425a84c84/element - {"using":"xpath","value":"//*[@id=\"application-manageresources-display-component---newResourceUnit--WEIGHT_UNIT-arrow\"]"}
RESULT: {}
RESULT: {"using":"xpath","value":"//*[@id=\"application-manageresources-display-component---newResourceUnit--WEIGHT_UNIT-arrow\"]"}
COMMAND: POST /session/d26a4c962c30a62404c7ee6425a84c84/element/f.CB35230D0BEACCAB597F868E996E95B6.d.85BC78442E8832DC5FFC996CC2EB8404.e.6941/click - {}
RESULT: {}
COMMAND: POST /session/d26a4c962c30a62404c7ee6425a84c84/execute/async - {"script":"<script> [1562 bytes]","args":[{"selector":{"controlType":"sap.m.StandardListItem","viewName":"reusables.view.manageresources.NewResourceUnit","viewId":"application-manageresources-display-component---newResourceUnit","properties":{"title":"Gram"},"searchOpenDialogs":true,"interaction":{"idSuffix":"content"}},"wdio_ui5_key":"reusablesview.manageresources.NewResourceUnitsap.m.StandardListItem{\"title\":\"Gram\"}"}]}
COMMAND: GET /session/d26a4c962c30a62404c7ee6425a84c84/screenshot - {}
RESULT: {"script":"<script> [1562 bytes]","args":[{"selector":{"controlType":"sap.m.StandardListItem","viewName":"reusables.view.manageresources.NewResourceUnit","viewId":"application-manageresources-display-component---newResourceUnit","properties":{"title":"Gram"},"searchOpenDialogs":true,"interaction":{"idSuffix":"content"}},"wdio_ui5_key":"reusablesview.manageresources.NewResourceUnitsap.m.StandardListItem{\"title\":\"Gram\"}"}]}
RESULT: undefined
COMMAND: POST /session/d26a4c962c30a62404c7ee6425a84c84/element - {"using":"xpath","value":"//*[@id=\"__item251\"]"}
RESULT: {}
RESULT: {"using":"xpath","value":"//*[@id=\"__item251\"]"}
COMMAND: POST /session/d26a4c962c30a62404c7ee6425a84c84/element/f.CB35230D0BEACCAB597F868E996E95B6.d.85BC78442E8832DC5FFC996CC2EB8404.e.6943/click - {}
RESULT: {}
COMMAND: GET /session/d26a4c962c30a62404c7ee6425a84c84/screenshot - {}
RESULT: {}
COMMAND: POST /session/d26a4c962c30a62404c7ee6425a84c84/execute/async - {"script":"<script> [1562 bytes]","args":[{"selector":{"id":"application-manageresources-display-component---newResourceUnit--newRRUPage-OPHeaderContent-collapseBtn-img"},"wdio_ui5_key":"applicationmanageresources-display-component---newResourceUnit--newRRUPage-OPHeaderContent-collapseBtn-img"}]}
RESULT: {"script":"<script> [1562 bytes]","args":[{"selector":{"id":"application-manageresources-display-component---newResourceUnit--newRRUPage-OPHeaderContent-collapseBtn-img"},"wdio_ui5_key":"applicationmanageresources-display-component---newResourceUnit--newRRUPage-OPHeaderContent-collapseBtn-img"}]}
RESULT: undefined
COMMAND: POST /session/d26a4c962c30a62404c7ee6425a84c84/element - {"using":"xpath","value":"//*[@id=\"application-manageresources-display-component---newResourceUnit--newRRUPage-OPHeaderContent-collapseBtn-img\"]"}
RESULT: {"using":"xpath","value":"//*[@id=\"application-manageresources-display-component---newResourceUnit--newRRUPage-OPHeaderContent-collapseBtn-img\"]"}
COMMAND: POST /session/d26a4c962c30a62404c7ee6425a84c84/element/f.CB35230D0BEACCAB597F868E996E95B6.d.85BC78442E8832DC5FFC996CC2EB8404.e.6888/click - {}
RESULT: {}
COMMAND: GET /session/d26a4c962c30a62404c7ee6425a84c84/screenshot - {}
RESULT: {}
COMMAND: POST /session/d26a4c962c30a62404c7ee6425a84c84/element - {"using":"xpath","value":"(//span[contains(@id ,\"application-manageresources-display-component---newResourceUnit--DIMENSION_UNIT-arrow\")])[1]"}
RESULT: {"using":"xpath","value":"(//span[contains(@id ,\"application-manageresources-display-component---newResourceUnit--DIMENSION_UNIT-arrow\")])[1]"}
COMMAND: POST /session/d26a4c962c30a62404c7ee6425a84c84/element/f.CB35230D0BEACCAB597F868E996E95B6.d.85BC78442E8832DC5FFC996CC2EB8404.e.6949/click - {}
RESULT: {}
COMMAND: GET /session/d26a4c962c30a62404c7ee6425a84c84/screenshot - {}
RESULT: {}
COMMAND: POST /session/d26a4c962c30a62404c7ee6425a84c84/execute/async - {"script":"<script> [1562 bytes]","args":[{"selector":{"controlType":"sap.m.StandardListItem","viewName":"reusables.view.manageresources.NewResourceUnit","viewId":"application-manageresources-display-component---newResourceUnit","properties":{"title":"Centimeter"},"searchOpenDialogs":true,"interaction":{"idSuffix":"titleText"}},"wdio_ui5_key":"reusablesview.manageresources.NewResourceUnitsap.m.StandardListItem{\"title\":\"Centimeter\"}"}]}
RESULT: {"script":"<script> [1562 bytes]","args":[{"selector":{"controlType":"sap.m.StandardListItem","viewName":"reusables.view.manageresources.NewResourceUnit","viewId":"application-manageresources-display-component---newResourceUnit","properties":{"title":"Centimeter"},"searchOpenDialogs":true,"interaction":{"idSuffix":"titleText"}},"wdio_ui5_key":"reusablesview.manageresources.NewResourceUnitsap.m.StandardListItem{\"title\":\"Centimeter\"}"}]}
RESULT: undefined
COMMAND: POST /session/d26a4c962c30a62404c7ee6425a84c84/element - {"using":"xpath","value":"//*[@id=\"__item254\"]"}
RESULT: {"using":"xpath","value":"//*[@id=\"__item254\"]"}
COMMAND: POST /session/d26a4c962c30a62404c7ee6425a84c84/element/f.CB35230D0BEACCAB597F868E996E95B6.d.85BC78442E8832DC5FFC996CC2EB8404.e.6951/click - {}
RESULT: {}
COMMAND: GET /session/d26a4c962c30a62404c7ee6425a84c84/screenshot - {}
RESULT: {}
COMMAND: POST /session/d26a4c962c30a62404c7ee6425a84c84/execute/async - {"script":"<script> [1562 bytes]","args":[{"selector":{"id":"application-manageresources-display-component---newResourceUnit--newRRUPage-anchBar-application-manageresources-display-component---newResourceUnit--reference-anchor","interaction":{"idSuffix":"BDI-content"}},"wdio_ui5_key":"applicationmanageresources-display-component---newResourceUnit--newRRUPage-anchBar-application-manageresources-display-component---newResourceUnit--reference-anchor"}]}
RESULT: {"script":"<script> [1562 bytes]","args":[{"selector":{"id":"application-manageresources-display-component---newResourceUnit--newRRUPage-anchBar-application-manageresources-display-component---newResourceUnit--reference-anchor","interaction":{"idSuffix":"BDI-content"}},"wdio_ui5_key":"applicationmanageresources-display-component---newResourceUnit--newRRUPage-anchBar-application-manageresources-display-component---newResourceUnit--reference-anchor"}]}
RESULT: undefined
COMMAND: POST /session/d26a4c962c30a62404c7ee6425a84c84/element - {"using":"xpath","value":"//*[@id=\"application-manageresources-display-component---newResourceUnit--newRRUPage-anchBar-application-manageresources-display-component---newResourceUnit--reference-anchor\"]"}
RESULT: {"using":"xpath","value":"//*[@id=\"application-manageresources-display-component---newResourceUnit--newRRUPage-anchBar-application-manageresources-display-component---newResourceUnit--reference-anchor\"]"}
COMMAND: POST /session/d26a4c962c30a62404c7ee6425a84c84/element/f.CB35230D0BEACCAB597F868E996E95B6.d.85BC78442E8832DC5FFC996CC2EB8404.e.6953/click - {}
RESULT: {}
COMMAND: POST /session/d26a4c962c30a62404c7ee6425a84c84/execute/async - {"script":"<script> [1562 bytes]","args":[{"selector":{"id":"application-manageresources-display-component---newResourceUnit--PLANNING_GROUP-arrow"},"wdio_ui5_key":"applicationmanageresources-display-component---newResourceUnit--PLANNING_GROUP-arrow"}]}
COMMAND: GET /session/d26a4c962c30a62404c7ee6425a84c84/screenshot - {}
RESULT: {"script":"<script> [1562 bytes]","args":[{"selector":{"id":"application-manageresources-display-component---newResourceUnit--PLANNING_GROUP-arrow"},"wdio_ui5_key":"applicationmanageresources-display-component---newResourceUnit--PLANNING_GROUP-arrow"}]}
RESULT: undefined
COMMAND: POST /session/d26a4c962c30a62404c7ee6425a84c84/element - {"using":"xpath","value":"//*[@id=\"application-manageresources-display-component---newResourceUnit--PLANNING_GROUP-arrow\"]"}
RESULT: {}
RESULT: {"using":"xpath","value":"//*[@id=\"application-manageresources-display-component---newResourceUnit--PLANNING_GROUP-arrow\"]"}
COMMAND: POST /session/d26a4c962c30a62404c7ee6425a84c84/element/f.CB35230D0BEACCAB597F868E996E95B6.d.85BC78442E8832DC5FFC996CC2EB8404.e.6957/click - {}
RESULT: {}
COMMAND: POST /session/d26a4c962c30a62404c7ee6425a84c84/execute/async - {"script":"<script> [1562 bytes]","args":[{"selector":{"controlType":"sap.m.StandardListItem","viewName":"reusables.view.manageresources.NewResourceUnit","viewId":"application-manageresources-display-component---newResourceUnit","properties":{"title":"Heavy Equi"},"searchOpenDialogs":true,"interaction":{"idSuffix":"content"}},"wdio_ui5_key":"reusablesview.manageresources.NewResourceUnitsap.m.StandardListItem{\"title\":\"Heavy Equi\"}"}]}
COMMAND: GET /session/d26a4c962c30a62404c7ee6425a84c84/screenshot - {}
RESULT: {"script":"<script> [1562 bytes]","args":[{"selector":{"controlType":"sap.m.StandardListItem","viewName":"reusables.view.manageresources.NewResourceUnit","viewId":"application-manageresources-display-component---newResourceUnit","properties":{"title":"Heavy Equi"},"searchOpenDialogs":true,"interaction":{"idSuffix":"content"}},"wdio_ui5_key":"reusablesview.manageresources.NewResourceUnitsap.m.StandardListItem{\"title\":\"Heavy Equi\"}"}]}
RESULT: undefined
COMMAND: POST /session/d26a4c962c30a62404c7ee6425a84c84/element - {"using":"xpath","value":"//*[@id=\"__item262\"]"}
RESULT: {}
RESULT: {"using":"xpath","value":"//*[@id=\"__item262\"]"}
COMMAND: POST /session/d26a4c962c30a62404c7ee6425a84c84/element/f.CB35230D0BEACCAB597F868E996E95B6.d.85BC78442E8832DC5FFC996CC2EB8404.e.6959/click - {}
RESULT: {}
COMMAND: GET /session/d26a4c962c30a62404c7ee6425a84c84/screenshot - {}
RESULT: {}
COMMAND: POST /session/d26a4c962c30a62404c7ee6425a84c84/execute/async - {"script":"<script> [1562 bytes]","args":[{"selector":{"id":"application-manageresources-display-component---newResourceUnit--PLANNING_INDICATOR-arrow"},"wdio_ui5_key":"applicationmanageresources-display-component---newResourceUnit--PLANNING_INDICATOR-arrow"}]}
RESULT: {"script":"<script> [1562 bytes]","args":[{"selector":{"id":"application-manageresources-display-component---newResourceUnit--PLANNING_INDICATOR-arrow"},"wdio_ui5_key":"applicationmanageresources-display-component---newResourceUnit--PLANNING_INDICATOR-arrow"}]}
RESULT: undefined
COMMAND: POST /session/d26a4c962c30a62404c7ee6425a84c84/element - {"using":"xpath","value":"//*[@id=\"application-manageresources-display-component---newResourceUnit--PLANNING_INDICATOR-arrow\"]"}
RESULT: {"using":"xpath","value":"//*[@id=\"application-manageresources-display-component---newResourceUnit--PLANNING_INDICATOR-arrow\"]"}
COMMAND: POST /session/d26a4c962c30a62404c7ee6425a84c84/element/f.CB35230D0BEACCAB597F868E996E95B6.d.85BC78442E8832DC5FFC996CC2EB8404.e.6960/click - {}
RESULT: {}
COMMAND: POST /session/d26a4c962c30a62404c7ee6425a84c84/execute/async - {"script":"<script> [1562 bytes]","args":[{"selector":{"controlType":"sap.m.StandardListItem","viewName":"reusables.view.manageresources.NewResourceUnit","viewId":"application-manageresources-display-component---newResourceUnit","properties":{"title":"10 - infinite"},"searchOpenDialogs":true,"interaction":{"idSuffix":"content"}},"wdio_ui5_key":"reusablesview.manageresources.NewResourceUnitsap.m.StandardListItem{\"title\":\"10 - infinite\"}"}]}
COMMAND: GET /session/d26a4c962c30a62404c7ee6425a84c84/screenshot - {}
RESULT: {"script":"<script> [1562 bytes]","args":[{"selector":{"controlType":"sap.m.StandardListItem","viewName":"reusables.view.manageresources.NewResourceUnit","viewId":"application-manageresources-display-component---newResourceUnit","properties":{"title":"10 - infinite"},"searchOpenDialogs":true,"interaction":{"idSuffix":"content"}},"wdio_ui5_key":"reusablesview.manageresources.NewResourceUnitsap.m.StandardListItem{\"title\":\"10 - infinite\"}"}]}
RESULT: undefined
COMMAND: POST /session/d26a4c962c30a62404c7ee6425a84c84/element - {"using":"xpath","value":"//*[@id=\"__item272\"]"}
RESULT: {}
RESULT: {"using":"xpath","value":"//*[@id=\"__item272\"]"}
COMMAND: POST /session/d26a4c962c30a62404c7ee6425a84c84/element/f.CB35230D0BEACCAB597F868E996E95B6.d.85BC78442E8832DC5FFC996CC2EB8404.e.6962/click - {}
RESULT: {}
COMMAND: GET /session/d26a4c962c30a62404c7ee6425a84c84/screenshot - {}
RESULT: {}
COMMAND: POST /session/d26a4c962c30a62404c7ee6425a84c84/element - {"using":"xpath","value":"//bdi[contains(text(), \"Time Segment\")]"}
RESULT: {"using":"xpath","value":"//bdi[contains(text(), \"Time Segment\")]"}
COMMAND: GET /session/d26a4c962c30a62404c7ee6425a84c84/element/f.CB35230D0BEACCAB597F868E996E95B6.d.85BC78442E8832DC5FFC996CC2EB8404.e.6963/rect - {}
RESULT: {}
COMMAND: GET /session/d26a4c962c30a62404c7ee6425a84c84/window/rect - {}
RESULT: {}
COMMAND: POST /session/d26a4c962c30a62404c7ee6425a84c84/execute/sync - {"script":"<script> [92 bytes]","args":[]}
RESULT: {"script":"<script> [92 bytes]","args":[]}
COMMAND: POST /session/d26a4c962c30a62404c7ee6425a84c84/actions - {"actions":[{"id":"action17","type":"wheel","parameters":{},"actions":[{"type":"scroll","x":-1820,"y":-21,"deltaX":0,"deltaY":0,"duration":0,"origin":{"element-6066-11e4-a52e-4f735466cecf":"f.CB35230D0BEACCAB597F868E996E95B6.d.85BC78442E8832DC5FFC996CC2EB8404.e.6963"}}]}]}
COMMAND: GET /session/d26a4c962c30a62404c7ee6425a84c84/screenshot - {}
RESULT: {}
COMMAND: POST /session/d26a4c962c30a62404c7ee6425a84c84/execute/sync - {"script":"<script> [79 bytes]","args":[{"element-6066-11e4-a52e-4f735466cecf":"f.CB35230D0BEACCAB597F868E996E95B6.d.85BC78442E8832DC5FFC996CC2EB8404.e.6963","ELEMENT":"f.CB35230D0BEACCAB597F868E996E95B6.d.85BC78442E8832DC5FFC996CC2EB8404.e.6963"},{"block":"start","inline":"nearest"}]}
RESULT: {"script":"<script> [79 bytes]","args":[{"element-6066-11e4-a52e-4f735466cecf":"f.CB35230D0BEACCAB597F868E996E95B6.d.85BC78442E8832DC5FFC996CC2EB8404.e.6963","ELEMENT":"f.CB35230D0BEACCAB597F868E996E95B6.d.85BC78442E8832DC5FFC996CC2EB8404.e.6963"},{"block":"start","inline":"nearest"}]}
COMMAND: GET /session/d26a4c962c30a62404c7ee6425a84c84/screenshot - {}
RESULT: {}
COMMAND: POST /session/d26a4c962c30a62404c7ee6425a84c84/element - {"using":"xpath","value":"//span[@id=\"application-manageresources-display-component---newResourceUnit--btnAddTimeSegment-img\"]"}
RESULT: {"using":"xpath","value":"//span[@id=\"application-manageresources-display-component---newResourceUnit--btnAddTimeSegment-img\"]"}
COMMAND: POST /session/d26a4c962c30a62404c7ee6425a84c84/execute/sync - {"script":"<script> [8489 bytes]","args":[{"element-6066-11e4-a52e-4f735466cecf":"f.CB35230D0BEACCAB597F868E996E95B6.d.85BC78442E8832DC5FFC996CC2EB8404.e.6966","ELEMENT":"f.CB35230D0BEACCAB597F868E996E95B6.d.85BC78442E8832DC5FFC996CC2EB8404.e.6966"}]}
RESULT: {"script":"<script> [8489 bytes]","args":[{"element-6066-11e4-a52e-4f735466cecf":"f.CB35230D0BEACCAB597F868E996E95B6.d.85BC78442E8832DC5FFC996CC2EB8404.e.6966","ELEMENT":"f.CB35230D0BEACCAB597F868E996E95B6.d.85BC78442E8832DC5FFC996CC2EB8404.e.6966"}]}
COMMAND: POST /session/d26a4c962c30a62404c7ee6425a84c84/element/f.CB35230D0BEACCAB597F868E996E95B6.d.85BC78442E8832DC5FFC996CC2EB8404.e.6966/click - {}
COMMAND: GET /session/d26a4c962c30a62404c7ee6425a84c84/screenshot - {}
RESULT: {}
COMMAND: GET /session/d26a4c962c30a62404c7ee6425a84c84/screenshot - {}
COMMAND: POST /session/d26a4c962c30a62404c7ee6425a84c84/element - {"using":"xpath","value":"//input[@id=\"application-manageresources-display-component---newResourceUnit--idRuTSAdmin-application-manageresources-display-component---newResourceUnit--RUTimeSegment-0-inner\"]"}
RESULT: {}
RESULT: {}
RESULT: {"using":"xpath","value":"//input[@id=\"application-manageresources-display-component---newResourceUnit--idRuTSAdmin-application-manageresources-display-component---newResourceUnit--RUTimeSegment-0-inner\"]"}
COMMAND: POST /session/d26a4c962c30a62404c7ee6425a84c84/element/f.CB35230D0BEACCAB597F868E996E95B6.d.85BC78442E8832DC5FFC996CC2EB8404.e.6969/clear - {}
RESULT: {}
COMMAND: POST /session/d26a4c962c30a62404c7ee6425a84c84/element/f.CB35230D0BEACCAB597F868E996E95B6.d.85BC78442E8832DC5FFC996CC2EB8404.e.6969/value - {"text":"456"}
COMMAND: GET /session/d26a4c962c30a62404c7ee6425a84c84/screenshot - {}
RESULT: {"text":"456"}
COMMAND: GET /session/d26a4c962c30a62404c7ee6425a84c84/screenshot - {}
RESULT: {}
RESULT: {}
COMMAND: POST /session/d26a4c962c30a62404c7ee6425a84c84/actions - {"actions":[{"id":"action18","type":"key","parameters":{},"actions":[{"type":"keyDown","value":"î€‡"},{"type":"pause","duration":10},{"type":"keyUp","value":"î€‡"}]}]}
RESULT: {"actions":[{"id":"action18","type":"key","parameters":{},"actions":[{"type":"keyDown","value":"î€‡"},{"type":"pause","duration":10},{"type":"keyUp","value":"î€‡"}]}]}
COMMAND: GET /session/d26a4c962c30a62404c7ee6425a84c84/screenshot - {}
RESULT: {}
COMMAND: POST /session/d26a4c962c30a62404c7ee6425a84c84/execute/async - {"script":"<script> [1562 bytes]","args":[{"selector":{"controlType":"sap.m.Button","viewName":"reusables.view.manageresources.NewResourceUnit","viewId":"application-manageresources-display-component---newResourceUnit","i18NText":{"propertyName":"tooltip","key":"save"},"interaction":{"idSuffix":"BDI-content"}},"wdio_ui5_key":"reusablesview.manageresources.NewResourceUnitsap.m.Button{\"propertyName\":\"tooltip\",\"key\":\"save\"}"}]}
RESULT: {"script":"<script> [1562 bytes]","args":[{"selector":{"controlType":"sap.m.Button","viewName":"reusables.view.manageresources.NewResourceUnit","viewId":"application-manageresources-display-component---newResourceUnit","i18NText":{"propertyName":"tooltip","key":"save"},"interaction":{"idSuffix":"BDI-content"}},"wdio_ui5_key":"reusablesview.manageresources.NewResourceUnitsap.m.Button{\"propertyName\":\"tooltip\",\"key\":\"save\"}"}]}
RESULT: undefined
COMMAND: POST /session/d26a4c962c30a62404c7ee6425a84c84/element - {"using":"xpath","value":"//*[@id=\"application-manageresources-display-component---newResourceUnit--createRuButton\"]"}
RESULT: {"using":"xpath","value":"//*[@id=\"application-manageresources-display-component---newResourceUnit--createRuButton\"]"}
COMMAND: POST /session/d26a4c962c30a62404c7ee6425a84c84/element/f.CB35230D0BEACCAB597F868E996E95B6.d.85BC78442E8832DC5FFC996CC2EB8404.e.6894/click - {}
RESULT: {}
COMMAND: GET /session/d26a4c962c30a62404c7ee6425a84c84/screenshot - {}
RESULT: {}
COMMAND: POST /session/d26a4c962c30a62404c7ee6425a84c84/execute/async - {"script":"<script> [1562 bytes]","args":[{"selector":{"controlType":"sap.m.Title","properties":{"text":"Success"},"searchOpenDialogs":true},"wdio_ui5_key":"sapm.Title{\"text\":\"Success\"}"}]}
RESULT: {"script":"<script> [1562 bytes]","args":[{"selector":{"controlType":"sap.m.Title","properties":{"text":"Success"},"searchOpenDialogs":true},"wdio_ui5_key":"sapm.Title{\"text\":\"Success\"}"}]}
RESULT: undefined
COMMAND: POST /session/d26a4c962c30a62404c7ee6425a84c84/execute/async - {"script":"<script> [6424 bytes]","args":[{"element-6066-11e4-a52e-4f735466cecf":"f.CB35230D0BEACCAB597F868E996E95B6.d.85BC78442E8832DC5FFC996CC2EB8404.e.6984"},"getText",[]]}
RESULT: {"script":"<script> [6424 bytes]","args":[{"element-6066-11e4-a52e-4f735466cecf":"f.CB35230D0BEACCAB597F868E996E95B6.d.85BC78442E8832DC5FFC996CC2EB8404.e.6984"},"getText",[]]}
COMMAND: POST /session/d26a4c962c30a62404c7ee6425a84c84/element - {"using":"xpath","value":"//*[contains(@id, '__text') and (contains(text(), 'successfully created') or contains(., 'successfully created'))]"}
RESULT: {"using":"xpath","value":"//*[contains(@id, '__text') and (contains(text(), 'successfully created') or contains(., 'successfully created'))]"}
COMMAND: GET /session/d26a4c962c30a62404c7ee6425a84c84/element/f.CB35230D0BEACCAB597F868E996E95B6.d.85BC78442E8832DC5FFC996CC2EB8404.e.6983/text - {}
RESULT: {}
COMMAND: POST /session/d26a4c962c30a62404c7ee6425a84c84/execute/async - {"script":"<script> [1562 bytes]","args":[{"selector":{"controlType":"sap.m.Button","properties":{"text":"Close"},"searchOpenDialogs":true,"interaction":{"idSuffix":"BDI-content"}},"wdio_ui5_key":"sapm.Button{\"text\":\"Close\"}"}]}
RESULT: {"script":"<script> [1562 bytes]","args":[{"selector":{"controlType":"sap.m.Button","properties":{"text":"Close"},"searchOpenDialogs":true,"interaction":{"idSuffix":"BDI-content"}},"wdio_ui5_key":"sapm.Button{\"text\":\"Close\"}"}]}
RESULT: undefined
COMMAND: POST /session/d26a4c962c30a62404c7ee6425a84c84/element - {"using":"xpath","value":"//*[@id=\"__mbox-btn-0\"]"}
RESULT: {"using":"xpath","value":"//*[@id=\"__mbox-btn-0\"]"}
COMMAND: POST /session/d26a4c962c30a62404c7ee6425a84c84/element/f.CB35230D0BEACCAB597F868E996E95B6.d.85BC78442E8832DC5FFC996CC2EB8404.e.6980/click - {}
RESULT: {}
COMMAND: GET /session/d26a4c962c30a62404c7ee6425a84c84/screenshot - {}
RESULT: {}
COMMAND: POST /session/d26a4c962c30a62404c7ee6425a84c84/execute/async - {"script":"<script> [1562 bytes]","args":[{"selector":{"controlType":"sap.ui.core.Icon","viewName":"etm.portal.ui.manageresources.view.Detail","viewId":"application-manageresources-display-component---detailRU","properties":{"src":{"regex":{"source":"overflow"}}}},"wdio_ui5_key":"etmportal.ui.manageresources.view.Detailsap.ui.core.Icon{\"src\":{\"regex\":{\"source\":\"overflow\"}}}"}]}
RESULT: {"script":"<script> [1562 bytes]","args":[{"selector":{"controlType":"sap.ui.core.Icon","viewName":"etm.portal.ui.manageresources.view.Detail","viewId":"application-manageresources-display-component---detailRU","properties":{"src":{"regex":{"source":"overflow"}}}},"wdio_ui5_key":"etmportal.ui.manageresources.view.Detailsap.ui.core.Icon{\"src\":{\"regex\":{\"source\":\"overflow\"}}}"}]}
RESULT: undefined
COMMAND: POST /session/d26a4c962c30a62404c7ee6425a84c84/element - {"using":"xpath","value":"//*[@id=\"__title15-_actionsToolbar-overflowButton-img\"]"}
RESULT: {"using":"xpath","value":"//*[@id=\"__title15-_actionsToolbar-overflowButton-img\"]"}
COMMAND: POST /session/d26a4c962c30a62404c7ee6425a84c84/element/f.CB35230D0BEACCAB597F868E996E95B6.d.85BC78442E8832DC5FFC996CC2EB8404.e.7014/click - {}
RESULT: {}
COMMAND: POST /session/d26a4c962c30a62404c7ee6425a84c84/execute/async - {"script":"<script> [1562 bytes]","args":[{"selector":{"controlType":"sap.m.Button","viewName":"etm.portal.ui.manageresources.view.Detail","viewId":"application-manageresources-display-component---detailRU","i18NText":{"propertyName":"tooltip","key":"closeColumn"},"searchOpenDialogs":true,"interaction":{"idSuffix":"inner"}},"wdio_ui5_key":"etmportal.ui.manageresources.view.Detailsap.m.Button{\"propertyName\":\"tooltip\",\"key\":\"closeColumn\"}"}]}
COMMAND: GET /session/d26a4c962c30a62404c7ee6425a84c84/screenshot - {}
RESULT: {}
RESULT: {"script":"<script> [1562 bytes]","args":[{"selector":{"controlType":"sap.m.Button","viewName":"etm.portal.ui.manageresources.view.Detail","viewId":"application-manageresources-display-component---detailRU","i18NText":{"propertyName":"tooltip","key":"closeColumn"},"searchOpenDialogs":true,"interaction":{"idSuffix":"inner"}},"wdio_ui5_key":"etmportal.ui.manageresources.view.Detailsap.m.Button{\"propertyName\":\"tooltip\",\"key\":\"closeColumn\"}"}]}
RESULT: undefined
COMMAND: POST /session/d26a4c962c30a62404c7ee6425a84c84/element - {"using":"xpath","value":"//*[@id=\"__button43\"]"}
RESULT: {"using":"xpath","value":"//*[@id=\"__button43\"]"}
COMMAND: POST /session/d26a4c962c30a62404c7ee6425a84c84/element/f.CB35230D0BEACCAB597F868E996E95B6.d.85BC78442E8832DC5FFC996CC2EB8404.e.7018/click - {}
RESULT: {}
COMMAND: GET /session/d26a4c962c30a62404c7ee6425a84c84/screenshot - {}
RESULT: {}
COMMAND: POST /session/d26a4c962c30a62404c7ee6425a84c84/refresh - {}
RESULT: {}
COMMAND: GET /session/d26a4c962c30a62404c7ee6425a84c84/screenshot - {}
RESULT: {}
COMMAND: POST /session/d26a4c962c30a62404c7ee6425a84c84/refresh - {}
RESULT: {}
COMMAND: GET /session/d26a4c962c30a62404c7ee6425a84c84/screenshot - {}
RESULT: {}
COMMAND: POST /session/d26a4c962c30a62404c7ee6425a84c84/window/fullscreen - {}
RESULT: {}
COMMAND: POST /session/d26a4c962c30a62404c7ee6425a84c84/execute/async - {"script":"<script> [189 bytes]","args":[]}
RESULT: {"script":"<script> [189 bytes]","args":[]}
COMMAND: POST /session/d26a4c962c30a62404c7ee6425a84c84/execute/async - {"script":"<script> [123 bytes]","args":[]}
RESULT: {"script":"<script> [123 bytes]","args":[]}
COMMAND: POST /session/d26a4c962c30a62404c7ee6425a84c84/timeouts - {"script":"<number>"}
RESULT: {"script":"<number>"}
COMMAND: GET /session/d26a4c962c30a62404c7ee6425a84c84/timeouts - {}
RESULT: {}
RESULT: undefined
COMMAND: POST /session/d26a4c962c30a62404c7ee6425a84c84/execute/async - {"script":"<script> [2676 bytes]","args":[]}
RESULT: {"script":"<script> [2676 bytes]","args":[]}
COMMAND: POST /session/d26a4c962c30a62404c7ee6425a84c84/execute/async - {"script":"<script> [2342 bytes]","args":[{"protocol":"http","hostname":"0.0.0.0","path":"/","capabilities":{"browserName":"chrome","goog:chromeOptions":{"binary":"C:\\Program Files\\Google\\Chrome\\Application\\chrome.exe","args":["--start-maximized"]}},"logLevel":"warn","connectionRetryTimeout":120000,"connectionRetryCount":3,"logLevels":{},"enableDirectConnect":true,"strictSSL":true,"_":"65 more keys: [\"cacheDir\",\"port\",\"requestedCapabilities\",\"automationProtocol\",\"baseUrl\",\"waitforInterval\",\"waitforTimeout\",\"onReload\",\"beforeCommand\",\"afterCommand\",\"rootDir\",\"specs\",\"suites\",\"exclude\",\"groupLogsByTestSpec\",\"excludeDriverLogs\",\"bail\",\"framework\",\"reporters\",\"services\",\"maxInstances\",\"maxInstancesPerCapability\",\"injectGlobals\",\"filesToWatch\",\"execArgv\",\"runnerEnv\",\"runner\",\"shard\",\"specFileRetries\",\"specFileRetriesDelay\",\"specFileRetriesDeferred\",\"reporterSyncInterval\",\"reporterSyncTimeout\",\"cucumberFeaturesWithLineNumbers\",\"autoCompileOpts\",\"mochaOpts\",\"jasmineOpts\",\"cucumberOpts\",\"onPrepare\",\"onWorkerStart\",\"onWorkerEnd\",\"before\",\"beforeSession\",\"beforeSuite\",\"beforeHook\",\"beforeTest\",\"afterTest\",\"afterHook\",\"afterSuite\",\"afterSession\",\"after\",\"onComplete\",\"beforeAssertion\",\"afterAssertion\",\"beforeFeature\",\"beforeScenario\",\"beforeStep\",\"afterStep\",\"afterScenario\",\"afterFeature\",\"_\",\"suite\",\"$0\",\"ignoredWorkerServices\",\"wdi5\"]"}]}
RESULT: {"script":"<script> [2342 bytes]","args":[{"protocol":"http","hostname":"0.0.0.0","path":"/","capabilities":{"browserName":"chrome","goog:chromeOptions":{"binary":"C:\\Program Files\\Google\\Chrome\\Application\\chrome.exe","args":["--start-maximized"]}},"logLevel":"warn","connectionRetryTimeout":120000,"connectionRetryCount":3,"logLevels":{},"enableDirectConnect":true,"strictSSL":true,"_":"65 more keys: [\"cacheDir\",\"port\",\"requestedCapabilities\",\"automationProtocol\",\"baseUrl\",\"waitforInterval\",\"waitforTimeout\",\"onReload\",\"beforeCommand\",\"afterCommand\",\"rootDir\",\"specs\",\"suites\",\"exclude\",\"groupLogsByTestSpec\",\"excludeDriverLogs\",\"bail\",\"framework\",\"reporters\",\"services\",\"maxInstances\",\"maxInstancesPerCapability\",\"injectGlobals\",\"filesToWatch\",\"execArgv\",\"runnerEnv\",\"runner\",\"shard\",\"specFileRetries\",\"specFileRetriesDelay\",\"specFileRetriesDeferred\",\"reporterSyncInterval\",\"reporterSyncTimeout\",\"cucumberFeaturesWithLineNumbers\",\"autoCompileOpts\",\"mochaOpts\",\"jasmineOpts\",\"cucumberOpts\",\"onPrepare\",\"onWorkerStart\",\"onWorkerEnd\",\"before\",\"beforeSession\",\"beforeSuite\",\"beforeHook\",\"beforeTest\",\"afterTest\",\"afterHook\",\"afterSuite\",\"afterSession\",\"after\",\"onComplete\",\"beforeAssertion\",\"afterAssertion\",\"beforeFeature\",\"beforeScenario\",\"beforeStep\",\"afterStep\",\"afterScenario\",\"afterFeature\",\"_\",\"suite\",\"$0\",\"ignoredWorkerServices\",\"wdi5\"]"}]}
COMMAND: POST /session/d26a4c962c30a62404c7ee6425a84c84/execute/async - {"script":"<script> [21126 bytes]","args":[35000]}
RESULT: {"script":"<script> [21126 bytes]","args":[35000]}
]]></system-out>
    </testcase>
    <testcase classname="chrome.135_0_7049_96.windows.Create_2_RU_material_US118246" name="Create WHM material" time="181.138">
      <system-out><![CDATA[
COMMAND: POST /session/d26a4c962c30a62404c7ee6425a84c84/element - {"using":"xpath","value":"//button[@data-kt=\"addNewRUOverflowToolbarButton\"]"}
RESULT: {"using":"xpath","value":"//button[@data-kt=\"addNewRUOverflowToolbarButton\"]"}
COMMAND: POST /session/d26a4c962c30a62404c7ee6425a84c84/execute/sync - {"script":"<script> [8489 bytes]","args":[{"element-6066-11e4-a52e-4f735466cecf":"f.CB35230D0BEACCAB597F868E996E95B6.d.F10F9FDC3DDA1691029E7D3E68E278FF.e.7417","ELEMENT":"f.CB35230D0BEACCAB597F868E996E95B6.d.F10F9FDC3DDA1691029E7D3E68E278FF.e.7417"}]}
RESULT: {"script":"<script> [8489 bytes]","args":[{"element-6066-11e4-a52e-4f735466cecf":"f.CB35230D0BEACCAB597F868E996E95B6.d.F10F9FDC3DDA1691029E7D3E68E278FF.e.7417","ELEMENT":"f.CB35230D0BEACCAB597F868E996E95B6.d.F10F9FDC3DDA1691029E7D3E68E278FF.e.7417"}]}
COMMAND: POST /session/d26a4c962c30a62404c7ee6425a84c84/element/f.CB35230D0BEACCAB597F868E996E95B6.d.F10F9FDC3DDA1691029E7D3E68E278FF.e.7417/click - {}
COMMAND: GET /session/d26a4c962c30a62404c7ee6425a84c84/screenshot - {}
RESULT: {}
COMMAND: GET /session/d26a4c962c30a62404c7ee6425a84c84/screenshot - {}
RESULT: {}
RESULT: {}
COMMAND: POST /session/d26a4c962c30a62404c7ee6425a84c84/execute/async - {"script":"<script> [1562 bytes]","args":[{"selector":{"controlType":"sap.m.ComboBox","viewName":"reusables.view.manageresources.NewResourceUnit","viewId":"application-manageresources-display-component---newResourceUnit","bindingPath":{"path":"","propertyPath":"/RuTypes","modelName":"catalogModel"},"searchOpenDialogs":true},"wdio_ui5_key":"reusablesview.manageresources.NewResourceUnitsap.m.ComboBox{\"path\":\"\",\"propertyPath\":\"/RuTypes\",\"modelName\":\"catalogModel\"}"}]}
RESULT: {"script":"<script> [1562 bytes]","args":[{"selector":{"controlType":"sap.m.ComboBox","viewName":"reusables.view.manageresources.NewResourceUnit","viewId":"application-manageresources-display-component---newResourceUnit","bindingPath":{"path":"","propertyPath":"/RuTypes","modelName":"catalogModel"},"searchOpenDialogs":true},"wdio_ui5_key":"reusablesview.manageresources.NewResourceUnitsap.m.ComboBox{\"path\":\"\",\"propertyPath\":\"/RuTypes\",\"modelName\":\"catalogModel\"}"}]}
RESULT: undefined
COMMAND: POST /session/d26a4c962c30a62404c7ee6425a84c84/execute/async - {"script":"<script> [1562 bytes]","args":[{"selector":{"controlType":"sap.m.ComboBox","viewName":"reusables.view.manageresources.NewResourceUnit","viewId":"application-manageresources-display-component---newResourceUnit","bindingPath":{"path":"","propertyPath":"/Yards","modelName":"catalogModel"},"searchOpenDialogs":true},"wdio_ui5_key":"reusablesview.manageresources.NewResourceUnitsap.m.ComboBox{\"path\":\"\",\"propertyPath\":\"/Yards\",\"modelName\":\"catalogModel\"}"}]}
RESULT: {"script":"<script> [1562 bytes]","args":[{"selector":{"controlType":"sap.m.ComboBox","viewName":"reusables.view.manageresources.NewResourceUnit","viewId":"application-manageresources-display-component---newResourceUnit","bindingPath":{"path":"","propertyPath":"/Yards","modelName":"catalogModel"},"searchOpenDialogs":true},"wdio_ui5_key":"reusablesview.manageresources.NewResourceUnitsap.m.ComboBox{\"path\":\"\",\"propertyPath\":\"/Yards\",\"modelName\":\"catalogModel\"}"}]}
RESULT: undefined
COMMAND: POST /session/d26a4c962c30a62404c7ee6425a84c84/execute/async - {"script":"<script> [1562 bytes]","args":[{"selector":{"controlType":"etm.portal.ui.reusables.customControls.LiveSearchComboBox","viewName":"reusables.view.manageresources.NewResourceUnit","viewId":"application-manageresources-display-component---newResourceUnit","bindingPath":{"path":"","propertyPath":"/CatalogItems","modelName":"catalogModel"},"searchOpenDialogs":true},"wdio_ui5_key":"reusablesview.manageresources.NewResourceUnitetm.portal.ui.reusables.customControls.LiveSearchComboBox{\"path\":\"\",\"propertyPath\":\"/CatalogItems\",\"modelName\":\"catalogModel\"}"}]}
RESULT: {"script":"<script> [1562 bytes]","args":[{"selector":{"controlType":"etm.portal.ui.reusables.customControls.LiveSearchComboBox","viewName":"reusables.view.manageresources.NewResourceUnit","viewId":"application-manageresources-display-component---newResourceUnit","bindingPath":{"path":"","propertyPath":"/CatalogItems","modelName":"catalogModel"},"searchOpenDialogs":true},"wdio_ui5_key":"reusablesview.manageresources.NewResourceUnitetm.portal.ui.reusables.customControls.LiveSearchComboBox{\"path\":\"\",\"propertyPath\":\"/CatalogItems\",\"modelName\":\"catalogModel\"}"}]}
RESULT: undefined
COMMAND: POST /session/d26a4c962c30a62404c7ee6425a84c84/element - {"using":"xpath","value":"//bdi[text()=\"OK\"]"}
RESULT: {"using":"xpath","value":"//bdi[text()=\"OK\"]"}
COMMAND: POST /session/d26a4c962c30a62404c7ee6425a84c84/elements - {"using":"xpath","value":"//bdi[text()=\"OK\"]"}
RESULT: {"using":"xpath","value":"//bdi[text()=\"OK\"]"}
COMMAND: POST /session/d26a4c962c30a62404c7ee6425a84c84/elements - {"using":"xpath","value":"//bdi[text()=\"OK\"]"}
RESULT: {"using":"xpath","value":"//bdi[text()=\"OK\"]"}
COMMAND: POST /session/d26a4c962c30a62404c7ee6425a84c84/elements - {"using":"xpath","value":"//bdi[text()=\"OK\"]"}
RESULT: {"using":"xpath","value":"//bdi[text()=\"OK\"]"}
COMMAND: POST /session/d26a4c962c30a62404c7ee6425a84c84/elements - {"using":"xpath","value":"//bdi[text()=\"OK\"]"}
RESULT: {"using":"xpath","value":"//bdi[text()=\"OK\"]"}
COMMAND: POST /session/d26a4c962c30a62404c7ee6425a84c84/elements - {"using":"xpath","value":"//bdi[text()=\"OK\"]"}
RESULT: {"using":"xpath","value":"//bdi[text()=\"OK\"]"}
COMMAND: POST /session/d26a4c962c30a62404c7ee6425a84c84/elements - {"using":"xpath","value":"//bdi[text()=\"OK\"]"}
RESULT: {"using":"xpath","value":"//bdi[text()=\"OK\"]"}
COMMAND: POST /session/d26a4c962c30a62404c7ee6425a84c84/elements - {"using":"xpath","value":"//bdi[text()=\"OK\"]"}
RESULT: {"using":"xpath","value":"//bdi[text()=\"OK\"]"}
COMMAND: POST /session/d26a4c962c30a62404c7ee6425a84c84/elements - {"using":"xpath","value":"//bdi[text()=\"OK\"]"}
RESULT: {"using":"xpath","value":"//bdi[text()=\"OK\"]"}
COMMAND: POST /session/d26a4c962c30a62404c7ee6425a84c84/elements - {"using":"xpath","value":"//bdi[text()=\"OK\"]"}
RESULT: {"using":"xpath","value":"//bdi[text()=\"OK\"]"}
COMMAND: POST /session/d26a4c962c30a62404c7ee6425a84c84/elements - {"using":"xpath","value":"//bdi[text()=\"OK\"]"}
RESULT: {"using":"xpath","value":"//bdi[text()=\"OK\"]"}
COMMAND: POST /session/d26a4c962c30a62404c7ee6425a84c84/elements - {"using":"xpath","value":"//bdi[text()=\"OK\"]"}
RESULT: {"using":"xpath","value":"//bdi[text()=\"OK\"]"}
COMMAND: POST /session/d26a4c962c30a62404c7ee6425a84c84/elements - {"using":"xpath","value":"//bdi[text()=\"OK\"]"}
RESULT: {"using":"xpath","value":"//bdi[text()=\"OK\"]"}
COMMAND: POST /session/d26a4c962c30a62404c7ee6425a84c84/elements - {"using":"xpath","value":"//bdi[text()=\"OK\"]"}
RESULT: {"using":"xpath","value":"//bdi[text()=\"OK\"]"}
COMMAND: POST /session/d26a4c962c30a62404c7ee6425a84c84/elements - {"using":"xpath","value":"//bdi[text()=\"OK\"]"}
RESULT: {"using":"xpath","value":"//bdi[text()=\"OK\"]"}
COMMAND: POST /session/d26a4c962c30a62404c7ee6425a84c84/elements - {"using":"xpath","value":"//bdi[text()=\"OK\"]"}
RESULT: {"using":"xpath","value":"//bdi[text()=\"OK\"]"}
COMMAND: POST /session/d26a4c962c30a62404c7ee6425a84c84/elements - {"using":"xpath","value":"//bdi[text()=\"OK\"]"}
RESULT: {"using":"xpath","value":"//bdi[text()=\"OK\"]"}
COMMAND: POST /session/d26a4c962c30a62404c7ee6425a84c84/elements - {"using":"xpath","value":"//bdi[text()=\"OK\"]"}
RESULT: {"using":"xpath","value":"//bdi[text()=\"OK\"]"}
COMMAND: POST /session/d26a4c962c30a62404c7ee6425a84c84/elements - {"using":"xpath","value":"//bdi[text()=\"OK\"]"}
RESULT: {"using":"xpath","value":"//bdi[text()=\"OK\"]"}
COMMAND: POST /session/d26a4c962c30a62404c7ee6425a84c84/elements - {"using":"xpath","value":"//bdi[text()=\"OK\"]"}
RESULT: {"using":"xpath","value":"//bdi[text()=\"OK\"]"}
COMMAND: POST /session/d26a4c962c30a62404c7ee6425a84c84/elements - {"using":"xpath","value":"//bdi[text()=\"OK\"]"}
RESULT: {"using":"xpath","value":"//bdi[text()=\"OK\"]"}
COMMAND: POST /session/d26a4c962c30a62404c7ee6425a84c84/elements - {"using":"xpath","value":"//bdi[text()=\"OK\"]"}
RESULT: {"using":"xpath","value":"//bdi[text()=\"OK\"]"}
COMMAND: POST /session/d26a4c962c30a62404c7ee6425a84c84/elements - {"using":"xpath","value":"//bdi[text()=\"OK\"]"}
RESULT: {"using":"xpath","value":"//bdi[text()=\"OK\"]"}
COMMAND: POST /session/d26a4c962c30a62404c7ee6425a84c84/elements - {"using":"xpath","value":"//bdi[text()=\"OK\"]"}
RESULT: {"using":"xpath","value":"//bdi[text()=\"OK\"]"}
COMMAND: POST /session/d26a4c962c30a62404c7ee6425a84c84/elements - {"using":"xpath","value":"//bdi[text()=\"OK\"]"}
RESULT: {"using":"xpath","value":"//bdi[text()=\"OK\"]"}
COMMAND: POST /session/d26a4c962c30a62404c7ee6425a84c84/elements - {"using":"xpath","value":"//bdi[text()=\"OK\"]"}
RESULT: {"using":"xpath","value":"//bdi[text()=\"OK\"]"}
COMMAND: POST /session/d26a4c962c30a62404c7ee6425a84c84/elements - {"using":"xpath","value":"//bdi[text()=\"OK\"]"}
RESULT: {"using":"xpath","value":"//bdi[text()=\"OK\"]"}
COMMAND: POST /session/d26a4c962c30a62404c7ee6425a84c84/elements - {"using":"xpath","value":"//bdi[text()=\"OK\"]"}
RESULT: {"using":"xpath","value":"//bdi[text()=\"OK\"]"}
COMMAND: POST /session/d26a4c962c30a62404c7ee6425a84c84/elements - {"using":"xpath","value":"//bdi[text()=\"OK\"]"}
RESULT: {"using":"xpath","value":"//bdi[text()=\"OK\"]"}
COMMAND: POST /session/d26a4c962c30a62404c7ee6425a84c84/elements - {"using":"xpath","value":"//bdi[text()=\"OK\"]"}
RESULT: {"using":"xpath","value":"//bdi[text()=\"OK\"]"}
COMMAND: POST /session/d26a4c962c30a62404c7ee6425a84c84/elements - {"using":"xpath","value":"//bdi[text()=\"OK\"]"}
RESULT: {"using":"xpath","value":"//bdi[text()=\"OK\"]"}
COMMAND: POST /session/d26a4c962c30a62404c7ee6425a84c84/elements - {"using":"xpath","value":"//bdi[text()=\"OK\"]"}
RESULT: {"using":"xpath","value":"//bdi[text()=\"OK\"]"}
COMMAND: POST /session/d26a4c962c30a62404c7ee6425a84c84/elements - {"using":"xpath","value":"//bdi[text()=\"OK\"]"}
RESULT: {"using":"xpath","value":"//bdi[text()=\"OK\"]"}
COMMAND: POST /session/d26a4c962c30a62404c7ee6425a84c84/elements - {"using":"xpath","value":"//bdi[text()=\"OK\"]"}
RESULT: {"using":"xpath","value":"//bdi[text()=\"OK\"]"}
COMMAND: POST /session/d26a4c962c30a62404c7ee6425a84c84/elements - {"using":"xpath","value":"//bdi[text()=\"OK\"]"}
RESULT: {"using":"xpath","value":"//bdi[text()=\"OK\"]"}
COMMAND: POST /session/d26a4c962c30a62404c7ee6425a84c84/elements - {"using":"xpath","value":"//bdi[text()=\"OK\"]"}
RESULT: {"using":"xpath","value":"//bdi[text()=\"OK\"]"}
COMMAND: POST /session/d26a4c962c30a62404c7ee6425a84c84/elements - {"using":"xpath","value":"//bdi[text()=\"OK\"]"}
RESULT: {"using":"xpath","value":"//bdi[text()=\"OK\"]"}
COMMAND: POST /session/d26a4c962c30a62404c7ee6425a84c84/elements - {"using":"xpath","value":"//bdi[text()=\"OK\"]"}
RESULT: {"using":"xpath","value":"//bdi[text()=\"OK\"]"}
COMMAND: POST /session/d26a4c962c30a62404c7ee6425a84c84/elements - {"using":"xpath","value":"//bdi[text()=\"OK\"]"}
RESULT: {"using":"xpath","value":"//bdi[text()=\"OK\"]"}
COMMAND: POST /session/d26a4c962c30a62404c7ee6425a84c84/elements - {"using":"xpath","value":"//bdi[text()=\"OK\"]"}
RESULT: {"using":"xpath","value":"//bdi[text()=\"OK\"]"}
COMMAND: POST /session/d26a4c962c30a62404c7ee6425a84c84/elements - {"using":"xpath","value":"//bdi[text()=\"OK\"]"}
RESULT: {"using":"xpath","value":"//bdi[text()=\"OK\"]"}
COMMAND: POST /session/d26a4c962c30a62404c7ee6425a84c84/elements - {"using":"xpath","value":"//bdi[text()=\"OK\"]"}
RESULT: {"using":"xpath","value":"//bdi[text()=\"OK\"]"}
COMMAND: POST /session/d26a4c962c30a62404c7ee6425a84c84/elements - {"using":"xpath","value":"//bdi[text()=\"OK\"]"}
RESULT: {"using":"xpath","value":"//bdi[text()=\"OK\"]"}
COMMAND: POST /session/d26a4c962c30a62404c7ee6425a84c84/elements - {"using":"xpath","value":"//bdi[text()=\"OK\"]"}
RESULT: {"using":"xpath","value":"//bdi[text()=\"OK\"]"}
COMMAND: POST /session/d26a4c962c30a62404c7ee6425a84c84/elements - {"using":"xpath","value":"//bdi[text()=\"OK\"]"}
RESULT: {"using":"xpath","value":"//bdi[text()=\"OK\"]"}
COMMAND: POST /session/d26a4c962c30a62404c7ee6425a84c84/elements - {"using":"xpath","value":"//bdi[text()=\"OK\"]"}
RESULT: {"using":"xpath","value":"//bdi[text()=\"OK\"]"}
COMMAND: POST /session/d26a4c962c30a62404c7ee6425a84c84/elements - {"using":"xpath","value":"//bdi[text()=\"OK\"]"}
RESULT: {"using":"xpath","value":"//bdi[text()=\"OK\"]"}
COMMAND: POST /session/d26a4c962c30a62404c7ee6425a84c84/elements - {"using":"xpath","value":"//bdi[text()=\"OK\"]"}
RESULT: {"using":"xpath","value":"//bdi[text()=\"OK\"]"}
COMMAND: POST /session/d26a4c962c30a62404c7ee6425a84c84/elements - {"using":"xpath","value":"//bdi[text()=\"OK\"]"}
RESULT: {"using":"xpath","value":"//bdi[text()=\"OK\"]"}
COMMAND: POST /session/d26a4c962c30a62404c7ee6425a84c84/elements - {"using":"xpath","value":"//bdi[text()=\"OK\"]"}
RESULT: {"using":"xpath","value":"//bdi[text()=\"OK\"]"}
COMMAND: POST /session/d26a4c962c30a62404c7ee6425a84c84/elements - {"using":"xpath","value":"//bdi[text()=\"OK\"]"}
RESULT: {"using":"xpath","value":"//bdi[text()=\"OK\"]"}
COMMAND: POST /session/d26a4c962c30a62404c7ee6425a84c84/elements - {"using":"xpath","value":"//bdi[text()=\"OK\"]"}
RESULT: {"using":"xpath","value":"//bdi[text()=\"OK\"]"}
COMMAND: POST /session/d26a4c962c30a62404c7ee6425a84c84/elements - {"using":"xpath","value":"//bdi[text()=\"OK\"]"}
RESULT: {"using":"xpath","value":"//bdi[text()=\"OK\"]"}
COMMAND: POST /session/d26a4c962c30a62404c7ee6425a84c84/elements - {"using":"xpath","value":"//bdi[text()=\"OK\"]"}
RESULT: {"using":"xpath","value":"//bdi[text()=\"OK\"]"}
COMMAND: POST /session/d26a4c962c30a62404c7ee6425a84c84/elements - {"using":"xpath","value":"//bdi[text()=\"OK\"]"}
RESULT: {"using":"xpath","value":"//bdi[text()=\"OK\"]"}
COMMAND: POST /session/d26a4c962c30a62404c7ee6425a84c84/elements - {"using":"xpath","value":"//bdi[text()=\"OK\"]"}
RESULT: {"using":"xpath","value":"//bdi[text()=\"OK\"]"}
COMMAND: POST /session/d26a4c962c30a62404c7ee6425a84c84/elements - {"using":"xpath","value":"//bdi[text()=\"OK\"]"}
RESULT: {"using":"xpath","value":"//bdi[text()=\"OK\"]"}
COMMAND: POST /session/d26a4c962c30a62404c7ee6425a84c84/elements - {"using":"xpath","value":"//bdi[text()=\"OK\"]"}
RESULT: {"using":"xpath","value":"//bdi[text()=\"OK\"]"}
COMMAND: POST /session/d26a4c962c30a62404c7ee6425a84c84/elements - {"using":"xpath","value":"//bdi[text()=\"OK\"]"}
RESULT: {"using":"xpath","value":"//bdi[text()=\"OK\"]"}
COMMAND: POST /session/d26a4c962c30a62404c7ee6425a84c84/elements - {"using":"xpath","value":"//bdi[text()=\"OK\"]"}
RESULT: {"using":"xpath","value":"//bdi[text()=\"OK\"]"}
COMMAND: POST /session/d26a4c962c30a62404c7ee6425a84c84/elements - {"using":"xpath","value":"//bdi[text()=\"OK\"]"}
RESULT: {"using":"xpath","value":"//bdi[text()=\"OK\"]"}
COMMAND: POST /session/d26a4c962c30a62404c7ee6425a84c84/elements - {"using":"xpath","value":"//bdi[text()=\"OK\"]"}
RESULT: {"using":"xpath","value":"//bdi[text()=\"OK\"]"}
COMMAND: POST /session/d26a4c962c30a62404c7ee6425a84c84/elements - {"using":"xpath","value":"//bdi[text()=\"OK\"]"}
RESULT: {"using":"xpath","value":"//bdi[text()=\"OK\"]"}
COMMAND: POST /session/d26a4c962c30a62404c7ee6425a84c84/elements - {"using":"xpath","value":"//bdi[text()=\"OK\"]"}
RESULT: {"using":"xpath","value":"//bdi[text()=\"OK\"]"}
COMMAND: POST /session/d26a4c962c30a62404c7ee6425a84c84/elements - {"using":"xpath","value":"//bdi[text()=\"OK\"]"}
RESULT: {"using":"xpath","value":"//bdi[text()=\"OK\"]"}
COMMAND: POST /session/d26a4c962c30a62404c7ee6425a84c84/elements - {"using":"xpath","value":"//bdi[text()=\"OK\"]"}
RESULT: {"using":"xpath","value":"//bdi[text()=\"OK\"]"}
COMMAND: POST /session/d26a4c962c30a62404c7ee6425a84c84/elements - {"using":"xpath","value":"//bdi[text()=\"OK\"]"}
RESULT: {"using":"xpath","value":"//bdi[text()=\"OK\"]"}
COMMAND: POST /session/d26a4c962c30a62404c7ee6425a84c84/elements - {"using":"xpath","value":"//bdi[text()=\"OK\"]"}
RESULT: {"using":"xpath","value":"//bdi[text()=\"OK\"]"}
COMMAND: POST /session/d26a4c962c30a62404c7ee6425a84c84/elements - {"using":"xpath","value":"//bdi[text()=\"OK\"]"}
RESULT: {"using":"xpath","value":"//bdi[text()=\"OK\"]"}
COMMAND: POST /session/d26a4c962c30a62404c7ee6425a84c84/elements - {"using":"xpath","value":"//bdi[text()=\"OK\"]"}
RESULT: {"using":"xpath","value":"//bdi[text()=\"OK\"]"}
COMMAND: POST /session/d26a4c962c30a62404c7ee6425a84c84/elements - {"using":"xpath","value":"//bdi[text()=\"OK\"]"}
RESULT: {"using":"xpath","value":"//bdi[text()=\"OK\"]"}
COMMAND: POST /session/d26a4c962c30a62404c7ee6425a84c84/elements - {"using":"xpath","value":"//bdi[text()=\"OK\"]"}
RESULT: {"using":"xpath","value":"//bdi[text()=\"OK\"]"}
COMMAND: POST /session/d26a4c962c30a62404c7ee6425a84c84/elements - {"using":"xpath","value":"//bdi[text()=\"OK\"]"}
RESULT: {"using":"xpath","value":"//bdi[text()=\"OK\"]"}
COMMAND: POST /session/d26a4c962c30a62404c7ee6425a84c84/elements - {"using":"xpath","value":"//bdi[text()=\"OK\"]"}
RESULT: {"using":"xpath","value":"//bdi[text()=\"OK\"]"}
COMMAND: POST /session/d26a4c962c30a62404c7ee6425a84c84/elements - {"using":"xpath","value":"//bdi[text()=\"OK\"]"}
RESULT: {"using":"xpath","value":"//bdi[text()=\"OK\"]"}
COMMAND: POST /session/d26a4c962c30a62404c7ee6425a84c84/elements - {"using":"xpath","value":"//bdi[text()=\"OK\"]"}
RESULT: {"using":"xpath","value":"//bdi[text()=\"OK\"]"}
COMMAND: POST /session/d26a4c962c30a62404c7ee6425a84c84/elements - {"using":"xpath","value":"//bdi[text()=\"OK\"]"}
RESULT: {"using":"xpath","value":"//bdi[text()=\"OK\"]"}
COMMAND: POST /session/d26a4c962c30a62404c7ee6425a84c84/elements - {"using":"xpath","value":"//bdi[text()=\"OK\"]"}
RESULT: {"using":"xpath","value":"//bdi[text()=\"OK\"]"}
COMMAND: POST /session/d26a4c962c30a62404c7ee6425a84c84/elements - {"using":"xpath","value":"//bdi[text()=\"OK\"]"}
RESULT: {"using":"xpath","value":"//bdi[text()=\"OK\"]"}
COMMAND: POST /session/d26a4c962c30a62404c7ee6425a84c84/elements - {"using":"xpath","value":"//bdi[text()=\"OK\"]"}
RESULT: {"using":"xpath","value":"//bdi[text()=\"OK\"]"}
COMMAND: POST /session/d26a4c962c30a62404c7ee6425a84c84/elements - {"using":"xpath","value":"//bdi[text()=\"OK\"]"}
RESULT: {"using":"xpath","value":"//bdi[text()=\"OK\"]"}
COMMAND: POST /session/d26a4c962c30a62404c7ee6425a84c84/elements - {"using":"xpath","value":"//bdi[text()=\"OK\"]"}
RESULT: {"using":"xpath","value":"//bdi[text()=\"OK\"]"}
COMMAND: POST /session/d26a4c962c30a62404c7ee6425a84c84/elements - {"using":"xpath","value":"//bdi[text()=\"OK\"]"}
RESULT: {"using":"xpath","value":"//bdi[text()=\"OK\"]"}
COMMAND: POST /session/d26a4c962c30a62404c7ee6425a84c84/elements - {"using":"xpath","value":"//bdi[text()=\"OK\"]"}
RESULT: {"using":"xpath","value":"//bdi[text()=\"OK\"]"}
COMMAND: POST /session/d26a4c962c30a62404c7ee6425a84c84/elements - {"using":"xpath","value":"//bdi[text()=\"OK\"]"}
RESULT: {"using":"xpath","value":"//bdi[text()=\"OK\"]"}
COMMAND: POST /session/d26a4c962c30a62404c7ee6425a84c84/elements - {"using":"xpath","value":"//bdi[text()=\"OK\"]"}
RESULT: {"using":"xpath","value":"//bdi[text()=\"OK\"]"}
COMMAND: POST /session/d26a4c962c30a62404c7ee6425a84c84/elements - {"using":"xpath","value":"//bdi[text()=\"OK\"]"}
RESULT: {"using":"xpath","value":"//bdi[text()=\"OK\"]"}
COMMAND: POST /session/d26a4c962c30a62404c7ee6425a84c84/elements - {"using":"xpath","value":"//bdi[text()=\"OK\"]"}
RESULT: {"using":"xpath","value":"//bdi[text()=\"OK\"]"}
COMMAND: POST /session/d26a4c962c30a62404c7ee6425a84c84/elements - {"using":"xpath","value":"//bdi[text()=\"OK\"]"}
RESULT: {"using":"xpath","value":"//bdi[text()=\"OK\"]"}
COMMAND: POST /session/d26a4c962c30a62404c7ee6425a84c84/elements - {"using":"xpath","value":"//bdi[text()=\"OK\"]"}
RESULT: {"using":"xpath","value":"//bdi[text()=\"OK\"]"}
COMMAND: POST /session/d26a4c962c30a62404c7ee6425a84c84/elements - {"using":"xpath","value":"//bdi[text()=\"OK\"]"}
RESULT: {"using":"xpath","value":"//bdi[text()=\"OK\"]"}
COMMAND: POST /session/d26a4c962c30a62404c7ee6425a84c84/elements - {"using":"xpath","value":"//bdi[text()=\"OK\"]"}
RESULT: {"using":"xpath","value":"//bdi[text()=\"OK\"]"}
COMMAND: POST /session/d26a4c962c30a62404c7ee6425a84c84/elements - {"using":"xpath","value":"//bdi[text()=\"OK\"]"}
RESULT: {"using":"xpath","value":"//bdi[text()=\"OK\"]"}
COMMAND: POST /session/d26a4c962c30a62404c7ee6425a84c84/elements - {"using":"xpath","value":"//bdi[text()=\"OK\"]"}
RESULT: {"using":"xpath","value":"//bdi[text()=\"OK\"]"}
COMMAND: POST /session/d26a4c962c30a62404c7ee6425a84c84/elements - {"using":"xpath","value":"//bdi[text()=\"OK\"]"}
RESULT: {"using":"xpath","value":"//bdi[text()=\"OK\"]"}
COMMAND: POST /session/d26a4c962c30a62404c7ee6425a84c84/elements - {"using":"xpath","value":"//bdi[text()=\"OK\"]"}
RESULT: {"using":"xpath","value":"//bdi[text()=\"OK\"]"}
COMMAND: POST /session/d26a4c962c30a62404c7ee6425a84c84/elements - {"using":"xpath","value":"//bdi[text()=\"OK\"]"}
RESULT: {"using":"xpath","value":"//bdi[text()=\"OK\"]"}
COMMAND: POST /session/d26a4c962c30a62404c7ee6425a84c84/elements - {"using":"xpath","value":"//bdi[text()=\"OK\"]"}
RESULT: {"using":"xpath","value":"//bdi[text()=\"OK\"]"}
COMMAND: POST /session/d26a4c962c30a62404c7ee6425a84c84/elements - {"using":"xpath","value":"//bdi[text()=\"OK\"]"}
RESULT: {"using":"xpath","value":"//bdi[text()=\"OK\"]"}
COMMAND: POST /session/d26a4c962c30a62404c7ee6425a84c84/elements - {"using":"xpath","value":"//bdi[text()=\"OK\"]"}
RESULT: {"using":"xpath","value":"//bdi[text()=\"OK\"]"}
COMMAND: POST /session/d26a4c962c30a62404c7ee6425a84c84/elements - {"using":"xpath","value":"//bdi[text()=\"OK\"]"}
RESULT: {"using":"xpath","value":"//bdi[text()=\"OK\"]"}
COMMAND: POST /session/d26a4c962c30a62404c7ee6425a84c84/elements - {"using":"xpath","value":"//bdi[text()=\"OK\"]"}
RESULT: {"using":"xpath","value":"//bdi[text()=\"OK\"]"}
COMMAND: POST /session/d26a4c962c30a62404c7ee6425a84c84/elements - {"using":"xpath","value":"//bdi[text()=\"OK\"]"}
RESULT: {"using":"xpath","value":"//bdi[text()=\"OK\"]"}
COMMAND: POST /session/d26a4c962c30a62404c7ee6425a84c84/elements - {"using":"xpath","value":"//bdi[text()=\"OK\"]"}
RESULT: {"using":"xpath","value":"//bdi[text()=\"OK\"]"}
COMMAND: POST /session/d26a4c962c30a62404c7ee6425a84c84/elements - {"using":"xpath","value":"//bdi[text()=\"OK\"]"}
RESULT: {"using":"xpath","value":"//bdi[text()=\"OK\"]"}
COMMAND: POST /session/d26a4c962c30a62404c7ee6425a84c84/elements - {"using":"xpath","value":"//bdi[text()=\"OK\"]"}
RESULT: {"using":"xpath","value":"//bdi[text()=\"OK\"]"}
COMMAND: POST /session/d26a4c962c30a62404c7ee6425a84c84/elements - {"using":"xpath","value":"//bdi[text()=\"OK\"]"}
RESULT: {"using":"xpath","value":"//bdi[text()=\"OK\"]"}
COMMAND: POST /session/d26a4c962c30a62404c7ee6425a84c84/elements - {"using":"xpath","value":"//bdi[text()=\"OK\"]"}
RESULT: {"using":"xpath","value":"//bdi[text()=\"OK\"]"}
COMMAND: POST /session/d26a4c962c30a62404c7ee6425a84c84/elements - {"using":"xpath","value":"//bdi[text()=\"OK\"]"}
RESULT: {"using":"xpath","value":"//bdi[text()=\"OK\"]"}
COMMAND: POST /session/d26a4c962c30a62404c7ee6425a84c84/elements - {"using":"xpath","value":"//bdi[text()=\"OK\"]"}
RESULT: {"using":"xpath","value":"//bdi[text()=\"OK\"]"}
COMMAND: POST /session/d26a4c962c30a62404c7ee6425a84c84/elements - {"using":"xpath","value":"//bdi[text()=\"OK\"]"}
RESULT: {"using":"xpath","value":"//bdi[text()=\"OK\"]"}
COMMAND: POST /session/d26a4c962c30a62404c7ee6425a84c84/elements - {"using":"xpath","value":"//bdi[text()=\"OK\"]"}
RESULT: {"using":"xpath","value":"//bdi[text()=\"OK\"]"}
COMMAND: POST /session/d26a4c962c30a62404c7ee6425a84c84/elements - {"using":"xpath","value":"//bdi[text()=\"OK\"]"}
RESULT: {"using":"xpath","value":"//bdi[text()=\"OK\"]"}
COMMAND: POST /session/d26a4c962c30a62404c7ee6425a84c84/elements - {"using":"xpath","value":"//bdi[text()=\"OK\"]"}
RESULT: {"using":"xpath","value":"//bdi[text()=\"OK\"]"}
COMMAND: POST /session/d26a4c962c30a62404c7ee6425a84c84/elements - {"using":"xpath","value":"//bdi[text()=\"OK\"]"}
RESULT: {"using":"xpath","value":"//bdi[text()=\"OK\"]"}
COMMAND: POST /session/d26a4c962c30a62404c7ee6425a84c84/elements - {"using":"xpath","value":"//bdi[text()=\"OK\"]"}
RESULT: {"using":"xpath","value":"//bdi[text()=\"OK\"]"}
COMMAND: POST /session/d26a4c962c30a62404c7ee6425a84c84/elements - {"using":"xpath","value":"//bdi[text()=\"OK\"]"}
RESULT: {"using":"xpath","value":"//bdi[text()=\"OK\"]"}
COMMAND: POST /session/d26a4c962c30a62404c7ee6425a84c84/elements - {"using":"xpath","value":"//bdi[text()=\"OK\"]"}
RESULT: {"using":"xpath","value":"//bdi[text()=\"OK\"]"}
COMMAND: POST /session/d26a4c962c30a62404c7ee6425a84c84/elements - {"using":"xpath","value":"//bdi[text()=\"OK\"]"}
RESULT: {"using":"xpath","value":"//bdi[text()=\"OK\"]"}
COMMAND: POST /session/d26a4c962c30a62404c7ee6425a84c84/elements - {"using":"xpath","value":"//bdi[text()=\"OK\"]"}
RESULT: {"using":"xpath","value":"//bdi[text()=\"OK\"]"}
COMMAND: POST /session/d26a4c962c30a62404c7ee6425a84c84/elements - {"using":"xpath","value":"//bdi[text()=\"OK\"]"}
RESULT: {"using":"xpath","value":"//bdi[text()=\"OK\"]"}
COMMAND: POST /session/d26a4c962c30a62404c7ee6425a84c84/elements - {"using":"xpath","value":"//bdi[text()=\"OK\"]"}
COMMAND: POST /session/d26a4c962c30a62404c7ee6425a84c84/element - {"using":"xpath","value":"//bdi[text()=\"OK\"]"}
RESULT: {"using":"xpath","value":"//bdi[text()=\"OK\"]"}
RESULT: {"using":"xpath","value":"//bdi[text()=\"OK\"]"}
COMMAND: POST /session/d26a4c962c30a62404c7ee6425a84c84/elements - {"using":"xpath","value":"//bdi[text()=\"OK\"]"}
RESULT: {"using":"xpath","value":"//bdi[text()=\"OK\"]"}
COMMAND: POST /session/d26a4c962c30a62404c7ee6425a84c84/elements - {"using":"xpath","value":"//bdi[text()=\"OK\"]"}
RESULT: {"using":"xpath","value":"//bdi[text()=\"OK\"]"}
COMMAND: POST /session/d26a4c962c30a62404c7ee6425a84c84/elements - {"using":"xpath","value":"//bdi[text()=\"OK\"]"}
RESULT: {"using":"xpath","value":"//bdi[text()=\"OK\"]"}
COMMAND: POST /session/d26a4c962c30a62404c7ee6425a84c84/elements - {"using":"xpath","value":"//bdi[text()=\"OK\"]"}
RESULT: {"using":"xpath","value":"//bdi[text()=\"OK\"]"}
COMMAND: POST /session/d26a4c962c30a62404c7ee6425a84c84/elements - {"using":"xpath","value":"//bdi[text()=\"OK\"]"}
RESULT: {"using":"xpath","value":"//bdi[text()=\"OK\"]"}
COMMAND: POST /session/d26a4c962c30a62404c7ee6425a84c84/elements - {"using":"xpath","value":"//bdi[text()=\"OK\"]"}
RESULT: {"using":"xpath","value":"//bdi[text()=\"OK\"]"}
COMMAND: POST /session/d26a4c962c30a62404c7ee6425a84c84/elements - {"using":"xpath","value":"//bdi[text()=\"OK\"]"}
RESULT: {"using":"xpath","value":"//bdi[text()=\"OK\"]"}
COMMAND: POST /session/d26a4c962c30a62404c7ee6425a84c84/elements - {"using":"xpath","value":"//bdi[text()=\"OK\"]"}
RESULT: {"using":"xpath","value":"//bdi[text()=\"OK\"]"}
COMMAND: POST /session/d26a4c962c30a62404c7ee6425a84c84/elements - {"using":"xpath","value":"//bdi[text()=\"OK\"]"}
RESULT: {"using":"xpath","value":"//bdi[text()=\"OK\"]"}
COMMAND: POST /session/d26a4c962c30a62404c7ee6425a84c84/elements - {"using":"xpath","value":"//bdi[text()=\"OK\"]"}
RESULT: {"using":"xpath","value":"//bdi[text()=\"OK\"]"}
COMMAND: POST /session/d26a4c962c30a62404c7ee6425a84c84/elements - {"using":"xpath","value":"//bdi[text()=\"OK\"]"}
RESULT: {"using":"xpath","value":"//bdi[text()=\"OK\"]"}
COMMAND: POST /session/d26a4c962c30a62404c7ee6425a84c84/elements - {"using":"xpath","value":"//bdi[text()=\"OK\"]"}
RESULT: {"using":"xpath","value":"//bdi[text()=\"OK\"]"}
COMMAND: POST /session/d26a4c962c30a62404c7ee6425a84c84/elements - {"using":"xpath","value":"//bdi[text()=\"OK\"]"}
RESULT: {"using":"xpath","value":"//bdi[text()=\"OK\"]"}
COMMAND: POST /session/d26a4c962c30a62404c7ee6425a84c84/elements - {"using":"xpath","value":"//bdi[text()=\"OK\"]"}
RESULT: {"using":"xpath","value":"//bdi[text()=\"OK\"]"}
COMMAND: POST /session/d26a4c962c30a62404c7ee6425a84c84/elements - {"using":"xpath","value":"//bdi[text()=\"OK\"]"}
RESULT: {"using":"xpath","value":"//bdi[text()=\"OK\"]"}
COMMAND: POST /session/d26a4c962c30a62404c7ee6425a84c84/elements - {"using":"xpath","value":"//bdi[text()=\"OK\"]"}
RESULT: {"using":"xpath","value":"//bdi[text()=\"OK\"]"}
COMMAND: POST /session/d26a4c962c30a62404c7ee6425a84c84/elements - {"using":"xpath","value":"//bdi[text()=\"OK\"]"}
RESULT: {"using":"xpath","value":"//bdi[text()=\"OK\"]"}
COMMAND: POST /session/d26a4c962c30a62404c7ee6425a84c84/elements - {"using":"xpath","value":"//bdi[text()=\"OK\"]"}
RESULT: {"using":"xpath","value":"//bdi[text()=\"OK\"]"}
COMMAND: POST /session/d26a4c962c30a62404c7ee6425a84c84/elements - {"using":"xpath","value":"//bdi[text()=\"OK\"]"}
RESULT: {"using":"xpath","value":"//bdi[text()=\"OK\"]"}
COMMAND: POST /session/d26a4c962c30a62404c7ee6425a84c84/elements - {"using":"xpath","value":"//bdi[text()=\"OK\"]"}
RESULT: {"using":"xpath","value":"//bdi[text()=\"OK\"]"}
COMMAND: POST /session/d26a4c962c30a62404c7ee6425a84c84/elements - {"using":"xpath","value":"//bdi[text()=\"OK\"]"}
RESULT: {"using":"xpath","value":"//bdi[text()=\"OK\"]"}
COMMAND: POST /session/d26a4c962c30a62404c7ee6425a84c84/elements - {"using":"xpath","value":"//bdi[text()=\"OK\"]"}
RESULT: {"using":"xpath","value":"//bdi[text()=\"OK\"]"}
COMMAND: POST /session/d26a4c962c30a62404c7ee6425a84c84/elements - {"using":"xpath","value":"//bdi[text()=\"OK\"]"}
RESULT: {"using":"xpath","value":"//bdi[text()=\"OK\"]"}
COMMAND: POST /session/d26a4c962c30a62404c7ee6425a84c84/elements - {"using":"xpath","value":"//bdi[text()=\"OK\"]"}
RESULT: {"using":"xpath","value":"//bdi[text()=\"OK\"]"}
COMMAND: POST /session/d26a4c962c30a62404c7ee6425a84c84/elements - {"using":"xpath","value":"//bdi[text()=\"OK\"]"}
RESULT: {"using":"xpath","value":"//bdi[text()=\"OK\"]"}
COMMAND: POST /session/d26a4c962c30a62404c7ee6425a84c84/elements - {"using":"xpath","value":"//bdi[text()=\"OK\"]"}
RESULT: {"using":"xpath","value":"//bdi[text()=\"OK\"]"}
COMMAND: POST /session/d26a4c962c30a62404c7ee6425a84c84/elements - {"using":"xpath","value":"//bdi[text()=\"OK\"]"}
RESULT: {"using":"xpath","value":"//bdi[text()=\"OK\"]"}
COMMAND: POST /session/d26a4c962c30a62404c7ee6425a84c84/elements - {"using":"xpath","value":"//bdi[text()=\"OK\"]"}
RESULT: {"using":"xpath","value":"//bdi[text()=\"OK\"]"}
COMMAND: POST /session/d26a4c962c30a62404c7ee6425a84c84/elements - {"using":"xpath","value":"//bdi[text()=\"OK\"]"}
RESULT: {"using":"xpath","value":"//bdi[text()=\"OK\"]"}
COMMAND: POST /session/d26a4c962c30a62404c7ee6425a84c84/elements - {"using":"xpath","value":"//bdi[text()=\"OK\"]"}
RESULT: {"using":"xpath","value":"//bdi[text()=\"OK\"]"}
COMMAND: POST /session/d26a4c962c30a62404c7ee6425a84c84/elements - {"using":"xpath","value":"//bdi[text()=\"OK\"]"}
RESULT: {"using":"xpath","value":"//bdi[text()=\"OK\"]"}
COMMAND: POST /session/d26a4c962c30a62404c7ee6425a84c84/elements - {"using":"xpath","value":"//bdi[text()=\"OK\"]"}
RESULT: {"using":"xpath","value":"//bdi[text()=\"OK\"]"}
COMMAND: POST /session/d26a4c962c30a62404c7ee6425a84c84/elements - {"using":"xpath","value":"//bdi[text()=\"OK\"]"}
RESULT: {"using":"xpath","value":"//bdi[text()=\"OK\"]"}
COMMAND: POST /session/d26a4c962c30a62404c7ee6425a84c84/elements - {"using":"xpath","value":"//bdi[text()=\"OK\"]"}
RESULT: {"using":"xpath","value":"//bdi[text()=\"OK\"]"}
COMMAND: POST /session/d26a4c962c30a62404c7ee6425a84c84/elements - {"using":"xpath","value":"//bdi[text()=\"OK\"]"}
RESULT: {"using":"xpath","value":"//bdi[text()=\"OK\"]"}
COMMAND: POST /session/d26a4c962c30a62404c7ee6425a84c84/elements - {"using":"xpath","value":"//bdi[text()=\"OK\"]"}
RESULT: {"using":"xpath","value":"//bdi[text()=\"OK\"]"}
COMMAND: POST /session/d26a4c962c30a62404c7ee6425a84c84/elements - {"using":"xpath","value":"//bdi[text()=\"OK\"]"}
RESULT: {"using":"xpath","value":"//bdi[text()=\"OK\"]"}
COMMAND: POST /session/d26a4c962c30a62404c7ee6425a84c84/elements - {"using":"xpath","value":"//bdi[text()=\"OK\"]"}
RESULT: {"using":"xpath","value":"//bdi[text()=\"OK\"]"}
COMMAND: POST /session/d26a4c962c30a62404c7ee6425a84c84/elements - {"using":"xpath","value":"//bdi[text()=\"OK\"]"}
RESULT: {"using":"xpath","value":"//bdi[text()=\"OK\"]"}
COMMAND: POST /session/d26a4c962c30a62404c7ee6425a84c84/elements - {"using":"xpath","value":"//bdi[text()=\"OK\"]"}
RESULT: {"using":"xpath","value":"//bdi[text()=\"OK\"]"}
COMMAND: POST /session/d26a4c962c30a62404c7ee6425a84c84/elements - {"using":"xpath","value":"//bdi[text()=\"OK\"]"}
RESULT: {"using":"xpath","value":"//bdi[text()=\"OK\"]"}
COMMAND: POST /session/d26a4c962c30a62404c7ee6425a84c84/elements - {"using":"xpath","value":"//bdi[text()=\"OK\"]"}
RESULT: {"using":"xpath","value":"//bdi[text()=\"OK\"]"}
COMMAND: POST /session/d26a4c962c30a62404c7ee6425a84c84/elements - {"using":"xpath","value":"//bdi[text()=\"OK\"]"}
RESULT: {"using":"xpath","value":"//bdi[text()=\"OK\"]"}
COMMAND: POST /session/d26a4c962c30a62404c7ee6425a84c84/elements - {"using":"xpath","value":"//bdi[text()=\"OK\"]"}
RESULT: {"using":"xpath","value":"//bdi[text()=\"OK\"]"}
COMMAND: POST /session/d26a4c962c30a62404c7ee6425a84c84/elements - {"using":"xpath","value":"//bdi[text()=\"OK\"]"}
RESULT: {"using":"xpath","value":"//bdi[text()=\"OK\"]"}
COMMAND: POST /session/d26a4c962c30a62404c7ee6425a84c84/elements - {"using":"xpath","value":"//bdi[text()=\"OK\"]"}
RESULT: {"using":"xpath","value":"//bdi[text()=\"OK\"]"}
COMMAND: POST /session/d26a4c962c30a62404c7ee6425a84c84/elements - {"using":"xpath","value":"//bdi[text()=\"OK\"]"}
RESULT: {"using":"xpath","value":"//bdi[text()=\"OK\"]"}
COMMAND: POST /session/d26a4c962c30a62404c7ee6425a84c84/elements - {"using":"xpath","value":"//bdi[text()=\"OK\"]"}
RESULT: {"using":"xpath","value":"//bdi[text()=\"OK\"]"}
COMMAND: POST /session/d26a4c962c30a62404c7ee6425a84c84/elements - {"using":"xpath","value":"//bdi[text()=\"OK\"]"}
RESULT: {"using":"xpath","value":"//bdi[text()=\"OK\"]"}
COMMAND: POST /session/d26a4c962c30a62404c7ee6425a84c84/elements - {"using":"xpath","value":"//bdi[text()=\"OK\"]"}
RESULT: {"using":"xpath","value":"//bdi[text()=\"OK\"]"}
COMMAND: POST /session/d26a4c962c30a62404c7ee6425a84c84/elements - {"using":"xpath","value":"//bdi[text()=\"OK\"]"}
RESULT: {"using":"xpath","value":"//bdi[text()=\"OK\"]"}
COMMAND: POST /session/d26a4c962c30a62404c7ee6425a84c84/elements - {"using":"xpath","value":"//bdi[text()=\"OK\"]"}
RESULT: {"using":"xpath","value":"//bdi[text()=\"OK\"]"}
COMMAND: POST /session/d26a4c962c30a62404c7ee6425a84c84/elements - {"using":"xpath","value":"//bdi[text()=\"OK\"]"}
RESULT: {"using":"xpath","value":"//bdi[text()=\"OK\"]"}
COMMAND: POST /session/d26a4c962c30a62404c7ee6425a84c84/elements - {"using":"xpath","value":"//bdi[text()=\"OK\"]"}
RESULT: {"using":"xpath","value":"//bdi[text()=\"OK\"]"}
COMMAND: POST /session/d26a4c962c30a62404c7ee6425a84c84/elements - {"using":"xpath","value":"//bdi[text()=\"OK\"]"}
RESULT: {"using":"xpath","value":"//bdi[text()=\"OK\"]"}
COMMAND: POST /session/d26a4c962c30a62404c7ee6425a84c84/elements - {"using":"xpath","value":"//bdi[text()=\"OK\"]"}
RESULT: {"using":"xpath","value":"//bdi[text()=\"OK\"]"}
COMMAND: POST /session/d26a4c962c30a62404c7ee6425a84c84/elements - {"using":"xpath","value":"//bdi[text()=\"OK\"]"}
RESULT: {"using":"xpath","value":"//bdi[text()=\"OK\"]"}
COMMAND: POST /session/d26a4c962c30a62404c7ee6425a84c84/elements - {"using":"xpath","value":"//bdi[text()=\"OK\"]"}
RESULT: {"using":"xpath","value":"//bdi[text()=\"OK\"]"}
COMMAND: POST /session/d26a4c962c30a62404c7ee6425a84c84/elements - {"using":"xpath","value":"//bdi[text()=\"OK\"]"}
RESULT: {"using":"xpath","value":"//bdi[text()=\"OK\"]"}
COMMAND: POST /session/d26a4c962c30a62404c7ee6425a84c84/elements - {"using":"xpath","value":"//bdi[text()=\"OK\"]"}
RESULT: {"using":"xpath","value":"//bdi[text()=\"OK\"]"}
COMMAND: POST /session/d26a4c962c30a62404c7ee6425a84c84/elements - {"using":"xpath","value":"//bdi[text()=\"OK\"]"}
RESULT: {"using":"xpath","value":"//bdi[text()=\"OK\"]"}
COMMAND: POST /session/d26a4c962c30a62404c7ee6425a84c84/elements - {"using":"xpath","value":"//bdi[text()=\"OK\"]"}
RESULT: {"using":"xpath","value":"//bdi[text()=\"OK\"]"}
COMMAND: POST /session/d26a4c962c30a62404c7ee6425a84c84/elements - {"using":"xpath","value":"//bdi[text()=\"OK\"]"}
RESULT: {"using":"xpath","value":"//bdi[text()=\"OK\"]"}
COMMAND: POST /session/d26a4c962c30a62404c7ee6425a84c84/elements - {"using":"xpath","value":"//bdi[text()=\"OK\"]"}
RESULT: {"using":"xpath","value":"//bdi[text()=\"OK\"]"}
COMMAND: POST /session/d26a4c962c30a62404c7ee6425a84c84/elements - {"using":"xpath","value":"//bdi[text()=\"OK\"]"}
RESULT: {"using":"xpath","value":"//bdi[text()=\"OK\"]"}
COMMAND: POST /session/d26a4c962c30a62404c7ee6425a84c84/elements - {"using":"xpath","value":"//bdi[text()=\"OK\"]"}
RESULT: {"using":"xpath","value":"//bdi[text()=\"OK\"]"}
COMMAND: POST /session/d26a4c962c30a62404c7ee6425a84c84/elements - {"using":"xpath","value":"//bdi[text()=\"OK\"]"}
RESULT: {"using":"xpath","value":"//bdi[text()=\"OK\"]"}
COMMAND: POST /session/d26a4c962c30a62404c7ee6425a84c84/elements - {"using":"xpath","value":"//bdi[text()=\"OK\"]"}
RESULT: {"using":"xpath","value":"//bdi[text()=\"OK\"]"}
COMMAND: POST /session/d26a4c962c30a62404c7ee6425a84c84/elements - {"using":"xpath","value":"//bdi[text()=\"OK\"]"}
RESULT: {"using":"xpath","value":"//bdi[text()=\"OK\"]"}
COMMAND: POST /session/d26a4c962c30a62404c7ee6425a84c84/elements - {"using":"xpath","value":"//bdi[text()=\"OK\"]"}
RESULT: {"using":"xpath","value":"//bdi[text()=\"OK\"]"}
COMMAND: POST /session/d26a4c962c30a62404c7ee6425a84c84/elements - {"using":"xpath","value":"//bdi[text()=\"OK\"]"}
RESULT: {"using":"xpath","value":"//bdi[text()=\"OK\"]"}
COMMAND: POST /session/d26a4c962c30a62404c7ee6425a84c84/elements - {"using":"xpath","value":"//bdi[text()=\"OK\"]"}
RESULT: {"using":"xpath","value":"//bdi[text()=\"OK\"]"}
COMMAND: POST /session/d26a4c962c30a62404c7ee6425a84c84/elements - {"using":"xpath","value":"//bdi[text()=\"OK\"]"}
RESULT: {"using":"xpath","value":"//bdi[text()=\"OK\"]"}
COMMAND: POST /session/d26a4c962c30a62404c7ee6425a84c84/elements - {"using":"xpath","value":"//bdi[text()=\"OK\"]"}
RESULT: {"using":"xpath","value":"//bdi[text()=\"OK\"]"}
COMMAND: POST /session/d26a4c962c30a62404c7ee6425a84c84/elements - {"using":"xpath","value":"//bdi[text()=\"OK\"]"}
RESULT: {"using":"xpath","value":"//bdi[text()=\"OK\"]"}
COMMAND: POST /session/d26a4c962c30a62404c7ee6425a84c84/elements - {"using":"xpath","value":"//bdi[text()=\"OK\"]"}
RESULT: {"using":"xpath","value":"//bdi[text()=\"OK\"]"}
COMMAND: POST /session/d26a4c962c30a62404c7ee6425a84c84/elements - {"using":"xpath","value":"//bdi[text()=\"OK\"]"}
RESULT: {"using":"xpath","value":"//bdi[text()=\"OK\"]"}
COMMAND: POST /session/d26a4c962c30a62404c7ee6425a84c84/elements - {"using":"xpath","value":"//bdi[text()=\"OK\"]"}
RESULT: {"using":"xpath","value":"//bdi[text()=\"OK\"]"}
COMMAND: POST /session/d26a4c962c30a62404c7ee6425a84c84/elements - {"using":"xpath","value":"//bdi[text()=\"OK\"]"}
RESULT: {"using":"xpath","value":"//bdi[text()=\"OK\"]"}
COMMAND: POST /session/d26a4c962c30a62404c7ee6425a84c84/elements - {"using":"xpath","value":"//bdi[text()=\"OK\"]"}
RESULT: {"using":"xpath","value":"//bdi[text()=\"OK\"]"}
COMMAND: POST /session/d26a4c962c30a62404c7ee6425a84c84/elements - {"using":"xpath","value":"//bdi[text()=\"OK\"]"}
RESULT: {"using":"xpath","value":"//bdi[text()=\"OK\"]"}
COMMAND: POST /session/d26a4c962c30a62404c7ee6425a84c84/elements - {"using":"xpath","value":"//bdi[text()=\"OK\"]"}
RESULT: {"using":"xpath","value":"//bdi[text()=\"OK\"]"}
COMMAND: POST /session/d26a4c962c30a62404c7ee6425a84c84/elements - {"using":"xpath","value":"//bdi[text()=\"OK\"]"}
RESULT: {"using":"xpath","value":"//bdi[text()=\"OK\"]"}
COMMAND: POST /session/d26a4c962c30a62404c7ee6425a84c84/elements - {"using":"xpath","value":"//bdi[text()=\"OK\"]"}
RESULT: {"using":"xpath","value":"//bdi[text()=\"OK\"]"}
COMMAND: POST /session/d26a4c962c30a62404c7ee6425a84c84/elements - {"using":"xpath","value":"//bdi[text()=\"OK\"]"}
RESULT: {"using":"xpath","value":"//bdi[text()=\"OK\"]"}
COMMAND: POST /session/d26a4c962c30a62404c7ee6425a84c84/elements - {"using":"xpath","value":"//bdi[text()=\"OK\"]"}
RESULT: {"using":"xpath","value":"//bdi[text()=\"OK\"]"}
COMMAND: POST /session/d26a4c962c30a62404c7ee6425a84c84/elements - {"using":"xpath","value":"//bdi[text()=\"OK\"]"}
RESULT: {"using":"xpath","value":"//bdi[text()=\"OK\"]"}
COMMAND: POST /session/d26a4c962c30a62404c7ee6425a84c84/elements - {"using":"xpath","value":"//bdi[text()=\"OK\"]"}
RESULT: {"using":"xpath","value":"//bdi[text()=\"OK\"]"}
COMMAND: POST /session/d26a4c962c30a62404c7ee6425a84c84/elements - {"using":"xpath","value":"//bdi[text()=\"OK\"]"}
RESULT: {"using":"xpath","value":"//bdi[text()=\"OK\"]"}
COMMAND: POST /session/d26a4c962c30a62404c7ee6425a84c84/elements - {"using":"xpath","value":"//bdi[text()=\"OK\"]"}
RESULT: {"using":"xpath","value":"//bdi[text()=\"OK\"]"}
COMMAND: POST /session/d26a4c962c30a62404c7ee6425a84c84/elements - {"using":"xpath","value":"//bdi[text()=\"OK\"]"}
RESULT: {"using":"xpath","value":"//bdi[text()=\"OK\"]"}
COMMAND: POST /session/d26a4c962c30a62404c7ee6425a84c84/elements - {"using":"xpath","value":"//bdi[text()=\"OK\"]"}
RESULT: {"using":"xpath","value":"//bdi[text()=\"OK\"]"}
COMMAND: POST /session/d26a4c962c30a62404c7ee6425a84c84/elements - {"using":"xpath","value":"//bdi[text()=\"OK\"]"}
RESULT: {"using":"xpath","value":"//bdi[text()=\"OK\"]"}
COMMAND: POST /session/d26a4c962c30a62404c7ee6425a84c84/elements - {"using":"xpath","value":"//bdi[text()=\"OK\"]"}
RESULT: {"using":"xpath","value":"//bdi[text()=\"OK\"]"}
COMMAND: POST /session/d26a4c962c30a62404c7ee6425a84c84/elements - {"using":"xpath","value":"//bdi[text()=\"OK\"]"}
RESULT: {"using":"xpath","value":"//bdi[text()=\"OK\"]"}
COMMAND: POST /session/d26a4c962c30a62404c7ee6425a84c84/elements - {"using":"xpath","value":"//bdi[text()=\"OK\"]"}
RESULT: {"using":"xpath","value":"//bdi[text()=\"OK\"]"}
COMMAND: POST /session/d26a4c962c30a62404c7ee6425a84c84/elements - {"using":"xpath","value":"//bdi[text()=\"OK\"]"}
RESULT: {"using":"xpath","value":"//bdi[text()=\"OK\"]"}
COMMAND: POST /session/d26a4c962c30a62404c7ee6425a84c84/elements - {"using":"xpath","value":"//bdi[text()=\"OK\"]"}
RESULT: {"using":"xpath","value":"//bdi[text()=\"OK\"]"}
COMMAND: POST /session/d26a4c962c30a62404c7ee6425a84c84/elements - {"using":"xpath","value":"//bdi[text()=\"OK\"]"}
RESULT: {"using":"xpath","value":"//bdi[text()=\"OK\"]"}
COMMAND: POST /session/d26a4c962c30a62404c7ee6425a84c84/elements - {"using":"xpath","value":"//bdi[text()=\"OK\"]"}
RESULT: {"using":"xpath","value":"//bdi[text()=\"OK\"]"}
COMMAND: POST /session/d26a4c962c30a62404c7ee6425a84c84/elements - {"using":"xpath","value":"//bdi[text()=\"OK\"]"}
RESULT: {"using":"xpath","value":"//bdi[text()=\"OK\"]"}
COMMAND: POST /session/d26a4c962c30a62404c7ee6425a84c84/elements - {"using":"xpath","value":"//bdi[text()=\"OK\"]"}
RESULT: {"using":"xpath","value":"//bdi[text()=\"OK\"]"}
COMMAND: POST /session/d26a4c962c30a62404c7ee6425a84c84/elements - {"using":"xpath","value":"//bdi[text()=\"OK\"]"}
RESULT: {"using":"xpath","value":"//bdi[text()=\"OK\"]"}
COMMAND: POST /session/d26a4c962c30a62404c7ee6425a84c84/elements - {"using":"xpath","value":"//bdi[text()=\"OK\"]"}
RESULT: {"using":"xpath","value":"//bdi[text()=\"OK\"]"}
COMMAND: POST /session/d26a4c962c30a62404c7ee6425a84c84/elements - {"using":"xpath","value":"//bdi[text()=\"OK\"]"}
RESULT: {"using":"xpath","value":"//bdi[text()=\"OK\"]"}
COMMAND: POST /session/d26a4c962c30a62404c7ee6425a84c84/elements - {"using":"xpath","value":"//bdi[text()=\"OK\"]"}
RESULT: {"using":"xpath","value":"//bdi[text()=\"OK\"]"}
COMMAND: POST /session/d26a4c962c30a62404c7ee6425a84c84/elements - {"using":"xpath","value":"//bdi[text()=\"OK\"]"}
RESULT: {"using":"xpath","value":"//bdi[text()=\"OK\"]"}
COMMAND: POST /session/d26a4c962c30a62404c7ee6425a84c84/elements - {"using":"xpath","value":"//bdi[text()=\"OK\"]"}
RESULT: {"using":"xpath","value":"//bdi[text()=\"OK\"]"}
COMMAND: POST /session/d26a4c962c30a62404c7ee6425a84c84/elements - {"using":"xpath","value":"//bdi[text()=\"OK\"]"}
RESULT: {"using":"xpath","value":"//bdi[text()=\"OK\"]"}
COMMAND: POST /session/d26a4c962c30a62404c7ee6425a84c84/elements - {"using":"xpath","value":"//bdi[text()=\"OK\"]"}
RESULT: {"using":"xpath","value":"//bdi[text()=\"OK\"]"}
COMMAND: POST /session/d26a4c962c30a62404c7ee6425a84c84/elements - {"using":"xpath","value":"//bdi[text()=\"OK\"]"}
RESULT: {"using":"xpath","value":"//bdi[text()=\"OK\"]"}
COMMAND: POST /session/d26a4c962c30a62404c7ee6425a84c84/elements - {"using":"xpath","value":"//bdi[text()=\"OK\"]"}
RESULT: {"using":"xpath","value":"//bdi[text()=\"OK\"]"}
COMMAND: POST /session/d26a4c962c30a62404c7ee6425a84c84/elements - {"using":"xpath","value":"//bdi[text()=\"OK\"]"}
RESULT: {"using":"xpath","value":"//bdi[text()=\"OK\"]"}
COMMAND: POST /session/d26a4c962c30a62404c7ee6425a84c84/elements - {"using":"xpath","value":"//bdi[text()=\"OK\"]"}
RESULT: {"using":"xpath","value":"//bdi[text()=\"OK\"]"}
COMMAND: POST /session/d26a4c962c30a62404c7ee6425a84c84/elements - {"using":"xpath","value":"//bdi[text()=\"OK\"]"}
RESULT: {"using":"xpath","value":"//bdi[text()=\"OK\"]"}
COMMAND: POST /session/d26a4c962c30a62404c7ee6425a84c84/elements - {"using":"xpath","value":"//bdi[text()=\"OK\"]"}
RESULT: {"using":"xpath","value":"//bdi[text()=\"OK\"]"}
COMMAND: POST /session/d26a4c962c30a62404c7ee6425a84c84/elements - {"using":"xpath","value":"//bdi[text()=\"OK\"]"}
RESULT: {"using":"xpath","value":"//bdi[text()=\"OK\"]"}
COMMAND: POST /session/d26a4c962c30a62404c7ee6425a84c84/elements - {"using":"xpath","value":"//bdi[text()=\"OK\"]"}
RESULT: {"using":"xpath","value":"//bdi[text()=\"OK\"]"}
COMMAND: POST /session/d26a4c962c30a62404c7ee6425a84c84/elements - {"using":"xpath","value":"//bdi[text()=\"OK\"]"}
RESULT: {"using":"xpath","value":"//bdi[text()=\"OK\"]"}
COMMAND: POST /session/d26a4c962c30a62404c7ee6425a84c84/elements - {"using":"xpath","value":"//bdi[text()=\"OK\"]"}
RESULT: {"using":"xpath","value":"//bdi[text()=\"OK\"]"}
COMMAND: POST /session/d26a4c962c30a62404c7ee6425a84c84/execute/async - {"script":"<script> [1562 bytes]","args":[{"selector":{"id":"application-manageresources-display-component---newResourceUnit--TYPE-arrow"},"wdio_ui5_key":"applicationmanageresources-display-component---newResourceUnit--TYPE-arrow"}]}
RESULT: {"script":"<script> [1562 bytes]","args":[{"selector":{"id":"application-manageresources-display-component---newResourceUnit--TYPE-arrow"},"wdio_ui5_key":"applicationmanageresources-display-component---newResourceUnit--TYPE-arrow"}]}
RESULT: undefined
COMMAND: POST /session/d26a4c962c30a62404c7ee6425a84c84/element - {"using":"xpath","value":"//*[@id=\"application-manageresources-display-component---newResourceUnit--TYPE-arrow\"]"}
RESULT: {"using":"xpath","value":"//*[@id=\"application-manageresources-display-component---newResourceUnit--TYPE-arrow\"]"}
COMMAND: POST /session/d26a4c962c30a62404c7ee6425a84c84/element/f.CB35230D0BEACCAB597F868E996E95B6.d.F10F9FDC3DDA1691029E7D3E68E278FF.e.7783/click - {}
RESULT: {}
COMMAND: POST /session/d26a4c962c30a62404c7ee6425a84c84/execute/async - {"script":"<script> [1562 bytes]","args":[{"selector":{"controlType":"sap.m.StandardListItem","viewName":"reusables.view.manageresources.NewResourceUnit","viewId":"application-manageresources-display-component---newResourceUnit","properties":{"title":"Material"},"searchOpenDialogs":true,"interaction":{"idSuffix":"titleText"}},"wdio_ui5_key":"reusablesview.manageresources.NewResourceUnitsap.m.StandardListItem{\"title\":\"Material\"}"}]}
COMMAND: GET /session/d26a4c962c30a62404c7ee6425a84c84/screenshot - {}
RESULT: {"script":"<script> [1562 bytes]","args":[{"selector":{"controlType":"sap.m.StandardListItem","viewName":"reusables.view.manageresources.NewResourceUnit","viewId":"application-manageresources-display-component---newResourceUnit","properties":{"title":"Material"},"searchOpenDialogs":true,"interaction":{"idSuffix":"titleText"}},"wdio_ui5_key":"reusablesview.manageresources.NewResourceUnitsap.m.StandardListItem{\"title\":\"Material\"}"}]}
RESULT: undefined
COMMAND: POST /session/d26a4c962c30a62404c7ee6425a84c84/element - {"using":"xpath","value":"//*[@id=\"__item143\"]"}
RESULT: {}
RESULT: {"using":"xpath","value":"//*[@id=\"__item143\"]"}
COMMAND: POST /session/d26a4c962c30a62404c7ee6425a84c84/element/f.CB35230D0BEACCAB597F868E996E95B6.d.F10F9FDC3DDA1691029E7D3E68E278FF.e.7786/click - {}
RESULT: {}
COMMAND: POST /session/d26a4c962c30a62404c7ee6425a84c84/execute/async - {"script":"<script> [1562 bytes]","args":[{"selector":{"id":"application-manageresources-display-component---newResourceUnit--SHORT_TEXT","interaction":{"idSuffix":"inner"}},"wdio_ui5_key":"applicationmanageresources-display-component---newResourceUnit--SHORT_TEXT"}]}
COMMAND: GET /session/d26a4c962c30a62404c7ee6425a84c84/screenshot - {}
RESULT: {"script":"<script> [1562 bytes]","args":[{"selector":{"id":"application-manageresources-display-component---newResourceUnit--SHORT_TEXT","interaction":{"idSuffix":"inner"}},"wdio_ui5_key":"applicationmanageresources-display-component---newResourceUnit--SHORT_TEXT"}]}
RESULT: undefined
COMMAND: POST /session/d26a4c962c30a62404c7ee6425a84c84/execute/async - {"script":"<script> [776 bytes]","args":[{"enterText":"WebdriverWHM_RU R2C99o44","selector":{"id":"application-manageresources-display-component---newResourceUnit--SHORT_TEXT","interaction":{"idSuffix":"inner"}},"clearTextFirst":true,"interactionType":"ENTER_TEXT"}]}
RESULT: {}
RESULT: {"script":"<script> [776 bytes]","args":[{"enterText":"WebdriverWHM_RU R2C99o44","selector":{"id":"application-manageresources-display-component---newResourceUnit--SHORT_TEXT","interaction":{"idSuffix":"inner"}},"clearTextFirst":true,"interactionType":"ENTER_TEXT"}]}
COMMAND: POST /session/d26a4c962c30a62404c7ee6425a84c84/execute/async - {"script":"<script> [1562 bytes]","args":[{"selector":{"id":"application-manageresources-display-component---newResourceUnit--BASE_UNIT_OF_MEASURE-arrow"},"wdio_ui5_key":"applicationmanageresources-display-component---newResourceUnit--BASE_UNIT_OF_MEASURE-arrow"}]}
RESULT: {"script":"<script> [1562 bytes]","args":[{"selector":{"id":"application-manageresources-display-component---newResourceUnit--BASE_UNIT_OF_MEASURE-arrow"},"wdio_ui5_key":"applicationmanageresources-display-component---newResourceUnit--BASE_UNIT_OF_MEASURE-arrow"}]}
RESULT: undefined
COMMAND: POST /session/d26a4c962c30a62404c7ee6425a84c84/element - {"using":"xpath","value":"//*[@id=\"application-manageresources-display-component---newResourceUnit--BASE_UNIT_OF_MEASURE-arrow\"]"}
RESULT: {"using":"xpath","value":"//*[@id=\"application-manageresources-display-component---newResourceUnit--BASE_UNIT_OF_MEASURE-arrow\"]"}
COMMAND: POST /session/d26a4c962c30a62404c7ee6425a84c84/element/f.CB35230D0BEACCAB597F868E996E95B6.d.F10F9FDC3DDA1691029E7D3E68E278FF.e.7844/click - {}
RESULT: {}
COMMAND: POST /session/d26a4c962c30a62404c7ee6425a84c84/execute/async - {"script":"<script> [1562 bytes]","args":[{"selector":{"controlType":"sap.m.StandardListItem","viewName":"reusables.view.manageresources.NewResourceUnit","viewId":"application-manageresources-display-component---newResourceUnit","properties":{"title":"Piece"},"searchOpenDialogs":true,"interaction":{"idSuffix":"content"}},"wdio_ui5_key":"reusablesview.manageresources.NewResourceUnitsap.m.StandardListItem{\"title\":\"Piece\"}"}]}
COMMAND: GET /session/d26a4c962c30a62404c7ee6425a84c84/screenshot - {}
RESULT: {"script":"<script> [1562 bytes]","args":[{"selector":{"controlType":"sap.m.StandardListItem","viewName":"reusables.view.manageresources.NewResourceUnit","viewId":"application-manageresources-display-component---newResourceUnit","properties":{"title":"Piece"},"searchOpenDialogs":true,"interaction":{"idSuffix":"content"}},"wdio_ui5_key":"reusablesview.manageresources.NewResourceUnitsap.m.StandardListItem{\"title\":\"Piece\"}"}]}
RESULT: undefined
COMMAND: POST /session/d26a4c962c30a62404c7ee6425a84c84/element - {"using":"xpath","value":"//*[@id=\"__item187\"]"}
RESULT: {}
RESULT: {"using":"xpath","value":"//*[@id=\"__item187\"]"}
COMMAND: POST /session/d26a4c962c30a62404c7ee6425a84c84/element/f.CB35230D0BEACCAB597F868E996E95B6.d.F10F9FDC3DDA1691029E7D3E68E278FF.e.7846/click - {}
RESULT: {}
COMMAND: POST /session/d26a4c962c30a62404c7ee6425a84c84/execute/async - {"script":"<script> [1562 bytes]","args":[{"selector":{"id":"application-manageresources-display-component---newResourceUnit--WEIGHT_UNIT-arrow"},"wdio_ui5_key":"applicationmanageresources-display-component---newResourceUnit--WEIGHT_UNIT-arrow"}]}
COMMAND: GET /session/d26a4c962c30a62404c7ee6425a84c84/screenshot - {}
RESULT: {"script":"<script> [1562 bytes]","args":[{"selector":{"id":"application-manageresources-display-component---newResourceUnit--WEIGHT_UNIT-arrow"},"wdio_ui5_key":"applicationmanageresources-display-component---newResourceUnit--WEIGHT_UNIT-arrow"}]}
RESULT: undefined
COMMAND: POST /session/d26a4c962c30a62404c7ee6425a84c84/element - {"using":"xpath","value":"//*[@id=\"application-manageresources-display-component---newResourceUnit--WEIGHT_UNIT-arrow\"]"}
RESULT: {}
RESULT: {"using":"xpath","value":"//*[@id=\"application-manageresources-display-component---newResourceUnit--WEIGHT_UNIT-arrow\"]"}
COMMAND: POST /session/d26a4c962c30a62404c7ee6425a84c84/element/f.CB35230D0BEACCAB597F868E996E95B6.d.F10F9FDC3DDA1691029E7D3E68E278FF.e.7847/click - {}
RESULT: {}
COMMAND: POST /session/d26a4c962c30a62404c7ee6425a84c84/execute/async - {"script":"<script> [1562 bytes]","args":[{"selector":{"controlType":"sap.m.StandardListItem","viewName":"reusables.view.manageresources.NewResourceUnit","viewId":"application-manageresources-display-component---newResourceUnit","properties":{"title":"Gram"},"searchOpenDialogs":true,"interaction":{"idSuffix":"content"}},"wdio_ui5_key":"reusablesview.manageresources.NewResourceUnitsap.m.StandardListItem{\"title\":\"Gram\"}"}]}
COMMAND: GET /session/d26a4c962c30a62404c7ee6425a84c84/screenshot - {}
RESULT: {"script":"<script> [1562 bytes]","args":[{"selector":{"controlType":"sap.m.StandardListItem","viewName":"reusables.view.manageresources.NewResourceUnit","viewId":"application-manageresources-display-component---newResourceUnit","properties":{"title":"Gram"},"searchOpenDialogs":true,"interaction":{"idSuffix":"content"}},"wdio_ui5_key":"reusablesview.manageresources.NewResourceUnitsap.m.StandardListItem{\"title\":\"Gram\"}"}]}
RESULT: undefined
COMMAND: POST /session/d26a4c962c30a62404c7ee6425a84c84/element - {"using":"xpath","value":"//*[@id=\"__item252\"]"}
RESULT: {}
RESULT: {"using":"xpath","value":"//*[@id=\"__item252\"]"}
COMMAND: POST /session/d26a4c962c30a62404c7ee6425a84c84/element/f.CB35230D0BEACCAB597F868E996E95B6.d.F10F9FDC3DDA1691029E7D3E68E278FF.e.7849/click - {}
RESULT: {}
COMMAND: GET /session/d26a4c962c30a62404c7ee6425a84c84/screenshot - {}
RESULT: {}
COMMAND: POST /session/d26a4c962c30a62404c7ee6425a84c84/execute/async - {"script":"<script> [1562 bytes]","args":[{"selector":{"id":"application-manageresources-display-component---newResourceUnit--newRRUPage-OPHeaderContent-collapseBtn-img"},"wdio_ui5_key":"applicationmanageresources-display-component---newResourceUnit--newRRUPage-OPHeaderContent-collapseBtn-img"}]}
RESULT: {"script":"<script> [1562 bytes]","args":[{"selector":{"id":"application-manageresources-display-component---newResourceUnit--newRRUPage-OPHeaderContent-collapseBtn-img"},"wdio_ui5_key":"applicationmanageresources-display-component---newResourceUnit--newRRUPage-OPHeaderContent-collapseBtn-img"}]}
RESULT: undefined
COMMAND: POST /session/d26a4c962c30a62404c7ee6425a84c84/element - {"using":"xpath","value":"//*[@id=\"application-manageresources-display-component---newResourceUnit--newRRUPage-OPHeaderContent-collapseBtn-img\"]"}
RESULT: {"using":"xpath","value":"//*[@id=\"application-manageresources-display-component---newResourceUnit--newRRUPage-OPHeaderContent-collapseBtn-img\"]"}
COMMAND: POST /session/d26a4c962c30a62404c7ee6425a84c84/element/f.CB35230D0BEACCAB597F868E996E95B6.d.F10F9FDC3DDA1691029E7D3E68E278FF.e.7794/click - {}
RESULT: {}
COMMAND: GET /session/d26a4c962c30a62404c7ee6425a84c84/screenshot - {}
RESULT: {}
COMMAND: POST /session/d26a4c962c30a62404c7ee6425a84c84/element - {"using":"xpath","value":"(//span[contains(@id ,\"application-manageresources-display-component---newResourceUnit--DIMENSION_UNIT-arrow\")])[1]"}
RESULT: {"using":"xpath","value":"(//span[contains(@id ,\"application-manageresources-display-component---newResourceUnit--DIMENSION_UNIT-arrow\")])[1]"}
COMMAND: POST /session/d26a4c962c30a62404c7ee6425a84c84/element/f.CB35230D0BEACCAB597F868E996E95B6.d.F10F9FDC3DDA1691029E7D3E68E278FF.e.7855/click - {}
RESULT: {}
COMMAND: GET /session/d26a4c962c30a62404c7ee6425a84c84/screenshot - {}
RESULT: {}
COMMAND: POST /session/d26a4c962c30a62404c7ee6425a84c84/execute/async - {"script":"<script> [1562 bytes]","args":[{"selector":{"controlType":"sap.m.StandardListItem","viewName":"reusables.view.manageresources.NewResourceUnit","viewId":"application-manageresources-display-component---newResourceUnit","properties":{"title":"Centimeter"},"searchOpenDialogs":true,"interaction":{"idSuffix":"titleText"}},"wdio_ui5_key":"reusablesview.manageresources.NewResourceUnitsap.m.StandardListItem{\"title\":\"Centimeter\"}"}]}
RESULT: {"script":"<script> [1562 bytes]","args":[{"selector":{"controlType":"sap.m.StandardListItem","viewName":"reusables.view.manageresources.NewResourceUnit","viewId":"application-manageresources-display-component---newResourceUnit","properties":{"title":"Centimeter"},"searchOpenDialogs":true,"interaction":{"idSuffix":"titleText"}},"wdio_ui5_key":"reusablesview.manageresources.NewResourceUnitsap.m.StandardListItem{\"title\":\"Centimeter\"}"}]}
RESULT: undefined
COMMAND: POST /session/d26a4c962c30a62404c7ee6425a84c84/element - {"using":"xpath","value":"//*[@id=\"__item255\"]"}
RESULT: {"using":"xpath","value":"//*[@id=\"__item255\"]"}
COMMAND: POST /session/d26a4c962c30a62404c7ee6425a84c84/element/f.CB35230D0BEACCAB597F868E996E95B6.d.F10F9FDC3DDA1691029E7D3E68E278FF.e.7857/click - {}
RESULT: {}
COMMAND: GET /session/d26a4c962c30a62404c7ee6425a84c84/screenshot - {}
RESULT: {}
COMMAND: POST /session/d26a4c962c30a62404c7ee6425a84c84/execute/async - {"script":"<script> [1562 bytes]","args":[{"selector":{"id":"application-manageresources-display-component---newResourceUnit--newRRUPage-anchBar-application-manageresources-display-component---newResourceUnit--reference-anchor","interaction":{"idSuffix":"BDI-content"}},"wdio_ui5_key":"applicationmanageresources-display-component---newResourceUnit--newRRUPage-anchBar-application-manageresources-display-component---newResourceUnit--reference-anchor"}]}
RESULT: {"script":"<script> [1562 bytes]","args":[{"selector":{"id":"application-manageresources-display-component---newResourceUnit--newRRUPage-anchBar-application-manageresources-display-component---newResourceUnit--reference-anchor","interaction":{"idSuffix":"BDI-content"}},"wdio_ui5_key":"applicationmanageresources-display-component---newResourceUnit--newRRUPage-anchBar-application-manageresources-display-component---newResourceUnit--reference-anchor"}]}
RESULT: undefined
COMMAND: POST /session/d26a4c962c30a62404c7ee6425a84c84/element - {"using":"xpath","value":"//*[@id=\"application-manageresources-display-component---newResourceUnit--newRRUPage-anchBar-application-manageresources-display-component---newResourceUnit--reference-anchor\"]"}
RESULT: {"using":"xpath","value":"//*[@id=\"application-manageresources-display-component---newResourceUnit--newRRUPage-anchBar-application-manageresources-display-component---newResourceUnit--reference-anchor\"]"}
COMMAND: POST /session/d26a4c962c30a62404c7ee6425a84c84/element/f.CB35230D0BEACCAB597F868E996E95B6.d.F10F9FDC3DDA1691029E7D3E68E278FF.e.7859/click - {}
RESULT: {}
COMMAND: POST /session/d26a4c962c30a62404c7ee6425a84c84/execute/async - {"script":"<script> [1562 bytes]","args":[{"selector":{"id":"application-manageresources-display-component---newResourceUnit--PLANNING_GROUP-arrow"},"wdio_ui5_key":"applicationmanageresources-display-component---newResourceUnit--PLANNING_GROUP-arrow"}]}
COMMAND: GET /session/d26a4c962c30a62404c7ee6425a84c84/screenshot - {}
RESULT: {"script":"<script> [1562 bytes]","args":[{"selector":{"id":"application-manageresources-display-component---newResourceUnit--PLANNING_GROUP-arrow"},"wdio_ui5_key":"applicationmanageresources-display-component---newResourceUnit--PLANNING_GROUP-arrow"}]}
RESULT: undefined
COMMAND: POST /session/d26a4c962c30a62404c7ee6425a84c84/element - {"using":"xpath","value":"//*[@id=\"application-manageresources-display-component---newResourceUnit--PLANNING_GROUP-arrow\"]"}
RESULT: {}
RESULT: {"using":"xpath","value":"//*[@id=\"application-manageresources-display-component---newResourceUnit--PLANNING_GROUP-arrow\"]"}
COMMAND: POST /session/d26a4c962c30a62404c7ee6425a84c84/element/f.CB35230D0BEACCAB597F868E996E95B6.d.F10F9FDC3DDA1691029E7D3E68E278FF.e.7863/click - {}
RESULT: {}
COMMAND: POST /session/d26a4c962c30a62404c7ee6425a84c84/execute/async - {"script":"<script> [1562 bytes]","args":[{"selector":{"controlType":"sap.m.StandardListItem","viewName":"reusables.view.manageresources.NewResourceUnit","viewId":"application-manageresources-display-component---newResourceUnit","properties":{"title":"Heavy Equi"},"searchOpenDialogs":true,"interaction":{"idSuffix":"content"}},"wdio_ui5_key":"reusablesview.manageresources.NewResourceUnitsap.m.StandardListItem{\"title\":\"Heavy Equi\"}"}]}
COMMAND: GET /session/d26a4c962c30a62404c7ee6425a84c84/screenshot - {}
RESULT: {"script":"<script> [1562 bytes]","args":[{"selector":{"controlType":"sap.m.StandardListItem","viewName":"reusables.view.manageresources.NewResourceUnit","viewId":"application-manageresources-display-component---newResourceUnit","properties":{"title":"Heavy Equi"},"searchOpenDialogs":true,"interaction":{"idSuffix":"content"}},"wdio_ui5_key":"reusablesview.manageresources.NewResourceUnitsap.m.StandardListItem{\"title\":\"Heavy Equi\"}"}]}
RESULT: undefined
COMMAND: POST /session/d26a4c962c30a62404c7ee6425a84c84/element - {"using":"xpath","value":"//*[@id=\"__item263\"]"}
RESULT: {}
RESULT: {"using":"xpath","value":"//*[@id=\"__item263\"]"}
COMMAND: POST /session/d26a4c962c30a62404c7ee6425a84c84/element/f.CB35230D0BEACCAB597F868E996E95B6.d.F10F9FDC3DDA1691029E7D3E68E278FF.e.7865/click - {}
RESULT: {}
COMMAND: GET /session/d26a4c962c30a62404c7ee6425a84c84/screenshot - {}
RESULT: {}
COMMAND: POST /session/d26a4c962c30a62404c7ee6425a84c84/execute/async - {"script":"<script> [1562 bytes]","args":[{"selector":{"id":"application-manageresources-display-component---newResourceUnit--PLANNING_INDICATOR-arrow"},"wdio_ui5_key":"applicationmanageresources-display-component---newResourceUnit--PLANNING_INDICATOR-arrow"}]}
RESULT: {"script":"<script> [1562 bytes]","args":[{"selector":{"id":"application-manageresources-display-component---newResourceUnit--PLANNING_INDICATOR-arrow"},"wdio_ui5_key":"applicationmanageresources-display-component---newResourceUnit--PLANNING_INDICATOR-arrow"}]}
RESULT: undefined
COMMAND: POST /session/d26a4c962c30a62404c7ee6425a84c84/element - {"using":"xpath","value":"//*[@id=\"application-manageresources-display-component---newResourceUnit--PLANNING_INDICATOR-arrow\"]"}
RESULT: {"using":"xpath","value":"//*[@id=\"application-manageresources-display-component---newResourceUnit--PLANNING_INDICATOR-arrow\"]"}
COMMAND: POST /session/d26a4c962c30a62404c7ee6425a84c84/element/f.CB35230D0BEACCAB597F868E996E95B6.d.F10F9FDC3DDA1691029E7D3E68E278FF.e.7866/click - {}
RESULT: {}
COMMAND: POST /session/d26a4c962c30a62404c7ee6425a84c84/execute/async - {"script":"<script> [1562 bytes]","args":[{"selector":{"controlType":"sap.m.StandardListItem","viewName":"reusables.view.manageresources.NewResourceUnit","viewId":"application-manageresources-display-component---newResourceUnit","properties":{"title":"10 - infinite"},"searchOpenDialogs":true,"interaction":{"idSuffix":"content"}},"wdio_ui5_key":"reusablesview.manageresources.NewResourceUnitsap.m.StandardListItem{\"title\":\"10 - infinite\"}"}]}
COMMAND: GET /session/d26a4c962c30a62404c7ee6425a84c84/screenshot - {}
RESULT: {"script":"<script> [1562 bytes]","args":[{"selector":{"controlType":"sap.m.StandardListItem","viewName":"reusables.view.manageresources.NewResourceUnit","viewId":"application-manageresources-display-component---newResourceUnit","properties":{"title":"10 - infinite"},"searchOpenDialogs":true,"interaction":{"idSuffix":"content"}},"wdio_ui5_key":"reusablesview.manageresources.NewResourceUnitsap.m.StandardListItem{\"title\":\"10 - infinite\"}"}]}
RESULT: undefined
COMMAND: POST /session/d26a4c962c30a62404c7ee6425a84c84/element - {"using":"xpath","value":"//*[@id=\"__item273\"]"}
RESULT: {}
RESULT: {"using":"xpath","value":"//*[@id=\"__item273\"]"}
COMMAND: POST /session/d26a4c962c30a62404c7ee6425a84c84/element/f.CB35230D0BEACCAB597F868E996E95B6.d.F10F9FDC3DDA1691029E7D3E68E278FF.e.7868/click - {}
RESULT: {}
COMMAND: GET /session/d26a4c962c30a62404c7ee6425a84c84/screenshot - {}
RESULT: {}
COMMAND: POST /session/d26a4c962c30a62404c7ee6425a84c84/element - {"using":"xpath","value":"//bdi[contains(text(), \"Time Segment\")]"}
RESULT: {"using":"xpath","value":"//bdi[contains(text(), \"Time Segment\")]"}
COMMAND: GET /session/d26a4c962c30a62404c7ee6425a84c84/element/f.CB35230D0BEACCAB597F868E996E95B6.d.F10F9FDC3DDA1691029E7D3E68E278FF.e.7869/rect - {}
RESULT: {}
COMMAND: GET /session/d26a4c962c30a62404c7ee6425a84c84/window/rect - {}
RESULT: {}
COMMAND: POST /session/d26a4c962c30a62404c7ee6425a84c84/execute/sync - {"script":"<script> [92 bytes]","args":[]}
RESULT: {"script":"<script> [92 bytes]","args":[]}
COMMAND: POST /session/d26a4c962c30a62404c7ee6425a84c84/actions - {"actions":[{"id":"action19","type":"wheel","parameters":{},"actions":[{"type":"scroll","x":-1804,"y":-21,"deltaX":0,"deltaY":0,"duration":0,"origin":{"element-6066-11e4-a52e-4f735466cecf":"f.CB35230D0BEACCAB597F868E996E95B6.d.F10F9FDC3DDA1691029E7D3E68E278FF.e.7869"}}]}]}
COMMAND: GET /session/d26a4c962c30a62404c7ee6425a84c84/screenshot - {}
RESULT: {}
COMMAND: POST /session/d26a4c962c30a62404c7ee6425a84c84/execute/sync - {"script":"<script> [79 bytes]","args":[{"element-6066-11e4-a52e-4f735466cecf":"f.CB35230D0BEACCAB597F868E996E95B6.d.F10F9FDC3DDA1691029E7D3E68E278FF.e.7869","ELEMENT":"f.CB35230D0BEACCAB597F868E996E95B6.d.F10F9FDC3DDA1691029E7D3E68E278FF.e.7869"},{"block":"start","inline":"nearest"}]}
RESULT: {"script":"<script> [79 bytes]","args":[{"element-6066-11e4-a52e-4f735466cecf":"f.CB35230D0BEACCAB597F868E996E95B6.d.F10F9FDC3DDA1691029E7D3E68E278FF.e.7869","ELEMENT":"f.CB35230D0BEACCAB597F868E996E95B6.d.F10F9FDC3DDA1691029E7D3E68E278FF.e.7869"},{"block":"start","inline":"nearest"}]}
COMMAND: GET /session/d26a4c962c30a62404c7ee6425a84c84/screenshot - {}
RESULT: {}
COMMAND: POST /session/d26a4c962c30a62404c7ee6425a84c84/element - {"using":"xpath","value":"//span[@id=\"application-manageresources-display-component---newResourceUnit--btnAddTimeSegment-img\"]"}
RESULT: {"using":"xpath","value":"//span[@id=\"application-manageresources-display-component---newResourceUnit--btnAddTimeSegment-img\"]"}
COMMAND: POST /session/d26a4c962c30a62404c7ee6425a84c84/execute/sync - {"script":"<script> [8489 bytes]","args":[{"element-6066-11e4-a52e-4f735466cecf":"f.CB35230D0BEACCAB597F868E996E95B6.d.F10F9FDC3DDA1691029E7D3E68E278FF.e.7872","ELEMENT":"f.CB35230D0BEACCAB597F868E996E95B6.d.F10F9FDC3DDA1691029E7D3E68E278FF.e.7872"}]}
RESULT: {"script":"<script> [8489 bytes]","args":[{"element-6066-11e4-a52e-4f735466cecf":"f.CB35230D0BEACCAB597F868E996E95B6.d.F10F9FDC3DDA1691029E7D3E68E278FF.e.7872","ELEMENT":"f.CB35230D0BEACCAB597F868E996E95B6.d.F10F9FDC3DDA1691029E7D3E68E278FF.e.7872"}]}
COMMAND: POST /session/d26a4c962c30a62404c7ee6425a84c84/element/f.CB35230D0BEACCAB597F868E996E95B6.d.F10F9FDC3DDA1691029E7D3E68E278FF.e.7872/click - {}
COMMAND: GET /session/d26a4c962c30a62404c7ee6425a84c84/screenshot - {}
RESULT: {}
COMMAND: GET /session/d26a4c962c30a62404c7ee6425a84c84/screenshot - {}
RESULT: {}
COMMAND: POST /session/d26a4c962c30a62404c7ee6425a84c84/element - {"using":"xpath","value":"//input[@id=\"application-manageresources-display-component---newResourceUnit--idRuTSAdmin-application-manageresources-display-component---newResourceUnit--RUTimeSegment-0-inner\"]"}
RESULT: {}
RESULT: {"using":"xpath","value":"//input[@id=\"application-manageresources-display-component---newResourceUnit--idRuTSAdmin-application-manageresources-display-component---newResourceUnit--RUTimeSegment-0-inner\"]"}
COMMAND: POST /session/d26a4c962c30a62404c7ee6425a84c84/element/f.CB35230D0BEACCAB597F868E996E95B6.d.F10F9FDC3DDA1691029E7D3E68E278FF.e.7875/clear - {}
RESULT: {}
COMMAND: POST /session/d26a4c962c30a62404c7ee6425a84c84/element/f.CB35230D0BEACCAB597F868E996E95B6.d.F10F9FDC3DDA1691029E7D3E68E278FF.e.7875/value - {"text":"457"}
COMMAND: GET /session/d26a4c962c30a62404c7ee6425a84c84/screenshot - {}
RESULT: {"text":"457"}
COMMAND: GET /session/d26a4c962c30a62404c7ee6425a84c84/screenshot - {}
RESULT: {}
RESULT: {}
COMMAND: POST /session/d26a4c962c30a62404c7ee6425a84c84/actions - {"actions":[{"id":"action20","type":"key","parameters":{},"actions":[{"type":"keyDown","value":"î€‡"},{"type":"pause","duration":10},{"type":"keyUp","value":"î€‡"}]}]}
RESULT: {"actions":[{"id":"action20","type":"key","parameters":{},"actions":[{"type":"keyDown","value":"î€‡"},{"type":"pause","duration":10},{"type":"keyUp","value":"î€‡"}]}]}
COMMAND: POST /session/d26a4c962c30a62404c7ee6425a84c84/execute/async - {"script":"<script> [1562 bytes]","args":[{"selector":{"controlType":"sap.m.Button","viewName":"reusables.view.manageresources.NewResourceUnit","viewId":"application-manageresources-display-component---newResourceUnit","i18NText":{"propertyName":"tooltip","key":"save"},"interaction":{"idSuffix":"BDI-content"}},"wdio_ui5_key":"reusablesview.manageresources.NewResourceUnitsap.m.Button{\"propertyName\":\"tooltip\",\"key\":\"save\"}"}]}
COMMAND: GET /session/d26a4c962c30a62404c7ee6425a84c84/screenshot - {}
RESULT: {"script":"<script> [1562 bytes]","args":[{"selector":{"controlType":"sap.m.Button","viewName":"reusables.view.manageresources.NewResourceUnit","viewId":"application-manageresources-display-component---newResourceUnit","i18NText":{"propertyName":"tooltip","key":"save"},"interaction":{"idSuffix":"BDI-content"}},"wdio_ui5_key":"reusablesview.manageresources.NewResourceUnitsap.m.Button{\"propertyName\":\"tooltip\",\"key\":\"save\"}"}]}
RESULT: undefined
COMMAND: POST /session/d26a4c962c30a62404c7ee6425a84c84/element - {"using":"xpath","value":"//*[@id=\"application-manageresources-display-component---newResourceUnit--createRuButton\"]"}
RESULT: {}
RESULT: {"using":"xpath","value":"//*[@id=\"application-manageresources-display-component---newResourceUnit--createRuButton\"]"}
COMMAND: POST /session/d26a4c962c30a62404c7ee6425a84c84/element/f.CB35230D0BEACCAB597F868E996E95B6.d.F10F9FDC3DDA1691029E7D3E68E278FF.e.7800/click - {}
RESULT: {}
COMMAND: GET /session/d26a4c962c30a62404c7ee6425a84c84/screenshot - {}
RESULT: {}
COMMAND: POST /session/d26a4c962c30a62404c7ee6425a84c84/execute/async - {"script":"<script> [1562 bytes]","args":[{"selector":{"controlType":"sap.m.Title","properties":{"text":"Success"},"searchOpenDialogs":true},"wdio_ui5_key":"sapm.Title{\"text\":\"Success\"}"}]}
RESULT: {"script":"<script> [1562 bytes]","args":[{"selector":{"controlType":"sap.m.Title","properties":{"text":"Success"},"searchOpenDialogs":true},"wdio_ui5_key":"sapm.Title{\"text\":\"Success\"}"}]}
RESULT: undefined
COMMAND: POST /session/d26a4c962c30a62404c7ee6425a84c84/execute/async - {"script":"<script> [6424 bytes]","args":[{"element-6066-11e4-a52e-4f735466cecf":"f.CB35230D0BEACCAB597F868E996E95B6.d.F10F9FDC3DDA1691029E7D3E68E278FF.e.7889"},"getText",[]]}
RESULT: {"script":"<script> [6424 bytes]","args":[{"element-6066-11e4-a52e-4f735466cecf":"f.CB35230D0BEACCAB597F868E996E95B6.d.F10F9FDC3DDA1691029E7D3E68E278FF.e.7889"},"getText",[]]}
COMMAND: POST /session/d26a4c962c30a62404c7ee6425a84c84/element - {"using":"xpath","value":"//*[contains(@id, '__text') and (contains(text(), 'successfully created') or contains(., 'successfully created'))]"}
RESULT: {"using":"xpath","value":"//*[contains(@id, '__text') and (contains(text(), 'successfully created') or contains(., 'successfully created'))]"}
COMMAND: GET /session/d26a4c962c30a62404c7ee6425a84c84/element/f.CB35230D0BEACCAB597F868E996E95B6.d.F10F9FDC3DDA1691029E7D3E68E278FF.e.7888/text - {}
RESULT: {}
COMMAND: POST /session/d26a4c962c30a62404c7ee6425a84c84/execute/async - {"script":"<script> [1562 bytes]","args":[{"selector":{"controlType":"sap.m.Button","properties":{"text":"Close"},"searchOpenDialogs":true,"interaction":{"idSuffix":"BDI-content"}},"wdio_ui5_key":"sapm.Button{\"text\":\"Close\"}"}]}
RESULT: {"script":"<script> [1562 bytes]","args":[{"selector":{"controlType":"sap.m.Button","properties":{"text":"Close"},"searchOpenDialogs":true,"interaction":{"idSuffix":"BDI-content"}},"wdio_ui5_key":"sapm.Button{\"text\":\"Close\"}"}]}
RESULT: undefined
COMMAND: POST /session/d26a4c962c30a62404c7ee6425a84c84/element - {"using":"xpath","value":"//*[@id=\"__mbox-btn-0\"]"}
RESULT: {"using":"xpath","value":"//*[@id=\"__mbox-btn-0\"]"}
COMMAND: POST /session/d26a4c962c30a62404c7ee6425a84c84/element/f.CB35230D0BEACCAB597F868E996E95B6.d.F10F9FDC3DDA1691029E7D3E68E278FF.e.7885/click - {}
RESULT: {}
COMMAND: GET /session/d26a4c962c30a62404c7ee6425a84c84/screenshot - {}
RESULT: {}
COMMAND: POST /session/d26a4c962c30a62404c7ee6425a84c84/execute/async - {"script":"<script> [1562 bytes]","args":[{"selector":{"controlType":"sap.ui.core.Icon","viewName":"etm.portal.ui.manageresources.view.Detail","viewId":"application-manageresources-display-component---detailRU","properties":{"src":{"regex":{"source":"overflow"}}}},"wdio_ui5_key":"etmportal.ui.manageresources.view.Detailsap.ui.core.Icon{\"src\":{\"regex\":{\"source\":\"overflow\"}}}"}]}
RESULT: {"script":"<script> [1562 bytes]","args":[{"selector":{"controlType":"sap.ui.core.Icon","viewName":"etm.portal.ui.manageresources.view.Detail","viewId":"application-manageresources-display-component---detailRU","properties":{"src":{"regex":{"source":"overflow"}}}},"wdio_ui5_key":"etmportal.ui.manageresources.view.Detailsap.ui.core.Icon{\"src\":{\"regex\":{\"source\":\"overflow\"}}}"}]}
RESULT: undefined
COMMAND: POST /session/d26a4c962c30a62404c7ee6425a84c84/element - {"using":"xpath","value":"//*[@id=\"__title15-_actionsToolbar-overflowButton-img\"]"}
RESULT: {"using":"xpath","value":"//*[@id=\"__title15-_actionsToolbar-overflowButton-img\"]"}
COMMAND: POST /session/d26a4c962c30a62404c7ee6425a84c84/element/f.CB35230D0BEACCAB597F868E996E95B6.d.F10F9FDC3DDA1691029E7D3E68E278FF.e.7920/click - {}
RESULT: {}
COMMAND: POST /session/d26a4c962c30a62404c7ee6425a84c84/execute/async - {"script":"<script> [1562 bytes]","args":[{"selector":{"controlType":"sap.m.Button","viewName":"etm.portal.ui.manageresources.view.Detail","viewId":"application-manageresources-display-component---detailRU","i18NText":{"propertyName":"tooltip","key":"closeColumn"},"searchOpenDialogs":true,"interaction":{"idSuffix":"inner"}},"wdio_ui5_key":"etmportal.ui.manageresources.view.Detailsap.m.Button{\"propertyName\":\"tooltip\",\"key\":\"closeColumn\"}"}]}
COMMAND: GET /session/d26a4c962c30a62404c7ee6425a84c84/screenshot - {}
RESULT: {"script":"<script> [1562 bytes]","args":[{"selector":{"controlType":"sap.m.Button","viewName":"etm.portal.ui.manageresources.view.Detail","viewId":"application-manageresources-display-component---detailRU","i18NText":{"propertyName":"tooltip","key":"closeColumn"},"searchOpenDialogs":true,"interaction":{"idSuffix":"inner"}},"wdio_ui5_key":"etmportal.ui.manageresources.view.Detailsap.m.Button{\"propertyName\":\"tooltip\",\"key\":\"closeColumn\"}"}]}
RESULT: undefined
COMMAND: POST /session/d26a4c962c30a62404c7ee6425a84c84/element - {"using":"xpath","value":"//*[@id=\"__button41\"]"}
RESULT: {}
RESULT: {"using":"xpath","value":"//*[@id=\"__button41\"]"}
COMMAND: POST /session/d26a4c962c30a62404c7ee6425a84c84/element/f.CB35230D0BEACCAB597F868E996E95B6.d.F10F9FDC3DDA1691029E7D3E68E278FF.e.7924/click - {}
RESULT: {}
COMMAND: GET /session/d26a4c962c30a62404c7ee6425a84c84/screenshot - {}
COMMAND: POST /session/d26a4c962c30a62404c7ee6425a84c84/element - {"using":"css selector","value":"#j_username"}
COMMAND: POST /session/d26a4c962c30a62404c7ee6425a84c84/url - {"url":"https://qa-testing-00-live-etm-ui.cfapps.eu10-004.hana.ondemand.com/"}
RESULT: {}
RESULT: {"url":"https://qa-testing-00-live-etm-ui.cfapps.eu10-004.hana.ondemand.com/"}
RESULT: undefined
COMMAND: GET /session/d26a4c962c30a62404c7ee6425a84c84/screenshot - {}
RESULT: {"using":"css selector","value":"#j_username"}
COMMAND: POST /session/d26a4c962c30a62404c7ee6425a84c84/element - {"using":"css selector","value":"#j_username"}
RESULT: {}
RESULT: {"using":"css selector","value":"#j_username"}
COMMAND: POST /session/d26a4c962c30a62404c7ee6425a84c84/element - {"using":"css selector","value":"#shell-header-logo"}
RESULT: {"using":"css selector","value":"#shell-header-logo"}
COMMAND: POST /session/d26a4c962c30a62404c7ee6425a84c84/execute/sync - {"script":"<script> [8489 bytes]","args":[{"element-6066-11e4-a52e-4f735466cecf":"f.CB35230D0BEACCAB597F868E996E95B6.d.0BBF6FD9D86F6E6E03826B0A924EAA06.e.8118","ELEMENT":"f.CB35230D0BEACCAB597F868E996E95B6.d.0BBF6FD9D86F6E6E03826B0A924EAA06.e.8118"}]}
RESULT: {"script":"<script> [8489 bytes]","args":[{"element-6066-11e4-a52e-4f735466cecf":"f.CB35230D0BEACCAB597F868E996E95B6.d.0BBF6FD9D86F6E6E03826B0A924EAA06.e.8118","ELEMENT":"f.CB35230D0BEACCAB597F868E996E95B6.d.0BBF6FD9D86F6E6E03826B0A924EAA06.e.8118"}]}
COMMAND: POST /session/d26a4c962c30a62404c7ee6425a84c84/element - {"using":"css selector","value":"#shell-header-logo"}
COMMAND: GET /session/d26a4c962c30a62404c7ee6425a84c84/screenshot - {}
RESULT: {"using":"css selector","value":"#shell-header-logo"}
COMMAND: POST /session/d26a4c962c30a62404c7ee6425a84c84/execute/sync - {"script":"<script> [8489 bytes]","args":[{"element-6066-11e4-a52e-4f735466cecf":"f.CB35230D0BEACCAB597F868E996E95B6.d.0BBF6FD9D86F6E6E03826B0A924EAA06.e.8118","ELEMENT":"f.CB35230D0BEACCAB597F868E996E95B6.d.0BBF6FD9D86F6E6E03826B0A924EAA06.e.8118"}]}
RESULT: {}
RESULT: {"script":"<script> [8489 bytes]","args":[{"element-6066-11e4-a52e-4f735466cecf":"f.CB35230D0BEACCAB597F868E996E95B6.d.0BBF6FD9D86F6E6E03826B0A924EAA06.e.8118","ELEMENT":"f.CB35230D0BEACCAB597F868E996E95B6.d.0BBF6FD9D86F6E6E03826B0A924EAA06.e.8118"}]}
COMMAND: POST /session/d26a4c962c30a62404c7ee6425a84c84/execute/sync - {"script":"<script> [5351 bytes]","args":[{"element-6066-11e4-a52e-4f735466cecf":"f.CB35230D0BEACCAB597F868E996E95B6.d.0BBF6FD9D86F6E6E03826B0A924EAA06.e.8118","ELEMENT":"f.CB35230D0BEACCAB597F868E996E95B6.d.0BBF6FD9D86F6E6E03826B0A924EAA06.e.8118"}]}
COMMAND: GET /session/d26a4c962c30a62404c7ee6425a84c84/screenshot - {}
RESULT: {"script":"<script> [5351 bytes]","args":[{"element-6066-11e4-a52e-4f735466cecf":"f.CB35230D0BEACCAB597F868E996E95B6.d.0BBF6FD9D86F6E6E03826B0A924EAA06.e.8118","ELEMENT":"f.CB35230D0BEACCAB597F868E996E95B6.d.0BBF6FD9D86F6E6E03826B0A924EAA06.e.8118"}]}
COMMAND: POST /session/d26a4c962c30a62404c7ee6425a84c84/element - {"using":"css selector","value":"#shell-header-logo"}
COMMAND: GET /session/d26a4c962c30a62404c7ee6425a84c84/screenshot - {}
RESULT: {}
RESULT: {"using":"css selector","value":"#shell-header-logo"}
COMMAND: POST /session/d26a4c962c30a62404c7ee6425a84c84/element/f.CB35230D0BEACCAB597F868E996E95B6.d.0BBF6FD9D86F6E6E03826B0A924EAA06.e.8118/click - {}
RESULT: {}
RESULT: {}
COMMAND: GET /session/d26a4c962c30a62404c7ee6425a84c84/screenshot - {}
RESULT: {}
COMMAND: POST /session/d26a4c962c30a62404c7ee6425a84c84/execute/async - {"script":"<script> [189 bytes]","args":[]}
RESULT: {"script":"<script> [189 bytes]","args":[]}
COMMAND: POST /session/d26a4c962c30a62404c7ee6425a84c84/execute/async - {"script":"<script> [123 bytes]","args":[]}
RESULT: {"script":"<script> [123 bytes]","args":[]}
COMMAND: POST /session/d26a4c962c30a62404c7ee6425a84c84/timeouts - {"script":"<number>"}
RESULT: {"script":"<number>"}
COMMAND: GET /session/d26a4c962c30a62404c7ee6425a84c84/timeouts - {}
RESULT: {}
RESULT: undefined
COMMAND: POST /session/d26a4c962c30a62404c7ee6425a84c84/execute/async - {"script":"<script> [2676 bytes]","args":[]}
RESULT: {"script":"<script> [2676 bytes]","args":[]}
COMMAND: POST /session/d26a4c962c30a62404c7ee6425a84c84/execute/async - {"script":"<script> [2342 bytes]","args":[{"protocol":"http","hostname":"0.0.0.0","path":"/","capabilities":{"browserName":"chrome","goog:chromeOptions":{"binary":"C:\\Program Files\\Google\\Chrome\\Application\\chrome.exe","args":["--start-maximized"]}},"logLevel":"warn","connectionRetryTimeout":120000,"connectionRetryCount":3,"logLevels":{},"enableDirectConnect":true,"strictSSL":true,"_":"65 more keys: [\"cacheDir\",\"port\",\"requestedCapabilities\",\"automationProtocol\",\"baseUrl\",\"waitforInterval\",\"waitforTimeout\",\"onReload\",\"beforeCommand\",\"afterCommand\",\"rootDir\",\"specs\",\"suites\",\"exclude\",\"groupLogsByTestSpec\",\"excludeDriverLogs\",\"bail\",\"framework\",\"reporters\",\"services\",\"maxInstances\",\"maxInstancesPerCapability\",\"injectGlobals\",\"filesToWatch\",\"execArgv\",\"runnerEnv\",\"runner\",\"shard\",\"specFileRetries\",\"specFileRetriesDelay\",\"specFileRetriesDeferred\",\"reporterSyncInterval\",\"reporterSyncTimeout\",\"cucumberFeaturesWithLineNumbers\",\"autoCompileOpts\",\"mochaOpts\",\"jasmineOpts\",\"cucumberOpts\",\"onPrepare\",\"onWorkerStart\",\"onWorkerEnd\",\"before\",\"beforeSession\",\"beforeSuite\",\"beforeHook\",\"beforeTest\",\"afterTest\",\"afterHook\",\"afterSuite\",\"afterSession\",\"after\",\"onComplete\",\"beforeAssertion\",\"afterAssertion\",\"beforeFeature\",\"beforeScenario\",\"beforeStep\",\"afterStep\",\"afterScenario\",\"afterFeature\",\"_\",\"suite\",\"$0\",\"ignoredWorkerServices\",\"wdi5\"]"}]}
RESULT: {"script":"<script> [2342 bytes]","args":[{"protocol":"http","hostname":"0.0.0.0","path":"/","capabilities":{"browserName":"chrome","goog:chromeOptions":{"binary":"C:\\Program Files\\Google\\Chrome\\Application\\chrome.exe","args":["--start-maximized"]}},"logLevel":"warn","connectionRetryTimeout":120000,"connectionRetryCount":3,"logLevels":{},"enableDirectConnect":true,"strictSSL":true,"_":"65 more keys: [\"cacheDir\",\"port\",\"requestedCapabilities\",\"automationProtocol\",\"baseUrl\",\"waitforInterval\",\"waitforTimeout\",\"onReload\",\"beforeCommand\",\"afterCommand\",\"rootDir\",\"specs\",\"suites\",\"exclude\",\"groupLogsByTestSpec\",\"excludeDriverLogs\",\"bail\",\"framework\",\"reporters\",\"services\",\"maxInstances\",\"maxInstancesPerCapability\",\"injectGlobals\",\"filesToWatch\",\"execArgv\",\"runnerEnv\",\"runner\",\"shard\",\"specFileRetries\",\"specFileRetriesDelay\",\"specFileRetriesDeferred\",\"reporterSyncInterval\",\"reporterSyncTimeout\",\"cucumberFeaturesWithLineNumbers\",\"autoCompileOpts\",\"mochaOpts\",\"jasmineOpts\",\"cucumberOpts\",\"onPrepare\",\"onWorkerStart\",\"onWorkerEnd\",\"before\",\"beforeSession\",\"beforeSuite\",\"beforeHook\",\"beforeTest\",\"afterTest\",\"afterHook\",\"afterSuite\",\"afterSession\",\"after\",\"onComplete\",\"beforeAssertion\",\"afterAssertion\",\"beforeFeature\",\"beforeScenario\",\"beforeStep\",\"afterStep\",\"afterScenario\",\"afterFeature\",\"_\",\"suite\",\"$0\",\"ignoredWorkerServices\",\"wdi5\"]"}]}
COMMAND: POST /session/d26a4c962c30a62404c7ee6425a84c84/execute/async - {"script":"<script> [21126 bytes]","args":[35000]}
RESULT: {"script":"<script> [21126 bytes]","args":[35000]}
COMMAND: POST /session/d26a4c962c30a62404c7ee6425a84c84/window/maximize - {}
RESULT: {}
COMMAND: POST /session/d26a4c962c30a62404c7ee6425a84c84/execute/async - {"script":"<script> [1562 bytes]","args":[{"selector":{"id":"shell-header","interaction":{"idSuffix":"icon"}},"wdio_ui5_key":"shellheader"}]}
COMMAND: GET /session/d26a4c962c30a62404c7ee6425a84c84/screenshot - {}
RESULT: {"script":"<script> [1562 bytes]","args":[{"selector":{"id":"shell-header","interaction":{"idSuffix":"icon"}},"wdio_ui5_key":"shellheader"}]}
RESULT: undefined
]]></system-out>
    </testcase>
  </testsuite>
  <testsuite timestamp="2025-04-30T15:40:43" time="263.254" tests="1" failures="0" errors="0" skipped="0">
    <properties>
      <property name="specId" value="0" />
      <property name="suiteName" value="create-equipment" />
      <property name="capabilities" value="chrome.135_0_7049_96.windows" />
      <property name="file" value="file:///D:/a/1/s/test/specs/R2C/create-equipment.spec.js" />
    </properties>
    <testcase classname="chrome.135_0_7049_96.windows.create-equipment" name="create equipment" time="250.085">
      <system-out><![CDATA[
COMMAND: POST /session/d26a4c962c30a62404c7ee6425a84c84/execute/async - {"script":"<script> [1562 bytes]","args":[{"selector":{"controlType":"sap.m.GenericTile","properties":{"header":"Manage Resources"}},"wdio_ui5_key":"sapm.GenericTile{\"header\":\"Manage Resources\"}"}]}
RESULT: {}
RESULT: {"script":"<script> [1562 bytes]","args":[{"selector":{"controlType":"sap.m.GenericTile","properties":{"header":"Manage Resources"}},"wdio_ui5_key":"sapm.GenericTile{\"header\":\"Manage Resources\"}"}]}
RESULT: undefined
COMMAND: POST /session/d26a4c962c30a62404c7ee6425a84c84/element - {"using":"xpath","value":"//*[@id=\"__tile31\"]"}
RESULT: {"using":"xpath","value":"//*[@id=\"__tile31\"]"}
COMMAND: POST /session/d26a4c962c30a62404c7ee6425a84c84/element/f.CB35230D0BEACCAB597F868E996E95B6.d.0BBF6FD9D86F6E6E03826B0A924EAA06.e.8145/click - {}
RESULT: {}
COMMAND: GET /session/d26a4c962c30a62404c7ee6425a84c84/screenshot - {}
RESULT: {}
COMMAND: POST /session/d26a4c962c30a62404c7ee6425a84c84/element - {"using":"xpath","value":"//button[@data-kt=\"addNewRUOverflowToolbarButton\"]"}
RESULT: {"using":"xpath","value":"//button[@data-kt=\"addNewRUOverflowToolbarButton\"]"}
COMMAND: POST /session/d26a4c962c30a62404c7ee6425a84c84/element - {"using":"xpath","value":"//button[@data-kt=\"addNewRUOverflowToolbarButton\"]"}
RESULT: {"using":"xpath","value":"//button[@data-kt=\"addNewRUOverflowToolbarButton\"]"}
COMMAND: POST /session/d26a4c962c30a62404c7ee6425a84c84/element - {"using":"xpath","value":"//button[@data-kt=\"addNewRUOverflowToolbarButton\"]"}
RESULT: {"using":"xpath","value":"//button[@data-kt=\"addNewRUOverflowToolbarButton\"]"}
COMMAND: POST /session/d26a4c962c30a62404c7ee6425a84c84/element - {"using":"xpath","value":"//button[@data-kt=\"addNewRUOverflowToolbarButton\"]"}
RESULT: {"using":"xpath","value":"//button[@data-kt=\"addNewRUOverflowToolbarButton\"]"}
COMMAND: POST /session/d26a4c962c30a62404c7ee6425a84c84/element - {"using":"xpath","value":"//button[@data-kt=\"addNewRUOverflowToolbarButton\"]"}
COMMAND: POST /session/d26a4c962c30a62404c7ee6425a84c84/execute/async - {"script":"<script> [1562 bytes]","args":[{"selector":{"controlType":"sap.ui.core.Icon","viewName":"etm.portal.ui.manageresources.view.Master","viewId":"application-manageresources-display-component---masterRU","properties":{"src":{"regex":{"source":"add"}}}},"wdio_ui5_key":"etmportal.ui.manageresources.view.Mastersap.ui.core.Icon{\"src\":{\"regex\":{\"source\":\"add\"}}}"}]}
RESULT: {"using":"xpath","value":"//button[@data-kt=\"addNewRUOverflowToolbarButton\"]"}
RESULT: {"script":"<script> [1562 bytes]","args":[{"selector":{"controlType":"sap.ui.core.Icon","viewName":"etm.portal.ui.manageresources.view.Master","viewId":"application-manageresources-display-component---masterRU","properties":{"src":{"regex":{"source":"add"}}}},"wdio_ui5_key":"etmportal.ui.manageresources.view.Mastersap.ui.core.Icon{\"src\":{\"regex\":{\"source\":\"add\"}}}"}]}
RESULT: undefined
COMMAND: POST /session/d26a4c962c30a62404c7ee6425a84c84/element - {"using":"xpath","value":"//*[@id=\"__button5-img\"]"}
RESULT: {"using":"xpath","value":"//*[@id=\"__button5-img\"]"}
COMMAND: POST /session/d26a4c962c30a62404c7ee6425a84c84/element/f.CB35230D0BEACCAB597F868E996E95B6.d.0BBF6FD9D86F6E6E03826B0A924EAA06.e.8281/click - {}
RESULT: {}
COMMAND: GET /session/d26a4c962c30a62404c7ee6425a84c84/screenshot - {}
RESULT: {}
COMMAND: POST /session/d26a4c962c30a62404c7ee6425a84c84/execute/async - {"script":"<script> [1562 bytes]","args":[{"selector":{"controlType":"sap.m.ComboBox","viewName":"reusables.view.manageresources.NewResourceUnit","viewId":"application-manageresources-display-component---newResourceUnit","bindingPath":{"path":"","propertyPath":"/RuTypes","modelName":"catalogModel"},"searchOpenDialogs":true},"wdio_ui5_key":"reusablesview.manageresources.NewResourceUnitsap.m.ComboBox{\"path\":\"\",\"propertyPath\":\"/RuTypes\",\"modelName\":\"catalogModel\"}"}]}
RESULT: {"script":"<script> [1562 bytes]","args":[{"selector":{"controlType":"sap.m.ComboBox","viewName":"reusables.view.manageresources.NewResourceUnit","viewId":"application-manageresources-display-component---newResourceUnit","bindingPath":{"path":"","propertyPath":"/RuTypes","modelName":"catalogModel"},"searchOpenDialogs":true},"wdio_ui5_key":"reusablesview.manageresources.NewResourceUnitsap.m.ComboBox{\"path\":\"\",\"propertyPath\":\"/RuTypes\",\"modelName\":\"catalogModel\"}"}]}
RESULT: undefined
COMMAND: POST /session/d26a4c962c30a62404c7ee6425a84c84/execute/async - {"script":"<script> [1562 bytes]","args":[{"selector":{"controlType":"sap.m.ComboBox","viewName":"reusables.view.manageresources.NewResourceUnit","viewId":"application-manageresources-display-component---newResourceUnit","bindingPath":{"path":"","propertyPath":"/Yards","modelName":"catalogModel"},"searchOpenDialogs":true},"wdio_ui5_key":"reusablesview.manageresources.NewResourceUnitsap.m.ComboBox{\"path\":\"\",\"propertyPath\":\"/Yards\",\"modelName\":\"catalogModel\"}"}]}
RESULT: {"script":"<script> [1562 bytes]","args":[{"selector":{"controlType":"sap.m.ComboBox","viewName":"reusables.view.manageresources.NewResourceUnit","viewId":"application-manageresources-display-component---newResourceUnit","bindingPath":{"path":"","propertyPath":"/Yards","modelName":"catalogModel"},"searchOpenDialogs":true},"wdio_ui5_key":"reusablesview.manageresources.NewResourceUnitsap.m.ComboBox{\"path\":\"\",\"propertyPath\":\"/Yards\",\"modelName\":\"catalogModel\"}"}]}
RESULT: undefined
COMMAND: POST /session/d26a4c962c30a62404c7ee6425a84c84/execute/async - {"script":"<script> [1562 bytes]","args":[{"selector":{"controlType":"etm.portal.ui.reusables.customControls.LiveSearchComboBox","viewName":"reusables.view.manageresources.NewResourceUnit","viewId":"application-manageresources-display-component---newResourceUnit","bindingPath":{"path":"","propertyPath":"/CatalogItems","modelName":"catalogModel"},"searchOpenDialogs":true},"wdio_ui5_key":"reusablesview.manageresources.NewResourceUnitetm.portal.ui.reusables.customControls.LiveSearchComboBox{\"path\":\"\",\"propertyPath\":\"/CatalogItems\",\"modelName\":\"catalogModel\"}"}]}
RESULT: {"script":"<script> [1562 bytes]","args":[{"selector":{"controlType":"etm.portal.ui.reusables.customControls.LiveSearchComboBox","viewName":"reusables.view.manageresources.NewResourceUnit","viewId":"application-manageresources-display-component---newResourceUnit","bindingPath":{"path":"","propertyPath":"/CatalogItems","modelName":"catalogModel"},"searchOpenDialogs":true},"wdio_ui5_key":"reusablesview.manageresources.NewResourceUnitetm.portal.ui.reusables.customControls.LiveSearchComboBox{\"path\":\"\",\"propertyPath\":\"/CatalogItems\",\"modelName\":\"catalogModel\"}"}]}
RESULT: undefined
COMMAND: POST /session/d26a4c962c30a62404c7ee6425a84c84/element - {"using":"xpath","value":"//bdi[text()=\"OK\"]"}
RESULT: {"using":"xpath","value":"//bdi[text()=\"OK\"]"}
COMMAND: POST /session/d26a4c962c30a62404c7ee6425a84c84/elements - {"using":"xpath","value":"//bdi[text()=\"OK\"]"}
RESULT: {"using":"xpath","value":"//bdi[text()=\"OK\"]"}
COMMAND: POST /session/d26a4c962c30a62404c7ee6425a84c84/elements - {"using":"xpath","value":"//bdi[text()=\"OK\"]"}
RESULT: {"using":"xpath","value":"//bdi[text()=\"OK\"]"}
COMMAND: POST /session/d26a4c962c30a62404c7ee6425a84c84/elements - {"using":"xpath","value":"//bdi[text()=\"OK\"]"}
RESULT: {"using":"xpath","value":"//bdi[text()=\"OK\"]"}
COMMAND: POST /session/d26a4c962c30a62404c7ee6425a84c84/elements - {"using":"xpath","value":"//bdi[text()=\"OK\"]"}
RESULT: {"using":"xpath","value":"//bdi[text()=\"OK\"]"}
COMMAND: POST /session/d26a4c962c30a62404c7ee6425a84c84/elements - {"using":"xpath","value":"//bdi[text()=\"OK\"]"}
RESULT: {"using":"xpath","value":"//bdi[text()=\"OK\"]"}
COMMAND: POST /session/d26a4c962c30a62404c7ee6425a84c84/elements - {"using":"xpath","value":"//bdi[text()=\"OK\"]"}
RESULT: {"using":"xpath","value":"//bdi[text()=\"OK\"]"}
COMMAND: POST /session/d26a4c962c30a62404c7ee6425a84c84/elements - {"using":"xpath","value":"//bdi[text()=\"OK\"]"}
RESULT: {"using":"xpath","value":"//bdi[text()=\"OK\"]"}
COMMAND: POST /session/d26a4c962c30a62404c7ee6425a84c84/elements - {"using":"xpath","value":"//bdi[text()=\"OK\"]"}
RESULT: {"using":"xpath","value":"//bdi[text()=\"OK\"]"}
COMMAND: POST /session/d26a4c962c30a62404c7ee6425a84c84/elements - {"using":"xpath","value":"//bdi[text()=\"OK\"]"}
RESULT: {"using":"xpath","value":"//bdi[text()=\"OK\"]"}
COMMAND: POST /session/d26a4c962c30a62404c7ee6425a84c84/elements - {"using":"xpath","value":"//bdi[text()=\"OK\"]"}
RESULT: {"using":"xpath","value":"//bdi[text()=\"OK\"]"}
COMMAND: POST /session/d26a4c962c30a62404c7ee6425a84c84/elements - {"using":"xpath","value":"//bdi[text()=\"OK\"]"}
RESULT: {"using":"xpath","value":"//bdi[text()=\"OK\"]"}
COMMAND: POST /session/d26a4c962c30a62404c7ee6425a84c84/elements - {"using":"xpath","value":"//bdi[text()=\"OK\"]"}
RESULT: {"using":"xpath","value":"//bdi[text()=\"OK\"]"}
COMMAND: POST /session/d26a4c962c30a62404c7ee6425a84c84/elements - {"using":"xpath","value":"//bdi[text()=\"OK\"]"}
RESULT: {"using":"xpath","value":"//bdi[text()=\"OK\"]"}
COMMAND: POST /session/d26a4c962c30a62404c7ee6425a84c84/elements - {"using":"xpath","value":"//bdi[text()=\"OK\"]"}
RESULT: {"using":"xpath","value":"//bdi[text()=\"OK\"]"}
COMMAND: POST /session/d26a4c962c30a62404c7ee6425a84c84/elements - {"using":"xpath","value":"//bdi[text()=\"OK\"]"}
RESULT: {"using":"xpath","value":"//bdi[text()=\"OK\"]"}
COMMAND: POST /session/d26a4c962c30a62404c7ee6425a84c84/elements - {"using":"xpath","value":"//bdi[text()=\"OK\"]"}
RESULT: {"using":"xpath","value":"//bdi[text()=\"OK\"]"}
COMMAND: POST /session/d26a4c962c30a62404c7ee6425a84c84/elements - {"using":"xpath","value":"//bdi[text()=\"OK\"]"}
RESULT: {"using":"xpath","value":"//bdi[text()=\"OK\"]"}
COMMAND: POST /session/d26a4c962c30a62404c7ee6425a84c84/elements - {"using":"xpath","value":"//bdi[text()=\"OK\"]"}
RESULT: {"using":"xpath","value":"//bdi[text()=\"OK\"]"}
COMMAND: POST /session/d26a4c962c30a62404c7ee6425a84c84/elements - {"using":"xpath","value":"//bdi[text()=\"OK\"]"}
RESULT: {"using":"xpath","value":"//bdi[text()=\"OK\"]"}
COMMAND: POST /session/d26a4c962c30a62404c7ee6425a84c84/elements - {"using":"xpath","value":"//bdi[text()=\"OK\"]"}
RESULT: {"using":"xpath","value":"//bdi[text()=\"OK\"]"}
COMMAND: POST /session/d26a4c962c30a62404c7ee6425a84c84/elements - {"using":"xpath","value":"//bdi[text()=\"OK\"]"}
RESULT: {"using":"xpath","value":"//bdi[text()=\"OK\"]"}
COMMAND: POST /session/d26a4c962c30a62404c7ee6425a84c84/elements - {"using":"xpath","value":"//bdi[text()=\"OK\"]"}
RESULT: {"using":"xpath","value":"//bdi[text()=\"OK\"]"}
COMMAND: POST /session/d26a4c962c30a62404c7ee6425a84c84/elements - {"using":"xpath","value":"//bdi[text()=\"OK\"]"}
RESULT: {"using":"xpath","value":"//bdi[text()=\"OK\"]"}
COMMAND: POST /session/d26a4c962c30a62404c7ee6425a84c84/elements - {"using":"xpath","value":"//bdi[text()=\"OK\"]"}
RESULT: {"using":"xpath","value":"//bdi[text()=\"OK\"]"}
COMMAND: POST /session/d26a4c962c30a62404c7ee6425a84c84/elements - {"using":"xpath","value":"//bdi[text()=\"OK\"]"}
RESULT: {"using":"xpath","value":"//bdi[text()=\"OK\"]"}
COMMAND: POST /session/d26a4c962c30a62404c7ee6425a84c84/elements - {"using":"xpath","value":"//bdi[text()=\"OK\"]"}
RESULT: {"using":"xpath","value":"//bdi[text()=\"OK\"]"}
COMMAND: POST /session/d26a4c962c30a62404c7ee6425a84c84/elements - {"using":"xpath","value":"//bdi[text()=\"OK\"]"}
RESULT: {"using":"xpath","value":"//bdi[text()=\"OK\"]"}
COMMAND: POST /session/d26a4c962c30a62404c7ee6425a84c84/elements - {"using":"xpath","value":"//bdi[text()=\"OK\"]"}
RESULT: {"using":"xpath","value":"//bdi[text()=\"OK\"]"}
COMMAND: POST /session/d26a4c962c30a62404c7ee6425a84c84/elements - {"using":"xpath","value":"//bdi[text()=\"OK\"]"}
RESULT: {"using":"xpath","value":"//bdi[text()=\"OK\"]"}
COMMAND: POST /session/d26a4c962c30a62404c7ee6425a84c84/elements - {"using":"xpath","value":"//bdi[text()=\"OK\"]"}
RESULT: {"using":"xpath","value":"//bdi[text()=\"OK\"]"}
COMMAND: POST /session/d26a4c962c30a62404c7ee6425a84c84/elements - {"using":"xpath","value":"//bdi[text()=\"OK\"]"}
RESULT: {"using":"xpath","value":"//bdi[text()=\"OK\"]"}
COMMAND: POST /session/d26a4c962c30a62404c7ee6425a84c84/elements - {"using":"xpath","value":"//bdi[text()=\"OK\"]"}
RESULT: {"using":"xpath","value":"//bdi[text()=\"OK\"]"}
COMMAND: POST /session/d26a4c962c30a62404c7ee6425a84c84/elements - {"using":"xpath","value":"//bdi[text()=\"OK\"]"}
RESULT: {"using":"xpath","value":"//bdi[text()=\"OK\"]"}
COMMAND: POST /session/d26a4c962c30a62404c7ee6425a84c84/elements - {"using":"xpath","value":"//bdi[text()=\"OK\"]"}
RESULT: {"using":"xpath","value":"//bdi[text()=\"OK\"]"}
COMMAND: POST /session/d26a4c962c30a62404c7ee6425a84c84/elements - {"using":"xpath","value":"//bdi[text()=\"OK\"]"}
RESULT: {"using":"xpath","value":"//bdi[text()=\"OK\"]"}
COMMAND: POST /session/d26a4c962c30a62404c7ee6425a84c84/elements - {"using":"xpath","value":"//bdi[text()=\"OK\"]"}
RESULT: {"using":"xpath","value":"//bdi[text()=\"OK\"]"}
COMMAND: POST /session/d26a4c962c30a62404c7ee6425a84c84/elements - {"using":"xpath","value":"//bdi[text()=\"OK\"]"}
RESULT: {"using":"xpath","value":"//bdi[text()=\"OK\"]"}
COMMAND: POST /session/d26a4c962c30a62404c7ee6425a84c84/elements - {"using":"xpath","value":"//bdi[text()=\"OK\"]"}
RESULT: {"using":"xpath","value":"//bdi[text()=\"OK\"]"}
COMMAND: POST /session/d26a4c962c30a62404c7ee6425a84c84/elements - {"using":"xpath","value":"//bdi[text()=\"OK\"]"}
RESULT: {"using":"xpath","value":"//bdi[text()=\"OK\"]"}
COMMAND: POST /session/d26a4c962c30a62404c7ee6425a84c84/elements - {"using":"xpath","value":"//bdi[text()=\"OK\"]"}
RESULT: {"using":"xpath","value":"//bdi[text()=\"OK\"]"}
COMMAND: POST /session/d26a4c962c30a62404c7ee6425a84c84/elements - {"using":"xpath","value":"//bdi[text()=\"OK\"]"}
RESULT: {"using":"xpath","value":"//bdi[text()=\"OK\"]"}
COMMAND: POST /session/d26a4c962c30a62404c7ee6425a84c84/elements - {"using":"xpath","value":"//bdi[text()=\"OK\"]"}
RESULT: {"using":"xpath","value":"//bdi[text()=\"OK\"]"}
COMMAND: POST /session/d26a4c962c30a62404c7ee6425a84c84/elements - {"using":"xpath","value":"//bdi[text()=\"OK\"]"}
RESULT: {"using":"xpath","value":"//bdi[text()=\"OK\"]"}
COMMAND: POST /session/d26a4c962c30a62404c7ee6425a84c84/elements - {"using":"xpath","value":"//bdi[text()=\"OK\"]"}
RESULT: {"using":"xpath","value":"//bdi[text()=\"OK\"]"}
COMMAND: POST /session/d26a4c962c30a62404c7ee6425a84c84/elements - {"using":"xpath","value":"//bdi[text()=\"OK\"]"}
RESULT: {"using":"xpath","value":"//bdi[text()=\"OK\"]"}
COMMAND: POST /session/d26a4c962c30a62404c7ee6425a84c84/elements - {"using":"xpath","value":"//bdi[text()=\"OK\"]"}
RESULT: {"using":"xpath","value":"//bdi[text()=\"OK\"]"}
COMMAND: POST /session/d26a4c962c30a62404c7ee6425a84c84/elements - {"using":"xpath","value":"//bdi[text()=\"OK\"]"}
RESULT: {"using":"xpath","value":"//bdi[text()=\"OK\"]"}
COMMAND: POST /session/d26a4c962c30a62404c7ee6425a84c84/elements - {"using":"xpath","value":"//bdi[text()=\"OK\"]"}
RESULT: {"using":"xpath","value":"//bdi[text()=\"OK\"]"}
COMMAND: POST /session/d26a4c962c30a62404c7ee6425a84c84/elements - {"using":"xpath","value":"//bdi[text()=\"OK\"]"}
RESULT: {"using":"xpath","value":"//bdi[text()=\"OK\"]"}
COMMAND: POST /session/d26a4c962c30a62404c7ee6425a84c84/elements - {"using":"xpath","value":"//bdi[text()=\"OK\"]"}
RESULT: {"using":"xpath","value":"//bdi[text()=\"OK\"]"}
COMMAND: POST /session/d26a4c962c30a62404c7ee6425a84c84/elements - {"using":"xpath","value":"//bdi[text()=\"OK\"]"}
RESULT: {"using":"xpath","value":"//bdi[text()=\"OK\"]"}
COMMAND: POST /session/d26a4c962c30a62404c7ee6425a84c84/elements - {"using":"xpath","value":"//bdi[text()=\"OK\"]"}
RESULT: {"using":"xpath","value":"//bdi[text()=\"OK\"]"}
COMMAND: POST /session/d26a4c962c30a62404c7ee6425a84c84/elements - {"using":"xpath","value":"//bdi[text()=\"OK\"]"}
RESULT: {"using":"xpath","value":"//bdi[text()=\"OK\"]"}
COMMAND: POST /session/d26a4c962c30a62404c7ee6425a84c84/elements - {"using":"xpath","value":"//bdi[text()=\"OK\"]"}
RESULT: {"using":"xpath","value":"//bdi[text()=\"OK\"]"}
COMMAND: POST /session/d26a4c962c30a62404c7ee6425a84c84/elements - {"using":"xpath","value":"//bdi[text()=\"OK\"]"}
RESULT: {"using":"xpath","value":"//bdi[text()=\"OK\"]"}
COMMAND: POST /session/d26a4c962c30a62404c7ee6425a84c84/elements - {"using":"xpath","value":"//bdi[text()=\"OK\"]"}
RESULT: {"using":"xpath","value":"//bdi[text()=\"OK\"]"}
COMMAND: POST /session/d26a4c962c30a62404c7ee6425a84c84/elements - {"using":"xpath","value":"//bdi[text()=\"OK\"]"}
RESULT: {"using":"xpath","value":"//bdi[text()=\"OK\"]"}
COMMAND: POST /session/d26a4c962c30a62404c7ee6425a84c84/elements - {"using":"xpath","value":"//bdi[text()=\"OK\"]"}
RESULT: {"using":"xpath","value":"//bdi[text()=\"OK\"]"}
COMMAND: POST /session/d26a4c962c30a62404c7ee6425a84c84/elements - {"using":"xpath","value":"//bdi[text()=\"OK\"]"}
RESULT: {"using":"xpath","value":"//bdi[text()=\"OK\"]"}
COMMAND: POST /session/d26a4c962c30a62404c7ee6425a84c84/elements - {"using":"xpath","value":"//bdi[text()=\"OK\"]"}
RESULT: {"using":"xpath","value":"//bdi[text()=\"OK\"]"}
COMMAND: POST /session/d26a4c962c30a62404c7ee6425a84c84/elements - {"using":"xpath","value":"//bdi[text()=\"OK\"]"}
RESULT: {"using":"xpath","value":"//bdi[text()=\"OK\"]"}
COMMAND: POST /session/d26a4c962c30a62404c7ee6425a84c84/elements - {"using":"xpath","value":"//bdi[text()=\"OK\"]"}
RESULT: {"using":"xpath","value":"//bdi[text()=\"OK\"]"}
COMMAND: POST /session/d26a4c962c30a62404c7ee6425a84c84/elements - {"using":"xpath","value":"//bdi[text()=\"OK\"]"}
RESULT: {"using":"xpath","value":"//bdi[text()=\"OK\"]"}
COMMAND: POST /session/d26a4c962c30a62404c7ee6425a84c84/elements - {"using":"xpath","value":"//bdi[text()=\"OK\"]"}
RESULT: {"using":"xpath","value":"//bdi[text()=\"OK\"]"}
COMMAND: POST /session/d26a4c962c30a62404c7ee6425a84c84/elements - {"using":"xpath","value":"//bdi[text()=\"OK\"]"}
RESULT: {"using":"xpath","value":"//bdi[text()=\"OK\"]"}
COMMAND: POST /session/d26a4c962c30a62404c7ee6425a84c84/elements - {"using":"xpath","value":"//bdi[text()=\"OK\"]"}
RESULT: {"using":"xpath","value":"//bdi[text()=\"OK\"]"}
COMMAND: POST /session/d26a4c962c30a62404c7ee6425a84c84/elements - {"using":"xpath","value":"//bdi[text()=\"OK\"]"}
RESULT: {"using":"xpath","value":"//bdi[text()=\"OK\"]"}
COMMAND: POST /session/d26a4c962c30a62404c7ee6425a84c84/elements - {"using":"xpath","value":"//bdi[text()=\"OK\"]"}
RESULT: {"using":"xpath","value":"//bdi[text()=\"OK\"]"}
COMMAND: POST /session/d26a4c962c30a62404c7ee6425a84c84/elements - {"using":"xpath","value":"//bdi[text()=\"OK\"]"}
RESULT: {"using":"xpath","value":"//bdi[text()=\"OK\"]"}
COMMAND: POST /session/d26a4c962c30a62404c7ee6425a84c84/elements - {"using":"xpath","value":"//bdi[text()=\"OK\"]"}
RESULT: {"using":"xpath","value":"//bdi[text()=\"OK\"]"}
COMMAND: POST /session/d26a4c962c30a62404c7ee6425a84c84/elements - {"using":"xpath","value":"//bdi[text()=\"OK\"]"}
RESULT: {"using":"xpath","value":"//bdi[text()=\"OK\"]"}
COMMAND: POST /session/d26a4c962c30a62404c7ee6425a84c84/elements - {"using":"xpath","value":"//bdi[text()=\"OK\"]"}
RESULT: {"using":"xpath","value":"//bdi[text()=\"OK\"]"}
COMMAND: POST /session/d26a4c962c30a62404c7ee6425a84c84/elements - {"using":"xpath","value":"//bdi[text()=\"OK\"]"}
RESULT: {"using":"xpath","value":"//bdi[text()=\"OK\"]"}
COMMAND: POST /session/d26a4c962c30a62404c7ee6425a84c84/elements - {"using":"xpath","value":"//bdi[text()=\"OK\"]"}
RESULT: {"using":"xpath","value":"//bdi[text()=\"OK\"]"}
COMMAND: POST /session/d26a4c962c30a62404c7ee6425a84c84/elements - {"using":"xpath","value":"//bdi[text()=\"OK\"]"}
RESULT: {"using":"xpath","value":"//bdi[text()=\"OK\"]"}
COMMAND: POST /session/d26a4c962c30a62404c7ee6425a84c84/elements - {"using":"xpath","value":"//bdi[text()=\"OK\"]"}
RESULT: {"using":"xpath","value":"//bdi[text()=\"OK\"]"}
COMMAND: POST /session/d26a4c962c30a62404c7ee6425a84c84/elements - {"using":"xpath","value":"//bdi[text()=\"OK\"]"}
RESULT: {"using":"xpath","value":"//bdi[text()=\"OK\"]"}
COMMAND: POST /session/d26a4c962c30a62404c7ee6425a84c84/elements - {"using":"xpath","value":"//bdi[text()=\"OK\"]"}
RESULT: {"using":"xpath","value":"//bdi[text()=\"OK\"]"}
COMMAND: POST /session/d26a4c962c30a62404c7ee6425a84c84/elements - {"using":"xpath","value":"//bdi[text()=\"OK\"]"}
RESULT: {"using":"xpath","value":"//bdi[text()=\"OK\"]"}
COMMAND: POST /session/d26a4c962c30a62404c7ee6425a84c84/elements - {"using":"xpath","value":"//bdi[text()=\"OK\"]"}
RESULT: {"using":"xpath","value":"//bdi[text()=\"OK\"]"}
COMMAND: POST /session/d26a4c962c30a62404c7ee6425a84c84/elements - {"using":"xpath","value":"//bdi[text()=\"OK\"]"}
RESULT: {"using":"xpath","value":"//bdi[text()=\"OK\"]"}
COMMAND: POST /session/d26a4c962c30a62404c7ee6425a84c84/elements - {"using":"xpath","value":"//bdi[text()=\"OK\"]"}
RESULT: {"using":"xpath","value":"//bdi[text()=\"OK\"]"}
COMMAND: POST /session/d26a4c962c30a62404c7ee6425a84c84/elements - {"using":"xpath","value":"//bdi[text()=\"OK\"]"}
RESULT: {"using":"xpath","value":"//bdi[text()=\"OK\"]"}
COMMAND: POST /session/d26a4c962c30a62404c7ee6425a84c84/elements - {"using":"xpath","value":"//bdi[text()=\"OK\"]"}
RESULT: {"using":"xpath","value":"//bdi[text()=\"OK\"]"}
COMMAND: POST /session/d26a4c962c30a62404c7ee6425a84c84/elements - {"using":"xpath","value":"//bdi[text()=\"OK\"]"}
RESULT: {"using":"xpath","value":"//bdi[text()=\"OK\"]"}
COMMAND: POST /session/d26a4c962c30a62404c7ee6425a84c84/elements - {"using":"xpath","value":"//bdi[text()=\"OK\"]"}
RESULT: {"using":"xpath","value":"//bdi[text()=\"OK\"]"}
COMMAND: POST /session/d26a4c962c30a62404c7ee6425a84c84/elements - {"using":"xpath","value":"//bdi[text()=\"OK\"]"}
RESULT: {"using":"xpath","value":"//bdi[text()=\"OK\"]"}
COMMAND: POST /session/d26a4c962c30a62404c7ee6425a84c84/elements - {"using":"xpath","value":"//bdi[text()=\"OK\"]"}
RESULT: {"using":"xpath","value":"//bdi[text()=\"OK\"]"}
COMMAND: POST /session/d26a4c962c30a62404c7ee6425a84c84/elements - {"using":"xpath","value":"//bdi[text()=\"OK\"]"}
RESULT: {"using":"xpath","value":"//bdi[text()=\"OK\"]"}
COMMAND: POST /session/d26a4c962c30a62404c7ee6425a84c84/elements - {"using":"xpath","value":"//bdi[text()=\"OK\"]"}
RESULT: {"using":"xpath","value":"//bdi[text()=\"OK\"]"}
COMMAND: POST /session/d26a4c962c30a62404c7ee6425a84c84/elements - {"using":"xpath","value":"//bdi[text()=\"OK\"]"}
RESULT: {"using":"xpath","value":"//bdi[text()=\"OK\"]"}
COMMAND: POST /session/d26a4c962c30a62404c7ee6425a84c84/elements - {"using":"xpath","value":"//bdi[text()=\"OK\"]"}
RESULT: {"using":"xpath","value":"//bdi[text()=\"OK\"]"}
COMMAND: POST /session/d26a4c962c30a62404c7ee6425a84c84/elements - {"using":"xpath","value":"//bdi[text()=\"OK\"]"}
RESULT: {"using":"xpath","value":"//bdi[text()=\"OK\"]"}
COMMAND: POST /session/d26a4c962c30a62404c7ee6425a84c84/elements - {"using":"xpath","value":"//bdi[text()=\"OK\"]"}
RESULT: {"using":"xpath","value":"//bdi[text()=\"OK\"]"}
COMMAND: POST /session/d26a4c962c30a62404c7ee6425a84c84/elements - {"using":"xpath","value":"//bdi[text()=\"OK\"]"}
RESULT: {"using":"xpath","value":"//bdi[text()=\"OK\"]"}
COMMAND: POST /session/d26a4c962c30a62404c7ee6425a84c84/elements - {"using":"xpath","value":"//bdi[text()=\"OK\"]"}
RESULT: {"using":"xpath","value":"//bdi[text()=\"OK\"]"}
COMMAND: POST /session/d26a4c962c30a62404c7ee6425a84c84/elements - {"using":"xpath","value":"//bdi[text()=\"OK\"]"}
RESULT: {"using":"xpath","value":"//bdi[text()=\"OK\"]"}
COMMAND: POST /session/d26a4c962c30a62404c7ee6425a84c84/elements - {"using":"xpath","value":"//bdi[text()=\"OK\"]"}
RESULT: {"using":"xpath","value":"//bdi[text()=\"OK\"]"}
COMMAND: POST /session/d26a4c962c30a62404c7ee6425a84c84/elements - {"using":"xpath","value":"//bdi[text()=\"OK\"]"}
RESULT: {"using":"xpath","value":"//bdi[text()=\"OK\"]"}
COMMAND: POST /session/d26a4c962c30a62404c7ee6425a84c84/elements - {"using":"xpath","value":"//bdi[text()=\"OK\"]"}
RESULT: {"using":"xpath","value":"//bdi[text()=\"OK\"]"}
COMMAND: POST /session/d26a4c962c30a62404c7ee6425a84c84/elements - {"using":"xpath","value":"//bdi[text()=\"OK\"]"}
RESULT: {"using":"xpath","value":"//bdi[text()=\"OK\"]"}
COMMAND: POST /session/d26a4c962c30a62404c7ee6425a84c84/elements - {"using":"xpath","value":"//bdi[text()=\"OK\"]"}
RESULT: {"using":"xpath","value":"//bdi[text()=\"OK\"]"}
COMMAND: POST /session/d26a4c962c30a62404c7ee6425a84c84/elements - {"using":"xpath","value":"//bdi[text()=\"OK\"]"}
RESULT: {"using":"xpath","value":"//bdi[text()=\"OK\"]"}
COMMAND: POST /session/d26a4c962c30a62404c7ee6425a84c84/elements - {"using":"xpath","value":"//bdi[text()=\"OK\"]"}
RESULT: {"using":"xpath","value":"//bdi[text()=\"OK\"]"}
COMMAND: POST /session/d26a4c962c30a62404c7ee6425a84c84/elements - {"using":"xpath","value":"//bdi[text()=\"OK\"]"}
RESULT: {"using":"xpath","value":"//bdi[text()=\"OK\"]"}
COMMAND: POST /session/d26a4c962c30a62404c7ee6425a84c84/elements - {"using":"xpath","value":"//bdi[text()=\"OK\"]"}
RESULT: {"using":"xpath","value":"//bdi[text()=\"OK\"]"}
COMMAND: POST /session/d26a4c962c30a62404c7ee6425a84c84/elements - {"using":"xpath","value":"//bdi[text()=\"OK\"]"}
RESULT: {"using":"xpath","value":"//bdi[text()=\"OK\"]"}
COMMAND: POST /session/d26a4c962c30a62404c7ee6425a84c84/elements - {"using":"xpath","value":"//bdi[text()=\"OK\"]"}
RESULT: {"using":"xpath","value":"//bdi[text()=\"OK\"]"}
COMMAND: POST /session/d26a4c962c30a62404c7ee6425a84c84/elements - {"using":"xpath","value":"//bdi[text()=\"OK\"]"}
RESULT: {"using":"xpath","value":"//bdi[text()=\"OK\"]"}
COMMAND: POST /session/d26a4c962c30a62404c7ee6425a84c84/elements - {"using":"xpath","value":"//bdi[text()=\"OK\"]"}
RESULT: {"using":"xpath","value":"//bdi[text()=\"OK\"]"}
COMMAND: POST /session/d26a4c962c30a62404c7ee6425a84c84/elements - {"using":"xpath","value":"//bdi[text()=\"OK\"]"}
RESULT: {"using":"xpath","value":"//bdi[text()=\"OK\"]"}
COMMAND: POST /session/d26a4c962c30a62404c7ee6425a84c84/elements - {"using":"xpath","value":"//bdi[text()=\"OK\"]"}
RESULT: {"using":"xpath","value":"//bdi[text()=\"OK\"]"}
COMMAND: POST /session/d26a4c962c30a62404c7ee6425a84c84/elements - {"using":"xpath","value":"//bdi[text()=\"OK\"]"}
RESULT: {"using":"xpath","value":"//bdi[text()=\"OK\"]"}
COMMAND: POST /session/d26a4c962c30a62404c7ee6425a84c84/elements - {"using":"xpath","value":"//bdi[text()=\"OK\"]"}
RESULT: {"using":"xpath","value":"//bdi[text()=\"OK\"]"}
COMMAND: POST /session/d26a4c962c30a62404c7ee6425a84c84/elements - {"using":"xpath","value":"//bdi[text()=\"OK\"]"}
RESULT: {"using":"xpath","value":"//bdi[text()=\"OK\"]"}
COMMAND: POST /session/d26a4c962c30a62404c7ee6425a84c84/elements - {"using":"xpath","value":"//bdi[text()=\"OK\"]"}
RESULT: {"using":"xpath","value":"//bdi[text()=\"OK\"]"}
COMMAND: POST /session/d26a4c962c30a62404c7ee6425a84c84/elements - {"using":"xpath","value":"//bdi[text()=\"OK\"]"}
RESULT: {"using":"xpath","value":"//bdi[text()=\"OK\"]"}
COMMAND: POST /session/d26a4c962c30a62404c7ee6425a84c84/elements - {"using":"xpath","value":"//bdi[text()=\"OK\"]"}
RESULT: {"using":"xpath","value":"//bdi[text()=\"OK\"]"}
COMMAND: POST /session/d26a4c962c30a62404c7ee6425a84c84/elements - {"using":"xpath","value":"//bdi[text()=\"OK\"]"}
RESULT: {"using":"xpath","value":"//bdi[text()=\"OK\"]"}
COMMAND: POST /session/d26a4c962c30a62404c7ee6425a84c84/elements - {"using":"xpath","value":"//bdi[text()=\"OK\"]"}
RESULT: {"using":"xpath","value":"//bdi[text()=\"OK\"]"}
COMMAND: POST /session/d26a4c962c30a62404c7ee6425a84c84/elements - {"using":"xpath","value":"//bdi[text()=\"OK\"]"}
COMMAND: POST /session/d26a4c962c30a62404c7ee6425a84c84/element - {"using":"xpath","value":"//bdi[text()=\"OK\"]"}
RESULT: {"using":"xpath","value":"//bdi[text()=\"OK\"]"}
RESULT: {"using":"xpath","value":"//bdi[text()=\"OK\"]"}
COMMAND: POST /session/d26a4c962c30a62404c7ee6425a84c84/elements - {"using":"xpath","value":"//bdi[text()=\"OK\"]"}
RESULT: {"using":"xpath","value":"//bdi[text()=\"OK\"]"}
COMMAND: POST /session/d26a4c962c30a62404c7ee6425a84c84/elements - {"using":"xpath","value":"//bdi[text()=\"OK\"]"}
RESULT: {"using":"xpath","value":"//bdi[text()=\"OK\"]"}
COMMAND: POST /session/d26a4c962c30a62404c7ee6425a84c84/elements - {"using":"xpath","value":"//bdi[text()=\"OK\"]"}
RESULT: {"using":"xpath","value":"//bdi[text()=\"OK\"]"}
COMMAND: POST /session/d26a4c962c30a62404c7ee6425a84c84/elements - {"using":"xpath","value":"//bdi[text()=\"OK\"]"}
RESULT: {"using":"xpath","value":"//bdi[text()=\"OK\"]"}
COMMAND: POST /session/d26a4c962c30a62404c7ee6425a84c84/elements - {"using":"xpath","value":"//bdi[text()=\"OK\"]"}
RESULT: {"using":"xpath","value":"//bdi[text()=\"OK\"]"}
COMMAND: POST /session/d26a4c962c30a62404c7ee6425a84c84/elements - {"using":"xpath","value":"//bdi[text()=\"OK\"]"}
RESULT: {"using":"xpath","value":"//bdi[text()=\"OK\"]"}
COMMAND: POST /session/d26a4c962c30a62404c7ee6425a84c84/elements - {"using":"xpath","value":"//bdi[text()=\"OK\"]"}
RESULT: {"using":"xpath","value":"//bdi[text()=\"OK\"]"}
COMMAND: POST /session/d26a4c962c30a62404c7ee6425a84c84/elements - {"using":"xpath","value":"//bdi[text()=\"OK\"]"}
RESULT: {"using":"xpath","value":"//bdi[text()=\"OK\"]"}
COMMAND: POST /session/d26a4c962c30a62404c7ee6425a84c84/elements - {"using":"xpath","value":"//bdi[text()=\"OK\"]"}
RESULT: {"using":"xpath","value":"//bdi[text()=\"OK\"]"}
COMMAND: POST /session/d26a4c962c30a62404c7ee6425a84c84/elements - {"using":"xpath","value":"//bdi[text()=\"OK\"]"}
RESULT: {"using":"xpath","value":"//bdi[text()=\"OK\"]"}
COMMAND: POST /session/d26a4c962c30a62404c7ee6425a84c84/elements - {"using":"xpath","value":"//bdi[text()=\"OK\"]"}
RESULT: {"using":"xpath","value":"//bdi[text()=\"OK\"]"}
COMMAND: POST /session/d26a4c962c30a62404c7ee6425a84c84/elements - {"using":"xpath","value":"//bdi[text()=\"OK\"]"}
RESULT: {"using":"xpath","value":"//bdi[text()=\"OK\"]"}
COMMAND: POST /session/d26a4c962c30a62404c7ee6425a84c84/elements - {"using":"xpath","value":"//bdi[text()=\"OK\"]"}
RESULT: {"using":"xpath","value":"//bdi[text()=\"OK\"]"}
COMMAND: POST /session/d26a4c962c30a62404c7ee6425a84c84/elements - {"using":"xpath","value":"//bdi[text()=\"OK\"]"}
RESULT: {"using":"xpath","value":"//bdi[text()=\"OK\"]"}
COMMAND: POST /session/d26a4c962c30a62404c7ee6425a84c84/elements - {"using":"xpath","value":"//bdi[text()=\"OK\"]"}
RESULT: {"using":"xpath","value":"//bdi[text()=\"OK\"]"}
COMMAND: POST /session/d26a4c962c30a62404c7ee6425a84c84/elements - {"using":"xpath","value":"//bdi[text()=\"OK\"]"}
RESULT: {"using":"xpath","value":"//bdi[text()=\"OK\"]"}
COMMAND: POST /session/d26a4c962c30a62404c7ee6425a84c84/elements - {"using":"xpath","value":"//bdi[text()=\"OK\"]"}
RESULT: {"using":"xpath","value":"//bdi[text()=\"OK\"]"}
COMMAND: POST /session/d26a4c962c30a62404c7ee6425a84c84/elements - {"using":"xpath","value":"//bdi[text()=\"OK\"]"}
RESULT: {"using":"xpath","value":"//bdi[text()=\"OK\"]"}
COMMAND: POST /session/d26a4c962c30a62404c7ee6425a84c84/elements - {"using":"xpath","value":"//bdi[text()=\"OK\"]"}
RESULT: {"using":"xpath","value":"//bdi[text()=\"OK\"]"}
COMMAND: POST /session/d26a4c962c30a62404c7ee6425a84c84/elements - {"using":"xpath","value":"//bdi[text()=\"OK\"]"}
RESULT: {"using":"xpath","value":"//bdi[text()=\"OK\"]"}
COMMAND: POST /session/d26a4c962c30a62404c7ee6425a84c84/elements - {"using":"xpath","value":"//bdi[text()=\"OK\"]"}
RESULT: {"using":"xpath","value":"//bdi[text()=\"OK\"]"}
COMMAND: POST /session/d26a4c962c30a62404c7ee6425a84c84/elements - {"using":"xpath","value":"//bdi[text()=\"OK\"]"}
RESULT: {"using":"xpath","value":"//bdi[text()=\"OK\"]"}
COMMAND: POST /session/d26a4c962c30a62404c7ee6425a84c84/elements - {"using":"xpath","value":"//bdi[text()=\"OK\"]"}
RESULT: {"using":"xpath","value":"//bdi[text()=\"OK\"]"}
COMMAND: POST /session/d26a4c962c30a62404c7ee6425a84c84/elements - {"using":"xpath","value":"//bdi[text()=\"OK\"]"}
RESULT: {"using":"xpath","value":"//bdi[text()=\"OK\"]"}
COMMAND: POST /session/d26a4c962c30a62404c7ee6425a84c84/elements - {"using":"xpath","value":"//bdi[text()=\"OK\"]"}
RESULT: {"using":"xpath","value":"//bdi[text()=\"OK\"]"}
COMMAND: POST /session/d26a4c962c30a62404c7ee6425a84c84/elements - {"using":"xpath","value":"//bdi[text()=\"OK\"]"}
RESULT: {"using":"xpath","value":"//bdi[text()=\"OK\"]"}
COMMAND: POST /session/d26a4c962c30a62404c7ee6425a84c84/elements - {"using":"xpath","value":"//bdi[text()=\"OK\"]"}
RESULT: {"using":"xpath","value":"//bdi[text()=\"OK\"]"}
COMMAND: POST /session/d26a4c962c30a62404c7ee6425a84c84/elements - {"using":"xpath","value":"//bdi[text()=\"OK\"]"}
RESULT: {"using":"xpath","value":"//bdi[text()=\"OK\"]"}
COMMAND: POST /session/d26a4c962c30a62404c7ee6425a84c84/elements - {"using":"xpath","value":"//bdi[text()=\"OK\"]"}
RESULT: {"using":"xpath","value":"//bdi[text()=\"OK\"]"}
COMMAND: POST /session/d26a4c962c30a62404c7ee6425a84c84/elements - {"using":"xpath","value":"//bdi[text()=\"OK\"]"}
RESULT: {"using":"xpath","value":"//bdi[text()=\"OK\"]"}
COMMAND: POST /session/d26a4c962c30a62404c7ee6425a84c84/elements - {"using":"xpath","value":"//bdi[text()=\"OK\"]"}
RESULT: {"using":"xpath","value":"//bdi[text()=\"OK\"]"}
COMMAND: POST /session/d26a4c962c30a62404c7ee6425a84c84/elements - {"using":"xpath","value":"//bdi[text()=\"OK\"]"}
RESULT: {"using":"xpath","value":"//bdi[text()=\"OK\"]"}
COMMAND: POST /session/d26a4c962c30a62404c7ee6425a84c84/elements - {"using":"xpath","value":"//bdi[text()=\"OK\"]"}
RESULT: {"using":"xpath","value":"//bdi[text()=\"OK\"]"}
COMMAND: POST /session/d26a4c962c30a62404c7ee6425a84c84/elements - {"using":"xpath","value":"//bdi[text()=\"OK\"]"}
RESULT: {"using":"xpath","value":"//bdi[text()=\"OK\"]"}
COMMAND: POST /session/d26a4c962c30a62404c7ee6425a84c84/elements - {"using":"xpath","value":"//bdi[text()=\"OK\"]"}
RESULT: {"using":"xpath","value":"//bdi[text()=\"OK\"]"}
COMMAND: POST /session/d26a4c962c30a62404c7ee6425a84c84/elements - {"using":"xpath","value":"//bdi[text()=\"OK\"]"}
RESULT: {"using":"xpath","value":"//bdi[text()=\"OK\"]"}
COMMAND: POST /session/d26a4c962c30a62404c7ee6425a84c84/elements - {"using":"xpath","value":"//bdi[text()=\"OK\"]"}
RESULT: {"using":"xpath","value":"//bdi[text()=\"OK\"]"}
COMMAND: POST /session/d26a4c962c30a62404c7ee6425a84c84/elements - {"using":"xpath","value":"//bdi[text()=\"OK\"]"}
RESULT: {"using":"xpath","value":"//bdi[text()=\"OK\"]"}
COMMAND: POST /session/d26a4c962c30a62404c7ee6425a84c84/elements - {"using":"xpath","value":"//bdi[text()=\"OK\"]"}
RESULT: {"using":"xpath","value":"//bdi[text()=\"OK\"]"}
COMMAND: POST /session/d26a4c962c30a62404c7ee6425a84c84/elements - {"using":"xpath","value":"//bdi[text()=\"OK\"]"}
RESULT: {"using":"xpath","value":"//bdi[text()=\"OK\"]"}
COMMAND: POST /session/d26a4c962c30a62404c7ee6425a84c84/elements - {"using":"xpath","value":"//bdi[text()=\"OK\"]"}
RESULT: {"using":"xpath","value":"//bdi[text()=\"OK\"]"}
COMMAND: POST /session/d26a4c962c30a62404c7ee6425a84c84/elements - {"using":"xpath","value":"//bdi[text()=\"OK\"]"}
RESULT: {"using":"xpath","value":"//bdi[text()=\"OK\"]"}
COMMAND: POST /session/d26a4c962c30a62404c7ee6425a84c84/elements - {"using":"xpath","value":"//bdi[text()=\"OK\"]"}
RESULT: {"using":"xpath","value":"//bdi[text()=\"OK\"]"}
COMMAND: POST /session/d26a4c962c30a62404c7ee6425a84c84/elements - {"using":"xpath","value":"//bdi[text()=\"OK\"]"}
RESULT: {"using":"xpath","value":"//bdi[text()=\"OK\"]"}
COMMAND: POST /session/d26a4c962c30a62404c7ee6425a84c84/elements - {"using":"xpath","value":"//bdi[text()=\"OK\"]"}
RESULT: {"using":"xpath","value":"//bdi[text()=\"OK\"]"}
COMMAND: POST /session/d26a4c962c30a62404c7ee6425a84c84/elements - {"using":"xpath","value":"//bdi[text()=\"OK\"]"}
RESULT: {"using":"xpath","value":"//bdi[text()=\"OK\"]"}
COMMAND: POST /session/d26a4c962c30a62404c7ee6425a84c84/elements - {"using":"xpath","value":"//bdi[text()=\"OK\"]"}
RESULT: {"using":"xpath","value":"//bdi[text()=\"OK\"]"}
COMMAND: POST /session/d26a4c962c30a62404c7ee6425a84c84/elements - {"using":"xpath","value":"//bdi[text()=\"OK\"]"}
RESULT: {"using":"xpath","value":"//bdi[text()=\"OK\"]"}
COMMAND: POST /session/d26a4c962c30a62404c7ee6425a84c84/elements - {"using":"xpath","value":"//bdi[text()=\"OK\"]"}
RESULT: {"using":"xpath","value":"//bdi[text()=\"OK\"]"}
COMMAND: POST /session/d26a4c962c30a62404c7ee6425a84c84/elements - {"using":"xpath","value":"//bdi[text()=\"OK\"]"}
RESULT: {"using":"xpath","value":"//bdi[text()=\"OK\"]"}
COMMAND: POST /session/d26a4c962c30a62404c7ee6425a84c84/elements - {"using":"xpath","value":"//bdi[text()=\"OK\"]"}
RESULT: {"using":"xpath","value":"//bdi[text()=\"OK\"]"}
COMMAND: POST /session/d26a4c962c30a62404c7ee6425a84c84/elements - {"using":"xpath","value":"//bdi[text()=\"OK\"]"}
RESULT: {"using":"xpath","value":"//bdi[text()=\"OK\"]"}
COMMAND: POST /session/d26a4c962c30a62404c7ee6425a84c84/elements - {"using":"xpath","value":"//bdi[text()=\"OK\"]"}
RESULT: {"using":"xpath","value":"//bdi[text()=\"OK\"]"}
COMMAND: POST /session/d26a4c962c30a62404c7ee6425a84c84/elements - {"using":"xpath","value":"//bdi[text()=\"OK\"]"}
RESULT: {"using":"xpath","value":"//bdi[text()=\"OK\"]"}
COMMAND: POST /session/d26a4c962c30a62404c7ee6425a84c84/elements - {"using":"xpath","value":"//bdi[text()=\"OK\"]"}
RESULT: {"using":"xpath","value":"//bdi[text()=\"OK\"]"}
COMMAND: POST /session/d26a4c962c30a62404c7ee6425a84c84/elements - {"using":"xpath","value":"//bdi[text()=\"OK\"]"}
RESULT: {"using":"xpath","value":"//bdi[text()=\"OK\"]"}
COMMAND: POST /session/d26a4c962c30a62404c7ee6425a84c84/elements - {"using":"xpath","value":"//bdi[text()=\"OK\"]"}
RESULT: {"using":"xpath","value":"//bdi[text()=\"OK\"]"}
COMMAND: POST /session/d26a4c962c30a62404c7ee6425a84c84/elements - {"using":"xpath","value":"//bdi[text()=\"OK\"]"}
RESULT: {"using":"xpath","value":"//bdi[text()=\"OK\"]"}
COMMAND: POST /session/d26a4c962c30a62404c7ee6425a84c84/elements - {"using":"xpath","value":"//bdi[text()=\"OK\"]"}
RESULT: {"using":"xpath","value":"//bdi[text()=\"OK\"]"}
COMMAND: POST /session/d26a4c962c30a62404c7ee6425a84c84/elements - {"using":"xpath","value":"//bdi[text()=\"OK\"]"}
RESULT: {"using":"xpath","value":"//bdi[text()=\"OK\"]"}
COMMAND: POST /session/d26a4c962c30a62404c7ee6425a84c84/elements - {"using":"xpath","value":"//bdi[text()=\"OK\"]"}
RESULT: {"using":"xpath","value":"//bdi[text()=\"OK\"]"}
COMMAND: POST /session/d26a4c962c30a62404c7ee6425a84c84/elements - {"using":"xpath","value":"//bdi[text()=\"OK\"]"}
RESULT: {"using":"xpath","value":"//bdi[text()=\"OK\"]"}
COMMAND: POST /session/d26a4c962c30a62404c7ee6425a84c84/elements - {"using":"xpath","value":"//bdi[text()=\"OK\"]"}
RESULT: {"using":"xpath","value":"//bdi[text()=\"OK\"]"}
COMMAND: POST /session/d26a4c962c30a62404c7ee6425a84c84/elements - {"using":"xpath","value":"//bdi[text()=\"OK\"]"}
RESULT: {"using":"xpath","value":"//bdi[text()=\"OK\"]"}
COMMAND: POST /session/d26a4c962c30a62404c7ee6425a84c84/elements - {"using":"xpath","value":"//bdi[text()=\"OK\"]"}
RESULT: {"using":"xpath","value":"//bdi[text()=\"OK\"]"}
COMMAND: POST /session/d26a4c962c30a62404c7ee6425a84c84/elements - {"using":"xpath","value":"//bdi[text()=\"OK\"]"}
RESULT: {"using":"xpath","value":"//bdi[text()=\"OK\"]"}
COMMAND: POST /session/d26a4c962c30a62404c7ee6425a84c84/elements - {"using":"xpath","value":"//bdi[text()=\"OK\"]"}
RESULT: {"using":"xpath","value":"//bdi[text()=\"OK\"]"}
COMMAND: POST /session/d26a4c962c30a62404c7ee6425a84c84/elements - {"using":"xpath","value":"//bdi[text()=\"OK\"]"}
RESULT: {"using":"xpath","value":"//bdi[text()=\"OK\"]"}
COMMAND: POST /session/d26a4c962c30a62404c7ee6425a84c84/elements - {"using":"xpath","value":"//bdi[text()=\"OK\"]"}
RESULT: {"using":"xpath","value":"//bdi[text()=\"OK\"]"}
COMMAND: POST /session/d26a4c962c30a62404c7ee6425a84c84/elements - {"using":"xpath","value":"//bdi[text()=\"OK\"]"}
RESULT: {"using":"xpath","value":"//bdi[text()=\"OK\"]"}
COMMAND: POST /session/d26a4c962c30a62404c7ee6425a84c84/elements - {"using":"xpath","value":"//bdi[text()=\"OK\"]"}
RESULT: {"using":"xpath","value":"//bdi[text()=\"OK\"]"}
COMMAND: POST /session/d26a4c962c30a62404c7ee6425a84c84/elements - {"using":"xpath","value":"//bdi[text()=\"OK\"]"}
RESULT: {"using":"xpath","value":"//bdi[text()=\"OK\"]"}
COMMAND: POST /session/d26a4c962c30a62404c7ee6425a84c84/elements - {"using":"xpath","value":"//bdi[text()=\"OK\"]"}
RESULT: {"using":"xpath","value":"//bdi[text()=\"OK\"]"}
COMMAND: POST /session/d26a4c962c30a62404c7ee6425a84c84/elements - {"using":"xpath","value":"//bdi[text()=\"OK\"]"}
RESULT: {"using":"xpath","value":"//bdi[text()=\"OK\"]"}
COMMAND: POST /session/d26a4c962c30a62404c7ee6425a84c84/elements - {"using":"xpath","value":"//bdi[text()=\"OK\"]"}
RESULT: {"using":"xpath","value":"//bdi[text()=\"OK\"]"}
COMMAND: POST /session/d26a4c962c30a62404c7ee6425a84c84/elements - {"using":"xpath","value":"//bdi[text()=\"OK\"]"}
RESULT: {"using":"xpath","value":"//bdi[text()=\"OK\"]"}
COMMAND: POST /session/d26a4c962c30a62404c7ee6425a84c84/elements - {"using":"xpath","value":"//bdi[text()=\"OK\"]"}
RESULT: {"using":"xpath","value":"//bdi[text()=\"OK\"]"}
COMMAND: POST /session/d26a4c962c30a62404c7ee6425a84c84/elements - {"using":"xpath","value":"//bdi[text()=\"OK\"]"}
RESULT: {"using":"xpath","value":"//bdi[text()=\"OK\"]"}
COMMAND: POST /session/d26a4c962c30a62404c7ee6425a84c84/elements - {"using":"xpath","value":"//bdi[text()=\"OK\"]"}
RESULT: {"using":"xpath","value":"//bdi[text()=\"OK\"]"}
COMMAND: POST /session/d26a4c962c30a62404c7ee6425a84c84/elements - {"using":"xpath","value":"//bdi[text()=\"OK\"]"}
RESULT: {"using":"xpath","value":"//bdi[text()=\"OK\"]"}
COMMAND: POST /session/d26a4c962c30a62404c7ee6425a84c84/elements - {"using":"xpath","value":"//bdi[text()=\"OK\"]"}
RESULT: {"using":"xpath","value":"//bdi[text()=\"OK\"]"}
COMMAND: POST /session/d26a4c962c30a62404c7ee6425a84c84/elements - {"using":"xpath","value":"//bdi[text()=\"OK\"]"}
RESULT: {"using":"xpath","value":"//bdi[text()=\"OK\"]"}
COMMAND: POST /session/d26a4c962c30a62404c7ee6425a84c84/elements - {"using":"xpath","value":"//bdi[text()=\"OK\"]"}
RESULT: {"using":"xpath","value":"//bdi[text()=\"OK\"]"}
COMMAND: POST /session/d26a4c962c30a62404c7ee6425a84c84/elements - {"using":"xpath","value":"//bdi[text()=\"OK\"]"}
RESULT: {"using":"xpath","value":"//bdi[text()=\"OK\"]"}
COMMAND: POST /session/d26a4c962c30a62404c7ee6425a84c84/elements - {"using":"xpath","value":"//bdi[text()=\"OK\"]"}
RESULT: {"using":"xpath","value":"//bdi[text()=\"OK\"]"}
COMMAND: POST /session/d26a4c962c30a62404c7ee6425a84c84/elements - {"using":"xpath","value":"//bdi[text()=\"OK\"]"}
RESULT: {"using":"xpath","value":"//bdi[text()=\"OK\"]"}
COMMAND: POST /session/d26a4c962c30a62404c7ee6425a84c84/elements - {"using":"xpath","value":"//bdi[text()=\"OK\"]"}
RESULT: {"using":"xpath","value":"//bdi[text()=\"OK\"]"}
COMMAND: POST /session/d26a4c962c30a62404c7ee6425a84c84/elements - {"using":"xpath","value":"//bdi[text()=\"OK\"]"}
RESULT: {"using":"xpath","value":"//bdi[text()=\"OK\"]"}
COMMAND: POST /session/d26a4c962c30a62404c7ee6425a84c84/elements - {"using":"xpath","value":"//bdi[text()=\"OK\"]"}
RESULT: {"using":"xpath","value":"//bdi[text()=\"OK\"]"}
COMMAND: POST /session/d26a4c962c30a62404c7ee6425a84c84/elements - {"using":"xpath","value":"//bdi[text()=\"OK\"]"}
RESULT: {"using":"xpath","value":"//bdi[text()=\"OK\"]"}
COMMAND: POST /session/d26a4c962c30a62404c7ee6425a84c84/elements - {"using":"xpath","value":"//bdi[text()=\"OK\"]"}
RESULT: {"using":"xpath","value":"//bdi[text()=\"OK\"]"}
COMMAND: POST /session/d26a4c962c30a62404c7ee6425a84c84/elements - {"using":"xpath","value":"//bdi[text()=\"OK\"]"}
RESULT: {"using":"xpath","value":"//bdi[text()=\"OK\"]"}
COMMAND: POST /session/d26a4c962c30a62404c7ee6425a84c84/elements - {"using":"xpath","value":"//bdi[text()=\"OK\"]"}
RESULT: {"using":"xpath","value":"//bdi[text()=\"OK\"]"}
COMMAND: POST /session/d26a4c962c30a62404c7ee6425a84c84/elements - {"using":"xpath","value":"//bdi[text()=\"OK\"]"}
RESULT: {"using":"xpath","value":"//bdi[text()=\"OK\"]"}
COMMAND: POST /session/d26a4c962c30a62404c7ee6425a84c84/elements - {"using":"xpath","value":"//bdi[text()=\"OK\"]"}
RESULT: {"using":"xpath","value":"//bdi[text()=\"OK\"]"}
COMMAND: POST /session/d26a4c962c30a62404c7ee6425a84c84/elements - {"using":"xpath","value":"//bdi[text()=\"OK\"]"}
RESULT: {"using":"xpath","value":"//bdi[text()=\"OK\"]"}
COMMAND: POST /session/d26a4c962c30a62404c7ee6425a84c84/elements - {"using":"xpath","value":"//bdi[text()=\"OK\"]"}
RESULT: {"using":"xpath","value":"//bdi[text()=\"OK\"]"}
COMMAND: POST /session/d26a4c962c30a62404c7ee6425a84c84/elements - {"using":"xpath","value":"//bdi[text()=\"OK\"]"}
RESULT: {"using":"xpath","value":"//bdi[text()=\"OK\"]"}
COMMAND: POST /session/d26a4c962c30a62404c7ee6425a84c84/elements - {"using":"xpath","value":"//bdi[text()=\"OK\"]"}
RESULT: {"using":"xpath","value":"//bdi[text()=\"OK\"]"}
COMMAND: POST /session/d26a4c962c30a62404c7ee6425a84c84/elements - {"using":"xpath","value":"//bdi[text()=\"OK\"]"}
RESULT: {"using":"xpath","value":"//bdi[text()=\"OK\"]"}
COMMAND: POST /session/d26a4c962c30a62404c7ee6425a84c84/elements - {"using":"xpath","value":"//bdi[text()=\"OK\"]"}
RESULT: {"using":"xpath","value":"//bdi[text()=\"OK\"]"}
COMMAND: POST /session/d26a4c962c30a62404c7ee6425a84c84/elements - {"using":"xpath","value":"//bdi[text()=\"OK\"]"}
RESULT: {"using":"xpath","value":"//bdi[text()=\"OK\"]"}
COMMAND: POST /session/d26a4c962c30a62404c7ee6425a84c84/elements - {"using":"xpath","value":"//bdi[text()=\"OK\"]"}
RESULT: {"using":"xpath","value":"//bdi[text()=\"OK\"]"}
COMMAND: POST /session/d26a4c962c30a62404c7ee6425a84c84/elements - {"using":"xpath","value":"//bdi[text()=\"OK\"]"}
RESULT: {"using":"xpath","value":"//bdi[text()=\"OK\"]"}
COMMAND: POST /session/d26a4c962c30a62404c7ee6425a84c84/elements - {"using":"xpath","value":"//bdi[text()=\"OK\"]"}
RESULT: {"using":"xpath","value":"//bdi[text()=\"OK\"]"}
COMMAND: POST /session/d26a4c962c30a62404c7ee6425a84c84/elements - {"using":"xpath","value":"//bdi[text()=\"OK\"]"}
RESULT: {"using":"xpath","value":"//bdi[text()=\"OK\"]"}
COMMAND: POST /session/d26a4c962c30a62404c7ee6425a84c84/elements - {"using":"xpath","value":"//bdi[text()=\"OK\"]"}
RESULT: {"using":"xpath","value":"//bdi[text()=\"OK\"]"}
COMMAND: POST /session/d26a4c962c30a62404c7ee6425a84c84/elements - {"using":"xpath","value":"//bdi[text()=\"OK\"]"}
RESULT: {"using":"xpath","value":"//bdi[text()=\"OK\"]"}
COMMAND: POST /session/d26a4c962c30a62404c7ee6425a84c84/elements - {"using":"xpath","value":"//bdi[text()=\"OK\"]"}
RESULT: {"using":"xpath","value":"//bdi[text()=\"OK\"]"}
COMMAND: POST /session/d26a4c962c30a62404c7ee6425a84c84/elements - {"using":"xpath","value":"//bdi[text()=\"OK\"]"}
RESULT: {"using":"xpath","value":"//bdi[text()=\"OK\"]"}
COMMAND: POST /session/d26a4c962c30a62404c7ee6425a84c84/elements - {"using":"xpath","value":"//bdi[text()=\"OK\"]"}
RESULT: {"using":"xpath","value":"//bdi[text()=\"OK\"]"}
COMMAND: POST /session/d26a4c962c30a62404c7ee6425a84c84/elements - {"using":"xpath","value":"//bdi[text()=\"OK\"]"}
RESULT: {"using":"xpath","value":"//bdi[text()=\"OK\"]"}
COMMAND: POST /session/d26a4c962c30a62404c7ee6425a84c84/elements - {"using":"xpath","value":"//bdi[text()=\"OK\"]"}
RESULT: {"using":"xpath","value":"//bdi[text()=\"OK\"]"}
COMMAND: POST /session/d26a4c962c30a62404c7ee6425a84c84/elements - {"using":"xpath","value":"//bdi[text()=\"OK\"]"}
RESULT: {"using":"xpath","value":"//bdi[text()=\"OK\"]"}
COMMAND: POST /session/d26a4c962c30a62404c7ee6425a84c84/elements - {"using":"xpath","value":"//bdi[text()=\"OK\"]"}
RESULT: {"using":"xpath","value":"//bdi[text()=\"OK\"]"}
COMMAND: POST /session/d26a4c962c30a62404c7ee6425a84c84/elements - {"using":"xpath","value":"//bdi[text()=\"OK\"]"}
RESULT: {"using":"xpath","value":"//bdi[text()=\"OK\"]"}
COMMAND: POST /session/d26a4c962c30a62404c7ee6425a84c84/elements - {"using":"xpath","value":"//bdi[text()=\"OK\"]"}
RESULT: {"using":"xpath","value":"//bdi[text()=\"OK\"]"}
COMMAND: POST /session/d26a4c962c30a62404c7ee6425a84c84/elements - {"using":"xpath","value":"//bdi[text()=\"OK\"]"}
RESULT: {"using":"xpath","value":"//bdi[text()=\"OK\"]"}
COMMAND: POST /session/d26a4c962c30a62404c7ee6425a84c84/elements - {"using":"xpath","value":"//bdi[text()=\"OK\"]"}
RESULT: {"using":"xpath","value":"//bdi[text()=\"OK\"]"}
COMMAND: POST /session/d26a4c962c30a62404c7ee6425a84c84/elements - {"using":"xpath","value":"//bdi[text()=\"OK\"]"}
RESULT: {"using":"xpath","value":"//bdi[text()=\"OK\"]"}
COMMAND: POST /session/d26a4c962c30a62404c7ee6425a84c84/execute/async - {"script":"<script> [1562 bytes]","args":[{"selector":{"id":"application-manageresources-display-component---newResourceUnit--TYPE-arrow"},"wdio_ui5_key":"applicationmanageresources-display-component---newResourceUnit--TYPE-arrow"}]}
RESULT: {"script":"<script> [1562 bytes]","args":[{"selector":{"id":"application-manageresources-display-component---newResourceUnit--TYPE-arrow"},"wdio_ui5_key":"applicationmanageresources-display-component---newResourceUnit--TYPE-arrow"}]}
RESULT: undefined
COMMAND: POST /session/d26a4c962c30a62404c7ee6425a84c84/element - {"using":"xpath","value":"//*[@id=\"application-manageresources-display-component---newResourceUnit--TYPE-arrow\"]"}
RESULT: {"using":"xpath","value":"//*[@id=\"application-manageresources-display-component---newResourceUnit--TYPE-arrow\"]"}
COMMAND: POST /session/d26a4c962c30a62404c7ee6425a84c84/element/f.CB35230D0BEACCAB597F868E996E95B6.d.0BBF6FD9D86F6E6E03826B0A924EAA06.e.8605/click - {}
RESULT: {}
COMMAND: POST /session/d26a4c962c30a62404c7ee6425a84c84/execute/async - {"script":"<script> [1562 bytes]","args":[{"selector":{"controlType":"sap.m.StandardListItem","viewName":"reusables.view.manageresources.NewResourceUnit","viewId":"application-manageresources-display-component---newResourceUnit","properties":{"title":"Equipment"},"searchOpenDialogs":true,"interaction":{"idSuffix":"content"}},"wdio_ui5_key":"reusablesview.manageresources.NewResourceUnitsap.m.StandardListItem{\"title\":\"Equipment\"}"}]}
COMMAND: GET /session/d26a4c962c30a62404c7ee6425a84c84/screenshot - {}
RESULT: {"script":"<script> [1562 bytes]","args":[{"selector":{"controlType":"sap.m.StandardListItem","viewName":"reusables.view.manageresources.NewResourceUnit","viewId":"application-manageresources-display-component---newResourceUnit","properties":{"title":"Equipment"},"searchOpenDialogs":true,"interaction":{"idSuffix":"content"}},"wdio_ui5_key":"reusablesview.manageresources.NewResourceUnitsap.m.StandardListItem{\"title\":\"Equipment\"}"}]}
RESULT: undefined
COMMAND: POST /session/d26a4c962c30a62404c7ee6425a84c84/element - {"using":"xpath","value":"//*[@id=\"__item139\"]"}
RESULT: {}
RESULT: {"using":"xpath","value":"//*[@id=\"__item139\"]"}
COMMAND: POST /session/d26a4c962c30a62404c7ee6425a84c84/element/f.CB35230D0BEACCAB597F868E996E95B6.d.0BBF6FD9D86F6E6E03826B0A924EAA06.e.8608/click - {}
RESULT: {}
COMMAND: POST /session/d26a4c962c30a62404c7ee6425a84c84/execute/async - {"script":"<script> [1562 bytes]","args":[{"selector":{"id":"application-manageresources-display-component---newResourceUnit--resourceId","interaction":{"idSuffix":"inner"}},"wdio_ui5_key":"applicationmanageresources-display-component---newResourceUnit--resourceId"}]}
COMMAND: GET /session/d26a4c962c30a62404c7ee6425a84c84/screenshot - {}
RESULT: {}
RESULT: {"script":"<script> [1562 bytes]","args":[{"selector":{"id":"application-manageresources-display-component---newResourceUnit--resourceId","interaction":{"idSuffix":"inner"}},"wdio_ui5_key":"applicationmanageresources-display-component---newResourceUnit--resourceId"}]}
RESULT: undefined
COMMAND: POST /session/d26a4c962c30a62404c7ee6425a84c84/execute/async - {"script":"<script> [776 bytes]","args":[{"enterText":"EquipmentCounter t16nb","selector":{"id":"application-manageresources-display-component---newResourceUnit--resourceId","interaction":{"idSuffix":"inner"}},"clearTextFirst":true,"interactionType":"ENTER_TEXT"}]}
RESULT: {"script":"<script> [776 bytes]","args":[{"enterText":"EquipmentCounter t16nb","selector":{"id":"application-manageresources-display-component---newResourceUnit--resourceId","interaction":{"idSuffix":"inner"}},"clearTextFirst":true,"interactionType":"ENTER_TEXT"}]}
COMMAND: POST /session/d26a4c962c30a62404c7ee6425a84c84/execute/async - {"script":"<script> [1562 bytes]","args":[{"selector":{"id":"application-manageresources-display-component---newResourceUnit--SHORT_TEXT","interaction":{"idSuffix":"inner"}},"wdio_ui5_key":"applicationmanageresources-display-component---newResourceUnit--SHORT_TEXT"}]}
RESULT: {"script":"<script> [1562 bytes]","args":[{"selector":{"id":"application-manageresources-display-component---newResourceUnit--SHORT_TEXT","interaction":{"idSuffix":"inner"}},"wdio_ui5_key":"applicationmanageresources-display-component---newResourceUnit--SHORT_TEXT"}]}
RESULT: undefined
COMMAND: POST /session/d26a4c962c30a62404c7ee6425a84c84/execute/async - {"script":"<script> [776 bytes]","args":[{"enterText":"EquipmentCounter t16nb","selector":{"id":"application-manageresources-display-component---newResourceUnit--SHORT_TEXT","interaction":{"idSuffix":"inner"}},"clearTextFirst":true,"interactionType":"ENTER_TEXT"}]}
RESULT: {"script":"<script> [776 bytes]","args":[{"enterText":"EquipmentCounter t16nb","selector":{"id":"application-manageresources-display-component---newResourceUnit--SHORT_TEXT","interaction":{"idSuffix":"inner"}},"clearTextFirst":true,"interactionType":"ENTER_TEXT"}]}
COMMAND: POST /session/d26a4c962c30a62404c7ee6425a84c84/execute/async - {"script":"<script> [1562 bytes]","args":[{"selector":{"id":"application-manageresources-display-component---newResourceUnit--BASE_UNIT_OF_MEASURE","interaction":{"idSuffix":"inner"}},"wdio_ui5_key":"applicationmanageresources-display-component---newResourceUnit--BASE_UNIT_OF_MEASURE"}]}
RESULT: {"script":"<script> [1562 bytes]","args":[{"selector":{"id":"application-manageresources-display-component---newResourceUnit--BASE_UNIT_OF_MEASURE","interaction":{"idSuffix":"inner"}},"wdio_ui5_key":"applicationmanageresources-display-component---newResourceUnit--BASE_UNIT_OF_MEASURE"}]}
RESULT: undefined
COMMAND: POST /session/d26a4c962c30a62404c7ee6425a84c84/execute/async - {"script":"<script> [776 bytes]","args":[{"enterText":"Piece","selector":{"id":"application-manageresources-display-component---newResourceUnit--BASE_UNIT_OF_MEASURE","interaction":{"idSuffix":"inner"}},"clearTextFirst":true,"interactionType":"ENTER_TEXT"}]}
RESULT: {"script":"<script> [776 bytes]","args":[{"enterText":"Piece","selector":{"id":"application-manageresources-display-component---newResourceUnit--BASE_UNIT_OF_MEASURE","interaction":{"idSuffix":"inner"}},"clearTextFirst":true,"interactionType":"ENTER_TEXT"}]}
COMMAND: POST /session/d26a4c962c30a62404c7ee6425a84c84/execute/async - {"script":"<script> [1562 bytes]","args":[{"selector":{"id":"application-manageresources-display-component---newResourceUnit--WEIGHT_UNIT","interaction":{"idSuffix":"inner"}},"wdio_ui5_key":"applicationmanageresources-display-component---newResourceUnit--WEIGHT_UNIT"}]}
RESULT: {"script":"<script> [1562 bytes]","args":[{"selector":{"id":"application-manageresources-display-component---newResourceUnit--WEIGHT_UNIT","interaction":{"idSuffix":"inner"}},"wdio_ui5_key":"applicationmanageresources-display-component---newResourceUnit--WEIGHT_UNIT"}]}
RESULT: undefined
COMMAND: POST /session/d26a4c962c30a62404c7ee6425a84c84/execute/async - {"script":"<script> [776 bytes]","args":[{"enterText":"Gram","selector":{"id":"application-manageresources-display-component---newResourceUnit--WEIGHT_UNIT","interaction":{"idSuffix":"inner"}},"clearTextFirst":true,"interactionType":"ENTER_TEXT"}]}
RESULT: {"script":"<script> [776 bytes]","args":[{"enterText":"Gram","selector":{"id":"application-manageresources-display-component---newResourceUnit--WEIGHT_UNIT","interaction":{"idSuffix":"inner"}},"clearTextFirst":true,"interactionType":"ENTER_TEXT"}]}
COMMAND: POST /session/d26a4c962c30a62404c7ee6425a84c84/execute/async - {"script":"<script> [1562 bytes]","args":[{"selector":{"id":"application-manageresources-display-component---newResourceUnit--newRRUPage-OPHeaderContent-collapseBtn-img"},"wdio_ui5_key":"applicationmanageresources-display-component---newResourceUnit--newRRUPage-OPHeaderContent-collapseBtn-img"}]}
RESULT: {"script":"<script> [1562 bytes]","args":[{"selector":{"id":"application-manageresources-display-component---newResourceUnit--newRRUPage-OPHeaderContent-collapseBtn-img"},"wdio_ui5_key":"applicationmanageresources-display-component---newResourceUnit--newRRUPage-OPHeaderContent-collapseBtn-img"}]}
RESULT: undefined
COMMAND: POST /session/d26a4c962c30a62404c7ee6425a84c84/element - {"using":"xpath","value":"//*[@id=\"application-manageresources-display-component---newResourceUnit--newRRUPage-OPHeaderContent-collapseBtn-img\"]"}
RESULT: {"using":"xpath","value":"//*[@id=\"application-manageresources-display-component---newResourceUnit--newRRUPage-OPHeaderContent-collapseBtn-img\"]"}
COMMAND: POST /session/d26a4c962c30a62404c7ee6425a84c84/element/f.CB35230D0BEACCAB597F868E996E95B6.d.0BBF6FD9D86F6E6E03826B0A924EAA06.e.8616/click - {}
RESULT: {}
COMMAND: GET /session/d26a4c962c30a62404c7ee6425a84c84/screenshot - {}
RESULT: {}
COMMAND: POST /session/d26a4c962c30a62404c7ee6425a84c84/element - {"using":"xpath","value":"(//span[contains(@id ,\"application-manageresources-display-component---newResourceUnit--DIMENSION_UNIT-arrow\")])[1]"}
RESULT: {"using":"xpath","value":"(//span[contains(@id ,\"application-manageresources-display-component---newResourceUnit--DIMENSION_UNIT-arrow\")])[1]"}
COMMAND: POST /session/d26a4c962c30a62404c7ee6425a84c84/element/f.CB35230D0BEACCAB597F868E996E95B6.d.0BBF6FD9D86F6E6E03826B0A924EAA06.e.8740/click - {}
RESULT: {}
COMMAND: GET /session/d26a4c962c30a62404c7ee6425a84c84/screenshot - {}
RESULT: {}
COMMAND: POST /session/d26a4c962c30a62404c7ee6425a84c84/execute/async - {"script":"<script> [1562 bytes]","args":[{"selector":{"controlType":"sap.m.StandardListItem","viewName":"reusables.view.manageresources.NewResourceUnit","viewId":"application-manageresources-display-component---newResourceUnit","properties":{"title":"Centimeter"},"searchOpenDialogs":true,"interaction":{"idSuffix":"titleText"}},"wdio_ui5_key":"reusablesview.manageresources.NewResourceUnitsap.m.StandardListItem{\"title\":\"Centimeter\"}"}]}
RESULT: {"script":"<script> [1562 bytes]","args":[{"selector":{"controlType":"sap.m.StandardListItem","viewName":"reusables.view.manageresources.NewResourceUnit","viewId":"application-manageresources-display-component---newResourceUnit","properties":{"title":"Centimeter"},"searchOpenDialogs":true,"interaction":{"idSuffix":"titleText"}},"wdio_ui5_key":"reusablesview.manageresources.NewResourceUnitsap.m.StandardListItem{\"title\":\"Centimeter\"}"}]}
RESULT: undefined
COMMAND: POST /session/d26a4c962c30a62404c7ee6425a84c84/element - {"using":"xpath","value":"//*[@id=\"__item182\"]"}
RESULT: {"using":"xpath","value":"//*[@id=\"__item182\"]"}
COMMAND: POST /session/d26a4c962c30a62404c7ee6425a84c84/element/f.CB35230D0BEACCAB597F868E996E95B6.d.0BBF6FD9D86F6E6E03826B0A924EAA06.e.8744/click - {}
RESULT: {}
COMMAND: GET /session/d26a4c962c30a62404c7ee6425a84c84/screenshot - {}
RESULT: {}
COMMAND: POST /session/d26a4c962c30a62404c7ee6425a84c84/execute/async - {"script":"<script> [1562 bytes]","args":[{"selector":{"id":"application-manageresources-display-component---newResourceUnit--newRRUPage-anchBar-application-manageresources-display-component---newResourceUnit--control-anchor","interaction":{"idSuffix":"BDI-content"}},"wdio_ui5_key":"applicationmanageresources-display-component---newResourceUnit--newRRUPage-anchBar-application-manageresources-display-component---newResourceUnit--control-anchor"}]}
RESULT: {"script":"<script> [1562 bytes]","args":[{"selector":{"id":"application-manageresources-display-component---newResourceUnit--newRRUPage-anchBar-application-manageresources-display-component---newResourceUnit--control-anchor","interaction":{"idSuffix":"BDI-content"}},"wdio_ui5_key":"applicationmanageresources-display-component---newResourceUnit--newRRUPage-anchBar-application-manageresources-display-component---newResourceUnit--control-anchor"}]}
RESULT: undefined
COMMAND: POST /session/d26a4c962c30a62404c7ee6425a84c84/element - {"using":"xpath","value":"//*[@id=\"application-manageresources-display-component---newResourceUnit--newRRUPage-anchBar-application-manageresources-display-component---newResourceUnit--control-anchor\"]"}
RESULT: {"using":"xpath","value":"//*[@id=\"application-manageresources-display-component---newResourceUnit--newRRUPage-anchBar-application-manageresources-display-component---newResourceUnit--control-anchor\"]"}
COMMAND: POST /session/d26a4c962c30a62404c7ee6425a84c84/element/f.CB35230D0BEACCAB597F868E996E95B6.d.0BBF6FD9D86F6E6E03826B0A924EAA06.e.8746/click - {}
RESULT: {}
COMMAND: POST /session/d26a4c962c30a62404c7ee6425a84c84/execute/async - {"script":"<script> [1562 bytes]","args":[{"selector":{"id":"application-manageresources-display-component---newResourceUnit--PLANNING_GROUP","interaction":{"idSuffix":"inner"}},"wdio_ui5_key":"applicationmanageresources-display-component---newResourceUnit--PLANNING_GROUP"}]}
COMMAND: GET /session/d26a4c962c30a62404c7ee6425a84c84/screenshot - {}
RESULT: {"script":"<script> [1562 bytes]","args":[{"selector":{"id":"application-manageresources-display-component---newResourceUnit--PLANNING_GROUP","interaction":{"idSuffix":"inner"}},"wdio_ui5_key":"applicationmanageresources-display-component---newResourceUnit--PLANNING_GROUP"}]}
RESULT: undefined
COMMAND: POST /session/d26a4c962c30a62404c7ee6425a84c84/execute/async - {"script":"<script> [776 bytes]","args":[{"enterText":"Heavy Equi","selector":{"id":"application-manageresources-display-component---newResourceUnit--PLANNING_GROUP","interaction":{"idSuffix":"inner"}},"clearTextFirst":true,"interactionType":"ENTER_TEXT"}]}
RESULT: {}
RESULT: {"script":"<script> [776 bytes]","args":[{"enterText":"Heavy Equi","selector":{"id":"application-manageresources-display-component---newResourceUnit--PLANNING_GROUP","interaction":{"idSuffix":"inner"}},"clearTextFirst":true,"interactionType":"ENTER_TEXT"}]}
COMMAND: POST /session/d26a4c962c30a62404c7ee6425a84c84/execute/async - {"script":"<script> [1562 bytes]","args":[{"selector":{"id":"application-manageresources-display-component---newResourceUnit--ITEM_TYPE-arrow"},"wdio_ui5_key":"applicationmanageresources-display-component---newResourceUnit--ITEM_TYPE-arrow"}]}
RESULT: {"script":"<script> [1562 bytes]","args":[{"selector":{"id":"application-manageresources-display-component---newResourceUnit--ITEM_TYPE-arrow"},"wdio_ui5_key":"applicationmanageresources-display-component---newResourceUnit--ITEM_TYPE-arrow"}]}
RESULT: undefined
COMMAND: POST /session/d26a4c962c30a62404c7ee6425a84c84/element - {"using":"xpath","value":"//*[@id=\"application-manageresources-display-component---newResourceUnit--ITEM_TYPE-arrow\"]"}
RESULT: {"using":"xpath","value":"//*[@id=\"application-manageresources-display-component---newResourceUnit--ITEM_TYPE-arrow\"]"}
COMMAND: POST /session/d26a4c962c30a62404c7ee6425a84c84/element/f.CB35230D0BEACCAB597F868E996E95B6.d.0BBF6FD9D86F6E6E03826B0A924EAA06.e.8751/click - {}
RESULT: {}
COMMAND: POST /session/d26a4c962c30a62404c7ee6425a84c84/execute/async - {"script":"<script> [1562 bytes]","args":[{"selector":{"controlType":"sap.m.StandardListItem","viewName":"reusables.view.manageresources.NewResourceUnit","viewId":"application-manageresources-display-component---newResourceUnit","properties":{"title":"Resource Unit"},"searchOpenDialogs":true,"interaction":{"idSuffix":"titleText"}},"wdio_ui5_key":"reusablesview.manageresources.NewResourceUnitsap.m.StandardListItem{\"title\":\"Resource Unit\"}"}]}
COMMAND: GET /session/d26a4c962c30a62404c7ee6425a84c84/screenshot - {}
RESULT: {"script":"<script> [1562 bytes]","args":[{"selector":{"controlType":"sap.m.StandardListItem","viewName":"reusables.view.manageresources.NewResourceUnit","viewId":"application-manageresources-display-component---newResourceUnit","properties":{"title":"Resource Unit"},"searchOpenDialogs":true,"interaction":{"idSuffix":"titleText"}},"wdio_ui5_key":"reusablesview.manageresources.NewResourceUnitsap.m.StandardListItem{\"title\":\"Resource Unit\"}"}]}
RESULT: undefined
COMMAND: POST /session/d26a4c962c30a62404c7ee6425a84c84/element - {"using":"xpath","value":"//*[@id=\"__item204\"]"}
RESULT: {}
RESULT: {"using":"xpath","value":"//*[@id=\"__item204\"]"}
COMMAND: POST /session/d26a4c962c30a62404c7ee6425a84c84/element/f.CB35230D0BEACCAB597F868E996E95B6.d.0BBF6FD9D86F6E6E03826B0A924EAA06.e.8753/click - {}
RESULT: {}
COMMAND: POST /session/d26a4c962c30a62404c7ee6425a84c84/element - {"using":"xpath","value":"//bdi[contains(text(), \"Time Segment\")]"}
COMMAND: GET /session/d26a4c962c30a62404c7ee6425a84c84/screenshot - {}
RESULT: {"using":"xpath","value":"//bdi[contains(text(), \"Time Segment\")]"}
COMMAND: GET /session/d26a4c962c30a62404c7ee6425a84c84/element/f.CB35230D0BEACCAB597F868E996E95B6.d.0BBF6FD9D86F6E6E03826B0A924EAA06.e.8754/rect - {}
RESULT: {}
RESULT: {}
COMMAND: GET /session/d26a4c962c30a62404c7ee6425a84c84/window/rect - {}
RESULT: {}
COMMAND: POST /session/d26a4c962c30a62404c7ee6425a84c84/execute/sync - {"script":"<script> [92 bytes]","args":[]}
RESULT: {"script":"<script> [92 bytes]","args":[]}
COMMAND: POST /session/d26a4c962c30a62404c7ee6425a84c84/actions - {"actions":[{"id":"action21","type":"wheel","parameters":{},"actions":[{"type":"scroll","x":-1820,"y":-21,"deltaX":0,"deltaY":0,"duration":0,"origin":{"element-6066-11e4-a52e-4f735466cecf":"f.CB35230D0BEACCAB597F868E996E95B6.d.0BBF6FD9D86F6E6E03826B0A924EAA06.e.8754"}}]}]}
COMMAND: GET /session/d26a4c962c30a62404c7ee6425a84c84/screenshot - {}
RESULT: {}
COMMAND: POST /session/d26a4c962c30a62404c7ee6425a84c84/execute/sync - {"script":"<script> [79 bytes]","args":[{"element-6066-11e4-a52e-4f735466cecf":"f.CB35230D0BEACCAB597F868E996E95B6.d.0BBF6FD9D86F6E6E03826B0A924EAA06.e.8754","ELEMENT":"f.CB35230D0BEACCAB597F868E996E95B6.d.0BBF6FD9D86F6E6E03826B0A924EAA06.e.8754"},{"block":"start","inline":"nearest"}]}
RESULT: {"script":"<script> [79 bytes]","args":[{"element-6066-11e4-a52e-4f735466cecf":"f.CB35230D0BEACCAB597F868E996E95B6.d.0BBF6FD9D86F6E6E03826B0A924EAA06.e.8754","ELEMENT":"f.CB35230D0BEACCAB597F868E996E95B6.d.0BBF6FD9D86F6E6E03826B0A924EAA06.e.8754"},{"block":"start","inline":"nearest"}]}
COMMAND: POST /session/d26a4c962c30a62404c7ee6425a84c84/execute/async - {"script":"<script> [1562 bytes]","args":[{"selector":{"id":"application-manageresources-display-component---newResourceUnit--btnAddTimeSegment-img"},"wdio_ui5_key":"applicationmanageresources-display-component---newResourceUnit--btnAddTimeSegment-img"}]}
COMMAND: GET /session/d26a4c962c30a62404c7ee6425a84c84/screenshot - {}
RESULT: {"script":"<script> [1562 bytes]","args":[{"selector":{"id":"application-manageresources-display-component---newResourceUnit--btnAddTimeSegment-img"},"wdio_ui5_key":"applicationmanageresources-display-component---newResourceUnit--btnAddTimeSegment-img"}]}
RESULT: undefined
COMMAND: POST /session/d26a4c962c30a62404c7ee6425a84c84/element - {"using":"xpath","value":"//*[@id=\"application-manageresources-display-component---newResourceUnit--btnAddTimeSegment-img\"]"}
RESULT: {}
RESULT: {"using":"xpath","value":"//*[@id=\"application-manageresources-display-component---newResourceUnit--btnAddTimeSegment-img\"]"}
COMMAND: POST /session/d26a4c962c30a62404c7ee6425a84c84/element/f.CB35230D0BEACCAB597F868E996E95B6.d.0BBF6FD9D86F6E6E03826B0A924EAA06.e.8757/click - {}
RESULT: {}
COMMAND: POST /session/d26a4c962c30a62404c7ee6425a84c84/element - {"using":"xpath","value":"//input[@id=\"application-manageresources-display-component---newResourceUnit--idRuTSAdmin-application-manageresources-display-component---newResourceUnit--RUTimeSegment-0-inner\"]"}
COMMAND: GET /session/d26a4c962c30a62404c7ee6425a84c84/screenshot - {}
RESULT: {"using":"xpath","value":"//input[@id=\"application-manageresources-display-component---newResourceUnit--idRuTSAdmin-application-manageresources-display-component---newResourceUnit--RUTimeSegment-0-inner\"]"}
COMMAND: POST /session/d26a4c962c30a62404c7ee6425a84c84/element/f.CB35230D0BEACCAB597F868E996E95B6.d.0BBF6FD9D86F6E6E03826B0A924EAA06.e.8761/clear - {}
RESULT: {}
RESULT: {}
COMMAND: POST /session/d26a4c962c30a62404c7ee6425a84c84/element/f.CB35230D0BEACCAB597F868E996E95B6.d.0BBF6FD9D86F6E6E03826B0A924EAA06.e.8761/value - {"text":"Webdriver Yard"}
COMMAND: GET /session/d26a4c962c30a62404c7ee6425a84c84/screenshot - {}
RESULT: {"text":"Webdriver Yard"}
COMMAND: GET /session/d26a4c962c30a62404c7ee6425a84c84/screenshot - {}
RESULT: {}
RESULT: {}
COMMAND: POST /session/d26a4c962c30a62404c7ee6425a84c84/actions - {"actions":[{"id":"action22","type":"key","parameters":{},"actions":[{"type":"keyDown","value":"î€‡"},{"type":"pause","duration":10},{"type":"keyUp","value":"î€‡"}]}]}
RESULT: {"actions":[{"id":"action22","type":"key","parameters":{},"actions":[{"type":"keyDown","value":"î€‡"},{"type":"pause","duration":10},{"type":"keyUp","value":"î€‡"}]}]}
COMMAND: POST /session/d26a4c962c30a62404c7ee6425a84c84/execute/async - {"script":"<script> [1562 bytes]","args":[{"selector":{"controlType":"sap.ui.core.Icon","viewName":"reusables.view.manageresources.NewResourceUnit","viewId":"application-manageresources-display-component---newResourceUnit","properties":{"src":{"regex":{"source":"slim\\-arrow\\-down"}}},"ancestor":{"controlType":"sap.m.ComboBox","viewName":"reusables.view.manageresources.NewResourceUnit","viewId":"application-manageresources-display-component---newResourceUnit","bindingPath":{"path":"/RESOURCE_UNIT_TIME_SEQUENCES/0","propertyPath":"COST_OBJECT_ADMIN_CST_TYPE","modelName":"oNewRruModel"}}},"wdio_ui5_key":"reusablesview.manageresources.NewResourceUnitsap.ui.core.Icon{\"src\":{\"regex\":{\"source\":\"slim\\\\-arrow\\\\-down\"}}}{\"controlType\":\"sap.m.ComboBox\",\"viewName\":\"reusables.view.manageresources.NewResourceUnit\",\"viewId\":\"application-manageresources-display-component---newResourceUnit\",\"bindingPath\":{\"path\":\"/RESOURCE_UNIT_TIME_SEQUENCES/0\",\"propertyPath\":\"COST_OBJECT_ADMIN_CST_TYPE\",\"modelName\":\"oNewRruModel\"}}"}]}
COMMAND: GET /session/d26a4c962c30a62404c7ee6425a84c84/screenshot - {}
RESULT: {"script":"<script> [1562 bytes]","args":[{"selector":{"controlType":"sap.ui.core.Icon","viewName":"reusables.view.manageresources.NewResourceUnit","viewId":"application-manageresources-display-component---newResourceUnit","properties":{"src":{"regex":{"source":"slim\\-arrow\\-down"}}},"ancestor":{"controlType":"sap.m.ComboBox","viewName":"reusables.view.manageresources.NewResourceUnit","viewId":"application-manageresources-display-component---newResourceUnit","bindingPath":{"path":"/RESOURCE_UNIT_TIME_SEQUENCES/0","propertyPath":"COST_OBJECT_ADMIN_CST_TYPE","modelName":"oNewRruModel"}}},"wdio_ui5_key":"reusablesview.manageresources.NewResourceUnitsap.ui.core.Icon{\"src\":{\"regex\":{\"source\":\"slim\\\\-arrow\\\\-down\"}}}{\"controlType\":\"sap.m.ComboBox\",\"viewName\":\"reusables.view.manageresources.NewResourceUnit\",\"viewId\":\"application-manageresources-display-component---newResourceUnit\",\"bindingPath\":{\"path\":\"/RESOURCE_UNIT_TIME_SEQUENCES/0\",\"propertyPath\":\"COST_OBJECT_ADMIN_CST_TYPE\",\"modelName\":\"oNewRruModel\"}}"}]}
RESULT: undefined
COMMAND: POST /session/d26a4c962c30a62404c7ee6425a84c84/element - {"using":"xpath","value":"//*[@id=\"__box4-application-manageresources-display-component---newResourceUnit--RUTimeSegment-0-arrow\"]"}
RESULT: {}
RESULT: {"using":"xpath","value":"//*[@id=\"__box4-application-manageresources-display-component---newResourceUnit--RUTimeSegment-0-arrow\"]"}
COMMAND: POST /session/d26a4c962c30a62404c7ee6425a84c84/element/f.CB35230D0BEACCAB597F868E996E95B6.d.0BBF6FD9D86F6E6E03826B0A924EAA06.e.8774/click - {}
RESULT: {}
COMMAND: POST /session/d26a4c962c30a62404c7ee6425a84c84/execute/async - {"script":"<script> [1562 bytes]","args":[{"selector":{"controlType":"sap.m.StandardListItem","viewName":"reusables.view.manageresources.NewResourceUnit","viewId":"application-manageresources-display-component---newResourceUnit","properties":{"title":"PM Order"},"searchOpenDialogs":true,"interaction":{"idSuffix":"titleText"}},"wdio_ui5_key":"reusablesview.manageresources.NewResourceUnitsap.m.StandardListItem{\"title\":\"PM Order\"}"}]}
COMMAND: GET /session/d26a4c962c30a62404c7ee6425a84c84/screenshot - {}
RESULT: {"script":"<script> [1562 bytes]","args":[{"selector":{"controlType":"sap.m.StandardListItem","viewName":"reusables.view.manageresources.NewResourceUnit","viewId":"application-manageresources-display-component---newResourceUnit","properties":{"title":"PM Order"},"searchOpenDialogs":true,"interaction":{"idSuffix":"titleText"}},"wdio_ui5_key":"reusablesview.manageresources.NewResourceUnitsap.m.StandardListItem{\"title\":\"PM Order\"}"}]}
RESULT: undefined
COMMAND: POST /session/d26a4c962c30a62404c7ee6425a84c84/element - {"using":"xpath","value":"//*[@id=\"__item572\"]"}
RESULT: {}
RESULT: {"using":"xpath","value":"//*[@id=\"__item572\"]"}
COMMAND: POST /session/d26a4c962c30a62404c7ee6425a84c84/element/f.CB35230D0BEACCAB597F868E996E95B6.d.0BBF6FD9D86F6E6E03826B0A924EAA06.e.8778/click - {}
RESULT: {}
COMMAND: GET /session/d26a4c962c30a62404c7ee6425a84c84/screenshot - {}
RESULT: {}
COMMAND: POST /session/d26a4c962c30a62404c7ee6425a84c84/element - {"using":"xpath","value":"(//input[contains(@id ,\"-application-manageresources-display-component---newResourceUnit--RUTimeSegment-0-inner\")])[8]"}
RESULT: {"using":"xpath","value":"(//input[contains(@id ,\"-application-manageresources-display-component---newResourceUnit--RUTimeSegment-0-inner\")])[8]"}
COMMAND: POST /session/d26a4c962c30a62404c7ee6425a84c84/element/f.CB35230D0BEACCAB597F868E996E95B6.d.0BBF6FD9D86F6E6E03826B0A924EAA06.e.8781/clear - {}
RESULT: {}
COMMAND: POST /session/d26a4c962c30a62404c7ee6425a84c84/element/f.CB35230D0BEACCAB597F868E996E95B6.d.0BBF6FD9D86F6E6E03826B0A924EAA06.e.8781/value - {"text":"4000360"}
COMMAND: GET /session/d26a4c962c30a62404c7ee6425a84c84/screenshot - {}
RESULT: {"text":"4000360"}
COMMAND: GET /session/d26a4c962c30a62404c7ee6425a84c84/screenshot - {}
RESULT: {}
RESULT: {}
COMMAND: POST /session/d26a4c962c30a62404c7ee6425a84c84/actions - {"actions":[{"id":"action23","type":"key","parameters":{},"actions":[{"type":"keyDown","value":"î€‡"},{"type":"pause","duration":10},{"type":"keyUp","value":"î€‡"}]}]}
RESULT: {"actions":[{"id":"action23","type":"key","parameters":{},"actions":[{"type":"keyDown","value":"î€‡"},{"type":"pause","duration":10},{"type":"keyUp","value":"î€‡"}]}]}
COMMAND: GET /session/d26a4c962c30a62404c7ee6425a84c84/screenshot - {}
RESULT: {}
COMMAND: POST /session/d26a4c962c30a62404c7ee6425a84c84/execute/async - {"script":"<script> [1562 bytes]","args":[{"selector":{"id":"application-manageresources-display-component---newResourceUnit--newTimeSegmentDateRangePicker-application-manageresources-display-component---newResourceUnit--RUTimeSegment-0","interaction":{"idSuffix":"inner"}},"wdio_ui5_key":"applicationmanageresources-display-component---newResourceUnit--newTimeSegmentDateRangePicker-application-manageresources-display-component---newResourceUnit--RUTimeSegment-0"}]}
RESULT: {"script":"<script> [1562 bytes]","args":[{"selector":{"id":"application-manageresources-display-component---newResourceUnit--newTimeSegmentDateRangePicker-application-manageresources-display-component---newResourceUnit--RUTimeSegment-0","interaction":{"idSuffix":"inner"}},"wdio_ui5_key":"applicationmanageresources-display-component---newResourceUnit--newTimeSegmentDateRangePicker-application-manageresources-display-component---newResourceUnit--RUTimeSegment-0"}]}
RESULT: undefined
COMMAND: POST /session/d26a4c962c30a62404c7ee6425a84c84/execute/async - {"script":"<script> [1562 bytes]","args":[{"selector":{"id":"application-manageresources-display-component---newResourceUnit--newRRUPage-anchBar-application-manageresources-display-component---newResourceUnit--resource-anchor","interaction":{"idSuffix":"BDI-content"}},"wdio_ui5_key":"applicationmanageresources-display-component---newResourceUnit--newRRUPage-anchBar-application-manageresources-display-component---newResourceUnit--resource-anchor"}]}
RESULT: {"script":"<script> [1562 bytes]","args":[{"selector":{"id":"application-manageresources-display-component---newResourceUnit--newRRUPage-anchBar-application-manageresources-display-component---newResourceUnit--resource-anchor","interaction":{"idSuffix":"BDI-content"}},"wdio_ui5_key":"applicationmanageresources-display-component---newResourceUnit--newRRUPage-anchBar-application-manageresources-display-component---newResourceUnit--resource-anchor"}]}
RESULT: undefined
COMMAND: POST /session/d26a4c962c30a62404c7ee6425a84c84/element - {"using":"xpath","value":"//*[@id=\"application-manageresources-display-component---newResourceUnit--newRRUPage-anchBar-application-manageresources-display-component---newResourceUnit--resource-anchor\"]"}
RESULT: {"using":"xpath","value":"//*[@id=\"application-manageresources-display-component---newResourceUnit--newRRUPage-anchBar-application-manageresources-display-component---newResourceUnit--resource-anchor\"]"}
COMMAND: POST /session/d26a4c962c30a62404c7ee6425a84c84/element/f.CB35230D0BEACCAB597F868E996E95B6.d.0BBF6FD9D86F6E6E03826B0A924EAA06.e.8800/click - {}
RESULT: {}
COMMAND: POST /session/d26a4c962c30a62404c7ee6425a84c84/execute/async - {"script":"<script> [1562 bytes]","args":[{"selector":{"id":"application-manageresources-display-component---newResourceUnit--PLANNED_DELIVERY_DATE","interaction":{"idSuffix":"inner"}},"wdio_ui5_key":"applicationmanageresources-display-component---newResourceUnit--PLANNED_DELIVERY_DATE"}]}
COMMAND: GET /session/d26a4c962c30a62404c7ee6425a84c84/screenshot - {}
RESULT: {"script":"<script> [1562 bytes]","args":[{"selector":{"id":"application-manageresources-display-component---newResourceUnit--PLANNED_DELIVERY_DATE","interaction":{"idSuffix":"inner"}},"wdio_ui5_key":"applicationmanageresources-display-component---newResourceUnit--PLANNED_DELIVERY_DATE"}]}
RESULT: undefined
COMMAND: POST /session/d26a4c962c30a62404c7ee6425a84c84/execute/async - {"script":"<script> [6424 bytes]","args":[{"element-6066-11e4-a52e-4f735466cecf":"f.CB35230D0BEACCAB597F868E996E95B6.d.0BBF6FD9D86F6E6E03826B0A924EAA06.e.8662"},"setValue",["05/30/24"]]}
RESULT: {}
RESULT: {"script":"<script> [6424 bytes]","args":[{"element-6066-11e4-a52e-4f735466cecf":"f.CB35230D0BEACCAB597F868E996E95B6.d.0BBF6FD9D86F6E6E03826B0A924EAA06.e.8662"},"setValue",["05/30/24"]]}
COMMAND: POST /session/d26a4c962c30a62404c7ee6425a84c84/execute/async - {"script":"<script> [1562 bytes]","args":[{"selector":{"controlType":"sap.m.Button","viewName":"reusables.view.manageresources.NewResourceUnit","viewId":"application-manageresources-display-component---newResourceUnit","i18NText":{"propertyName":"tooltip","key":"save"},"interaction":{"idSuffix":"BDI-content"}},"wdio_ui5_key":"reusablesview.manageresources.NewResourceUnitsap.m.Button{\"propertyName\":\"tooltip\",\"key\":\"save\"}"}]}
RESULT: {"script":"<script> [1562 bytes]","args":[{"selector":{"controlType":"sap.m.Button","viewName":"reusables.view.manageresources.NewResourceUnit","viewId":"application-manageresources-display-component---newResourceUnit","i18NText":{"propertyName":"tooltip","key":"save"},"interaction":{"idSuffix":"BDI-content"}},"wdio_ui5_key":"reusablesview.manageresources.NewResourceUnitsap.m.Button{\"propertyName\":\"tooltip\",\"key\":\"save\"}"}]}
RESULT: undefined
COMMAND: POST /session/d26a4c962c30a62404c7ee6425a84c84/element - {"using":"xpath","value":"//*[@id=\"application-manageresources-display-component---newResourceUnit--createRuButton\"]"}
RESULT: {"using":"xpath","value":"//*[@id=\"application-manageresources-display-component---newResourceUnit--createRuButton\"]"}
COMMAND: POST /session/d26a4c962c30a62404c7ee6425a84c84/element/f.CB35230D0BEACCAB597F868E996E95B6.d.0BBF6FD9D86F6E6E03826B0A924EAA06.e.8622/click - {}
RESULT: {}
COMMAND: GET /session/d26a4c962c30a62404c7ee6425a84c84/screenshot - {}
RESULT: {}
COMMAND: POST /session/d26a4c962c30a62404c7ee6425a84c84/execute/async - {"script":"<script> [1562 bytes]","args":[{"selector":{"controlType":"sap.m.Button","properties":{"text":"Close"},"searchOpenDialogs":true,"interaction":{"idSuffix":"inner"}},"wdio_ui5_key":"sapm.Button{\"text\":\"Close\"}"}]}
RESULT: {"script":"<script> [1562 bytes]","args":[{"selector":{"controlType":"sap.m.Button","properties":{"text":"Close"},"searchOpenDialogs":true,"interaction":{"idSuffix":"inner"}},"wdio_ui5_key":"sapm.Button{\"text\":\"Close\"}"}]}
RESULT: undefined
COMMAND: POST /session/d26a4c962c30a62404c7ee6425a84c84/element - {"using":"xpath","value":"//*[@id=\"__mbox-btn-0\"]"}
RESULT: {"using":"xpath","value":"//*[@id=\"__mbox-btn-0\"]"}
COMMAND: POST /session/d26a4c962c30a62404c7ee6425a84c84/element/f.CB35230D0BEACCAB597F868E996E95B6.d.0BBF6FD9D86F6E6E03826B0A924EAA06.e.8806/click - {}
RESULT: {}
COMMAND: GET /session/d26a4c962c30a62404c7ee6425a84c84/screenshot - {}
RESULT: {}
COMMAND: POST /session/d26a4c962c30a62404c7ee6425a84c84/execute/async - {"script":"<script> [1562 bytes]","args":[{"selector":{"controlType":"sap.m.Text","viewName":"etm.portal.ui.manageresources.view.Detail","viewId":"application-manageresources-display-component---detailRU","bindingPath":{"propertyPath":"ID","modelName":"catalogModel"}},"wdio_ui5_key":"etmportal.ui.manageresources.view.Detailsap.m.Text{\"propertyPath\":\"ID\",\"modelName\":\"catalogModel\"}"}]}
RESULT: {"script":"<script> [1562 bytes]","args":[{"selector":{"controlType":"sap.m.Text","viewName":"etm.portal.ui.manageresources.view.Detail","viewId":"application-manageresources-display-component---detailRU","bindingPath":{"propertyPath":"ID","modelName":"catalogModel"}},"wdio_ui5_key":"etmportal.ui.manageresources.view.Detailsap.m.Text{\"propertyPath\":\"ID\",\"modelName\":\"catalogModel\"}"}]}
RESULT: undefined
COMMAND: POST /session/d26a4c962c30a62404c7ee6425a84c84/execute/async - {"script":"<script> [6424 bytes]","args":[{"element-6066-11e4-a52e-4f735466cecf":"f.CB35230D0BEACCAB597F868E996E95B6.d.0BBF6FD9D86F6E6E03826B0A924EAA06.e.8841"},"getText",[]]}
RESULT: {"script":"<script> [6424 bytes]","args":[{"element-6066-11e4-a52e-4f735466cecf":"f.CB35230D0BEACCAB597F868E996E95B6.d.0BBF6FD9D86F6E6E03826B0A924EAA06.e.8841"},"getText",[]]}
COMMAND: POST /session/d26a4c962c30a62404c7ee6425a84c84/element - {"using":"xpath","value":"//bdi[text()=\"Edit\"]"}
RESULT: {"using":"xpath","value":"//bdi[text()=\"Edit\"]"}
COMMAND: GET /session/d26a4c962c30a62404c7ee6425a84c84/element/f.CB35230D0BEACCAB597F868E996E95B6.d.0BBF6FD9D86F6E6E03826B0A924EAA06.e.8842/enabled - {}
RESULT: {}
COMMAND: POST /session/d26a4c962c30a62404c7ee6425a84c84/execute/sync - {"script":"<script> [8489 bytes]","args":[{"element-6066-11e4-a52e-4f735466cecf":"f.CB35230D0BEACCAB597F868E996E95B6.d.0BBF6FD9D86F6E6E03826B0A924EAA06.e.8842","ELEMENT":"f.CB35230D0BEACCAB597F868E996E95B6.d.0BBF6FD9D86F6E6E03826B0A924EAA06.e.8842"}]}
COMMAND: GET /session/d26a4c962c30a62404c7ee6425a84c84/screenshot - {}
RESULT: {"script":"<script> [8489 bytes]","args":[{"element-6066-11e4-a52e-4f735466cecf":"f.CB35230D0BEACCAB597F868E996E95B6.d.0BBF6FD9D86F6E6E03826B0A924EAA06.e.8842","ELEMENT":"f.CB35230D0BEACCAB597F868E996E95B6.d.0BBF6FD9D86F6E6E03826B0A924EAA06.e.8842"}]}
COMMAND: POST /session/d26a4c962c30a62404c7ee6425a84c84/execute/sync - {"script":"<script> [5351 bytes]","args":[{"element-6066-11e4-a52e-4f735466cecf":"f.CB35230D0BEACCAB597F868E996E95B6.d.0BBF6FD9D86F6E6E03826B0A924EAA06.e.8842","ELEMENT":"f.CB35230D0BEACCAB597F868E996E95B6.d.0BBF6FD9D86F6E6E03826B0A924EAA06.e.8842"}]}
COMMAND: GET /session/d26a4c962c30a62404c7ee6425a84c84/screenshot - {}
RESULT: {}
RESULT: {"script":"<script> [5351 bytes]","args":[{"element-6066-11e4-a52e-4f735466cecf":"f.CB35230D0BEACCAB597F868E996E95B6.d.0BBF6FD9D86F6E6E03826B0A924EAA06.e.8842","ELEMENT":"f.CB35230D0BEACCAB597F868E996E95B6.d.0BBF6FD9D86F6E6E03826B0A924EAA06.e.8842"}]}
COMMAND: POST /session/d26a4c962c30a62404c7ee6425a84c84/element/f.CB35230D0BEACCAB597F868E996E95B6.d.0BBF6FD9D86F6E6E03826B0A924EAA06.e.8842/click - {}
COMMAND: GET /session/d26a4c962c30a62404c7ee6425a84c84/screenshot - {}
RESULT: {}
RESULT: {}
COMMAND: GET /session/d26a4c962c30a62404c7ee6425a84c84/screenshot - {}
RESULT: {}
RESULT: {}
COMMAND: POST /session/d26a4c962c30a62404c7ee6425a84c84/element - {"using":"xpath","value":"//bdi[@id=\"application-manageresources-display-component---editResource--editRruPage-anchBar-application-manageresources-display-component---editResource--counters-anchor-BDI-content\"]"}
RESULT: {"using":"xpath","value":"//bdi[@id=\"application-manageresources-display-component---editResource--editRruPage-anchBar-application-manageresources-display-component---editResource--counters-anchor-BDI-content\"]"}
COMMAND: POST /session/d26a4c962c30a62404c7ee6425a84c84/execute/sync - {"script":"<script> [8489 bytes]","args":[{"element-6066-11e4-a52e-4f735466cecf":"f.CB35230D0BEACCAB597F868E996E95B6.d.0BBF6FD9D86F6E6E03826B0A924EAA06.e.8951","ELEMENT":"f.CB35230D0BEACCAB597F868E996E95B6.d.0BBF6FD9D86F6E6E03826B0A924EAA06.e.8951"}]}
RESULT: {"script":"<script> [8489 bytes]","args":[{"element-6066-11e4-a52e-4f735466cecf":"f.CB35230D0BEACCAB597F868E996E95B6.d.0BBF6FD9D86F6E6E03826B0A924EAA06.e.8951","ELEMENT":"f.CB35230D0BEACCAB597F868E996E95B6.d.0BBF6FD9D86F6E6E03826B0A924EAA06.e.8951"}]}
COMMAND: POST /session/d26a4c962c30a62404c7ee6425a84c84/element/f.CB35230D0BEACCAB597F868E996E95B6.d.0BBF6FD9D86F6E6E03826B0A924EAA06.e.8951/click - {}
COMMAND: GET /session/d26a4c962c30a62404c7ee6425a84c84/screenshot - {}
RESULT: {}
COMMAND: GET /session/d26a4c962c30a62404c7ee6425a84c84/screenshot - {}
RESULT: {}
RESULT: {}
COMMAND: POST /session/d26a4c962c30a62404c7ee6425a84c84/execute/async - {"script":"<script> [1562 bytes]","args":[{"selector":{"id":"application-manageresources-display-component---editResource--btnAddCounter-img"},"wdio_ui5_key":"applicationmanageresources-display-component---editResource--btnAddCounter-img"}]}
RESULT: {"script":"<script> [1562 bytes]","args":[{"selector":{"id":"application-manageresources-display-component---editResource--btnAddCounter-img"},"wdio_ui5_key":"applicationmanageresources-display-component---editResource--btnAddCounter-img"}]}
RESULT: undefined
COMMAND: POST /session/d26a4c962c30a62404c7ee6425a84c84/element - {"using":"xpath","value":"//*[@id=\"application-manageresources-display-component---editResource--btnAddCounter-img\"]"}
RESULT: {"using":"xpath","value":"//*[@id=\"application-manageresources-display-component---editResource--btnAddCounter-img\"]"}
COMMAND: POST /session/d26a4c962c30a62404c7ee6425a84c84/element/f.CB35230D0BEACCAB597F868E996E95B6.d.0BBF6FD9D86F6E6E03826B0A924EAA06.e.8986/click - {}
RESULT: {}
COMMAND: GET /session/d26a4c962c30a62404c7ee6425a84c84/screenshot - {}
RESULT: {}
COMMAND: POST /session/d26a4c962c30a62404c7ee6425a84c84/execute/async - {"script":"<script> [1562 bytes]","args":[{"selector":{"id":"application-manageresources-display-component---editResource--HAND_OVER_TYPE-application-manageresources-display-component---editResource--RUCounters-0","interaction":{"idSuffix":"CbBg"}},"wdio_ui5_key":"applicationmanageresources-display-component---editResource--HAND_OVER_TYPE-application-manageresources-display-component---editResource--RUCounters-0"}]}
RESULT: {"script":"<script> [1562 bytes]","args":[{"selector":{"id":"application-manageresources-display-component---editResource--HAND_OVER_TYPE-application-manageresources-display-component---editResource--RUCounters-0","interaction":{"idSuffix":"CbBg"}},"wdio_ui5_key":"applicationmanageresources-display-component---editResource--HAND_OVER_TYPE-application-manageresources-display-component---editResource--RUCounters-0"}]}
RESULT: undefined
COMMAND: POST /session/d26a4c962c30a62404c7ee6425a84c84/element - {"using":"xpath","value":"//*[@id=\"application-manageresources-display-component---editResource--HAND_OVER_TYPE-application-manageresources-display-component---editResource--RUCounters-0\"]"}
RESULT: {"using":"xpath","value":"//*[@id=\"application-manageresources-display-component---editResource--HAND_OVER_TYPE-application-manageresources-display-component---editResource--RUCounters-0\"]"}
COMMAND: POST /session/d26a4c962c30a62404c7ee6425a84c84/element/f.CB35230D0BEACCAB597F868E996E95B6.d.0BBF6FD9D86F6E6E03826B0A924EAA06.e.8992/click - {}
RESULT: {}
COMMAND: POST /session/d26a4c962c30a62404c7ee6425a84c84/execute/async - {"script":"<script> [1562 bytes]","args":[{"selector":{"controlType":"sap.m.Button","viewName":"etm.portal.ui.manageresources.view.EditResource","viewId":"application-manageresources-display-component---editResource","i18NText":{"propertyName":"text","key":"save"},"interaction":{"idSuffix":"BDI-content"}},"wdio_ui5_key":"etmportal.ui.manageresources.view.EditResourcesap.m.Button{\"propertyName\":\"text\",\"key\":\"save\"}"}]}
COMMAND: GET /session/d26a4c962c30a62404c7ee6425a84c84/screenshot - {}
RESULT: {"script":"<script> [1562 bytes]","args":[{"selector":{"controlType":"sap.m.Button","viewName":"etm.portal.ui.manageresources.view.EditResource","viewId":"application-manageresources-display-component---editResource","i18NText":{"propertyName":"text","key":"save"},"interaction":{"idSuffix":"BDI-content"}},"wdio_ui5_key":"etmportal.ui.manageresources.view.EditResourcesap.m.Button{\"propertyName\":\"text\",\"key\":\"save\"}"}]}
RESULT: undefined
COMMAND: POST /session/d26a4c962c30a62404c7ee6425a84c84/element - {"using":"xpath","value":"//*[@id=\"__button90\"]"}
RESULT: {}
RESULT: {"using":"xpath","value":"//*[@id=\"__button90\"]"}
COMMAND: POST /session/d26a4c962c30a62404c7ee6425a84c84/element/f.CB35230D0BEACCAB597F868E996E95B6.d.0BBF6FD9D86F6E6E03826B0A924EAA06.e.8994/click - {}
RESULT: {}
COMMAND: GET /session/d26a4c962c30a62404c7ee6425a84c84/screenshot - {}
RESULT: {}
COMMAND: POST /session/d26a4c962c30a62404c7ee6425a84c84/element - {"using":"css selector","value":"#shell-header-logo"}
RESULT: {"using":"css selector","value":"#shell-header-logo"}
COMMAND: POST /session/d26a4c962c30a62404c7ee6425a84c84/elements - {"using":"css selector","value":"#shell-header-logo"}
RESULT: {"using":"css selector","value":"#shell-header-logo"}
COMMAND: POST /session/d26a4c962c30a62404c7ee6425a84c84/execute/sync - {"script":"<script> [8489 bytes]","args":[{"element-6066-11e4-a52e-4f735466cecf":"f.CB35230D0BEACCAB597F868E996E95B6.d.0BBF6FD9D86F6E6E03826B0A924EAA06.e.8118","ELEMENT":"f.CB35230D0BEACCAB597F868E996E95B6.d.0BBF6FD9D86F6E6E03826B0A924EAA06.e.8118"}]}
RESULT: {"script":"<script> [8489 bytes]","args":[{"element-6066-11e4-a52e-4f735466cecf":"f.CB35230D0BEACCAB597F868E996E95B6.d.0BBF6FD9D86F6E6E03826B0A924EAA06.e.8118","ELEMENT":"f.CB35230D0BEACCAB597F868E996E95B6.d.0BBF6FD9D86F6E6E03826B0A924EAA06.e.8118"}]}
COMMAND: POST /session/d26a4c962c30a62404c7ee6425a84c84/execute/sync - {"script":"<script> [5351 bytes]","args":[{"element-6066-11e4-a52e-4f735466cecf":"f.CB35230D0BEACCAB597F868E996E95B6.d.0BBF6FD9D86F6E6E03826B0A924EAA06.e.8118","ELEMENT":"f.CB35230D0BEACCAB597F868E996E95B6.d.0BBF6FD9D86F6E6E03826B0A924EAA06.e.8118"}]}
COMMAND: GET /session/d26a4c962c30a62404c7ee6425a84c84/screenshot - {}
RESULT: {"script":"<script> [5351 bytes]","args":[{"element-6066-11e4-a52e-4f735466cecf":"f.CB35230D0BEACCAB597F868E996E95B6.d.0BBF6FD9D86F6E6E03826B0A924EAA06.e.8118","ELEMENT":"f.CB35230D0BEACCAB597F868E996E95B6.d.0BBF6FD9D86F6E6E03826B0A924EAA06.e.8118"}]}
COMMAND: POST /session/d26a4c962c30a62404c7ee6425a84c84/element/f.CB35230D0BEACCAB597F868E996E95B6.d.0BBF6FD9D86F6E6E03826B0A924EAA06.e.8118/click - {}
COMMAND: GET /session/d26a4c962c30a62404c7ee6425a84c84/screenshot - {}
RESULT: {}
RESULT: {}
COMMAND: GET /session/d26a4c962c30a62404c7ee6425a84c84/screenshot - {}
RESULT: {}
RESULT: {}
COMMAND: POST /session/d26a4c962c30a62404c7ee6425a84c84/element - {"using":"css selector","value":"#shell-header-logo"}
RESULT: {"using":"css selector","value":"#shell-header-logo"}
COMMAND: POST /session/d26a4c962c30a62404c7ee6425a84c84/element/f.CB35230D0BEACCAB597F868E996E95B6.d.0BBF6FD9D86F6E6E03826B0A924EAA06.e.9006/click - {}
RESULT: {}
COMMAND: GET /session/d26a4c962c30a62404c7ee6425a84c84/screenshot - {}
RESULT: {}
]]></system-out>
    </testcase>
  </testsuite>
  <testsuite timestamp="2025-04-30T15:45:06" time="69.171" tests="2" failures="0" errors="0" skipped="0">
    <properties>
      <property name="specId" value="0" />
      <property name="suiteName" value="Personnel creation and reference material verification  US120163" />
      <property name="capabilities" value="chrome.135_0_7049_96.windows" />
      <property name="file" value="file:///D:/a/1/s/test/specs/R2C/create-personnel-no-material-reference.spec.js" />
    </properties>
    <testcase classname="chrome.135_0_7049_96.windows.Personnel_creation_and_reference_material_verification__US120163" name="Should create a new personnel and verify if the material reference is visible" time="50.559">
      <system-out><![CDATA[
RESULT: undefined
COMMAND: POST /session/d26a4c962c30a62404c7ee6425a84c84/element - {"using":"xpath","value":"//*[@id=\"__tile31\"]"}
RESULT: {"using":"xpath","value":"//*[@id=\"__tile31\"]"}
COMMAND: POST /session/d26a4c962c30a62404c7ee6425a84c84/element/f.CB35230D0BEACCAB597F868E996E95B6.d.0BBF6FD9D86F6E6E03826B0A924EAA06.e.8145/click - {}
RESULT: {}
COMMAND: GET /session/d26a4c962c30a62404c7ee6425a84c84/screenshot - {}
RESULT: {}
COMMAND: POST /session/d26a4c962c30a62404c7ee6425a84c84/element - {"using":"xpath","value":"//button[@data-kt=\"addNewRUOverflowToolbarButton\"]"}
RESULT: {"using":"xpath","value":"//button[@data-kt=\"addNewRUOverflowToolbarButton\"]"}
COMMAND: POST /session/d26a4c962c30a62404c7ee6425a84c84/execute/sync - {"script":"<script> [8489 bytes]","args":[{"element-6066-11e4-a52e-4f735466cecf":"f.CB35230D0BEACCAB597F868E996E95B6.d.0BBF6FD9D86F6E6E03826B0A924EAA06.e.9171","ELEMENT":"f.CB35230D0BEACCAB597F868E996E95B6.d.0BBF6FD9D86F6E6E03826B0A924EAA06.e.9171"}]}
RESULT: {"script":"<script> [8489 bytes]","args":[{"element-6066-11e4-a52e-4f735466cecf":"f.CB35230D0BEACCAB597F868E996E95B6.d.0BBF6FD9D86F6E6E03826B0A924EAA06.e.9171","ELEMENT":"f.CB35230D0BEACCAB597F868E996E95B6.d.0BBF6FD9D86F6E6E03826B0A924EAA06.e.9171"}]}
COMMAND: POST /session/d26a4c962c30a62404c7ee6425a84c84/element/f.CB35230D0BEACCAB597F868E996E95B6.d.0BBF6FD9D86F6E6E03826B0A924EAA06.e.9171/click - {}
COMMAND: GET /session/d26a4c962c30a62404c7ee6425a84c84/screenshot - {}
RESULT: {}
RESULT: undefined
COMMAND: POST /session/d26a4c962c30a62404c7ee6425a84c84/element - {"using":"xpath","value":"//*[@id=\"application-manageresources-display-component---newResourceUnit--TYPE-arrow\"]"}
COMMAND: GET /session/d26a4c962c30a62404c7ee6425a84c84/screenshot - {}
RESULT: {}
RESULT: {"using":"xpath","value":"//*[@id=\"application-manageresources-display-component---newResourceUnit--TYPE-arrow\"]"}
COMMAND: POST /session/d26a4c962c30a62404c7ee6425a84c84/element/f.CB35230D0BEACCAB597F868E996E95B6.d.0BBF6FD9D86F6E6E03826B0A924EAA06.e.9381/click - {}
RESULT: {}
RESULT: {}
COMMAND: POST /session/d26a4c962c30a62404c7ee6425a84c84/execute/async - {"script":"<script> [1562 bytes]","args":[{"selector":{"controlType":"sap.m.StandardListItem","viewName":"reusables.view.manageresources.NewResourceUnit","viewId":"application-manageresources-display-component---newResourceUnit","properties":{"title":"Personnel"},"searchOpenDialogs":true,"interaction":{"idSuffix":"titleText"}},"wdio_ui5_key":"reusablesview.manageresources.NewResourceUnitsap.m.StandardListItem{\"title\":\"Personnel\"}"}]}
COMMAND: GET /session/d26a4c962c30a62404c7ee6425a84c84/screenshot - {}
RESULT: {"script":"<script> [1562 bytes]","args":[{"selector":{"controlType":"sap.m.StandardListItem","viewName":"reusables.view.manageresources.NewResourceUnit","viewId":"application-manageresources-display-component---newResourceUnit","properties":{"title":"Personnel"},"searchOpenDialogs":true,"interaction":{"idSuffix":"titleText"}},"wdio_ui5_key":"reusablesview.manageresources.NewResourceUnitsap.m.StandardListItem{\"title\":\"Personnel\"}"}]}
RESULT: undefined
COMMAND: POST /session/d26a4c962c30a62404c7ee6425a84c84/element - {"using":"xpath","value":"//*[@id=\"__item1150\"]"}
RESULT: {}
RESULT: {"using":"xpath","value":"//*[@id=\"__item1150\"]"}
COMMAND: POST /session/d26a4c962c30a62404c7ee6425a84c84/element/f.CB35230D0BEACCAB597F868E996E95B6.d.0BBF6FD9D86F6E6E03826B0A924EAA06.e.9388/click - {}
RESULT: {}
RESULT: undefined
COMMAND: POST /session/d26a4c962c30a62404c7ee6425a84c84/execute/async - {"script":"<script> [776 bytes]","args":[{"enterText":"WdIOPersonnelqmf9dj","selector":{"id":"application-manageresources-display-component---newResourceUnit--SHORT_TEXT","interaction":{"idSuffix":"inner"}},"clearTextFirst":true,"interactionType":"ENTER_TEXT"}]}
COMMAND: GET /session/d26a4c962c30a62404c7ee6425a84c84/screenshot - {}
RESULT: {"script":"<script> [776 bytes]","args":[{"enterText":"WdIOPersonnelqmf9dj","selector":{"id":"application-manageresources-display-component---newResourceUnit--SHORT_TEXT","interaction":{"idSuffix":"inner"}},"clearTextFirst":true,"interactionType":"ENTER_TEXT"}]}
COMMAND: POST /session/d26a4c962c30a62404c7ee6425a84c84/element - {"using":"xpath","value":"//bdi[contains(text(), \"Material\")]"}
RESULT: {}
RESULT: {"using":"xpath","value":"//bdi[contains(text(), \"Material\")]"}
COMMAND: POST /session/d26a4c962c30a62404c7ee6425a84c84/element - {"using":"xpath","value":"//bdi[contains(text(), \"Material\")]"}
RESULT: {"using":"xpath","value":"//bdi[contains(text(), \"Material\")]"}
COMMAND: POST /session/d26a4c962c30a62404c7ee6425a84c84/execute/async - {"script":"<script> [1562 bytes]","args":[{"selector":{"id":"application-manageresources-display-component---newResourceUnit--BASE_UNIT_OF_MEASURE-arrow"},"wdio_ui5_key":"applicationmanageresources-display-component---newResourceUnit--BASE_UNIT_OF_MEASURE-arrow"}]}
RESULT: {"script":"<script> [1562 bytes]","args":[{"selector":{"id":"application-manageresources-display-component---newResourceUnit--BASE_UNIT_OF_MEASURE-arrow"},"wdio_ui5_key":"applicationmanageresources-display-component---newResourceUnit--BASE_UNIT_OF_MEASURE-arrow"}]}
RESULT: undefined
COMMAND: POST /session/d26a4c962c30a62404c7ee6425a84c84/element - {"using":"xpath","value":"//*[@id=\"application-manageresources-display-component---newResourceUnit--BASE_UNIT_OF_MEASURE-arrow\"]"}
RESULT: {"using":"xpath","value":"//*[@id=\"application-manageresources-display-component---newResourceUnit--BASE_UNIT_OF_MEASURE-arrow\"]"}
COMMAND: POST /session/d26a4c962c30a62404c7ee6425a84c84/element/f.CB35230D0BEACCAB597F868E996E95B6.d.0BBF6FD9D86F6E6E03826B0A924EAA06.e.9430/click - {}
RESULT: {}
COMMAND: POST /session/d26a4c962c30a62404c7ee6425a84c84/execute/async - {"script":"<script> [1562 bytes]","args":[{"selector":{"controlType":"sap.m.StandardListItem","viewName":"reusables.view.manageresources.NewResourceUnit","viewId":"application-manageresources-display-component---newResourceUnit","properties":{"title":"Percent"},"searchOpenDialogs":true,"interaction":{"idSuffix":"titleText"}},"wdio_ui5_key":"reusablesview.manageresources.NewResourceUnitsap.m.StandardListItem{\"title\":\"Percent\"}"}]}
COMMAND: GET /session/d26a4c962c30a62404c7ee6425a84c84/screenshot - {}
RESULT: {"script":"<script> [1562 bytes]","args":[{"selector":{"controlType":"sap.m.StandardListItem","viewName":"reusables.view.manageresources.NewResourceUnit","viewId":"application-manageresources-display-component---newResourceUnit","properties":{"title":"Percent"},"searchOpenDialogs":true,"interaction":{"idSuffix":"titleText"}},"wdio_ui5_key":"reusablesview.manageresources.NewResourceUnitsap.m.StandardListItem{\"title\":\"Percent\"}"}]}
RESULT: undefined
COMMAND: POST /session/d26a4c962c30a62404c7ee6425a84c84/element - {"using":"xpath","value":"//*[@id=\"__item1172\"]"}
RESULT: {}
RESULT: {"using":"xpath","value":"//*[@id=\"__item1172\"]"}
COMMAND: POST /session/d26a4c962c30a62404c7ee6425a84c84/element/f.CB35230D0BEACCAB597F868E996E95B6.d.0BBF6FD9D86F6E6E03826B0A924EAA06.e.9432/click - {}
RESULT: {}
COMMAND: POST /session/d26a4c962c30a62404c7ee6425a84c84/execute/async - {"script":"<script> [1562 bytes]","args":[{"selector":{"id":"application-manageresources-display-component---newResourceUnit--PLANNING_GROUP-arrow"},"wdio_ui5_key":"applicationmanageresources-display-component---newResourceUnit--PLANNING_GROUP-arrow"}]}
COMMAND: GET /session/d26a4c962c30a62404c7ee6425a84c84/screenshot - {}
RESULT: {"script":"<script> [1562 bytes]","args":[{"selector":{"id":"application-manageresources-display-component---newResourceUnit--PLANNING_GROUP-arrow"},"wdio_ui5_key":"applicationmanageresources-display-component---newResourceUnit--PLANNING_GROUP-arrow"}]}
RESULT: undefined
COMMAND: POST /session/d26a4c962c30a62404c7ee6425a84c84/element - {"using":"xpath","value":"//*[@id=\"application-manageresources-display-component---newResourceUnit--PLANNING_GROUP-arrow\"]"}
RESULT: {}
RESULT: {"using":"xpath","value":"//*[@id=\"application-manageresources-display-component---newResourceUnit--PLANNING_GROUP-arrow\"]"}
COMMAND: POST /session/d26a4c962c30a62404c7ee6425a84c84/element/f.CB35230D0BEACCAB597F868E996E95B6.d.0BBF6FD9D86F6E6E03826B0A924EAA06.e.9433/click - {}
RESULT: {}
COMMAND: GET /session/d26a4c962c30a62404c7ee6425a84c84/screenshot - {}
RESULT: {}
COMMAND: POST /session/d26a4c962c30a62404c7ee6425a84c84/execute/async - {"script":"<script> [1562 bytes]","args":[{"selector":{"controlType":"sap.m.StandardListItem","viewName":"reusables.view.manageresources.NewResourceUnit","viewId":"application-manageresources-display-component---newResourceUnit","properties":{"title":"Operating personnel"},"searchOpenDialogs":true,"interaction":{"idSuffix":"titleText"}},"wdio_ui5_key":"reusablesview.manageresources.NewResourceUnitsap.m.StandardListItem{\"title\":\"Operating personnel\"}"}]}
RESULT: {"script":"<script> [1562 bytes]","args":[{"selector":{"controlType":"sap.m.StandardListItem","viewName":"reusables.view.manageresources.NewResourceUnit","viewId":"application-manageresources-display-component---newResourceUnit","properties":{"title":"Operating personnel"},"searchOpenDialogs":true,"interaction":{"idSuffix":"titleText"}},"wdio_ui5_key":"reusablesview.manageresources.NewResourceUnitsap.m.StandardListItem{\"title\":\"Operating personnel\"}"}]}
RESULT: undefined
COMMAND: POST /session/d26a4c962c30a62404c7ee6425a84c84/element - {"using":"xpath","value":"//*[@id=\"__item1181\"]"}
RESULT: {"using":"xpath","value":"//*[@id=\"__item1181\"]"}
COMMAND: POST /session/d26a4c962c30a62404c7ee6425a84c84/element/f.CB35230D0BEACCAB597F868E996E95B6.d.0BBF6FD9D86F6E6E03826B0A924EAA06.e.9435/click - {}
RESULT: {}
COMMAND: GET /session/d26a4c962c30a62404c7ee6425a84c84/screenshot - {}
RESULT: {}
COMMAND: POST /session/d26a4c962c30a62404c7ee6425a84c84/element - {"using":"xpath","value":"//bdi[contains(text(), \"Time Segment\")]"}
RESULT: {"using":"xpath","value":"//bdi[contains(text(), \"Time Segment\")]"}
COMMAND: GET /session/d26a4c962c30a62404c7ee6425a84c84/element/f.CB35230D0BEACCAB597F868E996E95B6.d.0BBF6FD9D86F6E6E03826B0A924EAA06.e.9436/rect - {}
RESULT: {}
COMMAND: GET /session/d26a4c962c30a62404c7ee6425a84c84/window/rect - {}
RESULT: {}
COMMAND: POST /session/d26a4c962c30a62404c7ee6425a84c84/execute/sync - {"script":"<script> [92 bytes]","args":[]}
RESULT: {"script":"<script> [92 bytes]","args":[]}
COMMAND: POST /session/d26a4c962c30a62404c7ee6425a84c84/actions - {"actions":[{"id":"action24","type":"wheel","parameters":{},"actions":[{"type":"scroll","x":-1820,"y":804,"deltaX":0,"deltaY":0,"duration":0,"origin":{"element-6066-11e4-a52e-4f735466cecf":"f.CB35230D0BEACCAB597F868E996E95B6.d.0BBF6FD9D86F6E6E03826B0A924EAA06.e.9436"}}]}]}
COMMAND: GET /session/d26a4c962c30a62404c7ee6425a84c84/screenshot - {}
RESULT: {}
COMMAND: POST /session/d26a4c962c30a62404c7ee6425a84c84/execute/sync - {"script":"<script> [79 bytes]","args":[{"element-6066-11e4-a52e-4f735466cecf":"f.CB35230D0BEACCAB597F868E996E95B6.d.0BBF6FD9D86F6E6E03826B0A924EAA06.e.9436","ELEMENT":"f.CB35230D0BEACCAB597F868E996E95B6.d.0BBF6FD9D86F6E6E03826B0A924EAA06.e.9436"},{"block":"start","inline":"nearest"}]}
RESULT: {"script":"<script> [79 bytes]","args":[{"element-6066-11e4-a52e-4f735466cecf":"f.CB35230D0BEACCAB597F868E996E95B6.d.0BBF6FD9D86F6E6E03826B0A924EAA06.e.9436","ELEMENT":"f.CB35230D0BEACCAB597F868E996E95B6.d.0BBF6FD9D86F6E6E03826B0A924EAA06.e.9436"},{"block":"start","inline":"nearest"}]}
COMMAND: GET /session/d26a4c962c30a62404c7ee6425a84c84/screenshot - {}
RESULT: {}
COMMAND: POST /session/d26a4c962c30a62404c7ee6425a84c84/element - {"using":"xpath","value":"//span[@id=\"application-manageresources-display-component---newResourceUnit--btnAddTimeSegment-img\"]"}
RESULT: {"using":"xpath","value":"//span[@id=\"application-manageresources-display-component---newResourceUnit--btnAddTimeSegment-img\"]"}
COMMAND: POST /session/d26a4c962c30a62404c7ee6425a84c84/execute/sync - {"script":"<script> [8489 bytes]","args":[{"element-6066-11e4-a52e-4f735466cecf":"f.CB35230D0BEACCAB597F868E996E95B6.d.0BBF6FD9D86F6E6E03826B0A924EAA06.e.9443","ELEMENT":"f.CB35230D0BEACCAB597F868E996E95B6.d.0BBF6FD9D86F6E6E03826B0A924EAA06.e.9443"}]}
RESULT: {"script":"<script> [8489 bytes]","args":[{"element-6066-11e4-a52e-4f735466cecf":"f.CB35230D0BEACCAB597F868E996E95B6.d.0BBF6FD9D86F6E6E03826B0A924EAA06.e.9443","ELEMENT":"f.CB35230D0BEACCAB597F868E996E95B6.d.0BBF6FD9D86F6E6E03826B0A924EAA06.e.9443"}]}
COMMAND: POST /session/d26a4c962c30a62404c7ee6425a84c84/element/f.CB35230D0BEACCAB597F868E996E95B6.d.0BBF6FD9D86F6E6E03826B0A924EAA06.e.9443/click - {}
COMMAND: GET /session/d26a4c962c30a62404c7ee6425a84c84/screenshot - {}
RESULT: {}
COMMAND: GET /session/d26a4c962c30a62404c7ee6425a84c84/screenshot - {}
RESULT: {}
COMMAND: POST /session/d26a4c962c30a62404c7ee6425a84c84/element - {"using":"xpath","value":"//input[@id=\"application-manageresources-display-component---newResourceUnit--idRuTSAdmin-application-manageresources-display-component---newResourceUnit--RUTimeSegment-0-inner\"]"}
RESULT: {}
RESULT: {"using":"xpath","value":"//input[@id=\"application-manageresources-display-component---newResourceUnit--idRuTSAdmin-application-manageresources-display-component---newResourceUnit--RUTimeSegment-0-inner\"]"}
COMMAND: POST /session/d26a4c962c30a62404c7ee6425a84c84/element/f.CB35230D0BEACCAB597F868E996E95B6.d.0BBF6FD9D86F6E6E03826B0A924EAA06.e.9446/clear - {}
RESULT: {}
COMMAND: POST /session/d26a4c962c30a62404c7ee6425a84c84/element/f.CB35230D0BEACCAB597F868E996E95B6.d.0BBF6FD9D86F6E6E03826B0A924EAA06.e.9446/value - {"text":"webdriveryard"}
COMMAND: GET /session/d26a4c962c30a62404c7ee6425a84c84/screenshot - {}
RESULT: {"text":"webdriveryard"}
COMMAND: GET /session/d26a4c962c30a62404c7ee6425a84c84/screenshot - {}
RESULT: {}
RESULT: {}
COMMAND: POST /session/d26a4c962c30a62404c7ee6425a84c84/actions - {"actions":[{"id":"action25","type":"key","parameters":{},"actions":[{"type":"keyDown","value":"î€‡"},{"type":"pause","duration":10},{"type":"keyUp","value":"î€‡"}]}]}
RESULT: {"actions":[{"id":"action25","type":"key","parameters":{},"actions":[{"type":"keyDown","value":"î€‡"},{"type":"pause","duration":10},{"type":"keyUp","value":"î€‡"}]}]}
COMMAND: GET /session/d26a4c962c30a62404c7ee6425a84c84/screenshot - {}
RESULT: {}
COMMAND: POST /session/d26a4c962c30a62404c7ee6425a84c84/element - {"using":"xpath","value":"//input[contains(@id, \"application-manageresources-display-component---newResourceUnit--newControlDataDateRangePicker-inner\")]"}
RESULT: {"using":"xpath","value":"//input[contains(@id, \"application-manageresources-display-component---newResourceUnit--newControlDataDateRangePicker-inner\")]"}
COMMAND: POST /session/d26a4c962c30a62404c7ee6425a84c84/element/f.CB35230D0BEACCAB597F868E996E95B6.d.0BBF6FD9D86F6E6E03826B0A924EAA06.e.9417/clear - {}
RESULT: {}
COMMAND: POST /session/d26a4c962c30a62404c7ee6425a84c84/element/f.CB35230D0BEACCAB597F868E996E95B6.d.0BBF6FD9D86F6E6E03826B0A924EAA06.e.9417/value - {"text":"12/17/26 - 2/18/27"}
COMMAND: GET /session/d26a4c962c30a62404c7ee6425a84c84/screenshot - {}
RESULT: {"text":"12/17/26 - 2/18/27"}
COMMAND: POST /session/d26a4c962c30a62404c7ee6425a84c84/element - {"using":"xpath","value":"//bdi[contains(@id, \"application-manageresources-display-component---newResourceUnit--createRuButton-BDI-content\")]"}
COMMAND: GET /session/d26a4c962c30a62404c7ee6425a84c84/screenshot - {}
RESULT: {}
RESULT: {"using":"xpath","value":"//bdi[contains(@id, \"application-manageresources-display-component---newResourceUnit--createRuButton-BDI-content\")]"}
COMMAND: POST /session/d26a4c962c30a62404c7ee6425a84c84/element/f.CB35230D0BEACCAB597F868E996E95B6.d.0BBF6FD9D86F6E6E03826B0A924EAA06.e.9460/click - {}
RESULT: {}
RESULT: {}
COMMAND: GET /session/d26a4c962c30a62404c7ee6425a84c84/screenshot - {}
RESULT: {}
COMMAND: POST /session/d26a4c962c30a62404c7ee6425a84c84/actions - {"actions":[{"id":"action26","type":"key","parameters":{},"actions":[{"type":"keyDown","value":"î€‡"},{"type":"pause","duration":10},{"type":"keyUp","value":"î€‡"}]}]}
RESULT: {"actions":[{"id":"action26","type":"key","parameters":{},"actions":[{"type":"keyDown","value":"î€‡"},{"type":"pause","duration":10},{"type":"keyUp","value":"î€‡"}]}]}
COMMAND: GET /session/d26a4c962c30a62404c7ee6425a84c84/screenshot - {}
RESULT: {}
]]></system-out>
    </testcase>
    <testcase classname="chrome.135_0_7049_96.windows.Personnel_creation_and_reference_material_verification__US120163" name="Should verify if the reference material is visible in edit and detail mode" time="15.469">
      <system-out><![CDATA[
COMMAND: POST /session/d26a4c962c30a62404c7ee6425a84c84/element - {"using":"xpath","value":"//bdi[contains(text(), \"Edit\")]"}
RESULT: {"using":"xpath","value":"//bdi[contains(text(), \"Edit\")]"}
COMMAND: POST /session/d26a4c962c30a62404c7ee6425a84c84/element/f.CB35230D0BEACCAB597F868E996E95B6.d.0BBF6FD9D86F6E6E03826B0A924EAA06.e.9485/click - {}
RESULT: {}
COMMAND: GET /session/d26a4c962c30a62404c7ee6425a84c84/screenshot - {}
RESULT: {}
COMMAND: POST /session/d26a4c962c30a62404c7ee6425a84c84/element - {"using":"xpath","value":"//bdi[contains(text(), \"Material\")]"}
RESULT: {"using":"xpath","value":"//bdi[contains(text(), \"Material\")]"}
COMMAND: POST /session/d26a4c962c30a62404c7ee6425a84c84/element - {"using":"xpath","value":"//bdi[contains(text(), \"Material\")]"}
RESULT: {"using":"xpath","value":"//bdi[contains(text(), \"Material\")]"}
COMMAND: POST /session/d26a4c962c30a62404c7ee6425a84c84/element - {"using":"xpath","value":"(//bdi[contains(text(), \"Save\")])[2]"}
RESULT: {"using":"xpath","value":"(//bdi[contains(text(), \"Save\")])[2]"}
COMMAND: POST /session/d26a4c962c30a62404c7ee6425a84c84/element/f.CB35230D0BEACCAB597F868E996E95B6.d.0BBF6FD9D86F6E6E03826B0A924EAA06.e.9536/click - {}
RESULT: {}
COMMAND: GET /session/d26a4c962c30a62404c7ee6425a84c84/screenshot - {}
RESULT: {}
COMMAND: POST /session/d26a4c962c30a62404c7ee6425a84c84/element - {"using":"css selector","value":"#j_username"}
COMMAND: POST /session/d26a4c962c30a62404c7ee6425a84c84/url - {"url":"https://qa-testing-00-live-etm-ui.cfapps.eu10-004.hana.ondemand.com/"}
RESULT: {"using":"css selector","value":"#j_username"}
COMMAND: POST /session/d26a4c962c30a62404c7ee6425a84c84/element - {"using":"css selector","value":"#j_username"}
RESULT: {"url":"https://qa-testing-00-live-etm-ui.cfapps.eu10-004.hana.ondemand.com/"}
RESULT: undefined
COMMAND: GET /session/d26a4c962c30a62404c7ee6425a84c84/screenshot - {}
RESULT: {"using":"css selector","value":"#j_username"}
COMMAND: POST /session/d26a4c962c30a62404c7ee6425a84c84/element - {"using":"css selector","value":"#shell-header-logo"}
RESULT: {}
RESULT: {"using":"css selector","value":"#shell-header-logo"}
COMMAND: POST /session/d26a4c962c30a62404c7ee6425a84c84/execute/sync - {"script":"<script> [8489 bytes]","args":[{"element-6066-11e4-a52e-4f735466cecf":"f.CB35230D0BEACCAB597F868E996E95B6.d.9F60CD61D2E77AF2FD1B774B869BF54A.e.9555","ELEMENT":"f.CB35230D0BEACCAB597F868E996E95B6.d.9F60CD61D2E77AF2FD1B774B869BF54A.e.9555"}]}
RESULT: {"script":"<script> [8489 bytes]","args":[{"element-6066-11e4-a52e-4f735466cecf":"f.CB35230D0BEACCAB597F868E996E95B6.d.9F60CD61D2E77AF2FD1B774B869BF54A.e.9555","ELEMENT":"f.CB35230D0BEACCAB597F868E996E95B6.d.9F60CD61D2E77AF2FD1B774B869BF54A.e.9555"}]}
COMMAND: POST /session/d26a4c962c30a62404c7ee6425a84c84/element - {"using":"css selector","value":"#shell-header-logo"}
COMMAND: GET /session/d26a4c962c30a62404c7ee6425a84c84/screenshot - {}
RESULT: {"using":"css selector","value":"#shell-header-logo"}
COMMAND: POST /session/d26a4c962c30a62404c7ee6425a84c84/execute/sync - {"script":"<script> [8489 bytes]","args":[{"element-6066-11e4-a52e-4f735466cecf":"f.CB35230D0BEACCAB597F868E996E95B6.d.9F60CD61D2E77AF2FD1B774B869BF54A.e.9555","ELEMENT":"f.CB35230D0BEACCAB597F868E996E95B6.d.9F60CD61D2E77AF2FD1B774B869BF54A.e.9555"}]}
RESULT: {}
RESULT: {"script":"<script> [8489 bytes]","args":[{"element-6066-11e4-a52e-4f735466cecf":"f.CB35230D0BEACCAB597F868E996E95B6.d.9F60CD61D2E77AF2FD1B774B869BF54A.e.9555","ELEMENT":"f.CB35230D0BEACCAB597F868E996E95B6.d.9F60CD61D2E77AF2FD1B774B869BF54A.e.9555"}]}
COMMAND: POST /session/d26a4c962c30a62404c7ee6425a84c84/execute/sync - {"script":"<script> [5351 bytes]","args":[{"element-6066-11e4-a52e-4f735466cecf":"f.CB35230D0BEACCAB597F868E996E95B6.d.9F60CD61D2E77AF2FD1B774B869BF54A.e.9555","ELEMENT":"f.CB35230D0BEACCAB597F868E996E95B6.d.9F60CD61D2E77AF2FD1B774B869BF54A.e.9555"}]}
COMMAND: GET /session/d26a4c962c30a62404c7ee6425a84c84/screenshot - {}
RESULT: {"script":"<script> [5351 bytes]","args":[{"element-6066-11e4-a52e-4f735466cecf":"f.CB35230D0BEACCAB597F868E996E95B6.d.9F60CD61D2E77AF2FD1B774B869BF54A.e.9555","ELEMENT":"f.CB35230D0BEACCAB597F868E996E95B6.d.9F60CD61D2E77AF2FD1B774B869BF54A.e.9555"}]}
COMMAND: POST /session/d26a4c962c30a62404c7ee6425a84c84/element - {"using":"css selector","value":"#shell-header-logo"}
COMMAND: GET /session/d26a4c962c30a62404c7ee6425a84c84/screenshot - {}
RESULT: {}
RESULT: {"using":"css selector","value":"#shell-header-logo"}
COMMAND: POST /session/d26a4c962c30a62404c7ee6425a84c84/element/f.CB35230D0BEACCAB597F868E996E95B6.d.9F60CD61D2E77AF2FD1B774B869BF54A.e.9555/click - {}
RESULT: {}
RESULT: {}
COMMAND: GET /session/d26a4c962c30a62404c7ee6425a84c84/screenshot - {}
RESULT: {}
COMMAND: POST /session/d26a4c962c30a62404c7ee6425a84c84/execute/async - {"script":"<script> [189 bytes]","args":[]}
RESULT: {"script":"<script> [189 bytes]","args":[]}
COMMAND: POST /session/d26a4c962c30a62404c7ee6425a84c84/execute/async - {"script":"<script> [123 bytes]","args":[]}
RESULT: {"script":"<script> [123 bytes]","args":[]}
COMMAND: POST /session/d26a4c962c30a62404c7ee6425a84c84/timeouts - {"script":"<number>"}
RESULT: {"script":"<number>"}
COMMAND: GET /session/d26a4c962c30a62404c7ee6425a84c84/timeouts - {}
RESULT: {}
RESULT: undefined
COMMAND: POST /session/d26a4c962c30a62404c7ee6425a84c84/execute/async - {"script":"<script> [2676 bytes]","args":[]}
RESULT: {"script":"<script> [2676 bytes]","args":[]}
COMMAND: POST /session/d26a4c962c30a62404c7ee6425a84c84/execute/async - {"script":"<script> [2342 bytes]","args":[{"protocol":"http","hostname":"0.0.0.0","path":"/","capabilities":{"browserName":"chrome","goog:chromeOptions":{"binary":"C:\\Program Files\\Google\\Chrome\\Application\\chrome.exe","args":["--start-maximized"]}},"logLevel":"warn","connectionRetryTimeout":120000,"connectionRetryCount":3,"logLevels":{},"enableDirectConnect":true,"strictSSL":true,"_":"65 more keys: [\"cacheDir\",\"port\",\"requestedCapabilities\",\"automationProtocol\",\"baseUrl\",\"waitforInterval\",\"waitforTimeout\",\"onReload\",\"beforeCommand\",\"afterCommand\",\"rootDir\",\"specs\",\"suites\",\"exclude\",\"groupLogsByTestSpec\",\"excludeDriverLogs\",\"bail\",\"framework\",\"reporters\",\"services\",\"maxInstances\",\"maxInstancesPerCapability\",\"injectGlobals\",\"filesToWatch\",\"execArgv\",\"runnerEnv\",\"runner\",\"shard\",\"specFileRetries\",\"specFileRetriesDelay\",\"specFileRetriesDeferred\",\"reporterSyncInterval\",\"reporterSyncTimeout\",\"cucumberFeaturesWithLineNumbers\",\"autoCompileOpts\",\"mochaOpts\",\"jasmineOpts\",\"cucumberOpts\",\"onPrepare\",\"onWorkerStart\",\"onWorkerEnd\",\"before\",\"beforeSession\",\"beforeSuite\",\"beforeHook\",\"beforeTest\",\"afterTest\",\"afterHook\",\"afterSuite\",\"afterSession\",\"after\",\"onComplete\",\"beforeAssertion\",\"afterAssertion\",\"beforeFeature\",\"beforeScenario\",\"beforeStep\",\"afterStep\",\"afterScenario\",\"afterFeature\",\"_\",\"suite\",\"$0\",\"ignoredWorkerServices\",\"wdi5\"]"}]}
RESULT: {"script":"<script> [2342 bytes]","args":[{"protocol":"http","hostname":"0.0.0.0","path":"/","capabilities":{"browserName":"chrome","goog:chromeOptions":{"binary":"C:\\Program Files\\Google\\Chrome\\Application\\chrome.exe","args":["--start-maximized"]}},"logLevel":"warn","connectionRetryTimeout":120000,"connectionRetryCount":3,"logLevels":{},"enableDirectConnect":true,"strictSSL":true,"_":"65 more keys: [\"cacheDir\",\"port\",\"requestedCapabilities\",\"automationProtocol\",\"baseUrl\",\"waitforInterval\",\"waitforTimeout\",\"onReload\",\"beforeCommand\",\"afterCommand\",\"rootDir\",\"specs\",\"suites\",\"exclude\",\"groupLogsByTestSpec\",\"excludeDriverLogs\",\"bail\",\"framework\",\"reporters\",\"services\",\"maxInstances\",\"maxInstancesPerCapability\",\"injectGlobals\",\"filesToWatch\",\"execArgv\",\"runnerEnv\",\"runner\",\"shard\",\"specFileRetries\",\"specFileRetriesDelay\",\"specFileRetriesDeferred\",\"reporterSyncInterval\",\"reporterSyncTimeout\",\"cucumberFeaturesWithLineNumbers\",\"autoCompileOpts\",\"mochaOpts\",\"jasmineOpts\",\"cucumberOpts\",\"onPrepare\",\"onWorkerStart\",\"onWorkerEnd\",\"before\",\"beforeSession\",\"beforeSuite\",\"beforeHook\",\"beforeTest\",\"afterTest\",\"afterHook\",\"afterSuite\",\"afterSession\",\"after\",\"onComplete\",\"beforeAssertion\",\"afterAssertion\",\"beforeFeature\",\"beforeScenario\",\"beforeStep\",\"afterStep\",\"afterScenario\",\"afterFeature\",\"_\",\"suite\",\"$0\",\"ignoredWorkerServices\",\"wdi5\"]"}]}
COMMAND: POST /session/d26a4c962c30a62404c7ee6425a84c84/execute/async - {"script":"<script> [21126 bytes]","args":[35000]}
RESULT: {"script":"<script> [21126 bytes]","args":[35000]}
COMMAND: POST /session/d26a4c962c30a62404c7ee6425a84c84/window/maximize - {}
RESULT: {}
COMMAND: POST /session/d26a4c962c30a62404c7ee6425a84c84/execute/async - {"script":"<script> [1562 bytes]","args":[{"selector":{"id":"shell-header","interaction":{"idSuffix":"icon"}},"wdio_ui5_key":"shellheader"}]}
COMMAND: GET /session/d26a4c962c30a62404c7ee6425a84c84/screenshot - {}
RESULT: {"script":"<script> [1562 bytes]","args":[{"selector":{"id":"shell-header","interaction":{"idSuffix":"icon"}},"wdio_ui5_key":"shellheader"}]}
RESULT: undefined
RESULT: {}
]]></system-out>
    </testcase>
  </testsuite>
  <testsuite timestamp="2025-04-30T15:46:15" time="393.744" tests="5" failures="0" errors="0" skipped="0">
    <properties>
      <property name="specId" value="0" />
      <property name="suiteName" value="Warehouse movements inventory test" />
      <property name="capabilities" value="chrome.135_0_7049_96.windows" />
      <property name="file" value="file:///D:/a/1/s/test/specs/R2C/create-resource.spec.js" />
    </properties>
    <testcase classname="chrome.135_0_7049_96.windows.Warehouse_movements_inventory_test" name="Should create a new WHM yard" time="114.709">
      <system-out><![CDATA[
COMMAND: POST /session/d26a4c962c30a62404c7ee6425a84c84/execute/async - {"script":"<script> [1562 bytes]","args":[{"selector":{"controlType":"sap.m.GenericTile","properties":{"header":"Manage Yards"}},"wdio_ui5_key":"sapm.GenericTile{\"header\":\"Manage Yards\"}"}]}
RESULT: {"script":"<script> [1562 bytes]","args":[{"selector":{"controlType":"sap.m.GenericTile","properties":{"header":"Manage Yards"}},"wdio_ui5_key":"sapm.GenericTile{\"header\":\"Manage Yards\"}"}]}
RESULT: undefined
COMMAND: POST /session/d26a4c962c30a62404c7ee6425a84c84/element - {"using":"xpath","value":"//*[@id=\"__tile41\"]"}
RESULT: {"using":"xpath","value":"//*[@id=\"__tile41\"]"}
COMMAND: POST /session/d26a4c962c30a62404c7ee6425a84c84/element/f.CB35230D0BEACCAB597F868E996E95B6.d.9F60CD61D2E77AF2FD1B774B869BF54A.e.9569/click - {}
RESULT: {}
COMMAND: GET /session/d26a4c962c30a62404c7ee6425a84c84/screenshot - {}
RESULT: {}
COMMAND: POST /session/d26a4c962c30a62404c7ee6425a84c84/execute/async - {"script":"<script> [1562 bytes]","args":[{"selector":{"controlType":"sap.ui.core.Icon","viewName":"etm.portal.ui.manageyards.view.Master","viewId":"application-manageyards-display-component---masterYard","properties":{"src":{"regex":{"source":"add"}}}},"wdio_ui5_key":"etmportal.ui.manageyards.view.Mastersap.ui.core.Icon{\"src\":{\"regex\":{\"source\":\"add\"}}}"}]}
RESULT: {"script":"<script> [1562 bytes]","args":[{"selector":{"controlType":"sap.ui.core.Icon","viewName":"etm.portal.ui.manageyards.view.Master","viewId":"application-manageyards-display-component---masterYard","properties":{"src":{"regex":{"source":"add"}}}},"wdio_ui5_key":"etmportal.ui.manageyards.view.Mastersap.ui.core.Icon{\"src\":{\"regex\":{\"source\":\"add\"}}}"}]}
RESULT: undefined
COMMAND: POST /session/d26a4c962c30a62404c7ee6425a84c84/element - {"using":"xpath","value":"//*[@id=\"__button4-img\"]"}
RESULT: {"using":"xpath","value":"//*[@id=\"__button4-img\"]"}
COMMAND: POST /session/d26a4c962c30a62404c7ee6425a84c84/element/f.CB35230D0BEACCAB597F868E996E95B6.d.9F60CD61D2E77AF2FD1B774B869BF54A.e.9614/click - {}
RESULT: {}
COMMAND: GET /session/d26a4c962c30a62404c7ee6425a84c84/screenshot - {}
RESULT: {}
COMMAND: POST /session/d26a4c962c30a62404c7ee6425a84c84/execute/async - {"script":"<script> [1562 bytes]","args":[{"selector":{"id":"application-manageyards-display-component---NewYard--yardId","interaction":{"idSuffix":"inner"}},"wdio_ui5_key":"applicationmanageyards-display-component---NewYard--yardId"}]}
RESULT: {"script":"<script> [1562 bytes]","args":[{"selector":{"id":"application-manageyards-display-component---NewYard--yardId","interaction":{"idSuffix":"inner"}},"wdio_ui5_key":"applicationmanageyards-display-component---NewYard--yardId"}]}
RESULT: undefined
COMMAND: POST /session/d26a4c962c30a62404c7ee6425a84c84/element - {"using":"xpath","value":"//*[@id=\"application-manageyards-display-component---NewYard--addressDetailDetailsName1-inner\"]"}
RESULT: {"using":"xpath","value":"//*[@id=\"application-manageyards-display-component---NewYard--addressDetailDetailsName1-inner\"]"}
COMMAND: POST /session/d26a4c962c30a62404c7ee6425a84c84/element/f.CB35230D0BEACCAB597F868E996E95B6.d.9F60CD61D2E77AF2FD1B774B869BF54A.e.9826/clear - {}
RESULT: {}
COMMAND: POST /session/d26a4c962c30a62404c7ee6425a84c84/element/f.CB35230D0BEACCAB597F868E996E95B6.d.9F60CD61D2E77AF2FD1B774B869BF54A.e.9826/value - {"text":"WebdriverWHMYard36da6"}
COMMAND: GET /session/d26a4c962c30a62404c7ee6425a84c84/screenshot - {}
RESULT: {"text":"WebdriverWHMYard36da6"}
COMMAND: POST /session/d26a4c962c30a62404c7ee6425a84c84/element - {"using":"xpath","value":"//*[@id=\"application-manageyards-display-component---NewYard--addressDetailDetailsLanguage-inner\"]"}
COMMAND: GET /session/d26a4c962c30a62404c7ee6425a84c84/screenshot - {}
RESULT: {}
RESULT: {"using":"xpath","value":"//*[@id=\"application-manageyards-display-component---NewYard--addressDetailDetailsLanguage-inner\"]"}
COMMAND: POST /session/d26a4c962c30a62404c7ee6425a84c84/element/f.CB35230D0BEACCAB597F868E996E95B6.d.9F60CD61D2E77AF2FD1B774B869BF54A.e.9827/clear - {}
RESULT: {}
RESULT: {}
COMMAND: POST /session/d26a4c962c30a62404c7ee6425a84c84/element/f.CB35230D0BEACCAB597F868E996E95B6.d.9F60CD61D2E77AF2FD1B774B869BF54A.e.9827/value - {"text":"Romanian"}
COMMAND: GET /session/d26a4c962c30a62404c7ee6425a84c84/screenshot - {}
RESULT: {"text":"Romanian"}
COMMAND: POST /session/d26a4c962c30a62404c7ee6425a84c84/element - {"using":"xpath","value":"//input[contains(@id ,\"application-manageyards-display-component---NewYard--addressDetailDetailsName1-inner\")]"}
COMMAND: GET /session/d26a4c962c30a62404c7ee6425a84c84/screenshot - {}
RESULT: {}
RESULT: {"using":"xpath","value":"//input[contains(@id ,\"application-manageyards-display-component---NewYard--addressDetailDetailsName1-inner\")]"}
COMMAND: GET /session/d26a4c962c30a62404c7ee6425a84c84/element/f.CB35230D0BEACCAB597F868E996E95B6.d.9F60CD61D2E77AF2FD1B774B869BF54A.e.9826/property/value - {}
RESULT: {}
RESULT: {}
COMMAND: GET /session/d26a4c962c30a62404c7ee6425a84c84/screenshot - {}
RESULT: {}
COMMAND: POST /session/d26a4c962c30a62404c7ee6425a84c84/element - {"using":"xpath","value":"//*[@id=\"application-manageyards-display-component---NewYard--addressDetailDetailsCity1-inner\"]"}
RESULT: {"using":"xpath","value":"//*[@id=\"application-manageyards-display-component---NewYard--addressDetailDetailsCity1-inner\"]"}
COMMAND: POST /session/d26a4c962c30a62404c7ee6425a84c84/element/f.CB35230D0BEACCAB597F868E996E95B6.d.9F60CD61D2E77AF2FD1B774B869BF54A.e.9829/clear - {}
RESULT: {}
COMMAND: POST /session/d26a4c962c30a62404c7ee6425a84c84/element/f.CB35230D0BEACCAB597F868E996E95B6.d.9F60CD61D2E77AF2FD1B774B869BF54A.e.9829/value - {"text":"Bucuresti"}
COMMAND: GET /session/d26a4c962c30a62404c7ee6425a84c84/screenshot - {}
RESULT: {"text":"Bucuresti"}
COMMAND: GET /session/d26a4c962c30a62404c7ee6425a84c84/screenshot - {}
RESULT: {}
RESULT: {}
COMMAND: POST /session/d26a4c962c30a62404c7ee6425a84c84/element - {"using":"xpath","value":"//*[@id=\"application-manageyards-display-component---NewYard--addressDetailDetailsCountry-inner\"]"}
RESULT: {"using":"xpath","value":"//*[@id=\"application-manageyards-display-component---NewYard--addressDetailDetailsCountry-inner\"]"}
COMMAND: POST /session/d26a4c962c30a62404c7ee6425a84c84/element/f.CB35230D0BEACCAB597F868E996E95B6.d.9F60CD61D2E77AF2FD1B774B869BF54A.e.9833/clear - {}
RESULT: {}
COMMAND: POST /session/d26a4c962c30a62404c7ee6425a84c84/element/f.CB35230D0BEACCAB597F868E996E95B6.d.9F60CD61D2E77AF2FD1B774B869BF54A.e.9833/value - {"text":"Romania"}
COMMAND: GET /session/d26a4c962c30a62404c7ee6425a84c84/screenshot - {}
RESULT: {"text":"Romania"}
COMMAND: GET /session/d26a4c962c30a62404c7ee6425a84c84/screenshot - {}
RESULT: {}
RESULT: {}
COMMAND: POST /session/d26a4c962c30a62404c7ee6425a84c84/execute/async - {"script":"<script> [1562 bytes]","args":[{"selector":{"controlType":"sap.m.Button","viewName":"etm.portal.ui.manageyards.view.New","viewId":"application-manageyards-display-component---NewYard","properties":{"text":"Commercial"},"interaction":{"idSuffix":"BDI-content"}},"wdio_ui5_key":"etmportal.ui.manageyards.view.Newsap.m.Button{\"text\":\"Commercial\"}"}]}
RESULT: {"script":"<script> [1562 bytes]","args":[{"selector":{"controlType":"sap.m.Button","viewName":"etm.portal.ui.manageyards.view.New","viewId":"application-manageyards-display-component---NewYard","properties":{"text":"Commercial"},"interaction":{"idSuffix":"BDI-content"}},"wdio_ui5_key":"etmportal.ui.manageyards.view.Newsap.m.Button{\"text\":\"Commercial\"}"}]}
RESULT: undefined
COMMAND: POST /session/d26a4c962c30a62404c7ee6425a84c84/element - {"using":"xpath","value":"//*[@id=\"application-manageyards-display-component---NewYard--ObjectPageLayout-anchBar-__section5-anchor\"]"}
RESULT: {"using":"xpath","value":"//*[@id=\"application-manageyards-display-component---NewYard--ObjectPageLayout-anchBar-__section5-anchor\"]"}
COMMAND: POST /session/d26a4c962c30a62404c7ee6425a84c84/element/f.CB35230D0BEACCAB597F868E996E95B6.d.9F60CD61D2E77AF2FD1B774B869BF54A.e.10031/click - {}
RESULT: {}
COMMAND: GET /session/d26a4c962c30a62404c7ee6425a84c84/screenshot - {}
RESULT: {}
COMMAND: POST /session/d26a4c962c30a62404c7ee6425a84c84/element - {"using":"xpath","value":"//div[contains(text(), \"Commercial\")]"}
RESULT: {"using":"xpath","value":"//div[contains(text(), \"Commercial\")]"}
COMMAND: GET /session/d26a4c962c30a62404c7ee6425a84c84/element/f.CB35230D0BEACCAB597F868E996E95B6.d.9F60CD61D2E77AF2FD1B774B869BF54A.e.10042/rect - {}
RESULT: {}
COMMAND: GET /session/d26a4c962c30a62404c7ee6425a84c84/window/rect - {}
RESULT: {}
COMMAND: POST /session/d26a4c962c30a62404c7ee6425a84c84/execute/sync - {"script":"<script> [92 bytes]","args":[]}
RESULT: {"script":"<script> [92 bytes]","args":[]}
COMMAND: POST /session/d26a4c962c30a62404c7ee6425a84c84/actions - {"actions":[{"id":"action27","type":"wheel","parameters":{},"actions":[{"type":"scroll","x":-1841,"y":-44,"deltaX":0,"deltaY":0,"duration":0,"origin":{"element-6066-11e4-a52e-4f735466cecf":"f.CB35230D0BEACCAB597F868E996E95B6.d.9F60CD61D2E77AF2FD1B774B869BF54A.e.10042"}}]}]}
COMMAND: GET /session/d26a4c962c30a62404c7ee6425a84c84/screenshot - {}
RESULT: {}
COMMAND: POST /session/d26a4c962c30a62404c7ee6425a84c84/execute/sync - {"script":"<script> [79 bytes]","args":[{"element-6066-11e4-a52e-4f735466cecf":"f.CB35230D0BEACCAB597F868E996E95B6.d.9F60CD61D2E77AF2FD1B774B869BF54A.e.10042","ELEMENT":"f.CB35230D0BEACCAB597F868E996E95B6.d.9F60CD61D2E77AF2FD1B774B869BF54A.e.10042"},{"block":"start","inline":"nearest"}]}
RESULT: {"script":"<script> [79 bytes]","args":[{"element-6066-11e4-a52e-4f735466cecf":"f.CB35230D0BEACCAB597F868E996E95B6.d.9F60CD61D2E77AF2FD1B774B869BF54A.e.10042","ELEMENT":"f.CB35230D0BEACCAB597F868E996E95B6.d.9F60CD61D2E77AF2FD1B774B869BF54A.e.10042"},{"block":"start","inline":"nearest"}]}
COMMAND: GET /session/d26a4c962c30a62404c7ee6425a84c84/screenshot - {}
RESULT: {}
COMMAND: POST /session/d26a4c962c30a62404c7ee6425a84c84/execute/async - {"script":"<script> [1562 bytes]","args":[{"selector":{"id":"application-manageyards-display-component---NewYard--addressEditDetailsCostObjectCstType-arrow"},"wdio_ui5_key":"applicationmanageyards-display-component---NewYard--addressEditDetailsCostObjectCstType-arrow"}]}
RESULT: {"script":"<script> [1562 bytes]","args":[{"selector":{"id":"application-manageyards-display-component---NewYard--addressEditDetailsCostObjectCstType-arrow"},"wdio_ui5_key":"applicationmanageyards-display-component---NewYard--addressEditDetailsCostObjectCstType-arrow"}]}
RESULT: undefined
COMMAND: POST /session/d26a4c962c30a62404c7ee6425a84c84/element - {"using":"xpath","value":"//*[@id=\"application-manageyards-display-component---NewYard--addressEditDetailsCostObjectCstType-arrow\"]"}
RESULT: {"using":"xpath","value":"//*[@id=\"application-manageyards-display-component---NewYard--addressEditDetailsCostObjectCstType-arrow\"]"}
COMMAND: POST /session/d26a4c962c30a62404c7ee6425a84c84/element/f.CB35230D0BEACCAB597F868E996E95B6.d.9F60CD61D2E77AF2FD1B774B869BF54A.e.10043/click - {}
RESULT: {}
COMMAND: POST /session/d26a4c962c30a62404c7ee6425a84c84/element - {"using":"xpath","value":"//span[contains(text(), \"Cost Center\")]"}
COMMAND: GET /session/d26a4c962c30a62404c7ee6425a84c84/screenshot - {}
RESULT: {"using":"xpath","value":"//span[contains(text(), \"Cost Center\")]"}
COMMAND: POST /session/d26a4c962c30a62404c7ee6425a84c84/element/f.CB35230D0BEACCAB597F868E996E95B6.d.9F60CD61D2E77AF2FD1B774B869BF54A.e.10044/click - {}
RESULT: {}
RESULT: {}
COMMAND: GET /session/d26a4c962c30a62404c7ee6425a84c84/screenshot - {}
RESULT: {}
COMMAND: POST /session/d26a4c962c30a62404c7ee6425a84c84/execute/async - {"script":"<script> [1562 bytes]","args":[{"selector":{"id":"application-manageyards-display-component---NewYard--addressNewCostObjectCstID-vhi"},"wdio_ui5_key":"applicationmanageyards-display-component---NewYard--addressNewCostObjectCstID-vhi"}]}
RESULT: {"script":"<script> [1562 bytes]","args":[{"selector":{"id":"application-manageyards-display-component---NewYard--addressNewCostObjectCstID-vhi"},"wdio_ui5_key":"applicationmanageyards-display-component---NewYard--addressNewCostObjectCstID-vhi"}]}
RESULT: undefined
COMMAND: POST /session/d26a4c962c30a62404c7ee6425a84c84/element - {"using":"xpath","value":"//*[@id=\"application-manageyards-display-component---NewYard--addressNewCostObjectCstID-vhi\"]"}
RESULT: {"using":"xpath","value":"//*[@id=\"application-manageyards-display-component---NewYard--addressNewCostObjectCstID-vhi\"]"}
COMMAND: POST /session/d26a4c962c30a62404c7ee6425a84c84/element/f.CB35230D0BEACCAB597F868E996E95B6.d.9F60CD61D2E77AF2FD1B774B869BF54A.e.10048/click - {}
RESULT: {}
COMMAND: GET /session/d26a4c962c30a62404c7ee6425a84c84/screenshot - {}
RESULT: {}
COMMAND: POST /session/d26a4c962c30a62404c7ee6425a84c84/execute/async - {"script":"<script> [1562 bytes]","args":[{"selector":{"controlType":"sap.m.SearchField","properties":{"placeholder":"Search"},"searchOpenDialogs":true,"interaction":{"idSuffix":"I"}},"wdio_ui5_key":"sapm.SearchField{\"placeholder\":\"Search\"}"}]}
RESULT: {"script":"<script> [1562 bytes]","args":[{"selector":{"controlType":"sap.m.SearchField","properties":{"placeholder":"Search"},"searchOpenDialogs":true,"interaction":{"idSuffix":"I"}},"wdio_ui5_key":"sapm.SearchField{\"placeholder\":\"Search\"}"}]}
RESULT: undefined
COMMAND: POST /session/d26a4c962c30a62404c7ee6425a84c84/execute/async - {"script":"<script> [776 bytes]","args":[{"enterText":"10001013","selector":{"controlType":"sap.m.SearchField","properties":{"placeholder":"Search"},"searchOpenDialogs":true,"interaction":{"idSuffix":"I"}},"clearTextFirst":true,"interactionType":"ENTER_TEXT"}]}
RESULT: {"script":"<script> [776 bytes]","args":[{"enterText":"10001013","selector":{"controlType":"sap.m.SearchField","properties":{"placeholder":"Search"},"searchOpenDialogs":true,"interaction":{"idSuffix":"I"}},"clearTextFirst":true,"interactionType":"ENTER_TEXT"}]}
COMMAND: POST /session/d26a4c962c30a62404c7ee6425a84c84/actions - {"actions":[{"id":"action28","type":"key","parameters":{},"actions":[{"type":"keyDown","value":"î€‡"},{"type":"pause","duration":10},{"type":"keyUp","value":"î€‡"}]}]}
RESULT: {"actions":[{"id":"action28","type":"key","parameters":{},"actions":[{"type":"keyDown","value":"î€‡"},{"type":"pause","duration":10},{"type":"keyUp","value":"î€‡"}]}]}
COMMAND: GET /session/d26a4c962c30a62404c7ee6425a84c84/screenshot - {}
RESULT: {}
COMMAND: POST /session/d26a4c962c30a62404c7ee6425a84c84/element - {"using":"xpath","value":"//span[contains(text(), \"General Management\")]"}
RESULT: {"using":"xpath","value":"//span[contains(text(), \"General Management\")]"}
COMMAND: POST /session/d26a4c962c30a62404c7ee6425a84c84/element/f.CB35230D0BEACCAB597F868E996E95B6.d.9F60CD61D2E77AF2FD1B774B869BF54A.e.10090/click - {}
RESULT: {}
COMMAND: GET /session/d26a4c962c30a62404c7ee6425a84c84/screenshot - {}
RESULT: {}
COMMAND: POST /session/d26a4c962c30a62404c7ee6425a84c84/element - {"using":"xpath","value":"//bdi[contains(text(), \"OK\")]"}
RESULT: {"using":"xpath","value":"//bdi[contains(text(), \"OK\")]"}
COMMAND: POST /session/d26a4c962c30a62404c7ee6425a84c84/element/f.CB35230D0BEACCAB597F868E996E95B6.d.9F60CD61D2E77AF2FD1B774B869BF54A.e.10091/click - {}
RESULT: {}
COMMAND: GET /session/d26a4c962c30a62404c7ee6425a84c84/screenshot - {}
RESULT: {}
COMMAND: POST /session/d26a4c962c30a62404c7ee6425a84c84/execute/async - {"script":"<script> [1562 bytes]","args":[{"selector":{"id":"application-manageyards-display-component---NewYard--addressEditDetailsCurrency","interaction":{"idSuffix":"inner"}},"wdio_ui5_key":"applicationmanageyards-display-component---NewYard--addressEditDetailsCurrency"}]}
RESULT: {"script":"<script> [1562 bytes]","args":[{"selector":{"id":"application-manageyards-display-component---NewYard--addressEditDetailsCurrency","interaction":{"idSuffix":"inner"}},"wdio_ui5_key":"applicationmanageyards-display-component---NewYard--addressEditDetailsCurrency"}]}
RESULT: undefined
COMMAND: POST /session/d26a4c962c30a62404c7ee6425a84c84/execute/async - {"script":"<script> [776 bytes]","args":[{"enterText":"Euro","selector":{"id":"application-manageyards-display-component---NewYard--addressEditDetailsCurrency","interaction":{"idSuffix":"inner"}},"clearTextFirst":true,"interactionType":"ENTER_TEXT"}]}
RESULT: {"script":"<script> [776 bytes]","args":[{"enterText":"Euro","selector":{"id":"application-manageyards-display-component---NewYard--addressEditDetailsCurrency","interaction":{"idSuffix":"inner"}},"clearTextFirst":true,"interactionType":"ENTER_TEXT"}]}
COMMAND: POST /session/d26a4c962c30a62404c7ee6425a84c84/execute/async - {"script":"<script> [1562 bytes]","args":[{"selector":{"controlType":"sap.m.Input","viewName":"etm.portal.ui.manageyards.view.New","viewId":"application-manageyards-display-component---NewYard","bindingPath":{"path":"","propertyPath":"/CONTROLLING_AREA","modelName":"NewYardModel"},"interaction":{"idSuffix":"inner"}},"wdio_ui5_key":"etmportal.ui.manageyards.view.Newsap.m.Input{\"path\":\"\",\"propertyPath\":\"/CONTROLLING_AREA\",\"modelName\":\"NewYardModel\"}"}]}
RESULT: {"script":"<script> [1562 bytes]","args":[{"selector":{"controlType":"sap.m.Input","viewName":"etm.portal.ui.manageyards.view.New","viewId":"application-manageyards-display-component---NewYard","bindingPath":{"path":"","propertyPath":"/CONTROLLING_AREA","modelName":"NewYardModel"},"interaction":{"idSuffix":"inner"}},"wdio_ui5_key":"etmportal.ui.manageyards.view.Newsap.m.Input{\"path\":\"\",\"propertyPath\":\"/CONTROLLING_AREA\",\"modelName\":\"NewYardModel\"}"}]}
RESULT: undefined
COMMAND: POST /session/d26a4c962c30a62404c7ee6425a84c84/execute/async - {"script":"<script> [776 bytes]","args":[{"enterText":"Z001","selector":{"controlType":"sap.m.Input","viewName":"etm.portal.ui.manageyards.view.New","viewId":"application-manageyards-display-component---NewYard","bindingPath":{"path":"","propertyPath":"/CONTROLLING_AREA","modelName":"NewYardModel"},"interaction":{"idSuffix":"inner"}},"clearTextFirst":true,"interactionType":"ENTER_TEXT"}]}
RESULT: {"script":"<script> [776 bytes]","args":[{"enterText":"Z001","selector":{"controlType":"sap.m.Input","viewName":"etm.portal.ui.manageyards.view.New","viewId":"application-manageyards-display-component---NewYard","bindingPath":{"path":"","propertyPath":"/CONTROLLING_AREA","modelName":"NewYardModel"},"interaction":{"idSuffix":"inner"}},"clearTextFirst":true,"interactionType":"ENTER_TEXT"}]}
COMMAND: POST /session/d26a4c962c30a62404c7ee6425a84c84/execute/async - {"script":"<script> [1562 bytes]","args":[{"selector":{"id":"application-manageyards-display-component---NewYard--companyCodeComboBox","interaction":{"idSuffix":"inner"}},"wdio_ui5_key":"applicationmanageyards-display-component---NewYard--companyCodeComboBox"}]}
RESULT: {"script":"<script> [1562 bytes]","args":[{"selector":{"id":"application-manageyards-display-component---NewYard--companyCodeComboBox","interaction":{"idSuffix":"inner"}},"wdio_ui5_key":"applicationmanageyards-display-component---NewYard--companyCodeComboBox"}]}
RESULT: undefined
COMMAND: POST /session/d26a4c962c30a62404c7ee6425a84c84/execute/async - {"script":"<script> [776 bytes]","args":[{"enterText":"1000","selector":{"id":"application-manageyards-display-component---NewYard--companyCodeComboBox","interaction":{"idSuffix":"inner"}},"clearTextFirst":true,"interactionType":"ENTER_TEXT"}]}
RESULT: {"script":"<script> [776 bytes]","args":[{"enterText":"1000","selector":{"id":"application-manageyards-display-component---NewYard--companyCodeComboBox","interaction":{"idSuffix":"inner"}},"clearTextFirst":true,"interactionType":"ENTER_TEXT"}]}
COMMAND: POST /session/d26a4c962c30a62404c7ee6425a84c84/actions - {"actions":[{"id":"action29","type":"key","parameters":{},"actions":[{"type":"keyDown","value":"î€‡"},{"type":"pause","duration":10},{"type":"keyUp","value":"î€‡"}]}]}
RESULT: {"actions":[{"id":"action29","type":"key","parameters":{},"actions":[{"type":"keyDown","value":"î€‡"},{"type":"pause","duration":10},{"type":"keyUp","value":"î€‡"}]}]}
COMMAND: POST /session/d26a4c962c30a62404c7ee6425a84c84/execute/async - {"script":"<script> [1562 bytes]","args":[{"selector":{"controlType":"sap.m.Input","viewName":"etm.portal.ui.manageyards.view.New","viewId":"application-manageyards-display-component---NewYard","bindingPath":{"path":"","propertyPath":"/PLANT","modelName":"NewYardModel"},"interaction":{"idSuffix":"inner"}},"wdio_ui5_key":"etmportal.ui.manageyards.view.Newsap.m.Input{\"path\":\"\",\"propertyPath\":\"/PLANT\",\"modelName\":\"NewYardModel\"}"}]}
COMMAND: GET /session/d26a4c962c30a62404c7ee6425a84c84/screenshot - {}
RESULT: {"script":"<script> [1562 bytes]","args":[{"selector":{"controlType":"sap.m.Input","viewName":"etm.portal.ui.manageyards.view.New","viewId":"application-manageyards-display-component---NewYard","bindingPath":{"path":"","propertyPath":"/PLANT","modelName":"NewYardModel"},"interaction":{"idSuffix":"inner"}},"wdio_ui5_key":"etmportal.ui.manageyards.view.Newsap.m.Input{\"path\":\"\",\"propertyPath\":\"/PLANT\",\"modelName\":\"NewYardModel\"}"}]}
RESULT: undefined
COMMAND: POST /session/d26a4c962c30a62404c7ee6425a84c84/execute/async - {"script":"<script> [776 bytes]","args":[{"enterText":"1001","selector":{"controlType":"sap.m.Input","viewName":"etm.portal.ui.manageyards.view.New","viewId":"application-manageyards-display-component---NewYard","bindingPath":{"path":"","propertyPath":"/PLANT","modelName":"NewYardModel"},"interaction":{"idSuffix":"inner"}},"clearTextFirst":true,"interactionType":"ENTER_TEXT"}]}
RESULT: {}
RESULT: {"script":"<script> [776 bytes]","args":[{"enterText":"1001","selector":{"controlType":"sap.m.Input","viewName":"etm.portal.ui.manageyards.view.New","viewId":"application-manageyards-display-component---NewYard","bindingPath":{"path":"","propertyPath":"/PLANT","modelName":"NewYardModel"},"interaction":{"idSuffix":"inner"}},"clearTextFirst":true,"interactionType":"ENTER_TEXT"}]}
COMMAND: POST /session/d26a4c962c30a62404c7ee6425a84c84/execute/async - {"script":"<script> [1562 bytes]","args":[{"selector":{"controlType":"sap.m.Input","viewName":"etm.portal.ui.manageyards.view.New","viewId":"application-manageyards-display-component---NewYard","bindingPath":{"path":"","propertyPath":"/SALES_AREA_VKORG","modelName":"NewYardModel"},"interaction":{"idSuffix":"inner"}},"wdio_ui5_key":"etmportal.ui.manageyards.view.Newsap.m.Input{\"path\":\"\",\"propertyPath\":\"/SALES_AREA_VKORG\",\"modelName\":\"NewYardModel\"}"}]}
RESULT: {"script":"<script> [1562 bytes]","args":[{"selector":{"controlType":"sap.m.Input","viewName":"etm.portal.ui.manageyards.view.New","viewId":"application-manageyards-display-component---NewYard","bindingPath":{"path":"","propertyPath":"/SALES_AREA_VKORG","modelName":"NewYardModel"},"interaction":{"idSuffix":"inner"}},"wdio_ui5_key":"etmportal.ui.manageyards.view.Newsap.m.Input{\"path\":\"\",\"propertyPath\":\"/SALES_AREA_VKORG\",\"modelName\":\"NewYardModel\"}"}]}
RESULT: undefined
COMMAND: POST /session/d26a4c962c30a62404c7ee6425a84c84/execute/async - {"script":"<script> [776 bytes]","args":[{"enterText":"C002","selector":{"controlType":"sap.m.Input","viewName":"etm.portal.ui.manageyards.view.New","viewId":"application-manageyards-display-component---NewYard","bindingPath":{"path":"","propertyPath":"/SALES_AREA_VKORG","modelName":"NewYardModel"},"interaction":{"idSuffix":"inner"}},"clearTextFirst":true,"interactionType":"ENTER_TEXT"}]}
RESULT: {"script":"<script> [776 bytes]","args":[{"enterText":"C002","selector":{"controlType":"sap.m.Input","viewName":"etm.portal.ui.manageyards.view.New","viewId":"application-manageyards-display-component---NewYard","bindingPath":{"path":"","propertyPath":"/SALES_AREA_VKORG","modelName":"NewYardModel"},"interaction":{"idSuffix":"inner"}},"clearTextFirst":true,"interactionType":"ENTER_TEXT"}]}
COMMAND: POST /session/d26a4c962c30a62404c7ee6425a84c84/execute/async - {"script":"<script> [1562 bytes]","args":[{"selector":{"controlType":"sap.m.Input","viewName":"etm.portal.ui.manageyards.view.New","viewId":"application-manageyards-display-component---NewYard","bindingPath":{"path":"","propertyPath":"/SALES_AREA_VTWEG","modelName":"NewYardModel"},"interaction":{"idSuffix":"inner"}},"wdio_ui5_key":"etmportal.ui.manageyards.view.Newsap.m.Input{\"path\":\"\",\"propertyPath\":\"/SALES_AREA_VTWEG\",\"modelName\":\"NewYardModel\"}"}]}
RESULT: {"script":"<script> [1562 bytes]","args":[{"selector":{"controlType":"sap.m.Input","viewName":"etm.portal.ui.manageyards.view.New","viewId":"application-manageyards-display-component---NewYard","bindingPath":{"path":"","propertyPath":"/SALES_AREA_VTWEG","modelName":"NewYardModel"},"interaction":{"idSuffix":"inner"}},"wdio_ui5_key":"etmportal.ui.manageyards.view.Newsap.m.Input{\"path\":\"\",\"propertyPath\":\"/SALES_AREA_VTWEG\",\"modelName\":\"NewYardModel\"}"}]}
RESULT: undefined
COMMAND: POST /session/d26a4c962c30a62404c7ee6425a84c84/execute/async - {"script":"<script> [776 bytes]","args":[{"enterText":"C2","selector":{"controlType":"sap.m.Input","viewName":"etm.portal.ui.manageyards.view.New","viewId":"application-manageyards-display-component---NewYard","bindingPath":{"path":"","propertyPath":"/SALES_AREA_VTWEG","modelName":"NewYardModel"},"interaction":{"idSuffix":"inner"}},"clearTextFirst":true,"interactionType":"ENTER_TEXT"}]}
RESULT: {"script":"<script> [776 bytes]","args":[{"enterText":"C2","selector":{"controlType":"sap.m.Input","viewName":"etm.portal.ui.manageyards.view.New","viewId":"application-manageyards-display-component---NewYard","bindingPath":{"path":"","propertyPath":"/SALES_AREA_VTWEG","modelName":"NewYardModel"},"interaction":{"idSuffix":"inner"}},"clearTextFirst":true,"interactionType":"ENTER_TEXT"}]}
COMMAND: POST /session/d26a4c962c30a62404c7ee6425a84c84/execute/async - {"script":"<script> [1562 bytes]","args":[{"selector":{"controlType":"sap.m.Input","viewName":"etm.portal.ui.manageyards.view.New","viewId":"application-manageyards-display-component---NewYard","bindingPath":{"path":"","propertyPath":"/SALES_AREA_SPART","modelName":"NewYardModel"},"interaction":{"idSuffix":"inner"}},"wdio_ui5_key":"etmportal.ui.manageyards.view.Newsap.m.Input{\"path\":\"\",\"propertyPath\":\"/SALES_AREA_SPART\",\"modelName\":\"NewYardModel\"}"}]}
RESULT: {"script":"<script> [1562 bytes]","args":[{"selector":{"controlType":"sap.m.Input","viewName":"etm.portal.ui.manageyards.view.New","viewId":"application-manageyards-display-component---NewYard","bindingPath":{"path":"","propertyPath":"/SALES_AREA_SPART","modelName":"NewYardModel"},"interaction":{"idSuffix":"inner"}},"wdio_ui5_key":"etmportal.ui.manageyards.view.Newsap.m.Input{\"path\":\"\",\"propertyPath\":\"/SALES_AREA_SPART\",\"modelName\":\"NewYardModel\"}"}]}
RESULT: undefined
COMMAND: POST /session/d26a4c962c30a62404c7ee6425a84c84/execute/async - {"script":"<script> [776 bytes]","args":[{"enterText":"C2","selector":{"controlType":"sap.m.Input","viewName":"etm.portal.ui.manageyards.view.New","viewId":"application-manageyards-display-component---NewYard","bindingPath":{"path":"","propertyPath":"/SALES_AREA_SPART","modelName":"NewYardModel"},"interaction":{"idSuffix":"inner"}},"clearTextFirst":true,"interactionType":"ENTER_TEXT"}]}
RESULT: {"script":"<script> [776 bytes]","args":[{"enterText":"C2","selector":{"controlType":"sap.m.Input","viewName":"etm.portal.ui.manageyards.view.New","viewId":"application-manageyards-display-component---NewYard","bindingPath":{"path":"","propertyPath":"/SALES_AREA_SPART","modelName":"NewYardModel"},"interaction":{"idSuffix":"inner"}},"clearTextFirst":true,"interactionType":"ENTER_TEXT"}]}
COMMAND: POST /session/d26a4c962c30a62404c7ee6425a84c84/execute/async - {"script":"<script> [1562 bytes]","args":[{"selector":{"id":"application-manageyards-display-component---NewYard--whmCheckBox","interaction":{"idSuffix":"CbBg"}},"wdio_ui5_key":"applicationmanageyards-display-component---NewYard--whmCheckBox"}]}
RESULT: {"script":"<script> [1562 bytes]","args":[{"selector":{"id":"application-manageyards-display-component---NewYard--whmCheckBox","interaction":{"idSuffix":"CbBg"}},"wdio_ui5_key":"applicationmanageyards-display-component---NewYard--whmCheckBox"}]}
RESULT: undefined
COMMAND: POST /session/d26a4c962c30a62404c7ee6425a84c84/element - {"using":"xpath","value":"//*[@id=\"application-manageyards-display-component---NewYard--whmCheckBox\"]"}
RESULT: {"using":"xpath","value":"//*[@id=\"application-manageyards-display-component---NewYard--whmCheckBox\"]"}
COMMAND: POST /session/d26a4c962c30a62404c7ee6425a84c84/element/f.CB35230D0BEACCAB597F868E996E95B6.d.9F60CD61D2E77AF2FD1B774B869BF54A.e.10102/click - {}
RESULT: {}
COMMAND: POST /session/d26a4c962c30a62404c7ee6425a84c84/execute/async - {"script":"<script> [1562 bytes]","args":[{"selector":{"controlType":"sap.m.Button","viewName":"etm.portal.ui.manageyards.view.New","viewId":"application-manageyards-display-component---NewYard","i18NText":{"propertyName":"text","key":"save"},"interaction":{"idSuffix":"inner"}},"wdio_ui5_key":"etmportal.ui.manageyards.view.Newsap.m.Button{\"propertyName\":\"text\",\"key\":\"save\"}"}]}
COMMAND: GET /session/d26a4c962c30a62404c7ee6425a84c84/screenshot - {}
RESULT: {"script":"<script> [1562 bytes]","args":[{"selector":{"controlType":"sap.m.Button","viewName":"etm.portal.ui.manageyards.view.New","viewId":"application-manageyards-display-component---NewYard","i18NText":{"propertyName":"text","key":"save"},"interaction":{"idSuffix":"inner"}},"wdio_ui5_key":"etmportal.ui.manageyards.view.Newsap.m.Button{\"propertyName\":\"text\",\"key\":\"save\"}"}]}
RESULT: undefined
COMMAND: POST /session/d26a4c962c30a62404c7ee6425a84c84/element - {"using":"xpath","value":"//*[@id=\"__button18\"]"}
RESULT: {}
RESULT: {"using":"xpath","value":"//*[@id=\"__button18\"]"}
COMMAND: POST /session/d26a4c962c30a62404c7ee6425a84c84/element/f.CB35230D0BEACCAB597F868E996E95B6.d.9F60CD61D2E77AF2FD1B774B869BF54A.e.9993/click - {}
RESULT: {}
COMMAND: GET /session/d26a4c962c30a62404c7ee6425a84c84/screenshot - {}
RESULT: {}
COMMAND: POST /session/d26a4c962c30a62404c7ee6425a84c84/element - {"using":"css selector","value":"#shell-header-logo"}
RESULT: {"using":"css selector","value":"#shell-header-logo"}
COMMAND: POST /session/d26a4c962c30a62404c7ee6425a84c84/element/f.CB35230D0BEACCAB597F868E996E95B6.d.9F60CD61D2E77AF2FD1B774B869BF54A.e.9555/click - {}
RESULT: {}
COMMAND: GET /session/d26a4c962c30a62404c7ee6425a84c84/screenshot - {}
RESULT: {}
COMMAND: POST /session/d26a4c962c30a62404c7ee6425a84c84/refresh - {}
RESULT: {}
COMMAND: GET /session/d26a4c962c30a62404c7ee6425a84c84/screenshot - {}
RESULT: {}
COMMAND: POST /session/d26a4c962c30a62404c7ee6425a84c84/execute/async - {"script":"<script> [189 bytes]","args":[]}
RESULT: {"script":"<script> [189 bytes]","args":[]}
COMMAND: POST /session/d26a4c962c30a62404c7ee6425a84c84/execute/async - {"script":"<script> [123 bytes]","args":[]}
RESULT: {"script":"<script> [123 bytes]","args":[]}
COMMAND: POST /session/d26a4c962c30a62404c7ee6425a84c84/timeouts - {"script":"<number>"}
RESULT: {"script":"<number>"}
COMMAND: GET /session/d26a4c962c30a62404c7ee6425a84c84/timeouts - {}
RESULT: {}
RESULT: undefined
COMMAND: POST /session/d26a4c962c30a62404c7ee6425a84c84/execute/async - {"script":"<script> [2676 bytes]","args":[]}
RESULT: {"script":"<script> [2676 bytes]","args":[]}
COMMAND: POST /session/d26a4c962c30a62404c7ee6425a84c84/execute/async - {"script":"<script> [2342 bytes]","args":[{"protocol":"http","hostname":"0.0.0.0","path":"/","capabilities":{"browserName":"chrome","goog:chromeOptions":{"binary":"C:\\Program Files\\Google\\Chrome\\Application\\chrome.exe","args":["--start-maximized"]}},"logLevel":"warn","connectionRetryTimeout":120000,"connectionRetryCount":3,"logLevels":{},"enableDirectConnect":true,"strictSSL":true,"_":"65 more keys: [\"cacheDir\",\"port\",\"requestedCapabilities\",\"automationProtocol\",\"baseUrl\",\"waitforInterval\",\"waitforTimeout\",\"onReload\",\"beforeCommand\",\"afterCommand\",\"rootDir\",\"specs\",\"suites\",\"exclude\",\"groupLogsByTestSpec\",\"excludeDriverLogs\",\"bail\",\"framework\",\"reporters\",\"services\",\"maxInstances\",\"maxInstancesPerCapability\",\"injectGlobals\",\"filesToWatch\",\"execArgv\",\"runnerEnv\",\"runner\",\"shard\",\"specFileRetries\",\"specFileRetriesDelay\",\"specFileRetriesDeferred\",\"reporterSyncInterval\",\"reporterSyncTimeout\",\"cucumberFeaturesWithLineNumbers\",\"autoCompileOpts\",\"mochaOpts\",\"jasmineOpts\",\"cucumberOpts\",\"onPrepare\",\"onWorkerStart\",\"onWorkerEnd\",\"before\",\"beforeSession\",\"beforeSuite\",\"beforeHook\",\"beforeTest\",\"afterTest\",\"afterHook\",\"afterSuite\",\"afterSession\",\"after\",\"onComplete\",\"beforeAssertion\",\"afterAssertion\",\"beforeFeature\",\"beforeScenario\",\"beforeStep\",\"afterStep\",\"afterScenario\",\"afterFeature\",\"_\",\"suite\",\"$0\",\"ignoredWorkerServices\",\"wdi5\"]"}]}
RESULT: {"script":"<script> [2342 bytes]","args":[{"protocol":"http","hostname":"0.0.0.0","path":"/","capabilities":{"browserName":"chrome","goog:chromeOptions":{"binary":"C:\\Program Files\\Google\\Chrome\\Application\\chrome.exe","args":["--start-maximized"]}},"logLevel":"warn","connectionRetryTimeout":120000,"connectionRetryCount":3,"logLevels":{},"enableDirectConnect":true,"strictSSL":true,"_":"65 more keys: [\"cacheDir\",\"port\",\"requestedCapabilities\",\"automationProtocol\",\"baseUrl\",\"waitforInterval\",\"waitforTimeout\",\"onReload\",\"beforeCommand\",\"afterCommand\",\"rootDir\",\"specs\",\"suites\",\"exclude\",\"groupLogsByTestSpec\",\"excludeDriverLogs\",\"bail\",\"framework\",\"reporters\",\"services\",\"maxInstances\",\"maxInstancesPerCapability\",\"injectGlobals\",\"filesToWatch\",\"execArgv\",\"runnerEnv\",\"runner\",\"shard\",\"specFileRetries\",\"specFileRetriesDelay\",\"specFileRetriesDeferred\",\"reporterSyncInterval\",\"reporterSyncTimeout\",\"cucumberFeaturesWithLineNumbers\",\"autoCompileOpts\",\"mochaOpts\",\"jasmineOpts\",\"cucumberOpts\",\"onPrepare\",\"onWorkerStart\",\"onWorkerEnd\",\"before\",\"beforeSession\",\"beforeSuite\",\"beforeHook\",\"beforeTest\",\"afterTest\",\"afterHook\",\"afterSuite\",\"afterSession\",\"after\",\"onComplete\",\"beforeAssertion\",\"afterAssertion\",\"beforeFeature\",\"beforeScenario\",\"beforeStep\",\"afterStep\",\"afterScenario\",\"afterFeature\",\"_\",\"suite\",\"$0\",\"ignoredWorkerServices\",\"wdi5\"]"}]}
COMMAND: POST /session/d26a4c962c30a62404c7ee6425a84c84/execute/async - {"script":"<script> [21126 bytes]","args":[35000]}
RESULT: {"script":"<script> [21126 bytes]","args":[35000]}
]]></system-out>
    </testcase>
    <testcase classname="chrome.135_0_7049_96.windows.Warehouse_movements_inventory_test" name="Should create a new warehouse organization" time="45.686">
      <system-out><![CDATA[
COMMAND: POST /session/d26a4c962c30a62404c7ee6425a84c84/execute/async - {"script":"<script> [1562 bytes]","args":[{"selector":{"controlType":"sap.m.GenericTile","properties":{"header":"Bin Status Report"}},"wdio_ui5_key":"sapm.GenericTile{\"header\":\"Bin Status Report\"}"}]}
RESULT: {"script":"<script> [1562 bytes]","args":[{"selector":{"controlType":"sap.m.GenericTile","properties":{"header":"Bin Status Report"}},"wdio_ui5_key":"sapm.GenericTile{\"header\":\"Bin Status Report\"}"}]}
RESULT: undefined
COMMAND: POST /session/d26a4c962c30a62404c7ee6425a84c84/element - {"using":"xpath","value":"//*[@id=\"__tile104\"]"}
RESULT: {"using":"xpath","value":"//*[@id=\"__tile104\"]"}
COMMAND: POST /session/d26a4c962c30a62404c7ee6425a84c84/element/f.CB35230D0BEACCAB597F868E996E95B6.d.F807E609E3DF00B1964568AD785C8E6D.e.10315/click - {}
RESULT: {}
COMMAND: GET /session/d26a4c962c30a62404c7ee6425a84c84/screenshot - {}
RESULT: {}
COMMAND: POST /session/d26a4c962c30a62404c7ee6425a84c84/execute/async - {"script":"<script> [1562 bytes]","args":[{"selector":{"id":"application-binstatusreport-display-component---warehousing--createOrgBtn","interaction":{"idSuffix":"BDI-content"}},"wdio_ui5_key":"applicationbinstatusreport-display-component---warehousing--createOrgBtn"}]}
RESULT: {"script":"<script> [1562 bytes]","args":[{"selector":{"id":"application-binstatusreport-display-component---warehousing--createOrgBtn","interaction":{"idSuffix":"BDI-content"}},"wdio_ui5_key":"applicationbinstatusreport-display-component---warehousing--createOrgBtn"}]}
RESULT: undefined
COMMAND: POST /session/d26a4c962c30a62404c7ee6425a84c84/element - {"using":"xpath","value":"//*[@id=\"application-binstatusreport-display-component---warehousing--createOrgBtn\"]"}
RESULT: {"using":"xpath","value":"//*[@id=\"application-binstatusreport-display-component---warehousing--createOrgBtn\"]"}
COMMAND: POST /session/d26a4c962c30a62404c7ee6425a84c84/element/f.CB35230D0BEACCAB597F868E996E95B6.d.F807E609E3DF00B1964568AD785C8E6D.e.10362/click - {}
RESULT: {}
COMMAND: GET /session/d26a4c962c30a62404c7ee6425a84c84/screenshot - {}
RESULT: {}
COMMAND: POST /session/d26a4c962c30a62404c7ee6425a84c84/execute/async - {"script":"<script> [1562 bytes]","args":[{"selector":{"id":"createOrganizationPop--sectionInput","searchOpenDialogs":true,"interaction":{"idSuffix":"inner"}},"wdio_ui5_key":"createOrganizationPopsectionInput"}]}
RESULT: {"script":"<script> [1562 bytes]","args":[{"selector":{"id":"createOrganizationPop--sectionInput","searchOpenDialogs":true,"interaction":{"idSuffix":"inner"}},"wdio_ui5_key":"createOrganizationPopsectionInput"}]}
RESULT: undefined
COMMAND: POST /session/d26a4c962c30a62404c7ee6425a84c84/execute/async - {"script":"<script> [776 bytes]","args":[{"enterText":"Secvcerm","selector":{"id":"createOrganizationPop--sectionInput","searchOpenDialogs":true,"interaction":{"idSuffix":"inner"}},"clearTextFirst":true,"interactionType":"ENTER_TEXT"}]}
RESULT: {"script":"<script> [776 bytes]","args":[{"enterText":"Secvcerm","selector":{"id":"createOrganizationPop--sectionInput","searchOpenDialogs":true,"interaction":{"idSuffix":"inner"}},"clearTextFirst":true,"interactionType":"ENTER_TEXT"}]}
COMMAND: POST /session/d26a4c962c30a62404c7ee6425a84c84/execute/async - {"script":"<script> [1562 bytes]","args":[{"selector":{"id":"createOrganizationPop--descriptionInput","searchOpenDialogs":true,"interaction":{"idSuffix":"inner"}},"wdio_ui5_key":"createOrganizationPopdescriptionInput"}]}
RESULT: {"script":"<script> [1562 bytes]","args":[{"selector":{"id":"createOrganizationPop--descriptionInput","searchOpenDialogs":true,"interaction":{"idSuffix":"inner"}},"wdio_ui5_key":"createOrganizationPopdescriptionInput"}]}
RESULT: undefined
COMMAND: POST /session/d26a4c962c30a62404c7ee6425a84c84/execute/async - {"script":"<script> [776 bytes]","args":[{"enterText":"OrgNamefdz0v","selector":{"id":"createOrganizationPop--descriptionInput","searchOpenDialogs":true,"interaction":{"idSuffix":"inner"}},"clearTextFirst":true,"interactionType":"ENTER_TEXT"}]}
RESULT: {"script":"<script> [776 bytes]","args":[{"enterText":"OrgNamefdz0v","selector":{"id":"createOrganizationPop--descriptionInput","searchOpenDialogs":true,"interaction":{"idSuffix":"inner"}},"clearTextFirst":true,"interactionType":"ENTER_TEXT"}]}
COMMAND: POST /session/d26a4c962c30a62404c7ee6425a84c84/element - {"using":"xpath","value":"//input[contains(@id ,\"createOrganizationPop--yardOrg-inner\")]"}
RESULT: {"using":"xpath","value":"//input[contains(@id ,\"createOrganizationPop--yardOrg-inner\")]"}
COMMAND: POST /session/d26a4c962c30a62404c7ee6425a84c84/element/f.CB35230D0BEACCAB597F868E996E95B6.d.F807E609E3DF00B1964568AD785C8E6D.e.10401/clear - {}
RESULT: {}
COMMAND: POST /session/d26a4c962c30a62404c7ee6425a84c84/element/f.CB35230D0BEACCAB597F868E996E95B6.d.F807E609E3DF00B1964568AD785C8E6D.e.10401/value - {"text":"WebdriverWHMYard36da6"}
COMMAND: GET /session/d26a4c962c30a62404c7ee6425a84c84/screenshot - {}
RESULT: {"text":"WebdriverWHMYard36da6"}
COMMAND: GET /session/d26a4c962c30a62404c7ee6425a84c84/screenshot - {}
RESULT: {}
RESULT: {}
COMMAND: POST /session/d26a4c962c30a62404c7ee6425a84c84/actions - {"actions":[{"id":"action30","type":"key","parameters":{},"actions":[{"type":"keyDown","value":"î€‡"},{"type":"pause","duration":10},{"type":"keyUp","value":"î€‡"}]}]}
RESULT: {"actions":[{"id":"action30","type":"key","parameters":{},"actions":[{"type":"keyDown","value":"î€‡"},{"type":"pause","duration":10},{"type":"keyUp","value":"î€‡"}]}]}
COMMAND: GET /session/d26a4c962c30a62404c7ee6425a84c84/screenshot - {}
RESULT: {}
COMMAND: POST /session/d26a4c962c30a62404c7ee6425a84c84/execute/async - {"script":"<script> [1562 bytes]","args":[{"selector":{"id":"createOrganizationPop--grZone","searchOpenDialogs":true,"interaction":{"idSuffix":"CbBg"}},"wdio_ui5_key":"createOrganizationPopgrZone"}]}
RESULT: {"script":"<script> [1562 bytes]","args":[{"selector":{"id":"createOrganizationPop--grZone","searchOpenDialogs":true,"interaction":{"idSuffix":"CbBg"}},"wdio_ui5_key":"createOrganizationPopgrZone"}]}
RESULT: undefined
COMMAND: POST /session/d26a4c962c30a62404c7ee6425a84c84/element - {"using":"xpath","value":"//*[@id=\"createOrganizationPop--grZone\"]"}
RESULT: {"using":"xpath","value":"//*[@id=\"createOrganizationPop--grZone\"]"}
COMMAND: POST /session/d26a4c962c30a62404c7ee6425a84c84/element/f.CB35230D0BEACCAB597F868E996E95B6.d.F807E609E3DF00B1964568AD785C8E6D.e.10423/click - {}
RESULT: {}
COMMAND: POST /session/d26a4c962c30a62404c7ee6425a84c84/execute/async - {"script":"<script> [1562 bytes]","args":[{"selector":{"id":"createOrganizationPop--giZone","searchOpenDialogs":true,"interaction":{"idSuffix":"CbBg"}},"wdio_ui5_key":"createOrganizationPopgiZone"}]}
COMMAND: GET /session/d26a4c962c30a62404c7ee6425a84c84/screenshot - {}
RESULT: {"script":"<script> [1562 bytes]","args":[{"selector":{"id":"createOrganizationPop--giZone","searchOpenDialogs":true,"interaction":{"idSuffix":"CbBg"}},"wdio_ui5_key":"createOrganizationPopgiZone"}]}
RESULT: undefined
COMMAND: POST /session/d26a4c962c30a62404c7ee6425a84c84/element - {"using":"xpath","value":"//*[@id=\"createOrganizationPop--giZone\"]"}
RESULT: {}
RESULT: {"using":"xpath","value":"//*[@id=\"createOrganizationPop--giZone\"]"}
COMMAND: POST /session/d26a4c962c30a62404c7ee6425a84c84/element/f.CB35230D0BEACCAB597F868E996E95B6.d.F807E609E3DF00B1964568AD785C8E6D.e.10425/click - {}
RESULT: {}
COMMAND: POST /session/d26a4c962c30a62404c7ee6425a84c84/execute/async - {"script":"<script> [1562 bytes]","args":[{"selector":{"id":"createOrganizationPop--binNoInput","searchOpenDialogs":true,"interaction":{"idSuffix":"inner"}},"wdio_ui5_key":"createOrganizationPopbinNoInput"}]}
COMMAND: GET /session/d26a4c962c30a62404c7ee6425a84c84/screenshot - {}
RESULT: {"script":"<script> [1562 bytes]","args":[{"selector":{"id":"createOrganizationPop--binNoInput","searchOpenDialogs":true,"interaction":{"idSuffix":"inner"}},"wdio_ui5_key":"createOrganizationPopbinNoInput"}]}
RESULT: undefined
COMMAND: POST /session/d26a4c962c30a62404c7ee6425a84c84/execute/async - {"script":"<script> [776 bytes]","args":[{"enterText":"Binxd2f3","selector":{"id":"createOrganizationPop--binNoInput","searchOpenDialogs":true,"interaction":{"idSuffix":"inner"}},"clearTextFirst":true,"interactionType":"ENTER_TEXT"}]}
RESULT: {}
RESULT: {"script":"<script> [776 bytes]","args":[{"enterText":"Binxd2f3","selector":{"id":"createOrganizationPop--binNoInput","searchOpenDialogs":true,"interaction":{"idSuffix":"inner"}},"clearTextFirst":true,"interactionType":"ENTER_TEXT"}]}
COMMAND: POST /session/d26a4c962c30a62404c7ee6425a84c84/execute/async - {"script":"<script> [1562 bytes]","args":[{"selector":{"id":"createOrganizationPop--descriptionId","searchOpenDialogs":true,"interaction":{"idSuffix":"inner"}},"wdio_ui5_key":"createOrganizationPopdescriptionId"}]}
RESULT: {"script":"<script> [1562 bytes]","args":[{"selector":{"id":"createOrganizationPop--descriptionId","searchOpenDialogs":true,"interaction":{"idSuffix":"inner"}},"wdio_ui5_key":"createOrganizationPopdescriptionId"}]}
RESULT: undefined
COMMAND: POST /session/d26a4c962c30a62404c7ee6425a84c84/execute/async - {"script":"<script> [776 bytes]","args":[{"enterText":"Bindlzwo","selector":{"id":"createOrganizationPop--descriptionId","searchOpenDialogs":true,"interaction":{"idSuffix":"inner"}},"clearTextFirst":true,"interactionType":"ENTER_TEXT"}]}
RESULT: {"script":"<script> [776 bytes]","args":[{"enterText":"Bindlzwo","selector":{"id":"createOrganizationPop--descriptionId","searchOpenDialogs":true,"interaction":{"idSuffix":"inner"}},"clearTextFirst":true,"interactionType":"ENTER_TEXT"}]}
COMMAND: POST /session/d26a4c962c30a62404c7ee6425a84c84/execute/async - {"script":"<script> [1562 bytes]","args":[{"selector":{"controlType":"sap.m.CheckBox","viewName":"etm.portal.ui.binstatusreport.view.MasterWareBins","viewId":"application-binstatusreport-display-component---warehousing","bindingPath":{"path":"","propertyPath":"/ZONE","modelName":"newBin"},"searchOpenDialogs":true,"interaction":{"idSuffix":"CbBg"}},"wdio_ui5_key":"etmportal.ui.binstatusreport.view.MasterWareBinssap.m.CheckBox{\"path\":\"\",\"propertyPath\":\"/ZONE\",\"modelName\":\"newBin\"}"}]}
RESULT: {"script":"<script> [1562 bytes]","args":[{"selector":{"controlType":"sap.m.CheckBox","viewName":"etm.portal.ui.binstatusreport.view.MasterWareBins","viewId":"application-binstatusreport-display-component---warehousing","bindingPath":{"path":"","propertyPath":"/ZONE","modelName":"newBin"},"searchOpenDialogs":true,"interaction":{"idSuffix":"CbBg"}},"wdio_ui5_key":"etmportal.ui.binstatusreport.view.MasterWareBinssap.m.CheckBox{\"path\":\"\",\"propertyPath\":\"/ZONE\",\"modelName\":\"newBin\"}"}]}
RESULT: undefined
COMMAND: POST /session/d26a4c962c30a62404c7ee6425a84c84/element - {"using":"xpath","value":"//*[@id=\"__box12\"]"}
RESULT: {"using":"xpath","value":"//*[@id=\"__box12\"]"}
COMMAND: POST /session/d26a4c962c30a62404c7ee6425a84c84/element/f.CB35230D0BEACCAB597F868E996E95B6.d.F807E609E3DF00B1964568AD785C8E6D.e.10429/click - {}
RESULT: {}
COMMAND: POST /session/d26a4c962c30a62404c7ee6425a84c84/execute/async - {"script":"<script> [1562 bytes]","args":[{"selector":{"id":"createOrganizationPop--binTypesCB-arrow","searchOpenDialogs":true},"wdio_ui5_key":"createOrganizationPopbinTypesCB-arrow"}]}
COMMAND: GET /session/d26a4c962c30a62404c7ee6425a84c84/screenshot - {}
RESULT: {"script":"<script> [1562 bytes]","args":[{"selector":{"id":"createOrganizationPop--binTypesCB-arrow","searchOpenDialogs":true},"wdio_ui5_key":"createOrganizationPopbinTypesCB-arrow"}]}
RESULT: undefined
COMMAND: POST /session/d26a4c962c30a62404c7ee6425a84c84/element - {"using":"xpath","value":"//*[@id=\"createOrganizationPop--binTypesCB-arrow\"]"}
RESULT: {}
RESULT: {"using":"xpath","value":"//*[@id=\"createOrganizationPop--binTypesCB-arrow\"]"}
COMMAND: POST /session/d26a4c962c30a62404c7ee6425a84c84/element/f.CB35230D0BEACCAB597F868E996E95B6.d.F807E609E3DF00B1964568AD785C8E6D.e.10430/click - {}
RESULT: {}
COMMAND: POST /session/d26a4c962c30a62404c7ee6425a84c84/execute/async - {"script":"<script> [1562 bytes]","args":[{"selector":{"controlType":"sap.m.StandardListItem","viewName":"etm.portal.ui.binstatusreport.view.MasterWareBins","viewId":"application-binstatusreport-display-component---warehousing","properties":{"title":"1 - General / No capacity check"},"searchOpenDialogs":true,"interaction":{"idSuffix":"content"}},"wdio_ui5_key":"etmportal.ui.binstatusreport.view.MasterWareBinssap.m.StandardListItem{\"title\":\"1 - General / No capacity check\"}"}]}
COMMAND: GET /session/d26a4c962c30a62404c7ee6425a84c84/screenshot - {}
RESULT: {"script":"<script> [1562 bytes]","args":[{"selector":{"controlType":"sap.m.StandardListItem","viewName":"etm.portal.ui.binstatusreport.view.MasterWareBins","viewId":"application-binstatusreport-display-component---warehousing","properties":{"title":"1 - General / No capacity check"},"searchOpenDialogs":true,"interaction":{"idSuffix":"content"}},"wdio_ui5_key":"etmportal.ui.binstatusreport.view.MasterWareBinssap.m.StandardListItem{\"title\":\"1 - General / No capacity check\"}"}]}
RESULT: undefined
COMMAND: POST /session/d26a4c962c30a62404c7ee6425a84c84/element - {"using":"xpath","value":"//*[@id=\"__item106\"]"}
RESULT: {}
RESULT: {"using":"xpath","value":"//*[@id=\"__item106\"]"}
COMMAND: POST /session/d26a4c962c30a62404c7ee6425a84c84/element/f.CB35230D0BEACCAB597F868E996E95B6.d.F807E609E3DF00B1964568AD785C8E6D.e.10432/click - {}
RESULT: {}
COMMAND: POST /session/d26a4c962c30a62404c7ee6425a84c84/execute/async - {"script":"<script> [1562 bytes]","args":[{"selector":{"id":"createOrganizationPop--finishBtn","searchOpenDialogs":true,"interaction":{"idSuffix":"BDI-content"}},"wdio_ui5_key":"createOrganizationPopfinishBtn"}]}
COMMAND: GET /session/d26a4c962c30a62404c7ee6425a84c84/screenshot - {}
RESULT: {"script":"<script> [1562 bytes]","args":[{"selector":{"id":"createOrganizationPop--finishBtn","searchOpenDialogs":true,"interaction":{"idSuffix":"BDI-content"}},"wdio_ui5_key":"createOrganizationPopfinishBtn"}]}
RESULT: undefined
COMMAND: POST /session/d26a4c962c30a62404c7ee6425a84c84/element - {"using":"xpath","value":"//*[@id=\"createOrganizationPop--finishBtn\"]"}
RESULT: {}
RESULT: {"using":"xpath","value":"//*[@id=\"createOrganizationPop--finishBtn\"]"}
COMMAND: POST /session/d26a4c962c30a62404c7ee6425a84c84/element/f.CB35230D0BEACCAB597F868E996E95B6.d.F807E609E3DF00B1964568AD785C8E6D.e.10434/click - {}
RESULT: {}
COMMAND: GET /session/d26a4c962c30a62404c7ee6425a84c84/screenshot - {}
RESULT: {}
COMMAND: POST /session/d26a4c962c30a62404c7ee6425a84c84/element - {"using":"css selector","value":"#shell-header-logo"}
RESULT: {"using":"css selector","value":"#shell-header-logo"}
COMMAND: POST /session/d26a4c962c30a62404c7ee6425a84c84/element/f.CB35230D0BEACCAB597F868E996E95B6.d.F807E609E3DF00B1964568AD785C8E6D.e.10320/click - {}
RESULT: {}
COMMAND: GET /session/d26a4c962c30a62404c7ee6425a84c84/screenshot - {}
RESULT: {}
]]></system-out>
    </testcase>
    <testcase classname="chrome.135_0_7049_96.windows.Warehouse_movements_inventory_test" name="Should Create new material for WHM yard" time="107.182">
      <system-out><![CDATA[
COMMAND: POST /session/d26a4c962c30a62404c7ee6425a84c84/execute/async - {"script":"<script> [1562 bytes]","args":[{"selector":{"controlType":"sap.m.GenericTile","properties":{"header":"Manage Resources"}},"wdio_ui5_key":"sapm.GenericTile{\"header\":\"Manage Resources\"}"}]}
RESULT: {"script":"<script> [1562 bytes]","args":[{"selector":{"controlType":"sap.m.GenericTile","properties":{"header":"Manage Resources"}},"wdio_ui5_key":"sapm.GenericTile{\"header\":\"Manage Resources\"}"}]}
RESULT: undefined
COMMAND: POST /session/d26a4c962c30a62404c7ee6425a84c84/element - {"using":"xpath","value":"//*[@id=\"__tile39\"]"}
RESULT: {"using":"xpath","value":"//*[@id=\"__tile39\"]"}
COMMAND: POST /session/d26a4c962c30a62404c7ee6425a84c84/element/f.CB35230D0BEACCAB597F868E996E95B6.d.F807E609E3DF00B1964568AD785C8E6D.e.10442/click - {}
RESULT: {}
COMMAND: GET /session/d26a4c962c30a62404c7ee6425a84c84/screenshot - {}
RESULT: {}
COMMAND: POST /session/d26a4c962c30a62404c7ee6425a84c84/element - {"using":"xpath","value":"//button[@data-kt=\"addNewRUOverflowToolbarButton\"]"}
RESULT: {"using":"xpath","value":"//button[@data-kt=\"addNewRUOverflowToolbarButton\"]"}
COMMAND: POST /session/d26a4c962c30a62404c7ee6425a84c84/execute/sync - {"script":"<script> [8489 bytes]","args":[{"element-6066-11e4-a52e-4f735466cecf":"f.CB35230D0BEACCAB597F868E996E95B6.d.F807E609E3DF00B1964568AD785C8E6D.e.10485","ELEMENT":"f.CB35230D0BEACCAB597F868E996E95B6.d.F807E609E3DF00B1964568AD785C8E6D.e.10485"}]}
RESULT: {"script":"<script> [8489 bytes]","args":[{"element-6066-11e4-a52e-4f735466cecf":"f.CB35230D0BEACCAB597F868E996E95B6.d.F807E609E3DF00B1964568AD785C8E6D.e.10485","ELEMENT":"f.CB35230D0BEACCAB597F868E996E95B6.d.F807E609E3DF00B1964568AD785C8E6D.e.10485"}]}
COMMAND: POST /session/d26a4c962c30a62404c7ee6425a84c84/element/f.CB35230D0BEACCAB597F868E996E95B6.d.F807E609E3DF00B1964568AD785C8E6D.e.10485/click - {}
COMMAND: GET /session/d26a4c962c30a62404c7ee6425a84c84/screenshot - {}
RESULT: {}
COMMAND: POST /session/d26a4c962c30a62404c7ee6425a84c84/execute/async - {"script":"<script> [1562 bytes]","args":[{"selector":{"id":"application-manageresources-display-component---newResourceUnit--TYPE-arrow"},"wdio_ui5_key":"applicationmanageresources-display-component---newResourceUnit--TYPE-arrow"}]}
COMMAND: GET /session/d26a4c962c30a62404c7ee6425a84c84/screenshot - {}
RESULT: {}
RESULT: {"script":"<script> [1562 bytes]","args":[{"selector":{"id":"application-manageresources-display-component---newResourceUnit--TYPE-arrow"},"wdio_ui5_key":"applicationmanageresources-display-component---newResourceUnit--TYPE-arrow"}]}
RESULT: undefined
COMMAND: POST /session/d26a4c962c30a62404c7ee6425a84c84/element - {"using":"xpath","value":"//*[@id=\"application-manageresources-display-component---newResourceUnit--TYPE-arrow\"]"}
RESULT: {}
RESULT: {"using":"xpath","value":"//*[@id=\"application-manageresources-display-component---newResourceUnit--TYPE-arrow\"]"}
COMMAND: POST /session/d26a4c962c30a62404c7ee6425a84c84/element/f.CB35230D0BEACCAB597F868E996E95B6.d.F807E609E3DF00B1964568AD785C8E6D.e.10811/click - {}
RESULT: {}
COMMAND: POST /session/d26a4c962c30a62404c7ee6425a84c84/execute/async - {"script":"<script> [1562 bytes]","args":[{"selector":{"controlType":"sap.m.StandardListItem","viewName":"reusables.view.manageresources.NewResourceUnit","viewId":"application-manageresources-display-component---newResourceUnit","properties":{"title":"Material"},"searchOpenDialogs":true,"interaction":{"idSuffix":"titleText"}},"wdio_ui5_key":"reusablesview.manageresources.NewResourceUnitsap.m.StandardListItem{\"title\":\"Material\"}"}]}
COMMAND: GET /session/d26a4c962c30a62404c7ee6425a84c84/screenshot - {}
RESULT: {"script":"<script> [1562 bytes]","args":[{"selector":{"controlType":"sap.m.StandardListItem","viewName":"reusables.view.manageresources.NewResourceUnit","viewId":"application-manageresources-display-component---newResourceUnit","properties":{"title":"Material"},"searchOpenDialogs":true,"interaction":{"idSuffix":"titleText"}},"wdio_ui5_key":"reusablesview.manageresources.NewResourceUnitsap.m.StandardListItem{\"title\":\"Material\"}"}]}
RESULT: undefined
COMMAND: POST /session/d26a4c962c30a62404c7ee6425a84c84/element - {"using":"xpath","value":"//*[@id=\"__item236\"]"}
RESULT: {}
RESULT: {"using":"xpath","value":"//*[@id=\"__item236\"]"}
COMMAND: POST /session/d26a4c962c30a62404c7ee6425a84c84/element/f.CB35230D0BEACCAB597F868E996E95B6.d.F807E609E3DF00B1964568AD785C8E6D.e.10814/click - {}
RESULT: {}
COMMAND: POST /session/d26a4c962c30a62404c7ee6425a84c84/execute/async - {"script":"<script> [1562 bytes]","args":[{"selector":{"id":"application-manageresources-display-component---newResourceUnit--SHORT_TEXT","interaction":{"idSuffix":"inner"}},"wdio_ui5_key":"applicationmanageresources-display-component---newResourceUnit--SHORT_TEXT"}]}
COMMAND: GET /session/d26a4c962c30a62404c7ee6425a84c84/screenshot - {}
RESULT: {"script":"<script> [1562 bytes]","args":[{"selector":{"id":"application-manageresources-display-component---newResourceUnit--SHORT_TEXT","interaction":{"idSuffix":"inner"}},"wdio_ui5_key":"applicationmanageresources-display-component---newResourceUnit--SHORT_TEXT"}]}
RESULT: undefined
COMMAND: POST /session/d26a4c962c30a62404c7ee6425a84c84/execute/async - {"script":"<script> [776 bytes]","args":[{"enterText":"WebdriverRUR2Cm4fgck","selector":{"id":"application-manageresources-display-component---newResourceUnit--SHORT_TEXT","interaction":{"idSuffix":"inner"}},"clearTextFirst":true,"interactionType":"ENTER_TEXT"}]}
RESULT: {}
RESULT: {"script":"<script> [776 bytes]","args":[{"enterText":"WebdriverRUR2Cm4fgck","selector":{"id":"application-manageresources-display-component---newResourceUnit--SHORT_TEXT","interaction":{"idSuffix":"inner"}},"clearTextFirst":true,"interactionType":"ENTER_TEXT"}]}
COMMAND: POST /session/d26a4c962c30a62404c7ee6425a84c84/execute/async - {"script":"<script> [1562 bytes]","args":[{"selector":{"id":"application-manageresources-display-component---newResourceUnit--BASE_UNIT_OF_MEASURE-arrow"},"wdio_ui5_key":"applicationmanageresources-display-component---newResourceUnit--BASE_UNIT_OF_MEASURE-arrow"}]}
RESULT: {"script":"<script> [1562 bytes]","args":[{"selector":{"id":"application-manageresources-display-component---newResourceUnit--BASE_UNIT_OF_MEASURE-arrow"},"wdio_ui5_key":"applicationmanageresources-display-component---newResourceUnit--BASE_UNIT_OF_MEASURE-arrow"}]}
RESULT: undefined
COMMAND: POST /session/d26a4c962c30a62404c7ee6425a84c84/element - {"using":"xpath","value":"//*[@id=\"application-manageresources-display-component---newResourceUnit--BASE_UNIT_OF_MEASURE-arrow\"]"}
RESULT: {"using":"xpath","value":"//*[@id=\"application-manageresources-display-component---newResourceUnit--BASE_UNIT_OF_MEASURE-arrow\"]"}
COMMAND: POST /session/d26a4c962c30a62404c7ee6425a84c84/element/f.CB35230D0BEACCAB597F868E996E95B6.d.F807E609E3DF00B1964568AD785C8E6D.e.10870/click - {}
RESULT: {}
COMMAND: POST /session/d26a4c962c30a62404c7ee6425a84c84/execute/async - {"script":"<script> [1562 bytes]","args":[{"selector":{"controlType":"sap.m.StandardListItem","viewName":"reusables.view.manageresources.NewResourceUnit","viewId":"application-manageresources-display-component---newResourceUnit","properties":{"title":"Piece"},"searchOpenDialogs":true,"interaction":{"idSuffix":"titleText"}},"wdio_ui5_key":"reusablesview.manageresources.NewResourceUnitsap.m.StandardListItem{\"title\":\"Piece\"}"}]}
COMMAND: GET /session/d26a4c962c30a62404c7ee6425a84c84/screenshot - {}
RESULT: {"script":"<script> [1562 bytes]","args":[{"selector":{"controlType":"sap.m.StandardListItem","viewName":"reusables.view.manageresources.NewResourceUnit","viewId":"application-manageresources-display-component---newResourceUnit","properties":{"title":"Piece"},"searchOpenDialogs":true,"interaction":{"idSuffix":"titleText"}},"wdio_ui5_key":"reusablesview.manageresources.NewResourceUnitsap.m.StandardListItem{\"title\":\"Piece\"}"}]}
RESULT: undefined
COMMAND: POST /session/d26a4c962c30a62404c7ee6425a84c84/element - {"using":"xpath","value":"//*[@id=\"__item280\"]"}
RESULT: {}
RESULT: {"using":"xpath","value":"//*[@id=\"__item280\"]"}
COMMAND: POST /session/d26a4c962c30a62404c7ee6425a84c84/element/f.CB35230D0BEACCAB597F868E996E95B6.d.F807E609E3DF00B1964568AD785C8E6D.e.10872/click - {}
RESULT: {}
COMMAND: POST /session/d26a4c962c30a62404c7ee6425a84c84/element - {"using":"xpath","value":"//input[contains(@id ,\"application-manageresources-display-component---newResourceUnit--SHORT_TEXT-inner\")]"}
COMMAND: GET /session/d26a4c962c30a62404c7ee6425a84c84/screenshot - {}
RESULT: {"using":"xpath","value":"//input[contains(@id ,\"application-manageresources-display-component---newResourceUnit--SHORT_TEXT-inner\")]"}
COMMAND: GET /session/d26a4c962c30a62404c7ee6425a84c84/element/f.CB35230D0BEACCAB597F868E996E95B6.d.F807E609E3DF00B1964568AD785C8E6D.e.10831/property/value - {}
RESULT: {}
RESULT: {}
COMMAND: POST /session/d26a4c962c30a62404c7ee6425a84c84/execute/async - {"script":"<script> [1562 bytes]","args":[{"selector":{"id":"application-manageresources-display-component---newResourceUnit--WEIGHT_UNIT-arrow"},"wdio_ui5_key":"applicationmanageresources-display-component---newResourceUnit--WEIGHT_UNIT-arrow"}]}
COMMAND: GET /session/d26a4c962c30a62404c7ee6425a84c84/screenshot - {}
RESULT: {"script":"<script> [1562 bytes]","args":[{"selector":{"id":"application-manageresources-display-component---newResourceUnit--WEIGHT_UNIT-arrow"},"wdio_ui5_key":"applicationmanageresources-display-component---newResourceUnit--WEIGHT_UNIT-arrow"}]}
RESULT: undefined
COMMAND: POST /session/d26a4c962c30a62404c7ee6425a84c84/element - {"using":"xpath","value":"//*[@id=\"application-manageresources-display-component---newResourceUnit--WEIGHT_UNIT-arrow\"]"}
RESULT: {}
RESULT: {"using":"xpath","value":"//*[@id=\"application-manageresources-display-component---newResourceUnit--WEIGHT_UNIT-arrow\"]"}
COMMAND: POST /session/d26a4c962c30a62404c7ee6425a84c84/element/f.CB35230D0BEACCAB597F868E996E95B6.d.F807E609E3DF00B1964568AD785C8E6D.e.10873/click - {}
RESULT: {}
COMMAND: POST /session/d26a4c962c30a62404c7ee6425a84c84/execute/async - {"script":"<script> [1562 bytes]","args":[{"selector":{"controlType":"sap.m.StandardListItem","viewName":"reusables.view.manageresources.NewResourceUnit","viewId":"application-manageresources-display-component---newResourceUnit","properties":{"title":"Gram"},"searchOpenDialogs":true,"interaction":{"idSuffix":"content"}},"wdio_ui5_key":"reusablesview.manageresources.NewResourceUnitsap.m.StandardListItem{\"title\":\"Gram\"}"}]}
COMMAND: GET /session/d26a4c962c30a62404c7ee6425a84c84/screenshot - {}
RESULT: {"script":"<script> [1562 bytes]","args":[{"selector":{"controlType":"sap.m.StandardListItem","viewName":"reusables.view.manageresources.NewResourceUnit","viewId":"application-manageresources-display-component---newResourceUnit","properties":{"title":"Gram"},"searchOpenDialogs":true,"interaction":{"idSuffix":"content"}},"wdio_ui5_key":"reusablesview.manageresources.NewResourceUnitsap.m.StandardListItem{\"title\":\"Gram\"}"}]}
RESULT: undefined
COMMAND: POST /session/d26a4c962c30a62404c7ee6425a84c84/element - {"using":"xpath","value":"//*[@id=\"__item345\"]"}
RESULT: {}
RESULT: {"using":"xpath","value":"//*[@id=\"__item345\"]"}
COMMAND: POST /session/d26a4c962c30a62404c7ee6425a84c84/element/f.CB35230D0BEACCAB597F868E996E95B6.d.F807E609E3DF00B1964568AD785C8E6D.e.10875/click - {}
RESULT: {}
COMMAND: POST /session/d26a4c962c30a62404c7ee6425a84c84/execute/async - {"script":"<script> [1562 bytes]","args":[{"selector":{"id":"application-manageresources-display-component---newResourceUnit--newRRUPage-OPHeaderContent-collapseBtn-img"},"wdio_ui5_key":"applicationmanageresources-display-component---newResourceUnit--newRRUPage-OPHeaderContent-collapseBtn-img"}]}
COMMAND: GET /session/d26a4c962c30a62404c7ee6425a84c84/screenshot - {}
RESULT: {}
RESULT: {"script":"<script> [1562 bytes]","args":[{"selector":{"id":"application-manageresources-display-component---newResourceUnit--newRRUPage-OPHeaderContent-collapseBtn-img"},"wdio_ui5_key":"applicationmanageresources-display-component---newResourceUnit--newRRUPage-OPHeaderContent-collapseBtn-img"}]}
RESULT: undefined
COMMAND: POST /session/d26a4c962c30a62404c7ee6425a84c84/element - {"using":"xpath","value":"//*[@id=\"application-manageresources-display-component---newResourceUnit--newRRUPage-OPHeaderContent-collapseBtn-img\"]"}
RESULT: {"using":"xpath","value":"//*[@id=\"application-manageresources-display-component---newResourceUnit--newRRUPage-OPHeaderContent-collapseBtn-img\"]"}
COMMAND: POST /session/d26a4c962c30a62404c7ee6425a84c84/element/f.CB35230D0BEACCAB597F868E996E95B6.d.F807E609E3DF00B1964568AD785C8E6D.e.10821/click - {}
RESULT: {}
COMMAND: GET /session/d26a4c962c30a62404c7ee6425a84c84/screenshot - {}
RESULT: {}
COMMAND: POST /session/d26a4c962c30a62404c7ee6425a84c84/element - {"using":"xpath","value":"(//span[contains(@id ,\"application-manageresources-display-component---newResourceUnit--DIMENSION_UNIT-arrow\")])[1]"}
RESULT: {"using":"xpath","value":"(//span[contains(@id ,\"application-manageresources-display-component---newResourceUnit--DIMENSION_UNIT-arrow\")])[1]"}
COMMAND: POST /session/d26a4c962c30a62404c7ee6425a84c84/element/f.CB35230D0BEACCAB597F868E996E95B6.d.F807E609E3DF00B1964568AD785C8E6D.e.10879/click - {}
RESULT: {}
COMMAND: GET /session/d26a4c962c30a62404c7ee6425a84c84/screenshot - {}
RESULT: {}
COMMAND: POST /session/d26a4c962c30a62404c7ee6425a84c84/execute/async - {"script":"<script> [1562 bytes]","args":[{"selector":{"controlType":"sap.m.StandardListItem","viewName":"reusables.view.manageresources.NewResourceUnit","viewId":"application-manageresources-display-component---newResourceUnit","properties":{"title":"Centimeter"},"searchOpenDialogs":true,"interaction":{"idSuffix":"titleText"}},"wdio_ui5_key":"reusablesview.manageresources.NewResourceUnitsap.m.StandardListItem{\"title\":\"Centimeter\"}"}]}
RESULT: {"script":"<script> [1562 bytes]","args":[{"selector":{"controlType":"sap.m.StandardListItem","viewName":"reusables.view.manageresources.NewResourceUnit","viewId":"application-manageresources-display-component---newResourceUnit","properties":{"title":"Centimeter"},"searchOpenDialogs":true,"interaction":{"idSuffix":"titleText"}},"wdio_ui5_key":"reusablesview.manageresources.NewResourceUnitsap.m.StandardListItem{\"title\":\"Centimeter\"}"}]}
RESULT: undefined
COMMAND: POST /session/d26a4c962c30a62404c7ee6425a84c84/element - {"using":"xpath","value":"//*[@id=\"__item348\"]"}
RESULT: {"using":"xpath","value":"//*[@id=\"__item348\"]"}
COMMAND: POST /session/d26a4c962c30a62404c7ee6425a84c84/element/f.CB35230D0BEACCAB597F868E996E95B6.d.F807E609E3DF00B1964568AD785C8E6D.e.10883/click - {}
RESULT: {}
COMMAND: POST /session/d26a4c962c30a62404c7ee6425a84c84/execute/async - {"script":"<script> [1562 bytes]","args":[{"selector":{"id":"application-manageresources-display-component---newResourceUnit--newRRUPage-anchBar-application-manageresources-display-component---newResourceUnit--reference-anchor","interaction":{"idSuffix":"BDI-content"}},"wdio_ui5_key":"applicationmanageresources-display-component---newResourceUnit--newRRUPage-anchBar-application-manageresources-display-component---newResourceUnit--reference-anchor"}]}
COMMAND: GET /session/d26a4c962c30a62404c7ee6425a84c84/screenshot - {}
RESULT: {"script":"<script> [1562 bytes]","args":[{"selector":{"id":"application-manageresources-display-component---newResourceUnit--newRRUPage-anchBar-application-manageresources-display-component---newResourceUnit--reference-anchor","interaction":{"idSuffix":"BDI-content"}},"wdio_ui5_key":"applicationmanageresources-display-component---newResourceUnit--newRRUPage-anchBar-application-manageresources-display-component---newResourceUnit--reference-anchor"}]}
RESULT: undefined
COMMAND: POST /session/d26a4c962c30a62404c7ee6425a84c84/element - {"using":"xpath","value":"//*[@id=\"application-manageresources-display-component---newResourceUnit--newRRUPage-anchBar-application-manageresources-display-component---newResourceUnit--reference-anchor\"]"}
RESULT: {}
RESULT: {"using":"xpath","value":"//*[@id=\"application-manageresources-display-component---newResourceUnit--newRRUPage-anchBar-application-manageresources-display-component---newResourceUnit--reference-anchor\"]"}
COMMAND: POST /session/d26a4c962c30a62404c7ee6425a84c84/element/f.CB35230D0BEACCAB597F868E996E95B6.d.F807E609E3DF00B1964568AD785C8E6D.e.10885/click - {}
RESULT: {}
COMMAND: POST /session/d26a4c962c30a62404c7ee6425a84c84/execute/async - {"script":"<script> [1562 bytes]","args":[{"selector":{"id":"application-manageresources-display-component---newResourceUnit--PLANNING_GROUP-arrow"},"wdio_ui5_key":"applicationmanageresources-display-component---newResourceUnit--PLANNING_GROUP-arrow"}]}
COMMAND: GET /session/d26a4c962c30a62404c7ee6425a84c84/screenshot - {}
RESULT: {"script":"<script> [1562 bytes]","args":[{"selector":{"id":"application-manageresources-display-component---newResourceUnit--PLANNING_GROUP-arrow"},"wdio_ui5_key":"applicationmanageresources-display-component---newResourceUnit--PLANNING_GROUP-arrow"}]}
RESULT: undefined
COMMAND: POST /session/d26a4c962c30a62404c7ee6425a84c84/element - {"using":"xpath","value":"//*[@id=\"application-manageresources-display-component---newResourceUnit--PLANNING_GROUP-arrow\"]"}
RESULT: {}
RESULT: {"using":"xpath","value":"//*[@id=\"application-manageresources-display-component---newResourceUnit--PLANNING_GROUP-arrow\"]"}
COMMAND: POST /session/d26a4c962c30a62404c7ee6425a84c84/element/f.CB35230D0BEACCAB597F868E996E95B6.d.F807E609E3DF00B1964568AD785C8E6D.e.10889/click - {}
RESULT: {}
COMMAND: POST /session/d26a4c962c30a62404c7ee6425a84c84/execute/async - {"script":"<script> [1562 bytes]","args":[{"selector":{"controlType":"sap.m.StandardListItem","viewName":"reusables.view.manageresources.NewResourceUnit","viewId":"application-manageresources-display-component---newResourceUnit","properties":{"title":"Heavy Equi"},"searchOpenDialogs":true,"interaction":{"idSuffix":"content"}},"wdio_ui5_key":"reusablesview.manageresources.NewResourceUnitsap.m.StandardListItem{\"title\":\"Heavy Equi\"}"}]}
COMMAND: GET /session/d26a4c962c30a62404c7ee6425a84c84/screenshot - {}
RESULT: {"script":"<script> [1562 bytes]","args":[{"selector":{"controlType":"sap.m.StandardListItem","viewName":"reusables.view.manageresources.NewResourceUnit","viewId":"application-manageresources-display-component---newResourceUnit","properties":{"title":"Heavy Equi"},"searchOpenDialogs":true,"interaction":{"idSuffix":"content"}},"wdio_ui5_key":"reusablesview.manageresources.NewResourceUnitsap.m.StandardListItem{\"title\":\"Heavy Equi\"}"}]}
RESULT: undefined
COMMAND: POST /session/d26a4c962c30a62404c7ee6425a84c84/element - {"using":"xpath","value":"//*[@id=\"__item356\"]"}
RESULT: {}
RESULT: {"using":"xpath","value":"//*[@id=\"__item356\"]"}
COMMAND: POST /session/d26a4c962c30a62404c7ee6425a84c84/element/f.CB35230D0BEACCAB597F868E996E95B6.d.F807E609E3DF00B1964568AD785C8E6D.e.10893/click - {}
RESULT: {}
COMMAND: GET /session/d26a4c962c30a62404c7ee6425a84c84/screenshot - {}
RESULT: {}
COMMAND: POST /session/d26a4c962c30a62404c7ee6425a84c84/execute/async - {"script":"<script> [1562 bytes]","args":[{"selector":{"id":"application-manageresources-display-component---newResourceUnit--PLANNING_INDICATOR-arrow"},"wdio_ui5_key":"applicationmanageresources-display-component---newResourceUnit--PLANNING_INDICATOR-arrow"}]}
RESULT: {"script":"<script> [1562 bytes]","args":[{"selector":{"id":"application-manageresources-display-component---newResourceUnit--PLANNING_INDICATOR-arrow"},"wdio_ui5_key":"applicationmanageresources-display-component---newResourceUnit--PLANNING_INDICATOR-arrow"}]}
RESULT: undefined
COMMAND: POST /session/d26a4c962c30a62404c7ee6425a84c84/element - {"using":"xpath","value":"//*[@id=\"application-manageresources-display-component---newResourceUnit--PLANNING_INDICATOR-arrow\"]"}
RESULT: {"using":"xpath","value":"//*[@id=\"application-manageresources-display-component---newResourceUnit--PLANNING_INDICATOR-arrow\"]"}
COMMAND: POST /session/d26a4c962c30a62404c7ee6425a84c84/element/f.CB35230D0BEACCAB597F868E996E95B6.d.F807E609E3DF00B1964568AD785C8E6D.e.10894/click - {}
RESULT: {}
COMMAND: POST /session/d26a4c962c30a62404c7ee6425a84c84/execute/async - {"script":"<script> [1562 bytes]","args":[{"selector":{"controlType":"sap.m.StandardListItem","viewName":"reusables.view.manageresources.NewResourceUnit","viewId":"application-manageresources-display-component---newResourceUnit","properties":{"title":"10 - infinite"},"searchOpenDialogs":true,"interaction":{"idSuffix":"content"}},"wdio_ui5_key":"reusablesview.manageresources.NewResourceUnitsap.m.StandardListItem{\"title\":\"10 - infinite\"}"}]}
COMMAND: GET /session/d26a4c962c30a62404c7ee6425a84c84/screenshot - {}
RESULT: {"script":"<script> [1562 bytes]","args":[{"selector":{"controlType":"sap.m.StandardListItem","viewName":"reusables.view.manageresources.NewResourceUnit","viewId":"application-manageresources-display-component---newResourceUnit","properties":{"title":"10 - infinite"},"searchOpenDialogs":true,"interaction":{"idSuffix":"content"}},"wdio_ui5_key":"reusablesview.manageresources.NewResourceUnitsap.m.StandardListItem{\"title\":\"10 - infinite\"}"}]}
RESULT: undefined
COMMAND: POST /session/d26a4c962c30a62404c7ee6425a84c84/element - {"using":"xpath","value":"//*[@id=\"__item366\"]"}
RESULT: {}
RESULT: {"using":"xpath","value":"//*[@id=\"__item366\"]"}
COMMAND: POST /session/d26a4c962c30a62404c7ee6425a84c84/element/f.CB35230D0BEACCAB597F868E996E95B6.d.F807E609E3DF00B1964568AD785C8E6D.e.10896/click - {}
RESULT: {}
COMMAND: GET /session/d26a4c962c30a62404c7ee6425a84c84/screenshot - {}
RESULT: {}
COMMAND: POST /session/d26a4c962c30a62404c7ee6425a84c84/element - {"using":"xpath","value":"//bdi[contains(text(), \"Time Segment\")]"}
RESULT: {"using":"xpath","value":"//bdi[contains(text(), \"Time Segment\")]"}
COMMAND: GET /session/d26a4c962c30a62404c7ee6425a84c84/element/f.CB35230D0BEACCAB597F868E996E95B6.d.F807E609E3DF00B1964568AD785C8E6D.e.10897/rect - {}
RESULT: {}
COMMAND: GET /session/d26a4c962c30a62404c7ee6425a84c84/window/rect - {}
RESULT: {}
COMMAND: POST /session/d26a4c962c30a62404c7ee6425a84c84/execute/sync - {"script":"<script> [92 bytes]","args":[]}
RESULT: {"script":"<script> [92 bytes]","args":[]}
COMMAND: POST /session/d26a4c962c30a62404c7ee6425a84c84/actions - {"actions":[{"id":"action31","type":"wheel","parameters":{},"actions":[{"type":"scroll","x":-1820,"y":-21,"deltaX":0,"deltaY":0,"duration":0,"origin":{"element-6066-11e4-a52e-4f735466cecf":"f.CB35230D0BEACCAB597F868E996E95B6.d.F807E609E3DF00B1964568AD785C8E6D.e.10897"}}]}]}
COMMAND: GET /session/d26a4c962c30a62404c7ee6425a84c84/screenshot - {}
RESULT: {}
COMMAND: POST /session/d26a4c962c30a62404c7ee6425a84c84/execute/sync - {"script":"<script> [79 bytes]","args":[{"element-6066-11e4-a52e-4f735466cecf":"f.CB35230D0BEACCAB597F868E996E95B6.d.F807E609E3DF00B1964568AD785C8E6D.e.10897","ELEMENT":"f.CB35230D0BEACCAB597F868E996E95B6.d.F807E609E3DF00B1964568AD785C8E6D.e.10897"},{"block":"start","inline":"nearest"}]}
RESULT: {"script":"<script> [79 bytes]","args":[{"element-6066-11e4-a52e-4f735466cecf":"f.CB35230D0BEACCAB597F868E996E95B6.d.F807E609E3DF00B1964568AD785C8E6D.e.10897","ELEMENT":"f.CB35230D0BEACCAB597F868E996E95B6.d.F807E609E3DF00B1964568AD785C8E6D.e.10897"},{"block":"start","inline":"nearest"}]}
COMMAND: GET /session/d26a4c962c30a62404c7ee6425a84c84/screenshot - {}
RESULT: {}
COMMAND: POST /session/d26a4c962c30a62404c7ee6425a84c84/element - {"using":"xpath","value":"//span[@id=\"application-manageresources-display-component---newResourceUnit--btnAddTimeSegment-img\"]"}
RESULT: {"using":"xpath","value":"//span[@id=\"application-manageresources-display-component---newResourceUnit--btnAddTimeSegment-img\"]"}
COMMAND: POST /session/d26a4c962c30a62404c7ee6425a84c84/execute/sync - {"script":"<script> [8489 bytes]","args":[{"element-6066-11e4-a52e-4f735466cecf":"f.CB35230D0BEACCAB597F868E996E95B6.d.F807E609E3DF00B1964568AD785C8E6D.e.10900","ELEMENT":"f.CB35230D0BEACCAB597F868E996E95B6.d.F807E609E3DF00B1964568AD785C8E6D.e.10900"}]}
RESULT: {"script":"<script> [8489 bytes]","args":[{"element-6066-11e4-a52e-4f735466cecf":"f.CB35230D0BEACCAB597F868E996E95B6.d.F807E609E3DF00B1964568AD785C8E6D.e.10900","ELEMENT":"f.CB35230D0BEACCAB597F868E996E95B6.d.F807E609E3DF00B1964568AD785C8E6D.e.10900"}]}
COMMAND: POST /session/d26a4c962c30a62404c7ee6425a84c84/element/f.CB35230D0BEACCAB597F868E996E95B6.d.F807E609E3DF00B1964568AD785C8E6D.e.10900/click - {}
COMMAND: GET /session/d26a4c962c30a62404c7ee6425a84c84/screenshot - {}
RESULT: {}
COMMAND: GET /session/d26a4c962c30a62404c7ee6425a84c84/screenshot - {}
COMMAND: POST /session/d26a4c962c30a62404c7ee6425a84c84/element - {"using":"xpath","value":"//input[@id=\"application-manageresources-display-component---newResourceUnit--idRuTSAdmin-application-manageresources-display-component---newResourceUnit--RUTimeSegment-0-inner\"]"}
RESULT: {}
RESULT: {}
RESULT: {"using":"xpath","value":"//input[@id=\"application-manageresources-display-component---newResourceUnit--idRuTSAdmin-application-manageresources-display-component---newResourceUnit--RUTimeSegment-0-inner\"]"}
COMMAND: POST /session/d26a4c962c30a62404c7ee6425a84c84/element/f.CB35230D0BEACCAB597F868E996E95B6.d.F807E609E3DF00B1964568AD785C8E6D.e.10903/clear - {}
RESULT: {}
COMMAND: POST /session/d26a4c962c30a62404c7ee6425a84c84/element/f.CB35230D0BEACCAB597F868E996E95B6.d.F807E609E3DF00B1964568AD785C8E6D.e.10903/value - {"text":"WebdriverWHMYard36da6"}
COMMAND: GET /session/d26a4c962c30a62404c7ee6425a84c84/screenshot - {}
RESULT: {"text":"WebdriverWHMYard36da6"}
COMMAND: GET /session/d26a4c962c30a62404c7ee6425a84c84/screenshot - {}
RESULT: {}
RESULT: {}
COMMAND: POST /session/d26a4c962c30a62404c7ee6425a84c84/actions - {"actions":[{"id":"action32","type":"key","parameters":{},"actions":[{"type":"keyDown","value":"î€‡"},{"type":"pause","duration":10},{"type":"keyUp","value":"î€‡"}]}]}
RESULT: {"actions":[{"id":"action32","type":"key","parameters":{},"actions":[{"type":"keyDown","value":"î€‡"},{"type":"pause","duration":10},{"type":"keyUp","value":"î€‡"}]}]}
COMMAND: GET /session/d26a4c962c30a62404c7ee6425a84c84/screenshot - {}
RESULT: {}
COMMAND: POST /session/d26a4c962c30a62404c7ee6425a84c84/execute/async - {"script":"<script> [1562 bytes]","args":[{"selector":{"controlType":"sap.m.Button","viewName":"reusables.view.manageresources.NewResourceUnit","viewId":"application-manageresources-display-component---newResourceUnit","i18NText":{"propertyName":"tooltip","key":"save"},"interaction":{"idSuffix":"BDI-content"}},"wdio_ui5_key":"reusablesview.manageresources.NewResourceUnitsap.m.Button{\"propertyName\":\"tooltip\",\"key\":\"save\"}"}]}
RESULT: {"script":"<script> [1562 bytes]","args":[{"selector":{"controlType":"sap.m.Button","viewName":"reusables.view.manageresources.NewResourceUnit","viewId":"application-manageresources-display-component---newResourceUnit","i18NText":{"propertyName":"tooltip","key":"save"},"interaction":{"idSuffix":"BDI-content"}},"wdio_ui5_key":"reusablesview.manageresources.NewResourceUnitsap.m.Button{\"propertyName\":\"tooltip\",\"key\":\"save\"}"}]}
RESULT: undefined
COMMAND: POST /session/d26a4c962c30a62404c7ee6425a84c84/element - {"using":"xpath","value":"//*[@id=\"application-manageresources-display-component---newResourceUnit--createRuButton\"]"}
RESULT: {"using":"xpath","value":"//*[@id=\"application-manageresources-display-component---newResourceUnit--createRuButton\"]"}
COMMAND: POST /session/d26a4c962c30a62404c7ee6425a84c84/element/f.CB35230D0BEACCAB597F868E996E95B6.d.F807E609E3DF00B1964568AD785C8E6D.e.10827/click - {}
RESULT: {}
COMMAND: GET /session/d26a4c962c30a62404c7ee6425a84c84/screenshot - {}
RESULT: {}
COMMAND: POST /session/d26a4c962c30a62404c7ee6425a84c84/execute/async - {"script":"<script> [1562 bytes]","args":[{"selector":{"controlType":"sap.m.Title","properties":{"text":"Success"},"searchOpenDialogs":true},"wdio_ui5_key":"sapm.Title{\"text\":\"Success\"}"}]}
RESULT: {"script":"<script> [1562 bytes]","args":[{"selector":{"controlType":"sap.m.Title","properties":{"text":"Success"},"searchOpenDialogs":true},"wdio_ui5_key":"sapm.Title{\"text\":\"Success\"}"}]}
RESULT: undefined
COMMAND: POST /session/d26a4c962c30a62404c7ee6425a84c84/execute/async - {"script":"<script> [6424 bytes]","args":[{"element-6066-11e4-a52e-4f735466cecf":"f.CB35230D0BEACCAB597F868E996E95B6.d.F807E609E3DF00B1964568AD785C8E6D.e.10917"},"getText",[]]}
RESULT: {"script":"<script> [6424 bytes]","args":[{"element-6066-11e4-a52e-4f735466cecf":"f.CB35230D0BEACCAB597F868E996E95B6.d.F807E609E3DF00B1964568AD785C8E6D.e.10917"},"getText",[]]}
COMMAND: POST /session/d26a4c962c30a62404c7ee6425a84c84/element - {"using":"xpath","value":"//*[contains(@id, '__text') and (contains(text(), 'successfully created') or contains(., 'successfully created'))]"}
RESULT: {"using":"xpath","value":"//*[contains(@id, '__text') and (contains(text(), 'successfully created') or contains(., 'successfully created'))]"}
COMMAND: GET /session/d26a4c962c30a62404c7ee6425a84c84/element/f.CB35230D0BEACCAB597F868E996E95B6.d.F807E609E3DF00B1964568AD785C8E6D.e.10915/text - {}
RESULT: {}
COMMAND: POST /session/d26a4c962c30a62404c7ee6425a84c84/execute/async - {"script":"<script> [1562 bytes]","args":[{"selector":{"controlType":"sap.m.Button","properties":{"text":"Close"},"searchOpenDialogs":true,"interaction":{"idSuffix":"BDI-content"}},"wdio_ui5_key":"sapm.Button{\"text\":\"Close\"}"}]}
RESULT: {"script":"<script> [1562 bytes]","args":[{"selector":{"controlType":"sap.m.Button","properties":{"text":"Close"},"searchOpenDialogs":true,"interaction":{"idSuffix":"BDI-content"}},"wdio_ui5_key":"sapm.Button{\"text\":\"Close\"}"}]}
RESULT: undefined
COMMAND: POST /session/d26a4c962c30a62404c7ee6425a84c84/element - {"using":"xpath","value":"//*[@id=\"__mbox-btn-0\"]"}
RESULT: {"using":"xpath","value":"//*[@id=\"__mbox-btn-0\"]"}
COMMAND: POST /session/d26a4c962c30a62404c7ee6425a84c84/element/f.CB35230D0BEACCAB597F868E996E95B6.d.F807E609E3DF00B1964568AD785C8E6D.e.10913/click - {}
RESULT: {}
COMMAND: GET /session/d26a4c962c30a62404c7ee6425a84c84/screenshot - {}
RESULT: {}
COMMAND: POST /session/d26a4c962c30a62404c7ee6425a84c84/execute/async - {"script":"<script> [1562 bytes]","args":[{"selector":{"controlType":"sap.ui.core.Icon","viewName":"etm.portal.ui.manageresources.view.Detail","viewId":"application-manageresources-display-component---detailRU","properties":{"src":{"regex":{"source":"overflow"}}}},"wdio_ui5_key":"etmportal.ui.manageresources.view.Detailsap.ui.core.Icon{\"src\":{\"regex\":{\"source\":\"overflow\"}}}"}]}
RESULT: {"script":"<script> [1562 bytes]","args":[{"selector":{"controlType":"sap.ui.core.Icon","viewName":"etm.portal.ui.manageresources.view.Detail","viewId":"application-manageresources-display-component---detailRU","properties":{"src":{"regex":{"source":"overflow"}}}},"wdio_ui5_key":"etmportal.ui.manageresources.view.Detailsap.ui.core.Icon{\"src\":{\"regex\":{\"source\":\"overflow\"}}}"}]}
RESULT: undefined
COMMAND: POST /session/d26a4c962c30a62404c7ee6425a84c84/element - {"using":"xpath","value":"//*[@id=\"__title18-_actionsToolbar-overflowButton-img\"]"}
RESULT: {"using":"xpath","value":"//*[@id=\"__title18-_actionsToolbar-overflowButton-img\"]"}
COMMAND: POST /session/d26a4c962c30a62404c7ee6425a84c84/element/f.CB35230D0BEACCAB597F868E996E95B6.d.F807E609E3DF00B1964568AD785C8E6D.e.10944/click - {}
RESULT: {}
COMMAND: POST /session/d26a4c962c30a62404c7ee6425a84c84/execute/async - {"script":"<script> [1562 bytes]","args":[{"selector":{"controlType":"sap.m.Button","viewName":"etm.portal.ui.manageresources.view.Detail","viewId":"application-manageresources-display-component---detailRU","i18NText":{"propertyName":"tooltip","key":"closeColumn"},"searchOpenDialogs":true,"interaction":{"idSuffix":"inner"}},"wdio_ui5_key":"etmportal.ui.manageresources.view.Detailsap.m.Button{\"propertyName\":\"tooltip\",\"key\":\"closeColumn\"}"}]}
COMMAND: GET /session/d26a4c962c30a62404c7ee6425a84c84/screenshot - {}
RESULT: {"script":"<script> [1562 bytes]","args":[{"selector":{"controlType":"sap.m.Button","viewName":"etm.portal.ui.manageresources.view.Detail","viewId":"application-manageresources-display-component---detailRU","i18NText":{"propertyName":"tooltip","key":"closeColumn"},"searchOpenDialogs":true,"interaction":{"idSuffix":"inner"}},"wdio_ui5_key":"etmportal.ui.manageresources.view.Detailsap.m.Button{\"propertyName\":\"tooltip\",\"key\":\"closeColumn\"}"}]}
RESULT: undefined
COMMAND: POST /session/d26a4c962c30a62404c7ee6425a84c84/element - {"using":"xpath","value":"//*[@id=\"__button47\"]"}
RESULT: {}
RESULT: {"using":"xpath","value":"//*[@id=\"__button47\"]"}
COMMAND: POST /session/d26a4c962c30a62404c7ee6425a84c84/element/f.CB35230D0BEACCAB597F868E996E95B6.d.F807E609E3DF00B1964568AD785C8E6D.e.10946/click - {}
RESULT: {}
COMMAND: GET /session/d26a4c962c30a62404c7ee6425a84c84/screenshot - {}
RESULT: {}
COMMAND: POST /session/d26a4c962c30a62404c7ee6425a84c84/refresh - {}
RESULT: {}
COMMAND: GET /session/d26a4c962c30a62404c7ee6425a84c84/screenshot - {}
RESULT: {}
COMMAND: POST /session/d26a4c962c30a62404c7ee6425a84c84/execute/async - {"script":"<script> [189 bytes]","args":[]}
RESULT: {"script":"<script> [189 bytes]","args":[]}
COMMAND: POST /session/d26a4c962c30a62404c7ee6425a84c84/execute/async - {"script":"<script> [123 bytes]","args":[]}
RESULT: {"script":"<script> [123 bytes]","args":[]}
COMMAND: POST /session/d26a4c962c30a62404c7ee6425a84c84/timeouts - {"script":"<number>"}
RESULT: {"script":"<number>"}
COMMAND: GET /session/d26a4c962c30a62404c7ee6425a84c84/timeouts - {}
RESULT: {}
RESULT: undefined
COMMAND: POST /session/d26a4c962c30a62404c7ee6425a84c84/execute/async - {"script":"<script> [2676 bytes]","args":[]}
RESULT: {"script":"<script> [2676 bytes]","args":[]}
COMMAND: POST /session/d26a4c962c30a62404c7ee6425a84c84/execute/async - {"script":"<script> [2342 bytes]","args":[{"protocol":"http","hostname":"0.0.0.0","path":"/","capabilities":{"browserName":"chrome","goog:chromeOptions":{"binary":"C:\\Program Files\\Google\\Chrome\\Application\\chrome.exe","args":["--start-maximized"]}},"logLevel":"warn","connectionRetryTimeout":120000,"connectionRetryCount":3,"logLevels":{},"enableDirectConnect":true,"strictSSL":true,"_":"65 more keys: [\"cacheDir\",\"port\",\"requestedCapabilities\",\"automationProtocol\",\"baseUrl\",\"waitforInterval\",\"waitforTimeout\",\"onReload\",\"beforeCommand\",\"afterCommand\",\"rootDir\",\"specs\",\"suites\",\"exclude\",\"groupLogsByTestSpec\",\"excludeDriverLogs\",\"bail\",\"framework\",\"reporters\",\"services\",\"maxInstances\",\"maxInstancesPerCapability\",\"injectGlobals\",\"filesToWatch\",\"execArgv\",\"runnerEnv\",\"runner\",\"shard\",\"specFileRetries\",\"specFileRetriesDelay\",\"specFileRetriesDeferred\",\"reporterSyncInterval\",\"reporterSyncTimeout\",\"cucumberFeaturesWithLineNumbers\",\"autoCompileOpts\",\"mochaOpts\",\"jasmineOpts\",\"cucumberOpts\",\"onPrepare\",\"onWorkerStart\",\"onWorkerEnd\",\"before\",\"beforeSession\",\"beforeSuite\",\"beforeHook\",\"beforeTest\",\"afterTest\",\"afterHook\",\"afterSuite\",\"afterSession\",\"after\",\"onComplete\",\"beforeAssertion\",\"afterAssertion\",\"beforeFeature\",\"beforeScenario\",\"beforeStep\",\"afterStep\",\"afterScenario\",\"afterFeature\",\"_\",\"suite\",\"$0\",\"ignoredWorkerServices\",\"wdi5\"]"}]}
RESULT: {"script":"<script> [2342 bytes]","args":[{"protocol":"http","hostname":"0.0.0.0","path":"/","capabilities":{"browserName":"chrome","goog:chromeOptions":{"binary":"C:\\Program Files\\Google\\Chrome\\Application\\chrome.exe","args":["--start-maximized"]}},"logLevel":"warn","connectionRetryTimeout":120000,"connectionRetryCount":3,"logLevels":{},"enableDirectConnect":true,"strictSSL":true,"_":"65 more keys: [\"cacheDir\",\"port\",\"requestedCapabilities\",\"automationProtocol\",\"baseUrl\",\"waitforInterval\",\"waitforTimeout\",\"onReload\",\"beforeCommand\",\"afterCommand\",\"rootDir\",\"specs\",\"suites\",\"exclude\",\"groupLogsByTestSpec\",\"excludeDriverLogs\",\"bail\",\"framework\",\"reporters\",\"services\",\"maxInstances\",\"maxInstancesPerCapability\",\"injectGlobals\",\"filesToWatch\",\"execArgv\",\"runnerEnv\",\"runner\",\"shard\",\"specFileRetries\",\"specFileRetriesDelay\",\"specFileRetriesDeferred\",\"reporterSyncInterval\",\"reporterSyncTimeout\",\"cucumberFeaturesWithLineNumbers\",\"autoCompileOpts\",\"mochaOpts\",\"jasmineOpts\",\"cucumberOpts\",\"onPrepare\",\"onWorkerStart\",\"onWorkerEnd\",\"before\",\"beforeSession\",\"beforeSuite\",\"beforeHook\",\"beforeTest\",\"afterTest\",\"afterHook\",\"afterSuite\",\"afterSession\",\"after\",\"onComplete\",\"beforeAssertion\",\"afterAssertion\",\"beforeFeature\",\"beforeScenario\",\"beforeStep\",\"afterStep\",\"afterScenario\",\"afterFeature\",\"_\",\"suite\",\"$0\",\"ignoredWorkerServices\",\"wdi5\"]"}]}
COMMAND: POST /session/d26a4c962c30a62404c7ee6425a84c84/execute/async - {"script":"<script> [21126 bytes]","args":[35000]}
RESULT: {"script":"<script> [21126 bytes]","args":[35000]}
COMMAND: POST /session/d26a4c962c30a62404c7ee6425a84c84/element - {"using":"css selector","value":"#shell-header-logo"}
RESULT: {"using":"css selector","value":"#shell-header-logo"}
COMMAND: POST /session/d26a4c962c30a62404c7ee6425a84c84/element/f.CB35230D0BEACCAB597F868E996E95B6.d.68B7308FA02D572064EDA0318EC4D76B.e.11089/click - {}
RESULT: {}
COMMAND: GET /session/d26a4c962c30a62404c7ee6425a84c84/screenshot - {}
RESULT: {}
COMMAND: POST /session/d26a4c962c30a62404c7ee6425a84c84/element - {"using":"css selector","value":"#shell-header-logo"}
RESULT: {"using":"css selector","value":"#shell-header-logo"}
COMMAND: POST /session/d26a4c962c30a62404c7ee6425a84c84/element/f.CB35230D0BEACCAB597F868E996E95B6.d.68B7308FA02D572064EDA0318EC4D76B.e.11278/click - {}
RESULT: {}
COMMAND: GET /session/d26a4c962c30a62404c7ee6425a84c84/screenshot - {}
RESULT: {}
]]></system-out>
    </testcase>
    <testcase classname="chrome.135_0_7049_96.windows.Warehouse_movements_inventory_test" name="Should do a stock increase handover" time="69.482">
      <system-out><![CDATA[
COMMAND: POST /session/d26a4c962c30a62404c7ee6425a84c84/execute/async - {"script":"<script> [1562 bytes]","args":[{"selector":{"controlType":"sap.m.Text","viewName":"etm.portal.ui.managehandoverstile.view.Master","properties":{"text":"Manage Handovers"},"interaction":{"idSuffix":"inner"}},"wdio_ui5_key":"etmportal.ui.managehandoverstile.view.Mastersap.m.Text{\"text\":\"Manage Handovers\"}"}]}
RESULT: {"script":"<script> [1562 bytes]","args":[{"selector":{"controlType":"sap.m.Text","viewName":"etm.portal.ui.managehandoverstile.view.Master","properties":{"text":"Manage Handovers"},"interaction":{"idSuffix":"inner"}},"wdio_ui5_key":"etmportal.ui.managehandoverstile.view.Mastersap.m.Text{\"text\":\"Manage Handovers\"}"}]}
RESULT: undefined
COMMAND: POST /session/d26a4c962c30a62404c7ee6425a84c84/element - {"using":"xpath","value":"//*[@id=\"__tile133-title\"]"}
RESULT: {"using":"xpath","value":"//*[@id=\"__tile133-title\"]"}
COMMAND: POST /session/d26a4c962c30a62404c7ee6425a84c84/element/f.CB35230D0BEACCAB597F868E996E95B6.d.68B7308FA02D572064EDA0318EC4D76B.e.11280/click - {}
RESULT: {}
COMMAND: GET /session/d26a4c962c30a62404c7ee6425a84c84/screenshot - {}
RESULT: {}
COMMAND: POST /session/d26a4c962c30a62404c7ee6425a84c84/element - {"using":"xpath","value":"//button[(@data-kt = 'masterHOAddButton')]"}
RESULT: {"using":"xpath","value":"//button[(@data-kt = 'masterHOAddButton')]"}
COMMAND: POST /session/d26a4c962c30a62404c7ee6425a84c84/element/f.CB35230D0BEACCAB597F868E996E95B6.d.68B7308FA02D572064EDA0318EC4D76B.e.11321/click - {}
RESULT: {}
COMMAND: GET /session/d26a4c962c30a62404c7ee6425a84c84/screenshot - {}
RESULT: {}
COMMAND: POST /session/d26a4c962c30a62404c7ee6425a84c84/element - {"using":"xpath","value":"//span[contains(@id ,\"AddNewHO--typeSelect-arrow\")]"}
RESULT: {"using":"xpath","value":"//span[contains(@id ,\"AddNewHO--typeSelect-arrow\")]"}
COMMAND: POST /session/d26a4c962c30a62404c7ee6425a84c84/element/f.CB35230D0BEACCAB597F868E996E95B6.d.68B7308FA02D572064EDA0318EC4D76B.e.11632/click - {}
RESULT: {}
COMMAND: POST /session/d26a4c962c30a62404c7ee6425a84c84/element - {"using":"xpath","value":"(//li[contains(text(), \"stock increase yard\")])[1]"}
COMMAND: GET /session/d26a4c962c30a62404c7ee6425a84c84/screenshot - {}
RESULT: {"using":"xpath","value":"(//li[contains(text(), \"stock increase yard\")])[1]"}
COMMAND: POST /session/d26a4c962c30a62404c7ee6425a84c84/element/f.CB35230D0BEACCAB597F868E996E95B6.d.68B7308FA02D572064EDA0318EC4D76B.e.11633/click - {}
RESULT: {}
RESULT: {}
COMMAND: GET /session/d26a4c962c30a62404c7ee6425a84c84/screenshot - {}
RESULT: {}
COMMAND: POST /session/d26a4c962c30a62404c7ee6425a84c84/execute/async - {"script":"<script> [1562 bytes]","args":[{"selector":{"id":"application-managehandovers-display-component---AddNewHO--dueDate","interaction":{"idSuffix":"inner"}},"wdio_ui5_key":"applicationmanagehandovers-display-component---AddNewHO--dueDate"}]}
RESULT: {"script":"<script> [1562 bytes]","args":[{"selector":{"id":"application-managehandovers-display-component---AddNewHO--dueDate","interaction":{"idSuffix":"inner"}},"wdio_ui5_key":"applicationmanagehandovers-display-component---AddNewHO--dueDate"}]}
RESULT: undefined
COMMAND: POST /session/d26a4c962c30a62404c7ee6425a84c84/execute/async - {"script":"<script> [6424 bytes]","args":[{"element-6066-11e4-a52e-4f735466cecf":"f.CB35230D0BEACCAB597F868E996E95B6.d.68B7308FA02D572064EDA0318EC4D76B.e.11637"},"setValue",["04/30/2025"]]}
RESULT: {"script":"<script> [6424 bytes]","args":[{"element-6066-11e4-a52e-4f735466cecf":"f.CB35230D0BEACCAB597F868E996E95B6.d.68B7308FA02D572064EDA0318EC4D76B.e.11637"},"setValue",["04/30/2025"]]}
COMMAND: POST /session/d26a4c962c30a62404c7ee6425a84c84/element - {"using":"xpath","value":"//input[@id=\"generalSectionFrg--receiveYard-inner\"]"}
RESULT: {"using":"xpath","value":"//input[@id=\"generalSectionFrg--receiveYard-inner\"]"}
COMMAND: POST /session/d26a4c962c30a62404c7ee6425a84c84/element/f.CB35230D0BEACCAB597F868E996E95B6.d.68B7308FA02D572064EDA0318EC4D76B.e.11643/clear - {}
RESULT: {}
COMMAND: POST /session/d26a4c962c30a62404c7ee6425a84c84/element/f.CB35230D0BEACCAB597F868E996E95B6.d.68B7308FA02D572064EDA0318EC4D76B.e.11643/value - {"text":"WebdriverWHMYard36da6"}
COMMAND: GET /session/d26a4c962c30a62404c7ee6425a84c84/screenshot - {}
RESULT: {"text":"WebdriverWHMYard36da6"}
COMMAND: GET /session/d26a4c962c30a62404c7ee6425a84c84/screenshot - {}
RESULT: {}
RESULT: {}
COMMAND: POST /session/d26a4c962c30a62404c7ee6425a84c84/execute/async - {"script":"<script> [1562 bytes]","args":[{"selector":{"id":"application-managehandovers-display-component---AddNewHO--ObjectPageLayout-anchBar-application-managehandovers-display-component---AddNewHO--section4-anchor","interaction":{"idSuffix":"BDI-content"}},"wdio_ui5_key":"applicationmanagehandovers-display-component---AddNewHO--ObjectPageLayout-anchBar-application-managehandovers-display-component---AddNewHO--section4-anchor"}]}
RESULT: {"script":"<script> [1562 bytes]","args":[{"selector":{"id":"application-managehandovers-display-component---AddNewHO--ObjectPageLayout-anchBar-application-managehandovers-display-component---AddNewHO--section4-anchor","interaction":{"idSuffix":"BDI-content"}},"wdio_ui5_key":"applicationmanagehandovers-display-component---AddNewHO--ObjectPageLayout-anchBar-application-managehandovers-display-component---AddNewHO--section4-anchor"}]}
RESULT: undefined
COMMAND: POST /session/d26a4c962c30a62404c7ee6425a84c84/element - {"using":"xpath","value":"//*[@id=\"application-managehandovers-display-component---AddNewHO--ObjectPageLayout-anchBar-application-managehandovers-display-component---AddNewHO--section4-anchor\"]"}
RESULT: {"using":"xpath","value":"//*[@id=\"application-managehandovers-display-component---AddNewHO--ObjectPageLayout-anchBar-application-managehandovers-display-component---AddNewHO--section4-anchor\"]"}
COMMAND: POST /session/d26a4c962c30a62404c7ee6425a84c84/element/f.CB35230D0BEACCAB597F868E996E95B6.d.68B7308FA02D572064EDA0318EC4D76B.e.11661/click - {}
RESULT: {}
COMMAND: GET /session/d26a4c962c30a62404c7ee6425a84c84/screenshot - {}
RESULT: {}
COMMAND: POST /session/d26a4c962c30a62404c7ee6425a84c84/element - {"using":"xpath","value":"//button[@aria-label=\"Add\"]"}
RESULT: {"using":"xpath","value":"//button[@aria-label=\"Add\"]"}
COMMAND: POST /session/d26a4c962c30a62404c7ee6425a84c84/element/f.CB35230D0BEACCAB597F868E996E95B6.d.68B7308FA02D572064EDA0318EC4D76B.e.11665/click - {}
RESULT: {}
COMMAND: GET /session/d26a4c962c30a62404c7ee6425a84c84/screenshot - {}
RESULT: {}
COMMAND: POST /session/d26a4c962c30a62404c7ee6425a84c84/execute/async - {"script":"<script> [1562 bytes]","args":[{"selector":{"id":"application-managehandovers-display-component---AddNewHO--smartFilterBar-btnBasicSearch","searchOpenDialogs":true,"interaction":{"idSuffix":"I"}},"wdio_ui5_key":"applicationmanagehandovers-display-component---AddNewHO--smartFilterBar-btnBasicSearch"}]}
RESULT: {"script":"<script> [1562 bytes]","args":[{"selector":{"id":"application-managehandovers-display-component---AddNewHO--smartFilterBar-btnBasicSearch","searchOpenDialogs":true,"interaction":{"idSuffix":"I"}},"wdio_ui5_key":"applicationmanagehandovers-display-component---AddNewHO--smartFilterBar-btnBasicSearch"}]}
RESULT: undefined
COMMAND: POST /session/d26a4c962c30a62404c7ee6425a84c84/execute/async - {"script":"<script> [776 bytes]","args":[{"enterText":"WebdriverRUR2Cm4fgck","selector":{"id":"application-managehandovers-display-component---AddNewHO--smartFilterBar-btnBasicSearch","searchOpenDialogs":true,"interaction":{"idSuffix":"I"}},"clearTextFirst":true,"interactionType":"ENTER_TEXT"}]}
RESULT: {"script":"<script> [776 bytes]","args":[{"enterText":"WebdriverRUR2Cm4fgck","selector":{"id":"application-managehandovers-display-component---AddNewHO--smartFilterBar-btnBasicSearch","searchOpenDialogs":true,"interaction":{"idSuffix":"I"}},"clearTextFirst":true,"interactionType":"ENTER_TEXT"}]}
COMMAND: POST /session/d26a4c962c30a62404c7ee6425a84c84/actions - {"actions":[{"id":"action33","type":"key","parameters":{},"actions":[{"type":"keyDown","value":"î€‡"},{"type":"pause","duration":10},{"type":"keyUp","value":"î€‡"}]}]}
RESULT: {"actions":[{"id":"action33","type":"key","parameters":{},"actions":[{"type":"keyDown","value":"î€‡"},{"type":"pause","duration":10},{"type":"keyUp","value":"î€‡"}]}]}
COMMAND: POST /session/d26a4c962c30a62404c7ee6425a84c84/execute/async - {"script":"<script> [1562 bytes]","args":[{"selector":{"id":"application-managehandovers-display-component---AddNewHO--popup-sa","searchOpenDialogs":true,"interaction":{"idSuffix":"CbBg"}},"wdio_ui5_key":"applicationmanagehandovers-display-component---AddNewHO--popup-sa"}]}
COMMAND: GET /session/d26a4c962c30a62404c7ee6425a84c84/screenshot - {}
RESULT: {"script":"<script> [1562 bytes]","args":[{"selector":{"id":"application-managehandovers-display-component---AddNewHO--popup-sa","searchOpenDialogs":true,"interaction":{"idSuffix":"CbBg"}},"wdio_ui5_key":"applicationmanagehandovers-display-component---AddNewHO--popup-sa"}]}
RESULT: undefined
COMMAND: POST /session/d26a4c962c30a62404c7ee6425a84c84/element - {"using":"xpath","value":"//*[@id=\"application-managehandovers-display-component---AddNewHO--popup-sa\"]"}
RESULT: {}
RESULT: {"using":"xpath","value":"//*[@id=\"application-managehandovers-display-component---AddNewHO--popup-sa\"]"}
COMMAND: POST /session/d26a4c962c30a62404c7ee6425a84c84/element/f.CB35230D0BEACCAB597F868E996E95B6.d.68B7308FA02D572064EDA0318EC4D76B.e.11819/click - {}
RESULT: {}
COMMAND: GET /session/d26a4c962c30a62404c7ee6425a84c84/screenshot - {}
RESULT: {}
COMMAND: POST /session/d26a4c962c30a62404c7ee6425a84c84/element - {"using":"xpath","value":"//bdi[contains(text(), \"Select\")]"}
RESULT: {"using":"xpath","value":"//bdi[contains(text(), \"Select\")]"}
COMMAND: POST /session/d26a4c962c30a62404c7ee6425a84c84/element/f.CB35230D0BEACCAB597F868E996E95B6.d.68B7308FA02D572064EDA0318EC4D76B.e.11820/click - {}
RESULT: {}
COMMAND: GET /session/d26a4c962c30a62404c7ee6425a84c84/screenshot - {}
RESULT: {}
COMMAND: POST /session/d26a4c962c30a62404c7ee6425a84c84/element - {"using":"xpath","value":"//button[@data-kt=\"AddNewHOSaveButton\"]"}
RESULT: {"using":"xpath","value":"//button[@data-kt=\"AddNewHOSaveButton\"]"}
COMMAND: POST /session/d26a4c962c30a62404c7ee6425a84c84/element/f.CB35230D0BEACCAB597F868E996E95B6.d.68B7308FA02D572064EDA0318EC4D76B.e.11824/click - {}
RESULT: {}
COMMAND: GET /session/d26a4c962c30a62404c7ee6425a84c84/screenshot - {}
RESULT: {}
COMMAND: POST /session/d26a4c962c30a62404c7ee6425a84c84/execute/async - {"script":"<script> [1562 bytes]","args":[{"selector":{"id":"receiptDatePicker","viewName":"etm.portal.ui.managehandovers.view.DetailExecuteHO","interaction":{"idSuffix":"inner"}},"wdio_ui5_key":"receiptDatePickeretmportal.ui.managehandovers.view.DetailExecuteHO"}]}
RESULT: {"script":"<script> [1562 bytes]","args":[{"selector":{"id":"receiptDatePicker","viewName":"etm.portal.ui.managehandovers.view.DetailExecuteHO","interaction":{"idSuffix":"inner"}},"wdio_ui5_key":"receiptDatePickeretmportal.ui.managehandovers.view.DetailExecuteHO"}]}
RESULT: undefined
COMMAND: POST /session/d26a4c962c30a62404c7ee6425a84c84/execute/async - {"script":"<script> [6424 bytes]","args":[{"element-6066-11e4-a52e-4f735466cecf":"f.CB35230D0BEACCAB597F868E996E95B6.d.68B7308FA02D572064EDA0318EC4D76B.e.11851"},"setValue",["04/30/2025"]]}
RESULT: {"script":"<script> [6424 bytes]","args":[{"element-6066-11e4-a52e-4f735466cecf":"f.CB35230D0BEACCAB597F868E996E95B6.d.68B7308FA02D572064EDA0318EC4D76B.e.11851"},"setValue",["04/30/2025"]]}
COMMAND: POST /session/d26a4c962c30a62404c7ee6425a84c84/element - {"using":"xpath","value":"//button[@data-kt=\"PickingTableConfirmAllButton\"]"}
RESULT: {"using":"xpath","value":"//button[@data-kt=\"PickingTableConfirmAllButton\"]"}
COMMAND: POST /session/d26a4c962c30a62404c7ee6425a84c84/element/f.CB35230D0BEACCAB597F868E996E95B6.d.68B7308FA02D572064EDA0318EC4D76B.e.11869/click - {}
RESULT: {}
COMMAND: GET /session/d26a4c962c30a62404c7ee6425a84c84/screenshot - {}
RESULT: {}
COMMAND: POST /session/d26a4c962c30a62404c7ee6425a84c84/element - {"using":"xpath","value":"//bdi[contains(text(), \"OK\")]"}
RESULT: {"using":"xpath","value":"//bdi[contains(text(), \"OK\")]"}
COMMAND: POST /session/d26a4c962c30a62404c7ee6425a84c84/element/f.CB35230D0BEACCAB597F868E996E95B6.d.68B7308FA02D572064EDA0318EC4D76B.e.11871/click - {}
RESULT: {}
COMMAND: GET /session/d26a4c962c30a62404c7ee6425a84c84/screenshot - {}
RESULT: {}
COMMAND: POST /session/d26a4c962c30a62404c7ee6425a84c84/element - {"using":"xpath","value":"(//bdi[contains(text(), \"Receive\")])[2]"}
RESULT: {"using":"xpath","value":"(//bdi[contains(text(), \"Receive\")])[2]"}
COMMAND: POST /session/d26a4c962c30a62404c7ee6425a84c84/element/f.CB35230D0BEACCAB597F868E996E95B6.d.68B7308FA02D572064EDA0318EC4D76B.e.11873/click - {}
RESULT: {}
COMMAND: GET /session/d26a4c962c30a62404c7ee6425a84c84/screenshot - {}
RESULT: {}
COMMAND: POST /session/d26a4c962c30a62404c7ee6425a84c84/element - {"using":"css selector","value":"#shell-header-logo"}
RESULT: {"using":"css selector","value":"#shell-header-logo"}
COMMAND: POST /session/d26a4c962c30a62404c7ee6425a84c84/element/f.CB35230D0BEACCAB597F868E996E95B6.d.68B7308FA02D572064EDA0318EC4D76B.e.11278/click - {}
RESULT: {}
COMMAND: GET /session/d26a4c962c30a62404c7ee6425a84c84/screenshot - {}
RESULT: {}
]]></system-out>
    </testcase>
    <testcase classname="chrome.135_0_7049_96.windows.Warehouse_movements_inventory_test" name="Verify the warehouse movement" time="39.338">
      <system-out><![CDATA[
COMMAND: POST /session/d26a4c962c30a62404c7ee6425a84c84/execute/async - {"script":"<script> [1562 bytes]","args":[{"selector":{"controlType":"sap.m.GenericTile","properties":{"header":"Manage Warehouse Movements"}},"wdio_ui5_key":"sapm.GenericTile{\"header\":\"Manage Warehouse Movements\"}"}]}
RESULT: {"script":"<script> [1562 bytes]","args":[{"selector":{"controlType":"sap.m.GenericTile","properties":{"header":"Manage Warehouse Movements"}},"wdio_ui5_key":"sapm.GenericTile{\"header\":\"Manage Warehouse Movements\"}"}]}
RESULT: undefined
COMMAND: POST /session/d26a4c962c30a62404c7ee6425a84c84/element - {"using":"xpath","value":"//*[@id=\"__tile105\"]"}
RESULT: {"using":"xpath","value":"//*[@id=\"__tile105\"]"}
COMMAND: POST /session/d26a4c962c30a62404c7ee6425a84c84/element/f.CB35230D0BEACCAB597F868E996E95B6.d.68B7308FA02D572064EDA0318EC4D76B.e.12024/click - {}
RESULT: {}
COMMAND: GET /session/d26a4c962c30a62404c7ee6425a84c84/screenshot - {}
RESULT: {}
COMMAND: POST /session/d26a4c962c30a62404c7ee6425a84c84/execute/async - {"script":"<script> [1562 bytes]","args":[{"selector":{"id":"application-warehousemovements-display-component---warehouseMovements--smartFilterBar-filterItemControl_BASIC-YARD-vhi"},"wdio_ui5_key":"applicationwarehousemovements-display-component---warehouseMovements--smartFilterBar-filterItemControl_BASIC-YARD-vhi"}]}
RESULT: {"script":"<script> [1562 bytes]","args":[{"selector":{"id":"application-warehousemovements-display-component---warehouseMovements--smartFilterBar-filterItemControl_BASIC-YARD-vhi"},"wdio_ui5_key":"applicationwarehousemovements-display-component---warehouseMovements--smartFilterBar-filterItemControl_BASIC-YARD-vhi"}]}
RESULT: undefined
COMMAND: POST /session/d26a4c962c30a62404c7ee6425a84c84/element - {"using":"xpath","value":"//*[@id=\"application-warehousemovements-display-component---warehouseMovements--smartFilterBar-filterItemControl_BASIC-YARD-vhi\"]"}
RESULT: {"using":"xpath","value":"//*[@id=\"application-warehousemovements-display-component---warehouseMovements--smartFilterBar-filterItemControl_BASIC-YARD-vhi\"]"}
COMMAND: POST /session/d26a4c962c30a62404c7ee6425a84c84/element/f.CB35230D0BEACCAB597F868E996E95B6.d.68B7308FA02D572064EDA0318EC4D76B.e.12121/click - {}
RESULT: {}
COMMAND: GET /session/d26a4c962c30a62404c7ee6425a84c84/screenshot - {}
RESULT: {}
COMMAND: POST /session/d26a4c962c30a62404c7ee6425a84c84/execute/async - {"script":"<script> [1562 bytes]","args":[{"selector":{"id":"application-warehousemovements-display-component---warehouseMovements--smartFilterBar-filterItemControl_BASIC-YARD-valueHelpDialog-smartFilterBar-btnBasicSearch","searchOpenDialogs":true,"interaction":{"idSuffix":"I"}},"wdio_ui5_key":"applicationwarehousemovements-display-component---warehouseMovements--smartFilterBar-filterItemControl_BASIC-YARD-valueHelpDialog-smartFilterBar-btnBasicSearch"}]}
RESULT: {"script":"<script> [1562 bytes]","args":[{"selector":{"id":"application-warehousemovements-display-component---warehouseMovements--smartFilterBar-filterItemControl_BASIC-YARD-valueHelpDialog-smartFilterBar-btnBasicSearch","searchOpenDialogs":true,"interaction":{"idSuffix":"I"}},"wdio_ui5_key":"applicationwarehousemovements-display-component---warehouseMovements--smartFilterBar-filterItemControl_BASIC-YARD-valueHelpDialog-smartFilterBar-btnBasicSearch"}]}
RESULT: undefined
COMMAND: POST /session/d26a4c962c30a62404c7ee6425a84c84/execute/async - {"script":"<script> [776 bytes]","args":[{"enterText":"WebdriverWHMYard36da6","selector":{"id":"application-warehousemovements-display-component---warehouseMovements--smartFilterBar-filterItemControl_BASIC-YARD-valueHelpDialog-smartFilterBar-btnBasicSearch","searchOpenDialogs":true,"interaction":{"idSuffix":"I"}},"clearTextFirst":true,"interactionType":"ENTER_TEXT"}]}
RESULT: {"script":"<script> [776 bytes]","args":[{"enterText":"WebdriverWHMYard36da6","selector":{"id":"application-warehousemovements-display-component---warehouseMovements--smartFilterBar-filterItemControl_BASIC-YARD-valueHelpDialog-smartFilterBar-btnBasicSearch","searchOpenDialogs":true,"interaction":{"idSuffix":"I"}},"clearTextFirst":true,"interactionType":"ENTER_TEXT"}]}
COMMAND: POST /session/d26a4c962c30a62404c7ee6425a84c84/actions - {"actions":[{"id":"action34","type":"key","parameters":{},"actions":[{"type":"keyDown","value":"î€‡"},{"type":"pause","duration":10},{"type":"keyUp","value":"î€‡"}]}]}
RESULT: {"actions":[{"id":"action34","type":"key","parameters":{},"actions":[{"type":"keyDown","value":"î€‡"},{"type":"pause","duration":10},{"type":"keyUp","value":"î€‡"}]}]}
COMMAND: GET /session/d26a4c962c30a62404c7ee6425a84c84/screenshot - {}
RESULT: {}
COMMAND: POST /session/d26a4c962c30a62404c7ee6425a84c84/element - {"using":"xpath","value":"//div[@id='application-warehousemovements-display-component---warehouseMovements--smartFilterBar-filterItemControl_BASIC-YARD-valueHelpDialog-table-rowsel0']"}
RESULT: {"using":"xpath","value":"//div[@id='application-warehousemovements-display-component---warehouseMovements--smartFilterBar-filterItemControl_BASIC-YARD-valueHelpDialog-table-rowsel0']"}
COMMAND: POST /session/d26a4c962c30a62404c7ee6425a84c84/element/f.CB35230D0BEACCAB597F868E996E95B6.d.68B7308FA02D572064EDA0318EC4D76B.e.12130/click - {}
RESULT: {}
COMMAND: POST /session/d26a4c962c30a62404c7ee6425a84c84/execute/async - {"script":"<script> [1562 bytes]","args":[{"selector":{"id":"application-warehousemovements-display-component---warehouseMovements--smartFilterBar-filterItemControl_BASIC-YARD-valueHelpDialog-ok","searchOpenDialogs":true,"interaction":{"idSuffix":"BDI-content"}},"wdio_ui5_key":"applicationwarehousemovements-display-component---warehouseMovements--smartFilterBar-filterItemControl_BASIC-YARD-valueHelpDialog-ok"}]}
COMMAND: GET /session/d26a4c962c30a62404c7ee6425a84c84/screenshot - {}
RESULT: {"script":"<script> [1562 bytes]","args":[{"selector":{"id":"application-warehousemovements-display-component---warehouseMovements--smartFilterBar-filterItemControl_BASIC-YARD-valueHelpDialog-ok","searchOpenDialogs":true,"interaction":{"idSuffix":"BDI-content"}},"wdio_ui5_key":"applicationwarehousemovements-display-component---warehouseMovements--smartFilterBar-filterItemControl_BASIC-YARD-valueHelpDialog-ok"}]}
RESULT: undefined
COMMAND: POST /session/d26a4c962c30a62404c7ee6425a84c84/element - {"using":"xpath","value":"//*[@id=\"application-warehousemovements-display-component---warehouseMovements--smartFilterBar-filterItemControl_BASIC-YARD-valueHelpDialog-ok\"]"}
RESULT: {}
RESULT: {"using":"xpath","value":"//*[@id=\"application-warehousemovements-display-component---warehouseMovements--smartFilterBar-filterItemControl_BASIC-YARD-valueHelpDialog-ok\"]"}
COMMAND: POST /session/d26a4c962c30a62404c7ee6425a84c84/element/f.CB35230D0BEACCAB597F868E996E95B6.d.68B7308FA02D572064EDA0318EC4D76B.e.12133/click - {}
RESULT: {}
COMMAND: POST /session/d26a4c962c30a62404c7ee6425a84c84/execute/async - {"script":"<script> [1562 bytes]","args":[{"selector":{"controlType":"sap.ui.core.Icon","viewName":"etm.portal.ui.warehousemovements.view.MasterMovement","viewId":"application-warehousemovements-display-component---warehouseMovements","properties":{"src":{"regex":{"source":"add"}}}},"wdio_ui5_key":"etmportal.ui.warehousemovements.view.MasterMovementsap.ui.core.Icon{\"src\":{\"regex\":{\"source\":\"add\"}}}"}]}
COMMAND: GET /session/d26a4c962c30a62404c7ee6425a84c84/screenshot - {}
RESULT: {"script":"<script> [1562 bytes]","args":[{"selector":{"controlType":"sap.ui.core.Icon","viewName":"etm.portal.ui.warehousemovements.view.MasterMovement","viewId":"application-warehousemovements-display-component---warehouseMovements","properties":{"src":{"regex":{"source":"add"}}}},"wdio_ui5_key":"etmportal.ui.warehousemovements.view.MasterMovementsap.ui.core.Icon{\"src\":{\"regex\":{\"source\":\"add\"}}}"}]}
RESULT: undefined
COMMAND: POST /session/d26a4c962c30a62404c7ee6425a84c84/element - {"using":"xpath","value":"//*[@id=\"__button73-img\"]"}
RESULT: {}
RESULT: {"using":"xpath","value":"//*[@id=\"__button73-img\"]"}
COMMAND: POST /session/d26a4c962c30a62404c7ee6425a84c84/element/f.CB35230D0BEACCAB597F868E996E95B6.d.68B7308FA02D572064EDA0318EC4D76B.e.12062/click - {}
RESULT: {}
COMMAND: POST /session/d26a4c962c30a62404c7ee6425a84c84/element - {"using":"xpath","value":"//input[contains(@id ,\"application-warehousemovements-display-component---addMovement--sectionsList-inner\")]"}
COMMAND: GET /session/d26a4c962c30a62404c7ee6425a84c84/screenshot - {}
RESULT: {"using":"xpath","value":"//input[contains(@id ,\"application-warehousemovements-display-component---addMovement--sectionsList-inner\")]"}
COMMAND: POST /session/d26a4c962c30a62404c7ee6425a84c84/elements - {"using":"xpath","value":"//input[contains(@id ,\"application-warehousemovements-display-component---addMovement--sectionsList-inner\")]"}
RESULT: {}
RESULT: {"using":"xpath","value":"//input[contains(@id ,\"application-warehousemovements-display-component---addMovement--sectionsList-inner\")]"}
COMMAND: POST /session/d26a4c962c30a62404c7ee6425a84c84/elements - {"using":"xpath","value":"//input[contains(@id ,\"application-warehousemovements-display-component---addMovement--sectionsList-inner\")]"}
RESULT: {"using":"xpath","value":"//input[contains(@id ,\"application-warehousemovements-display-component---addMovement--sectionsList-inner\")]"}
COMMAND: POST /session/d26a4c962c30a62404c7ee6425a84c84/element - {"using":"xpath","value":"//input[contains(@id ,\"application-warehousemovements-display-component---addMovement--sectionsList-inner\")]"}
RESULT: {"using":"xpath","value":"//input[contains(@id ,\"application-warehousemovements-display-component---addMovement--sectionsList-inner\")]"}
COMMAND: POST /session/d26a4c962c30a62404c7ee6425a84c84/element/f.CB35230D0BEACCAB597F868E996E95B6.d.68B7308FA02D572064EDA0318EC4D76B.e.12197/clear - {}
RESULT: {}
COMMAND: POST /session/d26a4c962c30a62404c7ee6425a84c84/element/f.CB35230D0BEACCAB597F868E996E95B6.d.68B7308FA02D572064EDA0318EC4D76B.e.12197/value - {"text":"Secvcerm"}
COMMAND: GET /session/d26a4c962c30a62404c7ee6425a84c84/screenshot - {}
RESULT: {"text":"Secvcerm"}
COMMAND: GET /session/d26a4c962c30a62404c7ee6425a84c84/screenshot - {}
RESULT: {}
RESULT: {}
COMMAND: POST /session/d26a4c962c30a62404c7ee6425a84c84/actions - {"actions":[{"id":"action35","type":"key","parameters":{},"actions":[{"type":"keyDown","value":"î€‡"},{"type":"pause","duration":10},{"type":"keyUp","value":"î€‡"}]}]}
RESULT: {"actions":[{"id":"action35","type":"key","parameters":{},"actions":[{"type":"keyDown","value":"î€‡"},{"type":"pause","duration":10},{"type":"keyUp","value":"î€‡"}]}]}
COMMAND: GET /session/d26a4c962c30a62404c7ee6425a84c84/screenshot - {}
RESULT: {}
COMMAND: POST /session/d26a4c962c30a62404c7ee6425a84c84/execute/async - {"script":"<script> [1562 bytes]","args":[{"selector":{"id":"application-warehousemovements-display-component---addMovement--addItem-img"},"wdio_ui5_key":"applicationwarehousemovements-display-component---addMovement--addItem-img"}]}
RESULT: {"script":"<script> [1562 bytes]","args":[{"selector":{"id":"application-warehousemovements-display-component---addMovement--addItem-img"},"wdio_ui5_key":"applicationwarehousemovements-display-component---addMovement--addItem-img"}]}
RESULT: undefined
COMMAND: POST /session/d26a4c962c30a62404c7ee6425a84c84/element - {"using":"xpath","value":"//*[@id=\"application-warehousemovements-display-component---addMovement--addItem-img\"]"}
RESULT: {"using":"xpath","value":"//*[@id=\"application-warehousemovements-display-component---addMovement--addItem-img\"]"}
COMMAND: POST /session/d26a4c962c30a62404c7ee6425a84c84/element/f.CB35230D0BEACCAB597F868E996E95B6.d.68B7308FA02D572064EDA0318EC4D76B.e.12181/click - {}
RESULT: {}
COMMAND: POST /session/d26a4c962c30a62404c7ee6425a84c84/execute/async - {"script":"<script> [1562 bytes]","args":[{"selector":{"id":"movementItemsPopUp--invSearch","searchOpenDialogs":true,"interaction":{"idSuffix":"I"}},"wdio_ui5_key":"movementItemsPopUpinvSearch"}]}
COMMAND: GET /session/d26a4c962c30a62404c7ee6425a84c84/screenshot - {}
RESULT: {"script":"<script> [1562 bytes]","args":[{"selector":{"id":"movementItemsPopUp--invSearch","searchOpenDialogs":true,"interaction":{"idSuffix":"I"}},"wdio_ui5_key":"movementItemsPopUpinvSearch"}]}
RESULT: undefined
COMMAND: POST /session/d26a4c962c30a62404c7ee6425a84c84/execute/async - {"script":"<script> [776 bytes]","args":[{"enterText":"WebdriverRUR2Cm4fgck","selector":{"id":"movementItemsPopUp--invSearch","searchOpenDialogs":true,"interaction":{"idSuffix":"I"}},"clearTextFirst":true,"interactionType":"ENTER_TEXT"}]}
RESULT: {}
RESULT: {"script":"<script> [776 bytes]","args":[{"enterText":"WebdriverRUR2Cm4fgck","selector":{"id":"movementItemsPopUp--invSearch","searchOpenDialogs":true,"interaction":{"idSuffix":"I"}},"clearTextFirst":true,"interactionType":"ENTER_TEXT"}]}
COMMAND: POST /session/d26a4c962c30a62404c7ee6425a84c84/execute/async - {"script":"<script> [1562 bytes]","args":[{"selector":{"id":"movementItemsPopUp--movementItemsTable-sa","searchOpenDialogs":true,"interaction":{"idSuffix":"CbBg"}},"wdio_ui5_key":"movementItemsPopUpmovementItemsTable-sa"}]}
RESULT: {"script":"<script> [1562 bytes]","args":[{"selector":{"id":"movementItemsPopUp--movementItemsTable-sa","searchOpenDialogs":true,"interaction":{"idSuffix":"CbBg"}},"wdio_ui5_key":"movementItemsPopUpmovementItemsTable-sa"}]}
RESULT: undefined
COMMAND: POST /session/d26a4c962c30a62404c7ee6425a84c84/element - {"using":"xpath","value":"//*[@id=\"movementItemsPopUp--movementItemsTable-sa\"]"}
RESULT: {"using":"xpath","value":"//*[@id=\"movementItemsPopUp--movementItemsTable-sa\"]"}
COMMAND: POST /session/d26a4c962c30a62404c7ee6425a84c84/element/f.CB35230D0BEACCAB597F868E996E95B6.d.68B7308FA02D572064EDA0318EC4D76B.e.12281/click - {}
RESULT: {}
COMMAND: POST /session/d26a4c962c30a62404c7ee6425a84c84/execute/async - {"script":"<script> [1562 bytes]","args":[{"selector":{"id":"movementItemsPopUp--createBtn","searchOpenDialogs":true,"interaction":{"idSuffix":"BDI-content"}},"wdio_ui5_key":"movementItemsPopUpcreateBtn"}]}
COMMAND: GET /session/d26a4c962c30a62404c7ee6425a84c84/screenshot - {}
RESULT: {"script":"<script> [1562 bytes]","args":[{"selector":{"id":"movementItemsPopUp--createBtn","searchOpenDialogs":true,"interaction":{"idSuffix":"BDI-content"}},"wdio_ui5_key":"movementItemsPopUpcreateBtn"}]}
RESULT: undefined
COMMAND: POST /session/d26a4c962c30a62404c7ee6425a84c84/element - {"using":"xpath","value":"//*[@id=\"movementItemsPopUp--createBtn\"]"}
RESULT: {}
RESULT: {"using":"xpath","value":"//*[@id=\"movementItemsPopUp--createBtn\"]"}
COMMAND: POST /session/d26a4c962c30a62404c7ee6425a84c84/element/f.CB35230D0BEACCAB597F868E996E95B6.d.68B7308FA02D572064EDA0318EC4D76B.e.12283/click - {}
RESULT: {}
COMMAND: GET /session/d26a4c962c30a62404c7ee6425a84c84/screenshot - {}
RESULT: {}
COMMAND: DELETE /session/d26a4c962c30a62404c7ee6425a84c84 - {}
RESULT: {}
]]></system-out>
    </testcase>
  </testsuite>
</testsuites>