<?xml version="1.0" encoding="UTF-8"?>
<testsuites tests="49" failures="0" errors="0" skipped="0">
  <testsuite timestamp="2025-05-07T15:10:10" time="1684.879" tests="49" failures="0" errors="0" skipped="0">
    <properties>
      <property name="specId" value="0" />
      <property name="suiteName" value="Sanity Tests US104253" />
      <property name="capabilities" value="chrome.135_0_7049_115.windows" />
      <property name="file" value="file:///D:/a/1/s/test/specs/General/sanity.spec.js" />
    </properties>
    <testcase classname="chrome.135_0_7049_115.windows.Sanity_Tests_US104253" name="Should open Manage Partners page" time="32.719">
      <system-out><![CDATA[
COMMAND: POST /session/caae61ba24b25c9dd6a47da396113dfa/execute/async - {"script":"<script> [1562 bytes]","args":[{"selector":{"controlType":"sap.m.GenericTile","properties":{"header":"Manage Partners"}},"wdio_ui5_key":"sapm.GenericTile{\"header\":\"Manage Partners\"}"}]}
RESULT: {"script":"<script> [1562 bytes]","args":[{"selector":{"controlType":"sap.m.GenericTile","properties":{"header":"Manage Partners"}},"wdio_ui5_key":"sapm.GenericTile{\"header\":\"Manage Partners\"}"}]}
RESULT: undefined
COMMAND: POST /session/caae61ba24b25c9dd6a47da396113dfa/element - {"using":"xpath","value":"//*[@id=\"__tile38\"]"}
RESULT: {"using":"xpath","value":"//*[@id=\"__tile38\"]"}
COMMAND: POST /session/caae61ba24b25c9dd6a47da396113dfa/element/f.FE353D0C043CD81D05AD4E9F01DF5B86.d.CEEDA8AFF72FFC495E664C3E0BE9FDB7.e.109/click - {}
RESULT: {}
COMMAND: GET /session/caae61ba24b25c9dd6a47da396113dfa/screenshot - {}
RESULT: {}
RESULT: undefined
COMMAND: POST /session/caae61ba24b25c9dd6a47da396113dfa/element - {"using":"xpath","value":"//*[@id=\"__tile38\"]"}
RESULT: {"using":"xpath","value":"//*[@id=\"__tile38\"]"}
COMMAND: POST /session/caae61ba24b25c9dd6a47da396113dfa/element/f.FE353D0C043CD81D05AD4E9F01DF5B86.d.CEEDA8AFF72FFC495E664C3E0BE9FDB7.e.109/click - {}
RESULT: undefined
COMMAND: POST /session/caae61ba24b25c9dd6a47da396113dfa/element - {"using":"xpath","value":"//*[@id=\"__tile38\"]"}
RESULT: {"using":"xpath","value":"//*[@id=\"__tile38\"]"}
COMMAND: POST /session/caae61ba24b25c9dd6a47da396113dfa/element/f.FE353D0C043CD81D05AD4E9F01DF5B86.d.CEEDA8AFF72FFC495E664C3E0BE9FDB7.e.109/click - {}
COMMAND: POST /session/caae61ba24b25c9dd6a47da396113dfa/execute/async - {"script":"<script> [1562 bytes]","args":[{"selector":{"id":"shellAppTitle"},"wdio_ui5_key":"shellAppTitle"}]}
RESULT: {"script":"<script> [1562 bytes]","args":[{"selector":{"id":"shellAppTitle"},"wdio_ui5_key":"shellAppTitle"}]}
RESULT: undefined
COMMAND: POST /session/caae61ba24b25c9dd6a47da396113dfa/execute/async - {"script":"<script> [6424 bytes]","args":[{"element-6066-11e4-a52e-4f735466cecf":"f.FE353D0C043CD81D05AD4E9F01DF5B86.d.CEEDA8AFF72FFC495E664C3E0BE9FDB7.e.284"},"getTitle",[]]}
RESULT: {"script":"<script> [6424 bytes]","args":[{"element-6066-11e4-a52e-4f735466cecf":"f.FE353D0C043CD81D05AD4E9F01DF5B86.d.CEEDA8AFF72FFC495E664C3E0BE9FDB7.e.284"},"getTitle",[]]}
COMMAND: POST /session/caae61ba24b25c9dd6a47da396113dfa/execute/async - {"script":"<script> [1562 bytes]","args":[{"selector":{"id":"backBtn"},"wdio_ui5_key":"backBtn"}]}
RESULT: {"script":"<script> [1562 bytes]","args":[{"selector":{"id":"backBtn"},"wdio_ui5_key":"backBtn"}]}
RESULT: undefined
COMMAND: POST /session/caae61ba24b25c9dd6a47da396113dfa/element - {"using":"xpath","value":"//*[@id=\"backBtn\"]"}
RESULT: {"using":"xpath","value":"//*[@id=\"backBtn\"]"}
COMMAND: POST /session/caae61ba24b25c9dd6a47da396113dfa/element/f.FE353D0C043CD81D05AD4E9F01DF5B86.d.CEEDA8AFF72FFC495E664C3E0BE9FDB7.e.285/click - {}
RESULT: {}
COMMAND: GET /session/caae61ba24b25c9dd6a47da396113dfa/screenshot - {}
RESULT: {}
]]></system-out>
    </testcase>
    <testcase classname="chrome.135_0_7049_115.windows.Sanity_Tests_US104253" name="Should open Manage Sites page" time="33.951">
      <system-out><![CDATA[
COMMAND: POST /session/caae61ba24b25c9dd6a47da396113dfa/execute/async - {"script":"<script> [1562 bytes]","args":[{"selector":{"controlType":"sap.m.GenericTile","properties":{"header":"Manage Sites"}},"wdio_ui5_key":"sapm.GenericTile{\"header\":\"Manage Sites\"}"}]}
RESULT: {"script":"<script> [1562 bytes]","args":[{"selector":{"controlType":"sap.m.GenericTile","properties":{"header":"Manage Sites"}},"wdio_ui5_key":"sapm.GenericTile{\"header\":\"Manage Sites\"}"}]}
RESULT: undefined
COMMAND: POST /session/caae61ba24b25c9dd6a47da396113dfa/element - {"using":"xpath","value":"//*[@id=\"__tile40\"]"}
RESULT: {"using":"xpath","value":"//*[@id=\"__tile40\"]"}
COMMAND: POST /session/caae61ba24b25c9dd6a47da396113dfa/element/f.FE353D0C043CD81D05AD4E9F01DF5B86.d.CEEDA8AFF72FFC495E664C3E0BE9FDB7.e.287/click - {}
RESULT: {}
COMMAND: GET /session/caae61ba24b25c9dd6a47da396113dfa/screenshot - {}
RESULT: {}
RESULT: undefined
COMMAND: POST /session/caae61ba24b25c9dd6a47da396113dfa/element - {"using":"xpath","value":"//*[@id=\"__tile40\"]"}
RESULT: {"using":"xpath","value":"//*[@id=\"__tile40\"]"}
COMMAND: POST /session/caae61ba24b25c9dd6a47da396113dfa/element/f.FE353D0C043CD81D05AD4E9F01DF5B86.d.CEEDA8AFF72FFC495E664C3E0BE9FDB7.e.287/click - {}
RESULT: undefined
COMMAND: POST /session/caae61ba24b25c9dd6a47da396113dfa/element - {"using":"xpath","value":"//*[@id=\"__tile40\"]"}
RESULT: {"using":"xpath","value":"//*[@id=\"__tile40\"]"}
COMMAND: POST /session/caae61ba24b25c9dd6a47da396113dfa/element/f.FE353D0C043CD81D05AD4E9F01DF5B86.d.CEEDA8AFF72FFC495E664C3E0BE9FDB7.e.287/click - {}
RESULT: undefined
COMMAND: POST /session/caae61ba24b25c9dd6a47da396113dfa/execute/async - {"script":"<script> [6424 bytes]","args":[{"element-6066-11e4-a52e-4f735466cecf":"f.FE353D0C043CD81D05AD4E9F01DF5B86.d.CEEDA8AFF72FFC495E664C3E0BE9FDB7.e.284"},"getTitle",[]]}
COMMAND: POST /session/caae61ba24b25c9dd6a47da396113dfa/execute/async - {"script":"<script> [1562 bytes]","args":[{"selector":{"id":"shellAppTitle"},"wdio_ui5_key":"shellAppTitle"}]}
RESULT: {"script":"<script> [1562 bytes]","args":[{"selector":{"id":"shellAppTitle"},"wdio_ui5_key":"shellAppTitle"}]}
COMMAND: POST /session/caae61ba24b25c9dd6a47da396113dfa/execute/async - {"script":"<script> [6424 bytes]","args":[{"element-6066-11e4-a52e-4f735466cecf":"f.FE353D0C043CD81D05AD4E9F01DF5B86.d.CEEDA8AFF72FFC495E664C3E0BE9FDB7.e.479"},"getTitle",[]]}
RESULT: {"script":"<script> [6424 bytes]","args":[{"element-6066-11e4-a52e-4f735466cecf":"f.FE353D0C043CD81D05AD4E9F01DF5B86.d.CEEDA8AFF72FFC495E664C3E0BE9FDB7.e.479"},"getTitle",[]]}
RESULT: undefined
COMMAND: POST /session/caae61ba24b25c9dd6a47da396113dfa/element/f.FE353D0C043CD81D05AD4E9F01DF5B86.d.CEEDA8AFF72FFC495E664C3E0BE9FDB7.e.285/click - {}
RESULT: {}
COMMAND: GET /session/caae61ba24b25c9dd6a47da396113dfa/screenshot - {}
RESULT: {}
]]></system-out>
    </testcase>
    <testcase classname="chrome.135_0_7049_115.windows.Sanity_Tests_US104253" name="Should open Manage Resources page" time="31.641">
      <system-out><![CDATA[
COMMAND: POST /session/caae61ba24b25c9dd6a47da396113dfa/execute/async - {"script":"<script> [1562 bytes]","args":[{"selector":{"controlType":"sap.m.GenericTile","properties":{"header":"Manage Resources"}},"wdio_ui5_key":"sapm.GenericTile{\"header\":\"Manage Resources\"}"}]}
RESULT: {"script":"<script> [1562 bytes]","args":[{"selector":{"controlType":"sap.m.GenericTile","properties":{"header":"Manage Resources"}},"wdio_ui5_key":"sapm.GenericTile{\"header\":\"Manage Resources\"}"}]}
RESULT: undefined
COMMAND: POST /session/caae61ba24b25c9dd6a47da396113dfa/element - {"using":"xpath","value":"//*[@id=\"__tile39\"]"}
RESULT: {"using":"xpath","value":"//*[@id=\"__tile39\"]"}
COMMAND: POST /session/caae61ba24b25c9dd6a47da396113dfa/element/f.FE353D0C043CD81D05AD4E9F01DF5B86.d.CEEDA8AFF72FFC495E664C3E0BE9FDB7.e.481/click - {}
RESULT: {}
COMMAND: GET /session/caae61ba24b25c9dd6a47da396113dfa/screenshot - {}
RESULT: {}
RESULT: undefined
COMMAND: POST /session/caae61ba24b25c9dd6a47da396113dfa/element - {"using":"xpath","value":"//*[@id=\"__tile39\"]"}
RESULT: {"using":"xpath","value":"//*[@id=\"__tile39\"]"}
COMMAND: POST /session/caae61ba24b25c9dd6a47da396113dfa/element/f.FE353D0C043CD81D05AD4E9F01DF5B86.d.CEEDA8AFF72FFC495E664C3E0BE9FDB7.e.481/click - {}
RESULT: undefined
COMMAND: POST /session/caae61ba24b25c9dd6a47da396113dfa/element - {"using":"xpath","value":"//*[@id=\"__tile39\"]"}
RESULT: {"using":"xpath","value":"//*[@id=\"__tile39\"]"}
COMMAND: POST /session/caae61ba24b25c9dd6a47da396113dfa/element/f.FE353D0C043CD81D05AD4E9F01DF5B86.d.CEEDA8AFF72FFC495E664C3E0BE9FDB7.e.481/click - {}
RESULT: undefined
COMMAND: POST /session/caae61ba24b25c9dd6a47da396113dfa/execute/async - {"script":"<script> [6424 bytes]","args":[{"element-6066-11e4-a52e-4f735466cecf":"f.FE353D0C043CD81D05AD4E9F01DF5B86.d.CEEDA8AFF72FFC495E664C3E0BE9FDB7.e.284"},"getTitle",[]]}
COMMAND: POST /session/caae61ba24b25c9dd6a47da396113dfa/execute/async - {"script":"<script> [1562 bytes]","args":[{"selector":{"id":"shellAppTitle"},"wdio_ui5_key":"shellAppTitle"}]}
RESULT: {"script":"<script> [1562 bytes]","args":[{"selector":{"id":"shellAppTitle"},"wdio_ui5_key":"shellAppTitle"}]}
COMMAND: POST /session/caae61ba24b25c9dd6a47da396113dfa/execute/async - {"script":"<script> [6424 bytes]","args":[{"element-6066-11e4-a52e-4f735466cecf":"f.FE353D0C043CD81D05AD4E9F01DF5B86.d.CEEDA8AFF72FFC495E664C3E0BE9FDB7.e.656"},"getTitle",[]]}
RESULT: {"script":"<script> [6424 bytes]","args":[{"element-6066-11e4-a52e-4f735466cecf":"f.FE353D0C043CD81D05AD4E9F01DF5B86.d.CEEDA8AFF72FFC495E664C3E0BE9FDB7.e.656"},"getTitle",[]]}
RESULT: undefined
COMMAND: POST /session/caae61ba24b25c9dd6a47da396113dfa/element/f.FE353D0C043CD81D05AD4E9F01DF5B86.d.CEEDA8AFF72FFC495E664C3E0BE9FDB7.e.285/click - {}
COMMAND: POST /session/caae61ba24b25c9dd6a47da396113dfa/element - {"using":"xpath","value":"//*[@id=\"backBtn\"]"}
RESULT: {"using":"xpath","value":"//*[@id=\"backBtn\"]"}
COMMAND: POST /session/caae61ba24b25c9dd6a47da396113dfa/element/f.FE353D0C043CD81D05AD4E9F01DF5B86.d.CEEDA8AFF72FFC495E664C3E0BE9FDB7.e.285/click - {}
COMMAND: POST /session/caae61ba24b25c9dd6a47da396113dfa/element - {"using":"xpath","value":"//*[@id=\"backBtn\"]"}
RESULT: {"using":"xpath","value":"//*[@id=\"backBtn\"]"}
COMMAND: POST /session/caae61ba24b25c9dd6a47da396113dfa/element/f.FE353D0C043CD81D05AD4E9F01DF5B86.d.CEEDA8AFF72FFC495E664C3E0BE9FDB7.e.657/click - {}
RESULT: {}
COMMAND: GET /session/caae61ba24b25c9dd6a47da396113dfa/screenshot - {}
RESULT: {}
]]></system-out>
    </testcase>
    <testcase classname="chrome.135_0_7049_115.windows.Sanity_Tests_US104253" name="Should open Manage Catalogs page" time="31.895">
      <system-out><![CDATA[
COMMAND: POST /session/caae61ba24b25c9dd6a47da396113dfa/execute/async - {"script":"<script> [1562 bytes]","args":[{"selector":{"controlType":"sap.m.GenericTile","properties":{"header":"Manage Catalogs"}},"wdio_ui5_key":"sapm.GenericTile{\"header\":\"Manage Catalogs\"}"}]}
RESULT: {"script":"<script> [1562 bytes]","args":[{"selector":{"controlType":"sap.m.GenericTile","properties":{"header":"Manage Catalogs"}},"wdio_ui5_key":"sapm.GenericTile{\"header\":\"Manage Catalogs\"}"}]}
RESULT: undefined
COMMAND: POST /session/caae61ba24b25c9dd6a47da396113dfa/element - {"using":"xpath","value":"//*[@id=\"__tile37\"]"}
RESULT: {"using":"xpath","value":"//*[@id=\"__tile37\"]"}
COMMAND: POST /session/caae61ba24b25c9dd6a47da396113dfa/element/f.FE353D0C043CD81D05AD4E9F01DF5B86.d.CEEDA8AFF72FFC495E664C3E0BE9FDB7.e.659/click - {}
RESULT: {}
COMMAND: GET /session/caae61ba24b25c9dd6a47da396113dfa/screenshot - {}
RESULT: {}
RESULT: undefined
COMMAND: POST /session/caae61ba24b25c9dd6a47da396113dfa/element - {"using":"xpath","value":"//*[@id=\"__tile37\"]"}
RESULT: {"using":"xpath","value":"//*[@id=\"__tile37\"]"}
COMMAND: POST /session/caae61ba24b25c9dd6a47da396113dfa/element/f.FE353D0C043CD81D05AD4E9F01DF5B86.d.CEEDA8AFF72FFC495E664C3E0BE9FDB7.e.659/click - {}
RESULT: undefined
COMMAND: POST /session/caae61ba24b25c9dd6a47da396113dfa/element - {"using":"xpath","value":"//*[@id=\"__tile37\"]"}
RESULT: {"using":"xpath","value":"//*[@id=\"__tile37\"]"}
COMMAND: POST /session/caae61ba24b25c9dd6a47da396113dfa/element/f.FE353D0C043CD81D05AD4E9F01DF5B86.d.CEEDA8AFF72FFC495E664C3E0BE9FDB7.e.659/click - {}
RESULT: undefined
COMMAND: POST /session/caae61ba24b25c9dd6a47da396113dfa/execute/async - {"script":"<script> [6424 bytes]","args":[{"element-6066-11e4-a52e-4f735466cecf":"f.FE353D0C043CD81D05AD4E9F01DF5B86.d.CEEDA8AFF72FFC495E664C3E0BE9FDB7.e.284"},"getTitle",[]]}
COMMAND: POST /session/caae61ba24b25c9dd6a47da396113dfa/execute/async - {"script":"<script> [1562 bytes]","args":[{"selector":{"id":"shellAppTitle"},"wdio_ui5_key":"shellAppTitle"}]}
RESULT: {"script":"<script> [1562 bytes]","args":[{"selector":{"id":"shellAppTitle"},"wdio_ui5_key":"shellAppTitle"}]}
COMMAND: POST /session/caae61ba24b25c9dd6a47da396113dfa/execute/async - {"script":"<script> [6424 bytes]","args":[{"element-6066-11e4-a52e-4f735466cecf":"f.FE353D0C043CD81D05AD4E9F01DF5B86.d.CEEDA8AFF72FFC495E664C3E0BE9FDB7.e.729"},"getTitle",[]]}
RESULT: {"script":"<script> [6424 bytes]","args":[{"element-6066-11e4-a52e-4f735466cecf":"f.FE353D0C043CD81D05AD4E9F01DF5B86.d.CEEDA8AFF72FFC495E664C3E0BE9FDB7.e.729"},"getTitle",[]]}
RESULT: undefined
COMMAND: POST /session/caae61ba24b25c9dd6a47da396113dfa/element/f.FE353D0C043CD81D05AD4E9F01DF5B86.d.CEEDA8AFF72FFC495E664C3E0BE9FDB7.e.657/click - {}
RESULT: {}
COMMAND: GET /session/caae61ba24b25c9dd6a47da396113dfa/screenshot - {}
RESULT: {}
]]></system-out>
    </testcase>
    <testcase classname="chrome.135_0_7049_115.windows.Sanity_Tests_US104253" name="Should open Manage Calendars page" time="30.881">
      <system-out><![CDATA[
COMMAND: POST /session/caae61ba24b25c9dd6a47da396113dfa/execute/async - {"script":"<script> [1562 bytes]","args":[{"selector":{"controlType":"sap.m.GenericTile","properties":{"header":"Manage Calendars"}},"wdio_ui5_key":"sapm.GenericTile{\"header\":\"Manage Calendars\"}"}]}
RESULT: {"script":"<script> [1562 bytes]","args":[{"selector":{"controlType":"sap.m.GenericTile","properties":{"header":"Manage Calendars"}},"wdio_ui5_key":"sapm.GenericTile{\"header\":\"Manage Calendars\"}"}]}
RESULT: undefined
COMMAND: POST /session/caae61ba24b25c9dd6a47da396113dfa/element - {"using":"xpath","value":"//*[@id=\"__tile36\"]"}
RESULT: {"using":"xpath","value":"//*[@id=\"__tile36\"]"}
COMMAND: POST /session/caae61ba24b25c9dd6a47da396113dfa/element/f.FE353D0C043CD81D05AD4E9F01DF5B86.d.CEEDA8AFF72FFC495E664C3E0BE9FDB7.e.731/click - {}
RESULT: {}
COMMAND: GET /session/caae61ba24b25c9dd6a47da396113dfa/screenshot - {}
RESULT: {}
RESULT: undefined
COMMAND: POST /session/caae61ba24b25c9dd6a47da396113dfa/element - {"using":"xpath","value":"//*[@id=\"__tile36\"]"}
RESULT: {"using":"xpath","value":"//*[@id=\"__tile36\"]"}
COMMAND: POST /session/caae61ba24b25c9dd6a47da396113dfa/element/f.FE353D0C043CD81D05AD4E9F01DF5B86.d.CEEDA8AFF72FFC495E664C3E0BE9FDB7.e.731/click - {}
RESULT: undefined
COMMAND: POST /session/caae61ba24b25c9dd6a47da396113dfa/element - {"using":"xpath","value":"//*[@id=\"__tile36\"]"}
RESULT: {"using":"xpath","value":"//*[@id=\"__tile36\"]"}
COMMAND: POST /session/caae61ba24b25c9dd6a47da396113dfa/element/f.FE353D0C043CD81D05AD4E9F01DF5B86.d.CEEDA8AFF72FFC495E664C3E0BE9FDB7.e.731/click - {}
RESULT: undefined
COMMAND: POST /session/caae61ba24b25c9dd6a47da396113dfa/execute/async - {"script":"<script> [6424 bytes]","args":[{"element-6066-11e4-a52e-4f735466cecf":"f.FE353D0C043CD81D05AD4E9F01DF5B86.d.CEEDA8AFF72FFC495E664C3E0BE9FDB7.e.284"},"getTitle",[]]}
COMMAND: POST /session/caae61ba24b25c9dd6a47da396113dfa/execute/async - {"script":"<script> [1562 bytes]","args":[{"selector":{"id":"shellAppTitle"},"wdio_ui5_key":"shellAppTitle"}]}
RESULT: {"script":"<script> [1562 bytes]","args":[{"selector":{"id":"shellAppTitle"},"wdio_ui5_key":"shellAppTitle"}]}
COMMAND: POST /session/caae61ba24b25c9dd6a47da396113dfa/execute/async - {"script":"<script> [6424 bytes]","args":[{"element-6066-11e4-a52e-4f735466cecf":"f.FE353D0C043CD81D05AD4E9F01DF5B86.d.CEEDA8AFF72FFC495E664C3E0BE9FDB7.e.799"},"getTitle",[]]}
RESULT: {"script":"<script> [6424 bytes]","args":[{"element-6066-11e4-a52e-4f735466cecf":"f.FE353D0C043CD81D05AD4E9F01DF5B86.d.CEEDA8AFF72FFC495E664C3E0BE9FDB7.e.799"},"getTitle",[]]}
RESULT: undefined
COMMAND: POST /session/caae61ba24b25c9dd6a47da396113dfa/element/f.FE353D0C043CD81D05AD4E9F01DF5B86.d.CEEDA8AFF72FFC495E664C3E0BE9FDB7.e.657/click - {}
COMMAND: POST /session/caae61ba24b25c9dd6a47da396113dfa/element - {"using":"xpath","value":"//*[@id=\"backBtn\"]"}
RESULT: {"using":"xpath","value":"//*[@id=\"backBtn\"]"}
COMMAND: POST /session/caae61ba24b25c9dd6a47da396113dfa/element/f.FE353D0C043CD81D05AD4E9F01DF5B86.d.CEEDA8AFF72FFC495E664C3E0BE9FDB7.e.657/click - {}
COMMAND: POST /session/caae61ba24b25c9dd6a47da396113dfa/element - {"using":"xpath","value":"//*[@id=\"backBtn\"]"}
RESULT: {"using":"xpath","value":"//*[@id=\"backBtn\"]"}
COMMAND: POST /session/caae61ba24b25c9dd6a47da396113dfa/element/f.FE353D0C043CD81D05AD4E9F01DF5B86.d.CEEDA8AFF72FFC495E664C3E0BE9FDB7.e.800/click - {}
RESULT: {}
COMMAND: GET /session/caae61ba24b25c9dd6a47da396113dfa/screenshot - {}
RESULT: {}
]]></system-out>
    </testcase>
    <testcase classname="chrome.135_0_7049_115.windows.Sanity_Tests_US104253" name="Should open Address Management page" time="34.741">
      <system-out><![CDATA[
COMMAND: POST /session/caae61ba24b25c9dd6a47da396113dfa/execute/async - {"script":"<script> [1562 bytes]","args":[{"selector":{"controlType":"sap.m.GenericTile","properties":{"header":"Address Management"}},"wdio_ui5_key":"sapm.GenericTile{\"header\":\"Address Management\"}"}]}
RESULT: {"script":"<script> [1562 bytes]","args":[{"selector":{"controlType":"sap.m.GenericTile","properties":{"header":"Address Management"}},"wdio_ui5_key":"sapm.GenericTile{\"header\":\"Address Management\"}"}]}
RESULT: undefined
COMMAND: POST /session/caae61ba24b25c9dd6a47da396113dfa/element - {"using":"xpath","value":"//*[@id=\"__tile33\"]"}
RESULT: {"using":"xpath","value":"//*[@id=\"__tile33\"]"}
COMMAND: POST /session/caae61ba24b25c9dd6a47da396113dfa/element/f.FE353D0C043CD81D05AD4E9F01DF5B86.d.CEEDA8AFF72FFC495E664C3E0BE9FDB7.e.802/click - {}
RESULT: {}
COMMAND: GET /session/caae61ba24b25c9dd6a47da396113dfa/screenshot - {}
RESULT: {}
RESULT: undefined
COMMAND: POST /session/caae61ba24b25c9dd6a47da396113dfa/element - {"using":"xpath","value":"//*[@id=\"__tile33\"]"}
RESULT: {"using":"xpath","value":"//*[@id=\"__tile33\"]"}
COMMAND: POST /session/caae61ba24b25c9dd6a47da396113dfa/element/f.FE353D0C043CD81D05AD4E9F01DF5B86.d.CEEDA8AFF72FFC495E664C3E0BE9FDB7.e.802/click - {}
RESULT: undefined
COMMAND: POST /session/caae61ba24b25c9dd6a47da396113dfa/element - {"using":"xpath","value":"//*[@id=\"__tile33\"]"}
RESULT: {"using":"xpath","value":"//*[@id=\"__tile33\"]"}
COMMAND: POST /session/caae61ba24b25c9dd6a47da396113dfa/element/f.FE353D0C043CD81D05AD4E9F01DF5B86.d.CEEDA8AFF72FFC495E664C3E0BE9FDB7.e.802/click - {}
RESULT: undefined
COMMAND: POST /session/caae61ba24b25c9dd6a47da396113dfa/execute/async - {"script":"<script> [6424 bytes]","args":[{"element-6066-11e4-a52e-4f735466cecf":"f.FE353D0C043CD81D05AD4E9F01DF5B86.d.CEEDA8AFF72FFC495E664C3E0BE9FDB7.e.284"},"getTitle",[]]}
COMMAND: POST /session/caae61ba24b25c9dd6a47da396113dfa/execute/async - {"script":"<script> [1562 bytes]","args":[{"selector":{"id":"shellAppTitle"},"wdio_ui5_key":"shellAppTitle"}]}
RESULT: {"script":"<script> [1562 bytes]","args":[{"selector":{"id":"shellAppTitle"},"wdio_ui5_key":"shellAppTitle"}]}
COMMAND: POST /session/caae61ba24b25c9dd6a47da396113dfa/execute/async - {"script":"<script> [6424 bytes]","args":[{"element-6066-11e4-a52e-4f735466cecf":"f.FE353D0C043CD81D05AD4E9F01DF5B86.d.CEEDA8AFF72FFC495E664C3E0BE9FDB7.e.994"},"getTitle",[]]}
RESULT: {"script":"<script> [6424 bytes]","args":[{"element-6066-11e4-a52e-4f735466cecf":"f.FE353D0C043CD81D05AD4E9F01DF5B86.d.CEEDA8AFF72FFC495E664C3E0BE9FDB7.e.994"},"getTitle",[]]}
RESULT: undefined
COMMAND: POST /session/caae61ba24b25c9dd6a47da396113dfa/element/f.FE353D0C043CD81D05AD4E9F01DF5B86.d.CEEDA8AFF72FFC495E664C3E0BE9FDB7.e.800/click - {}
RESULT: {}
COMMAND: GET /session/caae61ba24b25c9dd6a47da396113dfa/screenshot - {}
RESULT: {}
]]></system-out>
    </testcase>
    <testcase classname="chrome.135_0_7049_115.windows.Sanity_Tests_US104253" name="Should open Bill Of Resources page" time="32.851">
      <system-out><![CDATA[
COMMAND: POST /session/caae61ba24b25c9dd6a47da396113dfa/execute/async - {"script":"<script> [1562 bytes]","args":[{"selector":{"controlType":"sap.m.GenericTile","properties":{"header":"Bill Of Resources"}},"wdio_ui5_key":"sapm.GenericTile{\"header\":\"Bill Of Resources\"}"}]}
RESULT: {"script":"<script> [1562 bytes]","args":[{"selector":{"controlType":"sap.m.GenericTile","properties":{"header":"Bill Of Resources"}},"wdio_ui5_key":"sapm.GenericTile{\"header\":\"Bill Of Resources\"}"}]}
RESULT: undefined
COMMAND: POST /session/caae61ba24b25c9dd6a47da396113dfa/element - {"using":"xpath","value":"//*[@id=\"__tile34\"]"}
RESULT: {"using":"xpath","value":"//*[@id=\"__tile34\"]"}
COMMAND: POST /session/caae61ba24b25c9dd6a47da396113dfa/element/f.FE353D0C043CD81D05AD4E9F01DF5B86.d.CEEDA8AFF72FFC495E664C3E0BE9FDB7.e.996/click - {}
RESULT: {}
COMMAND: GET /session/caae61ba24b25c9dd6a47da396113dfa/screenshot - {}
RESULT: {}
RESULT: undefined
COMMAND: POST /session/caae61ba24b25c9dd6a47da396113dfa/element - {"using":"xpath","value":"//*[@id=\"__tile34\"]"}
RESULT: {"using":"xpath","value":"//*[@id=\"__tile34\"]"}
COMMAND: POST /session/caae61ba24b25c9dd6a47da396113dfa/element/f.FE353D0C043CD81D05AD4E9F01DF5B86.d.CEEDA8AFF72FFC495E664C3E0BE9FDB7.e.996/click - {}
RESULT: undefined
COMMAND: POST /session/caae61ba24b25c9dd6a47da396113dfa/element - {"using":"xpath","value":"//*[@id=\"__tile34\"]"}
RESULT: {"using":"xpath","value":"//*[@id=\"__tile34\"]"}
COMMAND: POST /session/caae61ba24b25c9dd6a47da396113dfa/element/f.FE353D0C043CD81D05AD4E9F01DF5B86.d.CEEDA8AFF72FFC495E664C3E0BE9FDB7.e.996/click - {}
RESULT: undefined
COMMAND: POST /session/caae61ba24b25c9dd6a47da396113dfa/execute/async - {"script":"<script> [6424 bytes]","args":[{"element-6066-11e4-a52e-4f735466cecf":"f.FE353D0C043CD81D05AD4E9F01DF5B86.d.CEEDA8AFF72FFC495E664C3E0BE9FDB7.e.284"},"getTitle",[]]}
COMMAND: POST /session/caae61ba24b25c9dd6a47da396113dfa/execute/async - {"script":"<script> [1562 bytes]","args":[{"selector":{"id":"shellAppTitle"},"wdio_ui5_key":"shellAppTitle"}]}
RESULT: {"script":"<script> [1562 bytes]","args":[{"selector":{"id":"shellAppTitle"},"wdio_ui5_key":"shellAppTitle"}]}
COMMAND: POST /session/caae61ba24b25c9dd6a47da396113dfa/execute/async - {"script":"<script> [6424 bytes]","args":[{"element-6066-11e4-a52e-4f735466cecf":"f.FE353D0C043CD81D05AD4E9F01DF5B86.d.CEEDA8AFF72FFC495E664C3E0BE9FDB7.e.1102"},"getTitle",[]]}
RESULT: {"script":"<script> [6424 bytes]","args":[{"element-6066-11e4-a52e-4f735466cecf":"f.FE353D0C043CD81D05AD4E9F01DF5B86.d.CEEDA8AFF72FFC495E664C3E0BE9FDB7.e.1102"},"getTitle",[]]}
RESULT: undefined
COMMAND: POST /session/caae61ba24b25c9dd6a47da396113dfa/element/f.FE353D0C043CD81D05AD4E9F01DF5B86.d.CEEDA8AFF72FFC495E664C3E0BE9FDB7.e.800/click - {}
COMMAND: POST /session/caae61ba24b25c9dd6a47da396113dfa/element - {"using":"xpath","value":"//*[@id=\"backBtn\"]"}
RESULT: {"using":"xpath","value":"//*[@id=\"backBtn\"]"}
COMMAND: POST /session/caae61ba24b25c9dd6a47da396113dfa/element/f.FE353D0C043CD81D05AD4E9F01DF5B86.d.CEEDA8AFF72FFC495E664C3E0BE9FDB7.e.800/click - {}
COMMAND: POST /session/caae61ba24b25c9dd6a47da396113dfa/element - {"using":"xpath","value":"//*[@id=\"backBtn\"]"}
RESULT: {"using":"xpath","value":"//*[@id=\"backBtn\"]"}
COMMAND: POST /session/caae61ba24b25c9dd6a47da396113dfa/element/f.FE353D0C043CD81D05AD4E9F01DF5B86.d.CEEDA8AFF72FFC495E664C3E0BE9FDB7.e.1103/click - {}
RESULT: {}
COMMAND: GET /session/caae61ba24b25c9dd6a47da396113dfa/screenshot - {}
RESULT: {}
]]></system-out>
    </testcase>
    <testcase classname="chrome.135_0_7049_115.windows.Sanity_Tests_US104253" name="Should open Manage Yards page" time="33.762">
      <system-out><![CDATA[
COMMAND: POST /session/caae61ba24b25c9dd6a47da396113dfa/execute/async - {"script":"<script> [1562 bytes]","args":[{"selector":{"controlType":"sap.m.GenericTile","properties":{"header":"Manage Yards"}},"wdio_ui5_key":"sapm.GenericTile{\"header\":\"Manage Yards\"}"}]}
RESULT: {"script":"<script> [1562 bytes]","args":[{"selector":{"controlType":"sap.m.GenericTile","properties":{"header":"Manage Yards"}},"wdio_ui5_key":"sapm.GenericTile{\"header\":\"Manage Yards\"}"}]}
RESULT: undefined
COMMAND: POST /session/caae61ba24b25c9dd6a47da396113dfa/element - {"using":"xpath","value":"//*[@id=\"__tile41\"]"}
RESULT: {"using":"xpath","value":"//*[@id=\"__tile41\"]"}
COMMAND: POST /session/caae61ba24b25c9dd6a47da396113dfa/element/f.FE353D0C043CD81D05AD4E9F01DF5B86.d.CEEDA8AFF72FFC495E664C3E0BE9FDB7.e.1105/click - {}
RESULT: {}
COMMAND: GET /session/caae61ba24b25c9dd6a47da396113dfa/screenshot - {}
RESULT: {}
RESULT: undefined
COMMAND: POST /session/caae61ba24b25c9dd6a47da396113dfa/element - {"using":"xpath","value":"//*[@id=\"__tile41\"]"}
RESULT: {"using":"xpath","value":"//*[@id=\"__tile41\"]"}
COMMAND: POST /session/caae61ba24b25c9dd6a47da396113dfa/element/f.FE353D0C043CD81D05AD4E9F01DF5B86.d.CEEDA8AFF72FFC495E664C3E0BE9FDB7.e.1105/click - {}
RESULT: undefined
COMMAND: POST /session/caae61ba24b25c9dd6a47da396113dfa/element - {"using":"xpath","value":"//*[@id=\"__tile41\"]"}
RESULT: {"using":"xpath","value":"//*[@id=\"__tile41\"]"}
COMMAND: POST /session/caae61ba24b25c9dd6a47da396113dfa/element/f.FE353D0C043CD81D05AD4E9F01DF5B86.d.CEEDA8AFF72FFC495E664C3E0BE9FDB7.e.1105/click - {}
RESULT: undefined
COMMAND: POST /session/caae61ba24b25c9dd6a47da396113dfa/execute/async - {"script":"<script> [6424 bytes]","args":[{"element-6066-11e4-a52e-4f735466cecf":"f.FE353D0C043CD81D05AD4E9F01DF5B86.d.CEEDA8AFF72FFC495E664C3E0BE9FDB7.e.284"},"getTitle",[]]}
COMMAND: POST /session/caae61ba24b25c9dd6a47da396113dfa/execute/async - {"script":"<script> [1562 bytes]","args":[{"selector":{"id":"shellAppTitle"},"wdio_ui5_key":"shellAppTitle"}]}
RESULT: {"script":"<script> [1562 bytes]","args":[{"selector":{"id":"shellAppTitle"},"wdio_ui5_key":"shellAppTitle"}]}
COMMAND: POST /session/caae61ba24b25c9dd6a47da396113dfa/execute/async - {"script":"<script> [6424 bytes]","args":[{"element-6066-11e4-a52e-4f735466cecf":"f.FE353D0C043CD81D05AD4E9F01DF5B86.d.CEEDA8AFF72FFC495E664C3E0BE9FDB7.e.1286"},"getTitle",[]]}
RESULT: {"script":"<script> [6424 bytes]","args":[{"element-6066-11e4-a52e-4f735466cecf":"f.FE353D0C043CD81D05AD4E9F01DF5B86.d.CEEDA8AFF72FFC495E664C3E0BE9FDB7.e.1286"},"getTitle",[]]}
RESULT: undefined
COMMAND: POST /session/caae61ba24b25c9dd6a47da396113dfa/element/f.FE353D0C043CD81D05AD4E9F01DF5B86.d.CEEDA8AFF72FFC495E664C3E0BE9FDB7.e.1103/click - {}
RESULT: {}
COMMAND: GET /session/caae61ba24b25c9dd6a47da396113dfa/screenshot - {}
RESULT: {}
]]></system-out>
    </testcase>
    <testcase classname="chrome.135_0_7049_115.windows.Sanity_Tests_US104253" name="Should open Manage Requests page" time="32.117">
      <system-out><![CDATA[
COMMAND: POST /session/caae61ba24b25c9dd6a47da396113dfa/execute/async - {"script":"<script> [1562 bytes]","args":[{"selector":{"controlType":"sap.m.GenericTile","properties":{"header":"Manage Requests"}},"wdio_ui5_key":"sapm.GenericTile{\"header\":\"Manage Requests\"}"}]}
RESULT: {"script":"<script> [1562 bytes]","args":[{"selector":{"controlType":"sap.m.GenericTile","properties":{"header":"Manage Requests"}},"wdio_ui5_key":"sapm.GenericTile{\"header\":\"Manage Requests\"}"}]}
RESULT: undefined
COMMAND: POST /session/caae61ba24b25c9dd6a47da396113dfa/element - {"using":"xpath","value":"//*[@id=\"__tile47\"]"}
RESULT: {"using":"xpath","value":"//*[@id=\"__tile47\"]"}
COMMAND: POST /session/caae61ba24b25c9dd6a47da396113dfa/element/f.FE353D0C043CD81D05AD4E9F01DF5B86.d.CEEDA8AFF72FFC495E664C3E0BE9FDB7.e.1288/click - {}
RESULT: {}
COMMAND: GET /session/caae61ba24b25c9dd6a47da396113dfa/screenshot - {}
RESULT: {}
RESULT: undefined
COMMAND: POST /session/caae61ba24b25c9dd6a47da396113dfa/element - {"using":"xpath","value":"//*[@id=\"__tile47\"]"}
RESULT: {"using":"xpath","value":"//*[@id=\"__tile47\"]"}
COMMAND: POST /session/caae61ba24b25c9dd6a47da396113dfa/element/f.FE353D0C043CD81D05AD4E9F01DF5B86.d.CEEDA8AFF72FFC495E664C3E0BE9FDB7.e.1288/click - {}
RESULT: undefined
COMMAND: POST /session/caae61ba24b25c9dd6a47da396113dfa/element - {"using":"xpath","value":"//*[@id=\"__tile47\"]"}
RESULT: {"using":"xpath","value":"//*[@id=\"__tile47\"]"}
COMMAND: POST /session/caae61ba24b25c9dd6a47da396113dfa/element/f.FE353D0C043CD81D05AD4E9F01DF5B86.d.CEEDA8AFF72FFC495E664C3E0BE9FDB7.e.1288/click - {}
RESULT: undefined
COMMAND: POST /session/caae61ba24b25c9dd6a47da396113dfa/execute/async - {"script":"<script> [6424 bytes]","args":[{"element-6066-11e4-a52e-4f735466cecf":"f.FE353D0C043CD81D05AD4E9F01DF5B86.d.CEEDA8AFF72FFC495E664C3E0BE9FDB7.e.284"},"getTitle",[]]}
COMMAND: POST /session/caae61ba24b25c9dd6a47da396113dfa/execute/async - {"script":"<script> [1562 bytes]","args":[{"selector":{"id":"shellAppTitle"},"wdio_ui5_key":"shellAppTitle"}]}
RESULT: {"script":"<script> [1562 bytes]","args":[{"selector":{"id":"shellAppTitle"},"wdio_ui5_key":"shellAppTitle"}]}
COMMAND: POST /session/caae61ba24b25c9dd6a47da396113dfa/execute/async - {"script":"<script> [6424 bytes]","args":[{"element-6066-11e4-a52e-4f735466cecf":"f.FE353D0C043CD81D05AD4E9F01DF5B86.d.CEEDA8AFF72FFC495E664C3E0BE9FDB7.e.1389"},"getTitle",[]]}
RESULT: {"script":"<script> [6424 bytes]","args":[{"element-6066-11e4-a52e-4f735466cecf":"f.FE353D0C043CD81D05AD4E9F01DF5B86.d.CEEDA8AFF72FFC495E664C3E0BE9FDB7.e.1389"},"getTitle",[]]}
RESULT: undefined
COMMAND: POST /session/caae61ba24b25c9dd6a47da396113dfa/element/f.FE353D0C043CD81D05AD4E9F01DF5B86.d.CEEDA8AFF72FFC495E664C3E0BE9FDB7.e.1103/click - {}
COMMAND: POST /session/caae61ba24b25c9dd6a47da396113dfa/element - {"using":"xpath","value":"//*[@id=\"backBtn\"]"}
RESULT: {"using":"xpath","value":"//*[@id=\"backBtn\"]"}
COMMAND: POST /session/caae61ba24b25c9dd6a47da396113dfa/element/f.FE353D0C043CD81D05AD4E9F01DF5B86.d.CEEDA8AFF72FFC495E664C3E0BE9FDB7.e.1103/click - {}
COMMAND: POST /session/caae61ba24b25c9dd6a47da396113dfa/element - {"using":"xpath","value":"//*[@id=\"backBtn\"]"}
RESULT: {"using":"xpath","value":"//*[@id=\"backBtn\"]"}
COMMAND: POST /session/caae61ba24b25c9dd6a47da396113dfa/element/f.FE353D0C043CD81D05AD4E9F01DF5B86.d.CEEDA8AFF72FFC495E664C3E0BE9FDB7.e.1390/click - {}
RESULT: {}
COMMAND: GET /session/caae61ba24b25c9dd6a47da396113dfa/screenshot - {}
RESULT: {}
]]></system-out>
    </testcase>
    <testcase classname="chrome.135_0_7049_115.windows.Sanity_Tests_US104253" name="Should open Manage Purchasing page" time="34.242">
      <system-out><![CDATA[
COMMAND: POST /session/caae61ba24b25c9dd6a47da396113dfa/execute/async - {"script":"<script> [1562 bytes]","args":[{"selector":{"controlType":"sap.m.GenericTile","properties":{"header":"Manage Purchasing"}},"wdio_ui5_key":"sapm.GenericTile{\"header\":\"Manage Purchasing\"}"}]}
RESULT: {"script":"<script> [1562 bytes]","args":[{"selector":{"controlType":"sap.m.GenericTile","properties":{"header":"Manage Purchasing"}},"wdio_ui5_key":"sapm.GenericTile{\"header\":\"Manage Purchasing\"}"}]}
RESULT: undefined
COMMAND: POST /session/caae61ba24b25c9dd6a47da396113dfa/element - {"using":"xpath","value":"//*[@id=\"__tile46\"]"}
RESULT: {"using":"xpath","value":"//*[@id=\"__tile46\"]"}
COMMAND: POST /session/caae61ba24b25c9dd6a47da396113dfa/element/f.FE353D0C043CD81D05AD4E9F01DF5B86.d.CEEDA8AFF72FFC495E664C3E0BE9FDB7.e.1393/click - {}
RESULT: {}
COMMAND: GET /session/caae61ba24b25c9dd6a47da396113dfa/screenshot - {}
RESULT: {}
RESULT: undefined
COMMAND: POST /session/caae61ba24b25c9dd6a47da396113dfa/element - {"using":"xpath","value":"//*[@id=\"__tile46\"]"}
RESULT: {"using":"xpath","value":"//*[@id=\"__tile46\"]"}
COMMAND: POST /session/caae61ba24b25c9dd6a47da396113dfa/element/f.FE353D0C043CD81D05AD4E9F01DF5B86.d.CEEDA8AFF72FFC495E664C3E0BE9FDB7.e.1393/click - {}
RESULT: undefined
COMMAND: POST /session/caae61ba24b25c9dd6a47da396113dfa/element - {"using":"xpath","value":"//*[@id=\"__tile46\"]"}
RESULT: {"using":"xpath","value":"//*[@id=\"__tile46\"]"}
COMMAND: POST /session/caae61ba24b25c9dd6a47da396113dfa/element/f.FE353D0C043CD81D05AD4E9F01DF5B86.d.CEEDA8AFF72FFC495E664C3E0BE9FDB7.e.1393/click - {}
RESULT: undefined
COMMAND: POST /session/caae61ba24b25c9dd6a47da396113dfa/execute/async - {"script":"<script> [6424 bytes]","args":[{"element-6066-11e4-a52e-4f735466cecf":"f.FE353D0C043CD81D05AD4E9F01DF5B86.d.CEEDA8AFF72FFC495E664C3E0BE9FDB7.e.284"},"getTitle",[]]}
COMMAND: POST /session/caae61ba24b25c9dd6a47da396113dfa/execute/async - {"script":"<script> [1562 bytes]","args":[{"selector":{"id":"shellAppTitle"},"wdio_ui5_key":"shellAppTitle"}]}
RESULT: {"script":"<script> [1562 bytes]","args":[{"selector":{"id":"shellAppTitle"},"wdio_ui5_key":"shellAppTitle"}]}
COMMAND: POST /session/caae61ba24b25c9dd6a47da396113dfa/execute/async - {"script":"<script> [6424 bytes]","args":[{"element-6066-11e4-a52e-4f735466cecf":"f.FE353D0C043CD81D05AD4E9F01DF5B86.d.CEEDA8AFF72FFC495E664C3E0BE9FDB7.e.1474"},"getTitle",[]]}
RESULT: {"script":"<script> [6424 bytes]","args":[{"element-6066-11e4-a52e-4f735466cecf":"f.FE353D0C043CD81D05AD4E9F01DF5B86.d.CEEDA8AFF72FFC495E664C3E0BE9FDB7.e.1474"},"getTitle",[]]}
RESULT: undefined
COMMAND: POST /session/caae61ba24b25c9dd6a47da396113dfa/element/f.FE353D0C043CD81D05AD4E9F01DF5B86.d.CEEDA8AFF72FFC495E664C3E0BE9FDB7.e.1390/click - {}
RESULT: {}
COMMAND: GET /session/caae61ba24b25c9dd6a47da396113dfa/screenshot - {}
RESULT: {}
]]></system-out>
    </testcase>
    <testcase classname="chrome.135_0_7049_115.windows.Sanity_Tests_US104253" name="Should open Planning Board page" time="32.641">
      <system-out><![CDATA[
COMMAND: POST /session/caae61ba24b25c9dd6a47da396113dfa/execute/async - {"script":"<script> [1562 bytes]","args":[{"selector":{"controlType":"sap.m.GenericTile","properties":{"header":"Planning Board"}},"wdio_ui5_key":"sapm.GenericTile{\"header\":\"Planning Board\"}"}]}
RESULT: {"script":"<script> [1562 bytes]","args":[{"selector":{"controlType":"sap.m.GenericTile","properties":{"header":"Planning Board"}},"wdio_ui5_key":"sapm.GenericTile{\"header\":\"Planning Board\"}"}]}
RESULT: undefined
COMMAND: POST /session/caae61ba24b25c9dd6a47da396113dfa/element - {"using":"xpath","value":"//*[@id=\"__tile131\"]"}
RESULT: {"using":"xpath","value":"//*[@id=\"__tile131\"]"}
COMMAND: POST /session/caae61ba24b25c9dd6a47da396113dfa/element/f.FE353D0C043CD81D05AD4E9F01DF5B86.d.CEEDA8AFF72FFC495E664C3E0BE9FDB7.e.1476/click - {}
RESULT: {}
COMMAND: GET /session/caae61ba24b25c9dd6a47da396113dfa/screenshot - {}
RESULT: {}
RESULT: undefined
COMMAND: POST /session/caae61ba24b25c9dd6a47da396113dfa/element - {"using":"xpath","value":"//*[@id=\"__tile131\"]"}
RESULT: {"using":"xpath","value":"//*[@id=\"__tile131\"]"}
COMMAND: POST /session/caae61ba24b25c9dd6a47da396113dfa/element/f.FE353D0C043CD81D05AD4E9F01DF5B86.d.CEEDA8AFF72FFC495E664C3E0BE9FDB7.e.1476/click - {}
RESULT: undefined
COMMAND: POST /session/caae61ba24b25c9dd6a47da396113dfa/element - {"using":"xpath","value":"//*[@id=\"__tile131\"]"}
RESULT: {"using":"xpath","value":"//*[@id=\"__tile131\"]"}
COMMAND: POST /session/caae61ba24b25c9dd6a47da396113dfa/element/f.FE353D0C043CD81D05AD4E9F01DF5B86.d.CEEDA8AFF72FFC495E664C3E0BE9FDB7.e.1476/click - {}
RESULT: undefined
COMMAND: POST /session/caae61ba24b25c9dd6a47da396113dfa/execute/async - {"script":"<script> [6424 bytes]","args":[{"element-6066-11e4-a52e-4f735466cecf":"f.FE353D0C043CD81D05AD4E9F01DF5B86.d.CEEDA8AFF72FFC495E664C3E0BE9FDB7.e.284"},"getTitle",[]]}
COMMAND: POST /session/caae61ba24b25c9dd6a47da396113dfa/execute/async - {"script":"<script> [1562 bytes]","args":[{"selector":{"id":"shellAppTitle"},"wdio_ui5_key":"shellAppTitle"}]}
RESULT: {"script":"<script> [1562 bytes]","args":[{"selector":{"id":"shellAppTitle"},"wdio_ui5_key":"shellAppTitle"}]}
COMMAND: POST /session/caae61ba24b25c9dd6a47da396113dfa/execute/async - {"script":"<script> [6424 bytes]","args":[{"element-6066-11e4-a52e-4f735466cecf":"f.FE353D0C043CD81D05AD4E9F01DF5B86.d.CEEDA8AFF72FFC495E664C3E0BE9FDB7.e.1524"},"getTitle",[]]}
RESULT: {"script":"<script> [6424 bytes]","args":[{"element-6066-11e4-a52e-4f735466cecf":"f.FE353D0C043CD81D05AD4E9F01DF5B86.d.CEEDA8AFF72FFC495E664C3E0BE9FDB7.e.1524"},"getTitle",[]]}
RESULT: undefined
COMMAND: POST /session/caae61ba24b25c9dd6a47da396113dfa/element/f.FE353D0C043CD81D05AD4E9F01DF5B86.d.CEEDA8AFF72FFC495E664C3E0BE9FDB7.e.1390/click - {}
COMMAND: POST /session/caae61ba24b25c9dd6a47da396113dfa/element/f.FE353D0C043CD81D05AD4E9F01DF5B86.d.CEEDA8AFF72FFC495E664C3E0BE9FDB7.e.1390/click - {}
COMMAND: POST /session/caae61ba24b25c9dd6a47da396113dfa/element - {"using":"xpath","value":"//*[@id=\"backBtn\"]"}
COMMAND: POST /session/caae61ba24b25c9dd6a47da396113dfa/element - {"using":"xpath","value":"//*[@id=\"backBtn\"]"}
RESULT: {"using":"xpath","value":"//*[@id=\"backBtn\"]"}
COMMAND: POST /session/caae61ba24b25c9dd6a47da396113dfa/element/f.FE353D0C043CD81D05AD4E9F01DF5B86.d.CEEDA8AFF72FFC495E664C3E0BE9FDB7.e.1390/click - {}
RESULT: {"using":"xpath","value":"//*[@id=\"backBtn\"]"}
COMMAND: POST /session/caae61ba24b25c9dd6a47da396113dfa/element/f.FE353D0C043CD81D05AD4E9F01DF5B86.d.CEEDA8AFF72FFC495E664C3E0BE9FDB7.e.1390/click - {}
COMMAND: POST /session/caae61ba24b25c9dd6a47da396113dfa/element - {"using":"xpath","value":"//*[@id=\"backBtn\"]"}
COMMAND: POST /session/caae61ba24b25c9dd6a47da396113dfa/element - {"using":"xpath","value":"//*[@id=\"backBtn\"]"}
RESULT: {"using":"xpath","value":"//*[@id=\"backBtn\"]"}
COMMAND: POST /session/caae61ba24b25c9dd6a47da396113dfa/element/f.FE353D0C043CD81D05AD4E9F01DF5B86.d.CEEDA8AFF72FFC495E664C3E0BE9FDB7.e.1525/click - {}
RESULT: {"using":"xpath","value":"//*[@id=\"backBtn\"]"}
COMMAND: POST /session/caae61ba24b25c9dd6a47da396113dfa/element/f.FE353D0C043CD81D05AD4E9F01DF5B86.d.CEEDA8AFF72FFC495E664C3E0BE9FDB7.e.1525/click - {}
RESULT: {}
COMMAND: GET /session/caae61ba24b25c9dd6a47da396113dfa/screenshot - {}
RESULT: {}
COMMAND: GET /session/caae61ba24b25c9dd6a47da396113dfa/screenshot - {}
RESULT: {}
]]></system-out>
    </testcase>
    <testcase classname="chrome.135_0_7049_115.windows.Sanity_Tests_US104253" name="Should open Manage Contracts page" time="31.698">
      <system-out><![CDATA[
COMMAND: POST /session/caae61ba24b25c9dd6a47da396113dfa/execute/async - {"script":"<script> [1562 bytes]","args":[{"selector":{"controlType":"sap.m.GenericTile","properties":{"header":"Manage Contracts"}},"wdio_ui5_key":"sapm.GenericTile{\"header\":\"Manage Contracts\"}"}]}
RESULT: {}
RESULT: {"script":"<script> [1562 bytes]","args":[{"selector":{"controlType":"sap.m.GenericTile","properties":{"header":"Manage Contracts"}},"wdio_ui5_key":"sapm.GenericTile{\"header\":\"Manage Contracts\"}"}]}
RESULT: undefined
COMMAND: POST /session/caae61ba24b25c9dd6a47da396113dfa/element - {"using":"xpath","value":"//*[@id=\"__tile133\"]"}
RESULT: {"using":"xpath","value":"//*[@id=\"__tile133\"]"}
COMMAND: POST /session/caae61ba24b25c9dd6a47da396113dfa/element/f.FE353D0C043CD81D05AD4E9F01DF5B86.d.CEEDA8AFF72FFC495E664C3E0BE9FDB7.e.1527/click - {}
RESULT: {}
COMMAND: GET /session/caae61ba24b25c9dd6a47da396113dfa/screenshot - {}
RESULT: {}
RESULT: undefined
COMMAND: POST /session/caae61ba24b25c9dd6a47da396113dfa/element - {"using":"xpath","value":"//*[@id=\"__tile133\"]"}
RESULT: {"using":"xpath","value":"//*[@id=\"__tile133\"]"}
COMMAND: POST /session/caae61ba24b25c9dd6a47da396113dfa/element/f.FE353D0C043CD81D05AD4E9F01DF5B86.d.CEEDA8AFF72FFC495E664C3E0BE9FDB7.e.1527/click - {}
RESULT: undefined
COMMAND: POST /session/caae61ba24b25c9dd6a47da396113dfa/element - {"using":"xpath","value":"//*[@id=\"__tile133\"]"}
RESULT: {"using":"xpath","value":"//*[@id=\"__tile133\"]"}
COMMAND: POST /session/caae61ba24b25c9dd6a47da396113dfa/element/f.FE353D0C043CD81D05AD4E9F01DF5B86.d.CEEDA8AFF72FFC495E664C3E0BE9FDB7.e.1527/click - {}
RESULT: undefined
COMMAND: POST /session/caae61ba24b25c9dd6a47da396113dfa/execute/async - {"script":"<script> [6424 bytes]","args":[{"element-6066-11e4-a52e-4f735466cecf":"f.FE353D0C043CD81D05AD4E9F01DF5B86.d.CEEDA8AFF72FFC495E664C3E0BE9FDB7.e.284"},"getTitle",[]]}
COMMAND: POST /session/caae61ba24b25c9dd6a47da396113dfa/execute/async - {"script":"<script> [1562 bytes]","args":[{"selector":{"id":"shellAppTitle"},"wdio_ui5_key":"shellAppTitle"}]}
RESULT: {"script":"<script> [1562 bytes]","args":[{"selector":{"id":"shellAppTitle"},"wdio_ui5_key":"shellAppTitle"}]}
COMMAND: POST /session/caae61ba24b25c9dd6a47da396113dfa/execute/async - {"script":"<script> [6424 bytes]","args":[{"element-6066-11e4-a52e-4f735466cecf":"f.FE353D0C043CD81D05AD4E9F01DF5B86.d.CEEDA8AFF72FFC495E664C3E0BE9FDB7.e.1590"},"getTitle",[]]}
RESULT: {"script":"<script> [6424 bytes]","args":[{"element-6066-11e4-a52e-4f735466cecf":"f.FE353D0C043CD81D05AD4E9F01DF5B86.d.CEEDA8AFF72FFC495E664C3E0BE9FDB7.e.1590"},"getTitle",[]]}
RESULT: undefined
COMMAND: POST /session/caae61ba24b25c9dd6a47da396113dfa/element/f.FE353D0C043CD81D05AD4E9F01DF5B86.d.CEEDA8AFF72FFC495E664C3E0BE9FDB7.e.1525/click - {}
RESULT: {}
COMMAND: GET /session/caae61ba24b25c9dd6a47da396113dfa/screenshot - {}
RESULT: {}
]]></system-out>
    </testcase>
    <testcase classname="chrome.135_0_7049_115.windows.Sanity_Tests_US104253" name="Should open Manage Quotations page" time="31.306">
      <system-out><![CDATA[
COMMAND: POST /session/caae61ba24b25c9dd6a47da396113dfa/execute/async - {"script":"<script> [1562 bytes]","args":[{"selector":{"controlType":"sap.m.GenericTile","properties":{"header":"Manage Quotations"}},"wdio_ui5_key":"sapm.GenericTile{\"header\":\"Manage Quotations\"}"}]}
RESULT: {"script":"<script> [1562 bytes]","args":[{"selector":{"controlType":"sap.m.GenericTile","properties":{"header":"Manage Quotations"}},"wdio_ui5_key":"sapm.GenericTile{\"header\":\"Manage Quotations\"}"}]}
RESULT: undefined
COMMAND: POST /session/caae61ba24b25c9dd6a47da396113dfa/element - {"using":"xpath","value":"//*[@id=\"__tile130\"]"}
RESULT: {"using":"xpath","value":"//*[@id=\"__tile130\"]"}
COMMAND: POST /session/caae61ba24b25c9dd6a47da396113dfa/element/f.FE353D0C043CD81D05AD4E9F01DF5B86.d.CEEDA8AFF72FFC495E664C3E0BE9FDB7.e.1592/click - {}
RESULT: {}
COMMAND: GET /session/caae61ba24b25c9dd6a47da396113dfa/screenshot - {}
RESULT: {}
RESULT: undefined
COMMAND: POST /session/caae61ba24b25c9dd6a47da396113dfa/element - {"using":"xpath","value":"//*[@id=\"__tile130\"]"}
RESULT: {"using":"xpath","value":"//*[@id=\"__tile130\"]"}
COMMAND: POST /session/caae61ba24b25c9dd6a47da396113dfa/element/f.FE353D0C043CD81D05AD4E9F01DF5B86.d.CEEDA8AFF72FFC495E664C3E0BE9FDB7.e.1592/click - {}
RESULT: undefined
COMMAND: POST /session/caae61ba24b25c9dd6a47da396113dfa/element - {"using":"xpath","value":"//*[@id=\"__tile130\"]"}
RESULT: {"using":"xpath","value":"//*[@id=\"__tile130\"]"}
COMMAND: POST /session/caae61ba24b25c9dd6a47da396113dfa/element/f.FE353D0C043CD81D05AD4E9F01DF5B86.d.CEEDA8AFF72FFC495E664C3E0BE9FDB7.e.1592/click - {}
RESULT: undefined
COMMAND: POST /session/caae61ba24b25c9dd6a47da396113dfa/execute/async - {"script":"<script> [6424 bytes]","args":[{"element-6066-11e4-a52e-4f735466cecf":"f.FE353D0C043CD81D05AD4E9F01DF5B86.d.CEEDA8AFF72FFC495E664C3E0BE9FDB7.e.284"},"getTitle",[]]}
COMMAND: POST /session/caae61ba24b25c9dd6a47da396113dfa/execute/async - {"script":"<script> [1562 bytes]","args":[{"selector":{"id":"shellAppTitle"},"wdio_ui5_key":"shellAppTitle"}]}
RESULT: {"script":"<script> [1562 bytes]","args":[{"selector":{"id":"shellAppTitle"},"wdio_ui5_key":"shellAppTitle"}]}
COMMAND: POST /session/caae61ba24b25c9dd6a47da396113dfa/execute/async - {"script":"<script> [6424 bytes]","args":[{"element-6066-11e4-a52e-4f735466cecf":"f.FE353D0C043CD81D05AD4E9F01DF5B86.d.CEEDA8AFF72FFC495E664C3E0BE9FDB7.e.1705"},"getTitle",[]]}
RESULT: {"script":"<script> [6424 bytes]","args":[{"element-6066-11e4-a52e-4f735466cecf":"f.FE353D0C043CD81D05AD4E9F01DF5B86.d.CEEDA8AFF72FFC495E664C3E0BE9FDB7.e.1705"},"getTitle",[]]}
RESULT: undefined
COMMAND: POST /session/caae61ba24b25c9dd6a47da396113dfa/element/f.FE353D0C043CD81D05AD4E9F01DF5B86.d.CEEDA8AFF72FFC495E664C3E0BE9FDB7.e.1525/click - {}
COMMAND: POST /session/caae61ba24b25c9dd6a47da396113dfa/element - {"using":"xpath","value":"//*[@id=\"backBtn\"]"}
RESULT: {"using":"xpath","value":"//*[@id=\"backBtn\"]"}
COMMAND: POST /session/caae61ba24b25c9dd6a47da396113dfa/element/f.FE353D0C043CD81D05AD4E9F01DF5B86.d.CEEDA8AFF72FFC495E664C3E0BE9FDB7.e.1525/click - {}
COMMAND: POST /session/caae61ba24b25c9dd6a47da396113dfa/element - {"using":"xpath","value":"//*[@id=\"backBtn\"]"}
RESULT: {"using":"xpath","value":"//*[@id=\"backBtn\"]"}
COMMAND: POST /session/caae61ba24b25c9dd6a47da396113dfa/element/f.FE353D0C043CD81D05AD4E9F01DF5B86.d.CEEDA8AFF72FFC495E664C3E0BE9FDB7.e.1706/click - {}
RESULT: {}
COMMAND: GET /session/caae61ba24b25c9dd6a47da396113dfa/screenshot - {}
RESULT: {}
]]></system-out>
    </testcase>
    <testcase classname="chrome.135_0_7049_115.windows.Sanity_Tests_US104253" name="Should open Manage Handovers page" time="32.876">
      <system-out><![CDATA[
COMMAND: POST /session/caae61ba24b25c9dd6a47da396113dfa/execute/async - {"script":"<script> [1562 bytes]","args":[{"selector":{"controlType":"sap.m.GenericTile","properties":{"header":"Manage Handovers"}},"wdio_ui5_key":"sapm.GenericTile{\"header\":\"Manage Handovers\"}"}]}
RESULT: {"script":"<script> [1562 bytes]","args":[{"selector":{"controlType":"sap.m.GenericTile","properties":{"header":"Manage Handovers"}},"wdio_ui5_key":"sapm.GenericTile{\"header\":\"Manage Handovers\"}"}]}
RESULT: undefined
COMMAND: POST /session/caae61ba24b25c9dd6a47da396113dfa/element - {"using":"xpath","value":"//*[@id=\"__tile132\"]"}
RESULT: {"using":"xpath","value":"//*[@id=\"__tile132\"]"}
COMMAND: POST /session/caae61ba24b25c9dd6a47da396113dfa/element/f.FE353D0C043CD81D05AD4E9F01DF5B86.d.CEEDA8AFF72FFC495E664C3E0BE9FDB7.e.1708/click - {}
RESULT: {}
COMMAND: GET /session/caae61ba24b25c9dd6a47da396113dfa/screenshot - {}
RESULT: {}
RESULT: undefined
COMMAND: POST /session/caae61ba24b25c9dd6a47da396113dfa/element - {"using":"xpath","value":"//*[@id=\"__tile132\"]"}
RESULT: {"using":"xpath","value":"//*[@id=\"__tile132\"]"}
COMMAND: POST /session/caae61ba24b25c9dd6a47da396113dfa/element/f.FE353D0C043CD81D05AD4E9F01DF5B86.d.CEEDA8AFF72FFC495E664C3E0BE9FDB7.e.1708/click - {}
RESULT: undefined
COMMAND: POST /session/caae61ba24b25c9dd6a47da396113dfa/element - {"using":"xpath","value":"//*[@id=\"__tile132\"]"}
RESULT: {"using":"xpath","value":"//*[@id=\"__tile132\"]"}
COMMAND: POST /session/caae61ba24b25c9dd6a47da396113dfa/element/f.FE353D0C043CD81D05AD4E9F01DF5B86.d.CEEDA8AFF72FFC495E664C3E0BE9FDB7.e.1708/click - {}
RESULT: undefined
COMMAND: POST /session/caae61ba24b25c9dd6a47da396113dfa/execute/async - {"script":"<script> [6424 bytes]","args":[{"element-6066-11e4-a52e-4f735466cecf":"f.FE353D0C043CD81D05AD4E9F01DF5B86.d.CEEDA8AFF72FFC495E664C3E0BE9FDB7.e.284"},"getTitle",[]]}
COMMAND: POST /session/caae61ba24b25c9dd6a47da396113dfa/execute/async - {"script":"<script> [1562 bytes]","args":[{"selector":{"id":"shellAppTitle"},"wdio_ui5_key":"shellAppTitle"}]}
RESULT: {"script":"<script> [1562 bytes]","args":[{"selector":{"id":"shellAppTitle"},"wdio_ui5_key":"shellAppTitle"}]}
COMMAND: POST /session/caae61ba24b25c9dd6a47da396113dfa/execute/async - {"script":"<script> [6424 bytes]","args":[{"element-6066-11e4-a52e-4f735466cecf":"f.FE353D0C043CD81D05AD4E9F01DF5B86.d.CEEDA8AFF72FFC495E664C3E0BE9FDB7.e.1806"},"getTitle",[]]}
RESULT: {"script":"<script> [6424 bytes]","args":[{"element-6066-11e4-a52e-4f735466cecf":"f.FE353D0C043CD81D05AD4E9F01DF5B86.d.CEEDA8AFF72FFC495E664C3E0BE9FDB7.e.1806"},"getTitle",[]]}
RESULT: undefined
COMMAND: POST /session/caae61ba24b25c9dd6a47da396113dfa/element/f.FE353D0C043CD81D05AD4E9F01DF5B86.d.CEEDA8AFF72FFC495E664C3E0BE9FDB7.e.1706/click - {}
RESULT: {}
COMMAND: GET /session/caae61ba24b25c9dd6a47da396113dfa/screenshot - {}
RESULT: {}
]]></system-out>
    </testcase>
    <testcase classname="chrome.135_0_7049_115.windows.Sanity_Tests_US104253" name="Should open Delivery Monitor page" time="33.206">
      <system-out><![CDATA[
COMMAND: POST /session/caae61ba24b25c9dd6a47da396113dfa/execute/async - {"script":"<script> [1562 bytes]","args":[{"selector":{"controlType":"sap.m.GenericTile","properties":{"header":"Delivery Monitor"}},"wdio_ui5_key":"sapm.GenericTile{\"header\":\"Delivery Monitor\"}"}]}
RESULT: {"script":"<script> [1562 bytes]","args":[{"selector":{"controlType":"sap.m.GenericTile","properties":{"header":"Delivery Monitor"}},"wdio_ui5_key":"sapm.GenericTile{\"header\":\"Delivery Monitor\"}"}]}
RESULT: undefined
COMMAND: POST /session/caae61ba24b25c9dd6a47da396113dfa/element - {"using":"xpath","value":"//*[@id=\"__tile43\"]"}
RESULT: {"using":"xpath","value":"//*[@id=\"__tile43\"]"}
COMMAND: POST /session/caae61ba24b25c9dd6a47da396113dfa/element/f.FE353D0C043CD81D05AD4E9F01DF5B86.d.CEEDA8AFF72FFC495E664C3E0BE9FDB7.e.1808/click - {}
RESULT: {}
COMMAND: GET /session/caae61ba24b25c9dd6a47da396113dfa/screenshot - {}
RESULT: {}
RESULT: undefined
COMMAND: POST /session/caae61ba24b25c9dd6a47da396113dfa/element - {"using":"xpath","value":"//*[@id=\"__tile43\"]"}
RESULT: {"using":"xpath","value":"//*[@id=\"__tile43\"]"}
COMMAND: POST /session/caae61ba24b25c9dd6a47da396113dfa/element/f.FE353D0C043CD81D05AD4E9F01DF5B86.d.CEEDA8AFF72FFC495E664C3E0BE9FDB7.e.1808/click - {}
RESULT: undefined
COMMAND: POST /session/caae61ba24b25c9dd6a47da396113dfa/element - {"using":"xpath","value":"//*[@id=\"__tile43\"]"}
RESULT: {"using":"xpath","value":"//*[@id=\"__tile43\"]"}
COMMAND: POST /session/caae61ba24b25c9dd6a47da396113dfa/element/f.FE353D0C043CD81D05AD4E9F01DF5B86.d.CEEDA8AFF72FFC495E664C3E0BE9FDB7.e.1808/click - {}
RESULT: undefined
COMMAND: POST /session/caae61ba24b25c9dd6a47da396113dfa/execute/async - {"script":"<script> [6424 bytes]","args":[{"element-6066-11e4-a52e-4f735466cecf":"f.FE353D0C043CD81D05AD4E9F01DF5B86.d.CEEDA8AFF72FFC495E664C3E0BE9FDB7.e.284"},"getTitle",[]]}
COMMAND: POST /session/caae61ba24b25c9dd6a47da396113dfa/execute/async - {"script":"<script> [1562 bytes]","args":[{"selector":{"id":"shellAppTitle"},"wdio_ui5_key":"shellAppTitle"}]}
RESULT: {"script":"<script> [1562 bytes]","args":[{"selector":{"id":"shellAppTitle"},"wdio_ui5_key":"shellAppTitle"}]}
COMMAND: POST /session/caae61ba24b25c9dd6a47da396113dfa/execute/async - {"script":"<script> [6424 bytes]","args":[{"element-6066-11e4-a52e-4f735466cecf":"f.FE353D0C043CD81D05AD4E9F01DF5B86.d.CEEDA8AFF72FFC495E664C3E0BE9FDB7.e.1935"},"getTitle",[]]}
RESULT: {"script":"<script> [6424 bytes]","args":[{"element-6066-11e4-a52e-4f735466cecf":"f.FE353D0C043CD81D05AD4E9F01DF5B86.d.CEEDA8AFF72FFC495E664C3E0BE9FDB7.e.1935"},"getTitle",[]]}
RESULT: undefined
COMMAND: POST /session/caae61ba24b25c9dd6a47da396113dfa/element/f.FE353D0C043CD81D05AD4E9F01DF5B86.d.CEEDA8AFF72FFC495E664C3E0BE9FDB7.e.1706/click - {}
COMMAND: POST /session/caae61ba24b25c9dd6a47da396113dfa/element - {"using":"xpath","value":"//*[@id=\"backBtn\"]"}
RESULT: {"using":"xpath","value":"//*[@id=\"backBtn\"]"}
COMMAND: POST /session/caae61ba24b25c9dd6a47da396113dfa/element/f.FE353D0C043CD81D05AD4E9F01DF5B86.d.CEEDA8AFF72FFC495E664C3E0BE9FDB7.e.1706/click - {}
COMMAND: POST /session/caae61ba24b25c9dd6a47da396113dfa/element - {"using":"xpath","value":"//*[@id=\"backBtn\"]"}
RESULT: {"using":"xpath","value":"//*[@id=\"backBtn\"]"}
COMMAND: POST /session/caae61ba24b25c9dd6a47da396113dfa/element/f.FE353D0C043CD81D05AD4E9F01DF5B86.d.CEEDA8AFF72FFC495E664C3E0BE9FDB7.e.1936/click - {}
RESULT: {}
COMMAND: GET /session/caae61ba24b25c9dd6a47da396113dfa/screenshot - {}
RESULT: {}
]]></system-out>
    </testcase>
    <testcase classname="chrome.135_0_7049_115.windows.Sanity_Tests_US104253" name="Should open Manage Calendar Exceptions page" time="35.108">
      <system-out><![CDATA[
COMMAND: POST /session/caae61ba24b25c9dd6a47da396113dfa/execute/async - {"script":"<script> [1562 bytes]","args":[{"selector":{"controlType":"sap.m.GenericTile","properties":{"header":"Manage Calendar Exceptions"}},"wdio_ui5_key":"sapm.GenericTile{\"header\":\"Manage Calendar Exceptions\"}"}]}
RESULT: {"script":"<script> [1562 bytes]","args":[{"selector":{"controlType":"sap.m.GenericTile","properties":{"header":"Manage Calendar Exceptions"}},"wdio_ui5_key":"sapm.GenericTile{\"header\":\"Manage Calendar Exceptions\"}"}]}
RESULT: undefined
COMMAND: POST /session/caae61ba24b25c9dd6a47da396113dfa/element - {"using":"xpath","value":"//*[@id=\"__tile52\"]"}
RESULT: {"using":"xpath","value":"//*[@id=\"__tile52\"]"}
COMMAND: POST /session/caae61ba24b25c9dd6a47da396113dfa/element/f.FE353D0C043CD81D05AD4E9F01DF5B86.d.CEEDA8AFF72FFC495E664C3E0BE9FDB7.e.1940/click - {}
RESULT: {}
COMMAND: GET /session/caae61ba24b25c9dd6a47da396113dfa/screenshot - {}
RESULT: {}
RESULT: undefined
COMMAND: POST /session/caae61ba24b25c9dd6a47da396113dfa/element - {"using":"xpath","value":"//*[@id=\"__tile52\"]"}
RESULT: {"using":"xpath","value":"//*[@id=\"__tile52\"]"}
COMMAND: POST /session/caae61ba24b25c9dd6a47da396113dfa/element/f.FE353D0C043CD81D05AD4E9F01DF5B86.d.CEEDA8AFF72FFC495E664C3E0BE9FDB7.e.1940/click - {}
RESULT: undefined
COMMAND: POST /session/caae61ba24b25c9dd6a47da396113dfa/element - {"using":"xpath","value":"//*[@id=\"__tile52\"]"}
RESULT: {"using":"xpath","value":"//*[@id=\"__tile52\"]"}
COMMAND: POST /session/caae61ba24b25c9dd6a47da396113dfa/element/f.FE353D0C043CD81D05AD4E9F01DF5B86.d.CEEDA8AFF72FFC495E664C3E0BE9FDB7.e.1940/click - {}
RESULT: undefined
COMMAND: POST /session/caae61ba24b25c9dd6a47da396113dfa/execute/async - {"script":"<script> [6424 bytes]","args":[{"element-6066-11e4-a52e-4f735466cecf":"f.FE353D0C043CD81D05AD4E9F01DF5B86.d.CEEDA8AFF72FFC495E664C3E0BE9FDB7.e.284"},"getTitle",[]]}
COMMAND: POST /session/caae61ba24b25c9dd6a47da396113dfa/execute/async - {"script":"<script> [1562 bytes]","args":[{"selector":{"id":"shellAppTitle"},"wdio_ui5_key":"shellAppTitle"}]}
RESULT: {"script":"<script> [1562 bytes]","args":[{"selector":{"id":"shellAppTitle"},"wdio_ui5_key":"shellAppTitle"}]}
COMMAND: POST /session/caae61ba24b25c9dd6a47da396113dfa/execute/async - {"script":"<script> [6424 bytes]","args":[{"element-6066-11e4-a52e-4f735466cecf":"f.FE353D0C043CD81D05AD4E9F01DF5B86.d.CEEDA8AFF72FFC495E664C3E0BE9FDB7.e.2018"},"getTitle",[]]}
RESULT: {"script":"<script> [6424 bytes]","args":[{"element-6066-11e4-a52e-4f735466cecf":"f.FE353D0C043CD81D05AD4E9F01DF5B86.d.CEEDA8AFF72FFC495E664C3E0BE9FDB7.e.2018"},"getTitle",[]]}
RESULT: undefined
COMMAND: POST /session/caae61ba24b25c9dd6a47da396113dfa/element/f.FE353D0C043CD81D05AD4E9F01DF5B86.d.CEEDA8AFF72FFC495E664C3E0BE9FDB7.e.1936/click - {}
RESULT: {}
COMMAND: GET /session/caae61ba24b25c9dd6a47da396113dfa/screenshot - {}
RESULT: {}
]]></system-out>
    </testcase>
    <testcase classname="chrome.135_0_7049_115.windows.Sanity_Tests_US104253" name="Should open Manage States Performance page" time="33.209">
      <system-out><![CDATA[
COMMAND: POST /session/caae61ba24b25c9dd6a47da396113dfa/execute/async - {"script":"<script> [1562 bytes]","args":[{"selector":{"controlType":"sap.m.GenericTile","properties":{"header":"Manage States & Performance"}},"wdio_ui5_key":"sapm.GenericTile{\"header\":\"Manage States & Performance\"}"}]}
RESULT: {"script":"<script> [1562 bytes]","args":[{"selector":{"controlType":"sap.m.GenericTile","properties":{"header":"Manage States & Performance"}},"wdio_ui5_key":"sapm.GenericTile{\"header\":\"Manage States & Performance\"}"}]}
RESULT: undefined
COMMAND: POST /session/caae61ba24b25c9dd6a47da396113dfa/element - {"using":"xpath","value":"//*[@id=\"__tile56\"]"}
RESULT: {"using":"xpath","value":"//*[@id=\"__tile56\"]"}
COMMAND: POST /session/caae61ba24b25c9dd6a47da396113dfa/element/f.FE353D0C043CD81D05AD4E9F01DF5B86.d.CEEDA8AFF72FFC495E664C3E0BE9FDB7.e.2022/click - {}
RESULT: {}
COMMAND: GET /session/caae61ba24b25c9dd6a47da396113dfa/screenshot - {}
RESULT: {}
RESULT: undefined
COMMAND: POST /session/caae61ba24b25c9dd6a47da396113dfa/element - {"using":"xpath","value":"//*[@id=\"__tile56\"]"}
RESULT: {"using":"xpath","value":"//*[@id=\"__tile56\"]"}
COMMAND: POST /session/caae61ba24b25c9dd6a47da396113dfa/element/f.FE353D0C043CD81D05AD4E9F01DF5B86.d.CEEDA8AFF72FFC495E664C3E0BE9FDB7.e.2022/click - {}
RESULT: undefined
COMMAND: POST /session/caae61ba24b25c9dd6a47da396113dfa/element - {"using":"xpath","value":"//*[@id=\"__tile56\"]"}
RESULT: {"using":"xpath","value":"//*[@id=\"__tile56\"]"}
COMMAND: POST /session/caae61ba24b25c9dd6a47da396113dfa/element/f.FE353D0C043CD81D05AD4E9F01DF5B86.d.CEEDA8AFF72FFC495E664C3E0BE9FDB7.e.2022/click - {}
RESULT: undefined
COMMAND: POST /session/caae61ba24b25c9dd6a47da396113dfa/execute/async - {"script":"<script> [6424 bytes]","args":[{"element-6066-11e4-a52e-4f735466cecf":"f.FE353D0C043CD81D05AD4E9F01DF5B86.d.CEEDA8AFF72FFC495E664C3E0BE9FDB7.e.284"},"getTitle",[]]}
COMMAND: POST /session/caae61ba24b25c9dd6a47da396113dfa/execute/async - {"script":"<script> [1562 bytes]","args":[{"selector":{"id":"shellAppTitle"},"wdio_ui5_key":"shellAppTitle"}]}
RESULT: {"script":"<script> [1562 bytes]","args":[{"selector":{"id":"shellAppTitle"},"wdio_ui5_key":"shellAppTitle"}]}
COMMAND: POST /session/caae61ba24b25c9dd6a47da396113dfa/execute/async - {"script":"<script> [6424 bytes]","args":[{"element-6066-11e4-a52e-4f735466cecf":"f.FE353D0C043CD81D05AD4E9F01DF5B86.d.CEEDA8AFF72FFC495E664C3E0BE9FDB7.e.2114"},"getTitle",[]]}
RESULT: {"script":"<script> [6424 bytes]","args":[{"element-6066-11e4-a52e-4f735466cecf":"f.FE353D0C043CD81D05AD4E9F01DF5B86.d.CEEDA8AFF72FFC495E664C3E0BE9FDB7.e.2114"},"getTitle",[]]}
RESULT: undefined
COMMAND: POST /session/caae61ba24b25c9dd6a47da396113dfa/element/f.FE353D0C043CD81D05AD4E9F01DF5B86.d.CEEDA8AFF72FFC495E664C3E0BE9FDB7.e.1936/click - {}
COMMAND: POST /session/caae61ba24b25c9dd6a47da396113dfa/element - {"using":"xpath","value":"//*[@id=\"backBtn\"]"}
RESULT: {"using":"xpath","value":"//*[@id=\"backBtn\"]"}
COMMAND: POST /session/caae61ba24b25c9dd6a47da396113dfa/element/f.FE353D0C043CD81D05AD4E9F01DF5B86.d.CEEDA8AFF72FFC495E664C3E0BE9FDB7.e.1936/click - {}
COMMAND: POST /session/caae61ba24b25c9dd6a47da396113dfa/element - {"using":"xpath","value":"//*[@id=\"backBtn\"]"}
RESULT: {"using":"xpath","value":"//*[@id=\"backBtn\"]"}
COMMAND: POST /session/caae61ba24b25c9dd6a47da396113dfa/element/f.FE353D0C043CD81D05AD4E9F01DF5B86.d.CEEDA8AFF72FFC495E664C3E0BE9FDB7.e.2115/click - {}
RESULT: {}
COMMAND: GET /session/caae61ba24b25c9dd6a47da396113dfa/screenshot - {}
RESULT: {}
]]></system-out>
    </testcase>
    <testcase classname="chrome.135_0_7049_115.windows.Sanity_Tests_US104253" name="Should open Manage Billings page" time="37.26">
      <system-out><![CDATA[
COMMAND: POST /session/caae61ba24b25c9dd6a47da396113dfa/execute/async - {"script":"<script> [1562 bytes]","args":[{"selector":{"controlType":"sap.m.GenericTile","properties":{"header":"Manage Billings"}},"wdio_ui5_key":"sapm.GenericTile{\"header\":\"Manage Billings\"}"}]}
RESULT: {"script":"<script> [1562 bytes]","args":[{"selector":{"controlType":"sap.m.GenericTile","properties":{"header":"Manage Billings"}},"wdio_ui5_key":"sapm.GenericTile{\"header\":\"Manage Billings\"}"}]}
RESULT: undefined
COMMAND: POST /session/caae61ba24b25c9dd6a47da396113dfa/element - {"using":"xpath","value":"//*[@id=\"__tile51\"]"}
RESULT: {"using":"xpath","value":"//*[@id=\"__tile51\"]"}
COMMAND: POST /session/caae61ba24b25c9dd6a47da396113dfa/element/f.FE353D0C043CD81D05AD4E9F01DF5B86.d.CEEDA8AFF72FFC495E664C3E0BE9FDB7.e.2117/click - {}
RESULT: {}
COMMAND: GET /session/caae61ba24b25c9dd6a47da396113dfa/screenshot - {}
RESULT: {}
RESULT: undefined
COMMAND: POST /session/caae61ba24b25c9dd6a47da396113dfa/element - {"using":"xpath","value":"//*[@id=\"__tile51\"]"}
RESULT: {"using":"xpath","value":"//*[@id=\"__tile51\"]"}
COMMAND: POST /session/caae61ba24b25c9dd6a47da396113dfa/element/f.FE353D0C043CD81D05AD4E9F01DF5B86.d.CEEDA8AFF72FFC495E664C3E0BE9FDB7.e.2117/click - {}
RESULT: undefined
COMMAND: POST /session/caae61ba24b25c9dd6a47da396113dfa/element - {"using":"xpath","value":"//*[@id=\"__tile51\"]"}
RESULT: {"using":"xpath","value":"//*[@id=\"__tile51\"]"}
COMMAND: POST /session/caae61ba24b25c9dd6a47da396113dfa/element/f.FE353D0C043CD81D05AD4E9F01DF5B86.d.CEEDA8AFF72FFC495E664C3E0BE9FDB7.e.2117/click - {}
RESULT: undefined
COMMAND: POST /session/caae61ba24b25c9dd6a47da396113dfa/execute/async - {"script":"<script> [6424 bytes]","args":[{"element-6066-11e4-a52e-4f735466cecf":"f.FE353D0C043CD81D05AD4E9F01DF5B86.d.CEEDA8AFF72FFC495E664C3E0BE9FDB7.e.284"},"getTitle",[]]}
COMMAND: POST /session/caae61ba24b25c9dd6a47da396113dfa/execute/async - {"script":"<script> [1562 bytes]","args":[{"selector":{"id":"shellAppTitle"},"wdio_ui5_key":"shellAppTitle"}]}
RESULT: {"script":"<script> [1562 bytes]","args":[{"selector":{"id":"shellAppTitle"},"wdio_ui5_key":"shellAppTitle"}]}
COMMAND: POST /session/caae61ba24b25c9dd6a47da396113dfa/execute/async - {"script":"<script> [6424 bytes]","args":[{"element-6066-11e4-a52e-4f735466cecf":"f.FE353D0C043CD81D05AD4E9F01DF5B86.d.CEEDA8AFF72FFC495E664C3E0BE9FDB7.e.2352"},"getTitle",[]]}
RESULT: {"script":"<script> [6424 bytes]","args":[{"element-6066-11e4-a52e-4f735466cecf":"f.FE353D0C043CD81D05AD4E9F01DF5B86.d.CEEDA8AFF72FFC495E664C3E0BE9FDB7.e.2352"},"getTitle",[]]}
RESULT: undefined
COMMAND: POST /session/caae61ba24b25c9dd6a47da396113dfa/element/f.FE353D0C043CD81D05AD4E9F01DF5B86.d.CEEDA8AFF72FFC495E664C3E0BE9FDB7.e.2115/click - {}
COMMAND: POST /session/caae61ba24b25c9dd6a47da396113dfa/element/f.FE353D0C043CD81D05AD4E9F01DF5B86.d.CEEDA8AFF72FFC495E664C3E0BE9FDB7.e.2115/click - {}
RESULT: {}
COMMAND: GET /session/caae61ba24b25c9dd6a47da396113dfa/screenshot - {}
COMMAND: POST /session/caae61ba24b25c9dd6a47da396113dfa/element - {"using":"xpath","value":"//*[@id=\"backBtn\"]"}
RESULT: {}
RESULT: {"using":"xpath","value":"//*[@id=\"backBtn\"]"}
COMMAND: POST /session/caae61ba24b25c9dd6a47da396113dfa/elements - {"using":"xpath","value":"//*[@id=\"backBtn\"]"}
RESULT: {"using":"xpath","value":"//*[@id=\"backBtn\"]"}
COMMAND: POST /session/caae61ba24b25c9dd6a47da396113dfa/elements - {"using":"xpath","value":"//*[@id=\"backBtn\"]"}
RESULT: {"using":"xpath","value":"//*[@id=\"backBtn\"]"}
COMMAND: POST /session/caae61ba24b25c9dd6a47da396113dfa/elements - {"using":"xpath","value":"//*[@id=\"backBtn\"]"}
RESULT: {"using":"xpath","value":"//*[@id=\"backBtn\"]"}
COMMAND: POST /session/caae61ba24b25c9dd6a47da396113dfa/elements - {"using":"xpath","value":"//*[@id=\"backBtn\"]"}
RESULT: {"using":"xpath","value":"//*[@id=\"backBtn\"]"}
COMMAND: POST /session/caae61ba24b25c9dd6a47da396113dfa/elements - {"using":"xpath","value":"//*[@id=\"backBtn\"]"}
RESULT: {"using":"xpath","value":"//*[@id=\"backBtn\"]"}
COMMAND: POST /session/caae61ba24b25c9dd6a47da396113dfa/elements - {"using":"xpath","value":"//*[@id=\"backBtn\"]"}
RESULT: {"using":"xpath","value":"//*[@id=\"backBtn\"]"}
COMMAND: POST /session/caae61ba24b25c9dd6a47da396113dfa/elements - {"using":"xpath","value":"//*[@id=\"backBtn\"]"}
RESULT: {"using":"xpath","value":"//*[@id=\"backBtn\"]"}
COMMAND: POST /session/caae61ba24b25c9dd6a47da396113dfa/elements - {"using":"xpath","value":"//*[@id=\"backBtn\"]"}
RESULT: {"using":"xpath","value":"//*[@id=\"backBtn\"]"}
COMMAND: POST /session/caae61ba24b25c9dd6a47da396113dfa/elements - {"using":"xpath","value":"//*[@id=\"backBtn\"]"}
RESULT: {"using":"xpath","value":"//*[@id=\"backBtn\"]"}
COMMAND: POST /session/caae61ba24b25c9dd6a47da396113dfa/elements - {"using":"xpath","value":"//*[@id=\"backBtn\"]"}
RESULT: {"using":"xpath","value":"//*[@id=\"backBtn\"]"}
COMMAND: POST /session/caae61ba24b25c9dd6a47da396113dfa/elements - {"using":"xpath","value":"//*[@id=\"backBtn\"]"}
RESULT: {"using":"xpath","value":"//*[@id=\"backBtn\"]"}
COMMAND: POST /session/caae61ba24b25c9dd6a47da396113dfa/elements - {"using":"xpath","value":"//*[@id=\"backBtn\"]"}
RESULT: {"using":"xpath","value":"//*[@id=\"backBtn\"]"}
COMMAND: POST /session/caae61ba24b25c9dd6a47da396113dfa/elements - {"using":"xpath","value":"//*[@id=\"backBtn\"]"}
RESULT: {"using":"xpath","value":"//*[@id=\"backBtn\"]"}
COMMAND: POST /session/caae61ba24b25c9dd6a47da396113dfa/elements - {"using":"xpath","value":"//*[@id=\"backBtn\"]"}
RESULT: {"using":"xpath","value":"//*[@id=\"backBtn\"]"}
COMMAND: POST /session/caae61ba24b25c9dd6a47da396113dfa/elements - {"using":"xpath","value":"//*[@id=\"backBtn\"]"}
RESULT: {"using":"xpath","value":"//*[@id=\"backBtn\"]"}
COMMAND: POST /session/caae61ba24b25c9dd6a47da396113dfa/elements - {"using":"xpath","value":"//*[@id=\"backBtn\"]"}
RESULT: {"using":"xpath","value":"//*[@id=\"backBtn\"]"}
COMMAND: POST /session/caae61ba24b25c9dd6a47da396113dfa/elements - {"using":"xpath","value":"//*[@id=\"backBtn\"]"}
RESULT: {"using":"xpath","value":"//*[@id=\"backBtn\"]"}
]]></system-out>
    </testcase>
    <testcase classname="chrome.135_0_7049_115.windows.Sanity_Tests_US104253" name="Should open Manage Conditions Prices page" time="43.107">
      <system-out><![CDATA[
COMMAND: POST /session/caae61ba24b25c9dd6a47da396113dfa/execute/async - {"script":"<script> [1562 bytes]","args":[{"selector":{"controlType":"sap.m.GenericTile","properties":{"header":"Manage Conditions & Prices"}},"wdio_ui5_key":"sapm.GenericTile{\"header\":\"Manage Conditions & Prices\"}"}]}
COMMAND: POST /session/caae61ba24b25c9dd6a47da396113dfa/elements - {"using":"xpath","value":"//*[@id=\"backBtn\"]"}
RESULT: {"script":"<script> [1562 bytes]","args":[{"selector":{"controlType":"sap.m.GenericTile","properties":{"header":"Manage Conditions & Prices"}},"wdio_ui5_key":"sapm.GenericTile{\"header\":\"Manage Conditions & Prices\"}"}]}
RESULT: undefined
COMMAND: POST /session/caae61ba24b25c9dd6a47da396113dfa/element - {"using":"xpath","value":"//*[@id=\"__tile53\"]"}
RESULT: {"using":"xpath","value":"//*[@id=\"backBtn\"]"}
COMMAND: POST /session/caae61ba24b25c9dd6a47da396113dfa/elements - {"using":"xpath","value":"//*[@id=\"backBtn\"]"}
RESULT: {"using":"xpath","value":"//*[@id=\"__tile53\"]"}
COMMAND: POST /session/caae61ba24b25c9dd6a47da396113dfa/element/f.FE353D0C043CD81D05AD4E9F01DF5B86.d.CEEDA8AFF72FFC495E664C3E0BE9FDB7.e.2354/click - {}
RESULT: {"using":"xpath","value":"//*[@id=\"backBtn\"]"}
RESULT: {}
COMMAND: GET /session/caae61ba24b25c9dd6a47da396113dfa/screenshot - {}
COMMAND: POST /session/caae61ba24b25c9dd6a47da396113dfa/elements - {"using":"xpath","value":"//*[@id=\"backBtn\"]"}
RESULT: {}
RESULT: {"using":"xpath","value":"//*[@id=\"backBtn\"]"}
COMMAND: POST /session/caae61ba24b25c9dd6a47da396113dfa/elements - {"using":"xpath","value":"//*[@id=\"backBtn\"]"}
RESULT: {"using":"xpath","value":"//*[@id=\"backBtn\"]"}
COMMAND: POST /session/caae61ba24b25c9dd6a47da396113dfa/elements - {"using":"xpath","value":"//*[@id=\"backBtn\"]"}
RESULT: {"using":"xpath","value":"//*[@id=\"backBtn\"]"}
COMMAND: POST /session/caae61ba24b25c9dd6a47da396113dfa/elements - {"using":"xpath","value":"//*[@id=\"backBtn\"]"}
RESULT: {"using":"xpath","value":"//*[@id=\"backBtn\"]"}
COMMAND: POST /session/caae61ba24b25c9dd6a47da396113dfa/elements - {"using":"xpath","value":"//*[@id=\"backBtn\"]"}
RESULT: {"using":"xpath","value":"//*[@id=\"backBtn\"]"}
COMMAND: POST /session/caae61ba24b25c9dd6a47da396113dfa/elements - {"using":"xpath","value":"//*[@id=\"backBtn\"]"}
RESULT: undefined
COMMAND: POST /session/caae61ba24b25c9dd6a47da396113dfa/element - {"using":"xpath","value":"//*[@id=\"__tile53\"]"}
RESULT: {"using":"xpath","value":"//*[@id=\"backBtn\"]"}
COMMAND: POST /session/caae61ba24b25c9dd6a47da396113dfa/element - {"using":"xpath","value":"//*[@id=\"backBtn\"]"}
RESULT: {"using":"xpath","value":"//*[@id=\"__tile53\"]"}
COMMAND: POST /session/caae61ba24b25c9dd6a47da396113dfa/element/f.FE353D0C043CD81D05AD4E9F01DF5B86.d.CEEDA8AFF72FFC495E664C3E0BE9FDB7.e.2354/click - {}
RESULT: {"using":"xpath","value":"//*[@id=\"backBtn\"]"}
COMMAND: POST /session/caae61ba24b25c9dd6a47da396113dfa/element/f.FE353D0C043CD81D05AD4E9F01DF5B86.d.CEEDA8AFF72FFC495E664C3E0BE9FDB7.e.2115/click - {}
COMMAND: POST /session/caae61ba24b25c9dd6a47da396113dfa/element - {"using":"xpath","value":"//*[@id=\"backBtn\"]"}
RESULT: {"using":"xpath","value":"//*[@id=\"backBtn\"]"}
COMMAND: POST /session/caae61ba24b25c9dd6a47da396113dfa/element/f.FE353D0C043CD81D05AD4E9F01DF5B86.d.CEEDA8AFF72FFC495E664C3E0BE9FDB7.e.2358/click - {}
RESULT: {}
COMMAND: GET /session/caae61ba24b25c9dd6a47da396113dfa/screenshot - {}
RESULT: {}
RESULT: undefined
COMMAND: POST /session/caae61ba24b25c9dd6a47da396113dfa/element - {"using":"xpath","value":"//*[@id=\"__tile53\"]"}
COMMAND: GET /session/caae61ba24b25c9dd6a47da396113dfa/screenshot - {}
RESULT: {}
RESULT: {"using":"xpath","value":"//*[@id=\"__tile53\"]"}
COMMAND: POST /session/caae61ba24b25c9dd6a47da396113dfa/element/f.FE353D0C043CD81D05AD4E9F01DF5B86.d.CEEDA8AFF72FFC495E664C3E0BE9FDB7.e.2354/click - {}
RESULT: {}
RESULT: undefined
COMMAND: POST /session/caae61ba24b25c9dd6a47da396113dfa/execute/async - {"script":"<script> [6424 bytes]","args":[{"element-6066-11e4-a52e-4f735466cecf":"f.FE353D0C043CD81D05AD4E9F01DF5B86.d.CEEDA8AFF72FFC495E664C3E0BE9FDB7.e.284"},"getTitle",[]]}
COMMAND: POST /session/caae61ba24b25c9dd6a47da396113dfa/execute/async - {"script":"<script> [1562 bytes]","args":[{"selector":{"id":"shellAppTitle"},"wdio_ui5_key":"shellAppTitle"}]}
RESULT: {"script":"<script> [1562 bytes]","args":[{"selector":{"id":"shellAppTitle"},"wdio_ui5_key":"shellAppTitle"}]}
COMMAND: POST /session/caae61ba24b25c9dd6a47da396113dfa/execute/async - {"script":"<script> [6424 bytes]","args":[{"element-6066-11e4-a52e-4f735466cecf":"f.FE353D0C043CD81D05AD4E9F01DF5B86.d.CEEDA8AFF72FFC495E664C3E0BE9FDB7.e.2542"},"getTitle",[]]}
RESULT: {"script":"<script> [6424 bytes]","args":[{"element-6066-11e4-a52e-4f735466cecf":"f.FE353D0C043CD81D05AD4E9F01DF5B86.d.CEEDA8AFF72FFC495E664C3E0BE9FDB7.e.2542"},"getTitle",[]]}
RESULT: undefined
COMMAND: POST /session/caae61ba24b25c9dd6a47da396113dfa/element/f.FE353D0C043CD81D05AD4E9F01DF5B86.d.CEEDA8AFF72FFC495E664C3E0BE9FDB7.e.2358/click - {}
RESULT: {}
COMMAND: GET /session/caae61ba24b25c9dd6a47da396113dfa/screenshot - {}
RESULT: {}
]]></system-out>
    </testcase>
    <testcase classname="chrome.135_0_7049_115.windows.Sanity_Tests_US104253" name="Should open Billing Transfer page" time="34.751">
      <system-out><![CDATA[
COMMAND: POST /session/caae61ba24b25c9dd6a47da396113dfa/execute/async - {"script":"<script> [1562 bytes]","args":[{"selector":{"controlType":"sap.m.GenericTile","properties":{"header":"Billing Transfer"}},"wdio_ui5_key":"sapm.GenericTile{\"header\":\"Billing Transfer\"}"}]}
RESULT: {"script":"<script> [1562 bytes]","args":[{"selector":{"controlType":"sap.m.GenericTile","properties":{"header":"Billing Transfer"}},"wdio_ui5_key":"sapm.GenericTile{\"header\":\"Billing Transfer\"}"}]}
RESULT: undefined
COMMAND: POST /session/caae61ba24b25c9dd6a47da396113dfa/element - {"using":"xpath","value":"//*[@id=\"__tile50\"]"}
RESULT: {"using":"xpath","value":"//*[@id=\"__tile50\"]"}
COMMAND: POST /session/caae61ba24b25c9dd6a47da396113dfa/element/f.FE353D0C043CD81D05AD4E9F01DF5B86.d.CEEDA8AFF72FFC495E664C3E0BE9FDB7.e.2544/click - {}
RESULT: {}
COMMAND: GET /session/caae61ba24b25c9dd6a47da396113dfa/screenshot - {}
RESULT: {}
RESULT: undefined
COMMAND: POST /session/caae61ba24b25c9dd6a47da396113dfa/element - {"using":"xpath","value":"//*[@id=\"__tile50\"]"}
RESULT: {"using":"xpath","value":"//*[@id=\"__tile50\"]"}
COMMAND: POST /session/caae61ba24b25c9dd6a47da396113dfa/element/f.FE353D0C043CD81D05AD4E9F01DF5B86.d.CEEDA8AFF72FFC495E664C3E0BE9FDB7.e.2544/click - {}
RESULT: undefined
COMMAND: POST /session/caae61ba24b25c9dd6a47da396113dfa/element - {"using":"xpath","value":"//*[@id=\"__tile50\"]"}
RESULT: {"using":"xpath","value":"//*[@id=\"__tile50\"]"}
COMMAND: POST /session/caae61ba24b25c9dd6a47da396113dfa/element/f.FE353D0C043CD81D05AD4E9F01DF5B86.d.CEEDA8AFF72FFC495E664C3E0BE9FDB7.e.2544/click - {}
RESULT: undefined
COMMAND: POST /session/caae61ba24b25c9dd6a47da396113dfa/execute/async - {"script":"<script> [6424 bytes]","args":[{"element-6066-11e4-a52e-4f735466cecf":"f.FE353D0C043CD81D05AD4E9F01DF5B86.d.CEEDA8AFF72FFC495E664C3E0BE9FDB7.e.284"},"getTitle",[]]}
COMMAND: POST /session/caae61ba24b25c9dd6a47da396113dfa/execute/async - {"script":"<script> [1562 bytes]","args":[{"selector":{"id":"shellAppTitle"},"wdio_ui5_key":"shellAppTitle"}]}
RESULT: {"script":"<script> [1562 bytes]","args":[{"selector":{"id":"shellAppTitle"},"wdio_ui5_key":"shellAppTitle"}]}
COMMAND: POST /session/caae61ba24b25c9dd6a47da396113dfa/execute/async - {"script":"<script> [6424 bytes]","args":[{"element-6066-11e4-a52e-4f735466cecf":"f.FE353D0C043CD81D05AD4E9F01DF5B86.d.CEEDA8AFF72FFC495E664C3E0BE9FDB7.e.2697"},"getTitle",[]]}
RESULT: {"script":"<script> [6424 bytes]","args":[{"element-6066-11e4-a52e-4f735466cecf":"f.FE353D0C043CD81D05AD4E9F01DF5B86.d.CEEDA8AFF72FFC495E664C3E0BE9FDB7.e.2697"},"getTitle",[]]}
RESULT: undefined
COMMAND: POST /session/caae61ba24b25c9dd6a47da396113dfa/element/f.FE353D0C043CD81D05AD4E9F01DF5B86.d.CEEDA8AFF72FFC495E664C3E0BE9FDB7.e.2358/click - {}
COMMAND: POST /session/caae61ba24b25c9dd6a47da396113dfa/element - {"using":"xpath","value":"//*[@id=\"backBtn\"]"}
RESULT: {"using":"xpath","value":"//*[@id=\"backBtn\"]"}
COMMAND: POST /session/caae61ba24b25c9dd6a47da396113dfa/element/f.FE353D0C043CD81D05AD4E9F01DF5B86.d.CEEDA8AFF72FFC495E664C3E0BE9FDB7.e.2358/click - {}
COMMAND: POST /session/caae61ba24b25c9dd6a47da396113dfa/element - {"using":"xpath","value":"//*[@id=\"backBtn\"]"}
RESULT: {"using":"xpath","value":"//*[@id=\"backBtn\"]"}
COMMAND: POST /session/caae61ba24b25c9dd6a47da396113dfa/element/f.FE353D0C043CD81D05AD4E9F01DF5B86.d.CEEDA8AFF72FFC495E664C3E0BE9FDB7.e.2698/click - {}
RESULT: {}
COMMAND: GET /session/caae61ba24b25c9dd6a47da396113dfa/screenshot - {}
RESULT: {}
]]></system-out>
    </testcase>
    <testcase classname="chrome.135_0_7049_115.windows.Sanity_Tests_US104253" name="Should open Manage Pricing Rules page" time="32.778">
      <system-out><![CDATA[
COMMAND: POST /session/caae61ba24b25c9dd6a47da396113dfa/execute/async - {"script":"<script> [1562 bytes]","args":[{"selector":{"controlType":"sap.m.GenericTile","properties":{"header":"Manage Pricing Rules"}},"wdio_ui5_key":"sapm.GenericTile{\"header\":\"Manage Pricing Rules\"}"}]}
RESULT: {"script":"<script> [1562 bytes]","args":[{"selector":{"controlType":"sap.m.GenericTile","properties":{"header":"Manage Pricing Rules"}},"wdio_ui5_key":"sapm.GenericTile{\"header\":\"Manage Pricing Rules\"}"}]}
RESULT: undefined
COMMAND: POST /session/caae61ba24b25c9dd6a47da396113dfa/element - {"using":"xpath","value":"//*[@id=\"__tile55\"]"}
RESULT: {"using":"xpath","value":"//*[@id=\"__tile55\"]"}
COMMAND: POST /session/caae61ba24b25c9dd6a47da396113dfa/element/f.FE353D0C043CD81D05AD4E9F01DF5B86.d.CEEDA8AFF72FFC495E664C3E0BE9FDB7.e.2700/click - {}
RESULT: {}
COMMAND: GET /session/caae61ba24b25c9dd6a47da396113dfa/screenshot - {}
RESULT: {}
RESULT: undefined
COMMAND: POST /session/caae61ba24b25c9dd6a47da396113dfa/element - {"using":"xpath","value":"//*[@id=\"__tile55\"]"}
RESULT: {"using":"xpath","value":"//*[@id=\"__tile55\"]"}
COMMAND: POST /session/caae61ba24b25c9dd6a47da396113dfa/element/f.FE353D0C043CD81D05AD4E9F01DF5B86.d.CEEDA8AFF72FFC495E664C3E0BE9FDB7.e.2700/click - {}
RESULT: undefined
COMMAND: POST /session/caae61ba24b25c9dd6a47da396113dfa/element - {"using":"xpath","value":"//*[@id=\"__tile55\"]"}
RESULT: {"using":"xpath","value":"//*[@id=\"__tile55\"]"}
COMMAND: POST /session/caae61ba24b25c9dd6a47da396113dfa/element/f.FE353D0C043CD81D05AD4E9F01DF5B86.d.CEEDA8AFF72FFC495E664C3E0BE9FDB7.e.2700/click - {}
RESULT: undefined
COMMAND: POST /session/caae61ba24b25c9dd6a47da396113dfa/execute/async - {"script":"<script> [6424 bytes]","args":[{"element-6066-11e4-a52e-4f735466cecf":"f.FE353D0C043CD81D05AD4E9F01DF5B86.d.CEEDA8AFF72FFC495E664C3E0BE9FDB7.e.284"},"getTitle",[]]}
COMMAND: POST /session/caae61ba24b25c9dd6a47da396113dfa/execute/async - {"script":"<script> [1562 bytes]","args":[{"selector":{"id":"shellAppTitle"},"wdio_ui5_key":"shellAppTitle"}]}
RESULT: {"script":"<script> [1562 bytes]","args":[{"selector":{"id":"shellAppTitle"},"wdio_ui5_key":"shellAppTitle"}]}
COMMAND: POST /session/caae61ba24b25c9dd6a47da396113dfa/execute/async - {"script":"<script> [6424 bytes]","args":[{"element-6066-11e4-a52e-4f735466cecf":"f.FE353D0C043CD81D05AD4E9F01DF5B86.d.CEEDA8AFF72FFC495E664C3E0BE9FDB7.e.2782"},"getTitle",[]]}
RESULT: {"script":"<script> [6424 bytes]","args":[{"element-6066-11e4-a52e-4f735466cecf":"f.FE353D0C043CD81D05AD4E9F01DF5B86.d.CEEDA8AFF72FFC495E664C3E0BE9FDB7.e.2782"},"getTitle",[]]}
RESULT: undefined
COMMAND: POST /session/caae61ba24b25c9dd6a47da396113dfa/element/f.FE353D0C043CD81D05AD4E9F01DF5B86.d.CEEDA8AFF72FFC495E664C3E0BE9FDB7.e.2698/click - {}
RESULT: {}
COMMAND: GET /session/caae61ba24b25c9dd6a47da396113dfa/screenshot - {}
RESULT: {}
]]></system-out>
    </testcase>
    <testcase classname="chrome.135_0_7049_115.windows.Sanity_Tests_US104253" name="Should open Manage Price Determination Matrices page" time="34.299">
      <system-out><![CDATA[
COMMAND: POST /session/caae61ba24b25c9dd6a47da396113dfa/execute/async - {"script":"<script> [1562 bytes]","args":[{"selector":{"controlType":"sap.m.GenericTile","properties":{"header":"Manage Price Determination Matrices"}},"wdio_ui5_key":"sapm.GenericTile{\"header\":\"Manage Price Determination Matrices\"}"}]}
RESULT: {"script":"<script> [1562 bytes]","args":[{"selector":{"controlType":"sap.m.GenericTile","properties":{"header":"Manage Price Determination Matrices"}},"wdio_ui5_key":"sapm.GenericTile{\"header\":\"Manage Price Determination Matrices\"}"}]}
RESULT: undefined
COMMAND: POST /session/caae61ba24b25c9dd6a47da396113dfa/element - {"using":"xpath","value":"//*[@id=\"__tile54\"]"}
RESULT: {"using":"xpath","value":"//*[@id=\"__tile54\"]"}
COMMAND: POST /session/caae61ba24b25c9dd6a47da396113dfa/element/f.FE353D0C043CD81D05AD4E9F01DF5B86.d.CEEDA8AFF72FFC495E664C3E0BE9FDB7.e.2784/click - {}
RESULT: {}
COMMAND: GET /session/caae61ba24b25c9dd6a47da396113dfa/screenshot - {}
RESULT: {}
RESULT: undefined
COMMAND: POST /session/caae61ba24b25c9dd6a47da396113dfa/element - {"using":"xpath","value":"//*[@id=\"__tile54\"]"}
RESULT: {"using":"xpath","value":"//*[@id=\"__tile54\"]"}
COMMAND: POST /session/caae61ba24b25c9dd6a47da396113dfa/element/f.FE353D0C043CD81D05AD4E9F01DF5B86.d.CEEDA8AFF72FFC495E664C3E0BE9FDB7.e.2784/click - {}
RESULT: undefined
COMMAND: POST /session/caae61ba24b25c9dd6a47da396113dfa/element - {"using":"xpath","value":"//*[@id=\"__tile54\"]"}
RESULT: {"using":"xpath","value":"//*[@id=\"__tile54\"]"}
COMMAND: POST /session/caae61ba24b25c9dd6a47da396113dfa/element/f.FE353D0C043CD81D05AD4E9F01DF5B86.d.CEEDA8AFF72FFC495E664C3E0BE9FDB7.e.2784/click - {}
RESULT: undefined
COMMAND: POST /session/caae61ba24b25c9dd6a47da396113dfa/execute/async - {"script":"<script> [6424 bytes]","args":[{"element-6066-11e4-a52e-4f735466cecf":"f.FE353D0C043CD81D05AD4E9F01DF5B86.d.CEEDA8AFF72FFC495E664C3E0BE9FDB7.e.284"},"getTitle",[]]}
COMMAND: POST /session/caae61ba24b25c9dd6a47da396113dfa/execute/async - {"script":"<script> [1562 bytes]","args":[{"selector":{"id":"shellAppTitle"},"wdio_ui5_key":"shellAppTitle"}]}
RESULT: {"script":"<script> [1562 bytes]","args":[{"selector":{"id":"shellAppTitle"},"wdio_ui5_key":"shellAppTitle"}]}
COMMAND: POST /session/caae61ba24b25c9dd6a47da396113dfa/execute/async - {"script":"<script> [6424 bytes]","args":[{"element-6066-11e4-a52e-4f735466cecf":"f.FE353D0C043CD81D05AD4E9F01DF5B86.d.CEEDA8AFF72FFC495E664C3E0BE9FDB7.e.2872"},"getTitle",[]]}
RESULT: {"script":"<script> [6424 bytes]","args":[{"element-6066-11e4-a52e-4f735466cecf":"f.FE353D0C043CD81D05AD4E9F01DF5B86.d.CEEDA8AFF72FFC495E664C3E0BE9FDB7.e.2872"},"getTitle",[]]}
RESULT: undefined
COMMAND: POST /session/caae61ba24b25c9dd6a47da396113dfa/element/f.FE353D0C043CD81D05AD4E9F01DF5B86.d.CEEDA8AFF72FFC495E664C3E0BE9FDB7.e.2698/click - {}
COMMAND: POST /session/caae61ba24b25c9dd6a47da396113dfa/element - {"using":"xpath","value":"//*[@id=\"backBtn\"]"}
RESULT: {"using":"xpath","value":"//*[@id=\"backBtn\"]"}
COMMAND: POST /session/caae61ba24b25c9dd6a47da396113dfa/element/f.FE353D0C043CD81D05AD4E9F01DF5B86.d.CEEDA8AFF72FFC495E664C3E0BE9FDB7.e.2698/click - {}
COMMAND: POST /session/caae61ba24b25c9dd6a47da396113dfa/element - {"using":"xpath","value":"//*[@id=\"backBtn\"]"}
RESULT: {"using":"xpath","value":"//*[@id=\"backBtn\"]"}
COMMAND: POST /session/caae61ba24b25c9dd6a47da396113dfa/element/f.FE353D0C043CD81D05AD4E9F01DF5B86.d.CEEDA8AFF72FFC495E664C3E0BE9FDB7.e.2873/click - {}
RESULT: {}
COMMAND: GET /session/caae61ba24b25c9dd6a47da396113dfa/screenshot - {}
RESULT: {}
]]></system-out>
    </testcase>
    <testcase classname="chrome.135_0_7049_115.windows.Sanity_Tests_US104253" name="Should open Yard Overview page" time="34.246">
      <system-out><![CDATA[
COMMAND: POST /session/caae61ba24b25c9dd6a47da396113dfa/execute/async - {"script":"<script> [1562 bytes]","args":[{"selector":{"controlType":"sap.m.GenericTile","properties":{"header":"Yard Overview"}},"wdio_ui5_key":"sapm.GenericTile{\"header\":\"Yard Overview\"}"}]}
RESULT: {"script":"<script> [1562 bytes]","args":[{"selector":{"controlType":"sap.m.GenericTile","properties":{"header":"Yard Overview"}},"wdio_ui5_key":"sapm.GenericTile{\"header\":\"Yard Overview\"}"}]}
RESULT: undefined
COMMAND: POST /session/caae61ba24b25c9dd6a47da396113dfa/element - {"using":"xpath","value":"//*[@id=\"__tile102\"]"}
RESULT: {"using":"xpath","value":"//*[@id=\"__tile102\"]"}
COMMAND: POST /session/caae61ba24b25c9dd6a47da396113dfa/element/f.FE353D0C043CD81D05AD4E9F01DF5B86.d.CEEDA8AFF72FFC495E664C3E0BE9FDB7.e.2875/click - {}
RESULT: {}
COMMAND: GET /session/caae61ba24b25c9dd6a47da396113dfa/screenshot - {}
RESULT: {}
RESULT: undefined
COMMAND: POST /session/caae61ba24b25c9dd6a47da396113dfa/element - {"using":"xpath","value":"//*[@id=\"__tile102\"]"}
RESULT: {"using":"xpath","value":"//*[@id=\"__tile102\"]"}
COMMAND: POST /session/caae61ba24b25c9dd6a47da396113dfa/element/f.FE353D0C043CD81D05AD4E9F01DF5B86.d.CEEDA8AFF72FFC495E664C3E0BE9FDB7.e.2875/click - {}
RESULT: undefined
COMMAND: POST /session/caae61ba24b25c9dd6a47da396113dfa/element - {"using":"xpath","value":"//*[@id=\"__tile102\"]"}
RESULT: {"using":"xpath","value":"//*[@id=\"__tile102\"]"}
COMMAND: POST /session/caae61ba24b25c9dd6a47da396113dfa/element/f.FE353D0C043CD81D05AD4E9F01DF5B86.d.CEEDA8AFF72FFC495E664C3E0BE9FDB7.e.2875/click - {}
RESULT: undefined
COMMAND: POST /session/caae61ba24b25c9dd6a47da396113dfa/execute/async - {"script":"<script> [6424 bytes]","args":[{"element-6066-11e4-a52e-4f735466cecf":"f.FE353D0C043CD81D05AD4E9F01DF5B86.d.CEEDA8AFF72FFC495E664C3E0BE9FDB7.e.284"},"getTitle",[]]}
COMMAND: POST /session/caae61ba24b25c9dd6a47da396113dfa/execute/async - {"script":"<script> [1562 bytes]","args":[{"selector":{"id":"shellAppTitle"},"wdio_ui5_key":"shellAppTitle"}]}
RESULT: {"script":"<script> [1562 bytes]","args":[{"selector":{"id":"shellAppTitle"},"wdio_ui5_key":"shellAppTitle"}]}
COMMAND: POST /session/caae61ba24b25c9dd6a47da396113dfa/execute/async - {"script":"<script> [6424 bytes]","args":[{"element-6066-11e4-a52e-4f735466cecf":"f.FE353D0C043CD81D05AD4E9F01DF5B86.d.CEEDA8AFF72FFC495E664C3E0BE9FDB7.e.2941"},"getTitle",[]]}
RESULT: {"script":"<script> [6424 bytes]","args":[{"element-6066-11e4-a52e-4f735466cecf":"f.FE353D0C043CD81D05AD4E9F01DF5B86.d.CEEDA8AFF72FFC495E664C3E0BE9FDB7.e.2941"},"getTitle",[]]}
RESULT: undefined
COMMAND: POST /session/caae61ba24b25c9dd6a47da396113dfa/element/f.FE353D0C043CD81D05AD4E9F01DF5B86.d.CEEDA8AFF72FFC495E664C3E0BE9FDB7.e.2873/click - {}
RESULT: {}
COMMAND: GET /session/caae61ba24b25c9dd6a47da396113dfa/screenshot - {}
RESULT: {}
]]></system-out>
    </testcase>
    <testcase classname="chrome.135_0_7049_115.windows.Sanity_Tests_US104253" name="Should open Site Overview page" time="33.884">
      <system-out><![CDATA[
COMMAND: POST /session/caae61ba24b25c9dd6a47da396113dfa/execute/async - {"script":"<script> [1562 bytes]","args":[{"selector":{"controlType":"sap.m.GenericTile","properties":{"header":"Site Overview"}},"wdio_ui5_key":"sapm.GenericTile{\"header\":\"Site Overview\"}"}]}
RESULT: {"script":"<script> [1562 bytes]","args":[{"selector":{"controlType":"sap.m.GenericTile","properties":{"header":"Site Overview"}},"wdio_ui5_key":"sapm.GenericTile{\"header\":\"Site Overview\"}"}]}
RESULT: undefined
COMMAND: POST /session/caae61ba24b25c9dd6a47da396113dfa/element - {"using":"xpath","value":"//*[@id=\"__tile100\"]"}
RESULT: {"using":"xpath","value":"//*[@id=\"__tile100\"]"}
COMMAND: POST /session/caae61ba24b25c9dd6a47da396113dfa/element/f.FE353D0C043CD81D05AD4E9F01DF5B86.d.CEEDA8AFF72FFC495E664C3E0BE9FDB7.e.2944/click - {}
RESULT: {}
COMMAND: GET /session/caae61ba24b25c9dd6a47da396113dfa/screenshot - {}
RESULT: {}
RESULT: undefined
COMMAND: POST /session/caae61ba24b25c9dd6a47da396113dfa/element - {"using":"xpath","value":"//*[@id=\"__tile100\"]"}
RESULT: {"using":"xpath","value":"//*[@id=\"__tile100\"]"}
COMMAND: POST /session/caae61ba24b25c9dd6a47da396113dfa/element/f.FE353D0C043CD81D05AD4E9F01DF5B86.d.CEEDA8AFF72FFC495E664C3E0BE9FDB7.e.2944/click - {}
RESULT: undefined
COMMAND: POST /session/caae61ba24b25c9dd6a47da396113dfa/element - {"using":"xpath","value":"//*[@id=\"__tile100\"]"}
RESULT: {"using":"xpath","value":"//*[@id=\"__tile100\"]"}
COMMAND: POST /session/caae61ba24b25c9dd6a47da396113dfa/element/f.FE353D0C043CD81D05AD4E9F01DF5B86.d.CEEDA8AFF72FFC495E664C3E0BE9FDB7.e.2944/click - {}
RESULT: undefined
COMMAND: POST /session/caae61ba24b25c9dd6a47da396113dfa/execute/async - {"script":"<script> [6424 bytes]","args":[{"element-6066-11e4-a52e-4f735466cecf":"f.FE353D0C043CD81D05AD4E9F01DF5B86.d.CEEDA8AFF72FFC495E664C3E0BE9FDB7.e.284"},"getTitle",[]]}
COMMAND: POST /session/caae61ba24b25c9dd6a47da396113dfa/execute/async - {"script":"<script> [1562 bytes]","args":[{"selector":{"id":"shellAppTitle"},"wdio_ui5_key":"shellAppTitle"}]}
RESULT: {"script":"<script> [1562 bytes]","args":[{"selector":{"id":"shellAppTitle"},"wdio_ui5_key":"shellAppTitle"}]}
COMMAND: POST /session/caae61ba24b25c9dd6a47da396113dfa/execute/async - {"script":"<script> [6424 bytes]","args":[{"element-6066-11e4-a52e-4f735466cecf":"f.FE353D0C043CD81D05AD4E9F01DF5B86.d.CEEDA8AFF72FFC495E664C3E0BE9FDB7.e.3071"},"getTitle",[]]}
RESULT: {"script":"<script> [6424 bytes]","args":[{"element-6066-11e4-a52e-4f735466cecf":"f.FE353D0C043CD81D05AD4E9F01DF5B86.d.CEEDA8AFF72FFC495E664C3E0BE9FDB7.e.3071"},"getTitle",[]]}
RESULT: undefined
COMMAND: POST /session/caae61ba24b25c9dd6a47da396113dfa/element/f.FE353D0C043CD81D05AD4E9F01DF5B86.d.CEEDA8AFF72FFC495E664C3E0BE9FDB7.e.2873/click - {}
COMMAND: POST /session/caae61ba24b25c9dd6a47da396113dfa/element - {"using":"xpath","value":"//*[@id=\"backBtn\"]"}
RESULT: {"using":"xpath","value":"//*[@id=\"backBtn\"]"}
COMMAND: POST /session/caae61ba24b25c9dd6a47da396113dfa/element/f.FE353D0C043CD81D05AD4E9F01DF5B86.d.CEEDA8AFF72FFC495E664C3E0BE9FDB7.e.2873/click - {}
COMMAND: POST /session/caae61ba24b25c9dd6a47da396113dfa/element - {"using":"xpath","value":"//*[@id=\"backBtn\"]"}
RESULT: {"using":"xpath","value":"//*[@id=\"backBtn\"]"}
COMMAND: POST /session/caae61ba24b25c9dd6a47da396113dfa/element/f.FE353D0C043CD81D05AD4E9F01DF5B86.d.CEEDA8AFF72FFC495E664C3E0BE9FDB7.e.3072/click - {}
RESULT: {}
COMMAND: GET /session/caae61ba24b25c9dd6a47da396113dfa/screenshot - {}
RESULT: {}
]]></system-out>
    </testcase>
    <testcase classname="chrome.135_0_7049_115.windows.Sanity_Tests_US104253" name="Should open Trace Track Resources page" time="34.041">
      <system-out><![CDATA[
COMMAND: POST /session/caae61ba24b25c9dd6a47da396113dfa/execute/async - {"script":"<script> [1562 bytes]","args":[{"selector":{"controlType":"sap.m.GenericTile","properties":{"header":"Trace & Track Resources"}},"wdio_ui5_key":"sapm.GenericTile{\"header\":\"Trace & Track Resources\"}"}]}
RESULT: {"script":"<script> [1562 bytes]","args":[{"selector":{"controlType":"sap.m.GenericTile","properties":{"header":"Trace & Track Resources"}},"wdio_ui5_key":"sapm.GenericTile{\"header\":\"Trace & Track Resources\"}"}]}
RESULT: undefined
COMMAND: POST /session/caae61ba24b25c9dd6a47da396113dfa/element - {"using":"xpath","value":"//*[@id=\"__tile101\"]"}
RESULT: {"using":"xpath","value":"//*[@id=\"__tile101\"]"}
COMMAND: POST /session/caae61ba24b25c9dd6a47da396113dfa/element/f.FE353D0C043CD81D05AD4E9F01DF5B86.d.CEEDA8AFF72FFC495E664C3E0BE9FDB7.e.3074/click - {}
RESULT: {}
COMMAND: GET /session/caae61ba24b25c9dd6a47da396113dfa/screenshot - {}
RESULT: {}
RESULT: undefined
COMMAND: POST /session/caae61ba24b25c9dd6a47da396113dfa/element - {"using":"xpath","value":"//*[@id=\"__tile101\"]"}
RESULT: {"using":"xpath","value":"//*[@id=\"__tile101\"]"}
COMMAND: POST /session/caae61ba24b25c9dd6a47da396113dfa/element/f.FE353D0C043CD81D05AD4E9F01DF5B86.d.CEEDA8AFF72FFC495E664C3E0BE9FDB7.e.3074/click - {}
RESULT: undefined
COMMAND: POST /session/caae61ba24b25c9dd6a47da396113dfa/element - {"using":"xpath","value":"//*[@id=\"__tile101\"]"}
RESULT: {"using":"xpath","value":"//*[@id=\"__tile101\"]"}
COMMAND: POST /session/caae61ba24b25c9dd6a47da396113dfa/element/f.FE353D0C043CD81D05AD4E9F01DF5B86.d.CEEDA8AFF72FFC495E664C3E0BE9FDB7.e.3074/click - {}
RESULT: undefined
COMMAND: POST /session/caae61ba24b25c9dd6a47da396113dfa/execute/async - {"script":"<script> [6424 bytes]","args":[{"element-6066-11e4-a52e-4f735466cecf":"f.FE353D0C043CD81D05AD4E9F01DF5B86.d.CEEDA8AFF72FFC495E664C3E0BE9FDB7.e.284"},"getTitle",[]]}
COMMAND: POST /session/caae61ba24b25c9dd6a47da396113dfa/execute/async - {"script":"<script> [1562 bytes]","args":[{"selector":{"id":"shellAppTitle"},"wdio_ui5_key":"shellAppTitle"}]}
RESULT: {"script":"<script> [1562 bytes]","args":[{"selector":{"id":"shellAppTitle"},"wdio_ui5_key":"shellAppTitle"}]}
COMMAND: POST /session/caae61ba24b25c9dd6a47da396113dfa/execute/async - {"script":"<script> [6424 bytes]","args":[{"element-6066-11e4-a52e-4f735466cecf":"f.FE353D0C043CD81D05AD4E9F01DF5B86.d.CEEDA8AFF72FFC495E664C3E0BE9FDB7.e.3109"},"getTitle",[]]}
RESULT: {"script":"<script> [6424 bytes]","args":[{"element-6066-11e4-a52e-4f735466cecf":"f.FE353D0C043CD81D05AD4E9F01DF5B86.d.CEEDA8AFF72FFC495E664C3E0BE9FDB7.e.3109"},"getTitle",[]]}
RESULT: undefined
COMMAND: POST /session/caae61ba24b25c9dd6a47da396113dfa/element/f.FE353D0C043CD81D05AD4E9F01DF5B86.d.CEEDA8AFF72FFC495E664C3E0BE9FDB7.e.3072/click - {}
RESULT: {}
COMMAND: GET /session/caae61ba24b25c9dd6a47da396113dfa/screenshot - {}
RESULT: {}
]]></system-out>
    </testcase>
    <testcase classname="chrome.135_0_7049_115.windows.Sanity_Tests_US104253" name="Should open RU Inventory List page" time="42.242">
      <system-out><![CDATA[
COMMAND: POST /session/caae61ba24b25c9dd6a47da396113dfa/execute/async - {"script":"<script> [1562 bytes]","args":[{"selector":{"controlType":"sap.m.GenericTile","properties":{"header":"RU Inventory List"}},"wdio_ui5_key":"sapm.GenericTile{\"header\":\"RU Inventory List\"}"}]}
RESULT: {"script":"<script> [1562 bytes]","args":[{"selector":{"controlType":"sap.m.GenericTile","properties":{"header":"RU Inventory List"}},"wdio_ui5_key":"sapm.GenericTile{\"header\":\"RU Inventory List\"}"}]}
RESULT: undefined
COMMAND: POST /session/caae61ba24b25c9dd6a47da396113dfa/element - {"using":"xpath","value":"//*[@id=\"__tile99\"]"}
RESULT: {"using":"xpath","value":"//*[@id=\"__tile99\"]"}
COMMAND: POST /session/caae61ba24b25c9dd6a47da396113dfa/element/f.FE353D0C043CD81D05AD4E9F01DF5B86.d.CEEDA8AFF72FFC495E664C3E0BE9FDB7.e.3111/click - {}
RESULT: {}
COMMAND: GET /session/caae61ba24b25c9dd6a47da396113dfa/screenshot - {}
RESULT: {}
RESULT: undefined
COMMAND: POST /session/caae61ba24b25c9dd6a47da396113dfa/element - {"using":"xpath","value":"//*[@id=\"__tile99\"]"}
RESULT: {"using":"xpath","value":"//*[@id=\"__tile99\"]"}
COMMAND: POST /session/caae61ba24b25c9dd6a47da396113dfa/element/f.FE353D0C043CD81D05AD4E9F01DF5B86.d.CEEDA8AFF72FFC495E664C3E0BE9FDB7.e.3111/click - {}
RESULT: undefined
COMMAND: POST /session/caae61ba24b25c9dd6a47da396113dfa/element - {"using":"xpath","value":"//*[@id=\"__tile99\"]"}
RESULT: {"using":"xpath","value":"//*[@id=\"__tile99\"]"}
COMMAND: POST /session/caae61ba24b25c9dd6a47da396113dfa/element/f.FE353D0C043CD81D05AD4E9F01DF5B86.d.CEEDA8AFF72FFC495E664C3E0BE9FDB7.e.3111/click - {}
RESULT: undefined
COMMAND: POST /session/caae61ba24b25c9dd6a47da396113dfa/execute/async - {"script":"<script> [6424 bytes]","args":[{"element-6066-11e4-a52e-4f735466cecf":"f.FE353D0C043CD81D05AD4E9F01DF5B86.d.CEEDA8AFF72FFC495E664C3E0BE9FDB7.e.284"},"getTitle",[]]}
COMMAND: POST /session/caae61ba24b25c9dd6a47da396113dfa/execute/async - {"script":"<script> [1562 bytes]","args":[{"selector":{"id":"shellAppTitle"},"wdio_ui5_key":"shellAppTitle"}]}
RESULT: {"script":"<script> [1562 bytes]","args":[{"selector":{"id":"shellAppTitle"},"wdio_ui5_key":"shellAppTitle"}]}
COMMAND: POST /session/caae61ba24b25c9dd6a47da396113dfa/execute/async - {"script":"<script> [6424 bytes]","args":[{"element-6066-11e4-a52e-4f735466cecf":"f.FE353D0C043CD81D05AD4E9F01DF5B86.d.CEEDA8AFF72FFC495E664C3E0BE9FDB7.e.3312"},"getTitle",[]]}
RESULT: {"script":"<script> [6424 bytes]","args":[{"element-6066-11e4-a52e-4f735466cecf":"f.FE353D0C043CD81D05AD4E9F01DF5B86.d.CEEDA8AFF72FFC495E664C3E0BE9FDB7.e.3312"},"getTitle",[]]}
RESULT: undefined
COMMAND: POST /session/caae61ba24b25c9dd6a47da396113dfa/element/f.FE353D0C043CD81D05AD4E9F01DF5B86.d.CEEDA8AFF72FFC495E664C3E0BE9FDB7.e.3072/click - {}
COMMAND: POST /session/caae61ba24b25c9dd6a47da396113dfa/element - {"using":"xpath","value":"//*[@id=\"backBtn\"]"}
RESULT: {"using":"xpath","value":"//*[@id=\"backBtn\"]"}
COMMAND: POST /session/caae61ba24b25c9dd6a47da396113dfa/element/f.FE353D0C043CD81D05AD4E9F01DF5B86.d.CEEDA8AFF72FFC495E664C3E0BE9FDB7.e.3072/click - {}
COMMAND: POST /session/caae61ba24b25c9dd6a47da396113dfa/element - {"using":"xpath","value":"//*[@id=\"backBtn\"]"}
RESULT: {"using":"xpath","value":"//*[@id=\"backBtn\"]"}
COMMAND: POST /session/caae61ba24b25c9dd6a47da396113dfa/element/f.FE353D0C043CD81D05AD4E9F01DF5B86.d.CEEDA8AFF72FFC495E664C3E0BE9FDB7.e.3313/click - {}
RESULT: {}
COMMAND: GET /session/caae61ba24b25c9dd6a47da396113dfa/screenshot - {}
RESULT: {}
]]></system-out>
    </testcase>
    <testcase classname="chrome.135_0_7049_115.windows.Sanity_Tests_US104253" name="Should open Contracts Dashboard page" time="34.81">
      <system-out><![CDATA[
COMMAND: POST /session/caae61ba24b25c9dd6a47da396113dfa/execute/async - {"script":"<script> [1562 bytes]","args":[{"selector":{"controlType":"sap.m.GenericTile","properties":{"header":"Contracts Dashboard"}},"wdio_ui5_key":"sapm.GenericTile{\"header\":\"Contracts Dashboard\"}"}]}
RESULT: {"script":"<script> [1562 bytes]","args":[{"selector":{"controlType":"sap.m.GenericTile","properties":{"header":"Contracts Dashboard"}},"wdio_ui5_key":"sapm.GenericTile{\"header\":\"Contracts Dashboard\"}"}]}
RESULT: undefined
COMMAND: POST /session/caae61ba24b25c9dd6a47da396113dfa/element - {"using":"xpath","value":"//*[@id=\"__tile97\"]"}
RESULT: {"using":"xpath","value":"//*[@id=\"__tile97\"]"}
COMMAND: POST /session/caae61ba24b25c9dd6a47da396113dfa/element/f.FE353D0C043CD81D05AD4E9F01DF5B86.d.CEEDA8AFF72FFC495E664C3E0BE9FDB7.e.3315/click - {}
RESULT: {}
COMMAND: GET /session/caae61ba24b25c9dd6a47da396113dfa/screenshot - {}
RESULT: {}
RESULT: undefined
COMMAND: POST /session/caae61ba24b25c9dd6a47da396113dfa/element - {"using":"xpath","value":"//*[@id=\"__tile97\"]"}
RESULT: {"using":"xpath","value":"//*[@id=\"__tile97\"]"}
COMMAND: POST /session/caae61ba24b25c9dd6a47da396113dfa/element/f.FE353D0C043CD81D05AD4E9F01DF5B86.d.CEEDA8AFF72FFC495E664C3E0BE9FDB7.e.3315/click - {}
RESULT: undefined
COMMAND: POST /session/caae61ba24b25c9dd6a47da396113dfa/element - {"using":"xpath","value":"//*[@id=\"__tile97\"]"}
RESULT: {"using":"xpath","value":"//*[@id=\"__tile97\"]"}
COMMAND: POST /session/caae61ba24b25c9dd6a47da396113dfa/element/f.FE353D0C043CD81D05AD4E9F01DF5B86.d.CEEDA8AFF72FFC495E664C3E0BE9FDB7.e.3315/click - {}
RESULT: undefined
COMMAND: POST /session/caae61ba24b25c9dd6a47da396113dfa/execute/async - {"script":"<script> [6424 bytes]","args":[{"element-6066-11e4-a52e-4f735466cecf":"f.FE353D0C043CD81D05AD4E9F01DF5B86.d.CEEDA8AFF72FFC495E664C3E0BE9FDB7.e.284"},"getTitle",[]]}
COMMAND: POST /session/caae61ba24b25c9dd6a47da396113dfa/execute/async - {"script":"<script> [1562 bytes]","args":[{"selector":{"id":"shellAppTitle"},"wdio_ui5_key":"shellAppTitle"}]}
RESULT: {"script":"<script> [1562 bytes]","args":[{"selector":{"id":"shellAppTitle"},"wdio_ui5_key":"shellAppTitle"}]}
COMMAND: POST /session/caae61ba24b25c9dd6a47da396113dfa/execute/async - {"script":"<script> [6424 bytes]","args":[{"element-6066-11e4-a52e-4f735466cecf":"f.FE353D0C043CD81D05AD4E9F01DF5B86.d.CEEDA8AFF72FFC495E664C3E0BE9FDB7.e.3340"},"getTitle",[]]}
RESULT: {"script":"<script> [6424 bytes]","args":[{"element-6066-11e4-a52e-4f735466cecf":"f.FE353D0C043CD81D05AD4E9F01DF5B86.d.CEEDA8AFF72FFC495E664C3E0BE9FDB7.e.3340"},"getTitle",[]]}
RESULT: undefined
COMMAND: POST /session/caae61ba24b25c9dd6a47da396113dfa/element/f.FE353D0C043CD81D05AD4E9F01DF5B86.d.CEEDA8AFF72FFC495E664C3E0BE9FDB7.e.3313/click - {}
RESULT: {}
COMMAND: GET /session/caae61ba24b25c9dd6a47da396113dfa/screenshot - {}
RESULT: {}
]]></system-out>
    </testcase>
    <testcase classname="chrome.135_0_7049_115.windows.Sanity_Tests_US104253" name="Should open Bin Status Report page" time="35.903">
      <system-out><![CDATA[
COMMAND: POST /session/caae61ba24b25c9dd6a47da396113dfa/execute/async - {"script":"<script> [1562 bytes]","args":[{"selector":{"controlType":"sap.m.GenericTile","properties":{"header":"Bin Status Report"}},"wdio_ui5_key":"sapm.GenericTile{\"header\":\"Bin Status Report\"}"}]}
RESULT: {"script":"<script> [1562 bytes]","args":[{"selector":{"controlType":"sap.m.GenericTile","properties":{"header":"Bin Status Report"}},"wdio_ui5_key":"sapm.GenericTile{\"header\":\"Bin Status Report\"}"}]}
RESULT: undefined
COMMAND: POST /session/caae61ba24b25c9dd6a47da396113dfa/element - {"using":"xpath","value":"//*[@id=\"__tile104\"]"}
RESULT: {"using":"xpath","value":"//*[@id=\"__tile104\"]"}
COMMAND: POST /session/caae61ba24b25c9dd6a47da396113dfa/element/f.FE353D0C043CD81D05AD4E9F01DF5B86.d.CEEDA8AFF72FFC495E664C3E0BE9FDB7.e.3342/click - {}
RESULT: {}
COMMAND: GET /session/caae61ba24b25c9dd6a47da396113dfa/screenshot - {}
RESULT: {}
RESULT: undefined
COMMAND: POST /session/caae61ba24b25c9dd6a47da396113dfa/element - {"using":"xpath","value":"//*[@id=\"__tile104\"]"}
RESULT: {"using":"xpath","value":"//*[@id=\"__tile104\"]"}
COMMAND: POST /session/caae61ba24b25c9dd6a47da396113dfa/element/f.FE353D0C043CD81D05AD4E9F01DF5B86.d.CEEDA8AFF72FFC495E664C3E0BE9FDB7.e.3342/click - {}
RESULT: undefined
COMMAND: POST /session/caae61ba24b25c9dd6a47da396113dfa/element - {"using":"xpath","value":"//*[@id=\"__tile104\"]"}
RESULT: {"using":"xpath","value":"//*[@id=\"__tile104\"]"}
COMMAND: POST /session/caae61ba24b25c9dd6a47da396113dfa/element/f.FE353D0C043CD81D05AD4E9F01DF5B86.d.CEEDA8AFF72FFC495E664C3E0BE9FDB7.e.3342/click - {}
RESULT: undefined
COMMAND: POST /session/caae61ba24b25c9dd6a47da396113dfa/execute/async - {"script":"<script> [6424 bytes]","args":[{"element-6066-11e4-a52e-4f735466cecf":"f.FE353D0C043CD81D05AD4E9F01DF5B86.d.CEEDA8AFF72FFC495E664C3E0BE9FDB7.e.284"},"getTitle",[]]}
COMMAND: POST /session/caae61ba24b25c9dd6a47da396113dfa/execute/async - {"script":"<script> [1562 bytes]","args":[{"selector":{"id":"shellAppTitle"},"wdio_ui5_key":"shellAppTitle"}]}
RESULT: {"script":"<script> [1562 bytes]","args":[{"selector":{"id":"shellAppTitle"},"wdio_ui5_key":"shellAppTitle"}]}
COMMAND: POST /session/caae61ba24b25c9dd6a47da396113dfa/execute/async - {"script":"<script> [6424 bytes]","args":[{"element-6066-11e4-a52e-4f735466cecf":"f.FE353D0C043CD81D05AD4E9F01DF5B86.d.CEEDA8AFF72FFC495E664C3E0BE9FDB7.e.3442"},"getTitle",[]]}
RESULT: {"script":"<script> [6424 bytes]","args":[{"element-6066-11e4-a52e-4f735466cecf":"f.FE353D0C043CD81D05AD4E9F01DF5B86.d.CEEDA8AFF72FFC495E664C3E0BE9FDB7.e.3442"},"getTitle",[]]}
RESULT: undefined
COMMAND: POST /session/caae61ba24b25c9dd6a47da396113dfa/element/f.FE353D0C043CD81D05AD4E9F01DF5B86.d.CEEDA8AFF72FFC495E664C3E0BE9FDB7.e.3313/click - {}
COMMAND: POST /session/caae61ba24b25c9dd6a47da396113dfa/element - {"using":"xpath","value":"//*[@id=\"backBtn\"]"}
RESULT: {"using":"xpath","value":"//*[@id=\"backBtn\"]"}
COMMAND: POST /session/caae61ba24b25c9dd6a47da396113dfa/element/f.FE353D0C043CD81D05AD4E9F01DF5B86.d.CEEDA8AFF72FFC495E664C3E0BE9FDB7.e.3313/click - {}
COMMAND: POST /session/caae61ba24b25c9dd6a47da396113dfa/element - {"using":"xpath","value":"//*[@id=\"backBtn\"]"}
RESULT: {"using":"xpath","value":"//*[@id=\"backBtn\"]"}
COMMAND: POST /session/caae61ba24b25c9dd6a47da396113dfa/element/f.FE353D0C043CD81D05AD4E9F01DF5B86.d.CEEDA8AFF72FFC495E664C3E0BE9FDB7.e.3443/click - {}
RESULT: {}
COMMAND: GET /session/caae61ba24b25c9dd6a47da396113dfa/screenshot - {}
RESULT: {}
]]></system-out>
    </testcase>
    <testcase classname="chrome.135_0_7049_115.windows.Sanity_Tests_US104253" name="Should open Manage Warehouse Movements page" time="33.875">
      <system-out><![CDATA[
COMMAND: POST /session/caae61ba24b25c9dd6a47da396113dfa/execute/async - {"script":"<script> [1562 bytes]","args":[{"selector":{"controlType":"sap.m.GenericTile","properties":{"header":"Manage Warehouse Movements"}},"wdio_ui5_key":"sapm.GenericTile{\"header\":\"Manage Warehouse Movements\"}"}]}
RESULT: {"script":"<script> [1562 bytes]","args":[{"selector":{"controlType":"sap.m.GenericTile","properties":{"header":"Manage Warehouse Movements"}},"wdio_ui5_key":"sapm.GenericTile{\"header\":\"Manage Warehouse Movements\"}"}]}
RESULT: undefined
COMMAND: POST /session/caae61ba24b25c9dd6a47da396113dfa/element - {"using":"xpath","value":"//*[@id=\"__tile105\"]"}
RESULT: {"using":"xpath","value":"//*[@id=\"__tile105\"]"}
COMMAND: POST /session/caae61ba24b25c9dd6a47da396113dfa/element/f.FE353D0C043CD81D05AD4E9F01DF5B86.d.CEEDA8AFF72FFC495E664C3E0BE9FDB7.e.3447/click - {}
RESULT: {}
COMMAND: GET /session/caae61ba24b25c9dd6a47da396113dfa/screenshot - {}
RESULT: {}
RESULT: undefined
COMMAND: POST /session/caae61ba24b25c9dd6a47da396113dfa/element - {"using":"xpath","value":"//*[@id=\"__tile105\"]"}
RESULT: {"using":"xpath","value":"//*[@id=\"__tile105\"]"}
COMMAND: POST /session/caae61ba24b25c9dd6a47da396113dfa/element/f.FE353D0C043CD81D05AD4E9F01DF5B86.d.CEEDA8AFF72FFC495E664C3E0BE9FDB7.e.3447/click - {}
RESULT: undefined
COMMAND: POST /session/caae61ba24b25c9dd6a47da396113dfa/element - {"using":"xpath","value":"//*[@id=\"__tile105\"]"}
RESULT: {"using":"xpath","value":"//*[@id=\"__tile105\"]"}
COMMAND: POST /session/caae61ba24b25c9dd6a47da396113dfa/element/f.FE353D0C043CD81D05AD4E9F01DF5B86.d.CEEDA8AFF72FFC495E664C3E0BE9FDB7.e.3447/click - {}
RESULT: undefined
COMMAND: POST /session/caae61ba24b25c9dd6a47da396113dfa/execute/async - {"script":"<script> [6424 bytes]","args":[{"element-6066-11e4-a52e-4f735466cecf":"f.FE353D0C043CD81D05AD4E9F01DF5B86.d.CEEDA8AFF72FFC495E664C3E0BE9FDB7.e.284"},"getTitle",[]]}
COMMAND: POST /session/caae61ba24b25c9dd6a47da396113dfa/execute/async - {"script":"<script> [1562 bytes]","args":[{"selector":{"id":"shellAppTitle"},"wdio_ui5_key":"shellAppTitle"}]}
RESULT: {"script":"<script> [1562 bytes]","args":[{"selector":{"id":"shellAppTitle"},"wdio_ui5_key":"shellAppTitle"}]}
COMMAND: POST /session/caae61ba24b25c9dd6a47da396113dfa/execute/async - {"script":"<script> [6424 bytes]","args":[{"element-6066-11e4-a52e-4f735466cecf":"f.FE353D0C043CD81D05AD4E9F01DF5B86.d.CEEDA8AFF72FFC495E664C3E0BE9FDB7.e.3663"},"getTitle",[]]}
RESULT: {"script":"<script> [6424 bytes]","args":[{"element-6066-11e4-a52e-4f735466cecf":"f.FE353D0C043CD81D05AD4E9F01DF5B86.d.CEEDA8AFF72FFC495E664C3E0BE9FDB7.e.3663"},"getTitle",[]]}
RESULT: undefined
COMMAND: POST /session/caae61ba24b25c9dd6a47da396113dfa/element/f.FE353D0C043CD81D05AD4E9F01DF5B86.d.CEEDA8AFF72FFC495E664C3E0BE9FDB7.e.3443/click - {}
RESULT: {}
COMMAND: GET /session/caae61ba24b25c9dd6a47da396113dfa/screenshot - {}
RESULT: {}
]]></system-out>
    </testcase>
    <testcase classname="chrome.135_0_7049_115.windows.Sanity_Tests_US104253" name="Should open Bin Inventory List page" time="37.245">
      <system-out><![CDATA[
COMMAND: POST /session/caae61ba24b25c9dd6a47da396113dfa/execute/async - {"script":"<script> [1562 bytes]","args":[{"selector":{"controlType":"sap.m.GenericTile","properties":{"header":"Bin Inventory List"}},"wdio_ui5_key":"sapm.GenericTile{\"header\":\"Bin Inventory List\"}"}]}
RESULT: {"script":"<script> [1562 bytes]","args":[{"selector":{"controlType":"sap.m.GenericTile","properties":{"header":"Bin Inventory List"}},"wdio_ui5_key":"sapm.GenericTile{\"header\":\"Bin Inventory List\"}"}]}
RESULT: undefined
COMMAND: POST /session/caae61ba24b25c9dd6a47da396113dfa/element - {"using":"xpath","value":"//*[@id=\"__tile103\"]"}
RESULT: {"using":"xpath","value":"//*[@id=\"__tile103\"]"}
COMMAND: POST /session/caae61ba24b25c9dd6a47da396113dfa/element/f.FE353D0C043CD81D05AD4E9F01DF5B86.d.CEEDA8AFF72FFC495E664C3E0BE9FDB7.e.3665/click - {}
RESULT: {}
COMMAND: GET /session/caae61ba24b25c9dd6a47da396113dfa/screenshot - {}
RESULT: {}
RESULT: undefined
COMMAND: POST /session/caae61ba24b25c9dd6a47da396113dfa/element - {"using":"xpath","value":"//*[@id=\"__tile103\"]"}
RESULT: {"using":"xpath","value":"//*[@id=\"__tile103\"]"}
COMMAND: POST /session/caae61ba24b25c9dd6a47da396113dfa/element/f.FE353D0C043CD81D05AD4E9F01DF5B86.d.CEEDA8AFF72FFC495E664C3E0BE9FDB7.e.3665/click - {}
RESULT: undefined
COMMAND: POST /session/caae61ba24b25c9dd6a47da396113dfa/element - {"using":"xpath","value":"//*[@id=\"__tile103\"]"}
RESULT: {"using":"xpath","value":"//*[@id=\"__tile103\"]"}
COMMAND: POST /session/caae61ba24b25c9dd6a47da396113dfa/element/f.FE353D0C043CD81D05AD4E9F01DF5B86.d.CEEDA8AFF72FFC495E664C3E0BE9FDB7.e.3665/click - {}
RESULT: undefined
COMMAND: POST /session/caae61ba24b25c9dd6a47da396113dfa/execute/async - {"script":"<script> [6424 bytes]","args":[{"element-6066-11e4-a52e-4f735466cecf":"f.FE353D0C043CD81D05AD4E9F01DF5B86.d.CEEDA8AFF72FFC495E664C3E0BE9FDB7.e.284"},"getTitle",[]]}
COMMAND: POST /session/caae61ba24b25c9dd6a47da396113dfa/execute/async - {"script":"<script> [1562 bytes]","args":[{"selector":{"id":"shellAppTitle"},"wdio_ui5_key":"shellAppTitle"}]}
RESULT: {"script":"<script> [1562 bytes]","args":[{"selector":{"id":"shellAppTitle"},"wdio_ui5_key":"shellAppTitle"}]}
COMMAND: POST /session/caae61ba24b25c9dd6a47da396113dfa/execute/async - {"script":"<script> [6424 bytes]","args":[{"element-6066-11e4-a52e-4f735466cecf":"f.FE353D0C043CD81D05AD4E9F01DF5B86.d.CEEDA8AFF72FFC495E664C3E0BE9FDB7.e.3756"},"getTitle",[]]}
RESULT: {"script":"<script> [6424 bytes]","args":[{"element-6066-11e4-a52e-4f735466cecf":"f.FE353D0C043CD81D05AD4E9F01DF5B86.d.CEEDA8AFF72FFC495E664C3E0BE9FDB7.e.3756"},"getTitle",[]]}
RESULT: undefined
COMMAND: POST /session/caae61ba24b25c9dd6a47da396113dfa/element/f.FE353D0C043CD81D05AD4E9F01DF5B86.d.CEEDA8AFF72FFC495E664C3E0BE9FDB7.e.3443/click - {}
COMMAND: POST /session/caae61ba24b25c9dd6a47da396113dfa/element - {"using":"xpath","value":"//*[@id=\"backBtn\"]"}
RESULT: {"using":"xpath","value":"//*[@id=\"backBtn\"]"}
COMMAND: POST /session/caae61ba24b25c9dd6a47da396113dfa/element/f.FE353D0C043CD81D05AD4E9F01DF5B86.d.CEEDA8AFF72FFC495E664C3E0BE9FDB7.e.3443/click - {}
COMMAND: POST /session/caae61ba24b25c9dd6a47da396113dfa/element - {"using":"xpath","value":"//*[@id=\"backBtn\"]"}
RESULT: {"using":"xpath","value":"//*[@id=\"backBtn\"]"}
COMMAND: POST /session/caae61ba24b25c9dd6a47da396113dfa/element/f.FE353D0C043CD81D05AD4E9F01DF5B86.d.CEEDA8AFF72FFC495E664C3E0BE9FDB7.e.3757/click - {}
RESULT: {}
COMMAND: GET /session/caae61ba24b25c9dd6a47da396113dfa/screenshot - {}
RESULT: {}
]]></system-out>
    </testcase>
    <testcase classname="chrome.135_0_7049_115.windows.Sanity_Tests_US104253" name="Should open ISC Templates page" time="32.708">
      <system-out><![CDATA[
COMMAND: POST /session/caae61ba24b25c9dd6a47da396113dfa/execute/async - {"script":"<script> [1562 bytes]","args":[{"selector":{"controlType":"sap.m.GenericTile","properties":{"header":"ISC Templates"}},"wdio_ui5_key":"sapm.GenericTile{\"header\":\"ISC Templates\"}"}]}
RESULT: {"script":"<script> [1562 bytes]","args":[{"selector":{"controlType":"sap.m.GenericTile","properties":{"header":"ISC Templates"}},"wdio_ui5_key":"sapm.GenericTile{\"header\":\"ISC Templates\"}"}]}
RESULT: undefined
COMMAND: POST /session/caae61ba24b25c9dd6a47da396113dfa/element - {"using":"xpath","value":"//*[@id=\"__tile111\"]"}
RESULT: {"using":"xpath","value":"//*[@id=\"__tile111\"]"}
COMMAND: POST /session/caae61ba24b25c9dd6a47da396113dfa/element/f.FE353D0C043CD81D05AD4E9F01DF5B86.d.CEEDA8AFF72FFC495E664C3E0BE9FDB7.e.3759/click - {}
RESULT: {}
COMMAND: GET /session/caae61ba24b25c9dd6a47da396113dfa/screenshot - {}
RESULT: {}
RESULT: undefined
COMMAND: POST /session/caae61ba24b25c9dd6a47da396113dfa/element - {"using":"xpath","value":"//*[@id=\"__tile111\"]"}
RESULT: {"using":"xpath","value":"//*[@id=\"__tile111\"]"}
COMMAND: POST /session/caae61ba24b25c9dd6a47da396113dfa/element/f.FE353D0C043CD81D05AD4E9F01DF5B86.d.CEEDA8AFF72FFC495E664C3E0BE9FDB7.e.3759/click - {}
RESULT: undefined
COMMAND: POST /session/caae61ba24b25c9dd6a47da396113dfa/element - {"using":"xpath","value":"//*[@id=\"__tile111\"]"}
RESULT: {"using":"xpath","value":"//*[@id=\"__tile111\"]"}
COMMAND: POST /session/caae61ba24b25c9dd6a47da396113dfa/element/f.FE353D0C043CD81D05AD4E9F01DF5B86.d.CEEDA8AFF72FFC495E664C3E0BE9FDB7.e.3759/click - {}
RESULT: undefined
COMMAND: POST /session/caae61ba24b25c9dd6a47da396113dfa/execute/async - {"script":"<script> [6424 bytes]","args":[{"element-6066-11e4-a52e-4f735466cecf":"f.FE353D0C043CD81D05AD4E9F01DF5B86.d.CEEDA8AFF72FFC495E664C3E0BE9FDB7.e.284"},"getTitle",[]]}
COMMAND: POST /session/caae61ba24b25c9dd6a47da396113dfa/execute/async - {"script":"<script> [1562 bytes]","args":[{"selector":{"id":"shellAppTitle"},"wdio_ui5_key":"shellAppTitle"}]}
RESULT: {"script":"<script> [1562 bytes]","args":[{"selector":{"id":"shellAppTitle"},"wdio_ui5_key":"shellAppTitle"}]}
COMMAND: POST /session/caae61ba24b25c9dd6a47da396113dfa/execute/async - {"script":"<script> [6424 bytes]","args":[{"element-6066-11e4-a52e-4f735466cecf":"f.FE353D0C043CD81D05AD4E9F01DF5B86.d.CEEDA8AFF72FFC495E664C3E0BE9FDB7.e.3832"},"getTitle",[]]}
RESULT: {"script":"<script> [6424 bytes]","args":[{"element-6066-11e4-a52e-4f735466cecf":"f.FE353D0C043CD81D05AD4E9F01DF5B86.d.CEEDA8AFF72FFC495E664C3E0BE9FDB7.e.3832"},"getTitle",[]]}
RESULT: undefined
COMMAND: POST /session/caae61ba24b25c9dd6a47da396113dfa/element/f.FE353D0C043CD81D05AD4E9F01DF5B86.d.CEEDA8AFF72FFC495E664C3E0BE9FDB7.e.3757/click - {}
RESULT: {}
COMMAND: GET /session/caae61ba24b25c9dd6a47da396113dfa/screenshot - {}
RESULT: {}
]]></system-out>
    </testcase>
    <testcase classname="chrome.135_0_7049_115.windows.Sanity_Tests_US104253" name="Should open ISC Schedules page" time="34.105">
      <system-out><![CDATA[
COMMAND: POST /session/caae61ba24b25c9dd6a47da396113dfa/execute/async - {"script":"<script> [1562 bytes]","args":[{"selector":{"controlType":"sap.m.GenericTile","properties":{"header":"ISC Schedules"}},"wdio_ui5_key":"sapm.GenericTile{\"header\":\"ISC Schedules\"}"}]}
RESULT: {"script":"<script> [1562 bytes]","args":[{"selector":{"controlType":"sap.m.GenericTile","properties":{"header":"ISC Schedules"}},"wdio_ui5_key":"sapm.GenericTile{\"header\":\"ISC Schedules\"}"}]}
RESULT: undefined
COMMAND: POST /session/caae61ba24b25c9dd6a47da396113dfa/element - {"using":"xpath","value":"//*[@id=\"__tile109\"]"}
RESULT: {"using":"xpath","value":"//*[@id=\"__tile109\"]"}
COMMAND: POST /session/caae61ba24b25c9dd6a47da396113dfa/element/f.FE353D0C043CD81D05AD4E9F01DF5B86.d.CEEDA8AFF72FFC495E664C3E0BE9FDB7.e.3835/click - {}
RESULT: {}
COMMAND: GET /session/caae61ba24b25c9dd6a47da396113dfa/screenshot - {}
RESULT: {}
RESULT: undefined
COMMAND: POST /session/caae61ba24b25c9dd6a47da396113dfa/element - {"using":"xpath","value":"//*[@id=\"__tile109\"]"}
RESULT: {"using":"xpath","value":"//*[@id=\"__tile109\"]"}
COMMAND: POST /session/caae61ba24b25c9dd6a47da396113dfa/element/f.FE353D0C043CD81D05AD4E9F01DF5B86.d.CEEDA8AFF72FFC495E664C3E0BE9FDB7.e.3835/click - {}
RESULT: undefined
COMMAND: POST /session/caae61ba24b25c9dd6a47da396113dfa/element - {"using":"xpath","value":"//*[@id=\"__tile109\"]"}
RESULT: {"using":"xpath","value":"//*[@id=\"__tile109\"]"}
COMMAND: POST /session/caae61ba24b25c9dd6a47da396113dfa/element/f.FE353D0C043CD81D05AD4E9F01DF5B86.d.CEEDA8AFF72FFC495E664C3E0BE9FDB7.e.3835/click - {}
RESULT: undefined
COMMAND: POST /session/caae61ba24b25c9dd6a47da396113dfa/execute/async - {"script":"<script> [6424 bytes]","args":[{"element-6066-11e4-a52e-4f735466cecf":"f.FE353D0C043CD81D05AD4E9F01DF5B86.d.CEEDA8AFF72FFC495E664C3E0BE9FDB7.e.284"},"getTitle",[]]}
COMMAND: POST /session/caae61ba24b25c9dd6a47da396113dfa/execute/async - {"script":"<script> [1562 bytes]","args":[{"selector":{"id":"shellAppTitle"},"wdio_ui5_key":"shellAppTitle"}]}
RESULT: {"script":"<script> [1562 bytes]","args":[{"selector":{"id":"shellAppTitle"},"wdio_ui5_key":"shellAppTitle"}]}
COMMAND: POST /session/caae61ba24b25c9dd6a47da396113dfa/execute/async - {"script":"<script> [6424 bytes]","args":[{"element-6066-11e4-a52e-4f735466cecf":"f.FE353D0C043CD81D05AD4E9F01DF5B86.d.CEEDA8AFF72FFC495E664C3E0BE9FDB7.e.3917"},"getTitle",[]]}
RESULT: {"script":"<script> [6424 bytes]","args":[{"element-6066-11e4-a52e-4f735466cecf":"f.FE353D0C043CD81D05AD4E9F01DF5B86.d.CEEDA8AFF72FFC495E664C3E0BE9FDB7.e.3917"},"getTitle",[]]}
RESULT: undefined
COMMAND: POST /session/caae61ba24b25c9dd6a47da396113dfa/element/f.FE353D0C043CD81D05AD4E9F01DF5B86.d.CEEDA8AFF72FFC495E664C3E0BE9FDB7.e.3757/click - {}
COMMAND: POST /session/caae61ba24b25c9dd6a47da396113dfa/element - {"using":"xpath","value":"//*[@id=\"backBtn\"]"}
RESULT: {"using":"xpath","value":"//*[@id=\"backBtn\"]"}
COMMAND: POST /session/caae61ba24b25c9dd6a47da396113dfa/element/f.FE353D0C043CD81D05AD4E9F01DF5B86.d.CEEDA8AFF72FFC495E664C3E0BE9FDB7.e.3757/click - {}
COMMAND: POST /session/caae61ba24b25c9dd6a47da396113dfa/element - {"using":"xpath","value":"//*[@id=\"backBtn\"]"}
RESULT: {"using":"xpath","value":"//*[@id=\"backBtn\"]"}
COMMAND: POST /session/caae61ba24b25c9dd6a47da396113dfa/element/f.FE353D0C043CD81D05AD4E9F01DF5B86.d.CEEDA8AFF72FFC495E664C3E0BE9FDB7.e.3918/click - {}
RESULT: {}
COMMAND: GET /session/caae61ba24b25c9dd6a47da396113dfa/screenshot - {}
RESULT: {}
]]></system-out>
    </testcase>
    <testcase classname="chrome.135_0_7049_115.windows.Sanity_Tests_US104253" name="Should open ISC Dashboard page" time="33.46">
      <system-out><![CDATA[
COMMAND: POST /session/caae61ba24b25c9dd6a47da396113dfa/execute/async - {"script":"<script> [1562 bytes]","args":[{"selector":{"controlType":"sap.m.GenericTile","properties":{"header":"ISC Dashboard"}},"wdio_ui5_key":"sapm.GenericTile{\"header\":\"ISC Dashboard\"}"}]}
RESULT: {"script":"<script> [1562 bytes]","args":[{"selector":{"controlType":"sap.m.GenericTile","properties":{"header":"ISC Dashboard"}},"wdio_ui5_key":"sapm.GenericTile{\"header\":\"ISC Dashboard\"}"}]}
RESULT: undefined
COMMAND: POST /session/caae61ba24b25c9dd6a47da396113dfa/element - {"using":"xpath","value":"//*[@id=\"__tile106\"]"}
RESULT: {"using":"xpath","value":"//*[@id=\"__tile106\"]"}
COMMAND: POST /session/caae61ba24b25c9dd6a47da396113dfa/element/f.FE353D0C043CD81D05AD4E9F01DF5B86.d.CEEDA8AFF72FFC495E664C3E0BE9FDB7.e.3920/click - {}
RESULT: {}
COMMAND: GET /session/caae61ba24b25c9dd6a47da396113dfa/screenshot - {}
RESULT: {}
RESULT: undefined
COMMAND: POST /session/caae61ba24b25c9dd6a47da396113dfa/element - {"using":"xpath","value":"//*[@id=\"__tile106\"]"}
RESULT: {"using":"xpath","value":"//*[@id=\"__tile106\"]"}
COMMAND: POST /session/caae61ba24b25c9dd6a47da396113dfa/element/f.FE353D0C043CD81D05AD4E9F01DF5B86.d.CEEDA8AFF72FFC495E664C3E0BE9FDB7.e.3920/click - {}
RESULT: undefined
COMMAND: POST /session/caae61ba24b25c9dd6a47da396113dfa/element - {"using":"xpath","value":"//*[@id=\"__tile106\"]"}
RESULT: {"using":"xpath","value":"//*[@id=\"__tile106\"]"}
COMMAND: POST /session/caae61ba24b25c9dd6a47da396113dfa/element/f.FE353D0C043CD81D05AD4E9F01DF5B86.d.CEEDA8AFF72FFC495E664C3E0BE9FDB7.e.3920/click - {}
RESULT: undefined
COMMAND: POST /session/caae61ba24b25c9dd6a47da396113dfa/execute/async - {"script":"<script> [6424 bytes]","args":[{"element-6066-11e4-a52e-4f735466cecf":"f.FE353D0C043CD81D05AD4E9F01DF5B86.d.CEEDA8AFF72FFC495E664C3E0BE9FDB7.e.284"},"getTitle",[]]}
COMMAND: POST /session/caae61ba24b25c9dd6a47da396113dfa/execute/async - {"script":"<script> [1562 bytes]","args":[{"selector":{"id":"shellAppTitle"},"wdio_ui5_key":"shellAppTitle"}]}
RESULT: {"script":"<script> [1562 bytes]","args":[{"selector":{"id":"shellAppTitle"},"wdio_ui5_key":"shellAppTitle"}]}
COMMAND: POST /session/caae61ba24b25c9dd6a47da396113dfa/execute/async - {"script":"<script> [6424 bytes]","args":[{"element-6066-11e4-a52e-4f735466cecf":"f.FE353D0C043CD81D05AD4E9F01DF5B86.d.CEEDA8AFF72FFC495E664C3E0BE9FDB7.e.4049"},"getTitle",[]]}
RESULT: {"script":"<script> [6424 bytes]","args":[{"element-6066-11e4-a52e-4f735466cecf":"f.FE353D0C043CD81D05AD4E9F01DF5B86.d.CEEDA8AFF72FFC495E664C3E0BE9FDB7.e.4049"},"getTitle",[]]}
RESULT: undefined
COMMAND: POST /session/caae61ba24b25c9dd6a47da396113dfa/element/f.FE353D0C043CD81D05AD4E9F01DF5B86.d.CEEDA8AFF72FFC495E664C3E0BE9FDB7.e.3918/click - {}
RESULT: {}
COMMAND: GET /session/caae61ba24b25c9dd6a47da396113dfa/screenshot - {}
RESULT: {}
]]></system-out>
    </testcase>
    <testcase classname="chrome.135_0_7049_115.windows.Sanity_Tests_US104253" name="Should open ISC Orders page" time="35.07">
      <system-out><![CDATA[
COMMAND: POST /session/caae61ba24b25c9dd6a47da396113dfa/execute/async - {"script":"<script> [1562 bytes]","args":[{"selector":{"controlType":"sap.m.GenericTile","properties":{"header":"ISC Orders"}},"wdio_ui5_key":"sapm.GenericTile{\"header\":\"ISC Orders\"}"}]}
RESULT: {"script":"<script> [1562 bytes]","args":[{"selector":{"controlType":"sap.m.GenericTile","properties":{"header":"ISC Orders"}},"wdio_ui5_key":"sapm.GenericTile{\"header\":\"ISC Orders\"}"}]}
RESULT: undefined
COMMAND: POST /session/caae61ba24b25c9dd6a47da396113dfa/element - {"using":"xpath","value":"//*[@id=\"__tile108\"]"}
RESULT: {"using":"xpath","value":"//*[@id=\"__tile108\"]"}
COMMAND: POST /session/caae61ba24b25c9dd6a47da396113dfa/element/f.FE353D0C043CD81D05AD4E9F01DF5B86.d.CEEDA8AFF72FFC495E664C3E0BE9FDB7.e.4051/click - {}
RESULT: {}
COMMAND: GET /session/caae61ba24b25c9dd6a47da396113dfa/screenshot - {}
RESULT: {}
RESULT: undefined
COMMAND: POST /session/caae61ba24b25c9dd6a47da396113dfa/element - {"using":"xpath","value":"//*[@id=\"__tile108\"]"}
RESULT: {"using":"xpath","value":"//*[@id=\"__tile108\"]"}
COMMAND: POST /session/caae61ba24b25c9dd6a47da396113dfa/element/f.FE353D0C043CD81D05AD4E9F01DF5B86.d.CEEDA8AFF72FFC495E664C3E0BE9FDB7.e.4051/click - {}
RESULT: undefined
COMMAND: POST /session/caae61ba24b25c9dd6a47da396113dfa/element - {"using":"xpath","value":"//*[@id=\"__tile108\"]"}
RESULT: {"using":"xpath","value":"//*[@id=\"__tile108\"]"}
COMMAND: POST /session/caae61ba24b25c9dd6a47da396113dfa/element/f.FE353D0C043CD81D05AD4E9F01DF5B86.d.CEEDA8AFF72FFC495E664C3E0BE9FDB7.e.4051/click - {}
RESULT: undefined
COMMAND: POST /session/caae61ba24b25c9dd6a47da396113dfa/execute/async - {"script":"<script> [6424 bytes]","args":[{"element-6066-11e4-a52e-4f735466cecf":"f.FE353D0C043CD81D05AD4E9F01DF5B86.d.CEEDA8AFF72FFC495E664C3E0BE9FDB7.e.284"},"getTitle",[]]}
COMMAND: POST /session/caae61ba24b25c9dd6a47da396113dfa/execute/async - {"script":"<script> [1562 bytes]","args":[{"selector":{"id":"shellAppTitle"},"wdio_ui5_key":"shellAppTitle"}]}
RESULT: {"script":"<script> [1562 bytes]","args":[{"selector":{"id":"shellAppTitle"},"wdio_ui5_key":"shellAppTitle"}]}
COMMAND: POST /session/caae61ba24b25c9dd6a47da396113dfa/execute/async - {"script":"<script> [6424 bytes]","args":[{"element-6066-11e4-a52e-4f735466cecf":"f.FE353D0C043CD81D05AD4E9F01DF5B86.d.CEEDA8AFF72FFC495E664C3E0BE9FDB7.e.4167"},"getTitle",[]]}
RESULT: {"script":"<script> [6424 bytes]","args":[{"element-6066-11e4-a52e-4f735466cecf":"f.FE353D0C043CD81D05AD4E9F01DF5B86.d.CEEDA8AFF72FFC495E664C3E0BE9FDB7.e.4167"},"getTitle",[]]}
RESULT: undefined
COMMAND: POST /session/caae61ba24b25c9dd6a47da396113dfa/element/f.FE353D0C043CD81D05AD4E9F01DF5B86.d.CEEDA8AFF72FFC495E664C3E0BE9FDB7.e.3918/click - {}
COMMAND: POST /session/caae61ba24b25c9dd6a47da396113dfa/element - {"using":"xpath","value":"//*[@id=\"backBtn\"]"}
RESULT: {"using":"xpath","value":"//*[@id=\"backBtn\"]"}
COMMAND: POST /session/caae61ba24b25c9dd6a47da396113dfa/element/f.FE353D0C043CD81D05AD4E9F01DF5B86.d.CEEDA8AFF72FFC495E664C3E0BE9FDB7.e.3918/click - {}
COMMAND: POST /session/caae61ba24b25c9dd6a47da396113dfa/element - {"using":"xpath","value":"//*[@id=\"backBtn\"]"}
RESULT: {"using":"xpath","value":"//*[@id=\"backBtn\"]"}
COMMAND: POST /session/caae61ba24b25c9dd6a47da396113dfa/element/f.FE353D0C043CD81D05AD4E9F01DF5B86.d.CEEDA8AFF72FFC495E664C3E0BE9FDB7.e.4168/click - {}
RESULT: {}
COMMAND: GET /session/caae61ba24b25c9dd6a47da396113dfa/screenshot - {}
RESULT: {}
]]></system-out>
    </testcase>
    <testcase classname="chrome.135_0_7049_115.windows.Sanity_Tests_US104253" name="Should open ISC Tasks page" time="33.499">
      <system-out><![CDATA[
COMMAND: POST /session/caae61ba24b25c9dd6a47da396113dfa/execute/async - {"script":"<script> [1562 bytes]","args":[{"selector":{"controlType":"sap.m.GenericTile","properties":{"header":"ISC Tasks"}},"wdio_ui5_key":"sapm.GenericTile{\"header\":\"ISC Tasks\"}"}]}
RESULT: {"script":"<script> [1562 bytes]","args":[{"selector":{"controlType":"sap.m.GenericTile","properties":{"header":"ISC Tasks"}},"wdio_ui5_key":"sapm.GenericTile{\"header\":\"ISC Tasks\"}"}]}
RESULT: undefined
COMMAND: POST /session/caae61ba24b25c9dd6a47da396113dfa/element - {"using":"xpath","value":"//*[@id=\"__tile110\"]"}
RESULT: {"using":"xpath","value":"//*[@id=\"__tile110\"]"}
COMMAND: POST /session/caae61ba24b25c9dd6a47da396113dfa/element/f.FE353D0C043CD81D05AD4E9F01DF5B86.d.CEEDA8AFF72FFC495E664C3E0BE9FDB7.e.4170/click - {}
RESULT: {}
COMMAND: GET /session/caae61ba24b25c9dd6a47da396113dfa/screenshot - {}
RESULT: {}
RESULT: undefined
COMMAND: POST /session/caae61ba24b25c9dd6a47da396113dfa/element - {"using":"xpath","value":"//*[@id=\"__tile110\"]"}
RESULT: {"using":"xpath","value":"//*[@id=\"__tile110\"]"}
COMMAND: POST /session/caae61ba24b25c9dd6a47da396113dfa/element/f.FE353D0C043CD81D05AD4E9F01DF5B86.d.CEEDA8AFF72FFC495E664C3E0BE9FDB7.e.4170/click - {}
RESULT: undefined
COMMAND: POST /session/caae61ba24b25c9dd6a47da396113dfa/element - {"using":"xpath","value":"//*[@id=\"__tile110\"]"}
RESULT: {"using":"xpath","value":"//*[@id=\"__tile110\"]"}
COMMAND: POST /session/caae61ba24b25c9dd6a47da396113dfa/element/f.FE353D0C043CD81D05AD4E9F01DF5B86.d.CEEDA8AFF72FFC495E664C3E0BE9FDB7.e.4170/click - {}
RESULT: undefined
COMMAND: POST /session/caae61ba24b25c9dd6a47da396113dfa/execute/async - {"script":"<script> [6424 bytes]","args":[{"element-6066-11e4-a52e-4f735466cecf":"f.FE353D0C043CD81D05AD4E9F01DF5B86.d.CEEDA8AFF72FFC495E664C3E0BE9FDB7.e.284"},"getTitle",[]]}
COMMAND: POST /session/caae61ba24b25c9dd6a47da396113dfa/execute/async - {"script":"<script> [1562 bytes]","args":[{"selector":{"id":"shellAppTitle"},"wdio_ui5_key":"shellAppTitle"}]}
RESULT: {"script":"<script> [1562 bytes]","args":[{"selector":{"id":"shellAppTitle"},"wdio_ui5_key":"shellAppTitle"}]}
COMMAND: POST /session/caae61ba24b25c9dd6a47da396113dfa/execute/async - {"script":"<script> [6424 bytes]","args":[{"element-6066-11e4-a52e-4f735466cecf":"f.FE353D0C043CD81D05AD4E9F01DF5B86.d.CEEDA8AFF72FFC495E664C3E0BE9FDB7.e.4260"},"getTitle",[]]}
RESULT: {"script":"<script> [6424 bytes]","args":[{"element-6066-11e4-a52e-4f735466cecf":"f.FE353D0C043CD81D05AD4E9F01DF5B86.d.CEEDA8AFF72FFC495E664C3E0BE9FDB7.e.4260"},"getTitle",[]]}
RESULT: undefined
COMMAND: POST /session/caae61ba24b25c9dd6a47da396113dfa/element/f.FE353D0C043CD81D05AD4E9F01DF5B86.d.CEEDA8AFF72FFC495E664C3E0BE9FDB7.e.4168/click - {}
RESULT: {}
COMMAND: GET /session/caae61ba24b25c9dd6a47da396113dfa/screenshot - {}
RESULT: {}
]]></system-out>
    </testcase>
    <testcase classname="chrome.135_0_7049_115.windows.Sanity_Tests_US104253" name="Should open Manage Resource Logbook page" time="39.752">
      <system-out><![CDATA[
COMMAND: POST /session/caae61ba24b25c9dd6a47da396113dfa/execute/async - {"script":"<script> [1562 bytes]","args":[{"selector":{"controlType":"sap.m.GenericTile","properties":{"header":"Manage Resource Logbook"}},"wdio_ui5_key":"sapm.GenericTile{\"header\":\"Manage Resource Logbook\"}"}]}
RESULT: {"script":"<script> [1562 bytes]","args":[{"selector":{"controlType":"sap.m.GenericTile","properties":{"header":"Manage Resource Logbook"}},"wdio_ui5_key":"sapm.GenericTile{\"header\":\"Manage Resource Logbook\"}"}]}
RESULT: undefined
COMMAND: POST /session/caae61ba24b25c9dd6a47da396113dfa/element - {"using":"xpath","value":"//*[@id=\"__tile113\"]"}
RESULT: {"using":"xpath","value":"//*[@id=\"__tile113\"]"}
COMMAND: POST /session/caae61ba24b25c9dd6a47da396113dfa/element/f.FE353D0C043CD81D05AD4E9F01DF5B86.d.CEEDA8AFF72FFC495E664C3E0BE9FDB7.e.4262/click - {}
RESULT: {}
COMMAND: GET /session/caae61ba24b25c9dd6a47da396113dfa/screenshot - {}
RESULT: {}
RESULT: undefined
COMMAND: POST /session/caae61ba24b25c9dd6a47da396113dfa/element - {"using":"xpath","value":"//*[@id=\"__tile113\"]"}
RESULT: {"using":"xpath","value":"//*[@id=\"__tile113\"]"}
COMMAND: POST /session/caae61ba24b25c9dd6a47da396113dfa/element/f.FE353D0C043CD81D05AD4E9F01DF5B86.d.CEEDA8AFF72FFC495E664C3E0BE9FDB7.e.4262/click - {}
RESULT: undefined
COMMAND: POST /session/caae61ba24b25c9dd6a47da396113dfa/element - {"using":"xpath","value":"//*[@id=\"__tile113\"]"}
RESULT: {"using":"xpath","value":"//*[@id=\"__tile113\"]"}
COMMAND: POST /session/caae61ba24b25c9dd6a47da396113dfa/element/f.FE353D0C043CD81D05AD4E9F01DF5B86.d.CEEDA8AFF72FFC495E664C3E0BE9FDB7.e.4262/click - {}
RESULT: undefined
COMMAND: POST /session/caae61ba24b25c9dd6a47da396113dfa/execute/async - {"script":"<script> [6424 bytes]","args":[{"element-6066-11e4-a52e-4f735466cecf":"f.FE353D0C043CD81D05AD4E9F01DF5B86.d.CEEDA8AFF72FFC495E664C3E0BE9FDB7.e.284"},"getTitle",[]]}
COMMAND: POST /session/caae61ba24b25c9dd6a47da396113dfa/execute/async - {"script":"<script> [1562 bytes]","args":[{"selector":{"id":"shellAppTitle"},"wdio_ui5_key":"shellAppTitle"}]}
RESULT: {"script":"<script> [1562 bytes]","args":[{"selector":{"id":"shellAppTitle"},"wdio_ui5_key":"shellAppTitle"}]}
COMMAND: POST /session/caae61ba24b25c9dd6a47da396113dfa/execute/async - {"script":"<script> [6424 bytes]","args":[{"element-6066-11e4-a52e-4f735466cecf":"f.FE353D0C043CD81D05AD4E9F01DF5B86.d.CEEDA8AFF72FFC495E664C3E0BE9FDB7.e.4369"},"getTitle",[]]}
RESULT: {"script":"<script> [6424 bytes]","args":[{"element-6066-11e4-a52e-4f735466cecf":"f.FE353D0C043CD81D05AD4E9F01DF5B86.d.CEEDA8AFF72FFC495E664C3E0BE9FDB7.e.4369"},"getTitle",[]]}
RESULT: undefined
COMMAND: POST /session/caae61ba24b25c9dd6a47da396113dfa/element/f.FE353D0C043CD81D05AD4E9F01DF5B86.d.CEEDA8AFF72FFC495E664C3E0BE9FDB7.e.4168/click - {}
COMMAND: POST /session/caae61ba24b25c9dd6a47da396113dfa/element - {"using":"xpath","value":"//*[@id=\"backBtn\"]"}
RESULT: {"using":"xpath","value":"//*[@id=\"backBtn\"]"}
COMMAND: POST /session/caae61ba24b25c9dd6a47da396113dfa/element/f.FE353D0C043CD81D05AD4E9F01DF5B86.d.CEEDA8AFF72FFC495E664C3E0BE9FDB7.e.4168/click - {}
COMMAND: POST /session/caae61ba24b25c9dd6a47da396113dfa/element - {"using":"xpath","value":"//*[@id=\"backBtn\"]"}
RESULT: {"using":"xpath","value":"//*[@id=\"backBtn\"]"}
COMMAND: POST /session/caae61ba24b25c9dd6a47da396113dfa/element/f.FE353D0C043CD81D05AD4E9F01DF5B86.d.CEEDA8AFF72FFC495E664C3E0BE9FDB7.e.4370/click - {}
RESULT: {}
COMMAND: GET /session/caae61ba24b25c9dd6a47da396113dfa/screenshot - {}
RESULT: {}
]]></system-out>
    </testcase>
    <testcase classname="chrome.135_0_7049_115.windows.Sanity_Tests_US104253" name="Should open Manage Logbook page" time="33.627">
      <system-out><![CDATA[
COMMAND: POST /session/caae61ba24b25c9dd6a47da396113dfa/execute/async - {"script":"<script> [1562 bytes]","args":[{"selector":{"controlType":"sap.m.GenericTile","properties":{"header":"Manage Logbook"}},"wdio_ui5_key":"sapm.GenericTile{\"header\":\"Manage Logbook\"}"}]}
RESULT: {"script":"<script> [1562 bytes]","args":[{"selector":{"controlType":"sap.m.GenericTile","properties":{"header":"Manage Logbook"}},"wdio_ui5_key":"sapm.GenericTile{\"header\":\"Manage Logbook\"}"}]}
RESULT: undefined
COMMAND: POST /session/caae61ba24b25c9dd6a47da396113dfa/element - {"using":"xpath","value":"//*[@id=\"__tile112\"]"}
RESULT: {"using":"xpath","value":"//*[@id=\"__tile112\"]"}
COMMAND: POST /session/caae61ba24b25c9dd6a47da396113dfa/element/f.FE353D0C043CD81D05AD4E9F01DF5B86.d.CEEDA8AFF72FFC495E664C3E0BE9FDB7.e.4372/click - {}
RESULT: {}
COMMAND: GET /session/caae61ba24b25c9dd6a47da396113dfa/screenshot - {}
RESULT: {}
RESULT: undefined
COMMAND: POST /session/caae61ba24b25c9dd6a47da396113dfa/element - {"using":"xpath","value":"//*[@id=\"__tile112\"]"}
RESULT: {"using":"xpath","value":"//*[@id=\"__tile112\"]"}
COMMAND: POST /session/caae61ba24b25c9dd6a47da396113dfa/element/f.FE353D0C043CD81D05AD4E9F01DF5B86.d.CEEDA8AFF72FFC495E664C3E0BE9FDB7.e.4372/click - {}
RESULT: undefined
COMMAND: POST /session/caae61ba24b25c9dd6a47da396113dfa/element - {"using":"xpath","value":"//*[@id=\"__tile112\"]"}
RESULT: {"using":"xpath","value":"//*[@id=\"__tile112\"]"}
COMMAND: POST /session/caae61ba24b25c9dd6a47da396113dfa/element/f.FE353D0C043CD81D05AD4E9F01DF5B86.d.CEEDA8AFF72FFC495E664C3E0BE9FDB7.e.4372/click - {}
RESULT: undefined
COMMAND: POST /session/caae61ba24b25c9dd6a47da396113dfa/execute/async - {"script":"<script> [6424 bytes]","args":[{"element-6066-11e4-a52e-4f735466cecf":"f.FE353D0C043CD81D05AD4E9F01DF5B86.d.CEEDA8AFF72FFC495E664C3E0BE9FDB7.e.284"},"getTitle",[]]}
COMMAND: POST /session/caae61ba24b25c9dd6a47da396113dfa/execute/async - {"script":"<script> [1562 bytes]","args":[{"selector":{"id":"shellAppTitle"},"wdio_ui5_key":"shellAppTitle"}]}
RESULT: {"script":"<script> [1562 bytes]","args":[{"selector":{"id":"shellAppTitle"},"wdio_ui5_key":"shellAppTitle"}]}
COMMAND: POST /session/caae61ba24b25c9dd6a47da396113dfa/execute/async - {"script":"<script> [6424 bytes]","args":[{"element-6066-11e4-a52e-4f735466cecf":"f.FE353D0C043CD81D05AD4E9F01DF5B86.d.CEEDA8AFF72FFC495E664C3E0BE9FDB7.e.4596"},"getTitle",[]]}
RESULT: {"script":"<script> [6424 bytes]","args":[{"element-6066-11e4-a52e-4f735466cecf":"f.FE353D0C043CD81D05AD4E9F01DF5B86.d.CEEDA8AFF72FFC495E664C3E0BE9FDB7.e.4596"},"getTitle",[]]}
RESULT: undefined
COMMAND: POST /session/caae61ba24b25c9dd6a47da396113dfa/element/f.FE353D0C043CD81D05AD4E9F01DF5B86.d.CEEDA8AFF72FFC495E664C3E0BE9FDB7.e.4370/click - {}
RESULT: {}
COMMAND: GET /session/caae61ba24b25c9dd6a47da396113dfa/screenshot - {}
RESULT: {}
]]></system-out>
    </testcase>
    <testcase classname="chrome.135_0_7049_115.windows.Sanity_Tests_US104253" name="Should open ISC Orders Calendar page" time="36.965">
      <system-out><![CDATA[
COMMAND: POST /session/caae61ba24b25c9dd6a47da396113dfa/execute/async - {"script":"<script> [1562 bytes]","args":[{"selector":{"controlType":"sap.m.GenericTile","properties":{"header":"ISC Orders Calendar"}},"wdio_ui5_key":"sapm.GenericTile{\"header\":\"ISC Orders Calendar\"}"}]}
RESULT: {"script":"<script> [1562 bytes]","args":[{"selector":{"controlType":"sap.m.GenericTile","properties":{"header":"ISC Orders Calendar"}},"wdio_ui5_key":"sapm.GenericTile{\"header\":\"ISC Orders Calendar\"}"}]}
RESULT: undefined
COMMAND: POST /session/caae61ba24b25c9dd6a47da396113dfa/element - {"using":"xpath","value":"//*[@id=\"__tile107\"]"}
RESULT: {"using":"xpath","value":"//*[@id=\"__tile107\"]"}
COMMAND: POST /session/caae61ba24b25c9dd6a47da396113dfa/element/f.FE353D0C043CD81D05AD4E9F01DF5B86.d.CEEDA8AFF72FFC495E664C3E0BE9FDB7.e.4598/click - {}
RESULT: {}
COMMAND: GET /session/caae61ba24b25c9dd6a47da396113dfa/screenshot - {}
RESULT: {}
RESULT: undefined
COMMAND: POST /session/caae61ba24b25c9dd6a47da396113dfa/element - {"using":"xpath","value":"//*[@id=\"__tile107\"]"}
RESULT: {"using":"xpath","value":"//*[@id=\"__tile107\"]"}
COMMAND: POST /session/caae61ba24b25c9dd6a47da396113dfa/element/f.FE353D0C043CD81D05AD4E9F01DF5B86.d.CEEDA8AFF72FFC495E664C3E0BE9FDB7.e.4598/click - {}
RESULT: undefined
COMMAND: POST /session/caae61ba24b25c9dd6a47da396113dfa/element - {"using":"xpath","value":"//*[@id=\"__tile107\"]"}
RESULT: {"using":"xpath","value":"//*[@id=\"__tile107\"]"}
COMMAND: POST /session/caae61ba24b25c9dd6a47da396113dfa/element/f.FE353D0C043CD81D05AD4E9F01DF5B86.d.CEEDA8AFF72FFC495E664C3E0BE9FDB7.e.4598/click - {}
RESULT: undefined
COMMAND: POST /session/caae61ba24b25c9dd6a47da396113dfa/execute/async - {"script":"<script> [6424 bytes]","args":[{"element-6066-11e4-a52e-4f735466cecf":"f.FE353D0C043CD81D05AD4E9F01DF5B86.d.CEEDA8AFF72FFC495E664C3E0BE9FDB7.e.284"},"getTitle",[]]}
COMMAND: POST /session/caae61ba24b25c9dd6a47da396113dfa/execute/async - {"script":"<script> [1562 bytes]","args":[{"selector":{"id":"shellAppTitle"},"wdio_ui5_key":"shellAppTitle"}]}
RESULT: {"script":"<script> [1562 bytes]","args":[{"selector":{"id":"shellAppTitle"},"wdio_ui5_key":"shellAppTitle"}]}
COMMAND: POST /session/caae61ba24b25c9dd6a47da396113dfa/execute/async - {"script":"<script> [6424 bytes]","args":[{"element-6066-11e4-a52e-4f735466cecf":"f.FE353D0C043CD81D05AD4E9F01DF5B86.d.CEEDA8AFF72FFC495E664C3E0BE9FDB7.e.4807"},"getTitle",[]]}
RESULT: {"script":"<script> [6424 bytes]","args":[{"element-6066-11e4-a52e-4f735466cecf":"f.FE353D0C043CD81D05AD4E9F01DF5B86.d.CEEDA8AFF72FFC495E664C3E0BE9FDB7.e.4807"},"getTitle",[]]}
RESULT: undefined
COMMAND: POST /session/caae61ba24b25c9dd6a47da396113dfa/element/f.FE353D0C043CD81D05AD4E9F01DF5B86.d.CEEDA8AFF72FFC495E664C3E0BE9FDB7.e.4370/click - {}
COMMAND: POST /session/caae61ba24b25c9dd6a47da396113dfa/element - {"using":"xpath","value":"//*[@id=\"backBtn\"]"}
RESULT: {"using":"xpath","value":"//*[@id=\"backBtn\"]"}
COMMAND: POST /session/caae61ba24b25c9dd6a47da396113dfa/element/f.FE353D0C043CD81D05AD4E9F01DF5B86.d.CEEDA8AFF72FFC495E664C3E0BE9FDB7.e.4370/click - {}
COMMAND: POST /session/caae61ba24b25c9dd6a47da396113dfa/element - {"using":"xpath","value":"//*[@id=\"backBtn\"]"}
RESULT: {"using":"xpath","value":"//*[@id=\"backBtn\"]"}
COMMAND: POST /session/caae61ba24b25c9dd6a47da396113dfa/element/f.FE353D0C043CD81D05AD4E9F01DF5B86.d.CEEDA8AFF72FFC495E664C3E0BE9FDB7.e.4808/click - {}
RESULT: {}
COMMAND: GET /session/caae61ba24b25c9dd6a47da396113dfa/screenshot - {}
RESULT: {}
]]></system-out>
    </testcase>
    <testcase classname="chrome.135_0_7049_115.windows.Sanity_Tests_US104253" name="Should open Configure System page" time="33.113">
      <system-out><![CDATA[
COMMAND: POST /session/caae61ba24b25c9dd6a47da396113dfa/execute/async - {"script":"<script> [1562 bytes]","args":[{"selector":{"controlType":"sap.m.GenericTile","properties":{"header":"Configure System"}},"wdio_ui5_key":"sapm.GenericTile{\"header\":\"Configure System\"}"}]}
RESULT: {"script":"<script> [1562 bytes]","args":[{"selector":{"controlType":"sap.m.GenericTile","properties":{"header":"Configure System"}},"wdio_ui5_key":"sapm.GenericTile{\"header\":\"Configure System\"}"}]}
RESULT: undefined
COMMAND: POST /session/caae61ba24b25c9dd6a47da396113dfa/element - {"using":"xpath","value":"//*[@id=\"__tile114\"]"}
RESULT: {"using":"xpath","value":"//*[@id=\"__tile114\"]"}
COMMAND: POST /session/caae61ba24b25c9dd6a47da396113dfa/element/f.FE353D0C043CD81D05AD4E9F01DF5B86.d.CEEDA8AFF72FFC495E664C3E0BE9FDB7.e.4810/click - {}
RESULT: {}
COMMAND: GET /session/caae61ba24b25c9dd6a47da396113dfa/screenshot - {}
RESULT: {}
RESULT: undefined
COMMAND: POST /session/caae61ba24b25c9dd6a47da396113dfa/element - {"using":"xpath","value":"//*[@id=\"__tile114\"]"}
RESULT: {"using":"xpath","value":"//*[@id=\"__tile114\"]"}
COMMAND: POST /session/caae61ba24b25c9dd6a47da396113dfa/element/f.FE353D0C043CD81D05AD4E9F01DF5B86.d.CEEDA8AFF72FFC495E664C3E0BE9FDB7.e.4810/click - {}
RESULT: undefined
COMMAND: POST /session/caae61ba24b25c9dd6a47da396113dfa/element - {"using":"xpath","value":"//*[@id=\"__tile114\"]"}
RESULT: {"using":"xpath","value":"//*[@id=\"__tile114\"]"}
COMMAND: POST /session/caae61ba24b25c9dd6a47da396113dfa/element/f.FE353D0C043CD81D05AD4E9F01DF5B86.d.CEEDA8AFF72FFC495E664C3E0BE9FDB7.e.4810/click - {}
RESULT: undefined
COMMAND: POST /session/caae61ba24b25c9dd6a47da396113dfa/execute/async - {"script":"<script> [6424 bytes]","args":[{"element-6066-11e4-a52e-4f735466cecf":"f.FE353D0C043CD81D05AD4E9F01DF5B86.d.CEEDA8AFF72FFC495E664C3E0BE9FDB7.e.284"},"getTitle",[]]}
COMMAND: POST /session/caae61ba24b25c9dd6a47da396113dfa/execute/async - {"script":"<script> [1562 bytes]","args":[{"selector":{"id":"shellAppTitle"},"wdio_ui5_key":"shellAppTitle"}]}
RESULT: {"script":"<script> [1562 bytes]","args":[{"selector":{"id":"shellAppTitle"},"wdio_ui5_key":"shellAppTitle"}]}
COMMAND: POST /session/caae61ba24b25c9dd6a47da396113dfa/execute/async - {"script":"<script> [6424 bytes]","args":[{"element-6066-11e4-a52e-4f735466cecf":"f.FE353D0C043CD81D05AD4E9F01DF5B86.d.CEEDA8AFF72FFC495E664C3E0BE9FDB7.e.4846"},"getTitle",[]]}
RESULT: {"script":"<script> [6424 bytes]","args":[{"element-6066-11e4-a52e-4f735466cecf":"f.FE353D0C043CD81D05AD4E9F01DF5B86.d.CEEDA8AFF72FFC495E664C3E0BE9FDB7.e.4846"},"getTitle",[]]}
RESULT: undefined
COMMAND: POST /session/caae61ba24b25c9dd6a47da396113dfa/element/f.FE353D0C043CD81D05AD4E9F01DF5B86.d.CEEDA8AFF72FFC495E664C3E0BE9FDB7.e.4808/click - {}
RESULT: {}
COMMAND: GET /session/caae61ba24b25c9dd6a47da396113dfa/screenshot - {}
RESULT: {}
]]></system-out>
    </testcase>
    <testcase classname="chrome.135_0_7049_115.windows.Sanity_Tests_US104253" name="Should open Manage Classifications page" time="32.442">
      <system-out><![CDATA[
COMMAND: POST /session/caae61ba24b25c9dd6a47da396113dfa/execute/async - {"script":"<script> [1562 bytes]","args":[{"selector":{"controlType":"sap.m.GenericTile","properties":{"header":"Manage Classifications"}},"wdio_ui5_key":"sapm.GenericTile{\"header\":\"Manage Classifications\"}"}]}
RESULT: {"script":"<script> [1562 bytes]","args":[{"selector":{"controlType":"sap.m.GenericTile","properties":{"header":"Manage Classifications"}},"wdio_ui5_key":"sapm.GenericTile{\"header\":\"Manage Classifications\"}"}]}
RESULT: undefined
COMMAND: POST /session/caae61ba24b25c9dd6a47da396113dfa/element - {"using":"xpath","value":"//*[@id=\"__tile115\"]"}
RESULT: {"using":"xpath","value":"//*[@id=\"__tile115\"]"}
COMMAND: POST /session/caae61ba24b25c9dd6a47da396113dfa/element/f.FE353D0C043CD81D05AD4E9F01DF5B86.d.CEEDA8AFF72FFC495E664C3E0BE9FDB7.e.4850/click - {}
RESULT: {}
COMMAND: GET /session/caae61ba24b25c9dd6a47da396113dfa/screenshot - {}
RESULT: {}
RESULT: undefined
COMMAND: POST /session/caae61ba24b25c9dd6a47da396113dfa/element - {"using":"xpath","value":"//*[@id=\"__tile115\"]"}
RESULT: {"using":"xpath","value":"//*[@id=\"__tile115\"]"}
COMMAND: POST /session/caae61ba24b25c9dd6a47da396113dfa/element/f.FE353D0C043CD81D05AD4E9F01DF5B86.d.CEEDA8AFF72FFC495E664C3E0BE9FDB7.e.4850/click - {}
RESULT: undefined
COMMAND: POST /session/caae61ba24b25c9dd6a47da396113dfa/element - {"using":"xpath","value":"//*[@id=\"__tile115\"]"}
RESULT: {"using":"xpath","value":"//*[@id=\"__tile115\"]"}
COMMAND: POST /session/caae61ba24b25c9dd6a47da396113dfa/element/f.FE353D0C043CD81D05AD4E9F01DF5B86.d.CEEDA8AFF72FFC495E664C3E0BE9FDB7.e.4850/click - {}
RESULT: undefined
COMMAND: POST /session/caae61ba24b25c9dd6a47da396113dfa/execute/async - {"script":"<script> [6424 bytes]","args":[{"element-6066-11e4-a52e-4f735466cecf":"f.FE353D0C043CD81D05AD4E9F01DF5B86.d.CEEDA8AFF72FFC495E664C3E0BE9FDB7.e.284"},"getTitle",[]]}
COMMAND: POST /session/caae61ba24b25c9dd6a47da396113dfa/execute/async - {"script":"<script> [1562 bytes]","args":[{"selector":{"id":"shellAppTitle"},"wdio_ui5_key":"shellAppTitle"}]}
RESULT: {"script":"<script> [1562 bytes]","args":[{"selector":{"id":"shellAppTitle"},"wdio_ui5_key":"shellAppTitle"}]}
COMMAND: POST /session/caae61ba24b25c9dd6a47da396113dfa/execute/async - {"script":"<script> [6424 bytes]","args":[{"element-6066-11e4-a52e-4f735466cecf":"f.FE353D0C043CD81D05AD4E9F01DF5B86.d.CEEDA8AFF72FFC495E664C3E0BE9FDB7.e.4983"},"getTitle",[]]}
RESULT: {"script":"<script> [6424 bytes]","args":[{"element-6066-11e4-a52e-4f735466cecf":"f.FE353D0C043CD81D05AD4E9F01DF5B86.d.CEEDA8AFF72FFC495E664C3E0BE9FDB7.e.4983"},"getTitle",[]]}
RESULT: undefined
COMMAND: POST /session/caae61ba24b25c9dd6a47da396113dfa/element/f.FE353D0C043CD81D05AD4E9F01DF5B86.d.CEEDA8AFF72FFC495E664C3E0BE9FDB7.e.4808/click - {}
COMMAND: POST /session/caae61ba24b25c9dd6a47da396113dfa/element - {"using":"xpath","value":"//*[@id=\"backBtn\"]"}
RESULT: {"using":"xpath","value":"//*[@id=\"backBtn\"]"}
COMMAND: POST /session/caae61ba24b25c9dd6a47da396113dfa/element/f.FE353D0C043CD81D05AD4E9F01DF5B86.d.CEEDA8AFF72FFC495E664C3E0BE9FDB7.e.4808/click - {}
COMMAND: POST /session/caae61ba24b25c9dd6a47da396113dfa/element - {"using":"xpath","value":"//*[@id=\"backBtn\"]"}
RESULT: {"using":"xpath","value":"//*[@id=\"backBtn\"]"}
COMMAND: POST /session/caae61ba24b25c9dd6a47da396113dfa/element/f.FE353D0C043CD81D05AD4E9F01DF5B86.d.CEEDA8AFF72FFC495E664C3E0BE9FDB7.e.4984/click - {}
RESULT: {}
COMMAND: GET /session/caae61ba24b25c9dd6a47da396113dfa/screenshot - {}
RESULT: {}
]]></system-out>
    </testcase>
    <testcase classname="chrome.135_0_7049_115.windows.Sanity_Tests_US104253" name="Should open Data Explorer page" time="30.444">
      <system-out><![CDATA[
COMMAND: POST /session/caae61ba24b25c9dd6a47da396113dfa/execute/async - {"script":"<script> [1562 bytes]","args":[{"selector":{"controlType":"sap.m.GenericTile","properties":{"header":"Data Explorer"}},"wdio_ui5_key":"sapm.GenericTile{\"header\":\"Data Explorer\"}"}]}
RESULT: {"script":"<script> [1562 bytes]","args":[{"selector":{"controlType":"sap.m.GenericTile","properties":{"header":"Data Explorer"}},"wdio_ui5_key":"sapm.GenericTile{\"header\":\"Data Explorer\"}"}]}
RESULT: undefined
COMMAND: POST /session/caae61ba24b25c9dd6a47da396113dfa/element - {"using":"xpath","value":"//*[@id=\"__tile117\"]"}
RESULT: {"using":"xpath","value":"//*[@id=\"__tile117\"]"}
COMMAND: POST /session/caae61ba24b25c9dd6a47da396113dfa/element/f.FE353D0C043CD81D05AD4E9F01DF5B86.d.CEEDA8AFF72FFC495E664C3E0BE9FDB7.e.4986/click - {}
RESULT: {}
COMMAND: GET /session/caae61ba24b25c9dd6a47da396113dfa/screenshot - {}
RESULT: {}
RESULT: undefined
COMMAND: POST /session/caae61ba24b25c9dd6a47da396113dfa/element - {"using":"xpath","value":"//*[@id=\"__tile117\"]"}
RESULT: {"using":"xpath","value":"//*[@id=\"__tile117\"]"}
COMMAND: POST /session/caae61ba24b25c9dd6a47da396113dfa/element/f.FE353D0C043CD81D05AD4E9F01DF5B86.d.CEEDA8AFF72FFC495E664C3E0BE9FDB7.e.4986/click - {}
RESULT: undefined
COMMAND: POST /session/caae61ba24b25c9dd6a47da396113dfa/element - {"using":"xpath","value":"//*[@id=\"__tile117\"]"}
RESULT: {"using":"xpath","value":"//*[@id=\"__tile117\"]"}
COMMAND: POST /session/caae61ba24b25c9dd6a47da396113dfa/element/f.FE353D0C043CD81D05AD4E9F01DF5B86.d.CEEDA8AFF72FFC495E664C3E0BE9FDB7.e.4986/click - {}
RESULT: undefined
COMMAND: POST /session/caae61ba24b25c9dd6a47da396113dfa/execute/async - {"script":"<script> [6424 bytes]","args":[{"element-6066-11e4-a52e-4f735466cecf":"f.FE353D0C043CD81D05AD4E9F01DF5B86.d.CEEDA8AFF72FFC495E664C3E0BE9FDB7.e.284"},"getTitle",[]]}
COMMAND: POST /session/caae61ba24b25c9dd6a47da396113dfa/execute/async - {"script":"<script> [1562 bytes]","args":[{"selector":{"id":"shellAppTitle"},"wdio_ui5_key":"shellAppTitle"}]}
RESULT: {"script":"<script> [1562 bytes]","args":[{"selector":{"id":"shellAppTitle"},"wdio_ui5_key":"shellAppTitle"}]}
COMMAND: POST /session/caae61ba24b25c9dd6a47da396113dfa/execute/async - {"script":"<script> [6424 bytes]","args":[{"element-6066-11e4-a52e-4f735466cecf":"f.FE353D0C043CD81D05AD4E9F01DF5B86.d.CEEDA8AFF72FFC495E664C3E0BE9FDB7.e.5315"},"getTitle",[]]}
RESULT: {"script":"<script> [6424 bytes]","args":[{"element-6066-11e4-a52e-4f735466cecf":"f.FE353D0C043CD81D05AD4E9F01DF5B86.d.CEEDA8AFF72FFC495E664C3E0BE9FDB7.e.5315"},"getTitle",[]]}
RESULT: undefined
COMMAND: POST /session/caae61ba24b25c9dd6a47da396113dfa/element/f.FE353D0C043CD81D05AD4E9F01DF5B86.d.CEEDA8AFF72FFC495E664C3E0BE9FDB7.e.4984/click - {}
RESULT: {}
COMMAND: GET /session/caae61ba24b25c9dd6a47da396113dfa/screenshot - {}
RESULT: {}
]]></system-out>
    </testcase>
    <testcase classname="chrome.135_0_7049_115.windows.Sanity_Tests_US104253" name="Should open Performance Monitor page" time="36.749">
      <system-out><![CDATA[
COMMAND: POST /session/caae61ba24b25c9dd6a47da396113dfa/execute/async - {"script":"<script> [1562 bytes]","args":[{"selector":{"controlType":"sap.m.GenericTile","properties":{"header":"Performance Monitor"}},"wdio_ui5_key":"sapm.GenericTile{\"header\":\"Performance Monitor\"}"}]}
RESULT: {"script":"<script> [1562 bytes]","args":[{"selector":{"controlType":"sap.m.GenericTile","properties":{"header":"Performance Monitor"}},"wdio_ui5_key":"sapm.GenericTile{\"header\":\"Performance Monitor\"}"}]}
RESULT: undefined
COMMAND: POST /session/caae61ba24b25c9dd6a47da396113dfa/element - {"using":"xpath","value":"//*[@id=\"__tile116\"]"}
RESULT: {"using":"xpath","value":"//*[@id=\"__tile116\"]"}
COMMAND: POST /session/caae61ba24b25c9dd6a47da396113dfa/element/f.FE353D0C043CD81D05AD4E9F01DF5B86.d.CEEDA8AFF72FFC495E664C3E0BE9FDB7.e.5317/click - {}
RESULT: {}
COMMAND: GET /session/caae61ba24b25c9dd6a47da396113dfa/screenshot - {}
RESULT: {}
RESULT: undefined
COMMAND: POST /session/caae61ba24b25c9dd6a47da396113dfa/element - {"using":"xpath","value":"//*[@id=\"__tile116\"]"}
RESULT: {"using":"xpath","value":"//*[@id=\"__tile116\"]"}
COMMAND: POST /session/caae61ba24b25c9dd6a47da396113dfa/element/f.FE353D0C043CD81D05AD4E9F01DF5B86.d.CEEDA8AFF72FFC495E664C3E0BE9FDB7.e.5317/click - {}
RESULT: undefined
COMMAND: POST /session/caae61ba24b25c9dd6a47da396113dfa/element - {"using":"xpath","value":"//*[@id=\"__tile116\"]"}
RESULT: {"using":"xpath","value":"//*[@id=\"__tile116\"]"}
COMMAND: POST /session/caae61ba24b25c9dd6a47da396113dfa/element/f.FE353D0C043CD81D05AD4E9F01DF5B86.d.CEEDA8AFF72FFC495E664C3E0BE9FDB7.e.5317/click - {}
RESULT: undefined
COMMAND: POST /session/caae61ba24b25c9dd6a47da396113dfa/execute/async - {"script":"<script> [6424 bytes]","args":[{"element-6066-11e4-a52e-4f735466cecf":"f.FE353D0C043CD81D05AD4E9F01DF5B86.d.CEEDA8AFF72FFC495E664C3E0BE9FDB7.e.284"},"getTitle",[]]}
COMMAND: POST /session/caae61ba24b25c9dd6a47da396113dfa/execute/async - {"script":"<script> [1562 bytes]","args":[{"selector":{"id":"shellAppTitle"},"wdio_ui5_key":"shellAppTitle"}]}
RESULT: {"script":"<script> [1562 bytes]","args":[{"selector":{"id":"shellAppTitle"},"wdio_ui5_key":"shellAppTitle"}]}
COMMAND: POST /session/caae61ba24b25c9dd6a47da396113dfa/execute/async - {"script":"<script> [6424 bytes]","args":[{"element-6066-11e4-a52e-4f735466cecf":"f.FE353D0C043CD81D05AD4E9F01DF5B86.d.CEEDA8AFF72FFC495E664C3E0BE9FDB7.e.5357"},"getTitle",[]]}
RESULT: {"script":"<script> [6424 bytes]","args":[{"element-6066-11e4-a52e-4f735466cecf":"f.FE353D0C043CD81D05AD4E9F01DF5B86.d.CEEDA8AFF72FFC495E664C3E0BE9FDB7.e.5357"},"getTitle",[]]}
RESULT: undefined
COMMAND: POST /session/caae61ba24b25c9dd6a47da396113dfa/element/f.FE353D0C043CD81D05AD4E9F01DF5B86.d.CEEDA8AFF72FFC495E664C3E0BE9FDB7.e.4984/click - {}
COMMAND: POST /session/caae61ba24b25c9dd6a47da396113dfa/element - {"using":"xpath","value":"//*[@id=\"backBtn\"]"}
RESULT: {"using":"xpath","value":"//*[@id=\"backBtn\"]"}
COMMAND: POST /session/caae61ba24b25c9dd6a47da396113dfa/element/f.FE353D0C043CD81D05AD4E9F01DF5B86.d.CEEDA8AFF72FFC495E664C3E0BE9FDB7.e.4984/click - {}
COMMAND: POST /session/caae61ba24b25c9dd6a47da396113dfa/element - {"using":"xpath","value":"//*[@id=\"backBtn\"]"}
RESULT: {"using":"xpath","value":"//*[@id=\"backBtn\"]"}
COMMAND: POST /session/caae61ba24b25c9dd6a47da396113dfa/element/f.FE353D0C043CD81D05AD4E9F01DF5B86.d.CEEDA8AFF72FFC495E664C3E0BE9FDB7.e.5358/click - {}
RESULT: {}
COMMAND: GET /session/caae61ba24b25c9dd6a47da396113dfa/screenshot - {}
RESULT: {}
]]></system-out>
    </testcase>
    <testcase classname="chrome.135_0_7049_115.windows.Sanity_Tests_US104253" name="Should open Organizational Model page" time="34.051">
      <system-out><![CDATA[
COMMAND: POST /session/caae61ba24b25c9dd6a47da396113dfa/execute/async - {"script":"<script> [1562 bytes]","args":[{"selector":{"controlType":"sap.m.GenericTile","properties":{"header":"Organizational Model"}},"wdio_ui5_key":"sapm.GenericTile{\"header\":\"Organizational Model\"}"}]}
RESULT: {"script":"<script> [1562 bytes]","args":[{"selector":{"controlType":"sap.m.GenericTile","properties":{"header":"Organizational Model"}},"wdio_ui5_key":"sapm.GenericTile{\"header\":\"Organizational Model\"}"}]}
RESULT: undefined
COMMAND: POST /session/caae61ba24b25c9dd6a47da396113dfa/element - {"using":"xpath","value":"//*[@id=\"__tile120\"]"}
RESULT: {"using":"xpath","value":"//*[@id=\"__tile120\"]"}
COMMAND: POST /session/caae61ba24b25c9dd6a47da396113dfa/element/f.FE353D0C043CD81D05AD4E9F01DF5B86.d.CEEDA8AFF72FFC495E664C3E0BE9FDB7.e.5360/click - {}
RESULT: {}
COMMAND: GET /session/caae61ba24b25c9dd6a47da396113dfa/screenshot - {}
RESULT: {}
RESULT: undefined
COMMAND: POST /session/caae61ba24b25c9dd6a47da396113dfa/element - {"using":"xpath","value":"//*[@id=\"__tile120\"]"}
RESULT: {"using":"xpath","value":"//*[@id=\"__tile120\"]"}
COMMAND: POST /session/caae61ba24b25c9dd6a47da396113dfa/element/f.FE353D0C043CD81D05AD4E9F01DF5B86.d.CEEDA8AFF72FFC495E664C3E0BE9FDB7.e.5360/click - {}
RESULT: undefined
COMMAND: POST /session/caae61ba24b25c9dd6a47da396113dfa/element - {"using":"xpath","value":"//*[@id=\"__tile120\"]"}
RESULT: {"using":"xpath","value":"//*[@id=\"__tile120\"]"}
COMMAND: POST /session/caae61ba24b25c9dd6a47da396113dfa/element/f.FE353D0C043CD81D05AD4E9F01DF5B86.d.CEEDA8AFF72FFC495E664C3E0BE9FDB7.e.5360/click - {}
RESULT: undefined
COMMAND: POST /session/caae61ba24b25c9dd6a47da396113dfa/execute/async - {"script":"<script> [6424 bytes]","args":[{"element-6066-11e4-a52e-4f735466cecf":"f.FE353D0C043CD81D05AD4E9F01DF5B86.d.CEEDA8AFF72FFC495E664C3E0BE9FDB7.e.284"},"getTitle",[]]}
COMMAND: POST /session/caae61ba24b25c9dd6a47da396113dfa/execute/async - {"script":"<script> [1562 bytes]","args":[{"selector":{"id":"shellAppTitle"},"wdio_ui5_key":"shellAppTitle"}]}
RESULT: {"script":"<script> [1562 bytes]","args":[{"selector":{"id":"shellAppTitle"},"wdio_ui5_key":"shellAppTitle"}]}
COMMAND: POST /session/caae61ba24b25c9dd6a47da396113dfa/execute/async - {"script":"<script> [6424 bytes]","args":[{"element-6066-11e4-a52e-4f735466cecf":"f.FE353D0C043CD81D05AD4E9F01DF5B86.d.CEEDA8AFF72FFC495E664C3E0BE9FDB7.e.5377"},"getTitle",[]]}
RESULT: {"script":"<script> [6424 bytes]","args":[{"element-6066-11e4-a52e-4f735466cecf":"f.FE353D0C043CD81D05AD4E9F01DF5B86.d.CEEDA8AFF72FFC495E664C3E0BE9FDB7.e.5377"},"getTitle",[]]}
RESULT: undefined
COMMAND: POST /session/caae61ba24b25c9dd6a47da396113dfa/element/f.FE353D0C043CD81D05AD4E9F01DF5B86.d.CEEDA8AFF72FFC495E664C3E0BE9FDB7.e.5358/click - {}
RESULT: {}
COMMAND: GET /session/caae61ba24b25c9dd6a47da396113dfa/screenshot - {}
RESULT: {}
]]></system-out>
    </testcase>
    <testcase classname="chrome.135_0_7049_115.windows.Sanity_Tests_US104253" name="Should open Manage Roles page" time="34.762">
      <system-out><![CDATA[
COMMAND: POST /session/caae61ba24b25c9dd6a47da396113dfa/execute/async - {"script":"<script> [1562 bytes]","args":[{"selector":{"controlType":"sap.m.GenericTile","properties":{"header":"Manage Roles"}},"wdio_ui5_key":"sapm.GenericTile{\"header\":\"Manage Roles\"}"}]}
RESULT: {"script":"<script> [1562 bytes]","args":[{"selector":{"controlType":"sap.m.GenericTile","properties":{"header":"Manage Roles"}},"wdio_ui5_key":"sapm.GenericTile{\"header\":\"Manage Roles\"}"}]}
RESULT: undefined
COMMAND: POST /session/caae61ba24b25c9dd6a47da396113dfa/element - {"using":"xpath","value":"//*[@id=\"__tile119\"]"}
RESULT: {"using":"xpath","value":"//*[@id=\"__tile119\"]"}
COMMAND: POST /session/caae61ba24b25c9dd6a47da396113dfa/element/f.FE353D0C043CD81D05AD4E9F01DF5B86.d.CEEDA8AFF72FFC495E664C3E0BE9FDB7.e.5379/click - {}
RESULT: {}
COMMAND: GET /session/caae61ba24b25c9dd6a47da396113dfa/screenshot - {}
RESULT: {}
RESULT: undefined
COMMAND: POST /session/caae61ba24b25c9dd6a47da396113dfa/element - {"using":"xpath","value":"//*[@id=\"__tile119\"]"}
RESULT: {"using":"xpath","value":"//*[@id=\"__tile119\"]"}
COMMAND: POST /session/caae61ba24b25c9dd6a47da396113dfa/element/f.FE353D0C043CD81D05AD4E9F01DF5B86.d.CEEDA8AFF72FFC495E664C3E0BE9FDB7.e.5379/click - {}
RESULT: undefined
COMMAND: POST /session/caae61ba24b25c9dd6a47da396113dfa/element - {"using":"xpath","value":"//*[@id=\"__tile119\"]"}
RESULT: {"using":"xpath","value":"//*[@id=\"__tile119\"]"}
COMMAND: POST /session/caae61ba24b25c9dd6a47da396113dfa/element/f.FE353D0C043CD81D05AD4E9F01DF5B86.d.CEEDA8AFF72FFC495E664C3E0BE9FDB7.e.5379/click - {}
RESULT: undefined
COMMAND: POST /session/caae61ba24b25c9dd6a47da396113dfa/execute/async - {"script":"<script> [6424 bytes]","args":[{"element-6066-11e4-a52e-4f735466cecf":"f.FE353D0C043CD81D05AD4E9F01DF5B86.d.CEEDA8AFF72FFC495E664C3E0BE9FDB7.e.284"},"getTitle",[]]}
COMMAND: POST /session/caae61ba24b25c9dd6a47da396113dfa/execute/async - {"script":"<script> [1562 bytes]","args":[{"selector":{"id":"shellAppTitle"},"wdio_ui5_key":"shellAppTitle"}]}
RESULT: {"script":"<script> [1562 bytes]","args":[{"selector":{"id":"shellAppTitle"},"wdio_ui5_key":"shellAppTitle"}]}
COMMAND: POST /session/caae61ba24b25c9dd6a47da396113dfa/execute/async - {"script":"<script> [6424 bytes]","args":[{"element-6066-11e4-a52e-4f735466cecf":"f.FE353D0C043CD81D05AD4E9F01DF5B86.d.CEEDA8AFF72FFC495E664C3E0BE9FDB7.e.5424"},"getTitle",[]]}
RESULT: {"script":"<script> [6424 bytes]","args":[{"element-6066-11e4-a52e-4f735466cecf":"f.FE353D0C043CD81D05AD4E9F01DF5B86.d.CEEDA8AFF72FFC495E664C3E0BE9FDB7.e.5424"},"getTitle",[]]}
RESULT: undefined
COMMAND: POST /session/caae61ba24b25c9dd6a47da396113dfa/element/f.FE353D0C043CD81D05AD4E9F01DF5B86.d.CEEDA8AFF72FFC495E664C3E0BE9FDB7.e.5358/click - {}
COMMAND: POST /session/caae61ba24b25c9dd6a47da396113dfa/element - {"using":"xpath","value":"//*[@id=\"backBtn\"]"}
RESULT: {"using":"xpath","value":"//*[@id=\"backBtn\"]"}
COMMAND: POST /session/caae61ba24b25c9dd6a47da396113dfa/element/f.FE353D0C043CD81D05AD4E9F01DF5B86.d.CEEDA8AFF72FFC495E664C3E0BE9FDB7.e.5358/click - {}
COMMAND: POST /session/caae61ba24b25c9dd6a47da396113dfa/element - {"using":"xpath","value":"//*[@id=\"backBtn\"]"}
RESULT: {"using":"xpath","value":"//*[@id=\"backBtn\"]"}
COMMAND: POST /session/caae61ba24b25c9dd6a47da396113dfa/element/f.FE353D0C043CD81D05AD4E9F01DF5B86.d.CEEDA8AFF72FFC495E664C3E0BE9FDB7.e.5425/click - {}
RESULT: {}
COMMAND: GET /session/caae61ba24b25c9dd6a47da396113dfa/screenshot - {}
RESULT: {}
]]></system-out>
    </testcase>
    <testcase classname="chrome.135_0_7049_115.windows.Sanity_Tests_US104253" name="Should open Authorization Tables page" time="33.368">
      <system-out><![CDATA[
COMMAND: POST /session/caae61ba24b25c9dd6a47da396113dfa/execute/async - {"script":"<script> [1562 bytes]","args":[{"selector":{"controlType":"sap.m.GenericTile","properties":{"header":"Authorization Tables"}},"wdio_ui5_key":"sapm.GenericTile{\"header\":\"Authorization Tables\"}"}]}
RESULT: {"script":"<script> [1562 bytes]","args":[{"selector":{"controlType":"sap.m.GenericTile","properties":{"header":"Authorization Tables"}},"wdio_ui5_key":"sapm.GenericTile{\"header\":\"Authorization Tables\"}"}]}
RESULT: undefined
COMMAND: POST /session/caae61ba24b25c9dd6a47da396113dfa/element - {"using":"xpath","value":"//*[@id=\"__tile118\"]"}
RESULT: {"using":"xpath","value":"//*[@id=\"__tile118\"]"}
COMMAND: POST /session/caae61ba24b25c9dd6a47da396113dfa/element/f.FE353D0C043CD81D05AD4E9F01DF5B86.d.CEEDA8AFF72FFC495E664C3E0BE9FDB7.e.5427/click - {}
RESULT: {}
COMMAND: GET /session/caae61ba24b25c9dd6a47da396113dfa/screenshot - {}
RESULT: undefined
COMMAND: POST /session/caae61ba24b25c9dd6a47da396113dfa/element - {"using":"xpath","value":"//*[@id=\"__tile118\"]"}
RESULT: {}
RESULT: {"using":"xpath","value":"//*[@id=\"__tile118\"]"}
COMMAND: POST /session/caae61ba24b25c9dd6a47da396113dfa/element/f.FE353D0C043CD81D05AD4E9F01DF5B86.d.CEEDA8AFF72FFC495E664C3E0BE9FDB7.e.5427/click - {}
RESULT: undefined
COMMAND: POST /session/caae61ba24b25c9dd6a47da396113dfa/element - {"using":"xpath","value":"//*[@id=\"__tile118\"]"}
RESULT: {"using":"xpath","value":"//*[@id=\"__tile118\"]"}
COMMAND: POST /session/caae61ba24b25c9dd6a47da396113dfa/element/f.FE353D0C043CD81D05AD4E9F01DF5B86.d.CEEDA8AFF72FFC495E664C3E0BE9FDB7.e.5427/click - {}
RESULT: undefined
COMMAND: POST /session/caae61ba24b25c9dd6a47da396113dfa/execute/async - {"script":"<script> [6424 bytes]","args":[{"element-6066-11e4-a52e-4f735466cecf":"f.FE353D0C043CD81D05AD4E9F01DF5B86.d.CEEDA8AFF72FFC495E664C3E0BE9FDB7.e.284"},"getTitle",[]]}
COMMAND: POST /session/caae61ba24b25c9dd6a47da396113dfa/execute/async - {"script":"<script> [1562 bytes]","args":[{"selector":{"id":"shellAppTitle"},"wdio_ui5_key":"shellAppTitle"}]}
RESULT: {"script":"<script> [1562 bytes]","args":[{"selector":{"id":"shellAppTitle"},"wdio_ui5_key":"shellAppTitle"}]}
COMMAND: POST /session/caae61ba24b25c9dd6a47da396113dfa/execute/async - {"script":"<script> [6424 bytes]","args":[{"element-6066-11e4-a52e-4f735466cecf":"f.FE353D0C043CD81D05AD4E9F01DF5B86.d.CEEDA8AFF72FFC495E664C3E0BE9FDB7.e.5659"},"getTitle",[]]}
RESULT: {"script":"<script> [6424 bytes]","args":[{"element-6066-11e4-a52e-4f735466cecf":"f.FE353D0C043CD81D05AD4E9F01DF5B86.d.CEEDA8AFF72FFC495E664C3E0BE9FDB7.e.5659"},"getTitle",[]]}
RESULT: undefined
COMMAND: POST /session/caae61ba24b25c9dd6a47da396113dfa/element/f.FE353D0C043CD81D05AD4E9F01DF5B86.d.CEEDA8AFF72FFC495E664C3E0BE9FDB7.e.5425/click - {}
RESULT: {}
COMMAND: GET /session/caae61ba24b25c9dd6a47da396113dfa/screenshot - {}
RESULT: {}
]]></system-out>
    </testcase>
    <testcase classname="chrome.135_0_7049_115.windows.Sanity_Tests_US104253" name="Should open User Maintenance page" time="32.548">
      <system-out><![CDATA[
COMMAND: POST /session/caae61ba24b25c9dd6a47da396113dfa/execute/async - {"script":"<script> [1562 bytes]","args":[{"selector":{"controlType":"sap.m.GenericTile","properties":{"header":"User Maintenance"}},"wdio_ui5_key":"sapm.GenericTile{\"header\":\"User Maintenance\"}"}]}
RESULT: {"script":"<script> [1562 bytes]","args":[{"selector":{"controlType":"sap.m.GenericTile","properties":{"header":"User Maintenance"}},"wdio_ui5_key":"sapm.GenericTile{\"header\":\"User Maintenance\"}"}]}
RESULT: undefined
COMMAND: POST /session/caae61ba24b25c9dd6a47da396113dfa/element - {"using":"xpath","value":"//*[@id=\"__tile121\"]"}
RESULT: {"using":"xpath","value":"//*[@id=\"__tile121\"]"}
COMMAND: POST /session/caae61ba24b25c9dd6a47da396113dfa/element/f.FE353D0C043CD81D05AD4E9F01DF5B86.d.CEEDA8AFF72FFC495E664C3E0BE9FDB7.e.5661/click - {}
RESULT: {}
COMMAND: GET /session/caae61ba24b25c9dd6a47da396113dfa/screenshot - {}
RESULT: {}
RESULT: undefined
COMMAND: POST /session/caae61ba24b25c9dd6a47da396113dfa/element - {"using":"xpath","value":"//*[@id=\"__tile121\"]"}
RESULT: {"using":"xpath","value":"//*[@id=\"__tile121\"]"}
COMMAND: POST /session/caae61ba24b25c9dd6a47da396113dfa/element/f.FE353D0C043CD81D05AD4E9F01DF5B86.d.CEEDA8AFF72FFC495E664C3E0BE9FDB7.e.5661/click - {}
RESULT: undefined
COMMAND: POST /session/caae61ba24b25c9dd6a47da396113dfa/element - {"using":"xpath","value":"//*[@id=\"__tile121\"]"}
RESULT: {"using":"xpath","value":"//*[@id=\"__tile121\"]"}
COMMAND: POST /session/caae61ba24b25c9dd6a47da396113dfa/element/f.FE353D0C043CD81D05AD4E9F01DF5B86.d.CEEDA8AFF72FFC495E664C3E0BE9FDB7.e.5661/click - {}
RESULT: undefined
COMMAND: POST /session/caae61ba24b25c9dd6a47da396113dfa/execute/async - {"script":"<script> [6424 bytes]","args":[{"element-6066-11e4-a52e-4f735466cecf":"f.FE353D0C043CD81D05AD4E9F01DF5B86.d.CEEDA8AFF72FFC495E664C3E0BE9FDB7.e.284"},"getTitle",[]]}
COMMAND: POST /session/caae61ba24b25c9dd6a47da396113dfa/execute/async - {"script":"<script> [1562 bytes]","args":[{"selector":{"id":"shellAppTitle"},"wdio_ui5_key":"shellAppTitle"}]}
RESULT: {"script":"<script> [1562 bytes]","args":[{"selector":{"id":"shellAppTitle"},"wdio_ui5_key":"shellAppTitle"}]}
COMMAND: POST /session/caae61ba24b25c9dd6a47da396113dfa/execute/async - {"script":"<script> [6424 bytes]","args":[{"element-6066-11e4-a52e-4f735466cecf":"f.FE353D0C043CD81D05AD4E9F01DF5B86.d.CEEDA8AFF72FFC495E664C3E0BE9FDB7.e.5752"},"getTitle",[]]}
RESULT: {"script":"<script> [6424 bytes]","args":[{"element-6066-11e4-a52e-4f735466cecf":"f.FE353D0C043CD81D05AD4E9F01DF5B86.d.CEEDA8AFF72FFC495E664C3E0BE9FDB7.e.5752"},"getTitle",[]]}
RESULT: undefined
COMMAND: POST /session/caae61ba24b25c9dd6a47da396113dfa/element/f.FE353D0C043CD81D05AD4E9F01DF5B86.d.CEEDA8AFF72FFC495E664C3E0BE9FDB7.e.5425/click - {}
COMMAND: POST /session/caae61ba24b25c9dd6a47da396113dfa/element - {"using":"xpath","value":"//*[@id=\"backBtn\"]"}
RESULT: {"using":"xpath","value":"//*[@id=\"backBtn\"]"}
COMMAND: POST /session/caae61ba24b25c9dd6a47da396113dfa/element/f.FE353D0C043CD81D05AD4E9F01DF5B86.d.CEEDA8AFF72FFC495E664C3E0BE9FDB7.e.5425/click - {}
COMMAND: POST /session/caae61ba24b25c9dd6a47da396113dfa/element - {"using":"xpath","value":"//*[@id=\"backBtn\"]"}
RESULT: {"using":"xpath","value":"//*[@id=\"backBtn\"]"}
COMMAND: POST /session/caae61ba24b25c9dd6a47da396113dfa/element/f.FE353D0C043CD81D05AD4E9F01DF5B86.d.CEEDA8AFF72FFC495E664C3E0BE9FDB7.e.5753/click - {}
RESULT: {}
COMMAND: GET /session/caae61ba24b25c9dd6a47da396113dfa/screenshot - {}
RESULT: {}
]]></system-out>
    </testcase>
    <testcase classname="chrome.135_0_7049_115.windows.Sanity_Tests_US104253" name="Should open Schedule Jobs page" time="25.788">
      <system-out><![CDATA[
COMMAND: POST /session/caae61ba24b25c9dd6a47da396113dfa/execute/async - {"script":"<script> [1562 bytes]","args":[{"selector":{"controlType":"sap.m.GenericTile","properties":{"header":"Schedule Jobs"}},"wdio_ui5_key":"sapm.GenericTile{\"header\":\"Schedule Jobs\"}"}]}
RESULT: {"script":"<script> [1562 bytes]","args":[{"selector":{"controlType":"sap.m.GenericTile","properties":{"header":"Schedule Jobs"}},"wdio_ui5_key":"sapm.GenericTile{\"header\":\"Schedule Jobs\"}"}]}
RESULT: undefined
COMMAND: POST /session/caae61ba24b25c9dd6a47da396113dfa/element - {"using":"xpath","value":"//*[@id=\"__tile127\"]"}
RESULT: {"using":"xpath","value":"//*[@id=\"__tile127\"]"}
COMMAND: POST /session/caae61ba24b25c9dd6a47da396113dfa/element/f.FE353D0C043CD81D05AD4E9F01DF5B86.d.CEEDA8AFF72FFC495E664C3E0BE9FDB7.e.5756/click - {}
RESULT: {}
COMMAND: GET /session/caae61ba24b25c9dd6a47da396113dfa/screenshot - {}
RESULT: {}
RESULT: undefined
COMMAND: POST /session/caae61ba24b25c9dd6a47da396113dfa/element - {"using":"xpath","value":"//*[@id=\"__tile127\"]"}
RESULT: {"using":"xpath","value":"//*[@id=\"__tile127\"]"}
COMMAND: POST /session/caae61ba24b25c9dd6a47da396113dfa/element/f.FE353D0C043CD81D05AD4E9F01DF5B86.d.CEEDA8AFF72FFC495E664C3E0BE9FDB7.e.5756/click - {}
RESULT: undefined
COMMAND: POST /session/caae61ba24b25c9dd6a47da396113dfa/element - {"using":"xpath","value":"//*[@id=\"__tile127\"]"}
RESULT: {"using":"xpath","value":"//*[@id=\"__tile127\"]"}
COMMAND: POST /session/caae61ba24b25c9dd6a47da396113dfa/element/f.FE353D0C043CD81D05AD4E9F01DF5B86.d.CEEDA8AFF72FFC495E664C3E0BE9FDB7.e.5756/click - {}
RESULT: undefined
COMMAND: POST /session/caae61ba24b25c9dd6a47da396113dfa/execute/async - {"script":"<script> [6424 bytes]","args":[{"element-6066-11e4-a52e-4f735466cecf":"f.FE353D0C043CD81D05AD4E9F01DF5B86.d.CEEDA8AFF72FFC495E664C3E0BE9FDB7.e.284"},"getTitle",[]]}
COMMAND: POST /session/caae61ba24b25c9dd6a47da396113dfa/execute/async - {"script":"<script> [1562 bytes]","args":[{"selector":{"id":"shellAppTitle"},"wdio_ui5_key":"shellAppTitle"}]}
RESULT: {"script":"<script> [1562 bytes]","args":[{"selector":{"id":"shellAppTitle"},"wdio_ui5_key":"shellAppTitle"}]}
COMMAND: POST /session/caae61ba24b25c9dd6a47da396113dfa/execute/async - {"script":"<script> [6424 bytes]","args":[{"element-6066-11e4-a52e-4f735466cecf":"f.FE353D0C043CD81D05AD4E9F01DF5B86.d.CEEDA8AFF72FFC495E664C3E0BE9FDB7.e.5825"},"getTitle",[]]}
RESULT: {"script":"<script> [6424 bytes]","args":[{"element-6066-11e4-a52e-4f735466cecf":"f.FE353D0C043CD81D05AD4E9F01DF5B86.d.CEEDA8AFF72FFC495E664C3E0BE9FDB7.e.5825"},"getTitle",[]]}
RESULT: undefined
COMMAND: POST /session/caae61ba24b25c9dd6a47da396113dfa/element/f.FE353D0C043CD81D05AD4E9F01DF5B86.d.CEEDA8AFF72FFC495E664C3E0BE9FDB7.e.5753/click - {}
COMMAND: POST /session/caae61ba24b25c9dd6a47da396113dfa/element/f.FE353D0C043CD81D05AD4E9F01DF5B86.d.CEEDA8AFF72FFC495E664C3E0BE9FDB7.e.5753/click - {}
RESULT: {}
COMMAND: GET /session/caae61ba24b25c9dd6a47da396113dfa/screenshot - {}
COMMAND: POST /session/caae61ba24b25c9dd6a47da396113dfa/element - {"using":"xpath","value":"//*[@id=\"backBtn\"]"}
RESULT: {}
RESULT: {"using":"xpath","value":"//*[@id=\"backBtn\"]"}
COMMAND: POST /session/caae61ba24b25c9dd6a47da396113dfa/elements - {"using":"xpath","value":"//*[@id=\"backBtn\"]"}
RESULT: {"using":"xpath","value":"//*[@id=\"backBtn\"]"}
COMMAND: POST /session/caae61ba24b25c9dd6a47da396113dfa/elements - {"using":"xpath","value":"//*[@id=\"backBtn\"]"}
RESULT: {"using":"xpath","value":"//*[@id=\"backBtn\"]"}
COMMAND: POST /session/caae61ba24b25c9dd6a47da396113dfa/elements - {"using":"xpath","value":"//*[@id=\"backBtn\"]"}
RESULT: {"using":"xpath","value":"//*[@id=\"backBtn\"]"}
COMMAND: POST /session/caae61ba24b25c9dd6a47da396113dfa/elements - {"using":"xpath","value":"//*[@id=\"backBtn\"]"}
RESULT: {"using":"xpath","value":"//*[@id=\"backBtn\"]"}
COMMAND: POST /session/caae61ba24b25c9dd6a47da396113dfa/elements - {"using":"xpath","value":"//*[@id=\"backBtn\"]"}
RESULT: {"using":"xpath","value":"//*[@id=\"backBtn\"]"}
COMMAND: POST /session/caae61ba24b25c9dd6a47da396113dfa/elements - {"using":"xpath","value":"//*[@id=\"backBtn\"]"}
RESULT: {"using":"xpath","value":"//*[@id=\"backBtn\"]"}
COMMAND: POST /session/caae61ba24b25c9dd6a47da396113dfa/elements - {"using":"xpath","value":"//*[@id=\"backBtn\"]"}
RESULT: {"using":"xpath","value":"//*[@id=\"backBtn\"]"}
COMMAND: POST /session/caae61ba24b25c9dd6a47da396113dfa/elements - {"using":"xpath","value":"//*[@id=\"backBtn\"]"}
RESULT: {"using":"xpath","value":"//*[@id=\"backBtn\"]"}
COMMAND: POST /session/caae61ba24b25c9dd6a47da396113dfa/elements - {"using":"xpath","value":"//*[@id=\"backBtn\"]"}
RESULT: {"using":"xpath","value":"//*[@id=\"backBtn\"]"}
COMMAND: POST /session/caae61ba24b25c9dd6a47da396113dfa/elements - {"using":"xpath","value":"//*[@id=\"backBtn\"]"}
RESULT: {"using":"xpath","value":"//*[@id=\"backBtn\"]"}
COMMAND: POST /session/caae61ba24b25c9dd6a47da396113dfa/elements - {"using":"xpath","value":"//*[@id=\"backBtn\"]"}
RESULT: {"using":"xpath","value":"//*[@id=\"backBtn\"]"}
COMMAND: POST /session/caae61ba24b25c9dd6a47da396113dfa/elements - {"using":"xpath","value":"//*[@id=\"backBtn\"]"}
RESULT: {"using":"xpath","value":"//*[@id=\"backBtn\"]"}
COMMAND: POST /session/caae61ba24b25c9dd6a47da396113dfa/elements - {"using":"xpath","value":"//*[@id=\"backBtn\"]"}
RESULT: {"using":"xpath","value":"//*[@id=\"backBtn\"]"}
COMMAND: POST /session/caae61ba24b25c9dd6a47da396113dfa/elements - {"using":"xpath","value":"//*[@id=\"backBtn\"]"}
RESULT: {"using":"xpath","value":"//*[@id=\"backBtn\"]"}
COMMAND: POST /session/caae61ba24b25c9dd6a47da396113dfa/elements - {"using":"xpath","value":"//*[@id=\"backBtn\"]"}
RESULT: {"using":"xpath","value":"//*[@id=\"backBtn\"]"}
COMMAND: POST /session/caae61ba24b25c9dd6a47da396113dfa/elements - {"using":"xpath","value":"//*[@id=\"backBtn\"]"}
RESULT: {"using":"xpath","value":"//*[@id=\"backBtn\"]"}
COMMAND: POST /session/caae61ba24b25c9dd6a47da396113dfa/elements - {"using":"xpath","value":"//*[@id=\"backBtn\"]"}
RESULT: {"using":"xpath","value":"//*[@id=\"backBtn\"]"}
COMMAND: POST /session/caae61ba24b25c9dd6a47da396113dfa/elements - {"using":"xpath","value":"//*[@id=\"backBtn\"]"}
RESULT: {"using":"xpath","value":"//*[@id=\"backBtn\"]"}
]]></system-out>
    </testcase>
    <testcase classname="chrome.135_0_7049_115.windows.Sanity_Tests_US104253" name="Should open Jobs Setup page" time="26.805">
      <system-out><![CDATA[
COMMAND: POST /session/caae61ba24b25c9dd6a47da396113dfa/execute/async - {"script":"<script> [1562 bytes]","args":[{"selector":{"controlType":"sap.m.GenericTile","properties":{"header":"Jobs Setup"}},"wdio_ui5_key":"sapm.GenericTile{\"header\":\"Jobs Setup\"}"}]}
COMMAND: POST /session/caae61ba24b25c9dd6a47da396113dfa/elements - {"using":"xpath","value":"//*[@id=\"backBtn\"]"}
RESULT: {"script":"<script> [1562 bytes]","args":[{"selector":{"controlType":"sap.m.GenericTile","properties":{"header":"Jobs Setup"}},"wdio_ui5_key":"sapm.GenericTile{\"header\":\"Jobs Setup\"}"}]}
RESULT: undefined
COMMAND: POST /session/caae61ba24b25c9dd6a47da396113dfa/element - {"using":"xpath","value":"//*[@id=\"__tile128\"]"}
RESULT: {"using":"xpath","value":"//*[@id=\"backBtn\"]"}
RESULT: {"using":"xpath","value":"//*[@id=\"__tile128\"]"}
COMMAND: POST /session/caae61ba24b25c9dd6a47da396113dfa/element/f.FE353D0C043CD81D05AD4E9F01DF5B86.d.CEEDA8AFF72FFC495E664C3E0BE9FDB7.e.5827/click - {}
RESULT: {}
COMMAND: GET /session/caae61ba24b25c9dd6a47da396113dfa/screenshot - {}
COMMAND: POST /session/caae61ba24b25c9dd6a47da396113dfa/elements - {"using":"xpath","value":"//*[@id=\"backBtn\"]"}
RESULT: {}
RESULT: {"using":"xpath","value":"//*[@id=\"backBtn\"]"}
COMMAND: POST /session/caae61ba24b25c9dd6a47da396113dfa/elements - {"using":"xpath","value":"//*[@id=\"backBtn\"]"}
RESULT: {"using":"xpath","value":"//*[@id=\"backBtn\"]"}
COMMAND: POST /session/caae61ba24b25c9dd6a47da396113dfa/element - {"using":"xpath","value":"//*[@id=\"backBtn\"]"}
RESULT: {"using":"xpath","value":"//*[@id=\"backBtn\"]"}
COMMAND: POST /session/caae61ba24b25c9dd6a47da396113dfa/element/f.FE353D0C043CD81D05AD4E9F01DF5B86.d.CEEDA8AFF72FFC495E664C3E0BE9FDB7.e.5753/click - {}
COMMAND: POST /session/caae61ba24b25c9dd6a47da396113dfa/element - {"using":"xpath","value":"//*[@id=\"backBtn\"]"}
RESULT: {"using":"xpath","value":"//*[@id=\"backBtn\"]"}
COMMAND: POST /session/caae61ba24b25c9dd6a47da396113dfa/element/f.FE353D0C043CD81D05AD4E9F01DF5B86.d.CEEDA8AFF72FFC495E664C3E0BE9FDB7.e.5882/click - {}
RESULT: {}
COMMAND: GET /session/caae61ba24b25c9dd6a47da396113dfa/screenshot - {}
RESULT: {}
RESULT: undefined
COMMAND: POST /session/caae61ba24b25c9dd6a47da396113dfa/element - {"using":"xpath","value":"//*[@id=\"__tile128\"]"}
RESULT: {"using":"xpath","value":"//*[@id=\"__tile128\"]"}
COMMAND: POST /session/caae61ba24b25c9dd6a47da396113dfa/element/f.FE353D0C043CD81D05AD4E9F01DF5B86.d.CEEDA8AFF72FFC495E664C3E0BE9FDB7.e.5827/click - {}
RESULT: undefined
COMMAND: POST /session/caae61ba24b25c9dd6a47da396113dfa/element - {"using":"xpath","value":"//*[@id=\"__tile128\"]"}
RESULT: {"using":"xpath","value":"//*[@id=\"__tile128\"]"}
COMMAND: POST /session/caae61ba24b25c9dd6a47da396113dfa/element/f.FE353D0C043CD81D05AD4E9F01DF5B86.d.CEEDA8AFF72FFC495E664C3E0BE9FDB7.e.5827/click - {}
RESULT: undefined
COMMAND: POST /session/caae61ba24b25c9dd6a47da396113dfa/execute/async - {"script":"<script> [6424 bytes]","args":[{"element-6066-11e4-a52e-4f735466cecf":"f.FE353D0C043CD81D05AD4E9F01DF5B86.d.CEEDA8AFF72FFC495E664C3E0BE9FDB7.e.284"},"getTitle",[]]}
COMMAND: POST /session/caae61ba24b25c9dd6a47da396113dfa/execute/async - {"script":"<script> [1562 bytes]","args":[{"selector":{"id":"shellAppTitle"},"wdio_ui5_key":"shellAppTitle"}]}
RESULT: {"script":"<script> [1562 bytes]","args":[{"selector":{"id":"shellAppTitle"},"wdio_ui5_key":"shellAppTitle"}]}
COMMAND: POST /session/caae61ba24b25c9dd6a47da396113dfa/execute/async - {"script":"<script> [6424 bytes]","args":[{"element-6066-11e4-a52e-4f735466cecf":"f.FE353D0C043CD81D05AD4E9F01DF5B86.d.CEEDA8AFF72FFC495E664C3E0BE9FDB7.e.5913"},"getTitle",[]]}
RESULT: {"script":"<script> [6424 bytes]","args":[{"element-6066-11e4-a52e-4f735466cecf":"f.FE353D0C043CD81D05AD4E9F01DF5B86.d.CEEDA8AFF72FFC495E664C3E0BE9FDB7.e.5913"},"getTitle",[]]}
RESULT: undefined
COMMAND: POST /session/caae61ba24b25c9dd6a47da396113dfa/element/f.FE353D0C043CD81D05AD4E9F01DF5B86.d.CEEDA8AFF72FFC495E664C3E0BE9FDB7.e.5882/click - {}
COMMAND: POST /session/caae61ba24b25c9dd6a47da396113dfa/element/f.FE353D0C043CD81D05AD4E9F01DF5B86.d.CEEDA8AFF72FFC495E664C3E0BE9FDB7.e.5882/click - {}
RESULT: {}
COMMAND: GET /session/caae61ba24b25c9dd6a47da396113dfa/screenshot - {}
RESULT: {}
COMMAND: GET /session/caae61ba24b25c9dd6a47da396113dfa/screenshot - {}
RESULT: {}
RESULT: {}
]]></system-out>
    </testcase>
    <testcase classname="chrome.135_0_7049_115.windows.Sanity_Tests_US104253" name="Should open Target Systems Configuration page" time="25.89">
      <system-out><![CDATA[
COMMAND: POST /session/caae61ba24b25c9dd6a47da396113dfa/execute/async - {"script":"<script> [1562 bytes]","args":[{"selector":{"controlType":"sap.m.GenericTile","properties":{"header":"Target Systems Configuration"}},"wdio_ui5_key":"sapm.GenericTile{\"header\":\"Target Systems Configuration\"}"}]}
RESULT: {"script":"<script> [1562 bytes]","args":[{"selector":{"controlType":"sap.m.GenericTile","properties":{"header":"Target Systems Configuration"}},"wdio_ui5_key":"sapm.GenericTile{\"header\":\"Target Systems Configuration\"}"}]}
RESULT: undefined
COMMAND: POST /session/caae61ba24b25c9dd6a47da396113dfa/element - {"using":"xpath","value":"//*[@id=\"__tile129\"]"}
RESULT: {"using":"xpath","value":"//*[@id=\"__tile129\"]"}
COMMAND: POST /session/caae61ba24b25c9dd6a47da396113dfa/element/f.FE353D0C043CD81D05AD4E9F01DF5B86.d.CEEDA8AFF72FFC495E664C3E0BE9FDB7.e.5917/click - {}
RESULT: {}
COMMAND: GET /session/caae61ba24b25c9dd6a47da396113dfa/screenshot - {}
RESULT: {}
RESULT: undefined
COMMAND: POST /session/caae61ba24b25c9dd6a47da396113dfa/element - {"using":"xpath","value":"//*[@id=\"__tile129\"]"}
RESULT: {"using":"xpath","value":"//*[@id=\"__tile129\"]"}
COMMAND: POST /session/caae61ba24b25c9dd6a47da396113dfa/element/f.FE353D0C043CD81D05AD4E9F01DF5B86.d.CEEDA8AFF72FFC495E664C3E0BE9FDB7.e.5917/click - {}
RESULT: undefined
COMMAND: POST /session/caae61ba24b25c9dd6a47da396113dfa/element - {"using":"xpath","value":"//*[@id=\"__tile129\"]"}
RESULT: {"using":"xpath","value":"//*[@id=\"__tile129\"]"}
COMMAND: POST /session/caae61ba24b25c9dd6a47da396113dfa/element/f.FE353D0C043CD81D05AD4E9F01DF5B86.d.CEEDA8AFF72FFC495E664C3E0BE9FDB7.e.5917/click - {}
RESULT: undefined
COMMAND: POST /session/caae61ba24b25c9dd6a47da396113dfa/execute/async - {"script":"<script> [6424 bytes]","args":[{"element-6066-11e4-a52e-4f735466cecf":"f.FE353D0C043CD81D05AD4E9F01DF5B86.d.CEEDA8AFF72FFC495E664C3E0BE9FDB7.e.284"},"getTitle",[]]}
COMMAND: POST /session/caae61ba24b25c9dd6a47da396113dfa/execute/async - {"script":"<script> [1562 bytes]","args":[{"selector":{"id":"shellAppTitle"},"wdio_ui5_key":"shellAppTitle"}]}
RESULT: {"script":"<script> [1562 bytes]","args":[{"selector":{"id":"shellAppTitle"},"wdio_ui5_key":"shellAppTitle"}]}
COMMAND: POST /session/caae61ba24b25c9dd6a47da396113dfa/execute/async - {"script":"<script> [6424 bytes]","args":[{"element-6066-11e4-a52e-4f735466cecf":"f.FE353D0C043CD81D05AD4E9F01DF5B86.d.CEEDA8AFF72FFC495E664C3E0BE9FDB7.e.5969"},"getTitle",[]]}
RESULT: {"script":"<script> [6424 bytes]","args":[{"element-6066-11e4-a52e-4f735466cecf":"f.FE353D0C043CD81D05AD4E9F01DF5B86.d.CEEDA8AFF72FFC495E664C3E0BE9FDB7.e.5969"},"getTitle",[]]}
RESULT: undefined
COMMAND: POST /session/caae61ba24b25c9dd6a47da396113dfa/element/f.FE353D0C043CD81D05AD4E9F01DF5B86.d.CEEDA8AFF72FFC495E664C3E0BE9FDB7.e.5882/click - {}
COMMAND: POST /session/caae61ba24b25c9dd6a47da396113dfa/element/f.FE353D0C043CD81D05AD4E9F01DF5B86.d.CEEDA8AFF72FFC495E664C3E0BE9FDB7.e.5882/click - {}
RESULT: {}
COMMAND: GET /session/caae61ba24b25c9dd6a47da396113dfa/screenshot - {}
COMMAND: POST /session/caae61ba24b25c9dd6a47da396113dfa/element - {"using":"xpath","value":"//*[@id=\"backBtn\"]"}
RESULT: {}
RESULT: {"using":"xpath","value":"//*[@id=\"backBtn\"]"}
COMMAND: POST /session/caae61ba24b25c9dd6a47da396113dfa/elements - {"using":"xpath","value":"//*[@id=\"backBtn\"]"}
RESULT: {"using":"xpath","value":"//*[@id=\"backBtn\"]"}
COMMAND: POST /session/caae61ba24b25c9dd6a47da396113dfa/elements - {"using":"xpath","value":"//*[@id=\"backBtn\"]"}
RESULT: {"using":"xpath","value":"//*[@id=\"backBtn\"]"}
COMMAND: POST /session/caae61ba24b25c9dd6a47da396113dfa/elements - {"using":"xpath","value":"//*[@id=\"backBtn\"]"}
RESULT: {"using":"xpath","value":"//*[@id=\"backBtn\"]"}
COMMAND: POST /session/caae61ba24b25c9dd6a47da396113dfa/elements - {"using":"xpath","value":"//*[@id=\"backBtn\"]"}
RESULT: {"using":"xpath","value":"//*[@id=\"backBtn\"]"}
COMMAND: POST /session/caae61ba24b25c9dd6a47da396113dfa/elements - {"using":"xpath","value":"//*[@id=\"backBtn\"]"}
RESULT: {"using":"xpath","value":"//*[@id=\"backBtn\"]"}
COMMAND: POST /session/caae61ba24b25c9dd6a47da396113dfa/elements - {"using":"xpath","value":"//*[@id=\"backBtn\"]"}
RESULT: {"using":"xpath","value":"//*[@id=\"backBtn\"]"}
COMMAND: POST /session/caae61ba24b25c9dd6a47da396113dfa/elements - {"using":"xpath","value":"//*[@id=\"backBtn\"]"}
RESULT: {"using":"xpath","value":"//*[@id=\"backBtn\"]"}
COMMAND: POST /session/caae61ba24b25c9dd6a47da396113dfa/elements - {"using":"xpath","value":"//*[@id=\"backBtn\"]"}
RESULT: {"using":"xpath","value":"//*[@id=\"backBtn\"]"}
COMMAND: POST /session/caae61ba24b25c9dd6a47da396113dfa/elements - {"using":"xpath","value":"//*[@id=\"backBtn\"]"}
RESULT: {"using":"xpath","value":"//*[@id=\"backBtn\"]"}
COMMAND: POST /session/caae61ba24b25c9dd6a47da396113dfa/elements - {"using":"xpath","value":"//*[@id=\"backBtn\"]"}
RESULT: {"using":"xpath","value":"//*[@id=\"backBtn\"]"}
COMMAND: POST /session/caae61ba24b25c9dd6a47da396113dfa/elements - {"using":"xpath","value":"//*[@id=\"backBtn\"]"}
RESULT: {"using":"xpath","value":"//*[@id=\"backBtn\"]"}
COMMAND: POST /session/caae61ba24b25c9dd6a47da396113dfa/elements - {"using":"xpath","value":"//*[@id=\"backBtn\"]"}
RESULT: {"using":"xpath","value":"//*[@id=\"backBtn\"]"}
COMMAND: POST /session/caae61ba24b25c9dd6a47da396113dfa/elements - {"using":"xpath","value":"//*[@id=\"backBtn\"]"}
RESULT: {"using":"xpath","value":"//*[@id=\"backBtn\"]"}
COMMAND: POST /session/caae61ba24b25c9dd6a47da396113dfa/elements - {"using":"xpath","value":"//*[@id=\"backBtn\"]"}
RESULT: {"using":"xpath","value":"//*[@id=\"backBtn\"]"}
COMMAND: POST /session/caae61ba24b25c9dd6a47da396113dfa/elements - {"using":"xpath","value":"//*[@id=\"backBtn\"]"}
RESULT: {"using":"xpath","value":"//*[@id=\"backBtn\"]"}
COMMAND: POST /session/caae61ba24b25c9dd6a47da396113dfa/elements - {"using":"xpath","value":"//*[@id=\"backBtn\"]"}
RESULT: {"using":"xpath","value":"//*[@id=\"backBtn\"]"}
COMMAND: POST /session/caae61ba24b25c9dd6a47da396113dfa/elements - {"using":"xpath","value":"//*[@id=\"backBtn\"]"}
RESULT: {"using":"xpath","value":"//*[@id=\"backBtn\"]"}
COMMAND: POST /session/caae61ba24b25c9dd6a47da396113dfa/elements - {"using":"xpath","value":"//*[@id=\"backBtn\"]"}
RESULT: {"using":"xpath","value":"//*[@id=\"backBtn\"]"}
COMMAND: POST /session/caae61ba24b25c9dd6a47da396113dfa/elements - {"using":"xpath","value":"//*[@id=\"backBtn\"]"}
RESULT: {"using":"xpath","value":"//*[@id=\"backBtn\"]"}
COMMAND: POST /session/caae61ba24b25c9dd6a47da396113dfa/elements - {"using":"xpath","value":"//*[@id=\"backBtn\"]"}
RESULT: {"using":"xpath","value":"//*[@id=\"backBtn\"]"}
COMMAND: POST /session/caae61ba24b25c9dd6a47da396113dfa/elements - {"using":"xpath","value":"//*[@id=\"backBtn\"]"}
RESULT: {"using":"xpath","value":"//*[@id=\"backBtn\"]"}
COMMAND: POST /session/caae61ba24b25c9dd6a47da396113dfa/elements - {"using":"xpath","value":"//*[@id=\"backBtn\"]"}
RESULT: {"using":"xpath","value":"//*[@id=\"backBtn\"]"}
COMMAND: POST /session/caae61ba24b25c9dd6a47da396113dfa/elements - {"using":"xpath","value":"//*[@id=\"backBtn\"]"}
RESULT: {"using":"xpath","value":"//*[@id=\"backBtn\"]"}
COMMAND: POST /session/caae61ba24b25c9dd6a47da396113dfa/elements - {"using":"xpath","value":"//*[@id=\"backBtn\"]"}
RESULT: {"using":"xpath","value":"//*[@id=\"backBtn\"]"}
COMMAND: POST /session/caae61ba24b25c9dd6a47da396113dfa/elements - {"using":"xpath","value":"//*[@id=\"backBtn\"]"}
RESULT: {"using":"xpath","value":"//*[@id=\"backBtn\"]"}
COMMAND: POST /session/caae61ba24b25c9dd6a47da396113dfa/elements - {"using":"xpath","value":"//*[@id=\"backBtn\"]"}
RESULT: {"using":"xpath","value":"//*[@id=\"backBtn\"]"}
COMMAND: POST /session/caae61ba24b25c9dd6a47da396113dfa/elements - {"using":"xpath","value":"//*[@id=\"backBtn\"]"}
RESULT: {"using":"xpath","value":"//*[@id=\"backBtn\"]"}
COMMAND: POST /session/caae61ba24b25c9dd6a47da396113dfa/elements - {"using":"xpath","value":"//*[@id=\"backBtn\"]"}
RESULT: {"using":"xpath","value":"//*[@id=\"backBtn\"]"}
COMMAND: POST /session/caae61ba24b25c9dd6a47da396113dfa/elements - {"using":"xpath","value":"//*[@id=\"backBtn\"]"}
RESULT: {"using":"xpath","value":"//*[@id=\"backBtn\"]"}
COMMAND: POST /session/caae61ba24b25c9dd6a47da396113dfa/elements - {"using":"xpath","value":"//*[@id=\"backBtn\"]"}
RESULT: {"using":"xpath","value":"//*[@id=\"backBtn\"]"}
COMMAND: POST /session/caae61ba24b25c9dd6a47da396113dfa/elements - {"using":"xpath","value":"//*[@id=\"backBtn\"]"}
RESULT: {"using":"xpath","value":"//*[@id=\"backBtn\"]"}
COMMAND: POST /session/caae61ba24b25c9dd6a47da396113dfa/elements - {"using":"xpath","value":"//*[@id=\"backBtn\"]"}
RESULT: {"using":"xpath","value":"//*[@id=\"backBtn\"]"}
COMMAND: POST /session/caae61ba24b25c9dd6a47da396113dfa/elements - {"using":"xpath","value":"//*[@id=\"backBtn\"]"}
RESULT: {"using":"xpath","value":"//*[@id=\"backBtn\"]"}
COMMAND: POST /session/caae61ba24b25c9dd6a47da396113dfa/elements - {"using":"xpath","value":"//*[@id=\"backBtn\"]"}
RESULT: {"using":"xpath","value":"//*[@id=\"backBtn\"]"}
COMMAND: POST /session/caae61ba24b25c9dd6a47da396113dfa/elements - {"using":"xpath","value":"//*[@id=\"backBtn\"]"}
RESULT: {"using":"xpath","value":"//*[@id=\"backBtn\"]"}
COMMAND: POST /session/caae61ba24b25c9dd6a47da396113dfa/elements - {"using":"xpath","value":"//*[@id=\"backBtn\"]"}
RESULT: {"using":"xpath","value":"//*[@id=\"backBtn\"]"}
COMMAND: POST /session/caae61ba24b25c9dd6a47da396113dfa/elements - {"using":"xpath","value":"//*[@id=\"backBtn\"]"}
RESULT: {"using":"xpath","value":"//*[@id=\"backBtn\"]"}
COMMAND: POST /session/caae61ba24b25c9dd6a47da396113dfa/elements - {"using":"xpath","value":"//*[@id=\"backBtn\"]"}
RESULT: {"using":"xpath","value":"//*[@id=\"backBtn\"]"}
COMMAND: POST /session/caae61ba24b25c9dd6a47da396113dfa/elements - {"using":"xpath","value":"//*[@id=\"backBtn\"]"}
RESULT: {"using":"xpath","value":"//*[@id=\"backBtn\"]"}
COMMAND: DELETE /session/caae61ba24b25c9dd6a47da396113dfa - {}
RESULT: {}
]]></system-out>
    </testcase>
  </testsuite>
</testsuites>