<?xml version="1.0" encoding="UTF-8"?>
<testsuites tests="9" failures="3" errors="3" skipped="0">
  <testsuite timestamp="2025-04-26T15:47:45" time="122.86" tests="1" failures="0" errors="0" skipped="0">
    <properties>
      <property name="specId" value="0" />
      <property name="suiteName" value="Create a new catalogs section" />
      <property name="capabilities" value="chrome.135_0_7049_96.windows" />
      <property name="file" value="file:///D:/a/1/s/test/specs/R2C/create-new-webshop-catalog-section.spec.js" />
    </properties>
    <testcase classname="chrome.135_0_7049_96.windows.Create_a_new_catalogs_section" name="Should navigate to manage catalogs and add a new section on webshop catalog" time="98.917">
      <system-out><![CDATA[
COMMAND: POST /session/80e9d9092ede69a5c6d2cdc99b21d429/element - {"using":"xpath","value":"//*[contains(@href, 'etm.portal.ui.managecatalogs')]"}
RESULT: {"using":"xpath","value":"//*[contains(@href, 'etm.portal.ui.managecatalogs')]"}
COMMAND: POST /session/80e9d9092ede69a5c6d2cdc99b21d429/element/f.B71618390EACC6058E100323ADB56DBA.d.5992CA550268A2F300DD151B5E1080A6.e.120/click - {}
RESULT: {}
COMMAND: GET /session/80e9d9092ede69a5c6d2cdc99b21d429/screenshot - {}
RESULT: {}
COMMAND: POST /session/80e9d9092ede69a5c6d2cdc99b21d429/execute/async - {"script":"<script> [1562 bytes]","args":[{"selector":{"controlType":"sap.m.Text","viewName":"etm.portal.ui.managecatalogs.view.MasterCatalogs","viewId":"application-managecatalogs-display-component---masterCatalogs","bindingPath":{"path":"/Catalogs('0D7502D073D53A0F1700BE067B89AFF9')","propertyPath":"DESCRIPTION","modelName":"catalogModel"}},"wdio_ui5_key":"etmportal.ui.managecatalogs.view.MasterCatalogssap.m.Text{\"path\":\"/Catalogs('0D7502D073D53A0F1700BE067B89AFF9')\",\"propertyPath\":\"DESCRIPTION\",\"modelName\":\"catalogModel\"}"}]}
RESULT: {"script":"<script> [1562 bytes]","args":[{"selector":{"controlType":"sap.m.Text","viewName":"etm.portal.ui.managecatalogs.view.MasterCatalogs","viewId":"application-managecatalogs-display-component---masterCatalogs","bindingPath":{"path":"/Catalogs('0D7502D073D53A0F1700BE067B89AFF9')","propertyPath":"DESCRIPTION","modelName":"catalogModel"}},"wdio_ui5_key":"etmportal.ui.managecatalogs.view.MasterCatalogssap.m.Text{\"path\":\"/Catalogs('0D7502D073D53A0F1700BE067B89AFF9')\",\"propertyPath\":\"DESCRIPTION\",\"modelName\":\"catalogModel\"}"}]}
RESULT: undefined
COMMAND: POST /session/80e9d9092ede69a5c6d2cdc99b21d429/element - {"using":"xpath","value":"//*[@id=\"__text39-application-managecatalogs-display-component---masterCatalogs--CatalogsTable-11\"]"}
RESULT: {"using":"xpath","value":"//*[@id=\"__text39-application-managecatalogs-display-component---masterCatalogs--CatalogsTable-11\"]"}
COMMAND: POST /session/80e9d9092ede69a5c6d2cdc99b21d429/element/f.B71618390EACC6058E100323ADB56DBA.d.5992CA550268A2F300DD151B5E1080A6.e.152/click - {}
RESULT: {}
COMMAND: POST /session/80e9d9092ede69a5c6d2cdc99b21d429/execute/async - {"script":"<script> [1562 bytes]","args":[{"selector":{"controlType":"sap.ui.layout.HorizontalLayout","viewName":"etm.portal.ui.managecatalogs.view.MasterItems","viewId":"application-managecatalogs-display-component---masterCatalogItems","ancestor":{"id":"application-managecatalogs-display-component---masterCatalogItems--idCatalogItemsTree-rows-row0"}},"wdio_ui5_key":"etmportal.ui.managecatalogs.view.MasterItemssap.ui.layout.HorizontalLayout{\"id\":\"application-managecatalogs-display-component---masterCatalogItems--idCatalogItemsTree-rows-row0\"}"}]}
COMMAND: GET /session/80e9d9092ede69a5c6d2cdc99b21d429/screenshot - {}
RESULT: {"script":"<script> [1562 bytes]","args":[{"selector":{"controlType":"sap.ui.layout.HorizontalLayout","viewName":"etm.portal.ui.managecatalogs.view.MasterItems","viewId":"application-managecatalogs-display-component---masterCatalogItems","ancestor":{"id":"application-managecatalogs-display-component---masterCatalogItems--idCatalogItemsTree-rows-row0"}},"wdio_ui5_key":"etmportal.ui.managecatalogs.view.MasterItemssap.ui.layout.HorizontalLayout{\"id\":\"application-managecatalogs-display-component---masterCatalogItems--idCatalogItemsTree-rows-row0\"}"}]}
RESULT: undefined
COMMAND: POST /session/80e9d9092ede69a5c6d2cdc99b21d429/element - {"using":"xpath","value":"//*[@id=\"__layout3-__clone11\"]"}
RESULT: {}
RESULT: {"using":"xpath","value":"//*[@id=\"__layout3-__clone11\"]"}
COMMAND: POST /session/80e9d9092ede69a5c6d2cdc99b21d429/element/f.B71618390EACC6058E100323ADB56DBA.d.5992CA550268A2F300DD151B5E1080A6.e.186/click - {}
RESULT: {}
COMMAND: GET /session/80e9d9092ede69a5c6d2cdc99b21d429/screenshot - {}
COMMAND: POST /session/80e9d9092ede69a5c6d2cdc99b21d429/execute/async - {"script":"<script> [1562 bytes]","args":[{"selector":{"controlType":"sap.m.Button","viewName":"etm.portal.ui.managecatalogs.view.Detail","viewId":"application-managecatalogs-display-component---detailCatalog","i18NText":{"propertyName":"text","key":"edit"},"interaction":{"idSuffix":"BDI-content"}},"wdio_ui5_key":"etmportal.ui.managecatalogs.view.Detailsap.m.Button{\"propertyName\":\"text\",\"key\":\"edit\"}"}]}
RESULT: {}
RESULT: {"script":"<script> [1562 bytes]","args":[{"selector":{"controlType":"sap.m.Button","viewName":"etm.portal.ui.managecatalogs.view.Detail","viewId":"application-managecatalogs-display-component---detailCatalog","i18NText":{"propertyName":"text","key":"edit"},"interaction":{"idSuffix":"BDI-content"}},"wdio_ui5_key":"etmportal.ui.managecatalogs.view.Detailsap.m.Button{\"propertyName\":\"text\",\"key\":\"edit\"}"}]}
RESULT: undefined
COMMAND: POST /session/80e9d9092ede69a5c6d2cdc99b21d429/element - {"using":"xpath","value":"//*[@id=\"__button35\"]"}
RESULT: {"using":"xpath","value":"//*[@id=\"__button35\"]"}
COMMAND: POST /session/80e9d9092ede69a5c6d2cdc99b21d429/element/f.B71618390EACC6058E100323ADB56DBA.d.5992CA550268A2F300DD151B5E1080A6.e.298/click - {}
RESULT: {}
COMMAND: GET /session/80e9d9092ede69a5c6d2cdc99b21d429/screenshot - {}
RESULT: {}
COMMAND: POST /session/80e9d9092ede69a5c6d2cdc99b21d429/element - {"using":"xpath","value":"//bdi[contains(text(), \"Unlock\")]"}
RESULT: {"using":"xpath","value":"//bdi[contains(text(), \"Unlock\")]"}
COMMAND: POST /session/80e9d9092ede69a5c6d2cdc99b21d429/elements - {"using":"xpath","value":"//bdi[contains(text(), \"Unlock\")]"}
RESULT: {"using":"xpath","value":"//bdi[contains(text(), \"Unlock\")]"}
COMMAND: POST /session/80e9d9092ede69a5c6d2cdc99b21d429/execute/async - {"script":"<script> [1562 bytes]","args":[{"selector":{"controlType":"sap.ui.core.Icon","viewName":"etm.portal.ui.managecatalogs.view.Detail","viewId":"application-managecatalogs-display-component---detailCatalog","properties":{"src":{"regex":{"source":"add\\-folder"}}}},"wdio_ui5_key":"etmportal.ui.managecatalogs.view.Detailsap.ui.core.Icon{\"src\":{\"regex\":{\"source\":\"add\\\\-folder\"}}}"}]}
RESULT: {"script":"<script> [1562 bytes]","args":[{"selector":{"controlType":"sap.ui.core.Icon","viewName":"etm.portal.ui.managecatalogs.view.Detail","viewId":"application-managecatalogs-display-component---detailCatalog","properties":{"src":{"regex":{"source":"add\\-folder"}}}},"wdio_ui5_key":"etmportal.ui.managecatalogs.view.Detailsap.ui.core.Icon{\"src\":{\"regex\":{\"source\":\"add\\\\-folder\"}}}"}]}
RESULT: undefined
COMMAND: POST /session/80e9d9092ede69a5c6d2cdc99b21d429/element - {"using":"xpath","value":"//*[@id=\"__button43-img\"]"}
RESULT: {"using":"xpath","value":"//*[@id=\"__button43-img\"]"}
COMMAND: POST /session/80e9d9092ede69a5c6d2cdc99b21d429/element/f.B71618390EACC6058E100323ADB56DBA.d.5992CA550268A2F300DD151B5E1080A6.e.306/click - {}
RESULT: {}
COMMAND: GET /session/80e9d9092ede69a5c6d2cdc99b21d429/screenshot - {}
RESULT: {}
COMMAND: POST /session/80e9d9092ede69a5c6d2cdc99b21d429/execute/async - {"script":"<script> [1562 bytes]","args":[{"selector":{"id":"application-managecatalogs-display-component---detailCatalog--numberInput","searchOpenDialogs":true,"interaction":{"idSuffix":"inner"}},"wdio_ui5_key":"applicationmanagecatalogs-display-component---detailCatalog--numberInput"}]}
RESULT: {"script":"<script> [1562 bytes]","args":[{"selector":{"id":"application-managecatalogs-display-component---detailCatalog--numberInput","searchOpenDialogs":true,"interaction":{"idSuffix":"inner"}},"wdio_ui5_key":"applicationmanagecatalogs-display-component---detailCatalog--numberInput"}]}
RESULT: undefined
COMMAND: POST /session/80e9d9092ede69a5c6d2cdc99b21d429/execute/async - {"script":"<script> [776 bytes]","args":[{"enterText":"Sectionnxb2c","selector":{"id":"application-managecatalogs-display-component---detailCatalog--numberInput","searchOpenDialogs":true,"interaction":{"idSuffix":"inner"}},"clearTextFirst":true,"interactionType":"ENTER_TEXT"}]}
RESULT: {"script":"<script> [776 bytes]","args":[{"enterText":"Sectionnxb2c","selector":{"id":"application-managecatalogs-display-component---detailCatalog--numberInput","searchOpenDialogs":true,"interaction":{"idSuffix":"inner"}},"clearTextFirst":true,"interactionType":"ENTER_TEXT"}]}
COMMAND: POST /session/80e9d9092ede69a5c6d2cdc99b21d429/element - {"using":"css selector","value":"#application-managecatalogs-display-component---detailCatalog--nameInput-inner"}
RESULT: {"using":"css selector","value":"#application-managecatalogs-display-component---detailCatalog--nameInput-inner"}
COMMAND: POST /session/80e9d9092ede69a5c6d2cdc99b21d429/elements - {"using":"css selector","value":"#application-managecatalogs-display-component---detailCatalog--nameInput-inner"}
RESULT: {"using":"css selector","value":"#application-managecatalogs-display-component---detailCatalog--nameInput-inner"}
COMMAND: POST /session/80e9d9092ede69a5c6d2cdc99b21d429/element/f.B71618390EACC6058E100323ADB56DBA.d.5992CA550268A2F300DD151B5E1080A6.e.310/clear - {}
RESULT: {}
COMMAND: POST /session/80e9d9092ede69a5c6d2cdc99b21d429/element/f.B71618390EACC6058E100323ADB56DBA.d.5992CA550268A2F300DD151B5E1080A6.e.310/value - {"text":"Webdriverxaaif"}
COMMAND: GET /session/80e9d9092ede69a5c6d2cdc99b21d429/screenshot - {}
RESULT: {"text":"Webdriverxaaif"}
COMMAND: POST /session/80e9d9092ede69a5c6d2cdc99b21d429/execute/async - {"script":"<script> [1562 bytes]","args":[{"selector":{"controlType":"sap.m.Button","viewName":"etm.portal.ui.managecatalogs.view.Detail","viewId":"application-managecatalogs-display-component---detailCatalog","i18NText":{"propertyName":"text","key":"create"},"searchOpenDialogs":true,"interaction":{"idSuffix":"BDI-content"}},"wdio_ui5_key":"etmportal.ui.managecatalogs.view.Detailsap.m.Button{\"propertyName\":\"text\",\"key\":\"create\"}"}]}
COMMAND: GET /session/80e9d9092ede69a5c6d2cdc99b21d429/screenshot - {}
RESULT: {}
RESULT: {"script":"<script> [1562 bytes]","args":[{"selector":{"controlType":"sap.m.Button","viewName":"etm.portal.ui.managecatalogs.view.Detail","viewId":"application-managecatalogs-display-component---detailCatalog","i18NText":{"propertyName":"text","key":"create"},"searchOpenDialogs":true,"interaction":{"idSuffix":"BDI-content"}},"wdio_ui5_key":"etmportal.ui.managecatalogs.view.Detailsap.m.Button{\"propertyName\":\"text\",\"key\":\"create\"}"}]}
RESULT: undefined
COMMAND: POST /session/80e9d9092ede69a5c6d2cdc99b21d429/element - {"using":"xpath","value":"//*[@id=\"__button13\"]"}
RESULT: {}
RESULT: {"using":"xpath","value":"//*[@id=\"__button13\"]"}
COMMAND: POST /session/80e9d9092ede69a5c6d2cdc99b21d429/element/f.B71618390EACC6058E100323ADB56DBA.d.5992CA550268A2F300DD151B5E1080A6.e.316/click - {}
RESULT: {}
COMMAND: GET /session/80e9d9092ede69a5c6d2cdc99b21d429/screenshot - {}
RESULT: {}
COMMAND: POST /session/80e9d9092ede69a5c6d2cdc99b21d429/element - {"using":"xpath","value":"//button[@title=\"Save\"]"}
RESULT: {"using":"xpath","value":"//button[@title=\"Save\"]"}
COMMAND: POST /session/80e9d9092ede69a5c6d2cdc99b21d429/element/f.B71618390EACC6058E100323ADB56DBA.d.5992CA550268A2F300DD151B5E1080A6.e.317/click - {}
RESULT: {}
COMMAND: POST /session/80e9d9092ede69a5c6d2cdc99b21d429/execute/async - {"script":"<script> [1562 bytes]","args":[{"selector":{"controlType":"sap.ui.core.Icon","viewName":"etm.portal.ui.managecatalogs.view.Detail","viewId":"application-managecatalogs-display-component---detailCatalog","properties":{"src":{"regex":{"source":"decline"}}}},"wdio_ui5_key":"etmportal.ui.managecatalogs.view.Detailsap.ui.core.Icon{\"src\":{\"regex\":{\"source\":\"decline\"}}}"}]}
COMMAND: GET /session/80e9d9092ede69a5c6d2cdc99b21d429/screenshot - {}
RESULT: {"script":"<script> [1562 bytes]","args":[{"selector":{"controlType":"sap.ui.core.Icon","viewName":"etm.portal.ui.managecatalogs.view.Detail","viewId":"application-managecatalogs-display-component---detailCatalog","properties":{"src":{"regex":{"source":"decline"}}}},"wdio_ui5_key":"etmportal.ui.managecatalogs.view.Detailsap.ui.core.Icon{\"src\":{\"regex\":{\"source\":\"decline\"}}}"}]}
RESULT: undefined
COMMAND: POST /session/80e9d9092ede69a5c6d2cdc99b21d429/element - {"using":"xpath","value":"//*[@id=\"__button38-img\"]"}
RESULT: {}
RESULT: {"using":"xpath","value":"//*[@id=\"__button38-img\"]"}
COMMAND: POST /session/80e9d9092ede69a5c6d2cdc99b21d429/element/f.B71618390EACC6058E100323ADB56DBA.d.5992CA550268A2F300DD151B5E1080A6.e.323/click - {}
RESULT: {}
COMMAND: GET /session/80e9d9092ede69a5c6d2cdc99b21d429/screenshot - {}
RESULT: {}
COMMAND: POST /session/80e9d9092ede69a5c6d2cdc99b21d429/execute/async - {"script":"<script> [1562 bytes]","args":[{"selector":{"controlType":"sap.ui.core.Icon","viewName":"etm.portal.ui.managecatalogs.view.MasterItems","viewId":"application-managecatalogs-display-component---masterCatalogItems","properties":{"src":{"regex":{"source":"refresh"}}}},"wdio_ui5_key":"etmportal.ui.managecatalogs.view.MasterItemssap.ui.core.Icon{\"src\":{\"regex\":{\"source\":\"refresh\"}}}"}]}
RESULT: {"script":"<script> [1562 bytes]","args":[{"selector":{"controlType":"sap.ui.core.Icon","viewName":"etm.portal.ui.managecatalogs.view.MasterItems","viewId":"application-managecatalogs-display-component---masterCatalogItems","properties":{"src":{"regex":{"source":"refresh"}}}},"wdio_ui5_key":"etmportal.ui.managecatalogs.view.MasterItemssap.ui.core.Icon{\"src\":{\"regex\":{\"source\":\"refresh\"}}}"}]}
RESULT: undefined
COMMAND: POST /session/80e9d9092ede69a5c6d2cdc99b21d429/element - {"using":"xpath","value":"//*[@id=\"__button11-img\"]"}
RESULT: {"using":"xpath","value":"//*[@id=\"__button11-img\"]"}
COMMAND: POST /session/80e9d9092ede69a5c6d2cdc99b21d429/element/f.B71618390EACC6058E100323ADB56DBA.d.5992CA550268A2F300DD151B5E1080A6.e.356/click - {}
RESULT: {}
COMMAND: POST /session/80e9d9092ede69a5c6d2cdc99b21d429/execute/async - {"script":"<script> [1562 bytes]","args":[{"selector":{"id":"application-managecatalogs-display-component---masterCatalogItems--searchItemsField","interaction":{"idSuffix":"I"}},"wdio_ui5_key":"applicationmanagecatalogs-display-component---masterCatalogItems--searchItemsField"}]}
COMMAND: GET /session/80e9d9092ede69a5c6d2cdc99b21d429/screenshot - {}
RESULT: {"script":"<script> [1562 bytes]","args":[{"selector":{"id":"application-managecatalogs-display-component---masterCatalogItems--searchItemsField","interaction":{"idSuffix":"I"}},"wdio_ui5_key":"applicationmanagecatalogs-display-component---masterCatalogItems--searchItemsField"}]}
RESULT: undefined
COMMAND: POST /session/80e9d9092ede69a5c6d2cdc99b21d429/execute/async - {"script":"<script> [776 bytes]","args":[{"enterText":"Webdriverxaaif","selector":{"id":"application-managecatalogs-display-component---masterCatalogItems--searchItemsField","interaction":{"idSuffix":"I"}},"clearTextFirst":true,"interactionType":"ENTER_TEXT"}]}
RESULT: {}
RESULT: {"script":"<script> [776 bytes]","args":[{"enterText":"Webdriverxaaif","selector":{"id":"application-managecatalogs-display-component---masterCatalogItems--searchItemsField","interaction":{"idSuffix":"I"}},"clearTextFirst":true,"interactionType":"ENTER_TEXT"}]}
COMMAND: POST /session/80e9d9092ede69a5c6d2cdc99b21d429/actions - {"actions":[{"id":"action1","type":"key","parameters":{},"actions":[{"type":"keyDown","value":"î€‡"},{"type":"pause","duration":10},{"type":"keyUp","value":"î€‡"}]}]}
RESULT: {"actions":[{"id":"action1","type":"key","parameters":{},"actions":[{"type":"keyDown","value":"î€‡"},{"type":"pause","duration":10},{"type":"keyUp","value":"î€‡"}]}]}
COMMAND: POST /session/80e9d9092ede69a5c6d2cdc99b21d429/element - {"using":"xpath","value":"(//span[contains(text(), \"Webdriverxaaif\")])[1]"}
COMMAND: GET /session/80e9d9092ede69a5c6d2cdc99b21d429/screenshot - {}
RESULT: {"using":"xpath","value":"(//span[contains(text(), \"Webdriverxaaif\")])[1]"}
COMMAND: POST /session/80e9d9092ede69a5c6d2cdc99b21d429/element/f.B71618390EACC6058E100323ADB56DBA.d.5992CA550268A2F300DD151B5E1080A6.e.359/click - {}
RESULT: {}
RESULT: {}
COMMAND: GET /session/80e9d9092ede69a5c6d2cdc99b21d429/screenshot - {}
RESULT: {}
RESULT: undefined
COMMAND: POST /session/80e9d9092ede69a5c6d2cdc99b21d429/element - {"using":"xpath","value":"//*[@id=\"__button35\"]"}
RESULT: {"using":"xpath","value":"//*[@id=\"__button35\"]"}
COMMAND: POST /session/80e9d9092ede69a5c6d2cdc99b21d429/element/f.B71618390EACC6058E100323ADB56DBA.d.5992CA550268A2F300DD151B5E1080A6.e.396/click - {}
RESULT: {}
COMMAND: GET /session/80e9d9092ede69a5c6d2cdc99b21d429/screenshot - {}
RESULT: {}
RESULT: undefined
COMMAND: POST /session/80e9d9092ede69a5c6d2cdc99b21d429/element - {"using":"xpath","value":"//*[@id=\"__button43-img\"]"}
RESULT: {"using":"xpath","value":"//*[@id=\"__button43-img\"]"}
COMMAND: POST /session/80e9d9092ede69a5c6d2cdc99b21d429/element/f.B71618390EACC6058E100323ADB56DBA.d.5992CA550268A2F300DD151B5E1080A6.e.446/click - {}
RESULT: {}
COMMAND: GET /session/80e9d9092ede69a5c6d2cdc99b21d429/screenshot - {}
RESULT: {}
RESULT: undefined
COMMAND: POST /session/80e9d9092ede69a5c6d2cdc99b21d429/execute/async - {"script":"<script> [776 bytes]","args":[{"enterText":"SecondSectionejaac","selector":{"id":"application-managecatalogs-display-component---detailCatalog--numberInput","searchOpenDialogs":true,"interaction":{"idSuffix":"inner"}},"clearTextFirst":true,"interactionType":"ENTER_TEXT"}]}
RESULT: {"script":"<script> [776 bytes]","args":[{"enterText":"SecondSectionejaac","selector":{"id":"application-managecatalogs-display-component---detailCatalog--numberInput","searchOpenDialogs":true,"interaction":{"idSuffix":"inner"}},"clearTextFirst":true,"interactionType":"ENTER_TEXT"}]}
COMMAND: POST /session/80e9d9092ede69a5c6d2cdc99b21d429/element - {"using":"xpath","value":"//input[contains(@id ,\"application-managecatalogs-display-component---detailCatalog--nameInput-inner\")]"}
RESULT: {"using":"xpath","value":"//input[contains(@id ,\"application-managecatalogs-display-component---detailCatalog--nameInput-inner\")]"}
COMMAND: POST /session/80e9d9092ede69a5c6d2cdc99b21d429/elements - {"using":"xpath","value":"//input[contains(@id ,\"application-managecatalogs-display-component---detailCatalog--nameInput-inner\")]"}
RESULT: {"using":"xpath","value":"//input[contains(@id ,\"application-managecatalogs-display-component---detailCatalog--nameInput-inner\")]"}
COMMAND: POST /session/80e9d9092ede69a5c6d2cdc99b21d429/element/f.B71618390EACC6058E100323ADB56DBA.d.5992CA550268A2F300DD151B5E1080A6.e.449/clear - {}
RESULT: {}
COMMAND: POST /session/80e9d9092ede69a5c6d2cdc99b21d429/element/f.B71618390EACC6058E100323ADB56DBA.d.5992CA550268A2F300DD151B5E1080A6.e.449/value - {"text":"webdriversecond2m16a"}
COMMAND: GET /session/80e9d9092ede69a5c6d2cdc99b21d429/screenshot - {}
RESULT: {"text":"webdriversecond2m16a"}
COMMAND: POST /session/80e9d9092ede69a5c6d2cdc99b21d429/execute/async - {"script":"<script> [1562 bytes]","args":[{"selector":{"id":"application-managecatalogs-display-component---detailCatalog--nameInput","searchOpenDialogs":true,"interaction":{"idSuffix":"inner"}},"wdio_ui5_key":"applicationmanagecatalogs-display-component---detailCatalog--nameInput"}]}
COMMAND: GET /session/80e9d9092ede69a5c6d2cdc99b21d429/screenshot - {}
RESULT: {}
RESULT: {"script":"<script> [1562 bytes]","args":[{"selector":{"id":"application-managecatalogs-display-component---detailCatalog--nameInput","searchOpenDialogs":true,"interaction":{"idSuffix":"inner"}},"wdio_ui5_key":"applicationmanagecatalogs-display-component---detailCatalog--nameInput"}]}
RESULT: undefined
COMMAND: POST /session/80e9d9092ede69a5c6d2cdc99b21d429/execute/async - {"script":"<script> [776 bytes]","args":[{"enterText":"webdriversecond2m16a","selector":{"id":"application-managecatalogs-display-component---detailCatalog--nameInput","searchOpenDialogs":true,"interaction":{"idSuffix":"inner"}},"clearTextFirst":true,"interactionType":"ENTER_TEXT"}]}
RESULT: {}
RESULT: {"script":"<script> [776 bytes]","args":[{"enterText":"webdriversecond2m16a","selector":{"id":"application-managecatalogs-display-component---detailCatalog--nameInput","searchOpenDialogs":true,"interaction":{"idSuffix":"inner"}},"clearTextFirst":true,"interactionType":"ENTER_TEXT"}]}
RESULT: undefined
COMMAND: POST /session/80e9d9092ede69a5c6d2cdc99b21d429/element - {"using":"xpath","value":"//*[@id=\"__button13\"]"}
RESULT: {"using":"xpath","value":"//*[@id=\"__button13\"]"}
COMMAND: POST /session/80e9d9092ede69a5c6d2cdc99b21d429/element/f.B71618390EACC6058E100323ADB56DBA.d.5992CA550268A2F300DD151B5E1080A6.e.453/click - {}
RESULT: {}
COMMAND: GET /session/80e9d9092ede69a5c6d2cdc99b21d429/screenshot - {}
RESULT: {}
COMMAND: POST /session/80e9d9092ede69a5c6d2cdc99b21d429/element - {"using":"xpath","value":"//button[@title=\"Save\"]"}
RESULT: {"using":"xpath","value":"//button[@title=\"Save\"]"}
COMMAND: POST /session/80e9d9092ede69a5c6d2cdc99b21d429/element/f.B71618390EACC6058E100323ADB56DBA.d.5992CA550268A2F300DD151B5E1080A6.e.429/click - {}
RESULT: {}
COMMAND: GET /session/80e9d9092ede69a5c6d2cdc99b21d429/screenshot - {}
RESULT: {}
RESULT: undefined
COMMAND: POST /session/80e9d9092ede69a5c6d2cdc99b21d429/element - {"using":"xpath","value":"//*[@id=\"__button38-img\"]"}
RESULT: {"using":"xpath","value":"//*[@id=\"__button38-img\"]"}
COMMAND: POST /session/80e9d9092ede69a5c6d2cdc99b21d429/element/f.B71618390EACC6058E100323ADB56DBA.d.5992CA550268A2F300DD151B5E1080A6.e.403/click - {}
RESULT: {}
COMMAND: GET /session/80e9d9092ede69a5c6d2cdc99b21d429/screenshot - {}
RESULT: {}
RESULT: undefined
COMMAND: POST /session/80e9d9092ede69a5c6d2cdc99b21d429/element - {"using":"xpath","value":"//*[@id=\"__button11-img\"]"}
RESULT: {"using":"xpath","value":"//*[@id=\"__button11-img\"]"}
COMMAND: POST /session/80e9d9092ede69a5c6d2cdc99b21d429/element/f.B71618390EACC6058E100323ADB56DBA.d.5992CA550268A2F300DD151B5E1080A6.e.493/click - {}
RESULT: {}
COMMAND: GET /session/80e9d9092ede69a5c6d2cdc99b21d429/screenshot - {}
RESULT: {}
RESULT: undefined
COMMAND: POST /session/80e9d9092ede69a5c6d2cdc99b21d429/execute/async - {"script":"<script> [776 bytes]","args":[{"enterText":"SecondSectionejaac","selector":{"id":"application-managecatalogs-display-component---masterCatalogItems--searchItemsField","interaction":{"idSuffix":"I"}},"clearTextFirst":true,"interactionType":"ENTER_TEXT"}]}
RESULT: {"script":"<script> [776 bytes]","args":[{"enterText":"SecondSectionejaac","selector":{"id":"application-managecatalogs-display-component---masterCatalogItems--searchItemsField","interaction":{"idSuffix":"I"}},"clearTextFirst":true,"interactionType":"ENTER_TEXT"}]}
COMMAND: POST /session/80e9d9092ede69a5c6d2cdc99b21d429/actions - {"actions":[{"id":"action2","type":"key","parameters":{},"actions":[{"type":"keyDown","value":"î€‡"},{"type":"pause","duration":10},{"type":"keyUp","value":"î€‡"}]}]}
RESULT: {"actions":[{"id":"action2","type":"key","parameters":{},"actions":[{"type":"keyDown","value":"î€‡"},{"type":"pause","duration":10},{"type":"keyUp","value":"î€‡"}]}]}
COMMAND: POST /session/80e9d9092ede69a5c6d2cdc99b21d429/element - {"using":"xpath","value":"(//span[contains(text(), \"SecondSectionejaac\")])[1]"}
COMMAND: GET /session/80e9d9092ede69a5c6d2cdc99b21d429/screenshot - {}
RESULT: {"using":"xpath","value":"(//span[contains(text(), \"SecondSectionejaac\")])[1]"}
COMMAND: POST /session/80e9d9092ede69a5c6d2cdc99b21d429/element/f.B71618390EACC6058E100323ADB56DBA.d.5992CA550268A2F300DD151B5E1080A6.e.496/click - {}
RESULT: {}
RESULT: {}
COMMAND: POST /session/80e9d9092ede69a5c6d2cdc99b21d429/element - {"using":"xpath","value":"(//span[contains(text(), \"SecondSectionejaac\")])[1]"}
COMMAND: GET /session/80e9d9092ede69a5c6d2cdc99b21d429/screenshot - {}
RESULT: {"using":"xpath","value":"(//span[contains(text(), \"SecondSectionejaac\")])[1]"}
COMMAND: GET /session/80e9d9092ede69a5c6d2cdc99b21d429/element/f.B71618390EACC6058E100323ADB56DBA.d.5992CA550268A2F300DD151B5E1080A6.e.496/text - {}
RESULT: {}
RESULT: {}
COMMAND: POST /session/80e9d9092ede69a5c6d2cdc99b21d429/element - {"using":"css selector","value":"#shell-header-logo"}
RESULT: {"using":"css selector","value":"#shell-header-logo"}
COMMAND: POST /session/80e9d9092ede69a5c6d2cdc99b21d429/element/f.B71618390EACC6058E100323ADB56DBA.d.5992CA550268A2F300DD151B5E1080A6.e.125/click - {}
RESULT: {}
COMMAND: GET /session/80e9d9092ede69a5c6d2cdc99b21d429/screenshot - {}
RESULT: {}
COMMAND: POST /session/80e9d9092ede69a5c6d2cdc99b21d429/execute/async - {"script":"<script> [1562 bytes]","args":[{"selector":{"controlType":"sap.m.GenericTile","properties":{"header":"Manage Classifications"}},"wdio_ui5_key":"sapm.GenericTile{\"header\":\"Manage Classifications\"}"}]}
RESULT: {"script":"<script> [1562 bytes]","args":[{"selector":{"controlType":"sap.m.GenericTile","properties":{"header":"Manage Classifications"}},"wdio_ui5_key":"sapm.GenericTile{\"header\":\"Manage Classifications\"}"}]}
RESULT: undefined
COMMAND: POST /session/80e9d9092ede69a5c6d2cdc99b21d429/element - {"using":"xpath","value":"//*[@id=\"__tile115\"]"}
RESULT: {"using":"xpath","value":"//*[@id=\"__tile115\"]"}
COMMAND: POST /session/80e9d9092ede69a5c6d2cdc99b21d429/element/f.B71618390EACC6058E100323ADB56DBA.d.5992CA550268A2F300DD151B5E1080A6.e.552/click - {}
RESULT: {}
COMMAND: GET /session/80e9d9092ede69a5c6d2cdc99b21d429/screenshot - {}
RESULT: {}
]]></system-out>
    </testcase>
  </testsuite>
  <testsuite timestamp="2025-04-26T15:49:48" time="247.845" tests="3" failures="0" errors="0" skipped="0">
    <properties>
      <property name="specId" value="0" />
      <property name="suiteName" value="Manage catalogs - yard assignment classification US138930" />
      <property name="capabilities" value="chrome.135_0_7049_96.windows" />
      <property name="file" value="file:///D:/a/1/s/test/specs/R2C/manage-catalogs-yard-assignment-classification.spec.js" />
    </properties>
    <testcase classname="chrome.135_0_7049_96.windows.Manage_catalogs_-_yard_assignment_classification_US138930" name="Should create a new classification of type yard assignment" time="35.021">
      <system-out><![CDATA[
COMMAND: POST /session/80e9d9092ede69a5c6d2cdc99b21d429/execute/async - {"script":"<script> [1562 bytes]","args":[{"selector":{"controlType":"sap.ui.core.Icon","viewName":"etm.portal.ui.manageclassifications.view.Master","viewId":"application-manageclassifications-display-component---classificationMaster","properties":{"src":{"regex":{"source":"add"}}}},"wdio_ui5_key":"etmportal.ui.manageclassifications.view.Mastersap.ui.core.Icon{\"src\":{\"regex\":{\"source\":\"add\"}}}"}]}
RESULT: {"script":"<script> [1562 bytes]","args":[{"selector":{"controlType":"sap.ui.core.Icon","viewName":"etm.portal.ui.manageclassifications.view.Master","viewId":"application-manageclassifications-display-component---classificationMaster","properties":{"src":{"regex":{"source":"add"}}}},"wdio_ui5_key":"etmportal.ui.manageclassifications.view.Mastersap.ui.core.Icon{\"src\":{\"regex\":{\"source\":\"add\"}}}"}]}
RESULT: undefined
COMMAND: POST /session/80e9d9092ede69a5c6d2cdc99b21d429/element - {"using":"xpath","value":"//*[@id=\"__button77-img\"]"}
RESULT: {"using":"xpath","value":"//*[@id=\"__button77-img\"]"}
COMMAND: POST /session/80e9d9092ede69a5c6d2cdc99b21d429/element/f.B71618390EACC6058E100323ADB56DBA.d.5992CA550268A2F300DD151B5E1080A6.e.592/click - {}
RESULT: {}
COMMAND: POST /session/80e9d9092ede69a5c6d2cdc99b21d429/execute/async - {"script":"<script> [1562 bytes]","args":[{"selector":{"id":"application-manageclassifications-display-component---classificationCreate--classHeaderName","interaction":{"idSuffix":"inner"}},"wdio_ui5_key":"applicationmanageclassifications-display-component---classificationCreate--classHeaderName"}]}
COMMAND: GET /session/80e9d9092ede69a5c6d2cdc99b21d429/screenshot - {}
RESULT: {"script":"<script> [1562 bytes]","args":[{"selector":{"id":"application-manageclassifications-display-component---classificationCreate--classHeaderName","interaction":{"idSuffix":"inner"}},"wdio_ui5_key":"applicationmanageclassifications-display-component---classificationCreate--classHeaderName"}]}
RESULT: undefined
COMMAND: POST /session/80e9d9092ede69a5c6d2cdc99b21d429/execute/async - {"script":"<script> [776 bytes]","args":[{"enterText":"WebdriverYardClasskc56p","selector":{"id":"application-manageclassifications-display-component---classificationCreate--classHeaderName","interaction":{"idSuffix":"inner"}},"clearTextFirst":true,"interactionType":"ENTER_TEXT"}]}
RESULT: {}
RESULT: {"script":"<script> [776 bytes]","args":[{"enterText":"WebdriverYardClasskc56p","selector":{"id":"application-manageclassifications-display-component---classificationCreate--classHeaderName","interaction":{"idSuffix":"inner"}},"clearTextFirst":true,"interactionType":"ENTER_TEXT"}]}
COMMAND: POST /session/80e9d9092ede69a5c6d2cdc99b21d429/execute/async - {"script":"<script> [1562 bytes]","args":[{"selector":{"controlType":"sap.ui.core.Icon","viewName":"etm.portal.ui.manageclassifications.view.Create","viewId":"application-manageclassifications-display-component---classificationCreate","properties":{"src":{"regex":{"source":"slim\\-arrow\\-down"}}}},"wdio_ui5_key":"etmportal.ui.manageclassifications.view.Createsap.ui.core.Icon{\"src\":{\"regex\":{\"source\":\"slim\\\\-arrow\\\\-down\"}}}"}]}
RESULT: {"script":"<script> [1562 bytes]","args":[{"selector":{"controlType":"sap.ui.core.Icon","viewName":"etm.portal.ui.manageclassifications.view.Create","viewId":"application-manageclassifications-display-component---classificationCreate","properties":{"src":{"regex":{"source":"slim\\-arrow\\-down"}}}},"wdio_ui5_key":"etmportal.ui.manageclassifications.view.Createsap.ui.core.Icon{\"src\":{\"regex\":{\"source\":\"slim\\\\-arrow\\\\-down\"}}}"}]}
RESULT: undefined
COMMAND: POST /session/80e9d9092ede69a5c6d2cdc99b21d429/element - {"using":"xpath","value":"//*[@id=\"__box48-arrow\"]"}
RESULT: {"using":"xpath","value":"//*[@id=\"__box48-arrow\"]"}
COMMAND: POST /session/80e9d9092ede69a5c6d2cdc99b21d429/element/f.B71618390EACC6058E100323ADB56DBA.d.5992CA550268A2F300DD151B5E1080A6.e.891/click - {}
RESULT: {}
COMMAND: POST /session/80e9d9092ede69a5c6d2cdc99b21d429/execute/async - {"script":"<script> [1562 bytes]","args":[{"selector":{"controlType":"sap.m.StandardListItem","viewName":"etm.portal.ui.manageclassifications.view.Create","viewId":"application-manageclassifications-display-component---classificationCreate","properties":{"title":"Yard assignment"},"searchOpenDialogs":true,"interaction":{"idSuffix":"titleText"}},"wdio_ui5_key":"etmportal.ui.manageclassifications.view.Createsap.m.StandardListItem{\"title\":\"Yard assignment\"}"}]}
COMMAND: GET /session/80e9d9092ede69a5c6d2cdc99b21d429/screenshot - {}
RESULT: {"script":"<script> [1562 bytes]","args":[{"selector":{"controlType":"sap.m.StandardListItem","viewName":"etm.portal.ui.manageclassifications.view.Create","viewId":"application-manageclassifications-display-component---classificationCreate","properties":{"title":"Yard assignment"},"searchOpenDialogs":true,"interaction":{"idSuffix":"titleText"}},"wdio_ui5_key":"etmportal.ui.manageclassifications.view.Createsap.m.StandardListItem{\"title\":\"Yard assignment\"}"}]}
RESULT: undefined
COMMAND: POST /session/80e9d9092ede69a5c6d2cdc99b21d429/element - {"using":"xpath","value":"//*[@id=\"__item288\"]"}
RESULT: {}
RESULT: {"using":"xpath","value":"//*[@id=\"__item288\"]"}
COMMAND: POST /session/80e9d9092ede69a5c6d2cdc99b21d429/element/f.B71618390EACC6058E100323ADB56DBA.d.5992CA550268A2F300DD151B5E1080A6.e.934/click - {}
RESULT: {}
COMMAND: POST /session/80e9d9092ede69a5c6d2cdc99b21d429/execute/async - {"script":"<script> [1562 bytes]","args":[{"selector":{"controlType":"sap.ui.core.Icon","viewName":"etm.portal.ui.manageclassifications.view.Create","viewId":"application-manageclassifications-display-component---classificationCreate","properties":{"src":{"regex":{"source":"add"}}}},"wdio_ui5_key":"etmportal.ui.manageclassifications.view.Createsap.ui.core.Icon{\"src\":{\"regex\":{\"source\":\"add\"}}}"}]}
COMMAND: GET /session/80e9d9092ede69a5c6d2cdc99b21d429/screenshot - {}
RESULT: {"script":"<script> [1562 bytes]","args":[{"selector":{"controlType":"sap.ui.core.Icon","viewName":"etm.portal.ui.manageclassifications.view.Create","viewId":"application-manageclassifications-display-component---classificationCreate","properties":{"src":{"regex":{"source":"add"}}}},"wdio_ui5_key":"etmportal.ui.manageclassifications.view.Createsap.ui.core.Icon{\"src\":{\"regex\":{\"source\":\"add\"}}}"}]}
RESULT: undefined
COMMAND: POST /session/80e9d9092ede69a5c6d2cdc99b21d429/element - {"using":"xpath","value":"//*[@id=\"__button82-img\"]"}
RESULT: {}
RESULT: {"using":"xpath","value":"//*[@id=\"__button82-img\"]"}
COMMAND: POST /session/80e9d9092ede69a5c6d2cdc99b21d429/element/f.B71618390EACC6058E100323ADB56DBA.d.5992CA550268A2F300DD151B5E1080A6.e.894/click - {}
RESULT: {}
COMMAND: POST /session/80e9d9092ede69a5c6d2cdc99b21d429/execute/async - {"script":"<script> [1562 bytes]","args":[{"selector":{"controlType":"sap.m.Input","viewName":"etm.portal.ui.manageclassifications.view.Create","viewId":"application-manageclassifications-display-component---classificationCreate","bindingPath":{"path":"/0","propertyPath":"PROPERTY","modelName":"newConfigModel"},"interaction":{"idSuffix":"inner"}},"wdio_ui5_key":"etmportal.ui.manageclassifications.view.Createsap.m.Input{\"path\":\"/0\",\"propertyPath\":\"PROPERTY\",\"modelName\":\"newConfigModel\"}"}]}
COMMAND: GET /session/80e9d9092ede69a5c6d2cdc99b21d429/screenshot - {}
RESULT: {"script":"<script> [1562 bytes]","args":[{"selector":{"controlType":"sap.m.Input","viewName":"etm.portal.ui.manageclassifications.view.Create","viewId":"application-manageclassifications-display-component---classificationCreate","bindingPath":{"path":"/0","propertyPath":"PROPERTY","modelName":"newConfigModel"},"interaction":{"idSuffix":"inner"}},"wdio_ui5_key":"etmportal.ui.manageclassifications.view.Createsap.m.Input{\"path\":\"/0\",\"propertyPath\":\"PROPERTY\",\"modelName\":\"newConfigModel\"}"}]}
RESULT: undefined
COMMAND: POST /session/80e9d9092ede69a5c6d2cdc99b21d429/execute/async - {"script":"<script> [776 bytes]","args":[{"enterText":"101","selector":{"controlType":"sap.m.Input","viewName":"etm.portal.ui.manageclassifications.view.Create","viewId":"application-manageclassifications-display-component---classificationCreate","bindingPath":{"path":"/0","propertyPath":"PROPERTY","modelName":"newConfigModel"},"interaction":{"idSuffix":"inner"}},"clearTextFirst":true,"interactionType":"ENTER_TEXT"}]}
RESULT: {}
RESULT: {"script":"<script> [776 bytes]","args":[{"enterText":"101","selector":{"controlType":"sap.m.Input","viewName":"etm.portal.ui.manageclassifications.view.Create","viewId":"application-manageclassifications-display-component---classificationCreate","bindingPath":{"path":"/0","propertyPath":"PROPERTY","modelName":"newConfigModel"},"interaction":{"idSuffix":"inner"}},"clearTextFirst":true,"interactionType":"ENTER_TEXT"}]}
COMMAND: POST /session/80e9d9092ede69a5c6d2cdc99b21d429/execute/async - {"script":"<script> [1562 bytes]","args":[{"selector":{"controlType":"sap.m.Input","viewName":"etm.portal.ui.manageclassifications.view.Create","viewId":"application-manageclassifications-display-component---classificationCreate","bindingPath":{"path":"/0","propertyPath":"DESCRIPTION","modelName":"newConfigModel"},"interaction":{"idSuffix":"inner"}},"wdio_ui5_key":"etmportal.ui.manageclassifications.view.Createsap.m.Input{\"path\":\"/0\",\"propertyPath\":\"DESCRIPTION\",\"modelName\":\"newConfigModel\"}"}]}
RESULT: {"script":"<script> [1562 bytes]","args":[{"selector":{"controlType":"sap.m.Input","viewName":"etm.portal.ui.manageclassifications.view.Create","viewId":"application-manageclassifications-display-component---classificationCreate","bindingPath":{"path":"/0","propertyPath":"DESCRIPTION","modelName":"newConfigModel"},"interaction":{"idSuffix":"inner"}},"wdio_ui5_key":"etmportal.ui.manageclassifications.view.Createsap.m.Input{\"path\":\"/0\",\"propertyPath\":\"DESCRIPTION\",\"modelName\":\"newConfigModel\"}"}]}
RESULT: undefined
COMMAND: POST /session/80e9d9092ede69a5c6d2cdc99b21d429/execute/async - {"script":"<script> [776 bytes]","args":[{"enterText":"yard1","selector":{"controlType":"sap.m.Input","viewName":"etm.portal.ui.manageclassifications.view.Create","viewId":"application-manageclassifications-display-component---classificationCreate","bindingPath":{"path":"/0","propertyPath":"DESCRIPTION","modelName":"newConfigModel"},"interaction":{"idSuffix":"inner"}},"clearTextFirst":true,"interactionType":"ENTER_TEXT"}]}
RESULT: {"script":"<script> [776 bytes]","args":[{"enterText":"yard1","selector":{"controlType":"sap.m.Input","viewName":"etm.portal.ui.manageclassifications.view.Create","viewId":"application-manageclassifications-display-component---classificationCreate","bindingPath":{"path":"/0","propertyPath":"DESCRIPTION","modelName":"newConfigModel"},"interaction":{"idSuffix":"inner"}},"clearTextFirst":true,"interactionType":"ENTER_TEXT"}]}
COMMAND: POST /session/80e9d9092ede69a5c6d2cdc99b21d429/execute/async - {"script":"<script> [1562 bytes]","args":[{"selector":{"controlType":"sap.ui.core.Icon","viewName":"etm.portal.ui.manageclassifications.view.Create","viewId":"application-manageclassifications-display-component---classificationCreate","properties":{"src":{"regex":{"source":"slim\\-arrow\\-down"}}},"ancestor":{"controlType":"sap.m.ComboBox","viewName":"etm.portal.ui.manageclassifications.view.Create","viewId":"application-manageclassifications-display-component---classificationCreate","bindingPath":{"path":"/0","propertyPath":"VALUE_TYPE","modelName":"newConfigModel"}}},"wdio_ui5_key":"etmportal.ui.manageclassifications.view.Createsap.ui.core.Icon{\"src\":{\"regex\":{\"source\":\"slim\\\\-arrow\\\\-down\"}}}{\"controlType\":\"sap.m.ComboBox\",\"viewName\":\"etm.portal.ui.manageclassifications.view.Create\",\"viewId\":\"application-manageclassifications-display-component---classificationCreate\",\"bindingPath\":{\"path\":\"/0\",\"propertyPath\":\"VALUE_TYPE\",\"modelName\":\"newConfigModel\"}}"}]}
RESULT: {"script":"<script> [1562 bytes]","args":[{"selector":{"controlType":"sap.ui.core.Icon","viewName":"etm.portal.ui.manageclassifications.view.Create","viewId":"application-manageclassifications-display-component---classificationCreate","properties":{"src":{"regex":{"source":"slim\\-arrow\\-down"}}},"ancestor":{"controlType":"sap.m.ComboBox","viewName":"etm.portal.ui.manageclassifications.view.Create","viewId":"application-manageclassifications-display-component---classificationCreate","bindingPath":{"path":"/0","propertyPath":"VALUE_TYPE","modelName":"newConfigModel"}}},"wdio_ui5_key":"etmportal.ui.manageclassifications.view.Createsap.ui.core.Icon{\"src\":{\"regex\":{\"source\":\"slim\\\\-arrow\\\\-down\"}}}{\"controlType\":\"sap.m.ComboBox\",\"viewName\":\"etm.portal.ui.manageclassifications.view.Create\",\"viewId\":\"application-manageclassifications-display-component---classificationCreate\",\"bindingPath\":{\"path\":\"/0\",\"propertyPath\":\"VALUE_TYPE\",\"modelName\":\"newConfigModel\"}}"}]}
RESULT: undefined
COMMAND: POST /session/80e9d9092ede69a5c6d2cdc99b21d429/element - {"using":"xpath","value":"//*[@id=\"__box49-application-manageclassifications-display-component---classificationCreate--configurationList-0-arrow\"]"}
RESULT: {"using":"xpath","value":"//*[@id=\"__box49-application-manageclassifications-display-component---classificationCreate--configurationList-0-arrow\"]"}
COMMAND: POST /session/80e9d9092ede69a5c6d2cdc99b21d429/element/f.B71618390EACC6058E100323ADB56DBA.d.5992CA550268A2F300DD151B5E1080A6.e.943/click - {}
RESULT: {}
COMMAND: POST /session/80e9d9092ede69a5c6d2cdc99b21d429/execute/async - {"script":"<script> [1562 bytes]","args":[{"selector":{"controlType":"sap.m.StandardListItem","viewName":"etm.portal.ui.manageclassifications.view.Create","viewId":"application-manageclassifications-display-component---classificationCreate","properties":{"title":"Boolean"},"searchOpenDialogs":true,"interaction":{"idSuffix":"content"}},"wdio_ui5_key":"etmportal.ui.manageclassifications.view.Createsap.m.StandardListItem{\"title\":\"Boolean\"}"}]}
COMMAND: GET /session/80e9d9092ede69a5c6d2cdc99b21d429/screenshot - {}
RESULT: {"script":"<script> [1562 bytes]","args":[{"selector":{"controlType":"sap.m.StandardListItem","viewName":"etm.portal.ui.manageclassifications.view.Create","viewId":"application-manageclassifications-display-component---classificationCreate","properties":{"title":"Boolean"},"searchOpenDialogs":true,"interaction":{"idSuffix":"content"}},"wdio_ui5_key":"etmportal.ui.manageclassifications.view.Createsap.m.StandardListItem{\"title\":\"Boolean\"}"}]}
RESULT: undefined
COMMAND: POST /session/80e9d9092ede69a5c6d2cdc99b21d429/element - {"using":"xpath","value":"//*[@id=\"__item291\"]"}
RESULT: {}
RESULT: {"using":"xpath","value":"//*[@id=\"__item291\"]"}
COMMAND: POST /session/80e9d9092ede69a5c6d2cdc99b21d429/element/f.B71618390EACC6058E100323ADB56DBA.d.5992CA550268A2F300DD151B5E1080A6.e.945/click - {}
RESULT: {}
COMMAND: POST /session/80e9d9092ede69a5c6d2cdc99b21d429/element - {"using":"xpath","value":"//input[contains(@id ,\"application-manageclassifications-display-component---classificationCreate--classHeaderName-inner\")]"}
COMMAND: GET /session/80e9d9092ede69a5c6d2cdc99b21d429/screenshot - {}
RESULT: {"using":"xpath","value":"//input[contains(@id ,\"application-manageclassifications-display-component---classificationCreate--classHeaderName-inner\")]"}
COMMAND: GET /session/80e9d9092ede69a5c6d2cdc99b21d429/element/f.B71618390EACC6058E100323ADB56DBA.d.5992CA550268A2F300DD151B5E1080A6.e.804/property/value - {}
RESULT: {}
RESULT: {}
COMMAND: GET /session/80e9d9092ede69a5c6d2cdc99b21d429/screenshot - {}
RESULT: {}
COMMAND: POST /session/80e9d9092ede69a5c6d2cdc99b21d429/element - {"using":"xpath","value":"//button[@title=\"Save\"]"}
RESULT: {"using":"xpath","value":"//button[@title=\"Save\"]"}
COMMAND: POST /session/80e9d9092ede69a5c6d2cdc99b21d429/element/f.B71618390EACC6058E100323ADB56DBA.d.5992CA550268A2F300DD151B5E1080A6.e.902/click - {}
RESULT: {}
COMMAND: GET /session/80e9d9092ede69a5c6d2cdc99b21d429/screenshot - {}
RESULT: {}
COMMAND: POST /session/80e9d9092ede69a5c6d2cdc99b21d429/execute/async - {"script":"<script> [1562 bytes]","args":[{"selector":{"id":"application-manageclassifications-display-component---classificationMaster--smartFilterBar-btnBasicSearch","interaction":{"idSuffix":"I"}},"wdio_ui5_key":"applicationmanageclassifications-display-component---classificationMaster--smartFilterBar-btnBasicSearch"}]}
RESULT: {"script":"<script> [1562 bytes]","args":[{"selector":{"id":"application-manageclassifications-display-component---classificationMaster--smartFilterBar-btnBasicSearch","interaction":{"idSuffix":"I"}},"wdio_ui5_key":"applicationmanageclassifications-display-component---classificationMaster--smartFilterBar-btnBasicSearch"}]}
RESULT: undefined
COMMAND: POST /session/80e9d9092ede69a5c6d2cdc99b21d429/execute/async - {"script":"<script> [776 bytes]","args":[{"enterText":"WebdriverYardClasskc56p","selector":{"id":"application-manageclassifications-display-component---classificationMaster--smartFilterBar-btnBasicSearch","interaction":{"idSuffix":"I"}},"clearTextFirst":true,"interactionType":"ENTER_TEXT"}]}
RESULT: {"script":"<script> [776 bytes]","args":[{"enterText":"WebdriverYardClasskc56p","selector":{"id":"application-manageclassifications-display-component---classificationMaster--smartFilterBar-btnBasicSearch","interaction":{"idSuffix":"I"}},"clearTextFirst":true,"interactionType":"ENTER_TEXT"}]}
COMMAND: POST /session/80e9d9092ede69a5c6d2cdc99b21d429/actions - {"actions":[{"id":"action3","type":"key","parameters":{},"actions":[{"type":"keyDown","value":"î€‡"},{"type":"pause","duration":10},{"type":"keyUp","value":"î€‡"}]}]}
RESULT: {"actions":[{"id":"action3","type":"key","parameters":{},"actions":[{"type":"keyDown","value":"î€‡"},{"type":"pause","duration":10},{"type":"keyUp","value":"î€‡"}]}]}
COMMAND: POST /session/80e9d9092ede69a5c6d2cdc99b21d429/execute/async - {"script":"<script> [1562 bytes]","args":[{"selector":{"id":"application-manageclassifications-display-component---classificationMaster--smartTable-header"},"wdio_ui5_key":"applicationmanageclassifications-display-component---classificationMaster--smartTable-header"}]}
COMMAND: GET /session/80e9d9092ede69a5c6d2cdc99b21d429/screenshot - {}
RESULT: {"script":"<script> [1562 bytes]","args":[{"selector":{"id":"application-manageclassifications-display-component---classificationMaster--smartTable-header"},"wdio_ui5_key":"applicationmanageclassifications-display-component---classificationMaster--smartTable-header"}]}
RESULT: undefined
COMMAND: POST /session/80e9d9092ede69a5c6d2cdc99b21d429/execute/async - {"script":"<script> [6424 bytes]","args":[{"element-6066-11e4-a52e-4f735466cecf":"f.B71618390EACC6058E100323ADB56DBA.d.5992CA550268A2F300DD151B5E1080A6.e.1124"},"getText",[]]}
RESULT: {}
RESULT: {"script":"<script> [6424 bytes]","args":[{"element-6066-11e4-a52e-4f735466cecf":"f.B71618390EACC6058E100323ADB56DBA.d.5992CA550268A2F300DD151B5E1080A6.e.1124"},"getText",[]]}
COMMAND: POST /session/80e9d9092ede69a5c6d2cdc99b21d429/element - {"using":"css selector","value":"#shell-header-logo"}
RESULT: {"using":"css selector","value":"#shell-header-logo"}
COMMAND: POST /session/80e9d9092ede69a5c6d2cdc99b21d429/element/f.B71618390EACC6058E100323ADB56DBA.d.5992CA550268A2F300DD151B5E1080A6.e.557/click - {}
RESULT: {}
COMMAND: GET /session/80e9d9092ede69a5c6d2cdc99b21d429/screenshot - {}
RESULT: {}
]]></system-out>
    </testcase>
    <testcase classname="chrome.135_0_7049_96.windows.Manage_catalogs_-_yard_assignment_classification_US138930" name="Should add the yard classification to a catalog item" time="142.112">
      <system-out><![CDATA[
COMMAND: POST /session/80e9d9092ede69a5c6d2cdc99b21d429/execute/async - {"script":"<script> [1562 bytes]","args":[{"selector":{"controlType":"sap.m.GenericTile","properties":{"header":"Manage Catalogs"}},"wdio_ui5_key":"sapm.GenericTile{\"header\":\"Manage Catalogs\"}"}]}
RESULT: {"script":"<script> [1562 bytes]","args":[{"selector":{"controlType":"sap.m.GenericTile","properties":{"header":"Manage Catalogs"}},"wdio_ui5_key":"sapm.GenericTile{\"header\":\"Manage Catalogs\"}"}]}
RESULT: undefined
COMMAND: POST /session/80e9d9092ede69a5c6d2cdc99b21d429/element - {"using":"xpath","value":"//*[@id=\"__tile37\"]"}
RESULT: {"using":"xpath","value":"//*[@id=\"__tile37\"]"}
COMMAND: POST /session/80e9d9092ede69a5c6d2cdc99b21d429/element/f.B71618390EACC6058E100323ADB56DBA.d.5992CA550268A2F300DD151B5E1080A6.e.120/click - {}
RESULT: {}
COMMAND: GET /session/80e9d9092ede69a5c6d2cdc99b21d429/screenshot - {}
RESULT: {}
COMMAND: POST /session/80e9d9092ede69a5c6d2cdc99b21d429/refresh - {}
RESULT: {}
COMMAND: GET /session/80e9d9092ede69a5c6d2cdc99b21d429/screenshot - {}
RESULT: {}
COMMAND: POST /session/80e9d9092ede69a5c6d2cdc99b21d429/execute/async - {"script":"<script> [189 bytes]","args":[]}
RESULT: {"script":"<script> [189 bytes]","args":[]}
COMMAND: POST /session/80e9d9092ede69a5c6d2cdc99b21d429/execute/async - {"script":"<script> [123 bytes]","args":[]}
RESULT: {"script":"<script> [123 bytes]","args":[]}
COMMAND: POST /session/80e9d9092ede69a5c6d2cdc99b21d429/timeouts - {"script":"<number>"}
RESULT: {"script":"<number>"}
COMMAND: GET /session/80e9d9092ede69a5c6d2cdc99b21d429/timeouts - {}
RESULT: {}
RESULT: undefined
COMMAND: POST /session/80e9d9092ede69a5c6d2cdc99b21d429/execute/async - {"script":"<script> [2676 bytes]","args":[]}
RESULT: {"script":"<script> [2676 bytes]","args":[]}
COMMAND: POST /session/80e9d9092ede69a5c6d2cdc99b21d429/execute/async - {"script":"<script> [2342 bytes]","args":[{"protocol":"http","hostname":"0.0.0.0","path":"/","capabilities":{"browserName":"chrome","goog:chromeOptions":{"binary":"C:\\Program Files\\Google\\Chrome\\Application\\chrome.exe","args":["--start-maximized"]}},"logLevel":"warn","connectionRetryTimeout":120000,"connectionRetryCount":3,"logLevels":{},"enableDirectConnect":true,"strictSSL":true,"_":"65 more keys: [\"cacheDir\",\"port\",\"requestedCapabilities\",\"automationProtocol\",\"baseUrl\",\"waitforInterval\",\"waitforTimeout\",\"onReload\",\"beforeCommand\",\"afterCommand\",\"rootDir\",\"specs\",\"suites\",\"exclude\",\"groupLogsByTestSpec\",\"excludeDriverLogs\",\"bail\",\"framework\",\"reporters\",\"services\",\"maxInstances\",\"maxInstancesPerCapability\",\"injectGlobals\",\"filesToWatch\",\"execArgv\",\"runnerEnv\",\"runner\",\"shard\",\"specFileRetries\",\"specFileRetriesDelay\",\"specFileRetriesDeferred\",\"reporterSyncInterval\",\"reporterSyncTimeout\",\"cucumberFeaturesWithLineNumbers\",\"autoCompileOpts\",\"mochaOpts\",\"jasmineOpts\",\"cucumberOpts\",\"onPrepare\",\"onWorkerStart\",\"onWorkerEnd\",\"before\",\"beforeSession\",\"beforeSuite\",\"beforeHook\",\"beforeTest\",\"afterTest\",\"afterHook\",\"afterSuite\",\"afterSession\",\"after\",\"onComplete\",\"beforeAssertion\",\"afterAssertion\",\"beforeFeature\",\"beforeScenario\",\"beforeStep\",\"afterStep\",\"afterScenario\",\"afterFeature\",\"_\",\"suite\",\"$0\",\"ignoredWorkerServices\",\"wdi5\"]"}]}
RESULT: {"script":"<script> [2342 bytes]","args":[{"protocol":"http","hostname":"0.0.0.0","path":"/","capabilities":{"browserName":"chrome","goog:chromeOptions":{"binary":"C:\\Program Files\\Google\\Chrome\\Application\\chrome.exe","args":["--start-maximized"]}},"logLevel":"warn","connectionRetryTimeout":120000,"connectionRetryCount":3,"logLevels":{},"enableDirectConnect":true,"strictSSL":true,"_":"65 more keys: [\"cacheDir\",\"port\",\"requestedCapabilities\",\"automationProtocol\",\"baseUrl\",\"waitforInterval\",\"waitforTimeout\",\"onReload\",\"beforeCommand\",\"afterCommand\",\"rootDir\",\"specs\",\"suites\",\"exclude\",\"groupLogsByTestSpec\",\"excludeDriverLogs\",\"bail\",\"framework\",\"reporters\",\"services\",\"maxInstances\",\"maxInstancesPerCapability\",\"injectGlobals\",\"filesToWatch\",\"execArgv\",\"runnerEnv\",\"runner\",\"shard\",\"specFileRetries\",\"specFileRetriesDelay\",\"specFileRetriesDeferred\",\"reporterSyncInterval\",\"reporterSyncTimeout\",\"cucumberFeaturesWithLineNumbers\",\"autoCompileOpts\",\"mochaOpts\",\"jasmineOpts\",\"cucumberOpts\",\"onPrepare\",\"onWorkerStart\",\"onWorkerEnd\",\"before\",\"beforeSession\",\"beforeSuite\",\"beforeHook\",\"beforeTest\",\"afterTest\",\"afterHook\",\"afterSuite\",\"afterSession\",\"after\",\"onComplete\",\"beforeAssertion\",\"afterAssertion\",\"beforeFeature\",\"beforeScenario\",\"beforeStep\",\"afterStep\",\"afterScenario\",\"afterFeature\",\"_\",\"suite\",\"$0\",\"ignoredWorkerServices\",\"wdi5\"]"}]}
COMMAND: POST /session/80e9d9092ede69a5c6d2cdc99b21d429/execute/async - {"script":"<script> [21126 bytes]","args":[35000]}
RESULT: {"script":"<script> [21126 bytes]","args":[35000]}
COMMAND: POST /session/80e9d9092ede69a5c6d2cdc99b21d429/element - {"using":"xpath","value":"//span[contains(text(), \"Webshop Catalog\")][contains(@id ,\"masterCatalogs\")]"}
RESULT: {"using":"xpath","value":"//span[contains(text(), \"Webshop Catalog\")][contains(@id ,\"masterCatalogs\")]"}
COMMAND: POST /session/80e9d9092ede69a5c6d2cdc99b21d429/element/f.B71618390EACC6058E100323ADB56DBA.d.DBD2678158A5AB964CAE11C5DCBAA8E8.e.1227/click - {}
RESULT: {}
COMMAND: GET /session/80e9d9092ede69a5c6d2cdc99b21d429/screenshot - {}
RESULT: {}
COMMAND: POST /session/80e9d9092ede69a5c6d2cdc99b21d429/element - {"using":"xpath","value":"//input[contains(@id ,\"application-managecatalogs-display-component---masterCatalogItems--searchItemsField-I\")]"}
RESULT: {"using":"xpath","value":"//input[contains(@id ,\"application-managecatalogs-display-component---masterCatalogItems--searchItemsField-I\")]"}
COMMAND: POST /session/80e9d9092ede69a5c6d2cdc99b21d429/element/f.B71618390EACC6058E100323ADB56DBA.d.DBD2678158A5AB964CAE11C5DCBAA8E8.e.1236/value - {"text":"SecondSectionejaac"}
RESULT: {"text":"SecondSectionejaac"}
COMMAND: POST /session/80e9d9092ede69a5c6d2cdc99b21d429/actions - {"actions":[{"id":"action4","type":"key","parameters":{},"actions":[{"type":"keyDown","value":"î€‡"},{"type":"pause","duration":10},{"type":"keyUp","value":"î€‡"}]}]}
COMMAND: GET /session/80e9d9092ede69a5c6d2cdc99b21d429/screenshot - {}
RESULT: {"actions":[{"id":"action4","type":"key","parameters":{},"actions":[{"type":"keyDown","value":"î€‡"},{"type":"pause","duration":10},{"type":"keyUp","value":"î€‡"}]}]}
COMMAND: GET /session/80e9d9092ede69a5c6d2cdc99b21d429/screenshot - {}
RESULT: {}
RESULT: {}
COMMAND: POST /session/80e9d9092ede69a5c6d2cdc99b21d429/element - {"using":"xpath","value":"(//span[contains(text(), \"SecondSectionejaac\")])[1]"}
RESULT: {"using":"xpath","value":"(//span[contains(text(), \"SecondSectionejaac\")])[1]"}
COMMAND: POST /session/80e9d9092ede69a5c6d2cdc99b21d429/element/f.B71618390EACC6058E100323ADB56DBA.d.DBD2678158A5AB964CAE11C5DCBAA8E8.e.1264/click - {}
RESULT: {}
COMMAND: POST /session/80e9d9092ede69a5c6d2cdc99b21d429/execute/async - {"script":"<script> [1562 bytes]","args":[{"selector":{"controlType":"sap.m.Button","viewName":"etm.portal.ui.managecatalogs.view.Detail","viewId":"application-managecatalogs-display-component---detailCatalog","i18NText":{"propertyName":"text","key":"edit"},"interaction":{"idSuffix":"BDI-content"}},"wdio_ui5_key":"etmportal.ui.managecatalogs.view.Detailsap.m.Button{\"propertyName\":\"text\",\"key\":\"edit\"}"}]}
COMMAND: GET /session/80e9d9092ede69a5c6d2cdc99b21d429/screenshot - {}
RESULT: {"script":"<script> [1562 bytes]","args":[{"selector":{"controlType":"sap.m.Button","viewName":"etm.portal.ui.managecatalogs.view.Detail","viewId":"application-managecatalogs-display-component---detailCatalog","i18NText":{"propertyName":"text","key":"edit"},"interaction":{"idSuffix":"BDI-content"}},"wdio_ui5_key":"etmportal.ui.managecatalogs.view.Detailsap.m.Button{\"propertyName\":\"text\",\"key\":\"edit\"}"}]}
RESULT: undefined
COMMAND: POST /session/80e9d9092ede69a5c6d2cdc99b21d429/element - {"using":"xpath","value":"//*[@id=\"__button33\"]"}
RESULT: {}
RESULT: {"using":"xpath","value":"//*[@id=\"__button33\"]"}
COMMAND: POST /session/80e9d9092ede69a5c6d2cdc99b21d429/element/f.B71618390EACC6058E100323ADB56DBA.d.DBD2678158A5AB964CAE11C5DCBAA8E8.e.1333/click - {}
RESULT: {}
COMMAND: POST /session/80e9d9092ede69a5c6d2cdc99b21d429/execute/async - {"script":"<script> [1562 bytes]","args":[{"selector":{"controlType":"sap.ui.core.Icon","viewName":"etm.portal.ui.managecatalogs.view.Detail","viewId":"application-managecatalogs-display-component---detailCatalog","properties":{"src":{"regex":{"source":"add\\-document"}}}},"wdio_ui5_key":"etmportal.ui.managecatalogs.view.Detailsap.ui.core.Icon{\"src\":{\"regex\":{\"source\":\"add\\\\-document\"}}}"}]}
COMMAND: GET /session/80e9d9092ede69a5c6d2cdc99b21d429/screenshot - {}
RESULT: {"script":"<script> [1562 bytes]","args":[{"selector":{"controlType":"sap.ui.core.Icon","viewName":"etm.portal.ui.managecatalogs.view.Detail","viewId":"application-managecatalogs-display-component---detailCatalog","properties":{"src":{"regex":{"source":"add\\-document"}}}},"wdio_ui5_key":"etmportal.ui.managecatalogs.view.Detailsap.ui.core.Icon{\"src\":{\"regex\":{\"source\":\"add\\\\-document\"}}}"}]}
RESULT: undefined
COMMAND: POST /session/80e9d9092ede69a5c6d2cdc99b21d429/element - {"using":"xpath","value":"//*[@id=\"__button42-img\"]"}
RESULT: {}
RESULT: {"using":"xpath","value":"//*[@id=\"__button42-img\"]"}
COMMAND: POST /session/80e9d9092ede69a5c6d2cdc99b21d429/element/f.B71618390EACC6058E100323ADB56DBA.d.DBD2678158A5AB964CAE11C5DCBAA8E8.e.1340/click - {}
RESULT: {}
COMMAND: POST /session/80e9d9092ede69a5c6d2cdc99b21d429/execute/async - {"script":"<script> [1562 bytes]","args":[{"selector":{"id":"application-managecatalogs-display-component---detailCatalog--newItemNumberInput","searchOpenDialogs":true,"interaction":{"idSuffix":"inner"}},"wdio_ui5_key":"applicationmanagecatalogs-display-component---detailCatalog--newItemNumberInput"}]}
COMMAND: GET /session/80e9d9092ede69a5c6d2cdc99b21d429/screenshot - {}
RESULT: {"script":"<script> [1562 bytes]","args":[{"selector":{"id":"application-managecatalogs-display-component---detailCatalog--newItemNumberInput","searchOpenDialogs":true,"interaction":{"idSuffix":"inner"}},"wdio_ui5_key":"applicationmanagecatalogs-display-component---detailCatalog--newItemNumberInput"}]}
RESULT: undefined
COMMAND: POST /session/80e9d9092ede69a5c6d2cdc99b21d429/execute/async - {"script":"<script> [776 bytes]","args":[{"enterText":"catalogItemrfx5lf","selector":{"id":"application-managecatalogs-display-component---detailCatalog--newItemNumberInput","searchOpenDialogs":true,"interaction":{"idSuffix":"inner"}},"clearTextFirst":true,"interactionType":"ENTER_TEXT"}]}
RESULT: {}
RESULT: {"script":"<script> [776 bytes]","args":[{"enterText":"catalogItemrfx5lf","selector":{"id":"application-managecatalogs-display-component---detailCatalog--newItemNumberInput","searchOpenDialogs":true,"interaction":{"idSuffix":"inner"}},"clearTextFirst":true,"interactionType":"ENTER_TEXT"}]}
COMMAND: POST /session/80e9d9092ede69a5c6d2cdc99b21d429/execute/async - {"script":"<script> [1562 bytes]","args":[{"selector":{"controlType":"sap.m.Input","viewName":"etm.portal.ui.managecatalogs.view.Detail","viewId":"application-managecatalogs-display-component---detailCatalog","bindingPath":{"path":"","propertyPath":"/DESCRIPTION"},"searchOpenDialogs":true,"interaction":{"idSuffix":"inner"}},"wdio_ui5_key":"etmportal.ui.managecatalogs.view.Detailsap.m.Input{\"path\":\"\",\"propertyPath\":\"/DESCRIPTION\"}"}]}
RESULT: {"script":"<script> [1562 bytes]","args":[{"selector":{"controlType":"sap.m.Input","viewName":"etm.portal.ui.managecatalogs.view.Detail","viewId":"application-managecatalogs-display-component---detailCatalog","bindingPath":{"path":"","propertyPath":"/DESCRIPTION"},"searchOpenDialogs":true,"interaction":{"idSuffix":"inner"}},"wdio_ui5_key":"etmportal.ui.managecatalogs.view.Detailsap.m.Input{\"path\":\"\",\"propertyPath\":\"/DESCRIPTION\"}"}]}
RESULT: undefined
COMMAND: POST /session/80e9d9092ede69a5c6d2cdc99b21d429/execute/async - {"script":"<script> [776 bytes]","args":[{"enterText":"catalogItemNameznz4j","selector":{"controlType":"sap.m.Input","viewName":"etm.portal.ui.managecatalogs.view.Detail","viewId":"application-managecatalogs-display-component---detailCatalog","bindingPath":{"path":"","propertyPath":"/DESCRIPTION"},"searchOpenDialogs":true,"interaction":{"idSuffix":"inner"}},"clearTextFirst":true,"interactionType":"ENTER_TEXT"}]}
RESULT: {"script":"<script> [776 bytes]","args":[{"enterText":"catalogItemNameznz4j","selector":{"controlType":"sap.m.Input","viewName":"etm.portal.ui.managecatalogs.view.Detail","viewId":"application-managecatalogs-display-component---detailCatalog","bindingPath":{"path":"","propertyPath":"/DESCRIPTION"},"searchOpenDialogs":true,"interaction":{"idSuffix":"inner"}},"clearTextFirst":true,"interactionType":"ENTER_TEXT"}]}
COMMAND: POST /session/80e9d9092ede69a5c6d2cdc99b21d429/execute/async - {"script":"<script> [1562 bytes]","args":[{"selector":{"controlType":"sap.m.Button","viewName":"etm.portal.ui.managecatalogs.view.Detail","viewId":"application-managecatalogs-display-component---detailCatalog","i18NText":{"propertyName":"text","key":"create"},"searchOpenDialogs":true,"interaction":{"idSuffix":"BDI-content"}},"wdio_ui5_key":"etmportal.ui.managecatalogs.view.Detailsap.m.Button{\"propertyName\":\"text\",\"key\":\"create\"}"}]}
RESULT: {"script":"<script> [1562 bytes]","args":[{"selector":{"controlType":"sap.m.Button","viewName":"etm.portal.ui.managecatalogs.view.Detail","viewId":"application-managecatalogs-display-component---detailCatalog","i18NText":{"propertyName":"text","key":"create"},"searchOpenDialogs":true,"interaction":{"idSuffix":"BDI-content"}},"wdio_ui5_key":"etmportal.ui.managecatalogs.view.Detailsap.m.Button{\"propertyName\":\"text\",\"key\":\"create\"}"}]}
RESULT: undefined
COMMAND: POST /session/80e9d9092ede69a5c6d2cdc99b21d429/element - {"using":"xpath","value":"//*[@id=\"__button17\"]"}
RESULT: {"using":"xpath","value":"//*[@id=\"__button17\"]"}
COMMAND: POST /session/80e9d9092ede69a5c6d2cdc99b21d429/element/f.B71618390EACC6058E100323ADB56DBA.d.DBD2678158A5AB964CAE11C5DCBAA8E8.e.1350/click - {}
RESULT: {}
COMMAND: GET /session/80e9d9092ede69a5c6d2cdc99b21d429/screenshot - {}
RESULT: {}
COMMAND: POST /session/80e9d9092ede69a5c6d2cdc99b21d429/element - {"using":"xpath","value":"//button[@title=\"Save\"]"}
RESULT: {"using":"xpath","value":"//button[@title=\"Save\"]"}
COMMAND: POST /session/80e9d9092ede69a5c6d2cdc99b21d429/element/f.B71618390EACC6058E100323ADB56DBA.d.DBD2678158A5AB964CAE11C5DCBAA8E8.e.1351/click - {}
RESULT: {}
COMMAND: GET /session/80e9d9092ede69a5c6d2cdc99b21d429/screenshot - {}
RESULT: {}
COMMAND: POST /session/80e9d9092ede69a5c6d2cdc99b21d429/execute/async - {"script":"<script> [1562 bytes]","args":[{"selector":{"controlType":"sap.ui.core.Icon","viewName":"etm.portal.ui.managecatalogs.view.Detail","viewId":"application-managecatalogs-display-component---detailCatalog","properties":{"src":{"regex":{"source":"decline"}}}},"wdio_ui5_key":"etmportal.ui.managecatalogs.view.Detailsap.ui.core.Icon{\"src\":{\"regex\":{\"source\":\"decline\"}}}"}]}
RESULT: {"script":"<script> [1562 bytes]","args":[{"selector":{"controlType":"sap.ui.core.Icon","viewName":"etm.portal.ui.managecatalogs.view.Detail","viewId":"application-managecatalogs-display-component---detailCatalog","properties":{"src":{"regex":{"source":"decline"}}}},"wdio_ui5_key":"etmportal.ui.managecatalogs.view.Detailsap.ui.core.Icon{\"src\":{\"regex\":{\"source\":\"decline\"}}}"}]}
RESULT: undefined
COMMAND: POST /session/80e9d9092ede69a5c6d2cdc99b21d429/element - {"using":"xpath","value":"//*[@id=\"__button36-img\"]"}
RESULT: {"using":"xpath","value":"//*[@id=\"__button36-img\"]"}
COMMAND: POST /session/80e9d9092ede69a5c6d2cdc99b21d429/element/f.B71618390EACC6058E100323ADB56DBA.d.DBD2678158A5AB964CAE11C5DCBAA8E8.e.1359/click - {}
RESULT: {}
COMMAND: GET /session/80e9d9092ede69a5c6d2cdc99b21d429/screenshot - {}
RESULT: {}
COMMAND: POST /session/80e9d9092ede69a5c6d2cdc99b21d429/execute/async - {"script":"<script> [1562 bytes]","args":[{"selector":{"controlType":"sap.ui.core.Icon","viewName":"etm.portal.ui.managecatalogs.view.MasterItems","viewId":"application-managecatalogs-display-component---masterCatalogItems","properties":{"src":{"regex":{"source":"refresh"}}}},"wdio_ui5_key":"etmportal.ui.managecatalogs.view.MasterItemssap.ui.core.Icon{\"src\":{\"regex\":{\"source\":\"refresh\"}}}"}]}
RESULT: {"script":"<script> [1562 bytes]","args":[{"selector":{"controlType":"sap.ui.core.Icon","viewName":"etm.portal.ui.managecatalogs.view.MasterItems","viewId":"application-managecatalogs-display-component---masterCatalogItems","properties":{"src":{"regex":{"source":"refresh"}}}},"wdio_ui5_key":"etmportal.ui.managecatalogs.view.MasterItemssap.ui.core.Icon{\"src\":{\"regex\":{\"source\":\"refresh\"}}}"}]}
RESULT: undefined
COMMAND: POST /session/80e9d9092ede69a5c6d2cdc99b21d429/element - {"using":"xpath","value":"//*[@id=\"__button9-img\"]"}
RESULT: {"using":"xpath","value":"//*[@id=\"__button9-img\"]"}
COMMAND: POST /session/80e9d9092ede69a5c6d2cdc99b21d429/element/f.B71618390EACC6058E100323ADB56DBA.d.DBD2678158A5AB964CAE11C5DCBAA8E8.e.1393/click - {}
RESULT: {}
COMMAND: GET /session/80e9d9092ede69a5c6d2cdc99b21d429/screenshot - {}
RESULT: {}
COMMAND: POST /session/80e9d9092ede69a5c6d2cdc99b21d429/execute/async - {"script":"<script> [1562 bytes]","args":[{"selector":{"id":"application-managecatalogs-display-component---masterCatalogItems--searchItemsField","interaction":{"idSuffix":"I"}},"wdio_ui5_key":"applicationmanagecatalogs-display-component---masterCatalogItems--searchItemsField"}]}
RESULT: {"script":"<script> [1562 bytes]","args":[{"selector":{"id":"application-managecatalogs-display-component---masterCatalogItems--searchItemsField","interaction":{"idSuffix":"I"}},"wdio_ui5_key":"applicationmanagecatalogs-display-component---masterCatalogItems--searchItemsField"}]}
RESULT: undefined
COMMAND: POST /session/80e9d9092ede69a5c6d2cdc99b21d429/execute/async - {"script":"<script> [776 bytes]","args":[{"enterText":"catalogItemNameznz4j","selector":{"id":"application-managecatalogs-display-component---masterCatalogItems--searchItemsField","interaction":{"idSuffix":"I"}},"clearTextFirst":true,"interactionType":"ENTER_TEXT"}]}
RESULT: {"script":"<script> [776 bytes]","args":[{"enterText":"catalogItemNameznz4j","selector":{"id":"application-managecatalogs-display-component---masterCatalogItems--searchItemsField","interaction":{"idSuffix":"I"}},"clearTextFirst":true,"interactionType":"ENTER_TEXT"}]}
COMMAND: POST /session/80e9d9092ede69a5c6d2cdc99b21d429/actions - {"actions":[{"id":"action5","type":"key","parameters":{},"actions":[{"type":"keyDown","value":"î€‡"},{"type":"pause","duration":10},{"type":"keyUp","value":"î€‡"}]}]}
RESULT: {"actions":[{"id":"action5","type":"key","parameters":{},"actions":[{"type":"keyDown","value":"î€‡"},{"type":"pause","duration":10},{"type":"keyUp","value":"î€‡"}]}]}
COMMAND: POST /session/80e9d9092ede69a5c6d2cdc99b21d429/element - {"using":"xpath","value":"(//span[contains(text(), \"catalogItemNameznz4j\")])[1]"}
COMMAND: GET /session/80e9d9092ede69a5c6d2cdc99b21d429/screenshot - {}
RESULT: {"using":"xpath","value":"(//span[contains(text(), \"catalogItemNameznz4j\")])[1]"}
COMMAND: POST /session/80e9d9092ede69a5c6d2cdc99b21d429/element/f.B71618390EACC6058E100323ADB56DBA.d.DBD2678158A5AB964CAE11C5DCBAA8E8.e.1401/click - {}
RESULT: {}
RESULT: {}
COMMAND: GET /session/80e9d9092ede69a5c6d2cdc99b21d429/screenshot - {}
RESULT: {}
COMMAND: POST /session/80e9d9092ede69a5c6d2cdc99b21d429/element - {"using":"xpath","value":"//span[contains(text(), \"catalogItemrfx5lf\")]"}
RESULT: {"using":"xpath","value":"//span[contains(text(), \"catalogItemrfx5lf\")]"}
COMMAND: GET /session/80e9d9092ede69a5c6d2cdc99b21d429/element/f.B71618390EACC6058E100323ADB56DBA.d.DBD2678158A5AB964CAE11C5DCBAA8E8.e.1455/text - {}
RESULT: {}
RESULT: undefined
COMMAND: POST /session/80e9d9092ede69a5c6d2cdc99b21d429/element - {"using":"xpath","value":"//*[@id=\"__button33\"]"}
RESULT: {"using":"xpath","value":"//*[@id=\"__button33\"]"}
COMMAND: POST /session/80e9d9092ede69a5c6d2cdc99b21d429/element/f.B71618390EACC6058E100323ADB56DBA.d.DBD2678158A5AB964CAE11C5DCBAA8E8.e.1442/click - {}
COMMAND: POST /session/80e9d9092ede69a5c6d2cdc99b21d429/element - {"using":"xpath","value":"//*[@id=\"__button33\"]"}
RESULT: {"using":"xpath","value":"//*[@id=\"__button33\"]"}
COMMAND: POST /session/80e9d9092ede69a5c6d2cdc99b21d429/element/f.B71618390EACC6058E100323ADB56DBA.d.DBD2678158A5AB964CAE11C5DCBAA8E8.e.1442/click - {}
COMMAND: POST /session/80e9d9092ede69a5c6d2cdc99b21d429/element - {"using":"xpath","value":"//*[@id=\"__button33\"]"}
RESULT: {"using":"xpath","value":"//*[@id=\"__button33\"]"}
COMMAND: POST /session/80e9d9092ede69a5c6d2cdc99b21d429/element/f.B71618390EACC6058E100323ADB56DBA.d.DBD2678158A5AB964CAE11C5DCBAA8E8.e.1465/click - {}
RESULT: {}
COMMAND: GET /session/80e9d9092ede69a5c6d2cdc99b21d429/screenshot - {}
RESULT: {}
COMMAND: POST /session/80e9d9092ede69a5c6d2cdc99b21d429/execute/async - {"script":"<script> [1562 bytes]","args":[{"selector":{"id":"application-managecatalogs-display-component---detailCatalog--BASE_UNIT_OF_MEASURE-arrow"},"wdio_ui5_key":"applicationmanagecatalogs-display-component---detailCatalog--BASE_UNIT_OF_MEASURE-arrow"}]}
RESULT: {"script":"<script> [1562 bytes]","args":[{"selector":{"id":"application-managecatalogs-display-component---detailCatalog--BASE_UNIT_OF_MEASURE-arrow"},"wdio_ui5_key":"applicationmanagecatalogs-display-component---detailCatalog--BASE_UNIT_OF_MEASURE-arrow"}]}
RESULT: undefined
COMMAND: POST /session/80e9d9092ede69a5c6d2cdc99b21d429/element - {"using":"xpath","value":"//*[@id=\"application-managecatalogs-display-component---detailCatalog--BASE_UNIT_OF_MEASURE-arrow\"]"}
RESULT: {"using":"xpath","value":"//*[@id=\"application-managecatalogs-display-component---detailCatalog--BASE_UNIT_OF_MEASURE-arrow\"]"}
COMMAND: POST /session/80e9d9092ede69a5c6d2cdc99b21d429/element/f.B71618390EACC6058E100323ADB56DBA.d.DBD2678158A5AB964CAE11C5DCBAA8E8.e.1493/click - {}
RESULT: {}
COMMAND: GET /session/80e9d9092ede69a5c6d2cdc99b21d429/screenshot - {}
RESULT: {}
COMMAND: POST /session/80e9d9092ede69a5c6d2cdc99b21d429/execute/async - {"script":"<script> [1562 bytes]","args":[{"selector":{"controlType":"sap.m.StandardListItem","viewName":"etm.portal.ui.managecatalogs.view.Detail","viewId":"application-managecatalogs-display-component---detailCatalog","properties":{"title":"Piece"},"searchOpenDialogs":true,"interaction":{"idSuffix":"titleText"}},"wdio_ui5_key":"etmportal.ui.managecatalogs.view.Detailsap.m.StandardListItem{\"title\":\"Piece\"}"}]}
RESULT: {"script":"<script> [1562 bytes]","args":[{"selector":{"controlType":"sap.m.StandardListItem","viewName":"etm.portal.ui.managecatalogs.view.Detail","viewId":"application-managecatalogs-display-component---detailCatalog","properties":{"title":"Piece"},"searchOpenDialogs":true,"interaction":{"idSuffix":"titleText"}},"wdio_ui5_key":"etmportal.ui.managecatalogs.view.Detailsap.m.StandardListItem{\"title\":\"Piece\"}"}]}
RESULT: undefined
COMMAND: POST /session/80e9d9092ede69a5c6d2cdc99b21d429/element - {"using":"xpath","value":"//*[@id=\"__item241\"]"}
RESULT: {"using":"xpath","value":"//*[@id=\"__item241\"]"}
COMMAND: POST /session/80e9d9092ede69a5c6d2cdc99b21d429/element/f.B71618390EACC6058E100323ADB56DBA.d.DBD2678158A5AB964CAE11C5DCBAA8E8.e.1497/click - {}
RESULT: {}
COMMAND: POST /session/80e9d9092ede69a5c6d2cdc99b21d429/execute/async - {"script":"<script> [1562 bytes]","args":[{"selector":{"controlType":"sap.ui.core.Icon","viewName":"etm.portal.ui.managecatalogs.view.Detail","viewId":"application-managecatalogs-display-component---detailCatalog","properties":{"src":{"regex":{"source":"add"}}},"ancestor":{"controlType":"sap.m.Button","viewName":"etm.portal.ui.managecatalogs.view.Detail","viewId":"application-managecatalogs-display-component---detailCatalog","i18NText":{"propertyName":"tooltip","key":"addClass"}}},"wdio_ui5_key":"etmportal.ui.managecatalogs.view.Detailsap.ui.core.Icon{\"src\":{\"regex\":{\"source\":\"add\"}}}{\"controlType\":\"sap.m.Button\",\"viewName\":\"etm.portal.ui.managecatalogs.view.Detail\",\"viewId\":\"application-managecatalogs-display-component---detailCatalog\",\"i18NText\":{\"propertyName\":\"tooltip\",\"key\":\"addClass\"}}"}]}
COMMAND: GET /session/80e9d9092ede69a5c6d2cdc99b21d429/screenshot - {}
RESULT: {"script":"<script> [1562 bytes]","args":[{"selector":{"controlType":"sap.ui.core.Icon","viewName":"etm.portal.ui.managecatalogs.view.Detail","viewId":"application-managecatalogs-display-component---detailCatalog","properties":{"src":{"regex":{"source":"add"}}},"ancestor":{"controlType":"sap.m.Button","viewName":"etm.portal.ui.managecatalogs.view.Detail","viewId":"application-managecatalogs-display-component---detailCatalog","i18NText":{"propertyName":"tooltip","key":"addClass"}}},"wdio_ui5_key":"etmportal.ui.managecatalogs.view.Detailsap.ui.core.Icon{\"src\":{\"regex\":{\"source\":\"add\"}}}{\"controlType\":\"sap.m.Button\",\"viewName\":\"etm.portal.ui.managecatalogs.view.Detail\",\"viewId\":\"application-managecatalogs-display-component---detailCatalog\",\"i18NText\":{\"propertyName\":\"tooltip\",\"key\":\"addClass\"}}"}]}
RESULT: undefined
COMMAND: POST /session/80e9d9092ede69a5c6d2cdc99b21d429/element - {"using":"xpath","value":"//*[@id=\"__button39-img\"]"}
RESULT: {}
RESULT: {"using":"xpath","value":"//*[@id=\"__button39-img\"]"}
COMMAND: POST /session/80e9d9092ede69a5c6d2cdc99b21d429/element/f.B71618390EACC6058E100323ADB56DBA.d.DBD2678158A5AB964CAE11C5DCBAA8E8.e.1498/click - {}
RESULT: {}
COMMAND: GET /session/80e9d9092ede69a5c6d2cdc99b21d429/screenshot - {}
RESULT: {}
COMMAND: POST /session/80e9d9092ede69a5c6d2cdc99b21d429/element - {"using":"xpath","value":"//input[contains(@id ,\"searchField-I\")]"}
RESULT: {"using":"xpath","value":"//input[contains(@id ,\"searchField-I\")]"}
COMMAND: POST /session/80e9d9092ede69a5c6d2cdc99b21d429/element/f.B71618390EACC6058E100323ADB56DBA.d.DBD2678158A5AB964CAE11C5DCBAA8E8.e.1502/value - {"text":"WebdriverYardClasskc56p"}
RESULT: {"text":"WebdriverYardClasskc56p"}
COMMAND: POST /session/80e9d9092ede69a5c6d2cdc99b21d429/actions - {"actions":[{"id":"action6","type":"key","parameters":{},"actions":[{"type":"keyDown","value":"î€‡"},{"type":"pause","duration":10},{"type":"keyUp","value":"î€‡"}]}]}
COMMAND: GET /session/80e9d9092ede69a5c6d2cdc99b21d429/screenshot - {}
RESULT: {"actions":[{"id":"action6","type":"key","parameters":{},"actions":[{"type":"keyDown","value":"î€‡"},{"type":"pause","duration":10},{"type":"keyUp","value":"î€‡"}]}]}
COMMAND: GET /session/80e9d9092ede69a5c6d2cdc99b21d429/screenshot - {}
COMMAND: POST /session/80e9d9092ede69a5c6d2cdc99b21d429/element - {"using":"xpath","value":"//span[contains(text(), \"WebdriverYardClasskc56p\")]"}
RESULT: {}
RESULT: {}
RESULT: {"using":"xpath","value":"//span[contains(text(), \"WebdriverYardClasskc56p\")]"}
COMMAND: POST /session/80e9d9092ede69a5c6d2cdc99b21d429/element/f.B71618390EACC6058E100323ADB56DBA.d.DBD2678158A5AB964CAE11C5DCBAA8E8.e.1534/click - {}
RESULT: {}
COMMAND: GET /session/80e9d9092ede69a5c6d2cdc99b21d429/screenshot - {}
RESULT: {}
COMMAND: POST /session/80e9d9092ede69a5c6d2cdc99b21d429/execute/async - {"script":"<script> [1562 bytes]","args":[{"selector":{"controlType":"sap.m.Button","viewName":"etm.portal.ui.managecatalogs.view.Detail","viewId":"application-managecatalogs-display-component---detailCatalog","properties":{"text":"Classification"},"interaction":{"idSuffix":"BDI-content"}},"wdio_ui5_key":"etmportal.ui.managecatalogs.view.Detailsap.m.Button{\"text\":\"Classification\"}"}]}
RESULT: {"script":"<script> [1562 bytes]","args":[{"selector":{"controlType":"sap.m.Button","viewName":"etm.portal.ui.managecatalogs.view.Detail","viewId":"application-managecatalogs-display-component---detailCatalog","properties":{"text":"Classification"},"interaction":{"idSuffix":"BDI-content"}},"wdio_ui5_key":"etmportal.ui.managecatalogs.view.Detailsap.m.Button{\"text\":\"Classification\"}"}]}
RESULT: undefined
COMMAND: POST /session/80e9d9092ede69a5c6d2cdc99b21d429/element - {"using":"xpath","value":"//*[@id=\"application-managecatalogs-display-component---detailCatalog--ObjectPageLayout-anchBar-__section3-anchor\"]"}
RESULT: {"using":"xpath","value":"//*[@id=\"application-managecatalogs-display-component---detailCatalog--ObjectPageLayout-anchBar-__section3-anchor\"]"}
COMMAND: POST /session/80e9d9092ede69a5c6d2cdc99b21d429/element/f.B71618390EACC6058E100323ADB56DBA.d.DBD2678158A5AB964CAE11C5DCBAA8E8.e.1540/click - {}
RESULT: {}
COMMAND: GET /session/80e9d9092ede69a5c6d2cdc99b21d429/screenshot - {}
RESULT: {}
COMMAND: POST /session/80e9d9092ede69a5c6d2cdc99b21d429/element - {"using":"xpath","value":"//span[contains(@id ,\"expandButton-img\")]"}
RESULT: {"using":"xpath","value":"//span[contains(@id ,\"expandButton-img\")]"}
COMMAND: POST /session/80e9d9092ede69a5c6d2cdc99b21d429/element/f.B71618390EACC6058E100323ADB56DBA.d.DBD2678158A5AB964CAE11C5DCBAA8E8.e.1546/click - {}
RESULT: {}
COMMAND: POST /session/80e9d9092ede69a5c6d2cdc99b21d429/execute/async - {"script":"<script> [1562 bytes]","args":[{"selector":{"controlType":"sap.m.CheckBox","viewName":"etm.portal.ui.managecatalogs.view.Detail","viewId":"application-managecatalogs-display-component---detailCatalog","bindingPath":{"path":"/data/0/PROPERTIES/0","propertyPath":"SELECTED","modelName":"classModel"},"interaction":{"idSuffix":"CbBg"}},"wdio_ui5_key":"etmportal.ui.managecatalogs.view.Detailsap.m.CheckBox{\"path\":\"/data/0/PROPERTIES/0\",\"propertyPath\":\"SELECTED\",\"modelName\":\"classModel\"}"}]}
COMMAND: GET /session/80e9d9092ede69a5c6d2cdc99b21d429/screenshot - {}
RESULT: {"script":"<script> [1562 bytes]","args":[{"selector":{"controlType":"sap.m.CheckBox","viewName":"etm.portal.ui.managecatalogs.view.Detail","viewId":"application-managecatalogs-display-component---detailCatalog","bindingPath":{"path":"/data/0/PROPERTIES/0","propertyPath":"SELECTED","modelName":"classModel"},"interaction":{"idSuffix":"CbBg"}},"wdio_ui5_key":"etmportal.ui.managecatalogs.view.Detailsap.m.CheckBox{\"path\":\"/data/0/PROPERTIES/0\",\"propertyPath\":\"SELECTED\",\"modelName\":\"classModel\"}"}]}
RESULT: undefined
COMMAND: POST /session/80e9d9092ede69a5c6d2cdc99b21d429/element - {"using":"xpath","value":"//*[@id=\"__box32\"]"}
RESULT: {}
RESULT: {"using":"xpath","value":"//*[@id=\"__box32\"]"}
COMMAND: POST /session/80e9d9092ede69a5c6d2cdc99b21d429/element/f.B71618390EACC6058E100323ADB56DBA.d.DBD2678158A5AB964CAE11C5DCBAA8E8.e.1561/click - {}
RESULT: {}
RESULT: undefined
COMMAND: POST /session/80e9d9092ede69a5c6d2cdc99b21d429/execute/async - {"script":"<script> [6424 bytes]","args":[{"element-6066-11e4-a52e-4f735466cecf":"f.B71618390EACC6058E100323ADB56DBA.d.DBD2678158A5AB964CAE11C5DCBAA8E8.e.1559"},"getSelected",[]]}
COMMAND: GET /session/80e9d9092ede69a5c6d2cdc99b21d429/screenshot - {}
RESULT: {"script":"<script> [6424 bytes]","args":[{"element-6066-11e4-a52e-4f735466cecf":"f.B71618390EACC6058E100323ADB56DBA.d.DBD2678158A5AB964CAE11C5DCBAA8E8.e.1559"},"getSelected",[]]}
COMMAND: POST /session/80e9d9092ede69a5c6d2cdc99b21d429/execute/async - {"script":"<script> [1562 bytes]","args":[{"selector":{"controlType":"sap.m.Button","viewName":"etm.portal.ui.managecatalogs.view.Detail","viewId":"application-managecatalogs-display-component---detailCatalog","i18NText":{"propertyName":"text","key":"save"},"interaction":{"idSuffix":"BDI-content"}},"wdio_ui5_key":"etmportal.ui.managecatalogs.view.Detailsap.m.Button{\"propertyName\":\"text\",\"key\":\"save\"}"}]}
RESULT: {}
RESULT: {"script":"<script> [1562 bytes]","args":[{"selector":{"controlType":"sap.m.Button","viewName":"etm.portal.ui.managecatalogs.view.Detail","viewId":"application-managecatalogs-display-component---detailCatalog","i18NText":{"propertyName":"text","key":"save"},"interaction":{"idSuffix":"BDI-content"}},"wdio_ui5_key":"etmportal.ui.managecatalogs.view.Detailsap.m.Button{\"propertyName\":\"text\",\"key\":\"save\"}"}]}
RESULT: undefined
COMMAND: POST /session/80e9d9092ede69a5c6d2cdc99b21d429/element - {"using":"xpath","value":"//*[@id=\"__button51\"]"}
RESULT: {"using":"xpath","value":"//*[@id=\"__button51\"]"}
COMMAND: POST /session/80e9d9092ede69a5c6d2cdc99b21d429/element/f.B71618390EACC6058E100323ADB56DBA.d.DBD2678158A5AB964CAE11C5DCBAA8E8.e.1467/click - {}
RESULT: {}
COMMAND: GET /session/80e9d9092ede69a5c6d2cdc99b21d429/screenshot - {}
RESULT: {}
COMMAND: POST /session/80e9d9092ede69a5c6d2cdc99b21d429/element - {"using":"css selector","value":"#shell-header-logo"}
RESULT: {"using":"css selector","value":"#shell-header-logo"}
COMMAND: POST /session/80e9d9092ede69a5c6d2cdc99b21d429/element/f.B71618390EACC6058E100323ADB56DBA.d.DBD2678158A5AB964CAE11C5DCBAA8E8.e.1223/click - {}
RESULT: {}
COMMAND: GET /session/80e9d9092ede69a5c6d2cdc99b21d429/screenshot - {}
RESULT: {}
]]></system-out>
    </testcase>
    <testcase classname="chrome.135_0_7049_96.windows.Manage_catalogs_-_yard_assignment_classification_US138930" name="Should verify if the catalog item is visible after selecting the yard" time="53.719">
      <system-out><![CDATA[
COMMAND: POST /session/80e9d9092ede69a5c6d2cdc99b21d429/execute/async - {"script":"<script> [1562 bytes]","args":[{"selector":{"controlType":"sap.m.Text","properties":{"text":"Webshop"},"interaction":{"idSuffix":"inner"}},"wdio_ui5_key":"sapm.Text{\"text\":\"Webshop\"}"}]}
RESULT: {"script":"<script> [1562 bytes]","args":[{"selector":{"controlType":"sap.m.Text","properties":{"text":"Webshop"},"interaction":{"idSuffix":"inner"}},"wdio_ui5_key":"sapm.Text{\"text\":\"Webshop\"}"}]}
RESULT: undefined
COMMAND: POST /session/80e9d9092ede69a5c6d2cdc99b21d429/element - {"using":"xpath","value":"//*[@id=\"__tile49-title\"]"}
RESULT: {"using":"xpath","value":"//*[@id=\"__tile49-title\"]"}
COMMAND: POST /session/80e9d9092ede69a5c6d2cdc99b21d429/element/f.B71618390EACC6058E100323ADB56DBA.d.DBD2678158A5AB964CAE11C5DCBAA8E8.e.1588/click - {}
RESULT: {}
COMMAND: GET /session/80e9d9092ede69a5c6d2cdc99b21d429/screenshot - {}
RESULT: {}
COMMAND: POST /session/80e9d9092ede69a5c6d2cdc99b21d429/element - {"using":"css selector","value":"#requestCreationDialog--createRequestPopUp-title-inner"}
RESULT: {"using":"css selector","value":"#requestCreationDialog--createRequestPopUp-title-inner"}
COMMAND: POST /session/80e9d9092ede69a5c6d2cdc99b21d429/execute/sync - {"script":"<script> [8489 bytes]","args":[{"element-6066-11e4-a52e-4f735466cecf":"f.B71618390EACC6058E100323ADB56DBA.d.DBD2678158A5AB964CAE11C5DCBAA8E8.e.1618","ELEMENT":"f.B71618390EACC6058E100323ADB56DBA.d.DBD2678158A5AB964CAE11C5DCBAA8E8.e.1618"}]}
RESULT: {"script":"<script> [8489 bytes]","args":[{"element-6066-11e4-a52e-4f735466cecf":"f.B71618390EACC6058E100323ADB56DBA.d.DBD2678158A5AB964CAE11C5DCBAA8E8.e.1618","ELEMENT":"f.B71618390EACC6058E100323ADB56DBA.d.DBD2678158A5AB964CAE11C5DCBAA8E8.e.1618"}]}
COMMAND: GET /session/80e9d9092ede69a5c6d2cdc99b21d429/element/f.B71618390EACC6058E100323ADB56DBA.d.DBD2678158A5AB964CAE11C5DCBAA8E8.e.1618/enabled - {}
COMMAND: GET /session/80e9d9092ede69a5c6d2cdc99b21d429/screenshot - {}
RESULT: {}
COMMAND: POST /session/80e9d9092ede69a5c6d2cdc99b21d429/elements - {"using":"css selector","value":"#requestCreationDialog--createRequestPopUp-title-inner"}
COMMAND: GET /session/80e9d9092ede69a5c6d2cdc99b21d429/screenshot - {}
RESULT: {}
RESULT: {"using":"css selector","value":"#requestCreationDialog--createRequestPopUp-title-inner"}
COMMAND: POST /session/80e9d9092ede69a5c6d2cdc99b21d429/execute/async - {"script":"<script> [1562 bytes]","args":[{"selector":{"id":"requestCreationDialog--requestName","searchOpenDialogs":true,"interaction":{"idSuffix":"inner"}},"wdio_ui5_key":"requestCreationDialogrequestName"}]}
RESULT: {}
RESULT: {"script":"<script> [1562 bytes]","args":[{"selector":{"id":"requestCreationDialog--requestName","searchOpenDialogs":true,"interaction":{"idSuffix":"inner"}},"wdio_ui5_key":"requestCreationDialogrequestName"}]}
RESULT: undefined
COMMAND: POST /session/80e9d9092ede69a5c6d2cdc99b21d429/execute/async - {"script":"<script> [776 bytes]","args":[{"enterText":"WebdriverTest","selector":{"id":"requestCreationDialog--requestName","searchOpenDialogs":true,"interaction":{"idSuffix":"inner"}},"clearTextFirst":true,"interactionType":"ENTER_TEXT"}]}
RESULT: {"script":"<script> [776 bytes]","args":[{"enterText":"WebdriverTest","selector":{"id":"requestCreationDialog--requestName","searchOpenDialogs":true,"interaction":{"idSuffix":"inner"}},"clearTextFirst":true,"interactionType":"ENTER_TEXT"}]}
COMMAND: POST /session/80e9d9092ede69a5c6d2cdc99b21d429/element - {"using":"xpath","value":"//input[contains(@id ,\"requestCreationDialog--yardId-inner\")]"}
RESULT: {"using":"xpath","value":"//input[contains(@id ,\"requestCreationDialog--yardId-inner\")]"}
COMMAND: POST /session/80e9d9092ede69a5c6d2cdc99b21d429/element/f.B71618390EACC6058E100323ADB56DBA.d.DBD2678158A5AB964CAE11C5DCBAA8E8.e.1606/clear - {}
RESULT: {}
COMMAND: POST /session/80e9d9092ede69a5c6d2cdc99b21d429/element/f.B71618390EACC6058E100323ADB56DBA.d.DBD2678158A5AB964CAE11C5DCBAA8E8.e.1606/value - {"text":"101"}
COMMAND: GET /session/80e9d9092ede69a5c6d2cdc99b21d429/screenshot - {}
RESULT: {"text":"101"}
COMMAND: GET /session/80e9d9092ede69a5c6d2cdc99b21d429/screenshot - {}
RESULT: {}
RESULT: {}
COMMAND: POST /session/80e9d9092ede69a5c6d2cdc99b21d429/execute/async - {"script":"<script> [1562 bytes]","args":[{"selector":{"id":"requestCreationDialog--okButton","searchOpenDialogs":true,"interaction":{"idSuffix":"BDI-content"}},"wdio_ui5_key":"requestCreationDialogokButton"}]}
RESULT: {"script":"<script> [1562 bytes]","args":[{"selector":{"id":"requestCreationDialog--okButton","searchOpenDialogs":true,"interaction":{"idSuffix":"BDI-content"}},"wdio_ui5_key":"requestCreationDialogokButton"}]}
RESULT: undefined
COMMAND: POST /session/80e9d9092ede69a5c6d2cdc99b21d429/element - {"using":"xpath","value":"//*[@id=\"requestCreationDialog--okButton\"]"}
RESULT: {"using":"xpath","value":"//*[@id=\"requestCreationDialog--okButton\"]"}
COMMAND: POST /session/80e9d9092ede69a5c6d2cdc99b21d429/element/f.B71618390EACC6058E100323ADB56DBA.d.DBD2678158A5AB964CAE11C5DCBAA8E8.e.1625/click - {}
RESULT: {}
COMMAND: GET /session/80e9d9092ede69a5c6d2cdc99b21d429/screenshot - {}
COMMAND: POST /session/80e9d9092ede69a5c6d2cdc99b21d429/element - {"using":"xpath","value":"//input[contains(@id ,\"searchFiledId-I\")]"}
RESULT: {}
RESULT: {"using":"xpath","value":"//input[contains(@id ,\"searchFiledId-I\")]"}
COMMAND: POST /session/80e9d9092ede69a5c6d2cdc99b21d429/element/f.B71618390EACC6058E100323ADB56DBA.d.DBD2678158A5AB964CAE11C5DCBAA8E8.e.1594/value - {"text":"catalogItemrfx5lf"}
RESULT: {"text":"catalogItemrfx5lf"}
COMMAND: POST /session/80e9d9092ede69a5c6d2cdc99b21d429/actions - {"actions":[{"id":"action7","type":"key","parameters":{},"actions":[{"type":"keyDown","value":"î€‡"},{"type":"pause","duration":10},{"type":"keyUp","value":"î€‡"}]}]}
COMMAND: GET /session/80e9d9092ede69a5c6d2cdc99b21d429/screenshot - {}
RESULT: {"actions":[{"id":"action7","type":"key","parameters":{},"actions":[{"type":"keyDown","value":"î€‡"},{"type":"pause","duration":10},{"type":"keyUp","value":"î€‡"}]}]}
COMMAND: GET /session/80e9d9092ede69a5c6d2cdc99b21d429/screenshot - {}
RESULT: {}
RESULT: {}
COMMAND: POST /session/80e9d9092ede69a5c6d2cdc99b21d429/element - {"using":"xpath","value":"//span[contains(@id ,\"subTitle\")][contains(text(), \"catalogItemrfx5lf\")]"}
RESULT: {"using":"xpath","value":"//span[contains(@id ,\"subTitle\")][contains(text(), \"catalogItemrfx5lf\")]"}
COMMAND: POST /session/80e9d9092ede69a5c6d2cdc99b21d429/element - {"using":"xpath","value":"//span[contains(@id ,\"subTitle\")][contains(text(), \"catalogItemrfx5lf\")]"}
RESULT: {"using":"xpath","value":"//span[contains(@id ,\"subTitle\")][contains(text(), \"catalogItemrfx5lf\")]"}
COMMAND: POST /session/80e9d9092ede69a5c6d2cdc99b21d429/execute/async - {"script":"<script> [1562 bytes]","args":[{"selector":{"controlType":"sap.tnt.NavigationListItem","viewName":"etm.portal.ui.webshop.view.Homepage","i18NText":{"propertyName":"text","key":"exit"},"interaction":{"idSuffix":"a"}},"wdio_ui5_key":"etmportal.ui.webshop.view.Homepagesap.tnt.NavigationListItem{\"propertyName\":\"text\",\"key\":\"exit\"}"}]}
RESULT: {"script":"<script> [1562 bytes]","args":[{"selector":{"controlType":"sap.tnt.NavigationListItem","viewName":"etm.portal.ui.webshop.view.Homepage","i18NText":{"propertyName":"text","key":"exit"},"interaction":{"idSuffix":"a"}},"wdio_ui5_key":"etmportal.ui.webshop.view.Homepagesap.tnt.NavigationListItem{\"propertyName\":\"text\",\"key\":\"exit\"}"}]}
RESULT: undefined
COMMAND: POST /session/80e9d9092ede69a5c6d2cdc99b21d429/element - {"using":"xpath","value":"//*[@id=\"__item301\"]"}
RESULT: {"using":"xpath","value":"//*[@id=\"__item301\"]"}
COMMAND: POST /session/80e9d9092ede69a5c6d2cdc99b21d429/element/f.B71618390EACC6058E100323ADB56DBA.d.DBD2678158A5AB964CAE11C5DCBAA8E8.e.1632/click - {}
RESULT: {}
]]></system-out>
    </testcase>
  </testsuite>
  <testsuite timestamp="2025-04-26T15:53:56" time="10.556" tests="1" failures="0" errors="0" skipped="0">
    <properties>
      <property name="specId" value="0" />
      <property name="suiteName" value="Catalogs section" />
      <property name="capabilities" value="chrome.135_0_7049_96.windows" />
      <property name="file" value="file:///D:/a/1/s/test/specs/R2C/manage-catalogs-values-section.spec.js" />
    </properties>
    <testcase classname="chrome.135_0_7049_96.windows.Catalogs_section" name="Should add values to a catalog item" time="10.554">
      <system-out><![CDATA[
COMMAND: POST /session/80e9d9092ede69a5c6d2cdc99b21d429/element - {"using":"xpath","value":"//li[contains(@data-kt ,\"exitNavigationListItem\")]"}
COMMAND: GET /session/80e9d9092ede69a5c6d2cdc99b21d429/screenshot - {}
RESULT: {"using":"xpath","value":"//li[contains(@data-kt ,\"exitNavigationListItem\")]"}
COMMAND: POST /session/80e9d9092ede69a5c6d2cdc99b21d429/element - {"using":"xpath","value":"//li[contains(@data-kt ,\"exitNavigationListItem\")]"}
RESULT: {}
RESULT: {"using":"xpath","value":"//li[contains(@data-kt ,\"exitNavigationListItem\")]"}
COMMAND: POST /session/80e9d9092ede69a5c6d2cdc99b21d429/element - {"using":"xpath","value":"//span[contains(@id ,\"requestCreationDialog--createRequestPopUp-title-inner\")]"}
RESULT: {"using":"xpath","value":"//span[contains(@id ,\"requestCreationDialog--createRequestPopUp-title-inner\")]"}
COMMAND: POST /session/80e9d9092ede69a5c6d2cdc99b21d429/elements - {"using":"xpath","value":"//span[contains(@id ,\"requestCreationDialog--createRequestPopUp-title-inner\")]"}
RESULT: {"using":"xpath","value":"//span[contains(@id ,\"requestCreationDialog--createRequestPopUp-title-inner\")]"}
COMMAND: POST /session/80e9d9092ede69a5c6d2cdc99b21d429/element - {"using":"css selector","value":"#shell-header-logo"}
RESULT: {"using":"css selector","value":"#shell-header-logo"}
COMMAND: POST /session/80e9d9092ede69a5c6d2cdc99b21d429/element/f.B71618390EACC6058E100323ADB56DBA.d.DBD2678158A5AB964CAE11C5DCBAA8E8.e.1643/click - {}
RESULT: {}
COMMAND: GET /session/80e9d9092ede69a5c6d2cdc99b21d429/screenshot - {}
RESULT: {}
]]></system-out>
    </testcase>
  </testsuite>
  <testsuite timestamp="2025-04-26T15:54:06" time="242.777" tests="4" failures="3" errors="3" skipped="0">
    <properties>
      <property name="specId" value="0" />
      <property name="suiteName" value="Verify RU inventory split cost information US139363" />
      <property name="capabilities" value="chrome.135_0_7049_96.windows" />
      <property name="file" value="file:///D:/a/1/s/test/specs/R2C/verify-ru-inventory-split-cost-information.spec.js" />
    </properties>
    <testcase classname="chrome.135_0_7049_96.windows.Verify_RU_inventory_split_cost_information_US139363" name="Should create a new contract" time="89.436">
      <system-out><![CDATA[
COMMAND: POST /session/80e9d9092ede69a5c6d2cdc99b21d429/execute/async - {"script":"<script> [1562 bytes]","args":[{"selector":{"controlType":"sap.m.Text","viewName":"etm.portal.ui.managecontractstile.view.Master","properties":{"text":"Manage Contracts"},"interaction":{"idSuffix":"inner"}},"wdio_ui5_key":"etmportal.ui.managecontractstile.view.Mastersap.m.Text{\"text\":\"Manage Contracts\"}"}]}
RESULT: {"script":"<script> [1562 bytes]","args":[{"selector":{"controlType":"sap.m.Text","viewName":"etm.portal.ui.managecontractstile.view.Master","properties":{"text":"Manage Contracts"},"interaction":{"idSuffix":"inner"}},"wdio_ui5_key":"etmportal.ui.managecontractstile.view.Mastersap.m.Text{\"text\":\"Manage Contracts\"}"}]}
RESULT: undefined
COMMAND: POST /session/80e9d9092ede69a5c6d2cdc99b21d429/element - {"using":"xpath","value":"//*[@id=\"__tile130-title\"]"}
RESULT: {"using":"xpath","value":"//*[@id=\"__tile130-title\"]"}
COMMAND: POST /session/80e9d9092ede69a5c6d2cdc99b21d429/element/f.B71618390EACC6058E100323ADB56DBA.d.DBD2678158A5AB964CAE11C5DCBAA8E8.e.1645/click - {}
RESULT: {}
COMMAND: GET /session/80e9d9092ede69a5c6d2cdc99b21d429/screenshot - {}
RESULT: {}
COMMAND: POST /session/80e9d9092ede69a5c6d2cdc99b21d429/element - {"using":"xpath","value":"//button[@data-kt=\"addButton\"]"}
RESULT: {"using":"xpath","value":"//button[@data-kt=\"addButton\"]"}
COMMAND: POST /session/80e9d9092ede69a5c6d2cdc99b21d429/element/f.B71618390EACC6058E100323ADB56DBA.d.DBD2678158A5AB964CAE11C5DCBAA8E8.e.1693/click - {}
RESULT: {}
COMMAND: GET /session/80e9d9092ede69a5c6d2cdc99b21d429/screenshot - {}
RESULT: {}
COMMAND: POST /session/80e9d9092ede69a5c6d2cdc99b21d429/execute/async - {"script":"<script> [1562 bytes]","args":[{"selector":{"id":"application-managecontracts-display-component---AddNewContract--projectDescription","interaction":{"idSuffix":"inner"}},"wdio_ui5_key":"applicationmanagecontracts-display-component---AddNewContract--projectDescription"}]}
RESULT: {"script":"<script> [1562 bytes]","args":[{"selector":{"id":"application-managecontracts-display-component---AddNewContract--projectDescription","interaction":{"idSuffix":"inner"}},"wdio_ui5_key":"applicationmanagecontracts-display-component---AddNewContract--projectDescription"}]}
RESULT: undefined
COMMAND: POST /session/80e9d9092ede69a5c6d2cdc99b21d429/execute/async - {"script":"<script> [776 bytes]","args":[{"enterText":"WdIOR2caz4pc","selector":{"id":"application-managecontracts-display-component---AddNewContract--projectDescription","interaction":{"idSuffix":"inner"}},"clearTextFirst":true,"interactionType":"ENTER_TEXT"}]}
RESULT: {"script":"<script> [776 bytes]","args":[{"enterText":"WdIOR2caz4pc","selector":{"id":"application-managecontracts-display-component---AddNewContract--projectDescription","interaction":{"idSuffix":"inner"}},"clearTextFirst":true,"interactionType":"ENTER_TEXT"}]}
COMMAND: POST /session/80e9d9092ede69a5c6d2cdc99b21d429/element - {"using":"xpath","value":"//input[@id=\"application-managecontracts-display-component---AddNewContract--yardId-inner\"]"}
RESULT: {"using":"xpath","value":"//input[@id=\"application-managecontracts-display-component---AddNewContract--yardId-inner\"]"}
COMMAND: POST /session/80e9d9092ede69a5c6d2cdc99b21d429/element/f.B71618390EACC6058E100323ADB56DBA.d.DBD2678158A5AB964CAE11C5DCBAA8E8.e.1978/clear - {}
RESULT: {}
COMMAND: POST /session/80e9d9092ede69a5c6d2cdc99b21d429/element/f.B71618390EACC6058E100323ADB56DBA.d.DBD2678158A5AB964CAE11C5DCBAA8E8.e.1978/value - {"text":"webdriveryard"}
COMMAND: GET /session/80e9d9092ede69a5c6d2cdc99b21d429/screenshot - {}
RESULT: {"text":"webdriveryard"}
COMMAND: GET /session/80e9d9092ede69a5c6d2cdc99b21d429/screenshot - {}
RESULT: {}
RESULT: {}
COMMAND: POST /session/80e9d9092ede69a5c6d2cdc99b21d429/actions - {"actions":[{"id":"action8","type":"key","parameters":{},"actions":[{"type":"keyDown","value":"î€‡"},{"type":"pause","duration":10},{"type":"keyUp","value":"î€‡"}]}]}
RESULT: {"actions":[{"id":"action8","type":"key","parameters":{},"actions":[{"type":"keyDown","value":"î€‡"},{"type":"pause","duration":10},{"type":"keyUp","value":"î€‡"}]}]}
COMMAND: GET /session/80e9d9092ede69a5c6d2cdc99b21d429/screenshot - {}
RESULT: {}
COMMAND: POST /session/80e9d9092ede69a5c6d2cdc99b21d429/element - {"using":"xpath","value":"//input[@id=\"application-managecontracts-display-component---AddNewContract--customerSelect-inner\"]"}
RESULT: {"using":"xpath","value":"//input[@id=\"application-managecontracts-display-component---AddNewContract--customerSelect-inner\"]"}
COMMAND: POST /session/80e9d9092ede69a5c6d2cdc99b21d429/element/f.B71618390EACC6058E100323ADB56DBA.d.DBD2678158A5AB964CAE11C5DCBAA8E8.e.1976/clear - {}
RESULT: {}
COMMAND: POST /session/80e9d9092ede69a5c6d2cdc99b21d429/element/f.B71618390EACC6058E100323ADB56DBA.d.DBD2678158A5AB964CAE11C5DCBAA8E8.e.1976/value - {"text":"webdriverpartner"}
COMMAND: GET /session/80e9d9092ede69a5c6d2cdc99b21d429/screenshot - {}
RESULT: {"text":"webdriverpartner"}
COMMAND: GET /session/80e9d9092ede69a5c6d2cdc99b21d429/screenshot - {}
RESULT: {}
RESULT: {}
COMMAND: POST /session/80e9d9092ede69a5c6d2cdc99b21d429/actions - {"actions":[{"id":"action9","type":"key","parameters":{},"actions":[{"type":"keyDown","value":"î€‡"},{"type":"pause","duration":10},{"type":"keyUp","value":"î€‡"}]}]}
RESULT: {"actions":[{"id":"action9","type":"key","parameters":{},"actions":[{"type":"keyDown","value":"î€‡"},{"type":"pause","duration":10},{"type":"keyUp","value":"î€‡"}]}]}
COMMAND: GET /session/80e9d9092ede69a5c6d2cdc99b21d429/screenshot - {}
RESULT: {}
COMMAND: POST /session/80e9d9092ede69a5c6d2cdc99b21d429/element - {"using":"xpath","value":"//input[@id=\"application-managecontracts-display-component---AddNewContract--site-inner\"]"}
RESULT: {"using":"xpath","value":"//input[@id=\"application-managecontracts-display-component---AddNewContract--site-inner\"]"}
COMMAND: POST /session/80e9d9092ede69a5c6d2cdc99b21d429/element/f.B71618390EACC6058E100323ADB56DBA.d.DBD2678158A5AB964CAE11C5DCBAA8E8.e.1977/clear - {}
RESULT: {}
COMMAND: POST /session/80e9d9092ede69a5c6d2cdc99b21d429/element/f.B71618390EACC6058E100323ADB56DBA.d.DBD2678158A5AB964CAE11C5DCBAA8E8.e.1977/value - {"text":"Webdriversite"}
COMMAND: GET /session/80e9d9092ede69a5c6d2cdc99b21d429/screenshot - {}
RESULT: {"text":"Webdriversite"}
COMMAND: GET /session/80e9d9092ede69a5c6d2cdc99b21d429/screenshot - {}
RESULT: {}
RESULT: {}
COMMAND: POST /session/80e9d9092ede69a5c6d2cdc99b21d429/actions - {"actions":[{"id":"action10","type":"key","parameters":{},"actions":[{"type":"keyDown","value":"î€‡"},{"type":"pause","duration":10},{"type":"keyUp","value":"î€‡"}]}]}
RESULT: {"actions":[{"id":"action10","type":"key","parameters":{},"actions":[{"type":"keyDown","value":"î€‡"},{"type":"pause","duration":10},{"type":"keyUp","value":"î€‡"}]}]}
COMMAND: GET /session/80e9d9092ede69a5c6d2cdc99b21d429/screenshot - {}
RESULT: {}
COMMAND: POST /session/80e9d9092ede69a5c6d2cdc99b21d429/element - {"using":"xpath","value":"//button[@data-kt=\"saveButton\"]"}
RESULT: {"using":"xpath","value":"//button[@data-kt=\"saveButton\"]"}
COMMAND: POST /session/80e9d9092ede69a5c6d2cdc99b21d429/element/f.B71618390EACC6058E100323ADB56DBA.d.DBD2678158A5AB964CAE11C5DCBAA8E8.e.1991/click - {}
RESULT: {}
COMMAND: GET /session/80e9d9092ede69a5c6d2cdc99b21d429/screenshot - {}
RESULT: {}
COMMAND: POST /session/80e9d9092ede69a5c6d2cdc99b21d429/execute/async - {"script":"<script> [1562 bytes]","args":[{"selector":{"id":"contractDetailTitleNoExpanded","viewName":"etm.portal.ui.managecontracts.view.Detail"},"wdio_ui5_key":"contractDetailTitleNoExpandedetmportal.ui.managecontracts.view.Detail"}]}
RESULT: {"script":"<script> [1562 bytes]","args":[{"selector":{"id":"contractDetailTitleNoExpanded","viewName":"etm.portal.ui.managecontracts.view.Detail"},"wdio_ui5_key":"contractDetailTitleNoExpandedetmportal.ui.managecontracts.view.Detail"}]}
RESULT: undefined
COMMAND: POST /session/80e9d9092ede69a5c6d2cdc99b21d429/execute/async - {"script":"<script> [6424 bytes]","args":[{"element-6066-11e4-a52e-4f735466cecf":"f.B71618390EACC6058E100323ADB56DBA.d.DBD2678158A5AB964CAE11C5DCBAA8E8.e.2074"},"getText",[]]}
RESULT: {"script":"<script> [6424 bytes]","args":[{"element-6066-11e4-a52e-4f735466cecf":"f.B71618390EACC6058E100323ADB56DBA.d.DBD2678158A5AB964CAE11C5DCBAA8E8.e.2074"},"getText",[]]}
COMMAND: POST /session/80e9d9092ede69a5c6d2cdc99b21d429/element - {"using":"css selector","value":"#shell-header-logo"}
RESULT: {"using":"css selector","value":"#shell-header-logo"}
COMMAND: POST /session/80e9d9092ede69a5c6d2cdc99b21d429/element/f.B71618390EACC6058E100323ADB56DBA.d.DBD2678158A5AB964CAE11C5DCBAA8E8.e.1643/click - {}
RESULT: {}
COMMAND: GET /session/80e9d9092ede69a5c6d2cdc99b21d429/screenshot - {}
RESULT: {}
]]></system-out>
    </testcase>
  </testsuite>
</testsuites>