<?xml version="1.0" encoding="UTF-8"?>
<testsuites tests="20" failures="2" errors="2" skipped="0">
  <testsuite timestamp="2025-05-07T15:19:39" time="76.28" tests="2" failures="0" errors="0" skipped="0">
    <properties>
      <property name="specId" value="0" />
      <property name="suiteName" value="Assign the user test user id to an address" />
      <property name="capabilities" value="chrome.135_0_7049_115.windows" />
      <property name="file" value="file:///D:/a/1/s/test/specs/R2C/assign-user-id-to-an-address.spec.js" />
    </properties>
    <testcase classname="chrome.135_0_7049_115.windows.Assign_the_user_test_user_id_to_an_address" name="Should search for test1ETM create only if not present" time="28.518">
      <system-out><![CDATA[
COMMAND: POST /session/918763cbbc85c63b9bd5908a33c44274/execute/async - {"script":"<script> [1562 bytes]","args":[{"selector":{"id":"application-addressmanagement-display-component---masterAdm--smartFilterBar-filterItemControl_BASIC-NAME-vhi"},"wdio_ui5_key":"applicationaddressmanagement-display-component---masterAdm--smartFilterBar-filterItemControl_BASIC-NAME-vhi"}]}
RESULT: {"script":"<script> [1562 bytes]","args":[{"selector":{"id":"application-addressmanagement-display-component---masterAdm--smartFilterBar-filterItemControl_BASIC-NAME-vhi"},"wdio_ui5_key":"applicationaddressmanagement-display-component---masterAdm--smartFilterBar-filterItemControl_BASIC-NAME-vhi"}]}
RESULT: undefined
COMMAND: POST /session/918763cbbc85c63b9bd5908a33c44274/element - {"using":"xpath","value":"//*[@id=\"application-addressmanagement-display-component---masterAdm--smartFilterBar-filterItemControl_BASIC-NAME-vhi\"]"}
RESULT: {"using":"xpath","value":"//*[@id=\"application-addressmanagement-display-component---masterAdm--smartFilterBar-filterItemControl_BASIC-NAME-vhi\"]"}
COMMAND: POST /session/918763cbbc85c63b9bd5908a33c44274/element/f.C58A9DC514FFE328F82A7A8F67B7EF56.d.97CC71B102090F65AFA4C3B5B7981348.e.292/click - {}
RESULT: {}
COMMAND: POST /session/918763cbbc85c63b9bd5908a33c44274/execute/async - {"script":"<script> [1562 bytes]","args":[{"selector":{"controlType":"sap.m.Input","viewName":"etm.portal.ui.addressmanagement.view.Master","viewId":"application-addressmanagement-display-component---masterAdm","properties":{"valueState":"None"},"searchOpenDialogs":true,"interaction":{"idSuffix":"inner"}},"wdio_ui5_key":"etmportal.ui.addressmanagement.view.Mastersap.m.Input{\"valueState\":\"None\"}"}]}
COMMAND: GET /session/918763cbbc85c63b9bd5908a33c44274/screenshot - {}
RESULT: {"script":"<script> [1562 bytes]","args":[{"selector":{"controlType":"sap.m.Input","viewName":"etm.portal.ui.addressmanagement.view.Master","viewId":"application-addressmanagement-display-component---masterAdm","properties":{"valueState":"None"},"searchOpenDialogs":true,"interaction":{"idSuffix":"inner"}},"wdio_ui5_key":"etmportal.ui.addressmanagement.view.Mastersap.m.Input{\"valueState\":\"None\"}"}]}
RESULT: undefined
COMMAND: POST /session/918763cbbc85c63b9bd5908a33c44274/execute/async - {"script":"<script> [776 bytes]","args":[{"enterText":"Test1ETM","selector":{"controlType":"sap.m.Input","viewName":"etm.portal.ui.addressmanagement.view.Master","viewId":"application-addressmanagement-display-component---masterAdm","properties":{"valueState":"None"},"searchOpenDialogs":true,"interaction":{"idSuffix":"inner"}},"clearTextFirst":true,"interactionType":"ENTER_TEXT"}]}
RESULT: {}
RESULT: {"script":"<script> [776 bytes]","args":[{"enterText":"Test1ETM","selector":{"controlType":"sap.m.Input","viewName":"etm.portal.ui.addressmanagement.view.Master","viewId":"application-addressmanagement-display-component---masterAdm","properties":{"valueState":"None"},"searchOpenDialogs":true,"interaction":{"idSuffix":"inner"}},"clearTextFirst":true,"interactionType":"ENTER_TEXT"}]}
COMMAND: POST /session/918763cbbc85c63b9bd5908a33c44274/actions - {"actions":[{"id":"action1","type":"key","parameters":{},"actions":[{"type":"keyDown","value":"î€‡"},{"type":"pause","duration":10},{"type":"keyUp","value":"î€‡"}]}]}
RESULT: {"actions":[{"id":"action1","type":"key","parameters":{},"actions":[{"type":"keyDown","value":"î€‡"},{"type":"pause","duration":10},{"type":"keyUp","value":"î€‡"}]}]}
COMMAND: POST /session/918763cbbc85c63b9bd5908a33c44274/execute/async - {"script":"<script> [1562 bytes]","args":[{"selector":{"id":"application-addressmanagement-display-component---masterAdm--smartFilterBar-filterItemControl_BASIC-NAME-valueHelpDialog-ok","searchOpenDialogs":true,"interaction":{"idSuffix":"BDI-content"}},"wdio_ui5_key":"applicationaddressmanagement-display-component---masterAdm--smartFilterBar-filterItemControl_BASIC-NAME-valueHelpDialog-ok"}]}
COMMAND: GET /session/918763cbbc85c63b9bd5908a33c44274/screenshot - {}
RESULT: {"script":"<script> [1562 bytes]","args":[{"selector":{"id":"application-addressmanagement-display-component---masterAdm--smartFilterBar-filterItemControl_BASIC-NAME-valueHelpDialog-ok","searchOpenDialogs":true,"interaction":{"idSuffix":"BDI-content"}},"wdio_ui5_key":"applicationaddressmanagement-display-component---masterAdm--smartFilterBar-filterItemControl_BASIC-NAME-valueHelpDialog-ok"}]}
RESULT: undefined
COMMAND: POST /session/918763cbbc85c63b9bd5908a33c44274/element - {"using":"xpath","value":"//*[@id=\"application-addressmanagement-display-component---masterAdm--smartFilterBar-filterItemControl_BASIC-NAME-valueHelpDialog-ok\"]"}
RESULT: {}
RESULT: {"using":"xpath","value":"//*[@id=\"application-addressmanagement-display-component---masterAdm--smartFilterBar-filterItemControl_BASIC-NAME-valueHelpDialog-ok\"]"}
COMMAND: POST /session/918763cbbc85c63b9bd5908a33c44274/element/f.C58A9DC514FFE328F82A7A8F67B7EF56.d.97CC71B102090F65AFA4C3B5B7981348.e.301/click - {}
RESULT: {}
COMMAND: GET /session/918763cbbc85c63b9bd5908a33c44274/screenshot - {}
RESULT: {}
COMMAND: POST /session/918763cbbc85c63b9bd5908a33c44274/element - {"using":"xpath","value":"(//span[text()=\"Active\"])[1]"}
RESULT: {"using":"xpath","value":"(//span[text()=\"Active\"])[1]"}
COMMAND: POST /session/918763cbbc85c63b9bd5908a33c44274/elements - {"using":"xpath","value":"(//span[text()=\"Active\"])[1]"}
RESULT: {"using":"xpath","value":"(//span[text()=\"Active\"])[1]"}
COMMAND: POST /session/918763cbbc85c63b9bd5908a33c44274/execute/sync - {"script":"<script> [8489 bytes]","args":[{"element-6066-11e4-a52e-4f735466cecf":"f.C58A9DC514FFE328F82A7A8F67B7EF56.d.97CC71B102090F65AFA4C3B5B7981348.e.316","ELEMENT":"f.C58A9DC514FFE328F82A7A8F67B7EF56.d.97CC71B102090F65AFA4C3B5B7981348.e.316"}]}
RESULT: {"script":"<script> [8489 bytes]","args":[{"element-6066-11e4-a52e-4f735466cecf":"f.C58A9DC514FFE328F82A7A8F67B7EF56.d.97CC71B102090F65AFA4C3B5B7981348.e.316","ELEMENT":"f.C58A9DC514FFE328F82A7A8F67B7EF56.d.97CC71B102090F65AFA4C3B5B7981348.e.316"}]}
COMMAND: POST /session/918763cbbc85c63b9bd5908a33c44274/execute/sync - {"script":"<script> [5351 bytes]","args":[{"element-6066-11e4-a52e-4f735466cecf":"f.C58A9DC514FFE328F82A7A8F67B7EF56.d.97CC71B102090F65AFA4C3B5B7981348.e.316","ELEMENT":"f.C58A9DC514FFE328F82A7A8F67B7EF56.d.97CC71B102090F65AFA4C3B5B7981348.e.316"}]}
COMMAND: GET /session/918763cbbc85c63b9bd5908a33c44274/screenshot - {}
RESULT: {"script":"<script> [5351 bytes]","args":[{"element-6066-11e4-a52e-4f735466cecf":"f.C58A9DC514FFE328F82A7A8F67B7EF56.d.97CC71B102090F65AFA4C3B5B7981348.e.316","ELEMENT":"f.C58A9DC514FFE328F82A7A8F67B7EF56.d.97CC71B102090F65AFA4C3B5B7981348.e.316"}]}
COMMAND: POST /session/918763cbbc85c63b9bd5908a33c44274/element/f.C58A9DC514FFE328F82A7A8F67B7EF56.d.97CC71B102090F65AFA4C3B5B7981348.e.316/click - {}
COMMAND: GET /session/918763cbbc85c63b9bd5908a33c44274/screenshot - {}
RESULT: {}
RESULT: {}
COMMAND: POST /session/918763cbbc85c63b9bd5908a33c44274/element - {"using":"xpath","value":"//span[@id=\"application-addressmanagement-display-component---detailAdm--addressDetailDetailsName1\"]"}
COMMAND: GET /session/918763cbbc85c63b9bd5908a33c44274/screenshot - {}
RESULT: {}
RESULT: {"using":"xpath","value":"//span[@id=\"application-addressmanagement-display-component---detailAdm--addressDetailDetailsName1\"]"}
COMMAND: POST /session/918763cbbc85c63b9bd5908a33c44274/execute/sync - {"script":"<script> [8489 bytes]","args":[{"element-6066-11e4-a52e-4f735466cecf":"f.C58A9DC514FFE328F82A7A8F67B7EF56.d.97CC71B102090F65AFA4C3B5B7981348.e.397","ELEMENT":"f.C58A9DC514FFE328F82A7A8F67B7EF56.d.97CC71B102090F65AFA4C3B5B7981348.e.397"}]}
RESULT: {}
RESULT: {"script":"<script> [8489 bytes]","args":[{"element-6066-11e4-a52e-4f735466cecf":"f.C58A9DC514FFE328F82A7A8F67B7EF56.d.97CC71B102090F65AFA4C3B5B7981348.e.397","ELEMENT":"f.C58A9DC514FFE328F82A7A8F67B7EF56.d.97CC71B102090F65AFA4C3B5B7981348.e.397"}]}
COMMAND: GET /session/918763cbbc85c63b9bd5908a33c44274/screenshot - {}
]]></system-out>
    </testcase>
    <testcase classname="chrome.135_0_7049_115.windows.Assign_the_user_test_user_id_to_an_address" name="Should edit the title of the created found address" time="11.487">
      <system-out><![CDATA[
COMMAND: POST /session/918763cbbc85c63b9bd5908a33c44274/execute/async - {"script":"<script> [1562 bytes]","args":[{"selector":{"controlType":"sap.m.Button","viewName":"etm.portal.ui.addressmanagement.view.Detail","viewId":"application-addressmanagement-display-component---detailAdm","i18NText":{"propertyName":"text","key":"edit"}},"wdio_ui5_key":"etmportal.ui.addressmanagement.view.Detailsap.m.Button{\"propertyName\":\"text\",\"key\":\"edit\"}"}]}
RESULT: {}
RESULT: {"script":"<script> [1562 bytes]","args":[{"selector":{"controlType":"sap.m.Button","viewName":"etm.portal.ui.addressmanagement.view.Detail","viewId":"application-addressmanagement-display-component---detailAdm","i18NText":{"propertyName":"text","key":"edit"}},"wdio_ui5_key":"etmportal.ui.addressmanagement.view.Detailsap.m.Button{\"propertyName\":\"text\",\"key\":\"edit\"}"}]}
RESULT: undefined
COMMAND: POST /session/918763cbbc85c63b9bd5908a33c44274/element - {"using":"xpath","value":"//*[@id=\"__button16\"]"}
RESULT: {"using":"xpath","value":"//*[@id=\"__button16\"]"}
COMMAND: POST /session/918763cbbc85c63b9bd5908a33c44274/element/f.C58A9DC514FFE328F82A7A8F67B7EF56.d.97CC71B102090F65AFA4C3B5B7981348.e.403/click - {}
RESULT: {}
COMMAND: POST /session/918763cbbc85c63b9bd5908a33c44274/execute/async - {"script":"<script> [1562 bytes]","args":[{"selector":{"controlType":"sap.ui.core.Icon","viewName":"etm.portal.ui.addressmanagement.view.EditDetail","properties":{"src":{"regex":{"source":"slim\\-arrow\\-down"}}},"ancestor":{"id":"addressTitle","viewName":"etm.portal.ui.addressmanagement.view.EditDetail"}},"wdio_ui5_key":"etmportal.ui.addressmanagement.view.EditDetailsap.ui.core.Icon{\"src\":{\"regex\":{\"source\":\"slim\\\\-arrow\\\\-down\"}}}{\"id\":\"addressTitle\",\"viewName\":\"etm.portal.ui.addressmanagement.view.EditDetail\"}"}]}
COMMAND: GET /session/918763cbbc85c63b9bd5908a33c44274/screenshot - {}
RESULT: {"script":"<script> [1562 bytes]","args":[{"selector":{"controlType":"sap.ui.core.Icon","viewName":"etm.portal.ui.addressmanagement.view.EditDetail","properties":{"src":{"regex":{"source":"slim\\-arrow\\-down"}}},"ancestor":{"id":"addressTitle","viewName":"etm.portal.ui.addressmanagement.view.EditDetail"}},"wdio_ui5_key":"etmportal.ui.addressmanagement.view.EditDetailsap.ui.core.Icon{\"src\":{\"regex\":{\"source\":\"slim\\\\-arrow\\\\-down\"}}}{\"id\":\"addressTitle\",\"viewName\":\"etm.portal.ui.addressmanagement.view.EditDetail\"}"}]}
RESULT: undefined
COMMAND: POST /session/918763cbbc85c63b9bd5908a33c44274/element - {"using":"xpath","value":"//*[@id=\"__xmlview58--addressTitle-arrow\"]"}
RESULT: {}
RESULT: {"using":"xpath","value":"//*[@id=\"__xmlview58--addressTitle-arrow\"]"}
COMMAND: POST /session/918763cbbc85c63b9bd5908a33c44274/element/f.C58A9DC514FFE328F82A7A8F67B7EF56.d.97CC71B102090F65AFA4C3B5B7981348.e.440/click - {}
RESULT: {}
COMMAND: POST /session/918763cbbc85c63b9bd5908a33c44274/execute/async - {"script":"<script> [1562 bytes]","args":[{"selector":{"controlType":"sap.m.StandardListItem","viewName":"etm.portal.ui.addressmanagement.view.EditDetail","properties":{"title":"Dr."},"searchOpenDialogs":true},"wdio_ui5_key":"etmportal.ui.addressmanagement.view.EditDetailsap.m.StandardListItem{\"title\":\"Dr.\"}"}]}
COMMAND: GET /session/918763cbbc85c63b9bd5908a33c44274/screenshot - {}
RESULT: {"script":"<script> [1562 bytes]","args":[{"selector":{"controlType":"sap.m.StandardListItem","viewName":"etm.portal.ui.addressmanagement.view.EditDetail","properties":{"title":"Dr."},"searchOpenDialogs":true},"wdio_ui5_key":"etmportal.ui.addressmanagement.view.EditDetailsap.m.StandardListItem{\"title\":\"Dr.\"}"}]}
RESULT: undefined
COMMAND: POST /session/918763cbbc85c63b9bd5908a33c44274/element - {"using":"xpath","value":"//*[@id=\"__item225\"]"}
RESULT: {}
RESULT: {"using":"xpath","value":"//*[@id=\"__item225\"]"}
COMMAND: POST /session/918763cbbc85c63b9bd5908a33c44274/element/f.C58A9DC514FFE328F82A7A8F67B7EF56.d.97CC71B102090F65AFA4C3B5B7981348.e.441/click - {}
RESULT: {}
COMMAND: POST /session/918763cbbc85c63b9bd5908a33c44274/execute/async - {"script":"<script> [1562 bytes]","args":[{"selector":{"controlType":"sap.m.Button","viewName":"etm.portal.ui.addressmanagement.view.EditDetail","i18NText":{"propertyName":"text","key":"save"}},"wdio_ui5_key":"etmportal.ui.addressmanagement.view.EditDetailsap.m.Button{\"propertyName\":\"text\",\"key\":\"save\"}"}]}
COMMAND: GET /session/918763cbbc85c63b9bd5908a33c44274/screenshot - {}
RESULT: {"script":"<script> [1562 bytes]","args":[{"selector":{"controlType":"sap.m.Button","viewName":"etm.portal.ui.addressmanagement.view.EditDetail","i18NText":{"propertyName":"text","key":"save"}},"wdio_ui5_key":"etmportal.ui.addressmanagement.view.EditDetailsap.m.Button{\"propertyName\":\"text\",\"key\":\"save\"}"}]}
RESULT: undefined
COMMAND: POST /session/918763cbbc85c63b9bd5908a33c44274/element - {"using":"xpath","value":"//*[@id=\"__button39\"]"}
RESULT: {}
RESULT: {"using":"xpath","value":"//*[@id=\"__button39\"]"}
COMMAND: POST /session/918763cbbc85c63b9bd5908a33c44274/element/f.C58A9DC514FFE328F82A7A8F67B7EF56.d.97CC71B102090F65AFA4C3B5B7981348.e.442/click - {}
RESULT: {}
COMMAND: GET /session/918763cbbc85c63b9bd5908a33c44274/screenshot - {}
RESULT: {}
COMMAND: POST /session/918763cbbc85c63b9bd5908a33c44274/element - {"using":"xpath","value":"//span[@id=\"application-addressmanagement-display-component---detailAdm--addressTitle\"]"}
RESULT: {"using":"xpath","value":"//span[@id=\"application-addressmanagement-display-component---detailAdm--addressTitle\"]"}
COMMAND: GET /session/918763cbbc85c63b9bd5908a33c44274/element/f.C58A9DC514FFE328F82A7A8F67B7EF56.d.97CC71B102090F65AFA4C3B5B7981348.e.448/text - {}
RESULT: {}
COMMAND: POST /session/918763cbbc85c63b9bd5908a33c44274/element - {"using":"xpath","value":"//span[@id=\"application-addressmanagement-display-component---detailAdm--addressDetailDetailsName1\"]"}
RESULT: {"using":"xpath","value":"//span[@id=\"application-addressmanagement-display-component---detailAdm--addressDetailDetailsName1\"]"}
COMMAND: GET /session/918763cbbc85c63b9bd5908a33c44274/element/f.C58A9DC514FFE328F82A7A8F67B7EF56.d.97CC71B102090F65AFA4C3B5B7981348.e.397/text - {}
RESULT: {}
COMMAND: POST /session/918763cbbc85c63b9bd5908a33c44274/refresh - {}
RESULT: {}
COMMAND: GET /session/918763cbbc85c63b9bd5908a33c44274/screenshot - {}
RESULT: {}
COMMAND: POST /session/918763cbbc85c63b9bd5908a33c44274/refresh - {}
RESULT: {}
COMMAND: GET /session/918763cbbc85c63b9bd5908a33c44274/screenshot - {}
RESULT: {}
COMMAND: POST /session/918763cbbc85c63b9bd5908a33c44274/window/fullscreen - {}
RESULT: {}
COMMAND: POST /session/918763cbbc85c63b9bd5908a33c44274/execute/async - {"script":"<script> [189 bytes]","args":[]}
RESULT: {"script":"<script> [189 bytes]","args":[]}
COMMAND: POST /session/918763cbbc85c63b9bd5908a33c44274/execute/async - {"script":"<script> [123 bytes]","args":[]}
RESULT: {"script":"<script> [123 bytes]","args":[]}
COMMAND: POST /session/918763cbbc85c63b9bd5908a33c44274/timeouts - {"script":"<number>"}
RESULT: {"script":"<number>"}
COMMAND: GET /session/918763cbbc85c63b9bd5908a33c44274/timeouts - {}
RESULT: {}
RESULT: undefined
COMMAND: POST /session/918763cbbc85c63b9bd5908a33c44274/execute/async - {"script":"<script> [2676 bytes]","args":[]}
RESULT: {"script":"<script> [2676 bytes]","args":[]}
COMMAND: POST /session/918763cbbc85c63b9bd5908a33c44274/execute/async - {"script":"<script> [2342 bytes]","args":[{"protocol":"http","hostname":"0.0.0.0","path":"/","capabilities":{"browserName":"chrome","goog:chromeOptions":{"binary":"C:\\Program Files\\Google\\Chrome\\Application\\chrome.exe","args":["--start-maximized"]}},"logLevel":"warn","connectionRetryTimeout":120000,"connectionRetryCount":3,"logLevels":{},"enableDirectConnect":true,"strictSSL":true,"_":"65 more keys: [\"cacheDir\",\"port\",\"requestedCapabilities\",\"automationProtocol\",\"baseUrl\",\"waitforInterval\",\"waitforTimeout\",\"onReload\",\"beforeCommand\",\"afterCommand\",\"rootDir\",\"specs\",\"suites\",\"exclude\",\"groupLogsByTestSpec\",\"excludeDriverLogs\",\"bail\",\"framework\",\"reporters\",\"services\",\"maxInstances\",\"maxInstancesPerCapability\",\"injectGlobals\",\"filesToWatch\",\"execArgv\",\"runnerEnv\",\"runner\",\"shard\",\"specFileRetries\",\"specFileRetriesDelay\",\"specFileRetriesDeferred\",\"reporterSyncInterval\",\"reporterSyncTimeout\",\"cucumberFeaturesWithLineNumbers\",\"autoCompileOpts\",\"mochaOpts\",\"jasmineOpts\",\"cucumberOpts\",\"onPrepare\",\"onWorkerStart\",\"onWorkerEnd\",\"before\",\"beforeSession\",\"beforeSuite\",\"beforeHook\",\"beforeTest\",\"afterTest\",\"afterHook\",\"afterSuite\",\"afterSession\",\"after\",\"onComplete\",\"beforeAssertion\",\"afterAssertion\",\"beforeFeature\",\"beforeScenario\",\"beforeStep\",\"afterStep\",\"afterScenario\",\"afterFeature\",\"_\",\"suite\",\"$0\",\"ignoredWorkerServices\",\"wdi5\"]"}]}
RESULT: {"script":"<script> [2342 bytes]","args":[{"protocol":"http","hostname":"0.0.0.0","path":"/","capabilities":{"browserName":"chrome","goog:chromeOptions":{"binary":"C:\\Program Files\\Google\\Chrome\\Application\\chrome.exe","args":["--start-maximized"]}},"logLevel":"warn","connectionRetryTimeout":120000,"connectionRetryCount":3,"logLevels":{},"enableDirectConnect":true,"strictSSL":true,"_":"65 more keys: [\"cacheDir\",\"port\",\"requestedCapabilities\",\"automationProtocol\",\"baseUrl\",\"waitforInterval\",\"waitforTimeout\",\"onReload\",\"beforeCommand\",\"afterCommand\",\"rootDir\",\"specs\",\"suites\",\"exclude\",\"groupLogsByTestSpec\",\"excludeDriverLogs\",\"bail\",\"framework\",\"reporters\",\"services\",\"maxInstances\",\"maxInstancesPerCapability\",\"injectGlobals\",\"filesToWatch\",\"execArgv\",\"runnerEnv\",\"runner\",\"shard\",\"specFileRetries\",\"specFileRetriesDelay\",\"specFileRetriesDeferred\",\"reporterSyncInterval\",\"reporterSyncTimeout\",\"cucumberFeaturesWithLineNumbers\",\"autoCompileOpts\",\"mochaOpts\",\"jasmineOpts\",\"cucumberOpts\",\"onPrepare\",\"onWorkerStart\",\"onWorkerEnd\",\"before\",\"beforeSession\",\"beforeSuite\",\"beforeHook\",\"beforeTest\",\"afterTest\",\"afterHook\",\"afterSuite\",\"afterSession\",\"after\",\"onComplete\",\"beforeAssertion\",\"afterAssertion\",\"beforeFeature\",\"beforeScenario\",\"beforeStep\",\"afterStep\",\"afterScenario\",\"afterFeature\",\"_\",\"suite\",\"$0\",\"ignoredWorkerServices\",\"wdi5\"]"}]}
COMMAND: POST /session/918763cbbc85c63b9bd5908a33c44274/execute/async - {"script":"<script> [21126 bytes]","args":[35000]}
RESULT: {"script":"<script> [21126 bytes]","args":[35000]}
COMMAND: POST /session/918763cbbc85c63b9bd5908a33c44274/element - {"using":"css selector","value":"#shell-header-logo"}
RESULT: {"using":"css selector","value":"#shell-header-logo"}
COMMAND: POST /session/918763cbbc85c63b9bd5908a33c44274/element/f.C58A9DC514FFE328F82A7A8F67B7EF56.d.DAB8F24B09A83D31FA53CF97E3F52BF1.e.883/click - {}
RESULT: {}
COMMAND: GET /session/918763cbbc85c63b9bd5908a33c44274/screenshot - {}
COMMAND: POST /session/918763cbbc85c63b9bd5908a33c44274/execute/async - {"script":"<script> [1562 bytes]","args":[{"selector":{"controlType":"sap.m.GenericTile","properties":{"header":"Manage Yards"}},"wdio_ui5_key":"sapm.GenericTile{\"header\":\"Manage Yards\"}"}]}
RESULT: {}
RESULT: {"script":"<script> [1562 bytes]","args":[{"selector":{"controlType":"sap.m.GenericTile","properties":{"header":"Manage Yards"}},"wdio_ui5_key":"sapm.GenericTile{\"header\":\"Manage Yards\"}"}]}
RESULT: undefined
COMMAND: POST /session/918763cbbc85c63b9bd5908a33c44274/element - {"using":"xpath","value":"//*[@id=\"__tile52\"]"}
RESULT: {"using":"xpath","value":"//*[@id=\"__tile52\"]"}
COMMAND: POST /session/918763cbbc85c63b9bd5908a33c44274/element/f.C58A9DC514FFE328F82A7A8F67B7EF56.d.DAB8F24B09A83D31FA53CF97E3F52BF1.e.897/click - {}
RESULT: {}
]]></system-out>
    </testcase>
  </testsuite>
  <testsuite timestamp="2025-05-07T15:20:55" time="283.421" tests="2" failures="0" errors="0" skipped="0">
    <properties>
      <property name="specId" value="0" />
      <property name="suiteName" value="Create 2 Yards US112496" />
      <property name="capabilities" value="chrome.135_0_7049_115.windows" />
      <property name="file" value="file:///D:/a/1/s/test/specs/R2C/create-yard.spec.js" />
    </properties>
    <testcase classname="chrome.135_0_7049_115.windows.Create_2_Yards_US112496" name="Should create a new simple yard" time="134.621">
      <system-out><![CDATA[
COMMAND: GET /session/918763cbbc85c63b9bd5908a33c44274/screenshot - {}
RESULT: {}
COMMAND: POST /session/918763cbbc85c63b9bd5908a33c44274/execute/async - {"script":"<script> [1562 bytes]","args":[{"selector":{"controlType":"sap.ui.core.Icon","viewName":"etm.portal.ui.manageyards.view.Master","viewId":"application-manageyards-display-component---masterYard","properties":{"src":{"regex":{"source":"add"}}}},"wdio_ui5_key":"etmportal.ui.manageyards.view.Mastersap.ui.core.Icon{\"src\":{\"regex\":{\"source\":\"add\"}}}"}]}
RESULT: {"script":"<script> [1562 bytes]","args":[{"selector":{"controlType":"sap.ui.core.Icon","viewName":"etm.portal.ui.manageyards.view.Master","viewId":"application-manageyards-display-component---masterYard","properties":{"src":{"regex":{"source":"add"}}}},"wdio_ui5_key":"etmportal.ui.manageyards.view.Mastersap.ui.core.Icon{\"src\":{\"regex\":{\"source\":\"add\"}}}"}]}
RESULT: undefined
COMMAND: POST /session/918763cbbc85c63b9bd5908a33c44274/element - {"using":"xpath","value":"//*[@id=\"__button25-img\"]"}
RESULT: {"using":"xpath","value":"//*[@id=\"__button25-img\"]"}
COMMAND: POST /session/918763cbbc85c63b9bd5908a33c44274/element/f.C58A9DC514FFE328F82A7A8F67B7EF56.d.DAB8F24B09A83D31FA53CF97E3F52BF1.e.940/click - {}
RESULT: {}
COMMAND: GET /session/918763cbbc85c63b9bd5908a33c44274/screenshot - {}
RESULT: {}
COMMAND: POST /session/918763cbbc85c63b9bd5908a33c44274/execute/async - {"script":"<script> [1562 bytes]","args":[{"selector":{"id":"application-manageyards-display-component---NewYard--yardId","interaction":{"idSuffix":"inner"}},"wdio_ui5_key":"applicationmanageyards-display-component---NewYard--yardId"}]}
RESULT: {"script":"<script> [1562 bytes]","args":[{"selector":{"id":"application-manageyards-display-component---NewYard--yardId","interaction":{"idSuffix":"inner"}},"wdio_ui5_key":"applicationmanageyards-display-component---NewYard--yardId"}]}
RESULT: undefined
COMMAND: POST /session/918763cbbc85c63b9bd5908a33c44274/element - {"using":"xpath","value":"//*[@id=\"application-manageyards-display-component---NewYard--addressDetailDetailsName1-inner\"]"}
RESULT: {"using":"xpath","value":"//*[@id=\"application-manageyards-display-component---NewYard--addressDetailDetailsName1-inner\"]"}
COMMAND: POST /session/918763cbbc85c63b9bd5908a33c44274/element/f.C58A9DC514FFE328F82A7A8F67B7EF56.d.DAB8F24B09A83D31FA53CF97E3F52BF1.e.1180/clear - {}
RESULT: {}
COMMAND: POST /session/918763cbbc85c63b9bd5908a33c44274/element/f.C58A9DC514FFE328F82A7A8F67B7EF56.d.DAB8F24B09A83D31FA53CF97E3F52BF1.e.1180/value - {"text":"Webdriver Yard r46nd"}
COMMAND: GET /session/918763cbbc85c63b9bd5908a33c44274/screenshot - {}
RESULT: {"text":"Webdriver Yard r46nd"}
COMMAND: POST /session/918763cbbc85c63b9bd5908a33c44274/element - {"using":"xpath","value":"//*[@id=\"application-manageyards-display-component---NewYard--addressDetailDetailsLanguage-inner\"]"}
COMMAND: GET /session/918763cbbc85c63b9bd5908a33c44274/screenshot - {}
RESULT: {}
RESULT: {"using":"xpath","value":"//*[@id=\"application-manageyards-display-component---NewYard--addressDetailDetailsLanguage-inner\"]"}
COMMAND: POST /session/918763cbbc85c63b9bd5908a33c44274/element/f.C58A9DC514FFE328F82A7A8F67B7EF56.d.DAB8F24B09A83D31FA53CF97E3F52BF1.e.1181/clear - {}
RESULT: {}
RESULT: {}
COMMAND: POST /session/918763cbbc85c63b9bd5908a33c44274/element/f.C58A9DC514FFE328F82A7A8F67B7EF56.d.DAB8F24B09A83D31FA53CF97E3F52BF1.e.1181/value - {"text":"Romanian"}
COMMAND: GET /session/918763cbbc85c63b9bd5908a33c44274/screenshot - {}
RESULT: {"text":"Romanian"}
COMMAND: GET /session/918763cbbc85c63b9bd5908a33c44274/screenshot - {}
RESULT: {}
RESULT: {}
COMMAND: POST /session/918763cbbc85c63b9bd5908a33c44274/element - {"using":"xpath","value":"//*[@id=\"application-manageyards-display-component---NewYard--addressDetailDetailsCity1-inner\"]"}
RESULT: {"using":"xpath","value":"//*[@id=\"application-manageyards-display-component---NewYard--addressDetailDetailsCity1-inner\"]"}
COMMAND: POST /session/918763cbbc85c63b9bd5908a33c44274/element/f.C58A9DC514FFE328F82A7A8F67B7EF56.d.DAB8F24B09A83D31FA53CF97E3F52BF1.e.1183/clear - {}
RESULT: {}
COMMAND: POST /session/918763cbbc85c63b9bd5908a33c44274/element/f.C58A9DC514FFE328F82A7A8F67B7EF56.d.DAB8F24B09A83D31FA53CF97E3F52BF1.e.1183/value - {"text":"Bucuresti"}
COMMAND: GET /session/918763cbbc85c63b9bd5908a33c44274/screenshot - {}
RESULT: {"text":"Bucuresti"}
COMMAND: GET /session/918763cbbc85c63b9bd5908a33c44274/screenshot - {}
RESULT: {}
COMMAND: POST /session/918763cbbc85c63b9bd5908a33c44274/element - {"using":"xpath","value":"//*[@id=\"application-manageyards-display-component---NewYard--addressDetailDetailsCountry-inner\"]"}
RESULT: {}
RESULT: {"using":"xpath","value":"//*[@id=\"application-manageyards-display-component---NewYard--addressDetailDetailsCountry-inner\"]"}
COMMAND: POST /session/918763cbbc85c63b9bd5908a33c44274/element/f.C58A9DC514FFE328F82A7A8F67B7EF56.d.DAB8F24B09A83D31FA53CF97E3F52BF1.e.1187/clear - {}
RESULT: {}
COMMAND: POST /session/918763cbbc85c63b9bd5908a33c44274/element/f.C58A9DC514FFE328F82A7A8F67B7EF56.d.DAB8F24B09A83D31FA53CF97E3F52BF1.e.1187/value - {"text":"Romania"}
COMMAND: GET /session/918763cbbc85c63b9bd5908a33c44274/screenshot - {}
RESULT: {"text":"Romania"}
COMMAND: GET /session/918763cbbc85c63b9bd5908a33c44274/screenshot - {}
RESULT: {}
COMMAND: POST /session/918763cbbc85c63b9bd5908a33c44274/element - {"using":"xpath","value":"//div[contains(text(), \"Commercial\")]"}
RESULT: {}
RESULT: {"using":"xpath","value":"//div[contains(text(), \"Commercial\")]"}
COMMAND: GET /session/918763cbbc85c63b9bd5908a33c44274/element/f.C58A9DC514FFE328F82A7A8F67B7EF56.d.DAB8F24B09A83D31FA53CF97E3F52BF1.e.1363/rect - {}
RESULT: {}
COMMAND: GET /session/918763cbbc85c63b9bd5908a33c44274/window/rect - {}
RESULT: {}
COMMAND: POST /session/918763cbbc85c63b9bd5908a33c44274/execute/sync - {"script":"<script> [92 bytes]","args":[]}
RESULT: {"script":"<script> [92 bytes]","args":[]}
COMMAND: POST /session/918763cbbc85c63b9bd5908a33c44274/actions - {"actions":[{"id":"action2","type":"wheel","parameters":{},"actions":[{"type":"scroll","x":-1825,"y":-44,"deltaX":0,"deltaY":0,"duration":0,"origin":{"element-6066-11e4-a52e-4f735466cecf":"f.C58A9DC514FFE328F82A7A8F67B7EF56.d.DAB8F24B09A83D31FA53CF97E3F52BF1.e.1363"}}]}]}
COMMAND: GET /session/918763cbbc85c63b9bd5908a33c44274/screenshot - {}
RESULT: {}
COMMAND: POST /session/918763cbbc85c63b9bd5908a33c44274/execute/sync - {"script":"<script> [79 bytes]","args":[{"element-6066-11e4-a52e-4f735466cecf":"f.C58A9DC514FFE328F82A7A8F67B7EF56.d.DAB8F24B09A83D31FA53CF97E3F52BF1.e.1363","ELEMENT":"f.C58A9DC514FFE328F82A7A8F67B7EF56.d.DAB8F24B09A83D31FA53CF97E3F52BF1.e.1363"},{"block":"start","inline":"nearest"}]}
RESULT: {"script":"<script> [79 bytes]","args":[{"element-6066-11e4-a52e-4f735466cecf":"f.C58A9DC514FFE328F82A7A8F67B7EF56.d.DAB8F24B09A83D31FA53CF97E3F52BF1.e.1363","ELEMENT":"f.C58A9DC514FFE328F82A7A8F67B7EF56.d.DAB8F24B09A83D31FA53CF97E3F52BF1.e.1363"},{"block":"start","inline":"nearest"}]}
COMMAND: GET /session/918763cbbc85c63b9bd5908a33c44274/screenshot - {}
RESULT: {}
COMMAND: POST /session/918763cbbc85c63b9bd5908a33c44274/element - {"using":"xpath","value":"//input[@id='application-manageyards-display-component---NewYard--addressEditDetailsCostObjectCstType-inner']"}
RESULT: {"using":"xpath","value":"//input[@id='application-manageyards-display-component---NewYard--addressEditDetailsCostObjectCstType-inner']"}
COMMAND: POST /session/918763cbbc85c63b9bd5908a33c44274/execute/sync - {"script":"<script> [8489 bytes]","args":[{"element-6066-11e4-a52e-4f735466cecf":"f.C58A9DC514FFE328F82A7A8F67B7EF56.d.DAB8F24B09A83D31FA53CF97E3F52BF1.e.1193","ELEMENT":"f.C58A9DC514FFE328F82A7A8F67B7EF56.d.DAB8F24B09A83D31FA53CF97E3F52BF1.e.1193"}]}
RESULT: {"script":"<script> [8489 bytes]","args":[{"element-6066-11e4-a52e-4f735466cecf":"f.C58A9DC514FFE328F82A7A8F67B7EF56.d.DAB8F24B09A83D31FA53CF97E3F52BF1.e.1193","ELEMENT":"f.C58A9DC514FFE328F82A7A8F67B7EF56.d.DAB8F24B09A83D31FA53CF97E3F52BF1.e.1193"}]}
COMMAND: POST /session/918763cbbc85c63b9bd5908a33c44274/element/f.C58A9DC514FFE328F82A7A8F67B7EF56.d.DAB8F24B09A83D31FA53CF97E3F52BF1.e.1193/clear - {}
COMMAND: GET /session/918763cbbc85c63b9bd5908a33c44274/screenshot - {}
RESULT: {}
COMMAND: POST /session/918763cbbc85c63b9bd5908a33c44274/element/f.C58A9DC514FFE328F82A7A8F67B7EF56.d.DAB8F24B09A83D31FA53CF97E3F52BF1.e.1193/value - {"text":"Cost"}
COMMAND: GET /session/918763cbbc85c63b9bd5908a33c44274/screenshot - {}
RESULT: {}
RESULT: {"text":"Cost"}
COMMAND: GET /session/918763cbbc85c63b9bd5908a33c44274/screenshot - {}
RESULT: {}
RESULT: {}
COMMAND: POST /session/918763cbbc85c63b9bd5908a33c44274/execute/async - {"script":"<script> [1562 bytes]","args":[{"selector":{"id":"application-manageyards-display-component---NewYard--addressNewCostObjectCstID","interaction":{"idSuffix":"inner"}},"wdio_ui5_key":"applicationmanageyards-display-component---NewYard--addressNewCostObjectCstID"}]}
RESULT: {"script":"<script> [1562 bytes]","args":[{"selector":{"id":"application-manageyards-display-component---NewYard--addressNewCostObjectCstID","interaction":{"idSuffix":"inner"}},"wdio_ui5_key":"applicationmanageyards-display-component---NewYard--addressNewCostObjectCstID"}]}
RESULT: undefined
COMMAND: POST /session/918763cbbc85c63b9bd5908a33c44274/execute/async - {"script":"<script> [776 bytes]","args":[{"enterText":"10001013","selector":{"id":"application-manageyards-display-component---NewYard--addressNewCostObjectCstID","interaction":{"idSuffix":"inner"}},"clearTextFirst":true,"interactionType":"ENTER_TEXT"}]}
RESULT: {"script":"<script> [776 bytes]","args":[{"enterText":"10001013","selector":{"id":"application-manageyards-display-component---NewYard--addressNewCostObjectCstID","interaction":{"idSuffix":"inner"}},"clearTextFirst":true,"interactionType":"ENTER_TEXT"}]}
COMMAND: POST /session/918763cbbc85c63b9bd5908a33c44274/actions - {"actions":[{"id":"action3","type":"key","parameters":{},"actions":[{"type":"keyDown","value":"î€‡"},{"type":"pause","duration":10},{"type":"keyUp","value":"î€‡"}]}]}
RESULT: {"actions":[{"id":"action3","type":"key","parameters":{},"actions":[{"type":"keyDown","value":"î€‡"},{"type":"pause","duration":10},{"type":"keyUp","value":"î€‡"}]}]}
COMMAND: GET /session/918763cbbc85c63b9bd5908a33c44274/screenshot - {}
RESULT: {}
COMMAND: POST /session/918763cbbc85c63b9bd5908a33c44274/execute/async - {"script":"<script> [1562 bytes]","args":[{"selector":{"controlType":"sap.m.Button","viewName":"etm.portal.ui.manageyards.view.New","viewId":"application-manageyards-display-component---NewYard","i18NText":{"propertyName":"text","key":"save"},"interaction":{"idSuffix":"inner"}},"wdio_ui5_key":"etmportal.ui.manageyards.view.Newsap.m.Button{\"propertyName\":\"text\",\"key\":\"save\"}"}]}
RESULT: {"script":"<script> [1562 bytes]","args":[{"selector":{"controlType":"sap.m.Button","viewName":"etm.portal.ui.manageyards.view.New","viewId":"application-manageyards-display-component---NewYard","i18NText":{"propertyName":"text","key":"save"},"interaction":{"idSuffix":"inner"}},"wdio_ui5_key":"etmportal.ui.manageyards.view.Newsap.m.Button{\"propertyName\":\"text\",\"key\":\"save\"}"}]}
RESULT: undefined
COMMAND: POST /session/918763cbbc85c63b9bd5908a33c44274/element - {"using":"xpath","value":"//*[@id=\"__button39\"]"}
RESULT: {"using":"xpath","value":"//*[@id=\"__button39\"]"}
COMMAND: POST /session/918763cbbc85c63b9bd5908a33c44274/element/f.C58A9DC514FFE328F82A7A8F67B7EF56.d.DAB8F24B09A83D31FA53CF97E3F52BF1.e.1351/click - {}
RESULT: {}
COMMAND: GET /session/918763cbbc85c63b9bd5908a33c44274/screenshot - {}
RESULT: {}
COMMAND: POST /session/918763cbbc85c63b9bd5908a33c44274/element - {"using":"xpath","value":"//header/div/div/div/div/div/div[2]/div/span"}
RESULT: {"using":"xpath","value":"//header/div/div/div/div/div/div[2]/div/span"}
COMMAND: GET /session/918763cbbc85c63b9bd5908a33c44274/element/f.C58A9DC514FFE328F82A7A8F67B7EF56.d.DAB8F24B09A83D31FA53CF97E3F52BF1.e.1580/text - {}
RESULT: {}
COMMAND: POST /session/918763cbbc85c63b9bd5908a33c44274/element - {"using":"xpath","value":"//header/div/div[2]/div[2]/span"}
RESULT: {"using":"xpath","value":"//header/div/div[2]/div[2]/span"}
COMMAND: GET /session/918763cbbc85c63b9bd5908a33c44274/element/f.C58A9DC514FFE328F82A7A8F67B7EF56.d.DAB8F24B09A83D31FA53CF97E3F52BF1.e.1581/text - {}
RESULT: {}
COMMAND: POST /session/918763cbbc85c63b9bd5908a33c44274/execute/async - {"script":"<script> [1562 bytes]","args":[{"selector":{"controlType":"sap.m.OverflowToolbarButton","viewName":"etm.portal.ui.manageyards.view.Detail","viewId":"application-manageyards-display-component---detailYard","i18NText":{"propertyName":"tooltip","key":"closeColumn"},"interaction":{"idSuffix":"inner"}},"wdio_ui5_key":"etmportal.ui.manageyards.view.Detailsap.m.OverflowToolbarButton{\"propertyName\":\"tooltip\",\"key\":\"closeColumn\"}"}]}
RESULT: {"script":"<script> [1562 bytes]","args":[{"selector":{"controlType":"sap.m.OverflowToolbarButton","viewName":"etm.portal.ui.manageyards.view.Detail","viewId":"application-manageyards-display-component---detailYard","i18NText":{"propertyName":"tooltip","key":"closeColumn"},"interaction":{"idSuffix":"inner"}},"wdio_ui5_key":"etmportal.ui.manageyards.view.Detailsap.m.OverflowToolbarButton{\"propertyName\":\"tooltip\",\"key\":\"closeColumn\"}"}]}
RESULT: undefined
COMMAND: POST /session/918763cbbc85c63b9bd5908a33c44274/element - {"using":"xpath","value":"//*[@id=\"__button62\"]"}
RESULT: {"using":"xpath","value":"//*[@id=\"__button62\"]"}
COMMAND: POST /session/918763cbbc85c63b9bd5908a33c44274/element/f.C58A9DC514FFE328F82A7A8F67B7EF56.d.DAB8F24B09A83D31FA53CF97E3F52BF1.e.1583/click - {}
RESULT: {}
COMMAND: POST /session/918763cbbc85c63b9bd5908a33c44274/refresh - {}
COMMAND: GET /session/918763cbbc85c63b9bd5908a33c44274/screenshot - {}
RESULT: {}
COMMAND: GET /session/918763cbbc85c63b9bd5908a33c44274/screenshot - {}
RESULT: {}
RESULT: {}
COMMAND: POST /session/918763cbbc85c63b9bd5908a33c44274/refresh - {}
RESULT: {}
COMMAND: GET /session/918763cbbc85c63b9bd5908a33c44274/screenshot - {}
RESULT: {}
COMMAND: POST /session/918763cbbc85c63b9bd5908a33c44274/window/fullscreen - {}
RESULT: {}
COMMAND: POST /session/918763cbbc85c63b9bd5908a33c44274/execute/async - {"script":"<script> [189 bytes]","args":[]}
RESULT: {"script":"<script> [189 bytes]","args":[]}
COMMAND: POST /session/918763cbbc85c63b9bd5908a33c44274/execute/async - {"script":"<script> [123 bytes]","args":[]}
RESULT: {"script":"<script> [123 bytes]","args":[]}
COMMAND: POST /session/918763cbbc85c63b9bd5908a33c44274/timeouts - {"script":"<number>"}
RESULT: {"script":"<number>"}
COMMAND: GET /session/918763cbbc85c63b9bd5908a33c44274/timeouts - {}
RESULT: {}
RESULT: undefined
COMMAND: POST /session/918763cbbc85c63b9bd5908a33c44274/execute/async - {"script":"<script> [2676 bytes]","args":[]}
RESULT: {"script":"<script> [2676 bytes]","args":[]}
COMMAND: POST /session/918763cbbc85c63b9bd5908a33c44274/execute/async - {"script":"<script> [2342 bytes]","args":[{"protocol":"http","hostname":"0.0.0.0","path":"/","capabilities":{"browserName":"chrome","goog:chromeOptions":{"binary":"C:\\Program Files\\Google\\Chrome\\Application\\chrome.exe","args":["--start-maximized"]}},"logLevel":"warn","connectionRetryTimeout":120000,"connectionRetryCount":3,"logLevels":{},"enableDirectConnect":true,"strictSSL":true,"_":"65 more keys: [\"cacheDir\",\"port\",\"requestedCapabilities\",\"automationProtocol\",\"baseUrl\",\"waitforInterval\",\"waitforTimeout\",\"onReload\",\"beforeCommand\",\"afterCommand\",\"rootDir\",\"specs\",\"suites\",\"exclude\",\"groupLogsByTestSpec\",\"excludeDriverLogs\",\"bail\",\"framework\",\"reporters\",\"services\",\"maxInstances\",\"maxInstancesPerCapability\",\"injectGlobals\",\"filesToWatch\",\"execArgv\",\"runnerEnv\",\"runner\",\"shard\",\"specFileRetries\",\"specFileRetriesDelay\",\"specFileRetriesDeferred\",\"reporterSyncInterval\",\"reporterSyncTimeout\",\"cucumberFeaturesWithLineNumbers\",\"autoCompileOpts\",\"mochaOpts\",\"jasmineOpts\",\"cucumberOpts\",\"onPrepare\",\"onWorkerStart\",\"onWorkerEnd\",\"before\",\"beforeSession\",\"beforeSuite\",\"beforeHook\",\"beforeTest\",\"afterTest\",\"afterHook\",\"afterSuite\",\"afterSession\",\"after\",\"onComplete\",\"beforeAssertion\",\"afterAssertion\",\"beforeFeature\",\"beforeScenario\",\"beforeStep\",\"afterStep\",\"afterScenario\",\"afterFeature\",\"_\",\"suite\",\"$0\",\"ignoredWorkerServices\",\"wdi5\"]"}]}
RESULT: {"script":"<script> [2342 bytes]","args":[{"protocol":"http","hostname":"0.0.0.0","path":"/","capabilities":{"browserName":"chrome","goog:chromeOptions":{"binary":"C:\\Program Files\\Google\\Chrome\\Application\\chrome.exe","args":["--start-maximized"]}},"logLevel":"warn","connectionRetryTimeout":120000,"connectionRetryCount":3,"logLevels":{},"enableDirectConnect":true,"strictSSL":true,"_":"65 more keys: [\"cacheDir\",\"port\",\"requestedCapabilities\",\"automationProtocol\",\"baseUrl\",\"waitforInterval\",\"waitforTimeout\",\"onReload\",\"beforeCommand\",\"afterCommand\",\"rootDir\",\"specs\",\"suites\",\"exclude\",\"groupLogsByTestSpec\",\"excludeDriverLogs\",\"bail\",\"framework\",\"reporters\",\"services\",\"maxInstances\",\"maxInstancesPerCapability\",\"injectGlobals\",\"filesToWatch\",\"execArgv\",\"runnerEnv\",\"runner\",\"shard\",\"specFileRetries\",\"specFileRetriesDelay\",\"specFileRetriesDeferred\",\"reporterSyncInterval\",\"reporterSyncTimeout\",\"cucumberFeaturesWithLineNumbers\",\"autoCompileOpts\",\"mochaOpts\",\"jasmineOpts\",\"cucumberOpts\",\"onPrepare\",\"onWorkerStart\",\"onWorkerEnd\",\"before\",\"beforeSession\",\"beforeSuite\",\"beforeHook\",\"beforeTest\",\"afterTest\",\"afterHook\",\"afterSuite\",\"afterSession\",\"after\",\"onComplete\",\"beforeAssertion\",\"afterAssertion\",\"beforeFeature\",\"beforeScenario\",\"beforeStep\",\"afterStep\",\"afterScenario\",\"afterFeature\",\"_\",\"suite\",\"$0\",\"ignoredWorkerServices\",\"wdi5\"]"}]}
COMMAND: POST /session/918763cbbc85c63b9bd5908a33c44274/execute/async - {"script":"<script> [21126 bytes]","args":[35000]}
RESULT: {"script":"<script> [21126 bytes]","args":[35000]}
]]></system-out>
    </testcase>
    <testcase classname="chrome.135_0_7049_115.windows.Create_2_Yards_US112496" name="Should create a WHM yard" time="74.747">
      <system-out><![CDATA[
COMMAND: POST /session/918763cbbc85c63b9bd5908a33c44274/execute/async - {"script":"<script> [1562 bytes]","args":[{"selector":{"controlType":"sap.ui.core.Icon","viewName":"etm.portal.ui.manageyards.view.Master","viewId":"application-manageyards-display-component---masterYard","properties":{"src":{"regex":{"source":"add"}}}},"wdio_ui5_key":"etmportal.ui.manageyards.view.Mastersap.ui.core.Icon{\"src\":{\"regex\":{\"source\":\"add\"}}}"}]}
RESULT: {"script":"<script> [1562 bytes]","args":[{"selector":{"controlType":"sap.ui.core.Icon","viewName":"etm.portal.ui.manageyards.view.Master","viewId":"application-manageyards-display-component---masterYard","properties":{"src":{"regex":{"source":"add"}}}},"wdio_ui5_key":"etmportal.ui.manageyards.view.Mastersap.ui.core.Icon{\"src\":{\"regex\":{\"source\":\"add\"}}}"}]}
RESULT: undefined
COMMAND: POST /session/918763cbbc85c63b9bd5908a33c44274/element - {"using":"xpath","value":"//*[@id=\"__button9-img\"]"}
RESULT: {"using":"xpath","value":"//*[@id=\"__button9-img\"]"}
COMMAND: POST /session/918763cbbc85c63b9bd5908a33c44274/element/f.C58A9DC514FFE328F82A7A8F67B7EF56.d.D3777298680A45327FB761ADDEB486A1.e.2028/click - {}
RESULT: {}
COMMAND: GET /session/918763cbbc85c63b9bd5908a33c44274/screenshot - {}
RESULT: {}
COMMAND: POST /session/918763cbbc85c63b9bd5908a33c44274/execute/async - {"script":"<script> [1562 bytes]","args":[{"selector":{"id":"application-manageyards-display-component---NewYard--yardId","interaction":{"idSuffix":"inner"}},"wdio_ui5_key":"applicationmanageyards-display-component---NewYard--yardId"}]}
RESULT: {"script":"<script> [1562 bytes]","args":[{"selector":{"id":"application-manageyards-display-component---NewYard--yardId","interaction":{"idSuffix":"inner"}},"wdio_ui5_key":"applicationmanageyards-display-component---NewYard--yardId"}]}
RESULT: undefined
COMMAND: POST /session/918763cbbc85c63b9bd5908a33c44274/element - {"using":"xpath","value":"//*[@id=\"application-manageyards-display-component---NewYard--addressDetailDetailsName1-inner\"]"}
RESULT: {"using":"xpath","value":"//*[@id=\"application-manageyards-display-component---NewYard--addressDetailDetailsName1-inner\"]"}
COMMAND: POST /session/918763cbbc85c63b9bd5908a33c44274/element/f.C58A9DC514FFE328F82A7A8F67B7EF56.d.D3777298680A45327FB761ADDEB486A1.e.2176/clear - {}
RESULT: {}
COMMAND: POST /session/918763cbbc85c63b9bd5908a33c44274/element/f.C58A9DC514FFE328F82A7A8F67B7EF56.d.D3777298680A45327FB761ADDEB486A1.e.2176/value - {"text":"Webdriver WHM Yard y6rf1"}
COMMAND: GET /session/918763cbbc85c63b9bd5908a33c44274/screenshot - {}
RESULT: {"text":"Webdriver WHM Yard y6rf1"}
COMMAND: POST /session/918763cbbc85c63b9bd5908a33c44274/element - {"using":"xpath","value":"//*[@id=\"application-manageyards-display-component---NewYard--addressDetailDetailsLanguage-inner\"]"}
COMMAND: GET /session/918763cbbc85c63b9bd5908a33c44274/screenshot - {}
RESULT: {}
RESULT: {"using":"xpath","value":"//*[@id=\"application-manageyards-display-component---NewYard--addressDetailDetailsLanguage-inner\"]"}
COMMAND: POST /session/918763cbbc85c63b9bd5908a33c44274/element/f.C58A9DC514FFE328F82A7A8F67B7EF56.d.D3777298680A45327FB761ADDEB486A1.e.2177/clear - {}
RESULT: {}
RESULT: {}
COMMAND: POST /session/918763cbbc85c63b9bd5908a33c44274/element/f.C58A9DC514FFE328F82A7A8F67B7EF56.d.D3777298680A45327FB761ADDEB486A1.e.2177/value - {"text":"Romanian"}
COMMAND: GET /session/918763cbbc85c63b9bd5908a33c44274/screenshot - {}
RESULT: {"text":"Romanian"}
RESULT: {}
COMMAND: GET /session/918763cbbc85c63b9bd5908a33c44274/screenshot - {}
RESULT: {}
COMMAND: POST /session/918763cbbc85c63b9bd5908a33c44274/element - {"using":"xpath","value":"//*[@id=\"application-manageyards-display-component---NewYard--addressDetailDetailsCity1-inner\"]"}
RESULT: {"using":"xpath","value":"//*[@id=\"application-manageyards-display-component---NewYard--addressDetailDetailsCity1-inner\"]"}
COMMAND: POST /session/918763cbbc85c63b9bd5908a33c44274/element/f.C58A9DC514FFE328F82A7A8F67B7EF56.d.D3777298680A45327FB761ADDEB486A1.e.2179/clear - {}
RESULT: {}
COMMAND: POST /session/918763cbbc85c63b9bd5908a33c44274/element/f.C58A9DC514FFE328F82A7A8F67B7EF56.d.D3777298680A45327FB761ADDEB486A1.e.2179/value - {"text":"Bucuresti"}
COMMAND: GET /session/918763cbbc85c63b9bd5908a33c44274/screenshot - {}
RESULT: {"text":"Bucuresti"}
COMMAND: GET /session/918763cbbc85c63b9bd5908a33c44274/screenshot - {}
RESULT: {}
RESULT: {}
COMMAND: POST /session/918763cbbc85c63b9bd5908a33c44274/element - {"using":"xpath","value":"//*[@id=\"application-manageyards-display-component---NewYard--addressDetailDetailsCountry-inner\"]"}
RESULT: {"using":"xpath","value":"//*[@id=\"application-manageyards-display-component---NewYard--addressDetailDetailsCountry-inner\"]"}
COMMAND: POST /session/918763cbbc85c63b9bd5908a33c44274/element/f.C58A9DC514FFE328F82A7A8F67B7EF56.d.D3777298680A45327FB761ADDEB486A1.e.2183/clear - {}
RESULT: {}
COMMAND: POST /session/918763cbbc85c63b9bd5908a33c44274/element/f.C58A9DC514FFE328F82A7A8F67B7EF56.d.D3777298680A45327FB761ADDEB486A1.e.2183/value - {"text":"Romania"}
COMMAND: GET /session/918763cbbc85c63b9bd5908a33c44274/screenshot - {}
RESULT: {"text":"Romania"}
COMMAND: GET /session/918763cbbc85c63b9bd5908a33c44274/screenshot - {}
RESULT: {}
COMMAND: POST /session/918763cbbc85c63b9bd5908a33c44274/execute/async - {"script":"<script> [1562 bytes]","args":[{"selector":{"controlType":"sap.m.Button","viewName":"etm.portal.ui.manageyards.view.New","viewId":"application-manageyards-display-component---NewYard","properties":{"text":"Commercial"},"interaction":{"idSuffix":"BDI-content"}},"wdio_ui5_key":"etmportal.ui.manageyards.view.Newsap.m.Button{\"text\":\"Commercial\"}"}]}
RESULT: {}
RESULT: {"script":"<script> [1562 bytes]","args":[{"selector":{"controlType":"sap.m.Button","viewName":"etm.portal.ui.manageyards.view.New","viewId":"application-manageyards-display-component---NewYard","properties":{"text":"Commercial"},"interaction":{"idSuffix":"BDI-content"}},"wdio_ui5_key":"etmportal.ui.manageyards.view.Newsap.m.Button{\"text\":\"Commercial\"}"}]}
RESULT: undefined
COMMAND: POST /session/918763cbbc85c63b9bd5908a33c44274/element - {"using":"xpath","value":"//*[@id=\"application-manageyards-display-component---NewYard--ObjectPageLayout-anchBar-__section18-anchor\"]"}
RESULT: {"using":"xpath","value":"//*[@id=\"application-manageyards-display-component---NewYard--ObjectPageLayout-anchBar-__section18-anchor\"]"}
COMMAND: POST /session/918763cbbc85c63b9bd5908a33c44274/element/f.C58A9DC514FFE328F82A7A8F67B7EF56.d.D3777298680A45327FB761ADDEB486A1.e.2325/click - {}
RESULT: {}
COMMAND: GET /session/918763cbbc85c63b9bd5908a33c44274/screenshot - {}
RESULT: {}
COMMAND: POST /session/918763cbbc85c63b9bd5908a33c44274/element - {"using":"xpath","value":"//input[@id='application-manageyards-display-component---NewYard--addressEditDetailsCostObjectCstType-inner']"}
RESULT: {"using":"xpath","value":"//input[@id='application-manageyards-display-component---NewYard--addressEditDetailsCostObjectCstType-inner']"}
COMMAND: POST /session/918763cbbc85c63b9bd5908a33c44274/execute/sync - {"script":"<script> [8489 bytes]","args":[{"element-6066-11e4-a52e-4f735466cecf":"f.C58A9DC514FFE328F82A7A8F67B7EF56.d.D3777298680A45327FB761ADDEB486A1.e.2189","ELEMENT":"f.C58A9DC514FFE328F82A7A8F67B7EF56.d.D3777298680A45327FB761ADDEB486A1.e.2189"}]}
RESULT: {"script":"<script> [8489 bytes]","args":[{"element-6066-11e4-a52e-4f735466cecf":"f.C58A9DC514FFE328F82A7A8F67B7EF56.d.D3777298680A45327FB761ADDEB486A1.e.2189","ELEMENT":"f.C58A9DC514FFE328F82A7A8F67B7EF56.d.D3777298680A45327FB761ADDEB486A1.e.2189"}]}
COMMAND: POST /session/918763cbbc85c63b9bd5908a33c44274/element/f.C58A9DC514FFE328F82A7A8F67B7EF56.d.D3777298680A45327FB761ADDEB486A1.e.2189/clear - {}
COMMAND: GET /session/918763cbbc85c63b9bd5908a33c44274/screenshot - {}
RESULT: {}
COMMAND: POST /session/918763cbbc85c63b9bd5908a33c44274/element/f.C58A9DC514FFE328F82A7A8F67B7EF56.d.D3777298680A45327FB761ADDEB486A1.e.2189/value - {"text":"Cost"}
COMMAND: GET /session/918763cbbc85c63b9bd5908a33c44274/screenshot - {}
RESULT: {}
RESULT: {"text":"Cost"}
COMMAND: GET /session/918763cbbc85c63b9bd5908a33c44274/screenshot - {}
RESULT: {}
RESULT: {}
COMMAND: POST /session/918763cbbc85c63b9bd5908a33c44274/execute/async - {"script":"<script> [1562 bytes]","args":[{"selector":{"id":"application-manageyards-display-component---NewYard--addressNewCostObjectCstID","interaction":{"idSuffix":"inner"}},"wdio_ui5_key":"applicationmanageyards-display-component---NewYard--addressNewCostObjectCstID"}]}
RESULT: {"script":"<script> [1562 bytes]","args":[{"selector":{"id":"application-manageyards-display-component---NewYard--addressNewCostObjectCstID","interaction":{"idSuffix":"inner"}},"wdio_ui5_key":"applicationmanageyards-display-component---NewYard--addressNewCostObjectCstID"}]}
RESULT: undefined
COMMAND: POST /session/918763cbbc85c63b9bd5908a33c44274/execute/async - {"script":"<script> [776 bytes]","args":[{"enterText":"10001013","selector":{"id":"application-manageyards-display-component---NewYard--addressNewCostObjectCstID","interaction":{"idSuffix":"inner"}},"clearTextFirst":true,"interactionType":"ENTER_TEXT"}]}
RESULT: {"script":"<script> [776 bytes]","args":[{"enterText":"10001013","selector":{"id":"application-manageyards-display-component---NewYard--addressNewCostObjectCstID","interaction":{"idSuffix":"inner"}},"clearTextFirst":true,"interactionType":"ENTER_TEXT"}]}
COMMAND: POST /session/918763cbbc85c63b9bd5908a33c44274/actions - {"actions":[{"id":"action4","type":"key","parameters":{},"actions":[{"type":"keyDown","value":"î€‡"},{"type":"pause","duration":10},{"type":"keyUp","value":"î€‡"}]}]}
RESULT: {"actions":[{"id":"action4","type":"key","parameters":{},"actions":[{"type":"keyDown","value":"î€‡"},{"type":"pause","duration":10},{"type":"keyUp","value":"î€‡"}]}]}
COMMAND: POST /session/918763cbbc85c63b9bd5908a33c44274/execute/async - {"script":"<script> [1562 bytes]","args":[{"selector":{"id":"application-manageyards-display-component---NewYard--addressEditDetailsCurrency","interaction":{"idSuffix":"inner"}},"wdio_ui5_key":"applicationmanageyards-display-component---NewYard--addressEditDetailsCurrency"}]}
COMMAND: GET /session/918763cbbc85c63b9bd5908a33c44274/screenshot - {}
RESULT: {"script":"<script> [1562 bytes]","args":[{"selector":{"id":"application-manageyards-display-component---NewYard--addressEditDetailsCurrency","interaction":{"idSuffix":"inner"}},"wdio_ui5_key":"applicationmanageyards-display-component---NewYard--addressEditDetailsCurrency"}]}
RESULT: undefined
COMMAND: POST /session/918763cbbc85c63b9bd5908a33c44274/execute/async - {"script":"<script> [776 bytes]","args":[{"enterText":"Euro","selector":{"id":"application-manageyards-display-component---NewYard--addressEditDetailsCurrency","interaction":{"idSuffix":"inner"}},"clearTextFirst":true,"interactionType":"ENTER_TEXT"}]}
RESULT: {}
RESULT: {"script":"<script> [776 bytes]","args":[{"enterText":"Euro","selector":{"id":"application-manageyards-display-component---NewYard--addressEditDetailsCurrency","interaction":{"idSuffix":"inner"}},"clearTextFirst":true,"interactionType":"ENTER_TEXT"}]}
COMMAND: POST /session/918763cbbc85c63b9bd5908a33c44274/execute/async - {"script":"<script> [1562 bytes]","args":[{"selector":{"controlType":"sap.m.Input","viewName":"etm.portal.ui.manageyards.view.New","viewId":"application-manageyards-display-component---NewYard","bindingPath":{"path":"","propertyPath":"/CONTROLLING_AREA","modelName":"NewYardModel"},"interaction":{"idSuffix":"inner"}},"wdio_ui5_key":"etmportal.ui.manageyards.view.Newsap.m.Input{\"path\":\"\",\"propertyPath\":\"/CONTROLLING_AREA\",\"modelName\":\"NewYardModel\"}"}]}
RESULT: {"script":"<script> [1562 bytes]","args":[{"selector":{"controlType":"sap.m.Input","viewName":"etm.portal.ui.manageyards.view.New","viewId":"application-manageyards-display-component---NewYard","bindingPath":{"path":"","propertyPath":"/CONTROLLING_AREA","modelName":"NewYardModel"},"interaction":{"idSuffix":"inner"}},"wdio_ui5_key":"etmportal.ui.manageyards.view.Newsap.m.Input{\"path\":\"\",\"propertyPath\":\"/CONTROLLING_AREA\",\"modelName\":\"NewYardModel\"}"}]}
RESULT: undefined
COMMAND: POST /session/918763cbbc85c63b9bd5908a33c44274/execute/async - {"script":"<script> [776 bytes]","args":[{"enterText":"Z001","selector":{"controlType":"sap.m.Input","viewName":"etm.portal.ui.manageyards.view.New","viewId":"application-manageyards-display-component---NewYard","bindingPath":{"path":"","propertyPath":"/CONTROLLING_AREA","modelName":"NewYardModel"},"interaction":{"idSuffix":"inner"}},"clearTextFirst":true,"interactionType":"ENTER_TEXT"}]}
RESULT: {"script":"<script> [776 bytes]","args":[{"enterText":"Z001","selector":{"controlType":"sap.m.Input","viewName":"etm.portal.ui.manageyards.view.New","viewId":"application-manageyards-display-component---NewYard","bindingPath":{"path":"","propertyPath":"/CONTROLLING_AREA","modelName":"NewYardModel"},"interaction":{"idSuffix":"inner"}},"clearTextFirst":true,"interactionType":"ENTER_TEXT"}]}
COMMAND: POST /session/918763cbbc85c63b9bd5908a33c44274/execute/async - {"script":"<script> [1562 bytes]","args":[{"selector":{"id":"application-manageyards-display-component---NewYard--companyCodeComboBox","interaction":{"idSuffix":"inner"}},"wdio_ui5_key":"applicationmanageyards-display-component---NewYard--companyCodeComboBox"}]}
RESULT: {"script":"<script> [1562 bytes]","args":[{"selector":{"id":"application-manageyards-display-component---NewYard--companyCodeComboBox","interaction":{"idSuffix":"inner"}},"wdio_ui5_key":"applicationmanageyards-display-component---NewYard--companyCodeComboBox"}]}
RESULT: undefined
COMMAND: POST /session/918763cbbc85c63b9bd5908a33c44274/execute/async - {"script":"<script> [776 bytes]","args":[{"enterText":"1000","selector":{"id":"application-manageyards-display-component---NewYard--companyCodeComboBox","interaction":{"idSuffix":"inner"}},"clearTextFirst":true,"interactionType":"ENTER_TEXT"}]}
RESULT: {"script":"<script> [776 bytes]","args":[{"enterText":"1000","selector":{"id":"application-manageyards-display-component---NewYard--companyCodeComboBox","interaction":{"idSuffix":"inner"}},"clearTextFirst":true,"interactionType":"ENTER_TEXT"}]}
COMMAND: POST /session/918763cbbc85c63b9bd5908a33c44274/actions - {"actions":[{"id":"action5","type":"key","parameters":{},"actions":[{"type":"keyDown","value":"î€‡"},{"type":"pause","duration":10},{"type":"keyUp","value":"î€‡"}]}]}
RESULT: {"actions":[{"id":"action5","type":"key","parameters":{},"actions":[{"type":"keyDown","value":"î€‡"},{"type":"pause","duration":10},{"type":"keyUp","value":"î€‡"}]}]}
COMMAND: POST /session/918763cbbc85c63b9bd5908a33c44274/execute/async - {"script":"<script> [1562 bytes]","args":[{"selector":{"controlType":"sap.m.Input","viewName":"etm.portal.ui.manageyards.view.New","viewId":"application-manageyards-display-component---NewYard","bindingPath":{"path":"","propertyPath":"/PLANT","modelName":"NewYardModel"},"interaction":{"idSuffix":"inner"}},"wdio_ui5_key":"etmportal.ui.manageyards.view.Newsap.m.Input{\"path\":\"\",\"propertyPath\":\"/PLANT\",\"modelName\":\"NewYardModel\"}"}]}
COMMAND: GET /session/918763cbbc85c63b9bd5908a33c44274/screenshot - {}
RESULT: {"script":"<script> [1562 bytes]","args":[{"selector":{"controlType":"sap.m.Input","viewName":"etm.portal.ui.manageyards.view.New","viewId":"application-manageyards-display-component---NewYard","bindingPath":{"path":"","propertyPath":"/PLANT","modelName":"NewYardModel"},"interaction":{"idSuffix":"inner"}},"wdio_ui5_key":"etmportal.ui.manageyards.view.Newsap.m.Input{\"path\":\"\",\"propertyPath\":\"/PLANT\",\"modelName\":\"NewYardModel\"}"}]}
RESULT: undefined
COMMAND: POST /session/918763cbbc85c63b9bd5908a33c44274/execute/async - {"script":"<script> [776 bytes]","args":[{"enterText":"1001","selector":{"controlType":"sap.m.Input","viewName":"etm.portal.ui.manageyards.view.New","viewId":"application-manageyards-display-component---NewYard","bindingPath":{"path":"","propertyPath":"/PLANT","modelName":"NewYardModel"},"interaction":{"idSuffix":"inner"}},"clearTextFirst":true,"interactionType":"ENTER_TEXT"}]}
RESULT: {}
RESULT: {"script":"<script> [776 bytes]","args":[{"enterText":"1001","selector":{"controlType":"sap.m.Input","viewName":"etm.portal.ui.manageyards.view.New","viewId":"application-manageyards-display-component---NewYard","bindingPath":{"path":"","propertyPath":"/PLANT","modelName":"NewYardModel"},"interaction":{"idSuffix":"inner"}},"clearTextFirst":true,"interactionType":"ENTER_TEXT"}]}
COMMAND: POST /session/918763cbbc85c63b9bd5908a33c44274/execute/async - {"script":"<script> [1562 bytes]","args":[{"selector":{"controlType":"sap.m.Input","viewName":"etm.portal.ui.manageyards.view.New","viewId":"application-manageyards-display-component---NewYard","bindingPath":{"path":"","propertyPath":"/SALES_AREA_VKORG","modelName":"NewYardModel"},"interaction":{"idSuffix":"inner"}},"wdio_ui5_key":"etmportal.ui.manageyards.view.Newsap.m.Input{\"path\":\"\",\"propertyPath\":\"/SALES_AREA_VKORG\",\"modelName\":\"NewYardModel\"}"}]}
RESULT: {"script":"<script> [1562 bytes]","args":[{"selector":{"controlType":"sap.m.Input","viewName":"etm.portal.ui.manageyards.view.New","viewId":"application-manageyards-display-component---NewYard","bindingPath":{"path":"","propertyPath":"/SALES_AREA_VKORG","modelName":"NewYardModel"},"interaction":{"idSuffix":"inner"}},"wdio_ui5_key":"etmportal.ui.manageyards.view.Newsap.m.Input{\"path\":\"\",\"propertyPath\":\"/SALES_AREA_VKORG\",\"modelName\":\"NewYardModel\"}"}]}
RESULT: undefined
COMMAND: POST /session/918763cbbc85c63b9bd5908a33c44274/execute/async - {"script":"<script> [776 bytes]","args":[{"enterText":"C002","selector":{"controlType":"sap.m.Input","viewName":"etm.portal.ui.manageyards.view.New","viewId":"application-manageyards-display-component---NewYard","bindingPath":{"path":"","propertyPath":"/SALES_AREA_VKORG","modelName":"NewYardModel"},"interaction":{"idSuffix":"inner"}},"clearTextFirst":true,"interactionType":"ENTER_TEXT"}]}
RESULT: {"script":"<script> [776 bytes]","args":[{"enterText":"C002","selector":{"controlType":"sap.m.Input","viewName":"etm.portal.ui.manageyards.view.New","viewId":"application-manageyards-display-component---NewYard","bindingPath":{"path":"","propertyPath":"/SALES_AREA_VKORG","modelName":"NewYardModel"},"interaction":{"idSuffix":"inner"}},"clearTextFirst":true,"interactionType":"ENTER_TEXT"}]}
COMMAND: POST /session/918763cbbc85c63b9bd5908a33c44274/execute/async - {"script":"<script> [1562 bytes]","args":[{"selector":{"controlType":"sap.m.Input","viewName":"etm.portal.ui.manageyards.view.New","viewId":"application-manageyards-display-component---NewYard","bindingPath":{"path":"","propertyPath":"/SALES_AREA_VTWEG","modelName":"NewYardModel"},"interaction":{"idSuffix":"inner"}},"wdio_ui5_key":"etmportal.ui.manageyards.view.Newsap.m.Input{\"path\":\"\",\"propertyPath\":\"/SALES_AREA_VTWEG\",\"modelName\":\"NewYardModel\"}"}]}
RESULT: {"script":"<script> [1562 bytes]","args":[{"selector":{"controlType":"sap.m.Input","viewName":"etm.portal.ui.manageyards.view.New","viewId":"application-manageyards-display-component---NewYard","bindingPath":{"path":"","propertyPath":"/SALES_AREA_VTWEG","modelName":"NewYardModel"},"interaction":{"idSuffix":"inner"}},"wdio_ui5_key":"etmportal.ui.manageyards.view.Newsap.m.Input{\"path\":\"\",\"propertyPath\":\"/SALES_AREA_VTWEG\",\"modelName\":\"NewYardModel\"}"}]}
RESULT: undefined
COMMAND: POST /session/918763cbbc85c63b9bd5908a33c44274/execute/async - {"script":"<script> [776 bytes]","args":[{"enterText":"C2","selector":{"controlType":"sap.m.Input","viewName":"etm.portal.ui.manageyards.view.New","viewId":"application-manageyards-display-component---NewYard","bindingPath":{"path":"","propertyPath":"/SALES_AREA_VTWEG","modelName":"NewYardModel"},"interaction":{"idSuffix":"inner"}},"clearTextFirst":true,"interactionType":"ENTER_TEXT"}]}
RESULT: {"script":"<script> [776 bytes]","args":[{"enterText":"C2","selector":{"controlType":"sap.m.Input","viewName":"etm.portal.ui.manageyards.view.New","viewId":"application-manageyards-display-component---NewYard","bindingPath":{"path":"","propertyPath":"/SALES_AREA_VTWEG","modelName":"NewYardModel"},"interaction":{"idSuffix":"inner"}},"clearTextFirst":true,"interactionType":"ENTER_TEXT"}]}
COMMAND: POST /session/918763cbbc85c63b9bd5908a33c44274/execute/async - {"script":"<script> [1562 bytes]","args":[{"selector":{"controlType":"sap.m.Input","viewName":"etm.portal.ui.manageyards.view.New","viewId":"application-manageyards-display-component---NewYard","bindingPath":{"path":"","propertyPath":"/SALES_AREA_SPART","modelName":"NewYardModel"},"interaction":{"idSuffix":"inner"}},"wdio_ui5_key":"etmportal.ui.manageyards.view.Newsap.m.Input{\"path\":\"\",\"propertyPath\":\"/SALES_AREA_SPART\",\"modelName\":\"NewYardModel\"}"}]}
RESULT: {"script":"<script> [1562 bytes]","args":[{"selector":{"controlType":"sap.m.Input","viewName":"etm.portal.ui.manageyards.view.New","viewId":"application-manageyards-display-component---NewYard","bindingPath":{"path":"","propertyPath":"/SALES_AREA_SPART","modelName":"NewYardModel"},"interaction":{"idSuffix":"inner"}},"wdio_ui5_key":"etmportal.ui.manageyards.view.Newsap.m.Input{\"path\":\"\",\"propertyPath\":\"/SALES_AREA_SPART\",\"modelName\":\"NewYardModel\"}"}]}
RESULT: undefined
COMMAND: POST /session/918763cbbc85c63b9bd5908a33c44274/execute/async - {"script":"<script> [776 bytes]","args":[{"enterText":"C2","selector":{"controlType":"sap.m.Input","viewName":"etm.portal.ui.manageyards.view.New","viewId":"application-manageyards-display-component---NewYard","bindingPath":{"path":"","propertyPath":"/SALES_AREA_SPART","modelName":"NewYardModel"},"interaction":{"idSuffix":"inner"}},"clearTextFirst":true,"interactionType":"ENTER_TEXT"}]}
RESULT: {"script":"<script> [776 bytes]","args":[{"enterText":"C2","selector":{"controlType":"sap.m.Input","viewName":"etm.portal.ui.manageyards.view.New","viewId":"application-manageyards-display-component---NewYard","bindingPath":{"path":"","propertyPath":"/SALES_AREA_SPART","modelName":"NewYardModel"},"interaction":{"idSuffix":"inner"}},"clearTextFirst":true,"interactionType":"ENTER_TEXT"}]}
COMMAND: POST /session/918763cbbc85c63b9bd5908a33c44274/execute/async - {"script":"<script> [1562 bytes]","args":[{"selector":{"id":"application-manageyards-display-component---NewYard--whmCheckBox","interaction":{"idSuffix":"CbBg"}},"wdio_ui5_key":"applicationmanageyards-display-component---NewYard--whmCheckBox"}]}
RESULT: {"script":"<script> [1562 bytes]","args":[{"selector":{"id":"application-manageyards-display-component---NewYard--whmCheckBox","interaction":{"idSuffix":"CbBg"}},"wdio_ui5_key":"applicationmanageyards-display-component---NewYard--whmCheckBox"}]}
RESULT: undefined
COMMAND: POST /session/918763cbbc85c63b9bd5908a33c44274/element - {"using":"xpath","value":"//*[@id=\"application-manageyards-display-component---NewYard--whmCheckBox\"]"}
RESULT: {"using":"xpath","value":"//*[@id=\"application-manageyards-display-component---NewYard--whmCheckBox\"]"}
COMMAND: POST /session/918763cbbc85c63b9bd5908a33c44274/element/f.C58A9DC514FFE328F82A7A8F67B7EF56.d.D3777298680A45327FB761ADDEB486A1.e.2349/click - {}
RESULT: {}
COMMAND: POST /session/918763cbbc85c63b9bd5908a33c44274/execute/async - {"script":"<script> [1562 bytes]","args":[{"selector":{"controlType":"sap.m.Button","viewName":"etm.portal.ui.manageyards.view.New","viewId":"application-manageyards-display-component---NewYard","i18NText":{"propertyName":"text","key":"save"},"interaction":{"idSuffix":"inner"}},"wdio_ui5_key":"etmportal.ui.manageyards.view.Newsap.m.Button{\"propertyName\":\"text\",\"key\":\"save\"}"}]}
COMMAND: GET /session/918763cbbc85c63b9bd5908a33c44274/screenshot - {}
RESULT: {"script":"<script> [1562 bytes]","args":[{"selector":{"controlType":"sap.m.Button","viewName":"etm.portal.ui.manageyards.view.New","viewId":"application-manageyards-display-component---NewYard","i18NText":{"propertyName":"text","key":"save"},"interaction":{"idSuffix":"inner"}},"wdio_ui5_key":"etmportal.ui.manageyards.view.Newsap.m.Button{\"propertyName\":\"text\",\"key\":\"save\"}"}]}
RESULT: undefined
COMMAND: POST /session/918763cbbc85c63b9bd5908a33c44274/element - {"using":"xpath","value":"//*[@id=\"__button43\"]"}
RESULT: {}
RESULT: {"using":"xpath","value":"//*[@id=\"__button43\"]"}
COMMAND: POST /session/918763cbbc85c63b9bd5908a33c44274/element/f.C58A9DC514FFE328F82A7A8F67B7EF56.d.D3777298680A45327FB761ADDEB486A1.e.2314/click - {}
RESULT: {}
COMMAND: GET /session/918763cbbc85c63b9bd5908a33c44274/screenshot - {}
RESULT: {}
COMMAND: POST /session/918763cbbc85c63b9bd5908a33c44274/element - {"using":"xpath","value":"//header/div/div/div/div/div/div[2]/div/span"}
RESULT: {"using":"xpath","value":"//header/div/div/div/div/div/div[2]/div/span"}
COMMAND: GET /session/918763cbbc85c63b9bd5908a33c44274/element/f.C58A9DC514FFE328F82A7A8F67B7EF56.d.D3777298680A45327FB761ADDEB486A1.e.2499/text - {}
RESULT: {}
COMMAND: POST /session/918763cbbc85c63b9bd5908a33c44274/element - {"using":"xpath","value":"//header/div/div[2]/div[2]/span"}
RESULT: {"using":"xpath","value":"//header/div/div[2]/div[2]/span"}
COMMAND: GET /session/918763cbbc85c63b9bd5908a33c44274/element/f.C58A9DC514FFE328F82A7A8F67B7EF56.d.D3777298680A45327FB761ADDEB486A1.e.2500/text - {}
RESULT: {}
COMMAND: POST /session/918763cbbc85c63b9bd5908a33c44274/element - {"using":"css selector","value":"#j_username"}
COMMAND: POST /session/918763cbbc85c63b9bd5908a33c44274/url - {"url":"https://qa-testing-00-live-etm-ui.cfapps.eu10-004.hana.ondemand.com/"}
RESULT: {"using":"css selector","value":"#j_username"}
COMMAND: POST /session/918763cbbc85c63b9bd5908a33c44274/element - {"using":"css selector","value":"#j_username"}
RESULT: {"url":"https://qa-testing-00-live-etm-ui.cfapps.eu10-004.hana.ondemand.com/"}
RESULT: undefined
COMMAND: GET /session/918763cbbc85c63b9bd5908a33c44274/screenshot - {}
RESULT: {"using":"css selector","value":"#j_username"}
COMMAND: POST /session/918763cbbc85c63b9bd5908a33c44274/element - {"using":"css selector","value":"#shell-header-logo"}
RESULT: {}
RESULT: {"using":"css selector","value":"#shell-header-logo"}
COMMAND: POST /session/918763cbbc85c63b9bd5908a33c44274/execute/sync - {"script":"<script> [8489 bytes]","args":[{"element-6066-11e4-a52e-4f735466cecf":"f.C58A9DC514FFE328F82A7A8F67B7EF56.d.9E89E7D27E2DD0D382C6DADDF32C6CE3.e.2510","ELEMENT":"f.C58A9DC514FFE328F82A7A8F67B7EF56.d.9E89E7D27E2DD0D382C6DADDF32C6CE3.e.2510"}]}
RESULT: {"script":"<script> [8489 bytes]","args":[{"element-6066-11e4-a52e-4f735466cecf":"f.C58A9DC514FFE328F82A7A8F67B7EF56.d.9E89E7D27E2DD0D382C6DADDF32C6CE3.e.2510","ELEMENT":"f.C58A9DC514FFE328F82A7A8F67B7EF56.d.9E89E7D27E2DD0D382C6DADDF32C6CE3.e.2510"}]}
COMMAND: POST /session/918763cbbc85c63b9bd5908a33c44274/element - {"using":"css selector","value":"#shell-header-logo"}
COMMAND: GET /session/918763cbbc85c63b9bd5908a33c44274/screenshot - {}
RESULT: {"using":"css selector","value":"#shell-header-logo"}
COMMAND: POST /session/918763cbbc85c63b9bd5908a33c44274/execute/sync - {"script":"<script> [8489 bytes]","args":[{"element-6066-11e4-a52e-4f735466cecf":"f.C58A9DC514FFE328F82A7A8F67B7EF56.d.9E89E7D27E2DD0D382C6DADDF32C6CE3.e.2510","ELEMENT":"f.C58A9DC514FFE328F82A7A8F67B7EF56.d.9E89E7D27E2DD0D382C6DADDF32C6CE3.e.2510"}]}
RESULT: {}
RESULT: {"script":"<script> [8489 bytes]","args":[{"element-6066-11e4-a52e-4f735466cecf":"f.C58A9DC514FFE328F82A7A8F67B7EF56.d.9E89E7D27E2DD0D382C6DADDF32C6CE3.e.2510","ELEMENT":"f.C58A9DC514FFE328F82A7A8F67B7EF56.d.9E89E7D27E2DD0D382C6DADDF32C6CE3.e.2510"}]}
COMMAND: POST /session/918763cbbc85c63b9bd5908a33c44274/execute/sync - {"script":"<script> [5351 bytes]","args":[{"element-6066-11e4-a52e-4f735466cecf":"f.C58A9DC514FFE328F82A7A8F67B7EF56.d.9E89E7D27E2DD0D382C6DADDF32C6CE3.e.2510","ELEMENT":"f.C58A9DC514FFE328F82A7A8F67B7EF56.d.9E89E7D27E2DD0D382C6DADDF32C6CE3.e.2510"}]}
COMMAND: GET /session/918763cbbc85c63b9bd5908a33c44274/screenshot - {}
RESULT: {"script":"<script> [5351 bytes]","args":[{"element-6066-11e4-a52e-4f735466cecf":"f.C58A9DC514FFE328F82A7A8F67B7EF56.d.9E89E7D27E2DD0D382C6DADDF32C6CE3.e.2510","ELEMENT":"f.C58A9DC514FFE328F82A7A8F67B7EF56.d.9E89E7D27E2DD0D382C6DADDF32C6CE3.e.2510"}]}
COMMAND: POST /session/918763cbbc85c63b9bd5908a33c44274/element - {"using":"css selector","value":"#shell-header-logo"}
COMMAND: GET /session/918763cbbc85c63b9bd5908a33c44274/screenshot - {}
RESULT: {}
RESULT: {"using":"css selector","value":"#shell-header-logo"}
COMMAND: POST /session/918763cbbc85c63b9bd5908a33c44274/element/f.C58A9DC514FFE328F82A7A8F67B7EF56.d.9E89E7D27E2DD0D382C6DADDF32C6CE3.e.2510/click - {}
RESULT: {}
RESULT: {}
COMMAND: GET /session/918763cbbc85c63b9bd5908a33c44274/screenshot - {}
RESULT: {}
COMMAND: POST /session/918763cbbc85c63b9bd5908a33c44274/execute/async - {"script":"<script> [189 bytes]","args":[]}
RESULT: {"script":"<script> [189 bytes]","args":[]}
COMMAND: POST /session/918763cbbc85c63b9bd5908a33c44274/execute/async - {"script":"<script> [123 bytes]","args":[]}
RESULT: {"script":"<script> [123 bytes]","args":[]}
COMMAND: POST /session/918763cbbc85c63b9bd5908a33c44274/timeouts - {"script":"<number>"}
RESULT: {"script":"<number>"}
COMMAND: GET /session/918763cbbc85c63b9bd5908a33c44274/timeouts - {}
RESULT: {}
RESULT: undefined
COMMAND: POST /session/918763cbbc85c63b9bd5908a33c44274/execute/async - {"script":"<script> [2676 bytes]","args":[]}
RESULT: {"script":"<script> [2676 bytes]","args":[]}
COMMAND: POST /session/918763cbbc85c63b9bd5908a33c44274/execute/async - {"script":"<script> [2342 bytes]","args":[{"protocol":"http","hostname":"0.0.0.0","path":"/","capabilities":{"browserName":"chrome","goog:chromeOptions":{"binary":"C:\\Program Files\\Google\\Chrome\\Application\\chrome.exe","args":["--start-maximized"]}},"logLevel":"warn","connectionRetryTimeout":120000,"connectionRetryCount":3,"logLevels":{},"enableDirectConnect":true,"strictSSL":true,"_":"65 more keys: [\"cacheDir\",\"port\",\"requestedCapabilities\",\"automationProtocol\",\"baseUrl\",\"waitforInterval\",\"waitforTimeout\",\"onReload\",\"beforeCommand\",\"afterCommand\",\"rootDir\",\"specs\",\"suites\",\"exclude\",\"groupLogsByTestSpec\",\"excludeDriverLogs\",\"bail\",\"framework\",\"reporters\",\"services\",\"maxInstances\",\"maxInstancesPerCapability\",\"injectGlobals\",\"filesToWatch\",\"execArgv\",\"runnerEnv\",\"runner\",\"shard\",\"specFileRetries\",\"specFileRetriesDelay\",\"specFileRetriesDeferred\",\"reporterSyncInterval\",\"reporterSyncTimeout\",\"cucumberFeaturesWithLineNumbers\",\"autoCompileOpts\",\"mochaOpts\",\"jasmineOpts\",\"cucumberOpts\",\"onPrepare\",\"onWorkerStart\",\"onWorkerEnd\",\"before\",\"beforeSession\",\"beforeSuite\",\"beforeHook\",\"beforeTest\",\"afterTest\",\"afterHook\",\"afterSuite\",\"afterSession\",\"after\",\"onComplete\",\"beforeAssertion\",\"afterAssertion\",\"beforeFeature\",\"beforeScenario\",\"beforeStep\",\"afterStep\",\"afterScenario\",\"afterFeature\",\"_\",\"suite\",\"$0\",\"ignoredWorkerServices\",\"wdi5\"]"}]}
RESULT: {"script":"<script> [2342 bytes]","args":[{"protocol":"http","hostname":"0.0.0.0","path":"/","capabilities":{"browserName":"chrome","goog:chromeOptions":{"binary":"C:\\Program Files\\Google\\Chrome\\Application\\chrome.exe","args":["--start-maximized"]}},"logLevel":"warn","connectionRetryTimeout":120000,"connectionRetryCount":3,"logLevels":{},"enableDirectConnect":true,"strictSSL":true,"_":"65 more keys: [\"cacheDir\",\"port\",\"requestedCapabilities\",\"automationProtocol\",\"baseUrl\",\"waitforInterval\",\"waitforTimeout\",\"onReload\",\"beforeCommand\",\"afterCommand\",\"rootDir\",\"specs\",\"suites\",\"exclude\",\"groupLogsByTestSpec\",\"excludeDriverLogs\",\"bail\",\"framework\",\"reporters\",\"services\",\"maxInstances\",\"maxInstancesPerCapability\",\"injectGlobals\",\"filesToWatch\",\"execArgv\",\"runnerEnv\",\"runner\",\"shard\",\"specFileRetries\",\"specFileRetriesDelay\",\"specFileRetriesDeferred\",\"reporterSyncInterval\",\"reporterSyncTimeout\",\"cucumberFeaturesWithLineNumbers\",\"autoCompileOpts\",\"mochaOpts\",\"jasmineOpts\",\"cucumberOpts\",\"onPrepare\",\"onWorkerStart\",\"onWorkerEnd\",\"before\",\"beforeSession\",\"beforeSuite\",\"beforeHook\",\"beforeTest\",\"afterTest\",\"afterHook\",\"afterSuite\",\"afterSession\",\"after\",\"onComplete\",\"beforeAssertion\",\"afterAssertion\",\"beforeFeature\",\"beforeScenario\",\"beforeStep\",\"afterStep\",\"afterScenario\",\"afterFeature\",\"_\",\"suite\",\"$0\",\"ignoredWorkerServices\",\"wdi5\"]"}]}
COMMAND: POST /session/918763cbbc85c63b9bd5908a33c44274/execute/async - {"script":"<script> [21126 bytes]","args":[35000]}
RESULT: {"script":"<script> [21126 bytes]","args":[35000]}
COMMAND: POST /session/918763cbbc85c63b9bd5908a33c44274/window/maximize - {}
RESULT: {}
COMMAND: POST /session/918763cbbc85c63b9bd5908a33c44274/execute/async - {"script":"<script> [1562 bytes]","args":[{"selector":{"id":"shell-header","interaction":{"idSuffix":"icon"}},"wdio_ui5_key":"shellheader"}]}
COMMAND: GET /session/918763cbbc85c63b9bd5908a33c44274/screenshot - {}
RESULT: {"script":"<script> [1562 bytes]","args":[{"selector":{"id":"shell-header","interaction":{"idSuffix":"icon"}},"wdio_ui5_key":"shellheader"}]}
RESULT: undefined
COMMAND: POST /session/918763cbbc85c63b9bd5908a33c44274/refresh - {}
RESULT: {}
RESULT: {}
COMMAND: GET /session/918763cbbc85c63b9bd5908a33c44274/screenshot - {}
RESULT: {}
COMMAND: POST /session/918763cbbc85c63b9bd5908a33c44274/refresh - {}
RESULT: {}
COMMAND: GET /session/918763cbbc85c63b9bd5908a33c44274/screenshot - {}
RESULT: {}
COMMAND: POST /session/918763cbbc85c63b9bd5908a33c44274/window/fullscreen - {}
RESULT: {}
COMMAND: POST /session/918763cbbc85c63b9bd5908a33c44274/execute/async - {"script":"<script> [189 bytes]","args":[]}
RESULT: {"script":"<script> [189 bytes]","args":[]}
COMMAND: POST /session/918763cbbc85c63b9bd5908a33c44274/execute/async - {"script":"<script> [123 bytes]","args":[]}
RESULT: {"script":"<script> [123 bytes]","args":[]}
COMMAND: POST /session/918763cbbc85c63b9bd5908a33c44274/timeouts - {"script":"<number>"}
RESULT: {"script":"<number>"}
COMMAND: GET /session/918763cbbc85c63b9bd5908a33c44274/timeouts - {}
RESULT: {}
RESULT: undefined
COMMAND: POST /session/918763cbbc85c63b9bd5908a33c44274/execute/async - {"script":"<script> [2676 bytes]","args":[]}
RESULT: {"script":"<script> [2676 bytes]","args":[]}
COMMAND: POST /session/918763cbbc85c63b9bd5908a33c44274/execute/async - {"script":"<script> [2342 bytes]","args":[{"protocol":"http","hostname":"0.0.0.0","path":"/","capabilities":{"browserName":"chrome","goog:chromeOptions":{"binary":"C:\\Program Files\\Google\\Chrome\\Application\\chrome.exe","args":["--start-maximized"]}},"logLevel":"warn","connectionRetryTimeout":120000,"connectionRetryCount":3,"logLevels":{},"enableDirectConnect":true,"strictSSL":true,"_":"65 more keys: [\"cacheDir\",\"port\",\"requestedCapabilities\",\"automationProtocol\",\"baseUrl\",\"waitforInterval\",\"waitforTimeout\",\"onReload\",\"beforeCommand\",\"afterCommand\",\"rootDir\",\"specs\",\"suites\",\"exclude\",\"groupLogsByTestSpec\",\"excludeDriverLogs\",\"bail\",\"framework\",\"reporters\",\"services\",\"maxInstances\",\"maxInstancesPerCapability\",\"injectGlobals\",\"filesToWatch\",\"execArgv\",\"runnerEnv\",\"runner\",\"shard\",\"specFileRetries\",\"specFileRetriesDelay\",\"specFileRetriesDeferred\",\"reporterSyncInterval\",\"reporterSyncTimeout\",\"cucumberFeaturesWithLineNumbers\",\"autoCompileOpts\",\"mochaOpts\",\"jasmineOpts\",\"cucumberOpts\",\"onPrepare\",\"onWorkerStart\",\"onWorkerEnd\",\"before\",\"beforeSession\",\"beforeSuite\",\"beforeHook\",\"beforeTest\",\"afterTest\",\"afterHook\",\"afterSuite\",\"afterSession\",\"after\",\"onComplete\",\"beforeAssertion\",\"afterAssertion\",\"beforeFeature\",\"beforeScenario\",\"beforeStep\",\"afterStep\",\"afterScenario\",\"afterFeature\",\"_\",\"suite\",\"$0\",\"ignoredWorkerServices\",\"wdi5\"]"}]}
RESULT: {"script":"<script> [2342 bytes]","args":[{"protocol":"http","hostname":"0.0.0.0","path":"/","capabilities":{"browserName":"chrome","goog:chromeOptions":{"binary":"C:\\Program Files\\Google\\Chrome\\Application\\chrome.exe","args":["--start-maximized"]}},"logLevel":"warn","connectionRetryTimeout":120000,"connectionRetryCount":3,"logLevels":{},"enableDirectConnect":true,"strictSSL":true,"_":"65 more keys: [\"cacheDir\",\"port\",\"requestedCapabilities\",\"automationProtocol\",\"baseUrl\",\"waitforInterval\",\"waitforTimeout\",\"onReload\",\"beforeCommand\",\"afterCommand\",\"rootDir\",\"specs\",\"suites\",\"exclude\",\"groupLogsByTestSpec\",\"excludeDriverLogs\",\"bail\",\"framework\",\"reporters\",\"services\",\"maxInstances\",\"maxInstancesPerCapability\",\"injectGlobals\",\"filesToWatch\",\"execArgv\",\"runnerEnv\",\"runner\",\"shard\",\"specFileRetries\",\"specFileRetriesDelay\",\"specFileRetriesDeferred\",\"reporterSyncInterval\",\"reporterSyncTimeout\",\"cucumberFeaturesWithLineNumbers\",\"autoCompileOpts\",\"mochaOpts\",\"jasmineOpts\",\"cucumberOpts\",\"onPrepare\",\"onWorkerStart\",\"onWorkerEnd\",\"before\",\"beforeSession\",\"beforeSuite\",\"beforeHook\",\"beforeTest\",\"afterTest\",\"afterHook\",\"afterSuite\",\"afterSession\",\"after\",\"onComplete\",\"beforeAssertion\",\"afterAssertion\",\"beforeFeature\",\"beforeScenario\",\"beforeStep\",\"afterStep\",\"afterScenario\",\"afterFeature\",\"_\",\"suite\",\"$0\",\"ignoredWorkerServices\",\"wdi5\"]"}]}
COMMAND: POST /session/918763cbbc85c63b9bd5908a33c44274/execute/async - {"script":"<script> [21126 bytes]","args":[35000]}
RESULT: {"script":"<script> [21126 bytes]","args":[35000]}
]]></system-out>
    </testcase>
  </testsuite>
  <testsuite timestamp="2025-05-07T15:25:38" time="259.169" tests="4" failures="0" errors="0" skipped="0">
    <properties>
      <property name="specId" value="0" />
      <property name="suiteName" value="Create partner US118246" />
      <property name="capabilities" value="chrome.135_0_7049_115.windows" />
      <property name="file" value="file:///D:/a/1/s/test/specs/BTS/create-partner.spec.js" />
    </properties>
    <testcase classname="chrome.135_0_7049_115.windows.Create_partner_US118246" name="Should create a new yard in case create yard failed" time="0.03">
      <system-out><![CDATA[
COMMAND: POST /session/918763cbbc85c63b9bd5908a33c44274/window/fullscreen - {}
RESULT: {}
]]></system-out>
    </testcase>
    <testcase classname="chrome.135_0_7049_115.windows.Create_partner_US118246" name="Should create new external partner" time="116.462">
      <system-out><![CDATA[
COMMAND: POST /session/918763cbbc85c63b9bd5908a33c44274/window/fullscreen - {}
RESULT: {}
COMMAND: POST /session/918763cbbc85c63b9bd5908a33c44274/execute/async - {"script":"<script> [1562 bytes]","args":[{"selector":{"controlType":"sap.m.GenericTile","properties":{"header":"Manage Partners"}},"wdio_ui5_key":"sapm.GenericTile{\"header\":\"Manage Partners\"}"}]}
RESULT: {"script":"<script> [1562 bytes]","args":[{"selector":{"controlType":"sap.m.GenericTile","properties":{"header":"Manage Partners"}},"wdio_ui5_key":"sapm.GenericTile{\"header\":\"Manage Partners\"}"}]}
RESULT: undefined
COMMAND: POST /session/918763cbbc85c63b9bd5908a33c44274/element - {"using":"xpath","value":"//*[@id=\"__tile38\"]"}
RESULT: {"using":"xpath","value":"//*[@id=\"__tile38\"]"}
COMMAND: POST /session/918763cbbc85c63b9bd5908a33c44274/element/f.C58A9DC514FFE328F82A7A8F67B7EF56.d.8F400E63368BDD763C77D459A74E9F3E.e.2664/click - {}
RESULT: {}
COMMAND: POST /session/918763cbbc85c63b9bd5908a33c44274/element - {"using":"xpath","value":"//button[@data-kt=\"addButton\"]"}
COMMAND: GET /session/918763cbbc85c63b9bd5908a33c44274/screenshot - {}
RESULT: {"using":"xpath","value":"//button[@data-kt=\"addButton\"]"}
COMMAND: POST /session/918763cbbc85c63b9bd5908a33c44274/elements - {"using":"xpath","value":"//button[@data-kt=\"addButton\"]"}
RESULT: {}
RESULT: {"using":"xpath","value":"//button[@data-kt=\"addButton\"]"}
COMMAND: POST /session/918763cbbc85c63b9bd5908a33c44274/elements - {"using":"xpath","value":"//button[@data-kt=\"addButton\"]"}
RESULT: {"using":"xpath","value":"//button[@data-kt=\"addButton\"]"}
COMMAND: POST /session/918763cbbc85c63b9bd5908a33c44274/elements - {"using":"xpath","value":"//button[@data-kt=\"addButton\"]"}
RESULT: {"using":"xpath","value":"//button[@data-kt=\"addButton\"]"}
COMMAND: POST /session/918763cbbc85c63b9bd5908a33c44274/elements - {"using":"xpath","value":"//button[@data-kt=\"addButton\"]"}
RESULT: {"using":"xpath","value":"//button[@data-kt=\"addButton\"]"}
COMMAND: POST /session/918763cbbc85c63b9bd5908a33c44274/elements - {"using":"xpath","value":"//button[@data-kt=\"addButton\"]"}
RESULT: {"using":"xpath","value":"//button[@data-kt=\"addButton\"]"}
COMMAND: POST /session/918763cbbc85c63b9bd5908a33c44274/elements - {"using":"xpath","value":"//button[@data-kt=\"addButton\"]"}
RESULT: {"using":"xpath","value":"//button[@data-kt=\"addButton\"]"}
COMMAND: POST /session/918763cbbc85c63b9bd5908a33c44274/elements - {"using":"xpath","value":"//button[@data-kt=\"addButton\"]"}
RESULT: {"using":"xpath","value":"//button[@data-kt=\"addButton\"]"}
COMMAND: POST /session/918763cbbc85c63b9bd5908a33c44274/elements - {"using":"xpath","value":"//button[@data-kt=\"addButton\"]"}
RESULT: {"using":"xpath","value":"//button[@data-kt=\"addButton\"]"}
COMMAND: POST /session/918763cbbc85c63b9bd5908a33c44274/elements - {"using":"xpath","value":"//button[@data-kt=\"addButton\"]"}
RESULT: {"using":"xpath","value":"//button[@data-kt=\"addButton\"]"}
COMMAND: POST /session/918763cbbc85c63b9bd5908a33c44274/elements - {"using":"xpath","value":"//button[@data-kt=\"addButton\"]"}
RESULT: {"using":"xpath","value":"//button[@data-kt=\"addButton\"]"}
COMMAND: POST /session/918763cbbc85c63b9bd5908a33c44274/elements - {"using":"xpath","value":"//button[@data-kt=\"addButton\"]"}
RESULT: {"using":"xpath","value":"//button[@data-kt=\"addButton\"]"}
COMMAND: POST /session/918763cbbc85c63b9bd5908a33c44274/elements - {"using":"xpath","value":"//button[@data-kt=\"addButton\"]"}
RESULT: {"using":"xpath","value":"//button[@data-kt=\"addButton\"]"}
COMMAND: POST /session/918763cbbc85c63b9bd5908a33c44274/elements - {"using":"xpath","value":"//button[@data-kt=\"addButton\"]"}
RESULT: {"using":"xpath","value":"//button[@data-kt=\"addButton\"]"}
COMMAND: POST /session/918763cbbc85c63b9bd5908a33c44274/elements - {"using":"xpath","value":"//button[@data-kt=\"addButton\"]"}
RESULT: {"using":"xpath","value":"//button[@data-kt=\"addButton\"]"}
COMMAND: POST /session/918763cbbc85c63b9bd5908a33c44274/elements - {"using":"xpath","value":"//button[@data-kt=\"addButton\"]"}
RESULT: {"using":"xpath","value":"//button[@data-kt=\"addButton\"]"}
COMMAND: POST /session/918763cbbc85c63b9bd5908a33c44274/elements - {"using":"xpath","value":"//button[@data-kt=\"addButton\"]"}
RESULT: {"using":"xpath","value":"//button[@data-kt=\"addButton\"]"}
COMMAND: POST /session/918763cbbc85c63b9bd5908a33c44274/elements - {"using":"xpath","value":"//button[@data-kt=\"addButton\"]"}
RESULT: {"using":"xpath","value":"//button[@data-kt=\"addButton\"]"}
COMMAND: POST /session/918763cbbc85c63b9bd5908a33c44274/elements - {"using":"xpath","value":"//button[@data-kt=\"addButton\"]"}
RESULT: {"using":"xpath","value":"//button[@data-kt=\"addButton\"]"}
COMMAND: POST /session/918763cbbc85c63b9bd5908a33c44274/elements - {"using":"xpath","value":"//button[@data-kt=\"addButton\"]"}
RESULT: {"using":"xpath","value":"//button[@data-kt=\"addButton\"]"}
COMMAND: POST /session/918763cbbc85c63b9bd5908a33c44274/elements - {"using":"xpath","value":"//button[@data-kt=\"addButton\"]"}
RESULT: {"using":"xpath","value":"//button[@data-kt=\"addButton\"]"}
COMMAND: POST /session/918763cbbc85c63b9bd5908a33c44274/elements - {"using":"xpath","value":"//button[@data-kt=\"addButton\"]"}
RESULT: {"using":"xpath","value":"//button[@data-kt=\"addButton\"]"}
COMMAND: POST /session/918763cbbc85c63b9bd5908a33c44274/elements - {"using":"xpath","value":"//button[@data-kt=\"addButton\"]"}
RESULT: {"using":"xpath","value":"//button[@data-kt=\"addButton\"]"}
COMMAND: POST /session/918763cbbc85c63b9bd5908a33c44274/elements - {"using":"xpath","value":"//button[@data-kt=\"addButton\"]"}
RESULT: {"using":"xpath","value":"//button[@data-kt=\"addButton\"]"}
COMMAND: POST /session/918763cbbc85c63b9bd5908a33c44274/elements - {"using":"xpath","value":"//button[@data-kt=\"addButton\"]"}
RESULT: {"using":"xpath","value":"//button[@data-kt=\"addButton\"]"}
COMMAND: POST /session/918763cbbc85c63b9bd5908a33c44274/elements - {"using":"xpath","value":"//button[@data-kt=\"addButton\"]"}
RESULT: {"using":"xpath","value":"//button[@data-kt=\"addButton\"]"}
COMMAND: POST /session/918763cbbc85c63b9bd5908a33c44274/elements - {"using":"xpath","value":"//button[@data-kt=\"addButton\"]"}
RESULT: {"using":"xpath","value":"//button[@data-kt=\"addButton\"]"}
COMMAND: POST /session/918763cbbc85c63b9bd5908a33c44274/elements - {"using":"xpath","value":"//button[@data-kt=\"addButton\"]"}
RESULT: {"using":"xpath","value":"//button[@data-kt=\"addButton\"]"}
COMMAND: POST /session/918763cbbc85c63b9bd5908a33c44274/elements - {"using":"xpath","value":"//button[@data-kt=\"addButton\"]"}
RESULT: {"using":"xpath","value":"//button[@data-kt=\"addButton\"]"}
COMMAND: POST /session/918763cbbc85c63b9bd5908a33c44274/elements - {"using":"xpath","value":"//button[@data-kt=\"addButton\"]"}
RESULT: {"using":"xpath","value":"//button[@data-kt=\"addButton\"]"}
COMMAND: POST /session/918763cbbc85c63b9bd5908a33c44274/elements - {"using":"xpath","value":"//button[@data-kt=\"addButton\"]"}
RESULT: {"using":"xpath","value":"//button[@data-kt=\"addButton\"]"}
COMMAND: POST /session/918763cbbc85c63b9bd5908a33c44274/elements - {"using":"xpath","value":"//button[@data-kt=\"addButton\"]"}
RESULT: {"using":"xpath","value":"//button[@data-kt=\"addButton\"]"}
COMMAND: POST /session/918763cbbc85c63b9bd5908a33c44274/elements - {"using":"xpath","value":"//button[@data-kt=\"addButton\"]"}
RESULT: {"using":"xpath","value":"//button[@data-kt=\"addButton\"]"}
COMMAND: POST /session/918763cbbc85c63b9bd5908a33c44274/elements - {"using":"xpath","value":"//button[@data-kt=\"addButton\"]"}
RESULT: {"using":"xpath","value":"//button[@data-kt=\"addButton\"]"}
COMMAND: POST /session/918763cbbc85c63b9bd5908a33c44274/elements - {"using":"xpath","value":"//button[@data-kt=\"addButton\"]"}
RESULT: {"using":"xpath","value":"//button[@data-kt=\"addButton\"]"}
COMMAND: POST /session/918763cbbc85c63b9bd5908a33c44274/elements - {"using":"xpath","value":"//button[@data-kt=\"addButton\"]"}
RESULT: {"using":"xpath","value":"//button[@data-kt=\"addButton\"]"}
COMMAND: POST /session/918763cbbc85c63b9bd5908a33c44274/elements - {"using":"xpath","value":"//button[@data-kt=\"addButton\"]"}
RESULT: {"using":"xpath","value":"//button[@data-kt=\"addButton\"]"}
COMMAND: POST /session/918763cbbc85c63b9bd5908a33c44274/elements - {"using":"xpath","value":"//button[@data-kt=\"addButton\"]"}
RESULT: {"using":"xpath","value":"//button[@data-kt=\"addButton\"]"}
COMMAND: POST /session/918763cbbc85c63b9bd5908a33c44274/elements - {"using":"xpath","value":"//button[@data-kt=\"addButton\"]"}
RESULT: {"using":"xpath","value":"//button[@data-kt=\"addButton\"]"}
COMMAND: POST /session/918763cbbc85c63b9bd5908a33c44274/elements - {"using":"xpath","value":"//button[@data-kt=\"addButton\"]"}
RESULT: {"using":"xpath","value":"//button[@data-kt=\"addButton\"]"}
COMMAND: POST /session/918763cbbc85c63b9bd5908a33c44274/elements - {"using":"xpath","value":"//button[@data-kt=\"addButton\"]"}
RESULT: {"using":"xpath","value":"//button[@data-kt=\"addButton\"]"}
COMMAND: POST /session/918763cbbc85c63b9bd5908a33c44274/elements - {"using":"xpath","value":"//button[@data-kt=\"addButton\"]"}
RESULT: {"using":"xpath","value":"//button[@data-kt=\"addButton\"]"}
COMMAND: POST /session/918763cbbc85c63b9bd5908a33c44274/elements - {"using":"xpath","value":"//button[@data-kt=\"addButton\"]"}
RESULT: {"using":"xpath","value":"//button[@data-kt=\"addButton\"]"}
COMMAND: POST /session/918763cbbc85c63b9bd5908a33c44274/elements - {"using":"xpath","value":"//button[@data-kt=\"addButton\"]"}
RESULT: {"using":"xpath","value":"//button[@data-kt=\"addButton\"]"}
COMMAND: POST /session/918763cbbc85c63b9bd5908a33c44274/elements - {"using":"xpath","value":"//button[@data-kt=\"addButton\"]"}
RESULT: {"using":"xpath","value":"//button[@data-kt=\"addButton\"]"}
COMMAND: POST /session/918763cbbc85c63b9bd5908a33c44274/elements - {"using":"xpath","value":"//button[@data-kt=\"addButton\"]"}
RESULT: {"using":"xpath","value":"//button[@data-kt=\"addButton\"]"}
COMMAND: POST /session/918763cbbc85c63b9bd5908a33c44274/elements - {"using":"xpath","value":"//button[@data-kt=\"addButton\"]"}
RESULT: {"using":"xpath","value":"//button[@data-kt=\"addButton\"]"}
COMMAND: POST /session/918763cbbc85c63b9bd5908a33c44274/elements - {"using":"xpath","value":"//button[@data-kt=\"addButton\"]"}
RESULT: {"using":"xpath","value":"//button[@data-kt=\"addButton\"]"}
COMMAND: POST /session/918763cbbc85c63b9bd5908a33c44274/elements - {"using":"xpath","value":"//button[@data-kt=\"addButton\"]"}
RESULT: {"using":"xpath","value":"//button[@data-kt=\"addButton\"]"}
COMMAND: POST /session/918763cbbc85c63b9bd5908a33c44274/elements - {"using":"xpath","value":"//button[@data-kt=\"addButton\"]"}
RESULT: {"using":"xpath","value":"//button[@data-kt=\"addButton\"]"}
COMMAND: POST /session/918763cbbc85c63b9bd5908a33c44274/elements - {"using":"xpath","value":"//button[@data-kt=\"addButton\"]"}
RESULT: {"using":"xpath","value":"//button[@data-kt=\"addButton\"]"}
COMMAND: POST /session/918763cbbc85c63b9bd5908a33c44274/elements - {"using":"xpath","value":"//button[@data-kt=\"addButton\"]"}
RESULT: {"using":"xpath","value":"//button[@data-kt=\"addButton\"]"}
COMMAND: POST /session/918763cbbc85c63b9bd5908a33c44274/elements - {"using":"xpath","value":"//button[@data-kt=\"addButton\"]"}
RESULT: {"using":"xpath","value":"//button[@data-kt=\"addButton\"]"}
COMMAND: POST /session/918763cbbc85c63b9bd5908a33c44274/elements - {"using":"xpath","value":"//button[@data-kt=\"addButton\"]"}
RESULT: {"using":"xpath","value":"//button[@data-kt=\"addButton\"]"}
COMMAND: POST /session/918763cbbc85c63b9bd5908a33c44274/elements - {"using":"xpath","value":"//button[@data-kt=\"addButton\"]"}
RESULT: {"using":"xpath","value":"//button[@data-kt=\"addButton\"]"}
COMMAND: POST /session/918763cbbc85c63b9bd5908a33c44274/element - {"using":"xpath","value":"//button[@data-kt=\"addButton\"]"}
RESULT: {"using":"xpath","value":"//button[@data-kt=\"addButton\"]"}
COMMAND: POST /session/918763cbbc85c63b9bd5908a33c44274/execute/sync - {"script":"<script> [8489 bytes]","args":[{"element-6066-11e4-a52e-4f735466cecf":"f.C58A9DC514FFE328F82A7A8F67B7EF56.d.8F400E63368BDD763C77D459A74E9F3E.e.2813","ELEMENT":"f.C58A9DC514FFE328F82A7A8F67B7EF56.d.8F400E63368BDD763C77D459A74E9F3E.e.2813"}]}
RESULT: {"script":"<script> [8489 bytes]","args":[{"element-6066-11e4-a52e-4f735466cecf":"f.C58A9DC514FFE328F82A7A8F67B7EF56.d.8F400E63368BDD763C77D459A74E9F3E.e.2813","ELEMENT":"f.C58A9DC514FFE328F82A7A8F67B7EF56.d.8F400E63368BDD763C77D459A74E9F3E.e.2813"}]}
COMMAND: GET /session/918763cbbc85c63b9bd5908a33c44274/element/f.C58A9DC514FFE328F82A7A8F67B7EF56.d.8F400E63368BDD763C77D459A74E9F3E.e.2813/enabled - {}
COMMAND: GET /session/918763cbbc85c63b9bd5908a33c44274/screenshot - {}
RESULT: {}
COMMAND: POST /session/918763cbbc85c63b9bd5908a33c44274/execute/sync - {"script":"<script> [8489 bytes]","args":[{"element-6066-11e4-a52e-4f735466cecf":"f.C58A9DC514FFE328F82A7A8F67B7EF56.d.8F400E63368BDD763C77D459A74E9F3E.e.2813","ELEMENT":"f.C58A9DC514FFE328F82A7A8F67B7EF56.d.8F400E63368BDD763C77D459A74E9F3E.e.2813"}]}
COMMAND: GET /session/918763cbbc85c63b9bd5908a33c44274/screenshot - {}
RESULT: {}
RESULT: {"script":"<script> [8489 bytes]","args":[{"element-6066-11e4-a52e-4f735466cecf":"f.C58A9DC514FFE328F82A7A8F67B7EF56.d.8F400E63368BDD763C77D459A74E9F3E.e.2813","ELEMENT":"f.C58A9DC514FFE328F82A7A8F67B7EF56.d.8F400E63368BDD763C77D459A74E9F3E.e.2813"}]}
COMMAND: POST /session/918763cbbc85c63b9bd5908a33c44274/execute/sync - {"script":"<script> [5351 bytes]","args":[{"element-6066-11e4-a52e-4f735466cecf":"f.C58A9DC514FFE328F82A7A8F67B7EF56.d.8F400E63368BDD763C77D459A74E9F3E.e.2813","ELEMENT":"f.C58A9DC514FFE328F82A7A8F67B7EF56.d.8F400E63368BDD763C77D459A74E9F3E.e.2813"}]}
COMMAND: GET /session/918763cbbc85c63b9bd5908a33c44274/screenshot - {}
RESULT: {}
RESULT: {"script":"<script> [5351 bytes]","args":[{"element-6066-11e4-a52e-4f735466cecf":"f.C58A9DC514FFE328F82A7A8F67B7EF56.d.8F400E63368BDD763C77D459A74E9F3E.e.2813","ELEMENT":"f.C58A9DC514FFE328F82A7A8F67B7EF56.d.8F400E63368BDD763C77D459A74E9F3E.e.2813"}]}
COMMAND: POST /session/918763cbbc85c63b9bd5908a33c44274/element/f.C58A9DC514FFE328F82A7A8F67B7EF56.d.8F400E63368BDD763C77D459A74E9F3E.e.2813/click - {}
COMMAND: GET /session/918763cbbc85c63b9bd5908a33c44274/screenshot - {}
RESULT: {}
RESULT: {}
COMMAND: GET /session/918763cbbc85c63b9bd5908a33c44274/screenshot - {}
COMMAND: POST /session/918763cbbc85c63b9bd5908a33c44274/execute/async - {"script":"<script> [1562 bytes]","args":[{"selector":{"id":"application-managepartners-display-component---NewPartner--addressDetailDetailsName1","interaction":{"idSuffix":"inner"}},"wdio_ui5_key":"applicationmanagepartners-display-component---NewPartner--addressDetailDetailsName1"}]}
RESULT: {}
RESULT: {}
RESULT: {"script":"<script> [1562 bytes]","args":[{"selector":{"id":"application-managepartners-display-component---NewPartner--addressDetailDetailsName1","interaction":{"idSuffix":"inner"}},"wdio_ui5_key":"applicationmanagepartners-display-component---NewPartner--addressDetailDetailsName1"}]}
RESULT: undefined
COMMAND: POST /session/918763cbbc85c63b9bd5908a33c44274/execute/async - {"script":"<script> [776 bytes]","args":[{"enterText":"External Partner WDIO","selector":{"id":"application-managepartners-display-component---NewPartner--addressDetailDetailsName1","interaction":{"idSuffix":"inner"}},"clearTextFirst":true,"interactionType":"ENTER_TEXT"}]}
RESULT: {"script":"<script> [776 bytes]","args":[{"enterText":"External Partner WDIO","selector":{"id":"application-managepartners-display-component---NewPartner--addressDetailDetailsName1","interaction":{"idSuffix":"inner"}},"clearTextFirst":true,"interactionType":"ENTER_TEXT"}]}
COMMAND: POST /session/918763cbbc85c63b9bd5908a33c44274/execute/async - {"script":"<script> [1562 bytes]","args":[{"selector":{"id":"application-managepartners-display-component---NewPartner--addressDetailDetailsLanguage-arrow"},"wdio_ui5_key":"applicationmanagepartners-display-component---NewPartner--addressDetailDetailsLanguage-arrow"}]}
RESULT: {"script":"<script> [1562 bytes]","args":[{"selector":{"id":"application-managepartners-display-component---NewPartner--addressDetailDetailsLanguage-arrow"},"wdio_ui5_key":"applicationmanagepartners-display-component---NewPartner--addressDetailDetailsLanguage-arrow"}]}
RESULT: undefined
COMMAND: POST /session/918763cbbc85c63b9bd5908a33c44274/element - {"using":"xpath","value":"//*[@id=\"application-managepartners-display-component---NewPartner--addressDetailDetailsLanguage-arrow\"]"}
RESULT: {"using":"xpath","value":"//*[@id=\"application-managepartners-display-component---NewPartner--addressDetailDetailsLanguage-arrow\"]"}
COMMAND: POST /session/918763cbbc85c63b9bd5908a33c44274/element/f.C58A9DC514FFE328F82A7A8F67B7EF56.d.8F400E63368BDD763C77D459A74E9F3E.e.3261/click - {}
RESULT: {}
COMMAND: POST /session/918763cbbc85c63b9bd5908a33c44274/element - {"using":"xpath","value":"//span[contains(text(), \"English\")]"}
COMMAND: GET /session/918763cbbc85c63b9bd5908a33c44274/screenshot - {}
RESULT: {"using":"xpath","value":"//span[contains(text(), \"English\")]"}
COMMAND: POST /session/918763cbbc85c63b9bd5908a33c44274/element/f.C58A9DC514FFE328F82A7A8F67B7EF56.d.8F400E63368BDD763C77D459A74E9F3E.e.3262/click - {}
RESULT: {}
RESULT: {}
COMMAND: GET /session/918763cbbc85c63b9bd5908a33c44274/screenshot - {}
RESULT: {}
COMMAND: POST /session/918763cbbc85c63b9bd5908a33c44274/execute/async - {"script":"<script> [1562 bytes]","args":[{"selector":{"id":"application-managepartners-display-component---NewPartner--addressDetailDetailsCity1","interaction":{"idSuffix":"inner"}},"wdio_ui5_key":"applicationmanagepartners-display-component---NewPartner--addressDetailDetailsCity1"}]}
RESULT: {"script":"<script> [1562 bytes]","args":[{"selector":{"id":"application-managepartners-display-component---NewPartner--addressDetailDetailsCity1","interaction":{"idSuffix":"inner"}},"wdio_ui5_key":"applicationmanagepartners-display-component---NewPartner--addressDetailDetailsCity1"}]}
RESULT: undefined
COMMAND: POST /session/918763cbbc85c63b9bd5908a33c44274/execute/async - {"script":"<script> [776 bytes]","args":[{"enterText":"Rosario","selector":{"id":"application-managepartners-display-component---NewPartner--addressDetailDetailsCity1","interaction":{"idSuffix":"inner"}},"clearTextFirst":true,"interactionType":"ENTER_TEXT"}]}
RESULT: {"script":"<script> [776 bytes]","args":[{"enterText":"Rosario","selector":{"id":"application-managepartners-display-component---NewPartner--addressDetailDetailsCity1","interaction":{"idSuffix":"inner"}},"clearTextFirst":true,"interactionType":"ENTER_TEXT"}]}
COMMAND: POST /session/918763cbbc85c63b9bd5908a33c44274/execute/async - {"script":"<script> [1562 bytes]","args":[{"selector":{"id":"application-managepartners-display-component---NewPartner--addressDetailDetailsCountry-arrow"},"wdio_ui5_key":"applicationmanagepartners-display-component---NewPartner--addressDetailDetailsCountry-arrow"}]}
RESULT: {"script":"<script> [1562 bytes]","args":[{"selector":{"id":"application-managepartners-display-component---NewPartner--addressDetailDetailsCountry-arrow"},"wdio_ui5_key":"applicationmanagepartners-display-component---NewPartner--addressDetailDetailsCountry-arrow"}]}
RESULT: undefined
COMMAND: POST /session/918763cbbc85c63b9bd5908a33c44274/element - {"using":"xpath","value":"//*[@id=\"application-managepartners-display-component---NewPartner--addressDetailDetailsCountry-arrow\"]"}
RESULT: {"using":"xpath","value":"//*[@id=\"application-managepartners-display-component---NewPartner--addressDetailDetailsCountry-arrow\"]"}
COMMAND: POST /session/918763cbbc85c63b9bd5908a33c44274/element/f.C58A9DC514FFE328F82A7A8F67B7EF56.d.8F400E63368BDD763C77D459A74E9F3E.e.3237/click - {}
RESULT: {}
COMMAND: POST /session/918763cbbc85c63b9bd5908a33c44274/element - {"using":"xpath","value":"//span[contains(text(), \"Argentina\")]"}
COMMAND: GET /session/918763cbbc85c63b9bd5908a33c44274/screenshot - {}
RESULT: {"using":"xpath","value":"//span[contains(text(), \"Argentina\")]"}
COMMAND: POST /session/918763cbbc85c63b9bd5908a33c44274/element/f.C58A9DC514FFE328F82A7A8F67B7EF56.d.8F400E63368BDD763C77D459A74E9F3E.e.3264/click - {}
RESULT: {}
RESULT: {}
COMMAND: GET /session/918763cbbc85c63b9bd5908a33c44274/screenshot - {}
RESULT: {}
COMMAND: POST /session/918763cbbc85c63b9bd5908a33c44274/element - {"using":"xpath","value":"//bdi[contains(text(), \"Commercial\")]"}
RESULT: {"using":"xpath","value":"//bdi[contains(text(), \"Commercial\")]"}
COMMAND: POST /session/918763cbbc85c63b9bd5908a33c44274/element/f.C58A9DC514FFE328F82A7A8F67B7EF56.d.8F400E63368BDD763C77D459A74E9F3E.e.3265/click - {}
RESULT: {}
COMMAND: GET /session/918763cbbc85c63b9bd5908a33c44274/screenshot - {}
RESULT: {}
COMMAND: POST /session/918763cbbc85c63b9bd5908a33c44274/execute/async - {"script":"<script> [1562 bytes]","args":[{"selector":{"id":"application-managepartners-display-component---NewPartner--partnerDetailInternal-arrow"},"wdio_ui5_key":"applicationmanagepartners-display-component---NewPartner--partnerDetailInternal-arrow"}]}
RESULT: {"script":"<script> [1562 bytes]","args":[{"selector":{"id":"application-managepartners-display-component---NewPartner--partnerDetailInternal-arrow"},"wdio_ui5_key":"applicationmanagepartners-display-component---NewPartner--partnerDetailInternal-arrow"}]}
RESULT: undefined
COMMAND: POST /session/918763cbbc85c63b9bd5908a33c44274/element - {"using":"xpath","value":"//*[@id=\"application-managepartners-display-component---NewPartner--partnerDetailInternal-arrow\"]"}
RESULT: {"using":"xpath","value":"//*[@id=\"application-managepartners-display-component---NewPartner--partnerDetailInternal-arrow\"]"}
COMMAND: POST /session/918763cbbc85c63b9bd5908a33c44274/element/f.C58A9DC514FFE328F82A7A8F67B7EF56.d.8F400E63368BDD763C77D459A74E9F3E.e.3271/click - {}
RESULT: {}
COMMAND: POST /session/918763cbbc85c63b9bd5908a33c44274/element - {"using":"xpath","value":"//span[contains(text(), \"External partner\")]"}
COMMAND: GET /session/918763cbbc85c63b9bd5908a33c44274/screenshot - {}
RESULT: {"using":"xpath","value":"//span[contains(text(), \"External partner\")]"}
COMMAND: POST /session/918763cbbc85c63b9bd5908a33c44274/element/f.C58A9DC514FFE328F82A7A8F67B7EF56.d.8F400E63368BDD763C77D459A74E9F3E.e.3274/click - {}
RESULT: {}
RESULT: {}
COMMAND: POST /session/918763cbbc85c63b9bd5908a33c44274/execute/async - {"script":"<script> [1562 bytes]","args":[{"selector":{"id":"application-managepartners-display-component---NewPartner--partnerDetailsCurrency-arrow"},"wdio_ui5_key":"applicationmanagepartners-display-component---NewPartner--partnerDetailsCurrency-arrow"}]}
COMMAND: GET /session/918763cbbc85c63b9bd5908a33c44274/screenshot - {}
RESULT: {"script":"<script> [1562 bytes]","args":[{"selector":{"id":"application-managepartners-display-component---NewPartner--partnerDetailsCurrency-arrow"},"wdio_ui5_key":"applicationmanagepartners-display-component---NewPartner--partnerDetailsCurrency-arrow"}]}
RESULT: undefined
COMMAND: POST /session/918763cbbc85c63b9bd5908a33c44274/element - {"using":"xpath","value":"//*[@id=\"application-managepartners-display-component---NewPartner--partnerDetailsCurrency-arrow\"]"}
RESULT: {}
RESULT: {"using":"xpath","value":"//*[@id=\"application-managepartners-display-component---NewPartner--partnerDetailsCurrency-arrow\"]"}
COMMAND: POST /session/918763cbbc85c63b9bd5908a33c44274/element/f.C58A9DC514FFE328F82A7A8F67B7EF56.d.8F400E63368BDD763C77D459A74E9F3E.e.3279/click - {}
RESULT: {}
COMMAND: POST /session/918763cbbc85c63b9bd5908a33c44274/element - {"using":"xpath","value":"//span[contains(text(), \"US Dollar\")]"}
COMMAND: GET /session/918763cbbc85c63b9bd5908a33c44274/screenshot - {}
RESULT: {"using":"xpath","value":"//span[contains(text(), \"US Dollar\")]"}
COMMAND: POST /session/918763cbbc85c63b9bd5908a33c44274/element/f.C58A9DC514FFE328F82A7A8F67B7EF56.d.8F400E63368BDD763C77D459A74E9F3E.e.3280/click - {}
RESULT: {}
RESULT: {}
COMMAND: GET /session/918763cbbc85c63b9bd5908a33c44274/screenshot - {}
RESULT: {}
COMMAND: POST /session/918763cbbc85c63b9bd5908a33c44274/element - {"using":"xpath","value":"//input[@id=\"application-managepartners-display-component---NewPartner--companyCodeComboBox-inner\"]"}
RESULT: {"using":"xpath","value":"//input[@id=\"application-managepartners-display-component---NewPartner--companyCodeComboBox-inner\"]"}
COMMAND: POST /session/918763cbbc85c63b9bd5908a33c44274/element/f.C58A9DC514FFE328F82A7A8F67B7EF56.d.8F400E63368BDD763C77D459A74E9F3E.e.3213/clear - {}
RESULT: {}
COMMAND: POST /session/918763cbbc85c63b9bd5908a33c44274/element/f.C58A9DC514FFE328F82A7A8F67B7EF56.d.8F400E63368BDD763C77D459A74E9F3E.e.3213/value - {"text":"C002"}
COMMAND: GET /session/918763cbbc85c63b9bd5908a33c44274/screenshot - {}
RESULT: {"text":"C002"}
COMMAND: GET /session/918763cbbc85c63b9bd5908a33c44274/screenshot - {}
RESULT: {}
RESULT: {}
COMMAND: POST /session/918763cbbc85c63b9bd5908a33c44274/element - {"using":"xpath","value":"//li[.//span[text()= \"C002\"]]"}
RESULT: {"using":"xpath","value":"//li[.//span[text()= \"C002\"]]"}
COMMAND: POST /session/918763cbbc85c63b9bd5908a33c44274/element/f.C58A9DC514FFE328F82A7A8F67B7EF56.d.8F400E63368BDD763C77D459A74E9F3E.e.3284/click - {}
RESULT: {}
COMMAND: GET /session/918763cbbc85c63b9bd5908a33c44274/screenshot - {}
RESULT: {}
COMMAND: POST /session/918763cbbc85c63b9bd5908a33c44274/execute/async - {"script":"<script> [1562 bytes]","args":[{"selector":{"id":"application-managepartners-display-component---NewPartner--btnAddTableRow-img"},"wdio_ui5_key":"applicationmanagepartners-display-component---NewPartner--btnAddTableRow-img"}]}
RESULT: {"script":"<script> [1562 bytes]","args":[{"selector":{"id":"application-managepartners-display-component---NewPartner--btnAddTableRow-img"},"wdio_ui5_key":"applicationmanagepartners-display-component---NewPartner--btnAddTableRow-img"}]}
RESULT: undefined
COMMAND: POST /session/918763cbbc85c63b9bd5908a33c44274/element - {"using":"xpath","value":"//*[@id=\"application-managepartners-display-component---NewPartner--btnAddTableRow-img\"]"}
RESULT: {"using":"xpath","value":"//*[@id=\"application-managepartners-display-component---NewPartner--btnAddTableRow-img\"]"}
COMMAND: POST /session/918763cbbc85c63b9bd5908a33c44274/element/f.C58A9DC514FFE328F82A7A8F67B7EF56.d.8F400E63368BDD763C77D459A74E9F3E.e.3285/click - {}
RESULT: {}
COMMAND: GET /session/918763cbbc85c63b9bd5908a33c44274/screenshot - {}
RESULT: {}
COMMAND: POST /session/918763cbbc85c63b9bd5908a33c44274/element - {"using":"xpath","value":"//input[@id=\"application-managepartners-display-component---NewPartner--assignmentYard-application-managepartners-display-component---NewPartner--assignmentsTable-0-inner\"]"}
RESULT: {"using":"xpath","value":"//input[@id=\"application-managepartners-display-component---NewPartner--assignmentYard-application-managepartners-display-component---NewPartner--assignmentsTable-0-inner\"]"}
COMMAND: POST /session/918763cbbc85c63b9bd5908a33c44274/element/f.C58A9DC514FFE328F82A7A8F67B7EF56.d.8F400E63368BDD763C77D459A74E9F3E.e.3288/clear - {}
RESULT: {}
COMMAND: POST /session/918763cbbc85c63b9bd5908a33c44274/element/f.C58A9DC514FFE328F82A7A8F67B7EF56.d.8F400E63368BDD763C77D459A74E9F3E.e.3288/value - {"text":"656"}
COMMAND: GET /session/918763cbbc85c63b9bd5908a33c44274/screenshot - {}
RESULT: {"text":"656"}
COMMAND: GET /session/918763cbbc85c63b9bd5908a33c44274/screenshot - {}
RESULT: {}
RESULT: {}
COMMAND: POST /session/918763cbbc85c63b9bd5908a33c44274/element - {"using":"xpath","value":"//li[.//span[text()='656']]"}
RESULT: {"using":"xpath","value":"//li[.//span[text()='656']]"}
COMMAND: POST /session/918763cbbc85c63b9bd5908a33c44274/element/f.C58A9DC514FFE328F82A7A8F67B7EF56.d.8F400E63368BDD763C77D459A74E9F3E.e.3297/click - {}
RESULT: {}
COMMAND: GET /session/918763cbbc85c63b9bd5908a33c44274/screenshot - {}
RESULT: {}
COMMAND: POST /session/918763cbbc85c63b9bd5908a33c44274/actions - {"actions":[{"id":"action6","type":"key","parameters":{},"actions":[{"type":"keyDown","value":"î€‡"},{"type":"pause","duration":10},{"type":"keyUp","value":"î€‡"}]}]}
RESULT: {"actions":[{"id":"action6","type":"key","parameters":{},"actions":[{"type":"keyDown","value":"î€‡"},{"type":"pause","duration":10},{"type":"keyUp","value":"î€‡"}]}]}
COMMAND: POST /session/918763cbbc85c63b9bd5908a33c44274/element - {"using":"xpath","value":"//td[contains(@id, \"assignmentsTable-0-cell2\")]/div/div"}
COMMAND: GET /session/918763cbbc85c63b9bd5908a33c44274/screenshot - {}
RESULT: {"using":"xpath","value":"//td[contains(@id, \"assignmentsTable-0-cell2\")]/div/div"}
COMMAND: POST /session/918763cbbc85c63b9bd5908a33c44274/element/f.C58A9DC514FFE328F82A7A8F67B7EF56.d.8F400E63368BDD763C77D459A74E9F3E.e.3300/click - {}
RESULT: {}
RESULT: {}
COMMAND: GET /session/918763cbbc85c63b9bd5908a33c44274/screenshot - {}
RESULT: {}
COMMAND: POST /session/918763cbbc85c63b9bd5908a33c44274/element - {"using":"xpath","value":"//button[@data-kt=\"saveButton\"]"}
RESULT: {"using":"xpath","value":"//button[@data-kt=\"saveButton\"]"}
COMMAND: POST /session/918763cbbc85c63b9bd5908a33c44274/element/f.C58A9DC514FFE328F82A7A8F67B7EF56.d.8F400E63368BDD763C77D459A74E9F3E.e.3239/click - {}
RESULT: {}
COMMAND: GET /session/918763cbbc85c63b9bd5908a33c44274/screenshot - {}
RESULT: {}
COMMAND: POST /session/918763cbbc85c63b9bd5908a33c44274/element - {"using":"xpath","value":"//header[contains(@id, 'ObjectPageLayout-headerTitle')]/div[1]/div[2]/div[2]/span[1]"}
RESULT: {"using":"xpath","value":"//header[contains(@id, 'ObjectPageLayout-headerTitle')]/div[1]/div[2]/div[2]/span[1]"}
COMMAND: POST /session/918763cbbc85c63b9bd5908a33c44274/elements - {"using":"xpath","value":"//header[contains(@id, 'ObjectPageLayout-headerTitle')]/div[1]/div[2]/div[2]/span[1]"}
RESULT: {"using":"xpath","value":"//header[contains(@id, 'ObjectPageLayout-headerTitle')]/div[1]/div[2]/div[2]/span[1]"}
COMMAND: POST /session/918763cbbc85c63b9bd5908a33c44274/execute/sync - {"script":"<script> [56 bytes]","args":[{"element-6066-11e4-a52e-4f735466cecf":"f.C58A9DC514FFE328F82A7A8F67B7EF56.d.8F400E63368BDD763C77D459A74E9F3E.e.3462","ELEMENT":"f.C58A9DC514FFE328F82A7A8F67B7EF56.d.8F400E63368BDD763C77D459A74E9F3E.e.3462"}]}
RESULT: {"script":"<script> [56 bytes]","args":[{"element-6066-11e4-a52e-4f735466cecf":"f.C58A9DC514FFE328F82A7A8F67B7EF56.d.8F400E63368BDD763C77D459A74E9F3E.e.3462","ELEMENT":"f.C58A9DC514FFE328F82A7A8F67B7EF56.d.8F400E63368BDD763C77D459A74E9F3E.e.3462"}]}
COMMAND: POST /session/918763cbbc85c63b9bd5908a33c44274/element - {"using":"css selector","value":"#shell-header-logo"}
COMMAND: GET /session/918763cbbc85c63b9bd5908a33c44274/screenshot - {}
RESULT: {"using":"css selector","value":"#shell-header-logo"}
COMMAND: POST /session/918763cbbc85c63b9bd5908a33c44274/element/f.C58A9DC514FFE328F82A7A8F67B7EF56.d.8F400E63368BDD763C77D459A74E9F3E.e.2778/click - {}
RESULT: {}
RESULT: {}
COMMAND: GET /session/918763cbbc85c63b9bd5908a33c44274/screenshot - {}
RESULT: {}
COMMAND: POST /session/918763cbbc85c63b9bd5908a33c44274/execute/sync - {"script":"<script> [299 bytes]","args":[["getModel","getResource"]]}
RESULT: {"script":"<script> [299 bytes]","args":[["getModel","getResource"]]}
]]></system-out>
    </testcase>
    <testcase classname="chrome.135_0_7049_115.windows.Create_partner_US118246" name="Should create a new yard in case create yard failed" time="0.008">
      <system-out><![CDATA[
COMMAND: GET /session/918763cbbc85c63b9bd5908a33c44274/screenshot - {}
]]></system-out>
    </testcase>
    <testcase classname="chrome.135_0_7049_115.windows.Create_partner_US118246" name="Should create new external WHM partner" time="81.62">
      <system-out><![CDATA[
COMMAND: POST /session/918763cbbc85c63b9bd5908a33c44274/window/fullscreen - {}
RESULT: {}
RESULT: {}
RESULT: undefined
COMMAND: POST /session/918763cbbc85c63b9bd5908a33c44274/element - {"using":"xpath","value":"//*[@id=\"__tile38\"]"}
RESULT: {"using":"xpath","value":"//*[@id=\"__tile38\"]"}
COMMAND: POST /session/918763cbbc85c63b9bd5908a33c44274/element/f.C58A9DC514FFE328F82A7A8F67B7EF56.d.8F400E63368BDD763C77D459A74E9F3E.e.2664/click - {}
RESULT: {}
COMMAND: POST /session/918763cbbc85c63b9bd5908a33c44274/element - {"using":"xpath","value":"//button[@data-kt=\"addButton\"]"}
COMMAND: GET /session/918763cbbc85c63b9bd5908a33c44274/screenshot - {}
RESULT: {"using":"xpath","value":"//button[@data-kt=\"addButton\"]"}
COMMAND: POST /session/918763cbbc85c63b9bd5908a33c44274/elements - {"using":"xpath","value":"//button[@data-kt=\"addButton\"]"}
RESULT: {}
RESULT: {"using":"xpath","value":"//button[@data-kt=\"addButton\"]"}
COMMAND: POST /session/918763cbbc85c63b9bd5908a33c44274/execute/sync - {"script":"<script> [8489 bytes]","args":[{"element-6066-11e4-a52e-4f735466cecf":"f.C58A9DC514FFE328F82A7A8F67B7EF56.d.8F400E63368BDD763C77D459A74E9F3E.e.3510","ELEMENT":"f.C58A9DC514FFE328F82A7A8F67B7EF56.d.8F400E63368BDD763C77D459A74E9F3E.e.3510"}]}
RESULT: {"script":"<script> [8489 bytes]","args":[{"element-6066-11e4-a52e-4f735466cecf":"f.C58A9DC514FFE328F82A7A8F67B7EF56.d.8F400E63368BDD763C77D459A74E9F3E.e.3510","ELEMENT":"f.C58A9DC514FFE328F82A7A8F67B7EF56.d.8F400E63368BDD763C77D459A74E9F3E.e.3510"}]}
COMMAND: GET /session/918763cbbc85c63b9bd5908a33c44274/element/f.C58A9DC514FFE328F82A7A8F67B7EF56.d.8F400E63368BDD763C77D459A74E9F3E.e.3510/enabled - {}
COMMAND: GET /session/918763cbbc85c63b9bd5908a33c44274/screenshot - {}
RESULT: {}
COMMAND: POST /session/918763cbbc85c63b9bd5908a33c44274/execute/sync - {"script":"<script> [8489 bytes]","args":[{"element-6066-11e4-a52e-4f735466cecf":"f.C58A9DC514FFE328F82A7A8F67B7EF56.d.8F400E63368BDD763C77D459A74E9F3E.e.3510","ELEMENT":"f.C58A9DC514FFE328F82A7A8F67B7EF56.d.8F400E63368BDD763C77D459A74E9F3E.e.3510"}]}
COMMAND: GET /session/918763cbbc85c63b9bd5908a33c44274/screenshot - {}
RESULT: {}
RESULT: {"script":"<script> [8489 bytes]","args":[{"element-6066-11e4-a52e-4f735466cecf":"f.C58A9DC514FFE328F82A7A8F67B7EF56.d.8F400E63368BDD763C77D459A74E9F3E.e.3510","ELEMENT":"f.C58A9DC514FFE328F82A7A8F67B7EF56.d.8F400E63368BDD763C77D459A74E9F3E.e.3510"}]}
COMMAND: POST /session/918763cbbc85c63b9bd5908a33c44274/execute/sync - {"script":"<script> [5351 bytes]","args":[{"element-6066-11e4-a52e-4f735466cecf":"f.C58A9DC514FFE328F82A7A8F67B7EF56.d.8F400E63368BDD763C77D459A74E9F3E.e.3510","ELEMENT":"f.C58A9DC514FFE328F82A7A8F67B7EF56.d.8F400E63368BDD763C77D459A74E9F3E.e.3510"}]}
COMMAND: GET /session/918763cbbc85c63b9bd5908a33c44274/screenshot - {}
RESULT: {}
RESULT: {"script":"<script> [5351 bytes]","args":[{"element-6066-11e4-a52e-4f735466cecf":"f.C58A9DC514FFE328F82A7A8F67B7EF56.d.8F400E63368BDD763C77D459A74E9F3E.e.3510","ELEMENT":"f.C58A9DC514FFE328F82A7A8F67B7EF56.d.8F400E63368BDD763C77D459A74E9F3E.e.3510"}]}
COMMAND: POST /session/918763cbbc85c63b9bd5908a33c44274/element/f.C58A9DC514FFE328F82A7A8F67B7EF56.d.8F400E63368BDD763C77D459A74E9F3E.e.3510/click - {}
COMMAND: GET /session/918763cbbc85c63b9bd5908a33c44274/screenshot - {}
RESULT: {}
RESULT: {}
COMMAND: GET /session/918763cbbc85c63b9bd5908a33c44274/screenshot - {}
RESULT: undefined
COMMAND: POST /session/918763cbbc85c63b9bd5908a33c44274/execute/async - {"script":"<script> [776 bytes]","args":[{"enterText":"External Partner WDIO","selector":{"id":"application-managepartners-display-component---NewPartner--addressDetailDetailsName1","interaction":{"idSuffix":"inner"}},"clearTextFirst":true,"interactionType":"ENTER_TEXT"}]}
RESULT: {}
RESULT: {}
RESULT: {"script":"<script> [776 bytes]","args":[{"enterText":"External Partner WDIO","selector":{"id":"application-managepartners-display-component---NewPartner--addressDetailDetailsName1","interaction":{"idSuffix":"inner"}},"clearTextFirst":true,"interactionType":"ENTER_TEXT"}]}
RESULT: undefined
COMMAND: POST /session/918763cbbc85c63b9bd5908a33c44274/element - {"using":"xpath","value":"//*[@id=\"application-managepartners-display-component---NewPartner--addressDetailDetailsLanguage-arrow\"]"}
RESULT: {"using":"xpath","value":"//*[@id=\"application-managepartners-display-component---NewPartner--addressDetailDetailsLanguage-arrow\"]"}
COMMAND: POST /session/918763cbbc85c63b9bd5908a33c44274/element/f.C58A9DC514FFE328F82A7A8F67B7EF56.d.8F400E63368BDD763C77D459A74E9F3E.e.3917/click - {}
RESULT: {}
COMMAND: POST /session/918763cbbc85c63b9bd5908a33c44274/element - {"using":"xpath","value":"//span[contains(text(), \"English\")]"}
COMMAND: GET /session/918763cbbc85c63b9bd5908a33c44274/screenshot - {}
RESULT: {"using":"xpath","value":"//span[contains(text(), \"English\")]"}
COMMAND: POST /session/918763cbbc85c63b9bd5908a33c44274/element/f.C58A9DC514FFE328F82A7A8F67B7EF56.d.8F400E63368BDD763C77D459A74E9F3E.e.3918/click - {}
RESULT: {}
RESULT: {}
COMMAND: GET /session/918763cbbc85c63b9bd5908a33c44274/screenshot - {}
RESULT: {}
RESULT: undefined
COMMAND: POST /session/918763cbbc85c63b9bd5908a33c44274/execute/async - {"script":"<script> [776 bytes]","args":[{"enterText":"Rosario","selector":{"id":"application-managepartners-display-component---NewPartner--addressDetailDetailsCity1","interaction":{"idSuffix":"inner"}},"clearTextFirst":true,"interactionType":"ENTER_TEXT"}]}
RESULT: {"script":"<script> [776 bytes]","args":[{"enterText":"Rosario","selector":{"id":"application-managepartners-display-component---NewPartner--addressDetailDetailsCity1","interaction":{"idSuffix":"inner"}},"clearTextFirst":true,"interactionType":"ENTER_TEXT"}]}
RESULT: undefined
COMMAND: POST /session/918763cbbc85c63b9bd5908a33c44274/element - {"using":"xpath","value":"//*[@id=\"application-managepartners-display-component---NewPartner--addressDetailDetailsCountry-arrow\"]"}
RESULT: {"using":"xpath","value":"//*[@id=\"application-managepartners-display-component---NewPartner--addressDetailDetailsCountry-arrow\"]"}
COMMAND: POST /session/918763cbbc85c63b9bd5908a33c44274/element/f.C58A9DC514FFE328F82A7A8F67B7EF56.d.8F400E63368BDD763C77D459A74E9F3E.e.3855/click - {}
RESULT: {}
COMMAND: POST /session/918763cbbc85c63b9bd5908a33c44274/element - {"using":"xpath","value":"//span[contains(text(), \"Argentina\")]"}
COMMAND: GET /session/918763cbbc85c63b9bd5908a33c44274/screenshot - {}
RESULT: {"using":"xpath","value":"//span[contains(text(), \"Argentina\")]"}
COMMAND: POST /session/918763cbbc85c63b9bd5908a33c44274/element/f.C58A9DC514FFE328F82A7A8F67B7EF56.d.8F400E63368BDD763C77D459A74E9F3E.e.3919/click - {}
RESULT: {}
RESULT: {}
COMMAND: GET /session/918763cbbc85c63b9bd5908a33c44274/screenshot - {}
RESULT: {}
COMMAND: POST /session/918763cbbc85c63b9bd5908a33c44274/element - {"using":"xpath","value":"//bdi[contains(text(), \"Commercial\")]"}
RESULT: {"using":"xpath","value":"//bdi[contains(text(), \"Commercial\")]"}
COMMAND: POST /session/918763cbbc85c63b9bd5908a33c44274/element/f.C58A9DC514FFE328F82A7A8F67B7EF56.d.8F400E63368BDD763C77D459A74E9F3E.e.3920/click - {}
RESULT: {}
COMMAND: GET /session/918763cbbc85c63b9bd5908a33c44274/screenshot - {}
RESULT: {}
RESULT: undefined
COMMAND: POST /session/918763cbbc85c63b9bd5908a33c44274/element - {"using":"xpath","value":"//*[@id=\"application-managepartners-display-component---NewPartner--partnerDetailInternal-arrow\"]"}
RESULT: {"using":"xpath","value":"//*[@id=\"application-managepartners-display-component---NewPartner--partnerDetailInternal-arrow\"]"}
COMMAND: POST /session/918763cbbc85c63b9bd5908a33c44274/element/f.C58A9DC514FFE328F82A7A8F67B7EF56.d.8F400E63368BDD763C77D459A74E9F3E.e.3926/click - {}
RESULT: {}
COMMAND: POST /session/918763cbbc85c63b9bd5908a33c44274/element - {"using":"xpath","value":"//span[contains(text(), \"External partner\")]"}
COMMAND: GET /session/918763cbbc85c63b9bd5908a33c44274/screenshot - {}
RESULT: {"using":"xpath","value":"//span[contains(text(), \"External partner\")]"}
COMMAND: POST /session/918763cbbc85c63b9bd5908a33c44274/element/f.C58A9DC514FFE328F82A7A8F67B7EF56.d.8F400E63368BDD763C77D459A74E9F3E.e.3929/click - {}
RESULT: {}
RESULT: {}
RESULT: undefined
COMMAND: POST /session/918763cbbc85c63b9bd5908a33c44274/element - {"using":"xpath","value":"//*[@id=\"application-managepartners-display-component---NewPartner--partnerDetailsCurrency-arrow\"]"}
COMMAND: GET /session/918763cbbc85c63b9bd5908a33c44274/screenshot - {}
RESULT: {"using":"xpath","value":"//*[@id=\"application-managepartners-display-component---NewPartner--partnerDetailsCurrency-arrow\"]"}
COMMAND: POST /session/918763cbbc85c63b9bd5908a33c44274/element/f.C58A9DC514FFE328F82A7A8F67B7EF56.d.8F400E63368BDD763C77D459A74E9F3E.e.3934/click - {}
RESULT: {}
RESULT: {}
COMMAND: POST /session/918763cbbc85c63b9bd5908a33c44274/element - {"using":"xpath","value":"//span[contains(text(), \"US Dollar\")]"}
COMMAND: GET /session/918763cbbc85c63b9bd5908a33c44274/screenshot - {}
RESULT: {"using":"xpath","value":"//span[contains(text(), \"US Dollar\")]"}
COMMAND: POST /session/918763cbbc85c63b9bd5908a33c44274/element/f.C58A9DC514FFE328F82A7A8F67B7EF56.d.8F400E63368BDD763C77D459A74E9F3E.e.3935/click - {}
RESULT: {}
RESULT: {}
COMMAND: GET /session/918763cbbc85c63b9bd5908a33c44274/screenshot - {}
RESULT: {}
COMMAND: POST /session/918763cbbc85c63b9bd5908a33c44274/element - {"using":"xpath","value":"//input[@id=\"application-managepartners-display-component---NewPartner--companyCodeComboBox-inner\"]"}
RESULT: {"using":"xpath","value":"//input[@id=\"application-managepartners-display-component---NewPartner--companyCodeComboBox-inner\"]"}
COMMAND: POST /session/918763cbbc85c63b9bd5908a33c44274/element/f.C58A9DC514FFE328F82A7A8F67B7EF56.d.8F400E63368BDD763C77D459A74E9F3E.e.3812/clear - {}
RESULT: {}
COMMAND: POST /session/918763cbbc85c63b9bd5908a33c44274/element/f.C58A9DC514FFE328F82A7A8F67B7EF56.d.8F400E63368BDD763C77D459A74E9F3E.e.3812/value - {"text":"C002"}
COMMAND: GET /session/918763cbbc85c63b9bd5908a33c44274/screenshot - {}
RESULT: {"text":"C002"}
COMMAND: GET /session/918763cbbc85c63b9bd5908a33c44274/screenshot - {}
RESULT: {}
RESULT: {}
COMMAND: POST /session/918763cbbc85c63b9bd5908a33c44274/element - {"using":"xpath","value":"//li[.//span[text()= \"C002\"]]"}
RESULT: {"using":"xpath","value":"//li[.//span[text()= \"C002\"]]"}
COMMAND: POST /session/918763cbbc85c63b9bd5908a33c44274/element/f.C58A9DC514FFE328F82A7A8F67B7EF56.d.8F400E63368BDD763C77D459A74E9F3E.e.3939/click - {}
RESULT: {}
COMMAND: GET /session/918763cbbc85c63b9bd5908a33c44274/screenshot - {}
RESULT: {}
RESULT: undefined
COMMAND: POST /session/918763cbbc85c63b9bd5908a33c44274/element - {"using":"xpath","value":"//*[@id=\"application-managepartners-display-component---NewPartner--btnAddTableRow-img\"]"}
RESULT: {"using":"xpath","value":"//*[@id=\"application-managepartners-display-component---NewPartner--btnAddTableRow-img\"]"}
COMMAND: POST /session/918763cbbc85c63b9bd5908a33c44274/element/f.C58A9DC514FFE328F82A7A8F67B7EF56.d.8F400E63368BDD763C77D459A74E9F3E.e.3940/click - {}
RESULT: {}
COMMAND: GET /session/918763cbbc85c63b9bd5908a33c44274/screenshot - {}
RESULT: {}
COMMAND: POST /session/918763cbbc85c63b9bd5908a33c44274/element - {"using":"xpath","value":"//input[@id=\"application-managepartners-display-component---NewPartner--assignmentYard-application-managepartners-display-component---NewPartner--assignmentsTable-0-inner\"]"}
RESULT: {"using":"xpath","value":"//input[@id=\"application-managepartners-display-component---NewPartner--assignmentYard-application-managepartners-display-component---NewPartner--assignmentsTable-0-inner\"]"}
COMMAND: POST /session/918763cbbc85c63b9bd5908a33c44274/element/f.C58A9DC514FFE328F82A7A8F67B7EF56.d.8F400E63368BDD763C77D459A74E9F3E.e.3943/clear - {}
RESULT: {}
COMMAND: POST /session/918763cbbc85c63b9bd5908a33c44274/element/f.C58A9DC514FFE328F82A7A8F67B7EF56.d.8F400E63368BDD763C77D459A74E9F3E.e.3943/value - {"text":"657"}
COMMAND: GET /session/918763cbbc85c63b9bd5908a33c44274/screenshot - {}
RESULT: {"text":"657"}
COMMAND: GET /session/918763cbbc85c63b9bd5908a33c44274/screenshot - {}
RESULT: {}
RESULT: {}
COMMAND: POST /session/918763cbbc85c63b9bd5908a33c44274/element - {"using":"xpath","value":"//li[.//span[text()='657']]"}
RESULT: {"using":"xpath","value":"//li[.//span[text()='657']]"}
COMMAND: POST /session/918763cbbc85c63b9bd5908a33c44274/element/f.C58A9DC514FFE328F82A7A8F67B7EF56.d.8F400E63368BDD763C77D459A74E9F3E.e.3951/click - {}
RESULT: {}
COMMAND: GET /session/918763cbbc85c63b9bd5908a33c44274/screenshot - {}
RESULT: {}
COMMAND: POST /session/918763cbbc85c63b9bd5908a33c44274/actions - {"actions":[{"id":"action7","type":"key","parameters":{},"actions":[{"type":"keyDown","value":"î€‡"},{"type":"pause","duration":10},{"type":"keyUp","value":"î€‡"}]}]}
RESULT: {"actions":[{"id":"action7","type":"key","parameters":{},"actions":[{"type":"keyDown","value":"î€‡"},{"type":"pause","duration":10},{"type":"keyUp","value":"î€‡"}]}]}
COMMAND: POST /session/918763cbbc85c63b9bd5908a33c44274/element - {"using":"xpath","value":"//td[contains(@id, \"assignmentsTable-0-cell2\")]/div/div"}
COMMAND: GET /session/918763cbbc85c63b9bd5908a33c44274/screenshot - {}
RESULT: {"using":"xpath","value":"//td[contains(@id, \"assignmentsTable-0-cell2\")]/div/div"}
COMMAND: POST /session/918763cbbc85c63b9bd5908a33c44274/element/f.C58A9DC514FFE328F82A7A8F67B7EF56.d.8F400E63368BDD763C77D459A74E9F3E.e.3954/click - {}
RESULT: {}
RESULT: {}
COMMAND: GET /session/918763cbbc85c63b9bd5908a33c44274/screenshot - {}
RESULT: {}
COMMAND: POST /session/918763cbbc85c63b9bd5908a33c44274/element - {"using":"xpath","value":"//button[@data-kt=\"saveButton\"]"}
RESULT: {"using":"xpath","value":"//button[@data-kt=\"saveButton\"]"}
COMMAND: POST /session/918763cbbc85c63b9bd5908a33c44274/element/f.C58A9DC514FFE328F82A7A8F67B7EF56.d.8F400E63368BDD763C77D459A74E9F3E.e.3895/click - {}
RESULT: {}
COMMAND: GET /session/918763cbbc85c63b9bd5908a33c44274/screenshot - {}
RESULT: {}
COMMAND: POST /session/918763cbbc85c63b9bd5908a33c44274/element - {"using":"xpath","value":"//header[contains(@id, 'ObjectPageLayout-headerTitle')]/div[1]/div[2]/div[2]/span[1]"}
RESULT: {"using":"xpath","value":"//header[contains(@id, 'ObjectPageLayout-headerTitle')]/div[1]/div[2]/div[2]/span[1]"}
COMMAND: POST /session/918763cbbc85c63b9bd5908a33c44274/elements - {"using":"xpath","value":"//header[contains(@id, 'ObjectPageLayout-headerTitle')]/div[1]/div[2]/div[2]/span[1]"}
RESULT: {"using":"xpath","value":"//header[contains(@id, 'ObjectPageLayout-headerTitle')]/div[1]/div[2]/div[2]/span[1]"}
COMMAND: POST /session/918763cbbc85c63b9bd5908a33c44274/execute/sync - {"script":"<script> [56 bytes]","args":[{"element-6066-11e4-a52e-4f735466cecf":"f.C58A9DC514FFE328F82A7A8F67B7EF56.d.8F400E63368BDD763C77D459A74E9F3E.e.4116","ELEMENT":"f.C58A9DC514FFE328F82A7A8F67B7EF56.d.8F400E63368BDD763C77D459A74E9F3E.e.4116"}]}
RESULT: {"script":"<script> [56 bytes]","args":[{"element-6066-11e4-a52e-4f735466cecf":"f.C58A9DC514FFE328F82A7A8F67B7EF56.d.8F400E63368BDD763C77D459A74E9F3E.e.4116","ELEMENT":"f.C58A9DC514FFE328F82A7A8F67B7EF56.d.8F400E63368BDD763C77D459A74E9F3E.e.4116"}]}
COMMAND: POST /session/918763cbbc85c63b9bd5908a33c44274/element - {"using":"css selector","value":"#shell-header-logo"}
COMMAND: GET /session/918763cbbc85c63b9bd5908a33c44274/screenshot - {}
RESULT: {"using":"css selector","value":"#shell-header-logo"}
COMMAND: POST /session/918763cbbc85c63b9bd5908a33c44274/element/f.C58A9DC514FFE328F82A7A8F67B7EF56.d.8F400E63368BDD763C77D459A74E9F3E.e.3465/click - {}
RESULT: {}
RESULT: {}
COMMAND: GET /session/918763cbbc85c63b9bd5908a33c44274/screenshot - {}
RESULT: {}
COMMAND: POST /session/918763cbbc85c63b9bd5908a33c44274/execute/sync - {"script":"<script> [299 bytes]","args":[["getModel","getResource"]]}
RESULT: {"script":"<script> [299 bytes]","args":[["getModel","getResource"]]}
COMMAND: GET /session/918763cbbc85c63b9bd5908a33c44274/screenshot - {}
COMMAND: POST /session/918763cbbc85c63b9bd5908a33c44274/refresh - {}
RESULT: {}
COMMAND: GET /session/918763cbbc85c63b9bd5908a33c44274/screenshot - {}
RESULT: {}
RESULT: {}
COMMAND: POST /session/918763cbbc85c63b9bd5908a33c44274/refresh - {}
RESULT: {}
COMMAND: GET /session/918763cbbc85c63b9bd5908a33c44274/screenshot - {}
RESULT: {}
COMMAND: POST /session/918763cbbc85c63b9bd5908a33c44274/window/fullscreen - {}
RESULT: {}
COMMAND: POST /session/918763cbbc85c63b9bd5908a33c44274/execute/async - {"script":"<script> [189 bytes]","args":[]}
RESULT: {"script":"<script> [189 bytes]","args":[]}
COMMAND: POST /session/918763cbbc85c63b9bd5908a33c44274/execute/async - {"script":"<script> [123 bytes]","args":[]}
RESULT: {"script":"<script> [123 bytes]","args":[]}
COMMAND: POST /session/918763cbbc85c63b9bd5908a33c44274/timeouts - {"script":"<number>"}
RESULT: {"script":"<number>"}
COMMAND: GET /session/918763cbbc85c63b9bd5908a33c44274/timeouts - {}
RESULT: {}
RESULT: undefined
COMMAND: POST /session/918763cbbc85c63b9bd5908a33c44274/execute/async - {"script":"<script> [2676 bytes]","args":[]}
RESULT: {"script":"<script> [2676 bytes]","args":[]}
COMMAND: POST /session/918763cbbc85c63b9bd5908a33c44274/execute/async - {"script":"<script> [2342 bytes]","args":[{"protocol":"http","hostname":"0.0.0.0","path":"/","capabilities":{"browserName":"chrome","goog:chromeOptions":{"binary":"C:\\Program Files\\Google\\Chrome\\Application\\chrome.exe","args":["--start-maximized"]}},"logLevel":"warn","connectionRetryTimeout":120000,"connectionRetryCount":3,"logLevels":{},"enableDirectConnect":true,"strictSSL":true,"_":"65 more keys: [\"cacheDir\",\"port\",\"requestedCapabilities\",\"automationProtocol\",\"baseUrl\",\"waitforInterval\",\"waitforTimeout\",\"onReload\",\"beforeCommand\",\"afterCommand\",\"rootDir\",\"specs\",\"suites\",\"exclude\",\"groupLogsByTestSpec\",\"excludeDriverLogs\",\"bail\",\"framework\",\"reporters\",\"services\",\"maxInstances\",\"maxInstancesPerCapability\",\"injectGlobals\",\"filesToWatch\",\"execArgv\",\"runnerEnv\",\"runner\",\"shard\",\"specFileRetries\",\"specFileRetriesDelay\",\"specFileRetriesDeferred\",\"reporterSyncInterval\",\"reporterSyncTimeout\",\"cucumberFeaturesWithLineNumbers\",\"autoCompileOpts\",\"mochaOpts\",\"jasmineOpts\",\"cucumberOpts\",\"onPrepare\",\"onWorkerStart\",\"onWorkerEnd\",\"before\",\"beforeSession\",\"beforeSuite\",\"beforeHook\",\"beforeTest\",\"afterTest\",\"afterHook\",\"afterSuite\",\"afterSession\",\"after\",\"onComplete\",\"beforeAssertion\",\"afterAssertion\",\"beforeFeature\",\"beforeScenario\",\"beforeStep\",\"afterStep\",\"afterScenario\",\"afterFeature\",\"_\",\"suite\",\"$0\",\"ignoredWorkerServices\",\"wdi5\"]"}]}
RESULT: {"script":"<script> [2342 bytes]","args":[{"protocol":"http","hostname":"0.0.0.0","path":"/","capabilities":{"browserName":"chrome","goog:chromeOptions":{"binary":"C:\\Program Files\\Google\\Chrome\\Application\\chrome.exe","args":["--start-maximized"]}},"logLevel":"warn","connectionRetryTimeout":120000,"connectionRetryCount":3,"logLevels":{},"enableDirectConnect":true,"strictSSL":true,"_":"65 more keys: [\"cacheDir\",\"port\",\"requestedCapabilities\",\"automationProtocol\",\"baseUrl\",\"waitforInterval\",\"waitforTimeout\",\"onReload\",\"beforeCommand\",\"afterCommand\",\"rootDir\",\"specs\",\"suites\",\"exclude\",\"groupLogsByTestSpec\",\"excludeDriverLogs\",\"bail\",\"framework\",\"reporters\",\"services\",\"maxInstances\",\"maxInstancesPerCapability\",\"injectGlobals\",\"filesToWatch\",\"execArgv\",\"runnerEnv\",\"runner\",\"shard\",\"specFileRetries\",\"specFileRetriesDelay\",\"specFileRetriesDeferred\",\"reporterSyncInterval\",\"reporterSyncTimeout\",\"cucumberFeaturesWithLineNumbers\",\"autoCompileOpts\",\"mochaOpts\",\"jasmineOpts\",\"cucumberOpts\",\"onPrepare\",\"onWorkerStart\",\"onWorkerEnd\",\"before\",\"beforeSession\",\"beforeSuite\",\"beforeHook\",\"beforeTest\",\"afterTest\",\"afterHook\",\"afterSuite\",\"afterSession\",\"after\",\"onComplete\",\"beforeAssertion\",\"afterAssertion\",\"beforeFeature\",\"beforeScenario\",\"beforeStep\",\"afterStep\",\"afterScenario\",\"afterFeature\",\"_\",\"suite\",\"$0\",\"ignoredWorkerServices\",\"wdi5\"]"}]}
COMMAND: POST /session/918763cbbc85c63b9bd5908a33c44274/execute/async - {"script":"<script> [21126 bytes]","args":[35000]}
RESULT: {"script":"<script> [21126 bytes]","args":[35000]}
COMMAND: POST /session/918763cbbc85c63b9bd5908a33c44274/element - {"using":"css selector","value":"#shell-header-logo"}
RESULT: {"using":"css selector","value":"#shell-header-logo"}
COMMAND: POST /session/918763cbbc85c63b9bd5908a33c44274/element/f.C58A9DC514FFE328F82A7A8F67B7EF56.d.C09E3C2E189DB152CC922BD95E8424F9.e.4263/click - {}
RESULT: {}
COMMAND: GET /session/918763cbbc85c63b9bd5908a33c44274/screenshot - {}
RESULT: {}
COMMAND: POST /session/918763cbbc85c63b9bd5908a33c44274/execute/async - {"script":"<script> [1562 bytes]","args":[{"selector":{"controlType":"sap.m.GenericTile","properties":{"header":"Manage Sites"}},"wdio_ui5_key":"sapm.GenericTile{\"header\":\"Manage Sites\"}"}]}
RESULT: {"script":"<script> [1562 bytes]","args":[{"selector":{"controlType":"sap.m.GenericTile","properties":{"header":"Manage Sites"}},"wdio_ui5_key":"sapm.GenericTile{\"header\":\"Manage Sites\"}"}]}
RESULT: undefined
COMMAND: POST /session/918763cbbc85c63b9bd5908a33c44274/element - {"using":"xpath","value":"//*[@id=\"__tile32\"]"}
RESULT: {"using":"xpath","value":"//*[@id=\"__tile32\"]"}
COMMAND: POST /session/918763cbbc85c63b9bd5908a33c44274/element/f.C58A9DC514FFE328F82A7A8F67B7EF56.d.C09E3C2E189DB152CC922BD95E8424F9.e.4189/click - {}
RESULT: {}
]]></system-out>
    </testcase>
  </testsuite>
  <testsuite timestamp="2025-05-07T15:29:58" time="214.819" tests="2" failures="0" errors="0" skipped="0">
    <properties>
      <property name="specId" value="0" />
      <property name="suiteName" value="Create 2 sites US118246" />
      <property name="capabilities" value="chrome.135_0_7049_115.windows" />
      <property name="file" value="file:///D:/a/1/s/test/specs/R2C/create-site.spec.js" />
    </properties>
    <testcase classname="chrome.135_0_7049_115.windows.Create_2_sites_US118246" name="Should create new site" time="100.663">
      <system-out><![CDATA[
COMMAND: POST /session/918763cbbc85c63b9bd5908a33c44274/execute/async - {"script":"<script> [1562 bytes]","args":[{"selector":{"controlType":"sap.m.Title","viewName":"etm.portal.ui.managesites.view.Master","viewId":"application-managesites-display-component---masterSite","i18NText":{"propertyName":"text","key":"sites"}},"wdio_ui5_key":"etmportal.ui.managesites.view.Mastersap.m.Title{\"propertyName\":\"text\",\"key\":\"sites\"}"}]}
COMMAND: GET /session/918763cbbc85c63b9bd5908a33c44274/screenshot - {}
RESULT: {"script":"<script> [1562 bytes]","args":[{"selector":{"controlType":"sap.m.Title","viewName":"etm.portal.ui.managesites.view.Master","viewId":"application-managesites-display-component---masterSite","i18NText":{"propertyName":"text","key":"sites"}},"wdio_ui5_key":"etmportal.ui.managesites.view.Mastersap.m.Title{\"propertyName\":\"text\",\"key\":\"sites\"}"}]}
RESULT: undefined
COMMAND: POST /session/918763cbbc85c63b9bd5908a33c44274/execute/async - {"script":"<script> [6424 bytes]","args":[{"element-6066-11e4-a52e-4f735466cecf":"f.C58A9DC514FFE328F82A7A8F67B7EF56.d.C09E3C2E189DB152CC922BD95E8424F9.e.4439"},"getText",[]]}
RESULT: {}
RESULT: {"script":"<script> [6424 bytes]","args":[{"element-6066-11e4-a52e-4f735466cecf":"f.C58A9DC514FFE328F82A7A8F67B7EF56.d.C09E3C2E189DB152CC922BD95E8424F9.e.4439"},"getText",[]]}
COMMAND: POST /session/918763cbbc85c63b9bd5908a33c44274/execute/async - {"script":"<script> [1562 bytes]","args":[{"selector":{"controlType":"sap.ui.core.Icon","viewName":"etm.portal.ui.managesites.view.Master","viewId":"application-managesites-display-component---masterSite","properties":{"src":{"regex":{"source":"add"}}}},"wdio_ui5_key":"etmportal.ui.managesites.view.Mastersap.ui.core.Icon{\"src\":{\"regex\":{\"source\":\"add\"}}}"}]}
RESULT: {"script":"<script> [1562 bytes]","args":[{"selector":{"controlType":"sap.ui.core.Icon","viewName":"etm.portal.ui.managesites.view.Master","viewId":"application-managesites-display-component---masterSite","properties":{"src":{"regex":{"source":"add"}}}},"wdio_ui5_key":"etmportal.ui.managesites.view.Mastersap.ui.core.Icon{\"src\":{\"regex\":{\"source\":\"add\"}}}"}]}
RESULT: undefined
COMMAND: POST /session/918763cbbc85c63b9bd5908a33c44274/element - {"using":"xpath","value":"//*[@id=\"__button4-img\"]"}
RESULT: {"using":"xpath","value":"//*[@id=\"__button4-img\"]"}
COMMAND: POST /session/918763cbbc85c63b9bd5908a33c44274/element/f.C58A9DC514FFE328F82A7A8F67B7EF56.d.C09E3C2E189DB152CC922BD95E8424F9.e.4312/click - {}
RESULT: {}
COMMAND: POST /session/918763cbbc85c63b9bd5908a33c44274/execute/async - {"script":"<script> [1562 bytes]","args":[{"selector":{"id":"application-managesites-display-component---NewSite--siteId","interaction":{"idSuffix":"inner"}},"wdio_ui5_key":"applicationmanagesites-display-component---NewSite--siteId"}]}
COMMAND: GET /session/918763cbbc85c63b9bd5908a33c44274/screenshot - {}
RESULT: {"script":"<script> [1562 bytes]","args":[{"selector":{"id":"application-managesites-display-component---NewSite--siteId","interaction":{"idSuffix":"inner"}},"wdio_ui5_key":"applicationmanagesites-display-component---NewSite--siteId"}]}
RESULT: undefined
COMMAND: POST /session/918763cbbc85c63b9bd5908a33c44274/execute/async - {"script":"<script> [1562 bytes]","args":[{"selector":{"id":"application-managesites-display-component---NewSite--addressDetailDetailsName1","interaction":{"idSuffix":"inner"}},"wdio_ui5_key":"applicationmanagesites-display-component---NewSite--addressDetailDetailsName1"}]}
RESULT: {}
RESULT: {"script":"<script> [1562 bytes]","args":[{"selector":{"id":"application-managesites-display-component---NewSite--addressDetailDetailsName1","interaction":{"idSuffix":"inner"}},"wdio_ui5_key":"applicationmanagesites-display-component---NewSite--addressDetailDetailsName1"}]}
RESULT: undefined
COMMAND: POST /session/918763cbbc85c63b9bd5908a33c44274/execute/async - {"script":"<script> [776 bytes]","args":[{"enterText":"Webdriver Site g6esm","selector":{"id":"application-managesites-display-component---NewSite--addressDetailDetailsName1","interaction":{"idSuffix":"inner"}},"clearTextFirst":true,"interactionType":"ENTER_TEXT"}]}
RESULT: {"script":"<script> [776 bytes]","args":[{"enterText":"Webdriver Site g6esm","selector":{"id":"application-managesites-display-component---NewSite--addressDetailDetailsName1","interaction":{"idSuffix":"inner"}},"clearTextFirst":true,"interactionType":"ENTER_TEXT"}]}
COMMAND: POST /session/918763cbbc85c63b9bd5908a33c44274/execute/async - {"script":"<script> [1562 bytes]","args":[{"selector":{"id":"application-managesites-display-component---NewSite--addressDetailDetailsLanguage","interaction":{"idSuffix":"inner"}},"wdio_ui5_key":"applicationmanagesites-display-component---NewSite--addressDetailDetailsLanguage"}]}
RESULT: {"script":"<script> [1562 bytes]","args":[{"selector":{"id":"application-managesites-display-component---NewSite--addressDetailDetailsLanguage","interaction":{"idSuffix":"inner"}},"wdio_ui5_key":"applicationmanagesites-display-component---NewSite--addressDetailDetailsLanguage"}]}
RESULT: undefined
COMMAND: POST /session/918763cbbc85c63b9bd5908a33c44274/execute/async - {"script":"<script> [776 bytes]","args":[{"enterText":"Romanian","selector":{"id":"application-managesites-display-component---NewSite--addressDetailDetailsLanguage","interaction":{"idSuffix":"inner"}},"clearTextFirst":true,"interactionType":"ENTER_TEXT"}]}
RESULT: {"script":"<script> [776 bytes]","args":[{"enterText":"Romanian","selector":{"id":"application-managesites-display-component---NewSite--addressDetailDetailsLanguage","interaction":{"idSuffix":"inner"}},"clearTextFirst":true,"interactionType":"ENTER_TEXT"}]}
COMMAND: POST /session/918763cbbc85c63b9bd5908a33c44274/execute/async - {"script":"<script> [1562 bytes]","args":[{"selector":{"id":"application-managesites-display-component---NewSite--addressDetailDetailsCity1","interaction":{"idSuffix":"inner"}},"wdio_ui5_key":"applicationmanagesites-display-component---NewSite--addressDetailDetailsCity1"}]}
RESULT: {"script":"<script> [1562 bytes]","args":[{"selector":{"id":"application-managesites-display-component---NewSite--addressDetailDetailsCity1","interaction":{"idSuffix":"inner"}},"wdio_ui5_key":"applicationmanagesites-display-component---NewSite--addressDetailDetailsCity1"}]}
RESULT: undefined
COMMAND: POST /session/918763cbbc85c63b9bd5908a33c44274/execute/async - {"script":"<script> [776 bytes]","args":[{"enterText":"Bucharest","selector":{"id":"application-managesites-display-component---NewSite--addressDetailDetailsCity1","interaction":{"idSuffix":"inner"}},"clearTextFirst":true,"interactionType":"ENTER_TEXT"}]}
RESULT: {"script":"<script> [776 bytes]","args":[{"enterText":"Bucharest","selector":{"id":"application-managesites-display-component---NewSite--addressDetailDetailsCity1","interaction":{"idSuffix":"inner"}},"clearTextFirst":true,"interactionType":"ENTER_TEXT"}]}
COMMAND: POST /session/918763cbbc85c63b9bd5908a33c44274/execute/async - {"script":"<script> [1562 bytes]","args":[{"selector":{"id":"application-managesites-display-component---NewSite--addressDetailDetailsCountry","interaction":{"idSuffix":"inner"}},"wdio_ui5_key":"applicationmanagesites-display-component---NewSite--addressDetailDetailsCountry"}]}
RESULT: {"script":"<script> [1562 bytes]","args":[{"selector":{"id":"application-managesites-display-component---NewSite--addressDetailDetailsCountry","interaction":{"idSuffix":"inner"}},"wdio_ui5_key":"applicationmanagesites-display-component---NewSite--addressDetailDetailsCountry"}]}
RESULT: undefined
COMMAND: POST /session/918763cbbc85c63b9bd5908a33c44274/execute/async - {"script":"<script> [776 bytes]","args":[{"enterText":"Romania","selector":{"id":"application-managesites-display-component---NewSite--addressDetailDetailsCountry","interaction":{"idSuffix":"inner"}},"clearTextFirst":true,"interactionType":"ENTER_TEXT"}]}
RESULT: {"script":"<script> [776 bytes]","args":[{"enterText":"Romania","selector":{"id":"application-managesites-display-component---NewSite--addressDetailDetailsCountry","interaction":{"idSuffix":"inner"}},"clearTextFirst":true,"interactionType":"ENTER_TEXT"}]}
COMMAND: POST /session/918763cbbc85c63b9bd5908a33c44274/execute/async - {"script":"<script> [1562 bytes]","args":[{"selector":{"id":"application-managesites-display-component---NewSite--addressDetailDetailsCalendar","interaction":{"idSuffix":"inner"}},"wdio_ui5_key":"applicationmanagesites-display-component---NewSite--addressDetailDetailsCalendar"}]}
RESULT: {"script":"<script> [1562 bytes]","args":[{"selector":{"id":"application-managesites-display-component---NewSite--addressDetailDetailsCalendar","interaction":{"idSuffix":"inner"}},"wdio_ui5_key":"applicationmanagesites-display-component---NewSite--addressDetailDetailsCalendar"}]}
RESULT: undefined
COMMAND: POST /session/918763cbbc85c63b9bd5908a33c44274/execute/async - {"script":"<script> [776 bytes]","args":[{"enterText":"Germany","selector":{"id":"application-managesites-display-component---NewSite--addressDetailDetailsCalendar","interaction":{"idSuffix":"inner"}},"clearTextFirst":true,"interactionType":"ENTER_TEXT"}]}
RESULT: {"script":"<script> [776 bytes]","args":[{"enterText":"Germany","selector":{"id":"application-managesites-display-component---NewSite--addressDetailDetailsCalendar","interaction":{"idSuffix":"inner"}},"clearTextFirst":true,"interactionType":"ENTER_TEXT"}]}
COMMAND: POST /session/918763cbbc85c63b9bd5908a33c44274/execute/async - {"script":"<script> [1562 bytes]","args":[{"selector":{"id":"application-managesites-display-component---NewSite--addressEditDetailsCostObjectCstType-arrow"},"wdio_ui5_key":"applicationmanagesites-display-component---NewSite--addressEditDetailsCostObjectCstType-arrow"}]}
RESULT: {"script":"<script> [1562 bytes]","args":[{"selector":{"id":"application-managesites-display-component---NewSite--addressEditDetailsCostObjectCstType-arrow"},"wdio_ui5_key":"applicationmanagesites-display-component---NewSite--addressEditDetailsCostObjectCstType-arrow"}]}
RESULT: undefined
COMMAND: POST /session/918763cbbc85c63b9bd5908a33c44274/element - {"using":"xpath","value":"//*[@id=\"application-managesites-display-component---NewSite--addressEditDetailsCostObjectCstType-arrow\"]"}
RESULT: {"using":"xpath","value":"//*[@id=\"application-managesites-display-component---NewSite--addressEditDetailsCostObjectCstType-arrow\"]"}
COMMAND: POST /session/918763cbbc85c63b9bd5908a33c44274/element/f.C58A9DC514FFE328F82A7A8F67B7EF56.d.C09E3C2E189DB152CC922BD95E8424F9.e.4707/click - {}
RESULT: {}
COMMAND: POST /session/918763cbbc85c63b9bd5908a33c44274/element - {"using":"xpath","value":"//span[contains(text(), \"Work Breakdown Structure\")]"}
COMMAND: GET /session/918763cbbc85c63b9bd5908a33c44274/screenshot - {}
RESULT: {"using":"xpath","value":"//span[contains(text(), \"Work Breakdown Structure\")]"}
COMMAND: POST /session/918763cbbc85c63b9bd5908a33c44274/element/f.C58A9DC514FFE328F82A7A8F67B7EF56.d.C09E3C2E189DB152CC922BD95E8424F9.e.4708/click - {}
RESULT: {}
RESULT: {}
COMMAND: GET /session/918763cbbc85c63b9bd5908a33c44274/screenshot - {}
RESULT: {}
COMMAND: POST /session/918763cbbc85c63b9bd5908a33c44274/execute/async - {"script":"<script> [1562 bytes]","args":[{"selector":{"id":"application-managesites-display-component---NewSite--addressNewCostObjectCstID-vhi"},"wdio_ui5_key":"applicationmanagesites-display-component---NewSite--addressNewCostObjectCstID-vhi"}]}
RESULT: {"script":"<script> [1562 bytes]","args":[{"selector":{"id":"application-managesites-display-component---NewSite--addressNewCostObjectCstID-vhi"},"wdio_ui5_key":"applicationmanagesites-display-component---NewSite--addressNewCostObjectCstID-vhi"}]}
RESULT: undefined
COMMAND: POST /session/918763cbbc85c63b9bd5908a33c44274/element - {"using":"xpath","value":"//*[@id=\"application-managesites-display-component---NewSite--addressNewCostObjectCstID-vhi\"]"}
RESULT: {"using":"xpath","value":"//*[@id=\"application-managesites-display-component---NewSite--addressNewCostObjectCstID-vhi\"]"}
COMMAND: POST /session/918763cbbc85c63b9bd5908a33c44274/element/f.C58A9DC514FFE328F82A7A8F67B7EF56.d.C09E3C2E189DB152CC922BD95E8424F9.e.4713/click - {}
RESULT: {}
COMMAND: GET /session/918763cbbc85c63b9bd5908a33c44274/screenshot - {}
RESULT: {}
COMMAND: POST /session/918763cbbc85c63b9bd5908a33c44274/execute/async - {"script":"<script> [1562 bytes]","args":[{"selector":{"controlType":"sap.m.SearchField","properties":{"placeholder":"Search"},"searchOpenDialogs":true,"interaction":{"idSuffix":"I"}},"wdio_ui5_key":"sapm.SearchField{\"placeholder\":\"Search\"}"}]}
RESULT: {"script":"<script> [1562 bytes]","args":[{"selector":{"controlType":"sap.m.SearchField","properties":{"placeholder":"Search"},"searchOpenDialogs":true,"interaction":{"idSuffix":"I"}},"wdio_ui5_key":"sapm.SearchField{\"placeholder\":\"Search\"}"}]}
RESULT: undefined
COMMAND: POST /session/918763cbbc85c63b9bd5908a33c44274/execute/async - {"script":"<script> [776 bytes]","args":[{"enterText":"A1-000100-01","selector":{"controlType":"sap.m.SearchField","properties":{"placeholder":"Search"},"searchOpenDialogs":true,"interaction":{"idSuffix":"I"}},"clearTextFirst":true,"interactionType":"ENTER_TEXT"}]}
RESULT: {"script":"<script> [776 bytes]","args":[{"enterText":"A1-000100-01","selector":{"controlType":"sap.m.SearchField","properties":{"placeholder":"Search"},"searchOpenDialogs":true,"interaction":{"idSuffix":"I"}},"clearTextFirst":true,"interactionType":"ENTER_TEXT"}]}
COMMAND: POST /session/918763cbbc85c63b9bd5908a33c44274/actions - {"actions":[{"id":"action8","type":"key","parameters":{},"actions":[{"type":"keyDown","value":"î€‡"},{"type":"pause","duration":10},{"type":"keyUp","value":"î€‡"}]}]}
RESULT: {"actions":[{"id":"action8","type":"key","parameters":{},"actions":[{"type":"keyDown","value":"î€‡"},{"type":"pause","duration":10},{"type":"keyUp","value":"î€‡"}]}]}
COMMAND: GET /session/918763cbbc85c63b9bd5908a33c44274/screenshot - {}
RESULT: {}
COMMAND: POST /session/918763cbbc85c63b9bd5908a33c44274/element - {"using":"xpath","value":"//span[contains(text(), \"Template for ETO-Process\")]"}
RESULT: {"using":"xpath","value":"//span[contains(text(), \"Template for ETO-Process\")]"}
COMMAND: POST /session/918763cbbc85c63b9bd5908a33c44274/element/f.C58A9DC514FFE328F82A7A8F67B7EF56.d.C09E3C2E189DB152CC922BD95E8424F9.e.4732/click - {}
RESULT: {}
COMMAND: GET /session/918763cbbc85c63b9bd5908a33c44274/screenshot - {}
RESULT: {}
COMMAND: POST /session/918763cbbc85c63b9bd5908a33c44274/element - {"using":"xpath","value":"//bdi[contains(text(), \"OK\")]"}
RESULT: {"using":"xpath","value":"//bdi[contains(text(), \"OK\")]"}
COMMAND: POST /session/918763cbbc85c63b9bd5908a33c44274/element/f.C58A9DC514FFE328F82A7A8F67B7EF56.d.C09E3C2E189DB152CC922BD95E8424F9.e.4733/click - {}
RESULT: {}
COMMAND: GET /session/918763cbbc85c63b9bd5908a33c44274/screenshot - {}
RESULT: {}
COMMAND: POST /session/918763cbbc85c63b9bd5908a33c44274/element - {"using":"xpath","value":"//input[@id=\"application-managesites-display-component---NewSite--addressDetailDetailsYard-inner\"]"}
RESULT: {"using":"xpath","value":"//input[@id=\"application-managesites-display-component---NewSite--addressDetailDetailsYard-inner\"]"}
COMMAND: POST /session/918763cbbc85c63b9bd5908a33c44274/element/f.C58A9DC514FFE328F82A7A8F67B7EF56.d.C09E3C2E189DB152CC922BD95E8424F9.e.4551/value - {"text":"656"}
RESULT: {"text":"656"}
COMMAND: GET /session/918763cbbc85c63b9bd5908a33c44274/screenshot - {}
RESULT: {}
COMMAND: POST /session/918763cbbc85c63b9bd5908a33c44274/actions - {"actions":[{"id":"action9","type":"key","parameters":{},"actions":[{"type":"keyDown","value":"î€‡"},{"type":"pause","duration":10},{"type":"keyUp","value":"î€‡"}]}]}
RESULT: {"actions":[{"id":"action9","type":"key","parameters":{},"actions":[{"type":"keyDown","value":"î€‡"},{"type":"pause","duration":10},{"type":"keyUp","value":"î€‡"}]}]}
COMMAND: GET /session/918763cbbc85c63b9bd5908a33c44274/screenshot - {}
RESULT: {}
COMMAND: POST /session/918763cbbc85c63b9bd5908a33c44274/element - {"using":"xpath","value":"//input[@id=\"application-managesites-display-component---NewSite--addressDetailDetailsPartner-inner\"]"}
RESULT: {"using":"xpath","value":"//input[@id=\"application-managesites-display-component---NewSite--addressDetailDetailsPartner-inner\"]"}
COMMAND: POST /session/918763cbbc85c63b9bd5908a33c44274/elements - {"using":"xpath","value":"//input[@id=\"application-managesites-display-component---NewSite--addressDetailDetailsPartner-inner\"]"}
RESULT: {"using":"xpath","value":"//input[@id=\"application-managesites-display-component---NewSite--addressDetailDetailsPartner-inner\"]"}
COMMAND: POST /session/918763cbbc85c63b9bd5908a33c44274/execute/async - {"script":"<script> [1562 bytes]","args":[{"selector":{"controlType":"sap.m.Button","viewName":"etm.portal.ui.managesites.view.NewSmartSite","viewId":"application-managesites-display-component---NewSite","properties":{"text":"Commercial"},"interaction":{"idSuffix":"BDI-content"}},"wdio_ui5_key":"etmportal.ui.managesites.view.NewSmartSitesap.m.Button{\"text\":\"Commercial\"}"}]}
RESULT: {"script":"<script> [1562 bytes]","args":[{"selector":{"controlType":"sap.m.Button","viewName":"etm.portal.ui.managesites.view.NewSmartSite","viewId":"application-managesites-display-component---NewSite","properties":{"text":"Commercial"},"interaction":{"idSuffix":"BDI-content"}},"wdio_ui5_key":"etmportal.ui.managesites.view.NewSmartSitesap.m.Button{\"text\":\"Commercial\"}"}]}
RESULT: undefined
COMMAND: POST /session/918763cbbc85c63b9bd5908a33c44274/element - {"using":"xpath","value":"//*[@id=\"application-managesites-display-component---NewSite--ObjectPageLayout-anchBar-__section5-anchor\"]"}
RESULT: {"using":"xpath","value":"//*[@id=\"application-managesites-display-component---NewSite--ObjectPageLayout-anchBar-__section5-anchor\"]"}
COMMAND: POST /session/918763cbbc85c63b9bd5908a33c44274/element/f.C58A9DC514FFE328F82A7A8F67B7EF56.d.C09E3C2E189DB152CC922BD95E8424F9.e.4740/click - {}
RESULT: {}
COMMAND: POST /session/918763cbbc85c63b9bd5908a33c44274/execute/async - {"script":"<script> [1562 bytes]","args":[{"selector":{"controlType":"sap.m.Button","viewName":"etm.portal.ui.managesites.view.NewSmartSite","viewId":"application-managesites-display-component---NewSite","i18NText":{"propertyName":"text","key":"save"},"interaction":{"idSuffix":"BDI-content"}},"wdio_ui5_key":"etmportal.ui.managesites.view.NewSmartSitesap.m.Button{\"propertyName\":\"text\",\"key\":\"save\"}"}]}
COMMAND: GET /session/918763cbbc85c63b9bd5908a33c44274/screenshot - {}
RESULT: {"script":"<script> [1562 bytes]","args":[{"selector":{"controlType":"sap.m.Button","viewName":"etm.portal.ui.managesites.view.NewSmartSite","viewId":"application-managesites-display-component---NewSite","i18NText":{"propertyName":"text","key":"save"},"interaction":{"idSuffix":"BDI-content"}},"wdio_ui5_key":"etmportal.ui.managesites.view.NewSmartSitesap.m.Button{\"propertyName\":\"text\",\"key\":\"save\"}"}]}
RESULT: undefined
COMMAND: POST /session/918763cbbc85c63b9bd5908a33c44274/element - {"using":"xpath","value":"//*[@id=\"__button16\"]"}
RESULT: {}
RESULT: {"using":"xpath","value":"//*[@id=\"__button16\"]"}
COMMAND: POST /session/918763cbbc85c63b9bd5908a33c44274/element/f.C58A9DC514FFE328F82A7A8F67B7EF56.d.C09E3C2E189DB152CC922BD95E8424F9.e.4694/click - {}
RESULT: {}
COMMAND: GET /session/918763cbbc85c63b9bd5908a33c44274/screenshot - {}
COMMAND: POST /session/918763cbbc85c63b9bd5908a33c44274/execute/async - {"script":"<script> [1562 bytes]","args":[{"selector":{"id":"application-managesites-display-component---detailSite--addressDetailDetailsYardText"},"wdio_ui5_key":"applicationmanagesites-display-component---detailSite--addressDetailDetailsYardText"}]}
RESULT: {}
RESULT: {"script":"<script> [1562 bytes]","args":[{"selector":{"id":"application-managesites-display-component---detailSite--addressDetailDetailsYardText"},"wdio_ui5_key":"applicationmanagesites-display-component---detailSite--addressDetailDetailsYardText"}]}
RESULT: undefined
COMMAND: POST /session/918763cbbc85c63b9bd5908a33c44274/element - {"using":"xpath","value":"//header/div/div[2]/div[2]/span"}
RESULT: {"using":"xpath","value":"//header/div/div[2]/div[2]/span"}
COMMAND: GET /session/918763cbbc85c63b9bd5908a33c44274/element/f.C58A9DC514FFE328F82A7A8F67B7EF56.d.C09E3C2E189DB152CC922BD95E8424F9.e.4949/text - {}
RESULT: {}
COMMAND: POST /session/918763cbbc85c63b9bd5908a33c44274/execute/async - {"script":"<script> [1562 bytes]","args":[{"selector":{"controlType":"sap.m.Label","viewName":"etm.portal.ui.managesites.view.Detail","viewId":"application-managesites-display-component---detailSite","i18NText":{"propertyName":"text","key":"status"}},"wdio_ui5_key":"etmportal.ui.managesites.view.Detailsap.m.Label{\"propertyName\":\"text\",\"key\":\"status\"}"}]}
RESULT: {"script":"<script> [1562 bytes]","args":[{"selector":{"controlType":"sap.m.Label","viewName":"etm.portal.ui.managesites.view.Detail","viewId":"application-managesites-display-component---detailSite","i18NText":{"propertyName":"text","key":"status"}},"wdio_ui5_key":"etmportal.ui.managesites.view.Detailsap.m.Label{\"propertyName\":\"text\",\"key\":\"status\"}"}]}
RESULT: undefined
COMMAND: POST /session/918763cbbc85c63b9bd5908a33c44274/execute/async - {"script":"<script> [6424 bytes]","args":[{"element-6066-11e4-a52e-4f735466cecf":"f.C58A9DC514FFE328F82A7A8F67B7EF56.d.C09E3C2E189DB152CC922BD95E8424F9.e.4938"},"getText",[]]}
RESULT: {"script":"<script> [6424 bytes]","args":[{"element-6066-11e4-a52e-4f735466cecf":"f.C58A9DC514FFE328F82A7A8F67B7EF56.d.C09E3C2E189DB152CC922BD95E8424F9.e.4938"},"getText",[]]}
]]></system-out>
    </testcase>
    <testcase classname="chrome.135_0_7049_115.windows.Create_2_sites_US118246" name="Should create WHM site" time="63.497">
      <system-out><![CDATA[
RESULT: undefined
COMMAND: POST /session/918763cbbc85c63b9bd5908a33c44274/element - {"using":"xpath","value":"//*[@id=\"__button4-img\"]"}
RESULT: {"using":"xpath","value":"//*[@id=\"__button4-img\"]"}
COMMAND: POST /session/918763cbbc85c63b9bd5908a33c44274/element/f.C58A9DC514FFE328F82A7A8F67B7EF56.d.C09E3C2E189DB152CC922BD95E8424F9.e.4950/click - {}
RESULT: {}
COMMAND: GET /session/918763cbbc85c63b9bd5908a33c44274/screenshot - {}
RESULT: {}
RESULT: undefined
COMMAND: POST /session/918763cbbc85c63b9bd5908a33c44274/execute/async - {"script":"<script> [1562 bytes]","args":[{"selector":{"controlType":"sap.m.Button","viewName":"etm.portal.ui.managesites.view.NewSmartSite","viewId":"application-managesites-display-component---NewSite","properties":{"text":"General Information"},"interaction":{"idSuffix":"BDI-content"}},"wdio_ui5_key":"etmportal.ui.managesites.view.NewSmartSitesap.m.Button{\"text\":\"General Information\"}"}]}
RESULT: {"script":"<script> [1562 bytes]","args":[{"selector":{"controlType":"sap.m.Button","viewName":"etm.portal.ui.managesites.view.NewSmartSite","viewId":"application-managesites-display-component---NewSite","properties":{"text":"General Information"},"interaction":{"idSuffix":"BDI-content"}},"wdio_ui5_key":"etmportal.ui.managesites.view.NewSmartSitesap.m.Button{\"text\":\"General Information\"}"}]}
RESULT: undefined
COMMAND: POST /session/918763cbbc85c63b9bd5908a33c44274/element - {"using":"xpath","value":"//*[@id=\"application-managesites-display-component---NewSite--ObjectPageLayout-anchBar-__section3-anchor\"]"}
RESULT: {"using":"xpath","value":"//*[@id=\"application-managesites-display-component---NewSite--ObjectPageLayout-anchBar-__section3-anchor\"]"}
COMMAND: POST /session/918763cbbc85c63b9bd5908a33c44274/element/f.C58A9DC514FFE328F82A7A8F67B7EF56.d.C09E3C2E189DB152CC922BD95E8424F9.e.5130/click - {}
RESULT: {}
RESULT: undefined
COMMAND: POST /session/918763cbbc85c63b9bd5908a33c44274/execute/async - {"script":"<script> [776 bytes]","args":[{"enterText":"Webdriver WHM Site 5wi8v","selector":{"id":"application-managesites-display-component---NewSite--addressDetailDetailsName1","interaction":{"idSuffix":"inner"}},"clearTextFirst":true,"interactionType":"ENTER_TEXT"}]}
COMMAND: GET /session/918763cbbc85c63b9bd5908a33c44274/screenshot - {}
RESULT: {"script":"<script> [776 bytes]","args":[{"enterText":"Webdriver WHM Site 5wi8v","selector":{"id":"application-managesites-display-component---NewSite--addressDetailDetailsName1","interaction":{"idSuffix":"inner"}},"clearTextFirst":true,"interactionType":"ENTER_TEXT"}]}
RESULT: {}
RESULT: undefined
COMMAND: POST /session/918763cbbc85c63b9bd5908a33c44274/execute/async - {"script":"<script> [776 bytes]","args":[{"enterText":"Romanian","selector":{"id":"application-managesites-display-component---NewSite--addressDetailDetailsLanguage","interaction":{"idSuffix":"inner"}},"clearTextFirst":true,"interactionType":"ENTER_TEXT"}]}
RESULT: {"script":"<script> [776 bytes]","args":[{"enterText":"Romanian","selector":{"id":"application-managesites-display-component---NewSite--addressDetailDetailsLanguage","interaction":{"idSuffix":"inner"}},"clearTextFirst":true,"interactionType":"ENTER_TEXT"}]}
COMMAND: POST /session/918763cbbc85c63b9bd5908a33c44274/actions - {"actions":[{"id":"action10","type":"key","parameters":{},"actions":[{"type":"keyDown","value":"î€‡"},{"type":"pause","duration":10},{"type":"keyUp","value":"î€‡"}]}]}
RESULT: {"actions":[{"id":"action10","type":"key","parameters":{},"actions":[{"type":"keyDown","value":"î€‡"},{"type":"pause","duration":10},{"type":"keyUp","value":"î€‡"}]}]}
RESULT: undefined
COMMAND: POST /session/918763cbbc85c63b9bd5908a33c44274/execute/async - {"script":"<script> [776 bytes]","args":[{"enterText":"Bucharest","selector":{"id":"application-managesites-display-component---NewSite--addressDetailDetailsCity1","interaction":{"idSuffix":"inner"}},"clearTextFirst":true,"interactionType":"ENTER_TEXT"}]}
COMMAND: GET /session/918763cbbc85c63b9bd5908a33c44274/screenshot - {}
RESULT: {"script":"<script> [776 bytes]","args":[{"enterText":"Bucharest","selector":{"id":"application-managesites-display-component---NewSite--addressDetailDetailsCity1","interaction":{"idSuffix":"inner"}},"clearTextFirst":true,"interactionType":"ENTER_TEXT"}]}
RESULT: {}
COMMAND: POST /session/918763cbbc85c63b9bd5908a33c44274/actions - {"actions":[{"id":"action11","type":"key","parameters":{},"actions":[{"type":"keyDown","value":"î€‡"},{"type":"pause","duration":10},{"type":"keyUp","value":"î€‡"}]}]}
RESULT: {"actions":[{"id":"action11","type":"key","parameters":{},"actions":[{"type":"keyDown","value":"î€‡"},{"type":"pause","duration":10},{"type":"keyUp","value":"î€‡"}]}]}
RESULT: undefined
COMMAND: POST /session/918763cbbc85c63b9bd5908a33c44274/execute/async - {"script":"<script> [6424 bytes]","args":[{"element-6066-11e4-a52e-4f735466cecf":"f.C58A9DC514FFE328F82A7A8F67B7EF56.d.C09E3C2E189DB152CC922BD95E8424F9.e.4540"},"setValue",["Romania"]]}
COMMAND: GET /session/918763cbbc85c63b9bd5908a33c44274/screenshot - {}
COMMAND: POST /session/918763cbbc85c63b9bd5908a33c44274/execute/async - {"script":"<script> [1562 bytes]","args":[{"selector":{"id":"application-managesites-display-component---NewSite--addressDetailDetailsCountry","interaction":{"idSuffix":"inner"}},"wdio_ui5_key":"applicationmanagesites-display-component---NewSite--addressDetailDetailsCountry"}]}
RESULT: {}
RESULT: {"script":"<script> [1562 bytes]","args":[{"selector":{"id":"application-managesites-display-component---NewSite--addressDetailDetailsCountry","interaction":{"idSuffix":"inner"}},"wdio_ui5_key":"applicationmanagesites-display-component---NewSite--addressDetailDetailsCountry"}]}
COMMAND: POST /session/918763cbbc85c63b9bd5908a33c44274/execute/async - {"script":"<script> [6424 bytes]","args":[{"element-6066-11e4-a52e-4f735466cecf":"f.C58A9DC514FFE328F82A7A8F67B7EF56.d.C09E3C2E189DB152CC922BD95E8424F9.e.5004"},"setValue",["Romania"]]}
RESULT: {"script":"<script> [6424 bytes]","args":[{"element-6066-11e4-a52e-4f735466cecf":"f.C58A9DC514FFE328F82A7A8F67B7EF56.d.C09E3C2E189DB152CC922BD95E8424F9.e.5004"},"setValue",["Romania"]]}
COMMAND: POST /session/918763cbbc85c63b9bd5908a33c44274/actions - {"actions":[{"id":"action12","type":"key","parameters":{},"actions":[{"type":"keyDown","value":"î€‡"},{"type":"pause","duration":10},{"type":"keyUp","value":"î€‡"}]}]}
RESULT: {"actions":[{"id":"action12","type":"key","parameters":{},"actions":[{"type":"keyDown","value":"î€‡"},{"type":"pause","duration":10},{"type":"keyUp","value":"î€‡"}]}]}
RESULT: undefined
COMMAND: POST /session/918763cbbc85c63b9bd5908a33c44274/execute/async - {"script":"<script> [776 bytes]","args":[{"enterText":"Germany","selector":{"id":"application-managesites-display-component---NewSite--addressDetailDetailsCalendar","interaction":{"idSuffix":"inner"}},"clearTextFirst":true,"interactionType":"ENTER_TEXT"}]}
COMMAND: GET /session/918763cbbc85c63b9bd5908a33c44274/screenshot - {}
RESULT: {"script":"<script> [776 bytes]","args":[{"enterText":"Germany","selector":{"id":"application-managesites-display-component---NewSite--addressDetailDetailsCalendar","interaction":{"idSuffix":"inner"}},"clearTextFirst":true,"interactionType":"ENTER_TEXT"}]}
RESULT: {}
COMMAND: POST /session/918763cbbc85c63b9bd5908a33c44274/actions - {"actions":[{"id":"action13","type":"key","parameters":{},"actions":[{"type":"keyDown","value":"î€‡"},{"type":"pause","duration":10},{"type":"keyUp","value":"î€‡"}]}]}
RESULT: {"actions":[{"id":"action13","type":"key","parameters":{},"actions":[{"type":"keyDown","value":"î€‡"},{"type":"pause","duration":10},{"type":"keyUp","value":"î€‡"}]}]}
COMMAND: POST /session/918763cbbc85c63b9bd5908a33c44274/execute/async - {"script":"<script> [1562 bytes]","args":[{"selector":{"id":"application-managesites-display-component---NewSite--addressEditDetailsCostObjectCstType","interaction":{"idSuffix":"inner"}},"wdio_ui5_key":"applicationmanagesites-display-component---NewSite--addressEditDetailsCostObjectCstType"}]}
COMMAND: GET /session/918763cbbc85c63b9bd5908a33c44274/screenshot - {}
RESULT: {"script":"<script> [1562 bytes]","args":[{"selector":{"id":"application-managesites-display-component---NewSite--addressEditDetailsCostObjectCstType","interaction":{"idSuffix":"inner"}},"wdio_ui5_key":"applicationmanagesites-display-component---NewSite--addressEditDetailsCostObjectCstType"}]}
RESULT: undefined
COMMAND: POST /session/918763cbbc85c63b9bd5908a33c44274/execute/async - {"script":"<script> [776 bytes]","args":[{"enterText":"Cost","selector":{"id":"application-managesites-display-component---NewSite--addressEditDetailsCostObjectCstType","interaction":{"idSuffix":"inner"}},"clearTextFirst":true,"interactionType":"ENTER_TEXT"}]}
RESULT: {}
RESULT: {"script":"<script> [776 bytes]","args":[{"enterText":"Cost","selector":{"id":"application-managesites-display-component---NewSite--addressEditDetailsCostObjectCstType","interaction":{"idSuffix":"inner"}},"clearTextFirst":true,"interactionType":"ENTER_TEXT"}]}
COMMAND: POST /session/918763cbbc85c63b9bd5908a33c44274/actions - {"actions":[{"id":"action14","type":"key","parameters":{},"actions":[{"type":"keyDown","value":"î€‡"},{"type":"pause","duration":10},{"type":"keyUp","value":"î€‡"}]}]}
RESULT: {"actions":[{"id":"action14","type":"key","parameters":{},"actions":[{"type":"keyDown","value":"î€‡"},{"type":"pause","duration":10},{"type":"keyUp","value":"î€‡"}]}]}
COMMAND: POST /session/918763cbbc85c63b9bd5908a33c44274/execute/async - {"script":"<script> [1562 bytes]","args":[{"selector":{"id":"application-managesites-display-component---NewSite--addressNewCostObjectCstID","interaction":{"idSuffix":"inner"}},"wdio_ui5_key":"applicationmanagesites-display-component---NewSite--addressNewCostObjectCstID"}]}
COMMAND: GET /session/918763cbbc85c63b9bd5908a33c44274/screenshot - {}
RESULT: {"script":"<script> [1562 bytes]","args":[{"selector":{"id":"application-managesites-display-component---NewSite--addressNewCostObjectCstID","interaction":{"idSuffix":"inner"}},"wdio_ui5_key":"applicationmanagesites-display-component---NewSite--addressNewCostObjectCstID"}]}
RESULT: undefined
COMMAND: POST /session/918763cbbc85c63b9bd5908a33c44274/execute/async - {"script":"<script> [776 bytes]","args":[{"enterText":"1001","selector":{"id":"application-managesites-display-component---NewSite--addressNewCostObjectCstID","interaction":{"idSuffix":"inner"}},"clearTextFirst":true,"interactionType":"ENTER_TEXT"}]}
RESULT: {}
RESULT: {"script":"<script> [776 bytes]","args":[{"enterText":"1001","selector":{"id":"application-managesites-display-component---NewSite--addressNewCostObjectCstID","interaction":{"idSuffix":"inner"}},"clearTextFirst":true,"interactionType":"ENTER_TEXT"}]}
COMMAND: POST /session/918763cbbc85c63b9bd5908a33c44274/actions - {"actions":[{"id":"action15","type":"key","parameters":{},"actions":[{"type":"keyDown","value":"î€‡"},{"type":"pause","duration":10},{"type":"keyUp","value":"î€‡"}]}]}
RESULT: {"actions":[{"id":"action15","type":"key","parameters":{},"actions":[{"type":"keyDown","value":"î€‡"},{"type":"pause","duration":10},{"type":"keyUp","value":"î€‡"}]}]}
COMMAND: POST /session/918763cbbc85c63b9bd5908a33c44274/element - {"using":"xpath","value":"//input[@id=\"application-managesites-display-component---NewSite--addressDetailDetailsYard-inner\"]"}
COMMAND: GET /session/918763cbbc85c63b9bd5908a33c44274/screenshot - {}
RESULT: {"using":"xpath","value":"//input[@id=\"application-managesites-display-component---NewSite--addressDetailDetailsYard-inner\"]"}
COMMAND: POST /session/918763cbbc85c63b9bd5908a33c44274/element/f.C58A9DC514FFE328F82A7A8F67B7EF56.d.C09E3C2E189DB152CC922BD95E8424F9.e.5015/value - {"text":"657"}
RESULT: {}
RESULT: {"text":"657"}
COMMAND: GET /session/918763cbbc85c63b9bd5908a33c44274/screenshot - {}
RESULT: {}
COMMAND: POST /session/918763cbbc85c63b9bd5908a33c44274/actions - {"actions":[{"id":"action16","type":"key","parameters":{},"actions":[{"type":"keyDown","value":"î€‡"},{"type":"pause","duration":10},{"type":"keyUp","value":"î€‡"}]}]}
RESULT: {"actions":[{"id":"action16","type":"key","parameters":{},"actions":[{"type":"keyDown","value":"î€‡"},{"type":"pause","duration":10},{"type":"keyUp","value":"î€‡"}]}]}
COMMAND: GET /session/918763cbbc85c63b9bd5908a33c44274/screenshot - {}
RESULT: {}
COMMAND: POST /session/918763cbbc85c63b9bd5908a33c44274/element - {"using":"xpath","value":"//input[@id=\"application-managesites-display-component---NewSite--addressDetailDetailsPartner-inner\"]"}
RESULT: {"using":"xpath","value":"//input[@id=\"application-managesites-display-component---NewSite--addressDetailDetailsPartner-inner\"]"}
COMMAND: POST /session/918763cbbc85c63b9bd5908a33c44274/elements - {"using":"xpath","value":"//input[@id=\"application-managesites-display-component---NewSite--addressDetailDetailsPartner-inner\"]"}
RESULT: {"using":"xpath","value":"//input[@id=\"application-managesites-display-component---NewSite--addressDetailDetailsPartner-inner\"]"}
RESULT: undefined
COMMAND: POST /session/918763cbbc85c63b9bd5908a33c44274/element - {"using":"xpath","value":"//*[@id=\"application-managesites-display-component---NewSite--ObjectPageLayout-anchBar-__section5-anchor\"]"}
RESULT: {"using":"xpath","value":"//*[@id=\"application-managesites-display-component---NewSite--ObjectPageLayout-anchBar-__section5-anchor\"]"}
COMMAND: POST /session/918763cbbc85c63b9bd5908a33c44274/element/f.C58A9DC514FFE328F82A7A8F67B7EF56.d.C09E3C2E189DB152CC922BD95E8424F9.e.5137/click - {}
RESULT: {}
COMMAND: POST /session/918763cbbc85c63b9bd5908a33c44274/execute/async - {"script":"<script> [1562 bytes]","args":[{"selector":{"id":"application-managesites-display-component---NewSite--siteWhmCheckBox-label","interaction":{"idSuffix":"bdi"}},"wdio_ui5_key":"applicationmanagesites-display-component---NewSite--siteWhmCheckBox-label"}]}
COMMAND: GET /session/918763cbbc85c63b9bd5908a33c44274/screenshot - {}
RESULT: {"script":"<script> [1562 bytes]","args":[{"selector":{"id":"application-managesites-display-component---NewSite--siteWhmCheckBox-label","interaction":{"idSuffix":"bdi"}},"wdio_ui5_key":"applicationmanagesites-display-component---NewSite--siteWhmCheckBox-label"}]}
RESULT: undefined
COMMAND: POST /session/918763cbbc85c63b9bd5908a33c44274/element - {"using":"xpath","value":"//*[@id=\"application-managesites-display-component---NewSite--siteWhmCheckBox-label\"]"}
RESULT: {}
RESULT: {"using":"xpath","value":"//*[@id=\"application-managesites-display-component---NewSite--siteWhmCheckBox-label\"]"}
COMMAND: POST /session/918763cbbc85c63b9bd5908a33c44274/element/f.C58A9DC514FFE328F82A7A8F67B7EF56.d.C09E3C2E189DB152CC922BD95E8424F9.e.5140/click - {}
RESULT: {}
RESULT: undefined
COMMAND: POST /session/918763cbbc85c63b9bd5908a33c44274/element - {"using":"xpath","value":"//*[@id=\"__button16\"]"}
COMMAND: GET /session/918763cbbc85c63b9bd5908a33c44274/screenshot - {}
RESULT: {"using":"xpath","value":"//*[@id=\"__button16\"]"}
COMMAND: POST /session/918763cbbc85c63b9bd5908a33c44274/element/f.C58A9DC514FFE328F82A7A8F67B7EF56.d.C09E3C2E189DB152CC922BD95E8424F9.e.5141/click - {}
RESULT: {}
RESULT: {}
COMMAND: GET /session/918763cbbc85c63b9bd5908a33c44274/screenshot - {}
RESULT: {}
COMMAND: POST /session/918763cbbc85c63b9bd5908a33c44274/element - {"using":"xpath","value":"//header/div/div[2]/div[2]/span"}
RESULT: {"using":"xpath","value":"//header/div/div[2]/div[2]/span"}
COMMAND: GET /session/918763cbbc85c63b9bd5908a33c44274/element/f.C58A9DC514FFE328F82A7A8F67B7EF56.d.C09E3C2E189DB152CC922BD95E8424F9.e.5337/text - {}
RESULT: {}
RESULT: undefined
RESULT: undefined
COMMAND: POST /session/918763cbbc85c63b9bd5908a33c44274/execute/async - {"script":"<script> [6424 bytes]","args":[{"element-6066-11e4-a52e-4f735466cecf":"f.C58A9DC514FFE328F82A7A8F67B7EF56.d.C09E3C2E189DB152CC922BD95E8424F9.e.4938"},"getText",[]]}
COMMAND: POST /session/918763cbbc85c63b9bd5908a33c44274/execute/async - {"script":"<script> [1562 bytes]","args":[{"selector":{"controlType":"sap.m.Label","viewName":"etm.portal.ui.managesites.view.Detail","viewId":"application-managesites-display-component---detailSite","i18NText":{"propertyName":"text","key":"status"}},"wdio_ui5_key":"etmportal.ui.managesites.view.Detailsap.m.Label{\"propertyName\":\"text\",\"key\":\"status\"}"}]}
RESULT: {"script":"<script> [1562 bytes]","args":[{"selector":{"controlType":"sap.m.Label","viewName":"etm.portal.ui.managesites.view.Detail","viewId":"application-managesites-display-component---detailSite","i18NText":{"propertyName":"text","key":"status"}},"wdio_ui5_key":"etmportal.ui.managesites.view.Detailsap.m.Label{\"propertyName\":\"text\",\"key\":\"status\"}"}]}
COMMAND: POST /session/918763cbbc85c63b9bd5908a33c44274/execute/async - {"script":"<script> [6424 bytes]","args":[{"element-6066-11e4-a52e-4f735466cecf":"f.C58A9DC514FFE328F82A7A8F67B7EF56.d.C09E3C2E189DB152CC922BD95E8424F9.e.5329"},"getText",[]]}
RESULT: {"script":"<script> [6424 bytes]","args":[{"element-6066-11e4-a52e-4f735466cecf":"f.C58A9DC514FFE328F82A7A8F67B7EF56.d.C09E3C2E189DB152CC922BD95E8424F9.e.5329"},"getText",[]]}
COMMAND: POST /session/918763cbbc85c63b9bd5908a33c44274/execute/async - {"script":"<script> [1562 bytes]","args":[{"selector":{"id":"shell-header","interaction":{"idSuffix":"icon"}},"wdio_ui5_key":"shellheader"}]}
RESULT: {"script":"<script> [1562 bytes]","args":[{"selector":{"id":"shell-header","interaction":{"idSuffix":"icon"}},"wdio_ui5_key":"shellheader"}]}
RESULT: undefined
COMMAND: POST /session/918763cbbc85c63b9bd5908a33c44274/element - {"using":"xpath","value":"//*[@id=\"shell-header\"]"}
RESULT: {"using":"xpath","value":"//*[@id=\"shell-header\"]"}
COMMAND: POST /session/918763cbbc85c63b9bd5908a33c44274/element/f.C58A9DC514FFE328F82A7A8F67B7EF56.d.C09E3C2E189DB152CC922BD95E8424F9.e.5341/click - {}
RESULT: {}
COMMAND: POST /session/918763cbbc85c63b9bd5908a33c44274/refresh - {}
COMMAND: GET /session/918763cbbc85c63b9bd5908a33c44274/screenshot - {}
RESULT: {}
COMMAND: GET /session/918763cbbc85c63b9bd5908a33c44274/screenshot - {}
RESULT: {}
RESULT: {}
COMMAND: POST /session/918763cbbc85c63b9bd5908a33c44274/refresh - {}
RESULT: {}
COMMAND: GET /session/918763cbbc85c63b9bd5908a33c44274/screenshot - {}
RESULT: {}
COMMAND: POST /session/918763cbbc85c63b9bd5908a33c44274/window/fullscreen - {}
RESULT: {}
COMMAND: POST /session/918763cbbc85c63b9bd5908a33c44274/execute/async - {"script":"<script> [189 bytes]","args":[]}
RESULT: {"script":"<script> [189 bytes]","args":[]}
COMMAND: POST /session/918763cbbc85c63b9bd5908a33c44274/execute/async - {"script":"<script> [123 bytes]","args":[]}
RESULT: {"script":"<script> [123 bytes]","args":[]}
COMMAND: POST /session/918763cbbc85c63b9bd5908a33c44274/timeouts - {"script":"<number>"}
RESULT: {"script":"<number>"}
COMMAND: GET /session/918763cbbc85c63b9bd5908a33c44274/timeouts - {}
RESULT: {}
RESULT: undefined
COMMAND: POST /session/918763cbbc85c63b9bd5908a33c44274/execute/async - {"script":"<script> [2676 bytes]","args":[]}
RESULT: {"script":"<script> [2676 bytes]","args":[]}
COMMAND: POST /session/918763cbbc85c63b9bd5908a33c44274/execute/async - {"script":"<script> [2342 bytes]","args":[{"protocol":"http","hostname":"0.0.0.0","path":"/","capabilities":{"browserName":"chrome","goog:chromeOptions":{"binary":"C:\\Program Files\\Google\\Chrome\\Application\\chrome.exe","args":["--start-maximized"]}},"logLevel":"warn","connectionRetryTimeout":120000,"connectionRetryCount":3,"logLevels":{},"enableDirectConnect":true,"strictSSL":true,"_":"65 more keys: [\"cacheDir\",\"port\",\"requestedCapabilities\",\"automationProtocol\",\"baseUrl\",\"waitforInterval\",\"waitforTimeout\",\"onReload\",\"beforeCommand\",\"afterCommand\",\"rootDir\",\"specs\",\"suites\",\"exclude\",\"groupLogsByTestSpec\",\"excludeDriverLogs\",\"bail\",\"framework\",\"reporters\",\"services\",\"maxInstances\",\"maxInstancesPerCapability\",\"injectGlobals\",\"filesToWatch\",\"execArgv\",\"runnerEnv\",\"runner\",\"shard\",\"specFileRetries\",\"specFileRetriesDelay\",\"specFileRetriesDeferred\",\"reporterSyncInterval\",\"reporterSyncTimeout\",\"cucumberFeaturesWithLineNumbers\",\"autoCompileOpts\",\"mochaOpts\",\"jasmineOpts\",\"cucumberOpts\",\"onPrepare\",\"onWorkerStart\",\"onWorkerEnd\",\"before\",\"beforeSession\",\"beforeSuite\",\"beforeHook\",\"beforeTest\",\"afterTest\",\"afterHook\",\"afterSuite\",\"afterSession\",\"after\",\"onComplete\",\"beforeAssertion\",\"afterAssertion\",\"beforeFeature\",\"beforeScenario\",\"beforeStep\",\"afterStep\",\"afterScenario\",\"afterFeature\",\"_\",\"suite\",\"$0\",\"ignoredWorkerServices\",\"wdi5\"]"}]}
RESULT: {"script":"<script> [2342 bytes]","args":[{"protocol":"http","hostname":"0.0.0.0","path":"/","capabilities":{"browserName":"chrome","goog:chromeOptions":{"binary":"C:\\Program Files\\Google\\Chrome\\Application\\chrome.exe","args":["--start-maximized"]}},"logLevel":"warn","connectionRetryTimeout":120000,"connectionRetryCount":3,"logLevels":{},"enableDirectConnect":true,"strictSSL":true,"_":"65 more keys: [\"cacheDir\",\"port\",\"requestedCapabilities\",\"automationProtocol\",\"baseUrl\",\"waitforInterval\",\"waitforTimeout\",\"onReload\",\"beforeCommand\",\"afterCommand\",\"rootDir\",\"specs\",\"suites\",\"exclude\",\"groupLogsByTestSpec\",\"excludeDriverLogs\",\"bail\",\"framework\",\"reporters\",\"services\",\"maxInstances\",\"maxInstancesPerCapability\",\"injectGlobals\",\"filesToWatch\",\"execArgv\",\"runnerEnv\",\"runner\",\"shard\",\"specFileRetries\",\"specFileRetriesDelay\",\"specFileRetriesDeferred\",\"reporterSyncInterval\",\"reporterSyncTimeout\",\"cucumberFeaturesWithLineNumbers\",\"autoCompileOpts\",\"mochaOpts\",\"jasmineOpts\",\"cucumberOpts\",\"onPrepare\",\"onWorkerStart\",\"onWorkerEnd\",\"before\",\"beforeSession\",\"beforeSuite\",\"beforeHook\",\"beforeTest\",\"afterTest\",\"afterHook\",\"afterSuite\",\"afterSession\",\"after\",\"onComplete\",\"beforeAssertion\",\"afterAssertion\",\"beforeFeature\",\"beforeScenario\",\"beforeStep\",\"afterStep\",\"afterScenario\",\"afterFeature\",\"_\",\"suite\",\"$0\",\"ignoredWorkerServices\",\"wdi5\"]"}]}
COMMAND: POST /session/918763cbbc85c63b9bd5908a33c44274/execute/async - {"script":"<script> [21126 bytes]","args":[35000]}
RESULT: {"script":"<script> [21126 bytes]","args":[35000]}
COMMAND: POST /session/918763cbbc85c63b9bd5908a33c44274/element - {"using":"css selector","value":"#j_username"}
COMMAND: POST /session/918763cbbc85c63b9bd5908a33c44274/url - {"url":"https://qa-testing-00-live-etm-ui.cfapps.eu10-004.hana.ondemand.com/"}
RESULT: {"using":"css selector","value":"#j_username"}
COMMAND: POST /session/918763cbbc85c63b9bd5908a33c44274/element - {"using":"css selector","value":"#j_username"}
RESULT: {"url":"https://qa-testing-00-live-etm-ui.cfapps.eu10-004.hana.ondemand.com/"}
RESULT: undefined
COMMAND: GET /session/918763cbbc85c63b9bd5908a33c44274/screenshot - {}
RESULT: {"using":"css selector","value":"#j_username"}
COMMAND: POST /session/918763cbbc85c63b9bd5908a33c44274/element - {"using":"css selector","value":"#shell-header-logo"}
RESULT: {}
RESULT: {"using":"css selector","value":"#shell-header-logo"}
COMMAND: POST /session/918763cbbc85c63b9bd5908a33c44274/execute/sync - {"script":"<script> [8489 bytes]","args":[{"element-6066-11e4-a52e-4f735466cecf":"f.C58A9DC514FFE328F82A7A8F67B7EF56.d.D3736733930CD2CD7203BFC8F8908073.e.5597","ELEMENT":"f.C58A9DC514FFE328F82A7A8F67B7EF56.d.D3736733930CD2CD7203BFC8F8908073.e.5597"}]}
RESULT: {"script":"<script> [8489 bytes]","args":[{"element-6066-11e4-a52e-4f735466cecf":"f.C58A9DC514FFE328F82A7A8F67B7EF56.d.D3736733930CD2CD7203BFC8F8908073.e.5597","ELEMENT":"f.C58A9DC514FFE328F82A7A8F67B7EF56.d.D3736733930CD2CD7203BFC8F8908073.e.5597"}]}
COMMAND: POST /session/918763cbbc85c63b9bd5908a33c44274/element - {"using":"css selector","value":"#shell-header-logo"}
COMMAND: GET /session/918763cbbc85c63b9bd5908a33c44274/screenshot - {}
RESULT: {"using":"css selector","value":"#shell-header-logo"}
COMMAND: POST /session/918763cbbc85c63b9bd5908a33c44274/execute/sync - {"script":"<script> [8489 bytes]","args":[{"element-6066-11e4-a52e-4f735466cecf":"f.C58A9DC514FFE328F82A7A8F67B7EF56.d.D3736733930CD2CD7203BFC8F8908073.e.5597","ELEMENT":"f.C58A9DC514FFE328F82A7A8F67B7EF56.d.D3736733930CD2CD7203BFC8F8908073.e.5597"}]}
RESULT: {}
RESULT: {"script":"<script> [8489 bytes]","args":[{"element-6066-11e4-a52e-4f735466cecf":"f.C58A9DC514FFE328F82A7A8F67B7EF56.d.D3736733930CD2CD7203BFC8F8908073.e.5597","ELEMENT":"f.C58A9DC514FFE328F82A7A8F67B7EF56.d.D3736733930CD2CD7203BFC8F8908073.e.5597"}]}
COMMAND: POST /session/918763cbbc85c63b9bd5908a33c44274/execute/sync - {"script":"<script> [5351 bytes]","args":[{"element-6066-11e4-a52e-4f735466cecf":"f.C58A9DC514FFE328F82A7A8F67B7EF56.d.D3736733930CD2CD7203BFC8F8908073.e.5597","ELEMENT":"f.C58A9DC514FFE328F82A7A8F67B7EF56.d.D3736733930CD2CD7203BFC8F8908073.e.5597"}]}
COMMAND: GET /session/918763cbbc85c63b9bd5908a33c44274/screenshot - {}
RESULT: {"script":"<script> [5351 bytes]","args":[{"element-6066-11e4-a52e-4f735466cecf":"f.C58A9DC514FFE328F82A7A8F67B7EF56.d.D3736733930CD2CD7203BFC8F8908073.e.5597","ELEMENT":"f.C58A9DC514FFE328F82A7A8F67B7EF56.d.D3736733930CD2CD7203BFC8F8908073.e.5597"}]}
COMMAND: POST /session/918763cbbc85c63b9bd5908a33c44274/element - {"using":"css selector","value":"#shell-header-logo"}
COMMAND: GET /session/918763cbbc85c63b9bd5908a33c44274/screenshot - {}
RESULT: {}
RESULT: {"using":"css selector","value":"#shell-header-logo"}
COMMAND: POST /session/918763cbbc85c63b9bd5908a33c44274/element/f.C58A9DC514FFE328F82A7A8F67B7EF56.d.D3736733930CD2CD7203BFC8F8908073.e.5597/click - {}
RESULT: {}
RESULT: {}
COMMAND: GET /session/918763cbbc85c63b9bd5908a33c44274/screenshot - {}
RESULT: {}
COMMAND: POST /session/918763cbbc85c63b9bd5908a33c44274/execute/async - {"script":"<script> [189 bytes]","args":[]}
RESULT: {"script":"<script> [189 bytes]","args":[]}
COMMAND: POST /session/918763cbbc85c63b9bd5908a33c44274/execute/async - {"script":"<script> [123 bytes]","args":[]}
RESULT: {"script":"<script> [123 bytes]","args":[]}
COMMAND: POST /session/918763cbbc85c63b9bd5908a33c44274/timeouts - {"script":"<number>"}
RESULT: {"script":"<number>"}
COMMAND: GET /session/918763cbbc85c63b9bd5908a33c44274/timeouts - {}
RESULT: {}
RESULT: undefined
COMMAND: POST /session/918763cbbc85c63b9bd5908a33c44274/execute/async - {"script":"<script> [2676 bytes]","args":[]}
RESULT: {"script":"<script> [2676 bytes]","args":[]}
COMMAND: POST /session/918763cbbc85c63b9bd5908a33c44274/execute/async - {"script":"<script> [2342 bytes]","args":[{"protocol":"http","hostname":"0.0.0.0","path":"/","capabilities":{"browserName":"chrome","goog:chromeOptions":{"binary":"C:\\Program Files\\Google\\Chrome\\Application\\chrome.exe","args":["--start-maximized"]}},"logLevel":"warn","connectionRetryTimeout":120000,"connectionRetryCount":3,"logLevels":{},"enableDirectConnect":true,"strictSSL":true,"_":"65 more keys: [\"cacheDir\",\"port\",\"requestedCapabilities\",\"automationProtocol\",\"baseUrl\",\"waitforInterval\",\"waitforTimeout\",\"onReload\",\"beforeCommand\",\"afterCommand\",\"rootDir\",\"specs\",\"suites\",\"exclude\",\"groupLogsByTestSpec\",\"excludeDriverLogs\",\"bail\",\"framework\",\"reporters\",\"services\",\"maxInstances\",\"maxInstancesPerCapability\",\"injectGlobals\",\"filesToWatch\",\"execArgv\",\"runnerEnv\",\"runner\",\"shard\",\"specFileRetries\",\"specFileRetriesDelay\",\"specFileRetriesDeferred\",\"reporterSyncInterval\",\"reporterSyncTimeout\",\"cucumberFeaturesWithLineNumbers\",\"autoCompileOpts\",\"mochaOpts\",\"jasmineOpts\",\"cucumberOpts\",\"onPrepare\",\"onWorkerStart\",\"onWorkerEnd\",\"before\",\"beforeSession\",\"beforeSuite\",\"beforeHook\",\"beforeTest\",\"afterTest\",\"afterHook\",\"afterSuite\",\"afterSession\",\"after\",\"onComplete\",\"beforeAssertion\",\"afterAssertion\",\"beforeFeature\",\"beforeScenario\",\"beforeStep\",\"afterStep\",\"afterScenario\",\"afterFeature\",\"_\",\"suite\",\"$0\",\"ignoredWorkerServices\",\"wdi5\"]"}]}
RESULT: {"script":"<script> [2342 bytes]","args":[{"protocol":"http","hostname":"0.0.0.0","path":"/","capabilities":{"browserName":"chrome","goog:chromeOptions":{"binary":"C:\\Program Files\\Google\\Chrome\\Application\\chrome.exe","args":["--start-maximized"]}},"logLevel":"warn","connectionRetryTimeout":120000,"connectionRetryCount":3,"logLevels":{},"enableDirectConnect":true,"strictSSL":true,"_":"65 more keys: [\"cacheDir\",\"port\",\"requestedCapabilities\",\"automationProtocol\",\"baseUrl\",\"waitforInterval\",\"waitforTimeout\",\"onReload\",\"beforeCommand\",\"afterCommand\",\"rootDir\",\"specs\",\"suites\",\"exclude\",\"groupLogsByTestSpec\",\"excludeDriverLogs\",\"bail\",\"framework\",\"reporters\",\"services\",\"maxInstances\",\"maxInstancesPerCapability\",\"injectGlobals\",\"filesToWatch\",\"execArgv\",\"runnerEnv\",\"runner\",\"shard\",\"specFileRetries\",\"specFileRetriesDelay\",\"specFileRetriesDeferred\",\"reporterSyncInterval\",\"reporterSyncTimeout\",\"cucumberFeaturesWithLineNumbers\",\"autoCompileOpts\",\"mochaOpts\",\"jasmineOpts\",\"cucumberOpts\",\"onPrepare\",\"onWorkerStart\",\"onWorkerEnd\",\"before\",\"beforeSession\",\"beforeSuite\",\"beforeHook\",\"beforeTest\",\"afterTest\",\"afterHook\",\"afterSuite\",\"afterSession\",\"after\",\"onComplete\",\"beforeAssertion\",\"afterAssertion\",\"beforeFeature\",\"beforeScenario\",\"beforeStep\",\"afterStep\",\"afterScenario\",\"afterFeature\",\"_\",\"suite\",\"$0\",\"ignoredWorkerServices\",\"wdi5\"]"}]}
COMMAND: POST /session/918763cbbc85c63b9bd5908a33c44274/execute/async - {"script":"<script> [21126 bytes]","args":[35000]}
RESULT: {"script":"<script> [21126 bytes]","args":[35000]}
COMMAND: POST /session/918763cbbc85c63b9bd5908a33c44274/window/maximize - {}
RESULT: {}
COMMAND: POST /session/918763cbbc85c63b9bd5908a33c44274/execute/async - {"script":"<script> [1562 bytes]","args":[{"selector":{"id":"shell-header","interaction":{"idSuffix":"icon"}},"wdio_ui5_key":"shellheader"}]}
COMMAND: GET /session/918763cbbc85c63b9bd5908a33c44274/screenshot - {}
RESULT: {"script":"<script> [1562 bytes]","args":[{"selector":{"id":"shell-header","interaction":{"idSuffix":"icon"}},"wdio_ui5_key":"shellheader"}]}
RESULT: undefined
RESULT: {}
COMMAND: POST /session/918763cbbc85c63b9bd5908a33c44274/execute/async - {"script":"<script> [1562 bytes]","args":[{"selector":{"controlType":"sap.m.Title","i18NText":{"propertyName":"text","key":"dataCollectionAgreement"},"searchOpenDialogs":true},"wdio_ui5_key":"sapm.Title{\"propertyName\":\"text\",\"key\":\"dataCollectionAgreement\"}"}]}
RESULT: {"script":"<script> [1562 bytes]","args":[{"selector":{"controlType":"sap.m.Title","i18NText":{"propertyName":"text","key":"dataCollectionAgreement"},"searchOpenDialogs":true},"wdio_ui5_key":"sapm.Title{\"propertyName\":\"text\",\"key\":\"dataCollectionAgreement\"}"}]}
RESULT: undefined
COMMAND: POST /session/918763cbbc85c63b9bd5908a33c44274/execute/async - {"script":"<script> [1562 bytes]","args":[{"selector":{"controlType":"sap.m.GenericTile","properties":{"header":"Manage Resources"}},"wdio_ui5_key":"sapm.GenericTile{\"header\":\"Manage Resources\"}"}]}
RESULT: {"script":"<script> [1562 bytes]","args":[{"selector":{"controlType":"sap.m.GenericTile","properties":{"header":"Manage Resources"}},"wdio_ui5_key":"sapm.GenericTile{\"header\":\"Manage Resources\"}"}]}
RESULT: undefined
COMMAND: POST /session/918763cbbc85c63b9bd5908a33c44274/element - {"using":"xpath","value":"//*[@id=\"__tile31\"]"}
RESULT: {"using":"xpath","value":"//*[@id=\"__tile31\"]"}
COMMAND: POST /session/918763cbbc85c63b9bd5908a33c44274/element/f.C58A9DC514FFE328F82A7A8F67B7EF56.d.D3736733930CD2CD7203BFC8F8908073.e.5624/click - {}
RESULT: {}
COMMAND: GET /session/918763cbbc85c63b9bd5908a33c44274/screenshot - {}
RESULT: {}
]]></system-out>
    </testcase>
  </testsuite>
  <testsuite timestamp="2025-05-07T15:33:32" time="560.19" tests="2" failures="0" errors="0" skipped="0">
    <properties>
      <property name="specId" value="0" />
      <property name="suiteName" value="Create 2 RU material US118246" />
      <property name="capabilities" value="chrome.135_0_7049_115.windows" />
      <property name="file" value="file:///D:/a/1/s/test/specs/R2C/create-material.spec.js" />
    </properties>
    <testcase classname="chrome.135_0_7049_115.windows.Create_2_RU_material_US118246" name="Create material" time="267.226">
      <system-out><![CDATA[
COMMAND: POST /session/918763cbbc85c63b9bd5908a33c44274/element - {"using":"xpath","value":"//button[@data-kt=\"addNewRUOverflowToolbarButton\"]"}
RESULT: {"using":"xpath","value":"//button[@data-kt=\"addNewRUOverflowToolbarButton\"]"}
COMMAND: POST /session/918763cbbc85c63b9bd5908a33c44274/execute/sync - {"script":"<script> [8489 bytes]","args":[{"element-6066-11e4-a52e-4f735466cecf":"f.C58A9DC514FFE328F82A7A8F67B7EF56.d.D3736733930CD2CD7203BFC8F8908073.e.5749","ELEMENT":"f.C58A9DC514FFE328F82A7A8F67B7EF56.d.D3736733930CD2CD7203BFC8F8908073.e.5749"}]}
RESULT: {"script":"<script> [8489 bytes]","args":[{"element-6066-11e4-a52e-4f735466cecf":"f.C58A9DC514FFE328F82A7A8F67B7EF56.d.D3736733930CD2CD7203BFC8F8908073.e.5749","ELEMENT":"f.C58A9DC514FFE328F82A7A8F67B7EF56.d.D3736733930CD2CD7203BFC8F8908073.e.5749"}]}
COMMAND: POST /session/918763cbbc85c63b9bd5908a33c44274/element/f.C58A9DC514FFE328F82A7A8F67B7EF56.d.D3736733930CD2CD7203BFC8F8908073.e.5749/click - {}
COMMAND: GET /session/918763cbbc85c63b9bd5908a33c44274/screenshot - {}
RESULT: {}
COMMAND: GET /session/918763cbbc85c63b9bd5908a33c44274/screenshot - {}
RESULT: {}
RESULT: {}
COMMAND: POST /session/918763cbbc85c63b9bd5908a33c44274/execute/async - {"script":"<script> [1562 bytes]","args":[{"selector":{"controlType":"sap.m.ComboBox","viewName":"reusables.view.manageresources.NewResourceUnit","viewId":"application-manageresources-display-component---newResourceUnit","bindingPath":{"path":"","propertyPath":"/RuTypes","modelName":"catalogModel"},"searchOpenDialogs":true},"wdio_ui5_key":"reusablesview.manageresources.NewResourceUnitsap.m.ComboBox{\"path\":\"\",\"propertyPath\":\"/RuTypes\",\"modelName\":\"catalogModel\"}"}]}
RESULT: {"script":"<script> [1562 bytes]","args":[{"selector":{"controlType":"sap.m.ComboBox","viewName":"reusables.view.manageresources.NewResourceUnit","viewId":"application-manageresources-display-component---newResourceUnit","bindingPath":{"path":"","propertyPath":"/RuTypes","modelName":"catalogModel"},"searchOpenDialogs":true},"wdio_ui5_key":"reusablesview.manageresources.NewResourceUnitsap.m.ComboBox{\"path\":\"\",\"propertyPath\":\"/RuTypes\",\"modelName\":\"catalogModel\"}"}]}
RESULT: undefined
COMMAND: POST /session/918763cbbc85c63b9bd5908a33c44274/execute/async - {"script":"<script> [1562 bytes]","args":[{"selector":{"controlType":"sap.m.ComboBox","viewName":"reusables.view.manageresources.NewResourceUnit","viewId":"application-manageresources-display-component---newResourceUnit","bindingPath":{"path":"","propertyPath":"/Yards","modelName":"catalogModel"},"searchOpenDialogs":true},"wdio_ui5_key":"reusablesview.manageresources.NewResourceUnitsap.m.ComboBox{\"path\":\"\",\"propertyPath\":\"/Yards\",\"modelName\":\"catalogModel\"}"}]}
RESULT: {"script":"<script> [1562 bytes]","args":[{"selector":{"controlType":"sap.m.ComboBox","viewName":"reusables.view.manageresources.NewResourceUnit","viewId":"application-manageresources-display-component---newResourceUnit","bindingPath":{"path":"","propertyPath":"/Yards","modelName":"catalogModel"},"searchOpenDialogs":true},"wdio_ui5_key":"reusablesview.manageresources.NewResourceUnitsap.m.ComboBox{\"path\":\"\",\"propertyPath\":\"/Yards\",\"modelName\":\"catalogModel\"}"}]}
RESULT: undefined
COMMAND: POST /session/918763cbbc85c63b9bd5908a33c44274/execute/async - {"script":"<script> [1562 bytes]","args":[{"selector":{"controlType":"etm.portal.ui.reusables.customControls.LiveSearchComboBox","viewName":"reusables.view.manageresources.NewResourceUnit","viewId":"application-manageresources-display-component---newResourceUnit","bindingPath":{"path":"","propertyPath":"/CatalogItems","modelName":"catalogModel"},"searchOpenDialogs":true},"wdio_ui5_key":"reusablesview.manageresources.NewResourceUnitetm.portal.ui.reusables.customControls.LiveSearchComboBox{\"path\":\"\",\"propertyPath\":\"/CatalogItems\",\"modelName\":\"catalogModel\"}"}]}
RESULT: {"script":"<script> [1562 bytes]","args":[{"selector":{"controlType":"etm.portal.ui.reusables.customControls.LiveSearchComboBox","viewName":"reusables.view.manageresources.NewResourceUnit","viewId":"application-manageresources-display-component---newResourceUnit","bindingPath":{"path":"","propertyPath":"/CatalogItems","modelName":"catalogModel"},"searchOpenDialogs":true},"wdio_ui5_key":"reusablesview.manageresources.NewResourceUnitetm.portal.ui.reusables.customControls.LiveSearchComboBox{\"path\":\"\",\"propertyPath\":\"/CatalogItems\",\"modelName\":\"catalogModel\"}"}]}
RESULT: undefined
COMMAND: POST /session/918763cbbc85c63b9bd5908a33c44274/element - {"using":"xpath","value":"//bdi[text()=\"OK\"]"}
RESULT: {"using":"xpath","value":"//bdi[text()=\"OK\"]"}
COMMAND: POST /session/918763cbbc85c63b9bd5908a33c44274/elements - {"using":"xpath","value":"//bdi[text()=\"OK\"]"}
RESULT: {"using":"xpath","value":"//bdi[text()=\"OK\"]"}
COMMAND: POST /session/918763cbbc85c63b9bd5908a33c44274/elements - {"using":"xpath","value":"//bdi[text()=\"OK\"]"}
RESULT: {"using":"xpath","value":"//bdi[text()=\"OK\"]"}
COMMAND: POST /session/918763cbbc85c63b9bd5908a33c44274/elements - {"using":"xpath","value":"//bdi[text()=\"OK\"]"}
RESULT: {"using":"xpath","value":"//bdi[text()=\"OK\"]"}
COMMAND: POST /session/918763cbbc85c63b9bd5908a33c44274/elements - {"using":"xpath","value":"//bdi[text()=\"OK\"]"}
RESULT: {"using":"xpath","value":"//bdi[text()=\"OK\"]"}
COMMAND: POST /session/918763cbbc85c63b9bd5908a33c44274/elements - {"using":"xpath","value":"//bdi[text()=\"OK\"]"}
RESULT: {"using":"xpath","value":"//bdi[text()=\"OK\"]"}
COMMAND: POST /session/918763cbbc85c63b9bd5908a33c44274/elements - {"using":"xpath","value":"//bdi[text()=\"OK\"]"}
RESULT: {"using":"xpath","value":"//bdi[text()=\"OK\"]"}
COMMAND: POST /session/918763cbbc85c63b9bd5908a33c44274/elements - {"using":"xpath","value":"//bdi[text()=\"OK\"]"}
RESULT: {"using":"xpath","value":"//bdi[text()=\"OK\"]"}
COMMAND: POST /session/918763cbbc85c63b9bd5908a33c44274/elements - {"using":"xpath","value":"//bdi[text()=\"OK\"]"}
RESULT: {"using":"xpath","value":"//bdi[text()=\"OK\"]"}
COMMAND: POST /session/918763cbbc85c63b9bd5908a33c44274/elements - {"using":"xpath","value":"//bdi[text()=\"OK\"]"}
RESULT: {"using":"xpath","value":"//bdi[text()=\"OK\"]"}
COMMAND: POST /session/918763cbbc85c63b9bd5908a33c44274/elements - {"using":"xpath","value":"//bdi[text()=\"OK\"]"}
RESULT: {"using":"xpath","value":"//bdi[text()=\"OK\"]"}
COMMAND: POST /session/918763cbbc85c63b9bd5908a33c44274/elements - {"using":"xpath","value":"//bdi[text()=\"OK\"]"}
RESULT: {"using":"xpath","value":"//bdi[text()=\"OK\"]"}
COMMAND: POST /session/918763cbbc85c63b9bd5908a33c44274/elements - {"using":"xpath","value":"//bdi[text()=\"OK\"]"}
RESULT: {"using":"xpath","value":"//bdi[text()=\"OK\"]"}
COMMAND: POST /session/918763cbbc85c63b9bd5908a33c44274/elements - {"using":"xpath","value":"//bdi[text()=\"OK\"]"}
RESULT: {"using":"xpath","value":"//bdi[text()=\"OK\"]"}
COMMAND: POST /session/918763cbbc85c63b9bd5908a33c44274/elements - {"using":"xpath","value":"//bdi[text()=\"OK\"]"}
RESULT: {"using":"xpath","value":"//bdi[text()=\"OK\"]"}
COMMAND: POST /session/918763cbbc85c63b9bd5908a33c44274/elements - {"using":"xpath","value":"//bdi[text()=\"OK\"]"}
RESULT: {"using":"xpath","value":"//bdi[text()=\"OK\"]"}
COMMAND: POST /session/918763cbbc85c63b9bd5908a33c44274/elements - {"using":"xpath","value":"//bdi[text()=\"OK\"]"}
RESULT: {"using":"xpath","value":"//bdi[text()=\"OK\"]"}
COMMAND: POST /session/918763cbbc85c63b9bd5908a33c44274/elements - {"using":"xpath","value":"//bdi[text()=\"OK\"]"}
RESULT: {"using":"xpath","value":"//bdi[text()=\"OK\"]"}
COMMAND: POST /session/918763cbbc85c63b9bd5908a33c44274/elements - {"using":"xpath","value":"//bdi[text()=\"OK\"]"}
RESULT: {"using":"xpath","value":"//bdi[text()=\"OK\"]"}
COMMAND: POST /session/918763cbbc85c63b9bd5908a33c44274/elements - {"using":"xpath","value":"//bdi[text()=\"OK\"]"}
RESULT: {"using":"xpath","value":"//bdi[text()=\"OK\"]"}
COMMAND: POST /session/918763cbbc85c63b9bd5908a33c44274/elements - {"using":"xpath","value":"//bdi[text()=\"OK\"]"}
RESULT: {"using":"xpath","value":"//bdi[text()=\"OK\"]"}
COMMAND: POST /session/918763cbbc85c63b9bd5908a33c44274/elements - {"using":"xpath","value":"//bdi[text()=\"OK\"]"}
RESULT: {"using":"xpath","value":"//bdi[text()=\"OK\"]"}
COMMAND: POST /session/918763cbbc85c63b9bd5908a33c44274/elements - {"using":"xpath","value":"//bdi[text()=\"OK\"]"}
RESULT: {"using":"xpath","value":"//bdi[text()=\"OK\"]"}
COMMAND: POST /session/918763cbbc85c63b9bd5908a33c44274/elements - {"using":"xpath","value":"//bdi[text()=\"OK\"]"}
RESULT: {"using":"xpath","value":"//bdi[text()=\"OK\"]"}
COMMAND: POST /session/918763cbbc85c63b9bd5908a33c44274/elements - {"using":"xpath","value":"//bdi[text()=\"OK\"]"}
RESULT: {"using":"xpath","value":"//bdi[text()=\"OK\"]"}
COMMAND: POST /session/918763cbbc85c63b9bd5908a33c44274/elements - {"using":"xpath","value":"//bdi[text()=\"OK\"]"}
RESULT: {"using":"xpath","value":"//bdi[text()=\"OK\"]"}
COMMAND: POST /session/918763cbbc85c63b9bd5908a33c44274/elements - {"using":"xpath","value":"//bdi[text()=\"OK\"]"}
RESULT: {"using":"xpath","value":"//bdi[text()=\"OK\"]"}
COMMAND: POST /session/918763cbbc85c63b9bd5908a33c44274/elements - {"using":"xpath","value":"//bdi[text()=\"OK\"]"}
RESULT: {"using":"xpath","value":"//bdi[text()=\"OK\"]"}
COMMAND: POST /session/918763cbbc85c63b9bd5908a33c44274/elements - {"using":"xpath","value":"//bdi[text()=\"OK\"]"}
RESULT: {"using":"xpath","value":"//bdi[text()=\"OK\"]"}
COMMAND: POST /session/918763cbbc85c63b9bd5908a33c44274/elements - {"using":"xpath","value":"//bdi[text()=\"OK\"]"}
RESULT: {"using":"xpath","value":"//bdi[text()=\"OK\"]"}
COMMAND: POST /session/918763cbbc85c63b9bd5908a33c44274/elements - {"using":"xpath","value":"//bdi[text()=\"OK\"]"}
RESULT: {"using":"xpath","value":"//bdi[text()=\"OK\"]"}
COMMAND: POST /session/918763cbbc85c63b9bd5908a33c44274/elements - {"using":"xpath","value":"//bdi[text()=\"OK\"]"}
RESULT: {"using":"xpath","value":"//bdi[text()=\"OK\"]"}
COMMAND: POST /session/918763cbbc85c63b9bd5908a33c44274/elements - {"using":"xpath","value":"//bdi[text()=\"OK\"]"}
RESULT: {"using":"xpath","value":"//bdi[text()=\"OK\"]"}
COMMAND: POST /session/918763cbbc85c63b9bd5908a33c44274/elements - {"using":"xpath","value":"//bdi[text()=\"OK\"]"}
RESULT: {"using":"xpath","value":"//bdi[text()=\"OK\"]"}
COMMAND: POST /session/918763cbbc85c63b9bd5908a33c44274/elements - {"using":"xpath","value":"//bdi[text()=\"OK\"]"}
RESULT: {"using":"xpath","value":"//bdi[text()=\"OK\"]"}
COMMAND: POST /session/918763cbbc85c63b9bd5908a33c44274/elements - {"using":"xpath","value":"//bdi[text()=\"OK\"]"}
RESULT: {"using":"xpath","value":"//bdi[text()=\"OK\"]"}
COMMAND: POST /session/918763cbbc85c63b9bd5908a33c44274/elements - {"using":"xpath","value":"//bdi[text()=\"OK\"]"}
RESULT: {"using":"xpath","value":"//bdi[text()=\"OK\"]"}
COMMAND: POST /session/918763cbbc85c63b9bd5908a33c44274/elements - {"using":"xpath","value":"//bdi[text()=\"OK\"]"}
RESULT: {"using":"xpath","value":"//bdi[text()=\"OK\"]"}
COMMAND: POST /session/918763cbbc85c63b9bd5908a33c44274/elements - {"using":"xpath","value":"//bdi[text()=\"OK\"]"}
RESULT: {"using":"xpath","value":"//bdi[text()=\"OK\"]"}
COMMAND: POST /session/918763cbbc85c63b9bd5908a33c44274/elements - {"using":"xpath","value":"//bdi[text()=\"OK\"]"}
RESULT: {"using":"xpath","value":"//bdi[text()=\"OK\"]"}
COMMAND: POST /session/918763cbbc85c63b9bd5908a33c44274/elements - {"using":"xpath","value":"//bdi[text()=\"OK\"]"}
RESULT: {"using":"xpath","value":"//bdi[text()=\"OK\"]"}
COMMAND: POST /session/918763cbbc85c63b9bd5908a33c44274/elements - {"using":"xpath","value":"//bdi[text()=\"OK\"]"}
RESULT: {"using":"xpath","value":"//bdi[text()=\"OK\"]"}
COMMAND: POST /session/918763cbbc85c63b9bd5908a33c44274/elements - {"using":"xpath","value":"//bdi[text()=\"OK\"]"}
RESULT: {"using":"xpath","value":"//bdi[text()=\"OK\"]"}
COMMAND: POST /session/918763cbbc85c63b9bd5908a33c44274/elements - {"using":"xpath","value":"//bdi[text()=\"OK\"]"}
RESULT: {"using":"xpath","value":"//bdi[text()=\"OK\"]"}
COMMAND: POST /session/918763cbbc85c63b9bd5908a33c44274/elements - {"using":"xpath","value":"//bdi[text()=\"OK\"]"}
RESULT: {"using":"xpath","value":"//bdi[text()=\"OK\"]"}
COMMAND: POST /session/918763cbbc85c63b9bd5908a33c44274/elements - {"using":"xpath","value":"//bdi[text()=\"OK\"]"}
RESULT: {"using":"xpath","value":"//bdi[text()=\"OK\"]"}
COMMAND: POST /session/918763cbbc85c63b9bd5908a33c44274/elements - {"using":"xpath","value":"//bdi[text()=\"OK\"]"}
RESULT: {"using":"xpath","value":"//bdi[text()=\"OK\"]"}
COMMAND: POST /session/918763cbbc85c63b9bd5908a33c44274/elements - {"using":"xpath","value":"//bdi[text()=\"OK\"]"}
RESULT: {"using":"xpath","value":"//bdi[text()=\"OK\"]"}
COMMAND: POST /session/918763cbbc85c63b9bd5908a33c44274/elements - {"using":"xpath","value":"//bdi[text()=\"OK\"]"}
RESULT: {"using":"xpath","value":"//bdi[text()=\"OK\"]"}
COMMAND: POST /session/918763cbbc85c63b9bd5908a33c44274/elements - {"using":"xpath","value":"//bdi[text()=\"OK\"]"}
RESULT: {"using":"xpath","value":"//bdi[text()=\"OK\"]"}
COMMAND: POST /session/918763cbbc85c63b9bd5908a33c44274/elements - {"using":"xpath","value":"//bdi[text()=\"OK\"]"}
RESULT: {"using":"xpath","value":"//bdi[text()=\"OK\"]"}
COMMAND: POST /session/918763cbbc85c63b9bd5908a33c44274/elements - {"using":"xpath","value":"//bdi[text()=\"OK\"]"}
RESULT: {"using":"xpath","value":"//bdi[text()=\"OK\"]"}
COMMAND: POST /session/918763cbbc85c63b9bd5908a33c44274/elements - {"using":"xpath","value":"//bdi[text()=\"OK\"]"}
RESULT: {"using":"xpath","value":"//bdi[text()=\"OK\"]"}
COMMAND: POST /session/918763cbbc85c63b9bd5908a33c44274/elements - {"using":"xpath","value":"//bdi[text()=\"OK\"]"}
RESULT: {"using":"xpath","value":"//bdi[text()=\"OK\"]"}
COMMAND: POST /session/918763cbbc85c63b9bd5908a33c44274/elements - {"using":"xpath","value":"//bdi[text()=\"OK\"]"}
RESULT: {"using":"xpath","value":"//bdi[text()=\"OK\"]"}
COMMAND: POST /session/918763cbbc85c63b9bd5908a33c44274/elements - {"using":"xpath","value":"//bdi[text()=\"OK\"]"}
RESULT: {"using":"xpath","value":"//bdi[text()=\"OK\"]"}
COMMAND: POST /session/918763cbbc85c63b9bd5908a33c44274/elements - {"using":"xpath","value":"//bdi[text()=\"OK\"]"}
RESULT: {"using":"xpath","value":"//bdi[text()=\"OK\"]"}
COMMAND: POST /session/918763cbbc85c63b9bd5908a33c44274/elements - {"using":"xpath","value":"//bdi[text()=\"OK\"]"}
RESULT: {"using":"xpath","value":"//bdi[text()=\"OK\"]"}
COMMAND: POST /session/918763cbbc85c63b9bd5908a33c44274/elements - {"using":"xpath","value":"//bdi[text()=\"OK\"]"}
RESULT: {"using":"xpath","value":"//bdi[text()=\"OK\"]"}
COMMAND: POST /session/918763cbbc85c63b9bd5908a33c44274/elements - {"using":"xpath","value":"//bdi[text()=\"OK\"]"}
RESULT: {"using":"xpath","value":"//bdi[text()=\"OK\"]"}
COMMAND: POST /session/918763cbbc85c63b9bd5908a33c44274/elements - {"using":"xpath","value":"//bdi[text()=\"OK\"]"}
RESULT: {"using":"xpath","value":"//bdi[text()=\"OK\"]"}
COMMAND: POST /session/918763cbbc85c63b9bd5908a33c44274/elements - {"using":"xpath","value":"//bdi[text()=\"OK\"]"}
RESULT: {"using":"xpath","value":"//bdi[text()=\"OK\"]"}
COMMAND: POST /session/918763cbbc85c63b9bd5908a33c44274/elements - {"using":"xpath","value":"//bdi[text()=\"OK\"]"}
RESULT: {"using":"xpath","value":"//bdi[text()=\"OK\"]"}
COMMAND: POST /session/918763cbbc85c63b9bd5908a33c44274/elements - {"using":"xpath","value":"//bdi[text()=\"OK\"]"}
RESULT: {"using":"xpath","value":"//bdi[text()=\"OK\"]"}
COMMAND: POST /session/918763cbbc85c63b9bd5908a33c44274/elements - {"using":"xpath","value":"//bdi[text()=\"OK\"]"}
RESULT: {"using":"xpath","value":"//bdi[text()=\"OK\"]"}
COMMAND: POST /session/918763cbbc85c63b9bd5908a33c44274/elements - {"using":"xpath","value":"//bdi[text()=\"OK\"]"}
RESULT: {"using":"xpath","value":"//bdi[text()=\"OK\"]"}
COMMAND: POST /session/918763cbbc85c63b9bd5908a33c44274/elements - {"using":"xpath","value":"//bdi[text()=\"OK\"]"}
RESULT: {"using":"xpath","value":"//bdi[text()=\"OK\"]"}
COMMAND: POST /session/918763cbbc85c63b9bd5908a33c44274/elements - {"using":"xpath","value":"//bdi[text()=\"OK\"]"}
RESULT: {"using":"xpath","value":"//bdi[text()=\"OK\"]"}
COMMAND: POST /session/918763cbbc85c63b9bd5908a33c44274/elements - {"using":"xpath","value":"//bdi[text()=\"OK\"]"}
RESULT: {"using":"xpath","value":"//bdi[text()=\"OK\"]"}
COMMAND: POST /session/918763cbbc85c63b9bd5908a33c44274/elements - {"using":"xpath","value":"//bdi[text()=\"OK\"]"}
RESULT: {"using":"xpath","value":"//bdi[text()=\"OK\"]"}
COMMAND: POST /session/918763cbbc85c63b9bd5908a33c44274/elements - {"using":"xpath","value":"//bdi[text()=\"OK\"]"}
RESULT: {"using":"xpath","value":"//bdi[text()=\"OK\"]"}
COMMAND: POST /session/918763cbbc85c63b9bd5908a33c44274/elements - {"using":"xpath","value":"//bdi[text()=\"OK\"]"}
RESULT: {"using":"xpath","value":"//bdi[text()=\"OK\"]"}
COMMAND: POST /session/918763cbbc85c63b9bd5908a33c44274/elements - {"using":"xpath","value":"//bdi[text()=\"OK\"]"}
RESULT: {"using":"xpath","value":"//bdi[text()=\"OK\"]"}
COMMAND: POST /session/918763cbbc85c63b9bd5908a33c44274/elements - {"using":"xpath","value":"//bdi[text()=\"OK\"]"}
RESULT: {"using":"xpath","value":"//bdi[text()=\"OK\"]"}
COMMAND: POST /session/918763cbbc85c63b9bd5908a33c44274/elements - {"using":"xpath","value":"//bdi[text()=\"OK\"]"}
RESULT: {"using":"xpath","value":"//bdi[text()=\"OK\"]"}
COMMAND: POST /session/918763cbbc85c63b9bd5908a33c44274/elements - {"using":"xpath","value":"//bdi[text()=\"OK\"]"}
RESULT: {"using":"xpath","value":"//bdi[text()=\"OK\"]"}
COMMAND: POST /session/918763cbbc85c63b9bd5908a33c44274/elements - {"using":"xpath","value":"//bdi[text()=\"OK\"]"}
RESULT: {"using":"xpath","value":"//bdi[text()=\"OK\"]"}
COMMAND: POST /session/918763cbbc85c63b9bd5908a33c44274/elements - {"using":"xpath","value":"//bdi[text()=\"OK\"]"}
RESULT: {"using":"xpath","value":"//bdi[text()=\"OK\"]"}
COMMAND: POST /session/918763cbbc85c63b9bd5908a33c44274/elements - {"using":"xpath","value":"//bdi[text()=\"OK\"]"}
RESULT: {"using":"xpath","value":"//bdi[text()=\"OK\"]"}
COMMAND: POST /session/918763cbbc85c63b9bd5908a33c44274/elements - {"using":"xpath","value":"//bdi[text()=\"OK\"]"}
RESULT: {"using":"xpath","value":"//bdi[text()=\"OK\"]"}
COMMAND: POST /session/918763cbbc85c63b9bd5908a33c44274/elements - {"using":"xpath","value":"//bdi[text()=\"OK\"]"}
RESULT: {"using":"xpath","value":"//bdi[text()=\"OK\"]"}
COMMAND: POST /session/918763cbbc85c63b9bd5908a33c44274/elements - {"using":"xpath","value":"//bdi[text()=\"OK\"]"}
RESULT: {"using":"xpath","value":"//bdi[text()=\"OK\"]"}
COMMAND: POST /session/918763cbbc85c63b9bd5908a33c44274/elements - {"using":"xpath","value":"//bdi[text()=\"OK\"]"}
RESULT: {"using":"xpath","value":"//bdi[text()=\"OK\"]"}
COMMAND: POST /session/918763cbbc85c63b9bd5908a33c44274/elements - {"using":"xpath","value":"//bdi[text()=\"OK\"]"}
RESULT: {"using":"xpath","value":"//bdi[text()=\"OK\"]"}
COMMAND: POST /session/918763cbbc85c63b9bd5908a33c44274/elements - {"using":"xpath","value":"//bdi[text()=\"OK\"]"}
RESULT: {"using":"xpath","value":"//bdi[text()=\"OK\"]"}
COMMAND: POST /session/918763cbbc85c63b9bd5908a33c44274/elements - {"using":"xpath","value":"//bdi[text()=\"OK\"]"}
RESULT: {"using":"xpath","value":"//bdi[text()=\"OK\"]"}
COMMAND: POST /session/918763cbbc85c63b9bd5908a33c44274/elements - {"using":"xpath","value":"//bdi[text()=\"OK\"]"}
RESULT: {"using":"xpath","value":"//bdi[text()=\"OK\"]"}
COMMAND: POST /session/918763cbbc85c63b9bd5908a33c44274/elements - {"using":"xpath","value":"//bdi[text()=\"OK\"]"}
RESULT: {"using":"xpath","value":"//bdi[text()=\"OK\"]"}
COMMAND: POST /session/918763cbbc85c63b9bd5908a33c44274/elements - {"using":"xpath","value":"//bdi[text()=\"OK\"]"}
RESULT: {"using":"xpath","value":"//bdi[text()=\"OK\"]"}
COMMAND: POST /session/918763cbbc85c63b9bd5908a33c44274/elements - {"using":"xpath","value":"//bdi[text()=\"OK\"]"}
RESULT: {"using":"xpath","value":"//bdi[text()=\"OK\"]"}
COMMAND: POST /session/918763cbbc85c63b9bd5908a33c44274/elements - {"using":"xpath","value":"//bdi[text()=\"OK\"]"}
RESULT: {"using":"xpath","value":"//bdi[text()=\"OK\"]"}
COMMAND: POST /session/918763cbbc85c63b9bd5908a33c44274/elements - {"using":"xpath","value":"//bdi[text()=\"OK\"]"}
RESULT: {"using":"xpath","value":"//bdi[text()=\"OK\"]"}
COMMAND: POST /session/918763cbbc85c63b9bd5908a33c44274/elements - {"using":"xpath","value":"//bdi[text()=\"OK\"]"}
RESULT: {"using":"xpath","value":"//bdi[text()=\"OK\"]"}
COMMAND: POST /session/918763cbbc85c63b9bd5908a33c44274/elements - {"using":"xpath","value":"//bdi[text()=\"OK\"]"}
RESULT: {"using":"xpath","value":"//bdi[text()=\"OK\"]"}
COMMAND: POST /session/918763cbbc85c63b9bd5908a33c44274/elements - {"using":"xpath","value":"//bdi[text()=\"OK\"]"}
RESULT: {"using":"xpath","value":"//bdi[text()=\"OK\"]"}
COMMAND: POST /session/918763cbbc85c63b9bd5908a33c44274/elements - {"using":"xpath","value":"//bdi[text()=\"OK\"]"}
RESULT: {"using":"xpath","value":"//bdi[text()=\"OK\"]"}
COMMAND: POST /session/918763cbbc85c63b9bd5908a33c44274/elements - {"using":"xpath","value":"//bdi[text()=\"OK\"]"}
RESULT: {"using":"xpath","value":"//bdi[text()=\"OK\"]"}
COMMAND: POST /session/918763cbbc85c63b9bd5908a33c44274/elements - {"using":"xpath","value":"//bdi[text()=\"OK\"]"}
RESULT: {"using":"xpath","value":"//bdi[text()=\"OK\"]"}
COMMAND: POST /session/918763cbbc85c63b9bd5908a33c44274/elements - {"using":"xpath","value":"//bdi[text()=\"OK\"]"}
RESULT: {"using":"xpath","value":"//bdi[text()=\"OK\"]"}
COMMAND: POST /session/918763cbbc85c63b9bd5908a33c44274/elements - {"using":"xpath","value":"//bdi[text()=\"OK\"]"}
RESULT: {"using":"xpath","value":"//bdi[text()=\"OK\"]"}
COMMAND: POST /session/918763cbbc85c63b9bd5908a33c44274/elements - {"using":"xpath","value":"//bdi[text()=\"OK\"]"}
RESULT: {"using":"xpath","value":"//bdi[text()=\"OK\"]"}
COMMAND: POST /session/918763cbbc85c63b9bd5908a33c44274/elements - {"using":"xpath","value":"//bdi[text()=\"OK\"]"}
RESULT: {"using":"xpath","value":"//bdi[text()=\"OK\"]"}
COMMAND: POST /session/918763cbbc85c63b9bd5908a33c44274/elements - {"using":"xpath","value":"//bdi[text()=\"OK\"]"}
RESULT: {"using":"xpath","value":"//bdi[text()=\"OK\"]"}
COMMAND: POST /session/918763cbbc85c63b9bd5908a33c44274/elements - {"using":"xpath","value":"//bdi[text()=\"OK\"]"}
RESULT: {"using":"xpath","value":"//bdi[text()=\"OK\"]"}
COMMAND: POST /session/918763cbbc85c63b9bd5908a33c44274/elements - {"using":"xpath","value":"//bdi[text()=\"OK\"]"}
RESULT: {"using":"xpath","value":"//bdi[text()=\"OK\"]"}
COMMAND: POST /session/918763cbbc85c63b9bd5908a33c44274/elements - {"using":"xpath","value":"//bdi[text()=\"OK\"]"}
RESULT: {"using":"xpath","value":"//bdi[text()=\"OK\"]"}
COMMAND: POST /session/918763cbbc85c63b9bd5908a33c44274/elements - {"using":"xpath","value":"//bdi[text()=\"OK\"]"}
RESULT: {"using":"xpath","value":"//bdi[text()=\"OK\"]"}
COMMAND: POST /session/918763cbbc85c63b9bd5908a33c44274/elements - {"using":"xpath","value":"//bdi[text()=\"OK\"]"}
RESULT: {"using":"xpath","value":"//bdi[text()=\"OK\"]"}
COMMAND: POST /session/918763cbbc85c63b9bd5908a33c44274/elements - {"using":"xpath","value":"//bdi[text()=\"OK\"]"}
RESULT: {"using":"xpath","value":"//bdi[text()=\"OK\"]"}
COMMAND: POST /session/918763cbbc85c63b9bd5908a33c44274/elements - {"using":"xpath","value":"//bdi[text()=\"OK\"]"}
RESULT: {"using":"xpath","value":"//bdi[text()=\"OK\"]"}
COMMAND: POST /session/918763cbbc85c63b9bd5908a33c44274/elements - {"using":"xpath","value":"//bdi[text()=\"OK\"]"}
RESULT: {"using":"xpath","value":"//bdi[text()=\"OK\"]"}
COMMAND: POST /session/918763cbbc85c63b9bd5908a33c44274/elements - {"using":"xpath","value":"//bdi[text()=\"OK\"]"}
RESULT: {"using":"xpath","value":"//bdi[text()=\"OK\"]"}
COMMAND: POST /session/918763cbbc85c63b9bd5908a33c44274/elements - {"using":"xpath","value":"//bdi[text()=\"OK\"]"}
RESULT: {"using":"xpath","value":"//bdi[text()=\"OK\"]"}
COMMAND: POST /session/918763cbbc85c63b9bd5908a33c44274/elements - {"using":"xpath","value":"//bdi[text()=\"OK\"]"}
RESULT: {"using":"xpath","value":"//bdi[text()=\"OK\"]"}
COMMAND: POST /session/918763cbbc85c63b9bd5908a33c44274/elements - {"using":"xpath","value":"//bdi[text()=\"OK\"]"}
RESULT: {"using":"xpath","value":"//bdi[text()=\"OK\"]"}
COMMAND: POST /session/918763cbbc85c63b9bd5908a33c44274/elements - {"using":"xpath","value":"//bdi[text()=\"OK\"]"}
RESULT: {"using":"xpath","value":"//bdi[text()=\"OK\"]"}
COMMAND: POST /session/918763cbbc85c63b9bd5908a33c44274/elements - {"using":"xpath","value":"//bdi[text()=\"OK\"]"}
RESULT: {"using":"xpath","value":"//bdi[text()=\"OK\"]"}
COMMAND: POST /session/918763cbbc85c63b9bd5908a33c44274/elements - {"using":"xpath","value":"//bdi[text()=\"OK\"]"}
RESULT: {"using":"xpath","value":"//bdi[text()=\"OK\"]"}
COMMAND: POST /session/918763cbbc85c63b9bd5908a33c44274/elements - {"using":"xpath","value":"//bdi[text()=\"OK\"]"}
RESULT: {"using":"xpath","value":"//bdi[text()=\"OK\"]"}
COMMAND: POST /session/918763cbbc85c63b9bd5908a33c44274/elements - {"using":"xpath","value":"//bdi[text()=\"OK\"]"}
RESULT: {"using":"xpath","value":"//bdi[text()=\"OK\"]"}
COMMAND: POST /session/918763cbbc85c63b9bd5908a33c44274/elements - {"using":"xpath","value":"//bdi[text()=\"OK\"]"}
RESULT: {"using":"xpath","value":"//bdi[text()=\"OK\"]"}
COMMAND: POST /session/918763cbbc85c63b9bd5908a33c44274/element - {"using":"xpath","value":"//bdi[text()=\"OK\"]"}
RESULT: {"using":"xpath","value":"//bdi[text()=\"OK\"]"}
COMMAND: POST /session/918763cbbc85c63b9bd5908a33c44274/elements - {"using":"xpath","value":"//bdi[text()=\"OK\"]"}
RESULT: {"using":"xpath","value":"//bdi[text()=\"OK\"]"}
COMMAND: POST /session/918763cbbc85c63b9bd5908a33c44274/elements - {"using":"xpath","value":"//bdi[text()=\"OK\"]"}
RESULT: {"using":"xpath","value":"//bdi[text()=\"OK\"]"}
COMMAND: POST /session/918763cbbc85c63b9bd5908a33c44274/elements - {"using":"xpath","value":"//bdi[text()=\"OK\"]"}
RESULT: {"using":"xpath","value":"//bdi[text()=\"OK\"]"}
COMMAND: POST /session/918763cbbc85c63b9bd5908a33c44274/elements - {"using":"xpath","value":"//bdi[text()=\"OK\"]"}
RESULT: {"using":"xpath","value":"//bdi[text()=\"OK\"]"}
COMMAND: POST /session/918763cbbc85c63b9bd5908a33c44274/elements - {"using":"xpath","value":"//bdi[text()=\"OK\"]"}
RESULT: {"using":"xpath","value":"//bdi[text()=\"OK\"]"}
COMMAND: POST /session/918763cbbc85c63b9bd5908a33c44274/elements - {"using":"xpath","value":"//bdi[text()=\"OK\"]"}
RESULT: {"using":"xpath","value":"//bdi[text()=\"OK\"]"}
COMMAND: POST /session/918763cbbc85c63b9bd5908a33c44274/elements - {"using":"xpath","value":"//bdi[text()=\"OK\"]"}
RESULT: {"using":"xpath","value":"//bdi[text()=\"OK\"]"}
COMMAND: POST /session/918763cbbc85c63b9bd5908a33c44274/elements - {"using":"xpath","value":"//bdi[text()=\"OK\"]"}
RESULT: {"using":"xpath","value":"//bdi[text()=\"OK\"]"}
COMMAND: POST /session/918763cbbc85c63b9bd5908a33c44274/elements - {"using":"xpath","value":"//bdi[text()=\"OK\"]"}
RESULT: {"using":"xpath","value":"//bdi[text()=\"OK\"]"}
COMMAND: POST /session/918763cbbc85c63b9bd5908a33c44274/elements - {"using":"xpath","value":"//bdi[text()=\"OK\"]"}
RESULT: {"using":"xpath","value":"//bdi[text()=\"OK\"]"}
COMMAND: POST /session/918763cbbc85c63b9bd5908a33c44274/elements - {"using":"xpath","value":"//bdi[text()=\"OK\"]"}
RESULT: {"using":"xpath","value":"//bdi[text()=\"OK\"]"}
COMMAND: POST /session/918763cbbc85c63b9bd5908a33c44274/elements - {"using":"xpath","value":"//bdi[text()=\"OK\"]"}
RESULT: {"using":"xpath","value":"//bdi[text()=\"OK\"]"}
COMMAND: POST /session/918763cbbc85c63b9bd5908a33c44274/elements - {"using":"xpath","value":"//bdi[text()=\"OK\"]"}
RESULT: {"using":"xpath","value":"//bdi[text()=\"OK\"]"}
COMMAND: POST /session/918763cbbc85c63b9bd5908a33c44274/elements - {"using":"xpath","value":"//bdi[text()=\"OK\"]"}
RESULT: {"using":"xpath","value":"//bdi[text()=\"OK\"]"}
COMMAND: POST /session/918763cbbc85c63b9bd5908a33c44274/elements - {"using":"xpath","value":"//bdi[text()=\"OK\"]"}
RESULT: {"using":"xpath","value":"//bdi[text()=\"OK\"]"}
COMMAND: POST /session/918763cbbc85c63b9bd5908a33c44274/elements - {"using":"xpath","value":"//bdi[text()=\"OK\"]"}
RESULT: {"using":"xpath","value":"//bdi[text()=\"OK\"]"}
COMMAND: POST /session/918763cbbc85c63b9bd5908a33c44274/elements - {"using":"xpath","value":"//bdi[text()=\"OK\"]"}
RESULT: {"using":"xpath","value":"//bdi[text()=\"OK\"]"}
COMMAND: POST /session/918763cbbc85c63b9bd5908a33c44274/elements - {"using":"xpath","value":"//bdi[text()=\"OK\"]"}
RESULT: {"using":"xpath","value":"//bdi[text()=\"OK\"]"}
COMMAND: POST /session/918763cbbc85c63b9bd5908a33c44274/elements - {"using":"xpath","value":"//bdi[text()=\"OK\"]"}
RESULT: {"using":"xpath","value":"//bdi[text()=\"OK\"]"}
COMMAND: POST /session/918763cbbc85c63b9bd5908a33c44274/elements - {"using":"xpath","value":"//bdi[text()=\"OK\"]"}
RESULT: {"using":"xpath","value":"//bdi[text()=\"OK\"]"}
COMMAND: POST /session/918763cbbc85c63b9bd5908a33c44274/elements - {"using":"xpath","value":"//bdi[text()=\"OK\"]"}
RESULT: {"using":"xpath","value":"//bdi[text()=\"OK\"]"}
COMMAND: POST /session/918763cbbc85c63b9bd5908a33c44274/elements - {"using":"xpath","value":"//bdi[text()=\"OK\"]"}
RESULT: {"using":"xpath","value":"//bdi[text()=\"OK\"]"}
COMMAND: POST /session/918763cbbc85c63b9bd5908a33c44274/elements - {"using":"xpath","value":"//bdi[text()=\"OK\"]"}
RESULT: {"using":"xpath","value":"//bdi[text()=\"OK\"]"}
COMMAND: POST /session/918763cbbc85c63b9bd5908a33c44274/elements - {"using":"xpath","value":"//bdi[text()=\"OK\"]"}
RESULT: {"using":"xpath","value":"//bdi[text()=\"OK\"]"}
COMMAND: POST /session/918763cbbc85c63b9bd5908a33c44274/elements - {"using":"xpath","value":"//bdi[text()=\"OK\"]"}
RESULT: {"using":"xpath","value":"//bdi[text()=\"OK\"]"}
COMMAND: POST /session/918763cbbc85c63b9bd5908a33c44274/elements - {"using":"xpath","value":"//bdi[text()=\"OK\"]"}
RESULT: {"using":"xpath","value":"//bdi[text()=\"OK\"]"}
COMMAND: POST /session/918763cbbc85c63b9bd5908a33c44274/elements - {"using":"xpath","value":"//bdi[text()=\"OK\"]"}
RESULT: {"using":"xpath","value":"//bdi[text()=\"OK\"]"}
COMMAND: POST /session/918763cbbc85c63b9bd5908a33c44274/elements - {"using":"xpath","value":"//bdi[text()=\"OK\"]"}
RESULT: {"using":"xpath","value":"//bdi[text()=\"OK\"]"}
COMMAND: POST /session/918763cbbc85c63b9bd5908a33c44274/elements - {"using":"xpath","value":"//bdi[text()=\"OK\"]"}
RESULT: {"using":"xpath","value":"//bdi[text()=\"OK\"]"}
COMMAND: POST /session/918763cbbc85c63b9bd5908a33c44274/elements - {"using":"xpath","value":"//bdi[text()=\"OK\"]"}
RESULT: {"using":"xpath","value":"//bdi[text()=\"OK\"]"}
COMMAND: POST /session/918763cbbc85c63b9bd5908a33c44274/elements - {"using":"xpath","value":"//bdi[text()=\"OK\"]"}
RESULT: {"using":"xpath","value":"//bdi[text()=\"OK\"]"}
COMMAND: POST /session/918763cbbc85c63b9bd5908a33c44274/elements - {"using":"xpath","value":"//bdi[text()=\"OK\"]"}
RESULT: {"using":"xpath","value":"//bdi[text()=\"OK\"]"}
COMMAND: POST /session/918763cbbc85c63b9bd5908a33c44274/elements - {"using":"xpath","value":"//bdi[text()=\"OK\"]"}
RESULT: {"using":"xpath","value":"//bdi[text()=\"OK\"]"}
COMMAND: POST /session/918763cbbc85c63b9bd5908a33c44274/elements - {"using":"xpath","value":"//bdi[text()=\"OK\"]"}
RESULT: {"using":"xpath","value":"//bdi[text()=\"OK\"]"}
COMMAND: POST /session/918763cbbc85c63b9bd5908a33c44274/elements - {"using":"xpath","value":"//bdi[text()=\"OK\"]"}
RESULT: {"using":"xpath","value":"//bdi[text()=\"OK\"]"}
COMMAND: POST /session/918763cbbc85c63b9bd5908a33c44274/elements - {"using":"xpath","value":"//bdi[text()=\"OK\"]"}
RESULT: {"using":"xpath","value":"//bdi[text()=\"OK\"]"}
COMMAND: POST /session/918763cbbc85c63b9bd5908a33c44274/elements - {"using":"xpath","value":"//bdi[text()=\"OK\"]"}
RESULT: {"using":"xpath","value":"//bdi[text()=\"OK\"]"}
COMMAND: POST /session/918763cbbc85c63b9bd5908a33c44274/elements - {"using":"xpath","value":"//bdi[text()=\"OK\"]"}
RESULT: {"using":"xpath","value":"//bdi[text()=\"OK\"]"}
COMMAND: POST /session/918763cbbc85c63b9bd5908a33c44274/elements - {"using":"xpath","value":"//bdi[text()=\"OK\"]"}
RESULT: {"using":"xpath","value":"//bdi[text()=\"OK\"]"}
COMMAND: POST /session/918763cbbc85c63b9bd5908a33c44274/elements - {"using":"xpath","value":"//bdi[text()=\"OK\"]"}
RESULT: {"using":"xpath","value":"//bdi[text()=\"OK\"]"}
COMMAND: POST /session/918763cbbc85c63b9bd5908a33c44274/elements - {"using":"xpath","value":"//bdi[text()=\"OK\"]"}
RESULT: {"using":"xpath","value":"//bdi[text()=\"OK\"]"}
COMMAND: POST /session/918763cbbc85c63b9bd5908a33c44274/elements - {"using":"xpath","value":"//bdi[text()=\"OK\"]"}
RESULT: {"using":"xpath","value":"//bdi[text()=\"OK\"]"}
COMMAND: POST /session/918763cbbc85c63b9bd5908a33c44274/elements - {"using":"xpath","value":"//bdi[text()=\"OK\"]"}
RESULT: {"using":"xpath","value":"//bdi[text()=\"OK\"]"}
COMMAND: POST /session/918763cbbc85c63b9bd5908a33c44274/elements - {"using":"xpath","value":"//bdi[text()=\"OK\"]"}
RESULT: {"using":"xpath","value":"//bdi[text()=\"OK\"]"}
COMMAND: POST /session/918763cbbc85c63b9bd5908a33c44274/elements - {"using":"xpath","value":"//bdi[text()=\"OK\"]"}
RESULT: {"using":"xpath","value":"//bdi[text()=\"OK\"]"}
COMMAND: POST /session/918763cbbc85c63b9bd5908a33c44274/elements - {"using":"xpath","value":"//bdi[text()=\"OK\"]"}
RESULT: {"using":"xpath","value":"//bdi[text()=\"OK\"]"}
COMMAND: POST /session/918763cbbc85c63b9bd5908a33c44274/elements - {"using":"xpath","value":"//bdi[text()=\"OK\"]"}
RESULT: {"using":"xpath","value":"//bdi[text()=\"OK\"]"}
COMMAND: POST /session/918763cbbc85c63b9bd5908a33c44274/elements - {"using":"xpath","value":"//bdi[text()=\"OK\"]"}
RESULT: {"using":"xpath","value":"//bdi[text()=\"OK\"]"}
COMMAND: POST /session/918763cbbc85c63b9bd5908a33c44274/elements - {"using":"xpath","value":"//bdi[text()=\"OK\"]"}
RESULT: {"using":"xpath","value":"//bdi[text()=\"OK\"]"}
COMMAND: POST /session/918763cbbc85c63b9bd5908a33c44274/elements - {"using":"xpath","value":"//bdi[text()=\"OK\"]"}
RESULT: {"using":"xpath","value":"//bdi[text()=\"OK\"]"}
COMMAND: POST /session/918763cbbc85c63b9bd5908a33c44274/elements - {"using":"xpath","value":"//bdi[text()=\"OK\"]"}
RESULT: {"using":"xpath","value":"//bdi[text()=\"OK\"]"}
COMMAND: POST /session/918763cbbc85c63b9bd5908a33c44274/elements - {"using":"xpath","value":"//bdi[text()=\"OK\"]"}
RESULT: {"using":"xpath","value":"//bdi[text()=\"OK\"]"}
COMMAND: POST /session/918763cbbc85c63b9bd5908a33c44274/elements - {"using":"xpath","value":"//bdi[text()=\"OK\"]"}
RESULT: {"using":"xpath","value":"//bdi[text()=\"OK\"]"}
COMMAND: POST /session/918763cbbc85c63b9bd5908a33c44274/elements - {"using":"xpath","value":"//bdi[text()=\"OK\"]"}
RESULT: {"using":"xpath","value":"//bdi[text()=\"OK\"]"}
COMMAND: POST /session/918763cbbc85c63b9bd5908a33c44274/elements - {"using":"xpath","value":"//bdi[text()=\"OK\"]"}
RESULT: {"using":"xpath","value":"//bdi[text()=\"OK\"]"}
COMMAND: POST /session/918763cbbc85c63b9bd5908a33c44274/elements - {"using":"xpath","value":"//bdi[text()=\"OK\"]"}
RESULT: {"using":"xpath","value":"//bdi[text()=\"OK\"]"}
COMMAND: POST /session/918763cbbc85c63b9bd5908a33c44274/elements - {"using":"xpath","value":"//bdi[text()=\"OK\"]"}
RESULT: {"using":"xpath","value":"//bdi[text()=\"OK\"]"}
COMMAND: POST /session/918763cbbc85c63b9bd5908a33c44274/elements - {"using":"xpath","value":"//bdi[text()=\"OK\"]"}
RESULT: {"using":"xpath","value":"//bdi[text()=\"OK\"]"}
COMMAND: POST /session/918763cbbc85c63b9bd5908a33c44274/elements - {"using":"xpath","value":"//bdi[text()=\"OK\"]"}
RESULT: {"using":"xpath","value":"//bdi[text()=\"OK\"]"}
COMMAND: POST /session/918763cbbc85c63b9bd5908a33c44274/elements - {"using":"xpath","value":"//bdi[text()=\"OK\"]"}
RESULT: {"using":"xpath","value":"//bdi[text()=\"OK\"]"}
COMMAND: POST /session/918763cbbc85c63b9bd5908a33c44274/elements - {"using":"xpath","value":"//bdi[text()=\"OK\"]"}
RESULT: {"using":"xpath","value":"//bdi[text()=\"OK\"]"}
COMMAND: POST /session/918763cbbc85c63b9bd5908a33c44274/elements - {"using":"xpath","value":"//bdi[text()=\"OK\"]"}
RESULT: {"using":"xpath","value":"//bdi[text()=\"OK\"]"}
COMMAND: POST /session/918763cbbc85c63b9bd5908a33c44274/elements - {"using":"xpath","value":"//bdi[text()=\"OK\"]"}
RESULT: {"using":"xpath","value":"//bdi[text()=\"OK\"]"}
COMMAND: POST /session/918763cbbc85c63b9bd5908a33c44274/elements - {"using":"xpath","value":"//bdi[text()=\"OK\"]"}
RESULT: {"using":"xpath","value":"//bdi[text()=\"OK\"]"}
COMMAND: POST /session/918763cbbc85c63b9bd5908a33c44274/elements - {"using":"xpath","value":"//bdi[text()=\"OK\"]"}
RESULT: {"using":"xpath","value":"//bdi[text()=\"OK\"]"}
COMMAND: POST /session/918763cbbc85c63b9bd5908a33c44274/elements - {"using":"xpath","value":"//bdi[text()=\"OK\"]"}
RESULT: {"using":"xpath","value":"//bdi[text()=\"OK\"]"}
COMMAND: POST /session/918763cbbc85c63b9bd5908a33c44274/elements - {"using":"xpath","value":"//bdi[text()=\"OK\"]"}
RESULT: {"using":"xpath","value":"//bdi[text()=\"OK\"]"}
COMMAND: POST /session/918763cbbc85c63b9bd5908a33c44274/elements - {"using":"xpath","value":"//bdi[text()=\"OK\"]"}
RESULT: {"using":"xpath","value":"//bdi[text()=\"OK\"]"}
COMMAND: POST /session/918763cbbc85c63b9bd5908a33c44274/elements - {"using":"xpath","value":"//bdi[text()=\"OK\"]"}
RESULT: {"using":"xpath","value":"//bdi[text()=\"OK\"]"}
COMMAND: POST /session/918763cbbc85c63b9bd5908a33c44274/elements - {"using":"xpath","value":"//bdi[text()=\"OK\"]"}
RESULT: {"using":"xpath","value":"//bdi[text()=\"OK\"]"}
COMMAND: POST /session/918763cbbc85c63b9bd5908a33c44274/elements - {"using":"xpath","value":"//bdi[text()=\"OK\"]"}
RESULT: {"using":"xpath","value":"//bdi[text()=\"OK\"]"}
COMMAND: POST /session/918763cbbc85c63b9bd5908a33c44274/elements - {"using":"xpath","value":"//bdi[text()=\"OK\"]"}
RESULT: {"using":"xpath","value":"//bdi[text()=\"OK\"]"}
COMMAND: POST /session/918763cbbc85c63b9bd5908a33c44274/elements - {"using":"xpath","value":"//bdi[text()=\"OK\"]"}
RESULT: {"using":"xpath","value":"//bdi[text()=\"OK\"]"}
COMMAND: POST /session/918763cbbc85c63b9bd5908a33c44274/elements - {"using":"xpath","value":"//bdi[text()=\"OK\"]"}
RESULT: {"using":"xpath","value":"//bdi[text()=\"OK\"]"}
COMMAND: POST /session/918763cbbc85c63b9bd5908a33c44274/elements - {"using":"xpath","value":"//bdi[text()=\"OK\"]"}
RESULT: {"using":"xpath","value":"//bdi[text()=\"OK\"]"}
COMMAND: POST /session/918763cbbc85c63b9bd5908a33c44274/elements - {"using":"xpath","value":"//bdi[text()=\"OK\"]"}
RESULT: {"using":"xpath","value":"//bdi[text()=\"OK\"]"}
COMMAND: POST /session/918763cbbc85c63b9bd5908a33c44274/elements - {"using":"xpath","value":"//bdi[text()=\"OK\"]"}
RESULT: {"using":"xpath","value":"//bdi[text()=\"OK\"]"}
COMMAND: POST /session/918763cbbc85c63b9bd5908a33c44274/elements - {"using":"xpath","value":"//bdi[text()=\"OK\"]"}
RESULT: {"using":"xpath","value":"//bdi[text()=\"OK\"]"}
COMMAND: POST /session/918763cbbc85c63b9bd5908a33c44274/elements - {"using":"xpath","value":"//bdi[text()=\"OK\"]"}
RESULT: {"using":"xpath","value":"//bdi[text()=\"OK\"]"}
COMMAND: POST /session/918763cbbc85c63b9bd5908a33c44274/elements - {"using":"xpath","value":"//bdi[text()=\"OK\"]"}
RESULT: {"using":"xpath","value":"//bdi[text()=\"OK\"]"}
COMMAND: POST /session/918763cbbc85c63b9bd5908a33c44274/elements - {"using":"xpath","value":"//bdi[text()=\"OK\"]"}
RESULT: {"using":"xpath","value":"//bdi[text()=\"OK\"]"}
COMMAND: POST /session/918763cbbc85c63b9bd5908a33c44274/elements - {"using":"xpath","value":"//bdi[text()=\"OK\"]"}
RESULT: {"using":"xpath","value":"//bdi[text()=\"OK\"]"}
COMMAND: POST /session/918763cbbc85c63b9bd5908a33c44274/elements - {"using":"xpath","value":"//bdi[text()=\"OK\"]"}
RESULT: {"using":"xpath","value":"//bdi[text()=\"OK\"]"}
COMMAND: POST /session/918763cbbc85c63b9bd5908a33c44274/elements - {"using":"xpath","value":"//bdi[text()=\"OK\"]"}
RESULT: {"using":"xpath","value":"//bdi[text()=\"OK\"]"}
COMMAND: POST /session/918763cbbc85c63b9bd5908a33c44274/elements - {"using":"xpath","value":"//bdi[text()=\"OK\"]"}
RESULT: {"using":"xpath","value":"//bdi[text()=\"OK\"]"}
COMMAND: POST /session/918763cbbc85c63b9bd5908a33c44274/elements - {"using":"xpath","value":"//bdi[text()=\"OK\"]"}
RESULT: {"using":"xpath","value":"//bdi[text()=\"OK\"]"}
COMMAND: POST /session/918763cbbc85c63b9bd5908a33c44274/elements - {"using":"xpath","value":"//bdi[text()=\"OK\"]"}
RESULT: {"using":"xpath","value":"//bdi[text()=\"OK\"]"}
COMMAND: POST /session/918763cbbc85c63b9bd5908a33c44274/elements - {"using":"xpath","value":"//bdi[text()=\"OK\"]"}
RESULT: {"using":"xpath","value":"//bdi[text()=\"OK\"]"}
COMMAND: POST /session/918763cbbc85c63b9bd5908a33c44274/elements - {"using":"xpath","value":"//bdi[text()=\"OK\"]"}
RESULT: {"using":"xpath","value":"//bdi[text()=\"OK\"]"}
COMMAND: POST /session/918763cbbc85c63b9bd5908a33c44274/elements - {"using":"xpath","value":"//bdi[text()=\"OK\"]"}
RESULT: {"using":"xpath","value":"//bdi[text()=\"OK\"]"}
COMMAND: POST /session/918763cbbc85c63b9bd5908a33c44274/elements - {"using":"xpath","value":"//bdi[text()=\"OK\"]"}
RESULT: {"using":"xpath","value":"//bdi[text()=\"OK\"]"}
COMMAND: POST /session/918763cbbc85c63b9bd5908a33c44274/elements - {"using":"xpath","value":"//bdi[text()=\"OK\"]"}
RESULT: {"using":"xpath","value":"//bdi[text()=\"OK\"]"}
COMMAND: POST /session/918763cbbc85c63b9bd5908a33c44274/elements - {"using":"xpath","value":"//bdi[text()=\"OK\"]"}
RESULT: {"using":"xpath","value":"//bdi[text()=\"OK\"]"}
COMMAND: POST /session/918763cbbc85c63b9bd5908a33c44274/elements - {"using":"xpath","value":"//bdi[text()=\"OK\"]"}
RESULT: {"using":"xpath","value":"//bdi[text()=\"OK\"]"}
COMMAND: POST /session/918763cbbc85c63b9bd5908a33c44274/elements - {"using":"xpath","value":"//bdi[text()=\"OK\"]"}
RESULT: {"using":"xpath","value":"//bdi[text()=\"OK\"]"}
COMMAND: POST /session/918763cbbc85c63b9bd5908a33c44274/elements - {"using":"xpath","value":"//bdi[text()=\"OK\"]"}
RESULT: {"using":"xpath","value":"//bdi[text()=\"OK\"]"}
COMMAND: POST /session/918763cbbc85c63b9bd5908a33c44274/elements - {"using":"xpath","value":"//bdi[text()=\"OK\"]"}
RESULT: {"using":"xpath","value":"//bdi[text()=\"OK\"]"}
COMMAND: POST /session/918763cbbc85c63b9bd5908a33c44274/elements - {"using":"xpath","value":"//bdi[text()=\"OK\"]"}
RESULT: {"using":"xpath","value":"//bdi[text()=\"OK\"]"}
COMMAND: POST /session/918763cbbc85c63b9bd5908a33c44274/elements - {"using":"xpath","value":"//bdi[text()=\"OK\"]"}
RESULT: {"using":"xpath","value":"//bdi[text()=\"OK\"]"}
COMMAND: POST /session/918763cbbc85c63b9bd5908a33c44274/elements - {"using":"xpath","value":"//bdi[text()=\"OK\"]"}
RESULT: {"using":"xpath","value":"//bdi[text()=\"OK\"]"}
COMMAND: POST /session/918763cbbc85c63b9bd5908a33c44274/elements - {"using":"xpath","value":"//bdi[text()=\"OK\"]"}
RESULT: {"using":"xpath","value":"//bdi[text()=\"OK\"]"}
COMMAND: POST /session/918763cbbc85c63b9bd5908a33c44274/elements - {"using":"xpath","value":"//bdi[text()=\"OK\"]"}
RESULT: {"using":"xpath","value":"//bdi[text()=\"OK\"]"}
COMMAND: POST /session/918763cbbc85c63b9bd5908a33c44274/elements - {"using":"xpath","value":"//bdi[text()=\"OK\"]"}
RESULT: {"using":"xpath","value":"//bdi[text()=\"OK\"]"}
COMMAND: POST /session/918763cbbc85c63b9bd5908a33c44274/elements - {"using":"xpath","value":"//bdi[text()=\"OK\"]"}
RESULT: {"using":"xpath","value":"//bdi[text()=\"OK\"]"}
COMMAND: POST /session/918763cbbc85c63b9bd5908a33c44274/elements - {"using":"xpath","value":"//bdi[text()=\"OK\"]"}
RESULT: {"using":"xpath","value":"//bdi[text()=\"OK\"]"}
COMMAND: POST /session/918763cbbc85c63b9bd5908a33c44274/elements - {"using":"xpath","value":"//bdi[text()=\"OK\"]"}
RESULT: {"using":"xpath","value":"//bdi[text()=\"OK\"]"}
COMMAND: POST /session/918763cbbc85c63b9bd5908a33c44274/elements - {"using":"xpath","value":"//bdi[text()=\"OK\"]"}
RESULT: {"using":"xpath","value":"//bdi[text()=\"OK\"]"}
COMMAND: POST /session/918763cbbc85c63b9bd5908a33c44274/elements - {"using":"xpath","value":"//bdi[text()=\"OK\"]"}
RESULT: {"using":"xpath","value":"//bdi[text()=\"OK\"]"}
COMMAND: POST /session/918763cbbc85c63b9bd5908a33c44274/elements - {"using":"xpath","value":"//bdi[text()=\"OK\"]"}
RESULT: {"using":"xpath","value":"//bdi[text()=\"OK\"]"}
COMMAND: POST /session/918763cbbc85c63b9bd5908a33c44274/elements - {"using":"xpath","value":"//bdi[text()=\"OK\"]"}
RESULT: {"using":"xpath","value":"//bdi[text()=\"OK\"]"}
COMMAND: POST /session/918763cbbc85c63b9bd5908a33c44274/elements - {"using":"xpath","value":"//bdi[text()=\"OK\"]"}
RESULT: {"using":"xpath","value":"//bdi[text()=\"OK\"]"}
COMMAND: POST /session/918763cbbc85c63b9bd5908a33c44274/elements - {"using":"xpath","value":"//bdi[text()=\"OK\"]"}
RESULT: {"using":"xpath","value":"//bdi[text()=\"OK\"]"}
COMMAND: POST /session/918763cbbc85c63b9bd5908a33c44274/elements - {"using":"xpath","value":"//bdi[text()=\"OK\"]"}
RESULT: {"using":"xpath","value":"//bdi[text()=\"OK\"]"}
COMMAND: POST /session/918763cbbc85c63b9bd5908a33c44274/elements - {"using":"xpath","value":"//bdi[text()=\"OK\"]"}
RESULT: {"using":"xpath","value":"//bdi[text()=\"OK\"]"}
COMMAND: POST /session/918763cbbc85c63b9bd5908a33c44274/elements - {"using":"xpath","value":"//bdi[text()=\"OK\"]"}
RESULT: {"using":"xpath","value":"//bdi[text()=\"OK\"]"}
COMMAND: POST /session/918763cbbc85c63b9bd5908a33c44274/elements - {"using":"xpath","value":"//bdi[text()=\"OK\"]"}
RESULT: {"using":"xpath","value":"//bdi[text()=\"OK\"]"}
COMMAND: POST /session/918763cbbc85c63b9bd5908a33c44274/elements - {"using":"xpath","value":"//bdi[text()=\"OK\"]"}
RESULT: {"using":"xpath","value":"//bdi[text()=\"OK\"]"}
COMMAND: POST /session/918763cbbc85c63b9bd5908a33c44274/elements - {"using":"xpath","value":"//bdi[text()=\"OK\"]"}
RESULT: {"using":"xpath","value":"//bdi[text()=\"OK\"]"}
COMMAND: POST /session/918763cbbc85c63b9bd5908a33c44274/elements - {"using":"xpath","value":"//bdi[text()=\"OK\"]"}
RESULT: {"using":"xpath","value":"//bdi[text()=\"OK\"]"}
COMMAND: POST /session/918763cbbc85c63b9bd5908a33c44274/elements - {"using":"xpath","value":"//bdi[text()=\"OK\"]"}
RESULT: {"using":"xpath","value":"//bdi[text()=\"OK\"]"}
COMMAND: POST /session/918763cbbc85c63b9bd5908a33c44274/elements - {"using":"xpath","value":"//bdi[text()=\"OK\"]"}
COMMAND: POST /session/918763cbbc85c63b9bd5908a33c44274/execute/async - {"script":"<script> [1562 bytes]","args":[{"selector":{"id":"application-manageresources-display-component---newResourceUnit--TYPE-arrow"},"wdio_ui5_key":"applicationmanageresources-display-component---newResourceUnit--TYPE-arrow"}]}
RESULT: {"using":"xpath","value":"//bdi[text()=\"OK\"]"}
RESULT: {"script":"<script> [1562 bytes]","args":[{"selector":{"id":"application-manageresources-display-component---newResourceUnit--TYPE-arrow"},"wdio_ui5_key":"applicationmanageresources-display-component---newResourceUnit--TYPE-arrow"}]}
RESULT: undefined
COMMAND: POST /session/918763cbbc85c63b9bd5908a33c44274/element - {"using":"xpath","value":"//*[@id=\"application-manageresources-display-component---newResourceUnit--TYPE-arrow\"]"}
RESULT: {"using":"xpath","value":"//*[@id=\"application-manageresources-display-component---newResourceUnit--TYPE-arrow\"]"}
COMMAND: POST /session/918763cbbc85c63b9bd5908a33c44274/element/f.C58A9DC514FFE328F82A7A8F67B7EF56.d.D3736733930CD2CD7203BFC8F8908073.e.6073/click - {}
RESULT: {}
COMMAND: POST /session/918763cbbc85c63b9bd5908a33c44274/execute/async - {"script":"<script> [1562 bytes]","args":[{"selector":{"controlType":"sap.m.StandardListItem","viewName":"reusables.view.manageresources.NewResourceUnit","viewId":"application-manageresources-display-component---newResourceUnit","properties":{"title":"Material"},"searchOpenDialogs":true,"interaction":{"idSuffix":"titleText"}},"wdio_ui5_key":"reusablesview.manageresources.NewResourceUnitsap.m.StandardListItem{\"title\":\"Material\"}"}]}
COMMAND: GET /session/918763cbbc85c63b9bd5908a33c44274/screenshot - {}
RESULT: {"script":"<script> [1562 bytes]","args":[{"selector":{"controlType":"sap.m.StandardListItem","viewName":"reusables.view.manageresources.NewResourceUnit","viewId":"application-manageresources-display-component---newResourceUnit","properties":{"title":"Material"},"searchOpenDialogs":true,"interaction":{"idSuffix":"titleText"}},"wdio_ui5_key":"reusablesview.manageresources.NewResourceUnitsap.m.StandardListItem{\"title\":\"Material\"}"}]}
RESULT: undefined
COMMAND: POST /session/918763cbbc85c63b9bd5908a33c44274/element - {"using":"xpath","value":"//*[@id=\"__item142\"]"}
RESULT: {}
RESULT: {"using":"xpath","value":"//*[@id=\"__item142\"]"}
COMMAND: POST /session/918763cbbc85c63b9bd5908a33c44274/element/f.C58A9DC514FFE328F82A7A8F67B7EF56.d.D3736733930CD2CD7203BFC8F8908073.e.6076/click - {}
RESULT: {}
COMMAND: POST /session/918763cbbc85c63b9bd5908a33c44274/execute/async - {"script":"<script> [1562 bytes]","args":[{"selector":{"id":"application-manageresources-display-component---newResourceUnit--SHORT_TEXT","interaction":{"idSuffix":"inner"}},"wdio_ui5_key":"applicationmanageresources-display-component---newResourceUnit--SHORT_TEXT"}]}
COMMAND: GET /session/918763cbbc85c63b9bd5908a33c44274/screenshot - {}
RESULT: {"script":"<script> [1562 bytes]","args":[{"selector":{"id":"application-manageresources-display-component---newResourceUnit--SHORT_TEXT","interaction":{"idSuffix":"inner"}},"wdio_ui5_key":"applicationmanageresources-display-component---newResourceUnit--SHORT_TEXT"}]}
RESULT: undefined
COMMAND: POST /session/918763cbbc85c63b9bd5908a33c44274/execute/async - {"script":"<script> [776 bytes]","args":[{"enterText":"WebdriverRU R2C0anrh","selector":{"id":"application-manageresources-display-component---newResourceUnit--SHORT_TEXT","interaction":{"idSuffix":"inner"}},"clearTextFirst":true,"interactionType":"ENTER_TEXT"}]}
RESULT: {}
RESULT: {"script":"<script> [776 bytes]","args":[{"enterText":"WebdriverRU R2C0anrh","selector":{"id":"application-manageresources-display-component---newResourceUnit--SHORT_TEXT","interaction":{"idSuffix":"inner"}},"clearTextFirst":true,"interactionType":"ENTER_TEXT"}]}
COMMAND: POST /session/918763cbbc85c63b9bd5908a33c44274/execute/async - {"script":"<script> [1562 bytes]","args":[{"selector":{"id":"application-manageresources-display-component---newResourceUnit--BASE_UNIT_OF_MEASURE-arrow"},"wdio_ui5_key":"applicationmanageresources-display-component---newResourceUnit--BASE_UNIT_OF_MEASURE-arrow"}]}
RESULT: {"script":"<script> [1562 bytes]","args":[{"selector":{"id":"application-manageresources-display-component---newResourceUnit--BASE_UNIT_OF_MEASURE-arrow"},"wdio_ui5_key":"applicationmanageresources-display-component---newResourceUnit--BASE_UNIT_OF_MEASURE-arrow"}]}
RESULT: undefined
COMMAND: POST /session/918763cbbc85c63b9bd5908a33c44274/element - {"using":"xpath","value":"//*[@id=\"application-manageresources-display-component---newResourceUnit--BASE_UNIT_OF_MEASURE-arrow\"]"}
RESULT: {"using":"xpath","value":"//*[@id=\"application-manageresources-display-component---newResourceUnit--BASE_UNIT_OF_MEASURE-arrow\"]"}
COMMAND: POST /session/918763cbbc85c63b9bd5908a33c44274/element/f.C58A9DC514FFE328F82A7A8F67B7EF56.d.D3736733930CD2CD7203BFC8F8908073.e.6134/click - {}
RESULT: {}
COMMAND: POST /session/918763cbbc85c63b9bd5908a33c44274/execute/async - {"script":"<script> [1562 bytes]","args":[{"selector":{"controlType":"sap.m.StandardListItem","viewName":"reusables.view.manageresources.NewResourceUnit","viewId":"application-manageresources-display-component---newResourceUnit","properties":{"title":"Piece"},"searchOpenDialogs":true,"interaction":{"idSuffix":"titleText"}},"wdio_ui5_key":"reusablesview.manageresources.NewResourceUnitsap.m.StandardListItem{\"title\":\"Piece\"}"}]}
COMMAND: GET /session/918763cbbc85c63b9bd5908a33c44274/screenshot - {}
RESULT: {"script":"<script> [1562 bytes]","args":[{"selector":{"controlType":"sap.m.StandardListItem","viewName":"reusables.view.manageresources.NewResourceUnit","viewId":"application-manageresources-display-component---newResourceUnit","properties":{"title":"Piece"},"searchOpenDialogs":true,"interaction":{"idSuffix":"titleText"}},"wdio_ui5_key":"reusablesview.manageresources.NewResourceUnitsap.m.StandardListItem{\"title\":\"Piece\"}"}]}
RESULT: undefined
COMMAND: POST /session/918763cbbc85c63b9bd5908a33c44274/element - {"using":"xpath","value":"//*[@id=\"__item186\"]"}
RESULT: {}
RESULT: {"using":"xpath","value":"//*[@id=\"__item186\"]"}
COMMAND: POST /session/918763cbbc85c63b9bd5908a33c44274/element/f.C58A9DC514FFE328F82A7A8F67B7EF56.d.D3736733930CD2CD7203BFC8F8908073.e.6136/click - {}
RESULT: {}
COMMAND: POST /session/918763cbbc85c63b9bd5908a33c44274/execute/async - {"script":"<script> [1562 bytes]","args":[{"selector":{"id":"application-manageresources-display-component---newResourceUnit--WEIGHT_UNIT-arrow"},"wdio_ui5_key":"applicationmanageresources-display-component---newResourceUnit--WEIGHT_UNIT-arrow"}]}
COMMAND: GET /session/918763cbbc85c63b9bd5908a33c44274/screenshot - {}
RESULT: {"script":"<script> [1562 bytes]","args":[{"selector":{"id":"application-manageresources-display-component---newResourceUnit--WEIGHT_UNIT-arrow"},"wdio_ui5_key":"applicationmanageresources-display-component---newResourceUnit--WEIGHT_UNIT-arrow"}]}
RESULT: undefined
COMMAND: POST /session/918763cbbc85c63b9bd5908a33c44274/element - {"using":"xpath","value":"//*[@id=\"application-manageresources-display-component---newResourceUnit--WEIGHT_UNIT-arrow\"]"}
RESULT: {}
RESULT: {"using":"xpath","value":"//*[@id=\"application-manageresources-display-component---newResourceUnit--WEIGHT_UNIT-arrow\"]"}
COMMAND: POST /session/918763cbbc85c63b9bd5908a33c44274/element/f.C58A9DC514FFE328F82A7A8F67B7EF56.d.D3736733930CD2CD7203BFC8F8908073.e.6137/click - {}
RESULT: {}
COMMAND: POST /session/918763cbbc85c63b9bd5908a33c44274/execute/async - {"script":"<script> [1562 bytes]","args":[{"selector":{"controlType":"sap.m.StandardListItem","viewName":"reusables.view.manageresources.NewResourceUnit","viewId":"application-manageresources-display-component---newResourceUnit","properties":{"title":"Gram"},"searchOpenDialogs":true,"interaction":{"idSuffix":"content"}},"wdio_ui5_key":"reusablesview.manageresources.NewResourceUnitsap.m.StandardListItem{\"title\":\"Gram\"}"}]}
COMMAND: GET /session/918763cbbc85c63b9bd5908a33c44274/screenshot - {}
RESULT: {"script":"<script> [1562 bytes]","args":[{"selector":{"controlType":"sap.m.StandardListItem","viewName":"reusables.view.manageresources.NewResourceUnit","viewId":"application-manageresources-display-component---newResourceUnit","properties":{"title":"Gram"},"searchOpenDialogs":true,"interaction":{"idSuffix":"content"}},"wdio_ui5_key":"reusablesview.manageresources.NewResourceUnitsap.m.StandardListItem{\"title\":\"Gram\"}"}]}
RESULT: undefined
COMMAND: POST /session/918763cbbc85c63b9bd5908a33c44274/element - {"using":"xpath","value":"//*[@id=\"__item251\"]"}
RESULT: {}
RESULT: {"using":"xpath","value":"//*[@id=\"__item251\"]"}
COMMAND: POST /session/918763cbbc85c63b9bd5908a33c44274/element/f.C58A9DC514FFE328F82A7A8F67B7EF56.d.D3736733930CD2CD7203BFC8F8908073.e.6139/click - {}
RESULT: {}
COMMAND: GET /session/918763cbbc85c63b9bd5908a33c44274/screenshot - {}
RESULT: {}
COMMAND: POST /session/918763cbbc85c63b9bd5908a33c44274/execute/async - {"script":"<script> [1562 bytes]","args":[{"selector":{"id":"application-manageresources-display-component---newResourceUnit--newRRUPage-OPHeaderContent-collapseBtn-img"},"wdio_ui5_key":"applicationmanageresources-display-component---newResourceUnit--newRRUPage-OPHeaderContent-collapseBtn-img"}]}
RESULT: {"script":"<script> [1562 bytes]","args":[{"selector":{"id":"application-manageresources-display-component---newResourceUnit--newRRUPage-OPHeaderContent-collapseBtn-img"},"wdio_ui5_key":"applicationmanageresources-display-component---newResourceUnit--newRRUPage-OPHeaderContent-collapseBtn-img"}]}
RESULT: undefined
COMMAND: POST /session/918763cbbc85c63b9bd5908a33c44274/element - {"using":"xpath","value":"//*[@id=\"application-manageresources-display-component---newResourceUnit--newRRUPage-OPHeaderContent-collapseBtn-img\"]"}
RESULT: {"using":"xpath","value":"//*[@id=\"application-manageresources-display-component---newResourceUnit--newRRUPage-OPHeaderContent-collapseBtn-img\"]"}
COMMAND: POST /session/918763cbbc85c63b9bd5908a33c44274/element/f.C58A9DC514FFE328F82A7A8F67B7EF56.d.D3736733930CD2CD7203BFC8F8908073.e.6085/click - {}
RESULT: {}
COMMAND: GET /session/918763cbbc85c63b9bd5908a33c44274/screenshot - {}
RESULT: {}
COMMAND: POST /session/918763cbbc85c63b9bd5908a33c44274/element - {"using":"xpath","value":"(//span[contains(@id ,\"application-manageresources-display-component---newResourceUnit--DIMENSION_UNIT-arrow\")])[1]"}
RESULT: {"using":"xpath","value":"(//span[contains(@id ,\"application-manageresources-display-component---newResourceUnit--DIMENSION_UNIT-arrow\")])[1]"}
COMMAND: POST /session/918763cbbc85c63b9bd5908a33c44274/element/f.C58A9DC514FFE328F82A7A8F67B7EF56.d.D3736733930CD2CD7203BFC8F8908073.e.6145/click - {}
RESULT: {}
COMMAND: GET /session/918763cbbc85c63b9bd5908a33c44274/screenshot - {}
RESULT: {}
COMMAND: POST /session/918763cbbc85c63b9bd5908a33c44274/execute/async - {"script":"<script> [1562 bytes]","args":[{"selector":{"controlType":"sap.m.StandardListItem","viewName":"reusables.view.manageresources.NewResourceUnit","viewId":"application-manageresources-display-component---newResourceUnit","properties":{"title":"Centimeter"},"searchOpenDialogs":true,"interaction":{"idSuffix":"titleText"}},"wdio_ui5_key":"reusablesview.manageresources.NewResourceUnitsap.m.StandardListItem{\"title\":\"Centimeter\"}"}]}
RESULT: {"script":"<script> [1562 bytes]","args":[{"selector":{"controlType":"sap.m.StandardListItem","viewName":"reusables.view.manageresources.NewResourceUnit","viewId":"application-manageresources-display-component---newResourceUnit","properties":{"title":"Centimeter"},"searchOpenDialogs":true,"interaction":{"idSuffix":"titleText"}},"wdio_ui5_key":"reusablesview.manageresources.NewResourceUnitsap.m.StandardListItem{\"title\":\"Centimeter\"}"}]}
RESULT: undefined
COMMAND: POST /session/918763cbbc85c63b9bd5908a33c44274/element - {"using":"xpath","value":"//*[@id=\"__item254\"]"}
RESULT: {"using":"xpath","value":"//*[@id=\"__item254\"]"}
COMMAND: POST /session/918763cbbc85c63b9bd5908a33c44274/element/f.C58A9DC514FFE328F82A7A8F67B7EF56.d.D3736733930CD2CD7203BFC8F8908073.e.6147/click - {}
RESULT: {}
COMMAND: GET /session/918763cbbc85c63b9bd5908a33c44274/screenshot - {}
RESULT: {}
COMMAND: POST /session/918763cbbc85c63b9bd5908a33c44274/execute/async - {"script":"<script> [1562 bytes]","args":[{"selector":{"id":"application-manageresources-display-component---newResourceUnit--newRRUPage-anchBar-application-manageresources-display-component---newResourceUnit--reference-anchor","interaction":{"idSuffix":"BDI-content"}},"wdio_ui5_key":"applicationmanageresources-display-component---newResourceUnit--newRRUPage-anchBar-application-manageresources-display-component---newResourceUnit--reference-anchor"}]}
RESULT: {"script":"<script> [1562 bytes]","args":[{"selector":{"id":"application-manageresources-display-component---newResourceUnit--newRRUPage-anchBar-application-manageresources-display-component---newResourceUnit--reference-anchor","interaction":{"idSuffix":"BDI-content"}},"wdio_ui5_key":"applicationmanageresources-display-component---newResourceUnit--newRRUPage-anchBar-application-manageresources-display-component---newResourceUnit--reference-anchor"}]}
RESULT: undefined
COMMAND: POST /session/918763cbbc85c63b9bd5908a33c44274/element - {"using":"xpath","value":"//*[@id=\"application-manageresources-display-component---newResourceUnit--newRRUPage-anchBar-application-manageresources-display-component---newResourceUnit--reference-anchor\"]"}
RESULT: {"using":"xpath","value":"//*[@id=\"application-manageresources-display-component---newResourceUnit--newRRUPage-anchBar-application-manageresources-display-component---newResourceUnit--reference-anchor\"]"}
COMMAND: POST /session/918763cbbc85c63b9bd5908a33c44274/element/f.C58A9DC514FFE328F82A7A8F67B7EF56.d.D3736733930CD2CD7203BFC8F8908073.e.6149/click - {}
RESULT: {}
COMMAND: POST /session/918763cbbc85c63b9bd5908a33c44274/execute/async - {"script":"<script> [1562 bytes]","args":[{"selector":{"id":"application-manageresources-display-component---newResourceUnit--PLANNING_GROUP-arrow"},"wdio_ui5_key":"applicationmanageresources-display-component---newResourceUnit--PLANNING_GROUP-arrow"}]}
COMMAND: GET /session/918763cbbc85c63b9bd5908a33c44274/screenshot - {}
RESULT: {"script":"<script> [1562 bytes]","args":[{"selector":{"id":"application-manageresources-display-component---newResourceUnit--PLANNING_GROUP-arrow"},"wdio_ui5_key":"applicationmanageresources-display-component---newResourceUnit--PLANNING_GROUP-arrow"}]}
RESULT: undefined
COMMAND: POST /session/918763cbbc85c63b9bd5908a33c44274/element - {"using":"xpath","value":"//*[@id=\"application-manageresources-display-component---newResourceUnit--PLANNING_GROUP-arrow\"]"}
RESULT: {}
RESULT: {"using":"xpath","value":"//*[@id=\"application-manageresources-display-component---newResourceUnit--PLANNING_GROUP-arrow\"]"}
COMMAND: POST /session/918763cbbc85c63b9bd5908a33c44274/element/f.C58A9DC514FFE328F82A7A8F67B7EF56.d.D3736733930CD2CD7203BFC8F8908073.e.6153/click - {}
RESULT: {}
COMMAND: POST /session/918763cbbc85c63b9bd5908a33c44274/execute/async - {"script":"<script> [1562 bytes]","args":[{"selector":{"controlType":"sap.m.StandardListItem","viewName":"reusables.view.manageresources.NewResourceUnit","viewId":"application-manageresources-display-component---newResourceUnit","properties":{"title":"Heavy Equi"},"searchOpenDialogs":true,"interaction":{"idSuffix":"content"}},"wdio_ui5_key":"reusablesview.manageresources.NewResourceUnitsap.m.StandardListItem{\"title\":\"Heavy Equi\"}"}]}
COMMAND: GET /session/918763cbbc85c63b9bd5908a33c44274/screenshot - {}
RESULT: {"script":"<script> [1562 bytes]","args":[{"selector":{"controlType":"sap.m.StandardListItem","viewName":"reusables.view.manageresources.NewResourceUnit","viewId":"application-manageresources-display-component---newResourceUnit","properties":{"title":"Heavy Equi"},"searchOpenDialogs":true,"interaction":{"idSuffix":"content"}},"wdio_ui5_key":"reusablesview.manageresources.NewResourceUnitsap.m.StandardListItem{\"title\":\"Heavy Equi\"}"}]}
RESULT: undefined
COMMAND: POST /session/918763cbbc85c63b9bd5908a33c44274/element - {"using":"xpath","value":"//*[@id=\"__item262\"]"}
RESULT: {}
RESULT: {"using":"xpath","value":"//*[@id=\"__item262\"]"}
COMMAND: POST /session/918763cbbc85c63b9bd5908a33c44274/element/f.C58A9DC514FFE328F82A7A8F67B7EF56.d.D3736733930CD2CD7203BFC8F8908073.e.6157/click - {}
RESULT: {}
COMMAND: GET /session/918763cbbc85c63b9bd5908a33c44274/screenshot - {}
RESULT: {}
COMMAND: POST /session/918763cbbc85c63b9bd5908a33c44274/execute/async - {"script":"<script> [1562 bytes]","args":[{"selector":{"id":"application-manageresources-display-component---newResourceUnit--PLANNING_INDICATOR-arrow"},"wdio_ui5_key":"applicationmanageresources-display-component---newResourceUnit--PLANNING_INDICATOR-arrow"}]}
RESULT: {"script":"<script> [1562 bytes]","args":[{"selector":{"id":"application-manageresources-display-component---newResourceUnit--PLANNING_INDICATOR-arrow"},"wdio_ui5_key":"applicationmanageresources-display-component---newResourceUnit--PLANNING_INDICATOR-arrow"}]}
RESULT: undefined
COMMAND: POST /session/918763cbbc85c63b9bd5908a33c44274/element - {"using":"xpath","value":"//*[@id=\"application-manageresources-display-component---newResourceUnit--PLANNING_INDICATOR-arrow\"]"}
RESULT: {"using":"xpath","value":"//*[@id=\"application-manageresources-display-component---newResourceUnit--PLANNING_INDICATOR-arrow\"]"}
COMMAND: POST /session/918763cbbc85c63b9bd5908a33c44274/element/f.C58A9DC514FFE328F82A7A8F67B7EF56.d.D3736733930CD2CD7203BFC8F8908073.e.6158/click - {}
RESULT: {}
COMMAND: POST /session/918763cbbc85c63b9bd5908a33c44274/execute/async - {"script":"<script> [1562 bytes]","args":[{"selector":{"controlType":"sap.m.StandardListItem","viewName":"reusables.view.manageresources.NewResourceUnit","viewId":"application-manageresources-display-component---newResourceUnit","properties":{"title":"10 - infinite"},"searchOpenDialogs":true,"interaction":{"idSuffix":"content"}},"wdio_ui5_key":"reusablesview.manageresources.NewResourceUnitsap.m.StandardListItem{\"title\":\"10 - infinite\"}"}]}
COMMAND: GET /session/918763cbbc85c63b9bd5908a33c44274/screenshot - {}
RESULT: {"script":"<script> [1562 bytes]","args":[{"selector":{"controlType":"sap.m.StandardListItem","viewName":"reusables.view.manageresources.NewResourceUnit","viewId":"application-manageresources-display-component---newResourceUnit","properties":{"title":"10 - infinite"},"searchOpenDialogs":true,"interaction":{"idSuffix":"content"}},"wdio_ui5_key":"reusablesview.manageresources.NewResourceUnitsap.m.StandardListItem{\"title\":\"10 - infinite\"}"}]}
RESULT: undefined
COMMAND: POST /session/918763cbbc85c63b9bd5908a33c44274/element - {"using":"xpath","value":"//*[@id=\"__item272\"]"}
RESULT: {}
RESULT: {"using":"xpath","value":"//*[@id=\"__item272\"]"}
COMMAND: POST /session/918763cbbc85c63b9bd5908a33c44274/element/f.C58A9DC514FFE328F82A7A8F67B7EF56.d.D3736733930CD2CD7203BFC8F8908073.e.6160/click - {}
RESULT: {}
COMMAND: GET /session/918763cbbc85c63b9bd5908a33c44274/screenshot - {}
RESULT: {}
COMMAND: POST /session/918763cbbc85c63b9bd5908a33c44274/element - {"using":"xpath","value":"//bdi[contains(text(), \"Time Segment\")]"}
RESULT: {"using":"xpath","value":"//bdi[contains(text(), \"Time Segment\")]"}
COMMAND: GET /session/918763cbbc85c63b9bd5908a33c44274/element/f.C58A9DC514FFE328F82A7A8F67B7EF56.d.D3736733930CD2CD7203BFC8F8908073.e.6161/rect - {}
RESULT: {}
COMMAND: GET /session/918763cbbc85c63b9bd5908a33c44274/window/rect - {}
RESULT: {}
COMMAND: POST /session/918763cbbc85c63b9bd5908a33c44274/execute/sync - {"script":"<script> [92 bytes]","args":[]}
RESULT: {"script":"<script> [92 bytes]","args":[]}
COMMAND: POST /session/918763cbbc85c63b9bd5908a33c44274/actions - {"actions":[{"id":"action17","type":"wheel","parameters":{},"actions":[{"type":"scroll","x":-1820,"y":-21,"deltaX":0,"deltaY":0,"duration":0,"origin":{"element-6066-11e4-a52e-4f735466cecf":"f.C58A9DC514FFE328F82A7A8F67B7EF56.d.D3736733930CD2CD7203BFC8F8908073.e.6161"}}]}]}
COMMAND: GET /session/918763cbbc85c63b9bd5908a33c44274/screenshot - {}
RESULT: {}
COMMAND: POST /session/918763cbbc85c63b9bd5908a33c44274/execute/sync - {"script":"<script> [79 bytes]","args":[{"element-6066-11e4-a52e-4f735466cecf":"f.C58A9DC514FFE328F82A7A8F67B7EF56.d.D3736733930CD2CD7203BFC8F8908073.e.6161","ELEMENT":"f.C58A9DC514FFE328F82A7A8F67B7EF56.d.D3736733930CD2CD7203BFC8F8908073.e.6161"},{"block":"start","inline":"nearest"}]}
RESULT: {"script":"<script> [79 bytes]","args":[{"element-6066-11e4-a52e-4f735466cecf":"f.C58A9DC514FFE328F82A7A8F67B7EF56.d.D3736733930CD2CD7203BFC8F8908073.e.6161","ELEMENT":"f.C58A9DC514FFE328F82A7A8F67B7EF56.d.D3736733930CD2CD7203BFC8F8908073.e.6161"},{"block":"start","inline":"nearest"}]}
COMMAND: GET /session/918763cbbc85c63b9bd5908a33c44274/screenshot - {}
RESULT: {}
COMMAND: POST /session/918763cbbc85c63b9bd5908a33c44274/element - {"using":"xpath","value":"//span[@id=\"application-manageresources-display-component---newResourceUnit--btnAddTimeSegment-img\"]"}
RESULT: {"using":"xpath","value":"//span[@id=\"application-manageresources-display-component---newResourceUnit--btnAddTimeSegment-img\"]"}
COMMAND: POST /session/918763cbbc85c63b9bd5908a33c44274/execute/sync - {"script":"<script> [8489 bytes]","args":[{"element-6066-11e4-a52e-4f735466cecf":"f.C58A9DC514FFE328F82A7A8F67B7EF56.d.D3736733930CD2CD7203BFC8F8908073.e.6164","ELEMENT":"f.C58A9DC514FFE328F82A7A8F67B7EF56.d.D3736733930CD2CD7203BFC8F8908073.e.6164"}]}
RESULT: {"script":"<script> [8489 bytes]","args":[{"element-6066-11e4-a52e-4f735466cecf":"f.C58A9DC514FFE328F82A7A8F67B7EF56.d.D3736733930CD2CD7203BFC8F8908073.e.6164","ELEMENT":"f.C58A9DC514FFE328F82A7A8F67B7EF56.d.D3736733930CD2CD7203BFC8F8908073.e.6164"}]}
COMMAND: POST /session/918763cbbc85c63b9bd5908a33c44274/element/f.C58A9DC514FFE328F82A7A8F67B7EF56.d.D3736733930CD2CD7203BFC8F8908073.e.6164/click - {}
COMMAND: GET /session/918763cbbc85c63b9bd5908a33c44274/screenshot - {}
RESULT: {}
COMMAND: GET /session/918763cbbc85c63b9bd5908a33c44274/screenshot - {}
COMMAND: POST /session/918763cbbc85c63b9bd5908a33c44274/element - {"using":"xpath","value":"//input[@id=\"application-manageresources-display-component---newResourceUnit--idRuTSAdmin-application-manageresources-display-component---newResourceUnit--RUTimeSegment-0-inner\"]"}
RESULT: {}
RESULT: {}
RESULT: {"using":"xpath","value":"//input[@id=\"application-manageresources-display-component---newResourceUnit--idRuTSAdmin-application-manageresources-display-component---newResourceUnit--RUTimeSegment-0-inner\"]"}
COMMAND: POST /session/918763cbbc85c63b9bd5908a33c44274/element/f.C58A9DC514FFE328F82A7A8F67B7EF56.d.D3736733930CD2CD7203BFC8F8908073.e.6167/clear - {}
RESULT: {}
COMMAND: POST /session/918763cbbc85c63b9bd5908a33c44274/element/f.C58A9DC514FFE328F82A7A8F67B7EF56.d.D3736733930CD2CD7203BFC8F8908073.e.6167/value - {"text":"656"}
COMMAND: GET /session/918763cbbc85c63b9bd5908a33c44274/screenshot - {}
RESULT: {"text":"656"}
COMMAND: GET /session/918763cbbc85c63b9bd5908a33c44274/screenshot - {}
RESULT: {}
RESULT: {}
COMMAND: POST /session/918763cbbc85c63b9bd5908a33c44274/actions - {"actions":[{"id":"action18","type":"key","parameters":{},"actions":[{"type":"keyDown","value":"î€‡"},{"type":"pause","duration":10},{"type":"keyUp","value":"î€‡"}]}]}
RESULT: {"actions":[{"id":"action18","type":"key","parameters":{},"actions":[{"type":"keyDown","value":"î€‡"},{"type":"pause","duration":10},{"type":"keyUp","value":"î€‡"}]}]}
COMMAND: GET /session/918763cbbc85c63b9bd5908a33c44274/screenshot - {}
RESULT: {}
COMMAND: POST /session/918763cbbc85c63b9bd5908a33c44274/execute/async - {"script":"<script> [1562 bytes]","args":[{"selector":{"controlType":"sap.m.Button","viewName":"reusables.view.manageresources.NewResourceUnit","viewId":"application-manageresources-display-component---newResourceUnit","i18NText":{"propertyName":"tooltip","key":"save"},"interaction":{"idSuffix":"BDI-content"}},"wdio_ui5_key":"reusablesview.manageresources.NewResourceUnitsap.m.Button{\"propertyName\":\"tooltip\",\"key\":\"save\"}"}]}
RESULT: {"script":"<script> [1562 bytes]","args":[{"selector":{"controlType":"sap.m.Button","viewName":"reusables.view.manageresources.NewResourceUnit","viewId":"application-manageresources-display-component---newResourceUnit","i18NText":{"propertyName":"tooltip","key":"save"},"interaction":{"idSuffix":"BDI-content"}},"wdio_ui5_key":"reusablesview.manageresources.NewResourceUnitsap.m.Button{\"propertyName\":\"tooltip\",\"key\":\"save\"}"}]}
RESULT: undefined
COMMAND: POST /session/918763cbbc85c63b9bd5908a33c44274/element - {"using":"xpath","value":"//*[@id=\"application-manageresources-display-component---newResourceUnit--createRuButton\"]"}
RESULT: {"using":"xpath","value":"//*[@id=\"application-manageresources-display-component---newResourceUnit--createRuButton\"]"}
COMMAND: POST /session/918763cbbc85c63b9bd5908a33c44274/element/f.C58A9DC514FFE328F82A7A8F67B7EF56.d.D3736733930CD2CD7203BFC8F8908073.e.6091/click - {}
RESULT: {}
COMMAND: GET /session/918763cbbc85c63b9bd5908a33c44274/screenshot - {}
RESULT: {}
COMMAND: POST /session/918763cbbc85c63b9bd5908a33c44274/execute/async - {"script":"<script> [1562 bytes]","args":[{"selector":{"controlType":"sap.m.Title","properties":{"text":"Success"},"searchOpenDialogs":true},"wdio_ui5_key":"sapm.Title{\"text\":\"Success\"}"}]}
RESULT: {"script":"<script> [1562 bytes]","args":[{"selector":{"controlType":"sap.m.Title","properties":{"text":"Success"},"searchOpenDialogs":true},"wdio_ui5_key":"sapm.Title{\"text\":\"Success\"}"}]}
RESULT: undefined
COMMAND: POST /session/918763cbbc85c63b9bd5908a33c44274/execute/async - {"script":"<script> [6424 bytes]","args":[{"element-6066-11e4-a52e-4f735466cecf":"f.C58A9DC514FFE328F82A7A8F67B7EF56.d.D3736733930CD2CD7203BFC8F8908073.e.6182"},"getText",[]]}
RESULT: {"script":"<script> [6424 bytes]","args":[{"element-6066-11e4-a52e-4f735466cecf":"f.C58A9DC514FFE328F82A7A8F67B7EF56.d.D3736733930CD2CD7203BFC8F8908073.e.6182"},"getText",[]]}
COMMAND: POST /session/918763cbbc85c63b9bd5908a33c44274/element - {"using":"xpath","value":"//*[contains(@id, '__text') and (contains(text(), 'successfully created') or contains(., 'successfully created'))]"}
RESULT: {"using":"xpath","value":"//*[contains(@id, '__text') and (contains(text(), 'successfully created') or contains(., 'successfully created'))]"}
COMMAND: GET /session/918763cbbc85c63b9bd5908a33c44274/element/f.C58A9DC514FFE328F82A7A8F67B7EF56.d.D3736733930CD2CD7203BFC8F8908073.e.6181/text - {}
RESULT: {}
COMMAND: POST /session/918763cbbc85c63b9bd5908a33c44274/execute/async - {"script":"<script> [1562 bytes]","args":[{"selector":{"controlType":"sap.m.Button","properties":{"text":"Close"},"searchOpenDialogs":true,"interaction":{"idSuffix":"BDI-content"}},"wdio_ui5_key":"sapm.Button{\"text\":\"Close\"}"}]}
RESULT: {"script":"<script> [1562 bytes]","args":[{"selector":{"controlType":"sap.m.Button","properties":{"text":"Close"},"searchOpenDialogs":true,"interaction":{"idSuffix":"BDI-content"}},"wdio_ui5_key":"sapm.Button{\"text\":\"Close\"}"}]}
RESULT: undefined
COMMAND: POST /session/918763cbbc85c63b9bd5908a33c44274/element - {"using":"xpath","value":"//*[@id=\"__mbox-btn-0\"]"}
RESULT: {"using":"xpath","value":"//*[@id=\"__mbox-btn-0\"]"}
COMMAND: POST /session/918763cbbc85c63b9bd5908a33c44274/element/f.C58A9DC514FFE328F82A7A8F67B7EF56.d.D3736733930CD2CD7203BFC8F8908073.e.6178/click - {}
RESULT: {}
COMMAND: GET /session/918763cbbc85c63b9bd5908a33c44274/screenshot - {}
RESULT: {}
COMMAND: POST /session/918763cbbc85c63b9bd5908a33c44274/execute/async - {"script":"<script> [1562 bytes]","args":[{"selector":{"controlType":"sap.ui.core.Icon","viewName":"etm.portal.ui.manageresources.view.Detail","viewId":"application-manageresources-display-component---detailRU","properties":{"src":{"regex":{"source":"overflow"}}}},"wdio_ui5_key":"etmportal.ui.manageresources.view.Detailsap.ui.core.Icon{\"src\":{\"regex\":{\"source\":\"overflow\"}}}"}]}
RESULT: {"script":"<script> [1562 bytes]","args":[{"selector":{"controlType":"sap.ui.core.Icon","viewName":"etm.portal.ui.manageresources.view.Detail","viewId":"application-manageresources-display-component---detailRU","properties":{"src":{"regex":{"source":"overflow"}}}},"wdio_ui5_key":"etmportal.ui.manageresources.view.Detailsap.ui.core.Icon{\"src\":{\"regex\":{\"source\":\"overflow\"}}}"}]}
RESULT: undefined
COMMAND: POST /session/918763cbbc85c63b9bd5908a33c44274/element - {"using":"xpath","value":"//*[@id=\"__title15-_actionsToolbar-overflowButton-img\"]"}
RESULT: {"using":"xpath","value":"//*[@id=\"__title15-_actionsToolbar-overflowButton-img\"]"}
COMMAND: POST /session/918763cbbc85c63b9bd5908a33c44274/element/f.C58A9DC514FFE328F82A7A8F67B7EF56.d.D3736733930CD2CD7203BFC8F8908073.e.6216/click - {}
RESULT: {}
COMMAND: POST /session/918763cbbc85c63b9bd5908a33c44274/execute/async - {"script":"<script> [1562 bytes]","args":[{"selector":{"controlType":"sap.m.Button","viewName":"etm.portal.ui.manageresources.view.Detail","viewId":"application-manageresources-display-component---detailRU","i18NText":{"propertyName":"tooltip","key":"closeColumn"},"searchOpenDialogs":true,"interaction":{"idSuffix":"inner"}},"wdio_ui5_key":"etmportal.ui.manageresources.view.Detailsap.m.Button{\"propertyName\":\"tooltip\",\"key\":\"closeColumn\"}"}]}
COMMAND: GET /session/918763cbbc85c63b9bd5908a33c44274/screenshot - {}
RESULT: {"script":"<script> [1562 bytes]","args":[{"selector":{"controlType":"sap.m.Button","viewName":"etm.portal.ui.manageresources.view.Detail","viewId":"application-manageresources-display-component---detailRU","i18NText":{"propertyName":"tooltip","key":"closeColumn"},"searchOpenDialogs":true,"interaction":{"idSuffix":"inner"}},"wdio_ui5_key":"etmportal.ui.manageresources.view.Detailsap.m.Button{\"propertyName\":\"tooltip\",\"key\":\"closeColumn\"}"}]}
RESULT: undefined
COMMAND: POST /session/918763cbbc85c63b9bd5908a33c44274/element - {"using":"xpath","value":"//*[@id=\"__button43\"]"}
RESULT: {}
RESULT: {"using":"xpath","value":"//*[@id=\"__button43\"]"}
COMMAND: POST /session/918763cbbc85c63b9bd5908a33c44274/element/f.C58A9DC514FFE328F82A7A8F67B7EF56.d.D3736733930CD2CD7203BFC8F8908073.e.6218/click - {}
RESULT: {}
COMMAND: GET /session/918763cbbc85c63b9bd5908a33c44274/screenshot - {}
RESULT: {}
COMMAND: POST /session/918763cbbc85c63b9bd5908a33c44274/refresh - {}
RESULT: {}
COMMAND: GET /session/918763cbbc85c63b9bd5908a33c44274/screenshot - {}
COMMAND: POST /session/918763cbbc85c63b9bd5908a33c44274/refresh - {}
RESULT: {}
RESULT: {}
COMMAND: GET /session/918763cbbc85c63b9bd5908a33c44274/screenshot - {}
RESULT: {}
COMMAND: POST /session/918763cbbc85c63b9bd5908a33c44274/window/fullscreen - {}
RESULT: {}
COMMAND: POST /session/918763cbbc85c63b9bd5908a33c44274/execute/async - {"script":"<script> [189 bytes]","args":[]}
RESULT: {"script":"<script> [189 bytes]","args":[]}
COMMAND: POST /session/918763cbbc85c63b9bd5908a33c44274/execute/async - {"script":"<script> [123 bytes]","args":[]}
RESULT: {"script":"<script> [123 bytes]","args":[]}
COMMAND: POST /session/918763cbbc85c63b9bd5908a33c44274/timeouts - {"script":"<number>"}
RESULT: {"script":"<number>"}
COMMAND: GET /session/918763cbbc85c63b9bd5908a33c44274/timeouts - {}
RESULT: {}
RESULT: undefined
COMMAND: POST /session/918763cbbc85c63b9bd5908a33c44274/execute/async - {"script":"<script> [2676 bytes]","args":[]}
RESULT: {"script":"<script> [2676 bytes]","args":[]}
COMMAND: POST /session/918763cbbc85c63b9bd5908a33c44274/execute/async - {"script":"<script> [2342 bytes]","args":[{"protocol":"http","hostname":"0.0.0.0","path":"/","capabilities":{"browserName":"chrome","goog:chromeOptions":{"binary":"C:\\Program Files\\Google\\Chrome\\Application\\chrome.exe","args":["--start-maximized"]}},"logLevel":"warn","connectionRetryTimeout":120000,"connectionRetryCount":3,"logLevels":{},"enableDirectConnect":true,"strictSSL":true,"_":"65 more keys: [\"cacheDir\",\"port\",\"requestedCapabilities\",\"automationProtocol\",\"baseUrl\",\"waitforInterval\",\"waitforTimeout\",\"onReload\",\"beforeCommand\",\"afterCommand\",\"rootDir\",\"specs\",\"suites\",\"exclude\",\"groupLogsByTestSpec\",\"excludeDriverLogs\",\"bail\",\"framework\",\"reporters\",\"services\",\"maxInstances\",\"maxInstancesPerCapability\",\"injectGlobals\",\"filesToWatch\",\"execArgv\",\"runnerEnv\",\"runner\",\"shard\",\"specFileRetries\",\"specFileRetriesDelay\",\"specFileRetriesDeferred\",\"reporterSyncInterval\",\"reporterSyncTimeout\",\"cucumberFeaturesWithLineNumbers\",\"autoCompileOpts\",\"mochaOpts\",\"jasmineOpts\",\"cucumberOpts\",\"onPrepare\",\"onWorkerStart\",\"onWorkerEnd\",\"before\",\"beforeSession\",\"beforeSuite\",\"beforeHook\",\"beforeTest\",\"afterTest\",\"afterHook\",\"afterSuite\",\"afterSession\",\"after\",\"onComplete\",\"beforeAssertion\",\"afterAssertion\",\"beforeFeature\",\"beforeScenario\",\"beforeStep\",\"afterStep\",\"afterScenario\",\"afterFeature\",\"_\",\"suite\",\"$0\",\"ignoredWorkerServices\",\"wdi5\"]"}]}
RESULT: {"script":"<script> [2342 bytes]","args":[{"protocol":"http","hostname":"0.0.0.0","path":"/","capabilities":{"browserName":"chrome","goog:chromeOptions":{"binary":"C:\\Program Files\\Google\\Chrome\\Application\\chrome.exe","args":["--start-maximized"]}},"logLevel":"warn","connectionRetryTimeout":120000,"connectionRetryCount":3,"logLevels":{},"enableDirectConnect":true,"strictSSL":true,"_":"65 more keys: [\"cacheDir\",\"port\",\"requestedCapabilities\",\"automationProtocol\",\"baseUrl\",\"waitforInterval\",\"waitforTimeout\",\"onReload\",\"beforeCommand\",\"afterCommand\",\"rootDir\",\"specs\",\"suites\",\"exclude\",\"groupLogsByTestSpec\",\"excludeDriverLogs\",\"bail\",\"framework\",\"reporters\",\"services\",\"maxInstances\",\"maxInstancesPerCapability\",\"injectGlobals\",\"filesToWatch\",\"execArgv\",\"runnerEnv\",\"runner\",\"shard\",\"specFileRetries\",\"specFileRetriesDelay\",\"specFileRetriesDeferred\",\"reporterSyncInterval\",\"reporterSyncTimeout\",\"cucumberFeaturesWithLineNumbers\",\"autoCompileOpts\",\"mochaOpts\",\"jasmineOpts\",\"cucumberOpts\",\"onPrepare\",\"onWorkerStart\",\"onWorkerEnd\",\"before\",\"beforeSession\",\"beforeSuite\",\"beforeHook\",\"beforeTest\",\"afterTest\",\"afterHook\",\"afterSuite\",\"afterSession\",\"after\",\"onComplete\",\"beforeAssertion\",\"afterAssertion\",\"beforeFeature\",\"beforeScenario\",\"beforeStep\",\"afterStep\",\"afterScenario\",\"afterFeature\",\"_\",\"suite\",\"$0\",\"ignoredWorkerServices\",\"wdi5\"]"}]}
COMMAND: POST /session/918763cbbc85c63b9bd5908a33c44274/execute/async - {"script":"<script> [21126 bytes]","args":[35000]}
RESULT: {"script":"<script> [21126 bytes]","args":[35000]}
]]></system-out>
    </testcase>
    <testcase classname="chrome.135_0_7049_115.windows.Create_2_RU_material_US118246" name="Create WHM material" time="197.937">
      <system-out><![CDATA[
COMMAND: POST /session/918763cbbc85c63b9bd5908a33c44274/element - {"using":"xpath","value":"//button[@data-kt=\"addNewRUOverflowToolbarButton\"]"}
RESULT: {"using":"xpath","value":"//button[@data-kt=\"addNewRUOverflowToolbarButton\"]"}
COMMAND: POST /session/918763cbbc85c63b9bd5908a33c44274/execute/sync - {"script":"<script> [8489 bytes]","args":[{"element-6066-11e4-a52e-4f735466cecf":"f.C58A9DC514FFE328F82A7A8F67B7EF56.d.FE3FDE85CD042EC8A7EC6738DF4B8355.e.6378","ELEMENT":"f.C58A9DC514FFE328F82A7A8F67B7EF56.d.FE3FDE85CD042EC8A7EC6738DF4B8355.e.6378"}]}
RESULT: {"script":"<script> [8489 bytes]","args":[{"element-6066-11e4-a52e-4f735466cecf":"f.C58A9DC514FFE328F82A7A8F67B7EF56.d.FE3FDE85CD042EC8A7EC6738DF4B8355.e.6378","ELEMENT":"f.C58A9DC514FFE328F82A7A8F67B7EF56.d.FE3FDE85CD042EC8A7EC6738DF4B8355.e.6378"}]}
COMMAND: POST /session/918763cbbc85c63b9bd5908a33c44274/element/f.C58A9DC514FFE328F82A7A8F67B7EF56.d.FE3FDE85CD042EC8A7EC6738DF4B8355.e.6378/click - {}
COMMAND: GET /session/918763cbbc85c63b9bd5908a33c44274/screenshot - {}
RESULT: {}
COMMAND: GET /session/918763cbbc85c63b9bd5908a33c44274/screenshot - {}
RESULT: {}
RESULT: {}
COMMAND: POST /session/918763cbbc85c63b9bd5908a33c44274/execute/async - {"script":"<script> [1562 bytes]","args":[{"selector":{"controlType":"sap.m.ComboBox","viewName":"reusables.view.manageresources.NewResourceUnit","viewId":"application-manageresources-display-component---newResourceUnit","bindingPath":{"path":"","propertyPath":"/RuTypes","modelName":"catalogModel"},"searchOpenDialogs":true},"wdio_ui5_key":"reusablesview.manageresources.NewResourceUnitsap.m.ComboBox{\"path\":\"\",\"propertyPath\":\"/RuTypes\",\"modelName\":\"catalogModel\"}"}]}
RESULT: {"script":"<script> [1562 bytes]","args":[{"selector":{"controlType":"sap.m.ComboBox","viewName":"reusables.view.manageresources.NewResourceUnit","viewId":"application-manageresources-display-component---newResourceUnit","bindingPath":{"path":"","propertyPath":"/RuTypes","modelName":"catalogModel"},"searchOpenDialogs":true},"wdio_ui5_key":"reusablesview.manageresources.NewResourceUnitsap.m.ComboBox{\"path\":\"\",\"propertyPath\":\"/RuTypes\",\"modelName\":\"catalogModel\"}"}]}
RESULT: undefined
COMMAND: POST /session/918763cbbc85c63b9bd5908a33c44274/execute/async - {"script":"<script> [1562 bytes]","args":[{"selector":{"controlType":"sap.m.ComboBox","viewName":"reusables.view.manageresources.NewResourceUnit","viewId":"application-manageresources-display-component---newResourceUnit","bindingPath":{"path":"","propertyPath":"/Yards","modelName":"catalogModel"},"searchOpenDialogs":true},"wdio_ui5_key":"reusablesview.manageresources.NewResourceUnitsap.m.ComboBox{\"path\":\"\",\"propertyPath\":\"/Yards\",\"modelName\":\"catalogModel\"}"}]}
RESULT: {"script":"<script> [1562 bytes]","args":[{"selector":{"controlType":"sap.m.ComboBox","viewName":"reusables.view.manageresources.NewResourceUnit","viewId":"application-manageresources-display-component---newResourceUnit","bindingPath":{"path":"","propertyPath":"/Yards","modelName":"catalogModel"},"searchOpenDialogs":true},"wdio_ui5_key":"reusablesview.manageresources.NewResourceUnitsap.m.ComboBox{\"path\":\"\",\"propertyPath\":\"/Yards\",\"modelName\":\"catalogModel\"}"}]}
RESULT: undefined
COMMAND: POST /session/918763cbbc85c63b9bd5908a33c44274/execute/async - {"script":"<script> [1562 bytes]","args":[{"selector":{"controlType":"etm.portal.ui.reusables.customControls.LiveSearchComboBox","viewName":"reusables.view.manageresources.NewResourceUnit","viewId":"application-manageresources-display-component---newResourceUnit","bindingPath":{"path":"","propertyPath":"/CatalogItems","modelName":"catalogModel"},"searchOpenDialogs":true},"wdio_ui5_key":"reusablesview.manageresources.NewResourceUnitetm.portal.ui.reusables.customControls.LiveSearchComboBox{\"path\":\"\",\"propertyPath\":\"/CatalogItems\",\"modelName\":\"catalogModel\"}"}]}
RESULT: {"script":"<script> [1562 bytes]","args":[{"selector":{"controlType":"etm.portal.ui.reusables.customControls.LiveSearchComboBox","viewName":"reusables.view.manageresources.NewResourceUnit","viewId":"application-manageresources-display-component---newResourceUnit","bindingPath":{"path":"","propertyPath":"/CatalogItems","modelName":"catalogModel"},"searchOpenDialogs":true},"wdio_ui5_key":"reusablesview.manageresources.NewResourceUnitetm.portal.ui.reusables.customControls.LiveSearchComboBox{\"path\":\"\",\"propertyPath\":\"/CatalogItems\",\"modelName\":\"catalogModel\"}"}]}
RESULT: undefined
COMMAND: POST /session/918763cbbc85c63b9bd5908a33c44274/element - {"using":"xpath","value":"//bdi[text()=\"OK\"]"}
RESULT: {"using":"xpath","value":"//bdi[text()=\"OK\"]"}
COMMAND: POST /session/918763cbbc85c63b9bd5908a33c44274/elements - {"using":"xpath","value":"//bdi[text()=\"OK\"]"}
RESULT: {"using":"xpath","value":"//bdi[text()=\"OK\"]"}
COMMAND: POST /session/918763cbbc85c63b9bd5908a33c44274/elements - {"using":"xpath","value":"//bdi[text()=\"OK\"]"}
RESULT: {"using":"xpath","value":"//bdi[text()=\"OK\"]"}
COMMAND: POST /session/918763cbbc85c63b9bd5908a33c44274/elements - {"using":"xpath","value":"//bdi[text()=\"OK\"]"}
RESULT: {"using":"xpath","value":"//bdi[text()=\"OK\"]"}
COMMAND: POST /session/918763cbbc85c63b9bd5908a33c44274/elements - {"using":"xpath","value":"//bdi[text()=\"OK\"]"}
RESULT: {"using":"xpath","value":"//bdi[text()=\"OK\"]"}
COMMAND: POST /session/918763cbbc85c63b9bd5908a33c44274/elements - {"using":"xpath","value":"//bdi[text()=\"OK\"]"}
RESULT: {"using":"xpath","value":"//bdi[text()=\"OK\"]"}
COMMAND: POST /session/918763cbbc85c63b9bd5908a33c44274/elements - {"using":"xpath","value":"//bdi[text()=\"OK\"]"}
RESULT: {"using":"xpath","value":"//bdi[text()=\"OK\"]"}
COMMAND: POST /session/918763cbbc85c63b9bd5908a33c44274/elements - {"using":"xpath","value":"//bdi[text()=\"OK\"]"}
RESULT: {"using":"xpath","value":"//bdi[text()=\"OK\"]"}
COMMAND: POST /session/918763cbbc85c63b9bd5908a33c44274/elements - {"using":"xpath","value":"//bdi[text()=\"OK\"]"}
RESULT: {"using":"xpath","value":"//bdi[text()=\"OK\"]"}
COMMAND: POST /session/918763cbbc85c63b9bd5908a33c44274/elements - {"using":"xpath","value":"//bdi[text()=\"OK\"]"}
RESULT: {"using":"xpath","value":"//bdi[text()=\"OK\"]"}
COMMAND: POST /session/918763cbbc85c63b9bd5908a33c44274/elements - {"using":"xpath","value":"//bdi[text()=\"OK\"]"}
RESULT: {"using":"xpath","value":"//bdi[text()=\"OK\"]"}
COMMAND: POST /session/918763cbbc85c63b9bd5908a33c44274/elements - {"using":"xpath","value":"//bdi[text()=\"OK\"]"}
RESULT: {"using":"xpath","value":"//bdi[text()=\"OK\"]"}
COMMAND: POST /session/918763cbbc85c63b9bd5908a33c44274/elements - {"using":"xpath","value":"//bdi[text()=\"OK\"]"}
RESULT: {"using":"xpath","value":"//bdi[text()=\"OK\"]"}
COMMAND: POST /session/918763cbbc85c63b9bd5908a33c44274/elements - {"using":"xpath","value":"//bdi[text()=\"OK\"]"}
RESULT: {"using":"xpath","value":"//bdi[text()=\"OK\"]"}
COMMAND: POST /session/918763cbbc85c63b9bd5908a33c44274/elements - {"using":"xpath","value":"//bdi[text()=\"OK\"]"}
RESULT: {"using":"xpath","value":"//bdi[text()=\"OK\"]"}
COMMAND: POST /session/918763cbbc85c63b9bd5908a33c44274/elements - {"using":"xpath","value":"//bdi[text()=\"OK\"]"}
RESULT: {"using":"xpath","value":"//bdi[text()=\"OK\"]"}
COMMAND: POST /session/918763cbbc85c63b9bd5908a33c44274/elements - {"using":"xpath","value":"//bdi[text()=\"OK\"]"}
RESULT: {"using":"xpath","value":"//bdi[text()=\"OK\"]"}
COMMAND: POST /session/918763cbbc85c63b9bd5908a33c44274/elements - {"using":"xpath","value":"//bdi[text()=\"OK\"]"}
RESULT: {"using":"xpath","value":"//bdi[text()=\"OK\"]"}
COMMAND: POST /session/918763cbbc85c63b9bd5908a33c44274/elements - {"using":"xpath","value":"//bdi[text()=\"OK\"]"}
RESULT: {"using":"xpath","value":"//bdi[text()=\"OK\"]"}
COMMAND: POST /session/918763cbbc85c63b9bd5908a33c44274/elements - {"using":"xpath","value":"//bdi[text()=\"OK\"]"}
RESULT: {"using":"xpath","value":"//bdi[text()=\"OK\"]"}
COMMAND: POST /session/918763cbbc85c63b9bd5908a33c44274/elements - {"using":"xpath","value":"//bdi[text()=\"OK\"]"}
RESULT: {"using":"xpath","value":"//bdi[text()=\"OK\"]"}
COMMAND: POST /session/918763cbbc85c63b9bd5908a33c44274/elements - {"using":"xpath","value":"//bdi[text()=\"OK\"]"}
RESULT: {"using":"xpath","value":"//bdi[text()=\"OK\"]"}
COMMAND: POST /session/918763cbbc85c63b9bd5908a33c44274/elements - {"using":"xpath","value":"//bdi[text()=\"OK\"]"}
RESULT: {"using":"xpath","value":"//bdi[text()=\"OK\"]"}
COMMAND: POST /session/918763cbbc85c63b9bd5908a33c44274/elements - {"using":"xpath","value":"//bdi[text()=\"OK\"]"}
RESULT: {"using":"xpath","value":"//bdi[text()=\"OK\"]"}
COMMAND: POST /session/918763cbbc85c63b9bd5908a33c44274/elements - {"using":"xpath","value":"//bdi[text()=\"OK\"]"}
RESULT: {"using":"xpath","value":"//bdi[text()=\"OK\"]"}
COMMAND: POST /session/918763cbbc85c63b9bd5908a33c44274/elements - {"using":"xpath","value":"//bdi[text()=\"OK\"]"}
RESULT: {"using":"xpath","value":"//bdi[text()=\"OK\"]"}
COMMAND: POST /session/918763cbbc85c63b9bd5908a33c44274/elements - {"using":"xpath","value":"//bdi[text()=\"OK\"]"}
RESULT: {"using":"xpath","value":"//bdi[text()=\"OK\"]"}
COMMAND: POST /session/918763cbbc85c63b9bd5908a33c44274/elements - {"using":"xpath","value":"//bdi[text()=\"OK\"]"}
RESULT: {"using":"xpath","value":"//bdi[text()=\"OK\"]"}
COMMAND: POST /session/918763cbbc85c63b9bd5908a33c44274/elements - {"using":"xpath","value":"//bdi[text()=\"OK\"]"}
RESULT: {"using":"xpath","value":"//bdi[text()=\"OK\"]"}
COMMAND: POST /session/918763cbbc85c63b9bd5908a33c44274/elements - {"using":"xpath","value":"//bdi[text()=\"OK\"]"}
RESULT: {"using":"xpath","value":"//bdi[text()=\"OK\"]"}
COMMAND: POST /session/918763cbbc85c63b9bd5908a33c44274/elements - {"using":"xpath","value":"//bdi[text()=\"OK\"]"}
RESULT: {"using":"xpath","value":"//bdi[text()=\"OK\"]"}
COMMAND: POST /session/918763cbbc85c63b9bd5908a33c44274/elements - {"using":"xpath","value":"//bdi[text()=\"OK\"]"}
RESULT: {"using":"xpath","value":"//bdi[text()=\"OK\"]"}
COMMAND: POST /session/918763cbbc85c63b9bd5908a33c44274/elements - {"using":"xpath","value":"//bdi[text()=\"OK\"]"}
RESULT: {"using":"xpath","value":"//bdi[text()=\"OK\"]"}
COMMAND: POST /session/918763cbbc85c63b9bd5908a33c44274/elements - {"using":"xpath","value":"//bdi[text()=\"OK\"]"}
RESULT: {"using":"xpath","value":"//bdi[text()=\"OK\"]"}
COMMAND: POST /session/918763cbbc85c63b9bd5908a33c44274/elements - {"using":"xpath","value":"//bdi[text()=\"OK\"]"}
RESULT: {"using":"xpath","value":"//bdi[text()=\"OK\"]"}
COMMAND: POST /session/918763cbbc85c63b9bd5908a33c44274/elements - {"using":"xpath","value":"//bdi[text()=\"OK\"]"}
RESULT: {"using":"xpath","value":"//bdi[text()=\"OK\"]"}
COMMAND: POST /session/918763cbbc85c63b9bd5908a33c44274/elements - {"using":"xpath","value":"//bdi[text()=\"OK\"]"}
RESULT: {"using":"xpath","value":"//bdi[text()=\"OK\"]"}
COMMAND: POST /session/918763cbbc85c63b9bd5908a33c44274/elements - {"using":"xpath","value":"//bdi[text()=\"OK\"]"}
RESULT: {"using":"xpath","value":"//bdi[text()=\"OK\"]"}
COMMAND: POST /session/918763cbbc85c63b9bd5908a33c44274/elements - {"using":"xpath","value":"//bdi[text()=\"OK\"]"}
RESULT: {"using":"xpath","value":"//bdi[text()=\"OK\"]"}
COMMAND: POST /session/918763cbbc85c63b9bd5908a33c44274/elements - {"using":"xpath","value":"//bdi[text()=\"OK\"]"}
RESULT: {"using":"xpath","value":"//bdi[text()=\"OK\"]"}
COMMAND: POST /session/918763cbbc85c63b9bd5908a33c44274/elements - {"using":"xpath","value":"//bdi[text()=\"OK\"]"}
RESULT: {"using":"xpath","value":"//bdi[text()=\"OK\"]"}
COMMAND: POST /session/918763cbbc85c63b9bd5908a33c44274/elements - {"using":"xpath","value":"//bdi[text()=\"OK\"]"}
RESULT: {"using":"xpath","value":"//bdi[text()=\"OK\"]"}
COMMAND: POST /session/918763cbbc85c63b9bd5908a33c44274/elements - {"using":"xpath","value":"//bdi[text()=\"OK\"]"}
RESULT: {"using":"xpath","value":"//bdi[text()=\"OK\"]"}
COMMAND: POST /session/918763cbbc85c63b9bd5908a33c44274/elements - {"using":"xpath","value":"//bdi[text()=\"OK\"]"}
RESULT: {"using":"xpath","value":"//bdi[text()=\"OK\"]"}
COMMAND: POST /session/918763cbbc85c63b9bd5908a33c44274/elements - {"using":"xpath","value":"//bdi[text()=\"OK\"]"}
RESULT: {"using":"xpath","value":"//bdi[text()=\"OK\"]"}
COMMAND: POST /session/918763cbbc85c63b9bd5908a33c44274/elements - {"using":"xpath","value":"//bdi[text()=\"OK\"]"}
RESULT: {"using":"xpath","value":"//bdi[text()=\"OK\"]"}
COMMAND: POST /session/918763cbbc85c63b9bd5908a33c44274/elements - {"using":"xpath","value":"//bdi[text()=\"OK\"]"}
RESULT: {"using":"xpath","value":"//bdi[text()=\"OK\"]"}
COMMAND: POST /session/918763cbbc85c63b9bd5908a33c44274/elements - {"using":"xpath","value":"//bdi[text()=\"OK\"]"}
RESULT: {"using":"xpath","value":"//bdi[text()=\"OK\"]"}
COMMAND: POST /session/918763cbbc85c63b9bd5908a33c44274/elements - {"using":"xpath","value":"//bdi[text()=\"OK\"]"}
RESULT: {"using":"xpath","value":"//bdi[text()=\"OK\"]"}
COMMAND: POST /session/918763cbbc85c63b9bd5908a33c44274/elements - {"using":"xpath","value":"//bdi[text()=\"OK\"]"}
RESULT: {"using":"xpath","value":"//bdi[text()=\"OK\"]"}
COMMAND: POST /session/918763cbbc85c63b9bd5908a33c44274/elements - {"using":"xpath","value":"//bdi[text()=\"OK\"]"}
RESULT: {"using":"xpath","value":"//bdi[text()=\"OK\"]"}
COMMAND: POST /session/918763cbbc85c63b9bd5908a33c44274/elements - {"using":"xpath","value":"//bdi[text()=\"OK\"]"}
RESULT: {"using":"xpath","value":"//bdi[text()=\"OK\"]"}
COMMAND: POST /session/918763cbbc85c63b9bd5908a33c44274/elements - {"using":"xpath","value":"//bdi[text()=\"OK\"]"}
RESULT: {"using":"xpath","value":"//bdi[text()=\"OK\"]"}
COMMAND: POST /session/918763cbbc85c63b9bd5908a33c44274/elements - {"using":"xpath","value":"//bdi[text()=\"OK\"]"}
RESULT: {"using":"xpath","value":"//bdi[text()=\"OK\"]"}
COMMAND: POST /session/918763cbbc85c63b9bd5908a33c44274/elements - {"using":"xpath","value":"//bdi[text()=\"OK\"]"}
RESULT: {"using":"xpath","value":"//bdi[text()=\"OK\"]"}
COMMAND: POST /session/918763cbbc85c63b9bd5908a33c44274/elements - {"using":"xpath","value":"//bdi[text()=\"OK\"]"}
RESULT: {"using":"xpath","value":"//bdi[text()=\"OK\"]"}
COMMAND: POST /session/918763cbbc85c63b9bd5908a33c44274/elements - {"using":"xpath","value":"//bdi[text()=\"OK\"]"}
RESULT: {"using":"xpath","value":"//bdi[text()=\"OK\"]"}
COMMAND: POST /session/918763cbbc85c63b9bd5908a33c44274/elements - {"using":"xpath","value":"//bdi[text()=\"OK\"]"}
RESULT: {"using":"xpath","value":"//bdi[text()=\"OK\"]"}
COMMAND: POST /session/918763cbbc85c63b9bd5908a33c44274/elements - {"using":"xpath","value":"//bdi[text()=\"OK\"]"}
RESULT: {"using":"xpath","value":"//bdi[text()=\"OK\"]"}
COMMAND: POST /session/918763cbbc85c63b9bd5908a33c44274/elements - {"using":"xpath","value":"//bdi[text()=\"OK\"]"}
RESULT: {"using":"xpath","value":"//bdi[text()=\"OK\"]"}
COMMAND: POST /session/918763cbbc85c63b9bd5908a33c44274/elements - {"using":"xpath","value":"//bdi[text()=\"OK\"]"}
RESULT: {"using":"xpath","value":"//bdi[text()=\"OK\"]"}
COMMAND: POST /session/918763cbbc85c63b9bd5908a33c44274/elements - {"using":"xpath","value":"//bdi[text()=\"OK\"]"}
RESULT: {"using":"xpath","value":"//bdi[text()=\"OK\"]"}
COMMAND: POST /session/918763cbbc85c63b9bd5908a33c44274/elements - {"using":"xpath","value":"//bdi[text()=\"OK\"]"}
RESULT: {"using":"xpath","value":"//bdi[text()=\"OK\"]"}
COMMAND: POST /session/918763cbbc85c63b9bd5908a33c44274/elements - {"using":"xpath","value":"//bdi[text()=\"OK\"]"}
RESULT: {"using":"xpath","value":"//bdi[text()=\"OK\"]"}
COMMAND: POST /session/918763cbbc85c63b9bd5908a33c44274/elements - {"using":"xpath","value":"//bdi[text()=\"OK\"]"}
RESULT: {"using":"xpath","value":"//bdi[text()=\"OK\"]"}
COMMAND: POST /session/918763cbbc85c63b9bd5908a33c44274/elements - {"using":"xpath","value":"//bdi[text()=\"OK\"]"}
RESULT: {"using":"xpath","value":"//bdi[text()=\"OK\"]"}
COMMAND: POST /session/918763cbbc85c63b9bd5908a33c44274/elements - {"using":"xpath","value":"//bdi[text()=\"OK\"]"}
RESULT: {"using":"xpath","value":"//bdi[text()=\"OK\"]"}
COMMAND: POST /session/918763cbbc85c63b9bd5908a33c44274/elements - {"using":"xpath","value":"//bdi[text()=\"OK\"]"}
RESULT: {"using":"xpath","value":"//bdi[text()=\"OK\"]"}
COMMAND: POST /session/918763cbbc85c63b9bd5908a33c44274/elements - {"using":"xpath","value":"//bdi[text()=\"OK\"]"}
RESULT: {"using":"xpath","value":"//bdi[text()=\"OK\"]"}
COMMAND: POST /session/918763cbbc85c63b9bd5908a33c44274/elements - {"using":"xpath","value":"//bdi[text()=\"OK\"]"}
RESULT: {"using":"xpath","value":"//bdi[text()=\"OK\"]"}
COMMAND: POST /session/918763cbbc85c63b9bd5908a33c44274/elements - {"using":"xpath","value":"//bdi[text()=\"OK\"]"}
RESULT: {"using":"xpath","value":"//bdi[text()=\"OK\"]"}
COMMAND: POST /session/918763cbbc85c63b9bd5908a33c44274/elements - {"using":"xpath","value":"//bdi[text()=\"OK\"]"}
RESULT: {"using":"xpath","value":"//bdi[text()=\"OK\"]"}
COMMAND: POST /session/918763cbbc85c63b9bd5908a33c44274/elements - {"using":"xpath","value":"//bdi[text()=\"OK\"]"}
RESULT: {"using":"xpath","value":"//bdi[text()=\"OK\"]"}
COMMAND: POST /session/918763cbbc85c63b9bd5908a33c44274/elements - {"using":"xpath","value":"//bdi[text()=\"OK\"]"}
RESULT: {"using":"xpath","value":"//bdi[text()=\"OK\"]"}
COMMAND: POST /session/918763cbbc85c63b9bd5908a33c44274/elements - {"using":"xpath","value":"//bdi[text()=\"OK\"]"}
RESULT: {"using":"xpath","value":"//bdi[text()=\"OK\"]"}
COMMAND: POST /session/918763cbbc85c63b9bd5908a33c44274/elements - {"using":"xpath","value":"//bdi[text()=\"OK\"]"}
RESULT: {"using":"xpath","value":"//bdi[text()=\"OK\"]"}
COMMAND: POST /session/918763cbbc85c63b9bd5908a33c44274/elements - {"using":"xpath","value":"//bdi[text()=\"OK\"]"}
RESULT: {"using":"xpath","value":"//bdi[text()=\"OK\"]"}
COMMAND: POST /session/918763cbbc85c63b9bd5908a33c44274/elements - {"using":"xpath","value":"//bdi[text()=\"OK\"]"}
RESULT: {"using":"xpath","value":"//bdi[text()=\"OK\"]"}
COMMAND: POST /session/918763cbbc85c63b9bd5908a33c44274/elements - {"using":"xpath","value":"//bdi[text()=\"OK\"]"}
RESULT: {"using":"xpath","value":"//bdi[text()=\"OK\"]"}
COMMAND: POST /session/918763cbbc85c63b9bd5908a33c44274/elements - {"using":"xpath","value":"//bdi[text()=\"OK\"]"}
RESULT: {"using":"xpath","value":"//bdi[text()=\"OK\"]"}
COMMAND: POST /session/918763cbbc85c63b9bd5908a33c44274/elements - {"using":"xpath","value":"//bdi[text()=\"OK\"]"}
RESULT: {"using":"xpath","value":"//bdi[text()=\"OK\"]"}
COMMAND: POST /session/918763cbbc85c63b9bd5908a33c44274/elements - {"using":"xpath","value":"//bdi[text()=\"OK\"]"}
RESULT: {"using":"xpath","value":"//bdi[text()=\"OK\"]"}
COMMAND: POST /session/918763cbbc85c63b9bd5908a33c44274/elements - {"using":"xpath","value":"//bdi[text()=\"OK\"]"}
RESULT: {"using":"xpath","value":"//bdi[text()=\"OK\"]"}
COMMAND: POST /session/918763cbbc85c63b9bd5908a33c44274/elements - {"using":"xpath","value":"//bdi[text()=\"OK\"]"}
RESULT: {"using":"xpath","value":"//bdi[text()=\"OK\"]"}
COMMAND: POST /session/918763cbbc85c63b9bd5908a33c44274/elements - {"using":"xpath","value":"//bdi[text()=\"OK\"]"}
RESULT: {"using":"xpath","value":"//bdi[text()=\"OK\"]"}
COMMAND: POST /session/918763cbbc85c63b9bd5908a33c44274/elements - {"using":"xpath","value":"//bdi[text()=\"OK\"]"}
RESULT: {"using":"xpath","value":"//bdi[text()=\"OK\"]"}
COMMAND: POST /session/918763cbbc85c63b9bd5908a33c44274/elements - {"using":"xpath","value":"//bdi[text()=\"OK\"]"}
RESULT: {"using":"xpath","value":"//bdi[text()=\"OK\"]"}
COMMAND: POST /session/918763cbbc85c63b9bd5908a33c44274/elements - {"using":"xpath","value":"//bdi[text()=\"OK\"]"}
RESULT: {"using":"xpath","value":"//bdi[text()=\"OK\"]"}
COMMAND: POST /session/918763cbbc85c63b9bd5908a33c44274/elements - {"using":"xpath","value":"//bdi[text()=\"OK\"]"}
RESULT: {"using":"xpath","value":"//bdi[text()=\"OK\"]"}
COMMAND: POST /session/918763cbbc85c63b9bd5908a33c44274/elements - {"using":"xpath","value":"//bdi[text()=\"OK\"]"}
RESULT: {"using":"xpath","value":"//bdi[text()=\"OK\"]"}
COMMAND: POST /session/918763cbbc85c63b9bd5908a33c44274/elements - {"using":"xpath","value":"//bdi[text()=\"OK\"]"}
RESULT: {"using":"xpath","value":"//bdi[text()=\"OK\"]"}
COMMAND: POST /session/918763cbbc85c63b9bd5908a33c44274/elements - {"using":"xpath","value":"//bdi[text()=\"OK\"]"}
RESULT: {"using":"xpath","value":"//bdi[text()=\"OK\"]"}
COMMAND: POST /session/918763cbbc85c63b9bd5908a33c44274/elements - {"using":"xpath","value":"//bdi[text()=\"OK\"]"}
RESULT: {"using":"xpath","value":"//bdi[text()=\"OK\"]"}
COMMAND: POST /session/918763cbbc85c63b9bd5908a33c44274/elements - {"using":"xpath","value":"//bdi[text()=\"OK\"]"}
RESULT: {"using":"xpath","value":"//bdi[text()=\"OK\"]"}
COMMAND: POST /session/918763cbbc85c63b9bd5908a33c44274/elements - {"using":"xpath","value":"//bdi[text()=\"OK\"]"}
RESULT: {"using":"xpath","value":"//bdi[text()=\"OK\"]"}
COMMAND: POST /session/918763cbbc85c63b9bd5908a33c44274/elements - {"using":"xpath","value":"//bdi[text()=\"OK\"]"}
RESULT: {"using":"xpath","value":"//bdi[text()=\"OK\"]"}
COMMAND: POST /session/918763cbbc85c63b9bd5908a33c44274/elements - {"using":"xpath","value":"//bdi[text()=\"OK\"]"}
RESULT: {"using":"xpath","value":"//bdi[text()=\"OK\"]"}
COMMAND: POST /session/918763cbbc85c63b9bd5908a33c44274/elements - {"using":"xpath","value":"//bdi[text()=\"OK\"]"}
RESULT: {"using":"xpath","value":"//bdi[text()=\"OK\"]"}
COMMAND: POST /session/918763cbbc85c63b9bd5908a33c44274/elements - {"using":"xpath","value":"//bdi[text()=\"OK\"]"}
RESULT: {"using":"xpath","value":"//bdi[text()=\"OK\"]"}
COMMAND: POST /session/918763cbbc85c63b9bd5908a33c44274/elements - {"using":"xpath","value":"//bdi[text()=\"OK\"]"}
RESULT: {"using":"xpath","value":"//bdi[text()=\"OK\"]"}
COMMAND: POST /session/918763cbbc85c63b9bd5908a33c44274/elements - {"using":"xpath","value":"//bdi[text()=\"OK\"]"}
RESULT: {"using":"xpath","value":"//bdi[text()=\"OK\"]"}
COMMAND: POST /session/918763cbbc85c63b9bd5908a33c44274/elements - {"using":"xpath","value":"//bdi[text()=\"OK\"]"}
RESULT: {"using":"xpath","value":"//bdi[text()=\"OK\"]"}
COMMAND: POST /session/918763cbbc85c63b9bd5908a33c44274/elements - {"using":"xpath","value":"//bdi[text()=\"OK\"]"}
RESULT: {"using":"xpath","value":"//bdi[text()=\"OK\"]"}
COMMAND: POST /session/918763cbbc85c63b9bd5908a33c44274/elements - {"using":"xpath","value":"//bdi[text()=\"OK\"]"}
RESULT: {"using":"xpath","value":"//bdi[text()=\"OK\"]"}
COMMAND: POST /session/918763cbbc85c63b9bd5908a33c44274/elements - {"using":"xpath","value":"//bdi[text()=\"OK\"]"}
RESULT: {"using":"xpath","value":"//bdi[text()=\"OK\"]"}
COMMAND: POST /session/918763cbbc85c63b9bd5908a33c44274/elements - {"using":"xpath","value":"//bdi[text()=\"OK\"]"}
RESULT: {"using":"xpath","value":"//bdi[text()=\"OK\"]"}
COMMAND: POST /session/918763cbbc85c63b9bd5908a33c44274/elements - {"using":"xpath","value":"//bdi[text()=\"OK\"]"}
RESULT: {"using":"xpath","value":"//bdi[text()=\"OK\"]"}
COMMAND: POST /session/918763cbbc85c63b9bd5908a33c44274/elements - {"using":"xpath","value":"//bdi[text()=\"OK\"]"}
RESULT: {"using":"xpath","value":"//bdi[text()=\"OK\"]"}
COMMAND: POST /session/918763cbbc85c63b9bd5908a33c44274/elements - {"using":"xpath","value":"//bdi[text()=\"OK\"]"}
RESULT: {"using":"xpath","value":"//bdi[text()=\"OK\"]"}
COMMAND: POST /session/918763cbbc85c63b9bd5908a33c44274/elements - {"using":"xpath","value":"//bdi[text()=\"OK\"]"}
RESULT: {"using":"xpath","value":"//bdi[text()=\"OK\"]"}
COMMAND: POST /session/918763cbbc85c63b9bd5908a33c44274/elements - {"using":"xpath","value":"//bdi[text()=\"OK\"]"}
RESULT: {"using":"xpath","value":"//bdi[text()=\"OK\"]"}
COMMAND: POST /session/918763cbbc85c63b9bd5908a33c44274/elements - {"using":"xpath","value":"//bdi[text()=\"OK\"]"}
RESULT: {"using":"xpath","value":"//bdi[text()=\"OK\"]"}
COMMAND: POST /session/918763cbbc85c63b9bd5908a33c44274/elements - {"using":"xpath","value":"//bdi[text()=\"OK\"]"}
RESULT: {"using":"xpath","value":"//bdi[text()=\"OK\"]"}
COMMAND: POST /session/918763cbbc85c63b9bd5908a33c44274/elements - {"using":"xpath","value":"//bdi[text()=\"OK\"]"}
RESULT: {"using":"xpath","value":"//bdi[text()=\"OK\"]"}
COMMAND: POST /session/918763cbbc85c63b9bd5908a33c44274/elements - {"using":"xpath","value":"//bdi[text()=\"OK\"]"}
RESULT: {"using":"xpath","value":"//bdi[text()=\"OK\"]"}
COMMAND: POST /session/918763cbbc85c63b9bd5908a33c44274/elements - {"using":"xpath","value":"//bdi[text()=\"OK\"]"}
RESULT: {"using":"xpath","value":"//bdi[text()=\"OK\"]"}
COMMAND: POST /session/918763cbbc85c63b9bd5908a33c44274/elements - {"using":"xpath","value":"//bdi[text()=\"OK\"]"}
RESULT: {"using":"xpath","value":"//bdi[text()=\"OK\"]"}
COMMAND: POST /session/918763cbbc85c63b9bd5908a33c44274/elements - {"using":"xpath","value":"//bdi[text()=\"OK\"]"}
RESULT: {"using":"xpath","value":"//bdi[text()=\"OK\"]"}
COMMAND: POST /session/918763cbbc85c63b9bd5908a33c44274/elements - {"using":"xpath","value":"//bdi[text()=\"OK\"]"}
RESULT: {"using":"xpath","value":"//bdi[text()=\"OK\"]"}
COMMAND: POST /session/918763cbbc85c63b9bd5908a33c44274/elements - {"using":"xpath","value":"//bdi[text()=\"OK\"]"}
RESULT: {"using":"xpath","value":"//bdi[text()=\"OK\"]"}
COMMAND: POST /session/918763cbbc85c63b9bd5908a33c44274/elements - {"using":"xpath","value":"//bdi[text()=\"OK\"]"}
RESULT: {"using":"xpath","value":"//bdi[text()=\"OK\"]"}
COMMAND: POST /session/918763cbbc85c63b9bd5908a33c44274/elements - {"using":"xpath","value":"//bdi[text()=\"OK\"]"}
COMMAND: POST /session/918763cbbc85c63b9bd5908a33c44274/element - {"using":"xpath","value":"//bdi[text()=\"OK\"]"}
RESULT: {"using":"xpath","value":"//bdi[text()=\"OK\"]"}
RESULT: {"using":"xpath","value":"//bdi[text()=\"OK\"]"}
COMMAND: POST /session/918763cbbc85c63b9bd5908a33c44274/elements - {"using":"xpath","value":"//bdi[text()=\"OK\"]"}
RESULT: {"using":"xpath","value":"//bdi[text()=\"OK\"]"}
COMMAND: POST /session/918763cbbc85c63b9bd5908a33c44274/elements - {"using":"xpath","value":"//bdi[text()=\"OK\"]"}
RESULT: {"using":"xpath","value":"//bdi[text()=\"OK\"]"}
COMMAND: POST /session/918763cbbc85c63b9bd5908a33c44274/elements - {"using":"xpath","value":"//bdi[text()=\"OK\"]"}
RESULT: {"using":"xpath","value":"//bdi[text()=\"OK\"]"}
COMMAND: POST /session/918763cbbc85c63b9bd5908a33c44274/elements - {"using":"xpath","value":"//bdi[text()=\"OK\"]"}
RESULT: {"using":"xpath","value":"//bdi[text()=\"OK\"]"}
COMMAND: POST /session/918763cbbc85c63b9bd5908a33c44274/elements - {"using":"xpath","value":"//bdi[text()=\"OK\"]"}
RESULT: {"using":"xpath","value":"//bdi[text()=\"OK\"]"}
COMMAND: POST /session/918763cbbc85c63b9bd5908a33c44274/elements - {"using":"xpath","value":"//bdi[text()=\"OK\"]"}
RESULT: {"using":"xpath","value":"//bdi[text()=\"OK\"]"}
COMMAND: POST /session/918763cbbc85c63b9bd5908a33c44274/elements - {"using":"xpath","value":"//bdi[text()=\"OK\"]"}
RESULT: {"using":"xpath","value":"//bdi[text()=\"OK\"]"}
COMMAND: POST /session/918763cbbc85c63b9bd5908a33c44274/elements - {"using":"xpath","value":"//bdi[text()=\"OK\"]"}
RESULT: {"using":"xpath","value":"//bdi[text()=\"OK\"]"}
COMMAND: POST /session/918763cbbc85c63b9bd5908a33c44274/elements - {"using":"xpath","value":"//bdi[text()=\"OK\"]"}
RESULT: {"using":"xpath","value":"//bdi[text()=\"OK\"]"}
COMMAND: POST /session/918763cbbc85c63b9bd5908a33c44274/elements - {"using":"xpath","value":"//bdi[text()=\"OK\"]"}
RESULT: {"using":"xpath","value":"//bdi[text()=\"OK\"]"}
COMMAND: POST /session/918763cbbc85c63b9bd5908a33c44274/elements - {"using":"xpath","value":"//bdi[text()=\"OK\"]"}
RESULT: {"using":"xpath","value":"//bdi[text()=\"OK\"]"}
COMMAND: POST /session/918763cbbc85c63b9bd5908a33c44274/elements - {"using":"xpath","value":"//bdi[text()=\"OK\"]"}
RESULT: {"using":"xpath","value":"//bdi[text()=\"OK\"]"}
COMMAND: POST /session/918763cbbc85c63b9bd5908a33c44274/elements - {"using":"xpath","value":"//bdi[text()=\"OK\"]"}
RESULT: {"using":"xpath","value":"//bdi[text()=\"OK\"]"}
COMMAND: POST /session/918763cbbc85c63b9bd5908a33c44274/elements - {"using":"xpath","value":"//bdi[text()=\"OK\"]"}
RESULT: {"using":"xpath","value":"//bdi[text()=\"OK\"]"}
COMMAND: POST /session/918763cbbc85c63b9bd5908a33c44274/elements - {"using":"xpath","value":"//bdi[text()=\"OK\"]"}
RESULT: {"using":"xpath","value":"//bdi[text()=\"OK\"]"}
COMMAND: POST /session/918763cbbc85c63b9bd5908a33c44274/elements - {"using":"xpath","value":"//bdi[text()=\"OK\"]"}
RESULT: {"using":"xpath","value":"//bdi[text()=\"OK\"]"}
COMMAND: POST /session/918763cbbc85c63b9bd5908a33c44274/elements - {"using":"xpath","value":"//bdi[text()=\"OK\"]"}
RESULT: {"using":"xpath","value":"//bdi[text()=\"OK\"]"}
COMMAND: POST /session/918763cbbc85c63b9bd5908a33c44274/elements - {"using":"xpath","value":"//bdi[text()=\"OK\"]"}
RESULT: {"using":"xpath","value":"//bdi[text()=\"OK\"]"}
COMMAND: POST /session/918763cbbc85c63b9bd5908a33c44274/elements - {"using":"xpath","value":"//bdi[text()=\"OK\"]"}
RESULT: {"using":"xpath","value":"//bdi[text()=\"OK\"]"}
COMMAND: POST /session/918763cbbc85c63b9bd5908a33c44274/elements - {"using":"xpath","value":"//bdi[text()=\"OK\"]"}
RESULT: {"using":"xpath","value":"//bdi[text()=\"OK\"]"}
COMMAND: POST /session/918763cbbc85c63b9bd5908a33c44274/elements - {"using":"xpath","value":"//bdi[text()=\"OK\"]"}
RESULT: {"using":"xpath","value":"//bdi[text()=\"OK\"]"}
COMMAND: POST /session/918763cbbc85c63b9bd5908a33c44274/elements - {"using":"xpath","value":"//bdi[text()=\"OK\"]"}
RESULT: {"using":"xpath","value":"//bdi[text()=\"OK\"]"}
COMMAND: POST /session/918763cbbc85c63b9bd5908a33c44274/elements - {"using":"xpath","value":"//bdi[text()=\"OK\"]"}
RESULT: {"using":"xpath","value":"//bdi[text()=\"OK\"]"}
COMMAND: POST /session/918763cbbc85c63b9bd5908a33c44274/elements - {"using":"xpath","value":"//bdi[text()=\"OK\"]"}
RESULT: {"using":"xpath","value":"//bdi[text()=\"OK\"]"}
COMMAND: POST /session/918763cbbc85c63b9bd5908a33c44274/elements - {"using":"xpath","value":"//bdi[text()=\"OK\"]"}
RESULT: {"using":"xpath","value":"//bdi[text()=\"OK\"]"}
COMMAND: POST /session/918763cbbc85c63b9bd5908a33c44274/elements - {"using":"xpath","value":"//bdi[text()=\"OK\"]"}
RESULT: {"using":"xpath","value":"//bdi[text()=\"OK\"]"}
COMMAND: POST /session/918763cbbc85c63b9bd5908a33c44274/elements - {"using":"xpath","value":"//bdi[text()=\"OK\"]"}
RESULT: {"using":"xpath","value":"//bdi[text()=\"OK\"]"}
COMMAND: POST /session/918763cbbc85c63b9bd5908a33c44274/elements - {"using":"xpath","value":"//bdi[text()=\"OK\"]"}
RESULT: {"using":"xpath","value":"//bdi[text()=\"OK\"]"}
COMMAND: POST /session/918763cbbc85c63b9bd5908a33c44274/elements - {"using":"xpath","value":"//bdi[text()=\"OK\"]"}
RESULT: {"using":"xpath","value":"//bdi[text()=\"OK\"]"}
COMMAND: POST /session/918763cbbc85c63b9bd5908a33c44274/elements - {"using":"xpath","value":"//bdi[text()=\"OK\"]"}
RESULT: {"using":"xpath","value":"//bdi[text()=\"OK\"]"}
COMMAND: POST /session/918763cbbc85c63b9bd5908a33c44274/elements - {"using":"xpath","value":"//bdi[text()=\"OK\"]"}
RESULT: {"using":"xpath","value":"//bdi[text()=\"OK\"]"}
COMMAND: POST /session/918763cbbc85c63b9bd5908a33c44274/elements - {"using":"xpath","value":"//bdi[text()=\"OK\"]"}
RESULT: {"using":"xpath","value":"//bdi[text()=\"OK\"]"}
COMMAND: POST /session/918763cbbc85c63b9bd5908a33c44274/elements - {"using":"xpath","value":"//bdi[text()=\"OK\"]"}
RESULT: {"using":"xpath","value":"//bdi[text()=\"OK\"]"}
COMMAND: POST /session/918763cbbc85c63b9bd5908a33c44274/elements - {"using":"xpath","value":"//bdi[text()=\"OK\"]"}
RESULT: {"using":"xpath","value":"//bdi[text()=\"OK\"]"}
COMMAND: POST /session/918763cbbc85c63b9bd5908a33c44274/elements - {"using":"xpath","value":"//bdi[text()=\"OK\"]"}
RESULT: {"using":"xpath","value":"//bdi[text()=\"OK\"]"}
COMMAND: POST /session/918763cbbc85c63b9bd5908a33c44274/elements - {"using":"xpath","value":"//bdi[text()=\"OK\"]"}
RESULT: {"using":"xpath","value":"//bdi[text()=\"OK\"]"}
COMMAND: POST /session/918763cbbc85c63b9bd5908a33c44274/elements - {"using":"xpath","value":"//bdi[text()=\"OK\"]"}
RESULT: {"using":"xpath","value":"//bdi[text()=\"OK\"]"}
COMMAND: POST /session/918763cbbc85c63b9bd5908a33c44274/elements - {"using":"xpath","value":"//bdi[text()=\"OK\"]"}
RESULT: {"using":"xpath","value":"//bdi[text()=\"OK\"]"}
COMMAND: POST /session/918763cbbc85c63b9bd5908a33c44274/elements - {"using":"xpath","value":"//bdi[text()=\"OK\"]"}
RESULT: {"using":"xpath","value":"//bdi[text()=\"OK\"]"}
COMMAND: POST /session/918763cbbc85c63b9bd5908a33c44274/elements - {"using":"xpath","value":"//bdi[text()=\"OK\"]"}
RESULT: {"using":"xpath","value":"//bdi[text()=\"OK\"]"}
COMMAND: POST /session/918763cbbc85c63b9bd5908a33c44274/elements - {"using":"xpath","value":"//bdi[text()=\"OK\"]"}
RESULT: {"using":"xpath","value":"//bdi[text()=\"OK\"]"}
COMMAND: POST /session/918763cbbc85c63b9bd5908a33c44274/elements - {"using":"xpath","value":"//bdi[text()=\"OK\"]"}
RESULT: {"using":"xpath","value":"//bdi[text()=\"OK\"]"}
COMMAND: POST /session/918763cbbc85c63b9bd5908a33c44274/elements - {"using":"xpath","value":"//bdi[text()=\"OK\"]"}
RESULT: {"using":"xpath","value":"//bdi[text()=\"OK\"]"}
COMMAND: POST /session/918763cbbc85c63b9bd5908a33c44274/elements - {"using":"xpath","value":"//bdi[text()=\"OK\"]"}
RESULT: {"using":"xpath","value":"//bdi[text()=\"OK\"]"}
COMMAND: POST /session/918763cbbc85c63b9bd5908a33c44274/elements - {"using":"xpath","value":"//bdi[text()=\"OK\"]"}
RESULT: {"using":"xpath","value":"//bdi[text()=\"OK\"]"}
COMMAND: POST /session/918763cbbc85c63b9bd5908a33c44274/elements - {"using":"xpath","value":"//bdi[text()=\"OK\"]"}
RESULT: {"using":"xpath","value":"//bdi[text()=\"OK\"]"}
COMMAND: POST /session/918763cbbc85c63b9bd5908a33c44274/elements - {"using":"xpath","value":"//bdi[text()=\"OK\"]"}
RESULT: {"using":"xpath","value":"//bdi[text()=\"OK\"]"}
COMMAND: POST /session/918763cbbc85c63b9bd5908a33c44274/elements - {"using":"xpath","value":"//bdi[text()=\"OK\"]"}
RESULT: {"using":"xpath","value":"//bdi[text()=\"OK\"]"}
COMMAND: POST /session/918763cbbc85c63b9bd5908a33c44274/elements - {"using":"xpath","value":"//bdi[text()=\"OK\"]"}
RESULT: {"using":"xpath","value":"//bdi[text()=\"OK\"]"}
COMMAND: POST /session/918763cbbc85c63b9bd5908a33c44274/elements - {"using":"xpath","value":"//bdi[text()=\"OK\"]"}
RESULT: {"using":"xpath","value":"//bdi[text()=\"OK\"]"}
COMMAND: POST /session/918763cbbc85c63b9bd5908a33c44274/elements - {"using":"xpath","value":"//bdi[text()=\"OK\"]"}
RESULT: {"using":"xpath","value":"//bdi[text()=\"OK\"]"}
COMMAND: POST /session/918763cbbc85c63b9bd5908a33c44274/elements - {"using":"xpath","value":"//bdi[text()=\"OK\"]"}
RESULT: {"using":"xpath","value":"//bdi[text()=\"OK\"]"}
COMMAND: POST /session/918763cbbc85c63b9bd5908a33c44274/elements - {"using":"xpath","value":"//bdi[text()=\"OK\"]"}
RESULT: {"using":"xpath","value":"//bdi[text()=\"OK\"]"}
COMMAND: POST /session/918763cbbc85c63b9bd5908a33c44274/elements - {"using":"xpath","value":"//bdi[text()=\"OK\"]"}
RESULT: {"using":"xpath","value":"//bdi[text()=\"OK\"]"}
COMMAND: POST /session/918763cbbc85c63b9bd5908a33c44274/elements - {"using":"xpath","value":"//bdi[text()=\"OK\"]"}
RESULT: {"using":"xpath","value":"//bdi[text()=\"OK\"]"}
COMMAND: POST /session/918763cbbc85c63b9bd5908a33c44274/elements - {"using":"xpath","value":"//bdi[text()=\"OK\"]"}
RESULT: {"using":"xpath","value":"//bdi[text()=\"OK\"]"}
COMMAND: POST /session/918763cbbc85c63b9bd5908a33c44274/elements - {"using":"xpath","value":"//bdi[text()=\"OK\"]"}
RESULT: {"using":"xpath","value":"//bdi[text()=\"OK\"]"}
COMMAND: POST /session/918763cbbc85c63b9bd5908a33c44274/elements - {"using":"xpath","value":"//bdi[text()=\"OK\"]"}
RESULT: {"using":"xpath","value":"//bdi[text()=\"OK\"]"}
COMMAND: POST /session/918763cbbc85c63b9bd5908a33c44274/elements - {"using":"xpath","value":"//bdi[text()=\"OK\"]"}
RESULT: {"using":"xpath","value":"//bdi[text()=\"OK\"]"}
COMMAND: POST /session/918763cbbc85c63b9bd5908a33c44274/elements - {"using":"xpath","value":"//bdi[text()=\"OK\"]"}
RESULT: {"using":"xpath","value":"//bdi[text()=\"OK\"]"}
COMMAND: POST /session/918763cbbc85c63b9bd5908a33c44274/elements - {"using":"xpath","value":"//bdi[text()=\"OK\"]"}
RESULT: {"using":"xpath","value":"//bdi[text()=\"OK\"]"}
COMMAND: POST /session/918763cbbc85c63b9bd5908a33c44274/elements - {"using":"xpath","value":"//bdi[text()=\"OK\"]"}
RESULT: {"using":"xpath","value":"//bdi[text()=\"OK\"]"}
COMMAND: POST /session/918763cbbc85c63b9bd5908a33c44274/elements - {"using":"xpath","value":"//bdi[text()=\"OK\"]"}
RESULT: {"using":"xpath","value":"//bdi[text()=\"OK\"]"}
COMMAND: POST /session/918763cbbc85c63b9bd5908a33c44274/elements - {"using":"xpath","value":"//bdi[text()=\"OK\"]"}
RESULT: {"using":"xpath","value":"//bdi[text()=\"OK\"]"}
COMMAND: POST /session/918763cbbc85c63b9bd5908a33c44274/elements - {"using":"xpath","value":"//bdi[text()=\"OK\"]"}
RESULT: {"using":"xpath","value":"//bdi[text()=\"OK\"]"}
COMMAND: POST /session/918763cbbc85c63b9bd5908a33c44274/elements - {"using":"xpath","value":"//bdi[text()=\"OK\"]"}
RESULT: {"using":"xpath","value":"//bdi[text()=\"OK\"]"}
COMMAND: POST /session/918763cbbc85c63b9bd5908a33c44274/elements - {"using":"xpath","value":"//bdi[text()=\"OK\"]"}
RESULT: {"using":"xpath","value":"//bdi[text()=\"OK\"]"}
COMMAND: POST /session/918763cbbc85c63b9bd5908a33c44274/elements - {"using":"xpath","value":"//bdi[text()=\"OK\"]"}
RESULT: {"using":"xpath","value":"//bdi[text()=\"OK\"]"}
COMMAND: POST /session/918763cbbc85c63b9bd5908a33c44274/elements - {"using":"xpath","value":"//bdi[text()=\"OK\"]"}
RESULT: {"using":"xpath","value":"//bdi[text()=\"OK\"]"}
COMMAND: POST /session/918763cbbc85c63b9bd5908a33c44274/elements - {"using":"xpath","value":"//bdi[text()=\"OK\"]"}
RESULT: {"using":"xpath","value":"//bdi[text()=\"OK\"]"}
COMMAND: POST /session/918763cbbc85c63b9bd5908a33c44274/elements - {"using":"xpath","value":"//bdi[text()=\"OK\"]"}
RESULT: {"using":"xpath","value":"//bdi[text()=\"OK\"]"}
COMMAND: POST /session/918763cbbc85c63b9bd5908a33c44274/elements - {"using":"xpath","value":"//bdi[text()=\"OK\"]"}
RESULT: {"using":"xpath","value":"//bdi[text()=\"OK\"]"}
COMMAND: POST /session/918763cbbc85c63b9bd5908a33c44274/elements - {"using":"xpath","value":"//bdi[text()=\"OK\"]"}
RESULT: {"using":"xpath","value":"//bdi[text()=\"OK\"]"}
COMMAND: POST /session/918763cbbc85c63b9bd5908a33c44274/elements - {"using":"xpath","value":"//bdi[text()=\"OK\"]"}
RESULT: {"using":"xpath","value":"//bdi[text()=\"OK\"]"}
COMMAND: POST /session/918763cbbc85c63b9bd5908a33c44274/elements - {"using":"xpath","value":"//bdi[text()=\"OK\"]"}
RESULT: {"using":"xpath","value":"//bdi[text()=\"OK\"]"}
COMMAND: POST /session/918763cbbc85c63b9bd5908a33c44274/elements - {"using":"xpath","value":"//bdi[text()=\"OK\"]"}
RESULT: {"using":"xpath","value":"//bdi[text()=\"OK\"]"}
COMMAND: POST /session/918763cbbc85c63b9bd5908a33c44274/elements - {"using":"xpath","value":"//bdi[text()=\"OK\"]"}
RESULT: {"using":"xpath","value":"//bdi[text()=\"OK\"]"}
COMMAND: POST /session/918763cbbc85c63b9bd5908a33c44274/elements - {"using":"xpath","value":"//bdi[text()=\"OK\"]"}
RESULT: {"using":"xpath","value":"//bdi[text()=\"OK\"]"}
COMMAND: POST /session/918763cbbc85c63b9bd5908a33c44274/elements - {"using":"xpath","value":"//bdi[text()=\"OK\"]"}
RESULT: {"using":"xpath","value":"//bdi[text()=\"OK\"]"}
COMMAND: POST /session/918763cbbc85c63b9bd5908a33c44274/elements - {"using":"xpath","value":"//bdi[text()=\"OK\"]"}
RESULT: {"using":"xpath","value":"//bdi[text()=\"OK\"]"}
COMMAND: POST /session/918763cbbc85c63b9bd5908a33c44274/elements - {"using":"xpath","value":"//bdi[text()=\"OK\"]"}
RESULT: {"using":"xpath","value":"//bdi[text()=\"OK\"]"}
COMMAND: POST /session/918763cbbc85c63b9bd5908a33c44274/elements - {"using":"xpath","value":"//bdi[text()=\"OK\"]"}
RESULT: {"using":"xpath","value":"//bdi[text()=\"OK\"]"}
COMMAND: POST /session/918763cbbc85c63b9bd5908a33c44274/elements - {"using":"xpath","value":"//bdi[text()=\"OK\"]"}
RESULT: {"using":"xpath","value":"//bdi[text()=\"OK\"]"}
COMMAND: POST /session/918763cbbc85c63b9bd5908a33c44274/elements - {"using":"xpath","value":"//bdi[text()=\"OK\"]"}
RESULT: {"using":"xpath","value":"//bdi[text()=\"OK\"]"}
COMMAND: POST /session/918763cbbc85c63b9bd5908a33c44274/elements - {"using":"xpath","value":"//bdi[text()=\"OK\"]"}
RESULT: {"using":"xpath","value":"//bdi[text()=\"OK\"]"}
COMMAND: POST /session/918763cbbc85c63b9bd5908a33c44274/elements - {"using":"xpath","value":"//bdi[text()=\"OK\"]"}
RESULT: {"using":"xpath","value":"//bdi[text()=\"OK\"]"}
COMMAND: POST /session/918763cbbc85c63b9bd5908a33c44274/elements - {"using":"xpath","value":"//bdi[text()=\"OK\"]"}
RESULT: {"using":"xpath","value":"//bdi[text()=\"OK\"]"}
COMMAND: POST /session/918763cbbc85c63b9bd5908a33c44274/elements - {"using":"xpath","value":"//bdi[text()=\"OK\"]"}
RESULT: {"using":"xpath","value":"//bdi[text()=\"OK\"]"}
COMMAND: POST /session/918763cbbc85c63b9bd5908a33c44274/elements - {"using":"xpath","value":"//bdi[text()=\"OK\"]"}
RESULT: {"using":"xpath","value":"//bdi[text()=\"OK\"]"}
COMMAND: POST /session/918763cbbc85c63b9bd5908a33c44274/elements - {"using":"xpath","value":"//bdi[text()=\"OK\"]"}
RESULT: {"using":"xpath","value":"//bdi[text()=\"OK\"]"}
COMMAND: POST /session/918763cbbc85c63b9bd5908a33c44274/elements - {"using":"xpath","value":"//bdi[text()=\"OK\"]"}
RESULT: {"using":"xpath","value":"//bdi[text()=\"OK\"]"}
COMMAND: POST /session/918763cbbc85c63b9bd5908a33c44274/elements - {"using":"xpath","value":"//bdi[text()=\"OK\"]"}
RESULT: {"using":"xpath","value":"//bdi[text()=\"OK\"]"}
COMMAND: POST /session/918763cbbc85c63b9bd5908a33c44274/elements - {"using":"xpath","value":"//bdi[text()=\"OK\"]"}
RESULT: {"using":"xpath","value":"//bdi[text()=\"OK\"]"}
COMMAND: POST /session/918763cbbc85c63b9bd5908a33c44274/elements - {"using":"xpath","value":"//bdi[text()=\"OK\"]"}
RESULT: {"using":"xpath","value":"//bdi[text()=\"OK\"]"}
COMMAND: POST /session/918763cbbc85c63b9bd5908a33c44274/elements - {"using":"xpath","value":"//bdi[text()=\"OK\"]"}
RESULT: {"using":"xpath","value":"//bdi[text()=\"OK\"]"}
COMMAND: POST /session/918763cbbc85c63b9bd5908a33c44274/elements - {"using":"xpath","value":"//bdi[text()=\"OK\"]"}
RESULT: {"using":"xpath","value":"//bdi[text()=\"OK\"]"}
COMMAND: POST /session/918763cbbc85c63b9bd5908a33c44274/elements - {"using":"xpath","value":"//bdi[text()=\"OK\"]"}
RESULT: {"using":"xpath","value":"//bdi[text()=\"OK\"]"}
COMMAND: POST /session/918763cbbc85c63b9bd5908a33c44274/elements - {"using":"xpath","value":"//bdi[text()=\"OK\"]"}
RESULT: {"using":"xpath","value":"//bdi[text()=\"OK\"]"}
COMMAND: POST /session/918763cbbc85c63b9bd5908a33c44274/elements - {"using":"xpath","value":"//bdi[text()=\"OK\"]"}
RESULT: {"using":"xpath","value":"//bdi[text()=\"OK\"]"}
COMMAND: POST /session/918763cbbc85c63b9bd5908a33c44274/elements - {"using":"xpath","value":"//bdi[text()=\"OK\"]"}
RESULT: {"using":"xpath","value":"//bdi[text()=\"OK\"]"}
COMMAND: POST /session/918763cbbc85c63b9bd5908a33c44274/elements - {"using":"xpath","value":"//bdi[text()=\"OK\"]"}
RESULT: {"using":"xpath","value":"//bdi[text()=\"OK\"]"}
COMMAND: POST /session/918763cbbc85c63b9bd5908a33c44274/elements - {"using":"xpath","value":"//bdi[text()=\"OK\"]"}
RESULT: {"using":"xpath","value":"//bdi[text()=\"OK\"]"}
COMMAND: POST /session/918763cbbc85c63b9bd5908a33c44274/elements - {"using":"xpath","value":"//bdi[text()=\"OK\"]"}
RESULT: {"using":"xpath","value":"//bdi[text()=\"OK\"]"}
COMMAND: POST /session/918763cbbc85c63b9bd5908a33c44274/elements - {"using":"xpath","value":"//bdi[text()=\"OK\"]"}
RESULT: {"using":"xpath","value":"//bdi[text()=\"OK\"]"}
COMMAND: POST /session/918763cbbc85c63b9bd5908a33c44274/elements - {"using":"xpath","value":"//bdi[text()=\"OK\"]"}
RESULT: {"using":"xpath","value":"//bdi[text()=\"OK\"]"}
COMMAND: POST /session/918763cbbc85c63b9bd5908a33c44274/elements - {"using":"xpath","value":"//bdi[text()=\"OK\"]"}
RESULT: {"using":"xpath","value":"//bdi[text()=\"OK\"]"}
COMMAND: POST /session/918763cbbc85c63b9bd5908a33c44274/elements - {"using":"xpath","value":"//bdi[text()=\"OK\"]"}
RESULT: {"using":"xpath","value":"//bdi[text()=\"OK\"]"}
COMMAND: POST /session/918763cbbc85c63b9bd5908a33c44274/elements - {"using":"xpath","value":"//bdi[text()=\"OK\"]"}
RESULT: {"using":"xpath","value":"//bdi[text()=\"OK\"]"}
COMMAND: POST /session/918763cbbc85c63b9bd5908a33c44274/elements - {"using":"xpath","value":"//bdi[text()=\"OK\"]"}
RESULT: {"using":"xpath","value":"//bdi[text()=\"OK\"]"}
COMMAND: POST /session/918763cbbc85c63b9bd5908a33c44274/elements - {"using":"xpath","value":"//bdi[text()=\"OK\"]"}
RESULT: {"using":"xpath","value":"//bdi[text()=\"OK\"]"}
COMMAND: POST /session/918763cbbc85c63b9bd5908a33c44274/elements - {"using":"xpath","value":"//bdi[text()=\"OK\"]"}
RESULT: {"using":"xpath","value":"//bdi[text()=\"OK\"]"}
COMMAND: POST /session/918763cbbc85c63b9bd5908a33c44274/elements - {"using":"xpath","value":"//bdi[text()=\"OK\"]"}
RESULT: {"using":"xpath","value":"//bdi[text()=\"OK\"]"}
COMMAND: POST /session/918763cbbc85c63b9bd5908a33c44274/elements - {"using":"xpath","value":"//bdi[text()=\"OK\"]"}
RESULT: {"using":"xpath","value":"//bdi[text()=\"OK\"]"}
COMMAND: POST /session/918763cbbc85c63b9bd5908a33c44274/elements - {"using":"xpath","value":"//bdi[text()=\"OK\"]"}
RESULT: {"using":"xpath","value":"//bdi[text()=\"OK\"]"}
COMMAND: POST /session/918763cbbc85c63b9bd5908a33c44274/elements - {"using":"xpath","value":"//bdi[text()=\"OK\"]"}
RESULT: {"using":"xpath","value":"//bdi[text()=\"OK\"]"}
COMMAND: POST /session/918763cbbc85c63b9bd5908a33c44274/elements - {"using":"xpath","value":"//bdi[text()=\"OK\"]"}
RESULT: {"using":"xpath","value":"//bdi[text()=\"OK\"]"}
COMMAND: POST /session/918763cbbc85c63b9bd5908a33c44274/elements - {"using":"xpath","value":"//bdi[text()=\"OK\"]"}
RESULT: {"using":"xpath","value":"//bdi[text()=\"OK\"]"}
COMMAND: POST /session/918763cbbc85c63b9bd5908a33c44274/elements - {"using":"xpath","value":"//bdi[text()=\"OK\"]"}
RESULT: {"using":"xpath","value":"//bdi[text()=\"OK\"]"}
COMMAND: POST /session/918763cbbc85c63b9bd5908a33c44274/elements - {"using":"xpath","value":"//bdi[text()=\"OK\"]"}
RESULT: {"using":"xpath","value":"//bdi[text()=\"OK\"]"}
COMMAND: POST /session/918763cbbc85c63b9bd5908a33c44274/elements - {"using":"xpath","value":"//bdi[text()=\"OK\"]"}
RESULT: {"using":"xpath","value":"//bdi[text()=\"OK\"]"}
COMMAND: POST /session/918763cbbc85c63b9bd5908a33c44274/execute/async - {"script":"<script> [1562 bytes]","args":[{"selector":{"id":"application-manageresources-display-component---newResourceUnit--TYPE-arrow"},"wdio_ui5_key":"applicationmanageresources-display-component---newResourceUnit--TYPE-arrow"}]}
RESULT: {"script":"<script> [1562 bytes]","args":[{"selector":{"id":"application-manageresources-display-component---newResourceUnit--TYPE-arrow"},"wdio_ui5_key":"applicationmanageresources-display-component---newResourceUnit--TYPE-arrow"}]}
RESULT: undefined
COMMAND: POST /session/918763cbbc85c63b9bd5908a33c44274/element - {"using":"xpath","value":"//*[@id=\"application-manageresources-display-component---newResourceUnit--TYPE-arrow\"]"}
RESULT: {"using":"xpath","value":"//*[@id=\"application-manageresources-display-component---newResourceUnit--TYPE-arrow\"]"}
COMMAND: POST /session/918763cbbc85c63b9bd5908a33c44274/element/f.C58A9DC514FFE328F82A7A8F67B7EF56.d.FE3FDE85CD042EC8A7EC6738DF4B8355.e.6723/click - {}
RESULT: {}
COMMAND: POST /session/918763cbbc85c63b9bd5908a33c44274/execute/async - {"script":"<script> [1562 bytes]","args":[{"selector":{"controlType":"sap.m.StandardListItem","viewName":"reusables.view.manageresources.NewResourceUnit","viewId":"application-manageresources-display-component---newResourceUnit","properties":{"title":"Material"},"searchOpenDialogs":true,"interaction":{"idSuffix":"titleText"}},"wdio_ui5_key":"reusablesview.manageresources.NewResourceUnitsap.m.StandardListItem{\"title\":\"Material\"}"}]}
COMMAND: GET /session/918763cbbc85c63b9bd5908a33c44274/screenshot - {}
RESULT: {"script":"<script> [1562 bytes]","args":[{"selector":{"controlType":"sap.m.StandardListItem","viewName":"reusables.view.manageresources.NewResourceUnit","viewId":"application-manageresources-display-component---newResourceUnit","properties":{"title":"Material"},"searchOpenDialogs":true,"interaction":{"idSuffix":"titleText"}},"wdio_ui5_key":"reusablesview.manageresources.NewResourceUnitsap.m.StandardListItem{\"title\":\"Material\"}"}]}
RESULT: undefined
COMMAND: POST /session/918763cbbc85c63b9bd5908a33c44274/element - {"using":"xpath","value":"//*[@id=\"__item143\"]"}
RESULT: {}
RESULT: {"using":"xpath","value":"//*[@id=\"__item143\"]"}
COMMAND: POST /session/918763cbbc85c63b9bd5908a33c44274/element/f.C58A9DC514FFE328F82A7A8F67B7EF56.d.FE3FDE85CD042EC8A7EC6738DF4B8355.e.6726/click - {}
RESULT: {}
COMMAND: POST /session/918763cbbc85c63b9bd5908a33c44274/execute/async - {"script":"<script> [1562 bytes]","args":[{"selector":{"id":"application-manageresources-display-component---newResourceUnit--SHORT_TEXT","interaction":{"idSuffix":"inner"}},"wdio_ui5_key":"applicationmanageresources-display-component---newResourceUnit--SHORT_TEXT"}]}
COMMAND: GET /session/918763cbbc85c63b9bd5908a33c44274/screenshot - {}
RESULT: {"script":"<script> [1562 bytes]","args":[{"selector":{"id":"application-manageresources-display-component---newResourceUnit--SHORT_TEXT","interaction":{"idSuffix":"inner"}},"wdio_ui5_key":"applicationmanageresources-display-component---newResourceUnit--SHORT_TEXT"}]}
RESULT: undefined
COMMAND: POST /session/918763cbbc85c63b9bd5908a33c44274/execute/async - {"script":"<script> [776 bytes]","args":[{"enterText":"WebdriverWHM_RU R2Co5qzt","selector":{"id":"application-manageresources-display-component---newResourceUnit--SHORT_TEXT","interaction":{"idSuffix":"inner"}},"clearTextFirst":true,"interactionType":"ENTER_TEXT"}]}
RESULT: {}
RESULT: {"script":"<script> [776 bytes]","args":[{"enterText":"WebdriverWHM_RU R2Co5qzt","selector":{"id":"application-manageresources-display-component---newResourceUnit--SHORT_TEXT","interaction":{"idSuffix":"inner"}},"clearTextFirst":true,"interactionType":"ENTER_TEXT"}]}
COMMAND: POST /session/918763cbbc85c63b9bd5908a33c44274/execute/async - {"script":"<script> [1562 bytes]","args":[{"selector":{"id":"application-manageresources-display-component---newResourceUnit--BASE_UNIT_OF_MEASURE-arrow"},"wdio_ui5_key":"applicationmanageresources-display-component---newResourceUnit--BASE_UNIT_OF_MEASURE-arrow"}]}
RESULT: {"script":"<script> [1562 bytes]","args":[{"selector":{"id":"application-manageresources-display-component---newResourceUnit--BASE_UNIT_OF_MEASURE-arrow"},"wdio_ui5_key":"applicationmanageresources-display-component---newResourceUnit--BASE_UNIT_OF_MEASURE-arrow"}]}
RESULT: undefined
COMMAND: POST /session/918763cbbc85c63b9bd5908a33c44274/element - {"using":"xpath","value":"//*[@id=\"application-manageresources-display-component---newResourceUnit--BASE_UNIT_OF_MEASURE-arrow\"]"}
RESULT: {"using":"xpath","value":"//*[@id=\"application-manageresources-display-component---newResourceUnit--BASE_UNIT_OF_MEASURE-arrow\"]"}
COMMAND: POST /session/918763cbbc85c63b9bd5908a33c44274/element/f.C58A9DC514FFE328F82A7A8F67B7EF56.d.FE3FDE85CD042EC8A7EC6738DF4B8355.e.6784/click - {}
RESULT: {}
COMMAND: POST /session/918763cbbc85c63b9bd5908a33c44274/execute/async - {"script":"<script> [1562 bytes]","args":[{"selector":{"controlType":"sap.m.StandardListItem","viewName":"reusables.view.manageresources.NewResourceUnit","viewId":"application-manageresources-display-component---newResourceUnit","properties":{"title":"Piece"},"searchOpenDialogs":true,"interaction":{"idSuffix":"content"}},"wdio_ui5_key":"reusablesview.manageresources.NewResourceUnitsap.m.StandardListItem{\"title\":\"Piece\"}"}]}
COMMAND: GET /session/918763cbbc85c63b9bd5908a33c44274/screenshot - {}
RESULT: {"script":"<script> [1562 bytes]","args":[{"selector":{"controlType":"sap.m.StandardListItem","viewName":"reusables.view.manageresources.NewResourceUnit","viewId":"application-manageresources-display-component---newResourceUnit","properties":{"title":"Piece"},"searchOpenDialogs":true,"interaction":{"idSuffix":"content"}},"wdio_ui5_key":"reusablesview.manageresources.NewResourceUnitsap.m.StandardListItem{\"title\":\"Piece\"}"}]}
RESULT: undefined
COMMAND: POST /session/918763cbbc85c63b9bd5908a33c44274/element - {"using":"xpath","value":"//*[@id=\"__item187\"]"}
RESULT: {}
RESULT: {"using":"xpath","value":"//*[@id=\"__item187\"]"}
COMMAND: POST /session/918763cbbc85c63b9bd5908a33c44274/element/f.C58A9DC514FFE328F82A7A8F67B7EF56.d.FE3FDE85CD042EC8A7EC6738DF4B8355.e.6786/click - {}
RESULT: {}
COMMAND: POST /session/918763cbbc85c63b9bd5908a33c44274/execute/async - {"script":"<script> [1562 bytes]","args":[{"selector":{"id":"application-manageresources-display-component---newResourceUnit--WEIGHT_UNIT-arrow"},"wdio_ui5_key":"applicationmanageresources-display-component---newResourceUnit--WEIGHT_UNIT-arrow"}]}
COMMAND: GET /session/918763cbbc85c63b9bd5908a33c44274/screenshot - {}
RESULT: {"script":"<script> [1562 bytes]","args":[{"selector":{"id":"application-manageresources-display-component---newResourceUnit--WEIGHT_UNIT-arrow"},"wdio_ui5_key":"applicationmanageresources-display-component---newResourceUnit--WEIGHT_UNIT-arrow"}]}
RESULT: undefined
COMMAND: POST /session/918763cbbc85c63b9bd5908a33c44274/element - {"using":"xpath","value":"//*[@id=\"application-manageresources-display-component---newResourceUnit--WEIGHT_UNIT-arrow\"]"}
RESULT: {}
RESULT: {"using":"xpath","value":"//*[@id=\"application-manageresources-display-component---newResourceUnit--WEIGHT_UNIT-arrow\"]"}
COMMAND: POST /session/918763cbbc85c63b9bd5908a33c44274/element/f.C58A9DC514FFE328F82A7A8F67B7EF56.d.FE3FDE85CD042EC8A7EC6738DF4B8355.e.6787/click - {}
RESULT: {}
COMMAND: POST /session/918763cbbc85c63b9bd5908a33c44274/execute/async - {"script":"<script> [1562 bytes]","args":[{"selector":{"controlType":"sap.m.StandardListItem","viewName":"reusables.view.manageresources.NewResourceUnit","viewId":"application-manageresources-display-component---newResourceUnit","properties":{"title":"Gram"},"searchOpenDialogs":true,"interaction":{"idSuffix":"content"}},"wdio_ui5_key":"reusablesview.manageresources.NewResourceUnitsap.m.StandardListItem{\"title\":\"Gram\"}"}]}
COMMAND: GET /session/918763cbbc85c63b9bd5908a33c44274/screenshot - {}
RESULT: {"script":"<script> [1562 bytes]","args":[{"selector":{"controlType":"sap.m.StandardListItem","viewName":"reusables.view.manageresources.NewResourceUnit","viewId":"application-manageresources-display-component---newResourceUnit","properties":{"title":"Gram"},"searchOpenDialogs":true,"interaction":{"idSuffix":"content"}},"wdio_ui5_key":"reusablesview.manageresources.NewResourceUnitsap.m.StandardListItem{\"title\":\"Gram\"}"}]}
RESULT: undefined
COMMAND: POST /session/918763cbbc85c63b9bd5908a33c44274/element - {"using":"xpath","value":"//*[@id=\"__item252\"]"}
RESULT: {}
RESULT: {"using":"xpath","value":"//*[@id=\"__item252\"]"}
COMMAND: POST /session/918763cbbc85c63b9bd5908a33c44274/element/f.C58A9DC514FFE328F82A7A8F67B7EF56.d.FE3FDE85CD042EC8A7EC6738DF4B8355.e.6789/click - {}
RESULT: {}
COMMAND: GET /session/918763cbbc85c63b9bd5908a33c44274/screenshot - {}
RESULT: {}
COMMAND: POST /session/918763cbbc85c63b9bd5908a33c44274/execute/async - {"script":"<script> [1562 bytes]","args":[{"selector":{"id":"application-manageresources-display-component---newResourceUnit--newRRUPage-OPHeaderContent-collapseBtn-img"},"wdio_ui5_key":"applicationmanageresources-display-component---newResourceUnit--newRRUPage-OPHeaderContent-collapseBtn-img"}]}
RESULT: {"script":"<script> [1562 bytes]","args":[{"selector":{"id":"application-manageresources-display-component---newResourceUnit--newRRUPage-OPHeaderContent-collapseBtn-img"},"wdio_ui5_key":"applicationmanageresources-display-component---newResourceUnit--newRRUPage-OPHeaderContent-collapseBtn-img"}]}
RESULT: undefined
COMMAND: POST /session/918763cbbc85c63b9bd5908a33c44274/element - {"using":"xpath","value":"//*[@id=\"application-manageresources-display-component---newResourceUnit--newRRUPage-OPHeaderContent-collapseBtn-img\"]"}
RESULT: {"using":"xpath","value":"//*[@id=\"application-manageresources-display-component---newResourceUnit--newRRUPage-OPHeaderContent-collapseBtn-img\"]"}
COMMAND: POST /session/918763cbbc85c63b9bd5908a33c44274/element/f.C58A9DC514FFE328F82A7A8F67B7EF56.d.FE3FDE85CD042EC8A7EC6738DF4B8355.e.6735/click - {}
RESULT: {}
COMMAND: GET /session/918763cbbc85c63b9bd5908a33c44274/screenshot - {}
RESULT: {}
COMMAND: POST /session/918763cbbc85c63b9bd5908a33c44274/element - {"using":"xpath","value":"(//span[contains(@id ,\"application-manageresources-display-component---newResourceUnit--DIMENSION_UNIT-arrow\")])[1]"}
RESULT: {"using":"xpath","value":"(//span[contains(@id ,\"application-manageresources-display-component---newResourceUnit--DIMENSION_UNIT-arrow\")])[1]"}
COMMAND: POST /session/918763cbbc85c63b9bd5908a33c44274/element/f.C58A9DC514FFE328F82A7A8F67B7EF56.d.FE3FDE85CD042EC8A7EC6738DF4B8355.e.6795/click - {}
RESULT: {}
COMMAND: GET /session/918763cbbc85c63b9bd5908a33c44274/screenshot - {}
RESULT: {}
COMMAND: POST /session/918763cbbc85c63b9bd5908a33c44274/execute/async - {"script":"<script> [1562 bytes]","args":[{"selector":{"controlType":"sap.m.StandardListItem","viewName":"reusables.view.manageresources.NewResourceUnit","viewId":"application-manageresources-display-component---newResourceUnit","properties":{"title":"Centimeter"},"searchOpenDialogs":true,"interaction":{"idSuffix":"titleText"}},"wdio_ui5_key":"reusablesview.manageresources.NewResourceUnitsap.m.StandardListItem{\"title\":\"Centimeter\"}"}]}
RESULT: {"script":"<script> [1562 bytes]","args":[{"selector":{"controlType":"sap.m.StandardListItem","viewName":"reusables.view.manageresources.NewResourceUnit","viewId":"application-manageresources-display-component---newResourceUnit","properties":{"title":"Centimeter"},"searchOpenDialogs":true,"interaction":{"idSuffix":"titleText"}},"wdio_ui5_key":"reusablesview.manageresources.NewResourceUnitsap.m.StandardListItem{\"title\":\"Centimeter\"}"}]}
RESULT: undefined
COMMAND: POST /session/918763cbbc85c63b9bd5908a33c44274/element - {"using":"xpath","value":"//*[@id=\"__item255\"]"}
RESULT: {"using":"xpath","value":"//*[@id=\"__item255\"]"}
COMMAND: POST /session/918763cbbc85c63b9bd5908a33c44274/element/f.C58A9DC514FFE328F82A7A8F67B7EF56.d.FE3FDE85CD042EC8A7EC6738DF4B8355.e.6797/click - {}
RESULT: {}
COMMAND: GET /session/918763cbbc85c63b9bd5908a33c44274/screenshot - {}
RESULT: {}
COMMAND: POST /session/918763cbbc85c63b9bd5908a33c44274/execute/async - {"script":"<script> [1562 bytes]","args":[{"selector":{"id":"application-manageresources-display-component---newResourceUnit--newRRUPage-anchBar-application-manageresources-display-component---newResourceUnit--reference-anchor","interaction":{"idSuffix":"BDI-content"}},"wdio_ui5_key":"applicationmanageresources-display-component---newResourceUnit--newRRUPage-anchBar-application-manageresources-display-component---newResourceUnit--reference-anchor"}]}
RESULT: {"script":"<script> [1562 bytes]","args":[{"selector":{"id":"application-manageresources-display-component---newResourceUnit--newRRUPage-anchBar-application-manageresources-display-component---newResourceUnit--reference-anchor","interaction":{"idSuffix":"BDI-content"}},"wdio_ui5_key":"applicationmanageresources-display-component---newResourceUnit--newRRUPage-anchBar-application-manageresources-display-component---newResourceUnit--reference-anchor"}]}
RESULT: undefined
COMMAND: POST /session/918763cbbc85c63b9bd5908a33c44274/element - {"using":"xpath","value":"//*[@id=\"application-manageresources-display-component---newResourceUnit--newRRUPage-anchBar-application-manageresources-display-component---newResourceUnit--reference-anchor\"]"}
RESULT: {"using":"xpath","value":"//*[@id=\"application-manageresources-display-component---newResourceUnit--newRRUPage-anchBar-application-manageresources-display-component---newResourceUnit--reference-anchor\"]"}
COMMAND: POST /session/918763cbbc85c63b9bd5908a33c44274/element/f.C58A9DC514FFE328F82A7A8F67B7EF56.d.FE3FDE85CD042EC8A7EC6738DF4B8355.e.6799/click - {}
RESULT: {}
COMMAND: POST /session/918763cbbc85c63b9bd5908a33c44274/execute/async - {"script":"<script> [1562 bytes]","args":[{"selector":{"id":"application-manageresources-display-component---newResourceUnit--PLANNING_GROUP-arrow"},"wdio_ui5_key":"applicationmanageresources-display-component---newResourceUnit--PLANNING_GROUP-arrow"}]}
COMMAND: GET /session/918763cbbc85c63b9bd5908a33c44274/screenshot - {}
RESULT: {"script":"<script> [1562 bytes]","args":[{"selector":{"id":"application-manageresources-display-component---newResourceUnit--PLANNING_GROUP-arrow"},"wdio_ui5_key":"applicationmanageresources-display-component---newResourceUnit--PLANNING_GROUP-arrow"}]}
RESULT: undefined
COMMAND: POST /session/918763cbbc85c63b9bd5908a33c44274/element - {"using":"xpath","value":"//*[@id=\"application-manageresources-display-component---newResourceUnit--PLANNING_GROUP-arrow\"]"}
RESULT: {}
RESULT: {"using":"xpath","value":"//*[@id=\"application-manageresources-display-component---newResourceUnit--PLANNING_GROUP-arrow\"]"}
COMMAND: POST /session/918763cbbc85c63b9bd5908a33c44274/element/f.C58A9DC514FFE328F82A7A8F67B7EF56.d.FE3FDE85CD042EC8A7EC6738DF4B8355.e.6805/click - {}
RESULT: {}
COMMAND: POST /session/918763cbbc85c63b9bd5908a33c44274/execute/async - {"script":"<script> [1562 bytes]","args":[{"selector":{"controlType":"sap.m.StandardListItem","viewName":"reusables.view.manageresources.NewResourceUnit","viewId":"application-manageresources-display-component---newResourceUnit","properties":{"title":"Heavy Equi"},"searchOpenDialogs":true,"interaction":{"idSuffix":"content"}},"wdio_ui5_key":"reusablesview.manageresources.NewResourceUnitsap.m.StandardListItem{\"title\":\"Heavy Equi\"}"}]}
COMMAND: GET /session/918763cbbc85c63b9bd5908a33c44274/screenshot - {}
RESULT: {"script":"<script> [1562 bytes]","args":[{"selector":{"controlType":"sap.m.StandardListItem","viewName":"reusables.view.manageresources.NewResourceUnit","viewId":"application-manageresources-display-component---newResourceUnit","properties":{"title":"Heavy Equi"},"searchOpenDialogs":true,"interaction":{"idSuffix":"content"}},"wdio_ui5_key":"reusablesview.manageresources.NewResourceUnitsap.m.StandardListItem{\"title\":\"Heavy Equi\"}"}]}
RESULT: undefined
COMMAND: POST /session/918763cbbc85c63b9bd5908a33c44274/element - {"using":"xpath","value":"//*[@id=\"__item263\"]"}
RESULT: {}
RESULT: {"using":"xpath","value":"//*[@id=\"__item263\"]"}
COMMAND: POST /session/918763cbbc85c63b9bd5908a33c44274/element/f.C58A9DC514FFE328F82A7A8F67B7EF56.d.FE3FDE85CD042EC8A7EC6738DF4B8355.e.6807/click - {}
RESULT: {}
COMMAND: GET /session/918763cbbc85c63b9bd5908a33c44274/screenshot - {}
RESULT: {}
COMMAND: POST /session/918763cbbc85c63b9bd5908a33c44274/execute/async - {"script":"<script> [1562 bytes]","args":[{"selector":{"id":"application-manageresources-display-component---newResourceUnit--PLANNING_INDICATOR-arrow"},"wdio_ui5_key":"applicationmanageresources-display-component---newResourceUnit--PLANNING_INDICATOR-arrow"}]}
RESULT: {"script":"<script> [1562 bytes]","args":[{"selector":{"id":"application-manageresources-display-component---newResourceUnit--PLANNING_INDICATOR-arrow"},"wdio_ui5_key":"applicationmanageresources-display-component---newResourceUnit--PLANNING_INDICATOR-arrow"}]}
RESULT: undefined
COMMAND: POST /session/918763cbbc85c63b9bd5908a33c44274/element - {"using":"xpath","value":"//*[@id=\"application-manageresources-display-component---newResourceUnit--PLANNING_INDICATOR-arrow\"]"}
RESULT: {"using":"xpath","value":"//*[@id=\"application-manageresources-display-component---newResourceUnit--PLANNING_INDICATOR-arrow\"]"}
COMMAND: POST /session/918763cbbc85c63b9bd5908a33c44274/element/f.C58A9DC514FFE328F82A7A8F67B7EF56.d.FE3FDE85CD042EC8A7EC6738DF4B8355.e.6808/click - {}
RESULT: {}
COMMAND: POST /session/918763cbbc85c63b9bd5908a33c44274/execute/async - {"script":"<script> [1562 bytes]","args":[{"selector":{"controlType":"sap.m.StandardListItem","viewName":"reusables.view.manageresources.NewResourceUnit","viewId":"application-manageresources-display-component---newResourceUnit","properties":{"title":"10 - infinite"},"searchOpenDialogs":true,"interaction":{"idSuffix":"content"}},"wdio_ui5_key":"reusablesview.manageresources.NewResourceUnitsap.m.StandardListItem{\"title\":\"10 - infinite\"}"}]}
COMMAND: GET /session/918763cbbc85c63b9bd5908a33c44274/screenshot - {}
RESULT: {"script":"<script> [1562 bytes]","args":[{"selector":{"controlType":"sap.m.StandardListItem","viewName":"reusables.view.manageresources.NewResourceUnit","viewId":"application-manageresources-display-component---newResourceUnit","properties":{"title":"10 - infinite"},"searchOpenDialogs":true,"interaction":{"idSuffix":"content"}},"wdio_ui5_key":"reusablesview.manageresources.NewResourceUnitsap.m.StandardListItem{\"title\":\"10 - infinite\"}"}]}
RESULT: undefined
COMMAND: POST /session/918763cbbc85c63b9bd5908a33c44274/element - {"using":"xpath","value":"//*[@id=\"__item273\"]"}
RESULT: {}
RESULT: {"using":"xpath","value":"//*[@id=\"__item273\"]"}
COMMAND: POST /session/918763cbbc85c63b9bd5908a33c44274/element/f.C58A9DC514FFE328F82A7A8F67B7EF56.d.FE3FDE85CD042EC8A7EC6738DF4B8355.e.6810/click - {}
RESULT: {}
COMMAND: GET /session/918763cbbc85c63b9bd5908a33c44274/screenshot - {}
RESULT: {}
COMMAND: POST /session/918763cbbc85c63b9bd5908a33c44274/element - {"using":"xpath","value":"//bdi[contains(text(), \"Time Segment\")]"}
RESULT: {"using":"xpath","value":"//bdi[contains(text(), \"Time Segment\")]"}
COMMAND: GET /session/918763cbbc85c63b9bd5908a33c44274/element/f.C58A9DC514FFE328F82A7A8F67B7EF56.d.FE3FDE85CD042EC8A7EC6738DF4B8355.e.6811/rect - {}
RESULT: {}
COMMAND: GET /session/918763cbbc85c63b9bd5908a33c44274/window/rect - {}
RESULT: {}
COMMAND: POST /session/918763cbbc85c63b9bd5908a33c44274/execute/sync - {"script":"<script> [92 bytes]","args":[]}
RESULT: {"script":"<script> [92 bytes]","args":[]}
COMMAND: POST /session/918763cbbc85c63b9bd5908a33c44274/actions - {"actions":[{"id":"action19","type":"wheel","parameters":{},"actions":[{"type":"scroll","x":-1804,"y":-21,"deltaX":0,"deltaY":0,"duration":0,"origin":{"element-6066-11e4-a52e-4f735466cecf":"f.C58A9DC514FFE328F82A7A8F67B7EF56.d.FE3FDE85CD042EC8A7EC6738DF4B8355.e.6811"}}]}]}
COMMAND: GET /session/918763cbbc85c63b9bd5908a33c44274/screenshot - {}
RESULT: {}
COMMAND: POST /session/918763cbbc85c63b9bd5908a33c44274/execute/sync - {"script":"<script> [79 bytes]","args":[{"element-6066-11e4-a52e-4f735466cecf":"f.C58A9DC514FFE328F82A7A8F67B7EF56.d.FE3FDE85CD042EC8A7EC6738DF4B8355.e.6811","ELEMENT":"f.C58A9DC514FFE328F82A7A8F67B7EF56.d.FE3FDE85CD042EC8A7EC6738DF4B8355.e.6811"},{"block":"start","inline":"nearest"}]}
RESULT: {"script":"<script> [79 bytes]","args":[{"element-6066-11e4-a52e-4f735466cecf":"f.C58A9DC514FFE328F82A7A8F67B7EF56.d.FE3FDE85CD042EC8A7EC6738DF4B8355.e.6811","ELEMENT":"f.C58A9DC514FFE328F82A7A8F67B7EF56.d.FE3FDE85CD042EC8A7EC6738DF4B8355.e.6811"},{"block":"start","inline":"nearest"}]}
COMMAND: GET /session/918763cbbc85c63b9bd5908a33c44274/screenshot - {}
RESULT: {}
COMMAND: POST /session/918763cbbc85c63b9bd5908a33c44274/element - {"using":"xpath","value":"//span[@id=\"application-manageresources-display-component---newResourceUnit--btnAddTimeSegment-img\"]"}
RESULT: {"using":"xpath","value":"//span[@id=\"application-manageresources-display-component---newResourceUnit--btnAddTimeSegment-img\"]"}
COMMAND: POST /session/918763cbbc85c63b9bd5908a33c44274/execute/sync - {"script":"<script> [8489 bytes]","args":[{"element-6066-11e4-a52e-4f735466cecf":"f.C58A9DC514FFE328F82A7A8F67B7EF56.d.FE3FDE85CD042EC8A7EC6738DF4B8355.e.6814","ELEMENT":"f.C58A9DC514FFE328F82A7A8F67B7EF56.d.FE3FDE85CD042EC8A7EC6738DF4B8355.e.6814"}]}
RESULT: {"script":"<script> [8489 bytes]","args":[{"element-6066-11e4-a52e-4f735466cecf":"f.C58A9DC514FFE328F82A7A8F67B7EF56.d.FE3FDE85CD042EC8A7EC6738DF4B8355.e.6814","ELEMENT":"f.C58A9DC514FFE328F82A7A8F67B7EF56.d.FE3FDE85CD042EC8A7EC6738DF4B8355.e.6814"}]}
COMMAND: POST /session/918763cbbc85c63b9bd5908a33c44274/element/f.C58A9DC514FFE328F82A7A8F67B7EF56.d.FE3FDE85CD042EC8A7EC6738DF4B8355.e.6814/click - {}
COMMAND: GET /session/918763cbbc85c63b9bd5908a33c44274/screenshot - {}
RESULT: {}
COMMAND: GET /session/918763cbbc85c63b9bd5908a33c44274/screenshot - {}
COMMAND: POST /session/918763cbbc85c63b9bd5908a33c44274/element - {"using":"xpath","value":"//input[@id=\"application-manageresources-display-component---newResourceUnit--idRuTSAdmin-application-manageresources-display-component---newResourceUnit--RUTimeSegment-0-inner\"]"}
RESULT: {}
RESULT: {}
RESULT: {"using":"xpath","value":"//input[@id=\"application-manageresources-display-component---newResourceUnit--idRuTSAdmin-application-manageresources-display-component---newResourceUnit--RUTimeSegment-0-inner\"]"}
COMMAND: POST /session/918763cbbc85c63b9bd5908a33c44274/element/f.C58A9DC514FFE328F82A7A8F67B7EF56.d.FE3FDE85CD042EC8A7EC6738DF4B8355.e.6817/clear - {}
RESULT: {}
COMMAND: POST /session/918763cbbc85c63b9bd5908a33c44274/element/f.C58A9DC514FFE328F82A7A8F67B7EF56.d.FE3FDE85CD042EC8A7EC6738DF4B8355.e.6817/value - {"text":"657"}
COMMAND: GET /session/918763cbbc85c63b9bd5908a33c44274/screenshot - {}
RESULT: {"text":"657"}
COMMAND: GET /session/918763cbbc85c63b9bd5908a33c44274/screenshot - {}
RESULT: {}
RESULT: {}
COMMAND: POST /session/918763cbbc85c63b9bd5908a33c44274/actions - {"actions":[{"id":"action20","type":"key","parameters":{},"actions":[{"type":"keyDown","value":"î€‡"},{"type":"pause","duration":10},{"type":"keyUp","value":"î€‡"}]}]}
RESULT: {"actions":[{"id":"action20","type":"key","parameters":{},"actions":[{"type":"keyDown","value":"î€‡"},{"type":"pause","duration":10},{"type":"keyUp","value":"î€‡"}]}]}
COMMAND: POST /session/918763cbbc85c63b9bd5908a33c44274/execute/async - {"script":"<script> [1562 bytes]","args":[{"selector":{"controlType":"sap.m.Button","viewName":"reusables.view.manageresources.NewResourceUnit","viewId":"application-manageresources-display-component---newResourceUnit","i18NText":{"propertyName":"tooltip","key":"save"},"interaction":{"idSuffix":"BDI-content"}},"wdio_ui5_key":"reusablesview.manageresources.NewResourceUnitsap.m.Button{\"propertyName\":\"tooltip\",\"key\":\"save\"}"}]}
COMMAND: GET /session/918763cbbc85c63b9bd5908a33c44274/screenshot - {}
RESULT: {"script":"<script> [1562 bytes]","args":[{"selector":{"controlType":"sap.m.Button","viewName":"reusables.view.manageresources.NewResourceUnit","viewId":"application-manageresources-display-component---newResourceUnit","i18NText":{"propertyName":"tooltip","key":"save"},"interaction":{"idSuffix":"BDI-content"}},"wdio_ui5_key":"reusablesview.manageresources.NewResourceUnitsap.m.Button{\"propertyName\":\"tooltip\",\"key\":\"save\"}"}]}
RESULT: undefined
COMMAND: POST /session/918763cbbc85c63b9bd5908a33c44274/element - {"using":"xpath","value":"//*[@id=\"application-manageresources-display-component---newResourceUnit--createRuButton\"]"}
RESULT: {}
RESULT: {"using":"xpath","value":"//*[@id=\"application-manageresources-display-component---newResourceUnit--createRuButton\"]"}
COMMAND: POST /session/918763cbbc85c63b9bd5908a33c44274/element/f.C58A9DC514FFE328F82A7A8F67B7EF56.d.FE3FDE85CD042EC8A7EC6738DF4B8355.e.6741/click - {}
RESULT: {}
COMMAND: GET /session/918763cbbc85c63b9bd5908a33c44274/screenshot - {}
RESULT: {}
COMMAND: POST /session/918763cbbc85c63b9bd5908a33c44274/execute/async - {"script":"<script> [1562 bytes]","args":[{"selector":{"controlType":"sap.m.Title","properties":{"text":"Success"},"searchOpenDialogs":true},"wdio_ui5_key":"sapm.Title{\"text\":\"Success\"}"}]}
RESULT: {"script":"<script> [1562 bytes]","args":[{"selector":{"controlType":"sap.m.Title","properties":{"text":"Success"},"searchOpenDialogs":true},"wdio_ui5_key":"sapm.Title{\"text\":\"Success\"}"}]}
RESULT: undefined
COMMAND: POST /session/918763cbbc85c63b9bd5908a33c44274/execute/async - {"script":"<script> [6424 bytes]","args":[{"element-6066-11e4-a52e-4f735466cecf":"f.C58A9DC514FFE328F82A7A8F67B7EF56.d.FE3FDE85CD042EC8A7EC6738DF4B8355.e.6832"},"getText",[]]}
RESULT: {"script":"<script> [6424 bytes]","args":[{"element-6066-11e4-a52e-4f735466cecf":"f.C58A9DC514FFE328F82A7A8F67B7EF56.d.FE3FDE85CD042EC8A7EC6738DF4B8355.e.6832"},"getText",[]]}
COMMAND: POST /session/918763cbbc85c63b9bd5908a33c44274/element - {"using":"xpath","value":"//*[contains(@id, '__text') and (contains(text(), 'successfully created') or contains(., 'successfully created'))]"}
RESULT: {"using":"xpath","value":"//*[contains(@id, '__text') and (contains(text(), 'successfully created') or contains(., 'successfully created'))]"}
COMMAND: GET /session/918763cbbc85c63b9bd5908a33c44274/element/f.C58A9DC514FFE328F82A7A8F67B7EF56.d.FE3FDE85CD042EC8A7EC6738DF4B8355.e.6831/text - {}
RESULT: {}
COMMAND: POST /session/918763cbbc85c63b9bd5908a33c44274/execute/async - {"script":"<script> [1562 bytes]","args":[{"selector":{"controlType":"sap.m.Button","properties":{"text":"Close"},"searchOpenDialogs":true,"interaction":{"idSuffix":"BDI-content"}},"wdio_ui5_key":"sapm.Button{\"text\":\"Close\"}"}]}
RESULT: {"script":"<script> [1562 bytes]","args":[{"selector":{"controlType":"sap.m.Button","properties":{"text":"Close"},"searchOpenDialogs":true,"interaction":{"idSuffix":"BDI-content"}},"wdio_ui5_key":"sapm.Button{\"text\":\"Close\"}"}]}
RESULT: undefined
COMMAND: POST /session/918763cbbc85c63b9bd5908a33c44274/element - {"using":"xpath","value":"//*[@id=\"__mbox-btn-0\"]"}
RESULT: {"using":"xpath","value":"//*[@id=\"__mbox-btn-0\"]"}
COMMAND: POST /session/918763cbbc85c63b9bd5908a33c44274/element/f.C58A9DC514FFE328F82A7A8F67B7EF56.d.FE3FDE85CD042EC8A7EC6738DF4B8355.e.6828/click - {}
RESULT: {}
COMMAND: GET /session/918763cbbc85c63b9bd5908a33c44274/screenshot - {}
RESULT: {}
COMMAND: POST /session/918763cbbc85c63b9bd5908a33c44274/execute/async - {"script":"<script> [1562 bytes]","args":[{"selector":{"controlType":"sap.ui.core.Icon","viewName":"etm.portal.ui.manageresources.view.Detail","viewId":"application-manageresources-display-component---detailRU","properties":{"src":{"regex":{"source":"overflow"}}}},"wdio_ui5_key":"etmportal.ui.manageresources.view.Detailsap.ui.core.Icon{\"src\":{\"regex\":{\"source\":\"overflow\"}}}"}]}
RESULT: {"script":"<script> [1562 bytes]","args":[{"selector":{"controlType":"sap.ui.core.Icon","viewName":"etm.portal.ui.manageresources.view.Detail","viewId":"application-manageresources-display-component---detailRU","properties":{"src":{"regex":{"source":"overflow"}}}},"wdio_ui5_key":"etmportal.ui.manageresources.view.Detailsap.ui.core.Icon{\"src\":{\"regex\":{\"source\":\"overflow\"}}}"}]}
RESULT: undefined
COMMAND: POST /session/918763cbbc85c63b9bd5908a33c44274/element - {"using":"xpath","value":"//*[@id=\"__title15-_actionsToolbar-overflowButton-img\"]"}
RESULT: {"using":"xpath","value":"//*[@id=\"__title15-_actionsToolbar-overflowButton-img\"]"}
COMMAND: POST /session/918763cbbc85c63b9bd5908a33c44274/element/f.C58A9DC514FFE328F82A7A8F67B7EF56.d.FE3FDE85CD042EC8A7EC6738DF4B8355.e.6859/click - {}
RESULT: {}
COMMAND: POST /session/918763cbbc85c63b9bd5908a33c44274/execute/async - {"script":"<script> [1562 bytes]","args":[{"selector":{"controlType":"sap.m.Button","viewName":"etm.portal.ui.manageresources.view.Detail","viewId":"application-manageresources-display-component---detailRU","i18NText":{"propertyName":"tooltip","key":"closeColumn"},"searchOpenDialogs":true,"interaction":{"idSuffix":"inner"}},"wdio_ui5_key":"etmportal.ui.manageresources.view.Detailsap.m.Button{\"propertyName\":\"tooltip\",\"key\":\"closeColumn\"}"}]}
COMMAND: GET /session/918763cbbc85c63b9bd5908a33c44274/screenshot - {}
RESULT: {"script":"<script> [1562 bytes]","args":[{"selector":{"controlType":"sap.m.Button","viewName":"etm.portal.ui.manageresources.view.Detail","viewId":"application-manageresources-display-component---detailRU","i18NText":{"propertyName":"tooltip","key":"closeColumn"},"searchOpenDialogs":true,"interaction":{"idSuffix":"inner"}},"wdio_ui5_key":"etmportal.ui.manageresources.view.Detailsap.m.Button{\"propertyName\":\"tooltip\",\"key\":\"closeColumn\"}"}]}
RESULT: undefined
COMMAND: POST /session/918763cbbc85c63b9bd5908a33c44274/element - {"using":"xpath","value":"//*[@id=\"__button41\"]"}
RESULT: {}
RESULT: {"using":"xpath","value":"//*[@id=\"__button41\"]"}
COMMAND: POST /session/918763cbbc85c63b9bd5908a33c44274/element/f.C58A9DC514FFE328F82A7A8F67B7EF56.d.FE3FDE85CD042EC8A7EC6738DF4B8355.e.6861/click - {}
RESULT: {}
COMMAND: GET /session/918763cbbc85c63b9bd5908a33c44274/screenshot - {}
COMMAND: POST /session/918763cbbc85c63b9bd5908a33c44274/element - {"using":"css selector","value":"#j_username"}
COMMAND: POST /session/918763cbbc85c63b9bd5908a33c44274/url - {"url":"https://qa-testing-00-live-etm-ui.cfapps.eu10-004.hana.ondemand.com/"}
RESULT: {}
RESULT: {"using":"css selector","value":"#j_username"}
COMMAND: POST /session/918763cbbc85c63b9bd5908a33c44274/element - {"using":"css selector","value":"#j_username"}
RESULT: {"url":"https://qa-testing-00-live-etm-ui.cfapps.eu10-004.hana.ondemand.com/"}
RESULT: undefined
COMMAND: GET /session/918763cbbc85c63b9bd5908a33c44274/screenshot - {}
RESULT: {"using":"css selector","value":"#j_username"}
COMMAND: POST /session/918763cbbc85c63b9bd5908a33c44274/element - {"using":"css selector","value":"#shell-header-logo"}
RESULT: {}
RESULT: {"using":"css selector","value":"#shell-header-logo"}
COMMAND: POST /session/918763cbbc85c63b9bd5908a33c44274/execute/sync - {"script":"<script> [8489 bytes]","args":[{"element-6066-11e4-a52e-4f735466cecf":"f.C58A9DC514FFE328F82A7A8F67B7EF56.d.28D0BB118352CA2FA882A674BEDA83AC.e.6988","ELEMENT":"f.C58A9DC514FFE328F82A7A8F67B7EF56.d.28D0BB118352CA2FA882A674BEDA83AC.e.6988"}]}
RESULT: {"script":"<script> [8489 bytes]","args":[{"element-6066-11e4-a52e-4f735466cecf":"f.C58A9DC514FFE328F82A7A8F67B7EF56.d.28D0BB118352CA2FA882A674BEDA83AC.e.6988","ELEMENT":"f.C58A9DC514FFE328F82A7A8F67B7EF56.d.28D0BB118352CA2FA882A674BEDA83AC.e.6988"}]}
COMMAND: POST /session/918763cbbc85c63b9bd5908a33c44274/element - {"using":"css selector","value":"#shell-header-logo"}
COMMAND: GET /session/918763cbbc85c63b9bd5908a33c44274/screenshot - {}
RESULT: {"using":"css selector","value":"#shell-header-logo"}
COMMAND: POST /session/918763cbbc85c63b9bd5908a33c44274/execute/sync - {"script":"<script> [8489 bytes]","args":[{"element-6066-11e4-a52e-4f735466cecf":"f.C58A9DC514FFE328F82A7A8F67B7EF56.d.28D0BB118352CA2FA882A674BEDA83AC.e.6988","ELEMENT":"f.C58A9DC514FFE328F82A7A8F67B7EF56.d.28D0BB118352CA2FA882A674BEDA83AC.e.6988"}]}
RESULT: {}
RESULT: {"script":"<script> [8489 bytes]","args":[{"element-6066-11e4-a52e-4f735466cecf":"f.C58A9DC514FFE328F82A7A8F67B7EF56.d.28D0BB118352CA2FA882A674BEDA83AC.e.6988","ELEMENT":"f.C58A9DC514FFE328F82A7A8F67B7EF56.d.28D0BB118352CA2FA882A674BEDA83AC.e.6988"}]}
COMMAND: POST /session/918763cbbc85c63b9bd5908a33c44274/execute/sync - {"script":"<script> [5351 bytes]","args":[{"element-6066-11e4-a52e-4f735466cecf":"f.C58A9DC514FFE328F82A7A8F67B7EF56.d.28D0BB118352CA2FA882A674BEDA83AC.e.6988","ELEMENT":"f.C58A9DC514FFE328F82A7A8F67B7EF56.d.28D0BB118352CA2FA882A674BEDA83AC.e.6988"}]}
COMMAND: GET /session/918763cbbc85c63b9bd5908a33c44274/screenshot - {}
RESULT: {"script":"<script> [5351 bytes]","args":[{"element-6066-11e4-a52e-4f735466cecf":"f.C58A9DC514FFE328F82A7A8F67B7EF56.d.28D0BB118352CA2FA882A674BEDA83AC.e.6988","ELEMENT":"f.C58A9DC514FFE328F82A7A8F67B7EF56.d.28D0BB118352CA2FA882A674BEDA83AC.e.6988"}]}
COMMAND: POST /session/918763cbbc85c63b9bd5908a33c44274/element - {"using":"css selector","value":"#shell-header-logo"}
COMMAND: GET /session/918763cbbc85c63b9bd5908a33c44274/screenshot - {}
RESULT: {}
RESULT: {"using":"css selector","value":"#shell-header-logo"}
COMMAND: POST /session/918763cbbc85c63b9bd5908a33c44274/element/f.C58A9DC514FFE328F82A7A8F67B7EF56.d.28D0BB118352CA2FA882A674BEDA83AC.e.6988/click - {}
RESULT: {}
RESULT: {}
COMMAND: GET /session/918763cbbc85c63b9bd5908a33c44274/screenshot - {}
RESULT: {}
COMMAND: POST /session/918763cbbc85c63b9bd5908a33c44274/execute/async - {"script":"<script> [189 bytes]","args":[]}
RESULT: {"script":"<script> [189 bytes]","args":[]}
COMMAND: POST /session/918763cbbc85c63b9bd5908a33c44274/execute/async - {"script":"<script> [123 bytes]","args":[]}
RESULT: {"script":"<script> [123 bytes]","args":[]}
COMMAND: POST /session/918763cbbc85c63b9bd5908a33c44274/timeouts - {"script":"<number>"}
RESULT: {"script":"<number>"}
COMMAND: GET /session/918763cbbc85c63b9bd5908a33c44274/timeouts - {}
RESULT: {}
RESULT: undefined
COMMAND: POST /session/918763cbbc85c63b9bd5908a33c44274/execute/async - {"script":"<script> [2676 bytes]","args":[]}
RESULT: {"script":"<script> [2676 bytes]","args":[]}
COMMAND: POST /session/918763cbbc85c63b9bd5908a33c44274/execute/async - {"script":"<script> [2342 bytes]","args":[{"protocol":"http","hostname":"0.0.0.0","path":"/","capabilities":{"browserName":"chrome","goog:chromeOptions":{"binary":"C:\\Program Files\\Google\\Chrome\\Application\\chrome.exe","args":["--start-maximized"]}},"logLevel":"warn","connectionRetryTimeout":120000,"connectionRetryCount":3,"logLevels":{},"enableDirectConnect":true,"strictSSL":true,"_":"65 more keys: [\"cacheDir\",\"port\",\"requestedCapabilities\",\"automationProtocol\",\"baseUrl\",\"waitforInterval\",\"waitforTimeout\",\"onReload\",\"beforeCommand\",\"afterCommand\",\"rootDir\",\"specs\",\"suites\",\"exclude\",\"groupLogsByTestSpec\",\"excludeDriverLogs\",\"bail\",\"framework\",\"reporters\",\"services\",\"maxInstances\",\"maxInstancesPerCapability\",\"injectGlobals\",\"filesToWatch\",\"execArgv\",\"runnerEnv\",\"runner\",\"shard\",\"specFileRetries\",\"specFileRetriesDelay\",\"specFileRetriesDeferred\",\"reporterSyncInterval\",\"reporterSyncTimeout\",\"cucumberFeaturesWithLineNumbers\",\"autoCompileOpts\",\"mochaOpts\",\"jasmineOpts\",\"cucumberOpts\",\"onPrepare\",\"onWorkerStart\",\"onWorkerEnd\",\"before\",\"beforeSession\",\"beforeSuite\",\"beforeHook\",\"beforeTest\",\"afterTest\",\"afterHook\",\"afterSuite\",\"afterSession\",\"after\",\"onComplete\",\"beforeAssertion\",\"afterAssertion\",\"beforeFeature\",\"beforeScenario\",\"beforeStep\",\"afterStep\",\"afterScenario\",\"afterFeature\",\"_\",\"suite\",\"$0\",\"ignoredWorkerServices\",\"wdi5\"]"}]}
RESULT: {"script":"<script> [2342 bytes]","args":[{"protocol":"http","hostname":"0.0.0.0","path":"/","capabilities":{"browserName":"chrome","goog:chromeOptions":{"binary":"C:\\Program Files\\Google\\Chrome\\Application\\chrome.exe","args":["--start-maximized"]}},"logLevel":"warn","connectionRetryTimeout":120000,"connectionRetryCount":3,"logLevels":{},"enableDirectConnect":true,"strictSSL":true,"_":"65 more keys: [\"cacheDir\",\"port\",\"requestedCapabilities\",\"automationProtocol\",\"baseUrl\",\"waitforInterval\",\"waitforTimeout\",\"onReload\",\"beforeCommand\",\"afterCommand\",\"rootDir\",\"specs\",\"suites\",\"exclude\",\"groupLogsByTestSpec\",\"excludeDriverLogs\",\"bail\",\"framework\",\"reporters\",\"services\",\"maxInstances\",\"maxInstancesPerCapability\",\"injectGlobals\",\"filesToWatch\",\"execArgv\",\"runnerEnv\",\"runner\",\"shard\",\"specFileRetries\",\"specFileRetriesDelay\",\"specFileRetriesDeferred\",\"reporterSyncInterval\",\"reporterSyncTimeout\",\"cucumberFeaturesWithLineNumbers\",\"autoCompileOpts\",\"mochaOpts\",\"jasmineOpts\",\"cucumberOpts\",\"onPrepare\",\"onWorkerStart\",\"onWorkerEnd\",\"before\",\"beforeSession\",\"beforeSuite\",\"beforeHook\",\"beforeTest\",\"afterTest\",\"afterHook\",\"afterSuite\",\"afterSession\",\"after\",\"onComplete\",\"beforeAssertion\",\"afterAssertion\",\"beforeFeature\",\"beforeScenario\",\"beforeStep\",\"afterStep\",\"afterScenario\",\"afterFeature\",\"_\",\"suite\",\"$0\",\"ignoredWorkerServices\",\"wdi5\"]"}]}
COMMAND: POST /session/918763cbbc85c63b9bd5908a33c44274/execute/async - {"script":"<script> [21126 bytes]","args":[35000]}
RESULT: {"script":"<script> [21126 bytes]","args":[35000]}
COMMAND: POST /session/918763cbbc85c63b9bd5908a33c44274/window/maximize - {}
RESULT: {}
COMMAND: POST /session/918763cbbc85c63b9bd5908a33c44274/execute/async - {"script":"<script> [1562 bytes]","args":[{"selector":{"id":"shell-header","interaction":{"idSuffix":"icon"}},"wdio_ui5_key":"shellheader"}]}
COMMAND: GET /session/918763cbbc85c63b9bd5908a33c44274/screenshot - {}
RESULT: {"script":"<script> [1562 bytes]","args":[{"selector":{"id":"shell-header","interaction":{"idSuffix":"icon"}},"wdio_ui5_key":"shellheader"}]}
RESULT: undefined
]]></system-out>
    </testcase>
  </testsuite>
  <testsuite timestamp="2025-05-07T15:42:53" time="325.562" tests="1" failures="0" errors="0" skipped="0">
    <properties>
      <property name="specId" value="0" />
      <property name="suiteName" value="create-equipment" />
      <property name="capabilities" value="chrome.135_0_7049_115.windows" />
      <property name="file" value="file:///D:/a/1/s/test/specs/R2C/create-equipment.spec.js" />
    </properties>
    <testcase classname="chrome.135_0_7049_115.windows.create-equipment" name="create equipment" time="303.932">
      <system-out><![CDATA[
COMMAND: POST /session/918763cbbc85c63b9bd5908a33c44274/execute/async - {"script":"<script> [1562 bytes]","args":[{"selector":{"controlType":"sap.m.GenericTile","properties":{"header":"Manage Resources"}},"wdio_ui5_key":"sapm.GenericTile{\"header\":\"Manage Resources\"}"}]}
RESULT: {}
RESULT: {"script":"<script> [1562 bytes]","args":[{"selector":{"controlType":"sap.m.GenericTile","properties":{"header":"Manage Resources"}},"wdio_ui5_key":"sapm.GenericTile{\"header\":\"Manage Resources\"}"}]}
RESULT: undefined
COMMAND: POST /session/918763cbbc85c63b9bd5908a33c44274/element - {"using":"xpath","value":"//*[@id=\"__tile31\"]"}
RESULT: {"using":"xpath","value":"//*[@id=\"__tile31\"]"}
COMMAND: POST /session/918763cbbc85c63b9bd5908a33c44274/element/f.C58A9DC514FFE328F82A7A8F67B7EF56.d.28D0BB118352CA2FA882A674BEDA83AC.e.7011/click - {}
RESULT: {}
COMMAND: GET /session/918763cbbc85c63b9bd5908a33c44274/screenshot - {}
RESULT: {}
COMMAND: POST /session/918763cbbc85c63b9bd5908a33c44274/element - {"using":"xpath","value":"//button[@data-kt=\"addNewRUOverflowToolbarButton\"]"}
RESULT: {"using":"xpath","value":"//button[@data-kt=\"addNewRUOverflowToolbarButton\"]"}
COMMAND: POST /session/918763cbbc85c63b9bd5908a33c44274/element - {"using":"xpath","value":"//button[@data-kt=\"addNewRUOverflowToolbarButton\"]"}
RESULT: {"using":"xpath","value":"//button[@data-kt=\"addNewRUOverflowToolbarButton\"]"}
COMMAND: POST /session/918763cbbc85c63b9bd5908a33c44274/execute/sync - {"script":"<script> [8489 bytes]","args":[{"element-6066-11e4-a52e-4f735466cecf":"f.C58A9DC514FFE328F82A7A8F67B7EF56.d.28D0BB118352CA2FA882A674BEDA83AC.e.7149","ELEMENT":"f.C58A9DC514FFE328F82A7A8F67B7EF56.d.28D0BB118352CA2FA882A674BEDA83AC.e.7149"}]}
RESULT: {"script":"<script> [8489 bytes]","args":[{"element-6066-11e4-a52e-4f735466cecf":"f.C58A9DC514FFE328F82A7A8F67B7EF56.d.28D0BB118352CA2FA882A674BEDA83AC.e.7149","ELEMENT":"f.C58A9DC514FFE328F82A7A8F67B7EF56.d.28D0BB118352CA2FA882A674BEDA83AC.e.7149"}]}
COMMAND: POST /session/918763cbbc85c63b9bd5908a33c44274/element/f.C58A9DC514FFE328F82A7A8F67B7EF56.d.28D0BB118352CA2FA882A674BEDA83AC.e.7149/click - {}
COMMAND: GET /session/918763cbbc85c63b9bd5908a33c44274/screenshot - {}
RESULT: {}
COMMAND: GET /session/918763cbbc85c63b9bd5908a33c44274/screenshot - {}
COMMAND: POST /session/918763cbbc85c63b9bd5908a33c44274/execute/async - {"script":"<script> [1562 bytes]","args":[{"selector":{"controlType":"sap.m.ComboBox","viewName":"reusables.view.manageresources.NewResourceUnit","viewId":"application-manageresources-display-component---newResourceUnit","bindingPath":{"path":"","propertyPath":"/RuTypes","modelName":"catalogModel"},"searchOpenDialogs":true},"wdio_ui5_key":"reusablesview.manageresources.NewResourceUnitsap.m.ComboBox{\"path\":\"\",\"propertyPath\":\"/RuTypes\",\"modelName\":\"catalogModel\"}"}]}
RESULT: {}
RESULT: {}
RESULT: {"script":"<script> [1562 bytes]","args":[{"selector":{"controlType":"sap.m.ComboBox","viewName":"reusables.view.manageresources.NewResourceUnit","viewId":"application-manageresources-display-component---newResourceUnit","bindingPath":{"path":"","propertyPath":"/RuTypes","modelName":"catalogModel"},"searchOpenDialogs":true},"wdio_ui5_key":"reusablesview.manageresources.NewResourceUnitsap.m.ComboBox{\"path\":\"\",\"propertyPath\":\"/RuTypes\",\"modelName\":\"catalogModel\"}"}]}
RESULT: undefined
COMMAND: POST /session/918763cbbc85c63b9bd5908a33c44274/execute/async - {"script":"<script> [1562 bytes]","args":[{"selector":{"controlType":"sap.m.ComboBox","viewName":"reusables.view.manageresources.NewResourceUnit","viewId":"application-manageresources-display-component---newResourceUnit","bindingPath":{"path":"","propertyPath":"/Yards","modelName":"catalogModel"},"searchOpenDialogs":true},"wdio_ui5_key":"reusablesview.manageresources.NewResourceUnitsap.m.ComboBox{\"path\":\"\",\"propertyPath\":\"/Yards\",\"modelName\":\"catalogModel\"}"}]}
RESULT: {"script":"<script> [1562 bytes]","args":[{"selector":{"controlType":"sap.m.ComboBox","viewName":"reusables.view.manageresources.NewResourceUnit","viewId":"application-manageresources-display-component---newResourceUnit","bindingPath":{"path":"","propertyPath":"/Yards","modelName":"catalogModel"},"searchOpenDialogs":true},"wdio_ui5_key":"reusablesview.manageresources.NewResourceUnitsap.m.ComboBox{\"path\":\"\",\"propertyPath\":\"/Yards\",\"modelName\":\"catalogModel\"}"}]}
RESULT: undefined
COMMAND: POST /session/918763cbbc85c63b9bd5908a33c44274/execute/async - {"script":"<script> [1562 bytes]","args":[{"selector":{"controlType":"etm.portal.ui.reusables.customControls.LiveSearchComboBox","viewName":"reusables.view.manageresources.NewResourceUnit","viewId":"application-manageresources-display-component---newResourceUnit","bindingPath":{"path":"","propertyPath":"/CatalogItems","modelName":"catalogModel"},"searchOpenDialogs":true},"wdio_ui5_key":"reusablesview.manageresources.NewResourceUnitetm.portal.ui.reusables.customControls.LiveSearchComboBox{\"path\":\"\",\"propertyPath\":\"/CatalogItems\",\"modelName\":\"catalogModel\"}"}]}
RESULT: {"script":"<script> [1562 bytes]","args":[{"selector":{"controlType":"etm.portal.ui.reusables.customControls.LiveSearchComboBox","viewName":"reusables.view.manageresources.NewResourceUnit","viewId":"application-manageresources-display-component---newResourceUnit","bindingPath":{"path":"","propertyPath":"/CatalogItems","modelName":"catalogModel"},"searchOpenDialogs":true},"wdio_ui5_key":"reusablesview.manageresources.NewResourceUnitetm.portal.ui.reusables.customControls.LiveSearchComboBox{\"path\":\"\",\"propertyPath\":\"/CatalogItems\",\"modelName\":\"catalogModel\"}"}]}
RESULT: undefined
COMMAND: POST /session/918763cbbc85c63b9bd5908a33c44274/element - {"using":"xpath","value":"//bdi[text()=\"OK\"]"}
RESULT: {"using":"xpath","value":"//bdi[text()=\"OK\"]"}
COMMAND: POST /session/918763cbbc85c63b9bd5908a33c44274/elements - {"using":"xpath","value":"//bdi[text()=\"OK\"]"}
RESULT: {"using":"xpath","value":"//bdi[text()=\"OK\"]"}
COMMAND: POST /session/918763cbbc85c63b9bd5908a33c44274/elements - {"using":"xpath","value":"//bdi[text()=\"OK\"]"}
RESULT: {"using":"xpath","value":"//bdi[text()=\"OK\"]"}
COMMAND: POST /session/918763cbbc85c63b9bd5908a33c44274/elements - {"using":"xpath","value":"//bdi[text()=\"OK\"]"}
RESULT: {"using":"xpath","value":"//bdi[text()=\"OK\"]"}
COMMAND: POST /session/918763cbbc85c63b9bd5908a33c44274/elements - {"using":"xpath","value":"//bdi[text()=\"OK\"]"}
RESULT: {"using":"xpath","value":"//bdi[text()=\"OK\"]"}
COMMAND: POST /session/918763cbbc85c63b9bd5908a33c44274/elements - {"using":"xpath","value":"//bdi[text()=\"OK\"]"}
RESULT: {"using":"xpath","value":"//bdi[text()=\"OK\"]"}
COMMAND: POST /session/918763cbbc85c63b9bd5908a33c44274/elements - {"using":"xpath","value":"//bdi[text()=\"OK\"]"}
RESULT: {"using":"xpath","value":"//bdi[text()=\"OK\"]"}
COMMAND: POST /session/918763cbbc85c63b9bd5908a33c44274/elements - {"using":"xpath","value":"//bdi[text()=\"OK\"]"}
RESULT: {"using":"xpath","value":"//bdi[text()=\"OK\"]"}
COMMAND: POST /session/918763cbbc85c63b9bd5908a33c44274/elements - {"using":"xpath","value":"//bdi[text()=\"OK\"]"}
RESULT: {"using":"xpath","value":"//bdi[text()=\"OK\"]"}
COMMAND: POST /session/918763cbbc85c63b9bd5908a33c44274/elements - {"using":"xpath","value":"//bdi[text()=\"OK\"]"}
RESULT: {"using":"xpath","value":"//bdi[text()=\"OK\"]"}
COMMAND: POST /session/918763cbbc85c63b9bd5908a33c44274/elements - {"using":"xpath","value":"//bdi[text()=\"OK\"]"}
RESULT: {"using":"xpath","value":"//bdi[text()=\"OK\"]"}
COMMAND: POST /session/918763cbbc85c63b9bd5908a33c44274/elements - {"using":"xpath","value":"//bdi[text()=\"OK\"]"}
RESULT: {"using":"xpath","value":"//bdi[text()=\"OK\"]"}
COMMAND: POST /session/918763cbbc85c63b9bd5908a33c44274/elements - {"using":"xpath","value":"//bdi[text()=\"OK\"]"}
RESULT: {"using":"xpath","value":"//bdi[text()=\"OK\"]"}
COMMAND: POST /session/918763cbbc85c63b9bd5908a33c44274/elements - {"using":"xpath","value":"//bdi[text()=\"OK\"]"}
RESULT: {"using":"xpath","value":"//bdi[text()=\"OK\"]"}
COMMAND: POST /session/918763cbbc85c63b9bd5908a33c44274/elements - {"using":"xpath","value":"//bdi[text()=\"OK\"]"}
RESULT: {"using":"xpath","value":"//bdi[text()=\"OK\"]"}
COMMAND: POST /session/918763cbbc85c63b9bd5908a33c44274/elements - {"using":"xpath","value":"//bdi[text()=\"OK\"]"}
RESULT: {"using":"xpath","value":"//bdi[text()=\"OK\"]"}
COMMAND: POST /session/918763cbbc85c63b9bd5908a33c44274/elements - {"using":"xpath","value":"//bdi[text()=\"OK\"]"}
RESULT: {"using":"xpath","value":"//bdi[text()=\"OK\"]"}
COMMAND: POST /session/918763cbbc85c63b9bd5908a33c44274/elements - {"using":"xpath","value":"//bdi[text()=\"OK\"]"}
RESULT: {"using":"xpath","value":"//bdi[text()=\"OK\"]"}
COMMAND: POST /session/918763cbbc85c63b9bd5908a33c44274/elements - {"using":"xpath","value":"//bdi[text()=\"OK\"]"}
RESULT: {"using":"xpath","value":"//bdi[text()=\"OK\"]"}
COMMAND: POST /session/918763cbbc85c63b9bd5908a33c44274/elements - {"using":"xpath","value":"//bdi[text()=\"OK\"]"}
RESULT: {"using":"xpath","value":"//bdi[text()=\"OK\"]"}
COMMAND: POST /session/918763cbbc85c63b9bd5908a33c44274/elements - {"using":"xpath","value":"//bdi[text()=\"OK\"]"}
RESULT: {"using":"xpath","value":"//bdi[text()=\"OK\"]"}
COMMAND: POST /session/918763cbbc85c63b9bd5908a33c44274/elements - {"using":"xpath","value":"//bdi[text()=\"OK\"]"}
RESULT: {"using":"xpath","value":"//bdi[text()=\"OK\"]"}
COMMAND: POST /session/918763cbbc85c63b9bd5908a33c44274/elements - {"using":"xpath","value":"//bdi[text()=\"OK\"]"}
RESULT: {"using":"xpath","value":"//bdi[text()=\"OK\"]"}
COMMAND: POST /session/918763cbbc85c63b9bd5908a33c44274/elements - {"using":"xpath","value":"//bdi[text()=\"OK\"]"}
RESULT: {"using":"xpath","value":"//bdi[text()=\"OK\"]"}
COMMAND: POST /session/918763cbbc85c63b9bd5908a33c44274/elements - {"using":"xpath","value":"//bdi[text()=\"OK\"]"}
RESULT: {"using":"xpath","value":"//bdi[text()=\"OK\"]"}
COMMAND: POST /session/918763cbbc85c63b9bd5908a33c44274/elements - {"using":"xpath","value":"//bdi[text()=\"OK\"]"}
RESULT: {"using":"xpath","value":"//bdi[text()=\"OK\"]"}
COMMAND: POST /session/918763cbbc85c63b9bd5908a33c44274/elements - {"using":"xpath","value":"//bdi[text()=\"OK\"]"}
RESULT: {"using":"xpath","value":"//bdi[text()=\"OK\"]"}
COMMAND: POST /session/918763cbbc85c63b9bd5908a33c44274/elements - {"using":"xpath","value":"//bdi[text()=\"OK\"]"}
RESULT: {"using":"xpath","value":"//bdi[text()=\"OK\"]"}
COMMAND: POST /session/918763cbbc85c63b9bd5908a33c44274/elements - {"using":"xpath","value":"//bdi[text()=\"OK\"]"}
RESULT: {"using":"xpath","value":"//bdi[text()=\"OK\"]"}
COMMAND: POST /session/918763cbbc85c63b9bd5908a33c44274/elements - {"using":"xpath","value":"//bdi[text()=\"OK\"]"}
RESULT: {"using":"xpath","value":"//bdi[text()=\"OK\"]"}
COMMAND: POST /session/918763cbbc85c63b9bd5908a33c44274/elements - {"using":"xpath","value":"//bdi[text()=\"OK\"]"}
RESULT: {"using":"xpath","value":"//bdi[text()=\"OK\"]"}
COMMAND: POST /session/918763cbbc85c63b9bd5908a33c44274/elements - {"using":"xpath","value":"//bdi[text()=\"OK\"]"}
RESULT: {"using":"xpath","value":"//bdi[text()=\"OK\"]"}
COMMAND: POST /session/918763cbbc85c63b9bd5908a33c44274/elements - {"using":"xpath","value":"//bdi[text()=\"OK\"]"}
RESULT: {"using":"xpath","value":"//bdi[text()=\"OK\"]"}
COMMAND: POST /session/918763cbbc85c63b9bd5908a33c44274/elements - {"using":"xpath","value":"//bdi[text()=\"OK\"]"}
RESULT: {"using":"xpath","value":"//bdi[text()=\"OK\"]"}
COMMAND: POST /session/918763cbbc85c63b9bd5908a33c44274/elements - {"using":"xpath","value":"//bdi[text()=\"OK\"]"}
RESULT: {"using":"xpath","value":"//bdi[text()=\"OK\"]"}
COMMAND: POST /session/918763cbbc85c63b9bd5908a33c44274/elements - {"using":"xpath","value":"//bdi[text()=\"OK\"]"}
RESULT: {"using":"xpath","value":"//bdi[text()=\"OK\"]"}
COMMAND: POST /session/918763cbbc85c63b9bd5908a33c44274/elements - {"using":"xpath","value":"//bdi[text()=\"OK\"]"}
RESULT: {"using":"xpath","value":"//bdi[text()=\"OK\"]"}
COMMAND: POST /session/918763cbbc85c63b9bd5908a33c44274/elements - {"using":"xpath","value":"//bdi[text()=\"OK\"]"}
RESULT: {"using":"xpath","value":"//bdi[text()=\"OK\"]"}
COMMAND: POST /session/918763cbbc85c63b9bd5908a33c44274/elements - {"using":"xpath","value":"//bdi[text()=\"OK\"]"}
RESULT: {"using":"xpath","value":"//bdi[text()=\"OK\"]"}
COMMAND: POST /session/918763cbbc85c63b9bd5908a33c44274/elements - {"using":"xpath","value":"//bdi[text()=\"OK\"]"}
RESULT: {"using":"xpath","value":"//bdi[text()=\"OK\"]"}
COMMAND: POST /session/918763cbbc85c63b9bd5908a33c44274/elements - {"using":"xpath","value":"//bdi[text()=\"OK\"]"}
RESULT: {"using":"xpath","value":"//bdi[text()=\"OK\"]"}
COMMAND: POST /session/918763cbbc85c63b9bd5908a33c44274/elements - {"using":"xpath","value":"//bdi[text()=\"OK\"]"}
RESULT: {"using":"xpath","value":"//bdi[text()=\"OK\"]"}
COMMAND: POST /session/918763cbbc85c63b9bd5908a33c44274/elements - {"using":"xpath","value":"//bdi[text()=\"OK\"]"}
RESULT: {"using":"xpath","value":"//bdi[text()=\"OK\"]"}
COMMAND: POST /session/918763cbbc85c63b9bd5908a33c44274/elements - {"using":"xpath","value":"//bdi[text()=\"OK\"]"}
RESULT: {"using":"xpath","value":"//bdi[text()=\"OK\"]"}
COMMAND: POST /session/918763cbbc85c63b9bd5908a33c44274/elements - {"using":"xpath","value":"//bdi[text()=\"OK\"]"}
RESULT: {"using":"xpath","value":"//bdi[text()=\"OK\"]"}
COMMAND: POST /session/918763cbbc85c63b9bd5908a33c44274/elements - {"using":"xpath","value":"//bdi[text()=\"OK\"]"}
RESULT: {"using":"xpath","value":"//bdi[text()=\"OK\"]"}
COMMAND: POST /session/918763cbbc85c63b9bd5908a33c44274/elements - {"using":"xpath","value":"//bdi[text()=\"OK\"]"}
RESULT: {"using":"xpath","value":"//bdi[text()=\"OK\"]"}
COMMAND: POST /session/918763cbbc85c63b9bd5908a33c44274/elements - {"using":"xpath","value":"//bdi[text()=\"OK\"]"}
RESULT: {"using":"xpath","value":"//bdi[text()=\"OK\"]"}
COMMAND: POST /session/918763cbbc85c63b9bd5908a33c44274/elements - {"using":"xpath","value":"//bdi[text()=\"OK\"]"}
RESULT: {"using":"xpath","value":"//bdi[text()=\"OK\"]"}
COMMAND: POST /session/918763cbbc85c63b9bd5908a33c44274/elements - {"using":"xpath","value":"//bdi[text()=\"OK\"]"}
RESULT: {"using":"xpath","value":"//bdi[text()=\"OK\"]"}
COMMAND: POST /session/918763cbbc85c63b9bd5908a33c44274/elements - {"using":"xpath","value":"//bdi[text()=\"OK\"]"}
RESULT: {"using":"xpath","value":"//bdi[text()=\"OK\"]"}
COMMAND: POST /session/918763cbbc85c63b9bd5908a33c44274/elements - {"using":"xpath","value":"//bdi[text()=\"OK\"]"}
RESULT: {"using":"xpath","value":"//bdi[text()=\"OK\"]"}
COMMAND: POST /session/918763cbbc85c63b9bd5908a33c44274/elements - {"using":"xpath","value":"//bdi[text()=\"OK\"]"}
RESULT: {"using":"xpath","value":"//bdi[text()=\"OK\"]"}
COMMAND: POST /session/918763cbbc85c63b9bd5908a33c44274/elements - {"using":"xpath","value":"//bdi[text()=\"OK\"]"}
RESULT: {"using":"xpath","value":"//bdi[text()=\"OK\"]"}
COMMAND: POST /session/918763cbbc85c63b9bd5908a33c44274/elements - {"using":"xpath","value":"//bdi[text()=\"OK\"]"}
RESULT: {"using":"xpath","value":"//bdi[text()=\"OK\"]"}
COMMAND: POST /session/918763cbbc85c63b9bd5908a33c44274/elements - {"using":"xpath","value":"//bdi[text()=\"OK\"]"}
RESULT: {"using":"xpath","value":"//bdi[text()=\"OK\"]"}
COMMAND: POST /session/918763cbbc85c63b9bd5908a33c44274/elements - {"using":"xpath","value":"//bdi[text()=\"OK\"]"}
RESULT: {"using":"xpath","value":"//bdi[text()=\"OK\"]"}
COMMAND: POST /session/918763cbbc85c63b9bd5908a33c44274/elements - {"using":"xpath","value":"//bdi[text()=\"OK\"]"}
RESULT: {"using":"xpath","value":"//bdi[text()=\"OK\"]"}
COMMAND: POST /session/918763cbbc85c63b9bd5908a33c44274/elements - {"using":"xpath","value":"//bdi[text()=\"OK\"]"}
RESULT: {"using":"xpath","value":"//bdi[text()=\"OK\"]"}
COMMAND: POST /session/918763cbbc85c63b9bd5908a33c44274/elements - {"using":"xpath","value":"//bdi[text()=\"OK\"]"}
RESULT: {"using":"xpath","value":"//bdi[text()=\"OK\"]"}
COMMAND: POST /session/918763cbbc85c63b9bd5908a33c44274/elements - {"using":"xpath","value":"//bdi[text()=\"OK\"]"}
RESULT: {"using":"xpath","value":"//bdi[text()=\"OK\"]"}
COMMAND: POST /session/918763cbbc85c63b9bd5908a33c44274/elements - {"using":"xpath","value":"//bdi[text()=\"OK\"]"}
RESULT: {"using":"xpath","value":"//bdi[text()=\"OK\"]"}
COMMAND: POST /session/918763cbbc85c63b9bd5908a33c44274/elements - {"using":"xpath","value":"//bdi[text()=\"OK\"]"}
RESULT: {"using":"xpath","value":"//bdi[text()=\"OK\"]"}
COMMAND: POST /session/918763cbbc85c63b9bd5908a33c44274/elements - {"using":"xpath","value":"//bdi[text()=\"OK\"]"}
RESULT: {"using":"xpath","value":"//bdi[text()=\"OK\"]"}
COMMAND: POST /session/918763cbbc85c63b9bd5908a33c44274/elements - {"using":"xpath","value":"//bdi[text()=\"OK\"]"}
RESULT: {"using":"xpath","value":"//bdi[text()=\"OK\"]"}
COMMAND: POST /session/918763cbbc85c63b9bd5908a33c44274/elements - {"using":"xpath","value":"//bdi[text()=\"OK\"]"}
RESULT: {"using":"xpath","value":"//bdi[text()=\"OK\"]"}
COMMAND: POST /session/918763cbbc85c63b9bd5908a33c44274/elements - {"using":"xpath","value":"//bdi[text()=\"OK\"]"}
RESULT: {"using":"xpath","value":"//bdi[text()=\"OK\"]"}
COMMAND: POST /session/918763cbbc85c63b9bd5908a33c44274/elements - {"using":"xpath","value":"//bdi[text()=\"OK\"]"}
RESULT: {"using":"xpath","value":"//bdi[text()=\"OK\"]"}
COMMAND: POST /session/918763cbbc85c63b9bd5908a33c44274/elements - {"using":"xpath","value":"//bdi[text()=\"OK\"]"}
RESULT: {"using":"xpath","value":"//bdi[text()=\"OK\"]"}
COMMAND: POST /session/918763cbbc85c63b9bd5908a33c44274/elements - {"using":"xpath","value":"//bdi[text()=\"OK\"]"}
RESULT: {"using":"xpath","value":"//bdi[text()=\"OK\"]"}
COMMAND: POST /session/918763cbbc85c63b9bd5908a33c44274/elements - {"using":"xpath","value":"//bdi[text()=\"OK\"]"}
RESULT: {"using":"xpath","value":"//bdi[text()=\"OK\"]"}
COMMAND: POST /session/918763cbbc85c63b9bd5908a33c44274/elements - {"using":"xpath","value":"//bdi[text()=\"OK\"]"}
RESULT: {"using":"xpath","value":"//bdi[text()=\"OK\"]"}
COMMAND: POST /session/918763cbbc85c63b9bd5908a33c44274/elements - {"using":"xpath","value":"//bdi[text()=\"OK\"]"}
RESULT: {"using":"xpath","value":"//bdi[text()=\"OK\"]"}
COMMAND: POST /session/918763cbbc85c63b9bd5908a33c44274/elements - {"using":"xpath","value":"//bdi[text()=\"OK\"]"}
RESULT: {"using":"xpath","value":"//bdi[text()=\"OK\"]"}
COMMAND: POST /session/918763cbbc85c63b9bd5908a33c44274/elements - {"using":"xpath","value":"//bdi[text()=\"OK\"]"}
RESULT: {"using":"xpath","value":"//bdi[text()=\"OK\"]"}
COMMAND: POST /session/918763cbbc85c63b9bd5908a33c44274/elements - {"using":"xpath","value":"//bdi[text()=\"OK\"]"}
RESULT: {"using":"xpath","value":"//bdi[text()=\"OK\"]"}
COMMAND: POST /session/918763cbbc85c63b9bd5908a33c44274/elements - {"using":"xpath","value":"//bdi[text()=\"OK\"]"}
RESULT: {"using":"xpath","value":"//bdi[text()=\"OK\"]"}
COMMAND: POST /session/918763cbbc85c63b9bd5908a33c44274/elements - {"using":"xpath","value":"//bdi[text()=\"OK\"]"}
RESULT: {"using":"xpath","value":"//bdi[text()=\"OK\"]"}
COMMAND: POST /session/918763cbbc85c63b9bd5908a33c44274/elements - {"using":"xpath","value":"//bdi[text()=\"OK\"]"}
RESULT: {"using":"xpath","value":"//bdi[text()=\"OK\"]"}
COMMAND: POST /session/918763cbbc85c63b9bd5908a33c44274/elements - {"using":"xpath","value":"//bdi[text()=\"OK\"]"}
RESULT: {"using":"xpath","value":"//bdi[text()=\"OK\"]"}
COMMAND: POST /session/918763cbbc85c63b9bd5908a33c44274/elements - {"using":"xpath","value":"//bdi[text()=\"OK\"]"}
RESULT: {"using":"xpath","value":"//bdi[text()=\"OK\"]"}
COMMAND: POST /session/918763cbbc85c63b9bd5908a33c44274/elements - {"using":"xpath","value":"//bdi[text()=\"OK\"]"}
RESULT: {"using":"xpath","value":"//bdi[text()=\"OK\"]"}
COMMAND: POST /session/918763cbbc85c63b9bd5908a33c44274/elements - {"using":"xpath","value":"//bdi[text()=\"OK\"]"}
RESULT: {"using":"xpath","value":"//bdi[text()=\"OK\"]"}
COMMAND: POST /session/918763cbbc85c63b9bd5908a33c44274/elements - {"using":"xpath","value":"//bdi[text()=\"OK\"]"}
RESULT: {"using":"xpath","value":"//bdi[text()=\"OK\"]"}
COMMAND: POST /session/918763cbbc85c63b9bd5908a33c44274/elements - {"using":"xpath","value":"//bdi[text()=\"OK\"]"}
RESULT: {"using":"xpath","value":"//bdi[text()=\"OK\"]"}
COMMAND: POST /session/918763cbbc85c63b9bd5908a33c44274/elements - {"using":"xpath","value":"//bdi[text()=\"OK\"]"}
RESULT: {"using":"xpath","value":"//bdi[text()=\"OK\"]"}
COMMAND: POST /session/918763cbbc85c63b9bd5908a33c44274/elements - {"using":"xpath","value":"//bdi[text()=\"OK\"]"}
RESULT: {"using":"xpath","value":"//bdi[text()=\"OK\"]"}
COMMAND: POST /session/918763cbbc85c63b9bd5908a33c44274/elements - {"using":"xpath","value":"//bdi[text()=\"OK\"]"}
RESULT: {"using":"xpath","value":"//bdi[text()=\"OK\"]"}
COMMAND: POST /session/918763cbbc85c63b9bd5908a33c44274/elements - {"using":"xpath","value":"//bdi[text()=\"OK\"]"}
RESULT: {"using":"xpath","value":"//bdi[text()=\"OK\"]"}
COMMAND: POST /session/918763cbbc85c63b9bd5908a33c44274/elements - {"using":"xpath","value":"//bdi[text()=\"OK\"]"}
RESULT: {"using":"xpath","value":"//bdi[text()=\"OK\"]"}
COMMAND: POST /session/918763cbbc85c63b9bd5908a33c44274/elements - {"using":"xpath","value":"//bdi[text()=\"OK\"]"}
RESULT: {"using":"xpath","value":"//bdi[text()=\"OK\"]"}
COMMAND: POST /session/918763cbbc85c63b9bd5908a33c44274/elements - {"using":"xpath","value":"//bdi[text()=\"OK\"]"}
RESULT: {"using":"xpath","value":"//bdi[text()=\"OK\"]"}
COMMAND: POST /session/918763cbbc85c63b9bd5908a33c44274/elements - {"using":"xpath","value":"//bdi[text()=\"OK\"]"}
RESULT: {"using":"xpath","value":"//bdi[text()=\"OK\"]"}
COMMAND: POST /session/918763cbbc85c63b9bd5908a33c44274/elements - {"using":"xpath","value":"//bdi[text()=\"OK\"]"}
RESULT: {"using":"xpath","value":"//bdi[text()=\"OK\"]"}
COMMAND: POST /session/918763cbbc85c63b9bd5908a33c44274/elements - {"using":"xpath","value":"//bdi[text()=\"OK\"]"}
RESULT: {"using":"xpath","value":"//bdi[text()=\"OK\"]"}
COMMAND: POST /session/918763cbbc85c63b9bd5908a33c44274/elements - {"using":"xpath","value":"//bdi[text()=\"OK\"]"}
RESULT: {"using":"xpath","value":"//bdi[text()=\"OK\"]"}
COMMAND: POST /session/918763cbbc85c63b9bd5908a33c44274/elements - {"using":"xpath","value":"//bdi[text()=\"OK\"]"}
RESULT: {"using":"xpath","value":"//bdi[text()=\"OK\"]"}
COMMAND: POST /session/918763cbbc85c63b9bd5908a33c44274/elements - {"using":"xpath","value":"//bdi[text()=\"OK\"]"}
RESULT: {"using":"xpath","value":"//bdi[text()=\"OK\"]"}
COMMAND: POST /session/918763cbbc85c63b9bd5908a33c44274/elements - {"using":"xpath","value":"//bdi[text()=\"OK\"]"}
RESULT: {"using":"xpath","value":"//bdi[text()=\"OK\"]"}
COMMAND: POST /session/918763cbbc85c63b9bd5908a33c44274/elements - {"using":"xpath","value":"//bdi[text()=\"OK\"]"}
RESULT: {"using":"xpath","value":"//bdi[text()=\"OK\"]"}
COMMAND: POST /session/918763cbbc85c63b9bd5908a33c44274/elements - {"using":"xpath","value":"//bdi[text()=\"OK\"]"}
RESULT: {"using":"xpath","value":"//bdi[text()=\"OK\"]"}
COMMAND: POST /session/918763cbbc85c63b9bd5908a33c44274/elements - {"using":"xpath","value":"//bdi[text()=\"OK\"]"}
RESULT: {"using":"xpath","value":"//bdi[text()=\"OK\"]"}
COMMAND: POST /session/918763cbbc85c63b9bd5908a33c44274/elements - {"using":"xpath","value":"//bdi[text()=\"OK\"]"}
RESULT: {"using":"xpath","value":"//bdi[text()=\"OK\"]"}
COMMAND: POST /session/918763cbbc85c63b9bd5908a33c44274/elements - {"using":"xpath","value":"//bdi[text()=\"OK\"]"}
RESULT: {"using":"xpath","value":"//bdi[text()=\"OK\"]"}
COMMAND: POST /session/918763cbbc85c63b9bd5908a33c44274/elements - {"using":"xpath","value":"//bdi[text()=\"OK\"]"}
RESULT: {"using":"xpath","value":"//bdi[text()=\"OK\"]"}
COMMAND: POST /session/918763cbbc85c63b9bd5908a33c44274/elements - {"using":"xpath","value":"//bdi[text()=\"OK\"]"}
RESULT: {"using":"xpath","value":"//bdi[text()=\"OK\"]"}
COMMAND: POST /session/918763cbbc85c63b9bd5908a33c44274/elements - {"using":"xpath","value":"//bdi[text()=\"OK\"]"}
RESULT: {"using":"xpath","value":"//bdi[text()=\"OK\"]"}
COMMAND: POST /session/918763cbbc85c63b9bd5908a33c44274/elements - {"using":"xpath","value":"//bdi[text()=\"OK\"]"}
RESULT: {"using":"xpath","value":"//bdi[text()=\"OK\"]"}
COMMAND: POST /session/918763cbbc85c63b9bd5908a33c44274/elements - {"using":"xpath","value":"//bdi[text()=\"OK\"]"}
RESULT: {"using":"xpath","value":"//bdi[text()=\"OK\"]"}
COMMAND: POST /session/918763cbbc85c63b9bd5908a33c44274/elements - {"using":"xpath","value":"//bdi[text()=\"OK\"]"}
RESULT: {"using":"xpath","value":"//bdi[text()=\"OK\"]"}
COMMAND: POST /session/918763cbbc85c63b9bd5908a33c44274/elements - {"using":"xpath","value":"//bdi[text()=\"OK\"]"}
RESULT: {"using":"xpath","value":"//bdi[text()=\"OK\"]"}
COMMAND: POST /session/918763cbbc85c63b9bd5908a33c44274/elements - {"using":"xpath","value":"//bdi[text()=\"OK\"]"}
RESULT: {"using":"xpath","value":"//bdi[text()=\"OK\"]"}
COMMAND: POST /session/918763cbbc85c63b9bd5908a33c44274/elements - {"using":"xpath","value":"//bdi[text()=\"OK\"]"}
RESULT: {"using":"xpath","value":"//bdi[text()=\"OK\"]"}
COMMAND: POST /session/918763cbbc85c63b9bd5908a33c44274/elements - {"using":"xpath","value":"//bdi[text()=\"OK\"]"}
RESULT: {"using":"xpath","value":"//bdi[text()=\"OK\"]"}
COMMAND: POST /session/918763cbbc85c63b9bd5908a33c44274/elements - {"using":"xpath","value":"//bdi[text()=\"OK\"]"}
RESULT: {"using":"xpath","value":"//bdi[text()=\"OK\"]"}
COMMAND: POST /session/918763cbbc85c63b9bd5908a33c44274/elements - {"using":"xpath","value":"//bdi[text()=\"OK\"]"}
RESULT: {"using":"xpath","value":"//bdi[text()=\"OK\"]"}
COMMAND: POST /session/918763cbbc85c63b9bd5908a33c44274/elements - {"using":"xpath","value":"//bdi[text()=\"OK\"]"}
RESULT: {"using":"xpath","value":"//bdi[text()=\"OK\"]"}
COMMAND: POST /session/918763cbbc85c63b9bd5908a33c44274/elements - {"using":"xpath","value":"//bdi[text()=\"OK\"]"}
RESULT: {"using":"xpath","value":"//bdi[text()=\"OK\"]"}
COMMAND: POST /session/918763cbbc85c63b9bd5908a33c44274/elements - {"using":"xpath","value":"//bdi[text()=\"OK\"]"}
RESULT: {"using":"xpath","value":"//bdi[text()=\"OK\"]"}
COMMAND: POST /session/918763cbbc85c63b9bd5908a33c44274/elements - {"using":"xpath","value":"//bdi[text()=\"OK\"]"}
RESULT: {"using":"xpath","value":"//bdi[text()=\"OK\"]"}
COMMAND: POST /session/918763cbbc85c63b9bd5908a33c44274/elements - {"using":"xpath","value":"//bdi[text()=\"OK\"]"}
RESULT: {"using":"xpath","value":"//bdi[text()=\"OK\"]"}
COMMAND: POST /session/918763cbbc85c63b9bd5908a33c44274/element - {"using":"xpath","value":"//bdi[text()=\"OK\"]"}
RESULT: {"using":"xpath","value":"//bdi[text()=\"OK\"]"}
COMMAND: POST /session/918763cbbc85c63b9bd5908a33c44274/elements - {"using":"xpath","value":"//bdi[text()=\"OK\"]"}
RESULT: {"using":"xpath","value":"//bdi[text()=\"OK\"]"}
COMMAND: POST /session/918763cbbc85c63b9bd5908a33c44274/elements - {"using":"xpath","value":"//bdi[text()=\"OK\"]"}
RESULT: {"using":"xpath","value":"//bdi[text()=\"OK\"]"}
COMMAND: POST /session/918763cbbc85c63b9bd5908a33c44274/elements - {"using":"xpath","value":"//bdi[text()=\"OK\"]"}
RESULT: {"using":"xpath","value":"//bdi[text()=\"OK\"]"}
COMMAND: POST /session/918763cbbc85c63b9bd5908a33c44274/elements - {"using":"xpath","value":"//bdi[text()=\"OK\"]"}
RESULT: {"using":"xpath","value":"//bdi[text()=\"OK\"]"}
COMMAND: POST /session/918763cbbc85c63b9bd5908a33c44274/elements - {"using":"xpath","value":"//bdi[text()=\"OK\"]"}
RESULT: {"using":"xpath","value":"//bdi[text()=\"OK\"]"}
COMMAND: POST /session/918763cbbc85c63b9bd5908a33c44274/elements - {"using":"xpath","value":"//bdi[text()=\"OK\"]"}
RESULT: {"using":"xpath","value":"//bdi[text()=\"OK\"]"}
COMMAND: POST /session/918763cbbc85c63b9bd5908a33c44274/elements - {"using":"xpath","value":"//bdi[text()=\"OK\"]"}
RESULT: {"using":"xpath","value":"//bdi[text()=\"OK\"]"}
COMMAND: POST /session/918763cbbc85c63b9bd5908a33c44274/elements - {"using":"xpath","value":"//bdi[text()=\"OK\"]"}
RESULT: {"using":"xpath","value":"//bdi[text()=\"OK\"]"}
COMMAND: POST /session/918763cbbc85c63b9bd5908a33c44274/elements - {"using":"xpath","value":"//bdi[text()=\"OK\"]"}
RESULT: {"using":"xpath","value":"//bdi[text()=\"OK\"]"}
COMMAND: POST /session/918763cbbc85c63b9bd5908a33c44274/elements - {"using":"xpath","value":"//bdi[text()=\"OK\"]"}
RESULT: {"using":"xpath","value":"//bdi[text()=\"OK\"]"}
COMMAND: POST /session/918763cbbc85c63b9bd5908a33c44274/elements - {"using":"xpath","value":"//bdi[text()=\"OK\"]"}
RESULT: {"using":"xpath","value":"//bdi[text()=\"OK\"]"}
COMMAND: POST /session/918763cbbc85c63b9bd5908a33c44274/elements - {"using":"xpath","value":"//bdi[text()=\"OK\"]"}
RESULT: {"using":"xpath","value":"//bdi[text()=\"OK\"]"}
COMMAND: POST /session/918763cbbc85c63b9bd5908a33c44274/elements - {"using":"xpath","value":"//bdi[text()=\"OK\"]"}
RESULT: {"using":"xpath","value":"//bdi[text()=\"OK\"]"}
COMMAND: POST /session/918763cbbc85c63b9bd5908a33c44274/elements - {"using":"xpath","value":"//bdi[text()=\"OK\"]"}
RESULT: {"using":"xpath","value":"//bdi[text()=\"OK\"]"}
COMMAND: POST /session/918763cbbc85c63b9bd5908a33c44274/elements - {"using":"xpath","value":"//bdi[text()=\"OK\"]"}
RESULT: {"using":"xpath","value":"//bdi[text()=\"OK\"]"}
COMMAND: POST /session/918763cbbc85c63b9bd5908a33c44274/elements - {"using":"xpath","value":"//bdi[text()=\"OK\"]"}
RESULT: {"using":"xpath","value":"//bdi[text()=\"OK\"]"}
COMMAND: POST /session/918763cbbc85c63b9bd5908a33c44274/elements - {"using":"xpath","value":"//bdi[text()=\"OK\"]"}
RESULT: {"using":"xpath","value":"//bdi[text()=\"OK\"]"}
COMMAND: POST /session/918763cbbc85c63b9bd5908a33c44274/elements - {"using":"xpath","value":"//bdi[text()=\"OK\"]"}
RESULT: {"using":"xpath","value":"//bdi[text()=\"OK\"]"}
COMMAND: POST /session/918763cbbc85c63b9bd5908a33c44274/elements - {"using":"xpath","value":"//bdi[text()=\"OK\"]"}
RESULT: {"using":"xpath","value":"//bdi[text()=\"OK\"]"}
COMMAND: POST /session/918763cbbc85c63b9bd5908a33c44274/elements - {"using":"xpath","value":"//bdi[text()=\"OK\"]"}
RESULT: {"using":"xpath","value":"//bdi[text()=\"OK\"]"}
COMMAND: POST /session/918763cbbc85c63b9bd5908a33c44274/elements - {"using":"xpath","value":"//bdi[text()=\"OK\"]"}
RESULT: {"using":"xpath","value":"//bdi[text()=\"OK\"]"}
COMMAND: POST /session/918763cbbc85c63b9bd5908a33c44274/elements - {"using":"xpath","value":"//bdi[text()=\"OK\"]"}
RESULT: {"using":"xpath","value":"//bdi[text()=\"OK\"]"}
COMMAND: POST /session/918763cbbc85c63b9bd5908a33c44274/elements - {"using":"xpath","value":"//bdi[text()=\"OK\"]"}
RESULT: {"using":"xpath","value":"//bdi[text()=\"OK\"]"}
COMMAND: POST /session/918763cbbc85c63b9bd5908a33c44274/elements - {"using":"xpath","value":"//bdi[text()=\"OK\"]"}
RESULT: {"using":"xpath","value":"//bdi[text()=\"OK\"]"}
COMMAND: POST /session/918763cbbc85c63b9bd5908a33c44274/elements - {"using":"xpath","value":"//bdi[text()=\"OK\"]"}
RESULT: {"using":"xpath","value":"//bdi[text()=\"OK\"]"}
COMMAND: POST /session/918763cbbc85c63b9bd5908a33c44274/elements - {"using":"xpath","value":"//bdi[text()=\"OK\"]"}
RESULT: {"using":"xpath","value":"//bdi[text()=\"OK\"]"}
COMMAND: POST /session/918763cbbc85c63b9bd5908a33c44274/elements - {"using":"xpath","value":"//bdi[text()=\"OK\"]"}
RESULT: {"using":"xpath","value":"//bdi[text()=\"OK\"]"}
COMMAND: POST /session/918763cbbc85c63b9bd5908a33c44274/elements - {"using":"xpath","value":"//bdi[text()=\"OK\"]"}
RESULT: {"using":"xpath","value":"//bdi[text()=\"OK\"]"}
COMMAND: POST /session/918763cbbc85c63b9bd5908a33c44274/elements - {"using":"xpath","value":"//bdi[text()=\"OK\"]"}
RESULT: {"using":"xpath","value":"//bdi[text()=\"OK\"]"}
COMMAND: POST /session/918763cbbc85c63b9bd5908a33c44274/elements - {"using":"xpath","value":"//bdi[text()=\"OK\"]"}
RESULT: {"using":"xpath","value":"//bdi[text()=\"OK\"]"}
COMMAND: POST /session/918763cbbc85c63b9bd5908a33c44274/elements - {"using":"xpath","value":"//bdi[text()=\"OK\"]"}
RESULT: {"using":"xpath","value":"//bdi[text()=\"OK\"]"}
COMMAND: POST /session/918763cbbc85c63b9bd5908a33c44274/elements - {"using":"xpath","value":"//bdi[text()=\"OK\"]"}
RESULT: {"using":"xpath","value":"//bdi[text()=\"OK\"]"}
COMMAND: POST /session/918763cbbc85c63b9bd5908a33c44274/elements - {"using":"xpath","value":"//bdi[text()=\"OK\"]"}
RESULT: {"using":"xpath","value":"//bdi[text()=\"OK\"]"}
COMMAND: POST /session/918763cbbc85c63b9bd5908a33c44274/elements - {"using":"xpath","value":"//bdi[text()=\"OK\"]"}
RESULT: {"using":"xpath","value":"//bdi[text()=\"OK\"]"}
COMMAND: POST /session/918763cbbc85c63b9bd5908a33c44274/elements - {"using":"xpath","value":"//bdi[text()=\"OK\"]"}
RESULT: {"using":"xpath","value":"//bdi[text()=\"OK\"]"}
COMMAND: POST /session/918763cbbc85c63b9bd5908a33c44274/elements - {"using":"xpath","value":"//bdi[text()=\"OK\"]"}
RESULT: {"using":"xpath","value":"//bdi[text()=\"OK\"]"}
COMMAND: POST /session/918763cbbc85c63b9bd5908a33c44274/elements - {"using":"xpath","value":"//bdi[text()=\"OK\"]"}
RESULT: {"using":"xpath","value":"//bdi[text()=\"OK\"]"}
COMMAND: POST /session/918763cbbc85c63b9bd5908a33c44274/elements - {"using":"xpath","value":"//bdi[text()=\"OK\"]"}
RESULT: {"using":"xpath","value":"//bdi[text()=\"OK\"]"}
COMMAND: POST /session/918763cbbc85c63b9bd5908a33c44274/elements - {"using":"xpath","value":"//bdi[text()=\"OK\"]"}
RESULT: {"using":"xpath","value":"//bdi[text()=\"OK\"]"}
COMMAND: POST /session/918763cbbc85c63b9bd5908a33c44274/elements - {"using":"xpath","value":"//bdi[text()=\"OK\"]"}
RESULT: {"using":"xpath","value":"//bdi[text()=\"OK\"]"}
COMMAND: POST /session/918763cbbc85c63b9bd5908a33c44274/elements - {"using":"xpath","value":"//bdi[text()=\"OK\"]"}
RESULT: {"using":"xpath","value":"//bdi[text()=\"OK\"]"}
COMMAND: POST /session/918763cbbc85c63b9bd5908a33c44274/elements - {"using":"xpath","value":"//bdi[text()=\"OK\"]"}
RESULT: {"using":"xpath","value":"//bdi[text()=\"OK\"]"}
COMMAND: POST /session/918763cbbc85c63b9bd5908a33c44274/elements - {"using":"xpath","value":"//bdi[text()=\"OK\"]"}
RESULT: {"using":"xpath","value":"//bdi[text()=\"OK\"]"}
COMMAND: POST /session/918763cbbc85c63b9bd5908a33c44274/elements - {"using":"xpath","value":"//bdi[text()=\"OK\"]"}
RESULT: {"using":"xpath","value":"//bdi[text()=\"OK\"]"}
COMMAND: POST /session/918763cbbc85c63b9bd5908a33c44274/elements - {"using":"xpath","value":"//bdi[text()=\"OK\"]"}
RESULT: {"using":"xpath","value":"//bdi[text()=\"OK\"]"}
COMMAND: POST /session/918763cbbc85c63b9bd5908a33c44274/elements - {"using":"xpath","value":"//bdi[text()=\"OK\"]"}
RESULT: {"using":"xpath","value":"//bdi[text()=\"OK\"]"}
COMMAND: POST /session/918763cbbc85c63b9bd5908a33c44274/elements - {"using":"xpath","value":"//bdi[text()=\"OK\"]"}
RESULT: {"using":"xpath","value":"//bdi[text()=\"OK\"]"}
COMMAND: POST /session/918763cbbc85c63b9bd5908a33c44274/elements - {"using":"xpath","value":"//bdi[text()=\"OK\"]"}
RESULT: {"using":"xpath","value":"//bdi[text()=\"OK\"]"}
COMMAND: POST /session/918763cbbc85c63b9bd5908a33c44274/elements - {"using":"xpath","value":"//bdi[text()=\"OK\"]"}
RESULT: {"using":"xpath","value":"//bdi[text()=\"OK\"]"}
COMMAND: POST /session/918763cbbc85c63b9bd5908a33c44274/elements - {"using":"xpath","value":"//bdi[text()=\"OK\"]"}
RESULT: {"using":"xpath","value":"//bdi[text()=\"OK\"]"}
COMMAND: POST /session/918763cbbc85c63b9bd5908a33c44274/elements - {"using":"xpath","value":"//bdi[text()=\"OK\"]"}
RESULT: {"using":"xpath","value":"//bdi[text()=\"OK\"]"}
COMMAND: POST /session/918763cbbc85c63b9bd5908a33c44274/elements - {"using":"xpath","value":"//bdi[text()=\"OK\"]"}
RESULT: {"using":"xpath","value":"//bdi[text()=\"OK\"]"}
COMMAND: POST /session/918763cbbc85c63b9bd5908a33c44274/elements - {"using":"xpath","value":"//bdi[text()=\"OK\"]"}
RESULT: {"using":"xpath","value":"//bdi[text()=\"OK\"]"}
COMMAND: POST /session/918763cbbc85c63b9bd5908a33c44274/elements - {"using":"xpath","value":"//bdi[text()=\"OK\"]"}
RESULT: {"using":"xpath","value":"//bdi[text()=\"OK\"]"}
COMMAND: POST /session/918763cbbc85c63b9bd5908a33c44274/elements - {"using":"xpath","value":"//bdi[text()=\"OK\"]"}
RESULT: {"using":"xpath","value":"//bdi[text()=\"OK\"]"}
COMMAND: POST /session/918763cbbc85c63b9bd5908a33c44274/elements - {"using":"xpath","value":"//bdi[text()=\"OK\"]"}
RESULT: {"using":"xpath","value":"//bdi[text()=\"OK\"]"}
COMMAND: POST /session/918763cbbc85c63b9bd5908a33c44274/elements - {"using":"xpath","value":"//bdi[text()=\"OK\"]"}
RESULT: {"using":"xpath","value":"//bdi[text()=\"OK\"]"}
COMMAND: POST /session/918763cbbc85c63b9bd5908a33c44274/elements - {"using":"xpath","value":"//bdi[text()=\"OK\"]"}
RESULT: {"using":"xpath","value":"//bdi[text()=\"OK\"]"}
COMMAND: POST /session/918763cbbc85c63b9bd5908a33c44274/elements - {"using":"xpath","value":"//bdi[text()=\"OK\"]"}
RESULT: {"using":"xpath","value":"//bdi[text()=\"OK\"]"}
COMMAND: POST /session/918763cbbc85c63b9bd5908a33c44274/elements - {"using":"xpath","value":"//bdi[text()=\"OK\"]"}
RESULT: {"using":"xpath","value":"//bdi[text()=\"OK\"]"}
COMMAND: POST /session/918763cbbc85c63b9bd5908a33c44274/elements - {"using":"xpath","value":"//bdi[text()=\"OK\"]"}
RESULT: {"using":"xpath","value":"//bdi[text()=\"OK\"]"}
COMMAND: POST /session/918763cbbc85c63b9bd5908a33c44274/elements - {"using":"xpath","value":"//bdi[text()=\"OK\"]"}
RESULT: {"using":"xpath","value":"//bdi[text()=\"OK\"]"}
COMMAND: POST /session/918763cbbc85c63b9bd5908a33c44274/elements - {"using":"xpath","value":"//bdi[text()=\"OK\"]"}
RESULT: {"using":"xpath","value":"//bdi[text()=\"OK\"]"}
COMMAND: POST /session/918763cbbc85c63b9bd5908a33c44274/elements - {"using":"xpath","value":"//bdi[text()=\"OK\"]"}
RESULT: {"using":"xpath","value":"//bdi[text()=\"OK\"]"}
COMMAND: POST /session/918763cbbc85c63b9bd5908a33c44274/elements - {"using":"xpath","value":"//bdi[text()=\"OK\"]"}
RESULT: {"using":"xpath","value":"//bdi[text()=\"OK\"]"}
COMMAND: POST /session/918763cbbc85c63b9bd5908a33c44274/elements - {"using":"xpath","value":"//bdi[text()=\"OK\"]"}
RESULT: {"using":"xpath","value":"//bdi[text()=\"OK\"]"}
COMMAND: POST /session/918763cbbc85c63b9bd5908a33c44274/elements - {"using":"xpath","value":"//bdi[text()=\"OK\"]"}
RESULT: {"using":"xpath","value":"//bdi[text()=\"OK\"]"}
COMMAND: POST /session/918763cbbc85c63b9bd5908a33c44274/elements - {"using":"xpath","value":"//bdi[text()=\"OK\"]"}
RESULT: {"using":"xpath","value":"//bdi[text()=\"OK\"]"}
COMMAND: POST /session/918763cbbc85c63b9bd5908a33c44274/elements - {"using":"xpath","value":"//bdi[text()=\"OK\"]"}
RESULT: {"using":"xpath","value":"//bdi[text()=\"OK\"]"}
COMMAND: POST /session/918763cbbc85c63b9bd5908a33c44274/elements - {"using":"xpath","value":"//bdi[text()=\"OK\"]"}
RESULT: {"using":"xpath","value":"//bdi[text()=\"OK\"]"}
COMMAND: POST /session/918763cbbc85c63b9bd5908a33c44274/elements - {"using":"xpath","value":"//bdi[text()=\"OK\"]"}
RESULT: {"using":"xpath","value":"//bdi[text()=\"OK\"]"}
COMMAND: POST /session/918763cbbc85c63b9bd5908a33c44274/elements - {"using":"xpath","value":"//bdi[text()=\"OK\"]"}
RESULT: {"using":"xpath","value":"//bdi[text()=\"OK\"]"}
COMMAND: POST /session/918763cbbc85c63b9bd5908a33c44274/elements - {"using":"xpath","value":"//bdi[text()=\"OK\"]"}
RESULT: {"using":"xpath","value":"//bdi[text()=\"OK\"]"}
COMMAND: POST /session/918763cbbc85c63b9bd5908a33c44274/elements - {"using":"xpath","value":"//bdi[text()=\"OK\"]"}
RESULT: {"using":"xpath","value":"//bdi[text()=\"OK\"]"}
COMMAND: POST /session/918763cbbc85c63b9bd5908a33c44274/elements - {"using":"xpath","value":"//bdi[text()=\"OK\"]"}
RESULT: {"using":"xpath","value":"//bdi[text()=\"OK\"]"}
COMMAND: POST /session/918763cbbc85c63b9bd5908a33c44274/elements - {"using":"xpath","value":"//bdi[text()=\"OK\"]"}
RESULT: {"using":"xpath","value":"//bdi[text()=\"OK\"]"}
COMMAND: POST /session/918763cbbc85c63b9bd5908a33c44274/elements - {"using":"xpath","value":"//bdi[text()=\"OK\"]"}
RESULT: {"using":"xpath","value":"//bdi[text()=\"OK\"]"}
COMMAND: POST /session/918763cbbc85c63b9bd5908a33c44274/elements - {"using":"xpath","value":"//bdi[text()=\"OK\"]"}
RESULT: {"using":"xpath","value":"//bdi[text()=\"OK\"]"}
COMMAND: POST /session/918763cbbc85c63b9bd5908a33c44274/elements - {"using":"xpath","value":"//bdi[text()=\"OK\"]"}
RESULT: {"using":"xpath","value":"//bdi[text()=\"OK\"]"}
COMMAND: POST /session/918763cbbc85c63b9bd5908a33c44274/elements - {"using":"xpath","value":"//bdi[text()=\"OK\"]"}
RESULT: {"using":"xpath","value":"//bdi[text()=\"OK\"]"}
COMMAND: POST /session/918763cbbc85c63b9bd5908a33c44274/elements - {"using":"xpath","value":"//bdi[text()=\"OK\"]"}
RESULT: {"using":"xpath","value":"//bdi[text()=\"OK\"]"}
COMMAND: POST /session/918763cbbc85c63b9bd5908a33c44274/elements - {"using":"xpath","value":"//bdi[text()=\"OK\"]"}
RESULT: {"using":"xpath","value":"//bdi[text()=\"OK\"]"}
COMMAND: POST /session/918763cbbc85c63b9bd5908a33c44274/elements - {"using":"xpath","value":"//bdi[text()=\"OK\"]"}
RESULT: {"using":"xpath","value":"//bdi[text()=\"OK\"]"}
COMMAND: POST /session/918763cbbc85c63b9bd5908a33c44274/elements - {"using":"xpath","value":"//bdi[text()=\"OK\"]"}
RESULT: {"using":"xpath","value":"//bdi[text()=\"OK\"]"}
COMMAND: POST /session/918763cbbc85c63b9bd5908a33c44274/elements - {"using":"xpath","value":"//bdi[text()=\"OK\"]"}
RESULT: {"using":"xpath","value":"//bdi[text()=\"OK\"]"}
COMMAND: POST /session/918763cbbc85c63b9bd5908a33c44274/elements - {"using":"xpath","value":"//bdi[text()=\"OK\"]"}
RESULT: {"using":"xpath","value":"//bdi[text()=\"OK\"]"}
COMMAND: POST /session/918763cbbc85c63b9bd5908a33c44274/elements - {"using":"xpath","value":"//bdi[text()=\"OK\"]"}
RESULT: {"using":"xpath","value":"//bdi[text()=\"OK\"]"}
COMMAND: POST /session/918763cbbc85c63b9bd5908a33c44274/elements - {"using":"xpath","value":"//bdi[text()=\"OK\"]"}
RESULT: {"using":"xpath","value":"//bdi[text()=\"OK\"]"}
COMMAND: POST /session/918763cbbc85c63b9bd5908a33c44274/elements - {"using":"xpath","value":"//bdi[text()=\"OK\"]"}
RESULT: {"using":"xpath","value":"//bdi[text()=\"OK\"]"}
COMMAND: POST /session/918763cbbc85c63b9bd5908a33c44274/elements - {"using":"xpath","value":"//bdi[text()=\"OK\"]"}
RESULT: {"using":"xpath","value":"//bdi[text()=\"OK\"]"}
COMMAND: POST /session/918763cbbc85c63b9bd5908a33c44274/elements - {"using":"xpath","value":"//bdi[text()=\"OK\"]"}
RESULT: {"using":"xpath","value":"//bdi[text()=\"OK\"]"}
COMMAND: POST /session/918763cbbc85c63b9bd5908a33c44274/elements - {"using":"xpath","value":"//bdi[text()=\"OK\"]"}
RESULT: {"using":"xpath","value":"//bdi[text()=\"OK\"]"}
COMMAND: POST /session/918763cbbc85c63b9bd5908a33c44274/elements - {"using":"xpath","value":"//bdi[text()=\"OK\"]"}
RESULT: {"using":"xpath","value":"//bdi[text()=\"OK\"]"}
COMMAND: POST /session/918763cbbc85c63b9bd5908a33c44274/elements - {"using":"xpath","value":"//bdi[text()=\"OK\"]"}
RESULT: {"using":"xpath","value":"//bdi[text()=\"OK\"]"}
COMMAND: POST /session/918763cbbc85c63b9bd5908a33c44274/elements - {"using":"xpath","value":"//bdi[text()=\"OK\"]"}
RESULT: {"using":"xpath","value":"//bdi[text()=\"OK\"]"}
COMMAND: POST /session/918763cbbc85c63b9bd5908a33c44274/elements - {"using":"xpath","value":"//bdi[text()=\"OK\"]"}
RESULT: {"using":"xpath","value":"//bdi[text()=\"OK\"]"}
COMMAND: POST /session/918763cbbc85c63b9bd5908a33c44274/elements - {"using":"xpath","value":"//bdi[text()=\"OK\"]"}
RESULT: {"using":"xpath","value":"//bdi[text()=\"OK\"]"}
COMMAND: POST /session/918763cbbc85c63b9bd5908a33c44274/elements - {"using":"xpath","value":"//bdi[text()=\"OK\"]"}
RESULT: {"using":"xpath","value":"//bdi[text()=\"OK\"]"}
COMMAND: POST /session/918763cbbc85c63b9bd5908a33c44274/elements - {"using":"xpath","value":"//bdi[text()=\"OK\"]"}
RESULT: {"using":"xpath","value":"//bdi[text()=\"OK\"]"}
COMMAND: POST /session/918763cbbc85c63b9bd5908a33c44274/elements - {"using":"xpath","value":"//bdi[text()=\"OK\"]"}
RESULT: {"using":"xpath","value":"//bdi[text()=\"OK\"]"}
COMMAND: POST /session/918763cbbc85c63b9bd5908a33c44274/elements - {"using":"xpath","value":"//bdi[text()=\"OK\"]"}
RESULT: {"using":"xpath","value":"//bdi[text()=\"OK\"]"}
COMMAND: POST /session/918763cbbc85c63b9bd5908a33c44274/elements - {"using":"xpath","value":"//bdi[text()=\"OK\"]"}
RESULT: {"using":"xpath","value":"//bdi[text()=\"OK\"]"}
COMMAND: POST /session/918763cbbc85c63b9bd5908a33c44274/elements - {"using":"xpath","value":"//bdi[text()=\"OK\"]"}
RESULT: {"using":"xpath","value":"//bdi[text()=\"OK\"]"}
COMMAND: POST /session/918763cbbc85c63b9bd5908a33c44274/elements - {"using":"xpath","value":"//bdi[text()=\"OK\"]"}
RESULT: {"using":"xpath","value":"//bdi[text()=\"OK\"]"}
COMMAND: POST /session/918763cbbc85c63b9bd5908a33c44274/elements - {"using":"xpath","value":"//bdi[text()=\"OK\"]"}
RESULT: {"using":"xpath","value":"//bdi[text()=\"OK\"]"}
COMMAND: POST /session/918763cbbc85c63b9bd5908a33c44274/elements - {"using":"xpath","value":"//bdi[text()=\"OK\"]"}
RESULT: {"using":"xpath","value":"//bdi[text()=\"OK\"]"}
COMMAND: POST /session/918763cbbc85c63b9bd5908a33c44274/elements - {"using":"xpath","value":"//bdi[text()=\"OK\"]"}
RESULT: {"using":"xpath","value":"//bdi[text()=\"OK\"]"}
COMMAND: POST /session/918763cbbc85c63b9bd5908a33c44274/elements - {"using":"xpath","value":"//bdi[text()=\"OK\"]"}
RESULT: {"using":"xpath","value":"//bdi[text()=\"OK\"]"}
COMMAND: POST /session/918763cbbc85c63b9bd5908a33c44274/elements - {"using":"xpath","value":"//bdi[text()=\"OK\"]"}
RESULT: {"using":"xpath","value":"//bdi[text()=\"OK\"]"}
COMMAND: POST /session/918763cbbc85c63b9bd5908a33c44274/elements - {"using":"xpath","value":"//bdi[text()=\"OK\"]"}
RESULT: {"using":"xpath","value":"//bdi[text()=\"OK\"]"}
COMMAND: POST /session/918763cbbc85c63b9bd5908a33c44274/elements - {"using":"xpath","value":"//bdi[text()=\"OK\"]"}
RESULT: {"using":"xpath","value":"//bdi[text()=\"OK\"]"}
COMMAND: POST /session/918763cbbc85c63b9bd5908a33c44274/elements - {"using":"xpath","value":"//bdi[text()=\"OK\"]"}
RESULT: {"using":"xpath","value":"//bdi[text()=\"OK\"]"}
COMMAND: POST /session/918763cbbc85c63b9bd5908a33c44274/elements - {"using":"xpath","value":"//bdi[text()=\"OK\"]"}
RESULT: {"using":"xpath","value":"//bdi[text()=\"OK\"]"}
COMMAND: POST /session/918763cbbc85c63b9bd5908a33c44274/elements - {"using":"xpath","value":"//bdi[text()=\"OK\"]"}
RESULT: {"using":"xpath","value":"//bdi[text()=\"OK\"]"}
COMMAND: POST /session/918763cbbc85c63b9bd5908a33c44274/elements - {"using":"xpath","value":"//bdi[text()=\"OK\"]"}
RESULT: {"using":"xpath","value":"//bdi[text()=\"OK\"]"}
COMMAND: POST /session/918763cbbc85c63b9bd5908a33c44274/elements - {"using":"xpath","value":"//bdi[text()=\"OK\"]"}
RESULT: {"using":"xpath","value":"//bdi[text()=\"OK\"]"}
COMMAND: POST /session/918763cbbc85c63b9bd5908a33c44274/elements - {"using":"xpath","value":"//bdi[text()=\"OK\"]"}
RESULT: {"using":"xpath","value":"//bdi[text()=\"OK\"]"}
COMMAND: POST /session/918763cbbc85c63b9bd5908a33c44274/elements - {"using":"xpath","value":"//bdi[text()=\"OK\"]"}
RESULT: {"using":"xpath","value":"//bdi[text()=\"OK\"]"}
COMMAND: POST /session/918763cbbc85c63b9bd5908a33c44274/elements - {"using":"xpath","value":"//bdi[text()=\"OK\"]"}
RESULT: {"using":"xpath","value":"//bdi[text()=\"OK\"]"}
COMMAND: POST /session/918763cbbc85c63b9bd5908a33c44274/elements - {"using":"xpath","value":"//bdi[text()=\"OK\"]"}
RESULT: {"using":"xpath","value":"//bdi[text()=\"OK\"]"}
COMMAND: POST /session/918763cbbc85c63b9bd5908a33c44274/execute/async - {"script":"<script> [1562 bytes]","args":[{"selector":{"id":"application-manageresources-display-component---newResourceUnit--TYPE-arrow"},"wdio_ui5_key":"applicationmanageresources-display-component---newResourceUnit--TYPE-arrow"}]}
RESULT: {"script":"<script> [1562 bytes]","args":[{"selector":{"id":"application-manageresources-display-component---newResourceUnit--TYPE-arrow"},"wdio_ui5_key":"applicationmanageresources-display-component---newResourceUnit--TYPE-arrow"}]}
RESULT: undefined
COMMAND: POST /session/918763cbbc85c63b9bd5908a33c44274/element - {"using":"xpath","value":"//*[@id=\"application-manageresources-display-component---newResourceUnit--TYPE-arrow\"]"}
RESULT: {"using":"xpath","value":"//*[@id=\"application-manageresources-display-component---newResourceUnit--TYPE-arrow\"]"}
COMMAND: POST /session/918763cbbc85c63b9bd5908a33c44274/element/f.C58A9DC514FFE328F82A7A8F67B7EF56.d.28D0BB118352CA2FA882A674BEDA83AC.e.7463/click - {}
RESULT: {}
COMMAND: POST /session/918763cbbc85c63b9bd5908a33c44274/execute/async - {"script":"<script> [1562 bytes]","args":[{"selector":{"controlType":"sap.m.StandardListItem","viewName":"reusables.view.manageresources.NewResourceUnit","viewId":"application-manageresources-display-component---newResourceUnit","properties":{"title":"Equipment"},"searchOpenDialogs":true,"interaction":{"idSuffix":"content"}},"wdio_ui5_key":"reusablesview.manageresources.NewResourceUnitsap.m.StandardListItem{\"title\":\"Equipment\"}"}]}
COMMAND: GET /session/918763cbbc85c63b9bd5908a33c44274/screenshot - {}
RESULT: {"script":"<script> [1562 bytes]","args":[{"selector":{"controlType":"sap.m.StandardListItem","viewName":"reusables.view.manageresources.NewResourceUnit","viewId":"application-manageresources-display-component---newResourceUnit","properties":{"title":"Equipment"},"searchOpenDialogs":true,"interaction":{"idSuffix":"content"}},"wdio_ui5_key":"reusablesview.manageresources.NewResourceUnitsap.m.StandardListItem{\"title\":\"Equipment\"}"}]}
RESULT: undefined
COMMAND: POST /session/918763cbbc85c63b9bd5908a33c44274/element - {"using":"xpath","value":"//*[@id=\"__item139\"]"}
RESULT: {}
RESULT: {"using":"xpath","value":"//*[@id=\"__item139\"]"}
COMMAND: POST /session/918763cbbc85c63b9bd5908a33c44274/element/f.C58A9DC514FFE328F82A7A8F67B7EF56.d.28D0BB118352CA2FA882A674BEDA83AC.e.7466/click - {}
RESULT: {}
COMMAND: POST /session/918763cbbc85c63b9bd5908a33c44274/execute/async - {"script":"<script> [1562 bytes]","args":[{"selector":{"id":"application-manageresources-display-component---newResourceUnit--resourceId","interaction":{"idSuffix":"inner"}},"wdio_ui5_key":"applicationmanageresources-display-component---newResourceUnit--resourceId"}]}
COMMAND: GET /session/918763cbbc85c63b9bd5908a33c44274/screenshot - {}
RESULT: {"script":"<script> [1562 bytes]","args":[{"selector":{"id":"application-manageresources-display-component---newResourceUnit--resourceId","interaction":{"idSuffix":"inner"}},"wdio_ui5_key":"applicationmanageresources-display-component---newResourceUnit--resourceId"}]}
RESULT: undefined
COMMAND: POST /session/918763cbbc85c63b9bd5908a33c44274/execute/async - {"script":"<script> [776 bytes]","args":[{"enterText":"EquipmentCounter rq1b4","selector":{"id":"application-manageresources-display-component---newResourceUnit--resourceId","interaction":{"idSuffix":"inner"}},"clearTextFirst":true,"interactionType":"ENTER_TEXT"}]}
RESULT: {}
RESULT: {"script":"<script> [776 bytes]","args":[{"enterText":"EquipmentCounter rq1b4","selector":{"id":"application-manageresources-display-component---newResourceUnit--resourceId","interaction":{"idSuffix":"inner"}},"clearTextFirst":true,"interactionType":"ENTER_TEXT"}]}
COMMAND: POST /session/918763cbbc85c63b9bd5908a33c44274/execute/async - {"script":"<script> [1562 bytes]","args":[{"selector":{"id":"application-manageresources-display-component---newResourceUnit--SHORT_TEXT","interaction":{"idSuffix":"inner"}},"wdio_ui5_key":"applicationmanageresources-display-component---newResourceUnit--SHORT_TEXT"}]}
RESULT: {"script":"<script> [1562 bytes]","args":[{"selector":{"id":"application-manageresources-display-component---newResourceUnit--SHORT_TEXT","interaction":{"idSuffix":"inner"}},"wdio_ui5_key":"applicationmanageresources-display-component---newResourceUnit--SHORT_TEXT"}]}
RESULT: undefined
COMMAND: POST /session/918763cbbc85c63b9bd5908a33c44274/execute/async - {"script":"<script> [776 bytes]","args":[{"enterText":"EquipmentCounter rq1b4","selector":{"id":"application-manageresources-display-component---newResourceUnit--SHORT_TEXT","interaction":{"idSuffix":"inner"}},"clearTextFirst":true,"interactionType":"ENTER_TEXT"}]}
RESULT: {"script":"<script> [776 bytes]","args":[{"enterText":"EquipmentCounter rq1b4","selector":{"id":"application-manageresources-display-component---newResourceUnit--SHORT_TEXT","interaction":{"idSuffix":"inner"}},"clearTextFirst":true,"interactionType":"ENTER_TEXT"}]}
COMMAND: POST /session/918763cbbc85c63b9bd5908a33c44274/execute/async - {"script":"<script> [1562 bytes]","args":[{"selector":{"id":"application-manageresources-display-component---newResourceUnit--BASE_UNIT_OF_MEASURE","interaction":{"idSuffix":"inner"}},"wdio_ui5_key":"applicationmanageresources-display-component---newResourceUnit--BASE_UNIT_OF_MEASURE"}]}
RESULT: {"script":"<script> [1562 bytes]","args":[{"selector":{"id":"application-manageresources-display-component---newResourceUnit--BASE_UNIT_OF_MEASURE","interaction":{"idSuffix":"inner"}},"wdio_ui5_key":"applicationmanageresources-display-component---newResourceUnit--BASE_UNIT_OF_MEASURE"}]}
RESULT: undefined
COMMAND: POST /session/918763cbbc85c63b9bd5908a33c44274/execute/async - {"script":"<script> [776 bytes]","args":[{"enterText":"Piece","selector":{"id":"application-manageresources-display-component---newResourceUnit--BASE_UNIT_OF_MEASURE","interaction":{"idSuffix":"inner"}},"clearTextFirst":true,"interactionType":"ENTER_TEXT"}]}
RESULT: {"script":"<script> [776 bytes]","args":[{"enterText":"Piece","selector":{"id":"application-manageresources-display-component---newResourceUnit--BASE_UNIT_OF_MEASURE","interaction":{"idSuffix":"inner"}},"clearTextFirst":true,"interactionType":"ENTER_TEXT"}]}
COMMAND: POST /session/918763cbbc85c63b9bd5908a33c44274/execute/async - {"script":"<script> [1562 bytes]","args":[{"selector":{"id":"application-manageresources-display-component---newResourceUnit--WEIGHT_UNIT","interaction":{"idSuffix":"inner"}},"wdio_ui5_key":"applicationmanageresources-display-component---newResourceUnit--WEIGHT_UNIT"}]}
RESULT: {"script":"<script> [1562 bytes]","args":[{"selector":{"id":"application-manageresources-display-component---newResourceUnit--WEIGHT_UNIT","interaction":{"idSuffix":"inner"}},"wdio_ui5_key":"applicationmanageresources-display-component---newResourceUnit--WEIGHT_UNIT"}]}
RESULT: undefined
COMMAND: POST /session/918763cbbc85c63b9bd5908a33c44274/execute/async - {"script":"<script> [776 bytes]","args":[{"enterText":"Gram","selector":{"id":"application-manageresources-display-component---newResourceUnit--WEIGHT_UNIT","interaction":{"idSuffix":"inner"}},"clearTextFirst":true,"interactionType":"ENTER_TEXT"}]}
RESULT: {"script":"<script> [776 bytes]","args":[{"enterText":"Gram","selector":{"id":"application-manageresources-display-component---newResourceUnit--WEIGHT_UNIT","interaction":{"idSuffix":"inner"}},"clearTextFirst":true,"interactionType":"ENTER_TEXT"}]}
COMMAND: POST /session/918763cbbc85c63b9bd5908a33c44274/execute/async - {"script":"<script> [1562 bytes]","args":[{"selector":{"id":"application-manageresources-display-component---newResourceUnit--newRRUPage-OPHeaderContent-collapseBtn-img"},"wdio_ui5_key":"applicationmanageresources-display-component---newResourceUnit--newRRUPage-OPHeaderContent-collapseBtn-img"}]}
RESULT: {"script":"<script> [1562 bytes]","args":[{"selector":{"id":"application-manageresources-display-component---newResourceUnit--newRRUPage-OPHeaderContent-collapseBtn-img"},"wdio_ui5_key":"applicationmanageresources-display-component---newResourceUnit--newRRUPage-OPHeaderContent-collapseBtn-img"}]}
RESULT: undefined
COMMAND: POST /session/918763cbbc85c63b9bd5908a33c44274/element - {"using":"xpath","value":"//*[@id=\"application-manageresources-display-component---newResourceUnit--newRRUPage-OPHeaderContent-collapseBtn-img\"]"}
RESULT: {"using":"xpath","value":"//*[@id=\"application-manageresources-display-component---newResourceUnit--newRRUPage-OPHeaderContent-collapseBtn-img\"]"}
COMMAND: POST /session/918763cbbc85c63b9bd5908a33c44274/element/f.C58A9DC514FFE328F82A7A8F67B7EF56.d.28D0BB118352CA2FA882A674BEDA83AC.e.7475/click - {}
RESULT: {}
COMMAND: GET /session/918763cbbc85c63b9bd5908a33c44274/screenshot - {}
RESULT: {}
COMMAND: POST /session/918763cbbc85c63b9bd5908a33c44274/element - {"using":"xpath","value":"(//span[contains(@id ,\"application-manageresources-display-component---newResourceUnit--DIMENSION_UNIT-arrow\")])[1]"}
RESULT: {"using":"xpath","value":"(//span[contains(@id ,\"application-manageresources-display-component---newResourceUnit--DIMENSION_UNIT-arrow\")])[1]"}
COMMAND: POST /session/918763cbbc85c63b9bd5908a33c44274/element/f.C58A9DC514FFE328F82A7A8F67B7EF56.d.28D0BB118352CA2FA882A674BEDA83AC.e.7597/click - {}
RESULT: {}
COMMAND: GET /session/918763cbbc85c63b9bd5908a33c44274/screenshot - {}
RESULT: {}
COMMAND: POST /session/918763cbbc85c63b9bd5908a33c44274/execute/async - {"script":"<script> [1562 bytes]","args":[{"selector":{"controlType":"sap.m.StandardListItem","viewName":"reusables.view.manageresources.NewResourceUnit","viewId":"application-manageresources-display-component---newResourceUnit","properties":{"title":"Centimeter"},"searchOpenDialogs":true,"interaction":{"idSuffix":"titleText"}},"wdio_ui5_key":"reusablesview.manageresources.NewResourceUnitsap.m.StandardListItem{\"title\":\"Centimeter\"}"}]}
RESULT: {"script":"<script> [1562 bytes]","args":[{"selector":{"controlType":"sap.m.StandardListItem","viewName":"reusables.view.manageresources.NewResourceUnit","viewId":"application-manageresources-display-component---newResourceUnit","properties":{"title":"Centimeter"},"searchOpenDialogs":true,"interaction":{"idSuffix":"titleText"}},"wdio_ui5_key":"reusablesview.manageresources.NewResourceUnitsap.m.StandardListItem{\"title\":\"Centimeter\"}"}]}
RESULT: undefined
COMMAND: POST /session/918763cbbc85c63b9bd5908a33c44274/element - {"using":"xpath","value":"//*[@id=\"__item182\"]"}
RESULT: {"using":"xpath","value":"//*[@id=\"__item182\"]"}
COMMAND: POST /session/918763cbbc85c63b9bd5908a33c44274/element/f.C58A9DC514FFE328F82A7A8F67B7EF56.d.28D0BB118352CA2FA882A674BEDA83AC.e.7601/click - {}
RESULT: {}
COMMAND: GET /session/918763cbbc85c63b9bd5908a33c44274/screenshot - {}
RESULT: {}
COMMAND: POST /session/918763cbbc85c63b9bd5908a33c44274/execute/async - {"script":"<script> [1562 bytes]","args":[{"selector":{"id":"application-manageresources-display-component---newResourceUnit--newRRUPage-anchBar-application-manageresources-display-component---newResourceUnit--control-anchor","interaction":{"idSuffix":"BDI-content"}},"wdio_ui5_key":"applicationmanageresources-display-component---newResourceUnit--newRRUPage-anchBar-application-manageresources-display-component---newResourceUnit--control-anchor"}]}
RESULT: {"script":"<script> [1562 bytes]","args":[{"selector":{"id":"application-manageresources-display-component---newResourceUnit--newRRUPage-anchBar-application-manageresources-display-component---newResourceUnit--control-anchor","interaction":{"idSuffix":"BDI-content"}},"wdio_ui5_key":"applicationmanageresources-display-component---newResourceUnit--newRRUPage-anchBar-application-manageresources-display-component---newResourceUnit--control-anchor"}]}
RESULT: undefined
COMMAND: POST /session/918763cbbc85c63b9bd5908a33c44274/element - {"using":"xpath","value":"//*[@id=\"application-manageresources-display-component---newResourceUnit--newRRUPage-anchBar-application-manageresources-display-component---newResourceUnit--control-anchor\"]"}
RESULT: {"using":"xpath","value":"//*[@id=\"application-manageresources-display-component---newResourceUnit--newRRUPage-anchBar-application-manageresources-display-component---newResourceUnit--control-anchor\"]"}
COMMAND: POST /session/918763cbbc85c63b9bd5908a33c44274/element/f.C58A9DC514FFE328F82A7A8F67B7EF56.d.28D0BB118352CA2FA882A674BEDA83AC.e.7603/click - {}
RESULT: {}
COMMAND: POST /session/918763cbbc85c63b9bd5908a33c44274/execute/async - {"script":"<script> [1562 bytes]","args":[{"selector":{"id":"application-manageresources-display-component---newResourceUnit--PLANNING_GROUP","interaction":{"idSuffix":"inner"}},"wdio_ui5_key":"applicationmanageresources-display-component---newResourceUnit--PLANNING_GROUP"}]}
COMMAND: GET /session/918763cbbc85c63b9bd5908a33c44274/screenshot - {}
RESULT: {"script":"<script> [1562 bytes]","args":[{"selector":{"id":"application-manageresources-display-component---newResourceUnit--PLANNING_GROUP","interaction":{"idSuffix":"inner"}},"wdio_ui5_key":"applicationmanageresources-display-component---newResourceUnit--PLANNING_GROUP"}]}
RESULT: undefined
COMMAND: POST /session/918763cbbc85c63b9bd5908a33c44274/execute/async - {"script":"<script> [776 bytes]","args":[{"enterText":"Heavy Equi","selector":{"id":"application-manageresources-display-component---newResourceUnit--PLANNING_GROUP","interaction":{"idSuffix":"inner"}},"clearTextFirst":true,"interactionType":"ENTER_TEXT"}]}
RESULT: {}
RESULT: {"script":"<script> [776 bytes]","args":[{"enterText":"Heavy Equi","selector":{"id":"application-manageresources-display-component---newResourceUnit--PLANNING_GROUP","interaction":{"idSuffix":"inner"}},"clearTextFirst":true,"interactionType":"ENTER_TEXT"}]}
COMMAND: POST /session/918763cbbc85c63b9bd5908a33c44274/execute/async - {"script":"<script> [1562 bytes]","args":[{"selector":{"id":"application-manageresources-display-component---newResourceUnit--ITEM_TYPE-arrow"},"wdio_ui5_key":"applicationmanageresources-display-component---newResourceUnit--ITEM_TYPE-arrow"}]}
RESULT: {"script":"<script> [1562 bytes]","args":[{"selector":{"id":"application-manageresources-display-component---newResourceUnit--ITEM_TYPE-arrow"},"wdio_ui5_key":"applicationmanageresources-display-component---newResourceUnit--ITEM_TYPE-arrow"}]}
RESULT: undefined
COMMAND: POST /session/918763cbbc85c63b9bd5908a33c44274/element - {"using":"xpath","value":"//*[@id=\"application-manageresources-display-component---newResourceUnit--ITEM_TYPE-arrow\"]"}
RESULT: {"using":"xpath","value":"//*[@id=\"application-manageresources-display-component---newResourceUnit--ITEM_TYPE-arrow\"]"}
COMMAND: POST /session/918763cbbc85c63b9bd5908a33c44274/element/f.C58A9DC514FFE328F82A7A8F67B7EF56.d.28D0BB118352CA2FA882A674BEDA83AC.e.7610/click - {}
RESULT: {}
COMMAND: POST /session/918763cbbc85c63b9bd5908a33c44274/execute/async - {"script":"<script> [1562 bytes]","args":[{"selector":{"controlType":"sap.m.StandardListItem","viewName":"reusables.view.manageresources.NewResourceUnit","viewId":"application-manageresources-display-component---newResourceUnit","properties":{"title":"Resource Unit"},"searchOpenDialogs":true,"interaction":{"idSuffix":"titleText"}},"wdio_ui5_key":"reusablesview.manageresources.NewResourceUnitsap.m.StandardListItem{\"title\":\"Resource Unit\"}"}]}
COMMAND: GET /session/918763cbbc85c63b9bd5908a33c44274/screenshot - {}
RESULT: {"script":"<script> [1562 bytes]","args":[{"selector":{"controlType":"sap.m.StandardListItem","viewName":"reusables.view.manageresources.NewResourceUnit","viewId":"application-manageresources-display-component---newResourceUnit","properties":{"title":"Resource Unit"},"searchOpenDialogs":true,"interaction":{"idSuffix":"titleText"}},"wdio_ui5_key":"reusablesview.manageresources.NewResourceUnitsap.m.StandardListItem{\"title\":\"Resource Unit\"}"}]}
RESULT: undefined
COMMAND: POST /session/918763cbbc85c63b9bd5908a33c44274/element - {"using":"xpath","value":"//*[@id=\"__item204\"]"}
RESULT: {}
RESULT: {"using":"xpath","value":"//*[@id=\"__item204\"]"}
COMMAND: POST /session/918763cbbc85c63b9bd5908a33c44274/element/f.C58A9DC514FFE328F82A7A8F67B7EF56.d.28D0BB118352CA2FA882A674BEDA83AC.e.7612/click - {}
RESULT: {}
COMMAND: POST /session/918763cbbc85c63b9bd5908a33c44274/element - {"using":"xpath","value":"//bdi[contains(text(), \"Time Segment\")]"}
COMMAND: GET /session/918763cbbc85c63b9bd5908a33c44274/screenshot - {}
RESULT: {"using":"xpath","value":"//bdi[contains(text(), \"Time Segment\")]"}
COMMAND: GET /session/918763cbbc85c63b9bd5908a33c44274/element/f.C58A9DC514FFE328F82A7A8F67B7EF56.d.28D0BB118352CA2FA882A674BEDA83AC.e.7613/rect - {}
RESULT: {}
RESULT: {}
COMMAND: GET /session/918763cbbc85c63b9bd5908a33c44274/window/rect - {}
RESULT: {}
COMMAND: POST /session/918763cbbc85c63b9bd5908a33c44274/execute/sync - {"script":"<script> [92 bytes]","args":[]}
RESULT: {"script":"<script> [92 bytes]","args":[]}
COMMAND: POST /session/918763cbbc85c63b9bd5908a33c44274/actions - {"actions":[{"id":"action21","type":"wheel","parameters":{},"actions":[{"type":"scroll","x":-1820,"y":-21,"deltaX":0,"deltaY":0,"duration":0,"origin":{"element-6066-11e4-a52e-4f735466cecf":"f.C58A9DC514FFE328F82A7A8F67B7EF56.d.28D0BB118352CA2FA882A674BEDA83AC.e.7613"}}]}]}
COMMAND: GET /session/918763cbbc85c63b9bd5908a33c44274/screenshot - {}
RESULT: {}
COMMAND: POST /session/918763cbbc85c63b9bd5908a33c44274/execute/sync - {"script":"<script> [79 bytes]","args":[{"element-6066-11e4-a52e-4f735466cecf":"f.C58A9DC514FFE328F82A7A8F67B7EF56.d.28D0BB118352CA2FA882A674BEDA83AC.e.7613","ELEMENT":"f.C58A9DC514FFE328F82A7A8F67B7EF56.d.28D0BB118352CA2FA882A674BEDA83AC.e.7613"},{"block":"start","inline":"nearest"}]}
RESULT: {"script":"<script> [79 bytes]","args":[{"element-6066-11e4-a52e-4f735466cecf":"f.C58A9DC514FFE328F82A7A8F67B7EF56.d.28D0BB118352CA2FA882A674BEDA83AC.e.7613","ELEMENT":"f.C58A9DC514FFE328F82A7A8F67B7EF56.d.28D0BB118352CA2FA882A674BEDA83AC.e.7613"},{"block":"start","inline":"nearest"}]}
COMMAND: POST /session/918763cbbc85c63b9bd5908a33c44274/execute/async - {"script":"<script> [1562 bytes]","args":[{"selector":{"id":"application-manageresources-display-component---newResourceUnit--btnAddTimeSegment-img"},"wdio_ui5_key":"applicationmanageresources-display-component---newResourceUnit--btnAddTimeSegment-img"}]}
COMMAND: GET /session/918763cbbc85c63b9bd5908a33c44274/screenshot - {}
RESULT: {"script":"<script> [1562 bytes]","args":[{"selector":{"id":"application-manageresources-display-component---newResourceUnit--btnAddTimeSegment-img"},"wdio_ui5_key":"applicationmanageresources-display-component---newResourceUnit--btnAddTimeSegment-img"}]}
RESULT: undefined
COMMAND: POST /session/918763cbbc85c63b9bd5908a33c44274/element - {"using":"xpath","value":"//*[@id=\"application-manageresources-display-component---newResourceUnit--btnAddTimeSegment-img\"]"}
RESULT: {}
RESULT: {"using":"xpath","value":"//*[@id=\"application-manageresources-display-component---newResourceUnit--btnAddTimeSegment-img\"]"}
COMMAND: POST /session/918763cbbc85c63b9bd5908a33c44274/element/f.C58A9DC514FFE328F82A7A8F67B7EF56.d.28D0BB118352CA2FA882A674BEDA83AC.e.7616/click - {}
RESULT: {}
COMMAND: POST /session/918763cbbc85c63b9bd5908a33c44274/element - {"using":"xpath","value":"//input[@id=\"application-manageresources-display-component---newResourceUnit--idRuTSAdmin-application-manageresources-display-component---newResourceUnit--RUTimeSegment-0-inner\"]"}
COMMAND: GET /session/918763cbbc85c63b9bd5908a33c44274/screenshot - {}
RESULT: {"using":"xpath","value":"//input[@id=\"application-manageresources-display-component---newResourceUnit--idRuTSAdmin-application-manageresources-display-component---newResourceUnit--RUTimeSegment-0-inner\"]"}
COMMAND: POST /session/918763cbbc85c63b9bd5908a33c44274/element/f.C58A9DC514FFE328F82A7A8F67B7EF56.d.28D0BB118352CA2FA882A674BEDA83AC.e.7620/clear - {}
RESULT: {}
RESULT: {}
COMMAND: POST /session/918763cbbc85c63b9bd5908a33c44274/element/f.C58A9DC514FFE328F82A7A8F67B7EF56.d.28D0BB118352CA2FA882A674BEDA83AC.e.7620/value - {"text":"Webdriver Yard"}
COMMAND: GET /session/918763cbbc85c63b9bd5908a33c44274/screenshot - {}
RESULT: {"text":"Webdriver Yard"}
COMMAND: GET /session/918763cbbc85c63b9bd5908a33c44274/screenshot - {}
RESULT: {}
RESULT: {}
COMMAND: POST /session/918763cbbc85c63b9bd5908a33c44274/actions - {"actions":[{"id":"action22","type":"key","parameters":{},"actions":[{"type":"keyDown","value":"î€‡"},{"type":"pause","duration":10},{"type":"keyUp","value":"î€‡"}]}]}
RESULT: {"actions":[{"id":"action22","type":"key","parameters":{},"actions":[{"type":"keyDown","value":"î€‡"},{"type":"pause","duration":10},{"type":"keyUp","value":"î€‡"}]}]}
COMMAND: POST /session/918763cbbc85c63b9bd5908a33c44274/execute/async - {"script":"<script> [1562 bytes]","args":[{"selector":{"controlType":"sap.ui.core.Icon","viewName":"reusables.view.manageresources.NewResourceUnit","viewId":"application-manageresources-display-component---newResourceUnit","properties":{"src":{"regex":{"source":"slim\\-arrow\\-down"}}},"ancestor":{"controlType":"sap.m.ComboBox","viewName":"reusables.view.manageresources.NewResourceUnit","viewId":"application-manageresources-display-component---newResourceUnit","bindingPath":{"path":"/RESOURCE_UNIT_TIME_SEQUENCES/0","propertyPath":"COST_OBJECT_ADMIN_CST_TYPE","modelName":"oNewRruModel"}}},"wdio_ui5_key":"reusablesview.manageresources.NewResourceUnitsap.ui.core.Icon{\"src\":{\"regex\":{\"source\":\"slim\\\\-arrow\\\\-down\"}}}{\"controlType\":\"sap.m.ComboBox\",\"viewName\":\"reusables.view.manageresources.NewResourceUnit\",\"viewId\":\"application-manageresources-display-component---newResourceUnit\",\"bindingPath\":{\"path\":\"/RESOURCE_UNIT_TIME_SEQUENCES/0\",\"propertyPath\":\"COST_OBJECT_ADMIN_CST_TYPE\",\"modelName\":\"oNewRruModel\"}}"}]}
COMMAND: GET /session/918763cbbc85c63b9bd5908a33c44274/screenshot - {}
RESULT: {"script":"<script> [1562 bytes]","args":[{"selector":{"controlType":"sap.ui.core.Icon","viewName":"reusables.view.manageresources.NewResourceUnit","viewId":"application-manageresources-display-component---newResourceUnit","properties":{"src":{"regex":{"source":"slim\\-arrow\\-down"}}},"ancestor":{"controlType":"sap.m.ComboBox","viewName":"reusables.view.manageresources.NewResourceUnit","viewId":"application-manageresources-display-component---newResourceUnit","bindingPath":{"path":"/RESOURCE_UNIT_TIME_SEQUENCES/0","propertyPath":"COST_OBJECT_ADMIN_CST_TYPE","modelName":"oNewRruModel"}}},"wdio_ui5_key":"reusablesview.manageresources.NewResourceUnitsap.ui.core.Icon{\"src\":{\"regex\":{\"source\":\"slim\\\\-arrow\\\\-down\"}}}{\"controlType\":\"sap.m.ComboBox\",\"viewName\":\"reusables.view.manageresources.NewResourceUnit\",\"viewId\":\"application-manageresources-display-component---newResourceUnit\",\"bindingPath\":{\"path\":\"/RESOURCE_UNIT_TIME_SEQUENCES/0\",\"propertyPath\":\"COST_OBJECT_ADMIN_CST_TYPE\",\"modelName\":\"oNewRruModel\"}}"}]}
RESULT: undefined
COMMAND: POST /session/918763cbbc85c63b9bd5908a33c44274/element - {"using":"xpath","value":"//*[@id=\"__box4-application-manageresources-display-component---newResourceUnit--RUTimeSegment-0-arrow\"]"}
RESULT: {}
RESULT: {"using":"xpath","value":"//*[@id=\"__box4-application-manageresources-display-component---newResourceUnit--RUTimeSegment-0-arrow\"]"}
COMMAND: POST /session/918763cbbc85c63b9bd5908a33c44274/element/f.C58A9DC514FFE328F82A7A8F67B7EF56.d.28D0BB118352CA2FA882A674BEDA83AC.e.7636/click - {}
RESULT: {}
COMMAND: POST /session/918763cbbc85c63b9bd5908a33c44274/execute/async - {"script":"<script> [1562 bytes]","args":[{"selector":{"controlType":"sap.m.StandardListItem","viewName":"reusables.view.manageresources.NewResourceUnit","viewId":"application-manageresources-display-component---newResourceUnit","properties":{"title":"PM Order"},"searchOpenDialogs":true,"interaction":{"idSuffix":"titleText"}},"wdio_ui5_key":"reusablesview.manageresources.NewResourceUnitsap.m.StandardListItem{\"title\":\"PM Order\"}"}]}
COMMAND: GET /session/918763cbbc85c63b9bd5908a33c44274/screenshot - {}
RESULT: {"script":"<script> [1562 bytes]","args":[{"selector":{"controlType":"sap.m.StandardListItem","viewName":"reusables.view.manageresources.NewResourceUnit","viewId":"application-manageresources-display-component---newResourceUnit","properties":{"title":"PM Order"},"searchOpenDialogs":true,"interaction":{"idSuffix":"titleText"}},"wdio_ui5_key":"reusablesview.manageresources.NewResourceUnitsap.m.StandardListItem{\"title\":\"PM Order\"}"}]}
RESULT: undefined
COMMAND: POST /session/918763cbbc85c63b9bd5908a33c44274/element - {"using":"xpath","value":"//*[@id=\"__item1268\"]"}
RESULT: {}
RESULT: {"using":"xpath","value":"//*[@id=\"__item1268\"]"}
COMMAND: POST /session/918763cbbc85c63b9bd5908a33c44274/element/f.C58A9DC514FFE328F82A7A8F67B7EF56.d.28D0BB118352CA2FA882A674BEDA83AC.e.7640/click - {}
RESULT: {}
COMMAND: GET /session/918763cbbc85c63b9bd5908a33c44274/screenshot - {}
RESULT: {}
COMMAND: POST /session/918763cbbc85c63b9bd5908a33c44274/element - {"using":"xpath","value":"(//input[contains(@id ,\"-application-manageresources-display-component---newResourceUnit--RUTimeSegment-0-inner\")])[8]"}
RESULT: {"using":"xpath","value":"(//input[contains(@id ,\"-application-manageresources-display-component---newResourceUnit--RUTimeSegment-0-inner\")])[8]"}
COMMAND: POST /session/918763cbbc85c63b9bd5908a33c44274/element/f.C58A9DC514FFE328F82A7A8F67B7EF56.d.28D0BB118352CA2FA882A674BEDA83AC.e.7643/clear - {}
RESULT: {}
COMMAND: POST /session/918763cbbc85c63b9bd5908a33c44274/element/f.C58A9DC514FFE328F82A7A8F67B7EF56.d.28D0BB118352CA2FA882A674BEDA83AC.e.7643/value - {"text":"4000360"}
COMMAND: GET /session/918763cbbc85c63b9bd5908a33c44274/screenshot - {}
RESULT: {"text":"4000360"}
COMMAND: GET /session/918763cbbc85c63b9bd5908a33c44274/screenshot - {}
RESULT: {}
RESULT: {}
COMMAND: POST /session/918763cbbc85c63b9bd5908a33c44274/actions - {"actions":[{"id":"action23","type":"key","parameters":{},"actions":[{"type":"keyDown","value":"î€‡"},{"type":"pause","duration":10},{"type":"keyUp","value":"î€‡"}]}]}
RESULT: {"actions":[{"id":"action23","type":"key","parameters":{},"actions":[{"type":"keyDown","value":"î€‡"},{"type":"pause","duration":10},{"type":"keyUp","value":"î€‡"}]}]}
COMMAND: GET /session/918763cbbc85c63b9bd5908a33c44274/screenshot - {}
RESULT: {}
COMMAND: POST /session/918763cbbc85c63b9bd5908a33c44274/execute/async - {"script":"<script> [1562 bytes]","args":[{"selector":{"id":"application-manageresources-display-component---newResourceUnit--newTimeSegmentDateRangePicker-application-manageresources-display-component---newResourceUnit--RUTimeSegment-0","interaction":{"idSuffix":"inner"}},"wdio_ui5_key":"applicationmanageresources-display-component---newResourceUnit--newTimeSegmentDateRangePicker-application-manageresources-display-component---newResourceUnit--RUTimeSegment-0"}]}
RESULT: {"script":"<script> [1562 bytes]","args":[{"selector":{"id":"application-manageresources-display-component---newResourceUnit--newTimeSegmentDateRangePicker-application-manageresources-display-component---newResourceUnit--RUTimeSegment-0","interaction":{"idSuffix":"inner"}},"wdio_ui5_key":"applicationmanageresources-display-component---newResourceUnit--newTimeSegmentDateRangePicker-application-manageresources-display-component---newResourceUnit--RUTimeSegment-0"}]}
RESULT: undefined
COMMAND: POST /session/918763cbbc85c63b9bd5908a33c44274/execute/async - {"script":"<script> [1562 bytes]","args":[{"selector":{"id":"application-manageresources-display-component---newResourceUnit--newRRUPage-anchBar-application-manageresources-display-component---newResourceUnit--resource-anchor","interaction":{"idSuffix":"BDI-content"}},"wdio_ui5_key":"applicationmanageresources-display-component---newResourceUnit--newRRUPage-anchBar-application-manageresources-display-component---newResourceUnit--resource-anchor"}]}
RESULT: {"script":"<script> [1562 bytes]","args":[{"selector":{"id":"application-manageresources-display-component---newResourceUnit--newRRUPage-anchBar-application-manageresources-display-component---newResourceUnit--resource-anchor","interaction":{"idSuffix":"BDI-content"}},"wdio_ui5_key":"applicationmanageresources-display-component---newResourceUnit--newRRUPage-anchBar-application-manageresources-display-component---newResourceUnit--resource-anchor"}]}
RESULT: undefined
COMMAND: POST /session/918763cbbc85c63b9bd5908a33c44274/element - {"using":"xpath","value":"//*[@id=\"application-manageresources-display-component---newResourceUnit--newRRUPage-anchBar-application-manageresources-display-component---newResourceUnit--resource-anchor\"]"}
RESULT: {"using":"xpath","value":"//*[@id=\"application-manageresources-display-component---newResourceUnit--newRRUPage-anchBar-application-manageresources-display-component---newResourceUnit--resource-anchor\"]"}
COMMAND: POST /session/918763cbbc85c63b9bd5908a33c44274/element/f.C58A9DC514FFE328F82A7A8F67B7EF56.d.28D0BB118352CA2FA882A674BEDA83AC.e.7662/click - {}
RESULT: {}
COMMAND: POST /session/918763cbbc85c63b9bd5908a33c44274/execute/async - {"script":"<script> [1562 bytes]","args":[{"selector":{"id":"application-manageresources-display-component---newResourceUnit--PLANNED_DELIVERY_DATE","interaction":{"idSuffix":"inner"}},"wdio_ui5_key":"applicationmanageresources-display-component---newResourceUnit--PLANNED_DELIVERY_DATE"}]}
COMMAND: GET /session/918763cbbc85c63b9bd5908a33c44274/screenshot - {}
RESULT: {"script":"<script> [1562 bytes]","args":[{"selector":{"id":"application-manageresources-display-component---newResourceUnit--PLANNED_DELIVERY_DATE","interaction":{"idSuffix":"inner"}},"wdio_ui5_key":"applicationmanageresources-display-component---newResourceUnit--PLANNED_DELIVERY_DATE"}]}
RESULT: undefined
COMMAND: POST /session/918763cbbc85c63b9bd5908a33c44274/execute/async - {"script":"<script> [6424 bytes]","args":[{"element-6066-11e4-a52e-4f735466cecf":"f.C58A9DC514FFE328F82A7A8F67B7EF56.d.28D0BB118352CA2FA882A674BEDA83AC.e.7520"},"setValue",["06/07/24"]]}
RESULT: {}
RESULT: {"script":"<script> [6424 bytes]","args":[{"element-6066-11e4-a52e-4f735466cecf":"f.C58A9DC514FFE328F82A7A8F67B7EF56.d.28D0BB118352CA2FA882A674BEDA83AC.e.7520"},"setValue",["06/07/24"]]}
COMMAND: POST /session/918763cbbc85c63b9bd5908a33c44274/execute/async - {"script":"<script> [1562 bytes]","args":[{"selector":{"controlType":"sap.m.Button","viewName":"reusables.view.manageresources.NewResourceUnit","viewId":"application-manageresources-display-component---newResourceUnit","i18NText":{"propertyName":"tooltip","key":"save"},"interaction":{"idSuffix":"BDI-content"}},"wdio_ui5_key":"reusablesview.manageresources.NewResourceUnitsap.m.Button{\"propertyName\":\"tooltip\",\"key\":\"save\"}"}]}
RESULT: {"script":"<script> [1562 bytes]","args":[{"selector":{"controlType":"sap.m.Button","viewName":"reusables.view.manageresources.NewResourceUnit","viewId":"application-manageresources-display-component---newResourceUnit","i18NText":{"propertyName":"tooltip","key":"save"},"interaction":{"idSuffix":"BDI-content"}},"wdio_ui5_key":"reusablesview.manageresources.NewResourceUnitsap.m.Button{\"propertyName\":\"tooltip\",\"key\":\"save\"}"}]}
RESULT: undefined
COMMAND: POST /session/918763cbbc85c63b9bd5908a33c44274/element - {"using":"xpath","value":"//*[@id=\"application-manageresources-display-component---newResourceUnit--createRuButton\"]"}
RESULT: {"using":"xpath","value":"//*[@id=\"application-manageresources-display-component---newResourceUnit--createRuButton\"]"}
COMMAND: POST /session/918763cbbc85c63b9bd5908a33c44274/element/f.C58A9DC514FFE328F82A7A8F67B7EF56.d.28D0BB118352CA2FA882A674BEDA83AC.e.7481/click - {}
RESULT: {}
COMMAND: GET /session/918763cbbc85c63b9bd5908a33c44274/screenshot - {}
RESULT: {}
COMMAND: POST /session/918763cbbc85c63b9bd5908a33c44274/execute/async - {"script":"<script> [1562 bytes]","args":[{"selector":{"controlType":"sap.m.Button","properties":{"text":"Close"},"searchOpenDialogs":true,"interaction":{"idSuffix":"inner"}},"wdio_ui5_key":"sapm.Button{\"text\":\"Close\"}"}]}
RESULT: {"script":"<script> [1562 bytes]","args":[{"selector":{"controlType":"sap.m.Button","properties":{"text":"Close"},"searchOpenDialogs":true,"interaction":{"idSuffix":"inner"}},"wdio_ui5_key":"sapm.Button{\"text\":\"Close\"}"}]}
RESULT: undefined
COMMAND: POST /session/918763cbbc85c63b9bd5908a33c44274/element - {"using":"xpath","value":"//*[@id=\"__mbox-btn-0\"]"}
RESULT: {"using":"xpath","value":"//*[@id=\"__mbox-btn-0\"]"}
COMMAND: POST /session/918763cbbc85c63b9bd5908a33c44274/element/f.C58A9DC514FFE328F82A7A8F67B7EF56.d.28D0BB118352CA2FA882A674BEDA83AC.e.7670/click - {}
RESULT: {}
COMMAND: GET /session/918763cbbc85c63b9bd5908a33c44274/screenshot - {}
COMMAND: POST /session/918763cbbc85c63b9bd5908a33c44274/execute/async - {"script":"<script> [1562 bytes]","args":[{"selector":{"controlType":"sap.m.Text","viewName":"etm.portal.ui.manageresources.view.Detail","viewId":"application-manageresources-display-component---detailRU","bindingPath":{"propertyPath":"ID","modelName":"catalogModel"}},"wdio_ui5_key":"etmportal.ui.manageresources.view.Detailsap.m.Text{\"propertyPath\":\"ID\",\"modelName\":\"catalogModel\"}"}]}
RESULT: {}
RESULT: {"script":"<script> [1562 bytes]","args":[{"selector":{"controlType":"sap.m.Text","viewName":"etm.portal.ui.manageresources.view.Detail","viewId":"application-manageresources-display-component---detailRU","bindingPath":{"propertyPath":"ID","modelName":"catalogModel"}},"wdio_ui5_key":"etmportal.ui.manageresources.view.Detailsap.m.Text{\"propertyPath\":\"ID\",\"modelName\":\"catalogModel\"}"}]}
RESULT: undefined
COMMAND: POST /session/918763cbbc85c63b9bd5908a33c44274/execute/async - {"script":"<script> [6424 bytes]","args":[{"element-6066-11e4-a52e-4f735466cecf":"f.C58A9DC514FFE328F82A7A8F67B7EF56.d.28D0BB118352CA2FA882A674BEDA83AC.e.7730"},"getText",[]]}
RESULT: {"script":"<script> [6424 bytes]","args":[{"element-6066-11e4-a52e-4f735466cecf":"f.C58A9DC514FFE328F82A7A8F67B7EF56.d.28D0BB118352CA2FA882A674BEDA83AC.e.7730"},"getText",[]]}
COMMAND: POST /session/918763cbbc85c63b9bd5908a33c44274/element - {"using":"xpath","value":"//bdi[text()=\"Edit\"]"}
RESULT: {"using":"xpath","value":"//bdi[text()=\"Edit\"]"}
COMMAND: GET /session/918763cbbc85c63b9bd5908a33c44274/element/f.C58A9DC514FFE328F82A7A8F67B7EF56.d.28D0BB118352CA2FA882A674BEDA83AC.e.7731/enabled - {}
RESULT: {}
COMMAND: POST /session/918763cbbc85c63b9bd5908a33c44274/execute/sync - {"script":"<script> [8489 bytes]","args":[{"element-6066-11e4-a52e-4f735466cecf":"f.C58A9DC514FFE328F82A7A8F67B7EF56.d.28D0BB118352CA2FA882A674BEDA83AC.e.7731","ELEMENT":"f.C58A9DC514FFE328F82A7A8F67B7EF56.d.28D0BB118352CA2FA882A674BEDA83AC.e.7731"}]}
COMMAND: GET /session/918763cbbc85c63b9bd5908a33c44274/screenshot - {}
RESULT: {"script":"<script> [8489 bytes]","args":[{"element-6066-11e4-a52e-4f735466cecf":"f.C58A9DC514FFE328F82A7A8F67B7EF56.d.28D0BB118352CA2FA882A674BEDA83AC.e.7731","ELEMENT":"f.C58A9DC514FFE328F82A7A8F67B7EF56.d.28D0BB118352CA2FA882A674BEDA83AC.e.7731"}]}
COMMAND: POST /session/918763cbbc85c63b9bd5908a33c44274/execute/sync - {"script":"<script> [5351 bytes]","args":[{"element-6066-11e4-a52e-4f735466cecf":"f.C58A9DC514FFE328F82A7A8F67B7EF56.d.28D0BB118352CA2FA882A674BEDA83AC.e.7731","ELEMENT":"f.C58A9DC514FFE328F82A7A8F67B7EF56.d.28D0BB118352CA2FA882A674BEDA83AC.e.7731"}]}
COMMAND: GET /session/918763cbbc85c63b9bd5908a33c44274/screenshot - {}
RESULT: {}
RESULT: {"script":"<script> [5351 bytes]","args":[{"element-6066-11e4-a52e-4f735466cecf":"f.C58A9DC514FFE328F82A7A8F67B7EF56.d.28D0BB118352CA2FA882A674BEDA83AC.e.7731","ELEMENT":"f.C58A9DC514FFE328F82A7A8F67B7EF56.d.28D0BB118352CA2FA882A674BEDA83AC.e.7731"}]}
COMMAND: POST /session/918763cbbc85c63b9bd5908a33c44274/element/f.C58A9DC514FFE328F82A7A8F67B7EF56.d.28D0BB118352CA2FA882A674BEDA83AC.e.7731/click - {}
COMMAND: GET /session/918763cbbc85c63b9bd5908a33c44274/screenshot - {}
RESULT: {}
RESULT: {}
COMMAND: GET /session/918763cbbc85c63b9bd5908a33c44274/screenshot - {}
RESULT: {}
RESULT: {}
COMMAND: POST /session/918763cbbc85c63b9bd5908a33c44274/element - {"using":"xpath","value":"//bdi[@id=\"application-manageresources-display-component---editResource--editRruPage-anchBar-application-manageresources-display-component---editResource--counters-anchor-BDI-content\"]"}
RESULT: {"using":"xpath","value":"//bdi[@id=\"application-manageresources-display-component---editResource--editRruPage-anchBar-application-manageresources-display-component---editResource--counters-anchor-BDI-content\"]"}
COMMAND: POST /session/918763cbbc85c63b9bd5908a33c44274/execute/sync - {"script":"<script> [8489 bytes]","args":[{"element-6066-11e4-a52e-4f735466cecf":"f.C58A9DC514FFE328F82A7A8F67B7EF56.d.28D0BB118352CA2FA882A674BEDA83AC.e.7833","ELEMENT":"f.C58A9DC514FFE328F82A7A8F67B7EF56.d.28D0BB118352CA2FA882A674BEDA83AC.e.7833"}]}
RESULT: {"script":"<script> [8489 bytes]","args":[{"element-6066-11e4-a52e-4f735466cecf":"f.C58A9DC514FFE328F82A7A8F67B7EF56.d.28D0BB118352CA2FA882A674BEDA83AC.e.7833","ELEMENT":"f.C58A9DC514FFE328F82A7A8F67B7EF56.d.28D0BB118352CA2FA882A674BEDA83AC.e.7833"}]}
COMMAND: POST /session/918763cbbc85c63b9bd5908a33c44274/element/f.C58A9DC514FFE328F82A7A8F67B7EF56.d.28D0BB118352CA2FA882A674BEDA83AC.e.7833/click - {}
COMMAND: GET /session/918763cbbc85c63b9bd5908a33c44274/screenshot - {}
RESULT: {}
COMMAND: POST /session/918763cbbc85c63b9bd5908a33c44274/element - {"using":"xpath","value":"//bdi[@id=\"application-manageresources-display-component---editResource--editRruPage-anchBar-application-manageresources-display-component---editResource--counters-anchor-BDI-content\"]"}
RESULT: {"using":"xpath","value":"//bdi[@id=\"application-manageresources-display-component---editResource--editRruPage-anchBar-application-manageresources-display-component---editResource--counters-anchor-BDI-content\"]"}
COMMAND: POST /session/918763cbbc85c63b9bd5908a33c44274/element/f.C58A9DC514FFE328F82A7A8F67B7EF56.d.28D0BB118352CA2FA882A674BEDA83AC.e.7833/click - {}
COMMAND: POST /session/918763cbbc85c63b9bd5908a33c44274/element - {"using":"xpath","value":"//bdi[@id=\"application-manageresources-display-component---editResource--editRruPage-anchBar-application-manageresources-display-component---editResource--counters-anchor-BDI-content\"]"}
RESULT: {"using":"xpath","value":"//bdi[@id=\"application-manageresources-display-component---editResource--editRruPage-anchBar-application-manageresources-display-component---editResource--counters-anchor-BDI-content\"]"}
COMMAND: POST /session/918763cbbc85c63b9bd5908a33c44274/element/f.C58A9DC514FFE328F82A7A8F67B7EF56.d.28D0BB118352CA2FA882A674BEDA83AC.e.7844/click - {}
RESULT: {}
COMMAND: GET /session/918763cbbc85c63b9bd5908a33c44274/screenshot - {}
RESULT: {}
COMMAND: POST /session/918763cbbc85c63b9bd5908a33c44274/execute/async - {"script":"<script> [1562 bytes]","args":[{"selector":{"id":"application-manageresources-display-component---editResource--btnAddCounter-img"},"wdio_ui5_key":"applicationmanageresources-display-component---editResource--btnAddCounter-img"}]}
RESULT: {"script":"<script> [1562 bytes]","args":[{"selector":{"id":"application-manageresources-display-component---editResource--btnAddCounter-img"},"wdio_ui5_key":"applicationmanageresources-display-component---editResource--btnAddCounter-img"}]}
RESULT: undefined
COMMAND: POST /session/918763cbbc85c63b9bd5908a33c44274/element - {"using":"xpath","value":"//*[@id=\"application-manageresources-display-component---editResource--btnAddCounter-img\"]"}
RESULT: {"using":"xpath","value":"//*[@id=\"application-manageresources-display-component---editResource--btnAddCounter-img\"]"}
COMMAND: POST /session/918763cbbc85c63b9bd5908a33c44274/element/f.C58A9DC514FFE328F82A7A8F67B7EF56.d.28D0BB118352CA2FA882A674BEDA83AC.e.7879/click - {}
RESULT: {}
COMMAND: GET /session/918763cbbc85c63b9bd5908a33c44274/screenshot - {}
RESULT: {}
COMMAND: POST /session/918763cbbc85c63b9bd5908a33c44274/execute/async - {"script":"<script> [1562 bytes]","args":[{"selector":{"id":"application-manageresources-display-component---editResource--HAND_OVER_TYPE-application-manageresources-display-component---editResource--RUCounters-0","interaction":{"idSuffix":"CbBg"}},"wdio_ui5_key":"applicationmanageresources-display-component---editResource--HAND_OVER_TYPE-application-manageresources-display-component---editResource--RUCounters-0"}]}
RESULT: {"script":"<script> [1562 bytes]","args":[{"selector":{"id":"application-manageresources-display-component---editResource--HAND_OVER_TYPE-application-manageresources-display-component---editResource--RUCounters-0","interaction":{"idSuffix":"CbBg"}},"wdio_ui5_key":"applicationmanageresources-display-component---editResource--HAND_OVER_TYPE-application-manageresources-display-component---editResource--RUCounters-0"}]}
RESULT: undefined
COMMAND: POST /session/918763cbbc85c63b9bd5908a33c44274/element - {"using":"xpath","value":"//*[@id=\"application-manageresources-display-component---editResource--HAND_OVER_TYPE-application-manageresources-display-component---editResource--RUCounters-0\"]"}
RESULT: {"using":"xpath","value":"//*[@id=\"application-manageresources-display-component---editResource--HAND_OVER_TYPE-application-manageresources-display-component---editResource--RUCounters-0\"]"}
COMMAND: POST /session/918763cbbc85c63b9bd5908a33c44274/element/f.C58A9DC514FFE328F82A7A8F67B7EF56.d.28D0BB118352CA2FA882A674BEDA83AC.e.7884/click - {}
RESULT: {}
COMMAND: POST /session/918763cbbc85c63b9bd5908a33c44274/execute/async - {"script":"<script> [1562 bytes]","args":[{"selector":{"controlType":"sap.m.Button","viewName":"etm.portal.ui.manageresources.view.EditResource","viewId":"application-manageresources-display-component---editResource","i18NText":{"propertyName":"text","key":"save"},"interaction":{"idSuffix":"BDI-content"}},"wdio_ui5_key":"etmportal.ui.manageresources.view.EditResourcesap.m.Button{\"propertyName\":\"text\",\"key\":\"save\"}"}]}
COMMAND: GET /session/918763cbbc85c63b9bd5908a33c44274/screenshot - {}
RESULT: {"script":"<script> [1562 bytes]","args":[{"selector":{"controlType":"sap.m.Button","viewName":"etm.portal.ui.manageresources.view.EditResource","viewId":"application-manageresources-display-component---editResource","i18NText":{"propertyName":"text","key":"save"},"interaction":{"idSuffix":"BDI-content"}},"wdio_ui5_key":"etmportal.ui.manageresources.view.EditResourcesap.m.Button{\"propertyName\":\"text\",\"key\":\"save\"}"}]}
RESULT: undefined
COMMAND: POST /session/918763cbbc85c63b9bd5908a33c44274/element - {"using":"xpath","value":"//*[@id=\"__button90\"]"}
RESULT: {}
RESULT: {"using":"xpath","value":"//*[@id=\"__button90\"]"}
COMMAND: POST /session/918763cbbc85c63b9bd5908a33c44274/element/f.C58A9DC514FFE328F82A7A8F67B7EF56.d.28D0BB118352CA2FA882A674BEDA83AC.e.7886/click - {}
RESULT: {}
COMMAND: GET /session/918763cbbc85c63b9bd5908a33c44274/screenshot - {}
RESULT: {}
COMMAND: POST /session/918763cbbc85c63b9bd5908a33c44274/element - {"using":"css selector","value":"#shell-header-logo"}
RESULT: {"using":"css selector","value":"#shell-header-logo"}
COMMAND: POST /session/918763cbbc85c63b9bd5908a33c44274/elements - {"using":"css selector","value":"#shell-header-logo"}
RESULT: {"using":"css selector","value":"#shell-header-logo"}
COMMAND: POST /session/918763cbbc85c63b9bd5908a33c44274/execute/sync - {"script":"<script> [8489 bytes]","args":[{"element-6066-11e4-a52e-4f735466cecf":"f.C58A9DC514FFE328F82A7A8F67B7EF56.d.28D0BB118352CA2FA882A674BEDA83AC.e.6988","ELEMENT":"f.C58A9DC514FFE328F82A7A8F67B7EF56.d.28D0BB118352CA2FA882A674BEDA83AC.e.6988"}]}
RESULT: {"script":"<script> [8489 bytes]","args":[{"element-6066-11e4-a52e-4f735466cecf":"f.C58A9DC514FFE328F82A7A8F67B7EF56.d.28D0BB118352CA2FA882A674BEDA83AC.e.6988","ELEMENT":"f.C58A9DC514FFE328F82A7A8F67B7EF56.d.28D0BB118352CA2FA882A674BEDA83AC.e.6988"}]}
COMMAND: POST /session/918763cbbc85c63b9bd5908a33c44274/execute/sync - {"script":"<script> [5351 bytes]","args":[{"element-6066-11e4-a52e-4f735466cecf":"f.C58A9DC514FFE328F82A7A8F67B7EF56.d.28D0BB118352CA2FA882A674BEDA83AC.e.6988","ELEMENT":"f.C58A9DC514FFE328F82A7A8F67B7EF56.d.28D0BB118352CA2FA882A674BEDA83AC.e.6988"}]}
COMMAND: GET /session/918763cbbc85c63b9bd5908a33c44274/screenshot - {}
RESULT: {"script":"<script> [5351 bytes]","args":[{"element-6066-11e4-a52e-4f735466cecf":"f.C58A9DC514FFE328F82A7A8F67B7EF56.d.28D0BB118352CA2FA882A674BEDA83AC.e.6988","ELEMENT":"f.C58A9DC514FFE328F82A7A8F67B7EF56.d.28D0BB118352CA2FA882A674BEDA83AC.e.6988"}]}
COMMAND: POST /session/918763cbbc85c63b9bd5908a33c44274/element/f.C58A9DC514FFE328F82A7A8F67B7EF56.d.28D0BB118352CA2FA882A674BEDA83AC.e.6988/click - {}
COMMAND: GET /session/918763cbbc85c63b9bd5908a33c44274/screenshot - {}
RESULT: {}
RESULT: {}
COMMAND: GET /session/918763cbbc85c63b9bd5908a33c44274/screenshot - {}
RESULT: {}
RESULT: {}
COMMAND: POST /session/918763cbbc85c63b9bd5908a33c44274/element - {"using":"css selector","value":"#shell-header-logo"}
RESULT: {"using":"css selector","value":"#shell-header-logo"}
COMMAND: POST /session/918763cbbc85c63b9bd5908a33c44274/element/f.C58A9DC514FFE328F82A7A8F67B7EF56.d.28D0BB118352CA2FA882A674BEDA83AC.e.7897/click - {}
RESULT: {}
COMMAND: GET /session/918763cbbc85c63b9bd5908a33c44274/screenshot - {}
RESULT: {}
]]></system-out>
    </testcase>
  </testsuite>
  <testsuite timestamp="2025-05-07T15:48:18" time="98.536" tests="2" failures="0" errors="0" skipped="0">
    <properties>
      <property name="specId" value="0" />
      <property name="suiteName" value="Personnel creation and reference material verification  US120163" />
      <property name="capabilities" value="chrome.135_0_7049_115.windows" />
      <property name="file" value="file:///D:/a/1/s/test/specs/R2C/create-personnel-no-material-reference.spec.js" />
    </properties>
    <testcase classname="chrome.135_0_7049_115.windows.Personnel_creation_and_reference_material_verification__US120163" name="Should create a new personnel and verify if the material reference is visible" time="77.674">
      <system-out><![CDATA[
RESULT: undefined
COMMAND: POST /session/918763cbbc85c63b9bd5908a33c44274/element - {"using":"xpath","value":"//*[@id=\"__tile31\"]"}
RESULT: {"using":"xpath","value":"//*[@id=\"__tile31\"]"}
COMMAND: POST /session/918763cbbc85c63b9bd5908a33c44274/element/f.C58A9DC514FFE328F82A7A8F67B7EF56.d.28D0BB118352CA2FA882A674BEDA83AC.e.7011/click - {}
RESULT: {}
COMMAND: GET /session/918763cbbc85c63b9bd5908a33c44274/screenshot - {}
RESULT: {}
COMMAND: POST /session/918763cbbc85c63b9bd5908a33c44274/element - {"using":"xpath","value":"//button[@data-kt=\"addNewRUOverflowToolbarButton\"]"}
RESULT: {"using":"xpath","value":"//button[@data-kt=\"addNewRUOverflowToolbarButton\"]"}
COMMAND: POST /session/918763cbbc85c63b9bd5908a33c44274/execute/sync - {"script":"<script> [8489 bytes]","args":[{"element-6066-11e4-a52e-4f735466cecf":"f.C58A9DC514FFE328F82A7A8F67B7EF56.d.28D0BB118352CA2FA882A674BEDA83AC.e.8048","ELEMENT":"f.C58A9DC514FFE328F82A7A8F67B7EF56.d.28D0BB118352CA2FA882A674BEDA83AC.e.8048"}]}
RESULT: {"script":"<script> [8489 bytes]","args":[{"element-6066-11e4-a52e-4f735466cecf":"f.C58A9DC514FFE328F82A7A8F67B7EF56.d.28D0BB118352CA2FA882A674BEDA83AC.e.8048","ELEMENT":"f.C58A9DC514FFE328F82A7A8F67B7EF56.d.28D0BB118352CA2FA882A674BEDA83AC.e.8048"}]}
COMMAND: POST /session/918763cbbc85c63b9bd5908a33c44274/element/f.C58A9DC514FFE328F82A7A8F67B7EF56.d.28D0BB118352CA2FA882A674BEDA83AC.e.8048/click - {}
COMMAND: GET /session/918763cbbc85c63b9bd5908a33c44274/screenshot - {}
RESULT: {}
RESULT: undefined
COMMAND: POST /session/918763cbbc85c63b9bd5908a33c44274/element - {"using":"xpath","value":"//*[@id=\"application-manageresources-display-component---newResourceUnit--TYPE-arrow\"]"}
COMMAND: GET /session/918763cbbc85c63b9bd5908a33c44274/screenshot - {}
RESULT: {}
RESULT: {"using":"xpath","value":"//*[@id=\"application-manageresources-display-component---newResourceUnit--TYPE-arrow\"]"}
COMMAND: POST /session/918763cbbc85c63b9bd5908a33c44274/element/f.C58A9DC514FFE328F82A7A8F67B7EF56.d.28D0BB118352CA2FA882A674BEDA83AC.e.8285/click - {}
RESULT: {}
RESULT: {}
COMMAND: POST /session/918763cbbc85c63b9bd5908a33c44274/execute/async - {"script":"<script> [1562 bytes]","args":[{"selector":{"controlType":"sap.m.StandardListItem","viewName":"reusables.view.manageresources.NewResourceUnit","viewId":"application-manageresources-display-component---newResourceUnit","properties":{"title":"Personnel"},"searchOpenDialogs":true,"interaction":{"idSuffix":"titleText"}},"wdio_ui5_key":"reusablesview.manageresources.NewResourceUnitsap.m.StandardListItem{\"title\":\"Personnel\"}"}]}
COMMAND: GET /session/918763cbbc85c63b9bd5908a33c44274/screenshot - {}
RESULT: {"script":"<script> [1562 bytes]","args":[{"selector":{"controlType":"sap.m.StandardListItem","viewName":"reusables.view.manageresources.NewResourceUnit","viewId":"application-manageresources-display-component---newResourceUnit","properties":{"title":"Personnel"},"searchOpenDialogs":true,"interaction":{"idSuffix":"titleText"}},"wdio_ui5_key":"reusablesview.manageresources.NewResourceUnitsap.m.StandardListItem{\"title\":\"Personnel\"}"}]}
RESULT: undefined
COMMAND: POST /session/918763cbbc85c63b9bd5908a33c44274/element - {"using":"xpath","value":"//*[@id=\"__item1846\"]"}
RESULT: {}
RESULT: {"using":"xpath","value":"//*[@id=\"__item1846\"]"}
COMMAND: POST /session/918763cbbc85c63b9bd5908a33c44274/element/f.C58A9DC514FFE328F82A7A8F67B7EF56.d.28D0BB118352CA2FA882A674BEDA83AC.e.8288/click - {}
RESULT: {}
RESULT: undefined
COMMAND: POST /session/918763cbbc85c63b9bd5908a33c44274/execute/async - {"script":"<script> [776 bytes]","args":[{"enterText":"WdIOPersonnelvtzfp","selector":{"id":"application-manageresources-display-component---newResourceUnit--SHORT_TEXT","interaction":{"idSuffix":"inner"}},"clearTextFirst":true,"interactionType":"ENTER_TEXT"}]}
COMMAND: GET /session/918763cbbc85c63b9bd5908a33c44274/screenshot - {}
RESULT: {"script":"<script> [776 bytes]","args":[{"enterText":"WdIOPersonnelvtzfp","selector":{"id":"application-manageresources-display-component---newResourceUnit--SHORT_TEXT","interaction":{"idSuffix":"inner"}},"clearTextFirst":true,"interactionType":"ENTER_TEXT"}]}
COMMAND: POST /session/918763cbbc85c63b9bd5908a33c44274/element - {"using":"xpath","value":"//bdi[contains(text(), \"Material\")]"}
RESULT: {}
RESULT: {"using":"xpath","value":"//bdi[contains(text(), \"Material\")]"}
COMMAND: POST /session/918763cbbc85c63b9bd5908a33c44274/element - {"using":"xpath","value":"//bdi[contains(text(), \"Material\")]"}
RESULT: {"using":"xpath","value":"//bdi[contains(text(), \"Material\")]"}
COMMAND: POST /session/918763cbbc85c63b9bd5908a33c44274/execute/async - {"script":"<script> [1562 bytes]","args":[{"selector":{"id":"application-manageresources-display-component---newResourceUnit--BASE_UNIT_OF_MEASURE-arrow"},"wdio_ui5_key":"applicationmanageresources-display-component---newResourceUnit--BASE_UNIT_OF_MEASURE-arrow"}]}
RESULT: {"script":"<script> [1562 bytes]","args":[{"selector":{"id":"application-manageresources-display-component---newResourceUnit--BASE_UNIT_OF_MEASURE-arrow"},"wdio_ui5_key":"applicationmanageresources-display-component---newResourceUnit--BASE_UNIT_OF_MEASURE-arrow"}]}
RESULT: undefined
COMMAND: POST /session/918763cbbc85c63b9bd5908a33c44274/element - {"using":"xpath","value":"//*[@id=\"application-manageresources-display-component---newResourceUnit--BASE_UNIT_OF_MEASURE-arrow\"]"}
RESULT: {"using":"xpath","value":"//*[@id=\"application-manageresources-display-component---newResourceUnit--BASE_UNIT_OF_MEASURE-arrow\"]"}
COMMAND: POST /session/918763cbbc85c63b9bd5908a33c44274/element/f.C58A9DC514FFE328F82A7A8F67B7EF56.d.28D0BB118352CA2FA882A674BEDA83AC.e.8330/click - {}
RESULT: {}
COMMAND: POST /session/918763cbbc85c63b9bd5908a33c44274/execute/async - {"script":"<script> [1562 bytes]","args":[{"selector":{"controlType":"sap.m.StandardListItem","viewName":"reusables.view.manageresources.NewResourceUnit","viewId":"application-manageresources-display-component---newResourceUnit","properties":{"title":"Percent"},"searchOpenDialogs":true,"interaction":{"idSuffix":"titleText"}},"wdio_ui5_key":"reusablesview.manageresources.NewResourceUnitsap.m.StandardListItem{\"title\":\"Percent\"}"}]}
COMMAND: GET /session/918763cbbc85c63b9bd5908a33c44274/screenshot - {}
RESULT: {"script":"<script> [1562 bytes]","args":[{"selector":{"controlType":"sap.m.StandardListItem","viewName":"reusables.view.manageresources.NewResourceUnit","viewId":"application-manageresources-display-component---newResourceUnit","properties":{"title":"Percent"},"searchOpenDialogs":true,"interaction":{"idSuffix":"titleText"}},"wdio_ui5_key":"reusablesview.manageresources.NewResourceUnitsap.m.StandardListItem{\"title\":\"Percent\"}"}]}
RESULT: undefined
COMMAND: POST /session/918763cbbc85c63b9bd5908a33c44274/element - {"using":"xpath","value":"//*[@id=\"__item1868\"]"}
RESULT: {}
RESULT: {"using":"xpath","value":"//*[@id=\"__item1868\"]"}
COMMAND: POST /session/918763cbbc85c63b9bd5908a33c44274/element/f.C58A9DC514FFE328F82A7A8F67B7EF56.d.28D0BB118352CA2FA882A674BEDA83AC.e.8332/click - {}
RESULT: {}
COMMAND: POST /session/918763cbbc85c63b9bd5908a33c44274/execute/async - {"script":"<script> [1562 bytes]","args":[{"selector":{"id":"application-manageresources-display-component---newResourceUnit--PLANNING_GROUP-arrow"},"wdio_ui5_key":"applicationmanageresources-display-component---newResourceUnit--PLANNING_GROUP-arrow"}]}
COMMAND: GET /session/918763cbbc85c63b9bd5908a33c44274/screenshot - {}
RESULT: {"script":"<script> [1562 bytes]","args":[{"selector":{"id":"application-manageresources-display-component---newResourceUnit--PLANNING_GROUP-arrow"},"wdio_ui5_key":"applicationmanageresources-display-component---newResourceUnit--PLANNING_GROUP-arrow"}]}
RESULT: undefined
COMMAND: POST /session/918763cbbc85c63b9bd5908a33c44274/element - {"using":"xpath","value":"//*[@id=\"application-manageresources-display-component---newResourceUnit--PLANNING_GROUP-arrow\"]"}
RESULT: {}
RESULT: {"using":"xpath","value":"//*[@id=\"application-manageresources-display-component---newResourceUnit--PLANNING_GROUP-arrow\"]"}
COMMAND: POST /session/918763cbbc85c63b9bd5908a33c44274/element/f.C58A9DC514FFE328F82A7A8F67B7EF56.d.28D0BB118352CA2FA882A674BEDA83AC.e.8333/click - {}
RESULT: {}
COMMAND: GET /session/918763cbbc85c63b9bd5908a33c44274/screenshot - {}
RESULT: {}
COMMAND: POST /session/918763cbbc85c63b9bd5908a33c44274/execute/async - {"script":"<script> [1562 bytes]","args":[{"selector":{"controlType":"sap.m.StandardListItem","viewName":"reusables.view.manageresources.NewResourceUnit","viewId":"application-manageresources-display-component---newResourceUnit","properties":{"title":"Operating personnel"},"searchOpenDialogs":true,"interaction":{"idSuffix":"titleText"}},"wdio_ui5_key":"reusablesview.manageresources.NewResourceUnitsap.m.StandardListItem{\"title\":\"Operating personnel\"}"}]}
RESULT: {"script":"<script> [1562 bytes]","args":[{"selector":{"controlType":"sap.m.StandardListItem","viewName":"reusables.view.manageresources.NewResourceUnit","viewId":"application-manageresources-display-component---newResourceUnit","properties":{"title":"Operating personnel"},"searchOpenDialogs":true,"interaction":{"idSuffix":"titleText"}},"wdio_ui5_key":"reusablesview.manageresources.NewResourceUnitsap.m.StandardListItem{\"title\":\"Operating personnel\"}"}]}
RESULT: undefined
COMMAND: POST /session/918763cbbc85c63b9bd5908a33c44274/element - {"using":"xpath","value":"//*[@id=\"__item1877\"]"}
RESULT: {"using":"xpath","value":"//*[@id=\"__item1877\"]"}
COMMAND: POST /session/918763cbbc85c63b9bd5908a33c44274/element/f.C58A9DC514FFE328F82A7A8F67B7EF56.d.28D0BB118352CA2FA882A674BEDA83AC.e.8335/click - {}
RESULT: {}
COMMAND: GET /session/918763cbbc85c63b9bd5908a33c44274/screenshot - {}
RESULT: {}
COMMAND: POST /session/918763cbbc85c63b9bd5908a33c44274/element - {"using":"xpath","value":"//bdi[contains(text(), \"Time Segment\")]"}
RESULT: {"using":"xpath","value":"//bdi[contains(text(), \"Time Segment\")]"}
COMMAND: GET /session/918763cbbc85c63b9bd5908a33c44274/element/f.C58A9DC514FFE328F82A7A8F67B7EF56.d.28D0BB118352CA2FA882A674BEDA83AC.e.8336/rect - {}
RESULT: {}
COMMAND: GET /session/918763cbbc85c63b9bd5908a33c44274/window/rect - {}
RESULT: {}
COMMAND: POST /session/918763cbbc85c63b9bd5908a33c44274/execute/sync - {"script":"<script> [92 bytes]","args":[]}
RESULT: {"script":"<script> [92 bytes]","args":[]}
COMMAND: POST /session/918763cbbc85c63b9bd5908a33c44274/actions - {"actions":[{"id":"action24","type":"wheel","parameters":{},"actions":[{"type":"scroll","x":-1820,"y":804,"deltaX":0,"deltaY":0,"duration":0,"origin":{"element-6066-11e4-a52e-4f735466cecf":"f.C58A9DC514FFE328F82A7A8F67B7EF56.d.28D0BB118352CA2FA882A674BEDA83AC.e.8336"}}]}]}
COMMAND: GET /session/918763cbbc85c63b9bd5908a33c44274/screenshot - {}
RESULT: {}
COMMAND: POST /session/918763cbbc85c63b9bd5908a33c44274/execute/sync - {"script":"<script> [79 bytes]","args":[{"element-6066-11e4-a52e-4f735466cecf":"f.C58A9DC514FFE328F82A7A8F67B7EF56.d.28D0BB118352CA2FA882A674BEDA83AC.e.8336","ELEMENT":"f.C58A9DC514FFE328F82A7A8F67B7EF56.d.28D0BB118352CA2FA882A674BEDA83AC.e.8336"},{"block":"start","inline":"nearest"}]}
RESULT: {"script":"<script> [79 bytes]","args":[{"element-6066-11e4-a52e-4f735466cecf":"f.C58A9DC514FFE328F82A7A8F67B7EF56.d.28D0BB118352CA2FA882A674BEDA83AC.e.8336","ELEMENT":"f.C58A9DC514FFE328F82A7A8F67B7EF56.d.28D0BB118352CA2FA882A674BEDA83AC.e.8336"},{"block":"start","inline":"nearest"}]}
COMMAND: GET /session/918763cbbc85c63b9bd5908a33c44274/screenshot - {}
RESULT: {}
COMMAND: POST /session/918763cbbc85c63b9bd5908a33c44274/element - {"using":"xpath","value":"//span[@id=\"application-manageresources-display-component---newResourceUnit--btnAddTimeSegment-img\"]"}
RESULT: {"using":"xpath","value":"//span[@id=\"application-manageresources-display-component---newResourceUnit--btnAddTimeSegment-img\"]"}
COMMAND: POST /session/918763cbbc85c63b9bd5908a33c44274/execute/sync - {"script":"<script> [8489 bytes]","args":[{"element-6066-11e4-a52e-4f735466cecf":"f.C58A9DC514FFE328F82A7A8F67B7EF56.d.28D0BB118352CA2FA882A674BEDA83AC.e.8343","ELEMENT":"f.C58A9DC514FFE328F82A7A8F67B7EF56.d.28D0BB118352CA2FA882A674BEDA83AC.e.8343"}]}
RESULT: {"script":"<script> [8489 bytes]","args":[{"element-6066-11e4-a52e-4f735466cecf":"f.C58A9DC514FFE328F82A7A8F67B7EF56.d.28D0BB118352CA2FA882A674BEDA83AC.e.8343","ELEMENT":"f.C58A9DC514FFE328F82A7A8F67B7EF56.d.28D0BB118352CA2FA882A674BEDA83AC.e.8343"}]}
COMMAND: POST /session/918763cbbc85c63b9bd5908a33c44274/element/f.C58A9DC514FFE328F82A7A8F67B7EF56.d.28D0BB118352CA2FA882A674BEDA83AC.e.8343/click - {}
COMMAND: GET /session/918763cbbc85c63b9bd5908a33c44274/screenshot - {}
RESULT: {}
COMMAND: GET /session/918763cbbc85c63b9bd5908a33c44274/screenshot - {}
COMMAND: POST /session/918763cbbc85c63b9bd5908a33c44274/element - {"using":"xpath","value":"//input[@id=\"application-manageresources-display-component---newResourceUnit--idRuTSAdmin-application-manageresources-display-component---newResourceUnit--RUTimeSegment-0-inner\"]"}
RESULT: {}
RESULT: {}
RESULT: {"using":"xpath","value":"//input[@id=\"application-manageresources-display-component---newResourceUnit--idRuTSAdmin-application-manageresources-display-component---newResourceUnit--RUTimeSegment-0-inner\"]"}
COMMAND: POST /session/918763cbbc85c63b9bd5908a33c44274/element/f.C58A9DC514FFE328F82A7A8F67B7EF56.d.28D0BB118352CA2FA882A674BEDA83AC.e.8346/clear - {}
RESULT: {}
COMMAND: POST /session/918763cbbc85c63b9bd5908a33c44274/element/f.C58A9DC514FFE328F82A7A8F67B7EF56.d.28D0BB118352CA2FA882A674BEDA83AC.e.8346/value - {"text":"webdriveryard"}
COMMAND: GET /session/918763cbbc85c63b9bd5908a33c44274/screenshot - {}
RESULT: {"text":"webdriveryard"}
COMMAND: GET /session/918763cbbc85c63b9bd5908a33c44274/screenshot - {}
COMMAND: POST /session/918763cbbc85c63b9bd5908a33c44274/actions - {"actions":[{"id":"action25","type":"key","parameters":{},"actions":[{"type":"keyDown","value":"î€‡"},{"type":"pause","duration":10},{"type":"keyUp","value":"î€‡"}]}]}
RESULT: {}
RESULT: {}
RESULT: {"actions":[{"id":"action25","type":"key","parameters":{},"actions":[{"type":"keyDown","value":"î€‡"},{"type":"pause","duration":10},{"type":"keyUp","value":"î€‡"}]}]}
COMMAND: GET /session/918763cbbc85c63b9bd5908a33c44274/screenshot - {}
RESULT: {}
COMMAND: POST /session/918763cbbc85c63b9bd5908a33c44274/element - {"using":"xpath","value":"//input[contains(@id, \"application-manageresources-display-component---newResourceUnit--newControlDataDateRangePicker-inner\")]"}
RESULT: {"using":"xpath","value":"//input[contains(@id, \"application-manageresources-display-component---newResourceUnit--newControlDataDateRangePicker-inner\")]"}
COMMAND: POST /session/918763cbbc85c63b9bd5908a33c44274/element/f.C58A9DC514FFE328F82A7A8F67B7EF56.d.28D0BB118352CA2FA882A674BEDA83AC.e.8318/clear - {}
RESULT: {}
COMMAND: POST /session/918763cbbc85c63b9bd5908a33c44274/element/f.C58A9DC514FFE328F82A7A8F67B7EF56.d.28D0BB118352CA2FA882A674BEDA83AC.e.8318/value - {"text":"12/17/26 - 2/18/27"}
COMMAND: GET /session/918763cbbc85c63b9bd5908a33c44274/screenshot - {}
RESULT: {"text":"12/17/26 - 2/18/27"}
COMMAND: POST /session/918763cbbc85c63b9bd5908a33c44274/element - {"using":"xpath","value":"//bdi[contains(@id, \"application-manageresources-display-component---newResourceUnit--createRuButton-BDI-content\")]"}
COMMAND: GET /session/918763cbbc85c63b9bd5908a33c44274/screenshot - {}
RESULT: {}
RESULT: {"using":"xpath","value":"//bdi[contains(@id, \"application-manageresources-display-component---newResourceUnit--createRuButton-BDI-content\")]"}
COMMAND: POST /session/918763cbbc85c63b9bd5908a33c44274/element/f.C58A9DC514FFE328F82A7A8F67B7EF56.d.28D0BB118352CA2FA882A674BEDA83AC.e.8370/click - {}
RESULT: {}
RESULT: {}
COMMAND: GET /session/918763cbbc85c63b9bd5908a33c44274/screenshot - {}
RESULT: {}
COMMAND: POST /session/918763cbbc85c63b9bd5908a33c44274/actions - {"actions":[{"id":"action26","type":"key","parameters":{},"actions":[{"type":"keyDown","value":"î€‡"},{"type":"pause","duration":10},{"type":"keyUp","value":"î€‡"}]}]}
RESULT: {"actions":[{"id":"action26","type":"key","parameters":{},"actions":[{"type":"keyDown","value":"î€‡"},{"type":"pause","duration":10},{"type":"keyUp","value":"î€‡"}]}]}
COMMAND: GET /session/918763cbbc85c63b9bd5908a33c44274/screenshot - {}
RESULT: {}
]]></system-out>
    </testcase>
    <testcase classname="chrome.135_0_7049_115.windows.Personnel_creation_and_reference_material_verification__US120163" name="Should verify if the reference material is visible in edit and detail mode" time="17.682">
      <system-out><![CDATA[
COMMAND: POST /session/918763cbbc85c63b9bd5908a33c44274/element - {"using":"xpath","value":"//bdi[contains(text(), \"Edit\")]"}
RESULT: {"using":"xpath","value":"//bdi[contains(text(), \"Edit\")]"}
COMMAND: POST /session/918763cbbc85c63b9bd5908a33c44274/element/f.C58A9DC514FFE328F82A7A8F67B7EF56.d.28D0BB118352CA2FA882A674BEDA83AC.e.8398/click - {}
RESULT: {}
COMMAND: GET /session/918763cbbc85c63b9bd5908a33c44274/screenshot - {}
RESULT: {}
COMMAND: POST /session/918763cbbc85c63b9bd5908a33c44274/element - {"using":"xpath","value":"//bdi[contains(text(), \"Material\")]"}
RESULT: {"using":"xpath","value":"//bdi[contains(text(), \"Material\")]"}
COMMAND: POST /session/918763cbbc85c63b9bd5908a33c44274/element - {"using":"xpath","value":"//bdi[contains(text(), \"Material\")]"}
RESULT: {"using":"xpath","value":"//bdi[contains(text(), \"Material\")]"}
COMMAND: POST /session/918763cbbc85c63b9bd5908a33c44274/element - {"using":"xpath","value":"(//bdi[contains(text(), \"Save\")])[2]"}
RESULT: {"using":"xpath","value":"(//bdi[contains(text(), \"Save\")])[2]"}
COMMAND: POST /session/918763cbbc85c63b9bd5908a33c44274/element/f.C58A9DC514FFE328F82A7A8F67B7EF56.d.28D0BB118352CA2FA882A674BEDA83AC.e.8450/click - {}
RESULT: {}
COMMAND: GET /session/918763cbbc85c63b9bd5908a33c44274/screenshot - {}
RESULT: {}
COMMAND: POST /session/918763cbbc85c63b9bd5908a33c44274/element - {"using":"css selector","value":"#j_username"}
COMMAND: POST /session/918763cbbc85c63b9bd5908a33c44274/url - {"url":"https://qa-testing-00-live-etm-ui.cfapps.eu10-004.hana.ondemand.com/"}
RESULT: {"using":"css selector","value":"#j_username"}
COMMAND: POST /session/918763cbbc85c63b9bd5908a33c44274/element - {"using":"css selector","value":"#j_username"}
RESULT: {"url":"https://qa-testing-00-live-etm-ui.cfapps.eu10-004.hana.ondemand.com/"}
RESULT: undefined
COMMAND: GET /session/918763cbbc85c63b9bd5908a33c44274/screenshot - {}
RESULT: {"using":"css selector","value":"#j_username"}
COMMAND: POST /session/918763cbbc85c63b9bd5908a33c44274/element - {"using":"css selector","value":"#shell-header-logo"}
RESULT: {}
RESULT: {"using":"css selector","value":"#shell-header-logo"}
COMMAND: POST /session/918763cbbc85c63b9bd5908a33c44274/execute/sync - {"script":"<script> [8489 bytes]","args":[{"element-6066-11e4-a52e-4f735466cecf":"f.C58A9DC514FFE328F82A7A8F67B7EF56.d.0BC041E1D140BDED032DD53F2186441F.e.8472","ELEMENT":"f.C58A9DC514FFE328F82A7A8F67B7EF56.d.0BC041E1D140BDED032DD53F2186441F.e.8472"}]}
RESULT: {"script":"<script> [8489 bytes]","args":[{"element-6066-11e4-a52e-4f735466cecf":"f.C58A9DC514FFE328F82A7A8F67B7EF56.d.0BC041E1D140BDED032DD53F2186441F.e.8472","ELEMENT":"f.C58A9DC514FFE328F82A7A8F67B7EF56.d.0BC041E1D140BDED032DD53F2186441F.e.8472"}]}
COMMAND: POST /session/918763cbbc85c63b9bd5908a33c44274/element - {"using":"css selector","value":"#shell-header-logo"}
COMMAND: GET /session/918763cbbc85c63b9bd5908a33c44274/screenshot - {}
RESULT: {"using":"css selector","value":"#shell-header-logo"}
COMMAND: POST /session/918763cbbc85c63b9bd5908a33c44274/execute/sync - {"script":"<script> [8489 bytes]","args":[{"element-6066-11e4-a52e-4f735466cecf":"f.C58A9DC514FFE328F82A7A8F67B7EF56.d.0BC041E1D140BDED032DD53F2186441F.e.8472","ELEMENT":"f.C58A9DC514FFE328F82A7A8F67B7EF56.d.0BC041E1D140BDED032DD53F2186441F.e.8472"}]}
RESULT: {}
RESULT: {"script":"<script> [8489 bytes]","args":[{"element-6066-11e4-a52e-4f735466cecf":"f.C58A9DC514FFE328F82A7A8F67B7EF56.d.0BC041E1D140BDED032DD53F2186441F.e.8472","ELEMENT":"f.C58A9DC514FFE328F82A7A8F67B7EF56.d.0BC041E1D140BDED032DD53F2186441F.e.8472"}]}
COMMAND: POST /session/918763cbbc85c63b9bd5908a33c44274/execute/sync - {"script":"<script> [5351 bytes]","args":[{"element-6066-11e4-a52e-4f735466cecf":"f.C58A9DC514FFE328F82A7A8F67B7EF56.d.0BC041E1D140BDED032DD53F2186441F.e.8472","ELEMENT":"f.C58A9DC514FFE328F82A7A8F67B7EF56.d.0BC041E1D140BDED032DD53F2186441F.e.8472"}]}
COMMAND: GET /session/918763cbbc85c63b9bd5908a33c44274/screenshot - {}
RESULT: {"script":"<script> [5351 bytes]","args":[{"element-6066-11e4-a52e-4f735466cecf":"f.C58A9DC514FFE328F82A7A8F67B7EF56.d.0BC041E1D140BDED032DD53F2186441F.e.8472","ELEMENT":"f.C58A9DC514FFE328F82A7A8F67B7EF56.d.0BC041E1D140BDED032DD53F2186441F.e.8472"}]}
COMMAND: POST /session/918763cbbc85c63b9bd5908a33c44274/element - {"using":"css selector","value":"#shell-header-logo"}
COMMAND: GET /session/918763cbbc85c63b9bd5908a33c44274/screenshot - {}
RESULT: {}
RESULT: {"using":"css selector","value":"#shell-header-logo"}
COMMAND: POST /session/918763cbbc85c63b9bd5908a33c44274/element/f.C58A9DC514FFE328F82A7A8F67B7EF56.d.0BC041E1D140BDED032DD53F2186441F.e.8472/click - {}
RESULT: {}
RESULT: {}
COMMAND: GET /session/918763cbbc85c63b9bd5908a33c44274/screenshot - {}
RESULT: {}
COMMAND: POST /session/918763cbbc85c63b9bd5908a33c44274/execute/async - {"script":"<script> [189 bytes]","args":[]}
RESULT: {"script":"<script> [189 bytes]","args":[]}
COMMAND: POST /session/918763cbbc85c63b9bd5908a33c44274/execute/async - {"script":"<script> [123 bytes]","args":[]}
RESULT: {"script":"<script> [123 bytes]","args":[]}
COMMAND: POST /session/918763cbbc85c63b9bd5908a33c44274/timeouts - {"script":"<number>"}
RESULT: {"script":"<number>"}
COMMAND: GET /session/918763cbbc85c63b9bd5908a33c44274/timeouts - {}
RESULT: {}
RESULT: undefined
COMMAND: POST /session/918763cbbc85c63b9bd5908a33c44274/execute/async - {"script":"<script> [2676 bytes]","args":[]}
RESULT: {"script":"<script> [2676 bytes]","args":[]}
COMMAND: POST /session/918763cbbc85c63b9bd5908a33c44274/execute/async - {"script":"<script> [2342 bytes]","args":[{"protocol":"http","hostname":"0.0.0.0","path":"/","capabilities":{"browserName":"chrome","goog:chromeOptions":{"binary":"C:\\Program Files\\Google\\Chrome\\Application\\chrome.exe","args":["--start-maximized"]}},"logLevel":"warn","connectionRetryTimeout":120000,"connectionRetryCount":3,"logLevels":{},"enableDirectConnect":true,"strictSSL":true,"_":"65 more keys: [\"cacheDir\",\"port\",\"requestedCapabilities\",\"automationProtocol\",\"baseUrl\",\"waitforInterval\",\"waitforTimeout\",\"onReload\",\"beforeCommand\",\"afterCommand\",\"rootDir\",\"specs\",\"suites\",\"exclude\",\"groupLogsByTestSpec\",\"excludeDriverLogs\",\"bail\",\"framework\",\"reporters\",\"services\",\"maxInstances\",\"maxInstancesPerCapability\",\"injectGlobals\",\"filesToWatch\",\"execArgv\",\"runnerEnv\",\"runner\",\"shard\",\"specFileRetries\",\"specFileRetriesDelay\",\"specFileRetriesDeferred\",\"reporterSyncInterval\",\"reporterSyncTimeout\",\"cucumberFeaturesWithLineNumbers\",\"autoCompileOpts\",\"mochaOpts\",\"jasmineOpts\",\"cucumberOpts\",\"onPrepare\",\"onWorkerStart\",\"onWorkerEnd\",\"before\",\"beforeSession\",\"beforeSuite\",\"beforeHook\",\"beforeTest\",\"afterTest\",\"afterHook\",\"afterSuite\",\"afterSession\",\"after\",\"onComplete\",\"beforeAssertion\",\"afterAssertion\",\"beforeFeature\",\"beforeScenario\",\"beforeStep\",\"afterStep\",\"afterScenario\",\"afterFeature\",\"_\",\"suite\",\"$0\",\"ignoredWorkerServices\",\"wdi5\"]"}]}
RESULT: {"script":"<script> [2342 bytes]","args":[{"protocol":"http","hostname":"0.0.0.0","path":"/","capabilities":{"browserName":"chrome","goog:chromeOptions":{"binary":"C:\\Program Files\\Google\\Chrome\\Application\\chrome.exe","args":["--start-maximized"]}},"logLevel":"warn","connectionRetryTimeout":120000,"connectionRetryCount":3,"logLevels":{},"enableDirectConnect":true,"strictSSL":true,"_":"65 more keys: [\"cacheDir\",\"port\",\"requestedCapabilities\",\"automationProtocol\",\"baseUrl\",\"waitforInterval\",\"waitforTimeout\",\"onReload\",\"beforeCommand\",\"afterCommand\",\"rootDir\",\"specs\",\"suites\",\"exclude\",\"groupLogsByTestSpec\",\"excludeDriverLogs\",\"bail\",\"framework\",\"reporters\",\"services\",\"maxInstances\",\"maxInstancesPerCapability\",\"injectGlobals\",\"filesToWatch\",\"execArgv\",\"runnerEnv\",\"runner\",\"shard\",\"specFileRetries\",\"specFileRetriesDelay\",\"specFileRetriesDeferred\",\"reporterSyncInterval\",\"reporterSyncTimeout\",\"cucumberFeaturesWithLineNumbers\",\"autoCompileOpts\",\"mochaOpts\",\"jasmineOpts\",\"cucumberOpts\",\"onPrepare\",\"onWorkerStart\",\"onWorkerEnd\",\"before\",\"beforeSession\",\"beforeSuite\",\"beforeHook\",\"beforeTest\",\"afterTest\",\"afterHook\",\"afterSuite\",\"afterSession\",\"after\",\"onComplete\",\"beforeAssertion\",\"afterAssertion\",\"beforeFeature\",\"beforeScenario\",\"beforeStep\",\"afterStep\",\"afterScenario\",\"afterFeature\",\"_\",\"suite\",\"$0\",\"ignoredWorkerServices\",\"wdi5\"]"}]}
COMMAND: POST /session/918763cbbc85c63b9bd5908a33c44274/execute/async - {"script":"<script> [21126 bytes]","args":[35000]}
RESULT: {"script":"<script> [21126 bytes]","args":[35000]}
COMMAND: POST /session/918763cbbc85c63b9bd5908a33c44274/window/maximize - {}
RESULT: {}
COMMAND: POST /session/918763cbbc85c63b9bd5908a33c44274/execute/async - {"script":"<script> [1562 bytes]","args":[{"selector":{"id":"shell-header","interaction":{"idSuffix":"icon"}},"wdio_ui5_key":"shellheader"}]}
COMMAND: GET /session/918763cbbc85c63b9bd5908a33c44274/screenshot - {}
RESULT: {"script":"<script> [1562 bytes]","args":[{"selector":{"id":"shell-header","interaction":{"idSuffix":"icon"}},"wdio_ui5_key":"shellheader"}]}
RESULT: undefined
RESULT: {}
]]></system-out>
    </testcase>
  </testsuite>
  <testsuite timestamp="2025-05-07T15:49:57" time="532.446" tests="5" failures="2" errors="2" skipped="0">
    <properties>
      <property name="specId" value="0" />
      <property name="suiteName" value="Warehouse movements inventory test" />
      <property name="capabilities" value="chrome.135_0_7049_115.windows" />
      <property name="file" value="file:///D:/a/1/s/test/specs/R2C/create-resource.spec.js" />
    </properties>
    <testcase classname="chrome.135_0_7049_115.windows.Warehouse_movements_inventory_test" name="Should create a new WHM yard" time="129.248">
      <system-out><![CDATA[
COMMAND: POST /session/918763cbbc85c63b9bd5908a33c44274/execute/async - {"script":"<script> [1562 bytes]","args":[{"selector":{"controlType":"sap.m.GenericTile","properties":{"header":"Manage Yards"}},"wdio_ui5_key":"sapm.GenericTile{\"header\":\"Manage Yards\"}"}]}
RESULT: {"script":"<script> [1562 bytes]","args":[{"selector":{"controlType":"sap.m.GenericTile","properties":{"header":"Manage Yards"}},"wdio_ui5_key":"sapm.GenericTile{\"header\":\"Manage Yards\"}"}]}
RESULT: undefined
COMMAND: POST /session/918763cbbc85c63b9bd5908a33c44274/element - {"using":"xpath","value":"//*[@id=\"__tile41\"]"}
RESULT: {"using":"xpath","value":"//*[@id=\"__tile41\"]"}
COMMAND: POST /session/918763cbbc85c63b9bd5908a33c44274/element/f.C58A9DC514FFE328F82A7A8F67B7EF56.d.0BC041E1D140BDED032DD53F2186441F.e.8485/click - {}
RESULT: {}
COMMAND: GET /session/918763cbbc85c63b9bd5908a33c44274/screenshot - {}
RESULT: {}
COMMAND: POST /session/918763cbbc85c63b9bd5908a33c44274/execute/async - {"script":"<script> [1562 bytes]","args":[{"selector":{"controlType":"sap.ui.core.Icon","viewName":"etm.portal.ui.manageyards.view.Master","viewId":"application-manageyards-display-component---masterYard","properties":{"src":{"regex":{"source":"add"}}}},"wdio_ui5_key":"etmportal.ui.manageyards.view.Mastersap.ui.core.Icon{\"src\":{\"regex\":{\"source\":\"add\"}}}"}]}
RESULT: {"script":"<script> [1562 bytes]","args":[{"selector":{"controlType":"sap.ui.core.Icon","viewName":"etm.portal.ui.manageyards.view.Master","viewId":"application-manageyards-display-component---masterYard","properties":{"src":{"regex":{"source":"add"}}}},"wdio_ui5_key":"etmportal.ui.manageyards.view.Mastersap.ui.core.Icon{\"src\":{\"regex\":{\"source\":\"add\"}}}"}]}
RESULT: undefined
COMMAND: POST /session/918763cbbc85c63b9bd5908a33c44274/element - {"using":"xpath","value":"//*[@id=\"__button4-img\"]"}
RESULT: {"using":"xpath","value":"//*[@id=\"__button4-img\"]"}
COMMAND: POST /session/918763cbbc85c63b9bd5908a33c44274/element/f.C58A9DC514FFE328F82A7A8F67B7EF56.d.0BC041E1D140BDED032DD53F2186441F.e.8628/click - {}
RESULT: {}
COMMAND: GET /session/918763cbbc85c63b9bd5908a33c44274/screenshot - {}
RESULT: {}
COMMAND: POST /session/918763cbbc85c63b9bd5908a33c44274/execute/async - {"script":"<script> [1562 bytes]","args":[{"selector":{"id":"application-manageyards-display-component---NewYard--yardId","interaction":{"idSuffix":"inner"}},"wdio_ui5_key":"applicationmanageyards-display-component---NewYard--yardId"}]}
RESULT: {"script":"<script> [1562 bytes]","args":[{"selector":{"id":"application-manageyards-display-component---NewYard--yardId","interaction":{"idSuffix":"inner"}},"wdio_ui5_key":"applicationmanageyards-display-component---NewYard--yardId"}]}
RESULT: undefined
COMMAND: POST /session/918763cbbc85c63b9bd5908a33c44274/element - {"using":"xpath","value":"//*[@id=\"application-manageyards-display-component---NewYard--addressDetailDetailsName1-inner\"]"}
RESULT: {"using":"xpath","value":"//*[@id=\"application-manageyards-display-component---NewYard--addressDetailDetailsName1-inner\"]"}
COMMAND: POST /session/918763cbbc85c63b9bd5908a33c44274/element/f.C58A9DC514FFE328F82A7A8F67B7EF56.d.0BC041E1D140BDED032DD53F2186441F.e.8743/clear - {}
RESULT: {}
COMMAND: POST /session/918763cbbc85c63b9bd5908a33c44274/element/f.C58A9DC514FFE328F82A7A8F67B7EF56.d.0BC041E1D140BDED032DD53F2186441F.e.8743/value - {"text":"WebdriverWHMYard84crd"}
COMMAND: GET /session/918763cbbc85c63b9bd5908a33c44274/screenshot - {}
RESULT: {}
RESULT: {"text":"WebdriverWHMYard84crd"}
COMMAND: POST /session/918763cbbc85c63b9bd5908a33c44274/element - {"using":"xpath","value":"//*[@id=\"application-manageyards-display-component---NewYard--addressDetailDetailsLanguage-inner\"]"}
COMMAND: GET /session/918763cbbc85c63b9bd5908a33c44274/screenshot - {}
RESULT: {"using":"xpath","value":"//*[@id=\"application-manageyards-display-component---NewYard--addressDetailDetailsLanguage-inner\"]"}
COMMAND: POST /session/918763cbbc85c63b9bd5908a33c44274/element/f.C58A9DC514FFE328F82A7A8F67B7EF56.d.0BC041E1D140BDED032DD53F2186441F.e.8744/clear - {}
RESULT: {}
RESULT: {}
COMMAND: POST /session/918763cbbc85c63b9bd5908a33c44274/element/f.C58A9DC514FFE328F82A7A8F67B7EF56.d.0BC041E1D140BDED032DD53F2186441F.e.8744/value - {"text":"Romanian"}
COMMAND: GET /session/918763cbbc85c63b9bd5908a33c44274/screenshot - {}
RESULT: {"text":"Romanian"}
COMMAND: POST /session/918763cbbc85c63b9bd5908a33c44274/element - {"using":"xpath","value":"//input[contains(@id ,\"application-manageyards-display-component---NewYard--addressDetailDetailsName1-inner\")]"}
COMMAND: GET /session/918763cbbc85c63b9bd5908a33c44274/screenshot - {}
RESULT: {}
RESULT: {"using":"xpath","value":"//input[contains(@id ,\"application-manageyards-display-component---NewYard--addressDetailDetailsName1-inner\")]"}
COMMAND: GET /session/918763cbbc85c63b9bd5908a33c44274/element/f.C58A9DC514FFE328F82A7A8F67B7EF56.d.0BC041E1D140BDED032DD53F2186441F.e.8743/property/value - {}
RESULT: {}
RESULT: {}
COMMAND: GET /session/918763cbbc85c63b9bd5908a33c44274/screenshot - {}
RESULT: {}
COMMAND: POST /session/918763cbbc85c63b9bd5908a33c44274/element - {"using":"xpath","value":"//*[@id=\"application-manageyards-display-component---NewYard--addressDetailDetailsCity1-inner\"]"}
RESULT: {"using":"xpath","value":"//*[@id=\"application-manageyards-display-component---NewYard--addressDetailDetailsCity1-inner\"]"}
COMMAND: POST /session/918763cbbc85c63b9bd5908a33c44274/element/f.C58A9DC514FFE328F82A7A8F67B7EF56.d.0BC041E1D140BDED032DD53F2186441F.e.8746/clear - {}
RESULT: {}
COMMAND: POST /session/918763cbbc85c63b9bd5908a33c44274/element/f.C58A9DC514FFE328F82A7A8F67B7EF56.d.0BC041E1D140BDED032DD53F2186441F.e.8746/value - {"text":"Bucuresti"}
COMMAND: GET /session/918763cbbc85c63b9bd5908a33c44274/screenshot - {}
RESULT: {"text":"Bucuresti"}
COMMAND: GET /session/918763cbbc85c63b9bd5908a33c44274/screenshot - {}
RESULT: {}
RESULT: {}
COMMAND: POST /session/918763cbbc85c63b9bd5908a33c44274/element - {"using":"xpath","value":"//*[@id=\"application-manageyards-display-component---NewYard--addressDetailDetailsCountry-inner\"]"}
RESULT: {"using":"xpath","value":"//*[@id=\"application-manageyards-display-component---NewYard--addressDetailDetailsCountry-inner\"]"}
COMMAND: POST /session/918763cbbc85c63b9bd5908a33c44274/element/f.C58A9DC514FFE328F82A7A8F67B7EF56.d.0BC041E1D140BDED032DD53F2186441F.e.8750/clear - {}
RESULT: {}
COMMAND: POST /session/918763cbbc85c63b9bd5908a33c44274/element/f.C58A9DC514FFE328F82A7A8F67B7EF56.d.0BC041E1D140BDED032DD53F2186441F.e.8750/value - {"text":"Romania"}
COMMAND: GET /session/918763cbbc85c63b9bd5908a33c44274/screenshot - {}
RESULT: {"text":"Romania"}
COMMAND: GET /session/918763cbbc85c63b9bd5908a33c44274/screenshot - {}
RESULT: {}
RESULT: {}
COMMAND: POST /session/918763cbbc85c63b9bd5908a33c44274/execute/async - {"script":"<script> [1562 bytes]","args":[{"selector":{"controlType":"sap.m.Button","viewName":"etm.portal.ui.manageyards.view.New","viewId":"application-manageyards-display-component---NewYard","properties":{"text":"Commercial"},"interaction":{"idSuffix":"BDI-content"}},"wdio_ui5_key":"etmportal.ui.manageyards.view.Newsap.m.Button{\"text\":\"Commercial\"}"}]}
RESULT: {"script":"<script> [1562 bytes]","args":[{"selector":{"controlType":"sap.m.Button","viewName":"etm.portal.ui.manageyards.view.New","viewId":"application-manageyards-display-component---NewYard","properties":{"text":"Commercial"},"interaction":{"idSuffix":"BDI-content"}},"wdio_ui5_key":"etmportal.ui.manageyards.view.Newsap.m.Button{\"text\":\"Commercial\"}"}]}
RESULT: undefined
COMMAND: POST /session/918763cbbc85c63b9bd5908a33c44274/element - {"using":"xpath","value":"//*[@id=\"application-manageyards-display-component---NewYard--ObjectPageLayout-anchBar-__section5-anchor\"]"}
RESULT: {"using":"xpath","value":"//*[@id=\"application-manageyards-display-component---NewYard--ObjectPageLayout-anchBar-__section5-anchor\"]"}
COMMAND: POST /session/918763cbbc85c63b9bd5908a33c44274/element/f.C58A9DC514FFE328F82A7A8F67B7EF56.d.0BC041E1D140BDED032DD53F2186441F.e.8931/click - {}
RESULT: {}
COMMAND: GET /session/918763cbbc85c63b9bd5908a33c44274/screenshot - {}
RESULT: {}
COMMAND: POST /session/918763cbbc85c63b9bd5908a33c44274/element - {"using":"xpath","value":"//div[contains(text(), \"Commercial\")]"}
RESULT: {"using":"xpath","value":"//div[contains(text(), \"Commercial\")]"}
COMMAND: GET /session/918763cbbc85c63b9bd5908a33c44274/element/f.C58A9DC514FFE328F82A7A8F67B7EF56.d.0BC041E1D140BDED032DD53F2186441F.e.8942/rect - {}
RESULT: {}
COMMAND: GET /session/918763cbbc85c63b9bd5908a33c44274/window/rect - {}
RESULT: {}
COMMAND: POST /session/918763cbbc85c63b9bd5908a33c44274/execute/sync - {"script":"<script> [92 bytes]","args":[]}
RESULT: {"script":"<script> [92 bytes]","args":[]}
COMMAND: POST /session/918763cbbc85c63b9bd5908a33c44274/actions - {"actions":[{"id":"action27","type":"wheel","parameters":{},"actions":[{"type":"scroll","x":-1841,"y":-44,"deltaX":0,"deltaY":0,"duration":0,"origin":{"element-6066-11e4-a52e-4f735466cecf":"f.C58A9DC514FFE328F82A7A8F67B7EF56.d.0BC041E1D140BDED032DD53F2186441F.e.8942"}}]}]}
COMMAND: GET /session/918763cbbc85c63b9bd5908a33c44274/screenshot - {}
RESULT: {}
COMMAND: POST /session/918763cbbc85c63b9bd5908a33c44274/execute/sync - {"script":"<script> [79 bytes]","args":[{"element-6066-11e4-a52e-4f735466cecf":"f.C58A9DC514FFE328F82A7A8F67B7EF56.d.0BC041E1D140BDED032DD53F2186441F.e.8942","ELEMENT":"f.C58A9DC514FFE328F82A7A8F67B7EF56.d.0BC041E1D140BDED032DD53F2186441F.e.8942"},{"block":"start","inline":"nearest"}]}
RESULT: {"script":"<script> [79 bytes]","args":[{"element-6066-11e4-a52e-4f735466cecf":"f.C58A9DC514FFE328F82A7A8F67B7EF56.d.0BC041E1D140BDED032DD53F2186441F.e.8942","ELEMENT":"f.C58A9DC514FFE328F82A7A8F67B7EF56.d.0BC041E1D140BDED032DD53F2186441F.e.8942"},{"block":"start","inline":"nearest"}]}
COMMAND: GET /session/918763cbbc85c63b9bd5908a33c44274/screenshot - {}
RESULT: {}
COMMAND: POST /session/918763cbbc85c63b9bd5908a33c44274/execute/async - {"script":"<script> [1562 bytes]","args":[{"selector":{"id":"application-manageyards-display-component---NewYard--addressEditDetailsCostObjectCstType-arrow"},"wdio_ui5_key":"applicationmanageyards-display-component---NewYard--addressEditDetailsCostObjectCstType-arrow"}]}
RESULT: {"script":"<script> [1562 bytes]","args":[{"selector":{"id":"application-manageyards-display-component---NewYard--addressEditDetailsCostObjectCstType-arrow"},"wdio_ui5_key":"applicationmanageyards-display-component---NewYard--addressEditDetailsCostObjectCstType-arrow"}]}
RESULT: undefined
COMMAND: POST /session/918763cbbc85c63b9bd5908a33c44274/element - {"using":"xpath","value":"//*[@id=\"application-manageyards-display-component---NewYard--addressEditDetailsCostObjectCstType-arrow\"]"}
RESULT: {"using":"xpath","value":"//*[@id=\"application-manageyards-display-component---NewYard--addressEditDetailsCostObjectCstType-arrow\"]"}
COMMAND: POST /session/918763cbbc85c63b9bd5908a33c44274/element/f.C58A9DC514FFE328F82A7A8F67B7EF56.d.0BC041E1D140BDED032DD53F2186441F.e.8943/click - {}
RESULT: {}
COMMAND: POST /session/918763cbbc85c63b9bd5908a33c44274/element - {"using":"xpath","value":"//span[contains(text(), \"Cost Center\")]"}
COMMAND: GET /session/918763cbbc85c63b9bd5908a33c44274/screenshot - {}
RESULT: {"using":"xpath","value":"//span[contains(text(), \"Cost Center\")]"}
COMMAND: POST /session/918763cbbc85c63b9bd5908a33c44274/element/f.C58A9DC514FFE328F82A7A8F67B7EF56.d.0BC041E1D140BDED032DD53F2186441F.e.8944/click - {}
RESULT: {}
RESULT: {}
COMMAND: GET /session/918763cbbc85c63b9bd5908a33c44274/screenshot - {}
RESULT: {}
COMMAND: POST /session/918763cbbc85c63b9bd5908a33c44274/execute/async - {"script":"<script> [1562 bytes]","args":[{"selector":{"id":"application-manageyards-display-component---NewYard--addressNewCostObjectCstID-vhi"},"wdio_ui5_key":"applicationmanageyards-display-component---NewYard--addressNewCostObjectCstID-vhi"}]}
RESULT: {"script":"<script> [1562 bytes]","args":[{"selector":{"id":"application-manageyards-display-component---NewYard--addressNewCostObjectCstID-vhi"},"wdio_ui5_key":"applicationmanageyards-display-component---NewYard--addressNewCostObjectCstID-vhi"}]}
RESULT: undefined
COMMAND: POST /session/918763cbbc85c63b9bd5908a33c44274/element - {"using":"xpath","value":"//*[@id=\"application-manageyards-display-component---NewYard--addressNewCostObjectCstID-vhi\"]"}
RESULT: {"using":"xpath","value":"//*[@id=\"application-manageyards-display-component---NewYard--addressNewCostObjectCstID-vhi\"]"}
COMMAND: POST /session/918763cbbc85c63b9bd5908a33c44274/element/f.C58A9DC514FFE328F82A7A8F67B7EF56.d.0BC041E1D140BDED032DD53F2186441F.e.8948/click - {}
RESULT: {}
COMMAND: GET /session/918763cbbc85c63b9bd5908a33c44274/screenshot - {}
RESULT: {}
COMMAND: POST /session/918763cbbc85c63b9bd5908a33c44274/execute/async - {"script":"<script> [1562 bytes]","args":[{"selector":{"controlType":"sap.m.SearchField","properties":{"placeholder":"Search"},"searchOpenDialogs":true,"interaction":{"idSuffix":"I"}},"wdio_ui5_key":"sapm.SearchField{\"placeholder\":\"Search\"}"}]}
RESULT: {"script":"<script> [1562 bytes]","args":[{"selector":{"controlType":"sap.m.SearchField","properties":{"placeholder":"Search"},"searchOpenDialogs":true,"interaction":{"idSuffix":"I"}},"wdio_ui5_key":"sapm.SearchField{\"placeholder\":\"Search\"}"}]}
RESULT: undefined
COMMAND: POST /session/918763cbbc85c63b9bd5908a33c44274/execute/async - {"script":"<script> [776 bytes]","args":[{"enterText":"10001013","selector":{"controlType":"sap.m.SearchField","properties":{"placeholder":"Search"},"searchOpenDialogs":true,"interaction":{"idSuffix":"I"}},"clearTextFirst":true,"interactionType":"ENTER_TEXT"}]}
RESULT: {"script":"<script> [776 bytes]","args":[{"enterText":"10001013","selector":{"controlType":"sap.m.SearchField","properties":{"placeholder":"Search"},"searchOpenDialogs":true,"interaction":{"idSuffix":"I"}},"clearTextFirst":true,"interactionType":"ENTER_TEXT"}]}
COMMAND: POST /session/918763cbbc85c63b9bd5908a33c44274/actions - {"actions":[{"id":"action28","type":"key","parameters":{},"actions":[{"type":"keyDown","value":"î€‡"},{"type":"pause","duration":10},{"type":"keyUp","value":"î€‡"}]}]}
RESULT: {"actions":[{"id":"action28","type":"key","parameters":{},"actions":[{"type":"keyDown","value":"î€‡"},{"type":"pause","duration":10},{"type":"keyUp","value":"î€‡"}]}]}
COMMAND: GET /session/918763cbbc85c63b9bd5908a33c44274/screenshot - {}
RESULT: {}
COMMAND: POST /session/918763cbbc85c63b9bd5908a33c44274/element - {"using":"xpath","value":"//span[contains(text(), \"General Management\")]"}
RESULT: {"using":"xpath","value":"//span[contains(text(), \"General Management\")]"}
COMMAND: POST /session/918763cbbc85c63b9bd5908a33c44274/element/f.C58A9DC514FFE328F82A7A8F67B7EF56.d.0BC041E1D140BDED032DD53F2186441F.e.8988/click - {}
RESULT: {}
COMMAND: GET /session/918763cbbc85c63b9bd5908a33c44274/screenshot - {}
RESULT: {}
COMMAND: POST /session/918763cbbc85c63b9bd5908a33c44274/element - {"using":"xpath","value":"//bdi[contains(text(), \"OK\")]"}
RESULT: {"using":"xpath","value":"//bdi[contains(text(), \"OK\")]"}
COMMAND: POST /session/918763cbbc85c63b9bd5908a33c44274/element/f.C58A9DC514FFE328F82A7A8F67B7EF56.d.0BC041E1D140BDED032DD53F2186441F.e.8989/click - {}
RESULT: {}
COMMAND: GET /session/918763cbbc85c63b9bd5908a33c44274/screenshot - {}
RESULT: {}
COMMAND: POST /session/918763cbbc85c63b9bd5908a33c44274/execute/async - {"script":"<script> [1562 bytes]","args":[{"selector":{"id":"application-manageyards-display-component---NewYard--addressEditDetailsCurrency","interaction":{"idSuffix":"inner"}},"wdio_ui5_key":"applicationmanageyards-display-component---NewYard--addressEditDetailsCurrency"}]}
RESULT: {"script":"<script> [1562 bytes]","args":[{"selector":{"id":"application-manageyards-display-component---NewYard--addressEditDetailsCurrency","interaction":{"idSuffix":"inner"}},"wdio_ui5_key":"applicationmanageyards-display-component---NewYard--addressEditDetailsCurrency"}]}
RESULT: undefined
COMMAND: POST /session/918763cbbc85c63b9bd5908a33c44274/execute/async - {"script":"<script> [776 bytes]","args":[{"enterText":"Euro","selector":{"id":"application-manageyards-display-component---NewYard--addressEditDetailsCurrency","interaction":{"idSuffix":"inner"}},"clearTextFirst":true,"interactionType":"ENTER_TEXT"}]}
RESULT: {"script":"<script> [776 bytes]","args":[{"enterText":"Euro","selector":{"id":"application-manageyards-display-component---NewYard--addressEditDetailsCurrency","interaction":{"idSuffix":"inner"}},"clearTextFirst":true,"interactionType":"ENTER_TEXT"}]}
COMMAND: POST /session/918763cbbc85c63b9bd5908a33c44274/execute/async - {"script":"<script> [1562 bytes]","args":[{"selector":{"controlType":"sap.m.Input","viewName":"etm.portal.ui.manageyards.view.New","viewId":"application-manageyards-display-component---NewYard","bindingPath":{"path":"","propertyPath":"/CONTROLLING_AREA","modelName":"NewYardModel"},"interaction":{"idSuffix":"inner"}},"wdio_ui5_key":"etmportal.ui.manageyards.view.Newsap.m.Input{\"path\":\"\",\"propertyPath\":\"/CONTROLLING_AREA\",\"modelName\":\"NewYardModel\"}"}]}
RESULT: {"script":"<script> [1562 bytes]","args":[{"selector":{"controlType":"sap.m.Input","viewName":"etm.portal.ui.manageyards.view.New","viewId":"application-manageyards-display-component---NewYard","bindingPath":{"path":"","propertyPath":"/CONTROLLING_AREA","modelName":"NewYardModel"},"interaction":{"idSuffix":"inner"}},"wdio_ui5_key":"etmportal.ui.manageyards.view.Newsap.m.Input{\"path\":\"\",\"propertyPath\":\"/CONTROLLING_AREA\",\"modelName\":\"NewYardModel\"}"}]}
RESULT: undefined
COMMAND: POST /session/918763cbbc85c63b9bd5908a33c44274/execute/async - {"script":"<script> [776 bytes]","args":[{"enterText":"Z001","selector":{"controlType":"sap.m.Input","viewName":"etm.portal.ui.manageyards.view.New","viewId":"application-manageyards-display-component---NewYard","bindingPath":{"path":"","propertyPath":"/CONTROLLING_AREA","modelName":"NewYardModel"},"interaction":{"idSuffix":"inner"}},"clearTextFirst":true,"interactionType":"ENTER_TEXT"}]}
RESULT: {"script":"<script> [776 bytes]","args":[{"enterText":"Z001","selector":{"controlType":"sap.m.Input","viewName":"etm.portal.ui.manageyards.view.New","viewId":"application-manageyards-display-component---NewYard","bindingPath":{"path":"","propertyPath":"/CONTROLLING_AREA","modelName":"NewYardModel"},"interaction":{"idSuffix":"inner"}},"clearTextFirst":true,"interactionType":"ENTER_TEXT"}]}
COMMAND: POST /session/918763cbbc85c63b9bd5908a33c44274/execute/async - {"script":"<script> [1562 bytes]","args":[{"selector":{"id":"application-manageyards-display-component---NewYard--companyCodeComboBox","interaction":{"idSuffix":"inner"}},"wdio_ui5_key":"applicationmanageyards-display-component---NewYard--companyCodeComboBox"}]}
RESULT: {"script":"<script> [1562 bytes]","args":[{"selector":{"id":"application-manageyards-display-component---NewYard--companyCodeComboBox","interaction":{"idSuffix":"inner"}},"wdio_ui5_key":"applicationmanageyards-display-component---NewYard--companyCodeComboBox"}]}
RESULT: undefined
COMMAND: POST /session/918763cbbc85c63b9bd5908a33c44274/execute/async - {"script":"<script> [776 bytes]","args":[{"enterText":"1000","selector":{"id":"application-manageyards-display-component---NewYard--companyCodeComboBox","interaction":{"idSuffix":"inner"}},"clearTextFirst":true,"interactionType":"ENTER_TEXT"}]}
RESULT: {"script":"<script> [776 bytes]","args":[{"enterText":"1000","selector":{"id":"application-manageyards-display-component---NewYard--companyCodeComboBox","interaction":{"idSuffix":"inner"}},"clearTextFirst":true,"interactionType":"ENTER_TEXT"}]}
COMMAND: POST /session/918763cbbc85c63b9bd5908a33c44274/actions - {"actions":[{"id":"action29","type":"key","parameters":{},"actions":[{"type":"keyDown","value":"î€‡"},{"type":"pause","duration":10},{"type":"keyUp","value":"î€‡"}]}]}
RESULT: {"actions":[{"id":"action29","type":"key","parameters":{},"actions":[{"type":"keyDown","value":"î€‡"},{"type":"pause","duration":10},{"type":"keyUp","value":"î€‡"}]}]}
COMMAND: POST /session/918763cbbc85c63b9bd5908a33c44274/execute/async - {"script":"<script> [1562 bytes]","args":[{"selector":{"controlType":"sap.m.Input","viewName":"etm.portal.ui.manageyards.view.New","viewId":"application-manageyards-display-component---NewYard","bindingPath":{"path":"","propertyPath":"/PLANT","modelName":"NewYardModel"},"interaction":{"idSuffix":"inner"}},"wdio_ui5_key":"etmportal.ui.manageyards.view.Newsap.m.Input{\"path\":\"\",\"propertyPath\":\"/PLANT\",\"modelName\":\"NewYardModel\"}"}]}
COMMAND: GET /session/918763cbbc85c63b9bd5908a33c44274/screenshot - {}
RESULT: {"script":"<script> [1562 bytes]","args":[{"selector":{"controlType":"sap.m.Input","viewName":"etm.portal.ui.manageyards.view.New","viewId":"application-manageyards-display-component---NewYard","bindingPath":{"path":"","propertyPath":"/PLANT","modelName":"NewYardModel"},"interaction":{"idSuffix":"inner"}},"wdio_ui5_key":"etmportal.ui.manageyards.view.Newsap.m.Input{\"path\":\"\",\"propertyPath\":\"/PLANT\",\"modelName\":\"NewYardModel\"}"}]}
RESULT: undefined
COMMAND: POST /session/918763cbbc85c63b9bd5908a33c44274/execute/async - {"script":"<script> [776 bytes]","args":[{"enterText":"1001","selector":{"controlType":"sap.m.Input","viewName":"etm.portal.ui.manageyards.view.New","viewId":"application-manageyards-display-component---NewYard","bindingPath":{"path":"","propertyPath":"/PLANT","modelName":"NewYardModel"},"interaction":{"idSuffix":"inner"}},"clearTextFirst":true,"interactionType":"ENTER_TEXT"}]}
RESULT: {}
RESULT: {"script":"<script> [776 bytes]","args":[{"enterText":"1001","selector":{"controlType":"sap.m.Input","viewName":"etm.portal.ui.manageyards.view.New","viewId":"application-manageyards-display-component---NewYard","bindingPath":{"path":"","propertyPath":"/PLANT","modelName":"NewYardModel"},"interaction":{"idSuffix":"inner"}},"clearTextFirst":true,"interactionType":"ENTER_TEXT"}]}
COMMAND: POST /session/918763cbbc85c63b9bd5908a33c44274/execute/async - {"script":"<script> [1562 bytes]","args":[{"selector":{"controlType":"sap.m.Input","viewName":"etm.portal.ui.manageyards.view.New","viewId":"application-manageyards-display-component---NewYard","bindingPath":{"path":"","propertyPath":"/SALES_AREA_VKORG","modelName":"NewYardModel"},"interaction":{"idSuffix":"inner"}},"wdio_ui5_key":"etmportal.ui.manageyards.view.Newsap.m.Input{\"path\":\"\",\"propertyPath\":\"/SALES_AREA_VKORG\",\"modelName\":\"NewYardModel\"}"}]}
RESULT: {"script":"<script> [1562 bytes]","args":[{"selector":{"controlType":"sap.m.Input","viewName":"etm.portal.ui.manageyards.view.New","viewId":"application-manageyards-display-component---NewYard","bindingPath":{"path":"","propertyPath":"/SALES_AREA_VKORG","modelName":"NewYardModel"},"interaction":{"idSuffix":"inner"}},"wdio_ui5_key":"etmportal.ui.manageyards.view.Newsap.m.Input{\"path\":\"\",\"propertyPath\":\"/SALES_AREA_VKORG\",\"modelName\":\"NewYardModel\"}"}]}
RESULT: undefined
COMMAND: POST /session/918763cbbc85c63b9bd5908a33c44274/execute/async - {"script":"<script> [776 bytes]","args":[{"enterText":"C002","selector":{"controlType":"sap.m.Input","viewName":"etm.portal.ui.manageyards.view.New","viewId":"application-manageyards-display-component---NewYard","bindingPath":{"path":"","propertyPath":"/SALES_AREA_VKORG","modelName":"NewYardModel"},"interaction":{"idSuffix":"inner"}},"clearTextFirst":true,"interactionType":"ENTER_TEXT"}]}
RESULT: {"script":"<script> [776 bytes]","args":[{"enterText":"C002","selector":{"controlType":"sap.m.Input","viewName":"etm.portal.ui.manageyards.view.New","viewId":"application-manageyards-display-component---NewYard","bindingPath":{"path":"","propertyPath":"/SALES_AREA_VKORG","modelName":"NewYardModel"},"interaction":{"idSuffix":"inner"}},"clearTextFirst":true,"interactionType":"ENTER_TEXT"}]}
COMMAND: POST /session/918763cbbc85c63b9bd5908a33c44274/execute/async - {"script":"<script> [1562 bytes]","args":[{"selector":{"controlType":"sap.m.Input","viewName":"etm.portal.ui.manageyards.view.New","viewId":"application-manageyards-display-component---NewYard","bindingPath":{"path":"","propertyPath":"/SALES_AREA_VTWEG","modelName":"NewYardModel"},"interaction":{"idSuffix":"inner"}},"wdio_ui5_key":"etmportal.ui.manageyards.view.Newsap.m.Input{\"path\":\"\",\"propertyPath\":\"/SALES_AREA_VTWEG\",\"modelName\":\"NewYardModel\"}"}]}
RESULT: {"script":"<script> [1562 bytes]","args":[{"selector":{"controlType":"sap.m.Input","viewName":"etm.portal.ui.manageyards.view.New","viewId":"application-manageyards-display-component---NewYard","bindingPath":{"path":"","propertyPath":"/SALES_AREA_VTWEG","modelName":"NewYardModel"},"interaction":{"idSuffix":"inner"}},"wdio_ui5_key":"etmportal.ui.manageyards.view.Newsap.m.Input{\"path\":\"\",\"propertyPath\":\"/SALES_AREA_VTWEG\",\"modelName\":\"NewYardModel\"}"}]}
RESULT: undefined
COMMAND: POST /session/918763cbbc85c63b9bd5908a33c44274/execute/async - {"script":"<script> [776 bytes]","args":[{"enterText":"C2","selector":{"controlType":"sap.m.Input","viewName":"etm.portal.ui.manageyards.view.New","viewId":"application-manageyards-display-component---NewYard","bindingPath":{"path":"","propertyPath":"/SALES_AREA_VTWEG","modelName":"NewYardModel"},"interaction":{"idSuffix":"inner"}},"clearTextFirst":true,"interactionType":"ENTER_TEXT"}]}
RESULT: {"script":"<script> [776 bytes]","args":[{"enterText":"C2","selector":{"controlType":"sap.m.Input","viewName":"etm.portal.ui.manageyards.view.New","viewId":"application-manageyards-display-component---NewYard","bindingPath":{"path":"","propertyPath":"/SALES_AREA_VTWEG","modelName":"NewYardModel"},"interaction":{"idSuffix":"inner"}},"clearTextFirst":true,"interactionType":"ENTER_TEXT"}]}
COMMAND: POST /session/918763cbbc85c63b9bd5908a33c44274/execute/async - {"script":"<script> [1562 bytes]","args":[{"selector":{"controlType":"sap.m.Input","viewName":"etm.portal.ui.manageyards.view.New","viewId":"application-manageyards-display-component---NewYard","bindingPath":{"path":"","propertyPath":"/SALES_AREA_SPART","modelName":"NewYardModel"},"interaction":{"idSuffix":"inner"}},"wdio_ui5_key":"etmportal.ui.manageyards.view.Newsap.m.Input{\"path\":\"\",\"propertyPath\":\"/SALES_AREA_SPART\",\"modelName\":\"NewYardModel\"}"}]}
RESULT: {"script":"<script> [1562 bytes]","args":[{"selector":{"controlType":"sap.m.Input","viewName":"etm.portal.ui.manageyards.view.New","viewId":"application-manageyards-display-component---NewYard","bindingPath":{"path":"","propertyPath":"/SALES_AREA_SPART","modelName":"NewYardModel"},"interaction":{"idSuffix":"inner"}},"wdio_ui5_key":"etmportal.ui.manageyards.view.Newsap.m.Input{\"path\":\"\",\"propertyPath\":\"/SALES_AREA_SPART\",\"modelName\":\"NewYardModel\"}"}]}
RESULT: undefined
COMMAND: POST /session/918763cbbc85c63b9bd5908a33c44274/execute/async - {"script":"<script> [776 bytes]","args":[{"enterText":"C2","selector":{"controlType":"sap.m.Input","viewName":"etm.portal.ui.manageyards.view.New","viewId":"application-manageyards-display-component---NewYard","bindingPath":{"path":"","propertyPath":"/SALES_AREA_SPART","modelName":"NewYardModel"},"interaction":{"idSuffix":"inner"}},"clearTextFirst":true,"interactionType":"ENTER_TEXT"}]}
RESULT: {"script":"<script> [776 bytes]","args":[{"enterText":"C2","selector":{"controlType":"sap.m.Input","viewName":"etm.portal.ui.manageyards.view.New","viewId":"application-manageyards-display-component---NewYard","bindingPath":{"path":"","propertyPath":"/SALES_AREA_SPART","modelName":"NewYardModel"},"interaction":{"idSuffix":"inner"}},"clearTextFirst":true,"interactionType":"ENTER_TEXT"}]}
COMMAND: POST /session/918763cbbc85c63b9bd5908a33c44274/execute/async - {"script":"<script> [1562 bytes]","args":[{"selector":{"id":"application-manageyards-display-component---NewYard--whmCheckBox","interaction":{"idSuffix":"CbBg"}},"wdio_ui5_key":"applicationmanageyards-display-component---NewYard--whmCheckBox"}]}
RESULT: {"script":"<script> [1562 bytes]","args":[{"selector":{"id":"application-manageyards-display-component---NewYard--whmCheckBox","interaction":{"idSuffix":"CbBg"}},"wdio_ui5_key":"applicationmanageyards-display-component---NewYard--whmCheckBox"}]}
RESULT: undefined
COMMAND: POST /session/918763cbbc85c63b9bd5908a33c44274/element - {"using":"xpath","value":"//*[@id=\"application-manageyards-display-component---NewYard--whmCheckBox\"]"}
RESULT: {"using":"xpath","value":"//*[@id=\"application-manageyards-display-component---NewYard--whmCheckBox\"]"}
COMMAND: POST /session/918763cbbc85c63b9bd5908a33c44274/element/f.C58A9DC514FFE328F82A7A8F67B7EF56.d.0BC041E1D140BDED032DD53F2186441F.e.9000/click - {}
RESULT: {}
COMMAND: POST /session/918763cbbc85c63b9bd5908a33c44274/execute/async - {"script":"<script> [1562 bytes]","args":[{"selector":{"controlType":"sap.m.Button","viewName":"etm.portal.ui.manageyards.view.New","viewId":"application-manageyards-display-component---NewYard","i18NText":{"propertyName":"text","key":"save"},"interaction":{"idSuffix":"inner"}},"wdio_ui5_key":"etmportal.ui.manageyards.view.Newsap.m.Button{\"propertyName\":\"text\",\"key\":\"save\"}"}]}
COMMAND: GET /session/918763cbbc85c63b9bd5908a33c44274/screenshot - {}
RESULT: {"script":"<script> [1562 bytes]","args":[{"selector":{"controlType":"sap.m.Button","viewName":"etm.portal.ui.manageyards.view.New","viewId":"application-manageyards-display-component---NewYard","i18NText":{"propertyName":"text","key":"save"},"interaction":{"idSuffix":"inner"}},"wdio_ui5_key":"etmportal.ui.manageyards.view.Newsap.m.Button{\"propertyName\":\"text\",\"key\":\"save\"}"}]}
RESULT: undefined
COMMAND: POST /session/918763cbbc85c63b9bd5908a33c44274/element - {"using":"xpath","value":"//*[@id=\"__button18\"]"}
RESULT: {}
RESULT: {"using":"xpath","value":"//*[@id=\"__button18\"]"}
COMMAND: POST /session/918763cbbc85c63b9bd5908a33c44274/element/f.C58A9DC514FFE328F82A7A8F67B7EF56.d.0BC041E1D140BDED032DD53F2186441F.e.8918/click - {}
RESULT: {}
COMMAND: GET /session/918763cbbc85c63b9bd5908a33c44274/screenshot - {}
RESULT: {}
COMMAND: POST /session/918763cbbc85c63b9bd5908a33c44274/element - {"using":"css selector","value":"#shell-header-logo"}
RESULT: {"using":"css selector","value":"#shell-header-logo"}
COMMAND: POST /session/918763cbbc85c63b9bd5908a33c44274/element/f.C58A9DC514FFE328F82A7A8F67B7EF56.d.0BC041E1D140BDED032DD53F2186441F.e.8472/click - {}
RESULT: {}
COMMAND: GET /session/918763cbbc85c63b9bd5908a33c44274/screenshot - {}
RESULT: {}
COMMAND: POST /session/918763cbbc85c63b9bd5908a33c44274/refresh - {}
RESULT: {}
COMMAND: GET /session/918763cbbc85c63b9bd5908a33c44274/screenshot - {}
RESULT: {}
COMMAND: POST /session/918763cbbc85c63b9bd5908a33c44274/execute/async - {"script":"<script> [189 bytes]","args":[]}
RESULT: {"script":"<script> [189 bytes]","args":[]}
COMMAND: POST /session/918763cbbc85c63b9bd5908a33c44274/execute/async - {"script":"<script> [123 bytes]","args":[]}
RESULT: {"script":"<script> [123 bytes]","args":[]}
COMMAND: POST /session/918763cbbc85c63b9bd5908a33c44274/timeouts - {"script":"<number>"}
RESULT: {"script":"<number>"}
COMMAND: GET /session/918763cbbc85c63b9bd5908a33c44274/timeouts - {}
RESULT: {}
RESULT: undefined
COMMAND: POST /session/918763cbbc85c63b9bd5908a33c44274/execute/async - {"script":"<script> [2676 bytes]","args":[]}
RESULT: {"script":"<script> [2676 bytes]","args":[]}
COMMAND: POST /session/918763cbbc85c63b9bd5908a33c44274/execute/async - {"script":"<script> [2342 bytes]","args":[{"protocol":"http","hostname":"0.0.0.0","path":"/","capabilities":{"browserName":"chrome","goog:chromeOptions":{"binary":"C:\\Program Files\\Google\\Chrome\\Application\\chrome.exe","args":["--start-maximized"]}},"logLevel":"warn","connectionRetryTimeout":120000,"connectionRetryCount":3,"logLevels":{},"enableDirectConnect":true,"strictSSL":true,"_":"65 more keys: [\"cacheDir\",\"port\",\"requestedCapabilities\",\"automationProtocol\",\"baseUrl\",\"waitforInterval\",\"waitforTimeout\",\"onReload\",\"beforeCommand\",\"afterCommand\",\"rootDir\",\"specs\",\"suites\",\"exclude\",\"groupLogsByTestSpec\",\"excludeDriverLogs\",\"bail\",\"framework\",\"reporters\",\"services\",\"maxInstances\",\"maxInstancesPerCapability\",\"injectGlobals\",\"filesToWatch\",\"execArgv\",\"runnerEnv\",\"runner\",\"shard\",\"specFileRetries\",\"specFileRetriesDelay\",\"specFileRetriesDeferred\",\"reporterSyncInterval\",\"reporterSyncTimeout\",\"cucumberFeaturesWithLineNumbers\",\"autoCompileOpts\",\"mochaOpts\",\"jasmineOpts\",\"cucumberOpts\",\"onPrepare\",\"onWorkerStart\",\"onWorkerEnd\",\"before\",\"beforeSession\",\"beforeSuite\",\"beforeHook\",\"beforeTest\",\"afterTest\",\"afterHook\",\"afterSuite\",\"afterSession\",\"after\",\"onComplete\",\"beforeAssertion\",\"afterAssertion\",\"beforeFeature\",\"beforeScenario\",\"beforeStep\",\"afterStep\",\"afterScenario\",\"afterFeature\",\"_\",\"suite\",\"$0\",\"ignoredWorkerServices\",\"wdi5\"]"}]}
RESULT: {"script":"<script> [2342 bytes]","args":[{"protocol":"http","hostname":"0.0.0.0","path":"/","capabilities":{"browserName":"chrome","goog:chromeOptions":{"binary":"C:\\Program Files\\Google\\Chrome\\Application\\chrome.exe","args":["--start-maximized"]}},"logLevel":"warn","connectionRetryTimeout":120000,"connectionRetryCount":3,"logLevels":{},"enableDirectConnect":true,"strictSSL":true,"_":"65 more keys: [\"cacheDir\",\"port\",\"requestedCapabilities\",\"automationProtocol\",\"baseUrl\",\"waitforInterval\",\"waitforTimeout\",\"onReload\",\"beforeCommand\",\"afterCommand\",\"rootDir\",\"specs\",\"suites\",\"exclude\",\"groupLogsByTestSpec\",\"excludeDriverLogs\",\"bail\",\"framework\",\"reporters\",\"services\",\"maxInstances\",\"maxInstancesPerCapability\",\"injectGlobals\",\"filesToWatch\",\"execArgv\",\"runnerEnv\",\"runner\",\"shard\",\"specFileRetries\",\"specFileRetriesDelay\",\"specFileRetriesDeferred\",\"reporterSyncInterval\",\"reporterSyncTimeout\",\"cucumberFeaturesWithLineNumbers\",\"autoCompileOpts\",\"mochaOpts\",\"jasmineOpts\",\"cucumberOpts\",\"onPrepare\",\"onWorkerStart\",\"onWorkerEnd\",\"before\",\"beforeSession\",\"beforeSuite\",\"beforeHook\",\"beforeTest\",\"afterTest\",\"afterHook\",\"afterSuite\",\"afterSession\",\"after\",\"onComplete\",\"beforeAssertion\",\"afterAssertion\",\"beforeFeature\",\"beforeScenario\",\"beforeStep\",\"afterStep\",\"afterScenario\",\"afterFeature\",\"_\",\"suite\",\"$0\",\"ignoredWorkerServices\",\"wdi5\"]"}]}
COMMAND: POST /session/918763cbbc85c63b9bd5908a33c44274/execute/async - {"script":"<script> [21126 bytes]","args":[35000]}
RESULT: {"script":"<script> [21126 bytes]","args":[35000]}
]]></system-out>
    </testcase>
    <testcase classname="chrome.135_0_7049_115.windows.Warehouse_movements_inventory_test" name="Should create a new warehouse organization" time="76.157">
      <system-out><![CDATA[
COMMAND: POST /session/918763cbbc85c63b9bd5908a33c44274/execute/async - {"script":"<script> [1562 bytes]","args":[{"selector":{"controlType":"sap.m.GenericTile","properties":{"header":"Bin Status Report"}},"wdio_ui5_key":"sapm.GenericTile{\"header\":\"Bin Status Report\"}"}]}
RESULT: {"script":"<script> [1562 bytes]","args":[{"selector":{"controlType":"sap.m.GenericTile","properties":{"header":"Bin Status Report"}},"wdio_ui5_key":"sapm.GenericTile{\"header\":\"Bin Status Report\"}"}]}
RESULT: undefined
COMMAND: POST /session/918763cbbc85c63b9bd5908a33c44274/element - {"using":"xpath","value":"//*[@id=\"__tile104\"]"}
RESULT: {"using":"xpath","value":"//*[@id=\"__tile104\"]"}
COMMAND: POST /session/918763cbbc85c63b9bd5908a33c44274/element/f.C58A9DC514FFE328F82A7A8F67B7EF56.d.FBCFC9B5E9C8D48D125A7BD5B722C209.e.9214/click - {}
RESULT: {}
COMMAND: GET /session/918763cbbc85c63b9bd5908a33c44274/screenshot - {}
RESULT: {}
COMMAND: POST /session/918763cbbc85c63b9bd5908a33c44274/execute/async - {"script":"<script> [1562 bytes]","args":[{"selector":{"id":"application-binstatusreport-display-component---warehousing--createOrgBtn","interaction":{"idSuffix":"BDI-content"}},"wdio_ui5_key":"applicationbinstatusreport-display-component---warehousing--createOrgBtn"}]}
RESULT: {"script":"<script> [1562 bytes]","args":[{"selector":{"id":"application-binstatusreport-display-component---warehousing--createOrgBtn","interaction":{"idSuffix":"BDI-content"}},"wdio_ui5_key":"applicationbinstatusreport-display-component---warehousing--createOrgBtn"}]}
RESULT: undefined
COMMAND: POST /session/918763cbbc85c63b9bd5908a33c44274/element - {"using":"xpath","value":"//*[@id=\"application-binstatusreport-display-component---warehousing--createOrgBtn\"]"}
RESULT: {"using":"xpath","value":"//*[@id=\"application-binstatusreport-display-component---warehousing--createOrgBtn\"]"}
COMMAND: POST /session/918763cbbc85c63b9bd5908a33c44274/element/f.C58A9DC514FFE328F82A7A8F67B7EF56.d.FBCFC9B5E9C8D48D125A7BD5B722C209.e.9259/click - {}
RESULT: {}
COMMAND: GET /session/918763cbbc85c63b9bd5908a33c44274/screenshot - {}
RESULT: {}
COMMAND: POST /session/918763cbbc85c63b9bd5908a33c44274/execute/async - {"script":"<script> [1562 bytes]","args":[{"selector":{"id":"createOrganizationPop--sectionInput","searchOpenDialogs":true,"interaction":{"idSuffix":"inner"}},"wdio_ui5_key":"createOrganizationPopsectionInput"}]}
RESULT: {"script":"<script> [1562 bytes]","args":[{"selector":{"id":"createOrganizationPop--sectionInput","searchOpenDialogs":true,"interaction":{"idSuffix":"inner"}},"wdio_ui5_key":"createOrganizationPopsectionInput"}]}
RESULT: undefined
COMMAND: POST /session/918763cbbc85c63b9bd5908a33c44274/execute/async - {"script":"<script> [776 bytes]","args":[{"enterText":"Secd8npyf","selector":{"id":"createOrganizationPop--sectionInput","searchOpenDialogs":true,"interaction":{"idSuffix":"inner"}},"clearTextFirst":true,"interactionType":"ENTER_TEXT"}]}
RESULT: {"script":"<script> [776 bytes]","args":[{"enterText":"Secd8npyf","selector":{"id":"createOrganizationPop--sectionInput","searchOpenDialogs":true,"interaction":{"idSuffix":"inner"}},"clearTextFirst":true,"interactionType":"ENTER_TEXT"}]}
COMMAND: POST /session/918763cbbc85c63b9bd5908a33c44274/execute/async - {"script":"<script> [1562 bytes]","args":[{"selector":{"id":"createOrganizationPop--descriptionInput","searchOpenDialogs":true,"interaction":{"idSuffix":"inner"}},"wdio_ui5_key":"createOrganizationPopdescriptionInput"}]}
RESULT: {"script":"<script> [1562 bytes]","args":[{"selector":{"id":"createOrganizationPop--descriptionInput","searchOpenDialogs":true,"interaction":{"idSuffix":"inner"}},"wdio_ui5_key":"createOrganizationPopdescriptionInput"}]}
RESULT: undefined
COMMAND: POST /session/918763cbbc85c63b9bd5908a33c44274/execute/async - {"script":"<script> [776 bytes]","args":[{"enterText":"OrgName2my8q","selector":{"id":"createOrganizationPop--descriptionInput","searchOpenDialogs":true,"interaction":{"idSuffix":"inner"}},"clearTextFirst":true,"interactionType":"ENTER_TEXT"}]}
RESULT: {"script":"<script> [776 bytes]","args":[{"enterText":"OrgName2my8q","selector":{"id":"createOrganizationPop--descriptionInput","searchOpenDialogs":true,"interaction":{"idSuffix":"inner"}},"clearTextFirst":true,"interactionType":"ENTER_TEXT"}]}
COMMAND: POST /session/918763cbbc85c63b9bd5908a33c44274/element - {"using":"xpath","value":"//input[contains(@id ,\"createOrganizationPop--yardOrg-inner\")]"}
RESULT: {"using":"xpath","value":"//input[contains(@id ,\"createOrganizationPop--yardOrg-inner\")]"}
COMMAND: POST /session/918763cbbc85c63b9bd5908a33c44274/element/f.C58A9DC514FFE328F82A7A8F67B7EF56.d.FBCFC9B5E9C8D48D125A7BD5B722C209.e.9303/clear - {}
RESULT: {}
COMMAND: POST /session/918763cbbc85c63b9bd5908a33c44274/element/f.C58A9DC514FFE328F82A7A8F67B7EF56.d.FBCFC9B5E9C8D48D125A7BD5B722C209.e.9303/value - {"text":"WebdriverWHMYard84crd"}
COMMAND: GET /session/918763cbbc85c63b9bd5908a33c44274/screenshot - {}
RESULT: {"text":"WebdriverWHMYard84crd"}
COMMAND: GET /session/918763cbbc85c63b9bd5908a33c44274/screenshot - {}
RESULT: {}
RESULT: {}
COMMAND: POST /session/918763cbbc85c63b9bd5908a33c44274/actions - {"actions":[{"id":"action30","type":"key","parameters":{},"actions":[{"type":"keyDown","value":"î€‡"},{"type":"pause","duration":10},{"type":"keyUp","value":"î€‡"}]}]}
RESULT: {"actions":[{"id":"action30","type":"key","parameters":{},"actions":[{"type":"keyDown","value":"î€‡"},{"type":"pause","duration":10},{"type":"keyUp","value":"î€‡"}]}]}
COMMAND: GET /session/918763cbbc85c63b9bd5908a33c44274/screenshot - {}
RESULT: {}
COMMAND: POST /session/918763cbbc85c63b9bd5908a33c44274/execute/async - {"script":"<script> [1562 bytes]","args":[{"selector":{"id":"createOrganizationPop--grZone","searchOpenDialogs":true,"interaction":{"idSuffix":"CbBg"}},"wdio_ui5_key":"createOrganizationPopgrZone"}]}
RESULT: {"script":"<script> [1562 bytes]","args":[{"selector":{"id":"createOrganizationPop--grZone","searchOpenDialogs":true,"interaction":{"idSuffix":"CbBg"}},"wdio_ui5_key":"createOrganizationPopgrZone"}]}
RESULT: undefined
COMMAND: POST /session/918763cbbc85c63b9bd5908a33c44274/element - {"using":"xpath","value":"//*[@id=\"createOrganizationPop--grZone\"]"}
RESULT: {"using":"xpath","value":"//*[@id=\"createOrganizationPop--grZone\"]"}
COMMAND: POST /session/918763cbbc85c63b9bd5908a33c44274/element/f.C58A9DC514FFE328F82A7A8F67B7EF56.d.FBCFC9B5E9C8D48D125A7BD5B722C209.e.9323/click - {}
RESULT: {}
COMMAND: POST /session/918763cbbc85c63b9bd5908a33c44274/execute/async - {"script":"<script> [1562 bytes]","args":[{"selector":{"id":"createOrganizationPop--giZone","searchOpenDialogs":true,"interaction":{"idSuffix":"CbBg"}},"wdio_ui5_key":"createOrganizationPopgiZone"}]}
COMMAND: GET /session/918763cbbc85c63b9bd5908a33c44274/screenshot - {}
RESULT: {"script":"<script> [1562 bytes]","args":[{"selector":{"id":"createOrganizationPop--giZone","searchOpenDialogs":true,"interaction":{"idSuffix":"CbBg"}},"wdio_ui5_key":"createOrganizationPopgiZone"}]}
RESULT: undefined
COMMAND: POST /session/918763cbbc85c63b9bd5908a33c44274/element - {"using":"xpath","value":"//*[@id=\"createOrganizationPop--giZone\"]"}
RESULT: {}
RESULT: {"using":"xpath","value":"//*[@id=\"createOrganizationPop--giZone\"]"}
COMMAND: POST /session/918763cbbc85c63b9bd5908a33c44274/element/f.C58A9DC514FFE328F82A7A8F67B7EF56.d.FBCFC9B5E9C8D48D125A7BD5B722C209.e.9325/click - {}
RESULT: {}
COMMAND: POST /session/918763cbbc85c63b9bd5908a33c44274/execute/async - {"script":"<script> [1562 bytes]","args":[{"selector":{"id":"createOrganizationPop--binNoInput","searchOpenDialogs":true,"interaction":{"idSuffix":"inner"}},"wdio_ui5_key":"createOrganizationPopbinNoInput"}]}
COMMAND: GET /session/918763cbbc85c63b9bd5908a33c44274/screenshot - {}
RESULT: {"script":"<script> [1562 bytes]","args":[{"selector":{"id":"createOrganizationPop--binNoInput","searchOpenDialogs":true,"interaction":{"idSuffix":"inner"}},"wdio_ui5_key":"createOrganizationPopbinNoInput"}]}
RESULT: undefined
COMMAND: POST /session/918763cbbc85c63b9bd5908a33c44274/execute/async - {"script":"<script> [776 bytes]","args":[{"enterText":"Binewrv4","selector":{"id":"createOrganizationPop--binNoInput","searchOpenDialogs":true,"interaction":{"idSuffix":"inner"}},"clearTextFirst":true,"interactionType":"ENTER_TEXT"}]}
RESULT: {}
RESULT: {"script":"<script> [776 bytes]","args":[{"enterText":"Binewrv4","selector":{"id":"createOrganizationPop--binNoInput","searchOpenDialogs":true,"interaction":{"idSuffix":"inner"}},"clearTextFirst":true,"interactionType":"ENTER_TEXT"}]}
COMMAND: POST /session/918763cbbc85c63b9bd5908a33c44274/execute/async - {"script":"<script> [1562 bytes]","args":[{"selector":{"id":"createOrganizationPop--descriptionId","searchOpenDialogs":true,"interaction":{"idSuffix":"inner"}},"wdio_ui5_key":"createOrganizationPopdescriptionId"}]}
RESULT: {"script":"<script> [1562 bytes]","args":[{"selector":{"id":"createOrganizationPop--descriptionId","searchOpenDialogs":true,"interaction":{"idSuffix":"inner"}},"wdio_ui5_key":"createOrganizationPopdescriptionId"}]}
RESULT: undefined
COMMAND: POST /session/918763cbbc85c63b9bd5908a33c44274/execute/async - {"script":"<script> [776 bytes]","args":[{"enterText":"Bin6fxvz","selector":{"id":"createOrganizationPop--descriptionId","searchOpenDialogs":true,"interaction":{"idSuffix":"inner"}},"clearTextFirst":true,"interactionType":"ENTER_TEXT"}]}
RESULT: {"script":"<script> [776 bytes]","args":[{"enterText":"Bin6fxvz","selector":{"id":"createOrganizationPop--descriptionId","searchOpenDialogs":true,"interaction":{"idSuffix":"inner"}},"clearTextFirst":true,"interactionType":"ENTER_TEXT"}]}
COMMAND: POST /session/918763cbbc85c63b9bd5908a33c44274/execute/async - {"script":"<script> [1562 bytes]","args":[{"selector":{"controlType":"sap.m.CheckBox","viewName":"etm.portal.ui.binstatusreport.view.MasterWareBins","viewId":"application-binstatusreport-display-component---warehousing","bindingPath":{"path":"","propertyPath":"/ZONE","modelName":"newBin"},"searchOpenDialogs":true,"interaction":{"idSuffix":"CbBg"}},"wdio_ui5_key":"etmportal.ui.binstatusreport.view.MasterWareBinssap.m.CheckBox{\"path\":\"\",\"propertyPath\":\"/ZONE\",\"modelName\":\"newBin\"}"}]}
RESULT: {"script":"<script> [1562 bytes]","args":[{"selector":{"controlType":"sap.m.CheckBox","viewName":"etm.portal.ui.binstatusreport.view.MasterWareBins","viewId":"application-binstatusreport-display-component---warehousing","bindingPath":{"path":"","propertyPath":"/ZONE","modelName":"newBin"},"searchOpenDialogs":true,"interaction":{"idSuffix":"CbBg"}},"wdio_ui5_key":"etmportal.ui.binstatusreport.view.MasterWareBinssap.m.CheckBox{\"path\":\"\",\"propertyPath\":\"/ZONE\",\"modelName\":\"newBin\"}"}]}
RESULT: undefined
COMMAND: POST /session/918763cbbc85c63b9bd5908a33c44274/element - {"using":"xpath","value":"//*[@id=\"__box12\"]"}
RESULT: {"using":"xpath","value":"//*[@id=\"__box12\"]"}
COMMAND: POST /session/918763cbbc85c63b9bd5908a33c44274/element/f.C58A9DC514FFE328F82A7A8F67B7EF56.d.FBCFC9B5E9C8D48D125A7BD5B722C209.e.9329/click - {}
RESULT: {}
COMMAND: POST /session/918763cbbc85c63b9bd5908a33c44274/execute/async - {"script":"<script> [1562 bytes]","args":[{"selector":{"id":"createOrganizationPop--binTypesCB-arrow","searchOpenDialogs":true},"wdio_ui5_key":"createOrganizationPopbinTypesCB-arrow"}]}
COMMAND: GET /session/918763cbbc85c63b9bd5908a33c44274/screenshot - {}
RESULT: {"script":"<script> [1562 bytes]","args":[{"selector":{"id":"createOrganizationPop--binTypesCB-arrow","searchOpenDialogs":true},"wdio_ui5_key":"createOrganizationPopbinTypesCB-arrow"}]}
RESULT: undefined
COMMAND: POST /session/918763cbbc85c63b9bd5908a33c44274/element - {"using":"xpath","value":"//*[@id=\"createOrganizationPop--binTypesCB-arrow\"]"}
RESULT: {}
RESULT: {"using":"xpath","value":"//*[@id=\"createOrganizationPop--binTypesCB-arrow\"]"}
COMMAND: POST /session/918763cbbc85c63b9bd5908a33c44274/element/f.C58A9DC514FFE328F82A7A8F67B7EF56.d.FBCFC9B5E9C8D48D125A7BD5B722C209.e.9330/click - {}
RESULT: {}
COMMAND: POST /session/918763cbbc85c63b9bd5908a33c44274/execute/async - {"script":"<script> [1562 bytes]","args":[{"selector":{"controlType":"sap.m.StandardListItem","viewName":"etm.portal.ui.binstatusreport.view.MasterWareBins","viewId":"application-binstatusreport-display-component---warehousing","properties":{"title":"1 - General / No capacity check"},"searchOpenDialogs":true,"interaction":{"idSuffix":"content"}},"wdio_ui5_key":"etmportal.ui.binstatusreport.view.MasterWareBinssap.m.StandardListItem{\"title\":\"1 - General / No capacity check\"}"}]}
COMMAND: GET /session/918763cbbc85c63b9bd5908a33c44274/screenshot - {}
RESULT: {"script":"<script> [1562 bytes]","args":[{"selector":{"controlType":"sap.m.StandardListItem","viewName":"etm.portal.ui.binstatusreport.view.MasterWareBins","viewId":"application-binstatusreport-display-component---warehousing","properties":{"title":"1 - General / No capacity check"},"searchOpenDialogs":true,"interaction":{"idSuffix":"content"}},"wdio_ui5_key":"etmportal.ui.binstatusreport.view.MasterWareBinssap.m.StandardListItem{\"title\":\"1 - General / No capacity check\"}"}]}
RESULT: undefined
COMMAND: POST /session/918763cbbc85c63b9bd5908a33c44274/element - {"using":"xpath","value":"//*[@id=\"__item150\"]"}
RESULT: {}
RESULT: {"using":"xpath","value":"//*[@id=\"__item150\"]"}
COMMAND: POST /session/918763cbbc85c63b9bd5908a33c44274/element/f.C58A9DC514FFE328F82A7A8F67B7EF56.d.FBCFC9B5E9C8D48D125A7BD5B722C209.e.9332/click - {}
RESULT: {}
COMMAND: POST /session/918763cbbc85c63b9bd5908a33c44274/execute/async - {"script":"<script> [1562 bytes]","args":[{"selector":{"id":"createOrganizationPop--finishBtn","searchOpenDialogs":true,"interaction":{"idSuffix":"BDI-content"}},"wdio_ui5_key":"createOrganizationPopfinishBtn"}]}
COMMAND: GET /session/918763cbbc85c63b9bd5908a33c44274/screenshot - {}
RESULT: {"script":"<script> [1562 bytes]","args":[{"selector":{"id":"createOrganizationPop--finishBtn","searchOpenDialogs":true,"interaction":{"idSuffix":"BDI-content"}},"wdio_ui5_key":"createOrganizationPopfinishBtn"}]}
RESULT: undefined
COMMAND: POST /session/918763cbbc85c63b9bd5908a33c44274/element - {"using":"xpath","value":"//*[@id=\"createOrganizationPop--finishBtn\"]"}
RESULT: {}
RESULT: {"using":"xpath","value":"//*[@id=\"createOrganizationPop--finishBtn\"]"}
COMMAND: POST /session/918763cbbc85c63b9bd5908a33c44274/element/f.C58A9DC514FFE328F82A7A8F67B7EF56.d.FBCFC9B5E9C8D48D125A7BD5B722C209.e.9334/click - {}
RESULT: {}
COMMAND: GET /session/918763cbbc85c63b9bd5908a33c44274/screenshot - {}
RESULT: {}
COMMAND: POST /session/918763cbbc85c63b9bd5908a33c44274/element - {"using":"css selector","value":"#shell-header-logo"}
RESULT: {"using":"css selector","value":"#shell-header-logo"}
COMMAND: POST /session/918763cbbc85c63b9bd5908a33c44274/element/f.C58A9DC514FFE328F82A7A8F67B7EF56.d.FBCFC9B5E9C8D48D125A7BD5B722C209.e.9218/click - {}
RESULT: {}
COMMAND: GET /session/918763cbbc85c63b9bd5908a33c44274/screenshot - {}
RESULT: {}
]]></system-out>
    </testcase>
    <testcase classname="chrome.135_0_7049_115.windows.Warehouse_movements_inventory_test" name="Should Create new material for WHM yard" time="153.261">
      <system-out><![CDATA[
COMMAND: POST /session/918763cbbc85c63b9bd5908a33c44274/execute/async - {"script":"<script> [1562 bytes]","args":[{"selector":{"controlType":"sap.m.GenericTile","properties":{"header":"Manage Resources"}},"wdio_ui5_key":"sapm.GenericTile{\"header\":\"Manage Resources\"}"}]}
RESULT: {"script":"<script> [1562 bytes]","args":[{"selector":{"controlType":"sap.m.GenericTile","properties":{"header":"Manage Resources"}},"wdio_ui5_key":"sapm.GenericTile{\"header\":\"Manage Resources\"}"}]}
RESULT: undefined
COMMAND: POST /session/918763cbbc85c63b9bd5908a33c44274/element - {"using":"xpath","value":"//*[@id=\"__tile39\"]"}
RESULT: {"using":"xpath","value":"//*[@id=\"__tile39\"]"}
COMMAND: POST /session/918763cbbc85c63b9bd5908a33c44274/element/f.C58A9DC514FFE328F82A7A8F67B7EF56.d.FBCFC9B5E9C8D48D125A7BD5B722C209.e.9341/click - {}
RESULT: {}
COMMAND: GET /session/918763cbbc85c63b9bd5908a33c44274/screenshot - {}
RESULT: {}
COMMAND: POST /session/918763cbbc85c63b9bd5908a33c44274/element - {"using":"xpath","value":"//button[@data-kt=\"addNewRUOverflowToolbarButton\"]"}
RESULT: {"using":"xpath","value":"//button[@data-kt=\"addNewRUOverflowToolbarButton\"]"}
COMMAND: POST /session/918763cbbc85c63b9bd5908a33c44274/element - {"using":"xpath","value":"//button[@data-kt=\"addNewRUOverflowToolbarButton\"]"}
RESULT: {"using":"xpath","value":"//button[@data-kt=\"addNewRUOverflowToolbarButton\"]"}
COMMAND: POST /session/918763cbbc85c63b9bd5908a33c44274/element - {"using":"xpath","value":"//button[@data-kt=\"addNewRUOverflowToolbarButton\"]"}
RESULT: {"using":"xpath","value":"//button[@data-kt=\"addNewRUOverflowToolbarButton\"]"}
COMMAND: POST /session/918763cbbc85c63b9bd5908a33c44274/element - {"using":"xpath","value":"//button[@data-kt=\"addNewRUOverflowToolbarButton\"]"}
RESULT: {"using":"xpath","value":"//button[@data-kt=\"addNewRUOverflowToolbarButton\"]"}
COMMAND: POST /session/918763cbbc85c63b9bd5908a33c44274/execute/sync - {"script":"<script> [8489 bytes]","args":[{"element-6066-11e4-a52e-4f735466cecf":"f.C58A9DC514FFE328F82A7A8F67B7EF56.d.FBCFC9B5E9C8D48D125A7BD5B722C209.e.9371","ELEMENT":"f.C58A9DC514FFE328F82A7A8F67B7EF56.d.FBCFC9B5E9C8D48D125A7BD5B722C209.e.9371"}]}
RESULT: {"script":"<script> [8489 bytes]","args":[{"element-6066-11e4-a52e-4f735466cecf":"f.C58A9DC514FFE328F82A7A8F67B7EF56.d.FBCFC9B5E9C8D48D125A7BD5B722C209.e.9371","ELEMENT":"f.C58A9DC514FFE328F82A7A8F67B7EF56.d.FBCFC9B5E9C8D48D125A7BD5B722C209.e.9371"}]}
COMMAND: POST /session/918763cbbc85c63b9bd5908a33c44274/element/f.C58A9DC514FFE328F82A7A8F67B7EF56.d.FBCFC9B5E9C8D48D125A7BD5B722C209.e.9371/click - {}
COMMAND: GET /session/918763cbbc85c63b9bd5908a33c44274/screenshot - {}
RESULT: {}
COMMAND: POST /session/918763cbbc85c63b9bd5908a33c44274/execute/async - {"script":"<script> [1562 bytes]","args":[{"selector":{"id":"application-manageresources-display-component---newResourceUnit--TYPE-arrow"},"wdio_ui5_key":"applicationmanageresources-display-component---newResourceUnit--TYPE-arrow"}]}
COMMAND: GET /session/918763cbbc85c63b9bd5908a33c44274/screenshot - {}
RESULT: {}
RESULT: {"script":"<script> [1562 bytes]","args":[{"selector":{"id":"application-manageresources-display-component---newResourceUnit--TYPE-arrow"},"wdio_ui5_key":"applicationmanageresources-display-component---newResourceUnit--TYPE-arrow"}]}
RESULT: undefined
COMMAND: POST /session/918763cbbc85c63b9bd5908a33c44274/element - {"using":"xpath","value":"//*[@id=\"application-manageresources-display-component---newResourceUnit--TYPE-arrow\"]"}
RESULT: {}
RESULT: {"using":"xpath","value":"//*[@id=\"application-manageresources-display-component---newResourceUnit--TYPE-arrow\"]"}
COMMAND: POST /session/918763cbbc85c63b9bd5908a33c44274/element/f.C58A9DC514FFE328F82A7A8F67B7EF56.d.FBCFC9B5E9C8D48D125A7BD5B722C209.e.9694/click - {}
RESULT: {}
COMMAND: POST /session/918763cbbc85c63b9bd5908a33c44274/execute/async - {"script":"<script> [1562 bytes]","args":[{"selector":{"controlType":"sap.m.StandardListItem","viewName":"reusables.view.manageresources.NewResourceUnit","viewId":"application-manageresources-display-component---newResourceUnit","properties":{"title":"Material"},"searchOpenDialogs":true,"interaction":{"idSuffix":"titleText"}},"wdio_ui5_key":"reusablesview.manageresources.NewResourceUnitsap.m.StandardListItem{\"title\":\"Material\"}"}]}
COMMAND: GET /session/918763cbbc85c63b9bd5908a33c44274/screenshot - {}
RESULT: {"script":"<script> [1562 bytes]","args":[{"selector":{"controlType":"sap.m.StandardListItem","viewName":"reusables.view.manageresources.NewResourceUnit","viewId":"application-manageresources-display-component---newResourceUnit","properties":{"title":"Material"},"searchOpenDialogs":true,"interaction":{"idSuffix":"titleText"}},"wdio_ui5_key":"reusablesview.manageresources.NewResourceUnitsap.m.StandardListItem{\"title\":\"Material\"}"}]}
RESULT: undefined
COMMAND: POST /session/918763cbbc85c63b9bd5908a33c44274/element - {"using":"xpath","value":"//*[@id=\"__item280\"]"}
RESULT: {}
RESULT: {"using":"xpath","value":"//*[@id=\"__item280\"]"}
COMMAND: POST /session/918763cbbc85c63b9bd5908a33c44274/element/f.C58A9DC514FFE328F82A7A8F67B7EF56.d.FBCFC9B5E9C8D48D125A7BD5B722C209.e.9697/click - {}
RESULT: {}
COMMAND: POST /session/918763cbbc85c63b9bd5908a33c44274/execute/async - {"script":"<script> [1562 bytes]","args":[{"selector":{"id":"application-manageresources-display-component---newResourceUnit--SHORT_TEXT","interaction":{"idSuffix":"inner"}},"wdio_ui5_key":"applicationmanageresources-display-component---newResourceUnit--SHORT_TEXT"}]}
COMMAND: GET /session/918763cbbc85c63b9bd5908a33c44274/screenshot - {}
RESULT: {"script":"<script> [1562 bytes]","args":[{"selector":{"id":"application-manageresources-display-component---newResourceUnit--SHORT_TEXT","interaction":{"idSuffix":"inner"}},"wdio_ui5_key":"applicationmanageresources-display-component---newResourceUnit--SHORT_TEXT"}]}
RESULT: undefined
COMMAND: POST /session/918763cbbc85c63b9bd5908a33c44274/execute/async - {"script":"<script> [776 bytes]","args":[{"enterText":"WebdriverRUR2Cdzbekj","selector":{"id":"application-manageresources-display-component---newResourceUnit--SHORT_TEXT","interaction":{"idSuffix":"inner"}},"clearTextFirst":true,"interactionType":"ENTER_TEXT"}]}
RESULT: {}
RESULT: {"script":"<script> [776 bytes]","args":[{"enterText":"WebdriverRUR2Cdzbekj","selector":{"id":"application-manageresources-display-component---newResourceUnit--SHORT_TEXT","interaction":{"idSuffix":"inner"}},"clearTextFirst":true,"interactionType":"ENTER_TEXT"}]}
COMMAND: POST /session/918763cbbc85c63b9bd5908a33c44274/execute/async - {"script":"<script> [1562 bytes]","args":[{"selector":{"id":"application-manageresources-display-component---newResourceUnit--BASE_UNIT_OF_MEASURE-arrow"},"wdio_ui5_key":"applicationmanageresources-display-component---newResourceUnit--BASE_UNIT_OF_MEASURE-arrow"}]}
RESULT: {"script":"<script> [1562 bytes]","args":[{"selector":{"id":"application-manageresources-display-component---newResourceUnit--BASE_UNIT_OF_MEASURE-arrow"},"wdio_ui5_key":"applicationmanageresources-display-component---newResourceUnit--BASE_UNIT_OF_MEASURE-arrow"}]}
RESULT: undefined
COMMAND: POST /session/918763cbbc85c63b9bd5908a33c44274/element - {"using":"xpath","value":"//*[@id=\"application-manageresources-display-component---newResourceUnit--BASE_UNIT_OF_MEASURE-arrow\"]"}
RESULT: {"using":"xpath","value":"//*[@id=\"application-manageresources-display-component---newResourceUnit--BASE_UNIT_OF_MEASURE-arrow\"]"}
COMMAND: POST /session/918763cbbc85c63b9bd5908a33c44274/element/f.C58A9DC514FFE328F82A7A8F67B7EF56.d.FBCFC9B5E9C8D48D125A7BD5B722C209.e.9753/click - {}
RESULT: {}
COMMAND: POST /session/918763cbbc85c63b9bd5908a33c44274/execute/async - {"script":"<script> [1562 bytes]","args":[{"selector":{"controlType":"sap.m.StandardListItem","viewName":"reusables.view.manageresources.NewResourceUnit","viewId":"application-manageresources-display-component---newResourceUnit","properties":{"title":"Piece"},"searchOpenDialogs":true,"interaction":{"idSuffix":"titleText"}},"wdio_ui5_key":"reusablesview.manageresources.NewResourceUnitsap.m.StandardListItem{\"title\":\"Piece\"}"}]}
COMMAND: GET /session/918763cbbc85c63b9bd5908a33c44274/screenshot - {}
RESULT: {"script":"<script> [1562 bytes]","args":[{"selector":{"controlType":"sap.m.StandardListItem","viewName":"reusables.view.manageresources.NewResourceUnit","viewId":"application-manageresources-display-component---newResourceUnit","properties":{"title":"Piece"},"searchOpenDialogs":true,"interaction":{"idSuffix":"titleText"}},"wdio_ui5_key":"reusablesview.manageresources.NewResourceUnitsap.m.StandardListItem{\"title\":\"Piece\"}"}]}
RESULT: undefined
COMMAND: POST /session/918763cbbc85c63b9bd5908a33c44274/element - {"using":"xpath","value":"//*[@id=\"__item324\"]"}
RESULT: {}
RESULT: {"using":"xpath","value":"//*[@id=\"__item324\"]"}
COMMAND: POST /session/918763cbbc85c63b9bd5908a33c44274/element/f.C58A9DC514FFE328F82A7A8F67B7EF56.d.FBCFC9B5E9C8D48D125A7BD5B722C209.e.9755/click - {}
RESULT: {}
COMMAND: POST /session/918763cbbc85c63b9bd5908a33c44274/element - {"using":"xpath","value":"//input[contains(@id ,\"application-manageresources-display-component---newResourceUnit--SHORT_TEXT-inner\")]"}
COMMAND: GET /session/918763cbbc85c63b9bd5908a33c44274/screenshot - {}
RESULT: {"using":"xpath","value":"//input[contains(@id ,\"application-manageresources-display-component---newResourceUnit--SHORT_TEXT-inner\")]"}
COMMAND: GET /session/918763cbbc85c63b9bd5908a33c44274/element/f.C58A9DC514FFE328F82A7A8F67B7EF56.d.FBCFC9B5E9C8D48D125A7BD5B722C209.e.9714/property/value - {}
RESULT: {}
RESULT: {}
COMMAND: POST /session/918763cbbc85c63b9bd5908a33c44274/execute/async - {"script":"<script> [1562 bytes]","args":[{"selector":{"id":"application-manageresources-display-component---newResourceUnit--WEIGHT_UNIT-arrow"},"wdio_ui5_key":"applicationmanageresources-display-component---newResourceUnit--WEIGHT_UNIT-arrow"}]}
COMMAND: GET /session/918763cbbc85c63b9bd5908a33c44274/screenshot - {}
RESULT: {"script":"<script> [1562 bytes]","args":[{"selector":{"id":"application-manageresources-display-component---newResourceUnit--WEIGHT_UNIT-arrow"},"wdio_ui5_key":"applicationmanageresources-display-component---newResourceUnit--WEIGHT_UNIT-arrow"}]}
RESULT: undefined
COMMAND: POST /session/918763cbbc85c63b9bd5908a33c44274/element - {"using":"xpath","value":"//*[@id=\"application-manageresources-display-component---newResourceUnit--WEIGHT_UNIT-arrow\"]"}
RESULT: {}
RESULT: {"using":"xpath","value":"//*[@id=\"application-manageresources-display-component---newResourceUnit--WEIGHT_UNIT-arrow\"]"}
COMMAND: POST /session/918763cbbc85c63b9bd5908a33c44274/element/f.C58A9DC514FFE328F82A7A8F67B7EF56.d.FBCFC9B5E9C8D48D125A7BD5B722C209.e.9756/click - {}
RESULT: {}
COMMAND: POST /session/918763cbbc85c63b9bd5908a33c44274/execute/async - {"script":"<script> [1562 bytes]","args":[{"selector":{"controlType":"sap.m.StandardListItem","viewName":"reusables.view.manageresources.NewResourceUnit","viewId":"application-manageresources-display-component---newResourceUnit","properties":{"title":"Gram"},"searchOpenDialogs":true,"interaction":{"idSuffix":"content"}},"wdio_ui5_key":"reusablesview.manageresources.NewResourceUnitsap.m.StandardListItem{\"title\":\"Gram\"}"}]}
COMMAND: GET /session/918763cbbc85c63b9bd5908a33c44274/screenshot - {}
RESULT: {"script":"<script> [1562 bytes]","args":[{"selector":{"controlType":"sap.m.StandardListItem","viewName":"reusables.view.manageresources.NewResourceUnit","viewId":"application-manageresources-display-component---newResourceUnit","properties":{"title":"Gram"},"searchOpenDialogs":true,"interaction":{"idSuffix":"content"}},"wdio_ui5_key":"reusablesview.manageresources.NewResourceUnitsap.m.StandardListItem{\"title\":\"Gram\"}"}]}
RESULT: undefined
COMMAND: POST /session/918763cbbc85c63b9bd5908a33c44274/element - {"using":"xpath","value":"//*[@id=\"__item389\"]"}
RESULT: {}
RESULT: {"using":"xpath","value":"//*[@id=\"__item389\"]"}
COMMAND: POST /session/918763cbbc85c63b9bd5908a33c44274/element/f.C58A9DC514FFE328F82A7A8F67B7EF56.d.FBCFC9B5E9C8D48D125A7BD5B722C209.e.9758/click - {}
RESULT: {}
COMMAND: POST /session/918763cbbc85c63b9bd5908a33c44274/execute/async - {"script":"<script> [1562 bytes]","args":[{"selector":{"id":"application-manageresources-display-component---newResourceUnit--newRRUPage-OPHeaderContent-collapseBtn-img"},"wdio_ui5_key":"applicationmanageresources-display-component---newResourceUnit--newRRUPage-OPHeaderContent-collapseBtn-img"}]}
COMMAND: GET /session/918763cbbc85c63b9bd5908a33c44274/screenshot - {}
RESULT: {"script":"<script> [1562 bytes]","args":[{"selector":{"id":"application-manageresources-display-component---newResourceUnit--newRRUPage-OPHeaderContent-collapseBtn-img"},"wdio_ui5_key":"applicationmanageresources-display-component---newResourceUnit--newRRUPage-OPHeaderContent-collapseBtn-img"}]}
RESULT: undefined
COMMAND: POST /session/918763cbbc85c63b9bd5908a33c44274/element - {"using":"xpath","value":"//*[@id=\"application-manageresources-display-component---newResourceUnit--newRRUPage-OPHeaderContent-collapseBtn-img\"]"}
RESULT: {}
RESULT: {"using":"xpath","value":"//*[@id=\"application-manageresources-display-component---newResourceUnit--newRRUPage-OPHeaderContent-collapseBtn-img\"]"}
COMMAND: POST /session/918763cbbc85c63b9bd5908a33c44274/element/f.C58A9DC514FFE328F82A7A8F67B7EF56.d.FBCFC9B5E9C8D48D125A7BD5B722C209.e.9704/click - {}
RESULT: {}
COMMAND: GET /session/918763cbbc85c63b9bd5908a33c44274/screenshot - {}
RESULT: {}
COMMAND: POST /session/918763cbbc85c63b9bd5908a33c44274/element - {"using":"xpath","value":"(//span[contains(@id ,\"application-manageresources-display-component---newResourceUnit--DIMENSION_UNIT-arrow\")])[1]"}
RESULT: {"using":"xpath","value":"(//span[contains(@id ,\"application-manageresources-display-component---newResourceUnit--DIMENSION_UNIT-arrow\")])[1]"}
COMMAND: POST /session/918763cbbc85c63b9bd5908a33c44274/element/f.C58A9DC514FFE328F82A7A8F67B7EF56.d.FBCFC9B5E9C8D48D125A7BD5B722C209.e.9764/click - {}
RESULT: {}
COMMAND: GET /session/918763cbbc85c63b9bd5908a33c44274/screenshot - {}
RESULT: {}
COMMAND: POST /session/918763cbbc85c63b9bd5908a33c44274/execute/async - {"script":"<script> [1562 bytes]","args":[{"selector":{"controlType":"sap.m.StandardListItem","viewName":"reusables.view.manageresources.NewResourceUnit","viewId":"application-manageresources-display-component---newResourceUnit","properties":{"title":"Centimeter"},"searchOpenDialogs":true,"interaction":{"idSuffix":"titleText"}},"wdio_ui5_key":"reusablesview.manageresources.NewResourceUnitsap.m.StandardListItem{\"title\":\"Centimeter\"}"}]}
RESULT: {"script":"<script> [1562 bytes]","args":[{"selector":{"controlType":"sap.m.StandardListItem","viewName":"reusables.view.manageresources.NewResourceUnit","viewId":"application-manageresources-display-component---newResourceUnit","properties":{"title":"Centimeter"},"searchOpenDialogs":true,"interaction":{"idSuffix":"titleText"}},"wdio_ui5_key":"reusablesview.manageresources.NewResourceUnitsap.m.StandardListItem{\"title\":\"Centimeter\"}"}]}
RESULT: undefined
COMMAND: POST /session/918763cbbc85c63b9bd5908a33c44274/element - {"using":"xpath","value":"//*[@id=\"__item392\"]"}
RESULT: {"using":"xpath","value":"//*[@id=\"__item392\"]"}
COMMAND: POST /session/918763cbbc85c63b9bd5908a33c44274/element/f.C58A9DC514FFE328F82A7A8F67B7EF56.d.FBCFC9B5E9C8D48D125A7BD5B722C209.e.9766/click - {}
RESULT: {}
COMMAND: POST /session/918763cbbc85c63b9bd5908a33c44274/execute/async - {"script":"<script> [1562 bytes]","args":[{"selector":{"id":"application-manageresources-display-component---newResourceUnit--newRRUPage-anchBar-application-manageresources-display-component---newResourceUnit--reference-anchor","interaction":{"idSuffix":"BDI-content"}},"wdio_ui5_key":"applicationmanageresources-display-component---newResourceUnit--newRRUPage-anchBar-application-manageresources-display-component---newResourceUnit--reference-anchor"}]}
COMMAND: GET /session/918763cbbc85c63b9bd5908a33c44274/screenshot - {}
RESULT: {"script":"<script> [1562 bytes]","args":[{"selector":{"id":"application-manageresources-display-component---newResourceUnit--newRRUPage-anchBar-application-manageresources-display-component---newResourceUnit--reference-anchor","interaction":{"idSuffix":"BDI-content"}},"wdio_ui5_key":"applicationmanageresources-display-component---newResourceUnit--newRRUPage-anchBar-application-manageresources-display-component---newResourceUnit--reference-anchor"}]}
RESULT: undefined
COMMAND: POST /session/918763cbbc85c63b9bd5908a33c44274/element - {"using":"xpath","value":"//*[@id=\"application-manageresources-display-component---newResourceUnit--newRRUPage-anchBar-application-manageresources-display-component---newResourceUnit--reference-anchor\"]"}
RESULT: {}
RESULT: {"using":"xpath","value":"//*[@id=\"application-manageresources-display-component---newResourceUnit--newRRUPage-anchBar-application-manageresources-display-component---newResourceUnit--reference-anchor\"]"}
COMMAND: POST /session/918763cbbc85c63b9bd5908a33c44274/element/f.C58A9DC514FFE328F82A7A8F67B7EF56.d.FBCFC9B5E9C8D48D125A7BD5B722C209.e.9768/click - {}
RESULT: {}
COMMAND: POST /session/918763cbbc85c63b9bd5908a33c44274/execute/async - {"script":"<script> [1562 bytes]","args":[{"selector":{"id":"application-manageresources-display-component---newResourceUnit--PLANNING_GROUP-arrow"},"wdio_ui5_key":"applicationmanageresources-display-component---newResourceUnit--PLANNING_GROUP-arrow"}]}
COMMAND: GET /session/918763cbbc85c63b9bd5908a33c44274/screenshot - {}
RESULT: {"script":"<script> [1562 bytes]","args":[{"selector":{"id":"application-manageresources-display-component---newResourceUnit--PLANNING_GROUP-arrow"},"wdio_ui5_key":"applicationmanageresources-display-component---newResourceUnit--PLANNING_GROUP-arrow"}]}
RESULT: undefined
COMMAND: POST /session/918763cbbc85c63b9bd5908a33c44274/element - {"using":"xpath","value":"//*[@id=\"application-manageresources-display-component---newResourceUnit--PLANNING_GROUP-arrow\"]"}
RESULT: {}
RESULT: {"using":"xpath","value":"//*[@id=\"application-manageresources-display-component---newResourceUnit--PLANNING_GROUP-arrow\"]"}
COMMAND: POST /session/918763cbbc85c63b9bd5908a33c44274/element/f.C58A9DC514FFE328F82A7A8F67B7EF56.d.FBCFC9B5E9C8D48D125A7BD5B722C209.e.9772/click - {}
RESULT: {}
COMMAND: POST /session/918763cbbc85c63b9bd5908a33c44274/execute/async - {"script":"<script> [1562 bytes]","args":[{"selector":{"controlType":"sap.m.StandardListItem","viewName":"reusables.view.manageresources.NewResourceUnit","viewId":"application-manageresources-display-component---newResourceUnit","properties":{"title":"Heavy Equi"},"searchOpenDialogs":true,"interaction":{"idSuffix":"content"}},"wdio_ui5_key":"reusablesview.manageresources.NewResourceUnitsap.m.StandardListItem{\"title\":\"Heavy Equi\"}"}]}
COMMAND: GET /session/918763cbbc85c63b9bd5908a33c44274/screenshot - {}
RESULT: {"script":"<script> [1562 bytes]","args":[{"selector":{"controlType":"sap.m.StandardListItem","viewName":"reusables.view.manageresources.NewResourceUnit","viewId":"application-manageresources-display-component---newResourceUnit","properties":{"title":"Heavy Equi"},"searchOpenDialogs":true,"interaction":{"idSuffix":"content"}},"wdio_ui5_key":"reusablesview.manageresources.NewResourceUnitsap.m.StandardListItem{\"title\":\"Heavy Equi\"}"}]}
RESULT: undefined
COMMAND: POST /session/918763cbbc85c63b9bd5908a33c44274/element - {"using":"xpath","value":"//*[@id=\"__item400\"]"}
RESULT: {}
RESULT: {"using":"xpath","value":"//*[@id=\"__item400\"]"}
COMMAND: POST /session/918763cbbc85c63b9bd5908a33c44274/element/f.C58A9DC514FFE328F82A7A8F67B7EF56.d.FBCFC9B5E9C8D48D125A7BD5B722C209.e.9775/click - {}
RESULT: {}
COMMAND: GET /session/918763cbbc85c63b9bd5908a33c44274/screenshot - {}
RESULT: {}
COMMAND: POST /session/918763cbbc85c63b9bd5908a33c44274/execute/async - {"script":"<script> [1562 bytes]","args":[{"selector":{"id":"application-manageresources-display-component---newResourceUnit--PLANNING_INDICATOR-arrow"},"wdio_ui5_key":"applicationmanageresources-display-component---newResourceUnit--PLANNING_INDICATOR-arrow"}]}
RESULT: {"script":"<script> [1562 bytes]","args":[{"selector":{"id":"application-manageresources-display-component---newResourceUnit--PLANNING_INDICATOR-arrow"},"wdio_ui5_key":"applicationmanageresources-display-component---newResourceUnit--PLANNING_INDICATOR-arrow"}]}
RESULT: undefined
COMMAND: POST /session/918763cbbc85c63b9bd5908a33c44274/element - {"using":"xpath","value":"//*[@id=\"application-manageresources-display-component---newResourceUnit--PLANNING_INDICATOR-arrow\"]"}
RESULT: {"using":"xpath","value":"//*[@id=\"application-manageresources-display-component---newResourceUnit--PLANNING_INDICATOR-arrow\"]"}
COMMAND: POST /session/918763cbbc85c63b9bd5908a33c44274/element/f.C58A9DC514FFE328F82A7A8F67B7EF56.d.FBCFC9B5E9C8D48D125A7BD5B722C209.e.9776/click - {}
RESULT: {}
COMMAND: POST /session/918763cbbc85c63b9bd5908a33c44274/execute/async - {"script":"<script> [1562 bytes]","args":[{"selector":{"controlType":"sap.m.StandardListItem","viewName":"reusables.view.manageresources.NewResourceUnit","viewId":"application-manageresources-display-component---newResourceUnit","properties":{"title":"10 - infinite"},"searchOpenDialogs":true,"interaction":{"idSuffix":"content"}},"wdio_ui5_key":"reusablesview.manageresources.NewResourceUnitsap.m.StandardListItem{\"title\":\"10 - infinite\"}"}]}
COMMAND: GET /session/918763cbbc85c63b9bd5908a33c44274/screenshot - {}
RESULT: {"script":"<script> [1562 bytes]","args":[{"selector":{"controlType":"sap.m.StandardListItem","viewName":"reusables.view.manageresources.NewResourceUnit","viewId":"application-manageresources-display-component---newResourceUnit","properties":{"title":"10 - infinite"},"searchOpenDialogs":true,"interaction":{"idSuffix":"content"}},"wdio_ui5_key":"reusablesview.manageresources.NewResourceUnitsap.m.StandardListItem{\"title\":\"10 - infinite\"}"}]}
RESULT: undefined
COMMAND: POST /session/918763cbbc85c63b9bd5908a33c44274/element - {"using":"xpath","value":"//*[@id=\"__item410\"]"}
RESULT: {}
RESULT: {"using":"xpath","value":"//*[@id=\"__item410\"]"}
COMMAND: POST /session/918763cbbc85c63b9bd5908a33c44274/element/f.C58A9DC514FFE328F82A7A8F67B7EF56.d.FBCFC9B5E9C8D48D125A7BD5B722C209.e.9778/click - {}
RESULT: {}
COMMAND: GET /session/918763cbbc85c63b9bd5908a33c44274/screenshot - {}
RESULT: {}
COMMAND: POST /session/918763cbbc85c63b9bd5908a33c44274/element - {"using":"xpath","value":"//bdi[contains(text(), \"Time Segment\")]"}
RESULT: {"using":"xpath","value":"//bdi[contains(text(), \"Time Segment\")]"}
COMMAND: GET /session/918763cbbc85c63b9bd5908a33c44274/element/f.C58A9DC514FFE328F82A7A8F67B7EF56.d.FBCFC9B5E9C8D48D125A7BD5B722C209.e.9779/rect - {}
RESULT: {}
COMMAND: GET /session/918763cbbc85c63b9bd5908a33c44274/window/rect - {}
RESULT: {}
COMMAND: POST /session/918763cbbc85c63b9bd5908a33c44274/execute/sync - {"script":"<script> [92 bytes]","args":[]}
RESULT: {"script":"<script> [92 bytes]","args":[]}
COMMAND: POST /session/918763cbbc85c63b9bd5908a33c44274/actions - {"actions":[{"id":"action31","type":"wheel","parameters":{},"actions":[{"type":"scroll","x":-1820,"y":-21,"deltaX":0,"deltaY":0,"duration":0,"origin":{"element-6066-11e4-a52e-4f735466cecf":"f.C58A9DC514FFE328F82A7A8F67B7EF56.d.FBCFC9B5E9C8D48D125A7BD5B722C209.e.9779"}}]}]}
COMMAND: GET /session/918763cbbc85c63b9bd5908a33c44274/screenshot - {}
RESULT: {}
COMMAND: POST /session/918763cbbc85c63b9bd5908a33c44274/execute/sync - {"script":"<script> [79 bytes]","args":[{"element-6066-11e4-a52e-4f735466cecf":"f.C58A9DC514FFE328F82A7A8F67B7EF56.d.FBCFC9B5E9C8D48D125A7BD5B722C209.e.9779","ELEMENT":"f.C58A9DC514FFE328F82A7A8F67B7EF56.d.FBCFC9B5E9C8D48D125A7BD5B722C209.e.9779"},{"block":"start","inline":"nearest"}]}
RESULT: {"script":"<script> [79 bytes]","args":[{"element-6066-11e4-a52e-4f735466cecf":"f.C58A9DC514FFE328F82A7A8F67B7EF56.d.FBCFC9B5E9C8D48D125A7BD5B722C209.e.9779","ELEMENT":"f.C58A9DC514FFE328F82A7A8F67B7EF56.d.FBCFC9B5E9C8D48D125A7BD5B722C209.e.9779"},{"block":"start","inline":"nearest"}]}
COMMAND: GET /session/918763cbbc85c63b9bd5908a33c44274/screenshot - {}
RESULT: {}
COMMAND: POST /session/918763cbbc85c63b9bd5908a33c44274/element - {"using":"xpath","value":"//span[@id=\"application-manageresources-display-component---newResourceUnit--btnAddTimeSegment-img\"]"}
RESULT: {"using":"xpath","value":"//span[@id=\"application-manageresources-display-component---newResourceUnit--btnAddTimeSegment-img\"]"}
COMMAND: POST /session/918763cbbc85c63b9bd5908a33c44274/execute/sync - {"script":"<script> [8489 bytes]","args":[{"element-6066-11e4-a52e-4f735466cecf":"f.C58A9DC514FFE328F82A7A8F67B7EF56.d.FBCFC9B5E9C8D48D125A7BD5B722C209.e.9782","ELEMENT":"f.C58A9DC514FFE328F82A7A8F67B7EF56.d.FBCFC9B5E9C8D48D125A7BD5B722C209.e.9782"}]}
RESULT: {"script":"<script> [8489 bytes]","args":[{"element-6066-11e4-a52e-4f735466cecf":"f.C58A9DC514FFE328F82A7A8F67B7EF56.d.FBCFC9B5E9C8D48D125A7BD5B722C209.e.9782","ELEMENT":"f.C58A9DC514FFE328F82A7A8F67B7EF56.d.FBCFC9B5E9C8D48D125A7BD5B722C209.e.9782"}]}
COMMAND: POST /session/918763cbbc85c63b9bd5908a33c44274/element/f.C58A9DC514FFE328F82A7A8F67B7EF56.d.FBCFC9B5E9C8D48D125A7BD5B722C209.e.9782/click - {}
COMMAND: GET /session/918763cbbc85c63b9bd5908a33c44274/screenshot - {}
RESULT: {}
COMMAND: GET /session/918763cbbc85c63b9bd5908a33c44274/screenshot - {}
COMMAND: POST /session/918763cbbc85c63b9bd5908a33c44274/element - {"using":"xpath","value":"//input[@id=\"application-manageresources-display-component---newResourceUnit--idRuTSAdmin-application-manageresources-display-component---newResourceUnit--RUTimeSegment-0-inner\"]"}
RESULT: {}
RESULT: {}
RESULT: {"using":"xpath","value":"//input[@id=\"application-manageresources-display-component---newResourceUnit--idRuTSAdmin-application-manageresources-display-component---newResourceUnit--RUTimeSegment-0-inner\"]"}
COMMAND: POST /session/918763cbbc85c63b9bd5908a33c44274/element/f.C58A9DC514FFE328F82A7A8F67B7EF56.d.FBCFC9B5E9C8D48D125A7BD5B722C209.e.9785/clear - {}
RESULT: {}
COMMAND: POST /session/918763cbbc85c63b9bd5908a33c44274/element/f.C58A9DC514FFE328F82A7A8F67B7EF56.d.FBCFC9B5E9C8D48D125A7BD5B722C209.e.9785/value - {"text":"WebdriverWHMYard84crd"}
COMMAND: GET /session/918763cbbc85c63b9bd5908a33c44274/screenshot - {}
RESULT: {"text":"WebdriverWHMYard84crd"}
COMMAND: GET /session/918763cbbc85c63b9bd5908a33c44274/screenshot - {}
COMMAND: POST /session/918763cbbc85c63b9bd5908a33c44274/actions - {"actions":[{"id":"action32","type":"key","parameters":{},"actions":[{"type":"keyDown","value":"î€‡"},{"type":"pause","duration":10},{"type":"keyUp","value":"î€‡"}]}]}
RESULT: {}
RESULT: {}
RESULT: {"actions":[{"id":"action32","type":"key","parameters":{},"actions":[{"type":"keyDown","value":"î€‡"},{"type":"pause","duration":10},{"type":"keyUp","value":"î€‡"}]}]}
COMMAND: GET /session/918763cbbc85c63b9bd5908a33c44274/screenshot - {}
RESULT: {}
COMMAND: POST /session/918763cbbc85c63b9bd5908a33c44274/execute/async - {"script":"<script> [1562 bytes]","args":[{"selector":{"controlType":"sap.m.Button","viewName":"reusables.view.manageresources.NewResourceUnit","viewId":"application-manageresources-display-component---newResourceUnit","i18NText":{"propertyName":"tooltip","key":"save"},"interaction":{"idSuffix":"BDI-content"}},"wdio_ui5_key":"reusablesview.manageresources.NewResourceUnitsap.m.Button{\"propertyName\":\"tooltip\",\"key\":\"save\"}"}]}
RESULT: {"script":"<script> [1562 bytes]","args":[{"selector":{"controlType":"sap.m.Button","viewName":"reusables.view.manageresources.NewResourceUnit","viewId":"application-manageresources-display-component---newResourceUnit","i18NText":{"propertyName":"tooltip","key":"save"},"interaction":{"idSuffix":"BDI-content"}},"wdio_ui5_key":"reusablesview.manageresources.NewResourceUnitsap.m.Button{\"propertyName\":\"tooltip\",\"key\":\"save\"}"}]}
RESULT: undefined
COMMAND: POST /session/918763cbbc85c63b9bd5908a33c44274/element - {"using":"xpath","value":"//*[@id=\"application-manageresources-display-component---newResourceUnit--createRuButton\"]"}
RESULT: {"using":"xpath","value":"//*[@id=\"application-manageresources-display-component---newResourceUnit--createRuButton\"]"}
COMMAND: POST /session/918763cbbc85c63b9bd5908a33c44274/element/f.C58A9DC514FFE328F82A7A8F67B7EF56.d.FBCFC9B5E9C8D48D125A7BD5B722C209.e.9710/click - {}
RESULT: {}
COMMAND: GET /session/918763cbbc85c63b9bd5908a33c44274/screenshot - {}
RESULT: {}
COMMAND: POST /session/918763cbbc85c63b9bd5908a33c44274/execute/async - {"script":"<script> [1562 bytes]","args":[{"selector":{"controlType":"sap.m.Title","properties":{"text":"Success"},"searchOpenDialogs":true},"wdio_ui5_key":"sapm.Title{\"text\":\"Success\"}"}]}
RESULT: {"script":"<script> [1562 bytes]","args":[{"selector":{"controlType":"sap.m.Title","properties":{"text":"Success"},"searchOpenDialogs":true},"wdio_ui5_key":"sapm.Title{\"text\":\"Success\"}"}]}
RESULT: undefined
COMMAND: POST /session/918763cbbc85c63b9bd5908a33c44274/execute/async - {"script":"<script> [6424 bytes]","args":[{"element-6066-11e4-a52e-4f735466cecf":"f.C58A9DC514FFE328F82A7A8F67B7EF56.d.FBCFC9B5E9C8D48D125A7BD5B722C209.e.9801"},"getText",[]]}
RESULT: {"script":"<script> [6424 bytes]","args":[{"element-6066-11e4-a52e-4f735466cecf":"f.C58A9DC514FFE328F82A7A8F67B7EF56.d.FBCFC9B5E9C8D48D125A7BD5B722C209.e.9801"},"getText",[]]}
COMMAND: POST /session/918763cbbc85c63b9bd5908a33c44274/element - {"using":"xpath","value":"//*[contains(@id, '__text') and (contains(text(), 'successfully created') or contains(., 'successfully created'))]"}
RESULT: {"using":"xpath","value":"//*[contains(@id, '__text') and (contains(text(), 'successfully created') or contains(., 'successfully created'))]"}
COMMAND: GET /session/918763cbbc85c63b9bd5908a33c44274/element/f.C58A9DC514FFE328F82A7A8F67B7EF56.d.FBCFC9B5E9C8D48D125A7BD5B722C209.e.9800/text - {}
RESULT: {}
COMMAND: POST /session/918763cbbc85c63b9bd5908a33c44274/execute/async - {"script":"<script> [1562 bytes]","args":[{"selector":{"controlType":"sap.m.Button","properties":{"text":"Close"},"searchOpenDialogs":true,"interaction":{"idSuffix":"BDI-content"}},"wdio_ui5_key":"sapm.Button{\"text\":\"Close\"}"}]}
RESULT: {"script":"<script> [1562 bytes]","args":[{"selector":{"controlType":"sap.m.Button","properties":{"text":"Close"},"searchOpenDialogs":true,"interaction":{"idSuffix":"BDI-content"}},"wdio_ui5_key":"sapm.Button{\"text\":\"Close\"}"}]}
RESULT: undefined
COMMAND: POST /session/918763cbbc85c63b9bd5908a33c44274/element - {"using":"xpath","value":"//*[@id=\"__mbox-btn-0\"]"}
RESULT: {"using":"xpath","value":"//*[@id=\"__mbox-btn-0\"]"}
COMMAND: POST /session/918763cbbc85c63b9bd5908a33c44274/element/f.C58A9DC514FFE328F82A7A8F67B7EF56.d.FBCFC9B5E9C8D48D125A7BD5B722C209.e.9797/click - {}
RESULT: {}
COMMAND: GET /session/918763cbbc85c63b9bd5908a33c44274/screenshot - {}
RESULT: {}
COMMAND: POST /session/918763cbbc85c63b9bd5908a33c44274/execute/async - {"script":"<script> [1562 bytes]","args":[{"selector":{"controlType":"sap.ui.core.Icon","viewName":"etm.portal.ui.manageresources.view.Detail","viewId":"application-manageresources-display-component---detailRU","properties":{"src":{"regex":{"source":"overflow"}}}},"wdio_ui5_key":"etmportal.ui.manageresources.view.Detailsap.ui.core.Icon{\"src\":{\"regex\":{\"source\":\"overflow\"}}}"}]}
RESULT: {"script":"<script> [1562 bytes]","args":[{"selector":{"controlType":"sap.ui.core.Icon","viewName":"etm.portal.ui.manageresources.view.Detail","viewId":"application-manageresources-display-component---detailRU","properties":{"src":{"regex":{"source":"overflow"}}}},"wdio_ui5_key":"etmportal.ui.manageresources.view.Detailsap.ui.core.Icon{\"src\":{\"regex\":{\"source\":\"overflow\"}}}"}]}
RESULT: undefined
COMMAND: POST /session/918763cbbc85c63b9bd5908a33c44274/element - {"using":"xpath","value":"//*[@id=\"__title18-_actionsToolbar-overflowButton-img\"]"}
RESULT: {"using":"xpath","value":"//*[@id=\"__title18-_actionsToolbar-overflowButton-img\"]"}
COMMAND: POST /session/918763cbbc85c63b9bd5908a33c44274/element/f.C58A9DC514FFE328F82A7A8F67B7EF56.d.FBCFC9B5E9C8D48D125A7BD5B722C209.e.9829/click - {}
RESULT: {}
COMMAND: POST /session/918763cbbc85c63b9bd5908a33c44274/execute/async - {"script":"<script> [1562 bytes]","args":[{"selector":{"controlType":"sap.m.Button","viewName":"etm.portal.ui.manageresources.view.Detail","viewId":"application-manageresources-display-component---detailRU","i18NText":{"propertyName":"tooltip","key":"closeColumn"},"searchOpenDialogs":true,"interaction":{"idSuffix":"inner"}},"wdio_ui5_key":"etmportal.ui.manageresources.view.Detailsap.m.Button{\"propertyName\":\"tooltip\",\"key\":\"closeColumn\"}"}]}
COMMAND: GET /session/918763cbbc85c63b9bd5908a33c44274/screenshot - {}
RESULT: {"script":"<script> [1562 bytes]","args":[{"selector":{"controlType":"sap.m.Button","viewName":"etm.portal.ui.manageresources.view.Detail","viewId":"application-manageresources-display-component---detailRU","i18NText":{"propertyName":"tooltip","key":"closeColumn"},"searchOpenDialogs":true,"interaction":{"idSuffix":"inner"}},"wdio_ui5_key":"etmportal.ui.manageresources.view.Detailsap.m.Button{\"propertyName\":\"tooltip\",\"key\":\"closeColumn\"}"}]}
RESULT: undefined
COMMAND: POST /session/918763cbbc85c63b9bd5908a33c44274/element - {"using":"xpath","value":"//*[@id=\"__button47\"]"}
RESULT: {}
RESULT: {"using":"xpath","value":"//*[@id=\"__button47\"]"}
COMMAND: POST /session/918763cbbc85c63b9bd5908a33c44274/element/f.C58A9DC514FFE328F82A7A8F67B7EF56.d.FBCFC9B5E9C8D48D125A7BD5B722C209.e.9833/click - {}
RESULT: {}
COMMAND: GET /session/918763cbbc85c63b9bd5908a33c44274/screenshot - {}
RESULT: {}
COMMAND: POST /session/918763cbbc85c63b9bd5908a33c44274/refresh - {}
RESULT: {}
COMMAND: GET /session/918763cbbc85c63b9bd5908a33c44274/screenshot - {}
RESULT: {}
COMMAND: POST /session/918763cbbc85c63b9bd5908a33c44274/execute/async - {"script":"<script> [189 bytes]","args":[]}
RESULT: {"script":"<script> [189 bytes]","args":[]}
COMMAND: POST /session/918763cbbc85c63b9bd5908a33c44274/execute/async - {"script":"<script> [123 bytes]","args":[]}
RESULT: {"script":"<script> [123 bytes]","args":[]}
COMMAND: POST /session/918763cbbc85c63b9bd5908a33c44274/timeouts - {"script":"<number>"}
RESULT: {"script":"<number>"}
COMMAND: GET /session/918763cbbc85c63b9bd5908a33c44274/timeouts - {}
RESULT: {}
RESULT: undefined
COMMAND: POST /session/918763cbbc85c63b9bd5908a33c44274/execute/async - {"script":"<script> [2676 bytes]","args":[]}
RESULT: {"script":"<script> [2676 bytes]","args":[]}
COMMAND: POST /session/918763cbbc85c63b9bd5908a33c44274/execute/async - {"script":"<script> [2342 bytes]","args":[{"protocol":"http","hostname":"0.0.0.0","path":"/","capabilities":{"browserName":"chrome","goog:chromeOptions":{"binary":"C:\\Program Files\\Google\\Chrome\\Application\\chrome.exe","args":["--start-maximized"]}},"logLevel":"warn","connectionRetryTimeout":120000,"connectionRetryCount":3,"logLevels":{},"enableDirectConnect":true,"strictSSL":true,"_":"65 more keys: [\"cacheDir\",\"port\",\"requestedCapabilities\",\"automationProtocol\",\"baseUrl\",\"waitforInterval\",\"waitforTimeout\",\"onReload\",\"beforeCommand\",\"afterCommand\",\"rootDir\",\"specs\",\"suites\",\"exclude\",\"groupLogsByTestSpec\",\"excludeDriverLogs\",\"bail\",\"framework\",\"reporters\",\"services\",\"maxInstances\",\"maxInstancesPerCapability\",\"injectGlobals\",\"filesToWatch\",\"execArgv\",\"runnerEnv\",\"runner\",\"shard\",\"specFileRetries\",\"specFileRetriesDelay\",\"specFileRetriesDeferred\",\"reporterSyncInterval\",\"reporterSyncTimeout\",\"cucumberFeaturesWithLineNumbers\",\"autoCompileOpts\",\"mochaOpts\",\"jasmineOpts\",\"cucumberOpts\",\"onPrepare\",\"onWorkerStart\",\"onWorkerEnd\",\"before\",\"beforeSession\",\"beforeSuite\",\"beforeHook\",\"beforeTest\",\"afterTest\",\"afterHook\",\"afterSuite\",\"afterSession\",\"after\",\"onComplete\",\"beforeAssertion\",\"afterAssertion\",\"beforeFeature\",\"beforeScenario\",\"beforeStep\",\"afterStep\",\"afterScenario\",\"afterFeature\",\"_\",\"suite\",\"$0\",\"ignoredWorkerServices\",\"wdi5\"]"}]}
RESULT: {"script":"<script> [2342 bytes]","args":[{"protocol":"http","hostname":"0.0.0.0","path":"/","capabilities":{"browserName":"chrome","goog:chromeOptions":{"binary":"C:\\Program Files\\Google\\Chrome\\Application\\chrome.exe","args":["--start-maximized"]}},"logLevel":"warn","connectionRetryTimeout":120000,"connectionRetryCount":3,"logLevels":{},"enableDirectConnect":true,"strictSSL":true,"_":"65 more keys: [\"cacheDir\",\"port\",\"requestedCapabilities\",\"automationProtocol\",\"baseUrl\",\"waitforInterval\",\"waitforTimeout\",\"onReload\",\"beforeCommand\",\"afterCommand\",\"rootDir\",\"specs\",\"suites\",\"exclude\",\"groupLogsByTestSpec\",\"excludeDriverLogs\",\"bail\",\"framework\",\"reporters\",\"services\",\"maxInstances\",\"maxInstancesPerCapability\",\"injectGlobals\",\"filesToWatch\",\"execArgv\",\"runnerEnv\",\"runner\",\"shard\",\"specFileRetries\",\"specFileRetriesDelay\",\"specFileRetriesDeferred\",\"reporterSyncInterval\",\"reporterSyncTimeout\",\"cucumberFeaturesWithLineNumbers\",\"autoCompileOpts\",\"mochaOpts\",\"jasmineOpts\",\"cucumberOpts\",\"onPrepare\",\"onWorkerStart\",\"onWorkerEnd\",\"before\",\"beforeSession\",\"beforeSuite\",\"beforeHook\",\"beforeTest\",\"afterTest\",\"afterHook\",\"afterSuite\",\"afterSession\",\"after\",\"onComplete\",\"beforeAssertion\",\"afterAssertion\",\"beforeFeature\",\"beforeScenario\",\"beforeStep\",\"afterStep\",\"afterScenario\",\"afterFeature\",\"_\",\"suite\",\"$0\",\"ignoredWorkerServices\",\"wdi5\"]"}]}
COMMAND: POST /session/918763cbbc85c63b9bd5908a33c44274/execute/async - {"script":"<script> [21126 bytes]","args":[35000]}
RESULT: {"script":"<script> [21126 bytes]","args":[35000]}
COMMAND: POST /session/918763cbbc85c63b9bd5908a33c44274/element - {"using":"css selector","value":"#shell-header-logo"}
RESULT: {"using":"css selector","value":"#shell-header-logo"}
COMMAND: POST /session/918763cbbc85c63b9bd5908a33c44274/element/f.C58A9DC514FFE328F82A7A8F67B7EF56.d.3DC30F53A393F977936CC3BBEABC06ED.e.9935/click - {}
RESULT: {}
COMMAND: GET /session/918763cbbc85c63b9bd5908a33c44274/screenshot - {}
COMMAND: POST /session/918763cbbc85c63b9bd5908a33c44274/element - {"using":"css selector","value":"#shell-header-logo"}
RESULT: {}
RESULT: {"using":"css selector","value":"#shell-header-logo"}
COMMAND: POST /session/918763cbbc85c63b9bd5908a33c44274/element/f.C58A9DC514FFE328F82A7A8F67B7EF56.d.3DC30F53A393F977936CC3BBEABC06ED.e.10112/click - {}
RESULT: {}
COMMAND: GET /session/918763cbbc85c63b9bd5908a33c44274/screenshot - {}
RESULT: {}
]]></system-out>
    </testcase>
  </testsuite>
</testsuites>