<?xml version="1.0" encoding="UTF-8"?>
<testsuites tests="49" failures="0" errors="0" skipped="0">
  <testsuite timestamp="2025-06-02T15:10:15" time="1963.508" tests="49" failures="0" errors="0" skipped="0">
    <properties>
      <property name="specId" value="0" />
      <property name="suiteName" value="Sanity Tests US104253" />
      <property name="capabilities" value="chrome.136_0_7103_93.windows" />
      <property name="file" value="file:///D:/a/1/s/test/specs/General/sanity.spec.js" />
    </properties>
    <testcase classname="chrome.136_0_7103_93.windows.Sanity_Tests_US104253" name="Should open Manage Partners page" time="42.947">
      <system-out><![CDATA[
COMMAND: POST /session/20b6aef6e750aa7409fc9696fccbb445/execute/async - {"script":"<script> [1562 bytes]","args":[{"selector":{"controlType":"sap.m.GenericTile","properties":{"header":"Manage Partners"}},"wdio_ui5_key":"sapm.GenericTile{\"header\":\"Manage Partners\"}"}]}
RESULT: {"script":"<script> [1562 bytes]","args":[{"selector":{"controlType":"sap.m.GenericTile","properties":{"header":"Manage Partners"}},"wdio_ui5_key":"sapm.GenericTile{\"header\":\"Manage Partners\"}"}]}
RESULT: undefined
COMMAND: POST /session/20b6aef6e750aa7409fc9696fccbb445/element - {"using":"xpath","value":"//*[@id=\"__tile38\"]"}
RESULT: {"using":"xpath","value":"//*[@id=\"__tile38\"]"}
COMMAND: POST /session/20b6aef6e750aa7409fc9696fccbb445/element/f.B90319AF98E1C12EEAFDBCD1A3AC4501.d.C032619DAD49644BF568ABDC85E6D10E.e.118/click - {}
RESULT: {}
COMMAND: GET /session/20b6aef6e750aa7409fc9696fccbb445/screenshot - {}
RESULT: {}
COMMAND: POST /session/20b6aef6e750aa7409fc9696fccbb445/elements - {"using":"xpath","value":"//span[text()='Error']"}
RESULT: {"using":"xpath","value":"//span[text()='Error']"}
RESULT: undefined
COMMAND: POST /session/20b6aef6e750aa7409fc9696fccbb445/element - {"using":"xpath","value":"//*[@id=\"__tile38\"]"}
RESULT: {"using":"xpath","value":"//*[@id=\"__tile38\"]"}
COMMAND: POST /session/20b6aef6e750aa7409fc9696fccbb445/element/f.B90319AF98E1C12EEAFDBCD1A3AC4501.d.C032619DAD49644BF568ABDC85E6D10E.e.118/click - {}
RESULT: undefined
COMMAND: POST /session/20b6aef6e750aa7409fc9696fccbb445/element - {"using":"xpath","value":"//*[@id=\"__tile38\"]"}
RESULT: {"using":"xpath","value":"//*[@id=\"__tile38\"]"}
COMMAND: POST /session/20b6aef6e750aa7409fc9696fccbb445/element/f.B90319AF98E1C12EEAFDBCD1A3AC4501.d.C032619DAD49644BF568ABDC85E6D10E.e.118/click - {}
COMMAND: POST /session/20b6aef6e750aa7409fc9696fccbb445/execute/async - {"script":"<script> [1562 bytes]","args":[{"selector":{"id":"shellAppTitle"},"wdio_ui5_key":"shellAppTitle"}]}
RESULT: {"script":"<script> [1562 bytes]","args":[{"selector":{"id":"shellAppTitle"},"wdio_ui5_key":"shellAppTitle"}]}
RESULT: undefined
COMMAND: POST /session/20b6aef6e750aa7409fc9696fccbb445/execute/async - {"script":"<script> [6424 bytes]","args":[{"element-6066-11e4-a52e-4f735466cecf":"f.B90319AF98E1C12EEAFDBCD1A3AC4501.d.C032619DAD49644BF568ABDC85E6D10E.e.290"},"getTitle",[]]}
RESULT: {"script":"<script> [6424 bytes]","args":[{"element-6066-11e4-a52e-4f735466cecf":"f.B90319AF98E1C12EEAFDBCD1A3AC4501.d.C032619DAD49644BF568ABDC85E6D10E.e.290"},"getTitle",[]]}
COMMAND: POST /session/20b6aef6e750aa7409fc9696fccbb445/execute/async - {"script":"<script> [1562 bytes]","args":[{"selector":{"id":"backBtn"},"wdio_ui5_key":"backBtn"}]}
RESULT: {"script":"<script> [1562 bytes]","args":[{"selector":{"id":"backBtn"},"wdio_ui5_key":"backBtn"}]}
RESULT: undefined
COMMAND: POST /session/20b6aef6e750aa7409fc9696fccbb445/element - {"using":"xpath","value":"//*[@id=\"backBtn\"]"}
RESULT: {"using":"xpath","value":"//*[@id=\"backBtn\"]"}
COMMAND: POST /session/20b6aef6e750aa7409fc9696fccbb445/element/f.B90319AF98E1C12EEAFDBCD1A3AC4501.d.C032619DAD49644BF568ABDC85E6D10E.e.291/click - {}
RESULT: {}
COMMAND: GET /session/20b6aef6e750aa7409fc9696fccbb445/screenshot - {}
RESULT: {}
]]></system-out>
    </testcase>
    <testcase classname="chrome.136_0_7103_93.windows.Sanity_Tests_US104253" name="Should open Manage Sites page" time="36.176">
      <system-out><![CDATA[
COMMAND: POST /session/20b6aef6e750aa7409fc9696fccbb445/execute/async - {"script":"<script> [1562 bytes]","args":[{"selector":{"controlType":"sap.m.GenericTile","properties":{"header":"Manage Sites"}},"wdio_ui5_key":"sapm.GenericTile{\"header\":\"Manage Sites\"}"}]}
RESULT: {"script":"<script> [1562 bytes]","args":[{"selector":{"controlType":"sap.m.GenericTile","properties":{"header":"Manage Sites"}},"wdio_ui5_key":"sapm.GenericTile{\"header\":\"Manage Sites\"}"}]}
RESULT: undefined
COMMAND: POST /session/20b6aef6e750aa7409fc9696fccbb445/element - {"using":"xpath","value":"//*[@id=\"__tile40\"]"}
RESULT: {"using":"xpath","value":"//*[@id=\"__tile40\"]"}
COMMAND: POST /session/20b6aef6e750aa7409fc9696fccbb445/element/f.B90319AF98E1C12EEAFDBCD1A3AC4501.d.C032619DAD49644BF568ABDC85E6D10E.e.293/click - {}
RESULT: {}
COMMAND: GET /session/20b6aef6e750aa7409fc9696fccbb445/screenshot - {}
RESULT: {}
COMMAND: POST /session/20b6aef6e750aa7409fc9696fccbb445/elements - {"using":"xpath","value":"//span[text()='Error']"}
RESULT: {"using":"xpath","value":"//span[text()='Error']"}
RESULT: undefined
COMMAND: POST /session/20b6aef6e750aa7409fc9696fccbb445/element - {"using":"xpath","value":"//*[@id=\"__tile40\"]"}
RESULT: {"using":"xpath","value":"//*[@id=\"__tile40\"]"}
COMMAND: POST /session/20b6aef6e750aa7409fc9696fccbb445/element/f.B90319AF98E1C12EEAFDBCD1A3AC4501.d.C032619DAD49644BF568ABDC85E6D10E.e.293/click - {}
RESULT: undefined
COMMAND: POST /session/20b6aef6e750aa7409fc9696fccbb445/element - {"using":"xpath","value":"//*[@id=\"__tile40\"]"}
RESULT: {"using":"xpath","value":"//*[@id=\"__tile40\"]"}
COMMAND: POST /session/20b6aef6e750aa7409fc9696fccbb445/element/f.B90319AF98E1C12EEAFDBCD1A3AC4501.d.C032619DAD49644BF568ABDC85E6D10E.e.293/click - {}
RESULT: undefined
COMMAND: POST /session/20b6aef6e750aa7409fc9696fccbb445/execute/async - {"script":"<script> [6424 bytes]","args":[{"element-6066-11e4-a52e-4f735466cecf":"f.B90319AF98E1C12EEAFDBCD1A3AC4501.d.C032619DAD49644BF568ABDC85E6D10E.e.290"},"getTitle",[]]}
COMMAND: POST /session/20b6aef6e750aa7409fc9696fccbb445/execute/async - {"script":"<script> [1562 bytes]","args":[{"selector":{"id":"shellAppTitle"},"wdio_ui5_key":"shellAppTitle"}]}
RESULT: {"script":"<script> [1562 bytes]","args":[{"selector":{"id":"shellAppTitle"},"wdio_ui5_key":"shellAppTitle"}]}
COMMAND: POST /session/20b6aef6e750aa7409fc9696fccbb445/execute/async - {"script":"<script> [6424 bytes]","args":[{"element-6066-11e4-a52e-4f735466cecf":"f.B90319AF98E1C12EEAFDBCD1A3AC4501.d.C032619DAD49644BF568ABDC85E6D10E.e.482"},"getTitle",[]]}
RESULT: {"script":"<script> [6424 bytes]","args":[{"element-6066-11e4-a52e-4f735466cecf":"f.B90319AF98E1C12EEAFDBCD1A3AC4501.d.C032619DAD49644BF568ABDC85E6D10E.e.482"},"getTitle",[]]}
RESULT: undefined
COMMAND: POST /session/20b6aef6e750aa7409fc9696fccbb445/element/f.B90319AF98E1C12EEAFDBCD1A3AC4501.d.C032619DAD49644BF568ABDC85E6D10E.e.291/click - {}
RESULT: {}
COMMAND: GET /session/20b6aef6e750aa7409fc9696fccbb445/screenshot - {}
RESULT: {}
]]></system-out>
    </testcase>
    <testcase classname="chrome.136_0_7103_93.windows.Sanity_Tests_US104253" name="Should open Manage Resources page" time="43.007">
      <system-out><![CDATA[
COMMAND: POST /session/20b6aef6e750aa7409fc9696fccbb445/execute/async - {"script":"<script> [1562 bytes]","args":[{"selector":{"controlType":"sap.m.GenericTile","properties":{"header":"Manage Resources"}},"wdio_ui5_key":"sapm.GenericTile{\"header\":\"Manage Resources\"}"}]}
RESULT: {"script":"<script> [1562 bytes]","args":[{"selector":{"controlType":"sap.m.GenericTile","properties":{"header":"Manage Resources"}},"wdio_ui5_key":"sapm.GenericTile{\"header\":\"Manage Resources\"}"}]}
RESULT: undefined
COMMAND: POST /session/20b6aef6e750aa7409fc9696fccbb445/element - {"using":"xpath","value":"//*[@id=\"__tile39\"]"}
RESULT: {"using":"xpath","value":"//*[@id=\"__tile39\"]"}
COMMAND: POST /session/20b6aef6e750aa7409fc9696fccbb445/element/f.B90319AF98E1C12EEAFDBCD1A3AC4501.d.C032619DAD49644BF568ABDC85E6D10E.e.484/click - {}
RESULT: {}
COMMAND: GET /session/20b6aef6e750aa7409fc9696fccbb445/screenshot - {}
RESULT: {}
COMMAND: POST /session/20b6aef6e750aa7409fc9696fccbb445/elements - {"using":"xpath","value":"//span[text()='Error']"}
RESULT: {"using":"xpath","value":"//span[text()='Error']"}
RESULT: undefined
COMMAND: POST /session/20b6aef6e750aa7409fc9696fccbb445/element - {"using":"xpath","value":"//*[@id=\"__tile39\"]"}
RESULT: {"using":"xpath","value":"//*[@id=\"__tile39\"]"}
COMMAND: POST /session/20b6aef6e750aa7409fc9696fccbb445/element/f.B90319AF98E1C12EEAFDBCD1A3AC4501.d.C032619DAD49644BF568ABDC85E6D10E.e.484/click - {}
RESULT: undefined
COMMAND: POST /session/20b6aef6e750aa7409fc9696fccbb445/element - {"using":"xpath","value":"//*[@id=\"__tile39\"]"}
RESULT: {"using":"xpath","value":"//*[@id=\"__tile39\"]"}
COMMAND: POST /session/20b6aef6e750aa7409fc9696fccbb445/element/f.B90319AF98E1C12EEAFDBCD1A3AC4501.d.C032619DAD49644BF568ABDC85E6D10E.e.484/click - {}
RESULT: undefined
COMMAND: POST /session/20b6aef6e750aa7409fc9696fccbb445/execute/async - {"script":"<script> [6424 bytes]","args":[{"element-6066-11e4-a52e-4f735466cecf":"f.B90319AF98E1C12EEAFDBCD1A3AC4501.d.C032619DAD49644BF568ABDC85E6D10E.e.290"},"getTitle",[]]}
COMMAND: POST /session/20b6aef6e750aa7409fc9696fccbb445/execute/async - {"script":"<script> [1562 bytes]","args":[{"selector":{"id":"shellAppTitle"},"wdio_ui5_key":"shellAppTitle"}]}
RESULT: {"script":"<script> [1562 bytes]","args":[{"selector":{"id":"shellAppTitle"},"wdio_ui5_key":"shellAppTitle"}]}
COMMAND: POST /session/20b6aef6e750aa7409fc9696fccbb445/execute/async - {"script":"<script> [6424 bytes]","args":[{"element-6066-11e4-a52e-4f735466cecf":"f.B90319AF98E1C12EEAFDBCD1A3AC4501.d.C032619DAD49644BF568ABDC85E6D10E.e.656"},"getTitle",[]]}
RESULT: {"script":"<script> [6424 bytes]","args":[{"element-6066-11e4-a52e-4f735466cecf":"f.B90319AF98E1C12EEAFDBCD1A3AC4501.d.C032619DAD49644BF568ABDC85E6D10E.e.656"},"getTitle",[]]}
RESULT: undefined
COMMAND: POST /session/20b6aef6e750aa7409fc9696fccbb445/element/f.B90319AF98E1C12EEAFDBCD1A3AC4501.d.C032619DAD49644BF568ABDC85E6D10E.e.291/click - {}
COMMAND: POST /session/20b6aef6e750aa7409fc9696fccbb445/element - {"using":"xpath","value":"//*[@id=\"backBtn\"]"}
RESULT: {"using":"xpath","value":"//*[@id=\"backBtn\"]"}
COMMAND: POST /session/20b6aef6e750aa7409fc9696fccbb445/element/f.B90319AF98E1C12EEAFDBCD1A3AC4501.d.C032619DAD49644BF568ABDC85E6D10E.e.291/click - {}
COMMAND: POST /session/20b6aef6e750aa7409fc9696fccbb445/element - {"using":"xpath","value":"//*[@id=\"backBtn\"]"}
RESULT: {"using":"xpath","value":"//*[@id=\"backBtn\"]"}
COMMAND: POST /session/20b6aef6e750aa7409fc9696fccbb445/element/f.B90319AF98E1C12EEAFDBCD1A3AC4501.d.C032619DAD49644BF568ABDC85E6D10E.e.657/click - {}
RESULT: {}
COMMAND: GET /session/20b6aef6e750aa7409fc9696fccbb445/screenshot - {}
RESULT: {}
]]></system-out>
    </testcase>
    <testcase classname="chrome.136_0_7103_93.windows.Sanity_Tests_US104253" name="Should open Manage Catalogs page" time="40.138">
      <system-out><![CDATA[
COMMAND: POST /session/20b6aef6e750aa7409fc9696fccbb445/execute/async - {"script":"<script> [1562 bytes]","args":[{"selector":{"controlType":"sap.m.GenericTile","properties":{"header":"Manage Catalogs"}},"wdio_ui5_key":"sapm.GenericTile{\"header\":\"Manage Catalogs\"}"}]}
RESULT: {"script":"<script> [1562 bytes]","args":[{"selector":{"controlType":"sap.m.GenericTile","properties":{"header":"Manage Catalogs"}},"wdio_ui5_key":"sapm.GenericTile{\"header\":\"Manage Catalogs\"}"}]}
RESULT: undefined
COMMAND: POST /session/20b6aef6e750aa7409fc9696fccbb445/element - {"using":"xpath","value":"//*[@id=\"__tile37\"]"}
RESULT: {"using":"xpath","value":"//*[@id=\"__tile37\"]"}
COMMAND: POST /session/20b6aef6e750aa7409fc9696fccbb445/element/f.B90319AF98E1C12EEAFDBCD1A3AC4501.d.C032619DAD49644BF568ABDC85E6D10E.e.659/click - {}
RESULT: {}
COMMAND: GET /session/20b6aef6e750aa7409fc9696fccbb445/screenshot - {}
RESULT: {}
COMMAND: POST /session/20b6aef6e750aa7409fc9696fccbb445/elements - {"using":"xpath","value":"//span[text()='Error']"}
RESULT: {"using":"xpath","value":"//span[text()='Error']"}
RESULT: undefined
COMMAND: POST /session/20b6aef6e750aa7409fc9696fccbb445/element - {"using":"xpath","value":"//*[@id=\"__tile37\"]"}
RESULT: {"using":"xpath","value":"//*[@id=\"__tile37\"]"}
COMMAND: POST /session/20b6aef6e750aa7409fc9696fccbb445/element/f.B90319AF98E1C12EEAFDBCD1A3AC4501.d.C032619DAD49644BF568ABDC85E6D10E.e.659/click - {}
RESULT: undefined
COMMAND: POST /session/20b6aef6e750aa7409fc9696fccbb445/element - {"using":"xpath","value":"//*[@id=\"__tile37\"]"}
RESULT: {"using":"xpath","value":"//*[@id=\"__tile37\"]"}
COMMAND: POST /session/20b6aef6e750aa7409fc9696fccbb445/element/f.B90319AF98E1C12EEAFDBCD1A3AC4501.d.C032619DAD49644BF568ABDC85E6D10E.e.659/click - {}
RESULT: undefined
COMMAND: POST /session/20b6aef6e750aa7409fc9696fccbb445/execute/async - {"script":"<script> [6424 bytes]","args":[{"element-6066-11e4-a52e-4f735466cecf":"f.B90319AF98E1C12EEAFDBCD1A3AC4501.d.C032619DAD49644BF568ABDC85E6D10E.e.290"},"getTitle",[]]}
COMMAND: POST /session/20b6aef6e750aa7409fc9696fccbb445/execute/async - {"script":"<script> [1562 bytes]","args":[{"selector":{"id":"shellAppTitle"},"wdio_ui5_key":"shellAppTitle"}]}
RESULT: {"script":"<script> [1562 bytes]","args":[{"selector":{"id":"shellAppTitle"},"wdio_ui5_key":"shellAppTitle"}]}
COMMAND: POST /session/20b6aef6e750aa7409fc9696fccbb445/execute/async - {"script":"<script> [6424 bytes]","args":[{"element-6066-11e4-a52e-4f735466cecf":"f.B90319AF98E1C12EEAFDBCD1A3AC4501.d.C032619DAD49644BF568ABDC85E6D10E.e.727"},"getTitle",[]]}
RESULT: {"script":"<script> [6424 bytes]","args":[{"element-6066-11e4-a52e-4f735466cecf":"f.B90319AF98E1C12EEAFDBCD1A3AC4501.d.C032619DAD49644BF568ABDC85E6D10E.e.727"},"getTitle",[]]}
RESULT: undefined
COMMAND: POST /session/20b6aef6e750aa7409fc9696fccbb445/element/f.B90319AF98E1C12EEAFDBCD1A3AC4501.d.C032619DAD49644BF568ABDC85E6D10E.e.657/click - {}
RESULT: {}
COMMAND: GET /session/20b6aef6e750aa7409fc9696fccbb445/screenshot - {}
RESULT: {}
]]></system-out>
    </testcase>
    <testcase classname="chrome.136_0_7103_93.windows.Sanity_Tests_US104253" name="Should open Manage Calendars page" time="36.148">
      <system-out><![CDATA[
COMMAND: POST /session/20b6aef6e750aa7409fc9696fccbb445/execute/async - {"script":"<script> [1562 bytes]","args":[{"selector":{"controlType":"sap.m.GenericTile","properties":{"header":"Manage Calendars"}},"wdio_ui5_key":"sapm.GenericTile{\"header\":\"Manage Calendars\"}"}]}
RESULT: {"script":"<script> [1562 bytes]","args":[{"selector":{"controlType":"sap.m.GenericTile","properties":{"header":"Manage Calendars"}},"wdio_ui5_key":"sapm.GenericTile{\"header\":\"Manage Calendars\"}"}]}
RESULT: undefined
COMMAND: POST /session/20b6aef6e750aa7409fc9696fccbb445/element - {"using":"xpath","value":"//*[@id=\"__tile36\"]"}
RESULT: {"using":"xpath","value":"//*[@id=\"__tile36\"]"}
COMMAND: POST /session/20b6aef6e750aa7409fc9696fccbb445/element/f.B90319AF98E1C12EEAFDBCD1A3AC4501.d.C032619DAD49644BF568ABDC85E6D10E.e.108/click - {}
RESULT: {}
COMMAND: GET /session/20b6aef6e750aa7409fc9696fccbb445/screenshot - {}
RESULT: {}
COMMAND: POST /session/20b6aef6e750aa7409fc9696fccbb445/elements - {"using":"xpath","value":"//span[text()='Error']"}
RESULT: {"using":"xpath","value":"//span[text()='Error']"}
RESULT: undefined
COMMAND: POST /session/20b6aef6e750aa7409fc9696fccbb445/element - {"using":"xpath","value":"//*[@id=\"__tile36\"]"}
RESULT: {"using":"xpath","value":"//*[@id=\"__tile36\"]"}
COMMAND: POST /session/20b6aef6e750aa7409fc9696fccbb445/element/f.B90319AF98E1C12EEAFDBCD1A3AC4501.d.C032619DAD49644BF568ABDC85E6D10E.e.108/click - {}
RESULT: undefined
COMMAND: POST /session/20b6aef6e750aa7409fc9696fccbb445/element - {"using":"xpath","value":"//*[@id=\"__tile36\"]"}
RESULT: {"using":"xpath","value":"//*[@id=\"__tile36\"]"}
COMMAND: POST /session/20b6aef6e750aa7409fc9696fccbb445/element/f.B90319AF98E1C12EEAFDBCD1A3AC4501.d.C032619DAD49644BF568ABDC85E6D10E.e.108/click - {}
RESULT: undefined
COMMAND: POST /session/20b6aef6e750aa7409fc9696fccbb445/execute/async - {"script":"<script> [6424 bytes]","args":[{"element-6066-11e4-a52e-4f735466cecf":"f.B90319AF98E1C12EEAFDBCD1A3AC4501.d.C032619DAD49644BF568ABDC85E6D10E.e.290"},"getTitle",[]]}
COMMAND: POST /session/20b6aef6e750aa7409fc9696fccbb445/execute/async - {"script":"<script> [1562 bytes]","args":[{"selector":{"id":"shellAppTitle"},"wdio_ui5_key":"shellAppTitle"}]}
RESULT: {"script":"<script> [1562 bytes]","args":[{"selector":{"id":"shellAppTitle"},"wdio_ui5_key":"shellAppTitle"}]}
COMMAND: POST /session/20b6aef6e750aa7409fc9696fccbb445/execute/async - {"script":"<script> [6424 bytes]","args":[{"element-6066-11e4-a52e-4f735466cecf":"f.B90319AF98E1C12EEAFDBCD1A3AC4501.d.C032619DAD49644BF568ABDC85E6D10E.e.792"},"getTitle",[]]}
RESULT: {"script":"<script> [6424 bytes]","args":[{"element-6066-11e4-a52e-4f735466cecf":"f.B90319AF98E1C12EEAFDBCD1A3AC4501.d.C032619DAD49644BF568ABDC85E6D10E.e.792"},"getTitle",[]]}
RESULT: undefined
COMMAND: POST /session/20b6aef6e750aa7409fc9696fccbb445/element/f.B90319AF98E1C12EEAFDBCD1A3AC4501.d.C032619DAD49644BF568ABDC85E6D10E.e.657/click - {}
COMMAND: POST /session/20b6aef6e750aa7409fc9696fccbb445/element - {"using":"xpath","value":"//*[@id=\"backBtn\"]"}
RESULT: {"using":"xpath","value":"//*[@id=\"backBtn\"]"}
COMMAND: POST /session/20b6aef6e750aa7409fc9696fccbb445/element/f.B90319AF98E1C12EEAFDBCD1A3AC4501.d.C032619DAD49644BF568ABDC85E6D10E.e.657/click - {}
COMMAND: POST /session/20b6aef6e750aa7409fc9696fccbb445/element - {"using":"xpath","value":"//*[@id=\"backBtn\"]"}
RESULT: {"using":"xpath","value":"//*[@id=\"backBtn\"]"}
COMMAND: POST /session/20b6aef6e750aa7409fc9696fccbb445/element/f.B90319AF98E1C12EEAFDBCD1A3AC4501.d.C032619DAD49644BF568ABDC85E6D10E.e.793/click - {}
RESULT: {}
COMMAND: GET /session/20b6aef6e750aa7409fc9696fccbb445/screenshot - {}
RESULT: {}
]]></system-out>
    </testcase>
    <testcase classname="chrome.136_0_7103_93.windows.Sanity_Tests_US104253" name="Should open Address Management page" time="37.836">
      <system-out><![CDATA[
COMMAND: POST /session/20b6aef6e750aa7409fc9696fccbb445/execute/async - {"script":"<script> [1562 bytes]","args":[{"selector":{"controlType":"sap.m.GenericTile","properties":{"header":"Address Management"}},"wdio_ui5_key":"sapm.GenericTile{\"header\":\"Address Management\"}"}]}
RESULT: {"script":"<script> [1562 bytes]","args":[{"selector":{"controlType":"sap.m.GenericTile","properties":{"header":"Address Management"}},"wdio_ui5_key":"sapm.GenericTile{\"header\":\"Address Management\"}"}]}
RESULT: undefined
COMMAND: POST /session/20b6aef6e750aa7409fc9696fccbb445/element - {"using":"xpath","value":"//*[@id=\"__tile33\"]"}
RESULT: {"using":"xpath","value":"//*[@id=\"__tile33\"]"}
COMMAND: POST /session/20b6aef6e750aa7409fc9696fccbb445/element/f.B90319AF98E1C12EEAFDBCD1A3AC4501.d.C032619DAD49644BF568ABDC85E6D10E.e.795/click - {}
RESULT: {}
COMMAND: GET /session/20b6aef6e750aa7409fc9696fccbb445/screenshot - {}
RESULT: {}
COMMAND: POST /session/20b6aef6e750aa7409fc9696fccbb445/elements - {"using":"xpath","value":"//span[text()='Error']"}
RESULT: {"using":"xpath","value":"//span[text()='Error']"}
RESULT: undefined
COMMAND: POST /session/20b6aef6e750aa7409fc9696fccbb445/element - {"using":"xpath","value":"//*[@id=\"__tile33\"]"}
RESULT: {"using":"xpath","value":"//*[@id=\"__tile33\"]"}
COMMAND: POST /session/20b6aef6e750aa7409fc9696fccbb445/element/f.B90319AF98E1C12EEAFDBCD1A3AC4501.d.C032619DAD49644BF568ABDC85E6D10E.e.795/click - {}
RESULT: undefined
COMMAND: POST /session/20b6aef6e750aa7409fc9696fccbb445/element - {"using":"xpath","value":"//*[@id=\"__tile33\"]"}
RESULT: {"using":"xpath","value":"//*[@id=\"__tile33\"]"}
COMMAND: POST /session/20b6aef6e750aa7409fc9696fccbb445/element/f.B90319AF98E1C12EEAFDBCD1A3AC4501.d.C032619DAD49644BF568ABDC85E6D10E.e.795/click - {}
RESULT: undefined
COMMAND: POST /session/20b6aef6e750aa7409fc9696fccbb445/execute/async - {"script":"<script> [6424 bytes]","args":[{"element-6066-11e4-a52e-4f735466cecf":"f.B90319AF98E1C12EEAFDBCD1A3AC4501.d.C032619DAD49644BF568ABDC85E6D10E.e.290"},"getTitle",[]]}
COMMAND: POST /session/20b6aef6e750aa7409fc9696fccbb445/execute/async - {"script":"<script> [1562 bytes]","args":[{"selector":{"id":"shellAppTitle"},"wdio_ui5_key":"shellAppTitle"}]}
RESULT: {"script":"<script> [1562 bytes]","args":[{"selector":{"id":"shellAppTitle"},"wdio_ui5_key":"shellAppTitle"}]}
COMMAND: POST /session/20b6aef6e750aa7409fc9696fccbb445/execute/async - {"script":"<script> [6424 bytes]","args":[{"element-6066-11e4-a52e-4f735466cecf":"f.B90319AF98E1C12EEAFDBCD1A3AC4501.d.C032619DAD49644BF568ABDC85E6D10E.e.976"},"getTitle",[]]}
RESULT: {"script":"<script> [6424 bytes]","args":[{"element-6066-11e4-a52e-4f735466cecf":"f.B90319AF98E1C12EEAFDBCD1A3AC4501.d.C032619DAD49644BF568ABDC85E6D10E.e.976"},"getTitle",[]]}
RESULT: undefined
COMMAND: POST /session/20b6aef6e750aa7409fc9696fccbb445/element/f.B90319AF98E1C12EEAFDBCD1A3AC4501.d.C032619DAD49644BF568ABDC85E6D10E.e.793/click - {}
RESULT: {}
COMMAND: GET /session/20b6aef6e750aa7409fc9696fccbb445/screenshot - {}
RESULT: {}
]]></system-out>
    </testcase>
    <testcase classname="chrome.136_0_7103_93.windows.Sanity_Tests_US104253" name="Should open Bill Of Resources page" time="36.586">
      <system-out><![CDATA[
COMMAND: POST /session/20b6aef6e750aa7409fc9696fccbb445/execute/async - {"script":"<script> [1562 bytes]","args":[{"selector":{"controlType":"sap.m.GenericTile","properties":{"header":"Bill Of Resources"}},"wdio_ui5_key":"sapm.GenericTile{\"header\":\"Bill Of Resources\"}"}]}
RESULT: {"script":"<script> [1562 bytes]","args":[{"selector":{"controlType":"sap.m.GenericTile","properties":{"header":"Bill Of Resources"}},"wdio_ui5_key":"sapm.GenericTile{\"header\":\"Bill Of Resources\"}"}]}
RESULT: undefined
COMMAND: POST /session/20b6aef6e750aa7409fc9696fccbb445/element - {"using":"xpath","value":"//*[@id=\"__tile34\"]"}
RESULT: {"using":"xpath","value":"//*[@id=\"__tile34\"]"}
COMMAND: POST /session/20b6aef6e750aa7409fc9696fccbb445/element/f.B90319AF98E1C12EEAFDBCD1A3AC4501.d.C032619DAD49644BF568ABDC85E6D10E.e.978/click - {}
RESULT: {}
COMMAND: GET /session/20b6aef6e750aa7409fc9696fccbb445/screenshot - {}
RESULT: {}
COMMAND: POST /session/20b6aef6e750aa7409fc9696fccbb445/elements - {"using":"xpath","value":"//span[text()='Error']"}
RESULT: {"using":"xpath","value":"//span[text()='Error']"}
RESULT: undefined
COMMAND: POST /session/20b6aef6e750aa7409fc9696fccbb445/element - {"using":"xpath","value":"//*[@id=\"__tile34\"]"}
RESULT: {"using":"xpath","value":"//*[@id=\"__tile34\"]"}
COMMAND: POST /session/20b6aef6e750aa7409fc9696fccbb445/element/f.B90319AF98E1C12EEAFDBCD1A3AC4501.d.C032619DAD49644BF568ABDC85E6D10E.e.978/click - {}
RESULT: undefined
COMMAND: POST /session/20b6aef6e750aa7409fc9696fccbb445/element - {"using":"xpath","value":"//*[@id=\"__tile34\"]"}
RESULT: {"using":"xpath","value":"//*[@id=\"__tile34\"]"}
COMMAND: POST /session/20b6aef6e750aa7409fc9696fccbb445/element/f.B90319AF98E1C12EEAFDBCD1A3AC4501.d.C032619DAD49644BF568ABDC85E6D10E.e.978/click - {}
RESULT: undefined
COMMAND: POST /session/20b6aef6e750aa7409fc9696fccbb445/execute/async - {"script":"<script> [6424 bytes]","args":[{"element-6066-11e4-a52e-4f735466cecf":"f.B90319AF98E1C12EEAFDBCD1A3AC4501.d.C032619DAD49644BF568ABDC85E6D10E.e.290"},"getTitle",[]]}
COMMAND: POST /session/20b6aef6e750aa7409fc9696fccbb445/execute/async - {"script":"<script> [1562 bytes]","args":[{"selector":{"id":"shellAppTitle"},"wdio_ui5_key":"shellAppTitle"}]}
RESULT: {"script":"<script> [1562 bytes]","args":[{"selector":{"id":"shellAppTitle"},"wdio_ui5_key":"shellAppTitle"}]}
COMMAND: POST /session/20b6aef6e750aa7409fc9696fccbb445/execute/async - {"script":"<script> [6424 bytes]","args":[{"element-6066-11e4-a52e-4f735466cecf":"f.B90319AF98E1C12EEAFDBCD1A3AC4501.d.C032619DAD49644BF568ABDC85E6D10E.e.1071"},"getTitle",[]]}
RESULT: {"script":"<script> [6424 bytes]","args":[{"element-6066-11e4-a52e-4f735466cecf":"f.B90319AF98E1C12EEAFDBCD1A3AC4501.d.C032619DAD49644BF568ABDC85E6D10E.e.1071"},"getTitle",[]]}
RESULT: undefined
COMMAND: POST /session/20b6aef6e750aa7409fc9696fccbb445/element/f.B90319AF98E1C12EEAFDBCD1A3AC4501.d.C032619DAD49644BF568ABDC85E6D10E.e.793/click - {}
COMMAND: POST /session/20b6aef6e750aa7409fc9696fccbb445/element - {"using":"xpath","value":"//*[@id=\"backBtn\"]"}
RESULT: {"using":"xpath","value":"//*[@id=\"backBtn\"]"}
COMMAND: POST /session/20b6aef6e750aa7409fc9696fccbb445/element/f.B90319AF98E1C12EEAFDBCD1A3AC4501.d.C032619DAD49644BF568ABDC85E6D10E.e.793/click - {}
COMMAND: POST /session/20b6aef6e750aa7409fc9696fccbb445/element - {"using":"xpath","value":"//*[@id=\"backBtn\"]"}
RESULT: {"using":"xpath","value":"//*[@id=\"backBtn\"]"}
COMMAND: POST /session/20b6aef6e750aa7409fc9696fccbb445/element/f.B90319AF98E1C12EEAFDBCD1A3AC4501.d.C032619DAD49644BF568ABDC85E6D10E.e.1072/click - {}
RESULT: {}
COMMAND: GET /session/20b6aef6e750aa7409fc9696fccbb445/screenshot - {}
RESULT: {}
]]></system-out>
    </testcase>
    <testcase classname="chrome.136_0_7103_93.windows.Sanity_Tests_US104253" name="Should open Manage Yards page" time="37.616">
      <system-out><![CDATA[
COMMAND: POST /session/20b6aef6e750aa7409fc9696fccbb445/execute/async - {"script":"<script> [1562 bytes]","args":[{"selector":{"controlType":"sap.m.GenericTile","properties":{"header":"Manage Yards"}},"wdio_ui5_key":"sapm.GenericTile{\"header\":\"Manage Yards\"}"}]}
RESULT: {"script":"<script> [1562 bytes]","args":[{"selector":{"controlType":"sap.m.GenericTile","properties":{"header":"Manage Yards"}},"wdio_ui5_key":"sapm.GenericTile{\"header\":\"Manage Yards\"}"}]}
RESULT: undefined
COMMAND: POST /session/20b6aef6e750aa7409fc9696fccbb445/element - {"using":"xpath","value":"//*[@id=\"__tile41\"]"}
RESULT: {"using":"xpath","value":"//*[@id=\"__tile41\"]"}
COMMAND: POST /session/20b6aef6e750aa7409fc9696fccbb445/element/f.B90319AF98E1C12EEAFDBCD1A3AC4501.d.C032619DAD49644BF568ABDC85E6D10E.e.1074/click - {}
RESULT: {}
COMMAND: GET /session/20b6aef6e750aa7409fc9696fccbb445/screenshot - {}
RESULT: {}
COMMAND: POST /session/20b6aef6e750aa7409fc9696fccbb445/elements - {"using":"xpath","value":"//span[text()='Error']"}
RESULT: {"using":"xpath","value":"//span[text()='Error']"}
RESULT: undefined
COMMAND: POST /session/20b6aef6e750aa7409fc9696fccbb445/element - {"using":"xpath","value":"//*[@id=\"__tile41\"]"}
RESULT: {"using":"xpath","value":"//*[@id=\"__tile41\"]"}
COMMAND: POST /session/20b6aef6e750aa7409fc9696fccbb445/element/f.B90319AF98E1C12EEAFDBCD1A3AC4501.d.C032619DAD49644BF568ABDC85E6D10E.e.1074/click - {}
RESULT: undefined
COMMAND: POST /session/20b6aef6e750aa7409fc9696fccbb445/element - {"using":"xpath","value":"//*[@id=\"__tile41\"]"}
RESULT: {"using":"xpath","value":"//*[@id=\"__tile41\"]"}
COMMAND: POST /session/20b6aef6e750aa7409fc9696fccbb445/element/f.B90319AF98E1C12EEAFDBCD1A3AC4501.d.C032619DAD49644BF568ABDC85E6D10E.e.1074/click - {}
RESULT: undefined
COMMAND: POST /session/20b6aef6e750aa7409fc9696fccbb445/execute/async - {"script":"<script> [6424 bytes]","args":[{"element-6066-11e4-a52e-4f735466cecf":"f.B90319AF98E1C12EEAFDBCD1A3AC4501.d.C032619DAD49644BF568ABDC85E6D10E.e.290"},"getTitle",[]]}
COMMAND: POST /session/20b6aef6e750aa7409fc9696fccbb445/execute/async - {"script":"<script> [1562 bytes]","args":[{"selector":{"id":"shellAppTitle"},"wdio_ui5_key":"shellAppTitle"}]}
RESULT: {"script":"<script> [1562 bytes]","args":[{"selector":{"id":"shellAppTitle"},"wdio_ui5_key":"shellAppTitle"}]}
COMMAND: POST /session/20b6aef6e750aa7409fc9696fccbb445/execute/async - {"script":"<script> [6424 bytes]","args":[{"element-6066-11e4-a52e-4f735466cecf":"f.B90319AF98E1C12EEAFDBCD1A3AC4501.d.C032619DAD49644BF568ABDC85E6D10E.e.1256"},"getTitle",[]]}
RESULT: {"script":"<script> [6424 bytes]","args":[{"element-6066-11e4-a52e-4f735466cecf":"f.B90319AF98E1C12EEAFDBCD1A3AC4501.d.C032619DAD49644BF568ABDC85E6D10E.e.1256"},"getTitle",[]]}
RESULT: undefined
COMMAND: POST /session/20b6aef6e750aa7409fc9696fccbb445/element/f.B90319AF98E1C12EEAFDBCD1A3AC4501.d.C032619DAD49644BF568ABDC85E6D10E.e.1072/click - {}
RESULT: {}
COMMAND: GET /session/20b6aef6e750aa7409fc9696fccbb445/screenshot - {}
RESULT: {}
]]></system-out>
    </testcase>
    <testcase classname="chrome.136_0_7103_93.windows.Sanity_Tests_US104253" name="Should open Manage Requests page" time="38.994">
      <system-out><![CDATA[
COMMAND: POST /session/20b6aef6e750aa7409fc9696fccbb445/execute/async - {"script":"<script> [1562 bytes]","args":[{"selector":{"controlType":"sap.m.GenericTile","properties":{"header":"Manage Requests"}},"wdio_ui5_key":"sapm.GenericTile{\"header\":\"Manage Requests\"}"}]}
RESULT: {"script":"<script> [1562 bytes]","args":[{"selector":{"controlType":"sap.m.GenericTile","properties":{"header":"Manage Requests"}},"wdio_ui5_key":"sapm.GenericTile{\"header\":\"Manage Requests\"}"}]}
RESULT: undefined
COMMAND: POST /session/20b6aef6e750aa7409fc9696fccbb445/element - {"using":"xpath","value":"//*[@id=\"__tile47\"]"}
RESULT: {"using":"xpath","value":"//*[@id=\"__tile47\"]"}
COMMAND: POST /session/20b6aef6e750aa7409fc9696fccbb445/element/f.B90319AF98E1C12EEAFDBCD1A3AC4501.d.C032619DAD49644BF568ABDC85E6D10E.e.1258/click - {}
RESULT: {}
COMMAND: GET /session/20b6aef6e750aa7409fc9696fccbb445/screenshot - {}
RESULT: {}
COMMAND: POST /session/20b6aef6e750aa7409fc9696fccbb445/elements - {"using":"xpath","value":"//span[text()='Error']"}
RESULT: {"using":"xpath","value":"//span[text()='Error']"}
RESULT: undefined
COMMAND: POST /session/20b6aef6e750aa7409fc9696fccbb445/element - {"using":"xpath","value":"//*[@id=\"__tile47\"]"}
RESULT: {"using":"xpath","value":"//*[@id=\"__tile47\"]"}
COMMAND: POST /session/20b6aef6e750aa7409fc9696fccbb445/element/f.B90319AF98E1C12EEAFDBCD1A3AC4501.d.C032619DAD49644BF568ABDC85E6D10E.e.1258/click - {}
RESULT: undefined
COMMAND: POST /session/20b6aef6e750aa7409fc9696fccbb445/element - {"using":"xpath","value":"//*[@id=\"__tile47\"]"}
RESULT: {"using":"xpath","value":"//*[@id=\"__tile47\"]"}
COMMAND: POST /session/20b6aef6e750aa7409fc9696fccbb445/element/f.B90319AF98E1C12EEAFDBCD1A3AC4501.d.C032619DAD49644BF568ABDC85E6D10E.e.1258/click - {}
RESULT: undefined
COMMAND: POST /session/20b6aef6e750aa7409fc9696fccbb445/execute/async - {"script":"<script> [6424 bytes]","args":[{"element-6066-11e4-a52e-4f735466cecf":"f.B90319AF98E1C12EEAFDBCD1A3AC4501.d.C032619DAD49644BF568ABDC85E6D10E.e.290"},"getTitle",[]]}
COMMAND: POST /session/20b6aef6e750aa7409fc9696fccbb445/execute/async - {"script":"<script> [1562 bytes]","args":[{"selector":{"id":"shellAppTitle"},"wdio_ui5_key":"shellAppTitle"}]}
RESULT: {"script":"<script> [1562 bytes]","args":[{"selector":{"id":"shellAppTitle"},"wdio_ui5_key":"shellAppTitle"}]}
COMMAND: POST /session/20b6aef6e750aa7409fc9696fccbb445/execute/async - {"script":"<script> [6424 bytes]","args":[{"element-6066-11e4-a52e-4f735466cecf":"f.B90319AF98E1C12EEAFDBCD1A3AC4501.d.C032619DAD49644BF568ABDC85E6D10E.e.1356"},"getTitle",[]]}
RESULT: {"script":"<script> [6424 bytes]","args":[{"element-6066-11e4-a52e-4f735466cecf":"f.B90319AF98E1C12EEAFDBCD1A3AC4501.d.C032619DAD49644BF568ABDC85E6D10E.e.1356"},"getTitle",[]]}
RESULT: undefined
COMMAND: POST /session/20b6aef6e750aa7409fc9696fccbb445/element/f.B90319AF98E1C12EEAFDBCD1A3AC4501.d.C032619DAD49644BF568ABDC85E6D10E.e.1072/click - {}
COMMAND: POST /session/20b6aef6e750aa7409fc9696fccbb445/element - {"using":"xpath","value":"//*[@id=\"backBtn\"]"}
RESULT: {"using":"xpath","value":"//*[@id=\"backBtn\"]"}
COMMAND: POST /session/20b6aef6e750aa7409fc9696fccbb445/element/f.B90319AF98E1C12EEAFDBCD1A3AC4501.d.C032619DAD49644BF568ABDC85E6D10E.e.1072/click - {}
COMMAND: POST /session/20b6aef6e750aa7409fc9696fccbb445/element - {"using":"xpath","value":"//*[@id=\"backBtn\"]"}
RESULT: {"using":"xpath","value":"//*[@id=\"backBtn\"]"}
COMMAND: POST /session/20b6aef6e750aa7409fc9696fccbb445/element/f.B90319AF98E1C12EEAFDBCD1A3AC4501.d.C032619DAD49644BF568ABDC85E6D10E.e.1357/click - {}
RESULT: {}
COMMAND: GET /session/20b6aef6e750aa7409fc9696fccbb445/screenshot - {}
RESULT: {}
]]></system-out>
    </testcase>
    <testcase classname="chrome.136_0_7103_93.windows.Sanity_Tests_US104253" name="Should open Manage Purchasing page" time="39.402">
      <system-out><![CDATA[
COMMAND: POST /session/20b6aef6e750aa7409fc9696fccbb445/execute/async - {"script":"<script> [1562 bytes]","args":[{"selector":{"controlType":"sap.m.GenericTile","properties":{"header":"Manage Purchasing"}},"wdio_ui5_key":"sapm.GenericTile{\"header\":\"Manage Purchasing\"}"}]}
RESULT: {"script":"<script> [1562 bytes]","args":[{"selector":{"controlType":"sap.m.GenericTile","properties":{"header":"Manage Purchasing"}},"wdio_ui5_key":"sapm.GenericTile{\"header\":\"Manage Purchasing\"}"}]}
RESULT: undefined
COMMAND: POST /session/20b6aef6e750aa7409fc9696fccbb445/element - {"using":"xpath","value":"//*[@id=\"__tile46\"]"}
RESULT: {"using":"xpath","value":"//*[@id=\"__tile46\"]"}
COMMAND: POST /session/20b6aef6e750aa7409fc9696fccbb445/element/f.B90319AF98E1C12EEAFDBCD1A3AC4501.d.C032619DAD49644BF568ABDC85E6D10E.e.1360/click - {}
RESULT: {}
COMMAND: GET /session/20b6aef6e750aa7409fc9696fccbb445/screenshot - {}
RESULT: {}
COMMAND: POST /session/20b6aef6e750aa7409fc9696fccbb445/elements - {"using":"xpath","value":"//span[text()='Error']"}
RESULT: {"using":"xpath","value":"//span[text()='Error']"}
RESULT: undefined
COMMAND: POST /session/20b6aef6e750aa7409fc9696fccbb445/element - {"using":"xpath","value":"//*[@id=\"__tile46\"]"}
RESULT: {"using":"xpath","value":"//*[@id=\"__tile46\"]"}
COMMAND: POST /session/20b6aef6e750aa7409fc9696fccbb445/element/f.B90319AF98E1C12EEAFDBCD1A3AC4501.d.C032619DAD49644BF568ABDC85E6D10E.e.1360/click - {}
RESULT: undefined
COMMAND: POST /session/20b6aef6e750aa7409fc9696fccbb445/element - {"using":"xpath","value":"//*[@id=\"__tile46\"]"}
RESULT: {"using":"xpath","value":"//*[@id=\"__tile46\"]"}
COMMAND: POST /session/20b6aef6e750aa7409fc9696fccbb445/element/f.B90319AF98E1C12EEAFDBCD1A3AC4501.d.C032619DAD49644BF568ABDC85E6D10E.e.1360/click - {}
RESULT: undefined
COMMAND: POST /session/20b6aef6e750aa7409fc9696fccbb445/execute/async - {"script":"<script> [6424 bytes]","args":[{"element-6066-11e4-a52e-4f735466cecf":"f.B90319AF98E1C12EEAFDBCD1A3AC4501.d.C032619DAD49644BF568ABDC85E6D10E.e.290"},"getTitle",[]]}
COMMAND: POST /session/20b6aef6e750aa7409fc9696fccbb445/execute/async - {"script":"<script> [1562 bytes]","args":[{"selector":{"id":"shellAppTitle"},"wdio_ui5_key":"shellAppTitle"}]}
RESULT: {"script":"<script> [1562 bytes]","args":[{"selector":{"id":"shellAppTitle"},"wdio_ui5_key":"shellAppTitle"}]}
COMMAND: POST /session/20b6aef6e750aa7409fc9696fccbb445/execute/async - {"script":"<script> [6424 bytes]","args":[{"element-6066-11e4-a52e-4f735466cecf":"f.B90319AF98E1C12EEAFDBCD1A3AC4501.d.C032619DAD49644BF568ABDC85E6D10E.e.1439"},"getTitle",[]]}
RESULT: {"script":"<script> [6424 bytes]","args":[{"element-6066-11e4-a52e-4f735466cecf":"f.B90319AF98E1C12EEAFDBCD1A3AC4501.d.C032619DAD49644BF568ABDC85E6D10E.e.1439"},"getTitle",[]]}
RESULT: undefined
COMMAND: POST /session/20b6aef6e750aa7409fc9696fccbb445/element/f.B90319AF98E1C12EEAFDBCD1A3AC4501.d.C032619DAD49644BF568ABDC85E6D10E.e.1357/click - {}
RESULT: {}
COMMAND: GET /session/20b6aef6e750aa7409fc9696fccbb445/screenshot - {}
RESULT: {}
]]></system-out>
    </testcase>
    <testcase classname="chrome.136_0_7103_93.windows.Sanity_Tests_US104253" name="Should open Planning Board page" time="42.789">
      <system-out><![CDATA[
COMMAND: POST /session/20b6aef6e750aa7409fc9696fccbb445/execute/async - {"script":"<script> [1562 bytes]","args":[{"selector":{"controlType":"sap.m.GenericTile","properties":{"header":"Planning Board"}},"wdio_ui5_key":"sapm.GenericTile{\"header\":\"Planning Board\"}"}]}
RESULT: {"script":"<script> [1562 bytes]","args":[{"selector":{"controlType":"sap.m.GenericTile","properties":{"header":"Planning Board"}},"wdio_ui5_key":"sapm.GenericTile{\"header\":\"Planning Board\"}"}]}
RESULT: undefined
COMMAND: POST /session/20b6aef6e750aa7409fc9696fccbb445/element - {"using":"xpath","value":"//*[@id=\"__tile131\"]"}
RESULT: {"using":"xpath","value":"//*[@id=\"__tile131\"]"}
COMMAND: POST /session/20b6aef6e750aa7409fc9696fccbb445/element/f.B90319AF98E1C12EEAFDBCD1A3AC4501.d.C032619DAD49644BF568ABDC85E6D10E.e.1441/click - {}
RESULT: {}
COMMAND: GET /session/20b6aef6e750aa7409fc9696fccbb445/screenshot - {}
RESULT: {}
COMMAND: POST /session/20b6aef6e750aa7409fc9696fccbb445/elements - {"using":"xpath","value":"//span[text()='Error']"}
RESULT: {"using":"xpath","value":"//span[text()='Error']"}
RESULT: undefined
COMMAND: POST /session/20b6aef6e750aa7409fc9696fccbb445/element - {"using":"xpath","value":"//*[@id=\"__tile131\"]"}
RESULT: {"using":"xpath","value":"//*[@id=\"__tile131\"]"}
COMMAND: POST /session/20b6aef6e750aa7409fc9696fccbb445/element/f.B90319AF98E1C12EEAFDBCD1A3AC4501.d.C032619DAD49644BF568ABDC85E6D10E.e.1441/click - {}
RESULT: undefined
COMMAND: POST /session/20b6aef6e750aa7409fc9696fccbb445/element - {"using":"xpath","value":"//*[@id=\"__tile131\"]"}
RESULT: {"using":"xpath","value":"//*[@id=\"__tile131\"]"}
COMMAND: POST /session/20b6aef6e750aa7409fc9696fccbb445/element/f.B90319AF98E1C12EEAFDBCD1A3AC4501.d.C032619DAD49644BF568ABDC85E6D10E.e.1441/click - {}
RESULT: undefined
COMMAND: POST /session/20b6aef6e750aa7409fc9696fccbb445/execute/async - {"script":"<script> [6424 bytes]","args":[{"element-6066-11e4-a52e-4f735466cecf":"f.B90319AF98E1C12EEAFDBCD1A3AC4501.d.C032619DAD49644BF568ABDC85E6D10E.e.290"},"getTitle",[]]}
COMMAND: POST /session/20b6aef6e750aa7409fc9696fccbb445/execute/async - {"script":"<script> [1562 bytes]","args":[{"selector":{"id":"shellAppTitle"},"wdio_ui5_key":"shellAppTitle"}]}
RESULT: {"script":"<script> [1562 bytes]","args":[{"selector":{"id":"shellAppTitle"},"wdio_ui5_key":"shellAppTitle"}]}
COMMAND: POST /session/20b6aef6e750aa7409fc9696fccbb445/execute/async - {"script":"<script> [6424 bytes]","args":[{"element-6066-11e4-a52e-4f735466cecf":"f.B90319AF98E1C12EEAFDBCD1A3AC4501.d.C032619DAD49644BF568ABDC85E6D10E.e.1490"},"getTitle",[]]}
RESULT: {"script":"<script> [6424 bytes]","args":[{"element-6066-11e4-a52e-4f735466cecf":"f.B90319AF98E1C12EEAFDBCD1A3AC4501.d.C032619DAD49644BF568ABDC85E6D10E.e.1490"},"getTitle",[]]}
RESULT: undefined
COMMAND: POST /session/20b6aef6e750aa7409fc9696fccbb445/element/f.B90319AF98E1C12EEAFDBCD1A3AC4501.d.C032619DAD49644BF568ABDC85E6D10E.e.1357/click - {}
COMMAND: POST /session/20b6aef6e750aa7409fc9696fccbb445/element/f.B90319AF98E1C12EEAFDBCD1A3AC4501.d.C032619DAD49644BF568ABDC85E6D10E.e.1357/click - {}
COMMAND: POST /session/20b6aef6e750aa7409fc9696fccbb445/element - {"using":"xpath","value":"//*[@id=\"backBtn\"]"}
COMMAND: POST /session/20b6aef6e750aa7409fc9696fccbb445/element - {"using":"xpath","value":"//*[@id=\"backBtn\"]"}
RESULT: {"using":"xpath","value":"//*[@id=\"backBtn\"]"}
COMMAND: POST /session/20b6aef6e750aa7409fc9696fccbb445/element/f.B90319AF98E1C12EEAFDBCD1A3AC4501.d.C032619DAD49644BF568ABDC85E6D10E.e.1357/click - {}
RESULT: {"using":"xpath","value":"//*[@id=\"backBtn\"]"}
COMMAND: POST /session/20b6aef6e750aa7409fc9696fccbb445/element/f.B90319AF98E1C12EEAFDBCD1A3AC4501.d.C032619DAD49644BF568ABDC85E6D10E.e.1357/click - {}
COMMAND: POST /session/20b6aef6e750aa7409fc9696fccbb445/element - {"using":"xpath","value":"//*[@id=\"backBtn\"]"}
COMMAND: POST /session/20b6aef6e750aa7409fc9696fccbb445/element - {"using":"xpath","value":"//*[@id=\"backBtn\"]"}
RESULT: {"using":"xpath","value":"//*[@id=\"backBtn\"]"}
COMMAND: POST /session/20b6aef6e750aa7409fc9696fccbb445/element/f.B90319AF98E1C12EEAFDBCD1A3AC4501.d.C032619DAD49644BF568ABDC85E6D10E.e.1491/click - {}
RESULT: {"using":"xpath","value":"//*[@id=\"backBtn\"]"}
COMMAND: POST /session/20b6aef6e750aa7409fc9696fccbb445/element/f.B90319AF98E1C12EEAFDBCD1A3AC4501.d.C032619DAD49644BF568ABDC85E6D10E.e.1491/click - {}
RESULT: {}
COMMAND: GET /session/20b6aef6e750aa7409fc9696fccbb445/screenshot - {}
RESULT: {}
COMMAND: GET /session/20b6aef6e750aa7409fc9696fccbb445/screenshot - {}
RESULT: {}
RESULT: {}
]]></system-out>
    </testcase>
    <testcase classname="chrome.136_0_7103_93.windows.Sanity_Tests_US104253" name="Should open Manage Contracts page" time="36.658">
      <system-out><![CDATA[
COMMAND: POST /session/20b6aef6e750aa7409fc9696fccbb445/execute/async - {"script":"<script> [1562 bytes]","args":[{"selector":{"controlType":"sap.m.GenericTile","properties":{"header":"Manage Contracts"}},"wdio_ui5_key":"sapm.GenericTile{\"header\":\"Manage Contracts\"}"}]}
RESULT: {"script":"<script> [1562 bytes]","args":[{"selector":{"controlType":"sap.m.GenericTile","properties":{"header":"Manage Contracts"}},"wdio_ui5_key":"sapm.GenericTile{\"header\":\"Manage Contracts\"}"}]}
RESULT: undefined
COMMAND: POST /session/20b6aef6e750aa7409fc9696fccbb445/element - {"using":"xpath","value":"//*[@id=\"__tile132\"]"}
RESULT: {"using":"xpath","value":"//*[@id=\"__tile132\"]"}
COMMAND: POST /session/20b6aef6e750aa7409fc9696fccbb445/element/f.B90319AF98E1C12EEAFDBCD1A3AC4501.d.C032619DAD49644BF568ABDC85E6D10E.e.1493/click - {}
RESULT: {}
COMMAND: GET /session/20b6aef6e750aa7409fc9696fccbb445/screenshot - {}
RESULT: {}
COMMAND: POST /session/20b6aef6e750aa7409fc9696fccbb445/elements - {"using":"xpath","value":"//span[text()='Error']"}
RESULT: {"using":"xpath","value":"//span[text()='Error']"}
RESULT: undefined
COMMAND: POST /session/20b6aef6e750aa7409fc9696fccbb445/element - {"using":"xpath","value":"//*[@id=\"__tile132\"]"}
RESULT: {"using":"xpath","value":"//*[@id=\"__tile132\"]"}
COMMAND: POST /session/20b6aef6e750aa7409fc9696fccbb445/element/f.B90319AF98E1C12EEAFDBCD1A3AC4501.d.C032619DAD49644BF568ABDC85E6D10E.e.1493/click - {}
RESULT: undefined
COMMAND: POST /session/20b6aef6e750aa7409fc9696fccbb445/element - {"using":"xpath","value":"//*[@id=\"__tile132\"]"}
RESULT: {"using":"xpath","value":"//*[@id=\"__tile132\"]"}
COMMAND: POST /session/20b6aef6e750aa7409fc9696fccbb445/element/f.B90319AF98E1C12EEAFDBCD1A3AC4501.d.C032619DAD49644BF568ABDC85E6D10E.e.1493/click - {}
RESULT: undefined
COMMAND: POST /session/20b6aef6e750aa7409fc9696fccbb445/execute/async - {"script":"<script> [6424 bytes]","args":[{"element-6066-11e4-a52e-4f735466cecf":"f.B90319AF98E1C12EEAFDBCD1A3AC4501.d.C032619DAD49644BF568ABDC85E6D10E.e.290"},"getTitle",[]]}
COMMAND: POST /session/20b6aef6e750aa7409fc9696fccbb445/execute/async - {"script":"<script> [1562 bytes]","args":[{"selector":{"id":"shellAppTitle"},"wdio_ui5_key":"shellAppTitle"}]}
RESULT: {"script":"<script> [1562 bytes]","args":[{"selector":{"id":"shellAppTitle"},"wdio_ui5_key":"shellAppTitle"}]}
COMMAND: POST /session/20b6aef6e750aa7409fc9696fccbb445/execute/async - {"script":"<script> [6424 bytes]","args":[{"element-6066-11e4-a52e-4f735466cecf":"f.B90319AF98E1C12EEAFDBCD1A3AC4501.d.C032619DAD49644BF568ABDC85E6D10E.e.1555"},"getTitle",[]]}
RESULT: {"script":"<script> [6424 bytes]","args":[{"element-6066-11e4-a52e-4f735466cecf":"f.B90319AF98E1C12EEAFDBCD1A3AC4501.d.C032619DAD49644BF568ABDC85E6D10E.e.1555"},"getTitle",[]]}
RESULT: undefined
COMMAND: POST /session/20b6aef6e750aa7409fc9696fccbb445/element/f.B90319AF98E1C12EEAFDBCD1A3AC4501.d.C032619DAD49644BF568ABDC85E6D10E.e.1491/click - {}
RESULT: {}
COMMAND: GET /session/20b6aef6e750aa7409fc9696fccbb445/screenshot - {}
RESULT: {}
]]></system-out>
    </testcase>
    <testcase classname="chrome.136_0_7103_93.windows.Sanity_Tests_US104253" name="Should open Manage Quotations page" time="36.262">
      <system-out><![CDATA[
COMMAND: POST /session/20b6aef6e750aa7409fc9696fccbb445/execute/async - {"script":"<script> [1562 bytes]","args":[{"selector":{"controlType":"sap.m.GenericTile","properties":{"header":"Manage Quotations"}},"wdio_ui5_key":"sapm.GenericTile{\"header\":\"Manage Quotations\"}"}]}
RESULT: {"script":"<script> [1562 bytes]","args":[{"selector":{"controlType":"sap.m.GenericTile","properties":{"header":"Manage Quotations"}},"wdio_ui5_key":"sapm.GenericTile{\"header\":\"Manage Quotations\"}"}]}
RESULT: undefined
COMMAND: POST /session/20b6aef6e750aa7409fc9696fccbb445/element - {"using":"xpath","value":"//*[@id=\"__tile133\"]"}
RESULT: {"using":"xpath","value":"//*[@id=\"__tile133\"]"}
COMMAND: POST /session/20b6aef6e750aa7409fc9696fccbb445/element/f.B90319AF98E1C12EEAFDBCD1A3AC4501.d.C032619DAD49644BF568ABDC85E6D10E.e.1557/click - {}
RESULT: {}
COMMAND: GET /session/20b6aef6e750aa7409fc9696fccbb445/screenshot - {}
RESULT: {}
COMMAND: POST /session/20b6aef6e750aa7409fc9696fccbb445/elements - {"using":"xpath","value":"//span[text()='Error']"}
RESULT: {"using":"xpath","value":"//span[text()='Error']"}
RESULT: undefined
COMMAND: POST /session/20b6aef6e750aa7409fc9696fccbb445/element - {"using":"xpath","value":"//*[@id=\"__tile133\"]"}
RESULT: {"using":"xpath","value":"//*[@id=\"__tile133\"]"}
COMMAND: POST /session/20b6aef6e750aa7409fc9696fccbb445/element/f.B90319AF98E1C12EEAFDBCD1A3AC4501.d.C032619DAD49644BF568ABDC85E6D10E.e.1557/click - {}
RESULT: undefined
COMMAND: POST /session/20b6aef6e750aa7409fc9696fccbb445/element - {"using":"xpath","value":"//*[@id=\"__tile133\"]"}
RESULT: {"using":"xpath","value":"//*[@id=\"__tile133\"]"}
COMMAND: POST /session/20b6aef6e750aa7409fc9696fccbb445/element/f.B90319AF98E1C12EEAFDBCD1A3AC4501.d.C032619DAD49644BF568ABDC85E6D10E.e.1557/click - {}
RESULT: undefined
COMMAND: POST /session/20b6aef6e750aa7409fc9696fccbb445/execute/async - {"script":"<script> [6424 bytes]","args":[{"element-6066-11e4-a52e-4f735466cecf":"f.B90319AF98E1C12EEAFDBCD1A3AC4501.d.C032619DAD49644BF568ABDC85E6D10E.e.290"},"getTitle",[]]}
COMMAND: POST /session/20b6aef6e750aa7409fc9696fccbb445/execute/async - {"script":"<script> [1562 bytes]","args":[{"selector":{"id":"shellAppTitle"},"wdio_ui5_key":"shellAppTitle"}]}
RESULT: {"script":"<script> [1562 bytes]","args":[{"selector":{"id":"shellAppTitle"},"wdio_ui5_key":"shellAppTitle"}]}
COMMAND: POST /session/20b6aef6e750aa7409fc9696fccbb445/execute/async - {"script":"<script> [6424 bytes]","args":[{"element-6066-11e4-a52e-4f735466cecf":"f.B90319AF98E1C12EEAFDBCD1A3AC4501.d.C032619DAD49644BF568ABDC85E6D10E.e.1631"},"getTitle",[]]}
RESULT: {"script":"<script> [6424 bytes]","args":[{"element-6066-11e4-a52e-4f735466cecf":"f.B90319AF98E1C12EEAFDBCD1A3AC4501.d.C032619DAD49644BF568ABDC85E6D10E.e.1631"},"getTitle",[]]}
RESULT: undefined
COMMAND: POST /session/20b6aef6e750aa7409fc9696fccbb445/element/f.B90319AF98E1C12EEAFDBCD1A3AC4501.d.C032619DAD49644BF568ABDC85E6D10E.e.1491/click - {}
COMMAND: POST /session/20b6aef6e750aa7409fc9696fccbb445/element - {"using":"xpath","value":"//*[@id=\"backBtn\"]"}
RESULT: {"using":"xpath","value":"//*[@id=\"backBtn\"]"}
COMMAND: POST /session/20b6aef6e750aa7409fc9696fccbb445/element/f.B90319AF98E1C12EEAFDBCD1A3AC4501.d.C032619DAD49644BF568ABDC85E6D10E.e.1491/click - {}
COMMAND: POST /session/20b6aef6e750aa7409fc9696fccbb445/element - {"using":"xpath","value":"//*[@id=\"backBtn\"]"}
RESULT: {"using":"xpath","value":"//*[@id=\"backBtn\"]"}
COMMAND: POST /session/20b6aef6e750aa7409fc9696fccbb445/element/f.B90319AF98E1C12EEAFDBCD1A3AC4501.d.C032619DAD49644BF568ABDC85E6D10E.e.1632/click - {}
RESULT: {}
COMMAND: GET /session/20b6aef6e750aa7409fc9696fccbb445/screenshot - {}
RESULT: {}
]]></system-out>
    </testcase>
    <testcase classname="chrome.136_0_7103_93.windows.Sanity_Tests_US104253" name="Should open Manage Handovers page" time="37.097">
      <system-out><![CDATA[
COMMAND: POST /session/20b6aef6e750aa7409fc9696fccbb445/execute/async - {"script":"<script> [1562 bytes]","args":[{"selector":{"controlType":"sap.m.GenericTile","properties":{"header":"Manage Handovers"}},"wdio_ui5_key":"sapm.GenericTile{\"header\":\"Manage Handovers\"}"}]}
RESULT: {"script":"<script> [1562 bytes]","args":[{"selector":{"controlType":"sap.m.GenericTile","properties":{"header":"Manage Handovers"}},"wdio_ui5_key":"sapm.GenericTile{\"header\":\"Manage Handovers\"}"}]}
RESULT: undefined
COMMAND: POST /session/20b6aef6e750aa7409fc9696fccbb445/element - {"using":"xpath","value":"//*[@id=\"__tile130\"]"}
RESULT: {"using":"xpath","value":"//*[@id=\"__tile130\"]"}
COMMAND: POST /session/20b6aef6e750aa7409fc9696fccbb445/element/f.B90319AF98E1C12EEAFDBCD1A3AC4501.d.C032619DAD49644BF568ABDC85E6D10E.e.1634/click - {}
RESULT: {}
COMMAND: GET /session/20b6aef6e750aa7409fc9696fccbb445/screenshot - {}
RESULT: {}
COMMAND: POST /session/20b6aef6e750aa7409fc9696fccbb445/elements - {"using":"xpath","value":"//span[text()='Error']"}
RESULT: {"using":"xpath","value":"//span[text()='Error']"}
RESULT: undefined
COMMAND: POST /session/20b6aef6e750aa7409fc9696fccbb445/element - {"using":"xpath","value":"//*[@id=\"__tile130\"]"}
RESULT: {"using":"xpath","value":"//*[@id=\"__tile130\"]"}
COMMAND: POST /session/20b6aef6e750aa7409fc9696fccbb445/element/f.B90319AF98E1C12EEAFDBCD1A3AC4501.d.C032619DAD49644BF568ABDC85E6D10E.e.1634/click - {}
RESULT: undefined
COMMAND: POST /session/20b6aef6e750aa7409fc9696fccbb445/element - {"using":"xpath","value":"//*[@id=\"__tile130\"]"}
RESULT: {"using":"xpath","value":"//*[@id=\"__tile130\"]"}
COMMAND: POST /session/20b6aef6e750aa7409fc9696fccbb445/element/f.B90319AF98E1C12EEAFDBCD1A3AC4501.d.C032619DAD49644BF568ABDC85E6D10E.e.1634/click - {}
RESULT: undefined
COMMAND: POST /session/20b6aef6e750aa7409fc9696fccbb445/execute/async - {"script":"<script> [6424 bytes]","args":[{"element-6066-11e4-a52e-4f735466cecf":"f.B90319AF98E1C12EEAFDBCD1A3AC4501.d.C032619DAD49644BF568ABDC85E6D10E.e.290"},"getTitle",[]]}
COMMAND: POST /session/20b6aef6e750aa7409fc9696fccbb445/execute/async - {"script":"<script> [1562 bytes]","args":[{"selector":{"id":"shellAppTitle"},"wdio_ui5_key":"shellAppTitle"}]}
RESULT: {"script":"<script> [1562 bytes]","args":[{"selector":{"id":"shellAppTitle"},"wdio_ui5_key":"shellAppTitle"}]}
COMMAND: POST /session/20b6aef6e750aa7409fc9696fccbb445/execute/async - {"script":"<script> [6424 bytes]","args":[{"element-6066-11e4-a52e-4f735466cecf":"f.B90319AF98E1C12EEAFDBCD1A3AC4501.d.C032619DAD49644BF568ABDC85E6D10E.e.1729"},"getTitle",[]]}
RESULT: {"script":"<script> [6424 bytes]","args":[{"element-6066-11e4-a52e-4f735466cecf":"f.B90319AF98E1C12EEAFDBCD1A3AC4501.d.C032619DAD49644BF568ABDC85E6D10E.e.1729"},"getTitle",[]]}
RESULT: undefined
COMMAND: POST /session/20b6aef6e750aa7409fc9696fccbb445/element/f.B90319AF98E1C12EEAFDBCD1A3AC4501.d.C032619DAD49644BF568ABDC85E6D10E.e.1632/click - {}
RESULT: {}
COMMAND: GET /session/20b6aef6e750aa7409fc9696fccbb445/screenshot - {}
RESULT: {}
]]></system-out>
    </testcase>
    <testcase classname="chrome.136_0_7103_93.windows.Sanity_Tests_US104253" name="Should open Delivery Monitor page" time="38.282">
      <system-out><![CDATA[
COMMAND: POST /session/20b6aef6e750aa7409fc9696fccbb445/execute/async - {"script":"<script> [1562 bytes]","args":[{"selector":{"controlType":"sap.m.GenericTile","properties":{"header":"Delivery Monitor"}},"wdio_ui5_key":"sapm.GenericTile{\"header\":\"Delivery Monitor\"}"}]}
RESULT: {"script":"<script> [1562 bytes]","args":[{"selector":{"controlType":"sap.m.GenericTile","properties":{"header":"Delivery Monitor"}},"wdio_ui5_key":"sapm.GenericTile{\"header\":\"Delivery Monitor\"}"}]}
RESULT: undefined
COMMAND: POST /session/20b6aef6e750aa7409fc9696fccbb445/element - {"using":"xpath","value":"//*[@id=\"__tile43\"]"}
RESULT: {"using":"xpath","value":"//*[@id=\"__tile43\"]"}
COMMAND: POST /session/20b6aef6e750aa7409fc9696fccbb445/element/f.B90319AF98E1C12EEAFDBCD1A3AC4501.d.C032619DAD49644BF568ABDC85E6D10E.e.1731/click - {}
RESULT: {}
COMMAND: GET /session/20b6aef6e750aa7409fc9696fccbb445/screenshot - {}
RESULT: {}
COMMAND: POST /session/20b6aef6e750aa7409fc9696fccbb445/elements - {"using":"xpath","value":"//span[text()='Error']"}
RESULT: {"using":"xpath","value":"//span[text()='Error']"}
RESULT: undefined
COMMAND: POST /session/20b6aef6e750aa7409fc9696fccbb445/element - {"using":"xpath","value":"//*[@id=\"__tile43\"]"}
RESULT: {"using":"xpath","value":"//*[@id=\"__tile43\"]"}
COMMAND: POST /session/20b6aef6e750aa7409fc9696fccbb445/element/f.B90319AF98E1C12EEAFDBCD1A3AC4501.d.C032619DAD49644BF568ABDC85E6D10E.e.1731/click - {}
RESULT: undefined
COMMAND: POST /session/20b6aef6e750aa7409fc9696fccbb445/element - {"using":"xpath","value":"//*[@id=\"__tile43\"]"}
RESULT: {"using":"xpath","value":"//*[@id=\"__tile43\"]"}
COMMAND: POST /session/20b6aef6e750aa7409fc9696fccbb445/element/f.B90319AF98E1C12EEAFDBCD1A3AC4501.d.C032619DAD49644BF568ABDC85E6D10E.e.1731/click - {}
RESULT: undefined
COMMAND: POST /session/20b6aef6e750aa7409fc9696fccbb445/execute/async - {"script":"<script> [6424 bytes]","args":[{"element-6066-11e4-a52e-4f735466cecf":"f.B90319AF98E1C12EEAFDBCD1A3AC4501.d.C032619DAD49644BF568ABDC85E6D10E.e.290"},"getTitle",[]]}
COMMAND: POST /session/20b6aef6e750aa7409fc9696fccbb445/execute/async - {"script":"<script> [1562 bytes]","args":[{"selector":{"id":"shellAppTitle"},"wdio_ui5_key":"shellAppTitle"}]}
RESULT: {"script":"<script> [1562 bytes]","args":[{"selector":{"id":"shellAppTitle"},"wdio_ui5_key":"shellAppTitle"}]}
COMMAND: POST /session/20b6aef6e750aa7409fc9696fccbb445/execute/async - {"script":"<script> [6424 bytes]","args":[{"element-6066-11e4-a52e-4f735466cecf":"f.B90319AF98E1C12EEAFDBCD1A3AC4501.d.C032619DAD49644BF568ABDC85E6D10E.e.1828"},"getTitle",[]]}
RESULT: {"script":"<script> [6424 bytes]","args":[{"element-6066-11e4-a52e-4f735466cecf":"f.B90319AF98E1C12EEAFDBCD1A3AC4501.d.C032619DAD49644BF568ABDC85E6D10E.e.1828"},"getTitle",[]]}
RESULT: undefined
COMMAND: POST /session/20b6aef6e750aa7409fc9696fccbb445/element/f.B90319AF98E1C12EEAFDBCD1A3AC4501.d.C032619DAD49644BF568ABDC85E6D10E.e.1632/click - {}
COMMAND: POST /session/20b6aef6e750aa7409fc9696fccbb445/element - {"using":"xpath","value":"//*[@id=\"backBtn\"]"}
RESULT: {"using":"xpath","value":"//*[@id=\"backBtn\"]"}
COMMAND: POST /session/20b6aef6e750aa7409fc9696fccbb445/element/f.B90319AF98E1C12EEAFDBCD1A3AC4501.d.C032619DAD49644BF568ABDC85E6D10E.e.1632/click - {}
COMMAND: POST /session/20b6aef6e750aa7409fc9696fccbb445/element - {"using":"xpath","value":"//*[@id=\"backBtn\"]"}
RESULT: {"using":"xpath","value":"//*[@id=\"backBtn\"]"}
COMMAND: POST /session/20b6aef6e750aa7409fc9696fccbb445/element/f.B90319AF98E1C12EEAFDBCD1A3AC4501.d.C032619DAD49644BF568ABDC85E6D10E.e.1829/click - {}
RESULT: {}
COMMAND: GET /session/20b6aef6e750aa7409fc9696fccbb445/screenshot - {}
RESULT: {}
]]></system-out>
    </testcase>
    <testcase classname="chrome.136_0_7103_93.windows.Sanity_Tests_US104253" name="Should open Manage Calendar Exceptions page" time="37.043">
      <system-out><![CDATA[
COMMAND: POST /session/20b6aef6e750aa7409fc9696fccbb445/execute/async - {"script":"<script> [1562 bytes]","args":[{"selector":{"controlType":"sap.m.GenericTile","properties":{"header":"Manage Calendar Exceptions"}},"wdio_ui5_key":"sapm.GenericTile{\"header\":\"Manage Calendar Exceptions\"}"}]}
RESULT: {"script":"<script> [1562 bytes]","args":[{"selector":{"controlType":"sap.m.GenericTile","properties":{"header":"Manage Calendar Exceptions"}},"wdio_ui5_key":"sapm.GenericTile{\"header\":\"Manage Calendar Exceptions\"}"}]}
RESULT: undefined
COMMAND: POST /session/20b6aef6e750aa7409fc9696fccbb445/element - {"using":"xpath","value":"//*[@id=\"__tile52\"]"}
RESULT: {"using":"xpath","value":"//*[@id=\"__tile52\"]"}
COMMAND: POST /session/20b6aef6e750aa7409fc9696fccbb445/element/f.B90319AF98E1C12EEAFDBCD1A3AC4501.d.C032619DAD49644BF568ABDC85E6D10E.e.1831/click - {}
RESULT: {}
COMMAND: GET /session/20b6aef6e750aa7409fc9696fccbb445/screenshot - {}
RESULT: {}
COMMAND: POST /session/20b6aef6e750aa7409fc9696fccbb445/elements - {"using":"xpath","value":"//span[text()='Error']"}
RESULT: {"using":"xpath","value":"//span[text()='Error']"}
RESULT: undefined
COMMAND: POST /session/20b6aef6e750aa7409fc9696fccbb445/element - {"using":"xpath","value":"//*[@id=\"__tile52\"]"}
RESULT: {"using":"xpath","value":"//*[@id=\"__tile52\"]"}
COMMAND: POST /session/20b6aef6e750aa7409fc9696fccbb445/element/f.B90319AF98E1C12EEAFDBCD1A3AC4501.d.C032619DAD49644BF568ABDC85E6D10E.e.1831/click - {}
RESULT: undefined
COMMAND: POST /session/20b6aef6e750aa7409fc9696fccbb445/element - {"using":"xpath","value":"//*[@id=\"__tile52\"]"}
RESULT: {"using":"xpath","value":"//*[@id=\"__tile52\"]"}
COMMAND: POST /session/20b6aef6e750aa7409fc9696fccbb445/element/f.B90319AF98E1C12EEAFDBCD1A3AC4501.d.C032619DAD49644BF568ABDC85E6D10E.e.1831/click - {}
RESULT: undefined
COMMAND: POST /session/20b6aef6e750aa7409fc9696fccbb445/execute/async - {"script":"<script> [6424 bytes]","args":[{"element-6066-11e4-a52e-4f735466cecf":"f.B90319AF98E1C12EEAFDBCD1A3AC4501.d.C032619DAD49644BF568ABDC85E6D10E.e.290"},"getTitle",[]]}
COMMAND: POST /session/20b6aef6e750aa7409fc9696fccbb445/execute/async - {"script":"<script> [1562 bytes]","args":[{"selector":{"id":"shellAppTitle"},"wdio_ui5_key":"shellAppTitle"}]}
RESULT: {"script":"<script> [1562 bytes]","args":[{"selector":{"id":"shellAppTitle"},"wdio_ui5_key":"shellAppTitle"}]}
COMMAND: POST /session/20b6aef6e750aa7409fc9696fccbb445/execute/async - {"script":"<script> [6424 bytes]","args":[{"element-6066-11e4-a52e-4f735466cecf":"f.B90319AF98E1C12EEAFDBCD1A3AC4501.d.C032619DAD49644BF568ABDC85E6D10E.e.1883"},"getTitle",[]]}
RESULT: {"script":"<script> [6424 bytes]","args":[{"element-6066-11e4-a52e-4f735466cecf":"f.B90319AF98E1C12EEAFDBCD1A3AC4501.d.C032619DAD49644BF568ABDC85E6D10E.e.1883"},"getTitle",[]]}
RESULT: undefined
COMMAND: POST /session/20b6aef6e750aa7409fc9696fccbb445/element/f.B90319AF98E1C12EEAFDBCD1A3AC4501.d.C032619DAD49644BF568ABDC85E6D10E.e.1829/click - {}
RESULT: {}
COMMAND: GET /session/20b6aef6e750aa7409fc9696fccbb445/screenshot - {}
RESULT: {}
]]></system-out>
    </testcase>
    <testcase classname="chrome.136_0_7103_93.windows.Sanity_Tests_US104253" name="Should open Manage States Performance page" time="38.802">
      <system-out><![CDATA[
COMMAND: POST /session/20b6aef6e750aa7409fc9696fccbb445/execute/async - {"script":"<script> [1562 bytes]","args":[{"selector":{"controlType":"sap.m.GenericTile","properties":{"header":"Manage States & Performance"}},"wdio_ui5_key":"sapm.GenericTile{\"header\":\"Manage States & Performance\"}"}]}
RESULT: {"script":"<script> [1562 bytes]","args":[{"selector":{"controlType":"sap.m.GenericTile","properties":{"header":"Manage States & Performance"}},"wdio_ui5_key":"sapm.GenericTile{\"header\":\"Manage States & Performance\"}"}]}
RESULT: undefined
COMMAND: POST /session/20b6aef6e750aa7409fc9696fccbb445/element - {"using":"xpath","value":"//*[@id=\"__tile56\"]"}
RESULT: {"using":"xpath","value":"//*[@id=\"__tile56\"]"}
COMMAND: POST /session/20b6aef6e750aa7409fc9696fccbb445/element/f.B90319AF98E1C12EEAFDBCD1A3AC4501.d.C032619DAD49644BF568ABDC85E6D10E.e.1887/click - {}
RESULT: {}
COMMAND: GET /session/20b6aef6e750aa7409fc9696fccbb445/screenshot - {}
RESULT: {}
COMMAND: POST /session/20b6aef6e750aa7409fc9696fccbb445/elements - {"using":"xpath","value":"//span[text()='Error']"}
RESULT: {"using":"xpath","value":"//span[text()='Error']"}
RESULT: undefined
COMMAND: POST /session/20b6aef6e750aa7409fc9696fccbb445/element - {"using":"xpath","value":"//*[@id=\"__tile56\"]"}
RESULT: {"using":"xpath","value":"//*[@id=\"__tile56\"]"}
COMMAND: POST /session/20b6aef6e750aa7409fc9696fccbb445/element/f.B90319AF98E1C12EEAFDBCD1A3AC4501.d.C032619DAD49644BF568ABDC85E6D10E.e.1887/click - {}
RESULT: undefined
COMMAND: POST /session/20b6aef6e750aa7409fc9696fccbb445/element - {"using":"xpath","value":"//*[@id=\"__tile56\"]"}
RESULT: {"using":"xpath","value":"//*[@id=\"__tile56\"]"}
COMMAND: POST /session/20b6aef6e750aa7409fc9696fccbb445/element/f.B90319AF98E1C12EEAFDBCD1A3AC4501.d.C032619DAD49644BF568ABDC85E6D10E.e.1887/click - {}
RESULT: undefined
COMMAND: POST /session/20b6aef6e750aa7409fc9696fccbb445/execute/async - {"script":"<script> [6424 bytes]","args":[{"element-6066-11e4-a52e-4f735466cecf":"f.B90319AF98E1C12EEAFDBCD1A3AC4501.d.C032619DAD49644BF568ABDC85E6D10E.e.290"},"getTitle",[]]}
COMMAND: POST /session/20b6aef6e750aa7409fc9696fccbb445/execute/async - {"script":"<script> [1562 bytes]","args":[{"selector":{"id":"shellAppTitle"},"wdio_ui5_key":"shellAppTitle"}]}
RESULT: {"script":"<script> [1562 bytes]","args":[{"selector":{"id":"shellAppTitle"},"wdio_ui5_key":"shellAppTitle"}]}
COMMAND: POST /session/20b6aef6e750aa7409fc9696fccbb445/execute/async - {"script":"<script> [6424 bytes]","args":[{"element-6066-11e4-a52e-4f735466cecf":"f.B90319AF98E1C12EEAFDBCD1A3AC4501.d.C032619DAD49644BF568ABDC85E6D10E.e.1994"},"getTitle",[]]}
RESULT: {"script":"<script> [6424 bytes]","args":[{"element-6066-11e4-a52e-4f735466cecf":"f.B90319AF98E1C12EEAFDBCD1A3AC4501.d.C032619DAD49644BF568ABDC85E6D10E.e.1994"},"getTitle",[]]}
RESULT: undefined
COMMAND: POST /session/20b6aef6e750aa7409fc9696fccbb445/element/f.B90319AF98E1C12EEAFDBCD1A3AC4501.d.C032619DAD49644BF568ABDC85E6D10E.e.1829/click - {}
COMMAND: POST /session/20b6aef6e750aa7409fc9696fccbb445/element - {"using":"xpath","value":"//*[@id=\"backBtn\"]"}
RESULT: {"using":"xpath","value":"//*[@id=\"backBtn\"]"}
COMMAND: POST /session/20b6aef6e750aa7409fc9696fccbb445/element/f.B90319AF98E1C12EEAFDBCD1A3AC4501.d.C032619DAD49644BF568ABDC85E6D10E.e.1829/click - {}
COMMAND: POST /session/20b6aef6e750aa7409fc9696fccbb445/element - {"using":"xpath","value":"//*[@id=\"backBtn\"]"}
RESULT: {"using":"xpath","value":"//*[@id=\"backBtn\"]"}
COMMAND: POST /session/20b6aef6e750aa7409fc9696fccbb445/element/f.B90319AF98E1C12EEAFDBCD1A3AC4501.d.C032619DAD49644BF568ABDC85E6D10E.e.1995/click - {}
RESULT: {}
COMMAND: GET /session/20b6aef6e750aa7409fc9696fccbb445/screenshot - {}
RESULT: {}
]]></system-out>
    </testcase>
    <testcase classname="chrome.136_0_7103_93.windows.Sanity_Tests_US104253" name="Should open Manage Billings page" time="40.982">
      <system-out><![CDATA[
COMMAND: POST /session/20b6aef6e750aa7409fc9696fccbb445/execute/async - {"script":"<script> [1562 bytes]","args":[{"selector":{"controlType":"sap.m.GenericTile","properties":{"header":"Manage Billings"}},"wdio_ui5_key":"sapm.GenericTile{\"header\":\"Manage Billings\"}"}]}
RESULT: {"script":"<script> [1562 bytes]","args":[{"selector":{"controlType":"sap.m.GenericTile","properties":{"header":"Manage Billings"}},"wdio_ui5_key":"sapm.GenericTile{\"header\":\"Manage Billings\"}"}]}
RESULT: undefined
COMMAND: POST /session/20b6aef6e750aa7409fc9696fccbb445/element - {"using":"xpath","value":"//*[@id=\"__tile51\"]"}
RESULT: {"using":"xpath","value":"//*[@id=\"__tile51\"]"}
COMMAND: POST /session/20b6aef6e750aa7409fc9696fccbb445/element/f.B90319AF98E1C12EEAFDBCD1A3AC4501.d.C032619DAD49644BF568ABDC85E6D10E.e.1997/click - {}
RESULT: {}
COMMAND: GET /session/20b6aef6e750aa7409fc9696fccbb445/screenshot - {}
RESULT: {}
COMMAND: POST /session/20b6aef6e750aa7409fc9696fccbb445/elements - {"using":"xpath","value":"//span[text()='Error']"}
RESULT: {"using":"xpath","value":"//span[text()='Error']"}
RESULT: undefined
COMMAND: POST /session/20b6aef6e750aa7409fc9696fccbb445/element - {"using":"xpath","value":"//*[@id=\"__tile51\"]"}
RESULT: {"using":"xpath","value":"//*[@id=\"__tile51\"]"}
COMMAND: POST /session/20b6aef6e750aa7409fc9696fccbb445/element/f.B90319AF98E1C12EEAFDBCD1A3AC4501.d.C032619DAD49644BF568ABDC85E6D10E.e.1997/click - {}
RESULT: undefined
COMMAND: POST /session/20b6aef6e750aa7409fc9696fccbb445/element - {"using":"xpath","value":"//*[@id=\"__tile51\"]"}
RESULT: {"using":"xpath","value":"//*[@id=\"__tile51\"]"}
COMMAND: POST /session/20b6aef6e750aa7409fc9696fccbb445/element/f.B90319AF98E1C12EEAFDBCD1A3AC4501.d.C032619DAD49644BF568ABDC85E6D10E.e.1997/click - {}
RESULT: undefined
COMMAND: POST /session/20b6aef6e750aa7409fc9696fccbb445/execute/async - {"script":"<script> [6424 bytes]","args":[{"element-6066-11e4-a52e-4f735466cecf":"f.B90319AF98E1C12EEAFDBCD1A3AC4501.d.C032619DAD49644BF568ABDC85E6D10E.e.290"},"getTitle",[]]}
COMMAND: POST /session/20b6aef6e750aa7409fc9696fccbb445/execute/async - {"script":"<script> [1562 bytes]","args":[{"selector":{"id":"shellAppTitle"},"wdio_ui5_key":"shellAppTitle"}]}
RESULT: {"script":"<script> [1562 bytes]","args":[{"selector":{"id":"shellAppTitle"},"wdio_ui5_key":"shellAppTitle"}]}
COMMAND: POST /session/20b6aef6e750aa7409fc9696fccbb445/execute/async - {"script":"<script> [6424 bytes]","args":[{"element-6066-11e4-a52e-4f735466cecf":"f.B90319AF98E1C12EEAFDBCD1A3AC4501.d.C032619DAD49644BF568ABDC85E6D10E.e.2208"},"getTitle",[]]}
RESULT: {"script":"<script> [6424 bytes]","args":[{"element-6066-11e4-a52e-4f735466cecf":"f.B90319AF98E1C12EEAFDBCD1A3AC4501.d.C032619DAD49644BF568ABDC85E6D10E.e.2208"},"getTitle",[]]}
RESULT: undefined
COMMAND: POST /session/20b6aef6e750aa7409fc9696fccbb445/element/f.B90319AF98E1C12EEAFDBCD1A3AC4501.d.C032619DAD49644BF568ABDC85E6D10E.e.1995/click - {}
COMMAND: POST /session/20b6aef6e750aa7409fc9696fccbb445/element/f.B90319AF98E1C12EEAFDBCD1A3AC4501.d.C032619DAD49644BF568ABDC85E6D10E.e.1995/click - {}
RESULT: {}
COMMAND: GET /session/20b6aef6e750aa7409fc9696fccbb445/screenshot - {}
COMMAND: POST /session/20b6aef6e750aa7409fc9696fccbb445/element - {"using":"xpath","value":"//*[@id=\"backBtn\"]"}
RESULT: {}
RESULT: {"using":"xpath","value":"//*[@id=\"backBtn\"]"}
COMMAND: POST /session/20b6aef6e750aa7409fc9696fccbb445/elements - {"using":"xpath","value":"//*[@id=\"backBtn\"]"}
RESULT: {"using":"xpath","value":"//*[@id=\"backBtn\"]"}
COMMAND: POST /session/20b6aef6e750aa7409fc9696fccbb445/elements - {"using":"xpath","value":"//*[@id=\"backBtn\"]"}
RESULT: {"using":"xpath","value":"//*[@id=\"backBtn\"]"}
COMMAND: POST /session/20b6aef6e750aa7409fc9696fccbb445/elements - {"using":"xpath","value":"//*[@id=\"backBtn\"]"}
RESULT: {"using":"xpath","value":"//*[@id=\"backBtn\"]"}
COMMAND: POST /session/20b6aef6e750aa7409fc9696fccbb445/elements - {"using":"xpath","value":"//*[@id=\"backBtn\"]"}
RESULT: {"using":"xpath","value":"//*[@id=\"backBtn\"]"}
COMMAND: POST /session/20b6aef6e750aa7409fc9696fccbb445/elements - {"using":"xpath","value":"//*[@id=\"backBtn\"]"}
RESULT: {"using":"xpath","value":"//*[@id=\"backBtn\"]"}
COMMAND: POST /session/20b6aef6e750aa7409fc9696fccbb445/elements - {"using":"xpath","value":"//*[@id=\"backBtn\"]"}
RESULT: {"using":"xpath","value":"//*[@id=\"backBtn\"]"}
COMMAND: POST /session/20b6aef6e750aa7409fc9696fccbb445/elements - {"using":"xpath","value":"//*[@id=\"backBtn\"]"}
RESULT: {"using":"xpath","value":"//*[@id=\"backBtn\"]"}
COMMAND: POST /session/20b6aef6e750aa7409fc9696fccbb445/elements - {"using":"xpath","value":"//*[@id=\"backBtn\"]"}
RESULT: {"using":"xpath","value":"//*[@id=\"backBtn\"]"}
COMMAND: POST /session/20b6aef6e750aa7409fc9696fccbb445/elements - {"using":"xpath","value":"//*[@id=\"backBtn\"]"}
RESULT: {"using":"xpath","value":"//*[@id=\"backBtn\"]"}
COMMAND: POST /session/20b6aef6e750aa7409fc9696fccbb445/elements - {"using":"xpath","value":"//*[@id=\"backBtn\"]"}
RESULT: {"using":"xpath","value":"//*[@id=\"backBtn\"]"}
COMMAND: POST /session/20b6aef6e750aa7409fc9696fccbb445/elements - {"using":"xpath","value":"//*[@id=\"backBtn\"]"}
RESULT: {"using":"xpath","value":"//*[@id=\"backBtn\"]"}
COMMAND: POST /session/20b6aef6e750aa7409fc9696fccbb445/elements - {"using":"xpath","value":"//*[@id=\"backBtn\"]"}
RESULT: {"using":"xpath","value":"//*[@id=\"backBtn\"]"}
COMMAND: POST /session/20b6aef6e750aa7409fc9696fccbb445/elements - {"using":"xpath","value":"//*[@id=\"backBtn\"]"}
RESULT: {"using":"xpath","value":"//*[@id=\"backBtn\"]"}
COMMAND: POST /session/20b6aef6e750aa7409fc9696fccbb445/elements - {"using":"xpath","value":"//*[@id=\"backBtn\"]"}
RESULT: {"using":"xpath","value":"//*[@id=\"backBtn\"]"}
COMMAND: POST /session/20b6aef6e750aa7409fc9696fccbb445/elements - {"using":"xpath","value":"//*[@id=\"backBtn\"]"}
RESULT: {"using":"xpath","value":"//*[@id=\"backBtn\"]"}
COMMAND: POST /session/20b6aef6e750aa7409fc9696fccbb445/elements - {"using":"xpath","value":"//*[@id=\"backBtn\"]"}
RESULT: {"using":"xpath","value":"//*[@id=\"backBtn\"]"}
]]></system-out>
    </testcase>
    <testcase classname="chrome.136_0_7103_93.windows.Sanity_Tests_US104253" name="Should open Manage Conditions Prices page" time="45.98">
      <system-out><![CDATA[
COMMAND: POST /session/20b6aef6e750aa7409fc9696fccbb445/execute/async - {"script":"<script> [1562 bytes]","args":[{"selector":{"controlType":"sap.m.GenericTile","properties":{"header":"Manage Conditions & Prices"}},"wdio_ui5_key":"sapm.GenericTile{\"header\":\"Manage Conditions & Prices\"}"}]}
COMMAND: POST /session/20b6aef6e750aa7409fc9696fccbb445/elements - {"using":"xpath","value":"//*[@id=\"backBtn\"]"}
RESULT: {"script":"<script> [1562 bytes]","args":[{"selector":{"controlType":"sap.m.GenericTile","properties":{"header":"Manage Conditions & Prices"}},"wdio_ui5_key":"sapm.GenericTile{\"header\":\"Manage Conditions & Prices\"}"}]}
RESULT: undefined
COMMAND: POST /session/20b6aef6e750aa7409fc9696fccbb445/element - {"using":"xpath","value":"//*[@id=\"__tile53\"]"}
RESULT: {"using":"xpath","value":"//*[@id=\"backBtn\"]"}
RESULT: {"using":"xpath","value":"//*[@id=\"__tile53\"]"}
COMMAND: POST /session/20b6aef6e750aa7409fc9696fccbb445/element/f.B90319AF98E1C12EEAFDBCD1A3AC4501.d.C032619DAD49644BF568ABDC85E6D10E.e.2210/click - {}
COMMAND: POST /session/20b6aef6e750aa7409fc9696fccbb445/elements - {"using":"xpath","value":"//*[@id=\"backBtn\"]"}
RESULT: {}
COMMAND: GET /session/20b6aef6e750aa7409fc9696fccbb445/screenshot - {}
RESULT: {"using":"xpath","value":"//*[@id=\"backBtn\"]"}
RESULT: {}
COMMAND: POST /session/20b6aef6e750aa7409fc9696fccbb445/elements - {"using":"xpath","value":"//*[@id=\"backBtn\"]"}
RESULT: {"using":"xpath","value":"//*[@id=\"backBtn\"]"}
COMMAND: POST /session/20b6aef6e750aa7409fc9696fccbb445/elements - {"using":"xpath","value":"//*[@id=\"backBtn\"]"}
RESULT: {"using":"xpath","value":"//*[@id=\"backBtn\"]"}
COMMAND: POST /session/20b6aef6e750aa7409fc9696fccbb445/elements - {"using":"xpath","value":"//*[@id=\"backBtn\"]"}
RESULT: {"using":"xpath","value":"//*[@id=\"backBtn\"]"}
COMMAND: POST /session/20b6aef6e750aa7409fc9696fccbb445/element - {"using":"xpath","value":"//*[@id=\"backBtn\"]"}
RESULT: {"using":"xpath","value":"//*[@id=\"backBtn\"]"}
COMMAND: POST /session/20b6aef6e750aa7409fc9696fccbb445/element/f.B90319AF98E1C12EEAFDBCD1A3AC4501.d.C032619DAD49644BF568ABDC85E6D10E.e.1995/click - {}
COMMAND: POST /session/20b6aef6e750aa7409fc9696fccbb445/element - {"using":"xpath","value":"//*[@id=\"backBtn\"]"}
RESULT: {"using":"xpath","value":"//*[@id=\"backBtn\"]"}
COMMAND: POST /session/20b6aef6e750aa7409fc9696fccbb445/element/f.B90319AF98E1C12EEAFDBCD1A3AC4501.d.C032619DAD49644BF568ABDC85E6D10E.e.2214/click - {}
RESULT: {}
COMMAND: GET /session/20b6aef6e750aa7409fc9696fccbb445/screenshot - {}
RESULT: {}
COMMAND: POST /session/20b6aef6e750aa7409fc9696fccbb445/elements - {"using":"xpath","value":"//span[text()='Error']"}
RESULT: {"using":"xpath","value":"//span[text()='Error']"}
RESULT: undefined
COMMAND: POST /session/20b6aef6e750aa7409fc9696fccbb445/element - {"using":"xpath","value":"//*[@id=\"__tile53\"]"}
RESULT: {"using":"xpath","value":"//*[@id=\"__tile53\"]"}
COMMAND: POST /session/20b6aef6e750aa7409fc9696fccbb445/element/f.B90319AF98E1C12EEAFDBCD1A3AC4501.d.C032619DAD49644BF568ABDC85E6D10E.e.2210/click - {}
RESULT: {}
RESULT: undefined
COMMAND: POST /session/20b6aef6e750aa7409fc9696fccbb445/element - {"using":"xpath","value":"//*[@id=\"__tile53\"]"}
COMMAND: GET /session/20b6aef6e750aa7409fc9696fccbb445/screenshot - {}
RESULT: {"using":"xpath","value":"//*[@id=\"__tile53\"]"}
COMMAND: POST /session/20b6aef6e750aa7409fc9696fccbb445/element/f.B90319AF98E1C12EEAFDBCD1A3AC4501.d.C032619DAD49644BF568ABDC85E6D10E.e.2210/click - {}
RESULT: {}
RESULT: undefined
COMMAND: POST /session/20b6aef6e750aa7409fc9696fccbb445/execute/async - {"script":"<script> [6424 bytes]","args":[{"element-6066-11e4-a52e-4f735466cecf":"f.B90319AF98E1C12EEAFDBCD1A3AC4501.d.C032619DAD49644BF568ABDC85E6D10E.e.290"},"getTitle",[]]}
COMMAND: POST /session/20b6aef6e750aa7409fc9696fccbb445/execute/async - {"script":"<script> [1562 bytes]","args":[{"selector":{"id":"shellAppTitle"},"wdio_ui5_key":"shellAppTitle"}]}
RESULT: {"script":"<script> [1562 bytes]","args":[{"selector":{"id":"shellAppTitle"},"wdio_ui5_key":"shellAppTitle"}]}
COMMAND: POST /session/20b6aef6e750aa7409fc9696fccbb445/execute/async - {"script":"<script> [6424 bytes]","args":[{"element-6066-11e4-a52e-4f735466cecf":"f.B90319AF98E1C12EEAFDBCD1A3AC4501.d.C032619DAD49644BF568ABDC85E6D10E.e.2399"},"getTitle",[]]}
RESULT: {"script":"<script> [6424 bytes]","args":[{"element-6066-11e4-a52e-4f735466cecf":"f.B90319AF98E1C12EEAFDBCD1A3AC4501.d.C032619DAD49644BF568ABDC85E6D10E.e.2399"},"getTitle",[]]}
RESULT: undefined
COMMAND: POST /session/20b6aef6e750aa7409fc9696fccbb445/element/f.B90319AF98E1C12EEAFDBCD1A3AC4501.d.C032619DAD49644BF568ABDC85E6D10E.e.2214/click - {}
RESULT: {}
COMMAND: GET /session/20b6aef6e750aa7409fc9696fccbb445/screenshot - {}
RESULT: {}
]]></system-out>
    </testcase>
    <testcase classname="chrome.136_0_7103_93.windows.Sanity_Tests_US104253" name="Should open Billing Transfer page" time="41.733">
      <system-out><![CDATA[
COMMAND: POST /session/20b6aef6e750aa7409fc9696fccbb445/execute/async - {"script":"<script> [1562 bytes]","args":[{"selector":{"controlType":"sap.m.GenericTile","properties":{"header":"Billing Transfer"}},"wdio_ui5_key":"sapm.GenericTile{\"header\":\"Billing Transfer\"}"}]}
RESULT: {"script":"<script> [1562 bytes]","args":[{"selector":{"controlType":"sap.m.GenericTile","properties":{"header":"Billing Transfer"}},"wdio_ui5_key":"sapm.GenericTile{\"header\":\"Billing Transfer\"}"}]}
RESULT: undefined
COMMAND: POST /session/20b6aef6e750aa7409fc9696fccbb445/element - {"using":"xpath","value":"//*[@id=\"__tile50\"]"}
RESULT: {"using":"xpath","value":"//*[@id=\"__tile50\"]"}
COMMAND: POST /session/20b6aef6e750aa7409fc9696fccbb445/element/f.B90319AF98E1C12EEAFDBCD1A3AC4501.d.C032619DAD49644BF568ABDC85E6D10E.e.2401/click - {}
RESULT: {}
COMMAND: GET /session/20b6aef6e750aa7409fc9696fccbb445/screenshot - {}
RESULT: {}
COMMAND: POST /session/20b6aef6e750aa7409fc9696fccbb445/elements - {"using":"xpath","value":"//span[text()='Error']"}
RESULT: {"using":"xpath","value":"//span[text()='Error']"}
RESULT: undefined
COMMAND: POST /session/20b6aef6e750aa7409fc9696fccbb445/element - {"using":"xpath","value":"//*[@id=\"__tile50\"]"}
RESULT: {"using":"xpath","value":"//*[@id=\"__tile50\"]"}
COMMAND: POST /session/20b6aef6e750aa7409fc9696fccbb445/element/f.B90319AF98E1C12EEAFDBCD1A3AC4501.d.C032619DAD49644BF568ABDC85E6D10E.e.2401/click - {}
RESULT: undefined
COMMAND: POST /session/20b6aef6e750aa7409fc9696fccbb445/element - {"using":"xpath","value":"//*[@id=\"__tile50\"]"}
RESULT: {"using":"xpath","value":"//*[@id=\"__tile50\"]"}
COMMAND: POST /session/20b6aef6e750aa7409fc9696fccbb445/element/f.B90319AF98E1C12EEAFDBCD1A3AC4501.d.C032619DAD49644BF568ABDC85E6D10E.e.2401/click - {}
RESULT: undefined
COMMAND: POST /session/20b6aef6e750aa7409fc9696fccbb445/execute/async - {"script":"<script> [6424 bytes]","args":[{"element-6066-11e4-a52e-4f735466cecf":"f.B90319AF98E1C12EEAFDBCD1A3AC4501.d.C032619DAD49644BF568ABDC85E6D10E.e.290"},"getTitle",[]]}
COMMAND: POST /session/20b6aef6e750aa7409fc9696fccbb445/execute/async - {"script":"<script> [1562 bytes]","args":[{"selector":{"id":"shellAppTitle"},"wdio_ui5_key":"shellAppTitle"}]}
RESULT: {"script":"<script> [1562 bytes]","args":[{"selector":{"id":"shellAppTitle"},"wdio_ui5_key":"shellAppTitle"}]}
COMMAND: POST /session/20b6aef6e750aa7409fc9696fccbb445/execute/async - {"script":"<script> [6424 bytes]","args":[{"element-6066-11e4-a52e-4f735466cecf":"f.B90319AF98E1C12EEAFDBCD1A3AC4501.d.C032619DAD49644BF568ABDC85E6D10E.e.2532"},"getTitle",[]]}
RESULT: {"script":"<script> [6424 bytes]","args":[{"element-6066-11e4-a52e-4f735466cecf":"f.B90319AF98E1C12EEAFDBCD1A3AC4501.d.C032619DAD49644BF568ABDC85E6D10E.e.2532"},"getTitle",[]]}
RESULT: undefined
COMMAND: POST /session/20b6aef6e750aa7409fc9696fccbb445/element/f.B90319AF98E1C12EEAFDBCD1A3AC4501.d.C032619DAD49644BF568ABDC85E6D10E.e.2214/click - {}
COMMAND: POST /session/20b6aef6e750aa7409fc9696fccbb445/element - {"using":"xpath","value":"//*[@id=\"backBtn\"]"}
RESULT: {"using":"xpath","value":"//*[@id=\"backBtn\"]"}
COMMAND: POST /session/20b6aef6e750aa7409fc9696fccbb445/element/f.B90319AF98E1C12EEAFDBCD1A3AC4501.d.C032619DAD49644BF568ABDC85E6D10E.e.2214/click - {}
COMMAND: POST /session/20b6aef6e750aa7409fc9696fccbb445/element - {"using":"xpath","value":"//*[@id=\"backBtn\"]"}
RESULT: {"using":"xpath","value":"//*[@id=\"backBtn\"]"}
COMMAND: POST /session/20b6aef6e750aa7409fc9696fccbb445/element/f.B90319AF98E1C12EEAFDBCD1A3AC4501.d.C032619DAD49644BF568ABDC85E6D10E.e.2533/click - {}
RESULT: {}
COMMAND: GET /session/20b6aef6e750aa7409fc9696fccbb445/screenshot - {}
RESULT: {}
]]></system-out>
    </testcase>
    <testcase classname="chrome.136_0_7103_93.windows.Sanity_Tests_US104253" name="Should open Manage Pricing Rules page" time="37.894">
      <system-out><![CDATA[
COMMAND: POST /session/20b6aef6e750aa7409fc9696fccbb445/execute/async - {"script":"<script> [1562 bytes]","args":[{"selector":{"controlType":"sap.m.GenericTile","properties":{"header":"Manage Pricing Rules"}},"wdio_ui5_key":"sapm.GenericTile{\"header\":\"Manage Pricing Rules\"}"}]}
RESULT: {"script":"<script> [1562 bytes]","args":[{"selector":{"controlType":"sap.m.GenericTile","properties":{"header":"Manage Pricing Rules"}},"wdio_ui5_key":"sapm.GenericTile{\"header\":\"Manage Pricing Rules\"}"}]}
RESULT: undefined
COMMAND: POST /session/20b6aef6e750aa7409fc9696fccbb445/element - {"using":"xpath","value":"//*[@id=\"__tile55\"]"}
RESULT: {"using":"xpath","value":"//*[@id=\"__tile55\"]"}
COMMAND: POST /session/20b6aef6e750aa7409fc9696fccbb445/element/f.B90319AF98E1C12EEAFDBCD1A3AC4501.d.C032619DAD49644BF568ABDC85E6D10E.e.2535/click - {}
RESULT: {}
COMMAND: GET /session/20b6aef6e750aa7409fc9696fccbb445/screenshot - {}
RESULT: {}
COMMAND: POST /session/20b6aef6e750aa7409fc9696fccbb445/elements - {"using":"xpath","value":"//span[text()='Error']"}
RESULT: {"using":"xpath","value":"//span[text()='Error']"}
RESULT: undefined
COMMAND: POST /session/20b6aef6e750aa7409fc9696fccbb445/element - {"using":"xpath","value":"//*[@id=\"__tile55\"]"}
RESULT: {"using":"xpath","value":"//*[@id=\"__tile55\"]"}
COMMAND: POST /session/20b6aef6e750aa7409fc9696fccbb445/element/f.B90319AF98E1C12EEAFDBCD1A3AC4501.d.C032619DAD49644BF568ABDC85E6D10E.e.2535/click - {}
RESULT: undefined
COMMAND: POST /session/20b6aef6e750aa7409fc9696fccbb445/element - {"using":"xpath","value":"//*[@id=\"__tile55\"]"}
RESULT: {"using":"xpath","value":"//*[@id=\"__tile55\"]"}
COMMAND: POST /session/20b6aef6e750aa7409fc9696fccbb445/element/f.B90319AF98E1C12EEAFDBCD1A3AC4501.d.C032619DAD49644BF568ABDC85E6D10E.e.2535/click - {}
RESULT: undefined
COMMAND: POST /session/20b6aef6e750aa7409fc9696fccbb445/execute/async - {"script":"<script> [6424 bytes]","args":[{"element-6066-11e4-a52e-4f735466cecf":"f.B90319AF98E1C12EEAFDBCD1A3AC4501.d.C032619DAD49644BF568ABDC85E6D10E.e.290"},"getTitle",[]]}
COMMAND: POST /session/20b6aef6e750aa7409fc9696fccbb445/execute/async - {"script":"<script> [1562 bytes]","args":[{"selector":{"id":"shellAppTitle"},"wdio_ui5_key":"shellAppTitle"}]}
RESULT: {"script":"<script> [1562 bytes]","args":[{"selector":{"id":"shellAppTitle"},"wdio_ui5_key":"shellAppTitle"}]}
COMMAND: POST /session/20b6aef6e750aa7409fc9696fccbb445/execute/async - {"script":"<script> [6424 bytes]","args":[{"element-6066-11e4-a52e-4f735466cecf":"f.B90319AF98E1C12EEAFDBCD1A3AC4501.d.C032619DAD49644BF568ABDC85E6D10E.e.2618"},"getTitle",[]]}
RESULT: {"script":"<script> [6424 bytes]","args":[{"element-6066-11e4-a52e-4f735466cecf":"f.B90319AF98E1C12EEAFDBCD1A3AC4501.d.C032619DAD49644BF568ABDC85E6D10E.e.2618"},"getTitle",[]]}
RESULT: undefined
COMMAND: POST /session/20b6aef6e750aa7409fc9696fccbb445/element/f.B90319AF98E1C12EEAFDBCD1A3AC4501.d.C032619DAD49644BF568ABDC85E6D10E.e.2533/click - {}
RESULT: {}
COMMAND: GET /session/20b6aef6e750aa7409fc9696fccbb445/screenshot - {}
RESULT: {}
]]></system-out>
    </testcase>
    <testcase classname="chrome.136_0_7103_93.windows.Sanity_Tests_US104253" name="Should open Manage Price Determination Matrices page" time="37.452">
      <system-out><![CDATA[
COMMAND: POST /session/20b6aef6e750aa7409fc9696fccbb445/execute/async - {"script":"<script> [1562 bytes]","args":[{"selector":{"controlType":"sap.m.GenericTile","properties":{"header":"Manage Price Determination Matrices"}},"wdio_ui5_key":"sapm.GenericTile{\"header\":\"Manage Price Determination Matrices\"}"}]}
RESULT: {"script":"<script> [1562 bytes]","args":[{"selector":{"controlType":"sap.m.GenericTile","properties":{"header":"Manage Price Determination Matrices"}},"wdio_ui5_key":"sapm.GenericTile{\"header\":\"Manage Price Determination Matrices\"}"}]}
RESULT: undefined
COMMAND: POST /session/20b6aef6e750aa7409fc9696fccbb445/element - {"using":"xpath","value":"//*[@id=\"__tile54\"]"}
RESULT: {"using":"xpath","value":"//*[@id=\"__tile54\"]"}
COMMAND: POST /session/20b6aef6e750aa7409fc9696fccbb445/element/f.B90319AF98E1C12EEAFDBCD1A3AC4501.d.C032619DAD49644BF568ABDC85E6D10E.e.2620/click - {}
RESULT: {}
COMMAND: GET /session/20b6aef6e750aa7409fc9696fccbb445/screenshot - {}
RESULT: {}
COMMAND: POST /session/20b6aef6e750aa7409fc9696fccbb445/elements - {"using":"xpath","value":"//span[text()='Error']"}
RESULT: {"using":"xpath","value":"//span[text()='Error']"}
RESULT: undefined
COMMAND: POST /session/20b6aef6e750aa7409fc9696fccbb445/element - {"using":"xpath","value":"//*[@id=\"__tile54\"]"}
RESULT: {"using":"xpath","value":"//*[@id=\"__tile54\"]"}
COMMAND: POST /session/20b6aef6e750aa7409fc9696fccbb445/element/f.B90319AF98E1C12EEAFDBCD1A3AC4501.d.C032619DAD49644BF568ABDC85E6D10E.e.2620/click - {}
RESULT: undefined
COMMAND: POST /session/20b6aef6e750aa7409fc9696fccbb445/element - {"using":"xpath","value":"//*[@id=\"__tile54\"]"}
RESULT: {"using":"xpath","value":"//*[@id=\"__tile54\"]"}
COMMAND: POST /session/20b6aef6e750aa7409fc9696fccbb445/element/f.B90319AF98E1C12EEAFDBCD1A3AC4501.d.C032619DAD49644BF568ABDC85E6D10E.e.2620/click - {}
RESULT: undefined
COMMAND: POST /session/20b6aef6e750aa7409fc9696fccbb445/execute/async - {"script":"<script> [6424 bytes]","args":[{"element-6066-11e4-a52e-4f735466cecf":"f.B90319AF98E1C12EEAFDBCD1A3AC4501.d.C032619DAD49644BF568ABDC85E6D10E.e.290"},"getTitle",[]]}
COMMAND: POST /session/20b6aef6e750aa7409fc9696fccbb445/execute/async - {"script":"<script> [1562 bytes]","args":[{"selector":{"id":"shellAppTitle"},"wdio_ui5_key":"shellAppTitle"}]}
RESULT: {"script":"<script> [1562 bytes]","args":[{"selector":{"id":"shellAppTitle"},"wdio_ui5_key":"shellAppTitle"}]}
COMMAND: POST /session/20b6aef6e750aa7409fc9696fccbb445/execute/async - {"script":"<script> [6424 bytes]","args":[{"element-6066-11e4-a52e-4f735466cecf":"f.B90319AF98E1C12EEAFDBCD1A3AC4501.d.C032619DAD49644BF568ABDC85E6D10E.e.2703"},"getTitle",[]]}
RESULT: {"script":"<script> [6424 bytes]","args":[{"element-6066-11e4-a52e-4f735466cecf":"f.B90319AF98E1C12EEAFDBCD1A3AC4501.d.C032619DAD49644BF568ABDC85E6D10E.e.2703"},"getTitle",[]]}
RESULT: undefined
COMMAND: POST /session/20b6aef6e750aa7409fc9696fccbb445/element/f.B90319AF98E1C12EEAFDBCD1A3AC4501.d.C032619DAD49644BF568ABDC85E6D10E.e.2533/click - {}
COMMAND: POST /session/20b6aef6e750aa7409fc9696fccbb445/element - {"using":"xpath","value":"//*[@id=\"backBtn\"]"}
RESULT: {"using":"xpath","value":"//*[@id=\"backBtn\"]"}
COMMAND: POST /session/20b6aef6e750aa7409fc9696fccbb445/element/f.B90319AF98E1C12EEAFDBCD1A3AC4501.d.C032619DAD49644BF568ABDC85E6D10E.e.2533/click - {}
COMMAND: POST /session/20b6aef6e750aa7409fc9696fccbb445/element - {"using":"xpath","value":"//*[@id=\"backBtn\"]"}
RESULT: {"using":"xpath","value":"//*[@id=\"backBtn\"]"}
COMMAND: POST /session/20b6aef6e750aa7409fc9696fccbb445/element/f.B90319AF98E1C12EEAFDBCD1A3AC4501.d.C032619DAD49644BF568ABDC85E6D10E.e.2704/click - {}
RESULT: {}
COMMAND: GET /session/20b6aef6e750aa7409fc9696fccbb445/screenshot - {}
RESULT: {}
]]></system-out>
    </testcase>
    <testcase classname="chrome.136_0_7103_93.windows.Sanity_Tests_US104253" name="Should open Yard Overview page" time="36.948">
      <system-out><![CDATA[
COMMAND: POST /session/20b6aef6e750aa7409fc9696fccbb445/execute/async - {"script":"<script> [1562 bytes]","args":[{"selector":{"controlType":"sap.m.GenericTile","properties":{"header":"Yard Overview"}},"wdio_ui5_key":"sapm.GenericTile{\"header\":\"Yard Overview\"}"}]}
RESULT: {"script":"<script> [1562 bytes]","args":[{"selector":{"controlType":"sap.m.GenericTile","properties":{"header":"Yard Overview"}},"wdio_ui5_key":"sapm.GenericTile{\"header\":\"Yard Overview\"}"}]}
RESULT: undefined
COMMAND: POST /session/20b6aef6e750aa7409fc9696fccbb445/element - {"using":"xpath","value":"//*[@id=\"__tile102\"]"}
RESULT: {"using":"xpath","value":"//*[@id=\"__tile102\"]"}
COMMAND: POST /session/20b6aef6e750aa7409fc9696fccbb445/element/f.B90319AF98E1C12EEAFDBCD1A3AC4501.d.C032619DAD49644BF568ABDC85E6D10E.e.2706/click - {}
RESULT: {}
COMMAND: GET /session/20b6aef6e750aa7409fc9696fccbb445/screenshot - {}
RESULT: {}
COMMAND: POST /session/20b6aef6e750aa7409fc9696fccbb445/elements - {"using":"xpath","value":"//span[text()='Error']"}
RESULT: {"using":"xpath","value":"//span[text()='Error']"}
RESULT: undefined
COMMAND: POST /session/20b6aef6e750aa7409fc9696fccbb445/element - {"using":"xpath","value":"//*[@id=\"__tile102\"]"}
RESULT: {"using":"xpath","value":"//*[@id=\"__tile102\"]"}
COMMAND: POST /session/20b6aef6e750aa7409fc9696fccbb445/element/f.B90319AF98E1C12EEAFDBCD1A3AC4501.d.C032619DAD49644BF568ABDC85E6D10E.e.2706/click - {}
RESULT: undefined
COMMAND: POST /session/20b6aef6e750aa7409fc9696fccbb445/element - {"using":"xpath","value":"//*[@id=\"__tile102\"]"}
RESULT: {"using":"xpath","value":"//*[@id=\"__tile102\"]"}
COMMAND: POST /session/20b6aef6e750aa7409fc9696fccbb445/element/f.B90319AF98E1C12EEAFDBCD1A3AC4501.d.C032619DAD49644BF568ABDC85E6D10E.e.2706/click - {}
RESULT: undefined
COMMAND: POST /session/20b6aef6e750aa7409fc9696fccbb445/execute/async - {"script":"<script> [6424 bytes]","args":[{"element-6066-11e4-a52e-4f735466cecf":"f.B90319AF98E1C12EEAFDBCD1A3AC4501.d.C032619DAD49644BF568ABDC85E6D10E.e.290"},"getTitle",[]]}
COMMAND: POST /session/20b6aef6e750aa7409fc9696fccbb445/execute/async - {"script":"<script> [1562 bytes]","args":[{"selector":{"id":"shellAppTitle"},"wdio_ui5_key":"shellAppTitle"}]}
RESULT: {"script":"<script> [1562 bytes]","args":[{"selector":{"id":"shellAppTitle"},"wdio_ui5_key":"shellAppTitle"}]}
COMMAND: POST /session/20b6aef6e750aa7409fc9696fccbb445/execute/async - {"script":"<script> [6424 bytes]","args":[{"element-6066-11e4-a52e-4f735466cecf":"f.B90319AF98E1C12EEAFDBCD1A3AC4501.d.C032619DAD49644BF568ABDC85E6D10E.e.2764"},"getTitle",[]]}
RESULT: {"script":"<script> [6424 bytes]","args":[{"element-6066-11e4-a52e-4f735466cecf":"f.B90319AF98E1C12EEAFDBCD1A3AC4501.d.C032619DAD49644BF568ABDC85E6D10E.e.2764"},"getTitle",[]]}
RESULT: undefined
COMMAND: POST /session/20b6aef6e750aa7409fc9696fccbb445/element/f.B90319AF98E1C12EEAFDBCD1A3AC4501.d.C032619DAD49644BF568ABDC85E6D10E.e.2704/click - {}
RESULT: {}
COMMAND: GET /session/20b6aef6e750aa7409fc9696fccbb445/screenshot - {}
RESULT: {}
]]></system-out>
    </testcase>
    <testcase classname="chrome.136_0_7103_93.windows.Sanity_Tests_US104253" name="Should open Site Overview page" time="38.149">
      <system-out><![CDATA[
COMMAND: POST /session/20b6aef6e750aa7409fc9696fccbb445/execute/async - {"script":"<script> [1562 bytes]","args":[{"selector":{"controlType":"sap.m.GenericTile","properties":{"header":"Site Overview"}},"wdio_ui5_key":"sapm.GenericTile{\"header\":\"Site Overview\"}"}]}
RESULT: {"script":"<script> [1562 bytes]","args":[{"selector":{"controlType":"sap.m.GenericTile","properties":{"header":"Site Overview"}},"wdio_ui5_key":"sapm.GenericTile{\"header\":\"Site Overview\"}"}]}
RESULT: undefined
COMMAND: POST /session/20b6aef6e750aa7409fc9696fccbb445/element - {"using":"xpath","value":"//*[@id=\"__tile100\"]"}
RESULT: {"using":"xpath","value":"//*[@id=\"__tile100\"]"}
COMMAND: POST /session/20b6aef6e750aa7409fc9696fccbb445/element/f.B90319AF98E1C12EEAFDBCD1A3AC4501.d.C032619DAD49644BF568ABDC85E6D10E.e.2767/click - {}
RESULT: {}
COMMAND: GET /session/20b6aef6e750aa7409fc9696fccbb445/screenshot - {}
RESULT: {}
COMMAND: POST /session/20b6aef6e750aa7409fc9696fccbb445/elements - {"using":"xpath","value":"//span[text()='Error']"}
RESULT: {"using":"xpath","value":"//span[text()='Error']"}
RESULT: undefined
COMMAND: POST /session/20b6aef6e750aa7409fc9696fccbb445/element - {"using":"xpath","value":"//*[@id=\"__tile100\"]"}
RESULT: {"using":"xpath","value":"//*[@id=\"__tile100\"]"}
COMMAND: POST /session/20b6aef6e750aa7409fc9696fccbb445/element/f.B90319AF98E1C12EEAFDBCD1A3AC4501.d.C032619DAD49644BF568ABDC85E6D10E.e.2767/click - {}
RESULT: undefined
COMMAND: POST /session/20b6aef6e750aa7409fc9696fccbb445/element - {"using":"xpath","value":"//*[@id=\"__tile100\"]"}
RESULT: {"using":"xpath","value":"//*[@id=\"__tile100\"]"}
COMMAND: POST /session/20b6aef6e750aa7409fc9696fccbb445/element/f.B90319AF98E1C12EEAFDBCD1A3AC4501.d.C032619DAD49644BF568ABDC85E6D10E.e.2767/click - {}
RESULT: undefined
COMMAND: POST /session/20b6aef6e750aa7409fc9696fccbb445/execute/async - {"script":"<script> [6424 bytes]","args":[{"element-6066-11e4-a52e-4f735466cecf":"f.B90319AF98E1C12EEAFDBCD1A3AC4501.d.C032619DAD49644BF568ABDC85E6D10E.e.290"},"getTitle",[]]}
COMMAND: POST /session/20b6aef6e750aa7409fc9696fccbb445/execute/async - {"script":"<script> [1562 bytes]","args":[{"selector":{"id":"shellAppTitle"},"wdio_ui5_key":"shellAppTitle"}]}
RESULT: {"script":"<script> [1562 bytes]","args":[{"selector":{"id":"shellAppTitle"},"wdio_ui5_key":"shellAppTitle"}]}
COMMAND: POST /session/20b6aef6e750aa7409fc9696fccbb445/execute/async - {"script":"<script> [6424 bytes]","args":[{"element-6066-11e4-a52e-4f735466cecf":"f.B90319AF98E1C12EEAFDBCD1A3AC4501.d.C032619DAD49644BF568ABDC85E6D10E.e.2888"},"getTitle",[]]}
RESULT: {"script":"<script> [6424 bytes]","args":[{"element-6066-11e4-a52e-4f735466cecf":"f.B90319AF98E1C12EEAFDBCD1A3AC4501.d.C032619DAD49644BF568ABDC85E6D10E.e.2888"},"getTitle",[]]}
RESULT: undefined
COMMAND: POST /session/20b6aef6e750aa7409fc9696fccbb445/element/f.B90319AF98E1C12EEAFDBCD1A3AC4501.d.C032619DAD49644BF568ABDC85E6D10E.e.2704/click - {}
COMMAND: POST /session/20b6aef6e750aa7409fc9696fccbb445/element - {"using":"xpath","value":"//*[@id=\"backBtn\"]"}
RESULT: {"using":"xpath","value":"//*[@id=\"backBtn\"]"}
COMMAND: POST /session/20b6aef6e750aa7409fc9696fccbb445/element/f.B90319AF98E1C12EEAFDBCD1A3AC4501.d.C032619DAD49644BF568ABDC85E6D10E.e.2704/click - {}
COMMAND: POST /session/20b6aef6e750aa7409fc9696fccbb445/element - {"using":"xpath","value":"//*[@id=\"backBtn\"]"}
RESULT: {"using":"xpath","value":"//*[@id=\"backBtn\"]"}
COMMAND: POST /session/20b6aef6e750aa7409fc9696fccbb445/element/f.B90319AF98E1C12EEAFDBCD1A3AC4501.d.C032619DAD49644BF568ABDC85E6D10E.e.2889/click - {}
RESULT: {}
COMMAND: GET /session/20b6aef6e750aa7409fc9696fccbb445/screenshot - {}
RESULT: {}
]]></system-out>
    </testcase>
    <testcase classname="chrome.136_0_7103_93.windows.Sanity_Tests_US104253" name="Should open Trace Track Resources page" time="38.456">
      <system-out><![CDATA[
COMMAND: POST /session/20b6aef6e750aa7409fc9696fccbb445/execute/async - {"script":"<script> [1562 bytes]","args":[{"selector":{"controlType":"sap.m.GenericTile","properties":{"header":"Trace & Track Resources"}},"wdio_ui5_key":"sapm.GenericTile{\"header\":\"Trace & Track Resources\"}"}]}
RESULT: {"script":"<script> [1562 bytes]","args":[{"selector":{"controlType":"sap.m.GenericTile","properties":{"header":"Trace & Track Resources"}},"wdio_ui5_key":"sapm.GenericTile{\"header\":\"Trace & Track Resources\"}"}]}
RESULT: undefined
COMMAND: POST /session/20b6aef6e750aa7409fc9696fccbb445/element - {"using":"xpath","value":"//*[@id=\"__tile101\"]"}
RESULT: {"using":"xpath","value":"//*[@id=\"__tile101\"]"}
COMMAND: POST /session/20b6aef6e750aa7409fc9696fccbb445/element/f.B90319AF98E1C12EEAFDBCD1A3AC4501.d.C032619DAD49644BF568ABDC85E6D10E.e.2892/click - {}
RESULT: {}
COMMAND: GET /session/20b6aef6e750aa7409fc9696fccbb445/screenshot - {}
RESULT: {}
COMMAND: POST /session/20b6aef6e750aa7409fc9696fccbb445/elements - {"using":"xpath","value":"//span[text()='Error']"}
RESULT: {"using":"xpath","value":"//span[text()='Error']"}
RESULT: undefined
COMMAND: POST /session/20b6aef6e750aa7409fc9696fccbb445/element - {"using":"xpath","value":"//*[@id=\"__tile101\"]"}
RESULT: {"using":"xpath","value":"//*[@id=\"__tile101\"]"}
COMMAND: POST /session/20b6aef6e750aa7409fc9696fccbb445/element/f.B90319AF98E1C12EEAFDBCD1A3AC4501.d.C032619DAD49644BF568ABDC85E6D10E.e.2892/click - {}
RESULT: undefined
COMMAND: POST /session/20b6aef6e750aa7409fc9696fccbb445/element - {"using":"xpath","value":"//*[@id=\"__tile101\"]"}
RESULT: {"using":"xpath","value":"//*[@id=\"__tile101\"]"}
COMMAND: POST /session/20b6aef6e750aa7409fc9696fccbb445/element/f.B90319AF98E1C12EEAFDBCD1A3AC4501.d.C032619DAD49644BF568ABDC85E6D10E.e.2892/click - {}
RESULT: undefined
COMMAND: POST /session/20b6aef6e750aa7409fc9696fccbb445/execute/async - {"script":"<script> [6424 bytes]","args":[{"element-6066-11e4-a52e-4f735466cecf":"f.B90319AF98E1C12EEAFDBCD1A3AC4501.d.C032619DAD49644BF568ABDC85E6D10E.e.290"},"getTitle",[]]}
COMMAND: POST /session/20b6aef6e750aa7409fc9696fccbb445/execute/async - {"script":"<script> [1562 bytes]","args":[{"selector":{"id":"shellAppTitle"},"wdio_ui5_key":"shellAppTitle"}]}
RESULT: {"script":"<script> [1562 bytes]","args":[{"selector":{"id":"shellAppTitle"},"wdio_ui5_key":"shellAppTitle"}]}
COMMAND: POST /session/20b6aef6e750aa7409fc9696fccbb445/execute/async - {"script":"<script> [6424 bytes]","args":[{"element-6066-11e4-a52e-4f735466cecf":"f.B90319AF98E1C12EEAFDBCD1A3AC4501.d.C032619DAD49644BF568ABDC85E6D10E.e.2925"},"getTitle",[]]}
RESULT: {"script":"<script> [6424 bytes]","args":[{"element-6066-11e4-a52e-4f735466cecf":"f.B90319AF98E1C12EEAFDBCD1A3AC4501.d.C032619DAD49644BF568ABDC85E6D10E.e.2925"},"getTitle",[]]}
RESULT: undefined
COMMAND: POST /session/20b6aef6e750aa7409fc9696fccbb445/element/f.B90319AF98E1C12EEAFDBCD1A3AC4501.d.C032619DAD49644BF568ABDC85E6D10E.e.2889/click - {}
RESULT: {}
COMMAND: GET /session/20b6aef6e750aa7409fc9696fccbb445/screenshot - {}
RESULT: {}
]]></system-out>
    </testcase>
    <testcase classname="chrome.136_0_7103_93.windows.Sanity_Tests_US104253" name="Should open RU Inventory List page" time="42.783">
      <system-out><![CDATA[
COMMAND: POST /session/20b6aef6e750aa7409fc9696fccbb445/execute/async - {"script":"<script> [1562 bytes]","args":[{"selector":{"controlType":"sap.m.GenericTile","properties":{"header":"RU Inventory List"}},"wdio_ui5_key":"sapm.GenericTile{\"header\":\"RU Inventory List\"}"}]}
RESULT: {"script":"<script> [1562 bytes]","args":[{"selector":{"controlType":"sap.m.GenericTile","properties":{"header":"RU Inventory List"}},"wdio_ui5_key":"sapm.GenericTile{\"header\":\"RU Inventory List\"}"}]}
RESULT: undefined
COMMAND: POST /session/20b6aef6e750aa7409fc9696fccbb445/element - {"using":"xpath","value":"//*[@id=\"__tile99\"]"}
RESULT: {"using":"xpath","value":"//*[@id=\"__tile99\"]"}
COMMAND: POST /session/20b6aef6e750aa7409fc9696fccbb445/element/f.B90319AF98E1C12EEAFDBCD1A3AC4501.d.C032619DAD49644BF568ABDC85E6D10E.e.2927/click - {}
RESULT: {}
COMMAND: GET /session/20b6aef6e750aa7409fc9696fccbb445/screenshot - {}
RESULT: {}
COMMAND: POST /session/20b6aef6e750aa7409fc9696fccbb445/elements - {"using":"xpath","value":"//span[text()='Error']"}
RESULT: {"using":"xpath","value":"//span[text()='Error']"}
RESULT: undefined
COMMAND: POST /session/20b6aef6e750aa7409fc9696fccbb445/element - {"using":"xpath","value":"//*[@id=\"__tile99\"]"}
RESULT: {"using":"xpath","value":"//*[@id=\"__tile99\"]"}
COMMAND: POST /session/20b6aef6e750aa7409fc9696fccbb445/element/f.B90319AF98E1C12EEAFDBCD1A3AC4501.d.C032619DAD49644BF568ABDC85E6D10E.e.2927/click - {}
RESULT: undefined
COMMAND: POST /session/20b6aef6e750aa7409fc9696fccbb445/element - {"using":"xpath","value":"//*[@id=\"__tile99\"]"}
RESULT: {"using":"xpath","value":"//*[@id=\"__tile99\"]"}
COMMAND: POST /session/20b6aef6e750aa7409fc9696fccbb445/element/f.B90319AF98E1C12EEAFDBCD1A3AC4501.d.C032619DAD49644BF568ABDC85E6D10E.e.2927/click - {}
RESULT: undefined
COMMAND: POST /session/20b6aef6e750aa7409fc9696fccbb445/execute/async - {"script":"<script> [6424 bytes]","args":[{"element-6066-11e4-a52e-4f735466cecf":"f.B90319AF98E1C12EEAFDBCD1A3AC4501.d.C032619DAD49644BF568ABDC85E6D10E.e.290"},"getTitle",[]]}
COMMAND: POST /session/20b6aef6e750aa7409fc9696fccbb445/execute/async - {"script":"<script> [1562 bytes]","args":[{"selector":{"id":"shellAppTitle"},"wdio_ui5_key":"shellAppTitle"}]}
RESULT: {"script":"<script> [1562 bytes]","args":[{"selector":{"id":"shellAppTitle"},"wdio_ui5_key":"shellAppTitle"}]}
COMMAND: POST /session/20b6aef6e750aa7409fc9696fccbb445/execute/async - {"script":"<script> [6424 bytes]","args":[{"element-6066-11e4-a52e-4f735466cecf":"f.B90319AF98E1C12EEAFDBCD1A3AC4501.d.C032619DAD49644BF568ABDC85E6D10E.e.3126"},"getTitle",[]]}
RESULT: {"script":"<script> [6424 bytes]","args":[{"element-6066-11e4-a52e-4f735466cecf":"f.B90319AF98E1C12EEAFDBCD1A3AC4501.d.C032619DAD49644BF568ABDC85E6D10E.e.3126"},"getTitle",[]]}
RESULT: undefined
COMMAND: POST /session/20b6aef6e750aa7409fc9696fccbb445/element/f.B90319AF98E1C12EEAFDBCD1A3AC4501.d.C032619DAD49644BF568ABDC85E6D10E.e.2889/click - {}
COMMAND: POST /session/20b6aef6e750aa7409fc9696fccbb445/element - {"using":"xpath","value":"//*[@id=\"backBtn\"]"}
RESULT: {"using":"xpath","value":"//*[@id=\"backBtn\"]"}
COMMAND: POST /session/20b6aef6e750aa7409fc9696fccbb445/element/f.B90319AF98E1C12EEAFDBCD1A3AC4501.d.C032619DAD49644BF568ABDC85E6D10E.e.2889/click - {}
COMMAND: POST /session/20b6aef6e750aa7409fc9696fccbb445/element - {"using":"xpath","value":"//*[@id=\"backBtn\"]"}
RESULT: {"using":"xpath","value":"//*[@id=\"backBtn\"]"}
COMMAND: POST /session/20b6aef6e750aa7409fc9696fccbb445/element/f.B90319AF98E1C12EEAFDBCD1A3AC4501.d.C032619DAD49644BF568ABDC85E6D10E.e.3127/click - {}
RESULT: {}
COMMAND: GET /session/20b6aef6e750aa7409fc9696fccbb445/screenshot - {}
RESULT: {}
]]></system-out>
    </testcase>
    <testcase classname="chrome.136_0_7103_93.windows.Sanity_Tests_US104253" name="Should open Contracts Dashboard page" time="46.198">
      <system-out><![CDATA[
COMMAND: POST /session/20b6aef6e750aa7409fc9696fccbb445/execute/async - {"script":"<script> [1562 bytes]","args":[{"selector":{"controlType":"sap.m.GenericTile","properties":{"header":"Contracts Dashboard"}},"wdio_ui5_key":"sapm.GenericTile{\"header\":\"Contracts Dashboard\"}"}]}
RESULT: {"script":"<script> [1562 bytes]","args":[{"selector":{"controlType":"sap.m.GenericTile","properties":{"header":"Contracts Dashboard"}},"wdio_ui5_key":"sapm.GenericTile{\"header\":\"Contracts Dashboard\"}"}]}
RESULT: undefined
COMMAND: POST /session/20b6aef6e750aa7409fc9696fccbb445/element - {"using":"xpath","value":"//*[@id=\"__tile97\"]"}
RESULT: {"using":"xpath","value":"//*[@id=\"__tile97\"]"}
COMMAND: POST /session/20b6aef6e750aa7409fc9696fccbb445/element/f.B90319AF98E1C12EEAFDBCD1A3AC4501.d.C032619DAD49644BF568ABDC85E6D10E.e.3129/click - {}
RESULT: {}
COMMAND: GET /session/20b6aef6e750aa7409fc9696fccbb445/screenshot - {}
RESULT: {}
COMMAND: POST /session/20b6aef6e750aa7409fc9696fccbb445/elements - {"using":"xpath","value":"//span[text()='Error']"}
RESULT: {"using":"xpath","value":"//span[text()='Error']"}
RESULT: undefined
COMMAND: POST /session/20b6aef6e750aa7409fc9696fccbb445/element - {"using":"xpath","value":"//*[@id=\"__tile97\"]"}
RESULT: {"using":"xpath","value":"//*[@id=\"__tile97\"]"}
COMMAND: POST /session/20b6aef6e750aa7409fc9696fccbb445/element/f.B90319AF98E1C12EEAFDBCD1A3AC4501.d.C032619DAD49644BF568ABDC85E6D10E.e.3129/click - {}
RESULT: undefined
COMMAND: POST /session/20b6aef6e750aa7409fc9696fccbb445/element - {"using":"xpath","value":"//*[@id=\"__tile97\"]"}
RESULT: {"using":"xpath","value":"//*[@id=\"__tile97\"]"}
COMMAND: POST /session/20b6aef6e750aa7409fc9696fccbb445/element/f.B90319AF98E1C12EEAFDBCD1A3AC4501.d.C032619DAD49644BF568ABDC85E6D10E.e.3129/click - {}
RESULT: undefined
COMMAND: POST /session/20b6aef6e750aa7409fc9696fccbb445/execute/async - {"script":"<script> [6424 bytes]","args":[{"element-6066-11e4-a52e-4f735466cecf":"f.B90319AF98E1C12EEAFDBCD1A3AC4501.d.C032619DAD49644BF568ABDC85E6D10E.e.290"},"getTitle",[]]}
COMMAND: POST /session/20b6aef6e750aa7409fc9696fccbb445/execute/async - {"script":"<script> [1562 bytes]","args":[{"selector":{"id":"shellAppTitle"},"wdio_ui5_key":"shellAppTitle"}]}
RESULT: {"script":"<script> [1562 bytes]","args":[{"selector":{"id":"shellAppTitle"},"wdio_ui5_key":"shellAppTitle"}]}
COMMAND: POST /session/20b6aef6e750aa7409fc9696fccbb445/execute/async - {"script":"<script> [6424 bytes]","args":[{"element-6066-11e4-a52e-4f735466cecf":"f.B90319AF98E1C12EEAFDBCD1A3AC4501.d.C032619DAD49644BF568ABDC85E6D10E.e.3152"},"getTitle",[]]}
RESULT: {"script":"<script> [6424 bytes]","args":[{"element-6066-11e4-a52e-4f735466cecf":"f.B90319AF98E1C12EEAFDBCD1A3AC4501.d.C032619DAD49644BF568ABDC85E6D10E.e.3152"},"getTitle",[]]}
RESULT: undefined
COMMAND: POST /session/20b6aef6e750aa7409fc9696fccbb445/element/f.B90319AF98E1C12EEAFDBCD1A3AC4501.d.C032619DAD49644BF568ABDC85E6D10E.e.3127/click - {}
RESULT: {}
COMMAND: GET /session/20b6aef6e750aa7409fc9696fccbb445/screenshot - {}
RESULT: {}
]]></system-out>
    </testcase>
    <testcase classname="chrome.136_0_7103_93.windows.Sanity_Tests_US104253" name="Should open Bin Status Report page" time="48.36">
      <system-out><![CDATA[
COMMAND: POST /session/20b6aef6e750aa7409fc9696fccbb445/execute/async - {"script":"<script> [1562 bytes]","args":[{"selector":{"controlType":"sap.m.GenericTile","properties":{"header":"Bin Status Report"}},"wdio_ui5_key":"sapm.GenericTile{\"header\":\"Bin Status Report\"}"}]}
RESULT: {"script":"<script> [1562 bytes]","args":[{"selector":{"controlType":"sap.m.GenericTile","properties":{"header":"Bin Status Report"}},"wdio_ui5_key":"sapm.GenericTile{\"header\":\"Bin Status Report\"}"}]}
RESULT: undefined
COMMAND: POST /session/20b6aef6e750aa7409fc9696fccbb445/element - {"using":"xpath","value":"//*[@id=\"__tile104\"]"}
RESULT: {"using":"xpath","value":"//*[@id=\"__tile104\"]"}
COMMAND: POST /session/20b6aef6e750aa7409fc9696fccbb445/element/f.B90319AF98E1C12EEAFDBCD1A3AC4501.d.C032619DAD49644BF568ABDC85E6D10E.e.3154/click - {}
RESULT: {}
COMMAND: GET /session/20b6aef6e750aa7409fc9696fccbb445/screenshot - {}
RESULT: {}
COMMAND: POST /session/20b6aef6e750aa7409fc9696fccbb445/elements - {"using":"xpath","value":"//span[text()='Error']"}
RESULT: {"using":"xpath","value":"//span[text()='Error']"}
RESULT: undefined
COMMAND: POST /session/20b6aef6e750aa7409fc9696fccbb445/element - {"using":"xpath","value":"//*[@id=\"__tile104\"]"}
RESULT: {"using":"xpath","value":"//*[@id=\"__tile104\"]"}
COMMAND: POST /session/20b6aef6e750aa7409fc9696fccbb445/element/f.B90319AF98E1C12EEAFDBCD1A3AC4501.d.C032619DAD49644BF568ABDC85E6D10E.e.3154/click - {}
RESULT: undefined
COMMAND: POST /session/20b6aef6e750aa7409fc9696fccbb445/element - {"using":"xpath","value":"//*[@id=\"__tile104\"]"}
RESULT: {"using":"xpath","value":"//*[@id=\"__tile104\"]"}
COMMAND: POST /session/20b6aef6e750aa7409fc9696fccbb445/element/f.B90319AF98E1C12EEAFDBCD1A3AC4501.d.C032619DAD49644BF568ABDC85E6D10E.e.3154/click - {}
RESULT: undefined
COMMAND: POST /session/20b6aef6e750aa7409fc9696fccbb445/execute/async - {"script":"<script> [6424 bytes]","args":[{"element-6066-11e4-a52e-4f735466cecf":"f.B90319AF98E1C12EEAFDBCD1A3AC4501.d.C032619DAD49644BF568ABDC85E6D10E.e.290"},"getTitle",[]]}
COMMAND: POST /session/20b6aef6e750aa7409fc9696fccbb445/execute/async - {"script":"<script> [1562 bytes]","args":[{"selector":{"id":"shellAppTitle"},"wdio_ui5_key":"shellAppTitle"}]}
RESULT: {"script":"<script> [1562 bytes]","args":[{"selector":{"id":"shellAppTitle"},"wdio_ui5_key":"shellAppTitle"}]}
COMMAND: POST /session/20b6aef6e750aa7409fc9696fccbb445/execute/async - {"script":"<script> [6424 bytes]","args":[{"element-6066-11e4-a52e-4f735466cecf":"f.B90319AF98E1C12EEAFDBCD1A3AC4501.d.C032619DAD49644BF568ABDC85E6D10E.e.3245"},"getTitle",[]]}
RESULT: {"script":"<script> [6424 bytes]","args":[{"element-6066-11e4-a52e-4f735466cecf":"f.B90319AF98E1C12EEAFDBCD1A3AC4501.d.C032619DAD49644BF568ABDC85E6D10E.e.3245"},"getTitle",[]]}
RESULT: undefined
COMMAND: POST /session/20b6aef6e750aa7409fc9696fccbb445/element/f.B90319AF98E1C12EEAFDBCD1A3AC4501.d.C032619DAD49644BF568ABDC85E6D10E.e.3127/click - {}
COMMAND: POST /session/20b6aef6e750aa7409fc9696fccbb445/element - {"using":"xpath","value":"//*[@id=\"backBtn\"]"}
RESULT: {"using":"xpath","value":"//*[@id=\"backBtn\"]"}
COMMAND: POST /session/20b6aef6e750aa7409fc9696fccbb445/element/f.B90319AF98E1C12EEAFDBCD1A3AC4501.d.C032619DAD49644BF568ABDC85E6D10E.e.3127/click - {}
COMMAND: POST /session/20b6aef6e750aa7409fc9696fccbb445/element - {"using":"xpath","value":"//*[@id=\"backBtn\"]"}
RESULT: {"using":"xpath","value":"//*[@id=\"backBtn\"]"}
COMMAND: POST /session/20b6aef6e750aa7409fc9696fccbb445/element/f.B90319AF98E1C12EEAFDBCD1A3AC4501.d.C032619DAD49644BF568ABDC85E6D10E.e.3246/click - {}
RESULT: {}
COMMAND: GET /session/20b6aef6e750aa7409fc9696fccbb445/screenshot - {}
RESULT: {}
]]></system-out>
    </testcase>
    <testcase classname="chrome.136_0_7103_93.windows.Sanity_Tests_US104253" name="Should open Manage Warehouse Movements page" time="40.009">
      <system-out><![CDATA[
COMMAND: POST /session/20b6aef6e750aa7409fc9696fccbb445/execute/async - {"script":"<script> [1562 bytes]","args":[{"selector":{"controlType":"sap.m.GenericTile","properties":{"header":"Manage Warehouse Movements"}},"wdio_ui5_key":"sapm.GenericTile{\"header\":\"Manage Warehouse Movements\"}"}]}
RESULT: {"script":"<script> [1562 bytes]","args":[{"selector":{"controlType":"sap.m.GenericTile","properties":{"header":"Manage Warehouse Movements"}},"wdio_ui5_key":"sapm.GenericTile{\"header\":\"Manage Warehouse Movements\"}"}]}
RESULT: undefined
COMMAND: POST /session/20b6aef6e750aa7409fc9696fccbb445/element - {"using":"xpath","value":"//*[@id=\"__tile105\"]"}
RESULT: {"using":"xpath","value":"//*[@id=\"__tile105\"]"}
COMMAND: POST /session/20b6aef6e750aa7409fc9696fccbb445/element/f.B90319AF98E1C12EEAFDBCD1A3AC4501.d.C032619DAD49644BF568ABDC85E6D10E.e.3250/click - {}
RESULT: {}
COMMAND: GET /session/20b6aef6e750aa7409fc9696fccbb445/screenshot - {}
RESULT: {}
COMMAND: POST /session/20b6aef6e750aa7409fc9696fccbb445/elements - {"using":"xpath","value":"//span[text()='Error']"}
RESULT: {"using":"xpath","value":"//span[text()='Error']"}
RESULT: undefined
COMMAND: POST /session/20b6aef6e750aa7409fc9696fccbb445/element - {"using":"xpath","value":"//*[@id=\"__tile105\"]"}
RESULT: {"using":"xpath","value":"//*[@id=\"__tile105\"]"}
COMMAND: POST /session/20b6aef6e750aa7409fc9696fccbb445/element/f.B90319AF98E1C12EEAFDBCD1A3AC4501.d.C032619DAD49644BF568ABDC85E6D10E.e.3250/click - {}
RESULT: undefined
COMMAND: POST /session/20b6aef6e750aa7409fc9696fccbb445/element - {"using":"xpath","value":"//*[@id=\"__tile105\"]"}
RESULT: {"using":"xpath","value":"//*[@id=\"__tile105\"]"}
COMMAND: POST /session/20b6aef6e750aa7409fc9696fccbb445/element/f.B90319AF98E1C12EEAFDBCD1A3AC4501.d.C032619DAD49644BF568ABDC85E6D10E.e.3250/click - {}
RESULT: undefined
COMMAND: POST /session/20b6aef6e750aa7409fc9696fccbb445/execute/async - {"script":"<script> [6424 bytes]","args":[{"element-6066-11e4-a52e-4f735466cecf":"f.B90319AF98E1C12EEAFDBCD1A3AC4501.d.C032619DAD49644BF568ABDC85E6D10E.e.290"},"getTitle",[]]}
COMMAND: POST /session/20b6aef6e750aa7409fc9696fccbb445/execute/async - {"script":"<script> [1562 bytes]","args":[{"selector":{"id":"shellAppTitle"},"wdio_ui5_key":"shellAppTitle"}]}
RESULT: {"script":"<script> [1562 bytes]","args":[{"selector":{"id":"shellAppTitle"},"wdio_ui5_key":"shellAppTitle"}]}
COMMAND: POST /session/20b6aef6e750aa7409fc9696fccbb445/execute/async - {"script":"<script> [6424 bytes]","args":[{"element-6066-11e4-a52e-4f735466cecf":"f.B90319AF98E1C12EEAFDBCD1A3AC4501.d.C032619DAD49644BF568ABDC85E6D10E.e.3338"},"getTitle",[]]}
RESULT: {"script":"<script> [6424 bytes]","args":[{"element-6066-11e4-a52e-4f735466cecf":"f.B90319AF98E1C12EEAFDBCD1A3AC4501.d.C032619DAD49644BF568ABDC85E6D10E.e.3338"},"getTitle",[]]}
RESULT: undefined
COMMAND: POST /session/20b6aef6e750aa7409fc9696fccbb445/element/f.B90319AF98E1C12EEAFDBCD1A3AC4501.d.C032619DAD49644BF568ABDC85E6D10E.e.3246/click - {}
RESULT: {}
COMMAND: GET /session/20b6aef6e750aa7409fc9696fccbb445/screenshot - {}
RESULT: {}
]]></system-out>
    </testcase>
    <testcase classname="chrome.136_0_7103_93.windows.Sanity_Tests_US104253" name="Should open Bin Inventory List page" time="40.062">
      <system-out><![CDATA[
COMMAND: POST /session/20b6aef6e750aa7409fc9696fccbb445/execute/async - {"script":"<script> [1562 bytes]","args":[{"selector":{"controlType":"sap.m.GenericTile","properties":{"header":"Bin Inventory List"}},"wdio_ui5_key":"sapm.GenericTile{\"header\":\"Bin Inventory List\"}"}]}
RESULT: {"script":"<script> [1562 bytes]","args":[{"selector":{"controlType":"sap.m.GenericTile","properties":{"header":"Bin Inventory List"}},"wdio_ui5_key":"sapm.GenericTile{\"header\":\"Bin Inventory List\"}"}]}
RESULT: undefined
COMMAND: POST /session/20b6aef6e750aa7409fc9696fccbb445/element - {"using":"xpath","value":"//*[@id=\"__tile103\"]"}
RESULT: {"using":"xpath","value":"//*[@id=\"__tile103\"]"}
COMMAND: POST /session/20b6aef6e750aa7409fc9696fccbb445/element/f.B90319AF98E1C12EEAFDBCD1A3AC4501.d.C032619DAD49644BF568ABDC85E6D10E.e.3340/click - {}
RESULT: {}
COMMAND: GET /session/20b6aef6e750aa7409fc9696fccbb445/screenshot - {}
RESULT: {}
COMMAND: POST /session/20b6aef6e750aa7409fc9696fccbb445/elements - {"using":"xpath","value":"//span[text()='Error']"}
RESULT: {"using":"xpath","value":"//span[text()='Error']"}
RESULT: undefined
COMMAND: POST /session/20b6aef6e750aa7409fc9696fccbb445/element - {"using":"xpath","value":"//*[@id=\"__tile103\"]"}
RESULT: {"using":"xpath","value":"//*[@id=\"__tile103\"]"}
COMMAND: POST /session/20b6aef6e750aa7409fc9696fccbb445/element/f.B90319AF98E1C12EEAFDBCD1A3AC4501.d.C032619DAD49644BF568ABDC85E6D10E.e.3340/click - {}
RESULT: undefined
COMMAND: POST /session/20b6aef6e750aa7409fc9696fccbb445/element - {"using":"xpath","value":"//*[@id=\"__tile103\"]"}
RESULT: {"using":"xpath","value":"//*[@id=\"__tile103\"]"}
COMMAND: POST /session/20b6aef6e750aa7409fc9696fccbb445/element/f.B90319AF98E1C12EEAFDBCD1A3AC4501.d.C032619DAD49644BF568ABDC85E6D10E.e.3340/click - {}
RESULT: undefined
COMMAND: POST /session/20b6aef6e750aa7409fc9696fccbb445/execute/async - {"script":"<script> [6424 bytes]","args":[{"element-6066-11e4-a52e-4f735466cecf":"f.B90319AF98E1C12EEAFDBCD1A3AC4501.d.C032619DAD49644BF568ABDC85E6D10E.e.290"},"getTitle",[]]}
COMMAND: POST /session/20b6aef6e750aa7409fc9696fccbb445/execute/async - {"script":"<script> [1562 bytes]","args":[{"selector":{"id":"shellAppTitle"},"wdio_ui5_key":"shellAppTitle"}]}
RESULT: {"script":"<script> [1562 bytes]","args":[{"selector":{"id":"shellAppTitle"},"wdio_ui5_key":"shellAppTitle"}]}
COMMAND: POST /session/20b6aef6e750aa7409fc9696fccbb445/execute/async - {"script":"<script> [6424 bytes]","args":[{"element-6066-11e4-a52e-4f735466cecf":"f.B90319AF98E1C12EEAFDBCD1A3AC4501.d.C032619DAD49644BF568ABDC85E6D10E.e.3422"},"getTitle",[]]}
RESULT: {"script":"<script> [6424 bytes]","args":[{"element-6066-11e4-a52e-4f735466cecf":"f.B90319AF98E1C12EEAFDBCD1A3AC4501.d.C032619DAD49644BF568ABDC85E6D10E.e.3422"},"getTitle",[]]}
RESULT: undefined
COMMAND: POST /session/20b6aef6e750aa7409fc9696fccbb445/element/f.B90319AF98E1C12EEAFDBCD1A3AC4501.d.C032619DAD49644BF568ABDC85E6D10E.e.3246/click - {}
COMMAND: POST /session/20b6aef6e750aa7409fc9696fccbb445/element - {"using":"xpath","value":"//*[@id=\"backBtn\"]"}
RESULT: {"using":"xpath","value":"//*[@id=\"backBtn\"]"}
COMMAND: POST /session/20b6aef6e750aa7409fc9696fccbb445/element/f.B90319AF98E1C12EEAFDBCD1A3AC4501.d.C032619DAD49644BF568ABDC85E6D10E.e.3246/click - {}
COMMAND: POST /session/20b6aef6e750aa7409fc9696fccbb445/element - {"using":"xpath","value":"//*[@id=\"backBtn\"]"}
RESULT: {"using":"xpath","value":"//*[@id=\"backBtn\"]"}
COMMAND: POST /session/20b6aef6e750aa7409fc9696fccbb445/element/f.B90319AF98E1C12EEAFDBCD1A3AC4501.d.C032619DAD49644BF568ABDC85E6D10E.e.3423/click - {}
RESULT: {}
COMMAND: GET /session/20b6aef6e750aa7409fc9696fccbb445/screenshot - {}
RESULT: {}
]]></system-out>
    </testcase>
    <testcase classname="chrome.136_0_7103_93.windows.Sanity_Tests_US104253" name="Should open ISC Templates page" time="41.055">
      <system-out><![CDATA[
COMMAND: POST /session/20b6aef6e750aa7409fc9696fccbb445/execute/async - {"script":"<script> [1562 bytes]","args":[{"selector":{"controlType":"sap.m.GenericTile","properties":{"header":"ISC Templates"}},"wdio_ui5_key":"sapm.GenericTile{\"header\":\"ISC Templates\"}"}]}
RESULT: {"script":"<script> [1562 bytes]","args":[{"selector":{"controlType":"sap.m.GenericTile","properties":{"header":"ISC Templates"}},"wdio_ui5_key":"sapm.GenericTile{\"header\":\"ISC Templates\"}"}]}
RESULT: undefined
COMMAND: POST /session/20b6aef6e750aa7409fc9696fccbb445/element - {"using":"xpath","value":"//*[@id=\"__tile111\"]"}
RESULT: {"using":"xpath","value":"//*[@id=\"__tile111\"]"}
COMMAND: POST /session/20b6aef6e750aa7409fc9696fccbb445/element/f.B90319AF98E1C12EEAFDBCD1A3AC4501.d.C032619DAD49644BF568ABDC85E6D10E.e.3425/click - {}
RESULT: {}
COMMAND: GET /session/20b6aef6e750aa7409fc9696fccbb445/screenshot - {}
RESULT: {}
COMMAND: POST /session/20b6aef6e750aa7409fc9696fccbb445/elements - {"using":"xpath","value":"//span[text()='Error']"}
RESULT: {"using":"xpath","value":"//span[text()='Error']"}
RESULT: undefined
COMMAND: POST /session/20b6aef6e750aa7409fc9696fccbb445/element - {"using":"xpath","value":"//*[@id=\"__tile111\"]"}
RESULT: {"using":"xpath","value":"//*[@id=\"__tile111\"]"}
COMMAND: POST /session/20b6aef6e750aa7409fc9696fccbb445/element/f.B90319AF98E1C12EEAFDBCD1A3AC4501.d.C032619DAD49644BF568ABDC85E6D10E.e.3425/click - {}
RESULT: undefined
COMMAND: POST /session/20b6aef6e750aa7409fc9696fccbb445/element - {"using":"xpath","value":"//*[@id=\"__tile111\"]"}
RESULT: {"using":"xpath","value":"//*[@id=\"__tile111\"]"}
COMMAND: POST /session/20b6aef6e750aa7409fc9696fccbb445/element/f.B90319AF98E1C12EEAFDBCD1A3AC4501.d.C032619DAD49644BF568ABDC85E6D10E.e.3425/click - {}
RESULT: undefined
COMMAND: POST /session/20b6aef6e750aa7409fc9696fccbb445/execute/async - {"script":"<script> [6424 bytes]","args":[{"element-6066-11e4-a52e-4f735466cecf":"f.B90319AF98E1C12EEAFDBCD1A3AC4501.d.C032619DAD49644BF568ABDC85E6D10E.e.290"},"getTitle",[]]}
COMMAND: POST /session/20b6aef6e750aa7409fc9696fccbb445/execute/async - {"script":"<script> [1562 bytes]","args":[{"selector":{"id":"shellAppTitle"},"wdio_ui5_key":"shellAppTitle"}]}
RESULT: {"script":"<script> [1562 bytes]","args":[{"selector":{"id":"shellAppTitle"},"wdio_ui5_key":"shellAppTitle"}]}
COMMAND: POST /session/20b6aef6e750aa7409fc9696fccbb445/execute/async - {"script":"<script> [6424 bytes]","args":[{"element-6066-11e4-a52e-4f735466cecf":"f.B90319AF98E1C12EEAFDBCD1A3AC4501.d.C032619DAD49644BF568ABDC85E6D10E.e.3516"},"getTitle",[]]}
RESULT: {"script":"<script> [6424 bytes]","args":[{"element-6066-11e4-a52e-4f735466cecf":"f.B90319AF98E1C12EEAFDBCD1A3AC4501.d.C032619DAD49644BF568ABDC85E6D10E.e.3516"},"getTitle",[]]}
RESULT: undefined
COMMAND: POST /session/20b6aef6e750aa7409fc9696fccbb445/element/f.B90319AF98E1C12EEAFDBCD1A3AC4501.d.C032619DAD49644BF568ABDC85E6D10E.e.3423/click - {}
RESULT: {}
COMMAND: GET /session/20b6aef6e750aa7409fc9696fccbb445/screenshot - {}
RESULT: {}
]]></system-out>
    </testcase>
    <testcase classname="chrome.136_0_7103_93.windows.Sanity_Tests_US104253" name="Should open ISC Schedules page" time="40.919">
      <system-out><![CDATA[
COMMAND: POST /session/20b6aef6e750aa7409fc9696fccbb445/execute/async - {"script":"<script> [1562 bytes]","args":[{"selector":{"controlType":"sap.m.GenericTile","properties":{"header":"ISC Schedules"}},"wdio_ui5_key":"sapm.GenericTile{\"header\":\"ISC Schedules\"}"}]}
RESULT: {"script":"<script> [1562 bytes]","args":[{"selector":{"controlType":"sap.m.GenericTile","properties":{"header":"ISC Schedules"}},"wdio_ui5_key":"sapm.GenericTile{\"header\":\"ISC Schedules\"}"}]}
RESULT: undefined
COMMAND: POST /session/20b6aef6e750aa7409fc9696fccbb445/element - {"using":"xpath","value":"//*[@id=\"__tile109\"]"}
RESULT: {"using":"xpath","value":"//*[@id=\"__tile109\"]"}
COMMAND: POST /session/20b6aef6e750aa7409fc9696fccbb445/element/f.B90319AF98E1C12EEAFDBCD1A3AC4501.d.C032619DAD49644BF568ABDC85E6D10E.e.3519/click - {}
RESULT: {}
COMMAND: GET /session/20b6aef6e750aa7409fc9696fccbb445/screenshot - {}
RESULT: {}
COMMAND: POST /session/20b6aef6e750aa7409fc9696fccbb445/elements - {"using":"xpath","value":"//span[text()='Error']"}
RESULT: {"using":"xpath","value":"//span[text()='Error']"}
RESULT: undefined
COMMAND: POST /session/20b6aef6e750aa7409fc9696fccbb445/element - {"using":"xpath","value":"//*[@id=\"__tile109\"]"}
RESULT: {"using":"xpath","value":"//*[@id=\"__tile109\"]"}
COMMAND: POST /session/20b6aef6e750aa7409fc9696fccbb445/element/f.B90319AF98E1C12EEAFDBCD1A3AC4501.d.C032619DAD49644BF568ABDC85E6D10E.e.3519/click - {}
RESULT: undefined
COMMAND: POST /session/20b6aef6e750aa7409fc9696fccbb445/element - {"using":"xpath","value":"//*[@id=\"__tile109\"]"}
RESULT: {"using":"xpath","value":"//*[@id=\"__tile109\"]"}
COMMAND: POST /session/20b6aef6e750aa7409fc9696fccbb445/element/f.B90319AF98E1C12EEAFDBCD1A3AC4501.d.C032619DAD49644BF568ABDC85E6D10E.e.3519/click - {}
RESULT: undefined
COMMAND: POST /session/20b6aef6e750aa7409fc9696fccbb445/execute/async - {"script":"<script> [6424 bytes]","args":[{"element-6066-11e4-a52e-4f735466cecf":"f.B90319AF98E1C12EEAFDBCD1A3AC4501.d.C032619DAD49644BF568ABDC85E6D10E.e.290"},"getTitle",[]]}
COMMAND: POST /session/20b6aef6e750aa7409fc9696fccbb445/execute/async - {"script":"<script> [1562 bytes]","args":[{"selector":{"id":"shellAppTitle"},"wdio_ui5_key":"shellAppTitle"}]}
RESULT: {"script":"<script> [1562 bytes]","args":[{"selector":{"id":"shellAppTitle"},"wdio_ui5_key":"shellAppTitle"}]}
COMMAND: POST /session/20b6aef6e750aa7409fc9696fccbb445/execute/async - {"script":"<script> [6424 bytes]","args":[{"element-6066-11e4-a52e-4f735466cecf":"f.B90319AF98E1C12EEAFDBCD1A3AC4501.d.C032619DAD49644BF568ABDC85E6D10E.e.3593"},"getTitle",[]]}
RESULT: {"script":"<script> [6424 bytes]","args":[{"element-6066-11e4-a52e-4f735466cecf":"f.B90319AF98E1C12EEAFDBCD1A3AC4501.d.C032619DAD49644BF568ABDC85E6D10E.e.3593"},"getTitle",[]]}
RESULT: undefined
COMMAND: POST /session/20b6aef6e750aa7409fc9696fccbb445/element/f.B90319AF98E1C12EEAFDBCD1A3AC4501.d.C032619DAD49644BF568ABDC85E6D10E.e.3423/click - {}
COMMAND: POST /session/20b6aef6e750aa7409fc9696fccbb445/element - {"using":"xpath","value":"//*[@id=\"backBtn\"]"}
RESULT: {"using":"xpath","value":"//*[@id=\"backBtn\"]"}
COMMAND: POST /session/20b6aef6e750aa7409fc9696fccbb445/element/f.B90319AF98E1C12EEAFDBCD1A3AC4501.d.C032619DAD49644BF568ABDC85E6D10E.e.3423/click - {}
COMMAND: POST /session/20b6aef6e750aa7409fc9696fccbb445/element - {"using":"xpath","value":"//*[@id=\"backBtn\"]"}
RESULT: {"using":"xpath","value":"//*[@id=\"backBtn\"]"}
COMMAND: POST /session/20b6aef6e750aa7409fc9696fccbb445/element/f.B90319AF98E1C12EEAFDBCD1A3AC4501.d.C032619DAD49644BF568ABDC85E6D10E.e.3594/click - {}
RESULT: {}
COMMAND: GET /session/20b6aef6e750aa7409fc9696fccbb445/screenshot - {}
RESULT: {}
]]></system-out>
    </testcase>
    <testcase classname="chrome.136_0_7103_93.windows.Sanity_Tests_US104253" name="Should open ISC Dashboard page" time="37.586">
      <system-out><![CDATA[
COMMAND: POST /session/20b6aef6e750aa7409fc9696fccbb445/execute/async - {"script":"<script> [1562 bytes]","args":[{"selector":{"controlType":"sap.m.GenericTile","properties":{"header":"ISC Dashboard"}},"wdio_ui5_key":"sapm.GenericTile{\"header\":\"ISC Dashboard\"}"}]}
RESULT: {"script":"<script> [1562 bytes]","args":[{"selector":{"controlType":"sap.m.GenericTile","properties":{"header":"ISC Dashboard"}},"wdio_ui5_key":"sapm.GenericTile{\"header\":\"ISC Dashboard\"}"}]}
RESULT: undefined
COMMAND: POST /session/20b6aef6e750aa7409fc9696fccbb445/element - {"using":"xpath","value":"//*[@id=\"__tile106\"]"}
RESULT: {"using":"xpath","value":"//*[@id=\"__tile106\"]"}
COMMAND: POST /session/20b6aef6e750aa7409fc9696fccbb445/element/f.B90319AF98E1C12EEAFDBCD1A3AC4501.d.C032619DAD49644BF568ABDC85E6D10E.e.3596/click - {}
RESULT: {}
COMMAND: GET /session/20b6aef6e750aa7409fc9696fccbb445/screenshot - {}
RESULT: {}
COMMAND: POST /session/20b6aef6e750aa7409fc9696fccbb445/elements - {"using":"xpath","value":"//span[text()='Error']"}
RESULT: {"using":"xpath","value":"//span[text()='Error']"}
RESULT: undefined
COMMAND: POST /session/20b6aef6e750aa7409fc9696fccbb445/element - {"using":"xpath","value":"//*[@id=\"__tile106\"]"}
RESULT: {"using":"xpath","value":"//*[@id=\"__tile106\"]"}
COMMAND: POST /session/20b6aef6e750aa7409fc9696fccbb445/element/f.B90319AF98E1C12EEAFDBCD1A3AC4501.d.C032619DAD49644BF568ABDC85E6D10E.e.3596/click - {}
RESULT: undefined
COMMAND: POST /session/20b6aef6e750aa7409fc9696fccbb445/element - {"using":"xpath","value":"//*[@id=\"__tile106\"]"}
RESULT: {"using":"xpath","value":"//*[@id=\"__tile106\"]"}
COMMAND: POST /session/20b6aef6e750aa7409fc9696fccbb445/element/f.B90319AF98E1C12EEAFDBCD1A3AC4501.d.C032619DAD49644BF568ABDC85E6D10E.e.3596/click - {}
RESULT: undefined
COMMAND: POST /session/20b6aef6e750aa7409fc9696fccbb445/execute/async - {"script":"<script> [6424 bytes]","args":[{"element-6066-11e4-a52e-4f735466cecf":"f.B90319AF98E1C12EEAFDBCD1A3AC4501.d.C032619DAD49644BF568ABDC85E6D10E.e.290"},"getTitle",[]]}
COMMAND: POST /session/20b6aef6e750aa7409fc9696fccbb445/execute/async - {"script":"<script> [1562 bytes]","args":[{"selector":{"id":"shellAppTitle"},"wdio_ui5_key":"shellAppTitle"}]}
RESULT: {"script":"<script> [1562 bytes]","args":[{"selector":{"id":"shellAppTitle"},"wdio_ui5_key":"shellAppTitle"}]}
COMMAND: POST /session/20b6aef6e750aa7409fc9696fccbb445/execute/async - {"script":"<script> [6424 bytes]","args":[{"element-6066-11e4-a52e-4f735466cecf":"f.B90319AF98E1C12EEAFDBCD1A3AC4501.d.C032619DAD49644BF568ABDC85E6D10E.e.3694"},"getTitle",[]]}
RESULT: {"script":"<script> [6424 bytes]","args":[{"element-6066-11e4-a52e-4f735466cecf":"f.B90319AF98E1C12EEAFDBCD1A3AC4501.d.C032619DAD49644BF568ABDC85E6D10E.e.3694"},"getTitle",[]]}
RESULT: undefined
COMMAND: POST /session/20b6aef6e750aa7409fc9696fccbb445/element/f.B90319AF98E1C12EEAFDBCD1A3AC4501.d.C032619DAD49644BF568ABDC85E6D10E.e.3594/click - {}
RESULT: {}
COMMAND: GET /session/20b6aef6e750aa7409fc9696fccbb445/screenshot - {}
RESULT: {}
]]></system-out>
    </testcase>
    <testcase classname="chrome.136_0_7103_93.windows.Sanity_Tests_US104253" name="Should open ISC Orders page" time="39.738">
      <system-out><![CDATA[
COMMAND: POST /session/20b6aef6e750aa7409fc9696fccbb445/execute/async - {"script":"<script> [1562 bytes]","args":[{"selector":{"controlType":"sap.m.GenericTile","properties":{"header":"ISC Orders"}},"wdio_ui5_key":"sapm.GenericTile{\"header\":\"ISC Orders\"}"}]}
RESULT: {"script":"<script> [1562 bytes]","args":[{"selector":{"controlType":"sap.m.GenericTile","properties":{"header":"ISC Orders"}},"wdio_ui5_key":"sapm.GenericTile{\"header\":\"ISC Orders\"}"}]}
RESULT: undefined
COMMAND: POST /session/20b6aef6e750aa7409fc9696fccbb445/element - {"using":"xpath","value":"//*[@id=\"__tile108\"]"}
RESULT: {"using":"xpath","value":"//*[@id=\"__tile108\"]"}
COMMAND: POST /session/20b6aef6e750aa7409fc9696fccbb445/element/f.B90319AF98E1C12EEAFDBCD1A3AC4501.d.C032619DAD49644BF568ABDC85E6D10E.e.3696/click - {}
RESULT: {}
COMMAND: GET /session/20b6aef6e750aa7409fc9696fccbb445/screenshot - {}
RESULT: {}
COMMAND: POST /session/20b6aef6e750aa7409fc9696fccbb445/elements - {"using":"xpath","value":"//span[text()='Error']"}
RESULT: {"using":"xpath","value":"//span[text()='Error']"}
RESULT: undefined
COMMAND: POST /session/20b6aef6e750aa7409fc9696fccbb445/element - {"using":"xpath","value":"//*[@id=\"__tile108\"]"}
RESULT: {"using":"xpath","value":"//*[@id=\"__tile108\"]"}
COMMAND: POST /session/20b6aef6e750aa7409fc9696fccbb445/element/f.B90319AF98E1C12EEAFDBCD1A3AC4501.d.C032619DAD49644BF568ABDC85E6D10E.e.3696/click - {}
RESULT: undefined
COMMAND: POST /session/20b6aef6e750aa7409fc9696fccbb445/element - {"using":"xpath","value":"//*[@id=\"__tile108\"]"}
RESULT: {"using":"xpath","value":"//*[@id=\"__tile108\"]"}
COMMAND: POST /session/20b6aef6e750aa7409fc9696fccbb445/element/f.B90319AF98E1C12EEAFDBCD1A3AC4501.d.C032619DAD49644BF568ABDC85E6D10E.e.3696/click - {}
RESULT: undefined
COMMAND: POST /session/20b6aef6e750aa7409fc9696fccbb445/execute/async - {"script":"<script> [6424 bytes]","args":[{"element-6066-11e4-a52e-4f735466cecf":"f.B90319AF98E1C12EEAFDBCD1A3AC4501.d.C032619DAD49644BF568ABDC85E6D10E.e.290"},"getTitle",[]]}
COMMAND: POST /session/20b6aef6e750aa7409fc9696fccbb445/execute/async - {"script":"<script> [1562 bytes]","args":[{"selector":{"id":"shellAppTitle"},"wdio_ui5_key":"shellAppTitle"}]}
RESULT: {"script":"<script> [1562 bytes]","args":[{"selector":{"id":"shellAppTitle"},"wdio_ui5_key":"shellAppTitle"}]}
COMMAND: POST /session/20b6aef6e750aa7409fc9696fccbb445/execute/async - {"script":"<script> [6424 bytes]","args":[{"element-6066-11e4-a52e-4f735466cecf":"f.B90319AF98E1C12EEAFDBCD1A3AC4501.d.C032619DAD49644BF568ABDC85E6D10E.e.3811"},"getTitle",[]]}
RESULT: {"script":"<script> [6424 bytes]","args":[{"element-6066-11e4-a52e-4f735466cecf":"f.B90319AF98E1C12EEAFDBCD1A3AC4501.d.C032619DAD49644BF568ABDC85E6D10E.e.3811"},"getTitle",[]]}
RESULT: undefined
COMMAND: POST /session/20b6aef6e750aa7409fc9696fccbb445/element/f.B90319AF98E1C12EEAFDBCD1A3AC4501.d.C032619DAD49644BF568ABDC85E6D10E.e.3594/click - {}
COMMAND: POST /session/20b6aef6e750aa7409fc9696fccbb445/element - {"using":"xpath","value":"//*[@id=\"backBtn\"]"}
RESULT: {"using":"xpath","value":"//*[@id=\"backBtn\"]"}
COMMAND: POST /session/20b6aef6e750aa7409fc9696fccbb445/element/f.B90319AF98E1C12EEAFDBCD1A3AC4501.d.C032619DAD49644BF568ABDC85E6D10E.e.3594/click - {}
COMMAND: POST /session/20b6aef6e750aa7409fc9696fccbb445/element - {"using":"xpath","value":"//*[@id=\"backBtn\"]"}
RESULT: {"using":"xpath","value":"//*[@id=\"backBtn\"]"}
COMMAND: POST /session/20b6aef6e750aa7409fc9696fccbb445/element/f.B90319AF98E1C12EEAFDBCD1A3AC4501.d.C032619DAD49644BF568ABDC85E6D10E.e.3812/click - {}
RESULT: {}
COMMAND: GET /session/20b6aef6e750aa7409fc9696fccbb445/screenshot - {}
RESULT: {}
]]></system-out>
    </testcase>
    <testcase classname="chrome.136_0_7103_93.windows.Sanity_Tests_US104253" name="Should open ISC Tasks page" time="39.707">
      <system-out><![CDATA[
COMMAND: POST /session/20b6aef6e750aa7409fc9696fccbb445/execute/async - {"script":"<script> [1562 bytes]","args":[{"selector":{"controlType":"sap.m.GenericTile","properties":{"header":"ISC Tasks"}},"wdio_ui5_key":"sapm.GenericTile{\"header\":\"ISC Tasks\"}"}]}
RESULT: {"script":"<script> [1562 bytes]","args":[{"selector":{"controlType":"sap.m.GenericTile","properties":{"header":"ISC Tasks"}},"wdio_ui5_key":"sapm.GenericTile{\"header\":\"ISC Tasks\"}"}]}
RESULT: undefined
COMMAND: POST /session/20b6aef6e750aa7409fc9696fccbb445/element - {"using":"xpath","value":"//*[@id=\"__tile110\"]"}
RESULT: {"using":"xpath","value":"//*[@id=\"__tile110\"]"}
COMMAND: POST /session/20b6aef6e750aa7409fc9696fccbb445/element/f.B90319AF98E1C12EEAFDBCD1A3AC4501.d.C032619DAD49644BF568ABDC85E6D10E.e.3814/click - {}
RESULT: {}
COMMAND: GET /session/20b6aef6e750aa7409fc9696fccbb445/screenshot - {}
RESULT: {}
COMMAND: POST /session/20b6aef6e750aa7409fc9696fccbb445/elements - {"using":"xpath","value":"//span[text()='Error']"}
RESULT: {"using":"xpath","value":"//span[text()='Error']"}
RESULT: undefined
COMMAND: POST /session/20b6aef6e750aa7409fc9696fccbb445/element - {"using":"xpath","value":"//*[@id=\"__tile110\"]"}
RESULT: {"using":"xpath","value":"//*[@id=\"__tile110\"]"}
COMMAND: POST /session/20b6aef6e750aa7409fc9696fccbb445/element/f.B90319AF98E1C12EEAFDBCD1A3AC4501.d.C032619DAD49644BF568ABDC85E6D10E.e.3814/click - {}
RESULT: undefined
COMMAND: POST /session/20b6aef6e750aa7409fc9696fccbb445/element - {"using":"xpath","value":"//*[@id=\"__tile110\"]"}
RESULT: {"using":"xpath","value":"//*[@id=\"__tile110\"]"}
COMMAND: POST /session/20b6aef6e750aa7409fc9696fccbb445/element/f.B90319AF98E1C12EEAFDBCD1A3AC4501.d.C032619DAD49644BF568ABDC85E6D10E.e.3814/click - {}
RESULT: undefined
COMMAND: POST /session/20b6aef6e750aa7409fc9696fccbb445/execute/async - {"script":"<script> [6424 bytes]","args":[{"element-6066-11e4-a52e-4f735466cecf":"f.B90319AF98E1C12EEAFDBCD1A3AC4501.d.C032619DAD49644BF568ABDC85E6D10E.e.290"},"getTitle",[]]}
COMMAND: POST /session/20b6aef6e750aa7409fc9696fccbb445/execute/async - {"script":"<script> [1562 bytes]","args":[{"selector":{"id":"shellAppTitle"},"wdio_ui5_key":"shellAppTitle"}]}
RESULT: {"script":"<script> [1562 bytes]","args":[{"selector":{"id":"shellAppTitle"},"wdio_ui5_key":"shellAppTitle"}]}
COMMAND: POST /session/20b6aef6e750aa7409fc9696fccbb445/execute/async - {"script":"<script> [6424 bytes]","args":[{"element-6066-11e4-a52e-4f735466cecf":"f.B90319AF98E1C12EEAFDBCD1A3AC4501.d.C032619DAD49644BF568ABDC85E6D10E.e.3893"},"getTitle",[]]}
RESULT: {"script":"<script> [6424 bytes]","args":[{"element-6066-11e4-a52e-4f735466cecf":"f.B90319AF98E1C12EEAFDBCD1A3AC4501.d.C032619DAD49644BF568ABDC85E6D10E.e.3893"},"getTitle",[]]}
RESULT: undefined
COMMAND: POST /session/20b6aef6e750aa7409fc9696fccbb445/element/f.B90319AF98E1C12EEAFDBCD1A3AC4501.d.C032619DAD49644BF568ABDC85E6D10E.e.3812/click - {}
RESULT: {}
COMMAND: GET /session/20b6aef6e750aa7409fc9696fccbb445/screenshot - {}
RESULT: {}
]]></system-out>
    </testcase>
    <testcase classname="chrome.136_0_7103_93.windows.Sanity_Tests_US104253" name="Should open Manage Resource Logbook page" time="42.406">
      <system-out><![CDATA[
COMMAND: POST /session/20b6aef6e750aa7409fc9696fccbb445/execute/async - {"script":"<script> [1562 bytes]","args":[{"selector":{"controlType":"sap.m.GenericTile","properties":{"header":"Manage Resource Logbook"}},"wdio_ui5_key":"sapm.GenericTile{\"header\":\"Manage Resource Logbook\"}"}]}
RESULT: {"script":"<script> [1562 bytes]","args":[{"selector":{"controlType":"sap.m.GenericTile","properties":{"header":"Manage Resource Logbook"}},"wdio_ui5_key":"sapm.GenericTile{\"header\":\"Manage Resource Logbook\"}"}]}
RESULT: undefined
COMMAND: POST /session/20b6aef6e750aa7409fc9696fccbb445/element - {"using":"xpath","value":"//*[@id=\"__tile113\"]"}
RESULT: {"using":"xpath","value":"//*[@id=\"__tile113\"]"}
COMMAND: POST /session/20b6aef6e750aa7409fc9696fccbb445/element/f.B90319AF98E1C12EEAFDBCD1A3AC4501.d.C032619DAD49644BF568ABDC85E6D10E.e.3895/click - {}
RESULT: {}
COMMAND: GET /session/20b6aef6e750aa7409fc9696fccbb445/screenshot - {}
RESULT: {}
COMMAND: POST /session/20b6aef6e750aa7409fc9696fccbb445/elements - {"using":"xpath","value":"//span[text()='Error']"}
RESULT: {"using":"xpath","value":"//span[text()='Error']"}
RESULT: undefined
COMMAND: POST /session/20b6aef6e750aa7409fc9696fccbb445/element - {"using":"xpath","value":"//*[@id=\"__tile113\"]"}
RESULT: {"using":"xpath","value":"//*[@id=\"__tile113\"]"}
COMMAND: POST /session/20b6aef6e750aa7409fc9696fccbb445/element/f.B90319AF98E1C12EEAFDBCD1A3AC4501.d.C032619DAD49644BF568ABDC85E6D10E.e.3895/click - {}
RESULT: undefined
COMMAND: POST /session/20b6aef6e750aa7409fc9696fccbb445/element - {"using":"xpath","value":"//*[@id=\"__tile113\"]"}
RESULT: {"using":"xpath","value":"//*[@id=\"__tile113\"]"}
COMMAND: POST /session/20b6aef6e750aa7409fc9696fccbb445/element/f.B90319AF98E1C12EEAFDBCD1A3AC4501.d.C032619DAD49644BF568ABDC85E6D10E.e.3895/click - {}
RESULT: undefined
COMMAND: POST /session/20b6aef6e750aa7409fc9696fccbb445/execute/async - {"script":"<script> [6424 bytes]","args":[{"element-6066-11e4-a52e-4f735466cecf":"f.B90319AF98E1C12EEAFDBCD1A3AC4501.d.C032619DAD49644BF568ABDC85E6D10E.e.290"},"getTitle",[]]}
COMMAND: POST /session/20b6aef6e750aa7409fc9696fccbb445/execute/async - {"script":"<script> [1562 bytes]","args":[{"selector":{"id":"shellAppTitle"},"wdio_ui5_key":"shellAppTitle"}]}
RESULT: {"script":"<script> [1562 bytes]","args":[{"selector":{"id":"shellAppTitle"},"wdio_ui5_key":"shellAppTitle"}]}
COMMAND: POST /session/20b6aef6e750aa7409fc9696fccbb445/execute/async - {"script":"<script> [6424 bytes]","args":[{"element-6066-11e4-a52e-4f735466cecf":"f.B90319AF98E1C12EEAFDBCD1A3AC4501.d.C032619DAD49644BF568ABDC85E6D10E.e.3989"},"getTitle",[]]}
RESULT: {"script":"<script> [6424 bytes]","args":[{"element-6066-11e4-a52e-4f735466cecf":"f.B90319AF98E1C12EEAFDBCD1A3AC4501.d.C032619DAD49644BF568ABDC85E6D10E.e.3989"},"getTitle",[]]}
RESULT: undefined
COMMAND: POST /session/20b6aef6e750aa7409fc9696fccbb445/element/f.B90319AF98E1C12EEAFDBCD1A3AC4501.d.C032619DAD49644BF568ABDC85E6D10E.e.3812/click - {}
COMMAND: POST /session/20b6aef6e750aa7409fc9696fccbb445/element - {"using":"xpath","value":"//*[@id=\"backBtn\"]"}
RESULT: {"using":"xpath","value":"//*[@id=\"backBtn\"]"}
COMMAND: POST /session/20b6aef6e750aa7409fc9696fccbb445/element/f.B90319AF98E1C12EEAFDBCD1A3AC4501.d.C032619DAD49644BF568ABDC85E6D10E.e.3812/click - {}
COMMAND: POST /session/20b6aef6e750aa7409fc9696fccbb445/element - {"using":"xpath","value":"//*[@id=\"backBtn\"]"}
RESULT: {"using":"xpath","value":"//*[@id=\"backBtn\"]"}
COMMAND: POST /session/20b6aef6e750aa7409fc9696fccbb445/element/f.B90319AF98E1C12EEAFDBCD1A3AC4501.d.C032619DAD49644BF568ABDC85E6D10E.e.3990/click - {}
RESULT: {}
COMMAND: GET /session/20b6aef6e750aa7409fc9696fccbb445/screenshot - {}
RESULT: {}
]]></system-out>
    </testcase>
    <testcase classname="chrome.136_0_7103_93.windows.Sanity_Tests_US104253" name="Should open Manage Logbook page" time="37.646">
      <system-out><![CDATA[
COMMAND: POST /session/20b6aef6e750aa7409fc9696fccbb445/execute/async - {"script":"<script> [1562 bytes]","args":[{"selector":{"controlType":"sap.m.GenericTile","properties":{"header":"Manage Logbook"}},"wdio_ui5_key":"sapm.GenericTile{\"header\":\"Manage Logbook\"}"}]}
RESULT: {"script":"<script> [1562 bytes]","args":[{"selector":{"controlType":"sap.m.GenericTile","properties":{"header":"Manage Logbook"}},"wdio_ui5_key":"sapm.GenericTile{\"header\":\"Manage Logbook\"}"}]}
RESULT: undefined
COMMAND: POST /session/20b6aef6e750aa7409fc9696fccbb445/element - {"using":"xpath","value":"//*[@id=\"__tile112\"]"}
RESULT: {"using":"xpath","value":"//*[@id=\"__tile112\"]"}
COMMAND: POST /session/20b6aef6e750aa7409fc9696fccbb445/element/f.B90319AF98E1C12EEAFDBCD1A3AC4501.d.C032619DAD49644BF568ABDC85E6D10E.e.3992/click - {}
RESULT: {}
COMMAND: GET /session/20b6aef6e750aa7409fc9696fccbb445/screenshot - {}
RESULT: {}
COMMAND: POST /session/20b6aef6e750aa7409fc9696fccbb445/elements - {"using":"xpath","value":"//span[text()='Error']"}
RESULT: {"using":"xpath","value":"//span[text()='Error']"}
RESULT: undefined
COMMAND: POST /session/20b6aef6e750aa7409fc9696fccbb445/element - {"using":"xpath","value":"//*[@id=\"__tile112\"]"}
RESULT: {"using":"xpath","value":"//*[@id=\"__tile112\"]"}
COMMAND: POST /session/20b6aef6e750aa7409fc9696fccbb445/element/f.B90319AF98E1C12EEAFDBCD1A3AC4501.d.C032619DAD49644BF568ABDC85E6D10E.e.3992/click - {}
RESULT: undefined
COMMAND: POST /session/20b6aef6e750aa7409fc9696fccbb445/element - {"using":"xpath","value":"//*[@id=\"__tile112\"]"}
RESULT: {"using":"xpath","value":"//*[@id=\"__tile112\"]"}
COMMAND: POST /session/20b6aef6e750aa7409fc9696fccbb445/element/f.B90319AF98E1C12EEAFDBCD1A3AC4501.d.C032619DAD49644BF568ABDC85E6D10E.e.3992/click - {}
RESULT: undefined
COMMAND: POST /session/20b6aef6e750aa7409fc9696fccbb445/execute/async - {"script":"<script> [6424 bytes]","args":[{"element-6066-11e4-a52e-4f735466cecf":"f.B90319AF98E1C12EEAFDBCD1A3AC4501.d.C032619DAD49644BF568ABDC85E6D10E.e.290"},"getTitle",[]]}
COMMAND: POST /session/20b6aef6e750aa7409fc9696fccbb445/execute/async - {"script":"<script> [1562 bytes]","args":[{"selector":{"id":"shellAppTitle"},"wdio_ui5_key":"shellAppTitle"}]}
RESULT: {"script":"<script> [1562 bytes]","args":[{"selector":{"id":"shellAppTitle"},"wdio_ui5_key":"shellAppTitle"}]}
COMMAND: POST /session/20b6aef6e750aa7409fc9696fccbb445/execute/async - {"script":"<script> [6424 bytes]","args":[{"element-6066-11e4-a52e-4f735466cecf":"f.B90319AF98E1C12EEAFDBCD1A3AC4501.d.C032619DAD49644BF568ABDC85E6D10E.e.4075"},"getTitle",[]]}
RESULT: {"script":"<script> [6424 bytes]","args":[{"element-6066-11e4-a52e-4f735466cecf":"f.B90319AF98E1C12EEAFDBCD1A3AC4501.d.C032619DAD49644BF568ABDC85E6D10E.e.4075"},"getTitle",[]]}
RESULT: undefined
COMMAND: POST /session/20b6aef6e750aa7409fc9696fccbb445/element/f.B90319AF98E1C12EEAFDBCD1A3AC4501.d.C032619DAD49644BF568ABDC85E6D10E.e.3990/click - {}
RESULT: {}
COMMAND: GET /session/20b6aef6e750aa7409fc9696fccbb445/screenshot - {}
RESULT: {}
]]></system-out>
    </testcase>
    <testcase classname="chrome.136_0_7103_93.windows.Sanity_Tests_US104253" name="Should open ISC Orders Calendar page" time="38.119">
      <system-out><![CDATA[
COMMAND: POST /session/20b6aef6e750aa7409fc9696fccbb445/execute/async - {"script":"<script> [1562 bytes]","args":[{"selector":{"controlType":"sap.m.GenericTile","properties":{"header":"ISC Orders Calendar"}},"wdio_ui5_key":"sapm.GenericTile{\"header\":\"ISC Orders Calendar\"}"}]}
RESULT: {"script":"<script> [1562 bytes]","args":[{"selector":{"controlType":"sap.m.GenericTile","properties":{"header":"ISC Orders Calendar"}},"wdio_ui5_key":"sapm.GenericTile{\"header\":\"ISC Orders Calendar\"}"}]}
RESULT: undefined
COMMAND: POST /session/20b6aef6e750aa7409fc9696fccbb445/element - {"using":"xpath","value":"//*[@id=\"__tile107\"]"}
RESULT: {"using":"xpath","value":"//*[@id=\"__tile107\"]"}
COMMAND: POST /session/20b6aef6e750aa7409fc9696fccbb445/element/f.B90319AF98E1C12EEAFDBCD1A3AC4501.d.C032619DAD49644BF568ABDC85E6D10E.e.4077/click - {}
RESULT: {}
COMMAND: GET /session/20b6aef6e750aa7409fc9696fccbb445/screenshot - {}
RESULT: {}
COMMAND: POST /session/20b6aef6e750aa7409fc9696fccbb445/elements - {"using":"xpath","value":"//span[text()='Error']"}
RESULT: {"using":"xpath","value":"//span[text()='Error']"}
RESULT: undefined
COMMAND: POST /session/20b6aef6e750aa7409fc9696fccbb445/element - {"using":"xpath","value":"//*[@id=\"__tile107\"]"}
RESULT: {"using":"xpath","value":"//*[@id=\"__tile107\"]"}
COMMAND: POST /session/20b6aef6e750aa7409fc9696fccbb445/element/f.B90319AF98E1C12EEAFDBCD1A3AC4501.d.C032619DAD49644BF568ABDC85E6D10E.e.4077/click - {}
RESULT: undefined
COMMAND: POST /session/20b6aef6e750aa7409fc9696fccbb445/element - {"using":"xpath","value":"//*[@id=\"__tile107\"]"}
RESULT: {"using":"xpath","value":"//*[@id=\"__tile107\"]"}
COMMAND: POST /session/20b6aef6e750aa7409fc9696fccbb445/element/f.B90319AF98E1C12EEAFDBCD1A3AC4501.d.C032619DAD49644BF568ABDC85E6D10E.e.4077/click - {}
RESULT: undefined
COMMAND: POST /session/20b6aef6e750aa7409fc9696fccbb445/execute/async - {"script":"<script> [6424 bytes]","args":[{"element-6066-11e4-a52e-4f735466cecf":"f.B90319AF98E1C12EEAFDBCD1A3AC4501.d.C032619DAD49644BF568ABDC85E6D10E.e.290"},"getTitle",[]]}
COMMAND: POST /session/20b6aef6e750aa7409fc9696fccbb445/execute/async - {"script":"<script> [1562 bytes]","args":[{"selector":{"id":"shellAppTitle"},"wdio_ui5_key":"shellAppTitle"}]}
RESULT: {"script":"<script> [1562 bytes]","args":[{"selector":{"id":"shellAppTitle"},"wdio_ui5_key":"shellAppTitle"}]}
COMMAND: POST /session/20b6aef6e750aa7409fc9696fccbb445/execute/async - {"script":"<script> [6424 bytes]","args":[{"element-6066-11e4-a52e-4f735466cecf":"f.B90319AF98E1C12EEAFDBCD1A3AC4501.d.C032619DAD49644BF568ABDC85E6D10E.e.4289"},"getTitle",[]]}
RESULT: {"script":"<script> [6424 bytes]","args":[{"element-6066-11e4-a52e-4f735466cecf":"f.B90319AF98E1C12EEAFDBCD1A3AC4501.d.C032619DAD49644BF568ABDC85E6D10E.e.4289"},"getTitle",[]]}
RESULT: undefined
COMMAND: POST /session/20b6aef6e750aa7409fc9696fccbb445/element/f.B90319AF98E1C12EEAFDBCD1A3AC4501.d.C032619DAD49644BF568ABDC85E6D10E.e.3990/click - {}
COMMAND: POST /session/20b6aef6e750aa7409fc9696fccbb445/element - {"using":"xpath","value":"//*[@id=\"backBtn\"]"}
RESULT: {"using":"xpath","value":"//*[@id=\"backBtn\"]"}
COMMAND: POST /session/20b6aef6e750aa7409fc9696fccbb445/element/f.B90319AF98E1C12EEAFDBCD1A3AC4501.d.C032619DAD49644BF568ABDC85E6D10E.e.3990/click - {}
COMMAND: POST /session/20b6aef6e750aa7409fc9696fccbb445/element - {"using":"xpath","value":"//*[@id=\"backBtn\"]"}
RESULT: {"using":"xpath","value":"//*[@id=\"backBtn\"]"}
COMMAND: POST /session/20b6aef6e750aa7409fc9696fccbb445/element/f.B90319AF98E1C12EEAFDBCD1A3AC4501.d.C032619DAD49644BF568ABDC85E6D10E.e.4290/click - {}
RESULT: {}
COMMAND: GET /session/20b6aef6e750aa7409fc9696fccbb445/screenshot - {}
RESULT: {}
]]></system-out>
    </testcase>
    <testcase classname="chrome.136_0_7103_93.windows.Sanity_Tests_US104253" name="Should open Configure System page" time="39.112">
      <system-out><![CDATA[
COMMAND: POST /session/20b6aef6e750aa7409fc9696fccbb445/execute/async - {"script":"<script> [1562 bytes]","args":[{"selector":{"controlType":"sap.m.GenericTile","properties":{"header":"Configure System"}},"wdio_ui5_key":"sapm.GenericTile{\"header\":\"Configure System\"}"}]}
RESULT: {"script":"<script> [1562 bytes]","args":[{"selector":{"controlType":"sap.m.GenericTile","properties":{"header":"Configure System"}},"wdio_ui5_key":"sapm.GenericTile{\"header\":\"Configure System\"}"}]}
RESULT: undefined
COMMAND: POST /session/20b6aef6e750aa7409fc9696fccbb445/element - {"using":"xpath","value":"//*[@id=\"__tile114\"]"}
RESULT: {"using":"xpath","value":"//*[@id=\"__tile114\"]"}
COMMAND: POST /session/20b6aef6e750aa7409fc9696fccbb445/element/f.B90319AF98E1C12EEAFDBCD1A3AC4501.d.C032619DAD49644BF568ABDC85E6D10E.e.4292/click - {}
RESULT: {}
COMMAND: GET /session/20b6aef6e750aa7409fc9696fccbb445/screenshot - {}
RESULT: {}
COMMAND: POST /session/20b6aef6e750aa7409fc9696fccbb445/elements - {"using":"xpath","value":"//span[text()='Error']"}
RESULT: {"using":"xpath","value":"//span[text()='Error']"}
RESULT: undefined
COMMAND: POST /session/20b6aef6e750aa7409fc9696fccbb445/element - {"using":"xpath","value":"//*[@id=\"__tile114\"]"}
RESULT: {"using":"xpath","value":"//*[@id=\"__tile114\"]"}
COMMAND: POST /session/20b6aef6e750aa7409fc9696fccbb445/element/f.B90319AF98E1C12EEAFDBCD1A3AC4501.d.C032619DAD49644BF568ABDC85E6D10E.e.4292/click - {}
RESULT: undefined
COMMAND: POST /session/20b6aef6e750aa7409fc9696fccbb445/element - {"using":"xpath","value":"//*[@id=\"__tile114\"]"}
RESULT: {"using":"xpath","value":"//*[@id=\"__tile114\"]"}
COMMAND: POST /session/20b6aef6e750aa7409fc9696fccbb445/element/f.B90319AF98E1C12EEAFDBCD1A3AC4501.d.C032619DAD49644BF568ABDC85E6D10E.e.4292/click - {}
RESULT: undefined
COMMAND: POST /session/20b6aef6e750aa7409fc9696fccbb445/execute/async - {"script":"<script> [6424 bytes]","args":[{"element-6066-11e4-a52e-4f735466cecf":"f.B90319AF98E1C12EEAFDBCD1A3AC4501.d.C032619DAD49644BF568ABDC85E6D10E.e.290"},"getTitle",[]]}
COMMAND: POST /session/20b6aef6e750aa7409fc9696fccbb445/execute/async - {"script":"<script> [1562 bytes]","args":[{"selector":{"id":"shellAppTitle"},"wdio_ui5_key":"shellAppTitle"}]}
RESULT: {"script":"<script> [1562 bytes]","args":[{"selector":{"id":"shellAppTitle"},"wdio_ui5_key":"shellAppTitle"}]}
COMMAND: POST /session/20b6aef6e750aa7409fc9696fccbb445/execute/async - {"script":"<script> [6424 bytes]","args":[{"element-6066-11e4-a52e-4f735466cecf":"f.B90319AF98E1C12EEAFDBCD1A3AC4501.d.C032619DAD49644BF568ABDC85E6D10E.e.4334"},"getTitle",[]]}
RESULT: {"script":"<script> [6424 bytes]","args":[{"element-6066-11e4-a52e-4f735466cecf":"f.B90319AF98E1C12EEAFDBCD1A3AC4501.d.C032619DAD49644BF568ABDC85E6D10E.e.4334"},"getTitle",[]]}
RESULT: undefined
COMMAND: POST /session/20b6aef6e750aa7409fc9696fccbb445/element/f.B90319AF98E1C12EEAFDBCD1A3AC4501.d.C032619DAD49644BF568ABDC85E6D10E.e.4290/click - {}
RESULT: {}
COMMAND: GET /session/20b6aef6e750aa7409fc9696fccbb445/screenshot - {}
RESULT: {}
]]></system-out>
    </testcase>
    <testcase classname="chrome.136_0_7103_93.windows.Sanity_Tests_US104253" name="Should open Manage Classifications page" time="39.838">
      <system-out><![CDATA[
COMMAND: POST /session/20b6aef6e750aa7409fc9696fccbb445/execute/async - {"script":"<script> [1562 bytes]","args":[{"selector":{"controlType":"sap.m.GenericTile","properties":{"header":"Manage Classifications"}},"wdio_ui5_key":"sapm.GenericTile{\"header\":\"Manage Classifications\"}"}]}
RESULT: {"script":"<script> [1562 bytes]","args":[{"selector":{"controlType":"sap.m.GenericTile","properties":{"header":"Manage Classifications"}},"wdio_ui5_key":"sapm.GenericTile{\"header\":\"Manage Classifications\"}"}]}
RESULT: undefined
COMMAND: POST /session/20b6aef6e750aa7409fc9696fccbb445/element - {"using":"xpath","value":"//*[@id=\"__tile115\"]"}
RESULT: {"using":"xpath","value":"//*[@id=\"__tile115\"]"}
COMMAND: POST /session/20b6aef6e750aa7409fc9696fccbb445/element/f.B90319AF98E1C12EEAFDBCD1A3AC4501.d.C032619DAD49644BF568ABDC85E6D10E.e.4338/click - {}
RESULT: {}
COMMAND: GET /session/20b6aef6e750aa7409fc9696fccbb445/screenshot - {}
RESULT: {}
COMMAND: POST /session/20b6aef6e750aa7409fc9696fccbb445/elements - {"using":"xpath","value":"//span[text()='Error']"}
RESULT: {"using":"xpath","value":"//span[text()='Error']"}
RESULT: undefined
COMMAND: POST /session/20b6aef6e750aa7409fc9696fccbb445/element - {"using":"xpath","value":"//*[@id=\"__tile115\"]"}
RESULT: {"using":"xpath","value":"//*[@id=\"__tile115\"]"}
COMMAND: POST /session/20b6aef6e750aa7409fc9696fccbb445/element/f.B90319AF98E1C12EEAFDBCD1A3AC4501.d.C032619DAD49644BF568ABDC85E6D10E.e.4338/click - {}
RESULT: undefined
COMMAND: POST /session/20b6aef6e750aa7409fc9696fccbb445/element - {"using":"xpath","value":"//*[@id=\"__tile115\"]"}
RESULT: {"using":"xpath","value":"//*[@id=\"__tile115\"]"}
COMMAND: POST /session/20b6aef6e750aa7409fc9696fccbb445/element/f.B90319AF98E1C12EEAFDBCD1A3AC4501.d.C032619DAD49644BF568ABDC85E6D10E.e.4338/click - {}
RESULT: undefined
COMMAND: POST /session/20b6aef6e750aa7409fc9696fccbb445/execute/async - {"script":"<script> [6424 bytes]","args":[{"element-6066-11e4-a52e-4f735466cecf":"f.B90319AF98E1C12EEAFDBCD1A3AC4501.d.C032619DAD49644BF568ABDC85E6D10E.e.290"},"getTitle",[]]}
COMMAND: POST /session/20b6aef6e750aa7409fc9696fccbb445/execute/async - {"script":"<script> [1562 bytes]","args":[{"selector":{"id":"shellAppTitle"},"wdio_ui5_key":"shellAppTitle"}]}
RESULT: {"script":"<script> [1562 bytes]","args":[{"selector":{"id":"shellAppTitle"},"wdio_ui5_key":"shellAppTitle"}]}
COMMAND: POST /session/20b6aef6e750aa7409fc9696fccbb445/execute/async - {"script":"<script> [6424 bytes]","args":[{"element-6066-11e4-a52e-4f735466cecf":"f.B90319AF98E1C12EEAFDBCD1A3AC4501.d.C032619DAD49644BF568ABDC85E6D10E.e.4447"},"getTitle",[]]}
RESULT: {"script":"<script> [6424 bytes]","args":[{"element-6066-11e4-a52e-4f735466cecf":"f.B90319AF98E1C12EEAFDBCD1A3AC4501.d.C032619DAD49644BF568ABDC85E6D10E.e.4447"},"getTitle",[]]}
RESULT: undefined
COMMAND: POST /session/20b6aef6e750aa7409fc9696fccbb445/element/f.B90319AF98E1C12EEAFDBCD1A3AC4501.d.C032619DAD49644BF568ABDC85E6D10E.e.4290/click - {}
COMMAND: POST /session/20b6aef6e750aa7409fc9696fccbb445/element - {"using":"xpath","value":"//*[@id=\"backBtn\"]"}
RESULT: {"using":"xpath","value":"//*[@id=\"backBtn\"]"}
COMMAND: POST /session/20b6aef6e750aa7409fc9696fccbb445/element/f.B90319AF98E1C12EEAFDBCD1A3AC4501.d.C032619DAD49644BF568ABDC85E6D10E.e.4290/click - {}
COMMAND: POST /session/20b6aef6e750aa7409fc9696fccbb445/element - {"using":"xpath","value":"//*[@id=\"backBtn\"]"}
RESULT: {"using":"xpath","value":"//*[@id=\"backBtn\"]"}
COMMAND: POST /session/20b6aef6e750aa7409fc9696fccbb445/element/f.B90319AF98E1C12EEAFDBCD1A3AC4501.d.C032619DAD49644BF568ABDC85E6D10E.e.4448/click - {}
RESULT: {}
COMMAND: GET /session/20b6aef6e750aa7409fc9696fccbb445/screenshot - {}
RESULT: {}
]]></system-out>
    </testcase>
    <testcase classname="chrome.136_0_7103_93.windows.Sanity_Tests_US104253" name="Should open Data Explorer page" time="38.433">
      <system-out><![CDATA[
COMMAND: POST /session/20b6aef6e750aa7409fc9696fccbb445/execute/async - {"script":"<script> [1562 bytes]","args":[{"selector":{"controlType":"sap.m.GenericTile","properties":{"header":"Data Explorer"}},"wdio_ui5_key":"sapm.GenericTile{\"header\":\"Data Explorer\"}"}]}
RESULT: {"script":"<script> [1562 bytes]","args":[{"selector":{"controlType":"sap.m.GenericTile","properties":{"header":"Data Explorer"}},"wdio_ui5_key":"sapm.GenericTile{\"header\":\"Data Explorer\"}"}]}
RESULT: undefined
COMMAND: POST /session/20b6aef6e750aa7409fc9696fccbb445/element - {"using":"xpath","value":"//*[@id=\"__tile117\"]"}
RESULT: {"using":"xpath","value":"//*[@id=\"__tile117\"]"}
COMMAND: POST /session/20b6aef6e750aa7409fc9696fccbb445/element/f.B90319AF98E1C12EEAFDBCD1A3AC4501.d.C032619DAD49644BF568ABDC85E6D10E.e.4450/click - {}
RESULT: {}
COMMAND: GET /session/20b6aef6e750aa7409fc9696fccbb445/screenshot - {}
RESULT: {}
COMMAND: POST /session/20b6aef6e750aa7409fc9696fccbb445/elements - {"using":"xpath","value":"//span[text()='Error']"}
RESULT: {"using":"xpath","value":"//span[text()='Error']"}
RESULT: undefined
COMMAND: POST /session/20b6aef6e750aa7409fc9696fccbb445/element - {"using":"xpath","value":"//*[@id=\"__tile117\"]"}
RESULT: {"using":"xpath","value":"//*[@id=\"__tile117\"]"}
COMMAND: POST /session/20b6aef6e750aa7409fc9696fccbb445/element/f.B90319AF98E1C12EEAFDBCD1A3AC4501.d.C032619DAD49644BF568ABDC85E6D10E.e.4450/click - {}
RESULT: undefined
COMMAND: POST /session/20b6aef6e750aa7409fc9696fccbb445/element - {"using":"xpath","value":"//*[@id=\"__tile117\"]"}
RESULT: {"using":"xpath","value":"//*[@id=\"__tile117\"]"}
COMMAND: POST /session/20b6aef6e750aa7409fc9696fccbb445/element/f.B90319AF98E1C12EEAFDBCD1A3AC4501.d.C032619DAD49644BF568ABDC85E6D10E.e.4450/click - {}
RESULT: undefined
COMMAND: POST /session/20b6aef6e750aa7409fc9696fccbb445/execute/async - {"script":"<script> [6424 bytes]","args":[{"element-6066-11e4-a52e-4f735466cecf":"f.B90319AF98E1C12EEAFDBCD1A3AC4501.d.C032619DAD49644BF568ABDC85E6D10E.e.290"},"getTitle",[]]}
COMMAND: POST /session/20b6aef6e750aa7409fc9696fccbb445/execute/async - {"script":"<script> [1562 bytes]","args":[{"selector":{"id":"shellAppTitle"},"wdio_ui5_key":"shellAppTitle"}]}
RESULT: {"script":"<script> [1562 bytes]","args":[{"selector":{"id":"shellAppTitle"},"wdio_ui5_key":"shellAppTitle"}]}
COMMAND: POST /session/20b6aef6e750aa7409fc9696fccbb445/execute/async - {"script":"<script> [6424 bytes]","args":[{"element-6066-11e4-a52e-4f735466cecf":"f.B90319AF98E1C12EEAFDBCD1A3AC4501.d.C032619DAD49644BF568ABDC85E6D10E.e.4628"},"getTitle",[]]}
RESULT: {"script":"<script> [6424 bytes]","args":[{"element-6066-11e4-a52e-4f735466cecf":"f.B90319AF98E1C12EEAFDBCD1A3AC4501.d.C032619DAD49644BF568ABDC85E6D10E.e.4628"},"getTitle",[]]}
RESULT: undefined
COMMAND: POST /session/20b6aef6e750aa7409fc9696fccbb445/element/f.B90319AF98E1C12EEAFDBCD1A3AC4501.d.C032619DAD49644BF568ABDC85E6D10E.e.4448/click - {}
RESULT: {}
COMMAND: GET /session/20b6aef6e750aa7409fc9696fccbb445/screenshot - {}
RESULT: {}
]]></system-out>
    </testcase>
    <testcase classname="chrome.136_0_7103_93.windows.Sanity_Tests_US104253" name="Should open Performance Monitor page" time="37.624">
      <system-out><![CDATA[
COMMAND: POST /session/20b6aef6e750aa7409fc9696fccbb445/execute/async - {"script":"<script> [1562 bytes]","args":[{"selector":{"controlType":"sap.m.GenericTile","properties":{"header":"Performance Monitor"}},"wdio_ui5_key":"sapm.GenericTile{\"header\":\"Performance Monitor\"}"}]}
RESULT: {"script":"<script> [1562 bytes]","args":[{"selector":{"controlType":"sap.m.GenericTile","properties":{"header":"Performance Monitor"}},"wdio_ui5_key":"sapm.GenericTile{\"header\":\"Performance Monitor\"}"}]}
RESULT: undefined
COMMAND: POST /session/20b6aef6e750aa7409fc9696fccbb445/element - {"using":"xpath","value":"//*[@id=\"__tile116\"]"}
RESULT: {"using":"xpath","value":"//*[@id=\"__tile116\"]"}
COMMAND: POST /session/20b6aef6e750aa7409fc9696fccbb445/element/f.B90319AF98E1C12EEAFDBCD1A3AC4501.d.C032619DAD49644BF568ABDC85E6D10E.e.4630/click - {}
RESULT: {}
COMMAND: GET /session/20b6aef6e750aa7409fc9696fccbb445/screenshot - {}
RESULT: {}
COMMAND: POST /session/20b6aef6e750aa7409fc9696fccbb445/elements - {"using":"xpath","value":"//span[text()='Error']"}
RESULT: {"using":"xpath","value":"//span[text()='Error']"}
RESULT: undefined
COMMAND: POST /session/20b6aef6e750aa7409fc9696fccbb445/element - {"using":"xpath","value":"//*[@id=\"__tile116\"]"}
RESULT: {"using":"xpath","value":"//*[@id=\"__tile116\"]"}
COMMAND: POST /session/20b6aef6e750aa7409fc9696fccbb445/element/f.B90319AF98E1C12EEAFDBCD1A3AC4501.d.C032619DAD49644BF568ABDC85E6D10E.e.4630/click - {}
RESULT: undefined
COMMAND: POST /session/20b6aef6e750aa7409fc9696fccbb445/element - {"using":"xpath","value":"//*[@id=\"__tile116\"]"}
RESULT: {"using":"xpath","value":"//*[@id=\"__tile116\"]"}
COMMAND: POST /session/20b6aef6e750aa7409fc9696fccbb445/element/f.B90319AF98E1C12EEAFDBCD1A3AC4501.d.C032619DAD49644BF568ABDC85E6D10E.e.4630/click - {}
RESULT: undefined
COMMAND: POST /session/20b6aef6e750aa7409fc9696fccbb445/execute/async - {"script":"<script> [6424 bytes]","args":[{"element-6066-11e4-a52e-4f735466cecf":"f.B90319AF98E1C12EEAFDBCD1A3AC4501.d.C032619DAD49644BF568ABDC85E6D10E.e.290"},"getTitle",[]]}
COMMAND: POST /session/20b6aef6e750aa7409fc9696fccbb445/execute/async - {"script":"<script> [1562 bytes]","args":[{"selector":{"id":"shellAppTitle"},"wdio_ui5_key":"shellAppTitle"}]}
RESULT: {"script":"<script> [1562 bytes]","args":[{"selector":{"id":"shellAppTitle"},"wdio_ui5_key":"shellAppTitle"}]}
COMMAND: POST /session/20b6aef6e750aa7409fc9696fccbb445/execute/async - {"script":"<script> [6424 bytes]","args":[{"element-6066-11e4-a52e-4f735466cecf":"f.B90319AF98E1C12EEAFDBCD1A3AC4501.d.C032619DAD49644BF568ABDC85E6D10E.e.4671"},"getTitle",[]]}
RESULT: {"script":"<script> [6424 bytes]","args":[{"element-6066-11e4-a52e-4f735466cecf":"f.B90319AF98E1C12EEAFDBCD1A3AC4501.d.C032619DAD49644BF568ABDC85E6D10E.e.4671"},"getTitle",[]]}
RESULT: undefined
COMMAND: POST /session/20b6aef6e750aa7409fc9696fccbb445/element/f.B90319AF98E1C12EEAFDBCD1A3AC4501.d.C032619DAD49644BF568ABDC85E6D10E.e.4448/click - {}
COMMAND: POST /session/20b6aef6e750aa7409fc9696fccbb445/element - {"using":"xpath","value":"//*[@id=\"backBtn\"]"}
RESULT: {"using":"xpath","value":"//*[@id=\"backBtn\"]"}
COMMAND: POST /session/20b6aef6e750aa7409fc9696fccbb445/element/f.B90319AF98E1C12EEAFDBCD1A3AC4501.d.C032619DAD49644BF568ABDC85E6D10E.e.4448/click - {}
COMMAND: POST /session/20b6aef6e750aa7409fc9696fccbb445/element - {"using":"xpath","value":"//*[@id=\"backBtn\"]"}
RESULT: {"using":"xpath","value":"//*[@id=\"backBtn\"]"}
COMMAND: POST /session/20b6aef6e750aa7409fc9696fccbb445/element/f.B90319AF98E1C12EEAFDBCD1A3AC4501.d.C032619DAD49644BF568ABDC85E6D10E.e.4672/click - {}
RESULT: {}
COMMAND: GET /session/20b6aef6e750aa7409fc9696fccbb445/screenshot - {}
RESULT: {}
]]></system-out>
    </testcase>
    <testcase classname="chrome.136_0_7103_93.windows.Sanity_Tests_US104253" name="Should open Organizational Model page" time="37.642">
      <system-out><![CDATA[
COMMAND: POST /session/20b6aef6e750aa7409fc9696fccbb445/execute/async - {"script":"<script> [1562 bytes]","args":[{"selector":{"controlType":"sap.m.GenericTile","properties":{"header":"Organizational Model"}},"wdio_ui5_key":"sapm.GenericTile{\"header\":\"Organizational Model\"}"}]}
RESULT: {"script":"<script> [1562 bytes]","args":[{"selector":{"controlType":"sap.m.GenericTile","properties":{"header":"Organizational Model"}},"wdio_ui5_key":"sapm.GenericTile{\"header\":\"Organizational Model\"}"}]}
RESULT: undefined
COMMAND: POST /session/20b6aef6e750aa7409fc9696fccbb445/element - {"using":"xpath","value":"//*[@id=\"__tile120\"]"}
RESULT: {"using":"xpath","value":"//*[@id=\"__tile120\"]"}
COMMAND: POST /session/20b6aef6e750aa7409fc9696fccbb445/element/f.B90319AF98E1C12EEAFDBCD1A3AC4501.d.C032619DAD49644BF568ABDC85E6D10E.e.4675/click - {}
RESULT: {}
COMMAND: GET /session/20b6aef6e750aa7409fc9696fccbb445/screenshot - {}
RESULT: {}
COMMAND: POST /session/20b6aef6e750aa7409fc9696fccbb445/elements - {"using":"xpath","value":"//span[text()='Error']"}
RESULT: {"using":"xpath","value":"//span[text()='Error']"}
RESULT: undefined
COMMAND: POST /session/20b6aef6e750aa7409fc9696fccbb445/element - {"using":"xpath","value":"//*[@id=\"__tile120\"]"}
RESULT: {"using":"xpath","value":"//*[@id=\"__tile120\"]"}
COMMAND: POST /session/20b6aef6e750aa7409fc9696fccbb445/element/f.B90319AF98E1C12EEAFDBCD1A3AC4501.d.C032619DAD49644BF568ABDC85E6D10E.e.4675/click - {}
RESULT: undefined
COMMAND: POST /session/20b6aef6e750aa7409fc9696fccbb445/element - {"using":"xpath","value":"//*[@id=\"__tile120\"]"}
RESULT: {"using":"xpath","value":"//*[@id=\"__tile120\"]"}
COMMAND: POST /session/20b6aef6e750aa7409fc9696fccbb445/element/f.B90319AF98E1C12EEAFDBCD1A3AC4501.d.C032619DAD49644BF568ABDC85E6D10E.e.4675/click - {}
RESULT: undefined
COMMAND: POST /session/20b6aef6e750aa7409fc9696fccbb445/execute/async - {"script":"<script> [6424 bytes]","args":[{"element-6066-11e4-a52e-4f735466cecf":"f.B90319AF98E1C12EEAFDBCD1A3AC4501.d.C032619DAD49644BF568ABDC85E6D10E.e.290"},"getTitle",[]]}
COMMAND: POST /session/20b6aef6e750aa7409fc9696fccbb445/execute/async - {"script":"<script> [1562 bytes]","args":[{"selector":{"id":"shellAppTitle"},"wdio_ui5_key":"shellAppTitle"}]}
RESULT: {"script":"<script> [1562 bytes]","args":[{"selector":{"id":"shellAppTitle"},"wdio_ui5_key":"shellAppTitle"}]}
COMMAND: POST /session/20b6aef6e750aa7409fc9696fccbb445/execute/async - {"script":"<script> [6424 bytes]","args":[{"element-6066-11e4-a52e-4f735466cecf":"f.B90319AF98E1C12EEAFDBCD1A3AC4501.d.C032619DAD49644BF568ABDC85E6D10E.e.4693"},"getTitle",[]]}
RESULT: {"script":"<script> [6424 bytes]","args":[{"element-6066-11e4-a52e-4f735466cecf":"f.B90319AF98E1C12EEAFDBCD1A3AC4501.d.C032619DAD49644BF568ABDC85E6D10E.e.4693"},"getTitle",[]]}
RESULT: undefined
COMMAND: POST /session/20b6aef6e750aa7409fc9696fccbb445/element/f.B90319AF98E1C12EEAFDBCD1A3AC4501.d.C032619DAD49644BF568ABDC85E6D10E.e.4672/click - {}
RESULT: {}
COMMAND: GET /session/20b6aef6e750aa7409fc9696fccbb445/screenshot - {}
RESULT: {}
]]></system-out>
    </testcase>
    <testcase classname="chrome.136_0_7103_93.windows.Sanity_Tests_US104253" name="Should open Manage Roles page" time="39.889">
      <system-out><![CDATA[
COMMAND: POST /session/20b6aef6e750aa7409fc9696fccbb445/execute/async - {"script":"<script> [1562 bytes]","args":[{"selector":{"controlType":"sap.m.GenericTile","properties":{"header":"Manage Roles"}},"wdio_ui5_key":"sapm.GenericTile{\"header\":\"Manage Roles\"}"}]}
RESULT: {"script":"<script> [1562 bytes]","args":[{"selector":{"controlType":"sap.m.GenericTile","properties":{"header":"Manage Roles"}},"wdio_ui5_key":"sapm.GenericTile{\"header\":\"Manage Roles\"}"}]}
RESULT: undefined
COMMAND: POST /session/20b6aef6e750aa7409fc9696fccbb445/element - {"using":"xpath","value":"//*[@id=\"__tile119\"]"}
RESULT: {"using":"xpath","value":"//*[@id=\"__tile119\"]"}
COMMAND: POST /session/20b6aef6e750aa7409fc9696fccbb445/element/f.B90319AF98E1C12EEAFDBCD1A3AC4501.d.C032619DAD49644BF568ABDC85E6D10E.e.4697/click - {}
RESULT: {}
COMMAND: GET /session/20b6aef6e750aa7409fc9696fccbb445/screenshot - {}
RESULT: {}
COMMAND: POST /session/20b6aef6e750aa7409fc9696fccbb445/elements - {"using":"xpath","value":"//span[text()='Error']"}
RESULT: {"using":"xpath","value":"//span[text()='Error']"}
RESULT: undefined
COMMAND: POST /session/20b6aef6e750aa7409fc9696fccbb445/element - {"using":"xpath","value":"//*[@id=\"__tile119\"]"}
RESULT: {"using":"xpath","value":"//*[@id=\"__tile119\"]"}
COMMAND: POST /session/20b6aef6e750aa7409fc9696fccbb445/element/f.B90319AF98E1C12EEAFDBCD1A3AC4501.d.C032619DAD49644BF568ABDC85E6D10E.e.4697/click - {}
RESULT: undefined
COMMAND: POST /session/20b6aef6e750aa7409fc9696fccbb445/element - {"using":"xpath","value":"//*[@id=\"__tile119\"]"}
RESULT: {"using":"xpath","value":"//*[@id=\"__tile119\"]"}
COMMAND: POST /session/20b6aef6e750aa7409fc9696fccbb445/element/f.B90319AF98E1C12EEAFDBCD1A3AC4501.d.C032619DAD49644BF568ABDC85E6D10E.e.4697/click - {}
RESULT: undefined
COMMAND: POST /session/20b6aef6e750aa7409fc9696fccbb445/execute/async - {"script":"<script> [6424 bytes]","args":[{"element-6066-11e4-a52e-4f735466cecf":"f.B90319AF98E1C12EEAFDBCD1A3AC4501.d.C032619DAD49644BF568ABDC85E6D10E.e.290"},"getTitle",[]]}
COMMAND: POST /session/20b6aef6e750aa7409fc9696fccbb445/execute/async - {"script":"<script> [1562 bytes]","args":[{"selector":{"id":"shellAppTitle"},"wdio_ui5_key":"shellAppTitle"}]}
RESULT: {"script":"<script> [1562 bytes]","args":[{"selector":{"id":"shellAppTitle"},"wdio_ui5_key":"shellAppTitle"}]}
COMMAND: POST /session/20b6aef6e750aa7409fc9696fccbb445/execute/async - {"script":"<script> [6424 bytes]","args":[{"element-6066-11e4-a52e-4f735466cecf":"f.B90319AF98E1C12EEAFDBCD1A3AC4501.d.C032619DAD49644BF568ABDC85E6D10E.e.4739"},"getTitle",[]]}
RESULT: {"script":"<script> [6424 bytes]","args":[{"element-6066-11e4-a52e-4f735466cecf":"f.B90319AF98E1C12EEAFDBCD1A3AC4501.d.C032619DAD49644BF568ABDC85E6D10E.e.4739"},"getTitle",[]]}
RESULT: undefined
COMMAND: POST /session/20b6aef6e750aa7409fc9696fccbb445/element/f.B90319AF98E1C12EEAFDBCD1A3AC4501.d.C032619DAD49644BF568ABDC85E6D10E.e.4672/click - {}
COMMAND: POST /session/20b6aef6e750aa7409fc9696fccbb445/element - {"using":"xpath","value":"//*[@id=\"backBtn\"]"}
RESULT: {"using":"xpath","value":"//*[@id=\"backBtn\"]"}
COMMAND: POST /session/20b6aef6e750aa7409fc9696fccbb445/element/f.B90319AF98E1C12EEAFDBCD1A3AC4501.d.C032619DAD49644BF568ABDC85E6D10E.e.4672/click - {}
COMMAND: POST /session/20b6aef6e750aa7409fc9696fccbb445/element - {"using":"xpath","value":"//*[@id=\"backBtn\"]"}
RESULT: {"using":"xpath","value":"//*[@id=\"backBtn\"]"}
COMMAND: POST /session/20b6aef6e750aa7409fc9696fccbb445/element/f.B90319AF98E1C12EEAFDBCD1A3AC4501.d.C032619DAD49644BF568ABDC85E6D10E.e.4740/click - {}
RESULT: {}
COMMAND: GET /session/20b6aef6e750aa7409fc9696fccbb445/screenshot - {}
RESULT: {}
]]></system-out>
    </testcase>
    <testcase classname="chrome.136_0_7103_93.windows.Sanity_Tests_US104253" name="Should open Authorization Tables page" time="36.977">
      <system-out><![CDATA[
COMMAND: POST /session/20b6aef6e750aa7409fc9696fccbb445/execute/async - {"script":"<script> [1562 bytes]","args":[{"selector":{"controlType":"sap.m.GenericTile","properties":{"header":"Authorization Tables"}},"wdio_ui5_key":"sapm.GenericTile{\"header\":\"Authorization Tables\"}"}]}
RESULT: {"script":"<script> [1562 bytes]","args":[{"selector":{"controlType":"sap.m.GenericTile","properties":{"header":"Authorization Tables"}},"wdio_ui5_key":"sapm.GenericTile{\"header\":\"Authorization Tables\"}"}]}
RESULT: undefined
COMMAND: POST /session/20b6aef6e750aa7409fc9696fccbb445/element - {"using":"xpath","value":"//*[@id=\"__tile118\"]"}
RESULT: {"using":"xpath","value":"//*[@id=\"__tile118\"]"}
COMMAND: POST /session/20b6aef6e750aa7409fc9696fccbb445/element/f.B90319AF98E1C12EEAFDBCD1A3AC4501.d.C032619DAD49644BF568ABDC85E6D10E.e.4742/click - {}
RESULT: {}
COMMAND: GET /session/20b6aef6e750aa7409fc9696fccbb445/screenshot - {}
COMMAND: POST /session/20b6aef6e750aa7409fc9696fccbb445/elements - {"using":"xpath","value":"//span[text()='Error']"}
RESULT: {}
RESULT: {"using":"xpath","value":"//span[text()='Error']"}
RESULT: undefined
COMMAND: POST /session/20b6aef6e750aa7409fc9696fccbb445/element - {"using":"xpath","value":"//*[@id=\"__tile118\"]"}
RESULT: {"using":"xpath","value":"//*[@id=\"__tile118\"]"}
COMMAND: POST /session/20b6aef6e750aa7409fc9696fccbb445/element/f.B90319AF98E1C12EEAFDBCD1A3AC4501.d.C032619DAD49644BF568ABDC85E6D10E.e.4742/click - {}
RESULT: undefined
COMMAND: POST /session/20b6aef6e750aa7409fc9696fccbb445/element - {"using":"xpath","value":"//*[@id=\"__tile118\"]"}
RESULT: {"using":"xpath","value":"//*[@id=\"__tile118\"]"}
COMMAND: POST /session/20b6aef6e750aa7409fc9696fccbb445/element/f.B90319AF98E1C12EEAFDBCD1A3AC4501.d.C032619DAD49644BF568ABDC85E6D10E.e.4742/click - {}
RESULT: undefined
COMMAND: POST /session/20b6aef6e750aa7409fc9696fccbb445/execute/async - {"script":"<script> [6424 bytes]","args":[{"element-6066-11e4-a52e-4f735466cecf":"f.B90319AF98E1C12EEAFDBCD1A3AC4501.d.C032619DAD49644BF568ABDC85E6D10E.e.290"},"getTitle",[]]}
COMMAND: POST /session/20b6aef6e750aa7409fc9696fccbb445/execute/async - {"script":"<script> [1562 bytes]","args":[{"selector":{"id":"shellAppTitle"},"wdio_ui5_key":"shellAppTitle"}]}
RESULT: {"script":"<script> [1562 bytes]","args":[{"selector":{"id":"shellAppTitle"},"wdio_ui5_key":"shellAppTitle"}]}
COMMAND: POST /session/20b6aef6e750aa7409fc9696fccbb445/execute/async - {"script":"<script> [6424 bytes]","args":[{"element-6066-11e4-a52e-4f735466cecf":"f.B90319AF98E1C12EEAFDBCD1A3AC4501.d.C032619DAD49644BF568ABDC85E6D10E.e.4833"},"getTitle",[]]}
RESULT: {"script":"<script> [6424 bytes]","args":[{"element-6066-11e4-a52e-4f735466cecf":"f.B90319AF98E1C12EEAFDBCD1A3AC4501.d.C032619DAD49644BF568ABDC85E6D10E.e.4833"},"getTitle",[]]}
RESULT: undefined
COMMAND: POST /session/20b6aef6e750aa7409fc9696fccbb445/element/f.B90319AF98E1C12EEAFDBCD1A3AC4501.d.C032619DAD49644BF568ABDC85E6D10E.e.4740/click - {}
RESULT: {}
COMMAND: GET /session/20b6aef6e750aa7409fc9696fccbb445/screenshot - {}
RESULT: {}
]]></system-out>
    </testcase>
    <testcase classname="chrome.136_0_7103_93.windows.Sanity_Tests_US104253" name="Should open User Maintenance page" time="38.441">
      <system-out><![CDATA[
COMMAND: POST /session/20b6aef6e750aa7409fc9696fccbb445/execute/async - {"script":"<script> [1562 bytes]","args":[{"selector":{"controlType":"sap.m.GenericTile","properties":{"header":"User Maintenance"}},"wdio_ui5_key":"sapm.GenericTile{\"header\":\"User Maintenance\"}"}]}
RESULT: {"script":"<script> [1562 bytes]","args":[{"selector":{"controlType":"sap.m.GenericTile","properties":{"header":"User Maintenance"}},"wdio_ui5_key":"sapm.GenericTile{\"header\":\"User Maintenance\"}"}]}
RESULT: undefined
COMMAND: POST /session/20b6aef6e750aa7409fc9696fccbb445/element - {"using":"xpath","value":"//*[@id=\"__tile121\"]"}
RESULT: {"using":"xpath","value":"//*[@id=\"__tile121\"]"}
COMMAND: POST /session/20b6aef6e750aa7409fc9696fccbb445/element/f.B90319AF98E1C12EEAFDBCD1A3AC4501.d.C032619DAD49644BF568ABDC85E6D10E.e.4835/click - {}
RESULT: {}
COMMAND: GET /session/20b6aef6e750aa7409fc9696fccbb445/screenshot - {}
RESULT: {}
COMMAND: POST /session/20b6aef6e750aa7409fc9696fccbb445/elements - {"using":"xpath","value":"//span[text()='Error']"}
RESULT: {"using":"xpath","value":"//span[text()='Error']"}
RESULT: undefined
COMMAND: POST /session/20b6aef6e750aa7409fc9696fccbb445/element - {"using":"xpath","value":"//*[@id=\"__tile121\"]"}
RESULT: {"using":"xpath","value":"//*[@id=\"__tile121\"]"}
COMMAND: POST /session/20b6aef6e750aa7409fc9696fccbb445/element/f.B90319AF98E1C12EEAFDBCD1A3AC4501.d.C032619DAD49644BF568ABDC85E6D10E.e.4835/click - {}
RESULT: undefined
COMMAND: POST /session/20b6aef6e750aa7409fc9696fccbb445/element - {"using":"xpath","value":"//*[@id=\"__tile121\"]"}
RESULT: {"using":"xpath","value":"//*[@id=\"__tile121\"]"}
COMMAND: POST /session/20b6aef6e750aa7409fc9696fccbb445/element/f.B90319AF98E1C12EEAFDBCD1A3AC4501.d.C032619DAD49644BF568ABDC85E6D10E.e.4835/click - {}
RESULT: undefined
COMMAND: POST /session/20b6aef6e750aa7409fc9696fccbb445/execute/async - {"script":"<script> [6424 bytes]","args":[{"element-6066-11e4-a52e-4f735466cecf":"f.B90319AF98E1C12EEAFDBCD1A3AC4501.d.C032619DAD49644BF568ABDC85E6D10E.e.290"},"getTitle",[]]}
COMMAND: POST /session/20b6aef6e750aa7409fc9696fccbb445/execute/async - {"script":"<script> [1562 bytes]","args":[{"selector":{"id":"shellAppTitle"},"wdio_ui5_key":"shellAppTitle"}]}
RESULT: {"script":"<script> [1562 bytes]","args":[{"selector":{"id":"shellAppTitle"},"wdio_ui5_key":"shellAppTitle"}]}
COMMAND: POST /session/20b6aef6e750aa7409fc9696fccbb445/execute/async - {"script":"<script> [6424 bytes]","args":[{"element-6066-11e4-a52e-4f735466cecf":"f.B90319AF98E1C12EEAFDBCD1A3AC4501.d.C032619DAD49644BF568ABDC85E6D10E.e.4928"},"getTitle",[]]}
RESULT: {"script":"<script> [6424 bytes]","args":[{"element-6066-11e4-a52e-4f735466cecf":"f.B90319AF98E1C12EEAFDBCD1A3AC4501.d.C032619DAD49644BF568ABDC85E6D10E.e.4928"},"getTitle",[]]}
RESULT: undefined
COMMAND: POST /session/20b6aef6e750aa7409fc9696fccbb445/element/f.B90319AF98E1C12EEAFDBCD1A3AC4501.d.C032619DAD49644BF568ABDC85E6D10E.e.4740/click - {}
COMMAND: POST /session/20b6aef6e750aa7409fc9696fccbb445/element - {"using":"xpath","value":"//*[@id=\"backBtn\"]"}
RESULT: {"using":"xpath","value":"//*[@id=\"backBtn\"]"}
COMMAND: POST /session/20b6aef6e750aa7409fc9696fccbb445/element/f.B90319AF98E1C12EEAFDBCD1A3AC4501.d.C032619DAD49644BF568ABDC85E6D10E.e.4740/click - {}
COMMAND: POST /session/20b6aef6e750aa7409fc9696fccbb445/element - {"using":"xpath","value":"//*[@id=\"backBtn\"]"}
RESULT: {"using":"xpath","value":"//*[@id=\"backBtn\"]"}
COMMAND: POST /session/20b6aef6e750aa7409fc9696fccbb445/element/f.B90319AF98E1C12EEAFDBCD1A3AC4501.d.C032619DAD49644BF568ABDC85E6D10E.e.4929/click - {}
RESULT: {}
COMMAND: GET /session/20b6aef6e750aa7409fc9696fccbb445/screenshot - {}
RESULT: {}
]]></system-out>
    </testcase>
    <testcase classname="chrome.136_0_7103_93.windows.Sanity_Tests_US104253" name="Should open Schedule Jobs page" time="36.241">
      <system-out><![CDATA[
COMMAND: POST /session/20b6aef6e750aa7409fc9696fccbb445/execute/async - {"script":"<script> [1562 bytes]","args":[{"selector":{"controlType":"sap.m.GenericTile","properties":{"header":"Schedule Jobs"}},"wdio_ui5_key":"sapm.GenericTile{\"header\":\"Schedule Jobs\"}"}]}
RESULT: {"script":"<script> [1562 bytes]","args":[{"selector":{"controlType":"sap.m.GenericTile","properties":{"header":"Schedule Jobs"}},"wdio_ui5_key":"sapm.GenericTile{\"header\":\"Schedule Jobs\"}"}]}
RESULT: undefined
COMMAND: POST /session/20b6aef6e750aa7409fc9696fccbb445/element - {"using":"xpath","value":"//*[@id=\"__tile127\"]"}
RESULT: {"using":"xpath","value":"//*[@id=\"__tile127\"]"}
COMMAND: POST /session/20b6aef6e750aa7409fc9696fccbb445/element/f.B90319AF98E1C12EEAFDBCD1A3AC4501.d.C032619DAD49644BF568ABDC85E6D10E.e.4933/click - {}
RESULT: {}
COMMAND: GET /session/20b6aef6e750aa7409fc9696fccbb445/screenshot - {}
RESULT: {}
COMMAND: POST /session/20b6aef6e750aa7409fc9696fccbb445/elements - {"using":"xpath","value":"//span[text()='Error']"}
RESULT: {"using":"xpath","value":"//span[text()='Error']"}
RESULT: undefined
COMMAND: POST /session/20b6aef6e750aa7409fc9696fccbb445/element - {"using":"xpath","value":"//*[@id=\"__tile127\"]"}
RESULT: {"using":"xpath","value":"//*[@id=\"__tile127\"]"}
COMMAND: POST /session/20b6aef6e750aa7409fc9696fccbb445/element/f.B90319AF98E1C12EEAFDBCD1A3AC4501.d.C032619DAD49644BF568ABDC85E6D10E.e.4933/click - {}
RESULT: undefined
COMMAND: POST /session/20b6aef6e750aa7409fc9696fccbb445/element - {"using":"xpath","value":"//*[@id=\"__tile127\"]"}
RESULT: {"using":"xpath","value":"//*[@id=\"__tile127\"]"}
COMMAND: POST /session/20b6aef6e750aa7409fc9696fccbb445/element/f.B90319AF98E1C12EEAFDBCD1A3AC4501.d.C032619DAD49644BF568ABDC85E6D10E.e.4933/click - {}
RESULT: undefined
COMMAND: POST /session/20b6aef6e750aa7409fc9696fccbb445/execute/async - {"script":"<script> [6424 bytes]","args":[{"element-6066-11e4-a52e-4f735466cecf":"f.B90319AF98E1C12EEAFDBCD1A3AC4501.d.C032619DAD49644BF568ABDC85E6D10E.e.290"},"getTitle",[]]}
COMMAND: POST /session/20b6aef6e750aa7409fc9696fccbb445/execute/async - {"script":"<script> [1562 bytes]","args":[{"selector":{"id":"shellAppTitle"},"wdio_ui5_key":"shellAppTitle"}]}
RESULT: {"script":"<script> [1562 bytes]","args":[{"selector":{"id":"shellAppTitle"},"wdio_ui5_key":"shellAppTitle"}]}
COMMAND: POST /session/20b6aef6e750aa7409fc9696fccbb445/execute/async - {"script":"<script> [6424 bytes]","args":[{"element-6066-11e4-a52e-4f735466cecf":"f.B90319AF98E1C12EEAFDBCD1A3AC4501.d.C032619DAD49644BF568ABDC85E6D10E.e.4978"},"getTitle",[]]}
RESULT: {"script":"<script> [6424 bytes]","args":[{"element-6066-11e4-a52e-4f735466cecf":"f.B90319AF98E1C12EEAFDBCD1A3AC4501.d.C032619DAD49644BF568ABDC85E6D10E.e.4978"},"getTitle",[]]}
RESULT: undefined
COMMAND: POST /session/20b6aef6e750aa7409fc9696fccbb445/element/f.B90319AF98E1C12EEAFDBCD1A3AC4501.d.C032619DAD49644BF568ABDC85E6D10E.e.4929/click - {}
COMMAND: POST /session/20b6aef6e750aa7409fc9696fccbb445/element/f.B90319AF98E1C12EEAFDBCD1A3AC4501.d.C032619DAD49644BF568ABDC85E6D10E.e.4929/click - {}
RESULT: {}
COMMAND: GET /session/20b6aef6e750aa7409fc9696fccbb445/screenshot - {}
COMMAND: POST /session/20b6aef6e750aa7409fc9696fccbb445/element - {"using":"xpath","value":"//*[@id=\"backBtn\"]"}
RESULT: {}
RESULT: {"using":"xpath","value":"//*[@id=\"backBtn\"]"}
COMMAND: POST /session/20b6aef6e750aa7409fc9696fccbb445/elements - {"using":"xpath","value":"//*[@id=\"backBtn\"]"}
RESULT: {"using":"xpath","value":"//*[@id=\"backBtn\"]"}
COMMAND: POST /session/20b6aef6e750aa7409fc9696fccbb445/elements - {"using":"xpath","value":"//*[@id=\"backBtn\"]"}
RESULT: {"using":"xpath","value":"//*[@id=\"backBtn\"]"}
COMMAND: POST /session/20b6aef6e750aa7409fc9696fccbb445/elements - {"using":"xpath","value":"//*[@id=\"backBtn\"]"}
RESULT: {"using":"xpath","value":"//*[@id=\"backBtn\"]"}
COMMAND: POST /session/20b6aef6e750aa7409fc9696fccbb445/elements - {"using":"xpath","value":"//*[@id=\"backBtn\"]"}
RESULT: {"using":"xpath","value":"//*[@id=\"backBtn\"]"}
COMMAND: POST /session/20b6aef6e750aa7409fc9696fccbb445/elements - {"using":"xpath","value":"//*[@id=\"backBtn\"]"}
RESULT: {"using":"xpath","value":"//*[@id=\"backBtn\"]"}
COMMAND: POST /session/20b6aef6e750aa7409fc9696fccbb445/elements - {"using":"xpath","value":"//*[@id=\"backBtn\"]"}
RESULT: {"using":"xpath","value":"//*[@id=\"backBtn\"]"}
COMMAND: POST /session/20b6aef6e750aa7409fc9696fccbb445/elements - {"using":"xpath","value":"//*[@id=\"backBtn\"]"}
RESULT: {"using":"xpath","value":"//*[@id=\"backBtn\"]"}
COMMAND: POST /session/20b6aef6e750aa7409fc9696fccbb445/elements - {"using":"xpath","value":"//*[@id=\"backBtn\"]"}
RESULT: {"using":"xpath","value":"//*[@id=\"backBtn\"]"}
COMMAND: POST /session/20b6aef6e750aa7409fc9696fccbb445/elements - {"using":"xpath","value":"//*[@id=\"backBtn\"]"}
RESULT: {"using":"xpath","value":"//*[@id=\"backBtn\"]"}
COMMAND: POST /session/20b6aef6e750aa7409fc9696fccbb445/elements - {"using":"xpath","value":"//*[@id=\"backBtn\"]"}
RESULT: {"using":"xpath","value":"//*[@id=\"backBtn\"]"}
COMMAND: POST /session/20b6aef6e750aa7409fc9696fccbb445/elements - {"using":"xpath","value":"//*[@id=\"backBtn\"]"}
RESULT: {"using":"xpath","value":"//*[@id=\"backBtn\"]"}
COMMAND: POST /session/20b6aef6e750aa7409fc9696fccbb445/elements - {"using":"xpath","value":"//*[@id=\"backBtn\"]"}
RESULT: {"using":"xpath","value":"//*[@id=\"backBtn\"]"}
COMMAND: POST /session/20b6aef6e750aa7409fc9696fccbb445/elements - {"using":"xpath","value":"//*[@id=\"backBtn\"]"}
RESULT: {"using":"xpath","value":"//*[@id=\"backBtn\"]"}
COMMAND: POST /session/20b6aef6e750aa7409fc9696fccbb445/elements - {"using":"xpath","value":"//*[@id=\"backBtn\"]"}
RESULT: {"using":"xpath","value":"//*[@id=\"backBtn\"]"}
COMMAND: POST /session/20b6aef6e750aa7409fc9696fccbb445/elements - {"using":"xpath","value":"//*[@id=\"backBtn\"]"}
RESULT: {"using":"xpath","value":"//*[@id=\"backBtn\"]"}
COMMAND: POST /session/20b6aef6e750aa7409fc9696fccbb445/elements - {"using":"xpath","value":"//*[@id=\"backBtn\"]"}
RESULT: {"using":"xpath","value":"//*[@id=\"backBtn\"]"}
COMMAND: POST /session/20b6aef6e750aa7409fc9696fccbb445/elements - {"using":"xpath","value":"//*[@id=\"backBtn\"]"}
RESULT: {"using":"xpath","value":"//*[@id=\"backBtn\"]"}
COMMAND: POST /session/20b6aef6e750aa7409fc9696fccbb445/elements - {"using":"xpath","value":"//*[@id=\"backBtn\"]"}
RESULT: {"using":"xpath","value":"//*[@id=\"backBtn\"]"}
COMMAND: POST /session/20b6aef6e750aa7409fc9696fccbb445/elements - {"using":"xpath","value":"//*[@id=\"backBtn\"]"}
RESULT: {"using":"xpath","value":"//*[@id=\"backBtn\"]"}
]]></system-out>
    </testcase>
    <testcase classname="chrome.136_0_7103_93.windows.Sanity_Tests_US104253" name="Should open Jobs Setup page" time="36.188">
      <system-out><![CDATA[
COMMAND: POST /session/20b6aef6e750aa7409fc9696fccbb445/execute/async - {"script":"<script> [1562 bytes]","args":[{"selector":{"controlType":"sap.m.GenericTile","properties":{"header":"Jobs Setup"}},"wdio_ui5_key":"sapm.GenericTile{\"header\":\"Jobs Setup\"}"}]}
COMMAND: POST /session/20b6aef6e750aa7409fc9696fccbb445/elements - {"using":"xpath","value":"//*[@id=\"backBtn\"]"}
RESULT: {"script":"<script> [1562 bytes]","args":[{"selector":{"controlType":"sap.m.GenericTile","properties":{"header":"Jobs Setup"}},"wdio_ui5_key":"sapm.GenericTile{\"header\":\"Jobs Setup\"}"}]}
RESULT: undefined
COMMAND: POST /session/20b6aef6e750aa7409fc9696fccbb445/element - {"using":"xpath","value":"//*[@id=\"__tile128\"]"}
RESULT: {"using":"xpath","value":"//*[@id=\"backBtn\"]"}
RESULT: {"using":"xpath","value":"//*[@id=\"__tile128\"]"}
COMMAND: POST /session/20b6aef6e750aa7409fc9696fccbb445/element/f.B90319AF98E1C12EEAFDBCD1A3AC4501.d.C032619DAD49644BF568ABDC85E6D10E.e.4980/click - {}
COMMAND: POST /session/20b6aef6e750aa7409fc9696fccbb445/elements - {"using":"xpath","value":"//*[@id=\"backBtn\"]"}
RESULT: {}
COMMAND: GET /session/20b6aef6e750aa7409fc9696fccbb445/screenshot - {}
RESULT: {"using":"xpath","value":"//*[@id=\"backBtn\"]"}
COMMAND: POST /session/20b6aef6e750aa7409fc9696fccbb445/elements - {"using":"xpath","value":"//*[@id=\"backBtn\"]"}
RESULT: {}
RESULT: {"using":"xpath","value":"//*[@id=\"backBtn\"]"}
COMMAND: POST /session/20b6aef6e750aa7409fc9696fccbb445/element - {"using":"xpath","value":"//*[@id=\"backBtn\"]"}
RESULT: {"using":"xpath","value":"//*[@id=\"backBtn\"]"}
COMMAND: POST /session/20b6aef6e750aa7409fc9696fccbb445/element/f.B90319AF98E1C12EEAFDBCD1A3AC4501.d.C032619DAD49644BF568ABDC85E6D10E.e.4929/click - {}
COMMAND: POST /session/20b6aef6e750aa7409fc9696fccbb445/element - {"using":"xpath","value":"//*[@id=\"backBtn\"]"}
RESULT: {"using":"xpath","value":"//*[@id=\"backBtn\"]"}
COMMAND: POST /session/20b6aef6e750aa7409fc9696fccbb445/element/f.B90319AF98E1C12EEAFDBCD1A3AC4501.d.C032619DAD49644BF568ABDC85E6D10E.e.5165/click - {}
RESULT: {}
COMMAND: GET /session/20b6aef6e750aa7409fc9696fccbb445/screenshot - {}
RESULT: {}
COMMAND: POST /session/20b6aef6e750aa7409fc9696fccbb445/elements - {"using":"xpath","value":"//span[text()='Error']"}
RESULT: {"using":"xpath","value":"//span[text()='Error']"}
RESULT: undefined
COMMAND: POST /session/20b6aef6e750aa7409fc9696fccbb445/element - {"using":"xpath","value":"//*[@id=\"__tile128\"]"}
RESULT: {"using":"xpath","value":"//*[@id=\"__tile128\"]"}
COMMAND: POST /session/20b6aef6e750aa7409fc9696fccbb445/element/f.B90319AF98E1C12EEAFDBCD1A3AC4501.d.C032619DAD49644BF568ABDC85E6D10E.e.4980/click - {}
RESULT: undefined
COMMAND: POST /session/20b6aef6e750aa7409fc9696fccbb445/element - {"using":"xpath","value":"//*[@id=\"__tile128\"]"}
RESULT: {"using":"xpath","value":"//*[@id=\"__tile128\"]"}
COMMAND: POST /session/20b6aef6e750aa7409fc9696fccbb445/element/f.B90319AF98E1C12EEAFDBCD1A3AC4501.d.C032619DAD49644BF568ABDC85E6D10E.e.4980/click - {}
RESULT: undefined
COMMAND: POST /session/20b6aef6e750aa7409fc9696fccbb445/execute/async - {"script":"<script> [6424 bytes]","args":[{"element-6066-11e4-a52e-4f735466cecf":"f.B90319AF98E1C12EEAFDBCD1A3AC4501.d.C032619DAD49644BF568ABDC85E6D10E.e.290"},"getTitle",[]]}
COMMAND: POST /session/20b6aef6e750aa7409fc9696fccbb445/execute/async - {"script":"<script> [1562 bytes]","args":[{"selector":{"id":"shellAppTitle"},"wdio_ui5_key":"shellAppTitle"}]}
RESULT: {"script":"<script> [1562 bytes]","args":[{"selector":{"id":"shellAppTitle"},"wdio_ui5_key":"shellAppTitle"}]}
COMMAND: POST /session/20b6aef6e750aa7409fc9696fccbb445/execute/async - {"script":"<script> [6424 bytes]","args":[{"element-6066-11e4-a52e-4f735466cecf":"f.B90319AF98E1C12EEAFDBCD1A3AC4501.d.C032619DAD49644BF568ABDC85E6D10E.e.5166"},"getTitle",[]]}
RESULT: {"script":"<script> [6424 bytes]","args":[{"element-6066-11e4-a52e-4f735466cecf":"f.B90319AF98E1C12EEAFDBCD1A3AC4501.d.C032619DAD49644BF568ABDC85E6D10E.e.5166"},"getTitle",[]]}
RESULT: undefined
COMMAND: POST /session/20b6aef6e750aa7409fc9696fccbb445/element/f.B90319AF98E1C12EEAFDBCD1A3AC4501.d.C032619DAD49644BF568ABDC85E6D10E.e.5165/click - {}
COMMAND: POST /session/20b6aef6e750aa7409fc9696fccbb445/element/f.B90319AF98E1C12EEAFDBCD1A3AC4501.d.C032619DAD49644BF568ABDC85E6D10E.e.5165/click - {}
RESULT: {}
COMMAND: GET /session/20b6aef6e750aa7409fc9696fccbb445/screenshot - {}
RESULT: {}
COMMAND: GET /session/20b6aef6e750aa7409fc9696fccbb445/screenshot - {}
RESULT: {}
RESULT: {}
]]></system-out>
    </testcase>
    <testcase classname="chrome.136_0_7103_93.windows.Sanity_Tests_US104253" name="Should open Target Systems Configuration page" time="36.264">
      <system-out><![CDATA[
COMMAND: POST /session/20b6aef6e750aa7409fc9696fccbb445/execute/async - {"script":"<script> [1562 bytes]","args":[{"selector":{"controlType":"sap.m.GenericTile","properties":{"header":"Target Systems Configuration"}},"wdio_ui5_key":"sapm.GenericTile{\"header\":\"Target Systems Configuration\"}"}]}
RESULT: {"script":"<script> [1562 bytes]","args":[{"selector":{"controlType":"sap.m.GenericTile","properties":{"header":"Target Systems Configuration"}},"wdio_ui5_key":"sapm.GenericTile{\"header\":\"Target Systems Configuration\"}"}]}
RESULT: undefined
COMMAND: POST /session/20b6aef6e750aa7409fc9696fccbb445/element - {"using":"xpath","value":"//*[@id=\"__tile129\"]"}
RESULT: {"using":"xpath","value":"//*[@id=\"__tile129\"]"}
COMMAND: POST /session/20b6aef6e750aa7409fc9696fccbb445/element/f.B90319AF98E1C12EEAFDBCD1A3AC4501.d.C032619DAD49644BF568ABDC85E6D10E.e.5168/click - {}
RESULT: {}
COMMAND: GET /session/20b6aef6e750aa7409fc9696fccbb445/screenshot - {}
RESULT: {}
COMMAND: POST /session/20b6aef6e750aa7409fc9696fccbb445/elements - {"using":"xpath","value":"//span[text()='Error']"}
RESULT: {"using":"xpath","value":"//span[text()='Error']"}
RESULT: undefined
COMMAND: POST /session/20b6aef6e750aa7409fc9696fccbb445/element - {"using":"xpath","value":"//*[@id=\"__tile129\"]"}
RESULT: {"using":"xpath","value":"//*[@id=\"__tile129\"]"}
COMMAND: POST /session/20b6aef6e750aa7409fc9696fccbb445/element/f.B90319AF98E1C12EEAFDBCD1A3AC4501.d.C032619DAD49644BF568ABDC85E6D10E.e.5168/click - {}
RESULT: undefined
COMMAND: POST /session/20b6aef6e750aa7409fc9696fccbb445/element - {"using":"xpath","value":"//*[@id=\"__tile129\"]"}
RESULT: {"using":"xpath","value":"//*[@id=\"__tile129\"]"}
COMMAND: POST /session/20b6aef6e750aa7409fc9696fccbb445/element/f.B90319AF98E1C12EEAFDBCD1A3AC4501.d.C032619DAD49644BF568ABDC85E6D10E.e.5168/click - {}
RESULT: undefined
COMMAND: POST /session/20b6aef6e750aa7409fc9696fccbb445/execute/async - {"script":"<script> [6424 bytes]","args":[{"element-6066-11e4-a52e-4f735466cecf":"f.B90319AF98E1C12EEAFDBCD1A3AC4501.d.C032619DAD49644BF568ABDC85E6D10E.e.290"},"getTitle",[]]}
COMMAND: POST /session/20b6aef6e750aa7409fc9696fccbb445/execute/async - {"script":"<script> [1562 bytes]","args":[{"selector":{"id":"shellAppTitle"},"wdio_ui5_key":"shellAppTitle"}]}
RESULT: {"script":"<script> [1562 bytes]","args":[{"selector":{"id":"shellAppTitle"},"wdio_ui5_key":"shellAppTitle"}]}
COMMAND: POST /session/20b6aef6e750aa7409fc9696fccbb445/execute/async - {"script":"<script> [6424 bytes]","args":[{"element-6066-11e4-a52e-4f735466cecf":"f.B90319AF98E1C12EEAFDBCD1A3AC4501.d.C032619DAD49644BF568ABDC85E6D10E.e.5221"},"getTitle",[]]}
RESULT: {"script":"<script> [6424 bytes]","args":[{"element-6066-11e4-a52e-4f735466cecf":"f.B90319AF98E1C12EEAFDBCD1A3AC4501.d.C032619DAD49644BF568ABDC85E6D10E.e.5221"},"getTitle",[]]}
RESULT: undefined
COMMAND: POST /session/20b6aef6e750aa7409fc9696fccbb445/element/f.B90319AF98E1C12EEAFDBCD1A3AC4501.d.C032619DAD49644BF568ABDC85E6D10E.e.5165/click - {}
COMMAND: POST /session/20b6aef6e750aa7409fc9696fccbb445/element/f.B90319AF98E1C12EEAFDBCD1A3AC4501.d.C032619DAD49644BF568ABDC85E6D10E.e.5165/click - {}
RESULT: {}
COMMAND: GET /session/20b6aef6e750aa7409fc9696fccbb445/screenshot - {}
COMMAND: POST /session/20b6aef6e750aa7409fc9696fccbb445/element - {"using":"xpath","value":"//*[@id=\"backBtn\"]"}
RESULT: {}
RESULT: {"using":"xpath","value":"//*[@id=\"backBtn\"]"}
COMMAND: POST /session/20b6aef6e750aa7409fc9696fccbb445/elements - {"using":"xpath","value":"//*[@id=\"backBtn\"]"}
RESULT: {"using":"xpath","value":"//*[@id=\"backBtn\"]"}
COMMAND: POST /session/20b6aef6e750aa7409fc9696fccbb445/elements - {"using":"xpath","value":"//*[@id=\"backBtn\"]"}
RESULT: {"using":"xpath","value":"//*[@id=\"backBtn\"]"}
COMMAND: POST /session/20b6aef6e750aa7409fc9696fccbb445/elements - {"using":"xpath","value":"//*[@id=\"backBtn\"]"}
RESULT: {"using":"xpath","value":"//*[@id=\"backBtn\"]"}
COMMAND: POST /session/20b6aef6e750aa7409fc9696fccbb445/elements - {"using":"xpath","value":"//*[@id=\"backBtn\"]"}
RESULT: {"using":"xpath","value":"//*[@id=\"backBtn\"]"}
COMMAND: POST /session/20b6aef6e750aa7409fc9696fccbb445/elements - {"using":"xpath","value":"//*[@id=\"backBtn\"]"}
RESULT: {"using":"xpath","value":"//*[@id=\"backBtn\"]"}
COMMAND: POST /session/20b6aef6e750aa7409fc9696fccbb445/elements - {"using":"xpath","value":"//*[@id=\"backBtn\"]"}
RESULT: {"using":"xpath","value":"//*[@id=\"backBtn\"]"}
COMMAND: POST /session/20b6aef6e750aa7409fc9696fccbb445/elements - {"using":"xpath","value":"//*[@id=\"backBtn\"]"}
RESULT: {"using":"xpath","value":"//*[@id=\"backBtn\"]"}
COMMAND: POST /session/20b6aef6e750aa7409fc9696fccbb445/elements - {"using":"xpath","value":"//*[@id=\"backBtn\"]"}
RESULT: {"using":"xpath","value":"//*[@id=\"backBtn\"]"}
COMMAND: POST /session/20b6aef6e750aa7409fc9696fccbb445/elements - {"using":"xpath","value":"//*[@id=\"backBtn\"]"}
RESULT: {"using":"xpath","value":"//*[@id=\"backBtn\"]"}
COMMAND: POST /session/20b6aef6e750aa7409fc9696fccbb445/elements - {"using":"xpath","value":"//*[@id=\"backBtn\"]"}
RESULT: {"using":"xpath","value":"//*[@id=\"backBtn\"]"}
COMMAND: POST /session/20b6aef6e750aa7409fc9696fccbb445/elements - {"using":"xpath","value":"//*[@id=\"backBtn\"]"}
RESULT: {"using":"xpath","value":"//*[@id=\"backBtn\"]"}
COMMAND: POST /session/20b6aef6e750aa7409fc9696fccbb445/elements - {"using":"xpath","value":"//*[@id=\"backBtn\"]"}
RESULT: {"using":"xpath","value":"//*[@id=\"backBtn\"]"}
COMMAND: POST /session/20b6aef6e750aa7409fc9696fccbb445/elements - {"using":"xpath","value":"//*[@id=\"backBtn\"]"}
RESULT: {"using":"xpath","value":"//*[@id=\"backBtn\"]"}
COMMAND: POST /session/20b6aef6e750aa7409fc9696fccbb445/elements - {"using":"xpath","value":"//*[@id=\"backBtn\"]"}
RESULT: {"using":"xpath","value":"//*[@id=\"backBtn\"]"}
COMMAND: POST /session/20b6aef6e750aa7409fc9696fccbb445/elements - {"using":"xpath","value":"//*[@id=\"backBtn\"]"}
RESULT: {"using":"xpath","value":"//*[@id=\"backBtn\"]"}
COMMAND: POST /session/20b6aef6e750aa7409fc9696fccbb445/elements - {"using":"xpath","value":"//*[@id=\"backBtn\"]"}
RESULT: {"using":"xpath","value":"//*[@id=\"backBtn\"]"}
COMMAND: POST /session/20b6aef6e750aa7409fc9696fccbb445/elements - {"using":"xpath","value":"//*[@id=\"backBtn\"]"}
RESULT: {"using":"xpath","value":"//*[@id=\"backBtn\"]"}
COMMAND: POST /session/20b6aef6e750aa7409fc9696fccbb445/elements - {"using":"xpath","value":"//*[@id=\"backBtn\"]"}
RESULT: {"using":"xpath","value":"//*[@id=\"backBtn\"]"}
COMMAND: POST /session/20b6aef6e750aa7409fc9696fccbb445/elements - {"using":"xpath","value":"//*[@id=\"backBtn\"]"}
RESULT: {"using":"xpath","value":"//*[@id=\"backBtn\"]"}
COMMAND: POST /session/20b6aef6e750aa7409fc9696fccbb445/elements - {"using":"xpath","value":"//*[@id=\"backBtn\"]"}
RESULT: {"using":"xpath","value":"//*[@id=\"backBtn\"]"}
COMMAND: POST /session/20b6aef6e750aa7409fc9696fccbb445/elements - {"using":"xpath","value":"//*[@id=\"backBtn\"]"}
RESULT: {"using":"xpath","value":"//*[@id=\"backBtn\"]"}
COMMAND: POST /session/20b6aef6e750aa7409fc9696fccbb445/elements - {"using":"xpath","value":"//*[@id=\"backBtn\"]"}
RESULT: {"using":"xpath","value":"//*[@id=\"backBtn\"]"}
COMMAND: POST /session/20b6aef6e750aa7409fc9696fccbb445/elements - {"using":"xpath","value":"//*[@id=\"backBtn\"]"}
RESULT: {"using":"xpath","value":"//*[@id=\"backBtn\"]"}
COMMAND: POST /session/20b6aef6e750aa7409fc9696fccbb445/elements - {"using":"xpath","value":"//*[@id=\"backBtn\"]"}
RESULT: {"using":"xpath","value":"//*[@id=\"backBtn\"]"}
COMMAND: POST /session/20b6aef6e750aa7409fc9696fccbb445/elements - {"using":"xpath","value":"//*[@id=\"backBtn\"]"}
RESULT: {"using":"xpath","value":"//*[@id=\"backBtn\"]"}
COMMAND: POST /session/20b6aef6e750aa7409fc9696fccbb445/elements - {"using":"xpath","value":"//*[@id=\"backBtn\"]"}
RESULT: {"using":"xpath","value":"//*[@id=\"backBtn\"]"}
COMMAND: POST /session/20b6aef6e750aa7409fc9696fccbb445/elements - {"using":"xpath","value":"//*[@id=\"backBtn\"]"}
RESULT: {"using":"xpath","value":"//*[@id=\"backBtn\"]"}
COMMAND: POST /session/20b6aef6e750aa7409fc9696fccbb445/elements - {"using":"xpath","value":"//*[@id=\"backBtn\"]"}
RESULT: {"using":"xpath","value":"//*[@id=\"backBtn\"]"}
COMMAND: POST /session/20b6aef6e750aa7409fc9696fccbb445/elements - {"using":"xpath","value":"//*[@id=\"backBtn\"]"}
RESULT: {"using":"xpath","value":"//*[@id=\"backBtn\"]"}
COMMAND: POST /session/20b6aef6e750aa7409fc9696fccbb445/elements - {"using":"xpath","value":"//*[@id=\"backBtn\"]"}
RESULT: {"using":"xpath","value":"//*[@id=\"backBtn\"]"}
COMMAND: POST /session/20b6aef6e750aa7409fc9696fccbb445/elements - {"using":"xpath","value":"//*[@id=\"backBtn\"]"}
RESULT: {"using":"xpath","value":"//*[@id=\"backBtn\"]"}
COMMAND: POST /session/20b6aef6e750aa7409fc9696fccbb445/elements - {"using":"xpath","value":"//*[@id=\"backBtn\"]"}
RESULT: {"using":"xpath","value":"//*[@id=\"backBtn\"]"}
COMMAND: POST /session/20b6aef6e750aa7409fc9696fccbb445/elements - {"using":"xpath","value":"//*[@id=\"backBtn\"]"}
RESULT: {"using":"xpath","value":"//*[@id=\"backBtn\"]"}
COMMAND: POST /session/20b6aef6e750aa7409fc9696fccbb445/elements - {"using":"xpath","value":"//*[@id=\"backBtn\"]"}
RESULT: {"using":"xpath","value":"//*[@id=\"backBtn\"]"}
COMMAND: POST /session/20b6aef6e750aa7409fc9696fccbb445/elements - {"using":"xpath","value":"//*[@id=\"backBtn\"]"}
RESULT: {"using":"xpath","value":"//*[@id=\"backBtn\"]"}
COMMAND: POST /session/20b6aef6e750aa7409fc9696fccbb445/elements - {"using":"xpath","value":"//*[@id=\"backBtn\"]"}
RESULT: {"using":"xpath","value":"//*[@id=\"backBtn\"]"}
COMMAND: POST /session/20b6aef6e750aa7409fc9696fccbb445/elements - {"using":"xpath","value":"//*[@id=\"backBtn\"]"}
RESULT: {"using":"xpath","value":"//*[@id=\"backBtn\"]"}
COMMAND: POST /session/20b6aef6e750aa7409fc9696fccbb445/elements - {"using":"xpath","value":"//*[@id=\"backBtn\"]"}
RESULT: {"using":"xpath","value":"//*[@id=\"backBtn\"]"}
COMMAND: POST /session/20b6aef6e750aa7409fc9696fccbb445/elements - {"using":"xpath","value":"//*[@id=\"backBtn\"]"}
RESULT: {"using":"xpath","value":"//*[@id=\"backBtn\"]"}
COMMAND: DELETE /session/20b6aef6e750aa7409fc9696fccbb445 - {}
RESULT: {}
]]></system-out>
    </testcase>
  </testsuite>
</testsuites>